[f2d44e71-712b-4953-85b4-55186b2ca16b/Java 8 on ubuntu-latest] üöÄ  Start image=crawlergpt:latest
[f2d44e71-712b-4953-85b4-55186b2ca16b/Java 8 on ubuntu-latest]   üê≥  docker pull image=crawlergpt:latest platform= username= forcePull=false
[f2d44e71-712b-4953-85b4-55186b2ca16b/Java 8 on ubuntu-latest]   üê≥  docker create image=crawlergpt:latest platform= entrypoint=["tail" "-f" "/dev/null"] cmd=[]
[f2d44e71-712b-4953-85b4-55186b2ca16b/Java 8 on ubuntu-latest]   üê≥  docker run image=crawlergpt:latest platform= entrypoint=["tail" "-f" "/dev/null"] cmd=[]
[f2d44e71-712b-4953-85b4-55186b2ca16b/Java 8 on ubuntu-latest]   üê≥  docker exec cmd=[chown -R 1012:1013 /tmp/3c10d7a9-f05d-4ac0-b9d8-73b4af8311ff] user=0 workdir=
[f2d44e71-712b-4953-85b4-55186b2ca16b/Java 8 on ubuntu-latest] unable to get git ref: failed to identify reference (tag/branch) for the checked-out revision 'b2114c7d5a0a001ccccf8e1498c54d0b3e5c9016'
[f2d44e71-712b-4953-85b4-55186b2ca16b/Java 8 on ubuntu-latest] unable to get git ref: failed to identify reference (tag/branch) for the checked-out revision 'b2114c7d5a0a001ccccf8e1498c54d0b3e5c9016'
[f2d44e71-712b-4953-85b4-55186b2ca16b/Java 8 on ubuntu-latest] unable to get git ref: failed to identify reference (tag/branch) for the checked-out revision 'b2114c7d5a0a001ccccf8e1498c54d0b3e5c9016'
[f2d44e71-712b-4953-85b4-55186b2ca16b/Java 8 on ubuntu-latest] unable to get git ref: failed to identify reference (tag/branch) for the checked-out revision 'b2114c7d5a0a001ccccf8e1498c54d0b3e5c9016'
[f2d44e71-712b-4953-85b4-55186b2ca16b/Java 8 on ubuntu-latest] üß™  Matrix: map[java:8 os:ubuntu-latest]
[f2d44e71-712b-4953-85b4-55186b2ca16b/Java 8 on ubuntu-latest] unable to get git ref: failed to identify reference (tag/branch) for the checked-out revision 'b2114c7d5a0a001ccccf8e1498c54d0b3e5c9016'
[f2d44e71-712b-4953-85b4-55186b2ca16b/Java 8 on ubuntu-latest] unable to get git ref: failed to identify reference (tag/branch) for the checked-out revision 'b2114c7d5a0a001ccccf8e1498c54d0b3e5c9016'
[f2d44e71-712b-4953-85b4-55186b2ca16b/Java 8 on ubuntu-latest] unable to get git ref: failed to identify reference (tag/branch) for the checked-out revision 'b2114c7d5a0a001ccccf8e1498c54d0b3e5c9016'
[f2d44e71-712b-4953-85b4-55186b2ca16b/Java 8 on ubuntu-latest] unable to get git ref: failed to identify reference (tag/branch) for the checked-out revision 'b2114c7d5a0a001ccccf8e1498c54d0b3e5c9016'
[f2d44e71-712b-4953-85b4-55186b2ca16b/Java 8 on ubuntu-latest] unable to get git ref: failed to identify reference (tag/branch) for the checked-out revision 'b2114c7d5a0a001ccccf8e1498c54d0b3e5c9016'
[f2d44e71-712b-4953-85b4-55186b2ca16b/Java 8 on ubuntu-latest] unable to get git ref: failed to identify reference (tag/branch) for the checked-out revision 'b2114c7d5a0a001ccccf8e1498c54d0b3e5c9016'
[f2d44e71-712b-4953-85b4-55186b2ca16b/Java 8 on ubuntu-latest] ‚≠ê Run Main actions/checkout@v2
[f2d44e71-712b-4953-85b4-55186b2ca16b/Java 8 on ubuntu-latest] unable to get git ref: failed to identify reference (tag/branch) for the checked-out revision 'b2114c7d5a0a001ccccf8e1498c54d0b3e5c9016'
[f2d44e71-712b-4953-85b4-55186b2ca16b/Java 8 on ubuntu-latest]   ‚úÖ  Success - Main actions/checkout@v2
[f2d44e71-712b-4953-85b4-55186b2ca16b/Java 8 on ubuntu-latest] unable to get git ref: failed to identify reference (tag/branch) for the checked-out revision 'b2114c7d5a0a001ccccf8e1498c54d0b3e5c9016'
[f2d44e71-712b-4953-85b4-55186b2ca16b/Java 8 on ubuntu-latest] unable to get git ref: failed to identify reference (tag/branch) for the checked-out revision 'b2114c7d5a0a001ccccf8e1498c54d0b3e5c9016'
[f2d44e71-712b-4953-85b4-55186b2ca16b/Java 8 on ubuntu-latest] unable to get git ref: failed to identify reference (tag/branch) for the checked-out revision 'b2114c7d5a0a001ccccf8e1498c54d0b3e5c9016'
[f2d44e71-712b-4953-85b4-55186b2ca16b/Java 8 on ubuntu-latest] unable to get git ref: failed to identify reference (tag/branch) for the checked-out revision 'b2114c7d5a0a001ccccf8e1498c54d0b3e5c9016'
[f2d44e71-712b-4953-85b4-55186b2ca16b/Java 8 on ubuntu-latest] unable to get git ref: failed to identify reference (tag/branch) for the checked-out revision 'b2114c7d5a0a001ccccf8e1498c54d0b3e5c9016'
[f2d44e71-712b-4953-85b4-55186b2ca16b/Java 8 on ubuntu-latest] ‚≠ê Run Main Setup Java
[f2d44e71-712b-4953-85b4-55186b2ca16b/Java 8 on ubuntu-latest] unable to get git ref: failed to identify reference (tag/branch) for the checked-out revision 'b2114c7d5a0a001ccccf8e1498c54d0b3e5c9016'
[f2d44e71-712b-4953-85b4-55186b2ca16b/Java 8 on ubuntu-latest] unable to get git ref: failed to identify reference (tag/branch) for the checked-out revision 'b2114c7d5a0a001ccccf8e1498c54d0b3e5c9016'
[f2d44e71-712b-4953-85b4-55186b2ca16b/Java 8 on ubuntu-latest] unable to get git ref: failed to identify reference (tag/branch) for the checked-out revision 'b2114c7d5a0a001ccccf8e1498c54d0b3e5c9016'
[f2d44e71-712b-4953-85b4-55186b2ca16b/Java 8 on ubuntu-latest]   üê≥  docker cp src=/tmp/act-cache/4a3db368-0773-4904-b881-65fbb00ca7ea/act/actions-setup-java@v2/ dst=/var/run/act/actions/actions-setup-java@v2/
[f2d44e71-712b-4953-85b4-55186b2ca16b/Java 8 on ubuntu-latest]   üê≥  docker exec cmd=[chown -R 1012:1013 /var/run/act/actions/actions-setup-java@v2/] user=0 workdir=
[f2d44e71-712b-4953-85b4-55186b2ca16b/Java 8 on ubuntu-latest]   üê≥  docker exec cmd=[node /var/run/act/actions/actions-setup-java@v2/dist/setup/index.js] user= workdir=
[f2d44e71-712b-4953-85b4-55186b2ca16b/Java 8 on ubuntu-latest]   üí¨  ::debug::isExplicit: 11.0.11-9
[f2d44e71-712b-4953-85b4-55186b2ca16b/Java 8 on ubuntu-latest]   üí¨  ::debug::explicit? true
[f2d44e71-712b-4953-85b4-55186b2ca16b/Java 8 on ubuntu-latest]   üí¨  ::debug::isExplicit: 8.0.292-1
[f2d44e71-712b-4953-85b4-55186b2ca16b/Java 8 on ubuntu-latest]   üí¨  ::debug::explicit? true
[f2d44e71-712b-4953-85b4-55186b2ca16b/Java 8 on ubuntu-latest]   | Resolved Java 8.0.292+1 from tool-cache
[f2d44e71-712b-4953-85b4-55186b2ca16b/Java 8 on ubuntu-latest]   | Setting Java 8.0.292+1 as the default
[f2d44e71-712b-4953-85b4-55186b2ca16b/Java 8 on ubuntu-latest]   | 
[f2d44e71-712b-4953-85b4-55186b2ca16b/Java 8 on ubuntu-latest]   | Java configuration:
[f2d44e71-712b-4953-85b4-55186b2ca16b/Java 8 on ubuntu-latest]   |   Distribution: adopt
[f2d44e71-712b-4953-85b4-55186b2ca16b/Java 8 on ubuntu-latest]   |   Version: 8.0.292+1
[f2d44e71-712b-4953-85b4-55186b2ca16b/Java 8 on ubuntu-latest]   |   Path: /opt/hostedtoolcache/Java_Adopt_jdk/8.0.292-1/x64
[f2d44e71-712b-4953-85b4-55186b2ca16b/Java 8 on ubuntu-latest]   | 
[f2d44e71-712b-4953-85b4-55186b2ca16b/Java 8 on ubuntu-latest]   ‚ùì add-matcher /run/act/actions/actions-setup-java@v2/.github/java.json
[f2d44e71-712b-4953-85b4-55186b2ca16b/Java 8 on ubuntu-latest]   | Creating settings.xml with server-id: github
[f2d44e71-712b-4953-85b4-55186b2ca16b/Java 8 on ubuntu-latest]   | Writing to /home/runneradmin/.m2/settings.xml
[f2d44e71-712b-4953-85b4-55186b2ca16b/Java 8 on ubuntu-latest]   ‚úÖ  Success - Main Setup Java
[f2d44e71-712b-4953-85b4-55186b2ca16b/Java 8 on ubuntu-latest]   ‚öô  ::set-env:: JAVA_HOME=/opt/hostedtoolcache/Java_Adopt_jdk/8.0.292-1/x64
[f2d44e71-712b-4953-85b4-55186b2ca16b/Java 8 on ubuntu-latest]   ‚öô  ::set-output:: distribution=Adopt-Hotspot
[f2d44e71-712b-4953-85b4-55186b2ca16b/Java 8 on ubuntu-latest]   ‚öô  ::set-output:: path=/opt/hostedtoolcache/Java_Adopt_jdk/8.0.292-1/x64
[f2d44e71-712b-4953-85b4-55186b2ca16b/Java 8 on ubuntu-latest]   ‚öô  ::set-output:: version=8.0.292+1
[f2d44e71-712b-4953-85b4-55186b2ca16b/Java 8 on ubuntu-latest]   ‚öô  ::add-path:: /opt/hostedtoolcache/Java_Adopt_jdk/8.0.292-1/x64/bin
[f2d44e71-712b-4953-85b4-55186b2ca16b/Java 8 on ubuntu-latest] unable to get git ref: failed to identify reference (tag/branch) for the checked-out revision 'b2114c7d5a0a001ccccf8e1498c54d0b3e5c9016'
[f2d44e71-712b-4953-85b4-55186b2ca16b/Java 8 on ubuntu-latest] unable to get git ref: failed to identify reference (tag/branch) for the checked-out revision 'b2114c7d5a0a001ccccf8e1498c54d0b3e5c9016'
[f2d44e71-712b-4953-85b4-55186b2ca16b/Java 8 on ubuntu-latest] unable to get git ref: failed to identify reference (tag/branch) for the checked-out revision 'b2114c7d5a0a001ccccf8e1498c54d0b3e5c9016'
[f2d44e71-712b-4953-85b4-55186b2ca16b/Java 8 on ubuntu-latest] unable to get git ref: failed to identify reference (tag/branch) for the checked-out revision 'b2114c7d5a0a001ccccf8e1498c54d0b3e5c9016'
[f2d44e71-712b-4953-85b4-55186b2ca16b/Java 8 on ubuntu-latest] unable to get git ref: failed to identify reference (tag/branch) for the checked-out revision 'b2114c7d5a0a001ccccf8e1498c54d0b3e5c9016'
[f2d44e71-712b-4953-85b4-55186b2ca16b/Java 8 on ubuntu-latest] ‚≠ê Run Main Show version
[f2d44e71-712b-4953-85b4-55186b2ca16b/Java 8 on ubuntu-latest] unable to get git ref: failed to identify reference (tag/branch) for the checked-out revision 'b2114c7d5a0a001ccccf8e1498c54d0b3e5c9016'
[f2d44e71-712b-4953-85b4-55186b2ca16b/Java 8 on ubuntu-latest] unable to get git ref: failed to identify reference (tag/branch) for the checked-out revision 'b2114c7d5a0a001ccccf8e1498c54d0b3e5c9016'
[f2d44e71-712b-4953-85b4-55186b2ca16b/Java 8 on ubuntu-latest] unable to get git ref: failed to identify reference (tag/branch) for the checked-out revision 'b2114c7d5a0a001ccccf8e1498c54d0b3e5c9016'
[f2d44e71-712b-4953-85b4-55186b2ca16b/Java 8 on ubuntu-latest] unable to get git ref: failed to identify reference (tag/branch) for the checked-out revision 'b2114c7d5a0a001ccccf8e1498c54d0b3e5c9016'
[f2d44e71-712b-4953-85b4-55186b2ca16b/Java 8 on ubuntu-latest]   üê≥  docker exec cmd=[bash --noprofile --norc -e -o pipefail /var/run/act/workflow/2] user= workdir=
[f2d44e71-712b-4953-85b4-55186b2ca16b/Java 8 on ubuntu-latest]   | Apache Maven 3.8.2 (ea98e05a04480131370aa0c110b8c54cf726c06f)
[f2d44e71-712b-4953-85b4-55186b2ca16b/Java 8 on ubuntu-latest]   | Maven home: /usr/share/apache-maven-3.8.2
[f2d44e71-712b-4953-85b4-55186b2ca16b/Java 8 on ubuntu-latest]   | Java version: 1.8.0_292, vendor: AdoptOpenJDK, runtime: /usr/lib/jvm/adoptopenjdk-8-hotspot-amd64/jre
[f2d44e71-712b-4953-85b4-55186b2ca16b/Java 8 on ubuntu-latest]   | Default locale: en, platform encoding: UTF-8
[f2d44e71-712b-4953-85b4-55186b2ca16b/Java 8 on ubuntu-latest]   | OS name: "linux", version: "5.4.0-146-generic", arch: "amd64", family: "unix"
[f2d44e71-712b-4953-85b4-55186b2ca16b/Java 8 on ubuntu-latest]   ‚úÖ  Success - Main Show version
[f2d44e71-712b-4953-85b4-55186b2ca16b/Java 8 on ubuntu-latest] unable to get git ref: failed to identify reference (tag/branch) for the checked-out revision 'b2114c7d5a0a001ccccf8e1498c54d0b3e5c9016'
[f2d44e71-712b-4953-85b4-55186b2ca16b/Java 8 on ubuntu-latest] unable to get git ref: failed to identify reference (tag/branch) for the checked-out revision 'b2114c7d5a0a001ccccf8e1498c54d0b3e5c9016'
[f2d44e71-712b-4953-85b4-55186b2ca16b/Java 8 on ubuntu-latest] unable to get git ref: failed to identify reference (tag/branch) for the checked-out revision 'b2114c7d5a0a001ccccf8e1498c54d0b3e5c9016'
[f2d44e71-712b-4953-85b4-55186b2ca16b/Java 8 on ubuntu-latest] unable to get git ref: failed to identify reference (tag/branch) for the checked-out revision 'b2114c7d5a0a001ccccf8e1498c54d0b3e5c9016'
[f2d44e71-712b-4953-85b4-55186b2ca16b/Java 8 on ubuntu-latest] unable to get git ref: failed to identify reference (tag/branch) for the checked-out revision 'b2114c7d5a0a001ccccf8e1498c54d0b3e5c9016'
[f2d44e71-712b-4953-85b4-55186b2ca16b/Java 8 on ubuntu-latest] ‚≠ê Run Main Cache Maven packages
[f2d44e71-712b-4953-85b4-55186b2ca16b/Java 8 on ubuntu-latest] unable to get git ref: failed to identify reference (tag/branch) for the checked-out revision 'b2114c7d5a0a001ccccf8e1498c54d0b3e5c9016'
[f2d44e71-712b-4953-85b4-55186b2ca16b/Java 8 on ubuntu-latest] unable to get git ref: failed to identify reference (tag/branch) for the checked-out revision 'b2114c7d5a0a001ccccf8e1498c54d0b3e5c9016'
[f2d44e71-712b-4953-85b4-55186b2ca16b/Java 8 on ubuntu-latest] unable to get git ref: failed to identify reference (tag/branch) for the checked-out revision 'b2114c7d5a0a001ccccf8e1498c54d0b3e5c9016'
[f2d44e71-712b-4953-85b4-55186b2ca16b/Java 8 on ubuntu-latest]   üê≥  docker cp src=/tmp/act-cache/4a3db368-0773-4904-b881-65fbb00ca7ea/act/actions-cache@v1/ dst=/var/run/act/actions/actions-cache@v1/
[f2d44e71-712b-4953-85b4-55186b2ca16b/Java 8 on ubuntu-latest]   üê≥  docker exec cmd=[chown -R 1012:1013 /var/run/act/actions/actions-cache@v1/] user=0 workdir=
[f2d44e71-712b-4953-85b4-55186b2ca16b/Java 8 on ubuntu-latest]   üê≥  docker exec cmd=[node /var/run/act/actions/actions-cache@v1/dist/restore/index.js] user= workdir=
[f2d44e71-712b-4953-85b4-55186b2ca16b/Java 8 on ubuntu-latest]   üí¨  ::debug::Cache Path: /home/runneradmin/.m2/repository
[f2d44e71-712b-4953-85b4-55186b2ca16b/Java 8 on ubuntu-latest]   üí¨  ::debug::Resolved Keys:
[f2d44e71-712b-4953-85b4-55186b2ca16b/Java 8 on ubuntu-latest]   üí¨  ::debug::["Linux-m2","Linux-m2"]
[f2d44e71-712b-4953-85b4-55186b2ca16b/Java 8 on ubuntu-latest]   üí¨  ::debug::getCacheEntry - Attempt 1 of 2 failed with error: Cache Service Url not found, unable to restore cache.
[f2d44e71-712b-4953-85b4-55186b2ca16b/Java 8 on ubuntu-latest]   üí¨  ::debug::getCacheEntry - Attempt 2 of 2 failed with error: Cache Service Url not found, unable to restore cache.
[f2d44e71-712b-4953-85b4-55186b2ca16b/Java 8 on ubuntu-latest]   | [warning]getCacheEntry failed: Cache Service Url not found, unable to restore cache.
[f2d44e71-712b-4953-85b4-55186b2ca16b/Java 8 on ubuntu-latest]   ‚úÖ  Success - Main Cache Maven packages
[f2d44e71-712b-4953-85b4-55186b2ca16b/Java 8 on ubuntu-latest]   ‚öô  ::set-output:: cache-hit=false
[f2d44e71-712b-4953-85b4-55186b2ca16b/Java 8 on ubuntu-latest] unable to get git ref: failed to identify reference (tag/branch) for the checked-out revision 'b2114c7d5a0a001ccccf8e1498c54d0b3e5c9016'
[f2d44e71-712b-4953-85b4-55186b2ca16b/Java 8 on ubuntu-latest] unable to get git ref: failed to identify reference (tag/branch) for the checked-out revision 'b2114c7d5a0a001ccccf8e1498c54d0b3e5c9016'
[f2d44e71-712b-4953-85b4-55186b2ca16b/Java 8 on ubuntu-latest] unable to get git ref: failed to identify reference (tag/branch) for the checked-out revision 'b2114c7d5a0a001ccccf8e1498c54d0b3e5c9016'
[f2d44e71-712b-4953-85b4-55186b2ca16b/Java 8 on ubuntu-latest] unable to get git ref: failed to identify reference (tag/branch) for the checked-out revision 'b2114c7d5a0a001ccccf8e1498c54d0b3e5c9016'
[f2d44e71-712b-4953-85b4-55186b2ca16b/Java 8 on ubuntu-latest] unable to get git ref: failed to identify reference (tag/branch) for the checked-out revision 'b2114c7d5a0a001ccccf8e1498c54d0b3e5c9016'
[f2d44e71-712b-4953-85b4-55186b2ca16b/Java 8 on ubuntu-latest] ‚≠ê Run Main Test with Maven
[f2d44e71-712b-4953-85b4-55186b2ca16b/Java 8 on ubuntu-latest] unable to get git ref: failed to identify reference (tag/branch) for the checked-out revision 'b2114c7d5a0a001ccccf8e1498c54d0b3e5c9016'
[f2d44e71-712b-4953-85b4-55186b2ca16b/Java 8 on ubuntu-latest] unable to get git ref: failed to identify reference (tag/branch) for the checked-out revision 'b2114c7d5a0a001ccccf8e1498c54d0b3e5c9016'
[f2d44e71-712b-4953-85b4-55186b2ca16b/Java 8 on ubuntu-latest] unable to get git ref: failed to identify reference (tag/branch) for the checked-out revision 'b2114c7d5a0a001ccccf8e1498c54d0b3e5c9016'
[f2d44e71-712b-4953-85b4-55186b2ca16b/Java 8 on ubuntu-latest] unable to get git ref: failed to identify reference (tag/branch) for the checked-out revision 'b2114c7d5a0a001ccccf8e1498c54d0b3e5c9016'
[f2d44e71-712b-4953-85b4-55186b2ca16b/Java 8 on ubuntu-latest]   üê≥  docker exec cmd=[bash --noprofile --norc -e -o pipefail /var/run/act/workflow/4] user= workdir=
[f2d44e71-712b-4953-85b4-55186b2ca16b/Java 8 on ubuntu-latest]   | [INFO] Scanning for projects...
[f2d44e71-712b-4953-85b4-55186b2ca16b/Java 8 on ubuntu-latest]   | [INFO] 
[f2d44e71-712b-4953-85b4-55186b2ca16b/Java 8 on ubuntu-latest]   | [INFO] --------------------< org.reflections:reflections >---------------------
[f2d44e71-712b-4953-85b4-55186b2ca16b/Java 8 on ubuntu-latest]   | [INFO] Building Reflections 0.9.11-SNAPSHOT
[f2d44e71-712b-4953-85b4-55186b2ca16b/Java 8 on ubuntu-latest]   | [INFO] --------------------------------[ jar ]---------------------------------
[f2d44e71-712b-4953-85b4-55186b2ca16b/Java 8 on ubuntu-latest]   | [INFO] Downloading from central: https://repo.maven.apache.org/maven2/org/apache/maven/plugins/maven-clean-plugin/2.5/maven-clean-plugin-2.5.pom
[f2d44e71-712b-4953-85b4-55186b2ca16b/Java 8 on ubuntu-latest]   | [INFO] Downloaded from central: https://repo.maven.apache.org/maven2/org/apache/maven/plugins/maven-clean-plugin/2.5/maven-clean-plugin-2.5.pom (3.9 kB at 1.5 kB/s)
[f2d44e71-712b-4953-85b4-55186b2ca16b/Java 8 on ubuntu-latest]   | [INFO] Downloading from central: https://repo.maven.apache.org/maven2/org/apache/maven/plugins/maven-plugins/22/maven-plugins-22.pom
[f2d44e71-712b-4953-85b4-55186b2ca16b/Java 8 on ubuntu-latest]   | [INFO] Downloaded from central: https://repo.maven.apache.org/maven2/org/apache/maven/plugins/maven-plugins/22/maven-plugins-22.pom (13 kB at 290 kB/s)
[f2d44e71-712b-4953-85b4-55186b2ca16b/Java 8 on ubuntu-latest]   | [INFO] Downloading from central: https://repo.maven.apache.org/maven2/org/apache/maven/maven-parent/21/maven-parent-21.pom
[f2d44e71-712b-4953-85b4-55186b2ca16b/Java 8 on ubuntu-latest]   | [INFO] Downloaded from central: https://repo.maven.apache.org/maven2/org/apache/maven/maven-parent/21/maven-parent-21.pom (26 kB at 377 kB/s)
[f2d44e71-712b-4953-85b4-55186b2ca16b/Java 8 on ubuntu-latest]   | [INFO] Downloading from central: https://repo.maven.apache.org/maven2/org/apache/apache/10/apache-10.pom
[f2d44e71-712b-4953-85b4-55186b2ca16b/Java 8 on ubuntu-latest]   | [INFO] Downloaded from central: https://repo.maven.apache.org/maven2/org/apache/apache/10/apache-10.pom (15 kB at 617 kB/s)
[f2d44e71-712b-4953-85b4-55186b2ca16b/Java 8 on ubuntu-latest]   | [INFO] Downloading from central: https://repo.maven.apache.org/maven2/org/apache/maven/plugins/maven-clean-plugin/2.5/maven-clean-plugin-2.5.jar
[f2d44e71-712b-4953-85b4-55186b2ca16b/Java 8 on ubuntu-latest]   | [INFO] Downloaded from central: https://repo.maven.apache.org/maven2/org/apache/maven/plugins/maven-clean-plugin/2.5/maven-clean-plugin-2.5.jar (25 kB at 821 kB/s)
[f2d44e71-712b-4953-85b4-55186b2ca16b/Java 8 on ubuntu-latest]   | [INFO] Downloading from central: https://repo.maven.apache.org/maven2/org/apache/maven/plugins/maven-resources-plugin/2.6/maven-resources-plugin-2.6.pom
[f2d44e71-712b-4953-85b4-55186b2ca16b/Java 8 on ubuntu-latest]   | [INFO] Downloaded from central: https://repo.maven.apache.org/maven2/org/apache/maven/plugins/maven-resources-plugin/2.6/maven-resources-plugin-2.6.pom (8.1 kB at 198 kB/s)
[f2d44e71-712b-4953-85b4-55186b2ca16b/Java 8 on ubuntu-latest]   | [INFO] Downloading from central: https://repo.maven.apache.org/maven2/org/apache/maven/plugins/maven-plugins/23/maven-plugins-23.pom
[f2d44e71-712b-4953-85b4-55186b2ca16b/Java 8 on ubuntu-latest]   | [INFO] Downloaded from central: https://repo.maven.apache.org/maven2/org/apache/maven/plugins/maven-plugins/23/maven-plugins-23.pom (9.2 kB at 161 kB/s)
[f2d44e71-712b-4953-85b4-55186b2ca16b/Java 8 on ubuntu-latest]   | [INFO] Downloading from central: https://repo.maven.apache.org/maven2/org/apache/maven/maven-parent/22/maven-parent-22.pom
[f2d44e71-712b-4953-85b4-55186b2ca16b/Java 8 on ubuntu-latest]   | [INFO] Downloaded from central: https://repo.maven.apache.org/maven2/org/apache/maven/maven-parent/22/maven-parent-22.pom (30 kB at 1.1 MB/s)
[f2d44e71-712b-4953-85b4-55186b2ca16b/Java 8 on ubuntu-latest]   | [INFO] Downloading from central: https://repo.maven.apache.org/maven2/org/apache/apache/11/apache-11.pom
[f2d44e71-712b-4953-85b4-55186b2ca16b/Java 8 on ubuntu-latest]   | [INFO] Downloaded from central: https://repo.maven.apache.org/maven2/org/apache/apache/11/apache-11.pom (15 kB at 411 kB/s)
[f2d44e71-712b-4953-85b4-55186b2ca16b/Java 8 on ubuntu-latest]   | [INFO] Downloading from central: https://repo.maven.apache.org/maven2/org/apache/maven/plugins/maven-resources-plugin/2.6/maven-resources-plugin-2.6.jar
[f2d44e71-712b-4953-85b4-55186b2ca16b/Java 8 on ubuntu-latest]   | [INFO] Downloaded from central: https://repo.maven.apache.org/maven2/org/apache/maven/plugins/maven-resources-plugin/2.6/maven-resources-plugin-2.6.jar (30 kB at 579 kB/s)
[f2d44e71-712b-4953-85b4-55186b2ca16b/Java 8 on ubuntu-latest]   | [INFO] Downloading from central: https://repo.maven.apache.org/maven2/org/apache/maven/plugins/maven-compiler-plugin/3.1/maven-compiler-plugin-3.1.pom
[f2d44e71-712b-4953-85b4-55186b2ca16b/Java 8 on ubuntu-latest]   | [INFO] Downloaded from central: https://repo.maven.apache.org/maven2/org/apache/maven/plugins/maven-compiler-plugin/3.1/maven-compiler-plugin-3.1.pom (10 kB at 213 kB/s)
[f2d44e71-712b-4953-85b4-55186b2ca16b/Java 8 on ubuntu-latest]   | [INFO] Downloading from central: https://repo.maven.apache.org/maven2/org/apache/maven/plugins/maven-plugins/24/maven-plugins-24.pom
[f2d44e71-712b-4953-85b4-55186b2ca16b/Java 8 on ubuntu-latest]   | [INFO] Downloaded from central: https://repo.maven.apache.org/maven2/org/apache/maven/plugins/maven-plugins/24/maven-plugins-24.pom (11 kB at 491 kB/s)
[f2d44e71-712b-4953-85b4-55186b2ca16b/Java 8 on ubuntu-latest]   | [INFO] Downloading from central: https://repo.maven.apache.org/maven2/org/apache/maven/maven-parent/23/maven-parent-23.pom
[f2d44e71-712b-4953-85b4-55186b2ca16b/Java 8 on ubuntu-latest]   | [INFO] Downloaded from central: https://repo.maven.apache.org/maven2/org/apache/maven/maven-parent/23/maven-parent-23.pom (33 kB at 931 kB/s)
[f2d44e71-712b-4953-85b4-55186b2ca16b/Java 8 on ubuntu-latest]   | [INFO] Downloading from central: https://repo.maven.apache.org/maven2/org/apache/apache/13/apache-13.pom
[f2d44e71-712b-4953-85b4-55186b2ca16b/Java 8 on ubuntu-latest]   | [INFO] Downloaded from central: https://repo.maven.apache.org/maven2/org/apache/apache/13/apache-13.pom (14 kB at 451 kB/s)
[f2d44e71-712b-4953-85b4-55186b2ca16b/Java 8 on ubuntu-latest]   | [INFO] Downloading from central: https://repo.maven.apache.org/maven2/org/apache/maven/plugins/maven-compiler-plugin/3.1/maven-compiler-plugin-3.1.jar
[f2d44e71-712b-4953-85b4-55186b2ca16b/Java 8 on ubuntu-latest]   | [INFO] Downloaded from central: https://repo.maven.apache.org/maven2/org/apache/maven/plugins/maven-compiler-plugin/3.1/maven-compiler-plugin-3.1.jar (43 kB at 1.1 MB/s)
[f2d44e71-712b-4953-85b4-55186b2ca16b/Java 8 on ubuntu-latest]   | [INFO] Downloading from central: https://repo.maven.apache.org/maven2/org/apache/maven/plugins/maven-surefire-plugin/2.12.4/maven-surefire-plugin-2.12.4.pom
[f2d44e71-712b-4953-85b4-55186b2ca16b/Java 8 on ubuntu-latest]   | [INFO] Downloaded from central: https://repo.maven.apache.org/maven2/org/apache/maven/plugins/maven-surefire-plugin/2.12.4/maven-surefire-plugin-2.12.4.pom (10 kB at 276 kB/s)
[f2d44e71-712b-4953-85b4-55186b2ca16b/Java 8 on ubuntu-latest]   | [INFO] Downloading from central: https://repo.maven.apache.org/maven2/org/apache/maven/surefire/surefire/2.12.4/surefire-2.12.4.pom
[f2d44e71-712b-4953-85b4-55186b2ca16b/Java 8 on ubuntu-latest]   | [INFO] Downloaded from central: https://repo.maven.apache.org/maven2/org/apache/maven/surefire/surefire/2.12.4/surefire-2.12.4.pom (14 kB at 1.3 MB/s)
[f2d44e71-712b-4953-85b4-55186b2ca16b/Java 8 on ubuntu-latest]   | [INFO] Downloading from central: https://repo.maven.apache.org/maven2/org/apache/maven/plugins/maven-surefire-plugin/2.12.4/maven-surefire-plugin-2.12.4.jar
[f2d44e71-712b-4953-85b4-55186b2ca16b/Java 8 on ubuntu-latest]   | [INFO] Downloaded from central: https://repo.maven.apache.org/maven2/org/apache/maven/plugins/maven-surefire-plugin/2.12.4/maven-surefire-plugin-2.12.4.jar (30 kB at 870 kB/s)
[f2d44e71-712b-4953-85b4-55186b2ca16b/Java 8 on ubuntu-latest]   | [INFO] Downloading from central: https://repo.maven.apache.org/maven2/org/apache/maven/plugins/maven-jar-plugin/2.4/maven-jar-plugin-2.4.pom
[f2d44e71-712b-4953-85b4-55186b2ca16b/Java 8 on ubuntu-latest]   | [INFO] Downloaded from central: https://repo.maven.apache.org/maven2/org/apache/maven/plugins/maven-jar-plugin/2.4/maven-jar-plugin-2.4.pom (5.8 kB at 417 kB/s)
[f2d44e71-712b-4953-85b4-55186b2ca16b/Java 8 on ubuntu-latest]   | [INFO] Downloading from central: https://repo.maven.apache.org/maven2/org/apache/maven/plugins/maven-jar-plugin/2.4/maven-jar-plugin-2.4.jar
[f2d44e71-712b-4953-85b4-55186b2ca16b/Java 8 on ubuntu-latest]   | [INFO] Downloaded from central: https://repo.maven.apache.org/maven2/org/apache/maven/plugins/maven-jar-plugin/2.4/maven-jar-plugin-2.4.jar (34 kB at 1.1 MB/s)
[f2d44e71-712b-4953-85b4-55186b2ca16b/Java 8 on ubuntu-latest]   | [INFO] Downloading from central: https://repo.maven.apache.org/maven2/com/google/guava/guava/15.0/guava-15.0.pom
[f2d44e71-712b-4953-85b4-55186b2ca16b/Java 8 on ubuntu-latest]   | [INFO] Downloaded from central: https://repo.maven.apache.org/maven2/com/google/guava/guava/15.0/guava-15.0.pom (6.3 kB at 216 kB/s)
[f2d44e71-712b-4953-85b4-55186b2ca16b/Java 8 on ubuntu-latest]   | [INFO] Downloading from central: https://repo.maven.apache.org/maven2/com/google/guava/guava-parent/15.0/guava-parent-15.0.pom
[f2d44e71-712b-4953-85b4-55186b2ca16b/Java 8 on ubuntu-latest]   | [INFO] Downloaded from central: https://repo.maven.apache.org/maven2/com/google/guava/guava-parent/15.0/guava-parent-15.0.pom (7.3 kB at 133 kB/s)
[f2d44e71-712b-4953-85b4-55186b2ca16b/Java 8 on ubuntu-latest]   | [INFO] Downloading from central: https://repo.maven.apache.org/maven2/org/sonatype/oss/oss-parent/7/oss-parent-7.pom
[f2d44e71-712b-4953-85b4-55186b2ca16b/Java 8 on ubuntu-latest]   | [INFO] Downloaded from central: https://repo.maven.apache.org/maven2/org/sonatype/oss/oss-parent/7/oss-parent-7.pom (4.8 kB at 85 kB/s)
[f2d44e71-712b-4953-85b4-55186b2ca16b/Java 8 on ubuntu-latest]   | [INFO] Downloading from central: https://repo.maven.apache.org/maven2/org/javassist/javassist/3.19.0-GA/javassist-3.19.0-GA.pom
[f2d44e71-712b-4953-85b4-55186b2ca16b/Java 8 on ubuntu-latest]   | [INFO] Downloaded from central: https://repo.maven.apache.org/maven2/org/javassist/javassist/3.19.0-GA/javassist-3.19.0-GA.pom (9.6 kB at 240 kB/s)
[f2d44e71-712b-4953-85b4-55186b2ca16b/Java 8 on ubuntu-latest]   | [INFO] Downloading from central: https://repo.maven.apache.org/maven2/com/google/code/findbugs/jsr305/3.0.0/jsr305-3.0.0.pom
[f2d44e71-712b-4953-85b4-55186b2ca16b/Java 8 on ubuntu-latest]   | [INFO] Downloaded from central: https://repo.maven.apache.org/maven2/com/google/code/findbugs/jsr305/3.0.0/jsr305-3.0.0.pom (3.9 kB at 29 kB/s)
[f2d44e71-712b-4953-85b4-55186b2ca16b/Java 8 on ubuntu-latest]   | [INFO] Downloading from central: https://repo.maven.apache.org/maven2/org/slf4j/slf4j-api/1.6.1/slf4j-api-1.6.1.pom
[f2d44e71-712b-4953-85b4-55186b2ca16b/Java 8 on ubuntu-latest]   | [INFO] Downloaded from central: https://repo.maven.apache.org/maven2/org/slf4j/slf4j-api/1.6.1/slf4j-api-1.6.1.pom (3.0 kB at 176 kB/s)
[f2d44e71-712b-4953-85b4-55186b2ca16b/Java 8 on ubuntu-latest]   | [INFO] Downloading from central: https://repo.maven.apache.org/maven2/org/slf4j/slf4j-parent/1.6.1/slf4j-parent-1.6.1.pom
[f2d44e71-712b-4953-85b4-55186b2ca16b/Java 8 on ubuntu-latest]   | [INFO] Downloaded from central: https://repo.maven.apache.org/maven2/org/slf4j/slf4j-parent/1.6.1/slf4j-parent-1.6.1.pom (9.3 kB at 388 kB/s)
[f2d44e71-712b-4953-85b4-55186b2ca16b/Java 8 on ubuntu-latest]   | [INFO] Downloading from central: https://repo.maven.apache.org/maven2/dom4j/dom4j/1.6.1/dom4j-1.6.1.pom
[f2d44e71-712b-4953-85b4-55186b2ca16b/Java 8 on ubuntu-latest]   | [INFO] Downloaded from central: https://repo.maven.apache.org/maven2/dom4j/dom4j/1.6.1/dom4j-1.6.1.pom (6.8 kB at 308 kB/s)
[f2d44e71-712b-4953-85b4-55186b2ca16b/Java 8 on ubuntu-latest]   | [INFO] Downloading from central: https://repo.maven.apache.org/maven2/xml-apis/xml-apis/1.0.b2/xml-apis-1.0.b2.pom
[f2d44e71-712b-4953-85b4-55186b2ca16b/Java 8 on ubuntu-latest]   | [INFO] Downloaded from central: https://repo.maven.apache.org/maven2/xml-apis/xml-apis/1.0.b2/xml-apis-1.0.b2.pom (2.2 kB at 29 kB/s)
[f2d44e71-712b-4953-85b4-55186b2ca16b/Java 8 on ubuntu-latest]   | [INFO] Downloading from central: https://repo.maven.apache.org/maven2/com/google/code/gson/gson/1.4/gson-1.4.pom
[f2d44e71-712b-4953-85b4-55186b2ca16b/Java 8 on ubuntu-latest]   | [INFO] Downloaded from central: https://repo.maven.apache.org/maven2/com/google/code/gson/gson/1.4/gson-1.4.pom (8.1 kB at 77 kB/s)
[f2d44e71-712b-4953-85b4-55186b2ca16b/Java 8 on ubuntu-latest]   | [INFO] Downloading from central: https://repo.maven.apache.org/maven2/javax/servlet/servlet-api/2.5/servlet-api-2.5.pom
[f2d44e71-712b-4953-85b4-55186b2ca16b/Java 8 on ubuntu-latest]   | [INFO] Downloaded from central: https://repo.maven.apache.org/maven2/javax/servlet/servlet-api/2.5/servlet-api-2.5.pom (157 B at 4.9 kB/s)
[f2d44e71-712b-4953-85b4-55186b2ca16b/Java 8 on ubuntu-latest]   | [INFO] Downloading from central: https://repo.maven.apache.org/maven2/org/slf4j/slf4j-simple/1.6.1/slf4j-simple-1.6.1.pom
[f2d44e71-712b-4953-85b4-55186b2ca16b/Java 8 on ubuntu-latest]   | [INFO] Downloaded from central: https://repo.maven.apache.org/maven2/org/slf4j/slf4j-simple/1.6.1/slf4j-simple-1.6.1.pom (1.5 kB at 42 kB/s)
[f2d44e71-712b-4953-85b4-55186b2ca16b/Java 8 on ubuntu-latest]   | [INFO] Downloading from central: https://repo.maven.apache.org/maven2/junit/junit/4.5/junit-4.5.pom
[f2d44e71-712b-4953-85b4-55186b2ca16b/Java 8 on ubuntu-latest]   | [INFO] Downloaded from central: https://repo.maven.apache.org/maven2/junit/junit/4.5/junit-4.5.pom (1.2 kB at 61 kB/s)
[f2d44e71-712b-4953-85b4-55186b2ca16b/Java 8 on ubuntu-latest]   | [INFO] Downloading from central: https://repo.maven.apache.org/maven2/org/apache/commons/commons-vfs2/2.0/commons-vfs2-2.0.pom
[f2d44e71-712b-4953-85b4-55186b2ca16b/Java 8 on ubuntu-latest]   | [INFO] Downloaded from central: https://repo.maven.apache.org/maven2/org/apache/commons/commons-vfs2/2.0/commons-vfs2-2.0.pom (8.6 kB at 618 kB/s)
[f2d44e71-712b-4953-85b4-55186b2ca16b/Java 8 on ubuntu-latest]   | [INFO] Downloading from central: https://repo.maven.apache.org/maven2/org/apache/commons/commons-vfs2-project/2.0/commons-vfs2-project-2.0.pom
[f2d44e71-712b-4953-85b4-55186b2ca16b/Java 8 on ubuntu-latest]   | [INFO] Downloaded from central: https://repo.maven.apache.org/maven2/org/apache/commons/commons-vfs2-project/2.0/commons-vfs2-project-2.0.pom (16 kB at 338 kB/s)
[f2d44e71-712b-4953-85b4-55186b2ca16b/Java 8 on ubuntu-latest]   | [INFO] Downloading from central: https://repo.maven.apache.org/maven2/org/apache/commons/commons-parent/21/commons-parent-21.pom
[f2d44e71-712b-4953-85b4-55186b2ca16b/Java 8 on ubuntu-latest]   | [INFO] Downloaded from central: https://repo.maven.apache.org/maven2/org/apache/commons/commons-parent/21/commons-parent-21.pom (34 kB at 850 kB/s)
[f2d44e71-712b-4953-85b4-55186b2ca16b/Java 8 on ubuntu-latest]   | [INFO] Downloading from central: https://repo.maven.apache.org/maven2/org/apache/apache/9/apache-9.pom
[f2d44e71-712b-4953-85b4-55186b2ca16b/Java 8 on ubuntu-latest]   | [INFO] Downloaded from central: https://repo.maven.apache.org/maven2/org/apache/apache/9/apache-9.pom (15 kB at 505 kB/s)
[f2d44e71-712b-4953-85b4-55186b2ca16b/Java 8 on ubuntu-latest]   | [INFO] Downloading from central: https://repo.maven.apache.org/maven2/commons-logging/commons-logging/1.1.1/commons-logging-1.1.1.pom
[f2d44e71-712b-4953-85b4-55186b2ca16b/Java 8 on ubuntu-latest]   | [INFO] Downloaded from central: https://repo.maven.apache.org/maven2/commons-logging/commons-logging/1.1.1/commons-logging-1.1.1.pom (18 kB at 612 kB/s)
[f2d44e71-712b-4953-85b4-55186b2ca16b/Java 8 on ubuntu-latest]   | [INFO] Downloading from central: https://repo.maven.apache.org/maven2/org/apache/commons/commons-parent/5/commons-parent-5.pom
[f2d44e71-712b-4953-85b4-55186b2ca16b/Java 8 on ubuntu-latest]   | [INFO] Downloaded from central: https://repo.maven.apache.org/maven2/org/apache/commons/commons-parent/5/commons-parent-5.pom (16 kB at 297 kB/s)
[f2d44e71-712b-4953-85b4-55186b2ca16b/Java 8 on ubuntu-latest]   | [INFO] Downloading from central: https://repo.maven.apache.org/maven2/org/apache/apache/4/apache-4.pom
[f2d44e71-712b-4953-85b4-55186b2ca16b/Java 8 on ubuntu-latest]   | [INFO] Downloaded from central: https://repo.maven.apache.org/maven2/org/apache/apache/4/apache-4.pom (4.5 kB at 79 kB/s)
[f2d44e71-712b-4953-85b4-55186b2ca16b/Java 8 on ubuntu-latest]   | [INFO] Downloading from central: https://repo.maven.apache.org/maven2/org/apache/maven/scm/maven-scm-api/1.4/maven-scm-api-1.4.pom
[f2d44e71-712b-4953-85b4-55186b2ca16b/Java 8 on ubuntu-latest]   | [INFO] Downloaded from central: https://repo.maven.apache.org/maven2/org/apache/maven/scm/maven-scm-api/1.4/maven-scm-api-1.4.pom (1.6 kB at 99 kB/s)
[f2d44e71-712b-4953-85b4-55186b2ca16b/Java 8 on ubuntu-latest]   | [INFO] Downloading from central: https://repo.maven.apache.org/maven2/org/apache/maven/scm/maven-scm/1.4/maven-scm-1.4.pom
[f2d44e71-712b-4953-85b4-55186b2ca16b/Java 8 on ubuntu-latest]   | [INFO] Downloaded from central: https://repo.maven.apache.org/maven2/org/apache/maven/scm/maven-scm/1.4/maven-scm-1.4.pom (14 kB at 407 kB/s)
[f2d44e71-712b-4953-85b4-55186b2ca16b/Java 8 on ubuntu-latest]   | [INFO] Downloading from central: https://repo.maven.apache.org/maven2/org/apache/maven/maven-parent/16/maven-parent-16.pom
[f2d44e71-712b-4953-85b4-55186b2ca16b/Java 8 on ubuntu-latest]   | [INFO] Downloaded from central: https://repo.maven.apache.org/maven2/org/apache/maven/maven-parent/16/maven-parent-16.pom (23 kB at 1.0 MB/s)
[f2d44e71-712b-4953-85b4-55186b2ca16b/Java 8 on ubuntu-latest]   | [INFO] Downloading from central: https://repo.maven.apache.org/maven2/org/apache/apache/7/apache-7.pom
[f2d44e71-712b-4953-85b4-55186b2ca16b/Java 8 on ubuntu-latest]   | [INFO] Downloaded from central: https://repo.maven.apache.org/maven2/org/apache/apache/7/apache-7.pom (14 kB at 437 kB/s)
[f2d44e71-712b-4953-85b4-55186b2ca16b/Java 8 on ubuntu-latest]   | [INFO] Downloading from central: https://repo.maven.apache.org/maven2/org/codehaus/plexus/plexus-utils/1.5.6/plexus-utils-1.5.6.pom
[f2d44e71-712b-4953-85b4-55186b2ca16b/Java 8 on ubuntu-latest]   | [INFO] Downloaded from central: https://repo.maven.apache.org/maven2/org/codehaus/plexus/plexus-utils/1.5.6/plexus-utils-1.5.6.pom (5.3 kB at 118 kB/s)
[f2d44e71-712b-4953-85b4-55186b2ca16b/Java 8 on ubuntu-latest]   | [INFO] Downloading from central: https://repo.maven.apache.org/maven2/org/codehaus/plexus/plexus/1.0.12/plexus-1.0.12.pom
[f2d44e71-712b-4953-85b4-55186b2ca16b/Java 8 on ubuntu-latest]   | [INFO] Downloaded from central: https://repo.maven.apache.org/maven2/org/codehaus/plexus/plexus/1.0.12/plexus-1.0.12.pom (9.8 kB at 516 kB/s)
[f2d44e71-712b-4953-85b4-55186b2ca16b/Java 8 on ubuntu-latest]   | [INFO] Downloading from central: https://repo.maven.apache.org/maven2/org/apache/maven/scm/maven-scm-provider-svnexe/1.4/maven-scm-provider-svnexe-1.4.pom
[f2d44e71-712b-4953-85b4-55186b2ca16b/Java 8 on ubuntu-latest]   | [INFO] Downloaded from central: https://repo.maven.apache.org/maven2/org/apache/maven/scm/maven-scm-provider-svnexe/1.4/maven-scm-provider-svnexe-1.4.pom (2.4 kB at 184 kB/s)
[f2d44e71-712b-4953-85b4-55186b2ca16b/Java 8 on ubuntu-latest]   | [INFO] Downloading from central: https://repo.maven.apache.org/maven2/org/apache/maven/scm/maven-scm-providers-svn/1.4/maven-scm-providers-svn-1.4.pom
[f2d44e71-712b-4953-85b4-55186b2ca16b/Java 8 on ubuntu-latest]   | [INFO] Downloaded from central: https://repo.maven.apache.org/maven2/org/apache/maven/scm/maven-scm-providers-svn/1.4/maven-scm-providers-svn-1.4.pom (2.1 kB at 112 kB/s)
[f2d44e71-712b-4953-85b4-55186b2ca16b/Java 8 on ubuntu-latest]   | [INFO] Downloading from central: https://repo.maven.apache.org/maven2/org/apache/maven/scm/maven-scm-providers/1.4/maven-scm-providers-1.4.pom
[f2d44e71-712b-4953-85b4-55186b2ca16b/Java 8 on ubuntu-latest]   | [INFO] Downloaded from central: https://repo.maven.apache.org/maven2/org/apache/maven/scm/maven-scm-providers/1.4/maven-scm-providers-1.4.pom (3.6 kB at 114 kB/s)
[f2d44e71-712b-4953-85b4-55186b2ca16b/Java 8 on ubuntu-latest]   | [INFO] Downloading from central: https://repo.maven.apache.org/maven2/org/apache/maven/scm/maven-scm-provider-svn-commons/1.4/maven-scm-provider-svn-commons-1.4.pom
[f2d44e71-712b-4953-85b4-55186b2ca16b/Java 8 on ubuntu-latest]   | [INFO] Downloaded from central: https://repo.maven.apache.org/maven2/org/apache/maven/scm/maven-scm-provider-svn-commons/1.4/maven-scm-provider-svn-commons-1.4.pom (2.1 kB at 104 kB/s)
[f2d44e71-712b-4953-85b4-55186b2ca16b/Java 8 on ubuntu-latest]   | [INFO] Downloading from central: https://repo.maven.apache.org/maven2/regexp/regexp/1.3/regexp-1.3.pom
[f2d44e71-712b-4953-85b4-55186b2ca16b/Java 8 on ubuntu-latest]   | [INFO] Downloaded from central: https://repo.maven.apache.org/maven2/regexp/regexp/1.3/regexp-1.3.pom (145 B at 9.1 kB/s)
[f2d44e71-712b-4953-85b4-55186b2ca16b/Java 8 on ubuntu-latest]   | [INFO] Downloading from central: https://repo.maven.apache.org/maven2/com/google/guava/guava/15.0/guava-15.0.jar
[f2d44e71-712b-4953-85b4-55186b2ca16b/Java 8 on ubuntu-latest]   | [INFO] Downloading from central: https://repo.maven.apache.org/maven2/org/javassist/javassist/3.19.0-GA/javassist-3.19.0-GA.jar
[f2d44e71-712b-4953-85b4-55186b2ca16b/Java 8 on ubuntu-latest]   | [INFO] Downloading from central: https://repo.maven.apache.org/maven2/org/slf4j/slf4j-api/1.6.1/slf4j-api-1.6.1.jar
[f2d44e71-712b-4953-85b4-55186b2ca16b/Java 8 on ubuntu-latest]   | [INFO] Downloading from central: https://repo.maven.apache.org/maven2/dom4j/dom4j/1.6.1/dom4j-1.6.1.jar
[f2d44e71-712b-4953-85b4-55186b2ca16b/Java 8 on ubuntu-latest]   | [INFO] Downloading from central: https://repo.maven.apache.org/maven2/com/google/code/findbugs/jsr305/3.0.0/jsr305-3.0.0.jar
[f2d44e71-712b-4953-85b4-55186b2ca16b/Java 8 on ubuntu-latest]   | [INFO] Downloaded from central: https://repo.maven.apache.org/maven2/dom4j/dom4j/1.6.1/dom4j-1.6.1.jar (314 kB at 1.1 MB/s)
[f2d44e71-712b-4953-85b4-55186b2ca16b/Java 8 on ubuntu-latest]   | [INFO] Downloading from central: https://repo.maven.apache.org/maven2/xml-apis/xml-apis/1.0.b2/xml-apis-1.0.b2.jar
[f2d44e71-712b-4953-85b4-55186b2ca16b/Java 8 on ubuntu-latest]   | [INFO] Downloaded from central: https://repo.maven.apache.org/maven2/xml-apis/xml-apis/1.0.b2/xml-apis-1.0.b2.jar (109 kB at 310 kB/s)
[f2d44e71-712b-4953-85b4-55186b2ca16b/Java 8 on ubuntu-latest]   | [INFO] Downloading from central: https://repo.maven.apache.org/maven2/com/google/code/gson/gson/1.4/gson-1.4.jar
[f2d44e71-712b-4953-85b4-55186b2ca16b/Java 8 on ubuntu-latest]   | [INFO] Downloaded from central: https://repo.maven.apache.org/maven2/com/google/code/findbugs/jsr305/3.0.0/jsr305-3.0.0.jar (33 kB at 78 kB/s)
[f2d44e71-712b-4953-85b4-55186b2ca16b/Java 8 on ubuntu-latest]   | [INFO] Downloading from central: https://repo.maven.apache.org/maven2/javax/servlet/servlet-api/2.5/servlet-api-2.5.jar
[f2d44e71-712b-4953-85b4-55186b2ca16b/Java 8 on ubuntu-latest]   | [INFO] Downloaded from central: https://repo.maven.apache.org/maven2/org/slf4j/slf4j-api/1.6.1/slf4j-api-1.6.1.jar (25 kB at 60 kB/s)
[f2d44e71-712b-4953-85b4-55186b2ca16b/Java 8 on ubuntu-latest]   | [INFO] Downloading from central: https://repo.maven.apache.org/maven2/org/slf4j/slf4j-simple/1.6.1/slf4j-simple-1.6.1.jar
[f2d44e71-712b-4953-85b4-55186b2ca16b/Java 8 on ubuntu-latest]   | [INFO] Downloaded from central: https://repo.maven.apache.org/maven2/org/slf4j/slf4j-simple/1.6.1/slf4j-simple-1.6.1.jar (7.7 kB at 18 kB/s)
[f2d44e71-712b-4953-85b4-55186b2ca16b/Java 8 on ubuntu-latest]   | [INFO] Downloading from central: https://repo.maven.apache.org/maven2/junit/junit/4.5/junit-4.5.jar
[f2d44e71-712b-4953-85b4-55186b2ca16b/Java 8 on ubuntu-latest]   | [INFO] Downloaded from central: https://repo.maven.apache.org/maven2/javax/servlet/servlet-api/2.5/servlet-api-2.5.jar (105 kB at 232 kB/s)
[f2d44e71-712b-4953-85b4-55186b2ca16b/Java 8 on ubuntu-latest]   | [INFO] Downloaded from central: https://repo.maven.apache.org/maven2/com/google/code/gson/gson/1.4/gson-1.4.jar (166 kB at 366 kB/s)
[f2d44e71-712b-4953-85b4-55186b2ca16b/Java 8 on ubuntu-latest]   | [INFO] Downloading from central: https://repo.maven.apache.org/maven2/org/apache/commons/commons-vfs2/2.0/commons-vfs2-2.0.jar
[f2d44e71-712b-4953-85b4-55186b2ca16b/Java 8 on ubuntu-latest]   | [INFO] Downloading from central: https://repo.maven.apache.org/maven2/commons-logging/commons-logging/1.1.1/commons-logging-1.1.1.jar
[f2d44e71-712b-4953-85b4-55186b2ca16b/Java 8 on ubuntu-latest]   | [INFO] Downloaded from central: https://repo.maven.apache.org/maven2/org/javassist/javassist/3.19.0-GA/javassist-3.19.0-GA.jar (749 kB at 1.4 MB/s)
[f2d44e71-712b-4953-85b4-55186b2ca16b/Java 8 on ubuntu-latest]   | [INFO] Downloading from central: https://repo.maven.apache.org/maven2/org/apache/maven/scm/maven-scm-api/1.4/maven-scm-api-1.4.jar
[f2d44e71-712b-4953-85b4-55186b2ca16b/Java 8 on ubuntu-latest]   | [INFO] Downloaded from central: https://repo.maven.apache.org/maven2/junit/junit/4.5/junit-4.5.jar (199 kB at 380 kB/s)
[f2d44e71-712b-4953-85b4-55186b2ca16b/Java 8 on ubuntu-latest]   | [INFO] Downloading from central: https://repo.maven.apache.org/maven2/org/codehaus/plexus/plexus-utils/1.5.6/plexus-utils-1.5.6.jar
[f2d44e71-712b-4953-85b4-55186b2ca16b/Java 8 on ubuntu-latest]   | [INFO] Downloaded from central: https://repo.maven.apache.org/maven2/commons-logging/commons-logging/1.1.1/commons-logging-1.1.1.jar (61 kB at 100 kB/s)
[f2d44e71-712b-4953-85b4-55186b2ca16b/Java 8 on ubuntu-latest]   | [INFO] Downloading from central: https://repo.maven.apache.org/maven2/org/apache/maven/scm/maven-scm-provider-svnexe/1.4/maven-scm-provider-svnexe-1.4.jar
[f2d44e71-712b-4953-85b4-55186b2ca16b/Java 8 on ubuntu-latest]   | [INFO] Downloaded from central: https://repo.maven.apache.org/maven2/org/apache/commons/commons-vfs2/2.0/commons-vfs2-2.0.jar (416 kB at 668 kB/s)
[f2d44e71-712b-4953-85b4-55186b2ca16b/Java 8 on ubuntu-latest]   | [INFO] Downloading from central: https://repo.maven.apache.org/maven2/org/apache/maven/scm/maven-scm-provider-svn-commons/1.4/maven-scm-provider-svn-commons-1.4.jar
[f2d44e71-712b-4953-85b4-55186b2ca16b/Java 8 on ubuntu-latest]   | [INFO] Downloaded from central: https://repo.maven.apache.org/maven2/com/google/guava/guava/15.0/guava-15.0.jar (2.2 MB at 3.1 MB/s)
[f2d44e71-712b-4953-85b4-55186b2ca16b/Java 8 on ubuntu-latest]   | [INFO] Downloading from central: https://repo.maven.apache.org/maven2/regexp/regexp/1.3/regexp-1.3.jar
[f2d44e71-712b-4953-85b4-55186b2ca16b/Java 8 on ubuntu-latest]   | [INFO] Downloaded from central: https://repo.maven.apache.org/maven2/org/codehaus/plexus/plexus-utils/1.5.6/plexus-utils-1.5.6.jar (251 kB at 395 kB/s)
[f2d44e71-712b-4953-85b4-55186b2ca16b/Java 8 on ubuntu-latest]   | [INFO] Downloaded from central: https://repo.maven.apache.org/maven2/org/apache/maven/scm/maven-scm-api/1.4/maven-scm-api-1.4.jar (94 kB at 142 kB/s)
[f2d44e71-712b-4953-85b4-55186b2ca16b/Java 8 on ubuntu-latest]   | [INFO] Downloaded from central: https://repo.maven.apache.org/maven2/org/apache/maven/scm/maven-scm-provider-svnexe/1.4/maven-scm-provider-svnexe-1.4.jar (70 kB at 103 kB/s)
[f2d44e71-712b-4953-85b4-55186b2ca16b/Java 8 on ubuntu-latest]   | [INFO] Downloaded from central: https://repo.maven.apache.org/maven2/org/apache/maven/scm/maven-scm-provider-svn-commons/1.4/maven-scm-provider-svn-commons-1.4.jar (40 kB at 58 kB/s)
[f2d44e71-712b-4953-85b4-55186b2ca16b/Java 8 on ubuntu-latest]   | [INFO] Downloaded from central: https://repo.maven.apache.org/maven2/regexp/regexp/1.3/regexp-1.3.jar (25 kB at 37 kB/s)
[f2d44e71-712b-4953-85b4-55186b2ca16b/Java 8 on ubuntu-latest]   | [INFO] 
[f2d44e71-712b-4953-85b4-55186b2ca16b/Java 8 on ubuntu-latest]   | [INFO] --- maven-clean-plugin:2.5:clean (default-clean) @ reflections ---
[f2d44e71-712b-4953-85b4-55186b2ca16b/Java 8 on ubuntu-latest]   | [INFO] Downloading from central: https://repo.maven.apache.org/maven2/org/apache/maven/maven-plugin-api/2.0.6/maven-plugin-api-2.0.6.pom
[f2d44e71-712b-4953-85b4-55186b2ca16b/Java 8 on ubuntu-latest]   | [INFO] Downloaded from central: https://repo.maven.apache.org/maven2/org/apache/maven/maven-plugin-api/2.0.6/maven-plugin-api-2.0.6.pom (1.5 kB at 91 kB/s)
[f2d44e71-712b-4953-85b4-55186b2ca16b/Java 8 on ubuntu-latest]   | [INFO] Downloading from central: https://repo.maven.apache.org/maven2/org/apache/maven/maven/2.0.6/maven-2.0.6.pom
[f2d44e71-712b-4953-85b4-55186b2ca16b/Java 8 on ubuntu-latest]   | [INFO] Downloaded from central: https://repo.maven.apache.org/maven2/org/apache/maven/maven/2.0.6/maven-2.0.6.pom (9.0 kB at 503 kB/s)
[f2d44e71-712b-4953-85b4-55186b2ca16b/Java 8 on ubuntu-latest]   | [INFO] Downloading from central: https://repo.maven.apache.org/maven2/org/apache/maven/maven-parent/5/maven-parent-5.pom
[f2d44e71-712b-4953-85b4-55186b2ca16b/Java 8 on ubuntu-latest]   | [INFO] Downloaded from central: https://repo.maven.apache.org/maven2/org/apache/maven/maven-parent/5/maven-parent-5.pom (15 kB at 299 kB/s)
[f2d44e71-712b-4953-85b4-55186b2ca16b/Java 8 on ubuntu-latest]   | [INFO] Downloading from central: https://repo.maven.apache.org/maven2/org/apache/apache/3/apache-3.pom
[f2d44e71-712b-4953-85b4-55186b2ca16b/Java 8 on ubuntu-latest]   | [INFO] Downloaded from central: https://repo.maven.apache.org/maven2/org/apache/apache/3/apache-3.pom (3.4 kB at 163 kB/s)
[f2d44e71-712b-4953-85b4-55186b2ca16b/Java 8 on ubuntu-latest]   | [INFO] Downloading from central: https://repo.maven.apache.org/maven2/org/codehaus/plexus/plexus-utils/3.0/plexus-utils-3.0.pom
[f2d44e71-712b-4953-85b4-55186b2ca16b/Java 8 on ubuntu-latest]   | [INFO] Downloaded from central: https://repo.maven.apache.org/maven2/org/codehaus/plexus/plexus-utils/3.0/plexus-utils-3.0.pom (4.1 kB at 73 kB/s)
[f2d44e71-712b-4953-85b4-55186b2ca16b/Java 8 on ubuntu-latest]   | [INFO] Downloading from central: https://repo.maven.apache.org/maven2/org/sonatype/spice/spice-parent/16/spice-parent-16.pom
[f2d44e71-712b-4953-85b4-55186b2ca16b/Java 8 on ubuntu-latest]   | [INFO] Downloaded from central: https://repo.maven.apache.org/maven2/org/sonatype/spice/spice-parent/16/spice-parent-16.pom (8.4 kB at 253 kB/s)
[f2d44e71-712b-4953-85b4-55186b2ca16b/Java 8 on ubuntu-latest]   | [INFO] Downloading from central: https://repo.maven.apache.org/maven2/org/sonatype/forge/forge-parent/5/forge-parent-5.pom
[f2d44e71-712b-4953-85b4-55186b2ca16b/Java 8 on ubuntu-latest]   | [INFO] Downloaded from central: https://repo.maven.apache.org/maven2/org/sonatype/forge/forge-parent/5/forge-parent-5.pom (8.4 kB at 643 kB/s)
[f2d44e71-712b-4953-85b4-55186b2ca16b/Java 8 on ubuntu-latest]   | [INFO] Downloading from central: https://repo.maven.apache.org/maven2/org/apache/maven/maven-plugin-api/2.0.6/maven-plugin-api-2.0.6.jar
[f2d44e71-712b-4953-85b4-55186b2ca16b/Java 8 on ubuntu-latest]   | [INFO] Downloading from central: https://repo.maven.apache.org/maven2/org/codehaus/plexus/plexus-utils/3.0/plexus-utils-3.0.jar
[f2d44e71-712b-4953-85b4-55186b2ca16b/Java 8 on ubuntu-latest]   | [INFO] Downloaded from central: https://repo.maven.apache.org/maven2/org/apache/maven/maven-plugin-api/2.0.6/maven-plugin-api-2.0.6.jar (13 kB at 415 kB/s)
[f2d44e71-712b-4953-85b4-55186b2ca16b/Java 8 on ubuntu-latest]   | [INFO] Downloaded from central: https://repo.maven.apache.org/maven2/org/codehaus/plexus/plexus-utils/3.0/plexus-utils-3.0.jar (226 kB at 2.6 MB/s)
[f2d44e71-712b-4953-85b4-55186b2ca16b/Java 8 on ubuntu-latest]   | [INFO] 
[f2d44e71-712b-4953-85b4-55186b2ca16b/Java 8 on ubuntu-latest]   | [INFO] --- maven-resources-plugin:2.6:resources (default-resources) @ reflections ---
[f2d44e71-712b-4953-85b4-55186b2ca16b/Java 8 on ubuntu-latest]   | [INFO] Downloading from central: https://repo.maven.apache.org/maven2/org/apache/maven/maven-project/2.0.6/maven-project-2.0.6.pom
[f2d44e71-712b-4953-85b4-55186b2ca16b/Java 8 on ubuntu-latest]   | [INFO] Downloaded from central: https://repo.maven.apache.org/maven2/org/apache/maven/maven-project/2.0.6/maven-project-2.0.6.pom (2.6 kB at 91 kB/s)
[f2d44e71-712b-4953-85b4-55186b2ca16b/Java 8 on ubuntu-latest]   | [INFO] Downloading from central: https://repo.maven.apache.org/maven2/org/apache/maven/maven-settings/2.0.6/maven-settings-2.0.6.pom
[f2d44e71-712b-4953-85b4-55186b2ca16b/Java 8 on ubuntu-latest]   | [INFO] Downloaded from central: https://repo.maven.apache.org/maven2/org/apache/maven/maven-settings/2.0.6/maven-settings-2.0.6.pom (2.0 kB at 111 kB/s)
[f2d44e71-712b-4953-85b4-55186b2ca16b/Java 8 on ubuntu-latest]   | [INFO] Downloading from central: https://repo.maven.apache.org/maven2/org/apache/maven/maven-model/2.0.6/maven-model-2.0.6.pom
[f2d44e71-712b-4953-85b4-55186b2ca16b/Java 8 on ubuntu-latest]   | [INFO] Downloaded from central: https://repo.maven.apache.org/maven2/org/apache/maven/maven-model/2.0.6/maven-model-2.0.6.pom (3.0 kB at 30 kB/s)
[f2d44e71-712b-4953-85b4-55186b2ca16b/Java 8 on ubuntu-latest]   | [INFO] Downloading from central: https://repo.maven.apache.org/maven2/org/codehaus/plexus/plexus-utils/1.4.1/plexus-utils-1.4.1.pom
[f2d44e71-712b-4953-85b4-55186b2ca16b/Java 8 on ubuntu-latest]   | [INFO] Downloaded from central: https://repo.maven.apache.org/maven2/org/codehaus/plexus/plexus-utils/1.4.1/plexus-utils-1.4.1.pom (1.9 kB at 40 kB/s)
[f2d44e71-712b-4953-85b4-55186b2ca16b/Java 8 on ubuntu-latest]   | [INFO] Downloading from central: https://repo.maven.apache.org/maven2/org/codehaus/plexus/plexus/1.0.11/plexus-1.0.11.pom
[f2d44e71-712b-4953-85b4-55186b2ca16b/Java 8 on ubuntu-latest]   | [INFO] Downloaded from central: https://repo.maven.apache.org/maven2/org/codehaus/plexus/plexus/1.0.11/plexus-1.0.11.pom (9.0 kB at 125 kB/s)
[f2d44e71-712b-4953-85b4-55186b2ca16b/Java 8 on ubuntu-latest]   | [INFO] Downloading from central: https://repo.maven.apache.org/maven2/org/codehaus/plexus/plexus-container-default/1.0-alpha-9-stable-1/plexus-container-default-1.0-alpha-9-stable-1.pom
[f2d44e71-712b-4953-85b4-55186b2ca16b/Java 8 on ubuntu-latest]   | [INFO] Downloaded from central: https://repo.maven.apache.org/maven2/org/codehaus/plexus/plexus-container-default/1.0-alpha-9-stable-1/plexus-container-default-1.0-alpha-9-stable-1.pom (3.9 kB at 120 kB/s)
[f2d44e71-712b-4953-85b4-55186b2ca16b/Java 8 on ubuntu-latest]   | [INFO] Downloading from central: https://repo.maven.apache.org/maven2/org/codehaus/plexus/plexus-containers/1.0.3/plexus-containers-1.0.3.pom
[f2d44e71-712b-4953-85b4-55186b2ca16b/Java 8 on ubuntu-latest]   | [INFO] Downloaded from central: https://repo.maven.apache.org/maven2/org/codehaus/plexus/plexus-containers/1.0.3/plexus-containers-1.0.3.pom (492 B at 26 kB/s)
[f2d44e71-712b-4953-85b4-55186b2ca16b/Java 8 on ubuntu-latest]   | [INFO] Downloading from central: https://repo.maven.apache.org/maven2/org/codehaus/plexus/plexus/1.0.4/plexus-1.0.4.pom
[f2d44e71-712b-4953-85b4-55186b2ca16b/Java 8 on ubuntu-latest]   | [INFO] Downloaded from central: https://repo.maven.apache.org/maven2/org/codehaus/plexus/plexus/1.0.4/plexus-1.0.4.pom (5.7 kB at 179 kB/s)
[f2d44e71-712b-4953-85b4-55186b2ca16b/Java 8 on ubuntu-latest]   | [INFO] Downloading from central: https://repo.maven.apache.org/maven2/junit/junit/3.8.1/junit-3.8.1.pom
[f2d44e71-712b-4953-85b4-55186b2ca16b/Java 8 on ubuntu-latest]   | [INFO] Downloaded from central: https://repo.maven.apache.org/maven2/junit/junit/3.8.1/junit-3.8.1.pom (998 B at 22 kB/s)
[f2d44e71-712b-4953-85b4-55186b2ca16b/Java 8 on ubuntu-latest]   | [INFO] Downloading from central: https://repo.maven.apache.org/maven2/org/codehaus/plexus/plexus-utils/1.0.4/plexus-utils-1.0.4.pom
[f2d44e71-712b-4953-85b4-55186b2ca16b/Java 8 on ubuntu-latest]   | [INFO] Downloaded from central: https://repo.maven.apache.org/maven2/org/codehaus/plexus/plexus-utils/1.0.4/plexus-utils-1.0.4.pom (6.9 kB at 202 kB/s)
[f2d44e71-712b-4953-85b4-55186b2ca16b/Java 8 on ubuntu-latest]   | [INFO] Downloading from central: https://repo.maven.apache.org/maven2/classworlds/classworlds/1.1-alpha-2/classworlds-1.1-alpha-2.pom
[f2d44e71-712b-4953-85b4-55186b2ca16b/Java 8 on ubuntu-latest]   | [INFO] Downloaded from central: https://repo.maven.apache.org/maven2/classworlds/classworlds/1.1-alpha-2/classworlds-1.1-alpha-2.pom (3.1 kB at 391 kB/s)
[f2d44e71-712b-4953-85b4-55186b2ca16b/Java 8 on ubuntu-latest]   | [INFO] Downloading from central: https://repo.maven.apache.org/maven2/org/apache/maven/maven-profile/2.0.6/maven-profile-2.0.6.pom
[f2d44e71-712b-4953-85b4-55186b2ca16b/Java 8 on ubuntu-latest]   | [INFO] Downloaded from central: https://repo.maven.apache.org/maven2/org/apache/maven/maven-profile/2.0.6/maven-profile-2.0.6.pom (2.0 kB at 248 kB/s)
[f2d44e71-712b-4953-85b4-55186b2ca16b/Java 8 on ubuntu-latest]   | [INFO] Downloading from central: https://repo.maven.apache.org/maven2/org/apache/maven/maven-artifact-manager/2.0.6/maven-artifact-manager-2.0.6.pom
[f2d44e71-712b-4953-85b4-55186b2ca16b/Java 8 on ubuntu-latest]   | [INFO] Downloaded from central: https://repo.maven.apache.org/maven2/org/apache/maven/maven-artifact-manager/2.0.6/maven-artifact-manager-2.0.6.pom (2.6 kB at 105 kB/s)
[f2d44e71-712b-4953-85b4-55186b2ca16b/Java 8 on ubuntu-latest]   | [INFO] Downloading from central: https://repo.maven.apache.org/maven2/org/apache/maven/maven-repository-metadata/2.0.6/maven-repository-metadata-2.0.6.pom
[f2d44e71-712b-4953-85b4-55186b2ca16b/Java 8 on ubuntu-latest]   | [INFO] Downloaded from central: https://repo.maven.apache.org/maven2/org/apache/maven/maven-repository-metadata/2.0.6/maven-repository-metadata-2.0.6.pom (1.9 kB at 71 kB/s)
[f2d44e71-712b-4953-85b4-55186b2ca16b/Java 8 on ubuntu-latest]   | [INFO] Downloading from central: https://repo.maven.apache.org/maven2/org/apache/maven/maven-artifact/2.0.6/maven-artifact-2.0.6.pom
[f2d44e71-712b-4953-85b4-55186b2ca16b/Java 8 on ubuntu-latest]   | [INFO] Downloaded from central: https://repo.maven.apache.org/maven2/org/apache/maven/maven-artifact/2.0.6/maven-artifact-2.0.6.pom (1.6 kB at 61 kB/s)
[f2d44e71-712b-4953-85b4-55186b2ca16b/Java 8 on ubuntu-latest]   | [INFO] Downloading from central: https://repo.maven.apache.org/maven2/org/apache/maven/maven-plugin-registry/2.0.6/maven-plugin-registry-2.0.6.pom
[f2d44e71-712b-4953-85b4-55186b2ca16b/Java 8 on ubuntu-latest]   | [INFO] Downloaded from central: https://repo.maven.apache.org/maven2/org/apache/maven/maven-plugin-registry/2.0.6/maven-plugin-registry-2.0.6.pom (1.9 kB at 27 kB/s)
[f2d44e71-712b-4953-85b4-55186b2ca16b/Java 8 on ubuntu-latest]   | [INFO] Downloading from central: https://repo.maven.apache.org/maven2/org/apache/maven/maven-core/2.0.6/maven-core-2.0.6.pom
[f2d44e71-712b-4953-85b4-55186b2ca16b/Java 8 on ubuntu-latest]   | [INFO] Downloaded from central: https://repo.maven.apache.org/maven2/org/apache/maven/maven-core/2.0.6/maven-core-2.0.6.pom (6.7 kB at 320 kB/s)
[f2d44e71-712b-4953-85b4-55186b2ca16b/Java 8 on ubuntu-latest]   | [INFO] Downloading from central: https://repo.maven.apache.org/maven2/org/apache/maven/maven-plugin-parameter-documenter/2.0.6/maven-plugin-parameter-documenter-2.0.6.pom
[f2d44e71-712b-4953-85b4-55186b2ca16b/Java 8 on ubuntu-latest]   | [INFO] Downloaded from central: https://repo.maven.apache.org/maven2/org/apache/maven/maven-plugin-parameter-documenter/2.0.6/maven-plugin-parameter-documenter-2.0.6.pom (1.9 kB at 30 kB/s)
[f2d44e71-712b-4953-85b4-55186b2ca16b/Java 8 on ubuntu-latest]   | [INFO] Downloading from central: https://repo.maven.apache.org/maven2/org/apache/maven/reporting/maven-reporting-api/2.0.6/maven-reporting-api-2.0.6.pom
[f2d44e71-712b-4953-85b4-55186b2ca16b/Java 8 on ubuntu-latest]   | [INFO] Downloaded from central: https://repo.maven.apache.org/maven2/org/apache/maven/reporting/maven-reporting-api/2.0.6/maven-reporting-api-2.0.6.pom (1.8 kB at 23 kB/s)
[f2d44e71-712b-4953-85b4-55186b2ca16b/Java 8 on ubuntu-latest]   | [INFO] Downloading from central: https://repo.maven.apache.org/maven2/org/apache/maven/reporting/maven-reporting/2.0.6/maven-reporting-2.0.6.pom
[f2d44e71-712b-4953-85b4-55186b2ca16b/Java 8 on ubuntu-latest]   | [INFO] Downloaded from central: https://repo.maven.apache.org/maven2/org/apache/maven/reporting/maven-reporting/2.0.6/maven-reporting-2.0.6.pom (1.4 kB at 85 kB/s)
[f2d44e71-712b-4953-85b4-55186b2ca16b/Java 8 on ubuntu-latest]   | [INFO] Downloading from central: https://repo.maven.apache.org/maven2/org/apache/maven/doxia/doxia-sink-api/1.0-alpha-7/doxia-sink-api-1.0-alpha-7.pom
[f2d44e71-712b-4953-85b4-55186b2ca16b/Java 8 on ubuntu-latest]   | [INFO] Downloaded from central: https://repo.maven.apache.org/maven2/org/apache/maven/doxia/doxia-sink-api/1.0-alpha-7/doxia-sink-api-1.0-alpha-7.pom (424 B at 7.3 kB/s)
[f2d44e71-712b-4953-85b4-55186b2ca16b/Java 8 on ubuntu-latest]   | [INFO] Downloading from central: https://repo.maven.apache.org/maven2/org/apache/maven/doxia/doxia/1.0-alpha-7/doxia-1.0-alpha-7.pom
[f2d44e71-712b-4953-85b4-55186b2ca16b/Java 8 on ubuntu-latest]   | [INFO] Downloaded from central: https://repo.maven.apache.org/maven2/org/apache/maven/doxia/doxia/1.0-alpha-7/doxia-1.0-alpha-7.pom (3.9 kB at 163 kB/s)
[f2d44e71-712b-4953-85b4-55186b2ca16b/Java 8 on ubuntu-latest]   | [INFO] Downloading from central: https://repo.maven.apache.org/maven2/org/apache/maven/maven-error-diagnostics/2.0.6/maven-error-diagnostics-2.0.6.pom
[f2d44e71-712b-4953-85b4-55186b2ca16b/Java 8 on ubuntu-latest]   | [INFO] Downloaded from central: https://repo.maven.apache.org/maven2/org/apache/maven/maven-error-diagnostics/2.0.6/maven-error-diagnostics-2.0.6.pom (1.7 kB at 22 kB/s)
[f2d44e71-712b-4953-85b4-55186b2ca16b/Java 8 on ubuntu-latest]   | [INFO] Downloading from central: https://repo.maven.apache.org/maven2/commons-cli/commons-cli/1.0/commons-cli-1.0.pom
[f2d44e71-712b-4953-85b4-55186b2ca16b/Java 8 on ubuntu-latest]   | [INFO] Downloaded from central: https://repo.maven.apache.org/maven2/commons-cli/commons-cli/1.0/commons-cli-1.0.pom (2.1 kB at 105 kB/s)
[f2d44e71-712b-4953-85b4-55186b2ca16b/Java 8 on ubuntu-latest]   | [INFO] Downloading from central: https://repo.maven.apache.org/maven2/org/apache/maven/maven-plugin-descriptor/2.0.6/maven-plugin-descriptor-2.0.6.pom
[f2d44e71-712b-4953-85b4-55186b2ca16b/Java 8 on ubuntu-latest]   | [INFO] Downloaded from central: https://repo.maven.apache.org/maven2/org/apache/maven/maven-plugin-descriptor/2.0.6/maven-plugin-descriptor-2.0.6.pom (2.0 kB at 43 kB/s)
[f2d44e71-712b-4953-85b4-55186b2ca16b/Java 8 on ubuntu-latest]   | [INFO] Downloading from central: https://repo.maven.apache.org/maven2/org/codehaus/plexus/plexus-interactivity-api/1.0-alpha-4/plexus-interactivity-api-1.0-alpha-4.pom
[f2d44e71-712b-4953-85b4-55186b2ca16b/Java 8 on ubuntu-latest]   | [INFO] Downloaded from central: https://repo.maven.apache.org/maven2/org/codehaus/plexus/plexus-interactivity-api/1.0-alpha-4/plexus-interactivity-api-1.0-alpha-4.pom (7.1 kB at 197 kB/s)
[f2d44e71-712b-4953-85b4-55186b2ca16b/Java 8 on ubuntu-latest]   | [INFO] Downloading from central: https://repo.maven.apache.org/maven2/org/apache/maven/maven-monitor/2.0.6/maven-monitor-2.0.6.pom
[f2d44e71-712b-4953-85b4-55186b2ca16b/Java 8 on ubuntu-latest]   | [INFO] Downloaded from central: https://repo.maven.apache.org/maven2/org/apache/maven/maven-monitor/2.0.6/maven-monitor-2.0.6.pom (1.3 kB at 16 kB/s)
[f2d44e71-712b-4953-85b4-55186b2ca16b/Java 8 on ubuntu-latest]   | [INFO] Downloading from central: https://repo.maven.apache.org/maven2/classworlds/classworlds/1.1/classworlds-1.1.pom
[f2d44e71-712b-4953-85b4-55186b2ca16b/Java 8 on ubuntu-latest]   | [INFO] Downloaded from central: https://repo.maven.apache.org/maven2/classworlds/classworlds/1.1/classworlds-1.1.pom (3.3 kB at 55 kB/s)
[f2d44e71-712b-4953-85b4-55186b2ca16b/Java 8 on ubuntu-latest]   | [INFO] Downloading from central: https://repo.maven.apache.org/maven2/org/codehaus/plexus/plexus-utils/2.0.5/plexus-utils-2.0.5.pom
[f2d44e71-712b-4953-85b4-55186b2ca16b/Java 8 on ubuntu-latest]   | [INFO] Downloaded from central: https://repo.maven.apache.org/maven2/org/codehaus/plexus/plexus-utils/2.0.5/plexus-utils-2.0.5.pom (3.3 kB at 417 kB/s)
[f2d44e71-712b-4953-85b4-55186b2ca16b/Java 8 on ubuntu-latest]   | [INFO] Downloading from central: https://repo.maven.apache.org/maven2/org/codehaus/plexus/plexus/2.0.6/plexus-2.0.6.pom
[f2d44e71-712b-4953-85b4-55186b2ca16b/Java 8 on ubuntu-latest]   | [INFO] Downloaded from central: https://repo.maven.apache.org/maven2/org/codehaus/plexus/plexus/2.0.6/plexus-2.0.6.pom (17 kB at 524 kB/s)
[f2d44e71-712b-4953-85b4-55186b2ca16b/Java 8 on ubuntu-latest]   | [INFO] Downloading from central: https://repo.maven.apache.org/maven2/org/apache/maven/shared/maven-filtering/1.1/maven-filtering-1.1.pom
[f2d44e71-712b-4953-85b4-55186b2ca16b/Java 8 on ubuntu-latest]   | [INFO] Downloaded from central: https://repo.maven.apache.org/maven2/org/apache/maven/shared/maven-filtering/1.1/maven-filtering-1.1.pom (5.8 kB at 223 kB/s)
[f2d44e71-712b-4953-85b4-55186b2ca16b/Java 8 on ubuntu-latest]   | [INFO] Downloading from central: https://repo.maven.apache.org/maven2/org/apache/maven/shared/maven-shared-components/17/maven-shared-components-17.pom
[f2d44e71-712b-4953-85b4-55186b2ca16b/Java 8 on ubuntu-latest]   | [INFO] Downloaded from central: https://repo.maven.apache.org/maven2/org/apache/maven/shared/maven-shared-components/17/maven-shared-components-17.pom (8.7 kB at 235 kB/s)
[f2d44e71-712b-4953-85b4-55186b2ca16b/Java 8 on ubuntu-latest]   | [INFO] Downloading from central: https://repo.maven.apache.org/maven2/org/codehaus/plexus/plexus-utils/1.5.15/plexus-utils-1.5.15.pom
[f2d44e71-712b-4953-85b4-55186b2ca16b/Java 8 on ubuntu-latest]   | [INFO] Downloaded from central: https://repo.maven.apache.org/maven2/org/codehaus/plexus/plexus-utils/1.5.15/plexus-utils-1.5.15.pom (6.8 kB at 428 kB/s)
[f2d44e71-712b-4953-85b4-55186b2ca16b/Java 8 on ubuntu-latest]   | [INFO] Downloading from central: https://repo.maven.apache.org/maven2/org/codehaus/plexus/plexus/2.0.2/plexus-2.0.2.pom
[f2d44e71-712b-4953-85b4-55186b2ca16b/Java 8 on ubuntu-latest]   | [INFO] Downloaded from central: https://repo.maven.apache.org/maven2/org/codehaus/plexus/plexus/2.0.2/plexus-2.0.2.pom (12 kB at 829 kB/s)
[f2d44e71-712b-4953-85b4-55186b2ca16b/Java 8 on ubuntu-latest]   | [INFO] Downloading from central: https://repo.maven.apache.org/maven2/org/codehaus/plexus/plexus-interpolation/1.12/plexus-interpolation-1.12.pom
[f2d44e71-712b-4953-85b4-55186b2ca16b/Java 8 on ubuntu-latest]   | [INFO] Downloaded from central: https://repo.maven.apache.org/maven2/org/codehaus/plexus/plexus-interpolation/1.12/plexus-interpolation-1.12.pom (889 B at 16 kB/s)
[f2d44e71-712b-4953-85b4-55186b2ca16b/Java 8 on ubuntu-latest]   | [INFO] Downloading from central: https://repo.maven.apache.org/maven2/org/codehaus/plexus/plexus-components/1.1.14/plexus-components-1.1.14.pom
[f2d44e71-712b-4953-85b4-55186b2ca16b/Java 8 on ubuntu-latest]   | [INFO] Downloaded from central: https://repo.maven.apache.org/maven2/org/codehaus/plexus/plexus-components/1.1.14/plexus-components-1.1.14.pom (5.8 kB at 146 kB/s)
[f2d44e71-712b-4953-85b4-55186b2ca16b/Java 8 on ubuntu-latest]   | [INFO] Downloading from central: https://repo.maven.apache.org/maven2/org/sonatype/plexus/plexus-build-api/0.0.4/plexus-build-api-0.0.4.pom
[f2d44e71-712b-4953-85b4-55186b2ca16b/Java 8 on ubuntu-latest]   | [INFO] Downloaded from central: https://repo.maven.apache.org/maven2/org/sonatype/plexus/plexus-build-api/0.0.4/plexus-build-api-0.0.4.pom (2.9 kB at 159 kB/s)
[f2d44e71-712b-4953-85b4-55186b2ca16b/Java 8 on ubuntu-latest]   | [INFO] Downloading from central: https://repo.maven.apache.org/maven2/org/sonatype/spice/spice-parent/10/spice-parent-10.pom
[f2d44e71-712b-4953-85b4-55186b2ca16b/Java 8 on ubuntu-latest]   | [INFO] Downloaded from central: https://repo.maven.apache.org/maven2/org/sonatype/spice/spice-parent/10/spice-parent-10.pom (3.0 kB at 431 kB/s)
[f2d44e71-712b-4953-85b4-55186b2ca16b/Java 8 on ubuntu-latest]   | [INFO] Downloading from central: https://repo.maven.apache.org/maven2/org/sonatype/forge/forge-parent/3/forge-parent-3.pom
[f2d44e71-712b-4953-85b4-55186b2ca16b/Java 8 on ubuntu-latest]   | [INFO] Downloaded from central: https://repo.maven.apache.org/maven2/org/sonatype/forge/forge-parent/3/forge-parent-3.pom (5.0 kB at 387 kB/s)
[f2d44e71-712b-4953-85b4-55186b2ca16b/Java 8 on ubuntu-latest]   | [INFO] Downloading from central: https://repo.maven.apache.org/maven2/org/codehaus/plexus/plexus-utils/1.5.8/plexus-utils-1.5.8.pom
[f2d44e71-712b-4953-85b4-55186b2ca16b/Java 8 on ubuntu-latest]   | [INFO] Downloaded from central: https://repo.maven.apache.org/maven2/org/codehaus/plexus/plexus-utils/1.5.8/plexus-utils-1.5.8.pom (8.1 kB at 124 kB/s)
[f2d44e71-712b-4953-85b4-55186b2ca16b/Java 8 on ubuntu-latest]   | [INFO] Downloading from central: https://repo.maven.apache.org/maven2/org/codehaus/plexus/plexus-interpolation/1.13/plexus-interpolation-1.13.pom
[f2d44e71-712b-4953-85b4-55186b2ca16b/Java 8 on ubuntu-latest]   | [INFO] Downloaded from central: https://repo.maven.apache.org/maven2/org/codehaus/plexus/plexus-interpolation/1.13/plexus-interpolation-1.13.pom (890 B at 12 kB/s)
[f2d44e71-712b-4953-85b4-55186b2ca16b/Java 8 on ubuntu-latest]   | [INFO] Downloading from central: https://repo.maven.apache.org/maven2/org/codehaus/plexus/plexus-components/1.1.15/plexus-components-1.1.15.pom
[f2d44e71-712b-4953-85b4-55186b2ca16b/Java 8 on ubuntu-latest]   | [INFO] Downloaded from central: https://repo.maven.apache.org/maven2/org/codehaus/plexus/plexus-components/1.1.15/plexus-components-1.1.15.pom (2.8 kB at 81 kB/s)
[f2d44e71-712b-4953-85b4-55186b2ca16b/Java 8 on ubuntu-latest]   | [INFO] Downloading from central: https://repo.maven.apache.org/maven2/org/codehaus/plexus/plexus/2.0.3/plexus-2.0.3.pom
[f2d44e71-712b-4953-85b4-55186b2ca16b/Java 8 on ubuntu-latest]   | [INFO] Downloaded from central: https://repo.maven.apache.org/maven2/org/codehaus/plexus/plexus/2.0.3/plexus-2.0.3.pom (15 kB at 703 kB/s)
[f2d44e71-712b-4953-85b4-55186b2ca16b/Java 8 on ubuntu-latest]   | [INFO] Downloading from central: https://repo.maven.apache.org/maven2/org/apache/maven/maven-project/2.0.6/maven-project-2.0.6.jar
[f2d44e71-712b-4953-85b4-55186b2ca16b/Java 8 on ubuntu-latest]   | [INFO] Downloading from central: https://repo.maven.apache.org/maven2/org/apache/maven/maven-profile/2.0.6/maven-profile-2.0.6.jar
[f2d44e71-712b-4953-85b4-55186b2ca16b/Java 8 on ubuntu-latest]   | [INFO] Downloading from central: https://repo.maven.apache.org/maven2/org/apache/maven/maven-artifact-manager/2.0.6/maven-artifact-manager-2.0.6.jar
[f2d44e71-712b-4953-85b4-55186b2ca16b/Java 8 on ubuntu-latest]   | [INFO] Downloading from central: https://repo.maven.apache.org/maven2/org/apache/maven/maven-core/2.0.6/maven-core-2.0.6.jar
[f2d44e71-712b-4953-85b4-55186b2ca16b/Java 8 on ubuntu-latest]   | [INFO] Downloading from central: https://repo.maven.apache.org/maven2/org/apache/maven/maven-plugin-registry/2.0.6/maven-plugin-registry-2.0.6.jar
[f2d44e71-712b-4953-85b4-55186b2ca16b/Java 8 on ubuntu-latest]   | [INFO] Downloaded from central: https://repo.maven.apache.org/maven2/org/apache/maven/maven-plugin-registry/2.0.6/maven-plugin-registry-2.0.6.jar (29 kB at 705 kB/s)
[f2d44e71-712b-4953-85b4-55186b2ca16b/Java 8 on ubuntu-latest]   | [INFO] Downloading from central: https://repo.maven.apache.org/maven2/org/apache/maven/maven-plugin-parameter-documenter/2.0.6/maven-plugin-parameter-documenter-2.0.6.jar
[f2d44e71-712b-4953-85b4-55186b2ca16b/Java 8 on ubuntu-latest]   | [INFO] Downloaded from central: https://repo.maven.apache.org/maven2/org/apache/maven/maven-project/2.0.6/maven-project-2.0.6.jar (116 kB at 1.8 MB/s)
[f2d44e71-712b-4953-85b4-55186b2ca16b/Java 8 on ubuntu-latest]   | [INFO] Downloading from central: https://repo.maven.apache.org/maven2/org/apache/maven/reporting/maven-reporting-api/2.0.6/maven-reporting-api-2.0.6.jar
[f2d44e71-712b-4953-85b4-55186b2ca16b/Java 8 on ubuntu-latest]   | [INFO] Downloaded from central: https://repo.maven.apache.org/maven2/org/apache/maven/maven-profile/2.0.6/maven-profile-2.0.6.jar (35 kB at 496 kB/s)
[f2d44e71-712b-4953-85b4-55186b2ca16b/Java 8 on ubuntu-latest]   | [INFO] Downloading from central: https://repo.maven.apache.org/maven2/org/apache/maven/doxia/doxia-sink-api/1.0-alpha-7/doxia-sink-api-1.0-alpha-7.jar
[f2d44e71-712b-4953-85b4-55186b2ca16b/Java 8 on ubuntu-latest]   | [INFO] Downloaded from central: https://repo.maven.apache.org/maven2/org/apache/maven/maven-artifact-manager/2.0.6/maven-artifact-manager-2.0.6.jar (57 kB at 518 kB/s)
[f2d44e71-712b-4953-85b4-55186b2ca16b/Java 8 on ubuntu-latest]   | [INFO] Downloading from central: https://repo.maven.apache.org/maven2/org/apache/maven/maven-repository-metadata/2.0.6/maven-repository-metadata-2.0.6.jar
[f2d44e71-712b-4953-85b4-55186b2ca16b/Java 8 on ubuntu-latest]   | [INFO] Downloaded from central: https://repo.maven.apache.org/maven2/org/apache/maven/maven-repository-metadata/2.0.6/maven-repository-metadata-2.0.6.jar (24 kB at 190 kB/s)
[f2d44e71-712b-4953-85b4-55186b2ca16b/Java 8 on ubuntu-latest]   | [INFO] Downloaded from central: https://repo.maven.apache.org/maven2/org/apache/maven/maven-plugin-parameter-documenter/2.0.6/maven-plugin-parameter-documenter-2.0.6.jar (21 kB at 161 kB/s)
[f2d44e71-712b-4953-85b4-55186b2ca16b/Java 8 on ubuntu-latest]   | [INFO] Downloading from central: https://repo.maven.apache.org/maven2/org/apache/maven/maven-error-diagnostics/2.0.6/maven-error-diagnostics-2.0.6.jar
[f2d44e71-712b-4953-85b4-55186b2ca16b/Java 8 on ubuntu-latest]   | [INFO] Downloading from central: https://repo.maven.apache.org/maven2/commons-cli/commons-cli/1.0/commons-cli-1.0.jar
[f2d44e71-712b-4953-85b4-55186b2ca16b/Java 8 on ubuntu-latest]   | [INFO] Downloaded from central: https://repo.maven.apache.org/maven2/org/apache/maven/reporting/maven-reporting-api/2.0.6/maven-reporting-api-2.0.6.jar (9.9 kB at 75 kB/s)
[f2d44e71-712b-4953-85b4-55186b2ca16b/Java 8 on ubuntu-latest]   | [INFO] Downloading from central: https://repo.maven.apache.org/maven2/org/apache/maven/maven-plugin-descriptor/2.0.6/maven-plugin-descriptor-2.0.6.jar
[f2d44e71-712b-4953-85b4-55186b2ca16b/Java 8 on ubuntu-latest]   | [INFO] Downloaded from central: https://repo.maven.apache.org/maven2/org/apache/maven/doxia/doxia-sink-api/1.0-alpha-7/doxia-sink-api-1.0-alpha-7.jar (5.9 kB at 42 kB/s)
[f2d44e71-712b-4953-85b4-55186b2ca16b/Java 8 on ubuntu-latest]   | [INFO] Downloading from central: https://repo.maven.apache.org/maven2/org/codehaus/plexus/plexus-interactivity-api/1.0-alpha-4/plexus-interactivity-api-1.0-alpha-4.jar
[f2d44e71-712b-4953-85b4-55186b2ca16b/Java 8 on ubuntu-latest]   | [INFO] Downloaded from central: https://repo.maven.apache.org/maven2/org/apache/maven/maven-plugin-descriptor/2.0.6/maven-plugin-descriptor-2.0.6.jar (37 kB at 253 kB/s)
[f2d44e71-712b-4953-85b4-55186b2ca16b/Java 8 on ubuntu-latest]   | [INFO] Downloading from central: https://repo.maven.apache.org/maven2/classworlds/classworlds/1.1/classworlds-1.1.jar
[f2d44e71-712b-4953-85b4-55186b2ca16b/Java 8 on ubuntu-latest]   | [INFO] Downloaded from central: https://repo.maven.apache.org/maven2/org/apache/maven/maven-core/2.0.6/maven-core-2.0.6.jar (152 kB at 936 kB/s)
[f2d44e71-712b-4953-85b4-55186b2ca16b/Java 8 on ubuntu-latest]   | [INFO] Downloading from central: https://repo.maven.apache.org/maven2/org/apache/maven/maven-artifact/2.0.6/maven-artifact-2.0.6.jar
[f2d44e71-712b-4953-85b4-55186b2ca16b/Java 8 on ubuntu-latest]   | [INFO] Downloaded from central: https://repo.maven.apache.org/maven2/org/apache/maven/maven-error-diagnostics/2.0.6/maven-error-diagnostics-2.0.6.jar (14 kB at 82 kB/s)
[f2d44e71-712b-4953-85b4-55186b2ca16b/Java 8 on ubuntu-latest]   | [INFO] Downloading from central: https://repo.maven.apache.org/maven2/org/apache/maven/maven-settings/2.0.6/maven-settings-2.0.6.jar
[f2d44e71-712b-4953-85b4-55186b2ca16b/Java 8 on ubuntu-latest]   | [INFO] Downloaded from central: https://repo.maven.apache.org/maven2/classworlds/classworlds/1.1/classworlds-1.1.jar (38 kB at 208 kB/s)
[f2d44e71-712b-4953-85b4-55186b2ca16b/Java 8 on ubuntu-latest]   | [INFO] Downloading from central: https://repo.maven.apache.org/maven2/org/apache/maven/maven-model/2.0.6/maven-model-2.0.6.jar
[f2d44e71-712b-4953-85b4-55186b2ca16b/Java 8 on ubuntu-latest]   | [INFO] Downloaded from central: https://repo.maven.apache.org/maven2/org/codehaus/plexus/plexus-interactivity-api/1.0-alpha-4/plexus-interactivity-api-1.0-alpha-4.jar (13 kB at 70 kB/s)
[f2d44e71-712b-4953-85b4-55186b2ca16b/Java 8 on ubuntu-latest]   | [INFO] Downloading from central: https://repo.maven.apache.org/maven2/org/apache/maven/maven-monitor/2.0.6/maven-monitor-2.0.6.jar
[f2d44e71-712b-4953-85b4-55186b2ca16b/Java 8 on ubuntu-latest]   | [INFO] Downloaded from central: https://repo.maven.apache.org/maven2/commons-cli/commons-cli/1.0/commons-cli-1.0.jar (30 kB at 165 kB/s)
[f2d44e71-712b-4953-85b4-55186b2ca16b/Java 8 on ubuntu-latest]   | [INFO] Downloading from central: https://repo.maven.apache.org/maven2/org/codehaus/plexus/plexus-container-default/1.0-alpha-9-stable-1/plexus-container-default-1.0-alpha-9-stable-1.jar
[f2d44e71-712b-4953-85b4-55186b2ca16b/Java 8 on ubuntu-latest]   | [INFO] Downloaded from central: https://repo.maven.apache.org/maven2/org/apache/maven/maven-artifact/2.0.6/maven-artifact-2.0.6.jar (87 kB at 446 kB/s)
[f2d44e71-712b-4953-85b4-55186b2ca16b/Java 8 on ubuntu-latest]   | [INFO] Downloading from central: https://repo.maven.apache.org/maven2/junit/junit/3.8.1/junit-3.8.1.jar
[f2d44e71-712b-4953-85b4-55186b2ca16b/Java 8 on ubuntu-latest]   | [INFO] Downloaded from central: https://repo.maven.apache.org/maven2/org/apache/maven/maven-model/2.0.6/maven-model-2.0.6.jar (86 kB at 439 kB/s)
[f2d44e71-712b-4953-85b4-55186b2ca16b/Java 8 on ubuntu-latest]   | [INFO] Downloading from central: https://repo.maven.apache.org/maven2/org/codehaus/plexus/plexus-utils/2.0.5/plexus-utils-2.0.5.jar
[f2d44e71-712b-4953-85b4-55186b2ca16b/Java 8 on ubuntu-latest]   | [INFO] Downloaded from central: https://repo.maven.apache.org/maven2/org/apache/maven/maven-monitor/2.0.6/maven-monitor-2.0.6.jar (10 kB at 50 kB/s)
[f2d44e71-712b-4953-85b4-55186b2ca16b/Java 8 on ubuntu-latest]   | [INFO] Downloading from central: https://repo.maven.apache.org/maven2/org/apache/maven/shared/maven-filtering/1.1/maven-filtering-1.1.jar
[f2d44e71-712b-4953-85b4-55186b2ca16b/Java 8 on ubuntu-latest]   | [INFO] Downloaded from central: https://repo.maven.apache.org/maven2/org/apache/maven/maven-settings/2.0.6/maven-settings-2.0.6.jar (49 kB at 228 kB/s)
[f2d44e71-712b-4953-85b4-55186b2ca16b/Java 8 on ubuntu-latest]   | [INFO] Downloading from central: https://repo.maven.apache.org/maven2/org/sonatype/plexus/plexus-build-api/0.0.4/plexus-build-api-0.0.4.jar
[f2d44e71-712b-4953-85b4-55186b2ca16b/Java 8 on ubuntu-latest]   | [INFO] Downloaded from central: https://repo.maven.apache.org/maven2/org/apache/maven/shared/maven-filtering/1.1/maven-filtering-1.1.jar (43 kB at 180 kB/s)
[f2d44e71-712b-4953-85b4-55186b2ca16b/Java 8 on ubuntu-latest]   | [INFO] Downloading from central: https://repo.maven.apache.org/maven2/org/codehaus/plexus/plexus-interpolation/1.13/plexus-interpolation-1.13.jar
[f2d44e71-712b-4953-85b4-55186b2ca16b/Java 8 on ubuntu-latest]   | [INFO] Downloaded from central: https://repo.maven.apache.org/maven2/junit/junit/3.8.1/junit-3.8.1.jar (121 kB at 496 kB/s)
[f2d44e71-712b-4953-85b4-55186b2ca16b/Java 8 on ubuntu-latest]   | [INFO] Downloaded from central: https://repo.maven.apache.org/maven2/org/sonatype/plexus/plexus-build-api/0.0.4/plexus-build-api-0.0.4.jar (6.8 kB at 24 kB/s)
[f2d44e71-712b-4953-85b4-55186b2ca16b/Java 8 on ubuntu-latest]   | [INFO] Downloaded from central: https://repo.maven.apache.org/maven2/org/codehaus/plexus/plexus-utils/2.0.5/plexus-utils-2.0.5.jar (223 kB at 725 kB/s)
[f2d44e71-712b-4953-85b4-55186b2ca16b/Java 8 on ubuntu-latest]   | [INFO] Downloaded from central: https://repo.maven.apache.org/maven2/org/codehaus/plexus/plexus-container-default/1.0-alpha-9-stable-1/plexus-container-default-1.0-alpha-9-stable-1.jar (194 kB at 615 kB/s)
[f2d44e71-712b-4953-85b4-55186b2ca16b/Java 8 on ubuntu-latest]   | [INFO] Downloaded from central: https://repo.maven.apache.org/maven2/org/codehaus/plexus/plexus-interpolation/1.13/plexus-interpolation-1.13.jar (61 kB at 191 kB/s)
[f2d44e71-712b-4953-85b4-55186b2ca16b/Java 8 on ubuntu-latest]   | [WARNING] Using platform encoding (UTF-8 actually) to copy filtered resources, i.e. build is platform dependent!
[f2d44e71-712b-4953-85b4-55186b2ca16b/Java 8 on ubuntu-latest]   | [INFO] skip non existing resourceDirectory /tmp/3c10d7a9-f05d-4ac0-b9d8-73b4af8311ff/src/main/resources
[f2d44e71-712b-4953-85b4-55186b2ca16b/Java 8 on ubuntu-latest]   | [INFO] 
[f2d44e71-712b-4953-85b4-55186b2ca16b/Java 8 on ubuntu-latest]   | [INFO] --- maven-compiler-plugin:3.1:compile (default-compile) @ reflections ---
[f2d44e71-712b-4953-85b4-55186b2ca16b/Java 8 on ubuntu-latest]   | [INFO] Downloading from central: https://repo.maven.apache.org/maven2/org/apache/maven/maven-plugin-api/2.0.9/maven-plugin-api-2.0.9.pom
[f2d44e71-712b-4953-85b4-55186b2ca16b/Java 8 on ubuntu-latest]   | [INFO] Downloaded from central: https://repo.maven.apache.org/maven2/org/apache/maven/maven-plugin-api/2.0.9/maven-plugin-api-2.0.9.pom (1.5 kB at 213 kB/s)
[f2d44e71-712b-4953-85b4-55186b2ca16b/Java 8 on ubuntu-latest]   | [INFO] Downloading from central: https://repo.maven.apache.org/maven2/org/apache/maven/maven/2.0.9/maven-2.0.9.pom
[f2d44e71-712b-4953-85b4-55186b2ca16b/Java 8 on ubuntu-latest]   | [INFO] Downloaded from central: https://repo.maven.apache.org/maven2/org/apache/maven/maven/2.0.9/maven-2.0.9.pom (19 kB at 2.4 MB/s)
[f2d44e71-712b-4953-85b4-55186b2ca16b/Java 8 on ubuntu-latest]   | [INFO] Downloading from central: https://repo.maven.apache.org/maven2/org/apache/maven/maven-parent/8/maven-parent-8.pom
[f2d44e71-712b-4953-85b4-55186b2ca16b/Java 8 on ubuntu-latest]   | [INFO] Downloaded from central: https://repo.maven.apache.org/maven2/org/apache/maven/maven-parent/8/maven-parent-8.pom (24 kB at 1.4 MB/s)
[f2d44e71-712b-4953-85b4-55186b2ca16b/Java 8 on ubuntu-latest]   | [INFO] Downloading from central: https://repo.maven.apache.org/maven2/org/apache/maven/maven-artifact/2.0.9/maven-artifact-2.0.9.pom
[f2d44e71-712b-4953-85b4-55186b2ca16b/Java 8 on ubuntu-latest]   | [INFO] Downloaded from central: https://repo.maven.apache.org/maven2/org/apache/maven/maven-artifact/2.0.9/maven-artifact-2.0.9.pom (1.6 kB at 60 kB/s)
[f2d44e71-712b-4953-85b4-55186b2ca16b/Java 8 on ubuntu-latest]   | [INFO] Downloading from central: https://repo.maven.apache.org/maven2/org/codehaus/plexus/plexus-utils/1.5.1/plexus-utils-1.5.1.pom
[f2d44e71-712b-4953-85b4-55186b2ca16b/Java 8 on ubuntu-latest]   | [INFO] Downloaded from central: https://repo.maven.apache.org/maven2/org/codehaus/plexus/plexus-utils/1.5.1/plexus-utils-1.5.1.pom (2.3 kB at 255 kB/s)
[f2d44e71-712b-4953-85b4-55186b2ca16b/Java 8 on ubuntu-latest]   | [INFO] Downloading from central: https://repo.maven.apache.org/maven2/org/apache/maven/maven-core/2.0.9/maven-core-2.0.9.pom
[f2d44e71-712b-4953-85b4-55186b2ca16b/Java 8 on ubuntu-latest]   | [INFO] Downloaded from central: https://repo.maven.apache.org/maven2/org/apache/maven/maven-core/2.0.9/maven-core-2.0.9.pom (7.8 kB at 432 kB/s)
[f2d44e71-712b-4953-85b4-55186b2ca16b/Java 8 on ubuntu-latest]   | [INFO] Downloading from central: https://repo.maven.apache.org/maven2/org/apache/maven/maven-settings/2.0.9/maven-settings-2.0.9.pom
[f2d44e71-712b-4953-85b4-55186b2ca16b/Java 8 on ubuntu-latest]   | [INFO] Downloaded from central: https://repo.maven.apache.org/maven2/org/apache/maven/maven-settings/2.0.9/maven-settings-2.0.9.pom (2.1 kB at 121 kB/s)
[f2d44e71-712b-4953-85b4-55186b2ca16b/Java 8 on ubuntu-latest]   | [INFO] Downloading from central: https://repo.maven.apache.org/maven2/org/apache/maven/maven-model/2.0.9/maven-model-2.0.9.pom
[f2d44e71-712b-4953-85b4-55186b2ca16b/Java 8 on ubuntu-latest]   | [INFO] Downloaded from central: https://repo.maven.apache.org/maven2/org/apache/maven/maven-model/2.0.9/maven-model-2.0.9.pom (3.1 kB at 262 kB/s)
[f2d44e71-712b-4953-85b4-55186b2ca16b/Java 8 on ubuntu-latest]   | [INFO] Downloading from central: https://repo.maven.apache.org/maven2/org/apache/maven/maven-plugin-parameter-documenter/2.0.9/maven-plugin-parameter-documenter-2.0.9.pom
[f2d44e71-712b-4953-85b4-55186b2ca16b/Java 8 on ubuntu-latest]   | [INFO] Downloaded from central: https://repo.maven.apache.org/maven2/org/apache/maven/maven-plugin-parameter-documenter/2.0.9/maven-plugin-parameter-documenter-2.0.9.pom (2.0 kB at 164 kB/s)
[f2d44e71-712b-4953-85b4-55186b2ca16b/Java 8 on ubuntu-latest]   | [INFO] Downloading from central: https://repo.maven.apache.org/maven2/org/apache/maven/maven-profile/2.0.9/maven-profile-2.0.9.pom
[f2d44e71-712b-4953-85b4-55186b2ca16b/Java 8 on ubuntu-latest]   | [INFO] Downloaded from central: https://repo.maven.apache.org/maven2/org/apache/maven/maven-profile/2.0.9/maven-profile-2.0.9.pom (2.0 kB at 114 kB/s)
[f2d44e71-712b-4953-85b4-55186b2ca16b/Java 8 on ubuntu-latest]   | [INFO] Downloading from central: https://repo.maven.apache.org/maven2/org/apache/maven/maven-repository-metadata/2.0.9/maven-repository-metadata-2.0.9.pom
[f2d44e71-712b-4953-85b4-55186b2ca16b/Java 8 on ubuntu-latest]   | [INFO] Downloaded from central: https://repo.maven.apache.org/maven2/org/apache/maven/maven-repository-metadata/2.0.9/maven-repository-metadata-2.0.9.pom (1.9 kB at 211 kB/s)
[f2d44e71-712b-4953-85b4-55186b2ca16b/Java 8 on ubuntu-latest]   | [INFO] Downloading from central: https://repo.maven.apache.org/maven2/org/apache/maven/maven-error-diagnostics/2.0.9/maven-error-diagnostics-2.0.9.pom
[f2d44e71-712b-4953-85b4-55186b2ca16b/Java 8 on ubuntu-latest]   | [INFO] Downloaded from central: https://repo.maven.apache.org/maven2/org/apache/maven/maven-error-diagnostics/2.0.9/maven-error-diagnostics-2.0.9.pom (1.7 kB at 103 kB/s)
[f2d44e71-712b-4953-85b4-55186b2ca16b/Java 8 on ubuntu-latest]   | [INFO] Downloading from central: https://repo.maven.apache.org/maven2/org/apache/maven/maven-project/2.0.9/maven-project-2.0.9.pom
[f2d44e71-712b-4953-85b4-55186b2ca16b/Java 8 on ubuntu-latest]   | [INFO] Downloaded from central: https://repo.maven.apache.org/maven2/org/apache/maven/maven-project/2.0.9/maven-project-2.0.9.pom (2.7 kB at 52 kB/s)
[f2d44e71-712b-4953-85b4-55186b2ca16b/Java 8 on ubuntu-latest]   | [INFO] Downloading from central: https://repo.maven.apache.org/maven2/org/apache/maven/maven-artifact-manager/2.0.9/maven-artifact-manager-2.0.9.pom
[f2d44e71-712b-4953-85b4-55186b2ca16b/Java 8 on ubuntu-latest]   | [INFO] Downloaded from central: https://repo.maven.apache.org/maven2/org/apache/maven/maven-artifact-manager/2.0.9/maven-artifact-manager-2.0.9.pom (2.7 kB at 193 kB/s)
[f2d44e71-712b-4953-85b4-55186b2ca16b/Java 8 on ubuntu-latest]   | [INFO] Downloading from central: https://repo.maven.apache.org/maven2/org/apache/maven/maven-plugin-registry/2.0.9/maven-plugin-registry-2.0.9.pom
[f2d44e71-712b-4953-85b4-55186b2ca16b/Java 8 on ubuntu-latest]   | [INFO] Downloaded from central: https://repo.maven.apache.org/maven2/org/apache/maven/maven-plugin-registry/2.0.9/maven-plugin-registry-2.0.9.pom (2.0 kB at 131 kB/s)
[f2d44e71-712b-4953-85b4-55186b2ca16b/Java 8 on ubuntu-latest]   | [INFO] Downloading from central: https://repo.maven.apache.org/maven2/org/apache/maven/maven-plugin-descriptor/2.0.9/maven-plugin-descriptor-2.0.9.pom
[f2d44e71-712b-4953-85b4-55186b2ca16b/Java 8 on ubuntu-latest]   | [INFO] Downloaded from central: https://repo.maven.apache.org/maven2/org/apache/maven/maven-plugin-descriptor/2.0.9/maven-plugin-descriptor-2.0.9.pom (2.1 kB at 122 kB/s)
[f2d44e71-712b-4953-85b4-55186b2ca16b/Java 8 on ubuntu-latest]   | [INFO] Downloading from central: https://repo.maven.apache.org/maven2/org/apache/maven/maven-monitor/2.0.9/maven-monitor-2.0.9.pom
[f2d44e71-712b-4953-85b4-55186b2ca16b/Java 8 on ubuntu-latest]   | [INFO] Downloaded from central: https://repo.maven.apache.org/maven2/org/apache/maven/maven-monitor/2.0.9/maven-monitor-2.0.9.pom (1.3 kB at 143 kB/s)
[f2d44e71-712b-4953-85b4-55186b2ca16b/Java 8 on ubuntu-latest]   | [INFO] Downloading from central: https://repo.maven.apache.org/maven2/org/apache/maven/maven-toolchain/1.0/maven-toolchain-1.0.pom
[f2d44e71-712b-4953-85b4-55186b2ca16b/Java 8 on ubuntu-latest]   | [INFO] Downloaded from central: https://repo.maven.apache.org/maven2/org/apache/maven/maven-toolchain/1.0/maven-toolchain-1.0.pom (3.4 kB at 118 kB/s)
[f2d44e71-712b-4953-85b4-55186b2ca16b/Java 8 on ubuntu-latest]   | [INFO] Downloading from central: https://repo.maven.apache.org/maven2/org/apache/maven/shared/maven-shared-utils/0.1/maven-shared-utils-0.1.pom
[f2d44e71-712b-4953-85b4-55186b2ca16b/Java 8 on ubuntu-latest]   | [INFO] Downloaded from central: https://repo.maven.apache.org/maven2/org/apache/maven/shared/maven-shared-utils/0.1/maven-shared-utils-0.1.pom (4.0 kB at 145 kB/s)
[f2d44e71-712b-4953-85b4-55186b2ca16b/Java 8 on ubuntu-latest]   | [INFO] Downloading from central: https://repo.maven.apache.org/maven2/org/apache/maven/shared/maven-shared-components/18/maven-shared-components-18.pom
[f2d44e71-712b-4953-85b4-55186b2ca16b/Java 8 on ubuntu-latest]   | [INFO] Downloaded from central: https://repo.maven.apache.org/maven2/org/apache/maven/shared/maven-shared-components/18/maven-shared-components-18.pom (4.9 kB at 352 kB/s)
[f2d44e71-712b-4953-85b4-55186b2ca16b/Java 8 on ubuntu-latest]   | [INFO] Downloading from central: https://repo.maven.apache.org/maven2/com/google/code/findbugs/jsr305/2.0.1/jsr305-2.0.1.pom
[f2d44e71-712b-4953-85b4-55186b2ca16b/Java 8 on ubuntu-latest]   | [INFO] Downloaded from central: https://repo.maven.apache.org/maven2/com/google/code/findbugs/jsr305/2.0.1/jsr305-2.0.1.pom (965 B at 20 kB/s)
[f2d44e71-712b-4953-85b4-55186b2ca16b/Java 8 on ubuntu-latest]   | [INFO] Downloading from central: https://repo.maven.apache.org/maven2/org/apache/maven/shared/maven-shared-incremental/1.1/maven-shared-incremental-1.1.pom
[f2d44e71-712b-4953-85b4-55186b2ca16b/Java 8 on ubuntu-latest]   | [INFO] Downloaded from central: https://repo.maven.apache.org/maven2/org/apache/maven/shared/maven-shared-incremental/1.1/maven-shared-incremental-1.1.pom (4.7 kB at 593 kB/s)
[f2d44e71-712b-4953-85b4-55186b2ca16b/Java 8 on ubuntu-latest]   | [INFO] Downloading from central: https://repo.maven.apache.org/maven2/org/apache/maven/shared/maven-shared-components/19/maven-shared-components-19.pom
[f2d44e71-712b-4953-85b4-55186b2ca16b/Java 8 on ubuntu-latest]   | [INFO] Downloaded from central: https://repo.maven.apache.org/maven2/org/apache/maven/shared/maven-shared-components/19/maven-shared-components-19.pom (6.4 kB at 424 kB/s)
[f2d44e71-712b-4953-85b4-55186b2ca16b/Java 8 on ubuntu-latest]   | [INFO] Downloading from central: https://repo.maven.apache.org/maven2/org/apache/maven/maven-plugin-api/2.2.1/maven-plugin-api-2.2.1.pom
[f2d44e71-712b-4953-85b4-55186b2ca16b/Java 8 on ubuntu-latest]   | [INFO] Downloaded from central: https://repo.maven.apache.org/maven2/org/apache/maven/maven-plugin-api/2.2.1/maven-plugin-api-2.2.1.pom (1.5 kB at 50 kB/s)
[f2d44e71-712b-4953-85b4-55186b2ca16b/Java 8 on ubuntu-latest]   | [INFO] Downloading from central: https://repo.maven.apache.org/maven2/org/apache/maven/maven/2.2.1/maven-2.2.1.pom
[f2d44e71-712b-4953-85b4-55186b2ca16b/Java 8 on ubuntu-latest]   | [INFO] Downloaded from central: https://repo.maven.apache.org/maven2/org/apache/maven/maven/2.2.1/maven-2.2.1.pom (22 kB at 1.0 MB/s)
[f2d44e71-712b-4953-85b4-55186b2ca16b/Java 8 on ubuntu-latest]   | [INFO] Downloading from central: https://repo.maven.apache.org/maven2/org/apache/maven/maven-parent/11/maven-parent-11.pom
[f2d44e71-712b-4953-85b4-55186b2ca16b/Java 8 on ubuntu-latest]   | [INFO] Downloaded from central: https://repo.maven.apache.org/maven2/org/apache/maven/maven-parent/11/maven-parent-11.pom (32 kB at 2.9 MB/s)
[f2d44e71-712b-4953-85b4-55186b2ca16b/Java 8 on ubuntu-latest]   | [INFO] Downloading from central: https://repo.maven.apache.org/maven2/org/apache/apache/5/apache-5.pom
[f2d44e71-712b-4953-85b4-55186b2ca16b/Java 8 on ubuntu-latest]   | [INFO] Downloaded from central: https://repo.maven.apache.org/maven2/org/apache/apache/5/apache-5.pom (4.1 kB at 141 kB/s)
[f2d44e71-712b-4953-85b4-55186b2ca16b/Java 8 on ubuntu-latest]   | [INFO] Downloading from central: https://repo.maven.apache.org/maven2/org/apache/maven/maven-core/2.2.1/maven-core-2.2.1.pom
[f2d44e71-712b-4953-85b4-55186b2ca16b/Java 8 on ubuntu-latest]   | [INFO] Downloaded from central: https://repo.maven.apache.org/maven2/org/apache/maven/maven-core/2.2.1/maven-core-2.2.1.pom (12 kB at 485 kB/s)
[f2d44e71-712b-4953-85b4-55186b2ca16b/Java 8 on ubuntu-latest]   | [INFO] Downloading from central: https://repo.maven.apache.org/maven2/org/apache/maven/maven-settings/2.2.1/maven-settings-2.2.1.pom
[f2d44e71-712b-4953-85b4-55186b2ca16b/Java 8 on ubuntu-latest]   | [INFO] Downloaded from central: https://repo.maven.apache.org/maven2/org/apache/maven/maven-settings/2.2.1/maven-settings-2.2.1.pom (2.2 kB at 198 kB/s)
[f2d44e71-712b-4953-85b4-55186b2ca16b/Java 8 on ubuntu-latest]   | [INFO] Downloading from central: https://repo.maven.apache.org/maven2/org/apache/maven/maven-model/2.2.1/maven-model-2.2.1.pom
[f2d44e71-712b-4953-85b4-55186b2ca16b/Java 8 on ubuntu-latest]   | [INFO] Downloaded from central: https://repo.maven.apache.org/maven2/org/apache/maven/maven-model/2.2.1/maven-model-2.2.1.pom (3.2 kB at 191 kB/s)
[f2d44e71-712b-4953-85b4-55186b2ca16b/Java 8 on ubuntu-latest]   | [INFO] Downloading from central: https://repo.maven.apache.org/maven2/org/codehaus/plexus/plexus-interpolation/1.11/plexus-interpolation-1.11.pom
[f2d44e71-712b-4953-85b4-55186b2ca16b/Java 8 on ubuntu-latest]   | [INFO] Downloaded from central: https://repo.maven.apache.org/maven2/org/codehaus/plexus/plexus-interpolation/1.11/plexus-interpolation-1.11.pom (889 B at 56 kB/s)
[f2d44e71-712b-4953-85b4-55186b2ca16b/Java 8 on ubuntu-latest]   | [INFO] Downloading from central: https://repo.maven.apache.org/maven2/org/apache/maven/maven-plugin-parameter-documenter/2.2.1/maven-plugin-parameter-documenter-2.2.1.pom
[f2d44e71-712b-4953-85b4-55186b2ca16b/Java 8 on ubuntu-latest]   | [INFO] Downloaded from central: https://repo.maven.apache.org/maven2/org/apache/maven/maven-plugin-parameter-documenter/2.2.1/maven-plugin-parameter-documenter-2.2.1.pom (2.0 kB at 47 kB/s)
[f2d44e71-712b-4953-85b4-55186b2ca16b/Java 8 on ubuntu-latest]   | [INFO] Downloading from central: https://repo.maven.apache.org/maven2/org/slf4j/slf4j-jdk14/1.5.6/slf4j-jdk14-1.5.6.pom
[f2d44e71-712b-4953-85b4-55186b2ca16b/Java 8 on ubuntu-latest]   | [INFO] Downloaded from central: https://repo.maven.apache.org/maven2/org/slf4j/slf4j-jdk14/1.5.6/slf4j-jdk14-1.5.6.pom (1.9 kB at 100 kB/s)
[f2d44e71-712b-4953-85b4-55186b2ca16b/Java 8 on ubuntu-latest]   | [INFO] Downloading from central: https://repo.maven.apache.org/maven2/org/slf4j/slf4j-parent/1.5.6/slf4j-parent-1.5.6.pom
[f2d44e71-712b-4953-85b4-55186b2ca16b/Java 8 on ubuntu-latest]   | [INFO] Downloaded from central: https://repo.maven.apache.org/maven2/org/slf4j/slf4j-parent/1.5.6/slf4j-parent-1.5.6.pom (7.9 kB at 528 kB/s)
[f2d44e71-712b-4953-85b4-55186b2ca16b/Java 8 on ubuntu-latest]   | [INFO] Downloading from central: https://repo.maven.apache.org/maven2/org/slf4j/slf4j-api/1.5.6/slf4j-api-1.5.6.pom
[f2d44e71-712b-4953-85b4-55186b2ca16b/Java 8 on ubuntu-latest]   | [INFO] Downloaded from central: https://repo.maven.apache.org/maven2/org/slf4j/slf4j-api/1.5.6/slf4j-api-1.5.6.pom (3.0 kB at 186 kB/s)
[f2d44e71-712b-4953-85b4-55186b2ca16b/Java 8 on ubuntu-latest]   | [INFO] Downloading from central: https://repo.maven.apache.org/maven2/org/slf4j/jcl-over-slf4j/1.5.6/jcl-over-slf4j-1.5.6.pom
[f2d44e71-712b-4953-85b4-55186b2ca16b/Java 8 on ubuntu-latest]   | [INFO] Downloaded from central: https://repo.maven.apache.org/maven2/org/slf4j/jcl-over-slf4j/1.5.6/jcl-over-slf4j-1.5.6.pom (2.2 kB at 167 kB/s)
[f2d44e71-712b-4953-85b4-55186b2ca16b/Java 8 on ubuntu-latest]   | [INFO] Downloading from central: https://repo.maven.apache.org/maven2/org/apache/maven/maven-profile/2.2.1/maven-profile-2.2.1.pom
[f2d44e71-712b-4953-85b4-55186b2ca16b/Java 8 on ubuntu-latest]   | [INFO] Downloaded from central: https://repo.maven.apache.org/maven2/org/apache/maven/maven-profile/2.2.1/maven-profile-2.2.1.pom (2.2 kB at 181 kB/s)
[f2d44e71-712b-4953-85b4-55186b2ca16b/Java 8 on ubuntu-latest]   | [INFO] Downloading from central: https://repo.maven.apache.org/maven2/org/apache/maven/maven-artifact/2.2.1/maven-artifact-2.2.1.pom
[f2d44e71-712b-4953-85b4-55186b2ca16b/Java 8 on ubuntu-latest]   | [INFO] Downloaded from central: https://repo.maven.apache.org/maven2/org/apache/maven/maven-artifact/2.2.1/maven-artifact-2.2.1.pom (1.6 kB at 26 kB/s)
[f2d44e71-712b-4953-85b4-55186b2ca16b/Java 8 on ubuntu-latest]   | [INFO] Downloading from central: https://repo.maven.apache.org/maven2/org/apache/maven/maven-repository-metadata/2.2.1/maven-repository-metadata-2.2.1.pom
[f2d44e71-712b-4953-85b4-55186b2ca16b/Java 8 on ubuntu-latest]   | [INFO] Downloaded from central: https://repo.maven.apache.org/maven2/org/apache/maven/maven-repository-metadata/2.2.1/maven-repository-metadata-2.2.1.pom (1.9 kB at 60 kB/s)
[f2d44e71-712b-4953-85b4-55186b2ca16b/Java 8 on ubuntu-latest]   | [INFO] Downloading from central: https://repo.maven.apache.org/maven2/org/apache/maven/maven-error-diagnostics/2.2.1/maven-error-diagnostics-2.2.1.pom
[f2d44e71-712b-4953-85b4-55186b2ca16b/Java 8 on ubuntu-latest]   | [INFO] Downloaded from central: https://repo.maven.apache.org/maven2/org/apache/maven/maven-error-diagnostics/2.2.1/maven-error-diagnostics-2.2.1.pom (1.7 kB at 32 kB/s)
[f2d44e71-712b-4953-85b4-55186b2ca16b/Java 8 on ubuntu-latest]   | [INFO] Downloading from central: https://repo.maven.apache.org/maven2/org/apache/maven/maven-project/2.2.1/maven-project-2.2.1.pom
[f2d44e71-712b-4953-85b4-55186b2ca16b/Java 8 on ubuntu-latest]   | [INFO] Downloaded from central: https://repo.maven.apache.org/maven2/org/apache/maven/maven-project/2.2.1/maven-project-2.2.1.pom (2.8 kB at 154 kB/s)
[f2d44e71-712b-4953-85b4-55186b2ca16b/Java 8 on ubuntu-latest]   | [INFO] Downloading from central: https://repo.maven.apache.org/maven2/org/apache/maven/maven-artifact-manager/2.2.1/maven-artifact-manager-2.2.1.pom
[f2d44e71-712b-4953-85b4-55186b2ca16b/Java 8 on ubuntu-latest]   | [INFO] Downloaded from central: https://repo.maven.apache.org/maven2/org/apache/maven/maven-artifact-manager/2.2.1/maven-artifact-manager-2.2.1.pom (3.1 kB at 345 kB/s)
[f2d44e71-712b-4953-85b4-55186b2ca16b/Java 8 on ubuntu-latest]   | [INFO] Downloading from central: https://repo.maven.apache.org/maven2/backport-util-concurrent/backport-util-concurrent/3.1/backport-util-concurrent-3.1.pom
[f2d44e71-712b-4953-85b4-55186b2ca16b/Java 8 on ubuntu-latest]   | [INFO] Downloaded from central: https://repo.maven.apache.org/maven2/backport-util-concurrent/backport-util-concurrent/3.1/backport-util-concurrent-3.1.pom (880 B at 49 kB/s)
[f2d44e71-712b-4953-85b4-55186b2ca16b/Java 8 on ubuntu-latest]   | [INFO] Downloading from central: https://repo.maven.apache.org/maven2/org/apache/maven/maven-plugin-registry/2.2.1/maven-plugin-registry-2.2.1.pom
[f2d44e71-712b-4953-85b4-55186b2ca16b/Java 8 on ubuntu-latest]   | [INFO] Downloaded from central: https://repo.maven.apache.org/maven2/org/apache/maven/maven-plugin-registry/2.2.1/maven-plugin-registry-2.2.1.pom (1.9 kB at 129 kB/s)
[f2d44e71-712b-4953-85b4-55186b2ca16b/Java 8 on ubuntu-latest]   | [INFO] Downloading from central: https://repo.maven.apache.org/maven2/org/apache/maven/maven-plugin-descriptor/2.2.1/maven-plugin-descriptor-2.2.1.pom
[f2d44e71-712b-4953-85b4-55186b2ca16b/Java 8 on ubuntu-latest]   | [INFO] Downloaded from central: https://repo.maven.apache.org/maven2/org/apache/maven/maven-plugin-descriptor/2.2.1/maven-plugin-descriptor-2.2.1.pom (2.1 kB at 188 kB/s)
[f2d44e71-712b-4953-85b4-55186b2ca16b/Java 8 on ubuntu-latest]   | [INFO] Downloading from central: https://repo.maven.apache.org/maven2/org/apache/maven/maven-monitor/2.2.1/maven-monitor-2.2.1.pom
[f2d44e71-712b-4953-85b4-55186b2ca16b/Java 8 on ubuntu-latest]   | [INFO] Downloaded from central: https://repo.maven.apache.org/maven2/org/apache/maven/maven-monitor/2.2.1/maven-monitor-2.2.1.pom (1.3 kB at 57 kB/s)
[f2d44e71-712b-4953-85b4-55186b2ca16b/Java 8 on ubuntu-latest]   | [INFO] Downloading from central: https://repo.maven.apache.org/maven2/org/sonatype/plexus/plexus-sec-dispatcher/1.3/plexus-sec-dispatcher-1.3.pom
[f2d44e71-712b-4953-85b4-55186b2ca16b/Java 8 on ubuntu-latest]   | [INFO] Downloaded from central: https://repo.maven.apache.org/maven2/org/sonatype/plexus/plexus-sec-dispatcher/1.3/plexus-sec-dispatcher-1.3.pom (3.0 kB at 58 kB/s)
[f2d44e71-712b-4953-85b4-55186b2ca16b/Java 8 on ubuntu-latest]   | [INFO] Downloading from central: https://repo.maven.apache.org/maven2/org/sonatype/spice/spice-parent/12/spice-parent-12.pom
[f2d44e71-712b-4953-85b4-55186b2ca16b/Java 8 on ubuntu-latest]   | [INFO] Downloaded from central: https://repo.maven.apache.org/maven2/org/sonatype/spice/spice-parent/12/spice-parent-12.pom (6.8 kB at 486 kB/s)
[f2d44e71-712b-4953-85b4-55186b2ca16b/Java 8 on ubuntu-latest]   | [INFO] Downloading from central: https://repo.maven.apache.org/maven2/org/sonatype/forge/forge-parent/4/forge-parent-4.pom
[f2d44e71-712b-4953-85b4-55186b2ca16b/Java 8 on ubuntu-latest]   | [INFO] Downloaded from central: https://repo.maven.apache.org/maven2/org/sonatype/forge/forge-parent/4/forge-parent-4.pom (8.4 kB at 280 kB/s)
[f2d44e71-712b-4953-85b4-55186b2ca16b/Java 8 on ubuntu-latest]   | [INFO] Downloading from central: https://repo.maven.apache.org/maven2/org/codehaus/plexus/plexus-utils/1.5.5/plexus-utils-1.5.5.pom
[f2d44e71-712b-4953-85b4-55186b2ca16b/Java 8 on ubuntu-latest]   | [INFO] Downloaded from central: https://repo.maven.apache.org/maven2/org/codehaus/plexus/plexus-utils/1.5.5/plexus-utils-1.5.5.pom (5.1 kB at 206 kB/s)
[f2d44e71-712b-4953-85b4-55186b2ca16b/Java 8 on ubuntu-latest]   | [INFO] Downloading from central: https://repo.maven.apache.org/maven2/org/sonatype/plexus/plexus-cipher/1.4/plexus-cipher-1.4.pom
[f2d44e71-712b-4953-85b4-55186b2ca16b/Java 8 on ubuntu-latest]   | [INFO] Downloaded from central: https://repo.maven.apache.org/maven2/org/sonatype/plexus/plexus-cipher/1.4/plexus-cipher-1.4.pom (2.1 kB at 57 kB/s)
[f2d44e71-712b-4953-85b4-55186b2ca16b/Java 8 on ubuntu-latest]   | [INFO] Downloading from central: https://repo.maven.apache.org/maven2/org/codehaus/plexus/plexus-component-annotations/1.5.5/plexus-component-annotations-1.5.5.pom
[f2d44e71-712b-4953-85b4-55186b2ca16b/Java 8 on ubuntu-latest]   | [INFO] Downloaded from central: https://repo.maven.apache.org/maven2/org/codehaus/plexus/plexus-component-annotations/1.5.5/plexus-component-annotations-1.5.5.pom (815 B at 51 kB/s)
[f2d44e71-712b-4953-85b4-55186b2ca16b/Java 8 on ubuntu-latest]   | [INFO] Downloading from central: https://repo.maven.apache.org/maven2/org/codehaus/plexus/plexus-containers/1.5.5/plexus-containers-1.5.5.pom
[f2d44e71-712b-4953-85b4-55186b2ca16b/Java 8 on ubuntu-latest]   | [INFO] Downloaded from central: https://repo.maven.apache.org/maven2/org/codehaus/plexus/plexus-containers/1.5.5/plexus-containers-1.5.5.pom (4.2 kB at 40 kB/s)
[f2d44e71-712b-4953-85b4-55186b2ca16b/Java 8 on ubuntu-latest]   | [INFO] Downloading from central: https://repo.maven.apache.org/maven2/org/codehaus/plexus/plexus/2.0.7/plexus-2.0.7.pom
[f2d44e71-712b-4953-85b4-55186b2ca16b/Java 8 on ubuntu-latest]   | [INFO] Downloaded from central: https://repo.maven.apache.org/maven2/org/codehaus/plexus/plexus/2.0.7/plexus-2.0.7.pom (17 kB at 824 kB/s)
[f2d44e71-712b-4953-85b4-55186b2ca16b/Java 8 on ubuntu-latest]   | [INFO] Downloading from central: https://repo.maven.apache.org/maven2/org/codehaus/plexus/plexus-compiler-api/2.2/plexus-compiler-api-2.2.pom
[f2d44e71-712b-4953-85b4-55186b2ca16b/Java 8 on ubuntu-latest]   | [INFO] Downloaded from central: https://repo.maven.apache.org/maven2/org/codehaus/plexus/plexus-compiler-api/2.2/plexus-compiler-api-2.2.pom (865 B at 38 kB/s)
[f2d44e71-712b-4953-85b4-55186b2ca16b/Java 8 on ubuntu-latest]   | [INFO] Downloading from central: https://repo.maven.apache.org/maven2/org/codehaus/plexus/plexus-compiler/2.2/plexus-compiler-2.2.pom
[f2d44e71-712b-4953-85b4-55186b2ca16b/Java 8 on ubuntu-latest]   | [INFO] Downloaded from central: https://repo.maven.apache.org/maven2/org/codehaus/plexus/plexus-compiler/2.2/plexus-compiler-2.2.pom (3.6 kB at 258 kB/s)
[f2d44e71-712b-4953-85b4-55186b2ca16b/Java 8 on ubuntu-latest]   | [INFO] Downloading from central: https://repo.maven.apache.org/maven2/org/codehaus/plexus/plexus-components/1.3.1/plexus-components-1.3.1.pom
[f2d44e71-712b-4953-85b4-55186b2ca16b/Java 8 on ubuntu-latest]   | [INFO] Downloaded from central: https://repo.maven.apache.org/maven2/org/codehaus/plexus/plexus-components/1.3.1/plexus-components-1.3.1.pom (3.1 kB at 73 kB/s)
[f2d44e71-712b-4953-85b4-55186b2ca16b/Java 8 on ubuntu-latest]   | [INFO] Downloading from central: https://repo.maven.apache.org/maven2/org/codehaus/plexus/plexus/3.3.1/plexus-3.3.1.pom
[f2d44e71-712b-4953-85b4-55186b2ca16b/Java 8 on ubuntu-latest]   | [INFO] Downloaded from central: https://repo.maven.apache.org/maven2/org/codehaus/plexus/plexus/3.3.1/plexus-3.3.1.pom (20 kB at 1.7 MB/s)
[f2d44e71-712b-4953-85b4-55186b2ca16b/Java 8 on ubuntu-latest]   | [INFO] Downloading from central: https://repo.maven.apache.org/maven2/org/sonatype/spice/spice-parent/17/spice-parent-17.pom
[f2d44e71-712b-4953-85b4-55186b2ca16b/Java 8 on ubuntu-latest]   | [INFO] Downloaded from central: https://repo.maven.apache.org/maven2/org/sonatype/spice/spice-parent/17/spice-parent-17.pom (6.8 kB at 294 kB/s)
[f2d44e71-712b-4953-85b4-55186b2ca16b/Java 8 on ubuntu-latest]   | [INFO] Downloading from central: https://repo.maven.apache.org/maven2/org/sonatype/forge/forge-parent/10/forge-parent-10.pom
[f2d44e71-712b-4953-85b4-55186b2ca16b/Java 8 on ubuntu-latest]   | [INFO] Downloaded from central: https://repo.maven.apache.org/maven2/org/sonatype/forge/forge-parent/10/forge-parent-10.pom (14 kB at 484 kB/s)
[f2d44e71-712b-4953-85b4-55186b2ca16b/Java 8 on ubuntu-latest]   | [INFO] Downloading from central: https://repo.maven.apache.org/maven2/org/codehaus/plexus/plexus-utils/3.0.8/plexus-utils-3.0.8.pom
[f2d44e71-712b-4953-85b4-55186b2ca16b/Java 8 on ubuntu-latest]   | [INFO] Downloaded from central: https://repo.maven.apache.org/maven2/org/codehaus/plexus/plexus-utils/3.0.8/plexus-utils-3.0.8.pom (3.1 kB at 196 kB/s)
[f2d44e71-712b-4953-85b4-55186b2ca16b/Java 8 on ubuntu-latest]   | [INFO] Downloading from central: https://repo.maven.apache.org/maven2/org/codehaus/plexus/plexus/3.2/plexus-3.2.pom
[f2d44e71-712b-4953-85b4-55186b2ca16b/Java 8 on ubuntu-latest]   | [INFO] Downloaded from central: https://repo.maven.apache.org/maven2/org/codehaus/plexus/plexus/3.2/plexus-3.2.pom (19 kB at 605 kB/s)
[f2d44e71-712b-4953-85b4-55186b2ca16b/Java 8 on ubuntu-latest]   | [INFO] Downloading from central: https://repo.maven.apache.org/maven2/org/codehaus/plexus/plexus-compiler-manager/2.2/plexus-compiler-manager-2.2.pom
[f2d44e71-712b-4953-85b4-55186b2ca16b/Java 8 on ubuntu-latest]   | [INFO] Downloaded from central: https://repo.maven.apache.org/maven2/org/codehaus/plexus/plexus-compiler-manager/2.2/plexus-compiler-manager-2.2.pom (690 B at 58 kB/s)
[f2d44e71-712b-4953-85b4-55186b2ca16b/Java 8 on ubuntu-latest]   | [INFO] Downloading from central: https://repo.maven.apache.org/maven2/org/codehaus/plexus/plexus-compiler-javac/2.2/plexus-compiler-javac-2.2.pom
[f2d44e71-712b-4953-85b4-55186b2ca16b/Java 8 on ubuntu-latest]   | [INFO] Downloaded from central: https://repo.maven.apache.org/maven2/org/codehaus/plexus/plexus-compiler-javac/2.2/plexus-compiler-javac-2.2.pom (769 B at 70 kB/s)
[f2d44e71-712b-4953-85b4-55186b2ca16b/Java 8 on ubuntu-latest]   | [INFO] Downloading from central: https://repo.maven.apache.org/maven2/org/codehaus/plexus/plexus-compilers/2.2/plexus-compilers-2.2.pom
[f2d44e71-712b-4953-85b4-55186b2ca16b/Java 8 on ubuntu-latest]   | [INFO] Downloaded from central: https://repo.maven.apache.org/maven2/org/codehaus/plexus/plexus-compilers/2.2/plexus-compilers-2.2.pom (1.2 kB at 89 kB/s)
[f2d44e71-712b-4953-85b4-55186b2ca16b/Java 8 on ubuntu-latest]   | [INFO] Downloading from central: https://repo.maven.apache.org/maven2/org/codehaus/plexus/plexus-container-default/1.5.5/plexus-container-default-1.5.5.pom
[f2d44e71-712b-4953-85b4-55186b2ca16b/Java 8 on ubuntu-latest]   | [INFO] Downloaded from central: https://repo.maven.apache.org/maven2/org/codehaus/plexus/plexus-container-default/1.5.5/plexus-container-default-1.5.5.pom (2.8 kB at 212 kB/s)
[f2d44e71-712b-4953-85b4-55186b2ca16b/Java 8 on ubuntu-latest]   | [INFO] Downloading from central: https://repo.maven.apache.org/maven2/org/codehaus/plexus/plexus-utils/1.4.5/plexus-utils-1.4.5.pom
[f2d44e71-712b-4953-85b4-55186b2ca16b/Java 8 on ubuntu-latest]   | [INFO] Downloaded from central: https://repo.maven.apache.org/maven2/org/codehaus/plexus/plexus-utils/1.4.5/plexus-utils-1.4.5.pom (2.3 kB at 226 kB/s)
[f2d44e71-712b-4953-85b4-55186b2ca16b/Java 8 on ubuntu-latest]   | [INFO] Downloading from central: https://repo.maven.apache.org/maven2/org/codehaus/plexus/plexus-classworlds/2.2.2/plexus-classworlds-2.2.2.pom
[f2d44e71-712b-4953-85b4-55186b2ca16b/Java 8 on ubuntu-latest]   | [INFO] Downloaded from central: https://repo.maven.apache.org/maven2/org/codehaus/plexus/plexus-classworlds/2.2.2/plexus-classworlds-2.2.2.pom (4.0 kB at 336 kB/s)
[f2d44e71-712b-4953-85b4-55186b2ca16b/Java 8 on ubuntu-latest]   | [INFO] Downloading from central: https://repo.maven.apache.org/maven2/org/apache/xbean/xbean-reflect/3.4/xbean-reflect-3.4.pom
[f2d44e71-712b-4953-85b4-55186b2ca16b/Java 8 on ubuntu-latest]   | [INFO] Downloaded from central: https://repo.maven.apache.org/maven2/org/apache/xbean/xbean-reflect/3.4/xbean-reflect-3.4.pom (2.8 kB at 468 kB/s)
[f2d44e71-712b-4953-85b4-55186b2ca16b/Java 8 on ubuntu-latest]   | [INFO] Downloading from central: https://repo.maven.apache.org/maven2/org/apache/xbean/xbean/3.4/xbean-3.4.pom
[f2d44e71-712b-4953-85b4-55186b2ca16b/Java 8 on ubuntu-latest]   | [INFO] Downloaded from central: https://repo.maven.apache.org/maven2/org/apache/xbean/xbean/3.4/xbean-3.4.pom (19 kB at 2.6 MB/s)
[f2d44e71-712b-4953-85b4-55186b2ca16b/Java 8 on ubuntu-latest]   | [INFO] Downloading from central: https://repo.maven.apache.org/maven2/log4j/log4j/1.2.12/log4j-1.2.12.pom
[f2d44e71-712b-4953-85b4-55186b2ca16b/Java 8 on ubuntu-latest]   | [INFO] Downloaded from central: https://repo.maven.apache.org/maven2/log4j/log4j/1.2.12/log4j-1.2.12.pom (145 B at 10 kB/s)
[f2d44e71-712b-4953-85b4-55186b2ca16b/Java 8 on ubuntu-latest]   | [INFO] Downloading from central: https://repo.maven.apache.org/maven2/commons-logging/commons-logging-api/1.1/commons-logging-api-1.1.pom
[f2d44e71-712b-4953-85b4-55186b2ca16b/Java 8 on ubuntu-latest]   | [INFO] Downloaded from central: https://repo.maven.apache.org/maven2/commons-logging/commons-logging-api/1.1/commons-logging-api-1.1.pom (5.3 kB at 535 kB/s)
[f2d44e71-712b-4953-85b4-55186b2ca16b/Java 8 on ubuntu-latest]   | [INFO] Downloading from central: https://repo.maven.apache.org/maven2/com/google/collections/google-collections/1.0/google-collections-1.0.pom
[f2d44e71-712b-4953-85b4-55186b2ca16b/Java 8 on ubuntu-latest]   | [INFO] Downloaded from central: https://repo.maven.apache.org/maven2/com/google/collections/google-collections/1.0/google-collections-1.0.pom (2.5 kB at 225 kB/s)
[f2d44e71-712b-4953-85b4-55186b2ca16b/Java 8 on ubuntu-latest]   | [INFO] Downloading from central: https://repo.maven.apache.org/maven2/com/google/google/1/google-1.pom
[f2d44e71-712b-4953-85b4-55186b2ca16b/Java 8 on ubuntu-latest]   | [INFO] Downloaded from central: https://repo.maven.apache.org/maven2/com/google/google/1/google-1.pom (1.6 kB at 222 kB/s)
[f2d44e71-712b-4953-85b4-55186b2ca16b/Java 8 on ubuntu-latest]   | [INFO] Downloading from central: https://repo.maven.apache.org/maven2/junit/junit/3.8.2/junit-3.8.2.pom
[f2d44e71-712b-4953-85b4-55186b2ca16b/Java 8 on ubuntu-latest]   | [INFO] Downloaded from central: https://repo.maven.apache.org/maven2/junit/junit/3.8.2/junit-3.8.2.pom (747 B at 93 kB/s)
[f2d44e71-712b-4953-85b4-55186b2ca16b/Java 8 on ubuntu-latest]   | [INFO] Downloading from central: https://repo.maven.apache.org/maven2/org/apache/maven/maven-plugin-api/2.0.9/maven-plugin-api-2.0.9.jar
[f2d44e71-712b-4953-85b4-55186b2ca16b/Java 8 on ubuntu-latest]   | [INFO] Downloading from central: https://repo.maven.apache.org/maven2/org/apache/maven/maven-artifact/2.0.9/maven-artifact-2.0.9.jar
[f2d44e71-712b-4953-85b4-55186b2ca16b/Java 8 on ubuntu-latest]   | [INFO] Downloading from central: https://repo.maven.apache.org/maven2/org/codehaus/plexus/plexus-utils/1.5.1/plexus-utils-1.5.1.jar
[f2d44e71-712b-4953-85b4-55186b2ca16b/Java 8 on ubuntu-latest]   | [INFO] Downloading from central: https://repo.maven.apache.org/maven2/org/apache/maven/maven-core/2.0.9/maven-core-2.0.9.jar
[f2d44e71-712b-4953-85b4-55186b2ca16b/Java 8 on ubuntu-latest]   | [INFO] Downloading from central: https://repo.maven.apache.org/maven2/org/apache/maven/maven-settings/2.0.9/maven-settings-2.0.9.jar
[f2d44e71-712b-4953-85b4-55186b2ca16b/Java 8 on ubuntu-latest]   | [INFO] Downloaded from central: https://repo.maven.apache.org/maven2/org/apache/maven/maven-settings/2.0.9/maven-settings-2.0.9.jar (49 kB at 3.5 MB/s)
[f2d44e71-712b-4953-85b4-55186b2ca16b/Java 8 on ubuntu-latest]   | [INFO] Downloading from central: https://repo.maven.apache.org/maven2/org/apache/maven/maven-plugin-parameter-documenter/2.0.9/maven-plugin-parameter-documenter-2.0.9.jar
[f2d44e71-712b-4953-85b4-55186b2ca16b/Java 8 on ubuntu-latest]   | [INFO] Downloaded from central: https://repo.maven.apache.org/maven2/org/apache/maven/maven-artifact/2.0.9/maven-artifact-2.0.9.jar (89 kB at 1.7 MB/s)
[f2d44e71-712b-4953-85b4-55186b2ca16b/Java 8 on ubuntu-latest]   | [INFO] Downloading from central: https://repo.maven.apache.org/maven2/org/apache/maven/maven-profile/2.0.9/maven-profile-2.0.9.jar
[f2d44e71-712b-4953-85b4-55186b2ca16b/Java 8 on ubuntu-latest]   | [INFO] Downloaded from central: https://repo.maven.apache.org/maven2/org/apache/maven/maven-plugin-api/2.0.9/maven-plugin-api-2.0.9.jar (13 kB at 239 kB/s)
[f2d44e71-712b-4953-85b4-55186b2ca16b/Java 8 on ubuntu-latest]   | [INFO] Downloading from central: https://repo.maven.apache.org/maven2/org/apache/maven/maven-model/2.0.9/maven-model-2.0.9.jar
[f2d44e71-712b-4953-85b4-55186b2ca16b/Java 8 on ubuntu-latest]   | [INFO] Downloaded from central: https://repo.maven.apache.org/maven2/org/apache/maven/maven-plugin-parameter-documenter/2.0.9/maven-plugin-parameter-documenter-2.0.9.jar (21 kB at 509 kB/s)
[f2d44e71-712b-4953-85b4-55186b2ca16b/Java 8 on ubuntu-latest]   | [INFO] Downloading from central: https://repo.maven.apache.org/maven2/org/apache/maven/maven-repository-metadata/2.0.9/maven-repository-metadata-2.0.9.jar
[f2d44e71-712b-4953-85b4-55186b2ca16b/Java 8 on ubuntu-latest]   | [INFO] Downloaded from central: https://repo.maven.apache.org/maven2/org/apache/maven/maven-core/2.0.9/maven-core-2.0.9.jar (160 kB at 3.5 MB/s)
[f2d44e71-712b-4953-85b4-55186b2ca16b/Java 8 on ubuntu-latest]   | [INFO] Downloading from central: https://repo.maven.apache.org/maven2/org/apache/maven/maven-error-diagnostics/2.0.9/maven-error-diagnostics-2.0.9.jar
[f2d44e71-712b-4953-85b4-55186b2ca16b/Java 8 on ubuntu-latest]   | [INFO] Downloaded from central: https://repo.maven.apache.org/maven2/org/codehaus/plexus/plexus-utils/1.5.1/plexus-utils-1.5.1.jar (211 kB at 2.9 MB/s)
[f2d44e71-712b-4953-85b4-55186b2ca16b/Java 8 on ubuntu-latest]   | [INFO] Downloading from central: https://repo.maven.apache.org/maven2/org/apache/maven/maven-project/2.0.9/maven-project-2.0.9.jar
[f2d44e71-712b-4953-85b4-55186b2ca16b/Java 8 on ubuntu-latest]   | [INFO] Downloaded from central: https://repo.maven.apache.org/maven2/org/apache/maven/maven-profile/2.0.9/maven-profile-2.0.9.jar (35 kB at 528 kB/s)
[f2d44e71-712b-4953-85b4-55186b2ca16b/Java 8 on ubuntu-latest]   | [INFO] Downloading from central: https://repo.maven.apache.org/maven2/org/apache/maven/maven-plugin-registry/2.0.9/maven-plugin-registry-2.0.9.jar
[f2d44e71-712b-4953-85b4-55186b2ca16b/Java 8 on ubuntu-latest]   | [INFO] Downloaded from central: https://repo.maven.apache.org/maven2/org/apache/maven/maven-repository-metadata/2.0.9/maven-repository-metadata-2.0.9.jar (25 kB at 356 kB/s)
[f2d44e71-712b-4953-85b4-55186b2ca16b/Java 8 on ubuntu-latest]   | [INFO] Downloading from central: https://repo.maven.apache.org/maven2/org/apache/maven/maven-plugin-descriptor/2.0.9/maven-plugin-descriptor-2.0.9.jar
[f2d44e71-712b-4953-85b4-55186b2ca16b/Java 8 on ubuntu-latest]   | [INFO] Downloaded from central: https://repo.maven.apache.org/maven2/org/apache/maven/maven-model/2.0.9/maven-model-2.0.9.jar (87 kB at 1.2 MB/s)
[f2d44e71-712b-4953-85b4-55186b2ca16b/Java 8 on ubuntu-latest]   | [INFO] Downloading from central: https://repo.maven.apache.org/maven2/org/apache/maven/maven-artifact-manager/2.0.9/maven-artifact-manager-2.0.9.jar
[f2d44e71-712b-4953-85b4-55186b2ca16b/Java 8 on ubuntu-latest]   | [INFO] Downloaded from central: https://repo.maven.apache.org/maven2/org/apache/maven/maven-project/2.0.9/maven-project-2.0.9.jar (122 kB at 1.6 MB/s)
[f2d44e71-712b-4953-85b4-55186b2ca16b/Java 8 on ubuntu-latest]   | [INFO] Downloading from central: https://repo.maven.apache.org/maven2/org/apache/maven/maven-monitor/2.0.9/maven-monitor-2.0.9.jar
[f2d44e71-712b-4953-85b4-55186b2ca16b/Java 8 on ubuntu-latest]   | [INFO] Downloaded from central: https://repo.maven.apache.org/maven2/org/apache/maven/maven-artifact-manager/2.0.9/maven-artifact-manager-2.0.9.jar (58 kB at 732 kB/s)
[f2d44e71-712b-4953-85b4-55186b2ca16b/Java 8 on ubuntu-latest]   | [INFO] Downloading from central: https://repo.maven.apache.org/maven2/org/apache/maven/maven-toolchain/1.0/maven-toolchain-1.0.jar
[f2d44e71-712b-4953-85b4-55186b2ca16b/Java 8 on ubuntu-latest]   | [INFO] Downloaded from central: https://repo.maven.apache.org/maven2/org/apache/maven/maven-error-diagnostics/2.0.9/maven-error-diagnostics-2.0.9.jar (14 kB at 172 kB/s)
[f2d44e71-712b-4953-85b4-55186b2ca16b/Java 8 on ubuntu-latest]   | [INFO] Downloading from central: https://repo.maven.apache.org/maven2/org/apache/maven/shared/maven-shared-utils/0.1/maven-shared-utils-0.1.jar
[f2d44e71-712b-4953-85b4-55186b2ca16b/Java 8 on ubuntu-latest]   | [INFO] Downloaded from central: https://repo.maven.apache.org/maven2/org/apache/maven/maven-plugin-registry/2.0.9/maven-plugin-registry-2.0.9.jar (29 kB at 355 kB/s)
[f2d44e71-712b-4953-85b4-55186b2ca16b/Java 8 on ubuntu-latest]   | [INFO] Downloading from central: https://repo.maven.apache.org/maven2/com/google/code/findbugs/jsr305/2.0.1/jsr305-2.0.1.jar
[f2d44e71-712b-4953-85b4-55186b2ca16b/Java 8 on ubuntu-latest]   | [INFO] Downloaded from central: https://repo.maven.apache.org/maven2/org/apache/maven/maven-plugin-descriptor/2.0.9/maven-plugin-descriptor-2.0.9.jar (37 kB at 446 kB/s)
[f2d44e71-712b-4953-85b4-55186b2ca16b/Java 8 on ubuntu-latest]   | [INFO] Downloading from central: https://repo.maven.apache.org/maven2/org/apache/maven/shared/maven-shared-incremental/1.1/maven-shared-incremental-1.1.jar
[f2d44e71-712b-4953-85b4-55186b2ca16b/Java 8 on ubuntu-latest]   | [INFO] Downloaded from central: https://repo.maven.apache.org/maven2/org/apache/maven/shared/maven-shared-incremental/1.1/maven-shared-incremental-1.1.jar (14 kB at 147 kB/s)
[f2d44e71-712b-4953-85b4-55186b2ca16b/Java 8 on ubuntu-latest]   | [INFO] Downloading from central: https://repo.maven.apache.org/maven2/org/codehaus/plexus/plexus-component-annotations/1.5.5/plexus-component-annotations-1.5.5.jar
[f2d44e71-712b-4953-85b4-55186b2ca16b/Java 8 on ubuntu-latest]   | [INFO] Downloaded from central: https://repo.maven.apache.org/maven2/org/apache/maven/maven-monitor/2.0.9/maven-monitor-2.0.9.jar (10 kB at 100 kB/s)
[f2d44e71-712b-4953-85b4-55186b2ca16b/Java 8 on ubuntu-latest]   | [INFO] Downloading from central: https://repo.maven.apache.org/maven2/org/codehaus/plexus/plexus-compiler-api/2.2/plexus-compiler-api-2.2.jar
[f2d44e71-712b-4953-85b4-55186b2ca16b/Java 8 on ubuntu-latest]   | [INFO] Downloaded from central: https://repo.maven.apache.org/maven2/org/apache/maven/maven-toolchain/1.0/maven-toolchain-1.0.jar (33 kB at 316 kB/s)
[f2d44e71-712b-4953-85b4-55186b2ca16b/Java 8 on ubuntu-latest]   | [INFO] Downloading from central: https://repo.maven.apache.org/maven2/org/codehaus/plexus/plexus-compiler-manager/2.2/plexus-compiler-manager-2.2.jar
[f2d44e71-712b-4953-85b4-55186b2ca16b/Java 8 on ubuntu-latest]   | [INFO] Downloaded from central: https://repo.maven.apache.org/maven2/com/google/code/findbugs/jsr305/2.0.1/jsr305-2.0.1.jar (32 kB at 306 kB/s)
[f2d44e71-712b-4953-85b4-55186b2ca16b/Java 8 on ubuntu-latest]   | [INFO] Downloading from central: https://repo.maven.apache.org/maven2/org/codehaus/plexus/plexus-compiler-javac/2.2/plexus-compiler-javac-2.2.jar
[f2d44e71-712b-4953-85b4-55186b2ca16b/Java 8 on ubuntu-latest]   | [INFO] Downloaded from central: https://repo.maven.apache.org/maven2/org/codehaus/plexus/plexus-component-annotations/1.5.5/plexus-component-annotations-1.5.5.jar (4.2 kB at 39 kB/s)
[f2d44e71-712b-4953-85b4-55186b2ca16b/Java 8 on ubuntu-latest]   | [INFO] Downloading from central: https://repo.maven.apache.org/maven2/org/codehaus/plexus/plexus-container-default/1.5.5/plexus-container-default-1.5.5.jar
[f2d44e71-712b-4953-85b4-55186b2ca16b/Java 8 on ubuntu-latest]   | [INFO] Downloaded from central: https://repo.maven.apache.org/maven2/org/codehaus/plexus/plexus-compiler-api/2.2/plexus-compiler-api-2.2.jar (25 kB at 188 kB/s)
[f2d44e71-712b-4953-85b4-55186b2ca16b/Java 8 on ubuntu-latest]   | [INFO] Downloading from central: https://repo.maven.apache.org/maven2/org/codehaus/plexus/plexus-classworlds/2.2.2/plexus-classworlds-2.2.2.jar
[f2d44e71-712b-4953-85b4-55186b2ca16b/Java 8 on ubuntu-latest]   | [INFO] Downloaded from central: https://repo.maven.apache.org/maven2/org/codehaus/plexus/plexus-compiler-javac/2.2/plexus-compiler-javac-2.2.jar (19 kB at 142 kB/s)
[f2d44e71-712b-4953-85b4-55186b2ca16b/Java 8 on ubuntu-latest]   | [INFO] Downloading from central: https://repo.maven.apache.org/maven2/org/apache/xbean/xbean-reflect/3.4/xbean-reflect-3.4.jar
[f2d44e71-712b-4953-85b4-55186b2ca16b/Java 8 on ubuntu-latest]   | [INFO] Downloaded from central: https://repo.maven.apache.org/maven2/org/codehaus/plexus/plexus-compiler-manager/2.2/plexus-compiler-manager-2.2.jar (4.6 kB at 34 kB/s)
[f2d44e71-712b-4953-85b4-55186b2ca16b/Java 8 on ubuntu-latest]   | [INFO] Downloading from central: https://repo.maven.apache.org/maven2/log4j/log4j/1.2.12/log4j-1.2.12.jar
[f2d44e71-712b-4953-85b4-55186b2ca16b/Java 8 on ubuntu-latest]   | [INFO] Downloaded from central: https://repo.maven.apache.org/maven2/org/codehaus/plexus/plexus-classworlds/2.2.2/plexus-classworlds-2.2.2.jar (46 kB at 265 kB/s)
[f2d44e71-712b-4953-85b4-55186b2ca16b/Java 8 on ubuntu-latest]   | [INFO] Downloading from central: https://repo.maven.apache.org/maven2/commons-logging/commons-logging-api/1.1/commons-logging-api-1.1.jar
[f2d44e71-712b-4953-85b4-55186b2ca16b/Java 8 on ubuntu-latest]   | [INFO] Downloaded from central: https://repo.maven.apache.org/maven2/org/codehaus/plexus/plexus-container-default/1.5.5/plexus-container-default-1.5.5.jar (217 kB at 1.2 MB/s)
[f2d44e71-712b-4953-85b4-55186b2ca16b/Java 8 on ubuntu-latest]   | [INFO] Downloading from central: https://repo.maven.apache.org/maven2/com/google/collections/google-collections/1.0/google-collections-1.0.jar
[f2d44e71-712b-4953-85b4-55186b2ca16b/Java 8 on ubuntu-latest]   | [INFO] Downloaded from central: https://repo.maven.apache.org/maven2/org/apache/maven/shared/maven-shared-utils/0.1/maven-shared-utils-0.1.jar (155 kB at 878 kB/s)
[f2d44e71-712b-4953-85b4-55186b2ca16b/Java 8 on ubuntu-latest]   | [INFO] Downloading from central: https://repo.maven.apache.org/maven2/junit/junit/3.8.2/junit-3.8.2.jar
[f2d44e71-712b-4953-85b4-55186b2ca16b/Java 8 on ubuntu-latest]   | [INFO] Downloaded from central: https://repo.maven.apache.org/maven2/log4j/log4j/1.2.12/log4j-1.2.12.jar (358 kB at 2.0 MB/s)
[f2d44e71-712b-4953-85b4-55186b2ca16b/Java 8 on ubuntu-latest]   | [INFO] Downloaded from central: https://repo.maven.apache.org/maven2/commons-logging/commons-logging-api/1.1/commons-logging-api-1.1.jar (45 kB at 246 kB/s)
[f2d44e71-712b-4953-85b4-55186b2ca16b/Java 8 on ubuntu-latest]   | [INFO] Downloaded from central: https://repo.maven.apache.org/maven2/org/apache/xbean/xbean-reflect/3.4/xbean-reflect-3.4.jar (134 kB at 719 kB/s)
[f2d44e71-712b-4953-85b4-55186b2ca16b/Java 8 on ubuntu-latest]   | [INFO] Downloaded from central: https://repo.maven.apache.org/maven2/com/google/collections/google-collections/1.0/google-collections-1.0.jar (640 kB at 3.0 MB/s)
[f2d44e71-712b-4953-85b4-55186b2ca16b/Java 8 on ubuntu-latest]   | [INFO] Downloaded from central: https://repo.maven.apache.org/maven2/junit/junit/3.8.2/junit-3.8.2.jar (121 kB at 566 kB/s)
[f2d44e71-712b-4953-85b4-55186b2ca16b/Java 8 on ubuntu-latest]   | [INFO] Changes detected - recompiling the module!
[f2d44e71-712b-4953-85b4-55186b2ca16b/Java 8 on ubuntu-latest]   | [WARNING] File encoding has not been set, using platform encoding UTF-8, i.e. build is platform dependent!
[f2d44e71-712b-4953-85b4-55186b2ca16b/Java 8 on ubuntu-latest]   | [INFO] Compiling 37 source files to /tmp/3c10d7a9-f05d-4ac0-b9d8-73b4af8311ff/target/classes
[f2d44e71-712b-4953-85b4-55186b2ca16b/Java 8 on ubuntu-latest]   | [WARNING] /tmp/3c10d7a9-f05d-4ac0-b9d8-73b4af8311ff/src/main/java/org/reflections/util/ClasspathHelper.java: /tmp/3c10d7a9-f05d-4ac0-b9d8-73b4af8311ff/src/main/java/org/reflections/util/ClasspathHelper.java uses or overrides a deprecated API.
[f2d44e71-712b-4953-85b4-55186b2ca16b/Java 8 on ubuntu-latest]   | [WARNING] /tmp/3c10d7a9-f05d-4ac0-b9d8-73b4af8311ff/src/main/java/org/reflections/util/ClasspathHelper.java: Recompile with -Xlint:deprecation for details.
[f2d44e71-712b-4953-85b4-55186b2ca16b/Java 8 on ubuntu-latest]   | [WARNING] /tmp/3c10d7a9-f05d-4ac0-b9d8-73b4af8311ff/src/main/java/org/reflections/Reflections.java: Some input files use unchecked or unsafe operations.
[f2d44e71-712b-4953-85b4-55186b2ca16b/Java 8 on ubuntu-latest]   | [WARNING] /tmp/3c10d7a9-f05d-4ac0-b9d8-73b4af8311ff/src/main/java/org/reflections/Reflections.java: Recompile with -Xlint:unchecked for details.
[f2d44e71-712b-4953-85b4-55186b2ca16b/Java 8 on ubuntu-latest]   | [INFO] 
[f2d44e71-712b-4953-85b4-55186b2ca16b/Java 8 on ubuntu-latest]   | [INFO] --- maven-resources-plugin:2.6:testResources (default-testResources) @ reflections ---
[f2d44e71-712b-4953-85b4-55186b2ca16b/Java 8 on ubuntu-latest]   | [WARNING] Using platform encoding (UTF-8 actually) to copy filtered resources, i.e. build is platform dependent!
[f2d44e71-712b-4953-85b4-55186b2ca16b/Java 8 on ubuntu-latest]   | [INFO] Copying 4 resources
[f2d44e71-712b-4953-85b4-55186b2ca16b/Java 8 on ubuntu-latest]   | [INFO] 
[f2d44e71-712b-4953-85b4-55186b2ca16b/Java 8 on ubuntu-latest]   | [INFO] --- maven-compiler-plugin:3.1:testCompile (default-testCompile) @ reflections ---
[f2d44e71-712b-4953-85b4-55186b2ca16b/Java 8 on ubuntu-latest]   | [INFO] Changes detected - recompiling the module!
[f2d44e71-712b-4953-85b4-55186b2ca16b/Java 8 on ubuntu-latest]   | [WARNING] File encoding has not been set, using platform encoding UTF-8, i.e. build is platform dependent!
[f2d44e71-712b-4953-85b4-55186b2ca16b/Java 8 on ubuntu-latest]   | [INFO] Compiling 10 source files to /tmp/3c10d7a9-f05d-4ac0-b9d8-73b4af8311ff/target/test-classes
[f2d44e71-712b-4953-85b4-55186b2ca16b/Java 8 on ubuntu-latest]   | [WARNING] /tmp/3c10d7a9-f05d-4ac0-b9d8-73b4af8311ff/src/test/java/org/reflections/ClasspathHelperTest.java:[6,16] sun.misc.ClassLoaderUtil is internal proprietary API and may be removed in a future release
[f2d44e71-712b-4953-85b4-55186b2ca16b/Java 8 on ubuntu-latest]   | [WARNING] /tmp/3c10d7a9-f05d-4ac0-b9d8-73b4af8311ff/src/test/java/org/reflections/VfsTest.java: /tmp/3c10d7a9-f05d-4ac0-b9d8-73b4af8311ff/src/test/java/org/reflections/VfsTest.java uses or overrides a deprecated API.
[f2d44e71-712b-4953-85b4-55186b2ca16b/Java 8 on ubuntu-latest]   | [WARNING] /tmp/3c10d7a9-f05d-4ac0-b9d8-73b4af8311ff/src/test/java/org/reflections/VfsTest.java: Recompile with -Xlint:deprecation for details.
[f2d44e71-712b-4953-85b4-55186b2ca16b/Java 8 on ubuntu-latest]   | [INFO] 
[f2d44e71-712b-4953-85b4-55186b2ca16b/Java 8 on ubuntu-latest]   | [INFO] --- maven-surefire-plugin:2.12.4:test (default-test) @ reflections ---
[f2d44e71-712b-4953-85b4-55186b2ca16b/Java 8 on ubuntu-latest]   | [INFO] Downloading from central: https://repo.maven.apache.org/maven2/org/apache/maven/surefire/surefire-booter/2.12.4/surefire-booter-2.12.4.pom
[f2d44e71-712b-4953-85b4-55186b2ca16b/Java 8 on ubuntu-latest]   | [INFO] Downloaded from central: https://repo.maven.apache.org/maven2/org/apache/maven/surefire/surefire-booter/2.12.4/surefire-booter-2.12.4.pom (3.0 kB at 47 kB/s)
[f2d44e71-712b-4953-85b4-55186b2ca16b/Java 8 on ubuntu-latest]   | [INFO] Downloading from central: https://repo.maven.apache.org/maven2/org/apache/maven/surefire/surefire-api/2.12.4/surefire-api-2.12.4.pom
[f2d44e71-712b-4953-85b4-55186b2ca16b/Java 8 on ubuntu-latest]   | [INFO] Downloaded from central: https://repo.maven.apache.org/maven2/org/apache/maven/surefire/surefire-api/2.12.4/surefire-api-2.12.4.pom (2.5 kB at 38 kB/s)
[f2d44e71-712b-4953-85b4-55186b2ca16b/Java 8 on ubuntu-latest]   | [INFO] Downloading from central: https://repo.maven.apache.org/maven2/org/apache/maven/surefire/maven-surefire-common/2.12.4/maven-surefire-common-2.12.4.pom
[f2d44e71-712b-4953-85b4-55186b2ca16b/Java 8 on ubuntu-latest]   | [INFO] Downloaded from central: https://repo.maven.apache.org/maven2/org/apache/maven/surefire/maven-surefire-common/2.12.4/maven-surefire-common-2.12.4.pom (5.5 kB at 184 kB/s)
[f2d44e71-712b-4953-85b4-55186b2ca16b/Java 8 on ubuntu-latest]   | [INFO] Downloading from central: https://repo.maven.apache.org/maven2/org/apache/maven/plugin-tools/maven-plugin-annotations/3.1/maven-plugin-annotations-3.1.pom
[f2d44e71-712b-4953-85b4-55186b2ca16b/Java 8 on ubuntu-latest]   | [INFO] Downloaded from central: https://repo.maven.apache.org/maven2/org/apache/maven/plugin-tools/maven-plugin-annotations/3.1/maven-plugin-annotations-3.1.pom (1.6 kB at 116 kB/s)
[f2d44e71-712b-4953-85b4-55186b2ca16b/Java 8 on ubuntu-latest]   | [INFO] Downloading from central: https://repo.maven.apache.org/maven2/org/apache/maven/plugin-tools/maven-plugin-tools/3.1/maven-plugin-tools-3.1.pom
[f2d44e71-712b-4953-85b4-55186b2ca16b/Java 8 on ubuntu-latest]   | [INFO] Downloaded from central: https://repo.maven.apache.org/maven2/org/apache/maven/plugin-tools/maven-plugin-tools/3.1/maven-plugin-tools-3.1.pom (16 kB at 1.1 MB/s)
[f2d44e71-712b-4953-85b4-55186b2ca16b/Java 8 on ubuntu-latest]   | [INFO] Downloading from central: https://repo.maven.apache.org/maven2/org/apache/maven/reporting/maven-reporting-api/2.0.9/maven-reporting-api-2.0.9.pom
[f2d44e71-712b-4953-85b4-55186b2ca16b/Java 8 on ubuntu-latest]   | [INFO] Downloaded from central: https://repo.maven.apache.org/maven2/org/apache/maven/reporting/maven-reporting-api/2.0.9/maven-reporting-api-2.0.9.pom (1.8 kB at 139 kB/s)
[f2d44e71-712b-4953-85b4-55186b2ca16b/Java 8 on ubuntu-latest]   | [INFO] Downloading from central: https://repo.maven.apache.org/maven2/org/apache/maven/reporting/maven-reporting/2.0.9/maven-reporting-2.0.9.pom
[f2d44e71-712b-4953-85b4-55186b2ca16b/Java 8 on ubuntu-latest]   | [INFO] Downloaded from central: https://repo.maven.apache.org/maven2/org/apache/maven/reporting/maven-reporting/2.0.9/maven-reporting-2.0.9.pom (1.5 kB at 148 kB/s)
[f2d44e71-712b-4953-85b4-55186b2ca16b/Java 8 on ubuntu-latest]   | [INFO] Downloading from central: https://repo.maven.apache.org/maven2/org/apache/maven/maven-toolchain/2.0.9/maven-toolchain-2.0.9.pom
[f2d44e71-712b-4953-85b4-55186b2ca16b/Java 8 on ubuntu-latest]   | [INFO] Downloaded from central: https://repo.maven.apache.org/maven2/org/apache/maven/maven-toolchain/2.0.9/maven-toolchain-2.0.9.pom (3.5 kB at 217 kB/s)
[f2d44e71-712b-4953-85b4-55186b2ca16b/Java 8 on ubuntu-latest]   | [INFO] Downloading from central: https://repo.maven.apache.org/maven2/org/apache/commons/commons-lang3/3.1/commons-lang3-3.1.pom
[f2d44e71-712b-4953-85b4-55186b2ca16b/Java 8 on ubuntu-latest]   | [INFO] Downloaded from central: https://repo.maven.apache.org/maven2/org/apache/commons/commons-lang3/3.1/commons-lang3-3.1.pom (17 kB at 452 kB/s)
[f2d44e71-712b-4953-85b4-55186b2ca16b/Java 8 on ubuntu-latest]   | [INFO] Downloading from central: https://repo.maven.apache.org/maven2/org/apache/commons/commons-parent/22/commons-parent-22.pom
[f2d44e71-712b-4953-85b4-55186b2ca16b/Java 8 on ubuntu-latest]   | [INFO] Downloaded from central: https://repo.maven.apache.org/maven2/org/apache/commons/commons-parent/22/commons-parent-22.pom (42 kB at 4.2 MB/s)
[f2d44e71-712b-4953-85b4-55186b2ca16b/Java 8 on ubuntu-latest]   | [INFO] Downloading from central: https://repo.maven.apache.org/maven2/org/apache/maven/shared/maven-common-artifact-filters/1.3/maven-common-artifact-filters-1.3.pom
[f2d44e71-712b-4953-85b4-55186b2ca16b/Java 8 on ubuntu-latest]   | [INFO] Downloaded from central: https://repo.maven.apache.org/maven2/org/apache/maven/shared/maven-common-artifact-filters/1.3/maven-common-artifact-filters-1.3.pom (3.7 kB at 463 kB/s)
[f2d44e71-712b-4953-85b4-55186b2ca16b/Java 8 on ubuntu-latest]   | [INFO] Downloading from central: https://repo.maven.apache.org/maven2/org/apache/maven/shared/maven-shared-components/12/maven-shared-components-12.pom
[f2d44e71-712b-4953-85b4-55186b2ca16b/Java 8 on ubuntu-latest]   | [INFO] Downloaded from central: https://repo.maven.apache.org/maven2/org/apache/maven/shared/maven-shared-components/12/maven-shared-components-12.pom (9.3 kB at 311 kB/s)
[f2d44e71-712b-4953-85b4-55186b2ca16b/Java 8 on ubuntu-latest]   | [INFO] Downloading from central: https://repo.maven.apache.org/maven2/org/apache/maven/maven-parent/13/maven-parent-13.pom
[f2d44e71-712b-4953-85b4-55186b2ca16b/Java 8 on ubuntu-latest]   | [INFO] Downloaded from central: https://repo.maven.apache.org/maven2/org/apache/maven/maven-parent/13/maven-parent-13.pom (23 kB at 2.1 MB/s)
[f2d44e71-712b-4953-85b4-55186b2ca16b/Java 8 on ubuntu-latest]   | [INFO] Downloading from central: https://repo.maven.apache.org/maven2/org/apache/apache/6/apache-6.pom
[f2d44e71-712b-4953-85b4-55186b2ca16b/Java 8 on ubuntu-latest]   | [INFO] Downloaded from central: https://repo.maven.apache.org/maven2/org/apache/apache/6/apache-6.pom (13 kB at 305 kB/s)
[f2d44e71-712b-4953-85b4-55186b2ca16b/Java 8 on ubuntu-latest]   | [INFO] Downloading from central: https://repo.maven.apache.org/maven2/org/codehaus/plexus/plexus-container-default/1.0-alpha-9/plexus-container-default-1.0-alpha-9.pom
[f2d44e71-712b-4953-85b4-55186b2ca16b/Java 8 on ubuntu-latest]   | [INFO] Downloaded from central: https://repo.maven.apache.org/maven2/org/codehaus/plexus/plexus-container-default/1.0-alpha-9/plexus-container-default-1.0-alpha-9.pom (1.2 kB at 49 kB/s)
[f2d44e71-712b-4953-85b4-55186b2ca16b/Java 8 on ubuntu-latest]   | [INFO] Downloading from central: https://repo.maven.apache.org/maven2/org/apache/maven/surefire/surefire-booter/2.12.4/surefire-booter-2.12.4.jar
[f2d44e71-712b-4953-85b4-55186b2ca16b/Java 8 on ubuntu-latest]   | [INFO] Downloading from central: https://repo.maven.apache.org/maven2/org/apache/maven/surefire/surefire-api/2.12.4/surefire-api-2.12.4.jar
[f2d44e71-712b-4953-85b4-55186b2ca16b/Java 8 on ubuntu-latest]   | [INFO] Downloading from central: https://repo.maven.apache.org/maven2/org/apache/maven/surefire/maven-surefire-common/2.12.4/maven-surefire-common-2.12.4.jar
[f2d44e71-712b-4953-85b4-55186b2ca16b/Java 8 on ubuntu-latest]   | [INFO] Downloading from central: https://repo.maven.apache.org/maven2/org/apache/commons/commons-lang3/3.1/commons-lang3-3.1.jar
[f2d44e71-712b-4953-85b4-55186b2ca16b/Java 8 on ubuntu-latest]   | [INFO] Downloading from central: https://repo.maven.apache.org/maven2/org/apache/maven/shared/maven-common-artifact-filters/1.3/maven-common-artifact-filters-1.3.jar
[f2d44e71-712b-4953-85b4-55186b2ca16b/Java 8 on ubuntu-latest]   | [INFO] Downloaded from central: https://repo.maven.apache.org/maven2/org/apache/maven/shared/maven-common-artifact-filters/1.3/maven-common-artifact-filters-1.3.jar (31 kB at 839 kB/s)
[f2d44e71-712b-4953-85b4-55186b2ca16b/Java 8 on ubuntu-latest]   | [INFO] Downloading from central: https://repo.maven.apache.org/maven2/org/codehaus/plexus/plexus-utils/3.0.8/plexus-utils-3.0.8.jar
[f2d44e71-712b-4953-85b4-55186b2ca16b/Java 8 on ubuntu-latest]   | [INFO] Downloaded from central: https://repo.maven.apache.org/maven2/org/apache/maven/surefire/surefire-api/2.12.4/surefire-api-2.12.4.jar (118 kB at 3.1 MB/s)
[f2d44e71-712b-4953-85b4-55186b2ca16b/Java 8 on ubuntu-latest]   | [INFO] Downloading from central: https://repo.maven.apache.org/maven2/org/apache/maven/reporting/maven-reporting-api/2.0.9/maven-reporting-api-2.0.9.jar
[f2d44e71-712b-4953-85b4-55186b2ca16b/Java 8 on ubuntu-latest]   | [INFO] Downloaded from central: https://repo.maven.apache.org/maven2/org/apache/maven/surefire/maven-surefire-common/2.12.4/maven-surefire-common-2.12.4.jar (263 kB at 6.0 MB/s)
[f2d44e71-712b-4953-85b4-55186b2ca16b/Java 8 on ubuntu-latest]   | [INFO] Downloading from central: https://repo.maven.apache.org/maven2/org/apache/maven/maven-toolchain/2.0.9/maven-toolchain-2.0.9.jar
[f2d44e71-712b-4953-85b4-55186b2ca16b/Java 8 on ubuntu-latest]   | [INFO] Downloaded from central: https://repo.maven.apache.org/maven2/org/apache/maven/reporting/maven-reporting-api/2.0.9/maven-reporting-api-2.0.9.jar (10 kB at 220 kB/s)
[f2d44e71-712b-4953-85b4-55186b2ca16b/Java 8 on ubuntu-latest]   | [INFO] Downloading from central: https://repo.maven.apache.org/maven2/org/apache/maven/plugin-tools/maven-plugin-annotations/3.1/maven-plugin-annotations-3.1.jar
[f2d44e71-712b-4953-85b4-55186b2ca16b/Java 8 on ubuntu-latest]   | [INFO] Downloaded from central: https://repo.maven.apache.org/maven2/org/apache/maven/surefire/surefire-booter/2.12.4/surefire-booter-2.12.4.jar (35 kB at 680 kB/s)
[f2d44e71-712b-4953-85b4-55186b2ca16b/Java 8 on ubuntu-latest]   | [INFO] Downloaded from central: https://repo.maven.apache.org/maven2/org/apache/maven/maven-toolchain/2.0.9/maven-toolchain-2.0.9.jar (38 kB at 759 kB/s)
[f2d44e71-712b-4953-85b4-55186b2ca16b/Java 8 on ubuntu-latest]   | [INFO] Downloaded from central: https://repo.maven.apache.org/maven2/org/apache/commons/commons-lang3/3.1/commons-lang3-3.1.jar (316 kB at 6.2 MB/s)
[f2d44e71-712b-4953-85b4-55186b2ca16b/Java 8 on ubuntu-latest]   | [INFO] Downloaded from central: https://repo.maven.apache.org/maven2/org/codehaus/plexus/plexus-utils/3.0.8/plexus-utils-3.0.8.jar (232 kB at 3.1 MB/s)
[f2d44e71-712b-4953-85b4-55186b2ca16b/Java 8 on ubuntu-latest]   | [INFO] Downloaded from central: https://repo.maven.apache.org/maven2/org/apache/maven/plugin-tools/maven-plugin-annotations/3.1/maven-plugin-annotations-3.1.jar (14 kB at 187 kB/s)
[f2d44e71-712b-4953-85b4-55186b2ca16b/Java 8 on ubuntu-latest]   | [INFO] Surefire report directory: /tmp/3c10d7a9-f05d-4ac0-b9d8-73b4af8311ff/target/surefire-reports
[f2d44e71-712b-4953-85b4-55186b2ca16b/Java 8 on ubuntu-latest]   | [INFO] Downloading from central: https://repo.maven.apache.org/maven2/org/apache/maven/surefire/surefire-junit4/2.12.4/surefire-junit4-2.12.4.pom
[f2d44e71-712b-4953-85b4-55186b2ca16b/Java 8 on ubuntu-latest]   | [INFO] Downloaded from central: https://repo.maven.apache.org/maven2/org/apache/maven/surefire/surefire-junit4/2.12.4/surefire-junit4-2.12.4.pom (2.4 kB at 402 kB/s)
[f2d44e71-712b-4953-85b4-55186b2ca16b/Java 8 on ubuntu-latest]   | [INFO] Downloading from central: https://repo.maven.apache.org/maven2/org/apache/maven/surefire/surefire-providers/2.12.4/surefire-providers-2.12.4.pom
[f2d44e71-712b-4953-85b4-55186b2ca16b/Java 8 on ubuntu-latest]   | [INFO] Downloaded from central: https://repo.maven.apache.org/maven2/org/apache/maven/surefire/surefire-providers/2.12.4/surefire-providers-2.12.4.pom (2.3 kB at 168 kB/s)
[f2d44e71-712b-4953-85b4-55186b2ca16b/Java 8 on ubuntu-latest]   | [INFO] Downloading from central: https://repo.maven.apache.org/maven2/org/apache/maven/surefire/surefire-junit4/2.12.4/surefire-junit4-2.12.4.jar
[f2d44e71-712b-4953-85b4-55186b2ca16b/Java 8 on ubuntu-latest]   | [INFO] Downloaded from central: https://repo.maven.apache.org/maven2/org/apache/maven/surefire/surefire-junit4/2.12.4/surefire-junit4-2.12.4.jar (37 kB at 1.2 MB/s)
[f2d44e71-712b-4953-85b4-55186b2ca16b/Java 8 on ubuntu-latest]   | 
[f2d44e71-712b-4953-85b4-55186b2ca16b/Java 8 on ubuntu-latest]   | -------------------------------------------------------
[f2d44e71-712b-4953-85b4-55186b2ca16b/Java 8 on ubuntu-latest]   |  T E S T S
[f2d44e71-712b-4953-85b4-55186b2ca16b/Java 8 on ubuntu-latest]   | -------------------------------------------------------
[f2d44e71-712b-4953-85b4-55186b2ca16b/Java 8 on ubuntu-latest]   | Running org.reflections.VfsTest
[f2d44e71-712b-4953-85b4-55186b2ca16b/Java 8 on ubuntu-latest]   | testVfsDir(jar:file:/usr/lib/jvm/adoptopenjdk-8-hotspot-amd64/jre/lib/ext/zipfs.jar!/)
[f2d44e71-712b-4953-85b4-55186b2ca16b/Java 8 on ubuntu-latest]   | testVfsDir(file:/tmp/3c10d7a9-f05d-4ac0-b9d8-73b4af8311ff/target/test-classes/dir+with%20spaces)
[f2d44e71-712b-4953-85b4-55186b2ca16b/Java 8 on ubuntu-latest]   | testVfsDir(file:/usr/lib/jvm/adoptopenjdk-8-hotspot-amd64/jre/lib/ext/zipfs.jar)
[f2d44e71-712b-4953-85b4-55186b2ca16b/Java 8 on ubuntu-latest]   | testVfsDir(file:/tmp/3c10d7a9-f05d-4ac0-b9d8-73b4af8311ff/)
[f2d44e71-712b-4953-85b4-55186b2ca16b/Java 8 on ubuntu-latest]   | Tests run: 9, Failures: 0, Errors: 0, Skipped: 1, Time elapsed: 0.349 sec
[f2d44e71-712b-4953-85b4-55186b2ca16b/Java 8 on ubuntu-latest]   | Running org.reflections.ReflectionUtilsTest
[f2d44e71-712b-4953-85b4-55186b2ca16b/Java 8 on ubuntu-latest]   | 35 [main] INFO org.reflections.Reflections - Reflections took 27 ms to scan 1 urls, producing 1 keys and 2 values 
[f2d44e71-712b-4953-85b4-55186b2ca16b/Java 8 on ubuntu-latest]   | Tests run: 4, Failures: 0, Errors: 0, Skipped: 0, Time elapsed: 0.062 sec
[f2d44e71-712b-4953-85b4-55186b2ca16b/Java 8 on ubuntu-latest]   | Running org.reflections.ReflectionsParallelTest
[f2d44e71-712b-4953-85b4-55186b2ca16b/Java 8 on ubuntu-latest]   | 83 [main] INFO org.reflections.Reflections - Reflections took 27 ms to scan 1 urls, producing 50 keys and 152 values [using 128 cores]
[f2d44e71-712b-4953-85b4-55186b2ca16b/Java 8 on ubuntu-latest]   | 118 [main] INFO org.reflections.Reflections - Reflections took 3 ms to scan 1 urls, producing 2 keys and 2 values 
[f2d44e71-712b-4953-85b4-55186b2ca16b/Java 8 on ubuntu-latest]   | 126 [main] INFO org.reflections.Reflections - Reflections took 5 ms to scan 1 urls, producing 15 keys and 37 values 
[f2d44e71-712b-4953-85b4-55186b2ca16b/Java 8 on ubuntu-latest]   | Tests run: 11, Failures: 0, Errors: 0, Skipped: 0, Time elapsed: 0.085 sec
[f2d44e71-712b-4953-85b4-55186b2ca16b/Java 8 on ubuntu-latest]   | Running org.reflections.ReflectionsCollectTest
[f2d44e71-712b-4953-85b4-55186b2ca16b/Java 8 on ubuntu-latest]   | 137 [main] INFO org.reflections.Reflections - Reflections took 9 ms to scan 1 urls, producing 37 keys and 100 values 
[f2d44e71-712b-4953-85b4-55186b2ca16b/Java 8 on ubuntu-latest]   | 210 [main] INFO org.reflections.Reflections - Reflections successfully saved in /tmp/3c10d7a9-f05d-4ac0-b9d8-73b4af8311ff/target/test-classes/META-INF/reflections/testModel-reflections.xml using XmlSerializer
[f2d44e71-712b-4953-85b4-55186b2ca16b/Java 8 on ubuntu-latest]   | 215 [main] INFO org.reflections.Reflections - Reflections took 4 ms to scan 1 urls, producing 12 keys and 50 values 
[f2d44e71-712b-4953-85b4-55186b2ca16b/Java 8 on ubuntu-latest]   | 269 [main] INFO org.reflections.Reflections - Reflections successfully saved in /tmp/3c10d7a9-f05d-4ac0-b9d8-73b4af8311ff/target/test-classes/META-INF/reflections/testModel-reflections.json using JsonSerializer
[f2d44e71-712b-4953-85b4-55186b2ca16b/Java 8 on ubuntu-latest]   | 314 [main] INFO org.reflections.Reflections - Reflections took 44 ms to collect 1 url, producing 38 keys and 102 values [file:/tmp/3c10d7a9-f05d-4ac0-b9d8-73b4af8311ff/target/test-classes/]
[f2d44e71-712b-4953-85b4-55186b2ca16b/Java 8 on ubuntu-latest]   | 326 [main] INFO org.reflections.Reflections - Reflections took 12 ms to collect 1 url, producing 12 keys and 50 values [file:/tmp/3c10d7a9-f05d-4ac0-b9d8-73b4af8311ff/target/test-classes/]
[f2d44e71-712b-4953-85b4-55186b2ca16b/Java 8 on ubuntu-latest]   | 330 [main] INFO org.reflections.Reflections - Reflections took 2 ms to scan 1 urls, producing 4 keys and 4 values 
[f2d44e71-712b-4953-85b4-55186b2ca16b/Java 8 on ubuntu-latest]   | 351 [main] INFO org.reflections.Reflections - Reflections took 6 ms to scan 1 urls, producing 15 keys and 37 values 
[f2d44e71-712b-4953-85b4-55186b2ca16b/Java 8 on ubuntu-latest]   | Tests run: 11, Failures: 0, Errors: 0, Skipped: 0, Time elapsed: 0.225 sec
[f2d44e71-712b-4953-85b4-55186b2ca16b/Java 8 on ubuntu-latest]   | Running org.reflections.ReflectionsTest
[f2d44e71-712b-4953-85b4-55186b2ca16b/Java 8 on ubuntu-latest]   | 372 [main] INFO org.reflections.Reflections - Reflections took 19 ms to scan 1 urls, producing 50 keys and 152 values 
[f2d44e71-712b-4953-85b4-55186b2ca16b/Java 8 on ubuntu-latest]   | 385 [main] INFO org.reflections.Reflections - Reflections took 2 ms to scan 1 urls, producing 2 keys and 2 values 
[f2d44e71-712b-4953-85b4-55186b2ca16b/Java 8 on ubuntu-latest]   | 390 [main] INFO org.reflections.Reflections - Reflections took 4 ms to scan 1 urls, producing 15 keys and 37 values 
[f2d44e71-712b-4953-85b4-55186b2ca16b/Java 8 on ubuntu-latest]   | Tests run: 11, Failures: 0, Errors: 0, Skipped: 0, Time elapsed: 0.038 sec
[f2d44e71-712b-4953-85b4-55186b2ca16b/Java 8 on ubuntu-latest]   | Running org.reflections.FilterBuilderTest
[f2d44e71-712b-4953-85b4-55186b2ca16b/Java 8 on ubuntu-latest]   | Tests run: 17, Failures: 0, Errors: 0, Skipped: 0, Time elapsed: 0.006 sec
[f2d44e71-712b-4953-85b4-55186b2ca16b/Java 8 on ubuntu-latest]   | Running org.reflections.JavaCodeSerializerTest
[f2d44e71-712b-4953-85b4-55186b2ca16b/Java 8 on ubuntu-latest]   | 409 [main] INFO org.reflections.Reflections - Reflections took 10 ms to scan 1 urls, producing 22 keys and 73 values 
[f2d44e71-712b-4953-85b4-55186b2ca16b/Java 8 on ubuntu-latest]   | 423 [main] INFO org.reflections.Reflections - Reflections successfully saved in /tmp/3c10d7a9-f05d-4ac0-b9d8-73b4af8311ff/src/test/java/org/reflections/MyTestModelStore.java using JavaCodeSerializer
[f2d44e71-712b-4953-85b4-55186b2ca16b/Java 8 on ubuntu-latest]   | Tests run: 1, Failures: 0, Errors: 0, Skipped: 0, Time elapsed: 0.035 sec
[f2d44e71-712b-4953-85b4-55186b2ca16b/Java 8 on ubuntu-latest]   | Running org.reflections.ClasspathHelperTest
[f2d44e71-712b-4953-85b4-55186b2ca16b/Java 8 on ubuntu-latest]   | Tests run: 1, Failures: 0, Errors: 0, Skipped: 0, Time elapsed: 0.006 sec
[f2d44e71-712b-4953-85b4-55186b2ca16b/Java 8 on ubuntu-latest]   | 
[f2d44e71-712b-4953-85b4-55186b2ca16b/Java 8 on ubuntu-latest]   | Results :
[f2d44e71-712b-4953-85b4-55186b2ca16b/Java 8 on ubuntu-latest]   | 
[f2d44e71-712b-4953-85b4-55186b2ca16b/Java 8 on ubuntu-latest]   | Tests run: 65, Failures: 0, Errors: 0, Skipped: 1
[f2d44e71-712b-4953-85b4-55186b2ca16b/Java 8 on ubuntu-latest]   | 
[f2d44e71-712b-4953-85b4-55186b2ca16b/Java 8 on ubuntu-latest]   | [INFO] 
[f2d44e71-712b-4953-85b4-55186b2ca16b/Java 8 on ubuntu-latest]   | [INFO] --- maven-jar-plugin:2.4:jar (default-jar) @ reflections ---
[f2d44e71-712b-4953-85b4-55186b2ca16b/Java 8 on ubuntu-latest]   | [INFO] Downloading from central: https://repo.maven.apache.org/maven2/org/apache/maven/maven-archiver/2.5/maven-archiver-2.5.pom
[f2d44e71-712b-4953-85b4-55186b2ca16b/Java 8 on ubuntu-latest]   | [INFO] Downloaded from central: https://repo.maven.apache.org/maven2/org/apache/maven/maven-archiver/2.5/maven-archiver-2.5.pom (4.5 kB at 133 kB/s)
[f2d44e71-712b-4953-85b4-55186b2ca16b/Java 8 on ubuntu-latest]   | [INFO] Downloading from central: https://repo.maven.apache.org/maven2/org/codehaus/plexus/plexus-archiver/2.1/plexus-archiver-2.1.pom
[f2d44e71-712b-4953-85b4-55186b2ca16b/Java 8 on ubuntu-latest]   | [INFO] Downloaded from central: https://repo.maven.apache.org/maven2/org/codehaus/plexus/plexus-archiver/2.1/plexus-archiver-2.1.pom (2.8 kB at 88 kB/s)
[f2d44e71-712b-4953-85b4-55186b2ca16b/Java 8 on ubuntu-latest]   | [INFO] Downloading from central: https://repo.maven.apache.org/maven2/org/codehaus/plexus/plexus-io/2.0.2/plexus-io-2.0.2.pom
[f2d44e71-712b-4953-85b4-55186b2ca16b/Java 8 on ubuntu-latest]   | [INFO] Downloaded from central: https://repo.maven.apache.org/maven2/org/codehaus/plexus/plexus-io/2.0.2/plexus-io-2.0.2.pom (1.7 kB at 87 kB/s)
[f2d44e71-712b-4953-85b4-55186b2ca16b/Java 8 on ubuntu-latest]   | [INFO] Downloading from central: https://repo.maven.apache.org/maven2/org/codehaus/plexus/plexus-components/1.1.19/plexus-components-1.1.19.pom
[f2d44e71-712b-4953-85b4-55186b2ca16b/Java 8 on ubuntu-latest]   | [INFO] Downloaded from central: https://repo.maven.apache.org/maven2/org/codehaus/plexus/plexus-components/1.1.19/plexus-components-1.1.19.pom (2.7 kB at 49 kB/s)
[f2d44e71-712b-4953-85b4-55186b2ca16b/Java 8 on ubuntu-latest]   | [INFO] Downloading from central: https://repo.maven.apache.org/maven2/org/codehaus/plexus/plexus/3.0.1/plexus-3.0.1.pom
[f2d44e71-712b-4953-85b4-55186b2ca16b/Java 8 on ubuntu-latest]   | [INFO] Downloaded from central: https://repo.maven.apache.org/maven2/org/codehaus/plexus/plexus/3.0.1/plexus-3.0.1.pom (19 kB at 600 kB/s)
[f2d44e71-712b-4953-85b4-55186b2ca16b/Java 8 on ubuntu-latest]   | [INFO] Downloading from central: https://repo.maven.apache.org/maven2/org/codehaus/plexus/plexus-interpolation/1.15/plexus-interpolation-1.15.pom
[f2d44e71-712b-4953-85b4-55186b2ca16b/Java 8 on ubuntu-latest]   | [INFO] Downloaded from central: https://repo.maven.apache.org/maven2/org/codehaus/plexus/plexus-interpolation/1.15/plexus-interpolation-1.15.pom (1.0 kB at 54 kB/s)
[f2d44e71-712b-4953-85b4-55186b2ca16b/Java 8 on ubuntu-latest]   | [INFO] Downloading from central: https://repo.maven.apache.org/maven2/commons-lang/commons-lang/2.1/commons-lang-2.1.pom
[f2d44e71-712b-4953-85b4-55186b2ca16b/Java 8 on ubuntu-latest]   | [INFO] Downloaded from central: https://repo.maven.apache.org/maven2/commons-lang/commons-lang/2.1/commons-lang-2.1.pom (9.9 kB at 451 kB/s)
[f2d44e71-712b-4953-85b4-55186b2ca16b/Java 8 on ubuntu-latest]   | [INFO] Downloading from central: https://repo.maven.apache.org/maven2/classworlds/classworlds/1.1-alpha-2/classworlds-1.1-alpha-2.jar
[f2d44e71-712b-4953-85b4-55186b2ca16b/Java 8 on ubuntu-latest]   | [INFO] Downloading from central: https://repo.maven.apache.org/maven2/org/apache/maven/maven-archiver/2.5/maven-archiver-2.5.jar
[f2d44e71-712b-4953-85b4-55186b2ca16b/Java 8 on ubuntu-latest]   | [INFO] Downloading from central: https://repo.maven.apache.org/maven2/org/codehaus/plexus/plexus-interpolation/1.15/plexus-interpolation-1.15.jar
[f2d44e71-712b-4953-85b4-55186b2ca16b/Java 8 on ubuntu-latest]   | [INFO] Downloading from central: https://repo.maven.apache.org/maven2/org/codehaus/plexus/plexus-archiver/2.1/plexus-archiver-2.1.jar
[f2d44e71-712b-4953-85b4-55186b2ca16b/Java 8 on ubuntu-latest]   | [INFO] Downloading from central: https://repo.maven.apache.org/maven2/org/codehaus/plexus/plexus-io/2.0.2/plexus-io-2.0.2.jar
[f2d44e71-712b-4953-85b4-55186b2ca16b/Java 8 on ubuntu-latest]   | [INFO] Downloaded from central: https://repo.maven.apache.org/maven2/org/codehaus/plexus/plexus-interpolation/1.15/plexus-interpolation-1.15.jar (60 kB at 1.9 MB/s)
[f2d44e71-712b-4953-85b4-55186b2ca16b/Java 8 on ubuntu-latest]   | [INFO] Downloading from central: https://repo.maven.apache.org/maven2/commons-lang/commons-lang/2.1/commons-lang-2.1.jar
[f2d44e71-712b-4953-85b4-55186b2ca16b/Java 8 on ubuntu-latest]   | [INFO] Downloaded from central: https://repo.maven.apache.org/maven2/org/apache/maven/maven-archiver/2.5/maven-archiver-2.5.jar (22 kB at 276 kB/s)
[f2d44e71-712b-4953-85b4-55186b2ca16b/Java 8 on ubuntu-latest]   | [INFO] Downloaded from central: https://repo.maven.apache.org/maven2/classworlds/classworlds/1.1-alpha-2/classworlds-1.1-alpha-2.jar (38 kB at 469 kB/s)
[f2d44e71-712b-4953-85b4-55186b2ca16b/Java 8 on ubuntu-latest]   | [INFO] Downloaded from central: https://repo.maven.apache.org/maven2/org/codehaus/plexus/plexus-archiver/2.1/plexus-archiver-2.1.jar (184 kB at 5.9 MB/s)
[f2d44e71-712b-4953-85b4-55186b2ca16b/Java 8 on ubuntu-latest]   | [INFO] Downloaded from central: https://repo.maven.apache.org/maven2/org/codehaus/plexus/plexus-io/2.0.2/plexus-io-2.0.2.jar (58 kB at 1.9 MB/s)
[f2d44e71-712b-4953-85b4-55186b2ca16b/Java 8 on ubuntu-latest]   | [INFO] Downloaded from central: https://repo.maven.apache.org/maven2/commons-lang/commons-lang/2.1/commons-lang-2.1.jar (208 kB at 5.3 MB/s)
[f2d44e71-712b-4953-85b4-55186b2ca16b/Java 8 on ubuntu-latest]   | [INFO] Building jar: /tmp/3c10d7a9-f05d-4ac0-b9d8-73b4af8311ff/target/reflections-0.9.11-SNAPSHOT.jar
[f2d44e71-712b-4953-85b4-55186b2ca16b/Java 8 on ubuntu-latest]   | [INFO] ------------------------------------------------------------------------
[f2d44e71-712b-4953-85b4-55186b2ca16b/Java 8 on ubuntu-latest]   | [INFO] BUILD SUCCESS
[f2d44e71-712b-4953-85b4-55186b2ca16b/Java 8 on ubuntu-latest]   | [INFO] ------------------------------------------------------------------------
[f2d44e71-712b-4953-85b4-55186b2ca16b/Java 8 on ubuntu-latest]   | [INFO] Total time:  18.413 s
[f2d44e71-712b-4953-85b4-55186b2ca16b/Java 8 on ubuntu-latest]   | [INFO] Finished at: 2023-07-12T15:25:01Z
[f2d44e71-712b-4953-85b4-55186b2ca16b/Java 8 on ubuntu-latest]   | [INFO] ------------------------------------------------------------------------
[f2d44e71-712b-4953-85b4-55186b2ca16b/Java 8 on ubuntu-latest]   ‚úÖ  Success - Main Test with Maven
[f2d44e71-712b-4953-85b4-55186b2ca16b/Java 8 on ubuntu-latest] unable to get git ref: failed to identify reference (tag/branch) for the checked-out revision 'b2114c7d5a0a001ccccf8e1498c54d0b3e5c9016'
[f2d44e71-712b-4953-85b4-55186b2ca16b/Java 8 on ubuntu-latest] unable to get git ref: failed to identify reference (tag/branch) for the checked-out revision 'b2114c7d5a0a001ccccf8e1498c54d0b3e5c9016'
[f2d44e71-712b-4953-85b4-55186b2ca16b/Java 8 on ubuntu-latest] unable to get git ref: failed to identify reference (tag/branch) for the checked-out revision 'b2114c7d5a0a001ccccf8e1498c54d0b3e5c9016'
[f2d44e71-712b-4953-85b4-55186b2ca16b/Java 8 on ubuntu-latest] unable to get git ref: failed to identify reference (tag/branch) for the checked-out revision 'b2114c7d5a0a001ccccf8e1498c54d0b3e5c9016'
[f2d44e71-712b-4953-85b4-55186b2ca16b/Java 8 on ubuntu-latest] unable to get git ref: failed to identify reference (tag/branch) for the checked-out revision 'b2114c7d5a0a001ccccf8e1498c54d0b3e5c9016'
[f2d44e71-712b-4953-85b4-55186b2ca16b/Java 8 on ubuntu-latest] ‚≠ê Run Post Cache Maven packages
[f2d44e71-712b-4953-85b4-55186b2ca16b/Java 8 on ubuntu-latest]   üê≥  docker exec cmd=[node /var/run/act/actions/actions-cache@v1/dist/save/index.js] user= workdir=
[f2d44e71-712b-4953-85b4-55186b2ca16b/Java 8 on ubuntu-latest]   üí¨  ::debug::State: 
[f2d44e71-712b-4953-85b4-55186b2ca16b/Java 8 on ubuntu-latest]   üí¨  ::debug::Reserving Cache
[f2d44e71-712b-4953-85b4-55186b2ca16b/Java 8 on ubuntu-latest]   üí¨  ::debug::reserveCache - Attempt 1 of 2 failed with error: Cache Service Url not found, unable to restore cache.
[f2d44e71-712b-4953-85b4-55186b2ca16b/Java 8 on ubuntu-latest]   üí¨  ::debug::reserveCache - Attempt 2 of 2 failed with error: Cache Service Url not found, unable to restore cache.
[f2d44e71-712b-4953-85b4-55186b2ca16b/Java 8 on ubuntu-latest]   | [warning]reserveCache failed: Cache Service Url not found, unable to restore cache.
[f2d44e71-712b-4953-85b4-55186b2ca16b/Java 8 on ubuntu-latest]   ‚úÖ  Success - Post Cache Maven packages
[f2d44e71-712b-4953-85b4-55186b2ca16b/Java 8 on ubuntu-latest] unable to get git ref: failed to identify reference (tag/branch) for the checked-out revision 'b2114c7d5a0a001ccccf8e1498c54d0b3e5c9016'
[f2d44e71-712b-4953-85b4-55186b2ca16b/Java 8 on ubuntu-latest] unable to get git ref: failed to identify reference (tag/branch) for the checked-out revision 'b2114c7d5a0a001ccccf8e1498c54d0b3e5c9016'
[f2d44e71-712b-4953-85b4-55186b2ca16b/Java 8 on ubuntu-latest] unable to get git ref: failed to identify reference (tag/branch) for the checked-out revision 'b2114c7d5a0a001ccccf8e1498c54d0b3e5c9016'
[f2d44e71-712b-4953-85b4-55186b2ca16b/Java 8 on ubuntu-latest] unable to get git ref: failed to identify reference (tag/branch) for the checked-out revision 'b2114c7d5a0a001ccccf8e1498c54d0b3e5c9016'
[f2d44e71-712b-4953-85b4-55186b2ca16b/Java 8 on ubuntu-latest] unable to get git ref: failed to identify reference (tag/branch) for the checked-out revision 'b2114c7d5a0a001ccccf8e1498c54d0b3e5c9016'
[f2d44e71-712b-4953-85b4-55186b2ca16b/Java 8 on ubuntu-latest] ‚≠ê Run Post Setup Java
[f2d44e71-712b-4953-85b4-55186b2ca16b/Java 8 on ubuntu-latest]   üê≥  docker exec cmd=[node /var/run/act/actions/actions-setup-java@v2/dist/cleanup/index.js] user= workdir=
[f2d44e71-712b-4953-85b4-55186b2ca16b/Java 8 on ubuntu-latest]   ‚úÖ  Success - Post Setup Java
[f2d44e71-712b-4953-85b4-55186b2ca16b/Java 8 on ubuntu-latest] üèÅ  Job succeeded
[f2d44e71-712b-4953-85b4-55186b2ca16b/Java 8 on ubuntu-latest] unable to get git ref: failed to identify reference (tag/branch) for the checked-out revision 'b2114c7d5a0a001ccccf8e1498c54d0b3e5c9016'
