[b2cf8775-5ac6-4e30-8cb5-fb942cf1f9a6/build] üöÄ  Start image=crawlergpt:latest
[b2cf8775-5ac6-4e30-8cb5-fb942cf1f9a6/build]   üê≥  docker pull image=crawlergpt:latest platform= username= forcePull=false
[b2cf8775-5ac6-4e30-8cb5-fb942cf1f9a6/build]   üê≥  docker create image=crawlergpt:latest platform= entrypoint=["tail" "-f" "/dev/null"] cmd=[]
[b2cf8775-5ac6-4e30-8cb5-fb942cf1f9a6/build]   üê≥  docker run image=crawlergpt:latest platform= entrypoint=["tail" "-f" "/dev/null"] cmd=[]
[b2cf8775-5ac6-4e30-8cb5-fb942cf1f9a6/build]   üê≥  docker exec cmd=[chown -R 1012:1013 /tmp/91c778e5-d226-40cd-b4a5-93033232cccc] user=0 workdir=
[b2cf8775-5ac6-4e30-8cb5-fb942cf1f9a6/build] unable to get git ref: failed to identify reference (tag/branch) for the checked-out revision 'db036c2c8053bc49e1c4fdf5f06e5ff712b8f630'
[b2cf8775-5ac6-4e30-8cb5-fb942cf1f9a6/build] unable to get git ref: failed to identify reference (tag/branch) for the checked-out revision 'db036c2c8053bc49e1c4fdf5f06e5ff712b8f630'
[b2cf8775-5ac6-4e30-8cb5-fb942cf1f9a6/build] unable to get git ref: failed to identify reference (tag/branch) for the checked-out revision 'db036c2c8053bc49e1c4fdf5f06e5ff712b8f630'
[b2cf8775-5ac6-4e30-8cb5-fb942cf1f9a6/build] unable to get git ref: failed to identify reference (tag/branch) for the checked-out revision 'db036c2c8053bc49e1c4fdf5f06e5ff712b8f630'
[b2cf8775-5ac6-4e30-8cb5-fb942cf1f9a6/build] unable to get git ref: failed to identify reference (tag/branch) for the checked-out revision 'db036c2c8053bc49e1c4fdf5f06e5ff712b8f630'
[b2cf8775-5ac6-4e30-8cb5-fb942cf1f9a6/build] unable to get git ref: failed to identify reference (tag/branch) for the checked-out revision 'db036c2c8053bc49e1c4fdf5f06e5ff712b8f630'
[b2cf8775-5ac6-4e30-8cb5-fb942cf1f9a6/build] unable to get git ref: failed to identify reference (tag/branch) for the checked-out revision 'db036c2c8053bc49e1c4fdf5f06e5ff712b8f630'
[b2cf8775-5ac6-4e30-8cb5-fb942cf1f9a6/build] unable to get git ref: failed to identify reference (tag/branch) for the checked-out revision 'db036c2c8053bc49e1c4fdf5f06e5ff712b8f630'
[b2cf8775-5ac6-4e30-8cb5-fb942cf1f9a6/build] unable to get git ref: failed to identify reference (tag/branch) for the checked-out revision 'db036c2c8053bc49e1c4fdf5f06e5ff712b8f630'
[b2cf8775-5ac6-4e30-8cb5-fb942cf1f9a6/build] ‚≠ê Run Main actions/checkout@v2
[b2cf8775-5ac6-4e30-8cb5-fb942cf1f9a6/build] unable to get git ref: failed to identify reference (tag/branch) for the checked-out revision 'db036c2c8053bc49e1c4fdf5f06e5ff712b8f630'
[b2cf8775-5ac6-4e30-8cb5-fb942cf1f9a6/build]   ‚úÖ  Success - Main actions/checkout@v2
[b2cf8775-5ac6-4e30-8cb5-fb942cf1f9a6/build] unable to get git ref: failed to identify reference (tag/branch) for the checked-out revision 'db036c2c8053bc49e1c4fdf5f06e5ff712b8f630'
[b2cf8775-5ac6-4e30-8cb5-fb942cf1f9a6/build] unable to get git ref: failed to identify reference (tag/branch) for the checked-out revision 'db036c2c8053bc49e1c4fdf5f06e5ff712b8f630'
[b2cf8775-5ac6-4e30-8cb5-fb942cf1f9a6/build] unable to get git ref: failed to identify reference (tag/branch) for the checked-out revision 'db036c2c8053bc49e1c4fdf5f06e5ff712b8f630'
[b2cf8775-5ac6-4e30-8cb5-fb942cf1f9a6/build] unable to get git ref: failed to identify reference (tag/branch) for the checked-out revision 'db036c2c8053bc49e1c4fdf5f06e5ff712b8f630'
[b2cf8775-5ac6-4e30-8cb5-fb942cf1f9a6/build] unable to get git ref: failed to identify reference (tag/branch) for the checked-out revision 'db036c2c8053bc49e1c4fdf5f06e5ff712b8f630'
[b2cf8775-5ac6-4e30-8cb5-fb942cf1f9a6/build] ‚≠ê Run Main Set up JDK 11
[b2cf8775-5ac6-4e30-8cb5-fb942cf1f9a6/build] unable to get git ref: failed to identify reference (tag/branch) for the checked-out revision 'db036c2c8053bc49e1c4fdf5f06e5ff712b8f630'
[b2cf8775-5ac6-4e30-8cb5-fb942cf1f9a6/build] unable to get git ref: failed to identify reference (tag/branch) for the checked-out revision 'db036c2c8053bc49e1c4fdf5f06e5ff712b8f630'
[b2cf8775-5ac6-4e30-8cb5-fb942cf1f9a6/build] unable to get git ref: failed to identify reference (tag/branch) for the checked-out revision 'db036c2c8053bc49e1c4fdf5f06e5ff712b8f630'
[b2cf8775-5ac6-4e30-8cb5-fb942cf1f9a6/build]   üê≥  docker cp src=/tmp/act-cache/9459eff0-ddc1-492c-9417-fb00af0a345d/act/actions-setup-java@v1/ dst=/var/run/act/actions/actions-setup-java@v1/
[b2cf8775-5ac6-4e30-8cb5-fb942cf1f9a6/build]   üê≥  docker exec cmd=[chown -R 1012:1013 /var/run/act/actions/actions-setup-java@v1/] user=0 workdir=
[b2cf8775-5ac6-4e30-8cb5-fb942cf1f9a6/build]   üê≥  docker exec cmd=[node /var/run/act/actions/actions-setup-java@v1/dist/setup/index.js] user= workdir=
[b2cf8775-5ac6-4e30-8cb5-fb942cf1f9a6/build]   üí¨  ::debug::isExplicit: 
[b2cf8775-5ac6-4e30-8cb5-fb942cf1f9a6/build]   üí¨  ::debug::explicit? false
[b2cf8775-5ac6-4e30-8cb5-fb942cf1f9a6/build]   üí¨  ::debug::evaluating 0 versions
[b2cf8775-5ac6-4e30-8cb5-fb942cf1f9a6/build]   üí¨  ::debug::match not found
[b2cf8775-5ac6-4e30-8cb5-fb942cf1f9a6/build]   üí¨  ::debug::Downloading JDK from Azul
[b2cf8775-5ac6-4e30-8cb5-fb942cf1f9a6/build]   üí¨  ::debug::Searching for files with extension: -linux_x64.tar.gz
[b2cf8775-5ac6-4e30-8cb5-fb942cf1f9a6/build]   üí¨  ::debug::Downloading https://static.azul.com/zulu/bin/zulu11.64.19-ca-jdk11.0.19-linux_x64.tar.gz
[b2cf8775-5ac6-4e30-8cb5-fb942cf1f9a6/build]   üí¨  ::debug::Downloading /tmp/59ba9cdd-1578-43ff-9afc-3122c4054d1c
[b2cf8775-5ac6-4e30-8cb5-fb942cf1f9a6/build]   üí¨  ::debug::download complete
[b2cf8775-5ac6-4e30-8cb5-fb942cf1f9a6/build]   | [command]/usr/bin/tar --version
[b2cf8775-5ac6-4e30-8cb5-fb942cf1f9a6/build]   | tar (GNU tar) 1.30
[b2cf8775-5ac6-4e30-8cb5-fb942cf1f9a6/build]   | Copyright (C) 2017 Free Software Foundation, Inc.
[b2cf8775-5ac6-4e30-8cb5-fb942cf1f9a6/build]   | License GPLv3+: GNU GPL version 3 or later <https://gnu.org/licenses/gpl.html>.
[b2cf8775-5ac6-4e30-8cb5-fb942cf1f9a6/build]   | This is free software: you are free to change and redistribute it.
[b2cf8775-5ac6-4e30-8cb5-fb942cf1f9a6/build]   | There is NO WARRANTY, to the extent permitted by law.
[b2cf8775-5ac6-4e30-8cb5-fb942cf1f9a6/build]   | 
[b2cf8775-5ac6-4e30-8cb5-fb942cf1f9a6/build]   | Written by John Gilmore and Jay Fenlason.
[b2cf8775-5ac6-4e30-8cb5-fb942cf1f9a6/build]   | [command]/usr/bin/tar xz --warning=no-unknown-keyword -C /tmp/temp_1099937017 -f /tmp/59ba9cdd-1578-43ff-9afc-3122c4054d1c
[b2cf8775-5ac6-4e30-8cb5-fb942cf1f9a6/build]   üí¨  ::debug::jdk extracted to /tmp/temp_1099937017/zulu11.64.19-ca-jdk11.0.19-linux_x64
[b2cf8775-5ac6-4e30-8cb5-fb942cf1f9a6/build]   üí¨  ::debug::Caching tool jdk 11.0.19 x64
[b2cf8775-5ac6-4e30-8cb5-fb942cf1f9a6/build]   üí¨  ::debug::source dir: /tmp/temp_1099937017/zulu11.64.19-ca-jdk11.0.19-linux_x64
[b2cf8775-5ac6-4e30-8cb5-fb942cf1f9a6/build]   üí¨  ::debug::destination /opt/hostedtoolcache/jdk/11.0.19/x64
[b2cf8775-5ac6-4e30-8cb5-fb942cf1f9a6/build]   üí¨  ::debug::finished caching tool
[b2cf8775-5ac6-4e30-8cb5-fb942cf1f9a6/build]   ‚ùì add-matcher /run/act/actions/actions-setup-java@v1/.github/java.json
[b2cf8775-5ac6-4e30-8cb5-fb942cf1f9a6/build]   | creating settings.xml with server-id: github; environment variables: username=$GITHUB_ACTOR, password=$GITHUB_TOKEN, and gpg-passphrase=null
[b2cf8775-5ac6-4e30-8cb5-fb942cf1f9a6/build]   üí¨  ::debug::created directory /home/runneradmin/.m2
[b2cf8775-5ac6-4e30-8cb5-fb942cf1f9a6/build]   | writing /home/runneradmin/.m2/settings.xml
[b2cf8775-5ac6-4e30-8cb5-fb942cf1f9a6/build]   ‚úÖ  Success - Main Set up JDK 11
[b2cf8775-5ac6-4e30-8cb5-fb942cf1f9a6/build]   ‚öô  ::set-env:: JAVA_HOME_11.0.19_x64=/opt/hostedtoolcache/jdk/11.0.19/x64
[b2cf8775-5ac6-4e30-8cb5-fb942cf1f9a6/build]   ‚öô  ::set-env:: JAVA_HOME=/opt/hostedtoolcache/jdk/11.0.19/x64
[b2cf8775-5ac6-4e30-8cb5-fb942cf1f9a6/build]   ‚öô  ::set-env:: JAVA_HOME_11_0_19_X64=/opt/hostedtoolcache/jdk/11.0.19/x64
[b2cf8775-5ac6-4e30-8cb5-fb942cf1f9a6/build]   ‚öô  ::set-output:: path=/opt/hostedtoolcache/jdk/11.0.19/x64
[b2cf8775-5ac6-4e30-8cb5-fb942cf1f9a6/build]   ‚öô  ::set-output:: version=11.0.19
[b2cf8775-5ac6-4e30-8cb5-fb942cf1f9a6/build]   ‚öô  ::add-path:: /opt/hostedtoolcache/jdk/11.0.19/x64/bin
[b2cf8775-5ac6-4e30-8cb5-fb942cf1f9a6/build] unable to get git ref: failed to identify reference (tag/branch) for the checked-out revision 'db036c2c8053bc49e1c4fdf5f06e5ff712b8f630'
[b2cf8775-5ac6-4e30-8cb5-fb942cf1f9a6/build] unable to get git ref: failed to identify reference (tag/branch) for the checked-out revision 'db036c2c8053bc49e1c4fdf5f06e5ff712b8f630'
[b2cf8775-5ac6-4e30-8cb5-fb942cf1f9a6/build] unable to get git ref: failed to identify reference (tag/branch) for the checked-out revision 'db036c2c8053bc49e1c4fdf5f06e5ff712b8f630'
[b2cf8775-5ac6-4e30-8cb5-fb942cf1f9a6/build] unable to get git ref: failed to identify reference (tag/branch) for the checked-out revision 'db036c2c8053bc49e1c4fdf5f06e5ff712b8f630'
[b2cf8775-5ac6-4e30-8cb5-fb942cf1f9a6/build] unable to get git ref: failed to identify reference (tag/branch) for the checked-out revision 'db036c2c8053bc49e1c4fdf5f06e5ff712b8f630'
[b2cf8775-5ac6-4e30-8cb5-fb942cf1f9a6/build] ‚≠ê Run Main Build with Maven
[b2cf8775-5ac6-4e30-8cb5-fb942cf1f9a6/build] unable to get git ref: failed to identify reference (tag/branch) for the checked-out revision 'db036c2c8053bc49e1c4fdf5f06e5ff712b8f630'
[b2cf8775-5ac6-4e30-8cb5-fb942cf1f9a6/build] unable to get git ref: failed to identify reference (tag/branch) for the checked-out revision 'db036c2c8053bc49e1c4fdf5f06e5ff712b8f630'
[b2cf8775-5ac6-4e30-8cb5-fb942cf1f9a6/build] unable to get git ref: failed to identify reference (tag/branch) for the checked-out revision 'db036c2c8053bc49e1c4fdf5f06e5ff712b8f630'
[b2cf8775-5ac6-4e30-8cb5-fb942cf1f9a6/build] unable to get git ref: failed to identify reference (tag/branch) for the checked-out revision 'db036c2c8053bc49e1c4fdf5f06e5ff712b8f630'
[b2cf8775-5ac6-4e30-8cb5-fb942cf1f9a6/build]   üê≥  docker exec cmd=[bash --noprofile --norc -e -o pipefail /var/run/act/workflow/2] user= workdir=
[b2cf8775-5ac6-4e30-8cb5-fb942cf1f9a6/build]   | [INFO] Scanning for projects...
[b2cf8775-5ac6-4e30-8cb5-fb942cf1f9a6/build]   | [INFO] 
[b2cf8775-5ac6-4e30-8cb5-fb942cf1f9a6/build]   | [INFO] ------------------------< net.nodebox:nodebox >-------------------------
[b2cf8775-5ac6-4e30-8cb5-fb942cf1f9a6/build]   | [INFO] Building NodeBox 3.0-SNAPSHOT
[b2cf8775-5ac6-4e30-8cb5-fb942cf1f9a6/build]   | [INFO] --------------------------------[ jar ]---------------------------------
[b2cf8775-5ac6-4e30-8cb5-fb942cf1f9a6/build]   | [INFO] Downloading from central: https://repo.maven.apache.org/maven2/org/apache/maven/plugins/maven-resources-plugin/2.6/maven-resources-plugin-2.6.pom
[b2cf8775-5ac6-4e30-8cb5-fb942cf1f9a6/build]   | [INFO] Downloaded from central: https://repo.maven.apache.org/maven2/org/apache/maven/plugins/maven-resources-plugin/2.6/maven-resources-plugin-2.6.pom (8.1 kB at 23 kB/s)
[b2cf8775-5ac6-4e30-8cb5-fb942cf1f9a6/build]   | [INFO] Downloading from central: https://repo.maven.apache.org/maven2/org/apache/maven/plugins/maven-plugins/23/maven-plugins-23.pom
[b2cf8775-5ac6-4e30-8cb5-fb942cf1f9a6/build]   | [INFO] Downloaded from central: https://repo.maven.apache.org/maven2/org/apache/maven/plugins/maven-plugins/23/maven-plugins-23.pom (9.2 kB at 575 kB/s)
[b2cf8775-5ac6-4e30-8cb5-fb942cf1f9a6/build]   | [INFO] Downloading from central: https://repo.maven.apache.org/maven2/org/apache/maven/maven-parent/22/maven-parent-22.pom
[b2cf8775-5ac6-4e30-8cb5-fb942cf1f9a6/build]   | [INFO] Downloaded from central: https://repo.maven.apache.org/maven2/org/apache/maven/maven-parent/22/maven-parent-22.pom (30 kB at 804 kB/s)
[b2cf8775-5ac6-4e30-8cb5-fb942cf1f9a6/build]   | [INFO] Downloading from central: https://repo.maven.apache.org/maven2/org/apache/apache/11/apache-11.pom
[b2cf8775-5ac6-4e30-8cb5-fb942cf1f9a6/build]   | [INFO] Downloaded from central: https://repo.maven.apache.org/maven2/org/apache/apache/11/apache-11.pom (15 kB at 780 kB/s)
[b2cf8775-5ac6-4e30-8cb5-fb942cf1f9a6/build]   | [INFO] Downloading from central: https://repo.maven.apache.org/maven2/org/apache/maven/plugins/maven-resources-plugin/2.6/maven-resources-plugin-2.6.jar
[b2cf8775-5ac6-4e30-8cb5-fb942cf1f9a6/build]   | [INFO] Downloaded from central: https://repo.maven.apache.org/maven2/org/apache/maven/plugins/maven-resources-plugin/2.6/maven-resources-plugin-2.6.jar (30 kB at 1.3 MB/s)
[b2cf8775-5ac6-4e30-8cb5-fb942cf1f9a6/build]   | [INFO] Downloading from central: https://repo.maven.apache.org/maven2/org/apache/maven/plugins/maven-compiler-plugin/2.5.1/maven-compiler-plugin-2.5.1.pom
[b2cf8775-5ac6-4e30-8cb5-fb942cf1f9a6/build]   | [INFO] Downloaded from central: https://repo.maven.apache.org/maven2/org/apache/maven/plugins/maven-compiler-plugin/2.5.1/maven-compiler-plugin-2.5.1.pom (7.9 kB at 377 kB/s)
[b2cf8775-5ac6-4e30-8cb5-fb942cf1f9a6/build]   | [INFO] Downloading from central: https://repo.maven.apache.org/maven2/org/apache/maven/plugins/maven-plugins/22/maven-plugins-22.pom
[b2cf8775-5ac6-4e30-8cb5-fb942cf1f9a6/build]   | [INFO] Downloaded from central: https://repo.maven.apache.org/maven2/org/apache/maven/plugins/maven-plugins/22/maven-plugins-22.pom (13 kB at 593 kB/s)
[b2cf8775-5ac6-4e30-8cb5-fb942cf1f9a6/build]   | [INFO] Downloading from central: https://repo.maven.apache.org/maven2/org/apache/maven/maven-parent/21/maven-parent-21.pom
[b2cf8775-5ac6-4e30-8cb5-fb942cf1f9a6/build]   | [INFO] Downloaded from central: https://repo.maven.apache.org/maven2/org/apache/maven/maven-parent/21/maven-parent-21.pom (26 kB at 1.6 MB/s)
[b2cf8775-5ac6-4e30-8cb5-fb942cf1f9a6/build]   | [INFO] Downloading from central: https://repo.maven.apache.org/maven2/org/apache/apache/10/apache-10.pom
[b2cf8775-5ac6-4e30-8cb5-fb942cf1f9a6/build]   | [INFO] Downloaded from central: https://repo.maven.apache.org/maven2/org/apache/apache/10/apache-10.pom (15 kB at 1.5 MB/s)
[b2cf8775-5ac6-4e30-8cb5-fb942cf1f9a6/build]   | [INFO] Downloading from central: https://repo.maven.apache.org/maven2/org/apache/maven/plugins/maven-compiler-plugin/2.5.1/maven-compiler-plugin-2.5.1.jar
[b2cf8775-5ac6-4e30-8cb5-fb942cf1f9a6/build]   | [INFO] Downloaded from central: https://repo.maven.apache.org/maven2/org/apache/maven/plugins/maven-compiler-plugin/2.5.1/maven-compiler-plugin-2.5.1.jar (33 kB at 1.6 MB/s)
[b2cf8775-5ac6-4e30-8cb5-fb942cf1f9a6/build]   | [INFO] Downloading from central: https://repo.maven.apache.org/maven2/org/apache/maven/plugins/maven-surefire-plugin/2.12.4/maven-surefire-plugin-2.12.4.pom
[b2cf8775-5ac6-4e30-8cb5-fb942cf1f9a6/build]   | [INFO] Downloaded from central: https://repo.maven.apache.org/maven2/org/apache/maven/plugins/maven-surefire-plugin/2.12.4/maven-surefire-plugin-2.12.4.pom (10 kB at 952 kB/s)
[b2cf8775-5ac6-4e30-8cb5-fb942cf1f9a6/build]   | [INFO] Downloading from central: https://repo.maven.apache.org/maven2/org/apache/maven/surefire/surefire/2.12.4/surefire-2.12.4.pom
[b2cf8775-5ac6-4e30-8cb5-fb942cf1f9a6/build]   | [INFO] Downloaded from central: https://repo.maven.apache.org/maven2/org/apache/maven/surefire/surefire/2.12.4/surefire-2.12.4.pom (14 kB at 726 kB/s)
[b2cf8775-5ac6-4e30-8cb5-fb942cf1f9a6/build]   | [INFO] Downloading from central: https://repo.maven.apache.org/maven2/org/apache/maven/plugins/maven-surefire-plugin/2.12.4/maven-surefire-plugin-2.12.4.jar
[b2cf8775-5ac6-4e30-8cb5-fb942cf1f9a6/build]   | [INFO] Downloaded from central: https://repo.maven.apache.org/maven2/org/apache/maven/plugins/maven-surefire-plugin/2.12.4/maven-surefire-plugin-2.12.4.jar (30 kB at 1.5 MB/s)
[b2cf8775-5ac6-4e30-8cb5-fb942cf1f9a6/build]   | [INFO] Downloading from central: https://repo.maven.apache.org/maven2/org/apache/maven/plugins/maven-jar-plugin/2.4/maven-jar-plugin-2.4.pom
[b2cf8775-5ac6-4e30-8cb5-fb942cf1f9a6/build]   | [INFO] Downloaded from central: https://repo.maven.apache.org/maven2/org/apache/maven/plugins/maven-jar-plugin/2.4/maven-jar-plugin-2.4.pom (5.8 kB at 583 kB/s)
[b2cf8775-5ac6-4e30-8cb5-fb942cf1f9a6/build]   | [INFO] Downloading from central: https://repo.maven.apache.org/maven2/org/apache/maven/plugins/maven-jar-plugin/2.4/maven-jar-plugin-2.4.jar
[b2cf8775-5ac6-4e30-8cb5-fb942cf1f9a6/build]   | [INFO] Downloaded from central: https://repo.maven.apache.org/maven2/org/apache/maven/plugins/maven-jar-plugin/2.4/maven-jar-plugin-2.4.jar (34 kB at 2.6 MB/s)
[b2cf8775-5ac6-4e30-8cb5-fb942cf1f9a6/build]   | [INFO] Downloading from central: https://repo.maven.apache.org/maven2/org/clojure/clojure/1.4.0/clojure-1.4.0.pom
[b2cf8775-5ac6-4e30-8cb5-fb942cf1f9a6/build]   | [INFO] Downloaded from central: https://repo.maven.apache.org/maven2/org/clojure/clojure/1.4.0/clojure-1.4.0.pom (5.4 kB at 493 kB/s)
[b2cf8775-5ac6-4e30-8cb5-fb942cf1f9a6/build]   | [INFO] Downloading from central: https://repo.maven.apache.org/maven2/org/sonatype/oss/oss-parent/5/oss-parent-5.pom
[b2cf8775-5ac6-4e30-8cb5-fb942cf1f9a6/build]   | [INFO] Downloaded from central: https://repo.maven.apache.org/maven2/org/sonatype/oss/oss-parent/5/oss-parent-5.pom (4.1 kB at 340 kB/s)
[b2cf8775-5ac6-4e30-8cb5-fb942cf1f9a6/build]   | [INFO] Downloading from central: https://repo.maven.apache.org/maven2/com/google/guava/guava/13.0.1/guava-13.0.1.pom
[b2cf8775-5ac6-4e30-8cb5-fb942cf1f9a6/build]   | [INFO] Downloaded from central: https://repo.maven.apache.org/maven2/com/google/guava/guava/13.0.1/guava-13.0.1.pom (5.3 kB at 486 kB/s)
[b2cf8775-5ac6-4e30-8cb5-fb942cf1f9a6/build]   | [INFO] Downloading from central: https://repo.maven.apache.org/maven2/com/google/guava/guava-parent/13.0.1/guava-parent-13.0.1.pom
[b2cf8775-5ac6-4e30-8cb5-fb942cf1f9a6/build]   | [INFO] Downloaded from central: https://repo.maven.apache.org/maven2/com/google/guava/guava-parent/13.0.1/guava-parent-13.0.1.pom (2.6 kB at 284 kB/s)
[b2cf8775-5ac6-4e30-8cb5-fb942cf1f9a6/build]   | [INFO] Downloading from central: https://repo.maven.apache.org/maven2/org/sonatype/oss/oss-parent/7/oss-parent-7.pom
[b2cf8775-5ac6-4e30-8cb5-fb942cf1f9a6/build]   | [INFO] Downloaded from central: https://repo.maven.apache.org/maven2/org/sonatype/oss/oss-parent/7/oss-parent-7.pom (4.8 kB at 345 kB/s)
[b2cf8775-5ac6-4e30-8cb5-fb942cf1f9a6/build]   | [INFO] Downloading from central: https://repo.maven.apache.org/maven2/com/itextpdf/itextpdf/5.3.2/itextpdf-5.3.2.pom
[b2cf8775-5ac6-4e30-8cb5-fb942cf1f9a6/build]   | [INFO] Downloaded from central: https://repo.maven.apache.org/maven2/com/itextpdf/itextpdf/5.3.2/itextpdf-5.3.2.pom (5.5 kB at 502 kB/s)
[b2cf8775-5ac6-4e30-8cb5-fb942cf1f9a6/build]   | [INFO] Downloading from central: https://repo.maven.apache.org/maven2/com/itextpdf/itext-parent/1.0.0/itext-parent-1.0.0.pom
[b2cf8775-5ac6-4e30-8cb5-fb942cf1f9a6/build]   | [INFO] Downloaded from central: https://repo.maven.apache.org/maven2/com/itextpdf/itext-parent/1.0.0/itext-parent-1.0.0.pom (3.6 kB at 226 kB/s)
[b2cf8775-5ac6-4e30-8cb5-fb942cf1f9a6/build]   | [INFO] Downloading from central: https://repo.maven.apache.org/maven2/net/java/dev/jna/jna/3.4.0/jna-3.4.0.pom
[b2cf8775-5ac6-4e30-8cb5-fb942cf1f9a6/build]   | [INFO] Downloaded from central: https://repo.maven.apache.org/maven2/net/java/dev/jna/jna/3.4.0/jna-3.4.0.pom (2.2 kB at 127 kB/s)
[b2cf8775-5ac6-4e30-8cb5-fb942cf1f9a6/build]   | [INFO] Downloading from central: https://repo.maven.apache.org/maven2/junit/junit/4.10/junit-4.10.pom
[b2cf8775-5ac6-4e30-8cb5-fb942cf1f9a6/build]   | [INFO] Downloaded from central: https://repo.maven.apache.org/maven2/junit/junit/4.10/junit-4.10.pom (2.3 kB at 168 kB/s)
[b2cf8775-5ac6-4e30-8cb5-fb942cf1f9a6/build]   | [INFO] Downloading from central: https://repo.maven.apache.org/maven2/org/hamcrest/hamcrest-core/1.1/hamcrest-core-1.1.pom
[b2cf8775-5ac6-4e30-8cb5-fb942cf1f9a6/build]   | [INFO] Downloaded from central: https://repo.maven.apache.org/maven2/org/hamcrest/hamcrest-core/1.1/hamcrest-core-1.1.pom (481 B at 69 kB/s)
[b2cf8775-5ac6-4e30-8cb5-fb942cf1f9a6/build]   | [INFO] Downloading from central: https://repo.maven.apache.org/maven2/org/hamcrest/hamcrest-parent/1.1/hamcrest-parent-1.1.pom
[b2cf8775-5ac6-4e30-8cb5-fb942cf1f9a6/build]   | [INFO] Downloaded from central: https://repo.maven.apache.org/maven2/org/hamcrest/hamcrest-parent/1.1/hamcrest-parent-1.1.pom (5.9 kB at 452 kB/s)
[b2cf8775-5ac6-4e30-8cb5-fb942cf1f9a6/build]   | [INFO] Downloading from central: https://repo.maven.apache.org/maven2/org/python/jython/2.5.3/jython-2.5.3.pom
[b2cf8775-5ac6-4e30-8cb5-fb942cf1f9a6/build]   | [INFO] Downloaded from central: https://repo.maven.apache.org/maven2/org/python/jython/2.5.3/jython-2.5.3.pom (1.4 kB at 159 kB/s)
[b2cf8775-5ac6-4e30-8cb5-fb942cf1f9a6/build]   | [INFO] Downloading from central: https://repo.maven.apache.org/maven2/net/sf/opencsv/opencsv/2.3/opencsv-2.3.pom
[b2cf8775-5ac6-4e30-8cb5-fb942cf1f9a6/build]   | [INFO] Downloaded from central: https://repo.maven.apache.org/maven2/net/sf/opencsv/opencsv/2.3/opencsv-2.3.pom (5.4 kB at 389 kB/s)
[b2cf8775-5ac6-4e30-8cb5-fb942cf1f9a6/build]   | [INFO] Downloading from central: https://repo.maven.apache.org/maven2/org/piccolo2d/piccolo2d-core/1.3.1/piccolo2d-core-1.3.1.pom
[b2cf8775-5ac6-4e30-8cb5-fb942cf1f9a6/build]   | [INFO] Downloaded from central: https://repo.maven.apache.org/maven2/org/piccolo2d/piccolo2d-core/1.3.1/piccolo2d-core-1.3.1.pom (6.5 kB at 435 kB/s)
[b2cf8775-5ac6-4e30-8cb5-fb942cf1f9a6/build]   | [INFO] Downloading from central: https://repo.maven.apache.org/maven2/org/piccolo2d/piccolo2d-parent/1.3.1/piccolo2d-parent-1.3.1.pom
[b2cf8775-5ac6-4e30-8cb5-fb942cf1f9a6/build]   | [INFO] Downloaded from central: https://repo.maven.apache.org/maven2/org/piccolo2d/piccolo2d-parent/1.3.1/piccolo2d-parent-1.3.1.pom (13 kB at 1.1 MB/s)
[b2cf8775-5ac6-4e30-8cb5-fb942cf1f9a6/build]   | [INFO] Downloading from central: https://repo.maven.apache.org/maven2/xom/xom/1.2.5/xom-1.2.5.pom
[b2cf8775-5ac6-4e30-8cb5-fb942cf1f9a6/build]   | [INFO] Downloaded from central: https://repo.maven.apache.org/maven2/xom/xom/1.2.5/xom-1.2.5.pom (1.9 kB at 150 kB/s)
[b2cf8775-5ac6-4e30-8cb5-fb942cf1f9a6/build]   | [INFO] Downloading from central: https://repo.maven.apache.org/maven2/xml-apis/xml-apis/1.3.03/xml-apis-1.3.03.pom
[b2cf8775-5ac6-4e30-8cb5-fb942cf1f9a6/build]   | [INFO] Downloaded from central: https://repo.maven.apache.org/maven2/xml-apis/xml-apis/1.3.03/xml-apis-1.3.03.pom (738 B at 62 kB/s)
[b2cf8775-5ac6-4e30-8cb5-fb942cf1f9a6/build]   | [INFO] Downloading from central: https://repo.maven.apache.org/maven2/org/apache/apache/1/apache-1.pom
[b2cf8775-5ac6-4e30-8cb5-fb942cf1f9a6/build]   | [INFO] Downloaded from central: https://repo.maven.apache.org/maven2/org/apache/apache/1/apache-1.pom (3.4 kB at 227 kB/s)
[b2cf8775-5ac6-4e30-8cb5-fb942cf1f9a6/build]   | [INFO] Downloading from central: https://repo.maven.apache.org/maven2/xerces/xercesImpl/2.8.0/xercesImpl-2.8.0.pom
[b2cf8775-5ac6-4e30-8cb5-fb942cf1f9a6/build]   | [INFO] Downloaded from central: https://repo.maven.apache.org/maven2/xerces/xercesImpl/2.8.0/xercesImpl-2.8.0.pom (1.4 kB at 56 kB/s)
[b2cf8775-5ac6-4e30-8cb5-fb942cf1f9a6/build]   | [INFO] Downloading from central: https://repo.maven.apache.org/maven2/xalan/xalan/2.7.0/xalan-2.7.0.pom
[b2cf8775-5ac6-4e30-8cb5-fb942cf1f9a6/build]   | [INFO] Downloaded from central: https://repo.maven.apache.org/maven2/xalan/xalan/2.7.0/xalan-2.7.0.pom (491 B at 16 kB/s)
[b2cf8775-5ac6-4e30-8cb5-fb942cf1f9a6/build]   | [INFO] Downloading from central: https://repo.maven.apache.org/maven2/xml-apis/xml-apis/2.0.2/xml-apis-2.0.2.pom
[b2cf8775-5ac6-4e30-8cb5-fb942cf1f9a6/build]   | [INFO] Downloaded from central: https://repo.maven.apache.org/maven2/xml-apis/xml-apis/2.0.2/xml-apis-2.0.2.pom (346 B at 11 kB/s)
[b2cf8775-5ac6-4e30-8cb5-fb942cf1f9a6/build]   | [INFO] Downloading from central: https://repo.maven.apache.org/maven2/xml-apis/xml-apis/1.0.b2/xml-apis-1.0.b2.pom
[b2cf8775-5ac6-4e30-8cb5-fb942cf1f9a6/build]   | [INFO] Downloaded from central: https://repo.maven.apache.org/maven2/xml-apis/xml-apis/1.0.b2/xml-apis-1.0.b2.pom (2.2 kB at 141 kB/s)
[b2cf8775-5ac6-4e30-8cb5-fb942cf1f9a6/build]   | [INFO] Downloading from central: https://repo.maven.apache.org/maven2/org/clojure/clojure/1.4.0/clojure-1.4.0.jar
[b2cf8775-5ac6-4e30-8cb5-fb942cf1f9a6/build]   | [INFO] Downloading from central: https://repo.maven.apache.org/maven2/com/itextpdf/itextpdf/5.3.2/itextpdf-5.3.2.jar
[b2cf8775-5ac6-4e30-8cb5-fb942cf1f9a6/build]   | [INFO] Downloading from central: https://repo.maven.apache.org/maven2/com/google/guava/guava/13.0.1/guava-13.0.1.jar
[b2cf8775-5ac6-4e30-8cb5-fb942cf1f9a6/build]   | [INFO] Downloading from central: https://repo.maven.apache.org/maven2/net/java/dev/jna/jna/3.4.0/jna-3.4.0.jar
[b2cf8775-5ac6-4e30-8cb5-fb942cf1f9a6/build]   | [INFO] Downloading from central: https://repo.maven.apache.org/maven2/junit/junit/4.10/junit-4.10.jar
[b2cf8775-5ac6-4e30-8cb5-fb942cf1f9a6/build]   | [INFO] Downloaded from central: https://repo.maven.apache.org/maven2/junit/junit/4.10/junit-4.10.jar (253 kB at 3.8 MB/s)
[b2cf8775-5ac6-4e30-8cb5-fb942cf1f9a6/build]   | [INFO] Downloading from central: https://repo.maven.apache.org/maven2/org/hamcrest/hamcrest-core/1.1/hamcrest-core-1.1.jar
[b2cf8775-5ac6-4e30-8cb5-fb942cf1f9a6/build]   | [INFO] Downloaded from central: https://repo.maven.apache.org/maven2/org/hamcrest/hamcrest-core/1.1/hamcrest-core-1.1.jar (77 kB at 881 kB/s)
[b2cf8775-5ac6-4e30-8cb5-fb942cf1f9a6/build]   | [INFO] Downloading from central: https://repo.maven.apache.org/maven2/org/python/jython/2.5.3/jython-2.5.3.jar
[b2cf8775-5ac6-4e30-8cb5-fb942cf1f9a6/build]   | [INFO] Downloaded from central: https://repo.maven.apache.org/maven2/net/java/dev/jna/jna/3.4.0/jna-3.4.0.jar (1.0 MB at 9.1 MB/s)
[b2cf8775-5ac6-4e30-8cb5-fb942cf1f9a6/build]   | [INFO] Downloading from central: https://repo.maven.apache.org/maven2/net/sf/opencsv/opencsv/2.3/opencsv-2.3.jar
[b2cf8775-5ac6-4e30-8cb5-fb942cf1f9a6/build]   | [INFO] Downloaded from central: https://repo.maven.apache.org/maven2/net/sf/opencsv/opencsv/2.3/opencsv-2.3.jar (20 kB at 53 kB/s)
[b2cf8775-5ac6-4e30-8cb5-fb942cf1f9a6/build]   | [INFO] Downloading from central: https://repo.maven.apache.org/maven2/org/piccolo2d/piccolo2d-core/1.3.1/piccolo2d-core-1.3.1.jar
[b2cf8775-5ac6-4e30-8cb5-fb942cf1f9a6/build]   | [INFO] Downloaded from central: https://repo.maven.apache.org/maven2/org/piccolo2d/piccolo2d-core/1.3.1/piccolo2d-core-1.3.1.jar (121 kB at 276 kB/s)
[b2cf8775-5ac6-4e30-8cb5-fb942cf1f9a6/build]   | [INFO] Downloading from central: https://repo.maven.apache.org/maven2/xom/xom/1.2.5/xom-1.2.5.jar
[b2cf8775-5ac6-4e30-8cb5-fb942cf1f9a6/build]   | [INFO] Downloaded from central: https://repo.maven.apache.org/maven2/com/itextpdf/itextpdf/5.3.2/itextpdf-5.3.2.jar (1.8 MB at 3.7 MB/s)
[b2cf8775-5ac6-4e30-8cb5-fb942cf1f9a6/build]   | [INFO] Downloading from central: https://repo.maven.apache.org/maven2/xml-apis/xml-apis/1.3.03/xml-apis-1.3.03.jar
[b2cf8775-5ac6-4e30-8cb5-fb942cf1f9a6/build]   | [INFO] Downloaded from central: https://repo.maven.apache.org/maven2/xml-apis/xml-apis/1.3.03/xml-apis-1.3.03.jar (195 kB at 294 kB/s)
[b2cf8775-5ac6-4e30-8cb5-fb942cf1f9a6/build]   | [INFO] Downloading from central: https://repo.maven.apache.org/maven2/xerces/xercesImpl/2.8.0/xercesImpl-2.8.0.jar
[b2cf8775-5ac6-4e30-8cb5-fb942cf1f9a6/build]   | [INFO] Downloaded from central: https://repo.maven.apache.org/maven2/com/google/guava/guava/13.0.1/guava-13.0.1.jar (1.9 MB at 1.9 MB/s)
[b2cf8775-5ac6-4e30-8cb5-fb942cf1f9a6/build]   | [INFO] Downloading from central: https://repo.maven.apache.org/maven2/xalan/xalan/2.7.0/xalan-2.7.0.jar
[b2cf8775-5ac6-4e30-8cb5-fb942cf1f9a6/build]   | [INFO] Downloaded from central: https://repo.maven.apache.org/maven2/xom/xom/1.2.5/xom-1.2.5.jar (309 kB at 251 kB/s)
[b2cf8775-5ac6-4e30-8cb5-fb942cf1f9a6/build]   | [INFO] Downloaded from central: https://repo.maven.apache.org/maven2/xerces/xercesImpl/2.8.0/xercesImpl-2.8.0.jar (1.2 MB at 376 kB/s)
[b2cf8775-5ac6-4e30-8cb5-fb942cf1f9a6/build]   | [INFO] Downloaded from central: https://repo.maven.apache.org/maven2/org/clojure/clojure/1.4.0/clojure-1.4.0.jar (3.4 MB at 704 kB/s)
[b2cf8775-5ac6-4e30-8cb5-fb942cf1f9a6/build]   | [INFO] Downloaded from central: https://repo.maven.apache.org/maven2/xalan/xalan/2.7.0/xalan-2.7.0.jar (2.7 MB at 550 kB/s)
[b2cf8775-5ac6-4e30-8cb5-fb942cf1f9a6/build]   | [INFO] Downloaded from central: https://repo.maven.apache.org/maven2/org/python/jython/2.5.3/jython-2.5.3.jar (8.3 MB at 1.4 MB/s)
[b2cf8775-5ac6-4e30-8cb5-fb942cf1f9a6/build]   | [INFO] 
[b2cf8775-5ac6-4e30-8cb5-fb942cf1f9a6/build]   | [INFO] --- maven-resources-plugin:2.6:resources (default-resources) @ nodebox ---
[b2cf8775-5ac6-4e30-8cb5-fb942cf1f9a6/build]   | [INFO] Downloading from central: https://repo.maven.apache.org/maven2/org/apache/maven/maven-plugin-api/2.0.6/maven-plugin-api-2.0.6.pom
[b2cf8775-5ac6-4e30-8cb5-fb942cf1f9a6/build]   | [INFO] Downloaded from central: https://repo.maven.apache.org/maven2/org/apache/maven/maven-plugin-api/2.0.6/maven-plugin-api-2.0.6.pom (1.5 kB at 52 kB/s)
[b2cf8775-5ac6-4e30-8cb5-fb942cf1f9a6/build]   | [INFO] Downloading from central: https://repo.maven.apache.org/maven2/org/apache/maven/maven/2.0.6/maven-2.0.6.pom
[b2cf8775-5ac6-4e30-8cb5-fb942cf1f9a6/build]   | [INFO] Downloaded from central: https://repo.maven.apache.org/maven2/org/apache/maven/maven/2.0.6/maven-2.0.6.pom (9.0 kB at 565 kB/s)
[b2cf8775-5ac6-4e30-8cb5-fb942cf1f9a6/build]   | [INFO] Downloading from central: https://repo.maven.apache.org/maven2/org/apache/maven/maven-parent/5/maven-parent-5.pom
[b2cf8775-5ac6-4e30-8cb5-fb942cf1f9a6/build]   | [INFO] Downloaded from central: https://repo.maven.apache.org/maven2/org/apache/maven/maven-parent/5/maven-parent-5.pom (15 kB at 609 kB/s)
[b2cf8775-5ac6-4e30-8cb5-fb942cf1f9a6/build]   | [INFO] Downloading from central: https://repo.maven.apache.org/maven2/org/apache/apache/3/apache-3.pom
[b2cf8775-5ac6-4e30-8cb5-fb942cf1f9a6/build]   | [INFO] Downloaded from central: https://repo.maven.apache.org/maven2/org/apache/apache/3/apache-3.pom (3.4 kB at 172 kB/s)
[b2cf8775-5ac6-4e30-8cb5-fb942cf1f9a6/build]   | [INFO] Downloading from central: https://repo.maven.apache.org/maven2/org/apache/maven/maven-project/2.0.6/maven-project-2.0.6.pom
[b2cf8775-5ac6-4e30-8cb5-fb942cf1f9a6/build]   | [INFO] Downloaded from central: https://repo.maven.apache.org/maven2/org/apache/maven/maven-project/2.0.6/maven-project-2.0.6.pom (2.6 kB at 105 kB/s)
[b2cf8775-5ac6-4e30-8cb5-fb942cf1f9a6/build]   | [INFO] Downloading from central: https://repo.maven.apache.org/maven2/org/apache/maven/maven-settings/2.0.6/maven-settings-2.0.6.pom
[b2cf8775-5ac6-4e30-8cb5-fb942cf1f9a6/build]   | [INFO] Downloaded from central: https://repo.maven.apache.org/maven2/org/apache/maven/maven-settings/2.0.6/maven-settings-2.0.6.pom (2.0 kB at 133 kB/s)
[b2cf8775-5ac6-4e30-8cb5-fb942cf1f9a6/build]   | [INFO] Downloading from central: https://repo.maven.apache.org/maven2/org/apache/maven/maven-model/2.0.6/maven-model-2.0.6.pom
[b2cf8775-5ac6-4e30-8cb5-fb942cf1f9a6/build]   | [INFO] Downloaded from central: https://repo.maven.apache.org/maven2/org/apache/maven/maven-model/2.0.6/maven-model-2.0.6.pom (3.0 kB at 73 kB/s)
[b2cf8775-5ac6-4e30-8cb5-fb942cf1f9a6/build]   | [INFO] Downloading from central: https://repo.maven.apache.org/maven2/org/codehaus/plexus/plexus-utils/1.4.1/plexus-utils-1.4.1.pom
[b2cf8775-5ac6-4e30-8cb5-fb942cf1f9a6/build]   | [INFO] Downloaded from central: https://repo.maven.apache.org/maven2/org/codehaus/plexus/plexus-utils/1.4.1/plexus-utils-1.4.1.pom (1.9 kB at 52 kB/s)
[b2cf8775-5ac6-4e30-8cb5-fb942cf1f9a6/build]   | [INFO] Downloading from central: https://repo.maven.apache.org/maven2/org/codehaus/plexus/plexus/1.0.11/plexus-1.0.11.pom
[b2cf8775-5ac6-4e30-8cb5-fb942cf1f9a6/build]   | [INFO] Downloaded from central: https://repo.maven.apache.org/maven2/org/codehaus/plexus/plexus/1.0.11/plexus-1.0.11.pom (9.0 kB at 332 kB/s)
[b2cf8775-5ac6-4e30-8cb5-fb942cf1f9a6/build]   | [INFO] Downloading from central: https://repo.maven.apache.org/maven2/org/codehaus/plexus/plexus-container-default/1.0-alpha-9-stable-1/plexus-container-default-1.0-alpha-9-stable-1.pom
[b2cf8775-5ac6-4e30-8cb5-fb942cf1f9a6/build]   | [INFO] Downloaded from central: https://repo.maven.apache.org/maven2/org/codehaus/plexus/plexus-container-default/1.0-alpha-9-stable-1/plexus-container-default-1.0-alpha-9-stable-1.pom (3.9 kB at 92 kB/s)
[b2cf8775-5ac6-4e30-8cb5-fb942cf1f9a6/build]   | [INFO] Downloading from central: https://repo.maven.apache.org/maven2/org/codehaus/plexus/plexus-containers/1.0.3/plexus-containers-1.0.3.pom
[b2cf8775-5ac6-4e30-8cb5-fb942cf1f9a6/build]   | [INFO] Downloaded from central: https://repo.maven.apache.org/maven2/org/codehaus/plexus/plexus-containers/1.0.3/plexus-containers-1.0.3.pom (492 B at 8.9 kB/s)
[b2cf8775-5ac6-4e30-8cb5-fb942cf1f9a6/build]   | [INFO] Downloading from central: https://repo.maven.apache.org/maven2/org/codehaus/plexus/plexus/1.0.4/plexus-1.0.4.pom
[b2cf8775-5ac6-4e30-8cb5-fb942cf1f9a6/build]   | [INFO] Downloaded from central: https://repo.maven.apache.org/maven2/org/codehaus/plexus/plexus/1.0.4/plexus-1.0.4.pom (5.7 kB at 205 kB/s)
[b2cf8775-5ac6-4e30-8cb5-fb942cf1f9a6/build]   | [INFO] Downloading from central: https://repo.maven.apache.org/maven2/junit/junit/3.8.1/junit-3.8.1.pom
[b2cf8775-5ac6-4e30-8cb5-fb942cf1f9a6/build]   | [INFO] Downloaded from central: https://repo.maven.apache.org/maven2/junit/junit/3.8.1/junit-3.8.1.pom (998 B at 43 kB/s)
[b2cf8775-5ac6-4e30-8cb5-fb942cf1f9a6/build]   | [INFO] Downloading from central: https://repo.maven.apache.org/maven2/org/codehaus/plexus/plexus-utils/1.0.4/plexus-utils-1.0.4.pom
[b2cf8775-5ac6-4e30-8cb5-fb942cf1f9a6/build]   | [INFO] Downloaded from central: https://repo.maven.apache.org/maven2/org/codehaus/plexus/plexus-utils/1.0.4/plexus-utils-1.0.4.pom (6.9 kB at 312 kB/s)
[b2cf8775-5ac6-4e30-8cb5-fb942cf1f9a6/build]   | [INFO] Downloading from central: https://repo.maven.apache.org/maven2/classworlds/classworlds/1.1-alpha-2/classworlds-1.1-alpha-2.pom
[b2cf8775-5ac6-4e30-8cb5-fb942cf1f9a6/build]   | [INFO] Downloaded from central: https://repo.maven.apache.org/maven2/classworlds/classworlds/1.1-alpha-2/classworlds-1.1-alpha-2.pom (3.1 kB at 391 kB/s)
[b2cf8775-5ac6-4e30-8cb5-fb942cf1f9a6/build]   | [INFO] Downloading from central: https://repo.maven.apache.org/maven2/org/apache/maven/maven-profile/2.0.6/maven-profile-2.0.6.pom
[b2cf8775-5ac6-4e30-8cb5-fb942cf1f9a6/build]   | [INFO] Downloaded from central: https://repo.maven.apache.org/maven2/org/apache/maven/maven-profile/2.0.6/maven-profile-2.0.6.pom (2.0 kB at 48 kB/s)
[b2cf8775-5ac6-4e30-8cb5-fb942cf1f9a6/build]   | [INFO] Downloading from central: https://repo.maven.apache.org/maven2/org/apache/maven/maven-artifact-manager/2.0.6/maven-artifact-manager-2.0.6.pom
[b2cf8775-5ac6-4e30-8cb5-fb942cf1f9a6/build]   | [INFO] Downloaded from central: https://repo.maven.apache.org/maven2/org/apache/maven/maven-artifact-manager/2.0.6/maven-artifact-manager-2.0.6.pom (2.6 kB at 66 kB/s)
[b2cf8775-5ac6-4e30-8cb5-fb942cf1f9a6/build]   | [INFO] Downloading from central: https://repo.maven.apache.org/maven2/org/apache/maven/maven-repository-metadata/2.0.6/maven-repository-metadata-2.0.6.pom
[b2cf8775-5ac6-4e30-8cb5-fb942cf1f9a6/build]   | [INFO] Downloaded from central: https://repo.maven.apache.org/maven2/org/apache/maven/maven-repository-metadata/2.0.6/maven-repository-metadata-2.0.6.pom (1.9 kB at 51 kB/s)
[b2cf8775-5ac6-4e30-8cb5-fb942cf1f9a6/build]   | [INFO] Downloading from central: https://repo.maven.apache.org/maven2/org/apache/maven/maven-artifact/2.0.6/maven-artifact-2.0.6.pom
[b2cf8775-5ac6-4e30-8cb5-fb942cf1f9a6/build]   | [INFO] Downloaded from central: https://repo.maven.apache.org/maven2/org/apache/maven/maven-artifact/2.0.6/maven-artifact-2.0.6.pom (1.6 kB at 131 kB/s)
[b2cf8775-5ac6-4e30-8cb5-fb942cf1f9a6/build]   | [INFO] Downloading from central: https://repo.maven.apache.org/maven2/org/apache/maven/maven-plugin-registry/2.0.6/maven-plugin-registry-2.0.6.pom
[b2cf8775-5ac6-4e30-8cb5-fb942cf1f9a6/build]   | [INFO] Downloaded from central: https://repo.maven.apache.org/maven2/org/apache/maven/maven-plugin-registry/2.0.6/maven-plugin-registry-2.0.6.pom (1.9 kB at 78 kB/s)
[b2cf8775-5ac6-4e30-8cb5-fb942cf1f9a6/build]   | [INFO] Downloading from central: https://repo.maven.apache.org/maven2/org/apache/maven/maven-core/2.0.6/maven-core-2.0.6.pom
[b2cf8775-5ac6-4e30-8cb5-fb942cf1f9a6/build]   | [INFO] Downloaded from central: https://repo.maven.apache.org/maven2/org/apache/maven/maven-core/2.0.6/maven-core-2.0.6.pom (6.7 kB at 959 kB/s)
[b2cf8775-5ac6-4e30-8cb5-fb942cf1f9a6/build]   | [INFO] Downloading from central: https://repo.maven.apache.org/maven2/org/apache/maven/maven-plugin-parameter-documenter/2.0.6/maven-plugin-parameter-documenter-2.0.6.pom
[b2cf8775-5ac6-4e30-8cb5-fb942cf1f9a6/build]   | [INFO] Downloaded from central: https://repo.maven.apache.org/maven2/org/apache/maven/maven-plugin-parameter-documenter/2.0.6/maven-plugin-parameter-documenter-2.0.6.pom (1.9 kB at 136 kB/s)
[b2cf8775-5ac6-4e30-8cb5-fb942cf1f9a6/build]   | [INFO] Downloading from central: https://repo.maven.apache.org/maven2/org/apache/maven/reporting/maven-reporting-api/2.0.6/maven-reporting-api-2.0.6.pom
[b2cf8775-5ac6-4e30-8cb5-fb942cf1f9a6/build]   | [INFO] Downloaded from central: https://repo.maven.apache.org/maven2/org/apache/maven/reporting/maven-reporting-api/2.0.6/maven-reporting-api-2.0.6.pom (1.8 kB at 125 kB/s)
[b2cf8775-5ac6-4e30-8cb5-fb942cf1f9a6/build]   | [INFO] Downloading from central: https://repo.maven.apache.org/maven2/org/apache/maven/reporting/maven-reporting/2.0.6/maven-reporting-2.0.6.pom
[b2cf8775-5ac6-4e30-8cb5-fb942cf1f9a6/build]   | [INFO] Downloaded from central: https://repo.maven.apache.org/maven2/org/apache/maven/reporting/maven-reporting/2.0.6/maven-reporting-2.0.6.pom (1.4 kB at 50 kB/s)
[b2cf8775-5ac6-4e30-8cb5-fb942cf1f9a6/build]   | [INFO] Downloading from central: https://repo.maven.apache.org/maven2/org/apache/maven/doxia/doxia-sink-api/1.0-alpha-7/doxia-sink-api-1.0-alpha-7.pom
[b2cf8775-5ac6-4e30-8cb5-fb942cf1f9a6/build]   | [INFO] Downloaded from central: https://repo.maven.apache.org/maven2/org/apache/maven/doxia/doxia-sink-api/1.0-alpha-7/doxia-sink-api-1.0-alpha-7.pom (424 B at 33 kB/s)
[b2cf8775-5ac6-4e30-8cb5-fb942cf1f9a6/build]   | [INFO] Downloading from central: https://repo.maven.apache.org/maven2/org/apache/maven/doxia/doxia/1.0-alpha-7/doxia-1.0-alpha-7.pom
[b2cf8775-5ac6-4e30-8cb5-fb942cf1f9a6/build]   | [INFO] Downloaded from central: https://repo.maven.apache.org/maven2/org/apache/maven/doxia/doxia/1.0-alpha-7/doxia-1.0-alpha-7.pom (3.9 kB at 280 kB/s)
[b2cf8775-5ac6-4e30-8cb5-fb942cf1f9a6/build]   | [INFO] Downloading from central: https://repo.maven.apache.org/maven2/org/apache/maven/maven-error-diagnostics/2.0.6/maven-error-diagnostics-2.0.6.pom
[b2cf8775-5ac6-4e30-8cb5-fb942cf1f9a6/build]   | [INFO] Downloaded from central: https://repo.maven.apache.org/maven2/org/apache/maven/maven-error-diagnostics/2.0.6/maven-error-diagnostics-2.0.6.pom (1.7 kB at 100 kB/s)
[b2cf8775-5ac6-4e30-8cb5-fb942cf1f9a6/build]   | [INFO] Downloading from central: https://repo.maven.apache.org/maven2/commons-cli/commons-cli/1.0/commons-cli-1.0.pom
[b2cf8775-5ac6-4e30-8cb5-fb942cf1f9a6/build]   | [INFO] Downloaded from central: https://repo.maven.apache.org/maven2/commons-cli/commons-cli/1.0/commons-cli-1.0.pom (2.1 kB at 78 kB/s)
[b2cf8775-5ac6-4e30-8cb5-fb942cf1f9a6/build]   | [INFO] Downloading from central: https://repo.maven.apache.org/maven2/org/apache/maven/maven-plugin-descriptor/2.0.6/maven-plugin-descriptor-2.0.6.pom
[b2cf8775-5ac6-4e30-8cb5-fb942cf1f9a6/build]   | [INFO] Downloaded from central: https://repo.maven.apache.org/maven2/org/apache/maven/maven-plugin-descriptor/2.0.6/maven-plugin-descriptor-2.0.6.pom (2.0 kB at 81 kB/s)
[b2cf8775-5ac6-4e30-8cb5-fb942cf1f9a6/build]   | [INFO] Downloading from central: https://repo.maven.apache.org/maven2/org/codehaus/plexus/plexus-interactivity-api/1.0-alpha-4/plexus-interactivity-api-1.0-alpha-4.pom
[b2cf8775-5ac6-4e30-8cb5-fb942cf1f9a6/build]   | [INFO] Downloaded from central: https://repo.maven.apache.org/maven2/org/codehaus/plexus/plexus-interactivity-api/1.0-alpha-4/plexus-interactivity-api-1.0-alpha-4.pom (7.1 kB at 253 kB/s)
[b2cf8775-5ac6-4e30-8cb5-fb942cf1f9a6/build]   | [INFO] Downloading from central: https://repo.maven.apache.org/maven2/org/apache/maven/maven-monitor/2.0.6/maven-monitor-2.0.6.pom
[b2cf8775-5ac6-4e30-8cb5-fb942cf1f9a6/build]   | [INFO] Downloaded from central: https://repo.maven.apache.org/maven2/org/apache/maven/maven-monitor/2.0.6/maven-monitor-2.0.6.pom (1.3 kB at 84 kB/s)
[b2cf8775-5ac6-4e30-8cb5-fb942cf1f9a6/build]   | [INFO] Downloading from central: https://repo.maven.apache.org/maven2/classworlds/classworlds/1.1/classworlds-1.1.pom
[b2cf8775-5ac6-4e30-8cb5-fb942cf1f9a6/build]   | [INFO] Downloaded from central: https://repo.maven.apache.org/maven2/classworlds/classworlds/1.1/classworlds-1.1.pom (3.3 kB at 196 kB/s)
[b2cf8775-5ac6-4e30-8cb5-fb942cf1f9a6/build]   | [INFO] Downloading from central: https://repo.maven.apache.org/maven2/org/codehaus/plexus/plexus-utils/2.0.5/plexus-utils-2.0.5.pom
[b2cf8775-5ac6-4e30-8cb5-fb942cf1f9a6/build]   | [INFO] Downloaded from central: https://repo.maven.apache.org/maven2/org/codehaus/plexus/plexus-utils/2.0.5/plexus-utils-2.0.5.pom (3.3 kB at 222 kB/s)
[b2cf8775-5ac6-4e30-8cb5-fb942cf1f9a6/build]   | [INFO] Downloading from central: https://repo.maven.apache.org/maven2/org/codehaus/plexus/plexus/2.0.6/plexus-2.0.6.pom
[b2cf8775-5ac6-4e30-8cb5-fb942cf1f9a6/build]   | [INFO] Downloaded from central: https://repo.maven.apache.org/maven2/org/codehaus/plexus/plexus/2.0.6/plexus-2.0.6.pom (17 kB at 2.4 MB/s)
[b2cf8775-5ac6-4e30-8cb5-fb942cf1f9a6/build]   | [INFO] Downloading from central: https://repo.maven.apache.org/maven2/org/apache/maven/shared/maven-filtering/1.1/maven-filtering-1.1.pom
[b2cf8775-5ac6-4e30-8cb5-fb942cf1f9a6/build]   | [INFO] Downloaded from central: https://repo.maven.apache.org/maven2/org/apache/maven/shared/maven-filtering/1.1/maven-filtering-1.1.pom (5.8 kB at 643 kB/s)
[b2cf8775-5ac6-4e30-8cb5-fb942cf1f9a6/build]   | [INFO] Downloading from central: https://repo.maven.apache.org/maven2/org/apache/maven/shared/maven-shared-components/17/maven-shared-components-17.pom
[b2cf8775-5ac6-4e30-8cb5-fb942cf1f9a6/build]   | [INFO] Downloaded from central: https://repo.maven.apache.org/maven2/org/apache/maven/shared/maven-shared-components/17/maven-shared-components-17.pom (8.7 kB at 1.2 MB/s)
[b2cf8775-5ac6-4e30-8cb5-fb942cf1f9a6/build]   | [INFO] Downloading from central: https://repo.maven.apache.org/maven2/org/codehaus/plexus/plexus-utils/1.5.15/plexus-utils-1.5.15.pom
[b2cf8775-5ac6-4e30-8cb5-fb942cf1f9a6/build]   | [INFO] Downloaded from central: https://repo.maven.apache.org/maven2/org/codehaus/plexus/plexus-utils/1.5.15/plexus-utils-1.5.15.pom (6.8 kB at 298 kB/s)
[b2cf8775-5ac6-4e30-8cb5-fb942cf1f9a6/build]   | [INFO] Downloading from central: https://repo.maven.apache.org/maven2/org/codehaus/plexus/plexus/2.0.2/plexus-2.0.2.pom
[b2cf8775-5ac6-4e30-8cb5-fb942cf1f9a6/build]   | [INFO] Downloaded from central: https://repo.maven.apache.org/maven2/org/codehaus/plexus/plexus/2.0.2/plexus-2.0.2.pom (12 kB at 611 kB/s)
[b2cf8775-5ac6-4e30-8cb5-fb942cf1f9a6/build]   | [INFO] Downloading from central: https://repo.maven.apache.org/maven2/org/codehaus/plexus/plexus-interpolation/1.12/plexus-interpolation-1.12.pom
[b2cf8775-5ac6-4e30-8cb5-fb942cf1f9a6/build]   | [INFO] Downloaded from central: https://repo.maven.apache.org/maven2/org/codehaus/plexus/plexus-interpolation/1.12/plexus-interpolation-1.12.pom (889 B at 42 kB/s)
[b2cf8775-5ac6-4e30-8cb5-fb942cf1f9a6/build]   | [INFO] Downloading from central: https://repo.maven.apache.org/maven2/org/codehaus/plexus/plexus-components/1.1.14/plexus-components-1.1.14.pom
[b2cf8775-5ac6-4e30-8cb5-fb942cf1f9a6/build]   | [INFO] Downloaded from central: https://repo.maven.apache.org/maven2/org/codehaus/plexus/plexus-components/1.1.14/plexus-components-1.1.14.pom (5.8 kB at 325 kB/s)
[b2cf8775-5ac6-4e30-8cb5-fb942cf1f9a6/build]   | [INFO] Downloading from central: https://repo.maven.apache.org/maven2/org/sonatype/plexus/plexus-build-api/0.0.4/plexus-build-api-0.0.4.pom
[b2cf8775-5ac6-4e30-8cb5-fb942cf1f9a6/build]   | [INFO] Downloaded from central: https://repo.maven.apache.org/maven2/org/sonatype/plexus/plexus-build-api/0.0.4/plexus-build-api-0.0.4.pom (2.9 kB at 179 kB/s)
[b2cf8775-5ac6-4e30-8cb5-fb942cf1f9a6/build]   | [INFO] Downloading from central: https://repo.maven.apache.org/maven2/org/sonatype/spice/spice-parent/10/spice-parent-10.pom
[b2cf8775-5ac6-4e30-8cb5-fb942cf1f9a6/build]   | [INFO] Downloaded from central: https://repo.maven.apache.org/maven2/org/sonatype/spice/spice-parent/10/spice-parent-10.pom (3.0 kB at 112 kB/s)
[b2cf8775-5ac6-4e30-8cb5-fb942cf1f9a6/build]   | [INFO] Downloading from central: https://repo.maven.apache.org/maven2/org/sonatype/forge/forge-parent/3/forge-parent-3.pom
[b2cf8775-5ac6-4e30-8cb5-fb942cf1f9a6/build]   | [INFO] Downloaded from central: https://repo.maven.apache.org/maven2/org/sonatype/forge/forge-parent/3/forge-parent-3.pom (5.0 kB at 112 kB/s)
[b2cf8775-5ac6-4e30-8cb5-fb942cf1f9a6/build]   | [INFO] Downloading from central: https://repo.maven.apache.org/maven2/org/codehaus/plexus/plexus-utils/1.5.8/plexus-utils-1.5.8.pom
[b2cf8775-5ac6-4e30-8cb5-fb942cf1f9a6/build]   | [INFO] Downloaded from central: https://repo.maven.apache.org/maven2/org/codehaus/plexus/plexus-utils/1.5.8/plexus-utils-1.5.8.pom (8.1 kB at 323 kB/s)
[b2cf8775-5ac6-4e30-8cb5-fb942cf1f9a6/build]   | [INFO] Downloading from central: https://repo.maven.apache.org/maven2/org/codehaus/plexus/plexus-interpolation/1.13/plexus-interpolation-1.13.pom
[b2cf8775-5ac6-4e30-8cb5-fb942cf1f9a6/build]   | [INFO] Downloaded from central: https://repo.maven.apache.org/maven2/org/codehaus/plexus/plexus-interpolation/1.13/plexus-interpolation-1.13.pom (890 B at 40 kB/s)
[b2cf8775-5ac6-4e30-8cb5-fb942cf1f9a6/build]   | [INFO] Downloading from central: https://repo.maven.apache.org/maven2/org/codehaus/plexus/plexus-components/1.1.15/plexus-components-1.1.15.pom
[b2cf8775-5ac6-4e30-8cb5-fb942cf1f9a6/build]   | [INFO] Downloaded from central: https://repo.maven.apache.org/maven2/org/codehaus/plexus/plexus-components/1.1.15/plexus-components-1.1.15.pom (2.8 kB at 142 kB/s)
[b2cf8775-5ac6-4e30-8cb5-fb942cf1f9a6/build]   | [INFO] Downloading from central: https://repo.maven.apache.org/maven2/org/codehaus/plexus/plexus/2.0.3/plexus-2.0.3.pom
[b2cf8775-5ac6-4e30-8cb5-fb942cf1f9a6/build]   | [INFO] Downloaded from central: https://repo.maven.apache.org/maven2/org/codehaus/plexus/plexus/2.0.3/plexus-2.0.3.pom (15 kB at 1.7 MB/s)
[b2cf8775-5ac6-4e30-8cb5-fb942cf1f9a6/build]   | [INFO] Downloading from central: https://repo.maven.apache.org/maven2/org/apache/maven/maven-plugin-api/2.0.6/maven-plugin-api-2.0.6.jar
[b2cf8775-5ac6-4e30-8cb5-fb942cf1f9a6/build]   | [INFO] Downloading from central: https://repo.maven.apache.org/maven2/org/apache/maven/maven-project/2.0.6/maven-project-2.0.6.jar
[b2cf8775-5ac6-4e30-8cb5-fb942cf1f9a6/build]   | [INFO] Downloading from central: https://repo.maven.apache.org/maven2/org/apache/maven/maven-profile/2.0.6/maven-profile-2.0.6.jar
[b2cf8775-5ac6-4e30-8cb5-fb942cf1f9a6/build]   | [INFO] Downloading from central: https://repo.maven.apache.org/maven2/org/apache/maven/maven-artifact-manager/2.0.6/maven-artifact-manager-2.0.6.jar
[b2cf8775-5ac6-4e30-8cb5-fb942cf1f9a6/build]   | [INFO] Downloading from central: https://repo.maven.apache.org/maven2/org/apache/maven/maven-plugin-registry/2.0.6/maven-plugin-registry-2.0.6.jar
[b2cf8775-5ac6-4e30-8cb5-fb942cf1f9a6/build]   | [INFO] Downloaded from central: https://repo.maven.apache.org/maven2/org/apache/maven/maven-plugin-api/2.0.6/maven-plugin-api-2.0.6.jar (13 kB at 322 kB/s)
[b2cf8775-5ac6-4e30-8cb5-fb942cf1f9a6/build]   | [INFO] Downloading from central: https://repo.maven.apache.org/maven2/org/apache/maven/maven-core/2.0.6/maven-core-2.0.6.jar
[b2cf8775-5ac6-4e30-8cb5-fb942cf1f9a6/build]   | [INFO] Downloaded from central: https://repo.maven.apache.org/maven2/org/apache/maven/maven-profile/2.0.6/maven-profile-2.0.6.jar (35 kB at 801 kB/s)
[b2cf8775-5ac6-4e30-8cb5-fb942cf1f9a6/build]   | [INFO] Downloading from central: https://repo.maven.apache.org/maven2/org/apache/maven/maven-plugin-parameter-documenter/2.0.6/maven-plugin-parameter-documenter-2.0.6.jar
[b2cf8775-5ac6-4e30-8cb5-fb942cf1f9a6/build]   | [INFO] Downloaded from central: https://repo.maven.apache.org/maven2/org/apache/maven/maven-artifact-manager/2.0.6/maven-artifact-manager-2.0.6.jar (57 kB at 1.2 MB/s)
[b2cf8775-5ac6-4e30-8cb5-fb942cf1f9a6/build]   | [INFO] Downloading from central: https://repo.maven.apache.org/maven2/org/apache/maven/reporting/maven-reporting-api/2.0.6/maven-reporting-api-2.0.6.jar
[b2cf8775-5ac6-4e30-8cb5-fb942cf1f9a6/build]   | [INFO] Downloaded from central: https://repo.maven.apache.org/maven2/org/apache/maven/maven-project/2.0.6/maven-project-2.0.6.jar (116 kB at 2.5 MB/s)
[b2cf8775-5ac6-4e30-8cb5-fb942cf1f9a6/build]   | [INFO] Downloading from central: https://repo.maven.apache.org/maven2/org/apache/maven/doxia/doxia-sink-api/1.0-alpha-7/doxia-sink-api-1.0-alpha-7.jar
[b2cf8775-5ac6-4e30-8cb5-fb942cf1f9a6/build]   | [INFO] Downloaded from central: https://repo.maven.apache.org/maven2/org/apache/maven/maven-plugin-registry/2.0.6/maven-plugin-registry-2.0.6.jar (29 kB at 402 kB/s)
[b2cf8775-5ac6-4e30-8cb5-fb942cf1f9a6/build]   | [INFO] Downloading from central: https://repo.maven.apache.org/maven2/org/apache/maven/maven-repository-metadata/2.0.6/maven-repository-metadata-2.0.6.jar
[b2cf8775-5ac6-4e30-8cb5-fb942cf1f9a6/build]   | [INFO] Downloaded from central: https://repo.maven.apache.org/maven2/org/apache/maven/maven-plugin-parameter-documenter/2.0.6/maven-plugin-parameter-documenter-2.0.6.jar (21 kB at 226 kB/s)
[b2cf8775-5ac6-4e30-8cb5-fb942cf1f9a6/build]   | [INFO] Downloaded from central: https://repo.maven.apache.org/maven2/org/apache/maven/reporting/maven-reporting-api/2.0.6/maven-reporting-api-2.0.6.jar (9.9 kB at 108 kB/s)
[b2cf8775-5ac6-4e30-8cb5-fb942cf1f9a6/build]   | [INFO] Downloading from central: https://repo.maven.apache.org/maven2/org/apache/maven/maven-error-diagnostics/2.0.6/maven-error-diagnostics-2.0.6.jar
[b2cf8775-5ac6-4e30-8cb5-fb942cf1f9a6/build]   | [INFO] Downloading from central: https://repo.maven.apache.org/maven2/commons-cli/commons-cli/1.0/commons-cli-1.0.jar
[b2cf8775-5ac6-4e30-8cb5-fb942cf1f9a6/build]   | [INFO] Downloaded from central: https://repo.maven.apache.org/maven2/org/apache/maven/doxia/doxia-sink-api/1.0-alpha-7/doxia-sink-api-1.0-alpha-7.jar (5.9 kB at 59 kB/s)
[b2cf8775-5ac6-4e30-8cb5-fb942cf1f9a6/build]   | [INFO] Downloading from central: https://repo.maven.apache.org/maven2/org/apache/maven/maven-plugin-descriptor/2.0.6/maven-plugin-descriptor-2.0.6.jar
[b2cf8775-5ac6-4e30-8cb5-fb942cf1f9a6/build]   | [INFO] Downloaded from central: https://repo.maven.apache.org/maven2/org/apache/maven/maven-core/2.0.6/maven-core-2.0.6.jar (152 kB at 1.4 MB/s)
[b2cf8775-5ac6-4e30-8cb5-fb942cf1f9a6/build]   | [INFO] Downloading from central: https://repo.maven.apache.org/maven2/org/codehaus/plexus/plexus-interactivity-api/1.0-alpha-4/plexus-interactivity-api-1.0-alpha-4.jar
[b2cf8775-5ac6-4e30-8cb5-fb942cf1f9a6/build]   | [INFO] Downloaded from central: https://repo.maven.apache.org/maven2/org/apache/maven/maven-repository-metadata/2.0.6/maven-repository-metadata-2.0.6.jar (24 kB at 231 kB/s)
[b2cf8775-5ac6-4e30-8cb5-fb942cf1f9a6/build]   | [INFO] Downloading from central: https://repo.maven.apache.org/maven2/classworlds/classworlds/1.1/classworlds-1.1.jar
[b2cf8775-5ac6-4e30-8cb5-fb942cf1f9a6/build]   | [INFO] Downloaded from central: https://repo.maven.apache.org/maven2/commons-cli/commons-cli/1.0/commons-cli-1.0.jar (30 kB at 226 kB/s)
[b2cf8775-5ac6-4e30-8cb5-fb942cf1f9a6/build]   | [INFO] Downloading from central: https://repo.maven.apache.org/maven2/org/apache/maven/maven-artifact/2.0.6/maven-artifact-2.0.6.jar
[b2cf8775-5ac6-4e30-8cb5-fb942cf1f9a6/build]   | [INFO] Downloaded from central: https://repo.maven.apache.org/maven2/org/apache/maven/maven-error-diagnostics/2.0.6/maven-error-diagnostics-2.0.6.jar (14 kB at 102 kB/s)
[b2cf8775-5ac6-4e30-8cb5-fb942cf1f9a6/build]   | [INFO] Downloading from central: https://repo.maven.apache.org/maven2/org/apache/maven/maven-settings/2.0.6/maven-settings-2.0.6.jar
[b2cf8775-5ac6-4e30-8cb5-fb942cf1f9a6/build]   | [INFO] Downloaded from central: https://repo.maven.apache.org/maven2/classworlds/classworlds/1.1/classworlds-1.1.jar (38 kB at 263 kB/s)
[b2cf8775-5ac6-4e30-8cb5-fb942cf1f9a6/build]   | [INFO] Downloading from central: https://repo.maven.apache.org/maven2/org/apache/maven/maven-model/2.0.6/maven-model-2.0.6.jar
[b2cf8775-5ac6-4e30-8cb5-fb942cf1f9a6/build]   | [INFO] Downloaded from central: https://repo.maven.apache.org/maven2/org/apache/maven/maven-plugin-descriptor/2.0.6/maven-plugin-descriptor-2.0.6.jar (37 kB at 253 kB/s)
[b2cf8775-5ac6-4e30-8cb5-fb942cf1f9a6/build]   | [INFO] Downloading from central: https://repo.maven.apache.org/maven2/org/apache/maven/maven-monitor/2.0.6/maven-monitor-2.0.6.jar
[b2cf8775-5ac6-4e30-8cb5-fb942cf1f9a6/build]   | [INFO] Downloaded from central: https://repo.maven.apache.org/maven2/org/codehaus/plexus/plexus-interactivity-api/1.0-alpha-4/plexus-interactivity-api-1.0-alpha-4.jar (13 kB at 91 kB/s)
[b2cf8775-5ac6-4e30-8cb5-fb942cf1f9a6/build]   | [INFO] Downloading from central: https://repo.maven.apache.org/maven2/org/codehaus/plexus/plexus-container-default/1.0-alpha-9-stable-1/plexus-container-default-1.0-alpha-9-stable-1.jar
[b2cf8775-5ac6-4e30-8cb5-fb942cf1f9a6/build]   | [INFO] Downloaded from central: https://repo.maven.apache.org/maven2/org/apache/maven/maven-settings/2.0.6/maven-settings-2.0.6.jar (49 kB at 307 kB/s)
[b2cf8775-5ac6-4e30-8cb5-fb942cf1f9a6/build]   | [INFO] Downloading from central: https://repo.maven.apache.org/maven2/junit/junit/3.8.1/junit-3.8.1.jar
[b2cf8775-5ac6-4e30-8cb5-fb942cf1f9a6/build]   | [INFO] Downloaded from central: https://repo.maven.apache.org/maven2/org/apache/maven/maven-artifact/2.0.6/maven-artifact-2.0.6.jar (87 kB at 520 kB/s)
[b2cf8775-5ac6-4e30-8cb5-fb942cf1f9a6/build]   | [INFO] Downloading from central: https://repo.maven.apache.org/maven2/org/codehaus/plexus/plexus-utils/2.0.5/plexus-utils-2.0.5.jar
[b2cf8775-5ac6-4e30-8cb5-fb942cf1f9a6/build]   | [INFO] Downloaded from central: https://repo.maven.apache.org/maven2/org/apache/maven/maven-monitor/2.0.6/maven-monitor-2.0.6.jar (10 kB at 61 kB/s)
[b2cf8775-5ac6-4e30-8cb5-fb942cf1f9a6/build]   | [INFO] Downloading from central: https://repo.maven.apache.org/maven2/org/apache/maven/shared/maven-filtering/1.1/maven-filtering-1.1.jar
[b2cf8775-5ac6-4e30-8cb5-fb942cf1f9a6/build]   | [INFO] Downloaded from central: https://repo.maven.apache.org/maven2/org/apache/maven/maven-model/2.0.6/maven-model-2.0.6.jar (86 kB at 455 kB/s)
[b2cf8775-5ac6-4e30-8cb5-fb942cf1f9a6/build]   | [INFO] Downloading from central: https://repo.maven.apache.org/maven2/org/sonatype/plexus/plexus-build-api/0.0.4/plexus-build-api-0.0.4.jar
[b2cf8775-5ac6-4e30-8cb5-fb942cf1f9a6/build]   | [INFO] Downloaded from central: https://repo.maven.apache.org/maven2/junit/junit/3.8.1/junit-3.8.1.jar (121 kB at 618 kB/s)
[b2cf8775-5ac6-4e30-8cb5-fb942cf1f9a6/build]   | [INFO] Downloading from central: https://repo.maven.apache.org/maven2/org/codehaus/plexus/plexus-interpolation/1.13/plexus-interpolation-1.13.jar
[b2cf8775-5ac6-4e30-8cb5-fb942cf1f9a6/build]   | [INFO] Downloaded from central: https://repo.maven.apache.org/maven2/org/apache/maven/shared/maven-filtering/1.1/maven-filtering-1.1.jar (43 kB at 218 kB/s)
[b2cf8775-5ac6-4e30-8cb5-fb942cf1f9a6/build]   | [INFO] Downloaded from central: https://repo.maven.apache.org/maven2/org/sonatype/plexus/plexus-build-api/0.0.4/plexus-build-api-0.0.4.jar (6.8 kB at 34 kB/s)
[b2cf8775-5ac6-4e30-8cb5-fb942cf1f9a6/build]   | [INFO] Downloaded from central: https://repo.maven.apache.org/maven2/org/codehaus/plexus/plexus-utils/2.0.5/plexus-utils-2.0.5.jar (223 kB at 934 kB/s)
[b2cf8775-5ac6-4e30-8cb5-fb942cf1f9a6/build]   | [INFO] Downloaded from central: https://repo.maven.apache.org/maven2/org/codehaus/plexus/plexus-container-default/1.0-alpha-9-stable-1/plexus-container-default-1.0-alpha-9-stable-1.jar (194 kB at 793 kB/s)
[b2cf8775-5ac6-4e30-8cb5-fb942cf1f9a6/build]   | [INFO] Downloaded from central: https://repo.maven.apache.org/maven2/org/codehaus/plexus/plexus-interpolation/1.13/plexus-interpolation-1.13.jar (61 kB at 234 kB/s)
[b2cf8775-5ac6-4e30-8cb5-fb942cf1f9a6/build]   | [WARNING] Using platform encoding (UTF-8 actually) to copy filtered resources, i.e. build is platform dependent!
[b2cf8775-5ac6-4e30-8cb5-fb942cf1f9a6/build]   | [INFO] skip non existing resourceDirectory /tmp/91c778e5-d226-40cd-b4a5-93033232cccc/src/main/resources
[b2cf8775-5ac6-4e30-8cb5-fb942cf1f9a6/build]   | [INFO] 
[b2cf8775-5ac6-4e30-8cb5-fb942cf1f9a6/build]   | [INFO] --- maven-compiler-plugin:2.5.1:compile (default-compile) @ nodebox ---
[b2cf8775-5ac6-4e30-8cb5-fb942cf1f9a6/build]   | [INFO] Downloading from central: https://repo.maven.apache.org/maven2/org/apache/maven/maven-plugin-api/2.0.9/maven-plugin-api-2.0.9.pom
[b2cf8775-5ac6-4e30-8cb5-fb942cf1f9a6/build]   | [INFO] Downloaded from central: https://repo.maven.apache.org/maven2/org/apache/maven/maven-plugin-api/2.0.9/maven-plugin-api-2.0.9.pom (1.5 kB at 39 kB/s)
[b2cf8775-5ac6-4e30-8cb5-fb942cf1f9a6/build]   | [INFO] Downloading from central: https://repo.maven.apache.org/maven2/org/apache/maven/maven/2.0.9/maven-2.0.9.pom
[b2cf8775-5ac6-4e30-8cb5-fb942cf1f9a6/build]   | [INFO] Downloaded from central: https://repo.maven.apache.org/maven2/org/apache/maven/maven/2.0.9/maven-2.0.9.pom (19 kB at 430 kB/s)
[b2cf8775-5ac6-4e30-8cb5-fb942cf1f9a6/build]   | [INFO] Downloading from central: https://repo.maven.apache.org/maven2/org/apache/maven/maven-parent/8/maven-parent-8.pom
[b2cf8775-5ac6-4e30-8cb5-fb942cf1f9a6/build]   | [INFO] Downloaded from central: https://repo.maven.apache.org/maven2/org/apache/maven/maven-parent/8/maven-parent-8.pom (24 kB at 431 kB/s)
[b2cf8775-5ac6-4e30-8cb5-fb942cf1f9a6/build]   | [INFO] Downloading from central: https://repo.maven.apache.org/maven2/org/apache/apache/4/apache-4.pom
[b2cf8775-5ac6-4e30-8cb5-fb942cf1f9a6/build]   | [INFO] Downloaded from central: https://repo.maven.apache.org/maven2/org/apache/apache/4/apache-4.pom (4.5 kB at 187 kB/s)
[b2cf8775-5ac6-4e30-8cb5-fb942cf1f9a6/build]   | [INFO] Downloading from central: https://repo.maven.apache.org/maven2/org/apache/maven/maven-artifact/2.0.9/maven-artifact-2.0.9.pom
[b2cf8775-5ac6-4e30-8cb5-fb942cf1f9a6/build]   | [INFO] Downloaded from central: https://repo.maven.apache.org/maven2/org/apache/maven/maven-artifact/2.0.9/maven-artifact-2.0.9.pom (1.6 kB at 46 kB/s)
[b2cf8775-5ac6-4e30-8cb5-fb942cf1f9a6/build]   | [INFO] Downloading from central: https://repo.maven.apache.org/maven2/org/codehaus/plexus/plexus-utils/1.5.1/plexus-utils-1.5.1.pom
[b2cf8775-5ac6-4e30-8cb5-fb942cf1f9a6/build]   | [INFO] Downloaded from central: https://repo.maven.apache.org/maven2/org/codehaus/plexus/plexus-utils/1.5.1/plexus-utils-1.5.1.pom (2.3 kB at 62 kB/s)
[b2cf8775-5ac6-4e30-8cb5-fb942cf1f9a6/build]   | [INFO] Downloading from central: https://repo.maven.apache.org/maven2/org/apache/maven/maven-core/2.0.9/maven-core-2.0.9.pom
[b2cf8775-5ac6-4e30-8cb5-fb942cf1f9a6/build]   | [INFO] Downloaded from central: https://repo.maven.apache.org/maven2/org/apache/maven/maven-core/2.0.9/maven-core-2.0.9.pom (7.8 kB at 236 kB/s)
[b2cf8775-5ac6-4e30-8cb5-fb942cf1f9a6/build]   | [INFO] Downloading from central: https://repo.maven.apache.org/maven2/org/apache/maven/maven-settings/2.0.9/maven-settings-2.0.9.pom
[b2cf8775-5ac6-4e30-8cb5-fb942cf1f9a6/build]   | [INFO] Downloaded from central: https://repo.maven.apache.org/maven2/org/apache/maven/maven-settings/2.0.9/maven-settings-2.0.9.pom (2.1 kB at 54 kB/s)
[b2cf8775-5ac6-4e30-8cb5-fb942cf1f9a6/build]   | [INFO] Downloading from central: https://repo.maven.apache.org/maven2/org/apache/maven/maven-model/2.0.9/maven-model-2.0.9.pom
[b2cf8775-5ac6-4e30-8cb5-fb942cf1f9a6/build]   | [INFO] Downloaded from central: https://repo.maven.apache.org/maven2/org/apache/maven/maven-model/2.0.9/maven-model-2.0.9.pom (3.1 kB at 64 kB/s)
[b2cf8775-5ac6-4e30-8cb5-fb942cf1f9a6/build]   | [INFO] Downloading from central: https://repo.maven.apache.org/maven2/org/apache/maven/maven-plugin-parameter-documenter/2.0.9/maven-plugin-parameter-documenter-2.0.9.pom
[b2cf8775-5ac6-4e30-8cb5-fb942cf1f9a6/build]   | [INFO] Downloaded from central: https://repo.maven.apache.org/maven2/org/apache/maven/maven-plugin-parameter-documenter/2.0.9/maven-plugin-parameter-documenter-2.0.9.pom (2.0 kB at 49 kB/s)
[b2cf8775-5ac6-4e30-8cb5-fb942cf1f9a6/build]   | [INFO] Downloading from central: https://repo.maven.apache.org/maven2/org/apache/maven/maven-profile/2.0.9/maven-profile-2.0.9.pom
[b2cf8775-5ac6-4e30-8cb5-fb942cf1f9a6/build]   | [INFO] Downloaded from central: https://repo.maven.apache.org/maven2/org/apache/maven/maven-profile/2.0.9/maven-profile-2.0.9.pom (2.0 kB at 59 kB/s)
[b2cf8775-5ac6-4e30-8cb5-fb942cf1f9a6/build]   | [INFO] Downloading from central: https://repo.maven.apache.org/maven2/org/apache/maven/maven-repository-metadata/2.0.9/maven-repository-metadata-2.0.9.pom
[b2cf8775-5ac6-4e30-8cb5-fb942cf1f9a6/build]   | [INFO] Downloaded from central: https://repo.maven.apache.org/maven2/org/apache/maven/maven-repository-metadata/2.0.9/maven-repository-metadata-2.0.9.pom (1.9 kB at 112 kB/s)
[b2cf8775-5ac6-4e30-8cb5-fb942cf1f9a6/build]   | [INFO] Downloading from central: https://repo.maven.apache.org/maven2/org/apache/maven/maven-error-diagnostics/2.0.9/maven-error-diagnostics-2.0.9.pom
[b2cf8775-5ac6-4e30-8cb5-fb942cf1f9a6/build]   | [INFO] Downloaded from central: https://repo.maven.apache.org/maven2/org/apache/maven/maven-error-diagnostics/2.0.9/maven-error-diagnostics-2.0.9.pom (1.7 kB at 48 kB/s)
[b2cf8775-5ac6-4e30-8cb5-fb942cf1f9a6/build]   | [INFO] Downloading from central: https://repo.maven.apache.org/maven2/org/apache/maven/maven-project/2.0.9/maven-project-2.0.9.pom
[b2cf8775-5ac6-4e30-8cb5-fb942cf1f9a6/build]   | [INFO] Downloaded from central: https://repo.maven.apache.org/maven2/org/apache/maven/maven-project/2.0.9/maven-project-2.0.9.pom (2.7 kB at 113 kB/s)
[b2cf8775-5ac6-4e30-8cb5-fb942cf1f9a6/build]   | [INFO] Downloading from central: https://repo.maven.apache.org/maven2/org/apache/maven/maven-artifact-manager/2.0.9/maven-artifact-manager-2.0.9.pom
[b2cf8775-5ac6-4e30-8cb5-fb942cf1f9a6/build]   | [INFO] Downloaded from central: https://repo.maven.apache.org/maven2/org/apache/maven/maven-artifact-manager/2.0.9/maven-artifact-manager-2.0.9.pom (2.7 kB at 57 kB/s)
[b2cf8775-5ac6-4e30-8cb5-fb942cf1f9a6/build]   | [INFO] Downloading from central: https://repo.maven.apache.org/maven2/org/apache/maven/maven-plugin-registry/2.0.9/maven-plugin-registry-2.0.9.pom
[b2cf8775-5ac6-4e30-8cb5-fb942cf1f9a6/build]   | [INFO] Downloaded from central: https://repo.maven.apache.org/maven2/org/apache/maven/maven-plugin-registry/2.0.9/maven-plugin-registry-2.0.9.pom (2.0 kB at 73 kB/s)
[b2cf8775-5ac6-4e30-8cb5-fb942cf1f9a6/build]   | [INFO] Downloading from central: https://repo.maven.apache.org/maven2/org/apache/maven/maven-plugin-descriptor/2.0.9/maven-plugin-descriptor-2.0.9.pom
[b2cf8775-5ac6-4e30-8cb5-fb942cf1f9a6/build]   | [INFO] Downloaded from central: https://repo.maven.apache.org/maven2/org/apache/maven/maven-plugin-descriptor/2.0.9/maven-plugin-descriptor-2.0.9.pom (2.1 kB at 42 kB/s)
[b2cf8775-5ac6-4e30-8cb5-fb942cf1f9a6/build]   | [INFO] Downloading from central: https://repo.maven.apache.org/maven2/org/apache/maven/maven-monitor/2.0.9/maven-monitor-2.0.9.pom
[b2cf8775-5ac6-4e30-8cb5-fb942cf1f9a6/build]   | [INFO] Downloaded from central: https://repo.maven.apache.org/maven2/org/apache/maven/maven-monitor/2.0.9/maven-monitor-2.0.9.pom (1.3 kB at 28 kB/s)
[b2cf8775-5ac6-4e30-8cb5-fb942cf1f9a6/build]   | [INFO] Downloading from central: https://repo.maven.apache.org/maven2/org/apache/maven/maven-toolchain/1.0/maven-toolchain-1.0.pom
[b2cf8775-5ac6-4e30-8cb5-fb942cf1f9a6/build]   | [INFO] Downloaded from central: https://repo.maven.apache.org/maven2/org/apache/maven/maven-toolchain/1.0/maven-toolchain-1.0.pom (3.4 kB at 122 kB/s)
[b2cf8775-5ac6-4e30-8cb5-fb942cf1f9a6/build]   | [INFO] Downloading from central: https://repo.maven.apache.org/maven2/org/codehaus/plexus/plexus-utils/3.0/plexus-utils-3.0.pom
[b2cf8775-5ac6-4e30-8cb5-fb942cf1f9a6/build]   | [INFO] Downloaded from central: https://repo.maven.apache.org/maven2/org/codehaus/plexus/plexus-utils/3.0/plexus-utils-3.0.pom (4.1 kB at 107 kB/s)
[b2cf8775-5ac6-4e30-8cb5-fb942cf1f9a6/build]   | [INFO] Downloading from central: https://repo.maven.apache.org/maven2/org/sonatype/spice/spice-parent/16/spice-parent-16.pom
[b2cf8775-5ac6-4e30-8cb5-fb942cf1f9a6/build]   | [INFO] Downloaded from central: https://repo.maven.apache.org/maven2/org/sonatype/spice/spice-parent/16/spice-parent-16.pom (8.4 kB at 279 kB/s)
[b2cf8775-5ac6-4e30-8cb5-fb942cf1f9a6/build]   | [INFO] Downloading from central: https://repo.maven.apache.org/maven2/org/sonatype/forge/forge-parent/5/forge-parent-5.pom
[b2cf8775-5ac6-4e30-8cb5-fb942cf1f9a6/build]   | [INFO] Downloaded from central: https://repo.maven.apache.org/maven2/org/sonatype/forge/forge-parent/5/forge-parent-5.pom (8.4 kB at 226 kB/s)
[b2cf8775-5ac6-4e30-8cb5-fb942cf1f9a6/build]   | [INFO] Downloading from central: https://repo.maven.apache.org/maven2/org/codehaus/plexus/plexus-compiler-api/1.9.1/plexus-compiler-api-1.9.1.pom
[b2cf8775-5ac6-4e30-8cb5-fb942cf1f9a6/build]   | [INFO] Downloaded from central: https://repo.maven.apache.org/maven2/org/codehaus/plexus/plexus-compiler-api/1.9.1/plexus-compiler-api-1.9.1.pom (867 B at 12 kB/s)
[b2cf8775-5ac6-4e30-8cb5-fb942cf1f9a6/build]   | [INFO] Downloading from central: https://repo.maven.apache.org/maven2/org/codehaus/plexus/plexus-compiler/1.9.1/plexus-compiler-1.9.1.pom
[b2cf8775-5ac6-4e30-8cb5-fb942cf1f9a6/build]   | [INFO] Downloaded from central: https://repo.maven.apache.org/maven2/org/codehaus/plexus/plexus-compiler/1.9.1/plexus-compiler-1.9.1.pom (3.8 kB at 137 kB/s)
[b2cf8775-5ac6-4e30-8cb5-fb942cf1f9a6/build]   | [INFO] Downloading from central: https://repo.maven.apache.org/maven2/org/codehaus/plexus/plexus-components/1.1.20/plexus-components-1.1.20.pom
[b2cf8775-5ac6-4e30-8cb5-fb942cf1f9a6/build]   | [INFO] Downloaded from central: https://repo.maven.apache.org/maven2/org/codehaus/plexus/plexus-components/1.1.20/plexus-components-1.1.20.pom (3.0 kB at 86 kB/s)
[b2cf8775-5ac6-4e30-8cb5-fb942cf1f9a6/build]   | [INFO] Downloading from central: https://repo.maven.apache.org/maven2/org/codehaus/plexus/plexus/3.1/plexus-3.1.pom
[b2cf8775-5ac6-4e30-8cb5-fb942cf1f9a6/build]   | [INFO] Downloaded from central: https://repo.maven.apache.org/maven2/org/codehaus/plexus/plexus/3.1/plexus-3.1.pom (19 kB at 665 kB/s)
[b2cf8775-5ac6-4e30-8cb5-fb942cf1f9a6/build]   | [INFO] Downloading from central: https://repo.maven.apache.org/maven2/org/sonatype/spice/spice-parent/17/spice-parent-17.pom
[b2cf8775-5ac6-4e30-8cb5-fb942cf1f9a6/build]   | [INFO] Downloaded from central: https://repo.maven.apache.org/maven2/org/sonatype/spice/spice-parent/17/spice-parent-17.pom (6.8 kB at 356 kB/s)
[b2cf8775-5ac6-4e30-8cb5-fb942cf1f9a6/build]   | [INFO] Downloading from central: https://repo.maven.apache.org/maven2/org/sonatype/forge/forge-parent/10/forge-parent-10.pom
[b2cf8775-5ac6-4e30-8cb5-fb942cf1f9a6/build]   | [INFO] Downloaded from central: https://repo.maven.apache.org/maven2/org/sonatype/forge/forge-parent/10/forge-parent-10.pom (14 kB at 331 kB/s)
[b2cf8775-5ac6-4e30-8cb5-fb942cf1f9a6/build]   | [INFO] Downloading from central: https://repo.maven.apache.org/maven2/org/codehaus/plexus/plexus-compiler-manager/1.9.1/plexus-compiler-manager-1.9.1.pom
[b2cf8775-5ac6-4e30-8cb5-fb942cf1f9a6/build]   | [INFO] Downloaded from central: https://repo.maven.apache.org/maven2/org/codehaus/plexus/plexus-compiler-manager/1.9.1/plexus-compiler-manager-1.9.1.pom (692 B at 35 kB/s)
[b2cf8775-5ac6-4e30-8cb5-fb942cf1f9a6/build]   | [INFO] Downloading from central: https://repo.maven.apache.org/maven2/org/codehaus/plexus/plexus-compiler-javac/1.9.1/plexus-compiler-javac-1.9.1.pom
[b2cf8775-5ac6-4e30-8cb5-fb942cf1f9a6/build]   | [INFO] Downloaded from central: https://repo.maven.apache.org/maven2/org/codehaus/plexus/plexus-compiler-javac/1.9.1/plexus-compiler-javac-1.9.1.pom (688 B at 16 kB/s)
[b2cf8775-5ac6-4e30-8cb5-fb942cf1f9a6/build]   | [INFO] Downloading from central: https://repo.maven.apache.org/maven2/org/codehaus/plexus/plexus-compilers/1.9.1/plexus-compilers-1.9.1.pom
[b2cf8775-5ac6-4e30-8cb5-fb942cf1f9a6/build]   | [INFO] Downloaded from central: https://repo.maven.apache.org/maven2/org/codehaus/plexus/plexus-compilers/1.9.1/plexus-compilers-1.9.1.pom (1.2 kB at 35 kB/s)
[b2cf8775-5ac6-4e30-8cb5-fb942cf1f9a6/build]   | [INFO] Downloading from central: https://repo.maven.apache.org/maven2/org/apache/maven/maven-plugin-api/2.0.9/maven-plugin-api-2.0.9.jar
[b2cf8775-5ac6-4e30-8cb5-fb942cf1f9a6/build]   | [INFO] Downloading from central: https://repo.maven.apache.org/maven2/org/apache/maven/maven-artifact/2.0.9/maven-artifact-2.0.9.jar
[b2cf8775-5ac6-4e30-8cb5-fb942cf1f9a6/build]   | [INFO] Downloading from central: https://repo.maven.apache.org/maven2/org/apache/maven/maven-core/2.0.9/maven-core-2.0.9.jar
[b2cf8775-5ac6-4e30-8cb5-fb942cf1f9a6/build]   | [INFO] Downloading from central: https://repo.maven.apache.org/maven2/org/apache/maven/maven-settings/2.0.9/maven-settings-2.0.9.jar
[b2cf8775-5ac6-4e30-8cb5-fb942cf1f9a6/build]   | [INFO] Downloading from central: https://repo.maven.apache.org/maven2/org/apache/maven/maven-plugin-parameter-documenter/2.0.9/maven-plugin-parameter-documenter-2.0.9.jar
[b2cf8775-5ac6-4e30-8cb5-fb942cf1f9a6/build]   | [INFO] Downloaded from central: https://repo.maven.apache.org/maven2/org/apache/maven/maven-plugin-api/2.0.9/maven-plugin-api-2.0.9.jar (13 kB at 226 kB/s)
[b2cf8775-5ac6-4e30-8cb5-fb942cf1f9a6/build]   | [INFO] Downloaded from central: https://repo.maven.apache.org/maven2/org/apache/maven/maven-plugin-parameter-documenter/2.0.9/maven-plugin-parameter-documenter-2.0.9.jar (21 kB at 373 kB/s)
[b2cf8775-5ac6-4e30-8cb5-fb942cf1f9a6/build]   | [INFO] Downloading from central: https://repo.maven.apache.org/maven2/org/apache/maven/maven-profile/2.0.9/maven-profile-2.0.9.jar
[b2cf8775-5ac6-4e30-8cb5-fb942cf1f9a6/build]   | [INFO] Downloading from central: https://repo.maven.apache.org/maven2/org/apache/maven/maven-model/2.0.9/maven-model-2.0.9.jar
[b2cf8775-5ac6-4e30-8cb5-fb942cf1f9a6/build]   | [INFO] Downloaded from central: https://repo.maven.apache.org/maven2/org/apache/maven/maven-settings/2.0.9/maven-settings-2.0.9.jar (49 kB at 756 kB/s)
[b2cf8775-5ac6-4e30-8cb5-fb942cf1f9a6/build]   | [INFO] Downloading from central: https://repo.maven.apache.org/maven2/org/apache/maven/maven-repository-metadata/2.0.9/maven-repository-metadata-2.0.9.jar
[b2cf8775-5ac6-4e30-8cb5-fb942cf1f9a6/build]   | [INFO] Downloaded from central: https://repo.maven.apache.org/maven2/org/apache/maven/maven-core/2.0.9/maven-core-2.0.9.jar (160 kB at 2.3 MB/s)
[b2cf8775-5ac6-4e30-8cb5-fb942cf1f9a6/build]   | [INFO] Downloading from central: https://repo.maven.apache.org/maven2/org/apache/maven/maven-error-diagnostics/2.0.9/maven-error-diagnostics-2.0.9.jar
[b2cf8775-5ac6-4e30-8cb5-fb942cf1f9a6/build]   | [INFO] Downloaded from central: https://repo.maven.apache.org/maven2/org/apache/maven/maven-artifact/2.0.9/maven-artifact-2.0.9.jar (89 kB at 1.2 MB/s)
[b2cf8775-5ac6-4e30-8cb5-fb942cf1f9a6/build]   | [INFO] Downloading from central: https://repo.maven.apache.org/maven2/org/apache/maven/maven-project/2.0.9/maven-project-2.0.9.jar
[b2cf8775-5ac6-4e30-8cb5-fb942cf1f9a6/build]   | [INFO] Downloaded from central: https://repo.maven.apache.org/maven2/org/apache/maven/maven-profile/2.0.9/maven-profile-2.0.9.jar (35 kB at 431 kB/s)
[b2cf8775-5ac6-4e30-8cb5-fb942cf1f9a6/build]   | [INFO] Downloading from central: https://repo.maven.apache.org/maven2/org/apache/maven/maven-plugin-registry/2.0.9/maven-plugin-registry-2.0.9.jar
[b2cf8775-5ac6-4e30-8cb5-fb942cf1f9a6/build]   | [INFO] Downloaded from central: https://repo.maven.apache.org/maven2/org/apache/maven/maven-model/2.0.9/maven-model-2.0.9.jar (87 kB at 1.1 MB/s)
[b2cf8775-5ac6-4e30-8cb5-fb942cf1f9a6/build]   | [INFO] Downloading from central: https://repo.maven.apache.org/maven2/org/apache/maven/maven-plugin-descriptor/2.0.9/maven-plugin-descriptor-2.0.9.jar
[b2cf8775-5ac6-4e30-8cb5-fb942cf1f9a6/build]   | [INFO] Downloaded from central: https://repo.maven.apache.org/maven2/org/apache/maven/maven-repository-metadata/2.0.9/maven-repository-metadata-2.0.9.jar (25 kB at 300 kB/s)
[b2cf8775-5ac6-4e30-8cb5-fb942cf1f9a6/build]   | [INFO] Downloading from central: https://repo.maven.apache.org/maven2/org/apache/maven/maven-artifact-manager/2.0.9/maven-artifact-manager-2.0.9.jar
[b2cf8775-5ac6-4e30-8cb5-fb942cf1f9a6/build]   | [INFO] Downloaded from central: https://repo.maven.apache.org/maven2/org/apache/maven/maven-error-diagnostics/2.0.9/maven-error-diagnostics-2.0.9.jar (14 kB at 134 kB/s)
[b2cf8775-5ac6-4e30-8cb5-fb942cf1f9a6/build]   | [INFO] Downloading from central: https://repo.maven.apache.org/maven2/org/apache/maven/maven-monitor/2.0.9/maven-monitor-2.0.9.jar
[b2cf8775-5ac6-4e30-8cb5-fb942cf1f9a6/build]   | [INFO] Downloaded from central: https://repo.maven.apache.org/maven2/org/apache/maven/maven-project/2.0.9/maven-project-2.0.9.jar (122 kB at 1.1 MB/s)
[b2cf8775-5ac6-4e30-8cb5-fb942cf1f9a6/build]   | [INFO] Downloaded from central: https://repo.maven.apache.org/maven2/org/apache/maven/maven-plugin-descriptor/2.0.9/maven-plugin-descriptor-2.0.9.jar (37 kB at 331 kB/s)
[b2cf8775-5ac6-4e30-8cb5-fb942cf1f9a6/build]   | [INFO] Downloading from central: https://repo.maven.apache.org/maven2/org/apache/maven/maven-toolchain/1.0/maven-toolchain-1.0.jar
[b2cf8775-5ac6-4e30-8cb5-fb942cf1f9a6/build]   | [INFO] Downloading from central: https://repo.maven.apache.org/maven2/org/codehaus/plexus/plexus-utils/3.0/plexus-utils-3.0.jar
[b2cf8775-5ac6-4e30-8cb5-fb942cf1f9a6/build]   | [INFO] Downloaded from central: https://repo.maven.apache.org/maven2/org/apache/maven/maven-artifact-manager/2.0.9/maven-artifact-manager-2.0.9.jar (58 kB at 512 kB/s)
[b2cf8775-5ac6-4e30-8cb5-fb942cf1f9a6/build]   | [INFO] Downloading from central: https://repo.maven.apache.org/maven2/org/codehaus/plexus/plexus-compiler-api/1.9.1/plexus-compiler-api-1.9.1.jar
[b2cf8775-5ac6-4e30-8cb5-fb942cf1f9a6/build]   | [INFO] Downloaded from central: https://repo.maven.apache.org/maven2/org/apache/maven/maven-plugin-registry/2.0.9/maven-plugin-registry-2.0.9.jar (29 kB at 248 kB/s)
[b2cf8775-5ac6-4e30-8cb5-fb942cf1f9a6/build]   | [INFO] Downloading from central: https://repo.maven.apache.org/maven2/org/codehaus/plexus/plexus-compiler-manager/1.9.1/plexus-compiler-manager-1.9.1.jar
[b2cf8775-5ac6-4e30-8cb5-fb942cf1f9a6/build]   | [INFO] Downloaded from central: https://repo.maven.apache.org/maven2/org/apache/maven/maven-monitor/2.0.9/maven-monitor-2.0.9.jar (10 kB at 88 kB/s)
[b2cf8775-5ac6-4e30-8cb5-fb942cf1f9a6/build]   | [INFO] Downloading from central: https://repo.maven.apache.org/maven2/org/codehaus/plexus/plexus-compiler-javac/1.9.1/plexus-compiler-javac-1.9.1.jar
[b2cf8775-5ac6-4e30-8cb5-fb942cf1f9a6/build]   | [INFO] Downloaded from central: https://repo.maven.apache.org/maven2/org/apache/maven/maven-toolchain/1.0/maven-toolchain-1.0.jar (33 kB at 272 kB/s)
[b2cf8775-5ac6-4e30-8cb5-fb942cf1f9a6/build]   | [INFO] Downloading from central: https://repo.maven.apache.org/maven2/classworlds/classworlds/1.1-alpha-2/classworlds-1.1-alpha-2.jar
[b2cf8775-5ac6-4e30-8cb5-fb942cf1f9a6/build]   | [INFO] Downloaded from central: https://repo.maven.apache.org/maven2/org/codehaus/plexus/plexus-compiler-api/1.9.1/plexus-compiler-api-1.9.1.jar (21 kB at 174 kB/s)
[b2cf8775-5ac6-4e30-8cb5-fb942cf1f9a6/build]   | [INFO] Downloaded from central: https://repo.maven.apache.org/maven2/org/codehaus/plexus/plexus-utils/3.0/plexus-utils-3.0.jar (226 kB at 1.7 MB/s)
[b2cf8775-5ac6-4e30-8cb5-fb942cf1f9a6/build]   | [INFO] Downloaded from central: https://repo.maven.apache.org/maven2/classworlds/classworlds/1.1-alpha-2/classworlds-1.1-alpha-2.jar (38 kB at 289 kB/s)
[b2cf8775-5ac6-4e30-8cb5-fb942cf1f9a6/build]   | [INFO] Downloaded from central: https://repo.maven.apache.org/maven2/org/codehaus/plexus/plexus-compiler-manager/1.9.1/plexus-compiler-manager-1.9.1.jar (4.6 kB at 35 kB/s)
[b2cf8775-5ac6-4e30-8cb5-fb942cf1f9a6/build]   | [INFO] Downloaded from central: https://repo.maven.apache.org/maven2/org/codehaus/plexus/plexus-compiler-javac/1.9.1/plexus-compiler-javac-1.9.1.jar (14 kB at 110 kB/s)
[b2cf8775-5ac6-4e30-8cb5-fb942cf1f9a6/build]   | [WARNING] File encoding has not been set, using platform encoding UTF-8, i.e. build is platform dependent!
[b2cf8775-5ac6-4e30-8cb5-fb942cf1f9a6/build]   | [INFO] Compiling 1 source file to /tmp/91c778e5-d226-40cd-b4a5-93033232cccc/target/classes
[b2cf8775-5ac6-4e30-8cb5-fb942cf1f9a6/build]   | [INFO] 
[b2cf8775-5ac6-4e30-8cb5-fb942cf1f9a6/build]   | [INFO] --- maven-resources-plugin:2.6:testResources (default-testResources) @ nodebox ---
[b2cf8775-5ac6-4e30-8cb5-fb942cf1f9a6/build]   | [WARNING] Using platform encoding (UTF-8 actually) to copy filtered resources, i.e. build is platform dependent!
[b2cf8775-5ac6-4e30-8cb5-fb942cf1f9a6/build]   | [INFO] skip non existing resourceDirectory /tmp/91c778e5-d226-40cd-b4a5-93033232cccc/src/test/resources
[b2cf8775-5ac6-4e30-8cb5-fb942cf1f9a6/build]   | [INFO] 
[b2cf8775-5ac6-4e30-8cb5-fb942cf1f9a6/build]   | [INFO] --- maven-compiler-plugin:2.5.1:testCompile (default-testCompile) @ nodebox ---
[b2cf8775-5ac6-4e30-8cb5-fb942cf1f9a6/build]   | [INFO] Nothing to compile - all classes are up to date
[b2cf8775-5ac6-4e30-8cb5-fb942cf1f9a6/build]   | [INFO] 
[b2cf8775-5ac6-4e30-8cb5-fb942cf1f9a6/build]   | [INFO] --- maven-surefire-plugin:2.12.4:test (default-test) @ nodebox ---
[b2cf8775-5ac6-4e30-8cb5-fb942cf1f9a6/build]   | [INFO] Downloading from central: https://repo.maven.apache.org/maven2/org/apache/maven/surefire/surefire-booter/2.12.4/surefire-booter-2.12.4.pom
[b2cf8775-5ac6-4e30-8cb5-fb942cf1f9a6/build]   | [INFO] Downloaded from central: https://repo.maven.apache.org/maven2/org/apache/maven/surefire/surefire-booter/2.12.4/surefire-booter-2.12.4.pom (3.0 kB at 160 kB/s)
[b2cf8775-5ac6-4e30-8cb5-fb942cf1f9a6/build]   | [INFO] Downloading from central: https://repo.maven.apache.org/maven2/org/apache/maven/surefire/surefire-api/2.12.4/surefire-api-2.12.4.pom
[b2cf8775-5ac6-4e30-8cb5-fb942cf1f9a6/build]   | [INFO] Downloaded from central: https://repo.maven.apache.org/maven2/org/apache/maven/surefire/surefire-api/2.12.4/surefire-api-2.12.4.pom (2.5 kB at 356 kB/s)
[b2cf8775-5ac6-4e30-8cb5-fb942cf1f9a6/build]   | [INFO] Downloading from central: https://repo.maven.apache.org/maven2/org/apache/maven/surefire/maven-surefire-common/2.12.4/maven-surefire-common-2.12.4.pom
[b2cf8775-5ac6-4e30-8cb5-fb942cf1f9a6/build]   | [INFO] Downloaded from central: https://repo.maven.apache.org/maven2/org/apache/maven/surefire/maven-surefire-common/2.12.4/maven-surefire-common-2.12.4.pom (5.5 kB at 230 kB/s)
[b2cf8775-5ac6-4e30-8cb5-fb942cf1f9a6/build]   | [INFO] Downloading from central: https://repo.maven.apache.org/maven2/org/apache/maven/plugin-tools/maven-plugin-annotations/3.1/maven-plugin-annotations-3.1.pom
[b2cf8775-5ac6-4e30-8cb5-fb942cf1f9a6/build]   | [INFO] Downloaded from central: https://repo.maven.apache.org/maven2/org/apache/maven/plugin-tools/maven-plugin-annotations/3.1/maven-plugin-annotations-3.1.pom (1.6 kB at 116 kB/s)
[b2cf8775-5ac6-4e30-8cb5-fb942cf1f9a6/build]   | [INFO] Downloading from central: https://repo.maven.apache.org/maven2/org/apache/maven/plugin-tools/maven-plugin-tools/3.1/maven-plugin-tools-3.1.pom
[b2cf8775-5ac6-4e30-8cb5-fb942cf1f9a6/build]   | [INFO] Downloaded from central: https://repo.maven.apache.org/maven2/org/apache/maven/plugin-tools/maven-plugin-tools/3.1/maven-plugin-tools-3.1.pom (16 kB at 647 kB/s)
[b2cf8775-5ac6-4e30-8cb5-fb942cf1f9a6/build]   | [INFO] Downloading from central: https://repo.maven.apache.org/maven2/org/codehaus/plexus/plexus-utils/3.0.8/plexus-utils-3.0.8.pom
[b2cf8775-5ac6-4e30-8cb5-fb942cf1f9a6/build]   | [INFO] Downloaded from central: https://repo.maven.apache.org/maven2/org/codehaus/plexus/plexus-utils/3.0.8/plexus-utils-3.0.8.pom (3.1 kB at 85 kB/s)
[b2cf8775-5ac6-4e30-8cb5-fb942cf1f9a6/build]   | [INFO] Downloading from central: https://repo.maven.apache.org/maven2/org/codehaus/plexus/plexus/3.2/plexus-3.2.pom
[b2cf8775-5ac6-4e30-8cb5-fb942cf1f9a6/build]   | [INFO] Downloaded from central: https://repo.maven.apache.org/maven2/org/codehaus/plexus/plexus/3.2/plexus-3.2.pom (19 kB at 852 kB/s)
[b2cf8775-5ac6-4e30-8cb5-fb942cf1f9a6/build]   | [INFO] Downloading from central: https://repo.maven.apache.org/maven2/org/apache/maven/reporting/maven-reporting-api/2.0.9/maven-reporting-api-2.0.9.pom
[b2cf8775-5ac6-4e30-8cb5-fb942cf1f9a6/build]   | [INFO] Downloaded from central: https://repo.maven.apache.org/maven2/org/apache/maven/reporting/maven-reporting-api/2.0.9/maven-reporting-api-2.0.9.pom (1.8 kB at 113 kB/s)
[b2cf8775-5ac6-4e30-8cb5-fb942cf1f9a6/build]   | [INFO] Downloading from central: https://repo.maven.apache.org/maven2/org/apache/maven/reporting/maven-reporting/2.0.9/maven-reporting-2.0.9.pom
[b2cf8775-5ac6-4e30-8cb5-fb942cf1f9a6/build]   | [INFO] Downloaded from central: https://repo.maven.apache.org/maven2/org/apache/maven/reporting/maven-reporting/2.0.9/maven-reporting-2.0.9.pom (1.5 kB at 184 kB/s)
[b2cf8775-5ac6-4e30-8cb5-fb942cf1f9a6/build]   | [INFO] Downloading from central: https://repo.maven.apache.org/maven2/org/apache/maven/maven-toolchain/2.0.9/maven-toolchain-2.0.9.pom
[b2cf8775-5ac6-4e30-8cb5-fb942cf1f9a6/build]   | [INFO] Downloaded from central: https://repo.maven.apache.org/maven2/org/apache/maven/maven-toolchain/2.0.9/maven-toolchain-2.0.9.pom (3.5 kB at 290 kB/s)
[b2cf8775-5ac6-4e30-8cb5-fb942cf1f9a6/build]   | [INFO] Downloading from central: https://repo.maven.apache.org/maven2/org/apache/commons/commons-lang3/3.1/commons-lang3-3.1.pom
[b2cf8775-5ac6-4e30-8cb5-fb942cf1f9a6/build]   | [INFO] Downloaded from central: https://repo.maven.apache.org/maven2/org/apache/commons/commons-lang3/3.1/commons-lang3-3.1.pom (17 kB at 983 kB/s)
[b2cf8775-5ac6-4e30-8cb5-fb942cf1f9a6/build]   | [INFO] Downloading from central: https://repo.maven.apache.org/maven2/org/apache/commons/commons-parent/22/commons-parent-22.pom
[b2cf8775-5ac6-4e30-8cb5-fb942cf1f9a6/build]   | [INFO] Downloaded from central: https://repo.maven.apache.org/maven2/org/apache/commons/commons-parent/22/commons-parent-22.pom (42 kB at 1.7 MB/s)
[b2cf8775-5ac6-4e30-8cb5-fb942cf1f9a6/build]   | [INFO] Downloading from central: https://repo.maven.apache.org/maven2/org/apache/apache/9/apache-9.pom
[b2cf8775-5ac6-4e30-8cb5-fb942cf1f9a6/build]   | [INFO] Downloaded from central: https://repo.maven.apache.org/maven2/org/apache/apache/9/apache-9.pom (15 kB at 948 kB/s)
[b2cf8775-5ac6-4e30-8cb5-fb942cf1f9a6/build]   | [INFO] Downloading from central: https://repo.maven.apache.org/maven2/org/apache/maven/shared/maven-common-artifact-filters/1.3/maven-common-artifact-filters-1.3.pom
[b2cf8775-5ac6-4e30-8cb5-fb942cf1f9a6/build]   | [INFO] Downloaded from central: https://repo.maven.apache.org/maven2/org/apache/maven/shared/maven-common-artifact-filters/1.3/maven-common-artifact-filters-1.3.pom (3.7 kB at 161 kB/s)
[b2cf8775-5ac6-4e30-8cb5-fb942cf1f9a6/build]   | [INFO] Downloading from central: https://repo.maven.apache.org/maven2/org/apache/maven/shared/maven-shared-components/12/maven-shared-components-12.pom
[b2cf8775-5ac6-4e30-8cb5-fb942cf1f9a6/build]   | [INFO] Downloaded from central: https://repo.maven.apache.org/maven2/org/apache/maven/shared/maven-shared-components/12/maven-shared-components-12.pom (9.3 kB at 373 kB/s)
[b2cf8775-5ac6-4e30-8cb5-fb942cf1f9a6/build]   | [INFO] Downloading from central: https://repo.maven.apache.org/maven2/org/apache/maven/maven-parent/13/maven-parent-13.pom
[b2cf8775-5ac6-4e30-8cb5-fb942cf1f9a6/build]   | [INFO] Downloaded from central: https://repo.maven.apache.org/maven2/org/apache/maven/maven-parent/13/maven-parent-13.pom (23 kB at 707 kB/s)
[b2cf8775-5ac6-4e30-8cb5-fb942cf1f9a6/build]   | [INFO] Downloading from central: https://repo.maven.apache.org/maven2/org/apache/apache/6/apache-6.pom
[b2cf8775-5ac6-4e30-8cb5-fb942cf1f9a6/build]   | [INFO] Downloaded from central: https://repo.maven.apache.org/maven2/org/apache/apache/6/apache-6.pom (13 kB at 492 kB/s)
[b2cf8775-5ac6-4e30-8cb5-fb942cf1f9a6/build]   | [INFO] Downloading from central: https://repo.maven.apache.org/maven2/org/codehaus/plexus/plexus-container-default/1.0-alpha-9/plexus-container-default-1.0-alpha-9.pom
[b2cf8775-5ac6-4e30-8cb5-fb942cf1f9a6/build]   | [INFO] Downloaded from central: https://repo.maven.apache.org/maven2/org/codehaus/plexus/plexus-container-default/1.0-alpha-9/plexus-container-default-1.0-alpha-9.pom (1.2 kB at 137 kB/s)
[b2cf8775-5ac6-4e30-8cb5-fb942cf1f9a6/build]   | [INFO] Downloading from central: https://repo.maven.apache.org/maven2/org/apache/maven/surefire/surefire-booter/2.12.4/surefire-booter-2.12.4.jar
[b2cf8775-5ac6-4e30-8cb5-fb942cf1f9a6/build]   | [INFO] Downloading from central: https://repo.maven.apache.org/maven2/org/apache/maven/surefire/surefire-api/2.12.4/surefire-api-2.12.4.jar
[b2cf8775-5ac6-4e30-8cb5-fb942cf1f9a6/build]   | [INFO] Downloading from central: https://repo.maven.apache.org/maven2/org/apache/maven/surefire/maven-surefire-common/2.12.4/maven-surefire-common-2.12.4.jar
[b2cf8775-5ac6-4e30-8cb5-fb942cf1f9a6/build]   | [INFO] Downloading from central: https://repo.maven.apache.org/maven2/org/apache/maven/shared/maven-common-artifact-filters/1.3/maven-common-artifact-filters-1.3.jar
[b2cf8775-5ac6-4e30-8cb5-fb942cf1f9a6/build]   | [INFO] Downloading from central: https://repo.maven.apache.org/maven2/org/apache/commons/commons-lang3/3.1/commons-lang3-3.1.jar
[b2cf8775-5ac6-4e30-8cb5-fb942cf1f9a6/build]   | [INFO] Downloaded from central: https://repo.maven.apache.org/maven2/org/apache/maven/shared/maven-common-artifact-filters/1.3/maven-common-artifact-filters-1.3.jar (31 kB at 971 kB/s)
[b2cf8775-5ac6-4e30-8cb5-fb942cf1f9a6/build]   | [INFO] Downloading from central: https://repo.maven.apache.org/maven2/org/codehaus/plexus/plexus-utils/3.0.8/plexus-utils-3.0.8.jar
[b2cf8775-5ac6-4e30-8cb5-fb942cf1f9a6/build]   | [INFO] Downloaded from central: https://repo.maven.apache.org/maven2/org/apache/maven/surefire/surefire-api/2.12.4/surefire-api-2.12.4.jar (118 kB at 2.9 MB/s)
[b2cf8775-5ac6-4e30-8cb5-fb942cf1f9a6/build]   | [INFO] Downloading from central: https://repo.maven.apache.org/maven2/org/apache/maven/reporting/maven-reporting-api/2.0.9/maven-reporting-api-2.0.9.jar
[b2cf8775-5ac6-4e30-8cb5-fb942cf1f9a6/build]   | [INFO] Downloaded from central: https://repo.maven.apache.org/maven2/org/apache/maven/surefire/surefire-booter/2.12.4/surefire-booter-2.12.4.jar (35 kB at 771 kB/s)
[b2cf8775-5ac6-4e30-8cb5-fb942cf1f9a6/build]   | [INFO] Downloading from central: https://repo.maven.apache.org/maven2/org/apache/maven/maven-toolchain/2.0.9/maven-toolchain-2.0.9.jar
[b2cf8775-5ac6-4e30-8cb5-fb942cf1f9a6/build]   | [INFO] Downloaded from central: https://repo.maven.apache.org/maven2/org/apache/maven/reporting/maven-reporting-api/2.0.9/maven-reporting-api-2.0.9.jar (10 kB at 161 kB/s)
[b2cf8775-5ac6-4e30-8cb5-fb942cf1f9a6/build]   | [INFO] Downloading from central: https://repo.maven.apache.org/maven2/org/apache/maven/plugin-tools/maven-plugin-annotations/3.1/maven-plugin-annotations-3.1.jar
[b2cf8775-5ac6-4e30-8cb5-fb942cf1f9a6/build]   | [INFO] Downloaded from central: https://repo.maven.apache.org/maven2/org/apache/maven/maven-toolchain/2.0.9/maven-toolchain-2.0.9.jar (38 kB at 527 kB/s)
[b2cf8775-5ac6-4e30-8cb5-fb942cf1f9a6/build]   | [INFO] Downloaded from central: https://repo.maven.apache.org/maven2/org/codehaus/plexus/plexus-utils/3.0.8/plexus-utils-3.0.8.jar (232 kB at 3.0 MB/s)
[b2cf8775-5ac6-4e30-8cb5-fb942cf1f9a6/build]   | [INFO] Downloaded from central: https://repo.maven.apache.org/maven2/org/apache/maven/surefire/maven-surefire-common/2.12.4/maven-surefire-common-2.12.4.jar (263 kB at 3.1 MB/s)
[b2cf8775-5ac6-4e30-8cb5-fb942cf1f9a6/build]   | [INFO] Downloaded from central: https://repo.maven.apache.org/maven2/org/apache/maven/plugin-tools/maven-plugin-annotations/3.1/maven-plugin-annotations-3.1.jar (14 kB at 126 kB/s)
[b2cf8775-5ac6-4e30-8cb5-fb942cf1f9a6/build]   | [INFO] Downloaded from central: https://repo.maven.apache.org/maven2/org/apache/commons/commons-lang3/3.1/commons-lang3-3.1.jar (316 kB at 1.4 MB/s)
[b2cf8775-5ac6-4e30-8cb5-fb942cf1f9a6/build]   | [INFO] Surefire report directory: /tmp/91c778e5-d226-40cd-b4a5-93033232cccc/target/surefire-reports
[b2cf8775-5ac6-4e30-8cb5-fb942cf1f9a6/build]   | [INFO] Downloading from central: https://repo.maven.apache.org/maven2/org/apache/maven/surefire/surefire-junit4/2.12.4/surefire-junit4-2.12.4.pom
[b2cf8775-5ac6-4e30-8cb5-fb942cf1f9a6/build]   | [INFO] Downloaded from central: https://repo.maven.apache.org/maven2/org/apache/maven/surefire/surefire-junit4/2.12.4/surefire-junit4-2.12.4.pom (2.4 kB at 96 kB/s)
[b2cf8775-5ac6-4e30-8cb5-fb942cf1f9a6/build]   | [INFO] Downloading from central: https://repo.maven.apache.org/maven2/org/apache/maven/surefire/surefire-providers/2.12.4/surefire-providers-2.12.4.pom
[b2cf8775-5ac6-4e30-8cb5-fb942cf1f9a6/build]   | [INFO] Downloaded from central: https://repo.maven.apache.org/maven2/org/apache/maven/surefire/surefire-providers/2.12.4/surefire-providers-2.12.4.pom (2.3 kB at 138 kB/s)
[b2cf8775-5ac6-4e30-8cb5-fb942cf1f9a6/build]   | [INFO] Downloading from central: https://repo.maven.apache.org/maven2/org/apache/maven/surefire/surefire-junit4/2.12.4/surefire-junit4-2.12.4.jar
[b2cf8775-5ac6-4e30-8cb5-fb942cf1f9a6/build]   | [INFO] Downloaded from central: https://repo.maven.apache.org/maven2/org/apache/maven/surefire/surefire-junit4/2.12.4/surefire-junit4-2.12.4.jar (37 kB at 1.1 MB/s)
[b2cf8775-5ac6-4e30-8cb5-fb942cf1f9a6/build]   | 
[b2cf8775-5ac6-4e30-8cb5-fb942cf1f9a6/build]   | -------------------------------------------------------
[b2cf8775-5ac6-4e30-8cb5-fb942cf1f9a6/build]   |  T E S T S
[b2cf8775-5ac6-4e30-8cb5-fb942cf1f9a6/build]   | -------------------------------------------------------
[b2cf8775-5ac6-4e30-8cb5-fb942cf1f9a6/build]   | Running nodebox.ui.ImageFormatTest
[b2cf8775-5ac6-4e30-8cb5-fb942cf1f9a6/build]   | Tests run: 1, Failures: 0, Errors: 0, Skipped: 0, Time elapsed: 0.057 sec
[b2cf8775-5ac6-4e30-8cb5-fb942cf1f9a6/build]   | Running nodebox.function.MathFunctionsTest
[b2cf8775-5ac6-4e30-8cb5-fb942cf1f9a6/build]   | Tests run: 13, Failures: 0, Errors: 0, Skipped: 0, Time elapsed: 0.192 sec
[b2cf8775-5ac6-4e30-8cb5-fb942cf1f9a6/build]   | Running nodebox.function.DataFunctionsTest
[b2cf8775-5ac6-4e30-8cb5-fb942cf1f9a6/build]   | Tests run: 11, Failures: 0, Errors: 0, Skipped: 0, Time elapsed: 0.021 sec
[b2cf8775-5ac6-4e30-8cb5-fb942cf1f9a6/build]   | Running nodebox.function.ListFunctionsTest
[b2cf8775-5ac6-4e30-8cb5-fb942cf1f9a6/build]   | Tests run: 18, Failures: 0, Errors: 0, Skipped: 0, Time elapsed: 0.024 sec
[b2cf8775-5ac6-4e30-8cb5-fb942cf1f9a6/build]   | Running nodebox.function.FunctionRepositoryTest
[b2cf8775-5ac6-4e30-8cb5-fb942cf1f9a6/build]   | Tests run: 1, Failures: 0, Errors: 0, Skipped: 0, Time elapsed: 0.134 sec
[b2cf8775-5ac6-4e30-8cb5-fb942cf1f9a6/build]   | Running nodebox.function.FunctionLibraryTest
[b2cf8775-5ac6-4e30-8cb5-fb942cf1f9a6/build]   | WARNING: An illegal reflective access operation has occurred
[b2cf8775-5ac6-4e30-8cb5-fb942cf1f9a6/build]   | WARNING: Illegal reflective access by org.python.google.common.base.internal.Finalizer (file:/home/runneradmin/.m2/repository/org/python/jython/2.5.3/jython-2.5.3.jar) to field java.lang.Thread.inheritableThreadLocals
[b2cf8775-5ac6-4e30-8cb5-fb942cf1f9a6/build]   | WARNING: Please consider reporting this to the maintainers of org.python.google.common.base.internal.Finalizer
[b2cf8775-5ac6-4e30-8cb5-fb942cf1f9a6/build]   | WARNING: Use --illegal-access=warn to enable warnings of further illegal reflective access operations
[b2cf8775-5ac6-4e30-8cb5-fb942cf1f9a6/build]   | WARNING: All illegal access operations will be denied in a future release
[b2cf8775-5ac6-4e30-8cb5-fb942cf1f9a6/build]   | *sys-package-mgr*: processing new jar, '/home/runneradmin/.m2/repository/org/clojure/clojure/1.4.0/clojure-1.4.0.jar'
[b2cf8775-5ac6-4e30-8cb5-fb942cf1f9a6/build]   | *sys-package-mgr*: processing new jar, '/home/runneradmin/.m2/repository/com/google/guava/guava/13.0.1/guava-13.0.1.jar'
[b2cf8775-5ac6-4e30-8cb5-fb942cf1f9a6/build]   | *sys-package-mgr*: processing new jar, '/home/runneradmin/.m2/repository/com/itextpdf/itextpdf/5.3.2/itextpdf-5.3.2.jar'
[b2cf8775-5ac6-4e30-8cb5-fb942cf1f9a6/build]   | *sys-package-mgr*: processing new jar, '/home/runneradmin/.m2/repository/net/java/dev/jna/jna/3.4.0/jna-3.4.0.jar'
[b2cf8775-5ac6-4e30-8cb5-fb942cf1f9a6/build]   | *sys-package-mgr*: processing new jar, '/home/runneradmin/.m2/repository/junit/junit/4.10/junit-4.10.jar'
[b2cf8775-5ac6-4e30-8cb5-fb942cf1f9a6/build]   | *sys-package-mgr*: processing new jar, '/home/runneradmin/.m2/repository/org/hamcrest/hamcrest-core/1.1/hamcrest-core-1.1.jar'
[b2cf8775-5ac6-4e30-8cb5-fb942cf1f9a6/build]   | *sys-package-mgr*: processing new jar, '/home/runneradmin/.m2/repository/org/python/jython/2.5.3/jython-2.5.3.jar'
[b2cf8775-5ac6-4e30-8cb5-fb942cf1f9a6/build]   | *sys-package-mgr*: processing new jar, '/home/runneradmin/.m2/repository/net/sf/opencsv/opencsv/2.3/opencsv-2.3.jar'
[b2cf8775-5ac6-4e30-8cb5-fb942cf1f9a6/build]   | *sys-package-mgr*: processing new jar, '/home/runneradmin/.m2/repository/org/piccolo2d/piccolo2d-core/1.3.1/piccolo2d-core-1.3.1.jar'
[b2cf8775-5ac6-4e30-8cb5-fb942cf1f9a6/build]   | *sys-package-mgr*: processing new jar, '/home/runneradmin/.m2/repository/xom/xom/1.2.5/xom-1.2.5.jar'
[b2cf8775-5ac6-4e30-8cb5-fb942cf1f9a6/build]   | *sys-package-mgr*: processing new jar, '/home/runneradmin/.m2/repository/xml-apis/xml-apis/1.3.03/xml-apis-1.3.03.jar'
[b2cf8775-5ac6-4e30-8cb5-fb942cf1f9a6/build]   | *sys-package-mgr*: processing new jar, '/home/runneradmin/.m2/repository/xerces/xercesImpl/2.8.0/xercesImpl-2.8.0.jar'
[b2cf8775-5ac6-4e30-8cb5-fb942cf1f9a6/build]   | *sys-package-mgr*: processing new jar, '/home/runneradmin/.m2/repository/xalan/xalan/2.7.0/xalan-2.7.0.jar'
[b2cf8775-5ac6-4e30-8cb5-fb942cf1f9a6/build]   | Tests run: 4, Failures: 0, Errors: 0, Skipped: 0, Time elapsed: 3.824 sec
[b2cf8775-5ac6-4e30-8cb5-fb942cf1f9a6/build]   | Running nodebox.function.PythonLibraryTest
[b2cf8775-5ac6-4e30-8cb5-fb942cf1f9a6/build]   | Tests run: 6, Failures: 0, Errors: 0, Skipped: 0, Time elapsed: 0.061 sec
[b2cf8775-5ac6-4e30-8cb5-fb942cf1f9a6/build]   | Running nodebox.function.StringFunctionsTest
[b2cf8775-5ac6-4e30-8cb5-fb942cf1f9a6/build]   | Tests run: 4, Failures: 0, Errors: 0, Skipped: 0, Time elapsed: 0.001 sec
[b2cf8775-5ac6-4e30-8cb5-fb942cf1f9a6/build]   | Running nodebox.function.ClojureLibraryTest
[b2cf8775-5ac6-4e30-8cb5-fb942cf1f9a6/build]   | Tests run: 3, Failures: 0, Errors: 0, Skipped: 0, Time elapsed: 0.08 sec
[b2cf8775-5ac6-4e30-8cb5-fb942cf1f9a6/build]   | Running nodebox.versioncheck.UpdaterTest
[b2cf8775-5ac6-4e30-8cb5-fb942cf1f9a6/build]   | Jul 12, 2023 2:45:19 AM java.util.prefs.FileSystemPreferences$1 run
[b2cf8775-5ac6-4e30-8cb5-fb942cf1f9a6/build]   | INFO: Created user preferences directory.
[b2cf8775-5ac6-4e30-8cb5-fb942cf1f9a6/build]   | Tests run: 4, Failures: 0, Errors: 0, Skipped: 0, Time elapsed: 0.331 sec
[b2cf8775-5ac6-4e30-8cb5-fb942cf1f9a6/build]   | Running nodebox.versioncheck.VersionTest
[b2cf8775-5ac6-4e30-8cb5-fb942cf1f9a6/build]   | Tests run: 1, Failures: 0, Errors: 0, Skipped: 0, Time elapsed: 0 sec
[b2cf8775-5ac6-4e30-8cb5-fb942cf1f9a6/build]   | Running nodebox.node.NodeLibraryTest
[b2cf8775-5ac6-4e30-8cb5-fb942cf1f9a6/build]   | Tests run: 36, Failures: 0, Errors: 0, Skipped: 0, Time elapsed: 0.552 sec
[b2cf8775-5ac6-4e30-8cb5-fb942cf1f9a6/build]   | Running nodebox.node.ConnectionTest
[b2cf8775-5ac6-4e30-8cb5-fb942cf1f9a6/build]   | Tests run: 3, Failures: 0, Errors: 0, Skipped: 0, Time elapsed: 0.001 sec
[b2cf8775-5ac6-4e30-8cb5-fb942cf1f9a6/build]   | Running nodebox.node.polygraph.PolygonTest
[b2cf8775-5ac6-4e30-8cb5-fb942cf1f9a6/build]   | Tests run: 2, Failures: 0, Errors: 0, Skipped: 0, Time elapsed: 0.131 sec
[b2cf8775-5ac6-4e30-8cb5-fb942cf1f9a6/build]   | Running nodebox.node.NodeTest
[b2cf8775-5ac6-4e30-8cb5-fb942cf1f9a6/build]   | Tests run: 9, Failures: 0, Errors: 0, Skipped: 0, Time elapsed: 0 sec
[b2cf8775-5ac6-4e30-8cb5-fb942cf1f9a6/build]   | Running nodebox.node.PublishedPortTest
[b2cf8775-5ac6-4e30-8cb5-fb942cf1f9a6/build]   | Tests run: 7, Failures: 0, Errors: 0, Skipped: 0, Time elapsed: 0.001 sec
[b2cf8775-5ac6-4e30-8cb5-fb942cf1f9a6/build]   | Running nodebox.node.NodeContextTest
[b2cf8775-5ac6-4e30-8cb5-fb942cf1f9a6/build]   | Tests run: 30, Failures: 0, Errors: 0, Skipped: 0, Time elapsed: 0.064 sec
[b2cf8775-5ac6-4e30-8cb5-fb942cf1f9a6/build]   | Running nodebox.node.PortTest
[b2cf8775-5ac6-4e30-8cb5-fb942cf1f9a6/build]   | Tests run: 12, Failures: 0, Errors: 0, Skipped: 0, Time elapsed: 0.002 sec
[b2cf8775-5ac6-4e30-8cb5-fb942cf1f9a6/build]   | Running nodebox.node.TypeConversionsTest
[b2cf8775-5ac6-4e30-8cb5-fb942cf1f9a6/build]   | Tests run: 1, Failures: 0, Errors: 0, Skipped: 0, Time elapsed: 0 sec
[b2cf8775-5ac6-4e30-8cb5-fb942cf1f9a6/build]   | Running nodebox.node.VersionTest
[b2cf8775-5ac6-4e30-8cb5-fb942cf1f9a6/build]   | Tests run: 2, Failures: 0, Errors: 0, Skipped: 0, Time elapsed: 0.001 sec
[b2cf8775-5ac6-4e30-8cb5-fb942cf1f9a6/build]   | Running nodebox.node.NodeLibraryControllerTest
[b2cf8775-5ac6-4e30-8cb5-fb942cf1f9a6/build]   | Tests run: 30, Failures: 0, Errors: 0, Skipped: 0, Time elapsed: 0.036 sec
[b2cf8775-5ac6-4e30-8cb5-fb942cf1f9a6/build]   | Running nodebox.graphics.GraphicsContextTest
[b2cf8775-5ac6-4e30-8cb5-fb942cf1f9a6/build]   | *sys-package-mgr*: processing new jar, '/tmp/91c778e5-d226-40cd-b4a5-93033232cccc/lib/python.zip'
[b2cf8775-5ac6-4e30-8cb5-fb942cf1f9a6/build]   | Tests run: 3, Failures: 0, Errors: 0, Skipped: 0, Time elapsed: 0.811 sec
[b2cf8775-5ac6-4e30-8cb5-fb942cf1f9a6/build]   | Running nodebox.graphics.CanvasTest
[b2cf8775-5ac6-4e30-8cb5-fb942cf1f9a6/build]   | Tests run: 1, Failures: 0, Errors: 0, Skipped: 0, Time elapsed: 0 sec
[b2cf8775-5ac6-4e30-8cb5-fb942cf1f9a6/build]   | Running nodebox.graphics.GraphicsTestCase
[b2cf8775-5ac6-4e30-8cb5-fb942cf1f9a6/build]   | Tests run: 1, Failures: 0, Errors: 0, Skipped: 0, Time elapsed: 0 sec
[b2cf8775-5ac6-4e30-8cb5-fb942cf1f9a6/build]   | Running nodebox.graphics.ContourTest
[b2cf8775-5ac6-4e30-8cb5-fb942cf1f9a6/build]   | Tests run: 11, Failures: 0, Errors: 0, Skipped: 0, Time elapsed: 0 sec
[b2cf8775-5ac6-4e30-8cb5-fb942cf1f9a6/build]   | Running nodebox.graphics.GrobTest
[b2cf8775-5ac6-4e30-8cb5-fb942cf1f9a6/build]   | Tests run: 1, Failures: 0, Errors: 0, Skipped: 0, Time elapsed: 0 sec
[b2cf8775-5ac6-4e30-8cb5-fb942cf1f9a6/build]   | Running nodebox.graphics.TransformTest
[b2cf8775-5ac6-4e30-8cb5-fb942cf1f9a6/build]   | Tests run: 2, Failures: 0, Errors: 0, Skipped: 0, Time elapsed: 0.001 sec
[b2cf8775-5ac6-4e30-8cb5-fb942cf1f9a6/build]   | Running nodebox.graphics.PointTest
[b2cf8775-5ac6-4e30-8cb5-fb942cf1f9a6/build]   | Tests run: 1, Failures: 0, Errors: 0, Skipped: 0, Time elapsed: 0 sec
[b2cf8775-5ac6-4e30-8cb5-fb942cf1f9a6/build]   | Running nodebox.graphics.ColorTest
[b2cf8775-5ac6-4e30-8cb5-fb942cf1f9a6/build]   | Tests run: 1, Failures: 0, Errors: 0, Skipped: 0, Time elapsed: 0 sec
[b2cf8775-5ac6-4e30-8cb5-fb942cf1f9a6/build]   | Running nodebox.graphics.PathTest
[b2cf8775-5ac6-4e30-8cb5-fb942cf1f9a6/build]   | Tests run: 6, Failures: 0, Errors: 0, Skipped: 0, Time elapsed: 0 sec
[b2cf8775-5ac6-4e30-8cb5-fb942cf1f9a6/build]   | Running nodebox.graphics.GeometryTest
[b2cf8775-5ac6-4e30-8cb5-fb942cf1f9a6/build]   | Tests run: 11, Failures: 0, Errors: 0, Skipped: 0, Time elapsed: 0 sec
[b2cf8775-5ac6-4e30-8cb5-fb942cf1f9a6/build]   | Running nodebox.graphics.RectTest
[b2cf8775-5ac6-4e30-8cb5-fb942cf1f9a6/build]   | Tests run: 4, Failures: 0, Errors: 0, Skipped: 0, Time elapsed: 0 sec
[b2cf8775-5ac6-4e30-8cb5-fb942cf1f9a6/build]   | Running nodebox.localhistory.RepositoryTest
[b2cf8775-5ac6-4e30-8cb5-fb942cf1f9a6/build]   | Tests run: 3, Failures: 0, Errors: 0, Skipped: 0, Time elapsed: 0 sec
[b2cf8775-5ac6-4e30-8cb5-fb942cf1f9a6/build]   | Running nodebox.util.WavesTest
[b2cf8775-5ac6-4e30-8cb5-fb942cf1f9a6/build]   | Tests run: 2, Failures: 0, Errors: 0, Skipped: 0, Time elapsed: 0 sec
[b2cf8775-5ac6-4e30-8cb5-fb942cf1f9a6/build]   | Running nodebox.util.FileUtilTest
[b2cf8775-5ac6-4e30-8cb5-fb942cf1f9a6/build]   | Tests run: 4, Failures: 0, Errors: 0, Skipped: 0, Time elapsed: 0 sec
[b2cf8775-5ac6-4e30-8cb5-fb942cf1f9a6/build]   | Running nodebox.util.ListUtilsTest
[b2cf8775-5ac6-4e30-8cb5-fb942cf1f9a6/build]   | Tests run: 1, Failures: 0, Errors: 0, Skipped: 0, Time elapsed: 0 sec
[b2cf8775-5ac6-4e30-8cb5-fb942cf1f9a6/build]   | 
[b2cf8775-5ac6-4e30-8cb5-fb942cf1f9a6/build]   | Results :
[b2cf8775-5ac6-4e30-8cb5-fb942cf1f9a6/build]   | 
[b2cf8775-5ac6-4e30-8cb5-fb942cf1f9a6/build]   | Tests run: 250, Failures: 0, Errors: 0, Skipped: 0
[b2cf8775-5ac6-4e30-8cb5-fb942cf1f9a6/build]   | 
[b2cf8775-5ac6-4e30-8cb5-fb942cf1f9a6/build]   | [INFO] 
[b2cf8775-5ac6-4e30-8cb5-fb942cf1f9a6/build]   | [INFO] --- maven-jar-plugin:2.4:jar (default-jar) @ nodebox ---
[b2cf8775-5ac6-4e30-8cb5-fb942cf1f9a6/build]   | [INFO] Downloading from central: https://repo.maven.apache.org/maven2/org/apache/maven/maven-archiver/2.5/maven-archiver-2.5.pom
[b2cf8775-5ac6-4e30-8cb5-fb942cf1f9a6/build]   | [INFO] Downloaded from central: https://repo.maven.apache.org/maven2/org/apache/maven/maven-archiver/2.5/maven-archiver-2.5.pom (4.5 kB at 378 kB/s)
[b2cf8775-5ac6-4e30-8cb5-fb942cf1f9a6/build]   | [INFO] Downloading from central: https://repo.maven.apache.org/maven2/org/codehaus/plexus/plexus-archiver/2.1/plexus-archiver-2.1.pom
[b2cf8775-5ac6-4e30-8cb5-fb942cf1f9a6/build]   | [INFO] Downloaded from central: https://repo.maven.apache.org/maven2/org/codehaus/plexus/plexus-archiver/2.1/plexus-archiver-2.1.pom (2.8 kB at 255 kB/s)
[b2cf8775-5ac6-4e30-8cb5-fb942cf1f9a6/build]   | [INFO] Downloading from central: https://repo.maven.apache.org/maven2/org/codehaus/plexus/plexus-io/2.0.2/plexus-io-2.0.2.pom
[b2cf8775-5ac6-4e30-8cb5-fb942cf1f9a6/build]   | [INFO] Downloaded from central: https://repo.maven.apache.org/maven2/org/codehaus/plexus/plexus-io/2.0.2/plexus-io-2.0.2.pom (1.7 kB at 96 kB/s)
[b2cf8775-5ac6-4e30-8cb5-fb942cf1f9a6/build]   | [INFO] Downloading from central: https://repo.maven.apache.org/maven2/org/codehaus/plexus/plexus-components/1.1.19/plexus-components-1.1.19.pom
[b2cf8775-5ac6-4e30-8cb5-fb942cf1f9a6/build]   | [INFO] Downloaded from central: https://repo.maven.apache.org/maven2/org/codehaus/plexus/plexus-components/1.1.19/plexus-components-1.1.19.pom (2.7 kB at 245 kB/s)
[b2cf8775-5ac6-4e30-8cb5-fb942cf1f9a6/build]   | [INFO] Downloading from central: https://repo.maven.apache.org/maven2/org/codehaus/plexus/plexus/3.0.1/plexus-3.0.1.pom
[b2cf8775-5ac6-4e30-8cb5-fb942cf1f9a6/build]   | [INFO] Downloaded from central: https://repo.maven.apache.org/maven2/org/codehaus/plexus/plexus/3.0.1/plexus-3.0.1.pom (19 kB at 1.6 MB/s)
[b2cf8775-5ac6-4e30-8cb5-fb942cf1f9a6/build]   | [INFO] Downloading from central: https://repo.maven.apache.org/maven2/org/codehaus/plexus/plexus-interpolation/1.15/plexus-interpolation-1.15.pom
[b2cf8775-5ac6-4e30-8cb5-fb942cf1f9a6/build]   | [INFO] Downloaded from central: https://repo.maven.apache.org/maven2/org/codehaus/plexus/plexus-interpolation/1.15/plexus-interpolation-1.15.pom (1.0 kB at 57 kB/s)
[b2cf8775-5ac6-4e30-8cb5-fb942cf1f9a6/build]   | [INFO] Downloading from central: https://repo.maven.apache.org/maven2/commons-lang/commons-lang/2.1/commons-lang-2.1.pom
[b2cf8775-5ac6-4e30-8cb5-fb942cf1f9a6/build]   | [INFO] Downloaded from central: https://repo.maven.apache.org/maven2/commons-lang/commons-lang/2.1/commons-lang-2.1.pom (9.9 kB at 1.1 MB/s)
[b2cf8775-5ac6-4e30-8cb5-fb942cf1f9a6/build]   | [INFO] Downloading from central: https://repo.maven.apache.org/maven2/org/apache/maven/maven-archiver/2.5/maven-archiver-2.5.jar
[b2cf8775-5ac6-4e30-8cb5-fb942cf1f9a6/build]   | [INFO] Downloading from central: https://repo.maven.apache.org/maven2/org/codehaus/plexus/plexus-interpolation/1.15/plexus-interpolation-1.15.jar
[b2cf8775-5ac6-4e30-8cb5-fb942cf1f9a6/build]   | [INFO] Downloading from central: https://repo.maven.apache.org/maven2/org/codehaus/plexus/plexus-archiver/2.1/plexus-archiver-2.1.jar
[b2cf8775-5ac6-4e30-8cb5-fb942cf1f9a6/build]   | [INFO] Downloading from central: https://repo.maven.apache.org/maven2/commons-lang/commons-lang/2.1/commons-lang-2.1.jar
[b2cf8775-5ac6-4e30-8cb5-fb942cf1f9a6/build]   | [INFO] Downloading from central: https://repo.maven.apache.org/maven2/org/codehaus/plexus/plexus-io/2.0.2/plexus-io-2.0.2.jar
[b2cf8775-5ac6-4e30-8cb5-fb942cf1f9a6/build]   | [INFO] Downloaded from central: https://repo.maven.apache.org/maven2/org/apache/maven/maven-archiver/2.5/maven-archiver-2.5.jar (22 kB at 2.7 MB/s)
[b2cf8775-5ac6-4e30-8cb5-fb942cf1f9a6/build]   | [INFO] Downloaded from central: https://repo.maven.apache.org/maven2/org/codehaus/plexus/plexus-io/2.0.2/plexus-io-2.0.2.jar (58 kB at 7.3 MB/s)
[b2cf8775-5ac6-4e30-8cb5-fb942cf1f9a6/build]   | [INFO] Downloaded from central: https://repo.maven.apache.org/maven2/org/codehaus/plexus/plexus-interpolation/1.15/plexus-interpolation-1.15.jar (60 kB at 3.6 MB/s)
[b2cf8775-5ac6-4e30-8cb5-fb942cf1f9a6/build]   | [INFO] Downloaded from central: https://repo.maven.apache.org/maven2/org/codehaus/plexus/plexus-archiver/2.1/plexus-archiver-2.1.jar (184 kB at 6.6 MB/s)
[b2cf8775-5ac6-4e30-8cb5-fb942cf1f9a6/build]   | [INFO] Downloaded from central: https://repo.maven.apache.org/maven2/commons-lang/commons-lang/2.1/commons-lang-2.1.jar (208 kB at 6.5 MB/s)
[b2cf8775-5ac6-4e30-8cb5-fb942cf1f9a6/build]   | [INFO] Building jar: /tmp/91c778e5-d226-40cd-b4a5-93033232cccc/target/nodebox-3.0-SNAPSHOT.jar
[b2cf8775-5ac6-4e30-8cb5-fb942cf1f9a6/build]   | [INFO] ------------------------------------------------------------------------
[b2cf8775-5ac6-4e30-8cb5-fb942cf1f9a6/build]   | [INFO] BUILD SUCCESS
[b2cf8775-5ac6-4e30-8cb5-fb942cf1f9a6/build]   | [INFO] ------------------------------------------------------------------------
[b2cf8775-5ac6-4e30-8cb5-fb942cf1f9a6/build]   | [INFO] Total time:  22.923 s
[b2cf8775-5ac6-4e30-8cb5-fb942cf1f9a6/build]   | [INFO] Finished at: 2023-07-12T02:45:21Z
[b2cf8775-5ac6-4e30-8cb5-fb942cf1f9a6/build]   | [INFO] ------------------------------------------------------------------------
[b2cf8775-5ac6-4e30-8cb5-fb942cf1f9a6/build]   ‚úÖ  Success - Main Build with Maven
[b2cf8775-5ac6-4e30-8cb5-fb942cf1f9a6/build] unable to get git ref: failed to identify reference (tag/branch) for the checked-out revision 'db036c2c8053bc49e1c4fdf5f06e5ff712b8f630'
[b2cf8775-5ac6-4e30-8cb5-fb942cf1f9a6/build] unable to get git ref: failed to identify reference (tag/branch) for the checked-out revision 'db036c2c8053bc49e1c4fdf5f06e5ff712b8f630'
[b2cf8775-5ac6-4e30-8cb5-fb942cf1f9a6/build] unable to get git ref: failed to identify reference (tag/branch) for the checked-out revision 'db036c2c8053bc49e1c4fdf5f06e5ff712b8f630'
[b2cf8775-5ac6-4e30-8cb5-fb942cf1f9a6/build] unable to get git ref: failed to identify reference (tag/branch) for the checked-out revision 'db036c2c8053bc49e1c4fdf5f06e5ff712b8f630'
[b2cf8775-5ac6-4e30-8cb5-fb942cf1f9a6/build] unable to get git ref: failed to identify reference (tag/branch) for the checked-out revision 'db036c2c8053bc49e1c4fdf5f06e5ff712b8f630'
[b2cf8775-5ac6-4e30-8cb5-fb942cf1f9a6/build] ‚≠ê Run Post Set up JDK 11
[b2cf8775-5ac6-4e30-8cb5-fb942cf1f9a6/build]   üê≥  docker exec cmd=[node /var/run/act/actions/actions-setup-java@v1/dist/cleanup/index.js] user= workdir=
[b2cf8775-5ac6-4e30-8cb5-fb942cf1f9a6/build]   ‚úÖ  Success - Post Set up JDK 11
[b2cf8775-5ac6-4e30-8cb5-fb942cf1f9a6/build] üèÅ  Job succeeded
[b2cf8775-5ac6-4e30-8cb5-fb942cf1f9a6/build] unable to get git ref: failed to identify reference (tag/branch) for the checked-out revision 'db036c2c8053bc49e1c4fdf5f06e5ff712b8f630'
