[13f8cbfa-e3dc-49fe-9898-b19e94c1bc2b/Java 8] üöÄ  Start image=crawlergpt:latest
[13f8cbfa-e3dc-49fe-9898-b19e94c1bc2b/Java 8]   üê≥  docker pull image=crawlergpt:latest platform= username= forcePull=false
[13f8cbfa-e3dc-49fe-9898-b19e94c1bc2b/Java 8]   üê≥  docker create image=crawlergpt:latest platform= entrypoint=["tail" "-f" "/dev/null"] cmd=[]
[13f8cbfa-e3dc-49fe-9898-b19e94c1bc2b/Java 8]   üê≥  docker run image=crawlergpt:latest platform= entrypoint=["tail" "-f" "/dev/null"] cmd=[]
[13f8cbfa-e3dc-49fe-9898-b19e94c1bc2b/Java 8]   üê≥  docker exec cmd=[chown -R 1012:1013 /tmp/b955085e-1dea-4c49-b7a7-978fcfcec972] user=0 workdir=
[13f8cbfa-e3dc-49fe-9898-b19e94c1bc2b/Java 8] unable to get git ref: failed to identify reference (tag/branch) for the checked-out revision '03d4351f77060e65d9f588191957b0847363220e'
[13f8cbfa-e3dc-49fe-9898-b19e94c1bc2b/Java 8] unable to get git ref: failed to identify reference (tag/branch) for the checked-out revision '03d4351f77060e65d9f588191957b0847363220e'
[13f8cbfa-e3dc-49fe-9898-b19e94c1bc2b/Java 8] unable to get git ref: failed to identify reference (tag/branch) for the checked-out revision '03d4351f77060e65d9f588191957b0847363220e'
[13f8cbfa-e3dc-49fe-9898-b19e94c1bc2b/Java 8] üß™  Matrix: map[java:8]
[13f8cbfa-e3dc-49fe-9898-b19e94c1bc2b/Java 8] unable to get git ref: failed to identify reference (tag/branch) for the checked-out revision '03d4351f77060e65d9f588191957b0847363220e'
[13f8cbfa-e3dc-49fe-9898-b19e94c1bc2b/Java 8] unable to get git ref: failed to identify reference (tag/branch) for the checked-out revision '03d4351f77060e65d9f588191957b0847363220e'
[13f8cbfa-e3dc-49fe-9898-b19e94c1bc2b/Java 8] unable to get git ref: failed to identify reference (tag/branch) for the checked-out revision '03d4351f77060e65d9f588191957b0847363220e'
[13f8cbfa-e3dc-49fe-9898-b19e94c1bc2b/Java 8] unable to get git ref: failed to identify reference (tag/branch) for the checked-out revision '03d4351f77060e65d9f588191957b0847363220e'
[13f8cbfa-e3dc-49fe-9898-b19e94c1bc2b/Java 8] unable to get git ref: failed to identify reference (tag/branch) for the checked-out revision '03d4351f77060e65d9f588191957b0847363220e'
[13f8cbfa-e3dc-49fe-9898-b19e94c1bc2b/Java 8] unable to get git ref: failed to identify reference (tag/branch) for the checked-out revision '03d4351f77060e65d9f588191957b0847363220e'
[13f8cbfa-e3dc-49fe-9898-b19e94c1bc2b/Java 8] ‚≠ê Run Main actions/checkout@v2
[13f8cbfa-e3dc-49fe-9898-b19e94c1bc2b/Java 8] unable to get git ref: failed to identify reference (tag/branch) for the checked-out revision '03d4351f77060e65d9f588191957b0847363220e'
[13f8cbfa-e3dc-49fe-9898-b19e94c1bc2b/Java 8]   ‚úÖ  Success - Main actions/checkout@v2
[13f8cbfa-e3dc-49fe-9898-b19e94c1bc2b/Java 8] unable to get git ref: failed to identify reference (tag/branch) for the checked-out revision '03d4351f77060e65d9f588191957b0847363220e'
[13f8cbfa-e3dc-49fe-9898-b19e94c1bc2b/Java 8] unable to get git ref: failed to identify reference (tag/branch) for the checked-out revision '03d4351f77060e65d9f588191957b0847363220e'
[13f8cbfa-e3dc-49fe-9898-b19e94c1bc2b/Java 8] unable to get git ref: failed to identify reference (tag/branch) for the checked-out revision '03d4351f77060e65d9f588191957b0847363220e'
[13f8cbfa-e3dc-49fe-9898-b19e94c1bc2b/Java 8] unable to get git ref: failed to identify reference (tag/branch) for the checked-out revision '03d4351f77060e65d9f588191957b0847363220e'
[13f8cbfa-e3dc-49fe-9898-b19e94c1bc2b/Java 8] unable to get git ref: failed to identify reference (tag/branch) for the checked-out revision '03d4351f77060e65d9f588191957b0847363220e'
[13f8cbfa-e3dc-49fe-9898-b19e94c1bc2b/Java 8] ‚≠ê Run Main Setup java
[13f8cbfa-e3dc-49fe-9898-b19e94c1bc2b/Java 8] unable to get git ref: failed to identify reference (tag/branch) for the checked-out revision '03d4351f77060e65d9f588191957b0847363220e'
[13f8cbfa-e3dc-49fe-9898-b19e94c1bc2b/Java 8] unable to get git ref: failed to identify reference (tag/branch) for the checked-out revision '03d4351f77060e65d9f588191957b0847363220e'
[13f8cbfa-e3dc-49fe-9898-b19e94c1bc2b/Java 8] unable to get git ref: failed to identify reference (tag/branch) for the checked-out revision '03d4351f77060e65d9f588191957b0847363220e'
[13f8cbfa-e3dc-49fe-9898-b19e94c1bc2b/Java 8]   üê≥  docker cp src=/tmp/act-cache/9acbb175-6a2b-4bfd-be34-2e34173aa576/act/actions-setup-java@v1/ dst=/var/run/act/actions/actions-setup-java@v1/
[13f8cbfa-e3dc-49fe-9898-b19e94c1bc2b/Java 8]   üê≥  docker exec cmd=[chown -R 1012:1013 /var/run/act/actions/actions-setup-java@v1/] user=0 workdir=
[13f8cbfa-e3dc-49fe-9898-b19e94c1bc2b/Java 8]   üê≥  docker exec cmd=[node /var/run/act/actions/actions-setup-java@v1/dist/setup/index.js] user= workdir=
[13f8cbfa-e3dc-49fe-9898-b19e94c1bc2b/Java 8]   üí¨  ::debug::isExplicit: 
[13f8cbfa-e3dc-49fe-9898-b19e94c1bc2b/Java 8]   üí¨  ::debug::explicit? false
[13f8cbfa-e3dc-49fe-9898-b19e94c1bc2b/Java 8]   üí¨  ::debug::evaluating 0 versions
[13f8cbfa-e3dc-49fe-9898-b19e94c1bc2b/Java 8]   üí¨  ::debug::match not found
[13f8cbfa-e3dc-49fe-9898-b19e94c1bc2b/Java 8]   üí¨  ::debug::Downloading JDK from Azul
[13f8cbfa-e3dc-49fe-9898-b19e94c1bc2b/Java 8]   üí¨  ::debug::Searching for files with extension: -linux_x64.tar.gz
[13f8cbfa-e3dc-49fe-9898-b19e94c1bc2b/Java 8]   üí¨  ::debug::Downloading https://static.azul.com/zulu/bin/zulu8.70.0.23-ca-jdk8.0.372-linux_x64.tar.gz
[13f8cbfa-e3dc-49fe-9898-b19e94c1bc2b/Java 8]   üí¨  ::debug::Downloading /tmp/fe20c930-3b53-493e-9a1b-bc9da180973e
[13f8cbfa-e3dc-49fe-9898-b19e94c1bc2b/Java 8]   üí¨  ::debug::download complete
[13f8cbfa-e3dc-49fe-9898-b19e94c1bc2b/Java 8]   | [command]/usr/bin/tar --version
[13f8cbfa-e3dc-49fe-9898-b19e94c1bc2b/Java 8]   | tar (GNU tar) 1.30
[13f8cbfa-e3dc-49fe-9898-b19e94c1bc2b/Java 8]   | Copyright (C) 2017 Free Software Foundation, Inc.
[13f8cbfa-e3dc-49fe-9898-b19e94c1bc2b/Java 8]   | License GPLv3+: GNU GPL version 3 or later <https://gnu.org/licenses/gpl.html>.
[13f8cbfa-e3dc-49fe-9898-b19e94c1bc2b/Java 8]   | This is free software: you are free to change and redistribute it.
[13f8cbfa-e3dc-49fe-9898-b19e94c1bc2b/Java 8]   | There is NO WARRANTY, to the extent permitted by law.
[13f8cbfa-e3dc-49fe-9898-b19e94c1bc2b/Java 8]   | 
[13f8cbfa-e3dc-49fe-9898-b19e94c1bc2b/Java 8]   | Written by John Gilmore and Jay Fenlason.
[13f8cbfa-e3dc-49fe-9898-b19e94c1bc2b/Java 8]   | [command]/usr/bin/tar xz --warning=no-unknown-keyword -C /tmp/temp_559764268 -f /tmp/fe20c930-3b53-493e-9a1b-bc9da180973e
[13f8cbfa-e3dc-49fe-9898-b19e94c1bc2b/Java 8]   üí¨  ::debug::jdk extracted to /tmp/temp_559764268/zulu8.70.0.23-ca-jdk8.0.372-linux_x64
[13f8cbfa-e3dc-49fe-9898-b19e94c1bc2b/Java 8]   üí¨  ::debug::Caching tool jdk 8.0.372 x64
[13f8cbfa-e3dc-49fe-9898-b19e94c1bc2b/Java 8]   üí¨  ::debug::source dir: /tmp/temp_559764268/zulu8.70.0.23-ca-jdk8.0.372-linux_x64
[13f8cbfa-e3dc-49fe-9898-b19e94c1bc2b/Java 8]   üí¨  ::debug::destination /opt/hostedtoolcache/jdk/8.0.372/x64
[13f8cbfa-e3dc-49fe-9898-b19e94c1bc2b/Java 8]   üí¨  ::debug::finished caching tool
[13f8cbfa-e3dc-49fe-9898-b19e94c1bc2b/Java 8]   ‚ùì add-matcher /run/act/actions/actions-setup-java@v1/.github/java.json
[13f8cbfa-e3dc-49fe-9898-b19e94c1bc2b/Java 8]   | creating settings.xml with server-id: github; environment variables: username=$GITHUB_ACTOR, password=$GITHUB_TOKEN, and gpg-passphrase=null
[13f8cbfa-e3dc-49fe-9898-b19e94c1bc2b/Java 8]   üí¨  ::debug::created directory /home/runneradmin/.m2
[13f8cbfa-e3dc-49fe-9898-b19e94c1bc2b/Java 8]   | writing /home/runneradmin/.m2/settings.xml
[13f8cbfa-e3dc-49fe-9898-b19e94c1bc2b/Java 8]   ‚úÖ  Success - Main Setup java
[13f8cbfa-e3dc-49fe-9898-b19e94c1bc2b/Java 8]   ‚öô  ::set-env:: JAVA_HOME_8.0.372_x64=/opt/hostedtoolcache/jdk/8.0.372/x64
[13f8cbfa-e3dc-49fe-9898-b19e94c1bc2b/Java 8]   ‚öô  ::set-env:: JAVA_HOME=/opt/hostedtoolcache/jdk/8.0.372/x64
[13f8cbfa-e3dc-49fe-9898-b19e94c1bc2b/Java 8]   ‚öô  ::set-env:: JAVA_HOME_8_0_372_X64=/opt/hostedtoolcache/jdk/8.0.372/x64
[13f8cbfa-e3dc-49fe-9898-b19e94c1bc2b/Java 8]   ‚öô  ::set-output:: path=/opt/hostedtoolcache/jdk/8.0.372/x64
[13f8cbfa-e3dc-49fe-9898-b19e94c1bc2b/Java 8]   ‚öô  ::set-output:: version=8.0.372
[13f8cbfa-e3dc-49fe-9898-b19e94c1bc2b/Java 8]   ‚öô  ::add-path:: /opt/hostedtoolcache/jdk/8.0.372/x64/bin
[13f8cbfa-e3dc-49fe-9898-b19e94c1bc2b/Java 8] unable to get git ref: failed to identify reference (tag/branch) for the checked-out revision '03d4351f77060e65d9f588191957b0847363220e'
[13f8cbfa-e3dc-49fe-9898-b19e94c1bc2b/Java 8] unable to get git ref: failed to identify reference (tag/branch) for the checked-out revision '03d4351f77060e65d9f588191957b0847363220e'
[13f8cbfa-e3dc-49fe-9898-b19e94c1bc2b/Java 8] unable to get git ref: failed to identify reference (tag/branch) for the checked-out revision '03d4351f77060e65d9f588191957b0847363220e'
[13f8cbfa-e3dc-49fe-9898-b19e94c1bc2b/Java 8] unable to get git ref: failed to identify reference (tag/branch) for the checked-out revision '03d4351f77060e65d9f588191957b0847363220e'
[13f8cbfa-e3dc-49fe-9898-b19e94c1bc2b/Java 8] unable to get git ref: failed to identify reference (tag/branch) for the checked-out revision '03d4351f77060e65d9f588191957b0847363220e'
[13f8cbfa-e3dc-49fe-9898-b19e94c1bc2b/Java 8] ‚≠ê Run Main Build with Maven
[13f8cbfa-e3dc-49fe-9898-b19e94c1bc2b/Java 8] unable to get git ref: failed to identify reference (tag/branch) for the checked-out revision '03d4351f77060e65d9f588191957b0847363220e'
[13f8cbfa-e3dc-49fe-9898-b19e94c1bc2b/Java 8] unable to get git ref: failed to identify reference (tag/branch) for the checked-out revision '03d4351f77060e65d9f588191957b0847363220e'
[13f8cbfa-e3dc-49fe-9898-b19e94c1bc2b/Java 8] unable to get git ref: failed to identify reference (tag/branch) for the checked-out revision '03d4351f77060e65d9f588191957b0847363220e'
[13f8cbfa-e3dc-49fe-9898-b19e94c1bc2b/Java 8] unable to get git ref: failed to identify reference (tag/branch) for the checked-out revision '03d4351f77060e65d9f588191957b0847363220e'
[13f8cbfa-e3dc-49fe-9898-b19e94c1bc2b/Java 8]   üê≥  docker exec cmd=[bash --noprofile --norc -e -o pipefail /var/run/act/workflow/2] user= workdir=
[13f8cbfa-e3dc-49fe-9898-b19e94c1bc2b/Java 8]   | [INFO] Scanning for projects...
[13f8cbfa-e3dc-49fe-9898-b19e94c1bc2b/Java 8]   | [INFO] 
[13f8cbfa-e3dc-49fe-9898-b19e94c1bc2b/Java 8]   | [INFO] -------------< com.github.albfernandez:juniversalchardet >--------------
[13f8cbfa-e3dc-49fe-9898-b19e94c1bc2b/Java 8]   | [INFO] Building juniversalchardet 2.0.0-SNAPSHOT
[13f8cbfa-e3dc-49fe-9898-b19e94c1bc2b/Java 8]   | [INFO] --------------------------------[ jar ]---------------------------------
[13f8cbfa-e3dc-49fe-9898-b19e94c1bc2b/Java 8]   | [INFO] Downloading from central: https://repo.maven.apache.org/maven2/org/apache/maven/plugins/maven-source-plugin/2.4/maven-source-plugin-2.4.pom
[13f8cbfa-e3dc-49fe-9898-b19e94c1bc2b/Java 8]   | [INFO] Downloaded from central: https://repo.maven.apache.org/maven2/org/apache/maven/plugins/maven-source-plugin/2.4/maven-source-plugin-2.4.pom (6.6 kB at 3.9 kB/s)
[13f8cbfa-e3dc-49fe-9898-b19e94c1bc2b/Java 8]   | [INFO] Downloading from central: https://repo.maven.apache.org/maven2/org/apache/maven/plugins/maven-plugins/25/maven-plugins-25.pom
[13f8cbfa-e3dc-49fe-9898-b19e94c1bc2b/Java 8]   | [INFO] Downloaded from central: https://repo.maven.apache.org/maven2/org/apache/maven/plugins/maven-plugins/25/maven-plugins-25.pom (9.6 kB at 298 kB/s)
[13f8cbfa-e3dc-49fe-9898-b19e94c1bc2b/Java 8]   | [INFO] Downloading from central: https://repo.maven.apache.org/maven2/org/apache/maven/maven-parent/24/maven-parent-24.pom
[13f8cbfa-e3dc-49fe-9898-b19e94c1bc2b/Java 8]   | [INFO] Downloaded from central: https://repo.maven.apache.org/maven2/org/apache/maven/maven-parent/24/maven-parent-24.pom (37 kB at 551 kB/s)
[13f8cbfa-e3dc-49fe-9898-b19e94c1bc2b/Java 8]   | [INFO] Downloading from central: https://repo.maven.apache.org/maven2/org/apache/apache/14/apache-14.pom
[13f8cbfa-e3dc-49fe-9898-b19e94c1bc2b/Java 8]   | [INFO] Downloaded from central: https://repo.maven.apache.org/maven2/org/apache/apache/14/apache-14.pom (15 kB at 459 kB/s)
[13f8cbfa-e3dc-49fe-9898-b19e94c1bc2b/Java 8]   | [INFO] Downloading from central: https://repo.maven.apache.org/maven2/org/apache/maven/plugins/maven-source-plugin/2.4/maven-source-plugin-2.4.jar
[13f8cbfa-e3dc-49fe-9898-b19e94c1bc2b/Java 8]   | [INFO] Downloaded from central: https://repo.maven.apache.org/maven2/org/apache/maven/plugins/maven-source-plugin/2.4/maven-source-plugin-2.4.jar (31 kB at 103 kB/s)
[13f8cbfa-e3dc-49fe-9898-b19e94c1bc2b/Java 8]   | [INFO] Downloading from central: https://repo.maven.apache.org/maven2/org/apache/maven/plugins/maven-javadoc-plugin/2.10.3/maven-javadoc-plugin-2.10.3.pom
[13f8cbfa-e3dc-49fe-9898-b19e94c1bc2b/Java 8]   | [INFO] Downloaded from central: https://repo.maven.apache.org/maven2/org/apache/maven/plugins/maven-javadoc-plugin/2.10.3/maven-javadoc-plugin-2.10.3.pom (16 kB at 33 kB/s)
[13f8cbfa-e3dc-49fe-9898-b19e94c1bc2b/Java 8]   | [INFO] Downloading from central: https://repo.maven.apache.org/maven2/org/apache/maven/plugins/maven-plugins/27/maven-plugins-27.pom
[13f8cbfa-e3dc-49fe-9898-b19e94c1bc2b/Java 8]   | [INFO] Downloaded from central: https://repo.maven.apache.org/maven2/org/apache/maven/plugins/maven-plugins/27/maven-plugins-27.pom (11 kB at 87 kB/s)
[13f8cbfa-e3dc-49fe-9898-b19e94c1bc2b/Java 8]   | [INFO] Downloading from central: https://repo.maven.apache.org/maven2/org/apache/maven/maven-parent/26/maven-parent-26.pom
[13f8cbfa-e3dc-49fe-9898-b19e94c1bc2b/Java 8]   | [INFO] Downloaded from central: https://repo.maven.apache.org/maven2/org/apache/maven/maven-parent/26/maven-parent-26.pom (40 kB at 352 kB/s)
[13f8cbfa-e3dc-49fe-9898-b19e94c1bc2b/Java 8]   | [INFO] Downloading from central: https://repo.maven.apache.org/maven2/org/apache/apache/16/apache-16.pom
[13f8cbfa-e3dc-49fe-9898-b19e94c1bc2b/Java 8]   | [INFO] Downloaded from central: https://repo.maven.apache.org/maven2/org/apache/apache/16/apache-16.pom (15 kB at 16 kB/s)
[13f8cbfa-e3dc-49fe-9898-b19e94c1bc2b/Java 8]   | [INFO] Downloading from central: https://repo.maven.apache.org/maven2/org/apache/maven/plugins/maven-javadoc-plugin/2.10.3/maven-javadoc-plugin-2.10.3.jar
[13f8cbfa-e3dc-49fe-9898-b19e94c1bc2b/Java 8]   | [INFO] Downloaded from central: https://repo.maven.apache.org/maven2/org/apache/maven/plugins/maven-javadoc-plugin/2.10.3/maven-javadoc-plugin-2.10.3.jar (405 kB at 1.6 MB/s)
[13f8cbfa-e3dc-49fe-9898-b19e94c1bc2b/Java 8]   | [INFO] Downloading from central: https://repo.maven.apache.org/maven2/org/apache/maven/plugins/maven-clean-plugin/2.5/maven-clean-plugin-2.5.pom
[13f8cbfa-e3dc-49fe-9898-b19e94c1bc2b/Java 8]   | [INFO] Downloaded from central: https://repo.maven.apache.org/maven2/org/apache/maven/plugins/maven-clean-plugin/2.5/maven-clean-plugin-2.5.pom (3.9 kB at 140 kB/s)
[13f8cbfa-e3dc-49fe-9898-b19e94c1bc2b/Java 8]   | [INFO] Downloading from central: https://repo.maven.apache.org/maven2/org/apache/maven/plugins/maven-plugins/22/maven-plugins-22.pom
[13f8cbfa-e3dc-49fe-9898-b19e94c1bc2b/Java 8]   | [INFO] Downloaded from central: https://repo.maven.apache.org/maven2/org/apache/maven/plugins/maven-plugins/22/maven-plugins-22.pom (13 kB at 136 kB/s)
[13f8cbfa-e3dc-49fe-9898-b19e94c1bc2b/Java 8]   | [INFO] Downloading from central: https://repo.maven.apache.org/maven2/org/apache/maven/maven-parent/21/maven-parent-21.pom
[13f8cbfa-e3dc-49fe-9898-b19e94c1bc2b/Java 8]   | [INFO] Downloaded from central: https://repo.maven.apache.org/maven2/org/apache/maven/maven-parent/21/maven-parent-21.pom (26 kB at 694 kB/s)
[13f8cbfa-e3dc-49fe-9898-b19e94c1bc2b/Java 8]   | [INFO] Downloading from central: https://repo.maven.apache.org/maven2/org/apache/apache/10/apache-10.pom
[13f8cbfa-e3dc-49fe-9898-b19e94c1bc2b/Java 8]   | [INFO] Downloaded from central: https://repo.maven.apache.org/maven2/org/apache/apache/10/apache-10.pom (15 kB at 477 kB/s)
[13f8cbfa-e3dc-49fe-9898-b19e94c1bc2b/Java 8]   | [INFO] Downloading from central: https://repo.maven.apache.org/maven2/org/apache/maven/plugins/maven-clean-plugin/2.5/maven-clean-plugin-2.5.jar
[13f8cbfa-e3dc-49fe-9898-b19e94c1bc2b/Java 8]   | [INFO] Downloaded from central: https://repo.maven.apache.org/maven2/org/apache/maven/plugins/maven-clean-plugin/2.5/maven-clean-plugin-2.5.jar (25 kB at 324 kB/s)
[13f8cbfa-e3dc-49fe-9898-b19e94c1bc2b/Java 8]   | [INFO] Downloading from central: https://repo.maven.apache.org/maven2/org/apache/maven/plugins/maven-resources-plugin/2.6/maven-resources-plugin-2.6.pom
[13f8cbfa-e3dc-49fe-9898-b19e94c1bc2b/Java 8]   | [INFO] Downloaded from central: https://repo.maven.apache.org/maven2/org/apache/maven/plugins/maven-resources-plugin/2.6/maven-resources-plugin-2.6.pom (8.1 kB at 254 kB/s)
[13f8cbfa-e3dc-49fe-9898-b19e94c1bc2b/Java 8]   | [INFO] Downloading from central: https://repo.maven.apache.org/maven2/org/apache/maven/plugins/maven-plugins/23/maven-plugins-23.pom
[13f8cbfa-e3dc-49fe-9898-b19e94c1bc2b/Java 8]   | [INFO] Downloaded from central: https://repo.maven.apache.org/maven2/org/apache/maven/plugins/maven-plugins/23/maven-plugins-23.pom (9.2 kB at 484 kB/s)
[13f8cbfa-e3dc-49fe-9898-b19e94c1bc2b/Java 8]   | [INFO] Downloading from central: https://repo.maven.apache.org/maven2/org/apache/maven/maven-parent/22/maven-parent-22.pom
[13f8cbfa-e3dc-49fe-9898-b19e94c1bc2b/Java 8]   | [INFO] Downloaded from central: https://repo.maven.apache.org/maven2/org/apache/maven/maven-parent/22/maven-parent-22.pom (30 kB at 572 kB/s)
[13f8cbfa-e3dc-49fe-9898-b19e94c1bc2b/Java 8]   | [INFO] Downloading from central: https://repo.maven.apache.org/maven2/org/apache/apache/11/apache-11.pom
[13f8cbfa-e3dc-49fe-9898-b19e94c1bc2b/Java 8]   | [INFO] Downloaded from central: https://repo.maven.apache.org/maven2/org/apache/apache/11/apache-11.pom (15 kB at 592 kB/s)
[13f8cbfa-e3dc-49fe-9898-b19e94c1bc2b/Java 8]   | [INFO] Downloading from central: https://repo.maven.apache.org/maven2/org/apache/maven/plugins/maven-resources-plugin/2.6/maven-resources-plugin-2.6.jar
[13f8cbfa-e3dc-49fe-9898-b19e94c1bc2b/Java 8]   | [INFO] Downloaded from central: https://repo.maven.apache.org/maven2/org/apache/maven/plugins/maven-resources-plugin/2.6/maven-resources-plugin-2.6.jar (30 kB at 798 kB/s)
[13f8cbfa-e3dc-49fe-9898-b19e94c1bc2b/Java 8]   | [INFO] Downloading from central: https://repo.maven.apache.org/maven2/org/apache/maven/plugins/maven-compiler-plugin/3.3/maven-compiler-plugin-3.3.pom
[13f8cbfa-e3dc-49fe-9898-b19e94c1bc2b/Java 8]   | [INFO] Downloaded from central: https://repo.maven.apache.org/maven2/org/apache/maven/plugins/maven-compiler-plugin/3.3/maven-compiler-plugin-3.3.pom (11 kB at 539 kB/s)
[13f8cbfa-e3dc-49fe-9898-b19e94c1bc2b/Java 8]   | [INFO] Downloading from central: https://repo.maven.apache.org/maven2/org/apache/maven/plugins/maven-compiler-plugin/3.3/maven-compiler-plugin-3.3.jar
[13f8cbfa-e3dc-49fe-9898-b19e94c1bc2b/Java 8]   | [INFO] Downloaded from central: https://repo.maven.apache.org/maven2/org/apache/maven/plugins/maven-compiler-plugin/3.3/maven-compiler-plugin-3.3.jar (46 kB at 2.4 MB/s)
[13f8cbfa-e3dc-49fe-9898-b19e94c1bc2b/Java 8]   | [INFO] Downloading from central: https://repo.maven.apache.org/maven2/org/apache/maven/plugins/maven-surefire-plugin/2.12.4/maven-surefire-plugin-2.12.4.pom
[13f8cbfa-e3dc-49fe-9898-b19e94c1bc2b/Java 8]   | [INFO] Downloaded from central: https://repo.maven.apache.org/maven2/org/apache/maven/plugins/maven-surefire-plugin/2.12.4/maven-surefire-plugin-2.12.4.pom (10 kB at 283 kB/s)
[13f8cbfa-e3dc-49fe-9898-b19e94c1bc2b/Java 8]   | [INFO] Downloading from central: https://repo.maven.apache.org/maven2/org/apache/maven/surefire/surefire/2.12.4/surefire-2.12.4.pom
[13f8cbfa-e3dc-49fe-9898-b19e94c1bc2b/Java 8]   | [INFO] Downloaded from central: https://repo.maven.apache.org/maven2/org/apache/maven/surefire/surefire/2.12.4/surefire-2.12.4.pom (14 kB at 657 kB/s)
[13f8cbfa-e3dc-49fe-9898-b19e94c1bc2b/Java 8]   | [INFO] Downloading from central: https://repo.maven.apache.org/maven2/org/apache/maven/plugins/maven-surefire-plugin/2.12.4/maven-surefire-plugin-2.12.4.jar
[13f8cbfa-e3dc-49fe-9898-b19e94c1bc2b/Java 8]   | [INFO] Downloaded from central: https://repo.maven.apache.org/maven2/org/apache/maven/plugins/maven-surefire-plugin/2.12.4/maven-surefire-plugin-2.12.4.jar (30 kB at 1.3 MB/s)
[13f8cbfa-e3dc-49fe-9898-b19e94c1bc2b/Java 8]   | [INFO] Downloading from central: https://repo.maven.apache.org/maven2/org/apache/maven/plugins/maven-jar-plugin/2.6/maven-jar-plugin-2.6.pom
[13f8cbfa-e3dc-49fe-9898-b19e94c1bc2b/Java 8]   | [INFO] Downloaded from central: https://repo.maven.apache.org/maven2/org/apache/maven/plugins/maven-jar-plugin/2.6/maven-jar-plugin-2.6.pom (5.9 kB at 196 kB/s)
[13f8cbfa-e3dc-49fe-9898-b19e94c1bc2b/Java 8]   | [INFO] Downloading from central: https://repo.maven.apache.org/maven2/org/apache/maven/plugins/maven-jar-plugin/2.6/maven-jar-plugin-2.6.jar
[13f8cbfa-e3dc-49fe-9898-b19e94c1bc2b/Java 8]   | [INFO] Downloaded from central: https://repo.maven.apache.org/maven2/org/apache/maven/plugins/maven-jar-plugin/2.6/maven-jar-plugin-2.6.jar (26 kB at 596 kB/s)
[13f8cbfa-e3dc-49fe-9898-b19e94c1bc2b/Java 8]   | [INFO] Downloading from central: https://repo.maven.apache.org/maven2/junit/junit/4.12/junit-4.12.pom
[13f8cbfa-e3dc-49fe-9898-b19e94c1bc2b/Java 8]   | [INFO] Downloaded from central: https://repo.maven.apache.org/maven2/junit/junit/4.12/junit-4.12.pom (24 kB at 1.1 MB/s)
[13f8cbfa-e3dc-49fe-9898-b19e94c1bc2b/Java 8]   | [INFO] Downloading from central: https://repo.maven.apache.org/maven2/org/hamcrest/hamcrest-core/1.3/hamcrest-core-1.3.pom
[13f8cbfa-e3dc-49fe-9898-b19e94c1bc2b/Java 8]   | [INFO] Downloaded from central: https://repo.maven.apache.org/maven2/org/hamcrest/hamcrest-core/1.3/hamcrest-core-1.3.pom (766 B at 27 kB/s)
[13f8cbfa-e3dc-49fe-9898-b19e94c1bc2b/Java 8]   | [INFO] Downloading from central: https://repo.maven.apache.org/maven2/org/hamcrest/hamcrest-parent/1.3/hamcrest-parent-1.3.pom
[13f8cbfa-e3dc-49fe-9898-b19e94c1bc2b/Java 8]   | [INFO] Downloaded from central: https://repo.maven.apache.org/maven2/org/hamcrest/hamcrest-parent/1.3/hamcrest-parent-1.3.pom (2.0 kB at 94 kB/s)
[13f8cbfa-e3dc-49fe-9898-b19e94c1bc2b/Java 8]   | [INFO] Downloading from central: https://repo.maven.apache.org/maven2/junit/junit/4.12/junit-4.12.jar
[13f8cbfa-e3dc-49fe-9898-b19e94c1bc2b/Java 8]   | [INFO] Downloading from central: https://repo.maven.apache.org/maven2/org/hamcrest/hamcrest-core/1.3/hamcrest-core-1.3.jar
[13f8cbfa-e3dc-49fe-9898-b19e94c1bc2b/Java 8]   | [INFO] Downloaded from central: https://repo.maven.apache.org/maven2/junit/junit/4.12/junit-4.12.jar (315 kB at 6.6 MB/s)
[13f8cbfa-e3dc-49fe-9898-b19e94c1bc2b/Java 8]   | [INFO] Downloaded from central: https://repo.maven.apache.org/maven2/org/hamcrest/hamcrest-core/1.3/hamcrest-core-1.3.jar (45 kB at 900 kB/s)
[13f8cbfa-e3dc-49fe-9898-b19e94c1bc2b/Java 8]   | [INFO] 
[13f8cbfa-e3dc-49fe-9898-b19e94c1bc2b/Java 8]   | [INFO] --- maven-clean-plugin:2.5:clean (default-clean) @ juniversalchardet ---
[13f8cbfa-e3dc-49fe-9898-b19e94c1bc2b/Java 8]   | [INFO] Downloading from central: https://repo.maven.apache.org/maven2/org/apache/maven/maven-plugin-api/2.0.6/maven-plugin-api-2.0.6.pom
[13f8cbfa-e3dc-49fe-9898-b19e94c1bc2b/Java 8]   | [INFO] Downloaded from central: https://repo.maven.apache.org/maven2/org/apache/maven/maven-plugin-api/2.0.6/maven-plugin-api-2.0.6.pom (1.5 kB at 63 kB/s)
[13f8cbfa-e3dc-49fe-9898-b19e94c1bc2b/Java 8]   | [INFO] Downloading from central: https://repo.maven.apache.org/maven2/org/apache/maven/maven/2.0.6/maven-2.0.6.pom
[13f8cbfa-e3dc-49fe-9898-b19e94c1bc2b/Java 8]   | [INFO] Downloaded from central: https://repo.maven.apache.org/maven2/org/apache/maven/maven/2.0.6/maven-2.0.6.pom (9.0 kB at 197 kB/s)
[13f8cbfa-e3dc-49fe-9898-b19e94c1bc2b/Java 8]   | [INFO] Downloading from central: https://repo.maven.apache.org/maven2/org/apache/maven/maven-parent/5/maven-parent-5.pom
[13f8cbfa-e3dc-49fe-9898-b19e94c1bc2b/Java 8]   | [INFO] Downloaded from central: https://repo.maven.apache.org/maven2/org/apache/maven/maven-parent/5/maven-parent-5.pom (15 kB at 586 kB/s)
[13f8cbfa-e3dc-49fe-9898-b19e94c1bc2b/Java 8]   | [INFO] Downloading from central: https://repo.maven.apache.org/maven2/org/apache/apache/3/apache-3.pom
[13f8cbfa-e3dc-49fe-9898-b19e94c1bc2b/Java 8]   | [INFO] Downloaded from central: https://repo.maven.apache.org/maven2/org/apache/apache/3/apache-3.pom (3.4 kB at 132 kB/s)
[13f8cbfa-e3dc-49fe-9898-b19e94c1bc2b/Java 8]   | [INFO] Downloading from central: https://repo.maven.apache.org/maven2/org/codehaus/plexus/plexus-utils/3.0/plexus-utils-3.0.pom
[13f8cbfa-e3dc-49fe-9898-b19e94c1bc2b/Java 8]   | [INFO] Downloaded from central: https://repo.maven.apache.org/maven2/org/codehaus/plexus/plexus-utils/3.0/plexus-utils-3.0.pom (4.1 kB at 169 kB/s)
[13f8cbfa-e3dc-49fe-9898-b19e94c1bc2b/Java 8]   | [INFO] Downloading from central: https://repo.maven.apache.org/maven2/org/sonatype/spice/spice-parent/16/spice-parent-16.pom
[13f8cbfa-e3dc-49fe-9898-b19e94c1bc2b/Java 8]   | [INFO] Downloaded from central: https://repo.maven.apache.org/maven2/org/sonatype/spice/spice-parent/16/spice-parent-16.pom (8.4 kB at 464 kB/s)
[13f8cbfa-e3dc-49fe-9898-b19e94c1bc2b/Java 8]   | [INFO] Downloading from central: https://repo.maven.apache.org/maven2/org/sonatype/forge/forge-parent/5/forge-parent-5.pom
[13f8cbfa-e3dc-49fe-9898-b19e94c1bc2b/Java 8]   | [INFO] Downloaded from central: https://repo.maven.apache.org/maven2/org/sonatype/forge/forge-parent/5/forge-parent-5.pom (8.4 kB at 299 kB/s)
[13f8cbfa-e3dc-49fe-9898-b19e94c1bc2b/Java 8]   | [INFO] Downloading from central: https://repo.maven.apache.org/maven2/org/apache/maven/maven-plugin-api/2.0.6/maven-plugin-api-2.0.6.jar
[13f8cbfa-e3dc-49fe-9898-b19e94c1bc2b/Java 8]   | [INFO] Downloading from central: https://repo.maven.apache.org/maven2/org/codehaus/plexus/plexus-utils/3.0/plexus-utils-3.0.jar
[13f8cbfa-e3dc-49fe-9898-b19e94c1bc2b/Java 8]   | [INFO] Downloaded from central: https://repo.maven.apache.org/maven2/org/apache/maven/maven-plugin-api/2.0.6/maven-plugin-api-2.0.6.jar (13 kB at 612 kB/s)
[13f8cbfa-e3dc-49fe-9898-b19e94c1bc2b/Java 8]   | [INFO] Downloaded from central: https://repo.maven.apache.org/maven2/org/codehaus/plexus/plexus-utils/3.0/plexus-utils-3.0.jar (226 kB at 2.7 MB/s)
[13f8cbfa-e3dc-49fe-9898-b19e94c1bc2b/Java 8]   | [INFO] 
[13f8cbfa-e3dc-49fe-9898-b19e94c1bc2b/Java 8]   | [INFO] --- maven-resources-plugin:2.6:resources (default-resources) @ juniversalchardet ---
[13f8cbfa-e3dc-49fe-9898-b19e94c1bc2b/Java 8]   | [INFO] Downloading from central: https://repo.maven.apache.org/maven2/org/apache/maven/maven-project/2.0.6/maven-project-2.0.6.pom
[13f8cbfa-e3dc-49fe-9898-b19e94c1bc2b/Java 8]   | [INFO] Downloaded from central: https://repo.maven.apache.org/maven2/org/apache/maven/maven-project/2.0.6/maven-project-2.0.6.pom (2.6 kB at 139 kB/s)
[13f8cbfa-e3dc-49fe-9898-b19e94c1bc2b/Java 8]   | [INFO] Downloading from central: https://repo.maven.apache.org/maven2/org/apache/maven/maven-settings/2.0.6/maven-settings-2.0.6.pom
[13f8cbfa-e3dc-49fe-9898-b19e94c1bc2b/Java 8]   | [INFO] Downloaded from central: https://repo.maven.apache.org/maven2/org/apache/maven/maven-settings/2.0.6/maven-settings-2.0.6.pom (2.0 kB at 45 kB/s)
[13f8cbfa-e3dc-49fe-9898-b19e94c1bc2b/Java 8]   | [INFO] Downloading from central: https://repo.maven.apache.org/maven2/org/apache/maven/maven-model/2.0.6/maven-model-2.0.6.pom
[13f8cbfa-e3dc-49fe-9898-b19e94c1bc2b/Java 8]   | [INFO] Downloaded from central: https://repo.maven.apache.org/maven2/org/apache/maven/maven-model/2.0.6/maven-model-2.0.6.pom (3.0 kB at 92 kB/s)
[13f8cbfa-e3dc-49fe-9898-b19e94c1bc2b/Java 8]   | [INFO] Downloading from central: https://repo.maven.apache.org/maven2/org/codehaus/plexus/plexus-utils/1.4.1/plexus-utils-1.4.1.pom
[13f8cbfa-e3dc-49fe-9898-b19e94c1bc2b/Java 8]   | [INFO] Downloaded from central: https://repo.maven.apache.org/maven2/org/codehaus/plexus/plexus-utils/1.4.1/plexus-utils-1.4.1.pom (1.9 kB at 73 kB/s)
[13f8cbfa-e3dc-49fe-9898-b19e94c1bc2b/Java 8]   | [INFO] Downloading from central: https://repo.maven.apache.org/maven2/org/codehaus/plexus/plexus/1.0.11/plexus-1.0.11.pom
[13f8cbfa-e3dc-49fe-9898-b19e94c1bc2b/Java 8]   | [INFO] Downloaded from central: https://repo.maven.apache.org/maven2/org/codehaus/plexus/plexus/1.0.11/plexus-1.0.11.pom (9.0 kB at 309 kB/s)
[13f8cbfa-e3dc-49fe-9898-b19e94c1bc2b/Java 8]   | [INFO] Downloading from central: https://repo.maven.apache.org/maven2/org/codehaus/plexus/plexus-container-default/1.0-alpha-9-stable-1/plexus-container-default-1.0-alpha-9-stable-1.pom
[13f8cbfa-e3dc-49fe-9898-b19e94c1bc2b/Java 8]   | [INFO] Downloaded from central: https://repo.maven.apache.org/maven2/org/codehaus/plexus/plexus-container-default/1.0-alpha-9-stable-1/plexus-container-default-1.0-alpha-9-stable-1.pom (3.9 kB at 127 kB/s)
[13f8cbfa-e3dc-49fe-9898-b19e94c1bc2b/Java 8]   | [INFO] Downloading from central: https://repo.maven.apache.org/maven2/org/codehaus/plexus/plexus-containers/1.0.3/plexus-containers-1.0.3.pom
[13f8cbfa-e3dc-49fe-9898-b19e94c1bc2b/Java 8]   | [INFO] Downloaded from central: https://repo.maven.apache.org/maven2/org/codehaus/plexus/plexus-containers/1.0.3/plexus-containers-1.0.3.pom (492 B at 14 kB/s)
[13f8cbfa-e3dc-49fe-9898-b19e94c1bc2b/Java 8]   | [INFO] Downloading from central: https://repo.maven.apache.org/maven2/org/codehaus/plexus/plexus/1.0.4/plexus-1.0.4.pom
[13f8cbfa-e3dc-49fe-9898-b19e94c1bc2b/Java 8]   | [INFO] Downloaded from central: https://repo.maven.apache.org/maven2/org/codehaus/plexus/plexus/1.0.4/plexus-1.0.4.pom (5.7 kB at 191 kB/s)
[13f8cbfa-e3dc-49fe-9898-b19e94c1bc2b/Java 8]   | [INFO] Downloading from central: https://repo.maven.apache.org/maven2/junit/junit/3.8.1/junit-3.8.1.pom
[13f8cbfa-e3dc-49fe-9898-b19e94c1bc2b/Java 8]   | [INFO] Downloaded from central: https://repo.maven.apache.org/maven2/junit/junit/3.8.1/junit-3.8.1.pom (998 B at 38 kB/s)
[13f8cbfa-e3dc-49fe-9898-b19e94c1bc2b/Java 8]   | [INFO] Downloading from central: https://repo.maven.apache.org/maven2/org/codehaus/plexus/plexus-utils/1.0.4/plexus-utils-1.0.4.pom
[13f8cbfa-e3dc-49fe-9898-b19e94c1bc2b/Java 8]   | [INFO] Downloaded from central: https://repo.maven.apache.org/maven2/org/codehaus/plexus/plexus-utils/1.0.4/plexus-utils-1.0.4.pom (6.9 kB at 245 kB/s)
[13f8cbfa-e3dc-49fe-9898-b19e94c1bc2b/Java 8]   | [INFO] Downloading from central: https://repo.maven.apache.org/maven2/classworlds/classworlds/1.1-alpha-2/classworlds-1.1-alpha-2.pom
[13f8cbfa-e3dc-49fe-9898-b19e94c1bc2b/Java 8]   | [INFO] Downloaded from central: https://repo.maven.apache.org/maven2/classworlds/classworlds/1.1-alpha-2/classworlds-1.1-alpha-2.pom (3.1 kB at 108 kB/s)
[13f8cbfa-e3dc-49fe-9898-b19e94c1bc2b/Java 8]   | [INFO] Downloading from central: https://repo.maven.apache.org/maven2/org/apache/maven/maven-profile/2.0.6/maven-profile-2.0.6.pom
[13f8cbfa-e3dc-49fe-9898-b19e94c1bc2b/Java 8]   | [INFO] Downloaded from central: https://repo.maven.apache.org/maven2/org/apache/maven/maven-profile/2.0.6/maven-profile-2.0.6.pom (2.0 kB at 68 kB/s)
[13f8cbfa-e3dc-49fe-9898-b19e94c1bc2b/Java 8]   | [INFO] Downloading from central: https://repo.maven.apache.org/maven2/org/apache/maven/maven-artifact-manager/2.0.6/maven-artifact-manager-2.0.6.pom
[13f8cbfa-e3dc-49fe-9898-b19e94c1bc2b/Java 8]   | [INFO] Downloaded from central: https://repo.maven.apache.org/maven2/org/apache/maven/maven-artifact-manager/2.0.6/maven-artifact-manager-2.0.6.pom (2.6 kB at 101 kB/s)
[13f8cbfa-e3dc-49fe-9898-b19e94c1bc2b/Java 8]   | [INFO] Downloading from central: https://repo.maven.apache.org/maven2/org/apache/maven/maven-repository-metadata/2.0.6/maven-repository-metadata-2.0.6.pom
[13f8cbfa-e3dc-49fe-9898-b19e94c1bc2b/Java 8]   | [INFO] Downloaded from central: https://repo.maven.apache.org/maven2/org/apache/maven/maven-repository-metadata/2.0.6/maven-repository-metadata-2.0.6.pom (1.9 kB at 56 kB/s)
[13f8cbfa-e3dc-49fe-9898-b19e94c1bc2b/Java 8]   | [INFO] Downloading from central: https://repo.maven.apache.org/maven2/org/apache/maven/maven-artifact/2.0.6/maven-artifact-2.0.6.pom
[13f8cbfa-e3dc-49fe-9898-b19e94c1bc2b/Java 8]   | [INFO] Downloaded from central: https://repo.maven.apache.org/maven2/org/apache/maven/maven-artifact/2.0.6/maven-artifact-2.0.6.pom (1.6 kB at 38 kB/s)
[13f8cbfa-e3dc-49fe-9898-b19e94c1bc2b/Java 8]   | [INFO] Downloading from central: https://repo.maven.apache.org/maven2/org/apache/maven/maven-plugin-registry/2.0.6/maven-plugin-registry-2.0.6.pom
[13f8cbfa-e3dc-49fe-9898-b19e94c1bc2b/Java 8]   | [INFO] Downloaded from central: https://repo.maven.apache.org/maven2/org/apache/maven/maven-plugin-registry/2.0.6/maven-plugin-registry-2.0.6.pom (1.9 kB at 75 kB/s)
[13f8cbfa-e3dc-49fe-9898-b19e94c1bc2b/Java 8]   | [INFO] Downloading from central: https://repo.maven.apache.org/maven2/org/apache/maven/maven-core/2.0.6/maven-core-2.0.6.pom
[13f8cbfa-e3dc-49fe-9898-b19e94c1bc2b/Java 8]   | [INFO] Downloaded from central: https://repo.maven.apache.org/maven2/org/apache/maven/maven-core/2.0.6/maven-core-2.0.6.pom (6.7 kB at 671 kB/s)
[13f8cbfa-e3dc-49fe-9898-b19e94c1bc2b/Java 8]   | [INFO] Downloading from central: https://repo.maven.apache.org/maven2/org/apache/maven/maven-plugin-parameter-documenter/2.0.6/maven-plugin-parameter-documenter-2.0.6.pom
[13f8cbfa-e3dc-49fe-9898-b19e94c1bc2b/Java 8]   | [INFO] Downloaded from central: https://repo.maven.apache.org/maven2/org/apache/maven/maven-plugin-parameter-documenter/2.0.6/maven-plugin-parameter-documenter-2.0.6.pom (1.9 kB at 106 kB/s)
[13f8cbfa-e3dc-49fe-9898-b19e94c1bc2b/Java 8]   | [INFO] Downloading from central: https://repo.maven.apache.org/maven2/org/apache/maven/reporting/maven-reporting-api/2.0.6/maven-reporting-api-2.0.6.pom
[13f8cbfa-e3dc-49fe-9898-b19e94c1bc2b/Java 8]   | [INFO] Downloaded from central: https://repo.maven.apache.org/maven2/org/apache/maven/reporting/maven-reporting-api/2.0.6/maven-reporting-api-2.0.6.pom (1.8 kB at 92 kB/s)
[13f8cbfa-e3dc-49fe-9898-b19e94c1bc2b/Java 8]   | [INFO] Downloading from central: https://repo.maven.apache.org/maven2/org/apache/maven/reporting/maven-reporting/2.0.6/maven-reporting-2.0.6.pom
[13f8cbfa-e3dc-49fe-9898-b19e94c1bc2b/Java 8]   | [INFO] Downloaded from central: https://repo.maven.apache.org/maven2/org/apache/maven/reporting/maven-reporting/2.0.6/maven-reporting-2.0.6.pom (1.4 kB at 90 kB/s)
[13f8cbfa-e3dc-49fe-9898-b19e94c1bc2b/Java 8]   | [INFO] Downloading from central: https://repo.maven.apache.org/maven2/org/apache/maven/doxia/doxia-sink-api/1.0-alpha-7/doxia-sink-api-1.0-alpha-7.pom
[13f8cbfa-e3dc-49fe-9898-b19e94c1bc2b/Java 8]   | [INFO] Downloaded from central: https://repo.maven.apache.org/maven2/org/apache/maven/doxia/doxia-sink-api/1.0-alpha-7/doxia-sink-api-1.0-alpha-7.pom (424 B at 18 kB/s)
[13f8cbfa-e3dc-49fe-9898-b19e94c1bc2b/Java 8]   | [INFO] Downloading from central: https://repo.maven.apache.org/maven2/org/apache/maven/doxia/doxia/1.0-alpha-7/doxia-1.0-alpha-7.pom
[13f8cbfa-e3dc-49fe-9898-b19e94c1bc2b/Java 8]   | [INFO] Downloaded from central: https://repo.maven.apache.org/maven2/org/apache/maven/doxia/doxia/1.0-alpha-7/doxia-1.0-alpha-7.pom (3.9 kB at 157 kB/s)
[13f8cbfa-e3dc-49fe-9898-b19e94c1bc2b/Java 8]   | [INFO] Downloading from central: https://repo.maven.apache.org/maven2/org/apache/maven/maven-error-diagnostics/2.0.6/maven-error-diagnostics-2.0.6.pom
[13f8cbfa-e3dc-49fe-9898-b19e94c1bc2b/Java 8]   | [INFO] Downloaded from central: https://repo.maven.apache.org/maven2/org/apache/maven/maven-error-diagnostics/2.0.6/maven-error-diagnostics-2.0.6.pom (1.7 kB at 49 kB/s)
[13f8cbfa-e3dc-49fe-9898-b19e94c1bc2b/Java 8]   | [INFO] Downloading from central: https://repo.maven.apache.org/maven2/commons-cli/commons-cli/1.0/commons-cli-1.0.pom
[13f8cbfa-e3dc-49fe-9898-b19e94c1bc2b/Java 8]   | [INFO] Downloaded from central: https://repo.maven.apache.org/maven2/commons-cli/commons-cli/1.0/commons-cli-1.0.pom (2.1 kB at 68 kB/s)
[13f8cbfa-e3dc-49fe-9898-b19e94c1bc2b/Java 8]   | [INFO] Downloading from central: https://repo.maven.apache.org/maven2/org/apache/maven/maven-plugin-descriptor/2.0.6/maven-plugin-descriptor-2.0.6.pom
[13f8cbfa-e3dc-49fe-9898-b19e94c1bc2b/Java 8]   | [INFO] Downloaded from central: https://repo.maven.apache.org/maven2/org/apache/maven/maven-plugin-descriptor/2.0.6/maven-plugin-descriptor-2.0.6.pom (2.0 kB at 92 kB/s)
[13f8cbfa-e3dc-49fe-9898-b19e94c1bc2b/Java 8]   | [INFO] Downloading from central: https://repo.maven.apache.org/maven2/org/codehaus/plexus/plexus-interactivity-api/1.0-alpha-4/plexus-interactivity-api-1.0-alpha-4.pom
[13f8cbfa-e3dc-49fe-9898-b19e94c1bc2b/Java 8]   | [INFO] Downloaded from central: https://repo.maven.apache.org/maven2/org/codehaus/plexus/plexus-interactivity-api/1.0-alpha-4/plexus-interactivity-api-1.0-alpha-4.pom (7.1 kB at 263 kB/s)
[13f8cbfa-e3dc-49fe-9898-b19e94c1bc2b/Java 8]   | [INFO] Downloading from central: https://repo.maven.apache.org/maven2/org/apache/maven/maven-monitor/2.0.6/maven-monitor-2.0.6.pom
[13f8cbfa-e3dc-49fe-9898-b19e94c1bc2b/Java 8]   | [INFO] Downloaded from central: https://repo.maven.apache.org/maven2/org/apache/maven/maven-monitor/2.0.6/maven-monitor-2.0.6.pom (1.3 kB at 48 kB/s)
[13f8cbfa-e3dc-49fe-9898-b19e94c1bc2b/Java 8]   | [INFO] Downloading from central: https://repo.maven.apache.org/maven2/classworlds/classworlds/1.1/classworlds-1.1.pom
[13f8cbfa-e3dc-49fe-9898-b19e94c1bc2b/Java 8]   | [INFO] Downloaded from central: https://repo.maven.apache.org/maven2/classworlds/classworlds/1.1/classworlds-1.1.pom (3.3 kB at 90 kB/s)
[13f8cbfa-e3dc-49fe-9898-b19e94c1bc2b/Java 8]   | [INFO] Downloading from central: https://repo.maven.apache.org/maven2/org/codehaus/plexus/plexus-utils/2.0.5/plexus-utils-2.0.5.pom
[13f8cbfa-e3dc-49fe-9898-b19e94c1bc2b/Java 8]   | [INFO] Downloaded from central: https://repo.maven.apache.org/maven2/org/codehaus/plexus/plexus-utils/2.0.5/plexus-utils-2.0.5.pom (3.3 kB at 222 kB/s)
[13f8cbfa-e3dc-49fe-9898-b19e94c1bc2b/Java 8]   | [INFO] Downloading from central: https://repo.maven.apache.org/maven2/org/codehaus/plexus/plexus/2.0.6/plexus-2.0.6.pom
[13f8cbfa-e3dc-49fe-9898-b19e94c1bc2b/Java 8]   | [INFO] Downloaded from central: https://repo.maven.apache.org/maven2/org/codehaus/plexus/plexus/2.0.6/plexus-2.0.6.pom (17 kB at 882 kB/s)
[13f8cbfa-e3dc-49fe-9898-b19e94c1bc2b/Java 8]   | [INFO] Downloading from central: https://repo.maven.apache.org/maven2/org/apache/maven/shared/maven-filtering/1.1/maven-filtering-1.1.pom
[13f8cbfa-e3dc-49fe-9898-b19e94c1bc2b/Java 8]   | [INFO] Downloaded from central: https://repo.maven.apache.org/maven2/org/apache/maven/shared/maven-filtering/1.1/maven-filtering-1.1.pom (5.8 kB at 289 kB/s)
[13f8cbfa-e3dc-49fe-9898-b19e94c1bc2b/Java 8]   | [INFO] Downloading from central: https://repo.maven.apache.org/maven2/org/apache/maven/shared/maven-shared-components/17/maven-shared-components-17.pom
[13f8cbfa-e3dc-49fe-9898-b19e94c1bc2b/Java 8]   | [INFO] Downloaded from central: https://repo.maven.apache.org/maven2/org/apache/maven/shared/maven-shared-components/17/maven-shared-components-17.pom (8.7 kB at 118 kB/s)
[13f8cbfa-e3dc-49fe-9898-b19e94c1bc2b/Java 8]   | [INFO] Downloading from central: https://repo.maven.apache.org/maven2/org/codehaus/plexus/plexus-utils/1.5.15/plexus-utils-1.5.15.pom
[13f8cbfa-e3dc-49fe-9898-b19e94c1bc2b/Java 8]   | [INFO] Downloaded from central: https://repo.maven.apache.org/maven2/org/codehaus/plexus/plexus-utils/1.5.15/plexus-utils-1.5.15.pom (6.8 kB at 163 kB/s)
[13f8cbfa-e3dc-49fe-9898-b19e94c1bc2b/Java 8]   | [INFO] Downloading from central: https://repo.maven.apache.org/maven2/org/codehaus/plexus/plexus/2.0.2/plexus-2.0.2.pom
[13f8cbfa-e3dc-49fe-9898-b19e94c1bc2b/Java 8]   | [INFO] Downloaded from central: https://repo.maven.apache.org/maven2/org/codehaus/plexus/plexus/2.0.2/plexus-2.0.2.pom (12 kB at 375 kB/s)
[13f8cbfa-e3dc-49fe-9898-b19e94c1bc2b/Java 8]   | [INFO] Downloading from central: https://repo.maven.apache.org/maven2/org/codehaus/plexus/plexus-interpolation/1.12/plexus-interpolation-1.12.pom
[13f8cbfa-e3dc-49fe-9898-b19e94c1bc2b/Java 8]   | [INFO] Downloaded from central: https://repo.maven.apache.org/maven2/org/codehaus/plexus/plexus-interpolation/1.12/plexus-interpolation-1.12.pom (889 B at 13 kB/s)
[13f8cbfa-e3dc-49fe-9898-b19e94c1bc2b/Java 8]   | [INFO] Downloading from central: https://repo.maven.apache.org/maven2/org/codehaus/plexus/plexus-components/1.1.14/plexus-components-1.1.14.pom
[13f8cbfa-e3dc-49fe-9898-b19e94c1bc2b/Java 8]   | [INFO] Downloaded from central: https://repo.maven.apache.org/maven2/org/codehaus/plexus/plexus-components/1.1.14/plexus-components-1.1.14.pom (5.8 kB at 209 kB/s)
[13f8cbfa-e3dc-49fe-9898-b19e94c1bc2b/Java 8]   | [INFO] Downloading from central: https://repo.maven.apache.org/maven2/org/sonatype/plexus/plexus-build-api/0.0.4/plexus-build-api-0.0.4.pom
[13f8cbfa-e3dc-49fe-9898-b19e94c1bc2b/Java 8]   | [INFO] Downloaded from central: https://repo.maven.apache.org/maven2/org/sonatype/plexus/plexus-build-api/0.0.4/plexus-build-api-0.0.4.pom (2.9 kB at 41 kB/s)
[13f8cbfa-e3dc-49fe-9898-b19e94c1bc2b/Java 8]   | [INFO] Downloading from central: https://repo.maven.apache.org/maven2/org/sonatype/spice/spice-parent/10/spice-parent-10.pom
[13f8cbfa-e3dc-49fe-9898-b19e94c1bc2b/Java 8]   | [INFO] Downloaded from central: https://repo.maven.apache.org/maven2/org/sonatype/spice/spice-parent/10/spice-parent-10.pom (3.0 kB at 151 kB/s)
[13f8cbfa-e3dc-49fe-9898-b19e94c1bc2b/Java 8]   | [INFO] Downloading from central: https://repo.maven.apache.org/maven2/org/sonatype/forge/forge-parent/3/forge-parent-3.pom
[13f8cbfa-e3dc-49fe-9898-b19e94c1bc2b/Java 8]   | [INFO] Downloaded from central: https://repo.maven.apache.org/maven2/org/sonatype/forge/forge-parent/3/forge-parent-3.pom (5.0 kB at 194 kB/s)
[13f8cbfa-e3dc-49fe-9898-b19e94c1bc2b/Java 8]   | [INFO] Downloading from central: https://repo.maven.apache.org/maven2/org/codehaus/plexus/plexus-utils/1.5.8/plexus-utils-1.5.8.pom
[13f8cbfa-e3dc-49fe-9898-b19e94c1bc2b/Java 8]   | [INFO] Downloaded from central: https://repo.maven.apache.org/maven2/org/codehaus/plexus/plexus-utils/1.5.8/plexus-utils-1.5.8.pom (8.1 kB at 252 kB/s)
[13f8cbfa-e3dc-49fe-9898-b19e94c1bc2b/Java 8]   | [INFO] Downloading from central: https://repo.maven.apache.org/maven2/org/codehaus/plexus/plexus-interpolation/1.13/plexus-interpolation-1.13.pom
[13f8cbfa-e3dc-49fe-9898-b19e94c1bc2b/Java 8]   | [INFO] Downloaded from central: https://repo.maven.apache.org/maven2/org/codehaus/plexus/plexus-interpolation/1.13/plexus-interpolation-1.13.pom (890 B at 36 kB/s)
[13f8cbfa-e3dc-49fe-9898-b19e94c1bc2b/Java 8]   | [INFO] Downloading from central: https://repo.maven.apache.org/maven2/org/codehaus/plexus/plexus-components/1.1.15/plexus-components-1.1.15.pom
[13f8cbfa-e3dc-49fe-9898-b19e94c1bc2b/Java 8]   | [INFO] Downloaded from central: https://repo.maven.apache.org/maven2/org/codehaus/plexus/plexus-components/1.1.15/plexus-components-1.1.15.pom (2.8 kB at 150 kB/s)
[13f8cbfa-e3dc-49fe-9898-b19e94c1bc2b/Java 8]   | [INFO] Downloading from central: https://repo.maven.apache.org/maven2/org/codehaus/plexus/plexus/2.0.3/plexus-2.0.3.pom
[13f8cbfa-e3dc-49fe-9898-b19e94c1bc2b/Java 8]   | [INFO] Downloaded from central: https://repo.maven.apache.org/maven2/org/codehaus/plexus/plexus/2.0.3/plexus-2.0.3.pom (15 kB at 292 kB/s)
[13f8cbfa-e3dc-49fe-9898-b19e94c1bc2b/Java 8]   | [INFO] Downloading from central: https://repo.maven.apache.org/maven2/org/apache/maven/maven-project/2.0.6/maven-project-2.0.6.jar
[13f8cbfa-e3dc-49fe-9898-b19e94c1bc2b/Java 8]   | [INFO] Downloading from central: https://repo.maven.apache.org/maven2/org/apache/maven/maven-profile/2.0.6/maven-profile-2.0.6.jar
[13f8cbfa-e3dc-49fe-9898-b19e94c1bc2b/Java 8]   | [INFO] Downloading from central: https://repo.maven.apache.org/maven2/org/apache/maven/maven-artifact-manager/2.0.6/maven-artifact-manager-2.0.6.jar
[13f8cbfa-e3dc-49fe-9898-b19e94c1bc2b/Java 8]   | [INFO] Downloading from central: https://repo.maven.apache.org/maven2/org/apache/maven/maven-plugin-registry/2.0.6/maven-plugin-registry-2.0.6.jar
[13f8cbfa-e3dc-49fe-9898-b19e94c1bc2b/Java 8]   | [INFO] Downloading from central: https://repo.maven.apache.org/maven2/org/apache/maven/maven-core/2.0.6/maven-core-2.0.6.jar
[13f8cbfa-e3dc-49fe-9898-b19e94c1bc2b/Java 8]   | [INFO] Downloaded from central: https://repo.maven.apache.org/maven2/org/apache/maven/maven-plugin-registry/2.0.6/maven-plugin-registry-2.0.6.jar (29 kB at 1.2 MB/s)
[13f8cbfa-e3dc-49fe-9898-b19e94c1bc2b/Java 8]   | [INFO] Downloading from central: https://repo.maven.apache.org/maven2/org/apache/maven/maven-plugin-parameter-documenter/2.0.6/maven-plugin-parameter-documenter-2.0.6.jar
[13f8cbfa-e3dc-49fe-9898-b19e94c1bc2b/Java 8]   | [INFO] Downloaded from central: https://repo.maven.apache.org/maven2/org/apache/maven/maven-project/2.0.6/maven-project-2.0.6.jar (116 kB at 4.0 MB/s)
[13f8cbfa-e3dc-49fe-9898-b19e94c1bc2b/Java 8]   | [INFO] Downloading from central: https://repo.maven.apache.org/maven2/org/apache/maven/reporting/maven-reporting-api/2.0.6/maven-reporting-api-2.0.6.jar
[13f8cbfa-e3dc-49fe-9898-b19e94c1bc2b/Java 8]   | [INFO] Downloaded from central: https://repo.maven.apache.org/maven2/org/apache/maven/maven-profile/2.0.6/maven-profile-2.0.6.jar (35 kB at 801 kB/s)
[13f8cbfa-e3dc-49fe-9898-b19e94c1bc2b/Java 8]   | [INFO] Downloading from central: https://repo.maven.apache.org/maven2/org/apache/maven/doxia/doxia-sink-api/1.0-alpha-7/doxia-sink-api-1.0-alpha-7.jar
[13f8cbfa-e3dc-49fe-9898-b19e94c1bc2b/Java 8]   | [INFO] Downloaded from central: https://repo.maven.apache.org/maven2/org/apache/maven/maven-plugin-parameter-documenter/2.0.6/maven-plugin-parameter-documenter-2.0.6.jar (21 kB at 451 kB/s)
[13f8cbfa-e3dc-49fe-9898-b19e94c1bc2b/Java 8]   | [INFO] Downloading from central: https://repo.maven.apache.org/maven2/org/apache/maven/maven-repository-metadata/2.0.6/maven-repository-metadata-2.0.6.jar
[13f8cbfa-e3dc-49fe-9898-b19e94c1bc2b/Java 8]   | [INFO] Downloaded from central: https://repo.maven.apache.org/maven2/org/apache/maven/maven-artifact-manager/2.0.6/maven-artifact-manager-2.0.6.jar (57 kB at 1.0 MB/s)
[13f8cbfa-e3dc-49fe-9898-b19e94c1bc2b/Java 8]   | [INFO] Downloading from central: https://repo.maven.apache.org/maven2/org/apache/maven/maven-error-diagnostics/2.0.6/maven-error-diagnostics-2.0.6.jar
[13f8cbfa-e3dc-49fe-9898-b19e94c1bc2b/Java 8]   | [INFO] Downloaded from central: https://repo.maven.apache.org/maven2/org/apache/maven/reporting/maven-reporting-api/2.0.6/maven-reporting-api-2.0.6.jar (9.9 kB at 181 kB/s)
[13f8cbfa-e3dc-49fe-9898-b19e94c1bc2b/Java 8]   | [INFO] Downloading from central: https://repo.maven.apache.org/maven2/commons-cli/commons-cli/1.0/commons-cli-1.0.jar
[13f8cbfa-e3dc-49fe-9898-b19e94c1bc2b/Java 8]   | [INFO] Downloaded from central: https://repo.maven.apache.org/maven2/org/apache/maven/maven-core/2.0.6/maven-core-2.0.6.jar (152 kB at 2.4 MB/s)
[13f8cbfa-e3dc-49fe-9898-b19e94c1bc2b/Java 8]   | [INFO] Downloading from central: https://repo.maven.apache.org/maven2/org/apache/maven/maven-plugin-descriptor/2.0.6/maven-plugin-descriptor-2.0.6.jar
[13f8cbfa-e3dc-49fe-9898-b19e94c1bc2b/Java 8]   | [INFO] Downloaded from central: https://repo.maven.apache.org/maven2/org/apache/maven/doxia/doxia-sink-api/1.0-alpha-7/doxia-sink-api-1.0-alpha-7.jar (5.9 kB at 96 kB/s)
[13f8cbfa-e3dc-49fe-9898-b19e94c1bc2b/Java 8]   | [INFO] Downloading from central: https://repo.maven.apache.org/maven2/org/codehaus/plexus/plexus-interactivity-api/1.0-alpha-4/plexus-interactivity-api-1.0-alpha-4.jar
[13f8cbfa-e3dc-49fe-9898-b19e94c1bc2b/Java 8]   | [INFO] Downloaded from central: https://repo.maven.apache.org/maven2/org/apache/maven/maven-repository-metadata/2.0.6/maven-repository-metadata-2.0.6.jar (24 kB at 377 kB/s)
[13f8cbfa-e3dc-49fe-9898-b19e94c1bc2b/Java 8]   | [INFO] Downloading from central: https://repo.maven.apache.org/maven2/classworlds/classworlds/1.1/classworlds-1.1.jar
[13f8cbfa-e3dc-49fe-9898-b19e94c1bc2b/Java 8]   | [INFO] Downloaded from central: https://repo.maven.apache.org/maven2/org/apache/maven/maven-error-diagnostics/2.0.6/maven-error-diagnostics-2.0.6.jar (14 kB at 192 kB/s)
[13f8cbfa-e3dc-49fe-9898-b19e94c1bc2b/Java 8]   | [INFO] Downloading from central: https://repo.maven.apache.org/maven2/org/apache/maven/maven-artifact/2.0.6/maven-artifact-2.0.6.jar
[13f8cbfa-e3dc-49fe-9898-b19e94c1bc2b/Java 8]   | [INFO] Downloaded from central: https://repo.maven.apache.org/maven2/commons-cli/commons-cli/1.0/commons-cli-1.0.jar (30 kB at 402 kB/s)
[13f8cbfa-e3dc-49fe-9898-b19e94c1bc2b/Java 8]   | [INFO] Downloading from central: https://repo.maven.apache.org/maven2/org/apache/maven/maven-settings/2.0.6/maven-settings-2.0.6.jar
[13f8cbfa-e3dc-49fe-9898-b19e94c1bc2b/Java 8]   | [INFO] Downloaded from central: https://repo.maven.apache.org/maven2/classworlds/classworlds/1.1/classworlds-1.1.jar (38 kB at 435 kB/s)
[13f8cbfa-e3dc-49fe-9898-b19e94c1bc2b/Java 8]   | [INFO] Downloading from central: https://repo.maven.apache.org/maven2/org/apache/maven/maven-model/2.0.6/maven-model-2.0.6.jar
[13f8cbfa-e3dc-49fe-9898-b19e94c1bc2b/Java 8]   | [INFO] Downloaded from central: https://repo.maven.apache.org/maven2/org/codehaus/plexus/plexus-interactivity-api/1.0-alpha-4/plexus-interactivity-api-1.0-alpha-4.jar (13 kB at 151 kB/s)
[13f8cbfa-e3dc-49fe-9898-b19e94c1bc2b/Java 8]   | [INFO] Downloaded from central: https://repo.maven.apache.org/maven2/org/apache/maven/maven-plugin-descriptor/2.0.6/maven-plugin-descriptor-2.0.6.jar (37 kB at 414 kB/s)
[13f8cbfa-e3dc-49fe-9898-b19e94c1bc2b/Java 8]   | [INFO] Downloading from central: https://repo.maven.apache.org/maven2/org/apache/maven/maven-monitor/2.0.6/maven-monitor-2.0.6.jar
[13f8cbfa-e3dc-49fe-9898-b19e94c1bc2b/Java 8]   | [INFO] Downloading from central: https://repo.maven.apache.org/maven2/org/codehaus/plexus/plexus-container-default/1.0-alpha-9-stable-1/plexus-container-default-1.0-alpha-9-stable-1.jar
[13f8cbfa-e3dc-49fe-9898-b19e94c1bc2b/Java 8]   | [INFO] Downloaded from central: https://repo.maven.apache.org/maven2/org/apache/maven/maven-artifact/2.0.6/maven-artifact-2.0.6.jar (87 kB at 920 kB/s)
[13f8cbfa-e3dc-49fe-9898-b19e94c1bc2b/Java 8]   | [INFO] Downloading from central: https://repo.maven.apache.org/maven2/junit/junit/3.8.1/junit-3.8.1.jar
[13f8cbfa-e3dc-49fe-9898-b19e94c1bc2b/Java 8]   | [INFO] Downloaded from central: https://repo.maven.apache.org/maven2/org/apache/maven/maven-settings/2.0.6/maven-settings-2.0.6.jar (49 kB at 501 kB/s)
[13f8cbfa-e3dc-49fe-9898-b19e94c1bc2b/Java 8]   | [INFO] Downloading from central: https://repo.maven.apache.org/maven2/org/codehaus/plexus/plexus-utils/2.0.5/plexus-utils-2.0.5.jar
[13f8cbfa-e3dc-49fe-9898-b19e94c1bc2b/Java 8]   | [INFO] Downloaded from central: https://repo.maven.apache.org/maven2/org/apache/maven/maven-monitor/2.0.6/maven-monitor-2.0.6.jar (10 kB at 99 kB/s)
[13f8cbfa-e3dc-49fe-9898-b19e94c1bc2b/Java 8]   | [INFO] Downloading from central: https://repo.maven.apache.org/maven2/org/apache/maven/shared/maven-filtering/1.1/maven-filtering-1.1.jar
[13f8cbfa-e3dc-49fe-9898-b19e94c1bc2b/Java 8]   | [INFO] Downloaded from central: https://repo.maven.apache.org/maven2/org/apache/maven/maven-model/2.0.6/maven-model-2.0.6.jar (86 kB at 831 kB/s)
[13f8cbfa-e3dc-49fe-9898-b19e94c1bc2b/Java 8]   | [INFO] Downloading from central: https://repo.maven.apache.org/maven2/org/sonatype/plexus/plexus-build-api/0.0.4/plexus-build-api-0.0.4.jar
[13f8cbfa-e3dc-49fe-9898-b19e94c1bc2b/Java 8]   | [INFO] Downloaded from central: https://repo.maven.apache.org/maven2/org/codehaus/plexus/plexus-container-default/1.0-alpha-9-stable-1/plexus-container-default-1.0-alpha-9-stable-1.jar (194 kB at 1.7 MB/s)
[13f8cbfa-e3dc-49fe-9898-b19e94c1bc2b/Java 8]   | [INFO] Downloading from central: https://repo.maven.apache.org/maven2/org/codehaus/plexus/plexus-interpolation/1.13/plexus-interpolation-1.13.jar
[13f8cbfa-e3dc-49fe-9898-b19e94c1bc2b/Java 8]   | [INFO] Downloaded from central: https://repo.maven.apache.org/maven2/junit/junit/3.8.1/junit-3.8.1.jar (121 kB at 1.0 MB/s)
[13f8cbfa-e3dc-49fe-9898-b19e94c1bc2b/Java 8]   | [INFO] Downloaded from central: https://repo.maven.apache.org/maven2/org/apache/maven/shared/maven-filtering/1.1/maven-filtering-1.1.jar (43 kB at 362 kB/s)
[13f8cbfa-e3dc-49fe-9898-b19e94c1bc2b/Java 8]   | [INFO] Downloaded from central: https://repo.maven.apache.org/maven2/org/codehaus/plexus/plexus-utils/2.0.5/plexus-utils-2.0.5.jar (223 kB at 1.7 MB/s)
[13f8cbfa-e3dc-49fe-9898-b19e94c1bc2b/Java 8]   | [INFO] Downloaded from central: https://repo.maven.apache.org/maven2/org/sonatype/plexus/plexus-build-api/0.0.4/plexus-build-api-0.0.4.jar (6.8 kB at 53 kB/s)
[13f8cbfa-e3dc-49fe-9898-b19e94c1bc2b/Java 8]   | [INFO] Downloaded from central: https://repo.maven.apache.org/maven2/org/codehaus/plexus/plexus-interpolation/1.13/plexus-interpolation-1.13.jar (61 kB at 452 kB/s)
[13f8cbfa-e3dc-49fe-9898-b19e94c1bc2b/Java 8]   | [INFO] Using 'UTF-8' encoding to copy filtered resources.
[13f8cbfa-e3dc-49fe-9898-b19e94c1bc2b/Java 8]   | [INFO] skip non existing resourceDirectory /tmp/b955085e-1dea-4c49-b7a7-978fcfcec972/src/main/resources
[13f8cbfa-e3dc-49fe-9898-b19e94c1bc2b/Java 8]   | [INFO] 
[13f8cbfa-e3dc-49fe-9898-b19e94c1bc2b/Java 8]   | [INFO] --- maven-compiler-plugin:3.3:compile (default-compile) @ juniversalchardet ---
[13f8cbfa-e3dc-49fe-9898-b19e94c1bc2b/Java 8]   | [INFO] Downloading from central: https://repo.maven.apache.org/maven2/org/apache/maven/maven-plugin-api/2.2.1/maven-plugin-api-2.2.1.pom
[13f8cbfa-e3dc-49fe-9898-b19e94c1bc2b/Java 8]   | [INFO] Downloaded from central: https://repo.maven.apache.org/maven2/org/apache/maven/maven-plugin-api/2.2.1/maven-plugin-api-2.2.1.pom (1.5 kB at 44 kB/s)
[13f8cbfa-e3dc-49fe-9898-b19e94c1bc2b/Java 8]   | [INFO] Downloading from central: https://repo.maven.apache.org/maven2/org/apache/maven/maven/2.2.1/maven-2.2.1.pom
[13f8cbfa-e3dc-49fe-9898-b19e94c1bc2b/Java 8]   | [INFO] Downloaded from central: https://repo.maven.apache.org/maven2/org/apache/maven/maven/2.2.1/maven-2.2.1.pom (22 kB at 622 kB/s)
[13f8cbfa-e3dc-49fe-9898-b19e94c1bc2b/Java 8]   | [INFO] Downloading from central: https://repo.maven.apache.org/maven2/org/apache/maven/maven-parent/11/maven-parent-11.pom
[13f8cbfa-e3dc-49fe-9898-b19e94c1bc2b/Java 8]   | [INFO] Downloaded from central: https://repo.maven.apache.org/maven2/org/apache/maven/maven-parent/11/maven-parent-11.pom (32 kB at 953 kB/s)
[13f8cbfa-e3dc-49fe-9898-b19e94c1bc2b/Java 8]   | [INFO] Downloading from central: https://repo.maven.apache.org/maven2/org/apache/apache/5/apache-5.pom
[13f8cbfa-e3dc-49fe-9898-b19e94c1bc2b/Java 8]   | [INFO] Downloaded from central: https://repo.maven.apache.org/maven2/org/apache/apache/5/apache-5.pom (4.1 kB at 158 kB/s)
[13f8cbfa-e3dc-49fe-9898-b19e94c1bc2b/Java 8]   | [INFO] Downloading from central: https://repo.maven.apache.org/maven2/org/apache/maven/maven-artifact/2.2.1/maven-artifact-2.2.1.pom
[13f8cbfa-e3dc-49fe-9898-b19e94c1bc2b/Java 8]   | [INFO] Downloaded from central: https://repo.maven.apache.org/maven2/org/apache/maven/maven-artifact/2.2.1/maven-artifact-2.2.1.pom (1.6 kB at 24 kB/s)
[13f8cbfa-e3dc-49fe-9898-b19e94c1bc2b/Java 8]   | [INFO] Downloading from central: https://repo.maven.apache.org/maven2/org/apache/maven/maven-core/2.2.1/maven-core-2.2.1.pom
[13f8cbfa-e3dc-49fe-9898-b19e94c1bc2b/Java 8]   | [INFO] Downloaded from central: https://repo.maven.apache.org/maven2/org/apache/maven/maven-core/2.2.1/maven-core-2.2.1.pom (12 kB at 447 kB/s)
[13f8cbfa-e3dc-49fe-9898-b19e94c1bc2b/Java 8]   | [INFO] Downloading from central: https://repo.maven.apache.org/maven2/org/apache/maven/maven-settings/2.2.1/maven-settings-2.2.1.pom
[13f8cbfa-e3dc-49fe-9898-b19e94c1bc2b/Java 8]   | [INFO] Downloaded from central: https://repo.maven.apache.org/maven2/org/apache/maven/maven-settings/2.2.1/maven-settings-2.2.1.pom (2.2 kB at 87 kB/s)
[13f8cbfa-e3dc-49fe-9898-b19e94c1bc2b/Java 8]   | [INFO] Downloading from central: https://repo.maven.apache.org/maven2/org/apache/maven/maven-model/2.2.1/maven-model-2.2.1.pom
[13f8cbfa-e3dc-49fe-9898-b19e94c1bc2b/Java 8]   | [INFO] Downloaded from central: https://repo.maven.apache.org/maven2/org/apache/maven/maven-model/2.2.1/maven-model-2.2.1.pom (3.2 kB at 147 kB/s)
[13f8cbfa-e3dc-49fe-9898-b19e94c1bc2b/Java 8]   | [INFO] Downloading from central: https://repo.maven.apache.org/maven2/org/codehaus/plexus/plexus-interpolation/1.11/plexus-interpolation-1.11.pom
[13f8cbfa-e3dc-49fe-9898-b19e94c1bc2b/Java 8]   | [INFO] Downloaded from central: https://repo.maven.apache.org/maven2/org/codehaus/plexus/plexus-interpolation/1.11/plexus-interpolation-1.11.pom (889 B at 31 kB/s)
[13f8cbfa-e3dc-49fe-9898-b19e94c1bc2b/Java 8]   | [INFO] Downloading from central: https://repo.maven.apache.org/maven2/org/apache/maven/maven-plugin-parameter-documenter/2.2.1/maven-plugin-parameter-documenter-2.2.1.pom
[13f8cbfa-e3dc-49fe-9898-b19e94c1bc2b/Java 8]   | [INFO] Downloaded from central: https://repo.maven.apache.org/maven2/org/apache/maven/maven-plugin-parameter-documenter/2.2.1/maven-plugin-parameter-documenter-2.2.1.pom (2.0 kB at 85 kB/s)
[13f8cbfa-e3dc-49fe-9898-b19e94c1bc2b/Java 8]   | [INFO] Downloading from central: https://repo.maven.apache.org/maven2/org/slf4j/slf4j-jdk14/1.5.6/slf4j-jdk14-1.5.6.pom
[13f8cbfa-e3dc-49fe-9898-b19e94c1bc2b/Java 8]   | [INFO] Downloaded from central: https://repo.maven.apache.org/maven2/org/slf4j/slf4j-jdk14/1.5.6/slf4j-jdk14-1.5.6.pom (1.9 kB at 95 kB/s)
[13f8cbfa-e3dc-49fe-9898-b19e94c1bc2b/Java 8]   | [INFO] Downloading from central: https://repo.maven.apache.org/maven2/org/slf4j/slf4j-parent/1.5.6/slf4j-parent-1.5.6.pom
[13f8cbfa-e3dc-49fe-9898-b19e94c1bc2b/Java 8]   | [INFO] Downloaded from central: https://repo.maven.apache.org/maven2/org/slf4j/slf4j-parent/1.5.6/slf4j-parent-1.5.6.pom (7.9 kB at 317 kB/s)
[13f8cbfa-e3dc-49fe-9898-b19e94c1bc2b/Java 8]   | [INFO] Downloading from central: https://repo.maven.apache.org/maven2/org/slf4j/slf4j-api/1.5.6/slf4j-api-1.5.6.pom
[13f8cbfa-e3dc-49fe-9898-b19e94c1bc2b/Java 8]   | [INFO] Downloaded from central: https://repo.maven.apache.org/maven2/org/slf4j/slf4j-api/1.5.6/slf4j-api-1.5.6.pom (3.0 kB at 142 kB/s)
[13f8cbfa-e3dc-49fe-9898-b19e94c1bc2b/Java 8]   | [INFO] Downloading from central: https://repo.maven.apache.org/maven2/org/slf4j/jcl-over-slf4j/1.5.6/jcl-over-slf4j-1.5.6.pom
[13f8cbfa-e3dc-49fe-9898-b19e94c1bc2b/Java 8]   | [INFO] Downloaded from central: https://repo.maven.apache.org/maven2/org/slf4j/jcl-over-slf4j/1.5.6/jcl-over-slf4j-1.5.6.pom (2.2 kB at 54 kB/s)
[13f8cbfa-e3dc-49fe-9898-b19e94c1bc2b/Java 8]   | [INFO] Downloading from central: https://repo.maven.apache.org/maven2/org/apache/maven/maven-profile/2.2.1/maven-profile-2.2.1.pom
[13f8cbfa-e3dc-49fe-9898-b19e94c1bc2b/Java 8]   | [INFO] Downloaded from central: https://repo.maven.apache.org/maven2/org/apache/maven/maven-profile/2.2.1/maven-profile-2.2.1.pom (2.2 kB at 87 kB/s)
[13f8cbfa-e3dc-49fe-9898-b19e94c1bc2b/Java 8]   | [INFO] Downloading from central: https://repo.maven.apache.org/maven2/org/apache/maven/maven-repository-metadata/2.2.1/maven-repository-metadata-2.2.1.pom
[13f8cbfa-e3dc-49fe-9898-b19e94c1bc2b/Java 8]   | [INFO] Downloaded from central: https://repo.maven.apache.org/maven2/org/apache/maven/maven-repository-metadata/2.2.1/maven-repository-metadata-2.2.1.pom (1.9 kB at 55 kB/s)
[13f8cbfa-e3dc-49fe-9898-b19e94c1bc2b/Java 8]   | [INFO] Downloading from central: https://repo.maven.apache.org/maven2/org/apache/maven/maven-error-diagnostics/2.2.1/maven-error-diagnostics-2.2.1.pom
[13f8cbfa-e3dc-49fe-9898-b19e94c1bc2b/Java 8]   | [INFO] Downloaded from central: https://repo.maven.apache.org/maven2/org/apache/maven/maven-error-diagnostics/2.2.1/maven-error-diagnostics-2.2.1.pom (1.7 kB at 61 kB/s)
[13f8cbfa-e3dc-49fe-9898-b19e94c1bc2b/Java 8]   | [INFO] Downloading from central: https://repo.maven.apache.org/maven2/org/apache/maven/maven-project/2.2.1/maven-project-2.2.1.pom
[13f8cbfa-e3dc-49fe-9898-b19e94c1bc2b/Java 8]   | [INFO] Downloaded from central: https://repo.maven.apache.org/maven2/org/apache/maven/maven-project/2.2.1/maven-project-2.2.1.pom (2.8 kB at 111 kB/s)
[13f8cbfa-e3dc-49fe-9898-b19e94c1bc2b/Java 8]   | [INFO] Downloading from central: https://repo.maven.apache.org/maven2/org/apache/maven/maven-artifact-manager/2.2.1/maven-artifact-manager-2.2.1.pom
[13f8cbfa-e3dc-49fe-9898-b19e94c1bc2b/Java 8]   | [INFO] Downloaded from central: https://repo.maven.apache.org/maven2/org/apache/maven/maven-artifact-manager/2.2.1/maven-artifact-manager-2.2.1.pom (3.1 kB at 207 kB/s)
[13f8cbfa-e3dc-49fe-9898-b19e94c1bc2b/Java 8]   | [INFO] Downloading from central: https://repo.maven.apache.org/maven2/backport-util-concurrent/backport-util-concurrent/3.1/backport-util-concurrent-3.1.pom
[13f8cbfa-e3dc-49fe-9898-b19e94c1bc2b/Java 8]   | [INFO] Downloaded from central: https://repo.maven.apache.org/maven2/backport-util-concurrent/backport-util-concurrent/3.1/backport-util-concurrent-3.1.pom (880 B at 35 kB/s)
[13f8cbfa-e3dc-49fe-9898-b19e94c1bc2b/Java 8]   | [INFO] Downloading from central: https://repo.maven.apache.org/maven2/org/apache/maven/maven-plugin-registry/2.2.1/maven-plugin-registry-2.2.1.pom
[13f8cbfa-e3dc-49fe-9898-b19e94c1bc2b/Java 8]   | [INFO] Downloaded from central: https://repo.maven.apache.org/maven2/org/apache/maven/maven-plugin-registry/2.2.1/maven-plugin-registry-2.2.1.pom (1.9 kB at 60 kB/s)
[13f8cbfa-e3dc-49fe-9898-b19e94c1bc2b/Java 8]   | [INFO] Downloading from central: https://repo.maven.apache.org/maven2/org/apache/maven/maven-plugin-descriptor/2.2.1/maven-plugin-descriptor-2.2.1.pom
[13f8cbfa-e3dc-49fe-9898-b19e94c1bc2b/Java 8]   | [INFO] Downloaded from central: https://repo.maven.apache.org/maven2/org/apache/maven/maven-plugin-descriptor/2.2.1/maven-plugin-descriptor-2.2.1.pom (2.1 kB at 67 kB/s)
[13f8cbfa-e3dc-49fe-9898-b19e94c1bc2b/Java 8]   | [INFO] Downloading from central: https://repo.maven.apache.org/maven2/org/apache/maven/maven-monitor/2.2.1/maven-monitor-2.2.1.pom
[13f8cbfa-e3dc-49fe-9898-b19e94c1bc2b/Java 8]   | [INFO] Downloaded from central: https://repo.maven.apache.org/maven2/org/apache/maven/maven-monitor/2.2.1/maven-monitor-2.2.1.pom (1.3 kB at 21 kB/s)
[13f8cbfa-e3dc-49fe-9898-b19e94c1bc2b/Java 8]   | [INFO] Downloading from central: https://repo.maven.apache.org/maven2/org/sonatype/plexus/plexus-sec-dispatcher/1.3/plexus-sec-dispatcher-1.3.pom
[13f8cbfa-e3dc-49fe-9898-b19e94c1bc2b/Java 8]   | [INFO] Downloaded from central: https://repo.maven.apache.org/maven2/org/sonatype/plexus/plexus-sec-dispatcher/1.3/plexus-sec-dispatcher-1.3.pom (3.0 kB at 82 kB/s)
[13f8cbfa-e3dc-49fe-9898-b19e94c1bc2b/Java 8]   | [INFO] Downloading from central: https://repo.maven.apache.org/maven2/org/sonatype/spice/spice-parent/12/spice-parent-12.pom
[13f8cbfa-e3dc-49fe-9898-b19e94c1bc2b/Java 8]   | [INFO] Downloaded from central: https://repo.maven.apache.org/maven2/org/sonatype/spice/spice-parent/12/spice-parent-12.pom (6.8 kB at 86 kB/s)
[13f8cbfa-e3dc-49fe-9898-b19e94c1bc2b/Java 8]   | [INFO] Downloading from central: https://repo.maven.apache.org/maven2/org/sonatype/forge/forge-parent/4/forge-parent-4.pom
[13f8cbfa-e3dc-49fe-9898-b19e94c1bc2b/Java 8]   | [INFO] Downloaded from central: https://repo.maven.apache.org/maven2/org/sonatype/forge/forge-parent/4/forge-parent-4.pom (8.4 kB at 106 kB/s)
[13f8cbfa-e3dc-49fe-9898-b19e94c1bc2b/Java 8]   | [INFO] Downloading from central: https://repo.maven.apache.org/maven2/org/codehaus/plexus/plexus-utils/1.5.5/plexus-utils-1.5.5.pom
[13f8cbfa-e3dc-49fe-9898-b19e94c1bc2b/Java 8]   | [INFO] Downloaded from central: https://repo.maven.apache.org/maven2/org/codehaus/plexus/plexus-utils/1.5.5/plexus-utils-1.5.5.pom (5.1 kB at 368 kB/s)
[13f8cbfa-e3dc-49fe-9898-b19e94c1bc2b/Java 8]   | [INFO] Downloading from central: https://repo.maven.apache.org/maven2/org/sonatype/plexus/plexus-cipher/1.4/plexus-cipher-1.4.pom
[13f8cbfa-e3dc-49fe-9898-b19e94c1bc2b/Java 8]   | [INFO] Downloaded from central: https://repo.maven.apache.org/maven2/org/sonatype/plexus/plexus-cipher/1.4/plexus-cipher-1.4.pom (2.1 kB at 148 kB/s)
[13f8cbfa-e3dc-49fe-9898-b19e94c1bc2b/Java 8]   | [INFO] Downloading from central: https://repo.maven.apache.org/maven2/org/apache/maven/maven-toolchain/2.2.1/maven-toolchain-2.2.1.pom
[13f8cbfa-e3dc-49fe-9898-b19e94c1bc2b/Java 8]   | [INFO] Downloaded from central: https://repo.maven.apache.org/maven2/org/apache/maven/maven-toolchain/2.2.1/maven-toolchain-2.2.1.pom (3.3 kB at 74 kB/s)
[13f8cbfa-e3dc-49fe-9898-b19e94c1bc2b/Java 8]   | [INFO] Downloading from central: https://repo.maven.apache.org/maven2/org/apache/maven/reporting/maven-reporting-api/2.2.1/maven-reporting-api-2.2.1.pom
[13f8cbfa-e3dc-49fe-9898-b19e94c1bc2b/Java 8]   | [INFO] Downloaded from central: https://repo.maven.apache.org/maven2/org/apache/maven/reporting/maven-reporting-api/2.2.1/maven-reporting-api-2.2.1.pom (1.9 kB at 46 kB/s)
[13f8cbfa-e3dc-49fe-9898-b19e94c1bc2b/Java 8]   | [INFO] Downloading from central: https://repo.maven.apache.org/maven2/org/apache/maven/reporting/maven-reporting/2.2.1/maven-reporting-2.2.1.pom
[13f8cbfa-e3dc-49fe-9898-b19e94c1bc2b/Java 8]   | [INFO] Downloaded from central: https://repo.maven.apache.org/maven2/org/apache/maven/reporting/maven-reporting/2.2.1/maven-reporting-2.2.1.pom (1.4 kB at 50 kB/s)
[13f8cbfa-e3dc-49fe-9898-b19e94c1bc2b/Java 8]   | [INFO] Downloading from central: https://repo.maven.apache.org/maven2/org/apache/maven/doxia/doxia-sink-api/1.1/doxia-sink-api-1.1.pom
[13f8cbfa-e3dc-49fe-9898-b19e94c1bc2b/Java 8]   | [INFO] Downloaded from central: https://repo.maven.apache.org/maven2/org/apache/maven/doxia/doxia-sink-api/1.1/doxia-sink-api-1.1.pom (2.0 kB at 73 kB/s)
[13f8cbfa-e3dc-49fe-9898-b19e94c1bc2b/Java 8]   | [INFO] Downloading from central: https://repo.maven.apache.org/maven2/org/apache/maven/doxia/doxia/1.1/doxia-1.1.pom
[13f8cbfa-e3dc-49fe-9898-b19e94c1bc2b/Java 8]   | [INFO] Downloaded from central: https://repo.maven.apache.org/maven2/org/apache/maven/doxia/doxia/1.1/doxia-1.1.pom (15 kB at 523 kB/s)
[13f8cbfa-e3dc-49fe-9898-b19e94c1bc2b/Java 8]   | [INFO] Downloading from central: https://repo.maven.apache.org/maven2/org/apache/maven/doxia/doxia-logging-api/1.1/doxia-logging-api-1.1.pom
[13f8cbfa-e3dc-49fe-9898-b19e94c1bc2b/Java 8]   | [INFO] Downloaded from central: https://repo.maven.apache.org/maven2/org/apache/maven/doxia/doxia-logging-api/1.1/doxia-logging-api-1.1.pom (1.6 kB at 68 kB/s)
[13f8cbfa-e3dc-49fe-9898-b19e94c1bc2b/Java 8]   | [INFO] Downloading from central: https://repo.maven.apache.org/maven2/org/codehaus/plexus/plexus-container-default/1.0-alpha-30/plexus-container-default-1.0-alpha-30.pom
[13f8cbfa-e3dc-49fe-9898-b19e94c1bc2b/Java 8]   | [INFO] Downloaded from central: https://repo.maven.apache.org/maven2/org/codehaus/plexus/plexus-container-default/1.0-alpha-30/plexus-container-default-1.0-alpha-30.pom (3.5 kB at 120 kB/s)
[13f8cbfa-e3dc-49fe-9898-b19e94c1bc2b/Java 8]   | [INFO] Downloading from central: https://repo.maven.apache.org/maven2/org/codehaus/plexus/plexus-containers/1.0-alpha-30/plexus-containers-1.0-alpha-30.pom
[13f8cbfa-e3dc-49fe-9898-b19e94c1bc2b/Java 8]   | [INFO] Downloaded from central: https://repo.maven.apache.org/maven2/org/codehaus/plexus/plexus-containers/1.0-alpha-30/plexus-containers-1.0-alpha-30.pom (1.9 kB at 53 kB/s)
[13f8cbfa-e3dc-49fe-9898-b19e94c1bc2b/Java 8]   | [INFO] Downloading from central: https://repo.maven.apache.org/maven2/org/codehaus/plexus/plexus-utils/1.4.5/plexus-utils-1.4.5.pom
[13f8cbfa-e3dc-49fe-9898-b19e94c1bc2b/Java 8]   | [INFO] Downloaded from central: https://repo.maven.apache.org/maven2/org/codehaus/plexus/plexus-utils/1.4.5/plexus-utils-1.4.5.pom (2.3 kB at 91 kB/s)
[13f8cbfa-e3dc-49fe-9898-b19e94c1bc2b/Java 8]   | [INFO] Downloading from central: https://repo.maven.apache.org/maven2/org/codehaus/plexus/plexus-classworlds/1.2-alpha-9/plexus-classworlds-1.2-alpha-9.pom
[13f8cbfa-e3dc-49fe-9898-b19e94c1bc2b/Java 8]   | [INFO] Downloaded from central: https://repo.maven.apache.org/maven2/org/codehaus/plexus/plexus-classworlds/1.2-alpha-9/plexus-classworlds-1.2-alpha-9.pom (3.2 kB at 179 kB/s)
[13f8cbfa-e3dc-49fe-9898-b19e94c1bc2b/Java 8]   | [INFO] Downloading from central: https://repo.maven.apache.org/maven2/org/codehaus/plexus/plexus/1.0.10/plexus-1.0.10.pom
[13f8cbfa-e3dc-49fe-9898-b19e94c1bc2b/Java 8]   | [INFO] Downloaded from central: https://repo.maven.apache.org/maven2/org/codehaus/plexus/plexus/1.0.10/plexus-1.0.10.pom (8.2 kB at 258 kB/s)
[13f8cbfa-e3dc-49fe-9898-b19e94c1bc2b/Java 8]   | [INFO] Downloading from central: https://repo.maven.apache.org/maven2/commons-cli/commons-cli/1.2/commons-cli-1.2.pom
[13f8cbfa-e3dc-49fe-9898-b19e94c1bc2b/Java 8]   | [INFO] Downloaded from central: https://repo.maven.apache.org/maven2/commons-cli/commons-cli/1.2/commons-cli-1.2.pom (8.0 kB at 257 kB/s)
[13f8cbfa-e3dc-49fe-9898-b19e94c1bc2b/Java 8]   | [INFO] Downloading from central: https://repo.maven.apache.org/maven2/org/apache/commons/commons-parent/11/commons-parent-11.pom
[13f8cbfa-e3dc-49fe-9898-b19e94c1bc2b/Java 8]   | [INFO] Downloaded from central: https://repo.maven.apache.org/maven2/org/apache/commons/commons-parent/11/commons-parent-11.pom (25 kB at 398 kB/s)
[13f8cbfa-e3dc-49fe-9898-b19e94c1bc2b/Java 8]   | [INFO] Downloading from central: https://repo.maven.apache.org/maven2/org/apache/apache/4/apache-4.pom
[13f8cbfa-e3dc-49fe-9898-b19e94c1bc2b/Java 8]   | [INFO] Downloaded from central: https://repo.maven.apache.org/maven2/org/apache/apache/4/apache-4.pom (4.5 kB at 187 kB/s)
[13f8cbfa-e3dc-49fe-9898-b19e94c1bc2b/Java 8]   | [INFO] Downloading from central: https://repo.maven.apache.org/maven2/org/apache/maven/shared/maven-shared-utils/0.7/maven-shared-utils-0.7.pom
[13f8cbfa-e3dc-49fe-9898-b19e94c1bc2b/Java 8]   | [INFO] Downloaded from central: https://repo.maven.apache.org/maven2/org/apache/maven/shared/maven-shared-utils/0.7/maven-shared-utils-0.7.pom (5.0 kB at 46 kB/s)
[13f8cbfa-e3dc-49fe-9898-b19e94c1bc2b/Java 8]   | [INFO] Downloading from central: https://repo.maven.apache.org/maven2/org/apache/maven/shared/maven-shared-components/20/maven-shared-components-20.pom
[13f8cbfa-e3dc-49fe-9898-b19e94c1bc2b/Java 8]   | [INFO] Downloaded from central: https://repo.maven.apache.org/maven2/org/apache/maven/shared/maven-shared-components/20/maven-shared-components-20.pom (5.1 kB at 155 kB/s)
[13f8cbfa-e3dc-49fe-9898-b19e94c1bc2b/Java 8]   | [INFO] Downloading from central: https://repo.maven.apache.org/maven2/com/google/code/findbugs/jsr305/2.0.1/jsr305-2.0.1.pom
[13f8cbfa-e3dc-49fe-9898-b19e94c1bc2b/Java 8]   | [INFO] Downloaded from central: https://repo.maven.apache.org/maven2/com/google/code/findbugs/jsr305/2.0.1/jsr305-2.0.1.pom (965 B at 12 kB/s)
[13f8cbfa-e3dc-49fe-9898-b19e94c1bc2b/Java 8]   | [INFO] Downloading from central: https://repo.maven.apache.org/maven2/org/apache/maven/shared/maven-shared-incremental/1.1/maven-shared-incremental-1.1.pom
[13f8cbfa-e3dc-49fe-9898-b19e94c1bc2b/Java 8]   | [INFO] Downloaded from central: https://repo.maven.apache.org/maven2/org/apache/maven/shared/maven-shared-incremental/1.1/maven-shared-incremental-1.1.pom (4.7 kB at 99 kB/s)
[13f8cbfa-e3dc-49fe-9898-b19e94c1bc2b/Java 8]   | [INFO] Downloading from central: https://repo.maven.apache.org/maven2/org/apache/maven/shared/maven-shared-components/19/maven-shared-components-19.pom
[13f8cbfa-e3dc-49fe-9898-b19e94c1bc2b/Java 8]   | [INFO] Downloaded from central: https://repo.maven.apache.org/maven2/org/apache/maven/shared/maven-shared-components/19/maven-shared-components-19.pom (6.4 kB at 116 kB/s)
[13f8cbfa-e3dc-49fe-9898-b19e94c1bc2b/Java 8]   | [INFO] Downloading from central: https://repo.maven.apache.org/maven2/org/apache/maven/maven-parent/23/maven-parent-23.pom
[13f8cbfa-e3dc-49fe-9898-b19e94c1bc2b/Java 8]   | [INFO] Downloaded from central: https://repo.maven.apache.org/maven2/org/apache/maven/maven-parent/23/maven-parent-23.pom (33 kB at 434 kB/s)
[13f8cbfa-e3dc-49fe-9898-b19e94c1bc2b/Java 8]   | [INFO] Downloading from central: https://repo.maven.apache.org/maven2/org/apache/apache/13/apache-13.pom
[13f8cbfa-e3dc-49fe-9898-b19e94c1bc2b/Java 8]   | [INFO] Downloaded from central: https://repo.maven.apache.org/maven2/org/apache/apache/13/apache-13.pom (14 kB at 274 kB/s)
[13f8cbfa-e3dc-49fe-9898-b19e94c1bc2b/Java 8]   | [INFO] Downloading from central: https://repo.maven.apache.org/maven2/org/apache/maven/shared/maven-shared-utils/0.1/maven-shared-utils-0.1.pom
[13f8cbfa-e3dc-49fe-9898-b19e94c1bc2b/Java 8]   | [INFO] Downloaded from central: https://repo.maven.apache.org/maven2/org/apache/maven/shared/maven-shared-utils/0.1/maven-shared-utils-0.1.pom (4.0 kB at 92 kB/s)
[13f8cbfa-e3dc-49fe-9898-b19e94c1bc2b/Java 8]   | [INFO] Downloading from central: https://repo.maven.apache.org/maven2/org/apache/maven/shared/maven-shared-components/18/maven-shared-components-18.pom
[13f8cbfa-e3dc-49fe-9898-b19e94c1bc2b/Java 8]   | [INFO] Downloaded from central: https://repo.maven.apache.org/maven2/org/apache/maven/shared/maven-shared-components/18/maven-shared-components-18.pom (4.9 kB at 112 kB/s)
[13f8cbfa-e3dc-49fe-9898-b19e94c1bc2b/Java 8]   | [INFO] Downloading from central: https://repo.maven.apache.org/maven2/org/codehaus/plexus/plexus-component-annotations/1.5.5/plexus-component-annotations-1.5.5.pom
[13f8cbfa-e3dc-49fe-9898-b19e94c1bc2b/Java 8]   | [INFO] Downloaded from central: https://repo.maven.apache.org/maven2/org/codehaus/plexus/plexus-component-annotations/1.5.5/plexus-component-annotations-1.5.5.pom (815 B at 21 kB/s)
[13f8cbfa-e3dc-49fe-9898-b19e94c1bc2b/Java 8]   | [INFO] Downloading from central: https://repo.maven.apache.org/maven2/org/codehaus/plexus/plexus-containers/1.5.5/plexus-containers-1.5.5.pom
[13f8cbfa-e3dc-49fe-9898-b19e94c1bc2b/Java 8]   | [INFO] Downloaded from central: https://repo.maven.apache.org/maven2/org/codehaus/plexus/plexus-containers/1.5.5/plexus-containers-1.5.5.pom (4.2 kB at 73 kB/s)
[13f8cbfa-e3dc-49fe-9898-b19e94c1bc2b/Java 8]   | [INFO] Downloading from central: https://repo.maven.apache.org/maven2/org/codehaus/plexus/plexus/2.0.7/plexus-2.0.7.pom
[13f8cbfa-e3dc-49fe-9898-b19e94c1bc2b/Java 8]   | [INFO] Downloaded from central: https://repo.maven.apache.org/maven2/org/codehaus/plexus/plexus/2.0.7/plexus-2.0.7.pom (17 kB at 208 kB/s)
[13f8cbfa-e3dc-49fe-9898-b19e94c1bc2b/Java 8]   | [INFO] Downloading from central: https://repo.maven.apache.org/maven2/org/codehaus/plexus/plexus-compiler-api/2.5/plexus-compiler-api-2.5.pom
[13f8cbfa-e3dc-49fe-9898-b19e94c1bc2b/Java 8]   | [INFO] Downloaded from central: https://repo.maven.apache.org/maven2/org/codehaus/plexus/plexus-compiler-api/2.5/plexus-compiler-api-2.5.pom (865 B at 28 kB/s)
[13f8cbfa-e3dc-49fe-9898-b19e94c1bc2b/Java 8]   | [INFO] Downloading from central: https://repo.maven.apache.org/maven2/org/codehaus/plexus/plexus-compiler/2.5/plexus-compiler-2.5.pom
[13f8cbfa-e3dc-49fe-9898-b19e94c1bc2b/Java 8]   | [INFO] Downloaded from central: https://repo.maven.apache.org/maven2/org/codehaus/plexus/plexus-compiler/2.5/plexus-compiler-2.5.pom (5.3 kB at 124 kB/s)
[13f8cbfa-e3dc-49fe-9898-b19e94c1bc2b/Java 8]   | [INFO] Downloading from central: https://repo.maven.apache.org/maven2/org/codehaus/plexus/plexus-components/1.3.1/plexus-components-1.3.1.pom
[13f8cbfa-e3dc-49fe-9898-b19e94c1bc2b/Java 8]   | [INFO] Downloaded from central: https://repo.maven.apache.org/maven2/org/codehaus/plexus/plexus-components/1.3.1/plexus-components-1.3.1.pom (3.1 kB at 83 kB/s)
[13f8cbfa-e3dc-49fe-9898-b19e94c1bc2b/Java 8]   | [INFO] Downloading from central: https://repo.maven.apache.org/maven2/org/codehaus/plexus/plexus/3.3.1/plexus-3.3.1.pom
[13f8cbfa-e3dc-49fe-9898-b19e94c1bc2b/Java 8]   | [INFO] Downloaded from central: https://repo.maven.apache.org/maven2/org/codehaus/plexus/plexus/3.3.1/plexus-3.3.1.pom (20 kB at 284 kB/s)
[13f8cbfa-e3dc-49fe-9898-b19e94c1bc2b/Java 8]   | [INFO] Downloading from central: https://repo.maven.apache.org/maven2/org/sonatype/spice/spice-parent/17/spice-parent-17.pom
[13f8cbfa-e3dc-49fe-9898-b19e94c1bc2b/Java 8]   | [INFO] Downloaded from central: https://repo.maven.apache.org/maven2/org/sonatype/spice/spice-parent/17/spice-parent-17.pom (6.8 kB at 123 kB/s)
[13f8cbfa-e3dc-49fe-9898-b19e94c1bc2b/Java 8]   | [INFO] Downloading from central: https://repo.maven.apache.org/maven2/org/sonatype/forge/forge-parent/10/forge-parent-10.pom
[13f8cbfa-e3dc-49fe-9898-b19e94c1bc2b/Java 8]   | [INFO] Downloaded from central: https://repo.maven.apache.org/maven2/org/sonatype/forge/forge-parent/10/forge-parent-10.pom (14 kB at 289 kB/s)
[13f8cbfa-e3dc-49fe-9898-b19e94c1bc2b/Java 8]   | [INFO] Downloading from central: https://repo.maven.apache.org/maven2/org/codehaus/plexus/plexus-utils/3.0.10/plexus-utils-3.0.10.pom
[13f8cbfa-e3dc-49fe-9898-b19e94c1bc2b/Java 8]   | [INFO] Downloaded from central: https://repo.maven.apache.org/maven2/org/codehaus/plexus/plexus-utils/3.0.10/plexus-utils-3.0.10.pom (3.1 kB at 150 kB/s)
[13f8cbfa-e3dc-49fe-9898-b19e94c1bc2b/Java 8]   | [INFO] Downloading from central: https://repo.maven.apache.org/maven2/org/codehaus/plexus/plexus/3.3/plexus-3.3.pom
[13f8cbfa-e3dc-49fe-9898-b19e94c1bc2b/Java 8]   | [INFO] Downloaded from central: https://repo.maven.apache.org/maven2/org/codehaus/plexus/plexus/3.3/plexus-3.3.pom (20 kB at 311 kB/s)
[13f8cbfa-e3dc-49fe-9898-b19e94c1bc2b/Java 8]   | [INFO] Downloading from central: https://repo.maven.apache.org/maven2/org/codehaus/plexus/plexus-compiler-manager/2.5/plexus-compiler-manager-2.5.pom
[13f8cbfa-e3dc-49fe-9898-b19e94c1bc2b/Java 8]   | [INFO] Downloaded from central: https://repo.maven.apache.org/maven2/org/codehaus/plexus/plexus-compiler-manager/2.5/plexus-compiler-manager-2.5.pom (690 B at 21 kB/s)
[13f8cbfa-e3dc-49fe-9898-b19e94c1bc2b/Java 8]   | [INFO] Downloading from central: https://repo.maven.apache.org/maven2/org/codehaus/plexus/plexus-compiler-javac/2.5/plexus-compiler-javac-2.5.pom
[13f8cbfa-e3dc-49fe-9898-b19e94c1bc2b/Java 8]   | [INFO] Downloaded from central: https://repo.maven.apache.org/maven2/org/codehaus/plexus/plexus-compiler-javac/2.5/plexus-compiler-javac-2.5.pom (769 B at 23 kB/s)
[13f8cbfa-e3dc-49fe-9898-b19e94c1bc2b/Java 8]   | [INFO] Downloading from central: https://repo.maven.apache.org/maven2/org/codehaus/plexus/plexus-compilers/2.5/plexus-compilers-2.5.pom
[13f8cbfa-e3dc-49fe-9898-b19e94c1bc2b/Java 8]   | [INFO] Downloaded from central: https://repo.maven.apache.org/maven2/org/codehaus/plexus/plexus-compilers/2.5/plexus-compilers-2.5.pom (1.3 kB at 40 kB/s)
[13f8cbfa-e3dc-49fe-9898-b19e94c1bc2b/Java 8]   | [INFO] Downloading from central: https://repo.maven.apache.org/maven2/org/codehaus/plexus/plexus-container-default/1.5.5/plexus-container-default-1.5.5.pom
[13f8cbfa-e3dc-49fe-9898-b19e94c1bc2b/Java 8]   | [INFO] Downloaded from central: https://repo.maven.apache.org/maven2/org/codehaus/plexus/plexus-container-default/1.5.5/plexus-container-default-1.5.5.pom (2.8 kB at 92 kB/s)
[13f8cbfa-e3dc-49fe-9898-b19e94c1bc2b/Java 8]   | [INFO] Downloading from central: https://repo.maven.apache.org/maven2/org/codehaus/plexus/plexus-classworlds/2.2.2/plexus-classworlds-2.2.2.pom
[13f8cbfa-e3dc-49fe-9898-b19e94c1bc2b/Java 8]   | [INFO] Downloaded from central: https://repo.maven.apache.org/maven2/org/codehaus/plexus/plexus-classworlds/2.2.2/plexus-classworlds-2.2.2.pom (4.0 kB at 149 kB/s)
[13f8cbfa-e3dc-49fe-9898-b19e94c1bc2b/Java 8]   | [INFO] Downloading from central: https://repo.maven.apache.org/maven2/org/apache/xbean/xbean-reflect/3.4/xbean-reflect-3.4.pom
[13f8cbfa-e3dc-49fe-9898-b19e94c1bc2b/Java 8]   | [INFO] Downloaded from central: https://repo.maven.apache.org/maven2/org/apache/xbean/xbean-reflect/3.4/xbean-reflect-3.4.pom (2.8 kB at 100 kB/s)
[13f8cbfa-e3dc-49fe-9898-b19e94c1bc2b/Java 8]   | [INFO] Downloading from central: https://repo.maven.apache.org/maven2/org/apache/xbean/xbean/3.4/xbean-3.4.pom
[13f8cbfa-e3dc-49fe-9898-b19e94c1bc2b/Java 8]   | [INFO] Downloaded from central: https://repo.maven.apache.org/maven2/org/apache/xbean/xbean/3.4/xbean-3.4.pom (19 kB at 545 kB/s)
[13f8cbfa-e3dc-49fe-9898-b19e94c1bc2b/Java 8]   | [INFO] Downloading from central: https://repo.maven.apache.org/maven2/log4j/log4j/1.2.12/log4j-1.2.12.pom
[13f8cbfa-e3dc-49fe-9898-b19e94c1bc2b/Java 8]   | [INFO] Downloaded from central: https://repo.maven.apache.org/maven2/log4j/log4j/1.2.12/log4j-1.2.12.pom (145 B at 6.6 kB/s)
[13f8cbfa-e3dc-49fe-9898-b19e94c1bc2b/Java 8]   | [INFO] Downloading from central: https://repo.maven.apache.org/maven2/commons-logging/commons-logging-api/1.1/commons-logging-api-1.1.pom
[13f8cbfa-e3dc-49fe-9898-b19e94c1bc2b/Java 8]   | [INFO] Downloaded from central: https://repo.maven.apache.org/maven2/commons-logging/commons-logging-api/1.1/commons-logging-api-1.1.pom (5.3 kB at 243 kB/s)
[13f8cbfa-e3dc-49fe-9898-b19e94c1bc2b/Java 8]   | [INFO] Downloading from central: https://repo.maven.apache.org/maven2/com/google/collections/google-collections/1.0/google-collections-1.0.pom
[13f8cbfa-e3dc-49fe-9898-b19e94c1bc2b/Java 8]   | [INFO] Downloaded from central: https://repo.maven.apache.org/maven2/com/google/collections/google-collections/1.0/google-collections-1.0.pom (2.5 kB at 130 kB/s)
[13f8cbfa-e3dc-49fe-9898-b19e94c1bc2b/Java 8]   | [INFO] Downloading from central: https://repo.maven.apache.org/maven2/com/google/google/1/google-1.pom
[13f8cbfa-e3dc-49fe-9898-b19e94c1bc2b/Java 8]   | [INFO] Downloaded from central: https://repo.maven.apache.org/maven2/com/google/google/1/google-1.pom (1.6 kB at 78 kB/s)
[13f8cbfa-e3dc-49fe-9898-b19e94c1bc2b/Java 8]   | [INFO] Downloading from central: https://repo.maven.apache.org/maven2/junit/junit/3.8.2/junit-3.8.2.pom
[13f8cbfa-e3dc-49fe-9898-b19e94c1bc2b/Java 8]   | [INFO] Downloaded from central: https://repo.maven.apache.org/maven2/junit/junit/3.8.2/junit-3.8.2.pom (747 B at 37 kB/s)
[13f8cbfa-e3dc-49fe-9898-b19e94c1bc2b/Java 8]   | [INFO] Downloading from central: https://repo.maven.apache.org/maven2/org/apache/maven/maven-plugin-api/2.2.1/maven-plugin-api-2.2.1.jar
[13f8cbfa-e3dc-49fe-9898-b19e94c1bc2b/Java 8]   | [INFO] Downloading from central: https://repo.maven.apache.org/maven2/org/apache/maven/maven-artifact/2.2.1/maven-artifact-2.2.1.jar
[13f8cbfa-e3dc-49fe-9898-b19e94c1bc2b/Java 8]   | [INFO] Downloading from central: https://repo.maven.apache.org/maven2/org/codehaus/plexus/plexus-utils/1.5.15/plexus-utils-1.5.15.jar
[13f8cbfa-e3dc-49fe-9898-b19e94c1bc2b/Java 8]   | [INFO] Downloading from central: https://repo.maven.apache.org/maven2/org/apache/maven/maven-core/2.2.1/maven-core-2.2.1.jar
[13f8cbfa-e3dc-49fe-9898-b19e94c1bc2b/Java 8]   | [INFO] Downloading from central: https://repo.maven.apache.org/maven2/org/apache/maven/maven-settings/2.2.1/maven-settings-2.2.1.jar
[13f8cbfa-e3dc-49fe-9898-b19e94c1bc2b/Java 8]   | [INFO] Downloaded from central: https://repo.maven.apache.org/maven2/org/apache/maven/maven-artifact/2.2.1/maven-artifact-2.2.1.jar (80 kB at 2.9 MB/s)
[13f8cbfa-e3dc-49fe-9898-b19e94c1bc2b/Java 8]   | [INFO] Downloaded from central: https://repo.maven.apache.org/maven2/org/apache/maven/maven-settings/2.2.1/maven-settings-2.2.1.jar (49 kB at 1.8 MB/s)
[13f8cbfa-e3dc-49fe-9898-b19e94c1bc2b/Java 8]   | [INFO] Downloading from central: https://repo.maven.apache.org/maven2/org/codehaus/plexus/plexus-interpolation/1.11/plexus-interpolation-1.11.jar
[13f8cbfa-e3dc-49fe-9898-b19e94c1bc2b/Java 8]   | [INFO] Downloading from central: https://repo.maven.apache.org/maven2/org/apache/maven/maven-plugin-parameter-documenter/2.2.1/maven-plugin-parameter-documenter-2.2.1.jar
[13f8cbfa-e3dc-49fe-9898-b19e94c1bc2b/Java 8]   | [INFO] Downloaded from central: https://repo.maven.apache.org/maven2/org/apache/maven/maven-core/2.2.1/maven-core-2.2.1.jar (178 kB at 5.9 MB/s)
[13f8cbfa-e3dc-49fe-9898-b19e94c1bc2b/Java 8]   | [INFO] Downloading from central: https://repo.maven.apache.org/maven2/org/slf4j/slf4j-jdk14/1.5.6/slf4j-jdk14-1.5.6.jar
[13f8cbfa-e3dc-49fe-9898-b19e94c1bc2b/Java 8]   | [INFO] Downloaded from central: https://repo.maven.apache.org/maven2/org/apache/maven/maven-plugin-api/2.2.1/maven-plugin-api-2.2.1.jar (12 kB at 354 kB/s)
[13f8cbfa-e3dc-49fe-9898-b19e94c1bc2b/Java 8]   | [INFO] Downloading from central: https://repo.maven.apache.org/maven2/org/slf4j/slf4j-api/1.5.6/slf4j-api-1.5.6.jar
[13f8cbfa-e3dc-49fe-9898-b19e94c1bc2b/Java 8]   | [INFO] Downloaded from central: https://repo.maven.apache.org/maven2/org/codehaus/plexus/plexus-utils/1.5.15/plexus-utils-1.5.15.jar (228 kB at 5.7 MB/s)
[13f8cbfa-e3dc-49fe-9898-b19e94c1bc2b/Java 8]   | [INFO] Downloading from central: https://repo.maven.apache.org/maven2/org/slf4j/jcl-over-slf4j/1.5.6/jcl-over-slf4j-1.5.6.jar
[13f8cbfa-e3dc-49fe-9898-b19e94c1bc2b/Java 8]   | [INFO] Downloaded from central: https://repo.maven.apache.org/maven2/org/slf4j/slf4j-api/1.5.6/slf4j-api-1.5.6.jar (22 kB at 519 kB/s)
[13f8cbfa-e3dc-49fe-9898-b19e94c1bc2b/Java 8]   | [INFO] Downloaded from central: https://repo.maven.apache.org/maven2/org/codehaus/plexus/plexus-interpolation/1.11/plexus-interpolation-1.11.jar (51 kB at 1.2 MB/s)
[13f8cbfa-e3dc-49fe-9898-b19e94c1bc2b/Java 8]   | [INFO] Downloading from central: https://repo.maven.apache.org/maven2/org/apache/maven/maven-profile/2.2.1/maven-profile-2.2.1.jar
[13f8cbfa-e3dc-49fe-9898-b19e94c1bc2b/Java 8]   | [INFO] Downloading from central: https://repo.maven.apache.org/maven2/org/apache/maven/maven-model/2.2.1/maven-model-2.2.1.jar
[13f8cbfa-e3dc-49fe-9898-b19e94c1bc2b/Java 8]   | [INFO] Downloaded from central: https://repo.maven.apache.org/maven2/org/slf4j/slf4j-jdk14/1.5.6/slf4j-jdk14-1.5.6.jar (8.8 kB at 176 kB/s)
[13f8cbfa-e3dc-49fe-9898-b19e94c1bc2b/Java 8]   | [INFO] Downloading from central: https://repo.maven.apache.org/maven2/org/apache/maven/maven-repository-metadata/2.2.1/maven-repository-metadata-2.2.1.jar
[13f8cbfa-e3dc-49fe-9898-b19e94c1bc2b/Java 8]   | [INFO] Downloaded from central: https://repo.maven.apache.org/maven2/org/slf4j/jcl-over-slf4j/1.5.6/jcl-over-slf4j-1.5.6.jar (17 kB at 334 kB/s)
[13f8cbfa-e3dc-49fe-9898-b19e94c1bc2b/Java 8]   | [INFO] Downloading from central: https://repo.maven.apache.org/maven2/org/apache/maven/maven-error-diagnostics/2.2.1/maven-error-diagnostics-2.2.1.jar
[13f8cbfa-e3dc-49fe-9898-b19e94c1bc2b/Java 8]   | [INFO] Downloaded from central: https://repo.maven.apache.org/maven2/org/apache/maven/maven-plugin-parameter-documenter/2.2.1/maven-plugin-parameter-documenter-2.2.1.jar (22 kB at 403 kB/s)
[13f8cbfa-e3dc-49fe-9898-b19e94c1bc2b/Java 8]   | [INFO] Downloading from central: https://repo.maven.apache.org/maven2/org/apache/maven/maven-project/2.2.1/maven-project-2.2.1.jar
[13f8cbfa-e3dc-49fe-9898-b19e94c1bc2b/Java 8]   | [INFO] Downloaded from central: https://repo.maven.apache.org/maven2/org/apache/maven/maven-profile/2.2.1/maven-profile-2.2.1.jar (35 kB at 393 kB/s)
[13f8cbfa-e3dc-49fe-9898-b19e94c1bc2b/Java 8]   | [INFO] Downloaded from central: https://repo.maven.apache.org/maven2/org/apache/maven/maven-error-diagnostics/2.2.1/maven-error-diagnostics-2.2.1.jar (13 kB at 145 kB/s)
[13f8cbfa-e3dc-49fe-9898-b19e94c1bc2b/Java 8]   | [INFO] Downloaded from central: https://repo.maven.apache.org/maven2/org/apache/maven/maven-repository-metadata/2.2.1/maven-repository-metadata-2.2.1.jar (26 kB at 285 kB/s)
[13f8cbfa-e3dc-49fe-9898-b19e94c1bc2b/Java 8]   | [INFO] Downloading from central: https://repo.maven.apache.org/maven2/org/apache/maven/maven-plugin-registry/2.2.1/maven-plugin-registry-2.2.1.jar
[13f8cbfa-e3dc-49fe-9898-b19e94c1bc2b/Java 8]   | [INFO] Downloading from central: https://repo.maven.apache.org/maven2/org/apache/maven/maven-plugin-descriptor/2.2.1/maven-plugin-descriptor-2.2.1.jar
[13f8cbfa-e3dc-49fe-9898-b19e94c1bc2b/Java 8]   | [INFO] Downloading from central: https://repo.maven.apache.org/maven2/org/apache/maven/maven-artifact-manager/2.2.1/maven-artifact-manager-2.2.1.jar
[13f8cbfa-e3dc-49fe-9898-b19e94c1bc2b/Java 8]   | [INFO] Downloaded from central: https://repo.maven.apache.org/maven2/org/apache/maven/maven-project/2.2.1/maven-project-2.2.1.jar (156 kB at 1.4 MB/s)
[13f8cbfa-e3dc-49fe-9898-b19e94c1bc2b/Java 8]   | [INFO] Downloading from central: https://repo.maven.apache.org/maven2/backport-util-concurrent/backport-util-concurrent/3.1/backport-util-concurrent-3.1.jar
[13f8cbfa-e3dc-49fe-9898-b19e94c1bc2b/Java 8]   | [INFO] Downloaded from central: https://repo.maven.apache.org/maven2/org/apache/maven/maven-model/2.2.1/maven-model-2.2.1.jar (88 kB at 782 kB/s)
[13f8cbfa-e3dc-49fe-9898-b19e94c1bc2b/Java 8]   | [INFO] Downloading from central: https://repo.maven.apache.org/maven2/org/apache/maven/maven-monitor/2.2.1/maven-monitor-2.2.1.jar
[13f8cbfa-e3dc-49fe-9898-b19e94c1bc2b/Java 8]   | [INFO] Downloaded from central: https://repo.maven.apache.org/maven2/org/apache/maven/maven-plugin-descriptor/2.2.1/maven-plugin-descriptor-2.2.1.jar (39 kB at 339 kB/s)
[13f8cbfa-e3dc-49fe-9898-b19e94c1bc2b/Java 8]   | [INFO] Downloading from central: https://repo.maven.apache.org/maven2/org/sonatype/plexus/plexus-sec-dispatcher/1.3/plexus-sec-dispatcher-1.3.jar
[13f8cbfa-e3dc-49fe-9898-b19e94c1bc2b/Java 8]   | [INFO] Downloaded from central: https://repo.maven.apache.org/maven2/org/apache/maven/maven-artifact-manager/2.2.1/maven-artifact-manager-2.2.1.jar (68 kB at 554 kB/s)
[13f8cbfa-e3dc-49fe-9898-b19e94c1bc2b/Java 8]   | [INFO] Downloading from central: https://repo.maven.apache.org/maven2/org/sonatype/plexus/plexus-cipher/1.4/plexus-cipher-1.4.jar
[13f8cbfa-e3dc-49fe-9898-b19e94c1bc2b/Java 8]   | [INFO] Downloaded from central: https://repo.maven.apache.org/maven2/org/apache/maven/maven-plugin-registry/2.2.1/maven-plugin-registry-2.2.1.jar (30 kB at 240 kB/s)
[13f8cbfa-e3dc-49fe-9898-b19e94c1bc2b/Java 8]   | [INFO] Downloading from central: https://repo.maven.apache.org/maven2/org/apache/maven/maven-toolchain/2.2.1/maven-toolchain-2.2.1.jar
[13f8cbfa-e3dc-49fe-9898-b19e94c1bc2b/Java 8]   | [INFO] Downloaded from central: https://repo.maven.apache.org/maven2/org/apache/maven/maven-monitor/2.2.1/maven-monitor-2.2.1.jar (10 kB at 84 kB/s)
[13f8cbfa-e3dc-49fe-9898-b19e94c1bc2b/Java 8]   | [INFO] Downloading from central: https://repo.maven.apache.org/maven2/org/apache/maven/shared/maven-shared-utils/0.7/maven-shared-utils-0.7.jar
[13f8cbfa-e3dc-49fe-9898-b19e94c1bc2b/Java 8]   | [INFO] Downloaded from central: https://repo.maven.apache.org/maven2/org/sonatype/plexus/plexus-sec-dispatcher/1.3/plexus-sec-dispatcher-1.3.jar (29 kB at 221 kB/s)
[13f8cbfa-e3dc-49fe-9898-b19e94c1bc2b/Java 8]   | [INFO] Downloading from central: https://repo.maven.apache.org/maven2/com/google/code/findbugs/jsr305/2.0.1/jsr305-2.0.1.jar
[13f8cbfa-e3dc-49fe-9898-b19e94c1bc2b/Java 8]   | [INFO] Downloaded from central: https://repo.maven.apache.org/maven2/backport-util-concurrent/backport-util-concurrent/3.1/backport-util-concurrent-3.1.jar (332 kB at 2.4 MB/s)
[13f8cbfa-e3dc-49fe-9898-b19e94c1bc2b/Java 8]   | [INFO] Downloading from central: https://repo.maven.apache.org/maven2/org/apache/maven/shared/maven-shared-incremental/1.1/maven-shared-incremental-1.1.jar
[13f8cbfa-e3dc-49fe-9898-b19e94c1bc2b/Java 8]   | [INFO] Downloaded from central: https://repo.maven.apache.org/maven2/org/apache/maven/maven-toolchain/2.2.1/maven-toolchain-2.2.1.jar (38 kB at 269 kB/s)
[13f8cbfa-e3dc-49fe-9898-b19e94c1bc2b/Java 8]   | [INFO] Downloading from central: https://repo.maven.apache.org/maven2/org/codehaus/plexus/plexus-component-annotations/1.5.5/plexus-component-annotations-1.5.5.jar
[13f8cbfa-e3dc-49fe-9898-b19e94c1bc2b/Java 8]   | [INFO] Downloaded from central: https://repo.maven.apache.org/maven2/org/sonatype/plexus/plexus-cipher/1.4/plexus-cipher-1.4.jar (13 kB at 96 kB/s)
[13f8cbfa-e3dc-49fe-9898-b19e94c1bc2b/Java 8]   | [INFO] Downloading from central: https://repo.maven.apache.org/maven2/org/codehaus/plexus/plexus-compiler-api/2.5/plexus-compiler-api-2.5.jar
[13f8cbfa-e3dc-49fe-9898-b19e94c1bc2b/Java 8]   | [INFO] Downloaded from central: https://repo.maven.apache.org/maven2/com/google/code/findbugs/jsr305/2.0.1/jsr305-2.0.1.jar (32 kB at 218 kB/s)
[13f8cbfa-e3dc-49fe-9898-b19e94c1bc2b/Java 8]   | [INFO] Downloading from central: https://repo.maven.apache.org/maven2/org/codehaus/plexus/plexus-compiler-manager/2.5/plexus-compiler-manager-2.5.jar
[13f8cbfa-e3dc-49fe-9898-b19e94c1bc2b/Java 8]   | [INFO] Downloaded from central: https://repo.maven.apache.org/maven2/org/apache/maven/shared/maven-shared-incremental/1.1/maven-shared-incremental-1.1.jar (14 kB at 92 kB/s)
[13f8cbfa-e3dc-49fe-9898-b19e94c1bc2b/Java 8]   | [INFO] Downloading from central: https://repo.maven.apache.org/maven2/org/codehaus/plexus/plexus-compiler-javac/2.5/plexus-compiler-javac-2.5.jar
[13f8cbfa-e3dc-49fe-9898-b19e94c1bc2b/Java 8]   | [INFO] Downloaded from central: https://repo.maven.apache.org/maven2/org/codehaus/plexus/plexus-component-annotations/1.5.5/plexus-component-annotations-1.5.5.jar (4.2 kB at 28 kB/s)
[13f8cbfa-e3dc-49fe-9898-b19e94c1bc2b/Java 8]   | [INFO] Downloading from central: https://repo.maven.apache.org/maven2/org/codehaus/plexus/plexus-container-default/1.5.5/plexus-container-default-1.5.5.jar
[13f8cbfa-e3dc-49fe-9898-b19e94c1bc2b/Java 8]   | [INFO] Downloaded from central: https://repo.maven.apache.org/maven2/org/codehaus/plexus/plexus-compiler-api/2.5/plexus-compiler-api-2.5.jar (25 kB at 162 kB/s)
[13f8cbfa-e3dc-49fe-9898-b19e94c1bc2b/Java 8]   | [INFO] Downloading from central: https://repo.maven.apache.org/maven2/org/codehaus/plexus/plexus-classworlds/2.2.2/plexus-classworlds-2.2.2.jar
[13f8cbfa-e3dc-49fe-9898-b19e94c1bc2b/Java 8]   | [INFO] Downloaded from central: https://repo.maven.apache.org/maven2/org/codehaus/plexus/plexus-compiler-manager/2.5/plexus-compiler-manager-2.5.jar (4.6 kB at 24 kB/s)
[13f8cbfa-e3dc-49fe-9898-b19e94c1bc2b/Java 8]   | [INFO] Downloading from central: https://repo.maven.apache.org/maven2/org/apache/xbean/xbean-reflect/3.4/xbean-reflect-3.4.jar
[13f8cbfa-e3dc-49fe-9898-b19e94c1bc2b/Java 8]   | [INFO] Downloaded from central: https://repo.maven.apache.org/maven2/org/codehaus/plexus/plexus-compiler-javac/2.5/plexus-compiler-javac-2.5.jar (19 kB at 100 kB/s)
[13f8cbfa-e3dc-49fe-9898-b19e94c1bc2b/Java 8]   | [INFO] Downloading from central: https://repo.maven.apache.org/maven2/log4j/log4j/1.2.12/log4j-1.2.12.jar
[13f8cbfa-e3dc-49fe-9898-b19e94c1bc2b/Java 8]   | [INFO] Downloaded from central: https://repo.maven.apache.org/maven2/org/codehaus/plexus/plexus-container-default/1.5.5/plexus-container-default-1.5.5.jar (217 kB at 1.1 MB/s)
[13f8cbfa-e3dc-49fe-9898-b19e94c1bc2b/Java 8]   | [INFO] Downloading from central: https://repo.maven.apache.org/maven2/commons-logging/commons-logging-api/1.1/commons-logging-api-1.1.jar
[13f8cbfa-e3dc-49fe-9898-b19e94c1bc2b/Java 8]   | [INFO] Downloaded from central: https://repo.maven.apache.org/maven2/org/codehaus/plexus/plexus-classworlds/2.2.2/plexus-classworlds-2.2.2.jar (46 kB at 221 kB/s)
[13f8cbfa-e3dc-49fe-9898-b19e94c1bc2b/Java 8]   | [INFO] Downloading from central: https://repo.maven.apache.org/maven2/com/google/collections/google-collections/1.0/google-collections-1.0.jar
[13f8cbfa-e3dc-49fe-9898-b19e94c1bc2b/Java 8]   | [INFO] Downloaded from central: https://repo.maven.apache.org/maven2/org/apache/maven/shared/maven-shared-utils/0.7/maven-shared-utils-0.7.jar (170 kB at 777 kB/s)
[13f8cbfa-e3dc-49fe-9898-b19e94c1bc2b/Java 8]   | [INFO] Downloaded from central: https://repo.maven.apache.org/maven2/org/apache/xbean/xbean-reflect/3.4/xbean-reflect-3.4.jar (134 kB at 614 kB/s)
[13f8cbfa-e3dc-49fe-9898-b19e94c1bc2b/Java 8]   | [INFO] Downloaded from central: https://repo.maven.apache.org/maven2/log4j/log4j/1.2.12/log4j-1.2.12.jar (358 kB at 1.6 MB/s)
[13f8cbfa-e3dc-49fe-9898-b19e94c1bc2b/Java 8]   | [INFO] Downloading from central: https://repo.maven.apache.org/maven2/junit/junit/3.8.2/junit-3.8.2.jar
[13f8cbfa-e3dc-49fe-9898-b19e94c1bc2b/Java 8]   | [INFO] Downloaded from central: https://repo.maven.apache.org/maven2/commons-logging/commons-logging-api/1.1/commons-logging-api-1.1.jar (45 kB at 193 kB/s)
[13f8cbfa-e3dc-49fe-9898-b19e94c1bc2b/Java 8]   | [INFO] Downloaded from central: https://repo.maven.apache.org/maven2/junit/junit/3.8.2/junit-3.8.2.jar (121 kB at 490 kB/s)
[13f8cbfa-e3dc-49fe-9898-b19e94c1bc2b/Java 8]   | [INFO] Downloaded from central: https://repo.maven.apache.org/maven2/com/google/collections/google-collections/1.0/google-collections-1.0.jar (640 kB at 1.7 MB/s)
[13f8cbfa-e3dc-49fe-9898-b19e94c1bc2b/Java 8]   | [INFO] Changes detected - recompiling the module!
[13f8cbfa-e3dc-49fe-9898-b19e94c1bc2b/Java 8]   | [INFO] Compiling 61 source files to /tmp/b955085e-1dea-4c49-b7a7-978fcfcec972/target/classes
[13f8cbfa-e3dc-49fe-9898-b19e94c1bc2b/Java 8]   | [INFO] 
[13f8cbfa-e3dc-49fe-9898-b19e94c1bc2b/Java 8]   | [INFO] --- maven-resources-plugin:2.6:testResources (default-testResources) @ juniversalchardet ---
[13f8cbfa-e3dc-49fe-9898-b19e94c1bc2b/Java 8]   | [INFO] Using 'UTF-8' encoding to copy filtered resources.
[13f8cbfa-e3dc-49fe-9898-b19e94c1bc2b/Java 8]   | [INFO] Copying 8 resources
[13f8cbfa-e3dc-49fe-9898-b19e94c1bc2b/Java 8]   | [INFO] 
[13f8cbfa-e3dc-49fe-9898-b19e94c1bc2b/Java 8]   | [INFO] --- maven-compiler-plugin:3.3:testCompile (default-testCompile) @ juniversalchardet ---
[13f8cbfa-e3dc-49fe-9898-b19e94c1bc2b/Java 8]   | [INFO] Changes detected - recompiling the module!
[13f8cbfa-e3dc-49fe-9898-b19e94c1bc2b/Java 8]   | [INFO] Compiling 8 source files to /tmp/b955085e-1dea-4c49-b7a7-978fcfcec972/target/test-classes
[13f8cbfa-e3dc-49fe-9898-b19e94c1bc2b/Java 8]   | [INFO] 
[13f8cbfa-e3dc-49fe-9898-b19e94c1bc2b/Java 8]   | [INFO] --- maven-surefire-plugin:2.12.4:test (default-test) @ juniversalchardet ---
[13f8cbfa-e3dc-49fe-9898-b19e94c1bc2b/Java 8]   | [INFO] Downloading from central: https://repo.maven.apache.org/maven2/org/apache/maven/maven-plugin-api/2.0.9/maven-plugin-api-2.0.9.pom
[13f8cbfa-e3dc-49fe-9898-b19e94c1bc2b/Java 8]   | [INFO] Downloaded from central: https://repo.maven.apache.org/maven2/org/apache/maven/maven-plugin-api/2.0.9/maven-plugin-api-2.0.9.pom (1.5 kB at 52 kB/s)
[13f8cbfa-e3dc-49fe-9898-b19e94c1bc2b/Java 8]   | [INFO] Downloading from central: https://repo.maven.apache.org/maven2/org/apache/maven/maven/2.0.9/maven-2.0.9.pom
[13f8cbfa-e3dc-49fe-9898-b19e94c1bc2b/Java 8]   | [INFO] Downloaded from central: https://repo.maven.apache.org/maven2/org/apache/maven/maven/2.0.9/maven-2.0.9.pom (19 kB at 1.3 MB/s)
[13f8cbfa-e3dc-49fe-9898-b19e94c1bc2b/Java 8]   | [INFO] Downloading from central: https://repo.maven.apache.org/maven2/org/apache/maven/maven-parent/8/maven-parent-8.pom
[13f8cbfa-e3dc-49fe-9898-b19e94c1bc2b/Java 8]   | [INFO] Downloaded from central: https://repo.maven.apache.org/maven2/org/apache/maven/maven-parent/8/maven-parent-8.pom (24 kB at 1.3 MB/s)
[13f8cbfa-e3dc-49fe-9898-b19e94c1bc2b/Java 8]   | [INFO] Downloading from central: https://repo.maven.apache.org/maven2/org/apache/maven/surefire/surefire-booter/2.12.4/surefire-booter-2.12.4.pom
[13f8cbfa-e3dc-49fe-9898-b19e94c1bc2b/Java 8]   | [INFO] Downloaded from central: https://repo.maven.apache.org/maven2/org/apache/maven/surefire/surefire-booter/2.12.4/surefire-booter-2.12.4.pom (3.0 kB at 217 kB/s)
[13f8cbfa-e3dc-49fe-9898-b19e94c1bc2b/Java 8]   | [INFO] Downloading from central: https://repo.maven.apache.org/maven2/org/apache/maven/surefire/surefire-api/2.12.4/surefire-api-2.12.4.pom
[13f8cbfa-e3dc-49fe-9898-b19e94c1bc2b/Java 8]   | [INFO] Downloaded from central: https://repo.maven.apache.org/maven2/org/apache/maven/surefire/surefire-api/2.12.4/surefire-api-2.12.4.pom (2.5 kB at 125 kB/s)
[13f8cbfa-e3dc-49fe-9898-b19e94c1bc2b/Java 8]   | [INFO] Downloading from central: https://repo.maven.apache.org/maven2/org/apache/maven/surefire/maven-surefire-common/2.12.4/maven-surefire-common-2.12.4.pom
[13f8cbfa-e3dc-49fe-9898-b19e94c1bc2b/Java 8]   | [INFO] Downloaded from central: https://repo.maven.apache.org/maven2/org/apache/maven/surefire/maven-surefire-common/2.12.4/maven-surefire-common-2.12.4.pom (5.5 kB at 251 kB/s)
[13f8cbfa-e3dc-49fe-9898-b19e94c1bc2b/Java 8]   | [INFO] Downloading from central: https://repo.maven.apache.org/maven2/org/apache/maven/plugin-tools/maven-plugin-annotations/3.1/maven-plugin-annotations-3.1.pom
[13f8cbfa-e3dc-49fe-9898-b19e94c1bc2b/Java 8]   | [INFO] Downloaded from central: https://repo.maven.apache.org/maven2/org/apache/maven/plugin-tools/maven-plugin-annotations/3.1/maven-plugin-annotations-3.1.pom (1.6 kB at 85 kB/s)
[13f8cbfa-e3dc-49fe-9898-b19e94c1bc2b/Java 8]   | [INFO] Downloading from central: https://repo.maven.apache.org/maven2/org/apache/maven/plugin-tools/maven-plugin-tools/3.1/maven-plugin-tools-3.1.pom
[13f8cbfa-e3dc-49fe-9898-b19e94c1bc2b/Java 8]   | [INFO] Downloaded from central: https://repo.maven.apache.org/maven2/org/apache/maven/plugin-tools/maven-plugin-tools/3.1/maven-plugin-tools-3.1.pom (16 kB at 736 kB/s)
[13f8cbfa-e3dc-49fe-9898-b19e94c1bc2b/Java 8]   | [INFO] Downloading from central: https://repo.maven.apache.org/maven2/org/apache/maven/maven-artifact/2.0.9/maven-artifact-2.0.9.pom
[13f8cbfa-e3dc-49fe-9898-b19e94c1bc2b/Java 8]   | [INFO] Downloaded from central: https://repo.maven.apache.org/maven2/org/apache/maven/maven-artifact/2.0.9/maven-artifact-2.0.9.pom (1.6 kB at 74 kB/s)
[13f8cbfa-e3dc-49fe-9898-b19e94c1bc2b/Java 8]   | [INFO] Downloading from central: https://repo.maven.apache.org/maven2/org/codehaus/plexus/plexus-utils/3.0.8/plexus-utils-3.0.8.pom
[13f8cbfa-e3dc-49fe-9898-b19e94c1bc2b/Java 8]   | [INFO] Downloaded from central: https://repo.maven.apache.org/maven2/org/codehaus/plexus/plexus-utils/3.0.8/plexus-utils-3.0.8.pom (3.1 kB at 209 kB/s)
[13f8cbfa-e3dc-49fe-9898-b19e94c1bc2b/Java 8]   | [INFO] Downloading from central: https://repo.maven.apache.org/maven2/org/codehaus/plexus/plexus/3.2/plexus-3.2.pom
[13f8cbfa-e3dc-49fe-9898-b19e94c1bc2b/Java 8]   | [INFO] Downloaded from central: https://repo.maven.apache.org/maven2/org/codehaus/plexus/plexus/3.2/plexus-3.2.pom (19 kB at 1.0 MB/s)
[13f8cbfa-e3dc-49fe-9898-b19e94c1bc2b/Java 8]   | [INFO] Downloading from central: https://repo.maven.apache.org/maven2/org/apache/maven/maven-project/2.0.9/maven-project-2.0.9.pom
[13f8cbfa-e3dc-49fe-9898-b19e94c1bc2b/Java 8]   | [INFO] Downloaded from central: https://repo.maven.apache.org/maven2/org/apache/maven/maven-project/2.0.9/maven-project-2.0.9.pom (2.7 kB at 301 kB/s)
[13f8cbfa-e3dc-49fe-9898-b19e94c1bc2b/Java 8]   | [INFO] Downloading from central: https://repo.maven.apache.org/maven2/org/apache/maven/maven-settings/2.0.9/maven-settings-2.0.9.pom
[13f8cbfa-e3dc-49fe-9898-b19e94c1bc2b/Java 8]   | [INFO] Downloaded from central: https://repo.maven.apache.org/maven2/org/apache/maven/maven-settings/2.0.9/maven-settings-2.0.9.pom (2.1 kB at 98 kB/s)
[13f8cbfa-e3dc-49fe-9898-b19e94c1bc2b/Java 8]   | [INFO] Downloading from central: https://repo.maven.apache.org/maven2/org/apache/maven/maven-model/2.0.9/maven-model-2.0.9.pom
[13f8cbfa-e3dc-49fe-9898-b19e94c1bc2b/Java 8]   | [INFO] Downloaded from central: https://repo.maven.apache.org/maven2/org/apache/maven/maven-model/2.0.9/maven-model-2.0.9.pom (3.1 kB at 196 kB/s)
[13f8cbfa-e3dc-49fe-9898-b19e94c1bc2b/Java 8]   | [INFO] Downloading from central: https://repo.maven.apache.org/maven2/org/apache/maven/maven-profile/2.0.9/maven-profile-2.0.9.pom
[13f8cbfa-e3dc-49fe-9898-b19e94c1bc2b/Java 8]   | [INFO] Downloaded from central: https://repo.maven.apache.org/maven2/org/apache/maven/maven-profile/2.0.9/maven-profile-2.0.9.pom (2.0 kB at 114 kB/s)
[13f8cbfa-e3dc-49fe-9898-b19e94c1bc2b/Java 8]   | [INFO] Downloading from central: https://repo.maven.apache.org/maven2/org/apache/maven/maven-artifact-manager/2.0.9/maven-artifact-manager-2.0.9.pom
[13f8cbfa-e3dc-49fe-9898-b19e94c1bc2b/Java 8]   | [INFO] Downloaded from central: https://repo.maven.apache.org/maven2/org/apache/maven/maven-artifact-manager/2.0.9/maven-artifact-manager-2.0.9.pom (2.7 kB at 129 kB/s)
[13f8cbfa-e3dc-49fe-9898-b19e94c1bc2b/Java 8]   | [INFO] Downloading from central: https://repo.maven.apache.org/maven2/org/apache/maven/maven-repository-metadata/2.0.9/maven-repository-metadata-2.0.9.pom
[13f8cbfa-e3dc-49fe-9898-b19e94c1bc2b/Java 8]   | [INFO] Downloaded from central: https://repo.maven.apache.org/maven2/org/apache/maven/maven-repository-metadata/2.0.9/maven-repository-metadata-2.0.9.pom (1.9 kB at 83 kB/s)
[13f8cbfa-e3dc-49fe-9898-b19e94c1bc2b/Java 8]   | [INFO] Downloading from central: https://repo.maven.apache.org/maven2/org/apache/maven/maven-plugin-registry/2.0.9/maven-plugin-registry-2.0.9.pom
[13f8cbfa-e3dc-49fe-9898-b19e94c1bc2b/Java 8]   | [INFO] Downloaded from central: https://repo.maven.apache.org/maven2/org/apache/maven/maven-plugin-registry/2.0.9/maven-plugin-registry-2.0.9.pom (2.0 kB at 116 kB/s)
[13f8cbfa-e3dc-49fe-9898-b19e94c1bc2b/Java 8]   | [INFO] Downloading from central: https://repo.maven.apache.org/maven2/org/apache/maven/maven-core/2.0.9/maven-core-2.0.9.pom
[13f8cbfa-e3dc-49fe-9898-b19e94c1bc2b/Java 8]   | [INFO] Downloaded from central: https://repo.maven.apache.org/maven2/org/apache/maven/maven-core/2.0.9/maven-core-2.0.9.pom (7.8 kB at 599 kB/s)
[13f8cbfa-e3dc-49fe-9898-b19e94c1bc2b/Java 8]   | [INFO] Downloading from central: https://repo.maven.apache.org/maven2/org/apache/maven/maven-plugin-parameter-documenter/2.0.9/maven-plugin-parameter-documenter-2.0.9.pom
[13f8cbfa-e3dc-49fe-9898-b19e94c1bc2b/Java 8]   | [INFO] Downloaded from central: https://repo.maven.apache.org/maven2/org/apache/maven/maven-plugin-parameter-documenter/2.0.9/maven-plugin-parameter-documenter-2.0.9.pom (2.0 kB at 85 kB/s)
[13f8cbfa-e3dc-49fe-9898-b19e94c1bc2b/Java 8]   | [INFO] Downloading from central: https://repo.maven.apache.org/maven2/org/apache/maven/reporting/maven-reporting-api/2.0.9/maven-reporting-api-2.0.9.pom
[13f8cbfa-e3dc-49fe-9898-b19e94c1bc2b/Java 8]   | [INFO] Downloaded from central: https://repo.maven.apache.org/maven2/org/apache/maven/reporting/maven-reporting-api/2.0.9/maven-reporting-api-2.0.9.pom (1.8 kB at 90 kB/s)
[13f8cbfa-e3dc-49fe-9898-b19e94c1bc2b/Java 8]   | [INFO] Downloading from central: https://repo.maven.apache.org/maven2/org/apache/maven/reporting/maven-reporting/2.0.9/maven-reporting-2.0.9.pom
[13f8cbfa-e3dc-49fe-9898-b19e94c1bc2b/Java 8]   | [INFO] Downloaded from central: https://repo.maven.apache.org/maven2/org/apache/maven/reporting/maven-reporting/2.0.9/maven-reporting-2.0.9.pom (1.5 kB at 62 kB/s)
[13f8cbfa-e3dc-49fe-9898-b19e94c1bc2b/Java 8]   | [INFO] Downloading from central: https://repo.maven.apache.org/maven2/org/apache/maven/maven-error-diagnostics/2.0.9/maven-error-diagnostics-2.0.9.pom
[13f8cbfa-e3dc-49fe-9898-b19e94c1bc2b/Java 8]   | [INFO] Downloaded from central: https://repo.maven.apache.org/maven2/org/apache/maven/maven-error-diagnostics/2.0.9/maven-error-diagnostics-2.0.9.pom (1.7 kB at 109 kB/s)
[13f8cbfa-e3dc-49fe-9898-b19e94c1bc2b/Java 8]   | [INFO] Downloading from central: https://repo.maven.apache.org/maven2/org/apache/maven/maven-plugin-descriptor/2.0.9/maven-plugin-descriptor-2.0.9.pom
[13f8cbfa-e3dc-49fe-9898-b19e94c1bc2b/Java 8]   | [INFO] Downloaded from central: https://repo.maven.apache.org/maven2/org/apache/maven/maven-plugin-descriptor/2.0.9/maven-plugin-descriptor-2.0.9.pom (2.1 kB at 115 kB/s)
[13f8cbfa-e3dc-49fe-9898-b19e94c1bc2b/Java 8]   | [INFO] Downloading from central: https://repo.maven.apache.org/maven2/org/apache/maven/maven-monitor/2.0.9/maven-monitor-2.0.9.pom
[13f8cbfa-e3dc-49fe-9898-b19e94c1bc2b/Java 8]   | [INFO] Downloaded from central: https://repo.maven.apache.org/maven2/org/apache/maven/maven-monitor/2.0.9/maven-monitor-2.0.9.pom (1.3 kB at 61 kB/s)
[13f8cbfa-e3dc-49fe-9898-b19e94c1bc2b/Java 8]   | [INFO] Downloading from central: https://repo.maven.apache.org/maven2/org/apache/maven/maven-toolchain/2.0.9/maven-toolchain-2.0.9.pom
[13f8cbfa-e3dc-49fe-9898-b19e94c1bc2b/Java 8]   | [INFO] Downloaded from central: https://repo.maven.apache.org/maven2/org/apache/maven/maven-toolchain/2.0.9/maven-toolchain-2.0.9.pom (3.5 kB at 124 kB/s)
[13f8cbfa-e3dc-49fe-9898-b19e94c1bc2b/Java 8]   | [INFO] Downloading from central: https://repo.maven.apache.org/maven2/org/apache/commons/commons-lang3/3.1/commons-lang3-3.1.pom
[13f8cbfa-e3dc-49fe-9898-b19e94c1bc2b/Java 8]   | [INFO] Downloaded from central: https://repo.maven.apache.org/maven2/org/apache/commons/commons-lang3/3.1/commons-lang3-3.1.pom (17 kB at 796 kB/s)
[13f8cbfa-e3dc-49fe-9898-b19e94c1bc2b/Java 8]   | [INFO] Downloading from central: https://repo.maven.apache.org/maven2/org/apache/commons/commons-parent/22/commons-parent-22.pom
[13f8cbfa-e3dc-49fe-9898-b19e94c1bc2b/Java 8]   | [INFO] Downloaded from central: https://repo.maven.apache.org/maven2/org/apache/commons/commons-parent/22/commons-parent-22.pom (42 kB at 1.5 MB/s)
[13f8cbfa-e3dc-49fe-9898-b19e94c1bc2b/Java 8]   | [INFO] Downloading from central: https://repo.maven.apache.org/maven2/org/apache/apache/9/apache-9.pom
[13f8cbfa-e3dc-49fe-9898-b19e94c1bc2b/Java 8]   | [INFO] Downloaded from central: https://repo.maven.apache.org/maven2/org/apache/apache/9/apache-9.pom (15 kB at 1.0 MB/s)
[13f8cbfa-e3dc-49fe-9898-b19e94c1bc2b/Java 8]   | [INFO] Downloading from central: https://repo.maven.apache.org/maven2/org/apache/maven/shared/maven-common-artifact-filters/1.3/maven-common-artifact-filters-1.3.pom
[13f8cbfa-e3dc-49fe-9898-b19e94c1bc2b/Java 8]   | [INFO] Downloaded from central: https://repo.maven.apache.org/maven2/org/apache/maven/shared/maven-common-artifact-filters/1.3/maven-common-artifact-filters-1.3.pom (3.7 kB at 185 kB/s)
[13f8cbfa-e3dc-49fe-9898-b19e94c1bc2b/Java 8]   | [INFO] Downloading from central: https://repo.maven.apache.org/maven2/org/apache/maven/shared/maven-shared-components/12/maven-shared-components-12.pom
[13f8cbfa-e3dc-49fe-9898-b19e94c1bc2b/Java 8]   | [INFO] Downloaded from central: https://repo.maven.apache.org/maven2/org/apache/maven/shared/maven-shared-components/12/maven-shared-components-12.pom (9.3 kB at 622 kB/s)
[13f8cbfa-e3dc-49fe-9898-b19e94c1bc2b/Java 8]   | [INFO] Downloading from central: https://repo.maven.apache.org/maven2/org/apache/maven/maven-parent/13/maven-parent-13.pom
[13f8cbfa-e3dc-49fe-9898-b19e94c1bc2b/Java 8]   | [INFO] Downloaded from central: https://repo.maven.apache.org/maven2/org/apache/maven/maven-parent/13/maven-parent-13.pom (23 kB at 514 kB/s)
[13f8cbfa-e3dc-49fe-9898-b19e94c1bc2b/Java 8]   | [INFO] Downloading from central: https://repo.maven.apache.org/maven2/org/apache/apache/6/apache-6.pom
[13f8cbfa-e3dc-49fe-9898-b19e94c1bc2b/Java 8]   | [INFO] Downloaded from central: https://repo.maven.apache.org/maven2/org/apache/apache/6/apache-6.pom (13 kB at 512 kB/s)
[13f8cbfa-e3dc-49fe-9898-b19e94c1bc2b/Java 8]   | [INFO] Downloading from central: https://repo.maven.apache.org/maven2/org/codehaus/plexus/plexus-container-default/1.0-alpha-9/plexus-container-default-1.0-alpha-9.pom
[13f8cbfa-e3dc-49fe-9898-b19e94c1bc2b/Java 8]   | [INFO] Downloaded from central: https://repo.maven.apache.org/maven2/org/codehaus/plexus/plexus-container-default/1.0-alpha-9/plexus-container-default-1.0-alpha-9.pom (1.2 kB at 62 kB/s)
[13f8cbfa-e3dc-49fe-9898-b19e94c1bc2b/Java 8]   | [INFO] Downloading from central: https://repo.maven.apache.org/maven2/org/apache/maven/maven-plugin-api/2.0.9/maven-plugin-api-2.0.9.jar
[13f8cbfa-e3dc-49fe-9898-b19e94c1bc2b/Java 8]   | [INFO] Downloading from central: https://repo.maven.apache.org/maven2/org/apache/maven/surefire/surefire-booter/2.12.4/surefire-booter-2.12.4.jar
[13f8cbfa-e3dc-49fe-9898-b19e94c1bc2b/Java 8]   | [INFO] Downloading from central: https://repo.maven.apache.org/maven2/org/apache/maven/surefire/surefire-api/2.12.4/surefire-api-2.12.4.jar
[13f8cbfa-e3dc-49fe-9898-b19e94c1bc2b/Java 8]   | [INFO] Downloading from central: https://repo.maven.apache.org/maven2/org/apache/maven/surefire/maven-surefire-common/2.12.4/maven-surefire-common-2.12.4.jar
[13f8cbfa-e3dc-49fe-9898-b19e94c1bc2b/Java 8]   | [INFO] Downloading from central: https://repo.maven.apache.org/maven2/org/apache/commons/commons-lang3/3.1/commons-lang3-3.1.jar
[13f8cbfa-e3dc-49fe-9898-b19e94c1bc2b/Java 8]   | [INFO] Downloaded from central: https://repo.maven.apache.org/maven2/org/apache/maven/surefire/surefire-api/2.12.4/surefire-api-2.12.4.jar (118 kB at 3.8 MB/s)
[13f8cbfa-e3dc-49fe-9898-b19e94c1bc2b/Java 8]   | [INFO] Downloading from central: https://repo.maven.apache.org/maven2/org/apache/maven/shared/maven-common-artifact-filters/1.3/maven-common-artifact-filters-1.3.jar
[13f8cbfa-e3dc-49fe-9898-b19e94c1bc2b/Java 8]   | [INFO] Downloaded from central: https://repo.maven.apache.org/maven2/org/apache/commons/commons-lang3/3.1/commons-lang3-3.1.jar (316 kB at 7.2 MB/s)
[13f8cbfa-e3dc-49fe-9898-b19e94c1bc2b/Java 8]   | [INFO] Downloading from central: https://repo.maven.apache.org/maven2/org/codehaus/plexus/plexus-utils/3.0.8/plexus-utils-3.0.8.jar
[13f8cbfa-e3dc-49fe-9898-b19e94c1bc2b/Java 8]   | [INFO] Downloaded from central: https://repo.maven.apache.org/maven2/org/apache/maven/maven-plugin-api/2.0.9/maven-plugin-api-2.0.9.jar (13 kB at 269 kB/s)
[13f8cbfa-e3dc-49fe-9898-b19e94c1bc2b/Java 8]   | [INFO] Downloading from central: https://repo.maven.apache.org/maven2/org/apache/maven/maven-artifact/2.0.9/maven-artifact-2.0.9.jar
[13f8cbfa-e3dc-49fe-9898-b19e94c1bc2b/Java 8]   | [INFO] Downloaded from central: https://repo.maven.apache.org/maven2/org/apache/maven/surefire/surefire-booter/2.12.4/surefire-booter-2.12.4.jar (35 kB at 723 kB/s)
[13f8cbfa-e3dc-49fe-9898-b19e94c1bc2b/Java 8]   | [INFO] Downloading from central: https://repo.maven.apache.org/maven2/org/apache/maven/maven-project/2.0.9/maven-project-2.0.9.jar
[13f8cbfa-e3dc-49fe-9898-b19e94c1bc2b/Java 8]   | [INFO] Downloaded from central: https://repo.maven.apache.org/maven2/org/apache/maven/shared/maven-common-artifact-filters/1.3/maven-common-artifact-filters-1.3.jar (31 kB at 586 kB/s)
[13f8cbfa-e3dc-49fe-9898-b19e94c1bc2b/Java 8]   | [INFO] Downloading from central: https://repo.maven.apache.org/maven2/org/apache/maven/maven-settings/2.0.9/maven-settings-2.0.9.jar
[13f8cbfa-e3dc-49fe-9898-b19e94c1bc2b/Java 8]   | [INFO] Downloaded from central: https://repo.maven.apache.org/maven2/org/apache/maven/surefire/maven-surefire-common/2.12.4/maven-surefire-common-2.12.4.jar (263 kB at 4.4 MB/s)
[13f8cbfa-e3dc-49fe-9898-b19e94c1bc2b/Java 8]   | [INFO] Downloading from central: https://repo.maven.apache.org/maven2/org/apache/maven/maven-profile/2.0.9/maven-profile-2.0.9.jar
[13f8cbfa-e3dc-49fe-9898-b19e94c1bc2b/Java 8]   | [INFO] Downloaded from central: https://repo.maven.apache.org/maven2/org/apache/maven/maven-artifact/2.0.9/maven-artifact-2.0.9.jar (89 kB at 1.1 MB/s)
[13f8cbfa-e3dc-49fe-9898-b19e94c1bc2b/Java 8]   | [INFO] Downloading from central: https://repo.maven.apache.org/maven2/org/apache/maven/maven-model/2.0.9/maven-model-2.0.9.jar
[13f8cbfa-e3dc-49fe-9898-b19e94c1bc2b/Java 8]   | [INFO] Downloaded from central: https://repo.maven.apache.org/maven2/org/apache/maven/maven-project/2.0.9/maven-project-2.0.9.jar (122 kB at 1.5 MB/s)
[13f8cbfa-e3dc-49fe-9898-b19e94c1bc2b/Java 8]   | [INFO] Downloading from central: https://repo.maven.apache.org/maven2/org/apache/maven/maven-artifact-manager/2.0.9/maven-artifact-manager-2.0.9.jar
[13f8cbfa-e3dc-49fe-9898-b19e94c1bc2b/Java 8]   | [INFO] Downloaded from central: https://repo.maven.apache.org/maven2/org/codehaus/plexus/plexus-utils/3.0.8/plexus-utils-3.0.8.jar (232 kB at 2.4 MB/s)
[13f8cbfa-e3dc-49fe-9898-b19e94c1bc2b/Java 8]   | [INFO] Downloading from central: https://repo.maven.apache.org/maven2/org/apache/maven/maven-plugin-registry/2.0.9/maven-plugin-registry-2.0.9.jar
[13f8cbfa-e3dc-49fe-9898-b19e94c1bc2b/Java 8]   | [INFO] Downloaded from central: https://repo.maven.apache.org/maven2/org/apache/maven/maven-model/2.0.9/maven-model-2.0.9.jar (87 kB at 840 kB/s)
[13f8cbfa-e3dc-49fe-9898-b19e94c1bc2b/Java 8]   | [INFO] Downloading from central: https://repo.maven.apache.org/maven2/org/apache/maven/maven-core/2.0.9/maven-core-2.0.9.jar
[13f8cbfa-e3dc-49fe-9898-b19e94c1bc2b/Java 8]   | [INFO] Downloaded from central: https://repo.maven.apache.org/maven2/org/apache/maven/maven-settings/2.0.9/maven-settings-2.0.9.jar (49 kB at 442 kB/s)
[13f8cbfa-e3dc-49fe-9898-b19e94c1bc2b/Java 8]   | [INFO] Downloading from central: https://repo.maven.apache.org/maven2/org/apache/maven/maven-plugin-parameter-documenter/2.0.9/maven-plugin-parameter-documenter-2.0.9.jar
[13f8cbfa-e3dc-49fe-9898-b19e94c1bc2b/Java 8]   | [INFO] Downloaded from central: https://repo.maven.apache.org/maven2/org/apache/maven/maven-artifact-manager/2.0.9/maven-artifact-manager-2.0.9.jar (58 kB at 490 kB/s)
[13f8cbfa-e3dc-49fe-9898-b19e94c1bc2b/Java 8]   | [INFO] Downloading from central: https://repo.maven.apache.org/maven2/org/apache/maven/reporting/maven-reporting-api/2.0.9/maven-reporting-api-2.0.9.jar
[13f8cbfa-e3dc-49fe-9898-b19e94c1bc2b/Java 8]   | [INFO] Downloaded from central: https://repo.maven.apache.org/maven2/org/apache/maven/maven-profile/2.0.9/maven-profile-2.0.9.jar (35 kB at 295 kB/s)
[13f8cbfa-e3dc-49fe-9898-b19e94c1bc2b/Java 8]   | [INFO] Downloaded from central: https://repo.maven.apache.org/maven2/org/apache/maven/maven-plugin-registry/2.0.9/maven-plugin-registry-2.0.9.jar (29 kB at 244 kB/s)
[13f8cbfa-e3dc-49fe-9898-b19e94c1bc2b/Java 8]   | [INFO] Downloading from central: https://repo.maven.apache.org/maven2/org/apache/maven/maven-repository-metadata/2.0.9/maven-repository-metadata-2.0.9.jar
[13f8cbfa-e3dc-49fe-9898-b19e94c1bc2b/Java 8]   | [INFO] Downloading from central: https://repo.maven.apache.org/maven2/org/apache/maven/maven-error-diagnostics/2.0.9/maven-error-diagnostics-2.0.9.jar
[13f8cbfa-e3dc-49fe-9898-b19e94c1bc2b/Java 8]   | [INFO] Downloaded from central: https://repo.maven.apache.org/maven2/org/apache/maven/maven-plugin-parameter-documenter/2.0.9/maven-plugin-parameter-documenter-2.0.9.jar (21 kB at 147 kB/s)
[13f8cbfa-e3dc-49fe-9898-b19e94c1bc2b/Java 8]   | [INFO] Downloading from central: https://repo.maven.apache.org/maven2/org/apache/maven/maven-plugin-descriptor/2.0.9/maven-plugin-descriptor-2.0.9.jar
[13f8cbfa-e3dc-49fe-9898-b19e94c1bc2b/Java 8]   | [INFO] Downloaded from central: https://repo.maven.apache.org/maven2/org/apache/maven/maven-core/2.0.9/maven-core-2.0.9.jar (160 kB at 1.1 MB/s)
[13f8cbfa-e3dc-49fe-9898-b19e94c1bc2b/Java 8]   | [INFO] Downloading from central: https://repo.maven.apache.org/maven2/org/apache/maven/maven-monitor/2.0.9/maven-monitor-2.0.9.jar
[13f8cbfa-e3dc-49fe-9898-b19e94c1bc2b/Java 8]   | [INFO] Downloaded from central: https://repo.maven.apache.org/maven2/org/apache/maven/maven-repository-metadata/2.0.9/maven-repository-metadata-2.0.9.jar (25 kB at 163 kB/s)
[13f8cbfa-e3dc-49fe-9898-b19e94c1bc2b/Java 8]   | [INFO] Downloading from central: https://repo.maven.apache.org/maven2/org/apache/maven/maven-toolchain/2.0.9/maven-toolchain-2.0.9.jar
[13f8cbfa-e3dc-49fe-9898-b19e94c1bc2b/Java 8]   | [INFO] Downloaded from central: https://repo.maven.apache.org/maven2/org/apache/maven/maven-error-diagnostics/2.0.9/maven-error-diagnostics-2.0.9.jar (14 kB at 90 kB/s)
[13f8cbfa-e3dc-49fe-9898-b19e94c1bc2b/Java 8]   | [INFO] Downloading from central: https://repo.maven.apache.org/maven2/org/apache/maven/plugin-tools/maven-plugin-annotations/3.1/maven-plugin-annotations-3.1.jar
[13f8cbfa-e3dc-49fe-9898-b19e94c1bc2b/Java 8]   | [INFO] Downloaded from central: https://repo.maven.apache.org/maven2/org/apache/maven/maven-plugin-descriptor/2.0.9/maven-plugin-descriptor-2.0.9.jar (37 kB at 222 kB/s)
[13f8cbfa-e3dc-49fe-9898-b19e94c1bc2b/Java 8]   | [INFO] Downloaded from central: https://repo.maven.apache.org/maven2/org/apache/maven/maven-monitor/2.0.9/maven-monitor-2.0.9.jar (10 kB at 60 kB/s)
[13f8cbfa-e3dc-49fe-9898-b19e94c1bc2b/Java 8]   | [INFO] Downloaded from central: https://repo.maven.apache.org/maven2/org/apache/maven/reporting/maven-reporting-api/2.0.9/maven-reporting-api-2.0.9.jar (10 kB at 56 kB/s)
[13f8cbfa-e3dc-49fe-9898-b19e94c1bc2b/Java 8]   | [INFO] Downloaded from central: https://repo.maven.apache.org/maven2/org/apache/maven/maven-toolchain/2.0.9/maven-toolchain-2.0.9.jar (38 kB at 210 kB/s)
[13f8cbfa-e3dc-49fe-9898-b19e94c1bc2b/Java 8]   | [INFO] Downloaded from central: https://repo.maven.apache.org/maven2/org/apache/maven/plugin-tools/maven-plugin-annotations/3.1/maven-plugin-annotations-3.1.jar (14 kB at 77 kB/s)
[13f8cbfa-e3dc-49fe-9898-b19e94c1bc2b/Java 8]   | [INFO] Surefire report directory: /tmp/b955085e-1dea-4c49-b7a7-978fcfcec972/target/surefire-reports
[13f8cbfa-e3dc-49fe-9898-b19e94c1bc2b/Java 8]   | [INFO] Downloading from central: https://repo.maven.apache.org/maven2/org/apache/maven/surefire/surefire-junit4/2.12.4/surefire-junit4-2.12.4.pom
[13f8cbfa-e3dc-49fe-9898-b19e94c1bc2b/Java 8]   | [INFO] Downloaded from central: https://repo.maven.apache.org/maven2/org/apache/maven/surefire/surefire-junit4/2.12.4/surefire-junit4-2.12.4.pom (2.4 kB at 93 kB/s)
[13f8cbfa-e3dc-49fe-9898-b19e94c1bc2b/Java 8]   | [INFO] Downloading from central: https://repo.maven.apache.org/maven2/org/apache/maven/surefire/surefire-providers/2.12.4/surefire-providers-2.12.4.pom
[13f8cbfa-e3dc-49fe-9898-b19e94c1bc2b/Java 8]   | [INFO] Downloaded from central: https://repo.maven.apache.org/maven2/org/apache/maven/surefire/surefire-providers/2.12.4/surefire-providers-2.12.4.pom (2.3 kB at 87 kB/s)
[13f8cbfa-e3dc-49fe-9898-b19e94c1bc2b/Java 8]   | [INFO] Downloading from central: https://repo.maven.apache.org/maven2/org/apache/maven/surefire/surefire-junit4/2.12.4/surefire-junit4-2.12.4.jar
[13f8cbfa-e3dc-49fe-9898-b19e94c1bc2b/Java 8]   | [INFO] Downloaded from central: https://repo.maven.apache.org/maven2/org/apache/maven/surefire/surefire-junit4/2.12.4/surefire-junit4-2.12.4.jar (37 kB at 859 kB/s)
[13f8cbfa-e3dc-49fe-9898-b19e94c1bc2b/Java 8]   | 
[13f8cbfa-e3dc-49fe-9898-b19e94c1bc2b/Java 8]   | -------------------------------------------------------
[13f8cbfa-e3dc-49fe-9898-b19e94c1bc2b/Java 8]   |  T E S T S
[13f8cbfa-e3dc-49fe-9898-b19e94c1bc2b/Java 8]   | -------------------------------------------------------
[13f8cbfa-e3dc-49fe-9898-b19e94c1bc2b/Java 8]   | Running org.mozilla.universalchardet.GB18030SMFalsePositiveTest
[13f8cbfa-e3dc-49fe-9898-b19e94c1bc2b/Java 8]   | Tests run: 1, Failures: 0, Errors: 0, Skipped: 1, Time elapsed: 0.053 sec
[13f8cbfa-e3dc-49fe-9898-b19e94c1bc2b/Java 8]   | Running org.mozilla.universalchardet.TIS620BasicTest
[13f8cbfa-e3dc-49fe-9898-b19e94c1bc2b/Java 8]   | Tests run: 1, Failures: 0, Errors: 0, Skipped: 0, Time elapsed: 0.03 sec
[13f8cbfa-e3dc-49fe-9898-b19e94c1bc2b/Java 8]   | Running org.mozilla.universalchardet.BasicFileEncodingDetectionTest
[13f8cbfa-e3dc-49fe-9898-b19e94c1bc2b/Java 8]   | Tests run: 6, Failures: 0, Errors: 0, Skipped: 0, Time elapsed: 0.012 sec
[13f8cbfa-e3dc-49fe-9898-b19e94c1bc2b/Java 8]   | Running org.mozilla.universalchardet.Bug20LatinDetectedAsMaccyrillicTest
[13f8cbfa-e3dc-49fe-9898-b19e94c1bc2b/Java 8]   | Tests run: 3, Failures: 0, Errors: 0, Skipped: 2, Time elapsed: 0.003 sec
[13f8cbfa-e3dc-49fe-9898-b19e94c1bc2b/Java 8]   | Running org.mozilla.universalchardet.BasicStreamEncodingDetectionTest
[13f8cbfa-e3dc-49fe-9898-b19e94c1bc2b/Java 8]   | Tests run: 6, Failures: 0, Errors: 0, Skipped: 0, Time elapsed: 0.016 sec
[13f8cbfa-e3dc-49fe-9898-b19e94c1bc2b/Java 8]   | Running org.mozilla.universalchardet.prober.statemachine.PkgIntTest
[13f8cbfa-e3dc-49fe-9898-b19e94c1bc2b/Java 8]   | Tests run: 1, Failures: 0, Errors: 0, Skipped: 0, Time elapsed: 0 sec
[13f8cbfa-e3dc-49fe-9898-b19e94c1bc2b/Java 8]   | 
[13f8cbfa-e3dc-49fe-9898-b19e94c1bc2b/Java 8]   | Results :
[13f8cbfa-e3dc-49fe-9898-b19e94c1bc2b/Java 8]   | 
[13f8cbfa-e3dc-49fe-9898-b19e94c1bc2b/Java 8]   | Tests run: 18, Failures: 0, Errors: 0, Skipped: 3
[13f8cbfa-e3dc-49fe-9898-b19e94c1bc2b/Java 8]   | 
[13f8cbfa-e3dc-49fe-9898-b19e94c1bc2b/Java 8]   | [INFO] 
[13f8cbfa-e3dc-49fe-9898-b19e94c1bc2b/Java 8]   | [INFO] --- maven-jar-plugin:2.6:jar (default-jar) @ juniversalchardet ---
[13f8cbfa-e3dc-49fe-9898-b19e94c1bc2b/Java 8]   | [INFO] Downloading from central: https://repo.maven.apache.org/maven2/org/apache/maven/maven-archiver/2.6/maven-archiver-2.6.pom
[13f8cbfa-e3dc-49fe-9898-b19e94c1bc2b/Java 8]   | [INFO] Downloaded from central: https://repo.maven.apache.org/maven2/org/apache/maven/maven-archiver/2.6/maven-archiver-2.6.pom (4.3 kB at 196 kB/s)
[13f8cbfa-e3dc-49fe-9898-b19e94c1bc2b/Java 8]   | [INFO] Downloading from central: https://repo.maven.apache.org/maven2/org/codehaus/plexus/plexus-archiver/2.8.1/plexus-archiver-2.8.1.pom
[13f8cbfa-e3dc-49fe-9898-b19e94c1bc2b/Java 8]   | [INFO] Downloaded from central: https://repo.maven.apache.org/maven2/org/codehaus/plexus/plexus-archiver/2.8.1/plexus-archiver-2.8.1.pom (4.1 kB at 125 kB/s)
[13f8cbfa-e3dc-49fe-9898-b19e94c1bc2b/Java 8]   | [INFO] Downloading from central: https://repo.maven.apache.org/maven2/org/codehaus/plexus/plexus-components/1.3/plexus-components-1.3.pom
[13f8cbfa-e3dc-49fe-9898-b19e94c1bc2b/Java 8]   | [INFO] Downloaded from central: https://repo.maven.apache.org/maven2/org/codehaus/plexus/plexus-components/1.3/plexus-components-1.3.pom (3.1 kB at 109 kB/s)
[13f8cbfa-e3dc-49fe-9898-b19e94c1bc2b/Java 8]   | [INFO] Downloading from central: https://repo.maven.apache.org/maven2/org/codehaus/plexus/plexus-utils/3.0.20/plexus-utils-3.0.20.pom
[13f8cbfa-e3dc-49fe-9898-b19e94c1bc2b/Java 8]   | [INFO] Downloaded from central: https://repo.maven.apache.org/maven2/org/codehaus/plexus/plexus-utils/3.0.20/plexus-utils-3.0.20.pom (3.8 kB at 224 kB/s)
[13f8cbfa-e3dc-49fe-9898-b19e94c1bc2b/Java 8]   | [INFO] Downloading from central: https://repo.maven.apache.org/maven2/org/codehaus/plexus/plexus-io/2.3.2/plexus-io-2.3.2.pom
[13f8cbfa-e3dc-49fe-9898-b19e94c1bc2b/Java 8]   | [INFO] Downloaded from central: https://repo.maven.apache.org/maven2/org/codehaus/plexus/plexus-io/2.3.2/plexus-io-2.3.2.pom (2.7 kB at 98 kB/s)
[13f8cbfa-e3dc-49fe-9898-b19e94c1bc2b/Java 8]   | [INFO] Downloading from central: https://repo.maven.apache.org/maven2/org/codehaus/plexus/plexus-components/1.2/plexus-components-1.2.pom
[13f8cbfa-e3dc-49fe-9898-b19e94c1bc2b/Java 8]   | [INFO] Downloaded from central: https://repo.maven.apache.org/maven2/org/codehaus/plexus/plexus-components/1.2/plexus-components-1.2.pom (3.1 kB at 306 kB/s)
[13f8cbfa-e3dc-49fe-9898-b19e94c1bc2b/Java 8]   | [INFO] Downloading from central: https://repo.maven.apache.org/maven2/org/apache/commons/commons-compress/1.9/commons-compress-1.9.pom
[13f8cbfa-e3dc-49fe-9898-b19e94c1bc2b/Java 8]   | [INFO] Downloaded from central: https://repo.maven.apache.org/maven2/org/apache/commons/commons-compress/1.9/commons-compress-1.9.pom (11 kB at 318 kB/s)
[13f8cbfa-e3dc-49fe-9898-b19e94c1bc2b/Java 8]   | [INFO] Downloading from central: https://repo.maven.apache.org/maven2/org/apache/commons/commons-parent/34/commons-parent-34.pom
[13f8cbfa-e3dc-49fe-9898-b19e94c1bc2b/Java 8]   | [INFO] Downloaded from central: https://repo.maven.apache.org/maven2/org/apache/commons/commons-parent/34/commons-parent-34.pom (56 kB at 1.2 MB/s)
[13f8cbfa-e3dc-49fe-9898-b19e94c1bc2b/Java 8]   | [INFO] Downloading from central: https://repo.maven.apache.org/maven2/org/codehaus/plexus/plexus-interpolation/1.21/plexus-interpolation-1.21.pom
[13f8cbfa-e3dc-49fe-9898-b19e94c1bc2b/Java 8]   | [INFO] Downloaded from central: https://repo.maven.apache.org/maven2/org/codehaus/plexus/plexus-interpolation/1.21/plexus-interpolation-1.21.pom (1.5 kB at 57 kB/s)
[13f8cbfa-e3dc-49fe-9898-b19e94c1bc2b/Java 8]   | [INFO] Downloading from central: https://repo.maven.apache.org/maven2/org/codehaus/plexus/plexus-archiver/2.9/plexus-archiver-2.9.pom
[13f8cbfa-e3dc-49fe-9898-b19e94c1bc2b/Java 8]   | [INFO] Downloaded from central: https://repo.maven.apache.org/maven2/org/codehaus/plexus/plexus-archiver/2.9/plexus-archiver-2.9.pom (4.4 kB at 136 kB/s)
[13f8cbfa-e3dc-49fe-9898-b19e94c1bc2b/Java 8]   | [INFO] Downloading from central: https://repo.maven.apache.org/maven2/org/codehaus/plexus/plexus-io/2.4/plexus-io-2.4.pom
[13f8cbfa-e3dc-49fe-9898-b19e94c1bc2b/Java 8]   | [INFO] Downloaded from central: https://repo.maven.apache.org/maven2/org/codehaus/plexus/plexus-io/2.4/plexus-io-2.4.pom (3.7 kB at 149 kB/s)
[13f8cbfa-e3dc-49fe-9898-b19e94c1bc2b/Java 8]   | [INFO] Downloading from central: https://repo.maven.apache.org/maven2/commons-io/commons-io/2.2/commons-io-2.2.pom
[13f8cbfa-e3dc-49fe-9898-b19e94c1bc2b/Java 8]   | [INFO] Downloaded from central: https://repo.maven.apache.org/maven2/commons-io/commons-io/2.2/commons-io-2.2.pom (11 kB at 649 kB/s)
[13f8cbfa-e3dc-49fe-9898-b19e94c1bc2b/Java 8]   | [INFO] Downloading from central: https://repo.maven.apache.org/maven2/org/apache/commons/commons-parent/24/commons-parent-24.pom
[13f8cbfa-e3dc-49fe-9898-b19e94c1bc2b/Java 8]   | [INFO] Downloaded from central: https://repo.maven.apache.org/maven2/org/apache/commons/commons-parent/24/commons-parent-24.pom (47 kB at 1.6 MB/s)
[13f8cbfa-e3dc-49fe-9898-b19e94c1bc2b/Java 8]   | [INFO] Downloading from central: https://repo.maven.apache.org/maven2/org/apache/maven/doxia/doxia-sink-api/1.1/doxia-sink-api-1.1.jar
[13f8cbfa-e3dc-49fe-9898-b19e94c1bc2b/Java 8]   | [INFO] Downloading from central: https://repo.maven.apache.org/maven2/org/apache/maven/reporting/maven-reporting-api/2.2.1/maven-reporting-api-2.2.1.jar
[13f8cbfa-e3dc-49fe-9898-b19e94c1bc2b/Java 8]   | [INFO] Downloading from central: https://repo.maven.apache.org/maven2/org/apache/maven/doxia/doxia-logging-api/1.1/doxia-logging-api-1.1.jar
[13f8cbfa-e3dc-49fe-9898-b19e94c1bc2b/Java 8]   | [INFO] Downloading from central: https://repo.maven.apache.org/maven2/commons-cli/commons-cli/1.2/commons-cli-1.2.jar
[13f8cbfa-e3dc-49fe-9898-b19e94c1bc2b/Java 8]   | [INFO] Downloading from central: https://repo.maven.apache.org/maven2/org/apache/maven/maven-archiver/2.6/maven-archiver-2.6.jar
[13f8cbfa-e3dc-49fe-9898-b19e94c1bc2b/Java 8]   | [INFO] Downloaded from central: https://repo.maven.apache.org/maven2/commons-cli/commons-cli/1.2/commons-cli-1.2.jar (41 kB at 2.2 MB/s)
[13f8cbfa-e3dc-49fe-9898-b19e94c1bc2b/Java 8]   | [INFO] Downloaded from central: https://repo.maven.apache.org/maven2/org/apache/maven/reporting/maven-reporting-api/2.2.1/maven-reporting-api-2.2.1.jar (9.8 kB at 489 kB/s)
[13f8cbfa-e3dc-49fe-9898-b19e94c1bc2b/Java 8]   | [INFO] Downloading from central: https://repo.maven.apache.org/maven2/org/codehaus/plexus/plexus-utils/3.0.20/plexus-utils-3.0.20.jar
[13f8cbfa-e3dc-49fe-9898-b19e94c1bc2b/Java 8]   | [INFO] Downloading from central: https://repo.maven.apache.org/maven2/org/codehaus/plexus/plexus-archiver/2.9/plexus-archiver-2.9.jar
[13f8cbfa-e3dc-49fe-9898-b19e94c1bc2b/Java 8]   | [INFO] Downloaded from central: https://repo.maven.apache.org/maven2/org/apache/maven/doxia/doxia-logging-api/1.1/doxia-logging-api-1.1.jar (11 kB at 420 kB/s)
[13f8cbfa-e3dc-49fe-9898-b19e94c1bc2b/Java 8]   | [INFO] Downloading from central: https://repo.maven.apache.org/maven2/org/codehaus/plexus/plexus-io/2.4/plexus-io-2.4.jar
[13f8cbfa-e3dc-49fe-9898-b19e94c1bc2b/Java 8]   | [INFO] Downloaded from central: https://repo.maven.apache.org/maven2/org/apache/maven/doxia/doxia-sink-api/1.1/doxia-sink-api-1.1.jar (13 kB at 458 kB/s)
[13f8cbfa-e3dc-49fe-9898-b19e94c1bc2b/Java 8]   | [INFO] Downloading from central: https://repo.maven.apache.org/maven2/commons-io/commons-io/2.2/commons-io-2.2.jar
[13f8cbfa-e3dc-49fe-9898-b19e94c1bc2b/Java 8]   | [INFO] Downloaded from central: https://repo.maven.apache.org/maven2/org/apache/maven/maven-archiver/2.6/maven-archiver-2.6.jar (23 kB at 728 kB/s)
[13f8cbfa-e3dc-49fe-9898-b19e94c1bc2b/Java 8]   | [INFO] Downloading from central: https://repo.maven.apache.org/maven2/org/apache/commons/commons-compress/1.9/commons-compress-1.9.jar
[13f8cbfa-e3dc-49fe-9898-b19e94c1bc2b/Java 8]   | [INFO] Downloaded from central: https://repo.maven.apache.org/maven2/org/codehaus/plexus/plexus-utils/3.0.20/plexus-utils-3.0.20.jar (243 kB at 6.9 MB/s)
[13f8cbfa-e3dc-49fe-9898-b19e94c1bc2b/Java 8]   | [INFO] Downloaded from central: https://repo.maven.apache.org/maven2/org/codehaus/plexus/plexus-archiver/2.9/plexus-archiver-2.9.jar (145 kB at 3.5 MB/s)
[13f8cbfa-e3dc-49fe-9898-b19e94c1bc2b/Java 8]   | [INFO] Downloaded from central: https://repo.maven.apache.org/maven2/org/apache/commons/commons-compress/1.9/commons-compress-1.9.jar (378 kB at 6.8 MB/s)
[13f8cbfa-e3dc-49fe-9898-b19e94c1bc2b/Java 8]   | [INFO] Downloaded from central: https://repo.maven.apache.org/maven2/org/codehaus/plexus/plexus-io/2.4/plexus-io-2.4.jar (81 kB at 1.4 MB/s)
[13f8cbfa-e3dc-49fe-9898-b19e94c1bc2b/Java 8]   | [INFO] Downloaded from central: https://repo.maven.apache.org/maven2/commons-io/commons-io/2.2/commons-io-2.2.jar (174 kB at 2.8 MB/s)
[13f8cbfa-e3dc-49fe-9898-b19e94c1bc2b/Java 8]   | [INFO] Building jar: /tmp/b955085e-1dea-4c49-b7a7-978fcfcec972/target/juniversalchardet-2.0.0-SNAPSHOT.jar
[13f8cbfa-e3dc-49fe-9898-b19e94c1bc2b/Java 8]   | [INFO] 
[13f8cbfa-e3dc-49fe-9898-b19e94c1bc2b/Java 8]   | [INFO] >>> maven-source-plugin:2.4:jar (attach-sources) > generate-sources @ juniversalchardet >>>
[13f8cbfa-e3dc-49fe-9898-b19e94c1bc2b/Java 8]   | [INFO] 
[13f8cbfa-e3dc-49fe-9898-b19e94c1bc2b/Java 8]   | [INFO] <<< maven-source-plugin:2.4:jar (attach-sources) < generate-sources @ juniversalchardet <<<
[13f8cbfa-e3dc-49fe-9898-b19e94c1bc2b/Java 8]   | [INFO] 
[13f8cbfa-e3dc-49fe-9898-b19e94c1bc2b/Java 8]   | [INFO] 
[13f8cbfa-e3dc-49fe-9898-b19e94c1bc2b/Java 8]   | [INFO] --- maven-source-plugin:2.4:jar (attach-sources) @ juniversalchardet ---
[13f8cbfa-e3dc-49fe-9898-b19e94c1bc2b/Java 8]   | [INFO] Downloading from central: https://repo.maven.apache.org/maven2/org/apache/maven/maven-archiver/2.5/maven-archiver-2.5.pom
[13f8cbfa-e3dc-49fe-9898-b19e94c1bc2b/Java 8]   | [INFO] Downloaded from central: https://repo.maven.apache.org/maven2/org/apache/maven/maven-archiver/2.5/maven-archiver-2.5.pom (4.5 kB at 413 kB/s)
[13f8cbfa-e3dc-49fe-9898-b19e94c1bc2b/Java 8]   | [INFO] Downloading from central: https://repo.maven.apache.org/maven2/org/codehaus/plexus/plexus-archiver/2.1/plexus-archiver-2.1.pom
[13f8cbfa-e3dc-49fe-9898-b19e94c1bc2b/Java 8]   | [INFO] Downloaded from central: https://repo.maven.apache.org/maven2/org/codehaus/plexus/plexus-archiver/2.1/plexus-archiver-2.1.pom (2.8 kB at 88 kB/s)
[13f8cbfa-e3dc-49fe-9898-b19e94c1bc2b/Java 8]   | [INFO] Downloading from central: https://repo.maven.apache.org/maven2/org/codehaus/plexus/plexus-io/2.0.2/plexus-io-2.0.2.pom
[13f8cbfa-e3dc-49fe-9898-b19e94c1bc2b/Java 8]   | [INFO] Downloaded from central: https://repo.maven.apache.org/maven2/org/codehaus/plexus/plexus-io/2.0.2/plexus-io-2.0.2.pom (1.7 kB at 91 kB/s)
[13f8cbfa-e3dc-49fe-9898-b19e94c1bc2b/Java 8]   | [INFO] Downloading from central: https://repo.maven.apache.org/maven2/org/codehaus/plexus/plexus-components/1.1.19/plexus-components-1.1.19.pom
[13f8cbfa-e3dc-49fe-9898-b19e94c1bc2b/Java 8]   | [INFO] Downloaded from central: https://repo.maven.apache.org/maven2/org/codehaus/plexus/plexus-components/1.1.19/plexus-components-1.1.19.pom (2.7 kB at 169 kB/s)
[13f8cbfa-e3dc-49fe-9898-b19e94c1bc2b/Java 8]   | [INFO] Downloading from central: https://repo.maven.apache.org/maven2/org/codehaus/plexus/plexus/3.0.1/plexus-3.0.1.pom
[13f8cbfa-e3dc-49fe-9898-b19e94c1bc2b/Java 8]   | [INFO] Downloaded from central: https://repo.maven.apache.org/maven2/org/codehaus/plexus/plexus/3.0.1/plexus-3.0.1.pom (19 kB at 1.2 MB/s)
[13f8cbfa-e3dc-49fe-9898-b19e94c1bc2b/Java 8]   | [INFO] Downloading from central: https://repo.maven.apache.org/maven2/org/codehaus/plexus/plexus-interpolation/1.15/plexus-interpolation-1.15.pom
[13f8cbfa-e3dc-49fe-9898-b19e94c1bc2b/Java 8]   | [INFO] Downloaded from central: https://repo.maven.apache.org/maven2/org/codehaus/plexus/plexus-interpolation/1.15/plexus-interpolation-1.15.pom (1.0 kB at 30 kB/s)
[13f8cbfa-e3dc-49fe-9898-b19e94c1bc2b/Java 8]   | [INFO] Downloading from central: https://repo.maven.apache.org/maven2/org/codehaus/plexus/plexus-archiver/2.6.3/plexus-archiver-2.6.3.pom
[13f8cbfa-e3dc-49fe-9898-b19e94c1bc2b/Java 8]   | [INFO] Downloaded from central: https://repo.maven.apache.org/maven2/org/codehaus/plexus/plexus-archiver/2.6.3/plexus-archiver-2.6.3.pom (3.6 kB at 148 kB/s)
[13f8cbfa-e3dc-49fe-9898-b19e94c1bc2b/Java 8]   | [INFO] Downloading from central: https://repo.maven.apache.org/maven2/org/codehaus/plexus/plexus-utils/3.0.18/plexus-utils-3.0.18.pom
[13f8cbfa-e3dc-49fe-9898-b19e94c1bc2b/Java 8]   | [INFO] Downloaded from central: https://repo.maven.apache.org/maven2/org/codehaus/plexus/plexus-utils/3.0.18/plexus-utils-3.0.18.pom (3.4 kB at 131 kB/s)
[13f8cbfa-e3dc-49fe-9898-b19e94c1bc2b/Java 8]   | [INFO] Downloading from central: https://repo.maven.apache.org/maven2/org/codehaus/plexus/plexus-io/2.1.3/plexus-io-2.1.3.pom
[13f8cbfa-e3dc-49fe-9898-b19e94c1bc2b/Java 8]   | [INFO] Downloaded from central: https://repo.maven.apache.org/maven2/org/codehaus/plexus/plexus-io/2.1.3/plexus-io-2.1.3.pom (2.2 kB at 40 kB/s)
[13f8cbfa-e3dc-49fe-9898-b19e94c1bc2b/Java 8]   | [INFO] Downloading from central: https://repo.maven.apache.org/maven2/org/apache/commons/commons-compress/1.8.1/commons-compress-1.8.1.pom
[13f8cbfa-e3dc-49fe-9898-b19e94c1bc2b/Java 8]   | [INFO] Downloaded from central: https://repo.maven.apache.org/maven2/org/apache/commons/commons-compress/1.8.1/commons-compress-1.8.1.pom (11 kB at 279 kB/s)
[13f8cbfa-e3dc-49fe-9898-b19e94c1bc2b/Java 8]   | [INFO] Downloading from central: https://repo.maven.apache.org/maven2/org/apache/commons/commons-parent/33/commons-parent-33.pom
[13f8cbfa-e3dc-49fe-9898-b19e94c1bc2b/Java 8]   | [INFO] Downloaded from central: https://repo.maven.apache.org/maven2/org/apache/commons/commons-parent/33/commons-parent-33.pom (53 kB at 1.9 MB/s)
[13f8cbfa-e3dc-49fe-9898-b19e94c1bc2b/Java 8]   | [INFO] Downloading from central: https://repo.maven.apache.org/maven2/classworlds/classworlds/1.1-alpha-2/classworlds-1.1-alpha-2.jar
[13f8cbfa-e3dc-49fe-9898-b19e94c1bc2b/Java 8]   | [INFO] Downloading from central: https://repo.maven.apache.org/maven2/org/apache/maven/maven-archiver/2.5/maven-archiver-2.5.jar
[13f8cbfa-e3dc-49fe-9898-b19e94c1bc2b/Java 8]   | [INFO] Downloading from central: https://repo.maven.apache.org/maven2/org/codehaus/plexus/plexus-archiver/2.6.3/plexus-archiver-2.6.3.jar
[13f8cbfa-e3dc-49fe-9898-b19e94c1bc2b/Java 8]   | [INFO] Downloading from central: https://repo.maven.apache.org/maven2/org/codehaus/plexus/plexus-io/2.1.3/plexus-io-2.1.3.jar
[13f8cbfa-e3dc-49fe-9898-b19e94c1bc2b/Java 8]   | [INFO] Downloading from central: https://repo.maven.apache.org/maven2/org/apache/commons/commons-compress/1.8.1/commons-compress-1.8.1.jar
[13f8cbfa-e3dc-49fe-9898-b19e94c1bc2b/Java 8]   | [INFO] Downloaded from central: https://repo.maven.apache.org/maven2/org/apache/maven/maven-archiver/2.5/maven-archiver-2.5.jar (22 kB at 1.2 MB/s)
[13f8cbfa-e3dc-49fe-9898-b19e94c1bc2b/Java 8]   | [INFO] Downloading from central: https://repo.maven.apache.org/maven2/org/codehaus/plexus/plexus-utils/3.0.18/plexus-utils-3.0.18.jar
[13f8cbfa-e3dc-49fe-9898-b19e94c1bc2b/Java 8]   | [INFO] Downloaded from central: https://repo.maven.apache.org/maven2/org/codehaus/plexus/plexus-io/2.1.3/plexus-io-2.1.3.jar (66 kB at 1.7 MB/s)
[13f8cbfa-e3dc-49fe-9898-b19e94c1bc2b/Java 8]   | [INFO] Downloaded from central: https://repo.maven.apache.org/maven2/classworlds/classworlds/1.1-alpha-2/classworlds-1.1-alpha-2.jar (38 kB at 798 kB/s)
[13f8cbfa-e3dc-49fe-9898-b19e94c1bc2b/Java 8]   | [INFO] Downloaded from central: https://repo.maven.apache.org/maven2/org/apache/commons/commons-compress/1.8.1/commons-compress-1.8.1.jar (366 kB at 7.8 MB/s)
[13f8cbfa-e3dc-49fe-9898-b19e94c1bc2b/Java 8]   | [INFO] Downloaded from central: https://repo.maven.apache.org/maven2/org/codehaus/plexus/plexus-archiver/2.6.3/plexus-archiver-2.6.3.jar (131 kB at 1.8 MB/s)
[13f8cbfa-e3dc-49fe-9898-b19e94c1bc2b/Java 8]   | [INFO] Downloaded from central: https://repo.maven.apache.org/maven2/org/codehaus/plexus/plexus-utils/3.0.18/plexus-utils-3.0.18.jar (243 kB at 3.1 MB/s)
[13f8cbfa-e3dc-49fe-9898-b19e94c1bc2b/Java 8]   | [INFO] Building jar: /tmp/b955085e-1dea-4c49-b7a7-978fcfcec972/target/juniversalchardet-2.0.0-SNAPSHOT-sources.jar
[13f8cbfa-e3dc-49fe-9898-b19e94c1bc2b/Java 8]   | [INFO] 
[13f8cbfa-e3dc-49fe-9898-b19e94c1bc2b/Java 8]   | [INFO] --- maven-javadoc-plugin:2.10.3:jar (attach-javadocs) @ juniversalchardet ---
[13f8cbfa-e3dc-49fe-9898-b19e94c1bc2b/Java 8]   | [INFO] Downloading from central: https://repo.maven.apache.org/maven2/org/apache/maven/reporting/maven-reporting-api/3.0/maven-reporting-api-3.0.pom
[13f8cbfa-e3dc-49fe-9898-b19e94c1bc2b/Java 8]   | [INFO] Downloaded from central: https://repo.maven.apache.org/maven2/org/apache/maven/reporting/maven-reporting-api/3.0/maven-reporting-api-3.0.pom (2.4 kB at 132 kB/s)
[13f8cbfa-e3dc-49fe-9898-b19e94c1bc2b/Java 8]   | [INFO] Downloading from central: https://repo.maven.apache.org/maven2/org/apache/maven/shared/maven-shared-components/15/maven-shared-components-15.pom
[13f8cbfa-e3dc-49fe-9898-b19e94c1bc2b/Java 8]   | [INFO] Downloaded from central: https://repo.maven.apache.org/maven2/org/apache/maven/shared/maven-shared-components/15/maven-shared-components-15.pom (9.3 kB at 622 kB/s)
[13f8cbfa-e3dc-49fe-9898-b19e94c1bc2b/Java 8]   | [INFO] Downloading from central: https://repo.maven.apache.org/maven2/org/apache/maven/maven-parent/16/maven-parent-16.pom
[13f8cbfa-e3dc-49fe-9898-b19e94c1bc2b/Java 8]   | [INFO] Downloaded from central: https://repo.maven.apache.org/maven2/org/apache/maven/maven-parent/16/maven-parent-16.pom (23 kB at 2.3 MB/s)
[13f8cbfa-e3dc-49fe-9898-b19e94c1bc2b/Java 8]   | [INFO] Downloading from central: https://repo.maven.apache.org/maven2/org/apache/apache/7/apache-7.pom
[13f8cbfa-e3dc-49fe-9898-b19e94c1bc2b/Java 8]   | [INFO] Downloaded from central: https://repo.maven.apache.org/maven2/org/apache/apache/7/apache-7.pom (14 kB at 1.2 MB/s)
[13f8cbfa-e3dc-49fe-9898-b19e94c1bc2b/Java 8]   | [INFO] Downloading from central: https://repo.maven.apache.org/maven2/org/apache/maven/doxia/doxia-sink-api/1.0/doxia-sink-api-1.0.pom
[13f8cbfa-e3dc-49fe-9898-b19e94c1bc2b/Java 8]   | [INFO] Downloaded from central: https://repo.maven.apache.org/maven2/org/apache/maven/doxia/doxia-sink-api/1.0/doxia-sink-api-1.0.pom (1.4 kB at 53 kB/s)
[13f8cbfa-e3dc-49fe-9898-b19e94c1bc2b/Java 8]   | [INFO] Downloading from central: https://repo.maven.apache.org/maven2/org/apache/maven/doxia/doxia/1.0/doxia-1.0.pom
[13f8cbfa-e3dc-49fe-9898-b19e94c1bc2b/Java 8]   | [INFO] Downloaded from central: https://repo.maven.apache.org/maven2/org/apache/maven/doxia/doxia/1.0/doxia-1.0.pom (9.6 kB at 742 kB/s)
[13f8cbfa-e3dc-49fe-9898-b19e94c1bc2b/Java 8]   | [INFO] Downloading from central: https://repo.maven.apache.org/maven2/org/apache/maven/maven-parent/10/maven-parent-10.pom
[13f8cbfa-e3dc-49fe-9898-b19e94c1bc2b/Java 8]   | [INFO] Downloaded from central: https://repo.maven.apache.org/maven2/org/apache/maven/maven-parent/10/maven-parent-10.pom (32 kB at 2.4 MB/s)
[13f8cbfa-e3dc-49fe-9898-b19e94c1bc2b/Java 8]   | [INFO] Downloading from central: https://repo.maven.apache.org/maven2/org/apache/maven/shared/maven-invoker/2.0.9/maven-invoker-2.0.9.pom
[13f8cbfa-e3dc-49fe-9898-b19e94c1bc2b/Java 8]   | [INFO] Downloaded from central: https://repo.maven.apache.org/maven2/org/apache/maven/shared/maven-invoker/2.0.9/maven-invoker-2.0.9.pom (5.8 kB at 578 kB/s)
[13f8cbfa-e3dc-49fe-9898-b19e94c1bc2b/Java 8]   | [INFO] Downloading from central: https://repo.maven.apache.org/maven2/org/apache/maven/shared/maven-shared-components/9/maven-shared-components-9.pom
[13f8cbfa-e3dc-49fe-9898-b19e94c1bc2b/Java 8]   | [INFO] Downloaded from central: https://repo.maven.apache.org/maven2/org/apache/maven/shared/maven-shared-components/9/maven-shared-components-9.pom (3.5 kB at 350 kB/s)
[13f8cbfa-e3dc-49fe-9898-b19e94c1bc2b/Java 8]   | [INFO] Downloading from central: https://repo.maven.apache.org/maven2/org/codehaus/plexus/plexus-utils/1.5.6/plexus-utils-1.5.6.pom
[13f8cbfa-e3dc-49fe-9898-b19e94c1bc2b/Java 8]   | [INFO] Downloaded from central: https://repo.maven.apache.org/maven2/org/codehaus/plexus/plexus-utils/1.5.6/plexus-utils-1.5.6.pom (5.3 kB at 589 kB/s)
[13f8cbfa-e3dc-49fe-9898-b19e94c1bc2b/Java 8]   | [INFO] Downloading from central: https://repo.maven.apache.org/maven2/org/codehaus/plexus/plexus/1.0.12/plexus-1.0.12.pom
[13f8cbfa-e3dc-49fe-9898-b19e94c1bc2b/Java 8]   | [INFO] Downloaded from central: https://repo.maven.apache.org/maven2/org/codehaus/plexus/plexus/1.0.12/plexus-1.0.12.pom (9.8 kB at 1.4 MB/s)
[13f8cbfa-e3dc-49fe-9898-b19e94c1bc2b/Java 8]   | [INFO] Downloading from central: https://repo.maven.apache.org/maven2/org/apache/maven/maven-artifact/2.0.8/maven-artifact-2.0.8.pom
[13f8cbfa-e3dc-49fe-9898-b19e94c1bc2b/Java 8]   | [INFO] Downloaded from central: https://repo.maven.apache.org/maven2/org/apache/maven/maven-artifact/2.0.8/maven-artifact-2.0.8.pom (1.6 kB at 147 kB/s)
[13f8cbfa-e3dc-49fe-9898-b19e94c1bc2b/Java 8]   | [INFO] Downloading from central: https://repo.maven.apache.org/maven2/org/apache/maven/maven/2.0.8/maven-2.0.8.pom
[13f8cbfa-e3dc-49fe-9898-b19e94c1bc2b/Java 8]   | [INFO] Downloaded from central: https://repo.maven.apache.org/maven2/org/apache/maven/maven/2.0.8/maven-2.0.8.pom (12 kB at 1.3 MB/s)
[13f8cbfa-e3dc-49fe-9898-b19e94c1bc2b/Java 8]   | [INFO] Downloading from central: https://repo.maven.apache.org/maven2/org/apache/maven/maven-parent/6/maven-parent-6.pom
[13f8cbfa-e3dc-49fe-9898-b19e94c1bc2b/Java 8]   | [INFO] Downloaded from central: https://repo.maven.apache.org/maven2/org/apache/maven/maven-parent/6/maven-parent-6.pom (20 kB at 607 kB/s)
[13f8cbfa-e3dc-49fe-9898-b19e94c1bc2b/Java 8]   | [INFO] Downloading from central: https://repo.maven.apache.org/maven2/org/codehaus/plexus/plexus-utils/1.4.6/plexus-utils-1.4.6.pom
[13f8cbfa-e3dc-49fe-9898-b19e94c1bc2b/Java 8]   | [INFO] Downloaded from central: https://repo.maven.apache.org/maven2/org/codehaus/plexus/plexus-utils/1.4.6/plexus-utils-1.4.6.pom (2.3 kB at 324 kB/s)
[13f8cbfa-e3dc-49fe-9898-b19e94c1bc2b/Java 8]   | [INFO] Downloading from central: https://repo.maven.apache.org/maven2/org/apache/maven/maven-model/2.0.8/maven-model-2.0.8.pom
[13f8cbfa-e3dc-49fe-9898-b19e94c1bc2b/Java 8]   | [INFO] Downloaded from central: https://repo.maven.apache.org/maven2/org/apache/maven/maven-model/2.0.8/maven-model-2.0.8.pom (3.1 kB at 392 kB/s)
[13f8cbfa-e3dc-49fe-9898-b19e94c1bc2b/Java 8]   | [INFO] Downloading from central: https://repo.maven.apache.org/maven2/org/apache/maven/maven-project/2.0.8/maven-project-2.0.8.pom
[13f8cbfa-e3dc-49fe-9898-b19e94c1bc2b/Java 8]   | [INFO] Downloaded from central: https://repo.maven.apache.org/maven2/org/apache/maven/maven-project/2.0.8/maven-project-2.0.8.pom (2.7 kB at 113 kB/s)
[13f8cbfa-e3dc-49fe-9898-b19e94c1bc2b/Java 8]   | [INFO] Downloading from central: https://repo.maven.apache.org/maven2/org/apache/maven/maven-settings/2.0.8/maven-settings-2.0.8.pom
[13f8cbfa-e3dc-49fe-9898-b19e94c1bc2b/Java 8]   | [INFO] Downloaded from central: https://repo.maven.apache.org/maven2/org/apache/maven/maven-settings/2.0.8/maven-settings-2.0.8.pom (2.1 kB at 129 kB/s)
[13f8cbfa-e3dc-49fe-9898-b19e94c1bc2b/Java 8]   | [INFO] Downloading from central: https://repo.maven.apache.org/maven2/org/apache/maven/maven-profile/2.0.8/maven-profile-2.0.8.pom
[13f8cbfa-e3dc-49fe-9898-b19e94c1bc2b/Java 8]   | [INFO] Downloaded from central: https://repo.maven.apache.org/maven2/org/apache/maven/maven-profile/2.0.8/maven-profile-2.0.8.pom (2.0 kB at 70 kB/s)
[13f8cbfa-e3dc-49fe-9898-b19e94c1bc2b/Java 8]   | [INFO] Downloading from central: https://repo.maven.apache.org/maven2/org/apache/maven/maven-artifact-manager/2.0.8/maven-artifact-manager-2.0.8.pom
[13f8cbfa-e3dc-49fe-9898-b19e94c1bc2b/Java 8]   | [INFO] Downloaded from central: https://repo.maven.apache.org/maven2/org/apache/maven/maven-artifact-manager/2.0.8/maven-artifact-manager-2.0.8.pom (2.7 kB at 150 kB/s)
[13f8cbfa-e3dc-49fe-9898-b19e94c1bc2b/Java 8]   | [INFO] Downloading from central: https://repo.maven.apache.org/maven2/org/apache/maven/maven-repository-metadata/2.0.8/maven-repository-metadata-2.0.8.pom
[13f8cbfa-e3dc-49fe-9898-b19e94c1bc2b/Java 8]   | [INFO] Downloaded from central: https://repo.maven.apache.org/maven2/org/apache/maven/maven-repository-metadata/2.0.8/maven-repository-metadata-2.0.8.pom (1.9 kB at 136 kB/s)
[13f8cbfa-e3dc-49fe-9898-b19e94c1bc2b/Java 8]   | [INFO] Downloading from central: https://repo.maven.apache.org/maven2/org/apache/maven/maven-plugin-registry/2.0.8/maven-plugin-registry-2.0.8.pom
[13f8cbfa-e3dc-49fe-9898-b19e94c1bc2b/Java 8]   | [INFO] Downloaded from central: https://repo.maven.apache.org/maven2/org/apache/maven/maven-plugin-registry/2.0.8/maven-plugin-registry-2.0.8.pom (2.0 kB at 118 kB/s)
[13f8cbfa-e3dc-49fe-9898-b19e94c1bc2b/Java 8]   | [INFO] Downloading from central: https://repo.maven.apache.org/maven2/org/apache/maven/maven-plugin-api/2.0.8/maven-plugin-api-2.0.8.pom
[13f8cbfa-e3dc-49fe-9898-b19e94c1bc2b/Java 8]   | [INFO] Downloaded from central: https://repo.maven.apache.org/maven2/org/apache/maven/maven-plugin-api/2.0.8/maven-plugin-api-2.0.8.pom (1.5 kB at 100 kB/s)
[13f8cbfa-e3dc-49fe-9898-b19e94c1bc2b/Java 8]   | [INFO] Downloading from central: https://repo.maven.apache.org/maven2/org/codehaus/plexus/plexus-utils/1.4.9/plexus-utils-1.4.9.pom
[13f8cbfa-e3dc-49fe-9898-b19e94c1bc2b/Java 8]   | [INFO] Downloaded from central: https://repo.maven.apache.org/maven2/org/codehaus/plexus/plexus-utils/1.4.9/plexus-utils-1.4.9.pom (2.3 kB at 33 kB/s)
[13f8cbfa-e3dc-49fe-9898-b19e94c1bc2b/Java 8]   | [INFO] Downloading from central: https://repo.maven.apache.org/maven2/org/apache/maven/doxia/doxia-sink-api/1.4/doxia-sink-api-1.4.pom
[13f8cbfa-e3dc-49fe-9898-b19e94c1bc2b/Java 8]   | [INFO] Downloaded from central: https://repo.maven.apache.org/maven2/org/apache/maven/doxia/doxia-sink-api/1.4/doxia-sink-api-1.4.pom (1.5 kB at 219 kB/s)
[13f8cbfa-e3dc-49fe-9898-b19e94c1bc2b/Java 8]   | [INFO] Downloading from central: https://repo.maven.apache.org/maven2/org/apache/maven/doxia/doxia/1.4/doxia-1.4.pom
[13f8cbfa-e3dc-49fe-9898-b19e94c1bc2b/Java 8]   | [INFO] Downloaded from central: https://repo.maven.apache.org/maven2/org/apache/maven/doxia/doxia/1.4/doxia-1.4.pom (18 kB at 2.0 MB/s)
[13f8cbfa-e3dc-49fe-9898-b19e94c1bc2b/Java 8]   | [INFO] Downloading from central: https://repo.maven.apache.org/maven2/org/apache/maven/doxia/doxia-logging-api/1.4/doxia-logging-api-1.4.pom
[13f8cbfa-e3dc-49fe-9898-b19e94c1bc2b/Java 8]   | [INFO] Downloaded from central: https://repo.maven.apache.org/maven2/org/apache/maven/doxia/doxia-logging-api/1.4/doxia-logging-api-1.4.pom (1.5 kB at 192 kB/s)
[13f8cbfa-e3dc-49fe-9898-b19e94c1bc2b/Java 8]   | [INFO] Downloading from central: https://repo.maven.apache.org/maven2/org/apache/maven/doxia/doxia-site-renderer/1.4/doxia-site-renderer-1.4.pom
[13f8cbfa-e3dc-49fe-9898-b19e94c1bc2b/Java 8]   | [INFO] Downloaded from central: https://repo.maven.apache.org/maven2/org/apache/maven/doxia/doxia-site-renderer/1.4/doxia-site-renderer-1.4.pom (6.1 kB at 611 kB/s)
[13f8cbfa-e3dc-49fe-9898-b19e94c1bc2b/Java 8]   | [INFO] Downloading from central: https://repo.maven.apache.org/maven2/org/apache/maven/doxia/doxia-sitetools/1.4/doxia-sitetools-1.4.pom
[13f8cbfa-e3dc-49fe-9898-b19e94c1bc2b/Java 8]   | [INFO] Downloaded from central: https://repo.maven.apache.org/maven2/org/apache/maven/doxia/doxia-sitetools/1.4/doxia-sitetools-1.4.pom (17 kB at 3.4 MB/s)
[13f8cbfa-e3dc-49fe-9898-b19e94c1bc2b/Java 8]   | [INFO] Downloading from central: https://repo.maven.apache.org/maven2/org/apache/maven/doxia/doxia-core/1.4/doxia-core-1.4.pom
[13f8cbfa-e3dc-49fe-9898-b19e94c1bc2b/Java 8]   | [INFO] Downloaded from central: https://repo.maven.apache.org/maven2/org/apache/maven/doxia/doxia-core/1.4/doxia-core-1.4.pom (4.1 kB at 452 kB/s)
[13f8cbfa-e3dc-49fe-9898-b19e94c1bc2b/Java 8]   | [INFO] Downloading from central: https://repo.maven.apache.org/maven2/xerces/xercesImpl/2.9.1/xercesImpl-2.9.1.pom
[13f8cbfa-e3dc-49fe-9898-b19e94c1bc2b/Java 8]   | [INFO] Downloaded from central: https://repo.maven.apache.org/maven2/xerces/xercesImpl/2.9.1/xercesImpl-2.9.1.pom (1.4 kB at 114 kB/s)
[13f8cbfa-e3dc-49fe-9898-b19e94c1bc2b/Java 8]   | [INFO] Downloading from central: https://repo.maven.apache.org/maven2/xml-apis/xml-apis/1.3.04/xml-apis-1.3.04.pom
[13f8cbfa-e3dc-49fe-9898-b19e94c1bc2b/Java 8]   | [INFO] Downloaded from central: https://repo.maven.apache.org/maven2/xml-apis/xml-apis/1.3.04/xml-apis-1.3.04.pom (1.8 kB at 182 kB/s)
[13f8cbfa-e3dc-49fe-9898-b19e94c1bc2b/Java 8]   | [INFO] Downloading from central: https://repo.maven.apache.org/maven2/commons-lang/commons-lang/2.4/commons-lang-2.4.pom
[13f8cbfa-e3dc-49fe-9898-b19e94c1bc2b/Java 8]   | [INFO] Downloaded from central: https://repo.maven.apache.org/maven2/commons-lang/commons-lang/2.4/commons-lang-2.4.pom (14 kB at 1.3 MB/s)
[13f8cbfa-e3dc-49fe-9898-b19e94c1bc2b/Java 8]   | [INFO] Downloading from central: https://repo.maven.apache.org/maven2/org/apache/commons/commons-parent/9/commons-parent-9.pom
[13f8cbfa-e3dc-49fe-9898-b19e94c1bc2b/Java 8]   | [INFO] Downloaded from central: https://repo.maven.apache.org/maven2/org/apache/commons/commons-parent/9/commons-parent-9.pom (22 kB at 1.5 MB/s)
[13f8cbfa-e3dc-49fe-9898-b19e94c1bc2b/Java 8]   | [INFO] Downloading from central: https://repo.maven.apache.org/maven2/org/apache/httpcomponents/httpclient/4.0.2/httpclient-4.0.2.pom
[13f8cbfa-e3dc-49fe-9898-b19e94c1bc2b/Java 8]   | [INFO] Downloaded from central: https://repo.maven.apache.org/maven2/org/apache/httpcomponents/httpclient/4.0.2/httpclient-4.0.2.pom (7.5 kB at 535 kB/s)
[13f8cbfa-e3dc-49fe-9898-b19e94c1bc2b/Java 8]   | [INFO] Downloading from central: https://repo.maven.apache.org/maven2/org/apache/httpcomponents/httpcomponents-client/4.0.2/httpcomponents-client-4.0.2.pom
[13f8cbfa-e3dc-49fe-9898-b19e94c1bc2b/Java 8]   | [INFO] Downloaded from central: https://repo.maven.apache.org/maven2/org/apache/httpcomponents/httpcomponents-client/4.0.2/httpcomponents-client-4.0.2.pom (9.0 kB at 897 kB/s)
[13f8cbfa-e3dc-49fe-9898-b19e94c1bc2b/Java 8]   | [INFO] Downloading from central: https://repo.maven.apache.org/maven2/org/apache/httpcomponents/project/4.1/project-4.1.pom
[13f8cbfa-e3dc-49fe-9898-b19e94c1bc2b/Java 8]   | [INFO] Downloaded from central: https://repo.maven.apache.org/maven2/org/apache/httpcomponents/project/4.1/project-4.1.pom (16 kB at 1.5 MB/s)
[13f8cbfa-e3dc-49fe-9898-b19e94c1bc2b/Java 8]   | [INFO] Downloading from central: https://repo.maven.apache.org/maven2/org/apache/httpcomponents/httpcore/4.0.1/httpcore-4.0.1.pom
[13f8cbfa-e3dc-49fe-9898-b19e94c1bc2b/Java 8]   | [INFO] Downloaded from central: https://repo.maven.apache.org/maven2/org/apache/httpcomponents/httpcore/4.0.1/httpcore-4.0.1.pom (4.9 kB at 444 kB/s)
[13f8cbfa-e3dc-49fe-9898-b19e94c1bc2b/Java 8]   | [INFO] Downloading from central: https://repo.maven.apache.org/maven2/org/apache/httpcomponents/httpcomponents-core/4.0.1/httpcomponents-core-4.0.1.pom
[13f8cbfa-e3dc-49fe-9898-b19e94c1bc2b/Java 8]   | [INFO] Downloaded from central: https://repo.maven.apache.org/maven2/org/apache/httpcomponents/httpcomponents-core/4.0.1/httpcomponents-core-4.0.1.pom (9.4 kB at 1.3 MB/s)
[13f8cbfa-e3dc-49fe-9898-b19e94c1bc2b/Java 8]   | [INFO] Downloading from central: https://repo.maven.apache.org/maven2/org/apache/httpcomponents/project/4.0/project-4.0.pom
[13f8cbfa-e3dc-49fe-9898-b19e94c1bc2b/Java 8]   | [INFO] Downloaded from central: https://repo.maven.apache.org/maven2/org/apache/httpcomponents/project/4.0/project-4.0.pom (13 kB at 1.9 MB/s)
[13f8cbfa-e3dc-49fe-9898-b19e94c1bc2b/Java 8]   | [INFO] Downloading from central: https://repo.maven.apache.org/maven2/commons-logging/commons-logging/1.1.1/commons-logging-1.1.1.pom
[13f8cbfa-e3dc-49fe-9898-b19e94c1bc2b/Java 8]   | [INFO] Downloaded from central: https://repo.maven.apache.org/maven2/commons-logging/commons-logging/1.1.1/commons-logging-1.1.1.pom (18 kB at 2.3 MB/s)
[13f8cbfa-e3dc-49fe-9898-b19e94c1bc2b/Java 8]   | [INFO] Downloading from central: https://repo.maven.apache.org/maven2/org/apache/commons/commons-parent/5/commons-parent-5.pom
[13f8cbfa-e3dc-49fe-9898-b19e94c1bc2b/Java 8]   | [INFO] Downloaded from central: https://repo.maven.apache.org/maven2/org/apache/commons/commons-parent/5/commons-parent-5.pom (16 kB at 1.8 MB/s)
[13f8cbfa-e3dc-49fe-9898-b19e94c1bc2b/Java 8]   | [INFO] Downloading from central: https://repo.maven.apache.org/maven2/commons-codec/commons-codec/1.3/commons-codec-1.3.pom
[13f8cbfa-e3dc-49fe-9898-b19e94c1bc2b/Java 8]   | [INFO] Downloaded from central: https://repo.maven.apache.org/maven2/commons-codec/commons-codec/1.3/commons-codec-1.3.pom (6.1 kB at 763 kB/s)
[13f8cbfa-e3dc-49fe-9898-b19e94c1bc2b/Java 8]   | [INFO] Downloading from central: https://repo.maven.apache.org/maven2/org/apache/maven/doxia/doxia-decoration-model/1.4/doxia-decoration-model-1.4.pom
[13f8cbfa-e3dc-49fe-9898-b19e94c1bc2b/Java 8]   | [INFO] Downloaded from central: https://repo.maven.apache.org/maven2/org/apache/maven/doxia/doxia-decoration-model/1.4/doxia-decoration-model-1.4.pom (2.7 kB at 206 kB/s)
[13f8cbfa-e3dc-49fe-9898-b19e94c1bc2b/Java 8]   | [INFO] Downloading from central: https://repo.maven.apache.org/maven2/org/apache/maven/doxia/doxia-module-xhtml/1.4/doxia-module-xhtml-1.4.pom
[13f8cbfa-e3dc-49fe-9898-b19e94c1bc2b/Java 8]   | [INFO] Downloaded from central: https://repo.maven.apache.org/maven2/org/apache/maven/doxia/doxia-module-xhtml/1.4/doxia-module-xhtml-1.4.pom (1.6 kB at 102 kB/s)
[13f8cbfa-e3dc-49fe-9898-b19e94c1bc2b/Java 8]   | [INFO] Downloading from central: https://repo.maven.apache.org/maven2/org/apache/maven/doxia/doxia-modules/1.4/doxia-modules-1.4.pom
[13f8cbfa-e3dc-49fe-9898-b19e94c1bc2b/Java 8]   | [INFO] Downloaded from central: https://repo.maven.apache.org/maven2/org/apache/maven/doxia/doxia-modules/1.4/doxia-modules-1.4.pom (2.6 kB at 291 kB/s)
[13f8cbfa-e3dc-49fe-9898-b19e94c1bc2b/Java 8]   | [INFO] Downloading from central: https://repo.maven.apache.org/maven2/org/apache/maven/doxia/doxia-module-fml/1.4/doxia-module-fml-1.4.pom
[13f8cbfa-e3dc-49fe-9898-b19e94c1bc2b/Java 8]   | [INFO] Downloaded from central: https://repo.maven.apache.org/maven2/org/apache/maven/doxia/doxia-module-fml/1.4/doxia-module-fml-1.4.pom (4.8 kB at 480 kB/s)
[13f8cbfa-e3dc-49fe-9898-b19e94c1bc2b/Java 8]   | [INFO] Downloading from central: https://repo.maven.apache.org/maven2/org/codehaus/plexus/plexus-i18n/1.0-beta-7/plexus-i18n-1.0-beta-7.pom
[13f8cbfa-e3dc-49fe-9898-b19e94c1bc2b/Java 8]   | [INFO] Downloaded from central: https://repo.maven.apache.org/maven2/org/codehaus/plexus/plexus-i18n/1.0-beta-7/plexus-i18n-1.0-beta-7.pom (1.1 kB at 118 kB/s)
[13f8cbfa-e3dc-49fe-9898-b19e94c1bc2b/Java 8]   | [INFO] Downloading from central: https://repo.maven.apache.org/maven2/org/codehaus/plexus/plexus-components/1.1.12/plexus-components-1.1.12.pom
[13f8cbfa-e3dc-49fe-9898-b19e94c1bc2b/Java 8]   | [INFO] Downloaded from central: https://repo.maven.apache.org/maven2/org/codehaus/plexus/plexus-components/1.1.12/plexus-components-1.1.12.pom (3.0 kB at 120 kB/s)
[13f8cbfa-e3dc-49fe-9898-b19e94c1bc2b/Java 8]   | [INFO] Downloading from central: https://repo.maven.apache.org/maven2/org/codehaus/plexus/plexus-velocity/1.1.7/plexus-velocity-1.1.7.pom
[13f8cbfa-e3dc-49fe-9898-b19e94c1bc2b/Java 8]   | [INFO] Downloaded from central: https://repo.maven.apache.org/maven2/org/codehaus/plexus/plexus-velocity/1.1.7/plexus-velocity-1.1.7.pom (2.0 kB at 245 kB/s)
[13f8cbfa-e3dc-49fe-9898-b19e94c1bc2b/Java 8]   | [INFO] Downloading from central: https://repo.maven.apache.org/maven2/org/codehaus/plexus/plexus-container-default/1.0-alpha-20/plexus-container-default-1.0-alpha-20.pom
[13f8cbfa-e3dc-49fe-9898-b19e94c1bc2b/Java 8]   | [INFO] Downloaded from central: https://repo.maven.apache.org/maven2/org/codehaus/plexus/plexus-container-default/1.0-alpha-20/plexus-container-default-1.0-alpha-20.pom (3.0 kB at 598 kB/s)
[13f8cbfa-e3dc-49fe-9898-b19e94c1bc2b/Java 8]   | [INFO] Downloading from central: https://repo.maven.apache.org/maven2/org/codehaus/plexus/plexus-containers/1.0-alpha-20/plexus-containers-1.0-alpha-20.pom
[13f8cbfa-e3dc-49fe-9898-b19e94c1bc2b/Java 8]   | [INFO] Downloaded from central: https://repo.maven.apache.org/maven2/org/codehaus/plexus/plexus-containers/1.0-alpha-20/plexus-containers-1.0-alpha-20.pom (1.9 kB at 51 kB/s)
[13f8cbfa-e3dc-49fe-9898-b19e94c1bc2b/Java 8]   | [INFO] Downloading from central: https://repo.maven.apache.org/maven2/org/codehaus/plexus/plexus-utils/1.3/plexus-utils-1.3.pom
[13f8cbfa-e3dc-49fe-9898-b19e94c1bc2b/Java 8]   | [INFO] Downloaded from central: https://repo.maven.apache.org/maven2/org/codehaus/plexus/plexus-utils/1.3/plexus-utils-1.3.pom (1.0 kB at 49 kB/s)
[13f8cbfa-e3dc-49fe-9898-b19e94c1bc2b/Java 8]   | [INFO] Downloading from central: https://repo.maven.apache.org/maven2/org/codehaus/plexus/plexus/1.0.8/plexus-1.0.8.pom
[13f8cbfa-e3dc-49fe-9898-b19e94c1bc2b/Java 8]   | [INFO] Downloaded from central: https://repo.maven.apache.org/maven2/org/codehaus/plexus/plexus/1.0.8/plexus-1.0.8.pom (7.2 kB at 1.0 MB/s)
[13f8cbfa-e3dc-49fe-9898-b19e94c1bc2b/Java 8]   | [INFO] Downloading from central: https://repo.maven.apache.org/maven2/org/codehaus/plexus/plexus-classworlds/1.2-alpha-7/plexus-classworlds-1.2-alpha-7.pom
[13f8cbfa-e3dc-49fe-9898-b19e94c1bc2b/Java 8]   | [INFO] Downloaded from central: https://repo.maven.apache.org/maven2/org/codehaus/plexus/plexus-classworlds/1.2-alpha-7/plexus-classworlds-1.2-alpha-7.pom (2.4 kB at 198 kB/s)
[13f8cbfa-e3dc-49fe-9898-b19e94c1bc2b/Java 8]   | [INFO] Downloading from central: https://repo.maven.apache.org/maven2/org/codehaus/plexus/plexus/1.0.9/plexus-1.0.9.pom
[13f8cbfa-e3dc-49fe-9898-b19e94c1bc2b/Java 8]   | [INFO] Downloaded from central: https://repo.maven.apache.org/maven2/org/codehaus/plexus/plexus/1.0.9/plexus-1.0.9.pom (7.7 kB at 853 kB/s)
[13f8cbfa-e3dc-49fe-9898-b19e94c1bc2b/Java 8]   | [INFO] Downloading from central: https://repo.maven.apache.org/maven2/org/apache/velocity/velocity/1.5/velocity-1.5.pom
[13f8cbfa-e3dc-49fe-9898-b19e94c1bc2b/Java 8]   | [INFO] Downloaded from central: https://repo.maven.apache.org/maven2/org/apache/velocity/velocity/1.5/velocity-1.5.pom (7.8 kB at 776 kB/s)
[13f8cbfa-e3dc-49fe-9898-b19e94c1bc2b/Java 8]   | [INFO] Downloading from central: https://repo.maven.apache.org/maven2/commons-collections/commons-collections/3.1/commons-collections-3.1.pom
[13f8cbfa-e3dc-49fe-9898-b19e94c1bc2b/Java 8]   | [INFO] Downloaded from central: https://repo.maven.apache.org/maven2/commons-collections/commons-collections/3.1/commons-collections-3.1.pom (6.1 kB at 507 kB/s)
[13f8cbfa-e3dc-49fe-9898-b19e94c1bc2b/Java 8]   | [INFO] Downloading from central: https://repo.maven.apache.org/maven2/commons-lang/commons-lang/2.1/commons-lang-2.1.pom
[13f8cbfa-e3dc-49fe-9898-b19e94c1bc2b/Java 8]   | [INFO] Downloaded from central: https://repo.maven.apache.org/maven2/commons-lang/commons-lang/2.1/commons-lang-2.1.pom (9.9 kB at 1.7 MB/s)
[13f8cbfa-e3dc-49fe-9898-b19e94c1bc2b/Java 8]   | [INFO] Downloading from central: https://repo.maven.apache.org/maven2/oro/oro/2.0.8/oro-2.0.8.pom
[13f8cbfa-e3dc-49fe-9898-b19e94c1bc2b/Java 8]   | [INFO] Downloaded from central: https://repo.maven.apache.org/maven2/oro/oro/2.0.8/oro-2.0.8.pom (140 B at 13 kB/s)
[13f8cbfa-e3dc-49fe-9898-b19e94c1bc2b/Java 8]   | [INFO] Downloading from central: https://repo.maven.apache.org/maven2/org/apache/velocity/velocity-tools/2.0/velocity-tools-2.0.pom
[13f8cbfa-e3dc-49fe-9898-b19e94c1bc2b/Java 8]   | [INFO] Downloaded from central: https://repo.maven.apache.org/maven2/org/apache/velocity/velocity-tools/2.0/velocity-tools-2.0.pom (18 kB at 1.4 MB/s)
[13f8cbfa-e3dc-49fe-9898-b19e94c1bc2b/Java 8]   | [INFO] Downloading from central: https://repo.maven.apache.org/maven2/commons-beanutils/commons-beanutils/1.7.0/commons-beanutils-1.7.0.pom
[13f8cbfa-e3dc-49fe-9898-b19e94c1bc2b/Java 8]   | [INFO] Downloaded from central: https://repo.maven.apache.org/maven2/commons-beanutils/commons-beanutils/1.7.0/commons-beanutils-1.7.0.pom (357 B at 14 kB/s)
[13f8cbfa-e3dc-49fe-9898-b19e94c1bc2b/Java 8]   | [INFO] Downloading from central: https://repo.maven.apache.org/maven2/commons-logging/commons-logging/1.0.3/commons-logging-1.0.3.pom
[13f8cbfa-e3dc-49fe-9898-b19e94c1bc2b/Java 8]   | [INFO] Downloaded from central: https://repo.maven.apache.org/maven2/commons-logging/commons-logging/1.0.3/commons-logging-1.0.3.pom (866 B at 144 kB/s)
[13f8cbfa-e3dc-49fe-9898-b19e94c1bc2b/Java 8]   | [INFO] Downloading from central: https://repo.maven.apache.org/maven2/commons-digester/commons-digester/1.8/commons-digester-1.8.pom
[13f8cbfa-e3dc-49fe-9898-b19e94c1bc2b/Java 8]   | [INFO] Downloaded from central: https://repo.maven.apache.org/maven2/commons-digester/commons-digester/1.8/commons-digester-1.8.pom (7.0 kB at 1.0 MB/s)
[13f8cbfa-e3dc-49fe-9898-b19e94c1bc2b/Java 8]   | [INFO] Downloading from central: https://repo.maven.apache.org/maven2/commons-logging/commons-logging/1.1/commons-logging-1.1.pom
[13f8cbfa-e3dc-49fe-9898-b19e94c1bc2b/Java 8]   | [INFO] Downloaded from central: https://repo.maven.apache.org/maven2/commons-logging/commons-logging/1.1/commons-logging-1.1.pom (6.2 kB at 1.0 MB/s)
[13f8cbfa-e3dc-49fe-9898-b19e94c1bc2b/Java 8]   | [INFO] Downloading from central: https://repo.maven.apache.org/maven2/logkit/logkit/1.0.1/logkit-1.0.1.pom
[13f8cbfa-e3dc-49fe-9898-b19e94c1bc2b/Java 8]   | [INFO] Downloaded from central: https://repo.maven.apache.org/maven2/logkit/logkit/1.0.1/logkit-1.0.1.pom (147 B at 8.2 kB/s)
[13f8cbfa-e3dc-49fe-9898-b19e94c1bc2b/Java 8]   | [INFO] Downloading from central: https://repo.maven.apache.org/maven2/avalon-framework/avalon-framework/4.1.3/avalon-framework-4.1.3.pom
[13f8cbfa-e3dc-49fe-9898-b19e94c1bc2b/Java 8]   | [INFO] Downloaded from central: https://repo.maven.apache.org/maven2/avalon-framework/avalon-framework/4.1.3/avalon-framework-4.1.3.pom (167 B at 17 kB/s)
[13f8cbfa-e3dc-49fe-9898-b19e94c1bc2b/Java 8]   | [INFO] Downloading from central: https://repo.maven.apache.org/maven2/javax/servlet/servlet-api/2.3/servlet-api-2.3.pom
[13f8cbfa-e3dc-49fe-9898-b19e94c1bc2b/Java 8]   | [INFO] Downloaded from central: https://repo.maven.apache.org/maven2/javax/servlet/servlet-api/2.3/servlet-api-2.3.pom (156 B at 5.6 kB/s)
[13f8cbfa-e3dc-49fe-9898-b19e94c1bc2b/Java 8]   | [INFO] Downloading from central: https://repo.maven.apache.org/maven2/commons-chain/commons-chain/1.1/commons-chain-1.1.pom
[13f8cbfa-e3dc-49fe-9898-b19e94c1bc2b/Java 8]   | [INFO] Downloaded from central: https://repo.maven.apache.org/maven2/commons-chain/commons-chain/1.1/commons-chain-1.1.pom (6.0 kB at 547 kB/s)
[13f8cbfa-e3dc-49fe-9898-b19e94c1bc2b/Java 8]   | [INFO] Downloading from central: https://repo.maven.apache.org/maven2/commons-digester/commons-digester/1.6/commons-digester-1.6.pom
[13f8cbfa-e3dc-49fe-9898-b19e94c1bc2b/Java 8]   | [INFO] Downloaded from central: https://repo.maven.apache.org/maven2/commons-digester/commons-digester/1.6/commons-digester-1.6.pom (974 B at 35 kB/s)
[13f8cbfa-e3dc-49fe-9898-b19e94c1bc2b/Java 8]   | [INFO] Downloading from central: https://repo.maven.apache.org/maven2/commons-beanutils/commons-beanutils/1.6/commons-beanutils-1.6.pom
[13f8cbfa-e3dc-49fe-9898-b19e94c1bc2b/Java 8]   | [INFO] Downloaded from central: https://repo.maven.apache.org/maven2/commons-beanutils/commons-beanutils/1.6/commons-beanutils-1.6.pom (2.3 kB at 462 kB/s)
[13f8cbfa-e3dc-49fe-9898-b19e94c1bc2b/Java 8]   | [INFO] Downloading from central: https://repo.maven.apache.org/maven2/commons-logging/commons-logging/1.0/commons-logging-1.0.pom
[13f8cbfa-e3dc-49fe-9898-b19e94c1bc2b/Java 8]   | [INFO] Downloaded from central: https://repo.maven.apache.org/maven2/commons-logging/commons-logging/1.0/commons-logging-1.0.pom (163 B at 23 kB/s)
[13f8cbfa-e3dc-49fe-9898-b19e94c1bc2b/Java 8]   | [INFO] Downloading from central: https://repo.maven.apache.org/maven2/commons-collections/commons-collections/2.0/commons-collections-2.0.pom
[13f8cbfa-e3dc-49fe-9898-b19e94c1bc2b/Java 8]   | [INFO] Downloaded from central: https://repo.maven.apache.org/maven2/commons-collections/commons-collections/2.0/commons-collections-2.0.pom (171 B at 8.6 kB/s)
[13f8cbfa-e3dc-49fe-9898-b19e94c1bc2b/Java 8]   | [INFO] Downloading from central: https://repo.maven.apache.org/maven2/commons-collections/commons-collections/2.1/commons-collections-2.1.pom
[13f8cbfa-e3dc-49fe-9898-b19e94c1bc2b/Java 8]   | [INFO] Downloaded from central: https://repo.maven.apache.org/maven2/commons-collections/commons-collections/2.1/commons-collections-2.1.pom (3.3 kB at 371 kB/s)
[13f8cbfa-e3dc-49fe-9898-b19e94c1bc2b/Java 8]   | [INFO] Downloading from central: https://repo.maven.apache.org/maven2/xml-apis/xml-apis/1.0.b2/xml-apis-1.0.b2.pom
[13f8cbfa-e3dc-49fe-9898-b19e94c1bc2b/Java 8]   | [INFO] Downloaded from central: https://repo.maven.apache.org/maven2/xml-apis/xml-apis/1.0.b2/xml-apis-1.0.b2.pom (2.2 kB at 204 kB/s)
[13f8cbfa-e3dc-49fe-9898-b19e94c1bc2b/Java 8]   | [INFO] Downloading from central: https://repo.maven.apache.org/maven2/commons-collections/commons-collections/3.2/commons-collections-3.2.pom
[13f8cbfa-e3dc-49fe-9898-b19e94c1bc2b/Java 8]   | [INFO] Downloaded from central: https://repo.maven.apache.org/maven2/commons-collections/commons-collections/3.2/commons-collections-3.2.pom (11 kB at 1.0 MB/s)
[13f8cbfa-e3dc-49fe-9898-b19e94c1bc2b/Java 8]   | [INFO] Downloading from central: https://repo.maven.apache.org/maven2/commons-validator/commons-validator/1.3.1/commons-validator-1.3.1.pom
[13f8cbfa-e3dc-49fe-9898-b19e94c1bc2b/Java 8]   | [INFO] Downloaded from central: https://repo.maven.apache.org/maven2/commons-validator/commons-validator/1.3.1/commons-validator-1.3.1.pom (9.0 kB at 451 kB/s)
[13f8cbfa-e3dc-49fe-9898-b19e94c1bc2b/Java 8]   | [INFO] Downloading from central: https://repo.maven.apache.org/maven2/commons-logging/commons-logging/1.0.4/commons-logging-1.0.4.pom
[13f8cbfa-e3dc-49fe-9898-b19e94c1bc2b/Java 8]   | [INFO] Downloaded from central: https://repo.maven.apache.org/maven2/commons-logging/commons-logging/1.0.4/commons-logging-1.0.4.pom (5.3 kB at 251 kB/s)
[13f8cbfa-e3dc-49fe-9898-b19e94c1bc2b/Java 8]   | [INFO] Downloading from central: https://repo.maven.apache.org/maven2/dom4j/dom4j/1.1/dom4j-1.1.pom
[13f8cbfa-e3dc-49fe-9898-b19e94c1bc2b/Java 8]   | [INFO] Downloaded from central: https://repo.maven.apache.org/maven2/dom4j/dom4j/1.1/dom4j-1.1.pom (142 B at 8.9 kB/s)
[13f8cbfa-e3dc-49fe-9898-b19e94c1bc2b/Java 8]   | [INFO] Downloading from central: https://repo.maven.apache.org/maven2/sslext/sslext/1.2-0/sslext-1.2-0.pom
[13f8cbfa-e3dc-49fe-9898-b19e94c1bc2b/Java 8]   | [INFO] Downloaded from central: https://repo.maven.apache.org/maven2/sslext/sslext/1.2-0/sslext-1.2-0.pom (653 B at 54 kB/s)
[13f8cbfa-e3dc-49fe-9898-b19e94c1bc2b/Java 8]   | [INFO] Downloading from central: https://repo.maven.apache.org/maven2/org/apache/struts/struts-core/1.3.8/struts-core-1.3.8.pom
[13f8cbfa-e3dc-49fe-9898-b19e94c1bc2b/Java 8]   | [INFO] Downloaded from central: https://repo.maven.apache.org/maven2/org/apache/struts/struts-core/1.3.8/struts-core-1.3.8.pom (4.3 kB at 254 kB/s)
[13f8cbfa-e3dc-49fe-9898-b19e94c1bc2b/Java 8]   | [INFO] Downloading from central: https://repo.maven.apache.org/maven2/org/apache/struts/struts-parent/1.3.8/struts-parent-1.3.8.pom
[13f8cbfa-e3dc-49fe-9898-b19e94c1bc2b/Java 8]   | [INFO] Downloaded from central: https://repo.maven.apache.org/maven2/org/apache/struts/struts-parent/1.3.8/struts-parent-1.3.8.pom (9.8 kB at 492 kB/s)
[13f8cbfa-e3dc-49fe-9898-b19e94c1bc2b/Java 8]   | [INFO] Downloading from central: https://repo.maven.apache.org/maven2/org/apache/struts/struts-master/4/struts-master-4.pom
[13f8cbfa-e3dc-49fe-9898-b19e94c1bc2b/Java 8]   | [INFO] Downloaded from central: https://repo.maven.apache.org/maven2/org/apache/struts/struts-master/4/struts-master-4.pom (12 kB at 910 kB/s)
[13f8cbfa-e3dc-49fe-9898-b19e94c1bc2b/Java 8]   | [INFO] Downloading from central: https://repo.maven.apache.org/maven2/org/apache/apache/2/apache-2.pom
[13f8cbfa-e3dc-49fe-9898-b19e94c1bc2b/Java 8]   | [INFO] Downloaded from central: https://repo.maven.apache.org/maven2/org/apache/apache/2/apache-2.pom (3.4 kB at 227 kB/s)
[13f8cbfa-e3dc-49fe-9898-b19e94c1bc2b/Java 8]   | [INFO] Downloading from central: https://repo.maven.apache.org/maven2/antlr/antlr/2.7.2/antlr-2.7.2.pom
[13f8cbfa-e3dc-49fe-9898-b19e94c1bc2b/Java 8]   | [INFO] Downloaded from central: https://repo.maven.apache.org/maven2/antlr/antlr/2.7.2/antlr-2.7.2.pom (145 B at 16 kB/s)
[13f8cbfa-e3dc-49fe-9898-b19e94c1bc2b/Java 8]   | [INFO] Downloading from central: https://repo.maven.apache.org/maven2/org/apache/struts/struts-taglib/1.3.8/struts-taglib-1.3.8.pom
[13f8cbfa-e3dc-49fe-9898-b19e94c1bc2b/Java 8]   | [INFO] Downloaded from central: https://repo.maven.apache.org/maven2/org/apache/struts/struts-taglib/1.3.8/struts-taglib-1.3.8.pom (3.1 kB at 134 kB/s)
[13f8cbfa-e3dc-49fe-9898-b19e94c1bc2b/Java 8]   | [INFO] Downloading from central: https://repo.maven.apache.org/maven2/org/apache/struts/struts-tiles/1.3.8/struts-tiles-1.3.8.pom
[13f8cbfa-e3dc-49fe-9898-b19e94c1bc2b/Java 8]   | [INFO] Downloaded from central: https://repo.maven.apache.org/maven2/org/apache/struts/struts-tiles/1.3.8/struts-tiles-1.3.8.pom (2.9 kB at 223 kB/s)
[13f8cbfa-e3dc-49fe-9898-b19e94c1bc2b/Java 8]   | [INFO] Downloading from central: https://repo.maven.apache.org/maven2/org/apache/velocity/velocity/1.6.2/velocity-1.6.2.pom
[13f8cbfa-e3dc-49fe-9898-b19e94c1bc2b/Java 8]   | [INFO] Downloaded from central: https://repo.maven.apache.org/maven2/org/apache/velocity/velocity/1.6.2/velocity-1.6.2.pom (11 kB at 885 kB/s)
[13f8cbfa-e3dc-49fe-9898-b19e94c1bc2b/Java 8]   | [INFO] Downloading from central: https://repo.maven.apache.org/maven2/commons-collections/commons-collections/3.2.1/commons-collections-3.2.1.pom
[13f8cbfa-e3dc-49fe-9898-b19e94c1bc2b/Java 8]   | [INFO] Downloaded from central: https://repo.maven.apache.org/maven2/commons-collections/commons-collections/3.2.1/commons-collections-3.2.1.pom (13 kB at 2.1 MB/s)
[13f8cbfa-e3dc-49fe-9898-b19e94c1bc2b/Java 8]   | [INFO] Downloading from central: https://repo.maven.apache.org/maven2/org/apache/maven/wagon/wagon-provider-api/1.0-beta-6/wagon-provider-api-1.0-beta-6.pom
[13f8cbfa-e3dc-49fe-9898-b19e94c1bc2b/Java 8]   | [INFO] Downloaded from central: https://repo.maven.apache.org/maven2/org/apache/maven/wagon/wagon-provider-api/1.0-beta-6/wagon-provider-api-1.0-beta-6.pom (1.8 kB at 77 kB/s)
[13f8cbfa-e3dc-49fe-9898-b19e94c1bc2b/Java 8]   | [INFO] Downloading from central: https://repo.maven.apache.org/maven2/org/apache/maven/wagon/wagon/1.0-beta-6/wagon-1.0-beta-6.pom
[13f8cbfa-e3dc-49fe-9898-b19e94c1bc2b/Java 8]   | [INFO] Downloaded from central: https://repo.maven.apache.org/maven2/org/apache/maven/wagon/wagon/1.0-beta-6/wagon-1.0-beta-6.pom (12 kB at 688 kB/s)
[13f8cbfa-e3dc-49fe-9898-b19e94c1bc2b/Java 8]   | [INFO] Downloading from central: https://repo.maven.apache.org/maven2/org/codehaus/plexus/plexus-utils/1.4.2/plexus-utils-1.4.2.pom
[13f8cbfa-e3dc-49fe-9898-b19e94c1bc2b/Java 8]   | [INFO] Downloaded from central: https://repo.maven.apache.org/maven2/org/codehaus/plexus/plexus-utils/1.4.2/plexus-utils-1.4.2.pom (2.0 kB at 109 kB/s)
[13f8cbfa-e3dc-49fe-9898-b19e94c1bc2b/Java 8]   | [INFO] Downloading from central: https://repo.maven.apache.org/maven2/org/apache/httpcomponents/httpclient/4.2.3/httpclient-4.2.3.pom
[13f8cbfa-e3dc-49fe-9898-b19e94c1bc2b/Java 8]   | [INFO] Downloaded from central: https://repo.maven.apache.org/maven2/org/apache/httpcomponents/httpclient/4.2.3/httpclient-4.2.3.pom (5.9 kB at 257 kB/s)
[13f8cbfa-e3dc-49fe-9898-b19e94c1bc2b/Java 8]   | [INFO] Downloading from central: https://repo.maven.apache.org/maven2/org/apache/httpcomponents/httpcomponents-client/4.2.3/httpcomponents-client-4.2.3.pom
[13f8cbfa-e3dc-49fe-9898-b19e94c1bc2b/Java 8]   | [INFO] Downloaded from central: https://repo.maven.apache.org/maven2/org/apache/httpcomponents/httpcomponents-client/4.2.3/httpcomponents-client-4.2.3.pom (15 kB at 1.0 MB/s)
[13f8cbfa-e3dc-49fe-9898-b19e94c1bc2b/Java 8]   | [INFO] Downloading from central: https://repo.maven.apache.org/maven2/org/apache/httpcomponents/project/6/project-6.pom
[13f8cbfa-e3dc-49fe-9898-b19e94c1bc2b/Java 8]   | [INFO] Downloaded from central: https://repo.maven.apache.org/maven2/org/apache/httpcomponents/project/6/project-6.pom (24 kB at 2.0 MB/s)
[13f8cbfa-e3dc-49fe-9898-b19e94c1bc2b/Java 8]   | [INFO] Downloading from central: https://repo.maven.apache.org/maven2/org/apache/httpcomponents/httpcore/4.2.2/httpcore-4.2.2.pom
[13f8cbfa-e3dc-49fe-9898-b19e94c1bc2b/Java 8]   | [INFO] Downloaded from central: https://repo.maven.apache.org/maven2/org/apache/httpcomponents/httpcore/4.2.2/httpcore-4.2.2.pom (5.7 kB at 172 kB/s)
[13f8cbfa-e3dc-49fe-9898-b19e94c1bc2b/Java 8]   | [INFO] Downloading from central: https://repo.maven.apache.org/maven2/org/apache/httpcomponents/httpcomponents-core/4.2.2/httpcomponents-core-4.2.2.pom
[13f8cbfa-e3dc-49fe-9898-b19e94c1bc2b/Java 8]   | [INFO] Downloaded from central: https://repo.maven.apache.org/maven2/org/apache/httpcomponents/httpcomponents-core/4.2.2/httpcomponents-core-4.2.2.pom (11 kB at 425 kB/s)
[13f8cbfa-e3dc-49fe-9898-b19e94c1bc2b/Java 8]   | [INFO] Downloading from central: https://repo.maven.apache.org/maven2/commons-codec/commons-codec/1.6/commons-codec-1.6.pom
[13f8cbfa-e3dc-49fe-9898-b19e94c1bc2b/Java 8]   | [INFO] Downloaded from central: https://repo.maven.apache.org/maven2/commons-codec/commons-codec/1.6/commons-codec-1.6.pom (11 kB at 697 kB/s)
[13f8cbfa-e3dc-49fe-9898-b19e94c1bc2b/Java 8]   | [INFO] Downloading from central: https://repo.maven.apache.org/maven2/log4j/log4j/1.2.14/log4j-1.2.14.pom
[13f8cbfa-e3dc-49fe-9898-b19e94c1bc2b/Java 8]   | [INFO] Downloaded from central: https://repo.maven.apache.org/maven2/log4j/log4j/1.2.14/log4j-1.2.14.pom (2.4 kB at 198 kB/s)
[13f8cbfa-e3dc-49fe-9898-b19e94c1bc2b/Java 8]   | [INFO] Downloading from central: https://repo.maven.apache.org/maven2/com/thoughtworks/qdox/qdox/1.12.1/qdox-1.12.1.pom
[13f8cbfa-e3dc-49fe-9898-b19e94c1bc2b/Java 8]   | [INFO] Downloaded from central: https://repo.maven.apache.org/maven2/com/thoughtworks/qdox/qdox/1.12.1/qdox-1.12.1.pom (18 kB at 1.5 MB/s)
[13f8cbfa-e3dc-49fe-9898-b19e94c1bc2b/Java 8]   | [INFO] Downloading from central: https://repo.maven.apache.org/maven2/org/codehaus/codehaus-parent/4/codehaus-parent-4.pom
[13f8cbfa-e3dc-49fe-9898-b19e94c1bc2b/Java 8]   | [INFO] Downloaded from central: https://repo.maven.apache.org/maven2/org/codehaus/codehaus-parent/4/codehaus-parent-4.pom (4.8 kB at 96 kB/s)
[13f8cbfa-e3dc-49fe-9898-b19e94c1bc2b/Java 8]   | [INFO] Downloading from central: https://repo.maven.apache.org/maven2/org/apache/maven/reporting/maven-reporting-api/3.0/maven-reporting-api-3.0.jar
[13f8cbfa-e3dc-49fe-9898-b19e94c1bc2b/Java 8]   | [INFO] Downloading from central: https://repo.maven.apache.org/maven2/org/apache/maven/shared/maven-invoker/2.0.9/maven-invoker-2.0.9.jar
[13f8cbfa-e3dc-49fe-9898-b19e94c1bc2b/Java 8]   | [INFO] Downloading from central: https://repo.maven.apache.org/maven2/org/apache/maven/doxia/doxia-sink-api/1.4/doxia-sink-api-1.4.jar
[13f8cbfa-e3dc-49fe-9898-b19e94c1bc2b/Java 8]   | [INFO] Downloading from central: https://repo.maven.apache.org/maven2/org/apache/maven/doxia/doxia-logging-api/1.4/doxia-logging-api-1.4.jar
[13f8cbfa-e3dc-49fe-9898-b19e94c1bc2b/Java 8]   | [INFO] Downloading from central: https://repo.maven.apache.org/maven2/org/apache/maven/doxia/doxia-site-renderer/1.4/doxia-site-renderer-1.4.jar
[13f8cbfa-e3dc-49fe-9898-b19e94c1bc2b/Java 8]   | [INFO] Downloaded from central: https://repo.maven.apache.org/maven2/org/apache/maven/reporting/maven-reporting-api/3.0/maven-reporting-api-3.0.jar (11 kB at 152 kB/s)
[13f8cbfa-e3dc-49fe-9898-b19e94c1bc2b/Java 8]   | [INFO] Downloaded from central: https://repo.maven.apache.org/maven2/org/apache/maven/doxia/doxia-sink-api/1.4/doxia-sink-api-1.4.jar (11 kB at 156 kB/s)
[13f8cbfa-e3dc-49fe-9898-b19e94c1bc2b/Java 8]   | [INFO] Downloading from central: https://repo.maven.apache.org/maven2/org/apache/maven/doxia/doxia-core/1.4/doxia-core-1.4.jar
[13f8cbfa-e3dc-49fe-9898-b19e94c1bc2b/Java 8]   | [INFO] Downloading from central: https://repo.maven.apache.org/maven2/xerces/xercesImpl/2.9.1/xercesImpl-2.9.1.jar
[13f8cbfa-e3dc-49fe-9898-b19e94c1bc2b/Java 8]   | [INFO] Downloaded from central: https://repo.maven.apache.org/maven2/org/apache/maven/doxia/doxia-site-renderer/1.4/doxia-site-renderer-1.4.jar (53 kB at 727 kB/s)
[13f8cbfa-e3dc-49fe-9898-b19e94c1bc2b/Java 8]   | [INFO] Downloaded from central: https://repo.maven.apache.org/maven2/org/apache/maven/doxia/doxia-logging-api/1.4/doxia-logging-api-1.4.jar (11 kB at 155 kB/s)
[13f8cbfa-e3dc-49fe-9898-b19e94c1bc2b/Java 8]   | [INFO] Downloading from central: https://repo.maven.apache.org/maven2/xml-apis/xml-apis/1.3.04/xml-apis-1.3.04.jar
[13f8cbfa-e3dc-49fe-9898-b19e94c1bc2b/Java 8]   | [INFO] Downloaded from central: https://repo.maven.apache.org/maven2/org/apache/maven/shared/maven-invoker/2.0.9/maven-invoker-2.0.9.jar (28 kB at 382 kB/s)
[13f8cbfa-e3dc-49fe-9898-b19e94c1bc2b/Java 8]   | [INFO] Downloading from central: https://repo.maven.apache.org/maven2/org/apache/maven/doxia/doxia-decoration-model/1.4/doxia-decoration-model-1.4.jar
[13f8cbfa-e3dc-49fe-9898-b19e94c1bc2b/Java 8]   | [INFO] Downloading from central: https://repo.maven.apache.org/maven2/org/apache/maven/doxia/doxia-module-xhtml/1.4/doxia-module-xhtml-1.4.jar
[13f8cbfa-e3dc-49fe-9898-b19e94c1bc2b/Java 8]   | [INFO] Downloaded from central: https://repo.maven.apache.org/maven2/org/apache/maven/doxia/doxia-decoration-model/1.4/doxia-decoration-model-1.4.jar (61 kB at 666 kB/s)
[13f8cbfa-e3dc-49fe-9898-b19e94c1bc2b/Java 8]   | [INFO] Downloading from central: https://repo.maven.apache.org/maven2/org/apache/maven/doxia/doxia-module-fml/1.4/doxia-module-fml-1.4.jar
[13f8cbfa-e3dc-49fe-9898-b19e94c1bc2b/Java 8]   | [INFO] Downloaded from central: https://repo.maven.apache.org/maven2/org/apache/maven/doxia/doxia-module-xhtml/1.4/doxia-module-xhtml-1.4.jar (15 kB at 157 kB/s)
[13f8cbfa-e3dc-49fe-9898-b19e94c1bc2b/Java 8]   | [INFO] Downloading from central: https://repo.maven.apache.org/maven2/org/codehaus/plexus/plexus-i18n/1.0-beta-7/plexus-i18n-1.0-beta-7.jar
[13f8cbfa-e3dc-49fe-9898-b19e94c1bc2b/Java 8]   | [INFO] Downloaded from central: https://repo.maven.apache.org/maven2/org/apache/maven/doxia/doxia-core/1.4/doxia-core-1.4.jar (165 kB at 1.6 MB/s)
[13f8cbfa-e3dc-49fe-9898-b19e94c1bc2b/Java 8]   | [INFO] Downloading from central: https://repo.maven.apache.org/maven2/org/codehaus/plexus/plexus-velocity/1.1.7/plexus-velocity-1.1.7.jar
[13f8cbfa-e3dc-49fe-9898-b19e94c1bc2b/Java 8]   | [INFO] Downloaded from central: https://repo.maven.apache.org/maven2/org/apache/maven/doxia/doxia-module-fml/1.4/doxia-module-fml-1.4.jar (38 kB at 341 kB/s)
[13f8cbfa-e3dc-49fe-9898-b19e94c1bc2b/Java 8]   | [INFO] Downloading from central: https://repo.maven.apache.org/maven2/org/apache/velocity/velocity/1.5/velocity-1.5.jar
[13f8cbfa-e3dc-49fe-9898-b19e94c1bc2b/Java 8]   | [INFO] Downloaded from central: https://repo.maven.apache.org/maven2/xml-apis/xml-apis/1.3.04/xml-apis-1.3.04.jar (194 kB at 1.7 MB/s)
[13f8cbfa-e3dc-49fe-9898-b19e94c1bc2b/Java 8]   | [INFO] Downloading from central: https://repo.maven.apache.org/maven2/oro/oro/2.0.8/oro-2.0.8.jar
[13f8cbfa-e3dc-49fe-9898-b19e94c1bc2b/Java 8]   | [INFO] Downloaded from central: https://repo.maven.apache.org/maven2/org/codehaus/plexus/plexus-i18n/1.0-beta-7/plexus-i18n-1.0-beta-7.jar (11 kB at 90 kB/s)
[13f8cbfa-e3dc-49fe-9898-b19e94c1bc2b/Java 8]   | [INFO] Downloading from central: https://repo.maven.apache.org/maven2/org/apache/velocity/velocity-tools/2.0/velocity-tools-2.0.jar
[13f8cbfa-e3dc-49fe-9898-b19e94c1bc2b/Java 8]   | [INFO] Downloaded from central: https://repo.maven.apache.org/maven2/org/codehaus/plexus/plexus-velocity/1.1.7/plexus-velocity-1.1.7.jar (7.7 kB at 65 kB/s)
[13f8cbfa-e3dc-49fe-9898-b19e94c1bc2b/Java 8]   | [INFO] Downloading from central: https://repo.maven.apache.org/maven2/commons-beanutils/commons-beanutils/1.7.0/commons-beanutils-1.7.0.jar
[13f8cbfa-e3dc-49fe-9898-b19e94c1bc2b/Java 8]   | [INFO] Downloaded from central: https://repo.maven.apache.org/maven2/xerces/xercesImpl/2.9.1/xercesImpl-2.9.1.jar (1.2 MB at 10 MB/s)
[13f8cbfa-e3dc-49fe-9898-b19e94c1bc2b/Java 8]   | [INFO] Downloading from central: https://repo.maven.apache.org/maven2/commons-digester/commons-digester/1.8/commons-digester-1.8.jar
[13f8cbfa-e3dc-49fe-9898-b19e94c1bc2b/Java 8]   | [INFO] Downloaded from central: https://repo.maven.apache.org/maven2/org/apache/velocity/velocity-tools/2.0/velocity-tools-2.0.jar (347 kB at 2.5 MB/s)
[13f8cbfa-e3dc-49fe-9898-b19e94c1bc2b/Java 8]   | [INFO] Downloading from central: https://repo.maven.apache.org/maven2/commons-chain/commons-chain/1.1/commons-chain-1.1.jar
[13f8cbfa-e3dc-49fe-9898-b19e94c1bc2b/Java 8]   | [INFO] Downloaded from central: https://repo.maven.apache.org/maven2/commons-beanutils/commons-beanutils/1.7.0/commons-beanutils-1.7.0.jar (189 kB at 1.3 MB/s)
[13f8cbfa-e3dc-49fe-9898-b19e94c1bc2b/Java 8]   | [INFO] Downloading from central: https://repo.maven.apache.org/maven2/commons-validator/commons-validator/1.3.1/commons-validator-1.3.1.jar
[13f8cbfa-e3dc-49fe-9898-b19e94c1bc2b/Java 8]   | [INFO] Downloaded from central: https://repo.maven.apache.org/maven2/oro/oro/2.0.8/oro-2.0.8.jar (65 kB at 441 kB/s)
[13f8cbfa-e3dc-49fe-9898-b19e94c1bc2b/Java 8]   | [INFO] Downloading from central: https://repo.maven.apache.org/maven2/dom4j/dom4j/1.1/dom4j-1.1.jar
[13f8cbfa-e3dc-49fe-9898-b19e94c1bc2b/Java 8]   | [INFO] Downloaded from central: https://repo.maven.apache.org/maven2/org/apache/velocity/velocity/1.5/velocity-1.5.jar (392 kB at 2.6 MB/s)
[13f8cbfa-e3dc-49fe-9898-b19e94c1bc2b/Java 8]   | [INFO] Downloading from central: https://repo.maven.apache.org/maven2/sslext/sslext/1.2-0/sslext-1.2-0.jar
[13f8cbfa-e3dc-49fe-9898-b19e94c1bc2b/Java 8]   | [INFO] Downloaded from central: https://repo.maven.apache.org/maven2/commons-chain/commons-chain/1.1/commons-chain-1.1.jar (90 kB at 581 kB/s)
[13f8cbfa-e3dc-49fe-9898-b19e94c1bc2b/Java 8]   | [INFO] Downloading from central: https://repo.maven.apache.org/maven2/org/apache/struts/struts-core/1.3.8/struts-core-1.3.8.jar
[13f8cbfa-e3dc-49fe-9898-b19e94c1bc2b/Java 8]   | [INFO] Downloaded from central: https://repo.maven.apache.org/maven2/commons-validator/commons-validator/1.3.1/commons-validator-1.3.1.jar (139 kB at 885 kB/s)
[13f8cbfa-e3dc-49fe-9898-b19e94c1bc2b/Java 8]   | [INFO] Downloading from central: https://repo.maven.apache.org/maven2/antlr/antlr/2.7.2/antlr-2.7.2.jar
[13f8cbfa-e3dc-49fe-9898-b19e94c1bc2b/Java 8]   | [INFO] Downloaded from central: https://repo.maven.apache.org/maven2/sslext/sslext/1.2-0/sslext-1.2-0.jar (26 kB at 163 kB/s)
[13f8cbfa-e3dc-49fe-9898-b19e94c1bc2b/Java 8]   | [INFO] Downloading from central: https://repo.maven.apache.org/maven2/org/apache/struts/struts-taglib/1.3.8/struts-taglib-1.3.8.jar
[13f8cbfa-e3dc-49fe-9898-b19e94c1bc2b/Java 8]   | [INFO] Downloaded from central: https://repo.maven.apache.org/maven2/commons-digester/commons-digester/1.8/commons-digester-1.8.jar (144 kB at 830 kB/s)
[13f8cbfa-e3dc-49fe-9898-b19e94c1bc2b/Java 8]   | [INFO] Downloading from central: https://repo.maven.apache.org/maven2/org/apache/struts/struts-tiles/1.3.8/struts-tiles-1.3.8.jar
[13f8cbfa-e3dc-49fe-9898-b19e94c1bc2b/Java 8]   | [INFO] Downloaded from central: https://repo.maven.apache.org/maven2/antlr/antlr/2.7.2/antlr-2.7.2.jar (358 kB at 2.0 MB/s)
[13f8cbfa-e3dc-49fe-9898-b19e94c1bc2b/Java 8]   | [INFO] Downloaded from central: https://repo.maven.apache.org/maven2/org/apache/struts/struts-taglib/1.3.8/struts-taglib-1.3.8.jar (252 kB at 1.4 MB/s)
[13f8cbfa-e3dc-49fe-9898-b19e94c1bc2b/Java 8]   | [INFO] Downloading from central: https://repo.maven.apache.org/maven2/org/apache/maven/wagon/wagon-provider-api/1.0-beta-6/wagon-provider-api-1.0-beta-6.jar
[13f8cbfa-e3dc-49fe-9898-b19e94c1bc2b/Java 8]   | [INFO] Downloading from central: https://repo.maven.apache.org/maven2/commons-collections/commons-collections/3.2.1/commons-collections-3.2.1.jar
[13f8cbfa-e3dc-49fe-9898-b19e94c1bc2b/Java 8]   | [INFO] Downloaded from central: https://repo.maven.apache.org/maven2/org/apache/struts/struts-core/1.3.8/struts-core-1.3.8.jar (329 kB at 1.8 MB/s)
[13f8cbfa-e3dc-49fe-9898-b19e94c1bc2b/Java 8]   | [INFO] Downloading from central: https://repo.maven.apache.org/maven2/commons-lang/commons-lang/2.4/commons-lang-2.4.jar
[13f8cbfa-e3dc-49fe-9898-b19e94c1bc2b/Java 8]   | [INFO] Downloaded from central: https://repo.maven.apache.org/maven2/dom4j/dom4j/1.1/dom4j-1.1.jar (457 kB at 2.5 MB/s)
[13f8cbfa-e3dc-49fe-9898-b19e94c1bc2b/Java 8]   | [INFO] Downloading from central: https://repo.maven.apache.org/maven2/org/apache/httpcomponents/httpclient/4.2.3/httpclient-4.2.3.jar
[13f8cbfa-e3dc-49fe-9898-b19e94c1bc2b/Java 8]   | [INFO] Downloaded from central: https://repo.maven.apache.org/maven2/org/apache/struts/struts-tiles/1.3.8/struts-tiles-1.3.8.jar (120 kB at 636 kB/s)
[13f8cbfa-e3dc-49fe-9898-b19e94c1bc2b/Java 8]   | [INFO] Downloading from central: https://repo.maven.apache.org/maven2/org/apache/httpcomponents/httpcore/4.2.2/httpcore-4.2.2.jar
[13f8cbfa-e3dc-49fe-9898-b19e94c1bc2b/Java 8]   | [INFO] Downloaded from central: https://repo.maven.apache.org/maven2/org/apache/maven/wagon/wagon-provider-api/1.0-beta-6/wagon-provider-api-1.0-beta-6.jar (53 kB at 265 kB/s)
[13f8cbfa-e3dc-49fe-9898-b19e94c1bc2b/Java 8]   | [INFO] Downloading from central: https://repo.maven.apache.org/maven2/commons-codec/commons-codec/1.6/commons-codec-1.6.jar
[13f8cbfa-e3dc-49fe-9898-b19e94c1bc2b/Java 8]   | [INFO] Downloaded from central: https://repo.maven.apache.org/maven2/commons-lang/commons-lang/2.4/commons-lang-2.4.jar (262 kB at 1.3 MB/s)
[13f8cbfa-e3dc-49fe-9898-b19e94c1bc2b/Java 8]   | [INFO] Downloading from central: https://repo.maven.apache.org/maven2/commons-logging/commons-logging/1.1.1/commons-logging-1.1.1.jar
[13f8cbfa-e3dc-49fe-9898-b19e94c1bc2b/Java 8]   | [INFO] Downloaded from central: https://repo.maven.apache.org/maven2/org/apache/httpcomponents/httpcore/4.2.2/httpcore-4.2.2.jar (224 kB at 1.1 MB/s)
[13f8cbfa-e3dc-49fe-9898-b19e94c1bc2b/Java 8]   | [INFO] Downloading from central: https://repo.maven.apache.org/maven2/log4j/log4j/1.2.14/log4j-1.2.14.jar
[13f8cbfa-e3dc-49fe-9898-b19e94c1bc2b/Java 8]   | [INFO] Downloaded from central: https://repo.maven.apache.org/maven2/commons-collections/commons-collections/3.2.1/commons-collections-3.2.1.jar (575 kB at 2.6 MB/s)
[13f8cbfa-e3dc-49fe-9898-b19e94c1bc2b/Java 8]   | [INFO] Downloaded from central: https://repo.maven.apache.org/maven2/org/apache/httpcomponents/httpclient/4.2.3/httpclient-4.2.3.jar (433 kB at 2.0 MB/s)
[13f8cbfa-e3dc-49fe-9898-b19e94c1bc2b/Java 8]   | [INFO] Downloading from central: https://repo.maven.apache.org/maven2/com/thoughtworks/qdox/qdox/1.12.1/qdox-1.12.1.jar
[13f8cbfa-e3dc-49fe-9898-b19e94c1bc2b/Java 8]   | [INFO] Downloading from central: https://repo.maven.apache.org/maven2/org/codehaus/plexus/plexus-container-default/1.0-alpha-9/plexus-container-default-1.0-alpha-9.jar
[13f8cbfa-e3dc-49fe-9898-b19e94c1bc2b/Java 8]   | [INFO] Downloaded from central: https://repo.maven.apache.org/maven2/org/codehaus/plexus/plexus-container-default/1.0-alpha-9/plexus-container-default-1.0-alpha-9.jar (195 kB at 818 kB/s)
[13f8cbfa-e3dc-49fe-9898-b19e94c1bc2b/Java 8]   | [INFO] Downloaded from central: https://repo.maven.apache.org/maven2/commons-codec/commons-codec/1.6/commons-codec-1.6.jar (233 kB at 974 kB/s)
[13f8cbfa-e3dc-49fe-9898-b19e94c1bc2b/Java 8]   | [INFO] Downloaded from central: https://repo.maven.apache.org/maven2/commons-logging/commons-logging/1.1.1/commons-logging-1.1.1.jar (61 kB at 254 kB/s)
[13f8cbfa-e3dc-49fe-9898-b19e94c1bc2b/Java 8]   | [INFO] Downloaded from central: https://repo.maven.apache.org/maven2/com/thoughtworks/qdox/qdox/1.12.1/qdox-1.12.1.jar (180 kB at 737 kB/s)
[13f8cbfa-e3dc-49fe-9898-b19e94c1bc2b/Java 8]   | [INFO] Downloaded from central: https://repo.maven.apache.org/maven2/log4j/log4j/1.2.14/log4j-1.2.14.jar (367 kB at 1.5 MB/s)
[13f8cbfa-e3dc-49fe-9898-b19e94c1bc2b/Java 8]   | [INFO] Skipping javadoc generation
[13f8cbfa-e3dc-49fe-9898-b19e94c1bc2b/Java 8]   | [INFO] 
[13f8cbfa-e3dc-49fe-9898-b19e94c1bc2b/Java 8]   | [INFO] --- maven-resources-plugin:2.6:resources (default-resources) @ juniversalchardet ---
[13f8cbfa-e3dc-49fe-9898-b19e94c1bc2b/Java 8]   | [INFO] Using 'UTF-8' encoding to copy filtered resources.
[13f8cbfa-e3dc-49fe-9898-b19e94c1bc2b/Java 8]   | [INFO] skip non existing resourceDirectory /tmp/b955085e-1dea-4c49-b7a7-978fcfcec972/src/main/resources
[13f8cbfa-e3dc-49fe-9898-b19e94c1bc2b/Java 8]   | [INFO] 
[13f8cbfa-e3dc-49fe-9898-b19e94c1bc2b/Java 8]   | [INFO] --- maven-compiler-plugin:3.3:compile (default-compile) @ juniversalchardet ---
[13f8cbfa-e3dc-49fe-9898-b19e94c1bc2b/Java 8]   | [INFO] Nothing to compile - all classes are up to date
[13f8cbfa-e3dc-49fe-9898-b19e94c1bc2b/Java 8]   | [INFO] 
[13f8cbfa-e3dc-49fe-9898-b19e94c1bc2b/Java 8]   | [INFO] --- maven-resources-plugin:2.6:testResources (default-testResources) @ juniversalchardet ---
[13f8cbfa-e3dc-49fe-9898-b19e94c1bc2b/Java 8]   | [INFO] Using 'UTF-8' encoding to copy filtered resources.
[13f8cbfa-e3dc-49fe-9898-b19e94c1bc2b/Java 8]   | [INFO] Copying 8 resources
[13f8cbfa-e3dc-49fe-9898-b19e94c1bc2b/Java 8]   | [INFO] 
[13f8cbfa-e3dc-49fe-9898-b19e94c1bc2b/Java 8]   | [INFO] --- maven-compiler-plugin:3.3:testCompile (default-testCompile) @ juniversalchardet ---
[13f8cbfa-e3dc-49fe-9898-b19e94c1bc2b/Java 8]   | [INFO] Nothing to compile - all classes are up to date
[13f8cbfa-e3dc-49fe-9898-b19e94c1bc2b/Java 8]   | [INFO] 
[13f8cbfa-e3dc-49fe-9898-b19e94c1bc2b/Java 8]   | [INFO] --- maven-surefire-plugin:2.12.4:test (default-test) @ juniversalchardet ---
[13f8cbfa-e3dc-49fe-9898-b19e94c1bc2b/Java 8]   | [INFO] Skipping execution of surefire because it has already been run for this configuration
[13f8cbfa-e3dc-49fe-9898-b19e94c1bc2b/Java 8]   | [INFO] 
[13f8cbfa-e3dc-49fe-9898-b19e94c1bc2b/Java 8]   | [INFO] --- maven-jar-plugin:2.6:jar (default-jar) @ juniversalchardet ---
[13f8cbfa-e3dc-49fe-9898-b19e94c1bc2b/Java 8]   | [INFO] 
[13f8cbfa-e3dc-49fe-9898-b19e94c1bc2b/Java 8]   | [INFO] >>> maven-source-plugin:2.4:jar (attach-sources) > generate-sources @ juniversalchardet >>>
[13f8cbfa-e3dc-49fe-9898-b19e94c1bc2b/Java 8]   | [INFO] 
[13f8cbfa-e3dc-49fe-9898-b19e94c1bc2b/Java 8]   | [INFO] <<< maven-source-plugin:2.4:jar (attach-sources) < generate-sources @ juniversalchardet <<<
[13f8cbfa-e3dc-49fe-9898-b19e94c1bc2b/Java 8]   | [INFO] 
[13f8cbfa-e3dc-49fe-9898-b19e94c1bc2b/Java 8]   | [INFO] 
[13f8cbfa-e3dc-49fe-9898-b19e94c1bc2b/Java 8]   | [INFO] --- maven-source-plugin:2.4:jar (attach-sources) @ juniversalchardet ---
[13f8cbfa-e3dc-49fe-9898-b19e94c1bc2b/Java 8]   | [INFO] Building jar: /tmp/b955085e-1dea-4c49-b7a7-978fcfcec972/target/juniversalchardet-2.0.0-SNAPSHOT-sources.jar
[13f8cbfa-e3dc-49fe-9898-b19e94c1bc2b/Java 8]   | [WARNING] artifact com.github.albfernandez:juniversalchardet:java-source:sources:2.0.0-SNAPSHOT already attached, replace previous instance
[13f8cbfa-e3dc-49fe-9898-b19e94c1bc2b/Java 8]   | [INFO] 
[13f8cbfa-e3dc-49fe-9898-b19e94c1bc2b/Java 8]   | [INFO] --- maven-javadoc-plugin:2.10.3:jar (attach-javadocs) @ juniversalchardet ---
[13f8cbfa-e3dc-49fe-9898-b19e94c1bc2b/Java 8]   | [INFO] Skipping javadoc generation
[13f8cbfa-e3dc-49fe-9898-b19e94c1bc2b/Java 8]   | [INFO] ------------------------------------------------------------------------
[13f8cbfa-e3dc-49fe-9898-b19e94c1bc2b/Java 8]   | [INFO] BUILD SUCCESS
[13f8cbfa-e3dc-49fe-9898-b19e94c1bc2b/Java 8]   | [INFO] ------------------------------------------------------------------------
[13f8cbfa-e3dc-49fe-9898-b19e94c1bc2b/Java 8]   | [INFO] Total time:  19.178 s
[13f8cbfa-e3dc-49fe-9898-b19e94c1bc2b/Java 8]   | [INFO] Finished at: 2023-07-11T22:45:41Z
[13f8cbfa-e3dc-49fe-9898-b19e94c1bc2b/Java 8]   | [INFO] ------------------------------------------------------------------------
[13f8cbfa-e3dc-49fe-9898-b19e94c1bc2b/Java 8]   ‚úÖ  Success - Main Build with Maven
[13f8cbfa-e3dc-49fe-9898-b19e94c1bc2b/Java 8] unable to get git ref: failed to identify reference (tag/branch) for the checked-out revision '03d4351f77060e65d9f588191957b0847363220e'
[13f8cbfa-e3dc-49fe-9898-b19e94c1bc2b/Java 8] unable to get git ref: failed to identify reference (tag/branch) for the checked-out revision '03d4351f77060e65d9f588191957b0847363220e'
[13f8cbfa-e3dc-49fe-9898-b19e94c1bc2b/Java 8] unable to get git ref: failed to identify reference (tag/branch) for the checked-out revision '03d4351f77060e65d9f588191957b0847363220e'
[13f8cbfa-e3dc-49fe-9898-b19e94c1bc2b/Java 8] unable to get git ref: failed to identify reference (tag/branch) for the checked-out revision '03d4351f77060e65d9f588191957b0847363220e'
[13f8cbfa-e3dc-49fe-9898-b19e94c1bc2b/Java 8] unable to get git ref: failed to identify reference (tag/branch) for the checked-out revision '03d4351f77060e65d9f588191957b0847363220e'
[13f8cbfa-e3dc-49fe-9898-b19e94c1bc2b/Java 8] ‚≠ê Run Post Setup java
[13f8cbfa-e3dc-49fe-9898-b19e94c1bc2b/Java 8]   üê≥  docker exec cmd=[node /var/run/act/actions/actions-setup-java@v1/dist/cleanup/index.js] user= workdir=
[13f8cbfa-e3dc-49fe-9898-b19e94c1bc2b/Java 8]   ‚úÖ  Success - Post Setup java
[13f8cbfa-e3dc-49fe-9898-b19e94c1bc2b/Java 8] üèÅ  Job succeeded
[13f8cbfa-e3dc-49fe-9898-b19e94c1bc2b/Java 8] unable to get git ref: failed to identify reference (tag/branch) for the checked-out revision '03d4351f77060e65d9f588191957b0847363220e'
