[4177f077-b38f-4025-ae22-b57bf4a93440/build] üöÄ  Start image=crawlergpt:latest
[4177f077-b38f-4025-ae22-b57bf4a93440/build]   üê≥  docker pull image=crawlergpt:latest platform= username= forcePull=false
[4177f077-b38f-4025-ae22-b57bf4a93440/build]   üê≥  docker create image=crawlergpt:latest platform= entrypoint=["tail" "-f" "/dev/null"] cmd=[]
[4177f077-b38f-4025-ae22-b57bf4a93440/build]   üê≥  docker run image=crawlergpt:latest platform= entrypoint=["tail" "-f" "/dev/null"] cmd=[]
[4177f077-b38f-4025-ae22-b57bf4a93440/build]   üê≥  docker exec cmd=[chown -R 1012:1013 /tmp/a338f13a-7465-43af-bca6-b15bf96f1c07] user=0 workdir=
[4177f077-b38f-4025-ae22-b57bf4a93440/build] unable to get git ref: failed to identify reference (tag/branch) for the checked-out revision '5606225497efe36b1946b665fcbd54101358228e'
[4177f077-b38f-4025-ae22-b57bf4a93440/build] unable to get git ref: failed to identify reference (tag/branch) for the checked-out revision '5606225497efe36b1946b665fcbd54101358228e'
[4177f077-b38f-4025-ae22-b57bf4a93440/build] unable to get git ref: failed to identify reference (tag/branch) for the checked-out revision '5606225497efe36b1946b665fcbd54101358228e'
[4177f077-b38f-4025-ae22-b57bf4a93440/build] unable to get git ref: failed to identify reference (tag/branch) for the checked-out revision '5606225497efe36b1946b665fcbd54101358228e'
[4177f077-b38f-4025-ae22-b57bf4a93440/build] unable to get git ref: failed to identify reference (tag/branch) for the checked-out revision '5606225497efe36b1946b665fcbd54101358228e'
[4177f077-b38f-4025-ae22-b57bf4a93440/build] unable to get git ref: failed to identify reference (tag/branch) for the checked-out revision '5606225497efe36b1946b665fcbd54101358228e'
[4177f077-b38f-4025-ae22-b57bf4a93440/build] unable to get git ref: failed to identify reference (tag/branch) for the checked-out revision '5606225497efe36b1946b665fcbd54101358228e'
[4177f077-b38f-4025-ae22-b57bf4a93440/build] unable to get git ref: failed to identify reference (tag/branch) for the checked-out revision '5606225497efe36b1946b665fcbd54101358228e'
[4177f077-b38f-4025-ae22-b57bf4a93440/build] unable to get git ref: failed to identify reference (tag/branch) for the checked-out revision '5606225497efe36b1946b665fcbd54101358228e'
[4177f077-b38f-4025-ae22-b57bf4a93440/build] ‚≠ê Run Main actions/checkout@v2
[4177f077-b38f-4025-ae22-b57bf4a93440/build] unable to get git ref: failed to identify reference (tag/branch) for the checked-out revision '5606225497efe36b1946b665fcbd54101358228e'
[4177f077-b38f-4025-ae22-b57bf4a93440/build]   ‚úÖ  Success - Main actions/checkout@v2
[4177f077-b38f-4025-ae22-b57bf4a93440/build] unable to get git ref: failed to identify reference (tag/branch) for the checked-out revision '5606225497efe36b1946b665fcbd54101358228e'
[4177f077-b38f-4025-ae22-b57bf4a93440/build] unable to get git ref: failed to identify reference (tag/branch) for the checked-out revision '5606225497efe36b1946b665fcbd54101358228e'
[4177f077-b38f-4025-ae22-b57bf4a93440/build] unable to get git ref: failed to identify reference (tag/branch) for the checked-out revision '5606225497efe36b1946b665fcbd54101358228e'
[4177f077-b38f-4025-ae22-b57bf4a93440/build] unable to get git ref: failed to identify reference (tag/branch) for the checked-out revision '5606225497efe36b1946b665fcbd54101358228e'
[4177f077-b38f-4025-ae22-b57bf4a93440/build] unable to get git ref: failed to identify reference (tag/branch) for the checked-out revision '5606225497efe36b1946b665fcbd54101358228e'
[4177f077-b38f-4025-ae22-b57bf4a93440/build] ‚≠ê Run Main Set up JDK 11
[4177f077-b38f-4025-ae22-b57bf4a93440/build] unable to get git ref: failed to identify reference (tag/branch) for the checked-out revision '5606225497efe36b1946b665fcbd54101358228e'
[4177f077-b38f-4025-ae22-b57bf4a93440/build] unable to get git ref: failed to identify reference (tag/branch) for the checked-out revision '5606225497efe36b1946b665fcbd54101358228e'
[4177f077-b38f-4025-ae22-b57bf4a93440/build] unable to get git ref: failed to identify reference (tag/branch) for the checked-out revision '5606225497efe36b1946b665fcbd54101358228e'
[4177f077-b38f-4025-ae22-b57bf4a93440/build]   üê≥  docker cp src=/tmp/act-cache/4b8208eb-0cc3-43a1-b841-f1b26e7acae7/act/actions-setup-java@v1/ dst=/var/run/act/actions/actions-setup-java@v1/
[4177f077-b38f-4025-ae22-b57bf4a93440/build]   üê≥  docker exec cmd=[chown -R 1012:1013 /var/run/act/actions/actions-setup-java@v1/] user=0 workdir=
[4177f077-b38f-4025-ae22-b57bf4a93440/build]   üê≥  docker exec cmd=[node /var/run/act/actions/actions-setup-java@v1/dist/setup/index.js] user= workdir=
[4177f077-b38f-4025-ae22-b57bf4a93440/build]   üí¨  ::debug::isExplicit: 
[4177f077-b38f-4025-ae22-b57bf4a93440/build]   üí¨  ::debug::explicit? false
[4177f077-b38f-4025-ae22-b57bf4a93440/build]   üí¨  ::debug::evaluating 0 versions
[4177f077-b38f-4025-ae22-b57bf4a93440/build]   üí¨  ::debug::match not found
[4177f077-b38f-4025-ae22-b57bf4a93440/build]   üí¨  ::debug::Downloading JDK from Azul
[4177f077-b38f-4025-ae22-b57bf4a93440/build]   üí¨  ::debug::Searching for files with extension: -linux_x64.tar.gz
[4177f077-b38f-4025-ae22-b57bf4a93440/build]   üí¨  ::debug::Downloading https://static.azul.com/zulu/bin/zulu11.64.19-ca-jdk11.0.19-linux_x64.tar.gz
[4177f077-b38f-4025-ae22-b57bf4a93440/build]   üí¨  ::debug::Downloading /tmp/5ec534f8-6e82-49ec-a0f5-a4649548c2ff
[4177f077-b38f-4025-ae22-b57bf4a93440/build]   üí¨  ::debug::download complete
[4177f077-b38f-4025-ae22-b57bf4a93440/build]   | [command]/usr/bin/tar --version
[4177f077-b38f-4025-ae22-b57bf4a93440/build]   | tar (GNU tar) 1.30
[4177f077-b38f-4025-ae22-b57bf4a93440/build]   | Copyright (C) 2017 Free Software Foundation, Inc.
[4177f077-b38f-4025-ae22-b57bf4a93440/build]   | License GPLv3+: GNU GPL version 3 or later <https://gnu.org/licenses/gpl.html>.
[4177f077-b38f-4025-ae22-b57bf4a93440/build]   | This is free software: you are free to change and redistribute it.
[4177f077-b38f-4025-ae22-b57bf4a93440/build]   | There is NO WARRANTY, to the extent permitted by law.
[4177f077-b38f-4025-ae22-b57bf4a93440/build]   | 
[4177f077-b38f-4025-ae22-b57bf4a93440/build]   | Written by John Gilmore and Jay Fenlason.
[4177f077-b38f-4025-ae22-b57bf4a93440/build]   | [command]/usr/bin/tar xz --warning=no-unknown-keyword -C /tmp/temp_1810394532 -f /tmp/5ec534f8-6e82-49ec-a0f5-a4649548c2ff
[4177f077-b38f-4025-ae22-b57bf4a93440/build]   üí¨  ::debug::jdk extracted to /tmp/temp_1810394532/zulu11.64.19-ca-jdk11.0.19-linux_x64
[4177f077-b38f-4025-ae22-b57bf4a93440/build]   üí¨  ::debug::Caching tool jdk 11.0.19 x64
[4177f077-b38f-4025-ae22-b57bf4a93440/build]   üí¨  ::debug::source dir: /tmp/temp_1810394532/zulu11.64.19-ca-jdk11.0.19-linux_x64
[4177f077-b38f-4025-ae22-b57bf4a93440/build]   üí¨  ::debug::destination /opt/hostedtoolcache/jdk/11.0.19/x64
[4177f077-b38f-4025-ae22-b57bf4a93440/build]   üí¨  ::debug::finished caching tool
[4177f077-b38f-4025-ae22-b57bf4a93440/build]   ‚ùì add-matcher /run/act/actions/actions-setup-java@v1/.github/java.json
[4177f077-b38f-4025-ae22-b57bf4a93440/build]   | creating settings.xml with server-id: github; environment variables: username=$GITHUB_ACTOR, password=$GITHUB_TOKEN, and gpg-passphrase=null
[4177f077-b38f-4025-ae22-b57bf4a93440/build]   üí¨  ::debug::created directory /home/runneradmin/.m2
[4177f077-b38f-4025-ae22-b57bf4a93440/build]   | writing /home/runneradmin/.m2/settings.xml
[4177f077-b38f-4025-ae22-b57bf4a93440/build]   ‚úÖ  Success - Main Set up JDK 11
[4177f077-b38f-4025-ae22-b57bf4a93440/build]   ‚öô  ::set-env:: JAVA_HOME=/opt/hostedtoolcache/jdk/11.0.19/x64
[4177f077-b38f-4025-ae22-b57bf4a93440/build]   ‚öô  ::set-env:: JAVA_HOME_11_0_19_X64=/opt/hostedtoolcache/jdk/11.0.19/x64
[4177f077-b38f-4025-ae22-b57bf4a93440/build]   ‚öô  ::set-env:: JAVA_HOME_11.0.19_x64=/opt/hostedtoolcache/jdk/11.0.19/x64
[4177f077-b38f-4025-ae22-b57bf4a93440/build]   ‚öô  ::set-output:: path=/opt/hostedtoolcache/jdk/11.0.19/x64
[4177f077-b38f-4025-ae22-b57bf4a93440/build]   ‚öô  ::set-output:: version=11.0.19
[4177f077-b38f-4025-ae22-b57bf4a93440/build]   ‚öô  ::add-path:: /opt/hostedtoolcache/jdk/11.0.19/x64/bin
[4177f077-b38f-4025-ae22-b57bf4a93440/build] unable to get git ref: failed to identify reference (tag/branch) for the checked-out revision '5606225497efe36b1946b665fcbd54101358228e'
[4177f077-b38f-4025-ae22-b57bf4a93440/build] unable to get git ref: failed to identify reference (tag/branch) for the checked-out revision '5606225497efe36b1946b665fcbd54101358228e'
[4177f077-b38f-4025-ae22-b57bf4a93440/build] unable to get git ref: failed to identify reference (tag/branch) for the checked-out revision '5606225497efe36b1946b665fcbd54101358228e'
[4177f077-b38f-4025-ae22-b57bf4a93440/build] unable to get git ref: failed to identify reference (tag/branch) for the checked-out revision '5606225497efe36b1946b665fcbd54101358228e'
[4177f077-b38f-4025-ae22-b57bf4a93440/build] unable to get git ref: failed to identify reference (tag/branch) for the checked-out revision '5606225497efe36b1946b665fcbd54101358228e'
[4177f077-b38f-4025-ae22-b57bf4a93440/build] ‚≠ê Run Main Build with Maven
[4177f077-b38f-4025-ae22-b57bf4a93440/build] unable to get git ref: failed to identify reference (tag/branch) for the checked-out revision '5606225497efe36b1946b665fcbd54101358228e'
[4177f077-b38f-4025-ae22-b57bf4a93440/build] unable to get git ref: failed to identify reference (tag/branch) for the checked-out revision '5606225497efe36b1946b665fcbd54101358228e'
[4177f077-b38f-4025-ae22-b57bf4a93440/build] unable to get git ref: failed to identify reference (tag/branch) for the checked-out revision '5606225497efe36b1946b665fcbd54101358228e'
[4177f077-b38f-4025-ae22-b57bf4a93440/build] unable to get git ref: failed to identify reference (tag/branch) for the checked-out revision '5606225497efe36b1946b665fcbd54101358228e'
[4177f077-b38f-4025-ae22-b57bf4a93440/build]   üê≥  docker exec cmd=[bash --noprofile --norc -e -o pipefail /var/run/act/workflow/2] user= workdir=
[4177f077-b38f-4025-ae22-b57bf4a93440/build]   | [INFO] Scanning for projects...
[4177f077-b38f-4025-ae22-b57bf4a93440/build]   | [INFO] 
[4177f077-b38f-4025-ae22-b57bf4a93440/build]   | [INFO] ------------------------< net.nodebox:nodebox >-------------------------
[4177f077-b38f-4025-ae22-b57bf4a93440/build]   | [INFO] Building NodeBox 3.0-SNAPSHOT
[4177f077-b38f-4025-ae22-b57bf4a93440/build]   | [INFO] --------------------------------[ jar ]---------------------------------
[4177f077-b38f-4025-ae22-b57bf4a93440/build]   | [INFO] Downloading from central: https://repo.maven.apache.org/maven2/org/apache/maven/plugins/maven-resources-plugin/2.6/maven-resources-plugin-2.6.pom
[4177f077-b38f-4025-ae22-b57bf4a93440/build]   | [INFO] Downloaded from central: https://repo.maven.apache.org/maven2/org/apache/maven/plugins/maven-resources-plugin/2.6/maven-resources-plugin-2.6.pom (8.1 kB at 4.4 kB/s)
[4177f077-b38f-4025-ae22-b57bf4a93440/build]   | [INFO] Downloading from central: https://repo.maven.apache.org/maven2/org/apache/maven/plugins/maven-plugins/23/maven-plugins-23.pom
[4177f077-b38f-4025-ae22-b57bf4a93440/build]   | [INFO] Downloaded from central: https://repo.maven.apache.org/maven2/org/apache/maven/plugins/maven-plugins/23/maven-plugins-23.pom (9.2 kB at 124 kB/s)
[4177f077-b38f-4025-ae22-b57bf4a93440/build]   | [INFO] Downloading from central: https://repo.maven.apache.org/maven2/org/apache/maven/maven-parent/22/maven-parent-22.pom
[4177f077-b38f-4025-ae22-b57bf4a93440/build]   | [INFO] Downloaded from central: https://repo.maven.apache.org/maven2/org/apache/maven/maven-parent/22/maven-parent-22.pom (30 kB at 263 kB/s)
[4177f077-b38f-4025-ae22-b57bf4a93440/build]   | [INFO] Downloading from central: https://repo.maven.apache.org/maven2/org/apache/apache/11/apache-11.pom
[4177f077-b38f-4025-ae22-b57bf4a93440/build]   | [INFO] Downloaded from central: https://repo.maven.apache.org/maven2/org/apache/apache/11/apache-11.pom (15 kB at 187 kB/s)
[4177f077-b38f-4025-ae22-b57bf4a93440/build]   | [INFO] Downloading from central: https://repo.maven.apache.org/maven2/org/apache/maven/plugins/maven-resources-plugin/2.6/maven-resources-plugin-2.6.jar
[4177f077-b38f-4025-ae22-b57bf4a93440/build]   | [INFO] Downloaded from central: https://repo.maven.apache.org/maven2/org/apache/maven/plugins/maven-resources-plugin/2.6/maven-resources-plugin-2.6.jar (30 kB at 33 kB/s)
[4177f077-b38f-4025-ae22-b57bf4a93440/build]   | [INFO] Downloading from central: https://repo.maven.apache.org/maven2/org/apache/maven/plugins/maven-compiler-plugin/2.5.1/maven-compiler-plugin-2.5.1.pom
[4177f077-b38f-4025-ae22-b57bf4a93440/build]   | [INFO] Downloaded from central: https://repo.maven.apache.org/maven2/org/apache/maven/plugins/maven-compiler-plugin/2.5.1/maven-compiler-plugin-2.5.1.pom (7.9 kB at 264 kB/s)
[4177f077-b38f-4025-ae22-b57bf4a93440/build]   | [INFO] Downloading from central: https://repo.maven.apache.org/maven2/org/apache/maven/plugins/maven-plugins/22/maven-plugins-22.pom
[4177f077-b38f-4025-ae22-b57bf4a93440/build]   | [INFO] Downloaded from central: https://repo.maven.apache.org/maven2/org/apache/maven/plugins/maven-plugins/22/maven-plugins-22.pom (13 kB at 210 kB/s)
[4177f077-b38f-4025-ae22-b57bf4a93440/build]   | [INFO] Downloading from central: https://repo.maven.apache.org/maven2/org/apache/maven/maven-parent/21/maven-parent-21.pom
[4177f077-b38f-4025-ae22-b57bf4a93440/build]   | [INFO] Downloaded from central: https://repo.maven.apache.org/maven2/org/apache/maven/maven-parent/21/maven-parent-21.pom (26 kB at 488 kB/s)
[4177f077-b38f-4025-ae22-b57bf4a93440/build]   | [INFO] Downloading from central: https://repo.maven.apache.org/maven2/org/apache/apache/10/apache-10.pom
[4177f077-b38f-4025-ae22-b57bf4a93440/build]   | [INFO] Downloaded from central: https://repo.maven.apache.org/maven2/org/apache/apache/10/apache-10.pom (15 kB at 228 kB/s)
[4177f077-b38f-4025-ae22-b57bf4a93440/build]   | [INFO] Downloading from central: https://repo.maven.apache.org/maven2/org/apache/maven/plugins/maven-compiler-plugin/2.5.1/maven-compiler-plugin-2.5.1.jar
[4177f077-b38f-4025-ae22-b57bf4a93440/build]   | [INFO] Downloaded from central: https://repo.maven.apache.org/maven2/org/apache/maven/plugins/maven-compiler-plugin/2.5.1/maven-compiler-plugin-2.5.1.jar (33 kB at 170 kB/s)
[4177f077-b38f-4025-ae22-b57bf4a93440/build]   | [INFO] Downloading from central: https://repo.maven.apache.org/maven2/org/apache/maven/plugins/maven-surefire-plugin/2.12.4/maven-surefire-plugin-2.12.4.pom
[4177f077-b38f-4025-ae22-b57bf4a93440/build]   | [INFO] Downloaded from central: https://repo.maven.apache.org/maven2/org/apache/maven/plugins/maven-surefire-plugin/2.12.4/maven-surefire-plugin-2.12.4.pom (10 kB at 388 kB/s)
[4177f077-b38f-4025-ae22-b57bf4a93440/build]   | [INFO] Downloading from central: https://repo.maven.apache.org/maven2/org/apache/maven/surefire/surefire/2.12.4/surefire-2.12.4.pom
[4177f077-b38f-4025-ae22-b57bf4a93440/build]   | [INFO] Downloaded from central: https://repo.maven.apache.org/maven2/org/apache/maven/surefire/surefire/2.12.4/surefire-2.12.4.pom (14 kB at 431 kB/s)
[4177f077-b38f-4025-ae22-b57bf4a93440/build]   | [INFO] Downloading from central: https://repo.maven.apache.org/maven2/org/apache/maven/plugins/maven-surefire-plugin/2.12.4/maven-surefire-plugin-2.12.4.jar
[4177f077-b38f-4025-ae22-b57bf4a93440/build]   | [INFO] Downloaded from central: https://repo.maven.apache.org/maven2/org/apache/maven/plugins/maven-surefire-plugin/2.12.4/maven-surefire-plugin-2.12.4.jar (30 kB at 534 kB/s)
[4177f077-b38f-4025-ae22-b57bf4a93440/build]   | [INFO] Downloading from central: https://repo.maven.apache.org/maven2/org/apache/maven/plugins/maven-jar-plugin/2.4/maven-jar-plugin-2.4.pom
[4177f077-b38f-4025-ae22-b57bf4a93440/build]   | [INFO] Downloaded from central: https://repo.maven.apache.org/maven2/org/apache/maven/plugins/maven-jar-plugin/2.4/maven-jar-plugin-2.4.pom (5.8 kB at 130 kB/s)
[4177f077-b38f-4025-ae22-b57bf4a93440/build]   | [INFO] Downloading from central: https://repo.maven.apache.org/maven2/org/apache/maven/plugins/maven-jar-plugin/2.4/maven-jar-plugin-2.4.jar
[4177f077-b38f-4025-ae22-b57bf4a93440/build]   | [INFO] Downloaded from central: https://repo.maven.apache.org/maven2/org/apache/maven/plugins/maven-jar-plugin/2.4/maven-jar-plugin-2.4.jar (34 kB at 493 kB/s)
[4177f077-b38f-4025-ae22-b57bf4a93440/build]   | [INFO] Downloading from central: https://repo.maven.apache.org/maven2/org/clojure/clojure/1.4.0/clojure-1.4.0.pom
[4177f077-b38f-4025-ae22-b57bf4a93440/build]   | [INFO] Downloaded from central: https://repo.maven.apache.org/maven2/org/clojure/clojure/1.4.0/clojure-1.4.0.pom (5.4 kB at 339 kB/s)
[4177f077-b38f-4025-ae22-b57bf4a93440/build]   | [INFO] Downloading from central: https://repo.maven.apache.org/maven2/org/sonatype/oss/oss-parent/5/oss-parent-5.pom
[4177f077-b38f-4025-ae22-b57bf4a93440/build]   | [INFO] Downloaded from central: https://repo.maven.apache.org/maven2/org/sonatype/oss/oss-parent/5/oss-parent-5.pom (4.1 kB at 314 kB/s)
[4177f077-b38f-4025-ae22-b57bf4a93440/build]   | [INFO] Downloading from central: https://repo.maven.apache.org/maven2/com/google/guava/guava/13.0.1/guava-13.0.1.pom
[4177f077-b38f-4025-ae22-b57bf4a93440/build]   | [INFO] Downloaded from central: https://repo.maven.apache.org/maven2/com/google/guava/guava/13.0.1/guava-13.0.1.pom (5.3 kB at 22 kB/s)
[4177f077-b38f-4025-ae22-b57bf4a93440/build]   | [INFO] Downloading from central: https://repo.maven.apache.org/maven2/com/google/guava/guava-parent/13.0.1/guava-parent-13.0.1.pom
[4177f077-b38f-4025-ae22-b57bf4a93440/build]   | [INFO] Downloaded from central: https://repo.maven.apache.org/maven2/com/google/guava/guava-parent/13.0.1/guava-parent-13.0.1.pom (2.6 kB at 182 kB/s)
[4177f077-b38f-4025-ae22-b57bf4a93440/build]   | [INFO] Downloading from central: https://repo.maven.apache.org/maven2/org/sonatype/oss/oss-parent/7/oss-parent-7.pom
[4177f077-b38f-4025-ae22-b57bf4a93440/build]   | [INFO] Downloaded from central: https://repo.maven.apache.org/maven2/org/sonatype/oss/oss-parent/7/oss-parent-7.pom (4.8 kB at 7.0 kB/s)
[4177f077-b38f-4025-ae22-b57bf4a93440/build]   | [INFO] Downloading from central: https://repo.maven.apache.org/maven2/com/itextpdf/itextpdf/5.3.2/itextpdf-5.3.2.pom
[4177f077-b38f-4025-ae22-b57bf4a93440/build]   | [INFO] Downloaded from central: https://repo.maven.apache.org/maven2/com/itextpdf/itextpdf/5.3.2/itextpdf-5.3.2.pom (5.5 kB at 22 kB/s)
[4177f077-b38f-4025-ae22-b57bf4a93440/build]   | [INFO] Downloading from central: https://repo.maven.apache.org/maven2/com/itextpdf/itext-parent/1.0.0/itext-parent-1.0.0.pom
[4177f077-b38f-4025-ae22-b57bf4a93440/build]   | [INFO] Downloaded from central: https://repo.maven.apache.org/maven2/com/itextpdf/itext-parent/1.0.0/itext-parent-1.0.0.pom (3.6 kB at 109 kB/s)
[4177f077-b38f-4025-ae22-b57bf4a93440/build]   | [INFO] Downloading from central: https://repo.maven.apache.org/maven2/net/java/dev/jna/jna/3.4.0/jna-3.4.0.pom
[4177f077-b38f-4025-ae22-b57bf4a93440/build]   | [INFO] Downloaded from central: https://repo.maven.apache.org/maven2/net/java/dev/jna/jna/3.4.0/jna-3.4.0.pom (2.2 kB at 135 kB/s)
[4177f077-b38f-4025-ae22-b57bf4a93440/build]   | [INFO] Downloading from central: https://repo.maven.apache.org/maven2/junit/junit/4.10/junit-4.10.pom
[4177f077-b38f-4025-ae22-b57bf4a93440/build]   | [INFO] Downloaded from central: https://repo.maven.apache.org/maven2/junit/junit/4.10/junit-4.10.pom (2.3 kB at 94 kB/s)
[4177f077-b38f-4025-ae22-b57bf4a93440/build]   | [INFO] Downloading from central: https://repo.maven.apache.org/maven2/org/hamcrest/hamcrest-core/1.1/hamcrest-core-1.1.pom
[4177f077-b38f-4025-ae22-b57bf4a93440/build]   | [INFO] Downloaded from central: https://repo.maven.apache.org/maven2/org/hamcrest/hamcrest-core/1.1/hamcrest-core-1.1.pom (481 B at 25 kB/s)
[4177f077-b38f-4025-ae22-b57bf4a93440/build]   | [INFO] Downloading from central: https://repo.maven.apache.org/maven2/org/hamcrest/hamcrest-parent/1.1/hamcrest-parent-1.1.pom
[4177f077-b38f-4025-ae22-b57bf4a93440/build]   | [INFO] Downloaded from central: https://repo.maven.apache.org/maven2/org/hamcrest/hamcrest-parent/1.1/hamcrest-parent-1.1.pom (5.9 kB at 294 kB/s)
[4177f077-b38f-4025-ae22-b57bf4a93440/build]   | [INFO] Downloading from central: https://repo.maven.apache.org/maven2/org/python/jython/2.5.3/jython-2.5.3.pom
[4177f077-b38f-4025-ae22-b57bf4a93440/build]   | [INFO] Downloaded from central: https://repo.maven.apache.org/maven2/org/python/jython/2.5.3/jython-2.5.3.pom (1.4 kB at 102 kB/s)
[4177f077-b38f-4025-ae22-b57bf4a93440/build]   | [INFO] Downloading from central: https://repo.maven.apache.org/maven2/net/sf/opencsv/opencsv/2.3/opencsv-2.3.pom
[4177f077-b38f-4025-ae22-b57bf4a93440/build]   | [INFO] Downloaded from central: https://repo.maven.apache.org/maven2/net/sf/opencsv/opencsv/2.3/opencsv-2.3.pom (5.4 kB at 248 kB/s)
[4177f077-b38f-4025-ae22-b57bf4a93440/build]   | [INFO] Downloading from central: https://repo.maven.apache.org/maven2/org/piccolo2d/piccolo2d-core/1.3.1/piccolo2d-core-1.3.1.pom
[4177f077-b38f-4025-ae22-b57bf4a93440/build]   | [INFO] Downloaded from central: https://repo.maven.apache.org/maven2/org/piccolo2d/piccolo2d-core/1.3.1/piccolo2d-core-1.3.1.pom (6.5 kB at 27 kB/s)
[4177f077-b38f-4025-ae22-b57bf4a93440/build]   | [INFO] Downloading from central: https://repo.maven.apache.org/maven2/org/piccolo2d/piccolo2d-parent/1.3.1/piccolo2d-parent-1.3.1.pom
[4177f077-b38f-4025-ae22-b57bf4a93440/build]   | [INFO] Downloaded from central: https://repo.maven.apache.org/maven2/org/piccolo2d/piccolo2d-parent/1.3.1/piccolo2d-parent-1.3.1.pom (13 kB at 252 kB/s)
[4177f077-b38f-4025-ae22-b57bf4a93440/build]   | [INFO] Downloading from central: https://repo.maven.apache.org/maven2/xom/xom/1.2.5/xom-1.2.5.pom
[4177f077-b38f-4025-ae22-b57bf4a93440/build]   | [INFO] Downloaded from central: https://repo.maven.apache.org/maven2/xom/xom/1.2.5/xom-1.2.5.pom (1.9 kB at 40 kB/s)
[4177f077-b38f-4025-ae22-b57bf4a93440/build]   | [INFO] Downloading from central: https://repo.maven.apache.org/maven2/xml-apis/xml-apis/1.3.03/xml-apis-1.3.03.pom
[4177f077-b38f-4025-ae22-b57bf4a93440/build]   | [INFO] Downloaded from central: https://repo.maven.apache.org/maven2/xml-apis/xml-apis/1.3.03/xml-apis-1.3.03.pom (738 B at 21 kB/s)
[4177f077-b38f-4025-ae22-b57bf4a93440/build]   | [INFO] Downloading from central: https://repo.maven.apache.org/maven2/org/apache/apache/1/apache-1.pom
[4177f077-b38f-4025-ae22-b57bf4a93440/build]   | [INFO] Downloaded from central: https://repo.maven.apache.org/maven2/org/apache/apache/1/apache-1.pom (3.4 kB at 92 kB/s)
[4177f077-b38f-4025-ae22-b57bf4a93440/build]   | [INFO] Downloading from central: https://repo.maven.apache.org/maven2/xerces/xercesImpl/2.8.0/xercesImpl-2.8.0.pom
[4177f077-b38f-4025-ae22-b57bf4a93440/build]   | [INFO] Downloaded from central: https://repo.maven.apache.org/maven2/xerces/xercesImpl/2.8.0/xercesImpl-2.8.0.pom (1.4 kB at 141 kB/s)
[4177f077-b38f-4025-ae22-b57bf4a93440/build]   | [INFO] Downloading from central: https://repo.maven.apache.org/maven2/xalan/xalan/2.7.0/xalan-2.7.0.pom
[4177f077-b38f-4025-ae22-b57bf4a93440/build]   | [INFO] Downloaded from central: https://repo.maven.apache.org/maven2/xalan/xalan/2.7.0/xalan-2.7.0.pom (491 B at 55 kB/s)
[4177f077-b38f-4025-ae22-b57bf4a93440/build]   | [INFO] Downloading from central: https://repo.maven.apache.org/maven2/xml-apis/xml-apis/2.0.2/xml-apis-2.0.2.pom
[4177f077-b38f-4025-ae22-b57bf4a93440/build]   | [INFO] Downloaded from central: https://repo.maven.apache.org/maven2/xml-apis/xml-apis/2.0.2/xml-apis-2.0.2.pom (346 B at 20 kB/s)
[4177f077-b38f-4025-ae22-b57bf4a93440/build]   | [INFO] Downloading from central: https://repo.maven.apache.org/maven2/xml-apis/xml-apis/1.0.b2/xml-apis-1.0.b2.pom
[4177f077-b38f-4025-ae22-b57bf4a93440/build]   | [INFO] Downloaded from central: https://repo.maven.apache.org/maven2/xml-apis/xml-apis/1.0.b2/xml-apis-1.0.b2.pom (2.2 kB at 36 kB/s)
[4177f077-b38f-4025-ae22-b57bf4a93440/build]   | [INFO] Downloading from central: https://repo.maven.apache.org/maven2/org/clojure/clojure/1.4.0/clojure-1.4.0.jar
[4177f077-b38f-4025-ae22-b57bf4a93440/build]   | [INFO] Downloading from central: https://repo.maven.apache.org/maven2/com/google/guava/guava/13.0.1/guava-13.0.1.jar
[4177f077-b38f-4025-ae22-b57bf4a93440/build]   | [INFO] Downloading from central: https://repo.maven.apache.org/maven2/com/itextpdf/itextpdf/5.3.2/itextpdf-5.3.2.jar
[4177f077-b38f-4025-ae22-b57bf4a93440/build]   | [INFO] Downloading from central: https://repo.maven.apache.org/maven2/net/java/dev/jna/jna/3.4.0/jna-3.4.0.jar
[4177f077-b38f-4025-ae22-b57bf4a93440/build]   | [INFO] Downloading from central: https://repo.maven.apache.org/maven2/junit/junit/4.10/junit-4.10.jar
[4177f077-b38f-4025-ae22-b57bf4a93440/build]   | [INFO] Downloaded from central: https://repo.maven.apache.org/maven2/junit/junit/4.10/junit-4.10.jar (253 kB at 977 kB/s)
[4177f077-b38f-4025-ae22-b57bf4a93440/build]   | [INFO] Downloading from central: https://repo.maven.apache.org/maven2/org/hamcrest/hamcrest-core/1.1/hamcrest-core-1.1.jar
[4177f077-b38f-4025-ae22-b57bf4a93440/build]   | [INFO] Downloaded from central: https://repo.maven.apache.org/maven2/org/hamcrest/hamcrest-core/1.1/hamcrest-core-1.1.jar (77 kB at 156 kB/s)
[4177f077-b38f-4025-ae22-b57bf4a93440/build]   | [INFO] Downloading from central: https://repo.maven.apache.org/maven2/org/python/jython/2.5.3/jython-2.5.3.jar
[4177f077-b38f-4025-ae22-b57bf4a93440/build]   | [INFO] Downloaded from central: https://repo.maven.apache.org/maven2/net/java/dev/jna/jna/3.4.0/jna-3.4.0.jar (1.0 MB at 744 kB/s)
[4177f077-b38f-4025-ae22-b57bf4a93440/build]   | [INFO] Downloading from central: https://repo.maven.apache.org/maven2/net/sf/opencsv/opencsv/2.3/opencsv-2.3.jar
[4177f077-b38f-4025-ae22-b57bf4a93440/build]   | [INFO] Downloaded from central: https://repo.maven.apache.org/maven2/net/sf/opencsv/opencsv/2.3/opencsv-2.3.jar (20 kB at 14 kB/s)
[4177f077-b38f-4025-ae22-b57bf4a93440/build]   | [INFO] Downloading from central: https://repo.maven.apache.org/maven2/org/piccolo2d/piccolo2d-core/1.3.1/piccolo2d-core-1.3.1.jar
[4177f077-b38f-4025-ae22-b57bf4a93440/build]   | [INFO] Downloaded from central: https://repo.maven.apache.org/maven2/org/piccolo2d/piccolo2d-core/1.3.1/piccolo2d-core-1.3.1.jar (121 kB at 82 kB/s)
[4177f077-b38f-4025-ae22-b57bf4a93440/build]   | [INFO] Downloading from central: https://repo.maven.apache.org/maven2/xom/xom/1.2.5/xom-1.2.5.jar
[4177f077-b38f-4025-ae22-b57bf4a93440/build]   | [INFO] Downloaded from central: https://repo.maven.apache.org/maven2/xom/xom/1.2.5/xom-1.2.5.jar (309 kB at 189 kB/s)
[4177f077-b38f-4025-ae22-b57bf4a93440/build]   | [INFO] Downloading from central: https://repo.maven.apache.org/maven2/xml-apis/xml-apis/1.3.03/xml-apis-1.3.03.jar
[4177f077-b38f-4025-ae22-b57bf4a93440/build]   | [INFO] Downloaded from central: https://repo.maven.apache.org/maven2/com/itextpdf/itextpdf/5.3.2/itextpdf-5.3.2.jar (1.8 MB at 1.1 MB/s)
[4177f077-b38f-4025-ae22-b57bf4a93440/build]   | [INFO] Downloading from central: https://repo.maven.apache.org/maven2/xerces/xercesImpl/2.8.0/xercesImpl-2.8.0.jar
[4177f077-b38f-4025-ae22-b57bf4a93440/build]   | [INFO] Downloaded from central: https://repo.maven.apache.org/maven2/com/google/guava/guava/13.0.1/guava-13.0.1.jar (1.9 MB at 1.1 MB/s)
[4177f077-b38f-4025-ae22-b57bf4a93440/build]   | [INFO] Downloading from central: https://repo.maven.apache.org/maven2/xalan/xalan/2.7.0/xalan-2.7.0.jar
[4177f077-b38f-4025-ae22-b57bf4a93440/build]   | [INFO] Downloaded from central: https://repo.maven.apache.org/maven2/xml-apis/xml-apis/1.3.03/xml-apis-1.3.03.jar (195 kB at 107 kB/s)
[4177f077-b38f-4025-ae22-b57bf4a93440/build]   | [INFO] Downloaded from central: https://repo.maven.apache.org/maven2/xerces/xercesImpl/2.8.0/xercesImpl-2.8.0.jar (1.2 MB at 556 kB/s)
[4177f077-b38f-4025-ae22-b57bf4a93440/build]   | [INFO] Downloaded from central: https://repo.maven.apache.org/maven2/org/clojure/clojure/1.4.0/clojure-1.4.0.jar (3.4 MB at 1.3 MB/s)
[4177f077-b38f-4025-ae22-b57bf4a93440/build]   | [INFO] Downloaded from central: https://repo.maven.apache.org/maven2/xalan/xalan/2.7.0/xalan-2.7.0.jar (2.7 MB at 1.1 MB/s)
[4177f077-b38f-4025-ae22-b57bf4a93440/build]   | [INFO] Downloaded from central: https://repo.maven.apache.org/maven2/org/python/jython/2.5.3/jython-2.5.3.jar (8.3 MB at 2.5 MB/s)
[4177f077-b38f-4025-ae22-b57bf4a93440/build]   | [INFO] 
[4177f077-b38f-4025-ae22-b57bf4a93440/build]   | [INFO] --- maven-resources-plugin:2.6:resources (default-resources) @ nodebox ---
[4177f077-b38f-4025-ae22-b57bf4a93440/build]   | [INFO] Downloading from central: https://repo.maven.apache.org/maven2/org/apache/maven/maven-plugin-api/2.0.6/maven-plugin-api-2.0.6.pom
[4177f077-b38f-4025-ae22-b57bf4a93440/build]   | [INFO] Downloaded from central: https://repo.maven.apache.org/maven2/org/apache/maven/maven-plugin-api/2.0.6/maven-plugin-api-2.0.6.pom (1.5 kB at 36 kB/s)
[4177f077-b38f-4025-ae22-b57bf4a93440/build]   | [INFO] Downloading from central: https://repo.maven.apache.org/maven2/org/apache/maven/maven/2.0.6/maven-2.0.6.pom
[4177f077-b38f-4025-ae22-b57bf4a93440/build]   | [INFO] Downloaded from central: https://repo.maven.apache.org/maven2/org/apache/maven/maven/2.0.6/maven-2.0.6.pom (9.0 kB at 245 kB/s)
[4177f077-b38f-4025-ae22-b57bf4a93440/build]   | [INFO] Downloading from central: https://repo.maven.apache.org/maven2/org/apache/maven/maven-parent/5/maven-parent-5.pom
[4177f077-b38f-4025-ae22-b57bf4a93440/build]   | [INFO] Downloaded from central: https://repo.maven.apache.org/maven2/org/apache/maven/maven-parent/5/maven-parent-5.pom (15 kB at 952 kB/s)
[4177f077-b38f-4025-ae22-b57bf4a93440/build]   | [INFO] Downloading from central: https://repo.maven.apache.org/maven2/org/apache/apache/3/apache-3.pom
[4177f077-b38f-4025-ae22-b57bf4a93440/build]   | [INFO] Downloaded from central: https://repo.maven.apache.org/maven2/org/apache/apache/3/apache-3.pom (3.4 kB at 191 kB/s)
[4177f077-b38f-4025-ae22-b57bf4a93440/build]   | [INFO] Downloading from central: https://repo.maven.apache.org/maven2/org/apache/maven/maven-project/2.0.6/maven-project-2.0.6.pom
[4177f077-b38f-4025-ae22-b57bf4a93440/build]   | [INFO] Downloaded from central: https://repo.maven.apache.org/maven2/org/apache/maven/maven-project/2.0.6/maven-project-2.0.6.pom (2.6 kB at 176 kB/s)
[4177f077-b38f-4025-ae22-b57bf4a93440/build]   | [INFO] Downloading from central: https://repo.maven.apache.org/maven2/org/apache/maven/maven-settings/2.0.6/maven-settings-2.0.6.pom
[4177f077-b38f-4025-ae22-b57bf4a93440/build]   | [INFO] Downloaded from central: https://repo.maven.apache.org/maven2/org/apache/maven/maven-settings/2.0.6/maven-settings-2.0.6.pom (2.0 kB at 69 kB/s)
[4177f077-b38f-4025-ae22-b57bf4a93440/build]   | [INFO] Downloading from central: https://repo.maven.apache.org/maven2/org/apache/maven/maven-model/2.0.6/maven-model-2.0.6.pom
[4177f077-b38f-4025-ae22-b57bf4a93440/build]   | [INFO] Downloaded from central: https://repo.maven.apache.org/maven2/org/apache/maven/maven-model/2.0.6/maven-model-2.0.6.pom (3.0 kB at 203 kB/s)
[4177f077-b38f-4025-ae22-b57bf4a93440/build]   | [INFO] Downloading from central: https://repo.maven.apache.org/maven2/org/codehaus/plexus/plexus-utils/1.4.1/plexus-utils-1.4.1.pom
[4177f077-b38f-4025-ae22-b57bf4a93440/build]   | [INFO] Downloaded from central: https://repo.maven.apache.org/maven2/org/codehaus/plexus/plexus-utils/1.4.1/plexus-utils-1.4.1.pom (1.9 kB at 83 kB/s)
[4177f077-b38f-4025-ae22-b57bf4a93440/build]   | [INFO] Downloading from central: https://repo.maven.apache.org/maven2/org/codehaus/plexus/plexus/1.0.11/plexus-1.0.11.pom
[4177f077-b38f-4025-ae22-b57bf4a93440/build]   | [INFO] Downloaded from central: https://repo.maven.apache.org/maven2/org/codehaus/plexus/plexus/1.0.11/plexus-1.0.11.pom (9.0 kB at 528 kB/s)
[4177f077-b38f-4025-ae22-b57bf4a93440/build]   | [INFO] Downloading from central: https://repo.maven.apache.org/maven2/org/codehaus/plexus/plexus-container-default/1.0-alpha-9-stable-1/plexus-container-default-1.0-alpha-9-stable-1.pom
[4177f077-b38f-4025-ae22-b57bf4a93440/build]   | [INFO] Downloaded from central: https://repo.maven.apache.org/maven2/org/codehaus/plexus/plexus-container-default/1.0-alpha-9-stable-1/plexus-container-default-1.0-alpha-9-stable-1.pom (3.9 kB at 395 kB/s)
[4177f077-b38f-4025-ae22-b57bf4a93440/build]   | [INFO] Downloading from central: https://repo.maven.apache.org/maven2/org/codehaus/plexus/plexus-containers/1.0.3/plexus-containers-1.0.3.pom
[4177f077-b38f-4025-ae22-b57bf4a93440/build]   | [INFO] Downloaded from central: https://repo.maven.apache.org/maven2/org/codehaus/plexus/plexus-containers/1.0.3/plexus-containers-1.0.3.pom (492 B at 70 kB/s)
[4177f077-b38f-4025-ae22-b57bf4a93440/build]   | [INFO] Downloading from central: https://repo.maven.apache.org/maven2/org/codehaus/plexus/plexus/1.0.4/plexus-1.0.4.pom
[4177f077-b38f-4025-ae22-b57bf4a93440/build]   | [INFO] Downloaded from central: https://repo.maven.apache.org/maven2/org/codehaus/plexus/plexus/1.0.4/plexus-1.0.4.pom (5.7 kB at 319 kB/s)
[4177f077-b38f-4025-ae22-b57bf4a93440/build]   | [INFO] Downloading from central: https://repo.maven.apache.org/maven2/junit/junit/3.8.1/junit-3.8.1.pom
[4177f077-b38f-4025-ae22-b57bf4a93440/build]   | [INFO] Downloaded from central: https://repo.maven.apache.org/maven2/junit/junit/3.8.1/junit-3.8.1.pom (998 B at 67 kB/s)
[4177f077-b38f-4025-ae22-b57bf4a93440/build]   | [INFO] Downloading from central: https://repo.maven.apache.org/maven2/org/codehaus/plexus/plexus-utils/1.0.4/plexus-utils-1.0.4.pom
[4177f077-b38f-4025-ae22-b57bf4a93440/build]   | [INFO] Downloaded from central: https://repo.maven.apache.org/maven2/org/codehaus/plexus/plexus-utils/1.0.4/plexus-utils-1.0.4.pom (6.9 kB at 264 kB/s)
[4177f077-b38f-4025-ae22-b57bf4a93440/build]   | [INFO] Downloading from central: https://repo.maven.apache.org/maven2/classworlds/classworlds/1.1-alpha-2/classworlds-1.1-alpha-2.pom
[4177f077-b38f-4025-ae22-b57bf4a93440/build]   | [INFO] Downloaded from central: https://repo.maven.apache.org/maven2/classworlds/classworlds/1.1-alpha-2/classworlds-1.1-alpha-2.pom (3.1 kB at 165 kB/s)
[4177f077-b38f-4025-ae22-b57bf4a93440/build]   | [INFO] Downloading from central: https://repo.maven.apache.org/maven2/org/apache/maven/maven-profile/2.0.6/maven-profile-2.0.6.pom
[4177f077-b38f-4025-ae22-b57bf4a93440/build]   | [INFO] Downloaded from central: https://repo.maven.apache.org/maven2/org/apache/maven/maven-profile/2.0.6/maven-profile-2.0.6.pom (2.0 kB at 99 kB/s)
[4177f077-b38f-4025-ae22-b57bf4a93440/build]   | [INFO] Downloading from central: https://repo.maven.apache.org/maven2/org/apache/maven/maven-artifact-manager/2.0.6/maven-artifact-manager-2.0.6.pom
[4177f077-b38f-4025-ae22-b57bf4a93440/build]   | [INFO] Downloaded from central: https://repo.maven.apache.org/maven2/org/apache/maven/maven-artifact-manager/2.0.6/maven-artifact-manager-2.0.6.pom (2.6 kB at 105 kB/s)
[4177f077-b38f-4025-ae22-b57bf4a93440/build]   | [INFO] Downloading from central: https://repo.maven.apache.org/maven2/org/apache/maven/maven-repository-metadata/2.0.6/maven-repository-metadata-2.0.6.pom
[4177f077-b38f-4025-ae22-b57bf4a93440/build]   | [INFO] Downloaded from central: https://repo.maven.apache.org/maven2/org/apache/maven/maven-repository-metadata/2.0.6/maven-repository-metadata-2.0.6.pom (1.9 kB at 142 kB/s)
[4177f077-b38f-4025-ae22-b57bf4a93440/build]   | [INFO] Downloading from central: https://repo.maven.apache.org/maven2/org/apache/maven/maven-artifact/2.0.6/maven-artifact-2.0.6.pom
[4177f077-b38f-4025-ae22-b57bf4a93440/build]   | [INFO] Downloaded from central: https://repo.maven.apache.org/maven2/org/apache/maven/maven-artifact/2.0.6/maven-artifact-2.0.6.pom (1.6 kB at 93 kB/s)
[4177f077-b38f-4025-ae22-b57bf4a93440/build]   | [INFO] Downloading from central: https://repo.maven.apache.org/maven2/org/apache/maven/maven-plugin-registry/2.0.6/maven-plugin-registry-2.0.6.pom
[4177f077-b38f-4025-ae22-b57bf4a93440/build]   | [INFO] Downloaded from central: https://repo.maven.apache.org/maven2/org/apache/maven/maven-plugin-registry/2.0.6/maven-plugin-registry-2.0.6.pom (1.9 kB at 150 kB/s)
[4177f077-b38f-4025-ae22-b57bf4a93440/build]   | [INFO] Downloading from central: https://repo.maven.apache.org/maven2/org/apache/maven/maven-core/2.0.6/maven-core-2.0.6.pom
[4177f077-b38f-4025-ae22-b57bf4a93440/build]   | [INFO] Downloaded from central: https://repo.maven.apache.org/maven2/org/apache/maven/maven-core/2.0.6/maven-core-2.0.6.pom (6.7 kB at 559 kB/s)
[4177f077-b38f-4025-ae22-b57bf4a93440/build]   | [INFO] Downloading from central: https://repo.maven.apache.org/maven2/org/apache/maven/maven-plugin-parameter-documenter/2.0.6/maven-plugin-parameter-documenter-2.0.6.pom
[4177f077-b38f-4025-ae22-b57bf4a93440/build]   | [INFO] Downloaded from central: https://repo.maven.apache.org/maven2/org/apache/maven/maven-plugin-parameter-documenter/2.0.6/maven-plugin-parameter-documenter-2.0.6.pom (1.9 kB at 191 kB/s)
[4177f077-b38f-4025-ae22-b57bf4a93440/build]   | [INFO] Downloading from central: https://repo.maven.apache.org/maven2/org/apache/maven/reporting/maven-reporting-api/2.0.6/maven-reporting-api-2.0.6.pom
[4177f077-b38f-4025-ae22-b57bf4a93440/build]   | [INFO] Downloaded from central: https://repo.maven.apache.org/maven2/org/apache/maven/reporting/maven-reporting-api/2.0.6/maven-reporting-api-2.0.6.pom (1.8 kB at 146 kB/s)
[4177f077-b38f-4025-ae22-b57bf4a93440/build]   | [INFO] Downloading from central: https://repo.maven.apache.org/maven2/org/apache/maven/reporting/maven-reporting/2.0.6/maven-reporting-2.0.6.pom
[4177f077-b38f-4025-ae22-b57bf4a93440/build]   | [INFO] Downloaded from central: https://repo.maven.apache.org/maven2/org/apache/maven/reporting/maven-reporting/2.0.6/maven-reporting-2.0.6.pom (1.4 kB at 144 kB/s)
[4177f077-b38f-4025-ae22-b57bf4a93440/build]   | [INFO] Downloading from central: https://repo.maven.apache.org/maven2/org/apache/maven/doxia/doxia-sink-api/1.0-alpha-7/doxia-sink-api-1.0-alpha-7.pom
[4177f077-b38f-4025-ae22-b57bf4a93440/build]   | [INFO] Downloaded from central: https://repo.maven.apache.org/maven2/org/apache/maven/doxia/doxia-sink-api/1.0-alpha-7/doxia-sink-api-1.0-alpha-7.pom (424 B at 53 kB/s)
[4177f077-b38f-4025-ae22-b57bf4a93440/build]   | [INFO] Downloading from central: https://repo.maven.apache.org/maven2/org/apache/maven/doxia/doxia/1.0-alpha-7/doxia-1.0-alpha-7.pom
[4177f077-b38f-4025-ae22-b57bf4a93440/build]   | [INFO] Downloaded from central: https://repo.maven.apache.org/maven2/org/apache/maven/doxia/doxia/1.0-alpha-7/doxia-1.0-alpha-7.pom (3.9 kB at 115 kB/s)
[4177f077-b38f-4025-ae22-b57bf4a93440/build]   | [INFO] Downloading from central: https://repo.maven.apache.org/maven2/org/apache/maven/maven-error-diagnostics/2.0.6/maven-error-diagnostics-2.0.6.pom
[4177f077-b38f-4025-ae22-b57bf4a93440/build]   | [INFO] Downloaded from central: https://repo.maven.apache.org/maven2/org/apache/maven/maven-error-diagnostics/2.0.6/maven-error-diagnostics-2.0.6.pom (1.7 kB at 106 kB/s)
[4177f077-b38f-4025-ae22-b57bf4a93440/build]   | [INFO] Downloading from central: https://repo.maven.apache.org/maven2/commons-cli/commons-cli/1.0/commons-cli-1.0.pom
[4177f077-b38f-4025-ae22-b57bf4a93440/build]   | [INFO] Downloaded from central: https://repo.maven.apache.org/maven2/commons-cli/commons-cli/1.0/commons-cli-1.0.pom (2.1 kB at 191 kB/s)
[4177f077-b38f-4025-ae22-b57bf4a93440/build]   | [INFO] Downloading from central: https://repo.maven.apache.org/maven2/org/apache/maven/maven-plugin-descriptor/2.0.6/maven-plugin-descriptor-2.0.6.pom
[4177f077-b38f-4025-ae22-b57bf4a93440/build]   | [INFO] Downloaded from central: https://repo.maven.apache.org/maven2/org/apache/maven/maven-plugin-descriptor/2.0.6/maven-plugin-descriptor-2.0.6.pom (2.0 kB at 106 kB/s)
[4177f077-b38f-4025-ae22-b57bf4a93440/build]   | [INFO] Downloading from central: https://repo.maven.apache.org/maven2/org/codehaus/plexus/plexus-interactivity-api/1.0-alpha-4/plexus-interactivity-api-1.0-alpha-4.pom
[4177f077-b38f-4025-ae22-b57bf4a93440/build]   | [INFO] Downloaded from central: https://repo.maven.apache.org/maven2/org/codehaus/plexus/plexus-interactivity-api/1.0-alpha-4/plexus-interactivity-api-1.0-alpha-4.pom (7.1 kB at 355 kB/s)
[4177f077-b38f-4025-ae22-b57bf4a93440/build]   | [INFO] Downloading from central: https://repo.maven.apache.org/maven2/org/apache/maven/maven-monitor/2.0.6/maven-monitor-2.0.6.pom
[4177f077-b38f-4025-ae22-b57bf4a93440/build]   | [INFO] Downloaded from central: https://repo.maven.apache.org/maven2/org/apache/maven/maven-monitor/2.0.6/maven-monitor-2.0.6.pom (1.3 kB at 63 kB/s)
[4177f077-b38f-4025-ae22-b57bf4a93440/build]   | [INFO] Downloading from central: https://repo.maven.apache.org/maven2/classworlds/classworlds/1.1/classworlds-1.1.pom
[4177f077-b38f-4025-ae22-b57bf4a93440/build]   | [INFO] Downloaded from central: https://repo.maven.apache.org/maven2/classworlds/classworlds/1.1/classworlds-1.1.pom (3.3 kB at 59 kB/s)
[4177f077-b38f-4025-ae22-b57bf4a93440/build]   | [INFO] Downloading from central: https://repo.maven.apache.org/maven2/org/codehaus/plexus/plexus-utils/2.0.5/plexus-utils-2.0.5.pom
[4177f077-b38f-4025-ae22-b57bf4a93440/build]   | [INFO] Downloaded from central: https://repo.maven.apache.org/maven2/org/codehaus/plexus/plexus-utils/2.0.5/plexus-utils-2.0.5.pom (3.3 kB at 76 kB/s)
[4177f077-b38f-4025-ae22-b57bf4a93440/build]   | [INFO] Downloading from central: https://repo.maven.apache.org/maven2/org/codehaus/plexus/plexus/2.0.6/plexus-2.0.6.pom
[4177f077-b38f-4025-ae22-b57bf4a93440/build]   | [INFO] Downloaded from central: https://repo.maven.apache.org/maven2/org/codehaus/plexus/plexus/2.0.6/plexus-2.0.6.pom (17 kB at 310 kB/s)
[4177f077-b38f-4025-ae22-b57bf4a93440/build]   | [INFO] Downloading from central: https://repo.maven.apache.org/maven2/org/apache/maven/shared/maven-filtering/1.1/maven-filtering-1.1.pom
[4177f077-b38f-4025-ae22-b57bf4a93440/build]   | [INFO] Downloaded from central: https://repo.maven.apache.org/maven2/org/apache/maven/shared/maven-filtering/1.1/maven-filtering-1.1.pom (5.8 kB at 129 kB/s)
[4177f077-b38f-4025-ae22-b57bf4a93440/build]   | [INFO] Downloading from central: https://repo.maven.apache.org/maven2/org/apache/maven/shared/maven-shared-components/17/maven-shared-components-17.pom
[4177f077-b38f-4025-ae22-b57bf4a93440/build]   | [INFO] Downloaded from central: https://repo.maven.apache.org/maven2/org/apache/maven/shared/maven-shared-components/17/maven-shared-components-17.pom (8.7 kB at 483 kB/s)
[4177f077-b38f-4025-ae22-b57bf4a93440/build]   | [INFO] Downloading from central: https://repo.maven.apache.org/maven2/org/codehaus/plexus/plexus-utils/1.5.15/plexus-utils-1.5.15.pom
[4177f077-b38f-4025-ae22-b57bf4a93440/build]   | [INFO] Downloaded from central: https://repo.maven.apache.org/maven2/org/codehaus/plexus/plexus-utils/1.5.15/plexus-utils-1.5.15.pom (6.8 kB at 137 kB/s)
[4177f077-b38f-4025-ae22-b57bf4a93440/build]   | [INFO] Downloading from central: https://repo.maven.apache.org/maven2/org/codehaus/plexus/plexus/2.0.2/plexus-2.0.2.pom
[4177f077-b38f-4025-ae22-b57bf4a93440/build]   | [INFO] Downloaded from central: https://repo.maven.apache.org/maven2/org/codehaus/plexus/plexus/2.0.2/plexus-2.0.2.pom (12 kB at 430 kB/s)
[4177f077-b38f-4025-ae22-b57bf4a93440/build]   | [INFO] Downloading from central: https://repo.maven.apache.org/maven2/org/codehaus/plexus/plexus-interpolation/1.12/plexus-interpolation-1.12.pom
[4177f077-b38f-4025-ae22-b57bf4a93440/build]   | [INFO] Downloaded from central: https://repo.maven.apache.org/maven2/org/codehaus/plexus/plexus-interpolation/1.12/plexus-interpolation-1.12.pom (889 B at 81 kB/s)
[4177f077-b38f-4025-ae22-b57bf4a93440/build]   | [INFO] Downloading from central: https://repo.maven.apache.org/maven2/org/codehaus/plexus/plexus-components/1.1.14/plexus-components-1.1.14.pom
[4177f077-b38f-4025-ae22-b57bf4a93440/build]   | [INFO] Downloaded from central: https://repo.maven.apache.org/maven2/org/codehaus/plexus/plexus-components/1.1.14/plexus-components-1.1.14.pom (5.8 kB at 96 kB/s)
[4177f077-b38f-4025-ae22-b57bf4a93440/build]   | [INFO] Downloading from central: https://repo.maven.apache.org/maven2/org/sonatype/plexus/plexus-build-api/0.0.4/plexus-build-api-0.0.4.pom
[4177f077-b38f-4025-ae22-b57bf4a93440/build]   | [INFO] Downloaded from central: https://repo.maven.apache.org/maven2/org/sonatype/plexus/plexus-build-api/0.0.4/plexus-build-api-0.0.4.pom (2.9 kB at 119 kB/s)
[4177f077-b38f-4025-ae22-b57bf4a93440/build]   | [INFO] Downloading from central: https://repo.maven.apache.org/maven2/org/sonatype/spice/spice-parent/10/spice-parent-10.pom
[4177f077-b38f-4025-ae22-b57bf4a93440/build]   | [INFO] Downloaded from central: https://repo.maven.apache.org/maven2/org/sonatype/spice/spice-parent/10/spice-parent-10.pom (3.0 kB at 62 kB/s)
[4177f077-b38f-4025-ae22-b57bf4a93440/build]   | [INFO] Downloading from central: https://repo.maven.apache.org/maven2/org/sonatype/forge/forge-parent/3/forge-parent-3.pom
[4177f077-b38f-4025-ae22-b57bf4a93440/build]   | [INFO] Downloaded from central: https://repo.maven.apache.org/maven2/org/sonatype/forge/forge-parent/3/forge-parent-3.pom (5.0 kB at 101 kB/s)
[4177f077-b38f-4025-ae22-b57bf4a93440/build]   | [INFO] Downloading from central: https://repo.maven.apache.org/maven2/org/codehaus/plexus/plexus-utils/1.5.8/plexus-utils-1.5.8.pom
[4177f077-b38f-4025-ae22-b57bf4a93440/build]   | [INFO] Downloaded from central: https://repo.maven.apache.org/maven2/org/codehaus/plexus/plexus-utils/1.5.8/plexus-utils-1.5.8.pom (8.1 kB at 33 kB/s)
[4177f077-b38f-4025-ae22-b57bf4a93440/build]   | [INFO] Downloading from central: https://repo.maven.apache.org/maven2/org/codehaus/plexus/plexus-interpolation/1.13/plexus-interpolation-1.13.pom
[4177f077-b38f-4025-ae22-b57bf4a93440/build]   | [INFO] Downloaded from central: https://repo.maven.apache.org/maven2/org/codehaus/plexus/plexus-interpolation/1.13/plexus-interpolation-1.13.pom (890 B at 39 kB/s)
[4177f077-b38f-4025-ae22-b57bf4a93440/build]   | [INFO] Downloading from central: https://repo.maven.apache.org/maven2/org/codehaus/plexus/plexus-components/1.1.15/plexus-components-1.1.15.pom
[4177f077-b38f-4025-ae22-b57bf4a93440/build]   | [INFO] Downloaded from central: https://repo.maven.apache.org/maven2/org/codehaus/plexus/plexus-components/1.1.15/plexus-components-1.1.15.pom (2.8 kB at 11 kB/s)
[4177f077-b38f-4025-ae22-b57bf4a93440/build]   | [INFO] Downloading from central: https://repo.maven.apache.org/maven2/org/codehaus/plexus/plexus/2.0.3/plexus-2.0.3.pom
[4177f077-b38f-4025-ae22-b57bf4a93440/build]   | [INFO] Downloaded from central: https://repo.maven.apache.org/maven2/org/codehaus/plexus/plexus/2.0.3/plexus-2.0.3.pom (15 kB at 189 kB/s)
[4177f077-b38f-4025-ae22-b57bf4a93440/build]   | [INFO] Downloading from central: https://repo.maven.apache.org/maven2/org/apache/maven/maven-plugin-api/2.0.6/maven-plugin-api-2.0.6.jar
[4177f077-b38f-4025-ae22-b57bf4a93440/build]   | [INFO] Downloading from central: https://repo.maven.apache.org/maven2/org/apache/maven/maven-project/2.0.6/maven-project-2.0.6.jar
[4177f077-b38f-4025-ae22-b57bf4a93440/build]   | [INFO] Downloading from central: https://repo.maven.apache.org/maven2/org/apache/maven/maven-profile/2.0.6/maven-profile-2.0.6.jar
[4177f077-b38f-4025-ae22-b57bf4a93440/build]   | [INFO] Downloading from central: https://repo.maven.apache.org/maven2/org/apache/maven/maven-artifact-manager/2.0.6/maven-artifact-manager-2.0.6.jar
[4177f077-b38f-4025-ae22-b57bf4a93440/build]   | [INFO] Downloading from central: https://repo.maven.apache.org/maven2/org/apache/maven/maven-plugin-registry/2.0.6/maven-plugin-registry-2.0.6.jar
[4177f077-b38f-4025-ae22-b57bf4a93440/build]   | [INFO] Downloaded from central: https://repo.maven.apache.org/maven2/org/apache/maven/maven-plugin-registry/2.0.6/maven-plugin-registry-2.0.6.jar (29 kB at 964 kB/s)
[4177f077-b38f-4025-ae22-b57bf4a93440/build]   | [INFO] Downloading from central: https://repo.maven.apache.org/maven2/org/apache/maven/maven-core/2.0.6/maven-core-2.0.6.jar
[4177f077-b38f-4025-ae22-b57bf4a93440/build]   | [INFO] Downloaded from central: https://repo.maven.apache.org/maven2/org/apache/maven/maven-profile/2.0.6/maven-profile-2.0.6.jar (35 kB at 559 kB/s)
[4177f077-b38f-4025-ae22-b57bf4a93440/build]   | [INFO] Downloading from central: https://repo.maven.apache.org/maven2/org/apache/maven/maven-plugin-parameter-documenter/2.0.6/maven-plugin-parameter-documenter-2.0.6.jar
[4177f077-b38f-4025-ae22-b57bf4a93440/build]   | [INFO] Downloaded from central: https://repo.maven.apache.org/maven2/org/apache/maven/maven-plugin-parameter-documenter/2.0.6/maven-plugin-parameter-documenter-2.0.6.jar (21 kB at 247 kB/s)
[4177f077-b38f-4025-ae22-b57bf4a93440/build]   | [INFO] Downloading from central: https://repo.maven.apache.org/maven2/org/apache/maven/reporting/maven-reporting-api/2.0.6/maven-reporting-api-2.0.6.jar
[4177f077-b38f-4025-ae22-b57bf4a93440/build]   | [INFO] Downloaded from central: https://repo.maven.apache.org/maven2/org/apache/maven/reporting/maven-reporting-api/2.0.6/maven-reporting-api-2.0.6.jar (9.9 kB at 83 kB/s)
[4177f077-b38f-4025-ae22-b57bf4a93440/build]   | [INFO] Downloading from central: https://repo.maven.apache.org/maven2/org/apache/maven/doxia/doxia-sink-api/1.0-alpha-7/doxia-sink-api-1.0-alpha-7.jar
[4177f077-b38f-4025-ae22-b57bf4a93440/build]   | [INFO] Downloaded from central: https://repo.maven.apache.org/maven2/org/apache/maven/doxia/doxia-sink-api/1.0-alpha-7/doxia-sink-api-1.0-alpha-7.jar (5.9 kB at 43 kB/s)
[4177f077-b38f-4025-ae22-b57bf4a93440/build]   | [INFO] Downloading from central: https://repo.maven.apache.org/maven2/org/apache/maven/maven-repository-metadata/2.0.6/maven-repository-metadata-2.0.6.jar
[4177f077-b38f-4025-ae22-b57bf4a93440/build]   | [INFO] Downloaded from central: https://repo.maven.apache.org/maven2/org/apache/maven/maven-project/2.0.6/maven-project-2.0.6.jar (116 kB at 449 kB/s)
[4177f077-b38f-4025-ae22-b57bf4a93440/build]   | [INFO] Downloading from central: https://repo.maven.apache.org/maven2/org/apache/maven/maven-error-diagnostics/2.0.6/maven-error-diagnostics-2.0.6.jar
[4177f077-b38f-4025-ae22-b57bf4a93440/build]   | [INFO] Downloaded from central: https://repo.maven.apache.org/maven2/org/apache/maven/maven-plugin-api/2.0.6/maven-plugin-api-2.0.6.jar (13 kB at 35 kB/s)
[4177f077-b38f-4025-ae22-b57bf4a93440/build]   | [INFO] Downloading from central: https://repo.maven.apache.org/maven2/commons-cli/commons-cli/1.0/commons-cli-1.0.jar
[4177f077-b38f-4025-ae22-b57bf4a93440/build]   | [INFO] Downloaded from central: https://repo.maven.apache.org/maven2/commons-cli/commons-cli/1.0/commons-cli-1.0.jar (30 kB at 44 kB/s)
[4177f077-b38f-4025-ae22-b57bf4a93440/build]   | [INFO] Downloading from central: https://repo.maven.apache.org/maven2/org/apache/maven/maven-plugin-descriptor/2.0.6/maven-plugin-descriptor-2.0.6.jar
[4177f077-b38f-4025-ae22-b57bf4a93440/build]   | [INFO] Downloaded from central: https://repo.maven.apache.org/maven2/org/apache/maven/maven-error-diagnostics/2.0.6/maven-error-diagnostics-2.0.6.jar (14 kB at 17 kB/s)
[4177f077-b38f-4025-ae22-b57bf4a93440/build]   | [INFO] Downloading from central: https://repo.maven.apache.org/maven2/org/codehaus/plexus/plexus-interactivity-api/1.0-alpha-4/plexus-interactivity-api-1.0-alpha-4.jar
[4177f077-b38f-4025-ae22-b57bf4a93440/build]   | [INFO] Downloaded from central: https://repo.maven.apache.org/maven2/org/apache/maven/maven-repository-metadata/2.0.6/maven-repository-metadata-2.0.6.jar (24 kB at 30 kB/s)
[4177f077-b38f-4025-ae22-b57bf4a93440/build]   | [INFO] Downloading from central: https://repo.maven.apache.org/maven2/classworlds/classworlds/1.1/classworlds-1.1.jar
[4177f077-b38f-4025-ae22-b57bf4a93440/build]   | [INFO] Downloaded from central: https://repo.maven.apache.org/maven2/org/apache/maven/maven-artifact-manager/2.0.6/maven-artifact-manager-2.0.6.jar (57 kB at 49 kB/s)
[4177f077-b38f-4025-ae22-b57bf4a93440/build]   | [INFO] Downloading from central: https://repo.maven.apache.org/maven2/org/apache/maven/maven-artifact/2.0.6/maven-artifact-2.0.6.jar
[4177f077-b38f-4025-ae22-b57bf4a93440/build]   | [INFO] Downloaded from central: https://repo.maven.apache.org/maven2/classworlds/classworlds/1.1/classworlds-1.1.jar (38 kB at 28 kB/s)
[4177f077-b38f-4025-ae22-b57bf4a93440/build]   | [INFO] Downloading from central: https://repo.maven.apache.org/maven2/org/apache/maven/maven-settings/2.0.6/maven-settings-2.0.6.jar
[4177f077-b38f-4025-ae22-b57bf4a93440/build]   | [INFO] Downloaded from central: https://repo.maven.apache.org/maven2/org/apache/maven/maven-plugin-descriptor/2.0.6/maven-plugin-descriptor-2.0.6.jar (37 kB at 15 kB/s)
[4177f077-b38f-4025-ae22-b57bf4a93440/build]   | [INFO] Downloading from central: https://repo.maven.apache.org/maven2/org/apache/maven/maven-model/2.0.6/maven-model-2.0.6.jar
[4177f077-b38f-4025-ae22-b57bf4a93440/build]   | [INFO] Downloaded from central: https://repo.maven.apache.org/maven2/org/codehaus/plexus/plexus-interactivity-api/1.0-alpha-4/plexus-interactivity-api-1.0-alpha-4.jar (13 kB at 5.6 kB/s)
[4177f077-b38f-4025-ae22-b57bf4a93440/build]   | [INFO] Downloading from central: https://repo.maven.apache.org/maven2/org/apache/maven/maven-monitor/2.0.6/maven-monitor-2.0.6.jar
[4177f077-b38f-4025-ae22-b57bf4a93440/build]   | [INFO] Downloaded from central: https://repo.maven.apache.org/maven2/org/apache/maven/maven-monitor/2.0.6/maven-monitor-2.0.6.jar (10 kB at 4.1 kB/s)
[4177f077-b38f-4025-ae22-b57bf4a93440/build]   | [INFO] Downloading from central: https://repo.maven.apache.org/maven2/org/codehaus/plexus/plexus-container-default/1.0-alpha-9-stable-1/plexus-container-default-1.0-alpha-9-stable-1.jar
[4177f077-b38f-4025-ae22-b57bf4a93440/build]   | [INFO] Downloaded from central: https://repo.maven.apache.org/maven2/org/apache/maven/maven-model/2.0.6/maven-model-2.0.6.jar (86 kB at 35 kB/s)
[4177f077-b38f-4025-ae22-b57bf4a93440/build]   | [INFO] Downloading from central: https://repo.maven.apache.org/maven2/junit/junit/3.8.1/junit-3.8.1.jar
[4177f077-b38f-4025-ae22-b57bf4a93440/build]   | [INFO] Downloaded from central: https://repo.maven.apache.org/maven2/junit/junit/3.8.1/junit-3.8.1.jar (121 kB at 48 kB/s)
[4177f077-b38f-4025-ae22-b57bf4a93440/build]   | [INFO] Downloading from central: https://repo.maven.apache.org/maven2/org/codehaus/plexus/plexus-utils/2.0.5/plexus-utils-2.0.5.jar
[4177f077-b38f-4025-ae22-b57bf4a93440/build]   | [INFO] Downloaded from central: https://repo.maven.apache.org/maven2/org/codehaus/plexus/plexus-utils/2.0.5/plexus-utils-2.0.5.jar (223 kB at 86 kB/s)
[4177f077-b38f-4025-ae22-b57bf4a93440/build]   | [INFO] Downloading from central: https://repo.maven.apache.org/maven2/org/apache/maven/shared/maven-filtering/1.1/maven-filtering-1.1.jar
[4177f077-b38f-4025-ae22-b57bf4a93440/build]   | [INFO] Downloaded from central: https://repo.maven.apache.org/maven2/org/apache/maven/maven-artifact/2.0.6/maven-artifact-2.0.6.jar (87 kB at 33 kB/s)
[4177f077-b38f-4025-ae22-b57bf4a93440/build]   | [INFO] Downloading from central: https://repo.maven.apache.org/maven2/org/sonatype/plexus/plexus-build-api/0.0.4/plexus-build-api-0.0.4.jar
[4177f077-b38f-4025-ae22-b57bf4a93440/build]   | [INFO] Downloaded from central: https://repo.maven.apache.org/maven2/org/apache/maven/shared/maven-filtering/1.1/maven-filtering-1.1.jar (43 kB at 16 kB/s)
[4177f077-b38f-4025-ae22-b57bf4a93440/build]   | [INFO] Downloading from central: https://repo.maven.apache.org/maven2/org/codehaus/plexus/plexus-interpolation/1.13/plexus-interpolation-1.13.jar
[4177f077-b38f-4025-ae22-b57bf4a93440/build]   | [INFO] Downloaded from central: https://repo.maven.apache.org/maven2/org/sonatype/plexus/plexus-build-api/0.0.4/plexus-build-api-0.0.4.jar (6.8 kB at 2.6 kB/s)
[4177f077-b38f-4025-ae22-b57bf4a93440/build]   | [INFO] Downloaded from central: https://repo.maven.apache.org/maven2/org/codehaus/plexus/plexus-container-default/1.0-alpha-9-stable-1/plexus-container-default-1.0-alpha-9-stable-1.jar (194 kB at 73 kB/s)
[4177f077-b38f-4025-ae22-b57bf4a93440/build]   | [INFO] Downloaded from central: https://repo.maven.apache.org/maven2/org/codehaus/plexus/plexus-interpolation/1.13/plexus-interpolation-1.13.jar (61 kB at 20 kB/s)
[4177f077-b38f-4025-ae22-b57bf4a93440/build]   | [INFO] Downloaded from central: https://repo.maven.apache.org/maven2/org/apache/maven/maven-settings/2.0.6/maven-settings-2.0.6.jar (49 kB at 15 kB/s)
[4177f077-b38f-4025-ae22-b57bf4a93440/build]   | [INFO] Downloaded from central: https://repo.maven.apache.org/maven2/org/apache/maven/maven-core/2.0.6/maven-core-2.0.6.jar (152 kB at 43 kB/s)
[4177f077-b38f-4025-ae22-b57bf4a93440/build]   | [WARNING] Using platform encoding (UTF-8 actually) to copy filtered resources, i.e. build is platform dependent!
[4177f077-b38f-4025-ae22-b57bf4a93440/build]   | [INFO] skip non existing resourceDirectory /tmp/a338f13a-7465-43af-bca6-b15bf96f1c07/src/main/resources
[4177f077-b38f-4025-ae22-b57bf4a93440/build]   | [INFO] 
[4177f077-b38f-4025-ae22-b57bf4a93440/build]   | [INFO] --- maven-compiler-plugin:2.5.1:compile (default-compile) @ nodebox ---
[4177f077-b38f-4025-ae22-b57bf4a93440/build]   | [INFO] Downloading from central: https://repo.maven.apache.org/maven2/org/apache/maven/maven-plugin-api/2.0.9/maven-plugin-api-2.0.9.pom
[4177f077-b38f-4025-ae22-b57bf4a93440/build]   | [INFO] Downloaded from central: https://repo.maven.apache.org/maven2/org/apache/maven/maven-plugin-api/2.0.9/maven-plugin-api-2.0.9.pom (1.5 kB at 23 kB/s)
[4177f077-b38f-4025-ae22-b57bf4a93440/build]   | [INFO] Downloading from central: https://repo.maven.apache.org/maven2/org/apache/maven/maven/2.0.9/maven-2.0.9.pom
[4177f077-b38f-4025-ae22-b57bf4a93440/build]   | [INFO] Downloaded from central: https://repo.maven.apache.org/maven2/org/apache/maven/maven/2.0.9/maven-2.0.9.pom (19 kB at 124 kB/s)
[4177f077-b38f-4025-ae22-b57bf4a93440/build]   | [INFO] Downloading from central: https://repo.maven.apache.org/maven2/org/apache/maven/maven-parent/8/maven-parent-8.pom
[4177f077-b38f-4025-ae22-b57bf4a93440/build]   | [INFO] Downloaded from central: https://repo.maven.apache.org/maven2/org/apache/maven/maven-parent/8/maven-parent-8.pom (24 kB at 175 kB/s)
[4177f077-b38f-4025-ae22-b57bf4a93440/build]   | [INFO] Downloading from central: https://repo.maven.apache.org/maven2/org/apache/apache/4/apache-4.pom
[4177f077-b38f-4025-ae22-b57bf4a93440/build]   | [INFO] Downloaded from central: https://repo.maven.apache.org/maven2/org/apache/apache/4/apache-4.pom (4.5 kB at 55 kB/s)
[4177f077-b38f-4025-ae22-b57bf4a93440/build]   | [INFO] Downloading from central: https://repo.maven.apache.org/maven2/org/apache/maven/maven-artifact/2.0.9/maven-artifact-2.0.9.pom
[4177f077-b38f-4025-ae22-b57bf4a93440/build]   | [INFO] Downloaded from central: https://repo.maven.apache.org/maven2/org/apache/maven/maven-artifact/2.0.9/maven-artifact-2.0.9.pom (1.6 kB at 28 kB/s)
[4177f077-b38f-4025-ae22-b57bf4a93440/build]   | [INFO] Downloading from central: https://repo.maven.apache.org/maven2/org/codehaus/plexus/plexus-utils/1.5.1/plexus-utils-1.5.1.pom
[4177f077-b38f-4025-ae22-b57bf4a93440/build]   | [INFO] Downloaded from central: https://repo.maven.apache.org/maven2/org/codehaus/plexus/plexus-utils/1.5.1/plexus-utils-1.5.1.pom (2.3 kB at 26 kB/s)
[4177f077-b38f-4025-ae22-b57bf4a93440/build]   | [INFO] Downloading from central: https://repo.maven.apache.org/maven2/org/apache/maven/maven-core/2.0.9/maven-core-2.0.9.pom
[4177f077-b38f-4025-ae22-b57bf4a93440/build]   | [INFO] Downloaded from central: https://repo.maven.apache.org/maven2/org/apache/maven/maven-core/2.0.9/maven-core-2.0.9.pom (7.8 kB at 113 kB/s)
[4177f077-b38f-4025-ae22-b57bf4a93440/build]   | [INFO] Downloading from central: https://repo.maven.apache.org/maven2/org/apache/maven/maven-settings/2.0.9/maven-settings-2.0.9.pom
[4177f077-b38f-4025-ae22-b57bf4a93440/build]   | [INFO] Downloaded from central: https://repo.maven.apache.org/maven2/org/apache/maven/maven-settings/2.0.9/maven-settings-2.0.9.pom (2.1 kB at 35 kB/s)
[4177f077-b38f-4025-ae22-b57bf4a93440/build]   | [INFO] Downloading from central: https://repo.maven.apache.org/maven2/org/apache/maven/maven-model/2.0.9/maven-model-2.0.9.pom
[4177f077-b38f-4025-ae22-b57bf4a93440/build]   | [INFO] Downloaded from central: https://repo.maven.apache.org/maven2/org/apache/maven/maven-model/2.0.9/maven-model-2.0.9.pom (3.1 kB at 51 kB/s)
[4177f077-b38f-4025-ae22-b57bf4a93440/build]   | [INFO] Downloading from central: https://repo.maven.apache.org/maven2/org/apache/maven/maven-plugin-parameter-documenter/2.0.9/maven-plugin-parameter-documenter-2.0.9.pom
[4177f077-b38f-4025-ae22-b57bf4a93440/build]   | [INFO] Downloaded from central: https://repo.maven.apache.org/maven2/org/apache/maven/maven-plugin-parameter-documenter/2.0.9/maven-plugin-parameter-documenter-2.0.9.pom (2.0 kB at 34 kB/s)
[4177f077-b38f-4025-ae22-b57bf4a93440/build]   | [INFO] Downloading from central: https://repo.maven.apache.org/maven2/org/apache/maven/maven-profile/2.0.9/maven-profile-2.0.9.pom
[4177f077-b38f-4025-ae22-b57bf4a93440/build]   | [INFO] Downloaded from central: https://repo.maven.apache.org/maven2/org/apache/maven/maven-profile/2.0.9/maven-profile-2.0.9.pom (2.0 kB at 37 kB/s)
[4177f077-b38f-4025-ae22-b57bf4a93440/build]   | [INFO] Downloading from central: https://repo.maven.apache.org/maven2/org/apache/maven/maven-repository-metadata/2.0.9/maven-repository-metadata-2.0.9.pom
[4177f077-b38f-4025-ae22-b57bf4a93440/build]   | [INFO] Downloaded from central: https://repo.maven.apache.org/maven2/org/apache/maven/maven-repository-metadata/2.0.9/maven-repository-metadata-2.0.9.pom (1.9 kB at 31 kB/s)
[4177f077-b38f-4025-ae22-b57bf4a93440/build]   | [INFO] Downloading from central: https://repo.maven.apache.org/maven2/org/apache/maven/maven-error-diagnostics/2.0.9/maven-error-diagnostics-2.0.9.pom
[4177f077-b38f-4025-ae22-b57bf4a93440/build]   | [INFO] Downloaded from central: https://repo.maven.apache.org/maven2/org/apache/maven/maven-error-diagnostics/2.0.9/maven-error-diagnostics-2.0.9.pom (1.7 kB at 27 kB/s)
[4177f077-b38f-4025-ae22-b57bf4a93440/build]   | [INFO] Downloading from central: https://repo.maven.apache.org/maven2/org/apache/maven/maven-project/2.0.9/maven-project-2.0.9.pom
[4177f077-b38f-4025-ae22-b57bf4a93440/build]   | [INFO] Downloaded from central: https://repo.maven.apache.org/maven2/org/apache/maven/maven-project/2.0.9/maven-project-2.0.9.pom (2.7 kB at 47 kB/s)
[4177f077-b38f-4025-ae22-b57bf4a93440/build]   | [INFO] Downloading from central: https://repo.maven.apache.org/maven2/org/apache/maven/maven-artifact-manager/2.0.9/maven-artifact-manager-2.0.9.pom
[4177f077-b38f-4025-ae22-b57bf4a93440/build]   | [INFO] Downloaded from central: https://repo.maven.apache.org/maven2/org/apache/maven/maven-artifact-manager/2.0.9/maven-artifact-manager-2.0.9.pom (2.7 kB at 44 kB/s)
[4177f077-b38f-4025-ae22-b57bf4a93440/build]   | [INFO] Downloading from central: https://repo.maven.apache.org/maven2/org/apache/maven/maven-plugin-registry/2.0.9/maven-plugin-registry-2.0.9.pom
[4177f077-b38f-4025-ae22-b57bf4a93440/build]   | [INFO] Downloaded from central: https://repo.maven.apache.org/maven2/org/apache/maven/maven-plugin-registry/2.0.9/maven-plugin-registry-2.0.9.pom (2.0 kB at 32 kB/s)
[4177f077-b38f-4025-ae22-b57bf4a93440/build]   | [INFO] Downloading from central: https://repo.maven.apache.org/maven2/org/apache/maven/maven-plugin-descriptor/2.0.9/maven-plugin-descriptor-2.0.9.pom
[4177f077-b38f-4025-ae22-b57bf4a93440/build]   | [INFO] Downloaded from central: https://repo.maven.apache.org/maven2/org/apache/maven/maven-plugin-descriptor/2.0.9/maven-plugin-descriptor-2.0.9.pom (2.1 kB at 37 kB/s)
[4177f077-b38f-4025-ae22-b57bf4a93440/build]   | [INFO] Downloading from central: https://repo.maven.apache.org/maven2/org/apache/maven/maven-monitor/2.0.9/maven-monitor-2.0.9.pom
[4177f077-b38f-4025-ae22-b57bf4a93440/build]   | [INFO] Downloaded from central: https://repo.maven.apache.org/maven2/org/apache/maven/maven-monitor/2.0.9/maven-monitor-2.0.9.pom (1.3 kB at 23 kB/s)
[4177f077-b38f-4025-ae22-b57bf4a93440/build]   | [INFO] Downloading from central: https://repo.maven.apache.org/maven2/org/apache/maven/maven-toolchain/1.0/maven-toolchain-1.0.pom
[4177f077-b38f-4025-ae22-b57bf4a93440/build]   | [INFO] Downloaded from central: https://repo.maven.apache.org/maven2/org/apache/maven/maven-toolchain/1.0/maven-toolchain-1.0.pom (3.4 kB at 58 kB/s)
[4177f077-b38f-4025-ae22-b57bf4a93440/build]   | [INFO] Downloading from central: https://repo.maven.apache.org/maven2/org/codehaus/plexus/plexus-utils/3.0/plexus-utils-3.0.pom
[4177f077-b38f-4025-ae22-b57bf4a93440/build]   | [INFO] Downloaded from central: https://repo.maven.apache.org/maven2/org/codehaus/plexus/plexus-utils/3.0/plexus-utils-3.0.pom (4.1 kB at 52 kB/s)
[4177f077-b38f-4025-ae22-b57bf4a93440/build]   | [INFO] Downloading from central: https://repo.maven.apache.org/maven2/org/sonatype/spice/spice-parent/16/spice-parent-16.pom
[4177f077-b38f-4025-ae22-b57bf4a93440/build]   | [INFO] Downloaded from central: https://repo.maven.apache.org/maven2/org/sonatype/spice/spice-parent/16/spice-parent-16.pom (8.4 kB at 97 kB/s)
[4177f077-b38f-4025-ae22-b57bf4a93440/build]   | [INFO] Downloading from central: https://repo.maven.apache.org/maven2/org/sonatype/forge/forge-parent/5/forge-parent-5.pom
[4177f077-b38f-4025-ae22-b57bf4a93440/build]   | [INFO] Downloaded from central: https://repo.maven.apache.org/maven2/org/sonatype/forge/forge-parent/5/forge-parent-5.pom (8.4 kB at 115 kB/s)
[4177f077-b38f-4025-ae22-b57bf4a93440/build]   | [INFO] Downloading from central: https://repo.maven.apache.org/maven2/org/codehaus/plexus/plexus-compiler-api/1.9.1/plexus-compiler-api-1.9.1.pom
[4177f077-b38f-4025-ae22-b57bf4a93440/build]   | [INFO] Downloaded from central: https://repo.maven.apache.org/maven2/org/codehaus/plexus/plexus-compiler-api/1.9.1/plexus-compiler-api-1.9.1.pom (867 B at 13 kB/s)
[4177f077-b38f-4025-ae22-b57bf4a93440/build]   | [INFO] Downloading from central: https://repo.maven.apache.org/maven2/org/codehaus/plexus/plexus-compiler/1.9.1/plexus-compiler-1.9.1.pom
[4177f077-b38f-4025-ae22-b57bf4a93440/build]   | [INFO] Downloaded from central: https://repo.maven.apache.org/maven2/org/codehaus/plexus/plexus-compiler/1.9.1/plexus-compiler-1.9.1.pom (3.8 kB at 58 kB/s)
[4177f077-b38f-4025-ae22-b57bf4a93440/build]   | [INFO] Downloading from central: https://repo.maven.apache.org/maven2/org/codehaus/plexus/plexus-components/1.1.20/plexus-components-1.1.20.pom
[4177f077-b38f-4025-ae22-b57bf4a93440/build]   | [INFO] Downloaded from central: https://repo.maven.apache.org/maven2/org/codehaus/plexus/plexus-components/1.1.20/plexus-components-1.1.20.pom (3.0 kB at 57 kB/s)
[4177f077-b38f-4025-ae22-b57bf4a93440/build]   | [INFO] Downloading from central: https://repo.maven.apache.org/maven2/org/codehaus/plexus/plexus/3.1/plexus-3.1.pom
[4177f077-b38f-4025-ae22-b57bf4a93440/build]   | [INFO] Downloaded from central: https://repo.maven.apache.org/maven2/org/codehaus/plexus/plexus/3.1/plexus-3.1.pom (19 kB at 205 kB/s)
[4177f077-b38f-4025-ae22-b57bf4a93440/build]   | [INFO] Downloading from central: https://repo.maven.apache.org/maven2/org/sonatype/spice/spice-parent/17/spice-parent-17.pom
[4177f077-b38f-4025-ae22-b57bf4a93440/build]   | [INFO] Downloaded from central: https://repo.maven.apache.org/maven2/org/sonatype/spice/spice-parent/17/spice-parent-17.pom (6.8 kB at 99 kB/s)
[4177f077-b38f-4025-ae22-b57bf4a93440/build]   | [INFO] Downloading from central: https://repo.maven.apache.org/maven2/org/sonatype/forge/forge-parent/10/forge-parent-10.pom
[4177f077-b38f-4025-ae22-b57bf4a93440/build]   | [INFO] Downloaded from central: https://repo.maven.apache.org/maven2/org/sonatype/forge/forge-parent/10/forge-parent-10.pom (14 kB at 154 kB/s)
[4177f077-b38f-4025-ae22-b57bf4a93440/build]   | [INFO] Downloading from central: https://repo.maven.apache.org/maven2/org/codehaus/plexus/plexus-compiler-manager/1.9.1/plexus-compiler-manager-1.9.1.pom
[4177f077-b38f-4025-ae22-b57bf4a93440/build]   | [INFO] Downloaded from central: https://repo.maven.apache.org/maven2/org/codehaus/plexus/plexus-compiler-manager/1.9.1/plexus-compiler-manager-1.9.1.pom (692 B at 9.1 kB/s)
[4177f077-b38f-4025-ae22-b57bf4a93440/build]   | [INFO] Downloading from central: https://repo.maven.apache.org/maven2/org/codehaus/plexus/plexus-compiler-javac/1.9.1/plexus-compiler-javac-1.9.1.pom
[4177f077-b38f-4025-ae22-b57bf4a93440/build]   | [INFO] Downloaded from central: https://repo.maven.apache.org/maven2/org/codehaus/plexus/plexus-compiler-javac/1.9.1/plexus-compiler-javac-1.9.1.pom (688 B at 10 kB/s)
[4177f077-b38f-4025-ae22-b57bf4a93440/build]   | [INFO] Downloading from central: https://repo.maven.apache.org/maven2/org/codehaus/plexus/plexus-compilers/1.9.1/plexus-compilers-1.9.1.pom
[4177f077-b38f-4025-ae22-b57bf4a93440/build]   | [INFO] Downloaded from central: https://repo.maven.apache.org/maven2/org/codehaus/plexus/plexus-compilers/1.9.1/plexus-compilers-1.9.1.pom (1.2 kB at 16 kB/s)
[4177f077-b38f-4025-ae22-b57bf4a93440/build]   | [INFO] Downloading from central: https://repo.maven.apache.org/maven2/org/apache/maven/maven-plugin-api/2.0.9/maven-plugin-api-2.0.9.jar
[4177f077-b38f-4025-ae22-b57bf4a93440/build]   | [INFO] Downloading from central: https://repo.maven.apache.org/maven2/org/apache/maven/maven-artifact/2.0.9/maven-artifact-2.0.9.jar
[4177f077-b38f-4025-ae22-b57bf4a93440/build]   | [INFO] Downloading from central: https://repo.maven.apache.org/maven2/org/apache/maven/maven-core/2.0.9/maven-core-2.0.9.jar
[4177f077-b38f-4025-ae22-b57bf4a93440/build]   | [INFO] Downloading from central: https://repo.maven.apache.org/maven2/org/apache/maven/maven-settings/2.0.9/maven-settings-2.0.9.jar
[4177f077-b38f-4025-ae22-b57bf4a93440/build]   | [INFO] Downloading from central: https://repo.maven.apache.org/maven2/org/apache/maven/maven-plugin-parameter-documenter/2.0.9/maven-plugin-parameter-documenter-2.0.9.jar
[4177f077-b38f-4025-ae22-b57bf4a93440/build]   | [INFO] Downloaded from central: https://repo.maven.apache.org/maven2/org/apache/maven/maven-plugin-parameter-documenter/2.0.9/maven-plugin-parameter-documenter-2.0.9.jar (21 kB at 673 kB/s)
[4177f077-b38f-4025-ae22-b57bf4a93440/build]   | [INFO] Downloading from central: https://repo.maven.apache.org/maven2/org/apache/maven/maven-profile/2.0.9/maven-profile-2.0.9.jar
[4177f077-b38f-4025-ae22-b57bf4a93440/build]   | [INFO] Downloaded from central: https://repo.maven.apache.org/maven2/org/apache/maven/maven-settings/2.0.9/maven-settings-2.0.9.jar (49 kB at 1.0 MB/s)
[4177f077-b38f-4025-ae22-b57bf4a93440/build]   | [INFO] Downloading from central: https://repo.maven.apache.org/maven2/org/apache/maven/maven-model/2.0.9/maven-model-2.0.9.jar
[4177f077-b38f-4025-ae22-b57bf4a93440/build]   | [INFO] Downloaded from central: https://repo.maven.apache.org/maven2/org/apache/maven/maven-plugin-api/2.0.9/maven-plugin-api-2.0.9.jar (13 kB at 161 kB/s)
[4177f077-b38f-4025-ae22-b57bf4a93440/build]   | [INFO] Downloading from central: https://repo.maven.apache.org/maven2/org/apache/maven/maven-repository-metadata/2.0.9/maven-repository-metadata-2.0.9.jar
[4177f077-b38f-4025-ae22-b57bf4a93440/build]   | [INFO] Downloaded from central: https://repo.maven.apache.org/maven2/org/apache/maven/maven-artifact/2.0.9/maven-artifact-2.0.9.jar (89 kB at 936 kB/s)
[4177f077-b38f-4025-ae22-b57bf4a93440/build]   | [INFO] Downloading from central: https://repo.maven.apache.org/maven2/org/apache/maven/maven-error-diagnostics/2.0.9/maven-error-diagnostics-2.0.9.jar
[4177f077-b38f-4025-ae22-b57bf4a93440/build]   | [INFO] Downloaded from central: https://repo.maven.apache.org/maven2/org/apache/maven/maven-profile/2.0.9/maven-profile-2.0.9.jar (35 kB at 384 kB/s)
[4177f077-b38f-4025-ae22-b57bf4a93440/build]   | [INFO] Downloading from central: https://repo.maven.apache.org/maven2/org/apache/maven/maven-project/2.0.9/maven-project-2.0.9.jar
[4177f077-b38f-4025-ae22-b57bf4a93440/build]   | [INFO] Downloaded from central: https://repo.maven.apache.org/maven2/org/apache/maven/maven-core/2.0.9/maven-core-2.0.9.jar (160 kB at 1.6 MB/s)
[4177f077-b38f-4025-ae22-b57bf4a93440/build]   | [INFO] Downloading from central: https://repo.maven.apache.org/maven2/org/apache/maven/maven-plugin-registry/2.0.9/maven-plugin-registry-2.0.9.jar
[4177f077-b38f-4025-ae22-b57bf4a93440/build]   | [INFO] Downloaded from central: https://repo.maven.apache.org/maven2/org/apache/maven/maven-error-diagnostics/2.0.9/maven-error-diagnostics-2.0.9.jar (14 kB at 128 kB/s)
[4177f077-b38f-4025-ae22-b57bf4a93440/build]   | [INFO] Downloading from central: https://repo.maven.apache.org/maven2/org/apache/maven/maven-plugin-descriptor/2.0.9/maven-plugin-descriptor-2.0.9.jar
[4177f077-b38f-4025-ae22-b57bf4a93440/build]   | [INFO] Downloaded from central: https://repo.maven.apache.org/maven2/org/apache/maven/maven-plugin-descriptor/2.0.9/maven-plugin-descriptor-2.0.9.jar (37 kB at 304 kB/s)
[4177f077-b38f-4025-ae22-b57bf4a93440/build]   | [INFO] Downloading from central: https://repo.maven.apache.org/maven2/org/apache/maven/maven-artifact-manager/2.0.9/maven-artifact-manager-2.0.9.jar
[4177f077-b38f-4025-ae22-b57bf4a93440/build]   | [INFO] Downloaded from central: https://repo.maven.apache.org/maven2/org/apache/maven/maven-plugin-registry/2.0.9/maven-plugin-registry-2.0.9.jar (29 kB at 236 kB/s)
[4177f077-b38f-4025-ae22-b57bf4a93440/build]   | [INFO] Downloading from central: https://repo.maven.apache.org/maven2/org/apache/maven/maven-monitor/2.0.9/maven-monitor-2.0.9.jar
[4177f077-b38f-4025-ae22-b57bf4a93440/build]   | [INFO] Downloaded from central: https://repo.maven.apache.org/maven2/org/apache/maven/maven-project/2.0.9/maven-project-2.0.9.jar (122 kB at 930 kB/s)
[4177f077-b38f-4025-ae22-b57bf4a93440/build]   | [INFO] Downloading from central: https://repo.maven.apache.org/maven2/org/apache/maven/maven-toolchain/1.0/maven-toolchain-1.0.jar
[4177f077-b38f-4025-ae22-b57bf4a93440/build]   | [INFO] Downloaded from central: https://repo.maven.apache.org/maven2/org/apache/maven/maven-artifact-manager/2.0.9/maven-artifact-manager-2.0.9.jar (58 kB at 422 kB/s)
[4177f077-b38f-4025-ae22-b57bf4a93440/build]   | [INFO] Downloading from central: https://repo.maven.apache.org/maven2/org/codehaus/plexus/plexus-utils/3.0/plexus-utils-3.0.jar
[4177f077-b38f-4025-ae22-b57bf4a93440/build]   | [INFO] Downloaded from central: https://repo.maven.apache.org/maven2/org/apache/maven/maven-toolchain/1.0/maven-toolchain-1.0.jar (33 kB at 235 kB/s)
[4177f077-b38f-4025-ae22-b57bf4a93440/build]   | [INFO] Downloading from central: https://repo.maven.apache.org/maven2/org/codehaus/plexus/plexus-compiler-api/1.9.1/plexus-compiler-api-1.9.1.jar
[4177f077-b38f-4025-ae22-b57bf4a93440/build]   | [INFO] Downloaded from central: https://repo.maven.apache.org/maven2/org/apache/maven/maven-monitor/2.0.9/maven-monitor-2.0.9.jar (10 kB at 73 kB/s)
[4177f077-b38f-4025-ae22-b57bf4a93440/build]   | [INFO] Downloading from central: https://repo.maven.apache.org/maven2/org/codehaus/plexus/plexus-compiler-manager/1.9.1/plexus-compiler-manager-1.9.1.jar
[4177f077-b38f-4025-ae22-b57bf4a93440/build]   | [INFO] Downloaded from central: https://repo.maven.apache.org/maven2/org/codehaus/plexus/plexus-compiler-manager/1.9.1/plexus-compiler-manager-1.9.1.jar (4.6 kB at 31 kB/s)
[4177f077-b38f-4025-ae22-b57bf4a93440/build]   | [INFO] Downloading from central: https://repo.maven.apache.org/maven2/org/codehaus/plexus/plexus-compiler-javac/1.9.1/plexus-compiler-javac-1.9.1.jar
[4177f077-b38f-4025-ae22-b57bf4a93440/build]   | [INFO] Downloaded from central: https://repo.maven.apache.org/maven2/org/codehaus/plexus/plexus-utils/3.0/plexus-utils-3.0.jar (226 kB at 1.4 MB/s)
[4177f077-b38f-4025-ae22-b57bf4a93440/build]   | [INFO] Downloaded from central: https://repo.maven.apache.org/maven2/org/codehaus/plexus/plexus-compiler-api/1.9.1/plexus-compiler-api-1.9.1.jar (21 kB at 136 kB/s)
[4177f077-b38f-4025-ae22-b57bf4a93440/build]   | [INFO] Downloading from central: https://repo.maven.apache.org/maven2/classworlds/classworlds/1.1-alpha-2/classworlds-1.1-alpha-2.jar
[4177f077-b38f-4025-ae22-b57bf4a93440/build]   | [INFO] Downloaded from central: https://repo.maven.apache.org/maven2/org/codehaus/plexus/plexus-compiler-javac/1.9.1/plexus-compiler-javac-1.9.1.jar (14 kB at 79 kB/s)
[4177f077-b38f-4025-ae22-b57bf4a93440/build]   | [INFO] Downloaded from central: https://repo.maven.apache.org/maven2/org/apache/maven/maven-repository-metadata/2.0.9/maven-repository-metadata-2.0.9.jar (25 kB at 104 kB/s)
[4177f077-b38f-4025-ae22-b57bf4a93440/build]   | [INFO] Downloaded from central: https://repo.maven.apache.org/maven2/classworlds/classworlds/1.1-alpha-2/classworlds-1.1-alpha-2.jar (38 kB at 155 kB/s)
[4177f077-b38f-4025-ae22-b57bf4a93440/build]   | [INFO] Downloaded from central: https://repo.maven.apache.org/maven2/org/apache/maven/maven-model/2.0.9/maven-model-2.0.9.jar (87 kB at 284 kB/s)
[4177f077-b38f-4025-ae22-b57bf4a93440/build]   | [WARNING] File encoding has not been set, using platform encoding UTF-8, i.e. build is platform dependent!
[4177f077-b38f-4025-ae22-b57bf4a93440/build]   | [INFO] Compiling 1 source file to /tmp/a338f13a-7465-43af-bca6-b15bf96f1c07/target/classes
[4177f077-b38f-4025-ae22-b57bf4a93440/build]   | [INFO] 
[4177f077-b38f-4025-ae22-b57bf4a93440/build]   | [INFO] --- maven-resources-plugin:2.6:testResources (default-testResources) @ nodebox ---
[4177f077-b38f-4025-ae22-b57bf4a93440/build]   | [WARNING] Using platform encoding (UTF-8 actually) to copy filtered resources, i.e. build is platform dependent!
[4177f077-b38f-4025-ae22-b57bf4a93440/build]   | [INFO] skip non existing resourceDirectory /tmp/a338f13a-7465-43af-bca6-b15bf96f1c07/src/test/resources
[4177f077-b38f-4025-ae22-b57bf4a93440/build]   | [INFO] 
[4177f077-b38f-4025-ae22-b57bf4a93440/build]   | [INFO] --- maven-compiler-plugin:2.5.1:testCompile (default-testCompile) @ nodebox ---
[4177f077-b38f-4025-ae22-b57bf4a93440/build]   | [WARNING] File encoding has not been set, using platform encoding UTF-8, i.e. build is platform dependent!
[4177f077-b38f-4025-ae22-b57bf4a93440/build]   | [INFO] Compiling 1 source file to /tmp/a338f13a-7465-43af-bca6-b15bf96f1c07/target/test-classes
[4177f077-b38f-4025-ae22-b57bf4a93440/build]   | [INFO] 
[4177f077-b38f-4025-ae22-b57bf4a93440/build]   | [INFO] --- maven-surefire-plugin:2.12.4:test (default-test) @ nodebox ---
[4177f077-b38f-4025-ae22-b57bf4a93440/build]   | [INFO] Downloading from central: https://repo.maven.apache.org/maven2/org/apache/maven/surefire/surefire-booter/2.12.4/surefire-booter-2.12.4.pom
[4177f077-b38f-4025-ae22-b57bf4a93440/build]   | [INFO] Downloaded from central: https://repo.maven.apache.org/maven2/org/apache/maven/surefire/surefire-booter/2.12.4/surefire-booter-2.12.4.pom (3.0 kB at 112 kB/s)
[4177f077-b38f-4025-ae22-b57bf4a93440/build]   | [INFO] Downloading from central: https://repo.maven.apache.org/maven2/org/apache/maven/surefire/surefire-api/2.12.4/surefire-api-2.12.4.pom
[4177f077-b38f-4025-ae22-b57bf4a93440/build]   | [INFO] Downloaded from central: https://repo.maven.apache.org/maven2/org/apache/maven/surefire/surefire-api/2.12.4/surefire-api-2.12.4.pom (2.5 kB at 100 kB/s)
[4177f077-b38f-4025-ae22-b57bf4a93440/build]   | [INFO] Downloading from central: https://repo.maven.apache.org/maven2/org/apache/maven/surefire/maven-surefire-common/2.12.4/maven-surefire-common-2.12.4.pom
[4177f077-b38f-4025-ae22-b57bf4a93440/build]   | [INFO] Downloaded from central: https://repo.maven.apache.org/maven2/org/apache/maven/surefire/maven-surefire-common/2.12.4/maven-surefire-common-2.12.4.pom (5.5 kB at 307 kB/s)
[4177f077-b38f-4025-ae22-b57bf4a93440/build]   | [INFO] Downloading from central: https://repo.maven.apache.org/maven2/org/apache/maven/plugin-tools/maven-plugin-annotations/3.1/maven-plugin-annotations-3.1.pom
[4177f077-b38f-4025-ae22-b57bf4a93440/build]   | [INFO] Downloaded from central: https://repo.maven.apache.org/maven2/org/apache/maven/plugin-tools/maven-plugin-annotations/3.1/maven-plugin-annotations-3.1.pom (1.6 kB at 68 kB/s)
[4177f077-b38f-4025-ae22-b57bf4a93440/build]   | [INFO] Downloading from central: https://repo.maven.apache.org/maven2/org/apache/maven/plugin-tools/maven-plugin-tools/3.1/maven-plugin-tools-3.1.pom
[4177f077-b38f-4025-ae22-b57bf4a93440/build]   | [INFO] Downloaded from central: https://repo.maven.apache.org/maven2/org/apache/maven/plugin-tools/maven-plugin-tools/3.1/maven-plugin-tools-3.1.pom (16 kB at 852 kB/s)
[4177f077-b38f-4025-ae22-b57bf4a93440/build]   | [INFO] Downloading from central: https://repo.maven.apache.org/maven2/org/codehaus/plexus/plexus-utils/3.0.8/plexus-utils-3.0.8.pom
[4177f077-b38f-4025-ae22-b57bf4a93440/build]   | [INFO] Downloaded from central: https://repo.maven.apache.org/maven2/org/codehaus/plexus/plexus-utils/3.0.8/plexus-utils-3.0.8.pom (3.1 kB at 101 kB/s)
[4177f077-b38f-4025-ae22-b57bf4a93440/build]   | [INFO] Downloading from central: https://repo.maven.apache.org/maven2/org/codehaus/plexus/plexus/3.2/plexus-3.2.pom
[4177f077-b38f-4025-ae22-b57bf4a93440/build]   | [INFO] Downloaded from central: https://repo.maven.apache.org/maven2/org/codehaus/plexus/plexus/3.2/plexus-3.2.pom (19 kB at 521 kB/s)
[4177f077-b38f-4025-ae22-b57bf4a93440/build]   | [INFO] Downloading from central: https://repo.maven.apache.org/maven2/org/apache/maven/reporting/maven-reporting-api/2.0.9/maven-reporting-api-2.0.9.pom
[4177f077-b38f-4025-ae22-b57bf4a93440/build]   | [INFO] Downloaded from central: https://repo.maven.apache.org/maven2/org/apache/maven/reporting/maven-reporting-api/2.0.9/maven-reporting-api-2.0.9.pom (1.8 kB at 150 kB/s)
[4177f077-b38f-4025-ae22-b57bf4a93440/build]   | [INFO] Downloading from central: https://repo.maven.apache.org/maven2/org/apache/maven/reporting/maven-reporting/2.0.9/maven-reporting-2.0.9.pom
[4177f077-b38f-4025-ae22-b57bf4a93440/build]   | [INFO] Downloaded from central: https://repo.maven.apache.org/maven2/org/apache/maven/reporting/maven-reporting/2.0.9/maven-reporting-2.0.9.pom (1.5 kB at 105 kB/s)
[4177f077-b38f-4025-ae22-b57bf4a93440/build]   | [INFO] Downloading from central: https://repo.maven.apache.org/maven2/org/apache/maven/maven-toolchain/2.0.9/maven-toolchain-2.0.9.pom
[4177f077-b38f-4025-ae22-b57bf4a93440/build]   | [INFO] Downloaded from central: https://repo.maven.apache.org/maven2/org/apache/maven/maven-toolchain/2.0.9/maven-toolchain-2.0.9.pom (3.5 kB at 497 kB/s)
[4177f077-b38f-4025-ae22-b57bf4a93440/build]   | [INFO] Downloading from central: https://repo.maven.apache.org/maven2/org/apache/commons/commons-lang3/3.1/commons-lang3-3.1.pom
[4177f077-b38f-4025-ae22-b57bf4a93440/build]   | [INFO] Downloaded from central: https://repo.maven.apache.org/maven2/org/apache/commons/commons-lang3/3.1/commons-lang3-3.1.pom (17 kB at 418 kB/s)
[4177f077-b38f-4025-ae22-b57bf4a93440/build]   | [INFO] Downloading from central: https://repo.maven.apache.org/maven2/org/apache/commons/commons-parent/22/commons-parent-22.pom
[4177f077-b38f-4025-ae22-b57bf4a93440/build]   | [INFO] Downloaded from central: https://repo.maven.apache.org/maven2/org/apache/commons/commons-parent/22/commons-parent-22.pom (42 kB at 822 kB/s)
[4177f077-b38f-4025-ae22-b57bf4a93440/build]   | [INFO] Downloading from central: https://repo.maven.apache.org/maven2/org/apache/apache/9/apache-9.pom
[4177f077-b38f-4025-ae22-b57bf4a93440/build]   | [INFO] Downloaded from central: https://repo.maven.apache.org/maven2/org/apache/apache/9/apache-9.pom (15 kB at 722 kB/s)
[4177f077-b38f-4025-ae22-b57bf4a93440/build]   | [INFO] Downloading from central: https://repo.maven.apache.org/maven2/org/apache/maven/shared/maven-common-artifact-filters/1.3/maven-common-artifact-filters-1.3.pom
[4177f077-b38f-4025-ae22-b57bf4a93440/build]   | [INFO] Downloaded from central: https://repo.maven.apache.org/maven2/org/apache/maven/shared/maven-common-artifact-filters/1.3/maven-common-artifact-filters-1.3.pom (3.7 kB at 264 kB/s)
[4177f077-b38f-4025-ae22-b57bf4a93440/build]   | [INFO] Downloading from central: https://repo.maven.apache.org/maven2/org/apache/maven/shared/maven-shared-components/12/maven-shared-components-12.pom
[4177f077-b38f-4025-ae22-b57bf4a93440/build]   | [INFO] Downloaded from central: https://repo.maven.apache.org/maven2/org/apache/maven/shared/maven-shared-components/12/maven-shared-components-12.pom (9.3 kB at 849 kB/s)
[4177f077-b38f-4025-ae22-b57bf4a93440/build]   | [INFO] Downloading from central: https://repo.maven.apache.org/maven2/org/apache/maven/maven-parent/13/maven-parent-13.pom
[4177f077-b38f-4025-ae22-b57bf4a93440/build]   | [INFO] Downloaded from central: https://repo.maven.apache.org/maven2/org/apache/maven/maven-parent/13/maven-parent-13.pom (23 kB at 1.7 MB/s)
[4177f077-b38f-4025-ae22-b57bf4a93440/build]   | [INFO] Downloading from central: https://repo.maven.apache.org/maven2/org/apache/apache/6/apache-6.pom
[4177f077-b38f-4025-ae22-b57bf4a93440/build]   | [INFO] Downloaded from central: https://repo.maven.apache.org/maven2/org/apache/apache/6/apache-6.pom (13 kB at 640 kB/s)
[4177f077-b38f-4025-ae22-b57bf4a93440/build]   | [INFO] Downloading from central: https://repo.maven.apache.org/maven2/org/codehaus/plexus/plexus-container-default/1.0-alpha-9/plexus-container-default-1.0-alpha-9.pom
[4177f077-b38f-4025-ae22-b57bf4a93440/build]   | [INFO] Downloaded from central: https://repo.maven.apache.org/maven2/org/codehaus/plexus/plexus-container-default/1.0-alpha-9/plexus-container-default-1.0-alpha-9.pom (1.2 kB at 69 kB/s)
[4177f077-b38f-4025-ae22-b57bf4a93440/build]   | [INFO] Downloading from central: https://repo.maven.apache.org/maven2/org/apache/maven/surefire/surefire-booter/2.12.4/surefire-booter-2.12.4.jar
[4177f077-b38f-4025-ae22-b57bf4a93440/build]   | [INFO] Downloading from central: https://repo.maven.apache.org/maven2/org/apache/maven/surefire/surefire-api/2.12.4/surefire-api-2.12.4.jar
[4177f077-b38f-4025-ae22-b57bf4a93440/build]   | [INFO] Downloading from central: https://repo.maven.apache.org/maven2/org/apache/maven/surefire/maven-surefire-common/2.12.4/maven-surefire-common-2.12.4.jar
[4177f077-b38f-4025-ae22-b57bf4a93440/build]   | [INFO] Downloading from central: https://repo.maven.apache.org/maven2/org/apache/commons/commons-lang3/3.1/commons-lang3-3.1.jar
[4177f077-b38f-4025-ae22-b57bf4a93440/build]   | [INFO] Downloading from central: https://repo.maven.apache.org/maven2/org/apache/maven/shared/maven-common-artifact-filters/1.3/maven-common-artifact-filters-1.3.jar
[4177f077-b38f-4025-ae22-b57bf4a93440/build]   | [INFO] Downloaded from central: https://repo.maven.apache.org/maven2/org/apache/maven/surefire/surefire-booter/2.12.4/surefire-booter-2.12.4.jar (35 kB at 1.3 MB/s)
[4177f077-b38f-4025-ae22-b57bf4a93440/build]   | [INFO] Downloading from central: https://repo.maven.apache.org/maven2/org/codehaus/plexus/plexus-utils/3.0.8/plexus-utils-3.0.8.jar
[4177f077-b38f-4025-ae22-b57bf4a93440/build]   | [INFO] Downloaded from central: https://repo.maven.apache.org/maven2/org/apache/maven/shared/maven-common-artifact-filters/1.3/maven-common-artifact-filters-1.3.jar (31 kB at 863 kB/s)
[4177f077-b38f-4025-ae22-b57bf4a93440/build]   | [INFO] Downloading from central: https://repo.maven.apache.org/maven2/org/apache/maven/reporting/maven-reporting-api/2.0.9/maven-reporting-api-2.0.9.jar
[4177f077-b38f-4025-ae22-b57bf4a93440/build]   | [INFO] Downloaded from central: https://repo.maven.apache.org/maven2/org/apache/maven/surefire/maven-surefire-common/2.12.4/maven-surefire-common-2.12.4.jar (263 kB at 7.3 MB/s)
[4177f077-b38f-4025-ae22-b57bf4a93440/build]   | [INFO] Downloading from central: https://repo.maven.apache.org/maven2/org/apache/maven/maven-toolchain/2.0.9/maven-toolchain-2.0.9.jar
[4177f077-b38f-4025-ae22-b57bf4a93440/build]   | [INFO] Downloaded from central: https://repo.maven.apache.org/maven2/org/apache/commons/commons-lang3/3.1/commons-lang3-3.1.jar (316 kB at 7.3 MB/s)
[4177f077-b38f-4025-ae22-b57bf4a93440/build]   | [INFO] Downloading from central: https://repo.maven.apache.org/maven2/org/apache/maven/plugin-tools/maven-plugin-annotations/3.1/maven-plugin-annotations-3.1.jar
[4177f077-b38f-4025-ae22-b57bf4a93440/build]   | [INFO] Downloaded from central: https://repo.maven.apache.org/maven2/org/codehaus/plexus/plexus-utils/3.0.8/plexus-utils-3.0.8.jar (232 kB at 4.4 MB/s)
[4177f077-b38f-4025-ae22-b57bf4a93440/build]   | [INFO] Downloaded from central: https://repo.maven.apache.org/maven2/org/apache/maven/reporting/maven-reporting-api/2.0.9/maven-reporting-api-2.0.9.jar (10 kB at 166 kB/s)
[4177f077-b38f-4025-ae22-b57bf4a93440/build]   | [INFO] Downloaded from central: https://repo.maven.apache.org/maven2/org/apache/maven/maven-toolchain/2.0.9/maven-toolchain-2.0.9.jar (38 kB at 622 kB/s)
[4177f077-b38f-4025-ae22-b57bf4a93440/build]   | [INFO] Downloaded from central: https://repo.maven.apache.org/maven2/org/apache/maven/plugin-tools/maven-plugin-annotations/3.1/maven-plugin-annotations-3.1.jar (14 kB at 198 kB/s)
[4177f077-b38f-4025-ae22-b57bf4a93440/build]   | [INFO] Downloaded from central: https://repo.maven.apache.org/maven2/org/apache/maven/surefire/surefire-api/2.12.4/surefire-api-2.12.4.jar (118 kB at 451 kB/s)
[4177f077-b38f-4025-ae22-b57bf4a93440/build]   | [INFO] Surefire report directory: /tmp/a338f13a-7465-43af-bca6-b15bf96f1c07/target/surefire-reports
[4177f077-b38f-4025-ae22-b57bf4a93440/build]   | [INFO] Downloading from central: https://repo.maven.apache.org/maven2/org/apache/maven/surefire/surefire-junit4/2.12.4/surefire-junit4-2.12.4.pom
[4177f077-b38f-4025-ae22-b57bf4a93440/build]   | [INFO] Downloaded from central: https://repo.maven.apache.org/maven2/org/apache/maven/surefire/surefire-junit4/2.12.4/surefire-junit4-2.12.4.pom (2.4 kB at 32 kB/s)
[4177f077-b38f-4025-ae22-b57bf4a93440/build]   | [INFO] Downloading from central: https://repo.maven.apache.org/maven2/org/apache/maven/surefire/surefire-providers/2.12.4/surefire-providers-2.12.4.pom
[4177f077-b38f-4025-ae22-b57bf4a93440/build]   | [INFO] Downloaded from central: https://repo.maven.apache.org/maven2/org/apache/maven/surefire/surefire-providers/2.12.4/surefire-providers-2.12.4.pom (2.3 kB at 31 kB/s)
[4177f077-b38f-4025-ae22-b57bf4a93440/build]   | [INFO] Downloading from central: https://repo.maven.apache.org/maven2/org/apache/maven/surefire/surefire-junit4/2.12.4/surefire-junit4-2.12.4.jar
[4177f077-b38f-4025-ae22-b57bf4a93440/build]   | [INFO] Downloaded from central: https://repo.maven.apache.org/maven2/org/apache/maven/surefire/surefire-junit4/2.12.4/surefire-junit4-2.12.4.jar (37 kB at 373 kB/s)
[4177f077-b38f-4025-ae22-b57bf4a93440/build]   | 
[4177f077-b38f-4025-ae22-b57bf4a93440/build]   | -------------------------------------------------------
[4177f077-b38f-4025-ae22-b57bf4a93440/build]   |  T E S T S
[4177f077-b38f-4025-ae22-b57bf4a93440/build]   | -------------------------------------------------------
[4177f077-b38f-4025-ae22-b57bf4a93440/build]   | Running nodebox.ui.ImageFormatTest
[4177f077-b38f-4025-ae22-b57bf4a93440/build]   | Tests run: 1, Failures: 0, Errors: 0, Skipped: 0, Time elapsed: 0.039 sec
[4177f077-b38f-4025-ae22-b57bf4a93440/build]   | Running nodebox.function.MathFunctionsTest
[4177f077-b38f-4025-ae22-b57bf4a93440/build]   | Tests run: 13, Failures: 0, Errors: 0, Skipped: 0, Time elapsed: 0.167 sec
[4177f077-b38f-4025-ae22-b57bf4a93440/build]   | Running nodebox.function.DataFunctionsTest
[4177f077-b38f-4025-ae22-b57bf4a93440/build]   | Tests run: 11, Failures: 0, Errors: 0, Skipped: 0, Time elapsed: 0.035 sec
[4177f077-b38f-4025-ae22-b57bf4a93440/build]   | Running nodebox.function.ListFunctionsTest
[4177f077-b38f-4025-ae22-b57bf4a93440/build]   | Tests run: 19, Failures: 0, Errors: 0, Skipped: 0, Time elapsed: 0.021 sec
[4177f077-b38f-4025-ae22-b57bf4a93440/build]   | Running nodebox.function.FunctionRepositoryTest
[4177f077-b38f-4025-ae22-b57bf4a93440/build]   | Tests run: 1, Failures: 0, Errors: 0, Skipped: 0, Time elapsed: 0.099 sec
[4177f077-b38f-4025-ae22-b57bf4a93440/build]   | Running nodebox.function.FunctionLibraryTest
[4177f077-b38f-4025-ae22-b57bf4a93440/build]   | WARNING: An illegal reflective access operation has occurred
[4177f077-b38f-4025-ae22-b57bf4a93440/build]   | WARNING: Illegal reflective access by org.python.google.common.base.internal.Finalizer (file:/home/runneradmin/.m2/repository/org/python/jython/2.5.3/jython-2.5.3.jar) to field java.lang.Thread.inheritableThreadLocals
[4177f077-b38f-4025-ae22-b57bf4a93440/build]   | WARNING: Please consider reporting this to the maintainers of org.python.google.common.base.internal.Finalizer
[4177f077-b38f-4025-ae22-b57bf4a93440/build]   | WARNING: Use --illegal-access=warn to enable warnings of further illegal reflective access operations
[4177f077-b38f-4025-ae22-b57bf4a93440/build]   | WARNING: All illegal access operations will be denied in a future release
[4177f077-b38f-4025-ae22-b57bf4a93440/build]   | *sys-package-mgr*: processing new jar, '/home/runneradmin/.m2/repository/org/clojure/clojure/1.4.0/clojure-1.4.0.jar'
[4177f077-b38f-4025-ae22-b57bf4a93440/build]   | *sys-package-mgr*: processing new jar, '/home/runneradmin/.m2/repository/com/google/guava/guava/13.0.1/guava-13.0.1.jar'
[4177f077-b38f-4025-ae22-b57bf4a93440/build]   | *sys-package-mgr*: processing new jar, '/home/runneradmin/.m2/repository/com/itextpdf/itextpdf/5.3.2/itextpdf-5.3.2.jar'
[4177f077-b38f-4025-ae22-b57bf4a93440/build]   | *sys-package-mgr*: processing new jar, '/home/runneradmin/.m2/repository/net/java/dev/jna/jna/3.4.0/jna-3.4.0.jar'
[4177f077-b38f-4025-ae22-b57bf4a93440/build]   | *sys-package-mgr*: processing new jar, '/home/runneradmin/.m2/repository/junit/junit/4.10/junit-4.10.jar'
[4177f077-b38f-4025-ae22-b57bf4a93440/build]   | *sys-package-mgr*: processing new jar, '/home/runneradmin/.m2/repository/org/hamcrest/hamcrest-core/1.1/hamcrest-core-1.1.jar'
[4177f077-b38f-4025-ae22-b57bf4a93440/build]   | *sys-package-mgr*: processing new jar, '/home/runneradmin/.m2/repository/org/python/jython/2.5.3/jython-2.5.3.jar'
[4177f077-b38f-4025-ae22-b57bf4a93440/build]   | *sys-package-mgr*: processing new jar, '/home/runneradmin/.m2/repository/net/sf/opencsv/opencsv/2.3/opencsv-2.3.jar'
[4177f077-b38f-4025-ae22-b57bf4a93440/build]   | *sys-package-mgr*: processing new jar, '/home/runneradmin/.m2/repository/org/piccolo2d/piccolo2d-core/1.3.1/piccolo2d-core-1.3.1.jar'
[4177f077-b38f-4025-ae22-b57bf4a93440/build]   | *sys-package-mgr*: processing new jar, '/home/runneradmin/.m2/repository/xom/xom/1.2.5/xom-1.2.5.jar'
[4177f077-b38f-4025-ae22-b57bf4a93440/build]   | *sys-package-mgr*: processing new jar, '/home/runneradmin/.m2/repository/xml-apis/xml-apis/1.3.03/xml-apis-1.3.03.jar'
[4177f077-b38f-4025-ae22-b57bf4a93440/build]   | *sys-package-mgr*: processing new jar, '/home/runneradmin/.m2/repository/xerces/xercesImpl/2.8.0/xercesImpl-2.8.0.jar'
[4177f077-b38f-4025-ae22-b57bf4a93440/build]   | *sys-package-mgr*: processing new jar, '/home/runneradmin/.m2/repository/xalan/xalan/2.7.0/xalan-2.7.0.jar'
[4177f077-b38f-4025-ae22-b57bf4a93440/build]   | Tests run: 4, Failures: 0, Errors: 0, Skipped: 0, Time elapsed: 3.25 sec
[4177f077-b38f-4025-ae22-b57bf4a93440/build]   | Running nodebox.function.PythonLibraryTest
[4177f077-b38f-4025-ae22-b57bf4a93440/build]   | Tests run: 6, Failures: 0, Errors: 0, Skipped: 0, Time elapsed: 0.135 sec
[4177f077-b38f-4025-ae22-b57bf4a93440/build]   | Running nodebox.function.StringFunctionsTest
[4177f077-b38f-4025-ae22-b57bf4a93440/build]   | Tests run: 4, Failures: 0, Errors: 0, Skipped: 0, Time elapsed: 0.001 sec
[4177f077-b38f-4025-ae22-b57bf4a93440/build]   | Running nodebox.function.ClojureLibraryTest
[4177f077-b38f-4025-ae22-b57bf4a93440/build]   | Tests run: 3, Failures: 0, Errors: 0, Skipped: 0, Time elapsed: 0.189 sec
[4177f077-b38f-4025-ae22-b57bf4a93440/build]   | Running nodebox.versioncheck.UpdaterTest
[4177f077-b38f-4025-ae22-b57bf4a93440/build]   | Jul 12, 2023 2:48:39 AM java.util.prefs.FileSystemPreferences$1 run
[4177f077-b38f-4025-ae22-b57bf4a93440/build]   | INFO: Created user preferences directory.
[4177f077-b38f-4025-ae22-b57bf4a93440/build]   | Tests run: 4, Failures: 0, Errors: 0, Skipped: 0, Time elapsed: 0.546 sec
[4177f077-b38f-4025-ae22-b57bf4a93440/build]   | Running nodebox.versioncheck.VersionTest
[4177f077-b38f-4025-ae22-b57bf4a93440/build]   | Tests run: 1, Failures: 0, Errors: 0, Skipped: 0, Time elapsed: 0 sec
[4177f077-b38f-4025-ae22-b57bf4a93440/build]   | Running nodebox.node.NodeLibraryTest
[4177f077-b38f-4025-ae22-b57bf4a93440/build]   | Tests run: 32, Failures: 0, Errors: 0, Skipped: 0, Time elapsed: 0.676 sec
[4177f077-b38f-4025-ae22-b57bf4a93440/build]   | Running nodebox.node.ConnectionTest
[4177f077-b38f-4025-ae22-b57bf4a93440/build]   | Tests run: 3, Failures: 0, Errors: 0, Skipped: 0, Time elapsed: 0.001 sec
[4177f077-b38f-4025-ae22-b57bf4a93440/build]   | Running nodebox.node.polygraph.PolygonTest
[4177f077-b38f-4025-ae22-b57bf4a93440/build]   | Tests run: 2, Failures: 0, Errors: 0, Skipped: 0, Time elapsed: 0.016 sec
[4177f077-b38f-4025-ae22-b57bf4a93440/build]   | Running nodebox.node.NodeTest
[4177f077-b38f-4025-ae22-b57bf4a93440/build]   | Tests run: 9, Failures: 0, Errors: 0, Skipped: 0, Time elapsed: 0.001 sec
[4177f077-b38f-4025-ae22-b57bf4a93440/build]   | Running nodebox.node.PublishedPortTest
[4177f077-b38f-4025-ae22-b57bf4a93440/build]   | Tests run: 7, Failures: 0, Errors: 0, Skipped: 0, Time elapsed: 0 sec
[4177f077-b38f-4025-ae22-b57bf4a93440/build]   | Running nodebox.node.NodeContextTest
[4177f077-b38f-4025-ae22-b57bf4a93440/build]   | Tests run: 30, Failures: 0, Errors: 0, Skipped: 0, Time elapsed: 0.003 sec
[4177f077-b38f-4025-ae22-b57bf4a93440/build]   | Running nodebox.node.PortTest
[4177f077-b38f-4025-ae22-b57bf4a93440/build]   | Tests run: 12, Failures: 0, Errors: 0, Skipped: 0, Time elapsed: 0.002 sec
[4177f077-b38f-4025-ae22-b57bf4a93440/build]   | Running nodebox.node.VersionTest
[4177f077-b38f-4025-ae22-b57bf4a93440/build]   | Tests run: 2, Failures: 0, Errors: 0, Skipped: 0, Time elapsed: 0.287 sec
[4177f077-b38f-4025-ae22-b57bf4a93440/build]   | Running nodebox.node.NodeLibraryControllerTest
[4177f077-b38f-4025-ae22-b57bf4a93440/build]   | Tests run: 30, Failures: 0, Errors: 0, Skipped: 0, Time elapsed: 0.172 sec
[4177f077-b38f-4025-ae22-b57bf4a93440/build]   | Running nodebox.graphics.GraphicsContextTest
[4177f077-b38f-4025-ae22-b57bf4a93440/build]   | *sys-package-mgr*: processing new jar, '/tmp/a338f13a-7465-43af-bca6-b15bf96f1c07/lib/python.zip'
[4177f077-b38f-4025-ae22-b57bf4a93440/build]   | Tests run: 3, Failures: 0, Errors: 0, Skipped: 0, Time elapsed: 1.757 sec
[4177f077-b38f-4025-ae22-b57bf4a93440/build]   | Running nodebox.graphics.CanvasTest
[4177f077-b38f-4025-ae22-b57bf4a93440/build]   | Tests run: 1, Failures: 0, Errors: 0, Skipped: 0, Time elapsed: 0 sec
[4177f077-b38f-4025-ae22-b57bf4a93440/build]   | Running nodebox.graphics.GraphicsTestCase
[4177f077-b38f-4025-ae22-b57bf4a93440/build]   | Tests run: 1, Failures: 0, Errors: 0, Skipped: 0, Time elapsed: 0 sec
[4177f077-b38f-4025-ae22-b57bf4a93440/build]   | Running nodebox.graphics.ContourTest
[4177f077-b38f-4025-ae22-b57bf4a93440/build]   | Tests run: 11, Failures: 0, Errors: 0, Skipped: 0, Time elapsed: 0.028 sec
[4177f077-b38f-4025-ae22-b57bf4a93440/build]   | Running nodebox.graphics.GrobTest
[4177f077-b38f-4025-ae22-b57bf4a93440/build]   | Tests run: 1, Failures: 0, Errors: 0, Skipped: 0, Time elapsed: 0.023 sec
[4177f077-b38f-4025-ae22-b57bf4a93440/build]   | Running nodebox.graphics.TransformTest
[4177f077-b38f-4025-ae22-b57bf4a93440/build]   | Tests run: 2, Failures: 0, Errors: 0, Skipped: 0, Time elapsed: 0.01 sec
[4177f077-b38f-4025-ae22-b57bf4a93440/build]   | Running nodebox.graphics.PointTest
[4177f077-b38f-4025-ae22-b57bf4a93440/build]   | Tests run: 1, Failures: 0, Errors: 0, Skipped: 0, Time elapsed: 0 sec
[4177f077-b38f-4025-ae22-b57bf4a93440/build]   | Running nodebox.graphics.ColorTest
[4177f077-b38f-4025-ae22-b57bf4a93440/build]   | Tests run: 1, Failures: 0, Errors: 0, Skipped: 0, Time elapsed: 0 sec
[4177f077-b38f-4025-ae22-b57bf4a93440/build]   | Running nodebox.graphics.PathTest
[4177f077-b38f-4025-ae22-b57bf4a93440/build]   | Tests run: 6, Failures: 0, Errors: 0, Skipped: 0, Time elapsed: 0 sec
[4177f077-b38f-4025-ae22-b57bf4a93440/build]   | Running nodebox.graphics.GeometryTest
[4177f077-b38f-4025-ae22-b57bf4a93440/build]   | Tests run: 11, Failures: 0, Errors: 0, Skipped: 0, Time elapsed: 0.012 sec
[4177f077-b38f-4025-ae22-b57bf4a93440/build]   | Running nodebox.graphics.RectTest
[4177f077-b38f-4025-ae22-b57bf4a93440/build]   | Tests run: 4, Failures: 0, Errors: 0, Skipped: 0, Time elapsed: 0 sec
[4177f077-b38f-4025-ae22-b57bf4a93440/build]   | Running nodebox.localhistory.RepositoryTest
[4177f077-b38f-4025-ae22-b57bf4a93440/build]   | Tests run: 3, Failures: 0, Errors: 0, Skipped: 0, Time elapsed: 0.075 sec
[4177f077-b38f-4025-ae22-b57bf4a93440/build]   | Running nodebox.util.WavesTest
[4177f077-b38f-4025-ae22-b57bf4a93440/build]   | Tests run: 2, Failures: 0, Errors: 0, Skipped: 0, Time elapsed: 0.036 sec
[4177f077-b38f-4025-ae22-b57bf4a93440/build]   | Running nodebox.util.FileUtilTest
[4177f077-b38f-4025-ae22-b57bf4a93440/build]   | Tests run: 4, Failures: 0, Errors: 0, Skipped: 0, Time elapsed: 0.008 sec
[4177f077-b38f-4025-ae22-b57bf4a93440/build]   | Running nodebox.util.ListUtilsTest
[4177f077-b38f-4025-ae22-b57bf4a93440/build]   | Tests run: 1, Failures: 0, Errors: 0, Skipped: 0, Time elapsed: 0 sec
[4177f077-b38f-4025-ae22-b57bf4a93440/build]   | 
[4177f077-b38f-4025-ae22-b57bf4a93440/build]   | Results :
[4177f077-b38f-4025-ae22-b57bf4a93440/build]   | 
[4177f077-b38f-4025-ae22-b57bf4a93440/build]   | Tests run: 246, Failures: 0, Errors: 0, Skipped: 0
[4177f077-b38f-4025-ae22-b57bf4a93440/build]   | 
[4177f077-b38f-4025-ae22-b57bf4a93440/build]   | [INFO] 
[4177f077-b38f-4025-ae22-b57bf4a93440/build]   | [INFO] --- maven-jar-plugin:2.4:jar (default-jar) @ nodebox ---
[4177f077-b38f-4025-ae22-b57bf4a93440/build]   | [INFO] Downloading from central: https://repo.maven.apache.org/maven2/org/apache/maven/maven-archiver/2.5/maven-archiver-2.5.pom
[4177f077-b38f-4025-ae22-b57bf4a93440/build]   | [INFO] Downloaded from central: https://repo.maven.apache.org/maven2/org/apache/maven/maven-archiver/2.5/maven-archiver-2.5.pom (4.5 kB at 22 kB/s)
[4177f077-b38f-4025-ae22-b57bf4a93440/build]   | [INFO] Downloading from central: https://repo.maven.apache.org/maven2/org/codehaus/plexus/plexus-archiver/2.1/plexus-archiver-2.1.pom
[4177f077-b38f-4025-ae22-b57bf4a93440/build]   | [INFO] Downloaded from central: https://repo.maven.apache.org/maven2/org/codehaus/plexus/plexus-archiver/2.1/plexus-archiver-2.1.pom (2.8 kB at 49 kB/s)
[4177f077-b38f-4025-ae22-b57bf4a93440/build]   | [INFO] Downloading from central: https://repo.maven.apache.org/maven2/org/codehaus/plexus/plexus-io/2.0.2/plexus-io-2.0.2.pom
[4177f077-b38f-4025-ae22-b57bf4a93440/build]   | [INFO] Downloaded from central: https://repo.maven.apache.org/maven2/org/codehaus/plexus/plexus-io/2.0.2/plexus-io-2.0.2.pom (1.7 kB at 4.8 kB/s)
[4177f077-b38f-4025-ae22-b57bf4a93440/build]   | [INFO] Downloading from central: https://repo.maven.apache.org/maven2/org/codehaus/plexus/plexus-components/1.1.19/plexus-components-1.1.19.pom
[4177f077-b38f-4025-ae22-b57bf4a93440/build]   | [INFO] Downloaded from central: https://repo.maven.apache.org/maven2/org/codehaus/plexus/plexus-components/1.1.19/plexus-components-1.1.19.pom (2.7 kB at 32 kB/s)
[4177f077-b38f-4025-ae22-b57bf4a93440/build]   | [INFO] Downloading from central: https://repo.maven.apache.org/maven2/org/codehaus/plexus/plexus/3.0.1/plexus-3.0.1.pom
[4177f077-b38f-4025-ae22-b57bf4a93440/build]   | [INFO] Downloaded from central: https://repo.maven.apache.org/maven2/org/codehaus/plexus/plexus/3.0.1/plexus-3.0.1.pom (19 kB at 63 kB/s)
[4177f077-b38f-4025-ae22-b57bf4a93440/build]   | [INFO] Downloading from central: https://repo.maven.apache.org/maven2/org/codehaus/plexus/plexus-interpolation/1.15/plexus-interpolation-1.15.pom
[4177f077-b38f-4025-ae22-b57bf4a93440/build]   | [INFO] Downloaded from central: https://repo.maven.apache.org/maven2/org/codehaus/plexus/plexus-interpolation/1.15/plexus-interpolation-1.15.pom (1.0 kB at 15 kB/s)
[4177f077-b38f-4025-ae22-b57bf4a93440/build]   | [INFO] Downloading from central: https://repo.maven.apache.org/maven2/commons-lang/commons-lang/2.1/commons-lang-2.1.pom
[4177f077-b38f-4025-ae22-b57bf4a93440/build]   | [INFO] Downloaded from central: https://repo.maven.apache.org/maven2/commons-lang/commons-lang/2.1/commons-lang-2.1.pom (9.9 kB at 34 kB/s)
[4177f077-b38f-4025-ae22-b57bf4a93440/build]   | [INFO] Downloading from central: https://repo.maven.apache.org/maven2/org/apache/maven/maven-archiver/2.5/maven-archiver-2.5.jar
[4177f077-b38f-4025-ae22-b57bf4a93440/build]   | [INFO] Downloading from central: https://repo.maven.apache.org/maven2/org/codehaus/plexus/plexus-interpolation/1.15/plexus-interpolation-1.15.jar
[4177f077-b38f-4025-ae22-b57bf4a93440/build]   | [INFO] Downloading from central: https://repo.maven.apache.org/maven2/org/codehaus/plexus/plexus-archiver/2.1/plexus-archiver-2.1.jar
[4177f077-b38f-4025-ae22-b57bf4a93440/build]   | [INFO] Downloading from central: https://repo.maven.apache.org/maven2/org/codehaus/plexus/plexus-io/2.0.2/plexus-io-2.0.2.jar
[4177f077-b38f-4025-ae22-b57bf4a93440/build]   | [INFO] Downloading from central: https://repo.maven.apache.org/maven2/commons-lang/commons-lang/2.1/commons-lang-2.1.jar
[4177f077-b38f-4025-ae22-b57bf4a93440/build]   | [INFO] Downloaded from central: https://repo.maven.apache.org/maven2/org/codehaus/plexus/plexus-interpolation/1.15/plexus-interpolation-1.15.jar (60 kB at 665 kB/s)
[4177f077-b38f-4025-ae22-b57bf4a93440/build]   | [INFO] Downloaded from central: https://repo.maven.apache.org/maven2/org/codehaus/plexus/plexus-io/2.0.2/plexus-io-2.0.2.jar (58 kB at 719 kB/s)
[4177f077-b38f-4025-ae22-b57bf4a93440/build]   | [INFO] Downloaded from central: https://repo.maven.apache.org/maven2/commons-lang/commons-lang/2.1/commons-lang-2.1.jar (208 kB at 1.9 MB/s)
[4177f077-b38f-4025-ae22-b57bf4a93440/build]   | [INFO] Downloaded from central: https://repo.maven.apache.org/maven2/org/apache/maven/maven-archiver/2.5/maven-archiver-2.5.jar (22 kB at 59 kB/s)
[4177f077-b38f-4025-ae22-b57bf4a93440/build]   | [INFO] Downloaded from central: https://repo.maven.apache.org/maven2/org/codehaus/plexus/plexus-archiver/2.1/plexus-archiver-2.1.jar (184 kB at 331 kB/s)
[4177f077-b38f-4025-ae22-b57bf4a93440/build]   | [INFO] Building jar: /tmp/a338f13a-7465-43af-bca6-b15bf96f1c07/target/nodebox-3.0-SNAPSHOT.jar
[4177f077-b38f-4025-ae22-b57bf4a93440/build]   | [INFO] ------------------------------------------------------------------------
[4177f077-b38f-4025-ae22-b57bf4a93440/build]   | [INFO] BUILD SUCCESS
[4177f077-b38f-4025-ae22-b57bf4a93440/build]   | [INFO] ------------------------------------------------------------------------
[4177f077-b38f-4025-ae22-b57bf4a93440/build]   | [INFO] Total time:  32.115 s
[4177f077-b38f-4025-ae22-b57bf4a93440/build]   | [INFO] Finished at: 2023-07-12T02:48:46Z
[4177f077-b38f-4025-ae22-b57bf4a93440/build]   | [INFO] ------------------------------------------------------------------------
[4177f077-b38f-4025-ae22-b57bf4a93440/build]   ‚úÖ  Success - Main Build with Maven
[4177f077-b38f-4025-ae22-b57bf4a93440/build] unable to get git ref: failed to identify reference (tag/branch) for the checked-out revision '5606225497efe36b1946b665fcbd54101358228e'
[4177f077-b38f-4025-ae22-b57bf4a93440/build] unable to get git ref: failed to identify reference (tag/branch) for the checked-out revision '5606225497efe36b1946b665fcbd54101358228e'
[4177f077-b38f-4025-ae22-b57bf4a93440/build] unable to get git ref: failed to identify reference (tag/branch) for the checked-out revision '5606225497efe36b1946b665fcbd54101358228e'
[4177f077-b38f-4025-ae22-b57bf4a93440/build] unable to get git ref: failed to identify reference (tag/branch) for the checked-out revision '5606225497efe36b1946b665fcbd54101358228e'
[4177f077-b38f-4025-ae22-b57bf4a93440/build] unable to get git ref: failed to identify reference (tag/branch) for the checked-out revision '5606225497efe36b1946b665fcbd54101358228e'
[4177f077-b38f-4025-ae22-b57bf4a93440/build] ‚≠ê Run Post Set up JDK 11
[4177f077-b38f-4025-ae22-b57bf4a93440/build]   üê≥  docker exec cmd=[node /var/run/act/actions/actions-setup-java@v1/dist/cleanup/index.js] user= workdir=
[4177f077-b38f-4025-ae22-b57bf4a93440/build]   ‚úÖ  Success - Post Set up JDK 11
[4177f077-b38f-4025-ae22-b57bf4a93440/build] üèÅ  Job succeeded
[4177f077-b38f-4025-ae22-b57bf4a93440/build] unable to get git ref: failed to identify reference (tag/branch) for the checked-out revision '5606225497efe36b1946b665fcbd54101358228e'
