[a5191a9a-f364-403a-9b9b-de7af66af825/build] üöÄ  Start image=crawlergpt:latest
[a5191a9a-f364-403a-9b9b-de7af66af825/build]   üê≥  docker pull image=crawlergpt:latest platform= username= forcePull=false
[a5191a9a-f364-403a-9b9b-de7af66af825/build]   üê≥  docker create image=crawlergpt:latest platform= entrypoint=["tail" "-f" "/dev/null"] cmd=[]
[a5191a9a-f364-403a-9b9b-de7af66af825/build]   üê≥  docker run image=crawlergpt:latest platform= entrypoint=["tail" "-f" "/dev/null"] cmd=[]
[a5191a9a-f364-403a-9b9b-de7af66af825/build]   üê≥  docker exec cmd=[chown -R 1012:1013 /tmp/a338f13a-7465-43af-bca6-b15bf96f1c07] user=0 workdir=
[a5191a9a-f364-403a-9b9b-de7af66af825/build] unable to get git ref: failed to identify reference (tag/branch) for the checked-out revision 'e5c38d6b803deaad93f4238ca2277c1863fae0e7'
[a5191a9a-f364-403a-9b9b-de7af66af825/build] unable to get git ref: failed to identify reference (tag/branch) for the checked-out revision 'e5c38d6b803deaad93f4238ca2277c1863fae0e7'
[a5191a9a-f364-403a-9b9b-de7af66af825/build] unable to get git ref: failed to identify reference (tag/branch) for the checked-out revision 'e5c38d6b803deaad93f4238ca2277c1863fae0e7'
[a5191a9a-f364-403a-9b9b-de7af66af825/build] unable to get git ref: failed to identify reference (tag/branch) for the checked-out revision 'e5c38d6b803deaad93f4238ca2277c1863fae0e7'
[a5191a9a-f364-403a-9b9b-de7af66af825/build] unable to get git ref: failed to identify reference (tag/branch) for the checked-out revision 'e5c38d6b803deaad93f4238ca2277c1863fae0e7'
[a5191a9a-f364-403a-9b9b-de7af66af825/build] unable to get git ref: failed to identify reference (tag/branch) for the checked-out revision 'e5c38d6b803deaad93f4238ca2277c1863fae0e7'
[a5191a9a-f364-403a-9b9b-de7af66af825/build] unable to get git ref: failed to identify reference (tag/branch) for the checked-out revision 'e5c38d6b803deaad93f4238ca2277c1863fae0e7'
[a5191a9a-f364-403a-9b9b-de7af66af825/build] unable to get git ref: failed to identify reference (tag/branch) for the checked-out revision 'e5c38d6b803deaad93f4238ca2277c1863fae0e7'
[a5191a9a-f364-403a-9b9b-de7af66af825/build] unable to get git ref: failed to identify reference (tag/branch) for the checked-out revision 'e5c38d6b803deaad93f4238ca2277c1863fae0e7'
[a5191a9a-f364-403a-9b9b-de7af66af825/build] ‚≠ê Run Main actions/checkout@v2
[a5191a9a-f364-403a-9b9b-de7af66af825/build] unable to get git ref: failed to identify reference (tag/branch) for the checked-out revision 'e5c38d6b803deaad93f4238ca2277c1863fae0e7'
[a5191a9a-f364-403a-9b9b-de7af66af825/build]   ‚úÖ  Success - Main actions/checkout@v2
[a5191a9a-f364-403a-9b9b-de7af66af825/build] unable to get git ref: failed to identify reference (tag/branch) for the checked-out revision 'e5c38d6b803deaad93f4238ca2277c1863fae0e7'
[a5191a9a-f364-403a-9b9b-de7af66af825/build] unable to get git ref: failed to identify reference (tag/branch) for the checked-out revision 'e5c38d6b803deaad93f4238ca2277c1863fae0e7'
[a5191a9a-f364-403a-9b9b-de7af66af825/build] unable to get git ref: failed to identify reference (tag/branch) for the checked-out revision 'e5c38d6b803deaad93f4238ca2277c1863fae0e7'
[a5191a9a-f364-403a-9b9b-de7af66af825/build] unable to get git ref: failed to identify reference (tag/branch) for the checked-out revision 'e5c38d6b803deaad93f4238ca2277c1863fae0e7'
[a5191a9a-f364-403a-9b9b-de7af66af825/build] unable to get git ref: failed to identify reference (tag/branch) for the checked-out revision 'e5c38d6b803deaad93f4238ca2277c1863fae0e7'
[a5191a9a-f364-403a-9b9b-de7af66af825/build] ‚≠ê Run Main Set up JDK 11
[a5191a9a-f364-403a-9b9b-de7af66af825/build] unable to get git ref: failed to identify reference (tag/branch) for the checked-out revision 'e5c38d6b803deaad93f4238ca2277c1863fae0e7'
[a5191a9a-f364-403a-9b9b-de7af66af825/build] unable to get git ref: failed to identify reference (tag/branch) for the checked-out revision 'e5c38d6b803deaad93f4238ca2277c1863fae0e7'
[a5191a9a-f364-403a-9b9b-de7af66af825/build] unable to get git ref: failed to identify reference (tag/branch) for the checked-out revision 'e5c38d6b803deaad93f4238ca2277c1863fae0e7'
[a5191a9a-f364-403a-9b9b-de7af66af825/build]   üê≥  docker cp src=/tmp/act-cache/4b8208eb-0cc3-43a1-b841-f1b26e7acae7/act/actions-setup-java@v1/ dst=/var/run/act/actions/actions-setup-java@v1/
[a5191a9a-f364-403a-9b9b-de7af66af825/build]   üê≥  docker exec cmd=[chown -R 1012:1013 /var/run/act/actions/actions-setup-java@v1/] user=0 workdir=
[a5191a9a-f364-403a-9b9b-de7af66af825/build]   üê≥  docker exec cmd=[node /var/run/act/actions/actions-setup-java@v1/dist/setup/index.js] user= workdir=
[a5191a9a-f364-403a-9b9b-de7af66af825/build]   üí¨  ::debug::isExplicit: 
[a5191a9a-f364-403a-9b9b-de7af66af825/build]   üí¨  ::debug::explicit? false
[a5191a9a-f364-403a-9b9b-de7af66af825/build]   üí¨  ::debug::evaluating 0 versions
[a5191a9a-f364-403a-9b9b-de7af66af825/build]   üí¨  ::debug::match not found
[a5191a9a-f364-403a-9b9b-de7af66af825/build]   üí¨  ::debug::Downloading JDK from Azul
[a5191a9a-f364-403a-9b9b-de7af66af825/build]   üí¨  ::debug::Searching for files with extension: -linux_x64.tar.gz
[a5191a9a-f364-403a-9b9b-de7af66af825/build]   üí¨  ::debug::Downloading https://static.azul.com/zulu/bin/zulu11.64.19-ca-jdk11.0.19-linux_x64.tar.gz
[a5191a9a-f364-403a-9b9b-de7af66af825/build]   üí¨  ::debug::Downloading /tmp/6940b229-1d17-4af8-b6d1-eba3b076cbfb
[a5191a9a-f364-403a-9b9b-de7af66af825/build]   üí¨  ::debug::download complete
[a5191a9a-f364-403a-9b9b-de7af66af825/build]   | [command]/usr/bin/tar --version
[a5191a9a-f364-403a-9b9b-de7af66af825/build]   | tar (GNU tar) 1.30
[a5191a9a-f364-403a-9b9b-de7af66af825/build]   | Copyright (C) 2017 Free Software Foundation, Inc.
[a5191a9a-f364-403a-9b9b-de7af66af825/build]   | License GPLv3+: GNU GPL version 3 or later <https://gnu.org/licenses/gpl.html>.
[a5191a9a-f364-403a-9b9b-de7af66af825/build]   | This is free software: you are free to change and redistribute it.
[a5191a9a-f364-403a-9b9b-de7af66af825/build]   | There is NO WARRANTY, to the extent permitted by law.
[a5191a9a-f364-403a-9b9b-de7af66af825/build]   | 
[a5191a9a-f364-403a-9b9b-de7af66af825/build]   | Written by John Gilmore and Jay Fenlason.
[a5191a9a-f364-403a-9b9b-de7af66af825/build]   | [command]/usr/bin/tar xz --warning=no-unknown-keyword -C /tmp/temp_522768881 -f /tmp/6940b229-1d17-4af8-b6d1-eba3b076cbfb
[a5191a9a-f364-403a-9b9b-de7af66af825/build]   üí¨  ::debug::jdk extracted to /tmp/temp_522768881/zulu11.64.19-ca-jdk11.0.19-linux_x64
[a5191a9a-f364-403a-9b9b-de7af66af825/build]   üí¨  ::debug::Caching tool jdk 11.0.19 x64
[a5191a9a-f364-403a-9b9b-de7af66af825/build]   üí¨  ::debug::source dir: /tmp/temp_522768881/zulu11.64.19-ca-jdk11.0.19-linux_x64
[a5191a9a-f364-403a-9b9b-de7af66af825/build]   üí¨  ::debug::destination /opt/hostedtoolcache/jdk/11.0.19/x64
[a5191a9a-f364-403a-9b9b-de7af66af825/build]   üí¨  ::debug::finished caching tool
[a5191a9a-f364-403a-9b9b-de7af66af825/build]   ‚ùì add-matcher /run/act/actions/actions-setup-java@v1/.github/java.json
[a5191a9a-f364-403a-9b9b-de7af66af825/build]   | creating settings.xml with server-id: github; environment variables: username=$GITHUB_ACTOR, password=$GITHUB_TOKEN, and gpg-passphrase=null
[a5191a9a-f364-403a-9b9b-de7af66af825/build]   üí¨  ::debug::created directory /home/runneradmin/.m2
[a5191a9a-f364-403a-9b9b-de7af66af825/build]   | writing /home/runneradmin/.m2/settings.xml
[a5191a9a-f364-403a-9b9b-de7af66af825/build]   ‚úÖ  Success - Main Set up JDK 11
[a5191a9a-f364-403a-9b9b-de7af66af825/build]   ‚öô  ::set-env:: JAVA_HOME_11.0.19_x64=/opt/hostedtoolcache/jdk/11.0.19/x64
[a5191a9a-f364-403a-9b9b-de7af66af825/build]   ‚öô  ::set-env:: JAVA_HOME=/opt/hostedtoolcache/jdk/11.0.19/x64
[a5191a9a-f364-403a-9b9b-de7af66af825/build]   ‚öô  ::set-env:: JAVA_HOME_11_0_19_X64=/opt/hostedtoolcache/jdk/11.0.19/x64
[a5191a9a-f364-403a-9b9b-de7af66af825/build]   ‚öô  ::set-output:: path=/opt/hostedtoolcache/jdk/11.0.19/x64
[a5191a9a-f364-403a-9b9b-de7af66af825/build]   ‚öô  ::set-output:: version=11.0.19
[a5191a9a-f364-403a-9b9b-de7af66af825/build]   ‚öô  ::add-path:: /opt/hostedtoolcache/jdk/11.0.19/x64/bin
[a5191a9a-f364-403a-9b9b-de7af66af825/build] unable to get git ref: failed to identify reference (tag/branch) for the checked-out revision 'e5c38d6b803deaad93f4238ca2277c1863fae0e7'
[a5191a9a-f364-403a-9b9b-de7af66af825/build] unable to get git ref: failed to identify reference (tag/branch) for the checked-out revision 'e5c38d6b803deaad93f4238ca2277c1863fae0e7'
[a5191a9a-f364-403a-9b9b-de7af66af825/build] unable to get git ref: failed to identify reference (tag/branch) for the checked-out revision 'e5c38d6b803deaad93f4238ca2277c1863fae0e7'
[a5191a9a-f364-403a-9b9b-de7af66af825/build] unable to get git ref: failed to identify reference (tag/branch) for the checked-out revision 'e5c38d6b803deaad93f4238ca2277c1863fae0e7'
[a5191a9a-f364-403a-9b9b-de7af66af825/build] unable to get git ref: failed to identify reference (tag/branch) for the checked-out revision 'e5c38d6b803deaad93f4238ca2277c1863fae0e7'
[a5191a9a-f364-403a-9b9b-de7af66af825/build] ‚≠ê Run Main Build with Maven
[a5191a9a-f364-403a-9b9b-de7af66af825/build] unable to get git ref: failed to identify reference (tag/branch) for the checked-out revision 'e5c38d6b803deaad93f4238ca2277c1863fae0e7'
[a5191a9a-f364-403a-9b9b-de7af66af825/build] unable to get git ref: failed to identify reference (tag/branch) for the checked-out revision 'e5c38d6b803deaad93f4238ca2277c1863fae0e7'
[a5191a9a-f364-403a-9b9b-de7af66af825/build] unable to get git ref: failed to identify reference (tag/branch) for the checked-out revision 'e5c38d6b803deaad93f4238ca2277c1863fae0e7'
[a5191a9a-f364-403a-9b9b-de7af66af825/build] unable to get git ref: failed to identify reference (tag/branch) for the checked-out revision 'e5c38d6b803deaad93f4238ca2277c1863fae0e7'
[a5191a9a-f364-403a-9b9b-de7af66af825/build]   üê≥  docker exec cmd=[bash --noprofile --norc -e -o pipefail /var/run/act/workflow/2] user= workdir=
[a5191a9a-f364-403a-9b9b-de7af66af825/build]   | [INFO] Scanning for projects...
[a5191a9a-f364-403a-9b9b-de7af66af825/build]   | [INFO] 
[a5191a9a-f364-403a-9b9b-de7af66af825/build]   | [INFO] ------------------------< net.nodebox:nodebox >-------------------------
[a5191a9a-f364-403a-9b9b-de7af66af825/build]   | [INFO] Building NodeBox 3.0-SNAPSHOT
[a5191a9a-f364-403a-9b9b-de7af66af825/build]   | [INFO] --------------------------------[ jar ]---------------------------------
[a5191a9a-f364-403a-9b9b-de7af66af825/build]   | [INFO] Downloading from central: https://repo.maven.apache.org/maven2/org/apache/maven/plugins/maven-resources-plugin/2.6/maven-resources-plugin-2.6.pom
[a5191a9a-f364-403a-9b9b-de7af66af825/build]   | [INFO] Downloaded from central: https://repo.maven.apache.org/maven2/org/apache/maven/plugins/maven-resources-plugin/2.6/maven-resources-plugin-2.6.pom (8.1 kB at 22 kB/s)
[a5191a9a-f364-403a-9b9b-de7af66af825/build]   | [INFO] Downloading from central: https://repo.maven.apache.org/maven2/org/apache/maven/plugins/maven-plugins/23/maven-plugins-23.pom
[a5191a9a-f364-403a-9b9b-de7af66af825/build]   | [INFO] Downloaded from central: https://repo.maven.apache.org/maven2/org/apache/maven/plugins/maven-plugins/23/maven-plugins-23.pom (9.2 kB at 766 kB/s)
[a5191a9a-f364-403a-9b9b-de7af66af825/build]   | [INFO] Downloading from central: https://repo.maven.apache.org/maven2/org/apache/maven/maven-parent/22/maven-parent-22.pom
[a5191a9a-f364-403a-9b9b-de7af66af825/build]   | [INFO] Downloaded from central: https://repo.maven.apache.org/maven2/org/apache/maven/maven-parent/22/maven-parent-22.pom (30 kB at 959 kB/s)
[a5191a9a-f364-403a-9b9b-de7af66af825/build]   | [INFO] Downloading from central: https://repo.maven.apache.org/maven2/org/apache/apache/11/apache-11.pom
[a5191a9a-f364-403a-9b9b-de7af66af825/build]   | [INFO] Downloaded from central: https://repo.maven.apache.org/maven2/org/apache/apache/11/apache-11.pom (15 kB at 871 kB/s)
[a5191a9a-f364-403a-9b9b-de7af66af825/build]   | [INFO] Downloading from central: https://repo.maven.apache.org/maven2/org/apache/maven/plugins/maven-resources-plugin/2.6/maven-resources-plugin-2.6.jar
[a5191a9a-f364-403a-9b9b-de7af66af825/build]   | [INFO] Downloaded from central: https://repo.maven.apache.org/maven2/org/apache/maven/plugins/maven-resources-plugin/2.6/maven-resources-plugin-2.6.jar (30 kB at 1.6 MB/s)
[a5191a9a-f364-403a-9b9b-de7af66af825/build]   | [INFO] Downloading from central: https://repo.maven.apache.org/maven2/org/apache/maven/plugins/maven-compiler-plugin/2.5.1/maven-compiler-plugin-2.5.1.pom
[a5191a9a-f364-403a-9b9b-de7af66af825/build]   | [INFO] Downloaded from central: https://repo.maven.apache.org/maven2/org/apache/maven/plugins/maven-compiler-plugin/2.5.1/maven-compiler-plugin-2.5.1.pom (7.9 kB at 377 kB/s)
[a5191a9a-f364-403a-9b9b-de7af66af825/build]   | [INFO] Downloading from central: https://repo.maven.apache.org/maven2/org/apache/maven/plugins/maven-plugins/22/maven-plugins-22.pom
[a5191a9a-f364-403a-9b9b-de7af66af825/build]   | [INFO] Downloaded from central: https://repo.maven.apache.org/maven2/org/apache/maven/plugins/maven-plugins/22/maven-plugins-22.pom (13 kB at 686 kB/s)
[a5191a9a-f364-403a-9b9b-de7af66af825/build]   | [INFO] Downloading from central: https://repo.maven.apache.org/maven2/org/apache/maven/maven-parent/21/maven-parent-21.pom
[a5191a9a-f364-403a-9b9b-de7af66af825/build]   | [INFO] Downloaded from central: https://repo.maven.apache.org/maven2/org/apache/maven/maven-parent/21/maven-parent-21.pom (26 kB at 2.0 MB/s)
[a5191a9a-f364-403a-9b9b-de7af66af825/build]   | [INFO] Downloading from central: https://repo.maven.apache.org/maven2/org/apache/apache/10/apache-10.pom
[a5191a9a-f364-403a-9b9b-de7af66af825/build]   | [INFO] Downloaded from central: https://repo.maven.apache.org/maven2/org/apache/apache/10/apache-10.pom (15 kB at 871 kB/s)
[a5191a9a-f364-403a-9b9b-de7af66af825/build]   | [INFO] Downloading from central: https://repo.maven.apache.org/maven2/org/apache/maven/plugins/maven-compiler-plugin/2.5.1/maven-compiler-plugin-2.5.1.jar
[a5191a9a-f364-403a-9b9b-de7af66af825/build]   | [INFO] Downloaded from central: https://repo.maven.apache.org/maven2/org/apache/maven/plugins/maven-compiler-plugin/2.5.1/maven-compiler-plugin-2.5.1.jar (33 kB at 1.3 MB/s)
[a5191a9a-f364-403a-9b9b-de7af66af825/build]   | [INFO] Downloading from central: https://repo.maven.apache.org/maven2/org/apache/maven/plugins/maven-surefire-plugin/2.12.4/maven-surefire-plugin-2.12.4.pom
[a5191a9a-f364-403a-9b9b-de7af66af825/build]   | [INFO] Downloaded from central: https://repo.maven.apache.org/maven2/org/apache/maven/plugins/maven-surefire-plugin/2.12.4/maven-surefire-plugin-2.12.4.pom (10 kB at 524 kB/s)
[a5191a9a-f364-403a-9b9b-de7af66af825/build]   | [INFO] Downloading from central: https://repo.maven.apache.org/maven2/org/apache/maven/surefire/surefire/2.12.4/surefire-2.12.4.pom
[a5191a9a-f364-403a-9b9b-de7af66af825/build]   | [INFO] Downloaded from central: https://repo.maven.apache.org/maven2/org/apache/maven/surefire/surefire/2.12.4/surefire-2.12.4.pom (14 kB at 985 kB/s)
[a5191a9a-f364-403a-9b9b-de7af66af825/build]   | [INFO] Downloading from central: https://repo.maven.apache.org/maven2/org/apache/maven/plugins/maven-surefire-plugin/2.12.4/maven-surefire-plugin-2.12.4.jar
[a5191a9a-f364-403a-9b9b-de7af66af825/build]   | [INFO] Downloaded from central: https://repo.maven.apache.org/maven2/org/apache/maven/plugins/maven-surefire-plugin/2.12.4/maven-surefire-plugin-2.12.4.jar (30 kB at 1.8 MB/s)
[a5191a9a-f364-403a-9b9b-de7af66af825/build]   | [INFO] Downloading from central: https://repo.maven.apache.org/maven2/org/apache/maven/plugins/maven-jar-plugin/2.4/maven-jar-plugin-2.4.pom
[a5191a9a-f364-403a-9b9b-de7af66af825/build]   | [INFO] Downloaded from central: https://repo.maven.apache.org/maven2/org/apache/maven/plugins/maven-jar-plugin/2.4/maven-jar-plugin-2.4.pom (5.8 kB at 324 kB/s)
[a5191a9a-f364-403a-9b9b-de7af66af825/build]   | [INFO] Downloading from central: https://repo.maven.apache.org/maven2/org/apache/maven/plugins/maven-jar-plugin/2.4/maven-jar-plugin-2.4.jar
[a5191a9a-f364-403a-9b9b-de7af66af825/build]   | [INFO] Downloaded from central: https://repo.maven.apache.org/maven2/org/apache/maven/plugins/maven-jar-plugin/2.4/maven-jar-plugin-2.4.jar (34 kB at 1.8 MB/s)
[a5191a9a-f364-403a-9b9b-de7af66af825/build]   | [INFO] Downloading from central: https://repo.maven.apache.org/maven2/org/clojure/clojure/1.4.0/clojure-1.4.0.pom
[a5191a9a-f364-403a-9b9b-de7af66af825/build]   | [INFO] Downloaded from central: https://repo.maven.apache.org/maven2/org/clojure/clojure/1.4.0/clojure-1.4.0.pom (5.4 kB at 285 kB/s)
[a5191a9a-f364-403a-9b9b-de7af66af825/build]   | [INFO] Downloading from central: https://repo.maven.apache.org/maven2/org/sonatype/oss/oss-parent/5/oss-parent-5.pom
[a5191a9a-f364-403a-9b9b-de7af66af825/build]   | [INFO] Downloaded from central: https://repo.maven.apache.org/maven2/org/sonatype/oss/oss-parent/5/oss-parent-5.pom (4.1 kB at 272 kB/s)
[a5191a9a-f364-403a-9b9b-de7af66af825/build]   | [INFO] Downloading from central: https://repo.maven.apache.org/maven2/com/google/guava/guava/13.0.1/guava-13.0.1.pom
[a5191a9a-f364-403a-9b9b-de7af66af825/build]   | [INFO] Downloaded from central: https://repo.maven.apache.org/maven2/com/google/guava/guava/13.0.1/guava-13.0.1.pom (5.3 kB at 314 kB/s)
[a5191a9a-f364-403a-9b9b-de7af66af825/build]   | [INFO] Downloading from central: https://repo.maven.apache.org/maven2/com/google/guava/guava-parent/13.0.1/guava-parent-13.0.1.pom
[a5191a9a-f364-403a-9b9b-de7af66af825/build]   | [INFO] Downloaded from central: https://repo.maven.apache.org/maven2/com/google/guava/guava-parent/13.0.1/guava-parent-13.0.1.pom (2.6 kB at 67 kB/s)
[a5191a9a-f364-403a-9b9b-de7af66af825/build]   | [INFO] Downloading from central: https://repo.maven.apache.org/maven2/org/sonatype/oss/oss-parent/7/oss-parent-7.pom
[a5191a9a-f364-403a-9b9b-de7af66af825/build]   | [INFO] Downloaded from central: https://repo.maven.apache.org/maven2/org/sonatype/oss/oss-parent/7/oss-parent-7.pom (4.8 kB at 345 kB/s)
[a5191a9a-f364-403a-9b9b-de7af66af825/build]   | [INFO] Downloading from central: https://repo.maven.apache.org/maven2/com/itextpdf/itextpdf/5.3.2/itextpdf-5.3.2.pom
[a5191a9a-f364-403a-9b9b-de7af66af825/build]   | [INFO] Downloaded from central: https://repo.maven.apache.org/maven2/com/itextpdf/itextpdf/5.3.2/itextpdf-5.3.2.pom (5.5 kB at 251 kB/s)
[a5191a9a-f364-403a-9b9b-de7af66af825/build]   | [INFO] Downloading from central: https://repo.maven.apache.org/maven2/com/itextpdf/itext-parent/1.0.0/itext-parent-1.0.0.pom
[a5191a9a-f364-403a-9b9b-de7af66af825/build]   | [INFO] Downloaded from central: https://repo.maven.apache.org/maven2/com/itextpdf/itext-parent/1.0.0/itext-parent-1.0.0.pom (3.6 kB at 134 kB/s)
[a5191a9a-f364-403a-9b9b-de7af66af825/build]   | [INFO] Downloading from central: https://repo.maven.apache.org/maven2/net/java/dev/jna/jna/3.4.0/jna-3.4.0.pom
[a5191a9a-f364-403a-9b9b-de7af66af825/build]   | [INFO] Downloaded from central: https://repo.maven.apache.org/maven2/net/java/dev/jna/jna/3.4.0/jna-3.4.0.pom (2.2 kB at 68 kB/s)
[a5191a9a-f364-403a-9b9b-de7af66af825/build]   | [INFO] Downloading from central: https://repo.maven.apache.org/maven2/junit/junit/4.10/junit-4.10.pom
[a5191a9a-f364-403a-9b9b-de7af66af825/build]   | [INFO] Downloaded from central: https://repo.maven.apache.org/maven2/junit/junit/4.10/junit-4.10.pom (2.3 kB at 57 kB/s)
[a5191a9a-f364-403a-9b9b-de7af66af825/build]   | [INFO] Downloading from central: https://repo.maven.apache.org/maven2/org/hamcrest/hamcrest-core/1.1/hamcrest-core-1.1.pom
[a5191a9a-f364-403a-9b9b-de7af66af825/build]   | [INFO] Downloaded from central: https://repo.maven.apache.org/maven2/org/hamcrest/hamcrest-core/1.1/hamcrest-core-1.1.pom (481 B at 23 kB/s)
[a5191a9a-f364-403a-9b9b-de7af66af825/build]   | [INFO] Downloading from central: https://repo.maven.apache.org/maven2/org/hamcrest/hamcrest-parent/1.1/hamcrest-parent-1.1.pom
[a5191a9a-f364-403a-9b9b-de7af66af825/build]   | [INFO] Downloaded from central: https://repo.maven.apache.org/maven2/org/hamcrest/hamcrest-parent/1.1/hamcrest-parent-1.1.pom (5.9 kB at 490 kB/s)
[a5191a9a-f364-403a-9b9b-de7af66af825/build]   | [INFO] Downloading from central: https://repo.maven.apache.org/maven2/org/python/jython/2.5.3/jython-2.5.3.pom
[a5191a9a-f364-403a-9b9b-de7af66af825/build]   | [INFO] Downloaded from central: https://repo.maven.apache.org/maven2/org/python/jython/2.5.3/jython-2.5.3.pom (1.4 kB at 65 kB/s)
[a5191a9a-f364-403a-9b9b-de7af66af825/build]   | [INFO] Downloading from central: https://repo.maven.apache.org/maven2/net/sf/opencsv/opencsv/2.3/opencsv-2.3.pom
[a5191a9a-f364-403a-9b9b-de7af66af825/build]   | [INFO] Downloaded from central: https://repo.maven.apache.org/maven2/net/sf/opencsv/opencsv/2.3/opencsv-2.3.pom (5.4 kB at 287 kB/s)
[a5191a9a-f364-403a-9b9b-de7af66af825/build]   | [INFO] Downloading from central: https://repo.maven.apache.org/maven2/org/piccolo2d/piccolo2d-core/1.3.1/piccolo2d-core-1.3.1.pom
[a5191a9a-f364-403a-9b9b-de7af66af825/build]   | [INFO] Downloaded from central: https://repo.maven.apache.org/maven2/org/piccolo2d/piccolo2d-core/1.3.1/piccolo2d-core-1.3.1.pom (6.5 kB at 362 kB/s)
[a5191a9a-f364-403a-9b9b-de7af66af825/build]   | [INFO] Downloading from central: https://repo.maven.apache.org/maven2/org/piccolo2d/piccolo2d-parent/1.3.1/piccolo2d-parent-1.3.1.pom
[a5191a9a-f364-403a-9b9b-de7af66af825/build]   | [INFO] Downloaded from central: https://repo.maven.apache.org/maven2/org/piccolo2d/piccolo2d-parent/1.3.1/piccolo2d-parent-1.3.1.pom (13 kB at 1.0 MB/s)
[a5191a9a-f364-403a-9b9b-de7af66af825/build]   | [INFO] Downloading from central: https://repo.maven.apache.org/maven2/xom/xom/1.2.5/xom-1.2.5.pom
[a5191a9a-f364-403a-9b9b-de7af66af825/build]   | [INFO] Downloaded from central: https://repo.maven.apache.org/maven2/xom/xom/1.2.5/xom-1.2.5.pom (1.9 kB at 122 kB/s)
[a5191a9a-f364-403a-9b9b-de7af66af825/build]   | [INFO] Downloading from central: https://repo.maven.apache.org/maven2/xml-apis/xml-apis/1.3.03/xml-apis-1.3.03.pom
[a5191a9a-f364-403a-9b9b-de7af66af825/build]   | [INFO] Downloaded from central: https://repo.maven.apache.org/maven2/xml-apis/xml-apis/1.3.03/xml-apis-1.3.03.pom (738 B at 18 kB/s)
[a5191a9a-f364-403a-9b9b-de7af66af825/build]   | [INFO] Downloading from central: https://repo.maven.apache.org/maven2/org/apache/apache/1/apache-1.pom
[a5191a9a-f364-403a-9b9b-de7af66af825/build]   | [INFO] Downloaded from central: https://repo.maven.apache.org/maven2/org/apache/apache/1/apache-1.pom (3.4 kB at 284 kB/s)
[a5191a9a-f364-403a-9b9b-de7af66af825/build]   | [INFO] Downloading from central: https://repo.maven.apache.org/maven2/xerces/xercesImpl/2.8.0/xercesImpl-2.8.0.pom
[a5191a9a-f364-403a-9b9b-de7af66af825/build]   | [INFO] Downloaded from central: https://repo.maven.apache.org/maven2/xerces/xercesImpl/2.8.0/xercesImpl-2.8.0.pom (1.4 kB at 31 kB/s)
[a5191a9a-f364-403a-9b9b-de7af66af825/build]   | [INFO] Downloading from central: https://repo.maven.apache.org/maven2/xalan/xalan/2.7.0/xalan-2.7.0.pom
[a5191a9a-f364-403a-9b9b-de7af66af825/build]   | [INFO] Downloaded from central: https://repo.maven.apache.org/maven2/xalan/xalan/2.7.0/xalan-2.7.0.pom (491 B at 27 kB/s)
[a5191a9a-f364-403a-9b9b-de7af66af825/build]   | [INFO] Downloading from central: https://repo.maven.apache.org/maven2/xml-apis/xml-apis/2.0.2/xml-apis-2.0.2.pom
[a5191a9a-f364-403a-9b9b-de7af66af825/build]   | [INFO] Downloaded from central: https://repo.maven.apache.org/maven2/xml-apis/xml-apis/2.0.2/xml-apis-2.0.2.pom (346 B at 31 kB/s)
[a5191a9a-f364-403a-9b9b-de7af66af825/build]   | [INFO] Downloading from central: https://repo.maven.apache.org/maven2/xml-apis/xml-apis/1.0.b2/xml-apis-1.0.b2.pom
[a5191a9a-f364-403a-9b9b-de7af66af825/build]   | [INFO] Downloaded from central: https://repo.maven.apache.org/maven2/xml-apis/xml-apis/1.0.b2/xml-apis-1.0.b2.pom (2.2 kB at 225 kB/s)
[a5191a9a-f364-403a-9b9b-de7af66af825/build]   | [INFO] Downloading from central: https://repo.maven.apache.org/maven2/org/clojure/clojure/1.4.0/clojure-1.4.0.jar
[a5191a9a-f364-403a-9b9b-de7af66af825/build]   | [INFO] Downloading from central: https://repo.maven.apache.org/maven2/com/google/guava/guava/13.0.1/guava-13.0.1.jar
[a5191a9a-f364-403a-9b9b-de7af66af825/build]   | [INFO] Downloading from central: https://repo.maven.apache.org/maven2/com/itextpdf/itextpdf/5.3.2/itextpdf-5.3.2.jar
[a5191a9a-f364-403a-9b9b-de7af66af825/build]   | [INFO] Downloading from central: https://repo.maven.apache.org/maven2/net/java/dev/jna/jna/3.4.0/jna-3.4.0.jar
[a5191a9a-f364-403a-9b9b-de7af66af825/build]   | [INFO] Downloading from central: https://repo.maven.apache.org/maven2/junit/junit/4.10/junit-4.10.jar
[a5191a9a-f364-403a-9b9b-de7af66af825/build]   | [INFO] Downloaded from central: https://repo.maven.apache.org/maven2/junit/junit/4.10/junit-4.10.jar (253 kB at 4.0 MB/s)
[a5191a9a-f364-403a-9b9b-de7af66af825/build]   | [INFO] Downloading from central: https://repo.maven.apache.org/maven2/org/hamcrest/hamcrest-core/1.1/hamcrest-core-1.1.jar
[a5191a9a-f364-403a-9b9b-de7af66af825/build]   | [INFO] Downloaded from central: https://repo.maven.apache.org/maven2/org/hamcrest/hamcrest-core/1.1/hamcrest-core-1.1.jar (77 kB at 759 kB/s)
[a5191a9a-f364-403a-9b9b-de7af66af825/build]   | [INFO] Downloading from central: https://repo.maven.apache.org/maven2/org/python/jython/2.5.3/jython-2.5.3.jar
[a5191a9a-f364-403a-9b9b-de7af66af825/build]   | [INFO] Downloaded from central: https://repo.maven.apache.org/maven2/net/java/dev/jna/jna/3.4.0/jna-3.4.0.jar (1.0 MB at 7.0 MB/s)
[a5191a9a-f364-403a-9b9b-de7af66af825/build]   | [INFO] Downloading from central: https://repo.maven.apache.org/maven2/net/sf/opencsv/opencsv/2.3/opencsv-2.3.jar
[a5191a9a-f364-403a-9b9b-de7af66af825/build]   | [INFO] Downloaded from central: https://repo.maven.apache.org/maven2/net/sf/opencsv/opencsv/2.3/opencsv-2.3.jar (20 kB at 117 kB/s)
[a5191a9a-f364-403a-9b9b-de7af66af825/build]   | [INFO] Downloading from central: https://repo.maven.apache.org/maven2/org/piccolo2d/piccolo2d-core/1.3.1/piccolo2d-core-1.3.1.jar
[a5191a9a-f364-403a-9b9b-de7af66af825/build]   | [INFO] Downloaded from central: https://repo.maven.apache.org/maven2/org/piccolo2d/piccolo2d-core/1.3.1/piccolo2d-core-1.3.1.jar (121 kB at 626 kB/s)
[a5191a9a-f364-403a-9b9b-de7af66af825/build]   | [INFO] Downloading from central: https://repo.maven.apache.org/maven2/xom/xom/1.2.5/xom-1.2.5.jar
[a5191a9a-f364-403a-9b9b-de7af66af825/build]   | [INFO] Downloaded from central: https://repo.maven.apache.org/maven2/com/itextpdf/itextpdf/5.3.2/itextpdf-5.3.2.jar (1.8 MB at 8.6 MB/s)
[a5191a9a-f364-403a-9b9b-de7af66af825/build]   | [INFO] Downloading from central: https://repo.maven.apache.org/maven2/xml-apis/xml-apis/1.3.03/xml-apis-1.3.03.jar
[a5191a9a-f364-403a-9b9b-de7af66af825/build]   | [INFO] Downloaded from central: https://repo.maven.apache.org/maven2/org/clojure/clojure/1.4.0/clojure-1.4.0.jar (3.4 MB at 15 MB/s)
[a5191a9a-f364-403a-9b9b-de7af66af825/build]   | [INFO] Downloading from central: https://repo.maven.apache.org/maven2/xerces/xercesImpl/2.8.0/xercesImpl-2.8.0.jar
[a5191a9a-f364-403a-9b9b-de7af66af825/build]   | [INFO] Downloaded from central: https://repo.maven.apache.org/maven2/com/google/guava/guava/13.0.1/guava-13.0.1.jar (1.9 MB at 7.5 MB/s)
[a5191a9a-f364-403a-9b9b-de7af66af825/build]   | [INFO] Downloading from central: https://repo.maven.apache.org/maven2/xalan/xalan/2.7.0/xalan-2.7.0.jar
[a5191a9a-f364-403a-9b9b-de7af66af825/build]   | [INFO] Downloaded from central: https://repo.maven.apache.org/maven2/xom/xom/1.2.5/xom-1.2.5.jar (309 kB at 1.2 MB/s)
[a5191a9a-f364-403a-9b9b-de7af66af825/build]   | [INFO] Downloaded from central: https://repo.maven.apache.org/maven2/xml-apis/xml-apis/1.3.03/xml-apis-1.3.03.jar (195 kB at 707 kB/s)
[a5191a9a-f364-403a-9b9b-de7af66af825/build]   | [INFO] Downloaded from central: https://repo.maven.apache.org/maven2/xerces/xercesImpl/2.8.0/xercesImpl-2.8.0.jar (1.2 MB at 1.9 MB/s)
[a5191a9a-f364-403a-9b9b-de7af66af825/build]   | [INFO] Downloaded from central: https://repo.maven.apache.org/maven2/xalan/xalan/2.7.0/xalan-2.7.0.jar (2.7 MB at 3.7 MB/s)
[a5191a9a-f364-403a-9b9b-de7af66af825/build]   | [INFO] Downloaded from central: https://repo.maven.apache.org/maven2/org/python/jython/2.5.3/jython-2.5.3.jar (8.3 MB at 3.6 MB/s)
[a5191a9a-f364-403a-9b9b-de7af66af825/build]   | [INFO] 
[a5191a9a-f364-403a-9b9b-de7af66af825/build]   | [INFO] --- maven-resources-plugin:2.6:resources (default-resources) @ nodebox ---
[a5191a9a-f364-403a-9b9b-de7af66af825/build]   | [INFO] Downloading from central: https://repo.maven.apache.org/maven2/org/apache/maven/maven-plugin-api/2.0.6/maven-plugin-api-2.0.6.pom
[a5191a9a-f364-403a-9b9b-de7af66af825/build]   | [INFO] Downloaded from central: https://repo.maven.apache.org/maven2/org/apache/maven/maven-plugin-api/2.0.6/maven-plugin-api-2.0.6.pom (1.5 kB at 66 kB/s)
[a5191a9a-f364-403a-9b9b-de7af66af825/build]   | [INFO] Downloading from central: https://repo.maven.apache.org/maven2/org/apache/maven/maven/2.0.6/maven-2.0.6.pom
[a5191a9a-f364-403a-9b9b-de7af66af825/build]   | [INFO] Downloaded from central: https://repo.maven.apache.org/maven2/org/apache/maven/maven/2.0.6/maven-2.0.6.pom (9.0 kB at 411 kB/s)
[a5191a9a-f364-403a-9b9b-de7af66af825/build]   | [INFO] Downloading from central: https://repo.maven.apache.org/maven2/org/apache/maven/maven-parent/5/maven-parent-5.pom
[a5191a9a-f364-403a-9b9b-de7af66af825/build]   | [INFO] Downloaded from central: https://repo.maven.apache.org/maven2/org/apache/maven/maven-parent/5/maven-parent-5.pom (15 kB at 952 kB/s)
[a5191a9a-f364-403a-9b9b-de7af66af825/build]   | [INFO] Downloading from central: https://repo.maven.apache.org/maven2/org/apache/apache/3/apache-3.pom
[a5191a9a-f364-403a-9b9b-de7af66af825/build]   | [INFO] Downloaded from central: https://repo.maven.apache.org/maven2/org/apache/apache/3/apache-3.pom (3.4 kB at 156 kB/s)
[a5191a9a-f364-403a-9b9b-de7af66af825/build]   | [INFO] Downloading from central: https://repo.maven.apache.org/maven2/org/apache/maven/maven-project/2.0.6/maven-project-2.0.6.pom
[a5191a9a-f364-403a-9b9b-de7af66af825/build]   | [INFO] Downloaded from central: https://repo.maven.apache.org/maven2/org/apache/maven/maven-project/2.0.6/maven-project-2.0.6.pom (2.6 kB at 330 kB/s)
[a5191a9a-f364-403a-9b9b-de7af66af825/build]   | [INFO] Downloading from central: https://repo.maven.apache.org/maven2/org/apache/maven/maven-settings/2.0.6/maven-settings-2.0.6.pom
[a5191a9a-f364-403a-9b9b-de7af66af825/build]   | [INFO] Downloaded from central: https://repo.maven.apache.org/maven2/org/apache/maven/maven-settings/2.0.6/maven-settings-2.0.6.pom (2.0 kB at 182 kB/s)
[a5191a9a-f364-403a-9b9b-de7af66af825/build]   | [INFO] Downloading from central: https://repo.maven.apache.org/maven2/org/apache/maven/maven-model/2.0.6/maven-model-2.0.6.pom
[a5191a9a-f364-403a-9b9b-de7af66af825/build]   | [INFO] Downloaded from central: https://repo.maven.apache.org/maven2/org/apache/maven/maven-model/2.0.6/maven-model-2.0.6.pom (3.0 kB at 160 kB/s)
[a5191a9a-f364-403a-9b9b-de7af66af825/build]   | [INFO] Downloading from central: https://repo.maven.apache.org/maven2/org/codehaus/plexus/plexus-utils/1.4.1/plexus-utils-1.4.1.pom
[a5191a9a-f364-403a-9b9b-de7af66af825/build]   | [INFO] Downloaded from central: https://repo.maven.apache.org/maven2/org/codehaus/plexus/plexus-utils/1.4.1/plexus-utils-1.4.1.pom (1.9 kB at 76 kB/s)
[a5191a9a-f364-403a-9b9b-de7af66af825/build]   | [INFO] Downloading from central: https://repo.maven.apache.org/maven2/org/codehaus/plexus/plexus/1.0.11/plexus-1.0.11.pom
[a5191a9a-f364-403a-9b9b-de7af66af825/build]   | [INFO] Downloaded from central: https://repo.maven.apache.org/maven2/org/codehaus/plexus/plexus/1.0.11/plexus-1.0.11.pom (9.0 kB at 561 kB/s)
[a5191a9a-f364-403a-9b9b-de7af66af825/build]   | [INFO] Downloading from central: https://repo.maven.apache.org/maven2/org/codehaus/plexus/plexus-container-default/1.0-alpha-9-stable-1/plexus-container-default-1.0-alpha-9-stable-1.pom
[a5191a9a-f364-403a-9b9b-de7af66af825/build]   | [INFO] Downloaded from central: https://repo.maven.apache.org/maven2/org/codehaus/plexus/plexus-container-default/1.0-alpha-9-stable-1/plexus-container-default-1.0-alpha-9-stable-1.pom (3.9 kB at 359 kB/s)
[a5191a9a-f364-403a-9b9b-de7af66af825/build]   | [INFO] Downloading from central: https://repo.maven.apache.org/maven2/org/codehaus/plexus/plexus-containers/1.0.3/plexus-containers-1.0.3.pom
[a5191a9a-f364-403a-9b9b-de7af66af825/build]   | [INFO] Downloaded from central: https://repo.maven.apache.org/maven2/org/codehaus/plexus/plexus-containers/1.0.3/plexus-containers-1.0.3.pom (492 B at 31 kB/s)
[a5191a9a-f364-403a-9b9b-de7af66af825/build]   | [INFO] Downloading from central: https://repo.maven.apache.org/maven2/org/codehaus/plexus/plexus/1.0.4/plexus-1.0.4.pom
[a5191a9a-f364-403a-9b9b-de7af66af825/build]   | [INFO] Downloaded from central: https://repo.maven.apache.org/maven2/org/codehaus/plexus/plexus/1.0.4/plexus-1.0.4.pom (5.7 kB at 410 kB/s)
[a5191a9a-f364-403a-9b9b-de7af66af825/build]   | [INFO] Downloading from central: https://repo.maven.apache.org/maven2/junit/junit/3.8.1/junit-3.8.1.pom
[a5191a9a-f364-403a-9b9b-de7af66af825/build]   | [INFO] Downloaded from central: https://repo.maven.apache.org/maven2/junit/junit/3.8.1/junit-3.8.1.pom (998 B at 77 kB/s)
[a5191a9a-f364-403a-9b9b-de7af66af825/build]   | [INFO] Downloading from central: https://repo.maven.apache.org/maven2/org/codehaus/plexus/plexus-utils/1.0.4/plexus-utils-1.0.4.pom
[a5191a9a-f364-403a-9b9b-de7af66af825/build]   | [INFO] Downloaded from central: https://repo.maven.apache.org/maven2/org/codehaus/plexus/plexus-utils/1.0.4/plexus-utils-1.0.4.pom (6.9 kB at 312 kB/s)
[a5191a9a-f364-403a-9b9b-de7af66af825/build]   | [INFO] Downloading from central: https://repo.maven.apache.org/maven2/classworlds/classworlds/1.1-alpha-2/classworlds-1.1-alpha-2.pom
[a5191a9a-f364-403a-9b9b-de7af66af825/build]   | [INFO] Downloaded from central: https://repo.maven.apache.org/maven2/classworlds/classworlds/1.1-alpha-2/classworlds-1.1-alpha-2.pom (3.1 kB at 112 kB/s)
[a5191a9a-f364-403a-9b9b-de7af66af825/build]   | [INFO] Downloading from central: https://repo.maven.apache.org/maven2/org/apache/maven/maven-profile/2.0.6/maven-profile-2.0.6.pom
[a5191a9a-f364-403a-9b9b-de7af66af825/build]   | [INFO] Downloaded from central: https://repo.maven.apache.org/maven2/org/apache/maven/maven-profile/2.0.6/maven-profile-2.0.6.pom (2.0 kB at 198 kB/s)
[a5191a9a-f364-403a-9b9b-de7af66af825/build]   | [INFO] Downloading from central: https://repo.maven.apache.org/maven2/org/apache/maven/maven-artifact-manager/2.0.6/maven-artifact-manager-2.0.6.pom
[a5191a9a-f364-403a-9b9b-de7af66af825/build]   | [INFO] Downloaded from central: https://repo.maven.apache.org/maven2/org/apache/maven/maven-artifact-manager/2.0.6/maven-artifact-manager-2.0.6.pom (2.6 kB at 105 kB/s)
[a5191a9a-f364-403a-9b9b-de7af66af825/build]   | [INFO] Downloading from central: https://repo.maven.apache.org/maven2/org/apache/maven/maven-repository-metadata/2.0.6/maven-repository-metadata-2.0.6.pom
[a5191a9a-f364-403a-9b9b-de7af66af825/build]   | [INFO] Downloaded from central: https://repo.maven.apache.org/maven2/org/apache/maven/maven-repository-metadata/2.0.6/maven-repository-metadata-2.0.6.pom (1.9 kB at 88 kB/s)
[a5191a9a-f364-403a-9b9b-de7af66af825/build]   | [INFO] Downloading from central: https://repo.maven.apache.org/maven2/org/apache/maven/maven-artifact/2.0.6/maven-artifact-2.0.6.pom
[a5191a9a-f364-403a-9b9b-de7af66af825/build]   | [INFO] Downloaded from central: https://repo.maven.apache.org/maven2/org/apache/maven/maven-artifact/2.0.6/maven-artifact-2.0.6.pom (1.6 kB at 121 kB/s)
[a5191a9a-f364-403a-9b9b-de7af66af825/build]   | [INFO] Downloading from central: https://repo.maven.apache.org/maven2/org/apache/maven/maven-plugin-registry/2.0.6/maven-plugin-registry-2.0.6.pom
[a5191a9a-f364-403a-9b9b-de7af66af825/build]   | [INFO] Downloaded from central: https://repo.maven.apache.org/maven2/org/apache/maven/maven-plugin-registry/2.0.6/maven-plugin-registry-2.0.6.pom (1.9 kB at 114 kB/s)
[a5191a9a-f364-403a-9b9b-de7af66af825/build]   | [INFO] Downloading from central: https://repo.maven.apache.org/maven2/org/apache/maven/maven-core/2.0.6/maven-core-2.0.6.pom
[a5191a9a-f364-403a-9b9b-de7af66af825/build]   | [INFO] Downloaded from central: https://repo.maven.apache.org/maven2/org/apache/maven/maven-core/2.0.6/maven-core-2.0.6.pom (6.7 kB at 419 kB/s)
[a5191a9a-f364-403a-9b9b-de7af66af825/build]   | [INFO] Downloading from central: https://repo.maven.apache.org/maven2/org/apache/maven/maven-plugin-parameter-documenter/2.0.6/maven-plugin-parameter-documenter-2.0.6.pom
[a5191a9a-f364-403a-9b9b-de7af66af825/build]   | [INFO] Downloaded from central: https://repo.maven.apache.org/maven2/org/apache/maven/maven-plugin-parameter-documenter/2.0.6/maven-plugin-parameter-documenter-2.0.6.pom (1.9 kB at 147 kB/s)
[a5191a9a-f364-403a-9b9b-de7af66af825/build]   | [INFO] Downloading from central: https://repo.maven.apache.org/maven2/org/apache/maven/reporting/maven-reporting-api/2.0.6/maven-reporting-api-2.0.6.pom
[a5191a9a-f364-403a-9b9b-de7af66af825/build]   | [INFO] Downloaded from central: https://repo.maven.apache.org/maven2/org/apache/maven/reporting/maven-reporting-api/2.0.6/maven-reporting-api-2.0.6.pom (1.8 kB at 219 kB/s)
[a5191a9a-f364-403a-9b9b-de7af66af825/build]   | [INFO] Downloading from central: https://repo.maven.apache.org/maven2/org/apache/maven/reporting/maven-reporting/2.0.6/maven-reporting-2.0.6.pom
[a5191a9a-f364-403a-9b9b-de7af66af825/build]   | [INFO] Downloaded from central: https://repo.maven.apache.org/maven2/org/apache/maven/reporting/maven-reporting/2.0.6/maven-reporting-2.0.6.pom (1.4 kB at 90 kB/s)
[a5191a9a-f364-403a-9b9b-de7af66af825/build]   | [INFO] Downloading from central: https://repo.maven.apache.org/maven2/org/apache/maven/doxia/doxia-sink-api/1.0-alpha-7/doxia-sink-api-1.0-alpha-7.pom
[a5191a9a-f364-403a-9b9b-de7af66af825/build]   | [INFO] Downloaded from central: https://repo.maven.apache.org/maven2/org/apache/maven/doxia/doxia-sink-api/1.0-alpha-7/doxia-sink-api-1.0-alpha-7.pom (424 B at 42 kB/s)
[a5191a9a-f364-403a-9b9b-de7af66af825/build]   | [INFO] Downloading from central: https://repo.maven.apache.org/maven2/org/apache/maven/doxia/doxia/1.0-alpha-7/doxia-1.0-alpha-7.pom
[a5191a9a-f364-403a-9b9b-de7af66af825/build]   | [INFO] Downloaded from central: https://repo.maven.apache.org/maven2/org/apache/maven/doxia/doxia/1.0-alpha-7/doxia-1.0-alpha-7.pom (3.9 kB at 245 kB/s)
[a5191a9a-f364-403a-9b9b-de7af66af825/build]   | [INFO] Downloading from central: https://repo.maven.apache.org/maven2/org/apache/maven/maven-error-diagnostics/2.0.6/maven-error-diagnostics-2.0.6.pom
[a5191a9a-f364-403a-9b9b-de7af66af825/build]   | [INFO] Downloaded from central: https://repo.maven.apache.org/maven2/org/apache/maven/maven-error-diagnostics/2.0.6/maven-error-diagnostics-2.0.6.pom (1.7 kB at 77 kB/s)
[a5191a9a-f364-403a-9b9b-de7af66af825/build]   | [INFO] Downloading from central: https://repo.maven.apache.org/maven2/commons-cli/commons-cli/1.0/commons-cli-1.0.pom
[a5191a9a-f364-403a-9b9b-de7af66af825/build]   | [INFO] Downloaded from central: https://repo.maven.apache.org/maven2/commons-cli/commons-cli/1.0/commons-cli-1.0.pom (2.1 kB at 162 kB/s)
[a5191a9a-f364-403a-9b9b-de7af66af825/build]   | [INFO] Downloading from central: https://repo.maven.apache.org/maven2/org/apache/maven/maven-plugin-descriptor/2.0.6/maven-plugin-descriptor-2.0.6.pom
[a5191a9a-f364-403a-9b9b-de7af66af825/build]   | [INFO] Downloaded from central: https://repo.maven.apache.org/maven2/org/apache/maven/maven-plugin-descriptor/2.0.6/maven-plugin-descriptor-2.0.6.pom (2.0 kB at 202 kB/s)
[a5191a9a-f364-403a-9b9b-de7af66af825/build]   | [INFO] Downloading from central: https://repo.maven.apache.org/maven2/org/codehaus/plexus/plexus-interactivity-api/1.0-alpha-4/plexus-interactivity-api-1.0-alpha-4.pom
[a5191a9a-f364-403a-9b9b-de7af66af825/build]   | [INFO] Downloaded from central: https://repo.maven.apache.org/maven2/org/codehaus/plexus/plexus-interactivity-api/1.0-alpha-4/plexus-interactivity-api-1.0-alpha-4.pom (7.1 kB at 709 kB/s)
[a5191a9a-f364-403a-9b9b-de7af66af825/build]   | [INFO] Downloading from central: https://repo.maven.apache.org/maven2/org/apache/maven/maven-monitor/2.0.6/maven-monitor-2.0.6.pom
[a5191a9a-f364-403a-9b9b-de7af66af825/build]   | [INFO] Downloaded from central: https://repo.maven.apache.org/maven2/org/apache/maven/maven-monitor/2.0.6/maven-monitor-2.0.6.pom (1.3 kB at 114 kB/s)
[a5191a9a-f364-403a-9b9b-de7af66af825/build]   | [INFO] Downloading from central: https://repo.maven.apache.org/maven2/classworlds/classworlds/1.1/classworlds-1.1.pom
[a5191a9a-f364-403a-9b9b-de7af66af825/build]   | [INFO] Downloaded from central: https://repo.maven.apache.org/maven2/classworlds/classworlds/1.1/classworlds-1.1.pom (3.3 kB at 554 kB/s)
[a5191a9a-f364-403a-9b9b-de7af66af825/build]   | [INFO] Downloading from central: https://repo.maven.apache.org/maven2/org/codehaus/plexus/plexus-utils/2.0.5/plexus-utils-2.0.5.pom
[a5191a9a-f364-403a-9b9b-de7af66af825/build]   | [INFO] Downloaded from central: https://repo.maven.apache.org/maven2/org/codehaus/plexus/plexus-utils/2.0.5/plexus-utils-2.0.5.pom (3.3 kB at 238 kB/s)
[a5191a9a-f364-403a-9b9b-de7af66af825/build]   | [INFO] Downloading from central: https://repo.maven.apache.org/maven2/org/codehaus/plexus/plexus/2.0.6/plexus-2.0.6.pom
[a5191a9a-f364-403a-9b9b-de7af66af825/build]   | [INFO] Downloaded from central: https://repo.maven.apache.org/maven2/org/codehaus/plexus/plexus/2.0.6/plexus-2.0.6.pom (17 kB at 698 kB/s)
[a5191a9a-f364-403a-9b9b-de7af66af825/build]   | [INFO] Downloading from central: https://repo.maven.apache.org/maven2/org/apache/maven/shared/maven-filtering/1.1/maven-filtering-1.1.pom
[a5191a9a-f364-403a-9b9b-de7af66af825/build]   | [INFO] Downloaded from central: https://repo.maven.apache.org/maven2/org/apache/maven/shared/maven-filtering/1.1/maven-filtering-1.1.pom (5.8 kB at 643 kB/s)
[a5191a9a-f364-403a-9b9b-de7af66af825/build]   | [INFO] Downloading from central: https://repo.maven.apache.org/maven2/org/apache/maven/shared/maven-shared-components/17/maven-shared-components-17.pom
[a5191a9a-f364-403a-9b9b-de7af66af825/build]   | [INFO] Downloaded from central: https://repo.maven.apache.org/maven2/org/apache/maven/shared/maven-shared-components/17/maven-shared-components-17.pom (8.7 kB at 1.2 MB/s)
[a5191a9a-f364-403a-9b9b-de7af66af825/build]   | [INFO] Downloading from central: https://repo.maven.apache.org/maven2/org/codehaus/plexus/plexus-utils/1.5.15/plexus-utils-1.5.15.pom
[a5191a9a-f364-403a-9b9b-de7af66af825/build]   | [INFO] Downloaded from central: https://repo.maven.apache.org/maven2/org/codehaus/plexus/plexus-utils/1.5.15/plexus-utils-1.5.15.pom (6.8 kB at 167 kB/s)
[a5191a9a-f364-403a-9b9b-de7af66af825/build]   | [INFO] Downloading from central: https://repo.maven.apache.org/maven2/org/codehaus/plexus/plexus/2.0.2/plexus-2.0.2.pom
[a5191a9a-f364-403a-9b9b-de7af66af825/build]   | [INFO] Downloaded from central: https://repo.maven.apache.org/maven2/org/codehaus/plexus/plexus/2.0.2/plexus-2.0.2.pom (12 kB at 1.5 MB/s)
[a5191a9a-f364-403a-9b9b-de7af66af825/build]   | [INFO] Downloading from central: https://repo.maven.apache.org/maven2/org/codehaus/plexus/plexus-interpolation/1.12/plexus-interpolation-1.12.pom
[a5191a9a-f364-403a-9b9b-de7af66af825/build]   | [INFO] Downloaded from central: https://repo.maven.apache.org/maven2/org/codehaus/plexus/plexus-interpolation/1.12/plexus-interpolation-1.12.pom (889 B at 52 kB/s)
[a5191a9a-f364-403a-9b9b-de7af66af825/build]   | [INFO] Downloading from central: https://repo.maven.apache.org/maven2/org/codehaus/plexus/plexus-components/1.1.14/plexus-components-1.1.14.pom
[a5191a9a-f364-403a-9b9b-de7af66af825/build]   | [INFO] Downloaded from central: https://repo.maven.apache.org/maven2/org/codehaus/plexus/plexus-components/1.1.14/plexus-components-1.1.14.pom (5.8 kB at 389 kB/s)
[a5191a9a-f364-403a-9b9b-de7af66af825/build]   | [INFO] Downloading from central: https://repo.maven.apache.org/maven2/org/sonatype/plexus/plexus-build-api/0.0.4/plexus-build-api-0.0.4.pom
[a5191a9a-f364-403a-9b9b-de7af66af825/build]   | [INFO] Downloaded from central: https://repo.maven.apache.org/maven2/org/sonatype/plexus/plexus-build-api/0.0.4/plexus-build-api-0.0.4.pom (2.9 kB at 191 kB/s)
[a5191a9a-f364-403a-9b9b-de7af66af825/build]   | [INFO] Downloading from central: https://repo.maven.apache.org/maven2/org/sonatype/spice/spice-parent/10/spice-parent-10.pom
[a5191a9a-f364-403a-9b9b-de7af66af825/build]   | [INFO] Downloaded from central: https://repo.maven.apache.org/maven2/org/sonatype/spice/spice-parent/10/spice-parent-10.pom (3.0 kB at 274 kB/s)
[a5191a9a-f364-403a-9b9b-de7af66af825/build]   | [INFO] Downloading from central: https://repo.maven.apache.org/maven2/org/sonatype/forge/forge-parent/3/forge-parent-3.pom
[a5191a9a-f364-403a-9b9b-de7af66af825/build]   | [INFO] Downloaded from central: https://repo.maven.apache.org/maven2/org/sonatype/forge/forge-parent/3/forge-parent-3.pom (5.0 kB at 315 kB/s)
[a5191a9a-f364-403a-9b9b-de7af66af825/build]   | [INFO] Downloading from central: https://repo.maven.apache.org/maven2/org/codehaus/plexus/plexus-utils/1.5.8/plexus-utils-1.5.8.pom
[a5191a9a-f364-403a-9b9b-de7af66af825/build]   | [INFO] Downloaded from central: https://repo.maven.apache.org/maven2/org/codehaus/plexus/plexus-utils/1.5.8/plexus-utils-1.5.8.pom (8.1 kB at 1.0 MB/s)
[a5191a9a-f364-403a-9b9b-de7af66af825/build]   | [INFO] Downloading from central: https://repo.maven.apache.org/maven2/org/codehaus/plexus/plexus-interpolation/1.13/plexus-interpolation-1.13.pom
[a5191a9a-f364-403a-9b9b-de7af66af825/build]   | [INFO] Downloaded from central: https://repo.maven.apache.org/maven2/org/codehaus/plexus/plexus-interpolation/1.13/plexus-interpolation-1.13.pom (890 B at 59 kB/s)
[a5191a9a-f364-403a-9b9b-de7af66af825/build]   | [INFO] Downloading from central: https://repo.maven.apache.org/maven2/org/codehaus/plexus/plexus-components/1.1.15/plexus-components-1.1.15.pom
[a5191a9a-f364-403a-9b9b-de7af66af825/build]   | [INFO] Downloaded from central: https://repo.maven.apache.org/maven2/org/codehaus/plexus/plexus-components/1.1.15/plexus-components-1.1.15.pom (2.8 kB at 168 kB/s)
[a5191a9a-f364-403a-9b9b-de7af66af825/build]   | [INFO] Downloading from central: https://repo.maven.apache.org/maven2/org/codehaus/plexus/plexus/2.0.3/plexus-2.0.3.pom
[a5191a9a-f364-403a-9b9b-de7af66af825/build]   | [INFO] Downloaded from central: https://repo.maven.apache.org/maven2/org/codehaus/plexus/plexus/2.0.3/plexus-2.0.3.pom (15 kB at 1.0 MB/s)
[a5191a9a-f364-403a-9b9b-de7af66af825/build]   | [INFO] Downloading from central: https://repo.maven.apache.org/maven2/org/apache/maven/maven-plugin-api/2.0.6/maven-plugin-api-2.0.6.jar
[a5191a9a-f364-403a-9b9b-de7af66af825/build]   | [INFO] Downloading from central: https://repo.maven.apache.org/maven2/org/apache/maven/maven-project/2.0.6/maven-project-2.0.6.jar
[a5191a9a-f364-403a-9b9b-de7af66af825/build]   | [INFO] Downloading from central: https://repo.maven.apache.org/maven2/org/apache/maven/maven-profile/2.0.6/maven-profile-2.0.6.jar
[a5191a9a-f364-403a-9b9b-de7af66af825/build]   | [INFO] Downloading from central: https://repo.maven.apache.org/maven2/org/apache/maven/maven-artifact-manager/2.0.6/maven-artifact-manager-2.0.6.jar
[a5191a9a-f364-403a-9b9b-de7af66af825/build]   | [INFO] Downloading from central: https://repo.maven.apache.org/maven2/org/apache/maven/maven-plugin-registry/2.0.6/maven-plugin-registry-2.0.6.jar
[a5191a9a-f364-403a-9b9b-de7af66af825/build]   | [INFO] Downloaded from central: https://repo.maven.apache.org/maven2/org/apache/maven/maven-plugin-api/2.0.6/maven-plugin-api-2.0.6.jar (13 kB at 1.2 MB/s)
[a5191a9a-f364-403a-9b9b-de7af66af825/build]   | [INFO] Downloading from central: https://repo.maven.apache.org/maven2/org/apache/maven/maven-core/2.0.6/maven-core-2.0.6.jar
[a5191a9a-f364-403a-9b9b-de7af66af825/build]   | [INFO] Downloaded from central: https://repo.maven.apache.org/maven2/org/apache/maven/maven-artifact-manager/2.0.6/maven-artifact-manager-2.0.6.jar (57 kB at 2.8 MB/s)
[a5191a9a-f364-403a-9b9b-de7af66af825/build]   | [INFO] Downloading from central: https://repo.maven.apache.org/maven2/org/apache/maven/maven-plugin-parameter-documenter/2.0.6/maven-plugin-parameter-documenter-2.0.6.jar
[a5191a9a-f364-403a-9b9b-de7af66af825/build]   | [INFO] Downloaded from central: https://repo.maven.apache.org/maven2/org/apache/maven/maven-profile/2.0.6/maven-profile-2.0.6.jar (35 kB at 1.5 MB/s)
[a5191a9a-f364-403a-9b9b-de7af66af825/build]   | [INFO] Downloading from central: https://repo.maven.apache.org/maven2/org/apache/maven/reporting/maven-reporting-api/2.0.6/maven-reporting-api-2.0.6.jar
[a5191a9a-f364-403a-9b9b-de7af66af825/build]   | [INFO] Downloaded from central: https://repo.maven.apache.org/maven2/org/apache/maven/maven-core/2.0.6/maven-core-2.0.6.jar (152 kB at 5.2 MB/s)
[a5191a9a-f364-403a-9b9b-de7af66af825/build]   | [INFO] Downloading from central: https://repo.maven.apache.org/maven2/org/apache/maven/doxia/doxia-sink-api/1.0-alpha-7/doxia-sink-api-1.0-alpha-7.jar
[a5191a9a-f364-403a-9b9b-de7af66af825/build]   | [INFO] Downloaded from central: https://repo.maven.apache.org/maven2/org/apache/maven/maven-plugin-registry/2.0.6/maven-plugin-registry-2.0.6.jar (29 kB at 997 kB/s)
[a5191a9a-f364-403a-9b9b-de7af66af825/build]   | [INFO] Downloading from central: https://repo.maven.apache.org/maven2/org/apache/maven/maven-repository-metadata/2.0.6/maven-repository-metadata-2.0.6.jar
[a5191a9a-f364-403a-9b9b-de7af66af825/build]   | [INFO] Downloaded from central: https://repo.maven.apache.org/maven2/org/apache/maven/maven-plugin-parameter-documenter/2.0.6/maven-plugin-parameter-documenter-2.0.6.jar (21 kB at 692 kB/s)
[a5191a9a-f364-403a-9b9b-de7af66af825/build]   | [INFO] Downloading from central: https://repo.maven.apache.org/maven2/org/apache/maven/maven-error-diagnostics/2.0.6/maven-error-diagnostics-2.0.6.jar
[a5191a9a-f364-403a-9b9b-de7af66af825/build]   | [INFO] Downloaded from central: https://repo.maven.apache.org/maven2/org/apache/maven/maven-project/2.0.6/maven-project-2.0.6.jar (116 kB at 3.6 MB/s)
[a5191a9a-f364-403a-9b9b-de7af66af825/build]   | [INFO] Downloading from central: https://repo.maven.apache.org/maven2/commons-cli/commons-cli/1.0/commons-cli-1.0.jar
[a5191a9a-f364-403a-9b9b-de7af66af825/build]   | [INFO] Downloaded from central: https://repo.maven.apache.org/maven2/org/apache/maven/reporting/maven-reporting-api/2.0.6/maven-reporting-api-2.0.6.jar (9.9 kB at 188 kB/s)
[a5191a9a-f364-403a-9b9b-de7af66af825/build]   | [INFO] Downloading from central: https://repo.maven.apache.org/maven2/org/apache/maven/maven-plugin-descriptor/2.0.6/maven-plugin-descriptor-2.0.6.jar
[a5191a9a-f364-403a-9b9b-de7af66af825/build]   | [INFO] Downloaded from central: https://repo.maven.apache.org/maven2/org/apache/maven/maven-error-diagnostics/2.0.6/maven-error-diagnostics-2.0.6.jar (14 kB at 247 kB/s)
[a5191a9a-f364-403a-9b9b-de7af66af825/build]   | [INFO] Downloading from central: https://repo.maven.apache.org/maven2/org/codehaus/plexus/plexus-interactivity-api/1.0-alpha-4/plexus-interactivity-api-1.0-alpha-4.jar
[a5191a9a-f364-403a-9b9b-de7af66af825/build]   | [INFO] Downloaded from central: https://repo.maven.apache.org/maven2/commons-cli/commons-cli/1.0/commons-cli-1.0.jar (30 kB at 443 kB/s)
[a5191a9a-f364-403a-9b9b-de7af66af825/build]   | [INFO] Downloaded from central: https://repo.maven.apache.org/maven2/org/apache/maven/doxia/doxia-sink-api/1.0-alpha-7/doxia-sink-api-1.0-alpha-7.jar (5.9 kB at 87 kB/s)
[a5191a9a-f364-403a-9b9b-de7af66af825/build]   | [INFO] Downloading from central: https://repo.maven.apache.org/maven2/classworlds/classworlds/1.1/classworlds-1.1.jar
[a5191a9a-f364-403a-9b9b-de7af66af825/build]   | [INFO] Downloading from central: https://repo.maven.apache.org/maven2/org/apache/maven/maven-artifact/2.0.6/maven-artifact-2.0.6.jar
[a5191a9a-f364-403a-9b9b-de7af66af825/build]   | [INFO] Downloaded from central: https://repo.maven.apache.org/maven2/org/apache/maven/maven-repository-metadata/2.0.6/maven-repository-metadata-2.0.6.jar (24 kB at 355 kB/s)
[a5191a9a-f364-403a-9b9b-de7af66af825/build]   | [INFO] Downloading from central: https://repo.maven.apache.org/maven2/org/apache/maven/maven-settings/2.0.6/maven-settings-2.0.6.jar
[a5191a9a-f364-403a-9b9b-de7af66af825/build]   | [INFO] Downloaded from central: https://repo.maven.apache.org/maven2/org/codehaus/plexus/plexus-interactivity-api/1.0-alpha-4/plexus-interactivity-api-1.0-alpha-4.jar (13 kB at 158 kB/s)
[a5191a9a-f364-403a-9b9b-de7af66af825/build]   | [INFO] Downloading from central: https://repo.maven.apache.org/maven2/org/apache/maven/maven-model/2.0.6/maven-model-2.0.6.jar
[a5191a9a-f364-403a-9b9b-de7af66af825/build]   | [INFO] Downloaded from central: https://repo.maven.apache.org/maven2/org/apache/maven/maven-plugin-descriptor/2.0.6/maven-plugin-descriptor-2.0.6.jar (37 kB at 410 kB/s)
[a5191a9a-f364-403a-9b9b-de7af66af825/build]   | [INFO] Downloading from central: https://repo.maven.apache.org/maven2/org/apache/maven/maven-monitor/2.0.6/maven-monitor-2.0.6.jar
[a5191a9a-f364-403a-9b9b-de7af66af825/build]   | [INFO] Downloaded from central: https://repo.maven.apache.org/maven2/classworlds/classworlds/1.1/classworlds-1.1.jar (38 kB at 416 kB/s)
[a5191a9a-f364-403a-9b9b-de7af66af825/build]   | [INFO] Downloading from central: https://repo.maven.apache.org/maven2/org/codehaus/plexus/plexus-container-default/1.0-alpha-9-stable-1/plexus-container-default-1.0-alpha-9-stable-1.jar
[a5191a9a-f364-403a-9b9b-de7af66af825/build]   | [INFO] Downloaded from central: https://repo.maven.apache.org/maven2/org/apache/maven/maven-artifact/2.0.6/maven-artifact-2.0.6.jar (87 kB at 960 kB/s)
[a5191a9a-f364-403a-9b9b-de7af66af825/build]   | [INFO] Downloading from central: https://repo.maven.apache.org/maven2/junit/junit/3.8.1/junit-3.8.1.jar
[a5191a9a-f364-403a-9b9b-de7af66af825/build]   | [INFO] Downloaded from central: https://repo.maven.apache.org/maven2/org/apache/maven/maven-settings/2.0.6/maven-settings-2.0.6.jar (49 kB at 534 kB/s)
[a5191a9a-f364-403a-9b9b-de7af66af825/build]   | [INFO] Downloading from central: https://repo.maven.apache.org/maven2/org/codehaus/plexus/plexus-utils/2.0.5/plexus-utils-2.0.5.jar
[a5191a9a-f364-403a-9b9b-de7af66af825/build]   | [INFO] Downloaded from central: https://repo.maven.apache.org/maven2/org/apache/maven/maven-model/2.0.6/maven-model-2.0.6.jar (86 kB at 900 kB/s)
[a5191a9a-f364-403a-9b9b-de7af66af825/build]   | [INFO] Downloading from central: https://repo.maven.apache.org/maven2/org/apache/maven/shared/maven-filtering/1.1/maven-filtering-1.1.jar
[a5191a9a-f364-403a-9b9b-de7af66af825/build]   | [INFO] Downloaded from central: https://repo.maven.apache.org/maven2/org/apache/maven/maven-monitor/2.0.6/maven-monitor-2.0.6.jar (10 kB at 91 kB/s)
[a5191a9a-f364-403a-9b9b-de7af66af825/build]   | [INFO] Downloading from central: https://repo.maven.apache.org/maven2/org/sonatype/plexus/plexus-build-api/0.0.4/plexus-build-api-0.0.4.jar
[a5191a9a-f364-403a-9b9b-de7af66af825/build]   | [INFO] Downloaded from central: https://repo.maven.apache.org/maven2/junit/junit/3.8.1/junit-3.8.1.jar (121 kB at 871 kB/s)
[a5191a9a-f364-403a-9b9b-de7af66af825/build]   | [INFO] Downloading from central: https://repo.maven.apache.org/maven2/org/codehaus/plexus/plexus-interpolation/1.13/plexus-interpolation-1.13.jar
[a5191a9a-f364-403a-9b9b-de7af66af825/build]   | [INFO] Downloaded from central: https://repo.maven.apache.org/maven2/org/apache/maven/shared/maven-filtering/1.1/maven-filtering-1.1.jar (43 kB at 306 kB/s)
[a5191a9a-f364-403a-9b9b-de7af66af825/build]   | [INFO] Downloaded from central: https://repo.maven.apache.org/maven2/org/codehaus/plexus/plexus-container-default/1.0-alpha-9-stable-1/plexus-container-default-1.0-alpha-9-stable-1.jar (194 kB at 1.3 MB/s)
[a5191a9a-f364-403a-9b9b-de7af66af825/build]   | [INFO] Downloaded from central: https://repo.maven.apache.org/maven2/org/sonatype/plexus/plexus-build-api/0.0.4/plexus-build-api-0.0.4.jar (6.8 kB at 47 kB/s)
[a5191a9a-f364-403a-9b9b-de7af66af825/build]   | [INFO] Downloaded from central: https://repo.maven.apache.org/maven2/org/codehaus/plexus/plexus-utils/2.0.5/plexus-utils-2.0.5.jar (223 kB at 1.5 MB/s)
[a5191a9a-f364-403a-9b9b-de7af66af825/build]   | [INFO] Downloaded from central: https://repo.maven.apache.org/maven2/org/codehaus/plexus/plexus-interpolation/1.13/plexus-interpolation-1.13.jar (61 kB at 361 kB/s)
[a5191a9a-f364-403a-9b9b-de7af66af825/build]   | [WARNING] Using platform encoding (UTF-8 actually) to copy filtered resources, i.e. build is platform dependent!
[a5191a9a-f364-403a-9b9b-de7af66af825/build]   | [INFO] skip non existing resourceDirectory /tmp/a338f13a-7465-43af-bca6-b15bf96f1c07/src/main/resources
[a5191a9a-f364-403a-9b9b-de7af66af825/build]   | [INFO] 
[a5191a9a-f364-403a-9b9b-de7af66af825/build]   | [INFO] --- maven-compiler-plugin:2.5.1:compile (default-compile) @ nodebox ---
[a5191a9a-f364-403a-9b9b-de7af66af825/build]   | [INFO] Downloading from central: https://repo.maven.apache.org/maven2/org/apache/maven/maven-plugin-api/2.0.9/maven-plugin-api-2.0.9.pom
[a5191a9a-f364-403a-9b9b-de7af66af825/build]   | [INFO] Downloaded from central: https://repo.maven.apache.org/maven2/org/apache/maven/maven-plugin-api/2.0.9/maven-plugin-api-2.0.9.pom (1.5 kB at 52 kB/s)
[a5191a9a-f364-403a-9b9b-de7af66af825/build]   | [INFO] Downloading from central: https://repo.maven.apache.org/maven2/org/apache/maven/maven/2.0.9/maven-2.0.9.pom
[a5191a9a-f364-403a-9b9b-de7af66af825/build]   | [INFO] Downloaded from central: https://repo.maven.apache.org/maven2/org/apache/maven/maven/2.0.9/maven-2.0.9.pom (19 kB at 485 kB/s)
[a5191a9a-f364-403a-9b9b-de7af66af825/build]   | [INFO] Downloading from central: https://repo.maven.apache.org/maven2/org/apache/maven/maven-parent/8/maven-parent-8.pom
[a5191a9a-f364-403a-9b9b-de7af66af825/build]   | [INFO] Downloaded from central: https://repo.maven.apache.org/maven2/org/apache/maven/maven-parent/8/maven-parent-8.pom (24 kB at 1.7 MB/s)
[a5191a9a-f364-403a-9b9b-de7af66af825/build]   | [INFO] Downloading from central: https://repo.maven.apache.org/maven2/org/apache/apache/4/apache-4.pom
[a5191a9a-f364-403a-9b9b-de7af66af825/build]   | [INFO] Downloaded from central: https://repo.maven.apache.org/maven2/org/apache/apache/4/apache-4.pom (4.5 kB at 214 kB/s)
[a5191a9a-f364-403a-9b9b-de7af66af825/build]   | [INFO] Downloading from central: https://repo.maven.apache.org/maven2/org/apache/maven/maven-artifact/2.0.9/maven-artifact-2.0.9.pom
[a5191a9a-f364-403a-9b9b-de7af66af825/build]   | [INFO] Downloaded from central: https://repo.maven.apache.org/maven2/org/apache/maven/maven-artifact/2.0.9/maven-artifact-2.0.9.pom (1.6 kB at 67 kB/s)
[a5191a9a-f364-403a-9b9b-de7af66af825/build]   | [INFO] Downloading from central: https://repo.maven.apache.org/maven2/org/codehaus/plexus/plexus-utils/1.5.1/plexus-utils-1.5.1.pom
[a5191a9a-f364-403a-9b9b-de7af66af825/build]   | [INFO] Downloaded from central: https://repo.maven.apache.org/maven2/org/codehaus/plexus/plexus-utils/1.5.1/plexus-utils-1.5.1.pom (2.3 kB at 100 kB/s)
[a5191a9a-f364-403a-9b9b-de7af66af825/build]   | [INFO] Downloading from central: https://repo.maven.apache.org/maven2/org/apache/maven/maven-core/2.0.9/maven-core-2.0.9.pom
[a5191a9a-f364-403a-9b9b-de7af66af825/build]   | [INFO] Downloaded from central: https://repo.maven.apache.org/maven2/org/apache/maven/maven-core/2.0.9/maven-core-2.0.9.pom (7.8 kB at 371 kB/s)
[a5191a9a-f364-403a-9b9b-de7af66af825/build]   | [INFO] Downloading from central: https://repo.maven.apache.org/maven2/org/apache/maven/maven-settings/2.0.9/maven-settings-2.0.9.pom
[a5191a9a-f364-403a-9b9b-de7af66af825/build]   | [INFO] Downloaded from central: https://repo.maven.apache.org/maven2/org/apache/maven/maven-settings/2.0.9/maven-settings-2.0.9.pom (2.1 kB at 114 kB/s)
[a5191a9a-f364-403a-9b9b-de7af66af825/build]   | [INFO] Downloading from central: https://repo.maven.apache.org/maven2/org/apache/maven/maven-model/2.0.9/maven-model-2.0.9.pom
[a5191a9a-f364-403a-9b9b-de7af66af825/build]   | [INFO] Downloaded from central: https://repo.maven.apache.org/maven2/org/apache/maven/maven-model/2.0.9/maven-model-2.0.9.pom (3.1 kB at 143 kB/s)
[a5191a9a-f364-403a-9b9b-de7af66af825/build]   | [INFO] Downloading from central: https://repo.maven.apache.org/maven2/org/apache/maven/maven-plugin-parameter-documenter/2.0.9/maven-plugin-parameter-documenter-2.0.9.pom
[a5191a9a-f364-403a-9b9b-de7af66af825/build]   | [INFO] Downloaded from central: https://repo.maven.apache.org/maven2/org/apache/maven/maven-plugin-parameter-documenter/2.0.9/maven-plugin-parameter-documenter-2.0.9.pom (2.0 kB at 281 kB/s)
[a5191a9a-f364-403a-9b9b-de7af66af825/build]   | [INFO] Downloading from central: https://repo.maven.apache.org/maven2/org/apache/maven/maven-profile/2.0.9/maven-profile-2.0.9.pom
[a5191a9a-f364-403a-9b9b-de7af66af825/build]   | [INFO] Downloaded from central: https://repo.maven.apache.org/maven2/org/apache/maven/maven-profile/2.0.9/maven-profile-2.0.9.pom (2.0 kB at 171 kB/s)
[a5191a9a-f364-403a-9b9b-de7af66af825/build]   | [INFO] Downloading from central: https://repo.maven.apache.org/maven2/org/apache/maven/maven-repository-metadata/2.0.9/maven-repository-metadata-2.0.9.pom
[a5191a9a-f364-403a-9b9b-de7af66af825/build]   | [INFO] Downloaded from central: https://repo.maven.apache.org/maven2/org/apache/maven/maven-repository-metadata/2.0.9/maven-repository-metadata-2.0.9.pom (1.9 kB at 173 kB/s)
[a5191a9a-f364-403a-9b9b-de7af66af825/build]   | [INFO] Downloading from central: https://repo.maven.apache.org/maven2/org/apache/maven/maven-error-diagnostics/2.0.9/maven-error-diagnostics-2.0.9.pom
[a5191a9a-f364-403a-9b9b-de7af66af825/build]   | [INFO] Downloaded from central: https://repo.maven.apache.org/maven2/org/apache/maven/maven-error-diagnostics/2.0.9/maven-error-diagnostics-2.0.9.pom (1.7 kB at 125 kB/s)
[a5191a9a-f364-403a-9b9b-de7af66af825/build]   | [INFO] Downloading from central: https://repo.maven.apache.org/maven2/org/apache/maven/maven-project/2.0.9/maven-project-2.0.9.pom
[a5191a9a-f364-403a-9b9b-de7af66af825/build]   | [INFO] Downloaded from central: https://repo.maven.apache.org/maven2/org/apache/maven/maven-project/2.0.9/maven-project-2.0.9.pom (2.7 kB at 108 kB/s)
[a5191a9a-f364-403a-9b9b-de7af66af825/build]   | [INFO] Downloading from central: https://repo.maven.apache.org/maven2/org/apache/maven/maven-artifact-manager/2.0.9/maven-artifact-manager-2.0.9.pom
[a5191a9a-f364-403a-9b9b-de7af66af825/build]   | [INFO] Downloaded from central: https://repo.maven.apache.org/maven2/org/apache/maven/maven-artifact-manager/2.0.9/maven-artifact-manager-2.0.9.pom (2.7 kB at 225 kB/s)
[a5191a9a-f364-403a-9b9b-de7af66af825/build]   | [INFO] Downloading from central: https://repo.maven.apache.org/maven2/org/apache/maven/maven-plugin-registry/2.0.9/maven-plugin-registry-2.0.9.pom
[a5191a9a-f364-403a-9b9b-de7af66af825/build]   | [INFO] Downloaded from central: https://repo.maven.apache.org/maven2/org/apache/maven/maven-plugin-registry/2.0.9/maven-plugin-registry-2.0.9.pom (2.0 kB at 164 kB/s)
[a5191a9a-f364-403a-9b9b-de7af66af825/build]   | [INFO] Downloading from central: https://repo.maven.apache.org/maven2/org/apache/maven/maven-plugin-descriptor/2.0.9/maven-plugin-descriptor-2.0.9.pom
[a5191a9a-f364-403a-9b9b-de7af66af825/build]   | [INFO] Downloaded from central: https://repo.maven.apache.org/maven2/org/apache/maven/maven-plugin-descriptor/2.0.9/maven-plugin-descriptor-2.0.9.pom (2.1 kB at 148 kB/s)
[a5191a9a-f364-403a-9b9b-de7af66af825/build]   | [INFO] Downloading from central: https://repo.maven.apache.org/maven2/org/apache/maven/maven-monitor/2.0.9/maven-monitor-2.0.9.pom
[a5191a9a-f364-403a-9b9b-de7af66af825/build]   | [INFO] Downloaded from central: https://repo.maven.apache.org/maven2/org/apache/maven/maven-monitor/2.0.9/maven-monitor-2.0.9.pom (1.3 kB at 92 kB/s)
[a5191a9a-f364-403a-9b9b-de7af66af825/build]   | [INFO] Downloading from central: https://repo.maven.apache.org/maven2/org/apache/maven/maven-toolchain/1.0/maven-toolchain-1.0.pom
[a5191a9a-f364-403a-9b9b-de7af66af825/build]   | [INFO] Downloaded from central: https://repo.maven.apache.org/maven2/org/apache/maven/maven-toolchain/1.0/maven-toolchain-1.0.pom (3.4 kB at 118 kB/s)
[a5191a9a-f364-403a-9b9b-de7af66af825/build]   | [INFO] Downloading from central: https://repo.maven.apache.org/maven2/org/codehaus/plexus/plexus-utils/3.0/plexus-utils-3.0.pom
[a5191a9a-f364-403a-9b9b-de7af66af825/build]   | [INFO] Downloaded from central: https://repo.maven.apache.org/maven2/org/codehaus/plexus/plexus-utils/3.0/plexus-utils-3.0.pom (4.1 kB at 508 kB/s)
[a5191a9a-f364-403a-9b9b-de7af66af825/build]   | [INFO] Downloading from central: https://repo.maven.apache.org/maven2/org/sonatype/spice/spice-parent/16/spice-parent-16.pom
[a5191a9a-f364-403a-9b9b-de7af66af825/build]   | [INFO] Downloaded from central: https://repo.maven.apache.org/maven2/org/sonatype/spice/spice-parent/16/spice-parent-16.pom (8.4 kB at 929 kB/s)
[a5191a9a-f364-403a-9b9b-de7af66af825/build]   | [INFO] Downloading from central: https://repo.maven.apache.org/maven2/org/sonatype/forge/forge-parent/5/forge-parent-5.pom
[a5191a9a-f364-403a-9b9b-de7af66af825/build]   | [INFO] Downloaded from central: https://repo.maven.apache.org/maven2/org/sonatype/forge/forge-parent/5/forge-parent-5.pom (8.4 kB at 1.0 MB/s)
[a5191a9a-f364-403a-9b9b-de7af66af825/build]   | [INFO] Downloading from central: https://repo.maven.apache.org/maven2/org/codehaus/plexus/plexus-compiler-api/1.9.1/plexus-compiler-api-1.9.1.pom
[a5191a9a-f364-403a-9b9b-de7af66af825/build]   | [INFO] Downloaded from central: https://repo.maven.apache.org/maven2/org/codehaus/plexus/plexus-compiler-api/1.9.1/plexus-compiler-api-1.9.1.pom (867 B at 12 kB/s)
[a5191a9a-f364-403a-9b9b-de7af66af825/build]   | [INFO] Downloading from central: https://repo.maven.apache.org/maven2/org/codehaus/plexus/plexus-compiler/1.9.1/plexus-compiler-1.9.1.pom
[a5191a9a-f364-403a-9b9b-de7af66af825/build]   | [INFO] Downloaded from central: https://repo.maven.apache.org/maven2/org/codehaus/plexus/plexus-compiler/1.9.1/plexus-compiler-1.9.1.pom (3.8 kB at 85 kB/s)
[a5191a9a-f364-403a-9b9b-de7af66af825/build]   | [INFO] Downloading from central: https://repo.maven.apache.org/maven2/org/codehaus/plexus/plexus-components/1.1.20/plexus-components-1.1.20.pom
[a5191a9a-f364-403a-9b9b-de7af66af825/build]   | [INFO] Downloaded from central: https://repo.maven.apache.org/maven2/org/codehaus/plexus/plexus-components/1.1.20/plexus-components-1.1.20.pom (3.0 kB at 131 kB/s)
[a5191a9a-f364-403a-9b9b-de7af66af825/build]   | [INFO] Downloading from central: https://repo.maven.apache.org/maven2/org/codehaus/plexus/plexus/3.1/plexus-3.1.pom
[a5191a9a-f364-403a-9b9b-de7af66af825/build]   | [INFO] Downloaded from central: https://repo.maven.apache.org/maven2/org/codehaus/plexus/plexus/3.1/plexus-3.1.pom (19 kB at 1.3 MB/s)
[a5191a9a-f364-403a-9b9b-de7af66af825/build]   | [INFO] Downloading from central: https://repo.maven.apache.org/maven2/org/sonatype/spice/spice-parent/17/spice-parent-17.pom
[a5191a9a-f364-403a-9b9b-de7af66af825/build]   | [INFO] Downloaded from central: https://repo.maven.apache.org/maven2/org/sonatype/spice/spice-parent/17/spice-parent-17.pom (6.8 kB at 154 kB/s)
[a5191a9a-f364-403a-9b9b-de7af66af825/build]   | [INFO] Downloading from central: https://repo.maven.apache.org/maven2/org/sonatype/forge/forge-parent/10/forge-parent-10.pom
[a5191a9a-f364-403a-9b9b-de7af66af825/build]   | [INFO] Downloaded from central: https://repo.maven.apache.org/maven2/org/sonatype/forge/forge-parent/10/forge-parent-10.pom (14 kB at 502 kB/s)
[a5191a9a-f364-403a-9b9b-de7af66af825/build]   | [INFO] Downloading from central: https://repo.maven.apache.org/maven2/org/codehaus/plexus/plexus-compiler-manager/1.9.1/plexus-compiler-manager-1.9.1.pom
[a5191a9a-f364-403a-9b9b-de7af66af825/build]   | [INFO] Downloaded from central: https://repo.maven.apache.org/maven2/org/codehaus/plexus/plexus-compiler-manager/1.9.1/plexus-compiler-manager-1.9.1.pom (692 B at 41 kB/s)
[a5191a9a-f364-403a-9b9b-de7af66af825/build]   | [INFO] Downloading from central: https://repo.maven.apache.org/maven2/org/codehaus/plexus/plexus-compiler-javac/1.9.1/plexus-compiler-javac-1.9.1.pom
[a5191a9a-f364-403a-9b9b-de7af66af825/build]   | [INFO] Downloaded from central: https://repo.maven.apache.org/maven2/org/codehaus/plexus/plexus-compiler-javac/1.9.1/plexus-compiler-javac-1.9.1.pom (688 B at 18 kB/s)
[a5191a9a-f364-403a-9b9b-de7af66af825/build]   | [INFO] Downloading from central: https://repo.maven.apache.org/maven2/org/codehaus/plexus/plexus-compilers/1.9.1/plexus-compilers-1.9.1.pom
[a5191a9a-f364-403a-9b9b-de7af66af825/build]   | [INFO] Downloaded from central: https://repo.maven.apache.org/maven2/org/codehaus/plexus/plexus-compilers/1.9.1/plexus-compilers-1.9.1.pom (1.2 kB at 59 kB/s)
[a5191a9a-f364-403a-9b9b-de7af66af825/build]   | [INFO] Downloading from central: https://repo.maven.apache.org/maven2/org/apache/maven/maven-plugin-api/2.0.9/maven-plugin-api-2.0.9.jar
[a5191a9a-f364-403a-9b9b-de7af66af825/build]   | [INFO] Downloading from central: https://repo.maven.apache.org/maven2/org/apache/maven/maven-artifact/2.0.9/maven-artifact-2.0.9.jar
[a5191a9a-f364-403a-9b9b-de7af66af825/build]   | [INFO] Downloading from central: https://repo.maven.apache.org/maven2/org/apache/maven/maven-core/2.0.9/maven-core-2.0.9.jar
[a5191a9a-f364-403a-9b9b-de7af66af825/build]   | [INFO] Downloading from central: https://repo.maven.apache.org/maven2/org/apache/maven/maven-settings/2.0.9/maven-settings-2.0.9.jar
[a5191a9a-f364-403a-9b9b-de7af66af825/build]   | [INFO] Downloading from central: https://repo.maven.apache.org/maven2/org/apache/maven/maven-plugin-parameter-documenter/2.0.9/maven-plugin-parameter-documenter-2.0.9.jar
[a5191a9a-f364-403a-9b9b-de7af66af825/build]   | [INFO] Downloaded from central: https://repo.maven.apache.org/maven2/org/apache/maven/maven-settings/2.0.9/maven-settings-2.0.9.jar (49 kB at 2.9 MB/s)
[a5191a9a-f364-403a-9b9b-de7af66af825/build]   | [INFO] Downloading from central: https://repo.maven.apache.org/maven2/org/apache/maven/maven-profile/2.0.9/maven-profile-2.0.9.jar
[a5191a9a-f364-403a-9b9b-de7af66af825/build]   | [INFO] Downloaded from central: https://repo.maven.apache.org/maven2/org/apache/maven/maven-core/2.0.9/maven-core-2.0.9.jar (160 kB at 5.5 MB/s)
[a5191a9a-f364-403a-9b9b-de7af66af825/build]   | [INFO] Downloaded from central: https://repo.maven.apache.org/maven2/org/apache/maven/maven-plugin-parameter-documenter/2.0.9/maven-plugin-parameter-documenter-2.0.9.jar (21 kB at 720 kB/s)
[a5191a9a-f364-403a-9b9b-de7af66af825/build]   | [INFO] Downloading from central: https://repo.maven.apache.org/maven2/org/apache/maven/maven-model/2.0.9/maven-model-2.0.9.jar
[a5191a9a-f364-403a-9b9b-de7af66af825/build]   | [INFO] Downloading from central: https://repo.maven.apache.org/maven2/org/apache/maven/maven-repository-metadata/2.0.9/maven-repository-metadata-2.0.9.jar
[a5191a9a-f364-403a-9b9b-de7af66af825/build]   | [INFO] Downloaded from central: https://repo.maven.apache.org/maven2/org/apache/maven/maven-artifact/2.0.9/maven-artifact-2.0.9.jar (89 kB at 2.0 MB/s)
[a5191a9a-f364-403a-9b9b-de7af66af825/build]   | [INFO] Downloading from central: https://repo.maven.apache.org/maven2/org/apache/maven/maven-error-diagnostics/2.0.9/maven-error-diagnostics-2.0.9.jar
[a5191a9a-f364-403a-9b9b-de7af66af825/build]   | [INFO] Downloaded from central: https://repo.maven.apache.org/maven2/org/apache/maven/maven-plugin-api/2.0.9/maven-plugin-api-2.0.9.jar (13 kB at 286 kB/s)
[a5191a9a-f364-403a-9b9b-de7af66af825/build]   | [INFO] Downloading from central: https://repo.maven.apache.org/maven2/org/apache/maven/maven-project/2.0.9/maven-project-2.0.9.jar
[a5191a9a-f364-403a-9b9b-de7af66af825/build]   | [INFO] Downloaded from central: https://repo.maven.apache.org/maven2/org/apache/maven/maven-profile/2.0.9/maven-profile-2.0.9.jar (35 kB at 737 kB/s)
[a5191a9a-f364-403a-9b9b-de7af66af825/build]   | [INFO] Downloading from central: https://repo.maven.apache.org/maven2/org/apache/maven/maven-plugin-registry/2.0.9/maven-plugin-registry-2.0.9.jar
[a5191a9a-f364-403a-9b9b-de7af66af825/build]   | [INFO] Downloaded from central: https://repo.maven.apache.org/maven2/org/apache/maven/maven-repository-metadata/2.0.9/maven-repository-metadata-2.0.9.jar (25 kB at 439 kB/s)
[a5191a9a-f364-403a-9b9b-de7af66af825/build]   | [INFO] Downloading from central: https://repo.maven.apache.org/maven2/org/apache/maven/maven-plugin-descriptor/2.0.9/maven-plugin-descriptor-2.0.9.jar
[a5191a9a-f364-403a-9b9b-de7af66af825/build]   | [INFO] Downloaded from central: https://repo.maven.apache.org/maven2/org/apache/maven/maven-model/2.0.9/maven-model-2.0.9.jar (87 kB at 1.4 MB/s)
[a5191a9a-f364-403a-9b9b-de7af66af825/build]   | [INFO] Downloading from central: https://repo.maven.apache.org/maven2/org/apache/maven/maven-artifact-manager/2.0.9/maven-artifact-manager-2.0.9.jar
[a5191a9a-f364-403a-9b9b-de7af66af825/build]   | [INFO] Downloaded from central: https://repo.maven.apache.org/maven2/org/apache/maven/maven-error-diagnostics/2.0.9/maven-error-diagnostics-2.0.9.jar (14 kB at 197 kB/s)
[a5191a9a-f364-403a-9b9b-de7af66af825/build]   | [INFO] Downloading from central: https://repo.maven.apache.org/maven2/org/apache/maven/maven-monitor/2.0.9/maven-monitor-2.0.9.jar
[a5191a9a-f364-403a-9b9b-de7af66af825/build]   | [INFO] Downloaded from central: https://repo.maven.apache.org/maven2/org/apache/maven/maven-project/2.0.9/maven-project-2.0.9.jar (122 kB at 1.4 MB/s)
[a5191a9a-f364-403a-9b9b-de7af66af825/build]   | [INFO] Downloading from central: https://repo.maven.apache.org/maven2/org/apache/maven/maven-toolchain/1.0/maven-toolchain-1.0.jar
[a5191a9a-f364-403a-9b9b-de7af66af825/build]   | [INFO] Downloaded from central: https://repo.maven.apache.org/maven2/org/apache/maven/maven-plugin-descriptor/2.0.9/maven-plugin-descriptor-2.0.9.jar (37 kB at 426 kB/s)
[a5191a9a-f364-403a-9b9b-de7af66af825/build]   | [INFO] Downloading from central: https://repo.maven.apache.org/maven2/org/codehaus/plexus/plexus-utils/3.0/plexus-utils-3.0.jar
[a5191a9a-f364-403a-9b9b-de7af66af825/build]   | [INFO] Downloaded from central: https://repo.maven.apache.org/maven2/org/apache/maven/maven-plugin-registry/2.0.9/maven-plugin-registry-2.0.9.jar (29 kB at 313 kB/s)
[a5191a9a-f364-403a-9b9b-de7af66af825/build]   | [INFO] Downloading from central: https://repo.maven.apache.org/maven2/org/codehaus/plexus/plexus-compiler-api/1.9.1/plexus-compiler-api-1.9.1.jar
[a5191a9a-f364-403a-9b9b-de7af66af825/build]   | [INFO] Downloaded from central: https://repo.maven.apache.org/maven2/org/apache/maven/maven-artifact-manager/2.0.9/maven-artifact-manager-2.0.9.jar (58 kB at 531 kB/s)
[a5191a9a-f364-403a-9b9b-de7af66af825/build]   | [INFO] Downloading from central: https://repo.maven.apache.org/maven2/org/codehaus/plexus/plexus-compiler-manager/1.9.1/plexus-compiler-manager-1.9.1.jar
[a5191a9a-f364-403a-9b9b-de7af66af825/build]   | [INFO] Downloaded from central: https://repo.maven.apache.org/maven2/org/apache/maven/maven-monitor/2.0.9/maven-monitor-2.0.9.jar (10 kB at 93 kB/s)
[a5191a9a-f364-403a-9b9b-de7af66af825/build]   | [INFO] Downloading from central: https://repo.maven.apache.org/maven2/org/codehaus/plexus/plexus-compiler-javac/1.9.1/plexus-compiler-javac-1.9.1.jar
[a5191a9a-f364-403a-9b9b-de7af66af825/build]   | [INFO] Downloaded from central: https://repo.maven.apache.org/maven2/org/apache/maven/maven-toolchain/1.0/maven-toolchain-1.0.jar (33 kB at 286 kB/s)
[a5191a9a-f364-403a-9b9b-de7af66af825/build]   | [INFO] Downloading from central: https://repo.maven.apache.org/maven2/classworlds/classworlds/1.1-alpha-2/classworlds-1.1-alpha-2.jar
[a5191a9a-f364-403a-9b9b-de7af66af825/build]   | [INFO] Downloaded from central: https://repo.maven.apache.org/maven2/org/codehaus/plexus/plexus-utils/3.0/plexus-utils-3.0.jar (226 kB at 1.9 MB/s)
[a5191a9a-f364-403a-9b9b-de7af66af825/build]   | [INFO] Downloaded from central: https://repo.maven.apache.org/maven2/org/codehaus/plexus/plexus-compiler-api/1.9.1/plexus-compiler-api-1.9.1.jar (21 kB at 184 kB/s)
[a5191a9a-f364-403a-9b9b-de7af66af825/build]   | [INFO] Downloaded from central: https://repo.maven.apache.org/maven2/org/codehaus/plexus/plexus-compiler-javac/1.9.1/plexus-compiler-javac-1.9.1.jar (14 kB at 109 kB/s)
[a5191a9a-f364-403a-9b9b-de7af66af825/build]   | [INFO] Downloaded from central: https://repo.maven.apache.org/maven2/org/codehaus/plexus/plexus-compiler-manager/1.9.1/plexus-compiler-manager-1.9.1.jar (4.6 kB at 34 kB/s)
[a5191a9a-f364-403a-9b9b-de7af66af825/build]   | [INFO] Downloaded from central: https://repo.maven.apache.org/maven2/classworlds/classworlds/1.1-alpha-2/classworlds-1.1-alpha-2.jar (38 kB at 276 kB/s)
[a5191a9a-f364-403a-9b9b-de7af66af825/build]   | [WARNING] File encoding has not been set, using platform encoding UTF-8, i.e. build is platform dependent!
[a5191a9a-f364-403a-9b9b-de7af66af825/build]   | [INFO] Compiling 236 source files to /tmp/a338f13a-7465-43af-bca6-b15bf96f1c07/target/classes
[a5191a9a-f364-403a-9b9b-de7af66af825/build]   | [INFO] 
[a5191a9a-f364-403a-9b9b-de7af66af825/build]   | [INFO] --- maven-resources-plugin:2.6:testResources (default-testResources) @ nodebox ---
[a5191a9a-f364-403a-9b9b-de7af66af825/build]   | [WARNING] Using platform encoding (UTF-8 actually) to copy filtered resources, i.e. build is platform dependent!
[a5191a9a-f364-403a-9b9b-de7af66af825/build]   | [INFO] skip non existing resourceDirectory /tmp/a338f13a-7465-43af-bca6-b15bf96f1c07/src/test/resources
[a5191a9a-f364-403a-9b9b-de7af66af825/build]   | [INFO] 
[a5191a9a-f364-403a-9b9b-de7af66af825/build]   | [INFO] --- maven-compiler-plugin:2.5.1:testCompile (default-testCompile) @ nodebox ---
[a5191a9a-f364-403a-9b9b-de7af66af825/build]   | [WARNING] File encoding has not been set, using platform encoding UTF-8, i.e. build is platform dependent!
[a5191a9a-f364-403a-9b9b-de7af66af825/build]   | [INFO] Compiling 46 source files to /tmp/a338f13a-7465-43af-bca6-b15bf96f1c07/target/test-classes
[a5191a9a-f364-403a-9b9b-de7af66af825/build]   | [INFO] 
[a5191a9a-f364-403a-9b9b-de7af66af825/build]   | [INFO] --- maven-surefire-plugin:2.12.4:test (default-test) @ nodebox ---
[a5191a9a-f364-403a-9b9b-de7af66af825/build]   | [INFO] Downloading from central: https://repo.maven.apache.org/maven2/org/apache/maven/surefire/surefire-booter/2.12.4/surefire-booter-2.12.4.pom
[a5191a9a-f364-403a-9b9b-de7af66af825/build]   | [INFO] Downloaded from central: https://repo.maven.apache.org/maven2/org/apache/maven/surefire/surefire-booter/2.12.4/surefire-booter-2.12.4.pom (3.0 kB at 43 kB/s)
[a5191a9a-f364-403a-9b9b-de7af66af825/build]   | [INFO] Downloading from central: https://repo.maven.apache.org/maven2/org/apache/maven/surefire/surefire-api/2.12.4/surefire-api-2.12.4.pom
[a5191a9a-f364-403a-9b9b-de7af66af825/build]   | [INFO] Downloaded from central: https://repo.maven.apache.org/maven2/org/apache/maven/surefire/surefire-api/2.12.4/surefire-api-2.12.4.pom (2.5 kB at 55 kB/s)
[a5191a9a-f364-403a-9b9b-de7af66af825/build]   | [INFO] Downloading from central: https://repo.maven.apache.org/maven2/org/apache/maven/surefire/maven-surefire-common/2.12.4/maven-surefire-common-2.12.4.pom
[a5191a9a-f364-403a-9b9b-de7af66af825/build]   | [INFO] Downloaded from central: https://repo.maven.apache.org/maven2/org/apache/maven/surefire/maven-surefire-common/2.12.4/maven-surefire-common-2.12.4.pom (5.5 kB at 184 kB/s)
[a5191a9a-f364-403a-9b9b-de7af66af825/build]   | [INFO] Downloading from central: https://repo.maven.apache.org/maven2/org/apache/maven/plugin-tools/maven-plugin-annotations/3.1/maven-plugin-annotations-3.1.pom
[a5191a9a-f364-403a-9b9b-de7af66af825/build]   | [INFO] Downloaded from central: https://repo.maven.apache.org/maven2/org/apache/maven/plugin-tools/maven-plugin-annotations/3.1/maven-plugin-annotations-3.1.pom (1.6 kB at 21 kB/s)
[a5191a9a-f364-403a-9b9b-de7af66af825/build]   | [INFO] Downloading from central: https://repo.maven.apache.org/maven2/org/apache/maven/plugin-tools/maven-plugin-tools/3.1/maven-plugin-tools-3.1.pom
[a5191a9a-f364-403a-9b9b-de7af66af825/build]   | [INFO] Downloaded from central: https://repo.maven.apache.org/maven2/org/apache/maven/plugin-tools/maven-plugin-tools/3.1/maven-plugin-tools-3.1.pom (16 kB at 450 kB/s)
[a5191a9a-f364-403a-9b9b-de7af66af825/build]   | [INFO] Downloading from central: https://repo.maven.apache.org/maven2/org/codehaus/plexus/plexus-utils/3.0.8/plexus-utils-3.0.8.pom
[a5191a9a-f364-403a-9b9b-de7af66af825/build]   | [INFO] Downloaded from central: https://repo.maven.apache.org/maven2/org/codehaus/plexus/plexus-utils/3.0.8/plexus-utils-3.0.8.pom (3.1 kB at 11 kB/s)
[a5191a9a-f364-403a-9b9b-de7af66af825/build]   | [INFO] Downloading from central: https://repo.maven.apache.org/maven2/org/codehaus/plexus/plexus/3.2/plexus-3.2.pom
[a5191a9a-f364-403a-9b9b-de7af66af825/build]   | [INFO] Downloaded from central: https://repo.maven.apache.org/maven2/org/codehaus/plexus/plexus/3.2/plexus-3.2.pom (19 kB at 68 kB/s)
[a5191a9a-f364-403a-9b9b-de7af66af825/build]   | [INFO] Downloading from central: https://repo.maven.apache.org/maven2/org/apache/maven/reporting/maven-reporting-api/2.0.9/maven-reporting-api-2.0.9.pom
[a5191a9a-f364-403a-9b9b-de7af66af825/build]   | [INFO] Downloaded from central: https://repo.maven.apache.org/maven2/org/apache/maven/reporting/maven-reporting-api/2.0.9/maven-reporting-api-2.0.9.pom (1.8 kB at 46 kB/s)
[a5191a9a-f364-403a-9b9b-de7af66af825/build]   | [INFO] Downloading from central: https://repo.maven.apache.org/maven2/org/apache/maven/reporting/maven-reporting/2.0.9/maven-reporting-2.0.9.pom
[a5191a9a-f364-403a-9b9b-de7af66af825/build]   | [INFO] Downloaded from central: https://repo.maven.apache.org/maven2/org/apache/maven/reporting/maven-reporting/2.0.9/maven-reporting-2.0.9.pom (1.5 kB at 78 kB/s)
[a5191a9a-f364-403a-9b9b-de7af66af825/build]   | [INFO] Downloading from central: https://repo.maven.apache.org/maven2/org/apache/maven/maven-toolchain/2.0.9/maven-toolchain-2.0.9.pom
[a5191a9a-f364-403a-9b9b-de7af66af825/build]   | [INFO] Downloaded from central: https://repo.maven.apache.org/maven2/org/apache/maven/maven-toolchain/2.0.9/maven-toolchain-2.0.9.pom (3.5 kB at 52 kB/s)
[a5191a9a-f364-403a-9b9b-de7af66af825/build]   | [INFO] Downloading from central: https://repo.maven.apache.org/maven2/org/apache/commons/commons-lang3/3.1/commons-lang3-3.1.pom
[a5191a9a-f364-403a-9b9b-de7af66af825/build]   | [INFO] Downloaded from central: https://repo.maven.apache.org/maven2/org/apache/commons/commons-lang3/3.1/commons-lang3-3.1.pom (17 kB at 30 kB/s)
[a5191a9a-f364-403a-9b9b-de7af66af825/build]   | [INFO] Downloading from central: https://repo.maven.apache.org/maven2/org/apache/commons/commons-parent/22/commons-parent-22.pom
[a5191a9a-f364-403a-9b9b-de7af66af825/build]   | [INFO] Downloaded from central: https://repo.maven.apache.org/maven2/org/apache/commons/commons-parent/22/commons-parent-22.pom (42 kB at 35 kB/s)
[a5191a9a-f364-403a-9b9b-de7af66af825/build]   | [INFO] Downloading from central: https://repo.maven.apache.org/maven2/org/apache/apache/9/apache-9.pom
[a5191a9a-f364-403a-9b9b-de7af66af825/build]   | [INFO] Downloaded from central: https://repo.maven.apache.org/maven2/org/apache/apache/9/apache-9.pom (15 kB at 45 kB/s)
[a5191a9a-f364-403a-9b9b-de7af66af825/build]   | [INFO] Downloading from central: https://repo.maven.apache.org/maven2/org/apache/maven/shared/maven-common-artifact-filters/1.3/maven-common-artifact-filters-1.3.pom
[a5191a9a-f364-403a-9b9b-de7af66af825/build]   | [INFO] Downloaded from central: https://repo.maven.apache.org/maven2/org/apache/maven/shared/maven-common-artifact-filters/1.3/maven-common-artifact-filters-1.3.pom (3.7 kB at 128 kB/s)
[a5191a9a-f364-403a-9b9b-de7af66af825/build]   | [INFO] Downloading from central: https://repo.maven.apache.org/maven2/org/apache/maven/shared/maven-shared-components/12/maven-shared-components-12.pom
[a5191a9a-f364-403a-9b9b-de7af66af825/build]   | [INFO] Downloaded from central: https://repo.maven.apache.org/maven2/org/apache/maven/shared/maven-shared-components/12/maven-shared-components-12.pom (9.3 kB at 173 kB/s)
[a5191a9a-f364-403a-9b9b-de7af66af825/build]   | [INFO] Downloading from central: https://repo.maven.apache.org/maven2/org/apache/maven/maven-parent/13/maven-parent-13.pom
[a5191a9a-f364-403a-9b9b-de7af66af825/build]   | [INFO] Downloaded from central: https://repo.maven.apache.org/maven2/org/apache/maven/maven-parent/13/maven-parent-13.pom (23 kB at 59 kB/s)
[a5191a9a-f364-403a-9b9b-de7af66af825/build]   | [INFO] Downloading from central: https://repo.maven.apache.org/maven2/org/apache/apache/6/apache-6.pom
[a5191a9a-f364-403a-9b9b-de7af66af825/build]   | [INFO] Downloaded from central: https://repo.maven.apache.org/maven2/org/apache/apache/6/apache-6.pom (13 kB at 14 kB/s)
[a5191a9a-f364-403a-9b9b-de7af66af825/build]   | [INFO] Downloading from central: https://repo.maven.apache.org/maven2/org/codehaus/plexus/plexus-container-default/1.0-alpha-9/plexus-container-default-1.0-alpha-9.pom
[a5191a9a-f364-403a-9b9b-de7af66af825/build]   | [INFO] Downloaded from central: https://repo.maven.apache.org/maven2/org/codehaus/plexus/plexus-container-default/1.0-alpha-9/plexus-container-default-1.0-alpha-9.pom (1.2 kB at 33 kB/s)
[a5191a9a-f364-403a-9b9b-de7af66af825/build]   | [INFO] Downloading from central: https://repo.maven.apache.org/maven2/org/apache/maven/surefire/surefire-booter/2.12.4/surefire-booter-2.12.4.jar
[a5191a9a-f364-403a-9b9b-de7af66af825/build]   | [INFO] Downloading from central: https://repo.maven.apache.org/maven2/org/apache/maven/surefire/surefire-api/2.12.4/surefire-api-2.12.4.jar
[a5191a9a-f364-403a-9b9b-de7af66af825/build]   | [INFO] Downloading from central: https://repo.maven.apache.org/maven2/org/apache/maven/surefire/maven-surefire-common/2.12.4/maven-surefire-common-2.12.4.jar
[a5191a9a-f364-403a-9b9b-de7af66af825/build]   | [INFO] Downloading from central: https://repo.maven.apache.org/maven2/org/apache/commons/commons-lang3/3.1/commons-lang3-3.1.jar
[a5191a9a-f364-403a-9b9b-de7af66af825/build]   | [INFO] Downloading from central: https://repo.maven.apache.org/maven2/org/apache/maven/shared/maven-common-artifact-filters/1.3/maven-common-artifact-filters-1.3.jar
[a5191a9a-f364-403a-9b9b-de7af66af825/build]   | [INFO] Downloaded from central: https://repo.maven.apache.org/maven2/org/apache/maven/surefire/surefire-booter/2.12.4/surefire-booter-2.12.4.jar (35 kB at 58 kB/s)
[a5191a9a-f364-403a-9b9b-de7af66af825/build]   | [INFO] Downloading from central: https://repo.maven.apache.org/maven2/org/codehaus/plexus/plexus-utils/3.0.8/plexus-utils-3.0.8.jar
[a5191a9a-f364-403a-9b9b-de7af66af825/build]   | [INFO] Downloaded from central: https://repo.maven.apache.org/maven2/org/apache/maven/surefire/surefire-api/2.12.4/surefire-api-2.12.4.jar (118 kB at 153 kB/s)
[a5191a9a-f364-403a-9b9b-de7af66af825/build]   | [INFO] Downloading from central: https://repo.maven.apache.org/maven2/org/apache/maven/reporting/maven-reporting-api/2.0.9/maven-reporting-api-2.0.9.jar
[a5191a9a-f364-403a-9b9b-de7af66af825/build]   | [INFO] Downloaded from central: https://repo.maven.apache.org/maven2/org/apache/maven/reporting/maven-reporting-api/2.0.9/maven-reporting-api-2.0.9.jar (10 kB at 13 kB/s)
[a5191a9a-f364-403a-9b9b-de7af66af825/build]   | [INFO] Downloading from central: https://repo.maven.apache.org/maven2/org/apache/maven/maven-toolchain/2.0.9/maven-toolchain-2.0.9.jar
[a5191a9a-f364-403a-9b9b-de7af66af825/build]   | [INFO] Downloaded from central: https://repo.maven.apache.org/maven2/org/apache/maven/shared/maven-common-artifact-filters/1.3/maven-common-artifact-filters-1.3.jar (31 kB at 34 kB/s)
[a5191a9a-f364-403a-9b9b-de7af66af825/build]   | [INFO] Downloading from central: https://repo.maven.apache.org/maven2/org/apache/maven/plugin-tools/maven-plugin-annotations/3.1/maven-plugin-annotations-3.1.jar
[a5191a9a-f364-403a-9b9b-de7af66af825/build]   | [INFO] Downloaded from central: https://repo.maven.apache.org/maven2/org/apache/maven/surefire/maven-surefire-common/2.12.4/maven-surefire-common-2.12.4.jar (263 kB at 287 kB/s)
[a5191a9a-f364-403a-9b9b-de7af66af825/build]   | [INFO] Downloaded from central: https://repo.maven.apache.org/maven2/org/apache/maven/plugin-tools/maven-plugin-annotations/3.1/maven-plugin-annotations-3.1.jar (14 kB at 14 kB/s)
[a5191a9a-f364-403a-9b9b-de7af66af825/build]   | [INFO] Downloaded from central: https://repo.maven.apache.org/maven2/org/apache/maven/maven-toolchain/2.0.9/maven-toolchain-2.0.9.jar (38 kB at 31 kB/s)
[a5191a9a-f364-403a-9b9b-de7af66af825/build]   | [INFO] Downloaded from central: https://repo.maven.apache.org/maven2/org/apache/commons/commons-lang3/3.1/commons-lang3-3.1.jar (316 kB at 158 kB/s)
[a5191a9a-f364-403a-9b9b-de7af66af825/build]   | [INFO] Downloaded from central: https://repo.maven.apache.org/maven2/org/codehaus/plexus/plexus-utils/3.0.8/plexus-utils-3.0.8.jar (232 kB at 57 kB/s)
[a5191a9a-f364-403a-9b9b-de7af66af825/build]   | [INFO] Surefire report directory: /tmp/a338f13a-7465-43af-bca6-b15bf96f1c07/target/surefire-reports
[a5191a9a-f364-403a-9b9b-de7af66af825/build]   | [INFO] Downloading from central: https://repo.maven.apache.org/maven2/org/apache/maven/surefire/surefire-junit4/2.12.4/surefire-junit4-2.12.4.pom
[a5191a9a-f364-403a-9b9b-de7af66af825/build]   | [INFO] Downloaded from central: https://repo.maven.apache.org/maven2/org/apache/maven/surefire/surefire-junit4/2.12.4/surefire-junit4-2.12.4.pom (2.4 kB at 105 kB/s)
[a5191a9a-f364-403a-9b9b-de7af66af825/build]   | [INFO] Downloading from central: https://repo.maven.apache.org/maven2/org/apache/maven/surefire/surefire-providers/2.12.4/surefire-providers-2.12.4.pom
[a5191a9a-f364-403a-9b9b-de7af66af825/build]   | [INFO] Downloaded from central: https://repo.maven.apache.org/maven2/org/apache/maven/surefire/surefire-providers/2.12.4/surefire-providers-2.12.4.pom (2.3 kB at 84 kB/s)
[a5191a9a-f364-403a-9b9b-de7af66af825/build]   | [INFO] Downloading from central: https://repo.maven.apache.org/maven2/org/apache/maven/surefire/surefire-junit4/2.12.4/surefire-junit4-2.12.4.jar
[a5191a9a-f364-403a-9b9b-de7af66af825/build]   | [INFO] Downloaded from central: https://repo.maven.apache.org/maven2/org/apache/maven/surefire/surefire-junit4/2.12.4/surefire-junit4-2.12.4.jar (37 kB at 106 kB/s)
[a5191a9a-f364-403a-9b9b-de7af66af825/build]   | 
[a5191a9a-f364-403a-9b9b-de7af66af825/build]   | -------------------------------------------------------
[a5191a9a-f364-403a-9b9b-de7af66af825/build]   |  T E S T S
[a5191a9a-f364-403a-9b9b-de7af66af825/build]   | -------------------------------------------------------
[a5191a9a-f364-403a-9b9b-de7af66af825/build]   | Running nodebox.ui.ImageFormatTest
[a5191a9a-f364-403a-9b9b-de7af66af825/build]   | Tests run: 1, Failures: 0, Errors: 0, Skipped: 0, Time elapsed: 0.08 sec
[a5191a9a-f364-403a-9b9b-de7af66af825/build]   | Running nodebox.function.MathFunctionsTest
[a5191a9a-f364-403a-9b9b-de7af66af825/build]   | Tests run: 13, Failures: 0, Errors: 0, Skipped: 0, Time elapsed: 0.199 sec
[a5191a9a-f364-403a-9b9b-de7af66af825/build]   | Running nodebox.function.DataFunctionsTest
[a5191a9a-f364-403a-9b9b-de7af66af825/build]   | Tests run: 11, Failures: 0, Errors: 0, Skipped: 0, Time elapsed: 0.028 sec
[a5191a9a-f364-403a-9b9b-de7af66af825/build]   | Running nodebox.function.ListFunctionsTest
[a5191a9a-f364-403a-9b9b-de7af66af825/build]   | Tests run: 19, Failures: 0, Errors: 0, Skipped: 0, Time elapsed: 0.012 sec
[a5191a9a-f364-403a-9b9b-de7af66af825/build]   | Running nodebox.function.FunctionRepositoryTest
[a5191a9a-f364-403a-9b9b-de7af66af825/build]   | Tests run: 1, Failures: 0, Errors: 0, Skipped: 0, Time elapsed: 0.124 sec
[a5191a9a-f364-403a-9b9b-de7af66af825/build]   | Running nodebox.function.FunctionLibraryTest
[a5191a9a-f364-403a-9b9b-de7af66af825/build]   | WARNING: An illegal reflective access operation has occurred
[a5191a9a-f364-403a-9b9b-de7af66af825/build]   | WARNING: Illegal reflective access by org.python.google.common.base.internal.Finalizer (file:/home/runneradmin/.m2/repository/org/python/jython/2.5.3/jython-2.5.3.jar) to field java.lang.Thread.inheritableThreadLocals
[a5191a9a-f364-403a-9b9b-de7af66af825/build]   | WARNING: Please consider reporting this to the maintainers of org.python.google.common.base.internal.Finalizer
[a5191a9a-f364-403a-9b9b-de7af66af825/build]   | WARNING: Use --illegal-access=warn to enable warnings of further illegal reflective access operations
[a5191a9a-f364-403a-9b9b-de7af66af825/build]   | WARNING: All illegal access operations will be denied in a future release
[a5191a9a-f364-403a-9b9b-de7af66af825/build]   | *sys-package-mgr*: processing new jar, '/home/runneradmin/.m2/repository/org/clojure/clojure/1.4.0/clojure-1.4.0.jar'
[a5191a9a-f364-403a-9b9b-de7af66af825/build]   | *sys-package-mgr*: processing new jar, '/home/runneradmin/.m2/repository/com/google/guava/guava/13.0.1/guava-13.0.1.jar'
[a5191a9a-f364-403a-9b9b-de7af66af825/build]   | *sys-package-mgr*: processing new jar, '/home/runneradmin/.m2/repository/com/itextpdf/itextpdf/5.3.2/itextpdf-5.3.2.jar'
[a5191a9a-f364-403a-9b9b-de7af66af825/build]   | *sys-package-mgr*: processing new jar, '/home/runneradmin/.m2/repository/net/java/dev/jna/jna/3.4.0/jna-3.4.0.jar'
[a5191a9a-f364-403a-9b9b-de7af66af825/build]   | *sys-package-mgr*: processing new jar, '/home/runneradmin/.m2/repository/junit/junit/4.10/junit-4.10.jar'
[a5191a9a-f364-403a-9b9b-de7af66af825/build]   | *sys-package-mgr*: processing new jar, '/home/runneradmin/.m2/repository/org/hamcrest/hamcrest-core/1.1/hamcrest-core-1.1.jar'
[a5191a9a-f364-403a-9b9b-de7af66af825/build]   | *sys-package-mgr*: processing new jar, '/home/runneradmin/.m2/repository/org/python/jython/2.5.3/jython-2.5.3.jar'
[a5191a9a-f364-403a-9b9b-de7af66af825/build]   | *sys-package-mgr*: processing new jar, '/home/runneradmin/.m2/repository/net/sf/opencsv/opencsv/2.3/opencsv-2.3.jar'
[a5191a9a-f364-403a-9b9b-de7af66af825/build]   | *sys-package-mgr*: processing new jar, '/home/runneradmin/.m2/repository/org/piccolo2d/piccolo2d-core/1.3.1/piccolo2d-core-1.3.1.jar'
[a5191a9a-f364-403a-9b9b-de7af66af825/build]   | *sys-package-mgr*: processing new jar, '/home/runneradmin/.m2/repository/xom/xom/1.2.5/xom-1.2.5.jar'
[a5191a9a-f364-403a-9b9b-de7af66af825/build]   | *sys-package-mgr*: processing new jar, '/home/runneradmin/.m2/repository/xml-apis/xml-apis/1.3.03/xml-apis-1.3.03.jar'
[a5191a9a-f364-403a-9b9b-de7af66af825/build]   | *sys-package-mgr*: processing new jar, '/home/runneradmin/.m2/repository/xerces/xercesImpl/2.8.0/xercesImpl-2.8.0.jar'
[a5191a9a-f364-403a-9b9b-de7af66af825/build]   | *sys-package-mgr*: processing new jar, '/home/runneradmin/.m2/repository/xalan/xalan/2.7.0/xalan-2.7.0.jar'
[a5191a9a-f364-403a-9b9b-de7af66af825/build]   | Tests run: 4, Failures: 0, Errors: 0, Skipped: 0, Time elapsed: 3.699 sec
[a5191a9a-f364-403a-9b9b-de7af66af825/build]   | Running nodebox.function.PythonLibraryTest
[a5191a9a-f364-403a-9b9b-de7af66af825/build]   | Tests run: 6, Failures: 0, Errors: 0, Skipped: 0, Time elapsed: 0.038 sec
[a5191a9a-f364-403a-9b9b-de7af66af825/build]   | Running nodebox.function.StringFunctionsTest
[a5191a9a-f364-403a-9b9b-de7af66af825/build]   | Tests run: 4, Failures: 0, Errors: 0, Skipped: 0, Time elapsed: 0.008 sec
[a5191a9a-f364-403a-9b9b-de7af66af825/build]   | Running nodebox.function.ClojureLibraryTest
[a5191a9a-f364-403a-9b9b-de7af66af825/build]   | Tests run: 3, Failures: 0, Errors: 0, Skipped: 0, Time elapsed: 0.062 sec
[a5191a9a-f364-403a-9b9b-de7af66af825/build]   | Running nodebox.versioncheck.UpdaterTest
[a5191a9a-f364-403a-9b9b-de7af66af825/build]   | Jul 12, 2023 2:42:36 AM java.util.prefs.FileSystemPreferences$1 run
[a5191a9a-f364-403a-9b9b-de7af66af825/build]   | INFO: Created user preferences directory.
[a5191a9a-f364-403a-9b9b-de7af66af825/build]   | Tests run: 4, Failures: 0, Errors: 0, Skipped: 0, Time elapsed: 0.255 sec
[a5191a9a-f364-403a-9b9b-de7af66af825/build]   | Running nodebox.versioncheck.VersionTest
[a5191a9a-f364-403a-9b9b-de7af66af825/build]   | Tests run: 1, Failures: 0, Errors: 0, Skipped: 0, Time elapsed: 0 sec
[a5191a9a-f364-403a-9b9b-de7af66af825/build]   | Running nodebox.node.NodeLibraryTest
[a5191a9a-f364-403a-9b9b-de7af66af825/build]   | Tests run: 32, Failures: 0, Errors: 0, Skipped: 0, Time elapsed: 0.411 sec
[a5191a9a-f364-403a-9b9b-de7af66af825/build]   | Running nodebox.node.ConnectionTest
[a5191a9a-f364-403a-9b9b-de7af66af825/build]   | Tests run: 3, Failures: 0, Errors: 0, Skipped: 0, Time elapsed: 0.003 sec
[a5191a9a-f364-403a-9b9b-de7af66af825/build]   | Running nodebox.node.polygraph.PolygonTest
[a5191a9a-f364-403a-9b9b-de7af66af825/build]   | Tests run: 2, Failures: 0, Errors: 0, Skipped: 0, Time elapsed: 0.007 sec
[a5191a9a-f364-403a-9b9b-de7af66af825/build]   | Running nodebox.node.NodeTest
[a5191a9a-f364-403a-9b9b-de7af66af825/build]   | Tests run: 9, Failures: 0, Errors: 0, Skipped: 0, Time elapsed: 0.008 sec
[a5191a9a-f364-403a-9b9b-de7af66af825/build]   | Running nodebox.node.PublishedPortTest
[a5191a9a-f364-403a-9b9b-de7af66af825/build]   | Tests run: 7, Failures: 0, Errors: 0, Skipped: 0, Time elapsed: 0.003 sec
[a5191a9a-f364-403a-9b9b-de7af66af825/build]   | Running nodebox.node.NodeContextTest
[a5191a9a-f364-403a-9b9b-de7af66af825/build]   | Tests run: 30, Failures: 0, Errors: 0, Skipped: 0, Time elapsed: 0.037 sec
[a5191a9a-f364-403a-9b9b-de7af66af825/build]   | Running nodebox.node.PortTest
[a5191a9a-f364-403a-9b9b-de7af66af825/build]   | Tests run: 12, Failures: 0, Errors: 0, Skipped: 0, Time elapsed: 0.002 sec
[a5191a9a-f364-403a-9b9b-de7af66af825/build]   | Running nodebox.node.VersionTest
[a5191a9a-f364-403a-9b9b-de7af66af825/build]   | Tests run: 2, Failures: 0, Errors: 0, Skipped: 0, Time elapsed: 0.001 sec
[a5191a9a-f364-403a-9b9b-de7af66af825/build]   | Running nodebox.node.NodeLibraryControllerTest
[a5191a9a-f364-403a-9b9b-de7af66af825/build]   | Tests run: 30, Failures: 0, Errors: 0, Skipped: 0, Time elapsed: 0.019 sec
[a5191a9a-f364-403a-9b9b-de7af66af825/build]   | Running nodebox.graphics.GraphicsContextTest
[a5191a9a-f364-403a-9b9b-de7af66af825/build]   | Tests run: 3, Failures: 0, Errors: 0, Skipped: 0, Time elapsed: 0.26 sec
[a5191a9a-f364-403a-9b9b-de7af66af825/build]   | Running nodebox.graphics.CanvasTest
[a5191a9a-f364-403a-9b9b-de7af66af825/build]   | Tests run: 1, Failures: 0, Errors: 0, Skipped: 0, Time elapsed: 0 sec
[a5191a9a-f364-403a-9b9b-de7af66af825/build]   | Running nodebox.graphics.GraphicsTestCase
[a5191a9a-f364-403a-9b9b-de7af66af825/build]   | Tests run: 1, Failures: 0, Errors: 0, Skipped: 0, Time elapsed: 0 sec
[a5191a9a-f364-403a-9b9b-de7af66af825/build]   | Running nodebox.graphics.ContourTest
[a5191a9a-f364-403a-9b9b-de7af66af825/build]   | Tests run: 11, Failures: 0, Errors: 0, Skipped: 0, Time elapsed: 0.003 sec
[a5191a9a-f364-403a-9b9b-de7af66af825/build]   | Running nodebox.graphics.GrobTest
[a5191a9a-f364-403a-9b9b-de7af66af825/build]   | Tests run: 1, Failures: 0, Errors: 0, Skipped: 0, Time elapsed: 0.001 sec
[a5191a9a-f364-403a-9b9b-de7af66af825/build]   | Running nodebox.graphics.TransformTest
[a5191a9a-f364-403a-9b9b-de7af66af825/build]   | Tests run: 2, Failures: 0, Errors: 0, Skipped: 0, Time elapsed: 0 sec
[a5191a9a-f364-403a-9b9b-de7af66af825/build]   | Running nodebox.graphics.PointTest
[a5191a9a-f364-403a-9b9b-de7af66af825/build]   | Tests run: 1, Failures: 0, Errors: 0, Skipped: 0, Time elapsed: 0 sec
[a5191a9a-f364-403a-9b9b-de7af66af825/build]   | Running nodebox.graphics.ColorTest
[a5191a9a-f364-403a-9b9b-de7af66af825/build]   | Tests run: 1, Failures: 0, Errors: 0, Skipped: 0, Time elapsed: 0 sec
[a5191a9a-f364-403a-9b9b-de7af66af825/build]   | Running nodebox.graphics.PathTest
[a5191a9a-f364-403a-9b9b-de7af66af825/build]   | Tests run: 6, Failures: 0, Errors: 0, Skipped: 0, Time elapsed: 0.002 sec
[a5191a9a-f364-403a-9b9b-de7af66af825/build]   | Running nodebox.graphics.GeometryTest
[a5191a9a-f364-403a-9b9b-de7af66af825/build]   | Tests run: 11, Failures: 0, Errors: 0, Skipped: 0, Time elapsed: 0.002 sec
[a5191a9a-f364-403a-9b9b-de7af66af825/build]   | Running nodebox.graphics.RectTest
[a5191a9a-f364-403a-9b9b-de7af66af825/build]   | Tests run: 4, Failures: 0, Errors: 0, Skipped: 0, Time elapsed: 0 sec
[a5191a9a-f364-403a-9b9b-de7af66af825/build]   | Running nodebox.localhistory.RepositoryTest
[a5191a9a-f364-403a-9b9b-de7af66af825/build]   | Tests run: 3, Failures: 0, Errors: 0, Skipped: 0, Time elapsed: 0.014 sec
[a5191a9a-f364-403a-9b9b-de7af66af825/build]   | Running nodebox.util.WavesTest
[a5191a9a-f364-403a-9b9b-de7af66af825/build]   | Tests run: 2, Failures: 0, Errors: 0, Skipped: 0, Time elapsed: 0 sec
[a5191a9a-f364-403a-9b9b-de7af66af825/build]   | Running nodebox.util.FileUtilTest
[a5191a9a-f364-403a-9b9b-de7af66af825/build]   | Tests run: 4, Failures: 0, Errors: 0, Skipped: 0, Time elapsed: 0.002 sec
[a5191a9a-f364-403a-9b9b-de7af66af825/build]   | Running nodebox.util.ListUtilsTest
[a5191a9a-f364-403a-9b9b-de7af66af825/build]   | Tests run: 1, Failures: 0, Errors: 0, Skipped: 0, Time elapsed: 0 sec
[a5191a9a-f364-403a-9b9b-de7af66af825/build]   | *sys-package-mgr*: processing new jar, '/tmp/a338f13a-7465-43af-bca6-b15bf96f1c07/lib/python.zip'
[a5191a9a-f364-403a-9b9b-de7af66af825/build]   | 
[a5191a9a-f364-403a-9b9b-de7af66af825/build]   | Results :
[a5191a9a-f364-403a-9b9b-de7af66af825/build]   | 
[a5191a9a-f364-403a-9b9b-de7af66af825/build]   | Tests run: 246, Failures: 0, Errors: 0, Skipped: 0
[a5191a9a-f364-403a-9b9b-de7af66af825/build]   | 
[a5191a9a-f364-403a-9b9b-de7af66af825/build]   | [INFO] 
[a5191a9a-f364-403a-9b9b-de7af66af825/build]   | [INFO] --- maven-jar-plugin:2.4:jar (default-jar) @ nodebox ---
[a5191a9a-f364-403a-9b9b-de7af66af825/build]   | [INFO] Downloading from central: https://repo.maven.apache.org/maven2/org/apache/maven/maven-archiver/2.5/maven-archiver-2.5.pom
[a5191a9a-f364-403a-9b9b-de7af66af825/build]   | [INFO] Downloaded from central: https://repo.maven.apache.org/maven2/org/apache/maven/maven-archiver/2.5/maven-archiver-2.5.pom (4.5 kB at 89 kB/s)
[a5191a9a-f364-403a-9b9b-de7af66af825/build]   | [INFO] Downloading from central: https://repo.maven.apache.org/maven2/org/codehaus/plexus/plexus-archiver/2.1/plexus-archiver-2.1.pom
[a5191a9a-f364-403a-9b9b-de7af66af825/build]   | [INFO] Downloaded from central: https://repo.maven.apache.org/maven2/org/codehaus/plexus/plexus-archiver/2.1/plexus-archiver-2.1.pom (2.8 kB at 3.0 kB/s)
[a5191a9a-f364-403a-9b9b-de7af66af825/build]   | [INFO] Downloading from central: https://repo.maven.apache.org/maven2/org/codehaus/plexus/plexus-io/2.0.2/plexus-io-2.0.2.pom
[a5191a9a-f364-403a-9b9b-de7af66af825/build]   | [INFO] Downloaded from central: https://repo.maven.apache.org/maven2/org/codehaus/plexus/plexus-io/2.0.2/plexus-io-2.0.2.pom (1.7 kB at 6.2 kB/s)
[a5191a9a-f364-403a-9b9b-de7af66af825/build]   | [INFO] Downloading from central: https://repo.maven.apache.org/maven2/org/codehaus/plexus/plexus-components/1.1.19/plexus-components-1.1.19.pom
[a5191a9a-f364-403a-9b9b-de7af66af825/build]   | [INFO] Downloaded from central: https://repo.maven.apache.org/maven2/org/codehaus/plexus/plexus-components/1.1.19/plexus-components-1.1.19.pom (2.7 kB at 128 kB/s)
[a5191a9a-f364-403a-9b9b-de7af66af825/build]   | [INFO] Downloading from central: https://repo.maven.apache.org/maven2/org/codehaus/plexus/plexus/3.0.1/plexus-3.0.1.pom
[a5191a9a-f364-403a-9b9b-de7af66af825/build]   | [INFO] Downloaded from central: https://repo.maven.apache.org/maven2/org/codehaus/plexus/plexus/3.0.1/plexus-3.0.1.pom (19 kB at 19 kB/s)
[a5191a9a-f364-403a-9b9b-de7af66af825/build]   | [INFO] Downloading from central: https://repo.maven.apache.org/maven2/org/codehaus/plexus/plexus-interpolation/1.15/plexus-interpolation-1.15.pom
[a5191a9a-f364-403a-9b9b-de7af66af825/build]   | [INFO] Downloaded from central: https://repo.maven.apache.org/maven2/org/codehaus/plexus/plexus-interpolation/1.15/plexus-interpolation-1.15.pom (1.0 kB at 3.0 kB/s)
[a5191a9a-f364-403a-9b9b-de7af66af825/build]   | [INFO] Downloading from central: https://repo.maven.apache.org/maven2/commons-lang/commons-lang/2.1/commons-lang-2.1.pom
[a5191a9a-f364-403a-9b9b-de7af66af825/build]   | [INFO] Downloaded from central: https://repo.maven.apache.org/maven2/commons-lang/commons-lang/2.1/commons-lang-2.1.pom (9.9 kB at 21 kB/s)
[a5191a9a-f364-403a-9b9b-de7af66af825/build]   | [INFO] Downloading from central: https://repo.maven.apache.org/maven2/org/apache/maven/maven-archiver/2.5/maven-archiver-2.5.jar
[a5191a9a-f364-403a-9b9b-de7af66af825/build]   | [INFO] Downloading from central: https://repo.maven.apache.org/maven2/org/codehaus/plexus/plexus-interpolation/1.15/plexus-interpolation-1.15.jar
[a5191a9a-f364-403a-9b9b-de7af66af825/build]   | [INFO] Downloading from central: https://repo.maven.apache.org/maven2/org/codehaus/plexus/plexus-archiver/2.1/plexus-archiver-2.1.jar
[a5191a9a-f364-403a-9b9b-de7af66af825/build]   | [INFO] Downloading from central: https://repo.maven.apache.org/maven2/org/codehaus/plexus/plexus-io/2.0.2/plexus-io-2.0.2.jar
[a5191a9a-f364-403a-9b9b-de7af66af825/build]   | [INFO] Downloading from central: https://repo.maven.apache.org/maven2/commons-lang/commons-lang/2.1/commons-lang-2.1.jar
[a5191a9a-f364-403a-9b9b-de7af66af825/build]   | [INFO] Downloaded from central: https://repo.maven.apache.org/maven2/org/codehaus/plexus/plexus-interpolation/1.15/plexus-interpolation-1.15.jar (60 kB at 216 kB/s)
[a5191a9a-f364-403a-9b9b-de7af66af825/build]   | [INFO] Downloaded from central: https://repo.maven.apache.org/maven2/org/codehaus/plexus/plexus-io/2.0.2/plexus-io-2.0.2.jar (58 kB at 49 kB/s)
[a5191a9a-f364-403a-9b9b-de7af66af825/build]   | [INFO] Downloaded from central: https://repo.maven.apache.org/maven2/org/apache/maven/maven-archiver/2.5/maven-archiver-2.5.jar (22 kB at 11 kB/s)
[a5191a9a-f364-403a-9b9b-de7af66af825/build]   | [INFO] Downloaded from central: https://repo.maven.apache.org/maven2/org/codehaus/plexus/plexus-archiver/2.1/plexus-archiver-2.1.jar (184 kB at 66 kB/s)
[a5191a9a-f364-403a-9b9b-de7af66af825/build]   | [INFO] Downloaded from central: https://repo.maven.apache.org/maven2/commons-lang/commons-lang/2.1/commons-lang-2.1.jar (208 kB at 28 kB/s)
[a5191a9a-f364-403a-9b9b-de7af66af825/build]   | [INFO] Building jar: /tmp/a338f13a-7465-43af-bca6-b15bf96f1c07/target/nodebox-3.0-SNAPSHOT.jar
[a5191a9a-f364-403a-9b9b-de7af66af825/build]   | [INFO] ------------------------------------------------------------------------
[a5191a9a-f364-403a-9b9b-de7af66af825/build]   | [INFO] BUILD SUCCESS
[a5191a9a-f364-403a-9b9b-de7af66af825/build]   | [INFO] ------------------------------------------------------------------------
[a5191a9a-f364-403a-9b9b-de7af66af825/build]   | [INFO] Total time:  41.331 s
[a5191a9a-f364-403a-9b9b-de7af66af825/build]   | [INFO] Finished at: 2023-07-12T02:42:48Z
[a5191a9a-f364-403a-9b9b-de7af66af825/build]   | [INFO] ------------------------------------------------------------------------
[a5191a9a-f364-403a-9b9b-de7af66af825/build]   ‚úÖ  Success - Main Build with Maven
[a5191a9a-f364-403a-9b9b-de7af66af825/build] unable to get git ref: failed to identify reference (tag/branch) for the checked-out revision 'e5c38d6b803deaad93f4238ca2277c1863fae0e7'
[a5191a9a-f364-403a-9b9b-de7af66af825/build] unable to get git ref: failed to identify reference (tag/branch) for the checked-out revision 'e5c38d6b803deaad93f4238ca2277c1863fae0e7'
[a5191a9a-f364-403a-9b9b-de7af66af825/build] unable to get git ref: failed to identify reference (tag/branch) for the checked-out revision 'e5c38d6b803deaad93f4238ca2277c1863fae0e7'
[a5191a9a-f364-403a-9b9b-de7af66af825/build] unable to get git ref: failed to identify reference (tag/branch) for the checked-out revision 'e5c38d6b803deaad93f4238ca2277c1863fae0e7'
[a5191a9a-f364-403a-9b9b-de7af66af825/build] unable to get git ref: failed to identify reference (tag/branch) for the checked-out revision 'e5c38d6b803deaad93f4238ca2277c1863fae0e7'
[a5191a9a-f364-403a-9b9b-de7af66af825/build] ‚≠ê Run Post Set up JDK 11
[a5191a9a-f364-403a-9b9b-de7af66af825/build]   üê≥  docker exec cmd=[node /var/run/act/actions/actions-setup-java@v1/dist/cleanup/index.js] user= workdir=
[a5191a9a-f364-403a-9b9b-de7af66af825/build]   ‚úÖ  Success - Post Set up JDK 11
[a5191a9a-f364-403a-9b9b-de7af66af825/build] üèÅ  Job succeeded
[a5191a9a-f364-403a-9b9b-de7af66af825/build] unable to get git ref: failed to identify reference (tag/branch) for the checked-out revision 'e5c38d6b803deaad93f4238ca2277c1863fae0e7'
