[06515d6e-f429-4d19-ad71-2f4d7e36deed/build] üöÄ  Start image=gitbugactions:latest
[06515d6e-f429-4d19-ad71-2f4d7e36deed/build]   üê≥  docker pull image=gitbugactions:latest platform= username= forcePull=false
[06515d6e-f429-4d19-ad71-2f4d7e36deed/build]   üê≥  docker create image=gitbugactions:latest platform= entrypoint=["tail" "-f" "/dev/null"] cmd=[]
[06515d6e-f429-4d19-ad71-2f4d7e36deed/build]   üê≥  docker run image=gitbugactions:latest platform= entrypoint=["tail" "-f" "/dev/null"] cmd=[]
[06515d6e-f429-4d19-ad71-2f4d7e36deed/build]   üê≥  docker exec cmd=[chown -R 1012:1013 /tmp/9a02aa7e-01a1-43a6-83f0-da3ea250e82d] user=0 workdir=
[06515d6e-f429-4d19-ad71-2f4d7e36deed/build] unable to get git ref: failed to identify reference (tag/branch) for the checked-out revision '4f1514980495c4daaae2eb060228a87e14cbae11'
[06515d6e-f429-4d19-ad71-2f4d7e36deed/build] unable to get git ref: failed to identify reference (tag/branch) for the checked-out revision '4f1514980495c4daaae2eb060228a87e14cbae11'
[06515d6e-f429-4d19-ad71-2f4d7e36deed/build] unable to get git ref: failed to identify reference (tag/branch) for the checked-out revision '4f1514980495c4daaae2eb060228a87e14cbae11'
[06515d6e-f429-4d19-ad71-2f4d7e36deed/build] unable to get git ref: failed to identify reference (tag/branch) for the checked-out revision '4f1514980495c4daaae2eb060228a87e14cbae11'
[06515d6e-f429-4d19-ad71-2f4d7e36deed/build] unable to get git ref: failed to identify reference (tag/branch) for the checked-out revision '4f1514980495c4daaae2eb060228a87e14cbae11'
[06515d6e-f429-4d19-ad71-2f4d7e36deed/build] unable to get git ref: failed to identify reference (tag/branch) for the checked-out revision '4f1514980495c4daaae2eb060228a87e14cbae11'
[06515d6e-f429-4d19-ad71-2f4d7e36deed/build] unable to get git ref: failed to identify reference (tag/branch) for the checked-out revision '4f1514980495c4daaae2eb060228a87e14cbae11'
[06515d6e-f429-4d19-ad71-2f4d7e36deed/build] unable to get git ref: failed to identify reference (tag/branch) for the checked-out revision '4f1514980495c4daaae2eb060228a87e14cbae11'
[06515d6e-f429-4d19-ad71-2f4d7e36deed/build] unable to get git ref: failed to identify reference (tag/branch) for the checked-out revision '4f1514980495c4daaae2eb060228a87e14cbae11'
[06515d6e-f429-4d19-ad71-2f4d7e36deed/build] ‚≠ê Run Main actions/checkout@v2
[06515d6e-f429-4d19-ad71-2f4d7e36deed/build] unable to get git ref: failed to identify reference (tag/branch) for the checked-out revision '4f1514980495c4daaae2eb060228a87e14cbae11'
[06515d6e-f429-4d19-ad71-2f4d7e36deed/build] unable to get git ref: failed to identify reference (tag/branch) for the checked-out revision '4f1514980495c4daaae2eb060228a87e14cbae11'
[06515d6e-f429-4d19-ad71-2f4d7e36deed/build]   üê≥  docker cp src=/tmp/9a02aa7e-01a1-43a6-83f0-da3ea250e82d/. dst=/tmp/9a02aa7e-01a1-43a6-83f0-da3ea250e82d
[06515d6e-f429-4d19-ad71-2f4d7e36deed/build]   üê≥  docker exec cmd=[chown -R 1012:1013 /tmp/9a02aa7e-01a1-43a6-83f0-da3ea250e82d] user=0 workdir=
[06515d6e-f429-4d19-ad71-2f4d7e36deed/build]   ‚úÖ  Success - Main actions/checkout@v2
[06515d6e-f429-4d19-ad71-2f4d7e36deed/build] unable to get git ref: failed to identify reference (tag/branch) for the checked-out revision '4f1514980495c4daaae2eb060228a87e14cbae11'
[06515d6e-f429-4d19-ad71-2f4d7e36deed/build] unable to get git ref: failed to identify reference (tag/branch) for the checked-out revision '4f1514980495c4daaae2eb060228a87e14cbae11'
[06515d6e-f429-4d19-ad71-2f4d7e36deed/build] unable to get git ref: failed to identify reference (tag/branch) for the checked-out revision '4f1514980495c4daaae2eb060228a87e14cbae11'
[06515d6e-f429-4d19-ad71-2f4d7e36deed/build] unable to get git ref: failed to identify reference (tag/branch) for the checked-out revision '4f1514980495c4daaae2eb060228a87e14cbae11'
[06515d6e-f429-4d19-ad71-2f4d7e36deed/build] unable to get git ref: failed to identify reference (tag/branch) for the checked-out revision '4f1514980495c4daaae2eb060228a87e14cbae11'
[06515d6e-f429-4d19-ad71-2f4d7e36deed/build] ‚≠ê Run Main Set up JDK 17
[06515d6e-f429-4d19-ad71-2f4d7e36deed/build] unable to get git ref: failed to identify reference (tag/branch) for the checked-out revision '4f1514980495c4daaae2eb060228a87e14cbae11'
[06515d6e-f429-4d19-ad71-2f4d7e36deed/build] unable to get git ref: failed to identify reference (tag/branch) for the checked-out revision '4f1514980495c4daaae2eb060228a87e14cbae11'
[06515d6e-f429-4d19-ad71-2f4d7e36deed/build] unable to get git ref: failed to identify reference (tag/branch) for the checked-out revision '4f1514980495c4daaae2eb060228a87e14cbae11'
[06515d6e-f429-4d19-ad71-2f4d7e36deed/build]   üê≥  docker cp src=/tmp/act-cache/279a65d3-a090-4e2c-aa88-00b40ef5dc4d/act/actions-setup-java@v2/ dst=/var/run/act/actions/actions-setup-java@v2/
[06515d6e-f429-4d19-ad71-2f4d7e36deed/build]   üê≥  docker exec cmd=[chown -R 1012:1013 /var/run/act/actions/actions-setup-java@v2/] user=0 workdir=
[06515d6e-f429-4d19-ad71-2f4d7e36deed/build]   üê≥  docker exec cmd=[node /var/run/act/actions/actions-setup-java@v2/dist/setup/index.js] user= workdir=
[06515d6e-f429-4d19-ad71-2f4d7e36deed/build]   | Trying to resolve the latest version from remote
[06515d6e-f429-4d19-ad71-2f4d7e36deed/build]   | Resolved latest version as 17.0.9+9
[06515d6e-f429-4d19-ad71-2f4d7e36deed/build]   | Trying to download...
[06515d6e-f429-4d19-ad71-2f4d7e36deed/build]   | Downloading Java 17.0.9+9 (Adopt-Hotspot) from https://github.com/adoptium/temurin17-binaries/releases/download/jdk-17.0.9%2B9/OpenJDK17U-jdk_x64_linux_hotspot_17.0.9_9.tar.gz ...
[06515d6e-f429-4d19-ad71-2f4d7e36deed/build]   üí¨  ::debug::Downloading https://github.com/adoptium/temurin17-binaries/releases/download/jdk-17.0.9%252B9/OpenJDK17U-jdk_x64_linux_hotspot_17.0.9_9.tar.gz
[06515d6e-f429-4d19-ad71-2f4d7e36deed/build]   üí¨  ::debug::Destination /tmp/125252d2-2f41-4312-a33f-5fdefaa42358
[06515d6e-f429-4d19-ad71-2f4d7e36deed/build]   üí¨  ::debug::download complete
[06515d6e-f429-4d19-ad71-2f4d7e36deed/build]   | Extracting Java archive...
[06515d6e-f429-4d19-ad71-2f4d7e36deed/build]   üí¨  ::debug::Checking tar --version
[06515d6e-f429-4d19-ad71-2f4d7e36deed/build]   üí¨  ::debug::tar (GNU tar) 1.34%0ACopyright (C) 2021 Free Software Foundation, Inc.%0ALicense GPLv3+: GNU GPL version 3 or later <https://gnu.org/licenses/gpl.html>.%0AThis is free software: you are free to change and redistribute it.%0AThere is NO WARRANTY, to the extent permitted by law.%0A%0AWritten by John Gilmore and Jay Fenlason.
[06515d6e-f429-4d19-ad71-2f4d7e36deed/build]   | [command]/usr/bin/tar xz --warning=no-unknown-keyword -C /tmp/0053c07a-eaa1-4276-ae5a-bd000e76b448 -f /tmp/125252d2-2f41-4312-a33f-5fdefaa42358
[06515d6e-f429-4d19-ad71-2f4d7e36deed/build]   üí¨  ::debug::Caching tool Java_Adopt_jdk 17.0.9-9 x64
[06515d6e-f429-4d19-ad71-2f4d7e36deed/build]   üí¨  ::debug::source dir: /tmp/0053c07a-eaa1-4276-ae5a-bd000e76b448/jdk-17.0.9+9
[06515d6e-f429-4d19-ad71-2f4d7e36deed/build]   üí¨  ::debug::destination /opt/hostedtoolcache/Java_Adopt_jdk/17.0.9-9/x64
[06515d6e-f429-4d19-ad71-2f4d7e36deed/build]   üí¨  ::debug::finished caching tool
[06515d6e-f429-4d19-ad71-2f4d7e36deed/build]   | Java 17.0.9+9 was downloaded
[06515d6e-f429-4d19-ad71-2f4d7e36deed/build]   | Setting Java 17.0.9+9 as the default
[06515d6e-f429-4d19-ad71-2f4d7e36deed/build]   | 
[06515d6e-f429-4d19-ad71-2f4d7e36deed/build]   | Java configuration:
[06515d6e-f429-4d19-ad71-2f4d7e36deed/build]   |   Distribution: adopt
[06515d6e-f429-4d19-ad71-2f4d7e36deed/build]   |   Version: 17.0.9+9
[06515d6e-f429-4d19-ad71-2f4d7e36deed/build]   |   Path: /opt/hostedtoolcache/Java_Adopt_jdk/17.0.9-9/x64
[06515d6e-f429-4d19-ad71-2f4d7e36deed/build]   | 
[06515d6e-f429-4d19-ad71-2f4d7e36deed/build]   ‚ùì add-matcher /run/act/actions/actions-setup-java@v2/.github/java.json
[06515d6e-f429-4d19-ad71-2f4d7e36deed/build]   | Creating settings.xml with server-id: github
[06515d6e-f429-4d19-ad71-2f4d7e36deed/build]   | Writing to /home/runner/.m2/settings.xml
[06515d6e-f429-4d19-ad71-2f4d7e36deed/build]   ‚úÖ  Success - Main Set up JDK 17
[06515d6e-f429-4d19-ad71-2f4d7e36deed/build]   ‚öô  ::set-env:: JAVA_HOME=/opt/hostedtoolcache/Java_Adopt_jdk/17.0.9-9/x64
[06515d6e-f429-4d19-ad71-2f4d7e36deed/build]   ‚öô  ::set-output:: distribution=Adopt-Hotspot
[06515d6e-f429-4d19-ad71-2f4d7e36deed/build]   ‚öô  ::set-output:: path=/opt/hostedtoolcache/Java_Adopt_jdk/17.0.9-9/x64
[06515d6e-f429-4d19-ad71-2f4d7e36deed/build]   ‚öô  ::set-output:: version=17.0.9+9
[06515d6e-f429-4d19-ad71-2f4d7e36deed/build]   ‚öô  ::add-path:: /opt/hostedtoolcache/Java_Adopt_jdk/17.0.9-9/x64/bin
[06515d6e-f429-4d19-ad71-2f4d7e36deed/build] unable to get git ref: failed to identify reference (tag/branch) for the checked-out revision '4f1514980495c4daaae2eb060228a87e14cbae11'
[06515d6e-f429-4d19-ad71-2f4d7e36deed/build] unable to get git ref: failed to identify reference (tag/branch) for the checked-out revision '4f1514980495c4daaae2eb060228a87e14cbae11'
[06515d6e-f429-4d19-ad71-2f4d7e36deed/build] unable to get git ref: failed to identify reference (tag/branch) for the checked-out revision '4f1514980495c4daaae2eb060228a87e14cbae11'
[06515d6e-f429-4d19-ad71-2f4d7e36deed/build] unable to get git ref: failed to identify reference (tag/branch) for the checked-out revision '4f1514980495c4daaae2eb060228a87e14cbae11'
[06515d6e-f429-4d19-ad71-2f4d7e36deed/build] unable to get git ref: failed to identify reference (tag/branch) for the checked-out revision '4f1514980495c4daaae2eb060228a87e14cbae11'
[06515d6e-f429-4d19-ad71-2f4d7e36deed/build] ‚≠ê Run Main Build with Maven
[06515d6e-f429-4d19-ad71-2f4d7e36deed/build] unable to get git ref: failed to identify reference (tag/branch) for the checked-out revision '4f1514980495c4daaae2eb060228a87e14cbae11'
[06515d6e-f429-4d19-ad71-2f4d7e36deed/build] unable to get git ref: failed to identify reference (tag/branch) for the checked-out revision '4f1514980495c4daaae2eb060228a87e14cbae11'
[06515d6e-f429-4d19-ad71-2f4d7e36deed/build] unable to get git ref: failed to identify reference (tag/branch) for the checked-out revision '4f1514980495c4daaae2eb060228a87e14cbae11'
[06515d6e-f429-4d19-ad71-2f4d7e36deed/build] unable to get git ref: failed to identify reference (tag/branch) for the checked-out revision '4f1514980495c4daaae2eb060228a87e14cbae11'
[06515d6e-f429-4d19-ad71-2f4d7e36deed/build]   üê≥  docker exec cmd=[bash --noprofile --norc -e -o pipefail /var/run/act/workflow/2] user= workdir=
[06515d6e-f429-4d19-ad71-2f4d7e36deed/build]   | [INFO] Scanning for projects...
[06515d6e-f429-4d19-ad71-2f4d7e36deed/build]   | [INFO] Downloading from central: https://repo.maven.apache.org/maven2/org/junit/junit-bom/5.8.2/junit-bom-5.8.2.pom
[06515d6e-f429-4d19-ad71-2f4d7e36deed/build]   | [INFO] Downloaded from central: https://repo.maven.apache.org/maven2/org/junit/junit-bom/5.8.2/junit-bom-5.8.2.pom (5.6 kB at 18 kB/s)
[06515d6e-f429-4d19-ad71-2f4d7e36deed/build]   | [INFO] 
[06515d6e-f429-4d19-ad71-2f4d7e36deed/build]   | [INFO] -----------------------< com.thealgorithms:Java >-----------------------
[06515d6e-f429-4d19-ad71-2f4d7e36deed/build]   | [INFO] Building Java 1.0-SNAPSHOT
[06515d6e-f429-4d19-ad71-2f4d7e36deed/build]   | [INFO]   from pom.xml
[06515d6e-f429-4d19-ad71-2f4d7e36deed/build]   | [INFO] --------------------------------[ jar ]---------------------------------
[06515d6e-f429-4d19-ad71-2f4d7e36deed/build]   | [INFO] Downloading from central: https://repo.maven.apache.org/maven2/org/apache/maven/plugins/maven-resources-plugin/2.6/maven-resources-plugin-2.6.pom
[06515d6e-f429-4d19-ad71-2f4d7e36deed/build]   | [INFO] Downloaded from central: https://repo.maven.apache.org/maven2/org/apache/maven/plugins/maven-resources-plugin/2.6/maven-resources-plugin-2.6.pom (8.1 kB at 270 kB/s)
[06515d6e-f429-4d19-ad71-2f4d7e36deed/build]   | [INFO] Downloading from central: https://repo.maven.apache.org/maven2/org/apache/maven/plugins/maven-plugins/23/maven-plugins-23.pom
[06515d6e-f429-4d19-ad71-2f4d7e36deed/build]   | [INFO] Downloaded from central: https://repo.maven.apache.org/maven2/org/apache/maven/plugins/maven-plugins/23/maven-plugins-23.pom (9.2 kB at 354 kB/s)
[06515d6e-f429-4d19-ad71-2f4d7e36deed/build]   | [INFO] Downloading from central: https://repo.maven.apache.org/maven2/org/apache/maven/maven-parent/22/maven-parent-22.pom
[06515d6e-f429-4d19-ad71-2f4d7e36deed/build]   | [INFO] Downloaded from central: https://repo.maven.apache.org/maven2/org/apache/maven/maven-parent/22/maven-parent-22.pom (30 kB at 661 kB/s)
[06515d6e-f429-4d19-ad71-2f4d7e36deed/build]   | [INFO] Downloading from central: https://repo.maven.apache.org/maven2/org/apache/apache/11/apache-11.pom
[06515d6e-f429-4d19-ad71-2f4d7e36deed/build]   | [INFO] Downloaded from central: https://repo.maven.apache.org/maven2/org/apache/apache/11/apache-11.pom (15 kB at 411 kB/s)
[06515d6e-f429-4d19-ad71-2f4d7e36deed/build]   | [INFO] Downloading from central: https://repo.maven.apache.org/maven2/org/apache/maven/plugins/maven-resources-plugin/2.6/maven-resources-plugin-2.6.jar
[06515d6e-f429-4d19-ad71-2f4d7e36deed/build]   | [INFO] Downloaded from central: https://repo.maven.apache.org/maven2/org/apache/maven/plugins/maven-resources-plugin/2.6/maven-resources-plugin-2.6.jar (30 kB at 568 kB/s)
[06515d6e-f429-4d19-ad71-2f4d7e36deed/build]   | [INFO] Downloading from central: https://repo.maven.apache.org/maven2/org/apache/maven/plugins/maven-compiler-plugin/3.10.1/maven-compiler-plugin-3.10.1.pom
[06515d6e-f429-4d19-ad71-2f4d7e36deed/build]   | [INFO] Downloaded from central: https://repo.maven.apache.org/maven2/org/apache/maven/plugins/maven-compiler-plugin/3.10.1/maven-compiler-plugin-3.10.1.pom (13 kB at 300 kB/s)
[06515d6e-f429-4d19-ad71-2f4d7e36deed/build]   | [INFO] Downloading from central: https://repo.maven.apache.org/maven2/org/apache/maven/plugins/maven-plugins/34/maven-plugins-34.pom
[06515d6e-f429-4d19-ad71-2f4d7e36deed/build]   | [INFO] Downloaded from central: https://repo.maven.apache.org/maven2/org/apache/maven/plugins/maven-plugins/34/maven-plugins-34.pom (11 kB at 289 kB/s)
[06515d6e-f429-4d19-ad71-2f4d7e36deed/build]   | [INFO] Downloading from central: https://repo.maven.apache.org/maven2/org/apache/maven/maven-parent/34/maven-parent-34.pom
[06515d6e-f429-4d19-ad71-2f4d7e36deed/build]   | [INFO] Downloaded from central: https://repo.maven.apache.org/maven2/org/apache/maven/maven-parent/34/maven-parent-34.pom (43 kB at 1.3 MB/s)
[06515d6e-f429-4d19-ad71-2f4d7e36deed/build]   | [INFO] Downloading from central: https://repo.maven.apache.org/maven2/org/apache/apache/23/apache-23.pom
[06515d6e-f429-4d19-ad71-2f4d7e36deed/build]   | [INFO] Downloaded from central: https://repo.maven.apache.org/maven2/org/apache/apache/23/apache-23.pom (18 kB at 709 kB/s)
[06515d6e-f429-4d19-ad71-2f4d7e36deed/build]   | [INFO] Downloading from central: https://repo.maven.apache.org/maven2/org/apache/maven/plugins/maven-compiler-plugin/3.10.1/maven-compiler-plugin-3.10.1.jar
[06515d6e-f429-4d19-ad71-2f4d7e36deed/build]   | [INFO] Downloaded from central: https://repo.maven.apache.org/maven2/org/apache/maven/plugins/maven-compiler-plugin/3.10.1/maven-compiler-plugin-3.10.1.jar (62 kB at 1.8 MB/s)
[06515d6e-f429-4d19-ad71-2f4d7e36deed/build]   | [INFO] Downloading from central: https://repo.maven.apache.org/maven2/org/apache/maven/plugins/maven-surefire-plugin/2.22.2/maven-surefire-plugin-2.22.2.pom
[06515d6e-f429-4d19-ad71-2f4d7e36deed/build]   | [INFO] Downloaded from central: https://repo.maven.apache.org/maven2/org/apache/maven/plugins/maven-surefire-plugin/2.22.2/maven-surefire-plugin-2.22.2.pom (5.0 kB at 178 kB/s)
[06515d6e-f429-4d19-ad71-2f4d7e36deed/build]   | [INFO] Downloading from central: https://repo.maven.apache.org/maven2/org/apache/maven/surefire/surefire/2.22.2/surefire-2.22.2.pom
[06515d6e-f429-4d19-ad71-2f4d7e36deed/build]   | [INFO] Downloaded from central: https://repo.maven.apache.org/maven2/org/apache/maven/surefire/surefire/2.22.2/surefire-2.22.2.pom (26 kB at 1.1 MB/s)
[06515d6e-f429-4d19-ad71-2f4d7e36deed/build]   | [INFO] Downloading from central: https://repo.maven.apache.org/maven2/org/apache/maven/maven-parent/33/maven-parent-33.pom
[06515d6e-f429-4d19-ad71-2f4d7e36deed/build]   | [INFO] Downloaded from central: https://repo.maven.apache.org/maven2/org/apache/maven/maven-parent/33/maven-parent-33.pom (44 kB at 1.6 MB/s)
[06515d6e-f429-4d19-ad71-2f4d7e36deed/build]   | [INFO] Downloading from central: https://repo.maven.apache.org/maven2/org/apache/apache/21/apache-21.pom
[06515d6e-f429-4d19-ad71-2f4d7e36deed/build]   | [INFO] Downloaded from central: https://repo.maven.apache.org/maven2/org/apache/apache/21/apache-21.pom (17 kB at 417 kB/s)
[06515d6e-f429-4d19-ad71-2f4d7e36deed/build]   | [INFO] Downloading from central: https://repo.maven.apache.org/maven2/org/apache/maven/plugins/maven-surefire-plugin/2.22.2/maven-surefire-plugin-2.22.2.jar
[06515d6e-f429-4d19-ad71-2f4d7e36deed/build]   | [INFO] Downloaded from central: https://repo.maven.apache.org/maven2/org/apache/maven/plugins/maven-surefire-plugin/2.22.2/maven-surefire-plugin-2.22.2.jar (41 kB at 737 kB/s)
[06515d6e-f429-4d19-ad71-2f4d7e36deed/build]   | [INFO] Downloading from central: https://repo.maven.apache.org/maven2/org/apache/maven/plugins/maven-jar-plugin/2.4/maven-jar-plugin-2.4.pom
[06515d6e-f429-4d19-ad71-2f4d7e36deed/build]   | [INFO] Downloaded from central: https://repo.maven.apache.org/maven2/org/apache/maven/plugins/maven-jar-plugin/2.4/maven-jar-plugin-2.4.pom (5.8 kB at 265 kB/s)
[06515d6e-f429-4d19-ad71-2f4d7e36deed/build]   | [INFO] Downloading from central: https://repo.maven.apache.org/maven2/org/apache/maven/plugins/maven-plugins/22/maven-plugins-22.pom
[06515d6e-f429-4d19-ad71-2f4d7e36deed/build]   | [INFO] Downloaded from central: https://repo.maven.apache.org/maven2/org/apache/maven/plugins/maven-plugins/22/maven-plugins-22.pom (13 kB at 621 kB/s)
[06515d6e-f429-4d19-ad71-2f4d7e36deed/build]   | [INFO] Downloading from central: https://repo.maven.apache.org/maven2/org/apache/maven/maven-parent/21/maven-parent-21.pom
[06515d6e-f429-4d19-ad71-2f4d7e36deed/build]   | [INFO] Downloaded from central: https://repo.maven.apache.org/maven2/org/apache/maven/maven-parent/21/maven-parent-21.pom (26 kB at 753 kB/s)
[06515d6e-f429-4d19-ad71-2f4d7e36deed/build]   | [INFO] Downloading from central: https://repo.maven.apache.org/maven2/org/apache/apache/10/apache-10.pom
[06515d6e-f429-4d19-ad71-2f4d7e36deed/build]   | [INFO] Downloaded from central: https://repo.maven.apache.org/maven2/org/apache/apache/10/apache-10.pom (15 kB at 344 kB/s)
[06515d6e-f429-4d19-ad71-2f4d7e36deed/build]   | [INFO] Downloading from central: https://repo.maven.apache.org/maven2/org/apache/maven/plugins/maven-jar-plugin/2.4/maven-jar-plugin-2.4.jar
[06515d6e-f429-4d19-ad71-2f4d7e36deed/build]   | [INFO] Downloaded from central: https://repo.maven.apache.org/maven2/org/apache/maven/plugins/maven-jar-plugin/2.4/maven-jar-plugin-2.4.jar (34 kB at 1.3 MB/s)
[06515d6e-f429-4d19-ad71-2f4d7e36deed/build]   | [INFO] Downloading from central: https://repo.maven.apache.org/maven2/org/junit/jupiter/junit-jupiter/5.9.0/junit-jupiter-5.9.0.pom
[06515d6e-f429-4d19-ad71-2f4d7e36deed/build]   | [INFO] Downloaded from central: https://repo.maven.apache.org/maven2/org/junit/jupiter/junit-jupiter/5.9.0/junit-jupiter-5.9.0.pom (3.2 kB at 139 kB/s)
[06515d6e-f429-4d19-ad71-2f4d7e36deed/build]   | [INFO] Downloading from central: https://repo.maven.apache.org/maven2/org/junit/junit-bom/5.9.0/junit-bom-5.9.0.pom
[06515d6e-f429-4d19-ad71-2f4d7e36deed/build]   | [INFO] Downloaded from central: https://repo.maven.apache.org/maven2/org/junit/junit-bom/5.9.0/junit-bom-5.9.0.pom (5.6 kB at 225 kB/s)
[06515d6e-f429-4d19-ad71-2f4d7e36deed/build]   | [INFO] Downloading from central: https://repo.maven.apache.org/maven2/org/junit/jupiter/junit-jupiter-api/5.8.2/junit-jupiter-api-5.8.2.pom
[06515d6e-f429-4d19-ad71-2f4d7e36deed/build]   | [INFO] Downloaded from central: https://repo.maven.apache.org/maven2/org/junit/jupiter/junit-jupiter-api/5.8.2/junit-jupiter-api-5.8.2.pom (3.2 kB at 145 kB/s)
[06515d6e-f429-4d19-ad71-2f4d7e36deed/build]   | [INFO] Downloading from central: https://repo.maven.apache.org/maven2/org/opentest4j/opentest4j/1.2.0/opentest4j-1.2.0.pom
[06515d6e-f429-4d19-ad71-2f4d7e36deed/build]   | [INFO] Downloaded from central: https://repo.maven.apache.org/maven2/org/opentest4j/opentest4j/1.2.0/opentest4j-1.2.0.pom (1.7 kB at 76 kB/s)
[06515d6e-f429-4d19-ad71-2f4d7e36deed/build]   | [INFO] Downloading from central: https://repo.maven.apache.org/maven2/org/junit/platform/junit-platform-commons/1.8.2/junit-platform-commons-1.8.2.pom
[06515d6e-f429-4d19-ad71-2f4d7e36deed/build]   | [INFO] Downloaded from central: https://repo.maven.apache.org/maven2/org/junit/platform/junit-platform-commons/1.8.2/junit-platform-commons-1.8.2.pom (2.8 kB at 123 kB/s)
[06515d6e-f429-4d19-ad71-2f4d7e36deed/build]   | [INFO] Downloading from central: https://repo.maven.apache.org/maven2/org/apiguardian/apiguardian-api/1.1.2/apiguardian-api-1.1.2.pom
[06515d6e-f429-4d19-ad71-2f4d7e36deed/build]   | [INFO] Downloaded from central: https://repo.maven.apache.org/maven2/org/apiguardian/apiguardian-api/1.1.2/apiguardian-api-1.1.2.pom (1.5 kB at 64 kB/s)
[06515d6e-f429-4d19-ad71-2f4d7e36deed/build]   | [INFO] Downloading from central: https://repo.maven.apache.org/maven2/org/junit/jupiter/junit-jupiter-params/5.8.2/junit-jupiter-params-5.8.2.pom
[06515d6e-f429-4d19-ad71-2f4d7e36deed/build]   | [INFO] Downloaded from central: https://repo.maven.apache.org/maven2/org/junit/jupiter/junit-jupiter-params/5.8.2/junit-jupiter-params-5.8.2.pom (3.0 kB at 131 kB/s)
[06515d6e-f429-4d19-ad71-2f4d7e36deed/build]   | [INFO] Downloading from central: https://repo.maven.apache.org/maven2/org/junit/jupiter/junit-jupiter-engine/5.8.2/junit-jupiter-engine-5.8.2.pom
[06515d6e-f429-4d19-ad71-2f4d7e36deed/build]   | [INFO] Downloaded from central: https://repo.maven.apache.org/maven2/org/junit/jupiter/junit-jupiter-engine/5.8.2/junit-jupiter-engine-5.8.2.pom (3.2 kB at 145 kB/s)
[06515d6e-f429-4d19-ad71-2f4d7e36deed/build]   | [INFO] Downloading from central: https://repo.maven.apache.org/maven2/org/junit/platform/junit-platform-engine/1.8.2/junit-platform-engine-1.8.2.pom
[06515d6e-f429-4d19-ad71-2f4d7e36deed/build]   | [INFO] Downloaded from central: https://repo.maven.apache.org/maven2/org/junit/platform/junit-platform-engine/1.8.2/junit-platform-engine-1.8.2.pom (3.2 kB at 139 kB/s)
[06515d6e-f429-4d19-ad71-2f4d7e36deed/build]   | [INFO] Downloading from central: https://repo.maven.apache.org/maven2/org/assertj/assertj-core/3.23.1/assertj-core-3.23.1.pom
[06515d6e-f429-4d19-ad71-2f4d7e36deed/build]   | [INFO] Downloaded from central: https://repo.maven.apache.org/maven2/org/assertj/assertj-core/3.23.1/assertj-core-3.23.1.pom (24 kB at 943 kB/s)
[06515d6e-f429-4d19-ad71-2f4d7e36deed/build]   | [INFO] Downloading from central: https://repo.maven.apache.org/maven2/org/assertj/assertj-parent-pom/2.2.17/assertj-parent-pom-2.2.17.pom
[06515d6e-f429-4d19-ad71-2f4d7e36deed/build]   | [INFO] Downloaded from central: https://repo.maven.apache.org/maven2/org/assertj/assertj-parent-pom/2.2.17/assertj-parent-pom-2.2.17.pom (24 kB at 552 kB/s)
[06515d6e-f429-4d19-ad71-2f4d7e36deed/build]   | [INFO] Downloading from central: https://repo.maven.apache.org/maven2/org/mockito/mockito-bom/4.5.1/mockito-bom-4.5.1.pom
[06515d6e-f429-4d19-ad71-2f4d7e36deed/build]   | [INFO] Downloaded from central: https://repo.maven.apache.org/maven2/org/mockito/mockito-bom/4.5.1/mockito-bom-4.5.1.pom (3.0 kB at 73 kB/s)
[06515d6e-f429-4d19-ad71-2f4d7e36deed/build]   | [INFO] Downloading from central: https://repo.maven.apache.org/maven2/net/bytebuddy/byte-buddy/1.12.10/byte-buddy-1.12.10.pom
[06515d6e-f429-4d19-ad71-2f4d7e36deed/build]   | [INFO] Downloaded from central: https://repo.maven.apache.org/maven2/net/bytebuddy/byte-buddy/1.12.10/byte-buddy-1.12.10.pom (17 kB at 692 kB/s)
[06515d6e-f429-4d19-ad71-2f4d7e36deed/build]   | [INFO] Downloading from central: https://repo.maven.apache.org/maven2/net/bytebuddy/byte-buddy-parent/1.12.10/byte-buddy-parent-1.12.10.pom
[06515d6e-f429-4d19-ad71-2f4d7e36deed/build]   | [INFO] Downloaded from central: https://repo.maven.apache.org/maven2/net/bytebuddy/byte-buddy-parent/1.12.10/byte-buddy-parent-1.12.10.pom (45 kB at 1.7 MB/s)
[06515d6e-f429-4d19-ad71-2f4d7e36deed/build]   | [INFO] Downloading from central: https://repo.maven.apache.org/maven2/org/junit/jupiter/junit-jupiter-api/5.9.0/junit-jupiter-api-5.9.0.pom
[06515d6e-f429-4d19-ad71-2f4d7e36deed/build]   | [INFO] Downloaded from central: https://repo.maven.apache.org/maven2/org/junit/jupiter/junit-jupiter-api/5.9.0/junit-jupiter-api-5.9.0.pom (3.2 kB at 138 kB/s)
[06515d6e-f429-4d19-ad71-2f4d7e36deed/build]   | [INFO] Downloading from central: https://repo.maven.apache.org/maven2/org/junit/jupiter/junit-jupiter/5.9.0/junit-jupiter-5.9.0.jar
[06515d6e-f429-4d19-ad71-2f4d7e36deed/build]   | [INFO] Downloading from central: https://repo.maven.apache.org/maven2/org/junit/jupiter/junit-jupiter-params/5.8.2/junit-jupiter-params-5.8.2.jar
[06515d6e-f429-4d19-ad71-2f4d7e36deed/build]   | [INFO] Downloading from central: https://repo.maven.apache.org/maven2/org/junit/jupiter/junit-jupiter-engine/5.8.2/junit-jupiter-engine-5.8.2.jar
[06515d6e-f429-4d19-ad71-2f4d7e36deed/build]   | [INFO] Downloading from central: https://repo.maven.apache.org/maven2/org/junit/platform/junit-platform-engine/1.8.2/junit-platform-engine-1.8.2.jar
[06515d6e-f429-4d19-ad71-2f4d7e36deed/build]   | [INFO] Downloading from central: https://repo.maven.apache.org/maven2/org/assertj/assertj-core/3.23.1/assertj-core-3.23.1.jar
[06515d6e-f429-4d19-ad71-2f4d7e36deed/build]   | [INFO] Downloaded from central: https://repo.maven.apache.org/maven2/org/junit/jupiter/junit-jupiter/5.9.0/junit-jupiter-5.9.0.jar (6.4 kB at 83 kB/s)
[06515d6e-f429-4d19-ad71-2f4d7e36deed/build]   | [INFO] Downloading from central: https://repo.maven.apache.org/maven2/net/bytebuddy/byte-buddy/1.12.10/byte-buddy-1.12.10.jar
[06515d6e-f429-4d19-ad71-2f4d7e36deed/build]   | [INFO] Downloaded from central: https://repo.maven.apache.org/maven2/org/junit/platform/junit-platform-engine/1.8.2/junit-platform-engine-1.8.2.jar (186 kB at 2.0 MB/s)
[06515d6e-f429-4d19-ad71-2f4d7e36deed/build]   | [INFO] Downloading from central: https://repo.maven.apache.org/maven2/org/junit/jupiter/junit-jupiter-api/5.9.0/junit-jupiter-api-5.9.0.jar
[06515d6e-f429-4d19-ad71-2f4d7e36deed/build]   | [INFO] Downloaded from central: https://repo.maven.apache.org/maven2/org/junit/jupiter/junit-jupiter-engine/5.8.2/junit-jupiter-engine-5.8.2.jar (230 kB at 2.3 MB/s)
[06515d6e-f429-4d19-ad71-2f4d7e36deed/build]   | [INFO] Downloading from central: https://repo.maven.apache.org/maven2/org/opentest4j/opentest4j/1.2.0/opentest4j-1.2.0.jar
[06515d6e-f429-4d19-ad71-2f4d7e36deed/build]   | [INFO] Downloaded from central: https://repo.maven.apache.org/maven2/org/junit/jupiter/junit-jupiter-params/5.8.2/junit-jupiter-params-5.8.2.jar (577 kB at 4.5 MB/s)
[06515d6e-f429-4d19-ad71-2f4d7e36deed/build]   | [INFO] Downloading from central: https://repo.maven.apache.org/maven2/org/junit/platform/junit-platform-commons/1.8.2/junit-platform-commons-1.8.2.jar
[06515d6e-f429-4d19-ad71-2f4d7e36deed/build]   | [INFO] Downloaded from central: https://repo.maven.apache.org/maven2/org/opentest4j/opentest4j/1.2.0/opentest4j-1.2.0.jar (7.7 kB at 54 kB/s)
[06515d6e-f429-4d19-ad71-2f4d7e36deed/build]   | [INFO] Downloading from central: https://repo.maven.apache.org/maven2/org/apiguardian/apiguardian-api/1.1.2/apiguardian-api-1.1.2.jar
[06515d6e-f429-4d19-ad71-2f4d7e36deed/build]   | [INFO] Downloaded from central: https://repo.maven.apache.org/maven2/org/junit/jupiter/junit-jupiter-api/5.9.0/junit-jupiter-api-5.9.0.jar (203 kB at 1.4 MB/s)
[06515d6e-f429-4d19-ad71-2f4d7e36deed/build]   | [INFO] Downloaded from central: https://repo.maven.apache.org/maven2/org/junit/platform/junit-platform-commons/1.8.2/junit-platform-commons-1.8.2.jar (100 kB at 636 kB/s)
[06515d6e-f429-4d19-ad71-2f4d7e36deed/build]   | [INFO] Downloaded from central: https://repo.maven.apache.org/maven2/org/apiguardian/apiguardian-api/1.1.2/apiguardian-api-1.1.2.jar (6.8 kB at 41 kB/s)
[06515d6e-f429-4d19-ad71-2f4d7e36deed/build]   | [INFO] Downloaded from central: https://repo.maven.apache.org/maven2/org/assertj/assertj-core/3.23.1/assertj-core-3.23.1.jar (1.2 MB at 6.3 MB/s)
[06515d6e-f429-4d19-ad71-2f4d7e36deed/build]   | [INFO] Downloaded from central: https://repo.maven.apache.org/maven2/net/bytebuddy/byte-buddy/1.12.10/byte-buddy-1.12.10.jar (3.8 MB at 18 MB/s)
[06515d6e-f429-4d19-ad71-2f4d7e36deed/build]   | [INFO] 
[06515d6e-f429-4d19-ad71-2f4d7e36deed/build]   | [INFO] --- maven-resources-plugin:2.6:resources (default-resources) @ Java ---
[06515d6e-f429-4d19-ad71-2f4d7e36deed/build]   | [INFO] Downloading from central: https://repo.maven.apache.org/maven2/org/apache/maven/maven-plugin-api/2.0.6/maven-plugin-api-2.0.6.pom
[06515d6e-f429-4d19-ad71-2f4d7e36deed/build]   | [INFO] Downloaded from central: https://repo.maven.apache.org/maven2/org/apache/maven/maven-plugin-api/2.0.6/maven-plugin-api-2.0.6.pom (1.5 kB at 104 kB/s)
[06515d6e-f429-4d19-ad71-2f4d7e36deed/build]   | [INFO] Downloading from central: https://repo.maven.apache.org/maven2/org/apache/maven/maven/2.0.6/maven-2.0.6.pom
[06515d6e-f429-4d19-ad71-2f4d7e36deed/build]   | [INFO] Downloaded from central: https://repo.maven.apache.org/maven2/org/apache/maven/maven/2.0.6/maven-2.0.6.pom (9.0 kB at 603 kB/s)
[06515d6e-f429-4d19-ad71-2f4d7e36deed/build]   | [INFO] Downloading from central: https://repo.maven.apache.org/maven2/org/apache/maven/maven-parent/5/maven-parent-5.pom
[06515d6e-f429-4d19-ad71-2f4d7e36deed/build]   | [INFO] Downloaded from central: https://repo.maven.apache.org/maven2/org/apache/maven/maven-parent/5/maven-parent-5.pom (15 kB at 1.0 MB/s)
[06515d6e-f429-4d19-ad71-2f4d7e36deed/build]   | [INFO] Downloading from central: https://repo.maven.apache.org/maven2/org/apache/apache/3/apache-3.pom
[06515d6e-f429-4d19-ad71-2f4d7e36deed/build]   | [INFO] Downloaded from central: https://repo.maven.apache.org/maven2/org/apache/apache/3/apache-3.pom (3.4 kB at 245 kB/s)
[06515d6e-f429-4d19-ad71-2f4d7e36deed/build]   | [INFO] Downloading from central: https://repo.maven.apache.org/maven2/org/apache/maven/maven-project/2.0.6/maven-project-2.0.6.pom
[06515d6e-f429-4d19-ad71-2f4d7e36deed/build]   | [INFO] Downloaded from central: https://repo.maven.apache.org/maven2/org/apache/maven/maven-project/2.0.6/maven-project-2.0.6.pom (2.6 kB at 176 kB/s)
[06515d6e-f429-4d19-ad71-2f4d7e36deed/build]   | [INFO] Downloading from central: https://repo.maven.apache.org/maven2/org/apache/maven/maven-settings/2.0.6/maven-settings-2.0.6.pom
[06515d6e-f429-4d19-ad71-2f4d7e36deed/build]   | [INFO] Downloaded from central: https://repo.maven.apache.org/maven2/org/apache/maven/maven-settings/2.0.6/maven-settings-2.0.6.pom (2.0 kB at 133 kB/s)
[06515d6e-f429-4d19-ad71-2f4d7e36deed/build]   | [INFO] Downloading from central: https://repo.maven.apache.org/maven2/org/apache/maven/maven-model/2.0.6/maven-model-2.0.6.pom
[06515d6e-f429-4d19-ad71-2f4d7e36deed/build]   | [INFO] Downloaded from central: https://repo.maven.apache.org/maven2/org/apache/maven/maven-model/2.0.6/maven-model-2.0.6.pom (3.0 kB at 218 kB/s)
[06515d6e-f429-4d19-ad71-2f4d7e36deed/build]   | [INFO] Downloading from central: https://repo.maven.apache.org/maven2/org/codehaus/plexus/plexus-utils/1.4.1/plexus-utils-1.4.1.pom
[06515d6e-f429-4d19-ad71-2f4d7e36deed/build]   | [INFO] Downloaded from central: https://repo.maven.apache.org/maven2/org/codehaus/plexus/plexus-utils/1.4.1/plexus-utils-1.4.1.pom (1.9 kB at 119 kB/s)
[06515d6e-f429-4d19-ad71-2f4d7e36deed/build]   | [INFO] Downloading from central: https://repo.maven.apache.org/maven2/org/codehaus/plexus/plexus/1.0.11/plexus-1.0.11.pom
[06515d6e-f429-4d19-ad71-2f4d7e36deed/build]   | [INFO] Downloaded from central: https://repo.maven.apache.org/maven2/org/codehaus/plexus/plexus/1.0.11/plexus-1.0.11.pom (9.0 kB at 561 kB/s)
[06515d6e-f429-4d19-ad71-2f4d7e36deed/build]   | [INFO] Downloading from central: https://repo.maven.apache.org/maven2/org/codehaus/plexus/plexus-container-default/1.0-alpha-9-stable-1/plexus-container-default-1.0-alpha-9-stable-1.pom
[06515d6e-f429-4d19-ad71-2f4d7e36deed/build]   | [INFO] Downloaded from central: https://repo.maven.apache.org/maven2/org/codehaus/plexus/plexus-container-default/1.0-alpha-9-stable-1/plexus-container-default-1.0-alpha-9-stable-1.pom (3.9 kB at 263 kB/s)
[06515d6e-f429-4d19-ad71-2f4d7e36deed/build]   | [INFO] Downloading from central: https://repo.maven.apache.org/maven2/org/codehaus/plexus/plexus-containers/1.0.3/plexus-containers-1.0.3.pom
[06515d6e-f429-4d19-ad71-2f4d7e36deed/build]   | [INFO] Downloaded from central: https://repo.maven.apache.org/maven2/org/codehaus/plexus/plexus-containers/1.0.3/plexus-containers-1.0.3.pom (492 B at 29 kB/s)
[06515d6e-f429-4d19-ad71-2f4d7e36deed/build]   | [INFO] Downloading from central: https://repo.maven.apache.org/maven2/org/codehaus/plexus/plexus/1.0.4/plexus-1.0.4.pom
[06515d6e-f429-4d19-ad71-2f4d7e36deed/build]   | [INFO] Downloaded from central: https://repo.maven.apache.org/maven2/org/codehaus/plexus/plexus/1.0.4/plexus-1.0.4.pom (5.7 kB at 382 kB/s)
[06515d6e-f429-4d19-ad71-2f4d7e36deed/build]   | [INFO] Downloading from central: https://repo.maven.apache.org/maven2/junit/junit/3.8.1/junit-3.8.1.pom
[06515d6e-f429-4d19-ad71-2f4d7e36deed/build]   | [INFO] Downloaded from central: https://repo.maven.apache.org/maven2/junit/junit/3.8.1/junit-3.8.1.pom (998 B at 62 kB/s)
[06515d6e-f429-4d19-ad71-2f4d7e36deed/build]   | [INFO] Downloading from central: https://repo.maven.apache.org/maven2/org/codehaus/plexus/plexus-utils/1.0.4/plexus-utils-1.0.4.pom
[06515d6e-f429-4d19-ad71-2f4d7e36deed/build]   | [INFO] Downloaded from central: https://repo.maven.apache.org/maven2/org/codehaus/plexus/plexus-utils/1.0.4/plexus-utils-1.0.4.pom (6.9 kB at 403 kB/s)
[06515d6e-f429-4d19-ad71-2f4d7e36deed/build]   | [INFO] Downloading from central: https://repo.maven.apache.org/maven2/classworlds/classworlds/1.1-alpha-2/classworlds-1.1-alpha-2.pom
[06515d6e-f429-4d19-ad71-2f4d7e36deed/build]   | [INFO] Downloaded from central: https://repo.maven.apache.org/maven2/classworlds/classworlds/1.1-alpha-2/classworlds-1.1-alpha-2.pom (3.1 kB at 73 kB/s)
[06515d6e-f429-4d19-ad71-2f4d7e36deed/build]   | [INFO] Downloading from central: https://repo.maven.apache.org/maven2/org/apache/maven/maven-profile/2.0.6/maven-profile-2.0.6.pom
[06515d6e-f429-4d19-ad71-2f4d7e36deed/build]   | [INFO] Downloaded from central: https://repo.maven.apache.org/maven2/org/apache/maven/maven-profile/2.0.6/maven-profile-2.0.6.pom (2.0 kB at 54 kB/s)
[06515d6e-f429-4d19-ad71-2f4d7e36deed/build]   | [INFO] Downloading from central: https://repo.maven.apache.org/maven2/org/apache/maven/maven-artifact-manager/2.0.6/maven-artifact-manager-2.0.6.pom
[06515d6e-f429-4d19-ad71-2f4d7e36deed/build]   | [INFO] Downloaded from central: https://repo.maven.apache.org/maven2/org/apache/maven/maven-artifact-manager/2.0.6/maven-artifact-manager-2.0.6.pom (2.6 kB at 87 kB/s)
[06515d6e-f429-4d19-ad71-2f4d7e36deed/build]   | [INFO] Downloading from central: https://repo.maven.apache.org/maven2/org/apache/maven/maven-repository-metadata/2.0.6/maven-repository-metadata-2.0.6.pom
[06515d6e-f429-4d19-ad71-2f4d7e36deed/build]   | [INFO] Downloaded from central: https://repo.maven.apache.org/maven2/org/apache/maven/maven-repository-metadata/2.0.6/maven-repository-metadata-2.0.6.pom (1.9 kB at 80 kB/s)
[06515d6e-f429-4d19-ad71-2f4d7e36deed/build]   | [INFO] Downloading from central: https://repo.maven.apache.org/maven2/org/apache/maven/maven-artifact/2.0.6/maven-artifact-2.0.6.pom
[06515d6e-f429-4d19-ad71-2f4d7e36deed/build]   | [INFO] Downloaded from central: https://repo.maven.apache.org/maven2/org/apache/maven/maven-artifact/2.0.6/maven-artifact-2.0.6.pom (1.6 kB at 56 kB/s)
[06515d6e-f429-4d19-ad71-2f4d7e36deed/build]   | [INFO] Downloading from central: https://repo.maven.apache.org/maven2/org/apache/maven/maven-plugin-registry/2.0.6/maven-plugin-registry-2.0.6.pom
[06515d6e-f429-4d19-ad71-2f4d7e36deed/build]   | [INFO] Downloaded from central: https://repo.maven.apache.org/maven2/org/apache/maven/maven-plugin-registry/2.0.6/maven-plugin-registry-2.0.6.pom (1.9 kB at 61 kB/s)
[06515d6e-f429-4d19-ad71-2f4d7e36deed/build]   | [INFO] Downloading from central: https://repo.maven.apache.org/maven2/org/apache/maven/maven-core/2.0.6/maven-core-2.0.6.pom
[06515d6e-f429-4d19-ad71-2f4d7e36deed/build]   | [INFO] Downloaded from central: https://repo.maven.apache.org/maven2/org/apache/maven/maven-core/2.0.6/maven-core-2.0.6.pom (6.7 kB at 186 kB/s)
[06515d6e-f429-4d19-ad71-2f4d7e36deed/build]   | [INFO] Downloading from central: https://repo.maven.apache.org/maven2/org/apache/maven/maven-plugin-parameter-documenter/2.0.6/maven-plugin-parameter-documenter-2.0.6.pom
[06515d6e-f429-4d19-ad71-2f4d7e36deed/build]   | [INFO] Downloaded from central: https://repo.maven.apache.org/maven2/org/apache/maven/maven-plugin-parameter-documenter/2.0.6/maven-plugin-parameter-documenter-2.0.6.pom (1.9 kB at 44 kB/s)
[06515d6e-f429-4d19-ad71-2f4d7e36deed/build]   | [INFO] Downloading from central: https://repo.maven.apache.org/maven2/org/apache/maven/reporting/maven-reporting-api/2.0.6/maven-reporting-api-2.0.6.pom
[06515d6e-f429-4d19-ad71-2f4d7e36deed/build]   | [INFO] Downloaded from central: https://repo.maven.apache.org/maven2/org/apache/maven/reporting/maven-reporting-api/2.0.6/maven-reporting-api-2.0.6.pom (1.8 kB at 44 kB/s)
[06515d6e-f429-4d19-ad71-2f4d7e36deed/build]   | [INFO] Downloading from central: https://repo.maven.apache.org/maven2/org/apache/maven/reporting/maven-reporting/2.0.6/maven-reporting-2.0.6.pom
[06515d6e-f429-4d19-ad71-2f4d7e36deed/build]   | [INFO] Downloaded from central: https://repo.maven.apache.org/maven2/org/apache/maven/reporting/maven-reporting/2.0.6/maven-reporting-2.0.6.pom (1.4 kB at 63 kB/s)
[06515d6e-f429-4d19-ad71-2f4d7e36deed/build]   | [INFO] Downloading from central: https://repo.maven.apache.org/maven2/org/apache/maven/doxia/doxia-sink-api/1.0-alpha-7/doxia-sink-api-1.0-alpha-7.pom
[06515d6e-f429-4d19-ad71-2f4d7e36deed/build]   | [INFO] Downloaded from central: https://repo.maven.apache.org/maven2/org/apache/maven/doxia/doxia-sink-api/1.0-alpha-7/doxia-sink-api-1.0-alpha-7.pom (424 B at 11 kB/s)
[06515d6e-f429-4d19-ad71-2f4d7e36deed/build]   | [INFO] Downloading from central: https://repo.maven.apache.org/maven2/org/apache/maven/doxia/doxia/1.0-alpha-7/doxia-1.0-alpha-7.pom
[06515d6e-f429-4d19-ad71-2f4d7e36deed/build]   | [INFO] Downloaded from central: https://repo.maven.apache.org/maven2/org/apache/maven/doxia/doxia/1.0-alpha-7/doxia-1.0-alpha-7.pom (3.9 kB at 83 kB/s)
[06515d6e-f429-4d19-ad71-2f4d7e36deed/build]   | [INFO] Downloading from central: https://repo.maven.apache.org/maven2/org/apache/maven/maven-error-diagnostics/2.0.6/maven-error-diagnostics-2.0.6.pom
[06515d6e-f429-4d19-ad71-2f4d7e36deed/build]   | [INFO] Downloaded from central: https://repo.maven.apache.org/maven2/org/apache/maven/maven-error-diagnostics/2.0.6/maven-error-diagnostics-2.0.6.pom (1.7 kB at 68 kB/s)
[06515d6e-f429-4d19-ad71-2f4d7e36deed/build]   | [INFO] Downloading from central: https://repo.maven.apache.org/maven2/commons-cli/commons-cli/1.0/commons-cli-1.0.pom
[06515d6e-f429-4d19-ad71-2f4d7e36deed/build]   | [INFO] Downloaded from central: https://repo.maven.apache.org/maven2/commons-cli/commons-cli/1.0/commons-cli-1.0.pom (2.1 kB at 81 kB/s)
[06515d6e-f429-4d19-ad71-2f4d7e36deed/build]   | [INFO] Downloading from central: https://repo.maven.apache.org/maven2/org/apache/maven/maven-plugin-descriptor/2.0.6/maven-plugin-descriptor-2.0.6.pom
[06515d6e-f429-4d19-ad71-2f4d7e36deed/build]   | [INFO] Downloaded from central: https://repo.maven.apache.org/maven2/org/apache/maven/maven-plugin-descriptor/2.0.6/maven-plugin-descriptor-2.0.6.pom (2.0 kB at 46 kB/s)
[06515d6e-f429-4d19-ad71-2f4d7e36deed/build]   | [INFO] Downloading from central: https://repo.maven.apache.org/maven2/org/codehaus/plexus/plexus-interactivity-api/1.0-alpha-4/plexus-interactivity-api-1.0-alpha-4.pom
[06515d6e-f429-4d19-ad71-2f4d7e36deed/build]   | [INFO] Downloaded from central: https://repo.maven.apache.org/maven2/org/codehaus/plexus/plexus-interactivity-api/1.0-alpha-4/plexus-interactivity-api-1.0-alpha-4.pom (7.1 kB at 104 kB/s)
[06515d6e-f429-4d19-ad71-2f4d7e36deed/build]   | [INFO] Downloading from central: https://repo.maven.apache.org/maven2/org/apache/maven/maven-monitor/2.0.6/maven-monitor-2.0.6.pom
[06515d6e-f429-4d19-ad71-2f4d7e36deed/build]   | [INFO] Downloaded from central: https://repo.maven.apache.org/maven2/org/apache/maven/maven-monitor/2.0.6/maven-monitor-2.0.6.pom (1.3 kB at 52 kB/s)
[06515d6e-f429-4d19-ad71-2f4d7e36deed/build]   | [INFO] Downloading from central: https://repo.maven.apache.org/maven2/classworlds/classworlds/1.1/classworlds-1.1.pom
[06515d6e-f429-4d19-ad71-2f4d7e36deed/build]   | [INFO] Downloaded from central: https://repo.maven.apache.org/maven2/classworlds/classworlds/1.1/classworlds-1.1.pom (3.3 kB at 107 kB/s)
[06515d6e-f429-4d19-ad71-2f4d7e36deed/build]   | [INFO] Downloading from central: https://repo.maven.apache.org/maven2/org/codehaus/plexus/plexus-utils/2.0.5/plexus-utils-2.0.5.pom
[06515d6e-f429-4d19-ad71-2f4d7e36deed/build]   | [INFO] Downloaded from central: https://repo.maven.apache.org/maven2/org/codehaus/plexus/plexus-utils/2.0.5/plexus-utils-2.0.5.pom (3.3 kB at 61 kB/s)
[06515d6e-f429-4d19-ad71-2f4d7e36deed/build]   | [INFO] Downloading from central: https://repo.maven.apache.org/maven2/org/codehaus/plexus/plexus/2.0.6/plexus-2.0.6.pom
[06515d6e-f429-4d19-ad71-2f4d7e36deed/build]   | [INFO] Downloaded from central: https://repo.maven.apache.org/maven2/org/codehaus/plexus/plexus/2.0.6/plexus-2.0.6.pom (17 kB at 578 kB/s)
[06515d6e-f429-4d19-ad71-2f4d7e36deed/build]   | [INFO] Downloading from central: https://repo.maven.apache.org/maven2/org/apache/maven/shared/maven-filtering/1.1/maven-filtering-1.1.pom
[06515d6e-f429-4d19-ad71-2f4d7e36deed/build]   | [INFO] Downloaded from central: https://repo.maven.apache.org/maven2/org/apache/maven/shared/maven-filtering/1.1/maven-filtering-1.1.pom (5.8 kB at 95 kB/s)
[06515d6e-f429-4d19-ad71-2f4d7e36deed/build]   | [INFO] Downloading from central: https://repo.maven.apache.org/maven2/org/apache/maven/shared/maven-shared-components/17/maven-shared-components-17.pom
[06515d6e-f429-4d19-ad71-2f4d7e36deed/build]   | [INFO] Downloaded from central: https://repo.maven.apache.org/maven2/org/apache/maven/shared/maven-shared-components/17/maven-shared-components-17.pom (8.7 kB at 363 kB/s)
[06515d6e-f429-4d19-ad71-2f4d7e36deed/build]   | [INFO] Downloading from central: https://repo.maven.apache.org/maven2/org/codehaus/plexus/plexus-utils/1.5.15/plexus-utils-1.5.15.pom
[06515d6e-f429-4d19-ad71-2f4d7e36deed/build]   | [INFO] Downloaded from central: https://repo.maven.apache.org/maven2/org/codehaus/plexus/plexus-utils/1.5.15/plexus-utils-1.5.15.pom (6.8 kB at 254 kB/s)
[06515d6e-f429-4d19-ad71-2f4d7e36deed/build]   | [INFO] Downloading from central: https://repo.maven.apache.org/maven2/org/codehaus/plexus/plexus/2.0.2/plexus-2.0.2.pom
[06515d6e-f429-4d19-ad71-2f4d7e36deed/build]   | [INFO] Downloaded from central: https://repo.maven.apache.org/maven2/org/codehaus/plexus/plexus/2.0.2/plexus-2.0.2.pom (12 kB at 415 kB/s)
[06515d6e-f429-4d19-ad71-2f4d7e36deed/build]   | [INFO] Downloading from central: https://repo.maven.apache.org/maven2/org/codehaus/plexus/plexus-interpolation/1.12/plexus-interpolation-1.12.pom
[06515d6e-f429-4d19-ad71-2f4d7e36deed/build]   | [INFO] Downloaded from central: https://repo.maven.apache.org/maven2/org/codehaus/plexus/plexus-interpolation/1.12/plexus-interpolation-1.12.pom (889 B at 15 kB/s)
[06515d6e-f429-4d19-ad71-2f4d7e36deed/build]   | [INFO] Downloading from central: https://repo.maven.apache.org/maven2/org/codehaus/plexus/plexus-components/1.1.14/plexus-components-1.1.14.pom
[06515d6e-f429-4d19-ad71-2f4d7e36deed/build]   | [INFO] Downloaded from central: https://repo.maven.apache.org/maven2/org/codehaus/plexus/plexus-components/1.1.14/plexus-components-1.1.14.pom (5.8 kB at 117 kB/s)
[06515d6e-f429-4d19-ad71-2f4d7e36deed/build]   | [INFO] Downloading from central: https://repo.maven.apache.org/maven2/org/sonatype/plexus/plexus-build-api/0.0.4/plexus-build-api-0.0.4.pom
[06515d6e-f429-4d19-ad71-2f4d7e36deed/build]   | [INFO] Downloaded from central: https://repo.maven.apache.org/maven2/org/sonatype/plexus/plexus-build-api/0.0.4/plexus-build-api-0.0.4.pom (2.9 kB at 106 kB/s)
[06515d6e-f429-4d19-ad71-2f4d7e36deed/build]   | [INFO] Downloading from central: https://repo.maven.apache.org/maven2/org/sonatype/spice/spice-parent/10/spice-parent-10.pom
[06515d6e-f429-4d19-ad71-2f4d7e36deed/build]   | [INFO] Downloaded from central: https://repo.maven.apache.org/maven2/org/sonatype/spice/spice-parent/10/spice-parent-10.pom (3.0 kB at 112 kB/s)
[06515d6e-f429-4d19-ad71-2f4d7e36deed/build]   | [INFO] Downloading from central: https://repo.maven.apache.org/maven2/org/sonatype/forge/forge-parent/3/forge-parent-3.pom
[06515d6e-f429-4d19-ad71-2f4d7e36deed/build]   | [INFO] Downloaded from central: https://repo.maven.apache.org/maven2/org/sonatype/forge/forge-parent/3/forge-parent-3.pom (5.0 kB at 132 kB/s)
[06515d6e-f429-4d19-ad71-2f4d7e36deed/build]   | [INFO] Downloading from central: https://repo.maven.apache.org/maven2/org/codehaus/plexus/plexus-utils/1.5.8/plexus-utils-1.5.8.pom
[06515d6e-f429-4d19-ad71-2f4d7e36deed/build]   | [INFO] Downloaded from central: https://repo.maven.apache.org/maven2/org/codehaus/plexus/plexus-utils/1.5.8/plexus-utils-1.5.8.pom (8.1 kB at 336 kB/s)
[06515d6e-f429-4d19-ad71-2f4d7e36deed/build]   | [INFO] Downloading from central: https://repo.maven.apache.org/maven2/org/codehaus/plexus/plexus-interpolation/1.13/plexus-interpolation-1.13.pom
[06515d6e-f429-4d19-ad71-2f4d7e36deed/build]   | [INFO] Downloaded from central: https://repo.maven.apache.org/maven2/org/codehaus/plexus/plexus-interpolation/1.13/plexus-interpolation-1.13.pom (890 B at 37 kB/s)
[06515d6e-f429-4d19-ad71-2f4d7e36deed/build]   | [INFO] Downloading from central: https://repo.maven.apache.org/maven2/org/codehaus/plexus/plexus-components/1.1.15/plexus-components-1.1.15.pom
[06515d6e-f429-4d19-ad71-2f4d7e36deed/build]   | [INFO] Downloaded from central: https://repo.maven.apache.org/maven2/org/codehaus/plexus/plexus-components/1.1.15/plexus-components-1.1.15.pom (2.8 kB at 119 kB/s)
[06515d6e-f429-4d19-ad71-2f4d7e36deed/build]   | [INFO] Downloading from central: https://repo.maven.apache.org/maven2/org/codehaus/plexus/plexus/2.0.3/plexus-2.0.3.pom
[06515d6e-f429-4d19-ad71-2f4d7e36deed/build]   | [INFO] Downloaded from central: https://repo.maven.apache.org/maven2/org/codehaus/plexus/plexus/2.0.3/plexus-2.0.3.pom (15 kB at 736 kB/s)
[06515d6e-f429-4d19-ad71-2f4d7e36deed/build]   | [INFO] Downloading from central: https://repo.maven.apache.org/maven2/org/apache/maven/maven-plugin-api/2.0.6/maven-plugin-api-2.0.6.jar
[06515d6e-f429-4d19-ad71-2f4d7e36deed/build]   | [INFO] Downloading from central: https://repo.maven.apache.org/maven2/org/apache/maven/maven-project/2.0.6/maven-project-2.0.6.jar
[06515d6e-f429-4d19-ad71-2f4d7e36deed/build]   | [INFO] Downloading from central: https://repo.maven.apache.org/maven2/org/apache/maven/maven-profile/2.0.6/maven-profile-2.0.6.jar
[06515d6e-f429-4d19-ad71-2f4d7e36deed/build]   | [INFO] Downloading from central: https://repo.maven.apache.org/maven2/org/apache/maven/maven-artifact-manager/2.0.6/maven-artifact-manager-2.0.6.jar
[06515d6e-f429-4d19-ad71-2f4d7e36deed/build]   | [INFO] Downloading from central: https://repo.maven.apache.org/maven2/org/apache/maven/maven-plugin-registry/2.0.6/maven-plugin-registry-2.0.6.jar
[06515d6e-f429-4d19-ad71-2f4d7e36deed/build]   | [INFO] Downloaded from central: https://repo.maven.apache.org/maven2/org/apache/maven/maven-plugin-api/2.0.6/maven-plugin-api-2.0.6.jar (13 kB at 476 kB/s)
[06515d6e-f429-4d19-ad71-2f4d7e36deed/build]   | [INFO] Downloading from central: https://repo.maven.apache.org/maven2/org/apache/maven/maven-core/2.0.6/maven-core-2.0.6.jar
[06515d6e-f429-4d19-ad71-2f4d7e36deed/build]   | [INFO] Downloaded from central: https://repo.maven.apache.org/maven2/org/apache/maven/maven-profile/2.0.6/maven-profile-2.0.6.jar (35 kB at 1.3 MB/s)
[06515d6e-f429-4d19-ad71-2f4d7e36deed/build]   | [INFO] Downloading from central: https://repo.maven.apache.org/maven2/org/apache/maven/maven-plugin-parameter-documenter/2.0.6/maven-plugin-parameter-documenter-2.0.6.jar
[06515d6e-f429-4d19-ad71-2f4d7e36deed/build]   | [INFO] Downloaded from central: https://repo.maven.apache.org/maven2/org/apache/maven/maven-artifact-manager/2.0.6/maven-artifact-manager-2.0.6.jar (57 kB at 1.9 MB/s)
[06515d6e-f429-4d19-ad71-2f4d7e36deed/build]   | [INFO] Downloading from central: https://repo.maven.apache.org/maven2/org/apache/maven/reporting/maven-reporting-api/2.0.6/maven-reporting-api-2.0.6.jar
[06515d6e-f429-4d19-ad71-2f4d7e36deed/build]   | [INFO] Downloaded from central: https://repo.maven.apache.org/maven2/org/apache/maven/maven-project/2.0.6/maven-project-2.0.6.jar (116 kB at 2.9 MB/s)
[06515d6e-f429-4d19-ad71-2f4d7e36deed/build]   | [INFO] Downloaded from central: https://repo.maven.apache.org/maven2/org/apache/maven/maven-plugin-registry/2.0.6/maven-plugin-registry-2.0.6.jar (29 kB at 742 kB/s)
[06515d6e-f429-4d19-ad71-2f4d7e36deed/build]   | [INFO] Downloading from central: https://repo.maven.apache.org/maven2/org/apache/maven/doxia/doxia-sink-api/1.0-alpha-7/doxia-sink-api-1.0-alpha-7.jar
[06515d6e-f429-4d19-ad71-2f4d7e36deed/build]   | [INFO] Downloading from central: https://repo.maven.apache.org/maven2/org/apache/maven/maven-repository-metadata/2.0.6/maven-repository-metadata-2.0.6.jar
[06515d6e-f429-4d19-ad71-2f4d7e36deed/build]   | [INFO] Downloaded from central: https://repo.maven.apache.org/maven2/org/apache/maven/maven-plugin-parameter-documenter/2.0.6/maven-plugin-parameter-documenter-2.0.6.jar (21 kB at 415 kB/s)
[06515d6e-f429-4d19-ad71-2f4d7e36deed/build]   | [INFO] Downloading from central: https://repo.maven.apache.org/maven2/org/apache/maven/maven-error-diagnostics/2.0.6/maven-error-diagnostics-2.0.6.jar
[06515d6e-f429-4d19-ad71-2f4d7e36deed/build]   | [INFO] Downloaded from central: https://repo.maven.apache.org/maven2/org/apache/maven/maven-core/2.0.6/maven-core-2.0.6.jar (152 kB at 3.0 MB/s)
[06515d6e-f429-4d19-ad71-2f4d7e36deed/build]   | [INFO] Downloading from central: https://repo.maven.apache.org/maven2/commons-cli/commons-cli/1.0/commons-cli-1.0.jar
[06515d6e-f429-4d19-ad71-2f4d7e36deed/build]   | [INFO] Downloaded from central: https://repo.maven.apache.org/maven2/org/apache/maven/reporting/maven-reporting-api/2.0.6/maven-reporting-api-2.0.6.jar (9.9 kB at 191 kB/s)
[06515d6e-f429-4d19-ad71-2f4d7e36deed/build]   | [INFO] Downloading from central: https://repo.maven.apache.org/maven2/org/apache/maven/maven-plugin-descriptor/2.0.6/maven-plugin-descriptor-2.0.6.jar
[06515d6e-f429-4d19-ad71-2f4d7e36deed/build]   | [INFO] Downloaded from central: https://repo.maven.apache.org/maven2/org/apache/maven/maven-repository-metadata/2.0.6/maven-repository-metadata-2.0.6.jar (24 kB at 401 kB/s)
[06515d6e-f429-4d19-ad71-2f4d7e36deed/build]   | [INFO] Downloaded from central: https://repo.maven.apache.org/maven2/org/apache/maven/doxia/doxia-sink-api/1.0-alpha-7/doxia-sink-api-1.0-alpha-7.jar (5.9 kB at 97 kB/s)
[06515d6e-f429-4d19-ad71-2f4d7e36deed/build]   | [INFO] Downloading from central: https://repo.maven.apache.org/maven2/org/codehaus/plexus/plexus-interactivity-api/1.0-alpha-4/plexus-interactivity-api-1.0-alpha-4.jar
[06515d6e-f429-4d19-ad71-2f4d7e36deed/build]   | [INFO] Downloading from central: https://repo.maven.apache.org/maven2/classworlds/classworlds/1.1/classworlds-1.1.jar
[06515d6e-f429-4d19-ad71-2f4d7e36deed/build]   | [INFO] Downloaded from central: https://repo.maven.apache.org/maven2/org/apache/maven/maven-error-diagnostics/2.0.6/maven-error-diagnostics-2.0.6.jar (14 kB at 189 kB/s)
[06515d6e-f429-4d19-ad71-2f4d7e36deed/build]   | [INFO] Downloading from central: https://repo.maven.apache.org/maven2/org/apache/maven/maven-artifact/2.0.6/maven-artifact-2.0.6.jar
[06515d6e-f429-4d19-ad71-2f4d7e36deed/build]   | [INFO] Downloaded from central: https://repo.maven.apache.org/maven2/commons-cli/commons-cli/1.0/commons-cli-1.0.jar (30 kB at 413 kB/s)
[06515d6e-f429-4d19-ad71-2f4d7e36deed/build]   | [INFO] Downloading from central: https://repo.maven.apache.org/maven2/org/apache/maven/maven-settings/2.0.6/maven-settings-2.0.6.jar
[06515d6e-f429-4d19-ad71-2f4d7e36deed/build]   | [INFO] Downloaded from central: https://repo.maven.apache.org/maven2/org/apache/maven/maven-plugin-descriptor/2.0.6/maven-plugin-descriptor-2.0.6.jar (37 kB at 492 kB/s)
[06515d6e-f429-4d19-ad71-2f4d7e36deed/build]   | [INFO] Downloading from central: https://repo.maven.apache.org/maven2/org/apache/maven/maven-model/2.0.6/maven-model-2.0.6.jar
[06515d6e-f429-4d19-ad71-2f4d7e36deed/build]   | [INFO] Downloaded from central: https://repo.maven.apache.org/maven2/org/codehaus/plexus/plexus-interactivity-api/1.0-alpha-4/plexus-interactivity-api-1.0-alpha-4.jar (13 kB at 166 kB/s)
[06515d6e-f429-4d19-ad71-2f4d7e36deed/build]   | [INFO] Downloading from central: https://repo.maven.apache.org/maven2/org/apache/maven/maven-monitor/2.0.6/maven-monitor-2.0.6.jar
[06515d6e-f429-4d19-ad71-2f4d7e36deed/build]   | [INFO] Downloaded from central: https://repo.maven.apache.org/maven2/classworlds/classworlds/1.1/classworlds-1.1.jar (38 kB at 435 kB/s)
[06515d6e-f429-4d19-ad71-2f4d7e36deed/build]   | [INFO] Downloading from central: https://repo.maven.apache.org/maven2/org/codehaus/plexus/plexus-container-default/1.0-alpha-9-stable-1/plexus-container-default-1.0-alpha-9-stable-1.jar
[06515d6e-f429-4d19-ad71-2f4d7e36deed/build]   | [INFO] Downloaded from central: https://repo.maven.apache.org/maven2/org/apache/maven/maven-settings/2.0.6/maven-settings-2.0.6.jar (49 kB at 501 kB/s)
[06515d6e-f429-4d19-ad71-2f4d7e36deed/build]   | [INFO] Downloading from central: https://repo.maven.apache.org/maven2/junit/junit/3.8.1/junit-3.8.1.jar
[06515d6e-f429-4d19-ad71-2f4d7e36deed/build]   | [INFO] Downloaded from central: https://repo.maven.apache.org/maven2/org/apache/maven/maven-artifact/2.0.6/maven-artifact-2.0.6.jar (87 kB at 856 kB/s)
[06515d6e-f429-4d19-ad71-2f4d7e36deed/build]   | [INFO] Downloading from central: https://repo.maven.apache.org/maven2/org/codehaus/plexus/plexus-utils/2.0.5/plexus-utils-2.0.5.jar
[06515d6e-f429-4d19-ad71-2f4d7e36deed/build]   | [INFO] Downloaded from central: https://repo.maven.apache.org/maven2/org/apache/maven/maven-model/2.0.6/maven-model-2.0.6.jar (86 kB at 839 kB/s)
[06515d6e-f429-4d19-ad71-2f4d7e36deed/build]   | [INFO] Downloading from central: https://repo.maven.apache.org/maven2/org/apache/maven/shared/maven-filtering/1.1/maven-filtering-1.1.jar
[06515d6e-f429-4d19-ad71-2f4d7e36deed/build]   | [INFO] Downloaded from central: https://repo.maven.apache.org/maven2/org/apache/maven/maven-monitor/2.0.6/maven-monitor-2.0.6.jar (10 kB at 98 kB/s)
[06515d6e-f429-4d19-ad71-2f4d7e36deed/build]   | [INFO] Downloading from central: https://repo.maven.apache.org/maven2/org/sonatype/plexus/plexus-build-api/0.0.4/plexus-build-api-0.0.4.jar
[06515d6e-f429-4d19-ad71-2f4d7e36deed/build]   | [INFO] Downloaded from central: https://repo.maven.apache.org/maven2/org/sonatype/plexus/plexus-build-api/0.0.4/plexus-build-api-0.0.4.jar (6.8 kB at 53 kB/s)
[06515d6e-f429-4d19-ad71-2f4d7e36deed/build]   | [INFO] Downloading from central: https://repo.maven.apache.org/maven2/org/codehaus/plexus/plexus-interpolation/1.13/plexus-interpolation-1.13.jar
[06515d6e-f429-4d19-ad71-2f4d7e36deed/build]   | [INFO] Downloaded from central: https://repo.maven.apache.org/maven2/org/codehaus/plexus/plexus-utils/2.0.5/plexus-utils-2.0.5.jar (223 kB at 1.7 MB/s)
[06515d6e-f429-4d19-ad71-2f4d7e36deed/build]   | [INFO] Downloaded from central: https://repo.maven.apache.org/maven2/org/apache/maven/shared/maven-filtering/1.1/maven-filtering-1.1.jar (43 kB at 329 kB/s)
[06515d6e-f429-4d19-ad71-2f4d7e36deed/build]   | [INFO] Downloaded from central: https://repo.maven.apache.org/maven2/org/codehaus/plexus/plexus-container-default/1.0-alpha-9-stable-1/plexus-container-default-1.0-alpha-9-stable-1.jar (194 kB at 1.4 MB/s)
[06515d6e-f429-4d19-ad71-2f4d7e36deed/build]   | [INFO] Downloaded from central: https://repo.maven.apache.org/maven2/junit/junit/3.8.1/junit-3.8.1.jar (121 kB at 853 kB/s)
[06515d6e-f429-4d19-ad71-2f4d7e36deed/build]   | [INFO] Downloaded from central: https://repo.maven.apache.org/maven2/org/codehaus/plexus/plexus-interpolation/1.13/plexus-interpolation-1.13.jar (61 kB at 410 kB/s)
[06515d6e-f429-4d19-ad71-2f4d7e36deed/build]   | [INFO] Using 'UTF-8' encoding to copy filtered resources.
[06515d6e-f429-4d19-ad71-2f4d7e36deed/build]   | [INFO] skip non existing resourceDirectory /tmp/9a02aa7e-01a1-43a6-83f0-da3ea250e82d/src/main/resources
[06515d6e-f429-4d19-ad71-2f4d7e36deed/build]   | [INFO] 
[06515d6e-f429-4d19-ad71-2f4d7e36deed/build]   | [INFO] --- maven-compiler-plugin:3.10.1:compile (default-compile) @ Java ---
[06515d6e-f429-4d19-ad71-2f4d7e36deed/build]   | [INFO] Downloading from central: https://repo.maven.apache.org/maven2/org/apache/maven/shared/maven-shared-utils/3.3.4/maven-shared-utils-3.3.4.pom
[06515d6e-f429-4d19-ad71-2f4d7e36deed/build]   | [INFO] Downloaded from central: https://repo.maven.apache.org/maven2/org/apache/maven/shared/maven-shared-utils/3.3.4/maven-shared-utils-3.3.4.pom (5.8 kB at 278 kB/s)
[06515d6e-f429-4d19-ad71-2f4d7e36deed/build]   | [INFO] Downloading from central: https://repo.maven.apache.org/maven2/org/apache/maven/shared/maven-shared-components/34/maven-shared-components-34.pom
[06515d6e-f429-4d19-ad71-2f4d7e36deed/build]   | [INFO] Downloaded from central: https://repo.maven.apache.org/maven2/org/apache/maven/shared/maven-shared-components/34/maven-shared-components-34.pom (5.1 kB at 243 kB/s)
[06515d6e-f429-4d19-ad71-2f4d7e36deed/build]   | [INFO] Downloading from central: https://repo.maven.apache.org/maven2/commons-io/commons-io/2.6/commons-io-2.6.pom
[06515d6e-f429-4d19-ad71-2f4d7e36deed/build]   | [INFO] Downloaded from central: https://repo.maven.apache.org/maven2/commons-io/commons-io/2.6/commons-io-2.6.pom (14 kB at 679 kB/s)
[06515d6e-f429-4d19-ad71-2f4d7e36deed/build]   | [INFO] Downloading from central: https://repo.maven.apache.org/maven2/org/apache/commons/commons-parent/42/commons-parent-42.pom
[06515d6e-f429-4d19-ad71-2f4d7e36deed/build]   | [INFO] Downloaded from central: https://repo.maven.apache.org/maven2/org/apache/commons/commons-parent/42/commons-parent-42.pom (68 kB at 2.6 MB/s)
[06515d6e-f429-4d19-ad71-2f4d7e36deed/build]   | [INFO] Downloading from central: https://repo.maven.apache.org/maven2/org/apache/apache/18/apache-18.pom
[06515d6e-f429-4d19-ad71-2f4d7e36deed/build]   | [INFO] Downloaded from central: https://repo.maven.apache.org/maven2/org/apache/apache/18/apache-18.pom (16 kB at 627 kB/s)
[06515d6e-f429-4d19-ad71-2f4d7e36deed/build]   | [INFO] Downloading from central: https://repo.maven.apache.org/maven2/org/apache/maven/shared/maven-shared-incremental/1.1/maven-shared-incremental-1.1.pom
[06515d6e-f429-4d19-ad71-2f4d7e36deed/build]   | [INFO] Downloaded from central: https://repo.maven.apache.org/maven2/org/apache/maven/shared/maven-shared-incremental/1.1/maven-shared-incremental-1.1.pom (4.7 kB at 198 kB/s)
[06515d6e-f429-4d19-ad71-2f4d7e36deed/build]   | [INFO] Downloading from central: https://repo.maven.apache.org/maven2/org/apache/maven/shared/maven-shared-components/19/maven-shared-components-19.pom
[06515d6e-f429-4d19-ad71-2f4d7e36deed/build]   | [INFO] Downloaded from central: https://repo.maven.apache.org/maven2/org/apache/maven/shared/maven-shared-components/19/maven-shared-components-19.pom (6.4 kB at 276 kB/s)
[06515d6e-f429-4d19-ad71-2f4d7e36deed/build]   | [INFO] Downloading from central: https://repo.maven.apache.org/maven2/org/apache/maven/maven-parent/23/maven-parent-23.pom
[06515d6e-f429-4d19-ad71-2f4d7e36deed/build]   | [INFO] Downloaded from central: https://repo.maven.apache.org/maven2/org/apache/maven/maven-parent/23/maven-parent-23.pom (33 kB at 1.4 MB/s)
[06515d6e-f429-4d19-ad71-2f4d7e36deed/build]   | [INFO] Downloading from central: https://repo.maven.apache.org/maven2/org/apache/apache/13/apache-13.pom
[06515d6e-f429-4d19-ad71-2f4d7e36deed/build]   | [INFO] Downloaded from central: https://repo.maven.apache.org/maven2/org/apache/apache/13/apache-13.pom (14 kB at 582 kB/s)
[06515d6e-f429-4d19-ad71-2f4d7e36deed/build]   | [INFO] Downloading from central: https://repo.maven.apache.org/maven2/org/codehaus/plexus/plexus-component-annotations/2.0.0/plexus-component-annotations-2.0.0.pom
[06515d6e-f429-4d19-ad71-2f4d7e36deed/build]   | [INFO] Downloaded from central: https://repo.maven.apache.org/maven2/org/codehaus/plexus/plexus-component-annotations/2.0.0/plexus-component-annotations-2.0.0.pom (750 B at 29 kB/s)
[06515d6e-f429-4d19-ad71-2f4d7e36deed/build]   | [INFO] Downloading from central: https://repo.maven.apache.org/maven2/org/codehaus/plexus/plexus-containers/2.0.0/plexus-containers-2.0.0.pom
[06515d6e-f429-4d19-ad71-2f4d7e36deed/build]   | [INFO] Downloaded from central: https://repo.maven.apache.org/maven2/org/codehaus/plexus/plexus-containers/2.0.0/plexus-containers-2.0.0.pom (4.8 kB at 192 kB/s)
[06515d6e-f429-4d19-ad71-2f4d7e36deed/build]   | [INFO] Downloading from central: https://repo.maven.apache.org/maven2/org/codehaus/plexus/plexus/5.1/plexus-5.1.pom
[06515d6e-f429-4d19-ad71-2f4d7e36deed/build]   | [INFO] Downloaded from central: https://repo.maven.apache.org/maven2/org/codehaus/plexus/plexus/5.1/plexus-5.1.pom (23 kB at 900 kB/s)
[06515d6e-f429-4d19-ad71-2f4d7e36deed/build]   | [INFO] Downloading from central: https://repo.maven.apache.org/maven2/org/codehaus/plexus/plexus-java/1.1.1/plexus-java-1.1.1.pom
[06515d6e-f429-4d19-ad71-2f4d7e36deed/build]   | [INFO] Downloaded from central: https://repo.maven.apache.org/maven2/org/codehaus/plexus/plexus-java/1.1.1/plexus-java-1.1.1.pom (5.0 kB at 207 kB/s)
[06515d6e-f429-4d19-ad71-2f4d7e36deed/build]   | [INFO] Downloading from central: https://repo.maven.apache.org/maven2/org/codehaus/plexus/plexus-languages/1.1.1/plexus-languages-1.1.1.pom
[06515d6e-f429-4d19-ad71-2f4d7e36deed/build]   | [INFO] Downloaded from central: https://repo.maven.apache.org/maven2/org/codehaus/plexus/plexus-languages/1.1.1/plexus-languages-1.1.1.pom (4.6 kB at 192 kB/s)
[06515d6e-f429-4d19-ad71-2f4d7e36deed/build]   | [INFO] Downloading from central: https://repo.maven.apache.org/maven2/org/codehaus/plexus/plexus/8/plexus-8.pom
[06515d6e-f429-4d19-ad71-2f4d7e36deed/build]   | [INFO] Downloaded from central: https://repo.maven.apache.org/maven2/org/codehaus/plexus/plexus/8/plexus-8.pom (25 kB at 1.2 MB/s)
[06515d6e-f429-4d19-ad71-2f4d7e36deed/build]   | [INFO] Downloading from central: https://repo.maven.apache.org/maven2/org/ow2/asm/asm/9.2/asm-9.2.pom
[06515d6e-f429-4d19-ad71-2f4d7e36deed/build]   | [INFO] Downloaded from central: https://repo.maven.apache.org/maven2/org/ow2/asm/asm/9.2/asm-9.2.pom (2.4 kB at 99 kB/s)
[06515d6e-f429-4d19-ad71-2f4d7e36deed/build]   | [INFO] Downloading from central: https://repo.maven.apache.org/maven2/org/ow2/ow2/1.5/ow2-1.5.pom
[06515d6e-f429-4d19-ad71-2f4d7e36deed/build]   | [INFO] Downloaded from central: https://repo.maven.apache.org/maven2/org/ow2/ow2/1.5/ow2-1.5.pom (11 kB at 510 kB/s)
[06515d6e-f429-4d19-ad71-2f4d7e36deed/build]   | [INFO] Downloading from central: https://repo.maven.apache.org/maven2/com/thoughtworks/qdox/qdox/2.0.1/qdox-2.0.1.pom
[06515d6e-f429-4d19-ad71-2f4d7e36deed/build]   | [INFO] Downloaded from central: https://repo.maven.apache.org/maven2/com/thoughtworks/qdox/qdox/2.0.1/qdox-2.0.1.pom (16 kB at 696 kB/s)
[06515d6e-f429-4d19-ad71-2f4d7e36deed/build]   | [INFO] Downloading from central: https://repo.maven.apache.org/maven2/org/sonatype/oss/oss-parent/9/oss-parent-9.pom
[06515d6e-f429-4d19-ad71-2f4d7e36deed/build]   | [INFO] Downloaded from central: https://repo.maven.apache.org/maven2/org/sonatype/oss/oss-parent/9/oss-parent-9.pom (6.6 kB at 286 kB/s)
[06515d6e-f429-4d19-ad71-2f4d7e36deed/build]   | [INFO] Downloading from central: https://repo.maven.apache.org/maven2/org/codehaus/plexus/plexus-compiler-api/2.11.1/plexus-compiler-api-2.11.1.pom
[06515d6e-f429-4d19-ad71-2f4d7e36deed/build]   | [INFO] Downloaded from central: https://repo.maven.apache.org/maven2/org/codehaus/plexus/plexus-compiler-api/2.11.1/plexus-compiler-api-2.11.1.pom (1.1 kB at 46 kB/s)
[06515d6e-f429-4d19-ad71-2f4d7e36deed/build]   | [INFO] Downloading from central: https://repo.maven.apache.org/maven2/org/codehaus/plexus/plexus-compiler/2.11.1/plexus-compiler-2.11.1.pom
[06515d6e-f429-4d19-ad71-2f4d7e36deed/build]   | [INFO] Downloaded from central: https://repo.maven.apache.org/maven2/org/codehaus/plexus/plexus-compiler/2.11.1/plexus-compiler-2.11.1.pom (8.1 kB at 353 kB/s)
[06515d6e-f429-4d19-ad71-2f4d7e36deed/build]   | [INFO] Downloading from central: https://repo.maven.apache.org/maven2/org/codehaus/plexus/plexus-components/6.6/plexus-components-6.6.pom
[06515d6e-f429-4d19-ad71-2f4d7e36deed/build]   | [INFO] Downloaded from central: https://repo.maven.apache.org/maven2/org/codehaus/plexus/plexus-components/6.6/plexus-components-6.6.pom (2.7 kB at 116 kB/s)
[06515d6e-f429-4d19-ad71-2f4d7e36deed/build]   | [INFO] Downloading from central: https://repo.maven.apache.org/maven2/org/codehaus/plexus/plexus-utils/3.4.1/plexus-utils-3.4.1.pom
[06515d6e-f429-4d19-ad71-2f4d7e36deed/build]   | [INFO] Downloaded from central: https://repo.maven.apache.org/maven2/org/codehaus/plexus/plexus-utils/3.4.1/plexus-utils-3.4.1.pom (8.0 kB at 346 kB/s)
[06515d6e-f429-4d19-ad71-2f4d7e36deed/build]   | [INFO] Downloading from central: https://repo.maven.apache.org/maven2/org/codehaus/plexus/plexus-compiler-manager/2.11.1/plexus-compiler-manager-2.11.1.pom
[06515d6e-f429-4d19-ad71-2f4d7e36deed/build]   | [INFO] Downloaded from central: https://repo.maven.apache.org/maven2/org/codehaus/plexus/plexus-compiler-manager/2.11.1/plexus-compiler-manager-2.11.1.pom (1.1 kB at 47 kB/s)
[06515d6e-f429-4d19-ad71-2f4d7e36deed/build]   | [INFO] Downloading from central: https://repo.maven.apache.org/maven2/org/codehaus/plexus/plexus-compiler-javac/2.11.1/plexus-compiler-javac-2.11.1.pom
[06515d6e-f429-4d19-ad71-2f4d7e36deed/build]   | [INFO] Downloaded from central: https://repo.maven.apache.org/maven2/org/codehaus/plexus/plexus-compiler-javac/2.11.1/plexus-compiler-javac-2.11.1.pom (1.2 kB at 57 kB/s)
[06515d6e-f429-4d19-ad71-2f4d7e36deed/build]   | [INFO] Downloading from central: https://repo.maven.apache.org/maven2/org/codehaus/plexus/plexus-compilers/2.11.1/plexus-compilers-2.11.1.pom
[06515d6e-f429-4d19-ad71-2f4d7e36deed/build]   | [INFO] Downloaded from central: https://repo.maven.apache.org/maven2/org/codehaus/plexus/plexus-compilers/2.11.1/plexus-compilers-2.11.1.pom (1.3 kB at 63 kB/s)
[06515d6e-f429-4d19-ad71-2f4d7e36deed/build]   | [INFO] Downloading from central: https://repo.maven.apache.org/maven2/org/apache/maven/shared/maven-shared-utils/3.3.4/maven-shared-utils-3.3.4.jar
[06515d6e-f429-4d19-ad71-2f4d7e36deed/build]   | [INFO] Downloading from central: https://repo.maven.apache.org/maven2/commons-io/commons-io/2.6/commons-io-2.6.jar
[06515d6e-f429-4d19-ad71-2f4d7e36deed/build]   | [INFO] Downloading from central: https://repo.maven.apache.org/maven2/org/apache/maven/shared/maven-shared-incremental/1.1/maven-shared-incremental-1.1.jar
[06515d6e-f429-4d19-ad71-2f4d7e36deed/build]   | [INFO] Downloading from central: https://repo.maven.apache.org/maven2/org/codehaus/plexus/plexus-component-annotations/2.0.0/plexus-component-annotations-2.0.0.jar
[06515d6e-f429-4d19-ad71-2f4d7e36deed/build]   | [INFO] Downloading from central: https://repo.maven.apache.org/maven2/org/codehaus/plexus/plexus-java/1.1.1/plexus-java-1.1.1.jar
[06515d6e-f429-4d19-ad71-2f4d7e36deed/build]   | [INFO] Downloaded from central: https://repo.maven.apache.org/maven2/org/codehaus/plexus/plexus-component-annotations/2.0.0/plexus-component-annotations-2.0.0.jar (4.2 kB at 163 kB/s)
[06515d6e-f429-4d19-ad71-2f4d7e36deed/build]   | [INFO] Downloading from central: https://repo.maven.apache.org/maven2/org/ow2/asm/asm/9.2/asm-9.2.jar
[06515d6e-f429-4d19-ad71-2f4d7e36deed/build]   | [INFO] Downloaded from central: https://repo.maven.apache.org/maven2/org/apache/maven/shared/maven-shared-incremental/1.1/maven-shared-incremental-1.1.jar (14 kB at 501 kB/s)
[06515d6e-f429-4d19-ad71-2f4d7e36deed/build]   | [INFO] Downloading from central: https://repo.maven.apache.org/maven2/com/thoughtworks/qdox/qdox/2.0.1/qdox-2.0.1.jar
[06515d6e-f429-4d19-ad71-2f4d7e36deed/build]   | [INFO] Downloaded from central: https://repo.maven.apache.org/maven2/org/apache/maven/shared/maven-shared-utils/3.3.4/maven-shared-utils-3.3.4.jar (153 kB at 4.8 MB/s)
[06515d6e-f429-4d19-ad71-2f4d7e36deed/build]   | [INFO] Downloading from central: https://repo.maven.apache.org/maven2/org/codehaus/plexus/plexus-compiler-api/2.11.1/plexus-compiler-api-2.11.1.jar
[06515d6e-f429-4d19-ad71-2f4d7e36deed/build]   | [INFO] Downloaded from central: https://repo.maven.apache.org/maven2/org/codehaus/plexus/plexus-java/1.1.1/plexus-java-1.1.1.jar (54 kB at 1.7 MB/s)
[06515d6e-f429-4d19-ad71-2f4d7e36deed/build]   | [INFO] Downloading from central: https://repo.maven.apache.org/maven2/org/codehaus/plexus/plexus-utils/3.4.1/plexus-utils-3.4.1.jar
[06515d6e-f429-4d19-ad71-2f4d7e36deed/build]   | [INFO] Downloaded from central: https://repo.maven.apache.org/maven2/org/codehaus/plexus/plexus-compiler-api/2.11.1/plexus-compiler-api-2.11.1.jar (27 kB at 457 kB/s)
[06515d6e-f429-4d19-ad71-2f4d7e36deed/build]   | [INFO] Downloading from central: https://repo.maven.apache.org/maven2/org/codehaus/plexus/plexus-compiler-manager/2.11.1/plexus-compiler-manager-2.11.1.jar
[06515d6e-f429-4d19-ad71-2f4d7e36deed/build]   | [INFO] Downloaded from central: https://repo.maven.apache.org/maven2/com/thoughtworks/qdox/qdox/2.0.1/qdox-2.0.1.jar (334 kB at 5.4 MB/s)
[06515d6e-f429-4d19-ad71-2f4d7e36deed/build]   | [INFO] Downloading from central: https://repo.maven.apache.org/maven2/org/codehaus/plexus/plexus-compiler-javac/2.11.1/plexus-compiler-javac-2.11.1.jar
[06515d6e-f429-4d19-ad71-2f4d7e36deed/build]   | [INFO] Downloaded from central: https://repo.maven.apache.org/maven2/org/codehaus/plexus/plexus-utils/3.4.1/plexus-utils-3.4.1.jar (264 kB at 4.2 MB/s)
[06515d6e-f429-4d19-ad71-2f4d7e36deed/build]   | [INFO] Downloaded from central: https://repo.maven.apache.org/maven2/commons-io/commons-io/2.6/commons-io-2.6.jar (215 kB at 3.1 MB/s)
[06515d6e-f429-4d19-ad71-2f4d7e36deed/build]   | [INFO] Downloaded from central: https://repo.maven.apache.org/maven2/org/ow2/asm/asm/9.2/asm-9.2.jar (122 kB at 1.6 MB/s)
[06515d6e-f429-4d19-ad71-2f4d7e36deed/build]   | [INFO] Downloaded from central: https://repo.maven.apache.org/maven2/org/codehaus/plexus/plexus-compiler-manager/2.11.1/plexus-compiler-manager-2.11.1.jar (4.7 kB at 60 kB/s)
[06515d6e-f429-4d19-ad71-2f4d7e36deed/build]   | [INFO] Downloaded from central: https://repo.maven.apache.org/maven2/org/codehaus/plexus/plexus-compiler-javac/2.11.1/plexus-compiler-javac-2.11.1.jar (23 kB at 286 kB/s)
[06515d6e-f429-4d19-ad71-2f4d7e36deed/build]   | [INFO] Changes detected - recompiling the module!
[06515d6e-f429-4d19-ad71-2f4d7e36deed/build]   | [INFO] Compiling 468 source files to /tmp/9a02aa7e-01a1-43a6-83f0-da3ea250e82d/target/classes
[06515d6e-f429-4d19-ad71-2f4d7e36deed/build]   | [INFO] /tmp/9a02aa7e-01a1-43a6-83f0-da3ea250e82d/src/main/java/com/thealgorithms/strings/WordLadder.java: Some input files use unchecked or unsafe operations.
[06515d6e-f429-4d19-ad71-2f4d7e36deed/build]   | [INFO] /tmp/9a02aa7e-01a1-43a6-83f0-da3ea250e82d/src/main/java/com/thealgorithms/strings/WordLadder.java: Recompile with -Xlint:unchecked for details.
[06515d6e-f429-4d19-ad71-2f4d7e36deed/build]   | [INFO] 
[06515d6e-f429-4d19-ad71-2f4d7e36deed/build]   | [INFO] --- maven-resources-plugin:2.6:testResources (default-testResources) @ Java ---
[06515d6e-f429-4d19-ad71-2f4d7e36deed/build]   | [INFO] Using 'UTF-8' encoding to copy filtered resources.
[06515d6e-f429-4d19-ad71-2f4d7e36deed/build]   | [INFO] skip non existing resourceDirectory /tmp/9a02aa7e-01a1-43a6-83f0-da3ea250e82d/src/test/resources
[06515d6e-f429-4d19-ad71-2f4d7e36deed/build]   | [INFO] 
[06515d6e-f429-4d19-ad71-2f4d7e36deed/build]   | [INFO] --- maven-compiler-plugin:3.10.1:testCompile (default-testCompile) @ Java ---
[06515d6e-f429-4d19-ad71-2f4d7e36deed/build]   | [INFO] Changes detected - recompiling the module!
[06515d6e-f429-4d19-ad71-2f4d7e36deed/build]   | [INFO] Compiling 219 source files to /tmp/9a02aa7e-01a1-43a6-83f0-da3ea250e82d/target/test-classes
[06515d6e-f429-4d19-ad71-2f4d7e36deed/build]   | [INFO] 
[06515d6e-f429-4d19-ad71-2f4d7e36deed/build]   | [INFO] --- maven-surefire-plugin:2.22.2:test (default-test) @ Java ---
[06515d6e-f429-4d19-ad71-2f4d7e36deed/build]   | [INFO] Downloading from central: https://repo.maven.apache.org/maven2/org/apache/maven/surefire/maven-surefire-common/2.22.2/maven-surefire-common-2.22.2.pom
[06515d6e-f429-4d19-ad71-2f4d7e36deed/build]   | [INFO] Downloaded from central: https://repo.maven.apache.org/maven2/org/apache/maven/surefire/maven-surefire-common/2.22.2/maven-surefire-common-2.22.2.pom (11 kB at 113 kB/s)
[06515d6e-f429-4d19-ad71-2f4d7e36deed/build]   | [INFO] Downloading from central: https://repo.maven.apache.org/maven2/org/apache/maven/maven-plugin-api/2.2.1/maven-plugin-api-2.2.1.pom
[06515d6e-f429-4d19-ad71-2f4d7e36deed/build]   | [INFO] Downloaded from central: https://repo.maven.apache.org/maven2/org/apache/maven/maven-plugin-api/2.2.1/maven-plugin-api-2.2.1.pom (1.5 kB at 17 kB/s)
[06515d6e-f429-4d19-ad71-2f4d7e36deed/build]   | [INFO] Downloading from central: https://repo.maven.apache.org/maven2/org/apache/maven/maven/2.2.1/maven-2.2.1.pom
[06515d6e-f429-4d19-ad71-2f4d7e36deed/build]   | [INFO] Downloaded from central: https://repo.maven.apache.org/maven2/org/apache/maven/maven/2.2.1/maven-2.2.1.pom (22 kB at 307 kB/s)
[06515d6e-f429-4d19-ad71-2f4d7e36deed/build]   | [INFO] Downloading from central: https://repo.maven.apache.org/maven2/org/apache/maven/maven-parent/11/maven-parent-11.pom
[06515d6e-f429-4d19-ad71-2f4d7e36deed/build]   | [INFO] Downloaded from central: https://repo.maven.apache.org/maven2/org/apache/maven/maven-parent/11/maven-parent-11.pom (32 kB at 477 kB/s)
[06515d6e-f429-4d19-ad71-2f4d7e36deed/build]   | [INFO] Downloading from central: https://repo.maven.apache.org/maven2/org/apache/apache/5/apache-5.pom
[06515d6e-f429-4d19-ad71-2f4d7e36deed/build]   | [INFO] Downloaded from central: https://repo.maven.apache.org/maven2/org/apache/apache/5/apache-5.pom (4.1 kB at 65 kB/s)
[06515d6e-f429-4d19-ad71-2f4d7e36deed/build]   | [INFO] Downloading from central: https://repo.maven.apache.org/maven2/org/apache/maven/plugin-tools/maven-plugin-annotations/3.5.2/maven-plugin-annotations-3.5.2.pom
[06515d6e-f429-4d19-ad71-2f4d7e36deed/build]   | [INFO] Downloaded from central: https://repo.maven.apache.org/maven2/org/apache/maven/plugin-tools/maven-plugin-annotations/3.5.2/maven-plugin-annotations-3.5.2.pom (1.6 kB at 58 kB/s)
[06515d6e-f429-4d19-ad71-2f4d7e36deed/build]   | [INFO] Downloading from central: https://repo.maven.apache.org/maven2/org/apache/maven/plugin-tools/maven-plugin-tools/3.5.2/maven-plugin-tools-3.5.2.pom
[06515d6e-f429-4d19-ad71-2f4d7e36deed/build]   | [INFO] Downloaded from central: https://repo.maven.apache.org/maven2/org/apache/maven/plugin-tools/maven-plugin-tools/3.5.2/maven-plugin-tools-3.5.2.pom (15 kB at 591 kB/s)
[06515d6e-f429-4d19-ad71-2f4d7e36deed/build]   | [INFO] Downloading from central: https://repo.maven.apache.org/maven2/org/apache/maven/maven-parent/31/maven-parent-31.pom
[06515d6e-f429-4d19-ad71-2f4d7e36deed/build]   | [INFO] Downloaded from central: https://repo.maven.apache.org/maven2/org/apache/maven/maven-parent/31/maven-parent-31.pom (43 kB at 1.4 MB/s)
[06515d6e-f429-4d19-ad71-2f4d7e36deed/build]   | [INFO] Downloading from central: https://repo.maven.apache.org/maven2/org/apache/apache/19/apache-19.pom
[06515d6e-f429-4d19-ad71-2f4d7e36deed/build]   | [INFO] Downloaded from central: https://repo.maven.apache.org/maven2/org/apache/apache/19/apache-19.pom (15 kB at 254 kB/s)
[06515d6e-f429-4d19-ad71-2f4d7e36deed/build]   | [INFO] Downloading from central: https://repo.maven.apache.org/maven2/org/apache/maven/maven-artifact/2.2.1/maven-artifact-2.2.1.pom
[06515d6e-f429-4d19-ad71-2f4d7e36deed/build]   | [INFO] Downloaded from central: https://repo.maven.apache.org/maven2/org/apache/maven/maven-artifact/2.2.1/maven-artifact-2.2.1.pom (1.6 kB at 24 kB/s)
[06515d6e-f429-4d19-ad71-2f4d7e36deed/build]   | [INFO] Downloading from central: https://repo.maven.apache.org/maven2/org/apache/maven/surefire/surefire-api/2.22.2/surefire-api-2.22.2.pom
[06515d6e-f429-4d19-ad71-2f4d7e36deed/build]   | [INFO] Downloaded from central: https://repo.maven.apache.org/maven2/org/apache/maven/surefire/surefire-api/2.22.2/surefire-api-2.22.2.pom (3.5 kB at 161 kB/s)
[06515d6e-f429-4d19-ad71-2f4d7e36deed/build]   | [INFO] Downloading from central: https://repo.maven.apache.org/maven2/org/apache/maven/surefire/surefire-logger-api/2.22.2/surefire-logger-api-2.22.2.pom
[06515d6e-f429-4d19-ad71-2f4d7e36deed/build]   | [INFO] Downloaded from central: https://repo.maven.apache.org/maven2/org/apache/maven/surefire/surefire-logger-api/2.22.2/surefire-logger-api-2.22.2.pom (2.0 kB at 85 kB/s)
[06515d6e-f429-4d19-ad71-2f4d7e36deed/build]   | [INFO] Downloading from central: https://repo.maven.apache.org/maven2/org/apache/maven/surefire/surefire-booter/2.22.2/surefire-booter-2.22.2.pom
[06515d6e-f429-4d19-ad71-2f4d7e36deed/build]   | [INFO] Downloaded from central: https://repo.maven.apache.org/maven2/org/apache/maven/surefire/surefire-booter/2.22.2/surefire-booter-2.22.2.pom (7.5 kB at 324 kB/s)
[06515d6e-f429-4d19-ad71-2f4d7e36deed/build]   | [INFO] Downloading from central: https://repo.maven.apache.org/maven2/org/apache/maven/maven-plugin-descriptor/2.2.1/maven-plugin-descriptor-2.2.1.pom
[06515d6e-f429-4d19-ad71-2f4d7e36deed/build]   | [INFO] Downloaded from central: https://repo.maven.apache.org/maven2/org/apache/maven/maven-plugin-descriptor/2.2.1/maven-plugin-descriptor-2.2.1.pom (2.1 kB at 94 kB/s)
[06515d6e-f429-4d19-ad71-2f4d7e36deed/build]   | [INFO] Downloading from central: https://repo.maven.apache.org/maven2/junit/junit/4.12/junit-4.12.pom
[06515d6e-f429-4d19-ad71-2f4d7e36deed/build]   | [INFO] Downloaded from central: https://repo.maven.apache.org/maven2/junit/junit/4.12/junit-4.12.pom (24 kB at 987 kB/s)
[06515d6e-f429-4d19-ad71-2f4d7e36deed/build]   | [INFO] Downloading from central: https://repo.maven.apache.org/maven2/org/hamcrest/hamcrest-core/1.3/hamcrest-core-1.3.pom
[06515d6e-f429-4d19-ad71-2f4d7e36deed/build]   | [INFO] Downloaded from central: https://repo.maven.apache.org/maven2/org/hamcrest/hamcrest-core/1.3/hamcrest-core-1.3.pom (766 B at 32 kB/s)
[06515d6e-f429-4d19-ad71-2f4d7e36deed/build]   | [INFO] Downloading from central: https://repo.maven.apache.org/maven2/org/hamcrest/hamcrest-parent/1.3/hamcrest-parent-1.3.pom
[06515d6e-f429-4d19-ad71-2f4d7e36deed/build]   | [INFO] Downloaded from central: https://repo.maven.apache.org/maven2/org/hamcrest/hamcrest-parent/1.3/hamcrest-parent-1.3.pom (2.0 kB at 82 kB/s)
[06515d6e-f429-4d19-ad71-2f4d7e36deed/build]   | [INFO] Downloading from central: https://repo.maven.apache.org/maven2/org/apache/maven/maven-project/2.2.1/maven-project-2.2.1.pom
[06515d6e-f429-4d19-ad71-2f4d7e36deed/build]   | [INFO] Downloaded from central: https://repo.maven.apache.org/maven2/org/apache/maven/maven-project/2.2.1/maven-project-2.2.1.pom (2.8 kB at 121 kB/s)
[06515d6e-f429-4d19-ad71-2f4d7e36deed/build]   | [INFO] Downloading from central: https://repo.maven.apache.org/maven2/org/apache/maven/maven-settings/2.2.1/maven-settings-2.2.1.pom
[06515d6e-f429-4d19-ad71-2f4d7e36deed/build]   | [INFO] Downloaded from central: https://repo.maven.apache.org/maven2/org/apache/maven/maven-settings/2.2.1/maven-settings-2.2.1.pom (2.2 kB at 99 kB/s)
[06515d6e-f429-4d19-ad71-2f4d7e36deed/build]   | [INFO] Downloading from central: https://repo.maven.apache.org/maven2/org/apache/maven/maven-model/2.2.1/maven-model-2.2.1.pom
[06515d6e-f429-4d19-ad71-2f4d7e36deed/build]   | [INFO] Downloaded from central: https://repo.maven.apache.org/maven2/org/apache/maven/maven-model/2.2.1/maven-model-2.2.1.pom (3.2 kB at 141 kB/s)
[06515d6e-f429-4d19-ad71-2f4d7e36deed/build]   | [INFO] Downloading from central: https://repo.maven.apache.org/maven2/org/codehaus/plexus/plexus-interpolation/1.11/plexus-interpolation-1.11.pom
[06515d6e-f429-4d19-ad71-2f4d7e36deed/build]   | [INFO] Downloaded from central: https://repo.maven.apache.org/maven2/org/codehaus/plexus/plexus-interpolation/1.11/plexus-interpolation-1.11.pom (889 B at 39 kB/s)
[06515d6e-f429-4d19-ad71-2f4d7e36deed/build]   | [INFO] Downloading from central: https://repo.maven.apache.org/maven2/org/apache/maven/maven-profile/2.2.1/maven-profile-2.2.1.pom
[06515d6e-f429-4d19-ad71-2f4d7e36deed/build]   | [INFO] Downloaded from central: https://repo.maven.apache.org/maven2/org/apache/maven/maven-profile/2.2.1/maven-profile-2.2.1.pom (2.2 kB at 94 kB/s)
[06515d6e-f429-4d19-ad71-2f4d7e36deed/build]   | [INFO] Downloading from central: https://repo.maven.apache.org/maven2/org/apache/maven/maven-artifact-manager/2.2.1/maven-artifact-manager-2.2.1.pom
[06515d6e-f429-4d19-ad71-2f4d7e36deed/build]   | [INFO] Downloaded from central: https://repo.maven.apache.org/maven2/org/apache/maven/maven-artifact-manager/2.2.1/maven-artifact-manager-2.2.1.pom (3.1 kB at 100 kB/s)
[06515d6e-f429-4d19-ad71-2f4d7e36deed/build]   | [INFO] Downloading from central: https://repo.maven.apache.org/maven2/org/apache/maven/maven-repository-metadata/2.2.1/maven-repository-metadata-2.2.1.pom
[06515d6e-f429-4d19-ad71-2f4d7e36deed/build]   | [INFO] Downloaded from central: https://repo.maven.apache.org/maven2/org/apache/maven/maven-repository-metadata/2.2.1/maven-repository-metadata-2.2.1.pom (1.9 kB at 78 kB/s)
[06515d6e-f429-4d19-ad71-2f4d7e36deed/build]   | [INFO] Downloading from central: https://repo.maven.apache.org/maven2/backport-util-concurrent/backport-util-concurrent/3.1/backport-util-concurrent-3.1.pom
[06515d6e-f429-4d19-ad71-2f4d7e36deed/build]   | [INFO] Downloaded from central: https://repo.maven.apache.org/maven2/backport-util-concurrent/backport-util-concurrent/3.1/backport-util-concurrent-3.1.pom (880 B at 37 kB/s)
[06515d6e-f429-4d19-ad71-2f4d7e36deed/build]   | [INFO] Downloading from central: https://repo.maven.apache.org/maven2/org/apache/maven/maven-plugin-registry/2.2.1/maven-plugin-registry-2.2.1.pom
[06515d6e-f429-4d19-ad71-2f4d7e36deed/build]   | [INFO] Downloaded from central: https://repo.maven.apache.org/maven2/org/apache/maven/maven-plugin-registry/2.2.1/maven-plugin-registry-2.2.1.pom (1.9 kB at 84 kB/s)
[06515d6e-f429-4d19-ad71-2f4d7e36deed/build]   | [INFO] Downloading from central: https://repo.maven.apache.org/maven2/org/apache/maven/maven-core/2.2.1/maven-core-2.2.1.pom
[06515d6e-f429-4d19-ad71-2f4d7e36deed/build]   | [INFO] Downloaded from central: https://repo.maven.apache.org/maven2/org/apache/maven/maven-core/2.2.1/maven-core-2.2.1.pom (12 kB at 506 kB/s)
[06515d6e-f429-4d19-ad71-2f4d7e36deed/build]   | [INFO] Downloading from central: https://repo.maven.apache.org/maven2/org/apache/maven/maven-plugin-parameter-documenter/2.2.1/maven-plugin-parameter-documenter-2.2.1.pom
[06515d6e-f429-4d19-ad71-2f4d7e36deed/build]   | [INFO] Downloaded from central: https://repo.maven.apache.org/maven2/org/apache/maven/maven-plugin-parameter-documenter/2.2.1/maven-plugin-parameter-documenter-2.2.1.pom (2.0 kB at 89 kB/s)
[06515d6e-f429-4d19-ad71-2f4d7e36deed/build]   | [INFO] Downloading from central: https://repo.maven.apache.org/maven2/org/slf4j/slf4j-jdk14/1.5.6/slf4j-jdk14-1.5.6.pom
[06515d6e-f429-4d19-ad71-2f4d7e36deed/build]   | [INFO] Downloaded from central: https://repo.maven.apache.org/maven2/org/slf4j/slf4j-jdk14/1.5.6/slf4j-jdk14-1.5.6.pom (1.9 kB at 79 kB/s)
[06515d6e-f429-4d19-ad71-2f4d7e36deed/build]   | [INFO] Downloading from central: https://repo.maven.apache.org/maven2/org/slf4j/slf4j-parent/1.5.6/slf4j-parent-1.5.6.pom
[06515d6e-f429-4d19-ad71-2f4d7e36deed/build]   | [INFO] Downloaded from central: https://repo.maven.apache.org/maven2/org/slf4j/slf4j-parent/1.5.6/slf4j-parent-1.5.6.pom (7.9 kB at 344 kB/s)
[06515d6e-f429-4d19-ad71-2f4d7e36deed/build]   | [INFO] Downloading from central: https://repo.maven.apache.org/maven2/org/slf4j/slf4j-api/1.5.6/slf4j-api-1.5.6.pom
[06515d6e-f429-4d19-ad71-2f4d7e36deed/build]   | [INFO] Downloaded from central: https://repo.maven.apache.org/maven2/org/slf4j/slf4j-api/1.5.6/slf4j-api-1.5.6.pom (3.0 kB at 130 kB/s)
[06515d6e-f429-4d19-ad71-2f4d7e36deed/build]   | [INFO] Downloading from central: https://repo.maven.apache.org/maven2/org/slf4j/jcl-over-slf4j/1.5.6/jcl-over-slf4j-1.5.6.pom
[06515d6e-f429-4d19-ad71-2f4d7e36deed/build]   | [INFO] Downloaded from central: https://repo.maven.apache.org/maven2/org/slf4j/jcl-over-slf4j/1.5.6/jcl-over-slf4j-1.5.6.pom (2.2 kB at 94 kB/s)
[06515d6e-f429-4d19-ad71-2f4d7e36deed/build]   | [INFO] Downloading from central: https://repo.maven.apache.org/maven2/org/apache/maven/reporting/maven-reporting-api/3.0/maven-reporting-api-3.0.pom
[06515d6e-f429-4d19-ad71-2f4d7e36deed/build]   | [INFO] Downloaded from central: https://repo.maven.apache.org/maven2/org/apache/maven/reporting/maven-reporting-api/3.0/maven-reporting-api-3.0.pom (2.4 kB at 99 kB/s)
[06515d6e-f429-4d19-ad71-2f4d7e36deed/build]   | [INFO] Downloading from central: https://repo.maven.apache.org/maven2/org/apache/maven/shared/maven-shared-components/15/maven-shared-components-15.pom
[06515d6e-f429-4d19-ad71-2f4d7e36deed/build]   | [INFO] Downloaded from central: https://repo.maven.apache.org/maven2/org/apache/maven/shared/maven-shared-components/15/maven-shared-components-15.pom (9.3 kB at 275 kB/s)
[06515d6e-f429-4d19-ad71-2f4d7e36deed/build]   | [INFO] Downloading from central: https://repo.maven.apache.org/maven2/org/apache/maven/maven-parent/16/maven-parent-16.pom
[06515d6e-f429-4d19-ad71-2f4d7e36deed/build]   | [INFO] Downloaded from central: https://repo.maven.apache.org/maven2/org/apache/maven/maven-parent/16/maven-parent-16.pom (23 kB at 1.0 MB/s)
[06515d6e-f429-4d19-ad71-2f4d7e36deed/build]   | [INFO] Downloading from central: https://repo.maven.apache.org/maven2/org/apache/apache/7/apache-7.pom
[06515d6e-f429-4d19-ad71-2f4d7e36deed/build]   | [INFO] Downloaded from central: https://repo.maven.apache.org/maven2/org/apache/apache/7/apache-7.pom (14 kB at 601 kB/s)
[06515d6e-f429-4d19-ad71-2f4d7e36deed/build]   | [INFO] Downloading from central: https://repo.maven.apache.org/maven2/org/apache/maven/maven-error-diagnostics/2.2.1/maven-error-diagnostics-2.2.1.pom
[06515d6e-f429-4d19-ad71-2f4d7e36deed/build]   | [INFO] Downloaded from central: https://repo.maven.apache.org/maven2/org/apache/maven/maven-error-diagnostics/2.2.1/maven-error-diagnostics-2.2.1.pom (1.7 kB at 59 kB/s)
[06515d6e-f429-4d19-ad71-2f4d7e36deed/build]   | [INFO] Downloading from central: https://repo.maven.apache.org/maven2/org/apache/maven/maven-monitor/2.2.1/maven-monitor-2.2.1.pom
[06515d6e-f429-4d19-ad71-2f4d7e36deed/build]   | [INFO] Downloaded from central: https://repo.maven.apache.org/maven2/org/apache/maven/maven-monitor/2.2.1/maven-monitor-2.2.1.pom (1.3 kB at 47 kB/s)
[06515d6e-f429-4d19-ad71-2f4d7e36deed/build]   | [INFO] Downloading from central: https://repo.maven.apache.org/maven2/org/sonatype/plexus/plexus-sec-dispatcher/1.3/plexus-sec-dispatcher-1.3.pom
[06515d6e-f429-4d19-ad71-2f4d7e36deed/build]   | [INFO] Downloaded from central: https://repo.maven.apache.org/maven2/org/sonatype/plexus/plexus-sec-dispatcher/1.3/plexus-sec-dispatcher-1.3.pom (3.0 kB at 123 kB/s)
[06515d6e-f429-4d19-ad71-2f4d7e36deed/build]   | [INFO] Downloading from central: https://repo.maven.apache.org/maven2/org/sonatype/spice/spice-parent/12/spice-parent-12.pom
[06515d6e-f429-4d19-ad71-2f4d7e36deed/build]   | [INFO] Downloaded from central: https://repo.maven.apache.org/maven2/org/sonatype/spice/spice-parent/12/spice-parent-12.pom (6.8 kB at 296 kB/s)
[06515d6e-f429-4d19-ad71-2f4d7e36deed/build]   | [INFO] Downloading from central: https://repo.maven.apache.org/maven2/org/sonatype/forge/forge-parent/4/forge-parent-4.pom
[06515d6e-f429-4d19-ad71-2f4d7e36deed/build]   | [INFO] Downloaded from central: https://repo.maven.apache.org/maven2/org/sonatype/forge/forge-parent/4/forge-parent-4.pom (8.4 kB at 365 kB/s)
[06515d6e-f429-4d19-ad71-2f4d7e36deed/build]   | [INFO] Downloading from central: https://repo.maven.apache.org/maven2/org/codehaus/plexus/plexus-utils/1.5.5/plexus-utils-1.5.5.pom
[06515d6e-f429-4d19-ad71-2f4d7e36deed/build]   | [INFO] Downloaded from central: https://repo.maven.apache.org/maven2/org/codehaus/plexus/plexus-utils/1.5.5/plexus-utils-1.5.5.pom (5.1 kB at 224 kB/s)
[06515d6e-f429-4d19-ad71-2f4d7e36deed/build]   | [INFO] Downloading from central: https://repo.maven.apache.org/maven2/org/sonatype/plexus/plexus-cipher/1.4/plexus-cipher-1.4.pom
[06515d6e-f429-4d19-ad71-2f4d7e36deed/build]   | [INFO] Downloaded from central: https://repo.maven.apache.org/maven2/org/sonatype/plexus/plexus-cipher/1.4/plexus-cipher-1.4.pom (2.1 kB at 90 kB/s)
[06515d6e-f429-4d19-ad71-2f4d7e36deed/build]   | [INFO] Downloading from central: https://repo.maven.apache.org/maven2/org/apache/maven/maven-toolchain/2.2.1/maven-toolchain-2.2.1.pom
[06515d6e-f429-4d19-ad71-2f4d7e36deed/build]   | [INFO] Downloaded from central: https://repo.maven.apache.org/maven2/org/apache/maven/maven-toolchain/2.2.1/maven-toolchain-2.2.1.pom (3.3 kB at 152 kB/s)
[06515d6e-f429-4d19-ad71-2f4d7e36deed/build]   | [INFO] Downloading from central: https://repo.maven.apache.org/maven2/org/codehaus/plexus/plexus-java/0.9.10/plexus-java-0.9.10.pom
[06515d6e-f429-4d19-ad71-2f4d7e36deed/build]   | [INFO] Downloaded from central: https://repo.maven.apache.org/maven2/org/codehaus/plexus/plexus-java/0.9.10/plexus-java-0.9.10.pom (5.1 kB at 222 kB/s)
[06515d6e-f429-4d19-ad71-2f4d7e36deed/build]   | [INFO] Downloading from central: https://repo.maven.apache.org/maven2/org/codehaus/plexus/plexus-languages/0.9.10/plexus-languages-0.9.10.pom
[06515d6e-f429-4d19-ad71-2f4d7e36deed/build]   | [INFO] Downloaded from central: https://repo.maven.apache.org/maven2/org/codehaus/plexus/plexus-languages/0.9.10/plexus-languages-0.9.10.pom (4.1 kB at 180 kB/s)
[06515d6e-f429-4d19-ad71-2f4d7e36deed/build]   | [INFO] Downloading from central: https://repo.maven.apache.org/maven2/org/codehaus/plexus/plexus/4.0/plexus-4.0.pom
[06515d6e-f429-4d19-ad71-2f4d7e36deed/build]   | [INFO] Downloaded from central: https://repo.maven.apache.org/maven2/org/codehaus/plexus/plexus/4.0/plexus-4.0.pom (22 kB at 935 kB/s)
[06515d6e-f429-4d19-ad71-2f4d7e36deed/build]   | [INFO] Downloading from central: https://repo.maven.apache.org/maven2/org/sonatype/forge/forge-parent/10/forge-parent-10.pom
[06515d6e-f429-4d19-ad71-2f4d7e36deed/build]   | [INFO] Downloaded from central: https://repo.maven.apache.org/maven2/org/sonatype/forge/forge-parent/10/forge-parent-10.pom (14 kB at 616 kB/s)
[06515d6e-f429-4d19-ad71-2f4d7e36deed/build]   | [INFO] Downloading from central: https://repo.maven.apache.org/maven2/org/ow2/asm/asm/6.2/asm-6.2.pom
[06515d6e-f429-4d19-ad71-2f4d7e36deed/build]   | [INFO] Downloaded from central: https://repo.maven.apache.org/maven2/org/ow2/asm/asm/6.2/asm-6.2.pom (2.9 kB at 133 kB/s)
[06515d6e-f429-4d19-ad71-2f4d7e36deed/build]   | [INFO] Downloading from central: https://repo.maven.apache.org/maven2/com/thoughtworks/qdox/qdox/2.0-M8/qdox-2.0-M8.pom
[06515d6e-f429-4d19-ad71-2f4d7e36deed/build]   | [INFO] Downloaded from central: https://repo.maven.apache.org/maven2/com/thoughtworks/qdox/qdox/2.0-M8/qdox-2.0-M8.pom (16 kB at 720 kB/s)
[06515d6e-f429-4d19-ad71-2f4d7e36deed/build]   | [INFO] Downloading from central: https://repo.maven.apache.org/maven2/org/apache/maven/surefire/maven-surefire-common/2.22.2/maven-surefire-common-2.22.2.jar
[06515d6e-f429-4d19-ad71-2f4d7e36deed/build]   | [INFO] Downloading from central: https://repo.maven.apache.org/maven2/org/apache/maven/maven-plugin-api/2.2.1/maven-plugin-api-2.2.1.jar
[06515d6e-f429-4d19-ad71-2f4d7e36deed/build]   | [INFO] Downloading from central: https://repo.maven.apache.org/maven2/org/apache/maven/plugin-tools/maven-plugin-annotations/3.5.2/maven-plugin-annotations-3.5.2.jar
[06515d6e-f429-4d19-ad71-2f4d7e36deed/build]   | [INFO] Downloading from central: https://repo.maven.apache.org/maven2/org/apache/maven/surefire/surefire-api/2.22.2/surefire-api-2.22.2.jar
[06515d6e-f429-4d19-ad71-2f4d7e36deed/build]   | [INFO] Downloading from central: https://repo.maven.apache.org/maven2/org/apache/maven/surefire/surefire-logger-api/2.22.2/surefire-logger-api-2.22.2.jar
[06515d6e-f429-4d19-ad71-2f4d7e36deed/build]   | [INFO] Downloaded from central: https://repo.maven.apache.org/maven2/org/apache/maven/maven-plugin-api/2.2.1/maven-plugin-api-2.2.1.jar (12 kB at 442 kB/s)
[06515d6e-f429-4d19-ad71-2f4d7e36deed/build]   | [INFO] Downloading from central: https://repo.maven.apache.org/maven2/org/apache/maven/surefire/surefire-booter/2.22.2/surefire-booter-2.22.2.jar
[06515d6e-f429-4d19-ad71-2f4d7e36deed/build]   | [INFO] Downloaded from central: https://repo.maven.apache.org/maven2/org/apache/maven/surefire/surefire-logger-api/2.22.2/surefire-logger-api-2.22.2.jar (13 kB at 477 kB/s)
[06515d6e-f429-4d19-ad71-2f4d7e36deed/build]   | [INFO] Downloaded from central: https://repo.maven.apache.org/maven2/org/apache/maven/plugin-tools/maven-plugin-annotations/3.5.2/maven-plugin-annotations-3.5.2.jar (14 kB at 492 kB/s)
[06515d6e-f429-4d19-ad71-2f4d7e36deed/build]   | [INFO] Downloading from central: https://repo.maven.apache.org/maven2/org/apache/maven/maven-artifact/2.2.1/maven-artifact-2.2.1.jar
[06515d6e-f429-4d19-ad71-2f4d7e36deed/build]   | [INFO] Downloading from central: https://repo.maven.apache.org/maven2/org/codehaus/plexus/plexus-utils/1.5.15/plexus-utils-1.5.15.jar
[06515d6e-f429-4d19-ad71-2f4d7e36deed/build]   | [INFO] Downloaded from central: https://repo.maven.apache.org/maven2/org/apache/maven/surefire/maven-surefire-common/2.22.2/maven-surefire-common-2.22.2.jar (528 kB at 11 MB/s)
[06515d6e-f429-4d19-ad71-2f4d7e36deed/build]   | [INFO] Downloading from central: https://repo.maven.apache.org/maven2/org/apache/maven/maven-plugin-descriptor/2.2.1/maven-plugin-descriptor-2.2.1.jar
[06515d6e-f429-4d19-ad71-2f4d7e36deed/build]   | [INFO] Downloaded from central: https://repo.maven.apache.org/maven2/org/apache/maven/surefire/surefire-booter/2.22.2/surefire-booter-2.22.2.jar (274 kB at 5.0 MB/s)
[06515d6e-f429-4d19-ad71-2f4d7e36deed/build]   | [INFO] Downloading from central: https://repo.maven.apache.org/maven2/junit/junit/4.12/junit-4.12.jar
[06515d6e-f429-4d19-ad71-2f4d7e36deed/build]   | [INFO] Downloaded from central: https://repo.maven.apache.org/maven2/org/apache/maven/maven-artifact/2.2.1/maven-artifact-2.2.1.jar (80 kB at 1.3 MB/s)
[06515d6e-f429-4d19-ad71-2f4d7e36deed/build]   | [INFO] Downloading from central: https://repo.maven.apache.org/maven2/org/hamcrest/hamcrest-core/1.3/hamcrest-core-1.3.jar
[06515d6e-f429-4d19-ad71-2f4d7e36deed/build]   | [INFO] Downloaded from central: https://repo.maven.apache.org/maven2/org/apache/maven/surefire/surefire-api/2.22.2/surefire-api-2.22.2.jar (186 kB at 2.9 MB/s)
[06515d6e-f429-4d19-ad71-2f4d7e36deed/build]   | [INFO] Downloading from central: https://repo.maven.apache.org/maven2/org/apache/maven/maven-project/2.2.1/maven-project-2.2.1.jar
[06515d6e-f429-4d19-ad71-2f4d7e36deed/build]   | [INFO] Downloaded from central: https://repo.maven.apache.org/maven2/org/apache/maven/maven-plugin-descriptor/2.2.1/maven-plugin-descriptor-2.2.1.jar (39 kB at 604 kB/s)
[06515d6e-f429-4d19-ad71-2f4d7e36deed/build]   | [INFO] Downloading from central: https://repo.maven.apache.org/maven2/org/apache/maven/maven-settings/2.2.1/maven-settings-2.2.1.jar
[06515d6e-f429-4d19-ad71-2f4d7e36deed/build]   | [INFO] Downloaded from central: https://repo.maven.apache.org/maven2/org/codehaus/plexus/plexus-utils/1.5.15/plexus-utils-1.5.15.jar (228 kB at 3.2 MB/s)
[06515d6e-f429-4d19-ad71-2f4d7e36deed/build]   | [INFO] Downloading from central: https://repo.maven.apache.org/maven2/org/apache/maven/maven-profile/2.2.1/maven-profile-2.2.1.jar
[06515d6e-f429-4d19-ad71-2f4d7e36deed/build]   | [INFO] Downloaded from central: https://repo.maven.apache.org/maven2/junit/junit/4.12/junit-4.12.jar (315 kB at 3.7 MB/s)
[06515d6e-f429-4d19-ad71-2f4d7e36deed/build]   | [INFO] Downloading from central: https://repo.maven.apache.org/maven2/org/apache/maven/maven-artifact-manager/2.2.1/maven-artifact-manager-2.2.1.jar
[06515d6e-f429-4d19-ad71-2f4d7e36deed/build]   | [INFO] Downloaded from central: https://repo.maven.apache.org/maven2/org/apache/maven/maven-settings/2.2.1/maven-settings-2.2.1.jar (49 kB at 570 kB/s)
[06515d6e-f429-4d19-ad71-2f4d7e36deed/build]   | [INFO] Downloading from central: https://repo.maven.apache.org/maven2/backport-util-concurrent/backport-util-concurrent/3.1/backport-util-concurrent-3.1.jar
[06515d6e-f429-4d19-ad71-2f4d7e36deed/build]   | [INFO] Downloaded from central: https://repo.maven.apache.org/maven2/org/hamcrest/hamcrest-core/1.3/hamcrest-core-1.3.jar (45 kB at 506 kB/s)
[06515d6e-f429-4d19-ad71-2f4d7e36deed/build]   | [INFO] Downloading from central: https://repo.maven.apache.org/maven2/org/apache/maven/maven-plugin-registry/2.2.1/maven-plugin-registry-2.2.1.jar
[06515d6e-f429-4d19-ad71-2f4d7e36deed/build]   | [INFO] Downloaded from central: https://repo.maven.apache.org/maven2/org/apache/maven/maven-profile/2.2.1/maven-profile-2.2.1.jar (35 kB at 384 kB/s)
[06515d6e-f429-4d19-ad71-2f4d7e36deed/build]   | [INFO] Downloading from central: https://repo.maven.apache.org/maven2/org/codehaus/plexus/plexus-interpolation/1.11/plexus-interpolation-1.11.jar
[06515d6e-f429-4d19-ad71-2f4d7e36deed/build]   | [INFO] Downloaded from central: https://repo.maven.apache.org/maven2/org/apache/maven/maven-artifact-manager/2.2.1/maven-artifact-manager-2.2.1.jar (68 kB at 626 kB/s)
[06515d6e-f429-4d19-ad71-2f4d7e36deed/build]   | [INFO] Downloading from central: https://repo.maven.apache.org/maven2/org/apache/maven/maven-model/2.2.1/maven-model-2.2.1.jar
[06515d6e-f429-4d19-ad71-2f4d7e36deed/build]   | [INFO] Downloaded from central: https://repo.maven.apache.org/maven2/org/apache/maven/maven-plugin-registry/2.2.1/maven-plugin-registry-2.2.1.jar (30 kB at 261 kB/s)
[06515d6e-f429-4d19-ad71-2f4d7e36deed/build]   | [INFO] Downloading from central: https://repo.maven.apache.org/maven2/org/apache/maven/maven-core/2.2.1/maven-core-2.2.1.jar
[06515d6e-f429-4d19-ad71-2f4d7e36deed/build]   | [INFO] Downloaded from central: https://repo.maven.apache.org/maven2/backport-util-concurrent/backport-util-concurrent/3.1/backport-util-concurrent-3.1.jar (332 kB at 2.7 MB/s)
[06515d6e-f429-4d19-ad71-2f4d7e36deed/build]   | [INFO] Downloading from central: https://repo.maven.apache.org/maven2/org/apache/maven/maven-plugin-parameter-documenter/2.2.1/maven-plugin-parameter-documenter-2.2.1.jar
[06515d6e-f429-4d19-ad71-2f4d7e36deed/build]   | [INFO] Downloaded from central: https://repo.maven.apache.org/maven2/org/apache/maven/maven-project/2.2.1/maven-project-2.2.1.jar (156 kB at 1.3 MB/s)
[06515d6e-f429-4d19-ad71-2f4d7e36deed/build]   | [INFO] Downloading from central: https://repo.maven.apache.org/maven2/org/slf4j/slf4j-jdk14/1.5.6/slf4j-jdk14-1.5.6.jar
[06515d6e-f429-4d19-ad71-2f4d7e36deed/build]   | [INFO] Downloaded from central: https://repo.maven.apache.org/maven2/org/codehaus/plexus/plexus-interpolation/1.11/plexus-interpolation-1.11.jar (51 kB at 407 kB/s)
[06515d6e-f429-4d19-ad71-2f4d7e36deed/build]   | [INFO] Downloading from central: https://repo.maven.apache.org/maven2/org/slf4j/slf4j-api/1.5.6/slf4j-api-1.5.6.jar
[06515d6e-f429-4d19-ad71-2f4d7e36deed/build]   | [INFO] Downloaded from central: https://repo.maven.apache.org/maven2/org/apache/maven/maven-model/2.2.1/maven-model-2.2.1.jar (88 kB at 690 kB/s)
[06515d6e-f429-4d19-ad71-2f4d7e36deed/build]   | [INFO] Downloading from central: https://repo.maven.apache.org/maven2/org/slf4j/jcl-over-slf4j/1.5.6/jcl-over-slf4j-1.5.6.jar
[06515d6e-f429-4d19-ad71-2f4d7e36deed/build]   | [INFO] Downloaded from central: https://repo.maven.apache.org/maven2/org/apache/maven/maven-plugin-parameter-documenter/2.2.1/maven-plugin-parameter-documenter-2.2.1.jar (22 kB at 159 kB/s)
[06515d6e-f429-4d19-ad71-2f4d7e36deed/build]   | [INFO] Downloading from central: https://repo.maven.apache.org/maven2/org/apache/maven/reporting/maven-reporting-api/3.0/maven-reporting-api-3.0.jar
[06515d6e-f429-4d19-ad71-2f4d7e36deed/build]   | [INFO] Downloaded from central: https://repo.maven.apache.org/maven2/org/slf4j/slf4j-jdk14/1.5.6/slf4j-jdk14-1.5.6.jar (8.8 kB at 62 kB/s)
[06515d6e-f429-4d19-ad71-2f4d7e36deed/build]   | [INFO] Downloading from central: https://repo.maven.apache.org/maven2/org/apache/maven/maven-repository-metadata/2.2.1/maven-repository-metadata-2.2.1.jar
[06515d6e-f429-4d19-ad71-2f4d7e36deed/build]   | [INFO] Downloaded from central: https://repo.maven.apache.org/maven2/org/slf4j/jcl-over-slf4j/1.5.6/jcl-over-slf4j-1.5.6.jar (17 kB at 115 kB/s)
[06515d6e-f429-4d19-ad71-2f4d7e36deed/build]   | [INFO] Downloading from central: https://repo.maven.apache.org/maven2/org/apache/maven/maven-error-diagnostics/2.2.1/maven-error-diagnostics-2.2.1.jar
[06515d6e-f429-4d19-ad71-2f4d7e36deed/build]   | [INFO] Downloaded from central: https://repo.maven.apache.org/maven2/org/slf4j/slf4j-api/1.5.6/slf4j-api-1.5.6.jar (22 kB at 146 kB/s)
[06515d6e-f429-4d19-ad71-2f4d7e36deed/build]   | [INFO] Downloading from central: https://repo.maven.apache.org/maven2/org/apache/maven/maven-monitor/2.2.1/maven-monitor-2.2.1.jar
[06515d6e-f429-4d19-ad71-2f4d7e36deed/build]   | [INFO] Downloaded from central: https://repo.maven.apache.org/maven2/org/apache/maven/reporting/maven-reporting-api/3.0/maven-reporting-api-3.0.jar (11 kB at 70 kB/s)
[06515d6e-f429-4d19-ad71-2f4d7e36deed/build]   | [INFO] Downloading from central: https://repo.maven.apache.org/maven2/org/sonatype/plexus/plexus-sec-dispatcher/1.3/plexus-sec-dispatcher-1.3.jar
[06515d6e-f429-4d19-ad71-2f4d7e36deed/build]   | [INFO] Downloaded from central: https://repo.maven.apache.org/maven2/org/apache/maven/maven-core/2.2.1/maven-core-2.2.1.jar (178 kB at 1.1 MB/s)
[06515d6e-f429-4d19-ad71-2f4d7e36deed/build]   | [INFO] Downloading from central: https://repo.maven.apache.org/maven2/org/sonatype/plexus/plexus-cipher/1.4/plexus-cipher-1.4.jar
[06515d6e-f429-4d19-ad71-2f4d7e36deed/build]   | [INFO] Downloaded from central: https://repo.maven.apache.org/maven2/org/apache/maven/maven-repository-metadata/2.2.1/maven-repository-metadata-2.2.1.jar (26 kB at 159 kB/s)
[06515d6e-f429-4d19-ad71-2f4d7e36deed/build]   | [INFO] Downloading from central: https://repo.maven.apache.org/maven2/org/apache/maven/maven-toolchain/2.2.1/maven-toolchain-2.2.1.jar
[06515d6e-f429-4d19-ad71-2f4d7e36deed/build]   | [INFO] Downloaded from central: https://repo.maven.apache.org/maven2/org/apache/maven/maven-error-diagnostics/2.2.1/maven-error-diagnostics-2.2.1.jar (13 kB at 78 kB/s)
[06515d6e-f429-4d19-ad71-2f4d7e36deed/build]   | [INFO] Downloading from central: https://repo.maven.apache.org/maven2/org/codehaus/plexus/plexus-java/0.9.10/plexus-java-0.9.10.jar
[06515d6e-f429-4d19-ad71-2f4d7e36deed/build]   | [INFO] Downloaded from central: https://repo.maven.apache.org/maven2/org/apache/maven/maven-monitor/2.2.1/maven-monitor-2.2.1.jar (10 kB at 62 kB/s)
[06515d6e-f429-4d19-ad71-2f4d7e36deed/build]   | [INFO] Downloading from central: https://repo.maven.apache.org/maven2/org/ow2/asm/asm/6.2/asm-6.2.jar
[06515d6e-f429-4d19-ad71-2f4d7e36deed/build]   | [INFO] Downloaded from central: https://repo.maven.apache.org/maven2/org/sonatype/plexus/plexus-sec-dispatcher/1.3/plexus-sec-dispatcher-1.3.jar (29 kB at 163 kB/s)
[06515d6e-f429-4d19-ad71-2f4d7e36deed/build]   | [INFO] Downloading from central: https://repo.maven.apache.org/maven2/com/thoughtworks/qdox/qdox/2.0-M8/qdox-2.0-M8.jar
[06515d6e-f429-4d19-ad71-2f4d7e36deed/build]   | [INFO] Downloaded from central: https://repo.maven.apache.org/maven2/org/sonatype/plexus/plexus-cipher/1.4/plexus-cipher-1.4.jar (13 kB at 75 kB/s)
[06515d6e-f429-4d19-ad71-2f4d7e36deed/build]   | [INFO] Downloaded from central: https://repo.maven.apache.org/maven2/org/apache/maven/maven-toolchain/2.2.1/maven-toolchain-2.2.1.jar (38 kB at 207 kB/s)
[06515d6e-f429-4d19-ad71-2f4d7e36deed/build]   | [INFO] Downloaded from central: https://repo.maven.apache.org/maven2/org/codehaus/plexus/plexus-java/0.9.10/plexus-java-0.9.10.jar (39 kB at 206 kB/s)
[06515d6e-f429-4d19-ad71-2f4d7e36deed/build]   | [INFO] Downloaded from central: https://repo.maven.apache.org/maven2/com/thoughtworks/qdox/qdox/2.0-M8/qdox-2.0-M8.jar (316 kB at 1.5 MB/s)
[06515d6e-f429-4d19-ad71-2f4d7e36deed/build]   | [INFO] Downloaded from central: https://repo.maven.apache.org/maven2/org/ow2/asm/asm/6.2/asm-6.2.jar (111 kB at 499 kB/s)
[06515d6e-f429-4d19-ad71-2f4d7e36deed/build]   | [INFO] Downloading from central: https://repo.maven.apache.org/maven2/org/apache/maven/surefire/surefire-junit-platform/2.22.2/surefire-junit-platform-2.22.2.pom
[06515d6e-f429-4d19-ad71-2f4d7e36deed/build]   | [INFO] Downloaded from central: https://repo.maven.apache.org/maven2/org/apache/maven/surefire/surefire-junit-platform/2.22.2/surefire-junit-platform-2.22.2.pom (7.0 kB at 303 kB/s)
[06515d6e-f429-4d19-ad71-2f4d7e36deed/build]   | [INFO] Downloading from central: https://repo.maven.apache.org/maven2/org/apache/maven/surefire/surefire-providers/2.22.2/surefire-providers-2.22.2.pom
[06515d6e-f429-4d19-ad71-2f4d7e36deed/build]   | [INFO] Downloaded from central: https://repo.maven.apache.org/maven2/org/apache/maven/surefire/surefire-providers/2.22.2/surefire-providers-2.22.2.pom (2.5 kB at 108 kB/s)
[06515d6e-f429-4d19-ad71-2f4d7e36deed/build]   | [INFO] Downloading from central: https://repo.maven.apache.org/maven2/org/junit/platform/junit-platform-launcher/1.3.1/junit-platform-launcher-1.3.1.pom
[06515d6e-f429-4d19-ad71-2f4d7e36deed/build]   | [INFO] Downloaded from central: https://repo.maven.apache.org/maven2/org/junit/platform/junit-platform-launcher/1.3.1/junit-platform-launcher-1.3.1.pom (2.2 kB at 96 kB/s)
[06515d6e-f429-4d19-ad71-2f4d7e36deed/build]   | [INFO] Downloading from central: https://repo.maven.apache.org/maven2/org/apiguardian/apiguardian-api/1.0.0/apiguardian-api-1.0.0.pom
[06515d6e-f429-4d19-ad71-2f4d7e36deed/build]   | [INFO] Downloaded from central: https://repo.maven.apache.org/maven2/org/apiguardian/apiguardian-api/1.0.0/apiguardian-api-1.0.0.pom (1.2 kB at 56 kB/s)
[06515d6e-f429-4d19-ad71-2f4d7e36deed/build]   | [INFO] Downloading from central: https://repo.maven.apache.org/maven2/org/junit/platform/junit-platform-engine/1.3.1/junit-platform-engine-1.3.1.pom
[06515d6e-f429-4d19-ad71-2f4d7e36deed/build]   | [INFO] Downloaded from central: https://repo.maven.apache.org/maven2/org/junit/platform/junit-platform-engine/1.3.1/junit-platform-engine-1.3.1.pom (2.4 kB at 104 kB/s)
[06515d6e-f429-4d19-ad71-2f4d7e36deed/build]   | [INFO] Downloading from central: https://repo.maven.apache.org/maven2/org/junit/platform/junit-platform-commons/1.3.1/junit-platform-commons-1.3.1.pom
[06515d6e-f429-4d19-ad71-2f4d7e36deed/build]   | [INFO] Downloaded from central: https://repo.maven.apache.org/maven2/org/junit/platform/junit-platform-commons/1.3.1/junit-platform-commons-1.3.1.pom (2.0 kB at 88 kB/s)
[06515d6e-f429-4d19-ad71-2f4d7e36deed/build]   | [INFO] Downloading from central: https://repo.maven.apache.org/maven2/org/opentest4j/opentest4j/1.1.1/opentest4j-1.1.1.pom
[06515d6e-f429-4d19-ad71-2f4d7e36deed/build]   | [INFO] Downloaded from central: https://repo.maven.apache.org/maven2/org/opentest4j/opentest4j/1.1.1/opentest4j-1.1.1.pom (1.7 kB at 76 kB/s)
[06515d6e-f429-4d19-ad71-2f4d7e36deed/build]   | [INFO] Downloading from central: https://repo.maven.apache.org/maven2/org/junit/platform/junit-platform-engine/1.3.1/junit-platform-engine-1.3.1.jar
[06515d6e-f429-4d19-ad71-2f4d7e36deed/build]   | [INFO] Downloading from central: https://repo.maven.apache.org/maven2/org/apache/maven/surefire/surefire-junit-platform/2.22.2/surefire-junit-platform-2.22.2.jar
[06515d6e-f429-4d19-ad71-2f4d7e36deed/build]   | [INFO] Downloading from central: https://repo.maven.apache.org/maven2/org/apiguardian/apiguardian-api/1.0.0/apiguardian-api-1.0.0.jar
[06515d6e-f429-4d19-ad71-2f4d7e36deed/build]   | [INFO] Downloading from central: https://repo.maven.apache.org/maven2/org/junit/platform/junit-platform-commons/1.3.1/junit-platform-commons-1.3.1.jar
[06515d6e-f429-4d19-ad71-2f4d7e36deed/build]   | [INFO] Downloading from central: https://repo.maven.apache.org/maven2/org/junit/platform/junit-platform-launcher/1.3.1/junit-platform-launcher-1.3.1.jar
[06515d6e-f429-4d19-ad71-2f4d7e36deed/build]   | [INFO] Downloaded from central: https://repo.maven.apache.org/maven2/org/apiguardian/apiguardian-api/1.0.0/apiguardian-api-1.0.0.jar (2.2 kB at 90 kB/s)
[06515d6e-f429-4d19-ad71-2f4d7e36deed/build]   | [INFO] Downloading from central: https://repo.maven.apache.org/maven2/org/opentest4j/opentest4j/1.1.1/opentest4j-1.1.1.jar
[06515d6e-f429-4d19-ad71-2f4d7e36deed/build]   | [INFO] Downloaded from central: https://repo.maven.apache.org/maven2/org/apache/maven/surefire/surefire-junit-platform/2.22.2/surefire-junit-platform-2.22.2.jar (66 kB at 2.1 MB/s)
[06515d6e-f429-4d19-ad71-2f4d7e36deed/build]   | [INFO] Downloaded from central: https://repo.maven.apache.org/maven2/org/junit/platform/junit-platform-launcher/1.3.1/junit-platform-launcher-1.3.1.jar (95 kB at 2.3 MB/s)
[06515d6e-f429-4d19-ad71-2f4d7e36deed/build]   | [INFO] Downloaded from central: https://repo.maven.apache.org/maven2/org/junit/platform/junit-platform-commons/1.3.1/junit-platform-commons-1.3.1.jar (78 kB at 1.6 MB/s)
[06515d6e-f429-4d19-ad71-2f4d7e36deed/build]   | [INFO] Downloaded from central: https://repo.maven.apache.org/maven2/org/opentest4j/opentest4j/1.1.1/opentest4j-1.1.1.jar (7.1 kB at 264 kB/s)
[06515d6e-f429-4d19-ad71-2f4d7e36deed/build]   | [INFO] Downloaded from central: https://repo.maven.apache.org/maven2/org/junit/platform/junit-platform-engine/1.3.1/junit-platform-engine-1.3.1.jar (135 kB at 2.1 MB/s)
[06515d6e-f429-4d19-ad71-2f4d7e36deed/build]   | [INFO] 
[06515d6e-f429-4d19-ad71-2f4d7e36deed/build]   | [INFO] -------------------------------------------------------
[06515d6e-f429-4d19-ad71-2f4d7e36deed/build]   | [INFO]  T E S T S
[06515d6e-f429-4d19-ad71-2f4d7e36deed/build]   | [INFO] -------------------------------------------------------
[06515d6e-f429-4d19-ad71-2f4d7e36deed/build]   | [INFO] Running com.thealgorithms.io.BufferedReaderTest
[06515d6e-f429-4d19-ad71-2f4d7e36deed/build]   | [cached intentional error]
[06515d6e-f429-4d19-ad71-2f4d7e36deed/build]   | [INFO] Tests run: 3, Failures: 0, Errors: 0, Skipped: 0, Time elapsed: 0.03 s - in com.thealgorithms.io.BufferedReaderTest
[06515d6e-f429-4d19-ad71-2f4d7e36deed/build]   | [INFO] Running com.thealgorithms.searches.sortOrderAgnosticBinarySearchTest
[06515d6e-f429-4d19-ad71-2f4d7e36deed/build]   | [INFO] Tests run: 2, Failures: 0, Errors: 0, Skipped: 0, Time elapsed: 0 s - in com.thealgorithms.searches.sortOrderAgnosticBinarySearchTest
[06515d6e-f429-4d19-ad71-2f4d7e36deed/build]   | [INFO] Running com.thealgorithms.searches.BinarySearch2dArrayTest
[06515d6e-f429-4d19-ad71-2f4d7e36deed/build]   | [1, 2]
[06515d6e-f429-4d19-ad71-2f4d7e36deed/build]   | [1, 3]
[06515d6e-f429-4d19-ad71-2f4d7e36deed/build]   | [2, 1]
[06515d6e-f429-4d19-ad71-2f4d7e36deed/build]   | [0, 1]
[06515d6e-f429-4d19-ad71-2f4d7e36deed/build]   | [1, 1]
[06515d6e-f429-4d19-ad71-2f4d7e36deed/build]   | [0, 1]
[06515d6e-f429-4d19-ad71-2f4d7e36deed/build]   | [-1, -1]
[06515d6e-f429-4d19-ad71-2f4d7e36deed/build]   | [2, 2]
[06515d6e-f429-4d19-ad71-2f4d7e36deed/build]   | [0, 2]
[06515d6e-f429-4d19-ad71-2f4d7e36deed/build]   | [0, 0]
[06515d6e-f429-4d19-ad71-2f4d7e36deed/build]   | [INFO] Tests run: 11, Failures: 0, Errors: 0, Skipped: 0, Time elapsed: 0.002 s - in com.thealgorithms.searches.BinarySearch2dArrayTest
[06515d6e-f429-4d19-ad71-2f4d7e36deed/build]   | [INFO] Running com.thealgorithms.searches.OrderAgnosticBinarySearchTest
[06515d6e-f429-4d19-ad71-2f4d7e36deed/build]   | 4
[06515d6e-f429-4d19-ad71-2f4d7e36deed/build]   | 2
[06515d6e-f429-4d19-ad71-2f4d7e36deed/build]   | 4
[06515d6e-f429-4d19-ad71-2f4d7e36deed/build]   | 0
[06515d6e-f429-4d19-ad71-2f4d7e36deed/build]   | 0
[06515d6e-f429-4d19-ad71-2f4d7e36deed/build]   | -1
[06515d6e-f429-4d19-ad71-2f4d7e36deed/build]   | [INFO] Tests run: 6, Failures: 0, Errors: 0, Skipped: 0, Time elapsed: 0 s - in com.thealgorithms.searches.OrderAgnosticBinarySearchTest
[06515d6e-f429-4d19-ad71-2f4d7e36deed/build]   | [INFO] Running com.thealgorithms.searches.RowColumnWiseSorted2dArrayBinarySearchTest
[06515d6e-f429-4d19-ad71-2f4d7e36deed/build]   | [INFO] Tests run: 7, Failures: 0, Errors: 0, Skipped: 0, Time elapsed: 0.001 s - in com.thealgorithms.searches.RowColumnWiseSorted2dArrayBinarySearchTest
[06515d6e-f429-4d19-ad71-2f4d7e36deed/build]   | [INFO] Running com.thealgorithms.searches.BreadthFirstSearchTest
[06515d6e-f429-4d19-ad71-2f4d7e36deed/build]   | [INFO] Tests run: 3, Failures: 0, Errors: 0, Skipped: 0, Time elapsed: 0.001 s - in com.thealgorithms.searches.BreadthFirstSearchTest
[06515d6e-f429-4d19-ad71-2f4d7e36deed/build]   | [INFO] Running com.thealgorithms.searches.KMPSearchTest
[06515d6e-f429-4d19-ad71-2f4d7e36deed/build]   | Found pattern at index 10
[06515d6e-f429-4d19-ad71-2f4d7e36deed/build]   | 10
[06515d6e-f429-4d19-ad71-2f4d7e36deed/build]   | No pattern found
[06515d6e-f429-4d19-ad71-2f4d7e36deed/build]   | -1
[06515d6e-f429-4d19-ad71-2f4d7e36deed/build]   | Found pattern at index 4
[06515d6e-f429-4d19-ad71-2f4d7e36deed/build]   | 4
[06515d6e-f429-4d19-ad71-2f4d7e36deed/build]   | Found pattern at index 0
[06515d6e-f429-4d19-ad71-2f4d7e36deed/build]   | 0
[06515d6e-f429-4d19-ad71-2f4d7e36deed/build]   | Found pattern at index 4
[06515d6e-f429-4d19-ad71-2f4d7e36deed/build]   | 4
[06515d6e-f429-4d19-ad71-2f4d7e36deed/build]   | [INFO] Tests run: 5, Failures: 0, Errors: 0, Skipped: 0, Time elapsed: 0 s - in com.thealgorithms.searches.KMPSearchTest
[06515d6e-f429-4d19-ad71-2f4d7e36deed/build]   | [INFO] Running com.thealgorithms.searches.HowManyTimesRotatedTest
[06515d6e-f429-4d19-ad71-2f4d7e36deed/build]   | [INFO] Tests run: 1, Failures: 0, Errors: 0, Skipped: 0, Time elapsed: 0 s - in com.thealgorithms.searches.HowManyTimesRotatedTest
[06515d6e-f429-4d19-ad71-2f4d7e36deed/build]   | [INFO] Running com.thealgorithms.searches.QuickSelectTest
[06515d6e-f429-4d19-ad71-2f4d7e36deed/build]   | [INFO] Tests run: 21, Failures: 0, Errors: 0, Skipped: 0, Time elapsed: 0.03 s - in com.thealgorithms.searches.QuickSelectTest
[06515d6e-f429-4d19-ad71-2f4d7e36deed/build]   | [INFO] Running com.thealgorithms.searches.TestSearchInARowAndColWiseSortedMatrix
[06515d6e-f429-4d19-ad71-2f4d7e36deed/build]   | [INFO] Tests run: 2, Failures: 0, Errors: 0, Skipped: 0, Time elapsed: 0.001 s - in com.thealgorithms.searches.TestSearchInARowAndColWiseSortedMatrix
[06515d6e-f429-4d19-ad71-2f4d7e36deed/build]   | [INFO] Running com.thealgorithms.searches.RabinKarpAlgorithmTest
[06515d6e-f429-4d19-ad71-2f4d7e36deed/build]   | Pattern found at index 34
[06515d6e-f429-4d19-ad71-2f4d7e36deed/build]   | Pattern found at index 8
[06515d6e-f429-4d19-ad71-2f4d7e36deed/build]   | Pattern found at index 3
[06515d6e-f429-4d19-ad71-2f4d7e36deed/build]   | Pattern found at index 0
[06515d6e-f429-4d19-ad71-2f4d7e36deed/build]   | [INFO] Tests run: 5, Failures: 0, Errors: 0, Skipped: 0, Time elapsed: 0.004 s - in com.thealgorithms.searches.RabinKarpAlgorithmTest
[06515d6e-f429-4d19-ad71-2f4d7e36deed/build]   | [INFO] Running com.thealgorithms.geometry.GrahamScanTest
[06515d6e-f429-4d19-ad71-2f4d7e36deed/build]   | [INFO] Tests run: 1, Failures: 0, Errors: 0, Skipped: 0, Time elapsed: 0.019 s - in com.thealgorithms.geometry.GrahamScanTest
[06515d6e-f429-4d19-ad71-2f4d7e36deed/build]   | [INFO] Running com.thealgorithms.others.WorstFitCPUTest
[06515d6e-f429-4d19-ad71-2f4d7e36deed/build]   | [INFO] Tests run: 6, Failures: 0, Errors: 0, Skipped: 0, Time elapsed: 0.003 s - in com.thealgorithms.others.WorstFitCPUTest
[06515d6e-f429-4d19-ad71-2f4d7e36deed/build]   | [INFO] Running com.thealgorithms.others.TestPrintMatrixInSpiralOrder
[06515d6e-f429-4d19-ad71-2f4d7e36deed/build]   | [INFO] Tests run: 2, Failures: 0, Errors: 0, Skipped: 0, Time elapsed: 0.001 s - in com.thealgorithms.others.TestPrintMatrixInSpiralOrder
[06515d6e-f429-4d19-ad71-2f4d7e36deed/build]   | [INFO] Running com.thealgorithms.others.ConwayTest
[06515d6e-f429-4d19-ad71-2f4d7e36deed/build]   | [INFO] Tests run: 6, Failures: 0, Errors: 0, Skipped: 0, Time elapsed: 0.035 s - in com.thealgorithms.others.ConwayTest
[06515d6e-f429-4d19-ad71-2f4d7e36deed/build]   | [INFO] Running com.thealgorithms.others.CountCharTest
[06515d6e-f429-4d19-ad71-2f4d7e36deed/build]   | [INFO] Tests run: 1, Failures: 0, Errors: 0, Skipped: 0, Time elapsed: 0 s - in com.thealgorithms.others.CountCharTest
[06515d6e-f429-4d19-ad71-2f4d7e36deed/build]   | [INFO] Running com.thealgorithms.others.KadaneAlogrithmTest
[06515d6e-f429-4d19-ad71-2f4d7e36deed/build]   | [INFO] Tests run: 8, Failures: 0, Errors: 0, Skipped: 0, Time elapsed: 0.001 s - in com.thealgorithms.others.KadaneAlogrithmTest
[06515d6e-f429-4d19-ad71-2f4d7e36deed/build]   | [INFO] Running com.thealgorithms.others.TwoPointersTest
[06515d6e-f429-4d19-ad71-2f4d7e36deed/build]   | [INFO] Tests run: 5, Failures: 0, Errors: 0, Skipped: 0, Time elapsed: 0.001 s - in com.thealgorithms.others.TwoPointersTest
[06515d6e-f429-4d19-ad71-2f4d7e36deed/build]   | [INFO] Running com.thealgorithms.others.LinkListSortTest
[06515d6e-f429-4d19-ad71-2f4d7e36deed/build]   | [INFO] Tests run: 8, Failures: 0, Errors: 0, Skipped: 0, Time elapsed: 0.004 s - in com.thealgorithms.others.LinkListSortTest
[06515d6e-f429-4d19-ad71-2f4d7e36deed/build]   | [INFO] Running com.thealgorithms.others.LineSweepTest
[06515d6e-f429-4d19-ad71-2f4d7e36deed/build]   | [INFO] Tests run: 4, Failures: 0, Errors: 0, Skipped: 0, Time elapsed: 0.002 s - in com.thealgorithms.others.LineSweepTest
[06515d6e-f429-4d19-ad71-2f4d7e36deed/build]   | [INFO] Running com.thealgorithms.others.CountFriendsPairingTest
[06515d6e-f429-4d19-ad71-2f4d7e36deed/build]   | [INFO] Tests run: 8, Failures: 0, Errors: 0, Skipped: 0, Time elapsed: 0.002 s - in com.thealgorithms.others.CountFriendsPairingTest
[06515d6e-f429-4d19-ad71-2f4d7e36deed/build]   | [INFO] Running com.thealgorithms.others.BestFitCPUTest
[06515d6e-f429-4d19-ad71-2f4d7e36deed/build]   | [INFO] Tests run: 5, Failures: 0, Errors: 0, Skipped: 0, Time elapsed: 0.001 s - in com.thealgorithms.others.BestFitCPUTest
[06515d6e-f429-4d19-ad71-2f4d7e36deed/build]   | [INFO] Running com.thealgorithms.others.countSetBitsTest
[06515d6e-f429-4d19-ad71-2f4d7e36deed/build]   | [INFO] Tests run: 1, Failures: 0, Errors: 0, Skipped: 0, Time elapsed: 0 s - in com.thealgorithms.others.countSetBitsTest
[06515d6e-f429-4d19-ad71-2f4d7e36deed/build]   | [INFO] Running com.thealgorithms.others.NewManShanksPrimeTest
[06515d6e-f429-4d19-ad71-2f4d7e36deed/build]   | [INFO] Tests run: 8, Failures: 0, Errors: 0, Skipped: 0, Time elapsed: 0.001 s - in com.thealgorithms.others.NewManShanksPrimeTest
[06515d6e-f429-4d19-ad71-2f4d7e36deed/build]   | [INFO] Running com.thealgorithms.others.UniquePathsTests
[06515d6e-f429-4d19-ad71-2f4d7e36deed/build]   | [INFO] Tests run: 8, Failures: 0, Errors: 0, Skipped: 0, Time elapsed: 0.001 s - in com.thealgorithms.others.UniquePathsTests
[06515d6e-f429-4d19-ad71-2f4d7e36deed/build]   | [INFO] Running com.thealgorithms.others.PasswordGenTest
[06515d6e-f429-4d19-ad71-2f4d7e36deed/build]   | [INFO] Tests run: 4, Failures: 0, Errors: 0, Skipped: 0, Time elapsed: 0.007 s - in com.thealgorithms.others.PasswordGenTest
[06515d6e-f429-4d19-ad71-2f4d7e36deed/build]   | [INFO] Running com.thealgorithms.others.FirstFitCPUTest
[06515d6e-f429-4d19-ad71-2f4d7e36deed/build]   | [INFO] Tests run: 5, Failures: 0, Errors: 0, Skipped: 0, Time elapsed: 0.001 s - in com.thealgorithms.others.FirstFitCPUTest
[06515d6e-f429-4d19-ad71-2f4d7e36deed/build]   | [INFO] Running com.thealgorithms.others.ArrayLeftRotationTest
[06515d6e-f429-4d19-ad71-2f4d7e36deed/build]   | [INFO] Tests run: 5, Failures: 0, Errors: 0, Skipped: 0, Time elapsed: 0 s - in com.thealgorithms.others.ArrayLeftRotationTest
[06515d6e-f429-4d19-ad71-2f4d7e36deed/build]   | [INFO] Running com.thealgorithms.others.NextFitCPUTest
[06515d6e-f429-4d19-ad71-2f4d7e36deed/build]   | [INFO] Tests run: 5, Failures: 0, Errors: 0, Skipped: 0, Time elapsed: 0.001 s - in com.thealgorithms.others.NextFitCPUTest
[06515d6e-f429-4d19-ad71-2f4d7e36deed/build]   | [INFO] Running com.thealgorithms.others.CRCAlgorithmTest
[06515d6e-f429-4d19-ad71-2f4d7e36deed/build]   | [INFO] Tests run: 2, Failures: 0, Errors: 0, Skipped: 0, Time elapsed: 0 s - in com.thealgorithms.others.CRCAlgorithmTest
[06515d6e-f429-4d19-ad71-2f4d7e36deed/build]   | [INFO] Running com.thealgorithms.others.cn.HammingDistanceTest
[06515d6e-f429-4d19-ad71-2f4d7e36deed/build]   | Total Error bit count 2
[06515d6e-f429-4d19-ad71-2f4d7e36deed/build]   | Total Error bit count 7
[06515d6e-f429-4d19-ad71-2f4d7e36deed/build]   | Total Error bit count 3
[06515d6e-f429-4d19-ad71-2f4d7e36deed/build]   | No Error bit in data segments
[06515d6e-f429-4d19-ad71-2f4d7e36deed/build]   | No Error bit in data segments
[06515d6e-f429-4d19-ad71-2f4d7e36deed/build]   | [INFO] Tests run: 6, Failures: 0, Errors: 0, Skipped: 0, Time elapsed: 0.057 s - in com.thealgorithms.others.cn.HammingDistanceTest
[06515d6e-f429-4d19-ad71-2f4d7e36deed/build]   | [INFO] Running com.thealgorithms.others.CalculateMaxOfMinTest
[06515d6e-f429-4d19-ad71-2f4d7e36deed/build]   | [INFO] Tests run: 7, Failures: 0, Errors: 0, Skipped: 0, Time elapsed: 0 s - in com.thealgorithms.others.CalculateMaxOfMinTest
[06515d6e-f429-4d19-ad71-2f4d7e36deed/build]   | [INFO] Running com.thealgorithms.others.CRC16Test
[06515d6e-f429-4d19-ad71-2f4d7e36deed/build]   | [INFO] Tests run: 1, Failures: 0, Errors: 0, Skipped: 0, Time elapsed: 0 s - in com.thealgorithms.others.CRC16Test
[06515d6e-f429-4d19-ad71-2f4d7e36deed/build]   | [INFO] Running com.thealgorithms.conversions.HexaDecimalToDecimalTest
[06515d6e-f429-4d19-ad71-2f4d7e36deed/build]   | [INFO] Tests run: 1, Failures: 0, Errors: 0, Skipped: 0, Time elapsed: 0 s - in com.thealgorithms.conversions.HexaDecimalToDecimalTest
[06515d6e-f429-4d19-ad71-2f4d7e36deed/build]   | [INFO] Running com.thealgorithms.conversions.HexToOctTest
[06515d6e-f429-4d19-ad71-2f4d7e36deed/build]   | [INFO] Tests run: 1, Failures: 0, Errors: 0, Skipped: 0, Time elapsed: 0 s - in com.thealgorithms.conversions.HexToOctTest
[06515d6e-f429-4d19-ad71-2f4d7e36deed/build]   | [INFO] Running com.thealgorithms.conversions.HexaDecimalToBinaryTest
[06515d6e-f429-4d19-ad71-2f4d7e36deed/build]   | [INFO] Tests run: 1, Failures: 0, Errors: 0, Skipped: 0, Time elapsed: 0 s - in com.thealgorithms.conversions.HexaDecimalToBinaryTest
[06515d6e-f429-4d19-ad71-2f4d7e36deed/build]   | [INFO] Running com.thealgorithms.conversions.OctalToHexadecimalTest
[06515d6e-f429-4d19-ad71-2f4d7e36deed/build]   | [INFO] Tests run: 1, Failures: 0, Errors: 0, Skipped: 0, Time elapsed: 0 s - in com.thealgorithms.conversions.OctalToHexadecimalTest
[06515d6e-f429-4d19-ad71-2f4d7e36deed/build]   | [INFO] Running com.thealgorithms.conversions.BinaryToHexadecimalTest
[06515d6e-f429-4d19-ad71-2f4d7e36deed/build]   | [INFO] Tests run: 1, Failures: 0, Errors: 0, Skipped: 0, Time elapsed: 0 s - in com.thealgorithms.conversions.BinaryToHexadecimalTest
[06515d6e-f429-4d19-ad71-2f4d7e36deed/build]   | [INFO] Running com.thealgorithms.conversions.RomanToIntegerTest
[06515d6e-f429-4d19-ad71-2f4d7e36deed/build]   | [INFO] Tests run: 1, Failures: 0, Errors: 0, Skipped: 0, Time elapsed: 0 s - in com.thealgorithms.conversions.RomanToIntegerTest
[06515d6e-f429-4d19-ad71-2f4d7e36deed/build]   | [INFO] Running com.thealgorithms.conversions.IntegerToRomanTest
[06515d6e-f429-4d19-ad71-2f4d7e36deed/build]   | [INFO] Tests run: 1, Failures: 0, Errors: 0, Skipped: 0, Time elapsed: 0 s - in com.thealgorithms.conversions.IntegerToRomanTest
[06515d6e-f429-4d19-ad71-2f4d7e36deed/build]   | [INFO] Running com.thealgorithms.conversions.DecimalToHexaDecimalTest
[06515d6e-f429-4d19-ad71-2f4d7e36deed/build]   | [INFO] Tests run: 1, Failures: 0, Errors: 0, Skipped: 0, Time elapsed: 0 s - in com.thealgorithms.conversions.DecimalToHexaDecimalTest
[06515d6e-f429-4d19-ad71-2f4d7e36deed/build]   | [INFO] Running com.thealgorithms.conversions.BinaryToOctalTest
[06515d6e-f429-4d19-ad71-2f4d7e36deed/build]   | [INFO] Tests run: 1, Failures: 0, Errors: 0, Skipped: 0, Time elapsed: 0 s - in com.thealgorithms.conversions.BinaryToOctalTest
[06515d6e-f429-4d19-ad71-2f4d7e36deed/build]   | [INFO] Running com.thealgorithms.conversions.OctalToDecimalTest
[06515d6e-f429-4d19-ad71-2f4d7e36deed/build]   | [INFO] Tests run: 1, Failures: 0, Errors: 0, Skipped: 0, Time elapsed: 0 s - in com.thealgorithms.conversions.OctalToDecimalTest
[06515d6e-f429-4d19-ad71-2f4d7e36deed/build]   | [INFO] Running com.thealgorithms.conversions.BinaryToDecimalTest
[06515d6e-f429-4d19-ad71-2f4d7e36deed/build]   | [INFO] Tests run: 3, Failures: 0, Errors: 0, Skipped: 0, Time elapsed: 0 s - in com.thealgorithms.conversions.BinaryToDecimalTest
[06515d6e-f429-4d19-ad71-2f4d7e36deed/build]   | [INFO] Running com.thealgorithms.ciphers.BlowfishTest
[06515d6e-f429-4d19-ad71-2f4d7e36deed/build]   | [INFO] Tests run: 2, Failures: 0, Errors: 0, Skipped: 0, Time elapsed: 0.015 s - in com.thealgorithms.ciphers.BlowfishTest
[06515d6e-f429-4d19-ad71-2f4d7e36deed/build]   | [INFO] Running com.thealgorithms.ciphers.a5.LFSRTest
[06515d6e-f429-4d19-ad71-2f4d7e36deed/build]   | [INFO] Tests run: 3, Failures: 0, Errors: 0, Skipped: 0, Time elapsed: 0.003 s - in com.thealgorithms.ciphers.a5.LFSRTest
[06515d6e-f429-4d19-ad71-2f4d7e36deed/build]   | [INFO] Running com.thealgorithms.ciphers.SimpleSubstitutionCipherTest
[06515d6e-f429-4d19-ad71-2f4d7e36deed/build]   | [INFO] Tests run: 3, Failures: 0, Errors: 0, Skipped: 0, Time elapsed: 0.001 s - in com.thealgorithms.ciphers.SimpleSubstitutionCipherTest
[06515d6e-f429-4d19-ad71-2f4d7e36deed/build]   | [INFO] Running com.thealgorithms.ciphers.DESTest
[06515d6e-f429-4d19-ad71-2f4d7e36deed/build]   | [INFO] Tests run: 2, Failures: 0, Errors: 0, Skipped: 0, Time elapsed: 0.005 s - in com.thealgorithms.ciphers.DESTest
[06515d6e-f429-4d19-ad71-2f4d7e36deed/build]   | [INFO] Running com.thealgorithms.ciphers.SimpleSubCipherTest
[06515d6e-f429-4d19-ad71-2f4d7e36deed/build]   | [INFO] Tests run: 2, Failures: 0, Errors: 0, Skipped: 0, Time elapsed: 0 s - in com.thealgorithms.ciphers.SimpleSubCipherTest
[06515d6e-f429-4d19-ad71-2f4d7e36deed/build]   | [INFO] Running com.thealgorithms.ciphers.RSATest
[06515d6e-f429-4d19-ad71-2f4d7e36deed/build]   | [INFO] Tests run: 1, Failures: 0, Errors: 0, Skipped: 0, Time elapsed: 0.101 s - in com.thealgorithms.ciphers.RSATest
[06515d6e-f429-4d19-ad71-2f4d7e36deed/build]   | [INFO] Running com.thealgorithms.ciphers.VigenereTest
[06515d6e-f429-4d19-ad71-2f4d7e36deed/build]   | [INFO] Tests run: 2, Failures: 0, Errors: 0, Skipped: 0, Time elapsed: 0 s - in com.thealgorithms.ciphers.VigenereTest
[06515d6e-f429-4d19-ad71-2f4d7e36deed/build]   | [INFO] Running com.thealgorithms.ciphers.PolybiusTest
[06515d6e-f429-4d19-ad71-2f4d7e36deed/build]   | [INFO] Tests run: 3, Failures: 0, Errors: 0, Skipped: 0, Time elapsed: 0.001 s - in com.thealgorithms.ciphers.PolybiusTest
[06515d6e-f429-4d19-ad71-2f4d7e36deed/build]   | [INFO] Running com.thealgorithms.ciphers.CaesarTest
[06515d6e-f429-4d19-ad71-2f4d7e36deed/build]   | [INFO] Tests run: 3, Failures: 0, Errors: 0, Skipped: 0, Time elapsed: 0.001 s - in com.thealgorithms.ciphers.CaesarTest
[06515d6e-f429-4d19-ad71-2f4d7e36deed/build]   | [INFO] Running com.thealgorithms.backtracking.WordSearchTest
[06515d6e-f429-4d19-ad71-2f4d7e36deed/build]   | [INFO] Tests run: 3, Failures: 0, Errors: 0, Skipped: 0, Time elapsed: 0.001 s - in com.thealgorithms.backtracking.WordSearchTest
[06515d6e-f429-4d19-ad71-2f4d7e36deed/build]   | [INFO] Running com.thealgorithms.backtracking.FloodFillTest
[06515d6e-f429-4d19-ad71-2f4d7e36deed/build]   | [INFO] Tests run: 5, Failures: 0, Errors: 0, Skipped: 0, Time elapsed: 0.002 s - in com.thealgorithms.backtracking.FloodFillTest
[06515d6e-f429-4d19-ad71-2f4d7e36deed/build]   | [INFO] Running com.thealgorithms.backtracking.AllPathsFromSourceToTargetTest
[06515d6e-f429-4d19-ad71-2f4d7e36deed/build]   | [INFO] Tests run: 4, Failures: 0, Errors: 0, Skipped: 0, Time elapsed: 0.001 s - in com.thealgorithms.backtracking.AllPathsFromSourceToTargetTest
[06515d6e-f429-4d19-ad71-2f4d7e36deed/build]   | [INFO] Running com.thealgorithms.backtracking.PermutationTest
[06515d6e-f429-4d19-ad71-2f4d7e36deed/build]   | [INFO] Tests run: 3, Failures: 0, Errors: 0, Skipped: 0, Time elapsed: 0.001 s - in com.thealgorithms.backtracking.PermutationTest
[06515d6e-f429-4d19-ad71-2f4d7e36deed/build]   | [INFO] Running com.thealgorithms.backtracking.ArrayCombinationTest
[06515d6e-f429-4d19-ad71-2f4d7e36deed/build]   | [INFO] Tests run: 5, Failures: 0, Errors: 0, Skipped: 0, Time elapsed: 0.006 s - in com.thealgorithms.backtracking.ArrayCombinationTest
[06515d6e-f429-4d19-ad71-2f4d7e36deed/build]   | [INFO] Running com.thealgorithms.backtracking.MazeRecursionTest
[06515d6e-f429-4d19-ad71-2f4d7e36deed/build]   | [INFO] Tests run: 1, Failures: 0, Errors: 0, Skipped: 0, Time elapsed: 0 s - in com.thealgorithms.backtracking.MazeRecursionTest
[06515d6e-f429-4d19-ad71-2f4d7e36deed/build]   | [INFO] Running com.thealgorithms.backtracking.CombinationTest
[06515d6e-f429-4d19-ad71-2f4d7e36deed/build]   | [INFO] Tests run: 3, Failures: 0, Errors: 0, Skipped: 0, Time elapsed: 0.001 s - in com.thealgorithms.backtracking.CombinationTest
[06515d6e-f429-4d19-ad71-2f4d7e36deed/build]   | [INFO] Running com.thealgorithms.backtracking.PowerSumTest
[06515d6e-f429-4d19-ad71-2f4d7e36deed/build]   | [INFO] Tests run: 3, Failures: 0, Errors: 0, Skipped: 0, Time elapsed: 0.001 s - in com.thealgorithms.backtracking.PowerSumTest
[06515d6e-f429-4d19-ad71-2f4d7e36deed/build]   | [INFO] Running com.thealgorithms.maths.SumWithoutArithmeticOperatorsTest
[06515d6e-f429-4d19-ad71-2f4d7e36deed/build]   | [INFO] Tests run: 5, Failures: 0, Errors: 0, Skipped: 0, Time elapsed: 0.001 s - in com.thealgorithms.maths.SumWithoutArithmeticOperatorsTest
[06515d6e-f429-4d19-ad71-2f4d7e36deed/build]   | [INFO] Running com.thealgorithms.maths.AbsoluteMinTest
[06515d6e-f429-4d19-ad71-2f4d7e36deed/build]   | [INFO] Tests run: 2, Failures: 0, Errors: 0, Skipped: 0, Time elapsed: 0.004 s - in com.thealgorithms.maths.AbsoluteMinTest
[06515d6e-f429-4d19-ad71-2f4d7e36deed/build]   | [INFO] Running com.thealgorithms.maths.BinomialCoefficientTest
[06515d6e-f429-4d19-ad71-2f4d7e36deed/build]   | [INFO] Tests run: 1, Failures: 0, Errors: 0, Skipped: 0, Time elapsed: 0 s - in com.thealgorithms.maths.BinomialCoefficientTest
[06515d6e-f429-4d19-ad71-2f4d7e36deed/build]   | [INFO] Running com.thealgorithms.maths.HeronsFormulaTest
[06515d6e-f429-4d19-ad71-2f4d7e36deed/build]   | [INFO] Tests run: 4, Failures: 0, Errors: 0, Skipped: 0, Time elapsed: 0 s - in com.thealgorithms.maths.HeronsFormulaTest
[06515d6e-f429-4d19-ad71-2f4d7e36deed/build]   | [INFO] Running com.thealgorithms.maths.JosephusProblemTest
[06515d6e-f429-4d19-ad71-2f4d7e36deed/build]   | [INFO] Tests run: 1, Failures: 0, Errors: 0, Skipped: 0, Time elapsed: 0 s - in com.thealgorithms.maths.JosephusProblemTest
[06515d6e-f429-4d19-ad71-2f4d7e36deed/build]   | [INFO] Running com.thealgorithms.maths.LucasSeriesTest
[06515d6e-f429-4d19-ad71-2f4d7e36deed/build]   | [INFO] Tests run: 4, Failures: 0, Errors: 0, Skipped: 0, Time elapsed: 0.001 s - in com.thealgorithms.maths.LucasSeriesTest
[06515d6e-f429-4d19-ad71-2f4d7e36deed/build]   | [INFO] Running com.thealgorithms.maths.BinaryPowTest
[06515d6e-f429-4d19-ad71-2f4d7e36deed/build]   | [INFO] Tests run: 1, Failures: 0, Errors: 0, Skipped: 0, Time elapsed: 0 s - in com.thealgorithms.maths.BinaryPowTest
[06515d6e-f429-4d19-ad71-2f4d7e36deed/build]   | [INFO] Running com.thealgorithms.maths.DudeneyNumberTest
[06515d6e-f429-4d19-ad71-2f4d7e36deed/build]   | [INFO] Tests run: 1, Failures: 0, Errors: 0, Skipped: 0, Time elapsed: 0.001 s - in com.thealgorithms.maths.DudeneyNumberTest
[06515d6e-f429-4d19-ad71-2f4d7e36deed/build]   | [INFO] Running com.thealgorithms.maths.FactorialTest
[06515d6e-f429-4d19-ad71-2f4d7e36deed/build]   | [INFO] Tests run: 1, Failures: 0, Errors: 0, Skipped: 0, Time elapsed: 0 s - in com.thealgorithms.maths.FactorialTest
[06515d6e-f429-4d19-ad71-2f4d7e36deed/build]   | [INFO] Running com.thealgorithms.maths.SumOfDigitsTest
[06515d6e-f429-4d19-ad71-2f4d7e36deed/build]   | [INFO] Tests run: 3, Failures: 0, Errors: 0, Skipped: 0, Time elapsed: 0.002 s - in com.thealgorithms.maths.SumOfDigitsTest
[06515d6e-f429-4d19-ad71-2f4d7e36deed/build]   | [INFO] Running com.thealgorithms.maths.TwinPrimeTest
[06515d6e-f429-4d19-ad71-2f4d7e36deed/build]   | [INFO] Tests run: 4, Failures: 0, Errors: 0, Skipped: 0, Time elapsed: 0.001 s - in com.thealgorithms.maths.TwinPrimeTest
[06515d6e-f429-4d19-ad71-2f4d7e36deed/build]   | [INFO] Running com.thealgorithms.maths.DigitalRootTest
[06515d6e-f429-4d19-ad71-2f4d7e36deed/build]   | [INFO] Tests run: 1, Failures: 0, Errors: 0, Skipped: 0, Time elapsed: 0 s - in com.thealgorithms.maths.DigitalRootTest
[06515d6e-f429-4d19-ad71-2f4d7e36deed/build]   | [INFO] Running com.thealgorithms.maths.CeilTest
[06515d6e-f429-4d19-ad71-2f4d7e36deed/build]   | [INFO] Tests run: 1, Failures: 0, Errors: 0, Skipped: 0, Time elapsed: 0 s - in com.thealgorithms.maths.CeilTest
[06515d6e-f429-4d19-ad71-2f4d7e36deed/build]   | [INFO] Running com.thealgorithms.maths.MobiusFunctionTest
[06515d6e-f429-4d19-ad71-2f4d7e36deed/build]   | [INFO] Tests run: 3, Failures: 0, Errors: 0, Skipped: 0, Time elapsed: 0.001 s - in com.thealgorithms.maths.MobiusFunctionTest
[06515d6e-f429-4d19-ad71-2f4d7e36deed/build]   | [INFO] Running com.thealgorithms.maths.PascalTriangleTest
[06515d6e-f429-4d19-ad71-2f4d7e36deed/build]   | [INFO] Tests run: 4, Failures: 0, Errors: 0, Skipped: 0, Time elapsed: 0.001 s - in com.thealgorithms.maths.PascalTriangleTest
[06515d6e-f429-4d19-ad71-2f4d7e36deed/build]   | [INFO] Running com.thealgorithms.maths.AreaTest
[06515d6e-f429-4d19-ad71-2f4d7e36deed/build]   | [INFO] Tests run: 12, Failures: 0, Errors: 0, Skipped: 0, Time elapsed: 0.009 s - in com.thealgorithms.maths.AreaTest
[06515d6e-f429-4d19-ad71-2f4d7e36deed/build]   | [INFO] Running com.thealgorithms.maths.CollatzConjectureTest
[06515d6e-f429-4d19-ad71-2f4d7e36deed/build]   | [INFO] Tests run: 4, Failures: 0, Errors: 0, Skipped: 0, Time elapsed: 0.002 s - in com.thealgorithms.maths.CollatzConjectureTest
[06515d6e-f429-4d19-ad71-2f4d7e36deed/build]   | [INFO] Running com.thealgorithms.maths.AliquotSumTest
[06515d6e-f429-4d19-ad71-2f4d7e36deed/build]   | [INFO] Tests run: 1, Failures: 0, Errors: 0, Skipped: 0, Time elapsed: 0 s - in com.thealgorithms.maths.AliquotSumTest
[06515d6e-f429-4d19-ad71-2f4d7e36deed/build]   | [INFO] Running com.thealgorithms.maths.ArmstrongTest
[06515d6e-f429-4d19-ad71-2f4d7e36deed/build]   | [INFO] Tests run: 1, Failures: 0, Errors: 0, Skipped: 0, Time elapsed: 0 s - in com.thealgorithms.maths.ArmstrongTest
[06515d6e-f429-4d19-ad71-2f4d7e36deed/build]   | [INFO] Running com.thealgorithms.maths.FastInverseSqrtTests
[06515d6e-f429-4d19-ad71-2f4d7e36deed/build]   | [INFO] Tests run: 8, Failures: 0, Errors: 0, Skipped: 0, Time elapsed: 0 s - in com.thealgorithms.maths.FastInverseSqrtTests
[06515d6e-f429-4d19-ad71-2f4d7e36deed/build]   | [INFO] Running com.thealgorithms.maths.AmicableNumberTest
[06515d6e-f429-4d19-ad71-2f4d7e36deed/build]   | [INFO] Tests run: 1, Failures: 0, Errors: 0, Skipped: 0, Time elapsed: 0.001 s - in com.thealgorithms.maths.AmicableNumberTest
[06515d6e-f429-4d19-ad71-2f4d7e36deed/build]   | [INFO] Running com.thealgorithms.maths.PerimeterTest
[06515d6e-f429-4d19-ad71-2f4d7e36deed/build]   | [INFO] Tests run: 8, Failures: 0, Errors: 0, Skipped: 0, Time elapsed: 0.003 s - in com.thealgorithms.maths.PerimeterTest
[06515d6e-f429-4d19-ad71-2f4d7e36deed/build]   | [INFO] Running com.thealgorithms.maths.PollardRhoTest
[06515d6e-f429-4d19-ad71-2f4d7e36deed/build]   | [INFO] Tests run: 3, Failures: 0, Errors: 0, Skipped: 0, Time elapsed: 0 s - in com.thealgorithms.maths.PollardRhoTest
[06515d6e-f429-4d19-ad71-2f4d7e36deed/build]   | [INFO] Running com.thealgorithms.maths.StandardScoreTest
[06515d6e-f429-4d19-ad71-2f4d7e36deed/build]   | [INFO] Tests run: 4, Failures: 0, Errors: 0, Skipped: 0, Time elapsed: 0 s - in com.thealgorithms.maths.StandardScoreTest
[06515d6e-f429-4d19-ad71-2f4d7e36deed/build]   | [INFO] Running com.thealgorithms.maths.FFTTest
[06515d6e-f429-4d19-ad71-2f4d7e36deed/build]   | [INFO] Tests run: 12, Failures: 0, Errors: 0, Skipped: 0, Time elapsed: 0.003 s - in com.thealgorithms.maths.FFTTest
[06515d6e-f429-4d19-ad71-2f4d7e36deed/build]   | [INFO] Running com.thealgorithms.maths.HarshadNumberTest
[06515d6e-f429-4d19-ad71-2f4d7e36deed/build]   | [INFO] Tests run: 1, Failures: 0, Errors: 0, Skipped: 0, Time elapsed: 0 s - in com.thealgorithms.maths.HarshadNumberTest
[06515d6e-f429-4d19-ad71-2f4d7e36deed/build]   | [INFO] Running com.thealgorithms.maths.ADTFractionTest
[06515d6e-f429-4d19-ad71-2f4d7e36deed/build]   | [INFO] Tests run: 7, Failures: 0, Errors: 0, Skipped: 0, Time elapsed: 0.003 s - in com.thealgorithms.maths.ADTFractionTest
[06515d6e-f429-4d19-ad71-2f4d7e36deed/build]   | [INFO] Running com.thealgorithms.maths.LongDivisionTest
[06515d6e-f429-4d19-ad71-2f4d7e36deed/build]   | [INFO] Tests run: 7, Failures: 0, Errors: 0, Skipped: 0, Time elapsed: 0.001 s - in com.thealgorithms.maths.LongDivisionTest
[06515d6e-f429-4d19-ad71-2f4d7e36deed/build]   | [INFO] Running com.thealgorithms.maths.LeonardoNumberTest
[06515d6e-f429-4d19-ad71-2f4d7e36deed/build]   | [INFO] Tests run: 5, Failures: 0, Errors: 0, Skipped: 0, Time elapsed: 0 s - in com.thealgorithms.maths.LeonardoNumberTest
[06515d6e-f429-4d19-ad71-2f4d7e36deed/build]   | [INFO] Running com.thealgorithms.maths.DistanceFormulaTest
[06515d6e-f429-4d19-ad71-2f4d7e36deed/build]   | [INFO] Tests run: 13, Failures: 0, Errors: 0, Skipped: 0, Time elapsed: 0.001 s - in com.thealgorithms.maths.DistanceFormulaTest
[06515d6e-f429-4d19-ad71-2f4d7e36deed/build]   | [INFO] Running com.thealgorithms.maths.PrimeCheckTest
[06515d6e-f429-4d19-ad71-2f4d7e36deed/build]   | [INFO] Tests run: 7, Failures: 0, Errors: 0, Skipped: 0, Time elapsed: 0.001 s - in com.thealgorithms.maths.PrimeCheckTest
[06515d6e-f429-4d19-ad71-2f4d7e36deed/build]   | [INFO] Running com.thealgorithms.maths.SquareFreeIntegerTest
[06515d6e-f429-4d19-ad71-2f4d7e36deed/build]   | [INFO] Tests run: 3, Failures: 0, Errors: 0, Skipped: 0, Time elapsed: 0.025 s - in com.thealgorithms.maths.SquareFreeIntegerTest
[06515d6e-f429-4d19-ad71-2f4d7e36deed/build]   | [INFO] Running com.thealgorithms.maths.KaprekarNumbersTest
[06515d6e-f429-4d19-ad71-2f4d7e36deed/build]   | [INFO] Tests run: 9, Failures: 0, Errors: 0, Skipped: 0, Time elapsed: 0.333 s - in com.thealgorithms.maths.KaprekarNumbersTest
[06515d6e-f429-4d19-ad71-2f4d7e36deed/build]   | [INFO] Running com.thealgorithms.maths.StandardDeviationTest
[06515d6e-f429-4d19-ad71-2f4d7e36deed/build]   | [INFO] Tests run: 4, Failures: 0, Errors: 0, Skipped: 0, Time elapsed: 0 s - in com.thealgorithms.maths.StandardDeviationTest
[06515d6e-f429-4d19-ad71-2f4d7e36deed/build]   | [INFO] Running com.thealgorithms.maths.TestArmstrong
[06515d6e-f429-4d19-ad71-2f4d7e36deed/build]   | [INFO] Tests run: 1, Failures: 0, Errors: 0, Skipped: 0, Time elapsed: 0 s - in com.thealgorithms.maths.TestArmstrong
[06515d6e-f429-4d19-ad71-2f4d7e36deed/build]   | [INFO] Running com.thealgorithms.maths.GaussianTest
[06515d6e-f429-4d19-ad71-2f4d7e36deed/build]   | [INFO] Tests run: 1, Failures: 0, Errors: 0, Skipped: 0, Time elapsed: 0 s - in com.thealgorithms.maths.GaussianTest
[06515d6e-f429-4d19-ad71-2f4d7e36deed/build]   | [INFO] Running com.thealgorithms.maths.LiouvilleLambdaFunctionTest
[06515d6e-f429-4d19-ad71-2f4d7e36deed/build]   | [INFO] Tests run: 4, Failures: 0, Errors: 0, Skipped: 0, Time elapsed: 0.001 s - in com.thealgorithms.maths.LiouvilleLambdaFunctionTest
[06515d6e-f429-4d19-ad71-2f4d7e36deed/build]   | [INFO] Running com.thealgorithms.maths.AutomorphicNumberTest
[06515d6e-f429-4d19-ad71-2f4d7e36deed/build]   | [INFO] Tests run: 1, Failures: 0, Errors: 0, Skipped: 0, Time elapsed: 0 s - in com.thealgorithms.maths.AutomorphicNumberTest
[06515d6e-f429-4d19-ad71-2f4d7e36deed/build]   | [INFO] Running com.thealgorithms.maths.SquareRootwithBabylonianMethodTest
[06515d6e-f429-4d19-ad71-2f4d7e36deed/build]   | [INFO] Tests run: 4, Failures: 0, Errors: 0, Skipped: 0, Time elapsed: 0 s - in com.thealgorithms.maths.SquareRootwithBabylonianMethodTest
[06515d6e-f429-4d19-ad71-2f4d7e36deed/build]   | [INFO] Running com.thealgorithms.maths.PerfectNumberTest
[06515d6e-f429-4d19-ad71-2f4d7e36deed/build]   | [INFO] Tests run: 1, Failures: 0, Errors: 0, Skipped: 0, Time elapsed: 0.145 s - in com.thealgorithms.maths.PerfectNumberTest
[06515d6e-f429-4d19-ad71-2f4d7e36deed/build]   | [INFO] Running com.thealgorithms.maths.GCDTest
[06515d6e-f429-4d19-ad71-2f4d7e36deed/build]   | [INFO] Tests run: 10, Failures: 0, Errors: 0, Skipped: 0, Time elapsed: 0.002 s - in com.thealgorithms.maths.GCDTest
[06515d6e-f429-4d19-ad71-2f4d7e36deed/build]   | [INFO] Running com.thealgorithms.maths.FindMaxTest
[06515d6e-f429-4d19-ad71-2f4d7e36deed/build]   | [INFO] Tests run: 1, Failures: 0, Errors: 0, Skipped: 0, Time elapsed: 0 s - in com.thealgorithms.maths.FindMaxTest
[06515d6e-f429-4d19-ad71-2f4d7e36deed/build]   | [INFO] Running com.thealgorithms.maths.PrimeFactorizationTest
[06515d6e-f429-4d19-ad71-2f4d7e36deed/build]   | [INFO] Tests run: 2, Failures: 0, Errors: 0, Skipped: 0, Time elapsed: 0 s - in com.thealgorithms.maths.PrimeFactorizationTest
[06515d6e-f429-4d19-ad71-2f4d7e36deed/build]   | [INFO] Running com.thealgorithms.maths.FrizzyNumberTest
[06515d6e-f429-4d19-ad71-2f4d7e36deed/build]   | [INFO] Tests run: 3, Failures: 0, Errors: 0, Skipped: 0, Time elapsed: 0 s - in com.thealgorithms.maths.FrizzyNumberTest
[06515d6e-f429-4d19-ad71-2f4d7e36deed/build]   | [INFO] Running com.thealgorithms.maths.LeastCommonMultipleTest
[06515d6e-f429-4d19-ad71-2f4d7e36deed/build]   | [INFO] Tests run: 2, Failures: 0, Errors: 0, Skipped: 0, Time elapsed: 0 s - in com.thealgorithms.maths.LeastCommonMultipleTest
[06515d6e-f429-4d19-ad71-2f4d7e36deed/build]   | [INFO] Running com.thealgorithms.maths.PythagoreanTripleTest
[06515d6e-f429-4d19-ad71-2f4d7e36deed/build]   | [INFO] Tests run: 1, Failures: 0, Errors: 0, Skipped: 0, Time elapsed: 0 s - in com.thealgorithms.maths.PythagoreanTripleTest
[06515d6e-f429-4d19-ad71-2f4d7e36deed/build]   | [INFO] Running com.thealgorithms.maths.PerfectSquareTest
[06515d6e-f429-4d19-ad71-2f4d7e36deed/build]   | [INFO] Tests run: 3, Failures: 0, Errors: 0, Skipped: 0, Time elapsed: 0 s - in com.thealgorithms.maths.PerfectSquareTest
[06515d6e-f429-4d19-ad71-2f4d7e36deed/build]   | [INFO] Running com.thealgorithms.maths.PerfectCubeTest
[06515d6e-f429-4d19-ad71-2f4d7e36deed/build]   | [INFO] Tests run: 1, Failures: 0, Errors: 0, Skipped: 0, Time elapsed: 0 s - in com.thealgorithms.maths.PerfectCubeTest
[06515d6e-f429-4d19-ad71-2f4d7e36deed/build]   | [INFO] Running com.thealgorithms.maths.CombinationsTest
[06515d6e-f429-4d19-ad71-2f4d7e36deed/build]   | [INFO] Tests run: 2, Failures: 0, Errors: 0, Skipped: 0, Time elapsed: 0 s - in com.thealgorithms.maths.CombinationsTest
[06515d6e-f429-4d19-ad71-2f4d7e36deed/build]   | [INFO] Running com.thealgorithms.maths.MedianTest
[06515d6e-f429-4d19-ad71-2f4d7e36deed/build]   | [INFO] Tests run: 5, Failures: 0, Errors: 0, Skipped: 0, Time elapsed: 0 s - in com.thealgorithms.maths.MedianTest
[06515d6e-f429-4d19-ad71-2f4d7e36deed/build]   | [INFO] Running com.thealgorithms.maths.AverageTest
[06515d6e-f429-4d19-ad71-2f4d7e36deed/build]   | [INFO] Tests run: 4, Failures: 0, Errors: 0, Skipped: 0, Time elapsed: 0.001 s - in com.thealgorithms.maths.AverageTest
[06515d6e-f429-4d19-ad71-2f4d7e36deed/build]   | [INFO] Running com.thealgorithms.maths.VolumeTest
[06515d6e-f429-4d19-ad71-2f4d7e36deed/build]   | [INFO] Tests run: 1, Failures: 0, Errors: 0, Skipped: 0, Time elapsed: 0 s - in com.thealgorithms.maths.VolumeTest
[06515d6e-f429-4d19-ad71-2f4d7e36deed/build]   | [INFO] Running com.thealgorithms.maths.AbsoluteValueTest
[06515d6e-f429-4d19-ad71-2f4d7e36deed/build]   | [INFO] Tests run: 1, Failures: 0, Errors: 0, Skipped: 0, Time elapsed: 0.001 s - in com.thealgorithms.maths.AbsoluteValueTest
[06515d6e-f429-4d19-ad71-2f4d7e36deed/build]   | [INFO] Running com.thealgorithms.maths.FindMinTest
[06515d6e-f429-4d19-ad71-2f4d7e36deed/build]   | [INFO] Tests run: 5, Failures: 0, Errors: 0, Skipped: 0, Time elapsed: 0.001 s - in com.thealgorithms.maths.FindMinTest
[06515d6e-f429-4d19-ad71-2f4d7e36deed/build]   | [INFO] Running com.thealgorithms.maths.AbsoluteMaxTest
[06515d6e-f429-4d19-ad71-2f4d7e36deed/build]   | [INFO] Tests run: 2, Failures: 0, Errors: 0, Skipped: 0, Time elapsed: 0 s - in com.thealgorithms.maths.AbsoluteMaxTest
[06515d6e-f429-4d19-ad71-2f4d7e36deed/build]   | [INFO] Running com.thealgorithms.maths.PronicNumberTest
[06515d6e-f429-4d19-ad71-2f4d7e36deed/build]   | [INFO] Tests run: 2, Failures: 0, Errors: 0, Skipped: 0, Time elapsed: 0 s - in com.thealgorithms.maths.PronicNumberTest
[06515d6e-f429-4d19-ad71-2f4d7e36deed/build]   | [INFO] Running com.thealgorithms.scheduling.FCFSSchedulingTest
[06515d6e-f429-4d19-ad71-2f4d7e36deed/build]   | [INFO] Tests run: 1, Failures: 0, Errors: 0, Skipped: 0, Time elapsed: 0 s - in com.thealgorithms.scheduling.FCFSSchedulingTest
[06515d6e-f429-4d19-ad71-2f4d7e36deed/build]   | [INFO] Running com.thealgorithms.scheduling.RRSchedulingTest
[06515d6e-f429-4d19-ad71-2f4d7e36deed/build]   | [INFO] Tests run: 1, Failures: 0, Errors: 0, Skipped: 0, Time elapsed: 0 s - in com.thealgorithms.scheduling.RRSchedulingTest
[06515d6e-f429-4d19-ad71-2f4d7e36deed/build]   | [INFO] Running com.thealgorithms.scheduling.SJFSchedulingTest
[06515d6e-f429-4d19-ad71-2f4d7e36deed/build]   | [INFO] Tests run: 7, Failures: 0, Errors: 0, Skipped: 0, Time elapsed: 0.001 s - in com.thealgorithms.scheduling.SJFSchedulingTest
[06515d6e-f429-4d19-ad71-2f4d7e36deed/build]   | [INFO] Running com.thealgorithms.sorts.MergeSortRecursiveTest
[06515d6e-f429-4d19-ad71-2f4d7e36deed/build]   | [INFO] Tests run: 2, Failures: 0, Errors: 0, Skipped: 0, Time elapsed: 0.001 s - in com.thealgorithms.sorts.MergeSortRecursiveTest
[06515d6e-f429-4d19-ad71-2f4d7e36deed/build]   | [INFO] Running com.thealgorithms.sorts.SortUtilsRandomGeneratorTest
[06515d6e-f429-4d19-ad71-2f4d7e36deed/build]   | [INFO] Tests run: 2001, Failures: 0, Errors: 0, Skipped: 0, Time elapsed: 0.574 s - in com.thealgorithms.sorts.SortUtilsRandomGeneratorTest
[06515d6e-f429-4d19-ad71-2f4d7e36deed/build]   | [INFO] Running com.thealgorithms.sorts.BucketSortTest
[06515d6e-f429-4d19-ad71-2f4d7e36deed/build]   | [INFO] Tests run: 5, Failures: 0, Errors: 0, Skipped: 0, Time elapsed: 0 s - in com.thealgorithms.sorts.BucketSortTest
[06515d6e-f429-4d19-ad71-2f4d7e36deed/build]   | [INFO] Running com.thealgorithms.sorts.ShellSortTest
[06515d6e-f429-4d19-ad71-2f4d7e36deed/build]   | [INFO] Tests run: 7, Failures: 0, Errors: 0, Skipped: 0, Time elapsed: 0 s - in com.thealgorithms.sorts.ShellSortTest
[06515d6e-f429-4d19-ad71-2f4d7e36deed/build]   | [INFO] Running com.thealgorithms.sorts.TimSortTest
[06515d6e-f429-4d19-ad71-2f4d7e36deed/build]   | [INFO] Tests run: 16, Failures: 0, Errors: 0, Skipped: 0, Time elapsed: 0 s - in com.thealgorithms.sorts.TimSortTest
[06515d6e-f429-4d19-ad71-2f4d7e36deed/build]   | [INFO] Running com.thealgorithms.sorts.SortUtilsTest
[06515d6e-f429-4d19-ad71-2f4d7e36deed/build]   | [INFO] Tests run: 6, Failures: 0, Errors: 0, Skipped: 0, Time elapsed: 0 s - in com.thealgorithms.sorts.SortUtilsTest
[06515d6e-f429-4d19-ad71-2f4d7e36deed/build]   | [INFO] Running com.thealgorithms.sorts.CocktailShakerSortTest
[06515d6e-f429-4d19-ad71-2f4d7e36deed/build]   | [INFO] Tests run: 4, Failures: 0, Errors: 0, Skipped: 0, Time elapsed: 0 s - in com.thealgorithms.sorts.CocktailShakerSortTest
[06515d6e-f429-4d19-ad71-2f4d7e36deed/build]   | [INFO] Running com.thealgorithms.sorts.TreeSortTest
[06515d6e-f429-4d19-ad71-2f4d7e36deed/build]   | [INFO] Tests run: 5, Failures: 0, Errors: 0, Skipped: 0, Time elapsed: 0 s - in com.thealgorithms.sorts.TreeSortTest
[06515d6e-f429-4d19-ad71-2f4d7e36deed/build]   | [INFO] Running com.thealgorithms.sorts.InsertionSortTest
[06515d6e-f429-4d19-ad71-2f4d7e36deed/build]   | [INFO] Tests run: 7, Failures: 0, Errors: 0, Skipped: 0, Time elapsed: 0.144 s - in com.thealgorithms.sorts.InsertionSortTest
[06515d6e-f429-4d19-ad71-2f4d7e36deed/build]   | [INFO] Running com.thealgorithms.sorts.TopologicalSortTest
[06515d6e-f429-4d19-ad71-2f4d7e36deed/build]   | [INFO] Tests run: 2, Failures: 0, Errors: 0, Skipped: 0, Time elapsed: 0.004 s - in com.thealgorithms.sorts.TopologicalSortTest
[06515d6e-f429-4d19-ad71-2f4d7e36deed/build]   | [INFO] Running com.thealgorithms.sorts.OddEvenSortTest
[06515d6e-f429-4d19-ad71-2f4d7e36deed/build]   | [INFO] Tests run: 3, Failures: 0, Errors: 0, Skipped: 0, Time elapsed: 0.001 s - in com.thealgorithms.sorts.OddEvenSortTest
[06515d6e-f429-4d19-ad71-2f4d7e36deed/build]   | [INFO] Running com.thealgorithms.sorts.HeapSortTest
[06515d6e-f429-4d19-ad71-2f4d7e36deed/build]   | [INFO] Tests run: 16, Failures: 0, Errors: 0, Skipped: 0, Time elapsed: 0.022 s - in com.thealgorithms.sorts.HeapSortTest
[06515d6e-f429-4d19-ad71-2f4d7e36deed/build]   | [INFO] Running com.thealgorithms.sorts.SelectionSortTest
[06515d6e-f429-4d19-ad71-2f4d7e36deed/build]   | [INFO] Tests run: 3, Failures: 0, Errors: 0, Skipped: 0, Time elapsed: 0.001 s - in com.thealgorithms.sorts.SelectionSortTest
[06515d6e-f429-4d19-ad71-2f4d7e36deed/build]   | [INFO] Running com.thealgorithms.sorts.BubbleSortTest
[06515d6e-f429-4d19-ad71-2f4d7e36deed/build]   | [INFO] Tests run: 5, Failures: 0, Errors: 0, Skipped: 0, Time elapsed: 0.001 s - in com.thealgorithms.sorts.BubbleSortTest
[06515d6e-f429-4d19-ad71-2f4d7e36deed/build]   | [INFO] Running com.thealgorithms.sorts.BogoSortTest
[06515d6e-f429-4d19-ad71-2f4d7e36deed/build]   | [INFO] Tests run: 7, Failures: 0, Errors: 0, Skipped: 0, Time elapsed: 0.006 s - in com.thealgorithms.sorts.BogoSortTest
[06515d6e-f429-4d19-ad71-2f4d7e36deed/build]   | [INFO] Running com.thealgorithms.sorts.CombSortTest
[06515d6e-f429-4d19-ad71-2f4d7e36deed/build]   | [INFO] Tests run: 5, Failures: 0, Errors: 0, Skipped: 0, Time elapsed: 0.001 s - in com.thealgorithms.sorts.CombSortTest
[06515d6e-f429-4d19-ad71-2f4d7e36deed/build]   | [INFO] Running com.thealgorithms.sorts.BinaryInsertionSortTest
[06515d6e-f429-4d19-ad71-2f4d7e36deed/build]   | [INFO] Tests run: 2, Failures: 0, Errors: 0, Skipped: 0, Time elapsed: 0 s - in com.thealgorithms.sorts.BinaryInsertionSortTest
[06515d6e-f429-4d19-ad71-2f4d7e36deed/build]   | [INFO] Running com.thealgorithms.sorts.WiggleSortTest
[06515d6e-f429-4d19-ad71-2f4d7e36deed/build]   | [2, 5, 1, 2, 1, 2]
[06515d6e-f429-4d19-ad71-2f4d7e36deed/build]   | [INFO] Tests run: 7, Failures: 0, Errors: 0, Skipped: 0, Time elapsed: 0.002 s - in com.thealgorithms.sorts.WiggleSortTest
[06515d6e-f429-4d19-ad71-2f4d7e36deed/build]   | [INFO] Running com.thealgorithms.sorts.QuickSortTest
[06515d6e-f429-4d19-ad71-2f4d7e36deed/build]   | [INFO] Tests run: 16, Failures: 0, Errors: 0, Skipped: 0, Time elapsed: 0.014 s - in com.thealgorithms.sorts.QuickSortTest
[06515d6e-f429-4d19-ad71-2f4d7e36deed/build]   | [INFO] Running com.thealgorithms.sorts.MergeSortTest
[06515d6e-f429-4d19-ad71-2f4d7e36deed/build]   | [INFO] Tests run: 16, Failures: 0, Errors: 0, Skipped: 0, Time elapsed: 0.015 s - in com.thealgorithms.sorts.MergeSortTest
[06515d6e-f429-4d19-ad71-2f4d7e36deed/build]   | [INFO] Running com.thealgorithms.sorts.DutchNationalFlagSortTest
[06515d6e-f429-4d19-ad71-2f4d7e36deed/build]   | [INFO] Tests run: 8, Failures: 0, Errors: 0, Skipped: 0, Time elapsed: 0.001 s - in com.thealgorithms.sorts.DutchNationalFlagSortTest
[06515d6e-f429-4d19-ad71-2f4d7e36deed/build]   | [INFO] Running com.thealgorithms.sorts.BeadSortTest
[06515d6e-f429-4d19-ad71-2f4d7e36deed/build]   | [INFO] Tests run: 4, Failures: 0, Errors: 0, Skipped: 0, Time elapsed: 0 s - in com.thealgorithms.sorts.BeadSortTest
[06515d6e-f429-4d19-ad71-2f4d7e36deed/build]   | [INFO] Running com.thealgorithms.sorts.StrandSortTest
[06515d6e-f429-4d19-ad71-2f4d7e36deed/build]   | [INFO] Tests run: 2, Failures: 0, Errors: 0, Skipped: 0, Time elapsed: 0 s - in com.thealgorithms.sorts.StrandSortTest
[06515d6e-f429-4d19-ad71-2f4d7e36deed/build]   | [INFO] Running com.thealgorithms.sorts.IntrospectiveSortTest
[06515d6e-f429-4d19-ad71-2f4d7e36deed/build]   | [INFO] Tests run: 7, Failures: 0, Errors: 0, Skipped: 0, Time elapsed: 0.002 s - in com.thealgorithms.sorts.IntrospectiveSortTest
[06515d6e-f429-4d19-ad71-2f4d7e36deed/build]   | [INFO] Running com.thealgorithms.sorts.SimpleSortTest
[06515d6e-f429-4d19-ad71-2f4d7e36deed/build]   | [INFO] Tests run: 7, Failures: 0, Errors: 0, Skipped: 0, Time elapsed: 0.001 s - in com.thealgorithms.sorts.SimpleSortTest
[06515d6e-f429-4d19-ad71-2f4d7e36deed/build]   | [INFO] Running com.thealgorithms.sorts.DualPivotQuickSortTest
[06515d6e-f429-4d19-ad71-2f4d7e36deed/build]   | [INFO] Tests run: 6, Failures: 0, Errors: 0, Skipped: 0, Time elapsed: 0 s - in com.thealgorithms.sorts.DualPivotQuickSortTest
[06515d6e-f429-4d19-ad71-2f4d7e36deed/build]   | [INFO] Running com.thealgorithms.sorts.SlowSortTest
[06515d6e-f429-4d19-ad71-2f4d7e36deed/build]   | [INFO] Tests run: 8, Failures: 0, Errors: 0, Skipped: 0, Time elapsed: 0.002 s - in com.thealgorithms.sorts.SlowSortTest
[06515d6e-f429-4d19-ad71-2f4d7e36deed/build]   | [INFO] Running com.thealgorithms.divideandconquer.StrassenMatrixMultiplicationTest
[06515d6e-f429-4d19-ad71-2f4d7e36deed/build]   | [INFO] Tests run: 3, Failures: 0, Errors: 0, Skipped: 0, Time elapsed: 0.001 s - in com.thealgorithms.divideandconquer.StrassenMatrixMultiplicationTest
[06515d6e-f429-4d19-ad71-2f4d7e36deed/build]   | [INFO] Running com.thealgorithms.divideandconquer.BinaryExponentiationTest
[06515d6e-f429-4d19-ad71-2f4d7e36deed/build]   | [INFO] Tests run: 2, Failures: 0, Errors: 0, Skipped: 0, Time elapsed: 0 s - in com.thealgorithms.divideandconquer.BinaryExponentiationTest
[06515d6e-f429-4d19-ad71-2f4d7e36deed/build]   | [INFO] Running com.thealgorithms.strings.HammingDistanceTest
[06515d6e-f429-4d19-ad71-2f4d7e36deed/build]   | [INFO] Tests run: 2, Failures: 0, Errors: 0, Skipped: 0, Time elapsed: 0 s - in com.thealgorithms.strings.HammingDistanceTest
[06515d6e-f429-4d19-ad71-2f4d7e36deed/build]   | [INFO] Running com.thealgorithms.strings.WordLadderTest
[06515d6e-f429-4d19-ad71-2f4d7e36deed/build]   | [INFO] Tests run: 1, Failures: 0, Errors: 0, Skipped: 0, Time elapsed: 0 s - in com.thealgorithms.strings.WordLadderTest
[06515d6e-f429-4d19-ad71-2f4d7e36deed/build]   | [INFO] Running com.thealgorithms.strings.StringCompressionTest
[06515d6e-f429-4d19-ad71-2f4d7e36deed/build]   | [INFO] Tests run: 4, Failures: 0, Errors: 0, Skipped: 0, Time elapsed: 0.062 s - in com.thealgorithms.strings.StringCompressionTest
[06515d6e-f429-4d19-ad71-2f4d7e36deed/build]   | [INFO] Running com.thealgorithms.strings.CharacterSameTest
[06515d6e-f429-4d19-ad71-2f4d7e36deed/build]   | [INFO] Tests run: 1, Failures: 0, Errors: 0, Skipped: 0, Time elapsed: 0 s - in com.thealgorithms.strings.CharacterSameTest
[06515d6e-f429-4d19-ad71-2f4d7e36deed/build]   | [INFO] Running com.thealgorithms.strings.longestNonRepeativeSubstringTest
[06515d6e-f429-4d19-ad71-2f4d7e36deed/build]   | [INFO] Tests run: 1, Failures: 0, Errors: 0, Skipped: 0, Time elapsed: 0 s - in com.thealgorithms.strings.longestNonRepeativeSubstringTest
[06515d6e-f429-4d19-ad71-2f4d7e36deed/build]   | [INFO] Running com.thealgorithms.strings.RotationTest
[06515d6e-f429-4d19-ad71-2f4d7e36deed/build]   | [INFO] Tests run: 1, Failures: 0, Errors: 0, Skipped: 0, Time elapsed: 0.001 s - in com.thealgorithms.strings.RotationTest
[06515d6e-f429-4d19-ad71-2f4d7e36deed/build]   | [INFO] Running com.thealgorithms.strings.AnagramsTest
[06515d6e-f429-4d19-ad71-2f4d7e36deed/build]   | [INFO] Tests run: 1, Failures: 0, Errors: 0, Skipped: 0, Time elapsed: 0 s - in com.thealgorithms.strings.AnagramsTest
[06515d6e-f429-4d19-ad71-2f4d7e36deed/build]   | [INFO] Running com.thealgorithms.strings.MyAtoiTest
[06515d6e-f429-4d19-ad71-2f4d7e36deed/build]   | [INFO] Tests run: 7, Failures: 0, Errors: 0, Skipped: 0, Time elapsed: 0.003 s - in com.thealgorithms.strings.MyAtoiTest
[06515d6e-f429-4d19-ad71-2f4d7e36deed/build]   | [INFO] Running com.thealgorithms.strings.AlphabeticalTest
[06515d6e-f429-4d19-ad71-2f4d7e36deed/build]   | [INFO] Tests run: 1, Failures: 0, Errors: 0, Skipped: 0, Time elapsed: 0 s - in com.thealgorithms.strings.AlphabeticalTest
[06515d6e-f429-4d19-ad71-2f4d7e36deed/build]   | [INFO] Running com.thealgorithms.strings.LowerTest
[06515d6e-f429-4d19-ad71-2f4d7e36deed/build]   | [INFO] Tests run: 1, Failures: 0, Errors: 0, Skipped: 0, Time elapsed: 0 s - in com.thealgorithms.strings.LowerTest
[06515d6e-f429-4d19-ad71-2f4d7e36deed/build]   | [INFO] Running com.thealgorithms.strings.CheckAnagramsTest
[06515d6e-f429-4d19-ad71-2f4d7e36deed/build]   | [INFO] Tests run: 4, Failures: 0, Errors: 0, Skipped: 0, Time elapsed: 0 s - in com.thealgorithms.strings.CheckAnagramsTest
[06515d6e-f429-4d19-ad71-2f4d7e36deed/build]   | [INFO] Running com.thealgorithms.strings.ReverseStringRecursiveTest
[06515d6e-f429-4d19-ad71-2f4d7e36deed/build]   | [INFO] Tests run: 3, Failures: 0, Errors: 0, Skipped: 0, Time elapsed: 0.001 s - in com.thealgorithms.strings.ReverseStringRecursiveTest
[06515d6e-f429-4d19-ad71-2f4d7e36deed/build]   | [INFO] Running com.thealgorithms.strings.UpperTest
[06515d6e-f429-4d19-ad71-2f4d7e36deed/build]   | [INFO] Tests run: 1, Failures: 0, Errors: 0, Skipped: 0, Time elapsed: 0 s - in com.thealgorithms.strings.UpperTest
[06515d6e-f429-4d19-ad71-2f4d7e36deed/build]   | [INFO] Running com.thealgorithms.strings.LetterCombinationsOfPhoneNumberTest
[06515d6e-f429-4d19-ad71-2f4d7e36deed/build]   | [INFO] Tests run: 1, Failures: 0, Errors: 0, Skipped: 0, Time elapsed: 0 s - in com.thealgorithms.strings.LetterCombinationsOfPhoneNumberTest
[06515d6e-f429-4d19-ad71-2f4d7e36deed/build]   | [INFO] Running com.thealgorithms.strings.zigZagPattern.zigZagPatternTest
[06515d6e-f429-4d19-ad71-2f4d7e36deed/build]   | [INFO] Tests run: 1, Failures: 0, Errors: 0, Skipped: 0, Time elapsed: 0 s - in com.thealgorithms.strings.zigZagPattern.zigZagPatternTest
[06515d6e-f429-4d19-ad71-2f4d7e36deed/build]   | [INFO] Running com.thealgorithms.strings.ReverseStringTest
[06515d6e-f429-4d19-ad71-2f4d7e36deed/build]   | [INFO] Tests run: 1, Failures: 0, Errors: 0, Skipped: 0, Time elapsed: 0 s - in com.thealgorithms.strings.ReverseStringTest
[06515d6e-f429-4d19-ad71-2f4d7e36deed/build]   | [INFO] Running com.thealgorithms.strings.PalindromeTest
[06515d6e-f429-4d19-ad71-2f4d7e36deed/build]   | [INFO] Tests run: 1, Failures: 0, Errors: 0, Skipped: 0, Time elapsed: 0 s - in com.thealgorithms.strings.PalindromeTest
[06515d6e-f429-4d19-ad71-2f4d7e36deed/build]   | [INFO] Running com.thealgorithms.strings.PangramTest
[06515d6e-f429-4d19-ad71-2f4d7e36deed/build]   | [INFO] Tests run: 1, Failures: 0, Errors: 0, Skipped: 0, Time elapsed: 0 s - in com.thealgorithms.strings.PangramTest
[06515d6e-f429-4d19-ad71-2f4d7e36deed/build]   | [INFO] Running com.thealgorithms.strings.CheckVowelsTest
[06515d6e-f429-4d19-ad71-2f4d7e36deed/build]   | [INFO] Tests run: 1, Failures: 0, Errors: 0, Skipped: 0, Time elapsed: 0.001 s - in com.thealgorithms.strings.CheckVowelsTest
[06515d6e-f429-4d19-ad71-2f4d7e36deed/build]   | [INFO] Running com.thealgorithms.strings.ValidParenthesesTest
[06515d6e-f429-4d19-ad71-2f4d7e36deed/build]   | [INFO] Tests run: 3, Failures: 0, Errors: 0, Skipped: 0, Time elapsed: 0 s - in com.thealgorithms.strings.ValidParenthesesTest
[06515d6e-f429-4d19-ad71-2f4d7e36deed/build]   | [INFO] Running com.thealgorithms.strings.HorspoolSearchTest
[06515d6e-f429-4d19-ad71-2f4d7e36deed/build]   | [INFO] Tests run: 13, Failures: 0, Errors: 0, Skipped: 0, Time elapsed: 0.003 s - in com.thealgorithms.strings.HorspoolSearchTest
[06515d6e-f429-4d19-ad71-2f4d7e36deed/build]   | [INFO] Running com.thealgorithms.dynamicprogramming.PartitionProblemTest
[06515d6e-f429-4d19-ad71-2f4d7e36deed/build]   | [INFO] Tests run: 4, Failures: 0, Errors: 0, Skipped: 0, Time elapsed: 0.001 s - in com.thealgorithms.dynamicprogramming.PartitionProblemTest
[06515d6e-f429-4d19-ad71-2f4d7e36deed/build]   | [INFO] Running com.thealgorithms.dynamicprogramming.OptimalJobSchedulingTest
[06515d6e-f429-4d19-ad71-2f4d7e36deed/build]   | 5 1 3 2 
[06515d6e-f429-4d19-ad71-2f4d7e36deed/build]   | 6 3 4 5 
[06515d6e-f429-4d19-ad71-2f4d7e36deed/build]   | 5 8 6 6 
[06515d6e-f429-4d19-ad71-2f4d7e36deed/build]   | 7 9 10 8 
[06515d6e-f429-4d19-ad71-2f4d7e36deed/build]   | 8 9 12 9 
[06515d6e-f429-4d19-ad71-2f4d7e36deed/build]   | 
[06515d6e-f429-4d19-ad71-2f4d7e36deed/build]   | 5 1 3 
[06515d6e-f429-4d19-ad71-2f4d7e36deed/build]   | 6 3 4 
[06515d6e-f429-4d19-ad71-2f4d7e36deed/build]   | 5 8 6 
[06515d6e-f429-4d19-ad71-2f4d7e36deed/build]   | 
[06515d6e-f429-4d19-ad71-2f4d7e36deed/build]   | 5 1 3 2 
[06515d6e-f429-4d19-ad71-2f4d7e36deed/build]   | 6 3 4 3 
[06515d6e-f429-4d19-ad71-2f4d7e36deed/build]   | 5 8 6 9 
[06515d6e-f429-4d19-ad71-2f4d7e36deed/build]   | 6 7 8 9 
[06515d6e-f429-4d19-ad71-2f4d7e36deed/build]   | 8 8 12 13 
[06515d6e-f429-4d19-ad71-2f4d7e36deed/build]   | 11 10 12 12 
[06515d6e-f429-4d19-ad71-2f4d7e36deed/build]   | 
[06515d6e-f429-4d19-ad71-2f4d7e36deed/build]   | [INFO] Tests run: 3, Failures: 0, Errors: 0, Skipped: 0, Time elapsed: 0.003 s - in com.thealgorithms.dynamicprogramming.OptimalJobSchedulingTest
[06515d6e-f429-4d19-ad71-2f4d7e36deed/build]   | [INFO] Running com.thealgorithms.dynamicprogramming.LevenshteinDistanceTests
[06515d6e-f429-4d19-ad71-2f4d7e36deed/build]   | [INFO] Tests run: 4, Failures: 0, Errors: 0, Skipped: 0, Time elapsed: 0.006 s - in com.thealgorithms.dynamicprogramming.LevenshteinDistanceTests
[06515d6e-f429-4d19-ad71-2f4d7e36deed/build]   | [INFO] Running com.thealgorithms.dynamicprogramming.SubsetCountTest
[06515d6e-f429-4d19-ad71-2f4d7e36deed/build]   | [INFO] Tests run: 4, Failures: 0, Errors: 0, Skipped: 0, Time elapsed: 0 s - in com.thealgorithms.dynamicprogramming.SubsetCountTest
[06515d6e-f429-4d19-ad71-2f4d7e36deed/build]   | [INFO] Running com.thealgorithms.dynamicprogramming.climbStairsTest
[06515d6e-f429-4d19-ad71-2f4d7e36deed/build]   | [INFO] Tests run: 5, Failures: 0, Errors: 0, Skipped: 0, Time elapsed: 0 s - in com.thealgorithms.dynamicprogramming.climbStairsTest
[06515d6e-f429-4d19-ad71-2f4d7e36deed/build]   | [INFO] Running com.thealgorithms.dynamicprogramming.KnapsackMemoizationTest
[06515d6e-f429-4d19-ad71-2f4d7e36deed/build]   | [INFO] Tests run: 3, Failures: 0, Errors: 0, Skipped: 0, Time elapsed: 0.001 s - in com.thealgorithms.dynamicprogramming.KnapsackMemoizationTest
[06515d6e-f429-4d19-ad71-2f4d7e36deed/build]   | [INFO] Running com.thealgorithms.dynamicprogramming.EggDroppingTest
[06515d6e-f429-4d19-ad71-2f4d7e36deed/build]   | [INFO] Tests run: 4, Failures: 0, Errors: 0, Skipped: 0, Time elapsed: 0.012 s - in com.thealgorithms.dynamicprogramming.EggDroppingTest
[06515d6e-f429-4d19-ad71-2f4d7e36deed/build]   | [INFO] Running com.thealgorithms.dynamicprogramming.CatalanNumberTest
[06515d6e-f429-4d19-ad71-2f4d7e36deed/build]   | [INFO] Tests run: 1, Failures: 0, Errors: 0, Skipped: 0, Time elapsed: 0 s - in com.thealgorithms.dynamicprogramming.CatalanNumberTest
[06515d6e-f429-4d19-ad71-2f4d7e36deed/build]   | [INFO] Running com.thealgorithms.datastructures.buffers.CircularBufferTest
[06515d6e-f429-4d19-ad71-2f4d7e36deed/build]   | [INFO] Tests run: 1004, Failures: 0, Errors: 0, Skipped: 0, Time elapsed: 1.053 s - in com.thealgorithms.datastructures.buffers.CircularBufferTest
[06515d6e-f429-4d19-ad71-2f4d7e36deed/build]   | [INFO] Running com.thealgorithms.datastructures.lists.SinglyLinkedListTest
[06515d6e-f429-4d19-ad71-2f4d7e36deed/build]   | [INFO] Tests run: 9, Failures: 0, Errors: 0, Skipped: 0, Time elapsed: 0 s - in com.thealgorithms.datastructures.lists.SinglyLinkedListTest
[06515d6e-f429-4d19-ad71-2f4d7e36deed/build]   | [INFO] Running com.thealgorithms.datastructures.lists.SkipListTest
[06515d6e-f429-4d19-ad71-2f4d7e36deed/build]   | [ ] --- --- --- --- 
[06515d6e-f429-4d19-ad71-2f4d7e36deed/build]   | [ ] --- --- --- --- 
[06515d6e-f429-4d19-ad71-2f4d7e36deed/build]   | [ ] [ ] --- --- --- 
[06515d6e-f429-4d19-ad71-2f4d7e36deed/build]   | [ ] [ ] --- --- --- 
[06515d6e-f429-4d19-ad71-2f4d7e36deed/build]   | [ ] [ ] --- --- --- 
[06515d6e-f429-4d19-ad71-2f4d7e36deed/build]   | [ ] [ ] --- --- --- 
[06515d6e-f429-4d19-ad71-2f4d7e36deed/build]   | [ ] [ ] --- [ ] --- 
[06515d6e-f429-4d19-ad71-2f4d7e36deed/build]   | [ ] [ ] [ ] [ ] [ ] 
[06515d6e-f429-4d19-ad71-2f4d7e36deed/build]   |  H   0   1   2   3
[06515d6e-f429-4d19-ad71-2f4d7e36deed/build]   | 
[06515d6e-f429-4d19-ad71-2f4d7e36deed/build]   | [ ] --- --- --- --- --- --- --- --- --- --- --- 
[06515d6e-f429-4d19-ad71-2f4d7e36deed/build]   | [ ] --- --- --- --- --- --- --- --- --- --- --- 
[06515d6e-f429-4d19-ad71-2f4d7e36deed/build]   | [ ] --- --- --- --- --- --- --- --- --- --- --- 
[06515d6e-f429-4d19-ad71-2f4d7e36deed/build]   | [ ] --- --- --- --- --- --- --- --- --- [ ] --- 
[06515d6e-f429-4d19-ad71-2f4d7e36deed/build]   | [ ] --- --- --- --- --- --- --- --- --- [ ] --- 
[06515d6e-f429-4d19-ad71-2f4d7e36deed/build]   | [ ] --- --- --- [ ] --- --- --- --- --- [ ] --- 
[06515d6e-f429-4d19-ad71-2f4d7e36deed/build]   | [ ] --- [ ] --- [ ] --- [ ] [ ] --- --- [ ] [ ] 
[06515d6e-f429-4d19-ad71-2f4d7e36deed/build]   | [ ] [ ] [ ] [ ] [ ] [ ] [ ] [ ] [ ] [ ] [ ] [ ] 
[06515d6e-f429-4d19-ad71-2f4d7e36deed/build]   |  H   0   1   2   3   4   5   6   7   8   9  10
[06515d6e-f429-4d19-ad71-2f4d7e36deed/build]   | 
[06515d6e-f429-4d19-ad71-2f4d7e36deed/build]   | [ ] --- 
[06515d6e-f429-4d19-ad71-2f4d7e36deed/build]   | [ ] --- 
[06515d6e-f429-4d19-ad71-2f4d7e36deed/build]   | [ ] --- 
[06515d6e-f429-4d19-ad71-2f4d7e36deed/build]   | [ ] --- 
[06515d6e-f429-4d19-ad71-2f4d7e36deed/build]   | [ ] --- 
[06515d6e-f429-4d19-ad71-2f4d7e36deed/build]   | [ ] --- 
[06515d6e-f429-4d19-ad71-2f4d7e36deed/build]   | [ ] [ ] 
[06515d6e-f429-4d19-ad71-2f4d7e36deed/build]   | [ ] [ ] 
[06515d6e-f429-4d19-ad71-2f4d7e36deed/build]   |  H   0
[06515d6e-f429-4d19-ad71-2f4d7e36deed/build]   | 
[06515d6e-f429-4d19-ad71-2f4d7e36deed/build]   | [ ] --- 
[06515d6e-f429-4d19-ad71-2f4d7e36deed/build]   | [ ] --- 
[06515d6e-f429-4d19-ad71-2f4d7e36deed/build]   | [ ] --- 
[06515d6e-f429-4d19-ad71-2f4d7e36deed/build]   | [ ] --- 
[06515d6e-f429-4d19-ad71-2f4d7e36deed/build]   | [ ] --- 
[06515d6e-f429-4d19-ad71-2f4d7e36deed/build]   | [ ] --- 
[06515d6e-f429-4d19-ad71-2f4d7e36deed/build]   | [ ] [ ] 
[06515d6e-f429-4d19-ad71-2f4d7e36deed/build]   | [ ] [ ] 
[06515d6e-f429-4d19-ad71-2f4d7e36deed/build]   |  H   0
[06515d6e-f429-4d19-ad71-2f4d7e36deed/build]   | 
[06515d6e-f429-4d19-ad71-2f4d7e36deed/build]   | [ ] --- --- --- --- --- --- --- --- --- --- --- 
[06515d6e-f429-4d19-ad71-2f4d7e36deed/build]   | [ ] --- --- --- --- --- --- --- --- --- --- --- 
[06515d6e-f429-4d19-ad71-2f4d7e36deed/build]   | [ ] --- --- --- --- --- --- --- --- --- --- --- 
[06515d6e-f429-4d19-ad71-2f4d7e36deed/build]   | [ ] [ ] --- --- --- --- --- --- --- --- --- --- 
[06515d6e-f429-4d19-ad71-2f4d7e36deed/build]   | [ ] [ ] --- --- --- --- --- --- --- --- --- --- 
[06515d6e-f429-4d19-ad71-2f4d7e36deed/build]   | [ ] [ ] --- --- [ ] --- --- --- --- --- --- --- 
[06515d6e-f429-4d19-ad71-2f4d7e36deed/build]   | [ ] [ ] [ ] --- [ ] --- --- --- [ ] [ ] --- --- 
[06515d6e-f429-4d19-ad71-2f4d7e36deed/build]   | [ ] [ ] [ ] [ ] [ ] [ ] [ ] [ ] [ ] [ ] [ ] [ ] 
[06515d6e-f429-4d19-ad71-2f4d7e36deed/build]   |  H   0   1   2   3   4   5   6   7   8   9  10
[06515d6e-f429-4d19-ad71-2f4d7e36deed/build]   | 
[06515d6e-f429-4d19-ad71-2f4d7e36deed/build]   | [ ] --- --- --- --- --- --- --- --- --- --- 
[06515d6e-f429-4d19-ad71-2f4d7e36deed/build]   | [ ] --- --- --- --- --- --- --- --- --- --- 
[06515d6e-f429-4d19-ad71-2f4d7e36deed/build]   | [ ] --- --- --- --- --- --- --- --- --- --- 
[06515d6e-f429-4d19-ad71-2f4d7e36deed/build]   | [ ] --- --- --- --- --- --- --- --- --- --- 
[06515d6e-f429-4d19-ad71-2f4d7e36deed/build]   | [ ] --- --- --- --- --- --- --- --- --- --- 
[06515d6e-f429-4d19-ad71-2f4d7e36deed/build]   | [ ] --- --- [ ] --- --- --- --- --- --- --- 
[06515d6e-f429-4d19-ad71-2f4d7e36deed/build]   | [ ] [ ] --- [ ] --- --- --- [ ] [ ] --- --- 
[06515d6e-f429-4d19-ad71-2f4d7e36deed/build]   | [ ] [ ] [ ] [ ] [ ] [ ] [ ] [ ] [ ] [ ] [ ] 
[06515d6e-f429-4d19-ad71-2f4d7e36deed/build]   |  H   0   1   2   3   4   5   6   7   8   9
[06515d6e-f429-4d19-ad71-2f4d7e36deed/build]   | 
[06515d6e-f429-4d19-ad71-2f4d7e36deed/build]   | [ ] --- --- --- --- --- --- --- --- --- --- --- 
[06515d6e-f429-4d19-ad71-2f4d7e36deed/build]   | [ ] --- --- --- --- --- --- --- --- --- --- --- 
[06515d6e-f429-4d19-ad71-2f4d7e36deed/build]   | [ ] --- --- --- --- --- --- --- --- --- --- --- 
[06515d6e-f429-4d19-ad71-2f4d7e36deed/build]   | [ ] --- --- --- --- --- --- --- --- --- --- --- 
[06515d6e-f429-4d19-ad71-2f4d7e36deed/build]   | [ ] --- --- --- --- --- --- --- --- --- [ ] --- 
[06515d6e-f429-4d19-ad71-2f4d7e36deed/build]   | [ ] --- --- --- --- --- --- --- --- [ ] [ ] --- 
[06515d6e-f429-4d19-ad71-2f4d7e36deed/build]   | [ ] --- --- --- --- --- [ ] --- --- [ ] [ ] --- 
[06515d6e-f429-4d19-ad71-2f4d7e36deed/build]   | [ ] [ ] [ ] [ ] [ ] [ ] [ ] [ ] [ ] [ ] [ ] [ ] 
[06515d6e-f429-4d19-ad71-2f4d7e36deed/build]   |  H   0   1   2   3   4   5   6   7   8   9  10
[06515d6e-f429-4d19-ad71-2f4d7e36deed/build]   | 
[06515d6e-f429-4d19-ad71-2f4d7e36deed/build]   | [ ] --- --- --- --- --- --- --- --- --- --- 
[06515d6e-f429-4d19-ad71-2f4d7e36deed/build]   | [ ] --- --- --- --- --- --- --- --- --- --- 
[06515d6e-f429-4d19-ad71-2f4d7e36deed/build]   | [ ] --- --- --- --- --- --- --- --- --- --- 
[06515d6e-f429-4d19-ad71-2f4d7e36deed/build]   | [ ] --- --- --- --- --- --- --- --- --- --- 
[06515d6e-f429-4d19-ad71-2f4d7e36deed/build]   | [ ] --- --- --- --- --- --- --- --- --- [ ] 
[06515d6e-f429-4d19-ad71-2f4d7e36deed/build]   | [ ] --- --- --- --- --- --- --- --- [ ] [ ] 
[06515d6e-f429-4d19-ad71-2f4d7e36deed/build]   | [ ] --- --- --- --- --- [ ] --- --- [ ] [ ] 
[06515d6e-f429-4d19-ad71-2f4d7e36deed/build]   | [ ] [ ] [ ] [ ] [ ] [ ] [ ] [ ] [ ] [ ] [ ] 
[06515d6e-f429-4d19-ad71-2f4d7e36deed/build]   |  H   0   1   2   3   4   5   6   7   8   9
[06515d6e-f429-4d19-ad71-2f4d7e36deed/build]   | 
[06515d6e-f429-4d19-ad71-2f4d7e36deed/build]   | [INFO] Tests run: 6, Failures: 0, Errors: 0, Skipped: 0, Time elapsed: 0.006 s - in com.thealgorithms.datastructures.lists.SkipListTest
[06515d6e-f429-4d19-ad71-2f4d7e36deed/build]   | [INFO] Running com.thealgorithms.datastructures.bloomfilter.BloomFilterTest
[06515d6e-f429-4d19-ad71-2f4d7e36deed/build]   | [INFO] Tests run: 2, Failures: 0, Errors: 0, Skipped: 0, Time elapsed: 0.001 s - in com.thealgorithms.datastructures.bloomfilter.BloomFilterTest
[06515d6e-f429-4d19-ad71-2f4d7e36deed/build]   | [INFO] Running com.thealgorithms.datastructures.queues.PriorityQueuesTest
[06515d6e-f429-4d19-ad71-2f4d7e36deed/build]   | [INFO] Tests run: 3, Failures: 0, Errors: 0, Skipped: 0, Time elapsed: 0 s - in com.thealgorithms.datastructures.queues.PriorityQueuesTest
[06515d6e-f429-4d19-ad71-2f4d7e36deed/build]   | [INFO] Running com.thealgorithms.datastructures.queues.LinkedQueueTest
[06515d6e-f429-4d19-ad71-2f4d7e36deed/build]   | [INFO] Tests run: 1, Failures: 0, Errors: 0, Skipped: 0, Time elapsed: 0.001 s - in com.thealgorithms.datastructures.queues.LinkedQueueTest
[06515d6e-f429-4d19-ad71-2f4d7e36deed/build]   | [INFO] Running com.thealgorithms.datastructures.heaps.LeftistHeapTest
[06515d6e-f429-4d19-ad71-2f4d7e36deed/build]   | [INFO] Tests run: 1, Failures: 0, Errors: 0, Skipped: 0, Time elapsed: 0 s - in com.thealgorithms.datastructures.heaps.LeftistHeapTest
[06515d6e-f429-4d19-ad71-2f4d7e36deed/build]   | [INFO] Running com.thealgorithms.datastructures.heaps.FibonacciHeapTest
[06515d6e-f429-4d19-ad71-2f4d7e36deed/build]   | [INFO] Tests run: 1, Failures: 0, Errors: 0, Skipped: 0, Time elapsed: 0.001 s - in com.thealgorithms.datastructures.heaps.FibonacciHeapTest
[06515d6e-f429-4d19-ad71-2f4d7e36deed/build]   | [INFO] Running com.thealgorithms.datastructures.graphs.TarjansAlgorithmTest
[06515d6e-f429-4d19-ad71-2f4d7e36deed/build]   | [INFO] Tests run: 2, Failures: 0, Errors: 0, Skipped: 0, Time elapsed: 0.001 s - in com.thealgorithms.datastructures.graphs.TarjansAlgorithmTest
[06515d6e-f429-4d19-ad71-2f4d7e36deed/build]   | [INFO] Running com.thealgorithms.datastructures.graphs.KosarajuTest
[06515d6e-f429-4d19-ad71-2f4d7e36deed/build]   | [INFO] Tests run: 2, Failures: 0, Errors: 0, Skipped: 0, Time elapsed: 0.001 s - in com.thealgorithms.datastructures.graphs.KosarajuTest
[06515d6e-f429-4d19-ad71-2f4d7e36deed/build]   | [INFO] Running com.thealgorithms.datastructures.graphs.HamiltonianCycleTest
[06515d6e-f429-4d19-ad71-2f4d7e36deed/build]   | [INFO] Tests run: 2, Failures: 0, Errors: 0, Skipped: 0, Time elapsed: 0 s - in com.thealgorithms.datastructures.graphs.HamiltonianCycleTest
[06515d6e-f429-4d19-ad71-2f4d7e36deed/build]   | [INFO] Running com.thealgorithms.datastructures.caches.LFUCacheTest
[06515d6e-f429-4d19-ad71-2f4d7e36deed/build]   | [INFO] Tests run: 3, Failures: 0, Errors: 0, Skipped: 0, Time elapsed: 0.001 s - in com.thealgorithms.datastructures.caches.LFUCacheTest
[06515d6e-f429-4d19-ad71-2f4d7e36deed/build]   | [INFO] Running com.thealgorithms.datastructures.caches.LRUCacheTest
[06515d6e-f429-4d19-ad71-2f4d7e36deed/build]   | [INFO] Tests run: 4, Failures: 0, Errors: 0, Skipped: 0, Time elapsed: 0.003 s - in com.thealgorithms.datastructures.caches.LRUCacheTest
[06515d6e-f429-4d19-ad71-2f4d7e36deed/build]   | [INFO] Running com.thealgorithms.datastructures.caches.MRUCacheTest
[06515d6e-f429-4d19-ad71-2f4d7e36deed/build]   | [INFO] Tests run: 4, Failures: 0, Errors: 0, Skipped: 0, Time elapsed: 0.002 s - in com.thealgorithms.datastructures.caches.MRUCacheTest
[06515d6e-f429-4d19-ad71-2f4d7e36deed/build]   | [INFO] Running com.thealgorithms.datastructures.hashmap.HashMapCuckooHashingTest
[06515d6e-f429-4d19-ad71-2f4d7e36deed/build]   | Infinite loop occurred, lengthening & rehashing table
[06515d6e-f429-4d19-ad71-2f4d7e36deed/build]   | Infinite loop occurred, lengthening & rehashing table
[06515d6e-f429-4d19-ad71-2f4d7e36deed/build]   | [INFO] Tests run: 8, Failures: 0, Errors: 0, Skipped: 0, Time elapsed: 0.001 s - in com.thealgorithms.datastructures.hashmap.HashMapCuckooHashingTest
[06515d6e-f429-4d19-ad71-2f4d7e36deed/build]   | [INFO] Running com.thealgorithms.datastructures.hashmap.hashing.GenericHashMapUsingArrayListTest
[06515d6e-f429-4d19-ad71-2f4d7e36deed/build]   | [INFO] Tests run: 3, Failures: 0, Errors: 0, Skipped: 0, Time elapsed: 0.001 s - in com.thealgorithms.datastructures.hashmap.hashing.GenericHashMapUsingArrayListTest
[06515d6e-f429-4d19-ad71-2f4d7e36deed/build]   | [INFO] Running com.thealgorithms.datastructures.hashmap.hashing.MajorityElementTest
[06515d6e-f429-4d19-ad71-2f4d7e36deed/build]   | [INFO] Tests run: 4, Failures: 0, Errors: 0, Skipped: 0, Time elapsed: 0.001 s - in com.thealgorithms.datastructures.hashmap.hashing.MajorityElementTest
[06515d6e-f429-4d19-ad71-2f4d7e36deed/build]   | [INFO] Running com.thealgorithms.datastructures.hashmap.hashing.LinearProbingHashMapTest
[06515d6e-f429-4d19-ad71-2f4d7e36deed/build]   | [INFO] Tests run: 7, Failures: 0, Errors: 0, Skipped: 0, Time elapsed: 0.008 s - in com.thealgorithms.datastructures.hashmap.hashing.LinearProbingHashMapTest
[06515d6e-f429-4d19-ad71-2f4d7e36deed/build]   | [INFO] Running com.thealgorithms.datastructures.hashmap.hashing.GenericHashMapUsingArrayTest
[06515d6e-f429-4d19-ad71-2f4d7e36deed/build]   | [INFO] Tests run: 3, Failures: 0, Errors: 0, Skipped: 0, Time elapsed: 0.001 s - in com.thealgorithms.datastructures.hashmap.hashing.GenericHashMapUsingArrayTest
[06515d6e-f429-4d19-ad71-2f4d7e36deed/build]   | [INFO] Running com.thealgorithms.datastructures.trees.BSTFromSortedArrayTest
[06515d6e-f429-4d19-ad71-2f4d7e36deed/build]   | [INFO] Tests run: 6, Failures: 0, Errors: 0, Skipped: 0, Time elapsed: 0.001 s - in com.thealgorithms.datastructures.trees.BSTFromSortedArrayTest
[06515d6e-f429-4d19-ad71-2f4d7e36deed/build]   | [INFO] Running com.thealgorithms.datastructures.trees.KDTreeTest
[06515d6e-f429-4d19-ad71-2f4d7e36deed/build]   | [INFO] Tests run: 3, Failures: 0, Errors: 0, Skipped: 0, Time elapsed: 0.005 s - in com.thealgorithms.datastructures.trees.KDTreeTest
[06515d6e-f429-4d19-ad71-2f4d7e36deed/build]   | [INFO] Running com.thealgorithms.datastructures.trees.InorderTraversalTest
[06515d6e-f429-4d19-ad71-2f4d7e36deed/build]   | [INFO] Tests run: 3, Failures: 0, Errors: 0, Skipped: 0, Time elapsed: 0.001 s - in com.thealgorithms.datastructures.trees.InorderTraversalTest
[06515d6e-f429-4d19-ad71-2f4d7e36deed/build]   | [INFO] Running com.thealgorithms.datastructures.trees.PostOrderTraversalTest
[06515d6e-f429-4d19-ad71-2f4d7e36deed/build]   | [INFO] Tests run: 3, Failures: 0, Errors: 0, Skipped: 0, Time elapsed: 0 s - in com.thealgorithms.datastructures.trees.PostOrderTraversalTest
[06515d6e-f429-4d19-ad71-2f4d7e36deed/build]   | [INFO] Running com.thealgorithms.datastructures.trees.CeilInBinarySearchTreeTest
[06515d6e-f429-4d19-ad71-2f4d7e36deed/build]   | [INFO] Tests run: 7, Failures: 0, Errors: 0, Skipped: 0, Time elapsed: 0.001 s - in com.thealgorithms.datastructures.trees.CeilInBinarySearchTreeTest
[06515d6e-f429-4d19-ad71-2f4d7e36deed/build]   | [INFO] Running com.thealgorithms.datastructures.trees.LevelOrderTraversalTest
[06515d6e-f429-4d19-ad71-2f4d7e36deed/build]   | [INFO] Tests run: 4, Failures: 0, Errors: 0, Skipped: 0, Time elapsed: 0.001 s - in com.thealgorithms.datastructures.trees.LevelOrderTraversalTest
[06515d6e-f429-4d19-ad71-2f4d7e36deed/build]   | [INFO] Running com.thealgorithms.datastructures.trees.SameTreesCheckTest
[06515d6e-f429-4d19-ad71-2f4d7e36deed/build]   | [INFO] Tests run: 6, Failures: 0, Errors: 0, Skipped: 0, Time elapsed: 0.001 s - in com.thealgorithms.datastructures.trees.SameTreesCheckTest
[06515d6e-f429-4d19-ad71-2f4d7e36deed/build]   | [INFO] Running com.thealgorithms.datastructures.trees.CheckTreeIsSymmetricTest
[06515d6e-f429-4d19-ad71-2f4d7e36deed/build]   | [INFO] Tests run: 4, Failures: 0, Errors: 0, Skipped: 0, Time elapsed: 0 s - in com.thealgorithms.datastructures.trees.CheckTreeIsSymmetricTest
[06515d6e-f429-4d19-ad71-2f4d7e36deed/build]   | [INFO] Running com.thealgorithms.datastructures.trees.LazySegmentTreeTest
[06515d6e-f429-4d19-ad71-2f4d7e36deed/build]   | [INFO] Tests run: 4, Failures: 0, Errors: 0, Skipped: 0, Time elapsed: 0.002 s - in com.thealgorithms.datastructures.trees.LazySegmentTreeTest
[06515d6e-f429-4d19-ad71-2f4d7e36deed/build]   | [INFO] Running com.thealgorithms.datastructures.trees.BinaryTreeTest
[06515d6e-f429-4d19-ad71-2f4d7e36deed/build]   | 12 3 5 7 9 12 3 5 7 9 12 12 9 7 5 3 [INFO] Tests run: 4, Failures: 0, Errors: 0, Skipped: 0, Time elapsed: 0.002 s - in com.thealgorithms.datastructures.trees.BinaryTreeTest
[06515d6e-f429-4d19-ad71-2f4d7e36deed/build]   | [INFO] Running com.thealgorithms.datastructures.trees.VerticalOrderTraversalTest
[06515d6e-f429-4d19-ad71-2f4d7e36deed/build]   | [INFO] Tests run: 4, Failures: 0, Errors: 0, Skipped: 0, Time elapsed: 0.001 s - in com.thealgorithms.datastructures.trees.VerticalOrderTraversalTest
[06515d6e-f429-4d19-ad71-2f4d7e36deed/build]   | [INFO] Running com.thealgorithms.datastructures.trees.CreateBinaryTreeFromInorderPreorderTest
[06515d6e-f429-4d19-ad71-2f4d7e36deed/build]   | [INFO] Tests run: 6, Failures: 0, Errors: 0, Skipped: 0, Time elapsed: 0.001 s - in com.thealgorithms.datastructures.trees.CreateBinaryTreeFromInorderPreorderTest
[06515d6e-f429-4d19-ad71-2f4d7e36deed/build]   | [INFO] Running com.thealgorithms.datastructures.trees.CheckBinaryTreeIsValidBSTTest
[06515d6e-f429-4d19-ad71-2f4d7e36deed/build]   | [INFO] Tests run: 5, Failures: 0, Errors: 0, Skipped: 0, Time elapsed: 0.001 s - in com.thealgorithms.datastructures.trees.CheckBinaryTreeIsValidBSTTest
[06515d6e-f429-4d19-ad71-2f4d7e36deed/build]   | [INFO] Running com.thealgorithms.datastructures.trees.BSTIterativeTest
[06515d6e-f429-4d19-ad71-2f4d7e36deed/build]   | [INFO] Tests run: 4, Failures: 0, Errors: 0, Skipped: 0, Time elapsed: 0.001 s - in com.thealgorithms.datastructures.trees.BSTIterativeTest
[06515d6e-f429-4d19-ad71-2f4d7e36deed/build]   | [INFO] Running com.thealgorithms.datastructures.trees.PreOrderTraversalTest
[06515d6e-f429-4d19-ad71-2f4d7e36deed/build]   | [INFO] Tests run: 3, Failures: 0, Errors: 0, Skipped: 0, Time elapsed: 0 s - in com.thealgorithms.datastructures.trees.PreOrderTraversalTest
[06515d6e-f429-4d19-ad71-2f4d7e36deed/build]   | [INFO] Running com.thealgorithms.datastructures.trees.BSTRecursiveTest
[06515d6e-f429-4d19-ad71-2f4d7e36deed/build]   | [INFO] Tests run: 4, Failures: 0, Errors: 0, Skipped: 0, Time elapsed: 0.002 s - in com.thealgorithms.datastructures.trees.BSTRecursiveTest
[06515d6e-f429-4d19-ad71-2f4d7e36deed/build]   | [INFO] Running com.thealgorithms.datastructures.trees.ZigzagTraversalTest
[06515d6e-f429-4d19-ad71-2f4d7e36deed/build]   | [INFO] Tests run: 4, Failures: 0, Errors: 0, Skipped: 0, Time elapsed: 0.001 s - in com.thealgorithms.datastructures.trees.ZigzagTraversalTest
[06515d6e-f429-4d19-ad71-2f4d7e36deed/build]   | [INFO] 
[06515d6e-f429-4d19-ad71-2f4d7e36deed/build]   | [INFO] Results:
[06515d6e-f429-4d19-ad71-2f4d7e36deed/build]   | [INFO] 
[06515d6e-f429-4d19-ad71-2f4d7e36deed/build]   | [INFO] Tests run: 3848, Failures: 0, Errors: 0, Skipped: 0
[06515d6e-f429-4d19-ad71-2f4d7e36deed/build]   | [INFO] 
[06515d6e-f429-4d19-ad71-2f4d7e36deed/build]   | [INFO] 
[06515d6e-f429-4d19-ad71-2f4d7e36deed/build]   | [INFO] --- maven-jar-plugin:2.4:jar (default-jar) @ Java ---
[06515d6e-f429-4d19-ad71-2f4d7e36deed/build]   | [INFO] Downloading from central: https://repo.maven.apache.org/maven2/org/apache/maven/maven-archiver/2.5/maven-archiver-2.5.pom
[06515d6e-f429-4d19-ad71-2f4d7e36deed/build]   | [INFO] Downloaded from central: https://repo.maven.apache.org/maven2/org/apache/maven/maven-archiver/2.5/maven-archiver-2.5.pom (4.5 kB at 53 kB/s)
[06515d6e-f429-4d19-ad71-2f4d7e36deed/build]   | [INFO] Downloading from central: https://repo.maven.apache.org/maven2/org/codehaus/plexus/plexus-archiver/2.1/plexus-archiver-2.1.pom
[06515d6e-f429-4d19-ad71-2f4d7e36deed/build]   | [INFO] Downloaded from central: https://repo.maven.apache.org/maven2/org/codehaus/plexus/plexus-archiver/2.1/plexus-archiver-2.1.pom (2.8 kB at 36 kB/s)
[06515d6e-f429-4d19-ad71-2f4d7e36deed/build]   | [INFO] Downloading from central: https://repo.maven.apache.org/maven2/org/sonatype/spice/spice-parent/17/spice-parent-17.pom
[06515d6e-f429-4d19-ad71-2f4d7e36deed/build]   | [INFO] Downloaded from central: https://repo.maven.apache.org/maven2/org/sonatype/spice/spice-parent/17/spice-parent-17.pom (6.8 kB at 97 kB/s)
[06515d6e-f429-4d19-ad71-2f4d7e36deed/build]   | [INFO] Downloading from central: https://repo.maven.apache.org/maven2/org/codehaus/plexus/plexus-utils/3.0/plexus-utils-3.0.pom
[06515d6e-f429-4d19-ad71-2f4d7e36deed/build]   | [INFO] Downloaded from central: https://repo.maven.apache.org/maven2/org/codehaus/plexus/plexus-utils/3.0/plexus-utils-3.0.pom (4.1 kB at 61 kB/s)
[06515d6e-f429-4d19-ad71-2f4d7e36deed/build]   | [INFO] Downloading from central: https://repo.maven.apache.org/maven2/org/sonatype/spice/spice-parent/16/spice-parent-16.pom
[06515d6e-f429-4d19-ad71-2f4d7e36deed/build]   | [INFO] Downloaded from central: https://repo.maven.apache.org/maven2/org/sonatype/spice/spice-parent/16/spice-parent-16.pom (8.4 kB at 131 kB/s)
[06515d6e-f429-4d19-ad71-2f4d7e36deed/build]   | [INFO] Downloading from central: https://repo.maven.apache.org/maven2/org/sonatype/forge/forge-parent/5/forge-parent-5.pom
[06515d6e-f429-4d19-ad71-2f4d7e36deed/build]   | [INFO] Downloaded from central: https://repo.maven.apache.org/maven2/org/sonatype/forge/forge-parent/5/forge-parent-5.pom (8.4 kB at 139 kB/s)
[06515d6e-f429-4d19-ad71-2f4d7e36deed/build]   | [INFO] Downloading from central: https://repo.maven.apache.org/maven2/org/codehaus/plexus/plexus-io/2.0.2/plexus-io-2.0.2.pom
[06515d6e-f429-4d19-ad71-2f4d7e36deed/build]   | [INFO] Downloaded from central: https://repo.maven.apache.org/maven2/org/codehaus/plexus/plexus-io/2.0.2/plexus-io-2.0.2.pom (1.7 kB at 25 kB/s)
[06515d6e-f429-4d19-ad71-2f4d7e36deed/build]   | [INFO] Downloading from central: https://repo.maven.apache.org/maven2/org/codehaus/plexus/plexus-components/1.1.19/plexus-components-1.1.19.pom
[06515d6e-f429-4d19-ad71-2f4d7e36deed/build]   | [INFO] Downloaded from central: https://repo.maven.apache.org/maven2/org/codehaus/plexus/plexus-components/1.1.19/plexus-components-1.1.19.pom (2.7 kB at 35 kB/s)
[06515d6e-f429-4d19-ad71-2f4d7e36deed/build]   | [INFO] Downloading from central: https://repo.maven.apache.org/maven2/org/codehaus/plexus/plexus/3.0.1/plexus-3.0.1.pom
[06515d6e-f429-4d19-ad71-2f4d7e36deed/build]   | [INFO] Downloaded from central: https://repo.maven.apache.org/maven2/org/codehaus/plexus/plexus/3.0.1/plexus-3.0.1.pom (19 kB at 222 kB/s)
[06515d6e-f429-4d19-ad71-2f4d7e36deed/build]   | [INFO] Downloading from central: https://repo.maven.apache.org/maven2/org/codehaus/plexus/plexus-interpolation/1.15/plexus-interpolation-1.15.pom
[06515d6e-f429-4d19-ad71-2f4d7e36deed/build]   | [INFO] Downloaded from central: https://repo.maven.apache.org/maven2/org/codehaus/plexus/plexus-interpolation/1.15/plexus-interpolation-1.15.pom (1.0 kB at 13 kB/s)
[06515d6e-f429-4d19-ad71-2f4d7e36deed/build]   | [INFO] Downloading from central: https://repo.maven.apache.org/maven2/commons-lang/commons-lang/2.1/commons-lang-2.1.pom
[06515d6e-f429-4d19-ad71-2f4d7e36deed/build]   | [INFO] Downloaded from central: https://repo.maven.apache.org/maven2/commons-lang/commons-lang/2.1/commons-lang-2.1.pom (9.9 kB at 123 kB/s)
[06515d6e-f429-4d19-ad71-2f4d7e36deed/build]   | [INFO] Downloading from central: https://repo.maven.apache.org/maven2/classworlds/classworlds/1.1-alpha-2/classworlds-1.1-alpha-2.jar
[06515d6e-f429-4d19-ad71-2f4d7e36deed/build]   | [INFO] Downloading from central: https://repo.maven.apache.org/maven2/org/apache/maven/maven-archiver/2.5/maven-archiver-2.5.jar
[06515d6e-f429-4d19-ad71-2f4d7e36deed/build]   | [INFO] Downloading from central: https://repo.maven.apache.org/maven2/org/codehaus/plexus/plexus-interpolation/1.15/plexus-interpolation-1.15.jar
[06515d6e-f429-4d19-ad71-2f4d7e36deed/build]   | [INFO] Downloading from central: https://repo.maven.apache.org/maven2/org/codehaus/plexus/plexus-archiver/2.1/plexus-archiver-2.1.jar
[06515d6e-f429-4d19-ad71-2f4d7e36deed/build]   | [INFO] Downloading from central: https://repo.maven.apache.org/maven2/org/codehaus/plexus/plexus-io/2.0.2/plexus-io-2.0.2.jar
[06515d6e-f429-4d19-ad71-2f4d7e36deed/build]   | [INFO] Downloaded from central: https://repo.maven.apache.org/maven2/classworlds/classworlds/1.1-alpha-2/classworlds-1.1-alpha-2.jar (38 kB at 528 kB/s)
[06515d6e-f429-4d19-ad71-2f4d7e36deed/build]   | [INFO] Downloading from central: https://repo.maven.apache.org/maven2/commons-lang/commons-lang/2.1/commons-lang-2.1.jar
[06515d6e-f429-4d19-ad71-2f4d7e36deed/build]   | [INFO] Downloaded from central: https://repo.maven.apache.org/maven2/org/codehaus/plexus/plexus-io/2.0.2/plexus-io-2.0.2.jar (58 kB at 767 kB/s)
[06515d6e-f429-4d19-ad71-2f4d7e36deed/build]   | [INFO] Downloaded from central: https://repo.maven.apache.org/maven2/org/apache/maven/maven-archiver/2.5/maven-archiver-2.5.jar (22 kB at 283 kB/s)
[06515d6e-f429-4d19-ad71-2f4d7e36deed/build]   | [INFO] Downloaded from central: https://repo.maven.apache.org/maven2/org/codehaus/plexus/plexus-interpolation/1.15/plexus-interpolation-1.15.jar (60 kB at 785 kB/s)
[06515d6e-f429-4d19-ad71-2f4d7e36deed/build]   | [INFO] Downloading from central: https://repo.maven.apache.org/maven2/org/codehaus/plexus/plexus-utils/3.0/plexus-utils-3.0.jar
[06515d6e-f429-4d19-ad71-2f4d7e36deed/build]   | [INFO] Downloaded from central: https://repo.maven.apache.org/maven2/org/codehaus/plexus/plexus-archiver/2.1/plexus-archiver-2.1.jar (184 kB at 2.1 MB/s)
[06515d6e-f429-4d19-ad71-2f4d7e36deed/build]   | [INFO] Downloaded from central: https://repo.maven.apache.org/maven2/commons-lang/commons-lang/2.1/commons-lang-2.1.jar (208 kB at 1.3 MB/s)
[06515d6e-f429-4d19-ad71-2f4d7e36deed/build]   | [INFO] Downloaded from central: https://repo.maven.apache.org/maven2/org/codehaus/plexus/plexus-utils/3.0/plexus-utils-3.0.jar (226 kB at 1.4 MB/s)
[06515d6e-f429-4d19-ad71-2f4d7e36deed/build]   | [INFO] Building jar: /tmp/9a02aa7e-01a1-43a6-83f0-da3ea250e82d/target/Java-1.0-SNAPSHOT.jar
[06515d6e-f429-4d19-ad71-2f4d7e36deed/build]   | [INFO] ------------------------------------------------------------------------
[06515d6e-f429-4d19-ad71-2f4d7e36deed/build]   | [INFO] BUILD SUCCESS
[06515d6e-f429-4d19-ad71-2f4d7e36deed/build]   | [INFO] ------------------------------------------------------------------------
[06515d6e-f429-4d19-ad71-2f4d7e36deed/build]   | [INFO] Total time:  50.017 s
[06515d6e-f429-4d19-ad71-2f4d7e36deed/build]   | [INFO] Finished at: 2023-11-27T02:49:51Z
[06515d6e-f429-4d19-ad71-2f4d7e36deed/build]   | [INFO] ------------------------------------------------------------------------
[06515d6e-f429-4d19-ad71-2f4d7e36deed/build]   ‚úÖ  Success - Main Build with Maven
[06515d6e-f429-4d19-ad71-2f4d7e36deed/build] unable to get git ref: failed to identify reference (tag/branch) for the checked-out revision '4f1514980495c4daaae2eb060228a87e14cbae11'
[06515d6e-f429-4d19-ad71-2f4d7e36deed/build] unable to get git ref: failed to identify reference (tag/branch) for the checked-out revision '4f1514980495c4daaae2eb060228a87e14cbae11'
[06515d6e-f429-4d19-ad71-2f4d7e36deed/build] unable to get git ref: failed to identify reference (tag/branch) for the checked-out revision '4f1514980495c4daaae2eb060228a87e14cbae11'
[06515d6e-f429-4d19-ad71-2f4d7e36deed/build] unable to get git ref: failed to identify reference (tag/branch) for the checked-out revision '4f1514980495c4daaae2eb060228a87e14cbae11'
[06515d6e-f429-4d19-ad71-2f4d7e36deed/build] unable to get git ref: failed to identify reference (tag/branch) for the checked-out revision '4f1514980495c4daaae2eb060228a87e14cbae11'
[06515d6e-f429-4d19-ad71-2f4d7e36deed/build] ‚≠ê Run Post Set up JDK 17
[06515d6e-f429-4d19-ad71-2f4d7e36deed/build]   üê≥  docker exec cmd=[node /var/run/act/actions/actions-setup-java@v2/dist/cleanup/index.js] user= workdir=
[06515d6e-f429-4d19-ad71-2f4d7e36deed/build]   ‚úÖ  Success - Post Set up JDK 17
[06515d6e-f429-4d19-ad71-2f4d7e36deed/build] üèÅ  Job succeeded
[06515d6e-f429-4d19-ad71-2f4d7e36deed/build] unable to get git ref: failed to identify reference (tag/branch) for the checked-out revision '4f1514980495c4daaae2eb060228a87e14cbae11'
