[08d283ab-9dde-4569-9815-1bf276cc66f8/build] üöÄ  Start image=gitbugactions:latest
[08d283ab-9dde-4569-9815-1bf276cc66f8/build]   üê≥  docker pull image=gitbugactions:latest platform= username= forcePull=false
[08d283ab-9dde-4569-9815-1bf276cc66f8/build]   üê≥  docker create image=gitbugactions:latest platform= entrypoint=["tail" "-f" "/dev/null"] cmd=[]
[08d283ab-9dde-4569-9815-1bf276cc66f8/build]   üê≥  docker run image=gitbugactions:latest platform= entrypoint=["tail" "-f" "/dev/null"] cmd=[]
[08d283ab-9dde-4569-9815-1bf276cc66f8/build]   üê≥  docker exec cmd=[chown -R 1012:1013 /tmp/8bf41f7b-52e5-42af-98af-fa2f98d23087] user=0 workdir=
[08d283ab-9dde-4569-9815-1bf276cc66f8/build] unable to get git ref: failed to identify reference (tag/branch) for the checked-out revision '96c1a96647c947f8f0c531ade3bc18967359e0ea'
[08d283ab-9dde-4569-9815-1bf276cc66f8/build] unable to get git ref: failed to identify reference (tag/branch) for the checked-out revision '96c1a96647c947f8f0c531ade3bc18967359e0ea'
[08d283ab-9dde-4569-9815-1bf276cc66f8/build] unable to get git ref: failed to identify reference (tag/branch) for the checked-out revision '96c1a96647c947f8f0c531ade3bc18967359e0ea'
[08d283ab-9dde-4569-9815-1bf276cc66f8/build] unable to get git ref: failed to identify reference (tag/branch) for the checked-out revision '96c1a96647c947f8f0c531ade3bc18967359e0ea'
[08d283ab-9dde-4569-9815-1bf276cc66f8/build] unable to get git ref: failed to identify reference (tag/branch) for the checked-out revision '96c1a96647c947f8f0c531ade3bc18967359e0ea'
[08d283ab-9dde-4569-9815-1bf276cc66f8/build] unable to get git ref: failed to identify reference (tag/branch) for the checked-out revision '96c1a96647c947f8f0c531ade3bc18967359e0ea'
[08d283ab-9dde-4569-9815-1bf276cc66f8/build] unable to get git ref: failed to identify reference (tag/branch) for the checked-out revision '96c1a96647c947f8f0c531ade3bc18967359e0ea'
[08d283ab-9dde-4569-9815-1bf276cc66f8/build] unable to get git ref: failed to identify reference (tag/branch) for the checked-out revision '96c1a96647c947f8f0c531ade3bc18967359e0ea'
[08d283ab-9dde-4569-9815-1bf276cc66f8/build] unable to get git ref: failed to identify reference (tag/branch) for the checked-out revision '96c1a96647c947f8f0c531ade3bc18967359e0ea'
[08d283ab-9dde-4569-9815-1bf276cc66f8/build] ‚≠ê Run Main actions/checkout@v2
[08d283ab-9dde-4569-9815-1bf276cc66f8/build] unable to get git ref: failed to identify reference (tag/branch) for the checked-out revision '96c1a96647c947f8f0c531ade3bc18967359e0ea'
[08d283ab-9dde-4569-9815-1bf276cc66f8/build] unable to get git ref: failed to identify reference (tag/branch) for the checked-out revision '96c1a96647c947f8f0c531ade3bc18967359e0ea'
[08d283ab-9dde-4569-9815-1bf276cc66f8/build]   üê≥  docker cp src=/tmp/8bf41f7b-52e5-42af-98af-fa2f98d23087/. dst=/tmp/8bf41f7b-52e5-42af-98af-fa2f98d23087
[08d283ab-9dde-4569-9815-1bf276cc66f8/build]   üê≥  docker exec cmd=[chown -R 1012:1013 /tmp/8bf41f7b-52e5-42af-98af-fa2f98d23087] user=0 workdir=
[08d283ab-9dde-4569-9815-1bf276cc66f8/build]   ‚úÖ  Success - Main actions/checkout@v2
[08d283ab-9dde-4569-9815-1bf276cc66f8/build] unable to get git ref: failed to identify reference (tag/branch) for the checked-out revision '96c1a96647c947f8f0c531ade3bc18967359e0ea'
[08d283ab-9dde-4569-9815-1bf276cc66f8/build] unable to get git ref: failed to identify reference (tag/branch) for the checked-out revision '96c1a96647c947f8f0c531ade3bc18967359e0ea'
[08d283ab-9dde-4569-9815-1bf276cc66f8/build] unable to get git ref: failed to identify reference (tag/branch) for the checked-out revision '96c1a96647c947f8f0c531ade3bc18967359e0ea'
[08d283ab-9dde-4569-9815-1bf276cc66f8/build] unable to get git ref: failed to identify reference (tag/branch) for the checked-out revision '96c1a96647c947f8f0c531ade3bc18967359e0ea'
[08d283ab-9dde-4569-9815-1bf276cc66f8/build] unable to get git ref: failed to identify reference (tag/branch) for the checked-out revision '96c1a96647c947f8f0c531ade3bc18967359e0ea'
[08d283ab-9dde-4569-9815-1bf276cc66f8/build] ‚≠ê Run Main Set up JDK 17
[08d283ab-9dde-4569-9815-1bf276cc66f8/build] unable to get git ref: failed to identify reference (tag/branch) for the checked-out revision '96c1a96647c947f8f0c531ade3bc18967359e0ea'
[08d283ab-9dde-4569-9815-1bf276cc66f8/build] unable to get git ref: failed to identify reference (tag/branch) for the checked-out revision '96c1a96647c947f8f0c531ade3bc18967359e0ea'
[08d283ab-9dde-4569-9815-1bf276cc66f8/build] unable to get git ref: failed to identify reference (tag/branch) for the checked-out revision '96c1a96647c947f8f0c531ade3bc18967359e0ea'
[08d283ab-9dde-4569-9815-1bf276cc66f8/build]   üê≥  docker cp src=/tmp/act-cache/f5fca6e3-3e47-4a0e-a23a-7466f0d6fe5a/act/actions-setup-java@v2/ dst=/var/run/act/actions/actions-setup-java@v2/
[08d283ab-9dde-4569-9815-1bf276cc66f8/build]   üê≥  docker exec cmd=[chown -R 1012:1013 /var/run/act/actions/actions-setup-java@v2/] user=0 workdir=
[08d283ab-9dde-4569-9815-1bf276cc66f8/build]   üê≥  docker exec cmd=[node /var/run/act/actions/actions-setup-java@v2/dist/setup/index.js] user= workdir=
[08d283ab-9dde-4569-9815-1bf276cc66f8/build]   | Trying to resolve the latest version from remote
[08d283ab-9dde-4569-9815-1bf276cc66f8/build]   | Resolved latest version as 17.0.9+9
[08d283ab-9dde-4569-9815-1bf276cc66f8/build]   | Trying to download...
[08d283ab-9dde-4569-9815-1bf276cc66f8/build]   | Downloading Java 17.0.9+9 (Adopt-Hotspot) from https://github.com/adoptium/temurin17-binaries/releases/download/jdk-17.0.9%2B9/OpenJDK17U-jdk_x64_linux_hotspot_17.0.9_9.tar.gz ...
[08d283ab-9dde-4569-9815-1bf276cc66f8/build]   üí¨  ::debug::Downloading https://github.com/adoptium/temurin17-binaries/releases/download/jdk-17.0.9%252B9/OpenJDK17U-jdk_x64_linux_hotspot_17.0.9_9.tar.gz
[08d283ab-9dde-4569-9815-1bf276cc66f8/build]   üí¨  ::debug::Destination /tmp/adc3c5b2-3afd-4812-a810-633b3a4adb02
[08d283ab-9dde-4569-9815-1bf276cc66f8/build]   üí¨  ::debug::download complete
[08d283ab-9dde-4569-9815-1bf276cc66f8/build]   | Extracting Java archive...
[08d283ab-9dde-4569-9815-1bf276cc66f8/build]   üí¨  ::debug::Checking tar --version
[08d283ab-9dde-4569-9815-1bf276cc66f8/build]   üí¨  ::debug::tar (GNU tar) 1.34%0ACopyright (C) 2021 Free Software Foundation, Inc.%0ALicense GPLv3+: GNU GPL version 3 or later <https://gnu.org/licenses/gpl.html>.%0AThis is free software: you are free to change and redistribute it.%0AThere is NO WARRANTY, to the extent permitted by law.%0A%0AWritten by John Gilmore and Jay Fenlason.
[08d283ab-9dde-4569-9815-1bf276cc66f8/build]   | [command]/usr/bin/tar xz --warning=no-unknown-keyword -C /tmp/e0bdd343-6a22-49b7-b6fd-9591a4dd0887 -f /tmp/adc3c5b2-3afd-4812-a810-633b3a4adb02
[08d283ab-9dde-4569-9815-1bf276cc66f8/build]   üí¨  ::debug::Caching tool Java_Adopt_jdk 17.0.9-9 x64
[08d283ab-9dde-4569-9815-1bf276cc66f8/build]   üí¨  ::debug::source dir: /tmp/e0bdd343-6a22-49b7-b6fd-9591a4dd0887/jdk-17.0.9+9
[08d283ab-9dde-4569-9815-1bf276cc66f8/build]   üí¨  ::debug::destination /opt/hostedtoolcache/Java_Adopt_jdk/17.0.9-9/x64
[08d283ab-9dde-4569-9815-1bf276cc66f8/build]   üí¨  ::debug::finished caching tool
[08d283ab-9dde-4569-9815-1bf276cc66f8/build]   | Java 17.0.9+9 was downloaded
[08d283ab-9dde-4569-9815-1bf276cc66f8/build]   | Setting Java 17.0.9+9 as the default
[08d283ab-9dde-4569-9815-1bf276cc66f8/build]   | 
[08d283ab-9dde-4569-9815-1bf276cc66f8/build]   | Java configuration:
[08d283ab-9dde-4569-9815-1bf276cc66f8/build]   |   Distribution: adopt
[08d283ab-9dde-4569-9815-1bf276cc66f8/build]   |   Version: 17.0.9+9
[08d283ab-9dde-4569-9815-1bf276cc66f8/build]   |   Path: /opt/hostedtoolcache/Java_Adopt_jdk/17.0.9-9/x64
[08d283ab-9dde-4569-9815-1bf276cc66f8/build]   | 
[08d283ab-9dde-4569-9815-1bf276cc66f8/build]   ‚ùì add-matcher /run/act/actions/actions-setup-java@v2/.github/java.json
[08d283ab-9dde-4569-9815-1bf276cc66f8/build]   | Creating settings.xml with server-id: github
[08d283ab-9dde-4569-9815-1bf276cc66f8/build]   | Writing to /home/runner/.m2/settings.xml
[08d283ab-9dde-4569-9815-1bf276cc66f8/build]   ‚úÖ  Success - Main Set up JDK 17
[08d283ab-9dde-4569-9815-1bf276cc66f8/build]   ‚öô  ::set-env:: JAVA_HOME=/opt/hostedtoolcache/Java_Adopt_jdk/17.0.9-9/x64
[08d283ab-9dde-4569-9815-1bf276cc66f8/build]   ‚öô  ::set-output:: path=/opt/hostedtoolcache/Java_Adopt_jdk/17.0.9-9/x64
[08d283ab-9dde-4569-9815-1bf276cc66f8/build]   ‚öô  ::set-output:: version=17.0.9+9
[08d283ab-9dde-4569-9815-1bf276cc66f8/build]   ‚öô  ::set-output:: distribution=Adopt-Hotspot
[08d283ab-9dde-4569-9815-1bf276cc66f8/build]   ‚öô  ::add-path:: /opt/hostedtoolcache/Java_Adopt_jdk/17.0.9-9/x64/bin
[08d283ab-9dde-4569-9815-1bf276cc66f8/build] unable to get git ref: failed to identify reference (tag/branch) for the checked-out revision '96c1a96647c947f8f0c531ade3bc18967359e0ea'
[08d283ab-9dde-4569-9815-1bf276cc66f8/build] unable to get git ref: failed to identify reference (tag/branch) for the checked-out revision '96c1a96647c947f8f0c531ade3bc18967359e0ea'
[08d283ab-9dde-4569-9815-1bf276cc66f8/build] unable to get git ref: failed to identify reference (tag/branch) for the checked-out revision '96c1a96647c947f8f0c531ade3bc18967359e0ea'
[08d283ab-9dde-4569-9815-1bf276cc66f8/build] unable to get git ref: failed to identify reference (tag/branch) for the checked-out revision '96c1a96647c947f8f0c531ade3bc18967359e0ea'
[08d283ab-9dde-4569-9815-1bf276cc66f8/build] unable to get git ref: failed to identify reference (tag/branch) for the checked-out revision '96c1a96647c947f8f0c531ade3bc18967359e0ea'
[08d283ab-9dde-4569-9815-1bf276cc66f8/build] ‚≠ê Run Main Build with Maven
[08d283ab-9dde-4569-9815-1bf276cc66f8/build] unable to get git ref: failed to identify reference (tag/branch) for the checked-out revision '96c1a96647c947f8f0c531ade3bc18967359e0ea'
[08d283ab-9dde-4569-9815-1bf276cc66f8/build] unable to get git ref: failed to identify reference (tag/branch) for the checked-out revision '96c1a96647c947f8f0c531ade3bc18967359e0ea'
[08d283ab-9dde-4569-9815-1bf276cc66f8/build] unable to get git ref: failed to identify reference (tag/branch) for the checked-out revision '96c1a96647c947f8f0c531ade3bc18967359e0ea'
[08d283ab-9dde-4569-9815-1bf276cc66f8/build] unable to get git ref: failed to identify reference (tag/branch) for the checked-out revision '96c1a96647c947f8f0c531ade3bc18967359e0ea'
[08d283ab-9dde-4569-9815-1bf276cc66f8/build]   üê≥  docker exec cmd=[bash --noprofile --norc -e -o pipefail /var/run/act/workflow/2] user= workdir=
[08d283ab-9dde-4569-9815-1bf276cc66f8/build]   | [INFO] Scanning for projects...
[08d283ab-9dde-4569-9815-1bf276cc66f8/build]   | [INFO] Downloading from central: https://repo.maven.apache.org/maven2/org/junit/junit-bom/5.8.2/junit-bom-5.8.2.pom
[08d283ab-9dde-4569-9815-1bf276cc66f8/build]   | [INFO] Downloaded from central: https://repo.maven.apache.org/maven2/org/junit/junit-bom/5.8.2/junit-bom-5.8.2.pom (5.6 kB at 23 kB/s)
[08d283ab-9dde-4569-9815-1bf276cc66f8/build]   | [INFO] 
[08d283ab-9dde-4569-9815-1bf276cc66f8/build]   | [INFO] -----------------------< com.thealgorithms:Java >-----------------------
[08d283ab-9dde-4569-9815-1bf276cc66f8/build]   | [INFO] Building Java 1.0-SNAPSHOT
[08d283ab-9dde-4569-9815-1bf276cc66f8/build]   | [INFO]   from pom.xml
[08d283ab-9dde-4569-9815-1bf276cc66f8/build]   | [INFO] --------------------------------[ jar ]---------------------------------
[08d283ab-9dde-4569-9815-1bf276cc66f8/build]   | [INFO] Downloading from central: https://repo.maven.apache.org/maven2/org/apache/maven/plugins/maven-resources-plugin/2.6/maven-resources-plugin-2.6.pom
[08d283ab-9dde-4569-9815-1bf276cc66f8/build]   | [INFO] Downloaded from central: https://repo.maven.apache.org/maven2/org/apache/maven/plugins/maven-resources-plugin/2.6/maven-resources-plugin-2.6.pom (8.1 kB at 254 kB/s)
[08d283ab-9dde-4569-9815-1bf276cc66f8/build]   | [INFO] Downloading from central: https://repo.maven.apache.org/maven2/org/apache/maven/plugins/maven-plugins/23/maven-plugins-23.pom
[08d283ab-9dde-4569-9815-1bf276cc66f8/build]   | [INFO] Downloaded from central: https://repo.maven.apache.org/maven2/org/apache/maven/plugins/maven-plugins/23/maven-plugins-23.pom (9.2 kB at 368 kB/s)
[08d283ab-9dde-4569-9815-1bf276cc66f8/build]   | [INFO] Downloading from central: https://repo.maven.apache.org/maven2/org/apache/maven/maven-parent/22/maven-parent-22.pom
[08d283ab-9dde-4569-9815-1bf276cc66f8/build]   | [INFO] Downloaded from central: https://repo.maven.apache.org/maven2/org/apache/maven/maven-parent/22/maven-parent-22.pom (30 kB at 1.2 MB/s)
[08d283ab-9dde-4569-9815-1bf276cc66f8/build]   | [INFO] Downloading from central: https://repo.maven.apache.org/maven2/org/apache/apache/11/apache-11.pom
[08d283ab-9dde-4569-9815-1bf276cc66f8/build]   | [INFO] Downloaded from central: https://repo.maven.apache.org/maven2/org/apache/apache/11/apache-11.pom (15 kB at 705 kB/s)
[08d283ab-9dde-4569-9815-1bf276cc66f8/build]   | [INFO] Downloading from central: https://repo.maven.apache.org/maven2/org/apache/maven/plugins/maven-resources-plugin/2.6/maven-resources-plugin-2.6.jar
[08d283ab-9dde-4569-9815-1bf276cc66f8/build]   | [INFO] Downloaded from central: https://repo.maven.apache.org/maven2/org/apache/maven/plugins/maven-resources-plugin/2.6/maven-resources-plugin-2.6.jar (30 kB at 1.7 MB/s)
[08d283ab-9dde-4569-9815-1bf276cc66f8/build]   | [INFO] Downloading from central: https://repo.maven.apache.org/maven2/org/apache/maven/plugins/maven-compiler-plugin/3.10.1/maven-compiler-plugin-3.10.1.pom
[08d283ab-9dde-4569-9815-1bf276cc66f8/build]   | [INFO] Downloaded from central: https://repo.maven.apache.org/maven2/org/apache/maven/plugins/maven-compiler-plugin/3.10.1/maven-compiler-plugin-3.10.1.pom (13 kB at 1.1 MB/s)
[08d283ab-9dde-4569-9815-1bf276cc66f8/build]   | [INFO] Downloading from central: https://repo.maven.apache.org/maven2/org/apache/maven/plugins/maven-plugins/34/maven-plugins-34.pom
[08d283ab-9dde-4569-9815-1bf276cc66f8/build]   | [INFO] Downloaded from central: https://repo.maven.apache.org/maven2/org/apache/maven/plugins/maven-plugins/34/maven-plugins-34.pom (11 kB at 822 kB/s)
[08d283ab-9dde-4569-9815-1bf276cc66f8/build]   | [INFO] Downloading from central: https://repo.maven.apache.org/maven2/org/apache/maven/maven-parent/34/maven-parent-34.pom
[08d283ab-9dde-4569-9815-1bf276cc66f8/build]   | [INFO] Downloaded from central: https://repo.maven.apache.org/maven2/org/apache/maven/maven-parent/34/maven-parent-34.pom (43 kB at 2.7 MB/s)
[08d283ab-9dde-4569-9815-1bf276cc66f8/build]   | [INFO] Downloading from central: https://repo.maven.apache.org/maven2/org/apache/apache/23/apache-23.pom
[08d283ab-9dde-4569-9815-1bf276cc66f8/build]   | [INFO] Downloaded from central: https://repo.maven.apache.org/maven2/org/apache/apache/23/apache-23.pom (18 kB at 1.4 MB/s)
[08d283ab-9dde-4569-9815-1bf276cc66f8/build]   | [INFO] Downloading from central: https://repo.maven.apache.org/maven2/org/apache/maven/plugins/maven-compiler-plugin/3.10.1/maven-compiler-plugin-3.10.1.jar
[08d283ab-9dde-4569-9815-1bf276cc66f8/build]   | [INFO] Downloaded from central: https://repo.maven.apache.org/maven2/org/apache/maven/plugins/maven-compiler-plugin/3.10.1/maven-compiler-plugin-3.10.1.jar (62 kB at 4.4 MB/s)
[08d283ab-9dde-4569-9815-1bf276cc66f8/build]   | [INFO] Downloading from central: https://repo.maven.apache.org/maven2/org/apache/maven/plugins/maven-surefire-plugin/2.22.2/maven-surefire-plugin-2.22.2.pom
[08d283ab-9dde-4569-9815-1bf276cc66f8/build]   | [INFO] Downloaded from central: https://repo.maven.apache.org/maven2/org/apache/maven/plugins/maven-surefire-plugin/2.22.2/maven-surefire-plugin-2.22.2.pom (5.0 kB at 238 kB/s)
[08d283ab-9dde-4569-9815-1bf276cc66f8/build]   | [INFO] Downloading from central: https://repo.maven.apache.org/maven2/org/apache/maven/surefire/surefire/2.22.2/surefire-2.22.2.pom
[08d283ab-9dde-4569-9815-1bf276cc66f8/build]   | [INFO] Downloaded from central: https://repo.maven.apache.org/maven2/org/apache/maven/surefire/surefire/2.22.2/surefire-2.22.2.pom (26 kB at 1.3 MB/s)
[08d283ab-9dde-4569-9815-1bf276cc66f8/build]   | [INFO] Downloading from central: https://repo.maven.apache.org/maven2/org/apache/maven/maven-parent/33/maven-parent-33.pom
[08d283ab-9dde-4569-9815-1bf276cc66f8/build]   | [INFO] Downloaded from central: https://repo.maven.apache.org/maven2/org/apache/maven/maven-parent/33/maven-parent-33.pom (44 kB at 2.9 MB/s)
[08d283ab-9dde-4569-9815-1bf276cc66f8/build]   | [INFO] Downloading from central: https://repo.maven.apache.org/maven2/org/apache/apache/21/apache-21.pom
[08d283ab-9dde-4569-9815-1bf276cc66f8/build]   | [INFO] Downloaded from central: https://repo.maven.apache.org/maven2/org/apache/apache/21/apache-21.pom (17 kB at 1.4 MB/s)
[08d283ab-9dde-4569-9815-1bf276cc66f8/build]   | [INFO] Downloading from central: https://repo.maven.apache.org/maven2/org/apache/maven/plugins/maven-surefire-plugin/2.22.2/maven-surefire-plugin-2.22.2.jar
[08d283ab-9dde-4569-9815-1bf276cc66f8/build]   | [INFO] Downloaded from central: https://repo.maven.apache.org/maven2/org/apache/maven/plugins/maven-surefire-plugin/2.22.2/maven-surefire-plugin-2.22.2.jar (41 kB at 2.9 MB/s)
[08d283ab-9dde-4569-9815-1bf276cc66f8/build]   | [INFO] Downloading from central: https://repo.maven.apache.org/maven2/org/apache/maven/plugins/maven-jar-plugin/2.4/maven-jar-plugin-2.4.pom
[08d283ab-9dde-4569-9815-1bf276cc66f8/build]   | [INFO] Downloaded from central: https://repo.maven.apache.org/maven2/org/apache/maven/plugins/maven-jar-plugin/2.4/maven-jar-plugin-2.4.pom (5.8 kB at 648 kB/s)
[08d283ab-9dde-4569-9815-1bf276cc66f8/build]   | [INFO] Downloading from central: https://repo.maven.apache.org/maven2/org/apache/maven/plugins/maven-plugins/22/maven-plugins-22.pom
[08d283ab-9dde-4569-9815-1bf276cc66f8/build]   | [INFO] Downloaded from central: https://repo.maven.apache.org/maven2/org/apache/maven/plugins/maven-plugins/22/maven-plugins-22.pom (13 kB at 931 kB/s)
[08d283ab-9dde-4569-9815-1bf276cc66f8/build]   | [INFO] Downloading from central: https://repo.maven.apache.org/maven2/org/apache/maven/maven-parent/21/maven-parent-21.pom
[08d283ab-9dde-4569-9815-1bf276cc66f8/build]   | [INFO] Downloaded from central: https://repo.maven.apache.org/maven2/org/apache/maven/maven-parent/21/maven-parent-21.pom (26 kB at 1.8 MB/s)
[08d283ab-9dde-4569-9815-1bf276cc66f8/build]   | [INFO] Downloading from central: https://repo.maven.apache.org/maven2/org/apache/apache/10/apache-10.pom
[08d283ab-9dde-4569-9815-1bf276cc66f8/build]   | [INFO] Downloaded from central: https://repo.maven.apache.org/maven2/org/apache/apache/10/apache-10.pom (15 kB at 871 kB/s)
[08d283ab-9dde-4569-9815-1bf276cc66f8/build]   | [INFO] Downloading from central: https://repo.maven.apache.org/maven2/org/apache/maven/plugins/maven-jar-plugin/2.4/maven-jar-plugin-2.4.jar
[08d283ab-9dde-4569-9815-1bf276cc66f8/build]   | [INFO] Downloaded from central: https://repo.maven.apache.org/maven2/org/apache/maven/plugins/maven-jar-plugin/2.4/maven-jar-plugin-2.4.jar (34 kB at 3.1 MB/s)
[08d283ab-9dde-4569-9815-1bf276cc66f8/build]   | [INFO] Downloading from central: https://repo.maven.apache.org/maven2/org/junit/jupiter/junit-jupiter/5.9.0/junit-jupiter-5.9.0.pom
[08d283ab-9dde-4569-9815-1bf276cc66f8/build]   | [INFO] Downloaded from central: https://repo.maven.apache.org/maven2/org/junit/jupiter/junit-jupiter/5.9.0/junit-jupiter-5.9.0.pom (3.2 kB at 246 kB/s)
[08d283ab-9dde-4569-9815-1bf276cc66f8/build]   | [INFO] Downloading from central: https://repo.maven.apache.org/maven2/org/junit/junit-bom/5.9.0/junit-bom-5.9.0.pom
[08d283ab-9dde-4569-9815-1bf276cc66f8/build]   | [INFO] Downloaded from central: https://repo.maven.apache.org/maven2/org/junit/junit-bom/5.9.0/junit-bom-5.9.0.pom (5.6 kB at 704 kB/s)
[08d283ab-9dde-4569-9815-1bf276cc66f8/build]   | [INFO] Downloading from central: https://repo.maven.apache.org/maven2/org/junit/jupiter/junit-jupiter-api/5.8.2/junit-jupiter-api-5.8.2.pom
[08d283ab-9dde-4569-9815-1bf276cc66f8/build]   | [INFO] Downloaded from central: https://repo.maven.apache.org/maven2/org/junit/jupiter/junit-jupiter-api/5.8.2/junit-jupiter-api-5.8.2.pom (3.2 kB at 353 kB/s)
[08d283ab-9dde-4569-9815-1bf276cc66f8/build]   | [INFO] Downloading from central: https://repo.maven.apache.org/maven2/org/opentest4j/opentest4j/1.2.0/opentest4j-1.2.0.pom
[08d283ab-9dde-4569-9815-1bf276cc66f8/build]   | [INFO] Downloaded from central: https://repo.maven.apache.org/maven2/org/opentest4j/opentest4j/1.2.0/opentest4j-1.2.0.pom (1.7 kB at 210 kB/s)
[08d283ab-9dde-4569-9815-1bf276cc66f8/build]   | [INFO] Downloading from central: https://repo.maven.apache.org/maven2/org/junit/platform/junit-platform-commons/1.8.2/junit-platform-commons-1.8.2.pom
[08d283ab-9dde-4569-9815-1bf276cc66f8/build]   | [INFO] Downloaded from central: https://repo.maven.apache.org/maven2/org/junit/platform/junit-platform-commons/1.8.2/junit-platform-commons-1.8.2.pom (2.8 kB at 354 kB/s)
[08d283ab-9dde-4569-9815-1bf276cc66f8/build]   | [INFO] Downloading from central: https://repo.maven.apache.org/maven2/org/apiguardian/apiguardian-api/1.1.2/apiguardian-api-1.1.2.pom
[08d283ab-9dde-4569-9815-1bf276cc66f8/build]   | [INFO] Downloaded from central: https://repo.maven.apache.org/maven2/org/apiguardian/apiguardian-api/1.1.2/apiguardian-api-1.1.2.pom (1.5 kB at 191 kB/s)
[08d283ab-9dde-4569-9815-1bf276cc66f8/build]   | [INFO] Downloading from central: https://repo.maven.apache.org/maven2/org/junit/jupiter/junit-jupiter-params/5.8.2/junit-jupiter-params-5.8.2.pom
[08d283ab-9dde-4569-9815-1bf276cc66f8/build]   | [INFO] Downloaded from central: https://repo.maven.apache.org/maven2/org/junit/jupiter/junit-jupiter-params/5.8.2/junit-jupiter-params-5.8.2.pom (3.0 kB at 430 kB/s)
[08d283ab-9dde-4569-9815-1bf276cc66f8/build]   | [INFO] Downloading from central: https://repo.maven.apache.org/maven2/org/junit/jupiter/junit-jupiter-engine/5.8.2/junit-jupiter-engine-5.8.2.pom
[08d283ab-9dde-4569-9815-1bf276cc66f8/build]   | [INFO] Downloaded from central: https://repo.maven.apache.org/maven2/org/junit/jupiter/junit-jupiter-engine/5.8.2/junit-jupiter-engine-5.8.2.pom (3.2 kB at 400 kB/s)
[08d283ab-9dde-4569-9815-1bf276cc66f8/build]   | [INFO] Downloading from central: https://repo.maven.apache.org/maven2/org/junit/platform/junit-platform-engine/1.8.2/junit-platform-engine-1.8.2.pom
[08d283ab-9dde-4569-9815-1bf276cc66f8/build]   | [INFO] Downloaded from central: https://repo.maven.apache.org/maven2/org/junit/platform/junit-platform-engine/1.8.2/junit-platform-engine-1.8.2.pom (3.2 kB at 400 kB/s)
[08d283ab-9dde-4569-9815-1bf276cc66f8/build]   | [INFO] Downloading from central: https://repo.maven.apache.org/maven2/org/assertj/assertj-core/3.23.1/assertj-core-3.23.1.pom
[08d283ab-9dde-4569-9815-1bf276cc66f8/build]   | [INFO] Downloaded from central: https://repo.maven.apache.org/maven2/org/assertj/assertj-core/3.23.1/assertj-core-3.23.1.pom (24 kB at 2.4 MB/s)
[08d283ab-9dde-4569-9815-1bf276cc66f8/build]   | [INFO] Downloading from central: https://repo.maven.apache.org/maven2/org/assertj/assertj-parent-pom/2.2.17/assertj-parent-pom-2.2.17.pom
[08d283ab-9dde-4569-9815-1bf276cc66f8/build]   | [INFO] Downloaded from central: https://repo.maven.apache.org/maven2/org/assertj/assertj-parent-pom/2.2.17/assertj-parent-pom-2.2.17.pom (24 kB at 3.0 MB/s)
[08d283ab-9dde-4569-9815-1bf276cc66f8/build]   | [INFO] Downloading from central: https://repo.maven.apache.org/maven2/org/mockito/mockito-bom/4.5.1/mockito-bom-4.5.1.pom
[08d283ab-9dde-4569-9815-1bf276cc66f8/build]   | [INFO] Downloaded from central: https://repo.maven.apache.org/maven2/org/mockito/mockito-bom/4.5.1/mockito-bom-4.5.1.pom (3.0 kB at 186 kB/s)
[08d283ab-9dde-4569-9815-1bf276cc66f8/build]   | [INFO] Downloading from central: https://repo.maven.apache.org/maven2/net/bytebuddy/byte-buddy/1.12.10/byte-buddy-1.12.10.pom
[08d283ab-9dde-4569-9815-1bf276cc66f8/build]   | [INFO] Downloaded from central: https://repo.maven.apache.org/maven2/net/bytebuddy/byte-buddy/1.12.10/byte-buddy-1.12.10.pom (17 kB at 227 kB/s)
[08d283ab-9dde-4569-9815-1bf276cc66f8/build]   | [INFO] Downloading from central: https://repo.maven.apache.org/maven2/net/bytebuddy/byte-buddy-parent/1.12.10/byte-buddy-parent-1.12.10.pom
[08d283ab-9dde-4569-9815-1bf276cc66f8/build]   | [INFO] Downloaded from central: https://repo.maven.apache.org/maven2/net/bytebuddy/byte-buddy-parent/1.12.10/byte-buddy-parent-1.12.10.pom (45 kB at 1.6 MB/s)
[08d283ab-9dde-4569-9815-1bf276cc66f8/build]   | [INFO] Downloading from central: https://repo.maven.apache.org/maven2/org/junit/jupiter/junit-jupiter-api/5.9.0/junit-jupiter-api-5.9.0.pom
[08d283ab-9dde-4569-9815-1bf276cc66f8/build]   | [INFO] Downloaded from central: https://repo.maven.apache.org/maven2/org/junit/jupiter/junit-jupiter-api/5.9.0/junit-jupiter-api-5.9.0.pom (3.2 kB at 151 kB/s)
[08d283ab-9dde-4569-9815-1bf276cc66f8/build]   | [INFO] Downloading from central: https://repo.maven.apache.org/maven2/org/junit/jupiter/junit-jupiter/5.9.0/junit-jupiter-5.9.0.jar
[08d283ab-9dde-4569-9815-1bf276cc66f8/build]   | [INFO] Downloading from central: https://repo.maven.apache.org/maven2/org/junit/jupiter/junit-jupiter-params/5.8.2/junit-jupiter-params-5.8.2.jar
[08d283ab-9dde-4569-9815-1bf276cc66f8/build]   | [INFO] Downloading from central: https://repo.maven.apache.org/maven2/org/junit/jupiter/junit-jupiter-engine/5.8.2/junit-jupiter-engine-5.8.2.jar
[08d283ab-9dde-4569-9815-1bf276cc66f8/build]   | [INFO] Downloading from central: https://repo.maven.apache.org/maven2/org/junit/platform/junit-platform-engine/1.8.2/junit-platform-engine-1.8.2.jar
[08d283ab-9dde-4569-9815-1bf276cc66f8/build]   | [INFO] Downloading from central: https://repo.maven.apache.org/maven2/org/assertj/assertj-core/3.23.1/assertj-core-3.23.1.jar
[08d283ab-9dde-4569-9815-1bf276cc66f8/build]   | [INFO] Downloaded from central: https://repo.maven.apache.org/maven2/org/junit/jupiter/junit-jupiter/5.9.0/junit-jupiter-5.9.0.jar (6.4 kB at 276 kB/s)
[08d283ab-9dde-4569-9815-1bf276cc66f8/build]   | [INFO] Downloading from central: https://repo.maven.apache.org/maven2/net/bytebuddy/byte-buddy/1.12.10/byte-buddy-1.12.10.jar
[08d283ab-9dde-4569-9815-1bf276cc66f8/build]   | [INFO] Downloaded from central: https://repo.maven.apache.org/maven2/org/junit/platform/junit-platform-engine/1.8.2/junit-platform-engine-1.8.2.jar (186 kB at 2.7 MB/s)
[08d283ab-9dde-4569-9815-1bf276cc66f8/build]   | [INFO] Downloading from central: https://repo.maven.apache.org/maven2/org/junit/jupiter/junit-jupiter-api/5.9.0/junit-jupiter-api-5.9.0.jar
[08d283ab-9dde-4569-9815-1bf276cc66f8/build]   | [INFO] Downloaded from central: https://repo.maven.apache.org/maven2/org/junit/jupiter/junit-jupiter-engine/5.8.2/junit-jupiter-engine-5.8.2.jar (230 kB at 2.6 MB/s)
[08d283ab-9dde-4569-9815-1bf276cc66f8/build]   | [INFO] Downloading from central: https://repo.maven.apache.org/maven2/org/opentest4j/opentest4j/1.2.0/opentest4j-1.2.0.jar
[08d283ab-9dde-4569-9815-1bf276cc66f8/build]   | [INFO] Downloaded from central: https://repo.maven.apache.org/maven2/org/junit/jupiter/junit-jupiter-api/5.9.0/junit-jupiter-api-5.9.0.jar (203 kB at 2.2 MB/s)
[08d283ab-9dde-4569-9815-1bf276cc66f8/build]   | [INFO] Downloading from central: https://repo.maven.apache.org/maven2/org/junit/platform/junit-platform-commons/1.8.2/junit-platform-commons-1.8.2.jar
[08d283ab-9dde-4569-9815-1bf276cc66f8/build]   | [INFO] Downloaded from central: https://repo.maven.apache.org/maven2/org/junit/jupiter/junit-jupiter-params/5.8.2/junit-jupiter-params-5.8.2.jar (577 kB at 5.8 MB/s)
[08d283ab-9dde-4569-9815-1bf276cc66f8/build]   | [INFO] Downloading from central: https://repo.maven.apache.org/maven2/org/apiguardian/apiguardian-api/1.1.2/apiguardian-api-1.1.2.jar
[08d283ab-9dde-4569-9815-1bf276cc66f8/build]   | [INFO] Downloaded from central: https://repo.maven.apache.org/maven2/org/opentest4j/opentest4j/1.2.0/opentest4j-1.2.0.jar (7.7 kB at 73 kB/s)
[08d283ab-9dde-4569-9815-1bf276cc66f8/build]   | [INFO] Downloaded from central: https://repo.maven.apache.org/maven2/org/junit/platform/junit-platform-commons/1.8.2/junit-platform-commons-1.8.2.jar (100 kB at 922 kB/s)
[08d283ab-9dde-4569-9815-1bf276cc66f8/build]   | [INFO] Downloaded from central: https://repo.maven.apache.org/maven2/org/assertj/assertj-core/3.23.1/assertj-core-3.23.1.jar (1.2 MB at 11 MB/s)
[08d283ab-9dde-4569-9815-1bf276cc66f8/build]   | [INFO] Downloaded from central: https://repo.maven.apache.org/maven2/org/apiguardian/apiguardian-api/1.1.2/apiguardian-api-1.1.2.jar (6.8 kB at 59 kB/s)
[08d283ab-9dde-4569-9815-1bf276cc66f8/build]   | [INFO] Downloaded from central: https://repo.maven.apache.org/maven2/net/bytebuddy/byte-buddy/1.12.10/byte-buddy-1.12.10.jar (3.8 MB at 22 MB/s)
[08d283ab-9dde-4569-9815-1bf276cc66f8/build]   | [INFO] 
[08d283ab-9dde-4569-9815-1bf276cc66f8/build]   | [INFO] --- maven-resources-plugin:2.6:resources (default-resources) @ Java ---
[08d283ab-9dde-4569-9815-1bf276cc66f8/build]   | [INFO] Downloading from central: https://repo.maven.apache.org/maven2/org/apache/maven/maven-plugin-api/2.0.6/maven-plugin-api-2.0.6.pom
[08d283ab-9dde-4569-9815-1bf276cc66f8/build]   | [INFO] Downloaded from central: https://repo.maven.apache.org/maven2/org/apache/maven/maven-plugin-api/2.0.6/maven-plugin-api-2.0.6.pom (1.5 kB at 182 kB/s)
[08d283ab-9dde-4569-9815-1bf276cc66f8/build]   | [INFO] Downloading from central: https://repo.maven.apache.org/maven2/org/apache/maven/maven/2.0.6/maven-2.0.6.pom
[08d283ab-9dde-4569-9815-1bf276cc66f8/build]   | [INFO] Downloaded from central: https://repo.maven.apache.org/maven2/org/apache/maven/maven/2.0.6/maven-2.0.6.pom (9.0 kB at 1.3 MB/s)
[08d283ab-9dde-4569-9815-1bf276cc66f8/build]   | [INFO] Downloading from central: https://repo.maven.apache.org/maven2/org/apache/maven/maven-parent/5/maven-parent-5.pom
[08d283ab-9dde-4569-9815-1bf276cc66f8/build]   | [INFO] Downloaded from central: https://repo.maven.apache.org/maven2/org/apache/maven/maven-parent/5/maven-parent-5.pom (15 kB at 1.5 MB/s)
[08d283ab-9dde-4569-9815-1bf276cc66f8/build]   | [INFO] Downloading from central: https://repo.maven.apache.org/maven2/org/apache/apache/3/apache-3.pom
[08d283ab-9dde-4569-9815-1bf276cc66f8/build]   | [INFO] Downloaded from central: https://repo.maven.apache.org/maven2/org/apache/apache/3/apache-3.pom (3.4 kB at 490 kB/s)
[08d283ab-9dde-4569-9815-1bf276cc66f8/build]   | [INFO] Downloading from central: https://repo.maven.apache.org/maven2/org/apache/maven/maven-project/2.0.6/maven-project-2.0.6.pom
[08d283ab-9dde-4569-9815-1bf276cc66f8/build]   | [INFO] Downloaded from central: https://repo.maven.apache.org/maven2/org/apache/maven/maven-project/2.0.6/maven-project-2.0.6.pom (2.6 kB at 264 kB/s)
[08d283ab-9dde-4569-9815-1bf276cc66f8/build]   | [INFO] Downloading from central: https://repo.maven.apache.org/maven2/org/apache/maven/maven-settings/2.0.6/maven-settings-2.0.6.pom
[08d283ab-9dde-4569-9815-1bf276cc66f8/build]   | [INFO] Downloaded from central: https://repo.maven.apache.org/maven2/org/apache/maven/maven-settings/2.0.6/maven-settings-2.0.6.pom (2.0 kB at 250 kB/s)
[08d283ab-9dde-4569-9815-1bf276cc66f8/build]   | [INFO] Downloading from central: https://repo.maven.apache.org/maven2/org/apache/maven/maven-model/2.0.6/maven-model-2.0.6.pom
[08d283ab-9dde-4569-9815-1bf276cc66f8/build]   | [INFO] Downloaded from central: https://repo.maven.apache.org/maven2/org/apache/maven/maven-model/2.0.6/maven-model-2.0.6.pom (3.0 kB at 435 kB/s)
[08d283ab-9dde-4569-9815-1bf276cc66f8/build]   | [INFO] Downloading from central: https://repo.maven.apache.org/maven2/org/codehaus/plexus/plexus-utils/1.4.1/plexus-utils-1.4.1.pom
[08d283ab-9dde-4569-9815-1bf276cc66f8/build]   | [INFO] Downloaded from central: https://repo.maven.apache.org/maven2/org/codehaus/plexus/plexus-utils/1.4.1/plexus-utils-1.4.1.pom (1.9 kB at 239 kB/s)
[08d283ab-9dde-4569-9815-1bf276cc66f8/build]   | [INFO] Downloading from central: https://repo.maven.apache.org/maven2/org/codehaus/plexus/plexus/1.0.11/plexus-1.0.11.pom
[08d283ab-9dde-4569-9815-1bf276cc66f8/build]   | [INFO] Downloaded from central: https://repo.maven.apache.org/maven2/org/codehaus/plexus/plexus/1.0.11/plexus-1.0.11.pom (9.0 kB at 1.3 MB/s)
[08d283ab-9dde-4569-9815-1bf276cc66f8/build]   | [INFO] Downloading from central: https://repo.maven.apache.org/maven2/org/codehaus/plexus/plexus-container-default/1.0-alpha-9-stable-1/plexus-container-default-1.0-alpha-9-stable-1.pom
[08d283ab-9dde-4569-9815-1bf276cc66f8/build]   | [INFO] Downloaded from central: https://repo.maven.apache.org/maven2/org/codehaus/plexus/plexus-container-default/1.0-alpha-9-stable-1/plexus-container-default-1.0-alpha-9-stable-1.pom (3.9 kB at 304 kB/s)
[08d283ab-9dde-4569-9815-1bf276cc66f8/build]   | [INFO] Downloading from central: https://repo.maven.apache.org/maven2/org/codehaus/plexus/plexus-containers/1.0.3/plexus-containers-1.0.3.pom
[08d283ab-9dde-4569-9815-1bf276cc66f8/build]   | [INFO] Downloaded from central: https://repo.maven.apache.org/maven2/org/codehaus/plexus/plexus-containers/1.0.3/plexus-containers-1.0.3.pom (492 B at 82 kB/s)
[08d283ab-9dde-4569-9815-1bf276cc66f8/build]   | [INFO] Downloading from central: https://repo.maven.apache.org/maven2/org/codehaus/plexus/plexus/1.0.4/plexus-1.0.4.pom
[08d283ab-9dde-4569-9815-1bf276cc66f8/build]   | [INFO] Downloaded from central: https://repo.maven.apache.org/maven2/org/codehaus/plexus/plexus/1.0.4/plexus-1.0.4.pom (5.7 kB at 820 kB/s)
[08d283ab-9dde-4569-9815-1bf276cc66f8/build]   | [INFO] Downloading from central: https://repo.maven.apache.org/maven2/junit/junit/3.8.1/junit-3.8.1.pom
[08d283ab-9dde-4569-9815-1bf276cc66f8/build]   | [INFO] Downloaded from central: https://repo.maven.apache.org/maven2/junit/junit/3.8.1/junit-3.8.1.pom (998 B at 166 kB/s)
[08d283ab-9dde-4569-9815-1bf276cc66f8/build]   | [INFO] Downloading from central: https://repo.maven.apache.org/maven2/org/codehaus/plexus/plexus-utils/1.0.4/plexus-utils-1.0.4.pom
[08d283ab-9dde-4569-9815-1bf276cc66f8/build]   | [INFO] Downloaded from central: https://repo.maven.apache.org/maven2/org/codehaus/plexus/plexus-utils/1.0.4/plexus-utils-1.0.4.pom (6.9 kB at 979 kB/s)
[08d283ab-9dde-4569-9815-1bf276cc66f8/build]   | [INFO] Downloading from central: https://repo.maven.apache.org/maven2/classworlds/classworlds/1.1-alpha-2/classworlds-1.1-alpha-2.pom
[08d283ab-9dde-4569-9815-1bf276cc66f8/build]   | [INFO] Downloaded from central: https://repo.maven.apache.org/maven2/classworlds/classworlds/1.1-alpha-2/classworlds-1.1-alpha-2.pom (3.1 kB at 447 kB/s)
[08d283ab-9dde-4569-9815-1bf276cc66f8/build]   | [INFO] Downloading from central: https://repo.maven.apache.org/maven2/org/apache/maven/maven-profile/2.0.6/maven-profile-2.0.6.pom
[08d283ab-9dde-4569-9815-1bf276cc66f8/build]   | [INFO] Downloaded from central: https://repo.maven.apache.org/maven2/org/apache/maven/maven-profile/2.0.6/maven-profile-2.0.6.pom (2.0 kB at 330 kB/s)
[08d283ab-9dde-4569-9815-1bf276cc66f8/build]   | [INFO] Downloading from central: https://repo.maven.apache.org/maven2/org/apache/maven/maven-artifact-manager/2.0.6/maven-artifact-manager-2.0.6.pom
[08d283ab-9dde-4569-9815-1bf276cc66f8/build]   | [INFO] Downloaded from central: https://repo.maven.apache.org/maven2/org/apache/maven/maven-artifact-manager/2.0.6/maven-artifact-manager-2.0.6.pom (2.6 kB at 437 kB/s)
[08d283ab-9dde-4569-9815-1bf276cc66f8/build]   | [INFO] Downloading from central: https://repo.maven.apache.org/maven2/org/apache/maven/maven-repository-metadata/2.0.6/maven-repository-metadata-2.0.6.pom
[08d283ab-9dde-4569-9815-1bf276cc66f8/build]   | [INFO] Downloaded from central: https://repo.maven.apache.org/maven2/org/apache/maven/maven-repository-metadata/2.0.6/maven-repository-metadata-2.0.6.pom (1.9 kB at 132 kB/s)
[08d283ab-9dde-4569-9815-1bf276cc66f8/build]   | [INFO] Downloading from central: https://repo.maven.apache.org/maven2/org/apache/maven/maven-artifact/2.0.6/maven-artifact-2.0.6.pom
[08d283ab-9dde-4569-9815-1bf276cc66f8/build]   | [INFO] Downloaded from central: https://repo.maven.apache.org/maven2/org/apache/maven/maven-artifact/2.0.6/maven-artifact-2.0.6.pom (1.6 kB at 99 kB/s)
[08d283ab-9dde-4569-9815-1bf276cc66f8/build]   | [INFO] Downloading from central: https://repo.maven.apache.org/maven2/org/apache/maven/maven-plugin-registry/2.0.6/maven-plugin-registry-2.0.6.pom
[08d283ab-9dde-4569-9815-1bf276cc66f8/build]   | [INFO] Downloaded from central: https://repo.maven.apache.org/maven2/org/apache/maven/maven-plugin-registry/2.0.6/maven-plugin-registry-2.0.6.pom (1.9 kB at 139 kB/s)
[08d283ab-9dde-4569-9815-1bf276cc66f8/build]   | [INFO] Downloading from central: https://repo.maven.apache.org/maven2/org/apache/maven/maven-core/2.0.6/maven-core-2.0.6.pom
[08d283ab-9dde-4569-9815-1bf276cc66f8/build]   | [INFO] Downloaded from central: https://repo.maven.apache.org/maven2/org/apache/maven/maven-core/2.0.6/maven-core-2.0.6.pom (6.7 kB at 839 kB/s)
[08d283ab-9dde-4569-9815-1bf276cc66f8/build]   | [INFO] Downloading from central: https://repo.maven.apache.org/maven2/org/apache/maven/maven-plugin-parameter-documenter/2.0.6/maven-plugin-parameter-documenter-2.0.6.pom
[08d283ab-9dde-4569-9815-1bf276cc66f8/build]   | [INFO] Downloaded from central: https://repo.maven.apache.org/maven2/org/apache/maven/maven-plugin-parameter-documenter/2.0.6/maven-plugin-parameter-documenter-2.0.6.pom (1.9 kB at 191 kB/s)
[08d283ab-9dde-4569-9815-1bf276cc66f8/build]   | [INFO] Downloading from central: https://repo.maven.apache.org/maven2/org/apache/maven/reporting/maven-reporting-api/2.0.6/maven-reporting-api-2.0.6.pom
[08d283ab-9dde-4569-9815-1bf276cc66f8/build]   | [INFO] Downloaded from central: https://repo.maven.apache.org/maven2/org/apache/maven/reporting/maven-reporting-api/2.0.6/maven-reporting-api-2.0.6.pom (1.8 kB at 175 kB/s)
[08d283ab-9dde-4569-9815-1bf276cc66f8/build]   | [INFO] Downloading from central: https://repo.maven.apache.org/maven2/org/apache/maven/reporting/maven-reporting/2.0.6/maven-reporting-2.0.6.pom
[08d283ab-9dde-4569-9815-1bf276cc66f8/build]   | [INFO] Downloaded from central: https://repo.maven.apache.org/maven2/org/apache/maven/reporting/maven-reporting/2.0.6/maven-reporting-2.0.6.pom (1.4 kB at 206 kB/s)
[08d283ab-9dde-4569-9815-1bf276cc66f8/build]   | [INFO] Downloading from central: https://repo.maven.apache.org/maven2/org/apache/maven/doxia/doxia-sink-api/1.0-alpha-7/doxia-sink-api-1.0-alpha-7.pom
[08d283ab-9dde-4569-9815-1bf276cc66f8/build]   | [INFO] Downloaded from central: https://repo.maven.apache.org/maven2/org/apache/maven/doxia/doxia-sink-api/1.0-alpha-7/doxia-sink-api-1.0-alpha-7.pom (424 B at 71 kB/s)
[08d283ab-9dde-4569-9815-1bf276cc66f8/build]   | [INFO] Downloading from central: https://repo.maven.apache.org/maven2/org/apache/maven/doxia/doxia/1.0-alpha-7/doxia-1.0-alpha-7.pom
[08d283ab-9dde-4569-9815-1bf276cc66f8/build]   | [INFO] Downloaded from central: https://repo.maven.apache.org/maven2/org/apache/maven/doxia/doxia/1.0-alpha-7/doxia-1.0-alpha-7.pom (3.9 kB at 783 kB/s)
[08d283ab-9dde-4569-9815-1bf276cc66f8/build]   | [INFO] Downloading from central: https://repo.maven.apache.org/maven2/org/apache/maven/maven-error-diagnostics/2.0.6/maven-error-diagnostics-2.0.6.pom
[08d283ab-9dde-4569-9815-1bf276cc66f8/build]   | [INFO] Downloaded from central: https://repo.maven.apache.org/maven2/org/apache/maven/maven-error-diagnostics/2.0.6/maven-error-diagnostics-2.0.6.pom (1.7 kB at 189 kB/s)
[08d283ab-9dde-4569-9815-1bf276cc66f8/build]   | [INFO] Downloading from central: https://repo.maven.apache.org/maven2/commons-cli/commons-cli/1.0/commons-cli-1.0.pom
[08d283ab-9dde-4569-9815-1bf276cc66f8/build]   | [INFO] Downloaded from central: https://repo.maven.apache.org/maven2/commons-cli/commons-cli/1.0/commons-cli-1.0.pom (2.1 kB at 191 kB/s)
[08d283ab-9dde-4569-9815-1bf276cc66f8/build]   | [INFO] Downloading from central: https://repo.maven.apache.org/maven2/org/apache/maven/maven-plugin-descriptor/2.0.6/maven-plugin-descriptor-2.0.6.pom
[08d283ab-9dde-4569-9815-1bf276cc66f8/build]   | [INFO] Downloaded from central: https://repo.maven.apache.org/maven2/org/apache/maven/maven-plugin-descriptor/2.0.6/maven-plugin-descriptor-2.0.6.pom (2.0 kB at 155 kB/s)
[08d283ab-9dde-4569-9815-1bf276cc66f8/build]   | [INFO] Downloading from central: https://repo.maven.apache.org/maven2/org/codehaus/plexus/plexus-interactivity-api/1.0-alpha-4/plexus-interactivity-api-1.0-alpha-4.pom
[08d283ab-9dde-4569-9815-1bf276cc66f8/build]   | [INFO] Downloaded from central: https://repo.maven.apache.org/maven2/org/codehaus/plexus/plexus-interactivity-api/1.0-alpha-4/plexus-interactivity-api-1.0-alpha-4.pom (7.1 kB at 1.0 MB/s)
[08d283ab-9dde-4569-9815-1bf276cc66f8/build]   | [INFO] Downloading from central: https://repo.maven.apache.org/maven2/org/apache/maven/maven-monitor/2.0.6/maven-monitor-2.0.6.pom
[08d283ab-9dde-4569-9815-1bf276cc66f8/build]   | [INFO] Downloaded from central: https://repo.maven.apache.org/maven2/org/apache/maven/maven-monitor/2.0.6/maven-monitor-2.0.6.pom (1.3 kB at 157 kB/s)
[08d283ab-9dde-4569-9815-1bf276cc66f8/build]   | [INFO] Downloading from central: https://repo.maven.apache.org/maven2/classworlds/classworlds/1.1/classworlds-1.1.pom
[08d283ab-9dde-4569-9815-1bf276cc66f8/build]   | [INFO] Downloaded from central: https://repo.maven.apache.org/maven2/classworlds/classworlds/1.1/classworlds-1.1.pom (3.3 kB at 554 kB/s)
[08d283ab-9dde-4569-9815-1bf276cc66f8/build]   | [INFO] Downloading from central: https://repo.maven.apache.org/maven2/org/codehaus/plexus/plexus-utils/2.0.5/plexus-utils-2.0.5.pom
[08d283ab-9dde-4569-9815-1bf276cc66f8/build]   | [INFO] Downloaded from central: https://repo.maven.apache.org/maven2/org/codehaus/plexus/plexus-utils/2.0.5/plexus-utils-2.0.5.pom (3.3 kB at 556 kB/s)
[08d283ab-9dde-4569-9815-1bf276cc66f8/build]   | [INFO] Downloading from central: https://repo.maven.apache.org/maven2/org/codehaus/plexus/plexus/2.0.6/plexus-2.0.6.pom
[08d283ab-9dde-4569-9815-1bf276cc66f8/build]   | [INFO] Downloaded from central: https://repo.maven.apache.org/maven2/org/codehaus/plexus/plexus/2.0.6/plexus-2.0.6.pom (17 kB at 3.4 MB/s)
[08d283ab-9dde-4569-9815-1bf276cc66f8/build]   | [INFO] Downloading from central: https://repo.maven.apache.org/maven2/org/apache/maven/shared/maven-filtering/1.1/maven-filtering-1.1.pom
[08d283ab-9dde-4569-9815-1bf276cc66f8/build]   | [INFO] Downloaded from central: https://repo.maven.apache.org/maven2/org/apache/maven/shared/maven-filtering/1.1/maven-filtering-1.1.pom (5.8 kB at 827 kB/s)
[08d283ab-9dde-4569-9815-1bf276cc66f8/build]   | [INFO] Downloading from central: https://repo.maven.apache.org/maven2/org/apache/maven/shared/maven-shared-components/17/maven-shared-components-17.pom
[08d283ab-9dde-4569-9815-1bf276cc66f8/build]   | [INFO] Downloaded from central: https://repo.maven.apache.org/maven2/org/apache/maven/shared/maven-shared-components/17/maven-shared-components-17.pom (8.7 kB at 1.5 MB/s)
[08d283ab-9dde-4569-9815-1bf276cc66f8/build]   | [INFO] Downloading from central: https://repo.maven.apache.org/maven2/org/codehaus/plexus/plexus-utils/1.5.15/plexus-utils-1.5.15.pom
[08d283ab-9dde-4569-9815-1bf276cc66f8/build]   | [INFO] Downloaded from central: https://repo.maven.apache.org/maven2/org/codehaus/plexus/plexus-utils/1.5.15/plexus-utils-1.5.15.pom (6.8 kB at 1.4 MB/s)
[08d283ab-9dde-4569-9815-1bf276cc66f8/build]   | [INFO] Downloading from central: https://repo.maven.apache.org/maven2/org/codehaus/plexus/plexus/2.0.2/plexus-2.0.2.pom
[08d283ab-9dde-4569-9815-1bf276cc66f8/build]   | [INFO] Downloaded from central: https://repo.maven.apache.org/maven2/org/codehaus/plexus/plexus/2.0.2/plexus-2.0.2.pom (12 kB at 1.9 MB/s)
[08d283ab-9dde-4569-9815-1bf276cc66f8/build]   | [INFO] Downloading from central: https://repo.maven.apache.org/maven2/org/codehaus/plexus/plexus-interpolation/1.12/plexus-interpolation-1.12.pom
[08d283ab-9dde-4569-9815-1bf276cc66f8/build]   | [INFO] Downloaded from central: https://repo.maven.apache.org/maven2/org/codehaus/plexus/plexus-interpolation/1.12/plexus-interpolation-1.12.pom (889 B at 148 kB/s)
[08d283ab-9dde-4569-9815-1bf276cc66f8/build]   | [INFO] Downloading from central: https://repo.maven.apache.org/maven2/org/codehaus/plexus/plexus-components/1.1.14/plexus-components-1.1.14.pom
[08d283ab-9dde-4569-9815-1bf276cc66f8/build]   | [INFO] Downloaded from central: https://repo.maven.apache.org/maven2/org/codehaus/plexus/plexus-components/1.1.14/plexus-components-1.1.14.pom (5.8 kB at 974 kB/s)
[08d283ab-9dde-4569-9815-1bf276cc66f8/build]   | [INFO] Downloading from central: https://repo.maven.apache.org/maven2/org/sonatype/plexus/plexus-build-api/0.0.4/plexus-build-api-0.0.4.pom
[08d283ab-9dde-4569-9815-1bf276cc66f8/build]   | [INFO] Downloaded from central: https://repo.maven.apache.org/maven2/org/sonatype/plexus/plexus-build-api/0.0.4/plexus-build-api-0.0.4.pom (2.9 kB at 409 kB/s)
[08d283ab-9dde-4569-9815-1bf276cc66f8/build]   | [INFO] Downloading from central: https://repo.maven.apache.org/maven2/org/sonatype/spice/spice-parent/10/spice-parent-10.pom
[08d283ab-9dde-4569-9815-1bf276cc66f8/build]   | [INFO] Downloaded from central: https://repo.maven.apache.org/maven2/org/sonatype/spice/spice-parent/10/spice-parent-10.pom (3.0 kB at 502 kB/s)
[08d283ab-9dde-4569-9815-1bf276cc66f8/build]   | [INFO] Downloading from central: https://repo.maven.apache.org/maven2/org/sonatype/forge/forge-parent/3/forge-parent-3.pom
[08d283ab-9dde-4569-9815-1bf276cc66f8/build]   | [INFO] Downloaded from central: https://repo.maven.apache.org/maven2/org/sonatype/forge/forge-parent/3/forge-parent-3.pom (5.0 kB at 240 kB/s)
[08d283ab-9dde-4569-9815-1bf276cc66f8/build]   | [INFO] Downloading from central: https://repo.maven.apache.org/maven2/org/codehaus/plexus/plexus-utils/1.5.8/plexus-utils-1.5.8.pom
[08d283ab-9dde-4569-9815-1bf276cc66f8/build]   | [INFO] Downloaded from central: https://repo.maven.apache.org/maven2/org/codehaus/plexus/plexus-utils/1.5.8/plexus-utils-1.5.8.pom (8.1 kB at 1.3 MB/s)
[08d283ab-9dde-4569-9815-1bf276cc66f8/build]   | [INFO] Downloading from central: https://repo.maven.apache.org/maven2/org/codehaus/plexus/plexus-interpolation/1.13/plexus-interpolation-1.13.pom
[08d283ab-9dde-4569-9815-1bf276cc66f8/build]   | [INFO] Downloaded from central: https://repo.maven.apache.org/maven2/org/codehaus/plexus/plexus-interpolation/1.13/plexus-interpolation-1.13.pom (890 B at 56 kB/s)
[08d283ab-9dde-4569-9815-1bf276cc66f8/build]   | [INFO] Downloading from central: https://repo.maven.apache.org/maven2/org/codehaus/plexus/plexus-components/1.1.15/plexus-components-1.1.15.pom
[08d283ab-9dde-4569-9815-1bf276cc66f8/build]   | [INFO] Downloaded from central: https://repo.maven.apache.org/maven2/org/codehaus/plexus/plexus-components/1.1.15/plexus-components-1.1.15.pom (2.8 kB at 203 kB/s)
[08d283ab-9dde-4569-9815-1bf276cc66f8/build]   | [INFO] Downloading from central: https://repo.maven.apache.org/maven2/org/codehaus/plexus/plexus/2.0.3/plexus-2.0.3.pom
[08d283ab-9dde-4569-9815-1bf276cc66f8/build]   | [INFO] Downloaded from central: https://repo.maven.apache.org/maven2/org/codehaus/plexus/plexus/2.0.3/plexus-2.0.3.pom (15 kB at 1.5 MB/s)
[08d283ab-9dde-4569-9815-1bf276cc66f8/build]   | [INFO] Downloading from central: https://repo.maven.apache.org/maven2/org/apache/maven/maven-plugin-api/2.0.6/maven-plugin-api-2.0.6.jar
[08d283ab-9dde-4569-9815-1bf276cc66f8/build]   | [INFO] Downloading from central: https://repo.maven.apache.org/maven2/org/apache/maven/maven-project/2.0.6/maven-project-2.0.6.jar
[08d283ab-9dde-4569-9815-1bf276cc66f8/build]   | [INFO] Downloading from central: https://repo.maven.apache.org/maven2/org/apache/maven/maven-artifact-manager/2.0.6/maven-artifact-manager-2.0.6.jar
[08d283ab-9dde-4569-9815-1bf276cc66f8/build]   | [INFO] Downloading from central: https://repo.maven.apache.org/maven2/org/apache/maven/maven-profile/2.0.6/maven-profile-2.0.6.jar
[08d283ab-9dde-4569-9815-1bf276cc66f8/build]   | [INFO] Downloading from central: https://repo.maven.apache.org/maven2/org/apache/maven/maven-plugin-registry/2.0.6/maven-plugin-registry-2.0.6.jar
[08d283ab-9dde-4569-9815-1bf276cc66f8/build]   | [INFO] Downloaded from central: https://repo.maven.apache.org/maven2/org/apache/maven/maven-plugin-api/2.0.6/maven-plugin-api-2.0.6.jar (13 kB at 1.3 MB/s)
[08d283ab-9dde-4569-9815-1bf276cc66f8/build]   | [INFO] Downloading from central: https://repo.maven.apache.org/maven2/org/apache/maven/maven-core/2.0.6/maven-core-2.0.6.jar
[08d283ab-9dde-4569-9815-1bf276cc66f8/build]   | [INFO] Downloaded from central: https://repo.maven.apache.org/maven2/org/apache/maven/maven-artifact-manager/2.0.6/maven-artifact-manager-2.0.6.jar (57 kB at 5.1 MB/s)
[08d283ab-9dde-4569-9815-1bf276cc66f8/build]   | [INFO] Downloading from central: https://repo.maven.apache.org/maven2/org/apache/maven/maven-plugin-parameter-documenter/2.0.6/maven-plugin-parameter-documenter-2.0.6.jar
[08d283ab-9dde-4569-9815-1bf276cc66f8/build]   | [INFO] Downloaded from central: https://repo.maven.apache.org/maven2/org/apache/maven/maven-plugin-registry/2.0.6/maven-plugin-registry-2.0.6.jar (29 kB at 2.4 MB/s)
[08d283ab-9dde-4569-9815-1bf276cc66f8/build]   | [INFO] Downloading from central: https://repo.maven.apache.org/maven2/org/apache/maven/reporting/maven-reporting-api/2.0.6/maven-reporting-api-2.0.6.jar
[08d283ab-9dde-4569-9815-1bf276cc66f8/build]   | [INFO] Downloaded from central: https://repo.maven.apache.org/maven2/org/apache/maven/maven-project/2.0.6/maven-project-2.0.6.jar (116 kB at 9.7 MB/s)
[08d283ab-9dde-4569-9815-1bf276cc66f8/build]   | [INFO] Downloaded from central: https://repo.maven.apache.org/maven2/org/apache/maven/maven-profile/2.0.6/maven-profile-2.0.6.jar (35 kB at 2.9 MB/s)
[08d283ab-9dde-4569-9815-1bf276cc66f8/build]   | [INFO] Downloading from central: https://repo.maven.apache.org/maven2/org/apache/maven/doxia/doxia-sink-api/1.0-alpha-7/doxia-sink-api-1.0-alpha-7.jar
[08d283ab-9dde-4569-9815-1bf276cc66f8/build]   | [INFO] Downloading from central: https://repo.maven.apache.org/maven2/org/apache/maven/maven-repository-metadata/2.0.6/maven-repository-metadata-2.0.6.jar
[08d283ab-9dde-4569-9815-1bf276cc66f8/build]   | [INFO] Downloaded from central: https://repo.maven.apache.org/maven2/org/apache/maven/maven-plugin-parameter-documenter/2.0.6/maven-plugin-parameter-documenter-2.0.6.jar (21 kB at 1.3 MB/s)
[08d283ab-9dde-4569-9815-1bf276cc66f8/build]   | [INFO] Downloading from central: https://repo.maven.apache.org/maven2/org/apache/maven/maven-error-diagnostics/2.0.6/maven-error-diagnostics-2.0.6.jar
[08d283ab-9dde-4569-9815-1bf276cc66f8/build]   | [INFO] Downloaded from central: https://repo.maven.apache.org/maven2/org/apache/maven/doxia/doxia-sink-api/1.0-alpha-7/doxia-sink-api-1.0-alpha-7.jar (5.9 kB at 330 kB/s)
[08d283ab-9dde-4569-9815-1bf276cc66f8/build]   | [INFO] Downloading from central: https://repo.maven.apache.org/maven2/commons-cli/commons-cli/1.0/commons-cli-1.0.jar
[08d283ab-9dde-4569-9815-1bf276cc66f8/build]   | [INFO] Downloaded from central: https://repo.maven.apache.org/maven2/org/apache/maven/reporting/maven-reporting-api/2.0.6/maven-reporting-api-2.0.6.jar (9.9 kB at 552 kB/s)
[08d283ab-9dde-4569-9815-1bf276cc66f8/build]   | [INFO] Downloaded from central: https://repo.maven.apache.org/maven2/org/apache/maven/maven-repository-metadata/2.0.6/maven-repository-metadata-2.0.6.jar (24 kB at 1.4 MB/s)
[08d283ab-9dde-4569-9815-1bf276cc66f8/build]   | [INFO] Downloading from central: https://repo.maven.apache.org/maven2/org/apache/maven/maven-plugin-descriptor/2.0.6/maven-plugin-descriptor-2.0.6.jar
[08d283ab-9dde-4569-9815-1bf276cc66f8/build]   | [INFO] Downloading from central: https://repo.maven.apache.org/maven2/org/codehaus/plexus/plexus-interactivity-api/1.0-alpha-4/plexus-interactivity-api-1.0-alpha-4.jar
[08d283ab-9dde-4569-9815-1bf276cc66f8/build]   | [INFO] Downloaded from central: https://repo.maven.apache.org/maven2/org/apache/maven/maven-core/2.0.6/maven-core-2.0.6.jar (152 kB at 7.6 MB/s)
[08d283ab-9dde-4569-9815-1bf276cc66f8/build]   | [INFO] Downloading from central: https://repo.maven.apache.org/maven2/classworlds/classworlds/1.1/classworlds-1.1.jar
[08d283ab-9dde-4569-9815-1bf276cc66f8/build]   | [INFO] Downloaded from central: https://repo.maven.apache.org/maven2/org/apache/maven/maven-error-diagnostics/2.0.6/maven-error-diagnostics-2.0.6.jar (14 kB at 592 kB/s)
[08d283ab-9dde-4569-9815-1bf276cc66f8/build]   | [INFO] Downloading from central: https://repo.maven.apache.org/maven2/org/apache/maven/maven-artifact/2.0.6/maven-artifact-2.0.6.jar
[08d283ab-9dde-4569-9815-1bf276cc66f8/build]   | [INFO] Downloaded from central: https://repo.maven.apache.org/maven2/org/codehaus/plexus/plexus-interactivity-api/1.0-alpha-4/plexus-interactivity-api-1.0-alpha-4.jar (13 kB at 447 kB/s)
[08d283ab-9dde-4569-9815-1bf276cc66f8/build]   | [INFO] Downloading from central: https://repo.maven.apache.org/maven2/org/apache/maven/maven-settings/2.0.6/maven-settings-2.0.6.jar
[08d283ab-9dde-4569-9815-1bf276cc66f8/build]   | [INFO] Downloaded from central: https://repo.maven.apache.org/maven2/commons-cli/commons-cli/1.0/commons-cli-1.0.jar (30 kB at 941 kB/s)
[08d283ab-9dde-4569-9815-1bf276cc66f8/build]   | [INFO] Downloading from central: https://repo.maven.apache.org/maven2/org/apache/maven/maven-model/2.0.6/maven-model-2.0.6.jar
[08d283ab-9dde-4569-9815-1bf276cc66f8/build]   | [INFO] Downloaded from central: https://repo.maven.apache.org/maven2/org/apache/maven/maven-plugin-descriptor/2.0.6/maven-plugin-descriptor-2.0.6.jar (37 kB at 1.2 MB/s)
[08d283ab-9dde-4569-9815-1bf276cc66f8/build]   | [INFO] Downloading from central: https://repo.maven.apache.org/maven2/org/apache/maven/maven-monitor/2.0.6/maven-monitor-2.0.6.jar
[08d283ab-9dde-4569-9815-1bf276cc66f8/build]   | [INFO] Downloaded from central: https://repo.maven.apache.org/maven2/classworlds/classworlds/1.1/classworlds-1.1.jar (38 kB at 1.1 MB/s)
[08d283ab-9dde-4569-9815-1bf276cc66f8/build]   | [INFO] Downloading from central: https://repo.maven.apache.org/maven2/org/codehaus/plexus/plexus-container-default/1.0-alpha-9-stable-1/plexus-container-default-1.0-alpha-9-stable-1.jar
[08d283ab-9dde-4569-9815-1bf276cc66f8/build]   | [INFO] Downloaded from central: https://repo.maven.apache.org/maven2/org/apache/maven/maven-artifact/2.0.6/maven-artifact-2.0.6.jar (87 kB at 2.3 MB/s)
[08d283ab-9dde-4569-9815-1bf276cc66f8/build]   | [INFO] Downloading from central: https://repo.maven.apache.org/maven2/junit/junit/3.8.1/junit-3.8.1.jar
[08d283ab-9dde-4569-9815-1bf276cc66f8/build]   | [INFO] Downloaded from central: https://repo.maven.apache.org/maven2/org/apache/maven/maven-monitor/2.0.6/maven-monitor-2.0.6.jar (10 kB at 250 kB/s)
[08d283ab-9dde-4569-9815-1bf276cc66f8/build]   | [INFO] Downloading from central: https://repo.maven.apache.org/maven2/org/codehaus/plexus/plexus-utils/2.0.5/plexus-utils-2.0.5.jar
[08d283ab-9dde-4569-9815-1bf276cc66f8/build]   | [INFO] Downloaded from central: https://repo.maven.apache.org/maven2/org/apache/maven/maven-settings/2.0.6/maven-settings-2.0.6.jar (49 kB at 1.2 MB/s)
[08d283ab-9dde-4569-9815-1bf276cc66f8/build]   | [INFO] Downloading from central: https://repo.maven.apache.org/maven2/org/apache/maven/shared/maven-filtering/1.1/maven-filtering-1.1.jar
[08d283ab-9dde-4569-9815-1bf276cc66f8/build]   | [INFO] Downloaded from central: https://repo.maven.apache.org/maven2/org/apache/maven/maven-model/2.0.6/maven-model-2.0.6.jar (86 kB at 2.1 MB/s)
[08d283ab-9dde-4569-9815-1bf276cc66f8/build]   | [INFO] Downloading from central: https://repo.maven.apache.org/maven2/org/sonatype/plexus/plexus-build-api/0.0.4/plexus-build-api-0.0.4.jar
[08d283ab-9dde-4569-9815-1bf276cc66f8/build]   | [INFO] Downloaded from central: https://repo.maven.apache.org/maven2/org/codehaus/plexus/plexus-container-default/1.0-alpha-9-stable-1/plexus-container-default-1.0-alpha-9-stable-1.jar (194 kB at 3.9 MB/s)
[08d283ab-9dde-4569-9815-1bf276cc66f8/build]   | [INFO] Downloading from central: https://repo.maven.apache.org/maven2/org/codehaus/plexus/plexus-interpolation/1.13/plexus-interpolation-1.13.jar
[08d283ab-9dde-4569-9815-1bf276cc66f8/build]   | [INFO] Downloaded from central: https://repo.maven.apache.org/maven2/junit/junit/3.8.1/junit-3.8.1.jar (121 kB at 2.3 MB/s)
[08d283ab-9dde-4569-9815-1bf276cc66f8/build]   | [INFO] Downloaded from central: https://repo.maven.apache.org/maven2/org/apache/maven/shared/maven-filtering/1.1/maven-filtering-1.1.jar (43 kB at 770 kB/s)
[08d283ab-9dde-4569-9815-1bf276cc66f8/build]   | [INFO] Downloaded from central: https://repo.maven.apache.org/maven2/org/codehaus/plexus/plexus-utils/2.0.5/plexus-utils-2.0.5.jar (223 kB at 3.9 MB/s)
[08d283ab-9dde-4569-9815-1bf276cc66f8/build]   | [INFO] Downloaded from central: https://repo.maven.apache.org/maven2/org/sonatype/plexus/plexus-build-api/0.0.4/plexus-build-api-0.0.4.jar (6.8 kB at 119 kB/s)
[08d283ab-9dde-4569-9815-1bf276cc66f8/build]   | [INFO] Downloaded from central: https://repo.maven.apache.org/maven2/org/codehaus/plexus/plexus-interpolation/1.13/plexus-interpolation-1.13.jar (61 kB at 954 kB/s)
[08d283ab-9dde-4569-9815-1bf276cc66f8/build]   | [INFO] Using 'UTF-8' encoding to copy filtered resources.
[08d283ab-9dde-4569-9815-1bf276cc66f8/build]   | [INFO] skip non existing resourceDirectory /tmp/8bf41f7b-52e5-42af-98af-fa2f98d23087/src/main/resources
[08d283ab-9dde-4569-9815-1bf276cc66f8/build]   | [INFO] 
[08d283ab-9dde-4569-9815-1bf276cc66f8/build]   | [INFO] --- maven-compiler-plugin:3.10.1:compile (default-compile) @ Java ---
[08d283ab-9dde-4569-9815-1bf276cc66f8/build]   | [INFO] Downloading from central: https://repo.maven.apache.org/maven2/org/apache/maven/shared/maven-shared-utils/3.3.4/maven-shared-utils-3.3.4.pom
[08d283ab-9dde-4569-9815-1bf276cc66f8/build]   | [INFO] Downloaded from central: https://repo.maven.apache.org/maven2/org/apache/maven/shared/maven-shared-utils/3.3.4/maven-shared-utils-3.3.4.pom (5.8 kB at 833 kB/s)
[08d283ab-9dde-4569-9815-1bf276cc66f8/build]   | [INFO] Downloading from central: https://repo.maven.apache.org/maven2/org/apache/maven/shared/maven-shared-components/34/maven-shared-components-34.pom
[08d283ab-9dde-4569-9815-1bf276cc66f8/build]   | [INFO] Downloaded from central: https://repo.maven.apache.org/maven2/org/apache/maven/shared/maven-shared-components/34/maven-shared-components-34.pom (5.1 kB at 728 kB/s)
[08d283ab-9dde-4569-9815-1bf276cc66f8/build]   | [INFO] Downloading from central: https://repo.maven.apache.org/maven2/commons-io/commons-io/2.6/commons-io-2.6.pom
[08d283ab-9dde-4569-9815-1bf276cc66f8/build]   | [INFO] Downloaded from central: https://repo.maven.apache.org/maven2/commons-io/commons-io/2.6/commons-io-2.6.pom (14 kB at 2.0 MB/s)
[08d283ab-9dde-4569-9815-1bf276cc66f8/build]   | [INFO] Downloading from central: https://repo.maven.apache.org/maven2/org/apache/commons/commons-parent/42/commons-parent-42.pom
[08d283ab-9dde-4569-9815-1bf276cc66f8/build]   | [INFO] Downloaded from central: https://repo.maven.apache.org/maven2/org/apache/commons/commons-parent/42/commons-parent-42.pom (68 kB at 8.5 MB/s)
[08d283ab-9dde-4569-9815-1bf276cc66f8/build]   | [INFO] Downloading from central: https://repo.maven.apache.org/maven2/org/apache/apache/18/apache-18.pom
[08d283ab-9dde-4569-9815-1bf276cc66f8/build]   | [INFO] Downloaded from central: https://repo.maven.apache.org/maven2/org/apache/apache/18/apache-18.pom (16 kB at 2.6 MB/s)
[08d283ab-9dde-4569-9815-1bf276cc66f8/build]   | [INFO] Downloading from central: https://repo.maven.apache.org/maven2/org/apache/maven/shared/maven-shared-incremental/1.1/maven-shared-incremental-1.1.pom
[08d283ab-9dde-4569-9815-1bf276cc66f8/build]   | [INFO] Downloaded from central: https://repo.maven.apache.org/maven2/org/apache/maven/shared/maven-shared-incremental/1.1/maven-shared-incremental-1.1.pom (4.7 kB at 677 kB/s)
[08d283ab-9dde-4569-9815-1bf276cc66f8/build]   | [INFO] Downloading from central: https://repo.maven.apache.org/maven2/org/apache/maven/shared/maven-shared-components/19/maven-shared-components-19.pom
[08d283ab-9dde-4569-9815-1bf276cc66f8/build]   | [INFO] Downloaded from central: https://repo.maven.apache.org/maven2/org/apache/maven/shared/maven-shared-components/19/maven-shared-components-19.pom (6.4 kB at 908 kB/s)
[08d283ab-9dde-4569-9815-1bf276cc66f8/build]   | [INFO] Downloading from central: https://repo.maven.apache.org/maven2/org/apache/maven/maven-parent/23/maven-parent-23.pom
[08d283ab-9dde-4569-9815-1bf276cc66f8/build]   | [INFO] Downloaded from central: https://repo.maven.apache.org/maven2/org/apache/maven/maven-parent/23/maven-parent-23.pom (33 kB at 5.4 MB/s)
[08d283ab-9dde-4569-9815-1bf276cc66f8/build]   | [INFO] Downloading from central: https://repo.maven.apache.org/maven2/org/apache/apache/13/apache-13.pom
[08d283ab-9dde-4569-9815-1bf276cc66f8/build]   | [INFO] Downloaded from central: https://repo.maven.apache.org/maven2/org/apache/apache/13/apache-13.pom (14 kB at 1.2 MB/s)
[08d283ab-9dde-4569-9815-1bf276cc66f8/build]   | [INFO] Downloading from central: https://repo.maven.apache.org/maven2/org/codehaus/plexus/plexus-component-annotations/2.0.0/plexus-component-annotations-2.0.0.pom
[08d283ab-9dde-4569-9815-1bf276cc66f8/build]   | [INFO] Downloaded from central: https://repo.maven.apache.org/maven2/org/codehaus/plexus/plexus-component-annotations/2.0.0/plexus-component-annotations-2.0.0.pom (750 B at 107 kB/s)
[08d283ab-9dde-4569-9815-1bf276cc66f8/build]   | [INFO] Downloading from central: https://repo.maven.apache.org/maven2/org/codehaus/plexus/plexus-containers/2.0.0/plexus-containers-2.0.0.pom
[08d283ab-9dde-4569-9815-1bf276cc66f8/build]   | [INFO] Downloaded from central: https://repo.maven.apache.org/maven2/org/codehaus/plexus/plexus-containers/2.0.0/plexus-containers-2.0.0.pom (4.8 kB at 534 kB/s)
[08d283ab-9dde-4569-9815-1bf276cc66f8/build]   | [INFO] Downloading from central: https://repo.maven.apache.org/maven2/org/codehaus/plexus/plexus/5.1/plexus-5.1.pom
[08d283ab-9dde-4569-9815-1bf276cc66f8/build]   | [INFO] Downloaded from central: https://repo.maven.apache.org/maven2/org/codehaus/plexus/plexus/5.1/plexus-5.1.pom (23 kB at 3.2 MB/s)
[08d283ab-9dde-4569-9815-1bf276cc66f8/build]   | [INFO] Downloading from central: https://repo.maven.apache.org/maven2/org/codehaus/plexus/plexus-java/1.1.1/plexus-java-1.1.1.pom
[08d283ab-9dde-4569-9815-1bf276cc66f8/build]   | [INFO] Downloaded from central: https://repo.maven.apache.org/maven2/org/codehaus/plexus/plexus-java/1.1.1/plexus-java-1.1.1.pom (5.0 kB at 710 kB/s)
[08d283ab-9dde-4569-9815-1bf276cc66f8/build]   | [INFO] Downloading from central: https://repo.maven.apache.org/maven2/org/codehaus/plexus/plexus-languages/1.1.1/plexus-languages-1.1.1.pom
[08d283ab-9dde-4569-9815-1bf276cc66f8/build]   | [INFO] Downloaded from central: https://repo.maven.apache.org/maven2/org/codehaus/plexus/plexus-languages/1.1.1/plexus-languages-1.1.1.pom (4.6 kB at 1.2 MB/s)
[08d283ab-9dde-4569-9815-1bf276cc66f8/build]   | [INFO] Downloading from central: https://repo.maven.apache.org/maven2/org/codehaus/plexus/plexus/8/plexus-8.pom
[08d283ab-9dde-4569-9815-1bf276cc66f8/build]   | [INFO] Downloaded from central: https://repo.maven.apache.org/maven2/org/codehaus/plexus/plexus/8/plexus-8.pom (25 kB at 4.2 MB/s)
[08d283ab-9dde-4569-9815-1bf276cc66f8/build]   | [INFO] Downloading from central: https://repo.maven.apache.org/maven2/org/ow2/asm/asm/9.2/asm-9.2.pom
[08d283ab-9dde-4569-9815-1bf276cc66f8/build]   | [INFO] Downloaded from central: https://repo.maven.apache.org/maven2/org/ow2/asm/asm/9.2/asm-9.2.pom (2.4 kB at 473 kB/s)
[08d283ab-9dde-4569-9815-1bf276cc66f8/build]   | [INFO] Downloading from central: https://repo.maven.apache.org/maven2/org/ow2/ow2/1.5/ow2-1.5.pom
[08d283ab-9dde-4569-9815-1bf276cc66f8/build]   | [INFO] Downloaded from central: https://repo.maven.apache.org/maven2/org/ow2/ow2/1.5/ow2-1.5.pom (11 kB at 1.1 MB/s)
[08d283ab-9dde-4569-9815-1bf276cc66f8/build]   | [INFO] Downloading from central: https://repo.maven.apache.org/maven2/com/thoughtworks/qdox/qdox/2.0.1/qdox-2.0.1.pom
[08d283ab-9dde-4569-9815-1bf276cc66f8/build]   | [INFO] Downloaded from central: https://repo.maven.apache.org/maven2/com/thoughtworks/qdox/qdox/2.0.1/qdox-2.0.1.pom (16 kB at 3.2 MB/s)
[08d283ab-9dde-4569-9815-1bf276cc66f8/build]   | [INFO] Downloading from central: https://repo.maven.apache.org/maven2/org/sonatype/oss/oss-parent/9/oss-parent-9.pom
[08d283ab-9dde-4569-9815-1bf276cc66f8/build]   | [INFO] Downloaded from central: https://repo.maven.apache.org/maven2/org/sonatype/oss/oss-parent/9/oss-parent-9.pom (6.6 kB at 1.3 MB/s)
[08d283ab-9dde-4569-9815-1bf276cc66f8/build]   | [INFO] Downloading from central: https://repo.maven.apache.org/maven2/org/codehaus/plexus/plexus-compiler-api/2.11.1/plexus-compiler-api-2.11.1.pom
[08d283ab-9dde-4569-9815-1bf276cc66f8/build]   | [INFO] Downloaded from central: https://repo.maven.apache.org/maven2/org/codehaus/plexus/plexus-compiler-api/2.11.1/plexus-compiler-api-2.11.1.pom (1.1 kB at 70 kB/s)
[08d283ab-9dde-4569-9815-1bf276cc66f8/build]   | [INFO] Downloading from central: https://repo.maven.apache.org/maven2/org/codehaus/plexus/plexus-compiler/2.11.1/plexus-compiler-2.11.1.pom
[08d283ab-9dde-4569-9815-1bf276cc66f8/build]   | [INFO] Downloaded from central: https://repo.maven.apache.org/maven2/org/codehaus/plexus/plexus-compiler/2.11.1/plexus-compiler-2.11.1.pom (8.1 kB at 541 kB/s)
[08d283ab-9dde-4569-9815-1bf276cc66f8/build]   | [INFO] Downloading from central: https://repo.maven.apache.org/maven2/org/codehaus/plexus/plexus-components/6.6/plexus-components-6.6.pom
[08d283ab-9dde-4569-9815-1bf276cc66f8/build]   | [INFO] Downloaded from central: https://repo.maven.apache.org/maven2/org/codehaus/plexus/plexus-components/6.6/plexus-components-6.6.pom (2.7 kB at 382 kB/s)
[08d283ab-9dde-4569-9815-1bf276cc66f8/build]   | [INFO] Downloading from central: https://repo.maven.apache.org/maven2/org/codehaus/plexus/plexus-utils/3.4.1/plexus-utils-3.4.1.pom
[08d283ab-9dde-4569-9815-1bf276cc66f8/build]   | [INFO] Downloaded from central: https://repo.maven.apache.org/maven2/org/codehaus/plexus/plexus-utils/3.4.1/plexus-utils-3.4.1.pom (8.0 kB at 1.6 MB/s)
[08d283ab-9dde-4569-9815-1bf276cc66f8/build]   | [INFO] Downloading from central: https://repo.maven.apache.org/maven2/org/codehaus/plexus/plexus-compiler-manager/2.11.1/plexus-compiler-manager-2.11.1.pom
[08d283ab-9dde-4569-9815-1bf276cc66f8/build]   | [INFO] Downloaded from central: https://repo.maven.apache.org/maven2/org/codehaus/plexus/plexus-compiler-manager/2.11.1/plexus-compiler-manager-2.11.1.pom (1.1 kB at 190 kB/s)
[08d283ab-9dde-4569-9815-1bf276cc66f8/build]   | [INFO] Downloading from central: https://repo.maven.apache.org/maven2/org/codehaus/plexus/plexus-compiler-javac/2.11.1/plexus-compiler-javac-2.11.1.pom
[08d283ab-9dde-4569-9815-1bf276cc66f8/build]   | [INFO] Downloaded from central: https://repo.maven.apache.org/maven2/org/codehaus/plexus/plexus-compiler-javac/2.11.1/plexus-compiler-javac-2.11.1.pom (1.2 kB at 241 kB/s)
[08d283ab-9dde-4569-9815-1bf276cc66f8/build]   | [INFO] Downloading from central: https://repo.maven.apache.org/maven2/org/codehaus/plexus/plexus-compilers/2.11.1/plexus-compilers-2.11.1.pom
[08d283ab-9dde-4569-9815-1bf276cc66f8/build]   | [INFO] Downloaded from central: https://repo.maven.apache.org/maven2/org/codehaus/plexus/plexus-compilers/2.11.1/plexus-compilers-2.11.1.pom (1.3 kB at 265 kB/s)
[08d283ab-9dde-4569-9815-1bf276cc66f8/build]   | [INFO] Downloading from central: https://repo.maven.apache.org/maven2/org/apache/maven/shared/maven-shared-utils/3.3.4/maven-shared-utils-3.3.4.jar
[08d283ab-9dde-4569-9815-1bf276cc66f8/build]   | [INFO] Downloading from central: https://repo.maven.apache.org/maven2/commons-io/commons-io/2.6/commons-io-2.6.jar
[08d283ab-9dde-4569-9815-1bf276cc66f8/build]   | [INFO] Downloading from central: https://repo.maven.apache.org/maven2/org/apache/maven/shared/maven-shared-incremental/1.1/maven-shared-incremental-1.1.jar
[08d283ab-9dde-4569-9815-1bf276cc66f8/build]   | [INFO] Downloading from central: https://repo.maven.apache.org/maven2/org/codehaus/plexus/plexus-component-annotations/2.0.0/plexus-component-annotations-2.0.0.jar
[08d283ab-9dde-4569-9815-1bf276cc66f8/build]   | [INFO] Downloading from central: https://repo.maven.apache.org/maven2/org/codehaus/plexus/plexus-java/1.1.1/plexus-java-1.1.1.jar
[08d283ab-9dde-4569-9815-1bf276cc66f8/build]   | [INFO] Downloaded from central: https://repo.maven.apache.org/maven2/org/codehaus/plexus/plexus-component-annotations/2.0.0/plexus-component-annotations-2.0.0.jar (4.2 kB at 423 kB/s)
[08d283ab-9dde-4569-9815-1bf276cc66f8/build]   | [INFO] Downloading from central: https://repo.maven.apache.org/maven2/org/ow2/asm/asm/9.2/asm-9.2.jar
[08d283ab-9dde-4569-9815-1bf276cc66f8/build]   | [INFO] Downloaded from central: https://repo.maven.apache.org/maven2/org/apache/maven/shared/maven-shared-incremental/1.1/maven-shared-incremental-1.1.jar (14 kB at 1.4 MB/s)
[08d283ab-9dde-4569-9815-1bf276cc66f8/build]   | [INFO] Downloading from central: https://repo.maven.apache.org/maven2/com/thoughtworks/qdox/qdox/2.0.1/qdox-2.0.1.jar
[08d283ab-9dde-4569-9815-1bf276cc66f8/build]   | [INFO] Downloaded from central: https://repo.maven.apache.org/maven2/org/codehaus/plexus/plexus-java/1.1.1/plexus-java-1.1.1.jar (54 kB at 4.9 MB/s)
[08d283ab-9dde-4569-9815-1bf276cc66f8/build]   | [INFO] Downloading from central: https://repo.maven.apache.org/maven2/org/codehaus/plexus/plexus-compiler-api/2.11.1/plexus-compiler-api-2.11.1.jar
[08d283ab-9dde-4569-9815-1bf276cc66f8/build]   | [INFO] Downloaded from central: https://repo.maven.apache.org/maven2/commons-io/commons-io/2.6/commons-io-2.6.jar (215 kB at 18 MB/s)
[08d283ab-9dde-4569-9815-1bf276cc66f8/build]   | [INFO] Downloading from central: https://repo.maven.apache.org/maven2/org/codehaus/plexus/plexus-utils/3.4.1/plexus-utils-3.4.1.jar
[08d283ab-9dde-4569-9815-1bf276cc66f8/build]   | [INFO] Downloaded from central: https://repo.maven.apache.org/maven2/org/apache/maven/shared/maven-shared-utils/3.3.4/maven-shared-utils-3.3.4.jar (153 kB at 11 MB/s)
[08d283ab-9dde-4569-9815-1bf276cc66f8/build]   | [INFO] Downloading from central: https://repo.maven.apache.org/maven2/org/codehaus/plexus/plexus-compiler-manager/2.11.1/plexus-compiler-manager-2.11.1.jar
[08d283ab-9dde-4569-9815-1bf276cc66f8/build]   | [INFO] Downloaded from central: https://repo.maven.apache.org/maven2/org/codehaus/plexus/plexus-compiler-api/2.11.1/plexus-compiler-api-2.11.1.jar (27 kB at 1.1 MB/s)
[08d283ab-9dde-4569-9815-1bf276cc66f8/build]   | [INFO] Downloading from central: https://repo.maven.apache.org/maven2/org/codehaus/plexus/plexus-compiler-javac/2.11.1/plexus-compiler-javac-2.11.1.jar
[08d283ab-9dde-4569-9815-1bf276cc66f8/build]   | [INFO] Downloaded from central: https://repo.maven.apache.org/maven2/org/ow2/asm/asm/9.2/asm-9.2.jar (122 kB at 4.4 MB/s)
[08d283ab-9dde-4569-9815-1bf276cc66f8/build]   | [INFO] Downloaded from central: https://repo.maven.apache.org/maven2/org/codehaus/plexus/plexus-compiler-manager/2.11.1/plexus-compiler-manager-2.11.1.jar (4.7 kB at 160 kB/s)
[08d283ab-9dde-4569-9815-1bf276cc66f8/build]   | [INFO] Downloaded from central: https://repo.maven.apache.org/maven2/org/codehaus/plexus/plexus-utils/3.4.1/plexus-utils-3.4.1.jar (264 kB at 9.1 MB/s)
[08d283ab-9dde-4569-9815-1bf276cc66f8/build]   | [INFO] Downloaded from central: https://repo.maven.apache.org/maven2/com/thoughtworks/qdox/qdox/2.0.1/qdox-2.0.1.jar (334 kB at 11 MB/s)
[08d283ab-9dde-4569-9815-1bf276cc66f8/build]   | [INFO] Downloaded from central: https://repo.maven.apache.org/maven2/org/codehaus/plexus/plexus-compiler-javac/2.11.1/plexus-compiler-javac-2.11.1.jar (23 kB at 672 kB/s)
[08d283ab-9dde-4569-9815-1bf276cc66f8/build]   | [INFO] Changes detected - recompiling the module!
[08d283ab-9dde-4569-9815-1bf276cc66f8/build]   | [INFO] Compiling 468 source files to /tmp/8bf41f7b-52e5-42af-98af-fa2f98d23087/target/classes
[08d283ab-9dde-4569-9815-1bf276cc66f8/build]   | [INFO] /tmp/8bf41f7b-52e5-42af-98af-fa2f98d23087/src/main/java/com/thealgorithms/sorts/PigeonholeSort.java: Some input files use unchecked or unsafe operations.
[08d283ab-9dde-4569-9815-1bf276cc66f8/build]   | [INFO] /tmp/8bf41f7b-52e5-42af-98af-fa2f98d23087/src/main/java/com/thealgorithms/sorts/PigeonholeSort.java: Recompile with -Xlint:unchecked for details.
[08d283ab-9dde-4569-9815-1bf276cc66f8/build]   | [INFO] 
[08d283ab-9dde-4569-9815-1bf276cc66f8/build]   | [INFO] --- maven-resources-plugin:2.6:testResources (default-testResources) @ Java ---
[08d283ab-9dde-4569-9815-1bf276cc66f8/build]   | [INFO] Using 'UTF-8' encoding to copy filtered resources.
[08d283ab-9dde-4569-9815-1bf276cc66f8/build]   | [INFO] skip non existing resourceDirectory /tmp/8bf41f7b-52e5-42af-98af-fa2f98d23087/src/test/resources
[08d283ab-9dde-4569-9815-1bf276cc66f8/build]   | [INFO] 
[08d283ab-9dde-4569-9815-1bf276cc66f8/build]   | [INFO] --- maven-compiler-plugin:3.10.1:testCompile (default-testCompile) @ Java ---
[08d283ab-9dde-4569-9815-1bf276cc66f8/build]   | [INFO] Changes detected - recompiling the module!
[08d283ab-9dde-4569-9815-1bf276cc66f8/build]   | [INFO] Compiling 219 source files to /tmp/8bf41f7b-52e5-42af-98af-fa2f98d23087/target/test-classes
[08d283ab-9dde-4569-9815-1bf276cc66f8/build]   | [INFO] 
[08d283ab-9dde-4569-9815-1bf276cc66f8/build]   | [INFO] --- maven-surefire-plugin:2.22.2:test (default-test) @ Java ---
[08d283ab-9dde-4569-9815-1bf276cc66f8/build]   | [INFO] Downloading from central: https://repo.maven.apache.org/maven2/org/apache/maven/surefire/maven-surefire-common/2.22.2/maven-surefire-common-2.22.2.pom
[08d283ab-9dde-4569-9815-1bf276cc66f8/build]   | [INFO] Downloaded from central: https://repo.maven.apache.org/maven2/org/apache/maven/surefire/maven-surefire-common/2.22.2/maven-surefire-common-2.22.2.pom (11 kB at 1.4 MB/s)
[08d283ab-9dde-4569-9815-1bf276cc66f8/build]   | [INFO] Downloading from central: https://repo.maven.apache.org/maven2/org/apache/maven/maven-plugin-api/2.2.1/maven-plugin-api-2.2.1.pom
[08d283ab-9dde-4569-9815-1bf276cc66f8/build]   | [INFO] Downloaded from central: https://repo.maven.apache.org/maven2/org/apache/maven/maven-plugin-api/2.2.1/maven-plugin-api-2.2.1.pom (1.5 kB at 208 kB/s)
[08d283ab-9dde-4569-9815-1bf276cc66f8/build]   | [INFO] Downloading from central: https://repo.maven.apache.org/maven2/org/apache/maven/maven/2.2.1/maven-2.2.1.pom
[08d283ab-9dde-4569-9815-1bf276cc66f8/build]   | [INFO] Downloaded from central: https://repo.maven.apache.org/maven2/org/apache/maven/maven/2.2.1/maven-2.2.1.pom (22 kB at 2.5 MB/s)
[08d283ab-9dde-4569-9815-1bf276cc66f8/build]   | [INFO] Downloading from central: https://repo.maven.apache.org/maven2/org/apache/maven/maven-parent/11/maven-parent-11.pom
[08d283ab-9dde-4569-9815-1bf276cc66f8/build]   | [INFO] Downloaded from central: https://repo.maven.apache.org/maven2/org/apache/maven/maven-parent/11/maven-parent-11.pom (32 kB at 2.9 MB/s)
[08d283ab-9dde-4569-9815-1bf276cc66f8/build]   | [INFO] Downloading from central: https://repo.maven.apache.org/maven2/org/apache/apache/5/apache-5.pom
[08d283ab-9dde-4569-9815-1bf276cc66f8/build]   | [INFO] Downloaded from central: https://repo.maven.apache.org/maven2/org/apache/apache/5/apache-5.pom (4.1 kB at 410 kB/s)
[08d283ab-9dde-4569-9815-1bf276cc66f8/build]   | [INFO] Downloading from central: https://repo.maven.apache.org/maven2/org/apache/maven/plugin-tools/maven-plugin-annotations/3.5.2/maven-plugin-annotations-3.5.2.pom
[08d283ab-9dde-4569-9815-1bf276cc66f8/build]   | [INFO] Downloaded from central: https://repo.maven.apache.org/maven2/org/apache/maven/plugin-tools/maven-plugin-annotations/3.5.2/maven-plugin-annotations-3.5.2.pom (1.6 kB at 163 kB/s)
[08d283ab-9dde-4569-9815-1bf276cc66f8/build]   | [INFO] Downloading from central: https://repo.maven.apache.org/maven2/org/apache/maven/plugin-tools/maven-plugin-tools/3.5.2/maven-plugin-tools-3.5.2.pom
[08d283ab-9dde-4569-9815-1bf276cc66f8/build]   | [INFO] Downloaded from central: https://repo.maven.apache.org/maven2/org/apache/maven/plugin-tools/maven-plugin-tools/3.5.2/maven-plugin-tools-3.5.2.pom (15 kB at 1.0 MB/s)
[08d283ab-9dde-4569-9815-1bf276cc66f8/build]   | [INFO] Downloading from central: https://repo.maven.apache.org/maven2/org/apache/maven/maven-parent/31/maven-parent-31.pom
[08d283ab-9dde-4569-9815-1bf276cc66f8/build]   | [INFO] Downloaded from central: https://repo.maven.apache.org/maven2/org/apache/maven/maven-parent/31/maven-parent-31.pom (43 kB at 3.3 MB/s)
[08d283ab-9dde-4569-9815-1bf276cc66f8/build]   | [INFO] Downloading from central: https://repo.maven.apache.org/maven2/org/apache/apache/19/apache-19.pom
[08d283ab-9dde-4569-9815-1bf276cc66f8/build]   | [INFO] Downloaded from central: https://repo.maven.apache.org/maven2/org/apache/apache/19/apache-19.pom (15 kB at 1.1 MB/s)
[08d283ab-9dde-4569-9815-1bf276cc66f8/build]   | [INFO] Downloading from central: https://repo.maven.apache.org/maven2/org/apache/maven/maven-artifact/2.2.1/maven-artifact-2.2.1.pom
[08d283ab-9dde-4569-9815-1bf276cc66f8/build]   | [INFO] Downloaded from central: https://repo.maven.apache.org/maven2/org/apache/maven/maven-artifact/2.2.1/maven-artifact-2.2.1.pom (1.6 kB at 105 kB/s)
[08d283ab-9dde-4569-9815-1bf276cc66f8/build]   | [INFO] Downloading from central: https://repo.maven.apache.org/maven2/org/apache/maven/surefire/surefire-api/2.22.2/surefire-api-2.22.2.pom
[08d283ab-9dde-4569-9815-1bf276cc66f8/build]   | [INFO] Downloaded from central: https://repo.maven.apache.org/maven2/org/apache/maven/surefire/surefire-api/2.22.2/surefire-api-2.22.2.pom (3.5 kB at 148 kB/s)
[08d283ab-9dde-4569-9815-1bf276cc66f8/build]   | [INFO] Downloading from central: https://repo.maven.apache.org/maven2/org/apache/maven/surefire/surefire-logger-api/2.22.2/surefire-logger-api-2.22.2.pom
[08d283ab-9dde-4569-9815-1bf276cc66f8/build]   | [INFO] Downloaded from central: https://repo.maven.apache.org/maven2/org/apache/maven/surefire/surefire-logger-api/2.22.2/surefire-logger-api-2.22.2.pom (2.0 kB at 93 kB/s)
[08d283ab-9dde-4569-9815-1bf276cc66f8/build]   | [INFO] Downloading from central: https://repo.maven.apache.org/maven2/org/apache/maven/surefire/surefire-booter/2.22.2/surefire-booter-2.22.2.pom
[08d283ab-9dde-4569-9815-1bf276cc66f8/build]   | [INFO] Downloaded from central: https://repo.maven.apache.org/maven2/org/apache/maven/surefire/surefire-booter/2.22.2/surefire-booter-2.22.2.pom (7.5 kB at 392 kB/s)
[08d283ab-9dde-4569-9815-1bf276cc66f8/build]   | [INFO] Downloading from central: https://repo.maven.apache.org/maven2/org/apache/maven/maven-plugin-descriptor/2.2.1/maven-plugin-descriptor-2.2.1.pom
[08d283ab-9dde-4569-9815-1bf276cc66f8/build]   | [INFO] Downloaded from central: https://repo.maven.apache.org/maven2/org/apache/maven/maven-plugin-descriptor/2.2.1/maven-plugin-descriptor-2.2.1.pom (2.1 kB at 109 kB/s)
[08d283ab-9dde-4569-9815-1bf276cc66f8/build]   | [INFO] Downloading from central: https://repo.maven.apache.org/maven2/junit/junit/4.12/junit-4.12.pom
[08d283ab-9dde-4569-9815-1bf276cc66f8/build]   | [INFO] Downloaded from central: https://repo.maven.apache.org/maven2/junit/junit/4.12/junit-4.12.pom (24 kB at 1.2 MB/s)
[08d283ab-9dde-4569-9815-1bf276cc66f8/build]   | [INFO] Downloading from central: https://repo.maven.apache.org/maven2/org/hamcrest/hamcrest-core/1.3/hamcrest-core-1.3.pom
[08d283ab-9dde-4569-9815-1bf276cc66f8/build]   | [INFO] Downloaded from central: https://repo.maven.apache.org/maven2/org/hamcrest/hamcrest-core/1.3/hamcrest-core-1.3.pom (766 B at 33 kB/s)
[08d283ab-9dde-4569-9815-1bf276cc66f8/build]   | [INFO] Downloading from central: https://repo.maven.apache.org/maven2/org/hamcrest/hamcrest-parent/1.3/hamcrest-parent-1.3.pom
[08d283ab-9dde-4569-9815-1bf276cc66f8/build]   | [INFO] Downloaded from central: https://repo.maven.apache.org/maven2/org/hamcrest/hamcrest-parent/1.3/hamcrest-parent-1.3.pom (2.0 kB at 94 kB/s)
[08d283ab-9dde-4569-9815-1bf276cc66f8/build]   | [INFO] Downloading from central: https://repo.maven.apache.org/maven2/org/apache/maven/maven-project/2.2.1/maven-project-2.2.1.pom
[08d283ab-9dde-4569-9815-1bf276cc66f8/build]   | [INFO] Downloaded from central: https://repo.maven.apache.org/maven2/org/apache/maven/maven-project/2.2.1/maven-project-2.2.1.pom (2.8 kB at 154 kB/s)
[08d283ab-9dde-4569-9815-1bf276cc66f8/build]   | [INFO] Downloading from central: https://repo.maven.apache.org/maven2/org/apache/maven/maven-settings/2.2.1/maven-settings-2.2.1.pom
[08d283ab-9dde-4569-9815-1bf276cc66f8/build]   | [INFO] Downloaded from central: https://repo.maven.apache.org/maven2/org/apache/maven/maven-settings/2.2.1/maven-settings-2.2.1.pom (2.2 kB at 128 kB/s)
[08d283ab-9dde-4569-9815-1bf276cc66f8/build]   | [INFO] Downloading from central: https://repo.maven.apache.org/maven2/org/apache/maven/maven-model/2.2.1/maven-model-2.2.1.pom
[08d283ab-9dde-4569-9815-1bf276cc66f8/build]   | [INFO] Downloaded from central: https://repo.maven.apache.org/maven2/org/apache/maven/maven-model/2.2.1/maven-model-2.2.1.pom (3.2 kB at 202 kB/s)
[08d283ab-9dde-4569-9815-1bf276cc66f8/build]   | [INFO] Downloading from central: https://repo.maven.apache.org/maven2/org/codehaus/plexus/plexus-interpolation/1.11/plexus-interpolation-1.11.pom
[08d283ab-9dde-4569-9815-1bf276cc66f8/build]   | [INFO] Downloaded from central: https://repo.maven.apache.org/maven2/org/codehaus/plexus/plexus-interpolation/1.11/plexus-interpolation-1.11.pom (889 B at 52 kB/s)
[08d283ab-9dde-4569-9815-1bf276cc66f8/build]   | [INFO] Downloading from central: https://repo.maven.apache.org/maven2/org/apache/maven/maven-profile/2.2.1/maven-profile-2.2.1.pom
[08d283ab-9dde-4569-9815-1bf276cc66f8/build]   | [INFO] Downloaded from central: https://repo.maven.apache.org/maven2/org/apache/maven/maven-profile/2.2.1/maven-profile-2.2.1.pom (2.2 kB at 128 kB/s)
[08d283ab-9dde-4569-9815-1bf276cc66f8/build]   | [INFO] Downloading from central: https://repo.maven.apache.org/maven2/org/apache/maven/maven-artifact-manager/2.2.1/maven-artifact-manager-2.2.1.pom
[08d283ab-9dde-4569-9815-1bf276cc66f8/build]   | [INFO] Downloaded from central: https://repo.maven.apache.org/maven2/org/apache/maven/maven-artifact-manager/2.2.1/maven-artifact-manager-2.2.1.pom (3.1 kB at 172 kB/s)
[08d283ab-9dde-4569-9815-1bf276cc66f8/build]   | [INFO] Downloading from central: https://repo.maven.apache.org/maven2/org/apache/maven/maven-repository-metadata/2.2.1/maven-repository-metadata-2.2.1.pom
[08d283ab-9dde-4569-9815-1bf276cc66f8/build]   | [INFO] Downloaded from central: https://repo.maven.apache.org/maven2/org/apache/maven/maven-repository-metadata/2.2.1/maven-repository-metadata-2.2.1.pom (1.9 kB at 104 kB/s)
[08d283ab-9dde-4569-9815-1bf276cc66f8/build]   | [INFO] Downloading from central: https://repo.maven.apache.org/maven2/backport-util-concurrent/backport-util-concurrent/3.1/backport-util-concurrent-3.1.pom
[08d283ab-9dde-4569-9815-1bf276cc66f8/build]   | [INFO] Downloaded from central: https://repo.maven.apache.org/maven2/backport-util-concurrent/backport-util-concurrent/3.1/backport-util-concurrent-3.1.pom (880 B at 55 kB/s)
[08d283ab-9dde-4569-9815-1bf276cc66f8/build]   | [INFO] Downloading from central: https://repo.maven.apache.org/maven2/org/apache/maven/maven-plugin-registry/2.2.1/maven-plugin-registry-2.2.1.pom
[08d283ab-9dde-4569-9815-1bf276cc66f8/build]   | [INFO] Downloaded from central: https://repo.maven.apache.org/maven2/org/apache/maven/maven-plugin-registry/2.2.1/maven-plugin-registry-2.2.1.pom (1.9 kB at 121 kB/s)
[08d283ab-9dde-4569-9815-1bf276cc66f8/build]   | [INFO] Downloading from central: https://repo.maven.apache.org/maven2/org/apache/maven/maven-core/2.2.1/maven-core-2.2.1.pom
[08d283ab-9dde-4569-9815-1bf276cc66f8/build]   | [INFO] Downloaded from central: https://repo.maven.apache.org/maven2/org/apache/maven/maven-core/2.2.1/maven-core-2.2.1.pom (12 kB at 727 kB/s)
[08d283ab-9dde-4569-9815-1bf276cc66f8/build]   | [INFO] Downloading from central: https://repo.maven.apache.org/maven2/org/apache/maven/maven-plugin-parameter-documenter/2.2.1/maven-plugin-parameter-documenter-2.2.1.pom
[08d283ab-9dde-4569-9815-1bf276cc66f8/build]   | [INFO] Downloaded from central: https://repo.maven.apache.org/maven2/org/apache/maven/maven-plugin-parameter-documenter/2.2.1/maven-plugin-parameter-documenter-2.2.1.pom (2.0 kB at 115 kB/s)
[08d283ab-9dde-4569-9815-1bf276cc66f8/build]   | [INFO] Downloading from central: https://repo.maven.apache.org/maven2/org/slf4j/slf4j-jdk14/1.5.6/slf4j-jdk14-1.5.6.pom
[08d283ab-9dde-4569-9815-1bf276cc66f8/build]   | [INFO] Downloaded from central: https://repo.maven.apache.org/maven2/org/slf4j/slf4j-jdk14/1.5.6/slf4j-jdk14-1.5.6.pom (1.9 kB at 112 kB/s)
[08d283ab-9dde-4569-9815-1bf276cc66f8/build]   | [INFO] Downloading from central: https://repo.maven.apache.org/maven2/org/slf4j/slf4j-parent/1.5.6/slf4j-parent-1.5.6.pom
[08d283ab-9dde-4569-9815-1bf276cc66f8/build]   | [INFO] Downloaded from central: https://repo.maven.apache.org/maven2/org/slf4j/slf4j-parent/1.5.6/slf4j-parent-1.5.6.pom (7.9 kB at 466 kB/s)
[08d283ab-9dde-4569-9815-1bf276cc66f8/build]   | [INFO] Downloading from central: https://repo.maven.apache.org/maven2/org/slf4j/slf4j-api/1.5.6/slf4j-api-1.5.6.pom
[08d283ab-9dde-4569-9815-1bf276cc66f8/build]   | [INFO] Downloaded from central: https://repo.maven.apache.org/maven2/org/slf4j/slf4j-api/1.5.6/slf4j-api-1.5.6.pom (3.0 kB at 186 kB/s)
[08d283ab-9dde-4569-9815-1bf276cc66f8/build]   | [INFO] Downloading from central: https://repo.maven.apache.org/maven2/org/slf4j/jcl-over-slf4j/1.5.6/jcl-over-slf4j-1.5.6.pom
[08d283ab-9dde-4569-9815-1bf276cc66f8/build]   | [INFO] Downloaded from central: https://repo.maven.apache.org/maven2/org/slf4j/jcl-over-slf4j/1.5.6/jcl-over-slf4j-1.5.6.pom (2.2 kB at 145 kB/s)
[08d283ab-9dde-4569-9815-1bf276cc66f8/build]   | [INFO] Downloading from central: https://repo.maven.apache.org/maven2/org/apache/maven/reporting/maven-reporting-api/3.0/maven-reporting-api-3.0.pom
[08d283ab-9dde-4569-9815-1bf276cc66f8/build]   | [INFO] Downloaded from central: https://repo.maven.apache.org/maven2/org/apache/maven/reporting/maven-reporting-api/3.0/maven-reporting-api-3.0.pom (2.4 kB at 148 kB/s)
[08d283ab-9dde-4569-9815-1bf276cc66f8/build]   | [INFO] Downloading from central: https://repo.maven.apache.org/maven2/org/apache/maven/shared/maven-shared-components/15/maven-shared-components-15.pom
[08d283ab-9dde-4569-9815-1bf276cc66f8/build]   | [INFO] Downloaded from central: https://repo.maven.apache.org/maven2/org/apache/maven/shared/maven-shared-components/15/maven-shared-components-15.pom (9.3 kB at 584 kB/s)
[08d283ab-9dde-4569-9815-1bf276cc66f8/build]   | [INFO] Downloading from central: https://repo.maven.apache.org/maven2/org/apache/maven/maven-parent/16/maven-parent-16.pom
[08d283ab-9dde-4569-9815-1bf276cc66f8/build]   | [INFO] Downloaded from central: https://repo.maven.apache.org/maven2/org/apache/maven/maven-parent/16/maven-parent-16.pom (23 kB at 1.5 MB/s)
[08d283ab-9dde-4569-9815-1bf276cc66f8/build]   | [INFO] Downloading from central: https://repo.maven.apache.org/maven2/org/apache/apache/7/apache-7.pom
[08d283ab-9dde-4569-9815-1bf276cc66f8/build]   | [INFO] Downloaded from central: https://repo.maven.apache.org/maven2/org/apache/apache/7/apache-7.pom (14 kB at 962 kB/s)
[08d283ab-9dde-4569-9815-1bf276cc66f8/build]   | [INFO] Downloading from central: https://repo.maven.apache.org/maven2/org/apache/maven/maven-error-diagnostics/2.2.1/maven-error-diagnostics-2.2.1.pom
[08d283ab-9dde-4569-9815-1bf276cc66f8/build]   | [INFO] Downloaded from central: https://repo.maven.apache.org/maven2/org/apache/maven/maven-error-diagnostics/2.2.1/maven-error-diagnostics-2.2.1.pom (1.7 kB at 85 kB/s)
[08d283ab-9dde-4569-9815-1bf276cc66f8/build]   | [INFO] Downloading from central: https://repo.maven.apache.org/maven2/org/apache/maven/maven-monitor/2.2.1/maven-monitor-2.2.1.pom
[08d283ab-9dde-4569-9815-1bf276cc66f8/build]   | [INFO] Downloaded from central: https://repo.maven.apache.org/maven2/org/apache/maven/maven-monitor/2.2.1/maven-monitor-2.2.1.pom (1.3 kB at 57 kB/s)
[08d283ab-9dde-4569-9815-1bf276cc66f8/build]   | [INFO] Downloading from central: https://repo.maven.apache.org/maven2/org/sonatype/plexus/plexus-sec-dispatcher/1.3/plexus-sec-dispatcher-1.3.pom
[08d283ab-9dde-4569-9815-1bf276cc66f8/build]   | [INFO] Downloaded from central: https://repo.maven.apache.org/maven2/org/sonatype/plexus/plexus-sec-dispatcher/1.3/plexus-sec-dispatcher-1.3.pom (3.0 kB at 141 kB/s)
[08d283ab-9dde-4569-9815-1bf276cc66f8/build]   | [INFO] Downloading from central: https://repo.maven.apache.org/maven2/org/sonatype/spice/spice-parent/12/spice-parent-12.pom
[08d283ab-9dde-4569-9815-1bf276cc66f8/build]   | [INFO] Downloaded from central: https://repo.maven.apache.org/maven2/org/sonatype/spice/spice-parent/12/spice-parent-12.pom (6.8 kB at 324 kB/s)
[08d283ab-9dde-4569-9815-1bf276cc66f8/build]   | [INFO] Downloading from central: https://repo.maven.apache.org/maven2/org/sonatype/forge/forge-parent/4/forge-parent-4.pom
[08d283ab-9dde-4569-9815-1bf276cc66f8/build]   | [INFO] Downloaded from central: https://repo.maven.apache.org/maven2/org/sonatype/forge/forge-parent/4/forge-parent-4.pom (8.4 kB at 525 kB/s)
[08d283ab-9dde-4569-9815-1bf276cc66f8/build]   | [INFO] Downloading from central: https://repo.maven.apache.org/maven2/org/codehaus/plexus/plexus-utils/1.5.5/plexus-utils-1.5.5.pom
[08d283ab-9dde-4569-9815-1bf276cc66f8/build]   | [INFO] Downloaded from central: https://repo.maven.apache.org/maven2/org/codehaus/plexus/plexus-utils/1.5.5/plexus-utils-1.5.5.pom (5.1 kB at 343 kB/s)
[08d283ab-9dde-4569-9815-1bf276cc66f8/build]   | [INFO] Downloading from central: https://repo.maven.apache.org/maven2/org/sonatype/plexus/plexus-cipher/1.4/plexus-cipher-1.4.pom
[08d283ab-9dde-4569-9815-1bf276cc66f8/build]   | [INFO] Downloaded from central: https://repo.maven.apache.org/maven2/org/sonatype/plexus/plexus-cipher/1.4/plexus-cipher-1.4.pom (2.1 kB at 138 kB/s)
[08d283ab-9dde-4569-9815-1bf276cc66f8/build]   | [INFO] Downloading from central: https://repo.maven.apache.org/maven2/org/apache/maven/maven-toolchain/2.2.1/maven-toolchain-2.2.1.pom
[08d283ab-9dde-4569-9815-1bf276cc66f8/build]   | [INFO] Downloaded from central: https://repo.maven.apache.org/maven2/org/apache/maven/maven-toolchain/2.2.1/maven-toolchain-2.2.1.pom (3.3 kB at 209 kB/s)
[08d283ab-9dde-4569-9815-1bf276cc66f8/build]   | [INFO] Downloading from central: https://repo.maven.apache.org/maven2/org/codehaus/plexus/plexus-java/0.9.10/plexus-java-0.9.10.pom
[08d283ab-9dde-4569-9815-1bf276cc66f8/build]   | [INFO] Downloaded from central: https://repo.maven.apache.org/maven2/org/codehaus/plexus/plexus-java/0.9.10/plexus-java-0.9.10.pom (5.1 kB at 464 kB/s)
[08d283ab-9dde-4569-9815-1bf276cc66f8/build]   | [INFO] Downloading from central: https://repo.maven.apache.org/maven2/org/codehaus/plexus/plexus-languages/0.9.10/plexus-languages-0.9.10.pom
[08d283ab-9dde-4569-9815-1bf276cc66f8/build]   | [INFO] Downloaded from central: https://repo.maven.apache.org/maven2/org/codehaus/plexus/plexus-languages/0.9.10/plexus-languages-0.9.10.pom (4.1 kB at 345 kB/s)
[08d283ab-9dde-4569-9815-1bf276cc66f8/build]   | [INFO] Downloading from central: https://repo.maven.apache.org/maven2/org/codehaus/plexus/plexus/4.0/plexus-4.0.pom
[08d283ab-9dde-4569-9815-1bf276cc66f8/build]   | [INFO] Downloaded from central: https://repo.maven.apache.org/maven2/org/codehaus/plexus/plexus/4.0/plexus-4.0.pom (22 kB at 2.4 MB/s)
[08d283ab-9dde-4569-9815-1bf276cc66f8/build]   | [INFO] Downloading from central: https://repo.maven.apache.org/maven2/org/sonatype/forge/forge-parent/10/forge-parent-10.pom
[08d283ab-9dde-4569-9815-1bf276cc66f8/build]   | [INFO] Downloaded from central: https://repo.maven.apache.org/maven2/org/sonatype/forge/forge-parent/10/forge-parent-10.pom (14 kB at 1.5 MB/s)
[08d283ab-9dde-4569-9815-1bf276cc66f8/build]   | [INFO] Downloading from central: https://repo.maven.apache.org/maven2/org/ow2/asm/asm/6.2/asm-6.2.pom
[08d283ab-9dde-4569-9815-1bf276cc66f8/build]   | [INFO] Downloaded from central: https://repo.maven.apache.org/maven2/org/ow2/asm/asm/6.2/asm-6.2.pom (2.9 kB at 226 kB/s)
[08d283ab-9dde-4569-9815-1bf276cc66f8/build]   | [INFO] Downloading from central: https://repo.maven.apache.org/maven2/com/thoughtworks/qdox/qdox/2.0-M8/qdox-2.0-M8.pom
[08d283ab-9dde-4569-9815-1bf276cc66f8/build]   | [INFO] Downloaded from central: https://repo.maven.apache.org/maven2/com/thoughtworks/qdox/qdox/2.0-M8/qdox-2.0-M8.pom (16 kB at 1.1 MB/s)
[08d283ab-9dde-4569-9815-1bf276cc66f8/build]   | [INFO] Downloading from central: https://repo.maven.apache.org/maven2/org/apache/maven/surefire/maven-surefire-common/2.22.2/maven-surefire-common-2.22.2.jar
[08d283ab-9dde-4569-9815-1bf276cc66f8/build]   | [INFO] Downloading from central: https://repo.maven.apache.org/maven2/org/apache/maven/maven-plugin-api/2.2.1/maven-plugin-api-2.2.1.jar
[08d283ab-9dde-4569-9815-1bf276cc66f8/build]   | [INFO] Downloading from central: https://repo.maven.apache.org/maven2/org/apache/maven/plugin-tools/maven-plugin-annotations/3.5.2/maven-plugin-annotations-3.5.2.jar
[08d283ab-9dde-4569-9815-1bf276cc66f8/build]   | [INFO] Downloading from central: https://repo.maven.apache.org/maven2/org/apache/maven/surefire/surefire-api/2.22.2/surefire-api-2.22.2.jar
[08d283ab-9dde-4569-9815-1bf276cc66f8/build]   | [INFO] Downloading from central: https://repo.maven.apache.org/maven2/org/apache/maven/surefire/surefire-logger-api/2.22.2/surefire-logger-api-2.22.2.jar
[08d283ab-9dde-4569-9815-1bf276cc66f8/build]   | [INFO] Downloaded from central: https://repo.maven.apache.org/maven2/org/apache/maven/maven-plugin-api/2.2.1/maven-plugin-api-2.2.1.jar (12 kB at 589 kB/s)
[08d283ab-9dde-4569-9815-1bf276cc66f8/build]   | [INFO] Downloading from central: https://repo.maven.apache.org/maven2/org/apache/maven/surefire/surefire-booter/2.22.2/surefire-booter-2.22.2.jar
[08d283ab-9dde-4569-9815-1bf276cc66f8/build]   | [INFO] Downloaded from central: https://repo.maven.apache.org/maven2/org/apache/maven/plugin-tools/maven-plugin-annotations/3.5.2/maven-plugin-annotations-3.5.2.jar (14 kB at 648 kB/s)
[08d283ab-9dde-4569-9815-1bf276cc66f8/build]   | [INFO] Downloading from central: https://repo.maven.apache.org/maven2/org/apache/maven/maven-artifact/2.2.1/maven-artifact-2.2.1.jar
[08d283ab-9dde-4569-9815-1bf276cc66f8/build]   | [INFO] Downloaded from central: https://repo.maven.apache.org/maven2/org/apache/maven/surefire/surefire-logger-api/2.22.2/surefire-logger-api-2.22.2.jar (13 kB at 580 kB/s)
[08d283ab-9dde-4569-9815-1bf276cc66f8/build]   | [INFO] Downloading from central: https://repo.maven.apache.org/maven2/org/codehaus/plexus/plexus-utils/1.5.15/plexus-utils-1.5.15.jar
[08d283ab-9dde-4569-9815-1bf276cc66f8/build]   | [INFO] Downloaded from central: https://repo.maven.apache.org/maven2/org/apache/maven/surefire/maven-surefire-common/2.22.2/maven-surefire-common-2.22.2.jar (528 kB at 16 MB/s)
[08d283ab-9dde-4569-9815-1bf276cc66f8/build]   | [INFO] Downloading from central: https://repo.maven.apache.org/maven2/org/apache/maven/maven-plugin-descriptor/2.2.1/maven-plugin-descriptor-2.2.1.jar
[08d283ab-9dde-4569-9815-1bf276cc66f8/build]   | [INFO] Downloaded from central: https://repo.maven.apache.org/maven2/org/apache/maven/surefire/surefire-api/2.22.2/surefire-api-2.22.2.jar (186 kB at 7.1 MB/s)
[08d283ab-9dde-4569-9815-1bf276cc66f8/build]   | [INFO] Downloading from central: https://repo.maven.apache.org/maven2/junit/junit/4.12/junit-4.12.jar
[08d283ab-9dde-4569-9815-1bf276cc66f8/build]   | [INFO] Downloaded from central: https://repo.maven.apache.org/maven2/org/apache/maven/maven-plugin-descriptor/2.2.1/maven-plugin-descriptor-2.2.1.jar (39 kB at 1.1 MB/s)
[08d283ab-9dde-4569-9815-1bf276cc66f8/build]   | [INFO] Downloading from central: https://repo.maven.apache.org/maven2/org/hamcrest/hamcrest-core/1.3/hamcrest-core-1.3.jar
[08d283ab-9dde-4569-9815-1bf276cc66f8/build]   | [INFO] Downloaded from central: https://repo.maven.apache.org/maven2/org/apache/maven/maven-artifact/2.2.1/maven-artifact-2.2.1.jar (80 kB at 2.1 MB/s)
[08d283ab-9dde-4569-9815-1bf276cc66f8/build]   | [INFO] Downloading from central: https://repo.maven.apache.org/maven2/org/apache/maven/maven-project/2.2.1/maven-project-2.2.1.jar
[08d283ab-9dde-4569-9815-1bf276cc66f8/build]   | [INFO] Downloaded from central: https://repo.maven.apache.org/maven2/org/codehaus/plexus/plexus-utils/1.5.15/plexus-utils-1.5.15.jar (228 kB at 5.7 MB/s)
[08d283ab-9dde-4569-9815-1bf276cc66f8/build]   | [INFO] Downloading from central: https://repo.maven.apache.org/maven2/org/apache/maven/maven-settings/2.2.1/maven-settings-2.2.1.jar
[08d283ab-9dde-4569-9815-1bf276cc66f8/build]   | [INFO] Downloaded from central: https://repo.maven.apache.org/maven2/junit/junit/4.12/junit-4.12.jar (315 kB at 6.6 MB/s)
[08d283ab-9dde-4569-9815-1bf276cc66f8/build]   | [INFO] Downloading from central: https://repo.maven.apache.org/maven2/org/apache/maven/maven-profile/2.2.1/maven-profile-2.2.1.jar
[08d283ab-9dde-4569-9815-1bf276cc66f8/build]   | [INFO] Downloaded from central: https://repo.maven.apache.org/maven2/org/apache/maven/surefire/surefire-booter/2.22.2/surefire-booter-2.22.2.jar (274 kB at 5.6 MB/s)
[08d283ab-9dde-4569-9815-1bf276cc66f8/build]   | [INFO] Downloading from central: https://repo.maven.apache.org/maven2/org/apache/maven/maven-artifact-manager/2.2.1/maven-artifact-manager-2.2.1.jar
[08d283ab-9dde-4569-9815-1bf276cc66f8/build]   | [INFO] Downloaded from central: https://repo.maven.apache.org/maven2/org/hamcrest/hamcrest-core/1.3/hamcrest-core-1.3.jar (45 kB at 883 kB/s)
[08d283ab-9dde-4569-9815-1bf276cc66f8/build]   | [INFO] Downloading from central: https://repo.maven.apache.org/maven2/backport-util-concurrent/backport-util-concurrent/3.1/backport-util-concurrent-3.1.jar
[08d283ab-9dde-4569-9815-1bf276cc66f8/build]   | [INFO] Downloaded from central: https://repo.maven.apache.org/maven2/org/apache/maven/maven-settings/2.2.1/maven-settings-2.2.1.jar (49 kB at 925 kB/s)
[08d283ab-9dde-4569-9815-1bf276cc66f8/build]   | [INFO] Downloading from central: https://repo.maven.apache.org/maven2/org/apache/maven/maven-plugin-registry/2.2.1/maven-plugin-registry-2.2.1.jar
[08d283ab-9dde-4569-9815-1bf276cc66f8/build]   | [INFO] Downloaded from central: https://repo.maven.apache.org/maven2/org/apache/maven/maven-project/2.2.1/maven-project-2.2.1.jar (156 kB at 2.8 MB/s)
[08d283ab-9dde-4569-9815-1bf276cc66f8/build]   | [INFO] Downloading from central: https://repo.maven.apache.org/maven2/org/codehaus/plexus/plexus-interpolation/1.11/plexus-interpolation-1.11.jar
[08d283ab-9dde-4569-9815-1bf276cc66f8/build]   | [INFO] Downloaded from central: https://repo.maven.apache.org/maven2/org/apache/maven/maven-profile/2.2.1/maven-profile-2.2.1.jar (35 kB at 561 kB/s)
[08d283ab-9dde-4569-9815-1bf276cc66f8/build]   | [INFO] Downloading from central: https://repo.maven.apache.org/maven2/org/apache/maven/maven-model/2.2.1/maven-model-2.2.1.jar
[08d283ab-9dde-4569-9815-1bf276cc66f8/build]   | [INFO] Downloaded from central: https://repo.maven.apache.org/maven2/org/apache/maven/maven-artifact-manager/2.2.1/maven-artifact-manager-2.2.1.jar (68 kB at 1.0 MB/s)
[08d283ab-9dde-4569-9815-1bf276cc66f8/build]   | [INFO] Downloading from central: https://repo.maven.apache.org/maven2/org/apache/maven/maven-core/2.2.1/maven-core-2.2.1.jar
[08d283ab-9dde-4569-9815-1bf276cc66f8/build]   | [INFO] Downloaded from central: https://repo.maven.apache.org/maven2/org/apache/maven/maven-plugin-registry/2.2.1/maven-plugin-registry-2.2.1.jar (30 kB at 424 kB/s)
[08d283ab-9dde-4569-9815-1bf276cc66f8/build]   | [INFO] Downloading from central: https://repo.maven.apache.org/maven2/org/apache/maven/maven-plugin-parameter-documenter/2.2.1/maven-plugin-parameter-documenter-2.2.1.jar
[08d283ab-9dde-4569-9815-1bf276cc66f8/build]   | [INFO] Downloaded from central: https://repo.maven.apache.org/maven2/org/codehaus/plexus/plexus-interpolation/1.11/plexus-interpolation-1.11.jar (51 kB at 717 kB/s)
[08d283ab-9dde-4569-9815-1bf276cc66f8/build]   | [INFO] Downloading from central: https://repo.maven.apache.org/maven2/org/slf4j/slf4j-jdk14/1.5.6/slf4j-jdk14-1.5.6.jar
[08d283ab-9dde-4569-9815-1bf276cc66f8/build]   | [INFO] Downloaded from central: https://repo.maven.apache.org/maven2/backport-util-concurrent/backport-util-concurrent/3.1/backport-util-concurrent-3.1.jar (332 kB at 4.7 MB/s)
[08d283ab-9dde-4569-9815-1bf276cc66f8/build]   | [INFO] Downloading from central: https://repo.maven.apache.org/maven2/org/slf4j/slf4j-api/1.5.6/slf4j-api-1.5.6.jar
[08d283ab-9dde-4569-9815-1bf276cc66f8/build]   | [INFO] Downloaded from central: https://repo.maven.apache.org/maven2/org/apache/maven/maven-model/2.2.1/maven-model-2.2.1.jar (88 kB at 1.2 MB/s)
[08d283ab-9dde-4569-9815-1bf276cc66f8/build]   | [INFO] Downloading from central: https://repo.maven.apache.org/maven2/org/slf4j/jcl-over-slf4j/1.5.6/jcl-over-slf4j-1.5.6.jar
[08d283ab-9dde-4569-9815-1bf276cc66f8/build]   | [INFO] Downloaded from central: https://repo.maven.apache.org/maven2/org/apache/maven/maven-plugin-parameter-documenter/2.2.1/maven-plugin-parameter-documenter-2.2.1.jar (22 kB at 274 kB/s)
[08d283ab-9dde-4569-9815-1bf276cc66f8/build]   | [INFO] Downloading from central: https://repo.maven.apache.org/maven2/org/apache/maven/reporting/maven-reporting-api/3.0/maven-reporting-api-3.0.jar
[08d283ab-9dde-4569-9815-1bf276cc66f8/build]   | [INFO] Downloaded from central: https://repo.maven.apache.org/maven2/org/slf4j/slf4j-jdk14/1.5.6/slf4j-jdk14-1.5.6.jar (8.8 kB at 109 kB/s)
[08d283ab-9dde-4569-9815-1bf276cc66f8/build]   | [INFO] Downloaded from central: https://repo.maven.apache.org/maven2/org/apache/maven/maven-core/2.2.1/maven-core-2.2.1.jar (178 kB at 2.2 MB/s)
[08d283ab-9dde-4569-9815-1bf276cc66f8/build]   | [INFO] Downloading from central: https://repo.maven.apache.org/maven2/org/apache/maven/maven-repository-metadata/2.2.1/maven-repository-metadata-2.2.1.jar
[08d283ab-9dde-4569-9815-1bf276cc66f8/build]   | [INFO] Downloading from central: https://repo.maven.apache.org/maven2/org/apache/maven/maven-error-diagnostics/2.2.1/maven-error-diagnostics-2.2.1.jar
[08d283ab-9dde-4569-9815-1bf276cc66f8/build]   | [INFO] Downloaded from central: https://repo.maven.apache.org/maven2/org/slf4j/slf4j-api/1.5.6/slf4j-api-1.5.6.jar (22 kB at 272 kB/s)
[08d283ab-9dde-4569-9815-1bf276cc66f8/build]   | [INFO] Downloading from central: https://repo.maven.apache.org/maven2/org/apache/maven/maven-monitor/2.2.1/maven-monitor-2.2.1.jar
[08d283ab-9dde-4569-9815-1bf276cc66f8/build]   | [INFO] Downloaded from central: https://repo.maven.apache.org/maven2/org/slf4j/jcl-over-slf4j/1.5.6/jcl-over-slf4j-1.5.6.jar (17 kB at 197 kB/s)
[08d283ab-9dde-4569-9815-1bf276cc66f8/build]   | [INFO] Downloading from central: https://repo.maven.apache.org/maven2/org/sonatype/plexus/plexus-sec-dispatcher/1.3/plexus-sec-dispatcher-1.3.jar
[08d283ab-9dde-4569-9815-1bf276cc66f8/build]   | [INFO] Downloaded from central: https://repo.maven.apache.org/maven2/org/apache/maven/reporting/maven-reporting-api/3.0/maven-reporting-api-3.0.jar (11 kB at 122 kB/s)
[08d283ab-9dde-4569-9815-1bf276cc66f8/build]   | [INFO] Downloading from central: https://repo.maven.apache.org/maven2/org/sonatype/plexus/plexus-cipher/1.4/plexus-cipher-1.4.jar
[08d283ab-9dde-4569-9815-1bf276cc66f8/build]   | [INFO] Downloaded from central: https://repo.maven.apache.org/maven2/org/apache/maven/maven-error-diagnostics/2.2.1/maven-error-diagnostics-2.2.1.jar (13 kB at 143 kB/s)
[08d283ab-9dde-4569-9815-1bf276cc66f8/build]   | [INFO] Downloaded from central: https://repo.maven.apache.org/maven2/org/apache/maven/maven-monitor/2.2.1/maven-monitor-2.2.1.jar (10 kB at 115 kB/s)
[08d283ab-9dde-4569-9815-1bf276cc66f8/build]   | [INFO] Downloading from central: https://repo.maven.apache.org/maven2/org/apache/maven/maven-toolchain/2.2.1/maven-toolchain-2.2.1.jar
[08d283ab-9dde-4569-9815-1bf276cc66f8/build]   | [INFO] Downloading from central: https://repo.maven.apache.org/maven2/org/codehaus/plexus/plexus-java/0.9.10/plexus-java-0.9.10.jar
[08d283ab-9dde-4569-9815-1bf276cc66f8/build]   | [INFO] Downloaded from central: https://repo.maven.apache.org/maven2/org/apache/maven/maven-repository-metadata/2.2.1/maven-repository-metadata-2.2.1.jar (26 kB at 282 kB/s)
[08d283ab-9dde-4569-9815-1bf276cc66f8/build]   | [INFO] Downloading from central: https://repo.maven.apache.org/maven2/org/ow2/asm/asm/6.2/asm-6.2.jar
[08d283ab-9dde-4569-9815-1bf276cc66f8/build]   | [INFO] Downloaded from central: https://repo.maven.apache.org/maven2/org/sonatype/plexus/plexus-sec-dispatcher/1.3/plexus-sec-dispatcher-1.3.jar (29 kB at 301 kB/s)
[08d283ab-9dde-4569-9815-1bf276cc66f8/build]   | [INFO] Downloading from central: https://repo.maven.apache.org/maven2/com/thoughtworks/qdox/qdox/2.0-M8/qdox-2.0-M8.jar
[08d283ab-9dde-4569-9815-1bf276cc66f8/build]   | [INFO] Downloaded from central: https://repo.maven.apache.org/maven2/org/sonatype/plexus/plexus-cipher/1.4/plexus-cipher-1.4.jar (13 kB at 135 kB/s)
[08d283ab-9dde-4569-9815-1bf276cc66f8/build]   | [INFO] Downloaded from central: https://repo.maven.apache.org/maven2/org/codehaus/plexus/plexus-java/0.9.10/plexus-java-0.9.10.jar (39 kB at 387 kB/s)
[08d283ab-9dde-4569-9815-1bf276cc66f8/build]   | [INFO] Downloaded from central: https://repo.maven.apache.org/maven2/org/apache/maven/maven-toolchain/2.2.1/maven-toolchain-2.2.1.jar (38 kB at 369 kB/s)
[08d283ab-9dde-4569-9815-1bf276cc66f8/build]   | [INFO] Downloaded from central: https://repo.maven.apache.org/maven2/org/ow2/asm/asm/6.2/asm-6.2.jar (111 kB at 1.0 MB/s)
[08d283ab-9dde-4569-9815-1bf276cc66f8/build]   | [INFO] Downloaded from central: https://repo.maven.apache.org/maven2/com/thoughtworks/qdox/qdox/2.0-M8/qdox-2.0-M8.jar (316 kB at 2.6 MB/s)
[08d283ab-9dde-4569-9815-1bf276cc66f8/build]   | [INFO] Downloading from central: https://repo.maven.apache.org/maven2/org/apache/maven/surefire/surefire-junit-platform/2.22.2/surefire-junit-platform-2.22.2.pom
[08d283ab-9dde-4569-9815-1bf276cc66f8/build]   | [INFO] Downloaded from central: https://repo.maven.apache.org/maven2/org/apache/maven/surefire/surefire-junit-platform/2.22.2/surefire-junit-platform-2.22.2.pom (7.0 kB at 582 kB/s)
[08d283ab-9dde-4569-9815-1bf276cc66f8/build]   | [INFO] Downloading from central: https://repo.maven.apache.org/maven2/org/apache/maven/surefire/surefire-providers/2.22.2/surefire-providers-2.22.2.pom
[08d283ab-9dde-4569-9815-1bf276cc66f8/build]   | [INFO] Downloaded from central: https://repo.maven.apache.org/maven2/org/apache/maven/surefire/surefire-providers/2.22.2/surefire-providers-2.22.2.pom (2.5 kB at 226 kB/s)
[08d283ab-9dde-4569-9815-1bf276cc66f8/build]   | [INFO] Downloading from central: https://repo.maven.apache.org/maven2/org/junit/platform/junit-platform-launcher/1.3.1/junit-platform-launcher-1.3.1.pom
[08d283ab-9dde-4569-9815-1bf276cc66f8/build]   | [INFO] Downloaded from central: https://repo.maven.apache.org/maven2/org/junit/platform/junit-platform-launcher/1.3.1/junit-platform-launcher-1.3.1.pom (2.2 kB at 158 kB/s)
[08d283ab-9dde-4569-9815-1bf276cc66f8/build]   | [INFO] Downloading from central: https://repo.maven.apache.org/maven2/org/apiguardian/apiguardian-api/1.0.0/apiguardian-api-1.0.0.pom
[08d283ab-9dde-4569-9815-1bf276cc66f8/build]   | [INFO] Downloaded from central: https://repo.maven.apache.org/maven2/org/apiguardian/apiguardian-api/1.0.0/apiguardian-api-1.0.0.pom (1.2 kB at 73 kB/s)
[08d283ab-9dde-4569-9815-1bf276cc66f8/build]   | [INFO] Downloading from central: https://repo.maven.apache.org/maven2/org/junit/platform/junit-platform-engine/1.3.1/junit-platform-engine-1.3.1.pom
[08d283ab-9dde-4569-9815-1bf276cc66f8/build]   | [INFO] Downloaded from central: https://repo.maven.apache.org/maven2/org/junit/platform/junit-platform-engine/1.3.1/junit-platform-engine-1.3.1.pom (2.4 kB at 160 kB/s)
[08d283ab-9dde-4569-9815-1bf276cc66f8/build]   | [INFO] Downloading from central: https://repo.maven.apache.org/maven2/org/junit/platform/junit-platform-commons/1.3.1/junit-platform-commons-1.3.1.pom
[08d283ab-9dde-4569-9815-1bf276cc66f8/build]   | [INFO] Downloaded from central: https://repo.maven.apache.org/maven2/org/junit/platform/junit-platform-commons/1.3.1/junit-platform-commons-1.3.1.pom (2.0 kB at 168 kB/s)
[08d283ab-9dde-4569-9815-1bf276cc66f8/build]   | [INFO] Downloading from central: https://repo.maven.apache.org/maven2/org/opentest4j/opentest4j/1.1.1/opentest4j-1.1.1.pom
[08d283ab-9dde-4569-9815-1bf276cc66f8/build]   | [INFO] Downloaded from central: https://repo.maven.apache.org/maven2/org/opentest4j/opentest4j/1.1.1/opentest4j-1.1.1.pom (1.7 kB at 112 kB/s)
[08d283ab-9dde-4569-9815-1bf276cc66f8/build]   | [INFO] Downloading from central: https://repo.maven.apache.org/maven2/org/apache/maven/surefire/surefire-junit-platform/2.22.2/surefire-junit-platform-2.22.2.jar
[08d283ab-9dde-4569-9815-1bf276cc66f8/build]   | [INFO] Downloading from central: https://repo.maven.apache.org/maven2/org/apiguardian/apiguardian-api/1.0.0/apiguardian-api-1.0.0.jar
[08d283ab-9dde-4569-9815-1bf276cc66f8/build]   | [INFO] Downloading from central: https://repo.maven.apache.org/maven2/org/junit/platform/junit-platform-engine/1.3.1/junit-platform-engine-1.3.1.jar
[08d283ab-9dde-4569-9815-1bf276cc66f8/build]   | [INFO] Downloading from central: https://repo.maven.apache.org/maven2/org/junit/platform/junit-platform-launcher/1.3.1/junit-platform-launcher-1.3.1.jar
[08d283ab-9dde-4569-9815-1bf276cc66f8/build]   | [INFO] Downloading from central: https://repo.maven.apache.org/maven2/org/junit/platform/junit-platform-commons/1.3.1/junit-platform-commons-1.3.1.jar
[08d283ab-9dde-4569-9815-1bf276cc66f8/build]   | [INFO] Downloaded from central: https://repo.maven.apache.org/maven2/org/junit/platform/junit-platform-commons/1.3.1/junit-platform-commons-1.3.1.jar (78 kB at 3.9 MB/s)
[08d283ab-9dde-4569-9815-1bf276cc66f8/build]   | [INFO] Downloaded from central: https://repo.maven.apache.org/maven2/org/apache/maven/surefire/surefire-junit-platform/2.22.2/surefire-junit-platform-2.22.2.jar (66 kB at 3.1 MB/s)
[08d283ab-9dde-4569-9815-1bf276cc66f8/build]   | [INFO] Downloaded from central: https://repo.maven.apache.org/maven2/org/junit/platform/junit-platform-launcher/1.3.1/junit-platform-launcher-1.3.1.jar (95 kB at 4.5 MB/s)
[08d283ab-9dde-4569-9815-1bf276cc66f8/build]   | [INFO] Downloading from central: https://repo.maven.apache.org/maven2/org/opentest4j/opentest4j/1.1.1/opentest4j-1.1.1.jar
[08d283ab-9dde-4569-9815-1bf276cc66f8/build]   | [INFO] Downloaded from central: https://repo.maven.apache.org/maven2/org/junit/platform/junit-platform-engine/1.3.1/junit-platform-engine-1.3.1.jar (135 kB at 5.6 MB/s)
[08d283ab-9dde-4569-9815-1bf276cc66f8/build]   | [INFO] Downloaded from central: https://repo.maven.apache.org/maven2/org/apiguardian/apiguardian-api/1.0.0/apiguardian-api-1.0.0.jar (2.2 kB at 87 kB/s)
[08d283ab-9dde-4569-9815-1bf276cc66f8/build]   | [INFO] Downloaded from central: https://repo.maven.apache.org/maven2/org/opentest4j/opentest4j/1.1.1/opentest4j-1.1.1.jar (7.1 kB at 419 kB/s)
[08d283ab-9dde-4569-9815-1bf276cc66f8/build]   | [INFO] 
[08d283ab-9dde-4569-9815-1bf276cc66f8/build]   | [INFO] -------------------------------------------------------
[08d283ab-9dde-4569-9815-1bf276cc66f8/build]   | [INFO]  T E S T S
[08d283ab-9dde-4569-9815-1bf276cc66f8/build]   | [INFO] -------------------------------------------------------
[08d283ab-9dde-4569-9815-1bf276cc66f8/build]   | [INFO] Running com.thealgorithms.geometry.GrahamScanTest
[08d283ab-9dde-4569-9815-1bf276cc66f8/build]   | [INFO] Tests run: 1, Failures: 0, Errors: 0, Skipped: 0, Time elapsed: 0.058 s - in com.thealgorithms.geometry.GrahamScanTest
[08d283ab-9dde-4569-9815-1bf276cc66f8/build]   | [INFO] Running com.thealgorithms.io.BufferedReaderTest
[08d283ab-9dde-4569-9815-1bf276cc66f8/build]   | [cached intentional error]
[08d283ab-9dde-4569-9815-1bf276cc66f8/build]   | [INFO] Tests run: 3, Failures: 0, Errors: 0, Skipped: 0, Time elapsed: 0.001 s - in com.thealgorithms.io.BufferedReaderTest
[08d283ab-9dde-4569-9815-1bf276cc66f8/build]   | [INFO] Running com.thealgorithms.scheduling.FCFSSchedulingTest
[08d283ab-9dde-4569-9815-1bf276cc66f8/build]   | [INFO] Tests run: 1, Failures: 0, Errors: 0, Skipped: 0, Time elapsed: 0.001 s - in com.thealgorithms.scheduling.FCFSSchedulingTest
[08d283ab-9dde-4569-9815-1bf276cc66f8/build]   | [INFO] Running com.thealgorithms.scheduling.SJFSchedulingTest
[08d283ab-9dde-4569-9815-1bf276cc66f8/build]   | [INFO] Tests run: 7, Failures: 0, Errors: 0, Skipped: 0, Time elapsed: 0.001 s - in com.thealgorithms.scheduling.SJFSchedulingTest
[08d283ab-9dde-4569-9815-1bf276cc66f8/build]   | [INFO] Running com.thealgorithms.scheduling.RRSchedulingTest
[08d283ab-9dde-4569-9815-1bf276cc66f8/build]   | [INFO] Tests run: 1, Failures: 0, Errors: 0, Skipped: 0, Time elapsed: 0.002 s - in com.thealgorithms.scheduling.RRSchedulingTest
[08d283ab-9dde-4569-9815-1bf276cc66f8/build]   | [INFO] Running com.thealgorithms.divideandconquer.StrassenMatrixMultiplicationTest
[08d283ab-9dde-4569-9815-1bf276cc66f8/build]   | [INFO] Tests run: 3, Failures: 0, Errors: 0, Skipped: 0, Time elapsed: 0.003 s - in com.thealgorithms.divideandconquer.StrassenMatrixMultiplicationTest
[08d283ab-9dde-4569-9815-1bf276cc66f8/build]   | [INFO] Running com.thealgorithms.divideandconquer.BinaryExponentiationTest
[08d283ab-9dde-4569-9815-1bf276cc66f8/build]   | [INFO] Tests run: 2, Failures: 0, Errors: 0, Skipped: 0, Time elapsed: 0.001 s - in com.thealgorithms.divideandconquer.BinaryExponentiationTest
[08d283ab-9dde-4569-9815-1bf276cc66f8/build]   | [INFO] Running com.thealgorithms.others.NextFitCPUTest
[08d283ab-9dde-4569-9815-1bf276cc66f8/build]   | [INFO] Tests run: 5, Failures: 0, Errors: 0, Skipped: 0, Time elapsed: 0.006 s - in com.thealgorithms.others.NextFitCPUTest
[08d283ab-9dde-4569-9815-1bf276cc66f8/build]   | [INFO] Running com.thealgorithms.others.NewManShanksPrimeTest
[08d283ab-9dde-4569-9815-1bf276cc66f8/build]   | [INFO] Tests run: 8, Failures: 0, Errors: 0, Skipped: 0, Time elapsed: 0.005 s - in com.thealgorithms.others.NewManShanksPrimeTest
[08d283ab-9dde-4569-9815-1bf276cc66f8/build]   | [INFO] Running com.thealgorithms.others.CalculateMaxOfMinTest
[08d283ab-9dde-4569-9815-1bf276cc66f8/build]   | [INFO] Tests run: 7, Failures: 0, Errors: 0, Skipped: 0, Time elapsed: 0.006 s - in com.thealgorithms.others.CalculateMaxOfMinTest
[08d283ab-9dde-4569-9815-1bf276cc66f8/build]   | [INFO] Running com.thealgorithms.others.WorstFitCPUTest
[08d283ab-9dde-4569-9815-1bf276cc66f8/build]   | [INFO] Tests run: 6, Failures: 0, Errors: 0, Skipped: 0, Time elapsed: 0.005 s - in com.thealgorithms.others.WorstFitCPUTest
[08d283ab-9dde-4569-9815-1bf276cc66f8/build]   | [INFO] Running com.thealgorithms.others.TestPrintMatrixInSpiralOrder
[08d283ab-9dde-4569-9815-1bf276cc66f8/build]   | [INFO] Tests run: 2, Failures: 0, Errors: 0, Skipped: 0, Time elapsed: 0.002 s - in com.thealgorithms.others.TestPrintMatrixInSpiralOrder
[08d283ab-9dde-4569-9815-1bf276cc66f8/build]   | [INFO] Running com.thealgorithms.others.CRCAlgorithmTest
[08d283ab-9dde-4569-9815-1bf276cc66f8/build]   | [INFO] Tests run: 2, Failures: 0, Errors: 0, Skipped: 0, Time elapsed: 0.001 s - in com.thealgorithms.others.CRCAlgorithmTest
[08d283ab-9dde-4569-9815-1bf276cc66f8/build]   | [INFO] Running com.thealgorithms.others.CountFriendsPairingTest
[08d283ab-9dde-4569-9815-1bf276cc66f8/build]   | [INFO] Tests run: 8, Failures: 0, Errors: 0, Skipped: 0, Time elapsed: 0.007 s - in com.thealgorithms.others.CountFriendsPairingTest
[08d283ab-9dde-4569-9815-1bf276cc66f8/build]   | [INFO] Running com.thealgorithms.others.ArrayLeftRotationTest
[08d283ab-9dde-4569-9815-1bf276cc66f8/build]   | [INFO] Tests run: 5, Failures: 0, Errors: 0, Skipped: 0, Time elapsed: 0.003 s - in com.thealgorithms.others.ArrayLeftRotationTest
[08d283ab-9dde-4569-9815-1bf276cc66f8/build]   | [INFO] Running com.thealgorithms.others.ConwayTest
[08d283ab-9dde-4569-9815-1bf276cc66f8/build]   | [INFO] Tests run: 6, Failures: 0, Errors: 0, Skipped: 0, Time elapsed: 0.056 s - in com.thealgorithms.others.ConwayTest
[08d283ab-9dde-4569-9815-1bf276cc66f8/build]   | [INFO] Running com.thealgorithms.others.UniquePathsTests
[08d283ab-9dde-4569-9815-1bf276cc66f8/build]   | [INFO] Tests run: 8, Failures: 0, Errors: 0, Skipped: 0, Time elapsed: 0.006 s - in com.thealgorithms.others.UniquePathsTests
[08d283ab-9dde-4569-9815-1bf276cc66f8/build]   | [INFO] Running com.thealgorithms.others.TwoPointersTest
[08d283ab-9dde-4569-9815-1bf276cc66f8/build]   | [INFO] Tests run: 5, Failures: 0, Errors: 0, Skipped: 0, Time elapsed: 0.003 s - in com.thealgorithms.others.TwoPointersTest
[08d283ab-9dde-4569-9815-1bf276cc66f8/build]   | [INFO] Running com.thealgorithms.others.CountCharTest
[08d283ab-9dde-4569-9815-1bf276cc66f8/build]   | [INFO] Tests run: 1, Failures: 0, Errors: 0, Skipped: 0, Time elapsed: 0 s - in com.thealgorithms.others.CountCharTest
[08d283ab-9dde-4569-9815-1bf276cc66f8/build]   | [INFO] Running com.thealgorithms.others.PasswordGenTest
[08d283ab-9dde-4569-9815-1bf276cc66f8/build]   | [INFO] Tests run: 4, Failures: 0, Errors: 0, Skipped: 0, Time elapsed: 0.027 s - in com.thealgorithms.others.PasswordGenTest
[08d283ab-9dde-4569-9815-1bf276cc66f8/build]   | [INFO] Running com.thealgorithms.others.countSetBitsTest
[08d283ab-9dde-4569-9815-1bf276cc66f8/build]   | [INFO] Tests run: 1, Failures: 0, Errors: 0, Skipped: 0, Time elapsed: 0 s - in com.thealgorithms.others.countSetBitsTest
[08d283ab-9dde-4569-9815-1bf276cc66f8/build]   | [INFO] Running com.thealgorithms.others.LinkListSortTest
[08d283ab-9dde-4569-9815-1bf276cc66f8/build]   | [INFO] Tests run: 8, Failures: 0, Errors: 0, Skipped: 0, Time elapsed: 0.006 s - in com.thealgorithms.others.LinkListSortTest
[08d283ab-9dde-4569-9815-1bf276cc66f8/build]   | [INFO] Running com.thealgorithms.others.FirstFitCPUTest
[08d283ab-9dde-4569-9815-1bf276cc66f8/build]   | [INFO] Tests run: 5, Failures: 0, Errors: 0, Skipped: 0, Time elapsed: 0.003 s - in com.thealgorithms.others.FirstFitCPUTest
[08d283ab-9dde-4569-9815-1bf276cc66f8/build]   | [INFO] Running com.thealgorithms.others.CRC16Test
[08d283ab-9dde-4569-9815-1bf276cc66f8/build]   | [INFO] Tests run: 1, Failures: 0, Errors: 0, Skipped: 0, Time elapsed: 0 s - in com.thealgorithms.others.CRC16Test
[08d283ab-9dde-4569-9815-1bf276cc66f8/build]   | [INFO] Running com.thealgorithms.others.BestFitCPUTest
[08d283ab-9dde-4569-9815-1bf276cc66f8/build]   | [INFO] Tests run: 5, Failures: 0, Errors: 0, Skipped: 0, Time elapsed: 0.005 s - in com.thealgorithms.others.BestFitCPUTest
[08d283ab-9dde-4569-9815-1bf276cc66f8/build]   | [INFO] Running com.thealgorithms.others.LineSweepTest
[08d283ab-9dde-4569-9815-1bf276cc66f8/build]   | [INFO] Tests run: 4, Failures: 0, Errors: 0, Skipped: 0, Time elapsed: 0.003 s - in com.thealgorithms.others.LineSweepTest
[08d283ab-9dde-4569-9815-1bf276cc66f8/build]   | [INFO] Running com.thealgorithms.others.KadaneAlogrithmTest
[08d283ab-9dde-4569-9815-1bf276cc66f8/build]   | [INFO] Tests run: 8, Failures: 0, Errors: 0, Skipped: 0, Time elapsed: 0.003 s - in com.thealgorithms.others.KadaneAlogrithmTest
[08d283ab-9dde-4569-9815-1bf276cc66f8/build]   | [INFO] Running com.thealgorithms.others.cn.HammingDistanceTest
[08d283ab-9dde-4569-9815-1bf276cc66f8/build]   | Total Error bit count 2
[08d283ab-9dde-4569-9815-1bf276cc66f8/build]   | Total Error bit count 7
[08d283ab-9dde-4569-9815-1bf276cc66f8/build]   | Total Error bit count 3
[08d283ab-9dde-4569-9815-1bf276cc66f8/build]   | No Error bit in data segments
[08d283ab-9dde-4569-9815-1bf276cc66f8/build]   | No Error bit in data segments
[08d283ab-9dde-4569-9815-1bf276cc66f8/build]   | [INFO] Tests run: 6, Failures: 0, Errors: 0, Skipped: 0, Time elapsed: 0.054 s - in com.thealgorithms.others.cn.HammingDistanceTest
[08d283ab-9dde-4569-9815-1bf276cc66f8/build]   | [INFO] Running com.thealgorithms.dynamicprogramming.EggDroppingTest
[08d283ab-9dde-4569-9815-1bf276cc66f8/build]   | [INFO] Tests run: 4, Failures: 0, Errors: 0, Skipped: 0, Time elapsed: 0.013 s - in com.thealgorithms.dynamicprogramming.EggDroppingTest
[08d283ab-9dde-4569-9815-1bf276cc66f8/build]   | [INFO] Running com.thealgorithms.dynamicprogramming.climbStairsTest
[08d283ab-9dde-4569-9815-1bf276cc66f8/build]   | [INFO] Tests run: 5, Failures: 0, Errors: 0, Skipped: 0, Time elapsed: 0.002 s - in com.thealgorithms.dynamicprogramming.climbStairsTest
[08d283ab-9dde-4569-9815-1bf276cc66f8/build]   | [INFO] Running com.thealgorithms.dynamicprogramming.CatalanNumberTest
[08d283ab-9dde-4569-9815-1bf276cc66f8/build]   | [INFO] Tests run: 1, Failures: 0, Errors: 0, Skipped: 0, Time elapsed: 0 s - in com.thealgorithms.dynamicprogramming.CatalanNumberTest
[08d283ab-9dde-4569-9815-1bf276cc66f8/build]   | [INFO] Running com.thealgorithms.dynamicprogramming.OptimalJobSchedulingTest
[08d283ab-9dde-4569-9815-1bf276cc66f8/build]   | 5 1 3 2 
[08d283ab-9dde-4569-9815-1bf276cc66f8/build]   | 6 3 4 5 
[08d283ab-9dde-4569-9815-1bf276cc66f8/build]   | 5 8 6 6 
[08d283ab-9dde-4569-9815-1bf276cc66f8/build]   | 7 9 10 8 
[08d283ab-9dde-4569-9815-1bf276cc66f8/build]   | 8 9 12 9 
[08d283ab-9dde-4569-9815-1bf276cc66f8/build]   | 
[08d283ab-9dde-4569-9815-1bf276cc66f8/build]   | 5 1 3 
[08d283ab-9dde-4569-9815-1bf276cc66f8/build]   | 6 3 4 
[08d283ab-9dde-4569-9815-1bf276cc66f8/build]   | 5 8 6 
[08d283ab-9dde-4569-9815-1bf276cc66f8/build]   | 
[08d283ab-9dde-4569-9815-1bf276cc66f8/build]   | 5 1 3 2 
[08d283ab-9dde-4569-9815-1bf276cc66f8/build]   | 6 3 4 3 
[08d283ab-9dde-4569-9815-1bf276cc66f8/build]   | 5 8 6 9 
[08d283ab-9dde-4569-9815-1bf276cc66f8/build]   | 6 7 8 9 
[08d283ab-9dde-4569-9815-1bf276cc66f8/build]   | 8 8 12 13 
[08d283ab-9dde-4569-9815-1bf276cc66f8/build]   | 11 10 12 12 
[08d283ab-9dde-4569-9815-1bf276cc66f8/build]   | 
[08d283ab-9dde-4569-9815-1bf276cc66f8/build]   | [INFO] Tests run: 3, Failures: 0, Errors: 0, Skipped: 0, Time elapsed: 0.003 s - in com.thealgorithms.dynamicprogramming.OptimalJobSchedulingTest
[08d283ab-9dde-4569-9815-1bf276cc66f8/build]   | [INFO] Running com.thealgorithms.dynamicprogramming.KnapsackMemoizationTest
[08d283ab-9dde-4569-9815-1bf276cc66f8/build]   | [INFO] Tests run: 3, Failures: 0, Errors: 0, Skipped: 0, Time elapsed: 0.001 s - in com.thealgorithms.dynamicprogramming.KnapsackMemoizationTest
[08d283ab-9dde-4569-9815-1bf276cc66f8/build]   | [INFO] Running com.thealgorithms.dynamicprogramming.LevenshteinDistanceTests
[08d283ab-9dde-4569-9815-1bf276cc66f8/build]   | [INFO] Tests run: 4, Failures: 0, Errors: 0, Skipped: 0, Time elapsed: 0.072 s - in com.thealgorithms.dynamicprogramming.LevenshteinDistanceTests
[08d283ab-9dde-4569-9815-1bf276cc66f8/build]   | [INFO] Running com.thealgorithms.dynamicprogramming.SubsetCountTest
[08d283ab-9dde-4569-9815-1bf276cc66f8/build]   | [INFO] Tests run: 4, Failures: 0, Errors: 0, Skipped: 0, Time elapsed: 0.001 s - in com.thealgorithms.dynamicprogramming.SubsetCountTest
[08d283ab-9dde-4569-9815-1bf276cc66f8/build]   | [INFO] Running com.thealgorithms.dynamicprogramming.PartitionProblemTest
[08d283ab-9dde-4569-9815-1bf276cc66f8/build]   | [INFO] Tests run: 4, Failures: 0, Errors: 0, Skipped: 0, Time elapsed: 0.002 s - in com.thealgorithms.dynamicprogramming.PartitionProblemTest
[08d283ab-9dde-4569-9815-1bf276cc66f8/build]   | [INFO] Running com.thealgorithms.strings.MyAtoiTest
[08d283ab-9dde-4569-9815-1bf276cc66f8/build]   | [INFO] Tests run: 7, Failures: 0, Errors: 0, Skipped: 0, Time elapsed: 0.005 s - in com.thealgorithms.strings.MyAtoiTest
[08d283ab-9dde-4569-9815-1bf276cc66f8/build]   | [INFO] Running com.thealgorithms.strings.WordLadderTest
[08d283ab-9dde-4569-9815-1bf276cc66f8/build]   | [INFO] Tests run: 1, Failures: 0, Errors: 0, Skipped: 0, Time elapsed: 0.001 s - in com.thealgorithms.strings.WordLadderTest
[08d283ab-9dde-4569-9815-1bf276cc66f8/build]   | [INFO] Running com.thealgorithms.strings.RotationTest
[08d283ab-9dde-4569-9815-1bf276cc66f8/build]   | [INFO] Tests run: 1, Failures: 0, Errors: 0, Skipped: 0, Time elapsed: 0.001 s - in com.thealgorithms.strings.RotationTest
[08d283ab-9dde-4569-9815-1bf276cc66f8/build]   | [INFO] Running com.thealgorithms.strings.ReverseStringRecursiveTest
[08d283ab-9dde-4569-9815-1bf276cc66f8/build]   | [INFO] Tests run: 3, Failures: 0, Errors: 0, Skipped: 0, Time elapsed: 0.001 s - in com.thealgorithms.strings.ReverseStringRecursiveTest
[08d283ab-9dde-4569-9815-1bf276cc66f8/build]   | [INFO] Running com.thealgorithms.strings.HorspoolSearchTest
[08d283ab-9dde-4569-9815-1bf276cc66f8/build]   | [INFO] Tests run: 13, Failures: 0, Errors: 0, Skipped: 0, Time elapsed: 0.005 s - in com.thealgorithms.strings.HorspoolSearchTest
[08d283ab-9dde-4569-9815-1bf276cc66f8/build]   | [INFO] Running com.thealgorithms.strings.longestNonRepeativeSubstringTest
[08d283ab-9dde-4569-9815-1bf276cc66f8/build]   | [INFO] Tests run: 1, Failures: 0, Errors: 0, Skipped: 0, Time elapsed: 0 s - in com.thealgorithms.strings.longestNonRepeativeSubstringTest
[08d283ab-9dde-4569-9815-1bf276cc66f8/build]   | [INFO] Running com.thealgorithms.strings.LetterCombinationsOfPhoneNumberTest
[08d283ab-9dde-4569-9815-1bf276cc66f8/build]   | [INFO] Tests run: 1, Failures: 0, Errors: 0, Skipped: 0, Time elapsed: 0 s - in com.thealgorithms.strings.LetterCombinationsOfPhoneNumberTest
[08d283ab-9dde-4569-9815-1bf276cc66f8/build]   | [INFO] Running com.thealgorithms.strings.ReverseStringTest
[08d283ab-9dde-4569-9815-1bf276cc66f8/build]   | [INFO] Tests run: 1, Failures: 0, Errors: 0, Skipped: 0, Time elapsed: 0 s - in com.thealgorithms.strings.ReverseStringTest
[08d283ab-9dde-4569-9815-1bf276cc66f8/build]   | [INFO] Running com.thealgorithms.strings.LowerTest
[08d283ab-9dde-4569-9815-1bf276cc66f8/build]   | [INFO] Tests run: 1, Failures: 0, Errors: 0, Skipped: 0, Time elapsed: 0 s - in com.thealgorithms.strings.LowerTest
[08d283ab-9dde-4569-9815-1bf276cc66f8/build]   | [INFO] Running com.thealgorithms.strings.UpperTest
[08d283ab-9dde-4569-9815-1bf276cc66f8/build]   | [INFO] Tests run: 1, Failures: 0, Errors: 0, Skipped: 0, Time elapsed: 0 s - in com.thealgorithms.strings.UpperTest
[08d283ab-9dde-4569-9815-1bf276cc66f8/build]   | [INFO] Running com.thealgorithms.strings.CheckVowelsTest
[08d283ab-9dde-4569-9815-1bf276cc66f8/build]   | [INFO] Tests run: 1, Failures: 0, Errors: 0, Skipped: 0, Time elapsed: 0 s - in com.thealgorithms.strings.CheckVowelsTest
[08d283ab-9dde-4569-9815-1bf276cc66f8/build]   | [INFO] Running com.thealgorithms.strings.CharacterSameTest
[08d283ab-9dde-4569-9815-1bf276cc66f8/build]   | [INFO] Tests run: 1, Failures: 0, Errors: 0, Skipped: 0, Time elapsed: 0.001 s - in com.thealgorithms.strings.CharacterSameTest
[08d283ab-9dde-4569-9815-1bf276cc66f8/build]   | [INFO] Running com.thealgorithms.strings.AnagramsTest
[08d283ab-9dde-4569-9815-1bf276cc66f8/build]   | [INFO] Tests run: 1, Failures: 0, Errors: 0, Skipped: 0, Time elapsed: 0 s - in com.thealgorithms.strings.AnagramsTest
[08d283ab-9dde-4569-9815-1bf276cc66f8/build]   | [INFO] Running com.thealgorithms.strings.StringCompressionTest
[08d283ab-9dde-4569-9815-1bf276cc66f8/build]   | [INFO] Tests run: 4, Failures: 0, Errors: 0, Skipped: 0, Time elapsed: 0.011 s - in com.thealgorithms.strings.StringCompressionTest
[08d283ab-9dde-4569-9815-1bf276cc66f8/build]   | [INFO] Running com.thealgorithms.strings.HammingDistanceTest
[08d283ab-9dde-4569-9815-1bf276cc66f8/build]   | [INFO] Tests run: 2, Failures: 0, Errors: 0, Skipped: 0, Time elapsed: 0.001 s - in com.thealgorithms.strings.HammingDistanceTest
[08d283ab-9dde-4569-9815-1bf276cc66f8/build]   | [INFO] Running com.thealgorithms.strings.ValidParenthesesTest
[08d283ab-9dde-4569-9815-1bf276cc66f8/build]   | [INFO] Tests run: 3, Failures: 0, Errors: 0, Skipped: 0, Time elapsed: 0.001 s - in com.thealgorithms.strings.ValidParenthesesTest
[08d283ab-9dde-4569-9815-1bf276cc66f8/build]   | [INFO] Running com.thealgorithms.strings.CheckAnagramsTest
[08d283ab-9dde-4569-9815-1bf276cc66f8/build]   | [INFO] Tests run: 4, Failures: 0, Errors: 0, Skipped: 0, Time elapsed: 0.001 s - in com.thealgorithms.strings.CheckAnagramsTest
[08d283ab-9dde-4569-9815-1bf276cc66f8/build]   | [INFO] Running com.thealgorithms.strings.PalindromeTest
[08d283ab-9dde-4569-9815-1bf276cc66f8/build]   | [INFO] Tests run: 1, Failures: 0, Errors: 0, Skipped: 0, Time elapsed: 0 s - in com.thealgorithms.strings.PalindromeTest
[08d283ab-9dde-4569-9815-1bf276cc66f8/build]   | [INFO] Running com.thealgorithms.strings.AlphabeticalTest
[08d283ab-9dde-4569-9815-1bf276cc66f8/build]   | [INFO] Tests run: 1, Failures: 0, Errors: 0, Skipped: 0, Time elapsed: 0 s - in com.thealgorithms.strings.AlphabeticalTest
[08d283ab-9dde-4569-9815-1bf276cc66f8/build]   | [INFO] Running com.thealgorithms.strings.zigZagPattern.zigZagPatternTest
[08d283ab-9dde-4569-9815-1bf276cc66f8/build]   | [INFO] Tests run: 1, Failures: 0, Errors: 0, Skipped: 0, Time elapsed: 0 s - in com.thealgorithms.strings.zigZagPattern.zigZagPatternTest
[08d283ab-9dde-4569-9815-1bf276cc66f8/build]   | [INFO] Running com.thealgorithms.strings.PangramTest
[08d283ab-9dde-4569-9815-1bf276cc66f8/build]   | [INFO] Tests run: 1, Failures: 0, Errors: 0, Skipped: 0, Time elapsed: 0 s - in com.thealgorithms.strings.PangramTest
[08d283ab-9dde-4569-9815-1bf276cc66f8/build]   | [INFO] Running com.thealgorithms.backtracking.ArrayCombinationTest
[08d283ab-9dde-4569-9815-1bf276cc66f8/build]   | [INFO] Tests run: 5, Failures: 0, Errors: 0, Skipped: 0, Time elapsed: 0.008 s - in com.thealgorithms.backtracking.ArrayCombinationTest
[08d283ab-9dde-4569-9815-1bf276cc66f8/build]   | [INFO] Running com.thealgorithms.backtracking.PermutationTest
[08d283ab-9dde-4569-9815-1bf276cc66f8/build]   | [INFO] Tests run: 3, Failures: 0, Errors: 0, Skipped: 0, Time elapsed: 0.001 s - in com.thealgorithms.backtracking.PermutationTest
[08d283ab-9dde-4569-9815-1bf276cc66f8/build]   | [INFO] Running com.thealgorithms.backtracking.CombinationTest
[08d283ab-9dde-4569-9815-1bf276cc66f8/build]   | [INFO] Tests run: 3, Failures: 0, Errors: 0, Skipped: 0, Time elapsed: 0.002 s - in com.thealgorithms.backtracking.CombinationTest
[08d283ab-9dde-4569-9815-1bf276cc66f8/build]   | [INFO] Running com.thealgorithms.backtracking.FloodFillTest
[08d283ab-9dde-4569-9815-1bf276cc66f8/build]   | [INFO] Tests run: 5, Failures: 0, Errors: 0, Skipped: 0, Time elapsed: 0 s - in com.thealgorithms.backtracking.FloodFillTest
[08d283ab-9dde-4569-9815-1bf276cc66f8/build]   | [INFO] Running com.thealgorithms.backtracking.WordSearchTest
[08d283ab-9dde-4569-9815-1bf276cc66f8/build]   | [INFO] Tests run: 3, Failures: 0, Errors: 0, Skipped: 0, Time elapsed: 0 s - in com.thealgorithms.backtracking.WordSearchTest
[08d283ab-9dde-4569-9815-1bf276cc66f8/build]   | [INFO] Running com.thealgorithms.backtracking.AllPathsFromSourceToTargetTest
[08d283ab-9dde-4569-9815-1bf276cc66f8/build]   | [INFO] Tests run: 4, Failures: 0, Errors: 0, Skipped: 0, Time elapsed: 0 s - in com.thealgorithms.backtracking.AllPathsFromSourceToTargetTest
[08d283ab-9dde-4569-9815-1bf276cc66f8/build]   | [INFO] Running com.thealgorithms.backtracking.PowerSumTest
[08d283ab-9dde-4569-9815-1bf276cc66f8/build]   | [INFO] Tests run: 3, Failures: 0, Errors: 0, Skipped: 0, Time elapsed: 0 s - in com.thealgorithms.backtracking.PowerSumTest
[08d283ab-9dde-4569-9815-1bf276cc66f8/build]   | [INFO] Running com.thealgorithms.backtracking.MazeRecursionTest
[08d283ab-9dde-4569-9815-1bf276cc66f8/build]   | [INFO] Tests run: 1, Failures: 0, Errors: 0, Skipped: 0, Time elapsed: 0 s - in com.thealgorithms.backtracking.MazeRecursionTest
[08d283ab-9dde-4569-9815-1bf276cc66f8/build]   | [INFO] Running com.thealgorithms.sorts.HeapSortTest
[08d283ab-9dde-4569-9815-1bf276cc66f8/build]   | [INFO] Tests run: 16, Failures: 0, Errors: 0, Skipped: 0, Time elapsed: 0.022 s - in com.thealgorithms.sorts.HeapSortTest
[08d283ab-9dde-4569-9815-1bf276cc66f8/build]   | [INFO] Running com.thealgorithms.sorts.DualPivotQuickSortTest
[08d283ab-9dde-4569-9815-1bf276cc66f8/build]   | [INFO] Tests run: 6, Failures: 0, Errors: 0, Skipped: 0, Time elapsed: 0.001 s - in com.thealgorithms.sorts.DualPivotQuickSortTest
[08d283ab-9dde-4569-9815-1bf276cc66f8/build]   | [INFO] Running com.thealgorithms.sorts.BeadSortTest
[08d283ab-9dde-4569-9815-1bf276cc66f8/build]   | [INFO] Tests run: 4, Failures: 0, Errors: 0, Skipped: 0, Time elapsed: 0.003 s - in com.thealgorithms.sorts.BeadSortTest
[08d283ab-9dde-4569-9815-1bf276cc66f8/build]   | [INFO] Running com.thealgorithms.sorts.StrandSortTest
[08d283ab-9dde-4569-9815-1bf276cc66f8/build]   | [INFO] Tests run: 2, Failures: 0, Errors: 0, Skipped: 0, Time elapsed: 0.002 s - in com.thealgorithms.sorts.StrandSortTest
[08d283ab-9dde-4569-9815-1bf276cc66f8/build]   | [INFO] Running com.thealgorithms.sorts.InsertionSortTest
[08d283ab-9dde-4569-9815-1bf276cc66f8/build]   | [INFO] Tests run: 7, Failures: 0, Errors: 0, Skipped: 0, Time elapsed: 0.26 s - in com.thealgorithms.sorts.InsertionSortTest
[08d283ab-9dde-4569-9815-1bf276cc66f8/build]   | [INFO] Running com.thealgorithms.sorts.IntrospectiveSortTest
[08d283ab-9dde-4569-9815-1bf276cc66f8/build]   | [INFO] Tests run: 7, Failures: 0, Errors: 0, Skipped: 0, Time elapsed: 0.001 s - in com.thealgorithms.sorts.IntrospectiveSortTest
[08d283ab-9dde-4569-9815-1bf276cc66f8/build]   | [INFO] Running com.thealgorithms.sorts.SimpleSortTest
[08d283ab-9dde-4569-9815-1bf276cc66f8/build]   | [INFO] Tests run: 7, Failures: 0, Errors: 0, Skipped: 0, Time elapsed: 0.002 s - in com.thealgorithms.sorts.SimpleSortTest
[08d283ab-9dde-4569-9815-1bf276cc66f8/build]   | [INFO] Running com.thealgorithms.sorts.BogoSortTest
[08d283ab-9dde-4569-9815-1bf276cc66f8/build]   | [INFO] Tests run: 7, Failures: 0, Errors: 0, Skipped: 0, Time elapsed: 0.004 s - in com.thealgorithms.sorts.BogoSortTest
[08d283ab-9dde-4569-9815-1bf276cc66f8/build]   | [INFO] Running com.thealgorithms.sorts.DutchNationalFlagSortTest
[08d283ab-9dde-4569-9815-1bf276cc66f8/build]   | [INFO] Tests run: 8, Failures: 0, Errors: 0, Skipped: 0, Time elapsed: 0.002 s - in com.thealgorithms.sorts.DutchNationalFlagSortTest
[08d283ab-9dde-4569-9815-1bf276cc66f8/build]   | [INFO] Running com.thealgorithms.sorts.BubbleSortTest
[08d283ab-9dde-4569-9815-1bf276cc66f8/build]   | [INFO] Tests run: 5, Failures: 0, Errors: 0, Skipped: 0, Time elapsed: 0.001 s - in com.thealgorithms.sorts.BubbleSortTest
[08d283ab-9dde-4569-9815-1bf276cc66f8/build]   | [INFO] Running com.thealgorithms.sorts.CombSortTest
[08d283ab-9dde-4569-9815-1bf276cc66f8/build]   | [INFO] Tests run: 5, Failures: 0, Errors: 0, Skipped: 0, Time elapsed: 0.001 s - in com.thealgorithms.sorts.CombSortTest
[08d283ab-9dde-4569-9815-1bf276cc66f8/build]   | [INFO] Running com.thealgorithms.sorts.TopologicalSortTest
[08d283ab-9dde-4569-9815-1bf276cc66f8/build]   | [INFO] Tests run: 2, Failures: 0, Errors: 0, Skipped: 0, Time elapsed: 0.006 s - in com.thealgorithms.sorts.TopologicalSortTest
[08d283ab-9dde-4569-9815-1bf276cc66f8/build]   | [INFO] Running com.thealgorithms.sorts.TreeSortTest
[08d283ab-9dde-4569-9815-1bf276cc66f8/build]   | [INFO] Tests run: 5, Failures: 0, Errors: 0, Skipped: 0, Time elapsed: 0.005 s - in com.thealgorithms.sorts.TreeSortTest
[08d283ab-9dde-4569-9815-1bf276cc66f8/build]   | [INFO] Running com.thealgorithms.sorts.BinaryInsertionSortTest
[08d283ab-9dde-4569-9815-1bf276cc66f8/build]   | [INFO] Tests run: 2, Failures: 0, Errors: 0, Skipped: 0, Time elapsed: 0.001 s - in com.thealgorithms.sorts.BinaryInsertionSortTest
[08d283ab-9dde-4569-9815-1bf276cc66f8/build]   | [INFO] Running com.thealgorithms.sorts.OddEvenSortTest
[08d283ab-9dde-4569-9815-1bf276cc66f8/build]   | [INFO] Tests run: 3, Failures: 0, Errors: 0, Skipped: 0, Time elapsed: 0.001 s - in com.thealgorithms.sorts.OddEvenSortTest
[08d283ab-9dde-4569-9815-1bf276cc66f8/build]   | [INFO] Running com.thealgorithms.sorts.SortUtilsRandomGeneratorTest
[08d283ab-9dde-4569-9815-1bf276cc66f8/build]   | [INFO] Tests run: 2001, Failures: 0, Errors: 0, Skipped: 0, Time elapsed: 0.489 s - in com.thealgorithms.sorts.SortUtilsRandomGeneratorTest
[08d283ab-9dde-4569-9815-1bf276cc66f8/build]   | [INFO] Running com.thealgorithms.sorts.TimSortTest
[08d283ab-9dde-4569-9815-1bf276cc66f8/build]   | [INFO] Tests run: 16, Failures: 0, Errors: 0, Skipped: 0, Time elapsed: 0 s - in com.thealgorithms.sorts.TimSortTest
[08d283ab-9dde-4569-9815-1bf276cc66f8/build]   | [INFO] Running com.thealgorithms.sorts.SortUtilsTest
[08d283ab-9dde-4569-9815-1bf276cc66f8/build]   | [INFO] Tests run: 6, Failures: 0, Errors: 0, Skipped: 0, Time elapsed: 0 s - in com.thealgorithms.sorts.SortUtilsTest
[08d283ab-9dde-4569-9815-1bf276cc66f8/build]   | [INFO] Running com.thealgorithms.sorts.SlowSortTest
[08d283ab-9dde-4569-9815-1bf276cc66f8/build]   | [INFO] Tests run: 8, Failures: 0, Errors: 0, Skipped: 0, Time elapsed: 0 s - in com.thealgorithms.sorts.SlowSortTest
[08d283ab-9dde-4569-9815-1bf276cc66f8/build]   | [INFO] Running com.thealgorithms.sorts.MergeSortRecursiveTest
[08d283ab-9dde-4569-9815-1bf276cc66f8/build]   | [INFO] Tests run: 2, Failures: 0, Errors: 0, Skipped: 0, Time elapsed: 0 s - in com.thealgorithms.sorts.MergeSortRecursiveTest
[08d283ab-9dde-4569-9815-1bf276cc66f8/build]   | [INFO] Running com.thealgorithms.sorts.WiggleSortTest
[08d283ab-9dde-4569-9815-1bf276cc66f8/build]   | [2, 5, 1, 2, 1, 2]
[08d283ab-9dde-4569-9815-1bf276cc66f8/build]   | [INFO] Tests run: 7, Failures: 0, Errors: 0, Skipped: 0, Time elapsed: 0 s - in com.thealgorithms.sorts.WiggleSortTest
[08d283ab-9dde-4569-9815-1bf276cc66f8/build]   | [INFO] Running com.thealgorithms.sorts.CocktailShakerSortTest
[08d283ab-9dde-4569-9815-1bf276cc66f8/build]   | [INFO] Tests run: 4, Failures: 0, Errors: 0, Skipped: 0, Time elapsed: 0 s - in com.thealgorithms.sorts.CocktailShakerSortTest
[08d283ab-9dde-4569-9815-1bf276cc66f8/build]   | [INFO] Running com.thealgorithms.sorts.BucketSortTest
[08d283ab-9dde-4569-9815-1bf276cc66f8/build]   | [INFO] Tests run: 5, Failures: 0, Errors: 0, Skipped: 0, Time elapsed: 0.001 s - in com.thealgorithms.sorts.BucketSortTest
[08d283ab-9dde-4569-9815-1bf276cc66f8/build]   | [INFO] Running com.thealgorithms.sorts.MergeSortTest
[08d283ab-9dde-4569-9815-1bf276cc66f8/build]   | [INFO] Tests run: 16, Failures: 0, Errors: 0, Skipped: 0, Time elapsed: 0.001 s - in com.thealgorithms.sorts.MergeSortTest
[08d283ab-9dde-4569-9815-1bf276cc66f8/build]   | [INFO] Running com.thealgorithms.sorts.ShellSortTest
[08d283ab-9dde-4569-9815-1bf276cc66f8/build]   | [INFO] Tests run: 7, Failures: 0, Errors: 0, Skipped: 0, Time elapsed: 0.001 s - in com.thealgorithms.sorts.ShellSortTest
[08d283ab-9dde-4569-9815-1bf276cc66f8/build]   | [INFO] Running com.thealgorithms.sorts.SelectionSortTest
[08d283ab-9dde-4569-9815-1bf276cc66f8/build]   | [INFO] Tests run: 3, Failures: 0, Errors: 0, Skipped: 0, Time elapsed: 0 s - in com.thealgorithms.sorts.SelectionSortTest
[08d283ab-9dde-4569-9815-1bf276cc66f8/build]   | [INFO] Running com.thealgorithms.sorts.QuickSortTest
[08d283ab-9dde-4569-9815-1bf276cc66f8/build]   | [INFO] Tests run: 16, Failures: 0, Errors: 0, Skipped: 0, Time elapsed: 0.008 s - in com.thealgorithms.sorts.QuickSortTest
[08d283ab-9dde-4569-9815-1bf276cc66f8/build]   | [INFO] Running com.thealgorithms.ciphers.DESTest
[08d283ab-9dde-4569-9815-1bf276cc66f8/build]   | [INFO] Tests run: 2, Failures: 0, Errors: 0, Skipped: 0, Time elapsed: 0.007 s - in com.thealgorithms.ciphers.DESTest
[08d283ab-9dde-4569-9815-1bf276cc66f8/build]   | [INFO] Running com.thealgorithms.ciphers.PolybiusTest
[08d283ab-9dde-4569-9815-1bf276cc66f8/build]   | [INFO] Tests run: 3, Failures: 0, Errors: 0, Skipped: 0, Time elapsed: 0.001 s - in com.thealgorithms.ciphers.PolybiusTest
[08d283ab-9dde-4569-9815-1bf276cc66f8/build]   | [INFO] Running com.thealgorithms.ciphers.RSATest
[08d283ab-9dde-4569-9815-1bf276cc66f8/build]   | [INFO] Tests run: 1, Failures: 0, Errors: 0, Skipped: 0, Time elapsed: 0.093 s - in com.thealgorithms.ciphers.RSATest
[08d283ab-9dde-4569-9815-1bf276cc66f8/build]   | [INFO] Running com.thealgorithms.ciphers.CaesarTest
[08d283ab-9dde-4569-9815-1bf276cc66f8/build]   | [INFO] Tests run: 3, Failures: 0, Errors: 0, Skipped: 0, Time elapsed: 0.001 s - in com.thealgorithms.ciphers.CaesarTest
[08d283ab-9dde-4569-9815-1bf276cc66f8/build]   | [INFO] Running com.thealgorithms.ciphers.a5.LFSRTest
[08d283ab-9dde-4569-9815-1bf276cc66f8/build]   | [INFO] Tests run: 3, Failures: 0, Errors: 0, Skipped: 0, Time elapsed: 0.003 s - in com.thealgorithms.ciphers.a5.LFSRTest
[08d283ab-9dde-4569-9815-1bf276cc66f8/build]   | [INFO] Running com.thealgorithms.ciphers.SimpleSubCipherTest
[08d283ab-9dde-4569-9815-1bf276cc66f8/build]   | [INFO] Tests run: 2, Failures: 0, Errors: 0, Skipped: 0, Time elapsed: 0.001 s - in com.thealgorithms.ciphers.SimpleSubCipherTest
[08d283ab-9dde-4569-9815-1bf276cc66f8/build]   | [INFO] Running com.thealgorithms.ciphers.BlowfishTest
[08d283ab-9dde-4569-9815-1bf276cc66f8/build]   | [INFO] Tests run: 2, Failures: 0, Errors: 0, Skipped: 0, Time elapsed: 0.026 s - in com.thealgorithms.ciphers.BlowfishTest
[08d283ab-9dde-4569-9815-1bf276cc66f8/build]   | [INFO] Running com.thealgorithms.ciphers.VigenereTest
[08d283ab-9dde-4569-9815-1bf276cc66f8/build]   | [INFO] Tests run: 2, Failures: 0, Errors: 0, Skipped: 0, Time elapsed: 0.001 s - in com.thealgorithms.ciphers.VigenereTest
[08d283ab-9dde-4569-9815-1bf276cc66f8/build]   | [INFO] Running com.thealgorithms.ciphers.SimpleSubstitutionCipherTest
[08d283ab-9dde-4569-9815-1bf276cc66f8/build]   | [INFO] Tests run: 3, Failures: 0, Errors: 0, Skipped: 0, Time elapsed: 0.001 s - in com.thealgorithms.ciphers.SimpleSubstitutionCipherTest
[08d283ab-9dde-4569-9815-1bf276cc66f8/build]   | [INFO] Running com.thealgorithms.maths.CeilTest
[08d283ab-9dde-4569-9815-1bf276cc66f8/build]   | [INFO] Tests run: 1, Failures: 0, Errors: 0, Skipped: 0, Time elapsed: 0 s - in com.thealgorithms.maths.CeilTest
[08d283ab-9dde-4569-9815-1bf276cc66f8/build]   | [INFO] Running com.thealgorithms.maths.PollardRhoTest
[08d283ab-9dde-4569-9815-1bf276cc66f8/build]   | [INFO] Tests run: 3, Failures: 0, Errors: 0, Skipped: 0, Time elapsed: 0.001 s - in com.thealgorithms.maths.PollardRhoTest
[08d283ab-9dde-4569-9815-1bf276cc66f8/build]   | [INFO] Running com.thealgorithms.maths.DistanceFormulaTest
[08d283ab-9dde-4569-9815-1bf276cc66f8/build]   | [INFO] Tests run: 13, Failures: 0, Errors: 0, Skipped: 0, Time elapsed: 0.002 s - in com.thealgorithms.maths.DistanceFormulaTest
[08d283ab-9dde-4569-9815-1bf276cc66f8/build]   | [INFO] Running com.thealgorithms.maths.LiouvilleLambdaFunctionTest
[08d283ab-9dde-4569-9815-1bf276cc66f8/build]   | [INFO] Tests run: 4, Failures: 0, Errors: 0, Skipped: 0, Time elapsed: 0.002 s - in com.thealgorithms.maths.LiouvilleLambdaFunctionTest
[08d283ab-9dde-4569-9815-1bf276cc66f8/build]   | [INFO] Running com.thealgorithms.maths.ADTFractionTest
[08d283ab-9dde-4569-9815-1bf276cc66f8/build]   | [INFO] Tests run: 7, Failures: 0, Errors: 0, Skipped: 0, Time elapsed: 0.005 s - in com.thealgorithms.maths.ADTFractionTest
[08d283ab-9dde-4569-9815-1bf276cc66f8/build]   | [INFO] Running com.thealgorithms.maths.LongDivisionTest
[08d283ab-9dde-4569-9815-1bf276cc66f8/build]   | [INFO] Tests run: 7, Failures: 0, Errors: 0, Skipped: 0, Time elapsed: 0.002 s - in com.thealgorithms.maths.LongDivisionTest
[08d283ab-9dde-4569-9815-1bf276cc66f8/build]   | [INFO] Running com.thealgorithms.maths.PerfectNumberTest
[08d283ab-9dde-4569-9815-1bf276cc66f8/build]   | [INFO] Tests run: 1, Failures: 0, Errors: 0, Skipped: 0, Time elapsed: 0.169 s - in com.thealgorithms.maths.PerfectNumberTest
[08d283ab-9dde-4569-9815-1bf276cc66f8/build]   | [INFO] Running com.thealgorithms.maths.PerimeterTest
[08d283ab-9dde-4569-9815-1bf276cc66f8/build]   | [INFO] Tests run: 8, Failures: 0, Errors: 0, Skipped: 0, Time elapsed: 0.001 s - in com.thealgorithms.maths.PerimeterTest
[08d283ab-9dde-4569-9815-1bf276cc66f8/build]   | [INFO] Running com.thealgorithms.maths.AbsoluteValueTest
[08d283ab-9dde-4569-9815-1bf276cc66f8/build]   | [INFO] Tests run: 1, Failures: 0, Errors: 0, Skipped: 0, Time elapsed: 0.006 s - in com.thealgorithms.maths.AbsoluteValueTest
[08d283ab-9dde-4569-9815-1bf276cc66f8/build]   | [INFO] Running com.thealgorithms.maths.AmicableNumberTest
[08d283ab-9dde-4569-9815-1bf276cc66f8/build]   | [INFO] Tests run: 1, Failures: 0, Errors: 0, Skipped: 0, Time elapsed: 0.001 s - in com.thealgorithms.maths.AmicableNumberTest
[08d283ab-9dde-4569-9815-1bf276cc66f8/build]   | [INFO] Running com.thealgorithms.maths.JosephusProblemTest
[08d283ab-9dde-4569-9815-1bf276cc66f8/build]   | [INFO] Tests run: 1, Failures: 0, Errors: 0, Skipped: 0, Time elapsed: 0 s - in com.thealgorithms.maths.JosephusProblemTest
[08d283ab-9dde-4569-9815-1bf276cc66f8/build]   | [INFO] Running com.thealgorithms.maths.PrimeCheckTest
[08d283ab-9dde-4569-9815-1bf276cc66f8/build]   | [INFO] Tests run: 7, Failures: 0, Errors: 0, Skipped: 0, Time elapsed: 0.001 s - in com.thealgorithms.maths.PrimeCheckTest
[08d283ab-9dde-4569-9815-1bf276cc66f8/build]   | [INFO] Running com.thealgorithms.maths.ArmstrongTest
[08d283ab-9dde-4569-9815-1bf276cc66f8/build]   | [INFO] Tests run: 1, Failures: 0, Errors: 0, Skipped: 0, Time elapsed: 0 s - in com.thealgorithms.maths.ArmstrongTest
[08d283ab-9dde-4569-9815-1bf276cc66f8/build]   | [INFO] Running com.thealgorithms.maths.HeronsFormulaTest
[08d283ab-9dde-4569-9815-1bf276cc66f8/build]   | [INFO] Tests run: 4, Failures: 0, Errors: 0, Skipped: 0, Time elapsed: 0.001 s - in com.thealgorithms.maths.HeronsFormulaTest
[08d283ab-9dde-4569-9815-1bf276cc66f8/build]   | [INFO] Running com.thealgorithms.maths.AbsoluteMaxTest
[08d283ab-9dde-4569-9815-1bf276cc66f8/build]   | [INFO] Tests run: 2, Failures: 0, Errors: 0, Skipped: 0, Time elapsed: 0.001 s - in com.thealgorithms.maths.AbsoluteMaxTest
[08d283ab-9dde-4569-9815-1bf276cc66f8/build]   | [INFO] Running com.thealgorithms.maths.PrimeFactorizationTest
[08d283ab-9dde-4569-9815-1bf276cc66f8/build]   | [INFO] Tests run: 2, Failures: 0, Errors: 0, Skipped: 0, Time elapsed: 0 s - in com.thealgorithms.maths.PrimeFactorizationTest
[08d283ab-9dde-4569-9815-1bf276cc66f8/build]   | [INFO] Running com.thealgorithms.maths.AutomorphicNumberTest
[08d283ab-9dde-4569-9815-1bf276cc66f8/build]   | [INFO] Tests run: 1, Failures: 0, Errors: 0, Skipped: 0, Time elapsed: 0.001 s - in com.thealgorithms.maths.AutomorphicNumberTest
[08d283ab-9dde-4569-9815-1bf276cc66f8/build]   | [INFO] Running com.thealgorithms.maths.KaprekarNumbersTest
[08d283ab-9dde-4569-9815-1bf276cc66f8/build]   | [INFO] Tests run: 9, Failures: 0, Errors: 0, Skipped: 0, Time elapsed: 0.366 s - in com.thealgorithms.maths.KaprekarNumbersTest
[08d283ab-9dde-4569-9815-1bf276cc66f8/build]   | [INFO] Running com.thealgorithms.maths.TestArmstrong
[08d283ab-9dde-4569-9815-1bf276cc66f8/build]   | [INFO] Tests run: 1, Failures: 0, Errors: 0, Skipped: 0, Time elapsed: 0.001 s - in com.thealgorithms.maths.TestArmstrong
[08d283ab-9dde-4569-9815-1bf276cc66f8/build]   | [INFO] Running com.thealgorithms.maths.FFTTest
[08d283ab-9dde-4569-9815-1bf276cc66f8/build]   | [INFO] Tests run: 12, Failures: 0, Errors: 0, Skipped: 0, Time elapsed: 0.004 s - in com.thealgorithms.maths.FFTTest
[08d283ab-9dde-4569-9815-1bf276cc66f8/build]   | [INFO] Running com.thealgorithms.maths.SquareFreeIntegerTest
[08d283ab-9dde-4569-9815-1bf276cc66f8/build]   | [INFO] Tests run: 3, Failures: 0, Errors: 0, Skipped: 0, Time elapsed: 0.026 s - in com.thealgorithms.maths.SquareFreeIntegerTest
[08d283ab-9dde-4569-9815-1bf276cc66f8/build]   | [INFO] Running com.thealgorithms.maths.FactorialTest
[08d283ab-9dde-4569-9815-1bf276cc66f8/build]   | [INFO] Tests run: 1, Failures: 0, Errors: 0, Skipped: 0, Time elapsed: 0 s - in com.thealgorithms.maths.FactorialTest
[08d283ab-9dde-4569-9815-1bf276cc66f8/build]   | [INFO] Running com.thealgorithms.maths.SquareRootwithBabylonianMethodTest
[08d283ab-9dde-4569-9815-1bf276cc66f8/build]   | [INFO] Tests run: 4, Failures: 0, Errors: 0, Skipped: 0, Time elapsed: 0 s - in com.thealgorithms.maths.SquareRootwithBabylonianMethodTest
[08d283ab-9dde-4569-9815-1bf276cc66f8/build]   | [INFO] Running com.thealgorithms.maths.LeonardoNumberTest
[08d283ab-9dde-4569-9815-1bf276cc66f8/build]   | [INFO] Tests run: 5, Failures: 0, Errors: 0, Skipped: 0, Time elapsed: 0.002 s - in com.thealgorithms.maths.LeonardoNumberTest
[08d283ab-9dde-4569-9815-1bf276cc66f8/build]   | [INFO] Running com.thealgorithms.maths.AverageTest
[08d283ab-9dde-4569-9815-1bf276cc66f8/build]   | [INFO] Tests run: 4, Failures: 0, Errors: 0, Skipped: 0, Time elapsed: 0.001 s - in com.thealgorithms.maths.AverageTest
[08d283ab-9dde-4569-9815-1bf276cc66f8/build]   | [INFO] Running com.thealgorithms.maths.PerfectSquareTest
[08d283ab-9dde-4569-9815-1bf276cc66f8/build]   | [INFO] Tests run: 3, Failures: 0, Errors: 0, Skipped: 0, Time elapsed: 0.001 s - in com.thealgorithms.maths.PerfectSquareTest
[08d283ab-9dde-4569-9815-1bf276cc66f8/build]   | [INFO] Running com.thealgorithms.maths.PerfectCubeTest
[08d283ab-9dde-4569-9815-1bf276cc66f8/build]   | [INFO] Tests run: 1, Failures: 0, Errors: 0, Skipped: 0, Time elapsed: 0.001 s - in com.thealgorithms.maths.PerfectCubeTest
[08d283ab-9dde-4569-9815-1bf276cc66f8/build]   | [INFO] Running com.thealgorithms.maths.PascalTriangleTest
[08d283ab-9dde-4569-9815-1bf276cc66f8/build]   | [INFO] Tests run: 4, Failures: 0, Errors: 0, Skipped: 0, Time elapsed: 0 s - in com.thealgorithms.maths.PascalTriangleTest
[08d283ab-9dde-4569-9815-1bf276cc66f8/build]   | [INFO] Running com.thealgorithms.maths.BinaryPowTest
[08d283ab-9dde-4569-9815-1bf276cc66f8/build]   | [INFO] Tests run: 1, Failures: 0, Errors: 0, Skipped: 0, Time elapsed: 0 s - in com.thealgorithms.maths.BinaryPowTest
[08d283ab-9dde-4569-9815-1bf276cc66f8/build]   | [INFO] Running com.thealgorithms.maths.TwinPrimeTest
[08d283ab-9dde-4569-9815-1bf276cc66f8/build]   | [INFO] Tests run: 4, Failures: 0, Errors: 0, Skipped: 0, Time elapsed: 0.001 s - in com.thealgorithms.maths.TwinPrimeTest
[08d283ab-9dde-4569-9815-1bf276cc66f8/build]   | [INFO] Running com.thealgorithms.maths.HarshadNumberTest
[08d283ab-9dde-4569-9815-1bf276cc66f8/build]   | [INFO] Tests run: 1, Failures: 0, Errors: 0, Skipped: 0, Time elapsed: 0.001 s - in com.thealgorithms.maths.HarshadNumberTest
[08d283ab-9dde-4569-9815-1bf276cc66f8/build]   | [INFO] Running com.thealgorithms.maths.FrizzyNumberTest
[08d283ab-9dde-4569-9815-1bf276cc66f8/build]   | [INFO] Tests run: 3, Failures: 0, Errors: 0, Skipped: 0, Time elapsed: 0 s - in com.thealgorithms.maths.FrizzyNumberTest
[08d283ab-9dde-4569-9815-1bf276cc66f8/build]   | [INFO] Running com.thealgorithms.maths.StandardDeviationTest
[08d283ab-9dde-4569-9815-1bf276cc66f8/build]   | [INFO] Tests run: 4, Failures: 0, Errors: 0, Skipped: 0, Time elapsed: 0 s - in com.thealgorithms.maths.StandardDeviationTest
[08d283ab-9dde-4569-9815-1bf276cc66f8/build]   | [INFO] Running com.thealgorithms.maths.MobiusFunctionTest
[08d283ab-9dde-4569-9815-1bf276cc66f8/build]   | [INFO] Tests run: 3, Failures: 0, Errors: 0, Skipped: 0, Time elapsed: 0.001 s - in com.thealgorithms.maths.MobiusFunctionTest
[08d283ab-9dde-4569-9815-1bf276cc66f8/build]   | [INFO] Running com.thealgorithms.maths.AbsoluteMinTest
[08d283ab-9dde-4569-9815-1bf276cc66f8/build]   | [INFO] Tests run: 2, Failures: 0, Errors: 0, Skipped: 0, Time elapsed: 0.003 s - in com.thealgorithms.maths.AbsoluteMinTest
[08d283ab-9dde-4569-9815-1bf276cc66f8/build]   | [INFO] Running com.thealgorithms.maths.CollatzConjectureTest
[08d283ab-9dde-4569-9815-1bf276cc66f8/build]   | [INFO] Tests run: 4, Failures: 0, Errors: 0, Skipped: 0, Time elapsed: 0.002 s - in com.thealgorithms.maths.CollatzConjectureTest
[08d283ab-9dde-4569-9815-1bf276cc66f8/build]   | [INFO] Running com.thealgorithms.maths.VolumeTest
[08d283ab-9dde-4569-9815-1bf276cc66f8/build]   | [INFO] Tests run: 1, Failures: 0, Errors: 0, Skipped: 0, Time elapsed: 0 s - in com.thealgorithms.maths.VolumeTest
[08d283ab-9dde-4569-9815-1bf276cc66f8/build]   | [INFO] Running com.thealgorithms.maths.FindMaxTest
[08d283ab-9dde-4569-9815-1bf276cc66f8/build]   | [INFO] Tests run: 4, Failures: 0, Errors: 0, Skipped: 0, Time elapsed: 0 s - in com.thealgorithms.maths.FindMaxTest
[08d283ab-9dde-4569-9815-1bf276cc66f8/build]   | [INFO] Running com.thealgorithms.maths.FindMinTest
[08d283ab-9dde-4569-9815-1bf276cc66f8/build]   | [INFO] Tests run: 5, Failures: 0, Errors: 0, Skipped: 0, Time elapsed: 0.001 s - in com.thealgorithms.maths.FindMinTest
[08d283ab-9dde-4569-9815-1bf276cc66f8/build]   | [INFO] Running com.thealgorithms.maths.DudeneyNumberTest
[08d283ab-9dde-4569-9815-1bf276cc66f8/build]   | [INFO] Tests run: 1, Failures: 0, Errors: 0, Skipped: 0, Time elapsed: 0.001 s - in com.thealgorithms.maths.DudeneyNumberTest
[08d283ab-9dde-4569-9815-1bf276cc66f8/build]   | [INFO] Running com.thealgorithms.maths.AliquotSumTest
[08d283ab-9dde-4569-9815-1bf276cc66f8/build]   | [INFO] Tests run: 1, Failures: 0, Errors: 0, Skipped: 0, Time elapsed: 0.001 s - in com.thealgorithms.maths.AliquotSumTest
[08d283ab-9dde-4569-9815-1bf276cc66f8/build]   | [INFO] Running com.thealgorithms.maths.GaussianTest
[08d283ab-9dde-4569-9815-1bf276cc66f8/build]   | [INFO] Tests run: 1, Failures: 0, Errors: 0, Skipped: 0, Time elapsed: 0.001 s - in com.thealgorithms.maths.GaussianTest
[08d283ab-9dde-4569-9815-1bf276cc66f8/build]   | [INFO] Running com.thealgorithms.maths.MedianTest
[08d283ab-9dde-4569-9815-1bf276cc66f8/build]   | [INFO] Tests run: 5, Failures: 0, Errors: 0, Skipped: 0, Time elapsed: 0.001 s - in com.thealgorithms.maths.MedianTest
[08d283ab-9dde-4569-9815-1bf276cc66f8/build]   | [INFO] Running com.thealgorithms.maths.SumOfDigitsTest
[08d283ab-9dde-4569-9815-1bf276cc66f8/build]   | [INFO] Tests run: 3, Failures: 0, Errors: 0, Skipped: 0, Time elapsed: 0.001 s - in com.thealgorithms.maths.SumOfDigitsTest
[08d283ab-9dde-4569-9815-1bf276cc66f8/build]   | [INFO] Running com.thealgorithms.maths.BinomialCoefficientTest
[08d283ab-9dde-4569-9815-1bf276cc66f8/build]   | [INFO] Tests run: 1, Failures: 0, Errors: 0, Skipped: 0, Time elapsed: 0 s - in com.thealgorithms.maths.BinomialCoefficientTest
[08d283ab-9dde-4569-9815-1bf276cc66f8/build]   | [INFO] Running com.thealgorithms.maths.CombinationsTest
[08d283ab-9dde-4569-9815-1bf276cc66f8/build]   | [INFO] Tests run: 2, Failures: 0, Errors: 0, Skipped: 0, Time elapsed: 0 s - in com.thealgorithms.maths.CombinationsTest
[08d283ab-9dde-4569-9815-1bf276cc66f8/build]   | [INFO] Running com.thealgorithms.maths.SumWithoutArithmeticOperatorsTest
[08d283ab-9dde-4569-9815-1bf276cc66f8/build]   | [INFO] Tests run: 5, Failures: 0, Errors: 0, Skipped: 0, Time elapsed: 0 s - in com.thealgorithms.maths.SumWithoutArithmeticOperatorsTest
[08d283ab-9dde-4569-9815-1bf276cc66f8/build]   | [INFO] Running com.thealgorithms.maths.AreaTest
[08d283ab-9dde-4569-9815-1bf276cc66f8/build]   | [INFO] Tests run: 12, Failures: 0, Errors: 0, Skipped: 0, Time elapsed: 0.009 s - in com.thealgorithms.maths.AreaTest
[08d283ab-9dde-4569-9815-1bf276cc66f8/build]   | [INFO] Running com.thealgorithms.maths.DigitalRootTest
[08d283ab-9dde-4569-9815-1bf276cc66f8/build]   | [INFO] Tests run: 1, Failures: 0, Errors: 0, Skipped: 0, Time elapsed: 0 s - in com.thealgorithms.maths.DigitalRootTest
[08d283ab-9dde-4569-9815-1bf276cc66f8/build]   | [INFO] Running com.thealgorithms.maths.GCDTest
[08d283ab-9dde-4569-9815-1bf276cc66f8/build]   | [INFO] Tests run: 10, Failures: 0, Errors: 0, Skipped: 0, Time elapsed: 0.002 s - in com.thealgorithms.maths.GCDTest
[08d283ab-9dde-4569-9815-1bf276cc66f8/build]   | [INFO] Running com.thealgorithms.maths.FastInverseSqrtTests
[08d283ab-9dde-4569-9815-1bf276cc66f8/build]   | [INFO] Tests run: 8, Failures: 0, Errors: 0, Skipped: 0, Time elapsed: 0.002 s - in com.thealgorithms.maths.FastInverseSqrtTests
[08d283ab-9dde-4569-9815-1bf276cc66f8/build]   | [INFO] Running com.thealgorithms.maths.StandardScoreTest
[08d283ab-9dde-4569-9815-1bf276cc66f8/build]   | [INFO] Tests run: 4, Failures: 0, Errors: 0, Skipped: 0, Time elapsed: 0.001 s - in com.thealgorithms.maths.StandardScoreTest
[08d283ab-9dde-4569-9815-1bf276cc66f8/build]   | [INFO] Running com.thealgorithms.maths.PythagoreanTripleTest
[08d283ab-9dde-4569-9815-1bf276cc66f8/build]   | [INFO] Tests run: 1, Failures: 0, Errors: 0, Skipped: 0, Time elapsed: 0 s - in com.thealgorithms.maths.PythagoreanTripleTest
[08d283ab-9dde-4569-9815-1bf276cc66f8/build]   | [INFO] Running com.thealgorithms.maths.LucasSeriesTest
[08d283ab-9dde-4569-9815-1bf276cc66f8/build]   | [INFO] Tests run: 4, Failures: 0, Errors: 0, Skipped: 0, Time elapsed: 0 s - in com.thealgorithms.maths.LucasSeriesTest
[08d283ab-9dde-4569-9815-1bf276cc66f8/build]   | [INFO] Running com.thealgorithms.maths.PronicNumberTest
[08d283ab-9dde-4569-9815-1bf276cc66f8/build]   | [INFO] Tests run: 2, Failures: 0, Errors: 0, Skipped: 0, Time elapsed: 0 s - in com.thealgorithms.maths.PronicNumberTest
[08d283ab-9dde-4569-9815-1bf276cc66f8/build]   | [INFO] Running com.thealgorithms.maths.LeastCommonMultipleTest
[08d283ab-9dde-4569-9815-1bf276cc66f8/build]   | [INFO] Tests run: 2, Failures: 0, Errors: 0, Skipped: 0, Time elapsed: 0 s - in com.thealgorithms.maths.LeastCommonMultipleTest
[08d283ab-9dde-4569-9815-1bf276cc66f8/build]   | [INFO] Running com.thealgorithms.conversions.DecimalToHexaDecimalTest
[08d283ab-9dde-4569-9815-1bf276cc66f8/build]   | [INFO] Tests run: 1, Failures: 0, Errors: 0, Skipped: 0, Time elapsed: 0 s - in com.thealgorithms.conversions.DecimalToHexaDecimalTest
[08d283ab-9dde-4569-9815-1bf276cc66f8/build]   | [INFO] Running com.thealgorithms.conversions.HexaDecimalToBinaryTest
[08d283ab-9dde-4569-9815-1bf276cc66f8/build]   | [INFO] Tests run: 1, Failures: 0, Errors: 0, Skipped: 0, Time elapsed: 0.001 s - in com.thealgorithms.conversions.HexaDecimalToBinaryTest
[08d283ab-9dde-4569-9815-1bf276cc66f8/build]   | [INFO] Running com.thealgorithms.conversions.OctalToDecimalTest
[08d283ab-9dde-4569-9815-1bf276cc66f8/build]   | [INFO] Tests run: 1, Failures: 0, Errors: 0, Skipped: 0, Time elapsed: 0 s - in com.thealgorithms.conversions.OctalToDecimalTest
[08d283ab-9dde-4569-9815-1bf276cc66f8/build]   | [INFO] Running com.thealgorithms.conversions.BinaryToDecimalTest
[08d283ab-9dde-4569-9815-1bf276cc66f8/build]   | [INFO] Tests run: 3, Failures: 0, Errors: 0, Skipped: 0, Time elapsed: 0.001 s - in com.thealgorithms.conversions.BinaryToDecimalTest
[08d283ab-9dde-4569-9815-1bf276cc66f8/build]   | [INFO] Running com.thealgorithms.conversions.BinaryToOctalTest
[08d283ab-9dde-4569-9815-1bf276cc66f8/build]   | [INFO] Tests run: 1, Failures: 0, Errors: 0, Skipped: 0, Time elapsed: 0.002 s - in com.thealgorithms.conversions.BinaryToOctalTest
[08d283ab-9dde-4569-9815-1bf276cc66f8/build]   | [INFO] Running com.thealgorithms.conversions.IntegerToRomanTest
[08d283ab-9dde-4569-9815-1bf276cc66f8/build]   | [INFO] Tests run: 1, Failures: 0, Errors: 0, Skipped: 0, Time elapsed: 0 s - in com.thealgorithms.conversions.IntegerToRomanTest
[08d283ab-9dde-4569-9815-1bf276cc66f8/build]   | [INFO] Running com.thealgorithms.conversions.HexToOctTest
[08d283ab-9dde-4569-9815-1bf276cc66f8/build]   | [INFO] Tests run: 1, Failures: 0, Errors: 0, Skipped: 0, Time elapsed: 0 s - in com.thealgorithms.conversions.HexToOctTest
[08d283ab-9dde-4569-9815-1bf276cc66f8/build]   | [INFO] Running com.thealgorithms.conversions.OctalToHexadecimalTest
[08d283ab-9dde-4569-9815-1bf276cc66f8/build]   | [INFO] Tests run: 1, Failures: 0, Errors: 0, Skipped: 0, Time elapsed: 0 s - in com.thealgorithms.conversions.OctalToHexadecimalTest
[08d283ab-9dde-4569-9815-1bf276cc66f8/build]   | [INFO] Running com.thealgorithms.conversions.HexaDecimalToDecimalTest
[08d283ab-9dde-4569-9815-1bf276cc66f8/build]   | [INFO] Tests run: 1, Failures: 0, Errors: 0, Skipped: 0, Time elapsed: 0 s - in com.thealgorithms.conversions.HexaDecimalToDecimalTest
[08d283ab-9dde-4569-9815-1bf276cc66f8/build]   | [INFO] Running com.thealgorithms.conversions.BinaryToHexadecimalTest
[08d283ab-9dde-4569-9815-1bf276cc66f8/build]   | [INFO] Tests run: 1, Failures: 0, Errors: 0, Skipped: 0, Time elapsed: 0.001 s - in com.thealgorithms.conversions.BinaryToHexadecimalTest
[08d283ab-9dde-4569-9815-1bf276cc66f8/build]   | [INFO] Running com.thealgorithms.conversions.RomanToIntegerTest
[08d283ab-9dde-4569-9815-1bf276cc66f8/build]   | [INFO] Tests run: 1, Failures: 0, Errors: 0, Skipped: 0, Time elapsed: 0 s - in com.thealgorithms.conversions.RomanToIntegerTest
[08d283ab-9dde-4569-9815-1bf276cc66f8/build]   | [INFO] Running com.thealgorithms.datastructures.bloomfilter.BloomFilterTest
[08d283ab-9dde-4569-9815-1bf276cc66f8/build]   | [INFO] Tests run: 2, Failures: 0, Errors: 0, Skipped: 0, Time elapsed: 0.001 s - in com.thealgorithms.datastructures.bloomfilter.BloomFilterTest
[08d283ab-9dde-4569-9815-1bf276cc66f8/build]   | [INFO] Running com.thealgorithms.datastructures.heaps.LeftistHeapTest
[08d283ab-9dde-4569-9815-1bf276cc66f8/build]   | [INFO] Tests run: 1, Failures: 0, Errors: 0, Skipped: 0, Time elapsed: 0 s - in com.thealgorithms.datastructures.heaps.LeftistHeapTest
[08d283ab-9dde-4569-9815-1bf276cc66f8/build]   | [INFO] Running com.thealgorithms.datastructures.heaps.FibonacciHeapTest
[08d283ab-9dde-4569-9815-1bf276cc66f8/build]   | [INFO] Tests run: 1, Failures: 0, Errors: 0, Skipped: 0, Time elapsed: 0 s - in com.thealgorithms.datastructures.heaps.FibonacciHeapTest
[08d283ab-9dde-4569-9815-1bf276cc66f8/build]   | [INFO] Running com.thealgorithms.datastructures.buffers.CircularBufferTest
[08d283ab-9dde-4569-9815-1bf276cc66f8/build]   | [INFO] Tests run: 1004, Failures: 0, Errors: 0, Skipped: 0, Time elapsed: 0.848 s - in com.thealgorithms.datastructures.buffers.CircularBufferTest
[08d283ab-9dde-4569-9815-1bf276cc66f8/build]   | [INFO] Running com.thealgorithms.datastructures.lists.SkipListTest
[08d283ab-9dde-4569-9815-1bf276cc66f8/build]   | [ ] --- --- --- --- 
[08d283ab-9dde-4569-9815-1bf276cc66f8/build]   | [ ] [ ] --- --- --- 
[08d283ab-9dde-4569-9815-1bf276cc66f8/build]   | [ ] [ ] --- --- --- 
[08d283ab-9dde-4569-9815-1bf276cc66f8/build]   | [ ] [ ] --- --- --- 
[08d283ab-9dde-4569-9815-1bf276cc66f8/build]   | [ ] [ ] --- --- --- 
[08d283ab-9dde-4569-9815-1bf276cc66f8/build]   | [ ] [ ] --- --- --- 
[08d283ab-9dde-4569-9815-1bf276cc66f8/build]   | [ ] [ ] [ ] --- --- 
[08d283ab-9dde-4569-9815-1bf276cc66f8/build]   | [ ] [ ] [ ] [ ] [ ] 
[08d283ab-9dde-4569-9815-1bf276cc66f8/build]   |  H   0   1   2   3
[08d283ab-9dde-4569-9815-1bf276cc66f8/build]   | 
[08d283ab-9dde-4569-9815-1bf276cc66f8/build]   | [ ] --- --- --- --- --- --- --- --- --- --- --- 
[08d283ab-9dde-4569-9815-1bf276cc66f8/build]   | [ ] --- --- --- --- --- --- --- --- --- --- --- 
[08d283ab-9dde-4569-9815-1bf276cc66f8/build]   | [ ] --- --- --- --- --- --- --- --- --- --- --- 
[08d283ab-9dde-4569-9815-1bf276cc66f8/build]   | [ ] --- [ ] --- --- --- --- --- --- --- --- --- 
[08d283ab-9dde-4569-9815-1bf276cc66f8/build]   | [ ] --- [ ] --- --- --- [ ] --- --- --- --- --- 
[08d283ab-9dde-4569-9815-1bf276cc66f8/build]   | [ ] --- [ ] --- [ ] --- [ ] --- --- --- --- --- 
[08d283ab-9dde-4569-9815-1bf276cc66f8/build]   | [ ] [ ] [ ] [ ] [ ] [ ] [ ] [ ] [ ] --- --- --- 
[08d283ab-9dde-4569-9815-1bf276cc66f8/build]   | [ ] [ ] [ ] [ ] [ ] [ ] [ ] [ ] [ ] [ ] [ ] [ ] 
[08d283ab-9dde-4569-9815-1bf276cc66f8/build]   |  H   0   1   2   3   4   5   6   7   8   9  10
[08d283ab-9dde-4569-9815-1bf276cc66f8/build]   | 
[08d283ab-9dde-4569-9815-1bf276cc66f8/build]   | [ ] --- 
[08d283ab-9dde-4569-9815-1bf276cc66f8/build]   | [ ] --- 
[08d283ab-9dde-4569-9815-1bf276cc66f8/build]   | [ ] --- 
[08d283ab-9dde-4569-9815-1bf276cc66f8/build]   | [ ] --- 
[08d283ab-9dde-4569-9815-1bf276cc66f8/build]   | [ ] [ ] 
[08d283ab-9dde-4569-9815-1bf276cc66f8/build]   | [ ] [ ] 
[08d283ab-9dde-4569-9815-1bf276cc66f8/build]   | [ ] [ ] 
[08d283ab-9dde-4569-9815-1bf276cc66f8/build]   | [ ] [ ] 
[08d283ab-9dde-4569-9815-1bf276cc66f8/build]   |  H   0
[08d283ab-9dde-4569-9815-1bf276cc66f8/build]   | 
[08d283ab-9dde-4569-9815-1bf276cc66f8/build]   | [ ] --- 
[08d283ab-9dde-4569-9815-1bf276cc66f8/build]   | [ ] --- 
[08d283ab-9dde-4569-9815-1bf276cc66f8/build]   | [ ] --- 
[08d283ab-9dde-4569-9815-1bf276cc66f8/build]   | [ ] [ ] 
[08d283ab-9dde-4569-9815-1bf276cc66f8/build]   | [ ] [ ] 
[08d283ab-9dde-4569-9815-1bf276cc66f8/build]   | [ ] [ ] 
[08d283ab-9dde-4569-9815-1bf276cc66f8/build]   | [ ] [ ] 
[08d283ab-9dde-4569-9815-1bf276cc66f8/build]   | [ ] [ ] 
[08d283ab-9dde-4569-9815-1bf276cc66f8/build]   |  H   0
[08d283ab-9dde-4569-9815-1bf276cc66f8/build]   | 
[08d283ab-9dde-4569-9815-1bf276cc66f8/build]   | [ ] --- --- --- --- --- --- --- --- --- --- --- 
[08d283ab-9dde-4569-9815-1bf276cc66f8/build]   | [ ] [ ] --- --- --- --- --- --- --- --- --- --- 
[08d283ab-9dde-4569-9815-1bf276cc66f8/build]   | [ ] [ ] --- --- --- --- --- --- --- --- --- --- 
[08d283ab-9dde-4569-9815-1bf276cc66f8/build]   | [ ] [ ] --- --- [ ] --- --- --- --- --- --- --- 
[08d283ab-9dde-4569-9815-1bf276cc66f8/build]   | [ ] [ ] --- --- [ ] --- --- --- --- --- --- --- 
[08d283ab-9dde-4569-9815-1bf276cc66f8/build]   | [ ] [ ] --- --- [ ] --- --- --- [ ] --- [ ] --- 
[08d283ab-9dde-4569-9815-1bf276cc66f8/build]   | [ ] [ ] --- --- [ ] [ ] --- --- [ ] --- [ ] --- 
[08d283ab-9dde-4569-9815-1bf276cc66f8/build]   | [ ] [ ] [ ] [ ] [ ] [ ] [ ] [ ] [ ] [ ] [ ] [ ] 
[08d283ab-9dde-4569-9815-1bf276cc66f8/build]   |  H   0   1   2   3   4   5   6   7   8   9  10
[08d283ab-9dde-4569-9815-1bf276cc66f8/build]   | 
[08d283ab-9dde-4569-9815-1bf276cc66f8/build]   | [ ] --- --- --- --- --- --- --- --- --- --- 
[08d283ab-9dde-4569-9815-1bf276cc66f8/build]   | [ ] --- --- --- --- --- --- --- --- --- --- 
[08d283ab-9dde-4569-9815-1bf276cc66f8/build]   | [ ] --- --- --- --- --- --- --- --- --- --- 
[08d283ab-9dde-4569-9815-1bf276cc66f8/build]   | [ ] --- --- [ ] --- --- --- --- --- --- --- 
[08d283ab-9dde-4569-9815-1bf276cc66f8/build]   | [ ] --- --- [ ] --- --- --- --- --- --- --- 
[08d283ab-9dde-4569-9815-1bf276cc66f8/build]   | [ ] --- --- [ ] --- --- --- [ ] --- [ ] --- 
[08d283ab-9dde-4569-9815-1bf276cc66f8/build]   | [ ] --- --- [ ] [ ] --- --- [ ] --- [ ] --- 
[08d283ab-9dde-4569-9815-1bf276cc66f8/build]   | [ ] [ ] [ ] [ ] [ ] [ ] [ ] [ ] [ ] [ ] [ ] 
[08d283ab-9dde-4569-9815-1bf276cc66f8/build]   |  H   0   1   2   3   4   5   6   7   8   9
[08d283ab-9dde-4569-9815-1bf276cc66f8/build]   | 
[08d283ab-9dde-4569-9815-1bf276cc66f8/build]   | [ ] --- --- --- --- --- --- --- --- --- --- --- 
[08d283ab-9dde-4569-9815-1bf276cc66f8/build]   | [ ] --- --- --- --- --- --- --- --- --- --- --- 
[08d283ab-9dde-4569-9815-1bf276cc66f8/build]   | [ ] --- --- --- --- --- --- --- --- --- --- --- 
[08d283ab-9dde-4569-9815-1bf276cc66f8/build]   | [ ] --- --- --- --- --- --- --- --- --- --- --- 
[08d283ab-9dde-4569-9815-1bf276cc66f8/build]   | [ ] --- [ ] --- --- --- --- --- --- --- --- --- 
[08d283ab-9dde-4569-9815-1bf276cc66f8/build]   | [ ] --- [ ] --- --- --- --- --- --- --- --- --- 
[08d283ab-9dde-4569-9815-1bf276cc66f8/build]   | [ ] [ ] [ ] --- --- [ ] --- --- --- --- --- --- 
[08d283ab-9dde-4569-9815-1bf276cc66f8/build]   | [ ] [ ] [ ] [ ] [ ] [ ] [ ] [ ] [ ] [ ] [ ] [ ] 
[08d283ab-9dde-4569-9815-1bf276cc66f8/build]   |  H   0   1   2   3   4   5   6   7   8   9  10
[08d283ab-9dde-4569-9815-1bf276cc66f8/build]   | 
[08d283ab-9dde-4569-9815-1bf276cc66f8/build]   | [ ] --- --- --- --- --- --- --- --- --- --- 
[08d283ab-9dde-4569-9815-1bf276cc66f8/build]   | [ ] --- --- --- --- --- --- --- --- --- --- 
[08d283ab-9dde-4569-9815-1bf276cc66f8/build]   | [ ] --- --- --- --- --- --- --- --- --- --- 
[08d283ab-9dde-4569-9815-1bf276cc66f8/build]   | [ ] --- --- --- --- --- --- --- --- --- --- 
[08d283ab-9dde-4569-9815-1bf276cc66f8/build]   | [ ] --- [ ] --- --- --- --- --- --- --- --- 
[08d283ab-9dde-4569-9815-1bf276cc66f8/build]   | [ ] --- [ ] --- --- --- --- --- --- --- --- 
[08d283ab-9dde-4569-9815-1bf276cc66f8/build]   | [ ] [ ] [ ] --- --- [ ] --- --- --- --- --- 
[08d283ab-9dde-4569-9815-1bf276cc66f8/build]   | [ ] [ ] [ ] [ ] [ ] [ ] [ ] [ ] [ ] [ ] [ ] 
[08d283ab-9dde-4569-9815-1bf276cc66f8/build]   |  H   0   1   2   3   4   5   6   7   8   9
[08d283ab-9dde-4569-9815-1bf276cc66f8/build]   | 
[08d283ab-9dde-4569-9815-1bf276cc66f8/build]   | [INFO] Tests run: 6, Failures: 0, Errors: 0, Skipped: 0, Time elapsed: 0.007 s - in com.thealgorithms.datastructures.lists.SkipListTest
[08d283ab-9dde-4569-9815-1bf276cc66f8/build]   | [INFO] Running com.thealgorithms.datastructures.lists.SinglyLinkedListTest
[08d283ab-9dde-4569-9815-1bf276cc66f8/build]   | [INFO] Tests run: 9, Failures: 0, Errors: 0, Skipped: 0, Time elapsed: 0.001 s - in com.thealgorithms.datastructures.lists.SinglyLinkedListTest
[08d283ab-9dde-4569-9815-1bf276cc66f8/build]   | [INFO] Running com.thealgorithms.datastructures.hashmap.HashMapCuckooHashingTest
[08d283ab-9dde-4569-9815-1bf276cc66f8/build]   | Infinite loop occurred, lengthening & rehashing table
[08d283ab-9dde-4569-9815-1bf276cc66f8/build]   | Infinite loop occurred, lengthening & rehashing table
[08d283ab-9dde-4569-9815-1bf276cc66f8/build]   | [INFO] Tests run: 8, Failures: 0, Errors: 0, Skipped: 0, Time elapsed: 0.001 s - in com.thealgorithms.datastructures.hashmap.HashMapCuckooHashingTest
[08d283ab-9dde-4569-9815-1bf276cc66f8/build]   | [INFO] Running com.thealgorithms.datastructures.hashmap.hashing.MajorityElementTest
[08d283ab-9dde-4569-9815-1bf276cc66f8/build]   | [INFO] Tests run: 4, Failures: 0, Errors: 0, Skipped: 0, Time elapsed: 0 s - in com.thealgorithms.datastructures.hashmap.hashing.MajorityElementTest
[08d283ab-9dde-4569-9815-1bf276cc66f8/build]   | [INFO] Running com.thealgorithms.datastructures.hashmap.hashing.LinearProbingHashMapTest
[08d283ab-9dde-4569-9815-1bf276cc66f8/build]   | [INFO] Tests run: 7, Failures: 0, Errors: 0, Skipped: 0, Time elapsed: 0.001 s - in com.thealgorithms.datastructures.hashmap.hashing.LinearProbingHashMapTest
[08d283ab-9dde-4569-9815-1bf276cc66f8/build]   | [INFO] Running com.thealgorithms.datastructures.hashmap.hashing.GenericHashMapUsingArrayListTest
[08d283ab-9dde-4569-9815-1bf276cc66f8/build]   | [INFO] Tests run: 3, Failures: 0, Errors: 0, Skipped: 0, Time elapsed: 0.001 s - in com.thealgorithms.datastructures.hashmap.hashing.GenericHashMapUsingArrayListTest
[08d283ab-9dde-4569-9815-1bf276cc66f8/build]   | [INFO] Running com.thealgorithms.datastructures.hashmap.hashing.GenericHashMapUsingArrayTest
[08d283ab-9dde-4569-9815-1bf276cc66f8/build]   | [INFO] Tests run: 3, Failures: 0, Errors: 0, Skipped: 0, Time elapsed: 0.001 s - in com.thealgorithms.datastructures.hashmap.hashing.GenericHashMapUsingArrayTest
[08d283ab-9dde-4569-9815-1bf276cc66f8/build]   | [INFO] Running com.thealgorithms.datastructures.queues.PriorityQueuesTest
[08d283ab-9dde-4569-9815-1bf276cc66f8/build]   | [INFO] Tests run: 3, Failures: 0, Errors: 0, Skipped: 0, Time elapsed: 0.001 s - in com.thealgorithms.datastructures.queues.PriorityQueuesTest
[08d283ab-9dde-4569-9815-1bf276cc66f8/build]   | [INFO] Running com.thealgorithms.datastructures.queues.LinkedQueueTest
[08d283ab-9dde-4569-9815-1bf276cc66f8/build]   | [INFO] Tests run: 1, Failures: 0, Errors: 0, Skipped: 0, Time elapsed: 0 s - in com.thealgorithms.datastructures.queues.LinkedQueueTest
[08d283ab-9dde-4569-9815-1bf276cc66f8/build]   | [INFO] Running com.thealgorithms.datastructures.caches.MRUCacheTest
[08d283ab-9dde-4569-9815-1bf276cc66f8/build]   | [INFO] Tests run: 4, Failures: 0, Errors: 0, Skipped: 0, Time elapsed: 0.002 s - in com.thealgorithms.datastructures.caches.MRUCacheTest
[08d283ab-9dde-4569-9815-1bf276cc66f8/build]   | [INFO] Running com.thealgorithms.datastructures.caches.LRUCacheTest
[08d283ab-9dde-4569-9815-1bf276cc66f8/build]   | [INFO] Tests run: 4, Failures: 0, Errors: 0, Skipped: 0, Time elapsed: 0.001 s - in com.thealgorithms.datastructures.caches.LRUCacheTest
[08d283ab-9dde-4569-9815-1bf276cc66f8/build]   | [INFO] Running com.thealgorithms.datastructures.caches.LFUCacheTest
[08d283ab-9dde-4569-9815-1bf276cc66f8/build]   | [INFO] Tests run: 3, Failures: 0, Errors: 0, Skipped: 0, Time elapsed: 0.001 s - in com.thealgorithms.datastructures.caches.LFUCacheTest
[08d283ab-9dde-4569-9815-1bf276cc66f8/build]   | [INFO] Running com.thealgorithms.datastructures.graphs.TarjansAlgorithmTest
[08d283ab-9dde-4569-9815-1bf276cc66f8/build]   | [INFO] Tests run: 2, Failures: 0, Errors: 0, Skipped: 0, Time elapsed: 0.001 s - in com.thealgorithms.datastructures.graphs.TarjansAlgorithmTest
[08d283ab-9dde-4569-9815-1bf276cc66f8/build]   | [INFO] Running com.thealgorithms.datastructures.graphs.HamiltonianCycleTest
[08d283ab-9dde-4569-9815-1bf276cc66f8/build]   | [INFO] Tests run: 2, Failures: 0, Errors: 0, Skipped: 0, Time elapsed: 0.001 s - in com.thealgorithms.datastructures.graphs.HamiltonianCycleTest
[08d283ab-9dde-4569-9815-1bf276cc66f8/build]   | [INFO] Running com.thealgorithms.datastructures.graphs.KosarajuTest
[08d283ab-9dde-4569-9815-1bf276cc66f8/build]   | [INFO] Tests run: 2, Failures: 0, Errors: 0, Skipped: 0, Time elapsed: 0.001 s - in com.thealgorithms.datastructures.graphs.KosarajuTest
[08d283ab-9dde-4569-9815-1bf276cc66f8/build]   | [INFO] Running com.thealgorithms.datastructures.trees.SameTreesCheckTest
[08d283ab-9dde-4569-9815-1bf276cc66f8/build]   | [INFO] Tests run: 6, Failures: 0, Errors: 0, Skipped: 0, Time elapsed: 0 s - in com.thealgorithms.datastructures.trees.SameTreesCheckTest
[08d283ab-9dde-4569-9815-1bf276cc66f8/build]   | [INFO] Running com.thealgorithms.datastructures.trees.CheckBinaryTreeIsValidBSTTest
[08d283ab-9dde-4569-9815-1bf276cc66f8/build]   | [INFO] Tests run: 5, Failures: 0, Errors: 0, Skipped: 0, Time elapsed: 0.001 s - in com.thealgorithms.datastructures.trees.CheckBinaryTreeIsValidBSTTest
[08d283ab-9dde-4569-9815-1bf276cc66f8/build]   | [INFO] Running com.thealgorithms.datastructures.trees.LazySegmentTreeTest
[08d283ab-9dde-4569-9815-1bf276cc66f8/build]   | [INFO] Tests run: 4, Failures: 0, Errors: 0, Skipped: 0, Time elapsed: 0.003 s - in com.thealgorithms.datastructures.trees.LazySegmentTreeTest
[08d283ab-9dde-4569-9815-1bf276cc66f8/build]   | [INFO] Running com.thealgorithms.datastructures.trees.KDTreeTest
[08d283ab-9dde-4569-9815-1bf276cc66f8/build]   | [INFO] Tests run: 3, Failures: 0, Errors: 0, Skipped: 0, Time elapsed: 0.005 s - in com.thealgorithms.datastructures.trees.KDTreeTest
[08d283ab-9dde-4569-9815-1bf276cc66f8/build]   | [INFO] Running com.thealgorithms.datastructures.trees.PostOrderTraversalTest
[08d283ab-9dde-4569-9815-1bf276cc66f8/build]   | [INFO] Tests run: 3, Failures: 0, Errors: 0, Skipped: 0, Time elapsed: 0.001 s - in com.thealgorithms.datastructures.trees.PostOrderTraversalTest
[08d283ab-9dde-4569-9815-1bf276cc66f8/build]   | [INFO] Running com.thealgorithms.datastructures.trees.BSTFromSortedArrayTest
[08d283ab-9dde-4569-9815-1bf276cc66f8/build]   | [INFO] Tests run: 6, Failures: 0, Errors: 0, Skipped: 0, Time elapsed: 0.001 s - in com.thealgorithms.datastructures.trees.BSTFromSortedArrayTest
[08d283ab-9dde-4569-9815-1bf276cc66f8/build]   | [INFO] Running com.thealgorithms.datastructures.trees.InorderTraversalTest
[08d283ab-9dde-4569-9815-1bf276cc66f8/build]   | [INFO] Tests run: 3, Failures: 0, Errors: 0, Skipped: 0, Time elapsed: 0.001 s - in com.thealgorithms.datastructures.trees.InorderTraversalTest
[08d283ab-9dde-4569-9815-1bf276cc66f8/build]   | [INFO] Running com.thealgorithms.datastructures.trees.BSTRecursiveTest
[08d283ab-9dde-4569-9815-1bf276cc66f8/build]   | [INFO] Tests run: 4, Failures: 0, Errors: 0, Skipped: 0, Time elapsed: 0 s - in com.thealgorithms.datastructures.trees.BSTRecursiveTest
[08d283ab-9dde-4569-9815-1bf276cc66f8/build]   | [INFO] Running com.thealgorithms.datastructures.trees.BSTIterativeTest
[08d283ab-9dde-4569-9815-1bf276cc66f8/build]   | [INFO] Tests run: 4, Failures: 0, Errors: 0, Skipped: 0, Time elapsed: 0.001 s - in com.thealgorithms.datastructures.trees.BSTIterativeTest
[08d283ab-9dde-4569-9815-1bf276cc66f8/build]   | [INFO] Running com.thealgorithms.datastructures.trees.VerticalOrderTraversalTest
[08d283ab-9dde-4569-9815-1bf276cc66f8/build]   | [INFO] Tests run: 4, Failures: 0, Errors: 0, Skipped: 0, Time elapsed: 0.001 s - in com.thealgorithms.datastructures.trees.VerticalOrderTraversalTest
[08d283ab-9dde-4569-9815-1bf276cc66f8/build]   | [INFO] Running com.thealgorithms.datastructures.trees.ZigzagTraversalTest
[08d283ab-9dde-4569-9815-1bf276cc66f8/build]   | [INFO] Tests run: 4, Failures: 0, Errors: 0, Skipped: 0, Time elapsed: 0 s - in com.thealgorithms.datastructures.trees.ZigzagTraversalTest
[08d283ab-9dde-4569-9815-1bf276cc66f8/build]   | [INFO] Running com.thealgorithms.datastructures.trees.CeilInBinarySearchTreeTest
[08d283ab-9dde-4569-9815-1bf276cc66f8/build]   | [INFO] Tests run: 7, Failures: 0, Errors: 0, Skipped: 0, Time elapsed: 0 s - in com.thealgorithms.datastructures.trees.CeilInBinarySearchTreeTest
[08d283ab-9dde-4569-9815-1bf276cc66f8/build]   | [INFO] Running com.thealgorithms.datastructures.trees.CheckTreeIsSymmetricTest
[08d283ab-9dde-4569-9815-1bf276cc66f8/build]   | [INFO] Tests run: 4, Failures: 0, Errors: 0, Skipped: 0, Time elapsed: 0 s - in com.thealgorithms.datastructures.trees.CheckTreeIsSymmetricTest
[08d283ab-9dde-4569-9815-1bf276cc66f8/build]   | [INFO] Running com.thealgorithms.datastructures.trees.BinaryTreeTest
[08d283ab-9dde-4569-9815-1bf276cc66f8/build]   | 12 3 5 7 9 12 3 5 7 9 12 12 9 7 5 3 [INFO] Tests run: 4, Failures: 0, Errors: 0, Skipped: 0, Time elapsed: 0.001 s - in com.thealgorithms.datastructures.trees.BinaryTreeTest
[08d283ab-9dde-4569-9815-1bf276cc66f8/build]   | [INFO] Running com.thealgorithms.datastructures.trees.LevelOrderTraversalTest
[08d283ab-9dde-4569-9815-1bf276cc66f8/build]   | [INFO] Tests run: 4, Failures: 0, Errors: 0, Skipped: 0, Time elapsed: 0.001 s - in com.thealgorithms.datastructures.trees.LevelOrderTraversalTest
[08d283ab-9dde-4569-9815-1bf276cc66f8/build]   | [INFO] Running com.thealgorithms.datastructures.trees.CreateBinaryTreeFromInorderPreorderTest
[08d283ab-9dde-4569-9815-1bf276cc66f8/build]   | [INFO] Tests run: 6, Failures: 0, Errors: 0, Skipped: 0, Time elapsed: 0.001 s - in com.thealgorithms.datastructures.trees.CreateBinaryTreeFromInorderPreorderTest
[08d283ab-9dde-4569-9815-1bf276cc66f8/build]   | [INFO] Running com.thealgorithms.datastructures.trees.PreOrderTraversalTest
[08d283ab-9dde-4569-9815-1bf276cc66f8/build]   | [INFO] Tests run: 3, Failures: 0, Errors: 0, Skipped: 0, Time elapsed: 0 s - in com.thealgorithms.datastructures.trees.PreOrderTraversalTest
[08d283ab-9dde-4569-9815-1bf276cc66f8/build]   | [INFO] Running com.thealgorithms.searches.BinarySearch2dArrayTest
[08d283ab-9dde-4569-9815-1bf276cc66f8/build]   | [1, 2]
[08d283ab-9dde-4569-9815-1bf276cc66f8/build]   | [1, 3]
[08d283ab-9dde-4569-9815-1bf276cc66f8/build]   | [2, 1]
[08d283ab-9dde-4569-9815-1bf276cc66f8/build]   | [0, 1]
[08d283ab-9dde-4569-9815-1bf276cc66f8/build]   | [1, 1]
[08d283ab-9dde-4569-9815-1bf276cc66f8/build]   | [0, 1]
[08d283ab-9dde-4569-9815-1bf276cc66f8/build]   | [-1, -1]
[08d283ab-9dde-4569-9815-1bf276cc66f8/build]   | [2, 2]
[08d283ab-9dde-4569-9815-1bf276cc66f8/build]   | [0, 2]
[08d283ab-9dde-4569-9815-1bf276cc66f8/build]   | [0, 0]
[08d283ab-9dde-4569-9815-1bf276cc66f8/build]   | [INFO] Tests run: 11, Failures: 0, Errors: 0, Skipped: 0, Time elapsed: 0.003 s - in com.thealgorithms.searches.BinarySearch2dArrayTest
[08d283ab-9dde-4569-9815-1bf276cc66f8/build]   | [INFO] Running com.thealgorithms.searches.QuickSelectTest
[08d283ab-9dde-4569-9815-1bf276cc66f8/build]   | [INFO] Tests run: 21, Failures: 0, Errors: 0, Skipped: 0, Time elapsed: 0.014 s - in com.thealgorithms.searches.QuickSelectTest
[08d283ab-9dde-4569-9815-1bf276cc66f8/build]   | [INFO] Running com.thealgorithms.searches.sortOrderAgnosticBinarySearchTest
[08d283ab-9dde-4569-9815-1bf276cc66f8/build]   | [INFO] Tests run: 2, Failures: 0, Errors: 0, Skipped: 0, Time elapsed: 0 s - in com.thealgorithms.searches.sortOrderAgnosticBinarySearchTest
[08d283ab-9dde-4569-9815-1bf276cc66f8/build]   | [INFO] Running com.thealgorithms.searches.KMPSearchTest
[08d283ab-9dde-4569-9815-1bf276cc66f8/build]   | Found pattern at index 10
[08d283ab-9dde-4569-9815-1bf276cc66f8/build]   | 10
[08d283ab-9dde-4569-9815-1bf276cc66f8/build]   | No pattern found
[08d283ab-9dde-4569-9815-1bf276cc66f8/build]   | -1
[08d283ab-9dde-4569-9815-1bf276cc66f8/build]   | Found pattern at index 4
[08d283ab-9dde-4569-9815-1bf276cc66f8/build]   | 4
[08d283ab-9dde-4569-9815-1bf276cc66f8/build]   | Found pattern at index 0
[08d283ab-9dde-4569-9815-1bf276cc66f8/build]   | 0
[08d283ab-9dde-4569-9815-1bf276cc66f8/build]   | Found pattern at index 4
[08d283ab-9dde-4569-9815-1bf276cc66f8/build]   | 4
[08d283ab-9dde-4569-9815-1bf276cc66f8/build]   | [INFO] Tests run: 5, Failures: 0, Errors: 0, Skipped: 0, Time elapsed: 0.002 s - in com.thealgorithms.searches.KMPSearchTest
[08d283ab-9dde-4569-9815-1bf276cc66f8/build]   | [INFO] Running com.thealgorithms.searches.RabinKarpAlgorithmTest
[08d283ab-9dde-4569-9815-1bf276cc66f8/build]   | Pattern found at index 34
[08d283ab-9dde-4569-9815-1bf276cc66f8/build]   | Pattern found at index 8
[08d283ab-9dde-4569-9815-1bf276cc66f8/build]   | Pattern found at index 3
[08d283ab-9dde-4569-9815-1bf276cc66f8/build]   | Pattern found at index 0
[08d283ab-9dde-4569-9815-1bf276cc66f8/build]   | [INFO] Tests run: 5, Failures: 0, Errors: 0, Skipped: 0, Time elapsed: 0.001 s - in com.thealgorithms.searches.RabinKarpAlgorithmTest
[08d283ab-9dde-4569-9815-1bf276cc66f8/build]   | [INFO] Running com.thealgorithms.searches.HowManyTimesRotatedTest
[08d283ab-9dde-4569-9815-1bf276cc66f8/build]   | [INFO] Tests run: 1, Failures: 0, Errors: 0, Skipped: 0, Time elapsed: 0 s - in com.thealgorithms.searches.HowManyTimesRotatedTest
[08d283ab-9dde-4569-9815-1bf276cc66f8/build]   | [INFO] Running com.thealgorithms.searches.BreadthFirstSearchTest
[08d283ab-9dde-4569-9815-1bf276cc66f8/build]   | [INFO] Tests run: 3, Failures: 0, Errors: 0, Skipped: 0, Time elapsed: 0.001 s - in com.thealgorithms.searches.BreadthFirstSearchTest
[08d283ab-9dde-4569-9815-1bf276cc66f8/build]   | [INFO] Running com.thealgorithms.searches.OrderAgnosticBinarySearchTest
[08d283ab-9dde-4569-9815-1bf276cc66f8/build]   | 4
[08d283ab-9dde-4569-9815-1bf276cc66f8/build]   | 2
[08d283ab-9dde-4569-9815-1bf276cc66f8/build]   | 4
[08d283ab-9dde-4569-9815-1bf276cc66f8/build]   | 0
[08d283ab-9dde-4569-9815-1bf276cc66f8/build]   | 0
[08d283ab-9dde-4569-9815-1bf276cc66f8/build]   | -1
[08d283ab-9dde-4569-9815-1bf276cc66f8/build]   | [INFO] Tests run: 6, Failures: 0, Errors: 0, Skipped: 0, Time elapsed: 0.002 s - in com.thealgorithms.searches.OrderAgnosticBinarySearchTest
[08d283ab-9dde-4569-9815-1bf276cc66f8/build]   | [INFO] Running com.thealgorithms.searches.RowColumnWiseSorted2dArrayBinarySearchTest
[08d283ab-9dde-4569-9815-1bf276cc66f8/build]   | [INFO] Tests run: 7, Failures: 0, Errors: 0, Skipped: 0, Time elapsed: 0.001 s - in com.thealgorithms.searches.RowColumnWiseSorted2dArrayBinarySearchTest
[08d283ab-9dde-4569-9815-1bf276cc66f8/build]   | [INFO] Running com.thealgorithms.searches.TestSearchInARowAndColWiseSortedMatrix
[08d283ab-9dde-4569-9815-1bf276cc66f8/build]   | [INFO] Tests run: 2, Failures: 0, Errors: 0, Skipped: 0, Time elapsed: 0 s - in com.thealgorithms.searches.TestSearchInARowAndColWiseSortedMatrix
[08d283ab-9dde-4569-9815-1bf276cc66f8/build]   | [INFO] 
[08d283ab-9dde-4569-9815-1bf276cc66f8/build]   | [INFO] Results:
[08d283ab-9dde-4569-9815-1bf276cc66f8/build]   | [INFO] 
[08d283ab-9dde-4569-9815-1bf276cc66f8/build]   | [INFO] Tests run: 3851, Failures: 0, Errors: 0, Skipped: 0
[08d283ab-9dde-4569-9815-1bf276cc66f8/build]   | [INFO] 
[08d283ab-9dde-4569-9815-1bf276cc66f8/build]   | [INFO] 
[08d283ab-9dde-4569-9815-1bf276cc66f8/build]   | [INFO] --- maven-jar-plugin:2.4:jar (default-jar) @ Java ---
[08d283ab-9dde-4569-9815-1bf276cc66f8/build]   | [INFO] Downloading from central: https://repo.maven.apache.org/maven2/org/apache/maven/maven-archiver/2.5/maven-archiver-2.5.pom
[08d283ab-9dde-4569-9815-1bf276cc66f8/build]   | [INFO] Downloaded from central: https://repo.maven.apache.org/maven2/org/apache/maven/maven-archiver/2.5/maven-archiver-2.5.pom (4.5 kB at 648 kB/s)
[08d283ab-9dde-4569-9815-1bf276cc66f8/build]   | [INFO] Downloading from central: https://repo.maven.apache.org/maven2/org/codehaus/plexus/plexus-archiver/2.1/plexus-archiver-2.1.pom
[08d283ab-9dde-4569-9815-1bf276cc66f8/build]   | [INFO] Downloaded from central: https://repo.maven.apache.org/maven2/org/codehaus/plexus/plexus-archiver/2.1/plexus-archiver-2.1.pom (2.8 kB at 468 kB/s)
[08d283ab-9dde-4569-9815-1bf276cc66f8/build]   | [INFO] Downloading from central: https://repo.maven.apache.org/maven2/org/sonatype/spice/spice-parent/17/spice-parent-17.pom
[08d283ab-9dde-4569-9815-1bf276cc66f8/build]   | [INFO] Downloaded from central: https://repo.maven.apache.org/maven2/org/sonatype/spice/spice-parent/17/spice-parent-17.pom (6.8 kB at 1.1 MB/s)
[08d283ab-9dde-4569-9815-1bf276cc66f8/build]   | [INFO] Downloading from central: https://repo.maven.apache.org/maven2/org/codehaus/plexus/plexus-utils/3.0/plexus-utils-3.0.pom
[08d283ab-9dde-4569-9815-1bf276cc66f8/build]   | [INFO] Downloaded from central: https://repo.maven.apache.org/maven2/org/codehaus/plexus/plexus-utils/3.0/plexus-utils-3.0.pom (4.1 kB at 813 kB/s)
[08d283ab-9dde-4569-9815-1bf276cc66f8/build]   | [INFO] Downloading from central: https://repo.maven.apache.org/maven2/org/sonatype/spice/spice-parent/16/spice-parent-16.pom
[08d283ab-9dde-4569-9815-1bf276cc66f8/build]   | [INFO] Downloaded from central: https://repo.maven.apache.org/maven2/org/sonatype/spice/spice-parent/16/spice-parent-16.pom (8.4 kB at 1.7 MB/s)
[08d283ab-9dde-4569-9815-1bf276cc66f8/build]   | [INFO] Downloading from central: https://repo.maven.apache.org/maven2/org/sonatype/forge/forge-parent/5/forge-parent-5.pom
[08d283ab-9dde-4569-9815-1bf276cc66f8/build]   | [INFO] Downloaded from central: https://repo.maven.apache.org/maven2/org/sonatype/forge/forge-parent/5/forge-parent-5.pom (8.4 kB at 1.4 MB/s)
[08d283ab-9dde-4569-9815-1bf276cc66f8/build]   | [INFO] Downloading from central: https://repo.maven.apache.org/maven2/org/codehaus/plexus/plexus-io/2.0.2/plexus-io-2.0.2.pom
[08d283ab-9dde-4569-9815-1bf276cc66f8/build]   | [INFO] Downloaded from central: https://repo.maven.apache.org/maven2/org/codehaus/plexus/plexus-io/2.0.2/plexus-io-2.0.2.pom (1.7 kB at 347 kB/s)
[08d283ab-9dde-4569-9815-1bf276cc66f8/build]   | [INFO] Downloading from central: https://repo.maven.apache.org/maven2/org/codehaus/plexus/plexus-components/1.1.19/plexus-components-1.1.19.pom
[08d283ab-9dde-4569-9815-1bf276cc66f8/build]   | [INFO] Downloaded from central: https://repo.maven.apache.org/maven2/org/codehaus/plexus/plexus-components/1.1.19/plexus-components-1.1.19.pom (2.7 kB at 540 kB/s)
[08d283ab-9dde-4569-9815-1bf276cc66f8/build]   | [INFO] Downloading from central: https://repo.maven.apache.org/maven2/org/codehaus/plexus/plexus/3.0.1/plexus-3.0.1.pom
[08d283ab-9dde-4569-9815-1bf276cc66f8/build]   | [INFO] Downloaded from central: https://repo.maven.apache.org/maven2/org/codehaus/plexus/plexus/3.0.1/plexus-3.0.1.pom (19 kB at 3.7 MB/s)
[08d283ab-9dde-4569-9815-1bf276cc66f8/build]   | [INFO] Downloading from central: https://repo.maven.apache.org/maven2/org/codehaus/plexus/plexus-interpolation/1.15/plexus-interpolation-1.15.pom
[08d283ab-9dde-4569-9815-1bf276cc66f8/build]   | [INFO] Downloaded from central: https://repo.maven.apache.org/maven2/org/codehaus/plexus/plexus-interpolation/1.15/plexus-interpolation-1.15.pom (1.0 kB at 204 kB/s)
[08d283ab-9dde-4569-9815-1bf276cc66f8/build]   | [INFO] Downloading from central: https://repo.maven.apache.org/maven2/commons-lang/commons-lang/2.1/commons-lang-2.1.pom
[08d283ab-9dde-4569-9815-1bf276cc66f8/build]   | [INFO] Downloaded from central: https://repo.maven.apache.org/maven2/commons-lang/commons-lang/2.1/commons-lang-2.1.pom (9.9 kB at 2.0 MB/s)
[08d283ab-9dde-4569-9815-1bf276cc66f8/build]   | [INFO] Downloading from central: https://repo.maven.apache.org/maven2/classworlds/classworlds/1.1-alpha-2/classworlds-1.1-alpha-2.jar
[08d283ab-9dde-4569-9815-1bf276cc66f8/build]   | [INFO] Downloading from central: https://repo.maven.apache.org/maven2/org/apache/maven/maven-archiver/2.5/maven-archiver-2.5.jar
[08d283ab-9dde-4569-9815-1bf276cc66f8/build]   | [INFO] Downloading from central: https://repo.maven.apache.org/maven2/org/codehaus/plexus/plexus-interpolation/1.15/plexus-interpolation-1.15.jar
[08d283ab-9dde-4569-9815-1bf276cc66f8/build]   | [INFO] Downloading from central: https://repo.maven.apache.org/maven2/org/codehaus/plexus/plexus-archiver/2.1/plexus-archiver-2.1.jar
[08d283ab-9dde-4569-9815-1bf276cc66f8/build]   | [INFO] Downloading from central: https://repo.maven.apache.org/maven2/org/codehaus/plexus/plexus-io/2.0.2/plexus-io-2.0.2.jar
[08d283ab-9dde-4569-9815-1bf276cc66f8/build]   | [INFO] Downloaded from central: https://repo.maven.apache.org/maven2/org/codehaus/plexus/plexus-io/2.0.2/plexus-io-2.0.2.jar (58 kB at 7.3 MB/s)
[08d283ab-9dde-4569-9815-1bf276cc66f8/build]   | [INFO] Downloaded from central: https://repo.maven.apache.org/maven2/classworlds/classworlds/1.1-alpha-2/classworlds-1.1-alpha-2.jar (38 kB at 4.2 MB/s)
[08d283ab-9dde-4569-9815-1bf276cc66f8/build]   | [INFO] Downloading from central: https://repo.maven.apache.org/maven2/commons-lang/commons-lang/2.1/commons-lang-2.1.jar
[08d283ab-9dde-4569-9815-1bf276cc66f8/build]   | [INFO] Downloading from central: https://repo.maven.apache.org/maven2/org/codehaus/plexus/plexus-utils/3.0/plexus-utils-3.0.jar
[08d283ab-9dde-4569-9815-1bf276cc66f8/build]   | [INFO] Downloaded from central: https://repo.maven.apache.org/maven2/org/codehaus/plexus/plexus-interpolation/1.15/plexus-interpolation-1.15.jar (60 kB at 6.0 MB/s)
[08d283ab-9dde-4569-9815-1bf276cc66f8/build]   | [INFO] Downloaded from central: https://repo.maven.apache.org/maven2/org/apache/maven/maven-archiver/2.5/maven-archiver-2.5.jar (22 kB at 2.0 MB/s)
[08d283ab-9dde-4569-9815-1bf276cc66f8/build]   | [INFO] Downloaded from central: https://repo.maven.apache.org/maven2/org/codehaus/plexus/plexus-archiver/2.1/plexus-archiver-2.1.jar (184 kB at 13 MB/s)
[08d283ab-9dde-4569-9815-1bf276cc66f8/build]   | [INFO] Downloaded from central: https://repo.maven.apache.org/maven2/org/codehaus/plexus/plexus-utils/3.0/plexus-utils-3.0.jar (226 kB at 13 MB/s)
[08d283ab-9dde-4569-9815-1bf276cc66f8/build]   | [INFO] Downloaded from central: https://repo.maven.apache.org/maven2/commons-lang/commons-lang/2.1/commons-lang-2.1.jar (208 kB at 11 MB/s)
[08d283ab-9dde-4569-9815-1bf276cc66f8/build]   | [INFO] Building jar: /tmp/8bf41f7b-52e5-42af-98af-fa2f98d23087/target/Java-1.0-SNAPSHOT.jar
[08d283ab-9dde-4569-9815-1bf276cc66f8/build]   | [INFO] ------------------------------------------------------------------------
[08d283ab-9dde-4569-9815-1bf276cc66f8/build]   | [INFO] BUILD SUCCESS
[08d283ab-9dde-4569-9815-1bf276cc66f8/build]   | [INFO] ------------------------------------------------------------------------
[08d283ab-9dde-4569-9815-1bf276cc66f8/build]   | [INFO] Total time:  47.564 s
[08d283ab-9dde-4569-9815-1bf276cc66f8/build]   | [INFO] Finished at: 2023-11-27T02:50:43Z
[08d283ab-9dde-4569-9815-1bf276cc66f8/build]   | [INFO] ------------------------------------------------------------------------
[08d283ab-9dde-4569-9815-1bf276cc66f8/build]   ‚úÖ  Success - Main Build with Maven
[08d283ab-9dde-4569-9815-1bf276cc66f8/build] unable to get git ref: failed to identify reference (tag/branch) for the checked-out revision '96c1a96647c947f8f0c531ade3bc18967359e0ea'
[08d283ab-9dde-4569-9815-1bf276cc66f8/build] unable to get git ref: failed to identify reference (tag/branch) for the checked-out revision '96c1a96647c947f8f0c531ade3bc18967359e0ea'
[08d283ab-9dde-4569-9815-1bf276cc66f8/build] unable to get git ref: failed to identify reference (tag/branch) for the checked-out revision '96c1a96647c947f8f0c531ade3bc18967359e0ea'
[08d283ab-9dde-4569-9815-1bf276cc66f8/build] unable to get git ref: failed to identify reference (tag/branch) for the checked-out revision '96c1a96647c947f8f0c531ade3bc18967359e0ea'
[08d283ab-9dde-4569-9815-1bf276cc66f8/build] unable to get git ref: failed to identify reference (tag/branch) for the checked-out revision '96c1a96647c947f8f0c531ade3bc18967359e0ea'
[08d283ab-9dde-4569-9815-1bf276cc66f8/build] ‚≠ê Run Post Set up JDK 17
[08d283ab-9dde-4569-9815-1bf276cc66f8/build]   üê≥  docker exec cmd=[node /var/run/act/actions/actions-setup-java@v2/dist/cleanup/index.js] user= workdir=
[08d283ab-9dde-4569-9815-1bf276cc66f8/build]   ‚úÖ  Success - Post Set up JDK 17
[08d283ab-9dde-4569-9815-1bf276cc66f8/build] üèÅ  Job succeeded
[08d283ab-9dde-4569-9815-1bf276cc66f8/build] unable to get git ref: failed to identify reference (tag/branch) for the checked-out revision '96c1a96647c947f8f0c531ade3bc18967359e0ea'
