[b25e5e83-6073-40aa-a54d-12706a82790c/build] 🚀  Start image=gitbugactions:latest
[b25e5e83-6073-40aa-a54d-12706a82790c/build]   🐳  docker pull image=gitbugactions:latest platform= username= forcePull=false
[b25e5e83-6073-40aa-a54d-12706a82790c/build]   🐳  docker create image=gitbugactions:latest platform= entrypoint=["tail" "-f" "/dev/null"] cmd=[]
[b25e5e83-6073-40aa-a54d-12706a82790c/build]   🐳  docker run image=gitbugactions:latest platform= entrypoint=["tail" "-f" "/dev/null"] cmd=[]
[b25e5e83-6073-40aa-a54d-12706a82790c/build]   🐳  docker exec cmd=[chown -R 1012:1013 /tmp/30b63549-b4c7-41d3-9ede-8266e13efa15] user=0 workdir=
[b25e5e83-6073-40aa-a54d-12706a82790c/build] unable to get git ref: failed to identify reference (tag/branch) for the checked-out revision 'eb28cfa8e5cff83c249b830d468458bd6f369036'
[b25e5e83-6073-40aa-a54d-12706a82790c/build] unable to get git ref: failed to identify reference (tag/branch) for the checked-out revision 'eb28cfa8e5cff83c249b830d468458bd6f369036'
[b25e5e83-6073-40aa-a54d-12706a82790c/build] unable to get git ref: failed to identify reference (tag/branch) for the checked-out revision 'eb28cfa8e5cff83c249b830d468458bd6f369036'
[b25e5e83-6073-40aa-a54d-12706a82790c/build] unable to get git ref: failed to identify reference (tag/branch) for the checked-out revision 'eb28cfa8e5cff83c249b830d468458bd6f369036'
[b25e5e83-6073-40aa-a54d-12706a82790c/build] unable to get git ref: failed to identify reference (tag/branch) for the checked-out revision 'eb28cfa8e5cff83c249b830d468458bd6f369036'
[b25e5e83-6073-40aa-a54d-12706a82790c/build] unable to get git ref: failed to identify reference (tag/branch) for the checked-out revision 'eb28cfa8e5cff83c249b830d468458bd6f369036'
[b25e5e83-6073-40aa-a54d-12706a82790c/build] unable to get git ref: failed to identify reference (tag/branch) for the checked-out revision 'eb28cfa8e5cff83c249b830d468458bd6f369036'
[b25e5e83-6073-40aa-a54d-12706a82790c/build] unable to get git ref: failed to identify reference (tag/branch) for the checked-out revision 'eb28cfa8e5cff83c249b830d468458bd6f369036'
[b25e5e83-6073-40aa-a54d-12706a82790c/build] unable to get git ref: failed to identify reference (tag/branch) for the checked-out revision 'eb28cfa8e5cff83c249b830d468458bd6f369036'
[b25e5e83-6073-40aa-a54d-12706a82790c/build] ⭐ Run Main actions/checkout@v2
[b25e5e83-6073-40aa-a54d-12706a82790c/build] unable to get git ref: failed to identify reference (tag/branch) for the checked-out revision 'eb28cfa8e5cff83c249b830d468458bd6f369036'
[b25e5e83-6073-40aa-a54d-12706a82790c/build] unable to get git ref: failed to identify reference (tag/branch) for the checked-out revision 'eb28cfa8e5cff83c249b830d468458bd6f369036'
[b25e5e83-6073-40aa-a54d-12706a82790c/build]   🐳  docker cp src=/tmp/30b63549-b4c7-41d3-9ede-8266e13efa15/. dst=/tmp/30b63549-b4c7-41d3-9ede-8266e13efa15
[b25e5e83-6073-40aa-a54d-12706a82790c/build]   🐳  docker exec cmd=[chown -R 1012:1013 /tmp/30b63549-b4c7-41d3-9ede-8266e13efa15] user=0 workdir=
[b25e5e83-6073-40aa-a54d-12706a82790c/build]   ✅  Success - Main actions/checkout@v2
[b25e5e83-6073-40aa-a54d-12706a82790c/build] unable to get git ref: failed to identify reference (tag/branch) for the checked-out revision 'eb28cfa8e5cff83c249b830d468458bd6f369036'
[b25e5e83-6073-40aa-a54d-12706a82790c/build] unable to get git ref: failed to identify reference (tag/branch) for the checked-out revision 'eb28cfa8e5cff83c249b830d468458bd6f369036'
[b25e5e83-6073-40aa-a54d-12706a82790c/build] unable to get git ref: failed to identify reference (tag/branch) for the checked-out revision 'eb28cfa8e5cff83c249b830d468458bd6f369036'
[b25e5e83-6073-40aa-a54d-12706a82790c/build] unable to get git ref: failed to identify reference (tag/branch) for the checked-out revision 'eb28cfa8e5cff83c249b830d468458bd6f369036'
[b25e5e83-6073-40aa-a54d-12706a82790c/build] unable to get git ref: failed to identify reference (tag/branch) for the checked-out revision 'eb28cfa8e5cff83c249b830d468458bd6f369036'
[b25e5e83-6073-40aa-a54d-12706a82790c/build] ⭐ Run Main Set up JDK 11
[b25e5e83-6073-40aa-a54d-12706a82790c/build] unable to get git ref: failed to identify reference (tag/branch) for the checked-out revision 'eb28cfa8e5cff83c249b830d468458bd6f369036'
[b25e5e83-6073-40aa-a54d-12706a82790c/build] unable to get git ref: failed to identify reference (tag/branch) for the checked-out revision 'eb28cfa8e5cff83c249b830d468458bd6f369036'
[b25e5e83-6073-40aa-a54d-12706a82790c/build] unable to get git ref: failed to identify reference (tag/branch) for the checked-out revision 'eb28cfa8e5cff83c249b830d468458bd6f369036'
[b25e5e83-6073-40aa-a54d-12706a82790c/build]   🐳  docker cp src=/tmp/act-cache/2c720674-79af-48bf-9c43-1dfcc903cc88/act/actions-setup-java@v2/ dst=/var/run/act/actions/actions-setup-java@v2/
[b25e5e83-6073-40aa-a54d-12706a82790c/build]   🐳  docker exec cmd=[chown -R 1012:1013 /var/run/act/actions/actions-setup-java@v2/] user=0 workdir=
[b25e5e83-6073-40aa-a54d-12706a82790c/build]   🐳  docker exec cmd=[node /var/run/act/actions/actions-setup-java@v2/dist/setup/index.js] user= workdir=
[b25e5e83-6073-40aa-a54d-12706a82790c/build]   💬  ::debug::isExplicit: 11.0.20-1
[b25e5e83-6073-40aa-a54d-12706a82790c/build]   💬  ::debug::explicit? true
[b25e5e83-6073-40aa-a54d-12706a82790c/build]   💬  ::debug::isExplicit: 17.0.8-1
[b25e5e83-6073-40aa-a54d-12706a82790c/build]   💬  ::debug::explicit? true
[b25e5e83-6073-40aa-a54d-12706a82790c/build]   💬  ::debug::isExplicit: 21.0.0-35
[b25e5e83-6073-40aa-a54d-12706a82790c/build]   💬  ::debug::explicit? true
[b25e5e83-6073-40aa-a54d-12706a82790c/build]   💬  ::debug::isExplicit: 8.0.382-5
[b25e5e83-6073-40aa-a54d-12706a82790c/build]   💬  ::debug::explicit? true
[b25e5e83-6073-40aa-a54d-12706a82790c/build]   | Resolved Java 11.0.20+1 from tool-cache
[b25e5e83-6073-40aa-a54d-12706a82790c/build]   | Setting Java 11.0.20+1 as the default
[b25e5e83-6073-40aa-a54d-12706a82790c/build]   | 
[b25e5e83-6073-40aa-a54d-12706a82790c/build]   | Java configuration:
[b25e5e83-6073-40aa-a54d-12706a82790c/build]   |   Distribution: temurin
[b25e5e83-6073-40aa-a54d-12706a82790c/build]   |   Version: 11.0.20+1
[b25e5e83-6073-40aa-a54d-12706a82790c/build]   |   Path: /opt/hostedtoolcache/Java_Temurin-Hotspot_jdk/11.0.20-1/x64
[b25e5e83-6073-40aa-a54d-12706a82790c/build]   | 
[b25e5e83-6073-40aa-a54d-12706a82790c/build]   ❓ add-matcher /run/act/actions/actions-setup-java@v2/.github/java.json
[b25e5e83-6073-40aa-a54d-12706a82790c/build]   | Creating settings.xml with server-id: github
[b25e5e83-6073-40aa-a54d-12706a82790c/build]   | Writing to /home/runner/.m2/settings.xml
[b25e5e83-6073-40aa-a54d-12706a82790c/build]   ✅  Success - Main Set up JDK 11
[b25e5e83-6073-40aa-a54d-12706a82790c/build]   ⚙  ::set-env:: JAVA_HOME=/opt/hostedtoolcache/Java_Temurin-Hotspot_jdk/11.0.20-1/x64
[b25e5e83-6073-40aa-a54d-12706a82790c/build]   ⚙  ::set-output:: distribution=Temurin-Hotspot
[b25e5e83-6073-40aa-a54d-12706a82790c/build]   ⚙  ::set-output:: path=/opt/hostedtoolcache/Java_Temurin-Hotspot_jdk/11.0.20-1/x64
[b25e5e83-6073-40aa-a54d-12706a82790c/build]   ⚙  ::set-output:: version=11.0.20+1
[b25e5e83-6073-40aa-a54d-12706a82790c/build]   ⚙  ::add-path:: /opt/hostedtoolcache/Java_Temurin-Hotspot_jdk/11.0.20-1/x64/bin
[b25e5e83-6073-40aa-a54d-12706a82790c/build] unable to get git ref: failed to identify reference (tag/branch) for the checked-out revision 'eb28cfa8e5cff83c249b830d468458bd6f369036'
[b25e5e83-6073-40aa-a54d-12706a82790c/build] unable to get git ref: failed to identify reference (tag/branch) for the checked-out revision 'eb28cfa8e5cff83c249b830d468458bd6f369036'
[b25e5e83-6073-40aa-a54d-12706a82790c/build] unable to get git ref: failed to identify reference (tag/branch) for the checked-out revision 'eb28cfa8e5cff83c249b830d468458bd6f369036'
[b25e5e83-6073-40aa-a54d-12706a82790c/build] unable to get git ref: failed to identify reference (tag/branch) for the checked-out revision 'eb28cfa8e5cff83c249b830d468458bd6f369036'
[b25e5e83-6073-40aa-a54d-12706a82790c/build] unable to get git ref: failed to identify reference (tag/branch) for the checked-out revision 'eb28cfa8e5cff83c249b830d468458bd6f369036'
[b25e5e83-6073-40aa-a54d-12706a82790c/build] ⭐ Run Main Build with Maven
[b25e5e83-6073-40aa-a54d-12706a82790c/build] unable to get git ref: failed to identify reference (tag/branch) for the checked-out revision 'eb28cfa8e5cff83c249b830d468458bd6f369036'
[b25e5e83-6073-40aa-a54d-12706a82790c/build] unable to get git ref: failed to identify reference (tag/branch) for the checked-out revision 'eb28cfa8e5cff83c249b830d468458bd6f369036'
[b25e5e83-6073-40aa-a54d-12706a82790c/build] unable to get git ref: failed to identify reference (tag/branch) for the checked-out revision 'eb28cfa8e5cff83c249b830d468458bd6f369036'
[b25e5e83-6073-40aa-a54d-12706a82790c/build] unable to get git ref: failed to identify reference (tag/branch) for the checked-out revision 'eb28cfa8e5cff83c249b830d468458bd6f369036'
[b25e5e83-6073-40aa-a54d-12706a82790c/build]   🐳  docker exec cmd=[bash --noprofile --norc -e -o pipefail /var/run/act/workflow/2] user= workdir=
[b25e5e83-6073-40aa-a54d-12706a82790c/build]   | [INFO] Scanning for projects...
[b25e5e83-6073-40aa-a54d-12706a82790c/build]   | [INFO] 
[b25e5e83-6073-40aa-a54d-12706a82790c/build]   | [INFO] -----------------------< org.netpreserve:jwarc >------------------------
[b25e5e83-6073-40aa-a54d-12706a82790c/build]   | [INFO] Building jwarc 0.28.1
[b25e5e83-6073-40aa-a54d-12706a82790c/build]   | [INFO]   from pom.xml
[b25e5e83-6073-40aa-a54d-12706a82790c/build]   | [INFO] --------------------------------[ jar ]---------------------------------
[b25e5e83-6073-40aa-a54d-12706a82790c/build]   | [INFO] Downloading from central: https://repo.maven.apache.org/maven2/org/apache/maven/plugins/maven-resources-plugin/2.6/maven-resources-plugin-2.6.pom
[b25e5e83-6073-40aa-a54d-12706a82790c/build]   | [INFO] Downloaded from central: https://repo.maven.apache.org/maven2/org/apache/maven/plugins/maven-resources-plugin/2.6/maven-resources-plugin-2.6.pom (8.1 kB at 33 kB/s)
[b25e5e83-6073-40aa-a54d-12706a82790c/build]   | [INFO] Downloading from central: https://repo.maven.apache.org/maven2/org/apache/maven/plugins/maven-plugins/23/maven-plugins-23.pom
[b25e5e83-6073-40aa-a54d-12706a82790c/build]   | [INFO] Downloaded from central: https://repo.maven.apache.org/maven2/org/apache/maven/plugins/maven-plugins/23/maven-plugins-23.pom (9.2 kB at 328 kB/s)
[b25e5e83-6073-40aa-a54d-12706a82790c/build]   | [INFO] Downloading from central: https://repo.maven.apache.org/maven2/org/apache/maven/maven-parent/22/maven-parent-22.pom
[b25e5e83-6073-40aa-a54d-12706a82790c/build]   | [INFO] Downloaded from central: https://repo.maven.apache.org/maven2/org/apache/maven/maven-parent/22/maven-parent-22.pom (30 kB at 1.4 MB/s)
[b25e5e83-6073-40aa-a54d-12706a82790c/build]   | [INFO] Downloading from central: https://repo.maven.apache.org/maven2/org/apache/apache/11/apache-11.pom
[b25e5e83-6073-40aa-a54d-12706a82790c/build]   | [INFO] Downloaded from central: https://repo.maven.apache.org/maven2/org/apache/apache/11/apache-11.pom (15 kB at 1.1 MB/s)
[b25e5e83-6073-40aa-a54d-12706a82790c/build]   | [INFO] Downloading from central: https://repo.maven.apache.org/maven2/org/apache/maven/plugins/maven-resources-plugin/2.6/maven-resources-plugin-2.6.jar
[b25e5e83-6073-40aa-a54d-12706a82790c/build]   | [INFO] Downloaded from central: https://repo.maven.apache.org/maven2/org/apache/maven/plugins/maven-resources-plugin/2.6/maven-resources-plugin-2.6.jar (30 kB at 2.5 MB/s)
[b25e5e83-6073-40aa-a54d-12706a82790c/build]   | [INFO] Downloading from central: https://repo.maven.apache.org/maven2/org/apache/maven/plugins/maven-compiler-plugin/3.11.0/maven-compiler-plugin-3.11.0.pom
[b25e5e83-6073-40aa-a54d-12706a82790c/build]   | [INFO] Downloaded from central: https://repo.maven.apache.org/maven2/org/apache/maven/plugins/maven-compiler-plugin/3.11.0/maven-compiler-plugin-3.11.0.pom (9.8 kB at 755 kB/s)
[b25e5e83-6073-40aa-a54d-12706a82790c/build]   | [INFO] Downloading from central: https://repo.maven.apache.org/maven2/org/apache/maven/plugins/maven-plugins/39/maven-plugins-39.pom
[b25e5e83-6073-40aa-a54d-12706a82790c/build]   | [INFO] Downloaded from central: https://repo.maven.apache.org/maven2/org/apache/maven/plugins/maven-plugins/39/maven-plugins-39.pom (8.1 kB at 736 kB/s)
[b25e5e83-6073-40aa-a54d-12706a82790c/build]   | [INFO] Downloading from central: https://repo.maven.apache.org/maven2/org/apache/maven/maven-parent/39/maven-parent-39.pom
[b25e5e83-6073-40aa-a54d-12706a82790c/build]   | [INFO] Downloaded from central: https://repo.maven.apache.org/maven2/org/apache/maven/maven-parent/39/maven-parent-39.pom (48 kB at 3.7 MB/s)
[b25e5e83-6073-40aa-a54d-12706a82790c/build]   | [INFO] Downloading from central: https://repo.maven.apache.org/maven2/org/apache/apache/29/apache-29.pom
[b25e5e83-6073-40aa-a54d-12706a82790c/build]   | [INFO] Downloaded from central: https://repo.maven.apache.org/maven2/org/apache/apache/29/apache-29.pom (21 kB at 1.3 MB/s)
[b25e5e83-6073-40aa-a54d-12706a82790c/build]   | [INFO] Downloading from central: https://repo.maven.apache.org/maven2/org/apache/maven/plugins/maven-compiler-plugin/3.11.0/maven-compiler-plugin-3.11.0.jar
[b25e5e83-6073-40aa-a54d-12706a82790c/build]   | [INFO] Downloaded from central: https://repo.maven.apache.org/maven2/org/apache/maven/plugins/maven-compiler-plugin/3.11.0/maven-compiler-plugin-3.11.0.jar (66 kB at 6.6 MB/s)
[b25e5e83-6073-40aa-a54d-12706a82790c/build]   | [INFO] Downloading from central: https://repo.maven.apache.org/maven2/org/apache/maven/plugins/maven-surefire-plugin/2.12.4/maven-surefire-plugin-2.12.4.pom
[b25e5e83-6073-40aa-a54d-12706a82790c/build]   | [INFO] Downloaded from central: https://repo.maven.apache.org/maven2/org/apache/maven/plugins/maven-surefire-plugin/2.12.4/maven-surefire-plugin-2.12.4.pom (10 kB at 1.3 MB/s)
[b25e5e83-6073-40aa-a54d-12706a82790c/build]   | [INFO] Downloading from central: https://repo.maven.apache.org/maven2/org/apache/maven/surefire/surefire/2.12.4/surefire-2.12.4.pom
[b25e5e83-6073-40aa-a54d-12706a82790c/build]   | [INFO] Downloaded from central: https://repo.maven.apache.org/maven2/org/apache/maven/surefire/surefire/2.12.4/surefire-2.12.4.pom (14 kB at 1.5 MB/s)
[b25e5e83-6073-40aa-a54d-12706a82790c/build]   | [INFO] Downloading from central: https://repo.maven.apache.org/maven2/org/apache/maven/plugins/maven-surefire-plugin/2.12.4/maven-surefire-plugin-2.12.4.jar
[b25e5e83-6073-40aa-a54d-12706a82790c/build]   | [INFO] Downloaded from central: https://repo.maven.apache.org/maven2/org/apache/maven/plugins/maven-surefire-plugin/2.12.4/maven-surefire-plugin-2.12.4.jar (30 kB at 1.5 MB/s)
[b25e5e83-6073-40aa-a54d-12706a82790c/build]   | [INFO] Downloading from central: https://repo.maven.apache.org/maven2/org/apache/maven/plugins/maven-jar-plugin/3.2.2/maven-jar-plugin-3.2.2.pom
[b25e5e83-6073-40aa-a54d-12706a82790c/build]   | [INFO] Downloaded from central: https://repo.maven.apache.org/maven2/org/apache/maven/plugins/maven-jar-plugin/3.2.2/maven-jar-plugin-3.2.2.pom (7.5 kB at 935 kB/s)
[b25e5e83-6073-40aa-a54d-12706a82790c/build]   | [INFO] Downloading from central: https://repo.maven.apache.org/maven2/org/apache/maven/plugins/maven-plugins/34/maven-plugins-34.pom
[b25e5e83-6073-40aa-a54d-12706a82790c/build]   | [INFO] Downloaded from central: https://repo.maven.apache.org/maven2/org/apache/maven/plugins/maven-plugins/34/maven-plugins-34.pom (11 kB at 1.3 MB/s)
[b25e5e83-6073-40aa-a54d-12706a82790c/build]   | [INFO] Downloading from central: https://repo.maven.apache.org/maven2/org/apache/maven/maven-parent/34/maven-parent-34.pom
[b25e5e83-6073-40aa-a54d-12706a82790c/build]   | [INFO] Downloaded from central: https://repo.maven.apache.org/maven2/org/apache/maven/maven-parent/34/maven-parent-34.pom (43 kB at 3.9 MB/s)
[b25e5e83-6073-40aa-a54d-12706a82790c/build]   | [INFO] Downloading from central: https://repo.maven.apache.org/maven2/org/apache/apache/23/apache-23.pom
[b25e5e83-6073-40aa-a54d-12706a82790c/build]   | [INFO] Downloaded from central: https://repo.maven.apache.org/maven2/org/apache/apache/23/apache-23.pom (18 kB at 2.3 MB/s)
[b25e5e83-6073-40aa-a54d-12706a82790c/build]   | [INFO] Downloading from central: https://repo.maven.apache.org/maven2/org/apache/maven/plugins/maven-jar-plugin/3.2.2/maven-jar-plugin-3.2.2.jar
[b25e5e83-6073-40aa-a54d-12706a82790c/build]   | [INFO] Downloaded from central: https://repo.maven.apache.org/maven2/org/apache/maven/plugins/maven-jar-plugin/3.2.2/maven-jar-plugin-3.2.2.jar (29 kB at 3.2 MB/s)
[b25e5e83-6073-40aa-a54d-12706a82790c/build]   | [INFO] Downloading from central: https://repo.maven.apache.org/maven2/junit/junit/4.13.2/junit-4.13.2.pom
[b25e5e83-6073-40aa-a54d-12706a82790c/build]   | [INFO] Downloaded from central: https://repo.maven.apache.org/maven2/junit/junit/4.13.2/junit-4.13.2.pom (27 kB at 1.9 MB/s)
[b25e5e83-6073-40aa-a54d-12706a82790c/build]   | [INFO] Downloading from central: https://repo.maven.apache.org/maven2/org/hamcrest/hamcrest-core/1.3/hamcrest-core-1.3.pom
[b25e5e83-6073-40aa-a54d-12706a82790c/build]   | [INFO] Downloaded from central: https://repo.maven.apache.org/maven2/org/hamcrest/hamcrest-core/1.3/hamcrest-core-1.3.pom (766 B at 43 kB/s)
[b25e5e83-6073-40aa-a54d-12706a82790c/build]   | [INFO] Downloading from central: https://repo.maven.apache.org/maven2/org/hamcrest/hamcrest-parent/1.3/hamcrest-parent-1.3.pom
[b25e5e83-6073-40aa-a54d-12706a82790c/build]   | [INFO] Downloaded from central: https://repo.maven.apache.org/maven2/org/hamcrest/hamcrest-parent/1.3/hamcrest-parent-1.3.pom (2.0 kB at 86 kB/s)
[b25e5e83-6073-40aa-a54d-12706a82790c/build]   | [INFO] Downloading from central: https://repo.maven.apache.org/maven2/org/hamcrest/hamcrest-core/1.3/hamcrest-core-1.3.jar
[b25e5e83-6073-40aa-a54d-12706a82790c/build]   | [INFO] Downloading from central: https://repo.maven.apache.org/maven2/junit/junit/4.13.2/junit-4.13.2.jar
[b25e5e83-6073-40aa-a54d-12706a82790c/build]   | [INFO] Downloaded from central: https://repo.maven.apache.org/maven2/org/hamcrest/hamcrest-core/1.3/hamcrest-core-1.3.jar (45 kB at 1.7 MB/s)
[b25e5e83-6073-40aa-a54d-12706a82790c/build]   | [INFO] Downloaded from central: https://repo.maven.apache.org/maven2/junit/junit/4.13.2/junit-4.13.2.jar (385 kB at 8.5 MB/s)
[b25e5e83-6073-40aa-a54d-12706a82790c/build]   | [INFO] 
[b25e5e83-6073-40aa-a54d-12706a82790c/build]   | [INFO] --- maven-resources-plugin:2.6:resources (default-resources) @ jwarc ---
[b25e5e83-6073-40aa-a54d-12706a82790c/build]   | [INFO] Downloading from central: https://repo.maven.apache.org/maven2/org/apache/maven/maven-plugin-api/2.0.6/maven-plugin-api-2.0.6.pom
[b25e5e83-6073-40aa-a54d-12706a82790c/build]   | [INFO] Downloaded from central: https://repo.maven.apache.org/maven2/org/apache/maven/maven-plugin-api/2.0.6/maven-plugin-api-2.0.6.pom (1.5 kB at 121 kB/s)
[b25e5e83-6073-40aa-a54d-12706a82790c/build]   | [INFO] Downloading from central: https://repo.maven.apache.org/maven2/org/apache/maven/maven/2.0.6/maven-2.0.6.pom
[b25e5e83-6073-40aa-a54d-12706a82790c/build]   | [INFO] Downloaded from central: https://repo.maven.apache.org/maven2/org/apache/maven/maven/2.0.6/maven-2.0.6.pom (9.0 kB at 565 kB/s)
[b25e5e83-6073-40aa-a54d-12706a82790c/build]   | [INFO] Downloading from central: https://repo.maven.apache.org/maven2/org/apache/maven/maven-parent/5/maven-parent-5.pom
[b25e5e83-6073-40aa-a54d-12706a82790c/build]   | [INFO] Downloaded from central: https://repo.maven.apache.org/maven2/org/apache/maven/maven-parent/5/maven-parent-5.pom (15 kB at 1.1 MB/s)
[b25e5e83-6073-40aa-a54d-12706a82790c/build]   | [INFO] Downloading from central: https://repo.maven.apache.org/maven2/org/apache/apache/3/apache-3.pom
[b25e5e83-6073-40aa-a54d-12706a82790c/build]   | [INFO] Downloaded from central: https://repo.maven.apache.org/maven2/org/apache/apache/3/apache-3.pom (3.4 kB at 229 kB/s)
[b25e5e83-6073-40aa-a54d-12706a82790c/build]   | [INFO] Downloading from central: https://repo.maven.apache.org/maven2/org/apache/maven/maven-project/2.0.6/maven-project-2.0.6.pom
[b25e5e83-6073-40aa-a54d-12706a82790c/build]   | [INFO] Downloaded from central: https://repo.maven.apache.org/maven2/org/apache/maven/maven-project/2.0.6/maven-project-2.0.6.pom (2.6 kB at 188 kB/s)
[b25e5e83-6073-40aa-a54d-12706a82790c/build]   | [INFO] Downloading from central: https://repo.maven.apache.org/maven2/org/apache/maven/maven-settings/2.0.6/maven-settings-2.0.6.pom
[b25e5e83-6073-40aa-a54d-12706a82790c/build]   | [INFO] Downloaded from central: https://repo.maven.apache.org/maven2/org/apache/maven/maven-settings/2.0.6/maven-settings-2.0.6.pom (2.0 kB at 286 kB/s)
[b25e5e83-6073-40aa-a54d-12706a82790c/build]   | [INFO] Downloading from central: https://repo.maven.apache.org/maven2/org/apache/maven/maven-model/2.0.6/maven-model-2.0.6.pom
[b25e5e83-6073-40aa-a54d-12706a82790c/build]   | [INFO] Downloaded from central: https://repo.maven.apache.org/maven2/org/apache/maven/maven-model/2.0.6/maven-model-2.0.6.pom (3.0 kB at 160 kB/s)
[b25e5e83-6073-40aa-a54d-12706a82790c/build]   | [INFO] Downloading from central: https://repo.maven.apache.org/maven2/org/codehaus/plexus/plexus-utils/1.4.1/plexus-utils-1.4.1.pom
[b25e5e83-6073-40aa-a54d-12706a82790c/build]   | [INFO] Downloaded from central: https://repo.maven.apache.org/maven2/org/codehaus/plexus/plexus-utils/1.4.1/plexus-utils-1.4.1.pom (1.9 kB at 83 kB/s)
[b25e5e83-6073-40aa-a54d-12706a82790c/build]   | [INFO] Downloading from central: https://repo.maven.apache.org/maven2/org/codehaus/plexus/plexus/1.0.11/plexus-1.0.11.pom
[b25e5e83-6073-40aa-a54d-12706a82790c/build]   | [INFO] Downloaded from central: https://repo.maven.apache.org/maven2/org/codehaus/plexus/plexus/1.0.11/plexus-1.0.11.pom (9.0 kB at 498 kB/s)
[b25e5e83-6073-40aa-a54d-12706a82790c/build]   | [INFO] Downloading from central: https://repo.maven.apache.org/maven2/org/codehaus/plexus/plexus-container-default/1.0-alpha-9-stable-1/plexus-container-default-1.0-alpha-9-stable-1.pom
[b25e5e83-6073-40aa-a54d-12706a82790c/build]   | [INFO] Downloaded from central: https://repo.maven.apache.org/maven2/org/codehaus/plexus/plexus-container-default/1.0-alpha-9-stable-1/plexus-container-default-1.0-alpha-9-stable-1.pom (3.9 kB at 329 kB/s)
[b25e5e83-6073-40aa-a54d-12706a82790c/build]   | [INFO] Downloading from central: https://repo.maven.apache.org/maven2/org/codehaus/plexus/plexus-containers/1.0.3/plexus-containers-1.0.3.pom
[b25e5e83-6073-40aa-a54d-12706a82790c/build]   | [INFO] Downloaded from central: https://repo.maven.apache.org/maven2/org/codehaus/plexus/plexus-containers/1.0.3/plexus-containers-1.0.3.pom (492 B at 45 kB/s)
[b25e5e83-6073-40aa-a54d-12706a82790c/build]   | [INFO] Downloading from central: https://repo.maven.apache.org/maven2/org/codehaus/plexus/plexus/1.0.4/plexus-1.0.4.pom
[b25e5e83-6073-40aa-a54d-12706a82790c/build]   | [INFO] Downloaded from central: https://repo.maven.apache.org/maven2/org/codehaus/plexus/plexus/1.0.4/plexus-1.0.4.pom (5.7 kB at 956 kB/s)
[b25e5e83-6073-40aa-a54d-12706a82790c/build]   | [INFO] Downloading from central: https://repo.maven.apache.org/maven2/junit/junit/3.8.1/junit-3.8.1.pom
[b25e5e83-6073-40aa-a54d-12706a82790c/build]   | [INFO] Downloaded from central: https://repo.maven.apache.org/maven2/junit/junit/3.8.1/junit-3.8.1.pom (998 B at 200 kB/s)
[b25e5e83-6073-40aa-a54d-12706a82790c/build]   | [INFO] Downloading from central: https://repo.maven.apache.org/maven2/org/codehaus/plexus/plexus-utils/1.0.4/plexus-utils-1.0.4.pom
[b25e5e83-6073-40aa-a54d-12706a82790c/build]   | [INFO] Downloaded from central: https://repo.maven.apache.org/maven2/org/codehaus/plexus/plexus-utils/1.0.4/plexus-utils-1.0.4.pom (6.9 kB at 1.4 MB/s)
[b25e5e83-6073-40aa-a54d-12706a82790c/build]   | [INFO] Downloading from central: https://repo.maven.apache.org/maven2/classworlds/classworlds/1.1-alpha-2/classworlds-1.1-alpha-2.pom
[b25e5e83-6073-40aa-a54d-12706a82790c/build]   | [INFO] Downloaded from central: https://repo.maven.apache.org/maven2/classworlds/classworlds/1.1-alpha-2/classworlds-1.1-alpha-2.pom (3.1 kB at 626 kB/s)
[b25e5e83-6073-40aa-a54d-12706a82790c/build]   | [INFO] Downloading from central: https://repo.maven.apache.org/maven2/org/apache/maven/maven-profile/2.0.6/maven-profile-2.0.6.pom
[b25e5e83-6073-40aa-a54d-12706a82790c/build]   | [INFO] Downloaded from central: https://repo.maven.apache.org/maven2/org/apache/maven/maven-profile/2.0.6/maven-profile-2.0.6.pom (2.0 kB at 283 kB/s)
[b25e5e83-6073-40aa-a54d-12706a82790c/build]   | [INFO] Downloading from central: https://repo.maven.apache.org/maven2/org/apache/maven/maven-artifact-manager/2.0.6/maven-artifact-manager-2.0.6.pom
[b25e5e83-6073-40aa-a54d-12706a82790c/build]   | [INFO] Downloaded from central: https://repo.maven.apache.org/maven2/org/apache/maven/maven-artifact-manager/2.0.6/maven-artifact-manager-2.0.6.pom (2.6 kB at 375 kB/s)
[b25e5e83-6073-40aa-a54d-12706a82790c/build]   | [INFO] Downloading from central: https://repo.maven.apache.org/maven2/org/apache/maven/maven-repository-metadata/2.0.6/maven-repository-metadata-2.0.6.pom
[b25e5e83-6073-40aa-a54d-12706a82790c/build]   | [INFO] Downloaded from central: https://repo.maven.apache.org/maven2/org/apache/maven/maven-repository-metadata/2.0.6/maven-repository-metadata-2.0.6.pom (1.9 kB at 116 kB/s)
[b25e5e83-6073-40aa-a54d-12706a82790c/build]   | [INFO] Downloading from central: https://repo.maven.apache.org/maven2/org/apache/maven/maven-artifact/2.0.6/maven-artifact-2.0.6.pom
[b25e5e83-6073-40aa-a54d-12706a82790c/build]   | [INFO] Downloaded from central: https://repo.maven.apache.org/maven2/org/apache/maven/maven-artifact/2.0.6/maven-artifact-2.0.6.pom (1.6 kB at 225 kB/s)
[b25e5e83-6073-40aa-a54d-12706a82790c/build]   | [INFO] Downloading from central: https://repo.maven.apache.org/maven2/org/apache/maven/maven-plugin-registry/2.0.6/maven-plugin-registry-2.0.6.pom
[b25e5e83-6073-40aa-a54d-12706a82790c/build]   | [INFO] Downloaded from central: https://repo.maven.apache.org/maven2/org/apache/maven/maven-plugin-registry/2.0.6/maven-plugin-registry-2.0.6.pom (1.9 kB at 85 kB/s)
[b25e5e83-6073-40aa-a54d-12706a82790c/build]   | [INFO] Downloading from central: https://repo.maven.apache.org/maven2/org/apache/maven/maven-core/2.0.6/maven-core-2.0.6.pom
[b25e5e83-6073-40aa-a54d-12706a82790c/build]   | [INFO] Downloaded from central: https://repo.maven.apache.org/maven2/org/apache/maven/maven-core/2.0.6/maven-core-2.0.6.pom (6.7 kB at 395 kB/s)
[b25e5e83-6073-40aa-a54d-12706a82790c/build]   | [INFO] Downloading from central: https://repo.maven.apache.org/maven2/org/apache/maven/maven-plugin-parameter-documenter/2.0.6/maven-plugin-parameter-documenter-2.0.6.pom
[b25e5e83-6073-40aa-a54d-12706a82790c/build]   | [INFO] Downloaded from central: https://repo.maven.apache.org/maven2/org/apache/maven/maven-plugin-parameter-documenter/2.0.6/maven-plugin-parameter-documenter-2.0.6.pom (1.9 kB at 318 kB/s)
[b25e5e83-6073-40aa-a54d-12706a82790c/build]   | [INFO] Downloading from central: https://repo.maven.apache.org/maven2/org/apache/maven/reporting/maven-reporting-api/2.0.6/maven-reporting-api-2.0.6.pom
[b25e5e83-6073-40aa-a54d-12706a82790c/build]   | [INFO] Downloaded from central: https://repo.maven.apache.org/maven2/org/apache/maven/reporting/maven-reporting-api/2.0.6/maven-reporting-api-2.0.6.pom (1.8 kB at 219 kB/s)
[b25e5e83-6073-40aa-a54d-12706a82790c/build]   | [INFO] Downloading from central: https://repo.maven.apache.org/maven2/org/apache/maven/reporting/maven-reporting/2.0.6/maven-reporting-2.0.6.pom
[b25e5e83-6073-40aa-a54d-12706a82790c/build]   | [INFO] Downloaded from central: https://repo.maven.apache.org/maven2/org/apache/maven/reporting/maven-reporting/2.0.6/maven-reporting-2.0.6.pom (1.4 kB at 131 kB/s)
[b25e5e83-6073-40aa-a54d-12706a82790c/build]   | [INFO] Downloading from central: https://repo.maven.apache.org/maven2/org/apache/maven/doxia/doxia-sink-api/1.0-alpha-7/doxia-sink-api-1.0-alpha-7.pom
[b25e5e83-6073-40aa-a54d-12706a82790c/build]   | [INFO] Downloaded from central: https://repo.maven.apache.org/maven2/org/apache/maven/doxia/doxia-sink-api/1.0-alpha-7/doxia-sink-api-1.0-alpha-7.pom (424 B at 42 kB/s)
[b25e5e83-6073-40aa-a54d-12706a82790c/build]   | [INFO] Downloading from central: https://repo.maven.apache.org/maven2/org/apache/maven/doxia/doxia/1.0-alpha-7/doxia-1.0-alpha-7.pom
[b25e5e83-6073-40aa-a54d-12706a82790c/build]   | [INFO] Downloaded from central: https://repo.maven.apache.org/maven2/org/apache/maven/doxia/doxia/1.0-alpha-7/doxia-1.0-alpha-7.pom (3.9 kB at 391 kB/s)
[b25e5e83-6073-40aa-a54d-12706a82790c/build]   | [INFO] Downloading from central: https://repo.maven.apache.org/maven2/org/apache/maven/maven-error-diagnostics/2.0.6/maven-error-diagnostics-2.0.6.pom
[b25e5e83-6073-40aa-a54d-12706a82790c/build]   | [INFO] Downloaded from central: https://repo.maven.apache.org/maven2/org/apache/maven/maven-error-diagnostics/2.0.6/maven-error-diagnostics-2.0.6.pom (1.7 kB at 243 kB/s)
[b25e5e83-6073-40aa-a54d-12706a82790c/build]   | [INFO] Downloading from central: https://repo.maven.apache.org/maven2/commons-cli/commons-cli/1.0/commons-cli-1.0.pom
[b25e5e83-6073-40aa-a54d-12706a82790c/build]   | [INFO] Downloaded from central: https://repo.maven.apache.org/maven2/commons-cli/commons-cli/1.0/commons-cli-1.0.pom (2.1 kB at 140 kB/s)
[b25e5e83-6073-40aa-a54d-12706a82790c/build]   | [INFO] Downloading from central: https://repo.maven.apache.org/maven2/org/apache/maven/maven-plugin-descriptor/2.0.6/maven-plugin-descriptor-2.0.6.pom
[b25e5e83-6073-40aa-a54d-12706a82790c/build]   | [INFO] Downloaded from central: https://repo.maven.apache.org/maven2/org/apache/maven/maven-plugin-descriptor/2.0.6/maven-plugin-descriptor-2.0.6.pom (2.0 kB at 155 kB/s)
[b25e5e83-6073-40aa-a54d-12706a82790c/build]   | [INFO] Downloading from central: https://repo.maven.apache.org/maven2/org/codehaus/plexus/plexus-interactivity-api/1.0-alpha-4/plexus-interactivity-api-1.0-alpha-4.pom
[b25e5e83-6073-40aa-a54d-12706a82790c/build]   | [INFO] Downloaded from central: https://repo.maven.apache.org/maven2/org/codehaus/plexus/plexus-interactivity-api/1.0-alpha-4/plexus-interactivity-api-1.0-alpha-4.pom (7.1 kB at 709 kB/s)
[b25e5e83-6073-40aa-a54d-12706a82790c/build]   | [INFO] Downloading from central: https://repo.maven.apache.org/maven2/org/apache/maven/maven-monitor/2.0.6/maven-monitor-2.0.6.pom
[b25e5e83-6073-40aa-a54d-12706a82790c/build]   | [INFO] Downloaded from central: https://repo.maven.apache.org/maven2/org/apache/maven/maven-monitor/2.0.6/maven-monitor-2.0.6.pom (1.3 kB at 157 kB/s)
[b25e5e83-6073-40aa-a54d-12706a82790c/build]   | [INFO] Downloading from central: https://repo.maven.apache.org/maven2/classworlds/classworlds/1.1/classworlds-1.1.pom
[b25e5e83-6073-40aa-a54d-12706a82790c/build]   | [INFO] Downloaded from central: https://repo.maven.apache.org/maven2/classworlds/classworlds/1.1/classworlds-1.1.pom (3.3 kB at 208 kB/s)
[b25e5e83-6073-40aa-a54d-12706a82790c/build]   | [INFO] Downloading from central: https://repo.maven.apache.org/maven2/org/codehaus/plexus/plexus-utils/2.0.5/plexus-utils-2.0.5.pom
[b25e5e83-6073-40aa-a54d-12706a82790c/build]   | [INFO] Downloaded from central: https://repo.maven.apache.org/maven2/org/codehaus/plexus/plexus-utils/2.0.5/plexus-utils-2.0.5.pom (3.3 kB at 303 kB/s)
[b25e5e83-6073-40aa-a54d-12706a82790c/build]   | [INFO] Downloading from central: https://repo.maven.apache.org/maven2/org/codehaus/plexus/plexus/2.0.6/plexus-2.0.6.pom
[b25e5e83-6073-40aa-a54d-12706a82790c/build]   | [INFO] Downloaded from central: https://repo.maven.apache.org/maven2/org/codehaus/plexus/plexus/2.0.6/plexus-2.0.6.pom (17 kB at 2.4 MB/s)
[b25e5e83-6073-40aa-a54d-12706a82790c/build]   | [INFO] Downloading from central: https://repo.maven.apache.org/maven2/org/apache/maven/shared/maven-filtering/1.1/maven-filtering-1.1.pom
[b25e5e83-6073-40aa-a54d-12706a82790c/build]   | [INFO] Downloaded from central: https://repo.maven.apache.org/maven2/org/apache/maven/shared/maven-filtering/1.1/maven-filtering-1.1.pom (5.8 kB at 965 kB/s)
[b25e5e83-6073-40aa-a54d-12706a82790c/build]   | [INFO] Downloading from central: https://repo.maven.apache.org/maven2/org/apache/maven/shared/maven-shared-components/17/maven-shared-components-17.pom
[b25e5e83-6073-40aa-a54d-12706a82790c/build]   | [INFO] Downloaded from central: https://repo.maven.apache.org/maven2/org/apache/maven/shared/maven-shared-components/17/maven-shared-components-17.pom (8.7 kB at 544 kB/s)
[b25e5e83-6073-40aa-a54d-12706a82790c/build]   | [INFO] Downloading from central: https://repo.maven.apache.org/maven2/org/apache/maven/maven-parent/21/maven-parent-21.pom
[b25e5e83-6073-40aa-a54d-12706a82790c/build]   | [INFO] Downloaded from central: https://repo.maven.apache.org/maven2/org/apache/maven/maven-parent/21/maven-parent-21.pom (26 kB at 2.6 MB/s)
[b25e5e83-6073-40aa-a54d-12706a82790c/build]   | [INFO] Downloading from central: https://repo.maven.apache.org/maven2/org/apache/apache/10/apache-10.pom
[b25e5e83-6073-40aa-a54d-12706a82790c/build]   | [INFO] Downloaded from central: https://repo.maven.apache.org/maven2/org/apache/apache/10/apache-10.pom (15 kB at 1.6 MB/s)
[b25e5e83-6073-40aa-a54d-12706a82790c/build]   | [INFO] Downloading from central: https://repo.maven.apache.org/maven2/org/codehaus/plexus/plexus-utils/1.5.15/plexus-utils-1.5.15.pom
[b25e5e83-6073-40aa-a54d-12706a82790c/build]   | [INFO] Downloaded from central: https://repo.maven.apache.org/maven2/org/codehaus/plexus/plexus-utils/1.5.15/plexus-utils-1.5.15.pom (6.8 kB at 428 kB/s)
[b25e5e83-6073-40aa-a54d-12706a82790c/build]   | [INFO] Downloading from central: https://repo.maven.apache.org/maven2/org/codehaus/plexus/plexus/2.0.2/plexus-2.0.2.pom
[b25e5e83-6073-40aa-a54d-12706a82790c/build]   | [INFO] Downloaded from central: https://repo.maven.apache.org/maven2/org/codehaus/plexus/plexus/2.0.2/plexus-2.0.2.pom (12 kB at 1.3 MB/s)
[b25e5e83-6073-40aa-a54d-12706a82790c/build]   | [INFO] Downloading from central: https://repo.maven.apache.org/maven2/org/codehaus/plexus/plexus-interpolation/1.12/plexus-interpolation-1.12.pom
[b25e5e83-6073-40aa-a54d-12706a82790c/build]   | [INFO] Downloaded from central: https://repo.maven.apache.org/maven2/org/codehaus/plexus/plexus-interpolation/1.12/plexus-interpolation-1.12.pom (889 B at 64 kB/s)
[b25e5e83-6073-40aa-a54d-12706a82790c/build]   | [INFO] Downloading from central: https://repo.maven.apache.org/maven2/org/codehaus/plexus/plexus-components/1.1.14/plexus-components-1.1.14.pom
[b25e5e83-6073-40aa-a54d-12706a82790c/build]   | [INFO] Downloaded from central: https://repo.maven.apache.org/maven2/org/codehaus/plexus/plexus-components/1.1.14/plexus-components-1.1.14.pom (5.8 kB at 649 kB/s)
[b25e5e83-6073-40aa-a54d-12706a82790c/build]   | [INFO] Downloading from central: https://repo.maven.apache.org/maven2/org/sonatype/plexus/plexus-build-api/0.0.4/plexus-build-api-0.0.4.pom
[b25e5e83-6073-40aa-a54d-12706a82790c/build]   | [INFO] Downloaded from central: https://repo.maven.apache.org/maven2/org/sonatype/plexus/plexus-build-api/0.0.4/plexus-build-api-0.0.4.pom (2.9 kB at 318 kB/s)
[b25e5e83-6073-40aa-a54d-12706a82790c/build]   | [INFO] Downloading from central: https://repo.maven.apache.org/maven2/org/sonatype/spice/spice-parent/10/spice-parent-10.pom
[b25e5e83-6073-40aa-a54d-12706a82790c/build]   | [INFO] Downloaded from central: https://repo.maven.apache.org/maven2/org/sonatype/spice/spice-parent/10/spice-parent-10.pom (3.0 kB at 274 kB/s)
[b25e5e83-6073-40aa-a54d-12706a82790c/build]   | [INFO] Downloading from central: https://repo.maven.apache.org/maven2/org/sonatype/forge/forge-parent/3/forge-parent-3.pom
[b25e5e83-6073-40aa-a54d-12706a82790c/build]   | [INFO] Downloaded from central: https://repo.maven.apache.org/maven2/org/sonatype/forge/forge-parent/3/forge-parent-3.pom (5.0 kB at 229 kB/s)
[b25e5e83-6073-40aa-a54d-12706a82790c/build]   | [INFO] Downloading from central: https://repo.maven.apache.org/maven2/org/codehaus/plexus/plexus-utils/1.5.8/plexus-utils-1.5.8.pom
[b25e5e83-6073-40aa-a54d-12706a82790c/build]   | [INFO] Downloaded from central: https://repo.maven.apache.org/maven2/org/codehaus/plexus/plexus-utils/1.5.8/plexus-utils-1.5.8.pom (8.1 kB at 1.2 MB/s)
[b25e5e83-6073-40aa-a54d-12706a82790c/build]   | [INFO] Downloading from central: https://repo.maven.apache.org/maven2/org/codehaus/plexus/plexus-interpolation/1.13/plexus-interpolation-1.13.pom
[b25e5e83-6073-40aa-a54d-12706a82790c/build]   | [INFO] Downloaded from central: https://repo.maven.apache.org/maven2/org/codehaus/plexus/plexus-interpolation/1.13/plexus-interpolation-1.13.pom (890 B at 47 kB/s)
[b25e5e83-6073-40aa-a54d-12706a82790c/build]   | [INFO] Downloading from central: https://repo.maven.apache.org/maven2/org/codehaus/plexus/plexus-components/1.1.15/plexus-components-1.1.15.pom
[b25e5e83-6073-40aa-a54d-12706a82790c/build]   | [INFO] Downloaded from central: https://repo.maven.apache.org/maven2/org/codehaus/plexus/plexus-components/1.1.15/plexus-components-1.1.15.pom (2.8 kB at 475 kB/s)
[b25e5e83-6073-40aa-a54d-12706a82790c/build]   | [INFO] Downloading from central: https://repo.maven.apache.org/maven2/org/codehaus/plexus/plexus/2.0.3/plexus-2.0.3.pom
[b25e5e83-6073-40aa-a54d-12706a82790c/build]   | [INFO] Downloaded from central: https://repo.maven.apache.org/maven2/org/codehaus/plexus/plexus/2.0.3/plexus-2.0.3.pom (15 kB at 2.6 MB/s)
[b25e5e83-6073-40aa-a54d-12706a82790c/build]   | [INFO] Downloading from central: https://repo.maven.apache.org/maven2/org/apache/maven/maven-plugin-api/2.0.6/maven-plugin-api-2.0.6.jar
[b25e5e83-6073-40aa-a54d-12706a82790c/build]   | [INFO] Downloading from central: https://repo.maven.apache.org/maven2/org/apache/maven/maven-project/2.0.6/maven-project-2.0.6.jar
[b25e5e83-6073-40aa-a54d-12706a82790c/build]   | [INFO] Downloading from central: https://repo.maven.apache.org/maven2/org/apache/maven/maven-profile/2.0.6/maven-profile-2.0.6.jar
[b25e5e83-6073-40aa-a54d-12706a82790c/build]   | [INFO] Downloading from central: https://repo.maven.apache.org/maven2/org/apache/maven/maven-artifact-manager/2.0.6/maven-artifact-manager-2.0.6.jar
[b25e5e83-6073-40aa-a54d-12706a82790c/build]   | [INFO] Downloading from central: https://repo.maven.apache.org/maven2/org/apache/maven/maven-plugin-registry/2.0.6/maven-plugin-registry-2.0.6.jar
[b25e5e83-6073-40aa-a54d-12706a82790c/build]   | [INFO] Downloaded from central: https://repo.maven.apache.org/maven2/org/apache/maven/maven-plugin-api/2.0.6/maven-plugin-api-2.0.6.jar (13 kB at 1.6 MB/s)
[b25e5e83-6073-40aa-a54d-12706a82790c/build]   | [INFO] Downloading from central: https://repo.maven.apache.org/maven2/org/apache/maven/maven-core/2.0.6/maven-core-2.0.6.jar
[b25e5e83-6073-40aa-a54d-12706a82790c/build]   | [INFO] Downloaded from central: https://repo.maven.apache.org/maven2/org/apache/maven/maven-project/2.0.6/maven-project-2.0.6.jar (116 kB at 9.7 MB/s)
[b25e5e83-6073-40aa-a54d-12706a82790c/build]   | [INFO] Downloading from central: https://repo.maven.apache.org/maven2/org/apache/maven/maven-plugin-parameter-documenter/2.0.6/maven-plugin-parameter-documenter-2.0.6.jar
[b25e5e83-6073-40aa-a54d-12706a82790c/build]   | [INFO] Downloaded from central: https://repo.maven.apache.org/maven2/org/apache/maven/maven-core/2.0.6/maven-core-2.0.6.jar (152 kB at 8.9 MB/s)
[b25e5e83-6073-40aa-a54d-12706a82790c/build]   | [INFO] Downloaded from central: https://repo.maven.apache.org/maven2/org/apache/maven/maven-plugin-parameter-documenter/2.0.6/maven-plugin-parameter-documenter-2.0.6.jar (21 kB at 1.2 MB/s)
[b25e5e83-6073-40aa-a54d-12706a82790c/build]   | [INFO] Downloading from central: https://repo.maven.apache.org/maven2/org/apache/maven/reporting/maven-reporting-api/2.0.6/maven-reporting-api-2.0.6.jar
[b25e5e83-6073-40aa-a54d-12706a82790c/build]   | [INFO] Downloading from central: https://repo.maven.apache.org/maven2/org/apache/maven/doxia/doxia-sink-api/1.0-alpha-7/doxia-sink-api-1.0-alpha-7.jar
[b25e5e83-6073-40aa-a54d-12706a82790c/build]   | [INFO] Downloaded from central: https://repo.maven.apache.org/maven2/org/apache/maven/maven-profile/2.0.6/maven-profile-2.0.6.jar (35 kB at 1.8 MB/s)
[b25e5e83-6073-40aa-a54d-12706a82790c/build]   | [INFO] Downloading from central: https://repo.maven.apache.org/maven2/org/apache/maven/maven-repository-metadata/2.0.6/maven-repository-metadata-2.0.6.jar
[b25e5e83-6073-40aa-a54d-12706a82790c/build]   | [INFO] Downloaded from central: https://repo.maven.apache.org/maven2/org/apache/maven/maven-artifact-manager/2.0.6/maven-artifact-manager-2.0.6.jar (57 kB at 2.8 MB/s)
[b25e5e83-6073-40aa-a54d-12706a82790c/build]   | [INFO] Downloading from central: https://repo.maven.apache.org/maven2/org/apache/maven/maven-error-diagnostics/2.0.6/maven-error-diagnostics-2.0.6.jar
[b25e5e83-6073-40aa-a54d-12706a82790c/build]   | [INFO] Downloaded from central: https://repo.maven.apache.org/maven2/org/apache/maven/doxia/doxia-sink-api/1.0-alpha-7/doxia-sink-api-1.0-alpha-7.jar (5.9 kB at 258 kB/s)
[b25e5e83-6073-40aa-a54d-12706a82790c/build]   | [INFO] Downloading from central: https://repo.maven.apache.org/maven2/commons-cli/commons-cli/1.0/commons-cli-1.0.jar
[b25e5e83-6073-40aa-a54d-12706a82790c/build]   | [INFO] Downloaded from central: https://repo.maven.apache.org/maven2/org/apache/maven/reporting/maven-reporting-api/2.0.6/maven-reporting-api-2.0.6.jar (9.9 kB at 398 kB/s)
[b25e5e83-6073-40aa-a54d-12706a82790c/build]   | [INFO] Downloading from central: https://repo.maven.apache.org/maven2/org/apache/maven/maven-plugin-descriptor/2.0.6/maven-plugin-descriptor-2.0.6.jar
[b25e5e83-6073-40aa-a54d-12706a82790c/build]   | [INFO] Downloaded from central: https://repo.maven.apache.org/maven2/org/apache/maven/maven-repository-metadata/2.0.6/maven-repository-metadata-2.0.6.jar (24 kB at 941 kB/s)
[b25e5e83-6073-40aa-a54d-12706a82790c/build]   | [INFO] Downloading from central: https://repo.maven.apache.org/maven2/org/codehaus/plexus/plexus-interactivity-api/1.0-alpha-4/plexus-interactivity-api-1.0-alpha-4.jar
[b25e5e83-6073-40aa-a54d-12706a82790c/build]   | [INFO] Downloaded from central: https://repo.maven.apache.org/maven2/org/apache/maven/maven-plugin-registry/2.0.6/maven-plugin-registry-2.0.6.jar (29 kB at 782 kB/s)
[b25e5e83-6073-40aa-a54d-12706a82790c/build]   | [INFO] Downloading from central: https://repo.maven.apache.org/maven2/classworlds/classworlds/1.1/classworlds-1.1.jar
[b25e5e83-6073-40aa-a54d-12706a82790c/build]   | [INFO] Downloaded from central: https://repo.maven.apache.org/maven2/org/apache/maven/maven-plugin-descriptor/2.0.6/maven-plugin-descriptor-2.0.6.jar (37 kB at 922 kB/s)
[b25e5e83-6073-40aa-a54d-12706a82790c/build]   | [INFO] Downloading from central: https://repo.maven.apache.org/maven2/org/apache/maven/maven-artifact/2.0.6/maven-artifact-2.0.6.jar
[b25e5e83-6073-40aa-a54d-12706a82790c/build]   | [INFO] Downloaded from central: https://repo.maven.apache.org/maven2/org/apache/maven/maven-error-diagnostics/2.0.6/maven-error-diagnostics-2.0.6.jar (14 kB at 332 kB/s)
[b25e5e83-6073-40aa-a54d-12706a82790c/build]   | [INFO] Downloading from central: https://repo.maven.apache.org/maven2/org/apache/maven/maven-settings/2.0.6/maven-settings-2.0.6.jar
[b25e5e83-6073-40aa-a54d-12706a82790c/build]   | [INFO] Downloaded from central: https://repo.maven.apache.org/maven2/commons-cli/commons-cli/1.0/commons-cli-1.0.jar (30 kB at 717 kB/s)
[b25e5e83-6073-40aa-a54d-12706a82790c/build]   | [INFO] Downloading from central: https://repo.maven.apache.org/maven2/org/apache/maven/maven-model/2.0.6/maven-model-2.0.6.jar
[b25e5e83-6073-40aa-a54d-12706a82790c/build]   | [INFO] Downloaded from central: https://repo.maven.apache.org/maven2/org/codehaus/plexus/plexus-interactivity-api/1.0-alpha-4/plexus-interactivity-api-1.0-alpha-4.jar (13 kB at 319 kB/s)
[b25e5e83-6073-40aa-a54d-12706a82790c/build]   | [INFO] Downloading from central: https://repo.maven.apache.org/maven2/org/apache/maven/maven-monitor/2.0.6/maven-monitor-2.0.6.jar
[b25e5e83-6073-40aa-a54d-12706a82790c/build]   | [INFO] Downloaded from central: https://repo.maven.apache.org/maven2/org/apache/maven/maven-monitor/2.0.6/maven-monitor-2.0.6.jar (10 kB at 205 kB/s)
[b25e5e83-6073-40aa-a54d-12706a82790c/build]   | [INFO] Downloaded from central: https://repo.maven.apache.org/maven2/org/apache/maven/maven-model/2.0.6/maven-model-2.0.6.jar (86 kB at 1.7 MB/s)
[b25e5e83-6073-40aa-a54d-12706a82790c/build]   | [INFO] Downloading from central: https://repo.maven.apache.org/maven2/org/codehaus/plexus/plexus-container-default/1.0-alpha-9-stable-1/plexus-container-default-1.0-alpha-9-stable-1.jar
[b25e5e83-6073-40aa-a54d-12706a82790c/build]   | [INFO] Downloading from central: https://repo.maven.apache.org/maven2/junit/junit/3.8.1/junit-3.8.1.jar
[b25e5e83-6073-40aa-a54d-12706a82790c/build]   | [INFO] Downloaded from central: https://repo.maven.apache.org/maven2/classworlds/classworlds/1.1/classworlds-1.1.jar (38 kB at 728 kB/s)
[b25e5e83-6073-40aa-a54d-12706a82790c/build]   | [INFO] Downloading from central: https://repo.maven.apache.org/maven2/org/codehaus/plexus/plexus-utils/2.0.5/plexus-utils-2.0.5.jar
[b25e5e83-6073-40aa-a54d-12706a82790c/build]   | [INFO] Downloaded from central: https://repo.maven.apache.org/maven2/org/apache/maven/maven-settings/2.0.6/maven-settings-2.0.6.jar (49 kB at 944 kB/s)
[b25e5e83-6073-40aa-a54d-12706a82790c/build]   | [INFO] Downloading from central: https://repo.maven.apache.org/maven2/org/apache/maven/shared/maven-filtering/1.1/maven-filtering-1.1.jar
[b25e5e83-6073-40aa-a54d-12706a82790c/build]   | [INFO] Downloaded from central: https://repo.maven.apache.org/maven2/org/apache/maven/shared/maven-filtering/1.1/maven-filtering-1.1.jar (43 kB at 718 kB/s)
[b25e5e83-6073-40aa-a54d-12706a82790c/build]   | [INFO] Downloading from central: https://repo.maven.apache.org/maven2/org/sonatype/plexus/plexus-build-api/0.0.4/plexus-build-api-0.0.4.jar
[b25e5e83-6073-40aa-a54d-12706a82790c/build]   | [INFO] Downloaded from central: https://repo.maven.apache.org/maven2/junit/junit/3.8.1/junit-3.8.1.jar (121 kB at 2.0 MB/s)
[b25e5e83-6073-40aa-a54d-12706a82790c/build]   | [INFO] Downloaded from central: https://repo.maven.apache.org/maven2/org/codehaus/plexus/plexus-container-default/1.0-alpha-9-stable-1/plexus-container-default-1.0-alpha-9-stable-1.jar (194 kB at 3.2 MB/s)
[b25e5e83-6073-40aa-a54d-12706a82790c/build]   | [INFO] Downloading from central: https://repo.maven.apache.org/maven2/org/codehaus/plexus/plexus-interpolation/1.13/plexus-interpolation-1.13.jar
[b25e5e83-6073-40aa-a54d-12706a82790c/build]   | [INFO] Downloaded from central: https://repo.maven.apache.org/maven2/org/apache/maven/maven-artifact/2.0.6/maven-artifact-2.0.6.jar (87 kB at 1.4 MB/s)
[b25e5e83-6073-40aa-a54d-12706a82790c/build]   | [INFO] Downloaded from central: https://repo.maven.apache.org/maven2/org/sonatype/plexus/plexus-build-api/0.0.4/plexus-build-api-0.0.4.jar (6.8 kB at 103 kB/s)
[b25e5e83-6073-40aa-a54d-12706a82790c/build]   | [INFO] Downloaded from central: https://repo.maven.apache.org/maven2/org/codehaus/plexus/plexus-interpolation/1.13/plexus-interpolation-1.13.jar (61 kB at 898 kB/s)
[b25e5e83-6073-40aa-a54d-12706a82790c/build]   | [INFO] Downloaded from central: https://repo.maven.apache.org/maven2/org/codehaus/plexus/plexus-utils/2.0.5/plexus-utils-2.0.5.jar (223 kB at 2.7 MB/s)
[b25e5e83-6073-40aa-a54d-12706a82790c/build]   | [INFO] Using 'UTF-8' encoding to copy filtered resources.
[b25e5e83-6073-40aa-a54d-12706a82790c/build]   | [INFO] Copying 4 resources
[b25e5e83-6073-40aa-a54d-12706a82790c/build]   | [INFO] 
[b25e5e83-6073-40aa-a54d-12706a82790c/build]   | [INFO] --- maven-compiler-plugin:3.11.0:compile (default-compile) @ jwarc ---
[b25e5e83-6073-40aa-a54d-12706a82790c/build]   | [INFO] Downloading from central: https://repo.maven.apache.org/maven2/org/apache/maven/shared/maven-shared-utils/3.3.4/maven-shared-utils-3.3.4.pom
[b25e5e83-6073-40aa-a54d-12706a82790c/build]   | [INFO] Downloaded from central: https://repo.maven.apache.org/maven2/org/apache/maven/shared/maven-shared-utils/3.3.4/maven-shared-utils-3.3.4.pom (5.8 kB at 833 kB/s)
[b25e5e83-6073-40aa-a54d-12706a82790c/build]   | [INFO] Downloading from central: https://repo.maven.apache.org/maven2/org/apache/maven/shared/maven-shared-components/34/maven-shared-components-34.pom
[b25e5e83-6073-40aa-a54d-12706a82790c/build]   | [INFO] Downloaded from central: https://repo.maven.apache.org/maven2/org/apache/maven/shared/maven-shared-components/34/maven-shared-components-34.pom (5.1 kB at 849 kB/s)
[b25e5e83-6073-40aa-a54d-12706a82790c/build]   | [INFO] Downloading from central: https://repo.maven.apache.org/maven2/commons-io/commons-io/2.6/commons-io-2.6.pom
[b25e5e83-6073-40aa-a54d-12706a82790c/build]   | [INFO] Downloaded from central: https://repo.maven.apache.org/maven2/commons-io/commons-io/2.6/commons-io-2.6.pom (14 kB at 1.6 MB/s)
[b25e5e83-6073-40aa-a54d-12706a82790c/build]   | [INFO] Downloading from central: https://repo.maven.apache.org/maven2/org/apache/commons/commons-parent/42/commons-parent-42.pom
[b25e5e83-6073-40aa-a54d-12706a82790c/build]   | [INFO] Downloaded from central: https://repo.maven.apache.org/maven2/org/apache/commons/commons-parent/42/commons-parent-42.pom (68 kB at 6.8 MB/s)
[b25e5e83-6073-40aa-a54d-12706a82790c/build]   | [INFO] Downloading from central: https://repo.maven.apache.org/maven2/org/apache/apache/18/apache-18.pom
[b25e5e83-6073-40aa-a54d-12706a82790c/build]   | [INFO] Downloaded from central: https://repo.maven.apache.org/maven2/org/apache/apache/18/apache-18.pom (16 kB at 2.2 MB/s)
[b25e5e83-6073-40aa-a54d-12706a82790c/build]   | [INFO] Downloading from central: https://repo.maven.apache.org/maven2/org/apache/maven/shared/maven-shared-incremental/1.1/maven-shared-incremental-1.1.pom
[b25e5e83-6073-40aa-a54d-12706a82790c/build]   | [INFO] Downloaded from central: https://repo.maven.apache.org/maven2/org/apache/maven/shared/maven-shared-incremental/1.1/maven-shared-incremental-1.1.pom (4.7 kB at 593 kB/s)
[b25e5e83-6073-40aa-a54d-12706a82790c/build]   | [INFO] Downloading from central: https://repo.maven.apache.org/maven2/org/apache/maven/shared/maven-shared-components/19/maven-shared-components-19.pom
[b25e5e83-6073-40aa-a54d-12706a82790c/build]   | [INFO] Downloaded from central: https://repo.maven.apache.org/maven2/org/apache/maven/shared/maven-shared-components/19/maven-shared-components-19.pom (6.4 kB at 530 kB/s)
[b25e5e83-6073-40aa-a54d-12706a82790c/build]   | [INFO] Downloading from central: https://repo.maven.apache.org/maven2/org/apache/maven/maven-parent/23/maven-parent-23.pom
[b25e5e83-6073-40aa-a54d-12706a82790c/build]   | [INFO] Downloaded from central: https://repo.maven.apache.org/maven2/org/apache/maven/maven-parent/23/maven-parent-23.pom (33 kB at 5.4 MB/s)
[b25e5e83-6073-40aa-a54d-12706a82790c/build]   | [INFO] Downloading from central: https://repo.maven.apache.org/maven2/org/apache/apache/13/apache-13.pom
[b25e5e83-6073-40aa-a54d-12706a82790c/build]   | [INFO] Downloaded from central: https://repo.maven.apache.org/maven2/org/apache/apache/13/apache-13.pom (14 kB at 2.0 MB/s)
[b25e5e83-6073-40aa-a54d-12706a82790c/build]   | [INFO] Downloading from central: https://repo.maven.apache.org/maven2/org/codehaus/plexus/plexus-component-annotations/1.5.5/plexus-component-annotations-1.5.5.pom
[b25e5e83-6073-40aa-a54d-12706a82790c/build]   | [INFO] Downloaded from central: https://repo.maven.apache.org/maven2/org/codehaus/plexus/plexus-component-annotations/1.5.5/plexus-component-annotations-1.5.5.pom (815 B at 116 kB/s)
[b25e5e83-6073-40aa-a54d-12706a82790c/build]   | [INFO] Downloading from central: https://repo.maven.apache.org/maven2/org/codehaus/plexus/plexus-containers/1.5.5/plexus-containers-1.5.5.pom
[b25e5e83-6073-40aa-a54d-12706a82790c/build]   | [INFO] Downloaded from central: https://repo.maven.apache.org/maven2/org/codehaus/plexus/plexus-containers/1.5.5/plexus-containers-1.5.5.pom (4.2 kB at 385 kB/s)
[b25e5e83-6073-40aa-a54d-12706a82790c/build]   | [INFO] Downloading from central: https://repo.maven.apache.org/maven2/org/codehaus/plexus/plexus/2.0.7/plexus-2.0.7.pom
[b25e5e83-6073-40aa-a54d-12706a82790c/build]   | [INFO] Downloaded from central: https://repo.maven.apache.org/maven2/org/codehaus/plexus/plexus/2.0.7/plexus-2.0.7.pom (17 kB at 1.6 MB/s)
[b25e5e83-6073-40aa-a54d-12706a82790c/build]   | [INFO] Downloading from central: https://repo.maven.apache.org/maven2/org/codehaus/plexus/plexus-java/1.1.2/plexus-java-1.1.2.pom
[b25e5e83-6073-40aa-a54d-12706a82790c/build]   | [INFO] Downloaded from central: https://repo.maven.apache.org/maven2/org/codehaus/plexus/plexus-java/1.1.2/plexus-java-1.1.2.pom (5.0 kB at 216 kB/s)
[b25e5e83-6073-40aa-a54d-12706a82790c/build]   | [INFO] Downloading from central: https://repo.maven.apache.org/maven2/org/codehaus/plexus/plexus-languages/1.1.2/plexus-languages-1.1.2.pom
[b25e5e83-6073-40aa-a54d-12706a82790c/build]   | [INFO] Downloaded from central: https://repo.maven.apache.org/maven2/org/codehaus/plexus/plexus-languages/1.1.2/plexus-languages-1.1.2.pom (4.1 kB at 230 kB/s)
[b25e5e83-6073-40aa-a54d-12706a82790c/build]   | [INFO] Downloading from central: https://repo.maven.apache.org/maven2/org/codehaus/plexus/plexus/10/plexus-10.pom
[b25e5e83-6073-40aa-a54d-12706a82790c/build]   | [INFO] Downloaded from central: https://repo.maven.apache.org/maven2/org/codehaus/plexus/plexus/10/plexus-10.pom (25 kB at 2.5 MB/s)
[b25e5e83-6073-40aa-a54d-12706a82790c/build]   | [INFO] Downloading from central: https://repo.maven.apache.org/maven2/org/ow2/asm/asm/9.4/asm-9.4.pom
[b25e5e83-6073-40aa-a54d-12706a82790c/build]   | [INFO] Downloaded from central: https://repo.maven.apache.org/maven2/org/ow2/asm/asm/9.4/asm-9.4.pom (2.4 kB at 182 kB/s)
[b25e5e83-6073-40aa-a54d-12706a82790c/build]   | [INFO] Downloading from central: https://repo.maven.apache.org/maven2/org/ow2/ow2/1.5.1/ow2-1.5.1.pom
[b25e5e83-6073-40aa-a54d-12706a82790c/build]   | [INFO] Downloaded from central: https://repo.maven.apache.org/maven2/org/ow2/ow2/1.5.1/ow2-1.5.1.pom (11 kB at 1.9 MB/s)
[b25e5e83-6073-40aa-a54d-12706a82790c/build]   | [INFO] Downloading from central: https://repo.maven.apache.org/maven2/com/thoughtworks/qdox/qdox/2.0.3/qdox-2.0.3.pom
[b25e5e83-6073-40aa-a54d-12706a82790c/build]   | [INFO] Downloaded from central: https://repo.maven.apache.org/maven2/com/thoughtworks/qdox/qdox/2.0.3/qdox-2.0.3.pom (17 kB at 1.6 MB/s)
[b25e5e83-6073-40aa-a54d-12706a82790c/build]   | [INFO] Downloading from central: https://repo.maven.apache.org/maven2/org/sonatype/oss/oss-parent/9/oss-parent-9.pom
[b25e5e83-6073-40aa-a54d-12706a82790c/build]   | [INFO] Downloaded from central: https://repo.maven.apache.org/maven2/org/sonatype/oss/oss-parent/9/oss-parent-9.pom (6.6 kB at 821 kB/s)
[b25e5e83-6073-40aa-a54d-12706a82790c/build]   | [INFO] Downloading from central: https://repo.maven.apache.org/maven2/org/codehaus/plexus/plexus-compiler-api/2.13.0/plexus-compiler-api-2.13.0.pom
[b25e5e83-6073-40aa-a54d-12706a82790c/build]   | [INFO] Downloaded from central: https://repo.maven.apache.org/maven2/org/codehaus/plexus/plexus-compiler-api/2.13.0/plexus-compiler-api-2.13.0.pom (1.1 kB at 117 kB/s)
[b25e5e83-6073-40aa-a54d-12706a82790c/build]   | [INFO] Downloading from central: https://repo.maven.apache.org/maven2/org/codehaus/plexus/plexus-compiler/2.13.0/plexus-compiler-2.13.0.pom
[b25e5e83-6073-40aa-a54d-12706a82790c/build]   | [INFO] Downloaded from central: https://repo.maven.apache.org/maven2/org/codehaus/plexus/plexus-compiler/2.13.0/plexus-compiler-2.13.0.pom (8.4 kB at 1.4 MB/s)
[b25e5e83-6073-40aa-a54d-12706a82790c/build]   | [INFO] Downloading from central: https://repo.maven.apache.org/maven2/org/codehaus/plexus/plexus-components/10.0/plexus-components-10.0.pom
[b25e5e83-6073-40aa-a54d-12706a82790c/build]   | [INFO] Downloaded from central: https://repo.maven.apache.org/maven2/org/codehaus/plexus/plexus-components/10.0/plexus-components-10.0.pom (2.7 kB at 298 kB/s)
[b25e5e83-6073-40aa-a54d-12706a82790c/build]   | [INFO] Downloading from central: https://repo.maven.apache.org/maven2/org/junit/junit-bom/5.9.1/junit-bom-5.9.1.pom
[b25e5e83-6073-40aa-a54d-12706a82790c/build]   | [INFO] Downloaded from central: https://repo.maven.apache.org/maven2/org/junit/junit-bom/5.9.1/junit-bom-5.9.1.pom (5.6 kB at 704 kB/s)
[b25e5e83-6073-40aa-a54d-12706a82790c/build]   | [INFO] Downloading from central: https://repo.maven.apache.org/maven2/org/codehaus/plexus/plexus-utils/3.5.0/plexus-utils-3.5.0.pom
[b25e5e83-6073-40aa-a54d-12706a82790c/build]   | [INFO] Downloaded from central: https://repo.maven.apache.org/maven2/org/codehaus/plexus/plexus-utils/3.5.0/plexus-utils-3.5.0.pom (8.0 kB at 1.0 MB/s)
[b25e5e83-6073-40aa-a54d-12706a82790c/build]   | [INFO] Downloading from central: https://repo.maven.apache.org/maven2/org/codehaus/plexus/plexus-compiler-manager/2.13.0/plexus-compiler-manager-2.13.0.pom
[b25e5e83-6073-40aa-a54d-12706a82790c/build]   | [INFO] Downloaded from central: https://repo.maven.apache.org/maven2/org/codehaus/plexus/plexus-compiler-manager/2.13.0/plexus-compiler-manager-2.13.0.pom (1.1 kB at 142 kB/s)
[b25e5e83-6073-40aa-a54d-12706a82790c/build]   | [INFO] Downloading from central: https://repo.maven.apache.org/maven2/org/codehaus/plexus/plexus-component-annotations/2.1.1/plexus-component-annotations-2.1.1.pom
[b25e5e83-6073-40aa-a54d-12706a82790c/build]   | [INFO] Downloaded from central: https://repo.maven.apache.org/maven2/org/codehaus/plexus/plexus-component-annotations/2.1.1/plexus-component-annotations-2.1.1.pom (770 B at 96 kB/s)
[b25e5e83-6073-40aa-a54d-12706a82790c/build]   | [INFO] Downloading from central: https://repo.maven.apache.org/maven2/org/codehaus/plexus/plexus-containers/2.1.1/plexus-containers-2.1.1.pom
[b25e5e83-6073-40aa-a54d-12706a82790c/build]   | [INFO] Downloaded from central: https://repo.maven.apache.org/maven2/org/codehaus/plexus/plexus-containers/2.1.1/plexus-containers-2.1.1.pom (6.0 kB at 862 kB/s)
[b25e5e83-6073-40aa-a54d-12706a82790c/build]   | [INFO] Downloading from central: https://repo.maven.apache.org/maven2/org/codehaus/plexus/plexus/6.5/plexus-6.5.pom
[b25e5e83-6073-40aa-a54d-12706a82790c/build]   | [INFO] Downloaded from central: https://repo.maven.apache.org/maven2/org/codehaus/plexus/plexus/6.5/plexus-6.5.pom (26 kB at 3.7 MB/s)
[b25e5e83-6073-40aa-a54d-12706a82790c/build]   | [INFO] Downloading from central: https://repo.maven.apache.org/maven2/org/codehaus/plexus/plexus-compiler-javac/2.13.0/plexus-compiler-javac-2.13.0.pom
[b25e5e83-6073-40aa-a54d-12706a82790c/build]   | [INFO] Downloaded from central: https://repo.maven.apache.org/maven2/org/codehaus/plexus/plexus-compiler-javac/2.13.0/plexus-compiler-javac-2.13.0.pom (1.2 kB at 172 kB/s)
[b25e5e83-6073-40aa-a54d-12706a82790c/build]   | [INFO] Downloading from central: https://repo.maven.apache.org/maven2/org/codehaus/plexus/plexus-compilers/2.13.0/plexus-compilers-2.13.0.pom
[b25e5e83-6073-40aa-a54d-12706a82790c/build]   | [INFO] Downloaded from central: https://repo.maven.apache.org/maven2/org/codehaus/plexus/plexus-compilers/2.13.0/plexus-compilers-2.13.0.pom (1.3 kB at 78 kB/s)
[b25e5e83-6073-40aa-a54d-12706a82790c/build]   | [INFO] Downloading from central: https://repo.maven.apache.org/maven2/org/apache/maven/shared/maven-shared-utils/3.3.4/maven-shared-utils-3.3.4.jar
[b25e5e83-6073-40aa-a54d-12706a82790c/build]   | [INFO] Downloading from central: https://repo.maven.apache.org/maven2/commons-io/commons-io/2.6/commons-io-2.6.jar
[b25e5e83-6073-40aa-a54d-12706a82790c/build]   | [INFO] Downloading from central: https://repo.maven.apache.org/maven2/org/apache/maven/shared/maven-shared-incremental/1.1/maven-shared-incremental-1.1.jar
[b25e5e83-6073-40aa-a54d-12706a82790c/build]   | [INFO] Downloading from central: https://repo.maven.apache.org/maven2/org/codehaus/plexus/plexus-component-annotations/1.5.5/plexus-component-annotations-1.5.5.jar
[b25e5e83-6073-40aa-a54d-12706a82790c/build]   | [INFO] Downloading from central: https://repo.maven.apache.org/maven2/org/codehaus/plexus/plexus-java/1.1.2/plexus-java-1.1.2.jar
[b25e5e83-6073-40aa-a54d-12706a82790c/build]   | [INFO] Downloaded from central: https://repo.maven.apache.org/maven2/org/codehaus/plexus/plexus-java/1.1.2/plexus-java-1.1.2.jar (55 kB at 1.7 MB/s)
[b25e5e83-6073-40aa-a54d-12706a82790c/build]   | [INFO] Downloading from central: https://repo.maven.apache.org/maven2/org/ow2/asm/asm/9.4/asm-9.4.jar
[b25e5e83-6073-40aa-a54d-12706a82790c/build]   | [INFO] Downloaded from central: https://repo.maven.apache.org/maven2/org/codehaus/plexus/plexus-component-annotations/1.5.5/plexus-component-annotations-1.5.5.jar (4.2 kB at 128 kB/s)
[b25e5e83-6073-40aa-a54d-12706a82790c/build]   | [INFO] Downloading from central: https://repo.maven.apache.org/maven2/com/thoughtworks/qdox/qdox/2.0.3/qdox-2.0.3.jar
[b25e5e83-6073-40aa-a54d-12706a82790c/build]   | [INFO] Downloaded from central: https://repo.maven.apache.org/maven2/org/apache/maven/shared/maven-shared-incremental/1.1/maven-shared-incremental-1.1.jar (14 kB at 315 kB/s)
[b25e5e83-6073-40aa-a54d-12706a82790c/build]   | [INFO] Downloaded from central: https://repo.maven.apache.org/maven2/org/apache/maven/shared/maven-shared-utils/3.3.4/maven-shared-utils-3.3.4.jar (153 kB at 3.5 MB/s)
[b25e5e83-6073-40aa-a54d-12706a82790c/build]   | [INFO] Downloading from central: https://repo.maven.apache.org/maven2/org/codehaus/plexus/plexus-utils/3.5.0/plexus-utils-3.5.0.jar
[b25e5e83-6073-40aa-a54d-12706a82790c/build]   | [INFO] Downloaded from central: https://repo.maven.apache.org/maven2/commons-io/commons-io/2.6/commons-io-2.6.jar (215 kB at 5.0 MB/s)
[b25e5e83-6073-40aa-a54d-12706a82790c/build]   | [INFO] Downloading from central: https://repo.maven.apache.org/maven2/org/codehaus/plexus/plexus-compiler-manager/2.13.0/plexus-compiler-manager-2.13.0.jar
[b25e5e83-6073-40aa-a54d-12706a82790c/build]   | [INFO] Downloading from central: https://repo.maven.apache.org/maven2/org/codehaus/plexus/plexus-compiler-api/2.13.0/plexus-compiler-api-2.13.0.jar
[b25e5e83-6073-40aa-a54d-12706a82790c/build]   | [INFO] Downloaded from central: https://repo.maven.apache.org/maven2/org/ow2/asm/asm/9.4/asm-9.4.jar (122 kB at 2.0 MB/s)
[b25e5e83-6073-40aa-a54d-12706a82790c/build]   | [INFO] Downloading from central: https://repo.maven.apache.org/maven2/org/codehaus/plexus/plexus-compiler-javac/2.13.0/plexus-compiler-javac-2.13.0.jar
[b25e5e83-6073-40aa-a54d-12706a82790c/build]   | [INFO] Downloaded from central: https://repo.maven.apache.org/maven2/com/thoughtworks/qdox/qdox/2.0.3/qdox-2.0.3.jar (334 kB at 3.9 MB/s)
[b25e5e83-6073-40aa-a54d-12706a82790c/build]   | [INFO] Downloaded from central: https://repo.maven.apache.org/maven2/org/codehaus/plexus/plexus-compiler-manager/2.13.0/plexus-compiler-manager-2.13.0.jar (4.7 kB at 55 kB/s)
[b25e5e83-6073-40aa-a54d-12706a82790c/build]   | [INFO] Downloaded from central: https://repo.maven.apache.org/maven2/org/codehaus/plexus/plexus-utils/3.5.0/plexus-utils-3.5.0.jar (267 kB at 3.1 MB/s)
[b25e5e83-6073-40aa-a54d-12706a82790c/build]   | [INFO] Downloaded from central: https://repo.maven.apache.org/maven2/org/codehaus/plexus/plexus-compiler-api/2.13.0/plexus-compiler-api-2.13.0.jar (27 kB at 314 kB/s)
[b25e5e83-6073-40aa-a54d-12706a82790c/build]   | [INFO] Downloaded from central: https://repo.maven.apache.org/maven2/org/codehaus/plexus/plexus-compiler-javac/2.13.0/plexus-compiler-javac-2.13.0.jar (23 kB at 259 kB/s)
[b25e5e83-6073-40aa-a54d-12706a82790c/build]   | [INFO] Changes detected - recompiling the module! :source
[b25e5e83-6073-40aa-a54d-12706a82790c/build]   | [INFO] Compiling 84 source files with javac [debug release 8] to target/classes
[b25e5e83-6073-40aa-a54d-12706a82790c/build]   | [INFO] 
[b25e5e83-6073-40aa-a54d-12706a82790c/build]   | [INFO] --- maven-resources-plugin:2.6:testResources (default-testResources) @ jwarc ---
[b25e5e83-6073-40aa-a54d-12706a82790c/build]   | [INFO] Using 'UTF-8' encoding to copy filtered resources.
[b25e5e83-6073-40aa-a54d-12706a82790c/build]   | [INFO] Copying 2 resources
[b25e5e83-6073-40aa-a54d-12706a82790c/build]   | [INFO] 
[b25e5e83-6073-40aa-a54d-12706a82790c/build]   | [INFO] --- maven-compiler-plugin:3.11.0:testCompile (default-testCompile) @ jwarc ---
[b25e5e83-6073-40aa-a54d-12706a82790c/build]   | [INFO] Changes detected - recompiling the module! :dependency
[b25e5e83-6073-40aa-a54d-12706a82790c/build]   | [INFO] Compiling 34 source files with javac [debug release 8] to target/test-classes
[b25e5e83-6073-40aa-a54d-12706a82790c/build]   | [INFO] 
[b25e5e83-6073-40aa-a54d-12706a82790c/build]   | [INFO] --- maven-surefire-plugin:2.12.4:test (default-test) @ jwarc ---
[b25e5e83-6073-40aa-a54d-12706a82790c/build]   | [INFO] Downloading from central: https://repo.maven.apache.org/maven2/org/apache/maven/maven-plugin-api/2.0.9/maven-plugin-api-2.0.9.pom
[b25e5e83-6073-40aa-a54d-12706a82790c/build]   | [INFO] Downloaded from central: https://repo.maven.apache.org/maven2/org/apache/maven/maven-plugin-api/2.0.9/maven-plugin-api-2.0.9.pom (1.5 kB at 23 kB/s)
[b25e5e83-6073-40aa-a54d-12706a82790c/build]   | [INFO] Downloading from central: https://repo.maven.apache.org/maven2/org/apache/maven/maven/2.0.9/maven-2.0.9.pom
[b25e5e83-6073-40aa-a54d-12706a82790c/build]   | [INFO] Downloaded from central: https://repo.maven.apache.org/maven2/org/apache/maven/maven/2.0.9/maven-2.0.9.pom (19 kB at 511 kB/s)
[b25e5e83-6073-40aa-a54d-12706a82790c/build]   | [INFO] Downloading from central: https://repo.maven.apache.org/maven2/org/apache/maven/maven-parent/8/maven-parent-8.pom
[b25e5e83-6073-40aa-a54d-12706a82790c/build]   | [INFO] Downloaded from central: https://repo.maven.apache.org/maven2/org/apache/maven/maven-parent/8/maven-parent-8.pom (24 kB at 670 kB/s)
[b25e5e83-6073-40aa-a54d-12706a82790c/build]   | [INFO] Downloading from central: https://repo.maven.apache.org/maven2/org/apache/apache/4/apache-4.pom
[b25e5e83-6073-40aa-a54d-12706a82790c/build]   | [INFO] Downloaded from central: https://repo.maven.apache.org/maven2/org/apache/apache/4/apache-4.pom (4.5 kB at 125 kB/s)
[b25e5e83-6073-40aa-a54d-12706a82790c/build]   | [INFO] Downloading from central: https://repo.maven.apache.org/maven2/org/apache/maven/surefire/surefire-booter/2.12.4/surefire-booter-2.12.4.pom
[b25e5e83-6073-40aa-a54d-12706a82790c/build]   | [INFO] Downloaded from central: https://repo.maven.apache.org/maven2/org/apache/maven/surefire/surefire-booter/2.12.4/surefire-booter-2.12.4.pom (3.0 kB at 98 kB/s)
[b25e5e83-6073-40aa-a54d-12706a82790c/build]   | [INFO] Downloading from central: https://repo.maven.apache.org/maven2/org/apache/maven/surefire/surefire-api/2.12.4/surefire-api-2.12.4.pom
[b25e5e83-6073-40aa-a54d-12706a82790c/build]   | [INFO] Downloaded from central: https://repo.maven.apache.org/maven2/org/apache/maven/surefire/surefire-api/2.12.4/surefire-api-2.12.4.pom (2.5 kB at 89 kB/s)
[b25e5e83-6073-40aa-a54d-12706a82790c/build]   | [INFO] Downloading from central: https://repo.maven.apache.org/maven2/org/apache/maven/surefire/maven-surefire-common/2.12.4/maven-surefire-common-2.12.4.pom
[b25e5e83-6073-40aa-a54d-12706a82790c/build]   | [INFO] Downloaded from central: https://repo.maven.apache.org/maven2/org/apache/maven/surefire/maven-surefire-common/2.12.4/maven-surefire-common-2.12.4.pom (5.5 kB at 191 kB/s)
[b25e5e83-6073-40aa-a54d-12706a82790c/build]   | [INFO] Downloading from central: https://repo.maven.apache.org/maven2/org/apache/maven/plugin-tools/maven-plugin-annotations/3.1/maven-plugin-annotations-3.1.pom
[b25e5e83-6073-40aa-a54d-12706a82790c/build]   | [INFO] Downloaded from central: https://repo.maven.apache.org/maven2/org/apache/maven/plugin-tools/maven-plugin-annotations/3.1/maven-plugin-annotations-3.1.pom (1.6 kB at 43 kB/s)
[b25e5e83-6073-40aa-a54d-12706a82790c/build]   | [INFO] Downloading from central: https://repo.maven.apache.org/maven2/org/apache/maven/plugin-tools/maven-plugin-tools/3.1/maven-plugin-tools-3.1.pom
[b25e5e83-6073-40aa-a54d-12706a82790c/build]   | [INFO] Downloaded from central: https://repo.maven.apache.org/maven2/org/apache/maven/plugin-tools/maven-plugin-tools/3.1/maven-plugin-tools-3.1.pom (16 kB at 426 kB/s)
[b25e5e83-6073-40aa-a54d-12706a82790c/build]   | [INFO] Downloading from central: https://repo.maven.apache.org/maven2/org/apache/maven/maven-artifact/2.0.9/maven-artifact-2.0.9.pom
[b25e5e83-6073-40aa-a54d-12706a82790c/build]   | [INFO] Downloaded from central: https://repo.maven.apache.org/maven2/org/apache/maven/maven-artifact/2.0.9/maven-artifact-2.0.9.pom (1.6 kB at 33 kB/s)
[b25e5e83-6073-40aa-a54d-12706a82790c/build]   | [INFO] Downloading from central: https://repo.maven.apache.org/maven2/org/codehaus/plexus/plexus-utils/3.0.8/plexus-utils-3.0.8.pom
[b25e5e83-6073-40aa-a54d-12706a82790c/build]   | [INFO] Downloaded from central: https://repo.maven.apache.org/maven2/org/codehaus/plexus/plexus-utils/3.0.8/plexus-utils-3.0.8.pom (3.1 kB at 58 kB/s)
[b25e5e83-6073-40aa-a54d-12706a82790c/build]   | [INFO] Downloading from central: https://repo.maven.apache.org/maven2/org/codehaus/plexus/plexus/3.2/plexus-3.2.pom
[b25e5e83-6073-40aa-a54d-12706a82790c/build]   | [INFO] Downloaded from central: https://repo.maven.apache.org/maven2/org/codehaus/plexus/plexus/3.2/plexus-3.2.pom (19 kB at 408 kB/s)
[b25e5e83-6073-40aa-a54d-12706a82790c/build]   | [INFO] Downloading from central: https://repo.maven.apache.org/maven2/org/sonatype/spice/spice-parent/17/spice-parent-17.pom
[b25e5e83-6073-40aa-a54d-12706a82790c/build]   | [INFO] Downloaded from central: https://repo.maven.apache.org/maven2/org/sonatype/spice/spice-parent/17/spice-parent-17.pom (6.8 kB at 133 kB/s)
[b25e5e83-6073-40aa-a54d-12706a82790c/build]   | [INFO] Downloading from central: https://repo.maven.apache.org/maven2/org/sonatype/forge/forge-parent/10/forge-parent-10.pom
[b25e5e83-6073-40aa-a54d-12706a82790c/build]   | [INFO] Downloaded from central: https://repo.maven.apache.org/maven2/org/sonatype/forge/forge-parent/10/forge-parent-10.pom (14 kB at 266 kB/s)
[b25e5e83-6073-40aa-a54d-12706a82790c/build]   | [INFO] Downloading from central: https://repo.maven.apache.org/maven2/org/apache/maven/maven-project/2.0.9/maven-project-2.0.9.pom
[b25e5e83-6073-40aa-a54d-12706a82790c/build]   | [INFO] Downloaded from central: https://repo.maven.apache.org/maven2/org/apache/maven/maven-project/2.0.9/maven-project-2.0.9.pom (2.7 kB at 85 kB/s)
[b25e5e83-6073-40aa-a54d-12706a82790c/build]   | [INFO] Downloading from central: https://repo.maven.apache.org/maven2/org/apache/maven/maven-settings/2.0.9/maven-settings-2.0.9.pom
[b25e5e83-6073-40aa-a54d-12706a82790c/build]   | [INFO] Downloaded from central: https://repo.maven.apache.org/maven2/org/apache/maven/maven-settings/2.0.9/maven-settings-2.0.9.pom (2.1 kB at 89 kB/s)
[b25e5e83-6073-40aa-a54d-12706a82790c/build]   | [INFO] Downloading from central: https://repo.maven.apache.org/maven2/org/apache/maven/maven-model/2.0.9/maven-model-2.0.9.pom
[b25e5e83-6073-40aa-a54d-12706a82790c/build]   | [INFO] Downloaded from central: https://repo.maven.apache.org/maven2/org/apache/maven/maven-model/2.0.9/maven-model-2.0.9.pom (3.1 kB at 143 kB/s)
[b25e5e83-6073-40aa-a54d-12706a82790c/build]   | [INFO] Downloading from central: https://repo.maven.apache.org/maven2/org/apache/maven/maven-profile/2.0.9/maven-profile-2.0.9.pom
[b25e5e83-6073-40aa-a54d-12706a82790c/build]   | [INFO] Downloaded from central: https://repo.maven.apache.org/maven2/org/apache/maven/maven-profile/2.0.9/maven-profile-2.0.9.pom (2.0 kB at 98 kB/s)
[b25e5e83-6073-40aa-a54d-12706a82790c/build]   | [INFO] Downloading from central: https://repo.maven.apache.org/maven2/org/apache/maven/maven-artifact-manager/2.0.9/maven-artifact-manager-2.0.9.pom
[b25e5e83-6073-40aa-a54d-12706a82790c/build]   | [INFO] Downloaded from central: https://repo.maven.apache.org/maven2/org/apache/maven/maven-artifact-manager/2.0.9/maven-artifact-manager-2.0.9.pom (2.7 kB at 75 kB/s)
[b25e5e83-6073-40aa-a54d-12706a82790c/build]   | [INFO] Downloading from central: https://repo.maven.apache.org/maven2/org/apache/maven/maven-repository-metadata/2.0.9/maven-repository-metadata-2.0.9.pom
[b25e5e83-6073-40aa-a54d-12706a82790c/build]   | [INFO] Downloaded from central: https://repo.maven.apache.org/maven2/org/apache/maven/maven-repository-metadata/2.0.9/maven-repository-metadata-2.0.9.pom (1.9 kB at 106 kB/s)
[b25e5e83-6073-40aa-a54d-12706a82790c/build]   | [INFO] Downloading from central: https://repo.maven.apache.org/maven2/org/apache/maven/maven-plugin-registry/2.0.9/maven-plugin-registry-2.0.9.pom
[b25e5e83-6073-40aa-a54d-12706a82790c/build]   | [INFO] Downloaded from central: https://repo.maven.apache.org/maven2/org/apache/maven/maven-plugin-registry/2.0.9/maven-plugin-registry-2.0.9.pom (2.0 kB at 94 kB/s)
[b25e5e83-6073-40aa-a54d-12706a82790c/build]   | [INFO] Downloading from central: https://repo.maven.apache.org/maven2/org/apache/maven/maven-core/2.0.9/maven-core-2.0.9.pom
[b25e5e83-6073-40aa-a54d-12706a82790c/build]   | [INFO] Downloaded from central: https://repo.maven.apache.org/maven2/org/apache/maven/maven-core/2.0.9/maven-core-2.0.9.pom (7.8 kB at 371 kB/s)
[b25e5e83-6073-40aa-a54d-12706a82790c/build]   | [INFO] Downloading from central: https://repo.maven.apache.org/maven2/org/apache/maven/maven-plugin-parameter-documenter/2.0.9/maven-plugin-parameter-documenter-2.0.9.pom
[b25e5e83-6073-40aa-a54d-12706a82790c/build]   | [INFO] Downloaded from central: https://repo.maven.apache.org/maven2/org/apache/maven/maven-plugin-parameter-documenter/2.0.9/maven-plugin-parameter-documenter-2.0.9.pom (2.0 kB at 98 kB/s)
[b25e5e83-6073-40aa-a54d-12706a82790c/build]   | [INFO] Downloading from central: https://repo.maven.apache.org/maven2/org/apache/maven/reporting/maven-reporting-api/2.0.9/maven-reporting-api-2.0.9.pom
[b25e5e83-6073-40aa-a54d-12706a82790c/build]   | [INFO] Downloaded from central: https://repo.maven.apache.org/maven2/org/apache/maven/reporting/maven-reporting-api/2.0.9/maven-reporting-api-2.0.9.pom (1.8 kB at 75 kB/s)
[b25e5e83-6073-40aa-a54d-12706a82790c/build]   | [INFO] Downloading from central: https://repo.maven.apache.org/maven2/org/apache/maven/reporting/maven-reporting/2.0.9/maven-reporting-2.0.9.pom
[b25e5e83-6073-40aa-a54d-12706a82790c/build]   | [INFO] Downloaded from central: https://repo.maven.apache.org/maven2/org/apache/maven/reporting/maven-reporting/2.0.9/maven-reporting-2.0.9.pom (1.5 kB at 123 kB/s)
[b25e5e83-6073-40aa-a54d-12706a82790c/build]   | [INFO] Downloading from central: https://repo.maven.apache.org/maven2/org/apache/maven/maven-error-diagnostics/2.0.9/maven-error-diagnostics-2.0.9.pom
[b25e5e83-6073-40aa-a54d-12706a82790c/build]   | [INFO] Downloaded from central: https://repo.maven.apache.org/maven2/org/apache/maven/maven-error-diagnostics/2.0.9/maven-error-diagnostics-2.0.9.pom (1.7 kB at 103 kB/s)
[b25e5e83-6073-40aa-a54d-12706a82790c/build]   | [INFO] Downloading from central: https://repo.maven.apache.org/maven2/org/apache/maven/maven-plugin-descriptor/2.0.9/maven-plugin-descriptor-2.0.9.pom
[b25e5e83-6073-40aa-a54d-12706a82790c/build]   | [INFO] Downloaded from central: https://repo.maven.apache.org/maven2/org/apache/maven/maven-plugin-descriptor/2.0.9/maven-plugin-descriptor-2.0.9.pom (2.1 kB at 130 kB/s)
[b25e5e83-6073-40aa-a54d-12706a82790c/build]   | [INFO] Downloading from central: https://repo.maven.apache.org/maven2/org/apache/maven/maven-monitor/2.0.9/maven-monitor-2.0.9.pom
[b25e5e83-6073-40aa-a54d-12706a82790c/build]   | [INFO] Downloaded from central: https://repo.maven.apache.org/maven2/org/apache/maven/maven-monitor/2.0.9/maven-monitor-2.0.9.pom (1.3 kB at 64 kB/s)
[b25e5e83-6073-40aa-a54d-12706a82790c/build]   | [INFO] Downloading from central: https://repo.maven.apache.org/maven2/org/apache/maven/maven-toolchain/2.0.9/maven-toolchain-2.0.9.pom
[b25e5e83-6073-40aa-a54d-12706a82790c/build]   | [INFO] Downloaded from central: https://repo.maven.apache.org/maven2/org/apache/maven/maven-toolchain/2.0.9/maven-toolchain-2.0.9.pom (3.5 kB at 267 kB/s)
[b25e5e83-6073-40aa-a54d-12706a82790c/build]   | [INFO] Downloading from central: https://repo.maven.apache.org/maven2/org/apache/commons/commons-lang3/3.1/commons-lang3-3.1.pom
[b25e5e83-6073-40aa-a54d-12706a82790c/build]   | [INFO] Downloaded from central: https://repo.maven.apache.org/maven2/org/apache/commons/commons-lang3/3.1/commons-lang3-3.1.pom (17 kB at 371 kB/s)
[b25e5e83-6073-40aa-a54d-12706a82790c/build]   | [INFO] Downloading from central: https://repo.maven.apache.org/maven2/org/apache/commons/commons-parent/22/commons-parent-22.pom
[b25e5e83-6073-40aa-a54d-12706a82790c/build]   | [INFO] Downloaded from central: https://repo.maven.apache.org/maven2/org/apache/commons/commons-parent/22/commons-parent-22.pom (42 kB at 5.2 MB/s)
[b25e5e83-6073-40aa-a54d-12706a82790c/build]   | [INFO] Downloading from central: https://repo.maven.apache.org/maven2/org/apache/apache/9/apache-9.pom
[b25e5e83-6073-40aa-a54d-12706a82790c/build]   | [INFO] Downloaded from central: https://repo.maven.apache.org/maven2/org/apache/apache/9/apache-9.pom (15 kB at 1.5 MB/s)
[b25e5e83-6073-40aa-a54d-12706a82790c/build]   | [INFO] Downloading from central: https://repo.maven.apache.org/maven2/org/apache/maven/shared/maven-common-artifact-filters/1.3/maven-common-artifact-filters-1.3.pom
[b25e5e83-6073-40aa-a54d-12706a82790c/build]   | [INFO] Downloaded from central: https://repo.maven.apache.org/maven2/org/apache/maven/shared/maven-common-artifact-filters/1.3/maven-common-artifact-filters-1.3.pom (3.7 kB at 119 kB/s)
[b25e5e83-6073-40aa-a54d-12706a82790c/build]   | [INFO] Downloading from central: https://repo.maven.apache.org/maven2/org/apache/maven/shared/maven-shared-components/12/maven-shared-components-12.pom
[b25e5e83-6073-40aa-a54d-12706a82790c/build]   | [INFO] Downloaded from central: https://repo.maven.apache.org/maven2/org/apache/maven/shared/maven-shared-components/12/maven-shared-components-12.pom (9.3 kB at 346 kB/s)
[b25e5e83-6073-40aa-a54d-12706a82790c/build]   | [INFO] Downloading from central: https://repo.maven.apache.org/maven2/org/apache/maven/maven-parent/13/maven-parent-13.pom
[b25e5e83-6073-40aa-a54d-12706a82790c/build]   | [INFO] Downloaded from central: https://repo.maven.apache.org/maven2/org/apache/maven/maven-parent/13/maven-parent-13.pom (23 kB at 1.3 MB/s)
[b25e5e83-6073-40aa-a54d-12706a82790c/build]   | [INFO] Downloading from central: https://repo.maven.apache.org/maven2/org/apache/apache/6/apache-6.pom
[b25e5e83-6073-40aa-a54d-12706a82790c/build]   | [INFO] Downloaded from central: https://repo.maven.apache.org/maven2/org/apache/apache/6/apache-6.pom (13 kB at 853 kB/s)
[b25e5e83-6073-40aa-a54d-12706a82790c/build]   | [INFO] Downloading from central: https://repo.maven.apache.org/maven2/org/codehaus/plexus/plexus-container-default/1.0-alpha-9/plexus-container-default-1.0-alpha-9.pom
[b25e5e83-6073-40aa-a54d-12706a82790c/build]   | [INFO] Downloaded from central: https://repo.maven.apache.org/maven2/org/codehaus/plexus/plexus-container-default/1.0-alpha-9/plexus-container-default-1.0-alpha-9.pom (1.2 kB at 82 kB/s)
[b25e5e83-6073-40aa-a54d-12706a82790c/build]   | [INFO] Downloading from central: https://repo.maven.apache.org/maven2/org/apache/maven/maven-plugin-api/2.0.9/maven-plugin-api-2.0.9.jar
[b25e5e83-6073-40aa-a54d-12706a82790c/build]   | [INFO] Downloading from central: https://repo.maven.apache.org/maven2/org/apache/maven/surefire/surefire-booter/2.12.4/surefire-booter-2.12.4.jar
[b25e5e83-6073-40aa-a54d-12706a82790c/build]   | [INFO] Downloading from central: https://repo.maven.apache.org/maven2/org/apache/maven/surefire/surefire-api/2.12.4/surefire-api-2.12.4.jar
[b25e5e83-6073-40aa-a54d-12706a82790c/build]   | [INFO] Downloading from central: https://repo.maven.apache.org/maven2/org/apache/maven/surefire/maven-surefire-common/2.12.4/maven-surefire-common-2.12.4.jar
[b25e5e83-6073-40aa-a54d-12706a82790c/build]   | [INFO] Downloading from central: https://repo.maven.apache.org/maven2/org/apache/commons/commons-lang3/3.1/commons-lang3-3.1.jar
[b25e5e83-6073-40aa-a54d-12706a82790c/build]   | [INFO] Downloaded from central: https://repo.maven.apache.org/maven2/org/apache/maven/maven-plugin-api/2.0.9/maven-plugin-api-2.0.9.jar (13 kB at 537 kB/s)
[b25e5e83-6073-40aa-a54d-12706a82790c/build]   | [INFO] Downloading from central: https://repo.maven.apache.org/maven2/org/apache/maven/shared/maven-common-artifact-filters/1.3/maven-common-artifact-filters-1.3.jar
[b25e5e83-6073-40aa-a54d-12706a82790c/build]   | [INFO] Downloaded from central: https://repo.maven.apache.org/maven2/org/apache/maven/surefire/surefire-api/2.12.4/surefire-api-2.12.4.jar (118 kB at 4.7 MB/s)
[b25e5e83-6073-40aa-a54d-12706a82790c/build]   | [INFO] Downloading from central: https://repo.maven.apache.org/maven2/org/codehaus/plexus/plexus-utils/3.0.8/plexus-utils-3.0.8.jar
[b25e5e83-6073-40aa-a54d-12706a82790c/build]   | [INFO] Downloaded from central: https://repo.maven.apache.org/maven2/org/apache/commons/commons-lang3/3.1/commons-lang3-3.1.jar (316 kB at 11 MB/s)
[b25e5e83-6073-40aa-a54d-12706a82790c/build]   | [INFO] Downloading from central: https://repo.maven.apache.org/maven2/org/apache/maven/maven-artifact/2.0.9/maven-artifact-2.0.9.jar
[b25e5e83-6073-40aa-a54d-12706a82790c/build]   | [INFO] Downloaded from central: https://repo.maven.apache.org/maven2/org/apache/maven/surefire/surefire-booter/2.12.4/surefire-booter-2.12.4.jar (35 kB at 1.1 MB/s)
[b25e5e83-6073-40aa-a54d-12706a82790c/build]   | [INFO] Downloading from central: https://repo.maven.apache.org/maven2/org/apache/maven/maven-project/2.0.9/maven-project-2.0.9.jar
[b25e5e83-6073-40aa-a54d-12706a82790c/build]   | [INFO] Downloaded from central: https://repo.maven.apache.org/maven2/org/apache/maven/shared/maven-common-artifact-filters/1.3/maven-common-artifact-filters-1.3.jar (31 kB at 634 kB/s)
[b25e5e83-6073-40aa-a54d-12706a82790c/build]   | [INFO] Downloading from central: https://repo.maven.apache.org/maven2/org/apache/maven/maven-settings/2.0.9/maven-settings-2.0.9.jar
[b25e5e83-6073-40aa-a54d-12706a82790c/build]   | [INFO] Downloaded from central: https://repo.maven.apache.org/maven2/org/apache/maven/surefire/maven-surefire-common/2.12.4/maven-surefire-common-2.12.4.jar (263 kB at 4.7 MB/s)
[b25e5e83-6073-40aa-a54d-12706a82790c/build]   | [INFO] Downloading from central: https://repo.maven.apache.org/maven2/org/apache/maven/maven-profile/2.0.9/maven-profile-2.0.9.jar
[b25e5e83-6073-40aa-a54d-12706a82790c/build]   | [INFO] Downloaded from central: https://repo.maven.apache.org/maven2/org/apache/maven/maven-artifact/2.0.9/maven-artifact-2.0.9.jar (89 kB at 1.5 MB/s)
[b25e5e83-6073-40aa-a54d-12706a82790c/build]   | [INFO] Downloading from central: https://repo.maven.apache.org/maven2/org/apache/maven/maven-model/2.0.9/maven-model-2.0.9.jar
[b25e5e83-6073-40aa-a54d-12706a82790c/build]   | [INFO] Downloaded from central: https://repo.maven.apache.org/maven2/org/apache/maven/maven-project/2.0.9/maven-project-2.0.9.jar (122 kB at 1.9 MB/s)
[b25e5e83-6073-40aa-a54d-12706a82790c/build]   | [INFO] Downloading from central: https://repo.maven.apache.org/maven2/org/apache/maven/maven-artifact-manager/2.0.9/maven-artifact-manager-2.0.9.jar
[b25e5e83-6073-40aa-a54d-12706a82790c/build]   | [INFO] Downloaded from central: https://repo.maven.apache.org/maven2/org/apache/maven/maven-settings/2.0.9/maven-settings-2.0.9.jar (49 kB at 744 kB/s)
[b25e5e83-6073-40aa-a54d-12706a82790c/build]   | [INFO] Downloading from central: https://repo.maven.apache.org/maven2/org/apache/maven/maven-plugin-registry/2.0.9/maven-plugin-registry-2.0.9.jar
[b25e5e83-6073-40aa-a54d-12706a82790c/build]   | [INFO] Downloaded from central: https://repo.maven.apache.org/maven2/org/codehaus/plexus/plexus-utils/3.0.8/plexus-utils-3.0.8.jar (232 kB at 3.3 MB/s)
[b25e5e83-6073-40aa-a54d-12706a82790c/build]   | [INFO] Downloading from central: https://repo.maven.apache.org/maven2/org/apache/maven/maven-core/2.0.9/maven-core-2.0.9.jar
[b25e5e83-6073-40aa-a54d-12706a82790c/build]   | [INFO] Downloaded from central: https://repo.maven.apache.org/maven2/org/apache/maven/maven-profile/2.0.9/maven-profile-2.0.9.jar (35 kB at 528 kB/s)
[b25e5e83-6073-40aa-a54d-12706a82790c/build]   | [INFO] Downloading from central: https://repo.maven.apache.org/maven2/org/apache/maven/maven-plugin-parameter-documenter/2.0.9/maven-plugin-parameter-documenter-2.0.9.jar
[b25e5e83-6073-40aa-a54d-12706a82790c/build]   | [INFO] Downloaded from central: https://repo.maven.apache.org/maven2/org/apache/maven/maven-model/2.0.9/maven-model-2.0.9.jar (87 kB at 1.1 MB/s)
[b25e5e83-6073-40aa-a54d-12706a82790c/build]   | [INFO] Downloading from central: https://repo.maven.apache.org/maven2/org/apache/maven/reporting/maven-reporting-api/2.0.9/maven-reporting-api-2.0.9.jar
[b25e5e83-6073-40aa-a54d-12706a82790c/build]   | [INFO] Downloaded from central: https://repo.maven.apache.org/maven2/org/apache/maven/maven-plugin-registry/2.0.9/maven-plugin-registry-2.0.9.jar (29 kB at 368 kB/s)
[b25e5e83-6073-40aa-a54d-12706a82790c/build]   | [INFO] Downloading from central: https://repo.maven.apache.org/maven2/org/apache/maven/maven-repository-metadata/2.0.9/maven-repository-metadata-2.0.9.jar
[b25e5e83-6073-40aa-a54d-12706a82790c/build]   | [INFO] Downloaded from central: https://repo.maven.apache.org/maven2/org/apache/maven/maven-artifact-manager/2.0.9/maven-artifact-manager-2.0.9.jar (58 kB at 732 kB/s)
[b25e5e83-6073-40aa-a54d-12706a82790c/build]   | [INFO] Downloading from central: https://repo.maven.apache.org/maven2/org/apache/maven/maven-error-diagnostics/2.0.9/maven-error-diagnostics-2.0.9.jar
[b25e5e83-6073-40aa-a54d-12706a82790c/build]   | [INFO] Downloaded from central: https://repo.maven.apache.org/maven2/org/apache/maven/maven-core/2.0.9/maven-core-2.0.9.jar (160 kB at 1.9 MB/s)
[b25e5e83-6073-40aa-a54d-12706a82790c/build]   | [INFO] Downloading from central: https://repo.maven.apache.org/maven2/org/apache/maven/maven-plugin-descriptor/2.0.9/maven-plugin-descriptor-2.0.9.jar
[b25e5e83-6073-40aa-a54d-12706a82790c/build]   | [INFO] Downloaded from central: https://repo.maven.apache.org/maven2/org/apache/maven/maven-plugin-parameter-documenter/2.0.9/maven-plugin-parameter-documenter-2.0.9.jar (21 kB at 252 kB/s)
[b25e5e83-6073-40aa-a54d-12706a82790c/build]   | [INFO] Downloading from central: https://repo.maven.apache.org/maven2/org/apache/maven/maven-monitor/2.0.9/maven-monitor-2.0.9.jar
[b25e5e83-6073-40aa-a54d-12706a82790c/build]   | [INFO] Downloaded from central: https://repo.maven.apache.org/maven2/org/apache/maven/reporting/maven-reporting-api/2.0.9/maven-reporting-api-2.0.9.jar (10 kB at 111 kB/s)
[b25e5e83-6073-40aa-a54d-12706a82790c/build]   | [INFO] Downloading from central: https://repo.maven.apache.org/maven2/org/apache/maven/maven-toolchain/2.0.9/maven-toolchain-2.0.9.jar
[b25e5e83-6073-40aa-a54d-12706a82790c/build]   | [INFO] Downloaded from central: https://repo.maven.apache.org/maven2/org/apache/maven/maven-repository-metadata/2.0.9/maven-repository-metadata-2.0.9.jar (25 kB at 261 kB/s)
[b25e5e83-6073-40aa-a54d-12706a82790c/build]   | [INFO] Downloading from central: https://repo.maven.apache.org/maven2/org/apache/maven/plugin-tools/maven-plugin-annotations/3.1/maven-plugin-annotations-3.1.jar
[b25e5e83-6073-40aa-a54d-12706a82790c/build]   | [INFO] Downloaded from central: https://repo.maven.apache.org/maven2/org/apache/maven/maven-error-diagnostics/2.0.9/maven-error-diagnostics-2.0.9.jar (14 kB at 145 kB/s)
[b25e5e83-6073-40aa-a54d-12706a82790c/build]   | [INFO] Downloaded from central: https://repo.maven.apache.org/maven2/org/apache/maven/maven-plugin-descriptor/2.0.9/maven-plugin-descriptor-2.0.9.jar (37 kB at 390 kB/s)
[b25e5e83-6073-40aa-a54d-12706a82790c/build]   | [INFO] Downloaded from central: https://repo.maven.apache.org/maven2/org/apache/maven/maven-monitor/2.0.9/maven-monitor-2.0.9.jar (10 kB at 104 kB/s)
[b25e5e83-6073-40aa-a54d-12706a82790c/build]   | [INFO] Downloaded from central: https://repo.maven.apache.org/maven2/org/apache/maven/plugin-tools/maven-plugin-annotations/3.1/maven-plugin-annotations-3.1.jar (14 kB at 127 kB/s)
[b25e5e83-6073-40aa-a54d-12706a82790c/build]   | [INFO] Downloaded from central: https://repo.maven.apache.org/maven2/org/apache/maven/maven-toolchain/2.0.9/maven-toolchain-2.0.9.jar (38 kB at 309 kB/s)
[b25e5e83-6073-40aa-a54d-12706a82790c/build]   | [INFO] Surefire report directory: /tmp/30b63549-b4c7-41d3-9ede-8266e13efa15/target/surefire-reports
[b25e5e83-6073-40aa-a54d-12706a82790c/build]   | [INFO] Downloading from central: https://repo.maven.apache.org/maven2/org/apache/maven/surefire/surefire-junit4/2.12.4/surefire-junit4-2.12.4.pom
[b25e5e83-6073-40aa-a54d-12706a82790c/build]   | [INFO] Downloaded from central: https://repo.maven.apache.org/maven2/org/apache/maven/surefire/surefire-junit4/2.12.4/surefire-junit4-2.12.4.pom (2.4 kB at 268 kB/s)
[b25e5e83-6073-40aa-a54d-12706a82790c/build]   | [INFO] Downloading from central: https://repo.maven.apache.org/maven2/org/apache/maven/surefire/surefire-providers/2.12.4/surefire-providers-2.12.4.pom
[b25e5e83-6073-40aa-a54d-12706a82790c/build]   | [INFO] Downloaded from central: https://repo.maven.apache.org/maven2/org/apache/maven/surefire/surefire-providers/2.12.4/surefire-providers-2.12.4.pom (2.3 kB at 235 kB/s)
[b25e5e83-6073-40aa-a54d-12706a82790c/build]   | [INFO] Downloading from central: https://repo.maven.apache.org/maven2/org/apache/maven/surefire/surefire-junit4/2.12.4/surefire-junit4-2.12.4.jar
[b25e5e83-6073-40aa-a54d-12706a82790c/build]   | [INFO] Downloaded from central: https://repo.maven.apache.org/maven2/org/apache/maven/surefire/surefire-junit4/2.12.4/surefire-junit4-2.12.4.jar (37 kB at 1.5 MB/s)
[b25e5e83-6073-40aa-a54d-12706a82790c/build]   | 
[b25e5e83-6073-40aa-a54d-12706a82790c/build]   | -------------------------------------------------------
[b25e5e83-6073-40aa-a54d-12706a82790c/build]   |  T E S T S
[b25e5e83-6073-40aa-a54d-12706a82790c/build]   | -------------------------------------------------------
[b25e5e83-6073-40aa-a54d-12706a82790c/build]   | Running org.netpreserve.jwarc.HttpParserTest
[b25e5e83-6073-40aa-a54d-12706a82790c/build]   | Tests run: 6, Failures: 0, Errors: 0, Skipped: 0, Time elapsed: 0.086 sec
[b25e5e83-6073-40aa-a54d-12706a82790c/build]   | Running org.netpreserve.jwarc.GzipChannelTest
[b25e5e83-6073-40aa-a54d-12706a82790c/build]   | Tests run: 4, Failures: 0, Errors: 0, Skipped: 0, Time elapsed: 0 sec
[b25e5e83-6073-40aa-a54d-12706a82790c/build]   | Running org.netpreserve.jwarc.HttpRequestTest
[b25e5e83-6073-40aa-a54d-12706a82790c/build]   | Tests run: 3, Failures: 0, Errors: 0, Skipped: 0, Time elapsed: 0.003 sec
[b25e5e83-6073-40aa-a54d-12706a82790c/build]   | Running org.netpreserve.jwarc.WarcDigestTest
[b25e5e83-6073-40aa-a54d-12706a82790c/build]   | Tests run: 10, Failures: 0, Errors: 0, Skipped: 0, Time elapsed: 0.086 sec
[b25e5e83-6073-40aa-a54d-12706a82790c/build]   | Running org.netpreserve.jwarc.ChunkedBodyTest
[b25e5e83-6073-40aa-a54d-12706a82790c/build]   | Tests run: 6, Failures: 0, Errors: 0, Skipped: 0, Time elapsed: 0.008 sec
[b25e5e83-6073-40aa-a54d-12706a82790c/build]   | Running org.netpreserve.jwarc.GunzipChannelTest
[b25e5e83-6073-40aa-a54d-12706a82790c/build]   | Tests run: 6, Failures: 0, Errors: 0, Skipped: 1, Time elapsed: 0.017 sec
[b25e5e83-6073-40aa-a54d-12706a82790c/build]   | Running org.netpreserve.jwarc.WarcTargetRecordTest
[b25e5e83-6073-40aa-a54d-12706a82790c/build]   | Tests run: 2, Failures: 0, Errors: 0, Skipped: 0, Time elapsed: 0.004 sec
[b25e5e83-6073-40aa-a54d-12706a82790c/build]   | Running org.netpreserve.jwarc.HttpResponseTest
[b25e5e83-6073-40aa-a54d-12706a82790c/build]   | Tests run: 2, Failures: 0, Errors: 0, Skipped: 0, Time elapsed: 0.006 sec
[b25e5e83-6073-40aa-a54d-12706a82790c/build]   | Running org.netpreserve.jwarc.URIsTest
[b25e5e83-6073-40aa-a54d-12706a82790c/build]   | Tests run: 1, Failures: 0, Errors: 0, Skipped: 0, Time elapsed: 0.003 sec
[b25e5e83-6073-40aa-a54d-12706a82790c/build]   | Running org.netpreserve.jwarc.cdx.CdxFormatTest
[b25e5e83-6073-40aa-a54d-12706a82790c/build]   | Tests run: 4, Failures: 0, Errors: 0, Skipped: 0, Time elapsed: 0.047 sec
[b25e5e83-6073-40aa-a54d-12706a82790c/build]   | Running org.netpreserve.jwarc.cdx.JsonTokenizerTest
[b25e5e83-6073-40aa-a54d-12706a82790c/build]   | Tests run: 1, Failures: 0, Errors: 0, Skipped: 0, Time elapsed: 0.004 sec
[b25e5e83-6073-40aa-a54d-12706a82790c/build]   | Running org.netpreserve.jwarc.cdx.CdxWriterTest
[b25e5e83-6073-40aa-a54d-12706a82790c/build]   | Tests run: 1, Failures: 0, Errors: 0, Skipped: 0, Time elapsed: 0.035 sec
[b25e5e83-6073-40aa-a54d-12706a82790c/build]   | Running org.netpreserve.jwarc.cdx.CdxReaderTest
[b25e5e83-6073-40aa-a54d-12706a82790c/build]   | Tests run: 1, Failures: 0, Errors: 0, Skipped: 0, Time elapsed: 0 sec
[b25e5e83-6073-40aa-a54d-12706a82790c/build]   | Running org.netpreserve.jwarc.cdx.CdxRequestEncoderTest
[b25e5e83-6073-40aa-a54d-12706a82790c/build]   | Tests run: 2, Failures: 0, Errors: 0, Skipped: 1, Time elapsed: 0.035 sec
[b25e5e83-6073-40aa-a54d-12706a82790c/build]   | Running org.netpreserve.jwarc.MessageHeadersTest
[b25e5e83-6073-40aa-a54d-12706a82790c/build]   | Tests run: 1, Failures: 0, Errors: 0, Skipped: 0, Time elapsed: 0.009 sec
[b25e5e83-6073-40aa-a54d-12706a82790c/build]   | Running org.netpreserve.jwarc.LengthedBodyTest
[b25e5e83-6073-40aa-a54d-12706a82790c/build]   | Tests run: 1, Failures: 0, Errors: 0, Skipped: 0, Time elapsed: 0.006 sec
[b25e5e83-6073-40aa-a54d-12706a82790c/build]   | Running org.netpreserve.jwarc.WarcRecordTest
[b25e5e83-6073-40aa-a54d-12706a82790c/build]   | Tests run: 2, Failures: 0, Errors: 0, Skipped: 0, Time elapsed: 0.008 sec
[b25e5e83-6073-40aa-a54d-12706a82790c/build]   | Running org.netpreserve.jwarc.apitests.MediaTypeTest
[b25e5e83-6073-40aa-a54d-12706a82790c/build]   | Tests run: 1, Failures: 0, Errors: 0, Skipped: 0, Time elapsed: 0.003 sec
[b25e5e83-6073-40aa-a54d-12706a82790c/build]   | Running org.netpreserve.jwarc.apitests.MessageVersionTest
[b25e5e83-6073-40aa-a54d-12706a82790c/build]   | Tests run: 1, Failures: 0, Errors: 0, Skipped: 0, Time elapsed: 0.002 sec
[b25e5e83-6073-40aa-a54d-12706a82790c/build]   | Running org.netpreserve.jwarc.apitests.WarcReaderTest
[b25e5e83-6073-40aa-a54d-12706a82790c/build]   | Failed testing pre-populated buffer of 3378 bytes length
[b25e5e83-6073-40aa-a54d-12706a82790c/build]   | Tests run: 9, Failures: 0, Errors: 0, Skipped: 1, Time elapsed: 0.801 sec
[b25e5e83-6073-40aa-a54d-12706a82790c/build]   | Running org.netpreserve.jwarc.apitests.WarcinfoTest
[b25e5e83-6073-40aa-a54d-12706a82790c/build]   | Tests run: 2, Failures: 0, Errors: 0, Skipped: 0, Time elapsed: 0.004 sec
[b25e5e83-6073-40aa-a54d-12706a82790c/build]   | Running org.netpreserve.jwarc.apitests.WarcConversionTest
[b25e5e83-6073-40aa-a54d-12706a82790c/build]   | Tests run: 2, Failures: 0, Errors: 0, Skipped: 0, Time elapsed: 0.002 sec
[b25e5e83-6073-40aa-a54d-12706a82790c/build]   | Running org.netpreserve.jwarc.apitests.ArcTest
[b25e5e83-6073-40aa-a54d-12706a82790c/build]   | Tests run: 1, Failures: 0, Errors: 0, Skipped: 0, Time elapsed: 0.009 sec
[b25e5e83-6073-40aa-a54d-12706a82790c/build]   | Running org.netpreserve.jwarc.apitests.WarcResourceTest
[b25e5e83-6073-40aa-a54d-12706a82790c/build]   | Tests run: 1, Failures: 0, Errors: 0, Skipped: 0, Time elapsed: 0.002 sec
[b25e5e83-6073-40aa-a54d-12706a82790c/build]   | Running org.netpreserve.jwarc.apitests.WarcRevisitTest
[b25e5e83-6073-40aa-a54d-12706a82790c/build]   | Tests run: 3, Failures: 0, Errors: 0, Skipped: 0, Time elapsed: 0.008 sec
[b25e5e83-6073-40aa-a54d-12706a82790c/build]   | Running org.netpreserve.jwarc.apitests.WarcFilterTest
[b25e5e83-6073-40aa-a54d-12706a82790c/build]   | Tests run: 1, Failures: 0, Errors: 0, Skipped: 0, Time elapsed: 0.027 sec
[b25e5e83-6073-40aa-a54d-12706a82790c/build]   | Running org.netpreserve.jwarc.apitests.WarcResponseTest
[b25e5e83-6073-40aa-a54d-12706a82790c/build]   | Tests run: 6, Failures: 0, Errors: 0, Skipped: 0, Time elapsed: 0.05 sec
[b25e5e83-6073-40aa-a54d-12706a82790c/build]   | Running org.netpreserve.jwarc.apitests.WarcWriterTest
[b25e5e83-6073-40aa-a54d-12706a82790c/build]   | Tests run: 2, Failures: 0, Errors: 0, Skipped: 0, Time elapsed: 0.17 sec
[b25e5e83-6073-40aa-a54d-12706a82790c/build]   | Running org.netpreserve.jwarc.apitests.WarcRequestTest
[b25e5e83-6073-40aa-a54d-12706a82790c/build]   | Tests run: 4, Failures: 0, Errors: 0, Skipped: 0, Time elapsed: 0.008 sec
[b25e5e83-6073-40aa-a54d-12706a82790c/build]   | Running org.netpreserve.jwarc.apitests.WarcMetadataTest
[b25e5e83-6073-40aa-a54d-12706a82790c/build]   | Tests run: 2, Failures: 0, Errors: 0, Skipped: 0, Time elapsed: 0.001 sec
[b25e5e83-6073-40aa-a54d-12706a82790c/build]   | Running org.netpreserve.jwarc.apitests.WarcContinuationTest
[b25e5e83-6073-40aa-a54d-12706a82790c/build]   | Tests run: 2, Failures: 0, Errors: 0, Skipped: 0, Time elapsed: 0.002 sec
[b25e5e83-6073-40aa-a54d-12706a82790c/build]   | Running org.netpreserve.jwarc.WarcParserTest
[b25e5e83-6073-40aa-a54d-12706a82790c/build]   | Tests run: 1, Failures: 0, Errors: 0, Skipped: 0, Time elapsed: 0.001 sec
[b25e5e83-6073-40aa-a54d-12706a82790c/build]   | Running org.netpreserve.jwarc.net.WarcServerTest
[b25e5e83-6073-40aa-a54d-12706a82790c/build]   | Tests run: 1, Failures: 0, Errors: 0, Skipped: 0, Time elapsed: 0.06 sec
[b25e5e83-6073-40aa-a54d-12706a82790c/build]   | 
[b25e5e83-6073-40aa-a54d-12706a82790c/build]   | Results :
[b25e5e83-6073-40aa-a54d-12706a82790c/build]   | 
[b25e5e83-6073-40aa-a54d-12706a82790c/build]   | Tests run: 92, Failures: 0, Errors: 0, Skipped: 3
[b25e5e83-6073-40aa-a54d-12706a82790c/build]   | 
[b25e5e83-6073-40aa-a54d-12706a82790c/build]   | [INFO] 
[b25e5e83-6073-40aa-a54d-12706a82790c/build]   | [INFO] --- maven-jar-plugin:3.2.2:jar (default-jar) @ jwarc ---
[b25e5e83-6073-40aa-a54d-12706a82790c/build]   | [INFO] Downloading from central: https://repo.maven.apache.org/maven2/org/apache/maven/maven-plugin-api/3.1.0/maven-plugin-api-3.1.0.pom
[b25e5e83-6073-40aa-a54d-12706a82790c/build]   | [INFO] Downloaded from central: https://repo.maven.apache.org/maven2/org/apache/maven/maven-plugin-api/3.1.0/maven-plugin-api-3.1.0.pom (3.0 kB at 380 kB/s)
[b25e5e83-6073-40aa-a54d-12706a82790c/build]   | [INFO] Downloading from central: https://repo.maven.apache.org/maven2/org/apache/maven/maven/3.1.0/maven-3.1.0.pom
[b25e5e83-6073-40aa-a54d-12706a82790c/build]   | [INFO] Downloaded from central: https://repo.maven.apache.org/maven2/org/apache/maven/maven/3.1.0/maven-3.1.0.pom (22 kB at 1.1 MB/s)
[b25e5e83-6073-40aa-a54d-12706a82790c/build]   | [INFO] Downloading from central: https://repo.maven.apache.org/maven2/org/apache/maven/maven-model/3.1.0/maven-model-3.1.0.pom
[b25e5e83-6073-40aa-a54d-12706a82790c/build]   | [INFO] Downloaded from central: https://repo.maven.apache.org/maven2/org/apache/maven/maven-model/3.1.0/maven-model-3.1.0.pom (3.8 kB at 475 kB/s)
[b25e5e83-6073-40aa-a54d-12706a82790c/build]   | [INFO] Downloading from central: https://repo.maven.apache.org/maven2/org/codehaus/plexus/plexus-utils/3.0.10/plexus-utils-3.0.10.pom
[b25e5e83-6073-40aa-a54d-12706a82790c/build]   | [INFO] Downloaded from central: https://repo.maven.apache.org/maven2/org/codehaus/plexus/plexus-utils/3.0.10/plexus-utils-3.0.10.pom (3.1 kB at 349 kB/s)
[b25e5e83-6073-40aa-a54d-12706a82790c/build]   | [INFO] Downloading from central: https://repo.maven.apache.org/maven2/org/codehaus/plexus/plexus/3.3/plexus-3.3.pom
[b25e5e83-6073-40aa-a54d-12706a82790c/build]   | [INFO] Downloaded from central: https://repo.maven.apache.org/maven2/org/codehaus/plexus/plexus/3.3/plexus-3.3.pom (20 kB at 2.8 MB/s)
[b25e5e83-6073-40aa-a54d-12706a82790c/build]   | [INFO] Downloading from central: https://repo.maven.apache.org/maven2/org/apache/maven/maven-artifact/3.1.0/maven-artifact-3.1.0.pom
[b25e5e83-6073-40aa-a54d-12706a82790c/build]   | [INFO] Downloaded from central: https://repo.maven.apache.org/maven2/org/apache/maven/maven-artifact/3.1.0/maven-artifact-3.1.0.pom (1.6 kB at 181 kB/s)
[b25e5e83-6073-40aa-a54d-12706a82790c/build]   | [INFO] Downloading from central: https://repo.maven.apache.org/maven2/org/eclipse/sisu/org.eclipse.sisu.plexus/0.0.0.M2a/org.eclipse.sisu.plexus-0.0.0.M2a.pom
[b25e5e83-6073-40aa-a54d-12706a82790c/build]   | [INFO] Downloaded from central: https://repo.maven.apache.org/maven2/org/eclipse/sisu/org.eclipse.sisu.plexus/0.0.0.M2a/org.eclipse.sisu.plexus-0.0.0.M2a.pom (5.9 kB at 655 kB/s)
[b25e5e83-6073-40aa-a54d-12706a82790c/build]   | [INFO] Downloading from central: https://repo.maven.apache.org/maven2/org/eclipse/sisu/sisu-plexus/0.0.0.M2a/sisu-plexus-0.0.0.M2a.pom
[b25e5e83-6073-40aa-a54d-12706a82790c/build]   | [INFO] Downloaded from central: https://repo.maven.apache.org/maven2/org/eclipse/sisu/sisu-plexus/0.0.0.M2a/sisu-plexus-0.0.0.M2a.pom (7.9 kB at 879 kB/s)
[b25e5e83-6073-40aa-a54d-12706a82790c/build]   | [INFO] Downloading from central: https://repo.maven.apache.org/maven2/org/sonatype/oss/oss-parent/7/oss-parent-7.pom
[b25e5e83-6073-40aa-a54d-12706a82790c/build]   | [INFO] Downloaded from central: https://repo.maven.apache.org/maven2/org/sonatype/oss/oss-parent/7/oss-parent-7.pom (4.8 kB at 603 kB/s)
[b25e5e83-6073-40aa-a54d-12706a82790c/build]   | [INFO] Downloading from central: https://repo.maven.apache.org/maven2/javax/enterprise/cdi-api/1.0/cdi-api-1.0.pom
[b25e5e83-6073-40aa-a54d-12706a82790c/build]   | [INFO] Downloaded from central: https://repo.maven.apache.org/maven2/javax/enterprise/cdi-api/1.0/cdi-api-1.0.pom (1.4 kB at 205 kB/s)
[b25e5e83-6073-40aa-a54d-12706a82790c/build]   | [INFO] Downloading from central: https://repo.maven.apache.org/maven2/org/jboss/weld/weld-api-parent/1.0/weld-api-parent-1.0.pom
[b25e5e83-6073-40aa-a54d-12706a82790c/build]   | [INFO] Downloaded from central: https://repo.maven.apache.org/maven2/org/jboss/weld/weld-api-parent/1.0/weld-api-parent-1.0.pom (2.4 kB at 181 kB/s)
[b25e5e83-6073-40aa-a54d-12706a82790c/build]   | [INFO] Downloading from central: https://repo.maven.apache.org/maven2/org/jboss/weld/weld-api-bom/1.0/weld-api-bom-1.0.pom
[b25e5e83-6073-40aa-a54d-12706a82790c/build]   | [INFO] Downloaded from central: https://repo.maven.apache.org/maven2/org/jboss/weld/weld-api-bom/1.0/weld-api-bom-1.0.pom (7.9 kB at 1.1 MB/s)
[b25e5e83-6073-40aa-a54d-12706a82790c/build]   | [INFO] Downloading from central: https://repo.maven.apache.org/maven2/org/jboss/weld/weld-parent/6/weld-parent-6.pom
[b25e5e83-6073-40aa-a54d-12706a82790c/build]   | [INFO] Downloaded from central: https://repo.maven.apache.org/maven2/org/jboss/weld/weld-parent/6/weld-parent-6.pom (21 kB at 4.1 MB/s)
[b25e5e83-6073-40aa-a54d-12706a82790c/build]   | [INFO] Downloading from central: https://repo.maven.apache.org/maven2/javax/annotation/jsr250-api/1.0/jsr250-api-1.0.pom
[b25e5e83-6073-40aa-a54d-12706a82790c/build]   | [INFO] Downloaded from central: https://repo.maven.apache.org/maven2/javax/annotation/jsr250-api/1.0/jsr250-api-1.0.pom (1.0 kB at 85 kB/s)
[b25e5e83-6073-40aa-a54d-12706a82790c/build]   | [INFO] Downloading from central: https://repo.maven.apache.org/maven2/javax/inject/javax.inject/1/javax.inject-1.pom
[b25e5e83-6073-40aa-a54d-12706a82790c/build]   | [INFO] Downloaded from central: https://repo.maven.apache.org/maven2/javax/inject/javax.inject/1/javax.inject-1.pom (612 B at 56 kB/s)
[b25e5e83-6073-40aa-a54d-12706a82790c/build]   | [INFO] Downloading from central: https://repo.maven.apache.org/maven2/com/google/guava/guava/10.0.1/guava-10.0.1.pom
[b25e5e83-6073-40aa-a54d-12706a82790c/build]   | [INFO] Downloaded from central: https://repo.maven.apache.org/maven2/com/google/guava/guava/10.0.1/guava-10.0.1.pom (5.4 kB at 283 kB/s)
[b25e5e83-6073-40aa-a54d-12706a82790c/build]   | [INFO] Downloading from central: https://repo.maven.apache.org/maven2/com/google/guava/guava-parent/10.0.1/guava-parent-10.0.1.pom
[b25e5e83-6073-40aa-a54d-12706a82790c/build]   | [INFO] Downloaded from central: https://repo.maven.apache.org/maven2/com/google/guava/guava-parent/10.0.1/guava-parent-10.0.1.pom (2.0 kB at 196 kB/s)
[b25e5e83-6073-40aa-a54d-12706a82790c/build]   | [INFO] Downloading from central: https://repo.maven.apache.org/maven2/com/google/code/findbugs/jsr305/1.3.9/jsr305-1.3.9.pom
[b25e5e83-6073-40aa-a54d-12706a82790c/build]   | [INFO] Downloaded from central: https://repo.maven.apache.org/maven2/com/google/code/findbugs/jsr305/1.3.9/jsr305-1.3.9.pom (965 B at 57 kB/s)
[b25e5e83-6073-40aa-a54d-12706a82790c/build]   | [INFO] Downloading from central: https://repo.maven.apache.org/maven2/org/sonatype/sisu/sisu-guice/3.1.0/sisu-guice-3.1.0.pom
[b25e5e83-6073-40aa-a54d-12706a82790c/build]   | [INFO] Downloaded from central: https://repo.maven.apache.org/maven2/org/sonatype/sisu/sisu-guice/3.1.0/sisu-guice-3.1.0.pom (10 kB at 634 kB/s)
[b25e5e83-6073-40aa-a54d-12706a82790c/build]   | [INFO] Downloading from central: https://repo.maven.apache.org/maven2/org/sonatype/sisu/inject/guice-parent/3.1.0/guice-parent-3.1.0.pom
[b25e5e83-6073-40aa-a54d-12706a82790c/build]   | [INFO] Downloaded from central: https://repo.maven.apache.org/maven2/org/sonatype/sisu/inject/guice-parent/3.1.0/guice-parent-3.1.0.pom (11 kB at 728 kB/s)
[b25e5e83-6073-40aa-a54d-12706a82790c/build]   | [INFO] Downloading from central: https://repo.maven.apache.org/maven2/aopalliance/aopalliance/1.0/aopalliance-1.0.pom
[b25e5e83-6073-40aa-a54d-12706a82790c/build]   | [INFO] Downloaded from central: https://repo.maven.apache.org/maven2/aopalliance/aopalliance/1.0/aopalliance-1.0.pom (363 B at 23 kB/s)
[b25e5e83-6073-40aa-a54d-12706a82790c/build]   | [INFO] Downloading from central: https://repo.maven.apache.org/maven2/org/eclipse/sisu/org.eclipse.sisu.inject/0.0.0.M2a/org.eclipse.sisu.inject-0.0.0.M2a.pom
[b25e5e83-6073-40aa-a54d-12706a82790c/build]   | [INFO] Downloaded from central: https://repo.maven.apache.org/maven2/org/eclipse/sisu/org.eclipse.sisu.inject/0.0.0.M2a/org.eclipse.sisu.inject-0.0.0.M2a.pom (5.0 kB at 276 kB/s)
[b25e5e83-6073-40aa-a54d-12706a82790c/build]   | [INFO] Downloading from central: https://repo.maven.apache.org/maven2/org/eclipse/sisu/sisu-inject/0.0.0.M2a/sisu-inject-0.0.0.M2a.pom
[b25e5e83-6073-40aa-a54d-12706a82790c/build]   | [INFO] Downloaded from central: https://repo.maven.apache.org/maven2/org/eclipse/sisu/sisu-inject/0.0.0.M2a/sisu-inject-0.0.0.M2a.pom (7.8 kB at 459 kB/s)
[b25e5e83-6073-40aa-a54d-12706a82790c/build]   | [INFO] Downloading from central: https://repo.maven.apache.org/maven2/asm/asm/3.3.1/asm-3.3.1.pom
[b25e5e83-6073-40aa-a54d-12706a82790c/build]   | [INFO] Downloaded from central: https://repo.maven.apache.org/maven2/asm/asm/3.3.1/asm-3.3.1.pom (266 B at 20 kB/s)
[b25e5e83-6073-40aa-a54d-12706a82790c/build]   | [INFO] Downloading from central: https://repo.maven.apache.org/maven2/asm/asm-parent/3.3.1/asm-parent-3.3.1.pom
[b25e5e83-6073-40aa-a54d-12706a82790c/build]   | [INFO] Downloaded from central: https://repo.maven.apache.org/maven2/asm/asm-parent/3.3.1/asm-parent-3.3.1.pom (4.3 kB at 309 kB/s)
[b25e5e83-6073-40aa-a54d-12706a82790c/build]   | [INFO] Downloading from central: https://repo.maven.apache.org/maven2/org/codehaus/plexus/plexus-component-annotations/2.0.0/plexus-component-annotations-2.0.0.pom
[b25e5e83-6073-40aa-a54d-12706a82790c/build]   | [INFO] Downloaded from central: https://repo.maven.apache.org/maven2/org/codehaus/plexus/plexus-component-annotations/2.0.0/plexus-component-annotations-2.0.0.pom (750 B at 54 kB/s)
[b25e5e83-6073-40aa-a54d-12706a82790c/build]   | [INFO] Downloading from central: https://repo.maven.apache.org/maven2/org/codehaus/plexus/plexus-containers/2.0.0/plexus-containers-2.0.0.pom
[b25e5e83-6073-40aa-a54d-12706a82790c/build]   | [INFO] Downloaded from central: https://repo.maven.apache.org/maven2/org/codehaus/plexus/plexus-containers/2.0.0/plexus-containers-2.0.0.pom (4.8 kB at 534 kB/s)
[b25e5e83-6073-40aa-a54d-12706a82790c/build]   | [INFO] Downloading from central: https://repo.maven.apache.org/maven2/org/codehaus/plexus/plexus/5.1/plexus-5.1.pom
[b25e5e83-6073-40aa-a54d-12706a82790c/build]   | [INFO] Downloaded from central: https://repo.maven.apache.org/maven2/org/codehaus/plexus/plexus/5.1/plexus-5.1.pom (23 kB at 1.6 MB/s)
[b25e5e83-6073-40aa-a54d-12706a82790c/build]   | [INFO] Downloading from central: https://repo.maven.apache.org/maven2/org/codehaus/plexus/plexus-classworlds/2.4/plexus-classworlds-2.4.pom
[b25e5e83-6073-40aa-a54d-12706a82790c/build]   | [INFO] Downloaded from central: https://repo.maven.apache.org/maven2/org/codehaus/plexus/plexus-classworlds/2.4/plexus-classworlds-2.4.pom (3.9 kB at 647 kB/s)
[b25e5e83-6073-40aa-a54d-12706a82790c/build]   | [INFO] Downloading from central: https://repo.maven.apache.org/maven2/org/codehaus/plexus/plexus-utils/2.1/plexus-utils-2.1.pom
[b25e5e83-6073-40aa-a54d-12706a82790c/build]   | [INFO] Downloaded from central: https://repo.maven.apache.org/maven2/org/codehaus/plexus/plexus-utils/2.1/plexus-utils-2.1.pom (4.0 kB at 576 kB/s)
[b25e5e83-6073-40aa-a54d-12706a82790c/build]   | [INFO] Downloading from central: https://repo.maven.apache.org/maven2/org/sonatype/spice/spice-parent/16/spice-parent-16.pom
[b25e5e83-6073-40aa-a54d-12706a82790c/build]   | [INFO] Downloaded from central: https://repo.maven.apache.org/maven2/org/sonatype/spice/spice-parent/16/spice-parent-16.pom (8.4 kB at 1.2 MB/s)
[b25e5e83-6073-40aa-a54d-12706a82790c/build]   | [INFO] Downloading from central: https://repo.maven.apache.org/maven2/org/sonatype/forge/forge-parent/5/forge-parent-5.pom
[b25e5e83-6073-40aa-a54d-12706a82790c/build]   | [INFO] Downloaded from central: https://repo.maven.apache.org/maven2/org/sonatype/forge/forge-parent/5/forge-parent-5.pom (8.4 kB at 492 kB/s)
[b25e5e83-6073-40aa-a54d-12706a82790c/build]   | [INFO] Downloading from central: https://repo.maven.apache.org/maven2/org/apache/maven/maven-core/3.1.0/maven-core-3.1.0.pom
[b25e5e83-6073-40aa-a54d-12706a82790c/build]   | [INFO] Downloaded from central: https://repo.maven.apache.org/maven2/org/apache/maven/maven-core/3.1.0/maven-core-3.1.0.pom (6.9 kB at 301 kB/s)
[b25e5e83-6073-40aa-a54d-12706a82790c/build]   | [INFO] Downloading from central: https://repo.maven.apache.org/maven2/org/apache/maven/maven-settings/3.1.0/maven-settings-3.1.0.pom
[b25e5e83-6073-40aa-a54d-12706a82790c/build]   | [INFO] Downloaded from central: https://repo.maven.apache.org/maven2/org/apache/maven/maven-settings/3.1.0/maven-settings-3.1.0.pom (1.8 kB at 153 kB/s)
[b25e5e83-6073-40aa-a54d-12706a82790c/build]   | [INFO] Downloading from central: https://repo.maven.apache.org/maven2/org/apache/maven/maven-settings-builder/3.1.0/maven-settings-builder-3.1.0.pom
[b25e5e83-6073-40aa-a54d-12706a82790c/build]   | [INFO] Downloaded from central: https://repo.maven.apache.org/maven2/org/apache/maven/maven-settings-builder/3.1.0/maven-settings-builder-3.1.0.pom (2.3 kB at 282 kB/s)
[b25e5e83-6073-40aa-a54d-12706a82790c/build]   | [INFO] Downloading from central: https://repo.maven.apache.org/maven2/org/codehaus/plexus/plexus-interpolation/1.16/plexus-interpolation-1.16.pom
[b25e5e83-6073-40aa-a54d-12706a82790c/build]   | [INFO] Downloaded from central: https://repo.maven.apache.org/maven2/org/codehaus/plexus/plexus-interpolation/1.16/plexus-interpolation-1.16.pom (1.0 kB at 114 kB/s)
[b25e5e83-6073-40aa-a54d-12706a82790c/build]   | [INFO] Downloading from central: https://repo.maven.apache.org/maven2/org/codehaus/plexus/plexus-components/1.3/plexus-components-1.3.pom
[b25e5e83-6073-40aa-a54d-12706a82790c/build]   | [INFO] Downloaded from central: https://repo.maven.apache.org/maven2/org/codehaus/plexus/plexus-components/1.3/plexus-components-1.3.pom (3.1 kB at 204 kB/s)
[b25e5e83-6073-40aa-a54d-12706a82790c/build]   | [INFO] Downloading from central: https://repo.maven.apache.org/maven2/org/sonatype/plexus/plexus-sec-dispatcher/1.3/plexus-sec-dispatcher-1.3.pom
[b25e5e83-6073-40aa-a54d-12706a82790c/build]   | [INFO] Downloaded from central: https://repo.maven.apache.org/maven2/org/sonatype/plexus/plexus-sec-dispatcher/1.3/plexus-sec-dispatcher-1.3.pom (3.0 kB at 41 kB/s)
[b25e5e83-6073-40aa-a54d-12706a82790c/build]   | [INFO] Downloading from central: https://repo.maven.apache.org/maven2/org/sonatype/spice/spice-parent/12/spice-parent-12.pom
[b25e5e83-6073-40aa-a54d-12706a82790c/build]   | [INFO] Downloaded from central: https://repo.maven.apache.org/maven2/org/sonatype/spice/spice-parent/12/spice-parent-12.pom (6.8 kB at 234 kB/s)
[b25e5e83-6073-40aa-a54d-12706a82790c/build]   | [INFO] Downloading from central: https://repo.maven.apache.org/maven2/org/sonatype/forge/forge-parent/4/forge-parent-4.pom
[b25e5e83-6073-40aa-a54d-12706a82790c/build]   | [INFO] Downloaded from central: https://repo.maven.apache.org/maven2/org/sonatype/forge/forge-parent/4/forge-parent-4.pom (8.4 kB at 560 kB/s)
[b25e5e83-6073-40aa-a54d-12706a82790c/build]   | [INFO] Downloading from central: https://repo.maven.apache.org/maven2/org/codehaus/plexus/plexus-utils/1.5.5/plexus-utils-1.5.5.pom
[b25e5e83-6073-40aa-a54d-12706a82790c/build]   | [INFO] Downloaded from central: https://repo.maven.apache.org/maven2/org/codehaus/plexus/plexus-utils/1.5.5/plexus-utils-1.5.5.pom (5.1 kB at 322 kB/s)
[b25e5e83-6073-40aa-a54d-12706a82790c/build]   | [INFO] Downloading from central: https://repo.maven.apache.org/maven2/org/sonatype/plexus/plexus-cipher/1.4/plexus-cipher-1.4.pom
[b25e5e83-6073-40aa-a54d-12706a82790c/build]   | [INFO] Downloaded from central: https://repo.maven.apache.org/maven2/org/sonatype/plexus/plexus-cipher/1.4/plexus-cipher-1.4.pom (2.1 kB at 121 kB/s)
[b25e5e83-6073-40aa-a54d-12706a82790c/build]   | [INFO] Downloading from central: https://repo.maven.apache.org/maven2/org/apache/maven/maven-repository-metadata/3.1.0/maven-repository-metadata-3.1.0.pom
[b25e5e83-6073-40aa-a54d-12706a82790c/build]   | [INFO] Downloaded from central: https://repo.maven.apache.org/maven2/org/apache/maven/maven-repository-metadata/3.1.0/maven-repository-metadata-3.1.0.pom (1.9 kB at 270 kB/s)
[b25e5e83-6073-40aa-a54d-12706a82790c/build]   | [INFO] Downloading from central: https://repo.maven.apache.org/maven2/org/apache/maven/maven-model-builder/3.1.0/maven-model-builder-3.1.0.pom
[b25e5e83-6073-40aa-a54d-12706a82790c/build]   | [INFO] Downloaded from central: https://repo.maven.apache.org/maven2/org/apache/maven/maven-model-builder/3.1.0/maven-model-builder-3.1.0.pom (2.5 kB at 82 kB/s)
[b25e5e83-6073-40aa-a54d-12706a82790c/build]   | [INFO] Downloading from central: https://repo.maven.apache.org/maven2/org/apache/maven/maven-aether-provider/3.1.0/maven-aether-provider-3.1.0.pom
[b25e5e83-6073-40aa-a54d-12706a82790c/build]   | [INFO] Downloaded from central: https://repo.maven.apache.org/maven2/org/apache/maven/maven-aether-provider/3.1.0/maven-aether-provider-3.1.0.pom (3.5 kB at 272 kB/s)
[b25e5e83-6073-40aa-a54d-12706a82790c/build]   | [INFO] Downloading from central: https://repo.maven.apache.org/maven2/org/eclipse/aether/aether-api/0.9.0.M2/aether-api-0.9.0.M2.pom
[b25e5e83-6073-40aa-a54d-12706a82790c/build]   | [INFO] Downloaded from central: https://repo.maven.apache.org/maven2/org/eclipse/aether/aether-api/0.9.0.M2/aether-api-0.9.0.M2.pom (1.7 kB at 217 kB/s)
[b25e5e83-6073-40aa-a54d-12706a82790c/build]   | [INFO] Downloading from central: https://repo.maven.apache.org/maven2/org/eclipse/aether/aether/0.9.0.M2/aether-0.9.0.M2.pom
[b25e5e83-6073-40aa-a54d-12706a82790c/build]   | [INFO] Downloaded from central: https://repo.maven.apache.org/maven2/org/eclipse/aether/aether/0.9.0.M2/aether-0.9.0.M2.pom (28 kB at 1.3 MB/s)
[b25e5e83-6073-40aa-a54d-12706a82790c/build]   | [INFO] Downloading from central: https://repo.maven.apache.org/maven2/org/eclipse/aether/aether-spi/0.9.0.M2/aether-spi-0.9.0.M2.pom
[b25e5e83-6073-40aa-a54d-12706a82790c/build]   | [INFO] Downloaded from central: https://repo.maven.apache.org/maven2/org/eclipse/aether/aether-spi/0.9.0.M2/aether-spi-0.9.0.M2.pom (1.8 kB at 352 kB/s)
[b25e5e83-6073-40aa-a54d-12706a82790c/build]   | [INFO] Downloading from central: https://repo.maven.apache.org/maven2/org/eclipse/aether/aether-util/0.9.0.M2/aether-util-0.9.0.M2.pom
[b25e5e83-6073-40aa-a54d-12706a82790c/build]   | [INFO] Downloaded from central: https://repo.maven.apache.org/maven2/org/eclipse/aether/aether-util/0.9.0.M2/aether-util-0.9.0.M2.pom (2.0 kB at 170 kB/s)
[b25e5e83-6073-40aa-a54d-12706a82790c/build]   | [INFO] Downloading from central: https://repo.maven.apache.org/maven2/org/eclipse/aether/aether-impl/0.9.0.M2/aether-impl-0.9.0.M2.pom
[b25e5e83-6073-40aa-a54d-12706a82790c/build]   | [INFO] Downloaded from central: https://repo.maven.apache.org/maven2/org/eclipse/aether/aether-impl/0.9.0.M2/aether-impl-0.9.0.M2.pom (3.3 kB at 335 kB/s)
[b25e5e83-6073-40aa-a54d-12706a82790c/build]   | [INFO] Downloading from central: https://repo.maven.apache.org/maven2/org/codehaus/plexus/plexus-classworlds/2.4.2/plexus-classworlds-2.4.2.pom
[b25e5e83-6073-40aa-a54d-12706a82790c/build]   | [INFO] Downloaded from central: https://repo.maven.apache.org/maven2/org/codehaus/plexus/plexus-classworlds/2.4.2/plexus-classworlds-2.4.2.pom (3.5 kB at 351 kB/s)
[b25e5e83-6073-40aa-a54d-12706a82790c/build]   | [INFO] Downloading from central: https://repo.maven.apache.org/maven2/org/codehaus/plexus/plexus/3.0.1/plexus-3.0.1.pom
[b25e5e83-6073-40aa-a54d-12706a82790c/build]   | [INFO] Downloaded from central: https://repo.maven.apache.org/maven2/org/codehaus/plexus/plexus/3.0.1/plexus-3.0.1.pom (19 kB at 1.2 MB/s)
[b25e5e83-6073-40aa-a54d-12706a82790c/build]   | [INFO] Downloading from central: https://repo.maven.apache.org/maven2/org/apache/maven/shared/file-management/3.0.0/file-management-3.0.0.pom
[b25e5e83-6073-40aa-a54d-12706a82790c/build]   | [INFO] Downloaded from central: https://repo.maven.apache.org/maven2/org/apache/maven/shared/file-management/3.0.0/file-management-3.0.0.pom (4.7 kB at 204 kB/s)
[b25e5e83-6073-40aa-a54d-12706a82790c/build]   | [INFO] Downloading from central: https://repo.maven.apache.org/maven2/org/apache/maven/shared/maven-shared-components/22/maven-shared-components-22.pom
[b25e5e83-6073-40aa-a54d-12706a82790c/build]   | [INFO] Downloaded from central: https://repo.maven.apache.org/maven2/org/apache/maven/shared/maven-shared-components/22/maven-shared-components-22.pom (5.1 kB at 426 kB/s)
[b25e5e83-6073-40aa-a54d-12706a82790c/build]   | [INFO] Downloading from central: https://repo.maven.apache.org/maven2/org/apache/maven/maven-parent/27/maven-parent-27.pom
[b25e5e83-6073-40aa-a54d-12706a82790c/build]   | [INFO] Downloaded from central: https://repo.maven.apache.org/maven2/org/apache/maven/maven-parent/27/maven-parent-27.pom (41 kB at 1.9 MB/s)
[b25e5e83-6073-40aa-a54d-12706a82790c/build]   | [INFO] Downloading from central: https://repo.maven.apache.org/maven2/org/apache/apache/17/apache-17.pom
[b25e5e83-6073-40aa-a54d-12706a82790c/build]   | [INFO] Downloaded from central: https://repo.maven.apache.org/maven2/org/apache/apache/17/apache-17.pom (16 kB at 1.1 MB/s)
[b25e5e83-6073-40aa-a54d-12706a82790c/build]   | [INFO] Downloading from central: https://repo.maven.apache.org/maven2/org/apache/maven/maven-plugin-api/3.0/maven-plugin-api-3.0.pom
[b25e5e83-6073-40aa-a54d-12706a82790c/build]   | [INFO] Downloaded from central: https://repo.maven.apache.org/maven2/org/apache/maven/maven-plugin-api/3.0/maven-plugin-api-3.0.pom (2.3 kB at 135 kB/s)
[b25e5e83-6073-40aa-a54d-12706a82790c/build]   | [INFO] Downloading from central: https://repo.maven.apache.org/maven2/org/apache/maven/maven/3.0/maven-3.0.pom
[b25e5e83-6073-40aa-a54d-12706a82790c/build]   | [INFO] Downloaded from central: https://repo.maven.apache.org/maven2/org/apache/maven/maven/3.0/maven-3.0.pom (22 kB at 1.8 MB/s)
[b25e5e83-6073-40aa-a54d-12706a82790c/build]   | [INFO] Downloading from central: https://repo.maven.apache.org/maven2/org/apache/maven/maven-parent/15/maven-parent-15.pom
[b25e5e83-6073-40aa-a54d-12706a82790c/build]   | [INFO] Downloaded from central: https://repo.maven.apache.org/maven2/org/apache/maven/maven-parent/15/maven-parent-15.pom (24 kB at 1.8 MB/s)
[b25e5e83-6073-40aa-a54d-12706a82790c/build]   | [INFO] Downloading from central: https://repo.maven.apache.org/maven2/org/apache/maven/maven-model/3.0/maven-model-3.0.pom
[b25e5e83-6073-40aa-a54d-12706a82790c/build]   | [INFO] Downloaded from central: https://repo.maven.apache.org/maven2/org/apache/maven/maven-model/3.0/maven-model-3.0.pom (3.9 kB at 91 kB/s)
[b25e5e83-6073-40aa-a54d-12706a82790c/build]   | [INFO] Downloading from central: https://repo.maven.apache.org/maven2/org/codehaus/plexus/plexus-utils/2.0.4/plexus-utils-2.0.4.pom
[b25e5e83-6073-40aa-a54d-12706a82790c/build]   | [INFO] Downloaded from central: https://repo.maven.apache.org/maven2/org/codehaus/plexus/plexus-utils/2.0.4/plexus-utils-2.0.4.pom (3.3 kB at 108 kB/s)
[b25e5e83-6073-40aa-a54d-12706a82790c/build]   | [INFO] Downloading from central: https://repo.maven.apache.org/maven2/org/apache/maven/maven-artifact/3.0/maven-artifact-3.0.pom
[b25e5e83-6073-40aa-a54d-12706a82790c/build]   | [INFO] Downloaded from central: https://repo.maven.apache.org/maven2/org/apache/maven/maven-artifact/3.0/maven-artifact-3.0.pom (1.9 kB at 71 kB/s)
[b25e5e83-6073-40aa-a54d-12706a82790c/build]   | [INFO] Downloading from central: https://repo.maven.apache.org/maven2/org/sonatype/sisu/sisu-inject-plexus/1.4.2/sisu-inject-plexus-1.4.2.pom
[b25e5e83-6073-40aa-a54d-12706a82790c/build]   | [INFO] Downloaded from central: https://repo.maven.apache.org/maven2/org/sonatype/sisu/sisu-inject-plexus/1.4.2/sisu-inject-plexus-1.4.2.pom (5.4 kB at 185 kB/s)
[b25e5e83-6073-40aa-a54d-12706a82790c/build]   | [INFO] Downloading from central: https://repo.maven.apache.org/maven2/org/sonatype/sisu/inject/guice-plexus/1.4.2/guice-plexus-1.4.2.pom
[b25e5e83-6073-40aa-a54d-12706a82790c/build]   | [INFO] Downloaded from central: https://repo.maven.apache.org/maven2/org/sonatype/sisu/inject/guice-plexus/1.4.2/guice-plexus-1.4.2.pom (3.1 kB at 130 kB/s)
[b25e5e83-6073-40aa-a54d-12706a82790c/build]   | [INFO] Downloading from central: https://repo.maven.apache.org/maven2/org/sonatype/sisu/inject/guice-bean/1.4.2/guice-bean-1.4.2.pom
[b25e5e83-6073-40aa-a54d-12706a82790c/build]   | [INFO] Downloaded from central: https://repo.maven.apache.org/maven2/org/sonatype/sisu/inject/guice-bean/1.4.2/guice-bean-1.4.2.pom (2.6 kB at 51 kB/s)
[b25e5e83-6073-40aa-a54d-12706a82790c/build]   | [INFO] Downloading from central: https://repo.maven.apache.org/maven2/org/sonatype/sisu/sisu-inject/1.4.2/sisu-inject-1.4.2.pom
[b25e5e83-6073-40aa-a54d-12706a82790c/build]   | [INFO] Downloaded from central: https://repo.maven.apache.org/maven2/org/sonatype/sisu/sisu-inject/1.4.2/sisu-inject-1.4.2.pom (1.2 kB at 73 kB/s)
[b25e5e83-6073-40aa-a54d-12706a82790c/build]   | [INFO] Downloading from central: https://repo.maven.apache.org/maven2/org/sonatype/sisu/sisu-parent/1.4.2/sisu-parent-1.4.2.pom
[b25e5e83-6073-40aa-a54d-12706a82790c/build]   | [INFO] Downloaded from central: https://repo.maven.apache.org/maven2/org/sonatype/sisu/sisu-parent/1.4.2/sisu-parent-1.4.2.pom (7.8 kB at 432 kB/s)
[b25e5e83-6073-40aa-a54d-12706a82790c/build]   | [INFO] Downloading from central: https://repo.maven.apache.org/maven2/org/sonatype/forge/forge-parent/6/forge-parent-6.pom
[b25e5e83-6073-40aa-a54d-12706a82790c/build]   | [INFO] Downloaded from central: https://repo.maven.apache.org/maven2/org/sonatype/forge/forge-parent/6/forge-parent-6.pom (11 kB at 347 kB/s)
[b25e5e83-6073-40aa-a54d-12706a82790c/build]   | [INFO] Downloading from central: https://repo.maven.apache.org/maven2/org/codehaus/plexus/plexus-classworlds/2.2.3/plexus-classworlds-2.2.3.pom
[b25e5e83-6073-40aa-a54d-12706a82790c/build]   | [INFO] Downloaded from central: https://repo.maven.apache.org/maven2/org/codehaus/plexus/plexus-classworlds/2.2.3/plexus-classworlds-2.2.3.pom (4.0 kB at 182 kB/s)
[b25e5e83-6073-40aa-a54d-12706a82790c/build]   | [INFO] Downloading from central: https://repo.maven.apache.org/maven2/org/sonatype/sisu/sisu-inject-bean/1.4.2/sisu-inject-bean-1.4.2.pom
[b25e5e83-6073-40aa-a54d-12706a82790c/build]   | [INFO] Downloaded from central: https://repo.maven.apache.org/maven2/org/sonatype/sisu/sisu-inject-bean/1.4.2/sisu-inject-bean-1.4.2.pom (5.5 kB at 420 kB/s)
[b25e5e83-6073-40aa-a54d-12706a82790c/build]   | [INFO] Downloading from central: https://repo.maven.apache.org/maven2/org/sonatype/sisu/sisu-guice/2.1.7/sisu-guice-2.1.7.pom
[b25e5e83-6073-40aa-a54d-12706a82790c/build]   | [INFO] Downloaded from central: https://repo.maven.apache.org/maven2/org/sonatype/sisu/sisu-guice/2.1.7/sisu-guice-2.1.7.pom (11 kB at 1.8 MB/s)
[b25e5e83-6073-40aa-a54d-12706a82790c/build]   | [INFO] Downloading from central: https://repo.maven.apache.org/maven2/org/apache/maven/shared/maven-shared-io/3.0.0/maven-shared-io-3.0.0.pom
[b25e5e83-6073-40aa-a54d-12706a82790c/build]   | [INFO] Downloaded from central: https://repo.maven.apache.org/maven2/org/apache/maven/shared/maven-shared-io/3.0.0/maven-shared-io-3.0.0.pom (4.2 kB at 277 kB/s)
[b25e5e83-6073-40aa-a54d-12706a82790c/build]   | [INFO] Downloading from central: https://repo.maven.apache.org/maven2/org/apache/maven/maven-compat/3.0/maven-compat-3.0.pom
[b25e5e83-6073-40aa-a54d-12706a82790c/build]   | [INFO] Downloaded from central: https://repo.maven.apache.org/maven2/org/apache/maven/maven-compat/3.0/maven-compat-3.0.pom (4.0 kB at 670 kB/s)
[b25e5e83-6073-40aa-a54d-12706a82790c/build]   | [INFO] Downloading from central: https://repo.maven.apache.org/maven2/org/apache/maven/maven-model-builder/3.0/maven-model-builder-3.0.pom
[b25e5e83-6073-40aa-a54d-12706a82790c/build]   | [INFO] Downloaded from central: https://repo.maven.apache.org/maven2/org/apache/maven/maven-model-builder/3.0/maven-model-builder-3.0.pom (2.2 kB at 70 kB/s)
[b25e5e83-6073-40aa-a54d-12706a82790c/build]   | [INFO] Downloading from central: https://repo.maven.apache.org/maven2/org/codehaus/plexus/plexus-interpolation/1.14/plexus-interpolation-1.14.pom
[b25e5e83-6073-40aa-a54d-12706a82790c/build]   | [INFO] Downloaded from central: https://repo.maven.apache.org/maven2/org/codehaus/plexus/plexus-interpolation/1.14/plexus-interpolation-1.14.pom (910 B at 57 kB/s)
[b25e5e83-6073-40aa-a54d-12706a82790c/build]   | [INFO] Downloading from central: https://repo.maven.apache.org/maven2/org/codehaus/plexus/plexus-components/1.1.18/plexus-components-1.1.18.pom
[b25e5e83-6073-40aa-a54d-12706a82790c/build]   | [INFO] Downloaded from central: https://repo.maven.apache.org/maven2/org/codehaus/plexus/plexus-components/1.1.18/plexus-components-1.1.18.pom (5.4 kB at 255 kB/s)
[b25e5e83-6073-40aa-a54d-12706a82790c/build]   | [INFO] Downloading from central: https://repo.maven.apache.org/maven2/org/apache/maven/maven-settings/3.0/maven-settings-3.0.pom
[b25e5e83-6073-40aa-a54d-12706a82790c/build]   | [INFO] Downloaded from central: https://repo.maven.apache.org/maven2/org/apache/maven/maven-settings/3.0/maven-settings-3.0.pom (1.9 kB at 99 kB/s)
[b25e5e83-6073-40aa-a54d-12706a82790c/build]   | [INFO] Downloading from central: https://repo.maven.apache.org/maven2/org/apache/maven/maven-core/3.0/maven-core-3.0.pom
[b25e5e83-6073-40aa-a54d-12706a82790c/build]   | [INFO] Downloaded from central: https://repo.maven.apache.org/maven2/org/apache/maven/maven-core/3.0/maven-core-3.0.pom (6.6 kB at 221 kB/s)
[b25e5e83-6073-40aa-a54d-12706a82790c/build]   | [INFO] Downloading from central: https://repo.maven.apache.org/maven2/org/apache/maven/maven-settings-builder/3.0/maven-settings-builder-3.0.pom
[b25e5e83-6073-40aa-a54d-12706a82790c/build]   | [INFO] Downloaded from central: https://repo.maven.apache.org/maven2/org/apache/maven/maven-settings-builder/3.0/maven-settings-builder-3.0.pom (2.2 kB at 85 kB/s)
[b25e5e83-6073-40aa-a54d-12706a82790c/build]   | [INFO] Downloading from central: https://repo.maven.apache.org/maven2/org/apache/maven/maven-repository-metadata/3.0/maven-repository-metadata-3.0.pom
[b25e5e83-6073-40aa-a54d-12706a82790c/build]   | [INFO] Downloaded from central: https://repo.maven.apache.org/maven2/org/apache/maven/maven-repository-metadata/3.0/maven-repository-metadata-3.0.pom (1.9 kB at 88 kB/s)
[b25e5e83-6073-40aa-a54d-12706a82790c/build]   | [INFO] Downloading from central: https://repo.maven.apache.org/maven2/org/apache/maven/maven-aether-provider/3.0/maven-aether-provider-3.0.pom
[b25e5e83-6073-40aa-a54d-12706a82790c/build]   | [INFO] Downloaded from central: https://repo.maven.apache.org/maven2/org/apache/maven/maven-aether-provider/3.0/maven-aether-provider-3.0.pom (2.5 kB at 130 kB/s)
[b25e5e83-6073-40aa-a54d-12706a82790c/build]   | [INFO] Downloading from central: https://repo.maven.apache.org/maven2/org/sonatype/aether/aether-api/1.7/aether-api-1.7.pom
[b25e5e83-6073-40aa-a54d-12706a82790c/build]   | [INFO] Downloaded from central: https://repo.maven.apache.org/maven2/org/sonatype/aether/aether-api/1.7/aether-api-1.7.pom (1.7 kB at 64 kB/s)
[b25e5e83-6073-40aa-a54d-12706a82790c/build]   | [INFO] Downloading from central: https://repo.maven.apache.org/maven2/org/sonatype/aether/aether-parent/1.7/aether-parent-1.7.pom
[b25e5e83-6073-40aa-a54d-12706a82790c/build]   | [INFO] Downloaded from central: https://repo.maven.apache.org/maven2/org/sonatype/aether/aether-parent/1.7/aether-parent-1.7.pom (7.7 kB at 386 kB/s)
[b25e5e83-6073-40aa-a54d-12706a82790c/build]   | [INFO] Downloading from central: https://repo.maven.apache.org/maven2/org/sonatype/aether/aether-util/1.7/aether-util-1.7.pom
[b25e5e83-6073-40aa-a54d-12706a82790c/build]   | [INFO] Downloaded from central: https://repo.maven.apache.org/maven2/org/sonatype/aether/aether-util/1.7/aether-util-1.7.pom (2.1 kB at 76 kB/s)
[b25e5e83-6073-40aa-a54d-12706a82790c/build]   | [INFO] Downloading from central: https://repo.maven.apache.org/maven2/org/sonatype/aether/aether-impl/1.7/aether-impl-1.7.pom
[b25e5e83-6073-40aa-a54d-12706a82790c/build]   | [INFO] Downloaded from central: https://repo.maven.apache.org/maven2/org/sonatype/aether/aether-impl/1.7/aether-impl-1.7.pom (3.7 kB at 148 kB/s)
[b25e5e83-6073-40aa-a54d-12706a82790c/build]   | [INFO] Downloading from central: https://repo.maven.apache.org/maven2/org/sonatype/aether/aether-spi/1.7/aether-spi-1.7.pom
[b25e5e83-6073-40aa-a54d-12706a82790c/build]   | [INFO] Downloaded from central: https://repo.maven.apache.org/maven2/org/sonatype/aether/aether-spi/1.7/aether-spi-1.7.pom (1.7 kB at 64 kB/s)
[b25e5e83-6073-40aa-a54d-12706a82790c/build]   | [INFO] Downloading from central: https://repo.maven.apache.org/maven2/org/apache/maven/wagon/wagon-provider-api/1.0-beta-6/wagon-provider-api-1.0-beta-6.pom
[b25e5e83-6073-40aa-a54d-12706a82790c/build]   | [INFO] Downloaded from central: https://repo.maven.apache.org/maven2/org/apache/maven/wagon/wagon-provider-api/1.0-beta-6/wagon-provider-api-1.0-beta-6.pom (1.8 kB at 68 kB/s)
[b25e5e83-6073-40aa-a54d-12706a82790c/build]   | [INFO] Downloading from central: https://repo.maven.apache.org/maven2/org/apache/maven/wagon/wagon/1.0-beta-6/wagon-1.0-beta-6.pom
[b25e5e83-6073-40aa-a54d-12706a82790c/build]   | [INFO] Downloaded from central: https://repo.maven.apache.org/maven2/org/apache/maven/wagon/wagon/1.0-beta-6/wagon-1.0-beta-6.pom (12 kB at 344 kB/s)
[b25e5e83-6073-40aa-a54d-12706a82790c/build]   | [INFO] Downloading from central: https://repo.maven.apache.org/maven2/org/apache/maven/maven-parent/11/maven-parent-11.pom
[b25e5e83-6073-40aa-a54d-12706a82790c/build]   | [INFO] Downloaded from central: https://repo.maven.apache.org/maven2/org/apache/maven/maven-parent/11/maven-parent-11.pom (32 kB at 772 kB/s)
[b25e5e83-6073-40aa-a54d-12706a82790c/build]   | [INFO] Downloading from central: https://repo.maven.apache.org/maven2/org/apache/apache/5/apache-5.pom
[b25e5e83-6073-40aa-a54d-12706a82790c/build]   | [INFO] Downloaded from central: https://repo.maven.apache.org/maven2/org/apache/apache/5/apache-5.pom (4.1 kB at 132 kB/s)
[b25e5e83-6073-40aa-a54d-12706a82790c/build]   | [INFO] Downloading from central: https://repo.maven.apache.org/maven2/org/codehaus/plexus/plexus-utils/1.4.2/plexus-utils-1.4.2.pom
[b25e5e83-6073-40aa-a54d-12706a82790c/build]   | [INFO] Downloaded from central: https://repo.maven.apache.org/maven2/org/codehaus/plexus/plexus-utils/1.4.2/plexus-utils-1.4.2.pom (2.0 kB at 89 kB/s)
[b25e5e83-6073-40aa-a54d-12706a82790c/build]   | [INFO] Downloading from central: https://repo.maven.apache.org/maven2/org/apache/maven/wagon/wagon-provider-api/2.10/wagon-provider-api-2.10.pom
[b25e5e83-6073-40aa-a54d-12706a82790c/build]   | [INFO] Downloaded from central: https://repo.maven.apache.org/maven2/org/apache/maven/wagon/wagon-provider-api/2.10/wagon-provider-api-2.10.pom (1.7 kB at 75 kB/s)
[b25e5e83-6073-40aa-a54d-12706a82790c/build]   | [INFO] Downloading from central: https://repo.maven.apache.org/maven2/org/apache/maven/wagon/wagon/2.10/wagon-2.10.pom
[b25e5e83-6073-40aa-a54d-12706a82790c/build]   | [INFO] Downloaded from central: https://repo.maven.apache.org/maven2/org/apache/maven/wagon/wagon/2.10/wagon-2.10.pom (21 kB at 1.1 MB/s)
[b25e5e83-6073-40aa-a54d-12706a82790c/build]   | [INFO] Downloading from central: https://repo.maven.apache.org/maven2/org/apache/maven/maven-parent/26/maven-parent-26.pom
[b25e5e83-6073-40aa-a54d-12706a82790c/build]   | [INFO] Downloaded from central: https://repo.maven.apache.org/maven2/org/apache/maven/maven-parent/26/maven-parent-26.pom (40 kB at 2.8 MB/s)
[b25e5e83-6073-40aa-a54d-12706a82790c/build]   | [INFO] Downloading from central: https://repo.maven.apache.org/maven2/org/apache/apache/16/apache-16.pom
[b25e5e83-6073-40aa-a54d-12706a82790c/build]   | [INFO] Downloaded from central: https://repo.maven.apache.org/maven2/org/apache/apache/16/apache-16.pom (15 kB at 906 kB/s)
[b25e5e83-6073-40aa-a54d-12706a82790c/build]   | [INFO] Downloading from central: https://repo.maven.apache.org/maven2/org/codehaus/plexus/plexus-utils/3.0.15/plexus-utils-3.0.15.pom
[b25e5e83-6073-40aa-a54d-12706a82790c/build]   | [INFO] Downloaded from central: https://repo.maven.apache.org/maven2/org/codehaus/plexus/plexus-utils/3.0.15/plexus-utils-3.0.15.pom (3.1 kB at 150 kB/s)
[b25e5e83-6073-40aa-a54d-12706a82790c/build]   | [INFO] Downloading from central: https://repo.maven.apache.org/maven2/org/codehaus/plexus/plexus/3.3.1/plexus-3.3.1.pom
[b25e5e83-6073-40aa-a54d-12706a82790c/build]   | [INFO] Downloaded from central: https://repo.maven.apache.org/maven2/org/codehaus/plexus/plexus/3.3.1/plexus-3.3.1.pom (20 kB at 1.5 MB/s)
[b25e5e83-6073-40aa-a54d-12706a82790c/build]   | [INFO] Downloading from central: https://repo.maven.apache.org/maven2/org/apache/maven/shared/maven-shared-utils/3.0.0/maven-shared-utils-3.0.0.pom
[b25e5e83-6073-40aa-a54d-12706a82790c/build]   | [INFO] Downloaded from central: https://repo.maven.apache.org/maven2/org/apache/maven/shared/maven-shared-utils/3.0.0/maven-shared-utils-3.0.0.pom (5.6 kB at 372 kB/s)
[b25e5e83-6073-40aa-a54d-12706a82790c/build]   | [INFO] Downloading from central: https://repo.maven.apache.org/maven2/org/apache/maven/shared/maven-shared-components/21/maven-shared-components-21.pom
[b25e5e83-6073-40aa-a54d-12706a82790c/build]   | [INFO] Downloaded from central: https://repo.maven.apache.org/maven2/org/apache/maven/shared/maven-shared-components/21/maven-shared-components-21.pom (5.1 kB at 204 kB/s)
[b25e5e83-6073-40aa-a54d-12706a82790c/build]   | [INFO] Downloading from central: https://repo.maven.apache.org/maven2/org/apache/maven/maven-parent/25/maven-parent-25.pom
[b25e5e83-6073-40aa-a54d-12706a82790c/build]   | [INFO] Downloaded from central: https://repo.maven.apache.org/maven2/org/apache/maven/maven-parent/25/maven-parent-25.pom (37 kB at 1.8 MB/s)
[b25e5e83-6073-40aa-a54d-12706a82790c/build]   | [INFO] Downloading from central: https://repo.maven.apache.org/maven2/org/apache/apache/15/apache-15.pom
[b25e5e83-6073-40aa-a54d-12706a82790c/build]   | [INFO] Downloaded from central: https://repo.maven.apache.org/maven2/org/apache/apache/15/apache-15.pom (15 kB at 846 kB/s)
[b25e5e83-6073-40aa-a54d-12706a82790c/build]   | [INFO] Downloading from central: https://repo.maven.apache.org/maven2/commons-io/commons-io/2.4/commons-io-2.4.pom
[b25e5e83-6073-40aa-a54d-12706a82790c/build]   | [INFO] Downloaded from central: https://repo.maven.apache.org/maven2/commons-io/commons-io/2.4/commons-io-2.4.pom (10 kB at 231 kB/s)
[b25e5e83-6073-40aa-a54d-12706a82790c/build]   | [INFO] Downloading from central: https://repo.maven.apache.org/maven2/org/apache/commons/commons-parent/25/commons-parent-25.pom
[b25e5e83-6073-40aa-a54d-12706a82790c/build]   | [INFO] Downloaded from central: https://repo.maven.apache.org/maven2/org/apache/commons/commons-parent/25/commons-parent-25.pom (48 kB at 3.2 MB/s)
[b25e5e83-6073-40aa-a54d-12706a82790c/build]   | [INFO] Downloading from central: https://repo.maven.apache.org/maven2/com/google/code/findbugs/jsr305/2.0.1/jsr305-2.0.1.pom
[b25e5e83-6073-40aa-a54d-12706a82790c/build]   | [INFO] Downloaded from central: https://repo.maven.apache.org/maven2/com/google/code/findbugs/jsr305/2.0.1/jsr305-2.0.1.pom (965 B at 46 kB/s)
[b25e5e83-6073-40aa-a54d-12706a82790c/build]   | [INFO] Downloading from central: https://repo.maven.apache.org/maven2/org/codehaus/plexus/plexus-utils/3.0.22/plexus-utils-3.0.22.pom
[b25e5e83-6073-40aa-a54d-12706a82790c/build]   | [INFO] Downloaded from central: https://repo.maven.apache.org/maven2/org/codehaus/plexus/plexus-utils/3.0.22/plexus-utils-3.0.22.pom (3.8 kB at 202 kB/s)
[b25e5e83-6073-40aa-a54d-12706a82790c/build]   | [INFO] Downloading from central: https://repo.maven.apache.org/maven2/org/apache/maven/maven-archiver/3.5.2/maven-archiver-3.5.2.pom
[b25e5e83-6073-40aa-a54d-12706a82790c/build]   | [INFO] Downloaded from central: https://repo.maven.apache.org/maven2/org/apache/maven/maven-archiver/3.5.2/maven-archiver-3.5.2.pom (5.5 kB at 252 kB/s)
[b25e5e83-6073-40aa-a54d-12706a82790c/build]   | [INFO] Downloading from central: https://repo.maven.apache.org/maven2/org/apache/maven/maven-artifact/3.1.1/maven-artifact-3.1.1.pom
[b25e5e83-6073-40aa-a54d-12706a82790c/build]   | [INFO] Downloaded from central: https://repo.maven.apache.org/maven2/org/apache/maven/maven-artifact/3.1.1/maven-artifact-3.1.1.pom (2.0 kB at 68 kB/s)
[b25e5e83-6073-40aa-a54d-12706a82790c/build]   | [INFO] Downloading from central: https://repo.maven.apache.org/maven2/org/apache/maven/maven/3.1.1/maven-3.1.1.pom
[b25e5e83-6073-40aa-a54d-12706a82790c/build]   | [INFO] Downloaded from central: https://repo.maven.apache.org/maven2/org/apache/maven/maven/3.1.1/maven-3.1.1.pom (22 kB at 921 kB/s)
[b25e5e83-6073-40aa-a54d-12706a82790c/build]   | [INFO] Downloading from central: https://repo.maven.apache.org/maven2/org/apache/maven/maven-model/3.1.1/maven-model-3.1.1.pom
[b25e5e83-6073-40aa-a54d-12706a82790c/build]   | [INFO] Downloaded from central: https://repo.maven.apache.org/maven2/org/apache/maven/maven-model/3.1.1/maven-model-3.1.1.pom (4.1 kB at 218 kB/s)
[b25e5e83-6073-40aa-a54d-12706a82790c/build]   | [INFO] Downloading from central: https://repo.maven.apache.org/maven2/org/apache/maven/maven-core/3.1.1/maven-core-3.1.1.pom
[b25e5e83-6073-40aa-a54d-12706a82790c/build]   | [INFO] Downloaded from central: https://repo.maven.apache.org/maven2/org/apache/maven/maven-core/3.1.1/maven-core-3.1.1.pom (7.3 kB at 280 kB/s)
[b25e5e83-6073-40aa-a54d-12706a82790c/build]   | [INFO] Downloading from central: https://repo.maven.apache.org/maven2/org/apache/maven/maven-settings/3.1.1/maven-settings-3.1.1.pom
[b25e5e83-6073-40aa-a54d-12706a82790c/build]   | [INFO] Downloaded from central: https://repo.maven.apache.org/maven2/org/apache/maven/maven-settings/3.1.1/maven-settings-3.1.1.pom (2.2 kB at 99 kB/s)
[b25e5e83-6073-40aa-a54d-12706a82790c/build]   | [INFO] Downloading from central: https://repo.maven.apache.org/maven2/org/apache/maven/maven-settings-builder/3.1.1/maven-settings-builder-3.1.1.pom
[b25e5e83-6073-40aa-a54d-12706a82790c/build]   | [INFO] Downloaded from central: https://repo.maven.apache.org/maven2/org/apache/maven/maven-settings-builder/3.1.1/maven-settings-builder-3.1.1.pom (2.6 kB at 113 kB/s)
[b25e5e83-6073-40aa-a54d-12706a82790c/build]   | [INFO] Downloading from central: https://repo.maven.apache.org/maven2/org/codehaus/plexus/plexus-interpolation/1.19/plexus-interpolation-1.19.pom
[b25e5e83-6073-40aa-a54d-12706a82790c/build]   | [INFO] Downloaded from central: https://repo.maven.apache.org/maven2/org/codehaus/plexus/plexus-interpolation/1.19/plexus-interpolation-1.19.pom (1.0 kB at 40 kB/s)
[b25e5e83-6073-40aa-a54d-12706a82790c/build]   | [INFO] Downloading from central: https://repo.maven.apache.org/maven2/org/codehaus/plexus/plexus-components/1.3.1/plexus-components-1.3.1.pom
[b25e5e83-6073-40aa-a54d-12706a82790c/build]   | [INFO] Downloaded from central: https://repo.maven.apache.org/maven2/org/codehaus/plexus/plexus-components/1.3.1/plexus-components-1.3.1.pom (3.1 kB at 192 kB/s)
[b25e5e83-6073-40aa-a54d-12706a82790c/build]   | [INFO] Downloading from central: https://repo.maven.apache.org/maven2/org/apache/maven/maven-repository-metadata/3.1.1/maven-repository-metadata-3.1.1.pom
[b25e5e83-6073-40aa-a54d-12706a82790c/build]   | [INFO] Downloaded from central: https://repo.maven.apache.org/maven2/org/apache/maven/maven-repository-metadata/3.1.1/maven-repository-metadata-3.1.1.pom (2.2 kB at 139 kB/s)
[b25e5e83-6073-40aa-a54d-12706a82790c/build]   | [INFO] Downloading from central: https://repo.maven.apache.org/maven2/org/apache/maven/maven-plugin-api/3.1.1/maven-plugin-api-3.1.1.pom
[b25e5e83-6073-40aa-a54d-12706a82790c/build]   | [INFO] Downloaded from central: https://repo.maven.apache.org/maven2/org/apache/maven/maven-plugin-api/3.1.1/maven-plugin-api-3.1.1.pom (3.4 kB at 242 kB/s)
[b25e5e83-6073-40aa-a54d-12706a82790c/build]   | [INFO] Downloading from central: https://repo.maven.apache.org/maven2/org/eclipse/sisu/org.eclipse.sisu.plexus/0.0.0.M5/org.eclipse.sisu.plexus-0.0.0.M5.pom
[b25e5e83-6073-40aa-a54d-12706a82790c/build]   | [INFO] Downloaded from central: https://repo.maven.apache.org/maven2/org/eclipse/sisu/org.eclipse.sisu.plexus/0.0.0.M5/org.eclipse.sisu.plexus-0.0.0.M5.pom (4.8 kB at 179 kB/s)
[b25e5e83-6073-40aa-a54d-12706a82790c/build]   | [INFO] Downloading from central: https://repo.maven.apache.org/maven2/org/eclipse/sisu/sisu-plexus/0.0.0.M5/sisu-plexus-0.0.0.M5.pom
[b25e5e83-6073-40aa-a54d-12706a82790c/build]   | [INFO] Downloaded from central: https://repo.maven.apache.org/maven2/org/eclipse/sisu/sisu-plexus/0.0.0.M5/sisu-plexus-0.0.0.M5.pom (13 kB at 600 kB/s)
[b25e5e83-6073-40aa-a54d-12706a82790c/build]   | [INFO] Downloading from central: https://repo.maven.apache.org/maven2/org/eclipse/sisu/org.eclipse.sisu.inject/0.0.0.M5/org.eclipse.sisu.inject-0.0.0.M5.pom
[b25e5e83-6073-40aa-a54d-12706a82790c/build]   | [INFO] Downloaded from central: https://repo.maven.apache.org/maven2/org/eclipse/sisu/org.eclipse.sisu.inject/0.0.0.M5/org.eclipse.sisu.inject-0.0.0.M5.pom (2.5 kB at 87 kB/s)
[b25e5e83-6073-40aa-a54d-12706a82790c/build]   | [INFO] Downloading from central: https://repo.maven.apache.org/maven2/org/eclipse/sisu/sisu-inject/0.0.0.M5/sisu-inject-0.0.0.M5.pom
[b25e5e83-6073-40aa-a54d-12706a82790c/build]   | [INFO] Downloaded from central: https://repo.maven.apache.org/maven2/org/eclipse/sisu/sisu-inject/0.0.0.M5/sisu-inject-0.0.0.M5.pom (14 kB at 737 kB/s)
[b25e5e83-6073-40aa-a54d-12706a82790c/build]   | [INFO] Downloading from central: https://repo.maven.apache.org/maven2/org/apache/maven/maven-model-builder/3.1.1/maven-model-builder-3.1.1.pom
[b25e5e83-6073-40aa-a54d-12706a82790c/build]   | [INFO] Downloaded from central: https://repo.maven.apache.org/maven2/org/apache/maven/maven-model-builder/3.1.1/maven-model-builder-3.1.1.pom (2.8 kB at 312 kB/s)
[b25e5e83-6073-40aa-a54d-12706a82790c/build]   | [INFO] Downloading from central: https://repo.maven.apache.org/maven2/org/apache/maven/maven-aether-provider/3.1.1/maven-aether-provider-3.1.1.pom
[b25e5e83-6073-40aa-a54d-12706a82790c/build]   | [INFO] Downloaded from central: https://repo.maven.apache.org/maven2/org/apache/maven/maven-aether-provider/3.1.1/maven-aether-provider-3.1.1.pom (4.1 kB at 227 kB/s)
[b25e5e83-6073-40aa-a54d-12706a82790c/build]   | [INFO] Downloading from central: https://repo.maven.apache.org/maven2/org/codehaus/plexus/plexus-classworlds/2.5.1/plexus-classworlds-2.5.1.pom
[b25e5e83-6073-40aa-a54d-12706a82790c/build]   | [INFO] Downloaded from central: https://repo.maven.apache.org/maven2/org/codehaus/plexus/plexus-classworlds/2.5.1/plexus-classworlds-2.5.1.pom (5.0 kB at 358 kB/s)
[b25e5e83-6073-40aa-a54d-12706a82790c/build]   | [INFO] Downloading from central: https://repo.maven.apache.org/maven2/org/apache/maven/shared/maven-shared-utils/3.3.3/maven-shared-utils-3.3.3.pom
[b25e5e83-6073-40aa-a54d-12706a82790c/build]   | [INFO] Downloaded from central: https://repo.maven.apache.org/maven2/org/apache/maven/shared/maven-shared-utils/3.3.3/maven-shared-utils-3.3.3.pom (5.8 kB at 722 kB/s)
[b25e5e83-6073-40aa-a54d-12706a82790c/build]   | [INFO] Downloading from central: https://repo.maven.apache.org/maven2/org/apache/commons/commons-compress/1.20/commons-compress-1.20.pom
[b25e5e83-6073-40aa-a54d-12706a82790c/build]   | [INFO] Downloaded from central: https://repo.maven.apache.org/maven2/org/apache/commons/commons-compress/1.20/commons-compress-1.20.pom (18 kB at 1.1 MB/s)
[b25e5e83-6073-40aa-a54d-12706a82790c/build]   | [INFO] Downloading from central: https://repo.maven.apache.org/maven2/org/apache/commons/commons-parent/48/commons-parent-48.pom
[b25e5e83-6073-40aa-a54d-12706a82790c/build]   | [INFO] Downloaded from central: https://repo.maven.apache.org/maven2/org/apache/commons/commons-parent/48/commons-parent-48.pom (72 kB at 6.5 MB/s)
[b25e5e83-6073-40aa-a54d-12706a82790c/build]   | [INFO] Downloading from central: https://repo.maven.apache.org/maven2/org/apache/apache/21/apache-21.pom
[b25e5e83-6073-40aa-a54d-12706a82790c/build]   | [INFO] Downloaded from central: https://repo.maven.apache.org/maven2/org/apache/apache/21/apache-21.pom (17 kB at 1.7 MB/s)
[b25e5e83-6073-40aa-a54d-12706a82790c/build]   | [INFO] Downloading from central: https://repo.maven.apache.org/maven2/org/codehaus/plexus/plexus-archiver/4.2.7/plexus-archiver-4.2.7.pom
[b25e5e83-6073-40aa-a54d-12706a82790c/build]   | [INFO] Downloaded from central: https://repo.maven.apache.org/maven2/org/codehaus/plexus/plexus-archiver/4.2.7/plexus-archiver-4.2.7.pom (4.9 kB at 546 kB/s)
[b25e5e83-6073-40aa-a54d-12706a82790c/build]   | [INFO] Downloading from central: https://repo.maven.apache.org/maven2/org/codehaus/plexus/plexus/8/plexus-8.pom
[b25e5e83-6073-40aa-a54d-12706a82790c/build]   | [INFO] Downloaded from central: https://repo.maven.apache.org/maven2/org/codehaus/plexus/plexus/8/plexus-8.pom (25 kB at 3.2 MB/s)
[b25e5e83-6073-40aa-a54d-12706a82790c/build]   | [INFO] Downloading from central: https://repo.maven.apache.org/maven2/org/codehaus/plexus/plexus-utils/3.4.1/plexus-utils-3.4.1.pom
[b25e5e83-6073-40aa-a54d-12706a82790c/build]   | [INFO] Downloaded from central: https://repo.maven.apache.org/maven2/org/codehaus/plexus/plexus-utils/3.4.1/plexus-utils-3.4.1.pom (8.0 kB at 724 kB/s)
[b25e5e83-6073-40aa-a54d-12706a82790c/build]   | [INFO] Downloading from central: https://repo.maven.apache.org/maven2/org/codehaus/plexus/plexus-io/3.2.0/plexus-io-3.2.0.pom
[b25e5e83-6073-40aa-a54d-12706a82790c/build]   | [INFO] Downloaded from central: https://repo.maven.apache.org/maven2/org/codehaus/plexus/plexus-io/3.2.0/plexus-io-3.2.0.pom (4.5 kB at 758 kB/s)
[b25e5e83-6073-40aa-a54d-12706a82790c/build]   | [INFO] Downloading from central: https://repo.maven.apache.org/maven2/org/codehaus/plexus/plexus-utils/3.3.0/plexus-utils-3.3.0.pom
[b25e5e83-6073-40aa-a54d-12706a82790c/build]   | [INFO] Downloaded from central: https://repo.maven.apache.org/maven2/org/codehaus/plexus/plexus-utils/3.3.0/plexus-utils-3.3.0.pom (5.2 kB at 471 kB/s)
[b25e5e83-6073-40aa-a54d-12706a82790c/build]   | [INFO] Downloading from central: https://repo.maven.apache.org/maven2/org/apache/commons/commons-compress/1.21/commons-compress-1.21.pom
[b25e5e83-6073-40aa-a54d-12706a82790c/build]   | [INFO] Downloaded from central: https://repo.maven.apache.org/maven2/org/apache/commons/commons-compress/1.21/commons-compress-1.21.pom (20 kB at 2.8 MB/s)
[b25e5e83-6073-40aa-a54d-12706a82790c/build]   | [INFO] Downloading from central: https://repo.maven.apache.org/maven2/org/apache/commons/commons-parent/52/commons-parent-52.pom
[b25e5e83-6073-40aa-a54d-12706a82790c/build]   | [INFO] Downloaded from central: https://repo.maven.apache.org/maven2/org/apache/commons/commons-parent/52/commons-parent-52.pom (79 kB at 7.9 MB/s)
[b25e5e83-6073-40aa-a54d-12706a82790c/build]   | [INFO] Downloading from central: https://repo.maven.apache.org/maven2/org/iq80/snappy/snappy/0.4/snappy-0.4.pom
[b25e5e83-6073-40aa-a54d-12706a82790c/build]   | [INFO] Downloaded from central: https://repo.maven.apache.org/maven2/org/iq80/snappy/snappy/0.4/snappy-0.4.pom (15 kB at 1.6 MB/s)
[b25e5e83-6073-40aa-a54d-12706a82790c/build]   | [INFO] Downloading from central: https://repo.maven.apache.org/maven2/org/tukaani/xz/1.9/xz-1.9.pom
[b25e5e83-6073-40aa-a54d-12706a82790c/build]   | [INFO] Downloaded from central: https://repo.maven.apache.org/maven2/org/tukaani/xz/1.9/xz-1.9.pom (2.0 kB at 256 kB/s)
[b25e5e83-6073-40aa-a54d-12706a82790c/build]   | [INFO] Downloading from central: https://repo.maven.apache.org/maven2/org/codehaus/plexus/plexus-interpolation/1.26/plexus-interpolation-1.26.pom
[b25e5e83-6073-40aa-a54d-12706a82790c/build]   | [INFO] Downloaded from central: https://repo.maven.apache.org/maven2/org/codehaus/plexus/plexus-interpolation/1.26/plexus-interpolation-1.26.pom (2.7 kB at 332 kB/s)
[b25e5e83-6073-40aa-a54d-12706a82790c/build]   | [INFO] Downloading from central: https://repo.maven.apache.org/maven2/org/codehaus/plexus/plexus-utils/3.3.1/plexus-utils-3.3.1.pom
[b25e5e83-6073-40aa-a54d-12706a82790c/build]   | [INFO] Downloaded from central: https://repo.maven.apache.org/maven2/org/codehaus/plexus/plexus-utils/3.3.1/plexus-utils-3.3.1.pom (5.3 kB at 198 kB/s)
[b25e5e83-6073-40aa-a54d-12706a82790c/build]   | [INFO] Downloading from central: https://repo.maven.apache.org/maven2/org/apache/maven/maven-plugin-api/3.1.0/maven-plugin-api-3.1.0.jar
[b25e5e83-6073-40aa-a54d-12706a82790c/build]   | [INFO] Downloading from central: https://repo.maven.apache.org/maven2/org/apache/maven/maven-model/3.1.0/maven-model-3.1.0.jar
[b25e5e83-6073-40aa-a54d-12706a82790c/build]   | [INFO] Downloading from central: https://repo.maven.apache.org/maven2/org/eclipse/sisu/org.eclipse.sisu.plexus/0.0.0.M2a/org.eclipse.sisu.plexus-0.0.0.M2a.jar
[b25e5e83-6073-40aa-a54d-12706a82790c/build]   | [INFO] Downloading from central: https://repo.maven.apache.org/maven2/javax/enterprise/cdi-api/1.0/cdi-api-1.0.jar
[b25e5e83-6073-40aa-a54d-12706a82790c/build]   | [INFO] Downloading from central: https://repo.maven.apache.org/maven2/javax/annotation/jsr250-api/1.0/jsr250-api-1.0.jar
[b25e5e83-6073-40aa-a54d-12706a82790c/build]   | [INFO] Downloaded from central: https://repo.maven.apache.org/maven2/javax/enterprise/cdi-api/1.0/cdi-api-1.0.jar (45 kB at 2.0 MB/s)
[b25e5e83-6073-40aa-a54d-12706a82790c/build]   | [INFO] Downloading from central: https://repo.maven.apache.org/maven2/javax/inject/javax.inject/1/javax.inject-1.jar
[b25e5e83-6073-40aa-a54d-12706a82790c/build]   | [INFO] Downloaded from central: https://repo.maven.apache.org/maven2/org/apache/maven/maven-plugin-api/3.1.0/maven-plugin-api-3.1.0.jar (50 kB at 1.6 MB/s)
[b25e5e83-6073-40aa-a54d-12706a82790c/build]   | [INFO] Downloading from central: https://repo.maven.apache.org/maven2/com/google/guava/guava/10.0.1/guava-10.0.1.jar
[b25e5e83-6073-40aa-a54d-12706a82790c/build]   | [INFO] Downloaded from central: https://repo.maven.apache.org/maven2/javax/annotation/jsr250-api/1.0/jsr250-api-1.0.jar (5.8 kB at 195 kB/s)
[b25e5e83-6073-40aa-a54d-12706a82790c/build]   | [INFO] Downloading from central: https://repo.maven.apache.org/maven2/com/google/code/findbugs/jsr305/1.3.9/jsr305-1.3.9.jar
[b25e5e83-6073-40aa-a54d-12706a82790c/build]   | [INFO] Downloaded from central: https://repo.maven.apache.org/maven2/org/apache/maven/maven-model/3.1.0/maven-model-3.1.0.jar (164 kB at 5.0 MB/s)
[b25e5e83-6073-40aa-a54d-12706a82790c/build]   | [INFO] Downloading from central: https://repo.maven.apache.org/maven2/org/sonatype/sisu/sisu-guice/3.1.0/sisu-guice-3.1.0-no_aop.jar
[b25e5e83-6073-40aa-a54d-12706a82790c/build]   | [INFO] Downloaded from central: https://repo.maven.apache.org/maven2/javax/inject/javax.inject/1/javax.inject-1.jar (2.5 kB at 78 kB/s)
[b25e5e83-6073-40aa-a54d-12706a82790c/build]   | [INFO] Downloading from central: https://repo.maven.apache.org/maven2/aopalliance/aopalliance/1.0/aopalliance-1.0.jar
[b25e5e83-6073-40aa-a54d-12706a82790c/build]   | [INFO] Downloaded from central: https://repo.maven.apache.org/maven2/org/eclipse/sisu/org.eclipse.sisu.plexus/0.0.0.M2a/org.eclipse.sisu.plexus-0.0.0.M2a.jar (202 kB at 4.1 MB/s)
[b25e5e83-6073-40aa-a54d-12706a82790c/build]   | [INFO] Downloading from central: https://repo.maven.apache.org/maven2/org/eclipse/sisu/org.eclipse.sisu.inject/0.0.0.M2a/org.eclipse.sisu.inject-0.0.0.M2a.jar
[b25e5e83-6073-40aa-a54d-12706a82790c/build]   | [INFO] Downloaded from central: https://repo.maven.apache.org/maven2/com/google/code/findbugs/jsr305/1.3.9/jsr305-1.3.9.jar (33 kB at 611 kB/s)
[b25e5e83-6073-40aa-a54d-12706a82790c/build]   | [INFO] Downloading from central: https://repo.maven.apache.org/maven2/asm/asm/3.3.1/asm-3.3.1.jar
[b25e5e83-6073-40aa-a54d-12706a82790c/build]   | [INFO] Downloaded from central: https://repo.maven.apache.org/maven2/org/eclipse/sisu/org.eclipse.sisu.inject/0.0.0.M2a/org.eclipse.sisu.inject-0.0.0.M2a.jar (202 kB at 3.4 MB/s)
[b25e5e83-6073-40aa-a54d-12706a82790c/build]   | [INFO] Downloading from central: https://repo.maven.apache.org/maven2/org/apache/maven/maven-core/3.1.0/maven-core-3.1.0.jar
[b25e5e83-6073-40aa-a54d-12706a82790c/build]   | [INFO] Downloaded from central: https://repo.maven.apache.org/maven2/org/sonatype/sisu/sisu-guice/3.1.0/sisu-guice-3.1.0-no_aop.jar (357 kB at 5.9 MB/s)
[b25e5e83-6073-40aa-a54d-12706a82790c/build]   | [INFO] Downloading from central: https://repo.maven.apache.org/maven2/org/apache/maven/maven-settings/3.1.0/maven-settings-3.1.0.jar
[b25e5e83-6073-40aa-a54d-12706a82790c/build]   | [INFO] Downloaded from central: https://repo.maven.apache.org/maven2/aopalliance/aopalliance/1.0/aopalliance-1.0.jar (4.5 kB at 73 kB/s)
[b25e5e83-6073-40aa-a54d-12706a82790c/build]   | [INFO] Downloading from central: https://repo.maven.apache.org/maven2/org/apache/maven/maven-settings-builder/3.1.0/maven-settings-builder-3.1.0.jar
[b25e5e83-6073-40aa-a54d-12706a82790c/build]   | [INFO] Downloaded from central: https://repo.maven.apache.org/maven2/asm/asm/3.3.1/asm-3.3.1.jar (44 kB at 623 kB/s)
[b25e5e83-6073-40aa-a54d-12706a82790c/build]   | [INFO] Downloading from central: https://repo.maven.apache.org/maven2/org/apache/maven/maven-repository-metadata/3.1.0/maven-repository-metadata-3.1.0.jar
[b25e5e83-6073-40aa-a54d-12706a82790c/build]   | [INFO] Downloaded from central: https://repo.maven.apache.org/maven2/org/apache/maven/maven-settings-builder/3.1.0/maven-settings-builder-3.1.0.jar (41 kB at 538 kB/s)
[b25e5e83-6073-40aa-a54d-12706a82790c/build]   | [INFO] Downloading from central: https://repo.maven.apache.org/maven2/org/apache/maven/maven-model-builder/3.1.0/maven-model-builder-3.1.0.jar
[b25e5e83-6073-40aa-a54d-12706a82790c/build]   | [INFO] Downloaded from central: https://repo.maven.apache.org/maven2/org/apache/maven/maven-settings/3.1.0/maven-settings-3.1.0.jar (47 kB at 584 kB/s)
[b25e5e83-6073-40aa-a54d-12706a82790c/build]   | [INFO] Downloading from central: https://repo.maven.apache.org/maven2/org/apache/maven/maven-aether-provider/3.1.0/maven-aether-provider-3.1.0.jar
[b25e5e83-6073-40aa-a54d-12706a82790c/build]   | [INFO] Downloaded from central: https://repo.maven.apache.org/maven2/com/google/guava/guava/10.0.1/guava-10.0.1.jar (1.5 MB at 17 MB/s)
[b25e5e83-6073-40aa-a54d-12706a82790c/build]   | [INFO] Downloading from central: https://repo.maven.apache.org/maven2/org/eclipse/aether/aether-spi/0.9.0.M2/aether-spi-0.9.0.M2.jar
[b25e5e83-6073-40aa-a54d-12706a82790c/build]   | [INFO] Downloaded from central: https://repo.maven.apache.org/maven2/org/apache/maven/maven-repository-metadata/3.1.0/maven-repository-metadata-3.1.0.jar (30 kB at 327 kB/s)
[b25e5e83-6073-40aa-a54d-12706a82790c/build]   | [INFO] Downloading from central: https://repo.maven.apache.org/maven2/org/eclipse/aether/aether-impl/0.9.0.M2/aether-impl-0.9.0.M2.jar
[b25e5e83-6073-40aa-a54d-12706a82790c/build]   | [INFO] Downloaded from central: https://repo.maven.apache.org/maven2/org/apache/maven/maven-core/3.1.0/maven-core-3.1.0.jar (563 kB at 6.0 MB/s)
[b25e5e83-6073-40aa-a54d-12706a82790c/build]   | [INFO] Downloading from central: https://repo.maven.apache.org/maven2/org/eclipse/aether/aether-api/0.9.0.M2/aether-api-0.9.0.M2.jar
[b25e5e83-6073-40aa-a54d-12706a82790c/build]   | [INFO] Downloaded from central: https://repo.maven.apache.org/maven2/org/apache/maven/maven-aether-provider/3.1.0/maven-aether-provider-3.1.0.jar (60 kB at 632 kB/s)
[b25e5e83-6073-40aa-a54d-12706a82790c/build]   | [INFO] Downloading from central: https://repo.maven.apache.org/maven2/org/eclipse/aether/aether-util/0.9.0.M2/aether-util-0.9.0.M2.jar
[b25e5e83-6073-40aa-a54d-12706a82790c/build]   | [INFO] Downloaded from central: https://repo.maven.apache.org/maven2/org/apache/maven/maven-model-builder/3.1.0/maven-model-builder-3.1.0.jar (159 kB at 1.7 MB/s)
[b25e5e83-6073-40aa-a54d-12706a82790c/build]   | [INFO] Downloading from central: https://repo.maven.apache.org/maven2/org/codehaus/plexus/plexus-interpolation/1.16/plexus-interpolation-1.16.jar
[b25e5e83-6073-40aa-a54d-12706a82790c/build]   | [INFO] Downloaded from central: https://repo.maven.apache.org/maven2/org/eclipse/aether/aether-impl/0.9.0.M2/aether-impl-0.9.0.M2.jar (145 kB at 1.3 MB/s)
[b25e5e83-6073-40aa-a54d-12706a82790c/build]   | [INFO] Downloading from central: https://repo.maven.apache.org/maven2/org/codehaus/plexus/plexus-classworlds/2.4.2/plexus-classworlds-2.4.2.jar
[b25e5e83-6073-40aa-a54d-12706a82790c/build]   | [INFO] Downloaded from central: https://repo.maven.apache.org/maven2/org/codehaus/plexus/plexus-interpolation/1.16/plexus-interpolation-1.16.jar (61 kB at 562 kB/s)
[b25e5e83-6073-40aa-a54d-12706a82790c/build]   | [INFO] Downloading from central: https://repo.maven.apache.org/maven2/org/codehaus/plexus/plexus-component-annotations/2.0.0/plexus-component-annotations-2.0.0.jar
[b25e5e83-6073-40aa-a54d-12706a82790c/build]   | [INFO] Downloaded from central: https://repo.maven.apache.org/maven2/org/eclipse/aether/aether-spi/0.9.0.M2/aether-spi-0.9.0.M2.jar (18 kB at 161 kB/s)
[b25e5e83-6073-40aa-a54d-12706a82790c/build]   | [INFO] Downloading from central: https://repo.maven.apache.org/maven2/org/sonatype/plexus/plexus-sec-dispatcher/1.3/plexus-sec-dispatcher-1.3.jar
[b25e5e83-6073-40aa-a54d-12706a82790c/build]   | [INFO] Downloaded from central: https://repo.maven.apache.org/maven2/org/eclipse/aether/aether-util/0.9.0.M2/aether-util-0.9.0.M2.jar (134 kB at 1.2 MB/s)
[b25e5e83-6073-40aa-a54d-12706a82790c/build]   | [INFO] Downloading from central: https://repo.maven.apache.org/maven2/org/sonatype/plexus/plexus-cipher/1.4/plexus-cipher-1.4.jar
[b25e5e83-6073-40aa-a54d-12706a82790c/build]   | [INFO] Downloaded from central: https://repo.maven.apache.org/maven2/org/eclipse/aether/aether-api/0.9.0.M2/aether-api-0.9.0.M2.jar (134 kB at 1.2 MB/s)
[b25e5e83-6073-40aa-a54d-12706a82790c/build]   | [INFO] Downloading from central: https://repo.maven.apache.org/maven2/org/apache/maven/maven-artifact/3.1.0/maven-artifact-3.1.0.jar
[b25e5e83-6073-40aa-a54d-12706a82790c/build]   | [INFO] Downloaded from central: https://repo.maven.apache.org/maven2/org/codehaus/plexus/plexus-component-annotations/2.0.0/plexus-component-annotations-2.0.0.jar (4.2 kB at 36 kB/s)
[b25e5e83-6073-40aa-a54d-12706a82790c/build]   | [INFO] Downloading from central: https://repo.maven.apache.org/maven2/org/apache/maven/shared/file-management/3.0.0/file-management-3.0.0.jar
[b25e5e83-6073-40aa-a54d-12706a82790c/build]   | [INFO] Downloaded from central: https://repo.maven.apache.org/maven2/org/sonatype/plexus/plexus-sec-dispatcher/1.3/plexus-sec-dispatcher-1.3.jar (29 kB at 230 kB/s)
[b25e5e83-6073-40aa-a54d-12706a82790c/build]   | [INFO] Downloading from central: https://repo.maven.apache.org/maven2/org/apache/maven/shared/maven-shared-io/3.0.0/maven-shared-io-3.0.0.jar
[b25e5e83-6073-40aa-a54d-12706a82790c/build]   | [INFO] Downloaded from central: https://repo.maven.apache.org/maven2/org/codehaus/plexus/plexus-classworlds/2.4.2/plexus-classworlds-2.4.2.jar (47 kB at 376 kB/s)
[b25e5e83-6073-40aa-a54d-12706a82790c/build]   | [INFO] Downloading from central: https://repo.maven.apache.org/maven2/org/apache/maven/maven-compat/3.0/maven-compat-3.0.jar
[b25e5e83-6073-40aa-a54d-12706a82790c/build]   | [INFO] Downloaded from central: https://repo.maven.apache.org/maven2/org/sonatype/plexus/plexus-cipher/1.4/plexus-cipher-1.4.jar (13 kB at 104 kB/s)
[b25e5e83-6073-40aa-a54d-12706a82790c/build]   | [INFO] Downloading from central: https://repo.maven.apache.org/maven2/org/sonatype/sisu/sisu-inject-plexus/1.4.2/sisu-inject-plexus-1.4.2.jar
[b25e5e83-6073-40aa-a54d-12706a82790c/build]   | [INFO] Downloaded from central: https://repo.maven.apache.org/maven2/org/apache/maven/maven-artifact/3.1.0/maven-artifact-3.1.0.jar (52 kB at 398 kB/s)
[b25e5e83-6073-40aa-a54d-12706a82790c/build]   | [INFO] Downloading from central: https://repo.maven.apache.org/maven2/org/sonatype/sisu/sisu-inject-bean/1.4.2/sisu-inject-bean-1.4.2.jar
[b25e5e83-6073-40aa-a54d-12706a82790c/build]   | [INFO] Downloaded from central: https://repo.maven.apache.org/maven2/org/apache/maven/shared/file-management/3.0.0/file-management-3.0.0.jar (35 kB at 266 kB/s)
[b25e5e83-6073-40aa-a54d-12706a82790c/build]   | [INFO] Downloading from central: https://repo.maven.apache.org/maven2/org/sonatype/sisu/sisu-guice/2.1.7/sisu-guice-2.1.7-noaop.jar
[b25e5e83-6073-40aa-a54d-12706a82790c/build]   | [INFO] Downloaded from central: https://repo.maven.apache.org/maven2/org/apache/maven/shared/maven-shared-io/3.0.0/maven-shared-io-3.0.0.jar (41 kB at 305 kB/s)
[b25e5e83-6073-40aa-a54d-12706a82790c/build]   | [INFO] Downloading from central: https://repo.maven.apache.org/maven2/org/apache/maven/wagon/wagon-provider-api/2.10/wagon-provider-api-2.10.jar
[b25e5e83-6073-40aa-a54d-12706a82790c/build]   | [INFO] Downloaded from central: https://repo.maven.apache.org/maven2/org/apache/maven/maven-compat/3.0/maven-compat-3.0.jar (285 kB at 1.8 MB/s)
[b25e5e83-6073-40aa-a54d-12706a82790c/build]   | [INFO] Downloaded from central: https://repo.maven.apache.org/maven2/org/apache/maven/wagon/wagon-provider-api/2.10/wagon-provider-api-2.10.jar (54 kB at 343 kB/s)
[b25e5e83-6073-40aa-a54d-12706a82790c/build]   | [INFO] Downloading from central: https://repo.maven.apache.org/maven2/org/apache/commons/commons-compress/1.20/commons-compress-1.20.jar
[b25e5e83-6073-40aa-a54d-12706a82790c/build]   | [INFO] Downloading from central: https://repo.maven.apache.org/maven2/org/apache/maven/maven-archiver/3.5.2/maven-archiver-3.5.2.jar
[b25e5e83-6073-40aa-a54d-12706a82790c/build]   | [INFO] Downloaded from central: https://repo.maven.apache.org/maven2/org/sonatype/sisu/sisu-inject-bean/1.4.2/sisu-inject-bean-1.4.2.jar (153 kB at 962 kB/s)
[b25e5e83-6073-40aa-a54d-12706a82790c/build]   | [INFO] Downloading from central: https://repo.maven.apache.org/maven2/org/codehaus/plexus/plexus-archiver/4.2.7/plexus-archiver-4.2.7.jar
[b25e5e83-6073-40aa-a54d-12706a82790c/build]   | [INFO] Downloaded from central: https://repo.maven.apache.org/maven2/org/sonatype/sisu/sisu-inject-plexus/1.4.2/sisu-inject-plexus-1.4.2.jar (202 kB at 1.3 MB/s)
[b25e5e83-6073-40aa-a54d-12706a82790c/build]   | [INFO] Downloading from central: https://repo.maven.apache.org/maven2/org/codehaus/plexus/plexus-io/3.2.0/plexus-io-3.2.0.jar
[b25e5e83-6073-40aa-a54d-12706a82790c/build]   | [INFO] Downloaded from central: https://repo.maven.apache.org/maven2/org/sonatype/sisu/sisu-guice/2.1.7/sisu-guice-2.1.7-noaop.jar (472 kB at 2.9 MB/s)
[b25e5e83-6073-40aa-a54d-12706a82790c/build]   | [INFO] Downloading from central: https://repo.maven.apache.org/maven2/org/iq80/snappy/snappy/0.4/snappy-0.4.jar
[b25e5e83-6073-40aa-a54d-12706a82790c/build]   | [INFO] Downloaded from central: https://repo.maven.apache.org/maven2/org/apache/maven/maven-archiver/3.5.2/maven-archiver-3.5.2.jar (26 kB at 155 kB/s)
[b25e5e83-6073-40aa-a54d-12706a82790c/build]   | [INFO] Downloading from central: https://repo.maven.apache.org/maven2/org/tukaani/xz/1.9/xz-1.9.jar
[b25e5e83-6073-40aa-a54d-12706a82790c/build]   | [INFO] Downloaded from central: https://repo.maven.apache.org/maven2/org/codehaus/plexus/plexus-io/3.2.0/plexus-io-3.2.0.jar (76 kB at 447 kB/s)
[b25e5e83-6073-40aa-a54d-12706a82790c/build]   | [INFO] Downloading from central: https://repo.maven.apache.org/maven2/org/codehaus/plexus/plexus-utils/3.3.1/plexus-utils-3.3.1.jar
[b25e5e83-6073-40aa-a54d-12706a82790c/build]   | [INFO] Downloaded from central: https://repo.maven.apache.org/maven2/org/codehaus/plexus/plexus-archiver/4.2.7/plexus-archiver-4.2.7.jar (195 kB at 1.1 MB/s)
[b25e5e83-6073-40aa-a54d-12706a82790c/build]   | [INFO] Downloaded from central: https://repo.maven.apache.org/maven2/org/iq80/snappy/snappy/0.4/snappy-0.4.jar (58 kB at 333 kB/s)
[b25e5e83-6073-40aa-a54d-12706a82790c/build]   | [INFO] Downloaded from central: https://repo.maven.apache.org/maven2/org/tukaani/xz/1.9/xz-1.9.jar (116 kB at 648 kB/s)
[b25e5e83-6073-40aa-a54d-12706a82790c/build]   | [INFO] Downloaded from central: https://repo.maven.apache.org/maven2/org/codehaus/plexus/plexus-utils/3.3.1/plexus-utils-3.3.1.jar (262 kB at 1.4 MB/s)
[b25e5e83-6073-40aa-a54d-12706a82790c/build]   | [INFO] Downloaded from central: https://repo.maven.apache.org/maven2/org/apache/commons/commons-compress/1.20/commons-compress-1.20.jar (632 kB at 3.4 MB/s)
[b25e5e83-6073-40aa-a54d-12706a82790c/build]   | [INFO] Building jar: /tmp/30b63549-b4c7-41d3-9ede-8266e13efa15/target/jwarc-0.28.1.jar
[b25e5e83-6073-40aa-a54d-12706a82790c/build]   | [INFO] ------------------------------------------------------------------------
[b25e5e83-6073-40aa-a54d-12706a82790c/build]   | [INFO] BUILD SUCCESS
[b25e5e83-6073-40aa-a54d-12706a82790c/build]   | [INFO] ------------------------------------------------------------------------
[b25e5e83-6073-40aa-a54d-12706a82790c/build]   | [INFO] Total time:  13.348 s
[b25e5e83-6073-40aa-a54d-12706a82790c/build]   | [INFO] Finished at: 2023-11-24T13:59:43Z
[b25e5e83-6073-40aa-a54d-12706a82790c/build]   | [INFO] ------------------------------------------------------------------------
[b25e5e83-6073-40aa-a54d-12706a82790c/build]   ✅  Success - Main Build with Maven
[b25e5e83-6073-40aa-a54d-12706a82790c/build] unable to get git ref: failed to identify reference (tag/branch) for the checked-out revision 'eb28cfa8e5cff83c249b830d468458bd6f369036'
[b25e5e83-6073-40aa-a54d-12706a82790c/build] unable to get git ref: failed to identify reference (tag/branch) for the checked-out revision 'eb28cfa8e5cff83c249b830d468458bd6f369036'
[b25e5e83-6073-40aa-a54d-12706a82790c/build] unable to get git ref: failed to identify reference (tag/branch) for the checked-out revision 'eb28cfa8e5cff83c249b830d468458bd6f369036'
[b25e5e83-6073-40aa-a54d-12706a82790c/build] unable to get git ref: failed to identify reference (tag/branch) for the checked-out revision 'eb28cfa8e5cff83c249b830d468458bd6f369036'
[b25e5e83-6073-40aa-a54d-12706a82790c/build] unable to get git ref: failed to identify reference (tag/branch) for the checked-out revision 'eb28cfa8e5cff83c249b830d468458bd6f369036'
[b25e5e83-6073-40aa-a54d-12706a82790c/build] ⭐ Run Post Set up JDK 11
[b25e5e83-6073-40aa-a54d-12706a82790c/build]   🐳  docker exec cmd=[node /var/run/act/actions/actions-setup-java@v2/dist/cleanup/index.js] user= workdir=
[b25e5e83-6073-40aa-a54d-12706a82790c/build]   ✅  Success - Post Set up JDK 11
[b25e5e83-6073-40aa-a54d-12706a82790c/build] 🏁  Job succeeded
[b25e5e83-6073-40aa-a54d-12706a82790c/build] unable to get git ref: failed to identify reference (tag/branch) for the checked-out revision 'eb28cfa8e5cff83c249b830d468458bd6f369036'
