[4673e2f8-6bd4-4a80-92fc-5204c1a7ee4c/build] üöÄ  Start image=gitbugactions:latest
[4673e2f8-6bd4-4a80-92fc-5204c1a7ee4c/build]   üê≥  docker pull image=gitbugactions:latest platform= username= forcePull=false
[4673e2f8-6bd4-4a80-92fc-5204c1a7ee4c/build]   üê≥  docker create image=gitbugactions:latest platform= entrypoint=["tail" "-f" "/dev/null"] cmd=[]
[4673e2f8-6bd4-4a80-92fc-5204c1a7ee4c/build]   üê≥  docker run image=gitbugactions:latest platform= entrypoint=["tail" "-f" "/dev/null"] cmd=[]
[4673e2f8-6bd4-4a80-92fc-5204c1a7ee4c/build]   üê≥  docker exec cmd=[chown -R 1012:1013 /tmp/fd2b8dfa-a77c-44bc-b2d7-d833d49a540f] user=0 workdir=
[4673e2f8-6bd4-4a80-92fc-5204c1a7ee4c/build] unable to get git ref: failed to identify reference (tag/branch) for the checked-out revision '362caf5eb33c0f23bbb29ba689112dee3750b30c'
[4673e2f8-6bd4-4a80-92fc-5204c1a7ee4c/build] unable to get git ref: failed to identify reference (tag/branch) for the checked-out revision '362caf5eb33c0f23bbb29ba689112dee3750b30c'
[4673e2f8-6bd4-4a80-92fc-5204c1a7ee4c/build] unable to get git ref: failed to identify reference (tag/branch) for the checked-out revision '362caf5eb33c0f23bbb29ba689112dee3750b30c'
[4673e2f8-6bd4-4a80-92fc-5204c1a7ee4c/build] unable to get git ref: failed to identify reference (tag/branch) for the checked-out revision '362caf5eb33c0f23bbb29ba689112dee3750b30c'
[4673e2f8-6bd4-4a80-92fc-5204c1a7ee4c/build] unable to get git ref: failed to identify reference (tag/branch) for the checked-out revision '362caf5eb33c0f23bbb29ba689112dee3750b30c'
[4673e2f8-6bd4-4a80-92fc-5204c1a7ee4c/build] unable to get git ref: failed to identify reference (tag/branch) for the checked-out revision '362caf5eb33c0f23bbb29ba689112dee3750b30c'
[4673e2f8-6bd4-4a80-92fc-5204c1a7ee4c/build] unable to get git ref: failed to identify reference (tag/branch) for the checked-out revision '362caf5eb33c0f23bbb29ba689112dee3750b30c'
[4673e2f8-6bd4-4a80-92fc-5204c1a7ee4c/build] unable to get git ref: failed to identify reference (tag/branch) for the checked-out revision '362caf5eb33c0f23bbb29ba689112dee3750b30c'
[4673e2f8-6bd4-4a80-92fc-5204c1a7ee4c/build] unable to get git ref: failed to identify reference (tag/branch) for the checked-out revision '362caf5eb33c0f23bbb29ba689112dee3750b30c'
[4673e2f8-6bd4-4a80-92fc-5204c1a7ee4c/build] ‚≠ê Run Main actions/checkout@v3
[4673e2f8-6bd4-4a80-92fc-5204c1a7ee4c/build] unable to get git ref: failed to identify reference (tag/branch) for the checked-out revision '362caf5eb33c0f23bbb29ba689112dee3750b30c'
[4673e2f8-6bd4-4a80-92fc-5204c1a7ee4c/build] unable to get git ref: failed to identify reference (tag/branch) for the checked-out revision '362caf5eb33c0f23bbb29ba689112dee3750b30c'
[4673e2f8-6bd4-4a80-92fc-5204c1a7ee4c/build]   üê≥  docker cp src=/tmp/fd2b8dfa-a77c-44bc-b2d7-d833d49a540f/. dst=/tmp/fd2b8dfa-a77c-44bc-b2d7-d833d49a540f
[4673e2f8-6bd4-4a80-92fc-5204c1a7ee4c/build]   üê≥  docker exec cmd=[chown -R 1012:1013 /tmp/fd2b8dfa-a77c-44bc-b2d7-d833d49a540f] user=0 workdir=
[4673e2f8-6bd4-4a80-92fc-5204c1a7ee4c/build]   ‚úÖ  Success - Main actions/checkout@v3
[4673e2f8-6bd4-4a80-92fc-5204c1a7ee4c/build] unable to get git ref: failed to identify reference (tag/branch) for the checked-out revision '362caf5eb33c0f23bbb29ba689112dee3750b30c'
[4673e2f8-6bd4-4a80-92fc-5204c1a7ee4c/build] unable to get git ref: failed to identify reference (tag/branch) for the checked-out revision '362caf5eb33c0f23bbb29ba689112dee3750b30c'
[4673e2f8-6bd4-4a80-92fc-5204c1a7ee4c/build] unable to get git ref: failed to identify reference (tag/branch) for the checked-out revision '362caf5eb33c0f23bbb29ba689112dee3750b30c'
[4673e2f8-6bd4-4a80-92fc-5204c1a7ee4c/build] unable to get git ref: failed to identify reference (tag/branch) for the checked-out revision '362caf5eb33c0f23bbb29ba689112dee3750b30c'
[4673e2f8-6bd4-4a80-92fc-5204c1a7ee4c/build] unable to get git ref: failed to identify reference (tag/branch) for the checked-out revision '362caf5eb33c0f23bbb29ba689112dee3750b30c'
[4673e2f8-6bd4-4a80-92fc-5204c1a7ee4c/build] ‚≠ê Run Main Set up JDK 17
[4673e2f8-6bd4-4a80-92fc-5204c1a7ee4c/build] unable to get git ref: failed to identify reference (tag/branch) for the checked-out revision '362caf5eb33c0f23bbb29ba689112dee3750b30c'
[4673e2f8-6bd4-4a80-92fc-5204c1a7ee4c/build] unable to get git ref: failed to identify reference (tag/branch) for the checked-out revision '362caf5eb33c0f23bbb29ba689112dee3750b30c'
[4673e2f8-6bd4-4a80-92fc-5204c1a7ee4c/build] unable to get git ref: failed to identify reference (tag/branch) for the checked-out revision '362caf5eb33c0f23bbb29ba689112dee3750b30c'
[4673e2f8-6bd4-4a80-92fc-5204c1a7ee4c/build]   üê≥  docker cp src=/tmp/act-cache/2820b497-ffbd-4fca-aa24-5689353b2943/act/actions-setup-java@v3/ dst=/var/run/act/actions/actions-setup-java@v3/
[4673e2f8-6bd4-4a80-92fc-5204c1a7ee4c/build]   üê≥  docker exec cmd=[chown -R 1012:1013 /var/run/act/actions/actions-setup-java@v3/] user=0 workdir=
[4673e2f8-6bd4-4a80-92fc-5204c1a7ee4c/build]   üê≥  docker exec cmd=[node /var/run/act/actions/actions-setup-java@v3/dist/setup/index.js] user= workdir=
[4673e2f8-6bd4-4a80-92fc-5204c1a7ee4c/build]   ‚ùì  ::group::Installed distributions
[4673e2f8-6bd4-4a80-92fc-5204c1a7ee4c/build]   üí¨  ::debug::isExplicit: 11.0.20-1
[4673e2f8-6bd4-4a80-92fc-5204c1a7ee4c/build]   üí¨  ::debug::explicit? true
[4673e2f8-6bd4-4a80-92fc-5204c1a7ee4c/build]   üí¨  ::debug::isExplicit: 17.0.8-1
[4673e2f8-6bd4-4a80-92fc-5204c1a7ee4c/build]   üí¨  ::debug::explicit? true
[4673e2f8-6bd4-4a80-92fc-5204c1a7ee4c/build]   üí¨  ::debug::isExplicit: 21.0.0-35
[4673e2f8-6bd4-4a80-92fc-5204c1a7ee4c/build]   üí¨  ::debug::explicit? true
[4673e2f8-6bd4-4a80-92fc-5204c1a7ee4c/build]   üí¨  ::debug::isExplicit: 8.0.382-5
[4673e2f8-6bd4-4a80-92fc-5204c1a7ee4c/build]   üí¨  ::debug::explicit? true
[4673e2f8-6bd4-4a80-92fc-5204c1a7ee4c/build]   | Resolved Java 17.0.8+1 from tool-cache
[4673e2f8-6bd4-4a80-92fc-5204c1a7ee4c/build]   | Setting Java 17.0.8+1 as the default
[4673e2f8-6bd4-4a80-92fc-5204c1a7ee4c/build]   | Creating toolchains.xml for JDK version 17 from temurin
[4673e2f8-6bd4-4a80-92fc-5204c1a7ee4c/build]   | Writing to /home/runner/.m2/toolchains.xml
[4673e2f8-6bd4-4a80-92fc-5204c1a7ee4c/build]   | 
[4673e2f8-6bd4-4a80-92fc-5204c1a7ee4c/build]   | Java configuration:
[4673e2f8-6bd4-4a80-92fc-5204c1a7ee4c/build]   |   Distribution: temurin
[4673e2f8-6bd4-4a80-92fc-5204c1a7ee4c/build]   |   Version: 17.0.8+1
[4673e2f8-6bd4-4a80-92fc-5204c1a7ee4c/build]   |   Path: /opt/hostedtoolcache/Java_Temurin-Hotspot_jdk/17.0.8-1/x64
[4673e2f8-6bd4-4a80-92fc-5204c1a7ee4c/build]   | 
[4673e2f8-6bd4-4a80-92fc-5204c1a7ee4c/build]   ‚ùì  ::endgroup::
[4673e2f8-6bd4-4a80-92fc-5204c1a7ee4c/build]   ‚ùì add-matcher /run/act/actions/actions-setup-java@v3/.github/java.json
[4673e2f8-6bd4-4a80-92fc-5204c1a7ee4c/build]   | Creating settings.xml with server-id: github
[4673e2f8-6bd4-4a80-92fc-5204c1a7ee4c/build]   | Writing to /home/runner/.m2/settings.xml
[4673e2f8-6bd4-4a80-92fc-5204c1a7ee4c/build]   ‚úÖ  Success - Main Set up JDK 17
[4673e2f8-6bd4-4a80-92fc-5204c1a7ee4c/build]   ‚öô  ::set-env:: JAVA_HOME=/opt/hostedtoolcache/Java_Temurin-Hotspot_jdk/17.0.8-1/x64
[4673e2f8-6bd4-4a80-92fc-5204c1a7ee4c/build]   ‚öô  ::set-env:: JAVA_HOME_17_X64=/opt/hostedtoolcache/Java_Temurin-Hotspot_jdk/17.0.8-1/x64
[4673e2f8-6bd4-4a80-92fc-5204c1a7ee4c/build]   ‚öô  ::set-output:: distribution=Temurin-Hotspot
[4673e2f8-6bd4-4a80-92fc-5204c1a7ee4c/build]   ‚öô  ::set-output:: path=/opt/hostedtoolcache/Java_Temurin-Hotspot_jdk/17.0.8-1/x64
[4673e2f8-6bd4-4a80-92fc-5204c1a7ee4c/build]   ‚öô  ::set-output:: version=17.0.8+1
[4673e2f8-6bd4-4a80-92fc-5204c1a7ee4c/build]   ‚öô  ::add-path:: /opt/hostedtoolcache/Java_Temurin-Hotspot_jdk/17.0.8-1/x64/bin
[4673e2f8-6bd4-4a80-92fc-5204c1a7ee4c/build] unable to get git ref: failed to identify reference (tag/branch) for the checked-out revision '362caf5eb33c0f23bbb29ba689112dee3750b30c'
[4673e2f8-6bd4-4a80-92fc-5204c1a7ee4c/build] unable to get git ref: failed to identify reference (tag/branch) for the checked-out revision '362caf5eb33c0f23bbb29ba689112dee3750b30c'
[4673e2f8-6bd4-4a80-92fc-5204c1a7ee4c/build] unable to get git ref: failed to identify reference (tag/branch) for the checked-out revision '362caf5eb33c0f23bbb29ba689112dee3750b30c'
[4673e2f8-6bd4-4a80-92fc-5204c1a7ee4c/build] unable to get git ref: failed to identify reference (tag/branch) for the checked-out revision '362caf5eb33c0f23bbb29ba689112dee3750b30c'
[4673e2f8-6bd4-4a80-92fc-5204c1a7ee4c/build] unable to get git ref: failed to identify reference (tag/branch) for the checked-out revision '362caf5eb33c0f23bbb29ba689112dee3750b30c'
[4673e2f8-6bd4-4a80-92fc-5204c1a7ee4c/build] ‚≠ê Run Main Build with Maven
[4673e2f8-6bd4-4a80-92fc-5204c1a7ee4c/build] unable to get git ref: failed to identify reference (tag/branch) for the checked-out revision '362caf5eb33c0f23bbb29ba689112dee3750b30c'
[4673e2f8-6bd4-4a80-92fc-5204c1a7ee4c/build] unable to get git ref: failed to identify reference (tag/branch) for the checked-out revision '362caf5eb33c0f23bbb29ba689112dee3750b30c'
[4673e2f8-6bd4-4a80-92fc-5204c1a7ee4c/build] unable to get git ref: failed to identify reference (tag/branch) for the checked-out revision '362caf5eb33c0f23bbb29ba689112dee3750b30c'
[4673e2f8-6bd4-4a80-92fc-5204c1a7ee4c/build] unable to get git ref: failed to identify reference (tag/branch) for the checked-out revision '362caf5eb33c0f23bbb29ba689112dee3750b30c'
[4673e2f8-6bd4-4a80-92fc-5204c1a7ee4c/build]   üê≥  docker exec cmd=[bash --noprofile --norc -e -o pipefail /var/run/act/workflow/2] user= workdir=
[4673e2f8-6bd4-4a80-92fc-5204c1a7ee4c/build]   | [INFO] Scanning for projects...
[4673e2f8-6bd4-4a80-92fc-5204c1a7ee4c/build]   | [INFO] 
[4673e2f8-6bd4-4a80-92fc-5204c1a7ee4c/build]   | [INFO] ------------< com.whatsapp.api:whatsapp-business-java-api >-------------
[4673e2f8-6bd4-4a80-92fc-5204c1a7ee4c/build]   | [INFO] Building whatsapp-business-sdk v0.1.0
[4673e2f8-6bd4-4a80-92fc-5204c1a7ee4c/build]   | [INFO]   from pom.xml
[4673e2f8-6bd4-4a80-92fc-5204c1a7ee4c/build]   | [INFO] --------------------------------[ jar ]---------------------------------
[4673e2f8-6bd4-4a80-92fc-5204c1a7ee4c/build]   | [INFO] Downloading from central: https://repo.maven.apache.org/maven2/org/apache/maven/plugins/maven-resources-plugin/2.6/maven-resources-plugin-2.6.pom
[4673e2f8-6bd4-4a80-92fc-5204c1a7ee4c/build]   | [INFO] Downloaded from central: https://repo.maven.apache.org/maven2/org/apache/maven/plugins/maven-resources-plugin/2.6/maven-resources-plugin-2.6.pom (8.1 kB at 29 kB/s)
[4673e2f8-6bd4-4a80-92fc-5204c1a7ee4c/build]   | [INFO] Downloading from central: https://repo.maven.apache.org/maven2/org/apache/maven/plugins/maven-plugins/23/maven-plugins-23.pom
[4673e2f8-6bd4-4a80-92fc-5204c1a7ee4c/build]   | [INFO] Downloaded from central: https://repo.maven.apache.org/maven2/org/apache/maven/plugins/maven-plugins/23/maven-plugins-23.pom (9.2 kB at 460 kB/s)
[4673e2f8-6bd4-4a80-92fc-5204c1a7ee4c/build]   | [INFO] Downloading from central: https://repo.maven.apache.org/maven2/org/apache/maven/maven-parent/22/maven-parent-22.pom
[4673e2f8-6bd4-4a80-92fc-5204c1a7ee4c/build]   | [INFO] Downloaded from central: https://repo.maven.apache.org/maven2/org/apache/maven/maven-parent/22/maven-parent-22.pom (30 kB at 1.1 MB/s)
[4673e2f8-6bd4-4a80-92fc-5204c1a7ee4c/build]   | [INFO] Downloading from central: https://repo.maven.apache.org/maven2/org/apache/apache/11/apache-11.pom
[4673e2f8-6bd4-4a80-92fc-5204c1a7ee4c/build]   | [INFO] Downloaded from central: https://repo.maven.apache.org/maven2/org/apache/apache/11/apache-11.pom (15 kB at 1.1 MB/s)
[4673e2f8-6bd4-4a80-92fc-5204c1a7ee4c/build]   | [INFO] Downloading from central: https://repo.maven.apache.org/maven2/org/apache/maven/plugins/maven-resources-plugin/2.6/maven-resources-plugin-2.6.jar
[4673e2f8-6bd4-4a80-92fc-5204c1a7ee4c/build]   | [INFO] Downloaded from central: https://repo.maven.apache.org/maven2/org/apache/maven/plugins/maven-resources-plugin/2.6/maven-resources-plugin-2.6.jar (30 kB at 1.2 MB/s)
[4673e2f8-6bd4-4a80-92fc-5204c1a7ee4c/build]   | [INFO] Downloading from central: https://repo.maven.apache.org/maven2/org/apache/maven/plugins/maven-compiler-plugin/3.11.0/maven-compiler-plugin-3.11.0.pom
[4673e2f8-6bd4-4a80-92fc-5204c1a7ee4c/build]   | [INFO] Downloaded from central: https://repo.maven.apache.org/maven2/org/apache/maven/plugins/maven-compiler-plugin/3.11.0/maven-compiler-plugin-3.11.0.pom (9.8 kB at 755 kB/s)
[4673e2f8-6bd4-4a80-92fc-5204c1a7ee4c/build]   | [INFO] Downloading from central: https://repo.maven.apache.org/maven2/org/apache/maven/plugins/maven-plugins/39/maven-plugins-39.pom
[4673e2f8-6bd4-4a80-92fc-5204c1a7ee4c/build]   | [INFO] Downloaded from central: https://repo.maven.apache.org/maven2/org/apache/maven/plugins/maven-plugins/39/maven-plugins-39.pom (8.1 kB at 426 kB/s)
[4673e2f8-6bd4-4a80-92fc-5204c1a7ee4c/build]   | [INFO] Downloading from central: https://repo.maven.apache.org/maven2/org/apache/maven/maven-parent/39/maven-parent-39.pom
[4673e2f8-6bd4-4a80-92fc-5204c1a7ee4c/build]   | [INFO] Downloaded from central: https://repo.maven.apache.org/maven2/org/apache/maven/maven-parent/39/maven-parent-39.pom (48 kB at 2.4 MB/s)
[4673e2f8-6bd4-4a80-92fc-5204c1a7ee4c/build]   | [INFO] Downloading from central: https://repo.maven.apache.org/maven2/org/apache/apache/29/apache-29.pom
[4673e2f8-6bd4-4a80-92fc-5204c1a7ee4c/build]   | [INFO] Downloaded from central: https://repo.maven.apache.org/maven2/org/apache/apache/29/apache-29.pom (21 kB at 1.4 MB/s)
[4673e2f8-6bd4-4a80-92fc-5204c1a7ee4c/build]   | [INFO] Downloading from central: https://repo.maven.apache.org/maven2/org/apache/maven/plugins/maven-compiler-plugin/3.11.0/maven-compiler-plugin-3.11.0.jar
[4673e2f8-6bd4-4a80-92fc-5204c1a7ee4c/build]   | [INFO] Downloaded from central: https://repo.maven.apache.org/maven2/org/apache/maven/plugins/maven-compiler-plugin/3.11.0/maven-compiler-plugin-3.11.0.jar (66 kB at 3.0 MB/s)
[4673e2f8-6bd4-4a80-92fc-5204c1a7ee4c/build]   | [INFO] Downloading from central: https://repo.maven.apache.org/maven2/org/apache/maven/plugins/maven-surefire-plugin/2.22.2/maven-surefire-plugin-2.22.2.pom
[4673e2f8-6bd4-4a80-92fc-5204c1a7ee4c/build]   | [INFO] Downloaded from central: https://repo.maven.apache.org/maven2/org/apache/maven/plugins/maven-surefire-plugin/2.22.2/maven-surefire-plugin-2.22.2.pom (5.0 kB at 263 kB/s)
[4673e2f8-6bd4-4a80-92fc-5204c1a7ee4c/build]   | [INFO] Downloading from central: https://repo.maven.apache.org/maven2/org/apache/maven/surefire/surefire/2.22.2/surefire-2.22.2.pom
[4673e2f8-6bd4-4a80-92fc-5204c1a7ee4c/build]   | [INFO] Downloaded from central: https://repo.maven.apache.org/maven2/org/apache/maven/surefire/surefire/2.22.2/surefire-2.22.2.pom (26 kB at 1.5 MB/s)
[4673e2f8-6bd4-4a80-92fc-5204c1a7ee4c/build]   | [INFO] Downloading from central: https://repo.maven.apache.org/maven2/org/apache/maven/maven-parent/33/maven-parent-33.pom
[4673e2f8-6bd4-4a80-92fc-5204c1a7ee4c/build]   | [INFO] Downloaded from central: https://repo.maven.apache.org/maven2/org/apache/maven/maven-parent/33/maven-parent-33.pom (44 kB at 2.9 MB/s)
[4673e2f8-6bd4-4a80-92fc-5204c1a7ee4c/build]   | [INFO] Downloading from central: https://repo.maven.apache.org/maven2/org/apache/apache/21/apache-21.pom
[4673e2f8-6bd4-4a80-92fc-5204c1a7ee4c/build]   | [INFO] Downloaded from central: https://repo.maven.apache.org/maven2/org/apache/apache/21/apache-21.pom (17 kB at 1.6 MB/s)
[4673e2f8-6bd4-4a80-92fc-5204c1a7ee4c/build]   | [INFO] Downloading from central: https://repo.maven.apache.org/maven2/org/apache/maven/plugins/maven-surefire-plugin/2.22.2/maven-surefire-plugin-2.22.2.jar
[4673e2f8-6bd4-4a80-92fc-5204c1a7ee4c/build]   | [INFO] Downloaded from central: https://repo.maven.apache.org/maven2/org/apache/maven/plugins/maven-surefire-plugin/2.22.2/maven-surefire-plugin-2.22.2.jar (41 kB at 3.4 MB/s)
[4673e2f8-6bd4-4a80-92fc-5204c1a7ee4c/build]   | [INFO] Downloading from central: https://repo.maven.apache.org/maven2/org/apache/maven/plugins/maven-jar-plugin/2.4/maven-jar-plugin-2.4.pom
[4673e2f8-6bd4-4a80-92fc-5204c1a7ee4c/build]   | [INFO] Downloaded from central: https://repo.maven.apache.org/maven2/org/apache/maven/plugins/maven-jar-plugin/2.4/maven-jar-plugin-2.4.pom (5.8 kB at 324 kB/s)
[4673e2f8-6bd4-4a80-92fc-5204c1a7ee4c/build]   | [INFO] Downloading from central: https://repo.maven.apache.org/maven2/org/apache/maven/plugins/maven-plugins/22/maven-plugins-22.pom
[4673e2f8-6bd4-4a80-92fc-5204c1a7ee4c/build]   | [INFO] Downloaded from central: https://repo.maven.apache.org/maven2/org/apache/maven/plugins/maven-plugins/22/maven-plugins-22.pom (13 kB at 522 kB/s)
[4673e2f8-6bd4-4a80-92fc-5204c1a7ee4c/build]   | [INFO] Downloading from central: https://repo.maven.apache.org/maven2/org/apache/maven/maven-parent/21/maven-parent-21.pom
[4673e2f8-6bd4-4a80-92fc-5204c1a7ee4c/build]   | [INFO] Downloaded from central: https://repo.maven.apache.org/maven2/org/apache/maven/maven-parent/21/maven-parent-21.pom (26 kB at 1.4 MB/s)
[4673e2f8-6bd4-4a80-92fc-5204c1a7ee4c/build]   | [INFO] Downloading from central: https://repo.maven.apache.org/maven2/org/apache/apache/10/apache-10.pom
[4673e2f8-6bd4-4a80-92fc-5204c1a7ee4c/build]   | [INFO] Downloaded from central: https://repo.maven.apache.org/maven2/org/apache/apache/10/apache-10.pom (15 kB at 1.1 MB/s)
[4673e2f8-6bd4-4a80-92fc-5204c1a7ee4c/build]   | [INFO] Downloading from central: https://repo.maven.apache.org/maven2/org/apache/maven/plugins/maven-jar-plugin/2.4/maven-jar-plugin-2.4.jar
[4673e2f8-6bd4-4a80-92fc-5204c1a7ee4c/build]   | [INFO] Downloaded from central: https://repo.maven.apache.org/maven2/org/apache/maven/plugins/maven-jar-plugin/2.4/maven-jar-plugin-2.4.jar (34 kB at 2.6 MB/s)
[4673e2f8-6bd4-4a80-92fc-5204c1a7ee4c/build]   | [INFO] Downloading from central: https://repo.maven.apache.org/maven2/com/squareup/retrofit2/retrofit/2.9.0/retrofit-2.9.0.pom
[4673e2f8-6bd4-4a80-92fc-5204c1a7ee4c/build]   | [INFO] Downloaded from central: https://repo.maven.apache.org/maven2/com/squareup/retrofit2/retrofit/2.9.0/retrofit-2.9.0.pom (2.6 kB at 216 kB/s)
[4673e2f8-6bd4-4a80-92fc-5204c1a7ee4c/build]   | [INFO] Downloading from central: https://repo.maven.apache.org/maven2/com/squareup/okhttp3/okhttp/3.14.9/okhttp-3.14.9.pom
[4673e2f8-6bd4-4a80-92fc-5204c1a7ee4c/build]   | [INFO] Downloaded from central: https://repo.maven.apache.org/maven2/com/squareup/okhttp3/okhttp/3.14.9/okhttp-3.14.9.pom (2.5 kB at 82 kB/s)
[4673e2f8-6bd4-4a80-92fc-5204c1a7ee4c/build]   | [INFO] Downloading from central: https://repo.maven.apache.org/maven2/com/squareup/okhttp3/parent/3.14.9/parent-3.14.9.pom
[4673e2f8-6bd4-4a80-92fc-5204c1a7ee4c/build]   | [INFO] Downloaded from central: https://repo.maven.apache.org/maven2/com/squareup/okhttp3/parent/3.14.9/parent-3.14.9.pom (21 kB at 2.0 MB/s)
[4673e2f8-6bd4-4a80-92fc-5204c1a7ee4c/build]   | [INFO] Downloading from central: https://repo.maven.apache.org/maven2/org/sonatype/oss/oss-parent/7/oss-parent-7.pom
[4673e2f8-6bd4-4a80-92fc-5204c1a7ee4c/build]   | [INFO] Downloaded from central: https://repo.maven.apache.org/maven2/org/sonatype/oss/oss-parent/7/oss-parent-7.pom (4.8 kB at 254 kB/s)
[4673e2f8-6bd4-4a80-92fc-5204c1a7ee4c/build]   | [INFO] Downloading from central: https://repo.maven.apache.org/maven2/com/squareup/okio/okio/1.17.2/okio-1.17.2.pom
[4673e2f8-6bd4-4a80-92fc-5204c1a7ee4c/build]   | [INFO] Downloaded from central: https://repo.maven.apache.org/maven2/com/squareup/okio/okio/1.17.2/okio-1.17.2.pom (2.0 kB at 110 kB/s)
[4673e2f8-6bd4-4a80-92fc-5204c1a7ee4c/build]   | [INFO] Downloading from central: https://repo.maven.apache.org/maven2/com/squareup/okio/okio-parent/1.17.2/okio-parent-1.17.2.pom
[4673e2f8-6bd4-4a80-92fc-5204c1a7ee4c/build]   | [INFO] Downloaded from central: https://repo.maven.apache.org/maven2/com/squareup/okio/okio-parent/1.17.2/okio-parent-1.17.2.pom (4.9 kB at 347 kB/s)
[4673e2f8-6bd4-4a80-92fc-5204c1a7ee4c/build]   | [INFO] Downloading from central: https://repo.maven.apache.org/maven2/com/squareup/retrofit2/converter-jackson/2.9.0/converter-jackson-2.9.0.pom
[4673e2f8-6bd4-4a80-92fc-5204c1a7ee4c/build]   | [INFO] Downloaded from central: https://repo.maven.apache.org/maven2/com/squareup/retrofit2/converter-jackson/2.9.0/converter-jackson-2.9.0.pom (2.1 kB at 149 kB/s)
[4673e2f8-6bd4-4a80-92fc-5204c1a7ee4c/build]   | [INFO] Downloading from central: https://repo.maven.apache.org/maven2/com/fasterxml/jackson/core/jackson-databind/2.10.1/jackson-databind-2.10.1.pom
[4673e2f8-6bd4-4a80-92fc-5204c1a7ee4c/build]   | [INFO] Downloaded from central: https://repo.maven.apache.org/maven2/com/fasterxml/jackson/core/jackson-databind/2.10.1/jackson-databind-2.10.1.pom (6.9 kB at 431 kB/s)
[4673e2f8-6bd4-4a80-92fc-5204c1a7ee4c/build]   | [INFO] Downloading from central: https://repo.maven.apache.org/maven2/com/fasterxml/jackson/jackson-base/2.10.1/jackson-base-2.10.1.pom
[4673e2f8-6bd4-4a80-92fc-5204c1a7ee4c/build]   | [INFO] Downloaded from central: https://repo.maven.apache.org/maven2/com/fasterxml/jackson/jackson-base/2.10.1/jackson-base-2.10.1.pom (7.2 kB at 602 kB/s)
[4673e2f8-6bd4-4a80-92fc-5204c1a7ee4c/build]   | [INFO] Downloading from central: https://repo.maven.apache.org/maven2/com/fasterxml/jackson/jackson-bom/2.10.1/jackson-bom-2.10.1.pom
[4673e2f8-6bd4-4a80-92fc-5204c1a7ee4c/build]   | [INFO] Downloaded from central: https://repo.maven.apache.org/maven2/com/fasterxml/jackson/jackson-bom/2.10.1/jackson-bom-2.10.1.pom (13 kB at 1.1 MB/s)
[4673e2f8-6bd4-4a80-92fc-5204c1a7ee4c/build]   | [INFO] Downloading from central: https://repo.maven.apache.org/maven2/com/fasterxml/jackson/jackson-parent/2.10/jackson-parent-2.10.pom
[4673e2f8-6bd4-4a80-92fc-5204c1a7ee4c/build]   | [INFO] Downloaded from central: https://repo.maven.apache.org/maven2/com/fasterxml/jackson/jackson-parent/2.10/jackson-parent-2.10.pom (8.3 kB at 1.0 MB/s)
[4673e2f8-6bd4-4a80-92fc-5204c1a7ee4c/build]   | [INFO] Downloading from central: https://repo.maven.apache.org/maven2/com/fasterxml/oss-parent/38/oss-parent-38.pom
[4673e2f8-6bd4-4a80-92fc-5204c1a7ee4c/build]   | [INFO] Downloaded from central: https://repo.maven.apache.org/maven2/com/fasterxml/oss-parent/38/oss-parent-38.pom (23 kB at 1.4 MB/s)
[4673e2f8-6bd4-4a80-92fc-5204c1a7ee4c/build]   | [INFO] Downloading from central: https://repo.maven.apache.org/maven2/com/fasterxml/jackson/core/jackson-annotations/2.10.1/jackson-annotations-2.10.1.pom
[4673e2f8-6bd4-4a80-92fc-5204c1a7ee4c/build]   | [INFO] Downloaded from central: https://repo.maven.apache.org/maven2/com/fasterxml/jackson/core/jackson-annotations/2.10.1/jackson-annotations-2.10.1.pom (3.4 kB at 344 kB/s)
[4673e2f8-6bd4-4a80-92fc-5204c1a7ee4c/build]   | [INFO] Downloading from central: https://repo.maven.apache.org/maven2/com/fasterxml/jackson/core/jackson-core/2.10.1/jackson-core-2.10.1.pom
[4673e2f8-6bd4-4a80-92fc-5204c1a7ee4c/build]   | [INFO] Downloaded from central: https://repo.maven.apache.org/maven2/com/fasterxml/jackson/core/jackson-core/2.10.1/jackson-core-2.10.1.pom (4.6 kB at 516 kB/s)
[4673e2f8-6bd4-4a80-92fc-5204c1a7ee4c/build]   | [INFO] Downloading from central: https://repo.maven.apache.org/maven2/org/junit/jupiter/junit-jupiter-api/5.9.2/junit-jupiter-api-5.9.2.pom
[4673e2f8-6bd4-4a80-92fc-5204c1a7ee4c/build]   | [INFO] Downloaded from central: https://repo.maven.apache.org/maven2/org/junit/jupiter/junit-jupiter-api/5.9.2/junit-jupiter-api-5.9.2.pom (3.2 kB at 398 kB/s)
[4673e2f8-6bd4-4a80-92fc-5204c1a7ee4c/build]   | [INFO] Downloading from central: https://repo.maven.apache.org/maven2/org/junit/junit-bom/5.9.2/junit-bom-5.9.2.pom
[4673e2f8-6bd4-4a80-92fc-5204c1a7ee4c/build]   | [INFO] Downloaded from central: https://repo.maven.apache.org/maven2/org/junit/junit-bom/5.9.2/junit-bom-5.9.2.pom (5.6 kB at 512 kB/s)
[4673e2f8-6bd4-4a80-92fc-5204c1a7ee4c/build]   | [INFO] Downloading from central: https://repo.maven.apache.org/maven2/org/opentest4j/opentest4j/1.2.0/opentest4j-1.2.0.pom
[4673e2f8-6bd4-4a80-92fc-5204c1a7ee4c/build]   | [INFO] Downloaded from central: https://repo.maven.apache.org/maven2/org/opentest4j/opentest4j/1.2.0/opentest4j-1.2.0.pom (1.7 kB at 140 kB/s)
[4673e2f8-6bd4-4a80-92fc-5204c1a7ee4c/build]   | [INFO] Downloading from central: https://repo.maven.apache.org/maven2/org/junit/platform/junit-platform-commons/1.9.2/junit-platform-commons-1.9.2.pom
[4673e2f8-6bd4-4a80-92fc-5204c1a7ee4c/build]   | [INFO] Downloaded from central: https://repo.maven.apache.org/maven2/org/junit/platform/junit-platform-commons/1.9.2/junit-platform-commons-1.9.2.pom (2.8 kB at 218 kB/s)
[4673e2f8-6bd4-4a80-92fc-5204c1a7ee4c/build]   | [INFO] Downloading from central: https://repo.maven.apache.org/maven2/org/apiguardian/apiguardian-api/1.1.2/apiguardian-api-1.1.2.pom
[4673e2f8-6bd4-4a80-92fc-5204c1a7ee4c/build]   | [INFO] Downloaded from central: https://repo.maven.apache.org/maven2/org/apiguardian/apiguardian-api/1.1.2/apiguardian-api-1.1.2.pom (1.5 kB at 109 kB/s)
[4673e2f8-6bd4-4a80-92fc-5204c1a7ee4c/build]   | [INFO] Downloading from central: https://repo.maven.apache.org/maven2/org/junit/jupiter/junit-jupiter-engine/5.9.2/junit-jupiter-engine-5.9.2.pom
[4673e2f8-6bd4-4a80-92fc-5204c1a7ee4c/build]   | [INFO] Downloaded from central: https://repo.maven.apache.org/maven2/org/junit/jupiter/junit-jupiter-engine/5.9.2/junit-jupiter-engine-5.9.2.pom (3.2 kB at 320 kB/s)
[4673e2f8-6bd4-4a80-92fc-5204c1a7ee4c/build]   | [INFO] Downloading from central: https://repo.maven.apache.org/maven2/org/junit/platform/junit-platform-engine/1.9.2/junit-platform-engine-1.9.2.pom
[4673e2f8-6bd4-4a80-92fc-5204c1a7ee4c/build]   | [INFO] Downloaded from central: https://repo.maven.apache.org/maven2/org/junit/platform/junit-platform-engine/1.9.2/junit-platform-engine-1.9.2.pom (3.2 kB at 178 kB/s)
[4673e2f8-6bd4-4a80-92fc-5204c1a7ee4c/build]   | [INFO] Downloading from central: https://repo.maven.apache.org/maven2/org/mockito/mockito-junit-jupiter/5.1.1/mockito-junit-jupiter-5.1.1.pom
[4673e2f8-6bd4-4a80-92fc-5204c1a7ee4c/build]   | [INFO] Downloaded from central: https://repo.maven.apache.org/maven2/org/mockito/mockito-junit-jupiter/5.1.1/mockito-junit-jupiter-5.1.1.pom (2.3 kB at 144 kB/s)
[4673e2f8-6bd4-4a80-92fc-5204c1a7ee4c/build]   | [INFO] Downloading from central: https://repo.maven.apache.org/maven2/org/mockito/mockito-core/5.1.1/mockito-core-5.1.1.pom
[4673e2f8-6bd4-4a80-92fc-5204c1a7ee4c/build]   | [INFO] Downloaded from central: https://repo.maven.apache.org/maven2/org/mockito/mockito-core/5.1.1/mockito-core-5.1.1.pom (2.5 kB at 139 kB/s)
[4673e2f8-6bd4-4a80-92fc-5204c1a7ee4c/build]   | [INFO] Downloading from central: https://repo.maven.apache.org/maven2/net/bytebuddy/byte-buddy/1.12.22/byte-buddy-1.12.22.pom
[4673e2f8-6bd4-4a80-92fc-5204c1a7ee4c/build]   | [INFO] Downloaded from central: https://repo.maven.apache.org/maven2/net/bytebuddy/byte-buddy/1.12.22/byte-buddy-1.12.22.pom (16 kB at 1.1 MB/s)
[4673e2f8-6bd4-4a80-92fc-5204c1a7ee4c/build]   | [INFO] Downloading from central: https://repo.maven.apache.org/maven2/net/bytebuddy/byte-buddy-parent/1.12.22/byte-buddy-parent-1.12.22.pom
[4673e2f8-6bd4-4a80-92fc-5204c1a7ee4c/build]   | [INFO] Downloaded from central: https://repo.maven.apache.org/maven2/net/bytebuddy/byte-buddy-parent/1.12.22/byte-buddy-parent-1.12.22.pom (58 kB at 3.9 MB/s)
[4673e2f8-6bd4-4a80-92fc-5204c1a7ee4c/build]   | [INFO] Downloading from central: https://repo.maven.apache.org/maven2/net/bytebuddy/byte-buddy-agent/1.12.22/byte-buddy-agent-1.12.22.pom
[4673e2f8-6bd4-4a80-92fc-5204c1a7ee4c/build]   | [INFO] Downloaded from central: https://repo.maven.apache.org/maven2/net/bytebuddy/byte-buddy-agent/1.12.22/byte-buddy-agent-1.12.22.pom (10 kB at 1.2 MB/s)
[4673e2f8-6bd4-4a80-92fc-5204c1a7ee4c/build]   | [INFO] Downloading from central: https://repo.maven.apache.org/maven2/org/objenesis/objenesis/3.3/objenesis-3.3.pom
[4673e2f8-6bd4-4a80-92fc-5204c1a7ee4c/build]   | [INFO] Downloaded from central: https://repo.maven.apache.org/maven2/org/objenesis/objenesis/3.3/objenesis-3.3.pom (3.0 kB at 334 kB/s)
[4673e2f8-6bd4-4a80-92fc-5204c1a7ee4c/build]   | [INFO] Downloading from central: https://repo.maven.apache.org/maven2/org/objenesis/objenesis-parent/3.3/objenesis-parent-3.3.pom
[4673e2f8-6bd4-4a80-92fc-5204c1a7ee4c/build]   | [INFO] Downloaded from central: https://repo.maven.apache.org/maven2/org/objenesis/objenesis-parent/3.3/objenesis-parent-3.3.pom (19 kB at 1.7 MB/s)
[4673e2f8-6bd4-4a80-92fc-5204c1a7ee4c/build]   | [INFO] Downloading from central: https://repo.maven.apache.org/maven2/org/mockito/mockito-inline/5.1.1/mockito-inline-5.1.1.pom
[4673e2f8-6bd4-4a80-92fc-5204c1a7ee4c/build]   | [INFO] Downloaded from central: https://repo.maven.apache.org/maven2/org/mockito/mockito-inline/5.1.1/mockito-inline-5.1.1.pom (2.2 kB at 110 kB/s)
[4673e2f8-6bd4-4a80-92fc-5204c1a7ee4c/build]   | [INFO] Downloading from central: https://repo.maven.apache.org/maven2/com/squareup/okhttp3/mockwebserver3/5.0.0-alpha.11/mockwebserver3-5.0.0-alpha.11.pom
[4673e2f8-6bd4-4a80-92fc-5204c1a7ee4c/build]   | [INFO] Downloaded from central: https://repo.maven.apache.org/maven2/com/squareup/okhttp3/mockwebserver3/5.0.0-alpha.11/mockwebserver3-5.0.0-alpha.11.pom (1.9 kB at 90 kB/s)
[4673e2f8-6bd4-4a80-92fc-5204c1a7ee4c/build]   | [INFO] Downloading from central: https://repo.maven.apache.org/maven2/com/squareup/okhttp3/okhttp-jvm/5.0.0-alpha.11/okhttp-jvm-5.0.0-alpha.11.pom
[4673e2f8-6bd4-4a80-92fc-5204c1a7ee4c/build]   | [INFO] Downloaded from central: https://repo.maven.apache.org/maven2/com/squareup/okhttp3/okhttp-jvm/5.0.0-alpha.11/okhttp-jvm-5.0.0-alpha.11.pom (2.1 kB at 206 kB/s)
[4673e2f8-6bd4-4a80-92fc-5204c1a7ee4c/build]   | [INFO] Downloading from central: https://repo.maven.apache.org/maven2/com/squareup/okio/okio-jvm/3.2.0/okio-jvm-3.2.0.pom
[4673e2f8-6bd4-4a80-92fc-5204c1a7ee4c/build]   | [INFO] Downloaded from central: https://repo.maven.apache.org/maven2/com/squareup/okio/okio-jvm/3.2.0/okio-jvm-3.2.0.pom (1.9 kB at 143 kB/s)
[4673e2f8-6bd4-4a80-92fc-5204c1a7ee4c/build]   | [INFO] Downloading from central: https://repo.maven.apache.org/maven2/org/jetbrains/kotlin/kotlin-stdlib-jdk8/1.6.20/kotlin-stdlib-jdk8-1.6.20.pom
[4673e2f8-6bd4-4a80-92fc-5204c1a7ee4c/build]   | [INFO] Downloaded from central: https://repo.maven.apache.org/maven2/org/jetbrains/kotlin/kotlin-stdlib-jdk8/1.6.20/kotlin-stdlib-jdk8-1.6.20.pom (1.6 kB at 72 kB/s)
[4673e2f8-6bd4-4a80-92fc-5204c1a7ee4c/build]   | [INFO] Downloading from central: https://repo.maven.apache.org/maven2/org/jetbrains/kotlin/kotlin-stdlib/1.6.20/kotlin-stdlib-1.6.20.pom
[4673e2f8-6bd4-4a80-92fc-5204c1a7ee4c/build]   | [INFO] Downloaded from central: https://repo.maven.apache.org/maven2/org/jetbrains/kotlin/kotlin-stdlib/1.6.20/kotlin-stdlib-1.6.20.pom (1.6 kB at 104 kB/s)
[4673e2f8-6bd4-4a80-92fc-5204c1a7ee4c/build]   | [INFO] Downloading from central: https://repo.maven.apache.org/maven2/org/jetbrains/kotlin/kotlin-stdlib-common/1.6.20/kotlin-stdlib-common-1.6.20.pom
[4673e2f8-6bd4-4a80-92fc-5204c1a7ee4c/build]   | [INFO] Downloaded from central: https://repo.maven.apache.org/maven2/org/jetbrains/kotlin/kotlin-stdlib-common/1.6.20/kotlin-stdlib-common-1.6.20.pom (1.2 kB at 166 kB/s)
[4673e2f8-6bd4-4a80-92fc-5204c1a7ee4c/build]   | [INFO] Downloading from central: https://repo.maven.apache.org/maven2/org/jetbrains/annotations/13.0/annotations-13.0.pom
[4673e2f8-6bd4-4a80-92fc-5204c1a7ee4c/build]   | [INFO] Downloaded from central: https://repo.maven.apache.org/maven2/org/jetbrains/annotations/13.0/annotations-13.0.pom (4.9 kB at 548 kB/s)
[4673e2f8-6bd4-4a80-92fc-5204c1a7ee4c/build]   | [INFO] Downloading from central: https://repo.maven.apache.org/maven2/org/jetbrains/kotlin/kotlin-stdlib-jdk7/1.6.20/kotlin-stdlib-jdk7-1.6.20.pom
[4673e2f8-6bd4-4a80-92fc-5204c1a7ee4c/build]   | [INFO] Downloaded from central: https://repo.maven.apache.org/maven2/org/jetbrains/kotlin/kotlin-stdlib-jdk7/1.6.20/kotlin-stdlib-jdk7-1.6.20.pom (1.4 kB at 99 kB/s)
[4673e2f8-6bd4-4a80-92fc-5204c1a7ee4c/build]   | [INFO] Downloading from central: https://repo.maven.apache.org/maven2/org/jetbrains/kotlin/kotlin-stdlib/1.7.10/kotlin-stdlib-1.7.10.pom
[4673e2f8-6bd4-4a80-92fc-5204c1a7ee4c/build]   | [INFO] Downloaded from central: https://repo.maven.apache.org/maven2/org/jetbrains/kotlin/kotlin-stdlib/1.7.10/kotlin-stdlib-1.7.10.pom (1.6 kB at 50 kB/s)
[4673e2f8-6bd4-4a80-92fc-5204c1a7ee4c/build]   | [INFO] Downloading from central: https://repo.maven.apache.org/maven2/org/jetbrains/kotlin/kotlin-stdlib-common/1.7.10/kotlin-stdlib-common-1.7.10.pom
[4673e2f8-6bd4-4a80-92fc-5204c1a7ee4c/build]   | [INFO] Downloaded from central: https://repo.maven.apache.org/maven2/org/jetbrains/kotlin/kotlin-stdlib-common/1.7.10/kotlin-stdlib-common-1.7.10.pom (1.2 kB at 77 kB/s)
[4673e2f8-6bd4-4a80-92fc-5204c1a7ee4c/build]   | [INFO] Downloading from central: https://repo.maven.apache.org/maven2/org/jetbrains/kotlin/kotlin-stdlib-jdk8/1.7.10/kotlin-stdlib-jdk8-1.7.10.pom
[4673e2f8-6bd4-4a80-92fc-5204c1a7ee4c/build]   | [INFO] Downloaded from central: https://repo.maven.apache.org/maven2/org/jetbrains/kotlin/kotlin-stdlib-jdk8/1.7.10/kotlin-stdlib-jdk8-1.7.10.pom (1.6 kB at 66 kB/s)
[4673e2f8-6bd4-4a80-92fc-5204c1a7ee4c/build]   | [INFO] Downloading from central: https://repo.maven.apache.org/maven2/org/jetbrains/kotlin/kotlin-stdlib-jdk7/1.7.10/kotlin-stdlib-jdk7-1.7.10.pom
[4673e2f8-6bd4-4a80-92fc-5204c1a7ee4c/build]   | [INFO] Downloaded from central: https://repo.maven.apache.org/maven2/org/jetbrains/kotlin/kotlin-stdlib-jdk7/1.7.10/kotlin-stdlib-jdk7-1.7.10.pom (1.4 kB at 107 kB/s)
[4673e2f8-6bd4-4a80-92fc-5204c1a7ee4c/build]   | [INFO] Downloading from central: https://repo.maven.apache.org/maven2/com/squareup/okhttp3/okhttp/5.0.0-alpha.11/okhttp-5.0.0-alpha.11.pom
[4673e2f8-6bd4-4a80-92fc-5204c1a7ee4c/build]   | [INFO] Downloaded from central: https://repo.maven.apache.org/maven2/com/squareup/okhttp3/okhttp/5.0.0-alpha.11/okhttp-5.0.0-alpha.11.pom (1.7 kB at 169 kB/s)
[4673e2f8-6bd4-4a80-92fc-5204c1a7ee4c/build]   | [INFO] Downloading from central: https://repo.maven.apache.org/maven2/com/squareup/retrofit2/retrofit/2.9.0/retrofit-2.9.0.jar
[4673e2f8-6bd4-4a80-92fc-5204c1a7ee4c/build]   | [INFO] Downloading from central: https://repo.maven.apache.org/maven2/com/squareup/retrofit2/converter-jackson/2.9.0/converter-jackson-2.9.0.jar
[4673e2f8-6bd4-4a80-92fc-5204c1a7ee4c/build]   | [INFO] Downloading from central: https://repo.maven.apache.org/maven2/com/fasterxml/jackson/core/jackson-databind/2.10.1/jackson-databind-2.10.1.jar
[4673e2f8-6bd4-4a80-92fc-5204c1a7ee4c/build]   | [INFO] Downloading from central: https://repo.maven.apache.org/maven2/com/fasterxml/jackson/core/jackson-core/2.10.1/jackson-core-2.10.1.jar
[4673e2f8-6bd4-4a80-92fc-5204c1a7ee4c/build]   | [INFO] Downloading from central: https://repo.maven.apache.org/maven2/com/fasterxml/jackson/core/jackson-annotations/2.10.1/jackson-annotations-2.10.1.jar
[4673e2f8-6bd4-4a80-92fc-5204c1a7ee4c/build]   | [INFO] Downloaded from central: https://repo.maven.apache.org/maven2/com/squareup/retrofit2/retrofit/2.9.0/retrofit-2.9.0.jar (125 kB at 9.6 MB/s)
[4673e2f8-6bd4-4a80-92fc-5204c1a7ee4c/build]   | [INFO] Downloading from central: https://repo.maven.apache.org/maven2/org/junit/jupiter/junit-jupiter-api/5.9.2/junit-jupiter-api-5.9.2.jar
[4673e2f8-6bd4-4a80-92fc-5204c1a7ee4c/build]   | [INFO] Downloaded from central: https://repo.maven.apache.org/maven2/com/squareup/retrofit2/converter-jackson/2.9.0/converter-jackson-2.9.0.jar (4.1 kB at 215 kB/s)
[4673e2f8-6bd4-4a80-92fc-5204c1a7ee4c/build]   | [INFO] Downloading from central: https://repo.maven.apache.org/maven2/org/opentest4j/opentest4j/1.2.0/opentest4j-1.2.0.jar
[4673e2f8-6bd4-4a80-92fc-5204c1a7ee4c/build]   | [INFO] Downloaded from central: https://repo.maven.apache.org/maven2/org/junit/jupiter/junit-jupiter-api/5.9.2/junit-jupiter-api-5.9.2.jar (208 kB at 9.9 MB/s)
[4673e2f8-6bd4-4a80-92fc-5204c1a7ee4c/build]   | [INFO] Downloading from central: https://repo.maven.apache.org/maven2/org/junit/platform/junit-platform-commons/1.9.2/junit-platform-commons-1.9.2.jar
[4673e2f8-6bd4-4a80-92fc-5204c1a7ee4c/build]   | [INFO] Downloaded from central: https://repo.maven.apache.org/maven2/org/opentest4j/opentest4j/1.2.0/opentest4j-1.2.0.jar (7.7 kB at 294 kB/s)
[4673e2f8-6bd4-4a80-92fc-5204c1a7ee4c/build]   | [INFO] Downloaded from central: https://repo.maven.apache.org/maven2/com/fasterxml/jackson/core/jackson-annotations/2.10.1/jackson-annotations-2.10.1.jar (68 kB at 2.5 MB/s)
[4673e2f8-6bd4-4a80-92fc-5204c1a7ee4c/build]   | [INFO] Downloading from central: https://repo.maven.apache.org/maven2/org/apiguardian/apiguardian-api/1.1.2/apiguardian-api-1.1.2.jar
[4673e2f8-6bd4-4a80-92fc-5204c1a7ee4c/build]   | [INFO] Downloading from central: https://repo.maven.apache.org/maven2/org/junit/jupiter/junit-jupiter-engine/5.9.2/junit-jupiter-engine-5.9.2.jar
[4673e2f8-6bd4-4a80-92fc-5204c1a7ee4c/build]   | [INFO] Downloaded from central: https://repo.maven.apache.org/maven2/com/fasterxml/jackson/core/jackson-core/2.10.1/jackson-core-2.10.1.jar (349 kB at 11 MB/s)
[4673e2f8-6bd4-4a80-92fc-5204c1a7ee4c/build]   | [INFO] Downloading from central: https://repo.maven.apache.org/maven2/org/junit/platform/junit-platform-engine/1.9.2/junit-platform-engine-1.9.2.jar
[4673e2f8-6bd4-4a80-92fc-5204c1a7ee4c/build]   | [INFO] Downloaded from central: https://repo.maven.apache.org/maven2/org/apiguardian/apiguardian-api/1.1.2/apiguardian-api-1.1.2.jar (6.8 kB at 200 kB/s)
[4673e2f8-6bd4-4a80-92fc-5204c1a7ee4c/build]   | [INFO] Downloading from central: https://repo.maven.apache.org/maven2/org/mockito/mockito-junit-jupiter/5.1.1/mockito-junit-jupiter-5.1.1.jar
[4673e2f8-6bd4-4a80-92fc-5204c1a7ee4c/build]   | [INFO] Downloaded from central: https://repo.maven.apache.org/maven2/org/junit/platform/junit-platform-commons/1.9.2/junit-platform-commons-1.9.2.jar (103 kB at 2.6 MB/s)
[4673e2f8-6bd4-4a80-92fc-5204c1a7ee4c/build]   | [INFO] Downloading from central: https://repo.maven.apache.org/maven2/org/mockito/mockito-core/5.1.1/mockito-core-5.1.1.jar
[4673e2f8-6bd4-4a80-92fc-5204c1a7ee4c/build]   | [INFO] Downloaded from central: https://repo.maven.apache.org/maven2/org/junit/jupiter/junit-jupiter-engine/5.9.2/junit-jupiter-engine-5.9.2.jar (247 kB at 6.0 MB/s)
[4673e2f8-6bd4-4a80-92fc-5204c1a7ee4c/build]   | [INFO] Downloading from central: https://repo.maven.apache.org/maven2/net/bytebuddy/byte-buddy/1.12.22/byte-buddy-1.12.22.jar
[4673e2f8-6bd4-4a80-92fc-5204c1a7ee4c/build]   | [INFO] Downloaded from central: https://repo.maven.apache.org/maven2/org/mockito/mockito-junit-jupiter/5.1.1/mockito-junit-jupiter-5.1.1.jar (5.5 kB at 127 kB/s)
[4673e2f8-6bd4-4a80-92fc-5204c1a7ee4c/build]   | [INFO] Downloading from central: https://repo.maven.apache.org/maven2/net/bytebuddy/byte-buddy-agent/1.12.22/byte-buddy-agent-1.12.22.jar
[4673e2f8-6bd4-4a80-92fc-5204c1a7ee4c/build]   | [INFO] Downloaded from central: https://repo.maven.apache.org/maven2/org/junit/platform/junit-platform-engine/1.9.2/junit-platform-engine-1.9.2.jar (189 kB at 4.2 MB/s)
[4673e2f8-6bd4-4a80-92fc-5204c1a7ee4c/build]   | [INFO] Downloading from central: https://repo.maven.apache.org/maven2/org/objenesis/objenesis/3.3/objenesis-3.3.jar
[4673e2f8-6bd4-4a80-92fc-5204c1a7ee4c/build]   | [INFO] Downloaded from central: https://repo.maven.apache.org/maven2/org/objenesis/objenesis/3.3/objenesis-3.3.jar (49 kB at 824 kB/s)
[4673e2f8-6bd4-4a80-92fc-5204c1a7ee4c/build]   | [INFO] Downloading from central: https://repo.maven.apache.org/maven2/org/mockito/mockito-inline/5.1.1/mockito-inline-5.1.1.jar
[4673e2f8-6bd4-4a80-92fc-5204c1a7ee4c/build]   | [INFO] Downloaded from central: https://repo.maven.apache.org/maven2/org/mockito/mockito-core/5.1.1/mockito-core-5.1.1.jar (685 kB at 11 MB/s)
[4673e2f8-6bd4-4a80-92fc-5204c1a7ee4c/build]   | [INFO] Downloading from central: https://repo.maven.apache.org/maven2/com/squareup/okhttp3/mockwebserver3/5.0.0-alpha.11/mockwebserver3-5.0.0-alpha.11.jar
[4673e2f8-6bd4-4a80-92fc-5204c1a7ee4c/build]   | [INFO] Downloaded from central: https://repo.maven.apache.org/maven2/com/fasterxml/jackson/core/jackson-databind/2.10.1/jackson-databind-2.10.1.jar (1.4 MB at 20 MB/s)
[4673e2f8-6bd4-4a80-92fc-5204c1a7ee4c/build]   | [INFO] Downloading from central: https://repo.maven.apache.org/maven2/com/squareup/okhttp3/okhttp-jvm/5.0.0-alpha.11/okhttp-jvm-5.0.0-alpha.11.jar
[4673e2f8-6bd4-4a80-92fc-5204c1a7ee4c/build]   | [INFO] Downloaded from central: https://repo.maven.apache.org/maven2/net/bytebuddy/byte-buddy-agent/1.12.22/byte-buddy-agent-1.12.22.jar (257 kB at 3.5 MB/s)
[4673e2f8-6bd4-4a80-92fc-5204c1a7ee4c/build]   | [INFO] Downloading from central: https://repo.maven.apache.org/maven2/com/squareup/okio/okio-jvm/3.2.0/okio-jvm-3.2.0.jar
[4673e2f8-6bd4-4a80-92fc-5204c1a7ee4c/build]   | [INFO] Downloaded from central: https://repo.maven.apache.org/maven2/org/mockito/mockito-inline/5.1.1/mockito-inline-5.1.1.jar (1.5 kB at 20 kB/s)
[4673e2f8-6bd4-4a80-92fc-5204c1a7ee4c/build]   | [INFO] Downloading from central: https://repo.maven.apache.org/maven2/org/jetbrains/kotlin/kotlin-stdlib/1.7.10/kotlin-stdlib-1.7.10.jar
[4673e2f8-6bd4-4a80-92fc-5204c1a7ee4c/build]   | [INFO] Downloaded from central: https://repo.maven.apache.org/maven2/com/squareup/okhttp3/mockwebserver3/5.0.0-alpha.11/mockwebserver3-5.0.0-alpha.11.jar (74 kB at 897 kB/s)
[4673e2f8-6bd4-4a80-92fc-5204c1a7ee4c/build]   | [INFO] Downloading from central: https://repo.maven.apache.org/maven2/org/jetbrains/annotations/13.0/annotations-13.0.jar
[4673e2f8-6bd4-4a80-92fc-5204c1a7ee4c/build]   | [INFO] Downloaded from central: https://repo.maven.apache.org/maven2/org/jetbrains/annotations/13.0/annotations-13.0.jar (18 kB at 175 kB/s)
[4673e2f8-6bd4-4a80-92fc-5204c1a7ee4c/build]   | [INFO] Downloading from central: https://repo.maven.apache.org/maven2/org/jetbrains/kotlin/kotlin-stdlib-common/1.7.10/kotlin-stdlib-common-1.7.10.jar
[4673e2f8-6bd4-4a80-92fc-5204c1a7ee4c/build]   | [INFO] Downloaded from central: https://repo.maven.apache.org/maven2/com/squareup/okio/okio-jvm/3.2.0/okio-jvm-3.2.0.jar (345 kB at 3.3 MB/s)
[4673e2f8-6bd4-4a80-92fc-5204c1a7ee4c/build]   | [INFO] Downloading from central: https://repo.maven.apache.org/maven2/org/jetbrains/kotlin/kotlin-stdlib-jdk8/1.7.10/kotlin-stdlib-jdk8-1.7.10.jar
[4673e2f8-6bd4-4a80-92fc-5204c1a7ee4c/build]   | [INFO] Downloaded from central: https://repo.maven.apache.org/maven2/net/bytebuddy/byte-buddy/1.12.22/byte-buddy-1.12.22.jar (3.9 MB at 36 MB/s)
[4673e2f8-6bd4-4a80-92fc-5204c1a7ee4c/build]   | [INFO] Downloading from central: https://repo.maven.apache.org/maven2/org/jetbrains/kotlin/kotlin-stdlib-jdk7/1.7.10/kotlin-stdlib-jdk7-1.7.10.jar
[4673e2f8-6bd4-4a80-92fc-5204c1a7ee4c/build]   | [INFO] Downloaded from central: https://repo.maven.apache.org/maven2/org/jetbrains/kotlin/kotlin-stdlib-jdk8/1.7.10/kotlin-stdlib-jdk8-1.7.10.jar (20 kB at 175 kB/s)
[4673e2f8-6bd4-4a80-92fc-5204c1a7ee4c/build]   | [INFO] Downloading from central: https://repo.maven.apache.org/maven2/com/squareup/okhttp3/okhttp/5.0.0-alpha.11/okhttp-5.0.0-alpha.11.jar
[4673e2f8-6bd4-4a80-92fc-5204c1a7ee4c/build]   | [INFO] Downloaded from central: https://repo.maven.apache.org/maven2/com/squareup/okhttp3/okhttp-jvm/5.0.0-alpha.11/okhttp-jvm-5.0.0-alpha.11.jar (854 kB at 6.9 MB/s)
[4673e2f8-6bd4-4a80-92fc-5204c1a7ee4c/build]   | [INFO] Downloaded from central: https://repo.maven.apache.org/maven2/org/jetbrains/kotlin/kotlin-stdlib-common/1.7.10/kotlin-stdlib-common-1.7.10.jar (199 kB at 1.6 MB/s)
[4673e2f8-6bd4-4a80-92fc-5204c1a7ee4c/build]   | [INFO] Downloaded from central: https://repo.maven.apache.org/maven2/com/squareup/okhttp3/okhttp/5.0.0-alpha.11/okhttp-5.0.0-alpha.11.jar (13 kB at 106 kB/s)
[4673e2f8-6bd4-4a80-92fc-5204c1a7ee4c/build]   | [INFO] Downloaded from central: https://repo.maven.apache.org/maven2/org/jetbrains/kotlin/kotlin-stdlib-jdk7/1.7.10/kotlin-stdlib-jdk7-1.7.10.jar (24 kB at 189 kB/s)
[4673e2f8-6bd4-4a80-92fc-5204c1a7ee4c/build]   | [INFO] Downloaded from central: https://repo.maven.apache.org/maven2/org/jetbrains/kotlin/kotlin-stdlib/1.7.10/kotlin-stdlib-1.7.10.jar (1.5 MB at 12 MB/s)
[4673e2f8-6bd4-4a80-92fc-5204c1a7ee4c/build]   | [INFO] 
[4673e2f8-6bd4-4a80-92fc-5204c1a7ee4c/build]   | [INFO] --- maven-resources-plugin:2.6:resources (default-resources) @ whatsapp-business-java-api ---
[4673e2f8-6bd4-4a80-92fc-5204c1a7ee4c/build]   | [INFO] Downloading from central: https://repo.maven.apache.org/maven2/org/apache/maven/maven-plugin-api/2.0.6/maven-plugin-api-2.0.6.pom
[4673e2f8-6bd4-4a80-92fc-5204c1a7ee4c/build]   | [INFO] Downloaded from central: https://repo.maven.apache.org/maven2/org/apache/maven/maven-plugin-api/2.0.6/maven-plugin-api-2.0.6.pom (1.5 kB at 208 kB/s)
[4673e2f8-6bd4-4a80-92fc-5204c1a7ee4c/build]   | [INFO] Downloading from central: https://repo.maven.apache.org/maven2/org/apache/maven/maven/2.0.6/maven-2.0.6.pom
[4673e2f8-6bd4-4a80-92fc-5204c1a7ee4c/build]   | [INFO] Downloaded from central: https://repo.maven.apache.org/maven2/org/apache/maven/maven/2.0.6/maven-2.0.6.pom (9.0 kB at 1.5 MB/s)
[4673e2f8-6bd4-4a80-92fc-5204c1a7ee4c/build]   | [INFO] Downloading from central: https://repo.maven.apache.org/maven2/org/apache/maven/maven-parent/5/maven-parent-5.pom
[4673e2f8-6bd4-4a80-92fc-5204c1a7ee4c/build]   | [INFO] Downloaded from central: https://repo.maven.apache.org/maven2/org/apache/maven/maven-parent/5/maven-parent-5.pom (15 kB at 2.2 MB/s)
[4673e2f8-6bd4-4a80-92fc-5204c1a7ee4c/build]   | [INFO] Downloading from central: https://repo.maven.apache.org/maven2/org/apache/apache/3/apache-3.pom
[4673e2f8-6bd4-4a80-92fc-5204c1a7ee4c/build]   | [INFO] Downloaded from central: https://repo.maven.apache.org/maven2/org/apache/apache/3/apache-3.pom (3.4 kB at 381 kB/s)
[4673e2f8-6bd4-4a80-92fc-5204c1a7ee4c/build]   | [INFO] Downloading from central: https://repo.maven.apache.org/maven2/org/apache/maven/maven-project/2.0.6/maven-project-2.0.6.pom
[4673e2f8-6bd4-4a80-92fc-5204c1a7ee4c/build]   | [INFO] Downloaded from central: https://repo.maven.apache.org/maven2/org/apache/maven/maven-project/2.0.6/maven-project-2.0.6.pom (2.6 kB at 377 kB/s)
[4673e2f8-6bd4-4a80-92fc-5204c1a7ee4c/build]   | [INFO] Downloading from central: https://repo.maven.apache.org/maven2/org/apache/maven/maven-settings/2.0.6/maven-settings-2.0.6.pom
[4673e2f8-6bd4-4a80-92fc-5204c1a7ee4c/build]   | [INFO] Downloaded from central: https://repo.maven.apache.org/maven2/org/apache/maven/maven-settings/2.0.6/maven-settings-2.0.6.pom (2.0 kB at 250 kB/s)
[4673e2f8-6bd4-4a80-92fc-5204c1a7ee4c/build]   | [INFO] Downloading from central: https://repo.maven.apache.org/maven2/org/apache/maven/maven-model/2.0.6/maven-model-2.0.6.pom
[4673e2f8-6bd4-4a80-92fc-5204c1a7ee4c/build]   | [INFO] Downloaded from central: https://repo.maven.apache.org/maven2/org/apache/maven/maven-model/2.0.6/maven-model-2.0.6.pom (3.0 kB at 435 kB/s)
[4673e2f8-6bd4-4a80-92fc-5204c1a7ee4c/build]   | [INFO] Downloading from central: https://repo.maven.apache.org/maven2/org/codehaus/plexus/plexus-utils/1.4.1/plexus-utils-1.4.1.pom
[4673e2f8-6bd4-4a80-92fc-5204c1a7ee4c/build]   | [INFO] Downloaded from central: https://repo.maven.apache.org/maven2/org/codehaus/plexus/plexus-utils/1.4.1/plexus-utils-1.4.1.pom (1.9 kB at 318 kB/s)
[4673e2f8-6bd4-4a80-92fc-5204c1a7ee4c/build]   | [INFO] Downloading from central: https://repo.maven.apache.org/maven2/org/codehaus/plexus/plexus/1.0.11/plexus-1.0.11.pom
[4673e2f8-6bd4-4a80-92fc-5204c1a7ee4c/build]   | [INFO] Downloaded from central: https://repo.maven.apache.org/maven2/org/codehaus/plexus/plexus/1.0.11/plexus-1.0.11.pom (9.0 kB at 1.3 MB/s)
[4673e2f8-6bd4-4a80-92fc-5204c1a7ee4c/build]   | [INFO] Downloading from central: https://repo.maven.apache.org/maven2/org/codehaus/plexus/plexus-container-default/1.0-alpha-9-stable-1/plexus-container-default-1.0-alpha-9-stable-1.pom
[4673e2f8-6bd4-4a80-92fc-5204c1a7ee4c/build]   | [INFO] Downloaded from central: https://repo.maven.apache.org/maven2/org/codehaus/plexus/plexus-container-default/1.0-alpha-9-stable-1/plexus-container-default-1.0-alpha-9-stable-1.pom (3.9 kB at 395 kB/s)
[4673e2f8-6bd4-4a80-92fc-5204c1a7ee4c/build]   | [INFO] Downloading from central: https://repo.maven.apache.org/maven2/org/codehaus/plexus/plexus-containers/1.0.3/plexus-containers-1.0.3.pom
[4673e2f8-6bd4-4a80-92fc-5204c1a7ee4c/build]   | [INFO] Downloaded from central: https://repo.maven.apache.org/maven2/org/codehaus/plexus/plexus-containers/1.0.3/plexus-containers-1.0.3.pom (492 B at 70 kB/s)
[4673e2f8-6bd4-4a80-92fc-5204c1a7ee4c/build]   | [INFO] Downloading from central: https://repo.maven.apache.org/maven2/org/codehaus/plexus/plexus/1.0.4/plexus-1.0.4.pom
[4673e2f8-6bd4-4a80-92fc-5204c1a7ee4c/build]   | [INFO] Downloaded from central: https://repo.maven.apache.org/maven2/org/codehaus/plexus/plexus/1.0.4/plexus-1.0.4.pom (5.7 kB at 956 kB/s)
[4673e2f8-6bd4-4a80-92fc-5204c1a7ee4c/build]   | [INFO] Downloading from central: https://repo.maven.apache.org/maven2/junit/junit/3.8.1/junit-3.8.1.pom
[4673e2f8-6bd4-4a80-92fc-5204c1a7ee4c/build]   | [INFO] Downloaded from central: https://repo.maven.apache.org/maven2/junit/junit/3.8.1/junit-3.8.1.pom (998 B at 125 kB/s)
[4673e2f8-6bd4-4a80-92fc-5204c1a7ee4c/build]   | [INFO] Downloading from central: https://repo.maven.apache.org/maven2/org/codehaus/plexus/plexus-utils/1.0.4/plexus-utils-1.0.4.pom
[4673e2f8-6bd4-4a80-92fc-5204c1a7ee4c/build]   | [INFO] Downloaded from central: https://repo.maven.apache.org/maven2/org/codehaus/plexus/plexus-utils/1.0.4/plexus-utils-1.0.4.pom (6.9 kB at 1.1 MB/s)
[4673e2f8-6bd4-4a80-92fc-5204c1a7ee4c/build]   | [INFO] Downloading from central: https://repo.maven.apache.org/maven2/classworlds/classworlds/1.1-alpha-2/classworlds-1.1-alpha-2.pom
[4673e2f8-6bd4-4a80-92fc-5204c1a7ee4c/build]   | [INFO] Downloaded from central: https://repo.maven.apache.org/maven2/classworlds/classworlds/1.1-alpha-2/classworlds-1.1-alpha-2.pom (3.1 kB at 348 kB/s)
[4673e2f8-6bd4-4a80-92fc-5204c1a7ee4c/build]   | [INFO] Downloading from central: https://repo.maven.apache.org/maven2/org/apache/maven/maven-profile/2.0.6/maven-profile-2.0.6.pom
[4673e2f8-6bd4-4a80-92fc-5204c1a7ee4c/build]   | [INFO] Downloaded from central: https://repo.maven.apache.org/maven2/org/apache/maven/maven-profile/2.0.6/maven-profile-2.0.6.pom (2.0 kB at 283 kB/s)
[4673e2f8-6bd4-4a80-92fc-5204c1a7ee4c/build]   | [INFO] Downloading from central: https://repo.maven.apache.org/maven2/org/apache/maven/maven-artifact-manager/2.0.6/maven-artifact-manager-2.0.6.pom
[4673e2f8-6bd4-4a80-92fc-5204c1a7ee4c/build]   | [INFO] Downloaded from central: https://repo.maven.apache.org/maven2/org/apache/maven/maven-artifact-manager/2.0.6/maven-artifact-manager-2.0.6.pom (2.6 kB at 375 kB/s)
[4673e2f8-6bd4-4a80-92fc-5204c1a7ee4c/build]   | [INFO] Downloading from central: https://repo.maven.apache.org/maven2/org/apache/maven/maven-repository-metadata/2.0.6/maven-repository-metadata-2.0.6.pom
[4673e2f8-6bd4-4a80-92fc-5204c1a7ee4c/build]   | [INFO] Downloaded from central: https://repo.maven.apache.org/maven2/org/apache/maven/maven-repository-metadata/2.0.6/maven-repository-metadata-2.0.6.pom (1.9 kB at 308 kB/s)
[4673e2f8-6bd4-4a80-92fc-5204c1a7ee4c/build]   | [INFO] Downloading from central: https://repo.maven.apache.org/maven2/org/apache/maven/maven-artifact/2.0.6/maven-artifact-2.0.6.pom
[4673e2f8-6bd4-4a80-92fc-5204c1a7ee4c/build]   | [INFO] Downloaded from central: https://repo.maven.apache.org/maven2/org/apache/maven/maven-artifact/2.0.6/maven-artifact-2.0.6.pom (1.6 kB at 131 kB/s)
[4673e2f8-6bd4-4a80-92fc-5204c1a7ee4c/build]   | [INFO] Downloading from central: https://repo.maven.apache.org/maven2/org/apache/maven/maven-plugin-registry/2.0.6/maven-plugin-registry-2.0.6.pom
[4673e2f8-6bd4-4a80-92fc-5204c1a7ee4c/build]   | [INFO] Downloaded from central: https://repo.maven.apache.org/maven2/org/apache/maven/maven-plugin-registry/2.0.6/maven-plugin-registry-2.0.6.pom (1.9 kB at 278 kB/s)
[4673e2f8-6bd4-4a80-92fc-5204c1a7ee4c/build]   | [INFO] Downloading from central: https://repo.maven.apache.org/maven2/org/apache/maven/maven-core/2.0.6/maven-core-2.0.6.pom
[4673e2f8-6bd4-4a80-92fc-5204c1a7ee4c/build]   | [INFO] Downloaded from central: https://repo.maven.apache.org/maven2/org/apache/maven/maven-core/2.0.6/maven-core-2.0.6.pom (6.7 kB at 746 kB/s)
[4673e2f8-6bd4-4a80-92fc-5204c1a7ee4c/build]   | [INFO] Downloading from central: https://repo.maven.apache.org/maven2/org/apache/maven/maven-plugin-parameter-documenter/2.0.6/maven-plugin-parameter-documenter-2.0.6.pom
[4673e2f8-6bd4-4a80-92fc-5204c1a7ee4c/build]   | [INFO] Downloaded from central: https://repo.maven.apache.org/maven2/org/apache/maven/maven-plugin-parameter-documenter/2.0.6/maven-plugin-parameter-documenter-2.0.6.pom (1.9 kB at 239 kB/s)
[4673e2f8-6bd4-4a80-92fc-5204c1a7ee4c/build]   | [INFO] Downloading from central: https://repo.maven.apache.org/maven2/org/apache/maven/reporting/maven-reporting-api/2.0.6/maven-reporting-api-2.0.6.pom
[4673e2f8-6bd4-4a80-92fc-5204c1a7ee4c/build]   | [INFO] Downloaded from central: https://repo.maven.apache.org/maven2/org/apache/maven/reporting/maven-reporting-api/2.0.6/maven-reporting-api-2.0.6.pom (1.8 kB at 292 kB/s)
[4673e2f8-6bd4-4a80-92fc-5204c1a7ee4c/build]   | [INFO] Downloading from central: https://repo.maven.apache.org/maven2/org/apache/maven/reporting/maven-reporting/2.0.6/maven-reporting-2.0.6.pom
[4673e2f8-6bd4-4a80-92fc-5204c1a7ee4c/build]   | [INFO] Downloaded from central: https://repo.maven.apache.org/maven2/org/apache/maven/reporting/maven-reporting/2.0.6/maven-reporting-2.0.6.pom (1.4 kB at 206 kB/s)
[4673e2f8-6bd4-4a80-92fc-5204c1a7ee4c/build]   | [INFO] Downloading from central: https://repo.maven.apache.org/maven2/org/apache/maven/doxia/doxia-sink-api/1.0-alpha-7/doxia-sink-api-1.0-alpha-7.pom
[4673e2f8-6bd4-4a80-92fc-5204c1a7ee4c/build]   | [INFO] Downloaded from central: https://repo.maven.apache.org/maven2/org/apache/maven/doxia/doxia-sink-api/1.0-alpha-7/doxia-sink-api-1.0-alpha-7.pom (424 B at 71 kB/s)
[4673e2f8-6bd4-4a80-92fc-5204c1a7ee4c/build]   | [INFO] Downloading from central: https://repo.maven.apache.org/maven2/org/apache/maven/doxia/doxia/1.0-alpha-7/doxia-1.0-alpha-7.pom
[4673e2f8-6bd4-4a80-92fc-5204c1a7ee4c/build]   | [INFO] Downloaded from central: https://repo.maven.apache.org/maven2/org/apache/maven/doxia/doxia/1.0-alpha-7/doxia-1.0-alpha-7.pom (3.9 kB at 559 kB/s)
[4673e2f8-6bd4-4a80-92fc-5204c1a7ee4c/build]   | [INFO] Downloading from central: https://repo.maven.apache.org/maven2/org/apache/maven/maven-error-diagnostics/2.0.6/maven-error-diagnostics-2.0.6.pom
[4673e2f8-6bd4-4a80-92fc-5204c1a7ee4c/build]   | [INFO] Downloaded from central: https://repo.maven.apache.org/maven2/org/apache/maven/maven-error-diagnostics/2.0.6/maven-error-diagnostics-2.0.6.pom (1.7 kB at 284 kB/s)
[4673e2f8-6bd4-4a80-92fc-5204c1a7ee4c/build]   | [INFO] Downloading from central: https://repo.maven.apache.org/maven2/commons-cli/commons-cli/1.0/commons-cli-1.0.pom
[4673e2f8-6bd4-4a80-92fc-5204c1a7ee4c/build]   | [INFO] Downloaded from central: https://repo.maven.apache.org/maven2/commons-cli/commons-cli/1.0/commons-cli-1.0.pom (2.1 kB at 301 kB/s)
[4673e2f8-6bd4-4a80-92fc-5204c1a7ee4c/build]   | [INFO] Downloading from central: https://repo.maven.apache.org/maven2/org/apache/maven/maven-plugin-descriptor/2.0.6/maven-plugin-descriptor-2.0.6.pom
[4673e2f8-6bd4-4a80-92fc-5204c1a7ee4c/build]   | [INFO] Downloaded from central: https://repo.maven.apache.org/maven2/org/apache/maven/maven-plugin-descriptor/2.0.6/maven-plugin-descriptor-2.0.6.pom (2.0 kB at 288 kB/s)
[4673e2f8-6bd4-4a80-92fc-5204c1a7ee4c/build]   | [INFO] Downloading from central: https://repo.maven.apache.org/maven2/org/codehaus/plexus/plexus-interactivity-api/1.0-alpha-4/plexus-interactivity-api-1.0-alpha-4.pom
[4673e2f8-6bd4-4a80-92fc-5204c1a7ee4c/build]   | [INFO] Downloaded from central: https://repo.maven.apache.org/maven2/org/codehaus/plexus/plexus-interactivity-api/1.0-alpha-4/plexus-interactivity-api-1.0-alpha-4.pom (7.1 kB at 1.2 MB/s)
[4673e2f8-6bd4-4a80-92fc-5204c1a7ee4c/build]   | [INFO] Downloading from central: https://repo.maven.apache.org/maven2/org/apache/maven/maven-monitor/2.0.6/maven-monitor-2.0.6.pom
[4673e2f8-6bd4-4a80-92fc-5204c1a7ee4c/build]   | [INFO] Downloaded from central: https://repo.maven.apache.org/maven2/org/apache/maven/maven-monitor/2.0.6/maven-monitor-2.0.6.pom (1.3 kB at 251 kB/s)
[4673e2f8-6bd4-4a80-92fc-5204c1a7ee4c/build]   | [INFO] Downloading from central: https://repo.maven.apache.org/maven2/classworlds/classworlds/1.1/classworlds-1.1.pom
[4673e2f8-6bd4-4a80-92fc-5204c1a7ee4c/build]   | [INFO] Downloaded from central: https://repo.maven.apache.org/maven2/classworlds/classworlds/1.1/classworlds-1.1.pom (3.3 kB at 554 kB/s)
[4673e2f8-6bd4-4a80-92fc-5204c1a7ee4c/build]   | [INFO] Downloading from central: https://repo.maven.apache.org/maven2/org/codehaus/plexus/plexus-utils/2.0.5/plexus-utils-2.0.5.pom
[4673e2f8-6bd4-4a80-92fc-5204c1a7ee4c/build]   | [INFO] Downloaded from central: https://repo.maven.apache.org/maven2/org/codehaus/plexus/plexus-utils/2.0.5/plexus-utils-2.0.5.pom (3.3 kB at 476 kB/s)
[4673e2f8-6bd4-4a80-92fc-5204c1a7ee4c/build]   | [INFO] Downloading from central: https://repo.maven.apache.org/maven2/org/codehaus/plexus/plexus/2.0.6/plexus-2.0.6.pom
[4673e2f8-6bd4-4a80-92fc-5204c1a7ee4c/build]   | [INFO] Downloaded from central: https://repo.maven.apache.org/maven2/org/codehaus/plexus/plexus/2.0.6/plexus-2.0.6.pom (17 kB at 2.1 MB/s)
[4673e2f8-6bd4-4a80-92fc-5204c1a7ee4c/build]   | [INFO] Downloading from central: https://repo.maven.apache.org/maven2/org/apache/maven/shared/maven-filtering/1.1/maven-filtering-1.1.pom
[4673e2f8-6bd4-4a80-92fc-5204c1a7ee4c/build]   | [INFO] Downloaded from central: https://repo.maven.apache.org/maven2/org/apache/maven/shared/maven-filtering/1.1/maven-filtering-1.1.pom (5.8 kB at 724 kB/s)
[4673e2f8-6bd4-4a80-92fc-5204c1a7ee4c/build]   | [INFO] Downloading from central: https://repo.maven.apache.org/maven2/org/apache/maven/shared/maven-shared-components/17/maven-shared-components-17.pom
[4673e2f8-6bd4-4a80-92fc-5204c1a7ee4c/build]   | [INFO] Downloaded from central: https://repo.maven.apache.org/maven2/org/apache/maven/shared/maven-shared-components/17/maven-shared-components-17.pom (8.7 kB at 1.2 MB/s)
[4673e2f8-6bd4-4a80-92fc-5204c1a7ee4c/build]   | [INFO] Downloading from central: https://repo.maven.apache.org/maven2/org/codehaus/plexus/plexus-utils/1.5.15/plexus-utils-1.5.15.pom
[4673e2f8-6bd4-4a80-92fc-5204c1a7ee4c/build]   | [INFO] Downloaded from central: https://repo.maven.apache.org/maven2/org/codehaus/plexus/plexus-utils/1.5.15/plexus-utils-1.5.15.pom (6.8 kB at 571 kB/s)
[4673e2f8-6bd4-4a80-92fc-5204c1a7ee4c/build]   | [INFO] Downloading from central: https://repo.maven.apache.org/maven2/org/codehaus/plexus/plexus/2.0.2/plexus-2.0.2.pom
[4673e2f8-6bd4-4a80-92fc-5204c1a7ee4c/build]   | [INFO] Downloaded from central: https://repo.maven.apache.org/maven2/org/codehaus/plexus/plexus/2.0.2/plexus-2.0.2.pom (12 kB at 1.9 MB/s)
[4673e2f8-6bd4-4a80-92fc-5204c1a7ee4c/build]   | [INFO] Downloading from central: https://repo.maven.apache.org/maven2/org/codehaus/plexus/plexus-interpolation/1.12/plexus-interpolation-1.12.pom
[4673e2f8-6bd4-4a80-92fc-5204c1a7ee4c/build]   | [INFO] Downloaded from central: https://repo.maven.apache.org/maven2/org/codehaus/plexus/plexus-interpolation/1.12/plexus-interpolation-1.12.pom (889 B at 127 kB/s)
[4673e2f8-6bd4-4a80-92fc-5204c1a7ee4c/build]   | [INFO] Downloading from central: https://repo.maven.apache.org/maven2/org/codehaus/plexus/plexus-components/1.1.14/plexus-components-1.1.14.pom
[4673e2f8-6bd4-4a80-92fc-5204c1a7ee4c/build]   | [INFO] Downloaded from central: https://repo.maven.apache.org/maven2/org/codehaus/plexus/plexus-components/1.1.14/plexus-components-1.1.14.pom (5.8 kB at 835 kB/s)
[4673e2f8-6bd4-4a80-92fc-5204c1a7ee4c/build]   | [INFO] Downloading from central: https://repo.maven.apache.org/maven2/org/sonatype/plexus/plexus-build-api/0.0.4/plexus-build-api-0.0.4.pom
[4673e2f8-6bd4-4a80-92fc-5204c1a7ee4c/build]   | [INFO] Downloaded from central: https://repo.maven.apache.org/maven2/org/sonatype/plexus/plexus-build-api/0.0.4/plexus-build-api-0.0.4.pom (2.9 kB at 409 kB/s)
[4673e2f8-6bd4-4a80-92fc-5204c1a7ee4c/build]   | [INFO] Downloading from central: https://repo.maven.apache.org/maven2/org/sonatype/spice/spice-parent/10/spice-parent-10.pom
[4673e2f8-6bd4-4a80-92fc-5204c1a7ee4c/build]   | [INFO] Downloaded from central: https://repo.maven.apache.org/maven2/org/sonatype/spice/spice-parent/10/spice-parent-10.pom (3.0 kB at 603 kB/s)
[4673e2f8-6bd4-4a80-92fc-5204c1a7ee4c/build]   | [INFO] Downloading from central: https://repo.maven.apache.org/maven2/org/sonatype/forge/forge-parent/3/forge-parent-3.pom
[4673e2f8-6bd4-4a80-92fc-5204c1a7ee4c/build]   | [INFO] Downloaded from central: https://repo.maven.apache.org/maven2/org/sonatype/forge/forge-parent/3/forge-parent-3.pom (5.0 kB at 839 kB/s)
[4673e2f8-6bd4-4a80-92fc-5204c1a7ee4c/build]   | [INFO] Downloading from central: https://repo.maven.apache.org/maven2/org/codehaus/plexus/plexus-utils/1.5.8/plexus-utils-1.5.8.pom
[4673e2f8-6bd4-4a80-92fc-5204c1a7ee4c/build]   | [INFO] Downloaded from central: https://repo.maven.apache.org/maven2/org/codehaus/plexus/plexus-utils/1.5.8/plexus-utils-1.5.8.pom (8.1 kB at 1.3 MB/s)
[4673e2f8-6bd4-4a80-92fc-5204c1a7ee4c/build]   | [INFO] Downloading from central: https://repo.maven.apache.org/maven2/org/codehaus/plexus/plexus-interpolation/1.13/plexus-interpolation-1.13.pom
[4673e2f8-6bd4-4a80-92fc-5204c1a7ee4c/build]   | [INFO] Downloaded from central: https://repo.maven.apache.org/maven2/org/codehaus/plexus/plexus-interpolation/1.13/plexus-interpolation-1.13.pom (890 B at 148 kB/s)
[4673e2f8-6bd4-4a80-92fc-5204c1a7ee4c/build]   | [INFO] Downloading from central: https://repo.maven.apache.org/maven2/org/codehaus/plexus/plexus-components/1.1.15/plexus-components-1.1.15.pom
[4673e2f8-6bd4-4a80-92fc-5204c1a7ee4c/build]   | [INFO] Downloaded from central: https://repo.maven.apache.org/maven2/org/codehaus/plexus/plexus-components/1.1.15/plexus-components-1.1.15.pom (2.8 kB at 407 kB/s)
[4673e2f8-6bd4-4a80-92fc-5204c1a7ee4c/build]   | [INFO] Downloading from central: https://repo.maven.apache.org/maven2/org/codehaus/plexus/plexus/2.0.3/plexus-2.0.3.pom
[4673e2f8-6bd4-4a80-92fc-5204c1a7ee4c/build]   | [INFO] Downloaded from central: https://repo.maven.apache.org/maven2/org/codehaus/plexus/plexus/2.0.3/plexus-2.0.3.pom (15 kB at 2.2 MB/s)
[4673e2f8-6bd4-4a80-92fc-5204c1a7ee4c/build]   | [INFO] Downloading from central: https://repo.maven.apache.org/maven2/org/apache/maven/maven-plugin-api/2.0.6/maven-plugin-api-2.0.6.jar
[4673e2f8-6bd4-4a80-92fc-5204c1a7ee4c/build]   | [INFO] Downloading from central: https://repo.maven.apache.org/maven2/org/apache/maven/maven-project/2.0.6/maven-project-2.0.6.jar
[4673e2f8-6bd4-4a80-92fc-5204c1a7ee4c/build]   | [INFO] Downloading from central: https://repo.maven.apache.org/maven2/org/apache/maven/maven-profile/2.0.6/maven-profile-2.0.6.jar
[4673e2f8-6bd4-4a80-92fc-5204c1a7ee4c/build]   | [INFO] Downloading from central: https://repo.maven.apache.org/maven2/org/apache/maven/maven-artifact-manager/2.0.6/maven-artifact-manager-2.0.6.jar
[4673e2f8-6bd4-4a80-92fc-5204c1a7ee4c/build]   | [INFO] Downloading from central: https://repo.maven.apache.org/maven2/org/apache/maven/maven-plugin-registry/2.0.6/maven-plugin-registry-2.0.6.jar
[4673e2f8-6bd4-4a80-92fc-5204c1a7ee4c/build]   | [INFO] Downloaded from central: https://repo.maven.apache.org/maven2/org/apache/maven/maven-plugin-api/2.0.6/maven-plugin-api-2.0.6.jar (13 kB at 1.8 MB/s)
[4673e2f8-6bd4-4a80-92fc-5204c1a7ee4c/build]   | [INFO] Downloading from central: https://repo.maven.apache.org/maven2/org/apache/maven/maven-core/2.0.6/maven-core-2.0.6.jar
[4673e2f8-6bd4-4a80-92fc-5204c1a7ee4c/build]   | [INFO] Downloaded from central: https://repo.maven.apache.org/maven2/org/apache/maven/maven-plugin-registry/2.0.6/maven-plugin-registry-2.0.6.jar (29 kB at 3.6 MB/s)
[4673e2f8-6bd4-4a80-92fc-5204c1a7ee4c/build]   | [INFO] Downloading from central: https://repo.maven.apache.org/maven2/org/apache/maven/maven-plugin-parameter-documenter/2.0.6/maven-plugin-parameter-documenter-2.0.6.jar
[4673e2f8-6bd4-4a80-92fc-5204c1a7ee4c/build]   | [INFO] Downloaded from central: https://repo.maven.apache.org/maven2/org/apache/maven/maven-artifact-manager/2.0.6/maven-artifact-manager-2.0.6.jar (57 kB at 7.1 MB/s)
[4673e2f8-6bd4-4a80-92fc-5204c1a7ee4c/build]   | [INFO] Downloading from central: https://repo.maven.apache.org/maven2/org/apache/maven/reporting/maven-reporting-api/2.0.6/maven-reporting-api-2.0.6.jar
[4673e2f8-6bd4-4a80-92fc-5204c1a7ee4c/build]   | [INFO] Downloaded from central: https://repo.maven.apache.org/maven2/org/apache/maven/maven-project/2.0.6/maven-project-2.0.6.jar (116 kB at 12 MB/s)
[4673e2f8-6bd4-4a80-92fc-5204c1a7ee4c/build]   | [INFO] Downloading from central: https://repo.maven.apache.org/maven2/org/apache/maven/doxia/doxia-sink-api/1.0-alpha-7/doxia-sink-api-1.0-alpha-7.jar
[4673e2f8-6bd4-4a80-92fc-5204c1a7ee4c/build]   | [INFO] Downloaded from central: https://repo.maven.apache.org/maven2/org/apache/maven/maven-profile/2.0.6/maven-profile-2.0.6.jar (35 kB at 2.9 MB/s)
[4673e2f8-6bd4-4a80-92fc-5204c1a7ee4c/build]   | [INFO] Downloading from central: https://repo.maven.apache.org/maven2/org/apache/maven/maven-repository-metadata/2.0.6/maven-repository-metadata-2.0.6.jar
[4673e2f8-6bd4-4a80-92fc-5204c1a7ee4c/build]   | [INFO] Downloaded from central: https://repo.maven.apache.org/maven2/org/apache/maven/doxia/doxia-sink-api/1.0-alpha-7/doxia-sink-api-1.0-alpha-7.jar (5.9 kB at 424 kB/s)
[4673e2f8-6bd4-4a80-92fc-5204c1a7ee4c/build]   | [INFO] Downloading from central: https://repo.maven.apache.org/maven2/org/apache/maven/maven-error-diagnostics/2.0.6/maven-error-diagnostics-2.0.6.jar
[4673e2f8-6bd4-4a80-92fc-5204c1a7ee4c/build]   | [INFO] Downloaded from central: https://repo.maven.apache.org/maven2/org/apache/maven/reporting/maven-reporting-api/2.0.6/maven-reporting-api-2.0.6.jar (9.9 kB at 710 kB/s)
[4673e2f8-6bd4-4a80-92fc-5204c1a7ee4c/build]   | [INFO] Downloading from central: https://repo.maven.apache.org/maven2/commons-cli/commons-cli/1.0/commons-cli-1.0.jar
[4673e2f8-6bd4-4a80-92fc-5204c1a7ee4c/build]   | [INFO] Downloaded from central: https://repo.maven.apache.org/maven2/org/apache/maven/maven-plugin-parameter-documenter/2.0.6/maven-plugin-parameter-documenter-2.0.6.jar (21 kB at 1.4 MB/s)
[4673e2f8-6bd4-4a80-92fc-5204c1a7ee4c/build]   | [INFO] Downloading from central: https://repo.maven.apache.org/maven2/org/apache/maven/maven-plugin-descriptor/2.0.6/maven-plugin-descriptor-2.0.6.jar
[4673e2f8-6bd4-4a80-92fc-5204c1a7ee4c/build]   | [INFO] Downloaded from central: https://repo.maven.apache.org/maven2/org/apache/maven/maven-core/2.0.6/maven-core-2.0.6.jar (152 kB at 8.9 MB/s)
[4673e2f8-6bd4-4a80-92fc-5204c1a7ee4c/build]   | [INFO] Downloading from central: https://repo.maven.apache.org/maven2/org/codehaus/plexus/plexus-interactivity-api/1.0-alpha-4/plexus-interactivity-api-1.0-alpha-4.jar
[4673e2f8-6bd4-4a80-92fc-5204c1a7ee4c/build]   | [INFO] Downloaded from central: https://repo.maven.apache.org/maven2/org/apache/maven/maven-repository-metadata/2.0.6/maven-repository-metadata-2.0.6.jar (24 kB at 1.3 MB/s)
[4673e2f8-6bd4-4a80-92fc-5204c1a7ee4c/build]   | [INFO] Downloading from central: https://repo.maven.apache.org/maven2/classworlds/classworlds/1.1/classworlds-1.1.jar
[4673e2f8-6bd4-4a80-92fc-5204c1a7ee4c/build]   | [INFO] Downloaded from central: https://repo.maven.apache.org/maven2/org/apache/maven/maven-error-diagnostics/2.0.6/maven-error-diagnostics-2.0.6.jar (14 kB at 681 kB/s)
[4673e2f8-6bd4-4a80-92fc-5204c1a7ee4c/build]   | [INFO] Downloading from central: https://repo.maven.apache.org/maven2/org/apache/maven/maven-artifact/2.0.6/maven-artifact-2.0.6.jar
[4673e2f8-6bd4-4a80-92fc-5204c1a7ee4c/build]   | [INFO] Downloaded from central: https://repo.maven.apache.org/maven2/org/codehaus/plexus/plexus-interactivity-api/1.0-alpha-4/plexus-interactivity-api-1.0-alpha-4.jar (13 kB at 609 kB/s)
[4673e2f8-6bd4-4a80-92fc-5204c1a7ee4c/build]   | [INFO] Downloading from central: https://repo.maven.apache.org/maven2/org/apache/maven/maven-settings/2.0.6/maven-settings-2.0.6.jar
[4673e2f8-6bd4-4a80-92fc-5204c1a7ee4c/build]   | [INFO] Downloaded from central: https://repo.maven.apache.org/maven2/commons-cli/commons-cli/1.0/commons-cli-1.0.jar (30 kB at 1.3 MB/s)
[4673e2f8-6bd4-4a80-92fc-5204c1a7ee4c/build]   | [INFO] Downloading from central: https://repo.maven.apache.org/maven2/org/apache/maven/maven-model/2.0.6/maven-model-2.0.6.jar
[4673e2f8-6bd4-4a80-92fc-5204c1a7ee4c/build]   | [INFO] Downloaded from central: https://repo.maven.apache.org/maven2/org/apache/maven/maven-plugin-descriptor/2.0.6/maven-plugin-descriptor-2.0.6.jar (37 kB at 1.6 MB/s)
[4673e2f8-6bd4-4a80-92fc-5204c1a7ee4c/build]   | [INFO] Downloading from central: https://repo.maven.apache.org/maven2/org/apache/maven/maven-monitor/2.0.6/maven-monitor-2.0.6.jar
[4673e2f8-6bd4-4a80-92fc-5204c1a7ee4c/build]   | [INFO] Downloaded from central: https://repo.maven.apache.org/maven2/org/apache/maven/maven-artifact/2.0.6/maven-artifact-2.0.6.jar (87 kB at 3.4 MB/s)
[4673e2f8-6bd4-4a80-92fc-5204c1a7ee4c/build]   | [INFO] Downloading from central: https://repo.maven.apache.org/maven2/org/codehaus/plexus/plexus-container-default/1.0-alpha-9-stable-1/plexus-container-default-1.0-alpha-9-stable-1.jar
[4673e2f8-6bd4-4a80-92fc-5204c1a7ee4c/build]   | [INFO] Downloaded from central: https://repo.maven.apache.org/maven2/org/apache/maven/maven-monitor/2.0.6/maven-monitor-2.0.6.jar (10 kB at 330 kB/s)
[4673e2f8-6bd4-4a80-92fc-5204c1a7ee4c/build]   | [INFO] Downloading from central: https://repo.maven.apache.org/maven2/junit/junit/3.8.1/junit-3.8.1.jar
[4673e2f8-6bd4-4a80-92fc-5204c1a7ee4c/build]   | [INFO] Downloaded from central: https://repo.maven.apache.org/maven2/org/apache/maven/maven-settings/2.0.6/maven-settings-2.0.6.jar (49 kB at 1.6 MB/s)
[4673e2f8-6bd4-4a80-92fc-5204c1a7ee4c/build]   | [INFO] Downloading from central: https://repo.maven.apache.org/maven2/org/codehaus/plexus/plexus-utils/2.0.5/plexus-utils-2.0.5.jar
[4673e2f8-6bd4-4a80-92fc-5204c1a7ee4c/build]   | [INFO] Downloaded from central: https://repo.maven.apache.org/maven2/org/apache/maven/maven-model/2.0.6/maven-model-2.0.6.jar (86 kB at 2.5 MB/s)
[4673e2f8-6bd4-4a80-92fc-5204c1a7ee4c/build]   | [INFO] Downloading from central: https://repo.maven.apache.org/maven2/org/apache/maven/shared/maven-filtering/1.1/maven-filtering-1.1.jar
[4673e2f8-6bd4-4a80-92fc-5204c1a7ee4c/build]   | [INFO] Downloaded from central: https://repo.maven.apache.org/maven2/classworlds/classworlds/1.1/classworlds-1.1.jar (38 kB at 1.1 MB/s)
[4673e2f8-6bd4-4a80-92fc-5204c1a7ee4c/build]   | [INFO] Downloaded from central: https://repo.maven.apache.org/maven2/org/codehaus/plexus/plexus-container-default/1.0-alpha-9-stable-1/plexus-container-default-1.0-alpha-9-stable-1.jar (194 kB at 5.4 MB/s)
[4673e2f8-6bd4-4a80-92fc-5204c1a7ee4c/build]   | [INFO] Downloading from central: https://repo.maven.apache.org/maven2/org/sonatype/plexus/plexus-build-api/0.0.4/plexus-build-api-0.0.4.jar
[4673e2f8-6bd4-4a80-92fc-5204c1a7ee4c/build]   | [INFO] Downloading from central: https://repo.maven.apache.org/maven2/org/codehaus/plexus/plexus-interpolation/1.13/plexus-interpolation-1.13.jar
[4673e2f8-6bd4-4a80-92fc-5204c1a7ee4c/build]   | [INFO] Downloaded from central: https://repo.maven.apache.org/maven2/junit/junit/3.8.1/junit-3.8.1.jar (121 kB at 3.0 MB/s)
[4673e2f8-6bd4-4a80-92fc-5204c1a7ee4c/build]   | [INFO] Downloaded from central: https://repo.maven.apache.org/maven2/org/apache/maven/shared/maven-filtering/1.1/maven-filtering-1.1.jar (43 kB at 1.0 MB/s)
[4673e2f8-6bd4-4a80-92fc-5204c1a7ee4c/build]   | [INFO] Downloaded from central: https://repo.maven.apache.org/maven2/org/codehaus/plexus/plexus-utils/2.0.5/plexus-utils-2.0.5.jar (223 kB at 5.3 MB/s)
[4673e2f8-6bd4-4a80-92fc-5204c1a7ee4c/build]   | [INFO] Downloaded from central: https://repo.maven.apache.org/maven2/org/sonatype/plexus/plexus-build-api/0.0.4/plexus-build-api-0.0.4.jar (6.8 kB at 158 kB/s)
[4673e2f8-6bd4-4a80-92fc-5204c1a7ee4c/build]   | [INFO] Downloaded from central: https://repo.maven.apache.org/maven2/org/codehaus/plexus/plexus-interpolation/1.13/plexus-interpolation-1.13.jar (61 kB at 1.4 MB/s)
[4673e2f8-6bd4-4a80-92fc-5204c1a7ee4c/build]   | [INFO] Using 'UTF-8' encoding to copy filtered resources.
[4673e2f8-6bd4-4a80-92fc-5204c1a7ee4c/build]   | [INFO] skip non existing resourceDirectory /tmp/fd2b8dfa-a77c-44bc-b2d7-d833d49a540f/src/main/resources
[4673e2f8-6bd4-4a80-92fc-5204c1a7ee4c/build]   | [INFO] 
[4673e2f8-6bd4-4a80-92fc-5204c1a7ee4c/build]   | [INFO] --- maven-compiler-plugin:3.11.0:compile (default-compile) @ whatsapp-business-java-api ---
[4673e2f8-6bd4-4a80-92fc-5204c1a7ee4c/build]   | [INFO] Downloading from central: https://repo.maven.apache.org/maven2/org/apache/maven/shared/maven-shared-utils/3.3.4/maven-shared-utils-3.3.4.pom
[4673e2f8-6bd4-4a80-92fc-5204c1a7ee4c/build]   | [INFO] Downloaded from central: https://repo.maven.apache.org/maven2/org/apache/maven/shared/maven-shared-utils/3.3.4/maven-shared-utils-3.3.4.pom (5.8 kB at 343 kB/s)
[4673e2f8-6bd4-4a80-92fc-5204c1a7ee4c/build]   | [INFO] Downloading from central: https://repo.maven.apache.org/maven2/org/apache/maven/shared/maven-shared-components/34/maven-shared-components-34.pom
[4673e2f8-6bd4-4a80-92fc-5204c1a7ee4c/build]   | [INFO] Downloaded from central: https://repo.maven.apache.org/maven2/org/apache/maven/shared/maven-shared-components/34/maven-shared-components-34.pom (5.1 kB at 425 kB/s)
[4673e2f8-6bd4-4a80-92fc-5204c1a7ee4c/build]   | [INFO] Downloading from central: https://repo.maven.apache.org/maven2/org/apache/maven/maven-parent/34/maven-parent-34.pom
[4673e2f8-6bd4-4a80-92fc-5204c1a7ee4c/build]   | [INFO] Downloaded from central: https://repo.maven.apache.org/maven2/org/apache/maven/maven-parent/34/maven-parent-34.pom (43 kB at 2.1 MB/s)
[4673e2f8-6bd4-4a80-92fc-5204c1a7ee4c/build]   | [INFO] Downloading from central: https://repo.maven.apache.org/maven2/org/apache/apache/23/apache-23.pom
[4673e2f8-6bd4-4a80-92fc-5204c1a7ee4c/build]   | [INFO] Downloaded from central: https://repo.maven.apache.org/maven2/org/apache/apache/23/apache-23.pom (18 kB at 877 kB/s)
[4673e2f8-6bd4-4a80-92fc-5204c1a7ee4c/build]   | [INFO] Downloading from central: https://repo.maven.apache.org/maven2/commons-io/commons-io/2.6/commons-io-2.6.pom
[4673e2f8-6bd4-4a80-92fc-5204c1a7ee4c/build]   | [INFO] Downloaded from central: https://repo.maven.apache.org/maven2/commons-io/commons-io/2.6/commons-io-2.6.pom (14 kB at 750 kB/s)
[4673e2f8-6bd4-4a80-92fc-5204c1a7ee4c/build]   | [INFO] Downloading from central: https://repo.maven.apache.org/maven2/org/apache/commons/commons-parent/42/commons-parent-42.pom
[4673e2f8-6bd4-4a80-92fc-5204c1a7ee4c/build]   | [INFO] Downloaded from central: https://repo.maven.apache.org/maven2/org/apache/commons/commons-parent/42/commons-parent-42.pom (68 kB at 5.2 MB/s)
[4673e2f8-6bd4-4a80-92fc-5204c1a7ee4c/build]   | [INFO] Downloading from central: https://repo.maven.apache.org/maven2/org/apache/apache/18/apache-18.pom
[4673e2f8-6bd4-4a80-92fc-5204c1a7ee4c/build]   | [INFO] Downloaded from central: https://repo.maven.apache.org/maven2/org/apache/apache/18/apache-18.pom (16 kB at 1.6 MB/s)
[4673e2f8-6bd4-4a80-92fc-5204c1a7ee4c/build]   | [INFO] Downloading from central: https://repo.maven.apache.org/maven2/org/apache/maven/shared/maven-shared-incremental/1.1/maven-shared-incremental-1.1.pom
[4673e2f8-6bd4-4a80-92fc-5204c1a7ee4c/build]   | [INFO] Downloaded from central: https://repo.maven.apache.org/maven2/org/apache/maven/shared/maven-shared-incremental/1.1/maven-shared-incremental-1.1.pom (4.7 kB at 431 kB/s)
[4673e2f8-6bd4-4a80-92fc-5204c1a7ee4c/build]   | [INFO] Downloading from central: https://repo.maven.apache.org/maven2/org/apache/maven/shared/maven-shared-components/19/maven-shared-components-19.pom
[4673e2f8-6bd4-4a80-92fc-5204c1a7ee4c/build]   | [INFO] Downloaded from central: https://repo.maven.apache.org/maven2/org/apache/maven/shared/maven-shared-components/19/maven-shared-components-19.pom (6.4 kB at 636 kB/s)
[4673e2f8-6bd4-4a80-92fc-5204c1a7ee4c/build]   | [INFO] Downloading from central: https://repo.maven.apache.org/maven2/org/apache/maven/maven-parent/23/maven-parent-23.pom
[4673e2f8-6bd4-4a80-92fc-5204c1a7ee4c/build]   | [INFO] Downloaded from central: https://repo.maven.apache.org/maven2/org/apache/maven/maven-parent/23/maven-parent-23.pom (33 kB at 4.1 MB/s)
[4673e2f8-6bd4-4a80-92fc-5204c1a7ee4c/build]   | [INFO] Downloading from central: https://repo.maven.apache.org/maven2/org/apache/apache/13/apache-13.pom
[4673e2f8-6bd4-4a80-92fc-5204c1a7ee4c/build]   | [INFO] Downloaded from central: https://repo.maven.apache.org/maven2/org/apache/apache/13/apache-13.pom (14 kB at 1.7 MB/s)
[4673e2f8-6bd4-4a80-92fc-5204c1a7ee4c/build]   | [INFO] Downloading from central: https://repo.maven.apache.org/maven2/org/codehaus/plexus/plexus-component-annotations/1.5.5/plexus-component-annotations-1.5.5.pom
[4673e2f8-6bd4-4a80-92fc-5204c1a7ee4c/build]   | [INFO] Downloaded from central: https://repo.maven.apache.org/maven2/org/codehaus/plexus/plexus-component-annotations/1.5.5/plexus-component-annotations-1.5.5.pom (815 B at 116 kB/s)
[4673e2f8-6bd4-4a80-92fc-5204c1a7ee4c/build]   | [INFO] Downloading from central: https://repo.maven.apache.org/maven2/org/codehaus/plexus/plexus-containers/1.5.5/plexus-containers-1.5.5.pom
[4673e2f8-6bd4-4a80-92fc-5204c1a7ee4c/build]   | [INFO] Downloaded from central: https://repo.maven.apache.org/maven2/org/codehaus/plexus/plexus-containers/1.5.5/plexus-containers-1.5.5.pom (4.2 kB at 606 kB/s)
[4673e2f8-6bd4-4a80-92fc-5204c1a7ee4c/build]   | [INFO] Downloading from central: https://repo.maven.apache.org/maven2/org/codehaus/plexus/plexus/2.0.7/plexus-2.0.7.pom
[4673e2f8-6bd4-4a80-92fc-5204c1a7ee4c/build]   | [INFO] Downloaded from central: https://repo.maven.apache.org/maven2/org/codehaus/plexus/plexus/2.0.7/plexus-2.0.7.pom (17 kB at 2.2 MB/s)
[4673e2f8-6bd4-4a80-92fc-5204c1a7ee4c/build]   | [INFO] Downloading from central: https://repo.maven.apache.org/maven2/org/codehaus/plexus/plexus-java/1.1.2/plexus-java-1.1.2.pom
[4673e2f8-6bd4-4a80-92fc-5204c1a7ee4c/build]   | [INFO] Downloaded from central: https://repo.maven.apache.org/maven2/org/codehaus/plexus/plexus-java/1.1.2/plexus-java-1.1.2.pom (5.0 kB at 829 kB/s)
[4673e2f8-6bd4-4a80-92fc-5204c1a7ee4c/build]   | [INFO] Downloading from central: https://repo.maven.apache.org/maven2/org/codehaus/plexus/plexus-languages/1.1.2/plexus-languages-1.1.2.pom
[4673e2f8-6bd4-4a80-92fc-5204c1a7ee4c/build]   | [INFO] Downloaded from central: https://repo.maven.apache.org/maven2/org/codehaus/plexus/plexus-languages/1.1.2/plexus-languages-1.1.2.pom (4.1 kB at 690 kB/s)
[4673e2f8-6bd4-4a80-92fc-5204c1a7ee4c/build]   | [INFO] Downloading from central: https://repo.maven.apache.org/maven2/org/codehaus/plexus/plexus/10/plexus-10.pom
[4673e2f8-6bd4-4a80-92fc-5204c1a7ee4c/build]   | [INFO] Downloaded from central: https://repo.maven.apache.org/maven2/org/codehaus/plexus/plexus/10/plexus-10.pom (25 kB at 4.2 MB/s)
[4673e2f8-6bd4-4a80-92fc-5204c1a7ee4c/build]   | [INFO] Downloading from central: https://repo.maven.apache.org/maven2/org/ow2/asm/asm/9.4/asm-9.4.pom
[4673e2f8-6bd4-4a80-92fc-5204c1a7ee4c/build]   | [INFO] Downloaded from central: https://repo.maven.apache.org/maven2/org/ow2/asm/asm/9.4/asm-9.4.pom (2.4 kB at 395 kB/s)
[4673e2f8-6bd4-4a80-92fc-5204c1a7ee4c/build]   | [INFO] Downloading from central: https://repo.maven.apache.org/maven2/org/ow2/ow2/1.5.1/ow2-1.5.1.pom
[4673e2f8-6bd4-4a80-92fc-5204c1a7ee4c/build]   | [INFO] Downloaded from central: https://repo.maven.apache.org/maven2/org/ow2/ow2/1.5.1/ow2-1.5.1.pom (11 kB at 1.4 MB/s)
[4673e2f8-6bd4-4a80-92fc-5204c1a7ee4c/build]   | [INFO] Downloading from central: https://repo.maven.apache.org/maven2/com/thoughtworks/qdox/qdox/2.0.3/qdox-2.0.3.pom
[4673e2f8-6bd4-4a80-92fc-5204c1a7ee4c/build]   | [INFO] Downloaded from central: https://repo.maven.apache.org/maven2/com/thoughtworks/qdox/qdox/2.0.3/qdox-2.0.3.pom (17 kB at 1.1 MB/s)
[4673e2f8-6bd4-4a80-92fc-5204c1a7ee4c/build]   | [INFO] Downloading from central: https://repo.maven.apache.org/maven2/org/sonatype/oss/oss-parent/9/oss-parent-9.pom
[4673e2f8-6bd4-4a80-92fc-5204c1a7ee4c/build]   | [INFO] Downloaded from central: https://repo.maven.apache.org/maven2/org/sonatype/oss/oss-parent/9/oss-parent-9.pom (6.6 kB at 597 kB/s)
[4673e2f8-6bd4-4a80-92fc-5204c1a7ee4c/build]   | [INFO] Downloading from central: https://repo.maven.apache.org/maven2/org/codehaus/plexus/plexus-compiler-api/2.13.0/plexus-compiler-api-2.13.0.pom
[4673e2f8-6bd4-4a80-92fc-5204c1a7ee4c/build]   | [INFO] Downloaded from central: https://repo.maven.apache.org/maven2/org/codehaus/plexus/plexus-compiler-api/2.13.0/plexus-compiler-api-2.13.0.pom (1.1 kB at 81 kB/s)
[4673e2f8-6bd4-4a80-92fc-5204c1a7ee4c/build]   | [INFO] Downloading from central: https://repo.maven.apache.org/maven2/org/codehaus/plexus/plexus-compiler/2.13.0/plexus-compiler-2.13.0.pom
[4673e2f8-6bd4-4a80-92fc-5204c1a7ee4c/build]   | [INFO] Downloaded from central: https://repo.maven.apache.org/maven2/org/codehaus/plexus/plexus-compiler/2.13.0/plexus-compiler-2.13.0.pom (8.4 kB at 493 kB/s)
[4673e2f8-6bd4-4a80-92fc-5204c1a7ee4c/build]   | [INFO] Downloading from central: https://repo.maven.apache.org/maven2/org/codehaus/plexus/plexus-components/10.0/plexus-components-10.0.pom
[4673e2f8-6bd4-4a80-92fc-5204c1a7ee4c/build]   | [INFO] Downloaded from central: https://repo.maven.apache.org/maven2/org/codehaus/plexus/plexus-components/10.0/plexus-components-10.0.pom (2.7 kB at 179 kB/s)
[4673e2f8-6bd4-4a80-92fc-5204c1a7ee4c/build]   | [INFO] Downloading from central: https://repo.maven.apache.org/maven2/org/junit/junit-bom/5.9.1/junit-bom-5.9.1.pom
[4673e2f8-6bd4-4a80-92fc-5204c1a7ee4c/build]   | [INFO] Downloaded from central: https://repo.maven.apache.org/maven2/org/junit/junit-bom/5.9.1/junit-bom-5.9.1.pom (5.6 kB at 402 kB/s)
[4673e2f8-6bd4-4a80-92fc-5204c1a7ee4c/build]   | [INFO] Downloading from central: https://repo.maven.apache.org/maven2/org/codehaus/plexus/plexus-utils/3.5.0/plexus-utils-3.5.0.pom
[4673e2f8-6bd4-4a80-92fc-5204c1a7ee4c/build]   | [INFO] Downloaded from central: https://repo.maven.apache.org/maven2/org/codehaus/plexus/plexus-utils/3.5.0/plexus-utils-3.5.0.pom (8.0 kB at 501 kB/s)
[4673e2f8-6bd4-4a80-92fc-5204c1a7ee4c/build]   | [INFO] Downloading from central: https://repo.maven.apache.org/maven2/org/codehaus/plexus/plexus-compiler-manager/2.13.0/plexus-compiler-manager-2.13.0.pom
[4673e2f8-6bd4-4a80-92fc-5204c1a7ee4c/build]   | [INFO] Downloaded from central: https://repo.maven.apache.org/maven2/org/codehaus/plexus/plexus-compiler-manager/2.13.0/plexus-compiler-manager-2.13.0.pom (1.1 kB at 49 kB/s)
[4673e2f8-6bd4-4a80-92fc-5204c1a7ee4c/build]   | [INFO] Downloading from central: https://repo.maven.apache.org/maven2/org/codehaus/plexus/plexus-component-annotations/2.1.1/plexus-component-annotations-2.1.1.pom
[4673e2f8-6bd4-4a80-92fc-5204c1a7ee4c/build]   | [INFO] Downloaded from central: https://repo.maven.apache.org/maven2/org/codehaus/plexus/plexus-component-annotations/2.1.1/plexus-component-annotations-2.1.1.pom (770 B at 37 kB/s)
[4673e2f8-6bd4-4a80-92fc-5204c1a7ee4c/build]   | [INFO] Downloading from central: https://repo.maven.apache.org/maven2/org/codehaus/plexus/plexus-containers/2.1.1/plexus-containers-2.1.1.pom
[4673e2f8-6bd4-4a80-92fc-5204c1a7ee4c/build]   | [INFO] Downloaded from central: https://repo.maven.apache.org/maven2/org/codehaus/plexus/plexus-containers/2.1.1/plexus-containers-2.1.1.pom (6.0 kB at 402 kB/s)
[4673e2f8-6bd4-4a80-92fc-5204c1a7ee4c/build]   | [INFO] Downloading from central: https://repo.maven.apache.org/maven2/org/codehaus/plexus/plexus/6.5/plexus-6.5.pom
[4673e2f8-6bd4-4a80-92fc-5204c1a7ee4c/build]   | [INFO] Downloaded from central: https://repo.maven.apache.org/maven2/org/codehaus/plexus/plexus/6.5/plexus-6.5.pom (26 kB at 2.0 MB/s)
[4673e2f8-6bd4-4a80-92fc-5204c1a7ee4c/build]   | [INFO] Downloading from central: https://repo.maven.apache.org/maven2/org/codehaus/plexus/plexus-compiler-javac/2.13.0/plexus-compiler-javac-2.13.0.pom
[4673e2f8-6bd4-4a80-92fc-5204c1a7ee4c/build]   | [INFO] Downloaded from central: https://repo.maven.apache.org/maven2/org/codehaus/plexus/plexus-compiler-javac/2.13.0/plexus-compiler-javac-2.13.0.pom (1.2 kB at 67 kB/s)
[4673e2f8-6bd4-4a80-92fc-5204c1a7ee4c/build]   | [INFO] Downloading from central: https://repo.maven.apache.org/maven2/org/codehaus/plexus/plexus-compilers/2.13.0/plexus-compilers-2.13.0.pom
[4673e2f8-6bd4-4a80-92fc-5204c1a7ee4c/build]   | [INFO] Downloaded from central: https://repo.maven.apache.org/maven2/org/codehaus/plexus/plexus-compilers/2.13.0/plexus-compilers-2.13.0.pom (1.3 kB at 78 kB/s)
[4673e2f8-6bd4-4a80-92fc-5204c1a7ee4c/build]   | [INFO] Downloading from central: https://repo.maven.apache.org/maven2/org/apache/maven/shared/maven-shared-utils/3.3.4/maven-shared-utils-3.3.4.jar
[4673e2f8-6bd4-4a80-92fc-5204c1a7ee4c/build]   | [INFO] Downloading from central: https://repo.maven.apache.org/maven2/commons-io/commons-io/2.6/commons-io-2.6.jar
[4673e2f8-6bd4-4a80-92fc-5204c1a7ee4c/build]   | [INFO] Downloading from central: https://repo.maven.apache.org/maven2/org/codehaus/plexus/plexus-component-annotations/1.5.5/plexus-component-annotations-1.5.5.jar
[4673e2f8-6bd4-4a80-92fc-5204c1a7ee4c/build]   | [INFO] Downloading from central: https://repo.maven.apache.org/maven2/org/codehaus/plexus/plexus-java/1.1.2/plexus-java-1.1.2.jar
[4673e2f8-6bd4-4a80-92fc-5204c1a7ee4c/build]   | [INFO] Downloading from central: https://repo.maven.apache.org/maven2/org/apache/maven/shared/maven-shared-incremental/1.1/maven-shared-incremental-1.1.jar
[4673e2f8-6bd4-4a80-92fc-5204c1a7ee4c/build]   | [INFO] Downloaded from central: https://repo.maven.apache.org/maven2/org/codehaus/plexus/plexus-component-annotations/1.5.5/plexus-component-annotations-1.5.5.jar (4.2 kB at 421 kB/s)
[4673e2f8-6bd4-4a80-92fc-5204c1a7ee4c/build]   | [INFO] Downloading from central: https://repo.maven.apache.org/maven2/org/ow2/asm/asm/9.4/asm-9.4.jar
[4673e2f8-6bd4-4a80-92fc-5204c1a7ee4c/build]   | [INFO] Downloaded from central: https://repo.maven.apache.org/maven2/org/apache/maven/shared/maven-shared-incremental/1.1/maven-shared-incremental-1.1.jar (14 kB at 1.4 MB/s)
[4673e2f8-6bd4-4a80-92fc-5204c1a7ee4c/build]   | [INFO] Downloading from central: https://repo.maven.apache.org/maven2/com/thoughtworks/qdox/qdox/2.0.3/qdox-2.0.3.jar
[4673e2f8-6bd4-4a80-92fc-5204c1a7ee4c/build]   | [INFO] Downloaded from central: https://repo.maven.apache.org/maven2/org/codehaus/plexus/plexus-java/1.1.2/plexus-java-1.1.2.jar (55 kB at 3.6 MB/s)
[4673e2f8-6bd4-4a80-92fc-5204c1a7ee4c/build]   | [INFO] Downloading from central: https://repo.maven.apache.org/maven2/org/codehaus/plexus/plexus-compiler-api/2.13.0/plexus-compiler-api-2.13.0.jar
[4673e2f8-6bd4-4a80-92fc-5204c1a7ee4c/build]   | [INFO] Downloaded from central: https://repo.maven.apache.org/maven2/commons-io/commons-io/2.6/commons-io-2.6.jar (215 kB at 13 MB/s)
[4673e2f8-6bd4-4a80-92fc-5204c1a7ee4c/build]   | [INFO] Downloading from central: https://repo.maven.apache.org/maven2/org/codehaus/plexus/plexus-utils/3.5.0/plexus-utils-3.5.0.jar
[4673e2f8-6bd4-4a80-92fc-5204c1a7ee4c/build]   | [INFO] Downloaded from central: https://repo.maven.apache.org/maven2/org/apache/maven/shared/maven-shared-utils/3.3.4/maven-shared-utils-3.3.4.jar (153 kB at 7.3 MB/s)
[4673e2f8-6bd4-4a80-92fc-5204c1a7ee4c/build]   | [INFO] Downloading from central: https://repo.maven.apache.org/maven2/org/codehaus/plexus/plexus-compiler-manager/2.13.0/plexus-compiler-manager-2.13.0.jar
[4673e2f8-6bd4-4a80-92fc-5204c1a7ee4c/build]   | [INFO] Downloaded from central: https://repo.maven.apache.org/maven2/org/ow2/asm/asm/9.4/asm-9.4.jar (122 kB at 6.1 MB/s)
[4673e2f8-6bd4-4a80-92fc-5204c1a7ee4c/build]   | [INFO] Downloading from central: https://repo.maven.apache.org/maven2/org/codehaus/plexus/plexus-compiler-javac/2.13.0/plexus-compiler-javac-2.13.0.jar
[4673e2f8-6bd4-4a80-92fc-5204c1a7ee4c/build]   | [INFO] Downloaded from central: https://repo.maven.apache.org/maven2/org/codehaus/plexus/plexus-compiler-api/2.13.0/plexus-compiler-api-2.13.0.jar (27 kB at 1.2 MB/s)
[4673e2f8-6bd4-4a80-92fc-5204c1a7ee4c/build]   | [INFO] Downloaded from central: https://repo.maven.apache.org/maven2/com/thoughtworks/qdox/qdox/2.0.3/qdox-2.0.3.jar (334 kB at 14 MB/s)
[4673e2f8-6bd4-4a80-92fc-5204c1a7ee4c/build]   | [INFO] Downloaded from central: https://repo.maven.apache.org/maven2/org/codehaus/plexus/plexus-compiler-manager/2.13.0/plexus-compiler-manager-2.13.0.jar (4.7 kB at 179 kB/s)
[4673e2f8-6bd4-4a80-92fc-5204c1a7ee4c/build]   | [INFO] Downloaded from central: https://repo.maven.apache.org/maven2/org/codehaus/plexus/plexus-utils/3.5.0/plexus-utils-3.5.0.jar (267 kB at 8.1 MB/s)
[4673e2f8-6bd4-4a80-92fc-5204c1a7ee4c/build]   | [INFO] Downloaded from central: https://repo.maven.apache.org/maven2/org/codehaus/plexus/plexus-compiler-javac/2.13.0/plexus-compiler-javac-2.13.0.jar (23 kB at 633 kB/s)
[4673e2f8-6bd4-4a80-92fc-5204c1a7ee4c/build]   | [INFO] Changes detected - recompiling the module! :dependency
[4673e2f8-6bd4-4a80-92fc-5204c1a7ee4c/build]   | [INFO] Compiling 137 source files with javac [debug release 17] to target/classes
[4673e2f8-6bd4-4a80-92fc-5204c1a7ee4c/build]   | [INFO] 
[4673e2f8-6bd4-4a80-92fc-5204c1a7ee4c/build]   | [INFO] --- maven-resources-plugin:2.6:testResources (default-testResources) @ whatsapp-business-java-api ---
[4673e2f8-6bd4-4a80-92fc-5204c1a7ee4c/build]   | [INFO] Using 'UTF-8' encoding to copy filtered resources.
[4673e2f8-6bd4-4a80-92fc-5204c1a7ee4c/build]   | [INFO] Copying 34 resources
[4673e2f8-6bd4-4a80-92fc-5204c1a7ee4c/build]   | [INFO] 
[4673e2f8-6bd4-4a80-92fc-5204c1a7ee4c/build]   | [INFO] --- maven-compiler-plugin:3.11.0:testCompile (default-testCompile) @ whatsapp-business-java-api ---
[4673e2f8-6bd4-4a80-92fc-5204c1a7ee4c/build]   | [INFO] Changes detected - recompiling the module! :dependency
[4673e2f8-6bd4-4a80-92fc-5204c1a7ee4c/build]   | [INFO] Compiling 32 source files with javac [debug release 17] to target/test-classes
[4673e2f8-6bd4-4a80-92fc-5204c1a7ee4c/build]   | [INFO] 
[4673e2f8-6bd4-4a80-92fc-5204c1a7ee4c/build]   | [INFO] --- maven-surefire-plugin:2.22.2:test (default-test) @ whatsapp-business-java-api ---
[4673e2f8-6bd4-4a80-92fc-5204c1a7ee4c/build]   | [INFO] Downloading from central: https://repo.maven.apache.org/maven2/org/apache/maven/surefire/maven-surefire-common/2.22.2/maven-surefire-common-2.22.2.pom
[4673e2f8-6bd4-4a80-92fc-5204c1a7ee4c/build]   | [INFO] Downloaded from central: https://repo.maven.apache.org/maven2/org/apache/maven/surefire/maven-surefire-common/2.22.2/maven-surefire-common-2.22.2.pom (11 kB at 1.0 MB/s)
[4673e2f8-6bd4-4a80-92fc-5204c1a7ee4c/build]   | [INFO] Downloading from central: https://repo.maven.apache.org/maven2/org/apache/maven/maven-plugin-api/2.2.1/maven-plugin-api-2.2.1.pom
[4673e2f8-6bd4-4a80-92fc-5204c1a7ee4c/build]   | [INFO] Downloaded from central: https://repo.maven.apache.org/maven2/org/apache/maven/maven-plugin-api/2.2.1/maven-plugin-api-2.2.1.pom (1.5 kB at 182 kB/s)
[4673e2f8-6bd4-4a80-92fc-5204c1a7ee4c/build]   | [INFO] Downloading from central: https://repo.maven.apache.org/maven2/org/apache/maven/maven/2.2.1/maven-2.2.1.pom
[4673e2f8-6bd4-4a80-92fc-5204c1a7ee4c/build]   | [INFO] Downloaded from central: https://repo.maven.apache.org/maven2/org/apache/maven/maven/2.2.1/maven-2.2.1.pom (22 kB at 2.5 MB/s)
[4673e2f8-6bd4-4a80-92fc-5204c1a7ee4c/build]   | [INFO] Downloading from central: https://repo.maven.apache.org/maven2/org/apache/maven/maven-parent/11/maven-parent-11.pom
[4673e2f8-6bd4-4a80-92fc-5204c1a7ee4c/build]   | [INFO] Downloaded from central: https://repo.maven.apache.org/maven2/org/apache/maven/maven-parent/11/maven-parent-11.pom (32 kB at 4.6 MB/s)
[4673e2f8-6bd4-4a80-92fc-5204c1a7ee4c/build]   | [INFO] Downloading from central: https://repo.maven.apache.org/maven2/org/apache/apache/5/apache-5.pom
[4673e2f8-6bd4-4a80-92fc-5204c1a7ee4c/build]   | [INFO] Downloaded from central: https://repo.maven.apache.org/maven2/org/apache/apache/5/apache-5.pom (4.1 kB at 585 kB/s)
[4673e2f8-6bd4-4a80-92fc-5204c1a7ee4c/build]   | [INFO] Downloading from central: https://repo.maven.apache.org/maven2/org/apache/maven/plugin-tools/maven-plugin-annotations/3.5.2/maven-plugin-annotations-3.5.2.pom
[4673e2f8-6bd4-4a80-92fc-5204c1a7ee4c/build]   | [INFO] Downloaded from central: https://repo.maven.apache.org/maven2/org/apache/maven/plugin-tools/maven-plugin-annotations/3.5.2/maven-plugin-annotations-3.5.2.pom (1.6 kB at 233 kB/s)
[4673e2f8-6bd4-4a80-92fc-5204c1a7ee4c/build]   | [INFO] Downloading from central: https://repo.maven.apache.org/maven2/org/apache/maven/plugin-tools/maven-plugin-tools/3.5.2/maven-plugin-tools-3.5.2.pom
[4673e2f8-6bd4-4a80-92fc-5204c1a7ee4c/build]   | [INFO] Downloaded from central: https://repo.maven.apache.org/maven2/org/apache/maven/plugin-tools/maven-plugin-tools/3.5.2/maven-plugin-tools-3.5.2.pom (15 kB at 1.7 MB/s)
[4673e2f8-6bd4-4a80-92fc-5204c1a7ee4c/build]   | [INFO] Downloading from central: https://repo.maven.apache.org/maven2/org/apache/maven/maven-parent/31/maven-parent-31.pom
[4673e2f8-6bd4-4a80-92fc-5204c1a7ee4c/build]   | [INFO] Downloaded from central: https://repo.maven.apache.org/maven2/org/apache/maven/maven-parent/31/maven-parent-31.pom (43 kB at 5.4 MB/s)
[4673e2f8-6bd4-4a80-92fc-5204c1a7ee4c/build]   | [INFO] Downloading from central: https://repo.maven.apache.org/maven2/org/apache/apache/19/apache-19.pom
[4673e2f8-6bd4-4a80-92fc-5204c1a7ee4c/build]   | [INFO] Downloaded from central: https://repo.maven.apache.org/maven2/org/apache/apache/19/apache-19.pom (15 kB at 2.2 MB/s)
[4673e2f8-6bd4-4a80-92fc-5204c1a7ee4c/build]   | [INFO] Downloading from central: https://repo.maven.apache.org/maven2/org/apache/maven/maven-artifact/2.2.1/maven-artifact-2.2.1.pom
[4673e2f8-6bd4-4a80-92fc-5204c1a7ee4c/build]   | [INFO] Downloaded from central: https://repo.maven.apache.org/maven2/org/apache/maven/maven-artifact/2.2.1/maven-artifact-2.2.1.pom (1.6 kB at 264 kB/s)
[4673e2f8-6bd4-4a80-92fc-5204c1a7ee4c/build]   | [INFO] Downloading from central: https://repo.maven.apache.org/maven2/org/apache/maven/surefire/surefire-api/2.22.2/surefire-api-2.22.2.pom
[4673e2f8-6bd4-4a80-92fc-5204c1a7ee4c/build]   | [INFO] Downloaded from central: https://repo.maven.apache.org/maven2/org/apache/maven/surefire/surefire-api/2.22.2/surefire-api-2.22.2.pom (3.5 kB at 36 kB/s)
[4673e2f8-6bd4-4a80-92fc-5204c1a7ee4c/build]   | [INFO] Downloading from central: https://repo.maven.apache.org/maven2/org/apache/maven/surefire/surefire-logger-api/2.22.2/surefire-logger-api-2.22.2.pom
[4673e2f8-6bd4-4a80-92fc-5204c1a7ee4c/build]   | [INFO] Downloaded from central: https://repo.maven.apache.org/maven2/org/apache/maven/surefire/surefire-logger-api/2.22.2/surefire-logger-api-2.22.2.pom (2.0 kB at 178 kB/s)
[4673e2f8-6bd4-4a80-92fc-5204c1a7ee4c/build]   | [INFO] Downloading from central: https://repo.maven.apache.org/maven2/org/apache/maven/surefire/surefire-booter/2.22.2/surefire-booter-2.22.2.pom
[4673e2f8-6bd4-4a80-92fc-5204c1a7ee4c/build]   | [INFO] Downloaded from central: https://repo.maven.apache.org/maven2/org/apache/maven/surefire/surefire-booter/2.22.2/surefire-booter-2.22.2.pom (7.5 kB at 621 kB/s)
[4673e2f8-6bd4-4a80-92fc-5204c1a7ee4c/build]   | [INFO] Downloading from central: https://repo.maven.apache.org/maven2/org/apache/maven/maven-plugin-descriptor/2.2.1/maven-plugin-descriptor-2.2.1.pom
[4673e2f8-6bd4-4a80-92fc-5204c1a7ee4c/build]   | [INFO] Downloaded from central: https://repo.maven.apache.org/maven2/org/apache/maven/maven-plugin-descriptor/2.2.1/maven-plugin-descriptor-2.2.1.pom (2.1 kB at 258 kB/s)
[4673e2f8-6bd4-4a80-92fc-5204c1a7ee4c/build]   | [INFO] Downloading from central: https://repo.maven.apache.org/maven2/junit/junit/4.12/junit-4.12.pom
[4673e2f8-6bd4-4a80-92fc-5204c1a7ee4c/build]   | [INFO] Downloaded from central: https://repo.maven.apache.org/maven2/junit/junit/4.12/junit-4.12.pom (24 kB at 1.8 MB/s)
[4673e2f8-6bd4-4a80-92fc-5204c1a7ee4c/build]   | [INFO] Downloading from central: https://repo.maven.apache.org/maven2/org/hamcrest/hamcrest-core/1.3/hamcrest-core-1.3.pom
[4673e2f8-6bd4-4a80-92fc-5204c1a7ee4c/build]   | [INFO] Downloaded from central: https://repo.maven.apache.org/maven2/org/hamcrest/hamcrest-core/1.3/hamcrest-core-1.3.pom (766 B at 85 kB/s)
[4673e2f8-6bd4-4a80-92fc-5204c1a7ee4c/build]   | [INFO] Downloading from central: https://repo.maven.apache.org/maven2/org/hamcrest/hamcrest-parent/1.3/hamcrest-parent-1.3.pom
[4673e2f8-6bd4-4a80-92fc-5204c1a7ee4c/build]   | [INFO] Downloaded from central: https://repo.maven.apache.org/maven2/org/hamcrest/hamcrest-parent/1.3/hamcrest-parent-1.3.pom (2.0 kB at 282 kB/s)
[4673e2f8-6bd4-4a80-92fc-5204c1a7ee4c/build]   | [INFO] Downloading from central: https://repo.maven.apache.org/maven2/org/apache/maven/maven-project/2.2.1/maven-project-2.2.1.pom
[4673e2f8-6bd4-4a80-92fc-5204c1a7ee4c/build]   | [INFO] Downloaded from central: https://repo.maven.apache.org/maven2/org/apache/maven/maven-project/2.2.1/maven-project-2.2.1.pom (2.8 kB at 396 kB/s)
[4673e2f8-6bd4-4a80-92fc-5204c1a7ee4c/build]   | [INFO] Downloading from central: https://repo.maven.apache.org/maven2/org/apache/maven/maven-settings/2.2.1/maven-settings-2.2.1.pom
[4673e2f8-6bd4-4a80-92fc-5204c1a7ee4c/build]   | [INFO] Downloaded from central: https://repo.maven.apache.org/maven2/org/apache/maven/maven-settings/2.2.1/maven-settings-2.2.1.pom (2.2 kB at 242 kB/s)
[4673e2f8-6bd4-4a80-92fc-5204c1a7ee4c/build]   | [INFO] Downloading from central: https://repo.maven.apache.org/maven2/org/apache/maven/maven-model/2.2.1/maven-model-2.2.1.pom
[4673e2f8-6bd4-4a80-92fc-5204c1a7ee4c/build]   | [INFO] Downloaded from central: https://repo.maven.apache.org/maven2/org/apache/maven/maven-model/2.2.1/maven-model-2.2.1.pom (3.2 kB at 463 kB/s)
[4673e2f8-6bd4-4a80-92fc-5204c1a7ee4c/build]   | [INFO] Downloading from central: https://repo.maven.apache.org/maven2/org/codehaus/plexus/plexus-interpolation/1.11/plexus-interpolation-1.11.pom
[4673e2f8-6bd4-4a80-92fc-5204c1a7ee4c/build]   | [INFO] Downloaded from central: https://repo.maven.apache.org/maven2/org/codehaus/plexus/plexus-interpolation/1.11/plexus-interpolation-1.11.pom (889 B at 64 kB/s)
[4673e2f8-6bd4-4a80-92fc-5204c1a7ee4c/build]   | [INFO] Downloading from central: https://repo.maven.apache.org/maven2/org/apache/maven/maven-profile/2.2.1/maven-profile-2.2.1.pom
[4673e2f8-6bd4-4a80-92fc-5204c1a7ee4c/build]   | [INFO] Downloaded from central: https://repo.maven.apache.org/maven2/org/apache/maven/maven-profile/2.2.1/maven-profile-2.2.1.pom (2.2 kB at 217 kB/s)
[4673e2f8-6bd4-4a80-92fc-5204c1a7ee4c/build]   | [INFO] Downloading from central: https://repo.maven.apache.org/maven2/org/apache/maven/maven-artifact-manager/2.2.1/maven-artifact-manager-2.2.1.pom
[4673e2f8-6bd4-4a80-92fc-5204c1a7ee4c/build]   | [INFO] Downloaded from central: https://repo.maven.apache.org/maven2/org/apache/maven/maven-artifact-manager/2.2.1/maven-artifact-manager-2.2.1.pom (3.1 kB at 282 kB/s)
[4673e2f8-6bd4-4a80-92fc-5204c1a7ee4c/build]   | [INFO] Downloading from central: https://repo.maven.apache.org/maven2/org/apache/maven/maven-repository-metadata/2.2.1/maven-repository-metadata-2.2.1.pom
[4673e2f8-6bd4-4a80-92fc-5204c1a7ee4c/build]   | [INFO] Downloaded from central: https://repo.maven.apache.org/maven2/org/apache/maven/maven-repository-metadata/2.2.1/maven-repository-metadata-2.2.1.pom (1.9 kB at 134 kB/s)
[4673e2f8-6bd4-4a80-92fc-5204c1a7ee4c/build]   | [INFO] Downloading from central: https://repo.maven.apache.org/maven2/backport-util-concurrent/backport-util-concurrent/3.1/backport-util-concurrent-3.1.pom
[4673e2f8-6bd4-4a80-92fc-5204c1a7ee4c/build]   | [INFO] Downloaded from central: https://repo.maven.apache.org/maven2/backport-util-concurrent/backport-util-concurrent/3.1/backport-util-concurrent-3.1.pom (880 B at 80 kB/s)
[4673e2f8-6bd4-4a80-92fc-5204c1a7ee4c/build]   | [INFO] Downloading from central: https://repo.maven.apache.org/maven2/org/apache/maven/maven-plugin-registry/2.2.1/maven-plugin-registry-2.2.1.pom
[4673e2f8-6bd4-4a80-92fc-5204c1a7ee4c/build]   | [INFO] Downloaded from central: https://repo.maven.apache.org/maven2/org/apache/maven/maven-plugin-registry/2.2.1/maven-plugin-registry-2.2.1.pom (1.9 kB at 241 kB/s)
[4673e2f8-6bd4-4a80-92fc-5204c1a7ee4c/build]   | [INFO] Downloading from central: https://repo.maven.apache.org/maven2/org/apache/maven/maven-core/2.2.1/maven-core-2.2.1.pom
[4673e2f8-6bd4-4a80-92fc-5204c1a7ee4c/build]   | [INFO] Downloaded from central: https://repo.maven.apache.org/maven2/org/apache/maven/maven-core/2.2.1/maven-core-2.2.1.pom (12 kB at 1.5 MB/s)
[4673e2f8-6bd4-4a80-92fc-5204c1a7ee4c/build]   | [INFO] Downloading from central: https://repo.maven.apache.org/maven2/org/apache/maven/maven-plugin-parameter-documenter/2.2.1/maven-plugin-parameter-documenter-2.2.1.pom
[4673e2f8-6bd4-4a80-92fc-5204c1a7ee4c/build]   | [INFO] Downloaded from central: https://repo.maven.apache.org/maven2/org/apache/maven/maven-plugin-parameter-documenter/2.2.1/maven-plugin-parameter-documenter-2.2.1.pom (2.0 kB at 217 kB/s)
[4673e2f8-6bd4-4a80-92fc-5204c1a7ee4c/build]   | [INFO] Downloading from central: https://repo.maven.apache.org/maven2/org/slf4j/slf4j-jdk14/1.5.6/slf4j-jdk14-1.5.6.pom
[4673e2f8-6bd4-4a80-92fc-5204c1a7ee4c/build]   | [INFO] Downloaded from central: https://repo.maven.apache.org/maven2/org/slf4j/slf4j-jdk14/1.5.6/slf4j-jdk14-1.5.6.pom (1.9 kB at 237 kB/s)
[4673e2f8-6bd4-4a80-92fc-5204c1a7ee4c/build]   | [INFO] Downloading from central: https://repo.maven.apache.org/maven2/org/slf4j/slf4j-parent/1.5.6/slf4j-parent-1.5.6.pom
[4673e2f8-6bd4-4a80-92fc-5204c1a7ee4c/build]   | [INFO] Downloaded from central: https://repo.maven.apache.org/maven2/org/slf4j/slf4j-parent/1.5.6/slf4j-parent-1.5.6.pom (7.9 kB at 880 kB/s)
[4673e2f8-6bd4-4a80-92fc-5204c1a7ee4c/build]   | [INFO] Downloading from central: https://repo.maven.apache.org/maven2/org/slf4j/slf4j-api/1.5.6/slf4j-api-1.5.6.pom
[4673e2f8-6bd4-4a80-92fc-5204c1a7ee4c/build]   | [INFO] Downloaded from central: https://repo.maven.apache.org/maven2/org/slf4j/slf4j-api/1.5.6/slf4j-api-1.5.6.pom (3.0 kB at 332 kB/s)
[4673e2f8-6bd4-4a80-92fc-5204c1a7ee4c/build]   | [INFO] Downloading from central: https://repo.maven.apache.org/maven2/org/slf4j/jcl-over-slf4j/1.5.6/jcl-over-slf4j-1.5.6.pom
[4673e2f8-6bd4-4a80-92fc-5204c1a7ee4c/build]   | [INFO] Downloaded from central: https://repo.maven.apache.org/maven2/org/slf4j/jcl-over-slf4j/1.5.6/jcl-over-slf4j-1.5.6.pom (2.2 kB at 120 kB/s)
[4673e2f8-6bd4-4a80-92fc-5204c1a7ee4c/build]   | [INFO] Downloading from central: https://repo.maven.apache.org/maven2/org/apache/maven/reporting/maven-reporting-api/3.0/maven-reporting-api-3.0.pom
[4673e2f8-6bd4-4a80-92fc-5204c1a7ee4c/build]   | [INFO] Downloaded from central: https://repo.maven.apache.org/maven2/org/apache/maven/reporting/maven-reporting-api/3.0/maven-reporting-api-3.0.pom (2.4 kB at 264 kB/s)
[4673e2f8-6bd4-4a80-92fc-5204c1a7ee4c/build]   | [INFO] Downloading from central: https://repo.maven.apache.org/maven2/org/apache/maven/shared/maven-shared-components/15/maven-shared-components-15.pom
[4673e2f8-6bd4-4a80-92fc-5204c1a7ee4c/build]   | [INFO] Downloaded from central: https://repo.maven.apache.org/maven2/org/apache/maven/shared/maven-shared-components/15/maven-shared-components-15.pom (9.3 kB at 1.3 MB/s)
[4673e2f8-6bd4-4a80-92fc-5204c1a7ee4c/build]   | [INFO] Downloading from central: https://repo.maven.apache.org/maven2/org/apache/maven/maven-parent/16/maven-parent-16.pom
[4673e2f8-6bd4-4a80-92fc-5204c1a7ee4c/build]   | [INFO] Downloaded from central: https://repo.maven.apache.org/maven2/org/apache/maven/maven-parent/16/maven-parent-16.pom (23 kB at 3.3 MB/s)
[4673e2f8-6bd4-4a80-92fc-5204c1a7ee4c/build]   | [INFO] Downloading from central: https://repo.maven.apache.org/maven2/org/apache/apache/7/apache-7.pom
[4673e2f8-6bd4-4a80-92fc-5204c1a7ee4c/build]   | [INFO] Downloaded from central: https://repo.maven.apache.org/maven2/org/apache/apache/7/apache-7.pom (14 kB at 2.4 MB/s)
[4673e2f8-6bd4-4a80-92fc-5204c1a7ee4c/build]   | [INFO] Downloading from central: https://repo.maven.apache.org/maven2/org/apache/maven/maven-error-diagnostics/2.2.1/maven-error-diagnostics-2.2.1.pom
[4673e2f8-6bd4-4a80-92fc-5204c1a7ee4c/build]   | [INFO] Downloaded from central: https://repo.maven.apache.org/maven2/org/apache/maven/maven-error-diagnostics/2.2.1/maven-error-diagnostics-2.2.1.pom (1.7 kB at 244 kB/s)
[4673e2f8-6bd4-4a80-92fc-5204c1a7ee4c/build]   | [INFO] Downloading from central: https://repo.maven.apache.org/maven2/org/apache/maven/maven-monitor/2.2.1/maven-monitor-2.2.1.pom
[4673e2f8-6bd4-4a80-92fc-5204c1a7ee4c/build]   | [INFO] Downloaded from central: https://repo.maven.apache.org/maven2/org/apache/maven/maven-monitor/2.2.1/maven-monitor-2.2.1.pom (1.3 kB at 180 kB/s)
[4673e2f8-6bd4-4a80-92fc-5204c1a7ee4c/build]   | [INFO] Downloading from central: https://repo.maven.apache.org/maven2/org/sonatype/plexus/plexus-sec-dispatcher/1.3/plexus-sec-dispatcher-1.3.pom
[4673e2f8-6bd4-4a80-92fc-5204c1a7ee4c/build]   | [INFO] Downloaded from central: https://repo.maven.apache.org/maven2/org/sonatype/plexus/plexus-sec-dispatcher/1.3/plexus-sec-dispatcher-1.3.pom (3.0 kB at 329 kB/s)
[4673e2f8-6bd4-4a80-92fc-5204c1a7ee4c/build]   | [INFO] Downloading from central: https://repo.maven.apache.org/maven2/org/sonatype/spice/spice-parent/12/spice-parent-12.pom
[4673e2f8-6bd4-4a80-92fc-5204c1a7ee4c/build]   | [INFO] Downloaded from central: https://repo.maven.apache.org/maven2/org/sonatype/spice/spice-parent/12/spice-parent-12.pom (6.8 kB at 680 kB/s)
[4673e2f8-6bd4-4a80-92fc-5204c1a7ee4c/build]   | [INFO] Downloading from central: https://repo.maven.apache.org/maven2/org/sonatype/forge/forge-parent/4/forge-parent-4.pom
[4673e2f8-6bd4-4a80-92fc-5204c1a7ee4c/build]   | [INFO] Downloaded from central: https://repo.maven.apache.org/maven2/org/sonatype/forge/forge-parent/4/forge-parent-4.pom (8.4 kB at 646 kB/s)
[4673e2f8-6bd4-4a80-92fc-5204c1a7ee4c/build]   | [INFO] Downloading from central: https://repo.maven.apache.org/maven2/org/codehaus/plexus/plexus-utils/1.5.5/plexus-utils-1.5.5.pom
[4673e2f8-6bd4-4a80-92fc-5204c1a7ee4c/build]   | [INFO] Downloaded from central: https://repo.maven.apache.org/maven2/org/codehaus/plexus/plexus-utils/1.5.5/plexus-utils-1.5.5.pom (5.1 kB at 368 kB/s)
[4673e2f8-6bd4-4a80-92fc-5204c1a7ee4c/build]   | [INFO] Downloading from central: https://repo.maven.apache.org/maven2/org/sonatype/plexus/plexus-cipher/1.4/plexus-cipher-1.4.pom
[4673e2f8-6bd4-4a80-92fc-5204c1a7ee4c/build]   | [INFO] Downloaded from central: https://repo.maven.apache.org/maven2/org/sonatype/plexus/plexus-cipher/1.4/plexus-cipher-1.4.pom (2.1 kB at 295 kB/s)
[4673e2f8-6bd4-4a80-92fc-5204c1a7ee4c/build]   | [INFO] Downloading from central: https://repo.maven.apache.org/maven2/org/apache/maven/maven-toolchain/2.2.1/maven-toolchain-2.2.1.pom
[4673e2f8-6bd4-4a80-92fc-5204c1a7ee4c/build]   | [INFO] Downloaded from central: https://repo.maven.apache.org/maven2/org/apache/maven/maven-toolchain/2.2.1/maven-toolchain-2.2.1.pom (3.3 kB at 279 kB/s)
[4673e2f8-6bd4-4a80-92fc-5204c1a7ee4c/build]   | [INFO] Downloading from central: https://repo.maven.apache.org/maven2/org/codehaus/plexus/plexus-java/0.9.10/plexus-java-0.9.10.pom
[4673e2f8-6bd4-4a80-92fc-5204c1a7ee4c/build]   | [INFO] Downloaded from central: https://repo.maven.apache.org/maven2/org/codehaus/plexus/plexus-java/0.9.10/plexus-java-0.9.10.pom (5.1 kB at 568 kB/s)
[4673e2f8-6bd4-4a80-92fc-5204c1a7ee4c/build]   | [INFO] Downloading from central: https://repo.maven.apache.org/maven2/org/codehaus/plexus/plexus-languages/0.9.10/plexus-languages-0.9.10.pom
[4673e2f8-6bd4-4a80-92fc-5204c1a7ee4c/build]   | [INFO] Downloaded from central: https://repo.maven.apache.org/maven2/org/codehaus/plexus/plexus-languages/0.9.10/plexus-languages-0.9.10.pom (4.1 kB at 591 kB/s)
[4673e2f8-6bd4-4a80-92fc-5204c1a7ee4c/build]   | [INFO] Downloading from central: https://repo.maven.apache.org/maven2/org/codehaus/plexus/plexus/4.0/plexus-4.0.pom
[4673e2f8-6bd4-4a80-92fc-5204c1a7ee4c/build]   | [INFO] Downloaded from central: https://repo.maven.apache.org/maven2/org/codehaus/plexus/plexus/4.0/plexus-4.0.pom (22 kB at 3.6 MB/s)
[4673e2f8-6bd4-4a80-92fc-5204c1a7ee4c/build]   | [INFO] Downloading from central: https://repo.maven.apache.org/maven2/org/sonatype/forge/forge-parent/10/forge-parent-10.pom
[4673e2f8-6bd4-4a80-92fc-5204c1a7ee4c/build]   | [INFO] Downloaded from central: https://repo.maven.apache.org/maven2/org/sonatype/forge/forge-parent/10/forge-parent-10.pom (14 kB at 1.9 MB/s)
[4673e2f8-6bd4-4a80-92fc-5204c1a7ee4c/build]   | [INFO] Downloading from central: https://repo.maven.apache.org/maven2/org/ow2/asm/asm/6.2/asm-6.2.pom
[4673e2f8-6bd4-4a80-92fc-5204c1a7ee4c/build]   | [INFO] Downloaded from central: https://repo.maven.apache.org/maven2/org/ow2/asm/asm/6.2/asm-6.2.pom (2.9 kB at 419 kB/s)
[4673e2f8-6bd4-4a80-92fc-5204c1a7ee4c/build]   | [INFO] Downloading from central: https://repo.maven.apache.org/maven2/org/ow2/ow2/1.5/ow2-1.5.pom
[4673e2f8-6bd4-4a80-92fc-5204c1a7ee4c/build]   | [INFO] Downloaded from central: https://repo.maven.apache.org/maven2/org/ow2/ow2/1.5/ow2-1.5.pom (11 kB at 1.9 MB/s)
[4673e2f8-6bd4-4a80-92fc-5204c1a7ee4c/build]   | [INFO] Downloading from central: https://repo.maven.apache.org/maven2/com/thoughtworks/qdox/qdox/2.0-M8/qdox-2.0-M8.pom
[4673e2f8-6bd4-4a80-92fc-5204c1a7ee4c/build]   | [INFO] Downloaded from central: https://repo.maven.apache.org/maven2/com/thoughtworks/qdox/qdox/2.0-M8/qdox-2.0-M8.pom (16 kB at 2.3 MB/s)
[4673e2f8-6bd4-4a80-92fc-5204c1a7ee4c/build]   | [INFO] Downloading from central: https://repo.maven.apache.org/maven2/org/apache/maven/surefire/maven-surefire-common/2.22.2/maven-surefire-common-2.22.2.jar
[4673e2f8-6bd4-4a80-92fc-5204c1a7ee4c/build]   | [INFO] Downloading from central: https://repo.maven.apache.org/maven2/org/apache/maven/surefire/surefire-api/2.22.2/surefire-api-2.22.2.jar
[4673e2f8-6bd4-4a80-92fc-5204c1a7ee4c/build]   | [INFO] Downloading from central: https://repo.maven.apache.org/maven2/org/apache/maven/surefire/surefire-logger-api/2.22.2/surefire-logger-api-2.22.2.jar
[4673e2f8-6bd4-4a80-92fc-5204c1a7ee4c/build]   | [INFO] Downloading from central: https://repo.maven.apache.org/maven2/org/apache/maven/maven-plugin-api/2.2.1/maven-plugin-api-2.2.1.jar
[4673e2f8-6bd4-4a80-92fc-5204c1a7ee4c/build]   | [INFO] Downloading from central: https://repo.maven.apache.org/maven2/org/apache/maven/plugin-tools/maven-plugin-annotations/3.5.2/maven-plugin-annotations-3.5.2.jar
[4673e2f8-6bd4-4a80-92fc-5204c1a7ee4c/build]   | [INFO] Downloaded from central: https://repo.maven.apache.org/maven2/org/apache/maven/surefire/maven-surefire-common/2.22.2/maven-surefire-common-2.22.2.jar (528 kB at 23 MB/s)
[4673e2f8-6bd4-4a80-92fc-5204c1a7ee4c/build]   | [INFO] Downloading from central: https://repo.maven.apache.org/maven2/org/apache/maven/surefire/surefire-booter/2.22.2/surefire-booter-2.22.2.jar
[4673e2f8-6bd4-4a80-92fc-5204c1a7ee4c/build]   | [INFO] Downloaded from central: https://repo.maven.apache.org/maven2/org/apache/maven/plugin-tools/maven-plugin-annotations/3.5.2/maven-plugin-annotations-3.5.2.jar (14 kB at 528 kB/s)
[4673e2f8-6bd4-4a80-92fc-5204c1a7ee4c/build]   | [INFO] Downloading from central: https://repo.maven.apache.org/maven2/org/apache/maven/maven-artifact/2.2.1/maven-artifact-2.2.1.jar
[4673e2f8-6bd4-4a80-92fc-5204c1a7ee4c/build]   | [INFO] Downloaded from central: https://repo.maven.apache.org/maven2/org/apache/maven/surefire/surefire-api/2.22.2/surefire-api-2.22.2.jar (186 kB at 4.8 MB/s)
[4673e2f8-6bd4-4a80-92fc-5204c1a7ee4c/build]   | [INFO] Downloading from central: https://repo.maven.apache.org/maven2/org/codehaus/plexus/plexus-utils/1.5.15/plexus-utils-1.5.15.jar
[4673e2f8-6bd4-4a80-92fc-5204c1a7ee4c/build]   | [INFO] Downloaded from central: https://repo.maven.apache.org/maven2/org/apache/maven/surefire/surefire-logger-api/2.22.2/surefire-logger-api-2.22.2.jar (13 kB at 342 kB/s)
[4673e2f8-6bd4-4a80-92fc-5204c1a7ee4c/build]   | [INFO] Downloading from central: https://repo.maven.apache.org/maven2/org/apache/maven/maven-plugin-descriptor/2.2.1/maven-plugin-descriptor-2.2.1.jar
[4673e2f8-6bd4-4a80-92fc-5204c1a7ee4c/build]   | [INFO] Downloaded from central: https://repo.maven.apache.org/maven2/org/apache/maven/maven-plugin-api/2.2.1/maven-plugin-api-2.2.1.jar (12 kB at 295 kB/s)
[4673e2f8-6bd4-4a80-92fc-5204c1a7ee4c/build]   | [INFO] Downloading from central: https://repo.maven.apache.org/maven2/junit/junit/4.12/junit-4.12.jar
[4673e2f8-6bd4-4a80-92fc-5204c1a7ee4c/build]   | [INFO] Downloaded from central: https://repo.maven.apache.org/maven2/org/apache/maven/surefire/surefire-booter/2.22.2/surefire-booter-2.22.2.jar (274 kB at 6.5 MB/s)
[4673e2f8-6bd4-4a80-92fc-5204c1a7ee4c/build]   | [INFO] Downloading from central: https://repo.maven.apache.org/maven2/org/hamcrest/hamcrest-core/1.3/hamcrest-core-1.3.jar
[4673e2f8-6bd4-4a80-92fc-5204c1a7ee4c/build]   | [INFO] Downloaded from central: https://repo.maven.apache.org/maven2/org/apache/maven/maven-artifact/2.2.1/maven-artifact-2.2.1.jar (80 kB at 1.7 MB/s)
[4673e2f8-6bd4-4a80-92fc-5204c1a7ee4c/build]   | [INFO] Downloading from central: https://repo.maven.apache.org/maven2/org/apache/maven/maven-project/2.2.1/maven-project-2.2.1.jar
[4673e2f8-6bd4-4a80-92fc-5204c1a7ee4c/build]   | [INFO] Downloaded from central: https://repo.maven.apache.org/maven2/org/apache/maven/maven-plugin-descriptor/2.2.1/maven-plugin-descriptor-2.2.1.jar (39 kB at 755 kB/s)
[4673e2f8-6bd4-4a80-92fc-5204c1a7ee4c/build]   | [INFO] Downloading from central: https://repo.maven.apache.org/maven2/org/apache/maven/maven-settings/2.2.1/maven-settings-2.2.1.jar
[4673e2f8-6bd4-4a80-92fc-5204c1a7ee4c/build]   | [INFO] Downloaded from central: https://repo.maven.apache.org/maven2/org/hamcrest/hamcrest-core/1.3/hamcrest-core-1.3.jar (45 kB at 819 kB/s)
[4673e2f8-6bd4-4a80-92fc-5204c1a7ee4c/build]   | [INFO] Downloading from central: https://repo.maven.apache.org/maven2/org/apache/maven/maven-profile/2.2.1/maven-profile-2.2.1.jar
[4673e2f8-6bd4-4a80-92fc-5204c1a7ee4c/build]   | [INFO] Downloaded from central: https://repo.maven.apache.org/maven2/org/codehaus/plexus/plexus-utils/1.5.15/plexus-utils-1.5.15.jar (228 kB at 4.1 MB/s)
[4673e2f8-6bd4-4a80-92fc-5204c1a7ee4c/build]   | [INFO] Downloading from central: https://repo.maven.apache.org/maven2/org/apache/maven/maven-artifact-manager/2.2.1/maven-artifact-manager-2.2.1.jar
[4673e2f8-6bd4-4a80-92fc-5204c1a7ee4c/build]   | [INFO] Downloaded from central: https://repo.maven.apache.org/maven2/org/apache/maven/maven-settings/2.2.1/maven-settings-2.2.1.jar (49 kB at 846 kB/s)
[4673e2f8-6bd4-4a80-92fc-5204c1a7ee4c/build]   | [INFO] Downloading from central: https://repo.maven.apache.org/maven2/backport-util-concurrent/backport-util-concurrent/3.1/backport-util-concurrent-3.1.jar
[4673e2f8-6bd4-4a80-92fc-5204c1a7ee4c/build]   | [INFO] Downloaded from central: https://repo.maven.apache.org/maven2/junit/junit/4.12/junit-4.12.jar (315 kB at 5.2 MB/s)
[4673e2f8-6bd4-4a80-92fc-5204c1a7ee4c/build]   | [INFO] Downloading from central: https://repo.maven.apache.org/maven2/org/apache/maven/maven-plugin-registry/2.2.1/maven-plugin-registry-2.2.1.jar
[4673e2f8-6bd4-4a80-92fc-5204c1a7ee4c/build]   | [INFO] Downloaded from central: https://repo.maven.apache.org/maven2/org/apache/maven/maven-project/2.2.1/maven-project-2.2.1.jar (156 kB at 2.5 MB/s)
[4673e2f8-6bd4-4a80-92fc-5204c1a7ee4c/build]   | [INFO] Downloading from central: https://repo.maven.apache.org/maven2/org/codehaus/plexus/plexus-interpolation/1.11/plexus-interpolation-1.11.jar
[4673e2f8-6bd4-4a80-92fc-5204c1a7ee4c/build]   | [INFO] Downloaded from central: https://repo.maven.apache.org/maven2/org/apache/maven/maven-profile/2.2.1/maven-profile-2.2.1.jar (35 kB at 570 kB/s)
[4673e2f8-6bd4-4a80-92fc-5204c1a7ee4c/build]   | [INFO] Downloading from central: https://repo.maven.apache.org/maven2/org/apache/maven/maven-model/2.2.1/maven-model-2.2.1.jar
[4673e2f8-6bd4-4a80-92fc-5204c1a7ee4c/build]   | [INFO] Downloaded from central: https://repo.maven.apache.org/maven2/org/apache/maven/maven-artifact-manager/2.2.1/maven-artifact-manager-2.2.1.jar (68 kB at 1.0 MB/s)
[4673e2f8-6bd4-4a80-92fc-5204c1a7ee4c/build]   | [INFO] Downloading from central: https://repo.maven.apache.org/maven2/org/apache/maven/maven-core/2.2.1/maven-core-2.2.1.jar
[4673e2f8-6bd4-4a80-92fc-5204c1a7ee4c/build]   | [INFO] Downloaded from central: https://repo.maven.apache.org/maven2/org/apache/maven/maven-plugin-registry/2.2.1/maven-plugin-registry-2.2.1.jar (30 kB at 443 kB/s)
[4673e2f8-6bd4-4a80-92fc-5204c1a7ee4c/build]   | [INFO] Downloading from central: https://repo.maven.apache.org/maven2/org/apache/maven/maven-plugin-parameter-documenter/2.2.1/maven-plugin-parameter-documenter-2.2.1.jar
[4673e2f8-6bd4-4a80-92fc-5204c1a7ee4c/build]   | [INFO] Downloaded from central: https://repo.maven.apache.org/maven2/org/codehaus/plexus/plexus-interpolation/1.11/plexus-interpolation-1.11.jar (51 kB at 728 kB/s)
[4673e2f8-6bd4-4a80-92fc-5204c1a7ee4c/build]   | [INFO] Downloading from central: https://repo.maven.apache.org/maven2/org/slf4j/slf4j-jdk14/1.5.6/slf4j-jdk14-1.5.6.jar
[4673e2f8-6bd4-4a80-92fc-5204c1a7ee4c/build]   | [INFO] Downloaded from central: https://repo.maven.apache.org/maven2/org/apache/maven/maven-model/2.2.1/maven-model-2.2.1.jar (88 kB at 1.2 MB/s)
[4673e2f8-6bd4-4a80-92fc-5204c1a7ee4c/build]   | [INFO] Downloading from central: https://repo.maven.apache.org/maven2/org/slf4j/slf4j-api/1.5.6/slf4j-api-1.5.6.jar
[4673e2f8-6bd4-4a80-92fc-5204c1a7ee4c/build]   | [INFO] Downloaded from central: https://repo.maven.apache.org/maven2/backport-util-concurrent/backport-util-concurrent/3.1/backport-util-concurrent-3.1.jar (332 kB at 4.7 MB/s)
[4673e2f8-6bd4-4a80-92fc-5204c1a7ee4c/build]   | [INFO] Downloading from central: https://repo.maven.apache.org/maven2/org/slf4j/jcl-over-slf4j/1.5.6/jcl-over-slf4j-1.5.6.jar
[4673e2f8-6bd4-4a80-92fc-5204c1a7ee4c/build]   | [INFO] Downloaded from central: https://repo.maven.apache.org/maven2/org/apache/maven/maven-plugin-parameter-documenter/2.2.1/maven-plugin-parameter-documenter-2.2.1.jar (22 kB at 336 kB/s)
[4673e2f8-6bd4-4a80-92fc-5204c1a7ee4c/build]   | [INFO] Downloading from central: https://repo.maven.apache.org/maven2/org/apache/maven/reporting/maven-reporting-api/3.0/maven-reporting-api-3.0.jar
[4673e2f8-6bd4-4a80-92fc-5204c1a7ee4c/build]   | [INFO] Downloaded from central: https://repo.maven.apache.org/maven2/org/apache/maven/maven-core/2.2.1/maven-core-2.2.1.jar (178 kB at 2.4 MB/s)
[4673e2f8-6bd4-4a80-92fc-5204c1a7ee4c/build]   | [INFO] Downloading from central: https://repo.maven.apache.org/maven2/org/apache/maven/maven-repository-metadata/2.2.1/maven-repository-metadata-2.2.1.jar
[4673e2f8-6bd4-4a80-92fc-5204c1a7ee4c/build]   | [INFO] Downloaded from central: https://repo.maven.apache.org/maven2/org/slf4j/slf4j-jdk14/1.5.6/slf4j-jdk14-1.5.6.jar (8.8 kB at 128 kB/s)
[4673e2f8-6bd4-4a80-92fc-5204c1a7ee4c/build]   | [INFO] Downloading from central: https://repo.maven.apache.org/maven2/org/apache/maven/maven-error-diagnostics/2.2.1/maven-error-diagnostics-2.2.1.jar
[4673e2f8-6bd4-4a80-92fc-5204c1a7ee4c/build]   | [INFO] Downloaded from central: https://repo.maven.apache.org/maven2/org/slf4j/slf4j-api/1.5.6/slf4j-api-1.5.6.jar (22 kB at 319 kB/s)
[4673e2f8-6bd4-4a80-92fc-5204c1a7ee4c/build]   | [INFO] Downloading from central: https://repo.maven.apache.org/maven2/org/apache/maven/maven-monitor/2.2.1/maven-monitor-2.2.1.jar
[4673e2f8-6bd4-4a80-92fc-5204c1a7ee4c/build]   | [INFO] Downloaded from central: https://repo.maven.apache.org/maven2/org/slf4j/jcl-over-slf4j/1.5.6/jcl-over-slf4j-1.5.6.jar (17 kB at 232 kB/s)
[4673e2f8-6bd4-4a80-92fc-5204c1a7ee4c/build]   | [INFO] Downloading from central: https://repo.maven.apache.org/maven2/org/sonatype/plexus/plexus-sec-dispatcher/1.3/plexus-sec-dispatcher-1.3.jar
[4673e2f8-6bd4-4a80-92fc-5204c1a7ee4c/build]   | [INFO] Downloaded from central: https://repo.maven.apache.org/maven2/org/apache/maven/reporting/maven-reporting-api/3.0/maven-reporting-api-3.0.jar (11 kB at 148 kB/s)
[4673e2f8-6bd4-4a80-92fc-5204c1a7ee4c/build]   | [INFO] Downloading from central: https://repo.maven.apache.org/maven2/org/sonatype/plexus/plexus-cipher/1.4/plexus-cipher-1.4.jar
[4673e2f8-6bd4-4a80-92fc-5204c1a7ee4c/build]   | [INFO] Downloaded from central: https://repo.maven.apache.org/maven2/org/apache/maven/maven-error-diagnostics/2.2.1/maven-error-diagnostics-2.2.1.jar (13 kB at 174 kB/s)
[4673e2f8-6bd4-4a80-92fc-5204c1a7ee4c/build]   | [INFO] Downloading from central: https://repo.maven.apache.org/maven2/org/apache/maven/maven-toolchain/2.2.1/maven-toolchain-2.2.1.jar
[4673e2f8-6bd4-4a80-92fc-5204c1a7ee4c/build]   | [INFO] Downloaded from central: https://repo.maven.apache.org/maven2/org/apache/maven/maven-repository-metadata/2.2.1/maven-repository-metadata-2.2.1.jar (26 kB at 342 kB/s)
[4673e2f8-6bd4-4a80-92fc-5204c1a7ee4c/build]   | [INFO] Downloading from central: https://repo.maven.apache.org/maven2/org/codehaus/plexus/plexus-java/0.9.10/plexus-java-0.9.10.jar
[4673e2f8-6bd4-4a80-92fc-5204c1a7ee4c/build]   | [INFO] Downloaded from central: https://repo.maven.apache.org/maven2/org/apache/maven/maven-monitor/2.2.1/maven-monitor-2.2.1.jar (10 kB at 138 kB/s)
[4673e2f8-6bd4-4a80-92fc-5204c1a7ee4c/build]   | [INFO] Downloading from central: https://repo.maven.apache.org/maven2/org/ow2/asm/asm/6.2/asm-6.2.jar
[4673e2f8-6bd4-4a80-92fc-5204c1a7ee4c/build]   | [INFO] Downloaded from central: https://repo.maven.apache.org/maven2/org/sonatype/plexus/plexus-sec-dispatcher/1.3/plexus-sec-dispatcher-1.3.jar (29 kB at 361 kB/s)
[4673e2f8-6bd4-4a80-92fc-5204c1a7ee4c/build]   | [INFO] Downloading from central: https://repo.maven.apache.org/maven2/com/thoughtworks/qdox/qdox/2.0-M8/qdox-2.0-M8.jar
[4673e2f8-6bd4-4a80-92fc-5204c1a7ee4c/build]   | [INFO] Downloaded from central: https://repo.maven.apache.org/maven2/org/sonatype/plexus/plexus-cipher/1.4/plexus-cipher-1.4.jar (13 kB at 171 kB/s)
[4673e2f8-6bd4-4a80-92fc-5204c1a7ee4c/build]   | [INFO] Downloaded from central: https://repo.maven.apache.org/maven2/org/apache/maven/maven-toolchain/2.2.1/maven-toolchain-2.2.1.jar (38 kB at 470 kB/s)
[4673e2f8-6bd4-4a80-92fc-5204c1a7ee4c/build]   | [INFO] Downloaded from central: https://repo.maven.apache.org/maven2/org/codehaus/plexus/plexus-java/0.9.10/plexus-java-0.9.10.jar (39 kB at 481 kB/s)
[4673e2f8-6bd4-4a80-92fc-5204c1a7ee4c/build]   | [INFO] Downloaded from central: https://repo.maven.apache.org/maven2/org/ow2/asm/asm/6.2/asm-6.2.jar (111 kB at 1.3 MB/s)
[4673e2f8-6bd4-4a80-92fc-5204c1a7ee4c/build]   | [INFO] Downloaded from central: https://repo.maven.apache.org/maven2/com/thoughtworks/qdox/qdox/2.0-M8/qdox-2.0-M8.jar (316 kB at 3.6 MB/s)
[4673e2f8-6bd4-4a80-92fc-5204c1a7ee4c/build]   | [INFO] Downloading from central: https://repo.maven.apache.org/maven2/org/apache/maven/surefire/surefire-junit-platform/2.22.2/surefire-junit-platform-2.22.2.pom
[4673e2f8-6bd4-4a80-92fc-5204c1a7ee4c/build]   | [INFO] Downloaded from central: https://repo.maven.apache.org/maven2/org/apache/maven/surefire/surefire-junit-platform/2.22.2/surefire-junit-platform-2.22.2.pom (7.0 kB at 634 kB/s)
[4673e2f8-6bd4-4a80-92fc-5204c1a7ee4c/build]   | [INFO] Downloading from central: https://repo.maven.apache.org/maven2/org/apache/maven/surefire/surefire-providers/2.22.2/surefire-providers-2.22.2.pom
[4673e2f8-6bd4-4a80-92fc-5204c1a7ee4c/build]   | [INFO] Downloaded from central: https://repo.maven.apache.org/maven2/org/apache/maven/surefire/surefire-providers/2.22.2/surefire-providers-2.22.2.pom (2.5 kB at 191 kB/s)
[4673e2f8-6bd4-4a80-92fc-5204c1a7ee4c/build]   | [INFO] Downloading from central: https://repo.maven.apache.org/maven2/org/junit/platform/junit-platform-launcher/1.3.1/junit-platform-launcher-1.3.1.pom
[4673e2f8-6bd4-4a80-92fc-5204c1a7ee4c/build]   | [INFO] Downloaded from central: https://repo.maven.apache.org/maven2/org/junit/platform/junit-platform-launcher/1.3.1/junit-platform-launcher-1.3.1.pom (2.2 kB at 222 kB/s)
[4673e2f8-6bd4-4a80-92fc-5204c1a7ee4c/build]   | [INFO] Downloading from central: https://repo.maven.apache.org/maven2/org/apiguardian/apiguardian-api/1.0.0/apiguardian-api-1.0.0.pom
[4673e2f8-6bd4-4a80-92fc-5204c1a7ee4c/build]   | [INFO] Downloaded from central: https://repo.maven.apache.org/maven2/org/apiguardian/apiguardian-api/1.0.0/apiguardian-api-1.0.0.pom (1.2 kB at 167 kB/s)
[4673e2f8-6bd4-4a80-92fc-5204c1a7ee4c/build]   | [INFO] Downloading from central: https://repo.maven.apache.org/maven2/org/junit/platform/junit-platform-engine/1.3.1/junit-platform-engine-1.3.1.pom
[4673e2f8-6bd4-4a80-92fc-5204c1a7ee4c/build]   | [INFO] Downloaded from central: https://repo.maven.apache.org/maven2/org/junit/platform/junit-platform-engine/1.3.1/junit-platform-engine-1.3.1.pom (2.4 kB at 342 kB/s)
[4673e2f8-6bd4-4a80-92fc-5204c1a7ee4c/build]   | [INFO] Downloading from central: https://repo.maven.apache.org/maven2/org/junit/platform/junit-platform-commons/1.3.1/junit-platform-commons-1.3.1.pom
[4673e2f8-6bd4-4a80-92fc-5204c1a7ee4c/build]   | [INFO] Downloaded from central: https://repo.maven.apache.org/maven2/org/junit/platform/junit-platform-commons/1.3.1/junit-platform-commons-1.3.1.pom (2.0 kB at 202 kB/s)
[4673e2f8-6bd4-4a80-92fc-5204c1a7ee4c/build]   | [INFO] Downloading from central: https://repo.maven.apache.org/maven2/org/opentest4j/opentest4j/1.1.1/opentest4j-1.1.1.pom
[4673e2f8-6bd4-4a80-92fc-5204c1a7ee4c/build]   | [INFO] Downloaded from central: https://repo.maven.apache.org/maven2/org/opentest4j/opentest4j/1.1.1/opentest4j-1.1.1.pom (1.7 kB at 280 kB/s)
[4673e2f8-6bd4-4a80-92fc-5204c1a7ee4c/build]   | [INFO] Downloading from central: https://repo.maven.apache.org/maven2/org/junit/platform/junit-platform-launcher/1.3.1/junit-platform-launcher-1.3.1.jar
[4673e2f8-6bd4-4a80-92fc-5204c1a7ee4c/build]   | [INFO] Downloading from central: https://repo.maven.apache.org/maven2/org/junit/platform/junit-platform-commons/1.3.1/junit-platform-commons-1.3.1.jar
[4673e2f8-6bd4-4a80-92fc-5204c1a7ee4c/build]   | [INFO] Downloading from central: https://repo.maven.apache.org/maven2/org/apiguardian/apiguardian-api/1.0.0/apiguardian-api-1.0.0.jar
[4673e2f8-6bd4-4a80-92fc-5204c1a7ee4c/build]   | [INFO] Downloading from central: https://repo.maven.apache.org/maven2/org/junit/platform/junit-platform-engine/1.3.1/junit-platform-engine-1.3.1.jar
[4673e2f8-6bd4-4a80-92fc-5204c1a7ee4c/build]   | [INFO] Downloading from central: https://repo.maven.apache.org/maven2/org/apache/maven/surefire/surefire-junit-platform/2.22.2/surefire-junit-platform-2.22.2.jar
[4673e2f8-6bd4-4a80-92fc-5204c1a7ee4c/build]   | [INFO] Downloaded from central: https://repo.maven.apache.org/maven2/org/junit/platform/junit-platform-launcher/1.3.1/junit-platform-launcher-1.3.1.jar (95 kB at 11 MB/s)
[4673e2f8-6bd4-4a80-92fc-5204c1a7ee4c/build]   | [INFO] Downloading from central: https://repo.maven.apache.org/maven2/org/opentest4j/opentest4j/1.1.1/opentest4j-1.1.1.jar
[4673e2f8-6bd4-4a80-92fc-5204c1a7ee4c/build]   | [INFO] Downloaded from central: https://repo.maven.apache.org/maven2/org/junit/platform/junit-platform-engine/1.3.1/junit-platform-engine-1.3.1.jar (135 kB at 14 MB/s)
[4673e2f8-6bd4-4a80-92fc-5204c1a7ee4c/build]   | [INFO] Downloaded from central: https://repo.maven.apache.org/maven2/org/apiguardian/apiguardian-api/1.0.0/apiguardian-api-1.0.0.jar (2.2 kB at 180 kB/s)
[4673e2f8-6bd4-4a80-92fc-5204c1a7ee4c/build]   | [INFO] Downloaded from central: https://repo.maven.apache.org/maven2/org/apache/maven/surefire/surefire-junit-platform/2.22.2/surefire-junit-platform-2.22.2.jar (66 kB at 5.5 MB/s)
[4673e2f8-6bd4-4a80-92fc-5204c1a7ee4c/build]   | [INFO] Downloaded from central: https://repo.maven.apache.org/maven2/org/opentest4j/opentest4j/1.1.1/opentest4j-1.1.1.jar (7.1 kB at 1.4 MB/s)
[4673e2f8-6bd4-4a80-92fc-5204c1a7ee4c/build]   | [INFO] Downloaded from central: https://repo.maven.apache.org/maven2/org/junit/platform/junit-platform-commons/1.3.1/junit-platform-commons-1.3.1.jar (78 kB at 4.3 MB/s)
[4673e2f8-6bd4-4a80-92fc-5204c1a7ee4c/build]   | [INFO] 
[4673e2f8-6bd4-4a80-92fc-5204c1a7ee4c/build]   | [INFO] -------------------------------------------------------
[4673e2f8-6bd4-4a80-92fc-5204c1a7ee4c/build]   | [INFO]  T E S T S
[4673e2f8-6bd4-4a80-92fc-5204c1a7ee4c/build]   | [INFO] -------------------------------------------------------
[4673e2f8-6bd4-4a80-92fc-5204c1a7ee4c/build]   | [INFO] Running com.whatsapp.api.WhatsappApiFactoryTest
[4673e2f8-6bd4-4a80-92fc-5204c1a7ee4c/build]   | [INFO] Tests run: 3, Failures: 0, Errors: 0, Skipped: 0, Time elapsed: 0.802 s - in com.whatsapp.api.WhatsappApiFactoryTest
[4673e2f8-6bd4-4a80-92fc-5204c1a7ee4c/build]   | [INFO] Running com.whatsapp.api.interceptor.AuthenticationInterceptorTest
[4673e2f8-6bd4-4a80-92fc-5204c1a7ee4c/build]   | [INFO] Tests run: 1, Failures: 0, Errors: 0, Skipped: 0, Time elapsed: 0 s - in com.whatsapp.api.interceptor.AuthenticationInterceptorTest
[4673e2f8-6bd4-4a80-92fc-5204c1a7ee4c/build]   | [INFO] Running com.whatsapp.api.impl.WhatsappBusinessCloudApiTest
[4673e2f8-6bd4-4a80-92fc-5204c1a7ee4c/build]   | [INFO] Tests run: 14, Failures: 0, Errors: 0, Skipped: 0, Time elapsed: 1.874 s - in com.whatsapp.api.impl.WhatsappBusinessCloudApiTest
[4673e2f8-6bd4-4a80-92fc-5204c1a7ee4c/build]   | [INFO] Running com.whatsapp.api.impl.WhatsappBusinessManagementApiTest
[4673e2f8-6bd4-4a80-92fc-5204c1a7ee4c/build]   | [INFO] Tests run: 9, Failures: 0, Errors: 0, Skipped: 0, Time elapsed: 0.469 s - in com.whatsapp.api.impl.WhatsappBusinessManagementApiTest
[4673e2f8-6bd4-4a80-92fc-5204c1a7ee4c/build]   | [INFO] Running com.whatsapp.api.domain.webhook.WebHookPayloadTest
[4673e2f8-6bd4-4a80-92fc-5204c1a7ee4c/build]   | [INFO] Tests run: 24, Failures: 0, Errors: 0, Skipped: 0, Time elapsed: 0.103 s - in com.whatsapp.api.domain.webhook.WebHookPayloadTest
[4673e2f8-6bd4-4a80-92fc-5204c1a7ee4c/build]   | [INFO] 
[4673e2f8-6bd4-4a80-92fc-5204c1a7ee4c/build]   | [INFO] Results:
[4673e2f8-6bd4-4a80-92fc-5204c1a7ee4c/build]   | [INFO] 
[4673e2f8-6bd4-4a80-92fc-5204c1a7ee4c/build]   | [INFO] Tests run: 51, Failures: 0, Errors: 0, Skipped: 0
[4673e2f8-6bd4-4a80-92fc-5204c1a7ee4c/build]   | [INFO] 
[4673e2f8-6bd4-4a80-92fc-5204c1a7ee4c/build]   | [INFO] 
[4673e2f8-6bd4-4a80-92fc-5204c1a7ee4c/build]   | [INFO] --- maven-jar-plugin:2.4:jar (default-jar) @ whatsapp-business-java-api ---
[4673e2f8-6bd4-4a80-92fc-5204c1a7ee4c/build]   | [INFO] Downloading from central: https://repo.maven.apache.org/maven2/org/apache/maven/maven-archiver/2.5/maven-archiver-2.5.pom
[4673e2f8-6bd4-4a80-92fc-5204c1a7ee4c/build]   | [INFO] Downloaded from central: https://repo.maven.apache.org/maven2/org/apache/maven/maven-archiver/2.5/maven-archiver-2.5.pom (4.5 kB at 648 kB/s)
[4673e2f8-6bd4-4a80-92fc-5204c1a7ee4c/build]   | [INFO] Downloading from central: https://repo.maven.apache.org/maven2/org/codehaus/plexus/plexus-archiver/2.1/plexus-archiver-2.1.pom
[4673e2f8-6bd4-4a80-92fc-5204c1a7ee4c/build]   | [INFO] Downloaded from central: https://repo.maven.apache.org/maven2/org/codehaus/plexus/plexus-archiver/2.1/plexus-archiver-2.1.pom (2.8 kB at 562 kB/s)
[4673e2f8-6bd4-4a80-92fc-5204c1a7ee4c/build]   | [INFO] Downloading from central: https://repo.maven.apache.org/maven2/org/sonatype/spice/spice-parent/17/spice-parent-17.pom
[4673e2f8-6bd4-4a80-92fc-5204c1a7ee4c/build]   | [INFO] Downloaded from central: https://repo.maven.apache.org/maven2/org/sonatype/spice/spice-parent/17/spice-parent-17.pom (6.8 kB at 845 kB/s)
[4673e2f8-6bd4-4a80-92fc-5204c1a7ee4c/build]   | [INFO] Downloading from central: https://repo.maven.apache.org/maven2/org/codehaus/plexus/plexus-utils/3.0/plexus-utils-3.0.pom
[4673e2f8-6bd4-4a80-92fc-5204c1a7ee4c/build]   | [INFO] Downloaded from central: https://repo.maven.apache.org/maven2/org/codehaus/plexus/plexus-utils/3.0/plexus-utils-3.0.pom (4.1 kB at 813 kB/s)
[4673e2f8-6bd4-4a80-92fc-5204c1a7ee4c/build]   | [INFO] Downloading from central: https://repo.maven.apache.org/maven2/org/sonatype/spice/spice-parent/16/spice-parent-16.pom
[4673e2f8-6bd4-4a80-92fc-5204c1a7ee4c/build]   | [INFO] Downloaded from central: https://repo.maven.apache.org/maven2/org/sonatype/spice/spice-parent/16/spice-parent-16.pom (8.4 kB at 1.4 MB/s)
[4673e2f8-6bd4-4a80-92fc-5204c1a7ee4c/build]   | [INFO] Downloading from central: https://repo.maven.apache.org/maven2/org/sonatype/forge/forge-parent/5/forge-parent-5.pom
[4673e2f8-6bd4-4a80-92fc-5204c1a7ee4c/build]   | [INFO] Downloaded from central: https://repo.maven.apache.org/maven2/org/sonatype/forge/forge-parent/5/forge-parent-5.pom (8.4 kB at 1.4 MB/s)
[4673e2f8-6bd4-4a80-92fc-5204c1a7ee4c/build]   | [INFO] Downloading from central: https://repo.maven.apache.org/maven2/org/codehaus/plexus/plexus-io/2.0.2/plexus-io-2.0.2.pom
[4673e2f8-6bd4-4a80-92fc-5204c1a7ee4c/build]   | [INFO] Downloaded from central: https://repo.maven.apache.org/maven2/org/codehaus/plexus/plexus-io/2.0.2/plexus-io-2.0.2.pom (1.7 kB at 41 kB/s)
[4673e2f8-6bd4-4a80-92fc-5204c1a7ee4c/build]   | [INFO] Downloading from central: https://repo.maven.apache.org/maven2/org/codehaus/plexus/plexus-components/1.1.19/plexus-components-1.1.19.pom
[4673e2f8-6bd4-4a80-92fc-5204c1a7ee4c/build]   | [INFO] Downloaded from central: https://repo.maven.apache.org/maven2/org/codehaus/plexus/plexus-components/1.1.19/plexus-components-1.1.19.pom (2.7 kB at 337 kB/s)
[4673e2f8-6bd4-4a80-92fc-5204c1a7ee4c/build]   | [INFO] Downloading from central: https://repo.maven.apache.org/maven2/org/codehaus/plexus/plexus/3.0.1/plexus-3.0.1.pom
[4673e2f8-6bd4-4a80-92fc-5204c1a7ee4c/build]   | [INFO] Downloaded from central: https://repo.maven.apache.org/maven2/org/codehaus/plexus/plexus/3.0.1/plexus-3.0.1.pom (19 kB at 2.3 MB/s)
[4673e2f8-6bd4-4a80-92fc-5204c1a7ee4c/build]   | [INFO] Downloading from central: https://repo.maven.apache.org/maven2/org/codehaus/plexus/plexus-interpolation/1.15/plexus-interpolation-1.15.pom
[4673e2f8-6bd4-4a80-92fc-5204c1a7ee4c/build]   | [INFO] Downloaded from central: https://repo.maven.apache.org/maven2/org/codehaus/plexus/plexus-interpolation/1.15/plexus-interpolation-1.15.pom (1.0 kB at 113 kB/s)
[4673e2f8-6bd4-4a80-92fc-5204c1a7ee4c/build]   | [INFO] Downloading from central: https://repo.maven.apache.org/maven2/commons-lang/commons-lang/2.1/commons-lang-2.1.pom
[4673e2f8-6bd4-4a80-92fc-5204c1a7ee4c/build]   | [INFO] Downloaded from central: https://repo.maven.apache.org/maven2/commons-lang/commons-lang/2.1/commons-lang-2.1.pom (9.9 kB at 1.7 MB/s)
[4673e2f8-6bd4-4a80-92fc-5204c1a7ee4c/build]   | [INFO] Downloading from central: https://repo.maven.apache.org/maven2/classworlds/classworlds/1.1-alpha-2/classworlds-1.1-alpha-2.jar
[4673e2f8-6bd4-4a80-92fc-5204c1a7ee4c/build]   | [INFO] Downloading from central: https://repo.maven.apache.org/maven2/org/apache/maven/maven-archiver/2.5/maven-archiver-2.5.jar
[4673e2f8-6bd4-4a80-92fc-5204c1a7ee4c/build]   | [INFO] Downloading from central: https://repo.maven.apache.org/maven2/org/codehaus/plexus/plexus-interpolation/1.15/plexus-interpolation-1.15.jar
[4673e2f8-6bd4-4a80-92fc-5204c1a7ee4c/build]   | [INFO] Downloading from central: https://repo.maven.apache.org/maven2/org/codehaus/plexus/plexus-archiver/2.1/plexus-archiver-2.1.jar
[4673e2f8-6bd4-4a80-92fc-5204c1a7ee4c/build]   | [INFO] Downloading from central: https://repo.maven.apache.org/maven2/org/codehaus/plexus/plexus-io/2.0.2/plexus-io-2.0.2.jar
[4673e2f8-6bd4-4a80-92fc-5204c1a7ee4c/build]   | [INFO] Downloaded from central: https://repo.maven.apache.org/maven2/org/apache/maven/maven-archiver/2.5/maven-archiver-2.5.jar (22 kB at 2.2 MB/s)
[4673e2f8-6bd4-4a80-92fc-5204c1a7ee4c/build]   | [INFO] Downloading from central: https://repo.maven.apache.org/maven2/commons-lang/commons-lang/2.1/commons-lang-2.1.jar
[4673e2f8-6bd4-4a80-92fc-5204c1a7ee4c/build]   | [INFO] Downloaded from central: https://repo.maven.apache.org/maven2/org/codehaus/plexus/plexus-interpolation/1.15/plexus-interpolation-1.15.jar (60 kB at 5.0 MB/s)
[4673e2f8-6bd4-4a80-92fc-5204c1a7ee4c/build]   | [INFO] Downloading from central: https://repo.maven.apache.org/maven2/org/codehaus/plexus/plexus-utils/3.0/plexus-utils-3.0.jar
[4673e2f8-6bd4-4a80-92fc-5204c1a7ee4c/build]   | [INFO] Downloaded from central: https://repo.maven.apache.org/maven2/classworlds/classworlds/1.1-alpha-2/classworlds-1.1-alpha-2.jar (38 kB at 3.1 MB/s)
[4673e2f8-6bd4-4a80-92fc-5204c1a7ee4c/build]   | [INFO] Downloaded from central: https://repo.maven.apache.org/maven2/org/codehaus/plexus/plexus-io/2.0.2/plexus-io-2.0.2.jar (58 kB at 5.3 MB/s)
[4673e2f8-6bd4-4a80-92fc-5204c1a7ee4c/build]   | [INFO] Downloaded from central: https://repo.maven.apache.org/maven2/org/codehaus/plexus/plexus-archiver/2.1/plexus-archiver-2.1.jar (184 kB at 12 MB/s)
[4673e2f8-6bd4-4a80-92fc-5204c1a7ee4c/build]   | [INFO] Downloaded from central: https://repo.maven.apache.org/maven2/commons-lang/commons-lang/2.1/commons-lang-2.1.jar (208 kB at 14 MB/s)
[4673e2f8-6bd4-4a80-92fc-5204c1a7ee4c/build]   | [INFO] Downloaded from central: https://repo.maven.apache.org/maven2/org/codehaus/plexus/plexus-utils/3.0/plexus-utils-3.0.jar (226 kB at 11 MB/s)
[4673e2f8-6bd4-4a80-92fc-5204c1a7ee4c/build]   | [INFO] Building jar: /tmp/fd2b8dfa-a77c-44bc-b2d7-d833d49a540f/target/whatsapp-business-java-api.jar
[4673e2f8-6bd4-4a80-92fc-5204c1a7ee4c/build]   | [INFO] ------------------------------------------------------------------------
[4673e2f8-6bd4-4a80-92fc-5204c1a7ee4c/build]   | [INFO] BUILD SUCCESS
[4673e2f8-6bd4-4a80-92fc-5204c1a7ee4c/build]   | [INFO] ------------------------------------------------------------------------
[4673e2f8-6bd4-4a80-92fc-5204c1a7ee4c/build]   | [INFO] Total time:  12.605 s
[4673e2f8-6bd4-4a80-92fc-5204c1a7ee4c/build]   | [INFO] Finished at: 2023-11-24T16:25:34Z
[4673e2f8-6bd4-4a80-92fc-5204c1a7ee4c/build]   | [INFO] ------------------------------------------------------------------------
[4673e2f8-6bd4-4a80-92fc-5204c1a7ee4c/build]   ‚úÖ  Success - Main Build with Maven
[4673e2f8-6bd4-4a80-92fc-5204c1a7ee4c/build] unable to get git ref: failed to identify reference (tag/branch) for the checked-out revision '362caf5eb33c0f23bbb29ba689112dee3750b30c'
[4673e2f8-6bd4-4a80-92fc-5204c1a7ee4c/build] unable to get git ref: failed to identify reference (tag/branch) for the checked-out revision '362caf5eb33c0f23bbb29ba689112dee3750b30c'
[4673e2f8-6bd4-4a80-92fc-5204c1a7ee4c/build] unable to get git ref: failed to identify reference (tag/branch) for the checked-out revision '362caf5eb33c0f23bbb29ba689112dee3750b30c'
[4673e2f8-6bd4-4a80-92fc-5204c1a7ee4c/build] unable to get git ref: failed to identify reference (tag/branch) for the checked-out revision '362caf5eb33c0f23bbb29ba689112dee3750b30c'
[4673e2f8-6bd4-4a80-92fc-5204c1a7ee4c/build] unable to get git ref: failed to identify reference (tag/branch) for the checked-out revision '362caf5eb33c0f23bbb29ba689112dee3750b30c'
[4673e2f8-6bd4-4a80-92fc-5204c1a7ee4c/build] ‚≠ê Run Post Set up JDK 17
[4673e2f8-6bd4-4a80-92fc-5204c1a7ee4c/build]   üê≥  docker exec cmd=[node /var/run/act/actions/actions-setup-java@v3/dist/cleanup/index.js] user= workdir=
[4673e2f8-6bd4-4a80-92fc-5204c1a7ee4c/build]   ‚úÖ  Success - Post Set up JDK 17
[4673e2f8-6bd4-4a80-92fc-5204c1a7ee4c/build] üèÅ  Job succeeded
[4673e2f8-6bd4-4a80-92fc-5204c1a7ee4c/build] unable to get git ref: failed to identify reference (tag/branch) for the checked-out revision '362caf5eb33c0f23bbb29ba689112dee3750b30c'
