[579ae56b-7e72-400c-b378-c5eab9c81ee4/build] üöÄ  Start image=gitbugactions:latest
[579ae56b-7e72-400c-b378-c5eab9c81ee4/build]   üê≥  docker pull image=gitbugactions:latest platform= username= forcePull=false
[579ae56b-7e72-400c-b378-c5eab9c81ee4/build]   üê≥  docker create image=gitbugactions:latest platform= entrypoint=["tail" "-f" "/dev/null"] cmd=[]
[579ae56b-7e72-400c-b378-c5eab9c81ee4/build]   üê≥  docker run image=gitbugactions:latest platform= entrypoint=["tail" "-f" "/dev/null"] cmd=[]
[579ae56b-7e72-400c-b378-c5eab9c81ee4/build]   üê≥  docker exec cmd=[chown -R 1012:1013 /tmp/30b63549-b4c7-41d3-9ede-8266e13efa15] user=0 workdir=
[579ae56b-7e72-400c-b378-c5eab9c81ee4/build] unable to get git ref: failed to identify reference (tag/branch) for the checked-out revision '6c7083b72172f32646843958eedf19cad38eb4b1'
[579ae56b-7e72-400c-b378-c5eab9c81ee4/build] unable to get git ref: failed to identify reference (tag/branch) for the checked-out revision '6c7083b72172f32646843958eedf19cad38eb4b1'
[579ae56b-7e72-400c-b378-c5eab9c81ee4/build] unable to get git ref: failed to identify reference (tag/branch) for the checked-out revision '6c7083b72172f32646843958eedf19cad38eb4b1'
[579ae56b-7e72-400c-b378-c5eab9c81ee4/build] unable to get git ref: failed to identify reference (tag/branch) for the checked-out revision '6c7083b72172f32646843958eedf19cad38eb4b1'
[579ae56b-7e72-400c-b378-c5eab9c81ee4/build] unable to get git ref: failed to identify reference (tag/branch) for the checked-out revision '6c7083b72172f32646843958eedf19cad38eb4b1'
[579ae56b-7e72-400c-b378-c5eab9c81ee4/build] unable to get git ref: failed to identify reference (tag/branch) for the checked-out revision '6c7083b72172f32646843958eedf19cad38eb4b1'
[579ae56b-7e72-400c-b378-c5eab9c81ee4/build] unable to get git ref: failed to identify reference (tag/branch) for the checked-out revision '6c7083b72172f32646843958eedf19cad38eb4b1'
[579ae56b-7e72-400c-b378-c5eab9c81ee4/build] unable to get git ref: failed to identify reference (tag/branch) for the checked-out revision '6c7083b72172f32646843958eedf19cad38eb4b1'
[579ae56b-7e72-400c-b378-c5eab9c81ee4/build] unable to get git ref: failed to identify reference (tag/branch) for the checked-out revision '6c7083b72172f32646843958eedf19cad38eb4b1'
[579ae56b-7e72-400c-b378-c5eab9c81ee4/build] ‚≠ê Run Main actions/checkout@v2
[579ae56b-7e72-400c-b378-c5eab9c81ee4/build] unable to get git ref: failed to identify reference (tag/branch) for the checked-out revision '6c7083b72172f32646843958eedf19cad38eb4b1'
[579ae56b-7e72-400c-b378-c5eab9c81ee4/build] unable to get git ref: failed to identify reference (tag/branch) for the checked-out revision '6c7083b72172f32646843958eedf19cad38eb4b1'
[579ae56b-7e72-400c-b378-c5eab9c81ee4/build]   üê≥  docker cp src=/tmp/30b63549-b4c7-41d3-9ede-8266e13efa15/. dst=/tmp/30b63549-b4c7-41d3-9ede-8266e13efa15
[579ae56b-7e72-400c-b378-c5eab9c81ee4/build]   üê≥  docker exec cmd=[chown -R 1012:1013 /tmp/30b63549-b4c7-41d3-9ede-8266e13efa15] user=0 workdir=
[579ae56b-7e72-400c-b378-c5eab9c81ee4/build]   ‚úÖ  Success - Main actions/checkout@v2
[579ae56b-7e72-400c-b378-c5eab9c81ee4/build] unable to get git ref: failed to identify reference (tag/branch) for the checked-out revision '6c7083b72172f32646843958eedf19cad38eb4b1'
[579ae56b-7e72-400c-b378-c5eab9c81ee4/build] unable to get git ref: failed to identify reference (tag/branch) for the checked-out revision '6c7083b72172f32646843958eedf19cad38eb4b1'
[579ae56b-7e72-400c-b378-c5eab9c81ee4/build] unable to get git ref: failed to identify reference (tag/branch) for the checked-out revision '6c7083b72172f32646843958eedf19cad38eb4b1'
[579ae56b-7e72-400c-b378-c5eab9c81ee4/build] unable to get git ref: failed to identify reference (tag/branch) for the checked-out revision '6c7083b72172f32646843958eedf19cad38eb4b1'
[579ae56b-7e72-400c-b378-c5eab9c81ee4/build] unable to get git ref: failed to identify reference (tag/branch) for the checked-out revision '6c7083b72172f32646843958eedf19cad38eb4b1'
[579ae56b-7e72-400c-b378-c5eab9c81ee4/build] ‚≠ê Run Main Set up JDK 11
[579ae56b-7e72-400c-b378-c5eab9c81ee4/build] unable to get git ref: failed to identify reference (tag/branch) for the checked-out revision '6c7083b72172f32646843958eedf19cad38eb4b1'
[579ae56b-7e72-400c-b378-c5eab9c81ee4/build] unable to get git ref: failed to identify reference (tag/branch) for the checked-out revision '6c7083b72172f32646843958eedf19cad38eb4b1'
[579ae56b-7e72-400c-b378-c5eab9c81ee4/build] unable to get git ref: failed to identify reference (tag/branch) for the checked-out revision '6c7083b72172f32646843958eedf19cad38eb4b1'
[579ae56b-7e72-400c-b378-c5eab9c81ee4/build]   üê≥  docker cp src=/tmp/act-cache/2c720674-79af-48bf-9c43-1dfcc903cc88/act/actions-setup-java@v2/ dst=/var/run/act/actions/actions-setup-java@v2/
[579ae56b-7e72-400c-b378-c5eab9c81ee4/build]   üê≥  docker exec cmd=[chown -R 1012:1013 /var/run/act/actions/actions-setup-java@v2/] user=0 workdir=
[579ae56b-7e72-400c-b378-c5eab9c81ee4/build]   üê≥  docker exec cmd=[node /var/run/act/actions/actions-setup-java@v2/dist/setup/index.js] user= workdir=
[579ae56b-7e72-400c-b378-c5eab9c81ee4/build]   üí¨  ::debug::isExplicit: 11.0.20-1
[579ae56b-7e72-400c-b378-c5eab9c81ee4/build]   üí¨  ::debug::explicit? true
[579ae56b-7e72-400c-b378-c5eab9c81ee4/build]   üí¨  ::debug::isExplicit: 17.0.8-1
[579ae56b-7e72-400c-b378-c5eab9c81ee4/build]   üí¨  ::debug::explicit? true
[579ae56b-7e72-400c-b378-c5eab9c81ee4/build]   üí¨  ::debug::isExplicit: 21.0.0-35
[579ae56b-7e72-400c-b378-c5eab9c81ee4/build]   üí¨  ::debug::explicit? true
[579ae56b-7e72-400c-b378-c5eab9c81ee4/build]   üí¨  ::debug::isExplicit: 8.0.382-5
[579ae56b-7e72-400c-b378-c5eab9c81ee4/build]   üí¨  ::debug::explicit? true
[579ae56b-7e72-400c-b378-c5eab9c81ee4/build]   | Resolved Java 11.0.20+1 from tool-cache
[579ae56b-7e72-400c-b378-c5eab9c81ee4/build]   | Setting Java 11.0.20+1 as the default
[579ae56b-7e72-400c-b378-c5eab9c81ee4/build]   | 
[579ae56b-7e72-400c-b378-c5eab9c81ee4/build]   | Java configuration:
[579ae56b-7e72-400c-b378-c5eab9c81ee4/build]   |   Distribution: temurin
[579ae56b-7e72-400c-b378-c5eab9c81ee4/build]   |   Version: 11.0.20+1
[579ae56b-7e72-400c-b378-c5eab9c81ee4/build]   |   Path: /opt/hostedtoolcache/Java_Temurin-Hotspot_jdk/11.0.20-1/x64
[579ae56b-7e72-400c-b378-c5eab9c81ee4/build]   | 
[579ae56b-7e72-400c-b378-c5eab9c81ee4/build]   ‚ùì add-matcher /run/act/actions/actions-setup-java@v2/.github/java.json
[579ae56b-7e72-400c-b378-c5eab9c81ee4/build]   | Creating settings.xml with server-id: github
[579ae56b-7e72-400c-b378-c5eab9c81ee4/build]   | Writing to /home/runner/.m2/settings.xml
[579ae56b-7e72-400c-b378-c5eab9c81ee4/build]   ‚úÖ  Success - Main Set up JDK 11
[579ae56b-7e72-400c-b378-c5eab9c81ee4/build]   ‚öô  ::set-env:: JAVA_HOME=/opt/hostedtoolcache/Java_Temurin-Hotspot_jdk/11.0.20-1/x64
[579ae56b-7e72-400c-b378-c5eab9c81ee4/build]   ‚öô  ::set-output:: path=/opt/hostedtoolcache/Java_Temurin-Hotspot_jdk/11.0.20-1/x64
[579ae56b-7e72-400c-b378-c5eab9c81ee4/build]   ‚öô  ::set-output:: version=11.0.20+1
[579ae56b-7e72-400c-b378-c5eab9c81ee4/build]   ‚öô  ::set-output:: distribution=Temurin-Hotspot
[579ae56b-7e72-400c-b378-c5eab9c81ee4/build]   ‚öô  ::add-path:: /opt/hostedtoolcache/Java_Temurin-Hotspot_jdk/11.0.20-1/x64/bin
[579ae56b-7e72-400c-b378-c5eab9c81ee4/build] unable to get git ref: failed to identify reference (tag/branch) for the checked-out revision '6c7083b72172f32646843958eedf19cad38eb4b1'
[579ae56b-7e72-400c-b378-c5eab9c81ee4/build] unable to get git ref: failed to identify reference (tag/branch) for the checked-out revision '6c7083b72172f32646843958eedf19cad38eb4b1'
[579ae56b-7e72-400c-b378-c5eab9c81ee4/build] unable to get git ref: failed to identify reference (tag/branch) for the checked-out revision '6c7083b72172f32646843958eedf19cad38eb4b1'
[579ae56b-7e72-400c-b378-c5eab9c81ee4/build] unable to get git ref: failed to identify reference (tag/branch) for the checked-out revision '6c7083b72172f32646843958eedf19cad38eb4b1'
[579ae56b-7e72-400c-b378-c5eab9c81ee4/build] unable to get git ref: failed to identify reference (tag/branch) for the checked-out revision '6c7083b72172f32646843958eedf19cad38eb4b1'
[579ae56b-7e72-400c-b378-c5eab9c81ee4/build] ‚≠ê Run Main Build with Maven
[579ae56b-7e72-400c-b378-c5eab9c81ee4/build] unable to get git ref: failed to identify reference (tag/branch) for the checked-out revision '6c7083b72172f32646843958eedf19cad38eb4b1'
[579ae56b-7e72-400c-b378-c5eab9c81ee4/build] unable to get git ref: failed to identify reference (tag/branch) for the checked-out revision '6c7083b72172f32646843958eedf19cad38eb4b1'
[579ae56b-7e72-400c-b378-c5eab9c81ee4/build] unable to get git ref: failed to identify reference (tag/branch) for the checked-out revision '6c7083b72172f32646843958eedf19cad38eb4b1'
[579ae56b-7e72-400c-b378-c5eab9c81ee4/build] unable to get git ref: failed to identify reference (tag/branch) for the checked-out revision '6c7083b72172f32646843958eedf19cad38eb4b1'
[579ae56b-7e72-400c-b378-c5eab9c81ee4/build]   üê≥  docker exec cmd=[bash --noprofile --norc -e -o pipefail /var/run/act/workflow/2] user= workdir=
[579ae56b-7e72-400c-b378-c5eab9c81ee4/build]   | [INFO] Scanning for projects...
[579ae56b-7e72-400c-b378-c5eab9c81ee4/build]   | [INFO] 
[579ae56b-7e72-400c-b378-c5eab9c81ee4/build]   | [INFO] -----------------------< org.netpreserve:jwarc >------------------------
[579ae56b-7e72-400c-b378-c5eab9c81ee4/build]   | [INFO] Building jwarc 0.28.1
[579ae56b-7e72-400c-b378-c5eab9c81ee4/build]   | [INFO]   from pom.xml
[579ae56b-7e72-400c-b378-c5eab9c81ee4/build]   | [INFO] --------------------------------[ jar ]---------------------------------
[579ae56b-7e72-400c-b378-c5eab9c81ee4/build]   | [INFO] Downloading from central: https://repo.maven.apache.org/maven2/org/apache/maven/plugins/maven-resources-plugin/2.6/maven-resources-plugin-2.6.pom
[579ae56b-7e72-400c-b378-c5eab9c81ee4/build]   | [INFO] Downloaded from central: https://repo.maven.apache.org/maven2/org/apache/maven/plugins/maven-resources-plugin/2.6/maven-resources-plugin-2.6.pom (8.1 kB at 24 kB/s)
[579ae56b-7e72-400c-b378-c5eab9c81ee4/build]   | [INFO] Downloading from central: https://repo.maven.apache.org/maven2/org/apache/maven/plugins/maven-plugins/23/maven-plugins-23.pom
[579ae56b-7e72-400c-b378-c5eab9c81ee4/build]   | [INFO] Downloaded from central: https://repo.maven.apache.org/maven2/org/apache/maven/plugins/maven-plugins/23/maven-plugins-23.pom (9.2 kB at 184 kB/s)
[579ae56b-7e72-400c-b378-c5eab9c81ee4/build]   | [INFO] Downloading from central: https://repo.maven.apache.org/maven2/org/apache/maven/maven-parent/22/maven-parent-22.pom
[579ae56b-7e72-400c-b378-c5eab9c81ee4/build]   | [INFO] Downloaded from central: https://repo.maven.apache.org/maven2/org/apache/maven/maven-parent/22/maven-parent-22.pom (30 kB at 551 kB/s)
[579ae56b-7e72-400c-b378-c5eab9c81ee4/build]   | [INFO] Downloading from central: https://repo.maven.apache.org/maven2/org/apache/apache/11/apache-11.pom
[579ae56b-7e72-400c-b378-c5eab9c81ee4/build]   | [INFO] Downloaded from central: https://repo.maven.apache.org/maven2/org/apache/apache/11/apache-11.pom (15 kB at 195 kB/s)
[579ae56b-7e72-400c-b378-c5eab9c81ee4/build]   | [INFO] Downloading from central: https://repo.maven.apache.org/maven2/org/apache/maven/plugins/maven-resources-plugin/2.6/maven-resources-plugin-2.6.jar
[579ae56b-7e72-400c-b378-c5eab9c81ee4/build]   | [INFO] Downloaded from central: https://repo.maven.apache.org/maven2/org/apache/maven/plugins/maven-resources-plugin/2.6/maven-resources-plugin-2.6.jar (30 kB at 162 kB/s)
[579ae56b-7e72-400c-b378-c5eab9c81ee4/build]   | [INFO] Downloading from central: https://repo.maven.apache.org/maven2/org/apache/maven/plugins/maven-compiler-plugin/3.11.0/maven-compiler-plugin-3.11.0.pom
[579ae56b-7e72-400c-b378-c5eab9c81ee4/build]   | [INFO] Downloaded from central: https://repo.maven.apache.org/maven2/org/apache/maven/plugins/maven-compiler-plugin/3.11.0/maven-compiler-plugin-3.11.0.pom (9.8 kB at 112 kB/s)
[579ae56b-7e72-400c-b378-c5eab9c81ee4/build]   | [INFO] Downloading from central: https://repo.maven.apache.org/maven2/org/apache/maven/plugins/maven-plugins/39/maven-plugins-39.pom
[579ae56b-7e72-400c-b378-c5eab9c81ee4/build]   | [INFO] Downloaded from central: https://repo.maven.apache.org/maven2/org/apache/maven/plugins/maven-plugins/39/maven-plugins-39.pom (8.1 kB at 59 kB/s)
[579ae56b-7e72-400c-b378-c5eab9c81ee4/build]   | [INFO] Downloading from central: https://repo.maven.apache.org/maven2/org/apache/maven/maven-parent/39/maven-parent-39.pom
[579ae56b-7e72-400c-b378-c5eab9c81ee4/build]   | [INFO] Downloaded from central: https://repo.maven.apache.org/maven2/org/apache/maven/maven-parent/39/maven-parent-39.pom (48 kB at 453 kB/s)
[579ae56b-7e72-400c-b378-c5eab9c81ee4/build]   | [INFO] Downloading from central: https://repo.maven.apache.org/maven2/org/apache/apache/29/apache-29.pom
[579ae56b-7e72-400c-b378-c5eab9c81ee4/build]   | [INFO] Downloaded from central: https://repo.maven.apache.org/maven2/org/apache/apache/29/apache-29.pom (21 kB at 357 kB/s)
[579ae56b-7e72-400c-b378-c5eab9c81ee4/build]   | [INFO] Downloading from central: https://repo.maven.apache.org/maven2/org/apache/maven/plugins/maven-compiler-plugin/3.11.0/maven-compiler-plugin-3.11.0.jar
[579ae56b-7e72-400c-b378-c5eab9c81ee4/build]   | [INFO] Downloaded from central: https://repo.maven.apache.org/maven2/org/apache/maven/plugins/maven-compiler-plugin/3.11.0/maven-compiler-plugin-3.11.0.jar (66 kB at 981 kB/s)
[579ae56b-7e72-400c-b378-c5eab9c81ee4/build]   | [INFO] Downloading from central: https://repo.maven.apache.org/maven2/org/apache/maven/plugins/maven-surefire-plugin/2.12.4/maven-surefire-plugin-2.12.4.pom
[579ae56b-7e72-400c-b378-c5eab9c81ee4/build]   | [INFO] Downloaded from central: https://repo.maven.apache.org/maven2/org/apache/maven/plugins/maven-surefire-plugin/2.12.4/maven-surefire-plugin-2.12.4.pom (10 kB at 214 kB/s)
[579ae56b-7e72-400c-b378-c5eab9c81ee4/build]   | [INFO] Downloading from central: https://repo.maven.apache.org/maven2/org/apache/maven/surefire/surefire/2.12.4/surefire-2.12.4.pom
[579ae56b-7e72-400c-b378-c5eab9c81ee4/build]   | [INFO] Downloaded from central: https://repo.maven.apache.org/maven2/org/apache/maven/surefire/surefire/2.12.4/surefire-2.12.4.pom (14 kB at 212 kB/s)
[579ae56b-7e72-400c-b378-c5eab9c81ee4/build]   | [INFO] Downloading from central: https://repo.maven.apache.org/maven2/org/apache/maven/plugins/maven-surefire-plugin/2.12.4/maven-surefire-plugin-2.12.4.jar
[579ae56b-7e72-400c-b378-c5eab9c81ee4/build]   | [INFO] Downloaded from central: https://repo.maven.apache.org/maven2/org/apache/maven/plugins/maven-surefire-plugin/2.12.4/maven-surefire-plugin-2.12.4.jar (30 kB at 534 kB/s)
[579ae56b-7e72-400c-b378-c5eab9c81ee4/build]   | [INFO] Downloading from central: https://repo.maven.apache.org/maven2/org/apache/maven/plugins/maven-jar-plugin/3.2.2/maven-jar-plugin-3.2.2.pom
[579ae56b-7e72-400c-b378-c5eab9c81ee4/build]   | [INFO] Downloaded from central: https://repo.maven.apache.org/maven2/org/apache/maven/plugins/maven-jar-plugin/3.2.2/maven-jar-plugin-3.2.2.pom (7.5 kB at 325 kB/s)
[579ae56b-7e72-400c-b378-c5eab9c81ee4/build]   | [INFO] Downloading from central: https://repo.maven.apache.org/maven2/org/apache/maven/plugins/maven-plugins/34/maven-plugins-34.pom
[579ae56b-7e72-400c-b378-c5eab9c81ee4/build]   | [INFO] Downloaded from central: https://repo.maven.apache.org/maven2/org/apache/maven/plugins/maven-plugins/34/maven-plugins-34.pom (11 kB at 356 kB/s)
[579ae56b-7e72-400c-b378-c5eab9c81ee4/build]   | [INFO] Downloading from central: https://repo.maven.apache.org/maven2/org/apache/maven/maven-parent/34/maven-parent-34.pom
[579ae56b-7e72-400c-b378-c5eab9c81ee4/build]   | [INFO] Downloaded from central: https://repo.maven.apache.org/maven2/org/apache/maven/maven-parent/34/maven-parent-34.pom (43 kB at 911 kB/s)
[579ae56b-7e72-400c-b378-c5eab9c81ee4/build]   | [INFO] Downloading from central: https://repo.maven.apache.org/maven2/org/apache/apache/23/apache-23.pom
[579ae56b-7e72-400c-b378-c5eab9c81ee4/build]   | [INFO] Downloaded from central: https://repo.maven.apache.org/maven2/org/apache/apache/23/apache-23.pom (18 kB at 400 kB/s)
[579ae56b-7e72-400c-b378-c5eab9c81ee4/build]   | [INFO] Downloading from central: https://repo.maven.apache.org/maven2/org/apache/maven/plugins/maven-jar-plugin/3.2.2/maven-jar-plugin-3.2.2.jar
[579ae56b-7e72-400c-b378-c5eab9c81ee4/build]   | [INFO] Downloaded from central: https://repo.maven.apache.org/maven2/org/apache/maven/plugins/maven-jar-plugin/3.2.2/maven-jar-plugin-3.2.2.jar (29 kB at 612 kB/s)
[579ae56b-7e72-400c-b378-c5eab9c81ee4/build]   | [INFO] Downloading from central: https://repo.maven.apache.org/maven2/junit/junit/4.13.2/junit-4.13.2.pom
[579ae56b-7e72-400c-b378-c5eab9c81ee4/build]   | [INFO] Downloaded from central: https://repo.maven.apache.org/maven2/junit/junit/4.13.2/junit-4.13.2.pom (27 kB at 540 kB/s)
[579ae56b-7e72-400c-b378-c5eab9c81ee4/build]   | [INFO] Downloading from central: https://repo.maven.apache.org/maven2/org/hamcrest/hamcrest-core/1.3/hamcrest-core-1.3.pom
[579ae56b-7e72-400c-b378-c5eab9c81ee4/build]   | [INFO] Downloaded from central: https://repo.maven.apache.org/maven2/org/hamcrest/hamcrest-core/1.3/hamcrest-core-1.3.pom (766 B at 14 kB/s)
[579ae56b-7e72-400c-b378-c5eab9c81ee4/build]   | [INFO] Downloading from central: https://repo.maven.apache.org/maven2/org/hamcrest/hamcrest-parent/1.3/hamcrest-parent-1.3.pom
[579ae56b-7e72-400c-b378-c5eab9c81ee4/build]   | [INFO] Downloaded from central: https://repo.maven.apache.org/maven2/org/hamcrest/hamcrest-parent/1.3/hamcrest-parent-1.3.pom (2.0 kB at 45 kB/s)
[579ae56b-7e72-400c-b378-c5eab9c81ee4/build]   | [INFO] Downloading from central: https://repo.maven.apache.org/maven2/junit/junit/4.13.2/junit-4.13.2.jar
[579ae56b-7e72-400c-b378-c5eab9c81ee4/build]   | [INFO] Downloading from central: https://repo.maven.apache.org/maven2/org/hamcrest/hamcrest-core/1.3/hamcrest-core-1.3.jar
[579ae56b-7e72-400c-b378-c5eab9c81ee4/build]   | [INFO] Downloaded from central: https://repo.maven.apache.org/maven2/org/hamcrest/hamcrest-core/1.3/hamcrest-core-1.3.jar (45 kB at 763 kB/s)
[579ae56b-7e72-400c-b378-c5eab9c81ee4/build]   | [INFO] Downloaded from central: https://repo.maven.apache.org/maven2/junit/junit/4.13.2/junit-4.13.2.jar (385 kB at 2.6 MB/s)
[579ae56b-7e72-400c-b378-c5eab9c81ee4/build]   | [INFO] 
[579ae56b-7e72-400c-b378-c5eab9c81ee4/build]   | [INFO] --- maven-resources-plugin:2.6:resources (default-resources) @ jwarc ---
[579ae56b-7e72-400c-b378-c5eab9c81ee4/build]   | [INFO] Downloading from central: https://repo.maven.apache.org/maven2/org/apache/maven/maven-plugin-api/2.0.6/maven-plugin-api-2.0.6.pom
[579ae56b-7e72-400c-b378-c5eab9c81ee4/build]   | [INFO] Downloaded from central: https://repo.maven.apache.org/maven2/org/apache/maven/maven-plugin-api/2.0.6/maven-plugin-api-2.0.6.pom (1.5 kB at 31 kB/s)
[579ae56b-7e72-400c-b378-c5eab9c81ee4/build]   | [INFO] Downloading from central: https://repo.maven.apache.org/maven2/org/apache/maven/maven/2.0.6/maven-2.0.6.pom
[579ae56b-7e72-400c-b378-c5eab9c81ee4/build]   | [INFO] Downloaded from central: https://repo.maven.apache.org/maven2/org/apache/maven/maven/2.0.6/maven-2.0.6.pom (9.0 kB at 164 kB/s)
[579ae56b-7e72-400c-b378-c5eab9c81ee4/build]   | [INFO] Downloading from central: https://repo.maven.apache.org/maven2/org/apache/maven/maven-parent/5/maven-parent-5.pom
[579ae56b-7e72-400c-b378-c5eab9c81ee4/build]   | [INFO] Downloaded from central: https://repo.maven.apache.org/maven2/org/apache/maven/maven-parent/5/maven-parent-5.pom (15 kB at 317 kB/s)
[579ae56b-7e72-400c-b378-c5eab9c81ee4/build]   | [INFO] Downloading from central: https://repo.maven.apache.org/maven2/org/apache/apache/3/apache-3.pom
[579ae56b-7e72-400c-b378-c5eab9c81ee4/build]   | [INFO] Downloaded from central: https://repo.maven.apache.org/maven2/org/apache/apache/3/apache-3.pom (3.4 kB at 70 kB/s)
[579ae56b-7e72-400c-b378-c5eab9c81ee4/build]   | [INFO] Downloading from central: https://repo.maven.apache.org/maven2/org/apache/maven/maven-project/2.0.6/maven-project-2.0.6.pom
[579ae56b-7e72-400c-b378-c5eab9c81ee4/build]   | [INFO] Downloaded from central: https://repo.maven.apache.org/maven2/org/apache/maven/maven-project/2.0.6/maven-project-2.0.6.pom (2.6 kB at 55 kB/s)
[579ae56b-7e72-400c-b378-c5eab9c81ee4/build]   | [INFO] Downloading from central: https://repo.maven.apache.org/maven2/org/apache/maven/maven-settings/2.0.6/maven-settings-2.0.6.pom
[579ae56b-7e72-400c-b378-c5eab9c81ee4/build]   | [INFO] Downloaded from central: https://repo.maven.apache.org/maven2/org/apache/maven/maven-settings/2.0.6/maven-settings-2.0.6.pom (2.0 kB at 45 kB/s)
[579ae56b-7e72-400c-b378-c5eab9c81ee4/build]   | [INFO] Downloading from central: https://repo.maven.apache.org/maven2/org/apache/maven/maven-model/2.0.6/maven-model-2.0.6.pom
[579ae56b-7e72-400c-b378-c5eab9c81ee4/build]   | [INFO] Downloaded from central: https://repo.maven.apache.org/maven2/org/apache/maven/maven-model/2.0.6/maven-model-2.0.6.pom (3.0 kB at 47 kB/s)
[579ae56b-7e72-400c-b378-c5eab9c81ee4/build]   | [INFO] Downloading from central: https://repo.maven.apache.org/maven2/org/codehaus/plexus/plexus-utils/1.4.1/plexus-utils-1.4.1.pom
[579ae56b-7e72-400c-b378-c5eab9c81ee4/build]   | [INFO] Downloaded from central: https://repo.maven.apache.org/maven2/org/codehaus/plexus/plexus-utils/1.4.1/plexus-utils-1.4.1.pom (1.9 kB at 43 kB/s)
[579ae56b-7e72-400c-b378-c5eab9c81ee4/build]   | [INFO] Downloading from central: https://repo.maven.apache.org/maven2/org/codehaus/plexus/plexus/1.0.11/plexus-1.0.11.pom
[579ae56b-7e72-400c-b378-c5eab9c81ee4/build]   | [INFO] Downloaded from central: https://repo.maven.apache.org/maven2/org/codehaus/plexus/plexus/1.0.11/plexus-1.0.11.pom (9.0 kB at 199 kB/s)
[579ae56b-7e72-400c-b378-c5eab9c81ee4/build]   | [INFO] Downloading from central: https://repo.maven.apache.org/maven2/org/codehaus/plexus/plexus-container-default/1.0-alpha-9-stable-1/plexus-container-default-1.0-alpha-9-stable-1.pom
[579ae56b-7e72-400c-b378-c5eab9c81ee4/build]   | [INFO] Downloaded from central: https://repo.maven.apache.org/maven2/org/codehaus/plexus/plexus-container-default/1.0-alpha-9-stable-1/plexus-container-default-1.0-alpha-9-stable-1.pom (3.9 kB at 107 kB/s)
[579ae56b-7e72-400c-b378-c5eab9c81ee4/build]   | [INFO] Downloading from central: https://repo.maven.apache.org/maven2/org/codehaus/plexus/plexus-containers/1.0.3/plexus-containers-1.0.3.pom
[579ae56b-7e72-400c-b378-c5eab9c81ee4/build]   | [INFO] Downloaded from central: https://repo.maven.apache.org/maven2/org/codehaus/plexus/plexus-containers/1.0.3/plexus-containers-1.0.3.pom (492 B at 9.8 kB/s)
[579ae56b-7e72-400c-b378-c5eab9c81ee4/build]   | [INFO] Downloading from central: https://repo.maven.apache.org/maven2/org/codehaus/plexus/plexus/1.0.4/plexus-1.0.4.pom
[579ae56b-7e72-400c-b378-c5eab9c81ee4/build]   | [INFO] Downloaded from central: https://repo.maven.apache.org/maven2/org/codehaus/plexus/plexus/1.0.4/plexus-1.0.4.pom (5.7 kB at 87 kB/s)
[579ae56b-7e72-400c-b378-c5eab9c81ee4/build]   | [INFO] Downloading from central: https://repo.maven.apache.org/maven2/junit/junit/3.8.1/junit-3.8.1.pom
[579ae56b-7e72-400c-b378-c5eab9c81ee4/build]   | [INFO] Downloaded from central: https://repo.maven.apache.org/maven2/junit/junit/3.8.1/junit-3.8.1.pom (998 B at 16 kB/s)
[579ae56b-7e72-400c-b378-c5eab9c81ee4/build]   | [INFO] Downloading from central: https://repo.maven.apache.org/maven2/org/codehaus/plexus/plexus-utils/1.0.4/plexus-utils-1.0.4.pom
[579ae56b-7e72-400c-b378-c5eab9c81ee4/build]   | [INFO] Downloaded from central: https://repo.maven.apache.org/maven2/org/codehaus/plexus/plexus-utils/1.0.4/plexus-utils-1.0.4.pom (6.9 kB at 167 kB/s)
[579ae56b-7e72-400c-b378-c5eab9c81ee4/build]   | [INFO] Downloading from central: https://repo.maven.apache.org/maven2/classworlds/classworlds/1.1-alpha-2/classworlds-1.1-alpha-2.pom
[579ae56b-7e72-400c-b378-c5eab9c81ee4/build]   | [INFO] Downloaded from central: https://repo.maven.apache.org/maven2/classworlds/classworlds/1.1-alpha-2/classworlds-1.1-alpha-2.pom (3.1 kB at 70 kB/s)
[579ae56b-7e72-400c-b378-c5eab9c81ee4/build]   | [INFO] Downloading from central: https://repo.maven.apache.org/maven2/org/apache/maven/maven-profile/2.0.6/maven-profile-2.0.6.pom
[579ae56b-7e72-400c-b378-c5eab9c81ee4/build]   | [INFO] Downloaded from central: https://repo.maven.apache.org/maven2/org/apache/maven/maven-profile/2.0.6/maven-profile-2.0.6.pom (2.0 kB at 50 kB/s)
[579ae56b-7e72-400c-b378-c5eab9c81ee4/build]   | [INFO] Downloading from central: https://repo.maven.apache.org/maven2/org/apache/maven/maven-artifact-manager/2.0.6/maven-artifact-manager-2.0.6.pom
[579ae56b-7e72-400c-b378-c5eab9c81ee4/build]   | [INFO] Downloaded from central: https://repo.maven.apache.org/maven2/org/apache/maven/maven-artifact-manager/2.0.6/maven-artifact-manager-2.0.6.pom (2.6 kB at 62 kB/s)
[579ae56b-7e72-400c-b378-c5eab9c81ee4/build]   | [INFO] Downloading from central: https://repo.maven.apache.org/maven2/org/apache/maven/maven-repository-metadata/2.0.6/maven-repository-metadata-2.0.6.pom
[579ae56b-7e72-400c-b378-c5eab9c81ee4/build]   | [INFO] Downloaded from central: https://repo.maven.apache.org/maven2/org/apache/maven/maven-repository-metadata/2.0.6/maven-repository-metadata-2.0.6.pom (1.9 kB at 39 kB/s)
[579ae56b-7e72-400c-b378-c5eab9c81ee4/build]   | [INFO] Downloading from central: https://repo.maven.apache.org/maven2/org/apache/maven/maven-artifact/2.0.6/maven-artifact-2.0.6.pom
[579ae56b-7e72-400c-b378-c5eab9c81ee4/build]   | [INFO] Downloaded from central: https://repo.maven.apache.org/maven2/org/apache/maven/maven-artifact/2.0.6/maven-artifact-2.0.6.pom (1.6 kB at 31 kB/s)
[579ae56b-7e72-400c-b378-c5eab9c81ee4/build]   | [INFO] Downloading from central: https://repo.maven.apache.org/maven2/org/apache/maven/maven-plugin-registry/2.0.6/maven-plugin-registry-2.0.6.pom
[579ae56b-7e72-400c-b378-c5eab9c81ee4/build]   | [INFO] Downloaded from central: https://repo.maven.apache.org/maven2/org/apache/maven/maven-plugin-registry/2.0.6/maven-plugin-registry-2.0.6.pom (1.9 kB at 46 kB/s)
[579ae56b-7e72-400c-b378-c5eab9c81ee4/build]   | [INFO] Downloading from central: https://repo.maven.apache.org/maven2/org/apache/maven/maven-core/2.0.6/maven-core-2.0.6.pom
[579ae56b-7e72-400c-b378-c5eab9c81ee4/build]   | [INFO] Downloaded from central: https://repo.maven.apache.org/maven2/org/apache/maven/maven-core/2.0.6/maven-core-2.0.6.pom (6.7 kB at 186 kB/s)
[579ae56b-7e72-400c-b378-c5eab9c81ee4/build]   | [INFO] Downloading from central: https://repo.maven.apache.org/maven2/org/apache/maven/maven-plugin-parameter-documenter/2.0.6/maven-plugin-parameter-documenter-2.0.6.pom
[579ae56b-7e72-400c-b378-c5eab9c81ee4/build]   | [INFO] Downloaded from central: https://repo.maven.apache.org/maven2/org/apache/maven/maven-plugin-parameter-documenter/2.0.6/maven-plugin-parameter-documenter-2.0.6.pom (1.9 kB at 50 kB/s)
[579ae56b-7e72-400c-b378-c5eab9c81ee4/build]   | [INFO] Downloading from central: https://repo.maven.apache.org/maven2/org/apache/maven/reporting/maven-reporting-api/2.0.6/maven-reporting-api-2.0.6.pom
[579ae56b-7e72-400c-b378-c5eab9c81ee4/build]   | [INFO] Downloaded from central: https://repo.maven.apache.org/maven2/org/apache/maven/reporting/maven-reporting-api/2.0.6/maven-reporting-api-2.0.6.pom (1.8 kB at 41 kB/s)
[579ae56b-7e72-400c-b378-c5eab9c81ee4/build]   | [INFO] Downloading from central: https://repo.maven.apache.org/maven2/org/apache/maven/reporting/maven-reporting/2.0.6/maven-reporting-2.0.6.pom
[579ae56b-7e72-400c-b378-c5eab9c81ee4/build]   | [INFO] Downloaded from central: https://repo.maven.apache.org/maven2/org/apache/maven/reporting/maven-reporting/2.0.6/maven-reporting-2.0.6.pom (1.4 kB at 33 kB/s)
[579ae56b-7e72-400c-b378-c5eab9c81ee4/build]   | [INFO] Downloading from central: https://repo.maven.apache.org/maven2/org/apache/maven/doxia/doxia-sink-api/1.0-alpha-7/doxia-sink-api-1.0-alpha-7.pom
[579ae56b-7e72-400c-b378-c5eab9c81ee4/build]   | [INFO] Downloaded from central: https://repo.maven.apache.org/maven2/org/apache/maven/doxia/doxia-sink-api/1.0-alpha-7/doxia-sink-api-1.0-alpha-7.pom (424 B at 9.0 kB/s)
[579ae56b-7e72-400c-b378-c5eab9c81ee4/build]   | [INFO] Downloading from central: https://repo.maven.apache.org/maven2/org/apache/maven/doxia/doxia/1.0-alpha-7/doxia-1.0-alpha-7.pom
[579ae56b-7e72-400c-b378-c5eab9c81ee4/build]   | [INFO] Downloaded from central: https://repo.maven.apache.org/maven2/org/apache/maven/doxia/doxia/1.0-alpha-7/doxia-1.0-alpha-7.pom (3.9 kB at 77 kB/s)
[579ae56b-7e72-400c-b378-c5eab9c81ee4/build]   | [INFO] Downloading from central: https://repo.maven.apache.org/maven2/org/apache/maven/maven-error-diagnostics/2.0.6/maven-error-diagnostics-2.0.6.pom
[579ae56b-7e72-400c-b378-c5eab9c81ee4/build]   | [INFO] Downloaded from central: https://repo.maven.apache.org/maven2/org/apache/maven/maven-error-diagnostics/2.0.6/maven-error-diagnostics-2.0.6.pom (1.7 kB at 40 kB/s)
[579ae56b-7e72-400c-b378-c5eab9c81ee4/build]   | [INFO] Downloading from central: https://repo.maven.apache.org/maven2/commons-cli/commons-cli/1.0/commons-cli-1.0.pom
[579ae56b-7e72-400c-b378-c5eab9c81ee4/build]   | [INFO] Downloaded from central: https://repo.maven.apache.org/maven2/commons-cli/commons-cli/1.0/commons-cli-1.0.pom (2.1 kB at 39 kB/s)
[579ae56b-7e72-400c-b378-c5eab9c81ee4/build]   | [INFO] Downloading from central: https://repo.maven.apache.org/maven2/org/apache/maven/maven-plugin-descriptor/2.0.6/maven-plugin-descriptor-2.0.6.pom
[579ae56b-7e72-400c-b378-c5eab9c81ee4/build]   | [INFO] Downloaded from central: https://repo.maven.apache.org/maven2/org/apache/maven/maven-plugin-descriptor/2.0.6/maven-plugin-descriptor-2.0.6.pom (2.0 kB at 47 kB/s)
[579ae56b-7e72-400c-b378-c5eab9c81ee4/build]   | [INFO] Downloading from central: https://repo.maven.apache.org/maven2/org/codehaus/plexus/plexus-interactivity-api/1.0-alpha-4/plexus-interactivity-api-1.0-alpha-4.pom
[579ae56b-7e72-400c-b378-c5eab9c81ee4/build]   | [INFO] Downloaded from central: https://repo.maven.apache.org/maven2/org/codehaus/plexus/plexus-interactivity-api/1.0-alpha-4/plexus-interactivity-api-1.0-alpha-4.pom (7.1 kB at 127 kB/s)
[579ae56b-7e72-400c-b378-c5eab9c81ee4/build]   | [INFO] Downloading from central: https://repo.maven.apache.org/maven2/org/apache/maven/maven-monitor/2.0.6/maven-monitor-2.0.6.pom
[579ae56b-7e72-400c-b378-c5eab9c81ee4/build]   | [INFO] Downloaded from central: https://repo.maven.apache.org/maven2/org/apache/maven/maven-monitor/2.0.6/maven-monitor-2.0.6.pom (1.3 kB at 24 kB/s)
[579ae56b-7e72-400c-b378-c5eab9c81ee4/build]   | [INFO] Downloading from central: https://repo.maven.apache.org/maven2/classworlds/classworlds/1.1/classworlds-1.1.pom
[579ae56b-7e72-400c-b378-c5eab9c81ee4/build]   | [INFO] Downloaded from central: https://repo.maven.apache.org/maven2/classworlds/classworlds/1.1/classworlds-1.1.pom (3.3 kB at 57 kB/s)
[579ae56b-7e72-400c-b378-c5eab9c81ee4/build]   | [INFO] Downloading from central: https://repo.maven.apache.org/maven2/org/codehaus/plexus/plexus-utils/2.0.5/plexus-utils-2.0.5.pom
[579ae56b-7e72-400c-b378-c5eab9c81ee4/build]   | [INFO] Downloaded from central: https://repo.maven.apache.org/maven2/org/codehaus/plexus/plexus-utils/2.0.5/plexus-utils-2.0.5.pom (3.3 kB at 61 kB/s)
[579ae56b-7e72-400c-b378-c5eab9c81ee4/build]   | [INFO] Downloading from central: https://repo.maven.apache.org/maven2/org/codehaus/plexus/plexus/2.0.6/plexus-2.0.6.pom
[579ae56b-7e72-400c-b378-c5eab9c81ee4/build]   | [INFO] Downloaded from central: https://repo.maven.apache.org/maven2/org/codehaus/plexus/plexus/2.0.6/plexus-2.0.6.pom (17 kB at 335 kB/s)
[579ae56b-7e72-400c-b378-c5eab9c81ee4/build]   | [INFO] Downloading from central: https://repo.maven.apache.org/maven2/org/apache/maven/shared/maven-filtering/1.1/maven-filtering-1.1.pom
[579ae56b-7e72-400c-b378-c5eab9c81ee4/build]   | [INFO] Downloaded from central: https://repo.maven.apache.org/maven2/org/apache/maven/shared/maven-filtering/1.1/maven-filtering-1.1.pom (5.8 kB at 123 kB/s)
[579ae56b-7e72-400c-b378-c5eab9c81ee4/build]   | [INFO] Downloading from central: https://repo.maven.apache.org/maven2/org/apache/maven/shared/maven-shared-components/17/maven-shared-components-17.pom
[579ae56b-7e72-400c-b378-c5eab9c81ee4/build]   | [INFO] Downloaded from central: https://repo.maven.apache.org/maven2/org/apache/maven/shared/maven-shared-components/17/maven-shared-components-17.pom (8.7 kB at 181 kB/s)
[579ae56b-7e72-400c-b378-c5eab9c81ee4/build]   | [INFO] Downloading from central: https://repo.maven.apache.org/maven2/org/apache/maven/maven-parent/21/maven-parent-21.pom
[579ae56b-7e72-400c-b378-c5eab9c81ee4/build]   | [INFO] Downloaded from central: https://repo.maven.apache.org/maven2/org/apache/maven/maven-parent/21/maven-parent-21.pom (26 kB at 799 kB/s)
[579ae56b-7e72-400c-b378-c5eab9c81ee4/build]   | [INFO] Downloading from central: https://repo.maven.apache.org/maven2/org/apache/apache/10/apache-10.pom
[579ae56b-7e72-400c-b378-c5eab9c81ee4/build]   | [INFO] Downloaded from central: https://repo.maven.apache.org/maven2/org/apache/apache/10/apache-10.pom (15 kB at 329 kB/s)
[579ae56b-7e72-400c-b378-c5eab9c81ee4/build]   | [INFO] Downloading from central: https://repo.maven.apache.org/maven2/org/codehaus/plexus/plexus-utils/1.5.15/plexus-utils-1.5.15.pom
[579ae56b-7e72-400c-b378-c5eab9c81ee4/build]   | [INFO] Downloaded from central: https://repo.maven.apache.org/maven2/org/codehaus/plexus/plexus-utils/1.5.15/plexus-utils-1.5.15.pom (6.8 kB at 134 kB/s)
[579ae56b-7e72-400c-b378-c5eab9c81ee4/build]   | [INFO] Downloading from central: https://repo.maven.apache.org/maven2/org/codehaus/plexus/plexus/2.0.2/plexus-2.0.2.pom
[579ae56b-7e72-400c-b378-c5eab9c81ee4/build]   | [INFO] Downloaded from central: https://repo.maven.apache.org/maven2/org/codehaus/plexus/plexus/2.0.2/plexus-2.0.2.pom (12 kB at 258 kB/s)
[579ae56b-7e72-400c-b378-c5eab9c81ee4/build]   | [INFO] Downloading from central: https://repo.maven.apache.org/maven2/org/codehaus/plexus/plexus-interpolation/1.12/plexus-interpolation-1.12.pom
[579ae56b-7e72-400c-b378-c5eab9c81ee4/build]   | [INFO] Downloaded from central: https://repo.maven.apache.org/maven2/org/codehaus/plexus/plexus-interpolation/1.12/plexus-interpolation-1.12.pom (889 B at 24 kB/s)
[579ae56b-7e72-400c-b378-c5eab9c81ee4/build]   | [INFO] Downloading from central: https://repo.maven.apache.org/maven2/org/codehaus/plexus/plexus-components/1.1.14/plexus-components-1.1.14.pom
[579ae56b-7e72-400c-b378-c5eab9c81ee4/build]   | [INFO] Downloaded from central: https://repo.maven.apache.org/maven2/org/codehaus/plexus/plexus-components/1.1.14/plexus-components-1.1.14.pom (5.8 kB at 133 kB/s)
[579ae56b-7e72-400c-b378-c5eab9c81ee4/build]   | [INFO] Downloading from central: https://repo.maven.apache.org/maven2/org/sonatype/plexus/plexus-build-api/0.0.4/plexus-build-api-0.0.4.pom
[579ae56b-7e72-400c-b378-c5eab9c81ee4/build]   | [INFO] Downloaded from central: https://repo.maven.apache.org/maven2/org/sonatype/plexus/plexus-build-api/0.0.4/plexus-build-api-0.0.4.pom (2.9 kB at 39 kB/s)
[579ae56b-7e72-400c-b378-c5eab9c81ee4/build]   | [INFO] Downloading from central: https://repo.maven.apache.org/maven2/org/sonatype/spice/spice-parent/10/spice-parent-10.pom
[579ae56b-7e72-400c-b378-c5eab9c81ee4/build]   | [INFO] Downloaded from central: https://repo.maven.apache.org/maven2/org/sonatype/spice/spice-parent/10/spice-parent-10.pom (3.0 kB at 69 kB/s)
[579ae56b-7e72-400c-b378-c5eab9c81ee4/build]   | [INFO] Downloading from central: https://repo.maven.apache.org/maven2/org/sonatype/forge/forge-parent/3/forge-parent-3.pom
[579ae56b-7e72-400c-b378-c5eab9c81ee4/build]   | [INFO] Downloaded from central: https://repo.maven.apache.org/maven2/org/sonatype/forge/forge-parent/3/forge-parent-3.pom (5.0 kB at 107 kB/s)
[579ae56b-7e72-400c-b378-c5eab9c81ee4/build]   | [INFO] Downloading from central: https://repo.maven.apache.org/maven2/org/codehaus/plexus/plexus-utils/1.5.8/plexus-utils-1.5.8.pom
[579ae56b-7e72-400c-b378-c5eab9c81ee4/build]   | [INFO] Downloaded from central: https://repo.maven.apache.org/maven2/org/codehaus/plexus/plexus-utils/1.5.8/plexus-utils-1.5.8.pom (8.1 kB at 207 kB/s)
[579ae56b-7e72-400c-b378-c5eab9c81ee4/build]   | [INFO] Downloading from central: https://repo.maven.apache.org/maven2/org/codehaus/plexus/plexus-interpolation/1.13/plexus-interpolation-1.13.pom
[579ae56b-7e72-400c-b378-c5eab9c81ee4/build]   | [INFO] Downloaded from central: https://repo.maven.apache.org/maven2/org/codehaus/plexus/plexus-interpolation/1.13/plexus-interpolation-1.13.pom (890 B at 15 kB/s)
[579ae56b-7e72-400c-b378-c5eab9c81ee4/build]   | [INFO] Downloading from central: https://repo.maven.apache.org/maven2/org/codehaus/plexus/plexus-components/1.1.15/plexus-components-1.1.15.pom
[579ae56b-7e72-400c-b378-c5eab9c81ee4/build]   | [INFO] Downloaded from central: https://repo.maven.apache.org/maven2/org/codehaus/plexus/plexus-components/1.1.15/plexus-components-1.1.15.pom (2.8 kB at 95 kB/s)
[579ae56b-7e72-400c-b378-c5eab9c81ee4/build]   | [INFO] Downloading from central: https://repo.maven.apache.org/maven2/org/codehaus/plexus/plexus/2.0.3/plexus-2.0.3.pom
[579ae56b-7e72-400c-b378-c5eab9c81ee4/build]   | [INFO] Downloaded from central: https://repo.maven.apache.org/maven2/org/codehaus/plexus/plexus/2.0.3/plexus-2.0.3.pom (15 kB at 483 kB/s)
[579ae56b-7e72-400c-b378-c5eab9c81ee4/build]   | [INFO] Downloading from central: https://repo.maven.apache.org/maven2/org/apache/maven/maven-plugin-api/2.0.6/maven-plugin-api-2.0.6.jar
[579ae56b-7e72-400c-b378-c5eab9c81ee4/build]   | [INFO] Downloading from central: https://repo.maven.apache.org/maven2/org/apache/maven/maven-project/2.0.6/maven-project-2.0.6.jar
[579ae56b-7e72-400c-b378-c5eab9c81ee4/build]   | [INFO] Downloading from central: https://repo.maven.apache.org/maven2/org/apache/maven/maven-profile/2.0.6/maven-profile-2.0.6.jar
[579ae56b-7e72-400c-b378-c5eab9c81ee4/build]   | [INFO] Downloading from central: https://repo.maven.apache.org/maven2/org/apache/maven/maven-artifact-manager/2.0.6/maven-artifact-manager-2.0.6.jar
[579ae56b-7e72-400c-b378-c5eab9c81ee4/build]   | [INFO] Downloading from central: https://repo.maven.apache.org/maven2/org/apache/maven/maven-plugin-registry/2.0.6/maven-plugin-registry-2.0.6.jar
[579ae56b-7e72-400c-b378-c5eab9c81ee4/build]   | [INFO] Downloaded from central: https://repo.maven.apache.org/maven2/org/apache/maven/maven-plugin-api/2.0.6/maven-plugin-api-2.0.6.jar (13 kB at 378 kB/s)
[579ae56b-7e72-400c-b378-c5eab9c81ee4/build]   | [INFO] Downloading from central: https://repo.maven.apache.org/maven2/org/apache/maven/maven-core/2.0.6/maven-core-2.0.6.jar
[579ae56b-7e72-400c-b378-c5eab9c81ee4/build]   | [INFO] Downloaded from central: https://repo.maven.apache.org/maven2/org/apache/maven/maven-plugin-registry/2.0.6/maven-plugin-registry-2.0.6.jar (29 kB at 466 kB/s)
[579ae56b-7e72-400c-b378-c5eab9c81ee4/build]   | [INFO] Downloading from central: https://repo.maven.apache.org/maven2/org/apache/maven/maven-plugin-parameter-documenter/2.0.6/maven-plugin-parameter-documenter-2.0.6.jar
[579ae56b-7e72-400c-b378-c5eab9c81ee4/build]   | [INFO] Downloaded from central: https://repo.maven.apache.org/maven2/org/apache/maven/maven-project/2.0.6/maven-project-2.0.6.jar (116 kB at 1.8 MB/s)
[579ae56b-7e72-400c-b378-c5eab9c81ee4/build]   | [INFO] Downloaded from central: https://repo.maven.apache.org/maven2/org/apache/maven/maven-profile/2.0.6/maven-profile-2.0.6.jar (35 kB at 542 kB/s)
[579ae56b-7e72-400c-b378-c5eab9c81ee4/build]   | [INFO] Downloading from central: https://repo.maven.apache.org/maven2/org/apache/maven/reporting/maven-reporting-api/2.0.6/maven-reporting-api-2.0.6.jar
[579ae56b-7e72-400c-b378-c5eab9c81ee4/build]   | [INFO] Downloading from central: https://repo.maven.apache.org/maven2/org/apache/maven/doxia/doxia-sink-api/1.0-alpha-7/doxia-sink-api-1.0-alpha-7.jar
[579ae56b-7e72-400c-b378-c5eab9c81ee4/build]   | [INFO] Downloaded from central: https://repo.maven.apache.org/maven2/org/apache/maven/maven-artifact-manager/2.0.6/maven-artifact-manager-2.0.6.jar (57 kB at 785 kB/s)
[579ae56b-7e72-400c-b378-c5eab9c81ee4/build]   | [INFO] Downloading from central: https://repo.maven.apache.org/maven2/org/apache/maven/maven-repository-metadata/2.0.6/maven-repository-metadata-2.0.6.jar
[579ae56b-7e72-400c-b378-c5eab9c81ee4/build]   | [INFO] Downloaded from central: https://repo.maven.apache.org/maven2/org/apache/maven/maven-core/2.0.6/maven-core-2.0.6.jar (152 kB at 2.0 MB/s)
[579ae56b-7e72-400c-b378-c5eab9c81ee4/build]   | [INFO] Downloading from central: https://repo.maven.apache.org/maven2/org/apache/maven/maven-error-diagnostics/2.0.6/maven-error-diagnostics-2.0.6.jar
[579ae56b-7e72-400c-b378-c5eab9c81ee4/build]   | [INFO] Downloaded from central: https://repo.maven.apache.org/maven2/org/apache/maven/maven-plugin-parameter-documenter/2.0.6/maven-plugin-parameter-documenter-2.0.6.jar (21 kB at 206 kB/s)
[579ae56b-7e72-400c-b378-c5eab9c81ee4/build]   | [INFO] Downloaded from central: https://repo.maven.apache.org/maven2/org/apache/maven/reporting/maven-reporting-api/2.0.6/maven-reporting-api-2.0.6.jar (9.9 kB at 98 kB/s)
[579ae56b-7e72-400c-b378-c5eab9c81ee4/build]   | [INFO] Downloading from central: https://repo.maven.apache.org/maven2/commons-cli/commons-cli/1.0/commons-cli-1.0.jar
[579ae56b-7e72-400c-b378-c5eab9c81ee4/build]   | [INFO] Downloading from central: https://repo.maven.apache.org/maven2/org/apache/maven/maven-plugin-descriptor/2.0.6/maven-plugin-descriptor-2.0.6.jar
[579ae56b-7e72-400c-b378-c5eab9c81ee4/build]   | [INFO] Downloaded from central: https://repo.maven.apache.org/maven2/org/apache/maven/doxia/doxia-sink-api/1.0-alpha-7/doxia-sink-api-1.0-alpha-7.jar (5.9 kB at 58 kB/s)
[579ae56b-7e72-400c-b378-c5eab9c81ee4/build]   | [INFO] Downloading from central: https://repo.maven.apache.org/maven2/org/codehaus/plexus/plexus-interactivity-api/1.0-alpha-4/plexus-interactivity-api-1.0-alpha-4.jar
[579ae56b-7e72-400c-b378-c5eab9c81ee4/build]   | [INFO] Downloaded from central: https://repo.maven.apache.org/maven2/org/apache/maven/maven-repository-metadata/2.0.6/maven-repository-metadata-2.0.6.jar (24 kB at 213 kB/s)
[579ae56b-7e72-400c-b378-c5eab9c81ee4/build]   | [INFO] Downloading from central: https://repo.maven.apache.org/maven2/classworlds/classworlds/1.1/classworlds-1.1.jar
[579ae56b-7e72-400c-b378-c5eab9c81ee4/build]   | [INFO] Downloaded from central: https://repo.maven.apache.org/maven2/org/apache/maven/maven-error-diagnostics/2.0.6/maven-error-diagnostics-2.0.6.jar (14 kB at 113 kB/s)
[579ae56b-7e72-400c-b378-c5eab9c81ee4/build]   | [INFO] Downloading from central: https://repo.maven.apache.org/maven2/org/apache/maven/maven-artifact/2.0.6/maven-artifact-2.0.6.jar
[579ae56b-7e72-400c-b378-c5eab9c81ee4/build]   | [INFO] Downloaded from central: https://repo.maven.apache.org/maven2/commons-cli/commons-cli/1.0/commons-cli-1.0.jar (30 kB at 218 kB/s)
[579ae56b-7e72-400c-b378-c5eab9c81ee4/build]   | [INFO] Downloading from central: https://repo.maven.apache.org/maven2/org/apache/maven/maven-settings/2.0.6/maven-settings-2.0.6.jar
[579ae56b-7e72-400c-b378-c5eab9c81ee4/build]   | [INFO] Downloaded from central: https://repo.maven.apache.org/maven2/org/apache/maven/maven-plugin-descriptor/2.0.6/maven-plugin-descriptor-2.0.6.jar (37 kB at 267 kB/s)
[579ae56b-7e72-400c-b378-c5eab9c81ee4/build]   | [INFO] Downloading from central: https://repo.maven.apache.org/maven2/org/apache/maven/maven-model/2.0.6/maven-model-2.0.6.jar
[579ae56b-7e72-400c-b378-c5eab9c81ee4/build]   | [INFO] Downloaded from central: https://repo.maven.apache.org/maven2/org/codehaus/plexus/plexus-interactivity-api/1.0-alpha-4/plexus-interactivity-api-1.0-alpha-4.jar (13 kB at 92 kB/s)
[579ae56b-7e72-400c-b378-c5eab9c81ee4/build]   | [INFO] Downloading from central: https://repo.maven.apache.org/maven2/org/apache/maven/maven-monitor/2.0.6/maven-monitor-2.0.6.jar
[579ae56b-7e72-400c-b378-c5eab9c81ee4/build]   | [INFO] Downloaded from central: https://repo.maven.apache.org/maven2/classworlds/classworlds/1.1/classworlds-1.1.jar (38 kB at 256 kB/s)
[579ae56b-7e72-400c-b378-c5eab9c81ee4/build]   | [INFO] Downloading from central: https://repo.maven.apache.org/maven2/org/codehaus/plexus/plexus-container-default/1.0-alpha-9-stable-1/plexus-container-default-1.0-alpha-9-stable-1.jar
[579ae56b-7e72-400c-b378-c5eab9c81ee4/build]   | [INFO] Downloaded from central: https://repo.maven.apache.org/maven2/org/apache/maven/maven-artifact/2.0.6/maven-artifact-2.0.6.jar (87 kB at 536 kB/s)
[579ae56b-7e72-400c-b378-c5eab9c81ee4/build]   | [INFO] Downloading from central: https://repo.maven.apache.org/maven2/junit/junit/3.8.1/junit-3.8.1.jar
[579ae56b-7e72-400c-b378-c5eab9c81ee4/build]   | [INFO] Downloaded from central: https://repo.maven.apache.org/maven2/org/apache/maven/maven-settings/2.0.6/maven-settings-2.0.6.jar (49 kB at 294 kB/s)
[579ae56b-7e72-400c-b378-c5eab9c81ee4/build]   | [INFO] Downloaded from central: https://repo.maven.apache.org/maven2/org/apache/maven/maven-model/2.0.6/maven-model-2.0.6.jar (86 kB at 517 kB/s)
[579ae56b-7e72-400c-b378-c5eab9c81ee4/build]   | [INFO] Downloading from central: https://repo.maven.apache.org/maven2/org/apache/maven/shared/maven-filtering/1.1/maven-filtering-1.1.jar
[579ae56b-7e72-400c-b378-c5eab9c81ee4/build]   | [INFO] Downloading from central: https://repo.maven.apache.org/maven2/org/codehaus/plexus/plexus-utils/2.0.5/plexus-utils-2.0.5.jar
[579ae56b-7e72-400c-b378-c5eab9c81ee4/build]   | [INFO] Downloaded from central: https://repo.maven.apache.org/maven2/org/apache/maven/maven-monitor/2.0.6/maven-monitor-2.0.6.jar (10 kB at 61 kB/s)
[579ae56b-7e72-400c-b378-c5eab9c81ee4/build]   | [INFO] Downloading from central: https://repo.maven.apache.org/maven2/org/sonatype/plexus/plexus-build-api/0.0.4/plexus-build-api-0.0.4.jar
[579ae56b-7e72-400c-b378-c5eab9c81ee4/build]   | [INFO] Downloaded from central: https://repo.maven.apache.org/maven2/org/codehaus/plexus/plexus-container-default/1.0-alpha-9-stable-1/plexus-container-default-1.0-alpha-9-stable-1.jar (194 kB at 1.0 MB/s)
[579ae56b-7e72-400c-b378-c5eab9c81ee4/build]   | [INFO] Downloading from central: https://repo.maven.apache.org/maven2/org/codehaus/plexus/plexus-interpolation/1.13/plexus-interpolation-1.13.jar
[579ae56b-7e72-400c-b378-c5eab9c81ee4/build]   | [INFO] Downloaded from central: https://repo.maven.apache.org/maven2/junit/junit/3.8.1/junit-3.8.1.jar (121 kB at 568 kB/s)
[579ae56b-7e72-400c-b378-c5eab9c81ee4/build]   | [INFO] Downloaded from central: https://repo.maven.apache.org/maven2/org/sonatype/plexus/plexus-build-api/0.0.4/plexus-build-api-0.0.4.jar (6.8 kB at 32 kB/s)
[579ae56b-7e72-400c-b378-c5eab9c81ee4/build]   | [INFO] Downloaded from central: https://repo.maven.apache.org/maven2/org/apache/maven/shared/maven-filtering/1.1/maven-filtering-1.1.jar (43 kB at 200 kB/s)
[579ae56b-7e72-400c-b378-c5eab9c81ee4/build]   | [INFO] Downloaded from central: https://repo.maven.apache.org/maven2/org/codehaus/plexus/plexus-utils/2.0.5/plexus-utils-2.0.5.jar (223 kB at 1.0 MB/s)
[579ae56b-7e72-400c-b378-c5eab9c81ee4/build]   | [INFO] Downloaded from central: https://repo.maven.apache.org/maven2/org/codehaus/plexus/plexus-interpolation/1.13/plexus-interpolation-1.13.jar (61 kB at 253 kB/s)
[579ae56b-7e72-400c-b378-c5eab9c81ee4/build]   | [INFO] Using 'UTF-8' encoding to copy filtered resources.
[579ae56b-7e72-400c-b378-c5eab9c81ee4/build]   | [INFO] Copying 4 resources
[579ae56b-7e72-400c-b378-c5eab9c81ee4/build]   | [INFO] 
[579ae56b-7e72-400c-b378-c5eab9c81ee4/build]   | [INFO] --- maven-compiler-plugin:3.11.0:compile (default-compile) @ jwarc ---
[579ae56b-7e72-400c-b378-c5eab9c81ee4/build]   | [INFO] Downloading from central: https://repo.maven.apache.org/maven2/org/apache/maven/shared/maven-shared-utils/3.3.4/maven-shared-utils-3.3.4.pom
[579ae56b-7e72-400c-b378-c5eab9c81ee4/build]   | [INFO] Downloaded from central: https://repo.maven.apache.org/maven2/org/apache/maven/shared/maven-shared-utils/3.3.4/maven-shared-utils-3.3.4.pom (5.8 kB at 121 kB/s)
[579ae56b-7e72-400c-b378-c5eab9c81ee4/build]   | [INFO] Downloading from central: https://repo.maven.apache.org/maven2/org/apache/maven/shared/maven-shared-components/34/maven-shared-components-34.pom
[579ae56b-7e72-400c-b378-c5eab9c81ee4/build]   | [INFO] Downloaded from central: https://repo.maven.apache.org/maven2/org/apache/maven/shared/maven-shared-components/34/maven-shared-components-34.pom (5.1 kB at 142 kB/s)
[579ae56b-7e72-400c-b378-c5eab9c81ee4/build]   | [INFO] Downloading from central: https://repo.maven.apache.org/maven2/commons-io/commons-io/2.6/commons-io-2.6.pom
[579ae56b-7e72-400c-b378-c5eab9c81ee4/build]   | [INFO] Downloaded from central: https://repo.maven.apache.org/maven2/commons-io/commons-io/2.6/commons-io-2.6.pom (14 kB at 396 kB/s)
[579ae56b-7e72-400c-b378-c5eab9c81ee4/build]   | [INFO] Downloading from central: https://repo.maven.apache.org/maven2/org/apache/commons/commons-parent/42/commons-parent-42.pom
[579ae56b-7e72-400c-b378-c5eab9c81ee4/build]   | [INFO] Downloaded from central: https://repo.maven.apache.org/maven2/org/apache/commons/commons-parent/42/commons-parent-42.pom (68 kB at 1.2 MB/s)
[579ae56b-7e72-400c-b378-c5eab9c81ee4/build]   | [INFO] Downloading from central: https://repo.maven.apache.org/maven2/org/apache/apache/18/apache-18.pom
[579ae56b-7e72-400c-b378-c5eab9c81ee4/build]   | [INFO] Downloaded from central: https://repo.maven.apache.org/maven2/org/apache/apache/18/apache-18.pom (16 kB at 505 kB/s)
[579ae56b-7e72-400c-b378-c5eab9c81ee4/build]   | [INFO] Downloading from central: https://repo.maven.apache.org/maven2/org/apache/maven/shared/maven-shared-incremental/1.1/maven-shared-incremental-1.1.pom
[579ae56b-7e72-400c-b378-c5eab9c81ee4/build]   | [INFO] Downloaded from central: https://repo.maven.apache.org/maven2/org/apache/maven/shared/maven-shared-incremental/1.1/maven-shared-incremental-1.1.pom (4.7 kB at 226 kB/s)
[579ae56b-7e72-400c-b378-c5eab9c81ee4/build]   | [INFO] Downloading from central: https://repo.maven.apache.org/maven2/org/apache/maven/shared/maven-shared-components/19/maven-shared-components-19.pom
[579ae56b-7e72-400c-b378-c5eab9c81ee4/build]   | [INFO] Downloaded from central: https://repo.maven.apache.org/maven2/org/apache/maven/shared/maven-shared-components/19/maven-shared-components-19.pom (6.4 kB at 199 kB/s)
[579ae56b-7e72-400c-b378-c5eab9c81ee4/build]   | [INFO] Downloading from central: https://repo.maven.apache.org/maven2/org/apache/maven/maven-parent/23/maven-parent-23.pom
[579ae56b-7e72-400c-b378-c5eab9c81ee4/build]   | [INFO] Downloaded from central: https://repo.maven.apache.org/maven2/org/apache/maven/maven-parent/23/maven-parent-23.pom (33 kB at 758 kB/s)
[579ae56b-7e72-400c-b378-c5eab9c81ee4/build]   | [INFO] Downloading from central: https://repo.maven.apache.org/maven2/org/apache/apache/13/apache-13.pom
[579ae56b-7e72-400c-b378-c5eab9c81ee4/build]   | [INFO] Downloaded from central: https://repo.maven.apache.org/maven2/org/apache/apache/13/apache-13.pom (14 kB at 378 kB/s)
[579ae56b-7e72-400c-b378-c5eab9c81ee4/build]   | [INFO] Downloading from central: https://repo.maven.apache.org/maven2/org/codehaus/plexus/plexus-component-annotations/1.5.5/plexus-component-annotations-1.5.5.pom
[579ae56b-7e72-400c-b378-c5eab9c81ee4/build]   | [INFO] Downloaded from central: https://repo.maven.apache.org/maven2/org/codehaus/plexus/plexus-component-annotations/1.5.5/plexus-component-annotations-1.5.5.pom (815 B at 18 kB/s)
[579ae56b-7e72-400c-b378-c5eab9c81ee4/build]   | [INFO] Downloading from central: https://repo.maven.apache.org/maven2/org/codehaus/plexus/plexus-containers/1.5.5/plexus-containers-1.5.5.pom
[579ae56b-7e72-400c-b378-c5eab9c81ee4/build]   | [INFO] Downloaded from central: https://repo.maven.apache.org/maven2/org/codehaus/plexus/plexus-containers/1.5.5/plexus-containers-1.5.5.pom (4.2 kB at 99 kB/s)
[579ae56b-7e72-400c-b378-c5eab9c81ee4/build]   | [INFO] Downloading from central: https://repo.maven.apache.org/maven2/org/codehaus/plexus/plexus/2.0.7/plexus-2.0.7.pom
[579ae56b-7e72-400c-b378-c5eab9c81ee4/build]   | [INFO] Downloaded from central: https://repo.maven.apache.org/maven2/org/codehaus/plexus/plexus/2.0.7/plexus-2.0.7.pom (17 kB at 288 kB/s)
[579ae56b-7e72-400c-b378-c5eab9c81ee4/build]   | [INFO] Downloading from central: https://repo.maven.apache.org/maven2/org/codehaus/plexus/plexus-java/1.1.2/plexus-java-1.1.2.pom
[579ae56b-7e72-400c-b378-c5eab9c81ee4/build]   | [INFO] Downloaded from central: https://repo.maven.apache.org/maven2/org/codehaus/plexus/plexus-java/1.1.2/plexus-java-1.1.2.pom (5.0 kB at 127 kB/s)
[579ae56b-7e72-400c-b378-c5eab9c81ee4/build]   | [INFO] Downloading from central: https://repo.maven.apache.org/maven2/org/codehaus/plexus/plexus-languages/1.1.2/plexus-languages-1.1.2.pom
[579ae56b-7e72-400c-b378-c5eab9c81ee4/build]   | [INFO] Downloaded from central: https://repo.maven.apache.org/maven2/org/codehaus/plexus/plexus-languages/1.1.2/plexus-languages-1.1.2.pom (4.1 kB at 74 kB/s)
[579ae56b-7e72-400c-b378-c5eab9c81ee4/build]   | [INFO] Downloading from central: https://repo.maven.apache.org/maven2/org/codehaus/plexus/plexus/10/plexus-10.pom
[579ae56b-7e72-400c-b378-c5eab9c81ee4/build]   | [INFO] Downloaded from central: https://repo.maven.apache.org/maven2/org/codehaus/plexus/plexus/10/plexus-10.pom (25 kB at 591 kB/s)
[579ae56b-7e72-400c-b378-c5eab9c81ee4/build]   | [INFO] Downloading from central: https://repo.maven.apache.org/maven2/org/ow2/asm/asm/9.4/asm-9.4.pom
[579ae56b-7e72-400c-b378-c5eab9c81ee4/build]   | [INFO] Downloaded from central: https://repo.maven.apache.org/maven2/org/ow2/asm/asm/9.4/asm-9.4.pom (2.4 kB at 64 kB/s)
[579ae56b-7e72-400c-b378-c5eab9c81ee4/build]   | [INFO] Downloading from central: https://repo.maven.apache.org/maven2/org/ow2/ow2/1.5.1/ow2-1.5.1.pom
[579ae56b-7e72-400c-b378-c5eab9c81ee4/build]   | [INFO] Downloaded from central: https://repo.maven.apache.org/maven2/org/ow2/ow2/1.5.1/ow2-1.5.1.pom (11 kB at 251 kB/s)
[579ae56b-7e72-400c-b378-c5eab9c81ee4/build]   | [INFO] Downloading from central: https://repo.maven.apache.org/maven2/com/thoughtworks/qdox/qdox/2.0.3/qdox-2.0.3.pom
[579ae56b-7e72-400c-b378-c5eab9c81ee4/build]   | [INFO] Downloaded from central: https://repo.maven.apache.org/maven2/com/thoughtworks/qdox/qdox/2.0.3/qdox-2.0.3.pom (17 kB at 367 kB/s)
[579ae56b-7e72-400c-b378-c5eab9c81ee4/build]   | [INFO] Downloading from central: https://repo.maven.apache.org/maven2/org/sonatype/oss/oss-parent/9/oss-parent-9.pom
[579ae56b-7e72-400c-b378-c5eab9c81ee4/build]   | [INFO] Downloaded from central: https://repo.maven.apache.org/maven2/org/sonatype/oss/oss-parent/9/oss-parent-9.pom (6.6 kB at 160 kB/s)
[579ae56b-7e72-400c-b378-c5eab9c81ee4/build]   | [INFO] Downloading from central: https://repo.maven.apache.org/maven2/org/codehaus/plexus/plexus-compiler-api/2.13.0/plexus-compiler-api-2.13.0.pom
[579ae56b-7e72-400c-b378-c5eab9c81ee4/build]   | [INFO] Downloaded from central: https://repo.maven.apache.org/maven2/org/codehaus/plexus/plexus-compiler-api/2.13.0/plexus-compiler-api-2.13.0.pom (1.1 kB at 32 kB/s)
[579ae56b-7e72-400c-b378-c5eab9c81ee4/build]   | [INFO] Downloading from central: https://repo.maven.apache.org/maven2/org/codehaus/plexus/plexus-compiler/2.13.0/plexus-compiler-2.13.0.pom
[579ae56b-7e72-400c-b378-c5eab9c81ee4/build]   | [INFO] Downloaded from central: https://repo.maven.apache.org/maven2/org/codehaus/plexus/plexus-compiler/2.13.0/plexus-compiler-2.13.0.pom (8.4 kB at 195 kB/s)
[579ae56b-7e72-400c-b378-c5eab9c81ee4/build]   | [INFO] Downloading from central: https://repo.maven.apache.org/maven2/org/codehaus/plexus/plexus-components/10.0/plexus-components-10.0.pom
[579ae56b-7e72-400c-b378-c5eab9c81ee4/build]   | [INFO] Downloaded from central: https://repo.maven.apache.org/maven2/org/codehaus/plexus/plexus-components/10.0/plexus-components-10.0.pom (2.7 kB at 51 kB/s)
[579ae56b-7e72-400c-b378-c5eab9c81ee4/build]   | [INFO] Downloading from central: https://repo.maven.apache.org/maven2/org/junit/junit-bom/5.9.1/junit-bom-5.9.1.pom
[579ae56b-7e72-400c-b378-c5eab9c81ee4/build]   | [INFO] Downloaded from central: https://repo.maven.apache.org/maven2/org/junit/junit-bom/5.9.1/junit-bom-5.9.1.pom (5.6 kB at 117 kB/s)
[579ae56b-7e72-400c-b378-c5eab9c81ee4/build]   | [INFO] Downloading from central: https://repo.maven.apache.org/maven2/org/codehaus/plexus/plexus-utils/3.5.0/plexus-utils-3.5.0.pom
[579ae56b-7e72-400c-b378-c5eab9c81ee4/build]   | [INFO] Downloaded from central: https://repo.maven.apache.org/maven2/org/codehaus/plexus/plexus-utils/3.5.0/plexus-utils-3.5.0.pom (8.0 kB at 182 kB/s)
[579ae56b-7e72-400c-b378-c5eab9c81ee4/build]   | [INFO] Downloading from central: https://repo.maven.apache.org/maven2/org/codehaus/plexus/plexus-compiler-manager/2.13.0/plexus-compiler-manager-2.13.0.pom
[579ae56b-7e72-400c-b378-c5eab9c81ee4/build]   | [INFO] Downloaded from central: https://repo.maven.apache.org/maven2/org/codehaus/plexus/plexus-compiler-manager/2.13.0/plexus-compiler-manager-2.13.0.pom (1.1 kB at 26 kB/s)
[579ae56b-7e72-400c-b378-c5eab9c81ee4/build]   | [INFO] Downloading from central: https://repo.maven.apache.org/maven2/org/codehaus/plexus/plexus-component-annotations/2.1.1/plexus-component-annotations-2.1.1.pom
[579ae56b-7e72-400c-b378-c5eab9c81ee4/build]   | [INFO] Downloaded from central: https://repo.maven.apache.org/maven2/org/codehaus/plexus/plexus-component-annotations/2.1.1/plexus-component-annotations-2.1.1.pom (770 B at 17 kB/s)
[579ae56b-7e72-400c-b378-c5eab9c81ee4/build]   | [INFO] Downloading from central: https://repo.maven.apache.org/maven2/org/codehaus/plexus/plexus-containers/2.1.1/plexus-containers-2.1.1.pom
[579ae56b-7e72-400c-b378-c5eab9c81ee4/build]   | [INFO] Downloaded from central: https://repo.maven.apache.org/maven2/org/codehaus/plexus/plexus-containers/2.1.1/plexus-containers-2.1.1.pom (6.0 kB at 86 kB/s)
[579ae56b-7e72-400c-b378-c5eab9c81ee4/build]   | [INFO] Downloading from central: https://repo.maven.apache.org/maven2/org/codehaus/plexus/plexus/6.5/plexus-6.5.pom
[579ae56b-7e72-400c-b378-c5eab9c81ee4/build]   | [INFO] Downloaded from central: https://repo.maven.apache.org/maven2/org/codehaus/plexus/plexus/6.5/plexus-6.5.pom (26 kB at 402 kB/s)
[579ae56b-7e72-400c-b378-c5eab9c81ee4/build]   | [INFO] Downloading from central: https://repo.maven.apache.org/maven2/org/codehaus/plexus/plexus-compiler-javac/2.13.0/plexus-compiler-javac-2.13.0.pom
[579ae56b-7e72-400c-b378-c5eab9c81ee4/build]   | [INFO] Downloaded from central: https://repo.maven.apache.org/maven2/org/codehaus/plexus/plexus-compiler-javac/2.13.0/plexus-compiler-javac-2.13.0.pom (1.2 kB at 18 kB/s)
[579ae56b-7e72-400c-b378-c5eab9c81ee4/build]   | [INFO] Downloading from central: https://repo.maven.apache.org/maven2/org/codehaus/plexus/plexus-compilers/2.13.0/plexus-compilers-2.13.0.pom
[579ae56b-7e72-400c-b378-c5eab9c81ee4/build]   | [INFO] Downloaded from central: https://repo.maven.apache.org/maven2/org/codehaus/plexus/plexus-compilers/2.13.0/plexus-compilers-2.13.0.pom (1.3 kB at 20 kB/s)
[579ae56b-7e72-400c-b378-c5eab9c81ee4/build]   | [INFO] Downloading from central: https://repo.maven.apache.org/maven2/org/apache/maven/shared/maven-shared-utils/3.3.4/maven-shared-utils-3.3.4.jar
[579ae56b-7e72-400c-b378-c5eab9c81ee4/build]   | [INFO] Downloading from central: https://repo.maven.apache.org/maven2/commons-io/commons-io/2.6/commons-io-2.6.jar
[579ae56b-7e72-400c-b378-c5eab9c81ee4/build]   | [INFO] Downloading from central: https://repo.maven.apache.org/maven2/org/apache/maven/shared/maven-shared-incremental/1.1/maven-shared-incremental-1.1.jar
[579ae56b-7e72-400c-b378-c5eab9c81ee4/build]   | [INFO] Downloading from central: https://repo.maven.apache.org/maven2/org/codehaus/plexus/plexus-component-annotations/1.5.5/plexus-component-annotations-1.5.5.jar
[579ae56b-7e72-400c-b378-c5eab9c81ee4/build]   | [INFO] Downloading from central: https://repo.maven.apache.org/maven2/org/codehaus/plexus/plexus-java/1.1.2/plexus-java-1.1.2.jar
[579ae56b-7e72-400c-b378-c5eab9c81ee4/build]   | [INFO] Downloaded from central: https://repo.maven.apache.org/maven2/org/codehaus/plexus/plexus-component-annotations/1.5.5/plexus-component-annotations-1.5.5.jar (4.2 kB at 64 kB/s)
[579ae56b-7e72-400c-b378-c5eab9c81ee4/build]   | [INFO] Downloading from central: https://repo.maven.apache.org/maven2/org/ow2/asm/asm/9.4/asm-9.4.jar
[579ae56b-7e72-400c-b378-c5eab9c81ee4/build]   | [INFO] Downloaded from central: https://repo.maven.apache.org/maven2/org/apache/maven/shared/maven-shared-incremental/1.1/maven-shared-incremental-1.1.jar (14 kB at 199 kB/s)
[579ae56b-7e72-400c-b378-c5eab9c81ee4/build]   | [INFO] Downloading from central: https://repo.maven.apache.org/maven2/com/thoughtworks/qdox/qdox/2.0.3/qdox-2.0.3.jar
[579ae56b-7e72-400c-b378-c5eab9c81ee4/build]   | [INFO] Downloaded from central: https://repo.maven.apache.org/maven2/commons-io/commons-io/2.6/commons-io-2.6.jar (215 kB at 3.0 MB/s)
[579ae56b-7e72-400c-b378-c5eab9c81ee4/build]   | [INFO] Downloading from central: https://repo.maven.apache.org/maven2/org/codehaus/plexus/plexus-compiler-api/2.13.0/plexus-compiler-api-2.13.0.jar
[579ae56b-7e72-400c-b378-c5eab9c81ee4/build]   | [INFO] Downloaded from central: https://repo.maven.apache.org/maven2/org/codehaus/plexus/plexus-java/1.1.2/plexus-java-1.1.2.jar (55 kB at 759 kB/s)
[579ae56b-7e72-400c-b378-c5eab9c81ee4/build]   | [INFO] Downloading from central: https://repo.maven.apache.org/maven2/org/codehaus/plexus/plexus-utils/3.5.0/plexus-utils-3.5.0.jar
[579ae56b-7e72-400c-b378-c5eab9c81ee4/build]   | [INFO] Downloaded from central: https://repo.maven.apache.org/maven2/org/apache/maven/shared/maven-shared-utils/3.3.4/maven-shared-utils-3.3.4.jar (153 kB at 1.4 MB/s)
[579ae56b-7e72-400c-b378-c5eab9c81ee4/build]   | [INFO] Downloading from central: https://repo.maven.apache.org/maven2/org/codehaus/plexus/plexus-compiler-manager/2.13.0/plexus-compiler-manager-2.13.0.jar
[579ae56b-7e72-400c-b378-c5eab9c81ee4/build]   | [INFO] Downloaded from central: https://repo.maven.apache.org/maven2/org/codehaus/plexus/plexus-compiler-api/2.13.0/plexus-compiler-api-2.13.0.jar (27 kB at 202 kB/s)
[579ae56b-7e72-400c-b378-c5eab9c81ee4/build]   | [INFO] Downloading from central: https://repo.maven.apache.org/maven2/org/codehaus/plexus/plexus-compiler-javac/2.13.0/plexus-compiler-javac-2.13.0.jar
[579ae56b-7e72-400c-b378-c5eab9c81ee4/build]   | [INFO] Downloaded from central: https://repo.maven.apache.org/maven2/com/thoughtworks/qdox/qdox/2.0.3/qdox-2.0.3.jar (334 kB at 2.4 MB/s)
[579ae56b-7e72-400c-b378-c5eab9c81ee4/build]   | [INFO] Downloaded from central: https://repo.maven.apache.org/maven2/org/codehaus/plexus/plexus-utils/3.5.0/plexus-utils-3.5.0.jar (267 kB at 1.6 MB/s)
[579ae56b-7e72-400c-b378-c5eab9c81ee4/build]   | [INFO] Downloaded from central: https://repo.maven.apache.org/maven2/org/codehaus/plexus/plexus-compiler-manager/2.13.0/plexus-compiler-manager-2.13.0.jar (4.7 kB at 26 kB/s)
[579ae56b-7e72-400c-b378-c5eab9c81ee4/build]   | [INFO] Downloaded from central: https://repo.maven.apache.org/maven2/org/ow2/asm/asm/9.4/asm-9.4.jar (122 kB at 684 kB/s)
[579ae56b-7e72-400c-b378-c5eab9c81ee4/build]   | [INFO] Downloaded from central: https://repo.maven.apache.org/maven2/org/codehaus/plexus/plexus-compiler-javac/2.13.0/plexus-compiler-javac-2.13.0.jar (23 kB at 110 kB/s)
[579ae56b-7e72-400c-b378-c5eab9c81ee4/build]   | [INFO] Changes detected - recompiling the module! :source
[579ae56b-7e72-400c-b378-c5eab9c81ee4/build]   | [INFO] Compiling 84 source files with javac [debug release 8] to target/classes
[579ae56b-7e72-400c-b378-c5eab9c81ee4/build]   | [INFO] 
[579ae56b-7e72-400c-b378-c5eab9c81ee4/build]   | [INFO] --- maven-resources-plugin:2.6:testResources (default-testResources) @ jwarc ---
[579ae56b-7e72-400c-b378-c5eab9c81ee4/build]   | [INFO] Using 'UTF-8' encoding to copy filtered resources.
[579ae56b-7e72-400c-b378-c5eab9c81ee4/build]   | [INFO] Copying 2 resources
[579ae56b-7e72-400c-b378-c5eab9c81ee4/build]   | [INFO] 
[579ae56b-7e72-400c-b378-c5eab9c81ee4/build]   | [INFO] --- maven-compiler-plugin:3.11.0:testCompile (default-testCompile) @ jwarc ---
[579ae56b-7e72-400c-b378-c5eab9c81ee4/build]   | [INFO] Changes detected - recompiling the module! :dependency
[579ae56b-7e72-400c-b378-c5eab9c81ee4/build]   | [INFO] Compiling 34 source files with javac [debug release 8] to target/test-classes
[579ae56b-7e72-400c-b378-c5eab9c81ee4/build]   | [INFO] 
[579ae56b-7e72-400c-b378-c5eab9c81ee4/build]   | [INFO] --- maven-surefire-plugin:2.12.4:test (default-test) @ jwarc ---
[579ae56b-7e72-400c-b378-c5eab9c81ee4/build]   | [INFO] Downloading from central: https://repo.maven.apache.org/maven2/org/apache/maven/maven-plugin-api/2.0.9/maven-plugin-api-2.0.9.pom
[579ae56b-7e72-400c-b378-c5eab9c81ee4/build]   | [INFO] Downloaded from central: https://repo.maven.apache.org/maven2/org/apache/maven/maven-plugin-api/2.0.9/maven-plugin-api-2.0.9.pom (1.5 kB at 62 kB/s)
[579ae56b-7e72-400c-b378-c5eab9c81ee4/build]   | [INFO] Downloading from central: https://repo.maven.apache.org/maven2/org/apache/maven/maven/2.0.9/maven-2.0.9.pom
[579ae56b-7e72-400c-b378-c5eab9c81ee4/build]   | [INFO] Downloaded from central: https://repo.maven.apache.org/maven2/org/apache/maven/maven/2.0.9/maven-2.0.9.pom (19 kB at 945 kB/s)
[579ae56b-7e72-400c-b378-c5eab9c81ee4/build]   | [INFO] Downloading from central: https://repo.maven.apache.org/maven2/org/apache/maven/maven-parent/8/maven-parent-8.pom
[579ae56b-7e72-400c-b378-c5eab9c81ee4/build]   | [INFO] Downloaded from central: https://repo.maven.apache.org/maven2/org/apache/maven/maven-parent/8/maven-parent-8.pom (24 kB at 1.2 MB/s)
[579ae56b-7e72-400c-b378-c5eab9c81ee4/build]   | [INFO] Downloading from central: https://repo.maven.apache.org/maven2/org/apache/apache/4/apache-4.pom
[579ae56b-7e72-400c-b378-c5eab9c81ee4/build]   | [INFO] Downloaded from central: https://repo.maven.apache.org/maven2/org/apache/apache/4/apache-4.pom (4.5 kB at 237 kB/s)
[579ae56b-7e72-400c-b378-c5eab9c81ee4/build]   | [INFO] Downloading from central: https://repo.maven.apache.org/maven2/org/apache/maven/surefire/surefire-booter/2.12.4/surefire-booter-2.12.4.pom
[579ae56b-7e72-400c-b378-c5eab9c81ee4/build]   | [INFO] Downloaded from central: https://repo.maven.apache.org/maven2/org/apache/maven/surefire/surefire-booter/2.12.4/surefire-booter-2.12.4.pom (3.0 kB at 101 kB/s)
[579ae56b-7e72-400c-b378-c5eab9c81ee4/build]   | [INFO] Downloading from central: https://repo.maven.apache.org/maven2/org/apache/maven/surefire/surefire-api/2.12.4/surefire-api-2.12.4.pom
[579ae56b-7e72-400c-b378-c5eab9c81ee4/build]   | [INFO] Downloaded from central: https://repo.maven.apache.org/maven2/org/apache/maven/surefire/surefire-api/2.12.4/surefire-api-2.12.4.pom (2.5 kB at 89 kB/s)
[579ae56b-7e72-400c-b378-c5eab9c81ee4/build]   | [INFO] Downloading from central: https://repo.maven.apache.org/maven2/org/apache/maven/surefire/maven-surefire-common/2.12.4/maven-surefire-common-2.12.4.pom
[579ae56b-7e72-400c-b378-c5eab9c81ee4/build]   | [INFO] Downloaded from central: https://repo.maven.apache.org/maven2/org/apache/maven/surefire/maven-surefire-common/2.12.4/maven-surefire-common-2.12.4.pom (5.5 kB at 198 kB/s)
[579ae56b-7e72-400c-b378-c5eab9c81ee4/build]   | [INFO] Downloading from central: https://repo.maven.apache.org/maven2/org/apache/maven/plugin-tools/maven-plugin-annotations/3.1/maven-plugin-annotations-3.1.pom
[579ae56b-7e72-400c-b378-c5eab9c81ee4/build]   | [INFO] Downloaded from central: https://repo.maven.apache.org/maven2/org/apache/maven/plugin-tools/maven-plugin-annotations/3.1/maven-plugin-annotations-3.1.pom (1.6 kB at 49 kB/s)
[579ae56b-7e72-400c-b378-c5eab9c81ee4/build]   | [INFO] Downloading from central: https://repo.maven.apache.org/maven2/org/apache/maven/plugin-tools/maven-plugin-tools/3.1/maven-plugin-tools-3.1.pom
[579ae56b-7e72-400c-b378-c5eab9c81ee4/build]   | [INFO] Downloaded from central: https://repo.maven.apache.org/maven2/org/apache/maven/plugin-tools/maven-plugin-tools/3.1/maven-plugin-tools-3.1.pom (16 kB at 450 kB/s)
[579ae56b-7e72-400c-b378-c5eab9c81ee4/build]   | [INFO] Downloading from central: https://repo.maven.apache.org/maven2/org/apache/maven/maven-artifact/2.0.9/maven-artifact-2.0.9.pom
[579ae56b-7e72-400c-b378-c5eab9c81ee4/build]   | [INFO] Downloaded from central: https://repo.maven.apache.org/maven2/org/apache/maven/maven-artifact/2.0.9/maven-artifact-2.0.9.pom (1.6 kB at 38 kB/s)
[579ae56b-7e72-400c-b378-c5eab9c81ee4/build]   | [INFO] Downloading from central: https://repo.maven.apache.org/maven2/org/codehaus/plexus/plexus-utils/3.0.8/plexus-utils-3.0.8.pom
[579ae56b-7e72-400c-b378-c5eab9c81ee4/build]   | [INFO] Downloaded from central: https://repo.maven.apache.org/maven2/org/codehaus/plexus/plexus-utils/3.0.8/plexus-utils-3.0.8.pom (3.1 kB at 65 kB/s)
[579ae56b-7e72-400c-b378-c5eab9c81ee4/build]   | [INFO] Downloading from central: https://repo.maven.apache.org/maven2/org/codehaus/plexus/plexus/3.2/plexus-3.2.pom
[579ae56b-7e72-400c-b378-c5eab9c81ee4/build]   | [INFO] Downloaded from central: https://repo.maven.apache.org/maven2/org/codehaus/plexus/plexus/3.2/plexus-3.2.pom (19 kB at 335 kB/s)
[579ae56b-7e72-400c-b378-c5eab9c81ee4/build]   | [INFO] Downloading from central: https://repo.maven.apache.org/maven2/org/sonatype/spice/spice-parent/17/spice-parent-17.pom
[579ae56b-7e72-400c-b378-c5eab9c81ee4/build]   | [INFO] Downloaded from central: https://repo.maven.apache.org/maven2/org/sonatype/spice/spice-parent/17/spice-parent-17.pom (6.8 kB at 133 kB/s)
[579ae56b-7e72-400c-b378-c5eab9c81ee4/build]   | [INFO] Downloading from central: https://repo.maven.apache.org/maven2/org/sonatype/forge/forge-parent/10/forge-parent-10.pom
[579ae56b-7e72-400c-b378-c5eab9c81ee4/build]   | [INFO] Downloaded from central: https://repo.maven.apache.org/maven2/org/sonatype/forge/forge-parent/10/forge-parent-10.pom (14 kB at 202 kB/s)
[579ae56b-7e72-400c-b378-c5eab9c81ee4/build]   | [INFO] Downloading from central: https://repo.maven.apache.org/maven2/org/apache/maven/maven-project/2.0.9/maven-project-2.0.9.pom
[579ae56b-7e72-400c-b378-c5eab9c81ee4/build]   | [INFO] Downloaded from central: https://repo.maven.apache.org/maven2/org/apache/maven/maven-project/2.0.9/maven-project-2.0.9.pom (2.7 kB at 52 kB/s)
[579ae56b-7e72-400c-b378-c5eab9c81ee4/build]   | [INFO] Downloading from central: https://repo.maven.apache.org/maven2/org/apache/maven/maven-settings/2.0.9/maven-settings-2.0.9.pom
[579ae56b-7e72-400c-b378-c5eab9c81ee4/build]   | [INFO] Downloaded from central: https://repo.maven.apache.org/maven2/org/apache/maven/maven-settings/2.0.9/maven-settings-2.0.9.pom (2.1 kB at 43 kB/s)
[579ae56b-7e72-400c-b378-c5eab9c81ee4/build]   | [INFO] Downloading from central: https://repo.maven.apache.org/maven2/org/apache/maven/maven-model/2.0.9/maven-model-2.0.9.pom
[579ae56b-7e72-400c-b378-c5eab9c81ee4/build]   | [INFO] Downloaded from central: https://repo.maven.apache.org/maven2/org/apache/maven/maven-model/2.0.9/maven-model-2.0.9.pom (3.1 kB at 59 kB/s)
[579ae56b-7e72-400c-b378-c5eab9c81ee4/build]   | [INFO] Downloading from central: https://repo.maven.apache.org/maven2/org/apache/maven/maven-profile/2.0.9/maven-profile-2.0.9.pom
[579ae56b-7e72-400c-b378-c5eab9c81ee4/build]   | [INFO] Downloaded from central: https://repo.maven.apache.org/maven2/org/apache/maven/maven-profile/2.0.9/maven-profile-2.0.9.pom (2.0 kB at 39 kB/s)
[579ae56b-7e72-400c-b378-c5eab9c81ee4/build]   | [INFO] Downloading from central: https://repo.maven.apache.org/maven2/org/apache/maven/maven-artifact-manager/2.0.9/maven-artifact-manager-2.0.9.pom
[579ae56b-7e72-400c-b378-c5eab9c81ee4/build]   | [INFO] Downloaded from central: https://repo.maven.apache.org/maven2/org/apache/maven/maven-artifact-manager/2.0.9/maven-artifact-manager-2.0.9.pom (2.7 kB at 59 kB/s)
[579ae56b-7e72-400c-b378-c5eab9c81ee4/build]   | [INFO] Downloading from central: https://repo.maven.apache.org/maven2/org/apache/maven/maven-repository-metadata/2.0.9/maven-repository-metadata-2.0.9.pom
[579ae56b-7e72-400c-b378-c5eab9c81ee4/build]   | [INFO] Downloaded from central: https://repo.maven.apache.org/maven2/org/apache/maven/maven-repository-metadata/2.0.9/maven-repository-metadata-2.0.9.pom (1.9 kB at 51 kB/s)
[579ae56b-7e72-400c-b378-c5eab9c81ee4/build]   | [INFO] Downloading from central: https://repo.maven.apache.org/maven2/org/apache/maven/maven-plugin-registry/2.0.9/maven-plugin-registry-2.0.9.pom
[579ae56b-7e72-400c-b378-c5eab9c81ee4/build]   | [INFO] Downloaded from central: https://repo.maven.apache.org/maven2/org/apache/maven/maven-plugin-registry/2.0.9/maven-plugin-registry-2.0.9.pom (2.0 kB at 47 kB/s)
[579ae56b-7e72-400c-b378-c5eab9c81ee4/build]   | [INFO] Downloading from central: https://repo.maven.apache.org/maven2/org/apache/maven/maven-core/2.0.9/maven-core-2.0.9.pom
[579ae56b-7e72-400c-b378-c5eab9c81ee4/build]   | [INFO] Downloaded from central: https://repo.maven.apache.org/maven2/org/apache/maven/maven-core/2.0.9/maven-core-2.0.9.pom (7.8 kB at 142 kB/s)
[579ae56b-7e72-400c-b378-c5eab9c81ee4/build]   | [INFO] Downloading from central: https://repo.maven.apache.org/maven2/org/apache/maven/maven-plugin-parameter-documenter/2.0.9/maven-plugin-parameter-documenter-2.0.9.pom
[579ae56b-7e72-400c-b378-c5eab9c81ee4/build]   | [INFO] Downloaded from central: https://repo.maven.apache.org/maven2/org/apache/maven/maven-plugin-parameter-documenter/2.0.9/maven-plugin-parameter-documenter-2.0.9.pom (2.0 kB at 40 kB/s)
[579ae56b-7e72-400c-b378-c5eab9c81ee4/build]   | [INFO] Downloading from central: https://repo.maven.apache.org/maven2/org/apache/maven/reporting/maven-reporting-api/2.0.9/maven-reporting-api-2.0.9.pom
[579ae56b-7e72-400c-b378-c5eab9c81ee4/build]   | [INFO] Downloaded from central: https://repo.maven.apache.org/maven2/org/apache/maven/reporting/maven-reporting-api/2.0.9/maven-reporting-api-2.0.9.pom (1.8 kB at 34 kB/s)
[579ae56b-7e72-400c-b378-c5eab9c81ee4/build]   | [INFO] Downloading from central: https://repo.maven.apache.org/maven2/org/apache/maven/reporting/maven-reporting/2.0.9/maven-reporting-2.0.9.pom
[579ae56b-7e72-400c-b378-c5eab9c81ee4/build]   | [INFO] Downloaded from central: https://repo.maven.apache.org/maven2/org/apache/maven/reporting/maven-reporting/2.0.9/maven-reporting-2.0.9.pom (1.5 kB at 30 kB/s)
[579ae56b-7e72-400c-b378-c5eab9c81ee4/build]   | [INFO] Downloading from central: https://repo.maven.apache.org/maven2/org/apache/maven/maven-error-diagnostics/2.0.9/maven-error-diagnostics-2.0.9.pom
[579ae56b-7e72-400c-b378-c5eab9c81ee4/build]   | [INFO] Downloaded from central: https://repo.maven.apache.org/maven2/org/apache/maven/maven-error-diagnostics/2.0.9/maven-error-diagnostics-2.0.9.pom (1.7 kB at 39 kB/s)
[579ae56b-7e72-400c-b378-c5eab9c81ee4/build]   | [INFO] Downloading from central: https://repo.maven.apache.org/maven2/org/apache/maven/maven-plugin-descriptor/2.0.9/maven-plugin-descriptor-2.0.9.pom
[579ae56b-7e72-400c-b378-c5eab9c81ee4/build]   | [INFO] Downloaded from central: https://repo.maven.apache.org/maven2/org/apache/maven/maven-plugin-descriptor/2.0.9/maven-plugin-descriptor-2.0.9.pom (2.1 kB at 36 kB/s)
[579ae56b-7e72-400c-b378-c5eab9c81ee4/build]   | [INFO] Downloading from central: https://repo.maven.apache.org/maven2/org/apache/maven/maven-monitor/2.0.9/maven-monitor-2.0.9.pom
[579ae56b-7e72-400c-b378-c5eab9c81ee4/build]   | [INFO] Downloaded from central: https://repo.maven.apache.org/maven2/org/apache/maven/maven-monitor/2.0.9/maven-monitor-2.0.9.pom (1.3 kB at 37 kB/s)
[579ae56b-7e72-400c-b378-c5eab9c81ee4/build]   | [INFO] Downloading from central: https://repo.maven.apache.org/maven2/org/apache/maven/maven-toolchain/2.0.9/maven-toolchain-2.0.9.pom
[579ae56b-7e72-400c-b378-c5eab9c81ee4/build]   | [INFO] Downloaded from central: https://repo.maven.apache.org/maven2/org/apache/maven/maven-toolchain/2.0.9/maven-toolchain-2.0.9.pom (3.5 kB at 94 kB/s)
[579ae56b-7e72-400c-b378-c5eab9c81ee4/build]   | [INFO] Downloading from central: https://repo.maven.apache.org/maven2/org/apache/commons/commons-lang3/3.1/commons-lang3-3.1.pom
[579ae56b-7e72-400c-b378-c5eab9c81ee4/build]   | [INFO] Downloaded from central: https://repo.maven.apache.org/maven2/org/apache/commons/commons-lang3/3.1/commons-lang3-3.1.pom (17 kB at 428 kB/s)
[579ae56b-7e72-400c-b378-c5eab9c81ee4/build]   | [INFO] Downloading from central: https://repo.maven.apache.org/maven2/org/apache/commons/commons-parent/22/commons-parent-22.pom
[579ae56b-7e72-400c-b378-c5eab9c81ee4/build]   | [INFO] Downloaded from central: https://repo.maven.apache.org/maven2/org/apache/commons/commons-parent/22/commons-parent-22.pom (42 kB at 1.2 MB/s)
[579ae56b-7e72-400c-b378-c5eab9c81ee4/build]   | [INFO] Downloading from central: https://repo.maven.apache.org/maven2/org/apache/apache/9/apache-9.pom
[579ae56b-7e72-400c-b378-c5eab9c81ee4/build]   | [INFO] Downloaded from central: https://repo.maven.apache.org/maven2/org/apache/apache/9/apache-9.pom (15 kB at 410 kB/s)
[579ae56b-7e72-400c-b378-c5eab9c81ee4/build]   | [INFO] Downloading from central: https://repo.maven.apache.org/maven2/org/apache/maven/shared/maven-common-artifact-filters/1.3/maven-common-artifact-filters-1.3.pom
[579ae56b-7e72-400c-b378-c5eab9c81ee4/build]   | [INFO] Downloaded from central: https://repo.maven.apache.org/maven2/org/apache/maven/shared/maven-common-artifact-filters/1.3/maven-common-artifact-filters-1.3.pom (3.7 kB at 112 kB/s)
[579ae56b-7e72-400c-b378-c5eab9c81ee4/build]   | [INFO] Downloading from central: https://repo.maven.apache.org/maven2/org/apache/maven/shared/maven-shared-components/12/maven-shared-components-12.pom
[579ae56b-7e72-400c-b378-c5eab9c81ee4/build]   | [INFO] Downloaded from central: https://repo.maven.apache.org/maven2/org/apache/maven/shared/maven-shared-components/12/maven-shared-components-12.pom (9.3 kB at 183 kB/s)
[579ae56b-7e72-400c-b378-c5eab9c81ee4/build]   | [INFO] Downloading from central: https://repo.maven.apache.org/maven2/org/apache/maven/maven-parent/13/maven-parent-13.pom
[579ae56b-7e72-400c-b378-c5eab9c81ee4/build]   | [INFO] Downloaded from central: https://repo.maven.apache.org/maven2/org/apache/maven/maven-parent/13/maven-parent-13.pom (23 kB at 666 kB/s)
[579ae56b-7e72-400c-b378-c5eab9c81ee4/build]   | [INFO] Downloading from central: https://repo.maven.apache.org/maven2/org/apache/apache/6/apache-6.pom
[579ae56b-7e72-400c-b378-c5eab9c81ee4/build]   | [INFO] Downloaded from central: https://repo.maven.apache.org/maven2/org/apache/apache/6/apache-6.pom (13 kB at 388 kB/s)
[579ae56b-7e72-400c-b378-c5eab9c81ee4/build]   | [INFO] Downloading from central: https://repo.maven.apache.org/maven2/org/codehaus/plexus/plexus-container-default/1.0-alpha-9/plexus-container-default-1.0-alpha-9.pom
[579ae56b-7e72-400c-b378-c5eab9c81ee4/build]   | [INFO] Downloaded from central: https://repo.maven.apache.org/maven2/org/codehaus/plexus/plexus-container-default/1.0-alpha-9/plexus-container-default-1.0-alpha-9.pom (1.2 kB at 30 kB/s)
[579ae56b-7e72-400c-b378-c5eab9c81ee4/build]   | [INFO] Downloading from central: https://repo.maven.apache.org/maven2/org/apache/maven/maven-plugin-api/2.0.9/maven-plugin-api-2.0.9.jar
[579ae56b-7e72-400c-b378-c5eab9c81ee4/build]   | [INFO] Downloading from central: https://repo.maven.apache.org/maven2/org/apache/maven/surefire/surefire-booter/2.12.4/surefire-booter-2.12.4.jar
[579ae56b-7e72-400c-b378-c5eab9c81ee4/build]   | [INFO] Downloading from central: https://repo.maven.apache.org/maven2/org/apache/maven/surefire/surefire-api/2.12.4/surefire-api-2.12.4.jar
[579ae56b-7e72-400c-b378-c5eab9c81ee4/build]   | [INFO] Downloading from central: https://repo.maven.apache.org/maven2/org/apache/maven/surefire/maven-surefire-common/2.12.4/maven-surefire-common-2.12.4.jar
[579ae56b-7e72-400c-b378-c5eab9c81ee4/build]   | [INFO] Downloading from central: https://repo.maven.apache.org/maven2/org/apache/commons/commons-lang3/3.1/commons-lang3-3.1.jar
[579ae56b-7e72-400c-b378-c5eab9c81ee4/build]   | [INFO] Downloaded from central: https://repo.maven.apache.org/maven2/org/apache/maven/surefire/surefire-booter/2.12.4/surefire-booter-2.12.4.jar (35 kB at 889 kB/s)
[579ae56b-7e72-400c-b378-c5eab9c81ee4/build]   | [INFO] Downloading from central: https://repo.maven.apache.org/maven2/org/apache/maven/shared/maven-common-artifact-filters/1.3/maven-common-artifact-filters-1.3.jar
[579ae56b-7e72-400c-b378-c5eab9c81ee4/build]   | [INFO] Downloaded from central: https://repo.maven.apache.org/maven2/org/apache/maven/maven-plugin-api/2.0.9/maven-plugin-api-2.0.9.jar (13 kB at 280 kB/s)
[579ae56b-7e72-400c-b378-c5eab9c81ee4/build]   | [INFO] Downloaded from central: https://repo.maven.apache.org/maven2/org/apache/maven/surefire/maven-surefire-common/2.12.4/maven-surefire-common-2.12.4.jar (263 kB at 5.8 MB/s)
[579ae56b-7e72-400c-b378-c5eab9c81ee4/build]   | [INFO] Downloading from central: https://repo.maven.apache.org/maven2/org/codehaus/plexus/plexus-utils/3.0.8/plexus-utils-3.0.8.jar
[579ae56b-7e72-400c-b378-c5eab9c81ee4/build]   | [INFO] Downloading from central: https://repo.maven.apache.org/maven2/org/apache/maven/maven-artifact/2.0.9/maven-artifact-2.0.9.jar
[579ae56b-7e72-400c-b378-c5eab9c81ee4/build]   | [INFO] Downloaded from central: https://repo.maven.apache.org/maven2/org/apache/maven/surefire/surefire-api/2.12.4/surefire-api-2.12.4.jar (118 kB at 2.6 MB/s)
[579ae56b-7e72-400c-b378-c5eab9c81ee4/build]   | [INFO] Downloading from central: https://repo.maven.apache.org/maven2/org/apache/maven/maven-project/2.0.9/maven-project-2.0.9.jar
[579ae56b-7e72-400c-b378-c5eab9c81ee4/build]   | [INFO] Downloaded from central: https://repo.maven.apache.org/maven2/org/apache/commons/commons-lang3/3.1/commons-lang3-3.1.jar (316 kB at 6.7 MB/s)
[579ae56b-7e72-400c-b378-c5eab9c81ee4/build]   | [INFO] Downloading from central: https://repo.maven.apache.org/maven2/org/apache/maven/maven-settings/2.0.9/maven-settings-2.0.9.jar
[579ae56b-7e72-400c-b378-c5eab9c81ee4/build]   | [INFO] Downloaded from central: https://repo.maven.apache.org/maven2/org/apache/maven/shared/maven-common-artifact-filters/1.3/maven-common-artifact-filters-1.3.jar (31 kB at 409 kB/s)
[579ae56b-7e72-400c-b378-c5eab9c81ee4/build]   | [INFO] Downloading from central: https://repo.maven.apache.org/maven2/org/apache/maven/maven-profile/2.0.9/maven-profile-2.0.9.jar
[579ae56b-7e72-400c-b378-c5eab9c81ee4/build]   | [INFO] Downloaded from central: https://repo.maven.apache.org/maven2/org/apache/maven/maven-artifact/2.0.9/maven-artifact-2.0.9.jar (89 kB at 1.1 MB/s)
[579ae56b-7e72-400c-b378-c5eab9c81ee4/build]   | [INFO] Downloading from central: https://repo.maven.apache.org/maven2/org/apache/maven/maven-model/2.0.9/maven-model-2.0.9.jar
[579ae56b-7e72-400c-b378-c5eab9c81ee4/build]   | [INFO] Downloaded from central: https://repo.maven.apache.org/maven2/org/apache/maven/maven-settings/2.0.9/maven-settings-2.0.9.jar (49 kB at 578 kB/s)
[579ae56b-7e72-400c-b378-c5eab9c81ee4/build]   | [INFO] Downloading from central: https://repo.maven.apache.org/maven2/org/apache/maven/maven-artifact-manager/2.0.9/maven-artifact-manager-2.0.9.jar
[579ae56b-7e72-400c-b378-c5eab9c81ee4/build]   | [INFO] Downloaded from central: https://repo.maven.apache.org/maven2/org/apache/maven/maven-project/2.0.9/maven-project-2.0.9.jar (122 kB at 1.3 MB/s)
[579ae56b-7e72-400c-b378-c5eab9c81ee4/build]   | [INFO] Downloading from central: https://repo.maven.apache.org/maven2/org/apache/maven/maven-plugin-registry/2.0.9/maven-plugin-registry-2.0.9.jar
[579ae56b-7e72-400c-b378-c5eab9c81ee4/build]   | [INFO] Downloaded from central: https://repo.maven.apache.org/maven2/org/codehaus/plexus/plexus-utils/3.0.8/plexus-utils-3.0.8.jar (232 kB at 2.4 MB/s)
[579ae56b-7e72-400c-b378-c5eab9c81ee4/build]   | [INFO] Downloading from central: https://repo.maven.apache.org/maven2/org/apache/maven/maven-core/2.0.9/maven-core-2.0.9.jar
[579ae56b-7e72-400c-b378-c5eab9c81ee4/build]   | [INFO] Downloaded from central: https://repo.maven.apache.org/maven2/org/apache/maven/maven-profile/2.0.9/maven-profile-2.0.9.jar (35 kB at 350 kB/s)
[579ae56b-7e72-400c-b378-c5eab9c81ee4/build]   | [INFO] Downloading from central: https://repo.maven.apache.org/maven2/org/apache/maven/maven-plugin-parameter-documenter/2.0.9/maven-plugin-parameter-documenter-2.0.9.jar
[579ae56b-7e72-400c-b378-c5eab9c81ee4/build]   | [INFO] Downloaded from central: https://repo.maven.apache.org/maven2/org/apache/maven/maven-model/2.0.9/maven-model-2.0.9.jar (87 kB at 794 kB/s)
[579ae56b-7e72-400c-b378-c5eab9c81ee4/build]   | [INFO] Downloading from central: https://repo.maven.apache.org/maven2/org/apache/maven/reporting/maven-reporting-api/2.0.9/maven-reporting-api-2.0.9.jar
[579ae56b-7e72-400c-b378-c5eab9c81ee4/build]   | [INFO] Downloaded from central: https://repo.maven.apache.org/maven2/org/apache/maven/maven-plugin-registry/2.0.9/maven-plugin-registry-2.0.9.jar (29 kB at 262 kB/s)
[579ae56b-7e72-400c-b378-c5eab9c81ee4/build]   | [INFO] Downloading from central: https://repo.maven.apache.org/maven2/org/apache/maven/maven-repository-metadata/2.0.9/maven-repository-metadata-2.0.9.jar
[579ae56b-7e72-400c-b378-c5eab9c81ee4/build]   | [INFO] Downloaded from central: https://repo.maven.apache.org/maven2/org/apache/maven/maven-artifact-manager/2.0.9/maven-artifact-manager-2.0.9.jar (58 kB at 512 kB/s)
[579ae56b-7e72-400c-b378-c5eab9c81ee4/build]   | [INFO] Downloading from central: https://repo.maven.apache.org/maven2/org/apache/maven/maven-error-diagnostics/2.0.9/maven-error-diagnostics-2.0.9.jar
[579ae56b-7e72-400c-b378-c5eab9c81ee4/build]   | [INFO] Downloaded from central: https://repo.maven.apache.org/maven2/org/apache/maven/maven-core/2.0.9/maven-core-2.0.9.jar (160 kB at 1.2 MB/s)
[579ae56b-7e72-400c-b378-c5eab9c81ee4/build]   | [INFO] Downloading from central: https://repo.maven.apache.org/maven2/org/apache/maven/maven-plugin-descriptor/2.0.9/maven-plugin-descriptor-2.0.9.jar
[579ae56b-7e72-400c-b378-c5eab9c81ee4/build]   | [INFO] Downloaded from central: https://repo.maven.apache.org/maven2/org/apache/maven/maven-plugin-parameter-documenter/2.0.9/maven-plugin-parameter-documenter-2.0.9.jar (21 kB at 162 kB/s)
[579ae56b-7e72-400c-b378-c5eab9c81ee4/build]   | [INFO] Downloading from central: https://repo.maven.apache.org/maven2/org/apache/maven/maven-monitor/2.0.9/maven-monitor-2.0.9.jar
[579ae56b-7e72-400c-b378-c5eab9c81ee4/build]   | [INFO] Downloaded from central: https://repo.maven.apache.org/maven2/org/apache/maven/maven-repository-metadata/2.0.9/maven-repository-metadata-2.0.9.jar (25 kB at 186 kB/s)
[579ae56b-7e72-400c-b378-c5eab9c81ee4/build]   | [INFO] Downloading from central: https://repo.maven.apache.org/maven2/org/apache/maven/maven-toolchain/2.0.9/maven-toolchain-2.0.9.jar
[579ae56b-7e72-400c-b378-c5eab9c81ee4/build]   | [INFO] Downloaded from central: https://repo.maven.apache.org/maven2/org/apache/maven/maven-error-diagnostics/2.0.9/maven-error-diagnostics-2.0.9.jar (14 kB at 101 kB/s)
[579ae56b-7e72-400c-b378-c5eab9c81ee4/build]   | [INFO] Downloading from central: https://repo.maven.apache.org/maven2/org/apache/maven/plugin-tools/maven-plugin-annotations/3.1/maven-plugin-annotations-3.1.jar
[579ae56b-7e72-400c-b378-c5eab9c81ee4/build]   | [INFO] Downloaded from central: https://repo.maven.apache.org/maven2/org/apache/maven/reporting/maven-reporting-api/2.0.9/maven-reporting-api-2.0.9.jar (10 kB at 72 kB/s)
[579ae56b-7e72-400c-b378-c5eab9c81ee4/build]   | [INFO] Downloaded from central: https://repo.maven.apache.org/maven2/org/apache/maven/maven-plugin-descriptor/2.0.9/maven-plugin-descriptor-2.0.9.jar (37 kB at 236 kB/s)
[579ae56b-7e72-400c-b378-c5eab9c81ee4/build]   | [INFO] Downloaded from central: https://repo.maven.apache.org/maven2/org/apache/maven/maven-toolchain/2.0.9/maven-toolchain-2.0.9.jar (38 kB at 236 kB/s)
[579ae56b-7e72-400c-b378-c5eab9c81ee4/build]   | [INFO] Downloaded from central: https://repo.maven.apache.org/maven2/org/apache/maven/maven-monitor/2.0.9/maven-monitor-2.0.9.jar (10 kB at 64 kB/s)
[579ae56b-7e72-400c-b378-c5eab9c81ee4/build]   | [INFO] Downloaded from central: https://repo.maven.apache.org/maven2/org/apache/maven/plugin-tools/maven-plugin-annotations/3.1/maven-plugin-annotations-3.1.jar (14 kB at 83 kB/s)
[579ae56b-7e72-400c-b378-c5eab9c81ee4/build]   | [INFO] Surefire report directory: /tmp/30b63549-b4c7-41d3-9ede-8266e13efa15/target/surefire-reports
[579ae56b-7e72-400c-b378-c5eab9c81ee4/build]   | [INFO] Downloading from central: https://repo.maven.apache.org/maven2/org/apache/maven/surefire/surefire-junit4/2.12.4/surefire-junit4-2.12.4.pom
[579ae56b-7e72-400c-b378-c5eab9c81ee4/build]   | [INFO] Downloaded from central: https://repo.maven.apache.org/maven2/org/apache/maven/surefire/surefire-junit4/2.12.4/surefire-junit4-2.12.4.pom (2.4 kB at 50 kB/s)
[579ae56b-7e72-400c-b378-c5eab9c81ee4/build]   | [INFO] Downloading from central: https://repo.maven.apache.org/maven2/org/apache/maven/surefire/surefire-providers/2.12.4/surefire-providers-2.12.4.pom
[579ae56b-7e72-400c-b378-c5eab9c81ee4/build]   | [INFO] Downloaded from central: https://repo.maven.apache.org/maven2/org/apache/maven/surefire/surefire-providers/2.12.4/surefire-providers-2.12.4.pom (2.3 kB at 102 kB/s)
[579ae56b-7e72-400c-b378-c5eab9c81ee4/build]   | [INFO] Downloading from central: https://repo.maven.apache.org/maven2/org/apache/maven/surefire/surefire-junit4/2.12.4/surefire-junit4-2.12.4.jar
[579ae56b-7e72-400c-b378-c5eab9c81ee4/build]   | [INFO] Downloaded from central: https://repo.maven.apache.org/maven2/org/apache/maven/surefire/surefire-junit4/2.12.4/surefire-junit4-2.12.4.jar (37 kB at 738 kB/s)
[579ae56b-7e72-400c-b378-c5eab9c81ee4/build]   | 
[579ae56b-7e72-400c-b378-c5eab9c81ee4/build]   | -------------------------------------------------------
[579ae56b-7e72-400c-b378-c5eab9c81ee4/build]   |  T E S T S
[579ae56b-7e72-400c-b378-c5eab9c81ee4/build]   | -------------------------------------------------------
[579ae56b-7e72-400c-b378-c5eab9c81ee4/build]   | Running org.netpreserve.jwarc.HttpParserTest
[579ae56b-7e72-400c-b378-c5eab9c81ee4/build]   | Tests run: 6, Failures: 0, Errors: 0, Skipped: 0, Time elapsed: 0.071 sec
[579ae56b-7e72-400c-b378-c5eab9c81ee4/build]   | Running org.netpreserve.jwarc.GzipChannelTest
[579ae56b-7e72-400c-b378-c5eab9c81ee4/build]   | Tests run: 4, Failures: 0, Errors: 0, Skipped: 0, Time elapsed: 0.01 sec
[579ae56b-7e72-400c-b378-c5eab9c81ee4/build]   | Running org.netpreserve.jwarc.HttpRequestTest
[579ae56b-7e72-400c-b378-c5eab9c81ee4/build]   | Tests run: 3, Failures: 0, Errors: 0, Skipped: 0, Time elapsed: 0.008 sec
[579ae56b-7e72-400c-b378-c5eab9c81ee4/build]   | Running org.netpreserve.jwarc.WarcDigestTest
[579ae56b-7e72-400c-b378-c5eab9c81ee4/build]   | Tests run: 10, Failures: 0, Errors: 0, Skipped: 0, Time elapsed: 0.079 sec
[579ae56b-7e72-400c-b378-c5eab9c81ee4/build]   | Running org.netpreserve.jwarc.ChunkedBodyTest
[579ae56b-7e72-400c-b378-c5eab9c81ee4/build]   | Tests run: 6, Failures: 0, Errors: 0, Skipped: 0, Time elapsed: 0.012 sec
[579ae56b-7e72-400c-b378-c5eab9c81ee4/build]   | Running org.netpreserve.jwarc.GunzipChannelTest
[579ae56b-7e72-400c-b378-c5eab9c81ee4/build]   | Tests run: 6, Failures: 0, Errors: 0, Skipped: 1, Time elapsed: 0.011 sec
[579ae56b-7e72-400c-b378-c5eab9c81ee4/build]   | Running org.netpreserve.jwarc.WarcTargetRecordTest
[579ae56b-7e72-400c-b378-c5eab9c81ee4/build]   | Tests run: 2, Failures: 0, Errors: 0, Skipped: 0, Time elapsed: 0.003 sec
[579ae56b-7e72-400c-b378-c5eab9c81ee4/build]   | Running org.netpreserve.jwarc.HttpResponseTest
[579ae56b-7e72-400c-b378-c5eab9c81ee4/build]   | Tests run: 2, Failures: 0, Errors: 0, Skipped: 0, Time elapsed: 0.006 sec
[579ae56b-7e72-400c-b378-c5eab9c81ee4/build]   | Running org.netpreserve.jwarc.URIsTest
[579ae56b-7e72-400c-b378-c5eab9c81ee4/build]   | Tests run: 1, Failures: 0, Errors: 0, Skipped: 0, Time elapsed: 0.002 sec
[579ae56b-7e72-400c-b378-c5eab9c81ee4/build]   | Running org.netpreserve.jwarc.cdx.CdxFormatTest
[579ae56b-7e72-400c-b378-c5eab9c81ee4/build]   | Tests run: 4, Failures: 0, Errors: 0, Skipped: 0, Time elapsed: 0.046 sec
[579ae56b-7e72-400c-b378-c5eab9c81ee4/build]   | Running org.netpreserve.jwarc.cdx.JsonTokenizerTest
[579ae56b-7e72-400c-b378-c5eab9c81ee4/build]   | Tests run: 1, Failures: 0, Errors: 0, Skipped: 0, Time elapsed: 0.005 sec
[579ae56b-7e72-400c-b378-c5eab9c81ee4/build]   | Running org.netpreserve.jwarc.cdx.CdxWriterTest
[579ae56b-7e72-400c-b378-c5eab9c81ee4/build]   | Tests run: 1, Failures: 0, Errors: 0, Skipped: 0, Time elapsed: 0.035 sec
[579ae56b-7e72-400c-b378-c5eab9c81ee4/build]   | Running org.netpreserve.jwarc.cdx.CdxReaderTest
[579ae56b-7e72-400c-b378-c5eab9c81ee4/build]   | Tests run: 1, Failures: 0, Errors: 0, Skipped: 0, Time elapsed: 0.006 sec
[579ae56b-7e72-400c-b378-c5eab9c81ee4/build]   | Running org.netpreserve.jwarc.cdx.CdxRequestEncoderTest
[579ae56b-7e72-400c-b378-c5eab9c81ee4/build]   | Tests run: 2, Failures: 0, Errors: 0, Skipped: 1, Time elapsed: 0.046 sec
[579ae56b-7e72-400c-b378-c5eab9c81ee4/build]   | Running org.netpreserve.jwarc.MessageHeadersTest
[579ae56b-7e72-400c-b378-c5eab9c81ee4/build]   | Tests run: 1, Failures: 0, Errors: 0, Skipped: 0, Time elapsed: 0.007 sec
[579ae56b-7e72-400c-b378-c5eab9c81ee4/build]   | Running org.netpreserve.jwarc.LengthedBodyTest
[579ae56b-7e72-400c-b378-c5eab9c81ee4/build]   | Tests run: 1, Failures: 0, Errors: 0, Skipped: 0, Time elapsed: 0 sec
[579ae56b-7e72-400c-b378-c5eab9c81ee4/build]   | Running org.netpreserve.jwarc.WarcRecordTest
[579ae56b-7e72-400c-b378-c5eab9c81ee4/build]   | Tests run: 2, Failures: 0, Errors: 0, Skipped: 0, Time elapsed: 0.002 sec
[579ae56b-7e72-400c-b378-c5eab9c81ee4/build]   | Running org.netpreserve.jwarc.apitests.MediaTypeTest
[579ae56b-7e72-400c-b378-c5eab9c81ee4/build]   | Tests run: 1, Failures: 0, Errors: 0, Skipped: 0, Time elapsed: 0.004 sec
[579ae56b-7e72-400c-b378-c5eab9c81ee4/build]   | Running org.netpreserve.jwarc.apitests.MessageVersionTest
[579ae56b-7e72-400c-b378-c5eab9c81ee4/build]   | Tests run: 1, Failures: 0, Errors: 0, Skipped: 0, Time elapsed: 0 sec
[579ae56b-7e72-400c-b378-c5eab9c81ee4/build]   | Running org.netpreserve.jwarc.apitests.WarcReaderTest
[579ae56b-7e72-400c-b378-c5eab9c81ee4/build]   | Failed testing pre-populated buffer of 1188 bytes length
[579ae56b-7e72-400c-b378-c5eab9c81ee4/build]   | Tests run: 9, Failures: 0, Errors: 0, Skipped: 1, Time elapsed: 0.688 sec
[579ae56b-7e72-400c-b378-c5eab9c81ee4/build]   | Running org.netpreserve.jwarc.apitests.WarcinfoTest
[579ae56b-7e72-400c-b378-c5eab9c81ee4/build]   | Tests run: 2, Failures: 0, Errors: 0, Skipped: 0, Time elapsed: 0.006 sec
[579ae56b-7e72-400c-b378-c5eab9c81ee4/build]   | Running org.netpreserve.jwarc.apitests.WarcConversionTest
[579ae56b-7e72-400c-b378-c5eab9c81ee4/build]   | Tests run: 2, Failures: 0, Errors: 0, Skipped: 0, Time elapsed: 0.004 sec
[579ae56b-7e72-400c-b378-c5eab9c81ee4/build]   | Running org.netpreserve.jwarc.apitests.ArcTest
[579ae56b-7e72-400c-b378-c5eab9c81ee4/build]   | Tests run: 1, Failures: 0, Errors: 0, Skipped: 0, Time elapsed: 0.013 sec
[579ae56b-7e72-400c-b378-c5eab9c81ee4/build]   | Running org.netpreserve.jwarc.apitests.WarcResourceTest
[579ae56b-7e72-400c-b378-c5eab9c81ee4/build]   | Tests run: 1, Failures: 0, Errors: 0, Skipped: 0, Time elapsed: 0.001 sec
[579ae56b-7e72-400c-b378-c5eab9c81ee4/build]   | Running org.netpreserve.jwarc.apitests.WarcRevisitTest
[579ae56b-7e72-400c-b378-c5eab9c81ee4/build]   | Tests run: 3, Failures: 0, Errors: 0, Skipped: 0, Time elapsed: 0.011 sec
[579ae56b-7e72-400c-b378-c5eab9c81ee4/build]   | Running org.netpreserve.jwarc.apitests.WarcFilterTest
[579ae56b-7e72-400c-b378-c5eab9c81ee4/build]   | Tests run: 1, Failures: 0, Errors: 0, Skipped: 0, Time elapsed: 0.029 sec
[579ae56b-7e72-400c-b378-c5eab9c81ee4/build]   | Running org.netpreserve.jwarc.apitests.WarcResponseTest
[579ae56b-7e72-400c-b378-c5eab9c81ee4/build]   | Tests run: 6, Failures: 0, Errors: 0, Skipped: 0, Time elapsed: 0.025 sec
[579ae56b-7e72-400c-b378-c5eab9c81ee4/build]   | Running org.netpreserve.jwarc.apitests.WarcWriterTest
[579ae56b-7e72-400c-b378-c5eab9c81ee4/build]   | Tests run: 2, Failures: 0, Errors: 0, Skipped: 0, Time elapsed: 0.169 sec
[579ae56b-7e72-400c-b378-c5eab9c81ee4/build]   | Running org.netpreserve.jwarc.apitests.WarcRequestTest
[579ae56b-7e72-400c-b378-c5eab9c81ee4/build]   | Tests run: 4, Failures: 0, Errors: 0, Skipped: 0, Time elapsed: 0.006 sec
[579ae56b-7e72-400c-b378-c5eab9c81ee4/build]   | Running org.netpreserve.jwarc.apitests.WarcMetadataTest
[579ae56b-7e72-400c-b378-c5eab9c81ee4/build]   | Tests run: 2, Failures: 0, Errors: 0, Skipped: 0, Time elapsed: 0.002 sec
[579ae56b-7e72-400c-b378-c5eab9c81ee4/build]   | Running org.netpreserve.jwarc.apitests.WarcContinuationTest
[579ae56b-7e72-400c-b378-c5eab9c81ee4/build]   | Tests run: 2, Failures: 0, Errors: 0, Skipped: 0, Time elapsed: 0.003 sec
[579ae56b-7e72-400c-b378-c5eab9c81ee4/build]   | Running org.netpreserve.jwarc.WarcParserTest
[579ae56b-7e72-400c-b378-c5eab9c81ee4/build]   | Tests run: 2, Failures: 0, Errors: 0, Skipped: 0, Time elapsed: 0.002 sec
[579ae56b-7e72-400c-b378-c5eab9c81ee4/build]   | Running org.netpreserve.jwarc.net.WarcServerTest
[579ae56b-7e72-400c-b378-c5eab9c81ee4/build]   | Tests run: 1, Failures: 0, Errors: 0, Skipped: 0, Time elapsed: 0.095 sec
[579ae56b-7e72-400c-b378-c5eab9c81ee4/build]   | 
[579ae56b-7e72-400c-b378-c5eab9c81ee4/build]   | Results :
[579ae56b-7e72-400c-b378-c5eab9c81ee4/build]   | 
[579ae56b-7e72-400c-b378-c5eab9c81ee4/build]   | Tests run: 93, Failures: 0, Errors: 0, Skipped: 3
[579ae56b-7e72-400c-b378-c5eab9c81ee4/build]   | 
[579ae56b-7e72-400c-b378-c5eab9c81ee4/build]   | [INFO] 
[579ae56b-7e72-400c-b378-c5eab9c81ee4/build]   | [INFO] --- maven-jar-plugin:3.2.2:jar (default-jar) @ jwarc ---
[579ae56b-7e72-400c-b378-c5eab9c81ee4/build]   | [INFO] Downloading from central: https://repo.maven.apache.org/maven2/org/apache/maven/maven-plugin-api/3.1.0/maven-plugin-api-3.1.0.pom
[579ae56b-7e72-400c-b378-c5eab9c81ee4/build]   | [INFO] Downloaded from central: https://repo.maven.apache.org/maven2/org/apache/maven/maven-plugin-api/3.1.0/maven-plugin-api-3.1.0.pom (3.0 kB at 56 kB/s)
[579ae56b-7e72-400c-b378-c5eab9c81ee4/build]   | [INFO] Downloading from central: https://repo.maven.apache.org/maven2/org/apache/maven/maven/3.1.0/maven-3.1.0.pom
[579ae56b-7e72-400c-b378-c5eab9c81ee4/build]   | [INFO] Downloaded from central: https://repo.maven.apache.org/maven2/org/apache/maven/maven/3.1.0/maven-3.1.0.pom (22 kB at 559 kB/s)
[579ae56b-7e72-400c-b378-c5eab9c81ee4/build]   | [INFO] Downloading from central: https://repo.maven.apache.org/maven2/org/apache/maven/maven-model/3.1.0/maven-model-3.1.0.pom
[579ae56b-7e72-400c-b378-c5eab9c81ee4/build]   | [INFO] Downloaded from central: https://repo.maven.apache.org/maven2/org/apache/maven/maven-model/3.1.0/maven-model-3.1.0.pom (3.8 kB at 95 kB/s)
[579ae56b-7e72-400c-b378-c5eab9c81ee4/build]   | [INFO] Downloading from central: https://repo.maven.apache.org/maven2/org/codehaus/plexus/plexus-utils/3.0.10/plexus-utils-3.0.10.pom
[579ae56b-7e72-400c-b378-c5eab9c81ee4/build]   | [INFO] Downloaded from central: https://repo.maven.apache.org/maven2/org/codehaus/plexus/plexus-utils/3.0.10/plexus-utils-3.0.10.pom (3.1 kB at 71 kB/s)
[579ae56b-7e72-400c-b378-c5eab9c81ee4/build]   | [INFO] Downloading from central: https://repo.maven.apache.org/maven2/org/codehaus/plexus/plexus/3.3/plexus-3.3.pom
[579ae56b-7e72-400c-b378-c5eab9c81ee4/build]   | [INFO] Downloaded from central: https://repo.maven.apache.org/maven2/org/codehaus/plexus/plexus/3.3/plexus-3.3.pom (20 kB at 737 kB/s)
[579ae56b-7e72-400c-b378-c5eab9c81ee4/build]   | [INFO] Downloading from central: https://repo.maven.apache.org/maven2/org/apache/maven/maven-artifact/3.1.0/maven-artifact-3.1.0.pom
[579ae56b-7e72-400c-b378-c5eab9c81ee4/build]   | [INFO] Downloaded from central: https://repo.maven.apache.org/maven2/org/apache/maven/maven-artifact/3.1.0/maven-artifact-3.1.0.pom (1.6 kB at 35 kB/s)
[579ae56b-7e72-400c-b378-c5eab9c81ee4/build]   | [INFO] Downloading from central: https://repo.maven.apache.org/maven2/org/eclipse/sisu/org.eclipse.sisu.plexus/0.0.0.M2a/org.eclipse.sisu.plexus-0.0.0.M2a.pom
[579ae56b-7e72-400c-b378-c5eab9c81ee4/build]   | [INFO] Downloaded from central: https://repo.maven.apache.org/maven2/org/eclipse/sisu/org.eclipse.sisu.plexus/0.0.0.M2a/org.eclipse.sisu.plexus-0.0.0.M2a.pom (5.9 kB at 140 kB/s)
[579ae56b-7e72-400c-b378-c5eab9c81ee4/build]   | [INFO] Downloading from central: https://repo.maven.apache.org/maven2/org/eclipse/sisu/sisu-plexus/0.0.0.M2a/sisu-plexus-0.0.0.M2a.pom
[579ae56b-7e72-400c-b378-c5eab9c81ee4/build]   | [INFO] Downloaded from central: https://repo.maven.apache.org/maven2/org/eclipse/sisu/sisu-plexus/0.0.0.M2a/sisu-plexus-0.0.0.M2a.pom (7.9 kB at 168 kB/s)
[579ae56b-7e72-400c-b378-c5eab9c81ee4/build]   | [INFO] Downloading from central: https://repo.maven.apache.org/maven2/org/sonatype/oss/oss-parent/7/oss-parent-7.pom
[579ae56b-7e72-400c-b378-c5eab9c81ee4/build]   | [INFO] Downloaded from central: https://repo.maven.apache.org/maven2/org/sonatype/oss/oss-parent/7/oss-parent-7.pom (4.8 kB at 130 kB/s)
[579ae56b-7e72-400c-b378-c5eab9c81ee4/build]   | [INFO] Downloading from central: https://repo.maven.apache.org/maven2/javax/enterprise/cdi-api/1.0/cdi-api-1.0.pom
[579ae56b-7e72-400c-b378-c5eab9c81ee4/build]   | [INFO] Downloaded from central: https://repo.maven.apache.org/maven2/javax/enterprise/cdi-api/1.0/cdi-api-1.0.pom (1.4 kB at 28 kB/s)
[579ae56b-7e72-400c-b378-c5eab9c81ee4/build]   | [INFO] Downloading from central: https://repo.maven.apache.org/maven2/org/jboss/weld/weld-api-parent/1.0/weld-api-parent-1.0.pom
[579ae56b-7e72-400c-b378-c5eab9c81ee4/build]   | [INFO] Downloaded from central: https://repo.maven.apache.org/maven2/org/jboss/weld/weld-api-parent/1.0/weld-api-parent-1.0.pom (2.4 kB at 57 kB/s)
[579ae56b-7e72-400c-b378-c5eab9c81ee4/build]   | [INFO] Downloading from central: https://repo.maven.apache.org/maven2/org/jboss/weld/weld-api-bom/1.0/weld-api-bom-1.0.pom
[579ae56b-7e72-400c-b378-c5eab9c81ee4/build]   | [INFO] Downloaded from central: https://repo.maven.apache.org/maven2/org/jboss/weld/weld-api-bom/1.0/weld-api-bom-1.0.pom (7.9 kB at 240 kB/s)
[579ae56b-7e72-400c-b378-c5eab9c81ee4/build]   | [INFO] Downloading from central: https://repo.maven.apache.org/maven2/org/jboss/weld/weld-parent/6/weld-parent-6.pom
[579ae56b-7e72-400c-b378-c5eab9c81ee4/build]   | [INFO] Downloaded from central: https://repo.maven.apache.org/maven2/org/jboss/weld/weld-parent/6/weld-parent-6.pom (21 kB at 667 kB/s)
[579ae56b-7e72-400c-b378-c5eab9c81ee4/build]   | [INFO] Downloading from central: https://repo.maven.apache.org/maven2/javax/annotation/jsr250-api/1.0/jsr250-api-1.0.pom
[579ae56b-7e72-400c-b378-c5eab9c81ee4/build]   | [INFO] Downloaded from central: https://repo.maven.apache.org/maven2/javax/annotation/jsr250-api/1.0/jsr250-api-1.0.pom (1.0 kB at 28 kB/s)
[579ae56b-7e72-400c-b378-c5eab9c81ee4/build]   | [INFO] Downloading from central: https://repo.maven.apache.org/maven2/javax/inject/javax.inject/1/javax.inject-1.pom
[579ae56b-7e72-400c-b378-c5eab9c81ee4/build]   | [INFO] Downloaded from central: https://repo.maven.apache.org/maven2/javax/inject/javax.inject/1/javax.inject-1.pom (612 B at 24 kB/s)
[579ae56b-7e72-400c-b378-c5eab9c81ee4/build]   | [INFO] Downloading from central: https://repo.maven.apache.org/maven2/com/google/guava/guava/10.0.1/guava-10.0.1.pom
[579ae56b-7e72-400c-b378-c5eab9c81ee4/build]   | [INFO] Downloaded from central: https://repo.maven.apache.org/maven2/com/google/guava/guava/10.0.1/guava-10.0.1.pom (5.4 kB at 317 kB/s)
[579ae56b-7e72-400c-b378-c5eab9c81ee4/build]   | [INFO] Downloading from central: https://repo.maven.apache.org/maven2/com/google/guava/guava-parent/10.0.1/guava-parent-10.0.1.pom
[579ae56b-7e72-400c-b378-c5eab9c81ee4/build]   | [INFO] Downloaded from central: https://repo.maven.apache.org/maven2/com/google/guava/guava-parent/10.0.1/guava-parent-10.0.1.pom (2.0 kB at 82 kB/s)
[579ae56b-7e72-400c-b378-c5eab9c81ee4/build]   | [INFO] Downloading from central: https://repo.maven.apache.org/maven2/com/google/code/findbugs/jsr305/1.3.9/jsr305-1.3.9.pom
[579ae56b-7e72-400c-b378-c5eab9c81ee4/build]   | [INFO] Downloaded from central: https://repo.maven.apache.org/maven2/com/google/code/findbugs/jsr305/1.3.9/jsr305-1.3.9.pom (965 B at 33 kB/s)
[579ae56b-7e72-400c-b378-c5eab9c81ee4/build]   | [INFO] Downloading from central: https://repo.maven.apache.org/maven2/org/sonatype/sisu/sisu-guice/3.1.0/sisu-guice-3.1.0.pom
[579ae56b-7e72-400c-b378-c5eab9c81ee4/build]   | [INFO] Downloaded from central: https://repo.maven.apache.org/maven2/org/sonatype/sisu/sisu-guice/3.1.0/sisu-guice-3.1.0.pom (10 kB at 338 kB/s)
[579ae56b-7e72-400c-b378-c5eab9c81ee4/build]   | [INFO] Downloading from central: https://repo.maven.apache.org/maven2/org/sonatype/sisu/inject/guice-parent/3.1.0/guice-parent-3.1.0.pom
[579ae56b-7e72-400c-b378-c5eab9c81ee4/build]   | [INFO] Downloaded from central: https://repo.maven.apache.org/maven2/org/sonatype/sisu/inject/guice-parent/3.1.0/guice-parent-3.1.0.pom (11 kB at 364 kB/s)
[579ae56b-7e72-400c-b378-c5eab9c81ee4/build]   | [INFO] Downloading from central: https://repo.maven.apache.org/maven2/aopalliance/aopalliance/1.0/aopalliance-1.0.pom
[579ae56b-7e72-400c-b378-c5eab9c81ee4/build]   | [INFO] Downloaded from central: https://repo.maven.apache.org/maven2/aopalliance/aopalliance/1.0/aopalliance-1.0.pom (363 B at 4.9 kB/s)
[579ae56b-7e72-400c-b378-c5eab9c81ee4/build]   | [INFO] Downloading from central: https://repo.maven.apache.org/maven2/org/eclipse/sisu/org.eclipse.sisu.inject/0.0.0.M2a/org.eclipse.sisu.inject-0.0.0.M2a.pom
[579ae56b-7e72-400c-b378-c5eab9c81ee4/build]   | [INFO] Downloaded from central: https://repo.maven.apache.org/maven2/org/eclipse/sisu/org.eclipse.sisu.inject/0.0.0.M2a/org.eclipse.sisu.inject-0.0.0.M2a.pom (5.0 kB at 131 kB/s)
[579ae56b-7e72-400c-b378-c5eab9c81ee4/build]   | [INFO] Downloading from central: https://repo.maven.apache.org/maven2/org/eclipse/sisu/sisu-inject/0.0.0.M2a/sisu-inject-0.0.0.M2a.pom
[579ae56b-7e72-400c-b378-c5eab9c81ee4/build]   | [INFO] Downloaded from central: https://repo.maven.apache.org/maven2/org/eclipse/sisu/sisu-inject/0.0.0.M2a/sisu-inject-0.0.0.M2a.pom (7.8 kB at 182 kB/s)
[579ae56b-7e72-400c-b378-c5eab9c81ee4/build]   | [INFO] Downloading from central: https://repo.maven.apache.org/maven2/asm/asm/3.3.1/asm-3.3.1.pom
[579ae56b-7e72-400c-b378-c5eab9c81ee4/build]   | [INFO] Downloaded from central: https://repo.maven.apache.org/maven2/asm/asm/3.3.1/asm-3.3.1.pom (266 B at 6.0 kB/s)
[579ae56b-7e72-400c-b378-c5eab9c81ee4/build]   | [INFO] Downloading from central: https://repo.maven.apache.org/maven2/asm/asm-parent/3.3.1/asm-parent-3.3.1.pom
[579ae56b-7e72-400c-b378-c5eab9c81ee4/build]   | [INFO] Downloaded from central: https://repo.maven.apache.org/maven2/asm/asm-parent/3.3.1/asm-parent-3.3.1.pom (4.3 kB at 131 kB/s)
[579ae56b-7e72-400c-b378-c5eab9c81ee4/build]   | [INFO] Downloading from central: https://repo.maven.apache.org/maven2/org/codehaus/plexus/plexus-component-annotations/2.0.0/plexus-component-annotations-2.0.0.pom
[579ae56b-7e72-400c-b378-c5eab9c81ee4/build]   | [INFO] Downloaded from central: https://repo.maven.apache.org/maven2/org/codehaus/plexus/plexus-component-annotations/2.0.0/plexus-component-annotations-2.0.0.pom (750 B at 15 kB/s)
[579ae56b-7e72-400c-b378-c5eab9c81ee4/build]   | [INFO] Downloading from central: https://repo.maven.apache.org/maven2/org/codehaus/plexus/plexus-containers/2.0.0/plexus-containers-2.0.0.pom
[579ae56b-7e72-400c-b378-c5eab9c81ee4/build]   | [INFO] Downloaded from central: https://repo.maven.apache.org/maven2/org/codehaus/plexus/plexus-containers/2.0.0/plexus-containers-2.0.0.pom (4.8 kB at 98 kB/s)
[579ae56b-7e72-400c-b378-c5eab9c81ee4/build]   | [INFO] Downloading from central: https://repo.maven.apache.org/maven2/org/codehaus/plexus/plexus/5.1/plexus-5.1.pom
[579ae56b-7e72-400c-b378-c5eab9c81ee4/build]   | [INFO] Downloaded from central: https://repo.maven.apache.org/maven2/org/codehaus/plexus/plexus/5.1/plexus-5.1.pom (23 kB at 776 kB/s)
[579ae56b-7e72-400c-b378-c5eab9c81ee4/build]   | [INFO] Downloading from central: https://repo.maven.apache.org/maven2/org/codehaus/plexus/plexus-classworlds/2.4/plexus-classworlds-2.4.pom
[579ae56b-7e72-400c-b378-c5eab9c81ee4/build]   | [INFO] Downloaded from central: https://repo.maven.apache.org/maven2/org/codehaus/plexus/plexus-classworlds/2.4/plexus-classworlds-2.4.pom (3.9 kB at 97 kB/s)
[579ae56b-7e72-400c-b378-c5eab9c81ee4/build]   | [INFO] Downloading from central: https://repo.maven.apache.org/maven2/org/codehaus/plexus/plexus-utils/2.1/plexus-utils-2.1.pom
[579ae56b-7e72-400c-b378-c5eab9c81ee4/build]   | [INFO] Downloaded from central: https://repo.maven.apache.org/maven2/org/codehaus/plexus/plexus-utils/2.1/plexus-utils-2.1.pom (4.0 kB at 139 kB/s)
[579ae56b-7e72-400c-b378-c5eab9c81ee4/build]   | [INFO] Downloading from central: https://repo.maven.apache.org/maven2/org/sonatype/spice/spice-parent/16/spice-parent-16.pom
[579ae56b-7e72-400c-b378-c5eab9c81ee4/build]   | [INFO] Downloaded from central: https://repo.maven.apache.org/maven2/org/sonatype/spice/spice-parent/16/spice-parent-16.pom (8.4 kB at 232 kB/s)
[579ae56b-7e72-400c-b378-c5eab9c81ee4/build]   | [INFO] Downloading from central: https://repo.maven.apache.org/maven2/org/sonatype/forge/forge-parent/5/forge-parent-5.pom
[579ae56b-7e72-400c-b378-c5eab9c81ee4/build]   | [INFO] Downloaded from central: https://repo.maven.apache.org/maven2/org/sonatype/forge/forge-parent/5/forge-parent-5.pom (8.4 kB at 214 kB/s)
[579ae56b-7e72-400c-b378-c5eab9c81ee4/build]   | [INFO] Downloading from central: https://repo.maven.apache.org/maven2/org/apache/maven/maven-core/3.1.0/maven-core-3.1.0.pom
[579ae56b-7e72-400c-b378-c5eab9c81ee4/build]   | [INFO] Downloaded from central: https://repo.maven.apache.org/maven2/org/apache/maven/maven-core/3.1.0/maven-core-3.1.0.pom (6.9 kB at 266 kB/s)
[579ae56b-7e72-400c-b378-c5eab9c81ee4/build]   | [INFO] Downloading from central: https://repo.maven.apache.org/maven2/org/apache/maven/maven-settings/3.1.0/maven-settings-3.1.0.pom
[579ae56b-7e72-400c-b378-c5eab9c81ee4/build]   | [INFO] Downloaded from central: https://repo.maven.apache.org/maven2/org/apache/maven/maven-settings/3.1.0/maven-settings-3.1.0.pom (1.8 kB at 46 kB/s)
[579ae56b-7e72-400c-b378-c5eab9c81ee4/build]   | [INFO] Downloading from central: https://repo.maven.apache.org/maven2/org/apache/maven/maven-settings-builder/3.1.0/maven-settings-builder-3.1.0.pom
[579ae56b-7e72-400c-b378-c5eab9c81ee4/build]   | [INFO] Downloaded from central: https://repo.maven.apache.org/maven2/org/apache/maven/maven-settings-builder/3.1.0/maven-settings-builder-3.1.0.pom (2.3 kB at 73 kB/s)
[579ae56b-7e72-400c-b378-c5eab9c81ee4/build]   | [INFO] Downloading from central: https://repo.maven.apache.org/maven2/org/codehaus/plexus/plexus-interpolation/1.16/plexus-interpolation-1.16.pom
[579ae56b-7e72-400c-b378-c5eab9c81ee4/build]   | [INFO] Downloaded from central: https://repo.maven.apache.org/maven2/org/codehaus/plexus/plexus-interpolation/1.16/plexus-interpolation-1.16.pom (1.0 kB at 30 kB/s)
[579ae56b-7e72-400c-b378-c5eab9c81ee4/build]   | [INFO] Downloading from central: https://repo.maven.apache.org/maven2/org/codehaus/plexus/plexus-components/1.3/plexus-components-1.3.pom
[579ae56b-7e72-400c-b378-c5eab9c81ee4/build]   | [INFO] Downloaded from central: https://repo.maven.apache.org/maven2/org/codehaus/plexus/plexus-components/1.3/plexus-components-1.3.pom (3.1 kB at 105 kB/s)
[579ae56b-7e72-400c-b378-c5eab9c81ee4/build]   | [INFO] Downloading from central: https://repo.maven.apache.org/maven2/org/sonatype/plexus/plexus-sec-dispatcher/1.3/plexus-sec-dispatcher-1.3.pom
[579ae56b-7e72-400c-b378-c5eab9c81ee4/build]   | [INFO] Downloaded from central: https://repo.maven.apache.org/maven2/org/sonatype/plexus/plexus-sec-dispatcher/1.3/plexus-sec-dispatcher-1.3.pom (3.0 kB at 57 kB/s)
[579ae56b-7e72-400c-b378-c5eab9c81ee4/build]   | [INFO] Downloading from central: https://repo.maven.apache.org/maven2/org/sonatype/spice/spice-parent/12/spice-parent-12.pom
[579ae56b-7e72-400c-b378-c5eab9c81ee4/build]   | [INFO] Downloaded from central: https://repo.maven.apache.org/maven2/org/sonatype/spice/spice-parent/12/spice-parent-12.pom (6.8 kB at 148 kB/s)
[579ae56b-7e72-400c-b378-c5eab9c81ee4/build]   | [INFO] Downloading from central: https://repo.maven.apache.org/maven2/org/sonatype/forge/forge-parent/4/forge-parent-4.pom
[579ae56b-7e72-400c-b378-c5eab9c81ee4/build]   | [INFO] Downloaded from central: https://repo.maven.apache.org/maven2/org/sonatype/forge/forge-parent/4/forge-parent-4.pom (8.4 kB at 240 kB/s)
[579ae56b-7e72-400c-b378-c5eab9c81ee4/build]   | [INFO] Downloading from central: https://repo.maven.apache.org/maven2/org/codehaus/plexus/plexus-utils/1.5.5/plexus-utils-1.5.5.pom
[579ae56b-7e72-400c-b378-c5eab9c81ee4/build]   | [INFO] Downloaded from central: https://repo.maven.apache.org/maven2/org/codehaus/plexus/plexus-utils/1.5.5/plexus-utils-1.5.5.pom (5.1 kB at 107 kB/s)
[579ae56b-7e72-400c-b378-c5eab9c81ee4/build]   | [INFO] Downloading from central: https://repo.maven.apache.org/maven2/org/sonatype/plexus/plexus-cipher/1.4/plexus-cipher-1.4.pom
[579ae56b-7e72-400c-b378-c5eab9c81ee4/build]   | [INFO] Downloaded from central: https://repo.maven.apache.org/maven2/org/sonatype/plexus/plexus-cipher/1.4/plexus-cipher-1.4.pom (2.1 kB at 54 kB/s)
[579ae56b-7e72-400c-b378-c5eab9c81ee4/build]   | [INFO] Downloading from central: https://repo.maven.apache.org/maven2/org/apache/maven/maven-repository-metadata/3.1.0/maven-repository-metadata-3.1.0.pom
[579ae56b-7e72-400c-b378-c5eab9c81ee4/build]   | [INFO] Downloaded from central: https://repo.maven.apache.org/maven2/org/apache/maven/maven-repository-metadata/3.1.0/maven-repository-metadata-3.1.0.pom (1.9 kB at 70 kB/s)
[579ae56b-7e72-400c-b378-c5eab9c81ee4/build]   | [INFO] Downloading from central: https://repo.maven.apache.org/maven2/org/apache/maven/maven-model-builder/3.1.0/maven-model-builder-3.1.0.pom
[579ae56b-7e72-400c-b378-c5eab9c81ee4/build]   | [INFO] Downloaded from central: https://repo.maven.apache.org/maven2/org/apache/maven/maven-model-builder/3.1.0/maven-model-builder-3.1.0.pom (2.5 kB at 67 kB/s)
[579ae56b-7e72-400c-b378-c5eab9c81ee4/build]   | [INFO] Downloading from central: https://repo.maven.apache.org/maven2/org/apache/maven/maven-aether-provider/3.1.0/maven-aether-provider-3.1.0.pom
[579ae56b-7e72-400c-b378-c5eab9c81ee4/build]   | [INFO] Downloaded from central: https://repo.maven.apache.org/maven2/org/apache/maven/maven-aether-provider/3.1.0/maven-aether-provider-3.1.0.pom (3.5 kB at 69 kB/s)
[579ae56b-7e72-400c-b378-c5eab9c81ee4/build]   | [INFO] Downloading from central: https://repo.maven.apache.org/maven2/org/eclipse/aether/aether-api/0.9.0.M2/aether-api-0.9.0.M2.pom
[579ae56b-7e72-400c-b378-c5eab9c81ee4/build]   | [INFO] Downloaded from central: https://repo.maven.apache.org/maven2/org/eclipse/aether/aether-api/0.9.0.M2/aether-api-0.9.0.M2.pom (1.7 kB at 72 kB/s)
[579ae56b-7e72-400c-b378-c5eab9c81ee4/build]   | [INFO] Downloading from central: https://repo.maven.apache.org/maven2/org/eclipse/aether/aether/0.9.0.M2/aether-0.9.0.M2.pom
[579ae56b-7e72-400c-b378-c5eab9c81ee4/build]   | [INFO] Downloaded from central: https://repo.maven.apache.org/maven2/org/eclipse/aether/aether/0.9.0.M2/aether-0.9.0.M2.pom (28 kB at 1.5 MB/s)
[579ae56b-7e72-400c-b378-c5eab9c81ee4/build]   | [INFO] Downloading from central: https://repo.maven.apache.org/maven2/org/eclipse/aether/aether-spi/0.9.0.M2/aether-spi-0.9.0.M2.pom
[579ae56b-7e72-400c-b378-c5eab9c81ee4/build]   | [INFO] Downloaded from central: https://repo.maven.apache.org/maven2/org/eclipse/aether/aether-spi/0.9.0.M2/aether-spi-0.9.0.M2.pom (1.8 kB at 53 kB/s)
[579ae56b-7e72-400c-b378-c5eab9c81ee4/build]   | [INFO] Downloading from central: https://repo.maven.apache.org/maven2/org/eclipse/aether/aether-util/0.9.0.M2/aether-util-0.9.0.M2.pom
[579ae56b-7e72-400c-b378-c5eab9c81ee4/build]   | [INFO] Downloaded from central: https://repo.maven.apache.org/maven2/org/eclipse/aether/aether-util/0.9.0.M2/aether-util-0.9.0.M2.pom (2.0 kB at 66 kB/s)
[579ae56b-7e72-400c-b378-c5eab9c81ee4/build]   | [INFO] Downloading from central: https://repo.maven.apache.org/maven2/org/eclipse/aether/aether-impl/0.9.0.M2/aether-impl-0.9.0.M2.pom
[579ae56b-7e72-400c-b378-c5eab9c81ee4/build]   | [INFO] Downloaded from central: https://repo.maven.apache.org/maven2/org/eclipse/aether/aether-impl/0.9.0.M2/aether-impl-0.9.0.M2.pom (3.3 kB at 124 kB/s)
[579ae56b-7e72-400c-b378-c5eab9c81ee4/build]   | [INFO] Downloading from central: https://repo.maven.apache.org/maven2/org/codehaus/plexus/plexus-classworlds/2.4.2/plexus-classworlds-2.4.2.pom
[579ae56b-7e72-400c-b378-c5eab9c81ee4/build]   | [INFO] Downloaded from central: https://repo.maven.apache.org/maven2/org/codehaus/plexus/plexus-classworlds/2.4.2/plexus-classworlds-2.4.2.pom (3.5 kB at 219 kB/s)
[579ae56b-7e72-400c-b378-c5eab9c81ee4/build]   | [INFO] Downloading from central: https://repo.maven.apache.org/maven2/org/codehaus/plexus/plexus/3.0.1/plexus-3.0.1.pom
[579ae56b-7e72-400c-b378-c5eab9c81ee4/build]   | [INFO] Downloaded from central: https://repo.maven.apache.org/maven2/org/codehaus/plexus/plexus/3.0.1/plexus-3.0.1.pom (19 kB at 846 kB/s)
[579ae56b-7e72-400c-b378-c5eab9c81ee4/build]   | [INFO] Downloading from central: https://repo.maven.apache.org/maven2/org/apache/maven/shared/file-management/3.0.0/file-management-3.0.0.pom
[579ae56b-7e72-400c-b378-c5eab9c81ee4/build]   | [INFO] Downloaded from central: https://repo.maven.apache.org/maven2/org/apache/maven/shared/file-management/3.0.0/file-management-3.0.0.pom (4.7 kB at 162 kB/s)
[579ae56b-7e72-400c-b378-c5eab9c81ee4/build]   | [INFO] Downloading from central: https://repo.maven.apache.org/maven2/org/apache/maven/shared/maven-shared-components/22/maven-shared-components-22.pom
[579ae56b-7e72-400c-b378-c5eab9c81ee4/build]   | [INFO] Downloaded from central: https://repo.maven.apache.org/maven2/org/apache/maven/shared/maven-shared-components/22/maven-shared-components-22.pom (5.1 kB at 222 kB/s)
[579ae56b-7e72-400c-b378-c5eab9c81ee4/build]   | [INFO] Downloading from central: https://repo.maven.apache.org/maven2/org/apache/maven/maven-parent/27/maven-parent-27.pom
[579ae56b-7e72-400c-b378-c5eab9c81ee4/build]   | [INFO] Downloaded from central: https://repo.maven.apache.org/maven2/org/apache/maven/maven-parent/27/maven-parent-27.pom (41 kB at 1.8 MB/s)
[579ae56b-7e72-400c-b378-c5eab9c81ee4/build]   | [INFO] Downloading from central: https://repo.maven.apache.org/maven2/org/apache/apache/17/apache-17.pom
[579ae56b-7e72-400c-b378-c5eab9c81ee4/build]   | [INFO] Downloaded from central: https://repo.maven.apache.org/maven2/org/apache/apache/17/apache-17.pom (16 kB at 392 kB/s)
[579ae56b-7e72-400c-b378-c5eab9c81ee4/build]   | [INFO] Downloading from central: https://repo.maven.apache.org/maven2/org/apache/maven/maven-plugin-api/3.0/maven-plugin-api-3.0.pom
[579ae56b-7e72-400c-b378-c5eab9c81ee4/build]   | [INFO] Downloaded from central: https://repo.maven.apache.org/maven2/org/apache/maven/maven-plugin-api/3.0/maven-plugin-api-3.0.pom (2.3 kB at 65 kB/s)
[579ae56b-7e72-400c-b378-c5eab9c81ee4/build]   | [INFO] Downloading from central: https://repo.maven.apache.org/maven2/org/apache/maven/maven/3.0/maven-3.0.pom
[579ae56b-7e72-400c-b378-c5eab9c81ee4/build]   | [INFO] Downloaded from central: https://repo.maven.apache.org/maven2/org/apache/maven/maven/3.0/maven-3.0.pom (22 kB at 644 kB/s)
[579ae56b-7e72-400c-b378-c5eab9c81ee4/build]   | [INFO] Downloading from central: https://repo.maven.apache.org/maven2/org/apache/maven/maven-parent/15/maven-parent-15.pom
[579ae56b-7e72-400c-b378-c5eab9c81ee4/build]   | [INFO] Downloaded from central: https://repo.maven.apache.org/maven2/org/apache/maven/maven-parent/15/maven-parent-15.pom (24 kB at 706 kB/s)
[579ae56b-7e72-400c-b378-c5eab9c81ee4/build]   | [INFO] Downloading from central: https://repo.maven.apache.org/maven2/org/apache/maven/maven-model/3.0/maven-model-3.0.pom
[579ae56b-7e72-400c-b378-c5eab9c81ee4/build]   | [INFO] Downloaded from central: https://repo.maven.apache.org/maven2/org/apache/maven/maven-model/3.0/maven-model-3.0.pom (3.9 kB at 139 kB/s)
[579ae56b-7e72-400c-b378-c5eab9c81ee4/build]   | [INFO] Downloading from central: https://repo.maven.apache.org/maven2/org/codehaus/plexus/plexus-utils/2.0.4/plexus-utils-2.0.4.pom
[579ae56b-7e72-400c-b378-c5eab9c81ee4/build]   | [INFO] Downloaded from central: https://repo.maven.apache.org/maven2/org/codehaus/plexus/plexus-utils/2.0.4/plexus-utils-2.0.4.pom (3.3 kB at 93 kB/s)
[579ae56b-7e72-400c-b378-c5eab9c81ee4/build]   | [INFO] Downloading from central: https://repo.maven.apache.org/maven2/org/apache/maven/maven-artifact/3.0/maven-artifact-3.0.pom
[579ae56b-7e72-400c-b378-c5eab9c81ee4/build]   | [INFO] Downloaded from central: https://repo.maven.apache.org/maven2/org/apache/maven/maven-artifact/3.0/maven-artifact-3.0.pom (1.9 kB at 107 kB/s)
[579ae56b-7e72-400c-b378-c5eab9c81ee4/build]   | [INFO] Downloading from central: https://repo.maven.apache.org/maven2/org/sonatype/sisu/sisu-inject-plexus/1.4.2/sisu-inject-plexus-1.4.2.pom
[579ae56b-7e72-400c-b378-c5eab9c81ee4/build]   | [INFO] Downloaded from central: https://repo.maven.apache.org/maven2/org/sonatype/sisu/sisu-inject-plexus/1.4.2/sisu-inject-plexus-1.4.2.pom (5.4 kB at 233 kB/s)
[579ae56b-7e72-400c-b378-c5eab9c81ee4/build]   | [INFO] Downloading from central: https://repo.maven.apache.org/maven2/org/sonatype/sisu/inject/guice-plexus/1.4.2/guice-plexus-1.4.2.pom
[579ae56b-7e72-400c-b378-c5eab9c81ee4/build]   | [INFO] Downloaded from central: https://repo.maven.apache.org/maven2/org/sonatype/sisu/inject/guice-plexus/1.4.2/guice-plexus-1.4.2.pom (3.1 kB at 223 kB/s)
[579ae56b-7e72-400c-b378-c5eab9c81ee4/build]   | [INFO] Downloading from central: https://repo.maven.apache.org/maven2/org/sonatype/sisu/inject/guice-bean/1.4.2/guice-bean-1.4.2.pom
[579ae56b-7e72-400c-b378-c5eab9c81ee4/build]   | [INFO] Downloaded from central: https://repo.maven.apache.org/maven2/org/sonatype/sisu/inject/guice-bean/1.4.2/guice-bean-1.4.2.pom (2.6 kB at 104 kB/s)
[579ae56b-7e72-400c-b378-c5eab9c81ee4/build]   | [INFO] Downloading from central: https://repo.maven.apache.org/maven2/org/sonatype/sisu/sisu-inject/1.4.2/sisu-inject-1.4.2.pom
[579ae56b-7e72-400c-b378-c5eab9c81ee4/build]   | [INFO] Downloaded from central: https://repo.maven.apache.org/maven2/org/sonatype/sisu/sisu-inject/1.4.2/sisu-inject-1.4.2.pom (1.2 kB at 45 kB/s)
[579ae56b-7e72-400c-b378-c5eab9c81ee4/build]   | [INFO] Downloading from central: https://repo.maven.apache.org/maven2/org/sonatype/sisu/sisu-parent/1.4.2/sisu-parent-1.4.2.pom
[579ae56b-7e72-400c-b378-c5eab9c81ee4/build]   | [INFO] Downloaded from central: https://repo.maven.apache.org/maven2/org/sonatype/sisu/sisu-parent/1.4.2/sisu-parent-1.4.2.pom (7.8 kB at 229 kB/s)
[579ae56b-7e72-400c-b378-c5eab9c81ee4/build]   | [INFO] Downloading from central: https://repo.maven.apache.org/maven2/org/sonatype/forge/forge-parent/6/forge-parent-6.pom
[579ae56b-7e72-400c-b378-c5eab9c81ee4/build]   | [INFO] Downloaded from central: https://repo.maven.apache.org/maven2/org/sonatype/forge/forge-parent/6/forge-parent-6.pom (11 kB at 307 kB/s)
[579ae56b-7e72-400c-b378-c5eab9c81ee4/build]   | [INFO] Downloading from central: https://repo.maven.apache.org/maven2/org/codehaus/plexus/plexus-classworlds/2.2.3/plexus-classworlds-2.2.3.pom
[579ae56b-7e72-400c-b378-c5eab9c81ee4/build]   | [INFO] Downloaded from central: https://repo.maven.apache.org/maven2/org/codehaus/plexus/plexus-classworlds/2.2.3/plexus-classworlds-2.2.3.pom (4.0 kB at 182 kB/s)
[579ae56b-7e72-400c-b378-c5eab9c81ee4/build]   | [INFO] Downloading from central: https://repo.maven.apache.org/maven2/org/sonatype/sisu/sisu-inject-bean/1.4.2/sisu-inject-bean-1.4.2.pom
[579ae56b-7e72-400c-b378-c5eab9c81ee4/build]   | [INFO] Downloaded from central: https://repo.maven.apache.org/maven2/org/sonatype/sisu/sisu-inject-bean/1.4.2/sisu-inject-bean-1.4.2.pom (5.5 kB at 136 kB/s)
[579ae56b-7e72-400c-b378-c5eab9c81ee4/build]   | [INFO] Downloading from central: https://repo.maven.apache.org/maven2/org/sonatype/sisu/sisu-guice/2.1.7/sisu-guice-2.1.7.pom
[579ae56b-7e72-400c-b378-c5eab9c81ee4/build]   | [INFO] Downloaded from central: https://repo.maven.apache.org/maven2/org/sonatype/sisu/sisu-guice/2.1.7/sisu-guice-2.1.7.pom (11 kB at 307 kB/s)
[579ae56b-7e72-400c-b378-c5eab9c81ee4/build]   | [INFO] Downloading from central: https://repo.maven.apache.org/maven2/org/apache/maven/shared/maven-shared-io/3.0.0/maven-shared-io-3.0.0.pom
[579ae56b-7e72-400c-b378-c5eab9c81ee4/build]   | [INFO] Downloaded from central: https://repo.maven.apache.org/maven2/org/apache/maven/shared/maven-shared-io/3.0.0/maven-shared-io-3.0.0.pom (4.2 kB at 245 kB/s)
[579ae56b-7e72-400c-b378-c5eab9c81ee4/build]   | [INFO] Downloading from central: https://repo.maven.apache.org/maven2/org/apache/maven/maven-compat/3.0/maven-compat-3.0.pom
[579ae56b-7e72-400c-b378-c5eab9c81ee4/build]   | [INFO] Downloaded from central: https://repo.maven.apache.org/maven2/org/apache/maven/maven-compat/3.0/maven-compat-3.0.pom (4.0 kB at 149 kB/s)
[579ae56b-7e72-400c-b378-c5eab9c81ee4/build]   | [INFO] Downloading from central: https://repo.maven.apache.org/maven2/org/apache/maven/maven-model-builder/3.0/maven-model-builder-3.0.pom
[579ae56b-7e72-400c-b378-c5eab9c81ee4/build]   | [INFO] Downloaded from central: https://repo.maven.apache.org/maven2/org/apache/maven/maven-model-builder/3.0/maven-model-builder-3.0.pom (2.2 kB at 140 kB/s)
[579ae56b-7e72-400c-b378-c5eab9c81ee4/build]   | [INFO] Downloading from central: https://repo.maven.apache.org/maven2/org/codehaus/plexus/plexus-interpolation/1.14/plexus-interpolation-1.14.pom
[579ae56b-7e72-400c-b378-c5eab9c81ee4/build]   | [INFO] Downloaded from central: https://repo.maven.apache.org/maven2/org/codehaus/plexus/plexus-interpolation/1.14/plexus-interpolation-1.14.pom (910 B at 54 kB/s)
[579ae56b-7e72-400c-b378-c5eab9c81ee4/build]   | [INFO] Downloading from central: https://repo.maven.apache.org/maven2/org/codehaus/plexus/plexus-components/1.1.18/plexus-components-1.1.18.pom
[579ae56b-7e72-400c-b378-c5eab9c81ee4/build]   | [INFO] Downloaded from central: https://repo.maven.apache.org/maven2/org/codehaus/plexus/plexus-components/1.1.18/plexus-components-1.1.18.pom (5.4 kB at 595 kB/s)
[579ae56b-7e72-400c-b378-c5eab9c81ee4/build]   | [INFO] Downloading from central: https://repo.maven.apache.org/maven2/org/apache/maven/maven-settings/3.0/maven-settings-3.0.pom
[579ae56b-7e72-400c-b378-c5eab9c81ee4/build]   | [INFO] Downloaded from central: https://repo.maven.apache.org/maven2/org/apache/maven/maven-settings/3.0/maven-settings-3.0.pom (1.9 kB at 209 kB/s)
[579ae56b-7e72-400c-b378-c5eab9c81ee4/build]   | [INFO] Downloading from central: https://repo.maven.apache.org/maven2/org/apache/maven/maven-core/3.0/maven-core-3.0.pom
[579ae56b-7e72-400c-b378-c5eab9c81ee4/build]   | [INFO] Downloaded from central: https://repo.maven.apache.org/maven2/org/apache/maven/maven-core/3.0/maven-core-3.0.pom (6.6 kB at 368 kB/s)
[579ae56b-7e72-400c-b378-c5eab9c81ee4/build]   | [INFO] Downloading from central: https://repo.maven.apache.org/maven2/org/apache/maven/maven-settings-builder/3.0/maven-settings-builder-3.0.pom
[579ae56b-7e72-400c-b378-c5eab9c81ee4/build]   | [INFO] Downloaded from central: https://repo.maven.apache.org/maven2/org/apache/maven/maven-settings-builder/3.0/maven-settings-builder-3.0.pom (2.2 kB at 171 kB/s)
[579ae56b-7e72-400c-b378-c5eab9c81ee4/build]   | [INFO] Downloading from central: https://repo.maven.apache.org/maven2/org/apache/maven/maven-repository-metadata/3.0/maven-repository-metadata-3.0.pom
[579ae56b-7e72-400c-b378-c5eab9c81ee4/build]   | [INFO] Downloaded from central: https://repo.maven.apache.org/maven2/org/apache/maven/maven-repository-metadata/3.0/maven-repository-metadata-3.0.pom (1.9 kB at 69 kB/s)
[579ae56b-7e72-400c-b378-c5eab9c81ee4/build]   | [INFO] Downloading from central: https://repo.maven.apache.org/maven2/org/apache/maven/maven-aether-provider/3.0/maven-aether-provider-3.0.pom
[579ae56b-7e72-400c-b378-c5eab9c81ee4/build]   | [INFO] Downloaded from central: https://repo.maven.apache.org/maven2/org/apache/maven/maven-aether-provider/3.0/maven-aether-provider-3.0.pom (2.5 kB at 309 kB/s)
[579ae56b-7e72-400c-b378-c5eab9c81ee4/build]   | [INFO] Downloading from central: https://repo.maven.apache.org/maven2/org/sonatype/aether/aether-api/1.7/aether-api-1.7.pom
[579ae56b-7e72-400c-b378-c5eab9c81ee4/build]   | [INFO] Downloaded from central: https://repo.maven.apache.org/maven2/org/sonatype/aether/aether-api/1.7/aether-api-1.7.pom (1.7 kB at 186 kB/s)
[579ae56b-7e72-400c-b378-c5eab9c81ee4/build]   | [INFO] Downloading from central: https://repo.maven.apache.org/maven2/org/sonatype/aether/aether-parent/1.7/aether-parent-1.7.pom
[579ae56b-7e72-400c-b378-c5eab9c81ee4/build]   | [INFO] Downloaded from central: https://repo.maven.apache.org/maven2/org/sonatype/aether/aether-parent/1.7/aether-parent-1.7.pom (7.7 kB at 515 kB/s)
[579ae56b-7e72-400c-b378-c5eab9c81ee4/build]   | [INFO] Downloading from central: https://repo.maven.apache.org/maven2/org/sonatype/aether/aether-util/1.7/aether-util-1.7.pom
[579ae56b-7e72-400c-b378-c5eab9c81ee4/build]   | [INFO] Downloaded from central: https://repo.maven.apache.org/maven2/org/sonatype/aether/aether-util/1.7/aether-util-1.7.pom (2.1 kB at 206 kB/s)
[579ae56b-7e72-400c-b378-c5eab9c81ee4/build]   | [INFO] Downloading from central: https://repo.maven.apache.org/maven2/org/sonatype/aether/aether-impl/1.7/aether-impl-1.7.pom
[579ae56b-7e72-400c-b378-c5eab9c81ee4/build]   | [INFO] Downloaded from central: https://repo.maven.apache.org/maven2/org/sonatype/aether/aether-impl/1.7/aether-impl-1.7.pom (3.7 kB at 739 kB/s)
[579ae56b-7e72-400c-b378-c5eab9c81ee4/build]   | [INFO] Downloading from central: https://repo.maven.apache.org/maven2/org/sonatype/aether/aether-spi/1.7/aether-spi-1.7.pom
[579ae56b-7e72-400c-b378-c5eab9c81ee4/build]   | [INFO] Downloaded from central: https://repo.maven.apache.org/maven2/org/sonatype/aether/aether-spi/1.7/aether-spi-1.7.pom (1.7 kB at 218 kB/s)
[579ae56b-7e72-400c-b378-c5eab9c81ee4/build]   | [INFO] Downloading from central: https://repo.maven.apache.org/maven2/org/apache/maven/wagon/wagon-provider-api/1.0-beta-6/wagon-provider-api-1.0-beta-6.pom
[579ae56b-7e72-400c-b378-c5eab9c81ee4/build]   | [INFO] Downloaded from central: https://repo.maven.apache.org/maven2/org/apache/maven/wagon/wagon-provider-api/1.0-beta-6/wagon-provider-api-1.0-beta-6.pom (1.8 kB at 160 kB/s)
[579ae56b-7e72-400c-b378-c5eab9c81ee4/build]   | [INFO] Downloading from central: https://repo.maven.apache.org/maven2/org/apache/maven/wagon/wagon/1.0-beta-6/wagon-1.0-beta-6.pom
[579ae56b-7e72-400c-b378-c5eab9c81ee4/build]   | [INFO] Downloaded from central: https://repo.maven.apache.org/maven2/org/apache/maven/wagon/wagon/1.0-beta-6/wagon-1.0-beta-6.pom (12 kB at 2.1 MB/s)
[579ae56b-7e72-400c-b378-c5eab9c81ee4/build]   | [INFO] Downloading from central: https://repo.maven.apache.org/maven2/org/apache/maven/maven-parent/11/maven-parent-11.pom
[579ae56b-7e72-400c-b378-c5eab9c81ee4/build]   | [INFO] Downloaded from central: https://repo.maven.apache.org/maven2/org/apache/maven/maven-parent/11/maven-parent-11.pom (32 kB at 3.2 MB/s)
[579ae56b-7e72-400c-b378-c5eab9c81ee4/build]   | [INFO] Downloading from central: https://repo.maven.apache.org/maven2/org/apache/apache/5/apache-5.pom
[579ae56b-7e72-400c-b378-c5eab9c81ee4/build]   | [INFO] Downloaded from central: https://repo.maven.apache.org/maven2/org/apache/apache/5/apache-5.pom (4.1 kB at 512 kB/s)
[579ae56b-7e72-400c-b378-c5eab9c81ee4/build]   | [INFO] Downloading from central: https://repo.maven.apache.org/maven2/org/codehaus/plexus/plexus-utils/1.4.2/plexus-utils-1.4.2.pom
[579ae56b-7e72-400c-b378-c5eab9c81ee4/build]   | [INFO] Downloaded from central: https://repo.maven.apache.org/maven2/org/codehaus/plexus/plexus-utils/1.4.2/plexus-utils-1.4.2.pom (2.0 kB at 326 kB/s)
[579ae56b-7e72-400c-b378-c5eab9c81ee4/build]   | [INFO] Downloading from central: https://repo.maven.apache.org/maven2/org/apache/maven/wagon/wagon-provider-api/2.10/wagon-provider-api-2.10.pom
[579ae56b-7e72-400c-b378-c5eab9c81ee4/build]   | [INFO] Downloaded from central: https://repo.maven.apache.org/maven2/org/apache/maven/wagon/wagon-provider-api/2.10/wagon-provider-api-2.10.pom (1.7 kB at 247 kB/s)
[579ae56b-7e72-400c-b378-c5eab9c81ee4/build]   | [INFO] Downloading from central: https://repo.maven.apache.org/maven2/org/apache/maven/wagon/wagon/2.10/wagon-2.10.pom
[579ae56b-7e72-400c-b378-c5eab9c81ee4/build]   | [INFO] Downloaded from central: https://repo.maven.apache.org/maven2/org/apache/maven/wagon/wagon/2.10/wagon-2.10.pom (21 kB at 1.9 MB/s)
[579ae56b-7e72-400c-b378-c5eab9c81ee4/build]   | [INFO] Downloading from central: https://repo.maven.apache.org/maven2/org/apache/maven/maven-parent/26/maven-parent-26.pom
[579ae56b-7e72-400c-b378-c5eab9c81ee4/build]   | [INFO] Downloaded from central: https://repo.maven.apache.org/maven2/org/apache/maven/maven-parent/26/maven-parent-26.pom (40 kB at 6.6 MB/s)
[579ae56b-7e72-400c-b378-c5eab9c81ee4/build]   | [INFO] Downloading from central: https://repo.maven.apache.org/maven2/org/apache/apache/16/apache-16.pom
[579ae56b-7e72-400c-b378-c5eab9c81ee4/build]   | [INFO] Downloaded from central: https://repo.maven.apache.org/maven2/org/apache/apache/16/apache-16.pom (15 kB at 1.7 MB/s)
[579ae56b-7e72-400c-b378-c5eab9c81ee4/build]   | [INFO] Downloading from central: https://repo.maven.apache.org/maven2/org/codehaus/plexus/plexus-utils/3.0.15/plexus-utils-3.0.15.pom
[579ae56b-7e72-400c-b378-c5eab9c81ee4/build]   | [INFO] Downloaded from central: https://repo.maven.apache.org/maven2/org/codehaus/plexus/plexus-utils/3.0.15/plexus-utils-3.0.15.pom (3.1 kB at 524 kB/s)
[579ae56b-7e72-400c-b378-c5eab9c81ee4/build]   | [INFO] Downloading from central: https://repo.maven.apache.org/maven2/org/codehaus/plexus/plexus/3.3.1/plexus-3.3.1.pom
[579ae56b-7e72-400c-b378-c5eab9c81ee4/build]   | [INFO] Downloaded from central: https://repo.maven.apache.org/maven2/org/codehaus/plexus/plexus/3.3.1/plexus-3.3.1.pom (20 kB at 818 kB/s)
[579ae56b-7e72-400c-b378-c5eab9c81ee4/build]   | [INFO] Downloading from central: https://repo.maven.apache.org/maven2/org/apache/maven/shared/maven-shared-utils/3.0.0/maven-shared-utils-3.0.0.pom
[579ae56b-7e72-400c-b378-c5eab9c81ee4/build]   | [INFO] Downloaded from central: https://repo.maven.apache.org/maven2/org/apache/maven/shared/maven-shared-utils/3.0.0/maven-shared-utils-3.0.0.pom (5.6 kB at 465 kB/s)
[579ae56b-7e72-400c-b378-c5eab9c81ee4/build]   | [INFO] Downloading from central: https://repo.maven.apache.org/maven2/org/apache/maven/shared/maven-shared-components/21/maven-shared-components-21.pom
[579ae56b-7e72-400c-b378-c5eab9c81ee4/build]   | [INFO] Downloaded from central: https://repo.maven.apache.org/maven2/org/apache/maven/shared/maven-shared-components/21/maven-shared-components-21.pom (5.1 kB at 426 kB/s)
[579ae56b-7e72-400c-b378-c5eab9c81ee4/build]   | [INFO] Downloading from central: https://repo.maven.apache.org/maven2/org/apache/maven/maven-parent/25/maven-parent-25.pom
[579ae56b-7e72-400c-b378-c5eab9c81ee4/build]   | [INFO] Downloaded from central: https://repo.maven.apache.org/maven2/org/apache/maven/maven-parent/25/maven-parent-25.pom (37 kB at 2.7 MB/s)
[579ae56b-7e72-400c-b378-c5eab9c81ee4/build]   | [INFO] Downloading from central: https://repo.maven.apache.org/maven2/org/apache/apache/15/apache-15.pom
[579ae56b-7e72-400c-b378-c5eab9c81ee4/build]   | [INFO] Downloaded from central: https://repo.maven.apache.org/maven2/org/apache/apache/15/apache-15.pom (15 kB at 1.1 MB/s)
[579ae56b-7e72-400c-b378-c5eab9c81ee4/build]   | [INFO] Downloading from central: https://repo.maven.apache.org/maven2/commons-io/commons-io/2.4/commons-io-2.4.pom
[579ae56b-7e72-400c-b378-c5eab9c81ee4/build]   | [INFO] Downloaded from central: https://repo.maven.apache.org/maven2/commons-io/commons-io/2.4/commons-io-2.4.pom (10 kB at 377 kB/s)
[579ae56b-7e72-400c-b378-c5eab9c81ee4/build]   | [INFO] Downloading from central: https://repo.maven.apache.org/maven2/org/apache/commons/commons-parent/25/commons-parent-25.pom
[579ae56b-7e72-400c-b378-c5eab9c81ee4/build]   | [INFO] Downloaded from central: https://repo.maven.apache.org/maven2/org/apache/commons/commons-parent/25/commons-parent-25.pom (48 kB at 1.7 MB/s)
[579ae56b-7e72-400c-b378-c5eab9c81ee4/build]   | [INFO] Downloading from central: https://repo.maven.apache.org/maven2/com/google/code/findbugs/jsr305/2.0.1/jsr305-2.0.1.pom
[579ae56b-7e72-400c-b378-c5eab9c81ee4/build]   | [INFO] Downloaded from central: https://repo.maven.apache.org/maven2/com/google/code/findbugs/jsr305/2.0.1/jsr305-2.0.1.pom (965 B at 29 kB/s)
[579ae56b-7e72-400c-b378-c5eab9c81ee4/build]   | [INFO] Downloading from central: https://repo.maven.apache.org/maven2/org/codehaus/plexus/plexus-utils/3.0.22/plexus-utils-3.0.22.pom
[579ae56b-7e72-400c-b378-c5eab9c81ee4/build]   | [INFO] Downloaded from central: https://repo.maven.apache.org/maven2/org/codehaus/plexus/plexus-utils/3.0.22/plexus-utils-3.0.22.pom (3.8 kB at 98 kB/s)
[579ae56b-7e72-400c-b378-c5eab9c81ee4/build]   | [INFO] Downloading from central: https://repo.maven.apache.org/maven2/org/apache/maven/maven-archiver/3.5.2/maven-archiver-3.5.2.pom
[579ae56b-7e72-400c-b378-c5eab9c81ee4/build]   | [INFO] Downloaded from central: https://repo.maven.apache.org/maven2/org/apache/maven/maven-archiver/3.5.2/maven-archiver-3.5.2.pom (5.5 kB at 231 kB/s)
[579ae56b-7e72-400c-b378-c5eab9c81ee4/build]   | [INFO] Downloading from central: https://repo.maven.apache.org/maven2/org/apache/maven/maven-artifact/3.1.1/maven-artifact-3.1.1.pom
[579ae56b-7e72-400c-b378-c5eab9c81ee4/build]   | [INFO] Downloaded from central: https://repo.maven.apache.org/maven2/org/apache/maven/maven-artifact/3.1.1/maven-artifact-3.1.1.pom (2.0 kB at 56 kB/s)
[579ae56b-7e72-400c-b378-c5eab9c81ee4/build]   | [INFO] Downloading from central: https://repo.maven.apache.org/maven2/org/apache/maven/maven/3.1.1/maven-3.1.1.pom
[579ae56b-7e72-400c-b378-c5eab9c81ee4/build]   | [INFO] Downloaded from central: https://repo.maven.apache.org/maven2/org/apache/maven/maven/3.1.1/maven-3.1.1.pom (22 kB at 736 kB/s)
[579ae56b-7e72-400c-b378-c5eab9c81ee4/build]   | [INFO] Downloading from central: https://repo.maven.apache.org/maven2/org/apache/maven/maven-model/3.1.1/maven-model-3.1.1.pom
[579ae56b-7e72-400c-b378-c5eab9c81ee4/build]   | [INFO] Downloaded from central: https://repo.maven.apache.org/maven2/org/apache/maven/maven-model/3.1.1/maven-model-3.1.1.pom (4.1 kB at 112 kB/s)
[579ae56b-7e72-400c-b378-c5eab9c81ee4/build]   | [INFO] Downloading from central: https://repo.maven.apache.org/maven2/org/apache/maven/maven-core/3.1.1/maven-core-3.1.1.pom
[579ae56b-7e72-400c-b378-c5eab9c81ee4/build]   | [INFO] Downloaded from central: https://repo.maven.apache.org/maven2/org/apache/maven/maven-core/3.1.1/maven-core-3.1.1.pom (7.3 kB at 182 kB/s)
[579ae56b-7e72-400c-b378-c5eab9c81ee4/build]   | [INFO] Downloading from central: https://repo.maven.apache.org/maven2/org/apache/maven/maven-settings/3.1.1/maven-settings-3.1.1.pom
[579ae56b-7e72-400c-b378-c5eab9c81ee4/build]   | [INFO] Downloaded from central: https://repo.maven.apache.org/maven2/org/apache/maven/maven-settings/3.1.1/maven-settings-3.1.1.pom (2.2 kB at 66 kB/s)
[579ae56b-7e72-400c-b378-c5eab9c81ee4/build]   | [INFO] Downloading from central: https://repo.maven.apache.org/maven2/org/apache/maven/maven-settings-builder/3.1.1/maven-settings-builder-3.1.1.pom
[579ae56b-7e72-400c-b378-c5eab9c81ee4/build]   | [INFO] Downloaded from central: https://repo.maven.apache.org/maven2/org/apache/maven/maven-settings-builder/3.1.1/maven-settings-builder-3.1.1.pom (2.6 kB at 43 kB/s)
[579ae56b-7e72-400c-b378-c5eab9c81ee4/build]   | [INFO] Downloading from central: https://repo.maven.apache.org/maven2/org/codehaus/plexus/plexus-interpolation/1.19/plexus-interpolation-1.19.pom
[579ae56b-7e72-400c-b378-c5eab9c81ee4/build]   | [INFO] Downloaded from central: https://repo.maven.apache.org/maven2/org/codehaus/plexus/plexus-interpolation/1.19/plexus-interpolation-1.19.pom (1.0 kB at 27 kB/s)
[579ae56b-7e72-400c-b378-c5eab9c81ee4/build]   | [INFO] Downloading from central: https://repo.maven.apache.org/maven2/org/codehaus/plexus/plexus-components/1.3.1/plexus-components-1.3.1.pom
[579ae56b-7e72-400c-b378-c5eab9c81ee4/build]   | [INFO] Downloaded from central: https://repo.maven.apache.org/maven2/org/codehaus/plexus/plexus-components/1.3.1/plexus-components-1.3.1.pom (3.1 kB at 102 kB/s)
[579ae56b-7e72-400c-b378-c5eab9c81ee4/build]   | [INFO] Downloading from central: https://repo.maven.apache.org/maven2/org/apache/maven/maven-repository-metadata/3.1.1/maven-repository-metadata-3.1.1.pom
[579ae56b-7e72-400c-b378-c5eab9c81ee4/build]   | [INFO] Downloaded from central: https://repo.maven.apache.org/maven2/org/apache/maven/maven-repository-metadata/3.1.1/maven-repository-metadata-3.1.1.pom (2.2 kB at 68 kB/s)
[579ae56b-7e72-400c-b378-c5eab9c81ee4/build]   | [INFO] Downloading from central: https://repo.maven.apache.org/maven2/org/apache/maven/maven-plugin-api/3.1.1/maven-plugin-api-3.1.1.pom
[579ae56b-7e72-400c-b378-c5eab9c81ee4/build]   | [INFO] Downloaded from central: https://repo.maven.apache.org/maven2/org/apache/maven/maven-plugin-api/3.1.1/maven-plugin-api-3.1.1.pom (3.4 kB at 85 kB/s)
[579ae56b-7e72-400c-b378-c5eab9c81ee4/build]   | [INFO] Downloading from central: https://repo.maven.apache.org/maven2/org/eclipse/sisu/org.eclipse.sisu.plexus/0.0.0.M5/org.eclipse.sisu.plexus-0.0.0.M5.pom
[579ae56b-7e72-400c-b378-c5eab9c81ee4/build]   | [INFO] Downloaded from central: https://repo.maven.apache.org/maven2/org/eclipse/sisu/org.eclipse.sisu.plexus/0.0.0.M5/org.eclipse.sisu.plexus-0.0.0.M5.pom (4.8 kB at 134 kB/s)
[579ae56b-7e72-400c-b378-c5eab9c81ee4/build]   | [INFO] Downloading from central: https://repo.maven.apache.org/maven2/org/eclipse/sisu/sisu-plexus/0.0.0.M5/sisu-plexus-0.0.0.M5.pom
[579ae56b-7e72-400c-b378-c5eab9c81ee4/build]   | [INFO] Downloaded from central: https://repo.maven.apache.org/maven2/org/eclipse/sisu/sisu-plexus/0.0.0.M5/sisu-plexus-0.0.0.M5.pom (13 kB at 472 kB/s)
[579ae56b-7e72-400c-b378-c5eab9c81ee4/build]   | [INFO] Downloading from central: https://repo.maven.apache.org/maven2/org/eclipse/sisu/org.eclipse.sisu.inject/0.0.0.M5/org.eclipse.sisu.inject-0.0.0.M5.pom
[579ae56b-7e72-400c-b378-c5eab9c81ee4/build]   | [INFO] Downloaded from central: https://repo.maven.apache.org/maven2/org/eclipse/sisu/org.eclipse.sisu.inject/0.0.0.M5/org.eclipse.sisu.inject-0.0.0.M5.pom (2.5 kB at 74 kB/s)
[579ae56b-7e72-400c-b378-c5eab9c81ee4/build]   | [INFO] Downloading from central: https://repo.maven.apache.org/maven2/org/eclipse/sisu/sisu-inject/0.0.0.M5/sisu-inject-0.0.0.M5.pom
[579ae56b-7e72-400c-b378-c5eab9c81ee4/build]   | [INFO] Downloaded from central: https://repo.maven.apache.org/maven2/org/eclipse/sisu/sisu-inject/0.0.0.M5/sisu-inject-0.0.0.M5.pom (14 kB at 636 kB/s)
[579ae56b-7e72-400c-b378-c5eab9c81ee4/build]   | [INFO] Downloading from central: https://repo.maven.apache.org/maven2/org/apache/maven/maven-model-builder/3.1.1/maven-model-builder-3.1.1.pom
[579ae56b-7e72-400c-b378-c5eab9c81ee4/build]   | [INFO] Downloaded from central: https://repo.maven.apache.org/maven2/org/apache/maven/maven-model-builder/3.1.1/maven-model-builder-3.1.1.pom (2.8 kB at 104 kB/s)
[579ae56b-7e72-400c-b378-c5eab9c81ee4/build]   | [INFO] Downloading from central: https://repo.maven.apache.org/maven2/org/apache/maven/maven-aether-provider/3.1.1/maven-aether-provider-3.1.1.pom
[579ae56b-7e72-400c-b378-c5eab9c81ee4/build]   | [INFO] Downloaded from central: https://repo.maven.apache.org/maven2/org/apache/maven/maven-aether-provider/3.1.1/maven-aether-provider-3.1.1.pom (4.1 kB at 341 kB/s)
[579ae56b-7e72-400c-b378-c5eab9c81ee4/build]   | [INFO] Downloading from central: https://repo.maven.apache.org/maven2/org/codehaus/plexus/plexus-classworlds/2.5.1/plexus-classworlds-2.5.1.pom
[579ae56b-7e72-400c-b378-c5eab9c81ee4/build]   | [INFO] Downloaded from central: https://repo.maven.apache.org/maven2/org/codehaus/plexus/plexus-classworlds/2.5.1/plexus-classworlds-2.5.1.pom (5.0 kB at 334 kB/s)
[579ae56b-7e72-400c-b378-c5eab9c81ee4/build]   | [INFO] Downloading from central: https://repo.maven.apache.org/maven2/org/apache/maven/shared/maven-shared-utils/3.3.3/maven-shared-utils-3.3.3.pom
[579ae56b-7e72-400c-b378-c5eab9c81ee4/build]   | [INFO] Downloaded from central: https://repo.maven.apache.org/maven2/org/apache/maven/shared/maven-shared-utils/3.3.3/maven-shared-utils-3.3.3.pom (5.8 kB at 385 kB/s)
[579ae56b-7e72-400c-b378-c5eab9c81ee4/build]   | [INFO] Downloading from central: https://repo.maven.apache.org/maven2/org/apache/commons/commons-compress/1.20/commons-compress-1.20.pom
[579ae56b-7e72-400c-b378-c5eab9c81ee4/build]   | [INFO] Downloaded from central: https://repo.maven.apache.org/maven2/org/apache/commons/commons-compress/1.20/commons-compress-1.20.pom (18 kB at 1.8 MB/s)
[579ae56b-7e72-400c-b378-c5eab9c81ee4/build]   | [INFO] Downloading from central: https://repo.maven.apache.org/maven2/org/apache/commons/commons-parent/48/commons-parent-48.pom
[579ae56b-7e72-400c-b378-c5eab9c81ee4/build]   | [INFO] Downloaded from central: https://repo.maven.apache.org/maven2/org/apache/commons/commons-parent/48/commons-parent-48.pom (72 kB at 7.2 MB/s)
[579ae56b-7e72-400c-b378-c5eab9c81ee4/build]   | [INFO] Downloading from central: https://repo.maven.apache.org/maven2/org/apache/apache/21/apache-21.pom
[579ae56b-7e72-400c-b378-c5eab9c81ee4/build]   | [INFO] Downloaded from central: https://repo.maven.apache.org/maven2/org/apache/apache/21/apache-21.pom (17 kB at 1.9 MB/s)
[579ae56b-7e72-400c-b378-c5eab9c81ee4/build]   | [INFO] Downloading from central: https://repo.maven.apache.org/maven2/org/codehaus/plexus/plexus-archiver/4.2.7/plexus-archiver-4.2.7.pom
[579ae56b-7e72-400c-b378-c5eab9c81ee4/build]   | [INFO] Downloaded from central: https://repo.maven.apache.org/maven2/org/codehaus/plexus/plexus-archiver/4.2.7/plexus-archiver-4.2.7.pom (4.9 kB at 702 kB/s)
[579ae56b-7e72-400c-b378-c5eab9c81ee4/build]   | [INFO] Downloading from central: https://repo.maven.apache.org/maven2/org/codehaus/plexus/plexus/8/plexus-8.pom
[579ae56b-7e72-400c-b378-c5eab9c81ee4/build]   | [INFO] Downloaded from central: https://repo.maven.apache.org/maven2/org/codehaus/plexus/plexus/8/plexus-8.pom (25 kB at 1.8 MB/s)
[579ae56b-7e72-400c-b378-c5eab9c81ee4/build]   | [INFO] Downloading from central: https://repo.maven.apache.org/maven2/org/codehaus/plexus/plexus-utils/3.4.1/plexus-utils-3.4.1.pom
[579ae56b-7e72-400c-b378-c5eab9c81ee4/build]   | [INFO] Downloaded from central: https://repo.maven.apache.org/maven2/org/codehaus/plexus/plexus-utils/3.4.1/plexus-utils-3.4.1.pom (8.0 kB at 398 kB/s)
[579ae56b-7e72-400c-b378-c5eab9c81ee4/build]   | [INFO] Downloading from central: https://repo.maven.apache.org/maven2/org/codehaus/plexus/plexus-io/3.2.0/plexus-io-3.2.0.pom
[579ae56b-7e72-400c-b378-c5eab9c81ee4/build]   | [INFO] Downloaded from central: https://repo.maven.apache.org/maven2/org/codehaus/plexus/plexus-io/3.2.0/plexus-io-3.2.0.pom (4.5 kB at 758 kB/s)
[579ae56b-7e72-400c-b378-c5eab9c81ee4/build]   | [INFO] Downloading from central: https://repo.maven.apache.org/maven2/org/codehaus/plexus/plexus-utils/3.3.0/plexus-utils-3.3.0.pom
[579ae56b-7e72-400c-b378-c5eab9c81ee4/build]   | [INFO] Downloaded from central: https://repo.maven.apache.org/maven2/org/codehaus/plexus/plexus-utils/3.3.0/plexus-utils-3.3.0.pom (5.2 kB at 648 kB/s)
[579ae56b-7e72-400c-b378-c5eab9c81ee4/build]   | [INFO] Downloading from central: https://repo.maven.apache.org/maven2/org/apache/commons/commons-compress/1.21/commons-compress-1.21.pom
[579ae56b-7e72-400c-b378-c5eab9c81ee4/build]   | [INFO] Downloaded from central: https://repo.maven.apache.org/maven2/org/apache/commons/commons-compress/1.21/commons-compress-1.21.pom (20 kB at 2.8 MB/s)
[579ae56b-7e72-400c-b378-c5eab9c81ee4/build]   | [INFO] Downloading from central: https://repo.maven.apache.org/maven2/org/apache/commons/commons-parent/52/commons-parent-52.pom
[579ae56b-7e72-400c-b378-c5eab9c81ee4/build]   | [INFO] Downloaded from central: https://repo.maven.apache.org/maven2/org/apache/commons/commons-parent/52/commons-parent-52.pom (79 kB at 9.9 MB/s)
[579ae56b-7e72-400c-b378-c5eab9c81ee4/build]   | [INFO] Downloading from central: https://repo.maven.apache.org/maven2/org/iq80/snappy/snappy/0.4/snappy-0.4.pom
[579ae56b-7e72-400c-b378-c5eab9c81ee4/build]   | [INFO] Downloaded from central: https://repo.maven.apache.org/maven2/org/iq80/snappy/snappy/0.4/snappy-0.4.pom (15 kB at 2.1 MB/s)
[579ae56b-7e72-400c-b378-c5eab9c81ee4/build]   | [INFO] Downloading from central: https://repo.maven.apache.org/maven2/org/tukaani/xz/1.9/xz-1.9.pom
[579ae56b-7e72-400c-b378-c5eab9c81ee4/build]   | [INFO] Downloaded from central: https://repo.maven.apache.org/maven2/org/tukaani/xz/1.9/xz-1.9.pom (2.0 kB at 42 kB/s)
[579ae56b-7e72-400c-b378-c5eab9c81ee4/build]   | [INFO] Downloading from central: https://repo.maven.apache.org/maven2/org/codehaus/plexus/plexus-interpolation/1.26/plexus-interpolation-1.26.pom
[579ae56b-7e72-400c-b378-c5eab9c81ee4/build]   | [INFO] Downloaded from central: https://repo.maven.apache.org/maven2/org/codehaus/plexus/plexus-interpolation/1.26/plexus-interpolation-1.26.pom (2.7 kB at 51 kB/s)
[579ae56b-7e72-400c-b378-c5eab9c81ee4/build]   | [INFO] Downloading from central: https://repo.maven.apache.org/maven2/org/codehaus/plexus/plexus-utils/3.3.1/plexus-utils-3.3.1.pom
[579ae56b-7e72-400c-b378-c5eab9c81ee4/build]   | [INFO] Downloaded from central: https://repo.maven.apache.org/maven2/org/codehaus/plexus/plexus-utils/3.3.1/plexus-utils-3.3.1.pom (5.3 kB at 232 kB/s)
[579ae56b-7e72-400c-b378-c5eab9c81ee4/build]   | [INFO] Downloading from central: https://repo.maven.apache.org/maven2/org/apache/maven/maven-plugin-api/3.1.0/maven-plugin-api-3.1.0.jar
[579ae56b-7e72-400c-b378-c5eab9c81ee4/build]   | [INFO] Downloading from central: https://repo.maven.apache.org/maven2/org/apache/maven/maven-model/3.1.0/maven-model-3.1.0.jar
[579ae56b-7e72-400c-b378-c5eab9c81ee4/build]   | [INFO] Downloading from central: https://repo.maven.apache.org/maven2/javax/enterprise/cdi-api/1.0/cdi-api-1.0.jar
[579ae56b-7e72-400c-b378-c5eab9c81ee4/build]   | [INFO] Downloading from central: https://repo.maven.apache.org/maven2/org/eclipse/sisu/org.eclipse.sisu.plexus/0.0.0.M2a/org.eclipse.sisu.plexus-0.0.0.M2a.jar
[579ae56b-7e72-400c-b378-c5eab9c81ee4/build]   | [INFO] Downloading from central: https://repo.maven.apache.org/maven2/javax/annotation/jsr250-api/1.0/jsr250-api-1.0.jar
[579ae56b-7e72-400c-b378-c5eab9c81ee4/build]   | [INFO] Downloaded from central: https://repo.maven.apache.org/maven2/org/apache/maven/maven-plugin-api/3.1.0/maven-plugin-api-3.1.0.jar (50 kB at 356 kB/s)
[579ae56b-7e72-400c-b378-c5eab9c81ee4/build]   | [INFO] Downloading from central: https://repo.maven.apache.org/maven2/javax/inject/javax.inject/1/javax.inject-1.jar
[579ae56b-7e72-400c-b378-c5eab9c81ee4/build]   | [INFO] Downloaded from central: https://repo.maven.apache.org/maven2/javax/enterprise/cdi-api/1.0/cdi-api-1.0.jar (45 kB at 3.0 MB/s)
[579ae56b-7e72-400c-b378-c5eab9c81ee4/build]   | [INFO] Downloading from central: https://repo.maven.apache.org/maven2/com/google/guava/guava/10.0.1/guava-10.0.1.jar
[579ae56b-7e72-400c-b378-c5eab9c81ee4/build]   | [INFO] Downloaded from central: https://repo.maven.apache.org/maven2/javax/annotation/jsr250-api/1.0/jsr250-api-1.0.jar (5.8 kB at 325 kB/s)
[579ae56b-7e72-400c-b378-c5eab9c81ee4/build]   | [INFO] Downloading from central: https://repo.maven.apache.org/maven2/com/google/code/findbugs/jsr305/1.3.9/jsr305-1.3.9.jar
[579ae56b-7e72-400c-b378-c5eab9c81ee4/build]   | [INFO] Downloaded from central: https://repo.maven.apache.org/maven2/org/eclipse/sisu/org.eclipse.sisu.plexus/0.0.0.M2a/org.eclipse.sisu.plexus-0.0.0.M2a.jar (202 kB at 8.1 MB/s)
[579ae56b-7e72-400c-b378-c5eab9c81ee4/build]   | [INFO] Downloading from central: https://repo.maven.apache.org/maven2/org/sonatype/sisu/sisu-guice/3.1.0/sisu-guice-3.1.0-no_aop.jar
[579ae56b-7e72-400c-b378-c5eab9c81ee4/build]   | [INFO] Downloaded from central: https://repo.maven.apache.org/maven2/javax/inject/javax.inject/1/javax.inject-1.jar (2.5 kB at 73 kB/s)
[579ae56b-7e72-400c-b378-c5eab9c81ee4/build]   | [INFO] Downloading from central: https://repo.maven.apache.org/maven2/aopalliance/aopalliance/1.0/aopalliance-1.0.jar
[579ae56b-7e72-400c-b378-c5eab9c81ee4/build]   | [INFO] Downloaded from central: https://repo.maven.apache.org/maven2/com/google/code/findbugs/jsr305/1.3.9/jsr305-1.3.9.jar (33 kB at 647 kB/s)
[579ae56b-7e72-400c-b378-c5eab9c81ee4/build]   | [INFO] Downloading from central: https://repo.maven.apache.org/maven2/org/eclipse/sisu/org.eclipse.sisu.inject/0.0.0.M2a/org.eclipse.sisu.inject-0.0.0.M2a.jar
[579ae56b-7e72-400c-b378-c5eab9c81ee4/build]   | [INFO] Downloaded from central: https://repo.maven.apache.org/maven2/aopalliance/aopalliance/1.0/aopalliance-1.0.jar (4.5 kB at 84 kB/s)
[579ae56b-7e72-400c-b378-c5eab9c81ee4/build]   | [INFO] Downloading from central: https://repo.maven.apache.org/maven2/asm/asm/3.3.1/asm-3.3.1.jar
[579ae56b-7e72-400c-b378-c5eab9c81ee4/build]   | [INFO] Downloaded from central: https://repo.maven.apache.org/maven2/org/sonatype/sisu/sisu-guice/3.1.0/sisu-guice-3.1.0-no_aop.jar (357 kB at 6.5 MB/s)
[579ae56b-7e72-400c-b378-c5eab9c81ee4/build]   | [INFO] Downloading from central: https://repo.maven.apache.org/maven2/org/apache/maven/maven-core/3.1.0/maven-core-3.1.0.jar
[579ae56b-7e72-400c-b378-c5eab9c81ee4/build]   | [INFO] Downloaded from central: https://repo.maven.apache.org/maven2/asm/asm/3.3.1/asm-3.3.1.jar (44 kB at 566 kB/s)
[579ae56b-7e72-400c-b378-c5eab9c81ee4/build]   | [INFO] Downloading from central: https://repo.maven.apache.org/maven2/org/apache/maven/maven-settings/3.1.0/maven-settings-3.1.0.jar
[579ae56b-7e72-400c-b378-c5eab9c81ee4/build]   | [INFO] Downloaded from central: https://repo.maven.apache.org/maven2/org/eclipse/sisu/org.eclipse.sisu.inject/0.0.0.M2a/org.eclipse.sisu.inject-0.0.0.M2a.jar (202 kB at 2.6 MB/s)
[579ae56b-7e72-400c-b378-c5eab9c81ee4/build]   | [INFO] Downloading from central: https://repo.maven.apache.org/maven2/org/apache/maven/maven-settings-builder/3.1.0/maven-settings-builder-3.1.0.jar
[579ae56b-7e72-400c-b378-c5eab9c81ee4/build]   | [INFO] Downloaded from central: https://repo.maven.apache.org/maven2/org/apache/maven/maven-model/3.1.0/maven-model-3.1.0.jar (164 kB at 1.9 MB/s)
[579ae56b-7e72-400c-b378-c5eab9c81ee4/build]   | [INFO] Downloading from central: https://repo.maven.apache.org/maven2/org/apache/maven/maven-repository-metadata/3.1.0/maven-repository-metadata-3.1.0.jar
[579ae56b-7e72-400c-b378-c5eab9c81ee4/build]   | [INFO] Downloaded from central: https://repo.maven.apache.org/maven2/com/google/guava/guava/10.0.1/guava-10.0.1.jar (1.5 MB at 17 MB/s)
[579ae56b-7e72-400c-b378-c5eab9c81ee4/build]   | [INFO] Downloading from central: https://repo.maven.apache.org/maven2/org/apache/maven/maven-model-builder/3.1.0/maven-model-builder-3.1.0.jar
[579ae56b-7e72-400c-b378-c5eab9c81ee4/build]   | [INFO] Downloaded from central: https://repo.maven.apache.org/maven2/org/apache/maven/maven-core/3.1.0/maven-core-3.1.0.jar (563 kB at 6.3 MB/s)
[579ae56b-7e72-400c-b378-c5eab9c81ee4/build]   | [INFO] Downloading from central: https://repo.maven.apache.org/maven2/org/apache/maven/maven-aether-provider/3.1.0/maven-aether-provider-3.1.0.jar
[579ae56b-7e72-400c-b378-c5eab9c81ee4/build]   | [INFO] Downloaded from central: https://repo.maven.apache.org/maven2/org/apache/maven/maven-settings/3.1.0/maven-settings-3.1.0.jar (47 kB at 502 kB/s)
[579ae56b-7e72-400c-b378-c5eab9c81ee4/build]   | [INFO] Downloading from central: https://repo.maven.apache.org/maven2/org/eclipse/aether/aether-spi/0.9.0.M2/aether-spi-0.9.0.M2.jar
[579ae56b-7e72-400c-b378-c5eab9c81ee4/build]   | [INFO] Downloaded from central: https://repo.maven.apache.org/maven2/org/apache/maven/maven-settings-builder/3.1.0/maven-settings-builder-3.1.0.jar (41 kB at 427 kB/s)
[579ae56b-7e72-400c-b378-c5eab9c81ee4/build]   | [INFO] Downloading from central: https://repo.maven.apache.org/maven2/org/eclipse/aether/aether-impl/0.9.0.M2/aether-impl-0.9.0.M2.jar
[579ae56b-7e72-400c-b378-c5eab9c81ee4/build]   | [INFO] Downloaded from central: https://repo.maven.apache.org/maven2/org/apache/maven/maven-repository-metadata/3.1.0/maven-repository-metadata-3.1.0.jar (30 kB at 292 kB/s)
[579ae56b-7e72-400c-b378-c5eab9c81ee4/build]   | [INFO] Downloading from central: https://repo.maven.apache.org/maven2/org/eclipse/aether/aether-api/0.9.0.M2/aether-api-0.9.0.M2.jar
[579ae56b-7e72-400c-b378-c5eab9c81ee4/build]   | [INFO] Downloaded from central: https://repo.maven.apache.org/maven2/org/apache/maven/maven-model-builder/3.1.0/maven-model-builder-3.1.0.jar (159 kB at 1.5 MB/s)
[579ae56b-7e72-400c-b378-c5eab9c81ee4/build]   | [INFO] Downloading from central: https://repo.maven.apache.org/maven2/org/eclipse/aether/aether-util/0.9.0.M2/aether-util-0.9.0.M2.jar
[579ae56b-7e72-400c-b378-c5eab9c81ee4/build]   | [INFO] Downloaded from central: https://repo.maven.apache.org/maven2/org/eclipse/aether/aether-spi/0.9.0.M2/aether-spi-0.9.0.M2.jar (18 kB at 162 kB/s)
[579ae56b-7e72-400c-b378-c5eab9c81ee4/build]   | [INFO] Downloading from central: https://repo.maven.apache.org/maven2/org/codehaus/plexus/plexus-interpolation/1.16/plexus-interpolation-1.16.jar
[579ae56b-7e72-400c-b378-c5eab9c81ee4/build]   | [INFO] Downloaded from central: https://repo.maven.apache.org/maven2/org/apache/maven/maven-aether-provider/3.1.0/maven-aether-provider-3.1.0.jar (60 kB at 462 kB/s)
[579ae56b-7e72-400c-b378-c5eab9c81ee4/build]   | [INFO] Downloading from central: https://repo.maven.apache.org/maven2/org/codehaus/plexus/plexus-classworlds/2.4.2/plexus-classworlds-2.4.2.jar
[579ae56b-7e72-400c-b378-c5eab9c81ee4/build]   | [INFO] Downloaded from central: https://repo.maven.apache.org/maven2/org/codehaus/plexus/plexus-interpolation/1.16/plexus-interpolation-1.16.jar (61 kB at 468 kB/s)
[579ae56b-7e72-400c-b378-c5eab9c81ee4/build]   | [INFO] Downloading from central: https://repo.maven.apache.org/maven2/org/codehaus/plexus/plexus-component-annotations/2.0.0/plexus-component-annotations-2.0.0.jar
[579ae56b-7e72-400c-b378-c5eab9c81ee4/build]   | [INFO] Downloaded from central: https://repo.maven.apache.org/maven2/org/codehaus/plexus/plexus-classworlds/2.4.2/plexus-classworlds-2.4.2.jar (47 kB at 309 kB/s)
[579ae56b-7e72-400c-b378-c5eab9c81ee4/build]   | [INFO] Downloading from central: https://repo.maven.apache.org/maven2/org/sonatype/plexus/plexus-sec-dispatcher/1.3/plexus-sec-dispatcher-1.3.jar
[579ae56b-7e72-400c-b378-c5eab9c81ee4/build]   | [INFO] Downloaded from central: https://repo.maven.apache.org/maven2/org/eclipse/aether/aether-impl/0.9.0.M2/aether-impl-0.9.0.M2.jar (145 kB at 923 kB/s)
[579ae56b-7e72-400c-b378-c5eab9c81ee4/build]   | [INFO] Downloading from central: https://repo.maven.apache.org/maven2/org/sonatype/plexus/plexus-cipher/1.4/plexus-cipher-1.4.jar
[579ae56b-7e72-400c-b378-c5eab9c81ee4/build]   | [INFO] Downloaded from central: https://repo.maven.apache.org/maven2/org/eclipse/aether/aether-api/0.9.0.M2/aether-api-0.9.0.M2.jar (134 kB at 853 kB/s)
[579ae56b-7e72-400c-b378-c5eab9c81ee4/build]   | [INFO] Downloading from central: https://repo.maven.apache.org/maven2/org/apache/maven/maven-artifact/3.1.0/maven-artifact-3.1.0.jar
[579ae56b-7e72-400c-b378-c5eab9c81ee4/build]   | [INFO] Downloaded from central: https://repo.maven.apache.org/maven2/org/eclipse/aether/aether-util/0.9.0.M2/aether-util-0.9.0.M2.jar (134 kB at 835 kB/s)
[579ae56b-7e72-400c-b378-c5eab9c81ee4/build]   | [INFO] Downloading from central: https://repo.maven.apache.org/maven2/org/apache/maven/shared/file-management/3.0.0/file-management-3.0.0.jar
[579ae56b-7e72-400c-b378-c5eab9c81ee4/build]   | [INFO] Downloaded from central: https://repo.maven.apache.org/maven2/org/sonatype/plexus/plexus-sec-dispatcher/1.3/plexus-sec-dispatcher-1.3.jar (29 kB at 175 kB/s)
[579ae56b-7e72-400c-b378-c5eab9c81ee4/build]   | [INFO] Downloading from central: https://repo.maven.apache.org/maven2/org/apache/maven/shared/maven-shared-io/3.0.0/maven-shared-io-3.0.0.jar
[579ae56b-7e72-400c-b378-c5eab9c81ee4/build]   | [INFO] Downloaded from central: https://repo.maven.apache.org/maven2/org/codehaus/plexus/plexus-component-annotations/2.0.0/plexus-component-annotations-2.0.0.jar (4.2 kB at 26 kB/s)
[579ae56b-7e72-400c-b378-c5eab9c81ee4/build]   | [INFO] Downloading from central: https://repo.maven.apache.org/maven2/org/apache/maven/maven-compat/3.0/maven-compat-3.0.jar
[579ae56b-7e72-400c-b378-c5eab9c81ee4/build]   | [INFO] Downloaded from central: https://repo.maven.apache.org/maven2/org/apache/maven/maven-artifact/3.1.0/maven-artifact-3.1.0.jar (52 kB at 316 kB/s)
[579ae56b-7e72-400c-b378-c5eab9c81ee4/build]   | [INFO] Downloading from central: https://repo.maven.apache.org/maven2/org/sonatype/sisu/sisu-inject-plexus/1.4.2/sisu-inject-plexus-1.4.2.jar
[579ae56b-7e72-400c-b378-c5eab9c81ee4/build]   | [INFO] Downloaded from central: https://repo.maven.apache.org/maven2/org/sonatype/plexus/plexus-cipher/1.4/plexus-cipher-1.4.jar (13 kB at 80 kB/s)
[579ae56b-7e72-400c-b378-c5eab9c81ee4/build]   | [INFO] Downloading from central: https://repo.maven.apache.org/maven2/org/sonatype/sisu/sisu-inject-bean/1.4.2/sisu-inject-bean-1.4.2.jar
[579ae56b-7e72-400c-b378-c5eab9c81ee4/build]   | [INFO] Downloaded from central: https://repo.maven.apache.org/maven2/org/apache/maven/shared/file-management/3.0.0/file-management-3.0.0.jar (35 kB at 194 kB/s)
[579ae56b-7e72-400c-b378-c5eab9c81ee4/build]   | [INFO] Downloading from central: https://repo.maven.apache.org/maven2/org/sonatype/sisu/sisu-guice/2.1.7/sisu-guice-2.1.7-noaop.jar
[579ae56b-7e72-400c-b378-c5eab9c81ee4/build]   | [INFO] Downloaded from central: https://repo.maven.apache.org/maven2/org/sonatype/sisu/sisu-inject-plexus/1.4.2/sisu-inject-plexus-1.4.2.jar (202 kB at 1.1 MB/s)
[579ae56b-7e72-400c-b378-c5eab9c81ee4/build]   | [INFO] Downloading from central: https://repo.maven.apache.org/maven2/org/apache/maven/wagon/wagon-provider-api/2.10/wagon-provider-api-2.10.jar
[579ae56b-7e72-400c-b378-c5eab9c81ee4/build]   | [INFO] Downloaded from central: https://repo.maven.apache.org/maven2/org/sonatype/sisu/sisu-inject-bean/1.4.2/sisu-inject-bean-1.4.2.jar (153 kB at 805 kB/s)
[579ae56b-7e72-400c-b378-c5eab9c81ee4/build]   | [INFO] Downloading from central: https://repo.maven.apache.org/maven2/org/apache/maven/maven-archiver/3.5.2/maven-archiver-3.5.2.jar
[579ae56b-7e72-400c-b378-c5eab9c81ee4/build]   | [INFO] Downloaded from central: https://repo.maven.apache.org/maven2/org/apache/maven/shared/maven-shared-io/3.0.0/maven-shared-io-3.0.0.jar (41 kB at 216 kB/s)
[579ae56b-7e72-400c-b378-c5eab9c81ee4/build]   | [INFO] Downloading from central: https://repo.maven.apache.org/maven2/org/apache/commons/commons-compress/1.20/commons-compress-1.20.jar
[579ae56b-7e72-400c-b378-c5eab9c81ee4/build]   | [INFO] Downloaded from central: https://repo.maven.apache.org/maven2/org/apache/maven/maven-compat/3.0/maven-compat-3.0.jar (285 kB at 1.4 MB/s)
[579ae56b-7e72-400c-b378-c5eab9c81ee4/build]   | [INFO] Downloading from central: https://repo.maven.apache.org/maven2/org/codehaus/plexus/plexus-archiver/4.2.7/plexus-archiver-4.2.7.jar
[579ae56b-7e72-400c-b378-c5eab9c81ee4/build]   | [INFO] Downloaded from central: https://repo.maven.apache.org/maven2/org/apache/maven/maven-archiver/3.5.2/maven-archiver-3.5.2.jar (26 kB at 125 kB/s)
[579ae56b-7e72-400c-b378-c5eab9c81ee4/build]   | [INFO] Downloading from central: https://repo.maven.apache.org/maven2/org/codehaus/plexus/plexus-io/3.2.0/plexus-io-3.2.0.jar
[579ae56b-7e72-400c-b378-c5eab9c81ee4/build]   | [INFO] Downloaded from central: https://repo.maven.apache.org/maven2/org/apache/maven/wagon/wagon-provider-api/2.10/wagon-provider-api-2.10.jar (54 kB at 252 kB/s)
[579ae56b-7e72-400c-b378-c5eab9c81ee4/build]   | [INFO] Downloading from central: https://repo.maven.apache.org/maven2/org/iq80/snappy/snappy/0.4/snappy-0.4.jar
[579ae56b-7e72-400c-b378-c5eab9c81ee4/build]   | [INFO] Downloaded from central: https://repo.maven.apache.org/maven2/org/sonatype/sisu/sisu-guice/2.1.7/sisu-guice-2.1.7-noaop.jar (472 kB at 2.2 MB/s)
[579ae56b-7e72-400c-b378-c5eab9c81ee4/build]   | [INFO] Downloading from central: https://repo.maven.apache.org/maven2/org/tukaani/xz/1.9/xz-1.9.jar
[579ae56b-7e72-400c-b378-c5eab9c81ee4/build]   | [INFO] Downloaded from central: https://repo.maven.apache.org/maven2/org/codehaus/plexus/plexus-archiver/4.2.7/plexus-archiver-4.2.7.jar (195 kB at 862 kB/s)
[579ae56b-7e72-400c-b378-c5eab9c81ee4/build]   | [INFO] Downloading from central: https://repo.maven.apache.org/maven2/org/codehaus/plexus/plexus-utils/3.3.1/plexus-utils-3.3.1.jar
[579ae56b-7e72-400c-b378-c5eab9c81ee4/build]   | [INFO] Downloaded from central: https://repo.maven.apache.org/maven2/org/iq80/snappy/snappy/0.4/snappy-0.4.jar (58 kB at 253 kB/s)
[579ae56b-7e72-400c-b378-c5eab9c81ee4/build]   | [INFO] Downloaded from central: https://repo.maven.apache.org/maven2/org/codehaus/plexus/plexus-io/3.2.0/plexus-io-3.2.0.jar (76 kB at 330 kB/s)
[579ae56b-7e72-400c-b378-c5eab9c81ee4/build]   | [INFO] Downloaded from central: https://repo.maven.apache.org/maven2/org/tukaani/xz/1.9/xz-1.9.jar (116 kB at 498 kB/s)
[579ae56b-7e72-400c-b378-c5eab9c81ee4/build]   | [INFO] Downloaded from central: https://repo.maven.apache.org/maven2/org/codehaus/plexus/plexus-utils/3.3.1/plexus-utils-3.3.1.jar (262 kB at 1.0 MB/s)
[579ae56b-7e72-400c-b378-c5eab9c81ee4/build]   | [INFO] Downloaded from central: https://repo.maven.apache.org/maven2/org/apache/commons/commons-compress/1.20/commons-compress-1.20.jar (632 kB at 2.3 MB/s)
[579ae56b-7e72-400c-b378-c5eab9c81ee4/build]   | [INFO] Building jar: /tmp/30b63549-b4c7-41d3-9ede-8266e13efa15/target/jwarc-0.28.1.jar
[579ae56b-7e72-400c-b378-c5eab9c81ee4/build]   | [INFO] ------------------------------------------------------------------------
[579ae56b-7e72-400c-b378-c5eab9c81ee4/build]   | [INFO] BUILD SUCCESS
[579ae56b-7e72-400c-b378-c5eab9c81ee4/build]   | [INFO] ------------------------------------------------------------------------
[579ae56b-7e72-400c-b378-c5eab9c81ee4/build]   | [INFO] Total time:  19.300 s
[579ae56b-7e72-400c-b378-c5eab9c81ee4/build]   | [INFO] Finished at: 2023-11-24T14:00:51Z
[579ae56b-7e72-400c-b378-c5eab9c81ee4/build]   | [INFO] ------------------------------------------------------------------------
[579ae56b-7e72-400c-b378-c5eab9c81ee4/build]   ‚úÖ  Success - Main Build with Maven
[579ae56b-7e72-400c-b378-c5eab9c81ee4/build] unable to get git ref: failed to identify reference (tag/branch) for the checked-out revision '6c7083b72172f32646843958eedf19cad38eb4b1'
[579ae56b-7e72-400c-b378-c5eab9c81ee4/build] unable to get git ref: failed to identify reference (tag/branch) for the checked-out revision '6c7083b72172f32646843958eedf19cad38eb4b1'
[579ae56b-7e72-400c-b378-c5eab9c81ee4/build] unable to get git ref: failed to identify reference (tag/branch) for the checked-out revision '6c7083b72172f32646843958eedf19cad38eb4b1'
[579ae56b-7e72-400c-b378-c5eab9c81ee4/build] unable to get git ref: failed to identify reference (tag/branch) for the checked-out revision '6c7083b72172f32646843958eedf19cad38eb4b1'
[579ae56b-7e72-400c-b378-c5eab9c81ee4/build] unable to get git ref: failed to identify reference (tag/branch) for the checked-out revision '6c7083b72172f32646843958eedf19cad38eb4b1'
[579ae56b-7e72-400c-b378-c5eab9c81ee4/build] ‚≠ê Run Post Set up JDK 11
[579ae56b-7e72-400c-b378-c5eab9c81ee4/build]   üê≥  docker exec cmd=[node /var/run/act/actions/actions-setup-java@v2/dist/cleanup/index.js] user= workdir=
[579ae56b-7e72-400c-b378-c5eab9c81ee4/build]   ‚úÖ  Success - Post Set up JDK 11
[579ae56b-7e72-400c-b378-c5eab9c81ee4/build] üèÅ  Job succeeded
[579ae56b-7e72-400c-b378-c5eab9c81ee4/build] unable to get git ref: failed to identify reference (tag/branch) for the checked-out revision '6c7083b72172f32646843958eedf19cad38eb4b1'
