[b77294f9-0aab-4951-8891-b69f92abf58c/Build with JDK 8 on x64] üöÄ  Start image=gitbugactions:latest
[b77294f9-0aab-4951-8891-b69f92abf58c/Build with JDK 8 on x64]   üê≥  docker pull image=gitbugactions:latest platform= username= forcePull=false
[b77294f9-0aab-4951-8891-b69f92abf58c/Build with JDK 8 on x64]   üê≥  docker create image=gitbugactions:latest platform= entrypoint=["tail" "-f" "/dev/null"] cmd=[]
[b77294f9-0aab-4951-8891-b69f92abf58c/Build with JDK 8 on x64]   üê≥  docker run image=gitbugactions:latest platform= entrypoint=["tail" "-f" "/dev/null"] cmd=[]
[b77294f9-0aab-4951-8891-b69f92abf58c/Build with JDK 8 on x64]   üê≥  docker exec cmd=[chown -R 1012:1013 /tmp/bccab3d6-a845-47ee-8a88-dccb58014a85] user=0 workdir=
[b77294f9-0aab-4951-8891-b69f92abf58c/Build with JDK 8 on x64] unable to get git ref: failed to identify reference (tag/branch) for the checked-out revision 'f4d7f276e87c5612bd743d0fd21f947d059170f8'
[b77294f9-0aab-4951-8891-b69f92abf58c/Build with JDK 8 on x64] unable to get git ref: failed to identify reference (tag/branch) for the checked-out revision 'f4d7f276e87c5612bd743d0fd21f947d059170f8'
[b77294f9-0aab-4951-8891-b69f92abf58c/Build with JDK 8 on x64] unable to get git ref: failed to identify reference (tag/branch) for the checked-out revision 'f4d7f276e87c5612bd743d0fd21f947d059170f8'
[b77294f9-0aab-4951-8891-b69f92abf58c/Build with JDK 8 on x64] üß™  Matrix: map[architecture:x64 java:8]
[b77294f9-0aab-4951-8891-b69f92abf58c/Build with JDK 8 on x64] unable to get git ref: failed to identify reference (tag/branch) for the checked-out revision 'f4d7f276e87c5612bd743d0fd21f947d059170f8'
[b77294f9-0aab-4951-8891-b69f92abf58c/Build with JDK 8 on x64] unable to get git ref: failed to identify reference (tag/branch) for the checked-out revision 'f4d7f276e87c5612bd743d0fd21f947d059170f8'
[b77294f9-0aab-4951-8891-b69f92abf58c/Build with JDK 8 on x64] unable to get git ref: failed to identify reference (tag/branch) for the checked-out revision 'f4d7f276e87c5612bd743d0fd21f947d059170f8'
[b77294f9-0aab-4951-8891-b69f92abf58c/Build with JDK 8 on x64] unable to get git ref: failed to identify reference (tag/branch) for the checked-out revision 'f4d7f276e87c5612bd743d0fd21f947d059170f8'
[b77294f9-0aab-4951-8891-b69f92abf58c/Build with JDK 8 on x64] unable to get git ref: failed to identify reference (tag/branch) for the checked-out revision 'f4d7f276e87c5612bd743d0fd21f947d059170f8'
[b77294f9-0aab-4951-8891-b69f92abf58c/Build with JDK 8 on x64] unable to get git ref: failed to identify reference (tag/branch) for the checked-out revision 'f4d7f276e87c5612bd743d0fd21f947d059170f8'
[b77294f9-0aab-4951-8891-b69f92abf58c/Build with JDK 8 on x64] ‚≠ê Run Main actions/checkout@v3
[b77294f9-0aab-4951-8891-b69f92abf58c/Build with JDK 8 on x64] unable to get git ref: failed to identify reference (tag/branch) for the checked-out revision 'f4d7f276e87c5612bd743d0fd21f947d059170f8'
[b77294f9-0aab-4951-8891-b69f92abf58c/Build with JDK 8 on x64] unable to get git ref: failed to identify reference (tag/branch) for the checked-out revision 'f4d7f276e87c5612bd743d0fd21f947d059170f8'
[b77294f9-0aab-4951-8891-b69f92abf58c/Build with JDK 8 on x64]   üê≥  docker cp src=/tmp/bccab3d6-a845-47ee-8a88-dccb58014a85/. dst=/tmp/bccab3d6-a845-47ee-8a88-dccb58014a85
[b77294f9-0aab-4951-8891-b69f92abf58c/Build with JDK 8 on x64]   üê≥  docker exec cmd=[chown -R 1012:1013 /tmp/bccab3d6-a845-47ee-8a88-dccb58014a85] user=0 workdir=
[b77294f9-0aab-4951-8891-b69f92abf58c/Build with JDK 8 on x64]   ‚úÖ  Success - Main actions/checkout@v3
[b77294f9-0aab-4951-8891-b69f92abf58c/Build with JDK 8 on x64] unable to get git ref: failed to identify reference (tag/branch) for the checked-out revision 'f4d7f276e87c5612bd743d0fd21f947d059170f8'
[b77294f9-0aab-4951-8891-b69f92abf58c/Build with JDK 8 on x64] unable to get git ref: failed to identify reference (tag/branch) for the checked-out revision 'f4d7f276e87c5612bd743d0fd21f947d059170f8'
[b77294f9-0aab-4951-8891-b69f92abf58c/Build with JDK 8 on x64] unable to get git ref: failed to identify reference (tag/branch) for the checked-out revision 'f4d7f276e87c5612bd743d0fd21f947d059170f8'
[b77294f9-0aab-4951-8891-b69f92abf58c/Build with JDK 8 on x64] unable to get git ref: failed to identify reference (tag/branch) for the checked-out revision 'f4d7f276e87c5612bd743d0fd21f947d059170f8'
[b77294f9-0aab-4951-8891-b69f92abf58c/Build with JDK 8 on x64] unable to get git ref: failed to identify reference (tag/branch) for the checked-out revision 'f4d7f276e87c5612bd743d0fd21f947d059170f8'
[b77294f9-0aab-4951-8891-b69f92abf58c/Build with JDK 8 on x64] ‚≠ê Run Main Setup JDK
[b77294f9-0aab-4951-8891-b69f92abf58c/Build with JDK 8 on x64] unable to get git ref: failed to identify reference (tag/branch) for the checked-out revision 'f4d7f276e87c5612bd743d0fd21f947d059170f8'
[b77294f9-0aab-4951-8891-b69f92abf58c/Build with JDK 8 on x64] unable to get git ref: failed to identify reference (tag/branch) for the checked-out revision 'f4d7f276e87c5612bd743d0fd21f947d059170f8'
[b77294f9-0aab-4951-8891-b69f92abf58c/Build with JDK 8 on x64] unable to get git ref: failed to identify reference (tag/branch) for the checked-out revision 'f4d7f276e87c5612bd743d0fd21f947d059170f8'
[b77294f9-0aab-4951-8891-b69f92abf58c/Build with JDK 8 on x64]   üê≥  docker cp src=/tmp/act-cache/62bc70ff-9746-495a-83b5-7d9f352fc8a3/act/actions-setup-java@v3/ dst=/var/run/act/actions/actions-setup-java@v3/
[b77294f9-0aab-4951-8891-b69f92abf58c/Build with JDK 8 on x64]   üê≥  docker exec cmd=[chown -R 1012:1013 /var/run/act/actions/actions-setup-java@v3/] user=0 workdir=
[b77294f9-0aab-4951-8891-b69f92abf58c/Build with JDK 8 on x64]   üê≥  docker exec cmd=[node /var/run/act/actions/actions-setup-java@v3/dist/setup/index.js] user= workdir=
[b77294f9-0aab-4951-8891-b69f92abf58c/Build with JDK 8 on x64]   ‚ùì  ::group::Installed distributions
[b77294f9-0aab-4951-8891-b69f92abf58c/Build with JDK 8 on x64]   | Trying to resolve the latest version from remote
[b77294f9-0aab-4951-8891-b69f92abf58c/Build with JDK 8 on x64]   üí¨  ::debug::Gathering available versions from 'https://api.azul.com/zulu/download/community/v1.0/bundles/?os=linux&ext=tar.gz&bundle_type=jdk&javafx=false&arch=x86&hw_bitness=64&release_status=ga'
[b77294f9-0aab-4951-8891-b69f92abf58c/Build with JDK 8 on x64]   | Resolved latest version as 8.0.392+8
[b77294f9-0aab-4951-8891-b69f92abf58c/Build with JDK 8 on x64]   | Trying to download...
[b77294f9-0aab-4951-8891-b69f92abf58c/Build with JDK 8 on x64]   | Downloading Java 8.0.392+8 (Zulu) from https://cdn.azul.com/zulu/bin/zulu8.74.0.17-ca-jdk8.0.392-linux_x64.tar.gz ...
[b77294f9-0aab-4951-8891-b69f92abf58c/Build with JDK 8 on x64]   üí¨  ::debug::Downloading https://cdn.azul.com/zulu/bin/zulu8.74.0.17-ca-jdk8.0.392-linux_x64.tar.gz
[b77294f9-0aab-4951-8891-b69f92abf58c/Build with JDK 8 on x64]   üí¨  ::debug::Destination /tmp/4b86af16-088c-45d6-98f4-d834e389d5cb
[b77294f9-0aab-4951-8891-b69f92abf58c/Build with JDK 8 on x64]   üí¨  ::debug::download complete
[b77294f9-0aab-4951-8891-b69f92abf58c/Build with JDK 8 on x64]   | Extracting Java archive...
[b77294f9-0aab-4951-8891-b69f92abf58c/Build with JDK 8 on x64]   üí¨  ::debug::Checking tar --version
[b77294f9-0aab-4951-8891-b69f92abf58c/Build with JDK 8 on x64]   üí¨  ::debug::tar (GNU tar) 1.34%0ACopyright (C) 2021 Free Software Foundation, Inc.%0ALicense GPLv3+: GNU GPL version 3 or later <https://gnu.org/licenses/gpl.html>.%0AThis is free software: you are free to change and redistribute it.%0AThere is NO WARRANTY, to the extent permitted by law.%0A%0AWritten by John Gilmore and Jay Fenlason.
[b77294f9-0aab-4951-8891-b69f92abf58c/Build with JDK 8 on x64]   | [command]/usr/bin/tar xz --warning=no-unknown-keyword -C /tmp/cfcbdd5a-bf11-45c4-a871-e5b739711217 -f /tmp/4b86af16-088c-45d6-98f4-d834e389d5cb
[b77294f9-0aab-4951-8891-b69f92abf58c/Build with JDK 8 on x64]   üí¨  ::debug::Caching tool Java_Zulu_jdk 8.0.392-8 x64
[b77294f9-0aab-4951-8891-b69f92abf58c/Build with JDK 8 on x64]   üí¨  ::debug::source dir: /tmp/cfcbdd5a-bf11-45c4-a871-e5b739711217/zulu8.74.0.17-ca-jdk8.0.392-linux_x64
[b77294f9-0aab-4951-8891-b69f92abf58c/Build with JDK 8 on x64]   üí¨  ::debug::destination /opt/hostedtoolcache/Java_Zulu_jdk/8.0.392-8/x64
[b77294f9-0aab-4951-8891-b69f92abf58c/Build with JDK 8 on x64]   üí¨  ::debug::finished caching tool
[b77294f9-0aab-4951-8891-b69f92abf58c/Build with JDK 8 on x64]   | Java 8.0.392+8 was downloaded
[b77294f9-0aab-4951-8891-b69f92abf58c/Build with JDK 8 on x64]   | Setting Java 8.0.392+8 as the default
[b77294f9-0aab-4951-8891-b69f92abf58c/Build with JDK 8 on x64]   | Creating toolchains.xml for JDK version 8 from zulu
[b77294f9-0aab-4951-8891-b69f92abf58c/Build with JDK 8 on x64]   | Writing to /home/runner/.m2/toolchains.xml
[b77294f9-0aab-4951-8891-b69f92abf58c/Build with JDK 8 on x64]   | 
[b77294f9-0aab-4951-8891-b69f92abf58c/Build with JDK 8 on x64]   | Java configuration:
[b77294f9-0aab-4951-8891-b69f92abf58c/Build with JDK 8 on x64]   |   Distribution: zulu
[b77294f9-0aab-4951-8891-b69f92abf58c/Build with JDK 8 on x64]   |   Version: 8.0.392+8
[b77294f9-0aab-4951-8891-b69f92abf58c/Build with JDK 8 on x64]   |   Path: /opt/hostedtoolcache/Java_Zulu_jdk/8.0.392-8/x64
[b77294f9-0aab-4951-8891-b69f92abf58c/Build with JDK 8 on x64]   | 
[b77294f9-0aab-4951-8891-b69f92abf58c/Build with JDK 8 on x64]   ‚ùì  ::endgroup::
[b77294f9-0aab-4951-8891-b69f92abf58c/Build with JDK 8 on x64]   ‚ùì add-matcher /run/act/actions/actions-setup-java@v3/.github/java.json
[b77294f9-0aab-4951-8891-b69f92abf58c/Build with JDK 8 on x64]   | Creating settings.xml with server-id: github
[b77294f9-0aab-4951-8891-b69f92abf58c/Build with JDK 8 on x64]   | Writing to /home/runner/.m2/settings.xml
[b77294f9-0aab-4951-8891-b69f92abf58c/Build with JDK 8 on x64]   ‚úÖ  Success - Main Setup JDK
[b77294f9-0aab-4951-8891-b69f92abf58c/Build with JDK 8 on x64]   ‚öô  ::set-env:: JAVA_HOME=/opt/hostedtoolcache/Java_Zulu_jdk/8.0.392-8/x64
[b77294f9-0aab-4951-8891-b69f92abf58c/Build with JDK 8 on x64]   ‚öô  ::set-env:: JAVA_HOME_8_X64=/opt/hostedtoolcache/Java_Zulu_jdk/8.0.392-8/x64
[b77294f9-0aab-4951-8891-b69f92abf58c/Build with JDK 8 on x64]   ‚öô  ::set-output:: distribution=Zulu
[b77294f9-0aab-4951-8891-b69f92abf58c/Build with JDK 8 on x64]   ‚öô  ::set-output:: path=/opt/hostedtoolcache/Java_Zulu_jdk/8.0.392-8/x64
[b77294f9-0aab-4951-8891-b69f92abf58c/Build with JDK 8 on x64]   ‚öô  ::set-output:: version=8.0.392+8
[b77294f9-0aab-4951-8891-b69f92abf58c/Build with JDK 8 on x64]   ‚öô  ::add-path:: /opt/hostedtoolcache/Java_Zulu_jdk/8.0.392-8/x64/bin
[b77294f9-0aab-4951-8891-b69f92abf58c/Build with JDK 8 on x64] unable to get git ref: failed to identify reference (tag/branch) for the checked-out revision 'f4d7f276e87c5612bd743d0fd21f947d059170f8'
[b77294f9-0aab-4951-8891-b69f92abf58c/Build with JDK 8 on x64] unable to get git ref: failed to identify reference (tag/branch) for the checked-out revision 'f4d7f276e87c5612bd743d0fd21f947d059170f8'
[b77294f9-0aab-4951-8891-b69f92abf58c/Build with JDK 8 on x64] unable to get git ref: failed to identify reference (tag/branch) for the checked-out revision 'f4d7f276e87c5612bd743d0fd21f947d059170f8'
[b77294f9-0aab-4951-8891-b69f92abf58c/Build with JDK 8 on x64] unable to get git ref: failed to identify reference (tag/branch) for the checked-out revision 'f4d7f276e87c5612bd743d0fd21f947d059170f8'
[b77294f9-0aab-4951-8891-b69f92abf58c/Build with JDK 8 on x64] unable to get git ref: failed to identify reference (tag/branch) for the checked-out revision 'f4d7f276e87c5612bd743d0fd21f947d059170f8'
[b77294f9-0aab-4951-8891-b69f92abf58c/Build with JDK 8 on x64] ‚≠ê Run Main Build with Maven
[b77294f9-0aab-4951-8891-b69f92abf58c/Build with JDK 8 on x64] unable to get git ref: failed to identify reference (tag/branch) for the checked-out revision 'f4d7f276e87c5612bd743d0fd21f947d059170f8'
[b77294f9-0aab-4951-8891-b69f92abf58c/Build with JDK 8 on x64] unable to get git ref: failed to identify reference (tag/branch) for the checked-out revision 'f4d7f276e87c5612bd743d0fd21f947d059170f8'
[b77294f9-0aab-4951-8891-b69f92abf58c/Build with JDK 8 on x64] unable to get git ref: failed to identify reference (tag/branch) for the checked-out revision 'f4d7f276e87c5612bd743d0fd21f947d059170f8'
[b77294f9-0aab-4951-8891-b69f92abf58c/Build with JDK 8 on x64] unable to get git ref: failed to identify reference (tag/branch) for the checked-out revision 'f4d7f276e87c5612bd743d0fd21f947d059170f8'
[b77294f9-0aab-4951-8891-b69f92abf58c/Build with JDK 8 on x64]   üê≥  docker exec cmd=[bash --noprofile --norc -e -o pipefail /var/run/act/workflow/2] user= workdir=
[b77294f9-0aab-4951-8891-b69f92abf58c/Build with JDK 8 on x64]   | [INFO] Scanning for projects...
[b77294f9-0aab-4951-8891-b69f92abf58c/Build with JDK 8 on x64]   | [WARNING] 
[b77294f9-0aab-4951-8891-b69f92abf58c/Build with JDK 8 on x64]   | [WARNING] Some problems were encountered while building the effective model for org.assertj:assertj-vavr:jar:0.4.3-SNAPSHOT
[b77294f9-0aab-4951-8891-b69f92abf58c/Build with JDK 8 on x64]   | [WARNING] The expression ${inceptionYear} is deprecated. Please use ${project.inceptionYear} instead.
[b77294f9-0aab-4951-8891-b69f92abf58c/Build with JDK 8 on x64]   | [WARNING] 
[b77294f9-0aab-4951-8891-b69f92abf58c/Build with JDK 8 on x64]   | [WARNING] It is highly recommended to fix these problems because they threaten the stability of your build.
[b77294f9-0aab-4951-8891-b69f92abf58c/Build with JDK 8 on x64]   | [WARNING] 
[b77294f9-0aab-4951-8891-b69f92abf58c/Build with JDK 8 on x64]   | [WARNING] For this reason, future Maven versions might no longer support building such malformed projects.
[b77294f9-0aab-4951-8891-b69f92abf58c/Build with JDK 8 on x64]   | [WARNING] 
[b77294f9-0aab-4951-8891-b69f92abf58c/Build with JDK 8 on x64]   | [INFO] Inspecting build with total of 1 modules...
[b77294f9-0aab-4951-8891-b69f92abf58c/Build with JDK 8 on x64]   | [INFO] Installing Nexus Staging features:
[b77294f9-0aab-4951-8891-b69f92abf58c/Build with JDK 8 on x64]   | [INFO]   ... total of 1 executions of maven-deploy-plugin replaced with nexus-staging-maven-plugin
[b77294f9-0aab-4951-8891-b69f92abf58c/Build with JDK 8 on x64]   | [INFO] 
[b77294f9-0aab-4951-8891-b69f92abf58c/Build with JDK 8 on x64]   | [INFO] ----------------------< org.assertj:assertj-vavr >----------------------
[b77294f9-0aab-4951-8891-b69f92abf58c/Build with JDK 8 on x64]   | [INFO] Building AssertJ fluent assertions for Vavr 0.4.3-SNAPSHOT
[b77294f9-0aab-4951-8891-b69f92abf58c/Build with JDK 8 on x64]   | [INFO]   from pom.xml
[b77294f9-0aab-4951-8891-b69f92abf58c/Build with JDK 8 on x64]   | [INFO] --------------------------------[ jar ]---------------------------------
[b77294f9-0aab-4951-8891-b69f92abf58c/Build with JDK 8 on x64]   | [INFO] 
[b77294f9-0aab-4951-8891-b69f92abf58c/Build with JDK 8 on x64]   | [INFO] --- maven-enforcer-plugin:3.0.0:enforce (enforce-maven) @ assertj-vavr ---
[b77294f9-0aab-4951-8891-b69f92abf58c/Build with JDK 8 on x64]   | [INFO] 
[b77294f9-0aab-4951-8891-b69f92abf58c/Build with JDK 8 on x64]   | [INFO] --- jacoco-maven-plugin:0.8.8:prepare-agent (prepare-agent) @ assertj-vavr ---
[b77294f9-0aab-4951-8891-b69f92abf58c/Build with JDK 8 on x64]   | [INFO] argLine set to -javaagent:/home/runner/.m2/repository/org/jacoco/org.jacoco.agent/0.8.8/org.jacoco.agent-0.8.8-runtime.jar=destfile=/tmp/bccab3d6-a845-47ee-8a88-dccb58014a85/target/jacoco.exec
[b77294f9-0aab-4951-8891-b69f92abf58c/Build with JDK 8 on x64]   | [INFO] 
[b77294f9-0aab-4951-8891-b69f92abf58c/Build with JDK 8 on x64]   | [INFO] --- maven-resources-plugin:3.2.0:resources (default-resources) @ assertj-vavr ---
[b77294f9-0aab-4951-8891-b69f92abf58c/Build with JDK 8 on x64]   | [INFO] Using 'UTF-8' encoding to copy filtered resources.
[b77294f9-0aab-4951-8891-b69f92abf58c/Build with JDK 8 on x64]   | [INFO] Using 'UTF-8' encoding to copy filtered properties files.
[b77294f9-0aab-4951-8891-b69f92abf58c/Build with JDK 8 on x64]   | [INFO] skip non existing resourceDirectory /tmp/bccab3d6-a845-47ee-8a88-dccb58014a85/src/main/resources
[b77294f9-0aab-4951-8891-b69f92abf58c/Build with JDK 8 on x64]   | [INFO] 
[b77294f9-0aab-4951-8891-b69f92abf58c/Build with JDK 8 on x64]   | [INFO] --- maven-compiler-plugin:3.10.1:compile (default-compile) @ assertj-vavr ---
[b77294f9-0aab-4951-8891-b69f92abf58c/Build with JDK 8 on x64]   | [INFO] Changes detected - recompiling the module!
[b77294f9-0aab-4951-8891-b69f92abf58c/Build with JDK 8 on x64]   | [INFO] Compiling 52 source files to /tmp/bccab3d6-a845-47ee-8a88-dccb58014a85/target/classes
[b77294f9-0aab-4951-8891-b69f92abf58c/Build with JDK 8 on x64]   | [INFO] /tmp/bccab3d6-a845-47ee-8a88-dccb58014a85/src/main/java/org/assertj/vavr/api/AbstractEitherAssert.java: Some input files use or override a deprecated API.
[b77294f9-0aab-4951-8891-b69f92abf58c/Build with JDK 8 on x64]   | [INFO] /tmp/bccab3d6-a845-47ee-8a88-dccb58014a85/src/main/java/org/assertj/vavr/api/AbstractEitherAssert.java: Recompile with -Xlint:deprecation for details.
[b77294f9-0aab-4951-8891-b69f92abf58c/Build with JDK 8 on x64]   | [INFO] /tmp/bccab3d6-a845-47ee-8a88-dccb58014a85/src/main/java/org/assertj/vavr/api/AbstractSeqAssert.java: Some input files use unchecked or unsafe operations.
[b77294f9-0aab-4951-8891-b69f92abf58c/Build with JDK 8 on x64]   | [INFO] /tmp/bccab3d6-a845-47ee-8a88-dccb58014a85/src/main/java/org/assertj/vavr/api/AbstractSeqAssert.java: Recompile with -Xlint:unchecked for details.
[b77294f9-0aab-4951-8891-b69f92abf58c/Build with JDK 8 on x64]   | [INFO] 
[b77294f9-0aab-4951-8891-b69f92abf58c/Build with JDK 8 on x64]   | [INFO] --- maven-resources-plugin:3.2.0:testResources (default-testResources) @ assertj-vavr ---
[b77294f9-0aab-4951-8891-b69f92abf58c/Build with JDK 8 on x64]   | [INFO] Using 'UTF-8' encoding to copy filtered resources.
[b77294f9-0aab-4951-8891-b69f92abf58c/Build with JDK 8 on x64]   | [INFO] Using 'UTF-8' encoding to copy filtered properties files.
[b77294f9-0aab-4951-8891-b69f92abf58c/Build with JDK 8 on x64]   | [INFO] skip non existing resourceDirectory /tmp/bccab3d6-a845-47ee-8a88-dccb58014a85/src/test/resources
[b77294f9-0aab-4951-8891-b69f92abf58c/Build with JDK 8 on x64]   | [INFO] 
[b77294f9-0aab-4951-8891-b69f92abf58c/Build with JDK 8 on x64]   | [INFO] --- maven-compiler-plugin:3.10.1:testCompile (default-testCompile) @ assertj-vavr ---
[b77294f9-0aab-4951-8891-b69f92abf58c/Build with JDK 8 on x64]   | [INFO] Changes detected - recompiling the module!
[b77294f9-0aab-4951-8891-b69f92abf58c/Build with JDK 8 on x64]   | [INFO] Compiling 137 source files to /tmp/bccab3d6-a845-47ee-8a88-dccb58014a85/target/test-classes
[b77294f9-0aab-4951-8891-b69f92abf58c/Build with JDK 8 on x64]   | [INFO] /tmp/bccab3d6-a845-47ee-8a88-dccb58014a85/src/test/java/org/assertj/vavr/api/soft/SoftVavrAssertionsHelper.java: Some input files use unchecked or unsafe operations.
[b77294f9-0aab-4951-8891-b69f92abf58c/Build with JDK 8 on x64]   | [INFO] /tmp/bccab3d6-a845-47ee-8a88-dccb58014a85/src/test/java/org/assertj/vavr/api/soft/SoftVavrAssertionsHelper.java: Recompile with -Xlint:unchecked for details.
[b77294f9-0aab-4951-8891-b69f92abf58c/Build with JDK 8 on x64]   | [INFO] 
[b77294f9-0aab-4951-8891-b69f92abf58c/Build with JDK 8 on x64]   | [INFO] --- maven-surefire-plugin:2.22.2:test (default-test) @ assertj-vavr ---
[b77294f9-0aab-4951-8891-b69f92abf58c/Build with JDK 8 on x64]   | [INFO] 
[b77294f9-0aab-4951-8891-b69f92abf58c/Build with JDK 8 on x64]   | [INFO] -------------------------------------------------------
[b77294f9-0aab-4951-8891-b69f92abf58c/Build with JDK 8 on x64]   | [INFO]  T E S T S
[b77294f9-0aab-4951-8891-b69f92abf58c/Build with JDK 8 on x64]   | [INFO] -------------------------------------------------------
[b77294f9-0aab-4951-8891-b69f92abf58c/Build with JDK 8 on x64]   | [INFO] Running org.assertj.vavr.api.MapAssert_contains_anyOf_entries_Test
[b77294f9-0aab-4951-8891-b69f92abf58c/Build with JDK 8 on x64]   | [INFO] Tests run: 7, Failures: 0, Errors: 0, Skipped: 0, Time elapsed: 0.511 s - in org.assertj.vavr.api.MapAssert_contains_anyOf_entries_Test
[b77294f9-0aab-4951-8891-b69f92abf58c/Build with JDK 8 on x64]   | [INFO] Running org.assertj.vavr.api.Map_assertion_methods_in_assumptions_Test
[b77294f9-0aab-4951-8891-b69f92abf58c/Build with JDK 8 on x64]   | [INFO] Tests run: 34, Failures: 0, Errors: 0, Skipped: 0, Time elapsed: 1.866 s - in org.assertj.vavr.api.Map_assertion_methods_in_assumptions_Test
[b77294f9-0aab-4951-8891-b69f92abf58c/Build with JDK 8 on x64]   | [INFO] Running org.assertj.vavr.api.MultimapAssert_containsExactly_Test
[b77294f9-0aab-4951-8891-b69f92abf58c/Build with JDK 8 on x64]   | [INFO] Tests run: 9, Failures: 0, Errors: 0, Skipped: 0, Time elapsed: 0.029 s - in org.assertj.vavr.api.MultimapAssert_containsExactly_Test
[b77294f9-0aab-4951-8891-b69f92abf58c/Build with JDK 8 on x64]   | [INFO] Running org.assertj.vavr.api.TryAssert_isSuccess_Test
[b77294f9-0aab-4951-8891-b69f92abf58c/Build with JDK 8 on x64]   | [INFO] Tests run: 3, Failures: 0, Errors: 0, Skipped: 0, Time elapsed: 0.016 s - in org.assertj.vavr.api.TryAssert_isSuccess_Test
[b77294f9-0aab-4951-8891-b69f92abf58c/Build with JDK 8 on x64]   | [INFO] Running org.assertj.vavr.api.EitherAssert_hasRightValueSatisfying_Test
[b77294f9-0aab-4951-8891-b69f92abf58c/Build with JDK 8 on x64]   | [INFO] Tests run: 4, Failures: 0, Errors: 0, Skipped: 0, Time elapsed: 0.02 s - in org.assertj.vavr.api.EitherAssert_hasRightValueSatisfying_Test
[b77294f9-0aab-4951-8891-b69f92abf58c/Build with JDK 8 on x64]   | [INFO] Running org.assertj.vavr.api.SeqAssert_isSortedAccordingTo_Test
[b77294f9-0aab-4951-8891-b69f92abf58c/Build with JDK 8 on x64]   | [INFO] Tests run: 6, Failures: 0, Errors: 0, Skipped: 0, Time elapsed: 0.029 s - in org.assertj.vavr.api.SeqAssert_isSortedAccordingTo_Test
[b77294f9-0aab-4951-8891-b69f92abf58c/Build with JDK 8 on x64]   | [INFO] Running org.assertj.vavr.api.MultimapAssert_containsValue_Test
[b77294f9-0aab-4951-8891-b69f92abf58c/Build with JDK 8 on x64]   | [INFO] Tests run: 4, Failures: 0, Errors: 0, Skipped: 0, Time elapsed: 0.005 s - in org.assertj.vavr.api.MultimapAssert_containsValue_Test
[b77294f9-0aab-4951-8891-b69f92abf58c/Build with JDK 8 on x64]   | [INFO] Running org.assertj.vavr.api.TryAssert_containsInstanceOf_Test
[b77294f9-0aab-4951-8891-b69f92abf58c/Build with JDK 8 on x64]   | [INFO] Tests run: 4, Failures: 0, Errors: 0, Skipped: 0, Time elapsed: 0.014 s - in org.assertj.vavr.api.TryAssert_containsInstanceOf_Test
[b77294f9-0aab-4951-8891-b69f92abf58c/Build with JDK 8 on x64]   | [INFO] Running org.assertj.vavr.api.MapAssert_doesNotContainKey_Test
[b77294f9-0aab-4951-8891-b69f92abf58c/Build with JDK 8 on x64]   | [INFO] Tests run: 5, Failures: 0, Errors: 0, Skipped: 0, Time elapsed: 0.009 s - in org.assertj.vavr.api.MapAssert_doesNotContainKey_Test
[b77294f9-0aab-4951-8891-b69f92abf58c/Build with JDK 8 on x64]   | [INFO] Running org.assertj.vavr.api.MapAssert_contains_entries_Test
[b77294f9-0aab-4951-8891-b69f92abf58c/Build with JDK 8 on x64]   | [INFO] Tests run: 7, Failures: 0, Errors: 0, Skipped: 0, Time elapsed: 0.013 s - in org.assertj.vavr.api.MapAssert_contains_entries_Test
[b77294f9-0aab-4951-8891-b69f92abf58c/Build with JDK 8 on x64]   | [INFO] Running org.assertj.vavr.api.ValidationAssert_containsInvalid_usingValueComparator_Test
[b77294f9-0aab-4951-8891-b69f92abf58c/Build with JDK 8 on x64]   | [INFO] Tests run: 5, Failures: 0, Errors: 0, Skipped: 0, Time elapsed: 0.016 s - in org.assertj.vavr.api.ValidationAssert_containsInvalid_usingValueComparator_Test
[b77294f9-0aab-4951-8891-b69f92abf58c/Build with JDK 8 on x64]   | [INFO] Running org.assertj.vavr.api.EitherAssert_isRight_Test
[b77294f9-0aab-4951-8891-b69f92abf58c/Build with JDK 8 on x64]   | [INFO] Tests run: 3, Failures: 0, Errors: 0, Skipped: 0, Time elapsed: 0 s - in org.assertj.vavr.api.EitherAssert_isRight_Test
[b77294f9-0aab-4951-8891-b69f92abf58c/Build with JDK 8 on x64]   | [INFO] Running org.assertj.vavr.api.SetAssert_hasSize_Test
[b77294f9-0aab-4951-8891-b69f92abf58c/Build with JDK 8 on x64]   | [INFO] Tests run: 3, Failures: 0, Errors: 0, Skipped: 0, Time elapsed: 0 s - in org.assertj.vavr.api.SetAssert_hasSize_Test
[b77294f9-0aab-4951-8891-b69f92abf58c/Build with JDK 8 on x64]   | [INFO] Running org.assertj.vavr.api.EitherAssert_containsLeftInstanceOf_Test
[b77294f9-0aab-4951-8891-b69f92abf58c/Build with JDK 8 on x64]   | [INFO] Tests run: 5, Failures: 0, Errors: 0, Skipped: 0, Time elapsed: 0.008 s - in org.assertj.vavr.api.EitherAssert_containsLeftInstanceOf_Test
[b77294f9-0aab-4951-8891-b69f92abf58c/Build with JDK 8 on x64]   | [INFO] Running org.assertj.vavr.api.ValidationAssert_containsValid_usingFieldByFieldValueComparator_Test
[b77294f9-0aab-4951-8891-b69f92abf58c/Build with JDK 8 on x64]   | [INFO] Tests run: 4, Failures: 0, Errors: 0, Skipped: 0, Time elapsed: 0.022 s - in org.assertj.vavr.api.ValidationAssert_containsValid_usingFieldByFieldValueComparator_Test
[b77294f9-0aab-4951-8891-b69f92abf58c/Build with JDK 8 on x64]   | [INFO] Running org.assertj.vavr.api.MultimapAssert_hasSizeLessThan_Test
[b77294f9-0aab-4951-8891-b69f92abf58c/Build with JDK 8 on x64]   | [INFO] Tests run: 3, Failures: 0, Errors: 0, Skipped: 0, Time elapsed: 0.006 s - in org.assertj.vavr.api.MultimapAssert_hasSizeLessThan_Test
[b77294f9-0aab-4951-8891-b69f92abf58c/Build with JDK 8 on x64]   | [INFO] Running org.assertj.vavr.api.LazyAssert_isEvaluated_Test
[b77294f9-0aab-4951-8891-b69f92abf58c/Build with JDK 8 on x64]   | [INFO] Tests run: 3, Failures: 0, Errors: 0, Skipped: 0, Time elapsed: 0.006 s - in org.assertj.vavr.api.LazyAssert_isEvaluated_Test
[b77294f9-0aab-4951-8891-b69f92abf58c/Build with JDK 8 on x64]   | [INFO] Running org.assertj.vavr.api.Lazy_assertion_methods_in_assumptions_Test
[b77294f9-0aab-4951-8891-b69f92abf58c/Build with JDK 8 on x64]   | [INFO] Tests run: 4, Failures: 0, Errors: 0, Skipped: 0, Time elapsed: 0.231 s - in org.assertj.vavr.api.Lazy_assertion_methods_in_assumptions_Test
[b77294f9-0aab-4951-8891-b69f92abf58c/Build with JDK 8 on x64]   | [INFO] Running org.assertj.vavr.api.TryAssert_failReasonHasMessage_Test
[b77294f9-0aab-4951-8891-b69f92abf58c/Build with JDK 8 on x64]   | [INFO] Tests run: 4, Failures: 0, Errors: 0, Skipped: 0, Time elapsed: 0.006 s - in org.assertj.vavr.api.TryAssert_failReasonHasMessage_Test
[b77294f9-0aab-4951-8891-b69f92abf58c/Build with JDK 8 on x64]   | [INFO] Running org.assertj.vavr.api.ValidationAssert_containsInvalid_Test
[b77294f9-0aab-4951-8891-b69f92abf58c/Build with JDK 8 on x64]   | [INFO] Tests run: 5, Failures: 0, Errors: 0, Skipped: 0, Time elapsed: 0.012 s - in org.assertj.vavr.api.ValidationAssert_containsInvalid_Test
[b77294f9-0aab-4951-8891-b69f92abf58c/Build with JDK 8 on x64]   | [INFO] Running org.assertj.vavr.api.MultimapAssert_contains_anyOf_entries_Test
[b77294f9-0aab-4951-8891-b69f92abf58c/Build with JDK 8 on x64]   | [INFO] Tests run: 7, Failures: 0, Errors: 0, Skipped: 0, Time elapsed: 0.008 s - in org.assertj.vavr.api.MultimapAssert_contains_anyOf_entries_Test
[b77294f9-0aab-4951-8891-b69f92abf58c/Build with JDK 8 on x64]   | [INFO] Running org.assertj.vavr.api.EitherAssert_containsRightSame_Test
[b77294f9-0aab-4951-8891-b69f92abf58c/Build with JDK 8 on x64]   | [INFO] Tests run: 4, Failures: 0, Errors: 0, Skipped: 0, Time elapsed: 0.008 s - in org.assertj.vavr.api.EitherAssert_containsRightSame_Test
[b77294f9-0aab-4951-8891-b69f92abf58c/Build with JDK 8 on x64]   | [INFO] Running org.assertj.vavr.api.ValidationAssert_containsInvalidSame_Test
[b77294f9-0aab-4951-8891-b69f92abf58c/Build with JDK 8 on x64]   | [INFO] Tests run: 5, Failures: 0, Errors: 0, Skipped: 0, Time elapsed: 0.002 s - in org.assertj.vavr.api.ValidationAssert_containsInvalidSame_Test
[b77294f9-0aab-4951-8891-b69f92abf58c/Build with JDK 8 on x64]   | [INFO] Running org.assertj.vavr.api.MapAssert_hasSameSizeAs_Array_Test
[b77294f9-0aab-4951-8891-b69f92abf58c/Build with JDK 8 on x64]   | [INFO] Tests run: 5, Failures: 0, Errors: 0, Skipped: 0, Time elapsed: 0.004 s - in org.assertj.vavr.api.MapAssert_hasSameSizeAs_Array_Test
[b77294f9-0aab-4951-8891-b69f92abf58c/Build with JDK 8 on x64]   | [INFO] Running org.assertj.vavr.api.Either_assertion_methods_in_assumptions_Test
[b77294f9-0aab-4951-8891-b69f92abf58c/Build with JDK 8 on x64]   | [INFO] Tests run: 16, Failures: 0, Errors: 0, Skipped: 0, Time elapsed: 0.271 s - in org.assertj.vavr.api.Either_assertion_methods_in_assumptions_Test
[b77294f9-0aab-4951-8891-b69f92abf58c/Build with JDK 8 on x64]   | [INFO] Running org.assertj.vavr.api.MultimapAssert_doesNotContainValues_Test
[b77294f9-0aab-4951-8891-b69f92abf58c/Build with JDK 8 on x64]   | [INFO] Tests run: 4, Failures: 0, Errors: 0, Skipped: 0, Time elapsed: 0.005 s - in org.assertj.vavr.api.MultimapAssert_doesNotContainValues_Test
[b77294f9-0aab-4951-8891-b69f92abf58c/Build with JDK 8 on x64]   | [INFO] Running org.assertj.vavr.api.OptionAssert_contains_usingFieldByFieldValueComparator_Test
[b77294f9-0aab-4951-8891-b69f92abf58c/Build with JDK 8 on x64]   | [INFO] Tests run: 4, Failures: 0, Errors: 0, Skipped: 0, Time elapsed: 0.004 s - in org.assertj.vavr.api.OptionAssert_contains_usingFieldByFieldValueComparator_Test
[b77294f9-0aab-4951-8891-b69f92abf58c/Build with JDK 8 on x64]   | [INFO] Running org.assertj.vavr.api.MultimapAssert_hasSize_Test
[b77294f9-0aab-4951-8891-b69f92abf58c/Build with JDK 8 on x64]   | [INFO] Tests run: 3, Failures: 0, Errors: 0, Skipped: 0, Time elapsed: 0.001 s - in org.assertj.vavr.api.MultimapAssert_hasSize_Test
[b77294f9-0aab-4951-8891-b69f92abf58c/Build with JDK 8 on x64]   | [INFO] Running org.assertj.vavr.api.SeqAssert_doesNotContain_atIndex_Test
[b77294f9-0aab-4951-8891-b69f92abf58c/Build with JDK 8 on x64]   | [INFO] Tests run: 4, Failures: 0, Errors: 0, Skipped: 0, Time elapsed: 0.005 s - in org.assertj.vavr.api.SeqAssert_doesNotContain_atIndex_Test
[b77294f9-0aab-4951-8891-b69f92abf58c/Build with JDK 8 on x64]   | [INFO] Running org.assertj.vavr.api.MultimapAssert_containsKeys_Test
[b77294f9-0aab-4951-8891-b69f92abf58c/Build with JDK 8 on x64]   | [INFO] Tests run: 5, Failures: 0, Errors: 0, Skipped: 0, Time elapsed: 0.003 s - in org.assertj.vavr.api.MultimapAssert_containsKeys_Test
[b77294f9-0aab-4951-8891-b69f92abf58c/Build with JDK 8 on x64]   | [INFO] Running org.assertj.vavr.api.MultimapAssert_doesNotContainValue_Test
[b77294f9-0aab-4951-8891-b69f92abf58c/Build with JDK 8 on x64]   | [INFO] Tests run: 4, Failures: 0, Errors: 0, Skipped: 0, Time elapsed: 0.002 s - in org.assertj.vavr.api.MultimapAssert_doesNotContainValue_Test
[b77294f9-0aab-4951-8891-b69f92abf58c/Build with JDK 8 on x64]   | [INFO] Running org.assertj.vavr.api.OptionAssert_map_Test
[b77294f9-0aab-4951-8891-b69f92abf58c/Build with JDK 8 on x64]   | [INFO] Tests run: 3, Failures: 0, Errors: 0, Skipped: 0, Time elapsed: 0.016 s - in org.assertj.vavr.api.OptionAssert_map_Test
[b77294f9-0aab-4951-8891-b69f92abf58c/Build with JDK 8 on x64]   | [INFO] Running org.assertj.vavr.api.SeqAssert_contains_atIndex_Test
[b77294f9-0aab-4951-8891-b69f92abf58c/Build with JDK 8 on x64]   | [INFO] Tests run: 5, Failures: 0, Errors: 0, Skipped: 0, Time elapsed: 0.012 s - in org.assertj.vavr.api.SeqAssert_contains_atIndex_Test
[b77294f9-0aab-4951-8891-b69f92abf58c/Build with JDK 8 on x64]   | [INFO] Running org.assertj.vavr.api.ValidationAssert_isValid_Test
[b77294f9-0aab-4951-8891-b69f92abf58c/Build with JDK 8 on x64]   | [INFO] Tests run: 3, Failures: 0, Errors: 0, Skipped: 0, Time elapsed: 0.002 s - in org.assertj.vavr.api.ValidationAssert_isValid_Test
[b77294f9-0aab-4951-8891-b69f92abf58c/Build with JDK 8 on x64]   | [INFO] Running org.assertj.vavr.api.TryAssert_hasValueSatisfying_Condition_Test
[b77294f9-0aab-4951-8891-b69f92abf58c/Build with JDK 8 on x64]   | [INFO] Tests run: 4, Failures: 0, Errors: 0, Skipped: 0, Time elapsed: 0.007 s - in org.assertj.vavr.api.TryAssert_hasValueSatisfying_Condition_Test
[b77294f9-0aab-4951-8891-b69f92abf58c/Build with JDK 8 on x64]   | [INFO] Running org.assertj.vavr.api.MapAssert_doesNotContainEntry_Test
[b77294f9-0aab-4951-8891-b69f92abf58c/Build with JDK 8 on x64]   | [INFO] Tests run: 4, Failures: 0, Errors: 0, Skipped: 0, Time elapsed: 0.003 s - in org.assertj.vavr.api.MapAssert_doesNotContainEntry_Test
[b77294f9-0aab-4951-8891-b69f92abf58c/Build with JDK 8 on x64]   | [INFO] Running org.assertj.vavr.api.EitherAssert_containsLeft_Test
[b77294f9-0aab-4951-8891-b69f92abf58c/Build with JDK 8 on x64]   | [INFO] Tests run: 4, Failures: 0, Errors: 0, Skipped: 0, Time elapsed: 0.003 s - in org.assertj.vavr.api.EitherAssert_containsLeft_Test
[b77294f9-0aab-4951-8891-b69f92abf58c/Build with JDK 8 on x64]   | [INFO] Running org.assertj.vavr.api.OptionAssert_isEmpty_Test
[b77294f9-0aab-4951-8891-b69f92abf58c/Build with JDK 8 on x64]   | [INFO] Tests run: 3, Failures: 0, Errors: 0, Skipped: 0, Time elapsed: 0.003 s - in org.assertj.vavr.api.OptionAssert_isEmpty_Test
[b77294f9-0aab-4951-8891-b69f92abf58c/Build with JDK 8 on x64]   | [INFO] Running org.assertj.vavr.api.ValidationAssert_containsValid_usingValueComparator_Test
[b77294f9-0aab-4951-8891-b69f92abf58c/Build with JDK 8 on x64]   | [INFO] Tests run: 4, Failures: 0, Errors: 0, Skipped: 0, Time elapsed: 0.005 s - in org.assertj.vavr.api.ValidationAssert_containsValid_usingValueComparator_Test
[b77294f9-0aab-4951-8891-b69f92abf58c/Build with JDK 8 on x64]   | [INFO] Running org.assertj.vavr.api.ValidationAssert_containsInvalid_usingFieldByFieldValueComparator_Test
[b77294f9-0aab-4951-8891-b69f92abf58c/Build with JDK 8 on x64]   | [INFO] Tests run: 5, Failures: 0, Errors: 0, Skipped: 0, Time elapsed: 0.006 s - in org.assertj.vavr.api.ValidationAssert_containsInvalid_usingFieldByFieldValueComparator_Test
[b77294f9-0aab-4951-8891-b69f92abf58c/Build with JDK 8 on x64]   | [INFO] Running org.assertj.vavr.api.Seq_assertion_methods_in_assumptions_Test
[b77294f9-0aab-4951-8891-b69f92abf58c/Build with JDK 8 on x64]   | [INFO] Tests run: 10, Failures: 0, Errors: 0, Skipped: 0, Time elapsed: 0.268 s - in org.assertj.vavr.api.Seq_assertion_methods_in_assumptions_Test
[b77294f9-0aab-4951-8891-b69f92abf58c/Build with JDK 8 on x64]   | [INFO] Running org.assertj.vavr.api.MultimapAssert_hasSizeGreaterThan_Test
[b77294f9-0aab-4951-8891-b69f92abf58c/Build with JDK 8 on x64]   | [INFO] Tests run: 3, Failures: 0, Errors: 0, Skipped: 0, Time elapsed: 0.002 s - in org.assertj.vavr.api.MultimapAssert_hasSizeGreaterThan_Test
[b77294f9-0aab-4951-8891-b69f92abf58c/Build with JDK 8 on x64]   | [INFO] Running org.assertj.vavr.api.MapAssert_doesNotContainValue_Test
[b77294f9-0aab-4951-8891-b69f92abf58c/Build with JDK 8 on x64]   | [INFO] Tests run: 4, Failures: 0, Errors: 0, Skipped: 0, Time elapsed: 0.003 s - in org.assertj.vavr.api.MapAssert_doesNotContainValue_Test
[b77294f9-0aab-4951-8891-b69f92abf58c/Build with JDK 8 on x64]   | [INFO] Running org.assertj.vavr.api.MapAssert_isEqualTo_Test
[b77294f9-0aab-4951-8891-b69f92abf58c/Build with JDK 8 on x64]   | [INFO] Tests run: 3, Failures: 0, Errors: 0, Skipped: 0, Time elapsed: 0.01 s - in org.assertj.vavr.api.MapAssert_isEqualTo_Test
[b77294f9-0aab-4951-8891-b69f92abf58c/Build with JDK 8 on x64]   | [INFO] Running org.assertj.vavr.api.EitherAssert_containsRightInstanceOf_Test
[b77294f9-0aab-4951-8891-b69f92abf58c/Build with JDK 8 on x64]   | [INFO] Tests run: 5, Failures: 0, Errors: 0, Skipped: 0, Time elapsed: 0.003 s - in org.assertj.vavr.api.EitherAssert_containsRightInstanceOf_Test
[b77294f9-0aab-4951-8891-b69f92abf58c/Build with JDK 8 on x64]   | [INFO] Running org.assertj.vavr.api.MapAssert_containsExactly_Test
[b77294f9-0aab-4951-8891-b69f92abf58c/Build with JDK 8 on x64]   | [INFO] Tests run: 9, Failures: 0, Errors: 0, Skipped: 0, Time elapsed: 0.016 s - in org.assertj.vavr.api.MapAssert_containsExactly_Test
[b77294f9-0aab-4951-8891-b69f92abf58c/Build with JDK 8 on x64]   | [INFO] Running org.assertj.vavr.api.MultimapAssert_containsValues_Test
[b77294f9-0aab-4951-8891-b69f92abf58c/Build with JDK 8 on x64]   | [INFO] Tests run: 4, Failures: 0, Errors: 0, Skipped: 0, Time elapsed: 0.002 s - in org.assertj.vavr.api.MultimapAssert_containsValues_Test
[b77294f9-0aab-4951-8891-b69f92abf58c/Build with JDK 8 on x64]   | [INFO] Running org.assertj.vavr.api.OptionAssert_flatMap_Test
[b77294f9-0aab-4951-8891-b69f92abf58c/Build with JDK 8 on x64]   | [INFO] Tests run: 3, Failures: 0, Errors: 0, Skipped: 0, Time elapsed: 0.001 s - in org.assertj.vavr.api.OptionAssert_flatMap_Test
[b77294f9-0aab-4951-8891-b69f92abf58c/Build with JDK 8 on x64]   | [INFO] Running org.assertj.vavr.api.SeqAssert_isSorted_Test
[b77294f9-0aab-4951-8891-b69f92abf58c/Build with JDK 8 on x64]   | [INFO] Tests run: 7, Failures: 0, Errors: 0, Skipped: 0, Time elapsed: 0.006 s - in org.assertj.vavr.api.SeqAssert_isSorted_Test
[b77294f9-0aab-4951-8891-b69f92abf58c/Build with JDK 8 on x64]   | [INFO] Running org.assertj.vavr.api.MapAssert_containsValues_Test
[b77294f9-0aab-4951-8891-b69f92abf58c/Build with JDK 8 on x64]   | [INFO] Tests run: 4, Failures: 0, Errors: 0, Skipped: 0, Time elapsed: 0.002 s - in org.assertj.vavr.api.MapAssert_containsValues_Test
[b77294f9-0aab-4951-8891-b69f92abf58c/Build with JDK 8 on x64]   | [INFO] Running org.assertj.vavr.api.ValidationAssert_containsValid_Test
[b77294f9-0aab-4951-8891-b69f92abf58c/Build with JDK 8 on x64]   | [INFO] Tests run: 4, Failures: 0, Errors: 0, Skipped: 0, Time elapsed: 0.002 s - in org.assertj.vavr.api.ValidationAssert_containsValid_Test
[b77294f9-0aab-4951-8891-b69f92abf58c/Build with JDK 8 on x64]   | [INFO] Running org.assertj.vavr.api.OptionAssert_isDefined_Test
[b77294f9-0aab-4951-8891-b69f92abf58c/Build with JDK 8 on x64]   | [INFO] Tests run: 3, Failures: 0, Errors: 0, Skipped: 0, Time elapsed: 0.002 s - in org.assertj.vavr.api.OptionAssert_isDefined_Test
[b77294f9-0aab-4951-8891-b69f92abf58c/Build with JDK 8 on x64]   | [INFO] Running org.assertj.vavr.api.MapAssert_hasSizeLessThan_Test
[b77294f9-0aab-4951-8891-b69f92abf58c/Build with JDK 8 on x64]   | [INFO] Tests run: 3, Failures: 0, Errors: 0, Skipped: 0, Time elapsed: 0.002 s - in org.assertj.vavr.api.MapAssert_hasSizeLessThan_Test
[b77294f9-0aab-4951-8891-b69f92abf58c/Build with JDK 8 on x64]   | [INFO] Running org.assertj.vavr.api.MapAssert_containsValue_Test
[b77294f9-0aab-4951-8891-b69f92abf58c/Build with JDK 8 on x64]   | [INFO] Tests run: 4, Failures: 0, Errors: 0, Skipped: 0, Time elapsed: 0.001 s - in org.assertj.vavr.api.MapAssert_containsValue_Test
[b77294f9-0aab-4951-8891-b69f92abf58c/Build with JDK 8 on x64]   | [INFO] Running org.assertj.vavr.api.MultimapAssert_doesNotContainKey_Test
[b77294f9-0aab-4951-8891-b69f92abf58c/Build with JDK 8 on x64]   | [INFO] Tests run: 5, Failures: 0, Errors: 0, Skipped: 0, Time elapsed: 0.003 s - in org.assertj.vavr.api.MultimapAssert_doesNotContainKey_Test
[b77294f9-0aab-4951-8891-b69f92abf58c/Build with JDK 8 on x64]   | [INFO] Running org.assertj.vavr.api.OptionAssert_containsSame_Test
[b77294f9-0aab-4951-8891-b69f92abf58c/Build with JDK 8 on x64]   | [INFO] Tests run: 6, Failures: 0, Errors: 0, Skipped: 0, Time elapsed: 0.004 s - in org.assertj.vavr.api.OptionAssert_containsSame_Test
[b77294f9-0aab-4951-8891-b69f92abf58c/Build with JDK 8 on x64]   | [INFO] Running org.assertj.vavr.api.EitherAssert_containsOnLeft_usingValueComparator_Test
[b77294f9-0aab-4951-8891-b69f92abf58c/Build with JDK 8 on x64]   | [INFO] Tests run: 4, Failures: 0, Errors: 0, Skipped: 0, Time elapsed: 0.002 s - in org.assertj.vavr.api.EitherAssert_containsOnLeft_usingValueComparator_Test
[b77294f9-0aab-4951-8891-b69f92abf58c/Build with JDK 8 on x64]   | [INFO] Running org.assertj.vavr.api.MultimapAssert_isNullOrEmpty_Test
[b77294f9-0aab-4951-8891-b69f92abf58c/Build with JDK 8 on x64]   | [INFO] Tests run: 3, Failures: 0, Errors: 0, Skipped: 0, Time elapsed: 0.001 s - in org.assertj.vavr.api.MultimapAssert_isNullOrEmpty_Test
[b77294f9-0aab-4951-8891-b69f92abf58c/Build with JDK 8 on x64]   | [INFO] Running org.assertj.vavr.api.Try_assertion_methods_in_assumptions_Test
[b77294f9-0aab-4951-8891-b69f92abf58c/Build with JDK 8 on x64]   | [INFO] Tests run: 16, Failures: 0, Errors: 0, Skipped: 0, Time elapsed: 0.134 s - in org.assertj.vavr.api.Try_assertion_methods_in_assumptions_Test
[b77294f9-0aab-4951-8891-b69f92abf58c/Build with JDK 8 on x64]   | [INFO] Running org.assertj.vavr.api.MapAssert_containsKey_Test
[b77294f9-0aab-4951-8891-b69f92abf58c/Build with JDK 8 on x64]   | [INFO] Tests run: 5, Failures: 0, Errors: 0, Skipped: 0, Time elapsed: 0.005 s - in org.assertj.vavr.api.MapAssert_containsKey_Test
[b77294f9-0aab-4951-8891-b69f92abf58c/Build with JDK 8 on x64]   | [INFO] Running org.assertj.vavr.api.SeqAssert_is_atIndex_Test
[b77294f9-0aab-4951-8891-b69f92abf58c/Build with JDK 8 on x64]   | [INFO] Tests run: 5, Failures: 0, Errors: 0, Skipped: 0, Time elapsed: 0.007 s - in org.assertj.vavr.api.SeqAssert_is_atIndex_Test
[b77294f9-0aab-4951-8891-b69f92abf58c/Build with JDK 8 on x64]   | [INFO] Running org.assertj.vavr.api.MultimapAssert_allSatisfy_Test
[b77294f9-0aab-4951-8891-b69f92abf58c/Build with JDK 8 on x64]   | [INFO] Tests run: 5, Failures: 0, Errors: 0, Skipped: 0, Time elapsed: 0.003 s - in org.assertj.vavr.api.MultimapAssert_allSatisfy_Test
[b77294f9-0aab-4951-8891-b69f92abf58c/Build with JDK 8 on x64]   | [INFO] Running org.assertj.vavr.api.MapAssert_containsOnly_Test
[b77294f9-0aab-4951-8891-b69f92abf58c/Build with JDK 8 on x64]   | [INFO] Tests run: 7, Failures: 0, Errors: 0, Skipped: 0, Time elapsed: 0.005 s - in org.assertj.vavr.api.MapAssert_containsOnly_Test
[b77294f9-0aab-4951-8891-b69f92abf58c/Build with JDK 8 on x64]   | [INFO] Running org.assertj.vavr.api.MapAssert_isNullOrEmpty_Test
[b77294f9-0aab-4951-8891-b69f92abf58c/Build with JDK 8 on x64]   | [INFO] Tests run: 3, Failures: 0, Errors: 0, Skipped: 0, Time elapsed: 0 s - in org.assertj.vavr.api.MapAssert_isNullOrEmpty_Test
[b77294f9-0aab-4951-8891-b69f92abf58c/Build with JDK 8 on x64]   | [INFO] Running org.assertj.vavr.api.ValidationAssert_containsValidSame_Test
[b77294f9-0aab-4951-8891-b69f92abf58c/Build with JDK 8 on x64]   | [INFO] Tests run: 4, Failures: 0, Errors: 0, Skipped: 0, Time elapsed: 0.002 s - in org.assertj.vavr.api.ValidationAssert_containsValidSame_Test
[b77294f9-0aab-4951-8891-b69f92abf58c/Build with JDK 8 on x64]   | [INFO] Running org.assertj.vavr.api.MapAssert_doesNotContainKeys_Test
[b77294f9-0aab-4951-8891-b69f92abf58c/Build with JDK 8 on x64]   | [INFO] Tests run: 5, Failures: 0, Errors: 0, Skipped: 0, Time elapsed: 0.002 s - in org.assertj.vavr.api.MapAssert_doesNotContainKeys_Test
[b77294f9-0aab-4951-8891-b69f92abf58c/Build with JDK 8 on x64]   | [INFO] Running org.assertj.vavr.api.MultimapAssert_containsKey_Test
[b77294f9-0aab-4951-8891-b69f92abf58c/Build with JDK 8 on x64]   | [INFO] Tests run: 5, Failures: 0, Errors: 0, Skipped: 0, Time elapsed: 0.003 s - in org.assertj.vavr.api.MultimapAssert_containsKey_Test
[b77294f9-0aab-4951-8891-b69f92abf58c/Build with JDK 8 on x64]   | [INFO] Running org.assertj.vavr.api.TryAssert_failBecauseOf_Test
[b77294f9-0aab-4951-8891-b69f92abf58c/Build with JDK 8 on x64]   | [INFO] Tests run: 4, Failures: 0, Errors: 0, Skipped: 0, Time elapsed: 0.001 s - in org.assertj.vavr.api.TryAssert_failBecauseOf_Test
[b77294f9-0aab-4951-8891-b69f92abf58c/Build with JDK 8 on x64]   | [INFO] Running org.assertj.vavr.api.MultimapAssert_doesNotContainKeys_Test
[b77294f9-0aab-4951-8891-b69f92abf58c/Build with JDK 8 on x64]   | [INFO] Tests run: 5, Failures: 0, Errors: 0, Skipped: 0, Time elapsed: 0.002 s - in org.assertj.vavr.api.MultimapAssert_doesNotContainKeys_Test
[b77294f9-0aab-4951-8891-b69f92abf58c/Build with JDK 8 on x64]   | [INFO] Running org.assertj.vavr.api.OptionAssert_hasValueSatisfying_Condition_Test
[b77294f9-0aab-4951-8891-b69f92abf58c/Build with JDK 8 on x64]   | [INFO] Tests run: 5, Failures: 0, Errors: 0, Skipped: 0, Time elapsed: 0.002 s - in org.assertj.vavr.api.OptionAssert_hasValueSatisfying_Condition_Test
[b77294f9-0aab-4951-8891-b69f92abf58c/Build with JDK 8 on x64]   | [INFO] Running org.assertj.vavr.api.TryAssert_contains_Test
[b77294f9-0aab-4951-8891-b69f92abf58c/Build with JDK 8 on x64]   | [INFO] Tests run: 6, Failures: 0, Errors: 0, Skipped: 0, Time elapsed: 0.002 s - in org.assertj.vavr.api.TryAssert_contains_Test
[b77294f9-0aab-4951-8891-b69f92abf58c/Build with JDK 8 on x64]   | [INFO] Running org.assertj.vavr.api.MultimapAssert_hasSameSizeAs_Iterable_Test
[b77294f9-0aab-4951-8891-b69f92abf58c/Build with JDK 8 on x64]   | [INFO] Tests run: 4, Failures: 0, Errors: 0, Skipped: 0, Time elapsed: 0.002 s - in org.assertj.vavr.api.MultimapAssert_hasSameSizeAs_Iterable_Test
[b77294f9-0aab-4951-8891-b69f92abf58c/Build with JDK 8 on x64]   | [INFO] Running org.assertj.vavr.api.MultimapAssert_doesNotContainEntry_Test
[b77294f9-0aab-4951-8891-b69f92abf58c/Build with JDK 8 on x64]   | [INFO] Tests run: 4, Failures: 0, Errors: 0, Skipped: 0, Time elapsed: 0.002 s - in org.assertj.vavr.api.MultimapAssert_doesNotContainEntry_Test
[b77294f9-0aab-4951-8891-b69f92abf58c/Build with JDK 8 on x64]   | [INFO] Running org.assertj.vavr.api.TryAssert_hasValueSatisfying_Test
[b77294f9-0aab-4951-8891-b69f92abf58c/Build with JDK 8 on x64]   | [INFO] Tests run: 4, Failures: 0, Errors: 0, Skipped: 0, Time elapsed: 0.009 s - in org.assertj.vavr.api.TryAssert_hasValueSatisfying_Test
[b77294f9-0aab-4951-8891-b69f92abf58c/Build with JDK 8 on x64]   | [INFO] Running org.assertj.vavr.api.MultimapAssert_isNotEmpty_Test
[b77294f9-0aab-4951-8891-b69f92abf58c/Build with JDK 8 on x64]   | [INFO] Tests run: 3, Failures: 0, Errors: 0, Skipped: 0, Time elapsed: 0 s - in org.assertj.vavr.api.MultimapAssert_isNotEmpty_Test
[b77294f9-0aab-4951-8891-b69f92abf58c/Build with JDK 8 on x64]   | [INFO] Running org.assertj.vavr.api.MapAssert_containsAllEntriesOf_Test
[b77294f9-0aab-4951-8891-b69f92abf58c/Build with JDK 8 on x64]   | [INFO] Tests run: 7, Failures: 0, Errors: 0, Skipped: 0, Time elapsed: 0.003 s - in org.assertj.vavr.api.MapAssert_containsAllEntriesOf_Test
[b77294f9-0aab-4951-8891-b69f92abf58c/Build with JDK 8 on x64]   | [INFO] Running org.assertj.vavr.api.MultimapAssert_containsEntry_Test
[b77294f9-0aab-4951-8891-b69f92abf58c/Build with JDK 8 on x64]   | [INFO] Tests run: 3, Failures: 0, Errors: 0, Skipped: 0, Time elapsed: 0.002 s - in org.assertj.vavr.api.MultimapAssert_containsEntry_Test
[b77294f9-0aab-4951-8891-b69f92abf58c/Build with JDK 8 on x64]   | [INFO] Running org.assertj.vavr.api.SetAssert_allSatisfy_Test
[b77294f9-0aab-4951-8891-b69f92abf58c/Build with JDK 8 on x64]   | [INFO] Tests run: 5, Failures: 0, Errors: 0, Skipped: 0, Time elapsed: 0.005 s - in org.assertj.vavr.api.SetAssert_allSatisfy_Test
[b77294f9-0aab-4951-8891-b69f92abf58c/Build with JDK 8 on x64]   | [INFO] Running org.assertj.vavr.api.SeqAssert_has_atIndex_Test
[b77294f9-0aab-4951-8891-b69f92abf58c/Build with JDK 8 on x64]   | [INFO] Tests run: 5, Failures: 0, Errors: 0, Skipped: 0, Time elapsed: 0.003 s - in org.assertj.vavr.api.SeqAssert_has_atIndex_Test
[b77294f9-0aab-4951-8891-b69f92abf58c/Build with JDK 8 on x64]   | [INFO] Running org.assertj.vavr.api.OptionAssert_containsInstanceOf_Test
[b77294f9-0aab-4951-8891-b69f92abf58c/Build with JDK 8 on x64]   | [INFO] Tests run: 4, Failures: 0, Errors: 0, Skipped: 0, Time elapsed: 0.001 s - in org.assertj.vavr.api.OptionAssert_containsInstanceOf_Test
[b77294f9-0aab-4951-8891-b69f92abf58c/Build with JDK 8 on x64]   | [INFO] Running org.assertj.vavr.api.EitherAssert_containsOnRight_usingValueComparator_Test
[b77294f9-0aab-4951-8891-b69f92abf58c/Build with JDK 8 on x64]   | [INFO] Tests run: 4, Failures: 0, Errors: 0, Skipped: 0, Time elapsed: 0.002 s - in org.assertj.vavr.api.EitherAssert_containsOnRight_usingValueComparator_Test
[b77294f9-0aab-4951-8891-b69f92abf58c/Build with JDK 8 on x64]   | [INFO] Running org.assertj.vavr.api.EitherAssert_containsLeftSame_Test
[b77294f9-0aab-4951-8891-b69f92abf58c/Build with JDK 8 on x64]   | [INFO] Tests run: 4, Failures: 0, Errors: 0, Skipped: 0, Time elapsed: 0.002 s - in org.assertj.vavr.api.EitherAssert_containsLeftSame_Test
[b77294f9-0aab-4951-8891-b69f92abf58c/Build with JDK 8 on x64]   | [INFO] Running org.assertj.vavr.api.MapAssert_containsEntry_Test
[b77294f9-0aab-4951-8891-b69f92abf58c/Build with JDK 8 on x64]   | [INFO] Tests run: 3, Failures: 0, Errors: 0, Skipped: 0, Time elapsed: 0 s - in org.assertj.vavr.api.MapAssert_containsEntry_Test
[b77294f9-0aab-4951-8891-b69f92abf58c/Build with JDK 8 on x64]   | [INFO] Running org.assertj.vavr.api.TryAssert_contains_usingFieldByFieldValueComparator_Test
[b77294f9-0aab-4951-8891-b69f92abf58c/Build with JDK 8 on x64]   | [INFO] Tests run: 4, Failures: 0, Errors: 0, Skipped: 0, Time elapsed: 0.002 s - in org.assertj.vavr.api.TryAssert_contains_usingFieldByFieldValueComparator_Test
[b77294f9-0aab-4951-8891-b69f92abf58c/Build with JDK 8 on x64]   | [INFO] Running org.assertj.vavr.api.TryAssert_contains_usingValueComparator_Test
[b77294f9-0aab-4951-8891-b69f92abf58c/Build with JDK 8 on x64]   | [INFO] Tests run: 3, Failures: 0, Errors: 0, Skipped: 0, Time elapsed: 0.001 s - in org.assertj.vavr.api.TryAssert_contains_usingValueComparator_Test
[b77294f9-0aab-4951-8891-b69f92abf58c/Build with JDK 8 on x64]   | [INFO] Running org.assertj.vavr.api.EitherAssert_containsRight_Test
[b77294f9-0aab-4951-8891-b69f92abf58c/Build with JDK 8 on x64]   | [INFO] Tests run: 4, Failures: 0, Errors: 0, Skipped: 0, Time elapsed: 0.002 s - in org.assertj.vavr.api.EitherAssert_containsRight_Test
[b77294f9-0aab-4951-8891-b69f92abf58c/Build with JDK 8 on x64]   | [INFO] Running org.assertj.vavr.api.EitherAssert_isLeft_Test
[b77294f9-0aab-4951-8891-b69f92abf58c/Build with JDK 8 on x64]   | [INFO] Tests run: 3, Failures: 0, Errors: 0, Skipped: 0, Time elapsed: 0 s - in org.assertj.vavr.api.EitherAssert_isLeft_Test
[b77294f9-0aab-4951-8891-b69f92abf58c/Build with JDK 8 on x64]   | [INFO] Running org.assertj.vavr.api.OptionAssert_contains_usingValueComparator_Test
[b77294f9-0aab-4951-8891-b69f92abf58c/Build with JDK 8 on x64]   | [INFO] Tests run: 4, Failures: 0, Errors: 0, Skipped: 0, Time elapsed: 0.001 s - in org.assertj.vavr.api.OptionAssert_contains_usingValueComparator_Test
[b77294f9-0aab-4951-8891-b69f92abf58c/Build with JDK 8 on x64]   | [INFO] Running org.assertj.vavr.api.MultiMapAssert_isEqualTo_Test
[b77294f9-0aab-4951-8891-b69f92abf58c/Build with JDK 8 on x64]   | [INFO] Tests run: 3, Failures: 0, Errors: 0, Skipped: 0, Time elapsed: 0 s - in org.assertj.vavr.api.MultiMapAssert_isEqualTo_Test
[b77294f9-0aab-4951-8891-b69f92abf58c/Build with JDK 8 on x64]   | [INFO] Running org.assertj.vavr.api.MultimapAssert_doesNotContain_entries_Test
[b77294f9-0aab-4951-8891-b69f92abf58c/Build with JDK 8 on x64]   | [INFO] Tests run: 6, Failures: 0, Errors: 0, Skipped: 0, Time elapsed: 0.002 s - in org.assertj.vavr.api.MultimapAssert_doesNotContain_entries_Test
[b77294f9-0aab-4951-8891-b69f92abf58c/Build with JDK 8 on x64]   | [INFO] Running org.assertj.vavr.api.Set_assertion_methods_in_assumptions_Test
[b77294f9-0aab-4951-8891-b69f92abf58c/Build with JDK 8 on x64]   | [INFO] Tests run: 18, Failures: 0, Errors: 0, Skipped: 0, Time elapsed: 0.209 s - in org.assertj.vavr.api.Set_assertion_methods_in_assumptions_Test
[b77294f9-0aab-4951-8891-b69f92abf58c/Build with JDK 8 on x64]   | [INFO] Running org.assertj.vavr.api.MapAssert_doesNotContain_entries_Test
[b77294f9-0aab-4951-8891-b69f92abf58c/Build with JDK 8 on x64]   | [INFO] Tests run: 6, Failures: 0, Errors: 0, Skipped: 0, Time elapsed: 0.002 s - in org.assertj.vavr.api.MapAssert_doesNotContain_entries_Test
[b77294f9-0aab-4951-8891-b69f92abf58c/Build with JDK 8 on x64]   | [INFO] Running org.assertj.vavr.api.MultimapAssert_containsOnlyKeys_Test
[b77294f9-0aab-4951-8891-b69f92abf58c/Build with JDK 8 on x64]   | [INFO] Tests run: 6, Failures: 0, Errors: 0, Skipped: 0, Time elapsed: 0.004 s - in org.assertj.vavr.api.MultimapAssert_containsOnlyKeys_Test
[b77294f9-0aab-4951-8891-b69f92abf58c/Build with JDK 8 on x64]   | [INFO] Running org.assertj.vavr.api.OptionAssert_hasValueSatisfying_Test
[b77294f9-0aab-4951-8891-b69f92abf58c/Build with JDK 8 on x64]   | [INFO] Tests run: 4, Failures: 0, Errors: 0, Skipped: 0, Time elapsed: 0.008 s - in org.assertj.vavr.api.OptionAssert_hasValueSatisfying_Test
[b77294f9-0aab-4951-8891-b69f92abf58c/Build with JDK 8 on x64]   | [INFO] Running org.assertj.vavr.api.MapAssert_containsOnlyKeys_Test
[b77294f9-0aab-4951-8891-b69f92abf58c/Build with JDK 8 on x64]   | [INFO] Tests run: 6, Failures: 0, Errors: 0, Skipped: 0, Time elapsed: 0.002 s - in org.assertj.vavr.api.MapAssert_containsOnlyKeys_Test
[b77294f9-0aab-4951-8891-b69f92abf58c/Build with JDK 8 on x64]   | [INFO] Running org.assertj.vavr.api.MapAssert_hasSameSizeAs_Iterable_Test
[b77294f9-0aab-4951-8891-b69f92abf58c/Build with JDK 8 on x64]   | [INFO] Tests run: 4, Failures: 0, Errors: 0, Skipped: 0, Time elapsed: 0.002 s - in org.assertj.vavr.api.MapAssert_hasSameSizeAs_Iterable_Test
[b77294f9-0aab-4951-8891-b69f92abf58c/Build with JDK 8 on x64]   | [INFO] Running org.assertj.vavr.api.MapAssert_isEmpty_Test
[b77294f9-0aab-4951-8891-b69f92abf58c/Build with JDK 8 on x64]   | [INFO] Tests run: 3, Failures: 0, Errors: 0, Skipped: 0, Time elapsed: 0.001 s - in org.assertj.vavr.api.MapAssert_isEmpty_Test
[b77294f9-0aab-4951-8891-b69f92abf58c/Build with JDK 8 on x64]   | [INFO] Running org.assertj.vavr.api.EitherAssert_hasLeftValueSatisfying_Test
[b77294f9-0aab-4951-8891-b69f92abf58c/Build with JDK 8 on x64]   | [INFO] Tests run: 4, Failures: 0, Errors: 0, Skipped: 0, Time elapsed: 0.003 s - in org.assertj.vavr.api.EitherAssert_hasLeftValueSatisfying_Test
[b77294f9-0aab-4951-8891-b69f92abf58c/Build with JDK 8 on x64]   | [INFO] Running org.assertj.vavr.api.SeqAssert_containsExactly_inAnyOrder_Test
[b77294f9-0aab-4951-8891-b69f92abf58c/Build with JDK 8 on x64]   | [INFO] Tests run: 6, Failures: 0, Errors: 0, Skipped: 0, Time elapsed: 0.006 s - in org.assertj.vavr.api.SeqAssert_containsExactly_inAnyOrder_Test
[b77294f9-0aab-4951-8891-b69f92abf58c/Build with JDK 8 on x64]   | [INFO] Running org.assertj.vavr.api.Validation_assertion_methods_in_assumptions_Test
[b77294f9-0aab-4951-8891-b69f92abf58c/Build with JDK 8 on x64]   | [INFO] Tests run: 16, Failures: 0, Errors: 0, Skipped: 0, Time elapsed: 0.14 s - in org.assertj.vavr.api.Validation_assertion_methods_in_assumptions_Test
[b77294f9-0aab-4951-8891-b69f92abf58c/Build with JDK 8 on x64]   | [INFO] Running org.assertj.vavr.api.MapAssert_hasSizeGreaterThan_Test
[b77294f9-0aab-4951-8891-b69f92abf58c/Build with JDK 8 on x64]   | [INFO] Tests run: 3, Failures: 0, Errors: 0, Skipped: 0, Time elapsed: 0 s - in org.assertj.vavr.api.MapAssert_hasSizeGreaterThan_Test
[b77294f9-0aab-4951-8891-b69f92abf58c/Build with JDK 8 on x64]   | [INFO] Running org.assertj.vavr.api.MapAssert_isNotEmpty_Test
[b77294f9-0aab-4951-8891-b69f92abf58c/Build with JDK 8 on x64]   | [INFO] Tests run: 3, Failures: 0, Errors: 0, Skipped: 0, Time elapsed: 0 s - in org.assertj.vavr.api.MapAssert_isNotEmpty_Test
[b77294f9-0aab-4951-8891-b69f92abf58c/Build with JDK 8 on x64]   | [INFO] Running org.assertj.vavr.api.TryAssert_containsSame_Test
[b77294f9-0aab-4951-8891-b69f92abf58c/Build with JDK 8 on x64]   | [INFO] Tests run: 7, Failures: 0, Errors: 0, Skipped: 0, Time elapsed: 0.003 s - in org.assertj.vavr.api.TryAssert_containsSame_Test
[b77294f9-0aab-4951-8891-b69f92abf58c/Build with JDK 8 on x64]   | [INFO] Running org.assertj.vavr.api.MultimapAssert_containsAllEntriesOf_Test
[b77294f9-0aab-4951-8891-b69f92abf58c/Build with JDK 8 on x64]   | [INFO] Tests run: 7, Failures: 0, Errors: 0, Skipped: 0, Time elapsed: 0.001 s - in org.assertj.vavr.api.MultimapAssert_containsAllEntriesOf_Test
[b77294f9-0aab-4951-8891-b69f92abf58c/Build with JDK 8 on x64]   | [INFO] Running org.assertj.vavr.api.MultimapAssert_hasEntrySatisfying_Test
[b77294f9-0aab-4951-8891-b69f92abf58c/Build with JDK 8 on x64]   | [INFO] Tests run: 6, Failures: 0, Errors: 0, Skipped: 0, Time elapsed: 0.005 s - in org.assertj.vavr.api.MultimapAssert_hasEntrySatisfying_Test
[b77294f9-0aab-4951-8891-b69f92abf58c/Build with JDK 8 on x64]   | [INFO] Running org.assertj.vavr.api.ValidationAssert_isInvalid_Test
[b77294f9-0aab-4951-8891-b69f92abf58c/Build with JDK 8 on x64]   | [INFO] Tests run: 3, Failures: 0, Errors: 0, Skipped: 0, Time elapsed: 0.001 s - in org.assertj.vavr.api.ValidationAssert_isInvalid_Test
[b77294f9-0aab-4951-8891-b69f92abf58c/Build with JDK 8 on x64]   | [INFO] Running org.assertj.vavr.api.EitherAssert_containsOnRight_usingFieldByFieldValueComparator_Test
[b77294f9-0aab-4951-8891-b69f92abf58c/Build with JDK 8 on x64]   | [INFO] Tests run: 4, Failures: 0, Errors: 0, Skipped: 0, Time elapsed: 0.001 s - in org.assertj.vavr.api.EitherAssert_containsOnRight_usingFieldByFieldValueComparator_Test
[b77294f9-0aab-4951-8891-b69f92abf58c/Build with JDK 8 on x64]   | [INFO] Running org.assertj.vavr.api.Multimap_assertion_methods_in_assumptions_Test
[b77294f9-0aab-4951-8891-b69f92abf58c/Build with JDK 8 on x64]   | [INFO] Tests run: 34, Failures: 0, Errors: 0, Skipped: 0, Time elapsed: 0.336 s - in org.assertj.vavr.api.Multimap_assertion_methods_in_assumptions_Test
[b77294f9-0aab-4951-8891-b69f92abf58c/Build with JDK 8 on x64]   | [INFO] Running org.assertj.vavr.api.Option_assertion_methods_in_assumptions_Test
[b77294f9-0aab-4951-8891-b69f92abf58c/Build with JDK 8 on x64]   | [INFO] Tests run: 14, Failures: 0, Errors: 0, Skipped: 0, Time elapsed: 0.106 s - in org.assertj.vavr.api.Option_assertion_methods_in_assumptions_Test
[b77294f9-0aab-4951-8891-b69f92abf58c/Build with JDK 8 on x64]   | [INFO] Running org.assertj.vavr.api.SetAssert_isEmpty_Test
[b77294f9-0aab-4951-8891-b69f92abf58c/Build with JDK 8 on x64]   | [INFO] Tests run: 3, Failures: 0, Errors: 0, Skipped: 0, Time elapsed: 0.002 s - in org.assertj.vavr.api.SetAssert_isEmpty_Test
[b77294f9-0aab-4951-8891-b69f92abf58c/Build with JDK 8 on x64]   | [INFO] Running org.assertj.vavr.api.MapAssert_containsKeys_Test
[b77294f9-0aab-4951-8891-b69f92abf58c/Build with JDK 8 on x64]   | [INFO] Tests run: 5, Failures: 0, Errors: 0, Skipped: 0, Time elapsed: 0.002 s - in org.assertj.vavr.api.MapAssert_containsKeys_Test
[b77294f9-0aab-4951-8891-b69f92abf58c/Build with JDK 8 on x64]   | [INFO] Running org.assertj.vavr.api.OptionAssert_contains_Test
[b77294f9-0aab-4951-8891-b69f92abf58c/Build with JDK 8 on x64]   | [INFO] Tests run: 4, Failures: 0, Errors: 0, Skipped: 0, Time elapsed: 0.001 s - in org.assertj.vavr.api.OptionAssert_contains_Test
[b77294f9-0aab-4951-8891-b69f92abf58c/Build with JDK 8 on x64]   | [INFO] Running org.assertj.vavr.api.ValidationAssert_containsInvalidInstanceOf_Test
[b77294f9-0aab-4951-8891-b69f92abf58c/Build with JDK 8 on x64]   | [INFO] Tests run: 5, Failures: 0, Errors: 0, Skipped: 0, Time elapsed: 0.001 s - in org.assertj.vavr.api.ValidationAssert_containsInvalidInstanceOf_Test
[b77294f9-0aab-4951-8891-b69f92abf58c/Build with JDK 8 on x64]   | [INFO] Running org.assertj.vavr.api.TryAssert_isFailure_Test
[b77294f9-0aab-4951-8891-b69f92abf58c/Build with JDK 8 on x64]   | [INFO] Tests run: 3, Failures: 0, Errors: 0, Skipped: 0, Time elapsed: 0.001 s - in org.assertj.vavr.api.TryAssert_isFailure_Test
[b77294f9-0aab-4951-8891-b69f92abf58c/Build with JDK 8 on x64]   | [INFO] Running org.assertj.vavr.api.EitherAssert_containsOnLeft_usingFieldByFieldValueComparator_Test
[b77294f9-0aab-4951-8891-b69f92abf58c/Build with JDK 8 on x64]   | [INFO] Tests run: 4, Failures: 0, Errors: 0, Skipped: 0, Time elapsed: 0.007 s - in org.assertj.vavr.api.EitherAssert_containsOnLeft_usingFieldByFieldValueComparator_Test
[b77294f9-0aab-4951-8891-b69f92abf58c/Build with JDK 8 on x64]   | [INFO] Running org.assertj.vavr.api.MapAssert_hasEntrySatisfying_Test
[b77294f9-0aab-4951-8891-b69f92abf58c/Build with JDK 8 on x64]   | [INFO] Tests run: 6, Failures: 0, Errors: 0, Skipped: 0, Time elapsed: 0.002 s - in org.assertj.vavr.api.MapAssert_hasEntrySatisfying_Test
[b77294f9-0aab-4951-8891-b69f92abf58c/Build with JDK 8 on x64]   | [INFO] Running org.assertj.vavr.api.MapAssert_hasSize_Test
[b77294f9-0aab-4951-8891-b69f92abf58c/Build with JDK 8 on x64]   | [INFO] Tests run: 3, Failures: 0, Errors: 0, Skipped: 0, Time elapsed: 0.002 s - in org.assertj.vavr.api.MapAssert_hasSize_Test
[b77294f9-0aab-4951-8891-b69f92abf58c/Build with JDK 8 on x64]   | [INFO] Running org.assertj.vavr.api.LazyAssert_isNotEvaluated_Test
[b77294f9-0aab-4951-8891-b69f92abf58c/Build with JDK 8 on x64]   | [INFO] Tests run: 3, Failures: 0, Errors: 0, Skipped: 0, Time elapsed: 0.001 s - in org.assertj.vavr.api.LazyAssert_isNotEvaluated_Test
[b77294f9-0aab-4951-8891-b69f92abf58c/Build with JDK 8 on x64]   | [INFO] Running org.assertj.vavr.api.MapAssert_allSatisfy_Test
[b77294f9-0aab-4951-8891-b69f92abf58c/Build with JDK 8 on x64]   | [INFO] Tests run: 5, Failures: 0, Errors: 0, Skipped: 0, Time elapsed: 0.002 s - in org.assertj.vavr.api.MapAssert_allSatisfy_Test
[b77294f9-0aab-4951-8891-b69f92abf58c/Build with JDK 8 on x64]   | [INFO] Running org.assertj.vavr.api.MultiMapAssert_isNotEqualTo_Test
[b77294f9-0aab-4951-8891-b69f92abf58c/Build with JDK 8 on x64]   | [INFO] Tests run: 3, Failures: 0, Errors: 0, Skipped: 0, Time elapsed: 0.001 s - in org.assertj.vavr.api.MultiMapAssert_isNotEqualTo_Test
[b77294f9-0aab-4951-8891-b69f92abf58c/Build with JDK 8 on x64]   | [INFO] Running org.assertj.vavr.api.MapAssert_isNotEqualTo_Test
[b77294f9-0aab-4951-8891-b69f92abf58c/Build with JDK 8 on x64]   | [INFO] Tests run: 3, Failures: 0, Errors: 0, Skipped: 0, Time elapsed: 0.001 s - in org.assertj.vavr.api.MapAssert_isNotEqualTo_Test
[b77294f9-0aab-4951-8891-b69f92abf58c/Build with JDK 8 on x64]   | [INFO] Running org.assertj.vavr.api.MultimapAssert_isEmpty_Test
[b77294f9-0aab-4951-8891-b69f92abf58c/Build with JDK 8 on x64]   | [INFO] Tests run: 3, Failures: 0, Errors: 0, Skipped: 0, Time elapsed: 0 s - in org.assertj.vavr.api.MultimapAssert_isEmpty_Test
[b77294f9-0aab-4951-8891-b69f92abf58c/Build with JDK 8 on x64]   | [INFO] Running org.assertj.vavr.api.ValidationAssert_containsValidInstanceOf_Test
[b77294f9-0aab-4951-8891-b69f92abf58c/Build with JDK 8 on x64]   | [INFO] Tests run: 5, Failures: 0, Errors: 0, Skipped: 0, Time elapsed: 0.001 s - in org.assertj.vavr.api.ValidationAssert_containsValidInstanceOf_Test
[b77294f9-0aab-4951-8891-b69f92abf58c/Build with JDK 8 on x64]   | [INFO] Running org.assertj.vavr.api.MapAssert_doesNotContainValues_Test
[b77294f9-0aab-4951-8891-b69f92abf58c/Build with JDK 8 on x64]   | [INFO] Tests run: 4, Failures: 0, Errors: 0, Skipped: 0, Time elapsed: 0 s - in org.assertj.vavr.api.MapAssert_doesNotContainValues_Test
[b77294f9-0aab-4951-8891-b69f92abf58c/Build with JDK 8 on x64]   | [INFO] Running org.assertj.vavr.api.MultimapAssert_containsOnly_Test
[b77294f9-0aab-4951-8891-b69f92abf58c/Build with JDK 8 on x64]   | [INFO] Tests run: 7, Failures: 0, Errors: 0, Skipped: 0, Time elapsed: 0.003 s - in org.assertj.vavr.api.MultimapAssert_containsOnly_Test
[b77294f9-0aab-4951-8891-b69f92abf58c/Build with JDK 8 on x64]   | [INFO] Running org.assertj.vavr.api.MultimapAssert_contains_entries_Test
[b77294f9-0aab-4951-8891-b69f92abf58c/Build with JDK 8 on x64]   | [INFO] Tests run: 7, Failures: 0, Errors: 0, Skipped: 0, Time elapsed: 0.002 s - in org.assertj.vavr.api.MultimapAssert_contains_entries_Test
[b77294f9-0aab-4951-8891-b69f92abf58c/Build with JDK 8 on x64]   | [INFO] Running org.assertj.vavr.api.SeqAssert_satisfies_atIndex_Test
[b77294f9-0aab-4951-8891-b69f92abf58c/Build with JDK 8 on x64]   | [INFO] Tests run: 5, Failures: 0, Errors: 0, Skipped: 0, Time elapsed: 0 s - in org.assertj.vavr.api.SeqAssert_satisfies_atIndex_Test
[b77294f9-0aab-4951-8891-b69f92abf58c/Build with JDK 8 on x64]   | [INFO] Running org.assertj.vavr.api.soft.AutoCloseableSoftVavrAssertionsTest
[b77294f9-0aab-4951-8891-b69f92abf58c/Build with JDK 8 on x64]   | [INFO] Tests run: 2, Failures: 0, Errors: 0, Skipped: 0, Time elapsed: 1.458 s - in org.assertj.vavr.api.soft.AutoCloseableSoftVavrAssertionsTest
[b77294f9-0aab-4951-8891-b69f92abf58c/Build with JDK 8 on x64]   | [INFO] Running org.assertj.vavr.api.soft.SoftVavrAssertionsTest
[b77294f9-0aab-4951-8891-b69f92abf58c/Build with JDK 8 on x64]   | [INFO] Tests run: 2, Failures: 0, Errors: 0, Skipped: 0, Time elapsed: 0.071 s - in org.assertj.vavr.api.soft.SoftVavrAssertionsTest
[b77294f9-0aab-4951-8891-b69f92abf58c/Build with JDK 8 on x64]   | [INFO] Running org.assertj.vavr.api.MultimapAssert_hasSameSizeAs_Array_Test
[b77294f9-0aab-4951-8891-b69f92abf58c/Build with JDK 8 on x64]   | [INFO] Tests run: 5, Failures: 0, Errors: 0, Skipped: 0, Time elapsed: 0.001 s - in org.assertj.vavr.api.MultimapAssert_hasSameSizeAs_Array_Test
[b77294f9-0aab-4951-8891-b69f92abf58c/Build with JDK 8 on x64]   | [INFO] 
[b77294f9-0aab-4951-8891-b69f92abf58c/Build with JDK 8 on x64]   | [INFO] Results:
[b77294f9-0aab-4951-8891-b69f92abf58c/Build with JDK 8 on x64]   | [INFO] 
[b77294f9-0aab-4951-8891-b69f92abf58c/Build with JDK 8 on x64]   | [INFO] Tests run: 695, Failures: 0, Errors: 0, Skipped: 0
[b77294f9-0aab-4951-8891-b69f92abf58c/Build with JDK 8 on x64]   | [INFO] 
[b77294f9-0aab-4951-8891-b69f92abf58c/Build with JDK 8 on x64]   | [INFO] 
[b77294f9-0aab-4951-8891-b69f92abf58c/Build with JDK 8 on x64]   | [INFO] --- jacoco-maven-plugin:0.8.8:report (jacoco-report) @ assertj-vavr ---
[b77294f9-0aab-4951-8891-b69f92abf58c/Build with JDK 8 on x64]   | [INFO] Loading execution data file /tmp/bccab3d6-a845-47ee-8a88-dccb58014a85/target/jacoco.exec
[b77294f9-0aab-4951-8891-b69f92abf58c/Build with JDK 8 on x64]   | [INFO] Analyzed bundle 'AssertJ fluent assertions for Vavr' with 52 classes
[b77294f9-0aab-4951-8891-b69f92abf58c/Build with JDK 8 on x64]   | [INFO] 
[b77294f9-0aab-4951-8891-b69f92abf58c/Build with JDK 8 on x64]   | [INFO] --- jacoco-maven-plugin:0.8.8:check (default-check) @ assertj-vavr ---
[b77294f9-0aab-4951-8891-b69f92abf58c/Build with JDK 8 on x64]   | [INFO] Loading execution data file /tmp/bccab3d6-a845-47ee-8a88-dccb58014a85/target/jacoco.exec
[b77294f9-0aab-4951-8891-b69f92abf58c/Build with JDK 8 on x64]   | [INFO] Analyzed bundle 'assertj-vavr' with 52 classes
[b77294f9-0aab-4951-8891-b69f92abf58c/Build with JDK 8 on x64]   | [INFO] All coverage checks have been met.
[b77294f9-0aab-4951-8891-b69f92abf58c/Build with JDK 8 on x64]   | [INFO] 
[b77294f9-0aab-4951-8891-b69f92abf58c/Build with JDK 8 on x64]   | [INFO] --- maven-jar-plugin:3.2.2:jar (default-jar) @ assertj-vavr ---
[b77294f9-0aab-4951-8891-b69f92abf58c/Build with JDK 8 on x64]   | [INFO] Building jar: /tmp/bccab3d6-a845-47ee-8a88-dccb58014a85/target/assertj-vavr-0.4.3-SNAPSHOT.jar
[b77294f9-0aab-4951-8891-b69f92abf58c/Build with JDK 8 on x64]   | [INFO] 
[b77294f9-0aab-4951-8891-b69f92abf58c/Build with JDK 8 on x64]   | [INFO] --- maven-javadoc-plugin:3.4.0:jar (attach-javadocs) @ assertj-vavr ---
[b77294f9-0aab-4951-8891-b69f92abf58c/Build with JDK 8 on x64]   | [INFO] No previous run data found, generating javadoc.
[b77294f9-0aab-4951-8891-b69f92abf58c/Build with JDK 8 on x64]   | [INFO] 
[b77294f9-0aab-4951-8891-b69f92abf58c/Build with JDK 8 on x64]   | Loading source files for package org.assertj.vavr.internal...
[b77294f9-0aab-4951-8891-b69f92abf58c/Build with JDK 8 on x64]   | Loading source files for package org.assertj.vavr.api.soft...
[b77294f9-0aab-4951-8891-b69f92abf58c/Build with JDK 8 on x64]   | Loading source files for package org.assertj.vavr.api...
[b77294f9-0aab-4951-8891-b69f92abf58c/Build with JDK 8 on x64]   | Constructing Javadoc information...
[b77294f9-0aab-4951-8891-b69f92abf58c/Build with JDK 8 on x64]   | Standard Doclet version 1.8.0_392
[b77294f9-0aab-4951-8891-b69f92abf58c/Build with JDK 8 on x64]   | Building tree for all the packages and classes...
[b77294f9-0aab-4951-8891-b69f92abf58c/Build with JDK 8 on x64]   | Generating /tmp/bccab3d6-a845-47ee-8a88-dccb58014a85/target/apidocs/org/assertj/vavr/internal/Maps.html...
[b77294f9-0aab-4951-8891-b69f92abf58c/Build with JDK 8 on x64]   | Generating /tmp/bccab3d6-a845-47ee-8a88-dccb58014a85/target/apidocs/org/assertj/vavr/internal/Multimaps.html...
[b77294f9-0aab-4951-8891-b69f92abf58c/Build with JDK 8 on x64]   | Generating /tmp/bccab3d6-a845-47ee-8a88-dccb58014a85/target/apidocs/org/assertj/vavr/api/soft/AutoCloseableSoftVavrAssertions.html...
[b77294f9-0aab-4951-8891-b69f92abf58c/Build with JDK 8 on x64]   | Generating /tmp/bccab3d6-a845-47ee-8a88-dccb58014a85/target/apidocs/org/assertj/vavr/api/soft/JUnitSoftVavrAssertions.html...
[b77294f9-0aab-4951-8891-b69f92abf58c/Build with JDK 8 on x64]   | Generating /tmp/bccab3d6-a845-47ee-8a88-dccb58014a85/target/apidocs/org/assertj/vavr/api/soft/SoftVavrAssertions.html...
[b77294f9-0aab-4951-8891-b69f92abf58c/Build with JDK 8 on x64]   | Generating /tmp/bccab3d6-a845-47ee-8a88-dccb58014a85/target/apidocs/org/assertj/vavr/api/soft/StandardSoftVavrAssertionsProvider.html...
[b77294f9-0aab-4951-8891-b69f92abf58c/Build with JDK 8 on x64]   | Generating /tmp/bccab3d6-a845-47ee-8a88-dccb58014a85/target/apidocs/org/assertj/vavr/api/EitherAssert.html...
[b77294f9-0aab-4951-8891-b69f92abf58c/Build with JDK 8 on x64]   | Generating /tmp/bccab3d6-a845-47ee-8a88-dccb58014a85/target/apidocs/org/assertj/vavr/api/LazyAssert.html...
[b77294f9-0aab-4951-8891-b69f92abf58c/Build with JDK 8 on x64]   | Generating /tmp/bccab3d6-a845-47ee-8a88-dccb58014a85/target/apidocs/org/assertj/vavr/api/MapAssert.html...
[b77294f9-0aab-4951-8891-b69f92abf58c/Build with JDK 8 on x64]   | Generating /tmp/bccab3d6-a845-47ee-8a88-dccb58014a85/target/apidocs/org/assertj/vavr/api/MultimapAssert.html...
[b77294f9-0aab-4951-8891-b69f92abf58c/Build with JDK 8 on x64]   | Generating /tmp/bccab3d6-a845-47ee-8a88-dccb58014a85/target/apidocs/org/assertj/vavr/api/OptionAssert.html...
[b77294f9-0aab-4951-8891-b69f92abf58c/Build with JDK 8 on x64]   | Generating /tmp/bccab3d6-a845-47ee-8a88-dccb58014a85/target/apidocs/org/assertj/vavr/api/SeqAssert.html...
[b77294f9-0aab-4951-8891-b69f92abf58c/Build with JDK 8 on x64]   | Generating /tmp/bccab3d6-a845-47ee-8a88-dccb58014a85/target/apidocs/org/assertj/vavr/api/SeqShouldBeAtIndex.html...
[b77294f9-0aab-4951-8891-b69f92abf58c/Build with JDK 8 on x64]   | Generating /tmp/bccab3d6-a845-47ee-8a88-dccb58014a85/target/apidocs/org/assertj/vavr/api/SetAssert.html...
[b77294f9-0aab-4951-8891-b69f92abf58c/Build with JDK 8 on x64]   | Generating /tmp/bccab3d6-a845-47ee-8a88-dccb58014a85/target/apidocs/org/assertj/vavr/api/ShouldNotContainValues.html...
[b77294f9-0aab-4951-8891-b69f92abf58c/Build with JDK 8 on x64]   | Generating /tmp/bccab3d6-a845-47ee-8a88-dccb58014a85/target/apidocs/org/assertj/vavr/api/TryAssert.html...
[b77294f9-0aab-4951-8891-b69f92abf58c/Build with JDK 8 on x64]   | Generating /tmp/bccab3d6-a845-47ee-8a88-dccb58014a85/target/apidocs/org/assertj/vavr/api/ValidationAssert.html...
[b77294f9-0aab-4951-8891-b69f92abf58c/Build with JDK 8 on x64]   | Generating /tmp/bccab3d6-a845-47ee-8a88-dccb58014a85/target/apidocs/org/assertj/vavr/api/VavrAssertions.html...
[b77294f9-0aab-4951-8891-b69f92abf58c/Build with JDK 8 on x64]   | Generating /tmp/bccab3d6-a845-47ee-8a88-dccb58014a85/target/apidocs/org/assertj/vavr/api/VavrAssumptions.html...
[b77294f9-0aab-4951-8891-b69f92abf58c/Build with JDK 8 on x64]   | Generating /tmp/bccab3d6-a845-47ee-8a88-dccb58014a85/target/apidocs/overview-frame.html...
[b77294f9-0aab-4951-8891-b69f92abf58c/Build with JDK 8 on x64]   | Generating /tmp/bccab3d6-a845-47ee-8a88-dccb58014a85/target/apidocs/org/assertj/vavr/api/package-frame.html...
[b77294f9-0aab-4951-8891-b69f92abf58c/Build with JDK 8 on x64]   | Generating /tmp/bccab3d6-a845-47ee-8a88-dccb58014a85/target/apidocs/org/assertj/vavr/api/package-summary.html...
[b77294f9-0aab-4951-8891-b69f92abf58c/Build with JDK 8 on x64]   | Generating /tmp/bccab3d6-a845-47ee-8a88-dccb58014a85/target/apidocs/org/assertj/vavr/api/package-tree.html...
[b77294f9-0aab-4951-8891-b69f92abf58c/Build with JDK 8 on x64]   | Generating /tmp/bccab3d6-a845-47ee-8a88-dccb58014a85/target/apidocs/org/assertj/vavr/api/soft/package-frame.html...
[b77294f9-0aab-4951-8891-b69f92abf58c/Build with JDK 8 on x64]   | Generating /tmp/bccab3d6-a845-47ee-8a88-dccb58014a85/target/apidocs/org/assertj/vavr/api/soft/package-summary.html...
[b77294f9-0aab-4951-8891-b69f92abf58c/Build with JDK 8 on x64]   | Generating /tmp/bccab3d6-a845-47ee-8a88-dccb58014a85/target/apidocs/org/assertj/vavr/api/soft/package-tree.html...
[b77294f9-0aab-4951-8891-b69f92abf58c/Build with JDK 8 on x64]   | Generating /tmp/bccab3d6-a845-47ee-8a88-dccb58014a85/target/apidocs/org/assertj/vavr/internal/package-frame.html...
[b77294f9-0aab-4951-8891-b69f92abf58c/Build with JDK 8 on x64]   | Generating /tmp/bccab3d6-a845-47ee-8a88-dccb58014a85/target/apidocs/org/assertj/vavr/internal/package-summary.html...
[b77294f9-0aab-4951-8891-b69f92abf58c/Build with JDK 8 on x64]   | Generating /tmp/bccab3d6-a845-47ee-8a88-dccb58014a85/target/apidocs/org/assertj/vavr/internal/package-tree.html...
[b77294f9-0aab-4951-8891-b69f92abf58c/Build with JDK 8 on x64]   | Generating /tmp/bccab3d6-a845-47ee-8a88-dccb58014a85/target/apidocs/constant-values.html...
[b77294f9-0aab-4951-8891-b69f92abf58c/Build with JDK 8 on x64]   | Generating /tmp/bccab3d6-a845-47ee-8a88-dccb58014a85/target/apidocs/org/assertj/vavr/internal/class-use/Maps.html...
[b77294f9-0aab-4951-8891-b69f92abf58c/Build with JDK 8 on x64]   | Generating /tmp/bccab3d6-a845-47ee-8a88-dccb58014a85/target/apidocs/org/assertj/vavr/internal/class-use/Multimaps.html...
[b77294f9-0aab-4951-8891-b69f92abf58c/Build with JDK 8 on x64]   | Generating /tmp/bccab3d6-a845-47ee-8a88-dccb58014a85/target/apidocs/org/assertj/vavr/api/soft/class-use/AutoCloseableSoftVavrAssertions.html...
[b77294f9-0aab-4951-8891-b69f92abf58c/Build with JDK 8 on x64]   | Generating /tmp/bccab3d6-a845-47ee-8a88-dccb58014a85/target/apidocs/org/assertj/vavr/api/soft/class-use/JUnitSoftVavrAssertions.html...
[b77294f9-0aab-4951-8891-b69f92abf58c/Build with JDK 8 on x64]   | Generating /tmp/bccab3d6-a845-47ee-8a88-dccb58014a85/target/apidocs/org/assertj/vavr/api/soft/class-use/SoftVavrAssertions.html...
[b77294f9-0aab-4951-8891-b69f92abf58c/Build with JDK 8 on x64]   | Generating /tmp/bccab3d6-a845-47ee-8a88-dccb58014a85/target/apidocs/org/assertj/vavr/api/soft/class-use/StandardSoftVavrAssertionsProvider.html...
[b77294f9-0aab-4951-8891-b69f92abf58c/Build with JDK 8 on x64]   | Generating /tmp/bccab3d6-a845-47ee-8a88-dccb58014a85/target/apidocs/org/assertj/vavr/api/class-use/EitherAssert.html...
[b77294f9-0aab-4951-8891-b69f92abf58c/Build with JDK 8 on x64]   | Generating /tmp/bccab3d6-a845-47ee-8a88-dccb58014a85/target/apidocs/org/assertj/vavr/api/class-use/LazyAssert.html...
[b77294f9-0aab-4951-8891-b69f92abf58c/Build with JDK 8 on x64]   | Generating /tmp/bccab3d6-a845-47ee-8a88-dccb58014a85/target/apidocs/org/assertj/vavr/api/class-use/MapAssert.html...
[b77294f9-0aab-4951-8891-b69f92abf58c/Build with JDK 8 on x64]   | Generating /tmp/bccab3d6-a845-47ee-8a88-dccb58014a85/target/apidocs/org/assertj/vavr/api/class-use/MultimapAssert.html...
[b77294f9-0aab-4951-8891-b69f92abf58c/Build with JDK 8 on x64]   | Generating /tmp/bccab3d6-a845-47ee-8a88-dccb58014a85/target/apidocs/org/assertj/vavr/api/class-use/OptionAssert.html...
[b77294f9-0aab-4951-8891-b69f92abf58c/Build with JDK 8 on x64]   | Generating /tmp/bccab3d6-a845-47ee-8a88-dccb58014a85/target/apidocs/org/assertj/vavr/api/class-use/SeqAssert.html...
[b77294f9-0aab-4951-8891-b69f92abf58c/Build with JDK 8 on x64]   | Generating /tmp/bccab3d6-a845-47ee-8a88-dccb58014a85/target/apidocs/org/assertj/vavr/api/class-use/SeqShouldBeAtIndex.html...
[b77294f9-0aab-4951-8891-b69f92abf58c/Build with JDK 8 on x64]   | Generating /tmp/bccab3d6-a845-47ee-8a88-dccb58014a85/target/apidocs/org/assertj/vavr/api/class-use/SetAssert.html...
[b77294f9-0aab-4951-8891-b69f92abf58c/Build with JDK 8 on x64]   | Generating /tmp/bccab3d6-a845-47ee-8a88-dccb58014a85/target/apidocs/org/assertj/vavr/api/class-use/ShouldNotContainValues.html...
[b77294f9-0aab-4951-8891-b69f92abf58c/Build with JDK 8 on x64]   | Generating /tmp/bccab3d6-a845-47ee-8a88-dccb58014a85/target/apidocs/org/assertj/vavr/api/class-use/TryAssert.html...
[b77294f9-0aab-4951-8891-b69f92abf58c/Build with JDK 8 on x64]   | Generating /tmp/bccab3d6-a845-47ee-8a88-dccb58014a85/target/apidocs/org/assertj/vavr/api/class-use/ValidationAssert.html...
[b77294f9-0aab-4951-8891-b69f92abf58c/Build with JDK 8 on x64]   | Generating /tmp/bccab3d6-a845-47ee-8a88-dccb58014a85/target/apidocs/org/assertj/vavr/api/class-use/VavrAssertions.html...
[b77294f9-0aab-4951-8891-b69f92abf58c/Build with JDK 8 on x64]   | Generating /tmp/bccab3d6-a845-47ee-8a88-dccb58014a85/target/apidocs/org/assertj/vavr/api/class-use/VavrAssumptions.html...
[b77294f9-0aab-4951-8891-b69f92abf58c/Build with JDK 8 on x64]   | Generating /tmp/bccab3d6-a845-47ee-8a88-dccb58014a85/target/apidocs/org/assertj/vavr/api/package-use.html...
[b77294f9-0aab-4951-8891-b69f92abf58c/Build with JDK 8 on x64]   | Generating /tmp/bccab3d6-a845-47ee-8a88-dccb58014a85/target/apidocs/org/assertj/vavr/api/soft/package-use.html...
[b77294f9-0aab-4951-8891-b69f92abf58c/Build with JDK 8 on x64]   | Generating /tmp/bccab3d6-a845-47ee-8a88-dccb58014a85/target/apidocs/org/assertj/vavr/internal/package-use.html...
[b77294f9-0aab-4951-8891-b69f92abf58c/Build with JDK 8 on x64]   | Building index for all the packages and classes...
[b77294f9-0aab-4951-8891-b69f92abf58c/Build with JDK 8 on x64]   | Generating /tmp/bccab3d6-a845-47ee-8a88-dccb58014a85/target/apidocs/overview-tree.html...
[b77294f9-0aab-4951-8891-b69f92abf58c/Build with JDK 8 on x64]   | Generating /tmp/bccab3d6-a845-47ee-8a88-dccb58014a85/target/apidocs/index-all.html...
[b77294f9-0aab-4951-8891-b69f92abf58c/Build with JDK 8 on x64]   | Generating /tmp/bccab3d6-a845-47ee-8a88-dccb58014a85/target/apidocs/deprecated-list.html...
[b77294f9-0aab-4951-8891-b69f92abf58c/Build with JDK 8 on x64]   | Building index for all classes...
[b77294f9-0aab-4951-8891-b69f92abf58c/Build with JDK 8 on x64]   | Generating /tmp/bccab3d6-a845-47ee-8a88-dccb58014a85/target/apidocs/allclasses-frame.html...
[b77294f9-0aab-4951-8891-b69f92abf58c/Build with JDK 8 on x64]   | Generating /tmp/bccab3d6-a845-47ee-8a88-dccb58014a85/target/apidocs/allclasses-noframe.html...
[b77294f9-0aab-4951-8891-b69f92abf58c/Build with JDK 8 on x64]   | Generating /tmp/bccab3d6-a845-47ee-8a88-dccb58014a85/target/apidocs/index.html...
[b77294f9-0aab-4951-8891-b69f92abf58c/Build with JDK 8 on x64]   | Generating /tmp/bccab3d6-a845-47ee-8a88-dccb58014a85/target/apidocs/overview-summary.html...
[b77294f9-0aab-4951-8891-b69f92abf58c/Build with JDK 8 on x64]   | Generating /tmp/bccab3d6-a845-47ee-8a88-dccb58014a85/target/apidocs/help-doc.html...
[b77294f9-0aab-4951-8891-b69f92abf58c/Build with JDK 8 on x64]   | [INFO] Building jar: /tmp/bccab3d6-a845-47ee-8a88-dccb58014a85/target/assertj-vavr-0.4.3-SNAPSHOT-javadoc.jar
[b77294f9-0aab-4951-8891-b69f92abf58c/Build with JDK 8 on x64]   | [INFO] 
[b77294f9-0aab-4951-8891-b69f92abf58c/Build with JDK 8 on x64]   | [INFO] --- maven-source-plugin:3.2.1:jar-no-fork (attach-sources) @ assertj-vavr ---
[b77294f9-0aab-4951-8891-b69f92abf58c/Build with JDK 8 on x64]   | [INFO] Building jar: /tmp/bccab3d6-a845-47ee-8a88-dccb58014a85/target/assertj-vavr-0.4.3-SNAPSHOT-sources.jar
[b77294f9-0aab-4951-8891-b69f92abf58c/Build with JDK 8 on x64]   | [INFO] 
[b77294f9-0aab-4951-8891-b69f92abf58c/Build with JDK 8 on x64]   | [INFO] --- license-maven-plugin:4.1:check (default) @ assertj-vavr ---
[b77294f9-0aab-4951-8891-b69f92abf58c/Build with JDK 8 on x64]   | [INFO] Checking licenses...
[b77294f9-0aab-4951-8891-b69f92abf58c/Build with JDK 8 on x64]   | [INFO] ------------------------------------------------------------------------
[b77294f9-0aab-4951-8891-b69f92abf58c/Build with JDK 8 on x64]   | [INFO] BUILD SUCCESS
[b77294f9-0aab-4951-8891-b69f92abf58c/Build with JDK 8 on x64]   | [INFO] ------------------------------------------------------------------------
[b77294f9-0aab-4951-8891-b69f92abf58c/Build with JDK 8 on x64]   | [INFO] Total time:  48.374 s
[b77294f9-0aab-4951-8891-b69f92abf58c/Build with JDK 8 on x64]   | [INFO] Finished at: 2023-11-24T14:03:11Z
[b77294f9-0aab-4951-8891-b69f92abf58c/Build with JDK 8 on x64]   | [INFO] ------------------------------------------------------------------------
[b77294f9-0aab-4951-8891-b69f92abf58c/Build with JDK 8 on x64]   ‚úÖ  Success - Main Build with Maven
[b77294f9-0aab-4951-8891-b69f92abf58c/Build with JDK 8 on x64] unable to get git ref: failed to identify reference (tag/branch) for the checked-out revision 'f4d7f276e87c5612bd743d0fd21f947d059170f8'
[b77294f9-0aab-4951-8891-b69f92abf58c/Build with JDK 8 on x64] unable to get git ref: failed to identify reference (tag/branch) for the checked-out revision 'f4d7f276e87c5612bd743d0fd21f947d059170f8'
[b77294f9-0aab-4951-8891-b69f92abf58c/Build with JDK 8 on x64] unable to get git ref: failed to identify reference (tag/branch) for the checked-out revision 'f4d7f276e87c5612bd743d0fd21f947d059170f8'
[b77294f9-0aab-4951-8891-b69f92abf58c/Build with JDK 8 on x64] unable to get git ref: failed to identify reference (tag/branch) for the checked-out revision 'f4d7f276e87c5612bd743d0fd21f947d059170f8'
[b77294f9-0aab-4951-8891-b69f92abf58c/Build with JDK 8 on x64] unable to get git ref: failed to identify reference (tag/branch) for the checked-out revision 'f4d7f276e87c5612bd743d0fd21f947d059170f8'
[b77294f9-0aab-4951-8891-b69f92abf58c/Build with JDK 8 on x64] ‚≠ê Run Post Setup JDK
[b77294f9-0aab-4951-8891-b69f92abf58c/Build with JDK 8 on x64]   üê≥  docker exec cmd=[node /var/run/act/actions/actions-setup-java@v3/dist/cleanup/index.js] user= workdir=
[b77294f9-0aab-4951-8891-b69f92abf58c/Build with JDK 8 on x64]   ‚úÖ  Success - Post Setup JDK
[b77294f9-0aab-4951-8891-b69f92abf58c/Build with JDK 8 on x64] üèÅ  Job succeeded
[b77294f9-0aab-4951-8891-b69f92abf58c/Build with JDK 8 on x64] unable to get git ref: failed to identify reference (tag/branch) for the checked-out revision 'f4d7f276e87c5612bd743d0fd21f947d059170f8'
