[b3360117-9cf9-42f0-a9a0-ee168c1fa7ca/build] üöÄ  Start image=gitbugactions:latest
[b3360117-9cf9-42f0-a9a0-ee168c1fa7ca/build]   üê≥  docker pull image=gitbugactions:latest platform= username= forcePull=false
[b3360117-9cf9-42f0-a9a0-ee168c1fa7ca/build]   üê≥  docker create image=gitbugactions:latest platform= entrypoint=["tail" "-f" "/dev/null"] cmd=[]
[b3360117-9cf9-42f0-a9a0-ee168c1fa7ca/build]   üê≥  docker run image=gitbugactions:latest platform= entrypoint=["tail" "-f" "/dev/null"] cmd=[]
[b3360117-9cf9-42f0-a9a0-ee168c1fa7ca/build]   üê≥  docker exec cmd=[chown -R 1012:1013 /tmp/aea1d59d-a9f1-42e5-98a7-1f4cd03982b9] user=0 workdir=
[b3360117-9cf9-42f0-a9a0-ee168c1fa7ca/build] unable to get git ref: failed to identify reference (tag/branch) for the checked-out revision '8faa18c7024a96c17bfa2d46f087045be7679dc4'
[b3360117-9cf9-42f0-a9a0-ee168c1fa7ca/build] unable to get git ref: failed to identify reference (tag/branch) for the checked-out revision '8faa18c7024a96c17bfa2d46f087045be7679dc4'
[b3360117-9cf9-42f0-a9a0-ee168c1fa7ca/build] unable to get git ref: failed to identify reference (tag/branch) for the checked-out revision '8faa18c7024a96c17bfa2d46f087045be7679dc4'
[b3360117-9cf9-42f0-a9a0-ee168c1fa7ca/build] unable to get git ref: failed to identify reference (tag/branch) for the checked-out revision '8faa18c7024a96c17bfa2d46f087045be7679dc4'
[b3360117-9cf9-42f0-a9a0-ee168c1fa7ca/build] unable to get git ref: failed to identify reference (tag/branch) for the checked-out revision '8faa18c7024a96c17bfa2d46f087045be7679dc4'
[b3360117-9cf9-42f0-a9a0-ee168c1fa7ca/build] unable to get git ref: failed to identify reference (tag/branch) for the checked-out revision '8faa18c7024a96c17bfa2d46f087045be7679dc4'
[b3360117-9cf9-42f0-a9a0-ee168c1fa7ca/build] unable to get git ref: failed to identify reference (tag/branch) for the checked-out revision '8faa18c7024a96c17bfa2d46f087045be7679dc4'
[b3360117-9cf9-42f0-a9a0-ee168c1fa7ca/build] unable to get git ref: failed to identify reference (tag/branch) for the checked-out revision '8faa18c7024a96c17bfa2d46f087045be7679dc4'
[b3360117-9cf9-42f0-a9a0-ee168c1fa7ca/build] unable to get git ref: failed to identify reference (tag/branch) for the checked-out revision '8faa18c7024a96c17bfa2d46f087045be7679dc4'
[b3360117-9cf9-42f0-a9a0-ee168c1fa7ca/build] ‚≠ê Run Main actions/checkout@v3
[b3360117-9cf9-42f0-a9a0-ee168c1fa7ca/build] unable to get git ref: failed to identify reference (tag/branch) for the checked-out revision '8faa18c7024a96c17bfa2d46f087045be7679dc4'
[b3360117-9cf9-42f0-a9a0-ee168c1fa7ca/build] unable to get git ref: failed to identify reference (tag/branch) for the checked-out revision '8faa18c7024a96c17bfa2d46f087045be7679dc4'
[b3360117-9cf9-42f0-a9a0-ee168c1fa7ca/build]   üê≥  docker cp src=/tmp/aea1d59d-a9f1-42e5-98a7-1f4cd03982b9/. dst=/tmp/aea1d59d-a9f1-42e5-98a7-1f4cd03982b9
[b3360117-9cf9-42f0-a9a0-ee168c1fa7ca/build]   üê≥  docker exec cmd=[chown -R 1012:1013 /tmp/aea1d59d-a9f1-42e5-98a7-1f4cd03982b9] user=0 workdir=
[b3360117-9cf9-42f0-a9a0-ee168c1fa7ca/build]   ‚úÖ  Success - Main actions/checkout@v3
[b3360117-9cf9-42f0-a9a0-ee168c1fa7ca/build] unable to get git ref: failed to identify reference (tag/branch) for the checked-out revision '8faa18c7024a96c17bfa2d46f087045be7679dc4'
[b3360117-9cf9-42f0-a9a0-ee168c1fa7ca/build] unable to get git ref: failed to identify reference (tag/branch) for the checked-out revision '8faa18c7024a96c17bfa2d46f087045be7679dc4'
[b3360117-9cf9-42f0-a9a0-ee168c1fa7ca/build] unable to get git ref: failed to identify reference (tag/branch) for the checked-out revision '8faa18c7024a96c17bfa2d46f087045be7679dc4'
[b3360117-9cf9-42f0-a9a0-ee168c1fa7ca/build] unable to get git ref: failed to identify reference (tag/branch) for the checked-out revision '8faa18c7024a96c17bfa2d46f087045be7679dc4'
[b3360117-9cf9-42f0-a9a0-ee168c1fa7ca/build] unable to get git ref: failed to identify reference (tag/branch) for the checked-out revision '8faa18c7024a96c17bfa2d46f087045be7679dc4'
[b3360117-9cf9-42f0-a9a0-ee168c1fa7ca/build] ‚≠ê Run Main Set up JDK 17
[b3360117-9cf9-42f0-a9a0-ee168c1fa7ca/build] unable to get git ref: failed to identify reference (tag/branch) for the checked-out revision '8faa18c7024a96c17bfa2d46f087045be7679dc4'
[b3360117-9cf9-42f0-a9a0-ee168c1fa7ca/build] unable to get git ref: failed to identify reference (tag/branch) for the checked-out revision '8faa18c7024a96c17bfa2d46f087045be7679dc4'
[b3360117-9cf9-42f0-a9a0-ee168c1fa7ca/build] unable to get git ref: failed to identify reference (tag/branch) for the checked-out revision '8faa18c7024a96c17bfa2d46f087045be7679dc4'
[b3360117-9cf9-42f0-a9a0-ee168c1fa7ca/build]   üê≥  docker cp src=/tmp/act-cache/3c7f50a5-98c4-45df-b392-4b52f8183502/act/actions-setup-java@v3/ dst=/var/run/act/actions/actions-setup-java@v3/
[b3360117-9cf9-42f0-a9a0-ee168c1fa7ca/build]   üê≥  docker exec cmd=[chown -R 1012:1013 /var/run/act/actions/actions-setup-java@v3/] user=0 workdir=
[b3360117-9cf9-42f0-a9a0-ee168c1fa7ca/build]   üê≥  docker exec cmd=[node /var/run/act/actions/actions-setup-java@v3/dist/setup/index.js] user= workdir=
[b3360117-9cf9-42f0-a9a0-ee168c1fa7ca/build]   ‚ùì  ::group::Installed distributions
[b3360117-9cf9-42f0-a9a0-ee168c1fa7ca/build]   üí¨  ::debug::isExplicit: 11.0.20-1
[b3360117-9cf9-42f0-a9a0-ee168c1fa7ca/build]   üí¨  ::debug::explicit? true
[b3360117-9cf9-42f0-a9a0-ee168c1fa7ca/build]   üí¨  ::debug::isExplicit: 17.0.8-1
[b3360117-9cf9-42f0-a9a0-ee168c1fa7ca/build]   üí¨  ::debug::explicit? true
[b3360117-9cf9-42f0-a9a0-ee168c1fa7ca/build]   üí¨  ::debug::isExplicit: 21.0.0-35
[b3360117-9cf9-42f0-a9a0-ee168c1fa7ca/build]   üí¨  ::debug::explicit? true
[b3360117-9cf9-42f0-a9a0-ee168c1fa7ca/build]   üí¨  ::debug::isExplicit: 8.0.382-5
[b3360117-9cf9-42f0-a9a0-ee168c1fa7ca/build]   üí¨  ::debug::explicit? true
[b3360117-9cf9-42f0-a9a0-ee168c1fa7ca/build]   | Resolved Java 17.0.8+1 from tool-cache
[b3360117-9cf9-42f0-a9a0-ee168c1fa7ca/build]   | Setting Java 17.0.8+1 as the default
[b3360117-9cf9-42f0-a9a0-ee168c1fa7ca/build]   | Creating toolchains.xml for JDK version 17 from temurin
[b3360117-9cf9-42f0-a9a0-ee168c1fa7ca/build]   | Writing to /home/runner/.m2/toolchains.xml
[b3360117-9cf9-42f0-a9a0-ee168c1fa7ca/build]   | 
[b3360117-9cf9-42f0-a9a0-ee168c1fa7ca/build]   | Java configuration:
[b3360117-9cf9-42f0-a9a0-ee168c1fa7ca/build]   |   Distribution: temurin
[b3360117-9cf9-42f0-a9a0-ee168c1fa7ca/build]   |   Version: 17.0.8+1
[b3360117-9cf9-42f0-a9a0-ee168c1fa7ca/build]   |   Path: /opt/hostedtoolcache/Java_Temurin-Hotspot_jdk/17.0.8-1/x64
[b3360117-9cf9-42f0-a9a0-ee168c1fa7ca/build]   | 
[b3360117-9cf9-42f0-a9a0-ee168c1fa7ca/build]   ‚ùì  ::endgroup::
[b3360117-9cf9-42f0-a9a0-ee168c1fa7ca/build]   ‚ùì add-matcher /run/act/actions/actions-setup-java@v3/.github/java.json
[b3360117-9cf9-42f0-a9a0-ee168c1fa7ca/build]   | Creating settings.xml with server-id: github
[b3360117-9cf9-42f0-a9a0-ee168c1fa7ca/build]   | Writing to /home/runner/.m2/settings.xml
[b3360117-9cf9-42f0-a9a0-ee168c1fa7ca/build]   ‚úÖ  Success - Main Set up JDK 17
[b3360117-9cf9-42f0-a9a0-ee168c1fa7ca/build]   ‚öô  ::set-env:: JAVA_HOME=/opt/hostedtoolcache/Java_Temurin-Hotspot_jdk/17.0.8-1/x64
[b3360117-9cf9-42f0-a9a0-ee168c1fa7ca/build]   ‚öô  ::set-env:: JAVA_HOME_17_X64=/opt/hostedtoolcache/Java_Temurin-Hotspot_jdk/17.0.8-1/x64
[b3360117-9cf9-42f0-a9a0-ee168c1fa7ca/build]   ‚öô  ::set-output:: distribution=Temurin-Hotspot
[b3360117-9cf9-42f0-a9a0-ee168c1fa7ca/build]   ‚öô  ::set-output:: path=/opt/hostedtoolcache/Java_Temurin-Hotspot_jdk/17.0.8-1/x64
[b3360117-9cf9-42f0-a9a0-ee168c1fa7ca/build]   ‚öô  ::set-output:: version=17.0.8+1
[b3360117-9cf9-42f0-a9a0-ee168c1fa7ca/build]   ‚öô  ::add-path:: /opt/hostedtoolcache/Java_Temurin-Hotspot_jdk/17.0.8-1/x64/bin
[b3360117-9cf9-42f0-a9a0-ee168c1fa7ca/build] unable to get git ref: failed to identify reference (tag/branch) for the checked-out revision '8faa18c7024a96c17bfa2d46f087045be7679dc4'
[b3360117-9cf9-42f0-a9a0-ee168c1fa7ca/build] unable to get git ref: failed to identify reference (tag/branch) for the checked-out revision '8faa18c7024a96c17bfa2d46f087045be7679dc4'
[b3360117-9cf9-42f0-a9a0-ee168c1fa7ca/build] unable to get git ref: failed to identify reference (tag/branch) for the checked-out revision '8faa18c7024a96c17bfa2d46f087045be7679dc4'
[b3360117-9cf9-42f0-a9a0-ee168c1fa7ca/build] unable to get git ref: failed to identify reference (tag/branch) for the checked-out revision '8faa18c7024a96c17bfa2d46f087045be7679dc4'
[b3360117-9cf9-42f0-a9a0-ee168c1fa7ca/build] unable to get git ref: failed to identify reference (tag/branch) for the checked-out revision '8faa18c7024a96c17bfa2d46f087045be7679dc4'
[b3360117-9cf9-42f0-a9a0-ee168c1fa7ca/build] ‚≠ê Run Main Build with Maven
[b3360117-9cf9-42f0-a9a0-ee168c1fa7ca/build] unable to get git ref: failed to identify reference (tag/branch) for the checked-out revision '8faa18c7024a96c17bfa2d46f087045be7679dc4'
[b3360117-9cf9-42f0-a9a0-ee168c1fa7ca/build] unable to get git ref: failed to identify reference (tag/branch) for the checked-out revision '8faa18c7024a96c17bfa2d46f087045be7679dc4'
[b3360117-9cf9-42f0-a9a0-ee168c1fa7ca/build] unable to get git ref: failed to identify reference (tag/branch) for the checked-out revision '8faa18c7024a96c17bfa2d46f087045be7679dc4'
[b3360117-9cf9-42f0-a9a0-ee168c1fa7ca/build] unable to get git ref: failed to identify reference (tag/branch) for the checked-out revision '8faa18c7024a96c17bfa2d46f087045be7679dc4'
[b3360117-9cf9-42f0-a9a0-ee168c1fa7ca/build]   üê≥  docker exec cmd=[bash --noprofile --norc -e -o pipefail /var/run/act/workflow/2] user= workdir=
[b3360117-9cf9-42f0-a9a0-ee168c1fa7ca/build]   | [INFO] Scanning for projects...
[b3360117-9cf9-42f0-a9a0-ee168c1fa7ca/build]   | [INFO] 
[b3360117-9cf9-42f0-a9a0-ee168c1fa7ca/build]   | [INFO] ------------------< net.e175.klaus:solarpositioning >-------------------
[b3360117-9cf9-42f0-a9a0-ee168c1fa7ca/build]   | [INFO] Building solarpositioning 0.1.6-SNAPSHOT
[b3360117-9cf9-42f0-a9a0-ee168c1fa7ca/build]   | [INFO]   from pom.xml
[b3360117-9cf9-42f0-a9a0-ee168c1fa7ca/build]   | [INFO] --------------------------------[ jar ]---------------------------------
[b3360117-9cf9-42f0-a9a0-ee168c1fa7ca/build]   | [INFO] Downloading from central: https://repo.maven.apache.org/maven2/org/apache/maven/plugins/maven-resources-plugin/2.6/maven-resources-plugin-2.6.pom
[b3360117-9cf9-42f0-a9a0-ee168c1fa7ca/build]   | [INFO] Downloaded from central: https://repo.maven.apache.org/maven2/org/apache/maven/plugins/maven-resources-plugin/2.6/maven-resources-plugin-2.6.pom (8.1 kB at 22 kB/s)
[b3360117-9cf9-42f0-a9a0-ee168c1fa7ca/build]   | [INFO] Downloading from central: https://repo.maven.apache.org/maven2/org/apache/maven/plugins/maven-plugins/23/maven-plugins-23.pom
[b3360117-9cf9-42f0-a9a0-ee168c1fa7ca/build]   | [INFO] Downloaded from central: https://repo.maven.apache.org/maven2/org/apache/maven/plugins/maven-plugins/23/maven-plugins-23.pom (9.2 kB at 184 kB/s)
[b3360117-9cf9-42f0-a9a0-ee168c1fa7ca/build]   | [INFO] Downloading from central: https://repo.maven.apache.org/maven2/org/apache/maven/maven-parent/22/maven-parent-22.pom
[b3360117-9cf9-42f0-a9a0-ee168c1fa7ca/build]   | [INFO] Downloaded from central: https://repo.maven.apache.org/maven2/org/apache/maven/maven-parent/22/maven-parent-22.pom (30 kB at 783 kB/s)
[b3360117-9cf9-42f0-a9a0-ee168c1fa7ca/build]   | [INFO] Downloading from central: https://repo.maven.apache.org/maven2/org/apache/apache/11/apache-11.pom
[b3360117-9cf9-42f0-a9a0-ee168c1fa7ca/build]   | [INFO] Downloaded from central: https://repo.maven.apache.org/maven2/org/apache/apache/11/apache-11.pom (15 kB at 449 kB/s)
[b3360117-9cf9-42f0-a9a0-ee168c1fa7ca/build]   | [INFO] Downloading from central: https://repo.maven.apache.org/maven2/org/apache/maven/plugins/maven-resources-plugin/2.6/maven-resources-plugin-2.6.jar
[b3360117-9cf9-42f0-a9a0-ee168c1fa7ca/build]   | [INFO] Downloaded from central: https://repo.maven.apache.org/maven2/org/apache/maven/plugins/maven-resources-plugin/2.6/maven-resources-plugin-2.6.jar (30 kB at 1.1 MB/s)
[b3360117-9cf9-42f0-a9a0-ee168c1fa7ca/build]   | [INFO] Downloading from central: https://repo.maven.apache.org/maven2/org/apache/maven/plugins/maven-compiler-plugin/3.10.1/maven-compiler-plugin-3.10.1.pom
[b3360117-9cf9-42f0-a9a0-ee168c1fa7ca/build]   | [INFO] Downloaded from central: https://repo.maven.apache.org/maven2/org/apache/maven/plugins/maven-compiler-plugin/3.10.1/maven-compiler-plugin-3.10.1.pom (13 kB at 664 kB/s)
[b3360117-9cf9-42f0-a9a0-ee168c1fa7ca/build]   | [INFO] Downloading from central: https://repo.maven.apache.org/maven2/org/apache/maven/plugins/maven-plugins/34/maven-plugins-34.pom
[b3360117-9cf9-42f0-a9a0-ee168c1fa7ca/build]   | [INFO] Downloaded from central: https://repo.maven.apache.org/maven2/org/apache/maven/plugins/maven-plugins/34/maven-plugins-34.pom (11 kB at 534 kB/s)
[b3360117-9cf9-42f0-a9a0-ee168c1fa7ca/build]   | [INFO] Downloading from central: https://repo.maven.apache.org/maven2/org/apache/maven/maven-parent/34/maven-parent-34.pom
[b3360117-9cf9-42f0-a9a0-ee168c1fa7ca/build]   | [INFO] Downloaded from central: https://repo.maven.apache.org/maven2/org/apache/maven/maven-parent/34/maven-parent-34.pom (43 kB at 1.8 MB/s)
[b3360117-9cf9-42f0-a9a0-ee168c1fa7ca/build]   | [INFO] Downloading from central: https://repo.maven.apache.org/maven2/org/apache/apache/23/apache-23.pom
[b3360117-9cf9-42f0-a9a0-ee168c1fa7ca/build]   | [INFO] Downloaded from central: https://repo.maven.apache.org/maven2/org/apache/apache/23/apache-23.pom (18 kB at 737 kB/s)
[b3360117-9cf9-42f0-a9a0-ee168c1fa7ca/build]   | [INFO] Downloading from central: https://repo.maven.apache.org/maven2/org/apache/maven/plugins/maven-compiler-plugin/3.10.1/maven-compiler-plugin-3.10.1.jar
[b3360117-9cf9-42f0-a9a0-ee168c1fa7ca/build]   | [INFO] Downloaded from central: https://repo.maven.apache.org/maven2/org/apache/maven/plugins/maven-compiler-plugin/3.10.1/maven-compiler-plugin-3.10.1.jar (62 kB at 2.6 MB/s)
[b3360117-9cf9-42f0-a9a0-ee168c1fa7ca/build]   | [INFO] Downloading from central: https://repo.maven.apache.org/maven2/org/apache/maven/plugins/maven-surefire-plugin/3.0.0-M7/maven-surefire-plugin-3.0.0-M7.pom
[b3360117-9cf9-42f0-a9a0-ee168c1fa7ca/build]   | [INFO] Downloaded from central: https://repo.maven.apache.org/maven2/org/apache/maven/plugins/maven-surefire-plugin/3.0.0-M7/maven-surefire-plugin-3.0.0-M7.pom (7.2 kB at 328 kB/s)
[b3360117-9cf9-42f0-a9a0-ee168c1fa7ca/build]   | [INFO] Downloading from central: https://repo.maven.apache.org/maven2/org/apache/maven/surefire/surefire/3.0.0-M7/surefire-3.0.0-M7.pom
[b3360117-9cf9-42f0-a9a0-ee168c1fa7ca/build]   | [INFO] Downloaded from central: https://repo.maven.apache.org/maven2/org/apache/maven/surefire/surefire/3.0.0-M7/surefire-3.0.0-M7.pom (22 kB at 986 kB/s)
[b3360117-9cf9-42f0-a9a0-ee168c1fa7ca/build]   | [INFO] Downloading from central: https://repo.maven.apache.org/maven2/org/apache/maven/maven-parent/36/maven-parent-36.pom
[b3360117-9cf9-42f0-a9a0-ee168c1fa7ca/build]   | [INFO] Downloaded from central: https://repo.maven.apache.org/maven2/org/apache/maven/maven-parent/36/maven-parent-36.pom (45 kB at 1.6 MB/s)
[b3360117-9cf9-42f0-a9a0-ee168c1fa7ca/build]   | [INFO] Downloading from central: https://repo.maven.apache.org/maven2/org/apache/apache/26/apache-26.pom
[b3360117-9cf9-42f0-a9a0-ee168c1fa7ca/build]   | [INFO] Downloaded from central: https://repo.maven.apache.org/maven2/org/apache/apache/26/apache-26.pom (21 kB at 642 kB/s)
[b3360117-9cf9-42f0-a9a0-ee168c1fa7ca/build]   | [INFO] Downloading from central: https://repo.maven.apache.org/maven2/org/apache/maven/plugins/maven-surefire-plugin/3.0.0-M7/maven-surefire-plugin-3.0.0-M7.jar
[b3360117-9cf9-42f0-a9a0-ee168c1fa7ca/build]   | [INFO] Downloaded from central: https://repo.maven.apache.org/maven2/org/apache/maven/plugins/maven-surefire-plugin/3.0.0-M7/maven-surefire-plugin-3.0.0-M7.jar (44 kB at 2.3 MB/s)
[b3360117-9cf9-42f0-a9a0-ee168c1fa7ca/build]   | [INFO] Downloading from central: https://repo.maven.apache.org/maven2/org/apache/maven/plugins/maven-jar-plugin/2.4/maven-jar-plugin-2.4.pom
[b3360117-9cf9-42f0-a9a0-ee168c1fa7ca/build]   | [INFO] Downloaded from central: https://repo.maven.apache.org/maven2/org/apache/maven/plugins/maven-jar-plugin/2.4/maven-jar-plugin-2.4.pom (5.8 kB at 139 kB/s)
[b3360117-9cf9-42f0-a9a0-ee168c1fa7ca/build]   | [INFO] Downloading from central: https://repo.maven.apache.org/maven2/org/apache/maven/plugins/maven-plugins/22/maven-plugins-22.pom
[b3360117-9cf9-42f0-a9a0-ee168c1fa7ca/build]   | [INFO] Downloaded from central: https://repo.maven.apache.org/maven2/org/apache/maven/plugins/maven-plugins/22/maven-plugins-22.pom (13 kB at 652 kB/s)
[b3360117-9cf9-42f0-a9a0-ee168c1fa7ca/build]   | [INFO] Downloading from central: https://repo.maven.apache.org/maven2/org/apache/maven/maven-parent/21/maven-parent-21.pom
[b3360117-9cf9-42f0-a9a0-ee168c1fa7ca/build]   | [INFO] Downloaded from central: https://repo.maven.apache.org/maven2/org/apache/maven/maven-parent/21/maven-parent-21.pom (26 kB at 1.1 MB/s)
[b3360117-9cf9-42f0-a9a0-ee168c1fa7ca/build]   | [INFO] Downloading from central: https://repo.maven.apache.org/maven2/org/apache/apache/10/apache-10.pom
[b3360117-9cf9-42f0-a9a0-ee168c1fa7ca/build]   | [INFO] Downloaded from central: https://repo.maven.apache.org/maven2/org/apache/apache/10/apache-10.pom (15 kB at 617 kB/s)
[b3360117-9cf9-42f0-a9a0-ee168c1fa7ca/build]   | [INFO] Downloading from central: https://repo.maven.apache.org/maven2/org/apache/maven/plugins/maven-jar-plugin/2.4/maven-jar-plugin-2.4.jar
[b3360117-9cf9-42f0-a9a0-ee168c1fa7ca/build]   | [INFO] Downloaded from central: https://repo.maven.apache.org/maven2/org/apache/maven/plugins/maven-jar-plugin/2.4/maven-jar-plugin-2.4.jar (34 kB at 1.1 MB/s)
[b3360117-9cf9-42f0-a9a0-ee168c1fa7ca/build]   | [INFO] Downloading from central: https://repo.maven.apache.org/maven2/org/junit/jupiter/junit-jupiter/5.9.2/junit-jupiter-5.9.2.pom
[b3360117-9cf9-42f0-a9a0-ee168c1fa7ca/build]   | [INFO] Downloaded from central: https://repo.maven.apache.org/maven2/org/junit/jupiter/junit-jupiter/5.9.2/junit-jupiter-5.9.2.pom (3.2 kB at 114 kB/s)
[b3360117-9cf9-42f0-a9a0-ee168c1fa7ca/build]   | [INFO] Downloading from central: https://repo.maven.apache.org/maven2/org/junit/junit-bom/5.9.2/junit-bom-5.9.2.pom
[b3360117-9cf9-42f0-a9a0-ee168c1fa7ca/build]   | [INFO] Downloaded from central: https://repo.maven.apache.org/maven2/org/junit/junit-bom/5.9.2/junit-bom-5.9.2.pom (5.6 kB at 201 kB/s)
[b3360117-9cf9-42f0-a9a0-ee168c1fa7ca/build]   | [INFO] Downloading from central: https://repo.maven.apache.org/maven2/org/junit/jupiter/junit-jupiter-api/5.9.2/junit-jupiter-api-5.9.2.pom
[b3360117-9cf9-42f0-a9a0-ee168c1fa7ca/build]   | [INFO] Downloaded from central: https://repo.maven.apache.org/maven2/org/junit/jupiter/junit-jupiter-api/5.9.2/junit-jupiter-api-5.9.2.pom (3.2 kB at 199 kB/s)
[b3360117-9cf9-42f0-a9a0-ee168c1fa7ca/build]   | [INFO] Downloading from central: https://repo.maven.apache.org/maven2/org/opentest4j/opentest4j/1.2.0/opentest4j-1.2.0.pom
[b3360117-9cf9-42f0-a9a0-ee168c1fa7ca/build]   | [INFO] Downloaded from central: https://repo.maven.apache.org/maven2/org/opentest4j/opentest4j/1.2.0/opentest4j-1.2.0.pom (1.7 kB at 70 kB/s)
[b3360117-9cf9-42f0-a9a0-ee168c1fa7ca/build]   | [INFO] Downloading from central: https://repo.maven.apache.org/maven2/org/junit/platform/junit-platform-commons/1.9.2/junit-platform-commons-1.9.2.pom
[b3360117-9cf9-42f0-a9a0-ee168c1fa7ca/build]   | [INFO] Downloaded from central: https://repo.maven.apache.org/maven2/org/junit/platform/junit-platform-commons/1.9.2/junit-platform-commons-1.9.2.pom (2.8 kB at 98 kB/s)
[b3360117-9cf9-42f0-a9a0-ee168c1fa7ca/build]   | [INFO] Downloading from central: https://repo.maven.apache.org/maven2/org/apiguardian/apiguardian-api/1.1.2/apiguardian-api-1.1.2.pom
[b3360117-9cf9-42f0-a9a0-ee168c1fa7ca/build]   | [INFO] Downloaded from central: https://repo.maven.apache.org/maven2/org/apiguardian/apiguardian-api/1.1.2/apiguardian-api-1.1.2.pom (1.5 kB at 69 kB/s)
[b3360117-9cf9-42f0-a9a0-ee168c1fa7ca/build]   | [INFO] Downloading from central: https://repo.maven.apache.org/maven2/org/junit/jupiter/junit-jupiter-params/5.9.2/junit-jupiter-params-5.9.2.pom
[b3360117-9cf9-42f0-a9a0-ee168c1fa7ca/build]   | [INFO] Downloaded from central: https://repo.maven.apache.org/maven2/org/junit/jupiter/junit-jupiter-params/5.9.2/junit-jupiter-params-5.9.2.pom (3.0 kB at 125 kB/s)
[b3360117-9cf9-42f0-a9a0-ee168c1fa7ca/build]   | [INFO] Downloading from central: https://repo.maven.apache.org/maven2/org/junit/jupiter/junit-jupiter-engine/5.9.2/junit-jupiter-engine-5.9.2.pom
[b3360117-9cf9-42f0-a9a0-ee168c1fa7ca/build]   | [INFO] Downloaded from central: https://repo.maven.apache.org/maven2/org/junit/jupiter/junit-jupiter-engine/5.9.2/junit-jupiter-engine-5.9.2.pom (3.2 kB at 107 kB/s)
[b3360117-9cf9-42f0-a9a0-ee168c1fa7ca/build]   | [INFO] Downloading from central: https://repo.maven.apache.org/maven2/org/junit/platform/junit-platform-engine/1.9.2/junit-platform-engine-1.9.2.pom
[b3360117-9cf9-42f0-a9a0-ee168c1fa7ca/build]   | [INFO] Downloaded from central: https://repo.maven.apache.org/maven2/org/junit/platform/junit-platform-engine/1.9.2/junit-platform-engine-1.9.2.pom (3.2 kB at 100 kB/s)
[b3360117-9cf9-42f0-a9a0-ee168c1fa7ca/build]   | [INFO] Downloading from central: https://repo.maven.apache.org/maven2/org/assertj/assertj-core/3.24.1/assertj-core-3.24.1.pom
[b3360117-9cf9-42f0-a9a0-ee168c1fa7ca/build]   | [INFO] Downloaded from central: https://repo.maven.apache.org/maven2/org/assertj/assertj-core/3.24.1/assertj-core-3.24.1.pom (19 kB at 875 kB/s)
[b3360117-9cf9-42f0-a9a0-ee168c1fa7ca/build]   | [INFO] Downloading from central: https://repo.maven.apache.org/maven2/org/assertj/assertj-parent/3.24.1/assertj-parent-3.24.1.pom
[b3360117-9cf9-42f0-a9a0-ee168c1fa7ca/build]   | [INFO] Downloaded from central: https://repo.maven.apache.org/maven2/org/assertj/assertj-parent/3.24.1/assertj-parent-3.24.1.pom (13 kB at 789 kB/s)
[b3360117-9cf9-42f0-a9a0-ee168c1fa7ca/build]   | [INFO] Downloading from central: https://repo.maven.apache.org/maven2/org/assertj/assertj-build/3.24.1/assertj-build-3.24.1.pom
[b3360117-9cf9-42f0-a9a0-ee168c1fa7ca/build]   | [INFO] Downloaded from central: https://repo.maven.apache.org/maven2/org/assertj/assertj-build/3.24.1/assertj-build-3.24.1.pom (8.8 kB at 214 kB/s)
[b3360117-9cf9-42f0-a9a0-ee168c1fa7ca/build]   | [INFO] Downloading from central: https://repo.maven.apache.org/maven2/org/junit/junit-bom/5.9.1/junit-bom-5.9.1.pom
[b3360117-9cf9-42f0-a9a0-ee168c1fa7ca/build]   | [INFO] Downloaded from central: https://repo.maven.apache.org/maven2/org/junit/junit-bom/5.9.1/junit-bom-5.9.1.pom (5.6 kB at 433 kB/s)
[b3360117-9cf9-42f0-a9a0-ee168c1fa7ca/build]   | [INFO] Downloading from central: https://repo.maven.apache.org/maven2/org/mockito/mockito-bom/4.11.0/mockito-bom-4.11.0.pom
[b3360117-9cf9-42f0-a9a0-ee168c1fa7ca/build]   | [INFO] Downloaded from central: https://repo.maven.apache.org/maven2/org/mockito/mockito-bom/4.11.0/mockito-bom-4.11.0.pom (3.2 kB at 150 kB/s)
[b3360117-9cf9-42f0-a9a0-ee168c1fa7ca/build]   | [INFO] Downloading from central: https://repo.maven.apache.org/maven2/net/bytebuddy/byte-buddy/1.12.21/byte-buddy-1.12.21.pom
[b3360117-9cf9-42f0-a9a0-ee168c1fa7ca/build]   | [INFO] Downloaded from central: https://repo.maven.apache.org/maven2/net/bytebuddy/byte-buddy/1.12.21/byte-buddy-1.12.21.pom (16 kB at 880 kB/s)
[b3360117-9cf9-42f0-a9a0-ee168c1fa7ca/build]   | [INFO] Downloading from central: https://repo.maven.apache.org/maven2/net/bytebuddy/byte-buddy-parent/1.12.21/byte-buddy-parent-1.12.21.pom
[b3360117-9cf9-42f0-a9a0-ee168c1fa7ca/build]   | [INFO] Downloaded from central: https://repo.maven.apache.org/maven2/net/bytebuddy/byte-buddy-parent/1.12.21/byte-buddy-parent-1.12.21.pom (58 kB at 1.8 MB/s)
[b3360117-9cf9-42f0-a9a0-ee168c1fa7ca/build]   | [INFO] Downloading from central: https://repo.maven.apache.org/maven2/org/junit/jupiter/junit-jupiter/5.9.2/junit-jupiter-5.9.2.jar
[b3360117-9cf9-42f0-a9a0-ee168c1fa7ca/build]   | [INFO] Downloading from central: https://repo.maven.apache.org/maven2/org/junit/jupiter/junit-jupiter-api/5.9.2/junit-jupiter-api-5.9.2.jar
[b3360117-9cf9-42f0-a9a0-ee168c1fa7ca/build]   | [INFO] Downloading from central: https://repo.maven.apache.org/maven2/org/opentest4j/opentest4j/1.2.0/opentest4j-1.2.0.jar
[b3360117-9cf9-42f0-a9a0-ee168c1fa7ca/build]   | [INFO] Downloading from central: https://repo.maven.apache.org/maven2/org/junit/platform/junit-platform-commons/1.9.2/junit-platform-commons-1.9.2.jar
[b3360117-9cf9-42f0-a9a0-ee168c1fa7ca/build]   | [INFO] Downloading from central: https://repo.maven.apache.org/maven2/org/apiguardian/apiguardian-api/1.1.2/apiguardian-api-1.1.2.jar
[b3360117-9cf9-42f0-a9a0-ee168c1fa7ca/build]   | [INFO] Downloaded from central: https://repo.maven.apache.org/maven2/org/junit/jupiter/junit-jupiter-api/5.9.2/junit-jupiter-api-5.9.2.jar (208 kB at 6.1 MB/s)
[b3360117-9cf9-42f0-a9a0-ee168c1fa7ca/build]   | [INFO] Downloading from central: https://repo.maven.apache.org/maven2/org/junit/jupiter/junit-jupiter-params/5.9.2/junit-jupiter-params-5.9.2.jar
[b3360117-9cf9-42f0-a9a0-ee168c1fa7ca/build]   | [INFO] Downloaded from central: https://repo.maven.apache.org/maven2/org/apiguardian/apiguardian-api/1.1.2/apiguardian-api-1.1.2.jar (6.8 kB at 194 kB/s)
[b3360117-9cf9-42f0-a9a0-ee168c1fa7ca/build]   | [INFO] Downloading from central: https://repo.maven.apache.org/maven2/org/junit/jupiter/junit-jupiter-engine/5.9.2/junit-jupiter-engine-5.9.2.jar
[b3360117-9cf9-42f0-a9a0-ee168c1fa7ca/build]   | [INFO] Downloaded from central: https://repo.maven.apache.org/maven2/org/opentest4j/opentest4j/1.2.0/opentest4j-1.2.0.jar (7.7 kB at 69 kB/s)
[b3360117-9cf9-42f0-a9a0-ee168c1fa7ca/build]   | [INFO] Downloading from central: https://repo.maven.apache.org/maven2/org/junit/platform/junit-platform-engine/1.9.2/junit-platform-engine-1.9.2.jar
[b3360117-9cf9-42f0-a9a0-ee168c1fa7ca/build]   | [INFO] Downloaded from central: https://repo.maven.apache.org/maven2/org/junit/jupiter/junit-jupiter-engine/5.9.2/junit-jupiter-engine-5.9.2.jar (247 kB at 1.4 MB/s)
[b3360117-9cf9-42f0-a9a0-ee168c1fa7ca/build]   | [INFO] Downloaded from central: https://repo.maven.apache.org/maven2/org/junit/platform/junit-platform-commons/1.9.2/junit-platform-commons-1.9.2.jar (103 kB at 566 kB/s)
[b3360117-9cf9-42f0-a9a0-ee168c1fa7ca/build]   | [INFO] Downloading from central: https://repo.maven.apache.org/maven2/org/assertj/assertj-core/3.24.1/assertj-core-3.24.1.jar
[b3360117-9cf9-42f0-a9a0-ee168c1fa7ca/build]   | [INFO] Downloaded from central: https://repo.maven.apache.org/maven2/org/junit/jupiter/junit-jupiter/5.9.2/junit-jupiter-5.9.2.jar (6.4 kB at 34 kB/s)
[b3360117-9cf9-42f0-a9a0-ee168c1fa7ca/build]   | [INFO] Downloading from central: https://repo.maven.apache.org/maven2/net/bytebuddy/byte-buddy/1.12.21/byte-buddy-1.12.21.jar
[b3360117-9cf9-42f0-a9a0-ee168c1fa7ca/build]   | [INFO] Downloaded from central: https://repo.maven.apache.org/maven2/org/junit/jupiter/junit-jupiter-params/5.9.2/junit-jupiter-params-5.9.2.jar (580 kB at 2.9 MB/s)
[b3360117-9cf9-42f0-a9a0-ee168c1fa7ca/build]   | [INFO] Downloaded from central: https://repo.maven.apache.org/maven2/org/junit/platform/junit-platform-engine/1.9.2/junit-platform-engine-1.9.2.jar (189 kB at 914 kB/s)
[b3360117-9cf9-42f0-a9a0-ee168c1fa7ca/build]   | [INFO] Downloaded from central: https://repo.maven.apache.org/maven2/org/assertj/assertj-core/3.24.1/assertj-core-3.24.1.jar (1.3 MB at 4.4 MB/s)
[b3360117-9cf9-42f0-a9a0-ee168c1fa7ca/build]   | [INFO] Downloaded from central: https://repo.maven.apache.org/maven2/net/bytebuddy/byte-buddy/1.12.21/byte-buddy-1.12.21.jar (3.9 MB at 9.2 MB/s)
[b3360117-9cf9-42f0-a9a0-ee168c1fa7ca/build]   | [INFO] 
[b3360117-9cf9-42f0-a9a0-ee168c1fa7ca/build]   | [INFO] --- maven-resources-plugin:2.6:resources (default-resources) @ solarpositioning ---
[b3360117-9cf9-42f0-a9a0-ee168c1fa7ca/build]   | [INFO] Downloading from central: https://repo.maven.apache.org/maven2/org/apache/maven/maven-plugin-api/2.0.6/maven-plugin-api-2.0.6.pom
[b3360117-9cf9-42f0-a9a0-ee168c1fa7ca/build]   | [INFO] Downloaded from central: https://repo.maven.apache.org/maven2/org/apache/maven/maven-plugin-api/2.0.6/maven-plugin-api-2.0.6.pom (1.5 kB at 77 kB/s)
[b3360117-9cf9-42f0-a9a0-ee168c1fa7ca/build]   | [INFO] Downloading from central: https://repo.maven.apache.org/maven2/org/apache/maven/maven/2.0.6/maven-2.0.6.pom
[b3360117-9cf9-42f0-a9a0-ee168c1fa7ca/build]   | [INFO] Downloaded from central: https://repo.maven.apache.org/maven2/org/apache/maven/maven/2.0.6/maven-2.0.6.pom (9.0 kB at 646 kB/s)
[b3360117-9cf9-42f0-a9a0-ee168c1fa7ca/build]   | [INFO] Downloading from central: https://repo.maven.apache.org/maven2/org/apache/maven/maven-parent/5/maven-parent-5.pom
[b3360117-9cf9-42f0-a9a0-ee168c1fa7ca/build]   | [INFO] Downloaded from central: https://repo.maven.apache.org/maven2/org/apache/maven/maven-parent/5/maven-parent-5.pom (15 kB at 726 kB/s)
[b3360117-9cf9-42f0-a9a0-ee168c1fa7ca/build]   | [INFO] Downloading from central: https://repo.maven.apache.org/maven2/org/apache/apache/3/apache-3.pom
[b3360117-9cf9-42f0-a9a0-ee168c1fa7ca/build]   | [INFO] Downloaded from central: https://repo.maven.apache.org/maven2/org/apache/apache/3/apache-3.pom (3.4 kB at 202 kB/s)
[b3360117-9cf9-42f0-a9a0-ee168c1fa7ca/build]   | [INFO] Downloading from central: https://repo.maven.apache.org/maven2/org/apache/maven/maven-project/2.0.6/maven-project-2.0.6.pom
[b3360117-9cf9-42f0-a9a0-ee168c1fa7ca/build]   | [INFO] Downloaded from central: https://repo.maven.apache.org/maven2/org/apache/maven/maven-project/2.0.6/maven-project-2.0.6.pom (2.6 kB at 293 kB/s)
[b3360117-9cf9-42f0-a9a0-ee168c1fa7ca/build]   | [INFO] Downloading from central: https://repo.maven.apache.org/maven2/org/apache/maven/maven-settings/2.0.6/maven-settings-2.0.6.pom
[b3360117-9cf9-42f0-a9a0-ee168c1fa7ca/build]   | [INFO] Downloaded from central: https://repo.maven.apache.org/maven2/org/apache/maven/maven-settings/2.0.6/maven-settings-2.0.6.pom (2.0 kB at 154 kB/s)
[b3360117-9cf9-42f0-a9a0-ee168c1fa7ca/build]   | [INFO] Downloading from central: https://repo.maven.apache.org/maven2/org/apache/maven/maven-model/2.0.6/maven-model-2.0.6.pom
[b3360117-9cf9-42f0-a9a0-ee168c1fa7ca/build]   | [INFO] Downloaded from central: https://repo.maven.apache.org/maven2/org/apache/maven/maven-model/2.0.6/maven-model-2.0.6.pom (3.0 kB at 305 kB/s)
[b3360117-9cf9-42f0-a9a0-ee168c1fa7ca/build]   | [INFO] Downloading from central: https://repo.maven.apache.org/maven2/org/codehaus/plexus/plexus-utils/1.4.1/plexus-utils-1.4.1.pom
[b3360117-9cf9-42f0-a9a0-ee168c1fa7ca/build]   | [INFO] Downloaded from central: https://repo.maven.apache.org/maven2/org/codehaus/plexus/plexus-utils/1.4.1/plexus-utils-1.4.1.pom (1.9 kB at 100 kB/s)
[b3360117-9cf9-42f0-a9a0-ee168c1fa7ca/build]   | [INFO] Downloading from central: https://repo.maven.apache.org/maven2/org/codehaus/plexus/plexus/1.0.11/plexus-1.0.11.pom
[b3360117-9cf9-42f0-a9a0-ee168c1fa7ca/build]   | [INFO] Downloaded from central: https://repo.maven.apache.org/maven2/org/codehaus/plexus/plexus/1.0.11/plexus-1.0.11.pom (9.0 kB at 747 kB/s)
[b3360117-9cf9-42f0-a9a0-ee168c1fa7ca/build]   | [INFO] Downloading from central: https://repo.maven.apache.org/maven2/org/codehaus/plexus/plexus-container-default/1.0-alpha-9-stable-1/plexus-container-default-1.0-alpha-9-stable-1.pom
[b3360117-9cf9-42f0-a9a0-ee168c1fa7ca/build]   | [INFO] Downloaded from central: https://repo.maven.apache.org/maven2/org/codehaus/plexus/plexus-container-default/1.0-alpha-9-stable-1/plexus-container-default-1.0-alpha-9-stable-1.pom (3.9 kB at 282 kB/s)
[b3360117-9cf9-42f0-a9a0-ee168c1fa7ca/build]   | [INFO] Downloading from central: https://repo.maven.apache.org/maven2/org/codehaus/plexus/plexus-containers/1.0.3/plexus-containers-1.0.3.pom
[b3360117-9cf9-42f0-a9a0-ee168c1fa7ca/build]   | [INFO] Downloaded from central: https://repo.maven.apache.org/maven2/org/codehaus/plexus/plexus-containers/1.0.3/plexus-containers-1.0.3.pom (492 B at 35 kB/s)
[b3360117-9cf9-42f0-a9a0-ee168c1fa7ca/build]   | [INFO] Downloading from central: https://repo.maven.apache.org/maven2/org/codehaus/plexus/plexus/1.0.4/plexus-1.0.4.pom
[b3360117-9cf9-42f0-a9a0-ee168c1fa7ca/build]   | [INFO] Downloaded from central: https://repo.maven.apache.org/maven2/org/codehaus/plexus/plexus/1.0.4/plexus-1.0.4.pom (5.7 kB at 319 kB/s)
[b3360117-9cf9-42f0-a9a0-ee168c1fa7ca/build]   | [INFO] Downloading from central: https://repo.maven.apache.org/maven2/junit/junit/3.8.1/junit-3.8.1.pom
[b3360117-9cf9-42f0-a9a0-ee168c1fa7ca/build]   | [INFO] Downloaded from central: https://repo.maven.apache.org/maven2/junit/junit/3.8.1/junit-3.8.1.pom (998 B at 34 kB/s)
[b3360117-9cf9-42f0-a9a0-ee168c1fa7ca/build]   | [INFO] Downloading from central: https://repo.maven.apache.org/maven2/org/codehaus/plexus/plexus-utils/1.0.4/plexus-utils-1.0.4.pom
[b3360117-9cf9-42f0-a9a0-ee168c1fa7ca/build]   | [INFO] Downloaded from central: https://repo.maven.apache.org/maven2/org/codehaus/plexus/plexus-utils/1.0.4/plexus-utils-1.0.4.pom (6.9 kB at 457 kB/s)
[b3360117-9cf9-42f0-a9a0-ee168c1fa7ca/build]   | [INFO] Downloading from central: https://repo.maven.apache.org/maven2/classworlds/classworlds/1.1-alpha-2/classworlds-1.1-alpha-2.pom
[b3360117-9cf9-42f0-a9a0-ee168c1fa7ca/build]   | [INFO] Downloaded from central: https://repo.maven.apache.org/maven2/classworlds/classworlds/1.1-alpha-2/classworlds-1.1-alpha-2.pom (3.1 kB at 348 kB/s)
[b3360117-9cf9-42f0-a9a0-ee168c1fa7ca/build]   | [INFO] Downloading from central: https://repo.maven.apache.org/maven2/org/apache/maven/maven-profile/2.0.6/maven-profile-2.0.6.pom
[b3360117-9cf9-42f0-a9a0-ee168c1fa7ca/build]   | [INFO] Downloaded from central: https://repo.maven.apache.org/maven2/org/apache/maven/maven-profile/2.0.6/maven-profile-2.0.6.pom (2.0 kB at 116 kB/s)
[b3360117-9cf9-42f0-a9a0-ee168c1fa7ca/build]   | [INFO] Downloading from central: https://repo.maven.apache.org/maven2/org/apache/maven/maven-artifact-manager/2.0.6/maven-artifact-manager-2.0.6.pom
[b3360117-9cf9-42f0-a9a0-ee168c1fa7ca/build]   | [INFO] Downloaded from central: https://repo.maven.apache.org/maven2/org/apache/maven/maven-artifact-manager/2.0.6/maven-artifact-manager-2.0.6.pom (2.6 kB at 328 kB/s)
[b3360117-9cf9-42f0-a9a0-ee168c1fa7ca/build]   | [INFO] Downloading from central: https://repo.maven.apache.org/maven2/org/apache/maven/maven-repository-metadata/2.0.6/maven-repository-metadata-2.0.6.pom
[b3360117-9cf9-42f0-a9a0-ee168c1fa7ca/build]   | [INFO] Downloaded from central: https://repo.maven.apache.org/maven2/org/apache/maven/maven-repository-metadata/2.0.6/maven-repository-metadata-2.0.6.pom (1.9 kB at 39 kB/s)
[b3360117-9cf9-42f0-a9a0-ee168c1fa7ca/build]   | [INFO] Downloading from central: https://repo.maven.apache.org/maven2/org/apache/maven/maven-artifact/2.0.6/maven-artifact-2.0.6.pom
[b3360117-9cf9-42f0-a9a0-ee168c1fa7ca/build]   | [INFO] Downloaded from central: https://repo.maven.apache.org/maven2/org/apache/maven/maven-artifact/2.0.6/maven-artifact-2.0.6.pom (1.6 kB at 83 kB/s)
[b3360117-9cf9-42f0-a9a0-ee168c1fa7ca/build]   | [INFO] Downloading from central: https://repo.maven.apache.org/maven2/org/apache/maven/maven-plugin-registry/2.0.6/maven-plugin-registry-2.0.6.pom
[b3360117-9cf9-42f0-a9a0-ee168c1fa7ca/build]   | [INFO] Downloaded from central: https://repo.maven.apache.org/maven2/org/apache/maven/maven-plugin-registry/2.0.6/maven-plugin-registry-2.0.6.pom (1.9 kB at 195 kB/s)
[b3360117-9cf9-42f0-a9a0-ee168c1fa7ca/build]   | [INFO] Downloading from central: https://repo.maven.apache.org/maven2/org/apache/maven/maven-core/2.0.6/maven-core-2.0.6.pom
[b3360117-9cf9-42f0-a9a0-ee168c1fa7ca/build]   | [INFO] Downloaded from central: https://repo.maven.apache.org/maven2/org/apache/maven/maven-core/2.0.6/maven-core-2.0.6.pom (6.7 kB at 373 kB/s)
[b3360117-9cf9-42f0-a9a0-ee168c1fa7ca/build]   | [INFO] Downloading from central: https://repo.maven.apache.org/maven2/org/apache/maven/maven-plugin-parameter-documenter/2.0.6/maven-plugin-parameter-documenter-2.0.6.pom
[b3360117-9cf9-42f0-a9a0-ee168c1fa7ca/build]   | [INFO] Downloaded from central: https://repo.maven.apache.org/maven2/org/apache/maven/maven-plugin-parameter-documenter/2.0.6/maven-plugin-parameter-documenter-2.0.6.pom (1.9 kB at 147 kB/s)
[b3360117-9cf9-42f0-a9a0-ee168c1fa7ca/build]   | [INFO] Downloading from central: https://repo.maven.apache.org/maven2/org/apache/maven/reporting/maven-reporting-api/2.0.6/maven-reporting-api-2.0.6.pom
[b3360117-9cf9-42f0-a9a0-ee168c1fa7ca/build]   | [INFO] Downloaded from central: https://repo.maven.apache.org/maven2/org/apache/maven/reporting/maven-reporting-api/2.0.6/maven-reporting-api-2.0.6.pom (1.8 kB at 110 kB/s)
[b3360117-9cf9-42f0-a9a0-ee168c1fa7ca/build]   | [INFO] Downloading from central: https://repo.maven.apache.org/maven2/org/apache/maven/reporting/maven-reporting/2.0.6/maven-reporting-2.0.6.pom
[b3360117-9cf9-42f0-a9a0-ee168c1fa7ca/build]   | [INFO] Downloaded from central: https://repo.maven.apache.org/maven2/org/apache/maven/reporting/maven-reporting/2.0.6/maven-reporting-2.0.6.pom (1.4 kB at 111 kB/s)
[b3360117-9cf9-42f0-a9a0-ee168c1fa7ca/build]   | [INFO] Downloading from central: https://repo.maven.apache.org/maven2/org/apache/maven/doxia/doxia-sink-api/1.0-alpha-7/doxia-sink-api-1.0-alpha-7.pom
[b3360117-9cf9-42f0-a9a0-ee168c1fa7ca/build]   | [INFO] Downloaded from central: https://repo.maven.apache.org/maven2/org/apache/maven/doxia/doxia-sink-api/1.0-alpha-7/doxia-sink-api-1.0-alpha-7.pom (424 B at 47 kB/s)
[b3360117-9cf9-42f0-a9a0-ee168c1fa7ca/build]   | [INFO] Downloading from central: https://repo.maven.apache.org/maven2/org/apache/maven/doxia/doxia/1.0-alpha-7/doxia-1.0-alpha-7.pom
[b3360117-9cf9-42f0-a9a0-ee168c1fa7ca/build]   | [INFO] Downloaded from central: https://repo.maven.apache.org/maven2/org/apache/maven/doxia/doxia/1.0-alpha-7/doxia-1.0-alpha-7.pom (3.9 kB at 559 kB/s)
[b3360117-9cf9-42f0-a9a0-ee168c1fa7ca/build]   | [INFO] Downloading from central: https://repo.maven.apache.org/maven2/org/apache/maven/maven-error-diagnostics/2.0.6/maven-error-diagnostics-2.0.6.pom
[b3360117-9cf9-42f0-a9a0-ee168c1fa7ca/build]   | [INFO] Downloaded from central: https://repo.maven.apache.org/maven2/org/apache/maven/maven-error-diagnostics/2.0.6/maven-error-diagnostics-2.0.6.pom (1.7 kB at 213 kB/s)
[b3360117-9cf9-42f0-a9a0-ee168c1fa7ca/build]   | [INFO] Downloading from central: https://repo.maven.apache.org/maven2/commons-cli/commons-cli/1.0/commons-cli-1.0.pom
[b3360117-9cf9-42f0-a9a0-ee168c1fa7ca/build]   | [INFO] Downloaded from central: https://repo.maven.apache.org/maven2/commons-cli/commons-cli/1.0/commons-cli-1.0.pom (2.1 kB at 301 kB/s)
[b3360117-9cf9-42f0-a9a0-ee168c1fa7ca/build]   | [INFO] Downloading from central: https://repo.maven.apache.org/maven2/org/apache/maven/maven-plugin-descriptor/2.0.6/maven-plugin-descriptor-2.0.6.pom
[b3360117-9cf9-42f0-a9a0-ee168c1fa7ca/build]   | [INFO] Downloaded from central: https://repo.maven.apache.org/maven2/org/apache/maven/maven-plugin-descriptor/2.0.6/maven-plugin-descriptor-2.0.6.pom (2.0 kB at 252 kB/s)
[b3360117-9cf9-42f0-a9a0-ee168c1fa7ca/build]   | [INFO] Downloading from central: https://repo.maven.apache.org/maven2/org/codehaus/plexus/plexus-interactivity-api/1.0-alpha-4/plexus-interactivity-api-1.0-alpha-4.pom
[b3360117-9cf9-42f0-a9a0-ee168c1fa7ca/build]   | [INFO] Downloaded from central: https://repo.maven.apache.org/maven2/org/codehaus/plexus/plexus-interactivity-api/1.0-alpha-4/plexus-interactivity-api-1.0-alpha-4.pom (7.1 kB at 1.0 MB/s)
[b3360117-9cf9-42f0-a9a0-ee168c1fa7ca/build]   | [INFO] Downloading from central: https://repo.maven.apache.org/maven2/org/apache/maven/maven-monitor/2.0.6/maven-monitor-2.0.6.pom
[b3360117-9cf9-42f0-a9a0-ee168c1fa7ca/build]   | [INFO] Downloaded from central: https://repo.maven.apache.org/maven2/org/apache/maven/maven-monitor/2.0.6/maven-monitor-2.0.6.pom (1.3 kB at 114 kB/s)
[b3360117-9cf9-42f0-a9a0-ee168c1fa7ca/build]   | [INFO] Downloading from central: https://repo.maven.apache.org/maven2/classworlds/classworlds/1.1/classworlds-1.1.pom
[b3360117-9cf9-42f0-a9a0-ee168c1fa7ca/build]   | [INFO] Downloaded from central: https://repo.maven.apache.org/maven2/classworlds/classworlds/1.1/classworlds-1.1.pom (3.3 kB at 416 kB/s)
[b3360117-9cf9-42f0-a9a0-ee168c1fa7ca/build]   | [INFO] Downloading from central: https://repo.maven.apache.org/maven2/org/codehaus/plexus/plexus-utils/2.0.5/plexus-utils-2.0.5.pom
[b3360117-9cf9-42f0-a9a0-ee168c1fa7ca/build]   | [INFO] Downloaded from central: https://repo.maven.apache.org/maven2/org/codehaus/plexus/plexus-utils/2.0.5/plexus-utils-2.0.5.pom (3.3 kB at 370 kB/s)
[b3360117-9cf9-42f0-a9a0-ee168c1fa7ca/build]   | [INFO] Downloading from central: https://repo.maven.apache.org/maven2/org/codehaus/plexus/plexus/2.0.6/plexus-2.0.6.pom
[b3360117-9cf9-42f0-a9a0-ee168c1fa7ca/build]   | [INFO] Downloaded from central: https://repo.maven.apache.org/maven2/org/codehaus/plexus/plexus/2.0.6/plexus-2.0.6.pom (17 kB at 1.2 MB/s)
[b3360117-9cf9-42f0-a9a0-ee168c1fa7ca/build]   | [INFO] Downloading from central: https://repo.maven.apache.org/maven2/org/apache/maven/shared/maven-filtering/1.1/maven-filtering-1.1.pom
[b3360117-9cf9-42f0-a9a0-ee168c1fa7ca/build]   | [INFO] Downloaded from central: https://repo.maven.apache.org/maven2/org/apache/maven/shared/maven-filtering/1.1/maven-filtering-1.1.pom (5.8 kB at 276 kB/s)
[b3360117-9cf9-42f0-a9a0-ee168c1fa7ca/build]   | [INFO] Downloading from central: https://repo.maven.apache.org/maven2/org/apache/maven/shared/maven-shared-components/17/maven-shared-components-17.pom
[b3360117-9cf9-42f0-a9a0-ee168c1fa7ca/build]   | [INFO] Downloaded from central: https://repo.maven.apache.org/maven2/org/apache/maven/shared/maven-shared-components/17/maven-shared-components-17.pom (8.7 kB at 1.5 MB/s)
[b3360117-9cf9-42f0-a9a0-ee168c1fa7ca/build]   | [INFO] Downloading from central: https://repo.maven.apache.org/maven2/org/codehaus/plexus/plexus-utils/1.5.15/plexus-utils-1.5.15.pom
[b3360117-9cf9-42f0-a9a0-ee168c1fa7ca/build]   | [INFO] Downloaded from central: https://repo.maven.apache.org/maven2/org/codehaus/plexus/plexus-utils/1.5.15/plexus-utils-1.5.15.pom (6.8 kB at 1.1 MB/s)
[b3360117-9cf9-42f0-a9a0-ee168c1fa7ca/build]   | [INFO] Downloading from central: https://repo.maven.apache.org/maven2/org/codehaus/plexus/plexus/2.0.2/plexus-2.0.2.pom
[b3360117-9cf9-42f0-a9a0-ee168c1fa7ca/build]   | [INFO] Downloaded from central: https://repo.maven.apache.org/maven2/org/codehaus/plexus/plexus/2.0.2/plexus-2.0.2.pom (12 kB at 1.7 MB/s)
[b3360117-9cf9-42f0-a9a0-ee168c1fa7ca/build]   | [INFO] Downloading from central: https://repo.maven.apache.org/maven2/org/codehaus/plexus/plexus-interpolation/1.12/plexus-interpolation-1.12.pom
[b3360117-9cf9-42f0-a9a0-ee168c1fa7ca/build]   | [INFO] Downloaded from central: https://repo.maven.apache.org/maven2/org/codehaus/plexus/plexus-interpolation/1.12/plexus-interpolation-1.12.pom (889 B at 127 kB/s)
[b3360117-9cf9-42f0-a9a0-ee168c1fa7ca/build]   | [INFO] Downloading from central: https://repo.maven.apache.org/maven2/org/codehaus/plexus/plexus-components/1.1.14/plexus-components-1.1.14.pom
[b3360117-9cf9-42f0-a9a0-ee168c1fa7ca/build]   | [INFO] Downloaded from central: https://repo.maven.apache.org/maven2/org/codehaus/plexus/plexus-components/1.1.14/plexus-components-1.1.14.pom (5.8 kB at 835 kB/s)
[b3360117-9cf9-42f0-a9a0-ee168c1fa7ca/build]   | [INFO] Downloading from central: https://repo.maven.apache.org/maven2/org/sonatype/plexus/plexus-build-api/0.0.4/plexus-build-api-0.0.4.pom
[b3360117-9cf9-42f0-a9a0-ee168c1fa7ca/build]   | [INFO] Downloaded from central: https://repo.maven.apache.org/maven2/org/sonatype/plexus/plexus-build-api/0.0.4/plexus-build-api-0.0.4.pom (2.9 kB at 358 kB/s)
[b3360117-9cf9-42f0-a9a0-ee168c1fa7ca/build]   | [INFO] Downloading from central: https://repo.maven.apache.org/maven2/org/sonatype/spice/spice-parent/10/spice-parent-10.pom
[b3360117-9cf9-42f0-a9a0-ee168c1fa7ca/build]   | [INFO] Downloaded from central: https://repo.maven.apache.org/maven2/org/sonatype/spice/spice-parent/10/spice-parent-10.pom (3.0 kB at 377 kB/s)
[b3360117-9cf9-42f0-a9a0-ee168c1fa7ca/build]   | [INFO] Downloading from central: https://repo.maven.apache.org/maven2/org/sonatype/forge/forge-parent/3/forge-parent-3.pom
[b3360117-9cf9-42f0-a9a0-ee168c1fa7ca/build]   | [INFO] Downloaded from central: https://repo.maven.apache.org/maven2/org/sonatype/forge/forge-parent/3/forge-parent-3.pom (5.0 kB at 629 kB/s)
[b3360117-9cf9-42f0-a9a0-ee168c1fa7ca/build]   | [INFO] Downloading from central: https://repo.maven.apache.org/maven2/org/codehaus/plexus/plexus-utils/1.5.8/plexus-utils-1.5.8.pom
[b3360117-9cf9-42f0-a9a0-ee168c1fa7ca/build]   | [INFO] Downloaded from central: https://repo.maven.apache.org/maven2/org/codehaus/plexus/plexus-utils/1.5.8/plexus-utils-1.5.8.pom (8.1 kB at 1.3 MB/s)
[b3360117-9cf9-42f0-a9a0-ee168c1fa7ca/build]   | [INFO] Downloading from central: https://repo.maven.apache.org/maven2/org/codehaus/plexus/plexus-interpolation/1.13/plexus-interpolation-1.13.pom
[b3360117-9cf9-42f0-a9a0-ee168c1fa7ca/build]   | [INFO] Downloaded from central: https://repo.maven.apache.org/maven2/org/codehaus/plexus/plexus-interpolation/1.13/plexus-interpolation-1.13.pom (890 B at 99 kB/s)
[b3360117-9cf9-42f0-a9a0-ee168c1fa7ca/build]   | [INFO] Downloading from central: https://repo.maven.apache.org/maven2/org/codehaus/plexus/plexus-components/1.1.15/plexus-components-1.1.15.pom
[b3360117-9cf9-42f0-a9a0-ee168c1fa7ca/build]   | [INFO] Downloaded from central: https://repo.maven.apache.org/maven2/org/codehaus/plexus/plexus-components/1.1.15/plexus-components-1.1.15.pom (2.8 kB at 190 kB/s)
[b3360117-9cf9-42f0-a9a0-ee168c1fa7ca/build]   | [INFO] Downloading from central: https://repo.maven.apache.org/maven2/org/codehaus/plexus/plexus/2.0.3/plexus-2.0.3.pom
[b3360117-9cf9-42f0-a9a0-ee168c1fa7ca/build]   | [INFO] Downloaded from central: https://repo.maven.apache.org/maven2/org/codehaus/plexus/plexus/2.0.3/plexus-2.0.3.pom (15 kB at 2.6 MB/s)
[b3360117-9cf9-42f0-a9a0-ee168c1fa7ca/build]   | [INFO] Downloading from central: https://repo.maven.apache.org/maven2/org/apache/maven/maven-plugin-api/2.0.6/maven-plugin-api-2.0.6.jar
[b3360117-9cf9-42f0-a9a0-ee168c1fa7ca/build]   | [INFO] Downloading from central: https://repo.maven.apache.org/maven2/org/apache/maven/maven-profile/2.0.6/maven-profile-2.0.6.jar
[b3360117-9cf9-42f0-a9a0-ee168c1fa7ca/build]   | [INFO] Downloading from central: https://repo.maven.apache.org/maven2/org/apache/maven/maven-artifact-manager/2.0.6/maven-artifact-manager-2.0.6.jar
[b3360117-9cf9-42f0-a9a0-ee168c1fa7ca/build]   | [INFO] Downloading from central: https://repo.maven.apache.org/maven2/org/apache/maven/maven-plugin-registry/2.0.6/maven-plugin-registry-2.0.6.jar
[b3360117-9cf9-42f0-a9a0-ee168c1fa7ca/build]   | [INFO] Downloading from central: https://repo.maven.apache.org/maven2/org/apache/maven/maven-project/2.0.6/maven-project-2.0.6.jar
[b3360117-9cf9-42f0-a9a0-ee168c1fa7ca/build]   | [INFO] Downloaded from central: https://repo.maven.apache.org/maven2/org/apache/maven/maven-artifact-manager/2.0.6/maven-artifact-manager-2.0.6.jar (57 kB at 5.7 MB/s)
[b3360117-9cf9-42f0-a9a0-ee168c1fa7ca/build]   | [INFO] Downloading from central: https://repo.maven.apache.org/maven2/org/apache/maven/maven-core/2.0.6/maven-core-2.0.6.jar
[b3360117-9cf9-42f0-a9a0-ee168c1fa7ca/build]   | [INFO] Downloaded from central: https://repo.maven.apache.org/maven2/org/apache/maven/maven-profile/2.0.6/maven-profile-2.0.6.jar (35 kB at 1.6 MB/s)
[b3360117-9cf9-42f0-a9a0-ee168c1fa7ca/build]   | [INFO] Downloading from central: https://repo.maven.apache.org/maven2/org/apache/maven/maven-plugin-parameter-documenter/2.0.6/maven-plugin-parameter-documenter-2.0.6.jar
[b3360117-9cf9-42f0-a9a0-ee168c1fa7ca/build]   | [INFO] Downloaded from central: https://repo.maven.apache.org/maven2/org/apache/maven/maven-plugin-api/2.0.6/maven-plugin-api-2.0.6.jar (13 kB at 514 kB/s)
[b3360117-9cf9-42f0-a9a0-ee168c1fa7ca/build]   | [INFO] Downloading from central: https://repo.maven.apache.org/maven2/org/apache/maven/reporting/maven-reporting-api/2.0.6/maven-reporting-api-2.0.6.jar
[b3360117-9cf9-42f0-a9a0-ee168c1fa7ca/build]   | [INFO] Downloaded from central: https://repo.maven.apache.org/maven2/org/apache/maven/maven-project/2.0.6/maven-project-2.0.6.jar (116 kB at 4.5 MB/s)
[b3360117-9cf9-42f0-a9a0-ee168c1fa7ca/build]   | [INFO] Downloading from central: https://repo.maven.apache.org/maven2/org/apache/maven/doxia/doxia-sink-api/1.0-alpha-7/doxia-sink-api-1.0-alpha-7.jar
[b3360117-9cf9-42f0-a9a0-ee168c1fa7ca/build]   | [INFO] Downloaded from central: https://repo.maven.apache.org/maven2/org/apache/maven/maven-plugin-registry/2.0.6/maven-plugin-registry-2.0.6.jar (29 kB at 876 kB/s)
[b3360117-9cf9-42f0-a9a0-ee168c1fa7ca/build]   | [INFO] Downloading from central: https://repo.maven.apache.org/maven2/org/apache/maven/maven-repository-metadata/2.0.6/maven-repository-metadata-2.0.6.jar
[b3360117-9cf9-42f0-a9a0-ee168c1fa7ca/build]   | [INFO] Downloaded from central: https://repo.maven.apache.org/maven2/org/apache/maven/reporting/maven-reporting-api/2.0.6/maven-reporting-api-2.0.6.jar (9.9 kB at 301 kB/s)
[b3360117-9cf9-42f0-a9a0-ee168c1fa7ca/build]   | [INFO] Downloading from central: https://repo.maven.apache.org/maven2/org/apache/maven/maven-error-diagnostics/2.0.6/maven-error-diagnostics-2.0.6.jar
[b3360117-9cf9-42f0-a9a0-ee168c1fa7ca/build]   | [INFO] Downloaded from central: https://repo.maven.apache.org/maven2/org/apache/maven/maven-plugin-parameter-documenter/2.0.6/maven-plugin-parameter-documenter-2.0.6.jar (21 kB at 610 kB/s)
[b3360117-9cf9-42f0-a9a0-ee168c1fa7ca/build]   | [INFO] Downloading from central: https://repo.maven.apache.org/maven2/commons-cli/commons-cli/1.0/commons-cli-1.0.jar
[b3360117-9cf9-42f0-a9a0-ee168c1fa7ca/build]   | [INFO] Downloaded from central: https://repo.maven.apache.org/maven2/org/apache/maven/maven-core/2.0.6/maven-core-2.0.6.jar (152 kB at 4.1 MB/s)
[b3360117-9cf9-42f0-a9a0-ee168c1fa7ca/build]   | [INFO] Downloading from central: https://repo.maven.apache.org/maven2/org/apache/maven/maven-plugin-descriptor/2.0.6/maven-plugin-descriptor-2.0.6.jar
[b3360117-9cf9-42f0-a9a0-ee168c1fa7ca/build]   | [INFO] Downloaded from central: https://repo.maven.apache.org/maven2/org/apache/maven/doxia/doxia-sink-api/1.0-alpha-7/doxia-sink-api-1.0-alpha-7.jar (5.9 kB at 152 kB/s)
[b3360117-9cf9-42f0-a9a0-ee168c1fa7ca/build]   | [INFO] Downloading from central: https://repo.maven.apache.org/maven2/org/codehaus/plexus/plexus-interactivity-api/1.0-alpha-4/plexus-interactivity-api-1.0-alpha-4.jar
[b3360117-9cf9-42f0-a9a0-ee168c1fa7ca/build]   | [INFO] Downloaded from central: https://repo.maven.apache.org/maven2/org/apache/maven/maven-repository-metadata/2.0.6/maven-repository-metadata-2.0.6.jar (24 kB at 628 kB/s)
[b3360117-9cf9-42f0-a9a0-ee168c1fa7ca/build]   | [INFO] Downloading from central: https://repo.maven.apache.org/maven2/classworlds/classworlds/1.1/classworlds-1.1.jar
[b3360117-9cf9-42f0-a9a0-ee168c1fa7ca/build]   | [INFO] Downloaded from central: https://repo.maven.apache.org/maven2/org/apache/maven/maven-error-diagnostics/2.0.6/maven-error-diagnostics-2.0.6.jar (14 kB at 296 kB/s)
[b3360117-9cf9-42f0-a9a0-ee168c1fa7ca/build]   | [INFO] Downloading from central: https://repo.maven.apache.org/maven2/org/apache/maven/maven-artifact/2.0.6/maven-artifact-2.0.6.jar
[b3360117-9cf9-42f0-a9a0-ee168c1fa7ca/build]   | [INFO] Downloaded from central: https://repo.maven.apache.org/maven2/commons-cli/commons-cli/1.0/commons-cli-1.0.jar (30 kB at 641 kB/s)
[b3360117-9cf9-42f0-a9a0-ee168c1fa7ca/build]   | [INFO] Downloading from central: https://repo.maven.apache.org/maven2/org/apache/maven/maven-settings/2.0.6/maven-settings-2.0.6.jar
[b3360117-9cf9-42f0-a9a0-ee168c1fa7ca/build]   | [INFO] Downloaded from central: https://repo.maven.apache.org/maven2/org/apache/maven/maven-plugin-descriptor/2.0.6/maven-plugin-descriptor-2.0.6.jar (37 kB at 768 kB/s)
[b3360117-9cf9-42f0-a9a0-ee168c1fa7ca/build]   | [INFO] Downloading from central: https://repo.maven.apache.org/maven2/org/apache/maven/maven-model/2.0.6/maven-model-2.0.6.jar
[b3360117-9cf9-42f0-a9a0-ee168c1fa7ca/build]   | [INFO] Downloaded from central: https://repo.maven.apache.org/maven2/classworlds/classworlds/1.1/classworlds-1.1.jar (38 kB at 757 kB/s)
[b3360117-9cf9-42f0-a9a0-ee168c1fa7ca/build]   | [INFO] Downloading from central: https://repo.maven.apache.org/maven2/org/apache/maven/maven-monitor/2.0.6/maven-monitor-2.0.6.jar
[b3360117-9cf9-42f0-a9a0-ee168c1fa7ca/build]   | [INFO] Downloaded from central: https://repo.maven.apache.org/maven2/org/codehaus/plexus/plexus-interactivity-api/1.0-alpha-4/plexus-interactivity-api-1.0-alpha-4.jar (13 kB at 248 kB/s)
[b3360117-9cf9-42f0-a9a0-ee168c1fa7ca/build]   | [INFO] Downloading from central: https://repo.maven.apache.org/maven2/org/codehaus/plexus/plexus-container-default/1.0-alpha-9-stable-1/plexus-container-default-1.0-alpha-9-stable-1.jar
[b3360117-9cf9-42f0-a9a0-ee168c1fa7ca/build]   | [INFO] Downloaded from central: https://repo.maven.apache.org/maven2/org/apache/maven/maven-model/2.0.6/maven-model-2.0.6.jar (86 kB at 1.5 MB/s)
[b3360117-9cf9-42f0-a9a0-ee168c1fa7ca/build]   | [INFO] Downloaded from central: https://repo.maven.apache.org/maven2/org/apache/maven/maven-monitor/2.0.6/maven-monitor-2.0.6.jar (10 kB at 183 kB/s)
[b3360117-9cf9-42f0-a9a0-ee168c1fa7ca/build]   | [INFO] Downloading from central: https://repo.maven.apache.org/maven2/junit/junit/3.8.1/junit-3.8.1.jar
[b3360117-9cf9-42f0-a9a0-ee168c1fa7ca/build]   | [INFO] Downloading from central: https://repo.maven.apache.org/maven2/org/codehaus/plexus/plexus-utils/2.0.5/plexus-utils-2.0.5.jar
[b3360117-9cf9-42f0-a9a0-ee168c1fa7ca/build]   | [INFO] Downloaded from central: https://repo.maven.apache.org/maven2/org/apache/maven/maven-artifact/2.0.6/maven-artifact-2.0.6.jar (87 kB at 1.5 MB/s)
[b3360117-9cf9-42f0-a9a0-ee168c1fa7ca/build]   | [INFO] Downloading from central: https://repo.maven.apache.org/maven2/org/apache/maven/shared/maven-filtering/1.1/maven-filtering-1.1.jar
[b3360117-9cf9-42f0-a9a0-ee168c1fa7ca/build]   | [INFO] Downloaded from central: https://repo.maven.apache.org/maven2/org/apache/maven/maven-settings/2.0.6/maven-settings-2.0.6.jar (49 kB at 767 kB/s)
[b3360117-9cf9-42f0-a9a0-ee168c1fa7ca/build]   | [INFO] Downloading from central: https://repo.maven.apache.org/maven2/org/sonatype/plexus/plexus-build-api/0.0.4/plexus-build-api-0.0.4.jar
[b3360117-9cf9-42f0-a9a0-ee168c1fa7ca/build]   | [INFO] Downloaded from central: https://repo.maven.apache.org/maven2/junit/junit/3.8.1/junit-3.8.1.jar (121 kB at 1.8 MB/s)
[b3360117-9cf9-42f0-a9a0-ee168c1fa7ca/build]   | [INFO] Downloading from central: https://repo.maven.apache.org/maven2/org/codehaus/plexus/plexus-interpolation/1.13/plexus-interpolation-1.13.jar
[b3360117-9cf9-42f0-a9a0-ee168c1fa7ca/build]   | [INFO] Downloaded from central: https://repo.maven.apache.org/maven2/org/apache/maven/shared/maven-filtering/1.1/maven-filtering-1.1.jar (43 kB at 653 kB/s)
[b3360117-9cf9-42f0-a9a0-ee168c1fa7ca/build]   | [INFO] Downloaded from central: https://repo.maven.apache.org/maven2/org/codehaus/plexus/plexus-container-default/1.0-alpha-9-stable-1/plexus-container-default-1.0-alpha-9-stable-1.jar (194 kB at 2.9 MB/s)
[b3360117-9cf9-42f0-a9a0-ee168c1fa7ca/build]   | [INFO] Downloaded from central: https://repo.maven.apache.org/maven2/org/codehaus/plexus/plexus-utils/2.0.5/plexus-utils-2.0.5.jar (223 kB at 3.1 MB/s)
[b3360117-9cf9-42f0-a9a0-ee168c1fa7ca/build]   | [INFO] Downloaded from central: https://repo.maven.apache.org/maven2/org/sonatype/plexus/plexus-build-api/0.0.4/plexus-build-api-0.0.4.jar (6.8 kB at 83 kB/s)
[b3360117-9cf9-42f0-a9a0-ee168c1fa7ca/build]   | [INFO] Downloaded from central: https://repo.maven.apache.org/maven2/org/codehaus/plexus/plexus-interpolation/1.13/plexus-interpolation-1.13.jar (61 kB at 727 kB/s)
[b3360117-9cf9-42f0-a9a0-ee168c1fa7ca/build]   | [INFO] Using 'UTF-8' encoding to copy filtered resources.
[b3360117-9cf9-42f0-a9a0-ee168c1fa7ca/build]   | [INFO] skip non existing resourceDirectory /tmp/aea1d59d-a9f1-42e5-98a7-1f4cd03982b9/src/main/resources
[b3360117-9cf9-42f0-a9a0-ee168c1fa7ca/build]   | [INFO] 
[b3360117-9cf9-42f0-a9a0-ee168c1fa7ca/build]   | [INFO] --- maven-compiler-plugin:3.10.1:compile (default-compile) @ solarpositioning ---
[b3360117-9cf9-42f0-a9a0-ee168c1fa7ca/build]   | [INFO] Downloading from central: https://repo.maven.apache.org/maven2/org/apache/maven/shared/maven-shared-utils/3.3.4/maven-shared-utils-3.3.4.pom
[b3360117-9cf9-42f0-a9a0-ee168c1fa7ca/build]   | [INFO] Downloaded from central: https://repo.maven.apache.org/maven2/org/apache/maven/shared/maven-shared-utils/3.3.4/maven-shared-utils-3.3.4.pom (5.8 kB at 972 kB/s)
[b3360117-9cf9-42f0-a9a0-ee168c1fa7ca/build]   | [INFO] Downloading from central: https://repo.maven.apache.org/maven2/org/apache/maven/shared/maven-shared-components/34/maven-shared-components-34.pom
[b3360117-9cf9-42f0-a9a0-ee168c1fa7ca/build]   | [INFO] Downloaded from central: https://repo.maven.apache.org/maven2/org/apache/maven/shared/maven-shared-components/34/maven-shared-components-34.pom (5.1 kB at 425 kB/s)
[b3360117-9cf9-42f0-a9a0-ee168c1fa7ca/build]   | [INFO] Downloading from central: https://repo.maven.apache.org/maven2/commons-io/commons-io/2.6/commons-io-2.6.pom
[b3360117-9cf9-42f0-a9a0-ee168c1fa7ca/build]   | [INFO] Downloaded from central: https://repo.maven.apache.org/maven2/commons-io/commons-io/2.6/commons-io-2.6.pom (14 kB at 1.2 MB/s)
[b3360117-9cf9-42f0-a9a0-ee168c1fa7ca/build]   | [INFO] Downloading from central: https://repo.maven.apache.org/maven2/org/apache/commons/commons-parent/42/commons-parent-42.pom
[b3360117-9cf9-42f0-a9a0-ee168c1fa7ca/build]   | [INFO] Downloaded from central: https://repo.maven.apache.org/maven2/org/apache/commons/commons-parent/42/commons-parent-42.pom (68 kB at 8.5 MB/s)
[b3360117-9cf9-42f0-a9a0-ee168c1fa7ca/build]   | [INFO] Downloading from central: https://repo.maven.apache.org/maven2/org/apache/apache/18/apache-18.pom
[b3360117-9cf9-42f0-a9a0-ee168c1fa7ca/build]   | [INFO] Downloaded from central: https://repo.maven.apache.org/maven2/org/apache/apache/18/apache-18.pom (16 kB at 2.2 MB/s)
[b3360117-9cf9-42f0-a9a0-ee168c1fa7ca/build]   | [INFO] Downloading from central: https://repo.maven.apache.org/maven2/org/apache/maven/shared/maven-shared-incremental/1.1/maven-shared-incremental-1.1.pom
[b3360117-9cf9-42f0-a9a0-ee168c1fa7ca/build]   | [INFO] Downloaded from central: https://repo.maven.apache.org/maven2/org/apache/maven/shared/maven-shared-incremental/1.1/maven-shared-incremental-1.1.pom (4.7 kB at 790 kB/s)
[b3360117-9cf9-42f0-a9a0-ee168c1fa7ca/build]   | [INFO] Downloading from central: https://repo.maven.apache.org/maven2/org/apache/maven/shared/maven-shared-components/19/maven-shared-components-19.pom
[b3360117-9cf9-42f0-a9a0-ee168c1fa7ca/build]   | [INFO] Downloaded from central: https://repo.maven.apache.org/maven2/org/apache/maven/shared/maven-shared-components/19/maven-shared-components-19.pom (6.4 kB at 1.1 MB/s)
[b3360117-9cf9-42f0-a9a0-ee168c1fa7ca/build]   | [INFO] Downloading from central: https://repo.maven.apache.org/maven2/org/apache/maven/maven-parent/23/maven-parent-23.pom
[b3360117-9cf9-42f0-a9a0-ee168c1fa7ca/build]   | [INFO] Downloaded from central: https://repo.maven.apache.org/maven2/org/apache/maven/maven-parent/23/maven-parent-23.pom (33 kB at 3.6 MB/s)
[b3360117-9cf9-42f0-a9a0-ee168c1fa7ca/build]   | [INFO] Downloading from central: https://repo.maven.apache.org/maven2/org/apache/apache/13/apache-13.pom
[b3360117-9cf9-42f0-a9a0-ee168c1fa7ca/build]   | [INFO] Downloaded from central: https://repo.maven.apache.org/maven2/org/apache/apache/13/apache-13.pom (14 kB at 1.3 MB/s)
[b3360117-9cf9-42f0-a9a0-ee168c1fa7ca/build]   | [INFO] Downloading from central: https://repo.maven.apache.org/maven2/org/codehaus/plexus/plexus-component-annotations/2.0.0/plexus-component-annotations-2.0.0.pom
[b3360117-9cf9-42f0-a9a0-ee168c1fa7ca/build]   | [INFO] Downloaded from central: https://repo.maven.apache.org/maven2/org/codehaus/plexus/plexus-component-annotations/2.0.0/plexus-component-annotations-2.0.0.pom (750 B at 107 kB/s)
[b3360117-9cf9-42f0-a9a0-ee168c1fa7ca/build]   | [INFO] Downloading from central: https://repo.maven.apache.org/maven2/org/codehaus/plexus/plexus-containers/2.0.0/plexus-containers-2.0.0.pom
[b3360117-9cf9-42f0-a9a0-ee168c1fa7ca/build]   | [INFO] Downloaded from central: https://repo.maven.apache.org/maven2/org/codehaus/plexus/plexus-containers/2.0.0/plexus-containers-2.0.0.pom (4.8 kB at 686 kB/s)
[b3360117-9cf9-42f0-a9a0-ee168c1fa7ca/build]   | [INFO] Downloading from central: https://repo.maven.apache.org/maven2/org/codehaus/plexus/plexus/5.1/plexus-5.1.pom
[b3360117-9cf9-42f0-a9a0-ee168c1fa7ca/build]   | [INFO] Downloaded from central: https://repo.maven.apache.org/maven2/org/codehaus/plexus/plexus/5.1/plexus-5.1.pom (23 kB at 1.3 MB/s)
[b3360117-9cf9-42f0-a9a0-ee168c1fa7ca/build]   | [INFO] Downloading from central: https://repo.maven.apache.org/maven2/org/codehaus/plexus/plexus-java/1.1.1/plexus-java-1.1.1.pom
[b3360117-9cf9-42f0-a9a0-ee168c1fa7ca/build]   | [INFO] Downloaded from central: https://repo.maven.apache.org/maven2/org/codehaus/plexus/plexus-java/1.1.1/plexus-java-1.1.1.pom (5.0 kB at 710 kB/s)
[b3360117-9cf9-42f0-a9a0-ee168c1fa7ca/build]   | [INFO] Downloading from central: https://repo.maven.apache.org/maven2/org/codehaus/plexus/plexus-languages/1.1.1/plexus-languages-1.1.1.pom
[b3360117-9cf9-42f0-a9a0-ee168c1fa7ca/build]   | [INFO] Downloaded from central: https://repo.maven.apache.org/maven2/org/codehaus/plexus/plexus-languages/1.1.1/plexus-languages-1.1.1.pom (4.6 kB at 769 kB/s)
[b3360117-9cf9-42f0-a9a0-ee168c1fa7ca/build]   | [INFO] Downloading from central: https://repo.maven.apache.org/maven2/org/codehaus/plexus/plexus/8/plexus-8.pom
[b3360117-9cf9-42f0-a9a0-ee168c1fa7ca/build]   | [INFO] Downloaded from central: https://repo.maven.apache.org/maven2/org/codehaus/plexus/plexus/8/plexus-8.pom (25 kB at 3.2 MB/s)
[b3360117-9cf9-42f0-a9a0-ee168c1fa7ca/build]   | [INFO] Downloading from central: https://repo.maven.apache.org/maven2/org/ow2/asm/asm/9.2/asm-9.2.pom
[b3360117-9cf9-42f0-a9a0-ee168c1fa7ca/build]   | [INFO] Downloaded from central: https://repo.maven.apache.org/maven2/org/ow2/asm/asm/9.2/asm-9.2.pom (2.4 kB at 296 kB/s)
[b3360117-9cf9-42f0-a9a0-ee168c1fa7ca/build]   | [INFO] Downloading from central: https://repo.maven.apache.org/maven2/org/ow2/ow2/1.5/ow2-1.5.pom
[b3360117-9cf9-42f0-a9a0-ee168c1fa7ca/build]   | [INFO] Downloaded from central: https://repo.maven.apache.org/maven2/org/ow2/ow2/1.5/ow2-1.5.pom (11 kB at 1.6 MB/s)
[b3360117-9cf9-42f0-a9a0-ee168c1fa7ca/build]   | [INFO] Downloading from central: https://repo.maven.apache.org/maven2/com/thoughtworks/qdox/qdox/2.0.1/qdox-2.0.1.pom
[b3360117-9cf9-42f0-a9a0-ee168c1fa7ca/build]   | [INFO] Downloaded from central: https://repo.maven.apache.org/maven2/com/thoughtworks/qdox/qdox/2.0.1/qdox-2.0.1.pom (16 kB at 1.3 MB/s)
[b3360117-9cf9-42f0-a9a0-ee168c1fa7ca/build]   | [INFO] Downloading from central: https://repo.maven.apache.org/maven2/org/sonatype/oss/oss-parent/9/oss-parent-9.pom
[b3360117-9cf9-42f0-a9a0-ee168c1fa7ca/build]   | [INFO] Downloaded from central: https://repo.maven.apache.org/maven2/org/sonatype/oss/oss-parent/9/oss-parent-9.pom (6.6 kB at 657 kB/s)
[b3360117-9cf9-42f0-a9a0-ee168c1fa7ca/build]   | [INFO] Downloading from central: https://repo.maven.apache.org/maven2/org/codehaus/plexus/plexus-compiler-api/2.11.1/plexus-compiler-api-2.11.1.pom
[b3360117-9cf9-42f0-a9a0-ee168c1fa7ca/build]   | [INFO] Downloaded from central: https://repo.maven.apache.org/maven2/org/codehaus/plexus/plexus-compiler-api/2.11.1/plexus-compiler-api-2.11.1.pom (1.1 kB at 176 kB/s)
[b3360117-9cf9-42f0-a9a0-ee168c1fa7ca/build]   | [INFO] Downloading from central: https://repo.maven.apache.org/maven2/org/codehaus/plexus/plexus-compiler/2.11.1/plexus-compiler-2.11.1.pom
[b3360117-9cf9-42f0-a9a0-ee168c1fa7ca/build]   | [INFO] Downloaded from central: https://repo.maven.apache.org/maven2/org/codehaus/plexus/plexus-compiler/2.11.1/plexus-compiler-2.11.1.pom (8.1 kB at 1.6 MB/s)
[b3360117-9cf9-42f0-a9a0-ee168c1fa7ca/build]   | [INFO] Downloading from central: https://repo.maven.apache.org/maven2/org/codehaus/plexus/plexus-components/6.6/plexus-components-6.6.pom
[b3360117-9cf9-42f0-a9a0-ee168c1fa7ca/build]   | [INFO] Downloaded from central: https://repo.maven.apache.org/maven2/org/codehaus/plexus/plexus-components/6.6/plexus-components-6.6.pom (2.7 kB at 446 kB/s)
[b3360117-9cf9-42f0-a9a0-ee168c1fa7ca/build]   | [INFO] Downloading from central: https://repo.maven.apache.org/maven2/org/junit/junit-bom/5.8.2/junit-bom-5.8.2.pom
[b3360117-9cf9-42f0-a9a0-ee168c1fa7ca/build]   | [INFO] Downloaded from central: https://repo.maven.apache.org/maven2/org/junit/junit-bom/5.8.2/junit-bom-5.8.2.pom (5.6 kB at 804 kB/s)
[b3360117-9cf9-42f0-a9a0-ee168c1fa7ca/build]   | [INFO] Downloading from central: https://repo.maven.apache.org/maven2/org/codehaus/plexus/plexus-utils/3.4.1/plexus-utils-3.4.1.pom
[b3360117-9cf9-42f0-a9a0-ee168c1fa7ca/build]   | [INFO] Downloaded from central: https://repo.maven.apache.org/maven2/org/codehaus/plexus/plexus-utils/3.4.1/plexus-utils-3.4.1.pom (8.0 kB at 885 kB/s)
[b3360117-9cf9-42f0-a9a0-ee168c1fa7ca/build]   | [INFO] Downloading from central: https://repo.maven.apache.org/maven2/org/codehaus/plexus/plexus-compiler-manager/2.11.1/plexus-compiler-manager-2.11.1.pom
[b3360117-9cf9-42f0-a9a0-ee168c1fa7ca/build]   | [INFO] Downloaded from central: https://repo.maven.apache.org/maven2/org/codehaus/plexus/plexus-compiler-manager/2.11.1/plexus-compiler-manager-2.11.1.pom (1.1 kB at 126 kB/s)
[b3360117-9cf9-42f0-a9a0-ee168c1fa7ca/build]   | [INFO] Downloading from central: https://repo.maven.apache.org/maven2/org/codehaus/plexus/plexus-compiler-javac/2.11.1/plexus-compiler-javac-2.11.1.pom
[b3360117-9cf9-42f0-a9a0-ee168c1fa7ca/build]   | [INFO] Downloaded from central: https://repo.maven.apache.org/maven2/org/codehaus/plexus/plexus-compiler-javac/2.11.1/plexus-compiler-javac-2.11.1.pom (1.2 kB at 172 kB/s)
[b3360117-9cf9-42f0-a9a0-ee168c1fa7ca/build]   | [INFO] Downloading from central: https://repo.maven.apache.org/maven2/org/codehaus/plexus/plexus-compilers/2.11.1/plexus-compilers-2.11.1.pom
[b3360117-9cf9-42f0-a9a0-ee168c1fa7ca/build]   | [INFO] Downloaded from central: https://repo.maven.apache.org/maven2/org/codehaus/plexus/plexus-compilers/2.11.1/plexus-compilers-2.11.1.pom (1.3 kB at 220 kB/s)
[b3360117-9cf9-42f0-a9a0-ee168c1fa7ca/build]   | [INFO] Downloading from central: https://repo.maven.apache.org/maven2/org/apache/maven/shared/maven-shared-utils/3.3.4/maven-shared-utils-3.3.4.jar
[b3360117-9cf9-42f0-a9a0-ee168c1fa7ca/build]   | [INFO] Downloading from central: https://repo.maven.apache.org/maven2/org/codehaus/plexus/plexus-java/1.1.1/plexus-java-1.1.1.jar
[b3360117-9cf9-42f0-a9a0-ee168c1fa7ca/build]   | [INFO] Downloading from central: https://repo.maven.apache.org/maven2/org/apache/maven/shared/maven-shared-incremental/1.1/maven-shared-incremental-1.1.jar
[b3360117-9cf9-42f0-a9a0-ee168c1fa7ca/build]   | [INFO] Downloading from central: https://repo.maven.apache.org/maven2/org/codehaus/plexus/plexus-component-annotations/2.0.0/plexus-component-annotations-2.0.0.jar
[b3360117-9cf9-42f0-a9a0-ee168c1fa7ca/build]   | [INFO] Downloading from central: https://repo.maven.apache.org/maven2/commons-io/commons-io/2.6/commons-io-2.6.jar
[b3360117-9cf9-42f0-a9a0-ee168c1fa7ca/build]   | [INFO] Downloaded from central: https://repo.maven.apache.org/maven2/org/apache/maven/shared/maven-shared-utils/3.3.4/maven-shared-utils-3.3.4.jar (153 kB at 4.6 MB/s)
[b3360117-9cf9-42f0-a9a0-ee168c1fa7ca/build]   | [INFO] Downloading from central: https://repo.maven.apache.org/maven2/org/ow2/asm/asm/9.2/asm-9.2.jar
[b3360117-9cf9-42f0-a9a0-ee168c1fa7ca/build]   | [INFO] Downloaded from central: https://repo.maven.apache.org/maven2/org/apache/maven/shared/maven-shared-incremental/1.1/maven-shared-incremental-1.1.jar (14 kB at 387 kB/s)
[b3360117-9cf9-42f0-a9a0-ee168c1fa7ca/build]   | [INFO] Downloading from central: https://repo.maven.apache.org/maven2/com/thoughtworks/qdox/qdox/2.0.1/qdox-2.0.1.jar
[b3360117-9cf9-42f0-a9a0-ee168c1fa7ca/build]   | [INFO] Downloaded from central: https://repo.maven.apache.org/maven2/org/codehaus/plexus/plexus-java/1.1.1/plexus-java-1.1.1.jar (54 kB at 1.5 MB/s)
[b3360117-9cf9-42f0-a9a0-ee168c1fa7ca/build]   | [INFO] Downloading from central: https://repo.maven.apache.org/maven2/org/codehaus/plexus/plexus-compiler-api/2.11.1/plexus-compiler-api-2.11.1.jar
[b3360117-9cf9-42f0-a9a0-ee168c1fa7ca/build]   | [INFO] Downloaded from central: https://repo.maven.apache.org/maven2/org/codehaus/plexus/plexus-component-annotations/2.0.0/plexus-component-annotations-2.0.0.jar (4.2 kB at 94 kB/s)
[b3360117-9cf9-42f0-a9a0-ee168c1fa7ca/build]   | [INFO] Downloading from central: https://repo.maven.apache.org/maven2/org/codehaus/plexus/plexus-utils/3.4.1/plexus-utils-3.4.1.jar
[b3360117-9cf9-42f0-a9a0-ee168c1fa7ca/build]   | [INFO] Downloaded from central: https://repo.maven.apache.org/maven2/commons-io/commons-io/2.6/commons-io-2.6.jar (215 kB at 4.2 MB/s)
[b3360117-9cf9-42f0-a9a0-ee168c1fa7ca/build]   | [INFO] Downloading from central: https://repo.maven.apache.org/maven2/org/codehaus/plexus/plexus-compiler-manager/2.11.1/plexus-compiler-manager-2.11.1.jar
[b3360117-9cf9-42f0-a9a0-ee168c1fa7ca/build]   | [INFO] Downloaded from central: https://repo.maven.apache.org/maven2/org/ow2/asm/asm/9.2/asm-9.2.jar (122 kB at 4.4 MB/s)
[b3360117-9cf9-42f0-a9a0-ee168c1fa7ca/build]   | [INFO] Downloading from central: https://repo.maven.apache.org/maven2/org/codehaus/plexus/plexus-compiler-javac/2.11.1/plexus-compiler-javac-2.11.1.jar
[b3360117-9cf9-42f0-a9a0-ee168c1fa7ca/build]   | [INFO] Downloaded from central: https://repo.maven.apache.org/maven2/org/codehaus/plexus/plexus-compiler-api/2.11.1/plexus-compiler-api-2.11.1.jar (27 kB at 898 kB/s)
[b3360117-9cf9-42f0-a9a0-ee168c1fa7ca/build]   | [INFO] Downloaded from central: https://repo.maven.apache.org/maven2/com/thoughtworks/qdox/qdox/2.0.1/qdox-2.0.1.jar (334 kB at 10 MB/s)
[b3360117-9cf9-42f0-a9a0-ee168c1fa7ca/build]   | [INFO] Downloaded from central: https://repo.maven.apache.org/maven2/org/codehaus/plexus/plexus-compiler-javac/2.11.1/plexus-compiler-javac-2.11.1.jar (23 kB at 634 kB/s)
[b3360117-9cf9-42f0-a9a0-ee168c1fa7ca/build]   | [INFO] Downloaded from central: https://repo.maven.apache.org/maven2/org/codehaus/plexus/plexus-compiler-manager/2.11.1/plexus-compiler-manager-2.11.1.jar (4.7 kB at 119 kB/s)
[b3360117-9cf9-42f0-a9a0-ee168c1fa7ca/build]   | [INFO] Downloaded from central: https://repo.maven.apache.org/maven2/org/codehaus/plexus/plexus-utils/3.4.1/plexus-utils-3.4.1.jar (264 kB at 5.9 MB/s)
[b3360117-9cf9-42f0-a9a0-ee168c1fa7ca/build]   | [INFO] Changes detected - recompiling the module!
[b3360117-9cf9-42f0-a9a0-ee168c1fa7ca/build]   | [INFO] Compiling 6 source files to /tmp/aea1d59d-a9f1-42e5-98a7-1f4cd03982b9/target/classes
[b3360117-9cf9-42f0-a9a0-ee168c1fa7ca/build]   | [INFO] 
[b3360117-9cf9-42f0-a9a0-ee168c1fa7ca/build]   | [INFO] --- maven-resources-plugin:2.6:testResources (default-testResources) @ solarpositioning ---
[b3360117-9cf9-42f0-a9a0-ee168c1fa7ca/build]   | [INFO] Using 'UTF-8' encoding to copy filtered resources.
[b3360117-9cf9-42f0-a9a0-ee168c1fa7ca/build]   | [INFO] Copying 10 resources
[b3360117-9cf9-42f0-a9a0-ee168c1fa7ca/build]   | [INFO] 
[b3360117-9cf9-42f0-a9a0-ee168c1fa7ca/build]   | [INFO] --- maven-compiler-plugin:3.10.1:testCompile (default-testCompile) @ solarpositioning ---
[b3360117-9cf9-42f0-a9a0-ee168c1fa7ca/build]   | [INFO] Changes detected - recompiling the module!
[b3360117-9cf9-42f0-a9a0-ee168c1fa7ca/build]   | [INFO] Compiling 5 source files to /tmp/aea1d59d-a9f1-42e5-98a7-1f4cd03982b9/target/test-classes
[b3360117-9cf9-42f0-a9a0-ee168c1fa7ca/build]   | [INFO] 
[b3360117-9cf9-42f0-a9a0-ee168c1fa7ca/build]   | [INFO] --- maven-surefire-plugin:3.0.0-M7:test (default-test) @ solarpositioning ---
[b3360117-9cf9-42f0-a9a0-ee168c1fa7ca/build]   | [INFO] Downloading from central: https://repo.maven.apache.org/maven2/org/apache/maven/surefire/maven-surefire-common/3.0.0-M7/maven-surefire-common-3.0.0-M7.pom
[b3360117-9cf9-42f0-a9a0-ee168c1fa7ca/build]   | [INFO] Downloaded from central: https://repo.maven.apache.org/maven2/org/apache/maven/surefire/maven-surefire-common/3.0.0-M7/maven-surefire-common-3.0.0-M7.pom (6.5 kB at 231 kB/s)
[b3360117-9cf9-42f0-a9a0-ee168c1fa7ca/build]   | [INFO] Downloading from central: https://repo.maven.apache.org/maven2/org/apache/maven/surefire/surefire-api/3.0.0-M7/surefire-api-3.0.0-M7.pom
[b3360117-9cf9-42f0-a9a0-ee168c1fa7ca/build]   | [INFO] Downloaded from central: https://repo.maven.apache.org/maven2/org/apache/maven/surefire/surefire-api/3.0.0-M7/surefire-api-3.0.0-M7.pom (3.4 kB at 83 kB/s)
[b3360117-9cf9-42f0-a9a0-ee168c1fa7ca/build]   | [INFO] Downloading from central: https://repo.maven.apache.org/maven2/org/apache/maven/surefire/surefire-logger-api/3.0.0-M7/surefire-logger-api-3.0.0-M7.pom
[b3360117-9cf9-42f0-a9a0-ee168c1fa7ca/build]   | [INFO] Downloaded from central: https://repo.maven.apache.org/maven2/org/apache/maven/surefire/surefire-logger-api/3.0.0-M7/surefire-logger-api-3.0.0-M7.pom (3.6 kB at 91 kB/s)
[b3360117-9cf9-42f0-a9a0-ee168c1fa7ca/build]   | [INFO] Downloading from central: https://repo.maven.apache.org/maven2/org/apache/maven/surefire/surefire-shared-utils/3.0.0-M7/surefire-shared-utils-3.0.0-M7.pom
[b3360117-9cf9-42f0-a9a0-ee168c1fa7ca/build]   | [INFO] Downloaded from central: https://repo.maven.apache.org/maven2/org/apache/maven/surefire/surefire-shared-utils/3.0.0-M7/surefire-shared-utils-3.0.0-M7.pom (3.9 kB at 177 kB/s)
[b3360117-9cf9-42f0-a9a0-ee168c1fa7ca/build]   | [INFO] Downloading from central: https://repo.maven.apache.org/maven2/org/apache/maven/surefire/surefire-extensions-api/3.0.0-M7/surefire-extensions-api-3.0.0-M7.pom
[b3360117-9cf9-42f0-a9a0-ee168c1fa7ca/build]   | [INFO] Downloaded from central: https://repo.maven.apache.org/maven2/org/apache/maven/surefire/surefire-extensions-api/3.0.0-M7/surefire-extensions-api-3.0.0-M7.pom (3.6 kB at 228 kB/s)
[b3360117-9cf9-42f0-a9a0-ee168c1fa7ca/build]   | [INFO] Downloading from central: https://repo.maven.apache.org/maven2/org/apache/maven/surefire/surefire-booter/3.0.0-M7/surefire-booter-3.0.0-M7.pom
[b3360117-9cf9-42f0-a9a0-ee168c1fa7ca/build]   | [INFO] Downloaded from central: https://repo.maven.apache.org/maven2/org/apache/maven/surefire/surefire-booter/3.0.0-M7/surefire-booter-3.0.0-M7.pom (4.4 kB at 198 kB/s)
[b3360117-9cf9-42f0-a9a0-ee168c1fa7ca/build]   | [INFO] Downloading from central: https://repo.maven.apache.org/maven2/org/apache/maven/surefire/surefire-extensions-spi/3.0.0-M7/surefire-extensions-spi-3.0.0-M7.pom
[b3360117-9cf9-42f0-a9a0-ee168c1fa7ca/build]   | [INFO] Downloaded from central: https://repo.maven.apache.org/maven2/org/apache/maven/surefire/surefire-extensions-spi/3.0.0-M7/surefire-extensions-spi-3.0.0-M7.pom (1.8 kB at 82 kB/s)
[b3360117-9cf9-42f0-a9a0-ee168c1fa7ca/build]   | [INFO] Downloading from central: https://repo.maven.apache.org/maven2/org/apache/maven/shared/maven-common-artifact-filters/3.1.1/maven-common-artifact-filters-3.1.1.pom
[b3360117-9cf9-42f0-a9a0-ee168c1fa7ca/build]   | [INFO] Downloaded from central: https://repo.maven.apache.org/maven2/org/apache/maven/shared/maven-common-artifact-filters/3.1.1/maven-common-artifact-filters-3.1.1.pom (5.8 kB at 527 kB/s)
[b3360117-9cf9-42f0-a9a0-ee168c1fa7ca/build]   | [INFO] Downloading from central: https://repo.maven.apache.org/maven2/org/apache/maven/maven-artifact/3.2.5/maven-artifact-3.2.5.pom
[b3360117-9cf9-42f0-a9a0-ee168c1fa7ca/build]   | [INFO] Downloaded from central: https://repo.maven.apache.org/maven2/org/apache/maven/maven-artifact/3.2.5/maven-artifact-3.2.5.pom (2.3 kB at 213 kB/s)
[b3360117-9cf9-42f0-a9a0-ee168c1fa7ca/build]   | [INFO] Downloading from central: https://repo.maven.apache.org/maven2/org/apache/maven/maven/3.2.5/maven-3.2.5.pom
[b3360117-9cf9-42f0-a9a0-ee168c1fa7ca/build]   | [INFO] Downloaded from central: https://repo.maven.apache.org/maven2/org/apache/maven/maven/3.2.5/maven-3.2.5.pom (22 kB at 2.8 MB/s)
[b3360117-9cf9-42f0-a9a0-ee168c1fa7ca/build]   | [INFO] Downloading from central: https://repo.maven.apache.org/maven2/org/apache/maven/maven-parent/25/maven-parent-25.pom
[b3360117-9cf9-42f0-a9a0-ee168c1fa7ca/build]   | [INFO] Downloaded from central: https://repo.maven.apache.org/maven2/org/apache/maven/maven-parent/25/maven-parent-25.pom (37 kB at 2.9 MB/s)
[b3360117-9cf9-42f0-a9a0-ee168c1fa7ca/build]   | [INFO] Downloading from central: https://repo.maven.apache.org/maven2/org/apache/apache/15/apache-15.pom
[b3360117-9cf9-42f0-a9a0-ee168c1fa7ca/build]   | [INFO] Downloaded from central: https://repo.maven.apache.org/maven2/org/apache/apache/15/apache-15.pom (15 kB at 2.2 MB/s)
[b3360117-9cf9-42f0-a9a0-ee168c1fa7ca/build]   | [INFO] Downloading from central: https://repo.maven.apache.org/maven2/org/codehaus/plexus/plexus-utils/3.3.0/plexus-utils-3.3.0.pom
[b3360117-9cf9-42f0-a9a0-ee168c1fa7ca/build]   | [INFO] Downloaded from central: https://repo.maven.apache.org/maven2/org/codehaus/plexus/plexus-utils/3.3.0/plexus-utils-3.3.0.pom (5.2 kB at 576 kB/s)
[b3360117-9cf9-42f0-a9a0-ee168c1fa7ca/build]   | [INFO] Downloading from central: https://repo.maven.apache.org/maven2/org/apache/maven/maven-core/3.2.5/maven-core-3.2.5.pom
[b3360117-9cf9-42f0-a9a0-ee168c1fa7ca/build]   | [INFO] Downloaded from central: https://repo.maven.apache.org/maven2/org/apache/maven/maven-core/3.2.5/maven-core-3.2.5.pom (8.1 kB at 384 kB/s)
[b3360117-9cf9-42f0-a9a0-ee168c1fa7ca/build]   | [INFO] Downloading from central: https://repo.maven.apache.org/maven2/org/apache/maven/maven-settings/3.2.5/maven-settings-3.2.5.pom
[b3360117-9cf9-42f0-a9a0-ee168c1fa7ca/build]   | [INFO] Downloaded from central: https://repo.maven.apache.org/maven2/org/apache/maven/maven-settings/3.2.5/maven-settings-3.2.5.pom (2.2 kB at 103 kB/s)
[b3360117-9cf9-42f0-a9a0-ee168c1fa7ca/build]   | [INFO] Downloading from central: https://repo.maven.apache.org/maven2/org/apache/maven/maven-settings-builder/3.2.5/maven-settings-builder-3.2.5.pom
[b3360117-9cf9-42f0-a9a0-ee168c1fa7ca/build]   | [INFO] Downloaded from central: https://repo.maven.apache.org/maven2/org/apache/maven/maven-settings-builder/3.2.5/maven-settings-builder-3.2.5.pom (2.6 kB at 371 kB/s)
[b3360117-9cf9-42f0-a9a0-ee168c1fa7ca/build]   | [INFO] Downloading from central: https://repo.maven.apache.org/maven2/org/codehaus/plexus/plexus-interpolation/1.21/plexus-interpolation-1.21.pom
[b3360117-9cf9-42f0-a9a0-ee168c1fa7ca/build]   | [INFO] Downloaded from central: https://repo.maven.apache.org/maven2/org/codehaus/plexus/plexus-interpolation/1.21/plexus-interpolation-1.21.pom (1.5 kB at 140 kB/s)
[b3360117-9cf9-42f0-a9a0-ee168c1fa7ca/build]   | [INFO] Downloading from central: https://repo.maven.apache.org/maven2/org/codehaus/plexus/plexus-components/1.3.1/plexus-components-1.3.1.pom
[b3360117-9cf9-42f0-a9a0-ee168c1fa7ca/build]   | [INFO] Downloaded from central: https://repo.maven.apache.org/maven2/org/codehaus/plexus/plexus-components/1.3.1/plexus-components-1.3.1.pom (3.1 kB at 279 kB/s)
[b3360117-9cf9-42f0-a9a0-ee168c1fa7ca/build]   | [INFO] Downloading from central: https://repo.maven.apache.org/maven2/org/codehaus/plexus/plexus/3.3.1/plexus-3.3.1.pom
[b3360117-9cf9-42f0-a9a0-ee168c1fa7ca/build]   | [INFO] Downloaded from central: https://repo.maven.apache.org/maven2/org/codehaus/plexus/plexus/3.3.1/plexus-3.3.1.pom (20 kB at 2.6 MB/s)
[b3360117-9cf9-42f0-a9a0-ee168c1fa7ca/build]   | [INFO] Downloading from central: https://repo.maven.apache.org/maven2/org/sonatype/spice/spice-parent/17/spice-parent-17.pom
[b3360117-9cf9-42f0-a9a0-ee168c1fa7ca/build]   | [INFO] Downloaded from central: https://repo.maven.apache.org/maven2/org/sonatype/spice/spice-parent/17/spice-parent-17.pom (6.8 kB at 250 kB/s)
[b3360117-9cf9-42f0-a9a0-ee168c1fa7ca/build]   | [INFO] Downloading from central: https://repo.maven.apache.org/maven2/org/sonatype/forge/forge-parent/10/forge-parent-10.pom
[b3360117-9cf9-42f0-a9a0-ee168c1fa7ca/build]   | [INFO] Downloaded from central: https://repo.maven.apache.org/maven2/org/sonatype/forge/forge-parent/10/forge-parent-10.pom (14 kB at 1.9 MB/s)
[b3360117-9cf9-42f0-a9a0-ee168c1fa7ca/build]   | [INFO] Downloading from central: https://repo.maven.apache.org/maven2/org/codehaus/plexus/plexus-component-annotations/2.1.1/plexus-component-annotations-2.1.1.pom
[b3360117-9cf9-42f0-a9a0-ee168c1fa7ca/build]   | [INFO] Downloaded from central: https://repo.maven.apache.org/maven2/org/codehaus/plexus/plexus-component-annotations/2.1.1/plexus-component-annotations-2.1.1.pom (770 B at 96 kB/s)
[b3360117-9cf9-42f0-a9a0-ee168c1fa7ca/build]   | [INFO] Downloading from central: https://repo.maven.apache.org/maven2/org/codehaus/plexus/plexus-containers/2.1.1/plexus-containers-2.1.1.pom
[b3360117-9cf9-42f0-a9a0-ee168c1fa7ca/build]   | [INFO] Downloaded from central: https://repo.maven.apache.org/maven2/org/codehaus/plexus/plexus-containers/2.1.1/plexus-containers-2.1.1.pom (6.0 kB at 1.0 MB/s)
[b3360117-9cf9-42f0-a9a0-ee168c1fa7ca/build]   | [INFO] Downloading from central: https://repo.maven.apache.org/maven2/org/codehaus/plexus/plexus/6.5/plexus-6.5.pom
[b3360117-9cf9-42f0-a9a0-ee168c1fa7ca/build]   | [INFO] Downloaded from central: https://repo.maven.apache.org/maven2/org/codehaus/plexus/plexus/6.5/plexus-6.5.pom (26 kB at 2.3 MB/s)
[b3360117-9cf9-42f0-a9a0-ee168c1fa7ca/build]   | [INFO] Downloading from central: https://repo.maven.apache.org/maven2/org/sonatype/plexus/plexus-sec-dispatcher/1.3/plexus-sec-dispatcher-1.3.pom
[b3360117-9cf9-42f0-a9a0-ee168c1fa7ca/build]   | [INFO] Downloaded from central: https://repo.maven.apache.org/maven2/org/sonatype/plexus/plexus-sec-dispatcher/1.3/plexus-sec-dispatcher-1.3.pom (3.0 kB at 174 kB/s)
[b3360117-9cf9-42f0-a9a0-ee168c1fa7ca/build]   | [INFO] Downloading from central: https://repo.maven.apache.org/maven2/org/sonatype/spice/spice-parent/12/spice-parent-12.pom
[b3360117-9cf9-42f0-a9a0-ee168c1fa7ca/build]   | [INFO] Downloaded from central: https://repo.maven.apache.org/maven2/org/sonatype/spice/spice-parent/12/spice-parent-12.pom (6.8 kB at 486 kB/s)
[b3360117-9cf9-42f0-a9a0-ee168c1fa7ca/build]   | [INFO] Downloading from central: https://repo.maven.apache.org/maven2/org/sonatype/forge/forge-parent/4/forge-parent-4.pom
[b3360117-9cf9-42f0-a9a0-ee168c1fa7ca/build]   | [INFO] Downloaded from central: https://repo.maven.apache.org/maven2/org/sonatype/forge/forge-parent/4/forge-parent-4.pom (8.4 kB at 1.0 MB/s)
[b3360117-9cf9-42f0-a9a0-ee168c1fa7ca/build]   | [INFO] Downloading from central: https://repo.maven.apache.org/maven2/org/sonatype/plexus/plexus-cipher/1.4/plexus-cipher-1.4.pom
[b3360117-9cf9-42f0-a9a0-ee168c1fa7ca/build]   | [INFO] Downloaded from central: https://repo.maven.apache.org/maven2/org/sonatype/plexus/plexus-cipher/1.4/plexus-cipher-1.4.pom (2.1 kB at 258 kB/s)
[b3360117-9cf9-42f0-a9a0-ee168c1fa7ca/build]   | [INFO] Downloading from central: https://repo.maven.apache.org/maven2/org/apache/maven/maven-repository-metadata/3.2.5/maven-repository-metadata-3.2.5.pom
[b3360117-9cf9-42f0-a9a0-ee168c1fa7ca/build]   | [INFO] Downloaded from central: https://repo.maven.apache.org/maven2/org/apache/maven/maven-repository-metadata/3.2.5/maven-repository-metadata-3.2.5.pom (2.2 kB at 203 kB/s)
[b3360117-9cf9-42f0-a9a0-ee168c1fa7ca/build]   | [INFO] Downloading from central: https://repo.maven.apache.org/maven2/org/apache/maven/maven-plugin-api/3.2.5/maven-plugin-api-3.2.5.pom
[b3360117-9cf9-42f0-a9a0-ee168c1fa7ca/build]   | [INFO] Downloaded from central: https://repo.maven.apache.org/maven2/org/apache/maven/maven-plugin-api/3.2.5/maven-plugin-api-3.2.5.pom (3.0 kB at 252 kB/s)
[b3360117-9cf9-42f0-a9a0-ee168c1fa7ca/build]   | [INFO] Downloading from central: https://repo.maven.apache.org/maven2/org/eclipse/sisu/org.eclipse.sisu.plexus/0.3.5/org.eclipse.sisu.plexus-0.3.5.pom
[b3360117-9cf9-42f0-a9a0-ee168c1fa7ca/build]   | [INFO] Downloaded from central: https://repo.maven.apache.org/maven2/org/eclipse/sisu/org.eclipse.sisu.plexus/0.3.5/org.eclipse.sisu.plexus-0.3.5.pom (4.3 kB at 476 kB/s)
[b3360117-9cf9-42f0-a9a0-ee168c1fa7ca/build]   | [INFO] Downloading from central: https://repo.maven.apache.org/maven2/org/eclipse/sisu/sisu-plexus/0.3.5/sisu-plexus-0.3.5.pom
[b3360117-9cf9-42f0-a9a0-ee168c1fa7ca/build]   | [INFO] Downloaded from central: https://repo.maven.apache.org/maven2/org/eclipse/sisu/sisu-plexus/0.3.5/sisu-plexus-0.3.5.pom (14 kB at 1.7 MB/s)
[b3360117-9cf9-42f0-a9a0-ee168c1fa7ca/build]   | [INFO] Downloading from central: https://repo.maven.apache.org/maven2/javax/annotation/javax.annotation-api/1.2/javax.annotation-api-1.2.pom
[b3360117-9cf9-42f0-a9a0-ee168c1fa7ca/build]   | [INFO] Downloaded from central: https://repo.maven.apache.org/maven2/javax/annotation/javax.annotation-api/1.2/javax.annotation-api-1.2.pom (13 kB at 1.9 MB/s)
[b3360117-9cf9-42f0-a9a0-ee168c1fa7ca/build]   | [INFO] Downloading from central: https://repo.maven.apache.org/maven2/net/java/jvnet-parent/3/jvnet-parent-3.pom
[b3360117-9cf9-42f0-a9a0-ee168c1fa7ca/build]   | [INFO] Downloaded from central: https://repo.maven.apache.org/maven2/net/java/jvnet-parent/3/jvnet-parent-3.pom (4.8 kB at 282 kB/s)
[b3360117-9cf9-42f0-a9a0-ee168c1fa7ca/build]   | [INFO] Downloading from central: https://repo.maven.apache.org/maven2/javax/enterprise/cdi-api/1.2/cdi-api-1.2.pom
[b3360117-9cf9-42f0-a9a0-ee168c1fa7ca/build]   | [INFO] Downloaded from central: https://repo.maven.apache.org/maven2/javax/enterprise/cdi-api/1.2/cdi-api-1.2.pom (6.3 kB at 1.0 MB/s)
[b3360117-9cf9-42f0-a9a0-ee168c1fa7ca/build]   | [INFO] Downloading from central: https://repo.maven.apache.org/maven2/org/jboss/weld/weld-parent/26/weld-parent-26.pom
[b3360117-9cf9-42f0-a9a0-ee168c1fa7ca/build]   | [INFO] Downloaded from central: https://repo.maven.apache.org/maven2/org/jboss/weld/weld-parent/26/weld-parent-26.pom (32 kB at 2.7 MB/s)
[b3360117-9cf9-42f0-a9a0-ee168c1fa7ca/build]   | [INFO] Downloading from central: https://repo.maven.apache.org/maven2/javax/inject/javax.inject/1/javax.inject-1.pom
[b3360117-9cf9-42f0-a9a0-ee168c1fa7ca/build]   | [INFO] Downloaded from central: https://repo.maven.apache.org/maven2/javax/inject/javax.inject/1/javax.inject-1.pom (612 B at 44 kB/s)
[b3360117-9cf9-42f0-a9a0-ee168c1fa7ca/build]   | [INFO] Downloading from central: https://repo.maven.apache.org/maven2/org/eclipse/sisu/org.eclipse.sisu.inject/0.3.5/org.eclipse.sisu.inject-0.3.5.pom
[b3360117-9cf9-42f0-a9a0-ee168c1fa7ca/build]   | [INFO] Downloaded from central: https://repo.maven.apache.org/maven2/org/eclipse/sisu/org.eclipse.sisu.inject/0.3.5/org.eclipse.sisu.inject-0.3.5.pom (2.6 kB at 525 kB/s)
[b3360117-9cf9-42f0-a9a0-ee168c1fa7ca/build]   | [INFO] Downloading from central: https://repo.maven.apache.org/maven2/org/eclipse/sisu/sisu-inject/0.3.5/sisu-inject-0.3.5.pom
[b3360117-9cf9-42f0-a9a0-ee168c1fa7ca/build]   | [INFO] Downloaded from central: https://repo.maven.apache.org/maven2/org/eclipse/sisu/sisu-inject/0.3.5/sisu-inject-0.3.5.pom (14 kB at 2.9 MB/s)
[b3360117-9cf9-42f0-a9a0-ee168c1fa7ca/build]   | [INFO] Downloading from central: https://repo.maven.apache.org/maven2/org/codehaus/plexus/plexus-classworlds/2.5.2/plexus-classworlds-2.5.2.pom
[b3360117-9cf9-42f0-a9a0-ee168c1fa7ca/build]   | [INFO] Downloaded from central: https://repo.maven.apache.org/maven2/org/codehaus/plexus/plexus-classworlds/2.5.2/plexus-classworlds-2.5.2.pom (7.3 kB at 1.5 MB/s)
[b3360117-9cf9-42f0-a9a0-ee168c1fa7ca/build]   | [INFO] Downloading from central: https://repo.maven.apache.org/maven2/org/apache/maven/maven-model-builder/3.2.5/maven-model-builder-3.2.5.pom
[b3360117-9cf9-42f0-a9a0-ee168c1fa7ca/build]   | [INFO] Downloaded from central: https://repo.maven.apache.org/maven2/org/apache/maven/maven-model-builder/3.2.5/maven-model-builder-3.2.5.pom (3.0 kB at 499 kB/s)
[b3360117-9cf9-42f0-a9a0-ee168c1fa7ca/build]   | [INFO] Downloading from central: https://repo.maven.apache.org/maven2/org/apache/maven/maven-aether-provider/3.2.5/maven-aether-provider-3.2.5.pom
[b3360117-9cf9-42f0-a9a0-ee168c1fa7ca/build]   | [INFO] Downloaded from central: https://repo.maven.apache.org/maven2/org/apache/maven/maven-aether-provider/3.2.5/maven-aether-provider-3.2.5.pom (4.2 kB at 212 kB/s)
[b3360117-9cf9-42f0-a9a0-ee168c1fa7ca/build]   | [INFO] Downloading from central: https://repo.maven.apache.org/maven2/org/eclipse/aether/aether-api/1.0.0.v20140518/aether-api-1.0.0.v20140518.pom
[b3360117-9cf9-42f0-a9a0-ee168c1fa7ca/build]   | [INFO] Downloaded from central: https://repo.maven.apache.org/maven2/org/eclipse/aether/aether-api/1.0.0.v20140518/aether-api-1.0.0.v20140518.pom (1.9 kB at 100 kB/s)
[b3360117-9cf9-42f0-a9a0-ee168c1fa7ca/build]   | [INFO] Downloading from central: https://repo.maven.apache.org/maven2/org/eclipse/aether/aether/1.0.0.v20140518/aether-1.0.0.v20140518.pom
[b3360117-9cf9-42f0-a9a0-ee168c1fa7ca/build]   | [INFO] Downloaded from central: https://repo.maven.apache.org/maven2/org/eclipse/aether/aether/1.0.0.v20140518/aether-1.0.0.v20140518.pom (30 kB at 2.2 MB/s)
[b3360117-9cf9-42f0-a9a0-ee168c1fa7ca/build]   | [INFO] Downloading from central: https://repo.maven.apache.org/maven2/org/eclipse/aether/aether-spi/1.0.0.v20140518/aether-spi-1.0.0.v20140518.pom
[b3360117-9cf9-42f0-a9a0-ee168c1fa7ca/build]   | [INFO] Downloaded from central: https://repo.maven.apache.org/maven2/org/eclipse/aether/aether-spi/1.0.0.v20140518/aether-spi-1.0.0.v20140518.pom (2.1 kB at 114 kB/s)
[b3360117-9cf9-42f0-a9a0-ee168c1fa7ca/build]   | [INFO] Downloading from central: https://repo.maven.apache.org/maven2/org/eclipse/aether/aether-util/1.0.0.v20140518/aether-util-1.0.0.v20140518.pom
[b3360117-9cf9-42f0-a9a0-ee168c1fa7ca/build]   | [INFO] Downloaded from central: https://repo.maven.apache.org/maven2/org/eclipse/aether/aether-util/1.0.0.v20140518/aether-util-1.0.0.v20140518.pom (2.2 kB at 366 kB/s)
[b3360117-9cf9-42f0-a9a0-ee168c1fa7ca/build]   | [INFO] Downloading from central: https://repo.maven.apache.org/maven2/org/eclipse/aether/aether-impl/1.0.0.v20140518/aether-impl-1.0.0.v20140518.pom
[b3360117-9cf9-42f0-a9a0-ee168c1fa7ca/build]   | [INFO] Downloaded from central: https://repo.maven.apache.org/maven2/org/eclipse/aether/aether-impl/1.0.0.v20140518/aether-impl-1.0.0.v20140518.pom (3.5 kB at 316 kB/s)
[b3360117-9cf9-42f0-a9a0-ee168c1fa7ca/build]   | [INFO] Downloading from central: https://repo.maven.apache.org/maven2/org/sonatype/sisu/sisu-guice/3.2.3/sisu-guice-3.2.3.pom
[b3360117-9cf9-42f0-a9a0-ee168c1fa7ca/build]   | [INFO] Downloaded from central: https://repo.maven.apache.org/maven2/org/sonatype/sisu/sisu-guice/3.2.3/sisu-guice-3.2.3.pom (11 kB at 1.6 MB/s)
[b3360117-9cf9-42f0-a9a0-ee168c1fa7ca/build]   | [INFO] Downloading from central: https://repo.maven.apache.org/maven2/org/sonatype/sisu/inject/guice-parent/3.2.3/guice-parent-3.2.3.pom
[b3360117-9cf9-42f0-a9a0-ee168c1fa7ca/build]   | [INFO] Downloaded from central: https://repo.maven.apache.org/maven2/org/sonatype/sisu/inject/guice-parent/3.2.3/guice-parent-3.2.3.pom (13 kB at 1.2 MB/s)
[b3360117-9cf9-42f0-a9a0-ee168c1fa7ca/build]   | [INFO] Downloading from central: https://repo.maven.apache.org/maven2/org/sonatype/forge/forge-parent/38/forge-parent-38.pom
[b3360117-9cf9-42f0-a9a0-ee168c1fa7ca/build]   | [INFO] Downloaded from central: https://repo.maven.apache.org/maven2/org/sonatype/forge/forge-parent/38/forge-parent-38.pom (19 kB at 2.3 MB/s)
[b3360117-9cf9-42f0-a9a0-ee168c1fa7ca/build]   | [INFO] Downloading from central: https://repo.maven.apache.org/maven2/aopalliance/aopalliance/1.0/aopalliance-1.0.pom
[b3360117-9cf9-42f0-a9a0-ee168c1fa7ca/build]   | [INFO] Downloaded from central: https://repo.maven.apache.org/maven2/aopalliance/aopalliance/1.0/aopalliance-1.0.pom (363 B at 60 kB/s)
[b3360117-9cf9-42f0-a9a0-ee168c1fa7ca/build]   | [INFO] Downloading from central: https://repo.maven.apache.org/maven2/com/google/guava/guava/16.0.1/guava-16.0.1.pom
[b3360117-9cf9-42f0-a9a0-ee168c1fa7ca/build]   | [INFO] Downloaded from central: https://repo.maven.apache.org/maven2/com/google/guava/guava/16.0.1/guava-16.0.1.pom (6.1 kB at 763 kB/s)
[b3360117-9cf9-42f0-a9a0-ee168c1fa7ca/build]   | [INFO] Downloading from central: https://repo.maven.apache.org/maven2/com/google/guava/guava-parent/16.0.1/guava-parent-16.0.1.pom
[b3360117-9cf9-42f0-a9a0-ee168c1fa7ca/build]   | [INFO] Downloaded from central: https://repo.maven.apache.org/maven2/com/google/guava/guava-parent/16.0.1/guava-parent-16.0.1.pom (7.3 kB at 1.2 MB/s)
[b3360117-9cf9-42f0-a9a0-ee168c1fa7ca/build]   | [INFO] Downloading from central: https://repo.maven.apache.org/maven2/org/sonatype/oss/oss-parent/7/oss-parent-7.pom
[b3360117-9cf9-42f0-a9a0-ee168c1fa7ca/build]   | [INFO] Downloaded from central: https://repo.maven.apache.org/maven2/org/sonatype/oss/oss-parent/7/oss-parent-7.pom (4.8 kB at 804 kB/s)
[b3360117-9cf9-42f0-a9a0-ee168c1fa7ca/build]   | [INFO] Downloading from central: https://repo.maven.apache.org/maven2/commons-io/commons-io/2.11.0/commons-io-2.11.0.pom
[b3360117-9cf9-42f0-a9a0-ee168c1fa7ca/build]   | [INFO] Downloaded from central: https://repo.maven.apache.org/maven2/commons-io/commons-io/2.11.0/commons-io-2.11.0.pom (20 kB at 3.3 MB/s)
[b3360117-9cf9-42f0-a9a0-ee168c1fa7ca/build]   | [INFO] Downloading from central: https://repo.maven.apache.org/maven2/org/apache/commons/commons-parent/52/commons-parent-52.pom
[b3360117-9cf9-42f0-a9a0-ee168c1fa7ca/build]   | [INFO] Downloaded from central: https://repo.maven.apache.org/maven2/org/apache/commons/commons-parent/52/commons-parent-52.pom (79 kB at 13 MB/s)
[b3360117-9cf9-42f0-a9a0-ee168c1fa7ca/build]   | [INFO] Downloading from central: https://repo.maven.apache.org/maven2/org/junit/junit-bom/5.7.2/junit-bom-5.7.2.pom
[b3360117-9cf9-42f0-a9a0-ee168c1fa7ca/build]   | [INFO] Downloaded from central: https://repo.maven.apache.org/maven2/org/junit/junit-bom/5.7.2/junit-bom-5.7.2.pom (5.1 kB at 850 kB/s)
[b3360117-9cf9-42f0-a9a0-ee168c1fa7ca/build]   | [INFO] Downloading from central: https://repo.maven.apache.org/maven2/org/apache/maven/surefire/surefire-api/3.0.0-M7/surefire-api-3.0.0-M7.jar
[b3360117-9cf9-42f0-a9a0-ee168c1fa7ca/build]   | [INFO] Downloading from central: https://repo.maven.apache.org/maven2/org/apache/maven/surefire/surefire-logger-api/3.0.0-M7/surefire-logger-api-3.0.0-M7.jar
[b3360117-9cf9-42f0-a9a0-ee168c1fa7ca/build]   | [INFO] Downloading from central: https://repo.maven.apache.org/maven2/org/apache/maven/surefire/maven-surefire-common/3.0.0-M7/maven-surefire-common-3.0.0-M7.jar
[b3360117-9cf9-42f0-a9a0-ee168c1fa7ca/build]   | [INFO] Downloading from central: https://repo.maven.apache.org/maven2/org/apache/maven/surefire/surefire-extensions-api/3.0.0-M7/surefire-extensions-api-3.0.0-M7.jar
[b3360117-9cf9-42f0-a9a0-ee168c1fa7ca/build]   | [INFO] Downloading from central: https://repo.maven.apache.org/maven2/org/apache/maven/surefire/surefire-booter/3.0.0-M7/surefire-booter-3.0.0-M7.jar
[b3360117-9cf9-42f0-a9a0-ee168c1fa7ca/build]   | [INFO] Downloaded from central: https://repo.maven.apache.org/maven2/org/apache/maven/surefire/surefire-extensions-api/3.0.0-M7/surefire-extensions-api-3.0.0-M7.jar (25 kB at 2.0 MB/s)
[b3360117-9cf9-42f0-a9a0-ee168c1fa7ca/build]   | [INFO] Downloading from central: https://repo.maven.apache.org/maven2/org/apache/maven/surefire/surefire-extensions-spi/3.0.0-M7/surefire-extensions-spi-3.0.0-M7.jar
[b3360117-9cf9-42f0-a9a0-ee168c1fa7ca/build]   | [INFO] Downloaded from central: https://repo.maven.apache.org/maven2/org/apache/maven/surefire/surefire-logger-api/3.0.0-M7/surefire-logger-api-3.0.0-M7.jar (14 kB at 1.0 MB/s)
[b3360117-9cf9-42f0-a9a0-ee168c1fa7ca/build]   | [INFO] Downloading from central: https://repo.maven.apache.org/maven2/org/apache/maven/shared/maven-common-artifact-filters/3.1.1/maven-common-artifact-filters-3.1.1.jar
[b3360117-9cf9-42f0-a9a0-ee168c1fa7ca/build]   | [INFO] Downloaded from central: https://repo.maven.apache.org/maven2/org/apache/maven/shared/maven-common-artifact-filters/3.1.1/maven-common-artifact-filters-3.1.1.jar (61 kB at 3.8 MB/s)
[b3360117-9cf9-42f0-a9a0-ee168c1fa7ca/build]   | [INFO] Downloading from central: https://repo.maven.apache.org/maven2/commons-io/commons-io/2.11.0/commons-io-2.11.0.jar
[b3360117-9cf9-42f0-a9a0-ee168c1fa7ca/build]   | [INFO] Downloaded from central: https://repo.maven.apache.org/maven2/org/apache/maven/surefire/surefire-extensions-spi/3.0.0-M7/surefire-extensions-spi-3.0.0-M7.jar (8.1 kB at 474 kB/s)
[b3360117-9cf9-42f0-a9a0-ee168c1fa7ca/build]   | [INFO] Downloaded from central: https://repo.maven.apache.org/maven2/org/apache/maven/surefire/surefire-booter/3.0.0-M7/surefire-booter-3.0.0-M7.jar (117 kB at 5.6 MB/s)
[b3360117-9cf9-42f0-a9a0-ee168c1fa7ca/build]   | [INFO] Downloading from central: https://repo.maven.apache.org/maven2/org/apache/maven/surefire/surefire-shared-utils/3.0.0-M7/surefire-shared-utils-3.0.0-M7.jar
[b3360117-9cf9-42f0-a9a0-ee168c1fa7ca/build]   | [INFO] Downloaded from central: https://repo.maven.apache.org/maven2/org/apache/maven/surefire/maven-surefire-common/3.0.0-M7/maven-surefire-common-3.0.0-M7.jar (305 kB at 9.2 MB/s)
[b3360117-9cf9-42f0-a9a0-ee168c1fa7ca/build]   | [INFO] Downloaded from central: https://repo.maven.apache.org/maven2/org/apache/maven/surefire/surefire-api/3.0.0-M7/surefire-api-3.0.0-M7.jar (169 kB at 5.4 MB/s)
[b3360117-9cf9-42f0-a9a0-ee168c1fa7ca/build]   | [INFO] Downloaded from central: https://repo.maven.apache.org/maven2/commons-io/commons-io/2.11.0/commons-io-2.11.0.jar (327 kB at 12 MB/s)
[b3360117-9cf9-42f0-a9a0-ee168c1fa7ca/build]   | [INFO] Downloaded from central: https://repo.maven.apache.org/maven2/org/apache/maven/surefire/surefire-shared-utils/3.0.0-M7/surefire-shared-utils-3.0.0-M7.jar (2.1 MB at 28 MB/s)
[b3360117-9cf9-42f0-a9a0-ee168c1fa7ca/build]   | [INFO] Using auto detected provider org.apache.maven.surefire.junitplatform.JUnitPlatformProvider
[b3360117-9cf9-42f0-a9a0-ee168c1fa7ca/build]   | [INFO] Downloading from central: https://repo.maven.apache.org/maven2/org/apache/maven/surefire/surefire-junit-platform/3.0.0-M7/surefire-junit-platform-3.0.0-M7.jar
[b3360117-9cf9-42f0-a9a0-ee168c1fa7ca/build]   | [INFO] Downloaded from central: https://repo.maven.apache.org/maven2/org/apache/maven/surefire/surefire-junit-platform/3.0.0-M7/surefire-junit-platform-3.0.0-M7.jar (26 kB at 1.2 MB/s)
[b3360117-9cf9-42f0-a9a0-ee168c1fa7ca/build]   | [INFO] Downloading from central: https://repo.maven.apache.org/maven2/org/apache/maven/surefire/surefire-junit-platform/3.0.0-M7/surefire-junit-platform-3.0.0-M7.pom
[b3360117-9cf9-42f0-a9a0-ee168c1fa7ca/build]   | [INFO] Downloaded from central: https://repo.maven.apache.org/maven2/org/apache/maven/surefire/surefire-junit-platform/3.0.0-M7/surefire-junit-platform-3.0.0-M7.pom (5.3 kB at 407 kB/s)
[b3360117-9cf9-42f0-a9a0-ee168c1fa7ca/build]   | [INFO] Downloading from central: https://repo.maven.apache.org/maven2/org/apache/maven/surefire/surefire-providers/3.0.0-M7/surefire-providers-3.0.0-M7.pom
[b3360117-9cf9-42f0-a9a0-ee168c1fa7ca/build]   | [INFO] Downloaded from central: https://repo.maven.apache.org/maven2/org/apache/maven/surefire/surefire-providers/3.0.0-M7/surefire-providers-3.0.0-M7.pom (2.5 kB at 98 kB/s)
[b3360117-9cf9-42f0-a9a0-ee168c1fa7ca/build]   | [INFO] Downloading from central: https://repo.maven.apache.org/maven2/org/apache/maven/surefire/common-java5/3.0.0-M7/common-java5-3.0.0-M7.pom
[b3360117-9cf9-42f0-a9a0-ee168c1fa7ca/build]   | [INFO] Downloaded from central: https://repo.maven.apache.org/maven2/org/apache/maven/surefire/common-java5/3.0.0-M7/common-java5-3.0.0-M7.pom (2.7 kB at 112 kB/s)
[b3360117-9cf9-42f0-a9a0-ee168c1fa7ca/build]   | [INFO] Downloading from central: https://repo.maven.apache.org/maven2/org/junit/platform/junit-platform-launcher/1.3.2/junit-platform-launcher-1.3.2.pom
[b3360117-9cf9-42f0-a9a0-ee168c1fa7ca/build]   | [INFO] Downloaded from central: https://repo.maven.apache.org/maven2/org/junit/platform/junit-platform-launcher/1.3.2/junit-platform-launcher-1.3.2.pom (2.2 kB at 96 kB/s)
[b3360117-9cf9-42f0-a9a0-ee168c1fa7ca/build]   | [INFO] Downloading from central: https://repo.maven.apache.org/maven2/org/apiguardian/apiguardian-api/1.0.0/apiguardian-api-1.0.0.pom
[b3360117-9cf9-42f0-a9a0-ee168c1fa7ca/build]   | [INFO] Downloaded from central: https://repo.maven.apache.org/maven2/org/apiguardian/apiguardian-api/1.0.0/apiguardian-api-1.0.0.pom (1.2 kB at 39 kB/s)
[b3360117-9cf9-42f0-a9a0-ee168c1fa7ca/build]   | [INFO] Downloading from central: https://repo.maven.apache.org/maven2/org/junit/platform/junit-platform-engine/1.3.2/junit-platform-engine-1.3.2.pom
[b3360117-9cf9-42f0-a9a0-ee168c1fa7ca/build]   | [INFO] Downloaded from central: https://repo.maven.apache.org/maven2/org/junit/platform/junit-platform-engine/1.3.2/junit-platform-engine-1.3.2.pom (2.4 kB at 342 kB/s)
[b3360117-9cf9-42f0-a9a0-ee168c1fa7ca/build]   | [INFO] Downloading from central: https://repo.maven.apache.org/maven2/org/junit/platform/junit-platform-commons/1.3.2/junit-platform-commons-1.3.2.pom
[b3360117-9cf9-42f0-a9a0-ee168c1fa7ca/build]   | [INFO] Downloaded from central: https://repo.maven.apache.org/maven2/org/junit/platform/junit-platform-commons/1.3.2/junit-platform-commons-1.3.2.pom (2.0 kB at 112 kB/s)
[b3360117-9cf9-42f0-a9a0-ee168c1fa7ca/build]   | [INFO] Downloading from central: https://repo.maven.apache.org/maven2/org/opentest4j/opentest4j/1.1.1/opentest4j-1.1.1.pom
[b3360117-9cf9-42f0-a9a0-ee168c1fa7ca/build]   | [INFO] Downloaded from central: https://repo.maven.apache.org/maven2/org/opentest4j/opentest4j/1.1.1/opentest4j-1.1.1.pom (1.7 kB at 187 kB/s)
[b3360117-9cf9-42f0-a9a0-ee168c1fa7ca/build]   | [INFO] Downloading from central: https://repo.maven.apache.org/maven2/org/junit/jupiter/junit-jupiter-engine/5.3.2/junit-jupiter-engine-5.3.2.pom
[b3360117-9cf9-42f0-a9a0-ee168c1fa7ca/build]   | [INFO] Downloaded from central: https://repo.maven.apache.org/maven2/org/junit/jupiter/junit-jupiter-engine/5.3.2/junit-jupiter-engine-5.3.2.pom (2.4 kB at 96 kB/s)
[b3360117-9cf9-42f0-a9a0-ee168c1fa7ca/build]   | [INFO] Downloading from central: https://repo.maven.apache.org/maven2/org/junit/jupiter/junit-jupiter-api/5.3.2/junit-jupiter-api-5.3.2.pom
[b3360117-9cf9-42f0-a9a0-ee168c1fa7ca/build]   | [INFO] Downloaded from central: https://repo.maven.apache.org/maven2/org/junit/jupiter/junit-jupiter-api/5.3.2/junit-jupiter-api-5.3.2.pom (2.4 kB at 183 kB/s)
[b3360117-9cf9-42f0-a9a0-ee168c1fa7ca/build]   | [INFO] Downloading from central: https://repo.maven.apache.org/maven2/org/junit/jupiter/junit-jupiter-params/5.3.2/junit-jupiter-params-5.3.2.pom
[b3360117-9cf9-42f0-a9a0-ee168c1fa7ca/build]   | [INFO] Downloaded from central: https://repo.maven.apache.org/maven2/org/junit/jupiter/junit-jupiter-params/5.3.2/junit-jupiter-params-5.3.2.pom (2.2 kB at 245 kB/s)
[b3360117-9cf9-42f0-a9a0-ee168c1fa7ca/build]   | [INFO] Downloading from central: https://repo.maven.apache.org/maven2/org/mockito/mockito-core/2.28.2/mockito-core-2.28.2.pom
[b3360117-9cf9-42f0-a9a0-ee168c1fa7ca/build]   | [INFO] Downloaded from central: https://repo.maven.apache.org/maven2/org/mockito/mockito-core/2.28.2/mockito-core-2.28.2.pom (20 kB at 648 kB/s)
[b3360117-9cf9-42f0-a9a0-ee168c1fa7ca/build]   | [INFO] Downloading from central: https://repo.maven.apache.org/maven2/net/bytebuddy/byte-buddy/1.9.10/byte-buddy-1.9.10.pom
[b3360117-9cf9-42f0-a9a0-ee168c1fa7ca/build]   | [INFO] Downloaded from central: https://repo.maven.apache.org/maven2/net/bytebuddy/byte-buddy/1.9.10/byte-buddy-1.9.10.pom (10 kB at 469 kB/s)
[b3360117-9cf9-42f0-a9a0-ee168c1fa7ca/build]   | [INFO] Downloading from central: https://repo.maven.apache.org/maven2/net/bytebuddy/byte-buddy-parent/1.9.10/byte-buddy-parent-1.9.10.pom
[b3360117-9cf9-42f0-a9a0-ee168c1fa7ca/build]   | [INFO] Downloaded from central: https://repo.maven.apache.org/maven2/net/bytebuddy/byte-buddy-parent/1.9.10/byte-buddy-parent-1.9.10.pom (36 kB at 3.6 MB/s)
[b3360117-9cf9-42f0-a9a0-ee168c1fa7ca/build]   | [INFO] Downloading from central: https://repo.maven.apache.org/maven2/net/bytebuddy/byte-buddy-agent/1.9.10/byte-buddy-agent-1.9.10.pom
[b3360117-9cf9-42f0-a9a0-ee168c1fa7ca/build]   | [INFO] Downloaded from central: https://repo.maven.apache.org/maven2/net/bytebuddy/byte-buddy-agent/1.9.10/byte-buddy-agent-1.9.10.pom (6.0 kB at 355 kB/s)
[b3360117-9cf9-42f0-a9a0-ee168c1fa7ca/build]   | [INFO] Downloading from central: https://repo.maven.apache.org/maven2/org/objenesis/objenesis/2.6/objenesis-2.6.pom
[b3360117-9cf9-42f0-a9a0-ee168c1fa7ca/build]   | [INFO] Downloaded from central: https://repo.maven.apache.org/maven2/org/objenesis/objenesis/2.6/objenesis-2.6.pom (2.8 kB at 121 kB/s)
[b3360117-9cf9-42f0-a9a0-ee168c1fa7ca/build]   | [INFO] Downloading from central: https://repo.maven.apache.org/maven2/org/objenesis/objenesis-parent/2.6/objenesis-parent-2.6.pom
[b3360117-9cf9-42f0-a9a0-ee168c1fa7ca/build]   | [INFO] Downloaded from central: https://repo.maven.apache.org/maven2/org/objenesis/objenesis-parent/2.6/objenesis-parent-2.6.pom (17 kB at 1.8 MB/s)
[b3360117-9cf9-42f0-a9a0-ee168c1fa7ca/build]   | [INFO] Downloading from central: https://repo.maven.apache.org/maven2/org/powermock/powermock-reflect/2.0.9/powermock-reflect-2.0.9.pom
[b3360117-9cf9-42f0-a9a0-ee168c1fa7ca/build]   | [INFO] Downloaded from central: https://repo.maven.apache.org/maven2/org/powermock/powermock-reflect/2.0.9/powermock-reflect-2.0.9.pom (7.9 kB at 225 kB/s)
[b3360117-9cf9-42f0-a9a0-ee168c1fa7ca/build]   | [INFO] Downloading from central: https://repo.maven.apache.org/maven2/net/bytebuddy/byte-buddy/1.10.14/byte-buddy-1.10.14.pom
[b3360117-9cf9-42f0-a9a0-ee168c1fa7ca/build]   | [INFO] Downloaded from central: https://repo.maven.apache.org/maven2/net/bytebuddy/byte-buddy/1.10.14/byte-buddy-1.10.14.pom (11 kB at 690 kB/s)
[b3360117-9cf9-42f0-a9a0-ee168c1fa7ca/build]   | [INFO] Downloading from central: https://repo.maven.apache.org/maven2/net/bytebuddy/byte-buddy-parent/1.10.14/byte-buddy-parent-1.10.14.pom
[b3360117-9cf9-42f0-a9a0-ee168c1fa7ca/build]   | [INFO] Downloaded from central: https://repo.maven.apache.org/maven2/net/bytebuddy/byte-buddy-parent/1.10.14/byte-buddy-parent-1.10.14.pom (41 kB at 2.0 MB/s)
[b3360117-9cf9-42f0-a9a0-ee168c1fa7ca/build]   | [INFO] Downloading from central: https://repo.maven.apache.org/maven2/net/bytebuddy/byte-buddy-agent/1.10.14/byte-buddy-agent-1.10.14.pom
[b3360117-9cf9-42f0-a9a0-ee168c1fa7ca/build]   | [INFO] Downloaded from central: https://repo.maven.apache.org/maven2/net/bytebuddy/byte-buddy-agent/1.10.14/byte-buddy-agent-1.10.14.pom (9.6 kB at 233 kB/s)
[b3360117-9cf9-42f0-a9a0-ee168c1fa7ca/build]   | [INFO] Downloading from central: https://repo.maven.apache.org/maven2/junit/junit/4.13.2/junit-4.13.2.pom
[b3360117-9cf9-42f0-a9a0-ee168c1fa7ca/build]   | [INFO] Downloaded from central: https://repo.maven.apache.org/maven2/junit/junit/4.13.2/junit-4.13.2.pom (27 kB at 5.4 MB/s)
[b3360117-9cf9-42f0-a9a0-ee168c1fa7ca/build]   | [INFO] Downloading from central: https://repo.maven.apache.org/maven2/org/hamcrest/hamcrest-library/1.3/hamcrest-library-1.3.pom
[b3360117-9cf9-42f0-a9a0-ee168c1fa7ca/build]   | [INFO] Downloaded from central: https://repo.maven.apache.org/maven2/org/hamcrest/hamcrest-library/1.3/hamcrest-library-1.3.pom (820 B at 55 kB/s)
[b3360117-9cf9-42f0-a9a0-ee168c1fa7ca/build]   | [INFO] Downloading from central: https://repo.maven.apache.org/maven2/org/hamcrest/hamcrest-parent/1.3/hamcrest-parent-1.3.pom
[b3360117-9cf9-42f0-a9a0-ee168c1fa7ca/build]   | [INFO] Downloaded from central: https://repo.maven.apache.org/maven2/org/hamcrest/hamcrest-parent/1.3/hamcrest-parent-1.3.pom (2.0 kB at 282 kB/s)
[b3360117-9cf9-42f0-a9a0-ee168c1fa7ca/build]   | [INFO] Downloading from central: https://repo.maven.apache.org/maven2/org/hamcrest/hamcrest-core/1.3/hamcrest-core-1.3.pom
[b3360117-9cf9-42f0-a9a0-ee168c1fa7ca/build]   | [INFO] Downloaded from central: https://repo.maven.apache.org/maven2/org/hamcrest/hamcrest-core/1.3/hamcrest-core-1.3.pom (766 B at 77 kB/s)
[b3360117-9cf9-42f0-a9a0-ee168c1fa7ca/build]   | [INFO] Downloading from central: https://repo.maven.apache.org/maven2/org/assertj/assertj-core/3.22.0/assertj-core-3.22.0.pom
[b3360117-9cf9-42f0-a9a0-ee168c1fa7ca/build]   | [INFO] Downloaded from central: https://repo.maven.apache.org/maven2/org/assertj/assertj-core/3.22.0/assertj-core-3.22.0.pom (31 kB at 2.6 MB/s)
[b3360117-9cf9-42f0-a9a0-ee168c1fa7ca/build]   | [INFO] Downloading from central: https://repo.maven.apache.org/maven2/org/assertj/assertj-parent-pom/2.2.14/assertj-parent-pom-2.2.14.pom
[b3360117-9cf9-42f0-a9a0-ee168c1fa7ca/build]   | [INFO] Downloaded from central: https://repo.maven.apache.org/maven2/org/assertj/assertj-parent-pom/2.2.14/assertj-parent-pom-2.2.14.pom (25 kB at 2.2 MB/s)
[b3360117-9cf9-42f0-a9a0-ee168c1fa7ca/build]   | [INFO] Downloading from central: https://repo.maven.apache.org/maven2/org/junit/junit-bom/5.8.0/junit-bom-5.8.0.pom
[b3360117-9cf9-42f0-a9a0-ee168c1fa7ca/build]   | [INFO] Downloaded from central: https://repo.maven.apache.org/maven2/org/junit/junit-bom/5.8.0/junit-bom-5.8.0.pom (5.6 kB at 563 kB/s)
[b3360117-9cf9-42f0-a9a0-ee168c1fa7ca/build]   | [INFO] Downloading from central: https://repo.maven.apache.org/maven2/org/apache/maven/surefire/common-java5/3.0.0-M7/common-java5-3.0.0-M7.jar
[b3360117-9cf9-42f0-a9a0-ee168c1fa7ca/build]   | [INFO] Downloading from central: https://repo.maven.apache.org/maven2/org/junit/platform/junit-platform-launcher/1.3.2/junit-platform-launcher-1.3.2.jar
[b3360117-9cf9-42f0-a9a0-ee168c1fa7ca/build]   | [INFO] Downloading from central: https://repo.maven.apache.org/maven2/org/junit/platform/junit-platform-engine/1.3.2/junit-platform-engine-1.3.2.jar
[b3360117-9cf9-42f0-a9a0-ee168c1fa7ca/build]   | [INFO] Downloading from central: https://repo.maven.apache.org/maven2/org/junit/platform/junit-platform-commons/1.3.2/junit-platform-commons-1.3.2.jar
[b3360117-9cf9-42f0-a9a0-ee168c1fa7ca/build]   | [INFO] Downloaded from central: https://repo.maven.apache.org/maven2/org/junit/platform/junit-platform-launcher/1.3.2/junit-platform-launcher-1.3.2.jar (95 kB at 11 MB/s)
[b3360117-9cf9-42f0-a9a0-ee168c1fa7ca/build]   | [INFO] Downloading from central: https://repo.maven.apache.org/maven2/org/apiguardian/apiguardian-api/1.0.0/apiguardian-api-1.0.0.jar
[b3360117-9cf9-42f0-a9a0-ee168c1fa7ca/build]   | [INFO] Downloaded from central: https://repo.maven.apache.org/maven2/org/apache/maven/surefire/common-java5/3.0.0-M7/common-java5-3.0.0-M7.jar (17 kB at 1.7 MB/s)
[b3360117-9cf9-42f0-a9a0-ee168c1fa7ca/build]   | [INFO] Downloaded from central: https://repo.maven.apache.org/maven2/org/junit/platform/junit-platform-commons/1.3.2/junit-platform-commons-1.3.2.jar (78 kB at 9.7 MB/s)
[b3360117-9cf9-42f0-a9a0-ee168c1fa7ca/build]   | [INFO] Downloading from central: https://repo.maven.apache.org/maven2/org/opentest4j/opentest4j/1.1.1/opentest4j-1.1.1.jar
[b3360117-9cf9-42f0-a9a0-ee168c1fa7ca/build]   | [INFO] Downloaded from central: https://repo.maven.apache.org/maven2/org/junit/platform/junit-platform-engine/1.3.2/junit-platform-engine-1.3.2.jar (138 kB at 5.3 MB/s)
[b3360117-9cf9-42f0-a9a0-ee168c1fa7ca/build]   | [INFO] Downloaded from central: https://repo.maven.apache.org/maven2/org/opentest4j/opentest4j/1.1.1/opentest4j-1.1.1.jar (7.1 kB at 419 kB/s)
[b3360117-9cf9-42f0-a9a0-ee168c1fa7ca/build]   | [INFO] Downloaded from central: https://repo.maven.apache.org/maven2/org/apiguardian/apiguardian-api/1.0.0/apiguardian-api-1.0.0.jar (2.2 kB at 94 kB/s)
[b3360117-9cf9-42f0-a9a0-ee168c1fa7ca/build]   | [INFO] Downloading from central: https://repo.maven.apache.org/maven2/org/junit/platform/junit-platform-launcher/1.9.2/junit-platform-launcher-1.9.2.jar
[b3360117-9cf9-42f0-a9a0-ee168c1fa7ca/build]   | [INFO] Downloaded from central: https://repo.maven.apache.org/maven2/org/junit/platform/junit-platform-launcher/1.9.2/junit-platform-launcher-1.9.2.jar (169 kB at 10.0 MB/s)
[b3360117-9cf9-42f0-a9a0-ee168c1fa7ca/build]   | [INFO] Downloading from central: https://repo.maven.apache.org/maven2/org/junit/platform/junit-platform-launcher/1.9.2/junit-platform-launcher-1.9.2.pom
[b3360117-9cf9-42f0-a9a0-ee168c1fa7ca/build]   | [INFO] Downloaded from central: https://repo.maven.apache.org/maven2/org/junit/platform/junit-platform-launcher/1.9.2/junit-platform-launcher-1.9.2.pom (3.0 kB at 504 kB/s)
[b3360117-9cf9-42f0-a9a0-ee168c1fa7ca/build]   | [INFO] 
[b3360117-9cf9-42f0-a9a0-ee168c1fa7ca/build]   | [INFO] -------------------------------------------------------
[b3360117-9cf9-42f0-a9a0-ee168c1fa7ca/build]   | [INFO]  T E S T S
[b3360117-9cf9-42f0-a9a0-ee168c1fa7ca/build]   | [INFO] -------------------------------------------------------
[b3360117-9cf9-42f0-a9a0-ee168c1fa7ca/build]   | [INFO] Running net.e175.klaus.solarpositioning.SPATest
[b3360117-9cf9-42f0-a9a0-ee168c1fa7ca/build]   | [INFO] Tests run: 516, Failures: 0, Errors: 0, Skipped: 0, Time elapsed: 1.361 s - in net.e175.klaus.solarpositioning.SPATest
[b3360117-9cf9-42f0-a9a0-ee168c1fa7ca/build]   | [INFO] Running net.e175.klaus.solarpositioning.JulianDateTest
[b3360117-9cf9-42f0-a9a0-ee168c1fa7ca/build]   | [INFO] Tests run: 8, Failures: 0, Errors: 0, Skipped: 0, Time elapsed: 0.02 s - in net.e175.klaus.solarpositioning.JulianDateTest
[b3360117-9cf9-42f0-a9a0-ee168c1fa7ca/build]   | [INFO] Running net.e175.klaus.solarpositioning.Grena3Test
[b3360117-9cf9-42f0-a9a0-ee168c1fa7ca/build]   | [WARNING] Tests run: 517, Failures: 0, Errors: 0, Skipped: 256, Time elapsed: 0.656 s - in net.e175.klaus.solarpositioning.Grena3Test
[b3360117-9cf9-42f0-a9a0-ee168c1fa7ca/build]   | [INFO] Running net.e175.klaus.solarpositioning.SPASunriseTransitSetTest
[b3360117-9cf9-42f0-a9a0-ee168c1fa7ca/build]   | [INFO] Tests run: 353, Failures: 0, Errors: 0, Skipped: 0, Time elapsed: 0.356 s - in net.e175.klaus.solarpositioning.SPASunriseTransitSetTest
[b3360117-9cf9-42f0-a9a0-ee168c1fa7ca/build]   | [INFO] Running net.e175.klaus.solarpositioning.DeltaTTest
[b3360117-9cf9-42f0-a9a0-ee168c1fa7ca/build]   | [INFO] Tests run: 2, Failures: 0, Errors: 0, Skipped: 0, Time elapsed: 0.001 s - in net.e175.klaus.solarpositioning.DeltaTTest
[b3360117-9cf9-42f0-a9a0-ee168c1fa7ca/build]   | [INFO] 
[b3360117-9cf9-42f0-a9a0-ee168c1fa7ca/build]   | [INFO] Results:
[b3360117-9cf9-42f0-a9a0-ee168c1fa7ca/build]   | [INFO] 
[b3360117-9cf9-42f0-a9a0-ee168c1fa7ca/build]   | [WARNING] Tests run: 1396, Failures: 0, Errors: 0, Skipped: 256
[b3360117-9cf9-42f0-a9a0-ee168c1fa7ca/build]   | [INFO] 
[b3360117-9cf9-42f0-a9a0-ee168c1fa7ca/build]   | [INFO] 
[b3360117-9cf9-42f0-a9a0-ee168c1fa7ca/build]   | [INFO] --- maven-jar-plugin:2.4:jar (default-jar) @ solarpositioning ---
[b3360117-9cf9-42f0-a9a0-ee168c1fa7ca/build]   | [INFO] Downloading from central: https://repo.maven.apache.org/maven2/org/apache/maven/maven-archiver/2.5/maven-archiver-2.5.pom
[b3360117-9cf9-42f0-a9a0-ee168c1fa7ca/build]   | [INFO] Downloaded from central: https://repo.maven.apache.org/maven2/org/apache/maven/maven-archiver/2.5/maven-archiver-2.5.pom (4.5 kB at 648 kB/s)
[b3360117-9cf9-42f0-a9a0-ee168c1fa7ca/build]   | [INFO] Downloading from central: https://repo.maven.apache.org/maven2/org/codehaus/plexus/plexus-archiver/2.1/plexus-archiver-2.1.pom
[b3360117-9cf9-42f0-a9a0-ee168c1fa7ca/build]   | [INFO] Downloaded from central: https://repo.maven.apache.org/maven2/org/codehaus/plexus/plexus-archiver/2.1/plexus-archiver-2.1.pom (2.8 kB at 351 kB/s)
[b3360117-9cf9-42f0-a9a0-ee168c1fa7ca/build]   | [INFO] Downloading from central: https://repo.maven.apache.org/maven2/org/codehaus/plexus/plexus-utils/3.0/plexus-utils-3.0.pom
[b3360117-9cf9-42f0-a9a0-ee168c1fa7ca/build]   | [INFO] Downloaded from central: https://repo.maven.apache.org/maven2/org/codehaus/plexus/plexus-utils/3.0/plexus-utils-3.0.pom (4.1 kB at 678 kB/s)
[b3360117-9cf9-42f0-a9a0-ee168c1fa7ca/build]   | [INFO] Downloading from central: https://repo.maven.apache.org/maven2/org/sonatype/spice/spice-parent/16/spice-parent-16.pom
[b3360117-9cf9-42f0-a9a0-ee168c1fa7ca/build]   | [INFO] Downloaded from central: https://repo.maven.apache.org/maven2/org/sonatype/spice/spice-parent/16/spice-parent-16.pom (8.4 kB at 1.7 MB/s)
[b3360117-9cf9-42f0-a9a0-ee168c1fa7ca/build]   | [INFO] Downloading from central: https://repo.maven.apache.org/maven2/org/sonatype/forge/forge-parent/5/forge-parent-5.pom
[b3360117-9cf9-42f0-a9a0-ee168c1fa7ca/build]   | [INFO] Downloaded from central: https://repo.maven.apache.org/maven2/org/sonatype/forge/forge-parent/5/forge-parent-5.pom (8.4 kB at 1.7 MB/s)
[b3360117-9cf9-42f0-a9a0-ee168c1fa7ca/build]   | [INFO] Downloading from central: https://repo.maven.apache.org/maven2/org/codehaus/plexus/plexus-io/2.0.2/plexus-io-2.0.2.pom
[b3360117-9cf9-42f0-a9a0-ee168c1fa7ca/build]   | [INFO] Downloaded from central: https://repo.maven.apache.org/maven2/org/codehaus/plexus/plexus-io/2.0.2/plexus-io-2.0.2.pom (1.7 kB at 347 kB/s)
[b3360117-9cf9-42f0-a9a0-ee168c1fa7ca/build]   | [INFO] Downloading from central: https://repo.maven.apache.org/maven2/org/codehaus/plexus/plexus-components/1.1.19/plexus-components-1.1.19.pom
[b3360117-9cf9-42f0-a9a0-ee168c1fa7ca/build]   | [INFO] Downloaded from central: https://repo.maven.apache.org/maven2/org/codehaus/plexus/plexus-components/1.1.19/plexus-components-1.1.19.pom (2.7 kB at 674 kB/s)
[b3360117-9cf9-42f0-a9a0-ee168c1fa7ca/build]   | [INFO] Downloading from central: https://repo.maven.apache.org/maven2/org/codehaus/plexus/plexus/3.0.1/plexus-3.0.1.pom
[b3360117-9cf9-42f0-a9a0-ee168c1fa7ca/build]   | [INFO] Downloaded from central: https://repo.maven.apache.org/maven2/org/codehaus/plexus/plexus/3.0.1/plexus-3.0.1.pom (19 kB at 3.7 MB/s)
[b3360117-9cf9-42f0-a9a0-ee168c1fa7ca/build]   | [INFO] Downloading from central: https://repo.maven.apache.org/maven2/org/codehaus/plexus/plexus-interpolation/1.15/plexus-interpolation-1.15.pom
[b3360117-9cf9-42f0-a9a0-ee168c1fa7ca/build]   | [INFO] Downloaded from central: https://repo.maven.apache.org/maven2/org/codehaus/plexus/plexus-interpolation/1.15/plexus-interpolation-1.15.pom (1.0 kB at 170 kB/s)
[b3360117-9cf9-42f0-a9a0-ee168c1fa7ca/build]   | [INFO] Downloading from central: https://repo.maven.apache.org/maven2/commons-lang/commons-lang/2.1/commons-lang-2.1.pom
[b3360117-9cf9-42f0-a9a0-ee168c1fa7ca/build]   | [INFO] Downloaded from central: https://repo.maven.apache.org/maven2/commons-lang/commons-lang/2.1/commons-lang-2.1.pom (9.9 kB at 1.4 MB/s)
[b3360117-9cf9-42f0-a9a0-ee168c1fa7ca/build]   | [INFO] Downloading from central: https://repo.maven.apache.org/maven2/classworlds/classworlds/1.1-alpha-2/classworlds-1.1-alpha-2.jar
[b3360117-9cf9-42f0-a9a0-ee168c1fa7ca/build]   | [INFO] Downloading from central: https://repo.maven.apache.org/maven2/org/codehaus/plexus/plexus-interpolation/1.15/plexus-interpolation-1.15.jar
[b3360117-9cf9-42f0-a9a0-ee168c1fa7ca/build]   | [INFO] Downloading from central: https://repo.maven.apache.org/maven2/org/apache/maven/maven-archiver/2.5/maven-archiver-2.5.jar
[b3360117-9cf9-42f0-a9a0-ee168c1fa7ca/build]   | [INFO] Downloading from central: https://repo.maven.apache.org/maven2/org/codehaus/plexus/plexus-io/2.0.2/plexus-io-2.0.2.jar
[b3360117-9cf9-42f0-a9a0-ee168c1fa7ca/build]   | [INFO] Downloading from central: https://repo.maven.apache.org/maven2/org/codehaus/plexus/plexus-archiver/2.1/plexus-archiver-2.1.jar
[b3360117-9cf9-42f0-a9a0-ee168c1fa7ca/build]   | [INFO] Downloaded from central: https://repo.maven.apache.org/maven2/org/codehaus/plexus/plexus-io/2.0.2/plexus-io-2.0.2.jar (58 kB at 4.5 MB/s)
[b3360117-9cf9-42f0-a9a0-ee168c1fa7ca/build]   | [INFO] Downloading from central: https://repo.maven.apache.org/maven2/commons-lang/commons-lang/2.1/commons-lang-2.1.jar
[b3360117-9cf9-42f0-a9a0-ee168c1fa7ca/build]   | [INFO] Downloaded from central: https://repo.maven.apache.org/maven2/classworlds/classworlds/1.1-alpha-2/classworlds-1.1-alpha-2.jar (38 kB at 2.2 MB/s)
[b3360117-9cf9-42f0-a9a0-ee168c1fa7ca/build]   | [INFO] Downloading from central: https://repo.maven.apache.org/maven2/org/codehaus/plexus/plexus-utils/3.0/plexus-utils-3.0.jar
[b3360117-9cf9-42f0-a9a0-ee168c1fa7ca/build]   | [INFO] Downloaded from central: https://repo.maven.apache.org/maven2/org/codehaus/plexus/plexus-interpolation/1.15/plexus-interpolation-1.15.jar (60 kB at 3.6 MB/s)
[b3360117-9cf9-42f0-a9a0-ee168c1fa7ca/build]   | [INFO] Downloaded from central: https://repo.maven.apache.org/maven2/org/codehaus/plexus/plexus-archiver/2.1/plexus-archiver-2.1.jar (184 kB at 9.7 MB/s)
[b3360117-9cf9-42f0-a9a0-ee168c1fa7ca/build]   | [INFO] Downloaded from central: https://repo.maven.apache.org/maven2/org/apache/maven/maven-archiver/2.5/maven-archiver-2.5.jar (22 kB at 808 kB/s)
[b3360117-9cf9-42f0-a9a0-ee168c1fa7ca/build]   | [INFO] Downloaded from central: https://repo.maven.apache.org/maven2/commons-lang/commons-lang/2.1/commons-lang-2.1.jar (208 kB at 7.2 MB/s)
[b3360117-9cf9-42f0-a9a0-ee168c1fa7ca/build]   | [INFO] Downloaded from central: https://repo.maven.apache.org/maven2/org/codehaus/plexus/plexus-utils/3.0/plexus-utils-3.0.jar (226 kB at 6.3 MB/s)
[b3360117-9cf9-42f0-a9a0-ee168c1fa7ca/build]   | [INFO] Building jar: /tmp/aea1d59d-a9f1-42e5-98a7-1f4cd03982b9/target/solarpositioning-0.1.6-SNAPSHOT.jar
[b3360117-9cf9-42f0-a9a0-ee168c1fa7ca/build]   | [INFO] ------------------------------------------------------------------------
[b3360117-9cf9-42f0-a9a0-ee168c1fa7ca/build]   | [INFO] BUILD SUCCESS
[b3360117-9cf9-42f0-a9a0-ee168c1fa7ca/build]   | [INFO] ------------------------------------------------------------------------
[b3360117-9cf9-42f0-a9a0-ee168c1fa7ca/build]   | [INFO] Total time:  13.425 s
[b3360117-9cf9-42f0-a9a0-ee168c1fa7ca/build]   | [INFO] Finished at: 2023-11-24T17:07:51Z
[b3360117-9cf9-42f0-a9a0-ee168c1fa7ca/build]   | [INFO] ------------------------------------------------------------------------
[b3360117-9cf9-42f0-a9a0-ee168c1fa7ca/build]   ‚úÖ  Success - Main Build with Maven
[b3360117-9cf9-42f0-a9a0-ee168c1fa7ca/build] unable to get git ref: failed to identify reference (tag/branch) for the checked-out revision '8faa18c7024a96c17bfa2d46f087045be7679dc4'
[b3360117-9cf9-42f0-a9a0-ee168c1fa7ca/build] unable to get git ref: failed to identify reference (tag/branch) for the checked-out revision '8faa18c7024a96c17bfa2d46f087045be7679dc4'
[b3360117-9cf9-42f0-a9a0-ee168c1fa7ca/build] unable to get git ref: failed to identify reference (tag/branch) for the checked-out revision '8faa18c7024a96c17bfa2d46f087045be7679dc4'
[b3360117-9cf9-42f0-a9a0-ee168c1fa7ca/build] unable to get git ref: failed to identify reference (tag/branch) for the checked-out revision '8faa18c7024a96c17bfa2d46f087045be7679dc4'
[b3360117-9cf9-42f0-a9a0-ee168c1fa7ca/build] unable to get git ref: failed to identify reference (tag/branch) for the checked-out revision '8faa18c7024a96c17bfa2d46f087045be7679dc4'
[b3360117-9cf9-42f0-a9a0-ee168c1fa7ca/build] ‚≠ê Run Post Set up JDK 17
[b3360117-9cf9-42f0-a9a0-ee168c1fa7ca/build]   üê≥  docker exec cmd=[node /var/run/act/actions/actions-setup-java@v3/dist/cleanup/index.js] user= workdir=
[b3360117-9cf9-42f0-a9a0-ee168c1fa7ca/build]   ‚úÖ  Success - Post Set up JDK 17
[b3360117-9cf9-42f0-a9a0-ee168c1fa7ca/build] üèÅ  Job succeeded
[b3360117-9cf9-42f0-a9a0-ee168c1fa7ca/build] unable to get git ref: failed to identify reference (tag/branch) for the checked-out revision '8faa18c7024a96c17bfa2d46f087045be7679dc4'
