[be4905fd-9f3f-4133-9099-829cabd18feb/build] 🚀  Start image=gitbugactions:latest
[be4905fd-9f3f-4133-9099-829cabd18feb/build]   🐳  docker pull image=gitbugactions:latest platform= username= forcePull=false
[be4905fd-9f3f-4133-9099-829cabd18feb/build]   🐳  docker create image=gitbugactions:latest platform= entrypoint=["tail" "-f" "/dev/null"] cmd=[]
[be4905fd-9f3f-4133-9099-829cabd18feb/build]   🐳  docker run image=gitbugactions:latest platform= entrypoint=["tail" "-f" "/dev/null"] cmd=[]
[be4905fd-9f3f-4133-9099-829cabd18feb/build]   🐳  docker exec cmd=[chown -R 1012:1013 /tmp/8bf41f7b-52e5-42af-98af-fa2f98d23087] user=0 workdir=
[be4905fd-9f3f-4133-9099-829cabd18feb/build] unable to get git ref: failed to identify reference (tag/branch) for the checked-out revision '4f1514980495c4daaae2eb060228a87e14cbae11'
[be4905fd-9f3f-4133-9099-829cabd18feb/build] unable to get git ref: failed to identify reference (tag/branch) for the checked-out revision '4f1514980495c4daaae2eb060228a87e14cbae11'
[be4905fd-9f3f-4133-9099-829cabd18feb/build] unable to get git ref: failed to identify reference (tag/branch) for the checked-out revision '4f1514980495c4daaae2eb060228a87e14cbae11'
[be4905fd-9f3f-4133-9099-829cabd18feb/build] unable to get git ref: failed to identify reference (tag/branch) for the checked-out revision '4f1514980495c4daaae2eb060228a87e14cbae11'
[be4905fd-9f3f-4133-9099-829cabd18feb/build] unable to get git ref: failed to identify reference (tag/branch) for the checked-out revision '4f1514980495c4daaae2eb060228a87e14cbae11'
[be4905fd-9f3f-4133-9099-829cabd18feb/build] unable to get git ref: failed to identify reference (tag/branch) for the checked-out revision '4f1514980495c4daaae2eb060228a87e14cbae11'
[be4905fd-9f3f-4133-9099-829cabd18feb/build] unable to get git ref: failed to identify reference (tag/branch) for the checked-out revision '4f1514980495c4daaae2eb060228a87e14cbae11'
[be4905fd-9f3f-4133-9099-829cabd18feb/build] unable to get git ref: failed to identify reference (tag/branch) for the checked-out revision '4f1514980495c4daaae2eb060228a87e14cbae11'
[be4905fd-9f3f-4133-9099-829cabd18feb/build] unable to get git ref: failed to identify reference (tag/branch) for the checked-out revision '4f1514980495c4daaae2eb060228a87e14cbae11'
[be4905fd-9f3f-4133-9099-829cabd18feb/build] ⭐ Run Main actions/checkout@v2
[be4905fd-9f3f-4133-9099-829cabd18feb/build] unable to get git ref: failed to identify reference (tag/branch) for the checked-out revision '4f1514980495c4daaae2eb060228a87e14cbae11'
[be4905fd-9f3f-4133-9099-829cabd18feb/build] unable to get git ref: failed to identify reference (tag/branch) for the checked-out revision '4f1514980495c4daaae2eb060228a87e14cbae11'
[be4905fd-9f3f-4133-9099-829cabd18feb/build]   🐳  docker cp src=/tmp/8bf41f7b-52e5-42af-98af-fa2f98d23087/. dst=/tmp/8bf41f7b-52e5-42af-98af-fa2f98d23087
[be4905fd-9f3f-4133-9099-829cabd18feb/build]   🐳  docker exec cmd=[chown -R 1012:1013 /tmp/8bf41f7b-52e5-42af-98af-fa2f98d23087] user=0 workdir=
[be4905fd-9f3f-4133-9099-829cabd18feb/build]   ✅  Success - Main actions/checkout@v2
[be4905fd-9f3f-4133-9099-829cabd18feb/build] unable to get git ref: failed to identify reference (tag/branch) for the checked-out revision '4f1514980495c4daaae2eb060228a87e14cbae11'
[be4905fd-9f3f-4133-9099-829cabd18feb/build] unable to get git ref: failed to identify reference (tag/branch) for the checked-out revision '4f1514980495c4daaae2eb060228a87e14cbae11'
[be4905fd-9f3f-4133-9099-829cabd18feb/build] unable to get git ref: failed to identify reference (tag/branch) for the checked-out revision '4f1514980495c4daaae2eb060228a87e14cbae11'
[be4905fd-9f3f-4133-9099-829cabd18feb/build] unable to get git ref: failed to identify reference (tag/branch) for the checked-out revision '4f1514980495c4daaae2eb060228a87e14cbae11'
[be4905fd-9f3f-4133-9099-829cabd18feb/build] unable to get git ref: failed to identify reference (tag/branch) for the checked-out revision '4f1514980495c4daaae2eb060228a87e14cbae11'
[be4905fd-9f3f-4133-9099-829cabd18feb/build] ⭐ Run Main Set up JDK 17
[be4905fd-9f3f-4133-9099-829cabd18feb/build] unable to get git ref: failed to identify reference (tag/branch) for the checked-out revision '4f1514980495c4daaae2eb060228a87e14cbae11'
[be4905fd-9f3f-4133-9099-829cabd18feb/build] unable to get git ref: failed to identify reference (tag/branch) for the checked-out revision '4f1514980495c4daaae2eb060228a87e14cbae11'
[be4905fd-9f3f-4133-9099-829cabd18feb/build] unable to get git ref: failed to identify reference (tag/branch) for the checked-out revision '4f1514980495c4daaae2eb060228a87e14cbae11'
[be4905fd-9f3f-4133-9099-829cabd18feb/build]   🐳  docker cp src=/tmp/act-cache/f5fca6e3-3e47-4a0e-a23a-7466f0d6fe5a/act/actions-setup-java@v2/ dst=/var/run/act/actions/actions-setup-java@v2/
[be4905fd-9f3f-4133-9099-829cabd18feb/build]   🐳  docker exec cmd=[chown -R 1012:1013 /var/run/act/actions/actions-setup-java@v2/] user=0 workdir=
[be4905fd-9f3f-4133-9099-829cabd18feb/build]   🐳  docker exec cmd=[node /var/run/act/actions/actions-setup-java@v2/dist/setup/index.js] user= workdir=
[be4905fd-9f3f-4133-9099-829cabd18feb/build]   | Trying to resolve the latest version from remote
[be4905fd-9f3f-4133-9099-829cabd18feb/build]   | Resolved latest version as 17.0.9+9
[be4905fd-9f3f-4133-9099-829cabd18feb/build]   | Trying to download...
[be4905fd-9f3f-4133-9099-829cabd18feb/build]   | Downloading Java 17.0.9+9 (Adopt-Hotspot) from https://github.com/adoptium/temurin17-binaries/releases/download/jdk-17.0.9%2B9/OpenJDK17U-jdk_x64_linux_hotspot_17.0.9_9.tar.gz ...
[be4905fd-9f3f-4133-9099-829cabd18feb/build]   💬  ::debug::Downloading https://github.com/adoptium/temurin17-binaries/releases/download/jdk-17.0.9%252B9/OpenJDK17U-jdk_x64_linux_hotspot_17.0.9_9.tar.gz
[be4905fd-9f3f-4133-9099-829cabd18feb/build]   💬  ::debug::Destination /tmp/ebeae240-4ce4-4ebd-862d-2231c1c00568
[be4905fd-9f3f-4133-9099-829cabd18feb/build]   💬  ::debug::download complete
[be4905fd-9f3f-4133-9099-829cabd18feb/build]   | Extracting Java archive...
[be4905fd-9f3f-4133-9099-829cabd18feb/build]   💬  ::debug::Checking tar --version
[be4905fd-9f3f-4133-9099-829cabd18feb/build]   💬  ::debug::tar (GNU tar) 1.34%0ACopyright (C) 2021 Free Software Foundation, Inc.%0ALicense GPLv3+: GNU GPL version 3 or later <https://gnu.org/licenses/gpl.html>.%0AThis is free software: you are free to change and redistribute it.%0AThere is NO WARRANTY, to the extent permitted by law.%0A%0AWritten by John Gilmore and Jay Fenlason.
[be4905fd-9f3f-4133-9099-829cabd18feb/build]   | [command]/usr/bin/tar xz --warning=no-unknown-keyword -C /tmp/4bcb9e30-7d8c-4da7-a881-15510b02dd47 -f /tmp/ebeae240-4ce4-4ebd-862d-2231c1c00568
[be4905fd-9f3f-4133-9099-829cabd18feb/build]   💬  ::debug::Caching tool Java_Adopt_jdk 17.0.9-9 x64
[be4905fd-9f3f-4133-9099-829cabd18feb/build]   💬  ::debug::source dir: /tmp/4bcb9e30-7d8c-4da7-a881-15510b02dd47/jdk-17.0.9+9
[be4905fd-9f3f-4133-9099-829cabd18feb/build]   💬  ::debug::destination /opt/hostedtoolcache/Java_Adopt_jdk/17.0.9-9/x64
[be4905fd-9f3f-4133-9099-829cabd18feb/build]   💬  ::debug::finished caching tool
[be4905fd-9f3f-4133-9099-829cabd18feb/build]   | Java 17.0.9+9 was downloaded
[be4905fd-9f3f-4133-9099-829cabd18feb/build]   | Setting Java 17.0.9+9 as the default
[be4905fd-9f3f-4133-9099-829cabd18feb/build]   | 
[be4905fd-9f3f-4133-9099-829cabd18feb/build]   | Java configuration:
[be4905fd-9f3f-4133-9099-829cabd18feb/build]   |   Distribution: adopt
[be4905fd-9f3f-4133-9099-829cabd18feb/build]   |   Version: 17.0.9+9
[be4905fd-9f3f-4133-9099-829cabd18feb/build]   |   Path: /opt/hostedtoolcache/Java_Adopt_jdk/17.0.9-9/x64
[be4905fd-9f3f-4133-9099-829cabd18feb/build]   | 
[be4905fd-9f3f-4133-9099-829cabd18feb/build]   ❓ add-matcher /run/act/actions/actions-setup-java@v2/.github/java.json
[be4905fd-9f3f-4133-9099-829cabd18feb/build]   | Creating settings.xml with server-id: github
[be4905fd-9f3f-4133-9099-829cabd18feb/build]   | Writing to /home/runner/.m2/settings.xml
[be4905fd-9f3f-4133-9099-829cabd18feb/build]   ✅  Success - Main Set up JDK 17
[be4905fd-9f3f-4133-9099-829cabd18feb/build]   ⚙  ::set-env:: JAVA_HOME=/opt/hostedtoolcache/Java_Adopt_jdk/17.0.9-9/x64
[be4905fd-9f3f-4133-9099-829cabd18feb/build]   ⚙  ::set-output:: version=17.0.9+9
[be4905fd-9f3f-4133-9099-829cabd18feb/build]   ⚙  ::set-output:: distribution=Adopt-Hotspot
[be4905fd-9f3f-4133-9099-829cabd18feb/build]   ⚙  ::set-output:: path=/opt/hostedtoolcache/Java_Adopt_jdk/17.0.9-9/x64
[be4905fd-9f3f-4133-9099-829cabd18feb/build]   ⚙  ::add-path:: /opt/hostedtoolcache/Java_Adopt_jdk/17.0.9-9/x64/bin
[be4905fd-9f3f-4133-9099-829cabd18feb/build] unable to get git ref: failed to identify reference (tag/branch) for the checked-out revision '4f1514980495c4daaae2eb060228a87e14cbae11'
[be4905fd-9f3f-4133-9099-829cabd18feb/build] unable to get git ref: failed to identify reference (tag/branch) for the checked-out revision '4f1514980495c4daaae2eb060228a87e14cbae11'
[be4905fd-9f3f-4133-9099-829cabd18feb/build] unable to get git ref: failed to identify reference (tag/branch) for the checked-out revision '4f1514980495c4daaae2eb060228a87e14cbae11'
[be4905fd-9f3f-4133-9099-829cabd18feb/build] unable to get git ref: failed to identify reference (tag/branch) for the checked-out revision '4f1514980495c4daaae2eb060228a87e14cbae11'
[be4905fd-9f3f-4133-9099-829cabd18feb/build] unable to get git ref: failed to identify reference (tag/branch) for the checked-out revision '4f1514980495c4daaae2eb060228a87e14cbae11'
[be4905fd-9f3f-4133-9099-829cabd18feb/build] ⭐ Run Main Build with Maven
[be4905fd-9f3f-4133-9099-829cabd18feb/build] unable to get git ref: failed to identify reference (tag/branch) for the checked-out revision '4f1514980495c4daaae2eb060228a87e14cbae11'
[be4905fd-9f3f-4133-9099-829cabd18feb/build] unable to get git ref: failed to identify reference (tag/branch) for the checked-out revision '4f1514980495c4daaae2eb060228a87e14cbae11'
[be4905fd-9f3f-4133-9099-829cabd18feb/build] unable to get git ref: failed to identify reference (tag/branch) for the checked-out revision '4f1514980495c4daaae2eb060228a87e14cbae11'
[be4905fd-9f3f-4133-9099-829cabd18feb/build] unable to get git ref: failed to identify reference (tag/branch) for the checked-out revision '4f1514980495c4daaae2eb060228a87e14cbae11'
[be4905fd-9f3f-4133-9099-829cabd18feb/build]   🐳  docker exec cmd=[bash --noprofile --norc -e -o pipefail /var/run/act/workflow/2] user= workdir=
[be4905fd-9f3f-4133-9099-829cabd18feb/build]   | [INFO] Scanning for projects...
[be4905fd-9f3f-4133-9099-829cabd18feb/build]   | [INFO] Downloading from central: https://repo.maven.apache.org/maven2/org/junit/junit-bom/5.8.2/junit-bom-5.8.2.pom
[be4905fd-9f3f-4133-9099-829cabd18feb/build]   | [INFO] Downloaded from central: https://repo.maven.apache.org/maven2/org/junit/junit-bom/5.8.2/junit-bom-5.8.2.pom (5.6 kB at 21 kB/s)
[be4905fd-9f3f-4133-9099-829cabd18feb/build]   | [INFO] 
[be4905fd-9f3f-4133-9099-829cabd18feb/build]   | [INFO] -----------------------< com.thealgorithms:Java >-----------------------
[be4905fd-9f3f-4133-9099-829cabd18feb/build]   | [INFO] Building Java 1.0-SNAPSHOT
[be4905fd-9f3f-4133-9099-829cabd18feb/build]   | [INFO]   from pom.xml
[be4905fd-9f3f-4133-9099-829cabd18feb/build]   | [INFO] --------------------------------[ jar ]---------------------------------
[be4905fd-9f3f-4133-9099-829cabd18feb/build]   | [INFO] Downloading from central: https://repo.maven.apache.org/maven2/org/apache/maven/plugins/maven-resources-plugin/2.6/maven-resources-plugin-2.6.pom
[be4905fd-9f3f-4133-9099-829cabd18feb/build]   | [INFO] Downloaded from central: https://repo.maven.apache.org/maven2/org/apache/maven/plugins/maven-resources-plugin/2.6/maven-resources-plugin-2.6.pom (8.1 kB at 580 kB/s)
[be4905fd-9f3f-4133-9099-829cabd18feb/build]   | [INFO] Downloading from central: https://repo.maven.apache.org/maven2/org/apache/maven/plugins/maven-plugins/23/maven-plugins-23.pom
[be4905fd-9f3f-4133-9099-829cabd18feb/build]   | [INFO] Downloaded from central: https://repo.maven.apache.org/maven2/org/apache/maven/plugins/maven-plugins/23/maven-plugins-23.pom (9.2 kB at 920 kB/s)
[be4905fd-9f3f-4133-9099-829cabd18feb/build]   | [INFO] Downloading from central: https://repo.maven.apache.org/maven2/org/apache/maven/maven-parent/22/maven-parent-22.pom
[be4905fd-9f3f-4133-9099-829cabd18feb/build]   | [INFO] Downloaded from central: https://repo.maven.apache.org/maven2/org/apache/maven/maven-parent/22/maven-parent-22.pom (30 kB at 2.1 MB/s)
[be4905fd-9f3f-4133-9099-829cabd18feb/build]   | [INFO] Downloading from central: https://repo.maven.apache.org/maven2/org/apache/apache/11/apache-11.pom
[be4905fd-9f3f-4133-9099-829cabd18feb/build]   | [INFO] Downloaded from central: https://repo.maven.apache.org/maven2/org/apache/apache/11/apache-11.pom (15 kB at 1.5 MB/s)
[be4905fd-9f3f-4133-9099-829cabd18feb/build]   | [INFO] Downloading from central: https://repo.maven.apache.org/maven2/org/apache/maven/plugins/maven-resources-plugin/2.6/maven-resources-plugin-2.6.jar
[be4905fd-9f3f-4133-9099-829cabd18feb/build]   | [INFO] Downloaded from central: https://repo.maven.apache.org/maven2/org/apache/maven/plugins/maven-resources-plugin/2.6/maven-resources-plugin-2.6.jar (30 kB at 2.3 MB/s)
[be4905fd-9f3f-4133-9099-829cabd18feb/build]   | [INFO] Downloading from central: https://repo.maven.apache.org/maven2/org/apache/maven/plugins/maven-compiler-plugin/3.10.1/maven-compiler-plugin-3.10.1.pom
[be4905fd-9f3f-4133-9099-829cabd18feb/build]   | [INFO] Downloaded from central: https://repo.maven.apache.org/maven2/org/apache/maven/plugins/maven-compiler-plugin/3.10.1/maven-compiler-plugin-3.10.1.pom (13 kB at 1.4 MB/s)
[be4905fd-9f3f-4133-9099-829cabd18feb/build]   | [INFO] Downloading from central: https://repo.maven.apache.org/maven2/org/apache/maven/plugins/maven-plugins/34/maven-plugins-34.pom
[be4905fd-9f3f-4133-9099-829cabd18feb/build]   | [INFO] Downloaded from central: https://repo.maven.apache.org/maven2/org/apache/maven/plugins/maven-plugins/34/maven-plugins-34.pom (11 kB at 1.2 MB/s)
[be4905fd-9f3f-4133-9099-829cabd18feb/build]   | [INFO] Downloading from central: https://repo.maven.apache.org/maven2/org/apache/maven/maven-parent/34/maven-parent-34.pom
[be4905fd-9f3f-4133-9099-829cabd18feb/build]   | [INFO] Downloaded from central: https://repo.maven.apache.org/maven2/org/apache/maven/maven-parent/34/maven-parent-34.pom (43 kB at 3.3 MB/s)
[be4905fd-9f3f-4133-9099-829cabd18feb/build]   | [INFO] Downloading from central: https://repo.maven.apache.org/maven2/org/apache/apache/23/apache-23.pom
[be4905fd-9f3f-4133-9099-829cabd18feb/build]   | [INFO] Downloaded from central: https://repo.maven.apache.org/maven2/org/apache/apache/23/apache-23.pom (18 kB at 1.8 MB/s)
[be4905fd-9f3f-4133-9099-829cabd18feb/build]   | [INFO] Downloading from central: https://repo.maven.apache.org/maven2/org/apache/maven/plugins/maven-compiler-plugin/3.10.1/maven-compiler-plugin-3.10.1.jar
[be4905fd-9f3f-4133-9099-829cabd18feb/build]   | [INFO] Downloaded from central: https://repo.maven.apache.org/maven2/org/apache/maven/plugins/maven-compiler-plugin/3.10.1/maven-compiler-plugin-3.10.1.jar (62 kB at 3.4 MB/s)
[be4905fd-9f3f-4133-9099-829cabd18feb/build]   | [INFO] Downloading from central: https://repo.maven.apache.org/maven2/org/apache/maven/plugins/maven-surefire-plugin/2.22.2/maven-surefire-plugin-2.22.2.pom
[be4905fd-9f3f-4133-9099-829cabd18feb/build]   | [INFO] Downloaded from central: https://repo.maven.apache.org/maven2/org/apache/maven/plugins/maven-surefire-plugin/2.22.2/maven-surefire-plugin-2.22.2.pom (5.0 kB at 250 kB/s)
[be4905fd-9f3f-4133-9099-829cabd18feb/build]   | [INFO] Downloading from central: https://repo.maven.apache.org/maven2/org/apache/maven/surefire/surefire/2.22.2/surefire-2.22.2.pom
[be4905fd-9f3f-4133-9099-829cabd18feb/build]   | [INFO] Downloaded from central: https://repo.maven.apache.org/maven2/org/apache/maven/surefire/surefire/2.22.2/surefire-2.22.2.pom (26 kB at 1.8 MB/s)
[be4905fd-9f3f-4133-9099-829cabd18feb/build]   | [INFO] Downloading from central: https://repo.maven.apache.org/maven2/org/apache/maven/maven-parent/33/maven-parent-33.pom
[be4905fd-9f3f-4133-9099-829cabd18feb/build]   | [INFO] Downloaded from central: https://repo.maven.apache.org/maven2/org/apache/maven/maven-parent/33/maven-parent-33.pom (44 kB at 2.6 MB/s)
[be4905fd-9f3f-4133-9099-829cabd18feb/build]   | [INFO] Downloading from central: https://repo.maven.apache.org/maven2/org/apache/apache/21/apache-21.pom
[be4905fd-9f3f-4133-9099-829cabd18feb/build]   | [INFO] Downloaded from central: https://repo.maven.apache.org/maven2/org/apache/apache/21/apache-21.pom (17 kB at 1.3 MB/s)
[be4905fd-9f3f-4133-9099-829cabd18feb/build]   | [INFO] Downloading from central: https://repo.maven.apache.org/maven2/org/apache/maven/plugins/maven-surefire-plugin/2.22.2/maven-surefire-plugin-2.22.2.jar
[be4905fd-9f3f-4133-9099-829cabd18feb/build]   | [INFO] Downloaded from central: https://repo.maven.apache.org/maven2/org/apache/maven/plugins/maven-surefire-plugin/2.22.2/maven-surefire-plugin-2.22.2.jar (41 kB at 2.7 MB/s)
[be4905fd-9f3f-4133-9099-829cabd18feb/build]   | [INFO] Downloading from central: https://repo.maven.apache.org/maven2/org/apache/maven/plugins/maven-jar-plugin/2.4/maven-jar-plugin-2.4.pom
[be4905fd-9f3f-4133-9099-829cabd18feb/build]   | [INFO] Downloaded from central: https://repo.maven.apache.org/maven2/org/apache/maven/plugins/maven-jar-plugin/2.4/maven-jar-plugin-2.4.pom (5.8 kB at 583 kB/s)
[be4905fd-9f3f-4133-9099-829cabd18feb/build]   | [INFO] Downloading from central: https://repo.maven.apache.org/maven2/org/apache/maven/plugins/maven-plugins/22/maven-plugins-22.pom
[be4905fd-9f3f-4133-9099-829cabd18feb/build]   | [INFO] Downloaded from central: https://repo.maven.apache.org/maven2/org/apache/maven/plugins/maven-plugins/22/maven-plugins-22.pom (13 kB at 1.0 MB/s)
[be4905fd-9f3f-4133-9099-829cabd18feb/build]   | [INFO] Downloading from central: https://repo.maven.apache.org/maven2/org/apache/maven/maven-parent/21/maven-parent-21.pom
[be4905fd-9f3f-4133-9099-829cabd18feb/build]   | [INFO] Downloaded from central: https://repo.maven.apache.org/maven2/org/apache/maven/maven-parent/21/maven-parent-21.pom (26 kB at 2.6 MB/s)
[be4905fd-9f3f-4133-9099-829cabd18feb/build]   | [INFO] Downloading from central: https://repo.maven.apache.org/maven2/org/apache/apache/10/apache-10.pom
[be4905fd-9f3f-4133-9099-829cabd18feb/build]   | [INFO] Downloaded from central: https://repo.maven.apache.org/maven2/org/apache/apache/10/apache-10.pom (15 kB at 1.6 MB/s)
[be4905fd-9f3f-4133-9099-829cabd18feb/build]   | [INFO] Downloading from central: https://repo.maven.apache.org/maven2/org/apache/maven/plugins/maven-jar-plugin/2.4/maven-jar-plugin-2.4.jar
[be4905fd-9f3f-4133-9099-829cabd18feb/build]   | [INFO] Downloaded from central: https://repo.maven.apache.org/maven2/org/apache/maven/plugins/maven-jar-plugin/2.4/maven-jar-plugin-2.4.jar (34 kB at 3.8 MB/s)
[be4905fd-9f3f-4133-9099-829cabd18feb/build]   | [INFO] Downloading from central: https://repo.maven.apache.org/maven2/org/junit/jupiter/junit-jupiter/5.9.0/junit-jupiter-5.9.0.pom
[be4905fd-9f3f-4133-9099-829cabd18feb/build]   | [INFO] Downloaded from central: https://repo.maven.apache.org/maven2/org/junit/jupiter/junit-jupiter/5.9.0/junit-jupiter-5.9.0.pom (3.2 kB at 320 kB/s)
[be4905fd-9f3f-4133-9099-829cabd18feb/build]   | [INFO] Downloading from central: https://repo.maven.apache.org/maven2/org/junit/junit-bom/5.9.0/junit-bom-5.9.0.pom
[be4905fd-9f3f-4133-9099-829cabd18feb/build]   | [INFO] Downloaded from central: https://repo.maven.apache.org/maven2/org/junit/junit-bom/5.9.0/junit-bom-5.9.0.pom (5.6 kB at 804 kB/s)
[be4905fd-9f3f-4133-9099-829cabd18feb/build]   | [INFO] Downloading from central: https://repo.maven.apache.org/maven2/org/junit/jupiter/junit-jupiter-api/5.8.2/junit-jupiter-api-5.8.2.pom
[be4905fd-9f3f-4133-9099-829cabd18feb/build]   | [INFO] Downloaded from central: https://repo.maven.apache.org/maven2/org/junit/jupiter/junit-jupiter-api/5.8.2/junit-jupiter-api-5.8.2.pom (3.2 kB at 289 kB/s)
[be4905fd-9f3f-4133-9099-829cabd18feb/build]   | [INFO] Downloading from central: https://repo.maven.apache.org/maven2/org/opentest4j/opentest4j/1.2.0/opentest4j-1.2.0.pom
[be4905fd-9f3f-4133-9099-829cabd18feb/build]   | [INFO] Downloaded from central: https://repo.maven.apache.org/maven2/org/opentest4j/opentest4j/1.2.0/opentest4j-1.2.0.pom (1.7 kB at 210 kB/s)
[be4905fd-9f3f-4133-9099-829cabd18feb/build]   | [INFO] Downloading from central: https://repo.maven.apache.org/maven2/org/junit/platform/junit-platform-commons/1.8.2/junit-platform-commons-1.8.2.pom
[be4905fd-9f3f-4133-9099-829cabd18feb/build]   | [INFO] Downloaded from central: https://repo.maven.apache.org/maven2/org/junit/platform/junit-platform-commons/1.8.2/junit-platform-commons-1.8.2.pom (2.8 kB at 202 kB/s)
[be4905fd-9f3f-4133-9099-829cabd18feb/build]   | [INFO] Downloading from central: https://repo.maven.apache.org/maven2/org/apiguardian/apiguardian-api/1.1.2/apiguardian-api-1.1.2.pom
[be4905fd-9f3f-4133-9099-829cabd18feb/build]   | [INFO] Downloaded from central: https://repo.maven.apache.org/maven2/org/apiguardian/apiguardian-api/1.1.2/apiguardian-api-1.1.2.pom (1.5 kB at 191 kB/s)
[be4905fd-9f3f-4133-9099-829cabd18feb/build]   | [INFO] Downloading from central: https://repo.maven.apache.org/maven2/org/junit/jupiter/junit-jupiter-params/5.8.2/junit-jupiter-params-5.8.2.pom
[be4905fd-9f3f-4133-9099-829cabd18feb/build]   | [INFO] Downloaded from central: https://repo.maven.apache.org/maven2/org/junit/jupiter/junit-jupiter-params/5.8.2/junit-jupiter-params-5.8.2.pom (3.0 kB at 430 kB/s)
[be4905fd-9f3f-4133-9099-829cabd18feb/build]   | [INFO] Downloading from central: https://repo.maven.apache.org/maven2/org/junit/jupiter/junit-jupiter-engine/5.8.2/junit-jupiter-engine-5.8.2.pom
[be4905fd-9f3f-4133-9099-829cabd18feb/build]   | [INFO] Downloaded from central: https://repo.maven.apache.org/maven2/org/junit/jupiter/junit-jupiter-engine/5.8.2/junit-jupiter-engine-5.8.2.pom (3.2 kB at 400 kB/s)
[be4905fd-9f3f-4133-9099-829cabd18feb/build]   | [INFO] Downloading from central: https://repo.maven.apache.org/maven2/org/junit/platform/junit-platform-engine/1.8.2/junit-platform-engine-1.8.2.pom
[be4905fd-9f3f-4133-9099-829cabd18feb/build]   | [INFO] Downloaded from central: https://repo.maven.apache.org/maven2/org/junit/platform/junit-platform-engine/1.8.2/junit-platform-engine-1.8.2.pom (3.2 kB at 291 kB/s)
[be4905fd-9f3f-4133-9099-829cabd18feb/build]   | [INFO] Downloading from central: https://repo.maven.apache.org/maven2/org/assertj/assertj-core/3.23.1/assertj-core-3.23.1.pom
[be4905fd-9f3f-4133-9099-829cabd18feb/build]   | [INFO] Downloaded from central: https://repo.maven.apache.org/maven2/org/assertj/assertj-core/3.23.1/assertj-core-3.23.1.pom (24 kB at 2.6 MB/s)
[be4905fd-9f3f-4133-9099-829cabd18feb/build]   | [INFO] Downloading from central: https://repo.maven.apache.org/maven2/org/assertj/assertj-parent-pom/2.2.17/assertj-parent-pom-2.2.17.pom
[be4905fd-9f3f-4133-9099-829cabd18feb/build]   | [INFO] Downloaded from central: https://repo.maven.apache.org/maven2/org/assertj/assertj-parent-pom/2.2.17/assertj-parent-pom-2.2.17.pom (24 kB at 2.2 MB/s)
[be4905fd-9f3f-4133-9099-829cabd18feb/build]   | [INFO] Downloading from central: https://repo.maven.apache.org/maven2/org/mockito/mockito-bom/4.5.1/mockito-bom-4.5.1.pom
[be4905fd-9f3f-4133-9099-829cabd18feb/build]   | [INFO] Downloaded from central: https://repo.maven.apache.org/maven2/org/mockito/mockito-bom/4.5.1/mockito-bom-4.5.1.pom (3.0 kB at 373 kB/s)
[be4905fd-9f3f-4133-9099-829cabd18feb/build]   | [INFO] Downloading from central: https://repo.maven.apache.org/maven2/net/bytebuddy/byte-buddy/1.12.10/byte-buddy-1.12.10.pom
[be4905fd-9f3f-4133-9099-829cabd18feb/build]   | [INFO] Downloaded from central: https://repo.maven.apache.org/maven2/net/bytebuddy/byte-buddy/1.12.10/byte-buddy-1.12.10.pom (17 kB at 1.7 MB/s)
[be4905fd-9f3f-4133-9099-829cabd18feb/build]   | [INFO] Downloading from central: https://repo.maven.apache.org/maven2/net/bytebuddy/byte-buddy-parent/1.12.10/byte-buddy-parent-1.12.10.pom
[be4905fd-9f3f-4133-9099-829cabd18feb/build]   | [INFO] Downloaded from central: https://repo.maven.apache.org/maven2/net/bytebuddy/byte-buddy-parent/1.12.10/byte-buddy-parent-1.12.10.pom (45 kB at 6.4 MB/s)
[be4905fd-9f3f-4133-9099-829cabd18feb/build]   | [INFO] Downloading from central: https://repo.maven.apache.org/maven2/org/junit/jupiter/junit-jupiter-api/5.9.0/junit-jupiter-api-5.9.0.pom
[be4905fd-9f3f-4133-9099-829cabd18feb/build]   | [INFO] Downloaded from central: https://repo.maven.apache.org/maven2/org/junit/jupiter/junit-jupiter-api/5.9.0/junit-jupiter-api-5.9.0.pom (3.2 kB at 289 kB/s)
[be4905fd-9f3f-4133-9099-829cabd18feb/build]   | [INFO] Downloading from central: https://repo.maven.apache.org/maven2/org/junit/jupiter/junit-jupiter/5.9.0/junit-jupiter-5.9.0.jar
[be4905fd-9f3f-4133-9099-829cabd18feb/build]   | [INFO] Downloading from central: https://repo.maven.apache.org/maven2/org/junit/jupiter/junit-jupiter-params/5.8.2/junit-jupiter-params-5.8.2.jar
[be4905fd-9f3f-4133-9099-829cabd18feb/build]   | [INFO] Downloading from central: https://repo.maven.apache.org/maven2/org/junit/jupiter/junit-jupiter-engine/5.8.2/junit-jupiter-engine-5.8.2.jar
[be4905fd-9f3f-4133-9099-829cabd18feb/build]   | [INFO] Downloading from central: https://repo.maven.apache.org/maven2/org/junit/platform/junit-platform-engine/1.8.2/junit-platform-engine-1.8.2.jar
[be4905fd-9f3f-4133-9099-829cabd18feb/build]   | [INFO] Downloading from central: https://repo.maven.apache.org/maven2/org/assertj/assertj-core/3.23.1/assertj-core-3.23.1.jar
[be4905fd-9f3f-4133-9099-829cabd18feb/build]   | [INFO] Downloaded from central: https://repo.maven.apache.org/maven2/org/junit/jupiter/junit-jupiter/5.9.0/junit-jupiter-5.9.0.jar (6.4 kB at 578 kB/s)
[be4905fd-9f3f-4133-9099-829cabd18feb/build]   | [INFO] Downloading from central: https://repo.maven.apache.org/maven2/net/bytebuddy/byte-buddy/1.12.10/byte-buddy-1.12.10.jar
[be4905fd-9f3f-4133-9099-829cabd18feb/build]   | [INFO] Downloaded from central: https://repo.maven.apache.org/maven2/org/junit/platform/junit-platform-engine/1.8.2/junit-platform-engine-1.8.2.jar (186 kB at 2.3 MB/s)
[be4905fd-9f3f-4133-9099-829cabd18feb/build]   | [INFO] Downloading from central: https://repo.maven.apache.org/maven2/org/junit/jupiter/junit-jupiter-api/5.9.0/junit-jupiter-api-5.9.0.jar
[be4905fd-9f3f-4133-9099-829cabd18feb/build]   | [INFO] Downloaded from central: https://repo.maven.apache.org/maven2/org/junit/jupiter/junit-jupiter-engine/5.8.2/junit-jupiter-engine-5.8.2.jar (230 kB at 2.8 MB/s)
[be4905fd-9f3f-4133-9099-829cabd18feb/build]   | [INFO] Downloading from central: https://repo.maven.apache.org/maven2/org/opentest4j/opentest4j/1.2.0/opentest4j-1.2.0.jar
[be4905fd-9f3f-4133-9099-829cabd18feb/build]   | [INFO] Downloaded from central: https://repo.maven.apache.org/maven2/org/junit/jupiter/junit-jupiter-params/5.8.2/junit-jupiter-params-5.8.2.jar (577 kB at 6.3 MB/s)
[be4905fd-9f3f-4133-9099-829cabd18feb/build]   | [INFO] Downloading from central: https://repo.maven.apache.org/maven2/org/junit/platform/junit-platform-commons/1.8.2/junit-platform-commons-1.8.2.jar
[be4905fd-9f3f-4133-9099-829cabd18feb/build]   | [INFO] Downloaded from central: https://repo.maven.apache.org/maven2/org/opentest4j/opentest4j/1.2.0/opentest4j-1.2.0.jar (7.7 kB at 83 kB/s)
[be4905fd-9f3f-4133-9099-829cabd18feb/build]   | [INFO] Downloading from central: https://repo.maven.apache.org/maven2/org/apiguardian/apiguardian-api/1.1.2/apiguardian-api-1.1.2.jar
[be4905fd-9f3f-4133-9099-829cabd18feb/build]   | [INFO] Downloaded from central: https://repo.maven.apache.org/maven2/org/junit/jupiter/junit-jupiter-api/5.9.0/junit-jupiter-api-5.9.0.jar (203 kB at 2.2 MB/s)
[be4905fd-9f3f-4133-9099-829cabd18feb/build]   | [INFO] Downloaded from central: https://repo.maven.apache.org/maven2/org/apiguardian/apiguardian-api/1.1.2/apiguardian-api-1.1.2.jar (6.8 kB at 67 kB/s)
[be4905fd-9f3f-4133-9099-829cabd18feb/build]   | [INFO] Downloaded from central: https://repo.maven.apache.org/maven2/org/junit/platform/junit-platform-commons/1.8.2/junit-platform-commons-1.8.2.jar (100 kB at 995 kB/s)
[be4905fd-9f3f-4133-9099-829cabd18feb/build]   | [INFO] Downloaded from central: https://repo.maven.apache.org/maven2/org/assertj/assertj-core/3.23.1/assertj-core-3.23.1.jar (1.2 MB at 12 MB/s)
[be4905fd-9f3f-4133-9099-829cabd18feb/build]   | [INFO] Downloaded from central: https://repo.maven.apache.org/maven2/net/bytebuddy/byte-buddy/1.12.10/byte-buddy-1.12.10.jar (3.8 MB at 30 MB/s)
[be4905fd-9f3f-4133-9099-829cabd18feb/build]   | [INFO] 
[be4905fd-9f3f-4133-9099-829cabd18feb/build]   | [INFO] --- maven-resources-plugin:2.6:resources (default-resources) @ Java ---
[be4905fd-9f3f-4133-9099-829cabd18feb/build]   | [INFO] Downloading from central: https://repo.maven.apache.org/maven2/org/apache/maven/maven-plugin-api/2.0.6/maven-plugin-api-2.0.6.pom
[be4905fd-9f3f-4133-9099-829cabd18feb/build]   | [INFO] Downloaded from central: https://repo.maven.apache.org/maven2/org/apache/maven/maven-plugin-api/2.0.6/maven-plugin-api-2.0.6.pom (1.5 kB at 208 kB/s)
[be4905fd-9f3f-4133-9099-829cabd18feb/build]   | [INFO] Downloading from central: https://repo.maven.apache.org/maven2/org/apache/maven/maven/2.0.6/maven-2.0.6.pom
[be4905fd-9f3f-4133-9099-829cabd18feb/build]   | [INFO] Downloaded from central: https://repo.maven.apache.org/maven2/org/apache/maven/maven/2.0.6/maven-2.0.6.pom (9.0 kB at 1.3 MB/s)
[be4905fd-9f3f-4133-9099-829cabd18feb/build]   | [INFO] Downloading from central: https://repo.maven.apache.org/maven2/org/apache/maven/maven-parent/5/maven-parent-5.pom
[be4905fd-9f3f-4133-9099-829cabd18feb/build]   | [INFO] Downloaded from central: https://repo.maven.apache.org/maven2/org/apache/maven/maven-parent/5/maven-parent-5.pom (15 kB at 2.2 MB/s)
[be4905fd-9f3f-4133-9099-829cabd18feb/build]   | [INFO] Downloading from central: https://repo.maven.apache.org/maven2/org/apache/apache/3/apache-3.pom
[be4905fd-9f3f-4133-9099-829cabd18feb/build]   | [INFO] Downloaded from central: https://repo.maven.apache.org/maven2/org/apache/apache/3/apache-3.pom (3.4 kB at 572 kB/s)
[be4905fd-9f3f-4133-9099-829cabd18feb/build]   | [INFO] Downloading from central: https://repo.maven.apache.org/maven2/org/apache/maven/maven-project/2.0.6/maven-project-2.0.6.pom
[be4905fd-9f3f-4133-9099-829cabd18feb/build]   | [INFO] Downloaded from central: https://repo.maven.apache.org/maven2/org/apache/maven/maven-project/2.0.6/maven-project-2.0.6.pom (2.6 kB at 440 kB/s)
[be4905fd-9f3f-4133-9099-829cabd18feb/build]   | [INFO] Downloading from central: https://repo.maven.apache.org/maven2/org/apache/maven/maven-settings/2.0.6/maven-settings-2.0.6.pom
[be4905fd-9f3f-4133-9099-829cabd18feb/build]   | [INFO] Downloaded from central: https://repo.maven.apache.org/maven2/org/apache/maven/maven-settings/2.0.6/maven-settings-2.0.6.pom (2.0 kB at 334 kB/s)
[be4905fd-9f3f-4133-9099-829cabd18feb/build]   | [INFO] Downloading from central: https://repo.maven.apache.org/maven2/org/apache/maven/maven-model/2.0.6/maven-model-2.0.6.pom
[be4905fd-9f3f-4133-9099-829cabd18feb/build]   | [INFO] Downloaded from central: https://repo.maven.apache.org/maven2/org/apache/maven/maven-model/2.0.6/maven-model-2.0.6.pom (3.0 kB at 435 kB/s)
[be4905fd-9f3f-4133-9099-829cabd18feb/build]   | [INFO] Downloading from central: https://repo.maven.apache.org/maven2/org/codehaus/plexus/plexus-utils/1.4.1/plexus-utils-1.4.1.pom
[be4905fd-9f3f-4133-9099-829cabd18feb/build]   | [INFO] Downloaded from central: https://repo.maven.apache.org/maven2/org/codehaus/plexus/plexus-utils/1.4.1/plexus-utils-1.4.1.pom (1.9 kB at 273 kB/s)
[be4905fd-9f3f-4133-9099-829cabd18feb/build]   | [INFO] Downloading from central: https://repo.maven.apache.org/maven2/org/codehaus/plexus/plexus/1.0.11/plexus-1.0.11.pom
[be4905fd-9f3f-4133-9099-829cabd18feb/build]   | [INFO] Downloaded from central: https://repo.maven.apache.org/maven2/org/codehaus/plexus/plexus/1.0.11/plexus-1.0.11.pom (9.0 kB at 897 kB/s)
[be4905fd-9f3f-4133-9099-829cabd18feb/build]   | [INFO] Downloading from central: https://repo.maven.apache.org/maven2/org/codehaus/plexus/plexus-container-default/1.0-alpha-9-stable-1/plexus-container-default-1.0-alpha-9-stable-1.pom
[be4905fd-9f3f-4133-9099-829cabd18feb/build]   | [INFO] Downloaded from central: https://repo.maven.apache.org/maven2/org/codehaus/plexus/plexus-container-default/1.0-alpha-9-stable-1/plexus-container-default-1.0-alpha-9-stable-1.pom (3.9 kB at 494 kB/s)
[be4905fd-9f3f-4133-9099-829cabd18feb/build]   | [INFO] Downloading from central: https://repo.maven.apache.org/maven2/org/codehaus/plexus/plexus-containers/1.0.3/plexus-containers-1.0.3.pom
[be4905fd-9f3f-4133-9099-829cabd18feb/build]   | [INFO] Downloaded from central: https://repo.maven.apache.org/maven2/org/codehaus/plexus/plexus-containers/1.0.3/plexus-containers-1.0.3.pom (492 B at 62 kB/s)
[be4905fd-9f3f-4133-9099-829cabd18feb/build]   | [INFO] Downloading from central: https://repo.maven.apache.org/maven2/org/codehaus/plexus/plexus/1.0.4/plexus-1.0.4.pom
[be4905fd-9f3f-4133-9099-829cabd18feb/build]   | [INFO] Downloaded from central: https://repo.maven.apache.org/maven2/org/codehaus/plexus/plexus/1.0.4/plexus-1.0.4.pom (5.7 kB at 956 kB/s)
[be4905fd-9f3f-4133-9099-829cabd18feb/build]   | [INFO] Downloading from central: https://repo.maven.apache.org/maven2/junit/junit/3.8.1/junit-3.8.1.pom
[be4905fd-9f3f-4133-9099-829cabd18feb/build]   | [INFO] Downloaded from central: https://repo.maven.apache.org/maven2/junit/junit/3.8.1/junit-3.8.1.pom (998 B at 200 kB/s)
[be4905fd-9f3f-4133-9099-829cabd18feb/build]   | [INFO] Downloading from central: https://repo.maven.apache.org/maven2/org/codehaus/plexus/plexus-utils/1.0.4/plexus-utils-1.0.4.pom
[be4905fd-9f3f-4133-9099-829cabd18feb/build]   | [INFO] Downloaded from central: https://repo.maven.apache.org/maven2/org/codehaus/plexus/plexus-utils/1.0.4/plexus-utils-1.0.4.pom (6.9 kB at 1.1 MB/s)
[be4905fd-9f3f-4133-9099-829cabd18feb/build]   | [INFO] Downloading from central: https://repo.maven.apache.org/maven2/classworlds/classworlds/1.1-alpha-2/classworlds-1.1-alpha-2.pom
[be4905fd-9f3f-4133-9099-829cabd18feb/build]   | [INFO] Downloaded from central: https://repo.maven.apache.org/maven2/classworlds/classworlds/1.1-alpha-2/classworlds-1.1-alpha-2.pom (3.1 kB at 447 kB/s)
[be4905fd-9f3f-4133-9099-829cabd18feb/build]   | [INFO] Downloading from central: https://repo.maven.apache.org/maven2/org/apache/maven/maven-profile/2.0.6/maven-profile-2.0.6.pom
[be4905fd-9f3f-4133-9099-829cabd18feb/build]   | [INFO] Downloaded from central: https://repo.maven.apache.org/maven2/org/apache/maven/maven-profile/2.0.6/maven-profile-2.0.6.pom (2.0 kB at 198 kB/s)
[be4905fd-9f3f-4133-9099-829cabd18feb/build]   | [INFO] Downloading from central: https://repo.maven.apache.org/maven2/org/apache/maven/maven-artifact-manager/2.0.6/maven-artifact-manager-2.0.6.pom
[be4905fd-9f3f-4133-9099-829cabd18feb/build]   | [INFO] Downloaded from central: https://repo.maven.apache.org/maven2/org/apache/maven/maven-artifact-manager/2.0.6/maven-artifact-manager-2.0.6.pom (2.6 kB at 164 kB/s)
[be4905fd-9f3f-4133-9099-829cabd18feb/build]   | [INFO] Downloading from central: https://repo.maven.apache.org/maven2/org/apache/maven/maven-repository-metadata/2.0.6/maven-repository-metadata-2.0.6.pom
[be4905fd-9f3f-4133-9099-829cabd18feb/build]   | [INFO] Downloaded from central: https://repo.maven.apache.org/maven2/org/apache/maven/maven-repository-metadata/2.0.6/maven-repository-metadata-2.0.6.pom (1.9 kB at 185 kB/s)
[be4905fd-9f3f-4133-9099-829cabd18feb/build]   | [INFO] Downloading from central: https://repo.maven.apache.org/maven2/org/apache/maven/maven-artifact/2.0.6/maven-artifact-2.0.6.pom
[be4905fd-9f3f-4133-9099-829cabd18feb/build]   | [INFO] Downloaded from central: https://repo.maven.apache.org/maven2/org/apache/maven/maven-artifact/2.0.6/maven-artifact-2.0.6.pom (1.6 kB at 69 kB/s)
[be4905fd-9f3f-4133-9099-829cabd18feb/build]   | [INFO] Downloading from central: https://repo.maven.apache.org/maven2/org/apache/maven/maven-plugin-registry/2.0.6/maven-plugin-registry-2.0.6.pom
[be4905fd-9f3f-4133-9099-829cabd18feb/build]   | [INFO] Downloaded from central: https://repo.maven.apache.org/maven2/org/apache/maven/maven-plugin-registry/2.0.6/maven-plugin-registry-2.0.6.pom (1.9 kB at 93 kB/s)
[be4905fd-9f3f-4133-9099-829cabd18feb/build]   | [INFO] Downloading from central: https://repo.maven.apache.org/maven2/org/apache/maven/maven-core/2.0.6/maven-core-2.0.6.pom
[be4905fd-9f3f-4133-9099-829cabd18feb/build]   | [INFO] Downloaded from central: https://repo.maven.apache.org/maven2/org/apache/maven/maven-core/2.0.6/maven-core-2.0.6.pom (6.7 kB at 320 kB/s)
[be4905fd-9f3f-4133-9099-829cabd18feb/build]   | [INFO] Downloading from central: https://repo.maven.apache.org/maven2/org/apache/maven/maven-plugin-parameter-documenter/2.0.6/maven-plugin-parameter-documenter-2.0.6.pom
[be4905fd-9f3f-4133-9099-829cabd18feb/build]   | [INFO] Downloaded from central: https://repo.maven.apache.org/maven2/org/apache/maven/maven-plugin-parameter-documenter/2.0.6/maven-plugin-parameter-documenter-2.0.6.pom (1.9 kB at 147 kB/s)
[be4905fd-9f3f-4133-9099-829cabd18feb/build]   | [INFO] Downloading from central: https://repo.maven.apache.org/maven2/org/apache/maven/reporting/maven-reporting-api/2.0.6/maven-reporting-api-2.0.6.pom
[be4905fd-9f3f-4133-9099-829cabd18feb/build]   | [INFO] Downloaded from central: https://repo.maven.apache.org/maven2/org/apache/maven/reporting/maven-reporting-api/2.0.6/maven-reporting-api-2.0.6.pom (1.8 kB at 292 kB/s)
[be4905fd-9f3f-4133-9099-829cabd18feb/build]   | [INFO] Downloading from central: https://repo.maven.apache.org/maven2/org/apache/maven/reporting/maven-reporting/2.0.6/maven-reporting-2.0.6.pom
[be4905fd-9f3f-4133-9099-829cabd18feb/build]   | [INFO] Downloaded from central: https://repo.maven.apache.org/maven2/org/apache/maven/reporting/maven-reporting/2.0.6/maven-reporting-2.0.6.pom (1.4 kB at 206 kB/s)
[be4905fd-9f3f-4133-9099-829cabd18feb/build]   | [INFO] Downloading from central: https://repo.maven.apache.org/maven2/org/apache/maven/doxia/doxia-sink-api/1.0-alpha-7/doxia-sink-api-1.0-alpha-7.pom
[be4905fd-9f3f-4133-9099-829cabd18feb/build]   | [INFO] Downloaded from central: https://repo.maven.apache.org/maven2/org/apache/maven/doxia/doxia-sink-api/1.0-alpha-7/doxia-sink-api-1.0-alpha-7.pom (424 B at 61 kB/s)
[be4905fd-9f3f-4133-9099-829cabd18feb/build]   | [INFO] Downloading from central: https://repo.maven.apache.org/maven2/org/apache/maven/doxia/doxia/1.0-alpha-7/doxia-1.0-alpha-7.pom
[be4905fd-9f3f-4133-9099-829cabd18feb/build]   | [INFO] Downloaded from central: https://repo.maven.apache.org/maven2/org/apache/maven/doxia/doxia/1.0-alpha-7/doxia-1.0-alpha-7.pom (3.9 kB at 559 kB/s)
[be4905fd-9f3f-4133-9099-829cabd18feb/build]   | [INFO] Downloading from central: https://repo.maven.apache.org/maven2/org/apache/maven/maven-error-diagnostics/2.0.6/maven-error-diagnostics-2.0.6.pom
[be4905fd-9f3f-4133-9099-829cabd18feb/build]   | [INFO] Downloaded from central: https://repo.maven.apache.org/maven2/org/apache/maven/maven-error-diagnostics/2.0.6/maven-error-diagnostics-2.0.6.pom (1.7 kB at 243 kB/s)
[be4905fd-9f3f-4133-9099-829cabd18feb/build]   | [INFO] Downloading from central: https://repo.maven.apache.org/maven2/commons-cli/commons-cli/1.0/commons-cli-1.0.pom
[be4905fd-9f3f-4133-9099-829cabd18feb/build]   | [INFO] Downloaded from central: https://repo.maven.apache.org/maven2/commons-cli/commons-cli/1.0/commons-cli-1.0.pom (2.1 kB at 263 kB/s)
[be4905fd-9f3f-4133-9099-829cabd18feb/build]   | [INFO] Downloading from central: https://repo.maven.apache.org/maven2/org/apache/maven/maven-plugin-descriptor/2.0.6/maven-plugin-descriptor-2.0.6.pom
[be4905fd-9f3f-4133-9099-829cabd18feb/build]   | [INFO] Downloaded from central: https://repo.maven.apache.org/maven2/org/apache/maven/maven-plugin-descriptor/2.0.6/maven-plugin-descriptor-2.0.6.pom (2.0 kB at 288 kB/s)
[be4905fd-9f3f-4133-9099-829cabd18feb/build]   | [INFO] Downloading from central: https://repo.maven.apache.org/maven2/org/codehaus/plexus/plexus-interactivity-api/1.0-alpha-4/plexus-interactivity-api-1.0-alpha-4.pom
[be4905fd-9f3f-4133-9099-829cabd18feb/build]   | [INFO] Downloaded from central: https://repo.maven.apache.org/maven2/org/codehaus/plexus/plexus-interactivity-api/1.0-alpha-4/plexus-interactivity-api-1.0-alpha-4.pom (7.1 kB at 645 kB/s)
[be4905fd-9f3f-4133-9099-829cabd18feb/build]   | [INFO] Downloading from central: https://repo.maven.apache.org/maven2/org/apache/maven/maven-monitor/2.0.6/maven-monitor-2.0.6.pom
[be4905fd-9f3f-4133-9099-829cabd18feb/build]   | [INFO] Downloaded from central: https://repo.maven.apache.org/maven2/org/apache/maven/maven-monitor/2.0.6/maven-monitor-2.0.6.pom (1.3 kB at 157 kB/s)
[be4905fd-9f3f-4133-9099-829cabd18feb/build]   | [INFO] Downloading from central: https://repo.maven.apache.org/maven2/classworlds/classworlds/1.1/classworlds-1.1.pom
[be4905fd-9f3f-4133-9099-829cabd18feb/build]   | [INFO] Downloaded from central: https://repo.maven.apache.org/maven2/classworlds/classworlds/1.1/classworlds-1.1.pom (3.3 kB at 332 kB/s)
[be4905fd-9f3f-4133-9099-829cabd18feb/build]   | [INFO] Downloading from central: https://repo.maven.apache.org/maven2/org/codehaus/plexus/plexus-utils/2.0.5/plexus-utils-2.0.5.pom
[be4905fd-9f3f-4133-9099-829cabd18feb/build]   | [INFO] Downloaded from central: https://repo.maven.apache.org/maven2/org/codehaus/plexus/plexus-utils/2.0.5/plexus-utils-2.0.5.pom (3.3 kB at 417 kB/s)
[be4905fd-9f3f-4133-9099-829cabd18feb/build]   | [INFO] Downloading from central: https://repo.maven.apache.org/maven2/org/codehaus/plexus/plexus/2.0.6/plexus-2.0.6.pom
[be4905fd-9f3f-4133-9099-829cabd18feb/build]   | [INFO] Downloaded from central: https://repo.maven.apache.org/maven2/org/codehaus/plexus/plexus/2.0.6/plexus-2.0.6.pom (17 kB at 2.1 MB/s)
[be4905fd-9f3f-4133-9099-829cabd18feb/build]   | [INFO] Downloading from central: https://repo.maven.apache.org/maven2/org/apache/maven/shared/maven-filtering/1.1/maven-filtering-1.1.pom
[be4905fd-9f3f-4133-9099-829cabd18feb/build]   | [INFO] Downloaded from central: https://repo.maven.apache.org/maven2/org/apache/maven/shared/maven-filtering/1.1/maven-filtering-1.1.pom (5.8 kB at 827 kB/s)
[be4905fd-9f3f-4133-9099-829cabd18feb/build]   | [INFO] Downloading from central: https://repo.maven.apache.org/maven2/org/apache/maven/shared/maven-shared-components/17/maven-shared-components-17.pom
[be4905fd-9f3f-4133-9099-829cabd18feb/build]   | [INFO] Downloaded from central: https://repo.maven.apache.org/maven2/org/apache/maven/shared/maven-shared-components/17/maven-shared-components-17.pom (8.7 kB at 1.1 MB/s)
[be4905fd-9f3f-4133-9099-829cabd18feb/build]   | [INFO] Downloading from central: https://repo.maven.apache.org/maven2/org/codehaus/plexus/plexus-utils/1.5.15/plexus-utils-1.5.15.pom
[be4905fd-9f3f-4133-9099-829cabd18feb/build]   | [INFO] Downloaded from central: https://repo.maven.apache.org/maven2/org/codehaus/plexus/plexus-utils/1.5.15/plexus-utils-1.5.15.pom (6.8 kB at 978 kB/s)
[be4905fd-9f3f-4133-9099-829cabd18feb/build]   | [INFO] Downloading from central: https://repo.maven.apache.org/maven2/org/codehaus/plexus/plexus/2.0.2/plexus-2.0.2.pom
[be4905fd-9f3f-4133-9099-829cabd18feb/build]   | [INFO] Downloaded from central: https://repo.maven.apache.org/maven2/org/codehaus/plexus/plexus/2.0.2/plexus-2.0.2.pom (12 kB at 1.9 MB/s)
[be4905fd-9f3f-4133-9099-829cabd18feb/build]   | [INFO] Downloading from central: https://repo.maven.apache.org/maven2/org/codehaus/plexus/plexus-interpolation/1.12/plexus-interpolation-1.12.pom
[be4905fd-9f3f-4133-9099-829cabd18feb/build]   | [INFO] Downloaded from central: https://repo.maven.apache.org/maven2/org/codehaus/plexus/plexus-interpolation/1.12/plexus-interpolation-1.12.pom (889 B at 111 kB/s)
[be4905fd-9f3f-4133-9099-829cabd18feb/build]   | [INFO] Downloading from central: https://repo.maven.apache.org/maven2/org/codehaus/plexus/plexus-components/1.1.14/plexus-components-1.1.14.pom
[be4905fd-9f3f-4133-9099-829cabd18feb/build]   | [INFO] Downloaded from central: https://repo.maven.apache.org/maven2/org/codehaus/plexus/plexus-components/1.1.14/plexus-components-1.1.14.pom (5.8 kB at 835 kB/s)
[be4905fd-9f3f-4133-9099-829cabd18feb/build]   | [INFO] Downloading from central: https://repo.maven.apache.org/maven2/org/sonatype/plexus/plexus-build-api/0.0.4/plexus-build-api-0.0.4.pom
[be4905fd-9f3f-4133-9099-829cabd18feb/build]   | [INFO] Downloaded from central: https://repo.maven.apache.org/maven2/org/sonatype/plexus/plexus-build-api/0.0.4/plexus-build-api-0.0.4.pom (2.9 kB at 409 kB/s)
[be4905fd-9f3f-4133-9099-829cabd18feb/build]   | [INFO] Downloading from central: https://repo.maven.apache.org/maven2/org/sonatype/spice/spice-parent/10/spice-parent-10.pom
[be4905fd-9f3f-4133-9099-829cabd18feb/build]   | [INFO] Downloaded from central: https://repo.maven.apache.org/maven2/org/sonatype/spice/spice-parent/10/spice-parent-10.pom (3.0 kB at 431 kB/s)
[be4905fd-9f3f-4133-9099-829cabd18feb/build]   | [INFO] Downloading from central: https://repo.maven.apache.org/maven2/org/sonatype/forge/forge-parent/3/forge-parent-3.pom
[be4905fd-9f3f-4133-9099-829cabd18feb/build]   | [INFO] Downloaded from central: https://repo.maven.apache.org/maven2/org/sonatype/forge/forge-parent/3/forge-parent-3.pom (5.0 kB at 719 kB/s)
[be4905fd-9f3f-4133-9099-829cabd18feb/build]   | [INFO] Downloading from central: https://repo.maven.apache.org/maven2/org/codehaus/plexus/plexus-utils/1.5.8/plexus-utils-1.5.8.pom
[be4905fd-9f3f-4133-9099-829cabd18feb/build]   | [INFO] Downloaded from central: https://repo.maven.apache.org/maven2/org/codehaus/plexus/plexus-utils/1.5.8/plexus-utils-1.5.8.pom (8.1 kB at 1.2 MB/s)
[be4905fd-9f3f-4133-9099-829cabd18feb/build]   | [INFO] Downloading from central: https://repo.maven.apache.org/maven2/org/codehaus/plexus/plexus-interpolation/1.13/plexus-interpolation-1.13.pom
[be4905fd-9f3f-4133-9099-829cabd18feb/build]   | [INFO] Downloaded from central: https://repo.maven.apache.org/maven2/org/codehaus/plexus/plexus-interpolation/1.13/plexus-interpolation-1.13.pom (890 B at 127 kB/s)
[be4905fd-9f3f-4133-9099-829cabd18feb/build]   | [INFO] Downloading from central: https://repo.maven.apache.org/maven2/org/codehaus/plexus/plexus-components/1.1.15/plexus-components-1.1.15.pom
[be4905fd-9f3f-4133-9099-829cabd18feb/build]   | [INFO] Downloaded from central: https://repo.maven.apache.org/maven2/org/codehaus/plexus/plexus-components/1.1.15/plexus-components-1.1.15.pom (2.8 kB at 475 kB/s)
[be4905fd-9f3f-4133-9099-829cabd18feb/build]   | [INFO] Downloading from central: https://repo.maven.apache.org/maven2/org/codehaus/plexus/plexus/2.0.3/plexus-2.0.3.pom
[be4905fd-9f3f-4133-9099-829cabd18feb/build]   | [INFO] Downloaded from central: https://repo.maven.apache.org/maven2/org/codehaus/plexus/plexus/2.0.3/plexus-2.0.3.pom (15 kB at 1.9 MB/s)
[be4905fd-9f3f-4133-9099-829cabd18feb/build]   | [INFO] Downloading from central: https://repo.maven.apache.org/maven2/org/apache/maven/maven-plugin-api/2.0.6/maven-plugin-api-2.0.6.jar
[be4905fd-9f3f-4133-9099-829cabd18feb/build]   | [INFO] Downloading from central: https://repo.maven.apache.org/maven2/org/apache/maven/maven-project/2.0.6/maven-project-2.0.6.jar
[be4905fd-9f3f-4133-9099-829cabd18feb/build]   | [INFO] Downloading from central: https://repo.maven.apache.org/maven2/org/apache/maven/maven-profile/2.0.6/maven-profile-2.0.6.jar
[be4905fd-9f3f-4133-9099-829cabd18feb/build]   | [INFO] Downloading from central: https://repo.maven.apache.org/maven2/org/apache/maven/maven-artifact-manager/2.0.6/maven-artifact-manager-2.0.6.jar
[be4905fd-9f3f-4133-9099-829cabd18feb/build]   | [INFO] Downloading from central: https://repo.maven.apache.org/maven2/org/apache/maven/maven-plugin-registry/2.0.6/maven-plugin-registry-2.0.6.jar
[be4905fd-9f3f-4133-9099-829cabd18feb/build]   | [INFO] Downloaded from central: https://repo.maven.apache.org/maven2/org/apache/maven/maven-plugin-api/2.0.6/maven-plugin-api-2.0.6.jar (13 kB at 1.6 MB/s)
[be4905fd-9f3f-4133-9099-829cabd18feb/build]   | [INFO] Downloading from central: https://repo.maven.apache.org/maven2/org/apache/maven/maven-core/2.0.6/maven-core-2.0.6.jar
[be4905fd-9f3f-4133-9099-829cabd18feb/build]   | [INFO] Downloaded from central: https://repo.maven.apache.org/maven2/org/apache/maven/maven-artifact-manager/2.0.6/maven-artifact-manager-2.0.6.jar (57 kB at 7.1 MB/s)
[be4905fd-9f3f-4133-9099-829cabd18feb/build]   | [INFO] Downloading from central: https://repo.maven.apache.org/maven2/org/apache/maven/maven-plugin-parameter-documenter/2.0.6/maven-plugin-parameter-documenter-2.0.6.jar
[be4905fd-9f3f-4133-9099-829cabd18feb/build]   | [INFO] Downloaded from central: https://repo.maven.apache.org/maven2/org/apache/maven/maven-project/2.0.6/maven-project-2.0.6.jar (116 kB at 13 MB/s)
[be4905fd-9f3f-4133-9099-829cabd18feb/build]   | [INFO] Downloading from central: https://repo.maven.apache.org/maven2/org/apache/maven/reporting/maven-reporting-api/2.0.6/maven-reporting-api-2.0.6.jar
[be4905fd-9f3f-4133-9099-829cabd18feb/build]   | [INFO] Downloaded from central: https://repo.maven.apache.org/maven2/org/apache/maven/maven-plugin-registry/2.0.6/maven-plugin-registry-2.0.6.jar (29 kB at 3.2 MB/s)
[be4905fd-9f3f-4133-9099-829cabd18feb/build]   | [INFO] Downloading from central: https://repo.maven.apache.org/maven2/org/apache/maven/doxia/doxia-sink-api/1.0-alpha-7/doxia-sink-api-1.0-alpha-7.jar
[be4905fd-9f3f-4133-9099-829cabd18feb/build]   | [INFO] Downloaded from central: https://repo.maven.apache.org/maven2/org/apache/maven/maven-profile/2.0.6/maven-profile-2.0.6.jar (35 kB at 3.5 MB/s)
[be4905fd-9f3f-4133-9099-829cabd18feb/build]   | [INFO] Downloading from central: https://repo.maven.apache.org/maven2/org/apache/maven/maven-repository-metadata/2.0.6/maven-repository-metadata-2.0.6.jar
[be4905fd-9f3f-4133-9099-829cabd18feb/build]   | [INFO] Downloaded from central: https://repo.maven.apache.org/maven2/org/apache/maven/doxia/doxia-sink-api/1.0-alpha-7/doxia-sink-api-1.0-alpha-7.jar (5.9 kB at 396 kB/s)
[be4905fd-9f3f-4133-9099-829cabd18feb/build]   | [INFO] Downloading from central: https://repo.maven.apache.org/maven2/org/apache/maven/maven-error-diagnostics/2.0.6/maven-error-diagnostics-2.0.6.jar
[be4905fd-9f3f-4133-9099-829cabd18feb/build]   | [INFO] Downloaded from central: https://repo.maven.apache.org/maven2/org/apache/maven/maven-core/2.0.6/maven-core-2.0.6.jar (152 kB at 10 MB/s)
[be4905fd-9f3f-4133-9099-829cabd18feb/build]   | [INFO] Downloading from central: https://repo.maven.apache.org/maven2/commons-cli/commons-cli/1.0/commons-cli-1.0.jar
[be4905fd-9f3f-4133-9099-829cabd18feb/build]   | [INFO] Downloaded from central: https://repo.maven.apache.org/maven2/org/apache/maven/maven-plugin-parameter-documenter/2.0.6/maven-plugin-parameter-documenter-2.0.6.jar (21 kB at 1.2 MB/s)
[be4905fd-9f3f-4133-9099-829cabd18feb/build]   | [INFO] Downloaded from central: https://repo.maven.apache.org/maven2/org/apache/maven/reporting/maven-reporting-api/2.0.6/maven-reporting-api-2.0.6.jar (9.9 kB at 552 kB/s)
[be4905fd-9f3f-4133-9099-829cabd18feb/build]   | [INFO] Downloading from central: https://repo.maven.apache.org/maven2/org/apache/maven/maven-plugin-descriptor/2.0.6/maven-plugin-descriptor-2.0.6.jar
[be4905fd-9f3f-4133-9099-829cabd18feb/build]   | [INFO] Downloading from central: https://repo.maven.apache.org/maven2/org/codehaus/plexus/plexus-interactivity-api/1.0-alpha-4/plexus-interactivity-api-1.0-alpha-4.jar
[be4905fd-9f3f-4133-9099-829cabd18feb/build]   | [INFO] Downloaded from central: https://repo.maven.apache.org/maven2/org/apache/maven/maven-repository-metadata/2.0.6/maven-repository-metadata-2.0.6.jar (24 kB at 1.4 MB/s)
[be4905fd-9f3f-4133-9099-829cabd18feb/build]   | [INFO] Downloading from central: https://repo.maven.apache.org/maven2/classworlds/classworlds/1.1/classworlds-1.1.jar
[be4905fd-9f3f-4133-9099-829cabd18feb/build]   | [INFO] Downloaded from central: https://repo.maven.apache.org/maven2/commons-cli/commons-cli/1.0/commons-cli-1.0.jar (30 kB at 1.4 MB/s)
[be4905fd-9f3f-4133-9099-829cabd18feb/build]   | [INFO] Downloading from central: https://repo.maven.apache.org/maven2/org/apache/maven/maven-artifact/2.0.6/maven-artifact-2.0.6.jar
[be4905fd-9f3f-4133-9099-829cabd18feb/build]   | [INFO] Downloaded from central: https://repo.maven.apache.org/maven2/org/apache/maven/maven-error-diagnostics/2.0.6/maven-error-diagnostics-2.0.6.jar (14 kB at 619 kB/s)
[be4905fd-9f3f-4133-9099-829cabd18feb/build]   | [INFO] Downloading from central: https://repo.maven.apache.org/maven2/org/apache/maven/maven-settings/2.0.6/maven-settings-2.0.6.jar
[be4905fd-9f3f-4133-9099-829cabd18feb/build]   | [INFO] Downloaded from central: https://repo.maven.apache.org/maven2/org/codehaus/plexus/plexus-interactivity-api/1.0-alpha-4/plexus-interactivity-api-1.0-alpha-4.jar (13 kB at 559 kB/s)
[be4905fd-9f3f-4133-9099-829cabd18feb/build]   | [INFO] Downloading from central: https://repo.maven.apache.org/maven2/org/apache/maven/maven-model/2.0.6/maven-model-2.0.6.jar
[be4905fd-9f3f-4133-9099-829cabd18feb/build]   | [INFO] Downloaded from central: https://repo.maven.apache.org/maven2/classworlds/classworlds/1.1/classworlds-1.1.jar (38 kB at 1.5 MB/s)
[be4905fd-9f3f-4133-9099-829cabd18feb/build]   | [INFO] Downloading from central: https://repo.maven.apache.org/maven2/org/apache/maven/maven-monitor/2.0.6/maven-monitor-2.0.6.jar
[be4905fd-9f3f-4133-9099-829cabd18feb/build]   | [INFO] Downloaded from central: https://repo.maven.apache.org/maven2/org/apache/maven/maven-plugin-descriptor/2.0.6/maven-plugin-descriptor-2.0.6.jar (37 kB at 1.4 MB/s)
[be4905fd-9f3f-4133-9099-829cabd18feb/build]   | [INFO] Downloading from central: https://repo.maven.apache.org/maven2/org/codehaus/plexus/plexus-container-default/1.0-alpha-9-stable-1/plexus-container-default-1.0-alpha-9-stable-1.jar
[be4905fd-9f3f-4133-9099-829cabd18feb/build]   | [INFO] Downloaded from central: https://repo.maven.apache.org/maven2/org/apache/maven/maven-artifact/2.0.6/maven-artifact-2.0.6.jar (87 kB at 3.0 MB/s)
[be4905fd-9f3f-4133-9099-829cabd18feb/build]   | [INFO] Downloading from central: https://repo.maven.apache.org/maven2/junit/junit/3.8.1/junit-3.8.1.jar
[be4905fd-9f3f-4133-9099-829cabd18feb/build]   | [INFO] Downloaded from central: https://repo.maven.apache.org/maven2/org/apache/maven/maven-model/2.0.6/maven-model-2.0.6.jar (86 kB at 2.9 MB/s)
[be4905fd-9f3f-4133-9099-829cabd18feb/build]   | [INFO] Downloading from central: https://repo.maven.apache.org/maven2/org/codehaus/plexus/plexus-utils/2.0.5/plexus-utils-2.0.5.jar
[be4905fd-9f3f-4133-9099-829cabd18feb/build]   | [INFO] Downloaded from central: https://repo.maven.apache.org/maven2/org/apache/maven/maven-settings/2.0.6/maven-settings-2.0.6.jar (49 kB at 1.5 MB/s)
[be4905fd-9f3f-4133-9099-829cabd18feb/build]   | [INFO] Downloading from central: https://repo.maven.apache.org/maven2/org/apache/maven/shared/maven-filtering/1.1/maven-filtering-1.1.jar
[be4905fd-9f3f-4133-9099-829cabd18feb/build]   | [INFO] Downloaded from central: https://repo.maven.apache.org/maven2/org/codehaus/plexus/plexus-container-default/1.0-alpha-9-stable-1/plexus-container-default-1.0-alpha-9-stable-1.jar (194 kB at 5.5 MB/s)
[be4905fd-9f3f-4133-9099-829cabd18feb/build]   | [INFO] Downloading from central: https://repo.maven.apache.org/maven2/org/sonatype/plexus/plexus-build-api/0.0.4/plexus-build-api-0.0.4.jar
[be4905fd-9f3f-4133-9099-829cabd18feb/build]   | [INFO] Downloaded from central: https://repo.maven.apache.org/maven2/junit/junit/3.8.1/junit-3.8.1.jar (121 kB at 3.4 MB/s)
[be4905fd-9f3f-4133-9099-829cabd18feb/build]   | [INFO] Downloading from central: https://repo.maven.apache.org/maven2/org/codehaus/plexus/plexus-interpolation/1.13/plexus-interpolation-1.13.jar
[be4905fd-9f3f-4133-9099-829cabd18feb/build]   | [INFO] Downloaded from central: https://repo.maven.apache.org/maven2/org/apache/maven/maven-monitor/2.0.6/maven-monitor-2.0.6.jar (10 kB at 284 kB/s)
[be4905fd-9f3f-4133-9099-829cabd18feb/build]   | [INFO] Downloaded from central: https://repo.maven.apache.org/maven2/org/codehaus/plexus/plexus-utils/2.0.5/plexus-utils-2.0.5.jar (223 kB at 5.7 MB/s)
[be4905fd-9f3f-4133-9099-829cabd18feb/build]   | [INFO] Downloaded from central: https://repo.maven.apache.org/maven2/org/sonatype/plexus/plexus-build-api/0.0.4/plexus-build-api-0.0.4.jar (6.8 kB at 166 kB/s)
[be4905fd-9f3f-4133-9099-829cabd18feb/build]   | [INFO] Downloaded from central: https://repo.maven.apache.org/maven2/org/apache/maven/shared/maven-filtering/1.1/maven-filtering-1.1.jar (43 kB at 1.0 MB/s)
[be4905fd-9f3f-4133-9099-829cabd18feb/build]   | [INFO] Downloaded from central: https://repo.maven.apache.org/maven2/org/codehaus/plexus/plexus-interpolation/1.13/plexus-interpolation-1.13.jar (61 kB at 1.3 MB/s)
[be4905fd-9f3f-4133-9099-829cabd18feb/build]   | [INFO] Using 'UTF-8' encoding to copy filtered resources.
[be4905fd-9f3f-4133-9099-829cabd18feb/build]   | [INFO] skip non existing resourceDirectory /tmp/8bf41f7b-52e5-42af-98af-fa2f98d23087/src/main/resources
[be4905fd-9f3f-4133-9099-829cabd18feb/build]   | [INFO] 
[be4905fd-9f3f-4133-9099-829cabd18feb/build]   | [INFO] --- maven-compiler-plugin:3.10.1:compile (default-compile) @ Java ---
[be4905fd-9f3f-4133-9099-829cabd18feb/build]   | [INFO] Downloading from central: https://repo.maven.apache.org/maven2/org/apache/maven/shared/maven-shared-utils/3.3.4/maven-shared-utils-3.3.4.pom
[be4905fd-9f3f-4133-9099-829cabd18feb/build]   | [INFO] Downloaded from central: https://repo.maven.apache.org/maven2/org/apache/maven/shared/maven-shared-utils/3.3.4/maven-shared-utils-3.3.4.pom (5.8 kB at 972 kB/s)
[be4905fd-9f3f-4133-9099-829cabd18feb/build]   | [INFO] Downloading from central: https://repo.maven.apache.org/maven2/org/apache/maven/shared/maven-shared-components/34/maven-shared-components-34.pom
[be4905fd-9f3f-4133-9099-829cabd18feb/build]   | [INFO] Downloaded from central: https://repo.maven.apache.org/maven2/org/apache/maven/shared/maven-shared-components/34/maven-shared-components-34.pom (5.1 kB at 510 kB/s)
[be4905fd-9f3f-4133-9099-829cabd18feb/build]   | [INFO] Downloading from central: https://repo.maven.apache.org/maven2/commons-io/commons-io/2.6/commons-io-2.6.pom
[be4905fd-9f3f-4133-9099-829cabd18feb/build]   | [INFO] Downloaded from central: https://repo.maven.apache.org/maven2/commons-io/commons-io/2.6/commons-io-2.6.pom (14 kB at 1.6 MB/s)
[be4905fd-9f3f-4133-9099-829cabd18feb/build]   | [INFO] Downloading from central: https://repo.maven.apache.org/maven2/org/apache/commons/commons-parent/42/commons-parent-42.pom
[be4905fd-9f3f-4133-9099-829cabd18feb/build]   | [INFO] Downloaded from central: https://repo.maven.apache.org/maven2/org/apache/commons/commons-parent/42/commons-parent-42.pom (68 kB at 8.5 MB/s)
[be4905fd-9f3f-4133-9099-829cabd18feb/build]   | [INFO] Downloading from central: https://repo.maven.apache.org/maven2/org/apache/apache/18/apache-18.pom
[be4905fd-9f3f-4133-9099-829cabd18feb/build]   | [INFO] Downloaded from central: https://repo.maven.apache.org/maven2/org/apache/apache/18/apache-18.pom (16 kB at 2.0 MB/s)
[be4905fd-9f3f-4133-9099-829cabd18feb/build]   | [INFO] Downloading from central: https://repo.maven.apache.org/maven2/org/apache/maven/shared/maven-shared-incremental/1.1/maven-shared-incremental-1.1.pom
[be4905fd-9f3f-4133-9099-829cabd18feb/build]   | [INFO] Downloaded from central: https://repo.maven.apache.org/maven2/org/apache/maven/shared/maven-shared-incremental/1.1/maven-shared-incremental-1.1.pom (4.7 kB at 677 kB/s)
[be4905fd-9f3f-4133-9099-829cabd18feb/build]   | [INFO] Downloading from central: https://repo.maven.apache.org/maven2/org/apache/maven/shared/maven-shared-components/19/maven-shared-components-19.pom
[be4905fd-9f3f-4133-9099-829cabd18feb/build]   | [INFO] Downloaded from central: https://repo.maven.apache.org/maven2/org/apache/maven/shared/maven-shared-components/19/maven-shared-components-19.pom (6.4 kB at 578 kB/s)
[be4905fd-9f3f-4133-9099-829cabd18feb/build]   | [INFO] Downloading from central: https://repo.maven.apache.org/maven2/org/apache/maven/maven-parent/23/maven-parent-23.pom
[be4905fd-9f3f-4133-9099-829cabd18feb/build]   | [INFO] Downloaded from central: https://repo.maven.apache.org/maven2/org/apache/maven/maven-parent/23/maven-parent-23.pom (33 kB at 4.7 MB/s)
[be4905fd-9f3f-4133-9099-829cabd18feb/build]   | [INFO] Downloading from central: https://repo.maven.apache.org/maven2/org/apache/apache/13/apache-13.pom
[be4905fd-9f3f-4133-9099-829cabd18feb/build]   | [INFO] Downloaded from central: https://repo.maven.apache.org/maven2/org/apache/apache/13/apache-13.pom (14 kB at 2.0 MB/s)
[be4905fd-9f3f-4133-9099-829cabd18feb/build]   | [INFO] Downloading from central: https://repo.maven.apache.org/maven2/org/codehaus/plexus/plexus-component-annotations/2.0.0/plexus-component-annotations-2.0.0.pom
[be4905fd-9f3f-4133-9099-829cabd18feb/build]   | [INFO] Downloaded from central: https://repo.maven.apache.org/maven2/org/codehaus/plexus/plexus-component-annotations/2.0.0/plexus-component-annotations-2.0.0.pom (750 B at 47 kB/s)
[be4905fd-9f3f-4133-9099-829cabd18feb/build]   | [INFO] Downloading from central: https://repo.maven.apache.org/maven2/org/codehaus/plexus/plexus-containers/2.0.0/plexus-containers-2.0.0.pom
[be4905fd-9f3f-4133-9099-829cabd18feb/build]   | [INFO] Downloaded from central: https://repo.maven.apache.org/maven2/org/codehaus/plexus/plexus-containers/2.0.0/plexus-containers-2.0.0.pom (4.8 kB at 300 kB/s)
[be4905fd-9f3f-4133-9099-829cabd18feb/build]   | [INFO] Downloading from central: https://repo.maven.apache.org/maven2/org/codehaus/plexus/plexus/5.1/plexus-5.1.pom
[be4905fd-9f3f-4133-9099-829cabd18feb/build]   | [INFO] Downloaded from central: https://repo.maven.apache.org/maven2/org/codehaus/plexus/plexus/5.1/plexus-5.1.pom (23 kB at 1.4 MB/s)
[be4905fd-9f3f-4133-9099-829cabd18feb/build]   | [INFO] Downloading from central: https://repo.maven.apache.org/maven2/org/codehaus/plexus/plexus-java/1.1.1/plexus-java-1.1.1.pom
[be4905fd-9f3f-4133-9099-829cabd18feb/build]   | [INFO] Downloaded from central: https://repo.maven.apache.org/maven2/org/codehaus/plexus/plexus-java/1.1.1/plexus-java-1.1.1.pom (5.0 kB at 276 kB/s)
[be4905fd-9f3f-4133-9099-829cabd18feb/build]   | [INFO] Downloading from central: https://repo.maven.apache.org/maven2/org/codehaus/plexus/plexus-languages/1.1.1/plexus-languages-1.1.1.pom
[be4905fd-9f3f-4133-9099-829cabd18feb/build]   | [INFO] Downloaded from central: https://repo.maven.apache.org/maven2/org/codehaus/plexus/plexus-languages/1.1.1/plexus-languages-1.1.1.pom (4.6 kB at 201 kB/s)
[be4905fd-9f3f-4133-9099-829cabd18feb/build]   | [INFO] Downloading from central: https://repo.maven.apache.org/maven2/org/codehaus/plexus/plexus/8/plexus-8.pom
[be4905fd-9f3f-4133-9099-829cabd18feb/build]   | [INFO] Downloaded from central: https://repo.maven.apache.org/maven2/org/codehaus/plexus/plexus/8/plexus-8.pom (25 kB at 1.0 MB/s)
[be4905fd-9f3f-4133-9099-829cabd18feb/build]   | [INFO] Downloading from central: https://repo.maven.apache.org/maven2/org/ow2/asm/asm/9.2/asm-9.2.pom
[be4905fd-9f3f-4133-9099-829cabd18feb/build]   | [INFO] Downloaded from central: https://repo.maven.apache.org/maven2/org/ow2/asm/asm/9.2/asm-9.2.pom (2.4 kB at 85 kB/s)
[be4905fd-9f3f-4133-9099-829cabd18feb/build]   | [INFO] Downloading from central: https://repo.maven.apache.org/maven2/org/ow2/ow2/1.5/ow2-1.5.pom
[be4905fd-9f3f-4133-9099-829cabd18feb/build]   | [INFO] Downloaded from central: https://repo.maven.apache.org/maven2/org/ow2/ow2/1.5/ow2-1.5.pom (11 kB at 591 kB/s)
[be4905fd-9f3f-4133-9099-829cabd18feb/build]   | [INFO] Downloading from central: https://repo.maven.apache.org/maven2/com/thoughtworks/qdox/qdox/2.0.1/qdox-2.0.1.pom
[be4905fd-9f3f-4133-9099-829cabd18feb/build]   | [INFO] Downloaded from central: https://repo.maven.apache.org/maven2/com/thoughtworks/qdox/qdox/2.0.1/qdox-2.0.1.pom (16 kB at 1.0 MB/s)
[be4905fd-9f3f-4133-9099-829cabd18feb/build]   | [INFO] Downloading from central: https://repo.maven.apache.org/maven2/org/sonatype/oss/oss-parent/9/oss-parent-9.pom
[be4905fd-9f3f-4133-9099-829cabd18feb/build]   | [INFO] Downloaded from central: https://repo.maven.apache.org/maven2/org/sonatype/oss/oss-parent/9/oss-parent-9.pom (6.6 kB at 438 kB/s)
[be4905fd-9f3f-4133-9099-829cabd18feb/build]   | [INFO] Downloading from central: https://repo.maven.apache.org/maven2/org/codehaus/plexus/plexus-compiler-api/2.11.1/plexus-compiler-api-2.11.1.pom
[be4905fd-9f3f-4133-9099-829cabd18feb/build]   | [INFO] Downloaded from central: https://repo.maven.apache.org/maven2/org/codehaus/plexus/plexus-compiler-api/2.11.1/plexus-compiler-api-2.11.1.pom (1.1 kB at 76 kB/s)
[be4905fd-9f3f-4133-9099-829cabd18feb/build]   | [INFO] Downloading from central: https://repo.maven.apache.org/maven2/org/codehaus/plexus/plexus-compiler/2.11.1/plexus-compiler-2.11.1.pom
[be4905fd-9f3f-4133-9099-829cabd18feb/build]   | [INFO] Downloaded from central: https://repo.maven.apache.org/maven2/org/codehaus/plexus/plexus-compiler/2.11.1/plexus-compiler-2.11.1.pom (8.1 kB at 478 kB/s)
[be4905fd-9f3f-4133-9099-829cabd18feb/build]   | [INFO] Downloading from central: https://repo.maven.apache.org/maven2/org/codehaus/plexus/plexus-components/6.6/plexus-components-6.6.pom
[be4905fd-9f3f-4133-9099-829cabd18feb/build]   | [INFO] Downloaded from central: https://repo.maven.apache.org/maven2/org/codehaus/plexus/plexus-components/6.6/plexus-components-6.6.pom (2.7 kB at 268 kB/s)
[be4905fd-9f3f-4133-9099-829cabd18feb/build]   | [INFO] Downloading from central: https://repo.maven.apache.org/maven2/org/codehaus/plexus/plexus-utils/3.4.1/plexus-utils-3.4.1.pom
[be4905fd-9f3f-4133-9099-829cabd18feb/build]   | [INFO] Downloaded from central: https://repo.maven.apache.org/maven2/org/codehaus/plexus/plexus-utils/3.4.1/plexus-utils-3.4.1.pom (8.0 kB at 498 kB/s)
[be4905fd-9f3f-4133-9099-829cabd18feb/build]   | [INFO] Downloading from central: https://repo.maven.apache.org/maven2/org/codehaus/plexus/plexus-compiler-manager/2.11.1/plexus-compiler-manager-2.11.1.pom
[be4905fd-9f3f-4133-9099-829cabd18feb/build]   | [INFO] Downloaded from central: https://repo.maven.apache.org/maven2/org/codehaus/plexus/plexus-compiler-manager/2.11.1/plexus-compiler-manager-2.11.1.pom (1.1 kB at 67 kB/s)
[be4905fd-9f3f-4133-9099-829cabd18feb/build]   | [INFO] Downloading from central: https://repo.maven.apache.org/maven2/org/codehaus/plexus/plexus-compiler-javac/2.11.1/plexus-compiler-javac-2.11.1.pom
[be4905fd-9f3f-4133-9099-829cabd18feb/build]   | [INFO] Downloaded from central: https://repo.maven.apache.org/maven2/org/codehaus/plexus/plexus-compiler-javac/2.11.1/plexus-compiler-javac-2.11.1.pom (1.2 kB at 75 kB/s)
[be4905fd-9f3f-4133-9099-829cabd18feb/build]   | [INFO] Downloading from central: https://repo.maven.apache.org/maven2/org/codehaus/plexus/plexus-compilers/2.11.1/plexus-compilers-2.11.1.pom
[be4905fd-9f3f-4133-9099-829cabd18feb/build]   | [INFO] Downloaded from central: https://repo.maven.apache.org/maven2/org/codehaus/plexus/plexus-compilers/2.11.1/plexus-compilers-2.11.1.pom (1.3 kB at 94 kB/s)
[be4905fd-9f3f-4133-9099-829cabd18feb/build]   | [INFO] Downloading from central: https://repo.maven.apache.org/maven2/commons-io/commons-io/2.6/commons-io-2.6.jar
[be4905fd-9f3f-4133-9099-829cabd18feb/build]   | [INFO] Downloading from central: https://repo.maven.apache.org/maven2/org/codehaus/plexus/plexus-java/1.1.1/plexus-java-1.1.1.jar
[be4905fd-9f3f-4133-9099-829cabd18feb/build]   | [INFO] Downloading from central: https://repo.maven.apache.org/maven2/org/apache/maven/shared/maven-shared-utils/3.3.4/maven-shared-utils-3.3.4.jar
[be4905fd-9f3f-4133-9099-829cabd18feb/build]   | [INFO] Downloading from central: https://repo.maven.apache.org/maven2/org/apache/maven/shared/maven-shared-incremental/1.1/maven-shared-incremental-1.1.jar
[be4905fd-9f3f-4133-9099-829cabd18feb/build]   | [INFO] Downloading from central: https://repo.maven.apache.org/maven2/org/codehaus/plexus/plexus-component-annotations/2.0.0/plexus-component-annotations-2.0.0.jar
[be4905fd-9f3f-4133-9099-829cabd18feb/build]   | [INFO] Downloaded from central: https://repo.maven.apache.org/maven2/org/apache/maven/shared/maven-shared-incremental/1.1/maven-shared-incremental-1.1.jar (14 kB at 451 kB/s)
[be4905fd-9f3f-4133-9099-829cabd18feb/build]   | [INFO] Downloading from central: https://repo.maven.apache.org/maven2/org/ow2/asm/asm/9.2/asm-9.2.jar
[be4905fd-9f3f-4133-9099-829cabd18feb/build]   | [INFO] Downloaded from central: https://repo.maven.apache.org/maven2/org/codehaus/plexus/plexus-component-annotations/2.0.0/plexus-component-annotations-2.0.0.jar (4.2 kB at 136 kB/s)
[be4905fd-9f3f-4133-9099-829cabd18feb/build]   | [INFO] Downloading from central: https://repo.maven.apache.org/maven2/com/thoughtworks/qdox/qdox/2.0.1/qdox-2.0.1.jar
[be4905fd-9f3f-4133-9099-829cabd18feb/build]   | [INFO] Downloaded from central: https://repo.maven.apache.org/maven2/org/apache/maven/shared/maven-shared-utils/3.3.4/maven-shared-utils-3.3.4.jar (153 kB at 4.6 MB/s)
[be4905fd-9f3f-4133-9099-829cabd18feb/build]   | [INFO] Downloading from central: https://repo.maven.apache.org/maven2/org/codehaus/plexus/plexus-compiler-api/2.11.1/plexus-compiler-api-2.11.1.jar
[be4905fd-9f3f-4133-9099-829cabd18feb/build]   | [INFO] Downloaded from central: https://repo.maven.apache.org/maven2/org/codehaus/plexus/plexus-java/1.1.1/plexus-java-1.1.1.jar (54 kB at 1.5 MB/s)
[be4905fd-9f3f-4133-9099-829cabd18feb/build]   | [INFO] Downloading from central: https://repo.maven.apache.org/maven2/org/codehaus/plexus/plexus-utils/3.4.1/plexus-utils-3.4.1.jar
[be4905fd-9f3f-4133-9099-829cabd18feb/build]   | [INFO] Downloaded from central: https://repo.maven.apache.org/maven2/commons-io/commons-io/2.6/commons-io-2.6.jar (215 kB at 5.7 MB/s)
[be4905fd-9f3f-4133-9099-829cabd18feb/build]   | [INFO] Downloading from central: https://repo.maven.apache.org/maven2/org/codehaus/plexus/plexus-compiler-manager/2.11.1/plexus-compiler-manager-2.11.1.jar
[be4905fd-9f3f-4133-9099-829cabd18feb/build]   | [INFO] Downloaded from central: https://repo.maven.apache.org/maven2/org/codehaus/plexus/plexus-compiler-api/2.11.1/plexus-compiler-api-2.11.1.jar (27 kB at 728 kB/s)
[be4905fd-9f3f-4133-9099-829cabd18feb/build]   | [INFO] Downloading from central: https://repo.maven.apache.org/maven2/org/codehaus/plexus/plexus-compiler-javac/2.11.1/plexus-compiler-javac-2.11.1.jar
[be4905fd-9f3f-4133-9099-829cabd18feb/build]   | [INFO] Downloaded from central: https://repo.maven.apache.org/maven2/org/ow2/asm/asm/9.2/asm-9.2.jar (122 kB at 2.4 MB/s)
[be4905fd-9f3f-4133-9099-829cabd18feb/build]   | [INFO] Downloaded from central: https://repo.maven.apache.org/maven2/org/codehaus/plexus/plexus-compiler-manager/2.11.1/plexus-compiler-manager-2.11.1.jar (4.7 kB at 108 kB/s)
[be4905fd-9f3f-4133-9099-829cabd18feb/build]   | [INFO] Downloaded from central: https://repo.maven.apache.org/maven2/org/codehaus/plexus/plexus-utils/3.4.1/plexus-utils-3.4.1.jar (264 kB at 5.2 MB/s)
[be4905fd-9f3f-4133-9099-829cabd18feb/build]   | [INFO] Downloaded from central: https://repo.maven.apache.org/maven2/com/thoughtworks/qdox/qdox/2.0.1/qdox-2.0.1.jar (334 kB at 5.1 MB/s)
[be4905fd-9f3f-4133-9099-829cabd18feb/build]   | [INFO] Downloaded from central: https://repo.maven.apache.org/maven2/org/codehaus/plexus/plexus-compiler-javac/2.11.1/plexus-compiler-javac-2.11.1.jar (23 kB at 423 kB/s)
[be4905fd-9f3f-4133-9099-829cabd18feb/build]   | [INFO] Changes detected - recompiling the module!
[be4905fd-9f3f-4133-9099-829cabd18feb/build]   | [INFO] Compiling 468 source files to /tmp/8bf41f7b-52e5-42af-98af-fa2f98d23087/target/classes
[be4905fd-9f3f-4133-9099-829cabd18feb/build]   | [INFO] /tmp/8bf41f7b-52e5-42af-98af-fa2f98d23087/src/main/java/com/thealgorithms/sorts/PigeonholeSort.java: Some input files use unchecked or unsafe operations.
[be4905fd-9f3f-4133-9099-829cabd18feb/build]   | [INFO] /tmp/8bf41f7b-52e5-42af-98af-fa2f98d23087/src/main/java/com/thealgorithms/sorts/PigeonholeSort.java: Recompile with -Xlint:unchecked for details.
[be4905fd-9f3f-4133-9099-829cabd18feb/build]   | [INFO] 
[be4905fd-9f3f-4133-9099-829cabd18feb/build]   | [INFO] --- maven-resources-plugin:2.6:testResources (default-testResources) @ Java ---
[be4905fd-9f3f-4133-9099-829cabd18feb/build]   | [INFO] Using 'UTF-8' encoding to copy filtered resources.
[be4905fd-9f3f-4133-9099-829cabd18feb/build]   | [INFO] skip non existing resourceDirectory /tmp/8bf41f7b-52e5-42af-98af-fa2f98d23087/src/test/resources
[be4905fd-9f3f-4133-9099-829cabd18feb/build]   | [INFO] 
[be4905fd-9f3f-4133-9099-829cabd18feb/build]   | [INFO] --- maven-compiler-plugin:3.10.1:testCompile (default-testCompile) @ Java ---
[be4905fd-9f3f-4133-9099-829cabd18feb/build]   | [INFO] Changes detected - recompiling the module!
[be4905fd-9f3f-4133-9099-829cabd18feb/build]   | [INFO] Compiling 219 source files to /tmp/8bf41f7b-52e5-42af-98af-fa2f98d23087/target/test-classes
[be4905fd-9f3f-4133-9099-829cabd18feb/build]   | [INFO] 
[be4905fd-9f3f-4133-9099-829cabd18feb/build]   | [INFO] --- maven-surefire-plugin:2.22.2:test (default-test) @ Java ---
[be4905fd-9f3f-4133-9099-829cabd18feb/build]   | [INFO] Downloading from central: https://repo.maven.apache.org/maven2/org/apache/maven/surefire/maven-surefire-common/2.22.2/maven-surefire-common-2.22.2.pom
[be4905fd-9f3f-4133-9099-829cabd18feb/build]   | [INFO] Downloaded from central: https://repo.maven.apache.org/maven2/org/apache/maven/surefire/maven-surefire-common/2.22.2/maven-surefire-common-2.22.2.pom (11 kB at 521 kB/s)
[be4905fd-9f3f-4133-9099-829cabd18feb/build]   | [INFO] Downloading from central: https://repo.maven.apache.org/maven2/org/apache/maven/maven-plugin-api/2.2.1/maven-plugin-api-2.2.1.pom
[be4905fd-9f3f-4133-9099-829cabd18feb/build]   | [INFO] Downloaded from central: https://repo.maven.apache.org/maven2/org/apache/maven/maven-plugin-api/2.2.1/maven-plugin-api-2.2.1.pom (1.5 kB at 73 kB/s)
[be4905fd-9f3f-4133-9099-829cabd18feb/build]   | [INFO] Downloading from central: https://repo.maven.apache.org/maven2/org/apache/maven/maven/2.2.1/maven-2.2.1.pom
[be4905fd-9f3f-4133-9099-829cabd18feb/build]   | [INFO] Downloaded from central: https://repo.maven.apache.org/maven2/org/apache/maven/maven/2.2.1/maven-2.2.1.pom (22 kB at 1.1 MB/s)
[be4905fd-9f3f-4133-9099-829cabd18feb/build]   | [INFO] Downloading from central: https://repo.maven.apache.org/maven2/org/apache/maven/maven-parent/11/maven-parent-11.pom
[be4905fd-9f3f-4133-9099-829cabd18feb/build]   | [INFO] Downloaded from central: https://repo.maven.apache.org/maven2/org/apache/maven/maven-parent/11/maven-parent-11.pom (32 kB at 2.9 MB/s)
[be4905fd-9f3f-4133-9099-829cabd18feb/build]   | [INFO] Downloading from central: https://repo.maven.apache.org/maven2/org/apache/apache/5/apache-5.pom
[be4905fd-9f3f-4133-9099-829cabd18feb/build]   | [INFO] Downloaded from central: https://repo.maven.apache.org/maven2/org/apache/apache/5/apache-5.pom (4.1 kB at 455 kB/s)
[be4905fd-9f3f-4133-9099-829cabd18feb/build]   | [INFO] Downloading from central: https://repo.maven.apache.org/maven2/org/apache/maven/plugin-tools/maven-plugin-annotations/3.5.2/maven-plugin-annotations-3.5.2.pom
[be4905fd-9f3f-4133-9099-829cabd18feb/build]   | [INFO] Downloaded from central: https://repo.maven.apache.org/maven2/org/apache/maven/plugin-tools/maven-plugin-annotations/3.5.2/maven-plugin-annotations-3.5.2.pom (1.6 kB at 204 kB/s)
[be4905fd-9f3f-4133-9099-829cabd18feb/build]   | [INFO] Downloading from central: https://repo.maven.apache.org/maven2/org/apache/maven/plugin-tools/maven-plugin-tools/3.5.2/maven-plugin-tools-3.5.2.pom
[be4905fd-9f3f-4133-9099-829cabd18feb/build]   | [INFO] Downloaded from central: https://repo.maven.apache.org/maven2/org/apache/maven/plugin-tools/maven-plugin-tools/3.5.2/maven-plugin-tools-3.5.2.pom (15 kB at 854 kB/s)
[be4905fd-9f3f-4133-9099-829cabd18feb/build]   | [INFO] Downloading from central: https://repo.maven.apache.org/maven2/org/apache/maven/maven-parent/31/maven-parent-31.pom
[be4905fd-9f3f-4133-9099-829cabd18feb/build]   | [INFO] Downloaded from central: https://repo.maven.apache.org/maven2/org/apache/maven/maven-parent/31/maven-parent-31.pom (43 kB at 3.6 MB/s)
[be4905fd-9f3f-4133-9099-829cabd18feb/build]   | [INFO] Downloading from central: https://repo.maven.apache.org/maven2/org/apache/apache/19/apache-19.pom
[be4905fd-9f3f-4133-9099-829cabd18feb/build]   | [INFO] Downloaded from central: https://repo.maven.apache.org/maven2/org/apache/apache/19/apache-19.pom (15 kB at 2.6 MB/s)
[be4905fd-9f3f-4133-9099-829cabd18feb/build]   | [INFO] Downloading from central: https://repo.maven.apache.org/maven2/org/apache/maven/maven-artifact/2.2.1/maven-artifact-2.2.1.pom
[be4905fd-9f3f-4133-9099-829cabd18feb/build]   | [INFO] Downloaded from central: https://repo.maven.apache.org/maven2/org/apache/maven/maven-artifact/2.2.1/maven-artifact-2.2.1.pom (1.6 kB at 226 kB/s)
[be4905fd-9f3f-4133-9099-829cabd18feb/build]   | [INFO] Downloading from central: https://repo.maven.apache.org/maven2/org/apache/maven/surefire/surefire-api/2.22.2/surefire-api-2.22.2.pom
[be4905fd-9f3f-4133-9099-829cabd18feb/build]   | [INFO] Downloaded from central: https://repo.maven.apache.org/maven2/org/apache/maven/surefire/surefire-api/2.22.2/surefire-api-2.22.2.pom (3.5 kB at 506 kB/s)
[be4905fd-9f3f-4133-9099-829cabd18feb/build]   | [INFO] Downloading from central: https://repo.maven.apache.org/maven2/org/apache/maven/surefire/surefire-logger-api/2.22.2/surefire-logger-api-2.22.2.pom
[be4905fd-9f3f-4133-9099-829cabd18feb/build]   | [INFO] Downloaded from central: https://repo.maven.apache.org/maven2/org/apache/maven/surefire/surefire-logger-api/2.22.2/surefire-logger-api-2.22.2.pom (2.0 kB at 245 kB/s)
[be4905fd-9f3f-4133-9099-829cabd18feb/build]   | [INFO] Downloading from central: https://repo.maven.apache.org/maven2/org/apache/maven/surefire/surefire-booter/2.22.2/surefire-booter-2.22.2.pom
[be4905fd-9f3f-4133-9099-829cabd18feb/build]   | [INFO] Downloaded from central: https://repo.maven.apache.org/maven2/org/apache/maven/surefire/surefire-booter/2.22.2/surefire-booter-2.22.2.pom (7.5 kB at 1.5 MB/s)
[be4905fd-9f3f-4133-9099-829cabd18feb/build]   | [INFO] Downloading from central: https://repo.maven.apache.org/maven2/org/apache/maven/maven-plugin-descriptor/2.2.1/maven-plugin-descriptor-2.2.1.pom
[be4905fd-9f3f-4133-9099-829cabd18feb/build]   | [INFO] Downloaded from central: https://repo.maven.apache.org/maven2/org/apache/maven/maven-plugin-descriptor/2.2.1/maven-plugin-descriptor-2.2.1.pom (2.1 kB at 344 kB/s)
[be4905fd-9f3f-4133-9099-829cabd18feb/build]   | [INFO] Downloading from central: https://repo.maven.apache.org/maven2/junit/junit/4.12/junit-4.12.pom
[be4905fd-9f3f-4133-9099-829cabd18feb/build]   | [INFO] Downloaded from central: https://repo.maven.apache.org/maven2/junit/junit/4.12/junit-4.12.pom (24 kB at 1.0 MB/s)
[be4905fd-9f3f-4133-9099-829cabd18feb/build]   | [INFO] Downloading from central: https://repo.maven.apache.org/maven2/org/hamcrest/hamcrest-core/1.3/hamcrest-core-1.3.pom
[be4905fd-9f3f-4133-9099-829cabd18feb/build]   | [INFO] Downloaded from central: https://repo.maven.apache.org/maven2/org/hamcrest/hamcrest-core/1.3/hamcrest-core-1.3.pom (766 B at 85 kB/s)
[be4905fd-9f3f-4133-9099-829cabd18feb/build]   | [INFO] Downloading from central: https://repo.maven.apache.org/maven2/org/hamcrest/hamcrest-parent/1.3/hamcrest-parent-1.3.pom
[be4905fd-9f3f-4133-9099-829cabd18feb/build]   | [INFO] Downloaded from central: https://repo.maven.apache.org/maven2/org/hamcrest/hamcrest-parent/1.3/hamcrest-parent-1.3.pom (2.0 kB at 282 kB/s)
[be4905fd-9f3f-4133-9099-829cabd18feb/build]   | [INFO] Downloading from central: https://repo.maven.apache.org/maven2/org/apache/maven/maven-project/2.2.1/maven-project-2.2.1.pom
[be4905fd-9f3f-4133-9099-829cabd18feb/build]   | [INFO] Downloaded from central: https://repo.maven.apache.org/maven2/org/apache/maven/maven-project/2.2.1/maven-project-2.2.1.pom (2.8 kB at 347 kB/s)
[be4905fd-9f3f-4133-9099-829cabd18feb/build]   | [INFO] Downloading from central: https://repo.maven.apache.org/maven2/org/apache/maven/maven-settings/2.2.1/maven-settings-2.2.1.pom
[be4905fd-9f3f-4133-9099-829cabd18feb/build]   | [INFO] Downloaded from central: https://repo.maven.apache.org/maven2/org/apache/maven/maven-settings/2.2.1/maven-settings-2.2.1.pom (2.2 kB at 136 kB/s)
[be4905fd-9f3f-4133-9099-829cabd18feb/build]   | [INFO] Downloading from central: https://repo.maven.apache.org/maven2/org/apache/maven/maven-model/2.2.1/maven-model-2.2.1.pom
[be4905fd-9f3f-4133-9099-829cabd18feb/build]   | [INFO] Downloaded from central: https://repo.maven.apache.org/maven2/org/apache/maven/maven-model/2.2.1/maven-model-2.2.1.pom (3.2 kB at 540 kB/s)
[be4905fd-9f3f-4133-9099-829cabd18feb/build]   | [INFO] Downloading from central: https://repo.maven.apache.org/maven2/org/codehaus/plexus/plexus-interpolation/1.11/plexus-interpolation-1.11.pom
[be4905fd-9f3f-4133-9099-829cabd18feb/build]   | [INFO] Downloaded from central: https://repo.maven.apache.org/maven2/org/codehaus/plexus/plexus-interpolation/1.11/plexus-interpolation-1.11.pom (889 B at 32 kB/s)
[be4905fd-9f3f-4133-9099-829cabd18feb/build]   | [INFO] Downloading from central: https://repo.maven.apache.org/maven2/org/apache/maven/maven-profile/2.2.1/maven-profile-2.2.1.pom
[be4905fd-9f3f-4133-9099-829cabd18feb/build]   | [INFO] Downloaded from central: https://repo.maven.apache.org/maven2/org/apache/maven/maven-profile/2.2.1/maven-profile-2.2.1.pom (2.2 kB at 103 kB/s)
[be4905fd-9f3f-4133-9099-829cabd18feb/build]   | [INFO] Downloading from central: https://repo.maven.apache.org/maven2/org/apache/maven/maven-artifact-manager/2.2.1/maven-artifact-manager-2.2.1.pom
[be4905fd-9f3f-4133-9099-829cabd18feb/build]   | [INFO] Downloaded from central: https://repo.maven.apache.org/maven2/org/apache/maven/maven-artifact-manager/2.2.1/maven-artifact-manager-2.2.1.pom (3.1 kB at 621 kB/s)
[be4905fd-9f3f-4133-9099-829cabd18feb/build]   | [INFO] Downloading from central: https://repo.maven.apache.org/maven2/org/apache/maven/maven-repository-metadata/2.2.1/maven-repository-metadata-2.2.1.pom
[be4905fd-9f3f-4133-9099-829cabd18feb/build]   | [INFO] Downloaded from central: https://repo.maven.apache.org/maven2/org/apache/maven/maven-repository-metadata/2.2.1/maven-repository-metadata-2.2.1.pom (1.9 kB at 374 kB/s)
[be4905fd-9f3f-4133-9099-829cabd18feb/build]   | [INFO] Downloading from central: https://repo.maven.apache.org/maven2/backport-util-concurrent/backport-util-concurrent/3.1/backport-util-concurrent-3.1.pom
[be4905fd-9f3f-4133-9099-829cabd18feb/build]   | [INFO] Downloaded from central: https://repo.maven.apache.org/maven2/backport-util-concurrent/backport-util-concurrent/3.1/backport-util-concurrent-3.1.pom (880 B at 176 kB/s)
[be4905fd-9f3f-4133-9099-829cabd18feb/build]   | [INFO] Downloading from central: https://repo.maven.apache.org/maven2/org/apache/maven/maven-plugin-registry/2.2.1/maven-plugin-registry-2.2.1.pom
[be4905fd-9f3f-4133-9099-829cabd18feb/build]   | [INFO] Downloaded from central: https://repo.maven.apache.org/maven2/org/apache/maven/maven-plugin-registry/2.2.1/maven-plugin-registry-2.2.1.pom (1.9 kB at 43 kB/s)
[be4905fd-9f3f-4133-9099-829cabd18feb/build]   | [INFO] Downloading from central: https://repo.maven.apache.org/maven2/org/apache/maven/maven-core/2.2.1/maven-core-2.2.1.pom
[be4905fd-9f3f-4133-9099-829cabd18feb/build]   | [INFO] Downloaded from central: https://repo.maven.apache.org/maven2/org/apache/maven/maven-core/2.2.1/maven-core-2.2.1.pom (12 kB at 831 kB/s)
[be4905fd-9f3f-4133-9099-829cabd18feb/build]   | [INFO] Downloading from central: https://repo.maven.apache.org/maven2/org/apache/maven/maven-plugin-parameter-documenter/2.2.1/maven-plugin-parameter-documenter-2.2.1.pom
[be4905fd-9f3f-4133-9099-829cabd18feb/build]   | [INFO] Downloaded from central: https://repo.maven.apache.org/maven2/org/apache/maven/maven-plugin-parameter-documenter/2.2.1/maven-plugin-parameter-documenter-2.2.1.pom (2.0 kB at 245 kB/s)
[be4905fd-9f3f-4133-9099-829cabd18feb/build]   | [INFO] Downloading from central: https://repo.maven.apache.org/maven2/org/slf4j/slf4j-jdk14/1.5.6/slf4j-jdk14-1.5.6.pom
[be4905fd-9f3f-4133-9099-829cabd18feb/build]   | [INFO] Downloaded from central: https://repo.maven.apache.org/maven2/org/slf4j/slf4j-jdk14/1.5.6/slf4j-jdk14-1.5.6.pom (1.9 kB at 237 kB/s)
[be4905fd-9f3f-4133-9099-829cabd18feb/build]   | [INFO] Downloading from central: https://repo.maven.apache.org/maven2/org/slf4j/slf4j-parent/1.5.6/slf4j-parent-1.5.6.pom
[be4905fd-9f3f-4133-9099-829cabd18feb/build]   | [INFO] Downloaded from central: https://repo.maven.apache.org/maven2/org/slf4j/slf4j-parent/1.5.6/slf4j-parent-1.5.6.pom (7.9 kB at 990 kB/s)
[be4905fd-9f3f-4133-9099-829cabd18feb/build]   | [INFO] Downloading from central: https://repo.maven.apache.org/maven2/org/slf4j/slf4j-api/1.5.6/slf4j-api-1.5.6.pom
[be4905fd-9f3f-4133-9099-829cabd18feb/build]   | [INFO] Downloaded from central: https://repo.maven.apache.org/maven2/org/slf4j/slf4j-api/1.5.6/slf4j-api-1.5.6.pom (3.0 kB at 136 kB/s)
[be4905fd-9f3f-4133-9099-829cabd18feb/build]   | [INFO] Downloading from central: https://repo.maven.apache.org/maven2/org/slf4j/jcl-over-slf4j/1.5.6/jcl-over-slf4j-1.5.6.pom
[be4905fd-9f3f-4133-9099-829cabd18feb/build]   | [INFO] Downloaded from central: https://repo.maven.apache.org/maven2/org/slf4j/jcl-over-slf4j/1.5.6/jcl-over-slf4j-1.5.6.pom (2.2 kB at 136 kB/s)
[be4905fd-9f3f-4133-9099-829cabd18feb/build]   | [INFO] Downloading from central: https://repo.maven.apache.org/maven2/org/apache/maven/reporting/maven-reporting-api/3.0/maven-reporting-api-3.0.pom
[be4905fd-9f3f-4133-9099-829cabd18feb/build]   | [INFO] Downloaded from central: https://repo.maven.apache.org/maven2/org/apache/maven/reporting/maven-reporting-api/3.0/maven-reporting-api-3.0.pom (2.4 kB at 56 kB/s)
[be4905fd-9f3f-4133-9099-829cabd18feb/build]   | [INFO] Downloading from central: https://repo.maven.apache.org/maven2/org/apache/maven/shared/maven-shared-components/15/maven-shared-components-15.pom
[be4905fd-9f3f-4133-9099-829cabd18feb/build]   | [INFO] Downloaded from central: https://repo.maven.apache.org/maven2/org/apache/maven/shared/maven-shared-components/15/maven-shared-components-15.pom (9.3 kB at 849 kB/s)
[be4905fd-9f3f-4133-9099-829cabd18feb/build]   | [INFO] Downloading from central: https://repo.maven.apache.org/maven2/org/apache/maven/maven-parent/16/maven-parent-16.pom
[be4905fd-9f3f-4133-9099-829cabd18feb/build]   | [INFO] Downloaded from central: https://repo.maven.apache.org/maven2/org/apache/maven/maven-parent/16/maven-parent-16.pom (23 kB at 2.1 MB/s)
[be4905fd-9f3f-4133-9099-829cabd18feb/build]   | [INFO] Downloading from central: https://repo.maven.apache.org/maven2/org/apache/apache/7/apache-7.pom
[be4905fd-9f3f-4133-9099-829cabd18feb/build]   | [INFO] Downloaded from central: https://repo.maven.apache.org/maven2/org/apache/apache/7/apache-7.pom (14 kB at 1.1 MB/s)
[be4905fd-9f3f-4133-9099-829cabd18feb/build]   | [INFO] Downloading from central: https://repo.maven.apache.org/maven2/org/apache/maven/maven-error-diagnostics/2.2.1/maven-error-diagnostics-2.2.1.pom
[be4905fd-9f3f-4133-9099-829cabd18feb/build]   | [INFO] Downloaded from central: https://repo.maven.apache.org/maven2/org/apache/maven/maven-error-diagnostics/2.2.1/maven-error-diagnostics-2.2.1.pom (1.7 kB at 122 kB/s)
[be4905fd-9f3f-4133-9099-829cabd18feb/build]   | [INFO] Downloading from central: https://repo.maven.apache.org/maven2/org/apache/maven/maven-monitor/2.2.1/maven-monitor-2.2.1.pom
[be4905fd-9f3f-4133-9099-829cabd18feb/build]   | [INFO] Downloaded from central: https://repo.maven.apache.org/maven2/org/apache/maven/maven-monitor/2.2.1/maven-monitor-2.2.1.pom (1.3 kB at 29 kB/s)
[be4905fd-9f3f-4133-9099-829cabd18feb/build]   | [INFO] Downloading from central: https://repo.maven.apache.org/maven2/org/sonatype/plexus/plexus-sec-dispatcher/1.3/plexus-sec-dispatcher-1.3.pom
[be4905fd-9f3f-4133-9099-829cabd18feb/build]   | [INFO] Downloaded from central: https://repo.maven.apache.org/maven2/org/sonatype/plexus/plexus-sec-dispatcher/1.3/plexus-sec-dispatcher-1.3.pom (3.0 kB at 70 kB/s)
[be4905fd-9f3f-4133-9099-829cabd18feb/build]   | [INFO] Downloading from central: https://repo.maven.apache.org/maven2/org/sonatype/spice/spice-parent/12/spice-parent-12.pom
[be4905fd-9f3f-4133-9099-829cabd18feb/build]   | [INFO] Downloaded from central: https://repo.maven.apache.org/maven2/org/sonatype/spice/spice-parent/12/spice-parent-12.pom (6.8 kB at 850 kB/s)
[be4905fd-9f3f-4133-9099-829cabd18feb/build]   | [INFO] Downloading from central: https://repo.maven.apache.org/maven2/org/sonatype/forge/forge-parent/4/forge-parent-4.pom
[be4905fd-9f3f-4133-9099-829cabd18feb/build]   | [INFO] Downloaded from central: https://repo.maven.apache.org/maven2/org/sonatype/forge/forge-parent/4/forge-parent-4.pom (8.4 kB at 933 kB/s)
[be4905fd-9f3f-4133-9099-829cabd18feb/build]   | [INFO] Downloading from central: https://repo.maven.apache.org/maven2/org/codehaus/plexus/plexus-utils/1.5.5/plexus-utils-1.5.5.pom
[be4905fd-9f3f-4133-9099-829cabd18feb/build]   | [INFO] Downloaded from central: https://repo.maven.apache.org/maven2/org/codehaus/plexus/plexus-utils/1.5.5/plexus-utils-1.5.5.pom (5.1 kB at 735 kB/s)
[be4905fd-9f3f-4133-9099-829cabd18feb/build]   | [INFO] Downloading from central: https://repo.maven.apache.org/maven2/org/sonatype/plexus/plexus-cipher/1.4/plexus-cipher-1.4.pom
[be4905fd-9f3f-4133-9099-829cabd18feb/build]   | [INFO] Downloaded from central: https://repo.maven.apache.org/maven2/org/sonatype/plexus/plexus-cipher/1.4/plexus-cipher-1.4.pom (2.1 kB at 413 kB/s)
[be4905fd-9f3f-4133-9099-829cabd18feb/build]   | [INFO] Downloading from central: https://repo.maven.apache.org/maven2/org/apache/maven/maven-toolchain/2.2.1/maven-toolchain-2.2.1.pom
[be4905fd-9f3f-4133-9099-829cabd18feb/build]   | [INFO] Downloaded from central: https://repo.maven.apache.org/maven2/org/apache/maven/maven-toolchain/2.2.1/maven-toolchain-2.2.1.pom (3.3 kB at 239 kB/s)
[be4905fd-9f3f-4133-9099-829cabd18feb/build]   | [INFO] Downloading from central: https://repo.maven.apache.org/maven2/org/codehaus/plexus/plexus-java/0.9.10/plexus-java-0.9.10.pom
[be4905fd-9f3f-4133-9099-829cabd18feb/build]   | [INFO] Downloaded from central: https://repo.maven.apache.org/maven2/org/codehaus/plexus/plexus-java/0.9.10/plexus-java-0.9.10.pom (5.1 kB at 511 kB/s)
[be4905fd-9f3f-4133-9099-829cabd18feb/build]   | [INFO] Downloading from central: https://repo.maven.apache.org/maven2/org/codehaus/plexus/plexus-languages/0.9.10/plexus-languages-0.9.10.pom
[be4905fd-9f3f-4133-9099-829cabd18feb/build]   | [INFO] Downloaded from central: https://repo.maven.apache.org/maven2/org/codehaus/plexus/plexus-languages/0.9.10/plexus-languages-0.9.10.pom (4.1 kB at 296 kB/s)
[be4905fd-9f3f-4133-9099-829cabd18feb/build]   | [INFO] Downloading from central: https://repo.maven.apache.org/maven2/org/codehaus/plexus/plexus/4.0/plexus-4.0.pom
[be4905fd-9f3f-4133-9099-829cabd18feb/build]   | [INFO] Downloaded from central: https://repo.maven.apache.org/maven2/org/codehaus/plexus/plexus/4.0/plexus-4.0.pom (22 kB at 1.4 MB/s)
[be4905fd-9f3f-4133-9099-829cabd18feb/build]   | [INFO] Downloading from central: https://repo.maven.apache.org/maven2/org/sonatype/forge/forge-parent/10/forge-parent-10.pom
[be4905fd-9f3f-4133-9099-829cabd18feb/build]   | [INFO] Downloaded from central: https://repo.maven.apache.org/maven2/org/sonatype/forge/forge-parent/10/forge-parent-10.pom (14 kB at 2.3 MB/s)
[be4905fd-9f3f-4133-9099-829cabd18feb/build]   | [INFO] Downloading from central: https://repo.maven.apache.org/maven2/org/ow2/asm/asm/6.2/asm-6.2.pom
[be4905fd-9f3f-4133-9099-829cabd18feb/build]   | [INFO] Downloaded from central: https://repo.maven.apache.org/maven2/org/ow2/asm/asm/6.2/asm-6.2.pom (2.9 kB at 489 kB/s)
[be4905fd-9f3f-4133-9099-829cabd18feb/build]   | [INFO] Downloading from central: https://repo.maven.apache.org/maven2/com/thoughtworks/qdox/qdox/2.0-M8/qdox-2.0-M8.pom
[be4905fd-9f3f-4133-9099-829cabd18feb/build]   | [INFO] Downloaded from central: https://repo.maven.apache.org/maven2/com/thoughtworks/qdox/qdox/2.0-M8/qdox-2.0-M8.pom (16 kB at 4.0 MB/s)
[be4905fd-9f3f-4133-9099-829cabd18feb/build]   | [INFO] Downloading from central: https://repo.maven.apache.org/maven2/org/apache/maven/surefire/maven-surefire-common/2.22.2/maven-surefire-common-2.22.2.jar
[be4905fd-9f3f-4133-9099-829cabd18feb/build]   | [INFO] Downloading from central: https://repo.maven.apache.org/maven2/org/apache/maven/maven-plugin-api/2.2.1/maven-plugin-api-2.2.1.jar
[be4905fd-9f3f-4133-9099-829cabd18feb/build]   | [INFO] Downloading from central: https://repo.maven.apache.org/maven2/org/apache/maven/plugin-tools/maven-plugin-annotations/3.5.2/maven-plugin-annotations-3.5.2.jar
[be4905fd-9f3f-4133-9099-829cabd18feb/build]   | [INFO] Downloading from central: https://repo.maven.apache.org/maven2/org/apache/maven/surefire/surefire-api/2.22.2/surefire-api-2.22.2.jar
[be4905fd-9f3f-4133-9099-829cabd18feb/build]   | [INFO] Downloading from central: https://repo.maven.apache.org/maven2/org/apache/maven/surefire/surefire-logger-api/2.22.2/surefire-logger-api-2.22.2.jar
[be4905fd-9f3f-4133-9099-829cabd18feb/build]   | [INFO] Downloaded from central: https://repo.maven.apache.org/maven2/org/apache/maven/maven-plugin-api/2.2.1/maven-plugin-api-2.2.1.jar (12 kB at 1.4 MB/s)
[be4905fd-9f3f-4133-9099-829cabd18feb/build]   | [INFO] Downloading from central: https://repo.maven.apache.org/maven2/org/apache/maven/surefire/surefire-booter/2.22.2/surefire-booter-2.22.2.jar
[be4905fd-9f3f-4133-9099-829cabd18feb/build]   | [INFO] Downloaded from central: https://repo.maven.apache.org/maven2/org/apache/maven/plugin-tools/maven-plugin-annotations/3.5.2/maven-plugin-annotations-3.5.2.jar (14 kB at 839 kB/s)
[be4905fd-9f3f-4133-9099-829cabd18feb/build]   | [INFO] Downloading from central: https://repo.maven.apache.org/maven2/org/apache/maven/maven-artifact/2.2.1/maven-artifact-2.2.1.jar
[be4905fd-9f3f-4133-9099-829cabd18feb/build]   | [INFO] Downloaded from central: https://repo.maven.apache.org/maven2/org/apache/maven/surefire/surefire-logger-api/2.22.2/surefire-logger-api-2.22.2.jar (13 kB at 702 kB/s)
[be4905fd-9f3f-4133-9099-829cabd18feb/build]   | [INFO] Downloading from central: https://repo.maven.apache.org/maven2/org/codehaus/plexus/plexus-utils/1.5.15/plexus-utils-1.5.15.jar
[be4905fd-9f3f-4133-9099-829cabd18feb/build]   | [INFO] Downloaded from central: https://repo.maven.apache.org/maven2/org/apache/maven/surefire/surefire-api/2.22.2/surefire-api-2.22.2.jar (186 kB at 8.8 MB/s)
[be4905fd-9f3f-4133-9099-829cabd18feb/build]   | [INFO] Downloading from central: https://repo.maven.apache.org/maven2/org/apache/maven/maven-plugin-descriptor/2.2.1/maven-plugin-descriptor-2.2.1.jar
[be4905fd-9f3f-4133-9099-829cabd18feb/build]   | [INFO] Downloaded from central: https://repo.maven.apache.org/maven2/org/apache/maven/maven-artifact/2.2.1/maven-artifact-2.2.1.jar (80 kB at 3.3 MB/s)
[be4905fd-9f3f-4133-9099-829cabd18feb/build]   | [INFO] Downloaded from central: https://repo.maven.apache.org/maven2/org/apache/maven/surefire/maven-surefire-common/2.22.2/maven-surefire-common-2.22.2.jar (528 kB at 21 MB/s)
[be4905fd-9f3f-4133-9099-829cabd18feb/build]   | [INFO] Downloading from central: https://repo.maven.apache.org/maven2/junit/junit/4.12/junit-4.12.jar
[be4905fd-9f3f-4133-9099-829cabd18feb/build]   | [INFO] Downloading from central: https://repo.maven.apache.org/maven2/org/hamcrest/hamcrest-core/1.3/hamcrest-core-1.3.jar
[be4905fd-9f3f-4133-9099-829cabd18feb/build]   | [INFO] Downloaded from central: https://repo.maven.apache.org/maven2/org/apache/maven/surefire/surefire-booter/2.22.2/surefire-booter-2.22.2.jar (274 kB at 11 MB/s)
[be4905fd-9f3f-4133-9099-829cabd18feb/build]   | [INFO] Downloading from central: https://repo.maven.apache.org/maven2/org/apache/maven/maven-project/2.2.1/maven-project-2.2.1.jar
[be4905fd-9f3f-4133-9099-829cabd18feb/build]   | [INFO] Downloaded from central: https://repo.maven.apache.org/maven2/org/apache/maven/maven-plugin-descriptor/2.2.1/maven-plugin-descriptor-2.2.1.jar (39 kB at 1.3 MB/s)
[be4905fd-9f3f-4133-9099-829cabd18feb/build]   | [INFO] Downloading from central: https://repo.maven.apache.org/maven2/org/apache/maven/maven-settings/2.2.1/maven-settings-2.2.1.jar
[be4905fd-9f3f-4133-9099-829cabd18feb/build]   | [INFO] Downloaded from central: https://repo.maven.apache.org/maven2/junit/junit/4.12/junit-4.12.jar (315 kB at 7.5 MB/s)
[be4905fd-9f3f-4133-9099-829cabd18feb/build]   | [INFO] Downloaded from central: https://repo.maven.apache.org/maven2/org/hamcrest/hamcrest-core/1.3/hamcrest-core-1.3.jar (45 kB at 1.1 MB/s)
[be4905fd-9f3f-4133-9099-829cabd18feb/build]   | [INFO] Downloading from central: https://repo.maven.apache.org/maven2/org/apache/maven/maven-profile/2.2.1/maven-profile-2.2.1.jar
[be4905fd-9f3f-4133-9099-829cabd18feb/build]   | [INFO] Downloading from central: https://repo.maven.apache.org/maven2/org/apache/maven/maven-artifact-manager/2.2.1/maven-artifact-manager-2.2.1.jar
[be4905fd-9f3f-4133-9099-829cabd18feb/build]   | [INFO] Downloaded from central: https://repo.maven.apache.org/maven2/org/apache/maven/maven-project/2.2.1/maven-project-2.2.1.jar (156 kB at 3.6 MB/s)
[be4905fd-9f3f-4133-9099-829cabd18feb/build]   | [INFO] Downloading from central: https://repo.maven.apache.org/maven2/backport-util-concurrent/backport-util-concurrent/3.1/backport-util-concurrent-3.1.jar
[be4905fd-9f3f-4133-9099-829cabd18feb/build]   | [INFO] Downloaded from central: https://repo.maven.apache.org/maven2/org/apache/maven/maven-settings/2.2.1/maven-settings-2.2.1.jar (49 kB at 1.1 MB/s)
[be4905fd-9f3f-4133-9099-829cabd18feb/build]   | [INFO] Downloading from central: https://repo.maven.apache.org/maven2/org/apache/maven/maven-plugin-registry/2.2.1/maven-plugin-registry-2.2.1.jar
[be4905fd-9f3f-4133-9099-829cabd18feb/build]   | [INFO] Downloaded from central: https://repo.maven.apache.org/maven2/org/codehaus/plexus/plexus-utils/1.5.15/plexus-utils-1.5.15.jar (228 kB at 5.0 MB/s)
[be4905fd-9f3f-4133-9099-829cabd18feb/build]   | [INFO] Downloading from central: https://repo.maven.apache.org/maven2/org/codehaus/plexus/plexus-interpolation/1.11/plexus-interpolation-1.11.jar
[be4905fd-9f3f-4133-9099-829cabd18feb/build]   | [INFO] Downloaded from central: https://repo.maven.apache.org/maven2/org/apache/maven/maven-profile/2.2.1/maven-profile-2.2.1.jar (35 kB at 737 kB/s)
[be4905fd-9f3f-4133-9099-829cabd18feb/build]   | [INFO] Downloading from central: https://repo.maven.apache.org/maven2/org/apache/maven/maven-model/2.2.1/maven-model-2.2.1.jar
[be4905fd-9f3f-4133-9099-829cabd18feb/build]   | [INFO] Downloaded from central: https://repo.maven.apache.org/maven2/org/apache/maven/maven-plugin-registry/2.2.1/maven-plugin-registry-2.2.1.jar (30 kB at 606 kB/s)
[be4905fd-9f3f-4133-9099-829cabd18feb/build]   | [INFO] Downloading from central: https://repo.maven.apache.org/maven2/org/apache/maven/maven-core/2.2.1/maven-core-2.2.1.jar
[be4905fd-9f3f-4133-9099-829cabd18feb/build]   | [INFO] Downloaded from central: https://repo.maven.apache.org/maven2/org/apache/maven/maven-artifact-manager/2.2.1/maven-artifact-manager-2.2.1.jar (68 kB at 1.4 MB/s)
[be4905fd-9f3f-4133-9099-829cabd18feb/build]   | [INFO] Downloading from central: https://repo.maven.apache.org/maven2/org/apache/maven/maven-plugin-parameter-documenter/2.2.1/maven-plugin-parameter-documenter-2.2.1.jar
[be4905fd-9f3f-4133-9099-829cabd18feb/build]   | [INFO] Downloaded from central: https://repo.maven.apache.org/maven2/org/codehaus/plexus/plexus-interpolation/1.11/plexus-interpolation-1.11.jar (51 kB at 980 kB/s)
[be4905fd-9f3f-4133-9099-829cabd18feb/build]   | [INFO] Downloading from central: https://repo.maven.apache.org/maven2/org/slf4j/slf4j-jdk14/1.5.6/slf4j-jdk14-1.5.6.jar
[be4905fd-9f3f-4133-9099-829cabd18feb/build]   | [INFO] Downloaded from central: https://repo.maven.apache.org/maven2/org/apache/maven/maven-model/2.2.1/maven-model-2.2.1.jar (88 kB at 1.7 MB/s)
[be4905fd-9f3f-4133-9099-829cabd18feb/build]   | [INFO] Downloading from central: https://repo.maven.apache.org/maven2/org/slf4j/slf4j-api/1.5.6/slf4j-api-1.5.6.jar
[be4905fd-9f3f-4133-9099-829cabd18feb/build]   | [INFO] Downloaded from central: https://repo.maven.apache.org/maven2/org/apache/maven/maven-plugin-parameter-documenter/2.2.1/maven-plugin-parameter-documenter-2.2.1.jar (22 kB at 403 kB/s)
[be4905fd-9f3f-4133-9099-829cabd18feb/build]   | [INFO] Downloaded from central: https://repo.maven.apache.org/maven2/backport-util-concurrent/backport-util-concurrent/3.1/backport-util-concurrent-3.1.jar (332 kB at 6.0 MB/s)
[be4905fd-9f3f-4133-9099-829cabd18feb/build]   | [INFO] Downloading from central: https://repo.maven.apache.org/maven2/org/slf4j/jcl-over-slf4j/1.5.6/jcl-over-slf4j-1.5.6.jar
[be4905fd-9f3f-4133-9099-829cabd18feb/build]   | [INFO] Downloading from central: https://repo.maven.apache.org/maven2/org/apache/maven/reporting/maven-reporting-api/3.0/maven-reporting-api-3.0.jar
[be4905fd-9f3f-4133-9099-829cabd18feb/build]   | [INFO] Downloaded from central: https://repo.maven.apache.org/maven2/org/apache/maven/maven-core/2.2.1/maven-core-2.2.1.jar (178 kB at 3.1 MB/s)
[be4905fd-9f3f-4133-9099-829cabd18feb/build]   | [INFO] Downloading from central: https://repo.maven.apache.org/maven2/org/apache/maven/maven-repository-metadata/2.2.1/maven-repository-metadata-2.2.1.jar
[be4905fd-9f3f-4133-9099-829cabd18feb/build]   | [INFO] Downloaded from central: https://repo.maven.apache.org/maven2/org/slf4j/slf4j-jdk14/1.5.6/slf4j-jdk14-1.5.6.jar (8.8 kB at 155 kB/s)
[be4905fd-9f3f-4133-9099-829cabd18feb/build]   | [INFO] Downloading from central: https://repo.maven.apache.org/maven2/org/apache/maven/maven-error-diagnostics/2.2.1/maven-error-diagnostics-2.2.1.jar
[be4905fd-9f3f-4133-9099-829cabd18feb/build]   | [INFO] Downloaded from central: https://repo.maven.apache.org/maven2/org/slf4j/slf4j-api/1.5.6/slf4j-api-1.5.6.jar (22 kB at 379 kB/s)
[be4905fd-9f3f-4133-9099-829cabd18feb/build]   | [INFO] Downloaded from central: https://repo.maven.apache.org/maven2/org/slf4j/jcl-over-slf4j/1.5.6/jcl-over-slf4j-1.5.6.jar (17 kB at 283 kB/s)
[be4905fd-9f3f-4133-9099-829cabd18feb/build]   | [INFO] Downloaded from central: https://repo.maven.apache.org/maven2/org/apache/maven/reporting/maven-reporting-api/3.0/maven-reporting-api-3.0.jar (11 kB at 185 kB/s)
[be4905fd-9f3f-4133-9099-829cabd18feb/build]   | [INFO] Downloading from central: https://repo.maven.apache.org/maven2/org/sonatype/plexus/plexus-sec-dispatcher/1.3/plexus-sec-dispatcher-1.3.jar
[be4905fd-9f3f-4133-9099-829cabd18feb/build]   | [INFO] Downloading from central: https://repo.maven.apache.org/maven2/org/apache/maven/maven-monitor/2.2.1/maven-monitor-2.2.1.jar
[be4905fd-9f3f-4133-9099-829cabd18feb/build]   | [INFO] Downloading from central: https://repo.maven.apache.org/maven2/org/sonatype/plexus/plexus-cipher/1.4/plexus-cipher-1.4.jar
[be4905fd-9f3f-4133-9099-829cabd18feb/build]   | [INFO] Downloaded from central: https://repo.maven.apache.org/maven2/org/apache/maven/maven-repository-metadata/2.2.1/maven-repository-metadata-2.2.1.jar (26 kB at 421 kB/s)
[be4905fd-9f3f-4133-9099-829cabd18feb/build]   | [INFO] Downloading from central: https://repo.maven.apache.org/maven2/org/apache/maven/maven-toolchain/2.2.1/maven-toolchain-2.2.1.jar
[be4905fd-9f3f-4133-9099-829cabd18feb/build]   | [INFO] Downloaded from central: https://repo.maven.apache.org/maven2/org/apache/maven/maven-error-diagnostics/2.2.1/maven-error-diagnostics-2.2.1.jar (13 kB at 207 kB/s)
[be4905fd-9f3f-4133-9099-829cabd18feb/build]   | [INFO] Downloading from central: https://repo.maven.apache.org/maven2/org/codehaus/plexus/plexus-java/0.9.10/plexus-java-0.9.10.jar
[be4905fd-9f3f-4133-9099-829cabd18feb/build]   | [INFO] Downloaded from central: https://repo.maven.apache.org/maven2/org/apache/maven/maven-monitor/2.2.1/maven-monitor-2.2.1.jar (10 kB at 163 kB/s)
[be4905fd-9f3f-4133-9099-829cabd18feb/build]   | [INFO] Downloading from central: https://repo.maven.apache.org/maven2/org/ow2/asm/asm/6.2/asm-6.2.jar
[be4905fd-9f3f-4133-9099-829cabd18feb/build]   | [INFO] Downloaded from central: https://repo.maven.apache.org/maven2/org/sonatype/plexus/plexus-cipher/1.4/plexus-cipher-1.4.jar (13 kB at 211 kB/s)
[be4905fd-9f3f-4133-9099-829cabd18feb/build]   | [INFO] Downloading from central: https://repo.maven.apache.org/maven2/com/thoughtworks/qdox/qdox/2.0-M8/qdox-2.0-M8.jar
[be4905fd-9f3f-4133-9099-829cabd18feb/build]   | [INFO] Downloaded from central: https://repo.maven.apache.org/maven2/org/sonatype/plexus/plexus-sec-dispatcher/1.3/plexus-sec-dispatcher-1.3.jar (29 kB at 446 kB/s)
[be4905fd-9f3f-4133-9099-829cabd18feb/build]   | [INFO] Downloaded from central: https://repo.maven.apache.org/maven2/org/apache/maven/maven-toolchain/2.2.1/maven-toolchain-2.2.1.jar (38 kB at 570 kB/s)
[be4905fd-9f3f-4133-9099-829cabd18feb/build]   | [INFO] Downloaded from central: https://repo.maven.apache.org/maven2/org/codehaus/plexus/plexus-java/0.9.10/plexus-java-0.9.10.jar (39 kB at 555 kB/s)
[be4905fd-9f3f-4133-9099-829cabd18feb/build]   | [INFO] Downloaded from central: https://repo.maven.apache.org/maven2/org/ow2/asm/asm/6.2/asm-6.2.jar (111 kB at 1.6 MB/s)
[be4905fd-9f3f-4133-9099-829cabd18feb/build]   | [INFO] Downloaded from central: https://repo.maven.apache.org/maven2/com/thoughtworks/qdox/qdox/2.0-M8/qdox-2.0-M8.jar (316 kB at 4.1 MB/s)
[be4905fd-9f3f-4133-9099-829cabd18feb/build]   | [INFO] Downloading from central: https://repo.maven.apache.org/maven2/org/apache/maven/surefire/surefire-junit-platform/2.22.2/surefire-junit-platform-2.22.2.pom
[be4905fd-9f3f-4133-9099-829cabd18feb/build]   | [INFO] Downloaded from central: https://repo.maven.apache.org/maven2/org/apache/maven/surefire/surefire-junit-platform/2.22.2/surefire-junit-platform-2.22.2.pom (7.0 kB at 775 kB/s)
[be4905fd-9f3f-4133-9099-829cabd18feb/build]   | [INFO] Downloading from central: https://repo.maven.apache.org/maven2/org/apache/maven/surefire/surefire-providers/2.22.2/surefire-providers-2.22.2.pom
[be4905fd-9f3f-4133-9099-829cabd18feb/build]   | [INFO] Downloaded from central: https://repo.maven.apache.org/maven2/org/apache/maven/surefire/surefire-providers/2.22.2/surefire-providers-2.22.2.pom (2.5 kB at 498 kB/s)
[be4905fd-9f3f-4133-9099-829cabd18feb/build]   | [INFO] Downloading from central: https://repo.maven.apache.org/maven2/org/junit/platform/junit-platform-launcher/1.3.1/junit-platform-launcher-1.3.1.pom
[be4905fd-9f3f-4133-9099-829cabd18feb/build]   | [INFO] Downloaded from central: https://repo.maven.apache.org/maven2/org/junit/platform/junit-platform-launcher/1.3.1/junit-platform-launcher-1.3.1.pom (2.2 kB at 554 kB/s)
[be4905fd-9f3f-4133-9099-829cabd18feb/build]   | [INFO] Downloading from central: https://repo.maven.apache.org/maven2/org/apiguardian/apiguardian-api/1.0.0/apiguardian-api-1.0.0.pom
[be4905fd-9f3f-4133-9099-829cabd18feb/build]   | [INFO] Downloaded from central: https://repo.maven.apache.org/maven2/org/apiguardian/apiguardian-api/1.0.0/apiguardian-api-1.0.0.pom (1.2 kB at 292 kB/s)
[be4905fd-9f3f-4133-9099-829cabd18feb/build]   | [INFO] Downloading from central: https://repo.maven.apache.org/maven2/org/junit/platform/junit-platform-engine/1.3.1/junit-platform-engine-1.3.1.pom
[be4905fd-9f3f-4133-9099-829cabd18feb/build]   | [INFO] Downloaded from central: https://repo.maven.apache.org/maven2/org/junit/platform/junit-platform-engine/1.3.1/junit-platform-engine-1.3.1.pom (2.4 kB at 399 kB/s)
[be4905fd-9f3f-4133-9099-829cabd18feb/build]   | [INFO] Downloading from central: https://repo.maven.apache.org/maven2/org/junit/platform/junit-platform-commons/1.3.1/junit-platform-commons-1.3.1.pom
[be4905fd-9f3f-4133-9099-829cabd18feb/build]   | [INFO] Downloaded from central: https://repo.maven.apache.org/maven2/org/junit/platform/junit-platform-commons/1.3.1/junit-platform-commons-1.3.1.pom (2.0 kB at 404 kB/s)
[be4905fd-9f3f-4133-9099-829cabd18feb/build]   | [INFO] Downloading from central: https://repo.maven.apache.org/maven2/org/opentest4j/opentest4j/1.1.1/opentest4j-1.1.1.pom
[be4905fd-9f3f-4133-9099-829cabd18feb/build]   | [INFO] Downloaded from central: https://repo.maven.apache.org/maven2/org/opentest4j/opentest4j/1.1.1/opentest4j-1.1.1.pom (1.7 kB at 337 kB/s)
[be4905fd-9f3f-4133-9099-829cabd18feb/build]   | [INFO] Downloading from central: https://repo.maven.apache.org/maven2/org/junit/platform/junit-platform-launcher/1.3.1/junit-platform-launcher-1.3.1.jar
[be4905fd-9f3f-4133-9099-829cabd18feb/build]   | [INFO] Downloading from central: https://repo.maven.apache.org/maven2/org/apache/maven/surefire/surefire-junit-platform/2.22.2/surefire-junit-platform-2.22.2.jar
[be4905fd-9f3f-4133-9099-829cabd18feb/build]   | [INFO] Downloading from central: https://repo.maven.apache.org/maven2/org/junit/platform/junit-platform-commons/1.3.1/junit-platform-commons-1.3.1.jar
[be4905fd-9f3f-4133-9099-829cabd18feb/build]   | [INFO] Downloading from central: https://repo.maven.apache.org/maven2/org/apiguardian/apiguardian-api/1.0.0/apiguardian-api-1.0.0.jar
[be4905fd-9f3f-4133-9099-829cabd18feb/build]   | [INFO] Downloading from central: https://repo.maven.apache.org/maven2/org/junit/platform/junit-platform-engine/1.3.1/junit-platform-engine-1.3.1.jar
[be4905fd-9f3f-4133-9099-829cabd18feb/build]   | [INFO] Downloaded from central: https://repo.maven.apache.org/maven2/org/apache/maven/surefire/surefire-junit-platform/2.22.2/surefire-junit-platform-2.22.2.jar (66 kB at 9.4 MB/s)
[be4905fd-9f3f-4133-9099-829cabd18feb/build]   | [INFO] Downloaded from central: https://repo.maven.apache.org/maven2/org/apiguardian/apiguardian-api/1.0.0/apiguardian-api-1.0.0.jar (2.2 kB at 309 kB/s)
[be4905fd-9f3f-4133-9099-829cabd18feb/build]   | [INFO] Downloading from central: https://repo.maven.apache.org/maven2/org/opentest4j/opentest4j/1.1.1/opentest4j-1.1.1.jar
[be4905fd-9f3f-4133-9099-829cabd18feb/build]   | [INFO] Downloaded from central: https://repo.maven.apache.org/maven2/org/junit/platform/junit-platform-launcher/1.3.1/junit-platform-launcher-1.3.1.jar (95 kB at 11 MB/s)
[be4905fd-9f3f-4133-9099-829cabd18feb/build]   | [INFO] Downloaded from central: https://repo.maven.apache.org/maven2/org/junit/platform/junit-platform-commons/1.3.1/junit-platform-commons-1.3.1.jar (78 kB at 7.8 MB/s)
[be4905fd-9f3f-4133-9099-829cabd18feb/build]   | [INFO] Downloaded from central: https://repo.maven.apache.org/maven2/org/junit/platform/junit-platform-engine/1.3.1/junit-platform-engine-1.3.1.jar (135 kB at 11 MB/s)
[be4905fd-9f3f-4133-9099-829cabd18feb/build]   | [INFO] Downloaded from central: https://repo.maven.apache.org/maven2/org/opentest4j/opentest4j/1.1.1/opentest4j-1.1.1.jar (7.1 kB at 1.4 MB/s)
[be4905fd-9f3f-4133-9099-829cabd18feb/build]   | [INFO] 
[be4905fd-9f3f-4133-9099-829cabd18feb/build]   | [INFO] -------------------------------------------------------
[be4905fd-9f3f-4133-9099-829cabd18feb/build]   | [INFO]  T E S T S
[be4905fd-9f3f-4133-9099-829cabd18feb/build]   | [INFO] -------------------------------------------------------
[be4905fd-9f3f-4133-9099-829cabd18feb/build]   | [INFO] Running com.thealgorithms.geometry.GrahamScanTest
[be4905fd-9f3f-4133-9099-829cabd18feb/build]   | [INFO] Tests run: 1, Failures: 0, Errors: 0, Skipped: 0, Time elapsed: 0.057 s - in com.thealgorithms.geometry.GrahamScanTest
[be4905fd-9f3f-4133-9099-829cabd18feb/build]   | [INFO] Running com.thealgorithms.io.BufferedReaderTest
[be4905fd-9f3f-4133-9099-829cabd18feb/build]   | [cached intentional error]
[be4905fd-9f3f-4133-9099-829cabd18feb/build]   | [INFO] Tests run: 3, Failures: 0, Errors: 0, Skipped: 0, Time elapsed: 0 s - in com.thealgorithms.io.BufferedReaderTest
[be4905fd-9f3f-4133-9099-829cabd18feb/build]   | [INFO] Running com.thealgorithms.scheduling.FCFSSchedulingTest
[be4905fd-9f3f-4133-9099-829cabd18feb/build]   | [INFO] Tests run: 1, Failures: 0, Errors: 0, Skipped: 0, Time elapsed: 0 s - in com.thealgorithms.scheduling.FCFSSchedulingTest
[be4905fd-9f3f-4133-9099-829cabd18feb/build]   | [INFO] Running com.thealgorithms.scheduling.SJFSchedulingTest
[be4905fd-9f3f-4133-9099-829cabd18feb/build]   | [INFO] Tests run: 7, Failures: 0, Errors: 0, Skipped: 0, Time elapsed: 0 s - in com.thealgorithms.scheduling.SJFSchedulingTest
[be4905fd-9f3f-4133-9099-829cabd18feb/build]   | [INFO] Running com.thealgorithms.scheduling.RRSchedulingTest
[be4905fd-9f3f-4133-9099-829cabd18feb/build]   | [INFO] Tests run: 1, Failures: 0, Errors: 0, Skipped: 0, Time elapsed: 0 s - in com.thealgorithms.scheduling.RRSchedulingTest
[be4905fd-9f3f-4133-9099-829cabd18feb/build]   | [INFO] Running com.thealgorithms.divideandconquer.StrassenMatrixMultiplicationTest
[be4905fd-9f3f-4133-9099-829cabd18feb/build]   | [INFO] Tests run: 3, Failures: 0, Errors: 0, Skipped: 0, Time elapsed: 0 s - in com.thealgorithms.divideandconquer.StrassenMatrixMultiplicationTest
[be4905fd-9f3f-4133-9099-829cabd18feb/build]   | [INFO] Running com.thealgorithms.divideandconquer.BinaryExponentiationTest
[be4905fd-9f3f-4133-9099-829cabd18feb/build]   | [INFO] Tests run: 2, Failures: 0, Errors: 0, Skipped: 0, Time elapsed: 0 s - in com.thealgorithms.divideandconquer.BinaryExponentiationTest
[be4905fd-9f3f-4133-9099-829cabd18feb/build]   | [INFO] Running com.thealgorithms.others.NextFitCPUTest
[be4905fd-9f3f-4133-9099-829cabd18feb/build]   | [INFO] Tests run: 5, Failures: 0, Errors: 0, Skipped: 0, Time elapsed: 0 s - in com.thealgorithms.others.NextFitCPUTest
[be4905fd-9f3f-4133-9099-829cabd18feb/build]   | [INFO] Running com.thealgorithms.others.NewManShanksPrimeTest
[be4905fd-9f3f-4133-9099-829cabd18feb/build]   | [INFO] Tests run: 8, Failures: 0, Errors: 0, Skipped: 0, Time elapsed: 0.001 s - in com.thealgorithms.others.NewManShanksPrimeTest
[be4905fd-9f3f-4133-9099-829cabd18feb/build]   | [INFO] Running com.thealgorithms.others.CalculateMaxOfMinTest
[be4905fd-9f3f-4133-9099-829cabd18feb/build]   | [INFO] Tests run: 7, Failures: 0, Errors: 0, Skipped: 0, Time elapsed: 0.002 s - in com.thealgorithms.others.CalculateMaxOfMinTest
[be4905fd-9f3f-4133-9099-829cabd18feb/build]   | [INFO] Running com.thealgorithms.others.WorstFitCPUTest
[be4905fd-9f3f-4133-9099-829cabd18feb/build]   | [INFO] Tests run: 6, Failures: 0, Errors: 0, Skipped: 0, Time elapsed: 0.002 s - in com.thealgorithms.others.WorstFitCPUTest
[be4905fd-9f3f-4133-9099-829cabd18feb/build]   | [INFO] Running com.thealgorithms.others.TestPrintMatrixInSpiralOrder
[be4905fd-9f3f-4133-9099-829cabd18feb/build]   | [INFO] Tests run: 2, Failures: 0, Errors: 0, Skipped: 0, Time elapsed: 0.001 s - in com.thealgorithms.others.TestPrintMatrixInSpiralOrder
[be4905fd-9f3f-4133-9099-829cabd18feb/build]   | [INFO] Running com.thealgorithms.others.CRCAlgorithmTest
[be4905fd-9f3f-4133-9099-829cabd18feb/build]   | [INFO] Tests run: 2, Failures: 0, Errors: 0, Skipped: 0, Time elapsed: 0.001 s - in com.thealgorithms.others.CRCAlgorithmTest
[be4905fd-9f3f-4133-9099-829cabd18feb/build]   | [INFO] Running com.thealgorithms.others.CountFriendsPairingTest
[be4905fd-9f3f-4133-9099-829cabd18feb/build]   | [INFO] Tests run: 8, Failures: 0, Errors: 0, Skipped: 0, Time elapsed: 0.004 s - in com.thealgorithms.others.CountFriendsPairingTest
[be4905fd-9f3f-4133-9099-829cabd18feb/build]   | [INFO] Running com.thealgorithms.others.ArrayLeftRotationTest
[be4905fd-9f3f-4133-9099-829cabd18feb/build]   | [INFO] Tests run: 5, Failures: 0, Errors: 0, Skipped: 0, Time elapsed: 0.002 s - in com.thealgorithms.others.ArrayLeftRotationTest
[be4905fd-9f3f-4133-9099-829cabd18feb/build]   | [INFO] Running com.thealgorithms.others.ConwayTest
[be4905fd-9f3f-4133-9099-829cabd18feb/build]   | [INFO] Tests run: 6, Failures: 0, Errors: 0, Skipped: 0, Time elapsed: 0.029 s - in com.thealgorithms.others.ConwayTest
[be4905fd-9f3f-4133-9099-829cabd18feb/build]   | [INFO] Running com.thealgorithms.others.UniquePathsTests
[be4905fd-9f3f-4133-9099-829cabd18feb/build]   | [INFO] Tests run: 8, Failures: 0, Errors: 0, Skipped: 0, Time elapsed: 0.002 s - in com.thealgorithms.others.UniquePathsTests
[be4905fd-9f3f-4133-9099-829cabd18feb/build]   | [INFO] Running com.thealgorithms.others.TwoPointersTest
[be4905fd-9f3f-4133-9099-829cabd18feb/build]   | [INFO] Tests run: 5, Failures: 0, Errors: 0, Skipped: 0, Time elapsed: 0.002 s - in com.thealgorithms.others.TwoPointersTest
[be4905fd-9f3f-4133-9099-829cabd18feb/build]   | [INFO] Running com.thealgorithms.others.CountCharTest
[be4905fd-9f3f-4133-9099-829cabd18feb/build]   | [INFO] Tests run: 1, Failures: 0, Errors: 0, Skipped: 0, Time elapsed: 0 s - in com.thealgorithms.others.CountCharTest
[be4905fd-9f3f-4133-9099-829cabd18feb/build]   | [INFO] Running com.thealgorithms.others.PasswordGenTest
[be4905fd-9f3f-4133-9099-829cabd18feb/build]   | [INFO] Tests run: 4, Failures: 0, Errors: 0, Skipped: 0, Time elapsed: 0.012 s - in com.thealgorithms.others.PasswordGenTest
[be4905fd-9f3f-4133-9099-829cabd18feb/build]   | [INFO] Running com.thealgorithms.others.countSetBitsTest
[be4905fd-9f3f-4133-9099-829cabd18feb/build]   | [INFO] Tests run: 1, Failures: 0, Errors: 0, Skipped: 0, Time elapsed: 0.001 s - in com.thealgorithms.others.countSetBitsTest
[be4905fd-9f3f-4133-9099-829cabd18feb/build]   | [INFO] Running com.thealgorithms.others.LinkListSortTest
[be4905fd-9f3f-4133-9099-829cabd18feb/build]   | [INFO] Tests run: 8, Failures: 0, Errors: 0, Skipped: 0, Time elapsed: 0.006 s - in com.thealgorithms.others.LinkListSortTest
[be4905fd-9f3f-4133-9099-829cabd18feb/build]   | [INFO] Running com.thealgorithms.others.FirstFitCPUTest
[be4905fd-9f3f-4133-9099-829cabd18feb/build]   | [INFO] Tests run: 5, Failures: 0, Errors: 0, Skipped: 0, Time elapsed: 0.002 s - in com.thealgorithms.others.FirstFitCPUTest
[be4905fd-9f3f-4133-9099-829cabd18feb/build]   | [INFO] Running com.thealgorithms.others.CRC16Test
[be4905fd-9f3f-4133-9099-829cabd18feb/build]   | [INFO] Tests run: 1, Failures: 0, Errors: 0, Skipped: 0, Time elapsed: 0 s - in com.thealgorithms.others.CRC16Test
[be4905fd-9f3f-4133-9099-829cabd18feb/build]   | [INFO] Running com.thealgorithms.others.BestFitCPUTest
[be4905fd-9f3f-4133-9099-829cabd18feb/build]   | [INFO] Tests run: 5, Failures: 0, Errors: 0, Skipped: 0, Time elapsed: 0.018 s - in com.thealgorithms.others.BestFitCPUTest
[be4905fd-9f3f-4133-9099-829cabd18feb/build]   | [INFO] Running com.thealgorithms.others.LineSweepTest
[be4905fd-9f3f-4133-9099-829cabd18feb/build]   | [INFO] Tests run: 4, Failures: 0, Errors: 0, Skipped: 0, Time elapsed: 0 s - in com.thealgorithms.others.LineSweepTest
[be4905fd-9f3f-4133-9099-829cabd18feb/build]   | [INFO] Running com.thealgorithms.others.KadaneAlogrithmTest
[be4905fd-9f3f-4133-9099-829cabd18feb/build]   | [INFO] Tests run: 8, Failures: 0, Errors: 0, Skipped: 0, Time elapsed: 0.002 s - in com.thealgorithms.others.KadaneAlogrithmTest
[be4905fd-9f3f-4133-9099-829cabd18feb/build]   | [INFO] Running com.thealgorithms.others.cn.HammingDistanceTest
[be4905fd-9f3f-4133-9099-829cabd18feb/build]   | Total Error bit count 2
[be4905fd-9f3f-4133-9099-829cabd18feb/build]   | Total Error bit count 7
[be4905fd-9f3f-4133-9099-829cabd18feb/build]   | Total Error bit count 3
[be4905fd-9f3f-4133-9099-829cabd18feb/build]   | No Error bit in data segments
[be4905fd-9f3f-4133-9099-829cabd18feb/build]   | No Error bit in data segments
[be4905fd-9f3f-4133-9099-829cabd18feb/build]   | [INFO] Tests run: 6, Failures: 0, Errors: 0, Skipped: 0, Time elapsed: 0.086 s - in com.thealgorithms.others.cn.HammingDistanceTest
[be4905fd-9f3f-4133-9099-829cabd18feb/build]   | [INFO] Running com.thealgorithms.dynamicprogramming.EggDroppingTest
[be4905fd-9f3f-4133-9099-829cabd18feb/build]   | [INFO] Tests run: 4, Failures: 0, Errors: 0, Skipped: 0, Time elapsed: 0.017 s - in com.thealgorithms.dynamicprogramming.EggDroppingTest
[be4905fd-9f3f-4133-9099-829cabd18feb/build]   | [INFO] Running com.thealgorithms.dynamicprogramming.climbStairsTest
[be4905fd-9f3f-4133-9099-829cabd18feb/build]   | [INFO] Tests run: 5, Failures: 0, Errors: 0, Skipped: 0, Time elapsed: 0.002 s - in com.thealgorithms.dynamicprogramming.climbStairsTest
[be4905fd-9f3f-4133-9099-829cabd18feb/build]   | [INFO] Running com.thealgorithms.dynamicprogramming.CatalanNumberTest
[be4905fd-9f3f-4133-9099-829cabd18feb/build]   | [INFO] Tests run: 1, Failures: 0, Errors: 0, Skipped: 0, Time elapsed: 0.001 s - in com.thealgorithms.dynamicprogramming.CatalanNumberTest
[be4905fd-9f3f-4133-9099-829cabd18feb/build]   | [INFO] Running com.thealgorithms.dynamicprogramming.OptimalJobSchedulingTest
[be4905fd-9f3f-4133-9099-829cabd18feb/build]   | 5 1 3 2 
[be4905fd-9f3f-4133-9099-829cabd18feb/build]   | 6 3 4 5 
[be4905fd-9f3f-4133-9099-829cabd18feb/build]   | 5 8 6 6 
[be4905fd-9f3f-4133-9099-829cabd18feb/build]   | 7 9 10 8 
[be4905fd-9f3f-4133-9099-829cabd18feb/build]   | 8 9 12 9 
[be4905fd-9f3f-4133-9099-829cabd18feb/build]   | 
[be4905fd-9f3f-4133-9099-829cabd18feb/build]   | 5 1 3 
[be4905fd-9f3f-4133-9099-829cabd18feb/build]   | 6 3 4 
[be4905fd-9f3f-4133-9099-829cabd18feb/build]   | 5 8 6 
[be4905fd-9f3f-4133-9099-829cabd18feb/build]   | 
[be4905fd-9f3f-4133-9099-829cabd18feb/build]   | 5 1 3 2 
[be4905fd-9f3f-4133-9099-829cabd18feb/build]   | 6 3 4 3 
[be4905fd-9f3f-4133-9099-829cabd18feb/build]   | 5 8 6 9 
[be4905fd-9f3f-4133-9099-829cabd18feb/build]   | 6 7 8 9 
[be4905fd-9f3f-4133-9099-829cabd18feb/build]   | 8 8 12 13 
[be4905fd-9f3f-4133-9099-829cabd18feb/build]   | 11 10 12 12 
[be4905fd-9f3f-4133-9099-829cabd18feb/build]   | 
[be4905fd-9f3f-4133-9099-829cabd18feb/build]   | [INFO] Tests run: 3, Failures: 0, Errors: 0, Skipped: 0, Time elapsed: 0.007 s - in com.thealgorithms.dynamicprogramming.OptimalJobSchedulingTest
[be4905fd-9f3f-4133-9099-829cabd18feb/build]   | [INFO] Running com.thealgorithms.dynamicprogramming.KnapsackMemoizationTest
[be4905fd-9f3f-4133-9099-829cabd18feb/build]   | [INFO] Tests run: 3, Failures: 0, Errors: 0, Skipped: 0, Time elapsed: 0.002 s - in com.thealgorithms.dynamicprogramming.KnapsackMemoizationTest
[be4905fd-9f3f-4133-9099-829cabd18feb/build]   | [INFO] Running com.thealgorithms.dynamicprogramming.LevenshteinDistanceTests
[be4905fd-9f3f-4133-9099-829cabd18feb/build]   | [INFO] Tests run: 4, Failures: 0, Errors: 0, Skipped: 0, Time elapsed: 0.092 s - in com.thealgorithms.dynamicprogramming.LevenshteinDistanceTests
[be4905fd-9f3f-4133-9099-829cabd18feb/build]   | [INFO] Running com.thealgorithms.dynamicprogramming.SubsetCountTest
[be4905fd-9f3f-4133-9099-829cabd18feb/build]   | [INFO] Tests run: 4, Failures: 0, Errors: 0, Skipped: 0, Time elapsed: 0.001 s - in com.thealgorithms.dynamicprogramming.SubsetCountTest
[be4905fd-9f3f-4133-9099-829cabd18feb/build]   | [INFO] Running com.thealgorithms.dynamicprogramming.PartitionProblemTest
[be4905fd-9f3f-4133-9099-829cabd18feb/build]   | [INFO] Tests run: 4, Failures: 0, Errors: 0, Skipped: 0, Time elapsed: 0.003 s - in com.thealgorithms.dynamicprogramming.PartitionProblemTest
[be4905fd-9f3f-4133-9099-829cabd18feb/build]   | [INFO] Running com.thealgorithms.strings.MyAtoiTest
[be4905fd-9f3f-4133-9099-829cabd18feb/build]   | [INFO] Tests run: 7, Failures: 0, Errors: 0, Skipped: 0, Time elapsed: 0.009 s - in com.thealgorithms.strings.MyAtoiTest
[be4905fd-9f3f-4133-9099-829cabd18feb/build]   | [INFO] Running com.thealgorithms.strings.WordLadderTest
[be4905fd-9f3f-4133-9099-829cabd18feb/build]   | [INFO] Tests run: 1, Failures: 0, Errors: 0, Skipped: 0, Time elapsed: 0.001 s - in com.thealgorithms.strings.WordLadderTest
[be4905fd-9f3f-4133-9099-829cabd18feb/build]   | [INFO] Running com.thealgorithms.strings.RotationTest
[be4905fd-9f3f-4133-9099-829cabd18feb/build]   | [INFO] Tests run: 1, Failures: 0, Errors: 0, Skipped: 0, Time elapsed: 0.002 s - in com.thealgorithms.strings.RotationTest
[be4905fd-9f3f-4133-9099-829cabd18feb/build]   | [INFO] Running com.thealgorithms.strings.ReverseStringRecursiveTest
[be4905fd-9f3f-4133-9099-829cabd18feb/build]   | [INFO] Tests run: 3, Failures: 0, Errors: 0, Skipped: 0, Time elapsed: 0.002 s - in com.thealgorithms.strings.ReverseStringRecursiveTest
[be4905fd-9f3f-4133-9099-829cabd18feb/build]   | [INFO] Running com.thealgorithms.strings.HorspoolSearchTest
[be4905fd-9f3f-4133-9099-829cabd18feb/build]   | [INFO] Tests run: 13, Failures: 0, Errors: 0, Skipped: 0, Time elapsed: 0.009 s - in com.thealgorithms.strings.HorspoolSearchTest
[be4905fd-9f3f-4133-9099-829cabd18feb/build]   | [INFO] Running com.thealgorithms.strings.longestNonRepeativeSubstringTest
[be4905fd-9f3f-4133-9099-829cabd18feb/build]   | [INFO] Tests run: 1, Failures: 0, Errors: 0, Skipped: 0, Time elapsed: 0 s - in com.thealgorithms.strings.longestNonRepeativeSubstringTest
[be4905fd-9f3f-4133-9099-829cabd18feb/build]   | [INFO] Running com.thealgorithms.strings.LetterCombinationsOfPhoneNumberTest
[be4905fd-9f3f-4133-9099-829cabd18feb/build]   | [INFO] Tests run: 1, Failures: 0, Errors: 0, Skipped: 0, Time elapsed: 0 s - in com.thealgorithms.strings.LetterCombinationsOfPhoneNumberTest
[be4905fd-9f3f-4133-9099-829cabd18feb/build]   | [INFO] Running com.thealgorithms.strings.ReverseStringTest
[be4905fd-9f3f-4133-9099-829cabd18feb/build]   | [INFO] Tests run: 1, Failures: 0, Errors: 0, Skipped: 0, Time elapsed: 0 s - in com.thealgorithms.strings.ReverseStringTest
[be4905fd-9f3f-4133-9099-829cabd18feb/build]   | [INFO] Running com.thealgorithms.strings.LowerTest
[be4905fd-9f3f-4133-9099-829cabd18feb/build]   | [INFO] Tests run: 1, Failures: 0, Errors: 0, Skipped: 0, Time elapsed: 0 s - in com.thealgorithms.strings.LowerTest
[be4905fd-9f3f-4133-9099-829cabd18feb/build]   | [INFO] Running com.thealgorithms.strings.UpperTest
[be4905fd-9f3f-4133-9099-829cabd18feb/build]   | [INFO] Tests run: 1, Failures: 0, Errors: 0, Skipped: 0, Time elapsed: 0 s - in com.thealgorithms.strings.UpperTest
[be4905fd-9f3f-4133-9099-829cabd18feb/build]   | [INFO] Running com.thealgorithms.strings.CheckVowelsTest
[be4905fd-9f3f-4133-9099-829cabd18feb/build]   | [INFO] Tests run: 1, Failures: 0, Errors: 0, Skipped: 0, Time elapsed: 0.001 s - in com.thealgorithms.strings.CheckVowelsTest
[be4905fd-9f3f-4133-9099-829cabd18feb/build]   | [INFO] Running com.thealgorithms.strings.CharacterSameTest
[be4905fd-9f3f-4133-9099-829cabd18feb/build]   | [INFO] Tests run: 1, Failures: 0, Errors: 0, Skipped: 0, Time elapsed: 0 s - in com.thealgorithms.strings.CharacterSameTest
[be4905fd-9f3f-4133-9099-829cabd18feb/build]   | [INFO] Running com.thealgorithms.strings.AnagramsTest
[be4905fd-9f3f-4133-9099-829cabd18feb/build]   | [INFO] Tests run: 1, Failures: 0, Errors: 0, Skipped: 0, Time elapsed: 0 s - in com.thealgorithms.strings.AnagramsTest
[be4905fd-9f3f-4133-9099-829cabd18feb/build]   | [INFO] Running com.thealgorithms.strings.StringCompressionTest
[be4905fd-9f3f-4133-9099-829cabd18feb/build]   | [INFO] Tests run: 4, Failures: 0, Errors: 0, Skipped: 0, Time elapsed: 0.014 s - in com.thealgorithms.strings.StringCompressionTest
[be4905fd-9f3f-4133-9099-829cabd18feb/build]   | [INFO] Running com.thealgorithms.strings.HammingDistanceTest
[be4905fd-9f3f-4133-9099-829cabd18feb/build]   | [INFO] Tests run: 2, Failures: 0, Errors: 0, Skipped: 0, Time elapsed: 0.001 s - in com.thealgorithms.strings.HammingDistanceTest
[be4905fd-9f3f-4133-9099-829cabd18feb/build]   | [INFO] Running com.thealgorithms.strings.ValidParenthesesTest
[be4905fd-9f3f-4133-9099-829cabd18feb/build]   | [INFO] Tests run: 3, Failures: 0, Errors: 0, Skipped: 0, Time elapsed: 0.001 s - in com.thealgorithms.strings.ValidParenthesesTest
[be4905fd-9f3f-4133-9099-829cabd18feb/build]   | [INFO] Running com.thealgorithms.strings.CheckAnagramsTest
[be4905fd-9f3f-4133-9099-829cabd18feb/build]   | [INFO] Tests run: 4, Failures: 0, Errors: 0, Skipped: 0, Time elapsed: 0.001 s - in com.thealgorithms.strings.CheckAnagramsTest
[be4905fd-9f3f-4133-9099-829cabd18feb/build]   | [INFO] Running com.thealgorithms.strings.PalindromeTest
[be4905fd-9f3f-4133-9099-829cabd18feb/build]   | [INFO] Tests run: 1, Failures: 0, Errors: 0, Skipped: 0, Time elapsed: 0.001 s - in com.thealgorithms.strings.PalindromeTest
[be4905fd-9f3f-4133-9099-829cabd18feb/build]   | [INFO] Running com.thealgorithms.strings.AlphabeticalTest
[be4905fd-9f3f-4133-9099-829cabd18feb/build]   | [INFO] Tests run: 1, Failures: 0, Errors: 0, Skipped: 0, Time elapsed: 0.001 s - in com.thealgorithms.strings.AlphabeticalTest
[be4905fd-9f3f-4133-9099-829cabd18feb/build]   | [INFO] Running com.thealgorithms.strings.zigZagPattern.zigZagPatternTest
[be4905fd-9f3f-4133-9099-829cabd18feb/build]   | [INFO] Tests run: 1, Failures: 0, Errors: 0, Skipped: 0, Time elapsed: 0.001 s - in com.thealgorithms.strings.zigZagPattern.zigZagPatternTest
[be4905fd-9f3f-4133-9099-829cabd18feb/build]   | [INFO] Running com.thealgorithms.strings.PangramTest
[be4905fd-9f3f-4133-9099-829cabd18feb/build]   | [INFO] Tests run: 1, Failures: 0, Errors: 0, Skipped: 0, Time elapsed: 0.001 s - in com.thealgorithms.strings.PangramTest
[be4905fd-9f3f-4133-9099-829cabd18feb/build]   | [INFO] Running com.thealgorithms.backtracking.ArrayCombinationTest
[be4905fd-9f3f-4133-9099-829cabd18feb/build]   | [INFO] Tests run: 5, Failures: 0, Errors: 0, Skipped: 0, Time elapsed: 0.012 s - in com.thealgorithms.backtracking.ArrayCombinationTest
[be4905fd-9f3f-4133-9099-829cabd18feb/build]   | [INFO] Running com.thealgorithms.backtracking.PermutationTest
[be4905fd-9f3f-4133-9099-829cabd18feb/build]   | [INFO] Tests run: 3, Failures: 0, Errors: 0, Skipped: 0, Time elapsed: 0.002 s - in com.thealgorithms.backtracking.PermutationTest
[be4905fd-9f3f-4133-9099-829cabd18feb/build]   | [INFO] Running com.thealgorithms.backtracking.CombinationTest
[be4905fd-9f3f-4133-9099-829cabd18feb/build]   | [INFO] Tests run: 3, Failures: 0, Errors: 0, Skipped: 0, Time elapsed: 0.003 s - in com.thealgorithms.backtracking.CombinationTest
[be4905fd-9f3f-4133-9099-829cabd18feb/build]   | [INFO] Running com.thealgorithms.backtracking.FloodFillTest
[be4905fd-9f3f-4133-9099-829cabd18feb/build]   | [INFO] Tests run: 5, Failures: 0, Errors: 0, Skipped: 0, Time elapsed: 0.004 s - in com.thealgorithms.backtracking.FloodFillTest
[be4905fd-9f3f-4133-9099-829cabd18feb/build]   | [INFO] Running com.thealgorithms.backtracking.WordSearchTest
[be4905fd-9f3f-4133-9099-829cabd18feb/build]   | [INFO] Tests run: 3, Failures: 0, Errors: 0, Skipped: 0, Time elapsed: 0.001 s - in com.thealgorithms.backtracking.WordSearchTest
[be4905fd-9f3f-4133-9099-829cabd18feb/build]   | [INFO] Running com.thealgorithms.backtracking.AllPathsFromSourceToTargetTest
[be4905fd-9f3f-4133-9099-829cabd18feb/build]   | [INFO] Tests run: 4, Failures: 0, Errors: 0, Skipped: 0, Time elapsed: 0.003 s - in com.thealgorithms.backtracking.AllPathsFromSourceToTargetTest
[be4905fd-9f3f-4133-9099-829cabd18feb/build]   | [INFO] Running com.thealgorithms.backtracking.PowerSumTest
[be4905fd-9f3f-4133-9099-829cabd18feb/build]   | [INFO] Tests run: 3, Failures: 0, Errors: 0, Skipped: 0, Time elapsed: 0.002 s - in com.thealgorithms.backtracking.PowerSumTest
[be4905fd-9f3f-4133-9099-829cabd18feb/build]   | [INFO] Running com.thealgorithms.backtracking.MazeRecursionTest
[be4905fd-9f3f-4133-9099-829cabd18feb/build]   | [INFO] Tests run: 1, Failures: 0, Errors: 0, Skipped: 0, Time elapsed: 0 s - in com.thealgorithms.backtracking.MazeRecursionTest
[be4905fd-9f3f-4133-9099-829cabd18feb/build]   | [INFO] Running com.thealgorithms.sorts.HeapSortTest
[be4905fd-9f3f-4133-9099-829cabd18feb/build]   | [INFO] Tests run: 16, Failures: 0, Errors: 0, Skipped: 0, Time elapsed: 0.031 s - in com.thealgorithms.sorts.HeapSortTest
[be4905fd-9f3f-4133-9099-829cabd18feb/build]   | [INFO] Running com.thealgorithms.sorts.DualPivotQuickSortTest
[be4905fd-9f3f-4133-9099-829cabd18feb/build]   | [INFO] Tests run: 6, Failures: 0, Errors: 0, Skipped: 0, Time elapsed: 0.004 s - in com.thealgorithms.sorts.DualPivotQuickSortTest
[be4905fd-9f3f-4133-9099-829cabd18feb/build]   | [INFO] Running com.thealgorithms.sorts.BeadSortTest
[be4905fd-9f3f-4133-9099-829cabd18feb/build]   | [INFO] Tests run: 4, Failures: 0, Errors: 0, Skipped: 0, Time elapsed: 0.002 s - in com.thealgorithms.sorts.BeadSortTest
[be4905fd-9f3f-4133-9099-829cabd18feb/build]   | [INFO] Running com.thealgorithms.sorts.StrandSortTest
[be4905fd-9f3f-4133-9099-829cabd18feb/build]   | [INFO] Tests run: 2, Failures: 0, Errors: 0, Skipped: 0, Time elapsed: 0.003 s - in com.thealgorithms.sorts.StrandSortTest
[be4905fd-9f3f-4133-9099-829cabd18feb/build]   | [INFO] Running com.thealgorithms.sorts.InsertionSortTest
[be4905fd-9f3f-4133-9099-829cabd18feb/build]   | [INFO] Tests run: 7, Failures: 0, Errors: 0, Skipped: 0, Time elapsed: 0.265 s - in com.thealgorithms.sorts.InsertionSortTest
[be4905fd-9f3f-4133-9099-829cabd18feb/build]   | [INFO] Running com.thealgorithms.sorts.IntrospectiveSortTest
[be4905fd-9f3f-4133-9099-829cabd18feb/build]   | [INFO] Tests run: 7, Failures: 0, Errors: 0, Skipped: 0, Time elapsed: 0.002 s - in com.thealgorithms.sorts.IntrospectiveSortTest
[be4905fd-9f3f-4133-9099-829cabd18feb/build]   | [INFO] Running com.thealgorithms.sorts.SimpleSortTest
[be4905fd-9f3f-4133-9099-829cabd18feb/build]   | [INFO] Tests run: 7, Failures: 0, Errors: 0, Skipped: 0, Time elapsed: 0.001 s - in com.thealgorithms.sorts.SimpleSortTest
[be4905fd-9f3f-4133-9099-829cabd18feb/build]   | [INFO] Running com.thealgorithms.sorts.BogoSortTest
[be4905fd-9f3f-4133-9099-829cabd18feb/build]   | [INFO] Tests run: 7, Failures: 0, Errors: 0, Skipped: 0, Time elapsed: 0.006 s - in com.thealgorithms.sorts.BogoSortTest
[be4905fd-9f3f-4133-9099-829cabd18feb/build]   | [INFO] Running com.thealgorithms.sorts.DutchNationalFlagSortTest
[be4905fd-9f3f-4133-9099-829cabd18feb/build]   | [INFO] Tests run: 8, Failures: 0, Errors: 0, Skipped: 0, Time elapsed: 0.002 s - in com.thealgorithms.sorts.DutchNationalFlagSortTest
[be4905fd-9f3f-4133-9099-829cabd18feb/build]   | [INFO] Running com.thealgorithms.sorts.BubbleSortTest
[be4905fd-9f3f-4133-9099-829cabd18feb/build]   | [INFO] Tests run: 5, Failures: 0, Errors: 0, Skipped: 0, Time elapsed: 0 s - in com.thealgorithms.sorts.BubbleSortTest
[be4905fd-9f3f-4133-9099-829cabd18feb/build]   | [INFO] Running com.thealgorithms.sorts.CombSortTest
[be4905fd-9f3f-4133-9099-829cabd18feb/build]   | [INFO] Tests run: 5, Failures: 0, Errors: 0, Skipped: 0, Time elapsed: 0.001 s - in com.thealgorithms.sorts.CombSortTest
[be4905fd-9f3f-4133-9099-829cabd18feb/build]   | [INFO] Running com.thealgorithms.sorts.TopologicalSortTest
[be4905fd-9f3f-4133-9099-829cabd18feb/build]   | [INFO] Tests run: 2, Failures: 0, Errors: 0, Skipped: 0, Time elapsed: 0.004 s - in com.thealgorithms.sorts.TopologicalSortTest
[be4905fd-9f3f-4133-9099-829cabd18feb/build]   | [INFO] Running com.thealgorithms.sorts.TreeSortTest
[be4905fd-9f3f-4133-9099-829cabd18feb/build]   | [INFO] Tests run: 5, Failures: 0, Errors: 0, Skipped: 0, Time elapsed: 0.002 s - in com.thealgorithms.sorts.TreeSortTest
[be4905fd-9f3f-4133-9099-829cabd18feb/build]   | [INFO] Running com.thealgorithms.sorts.BinaryInsertionSortTest
[be4905fd-9f3f-4133-9099-829cabd18feb/build]   | [INFO] Tests run: 2, Failures: 0, Errors: 0, Skipped: 0, Time elapsed: 0.001 s - in com.thealgorithms.sorts.BinaryInsertionSortTest
[be4905fd-9f3f-4133-9099-829cabd18feb/build]   | [INFO] Running com.thealgorithms.sorts.OddEvenSortTest
[be4905fd-9f3f-4133-9099-829cabd18feb/build]   | [INFO] Tests run: 3, Failures: 0, Errors: 0, Skipped: 0, Time elapsed: 0.001 s - in com.thealgorithms.sorts.OddEvenSortTest
[be4905fd-9f3f-4133-9099-829cabd18feb/build]   | [INFO] Running com.thealgorithms.sorts.SortUtilsRandomGeneratorTest
[be4905fd-9f3f-4133-9099-829cabd18feb/build]   | [INFO] Tests run: 2001, Failures: 0, Errors: 0, Skipped: 0, Time elapsed: 0.368 s - in com.thealgorithms.sorts.SortUtilsRandomGeneratorTest
[be4905fd-9f3f-4133-9099-829cabd18feb/build]   | [INFO] Running com.thealgorithms.sorts.TimSortTest
[be4905fd-9f3f-4133-9099-829cabd18feb/build]   | [INFO] Tests run: 16, Failures: 0, Errors: 0, Skipped: 0, Time elapsed: 0 s - in com.thealgorithms.sorts.TimSortTest
[be4905fd-9f3f-4133-9099-829cabd18feb/build]   | [INFO] Running com.thealgorithms.sorts.SortUtilsTest
[be4905fd-9f3f-4133-9099-829cabd18feb/build]   | [INFO] Tests run: 6, Failures: 0, Errors: 0, Skipped: 0, Time elapsed: 0 s - in com.thealgorithms.sorts.SortUtilsTest
[be4905fd-9f3f-4133-9099-829cabd18feb/build]   | [INFO] Running com.thealgorithms.sorts.SlowSortTest
[be4905fd-9f3f-4133-9099-829cabd18feb/build]   | [INFO] Tests run: 8, Failures: 0, Errors: 0, Skipped: 0, Time elapsed: 0 s - in com.thealgorithms.sorts.SlowSortTest
[be4905fd-9f3f-4133-9099-829cabd18feb/build]   | [INFO] Running com.thealgorithms.sorts.MergeSortRecursiveTest
[be4905fd-9f3f-4133-9099-829cabd18feb/build]   | [INFO] Tests run: 2, Failures: 0, Errors: 0, Skipped: 0, Time elapsed: 0 s - in com.thealgorithms.sorts.MergeSortRecursiveTest
[be4905fd-9f3f-4133-9099-829cabd18feb/build]   | [INFO] Running com.thealgorithms.sorts.WiggleSortTest
[be4905fd-9f3f-4133-9099-829cabd18feb/build]   | [2, 5, 1, 2, 1, 2]
[be4905fd-9f3f-4133-9099-829cabd18feb/build]   | [INFO] Tests run: 7, Failures: 0, Errors: 0, Skipped: 0, Time elapsed: 0 s - in com.thealgorithms.sorts.WiggleSortTest
[be4905fd-9f3f-4133-9099-829cabd18feb/build]   | [INFO] Running com.thealgorithms.sorts.CocktailShakerSortTest
[be4905fd-9f3f-4133-9099-829cabd18feb/build]   | [INFO] Tests run: 4, Failures: 0, Errors: 0, Skipped: 0, Time elapsed: 0 s - in com.thealgorithms.sorts.CocktailShakerSortTest
[be4905fd-9f3f-4133-9099-829cabd18feb/build]   | [INFO] Running com.thealgorithms.sorts.BucketSortTest
[be4905fd-9f3f-4133-9099-829cabd18feb/build]   | [INFO] Tests run: 5, Failures: 0, Errors: 0, Skipped: 0, Time elapsed: 0 s - in com.thealgorithms.sorts.BucketSortTest
[be4905fd-9f3f-4133-9099-829cabd18feb/build]   | [INFO] Running com.thealgorithms.sorts.MergeSortTest
[be4905fd-9f3f-4133-9099-829cabd18feb/build]   | [INFO] Tests run: 16, Failures: 0, Errors: 0, Skipped: 0, Time elapsed: 0 s - in com.thealgorithms.sorts.MergeSortTest
[be4905fd-9f3f-4133-9099-829cabd18feb/build]   | [INFO] Running com.thealgorithms.sorts.ShellSortTest
[be4905fd-9f3f-4133-9099-829cabd18feb/build]   | [INFO] Tests run: 7, Failures: 0, Errors: 0, Skipped: 0, Time elapsed: 0 s - in com.thealgorithms.sorts.ShellSortTest
[be4905fd-9f3f-4133-9099-829cabd18feb/build]   | [INFO] Running com.thealgorithms.sorts.SelectionSortTest
[be4905fd-9f3f-4133-9099-829cabd18feb/build]   | [INFO] Tests run: 3, Failures: 0, Errors: 0, Skipped: 0, Time elapsed: 0 s - in com.thealgorithms.sorts.SelectionSortTest
[be4905fd-9f3f-4133-9099-829cabd18feb/build]   | [INFO] Running com.thealgorithms.sorts.QuickSortTest
[be4905fd-9f3f-4133-9099-829cabd18feb/build]   | [INFO] Tests run: 16, Failures: 0, Errors: 0, Skipped: 0, Time elapsed: 0 s - in com.thealgorithms.sorts.QuickSortTest
[be4905fd-9f3f-4133-9099-829cabd18feb/build]   | [INFO] Running com.thealgorithms.ciphers.DESTest
[be4905fd-9f3f-4133-9099-829cabd18feb/build]   | [INFO] Tests run: 2, Failures: 0, Errors: 0, Skipped: 0, Time elapsed: 0.002 s - in com.thealgorithms.ciphers.DESTest
[be4905fd-9f3f-4133-9099-829cabd18feb/build]   | [INFO] Running com.thealgorithms.ciphers.PolybiusTest
[be4905fd-9f3f-4133-9099-829cabd18feb/build]   | [INFO] Tests run: 3, Failures: 0, Errors: 0, Skipped: 0, Time elapsed: 0.001 s - in com.thealgorithms.ciphers.PolybiusTest
[be4905fd-9f3f-4133-9099-829cabd18feb/build]   | [INFO] Running com.thealgorithms.ciphers.RSATest
[be4905fd-9f3f-4133-9099-829cabd18feb/build]   | [INFO] Tests run: 1, Failures: 0, Errors: 0, Skipped: 0, Time elapsed: 0.151 s - in com.thealgorithms.ciphers.RSATest
[be4905fd-9f3f-4133-9099-829cabd18feb/build]   | [INFO] Running com.thealgorithms.ciphers.CaesarTest
[be4905fd-9f3f-4133-9099-829cabd18feb/build]   | [INFO] Tests run: 3, Failures: 0, Errors: 0, Skipped: 0, Time elapsed: 0.001 s - in com.thealgorithms.ciphers.CaesarTest
[be4905fd-9f3f-4133-9099-829cabd18feb/build]   | [INFO] Running com.thealgorithms.ciphers.a5.LFSRTest
[be4905fd-9f3f-4133-9099-829cabd18feb/build]   | [INFO] Tests run: 3, Failures: 0, Errors: 0, Skipped: 0, Time elapsed: 0.004 s - in com.thealgorithms.ciphers.a5.LFSRTest
[be4905fd-9f3f-4133-9099-829cabd18feb/build]   | [INFO] Running com.thealgorithms.ciphers.SimpleSubCipherTest
[be4905fd-9f3f-4133-9099-829cabd18feb/build]   | [INFO] Tests run: 2, Failures: 0, Errors: 0, Skipped: 0, Time elapsed: 0.001 s - in com.thealgorithms.ciphers.SimpleSubCipherTest
[be4905fd-9f3f-4133-9099-829cabd18feb/build]   | [INFO] Running com.thealgorithms.ciphers.BlowfishTest
[be4905fd-9f3f-4133-9099-829cabd18feb/build]   | [INFO] Tests run: 2, Failures: 0, Errors: 0, Skipped: 0, Time elapsed: 0.018 s - in com.thealgorithms.ciphers.BlowfishTest
[be4905fd-9f3f-4133-9099-829cabd18feb/build]   | [INFO] Running com.thealgorithms.ciphers.VigenereTest
[be4905fd-9f3f-4133-9099-829cabd18feb/build]   | [INFO] Tests run: 2, Failures: 0, Errors: 0, Skipped: 0, Time elapsed: 0.001 s - in com.thealgorithms.ciphers.VigenereTest
[be4905fd-9f3f-4133-9099-829cabd18feb/build]   | [INFO] Running com.thealgorithms.ciphers.SimpleSubstitutionCipherTest
[be4905fd-9f3f-4133-9099-829cabd18feb/build]   | [INFO] Tests run: 3, Failures: 0, Errors: 0, Skipped: 0, Time elapsed: 0.001 s - in com.thealgorithms.ciphers.SimpleSubstitutionCipherTest
[be4905fd-9f3f-4133-9099-829cabd18feb/build]   | [INFO] Running com.thealgorithms.maths.CeilTest
[be4905fd-9f3f-4133-9099-829cabd18feb/build]   | [INFO] Tests run: 1, Failures: 0, Errors: 0, Skipped: 0, Time elapsed: 0 s - in com.thealgorithms.maths.CeilTest
[be4905fd-9f3f-4133-9099-829cabd18feb/build]   | [INFO] Running com.thealgorithms.maths.PollardRhoTest
[be4905fd-9f3f-4133-9099-829cabd18feb/build]   | [INFO] Tests run: 3, Failures: 0, Errors: 0, Skipped: 0, Time elapsed: 0.001 s - in com.thealgorithms.maths.PollardRhoTest
[be4905fd-9f3f-4133-9099-829cabd18feb/build]   | [INFO] Running com.thealgorithms.maths.DistanceFormulaTest
[be4905fd-9f3f-4133-9099-829cabd18feb/build]   | [INFO] Tests run: 13, Failures: 0, Errors: 0, Skipped: 0, Time elapsed: 0.002 s - in com.thealgorithms.maths.DistanceFormulaTest
[be4905fd-9f3f-4133-9099-829cabd18feb/build]   | [INFO] Running com.thealgorithms.maths.LiouvilleLambdaFunctionTest
[be4905fd-9f3f-4133-9099-829cabd18feb/build]   | [INFO] Tests run: 4, Failures: 0, Errors: 0, Skipped: 0, Time elapsed: 0.002 s - in com.thealgorithms.maths.LiouvilleLambdaFunctionTest
[be4905fd-9f3f-4133-9099-829cabd18feb/build]   | [INFO] Running com.thealgorithms.maths.ADTFractionTest
[be4905fd-9f3f-4133-9099-829cabd18feb/build]   | [INFO] Tests run: 7, Failures: 0, Errors: 0, Skipped: 0, Time elapsed: 0.007 s - in com.thealgorithms.maths.ADTFractionTest
[be4905fd-9f3f-4133-9099-829cabd18feb/build]   | [INFO] Running com.thealgorithms.maths.LongDivisionTest
[be4905fd-9f3f-4133-9099-829cabd18feb/build]   | [INFO] Tests run: 7, Failures: 0, Errors: 0, Skipped: 0, Time elapsed: 0.002 s - in com.thealgorithms.maths.LongDivisionTest
[be4905fd-9f3f-4133-9099-829cabd18feb/build]   | [INFO] Running com.thealgorithms.maths.PerfectNumberTest
[be4905fd-9f3f-4133-9099-829cabd18feb/build]   | [INFO] Tests run: 1, Failures: 0, Errors: 0, Skipped: 0, Time elapsed: 0.3 s - in com.thealgorithms.maths.PerfectNumberTest
[be4905fd-9f3f-4133-9099-829cabd18feb/build]   | [INFO] Running com.thealgorithms.maths.PerimeterTest
[be4905fd-9f3f-4133-9099-829cabd18feb/build]   | [INFO] Tests run: 8, Failures: 0, Errors: 0, Skipped: 0, Time elapsed: 0.002 s - in com.thealgorithms.maths.PerimeterTest
[be4905fd-9f3f-4133-9099-829cabd18feb/build]   | [INFO] Running com.thealgorithms.maths.AbsoluteValueTest
[be4905fd-9f3f-4133-9099-829cabd18feb/build]   | [INFO] Tests run: 1, Failures: 0, Errors: 0, Skipped: 0, Time elapsed: 0.003 s - in com.thealgorithms.maths.AbsoluteValueTest
[be4905fd-9f3f-4133-9099-829cabd18feb/build]   | [INFO] Running com.thealgorithms.maths.AmicableNumberTest
[be4905fd-9f3f-4133-9099-829cabd18feb/build]   | [INFO] Tests run: 1, Failures: 0, Errors: 0, Skipped: 0, Time elapsed: 0.001 s - in com.thealgorithms.maths.AmicableNumberTest
[be4905fd-9f3f-4133-9099-829cabd18feb/build]   | [INFO] Running com.thealgorithms.maths.JosephusProblemTest
[be4905fd-9f3f-4133-9099-829cabd18feb/build]   | [INFO] Tests run: 1, Failures: 0, Errors: 0, Skipped: 0, Time elapsed: 0 s - in com.thealgorithms.maths.JosephusProblemTest
[be4905fd-9f3f-4133-9099-829cabd18feb/build]   | [INFO] Running com.thealgorithms.maths.PrimeCheckTest
[be4905fd-9f3f-4133-9099-829cabd18feb/build]   | [INFO] Tests run: 7, Failures: 0, Errors: 0, Skipped: 0, Time elapsed: 0 s - in com.thealgorithms.maths.PrimeCheckTest
[be4905fd-9f3f-4133-9099-829cabd18feb/build]   | [INFO] Running com.thealgorithms.maths.ArmstrongTest
[be4905fd-9f3f-4133-9099-829cabd18feb/build]   | [INFO] Tests run: 1, Failures: 0, Errors: 0, Skipped: 0, Time elapsed: 0 s - in com.thealgorithms.maths.ArmstrongTest
[be4905fd-9f3f-4133-9099-829cabd18feb/build]   | [INFO] Running com.thealgorithms.maths.HeronsFormulaTest
[be4905fd-9f3f-4133-9099-829cabd18feb/build]   | [INFO] Tests run: 4, Failures: 0, Errors: 0, Skipped: 0, Time elapsed: 0 s - in com.thealgorithms.maths.HeronsFormulaTest
[be4905fd-9f3f-4133-9099-829cabd18feb/build]   | [INFO] Running com.thealgorithms.maths.AbsoluteMaxTest
[be4905fd-9f3f-4133-9099-829cabd18feb/build]   | [INFO] Tests run: 2, Failures: 0, Errors: 0, Skipped: 0, Time elapsed: 0.001 s - in com.thealgorithms.maths.AbsoluteMaxTest
[be4905fd-9f3f-4133-9099-829cabd18feb/build]   | [INFO] Running com.thealgorithms.maths.PrimeFactorizationTest
[be4905fd-9f3f-4133-9099-829cabd18feb/build]   | [INFO] Tests run: 2, Failures: 0, Errors: 0, Skipped: 0, Time elapsed: 0 s - in com.thealgorithms.maths.PrimeFactorizationTest
[be4905fd-9f3f-4133-9099-829cabd18feb/build]   | [INFO] Running com.thealgorithms.maths.AutomorphicNumberTest
[be4905fd-9f3f-4133-9099-829cabd18feb/build]   | [INFO] Tests run: 1, Failures: 0, Errors: 0, Skipped: 0, Time elapsed: 0 s - in com.thealgorithms.maths.AutomorphicNumberTest
[be4905fd-9f3f-4133-9099-829cabd18feb/build]   | [INFO] Running com.thealgorithms.maths.KaprekarNumbersTest
[be4905fd-9f3f-4133-9099-829cabd18feb/build]   | [INFO] Tests run: 9, Failures: 0, Errors: 0, Skipped: 0, Time elapsed: 0.463 s - in com.thealgorithms.maths.KaprekarNumbersTest
[be4905fd-9f3f-4133-9099-829cabd18feb/build]   | [INFO] Running com.thealgorithms.maths.TestArmstrong
[be4905fd-9f3f-4133-9099-829cabd18feb/build]   | [INFO] Tests run: 1, Failures: 0, Errors: 0, Skipped: 0, Time elapsed: 0 s - in com.thealgorithms.maths.TestArmstrong
[be4905fd-9f3f-4133-9099-829cabd18feb/build]   | [INFO] Running com.thealgorithms.maths.FFTTest
[be4905fd-9f3f-4133-9099-829cabd18feb/build]   | [INFO] Tests run: 12, Failures: 0, Errors: 0, Skipped: 0, Time elapsed: 0.001 s - in com.thealgorithms.maths.FFTTest
[be4905fd-9f3f-4133-9099-829cabd18feb/build]   | [INFO] Running com.thealgorithms.maths.SquareFreeIntegerTest
[be4905fd-9f3f-4133-9099-829cabd18feb/build]   | [INFO] Tests run: 3, Failures: 0, Errors: 0, Skipped: 0, Time elapsed: 0.031 s - in com.thealgorithms.maths.SquareFreeIntegerTest
[be4905fd-9f3f-4133-9099-829cabd18feb/build]   | [INFO] Running com.thealgorithms.maths.FactorialTest
[be4905fd-9f3f-4133-9099-829cabd18feb/build]   | [INFO] Tests run: 1, Failures: 0, Errors: 0, Skipped: 0, Time elapsed: 0 s - in com.thealgorithms.maths.FactorialTest
[be4905fd-9f3f-4133-9099-829cabd18feb/build]   | [INFO] Running com.thealgorithms.maths.SquareRootwithBabylonianMethodTest
[be4905fd-9f3f-4133-9099-829cabd18feb/build]   | [INFO] Tests run: 4, Failures: 0, Errors: 0, Skipped: 0, Time elapsed: 0.001 s - in com.thealgorithms.maths.SquareRootwithBabylonianMethodTest
[be4905fd-9f3f-4133-9099-829cabd18feb/build]   | [INFO] Running com.thealgorithms.maths.LeonardoNumberTest
[be4905fd-9f3f-4133-9099-829cabd18feb/build]   | [INFO] Tests run: 5, Failures: 0, Errors: 0, Skipped: 0, Time elapsed: 0.002 s - in com.thealgorithms.maths.LeonardoNumberTest
[be4905fd-9f3f-4133-9099-829cabd18feb/build]   | [INFO] Running com.thealgorithms.maths.AverageTest
[be4905fd-9f3f-4133-9099-829cabd18feb/build]   | [INFO] Tests run: 4, Failures: 0, Errors: 0, Skipped: 0, Time elapsed: 0.001 s - in com.thealgorithms.maths.AverageTest
[be4905fd-9f3f-4133-9099-829cabd18feb/build]   | [INFO] Running com.thealgorithms.maths.PerfectSquareTest
[be4905fd-9f3f-4133-9099-829cabd18feb/build]   | [INFO] Tests run: 3, Failures: 0, Errors: 0, Skipped: 0, Time elapsed: 0 s - in com.thealgorithms.maths.PerfectSquareTest
[be4905fd-9f3f-4133-9099-829cabd18feb/build]   | [INFO] Running com.thealgorithms.maths.PerfectCubeTest
[be4905fd-9f3f-4133-9099-829cabd18feb/build]   | [INFO] Tests run: 1, Failures: 0, Errors: 0, Skipped: 0, Time elapsed: 0.001 s - in com.thealgorithms.maths.PerfectCubeTest
[be4905fd-9f3f-4133-9099-829cabd18feb/build]   | [INFO] Running com.thealgorithms.maths.PascalTriangleTest
[be4905fd-9f3f-4133-9099-829cabd18feb/build]   | [INFO] Tests run: 4, Failures: 0, Errors: 0, Skipped: 0, Time elapsed: 0.001 s - in com.thealgorithms.maths.PascalTriangleTest
[be4905fd-9f3f-4133-9099-829cabd18feb/build]   | [INFO] Running com.thealgorithms.maths.BinaryPowTest
[be4905fd-9f3f-4133-9099-829cabd18feb/build]   | [INFO] Tests run: 1, Failures: 0, Errors: 0, Skipped: 0, Time elapsed: 0 s - in com.thealgorithms.maths.BinaryPowTest
[be4905fd-9f3f-4133-9099-829cabd18feb/build]   | [INFO] Running com.thealgorithms.maths.TwinPrimeTest
[be4905fd-9f3f-4133-9099-829cabd18feb/build]   | [INFO] Tests run: 4, Failures: 0, Errors: 0, Skipped: 0, Time elapsed: 0.001 s - in com.thealgorithms.maths.TwinPrimeTest
[be4905fd-9f3f-4133-9099-829cabd18feb/build]   | [INFO] Running com.thealgorithms.maths.HarshadNumberTest
[be4905fd-9f3f-4133-9099-829cabd18feb/build]   | [INFO] Tests run: 1, Failures: 0, Errors: 0, Skipped: 0, Time elapsed: 0.001 s - in com.thealgorithms.maths.HarshadNumberTest
[be4905fd-9f3f-4133-9099-829cabd18feb/build]   | [INFO] Running com.thealgorithms.maths.FrizzyNumberTest
[be4905fd-9f3f-4133-9099-829cabd18feb/build]   | [INFO] Tests run: 3, Failures: 0, Errors: 0, Skipped: 0, Time elapsed: 0 s - in com.thealgorithms.maths.FrizzyNumberTest
[be4905fd-9f3f-4133-9099-829cabd18feb/build]   | [INFO] Running com.thealgorithms.maths.StandardDeviationTest
[be4905fd-9f3f-4133-9099-829cabd18feb/build]   | [INFO] Tests run: 4, Failures: 0, Errors: 0, Skipped: 0, Time elapsed: 0.001 s - in com.thealgorithms.maths.StandardDeviationTest
[be4905fd-9f3f-4133-9099-829cabd18feb/build]   | [INFO] Running com.thealgorithms.maths.MobiusFunctionTest
[be4905fd-9f3f-4133-9099-829cabd18feb/build]   | [INFO] Tests run: 3, Failures: 0, Errors: 0, Skipped: 0, Time elapsed: 0.001 s - in com.thealgorithms.maths.MobiusFunctionTest
[be4905fd-9f3f-4133-9099-829cabd18feb/build]   | [INFO] Running com.thealgorithms.maths.AbsoluteMinTest
[be4905fd-9f3f-4133-9099-829cabd18feb/build]   | [INFO] Tests run: 2, Failures: 0, Errors: 0, Skipped: 0, Time elapsed: 0.005 s - in com.thealgorithms.maths.AbsoluteMinTest
[be4905fd-9f3f-4133-9099-829cabd18feb/build]   | [INFO] Running com.thealgorithms.maths.CollatzConjectureTest
[be4905fd-9f3f-4133-9099-829cabd18feb/build]   | [INFO] Tests run: 4, Failures: 0, Errors: 0, Skipped: 0, Time elapsed: 0.003 s - in com.thealgorithms.maths.CollatzConjectureTest
[be4905fd-9f3f-4133-9099-829cabd18feb/build]   | [INFO] Running com.thealgorithms.maths.VolumeTest
[be4905fd-9f3f-4133-9099-829cabd18feb/build]   | [INFO] Tests run: 1, Failures: 0, Errors: 0, Skipped: 0, Time elapsed: 0 s - in com.thealgorithms.maths.VolumeTest
[be4905fd-9f3f-4133-9099-829cabd18feb/build]   | [INFO] Running com.thealgorithms.maths.FindMaxTest
[be4905fd-9f3f-4133-9099-829cabd18feb/build]   | [INFO] Tests run: 1, Failures: 0, Errors: 0, Skipped: 0, Time elapsed: 0 s - in com.thealgorithms.maths.FindMaxTest
[be4905fd-9f3f-4133-9099-829cabd18feb/build]   | [INFO] Running com.thealgorithms.maths.FindMinTest
[be4905fd-9f3f-4133-9099-829cabd18feb/build]   | [INFO] Tests run: 5, Failures: 0, Errors: 0, Skipped: 0, Time elapsed: 0 s - in com.thealgorithms.maths.FindMinTest
[be4905fd-9f3f-4133-9099-829cabd18feb/build]   | [INFO] Running com.thealgorithms.maths.DudeneyNumberTest
[be4905fd-9f3f-4133-9099-829cabd18feb/build]   | [INFO] Tests run: 1, Failures: 0, Errors: 0, Skipped: 0, Time elapsed: 0.002 s - in com.thealgorithms.maths.DudeneyNumberTest
[be4905fd-9f3f-4133-9099-829cabd18feb/build]   | [INFO] Running com.thealgorithms.maths.AliquotSumTest
[be4905fd-9f3f-4133-9099-829cabd18feb/build]   | [INFO] Tests run: 1, Failures: 0, Errors: 0, Skipped: 0, Time elapsed: 0.001 s - in com.thealgorithms.maths.AliquotSumTest
[be4905fd-9f3f-4133-9099-829cabd18feb/build]   | [INFO] Running com.thealgorithms.maths.GaussianTest
[be4905fd-9f3f-4133-9099-829cabd18feb/build]   | [INFO] Tests run: 1, Failures: 0, Errors: 0, Skipped: 0, Time elapsed: 0 s - in com.thealgorithms.maths.GaussianTest
[be4905fd-9f3f-4133-9099-829cabd18feb/build]   | [INFO] Running com.thealgorithms.maths.MedianTest
[be4905fd-9f3f-4133-9099-829cabd18feb/build]   | [INFO] Tests run: 5, Failures: 0, Errors: 0, Skipped: 0, Time elapsed: 0.001 s - in com.thealgorithms.maths.MedianTest
[be4905fd-9f3f-4133-9099-829cabd18feb/build]   | [INFO] Running com.thealgorithms.maths.SumOfDigitsTest
[be4905fd-9f3f-4133-9099-829cabd18feb/build]   | [INFO] Tests run: 3, Failures: 0, Errors: 0, Skipped: 0, Time elapsed: 0 s - in com.thealgorithms.maths.SumOfDigitsTest
[be4905fd-9f3f-4133-9099-829cabd18feb/build]   | [INFO] Running com.thealgorithms.maths.BinomialCoefficientTest
[be4905fd-9f3f-4133-9099-829cabd18feb/build]   | [INFO] Tests run: 1, Failures: 0, Errors: 0, Skipped: 0, Time elapsed: 0 s - in com.thealgorithms.maths.BinomialCoefficientTest
[be4905fd-9f3f-4133-9099-829cabd18feb/build]   | [INFO] Running com.thealgorithms.maths.CombinationsTest
[be4905fd-9f3f-4133-9099-829cabd18feb/build]   | [INFO] Tests run: 2, Failures: 0, Errors: 0, Skipped: 0, Time elapsed: 0 s - in com.thealgorithms.maths.CombinationsTest
[be4905fd-9f3f-4133-9099-829cabd18feb/build]   | [INFO] Running com.thealgorithms.maths.SumWithoutArithmeticOperatorsTest
[be4905fd-9f3f-4133-9099-829cabd18feb/build]   | [INFO] Tests run: 5, Failures: 0, Errors: 0, Skipped: 0, Time elapsed: 0 s - in com.thealgorithms.maths.SumWithoutArithmeticOperatorsTest
[be4905fd-9f3f-4133-9099-829cabd18feb/build]   | [INFO] Running com.thealgorithms.maths.AreaTest
[be4905fd-9f3f-4133-9099-829cabd18feb/build]   | [INFO] Tests run: 12, Failures: 0, Errors: 0, Skipped: 0, Time elapsed: 0.011 s - in com.thealgorithms.maths.AreaTest
[be4905fd-9f3f-4133-9099-829cabd18feb/build]   | [INFO] Running com.thealgorithms.maths.DigitalRootTest
[be4905fd-9f3f-4133-9099-829cabd18feb/build]   | [INFO] Tests run: 1, Failures: 0, Errors: 0, Skipped: 0, Time elapsed: 0 s - in com.thealgorithms.maths.DigitalRootTest
[be4905fd-9f3f-4133-9099-829cabd18feb/build]   | [INFO] Running com.thealgorithms.maths.GCDTest
[be4905fd-9f3f-4133-9099-829cabd18feb/build]   | [INFO] Tests run: 10, Failures: 0, Errors: 0, Skipped: 0, Time elapsed: 0.001 s - in com.thealgorithms.maths.GCDTest
[be4905fd-9f3f-4133-9099-829cabd18feb/build]   | [INFO] Running com.thealgorithms.maths.FastInverseSqrtTests
[be4905fd-9f3f-4133-9099-829cabd18feb/build]   | [INFO] Tests run: 8, Failures: 0, Errors: 0, Skipped: 0, Time elapsed: 0.001 s - in com.thealgorithms.maths.FastInverseSqrtTests
[be4905fd-9f3f-4133-9099-829cabd18feb/build]   | [INFO] Running com.thealgorithms.maths.StandardScoreTest
[be4905fd-9f3f-4133-9099-829cabd18feb/build]   | [INFO] Tests run: 4, Failures: 0, Errors: 0, Skipped: 0, Time elapsed: 0 s - in com.thealgorithms.maths.StandardScoreTest
[be4905fd-9f3f-4133-9099-829cabd18feb/build]   | [INFO] Running com.thealgorithms.maths.PythagoreanTripleTest
[be4905fd-9f3f-4133-9099-829cabd18feb/build]   | [INFO] Tests run: 1, Failures: 0, Errors: 0, Skipped: 0, Time elapsed: 0 s - in com.thealgorithms.maths.PythagoreanTripleTest
[be4905fd-9f3f-4133-9099-829cabd18feb/build]   | [INFO] Running com.thealgorithms.maths.LucasSeriesTest
[be4905fd-9f3f-4133-9099-829cabd18feb/build]   | [INFO] Tests run: 4, Failures: 0, Errors: 0, Skipped: 0, Time elapsed: 0 s - in com.thealgorithms.maths.LucasSeriesTest
[be4905fd-9f3f-4133-9099-829cabd18feb/build]   | [INFO] Running com.thealgorithms.maths.PronicNumberTest
[be4905fd-9f3f-4133-9099-829cabd18feb/build]   | [INFO] Tests run: 2, Failures: 0, Errors: 0, Skipped: 0, Time elapsed: 0 s - in com.thealgorithms.maths.PronicNumberTest
[be4905fd-9f3f-4133-9099-829cabd18feb/build]   | [INFO] Running com.thealgorithms.maths.LeastCommonMultipleTest
[be4905fd-9f3f-4133-9099-829cabd18feb/build]   | [INFO] Tests run: 2, Failures: 0, Errors: 0, Skipped: 0, Time elapsed: 0 s - in com.thealgorithms.maths.LeastCommonMultipleTest
[be4905fd-9f3f-4133-9099-829cabd18feb/build]   | [INFO] Running com.thealgorithms.conversions.DecimalToHexaDecimalTest
[be4905fd-9f3f-4133-9099-829cabd18feb/build]   | [INFO] Tests run: 1, Failures: 0, Errors: 0, Skipped: 0, Time elapsed: 0 s - in com.thealgorithms.conversions.DecimalToHexaDecimalTest
[be4905fd-9f3f-4133-9099-829cabd18feb/build]   | [INFO] Running com.thealgorithms.conversions.HexaDecimalToBinaryTest
[be4905fd-9f3f-4133-9099-829cabd18feb/build]   | [INFO] Tests run: 1, Failures: 0, Errors: 0, Skipped: 0, Time elapsed: 0 s - in com.thealgorithms.conversions.HexaDecimalToBinaryTest
[be4905fd-9f3f-4133-9099-829cabd18feb/build]   | [INFO] Running com.thealgorithms.conversions.OctalToDecimalTest
[be4905fd-9f3f-4133-9099-829cabd18feb/build]   | [INFO] Tests run: 1, Failures: 0, Errors: 0, Skipped: 0, Time elapsed: 0 s - in com.thealgorithms.conversions.OctalToDecimalTest
[be4905fd-9f3f-4133-9099-829cabd18feb/build]   | [INFO] Running com.thealgorithms.conversions.BinaryToDecimalTest
[be4905fd-9f3f-4133-9099-829cabd18feb/build]   | [INFO] Tests run: 3, Failures: 0, Errors: 0, Skipped: 0, Time elapsed: 0 s - in com.thealgorithms.conversions.BinaryToDecimalTest
[be4905fd-9f3f-4133-9099-829cabd18feb/build]   | [INFO] Running com.thealgorithms.conversions.BinaryToOctalTest
[be4905fd-9f3f-4133-9099-829cabd18feb/build]   | [INFO] Tests run: 1, Failures: 0, Errors: 0, Skipped: 0, Time elapsed: 0 s - in com.thealgorithms.conversions.BinaryToOctalTest
[be4905fd-9f3f-4133-9099-829cabd18feb/build]   | [INFO] Running com.thealgorithms.conversions.IntegerToRomanTest
[be4905fd-9f3f-4133-9099-829cabd18feb/build]   | [INFO] Tests run: 1, Failures: 0, Errors: 0, Skipped: 0, Time elapsed: 0 s - in com.thealgorithms.conversions.IntegerToRomanTest
[be4905fd-9f3f-4133-9099-829cabd18feb/build]   | [INFO] Running com.thealgorithms.conversions.HexToOctTest
[be4905fd-9f3f-4133-9099-829cabd18feb/build]   | [INFO] Tests run: 1, Failures: 0, Errors: 0, Skipped: 0, Time elapsed: 0 s - in com.thealgorithms.conversions.HexToOctTest
[be4905fd-9f3f-4133-9099-829cabd18feb/build]   | [INFO] Running com.thealgorithms.conversions.OctalToHexadecimalTest
[be4905fd-9f3f-4133-9099-829cabd18feb/build]   | [INFO] Tests run: 1, Failures: 0, Errors: 0, Skipped: 0, Time elapsed: 0 s - in com.thealgorithms.conversions.OctalToHexadecimalTest
[be4905fd-9f3f-4133-9099-829cabd18feb/build]   | [INFO] Running com.thealgorithms.conversions.HexaDecimalToDecimalTest
[be4905fd-9f3f-4133-9099-829cabd18feb/build]   | [INFO] Tests run: 1, Failures: 0, Errors: 0, Skipped: 0, Time elapsed: 0 s - in com.thealgorithms.conversions.HexaDecimalToDecimalTest
[be4905fd-9f3f-4133-9099-829cabd18feb/build]   | [INFO] Running com.thealgorithms.conversions.BinaryToHexadecimalTest
[be4905fd-9f3f-4133-9099-829cabd18feb/build]   | [INFO] Tests run: 1, Failures: 0, Errors: 0, Skipped: 0, Time elapsed: 0 s - in com.thealgorithms.conversions.BinaryToHexadecimalTest
[be4905fd-9f3f-4133-9099-829cabd18feb/build]   | [INFO] Running com.thealgorithms.conversions.RomanToIntegerTest
[be4905fd-9f3f-4133-9099-829cabd18feb/build]   | [INFO] Tests run: 1, Failures: 0, Errors: 0, Skipped: 0, Time elapsed: 0 s - in com.thealgorithms.conversions.RomanToIntegerTest
[be4905fd-9f3f-4133-9099-829cabd18feb/build]   | [INFO] Running com.thealgorithms.datastructures.bloomfilter.BloomFilterTest
[be4905fd-9f3f-4133-9099-829cabd18feb/build]   | [INFO] Tests run: 2, Failures: 0, Errors: 0, Skipped: 0, Time elapsed: 0 s - in com.thealgorithms.datastructures.bloomfilter.BloomFilterTest
[be4905fd-9f3f-4133-9099-829cabd18feb/build]   | [INFO] Running com.thealgorithms.datastructures.heaps.LeftistHeapTest
[be4905fd-9f3f-4133-9099-829cabd18feb/build]   | [INFO] Tests run: 1, Failures: 0, Errors: 0, Skipped: 0, Time elapsed: 0 s - in com.thealgorithms.datastructures.heaps.LeftistHeapTest
[be4905fd-9f3f-4133-9099-829cabd18feb/build]   | [INFO] Running com.thealgorithms.datastructures.heaps.FibonacciHeapTest
[be4905fd-9f3f-4133-9099-829cabd18feb/build]   | [INFO] Tests run: 1, Failures: 0, Errors: 0, Skipped: 0, Time elapsed: 0 s - in com.thealgorithms.datastructures.heaps.FibonacciHeapTest
[be4905fd-9f3f-4133-9099-829cabd18feb/build]   | [INFO] Running com.thealgorithms.datastructures.buffers.CircularBufferTest
[be4905fd-9f3f-4133-9099-829cabd18feb/build]   | [INFO] Tests run: 1004, Failures: 0, Errors: 0, Skipped: 0, Time elapsed: 1.171 s - in com.thealgorithms.datastructures.buffers.CircularBufferTest
[be4905fd-9f3f-4133-9099-829cabd18feb/build]   | [INFO] Running com.thealgorithms.datastructures.lists.SkipListTest
[be4905fd-9f3f-4133-9099-829cabd18feb/build]   | [ ] --- --- --- --- 
[be4905fd-9f3f-4133-9099-829cabd18feb/build]   | [ ] --- --- --- --- 
[be4905fd-9f3f-4133-9099-829cabd18feb/build]   | [ ] --- [ ] --- --- 
[be4905fd-9f3f-4133-9099-829cabd18feb/build]   | [ ] --- [ ] --- --- 
[be4905fd-9f3f-4133-9099-829cabd18feb/build]   | [ ] --- [ ] --- --- 
[be4905fd-9f3f-4133-9099-829cabd18feb/build]   | [ ] --- [ ] --- --- 
[be4905fd-9f3f-4133-9099-829cabd18feb/build]   | [ ] [ ] [ ] [ ] --- 
[be4905fd-9f3f-4133-9099-829cabd18feb/build]   | [ ] [ ] [ ] [ ] [ ] 
[be4905fd-9f3f-4133-9099-829cabd18feb/build]   |  H   0   1   2   3
[be4905fd-9f3f-4133-9099-829cabd18feb/build]   | 
[be4905fd-9f3f-4133-9099-829cabd18feb/build]   | [ ] --- --- --- --- --- --- --- --- --- --- --- 
[be4905fd-9f3f-4133-9099-829cabd18feb/build]   | [ ] --- --- --- --- --- --- --- --- --- --- --- 
[be4905fd-9f3f-4133-9099-829cabd18feb/build]   | [ ] --- --- --- --- --- --- --- --- --- --- --- 
[be4905fd-9f3f-4133-9099-829cabd18feb/build]   | [ ] --- --- --- --- --- --- --- --- --- --- --- 
[be4905fd-9f3f-4133-9099-829cabd18feb/build]   | [ ] --- --- --- --- --- --- --- [ ] --- [ ] --- 
[be4905fd-9f3f-4133-9099-829cabd18feb/build]   | [ ] --- --- --- --- --- --- --- [ ] --- [ ] --- 
[be4905fd-9f3f-4133-9099-829cabd18feb/build]   | [ ] --- --- --- --- --- [ ] [ ] [ ] [ ] [ ] [ ] 
[be4905fd-9f3f-4133-9099-829cabd18feb/build]   | [ ] [ ] [ ] [ ] [ ] [ ] [ ] [ ] [ ] [ ] [ ] [ ] 
[be4905fd-9f3f-4133-9099-829cabd18feb/build]   |  H   0   1   2   3   4   5   6   7   8   9  10
[be4905fd-9f3f-4133-9099-829cabd18feb/build]   | 
[be4905fd-9f3f-4133-9099-829cabd18feb/build]   | [ ] --- 
[be4905fd-9f3f-4133-9099-829cabd18feb/build]   | [ ] --- 
[be4905fd-9f3f-4133-9099-829cabd18feb/build]   | [ ] --- 
[be4905fd-9f3f-4133-9099-829cabd18feb/build]   | [ ] --- 
[be4905fd-9f3f-4133-9099-829cabd18feb/build]   | [ ] --- 
[be4905fd-9f3f-4133-9099-829cabd18feb/build]   | [ ] --- 
[be4905fd-9f3f-4133-9099-829cabd18feb/build]   | [ ] --- 
[be4905fd-9f3f-4133-9099-829cabd18feb/build]   | [ ] [ ] 
[be4905fd-9f3f-4133-9099-829cabd18feb/build]   |  H   0
[be4905fd-9f3f-4133-9099-829cabd18feb/build]   | 
[be4905fd-9f3f-4133-9099-829cabd18feb/build]   | [ ] --- 
[be4905fd-9f3f-4133-9099-829cabd18feb/build]   | [ ] --- 
[be4905fd-9f3f-4133-9099-829cabd18feb/build]   | [ ] --- 
[be4905fd-9f3f-4133-9099-829cabd18feb/build]   | [ ] --- 
[be4905fd-9f3f-4133-9099-829cabd18feb/build]   | [ ] --- 
[be4905fd-9f3f-4133-9099-829cabd18feb/build]   | [ ] --- 
[be4905fd-9f3f-4133-9099-829cabd18feb/build]   | [ ] --- 
[be4905fd-9f3f-4133-9099-829cabd18feb/build]   | [ ] [ ] 
[be4905fd-9f3f-4133-9099-829cabd18feb/build]   |  H   0
[be4905fd-9f3f-4133-9099-829cabd18feb/build]   | 
[be4905fd-9f3f-4133-9099-829cabd18feb/build]   | [ ] --- --- --- --- --- --- --- --- --- --- --- 
[be4905fd-9f3f-4133-9099-829cabd18feb/build]   | [ ] --- --- --- --- --- --- --- --- --- --- --- 
[be4905fd-9f3f-4133-9099-829cabd18feb/build]   | [ ] --- --- --- --- --- --- --- --- --- --- --- 
[be4905fd-9f3f-4133-9099-829cabd18feb/build]   | [ ] --- --- --- --- --- --- --- --- --- --- --- 
[be4905fd-9f3f-4133-9099-829cabd18feb/build]   | [ ] --- --- --- --- --- --- --- --- --- --- --- 
[be4905fd-9f3f-4133-9099-829cabd18feb/build]   | [ ] --- --- --- --- [ ] --- --- --- --- --- --- 
[be4905fd-9f3f-4133-9099-829cabd18feb/build]   | [ ] [ ] [ ] --- [ ] [ ] --- [ ] --- --- --- --- 
[be4905fd-9f3f-4133-9099-829cabd18feb/build]   | [ ] [ ] [ ] [ ] [ ] [ ] [ ] [ ] [ ] [ ] [ ] [ ] 
[be4905fd-9f3f-4133-9099-829cabd18feb/build]   |  H   0   1   2   3   4   5   6   7   8   9  10
[be4905fd-9f3f-4133-9099-829cabd18feb/build]   | 
[be4905fd-9f3f-4133-9099-829cabd18feb/build]   | [ ] --- --- --- --- --- --- --- --- --- --- 
[be4905fd-9f3f-4133-9099-829cabd18feb/build]   | [ ] --- --- --- --- --- --- --- --- --- --- 
[be4905fd-9f3f-4133-9099-829cabd18feb/build]   | [ ] --- --- --- --- --- --- --- --- --- --- 
[be4905fd-9f3f-4133-9099-829cabd18feb/build]   | [ ] --- --- --- --- --- --- --- --- --- --- 
[be4905fd-9f3f-4133-9099-829cabd18feb/build]   | [ ] --- --- --- --- --- --- --- --- --- --- 
[be4905fd-9f3f-4133-9099-829cabd18feb/build]   | [ ] --- --- --- [ ] --- --- --- --- --- --- 
[be4905fd-9f3f-4133-9099-829cabd18feb/build]   | [ ] [ ] --- [ ] [ ] --- [ ] --- --- --- --- 
[be4905fd-9f3f-4133-9099-829cabd18feb/build]   | [ ] [ ] [ ] [ ] [ ] [ ] [ ] [ ] [ ] [ ] [ ] 
[be4905fd-9f3f-4133-9099-829cabd18feb/build]   |  H   0   1   2   3   4   5   6   7   8   9
[be4905fd-9f3f-4133-9099-829cabd18feb/build]   | 
[be4905fd-9f3f-4133-9099-829cabd18feb/build]   | [ ] --- --- --- --- --- --- --- --- --- --- --- 
[be4905fd-9f3f-4133-9099-829cabd18feb/build]   | [ ] --- --- --- --- --- --- --- --- --- --- --- 
[be4905fd-9f3f-4133-9099-829cabd18feb/build]   | [ ] --- --- --- --- --- --- --- --- --- [ ] --- 
[be4905fd-9f3f-4133-9099-829cabd18feb/build]   | [ ] --- --- --- --- --- --- --- --- --- [ ] --- 
[be4905fd-9f3f-4133-9099-829cabd18feb/build]   | [ ] --- --- --- --- --- --- --- --- [ ] [ ] --- 
[be4905fd-9f3f-4133-9099-829cabd18feb/build]   | [ ] --- [ ] --- [ ] --- --- --- --- [ ] [ ] --- 
[be4905fd-9f3f-4133-9099-829cabd18feb/build]   | [ ] [ ] [ ] --- [ ] --- --- --- [ ] [ ] [ ] [ ] 
[be4905fd-9f3f-4133-9099-829cabd18feb/build]   | [ ] [ ] [ ] [ ] [ ] [ ] [ ] [ ] [ ] [ ] [ ] [ ] 
[be4905fd-9f3f-4133-9099-829cabd18feb/build]   |  H   0   1   2   3   4   5   6   7   8   9  10
[be4905fd-9f3f-4133-9099-829cabd18feb/build]   | 
[be4905fd-9f3f-4133-9099-829cabd18feb/build]   | [ ] --- --- --- --- --- --- --- --- --- --- 
[be4905fd-9f3f-4133-9099-829cabd18feb/build]   | [ ] --- --- --- --- --- --- --- --- --- --- 
[be4905fd-9f3f-4133-9099-829cabd18feb/build]   | [ ] --- --- --- --- --- --- --- --- --- [ ] 
[be4905fd-9f3f-4133-9099-829cabd18feb/build]   | [ ] --- --- --- --- --- --- --- --- --- [ ] 
[be4905fd-9f3f-4133-9099-829cabd18feb/build]   | [ ] --- --- --- --- --- --- --- --- [ ] [ ] 
[be4905fd-9f3f-4133-9099-829cabd18feb/build]   | [ ] --- [ ] --- [ ] --- --- --- --- [ ] [ ] 
[be4905fd-9f3f-4133-9099-829cabd18feb/build]   | [ ] [ ] [ ] --- [ ] --- --- --- [ ] [ ] [ ] 
[be4905fd-9f3f-4133-9099-829cabd18feb/build]   | [ ] [ ] [ ] [ ] [ ] [ ] [ ] [ ] [ ] [ ] [ ] 
[be4905fd-9f3f-4133-9099-829cabd18feb/build]   |  H   0   1   2   3   4   5   6   7   8   9
[be4905fd-9f3f-4133-9099-829cabd18feb/build]   | 
[be4905fd-9f3f-4133-9099-829cabd18feb/build]   | [INFO] Tests run: 6, Failures: 0, Errors: 0, Skipped: 0, Time elapsed: 0.001 s - in com.thealgorithms.datastructures.lists.SkipListTest
[be4905fd-9f3f-4133-9099-829cabd18feb/build]   | [INFO] Running com.thealgorithms.datastructures.lists.SinglyLinkedListTest
[be4905fd-9f3f-4133-9099-829cabd18feb/build]   | [INFO] Tests run: 9, Failures: 0, Errors: 0, Skipped: 0, Time elapsed: 0 s - in com.thealgorithms.datastructures.lists.SinglyLinkedListTest
[be4905fd-9f3f-4133-9099-829cabd18feb/build]   | [INFO] Running com.thealgorithms.datastructures.hashmap.HashMapCuckooHashingTest
[be4905fd-9f3f-4133-9099-829cabd18feb/build]   | Infinite loop occurred, lengthening & rehashing table
[be4905fd-9f3f-4133-9099-829cabd18feb/build]   | Infinite loop occurred, lengthening & rehashing table
[be4905fd-9f3f-4133-9099-829cabd18feb/build]   | [INFO] Tests run: 8, Failures: 0, Errors: 0, Skipped: 0, Time elapsed: 0 s - in com.thealgorithms.datastructures.hashmap.HashMapCuckooHashingTest
[be4905fd-9f3f-4133-9099-829cabd18feb/build]   | [INFO] Running com.thealgorithms.datastructures.hashmap.hashing.MajorityElementTest
[be4905fd-9f3f-4133-9099-829cabd18feb/build]   | [INFO] Tests run: 4, Failures: 0, Errors: 0, Skipped: 0, Time elapsed: 0 s - in com.thealgorithms.datastructures.hashmap.hashing.MajorityElementTest
[be4905fd-9f3f-4133-9099-829cabd18feb/build]   | [INFO] Running com.thealgorithms.datastructures.hashmap.hashing.LinearProbingHashMapTest
[be4905fd-9f3f-4133-9099-829cabd18feb/build]   | [INFO] Tests run: 7, Failures: 0, Errors: 0, Skipped: 0, Time elapsed: 0.004 s - in com.thealgorithms.datastructures.hashmap.hashing.LinearProbingHashMapTest
[be4905fd-9f3f-4133-9099-829cabd18feb/build]   | [INFO] Running com.thealgorithms.datastructures.hashmap.hashing.GenericHashMapUsingArrayListTest
[be4905fd-9f3f-4133-9099-829cabd18feb/build]   | [INFO] Tests run: 3, Failures: 0, Errors: 0, Skipped: 0, Time elapsed: 0.001 s - in com.thealgorithms.datastructures.hashmap.hashing.GenericHashMapUsingArrayListTest
[be4905fd-9f3f-4133-9099-829cabd18feb/build]   | [INFO] Running com.thealgorithms.datastructures.hashmap.hashing.GenericHashMapUsingArrayTest
[be4905fd-9f3f-4133-9099-829cabd18feb/build]   | [INFO] Tests run: 3, Failures: 0, Errors: 0, Skipped: 0, Time elapsed: 0.001 s - in com.thealgorithms.datastructures.hashmap.hashing.GenericHashMapUsingArrayTest
[be4905fd-9f3f-4133-9099-829cabd18feb/build]   | [INFO] Running com.thealgorithms.datastructures.queues.PriorityQueuesTest
[be4905fd-9f3f-4133-9099-829cabd18feb/build]   | [INFO] Tests run: 3, Failures: 0, Errors: 0, Skipped: 0, Time elapsed: 0 s - in com.thealgorithms.datastructures.queues.PriorityQueuesTest
[be4905fd-9f3f-4133-9099-829cabd18feb/build]   | [INFO] Running com.thealgorithms.datastructures.queues.LinkedQueueTest
[be4905fd-9f3f-4133-9099-829cabd18feb/build]   | [INFO] Tests run: 1, Failures: 0, Errors: 0, Skipped: 0, Time elapsed: 0.001 s - in com.thealgorithms.datastructures.queues.LinkedQueueTest
[be4905fd-9f3f-4133-9099-829cabd18feb/build]   | [INFO] Running com.thealgorithms.datastructures.caches.MRUCacheTest
[be4905fd-9f3f-4133-9099-829cabd18feb/build]   | [INFO] Tests run: 4, Failures: 0, Errors: 0, Skipped: 0, Time elapsed: 0.002 s - in com.thealgorithms.datastructures.caches.MRUCacheTest
[be4905fd-9f3f-4133-9099-829cabd18feb/build]   | [INFO] Running com.thealgorithms.datastructures.caches.LRUCacheTest
[be4905fd-9f3f-4133-9099-829cabd18feb/build]   | [INFO] Tests run: 4, Failures: 0, Errors: 0, Skipped: 0, Time elapsed: 0.001 s - in com.thealgorithms.datastructures.caches.LRUCacheTest
[be4905fd-9f3f-4133-9099-829cabd18feb/build]   | [INFO] Running com.thealgorithms.datastructures.caches.LFUCacheTest
[be4905fd-9f3f-4133-9099-829cabd18feb/build]   | [INFO] Tests run: 3, Failures: 0, Errors: 0, Skipped: 0, Time elapsed: 0 s - in com.thealgorithms.datastructures.caches.LFUCacheTest
[be4905fd-9f3f-4133-9099-829cabd18feb/build]   | [INFO] Running com.thealgorithms.datastructures.graphs.TarjansAlgorithmTest
[be4905fd-9f3f-4133-9099-829cabd18feb/build]   | [INFO] Tests run: 2, Failures: 0, Errors: 0, Skipped: 0, Time elapsed: 0 s - in com.thealgorithms.datastructures.graphs.TarjansAlgorithmTest
[be4905fd-9f3f-4133-9099-829cabd18feb/build]   | [INFO] Running com.thealgorithms.datastructures.graphs.HamiltonianCycleTest
[be4905fd-9f3f-4133-9099-829cabd18feb/build]   | [INFO] Tests run: 2, Failures: 0, Errors: 0, Skipped: 0, Time elapsed: 0 s - in com.thealgorithms.datastructures.graphs.HamiltonianCycleTest
[be4905fd-9f3f-4133-9099-829cabd18feb/build]   | [INFO] Running com.thealgorithms.datastructures.graphs.KosarajuTest
[be4905fd-9f3f-4133-9099-829cabd18feb/build]   | [INFO] Tests run: 2, Failures: 0, Errors: 0, Skipped: 0, Time elapsed: 0 s - in com.thealgorithms.datastructures.graphs.KosarajuTest
[be4905fd-9f3f-4133-9099-829cabd18feb/build]   | [INFO] Running com.thealgorithms.datastructures.trees.SameTreesCheckTest
[be4905fd-9f3f-4133-9099-829cabd18feb/build]   | [INFO] Tests run: 6, Failures: 0, Errors: 0, Skipped: 0, Time elapsed: 0.001 s - in com.thealgorithms.datastructures.trees.SameTreesCheckTest
[be4905fd-9f3f-4133-9099-829cabd18feb/build]   | [INFO] Running com.thealgorithms.datastructures.trees.CheckBinaryTreeIsValidBSTTest
[be4905fd-9f3f-4133-9099-829cabd18feb/build]   | [INFO] Tests run: 5, Failures: 0, Errors: 0, Skipped: 0, Time elapsed: 0 s - in com.thealgorithms.datastructures.trees.CheckBinaryTreeIsValidBSTTest
[be4905fd-9f3f-4133-9099-829cabd18feb/build]   | [INFO] Running com.thealgorithms.datastructures.trees.LazySegmentTreeTest
[be4905fd-9f3f-4133-9099-829cabd18feb/build]   | [INFO] Tests run: 4, Failures: 0, Errors: 0, Skipped: 0, Time elapsed: 0.001 s - in com.thealgorithms.datastructures.trees.LazySegmentTreeTest
[be4905fd-9f3f-4133-9099-829cabd18feb/build]   | [INFO] Running com.thealgorithms.datastructures.trees.KDTreeTest
[be4905fd-9f3f-4133-9099-829cabd18feb/build]   | [INFO] Tests run: 3, Failures: 0, Errors: 0, Skipped: 0, Time elapsed: 0.004 s - in com.thealgorithms.datastructures.trees.KDTreeTest
[be4905fd-9f3f-4133-9099-829cabd18feb/build]   | [INFO] Running com.thealgorithms.datastructures.trees.PostOrderTraversalTest
[be4905fd-9f3f-4133-9099-829cabd18feb/build]   | [INFO] Tests run: 3, Failures: 0, Errors: 0, Skipped: 0, Time elapsed: 0.001 s - in com.thealgorithms.datastructures.trees.PostOrderTraversalTest
[be4905fd-9f3f-4133-9099-829cabd18feb/build]   | [INFO] Running com.thealgorithms.datastructures.trees.BSTFromSortedArrayTest
[be4905fd-9f3f-4133-9099-829cabd18feb/build]   | [INFO] Tests run: 6, Failures: 0, Errors: 0, Skipped: 0, Time elapsed: 0.001 s - in com.thealgorithms.datastructures.trees.BSTFromSortedArrayTest
[be4905fd-9f3f-4133-9099-829cabd18feb/build]   | [INFO] Running com.thealgorithms.datastructures.trees.InorderTraversalTest
[be4905fd-9f3f-4133-9099-829cabd18feb/build]   | [INFO] Tests run: 3, Failures: 0, Errors: 0, Skipped: 0, Time elapsed: 0 s - in com.thealgorithms.datastructures.trees.InorderTraversalTest
[be4905fd-9f3f-4133-9099-829cabd18feb/build]   | [INFO] Running com.thealgorithms.datastructures.trees.BSTRecursiveTest
[be4905fd-9f3f-4133-9099-829cabd18feb/build]   | [INFO] Tests run: 4, Failures: 0, Errors: 0, Skipped: 0, Time elapsed: 0 s - in com.thealgorithms.datastructures.trees.BSTRecursiveTest
[be4905fd-9f3f-4133-9099-829cabd18feb/build]   | [INFO] Running com.thealgorithms.datastructures.trees.BSTIterativeTest
[be4905fd-9f3f-4133-9099-829cabd18feb/build]   | [INFO] Tests run: 4, Failures: 0, Errors: 0, Skipped: 0, Time elapsed: 0 s - in com.thealgorithms.datastructures.trees.BSTIterativeTest
[be4905fd-9f3f-4133-9099-829cabd18feb/build]   | [INFO] Running com.thealgorithms.datastructures.trees.VerticalOrderTraversalTest
[be4905fd-9f3f-4133-9099-829cabd18feb/build]   | [INFO] Tests run: 4, Failures: 0, Errors: 0, Skipped: 0, Time elapsed: 0 s - in com.thealgorithms.datastructures.trees.VerticalOrderTraversalTest
[be4905fd-9f3f-4133-9099-829cabd18feb/build]   | [INFO] Running com.thealgorithms.datastructures.trees.ZigzagTraversalTest
[be4905fd-9f3f-4133-9099-829cabd18feb/build]   | [INFO] Tests run: 4, Failures: 0, Errors: 0, Skipped: 0, Time elapsed: 0.001 s - in com.thealgorithms.datastructures.trees.ZigzagTraversalTest
[be4905fd-9f3f-4133-9099-829cabd18feb/build]   | [INFO] Running com.thealgorithms.datastructures.trees.CeilInBinarySearchTreeTest
[be4905fd-9f3f-4133-9099-829cabd18feb/build]   | [INFO] Tests run: 7, Failures: 0, Errors: 0, Skipped: 0, Time elapsed: 0.001 s - in com.thealgorithms.datastructures.trees.CeilInBinarySearchTreeTest
[be4905fd-9f3f-4133-9099-829cabd18feb/build]   | [INFO] Running com.thealgorithms.datastructures.trees.CheckTreeIsSymmetricTest
[be4905fd-9f3f-4133-9099-829cabd18feb/build]   | [INFO] Tests run: 4, Failures: 0, Errors: 0, Skipped: 0, Time elapsed: 0 s - in com.thealgorithms.datastructures.trees.CheckTreeIsSymmetricTest
[be4905fd-9f3f-4133-9099-829cabd18feb/build]   | [INFO] Running com.thealgorithms.datastructures.trees.BinaryTreeTest
[be4905fd-9f3f-4133-9099-829cabd18feb/build]   | 12 3 5 7 9 12 3 5 7 9 12 12 9 7 5 3 [INFO] Tests run: 4, Failures: 0, Errors: 0, Skipped: 0, Time elapsed: 0.002 s - in com.thealgorithms.datastructures.trees.BinaryTreeTest
[be4905fd-9f3f-4133-9099-829cabd18feb/build]   | [INFO] Running com.thealgorithms.datastructures.trees.LevelOrderTraversalTest
[be4905fd-9f3f-4133-9099-829cabd18feb/build]   | [INFO] Tests run: 4, Failures: 0, Errors: 0, Skipped: 0, Time elapsed: 0 s - in com.thealgorithms.datastructures.trees.LevelOrderTraversalTest
[be4905fd-9f3f-4133-9099-829cabd18feb/build]   | [INFO] Running com.thealgorithms.datastructures.trees.CreateBinaryTreeFromInorderPreorderTest
[be4905fd-9f3f-4133-9099-829cabd18feb/build]   | [INFO] Tests run: 6, Failures: 0, Errors: 0, Skipped: 0, Time elapsed: 0.001 s - in com.thealgorithms.datastructures.trees.CreateBinaryTreeFromInorderPreorderTest
[be4905fd-9f3f-4133-9099-829cabd18feb/build]   | [INFO] Running com.thealgorithms.datastructures.trees.PreOrderTraversalTest
[be4905fd-9f3f-4133-9099-829cabd18feb/build]   | [INFO] Tests run: 3, Failures: 0, Errors: 0, Skipped: 0, Time elapsed: 0 s - in com.thealgorithms.datastructures.trees.PreOrderTraversalTest
[be4905fd-9f3f-4133-9099-829cabd18feb/build]   | [INFO] Running com.thealgorithms.searches.BinarySearch2dArrayTest
[be4905fd-9f3f-4133-9099-829cabd18feb/build]   | [1, 2]
[be4905fd-9f3f-4133-9099-829cabd18feb/build]   | [1, 3]
[be4905fd-9f3f-4133-9099-829cabd18feb/build]   | [2, 1]
[be4905fd-9f3f-4133-9099-829cabd18feb/build]   | [0, 1]
[be4905fd-9f3f-4133-9099-829cabd18feb/build]   | [1, 1]
[be4905fd-9f3f-4133-9099-829cabd18feb/build]   | [0, 1]
[be4905fd-9f3f-4133-9099-829cabd18feb/build]   | [-1, -1]
[be4905fd-9f3f-4133-9099-829cabd18feb/build]   | [2, 2]
[be4905fd-9f3f-4133-9099-829cabd18feb/build]   | [0, 2]
[be4905fd-9f3f-4133-9099-829cabd18feb/build]   | [0, 0]
[be4905fd-9f3f-4133-9099-829cabd18feb/build]   | [INFO] Tests run: 11, Failures: 0, Errors: 0, Skipped: 0, Time elapsed: 0.002 s - in com.thealgorithms.searches.BinarySearch2dArrayTest
[be4905fd-9f3f-4133-9099-829cabd18feb/build]   | [INFO] Running com.thealgorithms.searches.QuickSelectTest
[be4905fd-9f3f-4133-9099-829cabd18feb/build]   | [INFO] Tests run: 21, Failures: 0, Errors: 0, Skipped: 0, Time elapsed: 0.011 s - in com.thealgorithms.searches.QuickSelectTest
[be4905fd-9f3f-4133-9099-829cabd18feb/build]   | [INFO] Running com.thealgorithms.searches.sortOrderAgnosticBinarySearchTest
[be4905fd-9f3f-4133-9099-829cabd18feb/build]   | [INFO] Tests run: 2, Failures: 0, Errors: 0, Skipped: 0, Time elapsed: 0 s - in com.thealgorithms.searches.sortOrderAgnosticBinarySearchTest
[be4905fd-9f3f-4133-9099-829cabd18feb/build]   | [INFO] Running com.thealgorithms.searches.KMPSearchTest
[be4905fd-9f3f-4133-9099-829cabd18feb/build]   | Found pattern at index 10
[be4905fd-9f3f-4133-9099-829cabd18feb/build]   | 10
[be4905fd-9f3f-4133-9099-829cabd18feb/build]   | No pattern found
[be4905fd-9f3f-4133-9099-829cabd18feb/build]   | -1
[be4905fd-9f3f-4133-9099-829cabd18feb/build]   | Found pattern at index 4
[be4905fd-9f3f-4133-9099-829cabd18feb/build]   | 4
[be4905fd-9f3f-4133-9099-829cabd18feb/build]   | Found pattern at index 0
[be4905fd-9f3f-4133-9099-829cabd18feb/build]   | 0
[be4905fd-9f3f-4133-9099-829cabd18feb/build]   | Found pattern at index 4
[be4905fd-9f3f-4133-9099-829cabd18feb/build]   | 4
[be4905fd-9f3f-4133-9099-829cabd18feb/build]   | [INFO] Tests run: 5, Failures: 0, Errors: 0, Skipped: 0, Time elapsed: 0.001 s - in com.thealgorithms.searches.KMPSearchTest
[be4905fd-9f3f-4133-9099-829cabd18feb/build]   | [INFO] Running com.thealgorithms.searches.RabinKarpAlgorithmTest
[be4905fd-9f3f-4133-9099-829cabd18feb/build]   | Pattern found at index 34
[be4905fd-9f3f-4133-9099-829cabd18feb/build]   | Pattern found at index 8
[be4905fd-9f3f-4133-9099-829cabd18feb/build]   | Pattern found at index 3
[be4905fd-9f3f-4133-9099-829cabd18feb/build]   | Pattern found at index 0
[be4905fd-9f3f-4133-9099-829cabd18feb/build]   | [INFO] Tests run: 5, Failures: 0, Errors: 0, Skipped: 0, Time elapsed: 0.001 s - in com.thealgorithms.searches.RabinKarpAlgorithmTest
[be4905fd-9f3f-4133-9099-829cabd18feb/build]   | [INFO] Running com.thealgorithms.searches.HowManyTimesRotatedTest
[be4905fd-9f3f-4133-9099-829cabd18feb/build]   | [INFO] Tests run: 1, Failures: 0, Errors: 0, Skipped: 0, Time elapsed: 0 s - in com.thealgorithms.searches.HowManyTimesRotatedTest
[be4905fd-9f3f-4133-9099-829cabd18feb/build]   | [INFO] Running com.thealgorithms.searches.BreadthFirstSearchTest
[be4905fd-9f3f-4133-9099-829cabd18feb/build]   | [INFO] Tests run: 3, Failures: 0, Errors: 0, Skipped: 0, Time elapsed: 0 s - in com.thealgorithms.searches.BreadthFirstSearchTest
[be4905fd-9f3f-4133-9099-829cabd18feb/build]   | [INFO] Running com.thealgorithms.searches.OrderAgnosticBinarySearchTest
[be4905fd-9f3f-4133-9099-829cabd18feb/build]   | 4
[be4905fd-9f3f-4133-9099-829cabd18feb/build]   | 2
[be4905fd-9f3f-4133-9099-829cabd18feb/build]   | 4
[be4905fd-9f3f-4133-9099-829cabd18feb/build]   | 0
[be4905fd-9f3f-4133-9099-829cabd18feb/build]   | 0
[be4905fd-9f3f-4133-9099-829cabd18feb/build]   | -1
[be4905fd-9f3f-4133-9099-829cabd18feb/build]   | [INFO] Tests run: 6, Failures: 0, Errors: 0, Skipped: 0, Time elapsed: 0.001 s - in com.thealgorithms.searches.OrderAgnosticBinarySearchTest
[be4905fd-9f3f-4133-9099-829cabd18feb/build]   | [INFO] Running com.thealgorithms.searches.RowColumnWiseSorted2dArrayBinarySearchTest
[be4905fd-9f3f-4133-9099-829cabd18feb/build]   | [INFO] Tests run: 7, Failures: 0, Errors: 0, Skipped: 0, Time elapsed: 0 s - in com.thealgorithms.searches.RowColumnWiseSorted2dArrayBinarySearchTest
[be4905fd-9f3f-4133-9099-829cabd18feb/build]   | [INFO] Running com.thealgorithms.searches.TestSearchInARowAndColWiseSortedMatrix
[be4905fd-9f3f-4133-9099-829cabd18feb/build]   | [INFO] Tests run: 2, Failures: 0, Errors: 0, Skipped: 0, Time elapsed: 0 s - in com.thealgorithms.searches.TestSearchInARowAndColWiseSortedMatrix
[be4905fd-9f3f-4133-9099-829cabd18feb/build]   | [INFO] 
[be4905fd-9f3f-4133-9099-829cabd18feb/build]   | [INFO] Results:
[be4905fd-9f3f-4133-9099-829cabd18feb/build]   | [INFO] 
[be4905fd-9f3f-4133-9099-829cabd18feb/build]   | [INFO] Tests run: 3848, Failures: 0, Errors: 0, Skipped: 0
[be4905fd-9f3f-4133-9099-829cabd18feb/build]   | [INFO] 
[be4905fd-9f3f-4133-9099-829cabd18feb/build]   | [INFO] 
[be4905fd-9f3f-4133-9099-829cabd18feb/build]   | [INFO] --- maven-jar-plugin:2.4:jar (default-jar) @ Java ---
[be4905fd-9f3f-4133-9099-829cabd18feb/build]   | [INFO] Downloading from central: https://repo.maven.apache.org/maven2/org/apache/maven/maven-archiver/2.5/maven-archiver-2.5.pom
[be4905fd-9f3f-4133-9099-829cabd18feb/build]   | [INFO] Downloaded from central: https://repo.maven.apache.org/maven2/org/apache/maven/maven-archiver/2.5/maven-archiver-2.5.pom (4.5 kB at 108 kB/s)
[be4905fd-9f3f-4133-9099-829cabd18feb/build]   | [INFO] Downloading from central: https://repo.maven.apache.org/maven2/org/codehaus/plexus/plexus-archiver/2.1/plexus-archiver-2.1.pom
[be4905fd-9f3f-4133-9099-829cabd18feb/build]   | [INFO] Downloaded from central: https://repo.maven.apache.org/maven2/org/codehaus/plexus/plexus-archiver/2.1/plexus-archiver-2.1.pom (2.8 kB at 94 kB/s)
[be4905fd-9f3f-4133-9099-829cabd18feb/build]   | [INFO] Downloading from central: https://repo.maven.apache.org/maven2/org/sonatype/spice/spice-parent/17/spice-parent-17.pom
[be4905fd-9f3f-4133-9099-829cabd18feb/build]   | [INFO] Downloaded from central: https://repo.maven.apache.org/maven2/org/sonatype/spice/spice-parent/17/spice-parent-17.pom (6.8 kB at 282 kB/s)
[be4905fd-9f3f-4133-9099-829cabd18feb/build]   | [INFO] Downloading from central: https://repo.maven.apache.org/maven2/org/codehaus/plexus/plexus-utils/3.0/plexus-utils-3.0.pom
[be4905fd-9f3f-4133-9099-829cabd18feb/build]   | [INFO] Downloaded from central: https://repo.maven.apache.org/maven2/org/codehaus/plexus/plexus-utils/3.0/plexus-utils-3.0.pom (4.1 kB at 131 kB/s)
[be4905fd-9f3f-4133-9099-829cabd18feb/build]   | [INFO] Downloading from central: https://repo.maven.apache.org/maven2/org/sonatype/spice/spice-parent/16/spice-parent-16.pom
[be4905fd-9f3f-4133-9099-829cabd18feb/build]   | [INFO] Downloaded from central: https://repo.maven.apache.org/maven2/org/sonatype/spice/spice-parent/16/spice-parent-16.pom (8.4 kB at 226 kB/s)
[be4905fd-9f3f-4133-9099-829cabd18feb/build]   | [INFO] Downloading from central: https://repo.maven.apache.org/maven2/org/sonatype/forge/forge-parent/5/forge-parent-5.pom
[be4905fd-9f3f-4133-9099-829cabd18feb/build]   | [INFO] Downloaded from central: https://repo.maven.apache.org/maven2/org/sonatype/forge/forge-parent/5/forge-parent-5.pom (8.4 kB at 171 kB/s)
[be4905fd-9f3f-4133-9099-829cabd18feb/build]   | [INFO] Downloading from central: https://repo.maven.apache.org/maven2/org/codehaus/plexus/plexus-io/2.0.2/plexus-io-2.0.2.pom
[be4905fd-9f3f-4133-9099-829cabd18feb/build]   | [INFO] Downloaded from central: https://repo.maven.apache.org/maven2/org/codehaus/plexus/plexus-io/2.0.2/plexus-io-2.0.2.pom (1.7 kB at 40 kB/s)
[be4905fd-9f3f-4133-9099-829cabd18feb/build]   | [INFO] Downloading from central: https://repo.maven.apache.org/maven2/org/codehaus/plexus/plexus-components/1.1.19/plexus-components-1.1.19.pom
[be4905fd-9f3f-4133-9099-829cabd18feb/build]   | [INFO] Downloaded from central: https://repo.maven.apache.org/maven2/org/codehaus/plexus/plexus-components/1.1.19/plexus-components-1.1.19.pom (2.7 kB at 67 kB/s)
[be4905fd-9f3f-4133-9099-829cabd18feb/build]   | [INFO] Downloading from central: https://repo.maven.apache.org/maven2/org/codehaus/plexus/plexus/3.0.1/plexus-3.0.1.pom
[be4905fd-9f3f-4133-9099-829cabd18feb/build]   | [INFO] Downloaded from central: https://repo.maven.apache.org/maven2/org/codehaus/plexus/plexus/3.0.1/plexus-3.0.1.pom (19 kB at 433 kB/s)
[be4905fd-9f3f-4133-9099-829cabd18feb/build]   | [INFO] Downloading from central: https://repo.maven.apache.org/maven2/org/codehaus/plexus/plexus-interpolation/1.15/plexus-interpolation-1.15.pom
[be4905fd-9f3f-4133-9099-829cabd18feb/build]   | [INFO] Downloaded from central: https://repo.maven.apache.org/maven2/org/codehaus/plexus/plexus-interpolation/1.15/plexus-interpolation-1.15.pom (1.0 kB at 28 kB/s)
[be4905fd-9f3f-4133-9099-829cabd18feb/build]   | [INFO] Downloading from central: https://repo.maven.apache.org/maven2/commons-lang/commons-lang/2.1/commons-lang-2.1.pom
[be4905fd-9f3f-4133-9099-829cabd18feb/build]   | [INFO] Downloaded from central: https://repo.maven.apache.org/maven2/commons-lang/commons-lang/2.1/commons-lang-2.1.pom (9.9 kB at 827 kB/s)
[be4905fd-9f3f-4133-9099-829cabd18feb/build]   | [INFO] Downloading from central: https://repo.maven.apache.org/maven2/classworlds/classworlds/1.1-alpha-2/classworlds-1.1-alpha-2.jar
[be4905fd-9f3f-4133-9099-829cabd18feb/build]   | [INFO] Downloading from central: https://repo.maven.apache.org/maven2/org/apache/maven/maven-archiver/2.5/maven-archiver-2.5.jar
[be4905fd-9f3f-4133-9099-829cabd18feb/build]   | [INFO] Downloading from central: https://repo.maven.apache.org/maven2/org/codehaus/plexus/plexus-interpolation/1.15/plexus-interpolation-1.15.jar
[be4905fd-9f3f-4133-9099-829cabd18feb/build]   | [INFO] Downloading from central: https://repo.maven.apache.org/maven2/org/codehaus/plexus/plexus-archiver/2.1/plexus-archiver-2.1.jar
[be4905fd-9f3f-4133-9099-829cabd18feb/build]   | [INFO] Downloading from central: https://repo.maven.apache.org/maven2/org/codehaus/plexus/plexus-io/2.0.2/plexus-io-2.0.2.jar
[be4905fd-9f3f-4133-9099-829cabd18feb/build]   | [INFO] Downloaded from central: https://repo.maven.apache.org/maven2/classworlds/classworlds/1.1-alpha-2/classworlds-1.1-alpha-2.jar (38 kB at 1.5 MB/s)
[be4905fd-9f3f-4133-9099-829cabd18feb/build]   | [INFO] Downloading from central: https://repo.maven.apache.org/maven2/commons-lang/commons-lang/2.1/commons-lang-2.1.jar
[be4905fd-9f3f-4133-9099-829cabd18feb/build]   | [INFO] Downloaded from central: https://repo.maven.apache.org/maven2/org/apache/maven/maven-archiver/2.5/maven-archiver-2.5.jar (22 kB at 606 kB/s)
[be4905fd-9f3f-4133-9099-829cabd18feb/build]   | [INFO] Downloading from central: https://repo.maven.apache.org/maven2/org/codehaus/plexus/plexus-utils/3.0/plexus-utils-3.0.jar
[be4905fd-9f3f-4133-9099-829cabd18feb/build]   | [INFO] Downloaded from central: https://repo.maven.apache.org/maven2/org/codehaus/plexus/plexus-interpolation/1.15/plexus-interpolation-1.15.jar (60 kB at 1.6 MB/s)
[be4905fd-9f3f-4133-9099-829cabd18feb/build]   | [INFO] Downloaded from central: https://repo.maven.apache.org/maven2/org/codehaus/plexus/plexus-io/2.0.2/plexus-io-2.0.2.jar (58 kB at 1.4 MB/s)
[be4905fd-9f3f-4133-9099-829cabd18feb/build]   | [INFO] Downloaded from central: https://repo.maven.apache.org/maven2/org/codehaus/plexus/plexus-archiver/2.1/plexus-archiver-2.1.jar (184 kB at 4.5 MB/s)
[be4905fd-9f3f-4133-9099-829cabd18feb/build]   | [INFO] Downloaded from central: https://repo.maven.apache.org/maven2/commons-lang/commons-lang/2.1/commons-lang-2.1.jar (208 kB at 2.9 MB/s)
[be4905fd-9f3f-4133-9099-829cabd18feb/build]   | [INFO] Downloaded from central: https://repo.maven.apache.org/maven2/org/codehaus/plexus/plexus-utils/3.0/plexus-utils-3.0.jar (226 kB at 2.6 MB/s)
[be4905fd-9f3f-4133-9099-829cabd18feb/build]   | [INFO] Building jar: /tmp/8bf41f7b-52e5-42af-98af-fa2f98d23087/target/Java-1.0-SNAPSHOT.jar
[be4905fd-9f3f-4133-9099-829cabd18feb/build]   | [INFO] ------------------------------------------------------------------------
[be4905fd-9f3f-4133-9099-829cabd18feb/build]   | [INFO] BUILD SUCCESS
[be4905fd-9f3f-4133-9099-829cabd18feb/build]   | [INFO] ------------------------------------------------------------------------
[be4905fd-9f3f-4133-9099-829cabd18feb/build]   | [INFO] Total time:  47.393 s
[be4905fd-9f3f-4133-9099-829cabd18feb/build]   | [INFO] Finished at: 2023-11-27T02:46:54Z
[be4905fd-9f3f-4133-9099-829cabd18feb/build]   | [INFO] ------------------------------------------------------------------------
[be4905fd-9f3f-4133-9099-829cabd18feb/build]   ✅  Success - Main Build with Maven
[be4905fd-9f3f-4133-9099-829cabd18feb/build] unable to get git ref: failed to identify reference (tag/branch) for the checked-out revision '4f1514980495c4daaae2eb060228a87e14cbae11'
[be4905fd-9f3f-4133-9099-829cabd18feb/build] unable to get git ref: failed to identify reference (tag/branch) for the checked-out revision '4f1514980495c4daaae2eb060228a87e14cbae11'
[be4905fd-9f3f-4133-9099-829cabd18feb/build] unable to get git ref: failed to identify reference (tag/branch) for the checked-out revision '4f1514980495c4daaae2eb060228a87e14cbae11'
[be4905fd-9f3f-4133-9099-829cabd18feb/build] unable to get git ref: failed to identify reference (tag/branch) for the checked-out revision '4f1514980495c4daaae2eb060228a87e14cbae11'
[be4905fd-9f3f-4133-9099-829cabd18feb/build] unable to get git ref: failed to identify reference (tag/branch) for the checked-out revision '4f1514980495c4daaae2eb060228a87e14cbae11'
[be4905fd-9f3f-4133-9099-829cabd18feb/build] ⭐ Run Post Set up JDK 17
[be4905fd-9f3f-4133-9099-829cabd18feb/build]   🐳  docker exec cmd=[node /var/run/act/actions/actions-setup-java@v2/dist/cleanup/index.js] user= workdir=
[be4905fd-9f3f-4133-9099-829cabd18feb/build]   ✅  Success - Post Set up JDK 17
[be4905fd-9f3f-4133-9099-829cabd18feb/build] 🏁  Job succeeded
[be4905fd-9f3f-4133-9099-829cabd18feb/build] unable to get git ref: failed to identify reference (tag/branch) for the checked-out revision '4f1514980495c4daaae2eb060228a87e14cbae11'
