[f689fc5a-db7b-4f9f-ad6c-287c310b4f10/build] üöÄ  Start image=gitbugactions:latest
[f689fc5a-db7b-4f9f-ad6c-287c310b4f10/build]   üê≥  docker pull image=gitbugactions:latest platform= username= forcePull=false
[f689fc5a-db7b-4f9f-ad6c-287c310b4f10/build]   üê≥  docker create image=gitbugactions:latest platform= entrypoint=["tail" "-f" "/dev/null"] cmd=[]
[f689fc5a-db7b-4f9f-ad6c-287c310b4f10/build]   üê≥  docker run image=gitbugactions:latest platform= entrypoint=["tail" "-f" "/dev/null"] cmd=[]
[f689fc5a-db7b-4f9f-ad6c-287c310b4f10/build]   üê≥  docker exec cmd=[chown -R 1012:1013 /tmp/0a72ed6f-db53-4878-ba22-51eb0e28a4f7] user=0 workdir=
[f689fc5a-db7b-4f9f-ad6c-287c310b4f10/build] unable to get git ref: failed to identify reference (tag/branch) for the checked-out revision 'e00277a5a8569d039a7d739e69af9219591485a0'
[f689fc5a-db7b-4f9f-ad6c-287c310b4f10/build] unable to get git ref: failed to identify reference (tag/branch) for the checked-out revision 'e00277a5a8569d039a7d739e69af9219591485a0'
[f689fc5a-db7b-4f9f-ad6c-287c310b4f10/build] unable to get git ref: failed to identify reference (tag/branch) for the checked-out revision 'e00277a5a8569d039a7d739e69af9219591485a0'
[f689fc5a-db7b-4f9f-ad6c-287c310b4f10/build] unable to get git ref: failed to identify reference (tag/branch) for the checked-out revision 'e00277a5a8569d039a7d739e69af9219591485a0'
[f689fc5a-db7b-4f9f-ad6c-287c310b4f10/build] unable to get git ref: failed to identify reference (tag/branch) for the checked-out revision 'e00277a5a8569d039a7d739e69af9219591485a0'
[f689fc5a-db7b-4f9f-ad6c-287c310b4f10/build] unable to get git ref: failed to identify reference (tag/branch) for the checked-out revision 'e00277a5a8569d039a7d739e69af9219591485a0'
[f689fc5a-db7b-4f9f-ad6c-287c310b4f10/build] unable to get git ref: failed to identify reference (tag/branch) for the checked-out revision 'e00277a5a8569d039a7d739e69af9219591485a0'
[f689fc5a-db7b-4f9f-ad6c-287c310b4f10/build] unable to get git ref: failed to identify reference (tag/branch) for the checked-out revision 'e00277a5a8569d039a7d739e69af9219591485a0'
[f689fc5a-db7b-4f9f-ad6c-287c310b4f10/build] unable to get git ref: failed to identify reference (tag/branch) for the checked-out revision 'e00277a5a8569d039a7d739e69af9219591485a0'
[f689fc5a-db7b-4f9f-ad6c-287c310b4f10/build] ‚≠ê Run Main actions/checkout@v2
[f689fc5a-db7b-4f9f-ad6c-287c310b4f10/build] unable to get git ref: failed to identify reference (tag/branch) for the checked-out revision 'e00277a5a8569d039a7d739e69af9219591485a0'
[f689fc5a-db7b-4f9f-ad6c-287c310b4f10/build] unable to get git ref: failed to identify reference (tag/branch) for the checked-out revision 'e00277a5a8569d039a7d739e69af9219591485a0'
[f689fc5a-db7b-4f9f-ad6c-287c310b4f10/build]   üê≥  docker cp src=/tmp/0a72ed6f-db53-4878-ba22-51eb0e28a4f7/. dst=/tmp/0a72ed6f-db53-4878-ba22-51eb0e28a4f7
[f689fc5a-db7b-4f9f-ad6c-287c310b4f10/build]   üê≥  docker exec cmd=[chown -R 1012:1013 /tmp/0a72ed6f-db53-4878-ba22-51eb0e28a4f7] user=0 workdir=
[f689fc5a-db7b-4f9f-ad6c-287c310b4f10/build]   ‚úÖ  Success - Main actions/checkout@v2
[f689fc5a-db7b-4f9f-ad6c-287c310b4f10/build] unable to get git ref: failed to identify reference (tag/branch) for the checked-out revision 'e00277a5a8569d039a7d739e69af9219591485a0'
[f689fc5a-db7b-4f9f-ad6c-287c310b4f10/build] unable to get git ref: failed to identify reference (tag/branch) for the checked-out revision 'e00277a5a8569d039a7d739e69af9219591485a0'
[f689fc5a-db7b-4f9f-ad6c-287c310b4f10/build] unable to get git ref: failed to identify reference (tag/branch) for the checked-out revision 'e00277a5a8569d039a7d739e69af9219591485a0'
[f689fc5a-db7b-4f9f-ad6c-287c310b4f10/build] unable to get git ref: failed to identify reference (tag/branch) for the checked-out revision 'e00277a5a8569d039a7d739e69af9219591485a0'
[f689fc5a-db7b-4f9f-ad6c-287c310b4f10/build] unable to get git ref: failed to identify reference (tag/branch) for the checked-out revision 'e00277a5a8569d039a7d739e69af9219591485a0'
[f689fc5a-db7b-4f9f-ad6c-287c310b4f10/build] ‚≠ê Run Main Set up JDK 11
[f689fc5a-db7b-4f9f-ad6c-287c310b4f10/build] unable to get git ref: failed to identify reference (tag/branch) for the checked-out revision 'e00277a5a8569d039a7d739e69af9219591485a0'
[f689fc5a-db7b-4f9f-ad6c-287c310b4f10/build] unable to get git ref: failed to identify reference (tag/branch) for the checked-out revision 'e00277a5a8569d039a7d739e69af9219591485a0'
[f689fc5a-db7b-4f9f-ad6c-287c310b4f10/build] unable to get git ref: failed to identify reference (tag/branch) for the checked-out revision 'e00277a5a8569d039a7d739e69af9219591485a0'
[f689fc5a-db7b-4f9f-ad6c-287c310b4f10/build]   üê≥  docker cp src=/tmp/act-cache/e218b415-6768-4e48-a918-898a5c2e2a77/act/actions-setup-java@v2/ dst=/var/run/act/actions/actions-setup-java@v2/
[f689fc5a-db7b-4f9f-ad6c-287c310b4f10/build]   üê≥  docker exec cmd=[chown -R 1012:1013 /var/run/act/actions/actions-setup-java@v2/] user=0 workdir=
[f689fc5a-db7b-4f9f-ad6c-287c310b4f10/build]   üê≥  docker exec cmd=[node /var/run/act/actions/actions-setup-java@v2/dist/setup/index.js] user= workdir=
[f689fc5a-db7b-4f9f-ad6c-287c310b4f10/build]   üí¨  ::debug::isExplicit: 11.0.20-1
[f689fc5a-db7b-4f9f-ad6c-287c310b4f10/build]   üí¨  ::debug::explicit? true
[f689fc5a-db7b-4f9f-ad6c-287c310b4f10/build]   üí¨  ::debug::isExplicit: 17.0.8-1
[f689fc5a-db7b-4f9f-ad6c-287c310b4f10/build]   üí¨  ::debug::explicit? true
[f689fc5a-db7b-4f9f-ad6c-287c310b4f10/build]   üí¨  ::debug::isExplicit: 21.0.0-35
[f689fc5a-db7b-4f9f-ad6c-287c310b4f10/build]   üí¨  ::debug::explicit? true
[f689fc5a-db7b-4f9f-ad6c-287c310b4f10/build]   üí¨  ::debug::isExplicit: 8.0.382-5
[f689fc5a-db7b-4f9f-ad6c-287c310b4f10/build]   üí¨  ::debug::explicit? true
[f689fc5a-db7b-4f9f-ad6c-287c310b4f10/build]   | Resolved Java 11.0.20+1 from tool-cache
[f689fc5a-db7b-4f9f-ad6c-287c310b4f10/build]   | Setting Java 11.0.20+1 as the default
[f689fc5a-db7b-4f9f-ad6c-287c310b4f10/build]   | 
[f689fc5a-db7b-4f9f-ad6c-287c310b4f10/build]   | Java configuration:
[f689fc5a-db7b-4f9f-ad6c-287c310b4f10/build]   |   Distribution: temurin
[f689fc5a-db7b-4f9f-ad6c-287c310b4f10/build]   |   Version: 11.0.20+1
[f689fc5a-db7b-4f9f-ad6c-287c310b4f10/build]   |   Path: /opt/hostedtoolcache/Java_Temurin-Hotspot_jdk/11.0.20-1/x64
[f689fc5a-db7b-4f9f-ad6c-287c310b4f10/build]   | 
[f689fc5a-db7b-4f9f-ad6c-287c310b4f10/build]   ‚ùì add-matcher /run/act/actions/actions-setup-java@v2/.github/java.json
[f689fc5a-db7b-4f9f-ad6c-287c310b4f10/build]   | Creating settings.xml with server-id: github
[f689fc5a-db7b-4f9f-ad6c-287c310b4f10/build]   | Writing to /home/runner/.m2/settings.xml
[f689fc5a-db7b-4f9f-ad6c-287c310b4f10/build]   ‚úÖ  Success - Main Set up JDK 11
[f689fc5a-db7b-4f9f-ad6c-287c310b4f10/build]   ‚öô  ::set-env:: JAVA_HOME=/opt/hostedtoolcache/Java_Temurin-Hotspot_jdk/11.0.20-1/x64
[f689fc5a-db7b-4f9f-ad6c-287c310b4f10/build]   ‚öô  ::set-output:: distribution=Temurin-Hotspot
[f689fc5a-db7b-4f9f-ad6c-287c310b4f10/build]   ‚öô  ::set-output:: path=/opt/hostedtoolcache/Java_Temurin-Hotspot_jdk/11.0.20-1/x64
[f689fc5a-db7b-4f9f-ad6c-287c310b4f10/build]   ‚öô  ::set-output:: version=11.0.20+1
[f689fc5a-db7b-4f9f-ad6c-287c310b4f10/build]   ‚öô  ::add-path:: /opt/hostedtoolcache/Java_Temurin-Hotspot_jdk/11.0.20-1/x64/bin
[f689fc5a-db7b-4f9f-ad6c-287c310b4f10/build] unable to get git ref: failed to identify reference (tag/branch) for the checked-out revision 'e00277a5a8569d039a7d739e69af9219591485a0'
[f689fc5a-db7b-4f9f-ad6c-287c310b4f10/build] unable to get git ref: failed to identify reference (tag/branch) for the checked-out revision 'e00277a5a8569d039a7d739e69af9219591485a0'
[f689fc5a-db7b-4f9f-ad6c-287c310b4f10/build] unable to get git ref: failed to identify reference (tag/branch) for the checked-out revision 'e00277a5a8569d039a7d739e69af9219591485a0'
[f689fc5a-db7b-4f9f-ad6c-287c310b4f10/build] unable to get git ref: failed to identify reference (tag/branch) for the checked-out revision 'e00277a5a8569d039a7d739e69af9219591485a0'
[f689fc5a-db7b-4f9f-ad6c-287c310b4f10/build] unable to get git ref: failed to identify reference (tag/branch) for the checked-out revision 'e00277a5a8569d039a7d739e69af9219591485a0'
[f689fc5a-db7b-4f9f-ad6c-287c310b4f10/build] ‚≠ê Run Main Build with Maven
[f689fc5a-db7b-4f9f-ad6c-287c310b4f10/build] unable to get git ref: failed to identify reference (tag/branch) for the checked-out revision 'e00277a5a8569d039a7d739e69af9219591485a0'
[f689fc5a-db7b-4f9f-ad6c-287c310b4f10/build] unable to get git ref: failed to identify reference (tag/branch) for the checked-out revision 'e00277a5a8569d039a7d739e69af9219591485a0'
[f689fc5a-db7b-4f9f-ad6c-287c310b4f10/build] unable to get git ref: failed to identify reference (tag/branch) for the checked-out revision 'e00277a5a8569d039a7d739e69af9219591485a0'
[f689fc5a-db7b-4f9f-ad6c-287c310b4f10/build] unable to get git ref: failed to identify reference (tag/branch) for the checked-out revision 'e00277a5a8569d039a7d739e69af9219591485a0'
[f689fc5a-db7b-4f9f-ad6c-287c310b4f10/build]   üê≥  docker exec cmd=[bash --noprofile --norc -e -o pipefail /var/run/act/workflow/2] user= workdir=
[f689fc5a-db7b-4f9f-ad6c-287c310b4f10/build]   | [INFO] Scanning for projects...
[f689fc5a-db7b-4f9f-ad6c-287c310b4f10/build]   | [INFO] 
[f689fc5a-db7b-4f9f-ad6c-287c310b4f10/build]   | [INFO] -----------------------< org.netpreserve:jwarc >------------------------
[f689fc5a-db7b-4f9f-ad6c-287c310b4f10/build]   | [INFO] Building jwarc 0.23.1-SNAPSHOT
[f689fc5a-db7b-4f9f-ad6c-287c310b4f10/build]   | [INFO]   from pom.xml
[f689fc5a-db7b-4f9f-ad6c-287c310b4f10/build]   | [INFO] --------------------------------[ jar ]---------------------------------
[f689fc5a-db7b-4f9f-ad6c-287c310b4f10/build]   | [INFO] Downloading from central: https://repo.maven.apache.org/maven2/org/apache/maven/plugins/maven-resources-plugin/2.6/maven-resources-plugin-2.6.pom
[f689fc5a-db7b-4f9f-ad6c-287c310b4f10/build]   | [INFO] Downloaded from central: https://repo.maven.apache.org/maven2/org/apache/maven/plugins/maven-resources-plugin/2.6/maven-resources-plugin-2.6.pom (8.1 kB at 22 kB/s)
[f689fc5a-db7b-4f9f-ad6c-287c310b4f10/build]   | [INFO] Downloading from central: https://repo.maven.apache.org/maven2/org/apache/maven/plugins/maven-plugins/23/maven-plugins-23.pom
[f689fc5a-db7b-4f9f-ad6c-287c310b4f10/build]   | [INFO] Downloaded from central: https://repo.maven.apache.org/maven2/org/apache/maven/plugins/maven-plugins/23/maven-plugins-23.pom (9.2 kB at 317 kB/s)
[f689fc5a-db7b-4f9f-ad6c-287c310b4f10/build]   | [INFO] Downloading from central: https://repo.maven.apache.org/maven2/org/apache/maven/maven-parent/22/maven-parent-22.pom
[f689fc5a-db7b-4f9f-ad6c-287c310b4f10/build]   | [INFO] Downloaded from central: https://repo.maven.apache.org/maven2/org/apache/maven/maven-parent/22/maven-parent-22.pom (30 kB at 850 kB/s)
[f689fc5a-db7b-4f9f-ad6c-287c310b4f10/build]   | [INFO] Downloading from central: https://repo.maven.apache.org/maven2/org/apache/apache/11/apache-11.pom
[f689fc5a-db7b-4f9f-ad6c-287c310b4f10/build]   | [INFO] Downloaded from central: https://repo.maven.apache.org/maven2/org/apache/apache/11/apache-11.pom (15 kB at 423 kB/s)
[f689fc5a-db7b-4f9f-ad6c-287c310b4f10/build]   | [INFO] Downloading from central: https://repo.maven.apache.org/maven2/org/apache/maven/plugins/maven-resources-plugin/2.6/maven-resources-plugin-2.6.jar
[f689fc5a-db7b-4f9f-ad6c-287c310b4f10/build]   | [INFO] Downloaded from central: https://repo.maven.apache.org/maven2/org/apache/maven/plugins/maven-resources-plugin/2.6/maven-resources-plugin-2.6.jar (30 kB at 1.6 MB/s)
[f689fc5a-db7b-4f9f-ad6c-287c310b4f10/build]   | [INFO] Downloading from central: https://repo.maven.apache.org/maven2/org/apache/maven/plugins/maven-compiler-plugin/3.1/maven-compiler-plugin-3.1.pom
[f689fc5a-db7b-4f9f-ad6c-287c310b4f10/build]   | [INFO] Downloaded from central: https://repo.maven.apache.org/maven2/org/apache/maven/plugins/maven-compiler-plugin/3.1/maven-compiler-plugin-3.1.pom (10 kB at 425 kB/s)
[f689fc5a-db7b-4f9f-ad6c-287c310b4f10/build]   | [INFO] Downloading from central: https://repo.maven.apache.org/maven2/org/apache/maven/plugins/maven-plugins/24/maven-plugins-24.pom
[f689fc5a-db7b-4f9f-ad6c-287c310b4f10/build]   | [INFO] Downloaded from central: https://repo.maven.apache.org/maven2/org/apache/maven/plugins/maven-plugins/24/maven-plugins-24.pom (11 kB at 470 kB/s)
[f689fc5a-db7b-4f9f-ad6c-287c310b4f10/build]   | [INFO] Downloading from central: https://repo.maven.apache.org/maven2/org/apache/maven/maven-parent/23/maven-parent-23.pom
[f689fc5a-db7b-4f9f-ad6c-287c310b4f10/build]   | [INFO] Downloaded from central: https://repo.maven.apache.org/maven2/org/apache/maven/maven-parent/23/maven-parent-23.pom (33 kB at 2.2 MB/s)
[f689fc5a-db7b-4f9f-ad6c-287c310b4f10/build]   | [INFO] Downloading from central: https://repo.maven.apache.org/maven2/org/apache/apache/13/apache-13.pom
[f689fc5a-db7b-4f9f-ad6c-287c310b4f10/build]   | [INFO] Downloaded from central: https://repo.maven.apache.org/maven2/org/apache/apache/13/apache-13.pom (14 kB at 699 kB/s)
[f689fc5a-db7b-4f9f-ad6c-287c310b4f10/build]   | [INFO] Downloading from central: https://repo.maven.apache.org/maven2/org/apache/maven/plugins/maven-compiler-plugin/3.1/maven-compiler-plugin-3.1.jar
[f689fc5a-db7b-4f9f-ad6c-287c310b4f10/build]   | [INFO] Downloaded from central: https://repo.maven.apache.org/maven2/org/apache/maven/plugins/maven-compiler-plugin/3.1/maven-compiler-plugin-3.1.jar (43 kB at 1.0 MB/s)
[f689fc5a-db7b-4f9f-ad6c-287c310b4f10/build]   | [INFO] Downloading from central: https://repo.maven.apache.org/maven2/org/apache/maven/plugins/maven-surefire-plugin/2.12.4/maven-surefire-plugin-2.12.4.pom
[f689fc5a-db7b-4f9f-ad6c-287c310b4f10/build]   | [INFO] Downloaded from central: https://repo.maven.apache.org/maven2/org/apache/maven/plugins/maven-surefire-plugin/2.12.4/maven-surefire-plugin-2.12.4.pom (10 kB at 262 kB/s)
[f689fc5a-db7b-4f9f-ad6c-287c310b4f10/build]   | [INFO] Downloading from central: https://repo.maven.apache.org/maven2/org/apache/maven/surefire/surefire/2.12.4/surefire-2.12.4.pom
[f689fc5a-db7b-4f9f-ad6c-287c310b4f10/build]   | [INFO] Downloaded from central: https://repo.maven.apache.org/maven2/org/apache/maven/surefire/surefire/2.12.4/surefire-2.12.4.pom (14 kB at 476 kB/s)
[f689fc5a-db7b-4f9f-ad6c-287c310b4f10/build]   | [INFO] Downloading from central: https://repo.maven.apache.org/maven2/org/apache/maven/plugins/maven-surefire-plugin/2.12.4/maven-surefire-plugin-2.12.4.jar
[f689fc5a-db7b-4f9f-ad6c-287c310b4f10/build]   | [INFO] Downloaded from central: https://repo.maven.apache.org/maven2/org/apache/maven/plugins/maven-surefire-plugin/2.12.4/maven-surefire-plugin-2.12.4.jar (30 kB at 1.1 MB/s)
[f689fc5a-db7b-4f9f-ad6c-287c310b4f10/build]   | [INFO] Downloading from central: https://repo.maven.apache.org/maven2/org/apache/maven/plugins/maven-jar-plugin/3.2.2/maven-jar-plugin-3.2.2.pom
[f689fc5a-db7b-4f9f-ad6c-287c310b4f10/build]   | [INFO] Downloaded from central: https://repo.maven.apache.org/maven2/org/apache/maven/plugins/maven-jar-plugin/3.2.2/maven-jar-plugin-3.2.2.pom (7.5 kB at 267 kB/s)
[f689fc5a-db7b-4f9f-ad6c-287c310b4f10/build]   | [INFO] Downloading from central: https://repo.maven.apache.org/maven2/org/apache/maven/plugins/maven-plugins/34/maven-plugins-34.pom
[f689fc5a-db7b-4f9f-ad6c-287c310b4f10/build]   | [INFO] Downloaded from central: https://repo.maven.apache.org/maven2/org/apache/maven/plugins/maven-plugins/34/maven-plugins-34.pom (11 kB at 486 kB/s)
[f689fc5a-db7b-4f9f-ad6c-287c310b4f10/build]   | [INFO] Downloading from central: https://repo.maven.apache.org/maven2/org/apache/maven/maven-parent/34/maven-parent-34.pom
[f689fc5a-db7b-4f9f-ad6c-287c310b4f10/build]   | [INFO] Downloaded from central: https://repo.maven.apache.org/maven2/org/apache/maven/maven-parent/34/maven-parent-34.pom (43 kB at 1.3 MB/s)
[f689fc5a-db7b-4f9f-ad6c-287c310b4f10/build]   | [INFO] Downloading from central: https://repo.maven.apache.org/maven2/org/apache/apache/23/apache-23.pom
[f689fc5a-db7b-4f9f-ad6c-287c310b4f10/build]   | [INFO] Downloaded from central: https://repo.maven.apache.org/maven2/org/apache/apache/23/apache-23.pom (18 kB at 768 kB/s)
[f689fc5a-db7b-4f9f-ad6c-287c310b4f10/build]   | [INFO] Downloading from central: https://repo.maven.apache.org/maven2/org/apache/maven/plugins/maven-jar-plugin/3.2.2/maven-jar-plugin-3.2.2.jar
[f689fc5a-db7b-4f9f-ad6c-287c310b4f10/build]   | [INFO] Downloaded from central: https://repo.maven.apache.org/maven2/org/apache/maven/plugins/maven-jar-plugin/3.2.2/maven-jar-plugin-3.2.2.jar (29 kB at 1.1 MB/s)
[f689fc5a-db7b-4f9f-ad6c-287c310b4f10/build]   | [INFO] Downloading from central: https://repo.maven.apache.org/maven2/com/fasterxml/jackson/core/jackson-core/2.13.2/jackson-core-2.13.2.pom
[f689fc5a-db7b-4f9f-ad6c-287c310b4f10/build]   | [INFO] Downloaded from central: https://repo.maven.apache.org/maven2/com/fasterxml/jackson/core/jackson-core/2.13.2/jackson-core-2.13.2.pom (5.5 kB at 173 kB/s)
[f689fc5a-db7b-4f9f-ad6c-287c310b4f10/build]   | [INFO] Downloading from central: https://repo.maven.apache.org/maven2/com/fasterxml/jackson/jackson-base/2.13.2/jackson-base-2.13.2.pom
[f689fc5a-db7b-4f9f-ad6c-287c310b4f10/build]   | [INFO] Downloaded from central: https://repo.maven.apache.org/maven2/com/fasterxml/jackson/jackson-base/2.13.2/jackson-base-2.13.2.pom (9.9 kB at 341 kB/s)
[f689fc5a-db7b-4f9f-ad6c-287c310b4f10/build]   | [INFO] Downloading from central: https://repo.maven.apache.org/maven2/com/fasterxml/jackson/jackson-bom/2.13.2/jackson-bom-2.13.2.pom
[f689fc5a-db7b-4f9f-ad6c-287c310b4f10/build]   | [INFO] Downloaded from central: https://repo.maven.apache.org/maven2/com/fasterxml/jackson/jackson-bom/2.13.2/jackson-bom-2.13.2.pom (17 kB at 599 kB/s)
[f689fc5a-db7b-4f9f-ad6c-287c310b4f10/build]   | [INFO] Downloading from central: https://repo.maven.apache.org/maven2/com/fasterxml/jackson/jackson-parent/2.13/jackson-parent-2.13.pom
[f689fc5a-db7b-4f9f-ad6c-287c310b4f10/build]   | [INFO] Downloaded from central: https://repo.maven.apache.org/maven2/com/fasterxml/jackson/jackson-parent/2.13/jackson-parent-2.13.pom (7.4 kB at 232 kB/s)
[f689fc5a-db7b-4f9f-ad6c-287c310b4f10/build]   | [INFO] Downloading from central: https://repo.maven.apache.org/maven2/com/fasterxml/oss-parent/43/oss-parent-43.pom
[f689fc5a-db7b-4f9f-ad6c-287c310b4f10/build]   | [INFO] Downloaded from central: https://repo.maven.apache.org/maven2/com/fasterxml/oss-parent/43/oss-parent-43.pom (24 kB at 874 kB/s)
[f689fc5a-db7b-4f9f-ad6c-287c310b4f10/build]   | [INFO] Downloading from central: https://repo.maven.apache.org/maven2/junit/junit/4.13.2/junit-4.13.2.pom
[f689fc5a-db7b-4f9f-ad6c-287c310b4f10/build]   | [INFO] Downloaded from central: https://repo.maven.apache.org/maven2/junit/junit/4.13.2/junit-4.13.2.pom (27 kB at 819 kB/s)
[f689fc5a-db7b-4f9f-ad6c-287c310b4f10/build]   | [INFO] Downloading from central: https://repo.maven.apache.org/maven2/org/hamcrest/hamcrest-core/1.3/hamcrest-core-1.3.pom
[f689fc5a-db7b-4f9f-ad6c-287c310b4f10/build]   | [INFO] Downloaded from central: https://repo.maven.apache.org/maven2/org/hamcrest/hamcrest-core/1.3/hamcrest-core-1.3.pom (766 B at 28 kB/s)
[f689fc5a-db7b-4f9f-ad6c-287c310b4f10/build]   | [INFO] Downloading from central: https://repo.maven.apache.org/maven2/org/hamcrest/hamcrest-parent/1.3/hamcrest-parent-1.3.pom
[f689fc5a-db7b-4f9f-ad6c-287c310b4f10/build]   | [INFO] Downloaded from central: https://repo.maven.apache.org/maven2/org/hamcrest/hamcrest-parent/1.3/hamcrest-parent-1.3.pom (2.0 kB at 32 kB/s)
[f689fc5a-db7b-4f9f-ad6c-287c310b4f10/build]   | [INFO] Downloading from central: https://repo.maven.apache.org/maven2/com/fasterxml/jackson/core/jackson-core/2.13.2/jackson-core-2.13.2.jar
[f689fc5a-db7b-4f9f-ad6c-287c310b4f10/build]   | [INFO] Downloading from central: https://repo.maven.apache.org/maven2/org/hamcrest/hamcrest-core/1.3/hamcrest-core-1.3.jar
[f689fc5a-db7b-4f9f-ad6c-287c310b4f10/build]   | [INFO] Downloading from central: https://repo.maven.apache.org/maven2/junit/junit/4.13.2/junit-4.13.2.jar
[f689fc5a-db7b-4f9f-ad6c-287c310b4f10/build]   | [INFO] Downloaded from central: https://repo.maven.apache.org/maven2/org/hamcrest/hamcrest-core/1.3/hamcrest-core-1.3.jar (45 kB at 763 kB/s)
[f689fc5a-db7b-4f9f-ad6c-287c310b4f10/build]   | [INFO] Downloaded from central: https://repo.maven.apache.org/maven2/junit/junit/4.13.2/junit-4.13.2.jar (385 kB at 1.4 MB/s)
[f689fc5a-db7b-4f9f-ad6c-287c310b4f10/build]   | [INFO] Downloaded from central: https://repo.maven.apache.org/maven2/com/fasterxml/jackson/core/jackson-core/2.13.2/jackson-core-2.13.2.jar (375 kB at 822 kB/s)
[f689fc5a-db7b-4f9f-ad6c-287c310b4f10/build]   | [INFO] 
[f689fc5a-db7b-4f9f-ad6c-287c310b4f10/build]   | [INFO] --- maven-resources-plugin:2.6:resources (default-resources) @ jwarc ---
[f689fc5a-db7b-4f9f-ad6c-287c310b4f10/build]   | [INFO] Downloading from central: https://repo.maven.apache.org/maven2/org/apache/maven/maven-plugin-api/2.0.6/maven-plugin-api-2.0.6.pom
[f689fc5a-db7b-4f9f-ad6c-287c310b4f10/build]   | [INFO] Downloaded from central: https://repo.maven.apache.org/maven2/org/apache/maven/maven-plugin-api/2.0.6/maven-plugin-api-2.0.6.pom (1.5 kB at 30 kB/s)
[f689fc5a-db7b-4f9f-ad6c-287c310b4f10/build]   | [INFO] Downloading from central: https://repo.maven.apache.org/maven2/org/apache/maven/maven/2.0.6/maven-2.0.6.pom
[f689fc5a-db7b-4f9f-ad6c-287c310b4f10/build]   | [INFO] Downloaded from central: https://repo.maven.apache.org/maven2/org/apache/maven/maven/2.0.6/maven-2.0.6.pom (9.0 kB at 221 kB/s)
[f689fc5a-db7b-4f9f-ad6c-287c310b4f10/build]   | [INFO] Downloading from central: https://repo.maven.apache.org/maven2/org/apache/maven/maven-parent/5/maven-parent-5.pom
[f689fc5a-db7b-4f9f-ad6c-287c310b4f10/build]   | [INFO] Downloaded from central: https://repo.maven.apache.org/maven2/org/apache/maven/maven-parent/5/maven-parent-5.pom (15 kB at 492 kB/s)
[f689fc5a-db7b-4f9f-ad6c-287c310b4f10/build]   | [INFO] Downloading from central: https://repo.maven.apache.org/maven2/org/apache/apache/3/apache-3.pom
[f689fc5a-db7b-4f9f-ad6c-287c310b4f10/build]   | [INFO] Downloaded from central: https://repo.maven.apache.org/maven2/org/apache/apache/3/apache-3.pom (3.4 kB at 132 kB/s)
[f689fc5a-db7b-4f9f-ad6c-287c310b4f10/build]   | [INFO] Downloading from central: https://repo.maven.apache.org/maven2/org/apache/maven/maven-project/2.0.6/maven-project-2.0.6.pom
[f689fc5a-db7b-4f9f-ad6c-287c310b4f10/build]   | [INFO] Downloaded from central: https://repo.maven.apache.org/maven2/org/apache/maven/maven-project/2.0.6/maven-project-2.0.6.pom (2.6 kB at 98 kB/s)
[f689fc5a-db7b-4f9f-ad6c-287c310b4f10/build]   | [INFO] Downloading from central: https://repo.maven.apache.org/maven2/org/apache/maven/maven-settings/2.0.6/maven-settings-2.0.6.pom
[f689fc5a-db7b-4f9f-ad6c-287c310b4f10/build]   | [INFO] Downloaded from central: https://repo.maven.apache.org/maven2/org/apache/maven/maven-settings/2.0.6/maven-settings-2.0.6.pom (2.0 kB at 91 kB/s)
[f689fc5a-db7b-4f9f-ad6c-287c310b4f10/build]   | [INFO] Downloading from central: https://repo.maven.apache.org/maven2/org/apache/maven/maven-model/2.0.6/maven-model-2.0.6.pom
[f689fc5a-db7b-4f9f-ad6c-287c310b4f10/build]   | [INFO] Downloaded from central: https://repo.maven.apache.org/maven2/org/apache/maven/maven-model/2.0.6/maven-model-2.0.6.pom (3.0 kB at 85 kB/s)
[f689fc5a-db7b-4f9f-ad6c-287c310b4f10/build]   | [INFO] Downloading from central: https://repo.maven.apache.org/maven2/org/codehaus/plexus/plexus-utils/1.4.1/plexus-utils-1.4.1.pom
[f689fc5a-db7b-4f9f-ad6c-287c310b4f10/build]   | [INFO] Downloaded from central: https://repo.maven.apache.org/maven2/org/codehaus/plexus/plexus-utils/1.4.1/plexus-utils-1.4.1.pom (1.9 kB at 43 kB/s)
[f689fc5a-db7b-4f9f-ad6c-287c310b4f10/build]   | [INFO] Downloading from central: https://repo.maven.apache.org/maven2/org/codehaus/plexus/plexus/1.0.11/plexus-1.0.11.pom
[f689fc5a-db7b-4f9f-ad6c-287c310b4f10/build]   | [INFO] Downloaded from central: https://repo.maven.apache.org/maven2/org/codehaus/plexus/plexus/1.0.11/plexus-1.0.11.pom (9.0 kB at 204 kB/s)
[f689fc5a-db7b-4f9f-ad6c-287c310b4f10/build]   | [INFO] Downloading from central: https://repo.maven.apache.org/maven2/org/codehaus/plexus/plexus-container-default/1.0-alpha-9-stable-1/plexus-container-default-1.0-alpha-9-stable-1.pom
[f689fc5a-db7b-4f9f-ad6c-287c310b4f10/build]   | [INFO] Downloaded from central: https://repo.maven.apache.org/maven2/org/codehaus/plexus/plexus-container-default/1.0-alpha-9-stable-1/plexus-container-default-1.0-alpha-9-stable-1.pom (3.9 kB at 82 kB/s)
[f689fc5a-db7b-4f9f-ad6c-287c310b4f10/build]   | [INFO] Downloading from central: https://repo.maven.apache.org/maven2/org/codehaus/plexus/plexus-containers/1.0.3/plexus-containers-1.0.3.pom
[f689fc5a-db7b-4f9f-ad6c-287c310b4f10/build]   | [INFO] Downloaded from central: https://repo.maven.apache.org/maven2/org/codehaus/plexus/plexus-containers/1.0.3/plexus-containers-1.0.3.pom (492 B at 11 kB/s)
[f689fc5a-db7b-4f9f-ad6c-287c310b4f10/build]   | [INFO] Downloading from central: https://repo.maven.apache.org/maven2/org/codehaus/plexus/plexus/1.0.4/plexus-1.0.4.pom
[f689fc5a-db7b-4f9f-ad6c-287c310b4f10/build]   | [INFO] Downloaded from central: https://repo.maven.apache.org/maven2/org/codehaus/plexus/plexus/1.0.4/plexus-1.0.4.pom (5.7 kB at 159 kB/s)
[f689fc5a-db7b-4f9f-ad6c-287c310b4f10/build]   | [INFO] Downloading from central: https://repo.maven.apache.org/maven2/junit/junit/3.8.1/junit-3.8.1.pom
[f689fc5a-db7b-4f9f-ad6c-287c310b4f10/build]   | [INFO] Downloaded from central: https://repo.maven.apache.org/maven2/junit/junit/3.8.1/junit-3.8.1.pom (998 B at 36 kB/s)
[f689fc5a-db7b-4f9f-ad6c-287c310b4f10/build]   | [INFO] Downloading from central: https://repo.maven.apache.org/maven2/org/codehaus/plexus/plexus-utils/1.0.4/plexus-utils-1.0.4.pom
[f689fc5a-db7b-4f9f-ad6c-287c310b4f10/build]   | [INFO] Downloaded from central: https://repo.maven.apache.org/maven2/org/codehaus/plexus/plexus-utils/1.0.4/plexus-utils-1.0.4.pom (6.9 kB at 146 kB/s)
[f689fc5a-db7b-4f9f-ad6c-287c310b4f10/build]   | [INFO] Downloading from central: https://repo.maven.apache.org/maven2/classworlds/classworlds/1.1-alpha-2/classworlds-1.1-alpha-2.pom
[f689fc5a-db7b-4f9f-ad6c-287c310b4f10/build]   | [INFO] Downloaded from central: https://repo.maven.apache.org/maven2/classworlds/classworlds/1.1-alpha-2/classworlds-1.1-alpha-2.pom (3.1 kB at 80 kB/s)
[f689fc5a-db7b-4f9f-ad6c-287c310b4f10/build]   | [INFO] Downloading from central: https://repo.maven.apache.org/maven2/org/apache/maven/maven-profile/2.0.6/maven-profile-2.0.6.pom
[f689fc5a-db7b-4f9f-ad6c-287c310b4f10/build]   | [INFO] Downloaded from central: https://repo.maven.apache.org/maven2/org/apache/maven/maven-profile/2.0.6/maven-profile-2.0.6.pom (2.0 kB at 82 kB/s)
[f689fc5a-db7b-4f9f-ad6c-287c310b4f10/build]   | [INFO] Downloading from central: https://repo.maven.apache.org/maven2/org/apache/maven/maven-artifact-manager/2.0.6/maven-artifact-manager-2.0.6.pom
[f689fc5a-db7b-4f9f-ad6c-287c310b4f10/build]   | [INFO] Downloaded from central: https://repo.maven.apache.org/maven2/org/apache/maven/maven-artifact-manager/2.0.6/maven-artifact-manager-2.0.6.pom (2.6 kB at 82 kB/s)
[f689fc5a-db7b-4f9f-ad6c-287c310b4f10/build]   | [INFO] Downloading from central: https://repo.maven.apache.org/maven2/org/apache/maven/maven-repository-metadata/2.0.6/maven-repository-metadata-2.0.6.pom
[f689fc5a-db7b-4f9f-ad6c-287c310b4f10/build]   | [INFO] Downloaded from central: https://repo.maven.apache.org/maven2/org/apache/maven/maven-repository-metadata/2.0.6/maven-repository-metadata-2.0.6.pom (1.9 kB at 88 kB/s)
[f689fc5a-db7b-4f9f-ad6c-287c310b4f10/build]   | [INFO] Downloading from central: https://repo.maven.apache.org/maven2/org/apache/maven/maven-artifact/2.0.6/maven-artifact-2.0.6.pom
[f689fc5a-db7b-4f9f-ad6c-287c310b4f10/build]   | [INFO] Downloaded from central: https://repo.maven.apache.org/maven2/org/apache/maven/maven-artifact/2.0.6/maven-artifact-2.0.6.pom (1.6 kB at 66 kB/s)
[f689fc5a-db7b-4f9f-ad6c-287c310b4f10/build]   | [INFO] Downloading from central: https://repo.maven.apache.org/maven2/org/apache/maven/maven-plugin-registry/2.0.6/maven-plugin-registry-2.0.6.pom
[f689fc5a-db7b-4f9f-ad6c-287c310b4f10/build]   | [INFO] Downloaded from central: https://repo.maven.apache.org/maven2/org/apache/maven/maven-plugin-registry/2.0.6/maven-plugin-registry-2.0.6.pom (1.9 kB at 88 kB/s)
[f689fc5a-db7b-4f9f-ad6c-287c310b4f10/build]   | [INFO] Downloading from central: https://repo.maven.apache.org/maven2/org/apache/maven/maven-core/2.0.6/maven-core-2.0.6.pom
[f689fc5a-db7b-4f9f-ad6c-287c310b4f10/build]   | [INFO] Downloaded from central: https://repo.maven.apache.org/maven2/org/apache/maven/maven-core/2.0.6/maven-core-2.0.6.pom (6.7 kB at 224 kB/s)
[f689fc5a-db7b-4f9f-ad6c-287c310b4f10/build]   | [INFO] Downloading from central: https://repo.maven.apache.org/maven2/org/apache/maven/maven-plugin-parameter-documenter/2.0.6/maven-plugin-parameter-documenter-2.0.6.pom
[f689fc5a-db7b-4f9f-ad6c-287c310b4f10/build]   | [INFO] Downloaded from central: https://repo.maven.apache.org/maven2/org/apache/maven/maven-plugin-parameter-documenter/2.0.6/maven-plugin-parameter-documenter-2.0.6.pom (1.9 kB at 60 kB/s)
[f689fc5a-db7b-4f9f-ad6c-287c310b4f10/build]   | [INFO] Downloading from central: https://repo.maven.apache.org/maven2/org/apache/maven/reporting/maven-reporting-api/2.0.6/maven-reporting-api-2.0.6.pom
[f689fc5a-db7b-4f9f-ad6c-287c310b4f10/build]   | [INFO] Downloaded from central: https://repo.maven.apache.org/maven2/org/apache/maven/reporting/maven-reporting-api/2.0.6/maven-reporting-api-2.0.6.pom (1.8 kB at 76 kB/s)
[f689fc5a-db7b-4f9f-ad6c-287c310b4f10/build]   | [INFO] Downloading from central: https://repo.maven.apache.org/maven2/org/apache/maven/reporting/maven-reporting/2.0.6/maven-reporting-2.0.6.pom
[f689fc5a-db7b-4f9f-ad6c-287c310b4f10/build]   | [INFO] Downloaded from central: https://repo.maven.apache.org/maven2/org/apache/maven/reporting/maven-reporting/2.0.6/maven-reporting-2.0.6.pom (1.4 kB at 53 kB/s)
[f689fc5a-db7b-4f9f-ad6c-287c310b4f10/build]   | [INFO] Downloading from central: https://repo.maven.apache.org/maven2/org/apache/maven/doxia/doxia-sink-api/1.0-alpha-7/doxia-sink-api-1.0-alpha-7.pom
[f689fc5a-db7b-4f9f-ad6c-287c310b4f10/build]   | [INFO] Downloaded from central: https://repo.maven.apache.org/maven2/org/apache/maven/doxia/doxia-sink-api/1.0-alpha-7/doxia-sink-api-1.0-alpha-7.pom (424 B at 17 kB/s)
[f689fc5a-db7b-4f9f-ad6c-287c310b4f10/build]   | [INFO] Downloading from central: https://repo.maven.apache.org/maven2/org/apache/maven/doxia/doxia/1.0-alpha-7/doxia-1.0-alpha-7.pom
[f689fc5a-db7b-4f9f-ad6c-287c310b4f10/build]   | [INFO] Downloaded from central: https://repo.maven.apache.org/maven2/org/apache/maven/doxia/doxia/1.0-alpha-7/doxia-1.0-alpha-7.pom (3.9 kB at 109 kB/s)
[f689fc5a-db7b-4f9f-ad6c-287c310b4f10/build]   | [INFO] Downloading from central: https://repo.maven.apache.org/maven2/org/apache/maven/maven-error-diagnostics/2.0.6/maven-error-diagnostics-2.0.6.pom
[f689fc5a-db7b-4f9f-ad6c-287c310b4f10/build]   | [INFO] Downloaded from central: https://repo.maven.apache.org/maven2/org/apache/maven/maven-error-diagnostics/2.0.6/maven-error-diagnostics-2.0.6.pom (1.7 kB at 61 kB/s)
[f689fc5a-db7b-4f9f-ad6c-287c310b4f10/build]   | [INFO] Downloading from central: https://repo.maven.apache.org/maven2/commons-cli/commons-cli/1.0/commons-cli-1.0.pom
[f689fc5a-db7b-4f9f-ad6c-287c310b4f10/build]   | [INFO] Downloaded from central: https://repo.maven.apache.org/maven2/commons-cli/commons-cli/1.0/commons-cli-1.0.pom (2.1 kB at 60 kB/s)
[f689fc5a-db7b-4f9f-ad6c-287c310b4f10/build]   | [INFO] Downloading from central: https://repo.maven.apache.org/maven2/org/apache/maven/maven-plugin-descriptor/2.0.6/maven-plugin-descriptor-2.0.6.pom
[f689fc5a-db7b-4f9f-ad6c-287c310b4f10/build]   | [INFO] Downloaded from central: https://repo.maven.apache.org/maven2/org/apache/maven/maven-plugin-descriptor/2.0.6/maven-plugin-descriptor-2.0.6.pom (2.0 kB at 61 kB/s)
[f689fc5a-db7b-4f9f-ad6c-287c310b4f10/build]   | [INFO] Downloading from central: https://repo.maven.apache.org/maven2/org/codehaus/plexus/plexus-interactivity-api/1.0-alpha-4/plexus-interactivity-api-1.0-alpha-4.pom
[f689fc5a-db7b-4f9f-ad6c-287c310b4f10/build]   | [INFO] Downloaded from central: https://repo.maven.apache.org/maven2/org/codehaus/plexus/plexus-interactivity-api/1.0-alpha-4/plexus-interactivity-api-1.0-alpha-4.pom (7.1 kB at 161 kB/s)
[f689fc5a-db7b-4f9f-ad6c-287c310b4f10/build]   | [INFO] Downloading from central: https://repo.maven.apache.org/maven2/org/apache/maven/maven-monitor/2.0.6/maven-monitor-2.0.6.pom
[f689fc5a-db7b-4f9f-ad6c-287c310b4f10/build]   | [INFO] Downloaded from central: https://repo.maven.apache.org/maven2/org/apache/maven/maven-monitor/2.0.6/maven-monitor-2.0.6.pom (1.3 kB at 34 kB/s)
[f689fc5a-db7b-4f9f-ad6c-287c310b4f10/build]   | [INFO] Downloading from central: https://repo.maven.apache.org/maven2/classworlds/classworlds/1.1/classworlds-1.1.pom
[f689fc5a-db7b-4f9f-ad6c-287c310b4f10/build]   | [INFO] Downloaded from central: https://repo.maven.apache.org/maven2/classworlds/classworlds/1.1/classworlds-1.1.pom (3.3 kB at 98 kB/s)
[f689fc5a-db7b-4f9f-ad6c-287c310b4f10/build]   | [INFO] Downloading from central: https://repo.maven.apache.org/maven2/org/codehaus/plexus/plexus-utils/2.0.5/plexus-utils-2.0.5.pom
[f689fc5a-db7b-4f9f-ad6c-287c310b4f10/build]   | [INFO] Downloaded from central: https://repo.maven.apache.org/maven2/org/codehaus/plexus/plexus-utils/2.0.5/plexus-utils-2.0.5.pom (3.3 kB at 115 kB/s)
[f689fc5a-db7b-4f9f-ad6c-287c310b4f10/build]   | [INFO] Downloading from central: https://repo.maven.apache.org/maven2/org/codehaus/plexus/plexus/2.0.6/plexus-2.0.6.pom
[f689fc5a-db7b-4f9f-ad6c-287c310b4f10/build]   | [INFO] Downloaded from central: https://repo.maven.apache.org/maven2/org/codehaus/plexus/plexus/2.0.6/plexus-2.0.6.pom (17 kB at 479 kB/s)
[f689fc5a-db7b-4f9f-ad6c-287c310b4f10/build]   | [INFO] Downloading from central: https://repo.maven.apache.org/maven2/org/apache/maven/shared/maven-filtering/1.1/maven-filtering-1.1.pom
[f689fc5a-db7b-4f9f-ad6c-287c310b4f10/build]   | [INFO] Downloaded from central: https://repo.maven.apache.org/maven2/org/apache/maven/shared/maven-filtering/1.1/maven-filtering-1.1.pom (5.8 kB at 165 kB/s)
[f689fc5a-db7b-4f9f-ad6c-287c310b4f10/build]   | [INFO] Downloading from central: https://repo.maven.apache.org/maven2/org/apache/maven/shared/maven-shared-components/17/maven-shared-components-17.pom
[f689fc5a-db7b-4f9f-ad6c-287c310b4f10/build]   | [INFO] Downloaded from central: https://repo.maven.apache.org/maven2/org/apache/maven/shared/maven-shared-components/17/maven-shared-components-17.pom (8.7 kB at 153 kB/s)
[f689fc5a-db7b-4f9f-ad6c-287c310b4f10/build]   | [INFO] Downloading from central: https://repo.maven.apache.org/maven2/org/apache/maven/maven-parent/21/maven-parent-21.pom
[f689fc5a-db7b-4f9f-ad6c-287c310b4f10/build]   | [INFO] Downloaded from central: https://repo.maven.apache.org/maven2/org/apache/maven/maven-parent/21/maven-parent-21.pom (26 kB at 941 kB/s)
[f689fc5a-db7b-4f9f-ad6c-287c310b4f10/build]   | [INFO] Downloading from central: https://repo.maven.apache.org/maven2/org/apache/apache/10/apache-10.pom
[f689fc5a-db7b-4f9f-ad6c-287c310b4f10/build]   | [INFO] Downloaded from central: https://repo.maven.apache.org/maven2/org/apache/apache/10/apache-10.pom (15 kB at 705 kB/s)
[f689fc5a-db7b-4f9f-ad6c-287c310b4f10/build]   | [INFO] Downloading from central: https://repo.maven.apache.org/maven2/org/codehaus/plexus/plexus-utils/1.5.15/plexus-utils-1.5.15.pom
[f689fc5a-db7b-4f9f-ad6c-287c310b4f10/build]   | [INFO] Downloaded from central: https://repo.maven.apache.org/maven2/org/codehaus/plexus/plexus-utils/1.5.15/plexus-utils-1.5.15.pom (6.8 kB at 274 kB/s)
[f689fc5a-db7b-4f9f-ad6c-287c310b4f10/build]   | [INFO] Downloading from central: https://repo.maven.apache.org/maven2/org/codehaus/plexus/plexus/2.0.2/plexus-2.0.2.pom
[f689fc5a-db7b-4f9f-ad6c-287c310b4f10/build]   | [INFO] Downloaded from central: https://repo.maven.apache.org/maven2/org/codehaus/plexus/plexus/2.0.2/plexus-2.0.2.pom (12 kB at 341 kB/s)
[f689fc5a-db7b-4f9f-ad6c-287c310b4f10/build]   | [INFO] Downloading from central: https://repo.maven.apache.org/maven2/org/codehaus/plexus/plexus-interpolation/1.12/plexus-interpolation-1.12.pom
[f689fc5a-db7b-4f9f-ad6c-287c310b4f10/build]   | [INFO] Downloaded from central: https://repo.maven.apache.org/maven2/org/codehaus/plexus/plexus-interpolation/1.12/plexus-interpolation-1.12.pom (889 B at 26 kB/s)
[f689fc5a-db7b-4f9f-ad6c-287c310b4f10/build]   | [INFO] Downloading from central: https://repo.maven.apache.org/maven2/org/codehaus/plexus/plexus-components/1.1.14/plexus-components-1.1.14.pom
[f689fc5a-db7b-4f9f-ad6c-287c310b4f10/build]   | [INFO] Downloaded from central: https://repo.maven.apache.org/maven2/org/codehaus/plexus/plexus-components/1.1.14/plexus-components-1.1.14.pom (5.8 kB at 139 kB/s)
[f689fc5a-db7b-4f9f-ad6c-287c310b4f10/build]   | [INFO] Downloading from central: https://repo.maven.apache.org/maven2/org/sonatype/plexus/plexus-build-api/0.0.4/plexus-build-api-0.0.4.pom
[f689fc5a-db7b-4f9f-ad6c-287c310b4f10/build]   | [INFO] Downloaded from central: https://repo.maven.apache.org/maven2/org/sonatype/plexus/plexus-build-api/0.0.4/plexus-build-api-0.0.4.pom (2.9 kB at 70 kB/s)
[f689fc5a-db7b-4f9f-ad6c-287c310b4f10/build]   | [INFO] Downloading from central: https://repo.maven.apache.org/maven2/org/sonatype/spice/spice-parent/10/spice-parent-10.pom
[f689fc5a-db7b-4f9f-ad6c-287c310b4f10/build]   | [INFO] Downloaded from central: https://repo.maven.apache.org/maven2/org/sonatype/spice/spice-parent/10/spice-parent-10.pom (3.0 kB at 67 kB/s)
[f689fc5a-db7b-4f9f-ad6c-287c310b4f10/build]   | [INFO] Downloading from central: https://repo.maven.apache.org/maven2/org/sonatype/forge/forge-parent/3/forge-parent-3.pom
[f689fc5a-db7b-4f9f-ad6c-287c310b4f10/build]   | [INFO] Downloaded from central: https://repo.maven.apache.org/maven2/org/sonatype/forge/forge-parent/3/forge-parent-3.pom (5.0 kB at 157 kB/s)
[f689fc5a-db7b-4f9f-ad6c-287c310b4f10/build]   | [INFO] Downloading from central: https://repo.maven.apache.org/maven2/org/codehaus/plexus/plexus-utils/1.5.8/plexus-utils-1.5.8.pom
[f689fc5a-db7b-4f9f-ad6c-287c310b4f10/build]   | [INFO] Downloaded from central: https://repo.maven.apache.org/maven2/org/codehaus/plexus/plexus-utils/1.5.8/plexus-utils-1.5.8.pom (8.1 kB at 147 kB/s)
[f689fc5a-db7b-4f9f-ad6c-287c310b4f10/build]   | [INFO] Downloading from central: https://repo.maven.apache.org/maven2/org/codehaus/plexus/plexus-interpolation/1.13/plexus-interpolation-1.13.pom
[f689fc5a-db7b-4f9f-ad6c-287c310b4f10/build]   | [INFO] Downloaded from central: https://repo.maven.apache.org/maven2/org/codehaus/plexus/plexus-interpolation/1.13/plexus-interpolation-1.13.pom (890 B at 19 kB/s)
[f689fc5a-db7b-4f9f-ad6c-287c310b4f10/build]   | [INFO] Downloading from central: https://repo.maven.apache.org/maven2/org/codehaus/plexus/plexus-components/1.1.15/plexus-components-1.1.15.pom
[f689fc5a-db7b-4f9f-ad6c-287c310b4f10/build]   | [INFO] Downloaded from central: https://repo.maven.apache.org/maven2/org/codehaus/plexus/plexus-components/1.1.15/plexus-components-1.1.15.pom (2.8 kB at 58 kB/s)
[f689fc5a-db7b-4f9f-ad6c-287c310b4f10/build]   | [INFO] Downloading from central: https://repo.maven.apache.org/maven2/org/codehaus/plexus/plexus/2.0.3/plexus-2.0.3.pom
[f689fc5a-db7b-4f9f-ad6c-287c310b4f10/build]   | [INFO] Downloaded from central: https://repo.maven.apache.org/maven2/org/codehaus/plexus/plexus/2.0.3/plexus-2.0.3.pom (15 kB at 189 kB/s)
[f689fc5a-db7b-4f9f-ad6c-287c310b4f10/build]   | [INFO] Downloading from central: https://repo.maven.apache.org/maven2/org/apache/maven/maven-plugin-api/2.0.6/maven-plugin-api-2.0.6.jar
[f689fc5a-db7b-4f9f-ad6c-287c310b4f10/build]   | [INFO] Downloading from central: https://repo.maven.apache.org/maven2/org/apache/maven/maven-project/2.0.6/maven-project-2.0.6.jar
[f689fc5a-db7b-4f9f-ad6c-287c310b4f10/build]   | [INFO] Downloading from central: https://repo.maven.apache.org/maven2/org/apache/maven/maven-profile/2.0.6/maven-profile-2.0.6.jar
[f689fc5a-db7b-4f9f-ad6c-287c310b4f10/build]   | [INFO] Downloading from central: https://repo.maven.apache.org/maven2/org/apache/maven/maven-artifact-manager/2.0.6/maven-artifact-manager-2.0.6.jar
[f689fc5a-db7b-4f9f-ad6c-287c310b4f10/build]   | [INFO] Downloading from central: https://repo.maven.apache.org/maven2/org/apache/maven/maven-plugin-registry/2.0.6/maven-plugin-registry-2.0.6.jar
[f689fc5a-db7b-4f9f-ad6c-287c310b4f10/build]   | [INFO] Downloaded from central: https://repo.maven.apache.org/maven2/org/apache/maven/maven-plugin-registry/2.0.6/maven-plugin-registry-2.0.6.jar (29 kB at 803 kB/s)
[f689fc5a-db7b-4f9f-ad6c-287c310b4f10/build]   | [INFO] Downloading from central: https://repo.maven.apache.org/maven2/org/apache/maven/maven-core/2.0.6/maven-core-2.0.6.jar
[f689fc5a-db7b-4f9f-ad6c-287c310b4f10/build]   | [INFO] Downloaded from central: https://repo.maven.apache.org/maven2/org/apache/maven/maven-profile/2.0.6/maven-profile-2.0.6.jar (35 kB at 820 kB/s)
[f689fc5a-db7b-4f9f-ad6c-287c310b4f10/build]   | [INFO] Downloading from central: https://repo.maven.apache.org/maven2/org/apache/maven/maven-plugin-parameter-documenter/2.0.6/maven-plugin-parameter-documenter-2.0.6.jar
[f689fc5a-db7b-4f9f-ad6c-287c310b4f10/build]   | [INFO] Downloaded from central: https://repo.maven.apache.org/maven2/org/apache/maven/maven-plugin-api/2.0.6/maven-plugin-api-2.0.6.jar (13 kB at 181 kB/s)
[f689fc5a-db7b-4f9f-ad6c-287c310b4f10/build]   | [INFO] Downloading from central: https://repo.maven.apache.org/maven2/org/apache/maven/reporting/maven-reporting-api/2.0.6/maven-reporting-api-2.0.6.jar
[f689fc5a-db7b-4f9f-ad6c-287c310b4f10/build]   | [INFO] Downloaded from central: https://repo.maven.apache.org/maven2/org/apache/maven/maven-project/2.0.6/maven-project-2.0.6.jar (116 kB at 1.2 MB/s)
[f689fc5a-db7b-4f9f-ad6c-287c310b4f10/build]   | [INFO] Downloaded from central: https://repo.maven.apache.org/maven2/org/apache/maven/maven-artifact-manager/2.0.6/maven-artifact-manager-2.0.6.jar (57 kB at 635 kB/s)
[f689fc5a-db7b-4f9f-ad6c-287c310b4f10/build]   | [INFO] Downloading from central: https://repo.maven.apache.org/maven2/org/apache/maven/doxia/doxia-sink-api/1.0-alpha-7/doxia-sink-api-1.0-alpha-7.jar
[f689fc5a-db7b-4f9f-ad6c-287c310b4f10/build]   | [INFO] Downloading from central: https://repo.maven.apache.org/maven2/org/apache/maven/maven-repository-metadata/2.0.6/maven-repository-metadata-2.0.6.jar
[f689fc5a-db7b-4f9f-ad6c-287c310b4f10/build]   | [INFO] Downloaded from central: https://repo.maven.apache.org/maven2/org/apache/maven/maven-plugin-parameter-documenter/2.0.6/maven-plugin-parameter-documenter-2.0.6.jar (21 kB at 212 kB/s)
[f689fc5a-db7b-4f9f-ad6c-287c310b4f10/build]   | [INFO] Downloading from central: https://repo.maven.apache.org/maven2/org/apache/maven/maven-error-diagnostics/2.0.6/maven-error-diagnostics-2.0.6.jar
[f689fc5a-db7b-4f9f-ad6c-287c310b4f10/build]   | [INFO] Downloaded from central: https://repo.maven.apache.org/maven2/org/apache/maven/maven-core/2.0.6/maven-core-2.0.6.jar (152 kB at 1.2 MB/s)
[f689fc5a-db7b-4f9f-ad6c-287c310b4f10/build]   | [INFO] Downloading from central: https://repo.maven.apache.org/maven2/commons-cli/commons-cli/1.0/commons-cli-1.0.jar
[f689fc5a-db7b-4f9f-ad6c-287c310b4f10/build]   | [INFO] Downloaded from central: https://repo.maven.apache.org/maven2/org/apache/maven/doxia/doxia-sink-api/1.0-alpha-7/doxia-sink-api-1.0-alpha-7.jar (5.9 kB at 41 kB/s)
[f689fc5a-db7b-4f9f-ad6c-287c310b4f10/build]   | [INFO] Downloading from central: https://repo.maven.apache.org/maven2/org/apache/maven/maven-plugin-descriptor/2.0.6/maven-plugin-descriptor-2.0.6.jar
[f689fc5a-db7b-4f9f-ad6c-287c310b4f10/build]   | [INFO] Downloaded from central: https://repo.maven.apache.org/maven2/org/apache/maven/reporting/maven-reporting-api/2.0.6/maven-reporting-api-2.0.6.jar (9.9 kB at 61 kB/s)
[f689fc5a-db7b-4f9f-ad6c-287c310b4f10/build]   | [INFO] Downloading from central: https://repo.maven.apache.org/maven2/org/codehaus/plexus/plexus-interactivity-api/1.0-alpha-4/plexus-interactivity-api-1.0-alpha-4.jar
[f689fc5a-db7b-4f9f-ad6c-287c310b4f10/build]   | [INFO] Downloaded from central: https://repo.maven.apache.org/maven2/commons-cli/commons-cli/1.0/commons-cli-1.0.jar (30 kB at 169 kB/s)
[f689fc5a-db7b-4f9f-ad6c-287c310b4f10/build]   | [INFO] Downloading from central: https://repo.maven.apache.org/maven2/classworlds/classworlds/1.1/classworlds-1.1.jar
[f689fc5a-db7b-4f9f-ad6c-287c310b4f10/build]   | [INFO] Downloaded from central: https://repo.maven.apache.org/maven2/org/apache/maven/maven-plugin-descriptor/2.0.6/maven-plugin-descriptor-2.0.6.jar (37 kB at 199 kB/s)
[f689fc5a-db7b-4f9f-ad6c-287c310b4f10/build]   | [INFO] Downloading from central: https://repo.maven.apache.org/maven2/org/apache/maven/maven-artifact/2.0.6/maven-artifact-2.0.6.jar
[f689fc5a-db7b-4f9f-ad6c-287c310b4f10/build]   | [INFO] Downloaded from central: https://repo.maven.apache.org/maven2/classworlds/classworlds/1.1/classworlds-1.1.jar (38 kB at 179 kB/s)
[f689fc5a-db7b-4f9f-ad6c-287c310b4f10/build]   | [INFO] Downloading from central: https://repo.maven.apache.org/maven2/org/apache/maven/maven-settings/2.0.6/maven-settings-2.0.6.jar
[f689fc5a-db7b-4f9f-ad6c-287c310b4f10/build]   | [INFO] Downloaded from central: https://repo.maven.apache.org/maven2/org/codehaus/plexus/plexus-interactivity-api/1.0-alpha-4/plexus-interactivity-api-1.0-alpha-4.jar (13 kB at 62 kB/s)
[f689fc5a-db7b-4f9f-ad6c-287c310b4f10/build]   | [INFO] Downloading from central: https://repo.maven.apache.org/maven2/org/apache/maven/maven-model/2.0.6/maven-model-2.0.6.jar
[f689fc5a-db7b-4f9f-ad6c-287c310b4f10/build]   | [INFO] Downloaded from central: https://repo.maven.apache.org/maven2/org/apache/maven/maven-artifact/2.0.6/maven-artifact-2.0.6.jar (87 kB at 372 kB/s)
[f689fc5a-db7b-4f9f-ad6c-287c310b4f10/build]   | [INFO] Downloading from central: https://repo.maven.apache.org/maven2/org/apache/maven/maven-monitor/2.0.6/maven-monitor-2.0.6.jar
[f689fc5a-db7b-4f9f-ad6c-287c310b4f10/build]   | [INFO] Downloaded from central: https://repo.maven.apache.org/maven2/org/apache/maven/maven-settings/2.0.6/maven-settings-2.0.6.jar (49 kB at 196 kB/s)
[f689fc5a-db7b-4f9f-ad6c-287c310b4f10/build]   | [INFO] Downloading from central: https://repo.maven.apache.org/maven2/org/codehaus/plexus/plexus-container-default/1.0-alpha-9-stable-1/plexus-container-default-1.0-alpha-9-stable-1.jar
[f689fc5a-db7b-4f9f-ad6c-287c310b4f10/build]   | [INFO] Downloaded from central: https://repo.maven.apache.org/maven2/org/apache/maven/maven-monitor/2.0.6/maven-monitor-2.0.6.jar (10 kB at 39 kB/s)
[f689fc5a-db7b-4f9f-ad6c-287c310b4f10/build]   | [INFO] Downloading from central: https://repo.maven.apache.org/maven2/junit/junit/3.8.1/junit-3.8.1.jar
[f689fc5a-db7b-4f9f-ad6c-287c310b4f10/build]   | [INFO] Downloaded from central: https://repo.maven.apache.org/maven2/org/apache/maven/maven-model/2.0.6/maven-model-2.0.6.jar (86 kB at 318 kB/s)
[f689fc5a-db7b-4f9f-ad6c-287c310b4f10/build]   | [INFO] Downloading from central: https://repo.maven.apache.org/maven2/org/codehaus/plexus/plexus-utils/2.0.5/plexus-utils-2.0.5.jar
[f689fc5a-db7b-4f9f-ad6c-287c310b4f10/build]   | [INFO] Downloaded from central: https://repo.maven.apache.org/maven2/org/codehaus/plexus/plexus-container-default/1.0-alpha-9-stable-1/plexus-container-default-1.0-alpha-9-stable-1.jar (194 kB at 649 kB/s)
[f689fc5a-db7b-4f9f-ad6c-287c310b4f10/build]   | [INFO] Downloading from central: https://repo.maven.apache.org/maven2/org/apache/maven/shared/maven-filtering/1.1/maven-filtering-1.1.jar
[f689fc5a-db7b-4f9f-ad6c-287c310b4f10/build]   | [INFO] Downloaded from central: https://repo.maven.apache.org/maven2/junit/junit/3.8.1/junit-3.8.1.jar (121 kB at 360 kB/s)
[f689fc5a-db7b-4f9f-ad6c-287c310b4f10/build]   | [INFO] Downloading from central: https://repo.maven.apache.org/maven2/org/sonatype/plexus/plexus-build-api/0.0.4/plexus-build-api-0.0.4.jar
[f689fc5a-db7b-4f9f-ad6c-287c310b4f10/build]   | [INFO] Downloaded from central: https://repo.maven.apache.org/maven2/org/sonatype/plexus/plexus-build-api/0.0.4/plexus-build-api-0.0.4.jar (6.8 kB at 18 kB/s)
[f689fc5a-db7b-4f9f-ad6c-287c310b4f10/build]   | [INFO] Downloading from central: https://repo.maven.apache.org/maven2/org/codehaus/plexus/plexus-interpolation/1.13/plexus-interpolation-1.13.jar
[f689fc5a-db7b-4f9f-ad6c-287c310b4f10/build]   | [INFO] Downloaded from central: https://repo.maven.apache.org/maven2/org/apache/maven/shared/maven-filtering/1.1/maven-filtering-1.1.jar (43 kB at 111 kB/s)
[f689fc5a-db7b-4f9f-ad6c-287c310b4f10/build]   | [INFO] Downloaded from central: https://repo.maven.apache.org/maven2/org/apache/maven/maven-repository-metadata/2.0.6/maven-repository-metadata-2.0.6.jar (24 kB at 57 kB/s)
[f689fc5a-db7b-4f9f-ad6c-287c310b4f10/build]   | [INFO] Downloaded from central: https://repo.maven.apache.org/maven2/org/codehaus/plexus/plexus-interpolation/1.13/plexus-interpolation-1.13.jar (61 kB at 145 kB/s)
[f689fc5a-db7b-4f9f-ad6c-287c310b4f10/build]   | [INFO] Downloaded from central: https://repo.maven.apache.org/maven2/org/codehaus/plexus/plexus-utils/2.0.5/plexus-utils-2.0.5.jar (223 kB at 520 kB/s)
[f689fc5a-db7b-4f9f-ad6c-287c310b4f10/build]   | [INFO] Downloaded from central: https://repo.maven.apache.org/maven2/org/apache/maven/maven-error-diagnostics/2.0.6/maven-error-diagnostics-2.0.6.jar (14 kB at 17 kB/s)
[f689fc5a-db7b-4f9f-ad6c-287c310b4f10/build]   | [INFO] Using 'UTF-8' encoding to copy filtered resources.
[f689fc5a-db7b-4f9f-ad6c-287c310b4f10/build]   | [INFO] Copying 2 resources
[f689fc5a-db7b-4f9f-ad6c-287c310b4f10/build]   | [INFO] 
[f689fc5a-db7b-4f9f-ad6c-287c310b4f10/build]   | [INFO] --- maven-compiler-plugin:3.1:compile (default-compile) @ jwarc ---
[f689fc5a-db7b-4f9f-ad6c-287c310b4f10/build]   | [INFO] Downloading from central: https://repo.maven.apache.org/maven2/org/apache/maven/maven-plugin-api/2.0.9/maven-plugin-api-2.0.9.pom
[f689fc5a-db7b-4f9f-ad6c-287c310b4f10/build]   | [INFO] Downloaded from central: https://repo.maven.apache.org/maven2/org/apache/maven/maven-plugin-api/2.0.9/maven-plugin-api-2.0.9.pom (1.5 kB at 28 kB/s)
[f689fc5a-db7b-4f9f-ad6c-287c310b4f10/build]   | [INFO] Downloading from central: https://repo.maven.apache.org/maven2/org/apache/maven/maven/2.0.9/maven-2.0.9.pom
[f689fc5a-db7b-4f9f-ad6c-287c310b4f10/build]   | [INFO] Downloaded from central: https://repo.maven.apache.org/maven2/org/apache/maven/maven/2.0.9/maven-2.0.9.pom (19 kB at 215 kB/s)
[f689fc5a-db7b-4f9f-ad6c-287c310b4f10/build]   | [INFO] Downloading from central: https://repo.maven.apache.org/maven2/org/apache/maven/maven-parent/8/maven-parent-8.pom
[f689fc5a-db7b-4f9f-ad6c-287c310b4f10/build]   | [INFO] Downloaded from central: https://repo.maven.apache.org/maven2/org/apache/maven/maven-parent/8/maven-parent-8.pom (24 kB at 754 kB/s)
[f689fc5a-db7b-4f9f-ad6c-287c310b4f10/build]   | [INFO] Downloading from central: https://repo.maven.apache.org/maven2/org/apache/apache/4/apache-4.pom
[f689fc5a-db7b-4f9f-ad6c-287c310b4f10/build]   | [INFO] Downloaded from central: https://repo.maven.apache.org/maven2/org/apache/apache/4/apache-4.pom (4.5 kB at 180 kB/s)
[f689fc5a-db7b-4f9f-ad6c-287c310b4f10/build]   | [INFO] Downloading from central: https://repo.maven.apache.org/maven2/org/apache/maven/maven-artifact/2.0.9/maven-artifact-2.0.9.pom
[f689fc5a-db7b-4f9f-ad6c-287c310b4f10/build]   | [INFO] Downloaded from central: https://repo.maven.apache.org/maven2/org/apache/maven/maven-artifact/2.0.9/maven-artifact-2.0.9.pom (1.6 kB at 58 kB/s)
[f689fc5a-db7b-4f9f-ad6c-287c310b4f10/build]   | [INFO] Downloading from central: https://repo.maven.apache.org/maven2/org/codehaus/plexus/plexus-utils/1.5.1/plexus-utils-1.5.1.pom
[f689fc5a-db7b-4f9f-ad6c-287c310b4f10/build]   | [INFO] Downloaded from central: https://repo.maven.apache.org/maven2/org/codehaus/plexus/plexus-utils/1.5.1/plexus-utils-1.5.1.pom (2.3 kB at 68 kB/s)
[f689fc5a-db7b-4f9f-ad6c-287c310b4f10/build]   | [INFO] Downloading from central: https://repo.maven.apache.org/maven2/org/apache/maven/maven-core/2.0.9/maven-core-2.0.9.pom
[f689fc5a-db7b-4f9f-ad6c-287c310b4f10/build]   | [INFO] Downloaded from central: https://repo.maven.apache.org/maven2/org/apache/maven/maven-core/2.0.9/maven-core-2.0.9.pom (7.8 kB at 236 kB/s)
[f689fc5a-db7b-4f9f-ad6c-287c310b4f10/build]   | [INFO] Downloading from central: https://repo.maven.apache.org/maven2/org/apache/maven/maven-settings/2.0.9/maven-settings-2.0.9.pom
[f689fc5a-db7b-4f9f-ad6c-287c310b4f10/build]   | [INFO] Downloaded from central: https://repo.maven.apache.org/maven2/org/apache/maven/maven-settings/2.0.9/maven-settings-2.0.9.pom (2.1 kB at 69 kB/s)
[f689fc5a-db7b-4f9f-ad6c-287c310b4f10/build]   | [INFO] Downloading from central: https://repo.maven.apache.org/maven2/org/apache/maven/maven-model/2.0.9/maven-model-2.0.9.pom
[f689fc5a-db7b-4f9f-ad6c-287c310b4f10/build]   | [INFO] Downloaded from central: https://repo.maven.apache.org/maven2/org/apache/maven/maven-model/2.0.9/maven-model-2.0.9.pom (3.1 kB at 112 kB/s)
[f689fc5a-db7b-4f9f-ad6c-287c310b4f10/build]   | [INFO] Downloading from central: https://repo.maven.apache.org/maven2/org/apache/maven/maven-plugin-parameter-documenter/2.0.9/maven-plugin-parameter-documenter-2.0.9.pom
[f689fc5a-db7b-4f9f-ad6c-287c310b4f10/build]   | [INFO] Downloaded from central: https://repo.maven.apache.org/maven2/org/apache/maven/maven-plugin-parameter-documenter/2.0.9/maven-plugin-parameter-documenter-2.0.9.pom (2.0 kB at 56 kB/s)
[f689fc5a-db7b-4f9f-ad6c-287c310b4f10/build]   | [INFO] Downloading from central: https://repo.maven.apache.org/maven2/org/apache/maven/maven-profile/2.0.9/maven-profile-2.0.9.pom
[f689fc5a-db7b-4f9f-ad6c-287c310b4f10/build]   | [INFO] Downloaded from central: https://repo.maven.apache.org/maven2/org/apache/maven/maven-profile/2.0.9/maven-profile-2.0.9.pom (2.0 kB at 26 kB/s)
[f689fc5a-db7b-4f9f-ad6c-287c310b4f10/build]   | [INFO] Downloading from central: https://repo.maven.apache.org/maven2/org/apache/maven/maven-repository-metadata/2.0.9/maven-repository-metadata-2.0.9.pom
[f689fc5a-db7b-4f9f-ad6c-287c310b4f10/build]   | [INFO] Downloaded from central: https://repo.maven.apache.org/maven2/org/apache/maven/maven-repository-metadata/2.0.9/maven-repository-metadata-2.0.9.pom (1.9 kB at 86 kB/s)
[f689fc5a-db7b-4f9f-ad6c-287c310b4f10/build]   | [INFO] Downloading from central: https://repo.maven.apache.org/maven2/org/apache/maven/maven-error-diagnostics/2.0.9/maven-error-diagnostics-2.0.9.pom
[f689fc5a-db7b-4f9f-ad6c-287c310b4f10/build]   | [INFO] Downloaded from central: https://repo.maven.apache.org/maven2/org/apache/maven/maven-error-diagnostics/2.0.9/maven-error-diagnostics-2.0.9.pom (1.7 kB at 65 kB/s)
[f689fc5a-db7b-4f9f-ad6c-287c310b4f10/build]   | [INFO] Downloading from central: https://repo.maven.apache.org/maven2/org/apache/maven/maven-project/2.0.9/maven-project-2.0.9.pom
[f689fc5a-db7b-4f9f-ad6c-287c310b4f10/build]   | [INFO] Downloaded from central: https://repo.maven.apache.org/maven2/org/apache/maven/maven-project/2.0.9/maven-project-2.0.9.pom (2.7 kB at 108 kB/s)
[f689fc5a-db7b-4f9f-ad6c-287c310b4f10/build]   | [INFO] Downloading from central: https://repo.maven.apache.org/maven2/org/apache/maven/maven-artifact-manager/2.0.9/maven-artifact-manager-2.0.9.pom
[f689fc5a-db7b-4f9f-ad6c-287c310b4f10/build]   | [INFO] Downloaded from central: https://repo.maven.apache.org/maven2/org/apache/maven/maven-artifact-manager/2.0.9/maven-artifact-manager-2.0.9.pom (2.7 kB at 87 kB/s)
[f689fc5a-db7b-4f9f-ad6c-287c310b4f10/build]   | [INFO] Downloading from central: https://repo.maven.apache.org/maven2/org/apache/maven/maven-plugin-registry/2.0.9/maven-plugin-registry-2.0.9.pom
[f689fc5a-db7b-4f9f-ad6c-287c310b4f10/build]   | [INFO] Downloaded from central: https://repo.maven.apache.org/maven2/org/apache/maven/maven-plugin-registry/2.0.9/maven-plugin-registry-2.0.9.pom (2.0 kB at 110 kB/s)
[f689fc5a-db7b-4f9f-ad6c-287c310b4f10/build]   | [INFO] Downloading from central: https://repo.maven.apache.org/maven2/org/apache/maven/maven-plugin-descriptor/2.0.9/maven-plugin-descriptor-2.0.9.pom
[f689fc5a-db7b-4f9f-ad6c-287c310b4f10/build]   | [INFO] Downloaded from central: https://repo.maven.apache.org/maven2/org/apache/maven/maven-plugin-descriptor/2.0.9/maven-plugin-descriptor-2.0.9.pom (2.1 kB at 99 kB/s)
[f689fc5a-db7b-4f9f-ad6c-287c310b4f10/build]   | [INFO] Downloading from central: https://repo.maven.apache.org/maven2/org/apache/maven/maven-monitor/2.0.9/maven-monitor-2.0.9.pom
[f689fc5a-db7b-4f9f-ad6c-287c310b4f10/build]   | [INFO] Downloaded from central: https://repo.maven.apache.org/maven2/org/apache/maven/maven-monitor/2.0.9/maven-monitor-2.0.9.pom (1.3 kB at 18 kB/s)
[f689fc5a-db7b-4f9f-ad6c-287c310b4f10/build]   | [INFO] Downloading from central: https://repo.maven.apache.org/maven2/org/apache/maven/maven-toolchain/1.0/maven-toolchain-1.0.pom
[f689fc5a-db7b-4f9f-ad6c-287c310b4f10/build]   | [INFO] Downloaded from central: https://repo.maven.apache.org/maven2/org/apache/maven/maven-toolchain/1.0/maven-toolchain-1.0.pom (3.4 kB at 114 kB/s)
[f689fc5a-db7b-4f9f-ad6c-287c310b4f10/build]   | [INFO] Downloading from central: https://repo.maven.apache.org/maven2/org/apache/maven/shared/maven-shared-utils/0.1/maven-shared-utils-0.1.pom
[f689fc5a-db7b-4f9f-ad6c-287c310b4f10/build]   | [INFO] Downloaded from central: https://repo.maven.apache.org/maven2/org/apache/maven/shared/maven-shared-utils/0.1/maven-shared-utils-0.1.pom (4.0 kB at 270 kB/s)
[f689fc5a-db7b-4f9f-ad6c-287c310b4f10/build]   | [INFO] Downloading from central: https://repo.maven.apache.org/maven2/org/apache/maven/shared/maven-shared-components/18/maven-shared-components-18.pom
[f689fc5a-db7b-4f9f-ad6c-287c310b4f10/build]   | [INFO] Downloaded from central: https://repo.maven.apache.org/maven2/org/apache/maven/shared/maven-shared-components/18/maven-shared-components-18.pom (4.9 kB at 411 kB/s)
[f689fc5a-db7b-4f9f-ad6c-287c310b4f10/build]   | [INFO] Downloading from central: https://repo.maven.apache.org/maven2/com/google/code/findbugs/jsr305/2.0.1/jsr305-2.0.1.pom
[f689fc5a-db7b-4f9f-ad6c-287c310b4f10/build]   | [INFO] Downloaded from central: https://repo.maven.apache.org/maven2/com/google/code/findbugs/jsr305/2.0.1/jsr305-2.0.1.pom (965 B at 46 kB/s)
[f689fc5a-db7b-4f9f-ad6c-287c310b4f10/build]   | [INFO] Downloading from central: https://repo.maven.apache.org/maven2/org/apache/maven/shared/maven-shared-incremental/1.1/maven-shared-incremental-1.1.pom
[f689fc5a-db7b-4f9f-ad6c-287c310b4f10/build]   | [INFO] Downloaded from central: https://repo.maven.apache.org/maven2/org/apache/maven/shared/maven-shared-incremental/1.1/maven-shared-incremental-1.1.pom (4.7 kB at 206 kB/s)
[f689fc5a-db7b-4f9f-ad6c-287c310b4f10/build]   | [INFO] Downloading from central: https://repo.maven.apache.org/maven2/org/apache/maven/shared/maven-shared-components/19/maven-shared-components-19.pom
[f689fc5a-db7b-4f9f-ad6c-287c310b4f10/build]   | [INFO] Downloaded from central: https://repo.maven.apache.org/maven2/org/apache/maven/shared/maven-shared-components/19/maven-shared-components-19.pom (6.4 kB at 578 kB/s)
[f689fc5a-db7b-4f9f-ad6c-287c310b4f10/build]   | [INFO] Downloading from central: https://repo.maven.apache.org/maven2/org/apache/maven/maven-plugin-api/2.2.1/maven-plugin-api-2.2.1.pom
[f689fc5a-db7b-4f9f-ad6c-287c310b4f10/build]   | [INFO] Downloaded from central: https://repo.maven.apache.org/maven2/org/apache/maven/maven-plugin-api/2.2.1/maven-plugin-api-2.2.1.pom (1.5 kB at 21 kB/s)
[f689fc5a-db7b-4f9f-ad6c-287c310b4f10/build]   | [INFO] Downloading from central: https://repo.maven.apache.org/maven2/org/apache/maven/maven/2.2.1/maven-2.2.1.pom
[f689fc5a-db7b-4f9f-ad6c-287c310b4f10/build]   | [INFO] Downloaded from central: https://repo.maven.apache.org/maven2/org/apache/maven/maven/2.2.1/maven-2.2.1.pom (22 kB at 457 kB/s)
[f689fc5a-db7b-4f9f-ad6c-287c310b4f10/build]   | [INFO] Downloading from central: https://repo.maven.apache.org/maven2/org/apache/maven/maven-parent/11/maven-parent-11.pom
[f689fc5a-db7b-4f9f-ad6c-287c310b4f10/build]   | [INFO] Downloaded from central: https://repo.maven.apache.org/maven2/org/apache/maven/maven-parent/11/maven-parent-11.pom (32 kB at 1.2 MB/s)
[f689fc5a-db7b-4f9f-ad6c-287c310b4f10/build]   | [INFO] Downloading from central: https://repo.maven.apache.org/maven2/org/apache/apache/5/apache-5.pom
[f689fc5a-db7b-4f9f-ad6c-287c310b4f10/build]   | [INFO] Downloaded from central: https://repo.maven.apache.org/maven2/org/apache/apache/5/apache-5.pom (4.1 kB at 158 kB/s)
[f689fc5a-db7b-4f9f-ad6c-287c310b4f10/build]   | [INFO] Downloading from central: https://repo.maven.apache.org/maven2/org/apache/maven/maven-core/2.2.1/maven-core-2.2.1.pom
[f689fc5a-db7b-4f9f-ad6c-287c310b4f10/build]   | [INFO] Downloaded from central: https://repo.maven.apache.org/maven2/org/apache/maven/maven-core/2.2.1/maven-core-2.2.1.pom (12 kB at 323 kB/s)
[f689fc5a-db7b-4f9f-ad6c-287c310b4f10/build]   | [INFO] Downloading from central: https://repo.maven.apache.org/maven2/org/apache/maven/maven-settings/2.2.1/maven-settings-2.2.1.pom
[f689fc5a-db7b-4f9f-ad6c-287c310b4f10/build]   | [INFO] Downloaded from central: https://repo.maven.apache.org/maven2/org/apache/maven/maven-settings/2.2.1/maven-settings-2.2.1.pom (2.2 kB at 70 kB/s)
[f689fc5a-db7b-4f9f-ad6c-287c310b4f10/build]   | [INFO] Downloading from central: https://repo.maven.apache.org/maven2/org/apache/maven/maven-model/2.2.1/maven-model-2.2.1.pom
[f689fc5a-db7b-4f9f-ad6c-287c310b4f10/build]   | [INFO] Downloaded from central: https://repo.maven.apache.org/maven2/org/apache/maven/maven-model/2.2.1/maven-model-2.2.1.pom (3.2 kB at 141 kB/s)
[f689fc5a-db7b-4f9f-ad6c-287c310b4f10/build]   | [INFO] Downloading from central: https://repo.maven.apache.org/maven2/org/codehaus/plexus/plexus-interpolation/1.11/plexus-interpolation-1.11.pom
[f689fc5a-db7b-4f9f-ad6c-287c310b4f10/build]   | [INFO] Downloaded from central: https://repo.maven.apache.org/maven2/org/codehaus/plexus/plexus-interpolation/1.11/plexus-interpolation-1.11.pom (889 B at 40 kB/s)
[f689fc5a-db7b-4f9f-ad6c-287c310b4f10/build]   | [INFO] Downloading from central: https://repo.maven.apache.org/maven2/org/apache/maven/maven-plugin-parameter-documenter/2.2.1/maven-plugin-parameter-documenter-2.2.1.pom
[f689fc5a-db7b-4f9f-ad6c-287c310b4f10/build]   | [INFO] Downloaded from central: https://repo.maven.apache.org/maven2/org/apache/maven/maven-plugin-parameter-documenter/2.2.1/maven-plugin-parameter-documenter-2.2.1.pom (2.0 kB at 98 kB/s)
[f689fc5a-db7b-4f9f-ad6c-287c310b4f10/build]   | [INFO] Downloading from central: https://repo.maven.apache.org/maven2/org/slf4j/slf4j-jdk14/1.5.6/slf4j-jdk14-1.5.6.pom
[f689fc5a-db7b-4f9f-ad6c-287c310b4f10/build]   | [INFO] Downloaded from central: https://repo.maven.apache.org/maven2/org/slf4j/slf4j-jdk14/1.5.6/slf4j-jdk14-1.5.6.pom (1.9 kB at 47 kB/s)
[f689fc5a-db7b-4f9f-ad6c-287c310b4f10/build]   | [INFO] Downloading from central: https://repo.maven.apache.org/maven2/org/slf4j/slf4j-parent/1.5.6/slf4j-parent-1.5.6.pom
[f689fc5a-db7b-4f9f-ad6c-287c310b4f10/build]   | [INFO] Downloaded from central: https://repo.maven.apache.org/maven2/org/slf4j/slf4j-parent/1.5.6/slf4j-parent-1.5.6.pom (7.9 kB at 305 kB/s)
[f689fc5a-db7b-4f9f-ad6c-287c310b4f10/build]   | [INFO] Downloading from central: https://repo.maven.apache.org/maven2/org/slf4j/slf4j-api/1.5.6/slf4j-api-1.5.6.pom
[f689fc5a-db7b-4f9f-ad6c-287c310b4f10/build]   | [INFO] Downloaded from central: https://repo.maven.apache.org/maven2/org/slf4j/slf4j-api/1.5.6/slf4j-api-1.5.6.pom (3.0 kB at 142 kB/s)
[f689fc5a-db7b-4f9f-ad6c-287c310b4f10/build]   | [INFO] Downloading from central: https://repo.maven.apache.org/maven2/org/slf4j/jcl-over-slf4j/1.5.6/jcl-over-slf4j-1.5.6.pom
[f689fc5a-db7b-4f9f-ad6c-287c310b4f10/build]   | [INFO] Downloaded from central: https://repo.maven.apache.org/maven2/org/slf4j/jcl-over-slf4j/1.5.6/jcl-over-slf4j-1.5.6.pom (2.2 kB at 114 kB/s)
[f689fc5a-db7b-4f9f-ad6c-287c310b4f10/build]   | [INFO] Downloading from central: https://repo.maven.apache.org/maven2/org/apache/maven/maven-profile/2.2.1/maven-profile-2.2.1.pom
[f689fc5a-db7b-4f9f-ad6c-287c310b4f10/build]   | [INFO] Downloaded from central: https://repo.maven.apache.org/maven2/org/apache/maven/maven-profile/2.2.1/maven-profile-2.2.1.pom (2.2 kB at 80 kB/s)
[f689fc5a-db7b-4f9f-ad6c-287c310b4f10/build]   | [INFO] Downloading from central: https://repo.maven.apache.org/maven2/org/apache/maven/maven-artifact/2.2.1/maven-artifact-2.2.1.pom
[f689fc5a-db7b-4f9f-ad6c-287c310b4f10/build]   | [INFO] Downloaded from central: https://repo.maven.apache.org/maven2/org/apache/maven/maven-artifact/2.2.1/maven-artifact-2.2.1.pom (1.6 kB at 61 kB/s)
[f689fc5a-db7b-4f9f-ad6c-287c310b4f10/build]   | [INFO] Downloading from central: https://repo.maven.apache.org/maven2/org/apache/maven/maven-repository-metadata/2.2.1/maven-repository-metadata-2.2.1.pom
[f689fc5a-db7b-4f9f-ad6c-287c310b4f10/build]   | [INFO] Downloaded from central: https://repo.maven.apache.org/maven2/org/apache/maven/maven-repository-metadata/2.2.1/maven-repository-metadata-2.2.1.pom (1.9 kB at 65 kB/s)
[f689fc5a-db7b-4f9f-ad6c-287c310b4f10/build]   | [INFO] Downloading from central: https://repo.maven.apache.org/maven2/org/apache/maven/maven-error-diagnostics/2.2.1/maven-error-diagnostics-2.2.1.pom
[f689fc5a-db7b-4f9f-ad6c-287c310b4f10/build]   | [INFO] Downloaded from central: https://repo.maven.apache.org/maven2/org/apache/maven/maven-error-diagnostics/2.2.1/maven-error-diagnostics-2.2.1.pom (1.7 kB at 78 kB/s)
[f689fc5a-db7b-4f9f-ad6c-287c310b4f10/build]   | [INFO] Downloading from central: https://repo.maven.apache.org/maven2/org/apache/maven/maven-project/2.2.1/maven-project-2.2.1.pom
[f689fc5a-db7b-4f9f-ad6c-287c310b4f10/build]   | [INFO] Downloaded from central: https://repo.maven.apache.org/maven2/org/apache/maven/maven-project/2.2.1/maven-project-2.2.1.pom (2.8 kB at 82 kB/s)
[f689fc5a-db7b-4f9f-ad6c-287c310b4f10/build]   | [INFO] Downloading from central: https://repo.maven.apache.org/maven2/org/apache/maven/maven-artifact-manager/2.2.1/maven-artifact-manager-2.2.1.pom
[f689fc5a-db7b-4f9f-ad6c-287c310b4f10/build]   | [INFO] Downloaded from central: https://repo.maven.apache.org/maven2/org/apache/maven/maven-artifact-manager/2.2.1/maven-artifact-manager-2.2.1.pom (3.1 kB at 141 kB/s)
[f689fc5a-db7b-4f9f-ad6c-287c310b4f10/build]   | [INFO] Downloading from central: https://repo.maven.apache.org/maven2/backport-util-concurrent/backport-util-concurrent/3.1/backport-util-concurrent-3.1.pom
[f689fc5a-db7b-4f9f-ad6c-287c310b4f10/build]   | [INFO] Downloaded from central: https://repo.maven.apache.org/maven2/backport-util-concurrent/backport-util-concurrent/3.1/backport-util-concurrent-3.1.pom (880 B at 49 kB/s)
[f689fc5a-db7b-4f9f-ad6c-287c310b4f10/build]   | [INFO] Downloading from central: https://repo.maven.apache.org/maven2/org/apache/maven/maven-plugin-registry/2.2.1/maven-plugin-registry-2.2.1.pom
[f689fc5a-db7b-4f9f-ad6c-287c310b4f10/build]   | [INFO] Downloaded from central: https://repo.maven.apache.org/maven2/org/apache/maven/maven-plugin-registry/2.2.1/maven-plugin-registry-2.2.1.pom (1.9 kB at 102 kB/s)
[f689fc5a-db7b-4f9f-ad6c-287c310b4f10/build]   | [INFO] Downloading from central: https://repo.maven.apache.org/maven2/org/apache/maven/maven-plugin-descriptor/2.2.1/maven-plugin-descriptor-2.2.1.pom
[f689fc5a-db7b-4f9f-ad6c-287c310b4f10/build]   | [INFO] Downloaded from central: https://repo.maven.apache.org/maven2/org/apache/maven/maven-plugin-descriptor/2.2.1/maven-plugin-descriptor-2.2.1.pom (2.1 kB at 74 kB/s)
[f689fc5a-db7b-4f9f-ad6c-287c310b4f10/build]   | [INFO] Downloading from central: https://repo.maven.apache.org/maven2/org/apache/maven/maven-monitor/2.2.1/maven-monitor-2.2.1.pom
[f689fc5a-db7b-4f9f-ad6c-287c310b4f10/build]   | [INFO] Downloaded from central: https://repo.maven.apache.org/maven2/org/apache/maven/maven-monitor/2.2.1/maven-monitor-2.2.1.pom (1.3 kB at 60 kB/s)
[f689fc5a-db7b-4f9f-ad6c-287c310b4f10/build]   | [INFO] Downloading from central: https://repo.maven.apache.org/maven2/org/sonatype/plexus/plexus-sec-dispatcher/1.3/plexus-sec-dispatcher-1.3.pom
[f689fc5a-db7b-4f9f-ad6c-287c310b4f10/build]   | [INFO] Downloaded from central: https://repo.maven.apache.org/maven2/org/sonatype/plexus/plexus-sec-dispatcher/1.3/plexus-sec-dispatcher-1.3.pom (3.0 kB at 129 kB/s)
[f689fc5a-db7b-4f9f-ad6c-287c310b4f10/build]   | [INFO] Downloading from central: https://repo.maven.apache.org/maven2/org/sonatype/spice/spice-parent/12/spice-parent-12.pom
[f689fc5a-db7b-4f9f-ad6c-287c310b4f10/build]   | [INFO] Downloaded from central: https://repo.maven.apache.org/maven2/org/sonatype/spice/spice-parent/12/spice-parent-12.pom (6.8 kB at 296 kB/s)
[f689fc5a-db7b-4f9f-ad6c-287c310b4f10/build]   | [INFO] Downloading from central: https://repo.maven.apache.org/maven2/org/sonatype/forge/forge-parent/4/forge-parent-4.pom
[f689fc5a-db7b-4f9f-ad6c-287c310b4f10/build]   | [INFO] Downloaded from central: https://repo.maven.apache.org/maven2/org/sonatype/forge/forge-parent/4/forge-parent-4.pom (8.4 kB at 336 kB/s)
[f689fc5a-db7b-4f9f-ad6c-287c310b4f10/build]   | [INFO] Downloading from central: https://repo.maven.apache.org/maven2/org/codehaus/plexus/plexus-utils/1.5.5/plexus-utils-1.5.5.pom
[f689fc5a-db7b-4f9f-ad6c-287c310b4f10/build]   | [INFO] Downloaded from central: https://repo.maven.apache.org/maven2/org/codehaus/plexus/plexus-utils/1.5.5/plexus-utils-1.5.5.pom (5.1 kB at 191 kB/s)
[f689fc5a-db7b-4f9f-ad6c-287c310b4f10/build]   | [INFO] Downloading from central: https://repo.maven.apache.org/maven2/org/sonatype/plexus/plexus-cipher/1.4/plexus-cipher-1.4.pom
[f689fc5a-db7b-4f9f-ad6c-287c310b4f10/build]   | [INFO] Downloaded from central: https://repo.maven.apache.org/maven2/org/sonatype/plexus/plexus-cipher/1.4/plexus-cipher-1.4.pom (2.1 kB at 74 kB/s)
[f689fc5a-db7b-4f9f-ad6c-287c310b4f10/build]   | [INFO] Downloading from central: https://repo.maven.apache.org/maven2/org/codehaus/plexus/plexus-component-annotations/1.5.5/plexus-component-annotations-1.5.5.pom
[f689fc5a-db7b-4f9f-ad6c-287c310b4f10/build]   | [INFO] Downloaded from central: https://repo.maven.apache.org/maven2/org/codehaus/plexus/plexus-component-annotations/1.5.5/plexus-component-annotations-1.5.5.pom (815 B at 48 kB/s)
[f689fc5a-db7b-4f9f-ad6c-287c310b4f10/build]   | [INFO] Downloading from central: https://repo.maven.apache.org/maven2/org/codehaus/plexus/plexus-containers/1.5.5/plexus-containers-1.5.5.pom
[f689fc5a-db7b-4f9f-ad6c-287c310b4f10/build]   | [INFO] Downloaded from central: https://repo.maven.apache.org/maven2/org/codehaus/plexus/plexus-containers/1.5.5/plexus-containers-1.5.5.pom (4.2 kB at 157 kB/s)
[f689fc5a-db7b-4f9f-ad6c-287c310b4f10/build]   | [INFO] Downloading from central: https://repo.maven.apache.org/maven2/org/codehaus/plexus/plexus/2.0.7/plexus-2.0.7.pom
[f689fc5a-db7b-4f9f-ad6c-287c310b4f10/build]   | [INFO] Downloaded from central: https://repo.maven.apache.org/maven2/org/codehaus/plexus/plexus/2.0.7/plexus-2.0.7.pom (17 kB at 665 kB/s)
[f689fc5a-db7b-4f9f-ad6c-287c310b4f10/build]   | [INFO] Downloading from central: https://repo.maven.apache.org/maven2/org/codehaus/plexus/plexus-compiler-api/2.2/plexus-compiler-api-2.2.pom
[f689fc5a-db7b-4f9f-ad6c-287c310b4f10/build]   | [INFO] Downloaded from central: https://repo.maven.apache.org/maven2/org/codehaus/plexus/plexus-compiler-api/2.2/plexus-compiler-api-2.2.pom (865 B at 24 kB/s)
[f689fc5a-db7b-4f9f-ad6c-287c310b4f10/build]   | [INFO] Downloading from central: https://repo.maven.apache.org/maven2/org/codehaus/plexus/plexus-compiler/2.2/plexus-compiler-2.2.pom
[f689fc5a-db7b-4f9f-ad6c-287c310b4f10/build]   | [INFO] Downloaded from central: https://repo.maven.apache.org/maven2/org/codehaus/plexus/plexus-compiler/2.2/plexus-compiler-2.2.pom (3.6 kB at 80 kB/s)
[f689fc5a-db7b-4f9f-ad6c-287c310b4f10/build]   | [INFO] Downloading from central: https://repo.maven.apache.org/maven2/org/codehaus/plexus/plexus-components/1.3.1/plexus-components-1.3.1.pom
[f689fc5a-db7b-4f9f-ad6c-287c310b4f10/build]   | [INFO] Downloaded from central: https://repo.maven.apache.org/maven2/org/codehaus/plexus/plexus-components/1.3.1/plexus-components-1.3.1.pom (3.1 kB at 153 kB/s)
[f689fc5a-db7b-4f9f-ad6c-287c310b4f10/build]   | [INFO] Downloading from central: https://repo.maven.apache.org/maven2/org/codehaus/plexus/plexus/3.3.1/plexus-3.3.1.pom
[f689fc5a-db7b-4f9f-ad6c-287c310b4f10/build]   | [INFO] Downloaded from central: https://repo.maven.apache.org/maven2/org/codehaus/plexus/plexus/3.3.1/plexus-3.3.1.pom (20 kB at 974 kB/s)
[f689fc5a-db7b-4f9f-ad6c-287c310b4f10/build]   | [INFO] Downloading from central: https://repo.maven.apache.org/maven2/org/sonatype/spice/spice-parent/17/spice-parent-17.pom
[f689fc5a-db7b-4f9f-ad6c-287c310b4f10/build]   | [INFO] Downloaded from central: https://repo.maven.apache.org/maven2/org/sonatype/spice/spice-parent/17/spice-parent-17.pom (6.8 kB at 199 kB/s)
[f689fc5a-db7b-4f9f-ad6c-287c310b4f10/build]   | [INFO] Downloading from central: https://repo.maven.apache.org/maven2/org/sonatype/forge/forge-parent/10/forge-parent-10.pom
[f689fc5a-db7b-4f9f-ad6c-287c310b4f10/build]   | [INFO] Downloaded from central: https://repo.maven.apache.org/maven2/org/sonatype/forge/forge-parent/10/forge-parent-10.pom (14 kB at 590 kB/s)
[f689fc5a-db7b-4f9f-ad6c-287c310b4f10/build]   | [INFO] Downloading from central: https://repo.maven.apache.org/maven2/org/codehaus/plexus/plexus-utils/3.0.8/plexus-utils-3.0.8.pom
[f689fc5a-db7b-4f9f-ad6c-287c310b4f10/build]   | [INFO] Downloaded from central: https://repo.maven.apache.org/maven2/org/codehaus/plexus/plexus-utils/3.0.8/plexus-utils-3.0.8.pom (3.1 kB at 185 kB/s)
[f689fc5a-db7b-4f9f-ad6c-287c310b4f10/build]   | [INFO] Downloading from central: https://repo.maven.apache.org/maven2/org/codehaus/plexus/plexus/3.2/plexus-3.2.pom
[f689fc5a-db7b-4f9f-ad6c-287c310b4f10/build]   | [INFO] Downloaded from central: https://repo.maven.apache.org/maven2/org/codehaus/plexus/plexus/3.2/plexus-3.2.pom (19 kB at 1.2 MB/s)
[f689fc5a-db7b-4f9f-ad6c-287c310b4f10/build]   | [INFO] Downloading from central: https://repo.maven.apache.org/maven2/org/codehaus/plexus/plexus-compiler-manager/2.2/plexus-compiler-manager-2.2.pom
[f689fc5a-db7b-4f9f-ad6c-287c310b4f10/build]   | [INFO] Downloaded from central: https://repo.maven.apache.org/maven2/org/codehaus/plexus/plexus-compiler-manager/2.2/plexus-compiler-manager-2.2.pom (690 B at 33 kB/s)
[f689fc5a-db7b-4f9f-ad6c-287c310b4f10/build]   | [INFO] Downloading from central: https://repo.maven.apache.org/maven2/org/codehaus/plexus/plexus-compiler-javac/2.2/plexus-compiler-javac-2.2.pom
[f689fc5a-db7b-4f9f-ad6c-287c310b4f10/build]   | [INFO] Downloaded from central: https://repo.maven.apache.org/maven2/org/codehaus/plexus/plexus-compiler-javac/2.2/plexus-compiler-javac-2.2.pom (769 B at 64 kB/s)
[f689fc5a-db7b-4f9f-ad6c-287c310b4f10/build]   | [INFO] Downloading from central: https://repo.maven.apache.org/maven2/org/codehaus/plexus/plexus-compilers/2.2/plexus-compilers-2.2.pom
[f689fc5a-db7b-4f9f-ad6c-287c310b4f10/build]   | [INFO] Downloaded from central: https://repo.maven.apache.org/maven2/org/codehaus/plexus/plexus-compilers/2.2/plexus-compilers-2.2.pom (1.2 kB at 83 kB/s)
[f689fc5a-db7b-4f9f-ad6c-287c310b4f10/build]   | [INFO] Downloading from central: https://repo.maven.apache.org/maven2/org/codehaus/plexus/plexus-container-default/1.5.5/plexus-container-default-1.5.5.pom
[f689fc5a-db7b-4f9f-ad6c-287c310b4f10/build]   | [INFO] Downloaded from central: https://repo.maven.apache.org/maven2/org/codehaus/plexus/plexus-container-default/1.5.5/plexus-container-default-1.5.5.pom (2.8 kB at 306 kB/s)
[f689fc5a-db7b-4f9f-ad6c-287c310b4f10/build]   | [INFO] Downloading from central: https://repo.maven.apache.org/maven2/org/codehaus/plexus/plexus-utils/1.4.5/plexus-utils-1.4.5.pom
[f689fc5a-db7b-4f9f-ad6c-287c310b4f10/build]   | [INFO] Downloaded from central: https://repo.maven.apache.org/maven2/org/codehaus/plexus/plexus-utils/1.4.5/plexus-utils-1.4.5.pom (2.3 kB at 324 kB/s)
[f689fc5a-db7b-4f9f-ad6c-287c310b4f10/build]   | [INFO] Downloading from central: https://repo.maven.apache.org/maven2/org/codehaus/plexus/plexus-classworlds/2.2.2/plexus-classworlds-2.2.2.pom
[f689fc5a-db7b-4f9f-ad6c-287c310b4f10/build]   | [INFO] Downloaded from central: https://repo.maven.apache.org/maven2/org/codehaus/plexus/plexus-classworlds/2.2.2/plexus-classworlds-2.2.2.pom (4.0 kB at 237 kB/s)
[f689fc5a-db7b-4f9f-ad6c-287c310b4f10/build]   | [INFO] Downloading from central: https://repo.maven.apache.org/maven2/org/apache/xbean/xbean-reflect/3.4/xbean-reflect-3.4.pom
[f689fc5a-db7b-4f9f-ad6c-287c310b4f10/build]   | [INFO] Downloaded from central: https://repo.maven.apache.org/maven2/org/apache/xbean/xbean-reflect/3.4/xbean-reflect-3.4.pom (2.8 kB at 281 kB/s)
[f689fc5a-db7b-4f9f-ad6c-287c310b4f10/build]   | [INFO] Downloading from central: https://repo.maven.apache.org/maven2/org/apache/xbean/xbean/3.4/xbean-3.4.pom
[f689fc5a-db7b-4f9f-ad6c-287c310b4f10/build]   | [INFO] Downloaded from central: https://repo.maven.apache.org/maven2/org/apache/xbean/xbean/3.4/xbean-3.4.pom (19 kB at 2.1 MB/s)
[f689fc5a-db7b-4f9f-ad6c-287c310b4f10/build]   | [INFO] Downloading from central: https://repo.maven.apache.org/maven2/log4j/log4j/1.2.12/log4j-1.2.12.pom
[f689fc5a-db7b-4f9f-ad6c-287c310b4f10/build]   | [INFO] Downloaded from central: https://repo.maven.apache.org/maven2/log4j/log4j/1.2.12/log4j-1.2.12.pom (145 B at 8.1 kB/s)
[f689fc5a-db7b-4f9f-ad6c-287c310b4f10/build]   | [INFO] Downloading from central: https://repo.maven.apache.org/maven2/commons-logging/commons-logging-api/1.1/commons-logging-api-1.1.pom
[f689fc5a-db7b-4f9f-ad6c-287c310b4f10/build]   | [INFO] Downloaded from central: https://repo.maven.apache.org/maven2/commons-logging/commons-logging-api/1.1/commons-logging-api-1.1.pom (5.3 kB at 206 kB/s)
[f689fc5a-db7b-4f9f-ad6c-287c310b4f10/build]   | [INFO] Downloading from central: https://repo.maven.apache.org/maven2/com/google/collections/google-collections/1.0/google-collections-1.0.pom
[f689fc5a-db7b-4f9f-ad6c-287c310b4f10/build]   | [INFO] Downloaded from central: https://repo.maven.apache.org/maven2/com/google/collections/google-collections/1.0/google-collections-1.0.pom (2.5 kB at 225 kB/s)
[f689fc5a-db7b-4f9f-ad6c-287c310b4f10/build]   | [INFO] Downloading from central: https://repo.maven.apache.org/maven2/com/google/google/1/google-1.pom
[f689fc5a-db7b-4f9f-ad6c-287c310b4f10/build]   | [INFO] Downloaded from central: https://repo.maven.apache.org/maven2/com/google/google/1/google-1.pom (1.6 kB at 111 kB/s)
[f689fc5a-db7b-4f9f-ad6c-287c310b4f10/build]   | [INFO] Downloading from central: https://repo.maven.apache.org/maven2/junit/junit/3.8.2/junit-3.8.2.pom
[f689fc5a-db7b-4f9f-ad6c-287c310b4f10/build]   | [INFO] Downloaded from central: https://repo.maven.apache.org/maven2/junit/junit/3.8.2/junit-3.8.2.pom (747 B at 50 kB/s)
[f689fc5a-db7b-4f9f-ad6c-287c310b4f10/build]   | [INFO] Downloading from central: https://repo.maven.apache.org/maven2/org/apache/maven/maven-plugin-api/2.0.9/maven-plugin-api-2.0.9.jar
[f689fc5a-db7b-4f9f-ad6c-287c310b4f10/build]   | [INFO] Downloading from central: https://repo.maven.apache.org/maven2/org/apache/maven/maven-artifact/2.0.9/maven-artifact-2.0.9.jar
[f689fc5a-db7b-4f9f-ad6c-287c310b4f10/build]   | [INFO] Downloading from central: https://repo.maven.apache.org/maven2/org/codehaus/plexus/plexus-utils/1.5.1/plexus-utils-1.5.1.jar
[f689fc5a-db7b-4f9f-ad6c-287c310b4f10/build]   | [INFO] Downloading from central: https://repo.maven.apache.org/maven2/org/apache/maven/maven-core/2.0.9/maven-core-2.0.9.jar
[f689fc5a-db7b-4f9f-ad6c-287c310b4f10/build]   | [INFO] Downloading from central: https://repo.maven.apache.org/maven2/org/apache/maven/maven-settings/2.0.9/maven-settings-2.0.9.jar
[f689fc5a-db7b-4f9f-ad6c-287c310b4f10/build]   | [INFO] Downloaded from central: https://repo.maven.apache.org/maven2/org/apache/maven/maven-plugin-api/2.0.9/maven-plugin-api-2.0.9.jar (13 kB at 215 kB/s)
[f689fc5a-db7b-4f9f-ad6c-287c310b4f10/build]   | [INFO] Downloading from central: https://repo.maven.apache.org/maven2/org/apache/maven/maven-plugin-parameter-documenter/2.0.9/maven-plugin-parameter-documenter-2.0.9.jar
[f689fc5a-db7b-4f9f-ad6c-287c310b4f10/build]   | [INFO] Downloaded from central: https://repo.maven.apache.org/maven2/org/apache/maven/maven-plugin-parameter-documenter/2.0.9/maven-plugin-parameter-documenter-2.0.9.jar (21 kB at 409 kB/s)
[f689fc5a-db7b-4f9f-ad6c-287c310b4f10/build]   | [INFO] Downloading from central: https://repo.maven.apache.org/maven2/org/apache/maven/maven-profile/2.0.9/maven-profile-2.0.9.jar
[f689fc5a-db7b-4f9f-ad6c-287c310b4f10/build]   | [INFO] Downloaded from central: https://repo.maven.apache.org/maven2/org/apache/maven/maven-settings/2.0.9/maven-settings-2.0.9.jar (49 kB at 673 kB/s)
[f689fc5a-db7b-4f9f-ad6c-287c310b4f10/build]   | [INFO] Downloading from central: https://repo.maven.apache.org/maven2/org/apache/maven/maven-model/2.0.9/maven-model-2.0.9.jar
[f689fc5a-db7b-4f9f-ad6c-287c310b4f10/build]   | [INFO] Downloaded from central: https://repo.maven.apache.org/maven2/org/apache/maven/maven-core/2.0.9/maven-core-2.0.9.jar (160 kB at 1.9 MB/s)
[f689fc5a-db7b-4f9f-ad6c-287c310b4f10/build]   | [INFO] Downloading from central: https://repo.maven.apache.org/maven2/org/apache/maven/maven-repository-metadata/2.0.9/maven-repository-metadata-2.0.9.jar
[f689fc5a-db7b-4f9f-ad6c-287c310b4f10/build]   | [INFO] Downloaded from central: https://repo.maven.apache.org/maven2/org/apache/maven/maven-artifact/2.0.9/maven-artifact-2.0.9.jar (89 kB at 831 kB/s)
[f689fc5a-db7b-4f9f-ad6c-287c310b4f10/build]   | [INFO] Downloading from central: https://repo.maven.apache.org/maven2/org/apache/maven/maven-error-diagnostics/2.0.9/maven-error-diagnostics-2.0.9.jar
[f689fc5a-db7b-4f9f-ad6c-287c310b4f10/build]   | [INFO] Downloaded from central: https://repo.maven.apache.org/maven2/org/apache/maven/maven-profile/2.0.9/maven-profile-2.0.9.jar (35 kB at 512 kB/s)
[f689fc5a-db7b-4f9f-ad6c-287c310b4f10/build]   | [INFO] Downloading from central: https://repo.maven.apache.org/maven2/org/apache/maven/maven-project/2.0.9/maven-project-2.0.9.jar
[f689fc5a-db7b-4f9f-ad6c-287c310b4f10/build]   | [INFO] Downloaded from central: https://repo.maven.apache.org/maven2/org/codehaus/plexus/plexus-utils/1.5.1/plexus-utils-1.5.1.jar (211 kB at 1.9 MB/s)
[f689fc5a-db7b-4f9f-ad6c-287c310b4f10/build]   | [INFO] Downloading from central: https://repo.maven.apache.org/maven2/org/apache/maven/maven-plugin-registry/2.0.9/maven-plugin-registry-2.0.9.jar
[f689fc5a-db7b-4f9f-ad6c-287c310b4f10/build]   | [INFO] Downloaded from central: https://repo.maven.apache.org/maven2/org/apache/maven/maven-error-diagnostics/2.0.9/maven-error-diagnostics-2.0.9.jar (14 kB at 191 kB/s)
[f689fc5a-db7b-4f9f-ad6c-287c310b4f10/build]   | [INFO] Downloading from central: https://repo.maven.apache.org/maven2/org/apache/maven/maven-plugin-descriptor/2.0.9/maven-plugin-descriptor-2.0.9.jar
[f689fc5a-db7b-4f9f-ad6c-287c310b4f10/build]   | [INFO] Downloaded from central: https://repo.maven.apache.org/maven2/org/apache/maven/maven-repository-metadata/2.0.9/maven-repository-metadata-2.0.9.jar (25 kB at 315 kB/s)
[f689fc5a-db7b-4f9f-ad6c-287c310b4f10/build]   | [INFO] Downloading from central: https://repo.maven.apache.org/maven2/org/apache/maven/maven-artifact-manager/2.0.9/maven-artifact-manager-2.0.9.jar
[f689fc5a-db7b-4f9f-ad6c-287c310b4f10/build]   | [INFO] Downloaded from central: https://repo.maven.apache.org/maven2/org/apache/maven/maven-plugin-registry/2.0.9/maven-plugin-registry-2.0.9.jar (29 kB at 363 kB/s)
[f689fc5a-db7b-4f9f-ad6c-287c310b4f10/build]   | [INFO] Downloading from central: https://repo.maven.apache.org/maven2/org/apache/maven/maven-monitor/2.0.9/maven-monitor-2.0.9.jar
[f689fc5a-db7b-4f9f-ad6c-287c310b4f10/build]   | [INFO] Downloaded from central: https://repo.maven.apache.org/maven2/org/apache/maven/maven-model/2.0.9/maven-model-2.0.9.jar (87 kB at 970 kB/s)
[f689fc5a-db7b-4f9f-ad6c-287c310b4f10/build]   | [INFO] Downloading from central: https://repo.maven.apache.org/maven2/org/apache/maven/maven-toolchain/1.0/maven-toolchain-1.0.jar
[f689fc5a-db7b-4f9f-ad6c-287c310b4f10/build]   | [INFO] Downloaded from central: https://repo.maven.apache.org/maven2/org/apache/maven/maven-toolchain/1.0/maven-toolchain-1.0.jar (33 kB at 299 kB/s)
[f689fc5a-db7b-4f9f-ad6c-287c310b4f10/build]   | [INFO] Downloading from central: https://repo.maven.apache.org/maven2/org/apache/maven/shared/maven-shared-utils/0.1/maven-shared-utils-0.1.jar
[f689fc5a-db7b-4f9f-ad6c-287c310b4f10/build]   | [INFO] Downloaded from central: https://repo.maven.apache.org/maven2/org/apache/maven/maven-plugin-descriptor/2.0.9/maven-plugin-descriptor-2.0.9.jar (37 kB at 334 kB/s)
[f689fc5a-db7b-4f9f-ad6c-287c310b4f10/build]   | [INFO] Downloading from central: https://repo.maven.apache.org/maven2/com/google/code/findbugs/jsr305/2.0.1/jsr305-2.0.1.jar
[f689fc5a-db7b-4f9f-ad6c-287c310b4f10/build]   | [INFO] Downloaded from central: https://repo.maven.apache.org/maven2/org/apache/maven/maven-project/2.0.9/maven-project-2.0.9.jar (122 kB at 1.1 MB/s)
[f689fc5a-db7b-4f9f-ad6c-287c310b4f10/build]   | [INFO] Downloading from central: https://repo.maven.apache.org/maven2/org/apache/maven/shared/maven-shared-incremental/1.1/maven-shared-incremental-1.1.jar
[f689fc5a-db7b-4f9f-ad6c-287c310b4f10/build]   | [INFO] Downloaded from central: https://repo.maven.apache.org/maven2/org/apache/maven/maven-monitor/2.0.9/maven-monitor-2.0.9.jar (10 kB at 92 kB/s)
[f689fc5a-db7b-4f9f-ad6c-287c310b4f10/build]   | [INFO] Downloading from central: https://repo.maven.apache.org/maven2/org/codehaus/plexus/plexus-component-annotations/1.5.5/plexus-component-annotations-1.5.5.jar
[f689fc5a-db7b-4f9f-ad6c-287c310b4f10/build]   | [INFO] Downloaded from central: https://repo.maven.apache.org/maven2/org/apache/maven/shared/maven-shared-incremental/1.1/maven-shared-incremental-1.1.jar (14 kB at 106 kB/s)
[f689fc5a-db7b-4f9f-ad6c-287c310b4f10/build]   | [INFO] Downloading from central: https://repo.maven.apache.org/maven2/org/codehaus/plexus/plexus-compiler-api/2.2/plexus-compiler-api-2.2.jar
[f689fc5a-db7b-4f9f-ad6c-287c310b4f10/build]   | [INFO] Downloaded from central: https://repo.maven.apache.org/maven2/org/apache/maven/maven-artifact-manager/2.0.9/maven-artifact-manager-2.0.9.jar (58 kB at 410 kB/s)
[f689fc5a-db7b-4f9f-ad6c-287c310b4f10/build]   | [INFO] Downloading from central: https://repo.maven.apache.org/maven2/org/codehaus/plexus/plexus-compiler-manager/2.2/plexus-compiler-manager-2.2.jar
[f689fc5a-db7b-4f9f-ad6c-287c310b4f10/build]   | [INFO] Downloaded from central: https://repo.maven.apache.org/maven2/com/google/code/findbugs/jsr305/2.0.1/jsr305-2.0.1.jar (32 kB at 263 kB/s)
[f689fc5a-db7b-4f9f-ad6c-287c310b4f10/build]   | [INFO] Downloading from central: https://repo.maven.apache.org/maven2/org/codehaus/plexus/plexus-compiler-javac/2.2/plexus-compiler-javac-2.2.jar
[f689fc5a-db7b-4f9f-ad6c-287c310b4f10/build]   | [INFO] Downloaded from central: https://repo.maven.apache.org/maven2/org/codehaus/plexus/plexus-compiler-api/2.2/plexus-compiler-api-2.2.jar (25 kB at 169 kB/s)
[f689fc5a-db7b-4f9f-ad6c-287c310b4f10/build]   | [INFO] Downloading from central: https://repo.maven.apache.org/maven2/org/codehaus/plexus/plexus-container-default/1.5.5/plexus-container-default-1.5.5.jar
[f689fc5a-db7b-4f9f-ad6c-287c310b4f10/build]   | [INFO] Downloaded from central: https://repo.maven.apache.org/maven2/org/codehaus/plexus/plexus-compiler-manager/2.2/plexus-compiler-manager-2.2.jar (4.6 kB at 30 kB/s)
[f689fc5a-db7b-4f9f-ad6c-287c310b4f10/build]   | [INFO] Downloading from central: https://repo.maven.apache.org/maven2/org/codehaus/plexus/plexus-classworlds/2.2.2/plexus-classworlds-2.2.2.jar
[f689fc5a-db7b-4f9f-ad6c-287c310b4f10/build]   | [INFO] Downloaded from central: https://repo.maven.apache.org/maven2/org/apache/maven/shared/maven-shared-utils/0.1/maven-shared-utils-0.1.jar (155 kB at 1.0 MB/s)
[f689fc5a-db7b-4f9f-ad6c-287c310b4f10/build]   | [INFO] Downloading from central: https://repo.maven.apache.org/maven2/org/apache/xbean/xbean-reflect/3.4/xbean-reflect-3.4.jar
[f689fc5a-db7b-4f9f-ad6c-287c310b4f10/build]   | [INFO] Downloaded from central: https://repo.maven.apache.org/maven2/org/codehaus/plexus/plexus-classworlds/2.2.2/plexus-classworlds-2.2.2.jar (46 kB at 288 kB/s)
[f689fc5a-db7b-4f9f-ad6c-287c310b4f10/build]   | [INFO] Downloading from central: https://repo.maven.apache.org/maven2/log4j/log4j/1.2.12/log4j-1.2.12.jar
[f689fc5a-db7b-4f9f-ad6c-287c310b4f10/build]   | [INFO] Downloaded from central: https://repo.maven.apache.org/maven2/org/codehaus/plexus/plexus-component-annotations/1.5.5/plexus-component-annotations-1.5.5.jar (4.2 kB at 25 kB/s)
[f689fc5a-db7b-4f9f-ad6c-287c310b4f10/build]   | [INFO] Downloaded from central: https://repo.maven.apache.org/maven2/org/apache/xbean/xbean-reflect/3.4/xbean-reflect-3.4.jar (134 kB at 797 kB/s)
[f689fc5a-db7b-4f9f-ad6c-287c310b4f10/build]   | [INFO] Downloaded from central: https://repo.maven.apache.org/maven2/org/codehaus/plexus/plexus-compiler-javac/2.2/plexus-compiler-javac-2.2.jar (19 kB at 113 kB/s)
[f689fc5a-db7b-4f9f-ad6c-287c310b4f10/build]   | [INFO] Downloading from central: https://repo.maven.apache.org/maven2/junit/junit/3.8.2/junit-3.8.2.jar
[f689fc5a-db7b-4f9f-ad6c-287c310b4f10/build]   | [INFO] Downloaded from central: https://repo.maven.apache.org/maven2/org/codehaus/plexus/plexus-container-default/1.5.5/plexus-container-default-1.5.5.jar (217 kB at 1.2 MB/s)
[f689fc5a-db7b-4f9f-ad6c-287c310b4f10/build]   | [INFO] Downloading from central: https://repo.maven.apache.org/maven2/com/google/collections/google-collections/1.0/google-collections-1.0.jar
[f689fc5a-db7b-4f9f-ad6c-287c310b4f10/build]   | [INFO] Downloading from central: https://repo.maven.apache.org/maven2/commons-logging/commons-logging-api/1.1/commons-logging-api-1.1.jar
[f689fc5a-db7b-4f9f-ad6c-287c310b4f10/build]   | [INFO] Downloaded from central: https://repo.maven.apache.org/maven2/log4j/log4j/1.2.12/log4j-1.2.12.jar (358 kB at 1.9 MB/s)
[f689fc5a-db7b-4f9f-ad6c-287c310b4f10/build]   | [INFO] Downloaded from central: https://repo.maven.apache.org/maven2/junit/junit/3.8.2/junit-3.8.2.jar (121 kB at 628 kB/s)
[f689fc5a-db7b-4f9f-ad6c-287c310b4f10/build]   | [INFO] Downloaded from central: https://repo.maven.apache.org/maven2/commons-logging/commons-logging-api/1.1/commons-logging-api-1.1.jar (45 kB at 225 kB/s)
[f689fc5a-db7b-4f9f-ad6c-287c310b4f10/build]   | [INFO] Downloaded from central: https://repo.maven.apache.org/maven2/com/google/collections/google-collections/1.0/google-collections-1.0.jar (640 kB at 3.1 MB/s)
[f689fc5a-db7b-4f9f-ad6c-287c310b4f10/build]   | [INFO] Changes detected - recompiling the module!
[f689fc5a-db7b-4f9f-ad6c-287c310b4f10/build]   | [INFO] Compiling 79 source files to /tmp/0a72ed6f-db53-4878-ba22-51eb0e28a4f7/target/classes
[f689fc5a-db7b-4f9f-ad6c-287c310b4f10/build]   | [INFO] 
[f689fc5a-db7b-4f9f-ad6c-287c310b4f10/build]   | [INFO] --- maven-resources-plugin:2.6:testResources (default-testResources) @ jwarc ---
[f689fc5a-db7b-4f9f-ad6c-287c310b4f10/build]   | [INFO] Using 'UTF-8' encoding to copy filtered resources.
[f689fc5a-db7b-4f9f-ad6c-287c310b4f10/build]   | [INFO] Copying 2 resources
[f689fc5a-db7b-4f9f-ad6c-287c310b4f10/build]   | [INFO] 
[f689fc5a-db7b-4f9f-ad6c-287c310b4f10/build]   | [INFO] --- maven-compiler-plugin:3.1:testCompile (default-testCompile) @ jwarc ---
[f689fc5a-db7b-4f9f-ad6c-287c310b4f10/build]   | [INFO] Changes detected - recompiling the module!
[f689fc5a-db7b-4f9f-ad6c-287c310b4f10/build]   | [INFO] Compiling 31 source files to /tmp/0a72ed6f-db53-4878-ba22-51eb0e28a4f7/target/test-classes
[f689fc5a-db7b-4f9f-ad6c-287c310b4f10/build]   | [INFO] 
[f689fc5a-db7b-4f9f-ad6c-287c310b4f10/build]   | [INFO] --- maven-surefire-plugin:2.12.4:test (default-test) @ jwarc ---
[f689fc5a-db7b-4f9f-ad6c-287c310b4f10/build]   | [INFO] Downloading from central: https://repo.maven.apache.org/maven2/org/apache/maven/surefire/surefire-booter/2.12.4/surefire-booter-2.12.4.pom
[f689fc5a-db7b-4f9f-ad6c-287c310b4f10/build]   | [INFO] Downloaded from central: https://repo.maven.apache.org/maven2/org/apache/maven/surefire/surefire-booter/2.12.4/surefire-booter-2.12.4.pom (3.0 kB at 74 kB/s)
[f689fc5a-db7b-4f9f-ad6c-287c310b4f10/build]   | [INFO] Downloading from central: https://repo.maven.apache.org/maven2/org/apache/maven/surefire/surefire-api/2.12.4/surefire-api-2.12.4.pom
[f689fc5a-db7b-4f9f-ad6c-287c310b4f10/build]   | [INFO] Downloaded from central: https://repo.maven.apache.org/maven2/org/apache/maven/surefire/surefire-api/2.12.4/surefire-api-2.12.4.pom (2.5 kB at 53 kB/s)
[f689fc5a-db7b-4f9f-ad6c-287c310b4f10/build]   | [INFO] Downloading from central: https://repo.maven.apache.org/maven2/org/apache/maven/surefire/maven-surefire-common/2.12.4/maven-surefire-common-2.12.4.pom
[f689fc5a-db7b-4f9f-ad6c-287c310b4f10/build]   | [INFO] Downloaded from central: https://repo.maven.apache.org/maven2/org/apache/maven/surefire/maven-surefire-common/2.12.4/maven-surefire-common-2.12.4.pom (5.5 kB at 240 kB/s)
[f689fc5a-db7b-4f9f-ad6c-287c310b4f10/build]   | [INFO] Downloading from central: https://repo.maven.apache.org/maven2/org/apache/maven/plugin-tools/maven-plugin-annotations/3.1/maven-plugin-annotations-3.1.pom
[f689fc5a-db7b-4f9f-ad6c-287c310b4f10/build]   | [INFO] Downloaded from central: https://repo.maven.apache.org/maven2/org/apache/maven/plugin-tools/maven-plugin-annotations/3.1/maven-plugin-annotations-3.1.pom (1.6 kB at 62 kB/s)
[f689fc5a-db7b-4f9f-ad6c-287c310b4f10/build]   | [INFO] Downloading from central: https://repo.maven.apache.org/maven2/org/apache/maven/plugin-tools/maven-plugin-tools/3.1/maven-plugin-tools-3.1.pom
[f689fc5a-db7b-4f9f-ad6c-287c310b4f10/build]   | [INFO] Downloaded from central: https://repo.maven.apache.org/maven2/org/apache/maven/plugin-tools/maven-plugin-tools/3.1/maven-plugin-tools-3.1.pom (16 kB at 852 kB/s)
[f689fc5a-db7b-4f9f-ad6c-287c310b4f10/build]   | [INFO] Downloading from central: https://repo.maven.apache.org/maven2/org/apache/maven/reporting/maven-reporting-api/2.0.9/maven-reporting-api-2.0.9.pom
[f689fc5a-db7b-4f9f-ad6c-287c310b4f10/build]   | [INFO] Downloaded from central: https://repo.maven.apache.org/maven2/org/apache/maven/reporting/maven-reporting-api/2.0.9/maven-reporting-api-2.0.9.pom (1.8 kB at 150 kB/s)
[f689fc5a-db7b-4f9f-ad6c-287c310b4f10/build]   | [INFO] Downloading from central: https://repo.maven.apache.org/maven2/org/apache/maven/reporting/maven-reporting/2.0.9/maven-reporting-2.0.9.pom
[f689fc5a-db7b-4f9f-ad6c-287c310b4f10/build]   | [INFO] Downloaded from central: https://repo.maven.apache.org/maven2/org/apache/maven/reporting/maven-reporting/2.0.9/maven-reporting-2.0.9.pom (1.5 kB at 98 kB/s)
[f689fc5a-db7b-4f9f-ad6c-287c310b4f10/build]   | [INFO] Downloading from central: https://repo.maven.apache.org/maven2/org/apache/maven/maven-toolchain/2.0.9/maven-toolchain-2.0.9.pom
[f689fc5a-db7b-4f9f-ad6c-287c310b4f10/build]   | [INFO] Downloaded from central: https://repo.maven.apache.org/maven2/org/apache/maven/maven-toolchain/2.0.9/maven-toolchain-2.0.9.pom (3.5 kB at 94 kB/s)
[f689fc5a-db7b-4f9f-ad6c-287c310b4f10/build]   | [INFO] Downloading from central: https://repo.maven.apache.org/maven2/org/apache/commons/commons-lang3/3.1/commons-lang3-3.1.pom
[f689fc5a-db7b-4f9f-ad6c-287c310b4f10/build]   | [INFO] Downloaded from central: https://repo.maven.apache.org/maven2/org/apache/commons/commons-lang3/3.1/commons-lang3-3.1.pom (17 kB at 265 kB/s)
[f689fc5a-db7b-4f9f-ad6c-287c310b4f10/build]   | [INFO] Downloading from central: https://repo.maven.apache.org/maven2/org/apache/commons/commons-parent/22/commons-parent-22.pom
[f689fc5a-db7b-4f9f-ad6c-287c310b4f10/build]   | [INFO] Downloaded from central: https://repo.maven.apache.org/maven2/org/apache/commons/commons-parent/22/commons-parent-22.pom (42 kB at 3.0 MB/s)
[f689fc5a-db7b-4f9f-ad6c-287c310b4f10/build]   | [INFO] Downloading from central: https://repo.maven.apache.org/maven2/org/apache/apache/9/apache-9.pom
[f689fc5a-db7b-4f9f-ad6c-287c310b4f10/build]   | [INFO] Downloaded from central: https://repo.maven.apache.org/maven2/org/apache/apache/9/apache-9.pom (15 kB at 798 kB/s)
[f689fc5a-db7b-4f9f-ad6c-287c310b4f10/build]   | [INFO] Downloading from central: https://repo.maven.apache.org/maven2/org/apache/maven/shared/maven-common-artifact-filters/1.3/maven-common-artifact-filters-1.3.pom
[f689fc5a-db7b-4f9f-ad6c-287c310b4f10/build]   | [INFO] Downloaded from central: https://repo.maven.apache.org/maven2/org/apache/maven/shared/maven-common-artifact-filters/1.3/maven-common-artifact-filters-1.3.pom (3.7 kB at 176 kB/s)
[f689fc5a-db7b-4f9f-ad6c-287c310b4f10/build]   | [INFO] Downloading from central: https://repo.maven.apache.org/maven2/org/apache/maven/shared/maven-shared-components/12/maven-shared-components-12.pom
[f689fc5a-db7b-4f9f-ad6c-287c310b4f10/build]   | [INFO] Downloaded from central: https://repo.maven.apache.org/maven2/org/apache/maven/shared/maven-shared-components/12/maven-shared-components-12.pom (9.3 kB at 183 kB/s)
[f689fc5a-db7b-4f9f-ad6c-287c310b4f10/build]   | [INFO] Downloading from central: https://repo.maven.apache.org/maven2/org/apache/maven/maven-parent/13/maven-parent-13.pom
[f689fc5a-db7b-4f9f-ad6c-287c310b4f10/build]   | [INFO] Downloaded from central: https://repo.maven.apache.org/maven2/org/apache/maven/maven-parent/13/maven-parent-13.pom (23 kB at 871 kB/s)
[f689fc5a-db7b-4f9f-ad6c-287c310b4f10/build]   | [INFO] Downloading from central: https://repo.maven.apache.org/maven2/org/apache/apache/6/apache-6.pom
[f689fc5a-db7b-4f9f-ad6c-287c310b4f10/build]   | [INFO] Downloaded from central: https://repo.maven.apache.org/maven2/org/apache/apache/6/apache-6.pom (13 kB at 609 kB/s)
[f689fc5a-db7b-4f9f-ad6c-287c310b4f10/build]   | [INFO] Downloading from central: https://repo.maven.apache.org/maven2/org/codehaus/plexus/plexus-container-default/1.0-alpha-9/plexus-container-default-1.0-alpha-9.pom
[f689fc5a-db7b-4f9f-ad6c-287c310b4f10/build]   | [INFO] Downloaded from central: https://repo.maven.apache.org/maven2/org/codehaus/plexus/plexus-container-default/1.0-alpha-9/plexus-container-default-1.0-alpha-9.pom (1.2 kB at 62 kB/s)
[f689fc5a-db7b-4f9f-ad6c-287c310b4f10/build]   | [INFO] Downloading from central: https://repo.maven.apache.org/maven2/org/apache/maven/surefire/surefire-booter/2.12.4/surefire-booter-2.12.4.jar
[f689fc5a-db7b-4f9f-ad6c-287c310b4f10/build]   | [INFO] Downloading from central: https://repo.maven.apache.org/maven2/org/apache/maven/surefire/surefire-api/2.12.4/surefire-api-2.12.4.jar
[f689fc5a-db7b-4f9f-ad6c-287c310b4f10/build]   | [INFO] Downloading from central: https://repo.maven.apache.org/maven2/org/apache/maven/surefire/maven-surefire-common/2.12.4/maven-surefire-common-2.12.4.jar
[f689fc5a-db7b-4f9f-ad6c-287c310b4f10/build]   | [INFO] Downloading from central: https://repo.maven.apache.org/maven2/org/apache/commons/commons-lang3/3.1/commons-lang3-3.1.jar
[f689fc5a-db7b-4f9f-ad6c-287c310b4f10/build]   | [INFO] Downloading from central: https://repo.maven.apache.org/maven2/org/apache/maven/shared/maven-common-artifact-filters/1.3/maven-common-artifact-filters-1.3.jar
[f689fc5a-db7b-4f9f-ad6c-287c310b4f10/build]   | [INFO] Downloaded from central: https://repo.maven.apache.org/maven2/org/apache/maven/surefire/surefire-booter/2.12.4/surefire-booter-2.12.4.jar (35 kB at 1.1 MB/s)
[f689fc5a-db7b-4f9f-ad6c-287c310b4f10/build]   | [INFO] Downloading from central: https://repo.maven.apache.org/maven2/org/codehaus/plexus/plexus-utils/3.0.8/plexus-utils-3.0.8.jar
[f689fc5a-db7b-4f9f-ad6c-287c310b4f10/build]   | [INFO] Downloaded from central: https://repo.maven.apache.org/maven2/org/apache/maven/surefire/maven-surefire-common/2.12.4/maven-surefire-common-2.12.4.jar (263 kB at 5.7 MB/s)
[f689fc5a-db7b-4f9f-ad6c-287c310b4f10/build]   | [INFO] Downloading from central: https://repo.maven.apache.org/maven2/org/apache/maven/reporting/maven-reporting-api/2.0.9/maven-reporting-api-2.0.9.jar
[f689fc5a-db7b-4f9f-ad6c-287c310b4f10/build]   | [INFO] Downloaded from central: https://repo.maven.apache.org/maven2/org/apache/maven/shared/maven-common-artifact-filters/1.3/maven-common-artifact-filters-1.3.jar (31 kB at 536 kB/s)
[f689fc5a-db7b-4f9f-ad6c-287c310b4f10/build]   | [INFO] Downloading from central: https://repo.maven.apache.org/maven2/org/apache/maven/maven-toolchain/2.0.9/maven-toolchain-2.0.9.jar
[f689fc5a-db7b-4f9f-ad6c-287c310b4f10/build]   | [INFO] Downloaded from central: https://repo.maven.apache.org/maven2/org/apache/maven/surefire/surefire-api/2.12.4/surefire-api-2.12.4.jar (118 kB at 1.9 MB/s)
[f689fc5a-db7b-4f9f-ad6c-287c310b4f10/build]   | [INFO] Downloading from central: https://repo.maven.apache.org/maven2/org/apache/maven/plugin-tools/maven-plugin-annotations/3.1/maven-plugin-annotations-3.1.jar
[f689fc5a-db7b-4f9f-ad6c-287c310b4f10/build]   | [INFO] Downloaded from central: https://repo.maven.apache.org/maven2/org/apache/commons/commons-lang3/3.1/commons-lang3-3.1.jar (316 kB at 3.9 MB/s)
[f689fc5a-db7b-4f9f-ad6c-287c310b4f10/build]   | [INFO] Downloaded from central: https://repo.maven.apache.org/maven2/org/apache/maven/reporting/maven-reporting-api/2.0.9/maven-reporting-api-2.0.9.jar (10 kB at 166 kB/s)
[f689fc5a-db7b-4f9f-ad6c-287c310b4f10/build]   | [INFO] Downloaded from central: https://repo.maven.apache.org/maven2/org/codehaus/plexus/plexus-utils/3.0.8/plexus-utils-3.0.8.jar (232 kB at 2.9 MB/s)
[f689fc5a-db7b-4f9f-ad6c-287c310b4f10/build]   | [INFO] Downloaded from central: https://repo.maven.apache.org/maven2/org/apache/maven/plugin-tools/maven-plugin-annotations/3.1/maven-plugin-annotations-3.1.jar (14 kB at 192 kB/s)
[f689fc5a-db7b-4f9f-ad6c-287c310b4f10/build]   | [INFO] Downloaded from central: https://repo.maven.apache.org/maven2/org/apache/maven/maven-toolchain/2.0.9/maven-toolchain-2.0.9.jar (38 kB at 520 kB/s)
[f689fc5a-db7b-4f9f-ad6c-287c310b4f10/build]   | [INFO] Surefire report directory: /tmp/0a72ed6f-db53-4878-ba22-51eb0e28a4f7/target/surefire-reports
[f689fc5a-db7b-4f9f-ad6c-287c310b4f10/build]   | [INFO] Downloading from central: https://repo.maven.apache.org/maven2/org/apache/maven/surefire/surefire-junit4/2.12.4/surefire-junit4-2.12.4.pom
[f689fc5a-db7b-4f9f-ad6c-287c310b4f10/build]   | [INFO] Downloaded from central: https://repo.maven.apache.org/maven2/org/apache/maven/surefire/surefire-junit4/2.12.4/surefire-junit4-2.12.4.pom (2.4 kB at 127 kB/s)
[f689fc5a-db7b-4f9f-ad6c-287c310b4f10/build]   | [INFO] Downloading from central: https://repo.maven.apache.org/maven2/org/apache/maven/surefire/surefire-providers/2.12.4/surefire-providers-2.12.4.pom
[f689fc5a-db7b-4f9f-ad6c-287c310b4f10/build]   | [INFO] Downloaded from central: https://repo.maven.apache.org/maven2/org/apache/maven/surefire/surefire-providers/2.12.4/surefire-providers-2.12.4.pom (2.3 kB at 76 kB/s)
[f689fc5a-db7b-4f9f-ad6c-287c310b4f10/build]   | [INFO] Downloading from central: https://repo.maven.apache.org/maven2/org/apache/maven/surefire/surefire-junit4/2.12.4/surefire-junit4-2.12.4.jar
[f689fc5a-db7b-4f9f-ad6c-287c310b4f10/build]   | [INFO] Downloaded from central: https://repo.maven.apache.org/maven2/org/apache/maven/surefire/surefire-junit4/2.12.4/surefire-junit4-2.12.4.jar (37 kB at 2.5 MB/s)
[f689fc5a-db7b-4f9f-ad6c-287c310b4f10/build]   | 
[f689fc5a-db7b-4f9f-ad6c-287c310b4f10/build]   | -------------------------------------------------------
[f689fc5a-db7b-4f9f-ad6c-287c310b4f10/build]   |  T E S T S
[f689fc5a-db7b-4f9f-ad6c-287c310b4f10/build]   | -------------------------------------------------------
[f689fc5a-db7b-4f9f-ad6c-287c310b4f10/build]   | Running org.netpreserve.jwarc.WarcTargetRecordTest
[f689fc5a-db7b-4f9f-ad6c-287c310b4f10/build]   | Tests run: 2, Failures: 0, Errors: 0, Skipped: 0, Time elapsed: 0.107 sec
[f689fc5a-db7b-4f9f-ad6c-287c310b4f10/build]   | Running org.netpreserve.jwarc.GzipChannelTest
[f689fc5a-db7b-4f9f-ad6c-287c310b4f10/build]   | Tests run: 4, Failures: 0, Errors: 0, Skipped: 0, Time elapsed: 0.015 sec
[f689fc5a-db7b-4f9f-ad6c-287c310b4f10/build]   | Running org.netpreserve.jwarc.LengthedBodyTest
[f689fc5a-db7b-4f9f-ad6c-287c310b4f10/build]   | Tests run: 1, Failures: 0, Errors: 0, Skipped: 0, Time elapsed: 0.019 sec
[f689fc5a-db7b-4f9f-ad6c-287c310b4f10/build]   | Running org.netpreserve.jwarc.WarcRecordTest
[f689fc5a-db7b-4f9f-ad6c-287c310b4f10/build]   | Tests run: 2, Failures: 0, Errors: 0, Skipped: 0, Time elapsed: 0.031 sec
[f689fc5a-db7b-4f9f-ad6c-287c310b4f10/build]   | Running org.netpreserve.jwarc.HttpParserTest
[f689fc5a-db7b-4f9f-ad6c-287c310b4f10/build]   | Tests run: 6, Failures: 0, Errors: 0, Skipped: 0, Time elapsed: 0.011 sec
[f689fc5a-db7b-4f9f-ad6c-287c310b4f10/build]   | Running org.netpreserve.jwarc.MessageHeadersTest
[f689fc5a-db7b-4f9f-ad6c-287c310b4f10/build]   | Tests run: 1, Failures: 0, Errors: 0, Skipped: 0, Time elapsed: 0.002 sec
[f689fc5a-db7b-4f9f-ad6c-287c310b4f10/build]   | Running org.netpreserve.jwarc.net.WarcServerTest
[f689fc5a-db7b-4f9f-ad6c-287c310b4f10/build]   | Tests run: 1, Failures: 0, Errors: 0, Skipped: 0, Time elapsed: 0.166 sec
[f689fc5a-db7b-4f9f-ad6c-287c310b4f10/build]   | Running org.netpreserve.jwarc.HttpResponseTest
[f689fc5a-db7b-4f9f-ad6c-287c310b4f10/build]   | Tests run: 1, Failures: 0, Errors: 0, Skipped: 0, Time elapsed: 0 sec
[f689fc5a-db7b-4f9f-ad6c-287c310b4f10/build]   | Running org.netpreserve.jwarc.GunzipChannelTest
[f689fc5a-db7b-4f9f-ad6c-287c310b4f10/build]   | Tests run: 6, Failures: 0, Errors: 0, Skipped: 1, Time elapsed: 0.02 sec
[f689fc5a-db7b-4f9f-ad6c-287c310b4f10/build]   | Running org.netpreserve.jwarc.cdx.CdxReaderTest
[f689fc5a-db7b-4f9f-ad6c-287c310b4f10/build]   | Tests run: 1, Failures: 0, Errors: 0, Skipped: 0, Time elapsed: 0.011 sec
[f689fc5a-db7b-4f9f-ad6c-287c310b4f10/build]   | Running org.netpreserve.jwarc.cdx.CdxRequestEncoderTest
[f689fc5a-db7b-4f9f-ad6c-287c310b4f10/build]   | Tests run: 2, Failures: 0, Errors: 0, Skipped: 1, Time elapsed: 0.093 sec
[f689fc5a-db7b-4f9f-ad6c-287c310b4f10/build]   | Running org.netpreserve.jwarc.cdx.CdxFormatTest
[f689fc5a-db7b-4f9f-ad6c-287c310b4f10/build]   | Tests run: 1, Failures: 0, Errors: 0, Skipped: 0, Time elapsed: 0.019 sec
[f689fc5a-db7b-4f9f-ad6c-287c310b4f10/build]   | Running org.netpreserve.jwarc.WarcDigestTest
[f689fc5a-db7b-4f9f-ad6c-287c310b4f10/build]   | Tests run: 9, Failures: 0, Errors: 0, Skipped: 0, Time elapsed: 0.043 sec
[f689fc5a-db7b-4f9f-ad6c-287c310b4f10/build]   | Running org.netpreserve.jwarc.ChunkedBodyTest
[f689fc5a-db7b-4f9f-ad6c-287c310b4f10/build]   | Tests run: 6, Failures: 0, Errors: 0, Skipped: 0, Time elapsed: 0.006 sec
[f689fc5a-db7b-4f9f-ad6c-287c310b4f10/build]   | Running org.netpreserve.jwarc.URIsTest
[f689fc5a-db7b-4f9f-ad6c-287c310b4f10/build]   | Tests run: 1, Failures: 0, Errors: 0, Skipped: 0, Time elapsed: 0.003 sec
[f689fc5a-db7b-4f9f-ad6c-287c310b4f10/build]   | Running org.netpreserve.jwarc.HttpRequestTest
[f689fc5a-db7b-4f9f-ad6c-287c310b4f10/build]   | Tests run: 2, Failures: 0, Errors: 0, Skipped: 0, Time elapsed: 0.008 sec
[f689fc5a-db7b-4f9f-ad6c-287c310b4f10/build]   | Running org.netpreserve.jwarc.apitests.WarcContinuationTest
[f689fc5a-db7b-4f9f-ad6c-287c310b4f10/build]   | Tests run: 2, Failures: 0, Errors: 0, Skipped: 0, Time elapsed: 0.015 sec
[f689fc5a-db7b-4f9f-ad6c-287c310b4f10/build]   | Running org.netpreserve.jwarc.apitests.MessageVersionTest
[f689fc5a-db7b-4f9f-ad6c-287c310b4f10/build]   | Tests run: 1, Failures: 0, Errors: 0, Skipped: 0, Time elapsed: 0.002 sec
[f689fc5a-db7b-4f9f-ad6c-287c310b4f10/build]   | Running org.netpreserve.jwarc.apitests.MediaTypeTest
[f689fc5a-db7b-4f9f-ad6c-287c310b4f10/build]   | Tests run: 1, Failures: 0, Errors: 0, Skipped: 0, Time elapsed: 0.002 sec
[f689fc5a-db7b-4f9f-ad6c-287c310b4f10/build]   | Running org.netpreserve.jwarc.apitests.WarcRevisitTest
[f689fc5a-db7b-4f9f-ad6c-287c310b4f10/build]   | Tests run: 3, Failures: 0, Errors: 0, Skipped: 0, Time elapsed: 0.016 sec
[f689fc5a-db7b-4f9f-ad6c-287c310b4f10/build]   | Running org.netpreserve.jwarc.apitests.WarcWriterTest
[f689fc5a-db7b-4f9f-ad6c-287c310b4f10/build]   | Tests run: 2, Failures: 0, Errors: 0, Skipped: 0, Time elapsed: 0.233 sec
[f689fc5a-db7b-4f9f-ad6c-287c310b4f10/build]   | Running org.netpreserve.jwarc.apitests.WarcResponseTest
[f689fc5a-db7b-4f9f-ad6c-287c310b4f10/build]   | Tests run: 6, Failures: 0, Errors: 0, Skipped: 0, Time elapsed: 0.013 sec
[f689fc5a-db7b-4f9f-ad6c-287c310b4f10/build]   | Running org.netpreserve.jwarc.apitests.WarcinfoTest
[f689fc5a-db7b-4f9f-ad6c-287c310b4f10/build]   | Tests run: 2, Failures: 0, Errors: 0, Skipped: 0, Time elapsed: 0.012 sec
[f689fc5a-db7b-4f9f-ad6c-287c310b4f10/build]   | Running org.netpreserve.jwarc.apitests.WarcConversionTest
[f689fc5a-db7b-4f9f-ad6c-287c310b4f10/build]   | Tests run: 2, Failures: 0, Errors: 0, Skipped: 0, Time elapsed: 0.006 sec
[f689fc5a-db7b-4f9f-ad6c-287c310b4f10/build]   | Running org.netpreserve.jwarc.apitests.WarcReaderTest
[f689fc5a-db7b-4f9f-ad6c-287c310b4f10/build]   | Failed testing pre-populated buffer of 1087 bytes length
[f689fc5a-db7b-4f9f-ad6c-287c310b4f10/build]   | Tests run: 9, Failures: 0, Errors: 0, Skipped: 1, Time elapsed: 1.013 sec
[f689fc5a-db7b-4f9f-ad6c-287c310b4f10/build]   | Running org.netpreserve.jwarc.apitests.WarcFilterTest
[f689fc5a-db7b-4f9f-ad6c-287c310b4f10/build]   | Tests run: 1, Failures: 0, Errors: 0, Skipped: 0, Time elapsed: 0.019 sec
[f689fc5a-db7b-4f9f-ad6c-287c310b4f10/build]   | Running org.netpreserve.jwarc.apitests.ArcTest
[f689fc5a-db7b-4f9f-ad6c-287c310b4f10/build]   | Tests run: 1, Failures: 0, Errors: 0, Skipped: 0, Time elapsed: 0.003 sec
[f689fc5a-db7b-4f9f-ad6c-287c310b4f10/build]   | Running org.netpreserve.jwarc.apitests.WarcMetadataTest
[f689fc5a-db7b-4f9f-ad6c-287c310b4f10/build]   | Tests run: 2, Failures: 0, Errors: 0, Skipped: 0, Time elapsed: 0.008 sec
[f689fc5a-db7b-4f9f-ad6c-287c310b4f10/build]   | Running org.netpreserve.jwarc.apitests.WarcRequestTest
[f689fc5a-db7b-4f9f-ad6c-287c310b4f10/build]   | Tests run: 4, Failures: 0, Errors: 0, Skipped: 0, Time elapsed: 0.021 sec
[f689fc5a-db7b-4f9f-ad6c-287c310b4f10/build]   | Running org.netpreserve.jwarc.apitests.WarcResourceTest
[f689fc5a-db7b-4f9f-ad6c-287c310b4f10/build]   | Tests run: 1, Failures: 0, Errors: 0, Skipped: 0, Time elapsed: 0.001 sec
[f689fc5a-db7b-4f9f-ad6c-287c310b4f10/build]   | 
[f689fc5a-db7b-4f9f-ad6c-287c310b4f10/build]   | Results :
[f689fc5a-db7b-4f9f-ad6c-287c310b4f10/build]   | 
[f689fc5a-db7b-4f9f-ad6c-287c310b4f10/build]   | Tests run: 83, Failures: 0, Errors: 0, Skipped: 3
[f689fc5a-db7b-4f9f-ad6c-287c310b4f10/build]   | 
[f689fc5a-db7b-4f9f-ad6c-287c310b4f10/build]   | [INFO] 
[f689fc5a-db7b-4f9f-ad6c-287c310b4f10/build]   | [INFO] --- maven-jar-plugin:3.2.2:jar (default-jar) @ jwarc ---
[f689fc5a-db7b-4f9f-ad6c-287c310b4f10/build]   | [INFO] Downloading from central: https://repo.maven.apache.org/maven2/org/apache/maven/maven-plugin-api/3.1.0/maven-plugin-api-3.1.0.pom
[f689fc5a-db7b-4f9f-ad6c-287c310b4f10/build]   | [INFO] Downloaded from central: https://repo.maven.apache.org/maven2/org/apache/maven/maven-plugin-api/3.1.0/maven-plugin-api-3.1.0.pom (3.0 kB at 61 kB/s)
[f689fc5a-db7b-4f9f-ad6c-287c310b4f10/build]   | [INFO] Downloading from central: https://repo.maven.apache.org/maven2/org/apache/maven/maven/3.1.0/maven-3.1.0.pom
[f689fc5a-db7b-4f9f-ad6c-287c310b4f10/build]   | [INFO] Downloaded from central: https://repo.maven.apache.org/maven2/org/apache/maven/maven/3.1.0/maven-3.1.0.pom (22 kB at 948 kB/s)
[f689fc5a-db7b-4f9f-ad6c-287c310b4f10/build]   | [INFO] Downloading from central: https://repo.maven.apache.org/maven2/org/apache/maven/maven-model/3.1.0/maven-model-3.1.0.pom
[f689fc5a-db7b-4f9f-ad6c-287c310b4f10/build]   | [INFO] Downloaded from central: https://repo.maven.apache.org/maven2/org/apache/maven/maven-model/3.1.0/maven-model-3.1.0.pom (3.8 kB at 224 kB/s)
[f689fc5a-db7b-4f9f-ad6c-287c310b4f10/build]   | [INFO] Downloading from central: https://repo.maven.apache.org/maven2/org/codehaus/plexus/plexus-utils/3.0.10/plexus-utils-3.0.10.pom
[f689fc5a-db7b-4f9f-ad6c-287c310b4f10/build]   | [INFO] Downloaded from central: https://repo.maven.apache.org/maven2/org/codehaus/plexus/plexus-utils/3.0.10/plexus-utils-3.0.10.pom (3.1 kB at 185 kB/s)
[f689fc5a-db7b-4f9f-ad6c-287c310b4f10/build]   | [INFO] Downloading from central: https://repo.maven.apache.org/maven2/org/codehaus/plexus/plexus/3.3/plexus-3.3.pom
[f689fc5a-db7b-4f9f-ad6c-287c310b4f10/build]   | [INFO] Downloaded from central: https://repo.maven.apache.org/maven2/org/codehaus/plexus/plexus/3.3/plexus-3.3.pom (20 kB at 663 kB/s)
[f689fc5a-db7b-4f9f-ad6c-287c310b4f10/build]   | [INFO] Downloading from central: https://repo.maven.apache.org/maven2/org/apache/maven/maven-artifact/3.1.0/maven-artifact-3.1.0.pom
[f689fc5a-db7b-4f9f-ad6c-287c310b4f10/build]   | [INFO] Downloaded from central: https://repo.maven.apache.org/maven2/org/apache/maven/maven-artifact/3.1.0/maven-artifact-3.1.0.pom (1.6 kB at 78 kB/s)
[f689fc5a-db7b-4f9f-ad6c-287c310b4f10/build]   | [INFO] Downloading from central: https://repo.maven.apache.org/maven2/org/eclipse/sisu/org.eclipse.sisu.plexus/0.0.0.M2a/org.eclipse.sisu.plexus-0.0.0.M2a.pom
[f689fc5a-db7b-4f9f-ad6c-287c310b4f10/build]   | [INFO] Downloaded from central: https://repo.maven.apache.org/maven2/org/eclipse/sisu/org.eclipse.sisu.plexus/0.0.0.M2a/org.eclipse.sisu.plexus-0.0.0.M2a.pom (5.9 kB at 310 kB/s)
[f689fc5a-db7b-4f9f-ad6c-287c310b4f10/build]   | [INFO] Downloading from central: https://repo.maven.apache.org/maven2/org/eclipse/sisu/sisu-plexus/0.0.0.M2a/sisu-plexus-0.0.0.M2a.pom
[f689fc5a-db7b-4f9f-ad6c-287c310b4f10/build]   | [INFO] Downloaded from central: https://repo.maven.apache.org/maven2/org/eclipse/sisu/sisu-plexus/0.0.0.M2a/sisu-plexus-0.0.0.M2a.pom (7.9 kB at 466 kB/s)
[f689fc5a-db7b-4f9f-ad6c-287c310b4f10/build]   | [INFO] Downloading from central: https://repo.maven.apache.org/maven2/org/sonatype/oss/oss-parent/7/oss-parent-7.pom
[f689fc5a-db7b-4f9f-ad6c-287c310b4f10/build]   | [INFO] Downloaded from central: https://repo.maven.apache.org/maven2/org/sonatype/oss/oss-parent/7/oss-parent-7.pom (4.8 kB at 254 kB/s)
[f689fc5a-db7b-4f9f-ad6c-287c310b4f10/build]   | [INFO] Downloading from central: https://repo.maven.apache.org/maven2/javax/enterprise/cdi-api/1.0/cdi-api-1.0.pom
[f689fc5a-db7b-4f9f-ad6c-287c310b4f10/build]   | [INFO] Downloaded from central: https://repo.maven.apache.org/maven2/javax/enterprise/cdi-api/1.0/cdi-api-1.0.pom (1.4 kB at 68 kB/s)
[f689fc5a-db7b-4f9f-ad6c-287c310b4f10/build]   | [INFO] Downloading from central: https://repo.maven.apache.org/maven2/org/jboss/weld/weld-api-parent/1.0/weld-api-parent-1.0.pom
[f689fc5a-db7b-4f9f-ad6c-287c310b4f10/build]   | [INFO] Downloaded from central: https://repo.maven.apache.org/maven2/org/jboss/weld/weld-api-parent/1.0/weld-api-parent-1.0.pom (2.4 kB at 131 kB/s)
[f689fc5a-db7b-4f9f-ad6c-287c310b4f10/build]   | [INFO] Downloading from central: https://repo.maven.apache.org/maven2/org/jboss/weld/weld-api-bom/1.0/weld-api-bom-1.0.pom
[f689fc5a-db7b-4f9f-ad6c-287c310b4f10/build]   | [INFO] Downloaded from central: https://repo.maven.apache.org/maven2/org/jboss/weld/weld-api-bom/1.0/weld-api-bom-1.0.pom (7.9 kB at 395 kB/s)
[f689fc5a-db7b-4f9f-ad6c-287c310b4f10/build]   | [INFO] Downloading from central: https://repo.maven.apache.org/maven2/org/jboss/weld/weld-parent/6/weld-parent-6.pom
[f689fc5a-db7b-4f9f-ad6c-287c310b4f10/build]   | [INFO] Downloaded from central: https://repo.maven.apache.org/maven2/org/jboss/weld/weld-parent/6/weld-parent-6.pom (21 kB at 941 kB/s)
[f689fc5a-db7b-4f9f-ad6c-287c310b4f10/build]   | [INFO] Downloading from central: https://repo.maven.apache.org/maven2/javax/annotation/jsr250-api/1.0/jsr250-api-1.0.pom
[f689fc5a-db7b-4f9f-ad6c-287c310b4f10/build]   | [INFO] Downloaded from central: https://repo.maven.apache.org/maven2/javax/annotation/jsr250-api/1.0/jsr250-api-1.0.pom (1.0 kB at 43 kB/s)
[f689fc5a-db7b-4f9f-ad6c-287c310b4f10/build]   | [INFO] Downloading from central: https://repo.maven.apache.org/maven2/javax/inject/javax.inject/1/javax.inject-1.pom
[f689fc5a-db7b-4f9f-ad6c-287c310b4f10/build]   | [INFO] Downloaded from central: https://repo.maven.apache.org/maven2/javax/inject/javax.inject/1/javax.inject-1.pom (612 B at 28 kB/s)
[f689fc5a-db7b-4f9f-ad6c-287c310b4f10/build]   | [INFO] Downloading from central: https://repo.maven.apache.org/maven2/com/google/guava/guava/10.0.1/guava-10.0.1.pom
[f689fc5a-db7b-4f9f-ad6c-287c310b4f10/build]   | [INFO] Downloaded from central: https://repo.maven.apache.org/maven2/com/google/guava/guava/10.0.1/guava-10.0.1.pom (5.4 kB at 234 kB/s)
[f689fc5a-db7b-4f9f-ad6c-287c310b4f10/build]   | [INFO] Downloading from central: https://repo.maven.apache.org/maven2/com/google/guava/guava-parent/10.0.1/guava-parent-10.0.1.pom
[f689fc5a-db7b-4f9f-ad6c-287c310b4f10/build]   | [INFO] Downloaded from central: https://repo.maven.apache.org/maven2/com/google/guava/guava-parent/10.0.1/guava-parent-10.0.1.pom (2.0 kB at 103 kB/s)
[f689fc5a-db7b-4f9f-ad6c-287c310b4f10/build]   | [INFO] Downloading from central: https://repo.maven.apache.org/maven2/com/google/code/findbugs/jsr305/1.3.9/jsr305-1.3.9.pom
[f689fc5a-db7b-4f9f-ad6c-287c310b4f10/build]   | [INFO] Downloaded from central: https://repo.maven.apache.org/maven2/com/google/code/findbugs/jsr305/1.3.9/jsr305-1.3.9.pom (965 B at 48 kB/s)
[f689fc5a-db7b-4f9f-ad6c-287c310b4f10/build]   | [INFO] Downloading from central: https://repo.maven.apache.org/maven2/org/sonatype/sisu/sisu-guice/3.1.0/sisu-guice-3.1.0.pom
[f689fc5a-db7b-4f9f-ad6c-287c310b4f10/build]   | [INFO] Downloaded from central: https://repo.maven.apache.org/maven2/org/sonatype/sisu/sisu-guice/3.1.0/sisu-guice-3.1.0.pom (10 kB at 195 kB/s)
[f689fc5a-db7b-4f9f-ad6c-287c310b4f10/build]   | [INFO] Downloading from central: https://repo.maven.apache.org/maven2/org/sonatype/sisu/inject/guice-parent/3.1.0/guice-parent-3.1.0.pom
[f689fc5a-db7b-4f9f-ad6c-287c310b4f10/build]   | [INFO] Downloaded from central: https://repo.maven.apache.org/maven2/org/sonatype/sisu/inject/guice-parent/3.1.0/guice-parent-3.1.0.pom (11 kB at 455 kB/s)
[f689fc5a-db7b-4f9f-ad6c-287c310b4f10/build]   | [INFO] Downloading from central: https://repo.maven.apache.org/maven2/aopalliance/aopalliance/1.0/aopalliance-1.0.pom
[f689fc5a-db7b-4f9f-ad6c-287c310b4f10/build]   | [INFO] Downloaded from central: https://repo.maven.apache.org/maven2/aopalliance/aopalliance/1.0/aopalliance-1.0.pom (363 B at 16 kB/s)
[f689fc5a-db7b-4f9f-ad6c-287c310b4f10/build]   | [INFO] Downloading from central: https://repo.maven.apache.org/maven2/org/eclipse/sisu/org.eclipse.sisu.inject/0.0.0.M2a/org.eclipse.sisu.inject-0.0.0.M2a.pom
[f689fc5a-db7b-4f9f-ad6c-287c310b4f10/build]   | [INFO] Downloaded from central: https://repo.maven.apache.org/maven2/org/eclipse/sisu/org.eclipse.sisu.inject/0.0.0.M2a/org.eclipse.sisu.inject-0.0.0.M2a.pom (5.0 kB at 171 kB/s)
[f689fc5a-db7b-4f9f-ad6c-287c310b4f10/build]   | [INFO] Downloading from central: https://repo.maven.apache.org/maven2/org/eclipse/sisu/sisu-inject/0.0.0.M2a/sisu-inject-0.0.0.M2a.pom
[f689fc5a-db7b-4f9f-ad6c-287c310b4f10/build]   | [INFO] Downloaded from central: https://repo.maven.apache.org/maven2/org/eclipse/sisu/sisu-inject/0.0.0.M2a/sisu-inject-0.0.0.M2a.pom (7.8 kB at 325 kB/s)
[f689fc5a-db7b-4f9f-ad6c-287c310b4f10/build]   | [INFO] Downloading from central: https://repo.maven.apache.org/maven2/asm/asm/3.3.1/asm-3.3.1.pom
[f689fc5a-db7b-4f9f-ad6c-287c310b4f10/build]   | [INFO] Downloaded from central: https://repo.maven.apache.org/maven2/asm/asm/3.3.1/asm-3.3.1.pom (266 B at 11 kB/s)
[f689fc5a-db7b-4f9f-ad6c-287c310b4f10/build]   | [INFO] Downloading from central: https://repo.maven.apache.org/maven2/asm/asm-parent/3.3.1/asm-parent-3.3.1.pom
[f689fc5a-db7b-4f9f-ad6c-287c310b4f10/build]   | [INFO] Downloaded from central: https://repo.maven.apache.org/maven2/asm/asm-parent/3.3.1/asm-parent-3.3.1.pom (4.3 kB at 217 kB/s)
[f689fc5a-db7b-4f9f-ad6c-287c310b4f10/build]   | [INFO] Downloading from central: https://repo.maven.apache.org/maven2/org/codehaus/plexus/plexus-component-annotations/2.0.0/plexus-component-annotations-2.0.0.pom
[f689fc5a-db7b-4f9f-ad6c-287c310b4f10/build]   | [INFO] Downloaded from central: https://repo.maven.apache.org/maven2/org/codehaus/plexus/plexus-component-annotations/2.0.0/plexus-component-annotations-2.0.0.pom (750 B at 36 kB/s)
[f689fc5a-db7b-4f9f-ad6c-287c310b4f10/build]   | [INFO] Downloading from central: https://repo.maven.apache.org/maven2/org/codehaus/plexus/plexus-containers/2.0.0/plexus-containers-2.0.0.pom
[f689fc5a-db7b-4f9f-ad6c-287c310b4f10/build]   | [INFO] Downloaded from central: https://repo.maven.apache.org/maven2/org/codehaus/plexus/plexus-containers/2.0.0/plexus-containers-2.0.0.pom (4.8 kB at 240 kB/s)
[f689fc5a-db7b-4f9f-ad6c-287c310b4f10/build]   | [INFO] Downloading from central: https://repo.maven.apache.org/maven2/org/codehaus/plexus/plexus/5.1/plexus-5.1.pom
[f689fc5a-db7b-4f9f-ad6c-287c310b4f10/build]   | [INFO] Downloaded from central: https://repo.maven.apache.org/maven2/org/codehaus/plexus/plexus/5.1/plexus-5.1.pom (23 kB at 938 kB/s)
[f689fc5a-db7b-4f9f-ad6c-287c310b4f10/build]   | [INFO] Downloading from central: https://repo.maven.apache.org/maven2/org/codehaus/plexus/plexus-classworlds/2.4/plexus-classworlds-2.4.pom
[f689fc5a-db7b-4f9f-ad6c-287c310b4f10/build]   | [INFO] Downloaded from central: https://repo.maven.apache.org/maven2/org/codehaus/plexus/plexus-classworlds/2.4/plexus-classworlds-2.4.pom (3.9 kB at 216 kB/s)
[f689fc5a-db7b-4f9f-ad6c-287c310b4f10/build]   | [INFO] Downloading from central: https://repo.maven.apache.org/maven2/org/codehaus/plexus/plexus-utils/2.1/plexus-utils-2.1.pom
[f689fc5a-db7b-4f9f-ad6c-287c310b4f10/build]   | [INFO] Downloaded from central: https://repo.maven.apache.org/maven2/org/codehaus/plexus/plexus-utils/2.1/plexus-utils-2.1.pom (4.0 kB at 192 kB/s)
[f689fc5a-db7b-4f9f-ad6c-287c310b4f10/build]   | [INFO] Downloading from central: https://repo.maven.apache.org/maven2/org/sonatype/spice/spice-parent/16/spice-parent-16.pom
[f689fc5a-db7b-4f9f-ad6c-287c310b4f10/build]   | [INFO] Downloaded from central: https://repo.maven.apache.org/maven2/org/sonatype/spice/spice-parent/16/spice-parent-16.pom (8.4 kB at 418 kB/s)
[f689fc5a-db7b-4f9f-ad6c-287c310b4f10/build]   | [INFO] Downloading from central: https://repo.maven.apache.org/maven2/org/sonatype/forge/forge-parent/5/forge-parent-5.pom
[f689fc5a-db7b-4f9f-ad6c-287c310b4f10/build]   | [INFO] Downloaded from central: https://repo.maven.apache.org/maven2/org/sonatype/forge/forge-parent/5/forge-parent-5.pom (8.4 kB at 380 kB/s)
[f689fc5a-db7b-4f9f-ad6c-287c310b4f10/build]   | [INFO] Downloading from central: https://repo.maven.apache.org/maven2/org/apache/maven/maven-core/3.1.0/maven-core-3.1.0.pom
[f689fc5a-db7b-4f9f-ad6c-287c310b4f10/build]   | [INFO] Downloaded from central: https://repo.maven.apache.org/maven2/org/apache/maven/maven-core/3.1.0/maven-core-3.1.0.pom (6.9 kB at 346 kB/s)
[f689fc5a-db7b-4f9f-ad6c-287c310b4f10/build]   | [INFO] Downloading from central: https://repo.maven.apache.org/maven2/org/apache/maven/maven-settings/3.1.0/maven-settings-3.1.0.pom
[f689fc5a-db7b-4f9f-ad6c-287c310b4f10/build]   | [INFO] Downloaded from central: https://repo.maven.apache.org/maven2/org/apache/maven/maven-settings/3.1.0/maven-settings-3.1.0.pom (1.8 kB at 92 kB/s)
[f689fc5a-db7b-4f9f-ad6c-287c310b4f10/build]   | [INFO] Downloading from central: https://repo.maven.apache.org/maven2/org/apache/maven/maven-settings-builder/3.1.0/maven-settings-builder-3.1.0.pom
[f689fc5a-db7b-4f9f-ad6c-287c310b4f10/build]   | [INFO] Downloaded from central: https://repo.maven.apache.org/maven2/org/apache/maven/maven-settings-builder/3.1.0/maven-settings-builder-3.1.0.pom (2.3 kB at 119 kB/s)
[f689fc5a-db7b-4f9f-ad6c-287c310b4f10/build]   | [INFO] Downloading from central: https://repo.maven.apache.org/maven2/org/codehaus/plexus/plexus-interpolation/1.16/plexus-interpolation-1.16.pom
[f689fc5a-db7b-4f9f-ad6c-287c310b4f10/build]   | [INFO] Downloaded from central: https://repo.maven.apache.org/maven2/org/codehaus/plexus/plexus-interpolation/1.16/plexus-interpolation-1.16.pom (1.0 kB at 51 kB/s)
[f689fc5a-db7b-4f9f-ad6c-287c310b4f10/build]   | [INFO] Downloading from central: https://repo.maven.apache.org/maven2/org/codehaus/plexus/plexus-components/1.3/plexus-components-1.3.pom
[f689fc5a-db7b-4f9f-ad6c-287c310b4f10/build]   | [INFO] Downloaded from central: https://repo.maven.apache.org/maven2/org/codehaus/plexus/plexus-components/1.3/plexus-components-1.3.pom (3.1 kB at 153 kB/s)
[f689fc5a-db7b-4f9f-ad6c-287c310b4f10/build]   | [INFO] Downloading from central: https://repo.maven.apache.org/maven2/org/apache/maven/maven-repository-metadata/3.1.0/maven-repository-metadata-3.1.0.pom
[f689fc5a-db7b-4f9f-ad6c-287c310b4f10/build]   | [INFO] Downloaded from central: https://repo.maven.apache.org/maven2/org/apache/maven/maven-repository-metadata/3.1.0/maven-repository-metadata-3.1.0.pom (1.9 kB at 236 kB/s)
[f689fc5a-db7b-4f9f-ad6c-287c310b4f10/build]   | [INFO] Downloading from central: https://repo.maven.apache.org/maven2/org/apache/maven/maven-model-builder/3.1.0/maven-model-builder-3.1.0.pom
[f689fc5a-db7b-4f9f-ad6c-287c310b4f10/build]   | [INFO] Downloaded from central: https://repo.maven.apache.org/maven2/org/apache/maven/maven-model-builder/3.1.0/maven-model-builder-3.1.0.pom (2.5 kB at 494 kB/s)
[f689fc5a-db7b-4f9f-ad6c-287c310b4f10/build]   | [INFO] Downloading from central: https://repo.maven.apache.org/maven2/org/apache/maven/maven-aether-provider/3.1.0/maven-aether-provider-3.1.0.pom
[f689fc5a-db7b-4f9f-ad6c-287c310b4f10/build]   | [INFO] Downloaded from central: https://repo.maven.apache.org/maven2/org/apache/maven/maven-aether-provider/3.1.0/maven-aether-provider-3.1.0.pom (3.5 kB at 141 kB/s)
[f689fc5a-db7b-4f9f-ad6c-287c310b4f10/build]   | [INFO] Downloading from central: https://repo.maven.apache.org/maven2/org/eclipse/aether/aether-api/0.9.0.M2/aether-api-0.9.0.M2.pom
[f689fc5a-db7b-4f9f-ad6c-287c310b4f10/build]   | [INFO] Downloaded from central: https://repo.maven.apache.org/maven2/org/eclipse/aether/aether-api/0.9.0.M2/aether-api-0.9.0.M2.pom (1.7 kB at 76 kB/s)
[f689fc5a-db7b-4f9f-ad6c-287c310b4f10/build]   | [INFO] Downloading from central: https://repo.maven.apache.org/maven2/org/eclipse/aether/aether/0.9.0.M2/aether-0.9.0.M2.pom
[f689fc5a-db7b-4f9f-ad6c-287c310b4f10/build]   | [INFO] Downloaded from central: https://repo.maven.apache.org/maven2/org/eclipse/aether/aether/0.9.0.M2/aether-0.9.0.M2.pom (28 kB at 2.3 MB/s)
[f689fc5a-db7b-4f9f-ad6c-287c310b4f10/build]   | [INFO] Downloading from central: https://repo.maven.apache.org/maven2/org/eclipse/aether/aether-spi/0.9.0.M2/aether-spi-0.9.0.M2.pom
[f689fc5a-db7b-4f9f-ad6c-287c310b4f10/build]   | [INFO] Downloaded from central: https://repo.maven.apache.org/maven2/org/eclipse/aether/aether-spi/0.9.0.M2/aether-spi-0.9.0.M2.pom (1.8 kB at 93 kB/s)
[f689fc5a-db7b-4f9f-ad6c-287c310b4f10/build]   | [INFO] Downloading from central: https://repo.maven.apache.org/maven2/org/eclipse/aether/aether-util/0.9.0.M2/aether-util-0.9.0.M2.pom
[f689fc5a-db7b-4f9f-ad6c-287c310b4f10/build]   | [INFO] Downloaded from central: https://repo.maven.apache.org/maven2/org/eclipse/aether/aether-util/0.9.0.M2/aether-util-0.9.0.M2.pom (2.0 kB at 127 kB/s)
[f689fc5a-db7b-4f9f-ad6c-287c310b4f10/build]   | [INFO] Downloading from central: https://repo.maven.apache.org/maven2/org/eclipse/aether/aether-impl/0.9.0.M2/aether-impl-0.9.0.M2.pom
[f689fc5a-db7b-4f9f-ad6c-287c310b4f10/build]   | [INFO] Downloaded from central: https://repo.maven.apache.org/maven2/org/eclipse/aether/aether-impl/0.9.0.M2/aether-impl-0.9.0.M2.pom (3.3 kB at 239 kB/s)
[f689fc5a-db7b-4f9f-ad6c-287c310b4f10/build]   | [INFO] Downloading from central: https://repo.maven.apache.org/maven2/org/codehaus/plexus/plexus-classworlds/2.4.2/plexus-classworlds-2.4.2.pom
[f689fc5a-db7b-4f9f-ad6c-287c310b4f10/build]   | [INFO] Downloaded from central: https://repo.maven.apache.org/maven2/org/codehaus/plexus/plexus-classworlds/2.4.2/plexus-classworlds-2.4.2.pom (3.5 kB at 251 kB/s)
[f689fc5a-db7b-4f9f-ad6c-287c310b4f10/build]   | [INFO] Downloading from central: https://repo.maven.apache.org/maven2/org/codehaus/plexus/plexus/3.0.1/plexus-3.0.1.pom
[f689fc5a-db7b-4f9f-ad6c-287c310b4f10/build]   | [INFO] Downloaded from central: https://repo.maven.apache.org/maven2/org/codehaus/plexus/plexus/3.0.1/plexus-3.0.1.pom (19 kB at 1.2 MB/s)
[f689fc5a-db7b-4f9f-ad6c-287c310b4f10/build]   | [INFO] Downloading from central: https://repo.maven.apache.org/maven2/org/apache/maven/shared/file-management/3.0.0/file-management-3.0.0.pom
[f689fc5a-db7b-4f9f-ad6c-287c310b4f10/build]   | [INFO] Downloaded from central: https://repo.maven.apache.org/maven2/org/apache/maven/shared/file-management/3.0.0/file-management-3.0.0.pom (4.7 kB at 335 kB/s)
[f689fc5a-db7b-4f9f-ad6c-287c310b4f10/build]   | [INFO] Downloading from central: https://repo.maven.apache.org/maven2/org/apache/maven/shared/maven-shared-components/22/maven-shared-components-22.pom
[f689fc5a-db7b-4f9f-ad6c-287c310b4f10/build]   | [INFO] Downloaded from central: https://repo.maven.apache.org/maven2/org/apache/maven/shared/maven-shared-components/22/maven-shared-components-22.pom (5.1 kB at 341 kB/s)
[f689fc5a-db7b-4f9f-ad6c-287c310b4f10/build]   | [INFO] Downloading from central: https://repo.maven.apache.org/maven2/org/apache/maven/maven-parent/27/maven-parent-27.pom
[f689fc5a-db7b-4f9f-ad6c-287c310b4f10/build]   | [INFO] Downloaded from central: https://repo.maven.apache.org/maven2/org/apache/maven/maven-parent/27/maven-parent-27.pom (41 kB at 1.7 MB/s)
[f689fc5a-db7b-4f9f-ad6c-287c310b4f10/build]   | [INFO] Downloading from central: https://repo.maven.apache.org/maven2/org/apache/apache/17/apache-17.pom
[f689fc5a-db7b-4f9f-ad6c-287c310b4f10/build]   | [INFO] Downloaded from central: https://repo.maven.apache.org/maven2/org/apache/apache/17/apache-17.pom (16 kB at 669 kB/s)
[f689fc5a-db7b-4f9f-ad6c-287c310b4f10/build]   | [INFO] Downloading from central: https://repo.maven.apache.org/maven2/org/apache/maven/maven-plugin-api/3.0/maven-plugin-api-3.0.pom
[f689fc5a-db7b-4f9f-ad6c-287c310b4f10/build]   | [INFO] Downloaded from central: https://repo.maven.apache.org/maven2/org/apache/maven/maven-plugin-api/3.0/maven-plugin-api-3.0.pom (2.3 kB at 191 kB/s)
[f689fc5a-db7b-4f9f-ad6c-287c310b4f10/build]   | [INFO] Downloading from central: https://repo.maven.apache.org/maven2/org/apache/maven/maven/3.0/maven-3.0.pom
[f689fc5a-db7b-4f9f-ad6c-287c310b4f10/build]   | [INFO] Downloaded from central: https://repo.maven.apache.org/maven2/org/apache/maven/maven/3.0/maven-3.0.pom (22 kB at 1.4 MB/s)
[f689fc5a-db7b-4f9f-ad6c-287c310b4f10/build]   | [INFO] Downloading from central: https://repo.maven.apache.org/maven2/org/apache/maven/maven-parent/15/maven-parent-15.pom
[f689fc5a-db7b-4f9f-ad6c-287c310b4f10/build]   | [INFO] Downloaded from central: https://repo.maven.apache.org/maven2/org/apache/maven/maven-parent/15/maven-parent-15.pom (24 kB at 1.4 MB/s)
[f689fc5a-db7b-4f9f-ad6c-287c310b4f10/build]   | [INFO] Downloading from central: https://repo.maven.apache.org/maven2/org/apache/maven/maven-model/3.0/maven-model-3.0.pom
[f689fc5a-db7b-4f9f-ad6c-287c310b4f10/build]   | [INFO] Downloaded from central: https://repo.maven.apache.org/maven2/org/apache/maven/maven-model/3.0/maven-model-3.0.pom (3.9 kB at 299 kB/s)
[f689fc5a-db7b-4f9f-ad6c-287c310b4f10/build]   | [INFO] Downloading from central: https://repo.maven.apache.org/maven2/org/codehaus/plexus/plexus-utils/2.0.4/plexus-utils-2.0.4.pom
[f689fc5a-db7b-4f9f-ad6c-287c310b4f10/build]   | [INFO] Downloaded from central: https://repo.maven.apache.org/maven2/org/codehaus/plexus/plexus-utils/2.0.4/plexus-utils-2.0.4.pom (3.3 kB at 238 kB/s)
[f689fc5a-db7b-4f9f-ad6c-287c310b4f10/build]   | [INFO] Downloading from central: https://repo.maven.apache.org/maven2/org/apache/maven/maven-artifact/3.0/maven-artifact-3.0.pom
[f689fc5a-db7b-4f9f-ad6c-287c310b4f10/build]   | [INFO] Downloaded from central: https://repo.maven.apache.org/maven2/org/apache/maven/maven-artifact/3.0/maven-artifact-3.0.pom (1.9 kB at 148 kB/s)
[f689fc5a-db7b-4f9f-ad6c-287c310b4f10/build]   | [INFO] Downloading from central: https://repo.maven.apache.org/maven2/org/sonatype/sisu/sisu-inject-plexus/1.4.2/sisu-inject-plexus-1.4.2.pom
[f689fc5a-db7b-4f9f-ad6c-287c310b4f10/build]   | [INFO] Downloaded from central: https://repo.maven.apache.org/maven2/org/sonatype/sisu/sisu-inject-plexus/1.4.2/sisu-inject-plexus-1.4.2.pom (5.4 kB at 336 kB/s)
[f689fc5a-db7b-4f9f-ad6c-287c310b4f10/build]   | [INFO] Downloading from central: https://repo.maven.apache.org/maven2/org/sonatype/sisu/inject/guice-plexus/1.4.2/guice-plexus-1.4.2.pom
[f689fc5a-db7b-4f9f-ad6c-287c310b4f10/build]   | [INFO] Downloaded from central: https://repo.maven.apache.org/maven2/org/sonatype/sisu/inject/guice-plexus/1.4.2/guice-plexus-1.4.2.pom (3.1 kB at 196 kB/s)
[f689fc5a-db7b-4f9f-ad6c-287c310b4f10/build]   | [INFO] Downloading from central: https://repo.maven.apache.org/maven2/org/sonatype/sisu/inject/guice-bean/1.4.2/guice-bean-1.4.2.pom
[f689fc5a-db7b-4f9f-ad6c-287c310b4f10/build]   | [INFO] Downloaded from central: https://repo.maven.apache.org/maven2/org/sonatype/sisu/inject/guice-bean/1.4.2/guice-bean-1.4.2.pom (2.6 kB at 174 kB/s)
[f689fc5a-db7b-4f9f-ad6c-287c310b4f10/build]   | [INFO] Downloading from central: https://repo.maven.apache.org/maven2/org/sonatype/sisu/sisu-inject/1.4.2/sisu-inject-1.4.2.pom
[f689fc5a-db7b-4f9f-ad6c-287c310b4f10/build]   | [INFO] Downloaded from central: https://repo.maven.apache.org/maven2/org/sonatype/sisu/sisu-inject/1.4.2/sisu-inject-1.4.2.pom (1.2 kB at 78 kB/s)
[f689fc5a-db7b-4f9f-ad6c-287c310b4f10/build]   | [INFO] Downloading from central: https://repo.maven.apache.org/maven2/org/sonatype/sisu/sisu-parent/1.4.2/sisu-parent-1.4.2.pom
[f689fc5a-db7b-4f9f-ad6c-287c310b4f10/build]   | [INFO] Downloaded from central: https://repo.maven.apache.org/maven2/org/sonatype/sisu/sisu-parent/1.4.2/sisu-parent-1.4.2.pom (7.8 kB at 486 kB/s)
[f689fc5a-db7b-4f9f-ad6c-287c310b4f10/build]   | [INFO] Downloading from central: https://repo.maven.apache.org/maven2/org/sonatype/forge/forge-parent/6/forge-parent-6.pom
[f689fc5a-db7b-4f9f-ad6c-287c310b4f10/build]   | [INFO] Downloaded from central: https://repo.maven.apache.org/maven2/org/sonatype/forge/forge-parent/6/forge-parent-6.pom (11 kB at 633 kB/s)
[f689fc5a-db7b-4f9f-ad6c-287c310b4f10/build]   | [INFO] Downloading from central: https://repo.maven.apache.org/maven2/org/codehaus/plexus/plexus-classworlds/2.2.3/plexus-classworlds-2.2.3.pom
[f689fc5a-db7b-4f9f-ad6c-287c310b4f10/build]   | [INFO] Downloaded from central: https://repo.maven.apache.org/maven2/org/codehaus/plexus/plexus-classworlds/2.2.3/plexus-classworlds-2.2.3.pom (4.0 kB at 286 kB/s)
[f689fc5a-db7b-4f9f-ad6c-287c310b4f10/build]   | [INFO] Downloading from central: https://repo.maven.apache.org/maven2/org/sonatype/sisu/sisu-inject-bean/1.4.2/sisu-inject-bean-1.4.2.pom
[f689fc5a-db7b-4f9f-ad6c-287c310b4f10/build]   | [INFO] Downloaded from central: https://repo.maven.apache.org/maven2/org/sonatype/sisu/sisu-inject-bean/1.4.2/sisu-inject-bean-1.4.2.pom (5.5 kB at 341 kB/s)
[f689fc5a-db7b-4f9f-ad6c-287c310b4f10/build]   | [INFO] Downloading from central: https://repo.maven.apache.org/maven2/org/sonatype/sisu/sisu-guice/2.1.7/sisu-guice-2.1.7.pom
[f689fc5a-db7b-4f9f-ad6c-287c310b4f10/build]   | [INFO] Downloaded from central: https://repo.maven.apache.org/maven2/org/sonatype/sisu/sisu-guice/2.1.7/sisu-guice-2.1.7.pom (11 kB at 790 kB/s)
[f689fc5a-db7b-4f9f-ad6c-287c310b4f10/build]   | [INFO] Downloading from central: https://repo.maven.apache.org/maven2/org/apache/maven/shared/maven-shared-io/3.0.0/maven-shared-io-3.0.0.pom
[f689fc5a-db7b-4f9f-ad6c-287c310b4f10/build]   | [INFO] Downloaded from central: https://repo.maven.apache.org/maven2/org/apache/maven/shared/maven-shared-io/3.0.0/maven-shared-io-3.0.0.pom (4.2 kB at 181 kB/s)
[f689fc5a-db7b-4f9f-ad6c-287c310b4f10/build]   | [INFO] Downloading from central: https://repo.maven.apache.org/maven2/org/apache/maven/maven-compat/3.0/maven-compat-3.0.pom
[f689fc5a-db7b-4f9f-ad6c-287c310b4f10/build]   | [INFO] Downloaded from central: https://repo.maven.apache.org/maven2/org/apache/maven/maven-compat/3.0/maven-compat-3.0.pom (4.0 kB at 251 kB/s)
[f689fc5a-db7b-4f9f-ad6c-287c310b4f10/build]   | [INFO] Downloading from central: https://repo.maven.apache.org/maven2/org/apache/maven/maven-model-builder/3.0/maven-model-builder-3.0.pom
[f689fc5a-db7b-4f9f-ad6c-287c310b4f10/build]   | [INFO] Downloaded from central: https://repo.maven.apache.org/maven2/org/apache/maven/maven-model-builder/3.0/maven-model-builder-3.0.pom (2.2 kB at 140 kB/s)
[f689fc5a-db7b-4f9f-ad6c-287c310b4f10/build]   | [INFO] Downloading from central: https://repo.maven.apache.org/maven2/org/codehaus/plexus/plexus-interpolation/1.14/plexus-interpolation-1.14.pom
[f689fc5a-db7b-4f9f-ad6c-287c310b4f10/build]   | [INFO] Downloaded from central: https://repo.maven.apache.org/maven2/org/codehaus/plexus/plexus-interpolation/1.14/plexus-interpolation-1.14.pom (910 B at 61 kB/s)
[f689fc5a-db7b-4f9f-ad6c-287c310b4f10/build]   | [INFO] Downloading from central: https://repo.maven.apache.org/maven2/org/codehaus/plexus/plexus-components/1.1.18/plexus-components-1.1.18.pom
[f689fc5a-db7b-4f9f-ad6c-287c310b4f10/build]   | [INFO] Downloaded from central: https://repo.maven.apache.org/maven2/org/codehaus/plexus/plexus-components/1.1.18/plexus-components-1.1.18.pom (5.4 kB at 268 kB/s)
[f689fc5a-db7b-4f9f-ad6c-287c310b4f10/build]   | [INFO] Downloading from central: https://repo.maven.apache.org/maven2/org/apache/maven/maven-settings/3.0/maven-settings-3.0.pom
[f689fc5a-db7b-4f9f-ad6c-287c310b4f10/build]   | [INFO] Downloaded from central: https://repo.maven.apache.org/maven2/org/apache/maven/maven-settings/3.0/maven-settings-3.0.pom (1.9 kB at 57 kB/s)
[f689fc5a-db7b-4f9f-ad6c-287c310b4f10/build]   | [INFO] Downloading from central: https://repo.maven.apache.org/maven2/org/apache/maven/maven-core/3.0/maven-core-3.0.pom
[f689fc5a-db7b-4f9f-ad6c-287c310b4f10/build]   | [INFO] Downloaded from central: https://repo.maven.apache.org/maven2/org/apache/maven/maven-core/3.0/maven-core-3.0.pom (6.6 kB at 174 kB/s)
[f689fc5a-db7b-4f9f-ad6c-287c310b4f10/build]   | [INFO] Downloading from central: https://repo.maven.apache.org/maven2/org/apache/maven/maven-settings-builder/3.0/maven-settings-builder-3.0.pom
[f689fc5a-db7b-4f9f-ad6c-287c310b4f10/build]   | [INFO] Downloaded from central: https://repo.maven.apache.org/maven2/org/apache/maven/maven-settings-builder/3.0/maven-settings-builder-3.0.pom (2.2 kB at 63 kB/s)
[f689fc5a-db7b-4f9f-ad6c-287c310b4f10/build]   | [INFO] Downloading from central: https://repo.maven.apache.org/maven2/org/apache/maven/maven-repository-metadata/3.0/maven-repository-metadata-3.0.pom
[f689fc5a-db7b-4f9f-ad6c-287c310b4f10/build]   | [INFO] Downloaded from central: https://repo.maven.apache.org/maven2/org/apache/maven/maven-repository-metadata/3.0/maven-repository-metadata-3.0.pom (1.9 kB at 62 kB/s)
[f689fc5a-db7b-4f9f-ad6c-287c310b4f10/build]   | [INFO] Downloading from central: https://repo.maven.apache.org/maven2/org/apache/maven/maven-aether-provider/3.0/maven-aether-provider-3.0.pom
[f689fc5a-db7b-4f9f-ad6c-287c310b4f10/build]   | [INFO] Downloaded from central: https://repo.maven.apache.org/maven2/org/apache/maven/maven-aether-provider/3.0/maven-aether-provider-3.0.pom (2.5 kB at 57 kB/s)
[f689fc5a-db7b-4f9f-ad6c-287c310b4f10/build]   | [INFO] Downloading from central: https://repo.maven.apache.org/maven2/org/sonatype/aether/aether-api/1.7/aether-api-1.7.pom
[f689fc5a-db7b-4f9f-ad6c-287c310b4f10/build]   | [INFO] Downloaded from central: https://repo.maven.apache.org/maven2/org/sonatype/aether/aether-api/1.7/aether-api-1.7.pom (1.7 kB at 58 kB/s)
[f689fc5a-db7b-4f9f-ad6c-287c310b4f10/build]   | [INFO] Downloading from central: https://repo.maven.apache.org/maven2/org/sonatype/aether/aether-parent/1.7/aether-parent-1.7.pom
[f689fc5a-db7b-4f9f-ad6c-287c310b4f10/build]   | [INFO] Downloaded from central: https://repo.maven.apache.org/maven2/org/sonatype/aether/aether-parent/1.7/aether-parent-1.7.pom (7.7 kB at 227 kB/s)
[f689fc5a-db7b-4f9f-ad6c-287c310b4f10/build]   | [INFO] Downloading from central: https://repo.maven.apache.org/maven2/org/sonatype/aether/aether-util/1.7/aether-util-1.7.pom
[f689fc5a-db7b-4f9f-ad6c-287c310b4f10/build]   | [INFO] Downloaded from central: https://repo.maven.apache.org/maven2/org/sonatype/aether/aether-util/1.7/aether-util-1.7.pom (2.1 kB at 62 kB/s)
[f689fc5a-db7b-4f9f-ad6c-287c310b4f10/build]   | [INFO] Downloading from central: https://repo.maven.apache.org/maven2/org/sonatype/aether/aether-impl/1.7/aether-impl-1.7.pom
[f689fc5a-db7b-4f9f-ad6c-287c310b4f10/build]   | [INFO] Downloaded from central: https://repo.maven.apache.org/maven2/org/sonatype/aether/aether-impl/1.7/aether-impl-1.7.pom (3.7 kB at 106 kB/s)
[f689fc5a-db7b-4f9f-ad6c-287c310b4f10/build]   | [INFO] Downloading from central: https://repo.maven.apache.org/maven2/org/sonatype/aether/aether-spi/1.7/aether-spi-1.7.pom
[f689fc5a-db7b-4f9f-ad6c-287c310b4f10/build]   | [INFO] Downloaded from central: https://repo.maven.apache.org/maven2/org/sonatype/aether/aether-spi/1.7/aether-spi-1.7.pom (1.7 kB at 58 kB/s)
[f689fc5a-db7b-4f9f-ad6c-287c310b4f10/build]   | [INFO] Downloading from central: https://repo.maven.apache.org/maven2/org/apache/maven/wagon/wagon-provider-api/1.0-beta-6/wagon-provider-api-1.0-beta-6.pom
[f689fc5a-db7b-4f9f-ad6c-287c310b4f10/build]   | [INFO] Downloaded from central: https://repo.maven.apache.org/maven2/org/apache/maven/wagon/wagon-provider-api/1.0-beta-6/wagon-provider-api-1.0-beta-6.pom (1.8 kB at 42 kB/s)
[f689fc5a-db7b-4f9f-ad6c-287c310b4f10/build]   | [INFO] Downloading from central: https://repo.maven.apache.org/maven2/org/apache/maven/wagon/wagon/1.0-beta-6/wagon-1.0-beta-6.pom
[f689fc5a-db7b-4f9f-ad6c-287c310b4f10/build]   | [INFO] Downloaded from central: https://repo.maven.apache.org/maven2/org/apache/maven/wagon/wagon/1.0-beta-6/wagon-1.0-beta-6.pom (12 kB at 275 kB/s)
[f689fc5a-db7b-4f9f-ad6c-287c310b4f10/build]   | [INFO] Downloading from central: https://repo.maven.apache.org/maven2/org/codehaus/plexus/plexus-utils/1.4.2/plexus-utils-1.4.2.pom
[f689fc5a-db7b-4f9f-ad6c-287c310b4f10/build]   | [INFO] Downloaded from central: https://repo.maven.apache.org/maven2/org/codehaus/plexus/plexus-utils/1.4.2/plexus-utils-1.4.2.pom (2.0 kB at 68 kB/s)
[f689fc5a-db7b-4f9f-ad6c-287c310b4f10/build]   | [INFO] Downloading from central: https://repo.maven.apache.org/maven2/org/apache/maven/wagon/wagon-provider-api/2.10/wagon-provider-api-2.10.pom
[f689fc5a-db7b-4f9f-ad6c-287c310b4f10/build]   | [INFO] Downloaded from central: https://repo.maven.apache.org/maven2/org/apache/maven/wagon/wagon-provider-api/2.10/wagon-provider-api-2.10.pom (1.7 kB at 75 kB/s)
[f689fc5a-db7b-4f9f-ad6c-287c310b4f10/build]   | [INFO] Downloading from central: https://repo.maven.apache.org/maven2/org/apache/maven/wagon/wagon/2.10/wagon-2.10.pom
[f689fc5a-db7b-4f9f-ad6c-287c310b4f10/build]   | [INFO] Downloaded from central: https://repo.maven.apache.org/maven2/org/apache/maven/wagon/wagon/2.10/wagon-2.10.pom (21 kB at 446 kB/s)
[f689fc5a-db7b-4f9f-ad6c-287c310b4f10/build]   | [INFO] Downloading from central: https://repo.maven.apache.org/maven2/org/apache/maven/maven-parent/26/maven-parent-26.pom
[f689fc5a-db7b-4f9f-ad6c-287c310b4f10/build]   | [INFO] Downloaded from central: https://repo.maven.apache.org/maven2/org/apache/maven/maven-parent/26/maven-parent-26.pom (40 kB at 1.0 MB/s)
[f689fc5a-db7b-4f9f-ad6c-287c310b4f10/build]   | [INFO] Downloading from central: https://repo.maven.apache.org/maven2/org/apache/apache/16/apache-16.pom
[f689fc5a-db7b-4f9f-ad6c-287c310b4f10/build]   | [INFO] Downloaded from central: https://repo.maven.apache.org/maven2/org/apache/apache/16/apache-16.pom (15 kB at 513 kB/s)
[f689fc5a-db7b-4f9f-ad6c-287c310b4f10/build]   | [INFO] Downloading from central: https://repo.maven.apache.org/maven2/org/codehaus/plexus/plexus-utils/3.0.15/plexus-utils-3.0.15.pom
[f689fc5a-db7b-4f9f-ad6c-287c310b4f10/build]   | [INFO] Downloaded from central: https://repo.maven.apache.org/maven2/org/codehaus/plexus/plexus-utils/3.0.15/plexus-utils-3.0.15.pom (3.1 kB at 131 kB/s)
[f689fc5a-db7b-4f9f-ad6c-287c310b4f10/build]   | [INFO] Downloading from central: https://repo.maven.apache.org/maven2/org/apache/maven/shared/maven-shared-utils/3.0.0/maven-shared-utils-3.0.0.pom
[f689fc5a-db7b-4f9f-ad6c-287c310b4f10/build]   | [INFO] Downloaded from central: https://repo.maven.apache.org/maven2/org/apache/maven/shared/maven-shared-utils/3.0.0/maven-shared-utils-3.0.0.pom (5.6 kB at 266 kB/s)
[f689fc5a-db7b-4f9f-ad6c-287c310b4f10/build]   | [INFO] Downloading from central: https://repo.maven.apache.org/maven2/org/apache/maven/shared/maven-shared-components/21/maven-shared-components-21.pom
[f689fc5a-db7b-4f9f-ad6c-287c310b4f10/build]   | [INFO] Downloaded from central: https://repo.maven.apache.org/maven2/org/apache/maven/shared/maven-shared-components/21/maven-shared-components-21.pom (5.1 kB at 196 kB/s)
[f689fc5a-db7b-4f9f-ad6c-287c310b4f10/build]   | [INFO] Downloading from central: https://repo.maven.apache.org/maven2/org/apache/maven/maven-parent/25/maven-parent-25.pom
[f689fc5a-db7b-4f9f-ad6c-287c310b4f10/build]   | [INFO] Downloaded from central: https://repo.maven.apache.org/maven2/org/apache/maven/maven-parent/25/maven-parent-25.pom (37 kB at 2.1 MB/s)
[f689fc5a-db7b-4f9f-ad6c-287c310b4f10/build]   | [INFO] Downloading from central: https://repo.maven.apache.org/maven2/org/apache/apache/15/apache-15.pom
[f689fc5a-db7b-4f9f-ad6c-287c310b4f10/build]   | [INFO] Downloaded from central: https://repo.maven.apache.org/maven2/org/apache/apache/15/apache-15.pom (15 kB at 1.1 MB/s)
[f689fc5a-db7b-4f9f-ad6c-287c310b4f10/build]   | [INFO] Downloading from central: https://repo.maven.apache.org/maven2/commons-io/commons-io/2.4/commons-io-2.4.pom
[f689fc5a-db7b-4f9f-ad6c-287c310b4f10/build]   | [INFO] Downloaded from central: https://repo.maven.apache.org/maven2/commons-io/commons-io/2.4/commons-io-2.4.pom (10 kB at 391 kB/s)
[f689fc5a-db7b-4f9f-ad6c-287c310b4f10/build]   | [INFO] Downloading from central: https://repo.maven.apache.org/maven2/org/apache/commons/commons-parent/25/commons-parent-25.pom
[f689fc5a-db7b-4f9f-ad6c-287c310b4f10/build]   | [INFO] Downloaded from central: https://repo.maven.apache.org/maven2/org/apache/commons/commons-parent/25/commons-parent-25.pom (48 kB at 1.5 MB/s)
[f689fc5a-db7b-4f9f-ad6c-287c310b4f10/build]   | [INFO] Downloading from central: https://repo.maven.apache.org/maven2/org/codehaus/plexus/plexus-utils/3.0.22/plexus-utils-3.0.22.pom
[f689fc5a-db7b-4f9f-ad6c-287c310b4f10/build]   | [INFO] Downloaded from central: https://repo.maven.apache.org/maven2/org/codehaus/plexus/plexus-utils/3.0.22/plexus-utils-3.0.22.pom (3.8 kB at 426 kB/s)
[f689fc5a-db7b-4f9f-ad6c-287c310b4f10/build]   | [INFO] Downloading from central: https://repo.maven.apache.org/maven2/org/apache/maven/maven-archiver/3.5.2/maven-archiver-3.5.2.pom
[f689fc5a-db7b-4f9f-ad6c-287c310b4f10/build]   | [INFO] Downloaded from central: https://repo.maven.apache.org/maven2/org/apache/maven/maven-archiver/3.5.2/maven-archiver-3.5.2.pom (5.5 kB at 504 kB/s)
[f689fc5a-db7b-4f9f-ad6c-287c310b4f10/build]   | [INFO] Downloading from central: https://repo.maven.apache.org/maven2/org/apache/maven/shared/maven-shared-components/34/maven-shared-components-34.pom
[f689fc5a-db7b-4f9f-ad6c-287c310b4f10/build]   | [INFO] Downloaded from central: https://repo.maven.apache.org/maven2/org/apache/maven/shared/maven-shared-components/34/maven-shared-components-34.pom (5.1 kB at 364 kB/s)
[f689fc5a-db7b-4f9f-ad6c-287c310b4f10/build]   | [INFO] Downloading from central: https://repo.maven.apache.org/maven2/org/apache/maven/maven-artifact/3.1.1/maven-artifact-3.1.1.pom
[f689fc5a-db7b-4f9f-ad6c-287c310b4f10/build]   | [INFO] Downloaded from central: https://repo.maven.apache.org/maven2/org/apache/maven/maven-artifact/3.1.1/maven-artifact-3.1.1.pom (2.0 kB at 116 kB/s)
[f689fc5a-db7b-4f9f-ad6c-287c310b4f10/build]   | [INFO] Downloading from central: https://repo.maven.apache.org/maven2/org/apache/maven/maven/3.1.1/maven-3.1.1.pom
[f689fc5a-db7b-4f9f-ad6c-287c310b4f10/build]   | [INFO] Downloaded from central: https://repo.maven.apache.org/maven2/org/apache/maven/maven/3.1.1/maven-3.1.1.pom (22 kB at 818 kB/s)
[f689fc5a-db7b-4f9f-ad6c-287c310b4f10/build]   | [INFO] Downloading from central: https://repo.maven.apache.org/maven2/org/apache/maven/maven-model/3.1.1/maven-model-3.1.1.pom
[f689fc5a-db7b-4f9f-ad6c-287c310b4f10/build]   | [INFO] Downloaded from central: https://repo.maven.apache.org/maven2/org/apache/maven/maven-model/3.1.1/maven-model-3.1.1.pom (4.1 kB at 244 kB/s)
[f689fc5a-db7b-4f9f-ad6c-287c310b4f10/build]   | [INFO] Downloading from central: https://repo.maven.apache.org/maven2/org/apache/maven/maven-core/3.1.1/maven-core-3.1.1.pom
[f689fc5a-db7b-4f9f-ad6c-287c310b4f10/build]   | [INFO] Downloaded from central: https://repo.maven.apache.org/maven2/org/apache/maven/maven-core/3.1.1/maven-core-3.1.1.pom (7.3 kB at 454 kB/s)
[f689fc5a-db7b-4f9f-ad6c-287c310b4f10/build]   | [INFO] Downloading from central: https://repo.maven.apache.org/maven2/org/apache/maven/maven-settings/3.1.1/maven-settings-3.1.1.pom
[f689fc5a-db7b-4f9f-ad6c-287c310b4f10/build]   | [INFO] Downloaded from central: https://repo.maven.apache.org/maven2/org/apache/maven/maven-settings/3.1.1/maven-settings-3.1.1.pom (2.2 kB at 155 kB/s)
[f689fc5a-db7b-4f9f-ad6c-287c310b4f10/build]   | [INFO] Downloading from central: https://repo.maven.apache.org/maven2/org/apache/maven/maven-settings-builder/3.1.1/maven-settings-builder-3.1.1.pom
[f689fc5a-db7b-4f9f-ad6c-287c310b4f10/build]   | [INFO] Downloaded from central: https://repo.maven.apache.org/maven2/org/apache/maven/maven-settings-builder/3.1.1/maven-settings-builder-3.1.1.pom (2.6 kB at 236 kB/s)
[f689fc5a-db7b-4f9f-ad6c-287c310b4f10/build]   | [INFO] Downloading from central: https://repo.maven.apache.org/maven2/org/codehaus/plexus/plexus-interpolation/1.19/plexus-interpolation-1.19.pom
[f689fc5a-db7b-4f9f-ad6c-287c310b4f10/build]   | [INFO] Downloaded from central: https://repo.maven.apache.org/maven2/org/codehaus/plexus/plexus-interpolation/1.19/plexus-interpolation-1.19.pom (1.0 kB at 57 kB/s)
[f689fc5a-db7b-4f9f-ad6c-287c310b4f10/build]   | [INFO] Downloading from central: https://repo.maven.apache.org/maven2/org/apache/maven/maven-repository-metadata/3.1.1/maven-repository-metadata-3.1.1.pom
[f689fc5a-db7b-4f9f-ad6c-287c310b4f10/build]   | [INFO] Downloaded from central: https://repo.maven.apache.org/maven2/org/apache/maven/maven-repository-metadata/3.1.1/maven-repository-metadata-3.1.1.pom (2.2 kB at 111 kB/s)
[f689fc5a-db7b-4f9f-ad6c-287c310b4f10/build]   | [INFO] Downloading from central: https://repo.maven.apache.org/maven2/org/apache/maven/maven-plugin-api/3.1.1/maven-plugin-api-3.1.1.pom
[f689fc5a-db7b-4f9f-ad6c-287c310b4f10/build]   | [INFO] Downloaded from central: https://repo.maven.apache.org/maven2/org/apache/maven/maven-plugin-api/3.1.1/maven-plugin-api-3.1.1.pom (3.4 kB at 154 kB/s)
[f689fc5a-db7b-4f9f-ad6c-287c310b4f10/build]   | [INFO] Downloading from central: https://repo.maven.apache.org/maven2/org/eclipse/sisu/org.eclipse.sisu.plexus/0.0.0.M5/org.eclipse.sisu.plexus-0.0.0.M5.pom
[f689fc5a-db7b-4f9f-ad6c-287c310b4f10/build]   | [INFO] Downloaded from central: https://repo.maven.apache.org/maven2/org/eclipse/sisu/org.eclipse.sisu.plexus/0.0.0.M5/org.eclipse.sisu.plexus-0.0.0.M5.pom (4.8 kB at 230 kB/s)
[f689fc5a-db7b-4f9f-ad6c-287c310b4f10/build]   | [INFO] Downloading from central: https://repo.maven.apache.org/maven2/org/eclipse/sisu/sisu-plexus/0.0.0.M5/sisu-plexus-0.0.0.M5.pom
[f689fc5a-db7b-4f9f-ad6c-287c310b4f10/build]   | [INFO] Downloaded from central: https://repo.maven.apache.org/maven2/org/eclipse/sisu/sisu-plexus/0.0.0.M5/sisu-plexus-0.0.0.M5.pom (13 kB at 550 kB/s)
[f689fc5a-db7b-4f9f-ad6c-287c310b4f10/build]   | [INFO] Downloading from central: https://repo.maven.apache.org/maven2/org/eclipse/sisu/org.eclipse.sisu.inject/0.0.0.M5/org.eclipse.sisu.inject-0.0.0.M5.pom
[f689fc5a-db7b-4f9f-ad6c-287c310b4f10/build]   | [INFO] Downloaded from central: https://repo.maven.apache.org/maven2/org/eclipse/sisu/org.eclipse.sisu.inject/0.0.0.M5/org.eclipse.sisu.inject-0.0.0.M5.pom (2.5 kB at 90 kB/s)
[f689fc5a-db7b-4f9f-ad6c-287c310b4f10/build]   | [INFO] Downloading from central: https://repo.maven.apache.org/maven2/org/eclipse/sisu/sisu-inject/0.0.0.M5/sisu-inject-0.0.0.M5.pom
[f689fc5a-db7b-4f9f-ad6c-287c310b4f10/build]   | [INFO] Downloaded from central: https://repo.maven.apache.org/maven2/org/eclipse/sisu/sisu-inject/0.0.0.M5/sisu-inject-0.0.0.M5.pom (14 kB at 451 kB/s)
[f689fc5a-db7b-4f9f-ad6c-287c310b4f10/build]   | [INFO] Downloading from central: https://repo.maven.apache.org/maven2/org/apache/maven/maven-model-builder/3.1.1/maven-model-builder-3.1.1.pom
[f689fc5a-db7b-4f9f-ad6c-287c310b4f10/build]   | [INFO] Downloaded from central: https://repo.maven.apache.org/maven2/org/apache/maven/maven-model-builder/3.1.1/maven-model-builder-3.1.1.pom (2.8 kB at 94 kB/s)
[f689fc5a-db7b-4f9f-ad6c-287c310b4f10/build]   | [INFO] Downloading from central: https://repo.maven.apache.org/maven2/org/apache/maven/maven-aether-provider/3.1.1/maven-aether-provider-3.1.1.pom
[f689fc5a-db7b-4f9f-ad6c-287c310b4f10/build]   | [INFO] Downloaded from central: https://repo.maven.apache.org/maven2/org/apache/maven/maven-aether-provider/3.1.1/maven-aether-provider-3.1.1.pom (4.1 kB at 105 kB/s)
[f689fc5a-db7b-4f9f-ad6c-287c310b4f10/build]   | [INFO] Downloading from central: https://repo.maven.apache.org/maven2/org/codehaus/plexus/plexus-classworlds/2.5.1/plexus-classworlds-2.5.1.pom
[f689fc5a-db7b-4f9f-ad6c-287c310b4f10/build]   | [INFO] Downloaded from central: https://repo.maven.apache.org/maven2/org/codehaus/plexus/plexus-classworlds/2.5.1/plexus-classworlds-2.5.1.pom (5.0 kB at 152 kB/s)
[f689fc5a-db7b-4f9f-ad6c-287c310b4f10/build]   | [INFO] Downloading from central: https://repo.maven.apache.org/maven2/org/apache/maven/shared/maven-shared-utils/3.3.3/maven-shared-utils-3.3.3.pom
[f689fc5a-db7b-4f9f-ad6c-287c310b4f10/build]   | [INFO] Downloaded from central: https://repo.maven.apache.org/maven2/org/apache/maven/shared/maven-shared-utils/3.3.3/maven-shared-utils-3.3.3.pom (5.8 kB at 144 kB/s)
[f689fc5a-db7b-4f9f-ad6c-287c310b4f10/build]   | [INFO] Downloading from central: https://repo.maven.apache.org/maven2/commons-io/commons-io/2.6/commons-io-2.6.pom
[f689fc5a-db7b-4f9f-ad6c-287c310b4f10/build]   | [INFO] Downloaded from central: https://repo.maven.apache.org/maven2/commons-io/commons-io/2.6/commons-io-2.6.pom (14 kB at 432 kB/s)
[f689fc5a-db7b-4f9f-ad6c-287c310b4f10/build]   | [INFO] Downloading from central: https://repo.maven.apache.org/maven2/org/apache/commons/commons-parent/42/commons-parent-42.pom
[f689fc5a-db7b-4f9f-ad6c-287c310b4f10/build]   | [INFO] Downloaded from central: https://repo.maven.apache.org/maven2/org/apache/commons/commons-parent/42/commons-parent-42.pom (68 kB at 1.1 MB/s)
[f689fc5a-db7b-4f9f-ad6c-287c310b4f10/build]   | [INFO] Downloading from central: https://repo.maven.apache.org/maven2/org/apache/apache/18/apache-18.pom
[f689fc5a-db7b-4f9f-ad6c-287c310b4f10/build]   | [INFO] Downloaded from central: https://repo.maven.apache.org/maven2/org/apache/apache/18/apache-18.pom (16 kB at 307 kB/s)
[f689fc5a-db7b-4f9f-ad6c-287c310b4f10/build]   | [INFO] Downloading from central: https://repo.maven.apache.org/maven2/org/apache/commons/commons-compress/1.20/commons-compress-1.20.pom
[f689fc5a-db7b-4f9f-ad6c-287c310b4f10/build]   | [INFO] Downloaded from central: https://repo.maven.apache.org/maven2/org/apache/commons/commons-compress/1.20/commons-compress-1.20.pom (18 kB at 481 kB/s)
[f689fc5a-db7b-4f9f-ad6c-287c310b4f10/build]   | [INFO] Downloading from central: https://repo.maven.apache.org/maven2/org/apache/commons/commons-parent/48/commons-parent-48.pom
[f689fc5a-db7b-4f9f-ad6c-287c310b4f10/build]   | [INFO] Downloaded from central: https://repo.maven.apache.org/maven2/org/apache/commons/commons-parent/48/commons-parent-48.pom (72 kB at 1.3 MB/s)
[f689fc5a-db7b-4f9f-ad6c-287c310b4f10/build]   | [INFO] Downloading from central: https://repo.maven.apache.org/maven2/org/apache/apache/21/apache-21.pom
[f689fc5a-db7b-4f9f-ad6c-287c310b4f10/build]   | [INFO] Downloaded from central: https://repo.maven.apache.org/maven2/org/apache/apache/21/apache-21.pom (17 kB at 335 kB/s)
[f689fc5a-db7b-4f9f-ad6c-287c310b4f10/build]   | [INFO] Downloading from central: https://repo.maven.apache.org/maven2/org/codehaus/plexus/plexus-archiver/4.2.7/plexus-archiver-4.2.7.pom
[f689fc5a-db7b-4f9f-ad6c-287c310b4f10/build]   | [INFO] Downloaded from central: https://repo.maven.apache.org/maven2/org/codehaus/plexus/plexus-archiver/4.2.7/plexus-archiver-4.2.7.pom (4.9 kB at 104 kB/s)
[f689fc5a-db7b-4f9f-ad6c-287c310b4f10/build]   | [INFO] Downloading from central: https://repo.maven.apache.org/maven2/org/codehaus/plexus/plexus/8/plexus-8.pom
[f689fc5a-db7b-4f9f-ad6c-287c310b4f10/build]   | [INFO] Downloaded from central: https://repo.maven.apache.org/maven2/org/codehaus/plexus/plexus/8/plexus-8.pom (25 kB at 530 kB/s)
[f689fc5a-db7b-4f9f-ad6c-287c310b4f10/build]   | [INFO] Downloading from central: https://repo.maven.apache.org/maven2/org/codehaus/plexus/plexus-utils/3.4.1/plexus-utils-3.4.1.pom
[f689fc5a-db7b-4f9f-ad6c-287c310b4f10/build]   | [INFO] Downloaded from central: https://repo.maven.apache.org/maven2/org/codehaus/plexus/plexus-utils/3.4.1/plexus-utils-3.4.1.pom (8.0 kB at 234 kB/s)
[f689fc5a-db7b-4f9f-ad6c-287c310b4f10/build]   | [INFO] Downloading from central: https://repo.maven.apache.org/maven2/org/codehaus/plexus/plexus-io/3.2.0/plexus-io-3.2.0.pom
[f689fc5a-db7b-4f9f-ad6c-287c310b4f10/build]   | [INFO] Downloaded from central: https://repo.maven.apache.org/maven2/org/codehaus/plexus/plexus-io/3.2.0/plexus-io-3.2.0.pom (4.5 kB at 142 kB/s)
[f689fc5a-db7b-4f9f-ad6c-287c310b4f10/build]   | [INFO] Downloading from central: https://repo.maven.apache.org/maven2/org/codehaus/plexus/plexus-utils/3.3.0/plexus-utils-3.3.0.pom
[f689fc5a-db7b-4f9f-ad6c-287c310b4f10/build]   | [INFO] Downloaded from central: https://repo.maven.apache.org/maven2/org/codehaus/plexus/plexus-utils/3.3.0/plexus-utils-3.3.0.pom (5.2 kB at 133 kB/s)
[f689fc5a-db7b-4f9f-ad6c-287c310b4f10/build]   | [INFO] Downloading from central: https://repo.maven.apache.org/maven2/org/apache/commons/commons-compress/1.21/commons-compress-1.21.pom
[f689fc5a-db7b-4f9f-ad6c-287c310b4f10/build]   | [INFO] Downloaded from central: https://repo.maven.apache.org/maven2/org/apache/commons/commons-compress/1.21/commons-compress-1.21.pom (20 kB at 820 kB/s)
[f689fc5a-db7b-4f9f-ad6c-287c310b4f10/build]   | [INFO] Downloading from central: https://repo.maven.apache.org/maven2/org/apache/commons/commons-parent/52/commons-parent-52.pom
[f689fc5a-db7b-4f9f-ad6c-287c310b4f10/build]   | [INFO] Downloaded from central: https://repo.maven.apache.org/maven2/org/apache/commons/commons-parent/52/commons-parent-52.pom (79 kB at 1.5 MB/s)
[f689fc5a-db7b-4f9f-ad6c-287c310b4f10/build]   | [INFO] Downloading from central: https://repo.maven.apache.org/maven2/org/iq80/snappy/snappy/0.4/snappy-0.4.pom
[f689fc5a-db7b-4f9f-ad6c-287c310b4f10/build]   | [INFO] Downloaded from central: https://repo.maven.apache.org/maven2/org/iq80/snappy/snappy/0.4/snappy-0.4.pom (15 kB at 393 kB/s)
[f689fc5a-db7b-4f9f-ad6c-287c310b4f10/build]   | [INFO] Downloading from central: https://repo.maven.apache.org/maven2/org/tukaani/xz/1.9/xz-1.9.pom
[f689fc5a-db7b-4f9f-ad6c-287c310b4f10/build]   | [INFO] Downloaded from central: https://repo.maven.apache.org/maven2/org/tukaani/xz/1.9/xz-1.9.pom (2.0 kB at 48 kB/s)
[f689fc5a-db7b-4f9f-ad6c-287c310b4f10/build]   | [INFO] Downloading from central: https://repo.maven.apache.org/maven2/org/codehaus/plexus/plexus-interpolation/1.26/plexus-interpolation-1.26.pom
[f689fc5a-db7b-4f9f-ad6c-287c310b4f10/build]   | [INFO] Downloaded from central: https://repo.maven.apache.org/maven2/org/codehaus/plexus/plexus-interpolation/1.26/plexus-interpolation-1.26.pom (2.7 kB at 92 kB/s)
[f689fc5a-db7b-4f9f-ad6c-287c310b4f10/build]   | [INFO] Downloading from central: https://repo.maven.apache.org/maven2/org/apache/maven/shared/maven-shared-utils/3.3.4/maven-shared-utils-3.3.4.pom
[f689fc5a-db7b-4f9f-ad6c-287c310b4f10/build]   | [INFO] Downloaded from central: https://repo.maven.apache.org/maven2/org/apache/maven/shared/maven-shared-utils/3.3.4/maven-shared-utils-3.3.4.pom (5.8 kB at 139 kB/s)
[f689fc5a-db7b-4f9f-ad6c-287c310b4f10/build]   | [INFO] Downloading from central: https://repo.maven.apache.org/maven2/org/codehaus/plexus/plexus-utils/3.3.1/plexus-utils-3.3.1.pom
[f689fc5a-db7b-4f9f-ad6c-287c310b4f10/build]   | [INFO] Downloaded from central: https://repo.maven.apache.org/maven2/org/codehaus/plexus/plexus-utils/3.3.1/plexus-utils-3.3.1.pom (5.3 kB at 214 kB/s)
[f689fc5a-db7b-4f9f-ad6c-287c310b4f10/build]   | [INFO] Downloading from central: https://repo.maven.apache.org/maven2/org/apache/maven/maven-plugin-api/3.1.0/maven-plugin-api-3.1.0.jar
[f689fc5a-db7b-4f9f-ad6c-287c310b4f10/build]   | [INFO] Downloading from central: https://repo.maven.apache.org/maven2/org/apache/maven/maven-model/3.1.0/maven-model-3.1.0.jar
[f689fc5a-db7b-4f9f-ad6c-287c310b4f10/build]   | [INFO] Downloading from central: https://repo.maven.apache.org/maven2/org/eclipse/sisu/org.eclipse.sisu.plexus/0.0.0.M2a/org.eclipse.sisu.plexus-0.0.0.M2a.jar
[f689fc5a-db7b-4f9f-ad6c-287c310b4f10/build]   | [INFO] Downloading from central: https://repo.maven.apache.org/maven2/javax/enterprise/cdi-api/1.0/cdi-api-1.0.jar
[f689fc5a-db7b-4f9f-ad6c-287c310b4f10/build]   | [INFO] Downloading from central: https://repo.maven.apache.org/maven2/javax/annotation/jsr250-api/1.0/jsr250-api-1.0.jar
[f689fc5a-db7b-4f9f-ad6c-287c310b4f10/build]   | [INFO] Downloaded from central: https://repo.maven.apache.org/maven2/org/apache/maven/maven-plugin-api/3.1.0/maven-plugin-api-3.1.0.jar (50 kB at 874 kB/s)
[f689fc5a-db7b-4f9f-ad6c-287c310b4f10/build]   | [INFO] Downloading from central: https://repo.maven.apache.org/maven2/javax/inject/javax.inject/1/javax.inject-1.jar
[f689fc5a-db7b-4f9f-ad6c-287c310b4f10/build]   | [INFO] Downloaded from central: https://repo.maven.apache.org/maven2/org/eclipse/sisu/org.eclipse.sisu.plexus/0.0.0.M2a/org.eclipse.sisu.plexus-0.0.0.M2a.jar (202 kB at 3.9 MB/s)
[f689fc5a-db7b-4f9f-ad6c-287c310b4f10/build]   | [INFO] Downloading from central: https://repo.maven.apache.org/maven2/com/google/guava/guava/10.0.1/guava-10.0.1.jar
[f689fc5a-db7b-4f9f-ad6c-287c310b4f10/build]   | [INFO] Downloaded from central: https://repo.maven.apache.org/maven2/javax/enterprise/cdi-api/1.0/cdi-api-1.0.jar (45 kB at 864 kB/s)
[f689fc5a-db7b-4f9f-ad6c-287c310b4f10/build]   | [INFO] Downloading from central: https://repo.maven.apache.org/maven2/com/google/code/findbugs/jsr305/1.3.9/jsr305-1.3.9.jar
[f689fc5a-db7b-4f9f-ad6c-287c310b4f10/build]   | [INFO] Downloaded from central: https://repo.maven.apache.org/maven2/javax/annotation/jsr250-api/1.0/jsr250-api-1.0.jar (5.8 kB at 112 kB/s)
[f689fc5a-db7b-4f9f-ad6c-287c310b4f10/build]   | [INFO] Downloading from central: https://repo.maven.apache.org/maven2/org/sonatype/sisu/sisu-guice/3.1.0/sisu-guice-3.1.0-no_aop.jar
[f689fc5a-db7b-4f9f-ad6c-287c310b4f10/build]   | [INFO] Downloaded from central: https://repo.maven.apache.org/maven2/org/apache/maven/maven-model/3.1.0/maven-model-3.1.0.jar (164 kB at 2.5 MB/s)
[f689fc5a-db7b-4f9f-ad6c-287c310b4f10/build]   | [INFO] Downloading from central: https://repo.maven.apache.org/maven2/aopalliance/aopalliance/1.0/aopalliance-1.0.jar
[f689fc5a-db7b-4f9f-ad6c-287c310b4f10/build]   | [INFO] Downloaded from central: https://repo.maven.apache.org/maven2/javax/inject/javax.inject/1/javax.inject-1.jar (2.5 kB at 35 kB/s)
[f689fc5a-db7b-4f9f-ad6c-287c310b4f10/build]   | [INFO] Downloading from central: https://repo.maven.apache.org/maven2/org/eclipse/sisu/org.eclipse.sisu.inject/0.0.0.M2a/org.eclipse.sisu.inject-0.0.0.M2a.jar
[f689fc5a-db7b-4f9f-ad6c-287c310b4f10/build]   | [INFO] Downloaded from central: https://repo.maven.apache.org/maven2/aopalliance/aopalliance/1.0/aopalliance-1.0.jar (4.5 kB at 60 kB/s)
[f689fc5a-db7b-4f9f-ad6c-287c310b4f10/build]   | [INFO] Downloading from central: https://repo.maven.apache.org/maven2/asm/asm/3.3.1/asm-3.3.1.jar
[f689fc5a-db7b-4f9f-ad6c-287c310b4f10/build]   | [INFO] Downloaded from central: https://repo.maven.apache.org/maven2/com/google/code/findbugs/jsr305/1.3.9/jsr305-1.3.9.jar (33 kB at 384 kB/s)
[f689fc5a-db7b-4f9f-ad6c-287c310b4f10/build]   | [INFO] Downloading from central: https://repo.maven.apache.org/maven2/org/apache/maven/maven-core/3.1.0/maven-core-3.1.0.jar
[f689fc5a-db7b-4f9f-ad6c-287c310b4f10/build]   | [INFO] Downloaded from central: https://repo.maven.apache.org/maven2/org/sonatype/sisu/sisu-guice/3.1.0/sisu-guice-3.1.0-no_aop.jar (357 kB at 3.8 MB/s)
[f689fc5a-db7b-4f9f-ad6c-287c310b4f10/build]   | [INFO] Downloading from central: https://repo.maven.apache.org/maven2/org/apache/maven/maven-settings/3.1.0/maven-settings-3.1.0.jar
[f689fc5a-db7b-4f9f-ad6c-287c310b4f10/build]   | [INFO] Downloaded from central: https://repo.maven.apache.org/maven2/asm/asm/3.3.1/asm-3.3.1.jar (44 kB at 411 kB/s)
[f689fc5a-db7b-4f9f-ad6c-287c310b4f10/build]   | [INFO] Downloading from central: https://repo.maven.apache.org/maven2/org/apache/maven/maven-settings-builder/3.1.0/maven-settings-builder-3.1.0.jar
[f689fc5a-db7b-4f9f-ad6c-287c310b4f10/build]   | [INFO] Downloaded from central: https://repo.maven.apache.org/maven2/org/eclipse/sisu/org.eclipse.sisu.inject/0.0.0.M2a/org.eclipse.sisu.inject-0.0.0.M2a.jar (202 kB at 1.7 MB/s)
[f689fc5a-db7b-4f9f-ad6c-287c310b4f10/build]   | [INFO] Downloading from central: https://repo.maven.apache.org/maven2/org/apache/maven/maven-repository-metadata/3.1.0/maven-repository-metadata-3.1.0.jar
[f689fc5a-db7b-4f9f-ad6c-287c310b4f10/build]   | [INFO] Downloaded from central: https://repo.maven.apache.org/maven2/org/apache/maven/maven-settings/3.1.0/maven-settings-3.1.0.jar (47 kB at 383 kB/s)
[f689fc5a-db7b-4f9f-ad6c-287c310b4f10/build]   | [INFO] Downloading from central: https://repo.maven.apache.org/maven2/org/apache/maven/maven-model-builder/3.1.0/maven-model-builder-3.1.0.jar
[f689fc5a-db7b-4f9f-ad6c-287c310b4f10/build]   | [INFO] Downloaded from central: https://repo.maven.apache.org/maven2/org/apache/maven/maven-core/3.1.0/maven-core-3.1.0.jar (563 kB at 4.5 MB/s)
[f689fc5a-db7b-4f9f-ad6c-287c310b4f10/build]   | [INFO] Downloading from central: https://repo.maven.apache.org/maven2/org/apache/maven/maven-aether-provider/3.1.0/maven-aether-provider-3.1.0.jar
[f689fc5a-db7b-4f9f-ad6c-287c310b4f10/build]   | [INFO] Downloaded from central: https://repo.maven.apache.org/maven2/org/apache/maven/maven-settings-builder/3.1.0/maven-settings-builder-3.1.0.jar (41 kB at 307 kB/s)
[f689fc5a-db7b-4f9f-ad6c-287c310b4f10/build]   | [INFO] Downloading from central: https://repo.maven.apache.org/maven2/org/eclipse/aether/aether-spi/0.9.0.M2/aether-spi-0.9.0.M2.jar
[f689fc5a-db7b-4f9f-ad6c-287c310b4f10/build]   | [INFO] Downloaded from central: https://repo.maven.apache.org/maven2/org/apache/maven/maven-repository-metadata/3.1.0/maven-repository-metadata-3.1.0.jar (30 kB at 209 kB/s)
[f689fc5a-db7b-4f9f-ad6c-287c310b4f10/build]   | [INFO] Downloading from central: https://repo.maven.apache.org/maven2/org/eclipse/aether/aether-impl/0.9.0.M2/aether-impl-0.9.0.M2.jar
[f689fc5a-db7b-4f9f-ad6c-287c310b4f10/build]   | [INFO] Downloaded from central: https://repo.maven.apache.org/maven2/org/eclipse/aether/aether-spi/0.9.0.M2/aether-spi-0.9.0.M2.jar (18 kB at 105 kB/s)
[f689fc5a-db7b-4f9f-ad6c-287c310b4f10/build]   | [INFO] Downloading from central: https://repo.maven.apache.org/maven2/org/eclipse/aether/aether-api/0.9.0.M2/aether-api-0.9.0.M2.jar
[f689fc5a-db7b-4f9f-ad6c-287c310b4f10/build]   | [INFO] Downloaded from central: https://repo.maven.apache.org/maven2/org/apache/maven/maven-model-builder/3.1.0/maven-model-builder-3.1.0.jar (159 kB at 943 kB/s)
[f689fc5a-db7b-4f9f-ad6c-287c310b4f10/build]   | [INFO] Downloading from central: https://repo.maven.apache.org/maven2/org/eclipse/aether/aether-util/0.9.0.M2/aether-util-0.9.0.M2.jar
[f689fc5a-db7b-4f9f-ad6c-287c310b4f10/build]   | [INFO] Downloaded from central: https://repo.maven.apache.org/maven2/org/apache/maven/maven-aether-provider/3.1.0/maven-aether-provider-3.1.0.jar (60 kB at 355 kB/s)
[f689fc5a-db7b-4f9f-ad6c-287c310b4f10/build]   | [INFO] Downloading from central: https://repo.maven.apache.org/maven2/org/codehaus/plexus/plexus-interpolation/1.16/plexus-interpolation-1.16.jar
[f689fc5a-db7b-4f9f-ad6c-287c310b4f10/build]   | [INFO] Downloaded from central: https://repo.maven.apache.org/maven2/com/google/guava/guava/10.0.1/guava-10.0.1.jar (1.5 MB at 8.7 MB/s)
[f689fc5a-db7b-4f9f-ad6c-287c310b4f10/build]   | [INFO] Downloading from central: https://repo.maven.apache.org/maven2/org/codehaus/plexus/plexus-classworlds/2.4.2/plexus-classworlds-2.4.2.jar
[f689fc5a-db7b-4f9f-ad6c-287c310b4f10/build]   | [INFO] Downloaded from central: https://repo.maven.apache.org/maven2/org/eclipse/aether/aether-impl/0.9.0.M2/aether-impl-0.9.0.M2.jar (145 kB at 800 kB/s)
[f689fc5a-db7b-4f9f-ad6c-287c310b4f10/build]   | [INFO] Downloading from central: https://repo.maven.apache.org/maven2/org/codehaus/plexus/plexus-component-annotations/2.0.0/plexus-component-annotations-2.0.0.jar
[f689fc5a-db7b-4f9f-ad6c-287c310b4f10/build]   | [INFO] Downloaded from central: https://repo.maven.apache.org/maven2/org/eclipse/aether/aether-api/0.9.0.M2/aether-api-0.9.0.M2.jar (134 kB at 694 kB/s)
[f689fc5a-db7b-4f9f-ad6c-287c310b4f10/build]   | [INFO] Downloading from central: https://repo.maven.apache.org/maven2/org/sonatype/plexus/plexus-sec-dispatcher/1.3/plexus-sec-dispatcher-1.3.jar
[f689fc5a-db7b-4f9f-ad6c-287c310b4f10/build]   | [INFO] Downloaded from central: https://repo.maven.apache.org/maven2/org/codehaus/plexus/plexus-classworlds/2.4.2/plexus-classworlds-2.4.2.jar (47 kB at 241 kB/s)
[f689fc5a-db7b-4f9f-ad6c-287c310b4f10/build]   | [INFO] Downloading from central: https://repo.maven.apache.org/maven2/org/sonatype/plexus/plexus-cipher/1.4/plexus-cipher-1.4.jar
[f689fc5a-db7b-4f9f-ad6c-287c310b4f10/build]   | [INFO] Downloaded from central: https://repo.maven.apache.org/maven2/org/eclipse/aether/aether-util/0.9.0.M2/aether-util-0.9.0.M2.jar (134 kB at 678 kB/s)
[f689fc5a-db7b-4f9f-ad6c-287c310b4f10/build]   | [INFO] Downloading from central: https://repo.maven.apache.org/maven2/org/apache/maven/maven-artifact/3.1.0/maven-artifact-3.1.0.jar
[f689fc5a-db7b-4f9f-ad6c-287c310b4f10/build]   | [INFO] Downloaded from central: https://repo.maven.apache.org/maven2/org/codehaus/plexus/plexus-component-annotations/2.0.0/plexus-component-annotations-2.0.0.jar (4.2 kB at 21 kB/s)
[f689fc5a-db7b-4f9f-ad6c-287c310b4f10/build]   | [INFO] Downloaded from central: https://repo.maven.apache.org/maven2/org/codehaus/plexus/plexus-interpolation/1.16/plexus-interpolation-1.16.jar (61 kB at 298 kB/s)
[f689fc5a-db7b-4f9f-ad6c-287c310b4f10/build]   | [INFO] Downloading from central: https://repo.maven.apache.org/maven2/org/apache/maven/shared/file-management/3.0.0/file-management-3.0.0.jar
[f689fc5a-db7b-4f9f-ad6c-287c310b4f10/build]   | [INFO] Downloading from central: https://repo.maven.apache.org/maven2/org/apache/maven/shared/maven-shared-io/3.0.0/maven-shared-io-3.0.0.jar
[f689fc5a-db7b-4f9f-ad6c-287c310b4f10/build]   | [INFO] Downloaded from central: https://repo.maven.apache.org/maven2/org/sonatype/plexus/plexus-sec-dispatcher/1.3/plexus-sec-dispatcher-1.3.jar (29 kB at 132 kB/s)
[f689fc5a-db7b-4f9f-ad6c-287c310b4f10/build]   | [INFO] Downloading from central: https://repo.maven.apache.org/maven2/org/apache/maven/maven-compat/3.0/maven-compat-3.0.jar
[f689fc5a-db7b-4f9f-ad6c-287c310b4f10/build]   | [INFO] Downloaded from central: https://repo.maven.apache.org/maven2/org/sonatype/plexus/plexus-cipher/1.4/plexus-cipher-1.4.jar (13 kB at 59 kB/s)
[f689fc5a-db7b-4f9f-ad6c-287c310b4f10/build]   | [INFO] Downloading from central: https://repo.maven.apache.org/maven2/org/sonatype/sisu/sisu-inject-plexus/1.4.2/sisu-inject-plexus-1.4.2.jar
[f689fc5a-db7b-4f9f-ad6c-287c310b4f10/build]   | [INFO] Downloaded from central: https://repo.maven.apache.org/maven2/org/apache/maven/shared/file-management/3.0.0/file-management-3.0.0.jar (35 kB at 156 kB/s)
[f689fc5a-db7b-4f9f-ad6c-287c310b4f10/build]   | [INFO] Downloading from central: https://repo.maven.apache.org/maven2/org/sonatype/sisu/sisu-inject-bean/1.4.2/sisu-inject-bean-1.4.2.jar
[f689fc5a-db7b-4f9f-ad6c-287c310b4f10/build]   | [INFO] Downloaded from central: https://repo.maven.apache.org/maven2/org/apache/maven/maven-artifact/3.1.0/maven-artifact-3.1.0.jar (52 kB at 229 kB/s)
[f689fc5a-db7b-4f9f-ad6c-287c310b4f10/build]   | [INFO] Downloading from central: https://repo.maven.apache.org/maven2/org/sonatype/sisu/sisu-guice/2.1.7/sisu-guice-2.1.7-noaop.jar
[f689fc5a-db7b-4f9f-ad6c-287c310b4f10/build]   | [INFO] Downloaded from central: https://repo.maven.apache.org/maven2/org/apache/maven/shared/maven-shared-io/3.0.0/maven-shared-io-3.0.0.jar (41 kB at 178 kB/s)
[f689fc5a-db7b-4f9f-ad6c-287c310b4f10/build]   | [INFO] Downloading from central: https://repo.maven.apache.org/maven2/org/apache/maven/wagon/wagon-provider-api/2.10/wagon-provider-api-2.10.jar
[f689fc5a-db7b-4f9f-ad6c-287c310b4f10/build]   | [INFO] Downloaded from central: https://repo.maven.apache.org/maven2/org/apache/maven/maven-compat/3.0/maven-compat-3.0.jar (285 kB at 1.2 MB/s)
[f689fc5a-db7b-4f9f-ad6c-287c310b4f10/build]   | [INFO] Downloading from central: https://repo.maven.apache.org/maven2/org/apache/maven/maven-archiver/3.5.2/maven-archiver-3.5.2.jar
[f689fc5a-db7b-4f9f-ad6c-287c310b4f10/build]   | [INFO] Downloaded from central: https://repo.maven.apache.org/maven2/org/apache/maven/wagon/wagon-provider-api/2.10/wagon-provider-api-2.10.jar (54 kB at 219 kB/s)
[f689fc5a-db7b-4f9f-ad6c-287c310b4f10/build]   | [INFO] Downloading from central: https://repo.maven.apache.org/maven2/commons-io/commons-io/2.6/commons-io-2.6.jar
[f689fc5a-db7b-4f9f-ad6c-287c310b4f10/build]   | [INFO] Downloaded from central: https://repo.maven.apache.org/maven2/org/sonatype/sisu/sisu-inject-plexus/1.4.2/sisu-inject-plexus-1.4.2.jar (202 kB at 804 kB/s)
[f689fc5a-db7b-4f9f-ad6c-287c310b4f10/build]   | [INFO] Downloading from central: https://repo.maven.apache.org/maven2/org/apache/commons/commons-compress/1.20/commons-compress-1.20.jar
[f689fc5a-db7b-4f9f-ad6c-287c310b4f10/build]   | [INFO] Downloaded from central: https://repo.maven.apache.org/maven2/org/sonatype/sisu/sisu-guice/2.1.7/sisu-guice-2.1.7-noaop.jar (472 kB at 1.9 MB/s)
[f689fc5a-db7b-4f9f-ad6c-287c310b4f10/build]   | [INFO] Downloading from central: https://repo.maven.apache.org/maven2/org/codehaus/plexus/plexus-archiver/4.2.7/plexus-archiver-4.2.7.jar
[f689fc5a-db7b-4f9f-ad6c-287c310b4f10/build]   | [INFO] Downloaded from central: https://repo.maven.apache.org/maven2/org/sonatype/sisu/sisu-inject-bean/1.4.2/sisu-inject-bean-1.4.2.jar (153 kB at 598 kB/s)
[f689fc5a-db7b-4f9f-ad6c-287c310b4f10/build]   | [INFO] Downloading from central: https://repo.maven.apache.org/maven2/org/codehaus/plexus/plexus-io/3.2.0/plexus-io-3.2.0.jar
[f689fc5a-db7b-4f9f-ad6c-287c310b4f10/build]   | [INFO] Downloaded from central: https://repo.maven.apache.org/maven2/org/apache/maven/maven-archiver/3.5.2/maven-archiver-3.5.2.jar (26 kB at 102 kB/s)
[f689fc5a-db7b-4f9f-ad6c-287c310b4f10/build]   | [INFO] Downloading from central: https://repo.maven.apache.org/maven2/org/iq80/snappy/snappy/0.4/snappy-0.4.jar
[f689fc5a-db7b-4f9f-ad6c-287c310b4f10/build]   | [INFO] Downloaded from central: https://repo.maven.apache.org/maven2/commons-io/commons-io/2.6/commons-io-2.6.jar (215 kB at 817 kB/s)
[f689fc5a-db7b-4f9f-ad6c-287c310b4f10/build]   | [INFO] Downloading from central: https://repo.maven.apache.org/maven2/org/tukaani/xz/1.9/xz-1.9.jar
[f689fc5a-db7b-4f9f-ad6c-287c310b4f10/build]   | [INFO] Downloaded from central: https://repo.maven.apache.org/maven2/org/codehaus/plexus/plexus-archiver/4.2.7/plexus-archiver-4.2.7.jar (195 kB at 703 kB/s)
[f689fc5a-db7b-4f9f-ad6c-287c310b4f10/build]   | [INFO] Downloaded from central: https://repo.maven.apache.org/maven2/org/iq80/snappy/snappy/0.4/snappy-0.4.jar (58 kB at 209 kB/s)
[f689fc5a-db7b-4f9f-ad6c-287c310b4f10/build]   | [INFO] Downloading from central: https://repo.maven.apache.org/maven2/org/apache/maven/shared/maven-shared-utils/3.3.4/maven-shared-utils-3.3.4.jar
[f689fc5a-db7b-4f9f-ad6c-287c310b4f10/build]   | [INFO] Downloading from central: https://repo.maven.apache.org/maven2/org/codehaus/plexus/plexus-utils/3.3.1/plexus-utils-3.3.1.jar
[f689fc5a-db7b-4f9f-ad6c-287c310b4f10/build]   | [INFO] Downloaded from central: https://repo.maven.apache.org/maven2/org/codehaus/plexus/plexus-io/3.2.0/plexus-io-3.2.0.jar (76 kB at 273 kB/s)
[f689fc5a-db7b-4f9f-ad6c-287c310b4f10/build]   | [INFO] Downloaded from central: https://repo.maven.apache.org/maven2/org/tukaani/xz/1.9/xz-1.9.jar (116 kB at 408 kB/s)
[f689fc5a-db7b-4f9f-ad6c-287c310b4f10/build]   | [INFO] Downloaded from central: https://repo.maven.apache.org/maven2/org/apache/commons/commons-compress/1.20/commons-compress-1.20.jar (632 kB at 2.2 MB/s)
[f689fc5a-db7b-4f9f-ad6c-287c310b4f10/build]   | [INFO] Downloaded from central: https://repo.maven.apache.org/maven2/org/codehaus/plexus/plexus-utils/3.3.1/plexus-utils-3.3.1.jar (262 kB at 873 kB/s)
[f689fc5a-db7b-4f9f-ad6c-287c310b4f10/build]   | [INFO] Downloaded from central: https://repo.maven.apache.org/maven2/org/apache/maven/shared/maven-shared-utils/3.3.4/maven-shared-utils-3.3.4.jar (153 kB at 494 kB/s)
[f689fc5a-db7b-4f9f-ad6c-287c310b4f10/build]   | [INFO] Building jar: /tmp/0a72ed6f-db53-4878-ba22-51eb0e28a4f7/target/jwarc-0.23.1-SNAPSHOT.jar
[f689fc5a-db7b-4f9f-ad6c-287c310b4f10/build]   | [INFO] ------------------------------------------------------------------------
[f689fc5a-db7b-4f9f-ad6c-287c310b4f10/build]   | [INFO] BUILD SUCCESS
[f689fc5a-db7b-4f9f-ad6c-287c310b4f10/build]   | [INFO] ------------------------------------------------------------------------
[f689fc5a-db7b-4f9f-ad6c-287c310b4f10/build]   | [INFO] Total time:  22.425 s
[f689fc5a-db7b-4f9f-ad6c-287c310b4f10/build]   | [INFO] Finished at: 2023-11-24T13:56:59Z
[f689fc5a-db7b-4f9f-ad6c-287c310b4f10/build]   | [INFO] ------------------------------------------------------------------------
[f689fc5a-db7b-4f9f-ad6c-287c310b4f10/build]   ‚úÖ  Success - Main Build with Maven
[f689fc5a-db7b-4f9f-ad6c-287c310b4f10/build] unable to get git ref: failed to identify reference (tag/branch) for the checked-out revision 'e00277a5a8569d039a7d739e69af9219591485a0'
[f689fc5a-db7b-4f9f-ad6c-287c310b4f10/build] unable to get git ref: failed to identify reference (tag/branch) for the checked-out revision 'e00277a5a8569d039a7d739e69af9219591485a0'
[f689fc5a-db7b-4f9f-ad6c-287c310b4f10/build] unable to get git ref: failed to identify reference (tag/branch) for the checked-out revision 'e00277a5a8569d039a7d739e69af9219591485a0'
[f689fc5a-db7b-4f9f-ad6c-287c310b4f10/build] unable to get git ref: failed to identify reference (tag/branch) for the checked-out revision 'e00277a5a8569d039a7d739e69af9219591485a0'
[f689fc5a-db7b-4f9f-ad6c-287c310b4f10/build] unable to get git ref: failed to identify reference (tag/branch) for the checked-out revision 'e00277a5a8569d039a7d739e69af9219591485a0'
[f689fc5a-db7b-4f9f-ad6c-287c310b4f10/build] ‚≠ê Run Post Set up JDK 11
[f689fc5a-db7b-4f9f-ad6c-287c310b4f10/build]   üê≥  docker exec cmd=[node /var/run/act/actions/actions-setup-java@v2/dist/cleanup/index.js] user= workdir=
[f689fc5a-db7b-4f9f-ad6c-287c310b4f10/build]   ‚úÖ  Success - Post Set up JDK 11
[f689fc5a-db7b-4f9f-ad6c-287c310b4f10/build] üèÅ  Job succeeded
[f689fc5a-db7b-4f9f-ad6c-287c310b4f10/build] unable to get git ref: failed to identify reference (tag/branch) for the checked-out revision 'e00277a5a8569d039a7d739e69af9219591485a0'
