[55a72e03-ce96-4613-806e-9d921897602d/build] üöÄ  Start image=crawlergpt:latest
[55a72e03-ce96-4613-806e-9d921897602d/build]   üê≥  docker pull image=crawlergpt:latest platform= username= forcePull=false
[55a72e03-ce96-4613-806e-9d921897602d/build]   üê≥  docker create image=crawlergpt:latest platform= entrypoint=["tail" "-f" "/dev/null"] cmd=[]
[55a72e03-ce96-4613-806e-9d921897602d/build]   üê≥  docker run image=crawlergpt:latest platform= entrypoint=["tail" "-f" "/dev/null"] cmd=[]
[55a72e03-ce96-4613-806e-9d921897602d/build]   üê≥  docker exec cmd=[chown -R 1012:1013 /tmp/325372c8-9bdc-41e6-b949-743889950901] user=0 workdir=
[55a72e03-ce96-4613-806e-9d921897602d/build] unable to get git ref: failed to identify reference (tag/branch) for the checked-out revision '830a62739e4bca1be53720d0e7fc1ae7ec1c3de4'
[55a72e03-ce96-4613-806e-9d921897602d/build] unable to get git ref: failed to identify reference (tag/branch) for the checked-out revision '830a62739e4bca1be53720d0e7fc1ae7ec1c3de4'
[55a72e03-ce96-4613-806e-9d921897602d/build] unable to get git ref: failed to identify reference (tag/branch) for the checked-out revision '830a62739e4bca1be53720d0e7fc1ae7ec1c3de4'
[55a72e03-ce96-4613-806e-9d921897602d/build] üß™  Matrix: map[java:1.8.0]
[55a72e03-ce96-4613-806e-9d921897602d/build] unable to get git ref: failed to identify reference (tag/branch) for the checked-out revision '830a62739e4bca1be53720d0e7fc1ae7ec1c3de4'
[55a72e03-ce96-4613-806e-9d921897602d/build] unable to get git ref: failed to identify reference (tag/branch) for the checked-out revision '830a62739e4bca1be53720d0e7fc1ae7ec1c3de4'
[55a72e03-ce96-4613-806e-9d921897602d/build] unable to get git ref: failed to identify reference (tag/branch) for the checked-out revision '830a62739e4bca1be53720d0e7fc1ae7ec1c3de4'
[55a72e03-ce96-4613-806e-9d921897602d/build] unable to get git ref: failed to identify reference (tag/branch) for the checked-out revision '830a62739e4bca1be53720d0e7fc1ae7ec1c3de4'
[55a72e03-ce96-4613-806e-9d921897602d/build] unable to get git ref: failed to identify reference (tag/branch) for the checked-out revision '830a62739e4bca1be53720d0e7fc1ae7ec1c3de4'
[55a72e03-ce96-4613-806e-9d921897602d/build] unable to get git ref: failed to identify reference (tag/branch) for the checked-out revision '830a62739e4bca1be53720d0e7fc1ae7ec1c3de4'
[55a72e03-ce96-4613-806e-9d921897602d/build] ‚≠ê Run Main actions/checkout@v1
[55a72e03-ce96-4613-806e-9d921897602d/build] unable to get git ref: failed to identify reference (tag/branch) for the checked-out revision '830a62739e4bca1be53720d0e7fc1ae7ec1c3de4'
[55a72e03-ce96-4613-806e-9d921897602d/build]   ‚úÖ  Success - Main actions/checkout@v1
[55a72e03-ce96-4613-806e-9d921897602d/build] unable to get git ref: failed to identify reference (tag/branch) for the checked-out revision '830a62739e4bca1be53720d0e7fc1ae7ec1c3de4'
[55a72e03-ce96-4613-806e-9d921897602d/build] unable to get git ref: failed to identify reference (tag/branch) for the checked-out revision '830a62739e4bca1be53720d0e7fc1ae7ec1c3de4'
[55a72e03-ce96-4613-806e-9d921897602d/build] unable to get git ref: failed to identify reference (tag/branch) for the checked-out revision '830a62739e4bca1be53720d0e7fc1ae7ec1c3de4'
[55a72e03-ce96-4613-806e-9d921897602d/build] unable to get git ref: failed to identify reference (tag/branch) for the checked-out revision '830a62739e4bca1be53720d0e7fc1ae7ec1c3de4'
[55a72e03-ce96-4613-806e-9d921897602d/build] unable to get git ref: failed to identify reference (tag/branch) for the checked-out revision '830a62739e4bca1be53720d0e7fc1ae7ec1c3de4'
[55a72e03-ce96-4613-806e-9d921897602d/build] ‚≠ê Run Main Set up JDK
[55a72e03-ce96-4613-806e-9d921897602d/build] unable to get git ref: failed to identify reference (tag/branch) for the checked-out revision '830a62739e4bca1be53720d0e7fc1ae7ec1c3de4'
[55a72e03-ce96-4613-806e-9d921897602d/build] unable to get git ref: failed to identify reference (tag/branch) for the checked-out revision '830a62739e4bca1be53720d0e7fc1ae7ec1c3de4'
[55a72e03-ce96-4613-806e-9d921897602d/build] unable to get git ref: failed to identify reference (tag/branch) for the checked-out revision '830a62739e4bca1be53720d0e7fc1ae7ec1c3de4'
[55a72e03-ce96-4613-806e-9d921897602d/build]   üê≥  docker cp src=/tmp/act-cache/16d39635-86c1-4aec-9361-e887a4734759/act/actions-setup-java@v1/ dst=/var/run/act/actions/actions-setup-java@v1/
[55a72e03-ce96-4613-806e-9d921897602d/build]   üê≥  docker exec cmd=[chown -R 1012:1013 /var/run/act/actions/actions-setup-java@v1/] user=0 workdir=
[55a72e03-ce96-4613-806e-9d921897602d/build]   üê≥  docker exec cmd=[node /var/run/act/actions/actions-setup-java@v1/dist/setup/index.js] user= workdir=
[55a72e03-ce96-4613-806e-9d921897602d/build]   üí¨  ::debug::isExplicit: 1.8.0
[55a72e03-ce96-4613-806e-9d921897602d/build]   üí¨  ::debug::explicit? true
[55a72e03-ce96-4613-806e-9d921897602d/build]   üí¨  ::debug::checking cache: /opt/hostedtoolcache/jdk/1.8.0/x64
[55a72e03-ce96-4613-806e-9d921897602d/build]   üí¨  ::debug::not found
[55a72e03-ce96-4613-806e-9d921897602d/build]   üí¨  ::debug::Downloading JDK from Azul
[55a72e03-ce96-4613-806e-9d921897602d/build]   üí¨  ::debug::Searching for files with extension: -linux_x64.tar.gz
[55a72e03-ce96-4613-806e-9d921897602d/build]   üí¨  ::debug::Downloading https://static.azul.com/zulu/bin/zulu8.70.0.23-ca-jdk8.0.372-linux_x64.tar.gz
[55a72e03-ce96-4613-806e-9d921897602d/build]   üí¨  ::debug::Downloading /tmp/02bff7fd-cc33-46ee-8712-dbb0bdba6b75
[55a72e03-ce96-4613-806e-9d921897602d/build]   üí¨  ::debug::download complete
[55a72e03-ce96-4613-806e-9d921897602d/build]   | [command]/usr/bin/tar --version
[55a72e03-ce96-4613-806e-9d921897602d/build]   | tar (GNU tar) 1.30
[55a72e03-ce96-4613-806e-9d921897602d/build]   | Copyright (C) 2017 Free Software Foundation, Inc.
[55a72e03-ce96-4613-806e-9d921897602d/build]   | License GPLv3+: GNU GPL version 3 or later <https://gnu.org/licenses/gpl.html>.
[55a72e03-ce96-4613-806e-9d921897602d/build]   | This is free software: you are free to change and redistribute it.
[55a72e03-ce96-4613-806e-9d921897602d/build]   | There is NO WARRANTY, to the extent permitted by law.
[55a72e03-ce96-4613-806e-9d921897602d/build]   | 
[55a72e03-ce96-4613-806e-9d921897602d/build]   | Written by John Gilmore and Jay Fenlason.
[55a72e03-ce96-4613-806e-9d921897602d/build]   | [command]/usr/bin/tar xz --warning=no-unknown-keyword -C /tmp/temp_1102964943 -f /tmp/02bff7fd-cc33-46ee-8712-dbb0bdba6b75
[55a72e03-ce96-4613-806e-9d921897602d/build]   üí¨  ::debug::jdk extracted to /tmp/temp_1102964943/zulu8.70.0.23-ca-jdk8.0.372-linux_x64
[55a72e03-ce96-4613-806e-9d921897602d/build]   üí¨  ::debug::Caching tool jdk 8.0.372 x64
[55a72e03-ce96-4613-806e-9d921897602d/build]   üí¨  ::debug::source dir: /tmp/temp_1102964943/zulu8.70.0.23-ca-jdk8.0.372-linux_x64
[55a72e03-ce96-4613-806e-9d921897602d/build]   üí¨  ::debug::destination /opt/hostedtoolcache/jdk/8.0.372/x64
[55a72e03-ce96-4613-806e-9d921897602d/build]   üí¨  ::debug::finished caching tool
[55a72e03-ce96-4613-806e-9d921897602d/build]   ‚ùì add-matcher /run/act/actions/actions-setup-java@v1/.github/java.json
[55a72e03-ce96-4613-806e-9d921897602d/build]   | creating settings.xml with server-id: github; environment variables: username=$GITHUB_ACTOR, password=$GITHUB_TOKEN, and gpg-passphrase=null
[55a72e03-ce96-4613-806e-9d921897602d/build]   üí¨  ::debug::created directory /home/runneradmin/.m2
[55a72e03-ce96-4613-806e-9d921897602d/build]   | writing /home/runneradmin/.m2/settings.xml
[55a72e03-ce96-4613-806e-9d921897602d/build]   ‚úÖ  Success - Main Set up JDK
[55a72e03-ce96-4613-806e-9d921897602d/build]   ‚öô  ::set-env:: JAVA_HOME_8.0.372_x64=/opt/hostedtoolcache/jdk/8.0.372/x64
[55a72e03-ce96-4613-806e-9d921897602d/build]   ‚öô  ::set-env:: JAVA_HOME=/opt/hostedtoolcache/jdk/8.0.372/x64
[55a72e03-ce96-4613-806e-9d921897602d/build]   ‚öô  ::set-env:: JAVA_HOME_8_0_372_X64=/opt/hostedtoolcache/jdk/8.0.372/x64
[55a72e03-ce96-4613-806e-9d921897602d/build]   ‚öô  ::set-output:: path=/opt/hostedtoolcache/jdk/8.0.372/x64
[55a72e03-ce96-4613-806e-9d921897602d/build]   ‚öô  ::set-output:: version=8.0.372
[55a72e03-ce96-4613-806e-9d921897602d/build]   ‚öô  ::add-path:: /opt/hostedtoolcache/jdk/8.0.372/x64/bin
[55a72e03-ce96-4613-806e-9d921897602d/build] unable to get git ref: failed to identify reference (tag/branch) for the checked-out revision '830a62739e4bca1be53720d0e7fc1ae7ec1c3de4'
[55a72e03-ce96-4613-806e-9d921897602d/build] unable to get git ref: failed to identify reference (tag/branch) for the checked-out revision '830a62739e4bca1be53720d0e7fc1ae7ec1c3de4'
[55a72e03-ce96-4613-806e-9d921897602d/build] unable to get git ref: failed to identify reference (tag/branch) for the checked-out revision '830a62739e4bca1be53720d0e7fc1ae7ec1c3de4'
[55a72e03-ce96-4613-806e-9d921897602d/build] unable to get git ref: failed to identify reference (tag/branch) for the checked-out revision '830a62739e4bca1be53720d0e7fc1ae7ec1c3de4'
[55a72e03-ce96-4613-806e-9d921897602d/build] unable to get git ref: failed to identify reference (tag/branch) for the checked-out revision '830a62739e4bca1be53720d0e7fc1ae7ec1c3de4'
[55a72e03-ce96-4613-806e-9d921897602d/build] ‚≠ê Run Main print Java version
[55a72e03-ce96-4613-806e-9d921897602d/build] unable to get git ref: failed to identify reference (tag/branch) for the checked-out revision '830a62739e4bca1be53720d0e7fc1ae7ec1c3de4'
[55a72e03-ce96-4613-806e-9d921897602d/build] unable to get git ref: failed to identify reference (tag/branch) for the checked-out revision '830a62739e4bca1be53720d0e7fc1ae7ec1c3de4'
[55a72e03-ce96-4613-806e-9d921897602d/build] unable to get git ref: failed to identify reference (tag/branch) for the checked-out revision '830a62739e4bca1be53720d0e7fc1ae7ec1c3de4'
[55a72e03-ce96-4613-806e-9d921897602d/build] unable to get git ref: failed to identify reference (tag/branch) for the checked-out revision '830a62739e4bca1be53720d0e7fc1ae7ec1c3de4'
[55a72e03-ce96-4613-806e-9d921897602d/build]   üê≥  docker exec cmd=[bash --noprofile --norc -e -o pipefail /var/run/act/workflow/2] user= workdir=
[55a72e03-ce96-4613-806e-9d921897602d/build]   | openjdk version "1.8.0_372"
[55a72e03-ce96-4613-806e-9d921897602d/build]   | OpenJDK Runtime Environment (Zulu 8.70.0.23-CA-linux64) (build 1.8.0_372-b07)
[55a72e03-ce96-4613-806e-9d921897602d/build]   | OpenJDK 64-Bit Server VM (Zulu 8.70.0.23-CA-linux64) (build 25.372-b07, mixed mode)
[55a72e03-ce96-4613-806e-9d921897602d/build]   ‚úÖ  Success - Main print Java version
[55a72e03-ce96-4613-806e-9d921897602d/build] unable to get git ref: failed to identify reference (tag/branch) for the checked-out revision '830a62739e4bca1be53720d0e7fc1ae7ec1c3de4'
[55a72e03-ce96-4613-806e-9d921897602d/build] unable to get git ref: failed to identify reference (tag/branch) for the checked-out revision '830a62739e4bca1be53720d0e7fc1ae7ec1c3de4'
[55a72e03-ce96-4613-806e-9d921897602d/build] unable to get git ref: failed to identify reference (tag/branch) for the checked-out revision '830a62739e4bca1be53720d0e7fc1ae7ec1c3de4'
[55a72e03-ce96-4613-806e-9d921897602d/build] unable to get git ref: failed to identify reference (tag/branch) for the checked-out revision '830a62739e4bca1be53720d0e7fc1ae7ec1c3de4'
[55a72e03-ce96-4613-806e-9d921897602d/build] unable to get git ref: failed to identify reference (tag/branch) for the checked-out revision '830a62739e4bca1be53720d0e7fc1ae7ec1c3de4'
[55a72e03-ce96-4613-806e-9d921897602d/build] ‚≠ê Run Main Build with Maven
[55a72e03-ce96-4613-806e-9d921897602d/build] unable to get git ref: failed to identify reference (tag/branch) for the checked-out revision '830a62739e4bca1be53720d0e7fc1ae7ec1c3de4'
[55a72e03-ce96-4613-806e-9d921897602d/build] unable to get git ref: failed to identify reference (tag/branch) for the checked-out revision '830a62739e4bca1be53720d0e7fc1ae7ec1c3de4'
[55a72e03-ce96-4613-806e-9d921897602d/build] unable to get git ref: failed to identify reference (tag/branch) for the checked-out revision '830a62739e4bca1be53720d0e7fc1ae7ec1c3de4'
[55a72e03-ce96-4613-806e-9d921897602d/build] unable to get git ref: failed to identify reference (tag/branch) for the checked-out revision '830a62739e4bca1be53720d0e7fc1ae7ec1c3de4'
[55a72e03-ce96-4613-806e-9d921897602d/build]   üê≥  docker exec cmd=[bash --noprofile --norc -e -o pipefail /var/run/act/workflow/3] user= workdir=
[55a72e03-ce96-4613-806e-9d921897602d/build]   | [INFO] Scanning for projects...
[55a72e03-ce96-4613-806e-9d921897602d/build]   | [INFO] 
[55a72e03-ce96-4613-806e-9d921897602d/build]   | [INFO] -----------------------< com.vdurmont:semver4j >------------------------
[55a72e03-ce96-4613-806e-9d921897602d/build]   | [INFO] Building semver 0.1.0-SNAPSHOT
[55a72e03-ce96-4613-806e-9d921897602d/build]   | [INFO] --------------------------------[ jar ]---------------------------------
[55a72e03-ce96-4613-806e-9d921897602d/build]   | Downloading from central: https://repo.maven.apache.org/maven2/org/apache/maven/plugins/maven-clean-plugin/2.5/maven-clean-plugin-2.5.pom
[55a72e03-ce96-4613-806e-9d921897602d/build]   | Progress (1): 2.7/3.9 kBProgress (1): 3.9 kB                        Downloaded from central: https://repo.maven.apache.org/maven2/org/apache/maven/plugins/maven-clean-plugin/2.5/maven-clean-plugin-2.5.pom (3.9 kB at 5.8 kB/s)
[55a72e03-ce96-4613-806e-9d921897602d/build]   | Downloading from central: https://repo.maven.apache.org/maven2/org/apache/maven/plugins/maven-plugins/22/maven-plugins-22.pom
[55a72e03-ce96-4613-806e-9d921897602d/build]   | Progress (1): 2.7/13 kBProgress (1): 5.5/13 kBProgress (1): 8.2/13 kBProgress (1): 11/13 kB Progress (1): 13 kB                      Downloaded from central: https://repo.maven.apache.org/maven2/org/apache/maven/plugins/maven-plugins/22/maven-plugins-22.pom (13 kB at 15 kB/s)
[55a72e03-ce96-4613-806e-9d921897602d/build]   | Downloading from central: https://repo.maven.apache.org/maven2/org/apache/maven/maven-parent/21/maven-parent-21.pom
[55a72e03-ce96-4613-806e-9d921897602d/build]   | Progress (1): 2.7/26 kBProgress (1): 5.5/26 kBProgress (1): 8.2/26 kBProgress (1): 11/26 kB Progress (1): 14/26 kBProgress (1): 16/26 kBProgress (1): 19/26 kBProgress (1): 21/26 kBProgress (1): 24/26 kBProgress (1): 26 kB                      Downloaded from central: https://repo.maven.apache.org/maven2/org/apache/maven/maven-parent/21/maven-parent-21.pom (26 kB at 209 kB/s)
[55a72e03-ce96-4613-806e-9d921897602d/build]   | Downloading from central: https://repo.maven.apache.org/maven2/org/apache/apache/10/apache-10.pom
[55a72e03-ce96-4613-806e-9d921897602d/build]   | Progress (1): 2.7/15 kBProgress (1): 5.5/15 kBProgress (1): 8.2/15 kBProgress (1): 11/15 kB Progress (1): 14/15 kBProgress (1): 15 kB                      Downloaded from central: https://repo.maven.apache.org/maven2/org/apache/apache/10/apache-10.pom (15 kB at 38 kB/s)
[55a72e03-ce96-4613-806e-9d921897602d/build]   | Downloading from central: https://repo.maven.apache.org/maven2/org/apache/maven/plugins/maven-clean-plugin/2.5/maven-clean-plugin-2.5.jar
[55a72e03-ce96-4613-806e-9d921897602d/build]   | Progress (1): 4.1/25 kBProgress (1): 8.2/25 kBProgress (1): 12/25 kB Progress (1): 16/25 kBProgress (1): 20/25 kBProgress (1): 24/25 kBProgress (1): 25 kB                      Downloaded from central: https://repo.maven.apache.org/maven2/org/apache/maven/plugins/maven-clean-plugin/2.5/maven-clean-plugin-2.5.jar (25 kB at 290 kB/s)
[55a72e03-ce96-4613-806e-9d921897602d/build]   | Downloading from central: https://repo.maven.apache.org/maven2/org/apache/maven/plugins/maven-resources-plugin/2.6/maven-resources-plugin-2.6.pom
[55a72e03-ce96-4613-806e-9d921897602d/build]   | Progress (1): 4.1/8.1 kBProgress (1): 8.1 kB                        Downloaded from central: https://repo.maven.apache.org/maven2/org/apache/maven/plugins/maven-resources-plugin/2.6/maven-resources-plugin-2.6.pom (8.1 kB at 232 kB/s)
[55a72e03-ce96-4613-806e-9d921897602d/build]   | Downloading from central: https://repo.maven.apache.org/maven2/org/apache/maven/plugins/maven-plugins/23/maven-plugins-23.pom
[55a72e03-ce96-4613-806e-9d921897602d/build]   | Progress (1): 4.1/9.2 kBProgress (1): 8.2/9.2 kBProgress (1): 9.2 kB                        Downloaded from central: https://repo.maven.apache.org/maven2/org/apache/maven/plugins/maven-plugins/23/maven-plugins-23.pom (9.2 kB at 131 kB/s)
[55a72e03-ce96-4613-806e-9d921897602d/build]   | Downloading from central: https://repo.maven.apache.org/maven2/org/apache/maven/maven-parent/22/maven-parent-22.pom
[55a72e03-ce96-4613-806e-9d921897602d/build]   | Progress (1): 4.1/30 kBProgress (1): 8.2/30 kBProgress (1): 12/30 kB Progress (1): 16/30 kBProgress (1): 20/30 kBProgress (1): 24/30 kBProgress (1): 28/30 kBProgress (1): 30 kB                      Downloaded from central: https://repo.maven.apache.org/maven2/org/apache/maven/maven-parent/22/maven-parent-22.pom (30 kB at 99 kB/s)
[55a72e03-ce96-4613-806e-9d921897602d/build]   | Downloading from central: https://repo.maven.apache.org/maven2/org/apache/apache/11/apache-11.pom
[55a72e03-ce96-4613-806e-9d921897602d/build]   | Progress (1): 4.1/15 kBProgress (1): 8.2/15 kBProgress (1): 12/15 kB Progress (1): 15 kB                      Downloaded from central: https://repo.maven.apache.org/maven2/org/apache/apache/11/apache-11.pom (15 kB at 390 kB/s)
[55a72e03-ce96-4613-806e-9d921897602d/build]   | Downloading from central: https://repo.maven.apache.org/maven2/org/apache/maven/plugins/maven-resources-plugin/2.6/maven-resources-plugin-2.6.jar
[55a72e03-ce96-4613-806e-9d921897602d/build]   | Progress (1): 4.1/30 kBProgress (1): 8.2/30 kBProgress (1): 12/30 kB Progress (1): 16/30 kBProgress (1): 20/30 kBProgress (1): 24/30 kBProgress (1): 28/30 kBProgress (1): 30 kB                      Downloaded from central: https://repo.maven.apache.org/maven2/org/apache/maven/plugins/maven-resources-plugin/2.6/maven-resources-plugin-2.6.jar (30 kB at 1.1 MB/s)
[55a72e03-ce96-4613-806e-9d921897602d/build]   | Downloading from central: https://repo.maven.apache.org/maven2/org/apache/maven/plugins/maven-compiler-plugin/3.1/maven-compiler-plugin-3.1.pom
[55a72e03-ce96-4613-806e-9d921897602d/build]   | Progress (1): 4.1/10 kBProgress (1): 8.2/10 kBProgress (1): 10 kB                       Downloaded from central: https://repo.maven.apache.org/maven2/org/apache/maven/plugins/maven-compiler-plugin/3.1/maven-compiler-plugin-3.1.pom (10 kB at 928 kB/s)
[55a72e03-ce96-4613-806e-9d921897602d/build]   | Downloading from central: https://repo.maven.apache.org/maven2/org/apache/maven/plugins/maven-plugins/24/maven-plugins-24.pom
[55a72e03-ce96-4613-806e-9d921897602d/build]   | Progress (1): 4.1/11 kBProgress (1): 8.2/11 kBProgress (1): 11 kB                       Downloaded from central: https://repo.maven.apache.org/maven2/org/apache/maven/plugins/maven-plugins/24/maven-plugins-24.pom (11 kB at 831 kB/s)
[55a72e03-ce96-4613-806e-9d921897602d/build]   | Downloading from central: https://repo.maven.apache.org/maven2/org/apache/maven/maven-parent/23/maven-parent-23.pom
[55a72e03-ce96-4613-806e-9d921897602d/build]   | Progress (1): 4.1/33 kBProgress (1): 8.2/33 kBProgress (1): 12/33 kB Progress (1): 16/33 kBProgress (1): 20/33 kBProgress (1): 25/33 kBProgress (1): 29/33 kBProgress (1): 33 kB                      Downloaded from central: https://repo.maven.apache.org/maven2/org/apache/maven/maven-parent/23/maven-parent-23.pom (33 kB at 2.0 MB/s)
[55a72e03-ce96-4613-806e-9d921897602d/build]   | Downloading from central: https://repo.maven.apache.org/maven2/org/apache/apache/13/apache-13.pom
[55a72e03-ce96-4613-806e-9d921897602d/build]   | Progress (1): 4.1/14 kBProgress (1): 8.2/14 kBProgress (1): 12/14 kB Progress (1): 14 kB                      Downloaded from central: https://repo.maven.apache.org/maven2/org/apache/apache/13/apache-13.pom (14 kB at 822 kB/s)
[55a72e03-ce96-4613-806e-9d921897602d/build]   | Downloading from central: https://repo.maven.apache.org/maven2/org/apache/maven/plugins/maven-compiler-plugin/3.1/maven-compiler-plugin-3.1.jar
[55a72e03-ce96-4613-806e-9d921897602d/build]   | Progress (1): 4.1/43 kBProgress (1): 8.2/43 kBProgress (1): 12/43 kB Progress (1): 16/43 kBProgress (1): 20/43 kBProgress (1): 25/43 kBProgress (1): 29/43 kBProgress (1): 33/43 kBProgress (1): 37/43 kBProgress (1): 41/43 kBProgress (1): 43 kB                      Downloaded from central: https://repo.maven.apache.org/maven2/org/apache/maven/plugins/maven-compiler-plugin/3.1/maven-compiler-plugin-3.1.jar (43 kB at 1.9 MB/s)
[55a72e03-ce96-4613-806e-9d921897602d/build]   | Downloading from central: https://repo.maven.apache.org/maven2/org/apache/maven/plugins/maven-surefire-plugin/2.12.4/maven-surefire-plugin-2.12.4.pom
[55a72e03-ce96-4613-806e-9d921897602d/build]   | Progress (1): 4.1/10 kBProgress (1): 8.2/10 kBProgress (1): 10 kB                       Downloaded from central: https://repo.maven.apache.org/maven2/org/apache/maven/plugins/maven-surefire-plugin/2.12.4/maven-surefire-plugin-2.12.4.pom (10 kB at 524 kB/s)
[55a72e03-ce96-4613-806e-9d921897602d/build]   | Downloading from central: https://repo.maven.apache.org/maven2/org/apache/maven/surefire/surefire/2.12.4/surefire-2.12.4.pom
[55a72e03-ce96-4613-806e-9d921897602d/build]   | Progress (1): 4.1/14 kBProgress (1): 8.2/14 kBProgress (1): 12/14 kB Progress (1): 14 kB                      Downloaded from central: https://repo.maven.apache.org/maven2/org/apache/maven/surefire/surefire/2.12.4/surefire-2.12.4.pom (14 kB at 627 kB/s)
[55a72e03-ce96-4613-806e-9d921897602d/build]   | Downloading from central: https://repo.maven.apache.org/maven2/org/apache/maven/plugins/maven-surefire-plugin/2.12.4/maven-surefire-plugin-2.12.4.jar
[55a72e03-ce96-4613-806e-9d921897602d/build]   | Progress (1): 4.1/30 kBProgress (1): 8.2/30 kBProgress (1): 12/30 kB Progress (1): 16/30 kBProgress (1): 20/30 kBProgress (1): 25/30 kBProgress (1): 29/30 kBProgress (1): 30 kB                      Downloaded from central: https://repo.maven.apache.org/maven2/org/apache/maven/plugins/maven-surefire-plugin/2.12.4/maven-surefire-plugin-2.12.4.jar (30 kB at 1.1 MB/s)
[55a72e03-ce96-4613-806e-9d921897602d/build]   | Downloading from central: https://repo.maven.apache.org/maven2/junit/junit/4.12/junit-4.12.pom
[55a72e03-ce96-4613-806e-9d921897602d/build]   | Progress (1): 4.1/24 kBProgress (1): 8.2/24 kBProgress (1): 12/24 kB Progress (1): 16/24 kBProgress (1): 20/24 kBProgress (1): 24 kB                      Downloaded from central: https://repo.maven.apache.org/maven2/junit/junit/4.12/junit-4.12.pom (24 kB at 1.1 MB/s)
[55a72e03-ce96-4613-806e-9d921897602d/build]   | Downloading from central: https://repo.maven.apache.org/maven2/org/hamcrest/hamcrest-core/1.3/hamcrest-core-1.3.pom
[55a72e03-ce96-4613-806e-9d921897602d/build]   | Progress (1): 766 B                   Downloaded from central: https://repo.maven.apache.org/maven2/org/hamcrest/hamcrest-core/1.3/hamcrest-core-1.3.pom (766 B at 70 kB/s)
[55a72e03-ce96-4613-806e-9d921897602d/build]   | Downloading from central: https://repo.maven.apache.org/maven2/org/hamcrest/hamcrest-parent/1.3/hamcrest-parent-1.3.pom
[55a72e03-ce96-4613-806e-9d921897602d/build]   | Progress (1): 2.0 kB                    Downloaded from central: https://repo.maven.apache.org/maven2/org/hamcrest/hamcrest-parent/1.3/hamcrest-parent-1.3.pom (2.0 kB at 152 kB/s)
[55a72e03-ce96-4613-806e-9d921897602d/build]   | Downloading from central: https://repo.maven.apache.org/maven2/org/mockito/mockito-all/1.10.19/mockito-all-1.10.19.pom
[55a72e03-ce96-4613-806e-9d921897602d/build]   | Progress (1): 930 B                   Downloaded from central: https://repo.maven.apache.org/maven2/org/mockito/mockito-all/1.10.19/mockito-all-1.10.19.pom (930 B at 44 kB/s)
[55a72e03-ce96-4613-806e-9d921897602d/build]   | Downloading from central: https://repo.maven.apache.org/maven2/junit/junit/4.12/junit-4.12.jar
[55a72e03-ce96-4613-806e-9d921897602d/build]   | Downloading from central: https://repo.maven.apache.org/maven2/org/hamcrest/hamcrest-core/1.3/hamcrest-core-1.3.jar
[55a72e03-ce96-4613-806e-9d921897602d/build]   | Downloading from central: https://repo.maven.apache.org/maven2/org/mockito/mockito-all/1.10.19/mockito-all-1.10.19.jar
[55a72e03-ce96-4613-806e-9d921897602d/build]   | Progress (1): 4.1/315 kBProgress (1): 8.2/315 kBProgress (1): 12/315 kB Progress (1): 16/315 kBProgress (1): 20/315 kBProgress (1): 24/315 kBProgress (1): 28/315 kBProgress (1): 32/315 kBProgress (1): 36/315 kBProgress (1): 40/315 kBProgress (1): 45/315 kBProgress (1): 49/315 kBProgress (1): 53/315 kBProgress (1): 57/315 kBProgress (1): 61/315 kBProgress (1): 65/315 kBProgress (1): 69/315 kBProgress (1): 73/315 kBProgress (1): 77/315 kBProgress (1): 81/315 kBProgress (1): 85/315 kBProgress (1): 90/315 kBProgress (1): 94/315 kBProgress (1): 98/315 kBProgress (1): 102/315 kBProgress (1): 106/315 kBProgress (1): 110/315 kBProgress (1): 114/315 kBProgress (2): 114/315 kB | 2.7/45 kBProgress (2): 118/315 kB | 2.7/45 kBProgress (2): 122/315 kB | 2.7/45 kBProgress (2): 126/315 kB | 2.7/45 kBProgress (2): 126/315 kB | 5.5/45 kBProgress (2): 131/315 kB | 5.5/45 kBProgress (2): 131/315 kB | 8.2/45 kBProgress (2): 131/315 kB | 11/45 kB Progress (2): 135/315 kB | 11/45 kBProgress (2): 139/315 kB | 11/45 kBProgress (2): 139/315 kB | 14/45 kBProgress (2): 143/315 kB | 14/45 kBProgress (2): 147/315 kB | 14/45 kBProgress (2): 147/315 kB | 16/45 kBProgress (2): 147/315 kB | 19/45 kBProgress (2): 151/315 kB | 19/45 kBProgress (2): 151/315 kB | 21/45 kBProgress (2): 155/315 kB | 21/45 kBProgress (2): 159/315 kB | 21/45 kBProgress (2): 159/315 kB | 24/45 kBProgress (2): 163/315 kB | 24/45 kBProgress (2): 163/315 kB | 27/45 kBProgress (2): 167/315 kB | 27/45 kBProgress (2): 171/315 kB | 27/45 kBProgress (2): 176/315 kB | 27/45 kBProgress (2): 176/315 kB | 30/45 kBProgress (2): 180/315 kB | 30/45 kBProgress (2): 180/315 kB | 32/45 kBProgress (2): 180/315 kB | 35/45 kBProgress (2): 184/315 kB | 35/45 kBProgress (2): 188/315 kB | 35/45 kBProgress (2): 188/315 kB | 38/45 kBProgress (2): 192/315 kB | 38/45 kBProgress (2): 196/315 kB | 38/45 kBProgress (2): 196/315 kB | 41/45 kBProgress (2): 196/315 kB | 43/45 kBProgress (2): 200/315 kB | 43/45 kBProgress (2): 200/315 kB | 45 kB   Progress (2): 204/315 kB | 45 kBProgress (2): 208/315 kB | 45 kBProgress (2): 212/315 kB | 45 kBProgress (2): 217/315 kB | 45 kBProgress (2): 221/315 kB | 45 kBProgress (2): 225/315 kB | 45 kBProgress (2): 229/315 kB | 45 kBProgress (2): 233/315 kB | 45 kBProgress (2): 237/315 kB | 45 kBProgress (2): 241/315 kB | 45 kBProgress (2): 245/315 kB | 45 kBProgress (2): 249/315 kB | 45 kBProgress (2): 253/315 kB | 45 kBProgress (2): 258/315 kB | 45 kBProgress (2): 262/315 kB | 45 kBProgress (2): 266/315 kB | 45 kBProgress (2): 270/315 kB | 45 kBProgress (2): 274/315 kB | 45 kBProgress (2): 278/315 kB | 45 kBProgress (2): 282/315 kB | 45 kBProgress (2): 286/315 kB | 45 kBProgress (2): 290/315 kB | 45 kBProgress (2): 294/315 kB | 45 kBProgress (2): 298/315 kB | 45 kBProgress (2): 303/315 kB | 45 kBProgress (2): 307/315 kB | 45 kBProgress (2): 311/315 kB | 45 kBProgress (2): 315/315 kB | 45 kBProgress (2): 315 kB | 45 kB    Progress (3): 315 kB | 45 kB | 0/1.2 MB                                       Downloaded from central: https://repo.maven.apache.org/maven2/org/hamcrest/hamcrest-core/1.3/hamcrest-core-1.3.jar (45 kB at 1.0 MB/s)
[55a72e03-ce96-4613-806e-9d921897602d/build]   | Progress (2): 315 kB | 0/1.2 MBProgress (2): 315 kB | 0/1.2 MBProgress (2): 315 kB | 0/1.2 MBProgress (2): 315 kB | 0/1.2 MB                               Downloaded from central: https://repo.maven.apache.org/maven2/junit/junit/4.12/junit-4.12.jar (315 kB at 6.6 MB/s)
[55a72e03-ce96-4613-806e-9d921897602d/build]   | Progress (1): 0/1.2 MBProgress (1): 0.1/1.2 MBProgress (1): 0.1/1.2 MBProgress (1): 0.1/1.2 MBProgress (1): 0.1/1.2 MBProgress (1): 0.1/1.2 MBProgress (1): 0.1/1.2 MBProgress (1): 0.1/1.2 MBProgress (1): 0.1/1.2 MBProgress (1): 0.1/1.2 MBProgress (1): 0.1/1.2 MBProgress (1): 0.1/1.2 MBProgress (1): 0.1/1.2 MBProgress (1): 0.2/1.2 MBProgress (1): 0.2/1.2 MBProgress (1): 0.2/1.2 MBProgress (1): 0.2/1.2 MBProgress (1): 0.2/1.2 MBProgress (1): 0.2/1.2 MBProgress (1): 0.2/1.2 MBProgress (1): 0.2/1.2 MBProgress (1): 0.2/1.2 MBProgress (1): 0.2/1.2 MBProgress (1): 0.2/1.2 MBProgress (1): 0.2/1.2 MBProgress (1): 0.3/1.2 MBProgress (1): 0.3/1.2 MBProgress (1): 0.3/1.2 MBProgress (1): 0.3/1.2 MBProgress (1): 0.3/1.2 MBProgress (1): 0.3/1.2 MBProgress (1): 0.3/1.2 MBProgress (1): 0.3/1.2 MBProgress (1): 0.3/1.2 MBProgress (1): 0.3/1.2 MBProgress (1): 0.3/1.2 MBProgress (1): 0.3/1.2 MBProgress (1): 0.4/1.2 MBProgress (1): 0.4/1.2 MBProgress (1): 0.4/1.2 MBProgress (1): 0.4/1.2 MBProgress (1): 0.4/1.2 MBProgress (1): 0.4/1.2 MBProgress (1): 0.4/1.2 MBProgress (1): 0.4/1.2 MBProgress (1): 0.4/1.2 MBProgress (1): 0.4/1.2 MBProgress (1): 0.4/1.2 MBProgress (1): 0.4/1.2 MBProgress (1): 0.5/1.2 MBProgress (1): 0.5/1.2 MBProgress (1): 0.5/1.2 MBProgress (1): 0.5/1.2 MBProgress (1): 0.5/1.2 MBProgress (1): 0.5/1.2 MBProgress (1): 0.5/1.2 MBProgress (1): 0.5/1.2 MBProgress (1): 0.5/1.2 MBProgress (1): 0.5/1.2 MBProgress (1): 0.5/1.2 MBProgress (1): 0.5/1.2 MBProgress (1): 0.5/1.2 MBProgress (1): 0.6/1.2 MBProgress (1): 0.6/1.2 MBProgress (1): 0.6/1.2 MBProgress (1): 0.6/1.2 MBProgress (1): 0.6/1.2 MBProgress (1): 0.6/1.2 MBProgress (1): 0.6/1.2 MBProgress (1): 0.6/1.2 MBProgress (1): 0.6/1.2 MBProgress (1): 0.6/1.2 MBProgress (1): 0.6/1.2 MBProgress (1): 0.6/1.2 MBProgress (1): 0.7/1.2 MBProgress (1): 0.7/1.2 MBProgress (1): 0.7/1.2 MBProgress (1): 0.7/1.2 MBProgress (1): 0.7/1.2 MBProgress (1): 0.7/1.2 MBProgress (1): 0.7/1.2 MBProgress (1): 0.7/1.2 MBProgress (1): 0.7/1.2 MBProgress (1): 0.7/1.2 MBProgress (1): 0.7/1.2 MBProgress (1): 0.7/1.2 MBProgress (1): 0.8/1.2 MBProgress (1): 0.8/1.2 MBProgress (1): 0.8/1.2 MBProgress (1): 0.8/1.2 MBProgress (1): 0.8/1.2 MBProgress (1): 0.8/1.2 MBProgress (1): 0.8/1.2 MBProgress (1): 0.8/1.2 MBProgress (1): 0.8/1.2 MBProgress (1): 0.8/1.2 MBProgress (1): 0.8/1.2 MBProgress (1): 0.8/1.2 MBProgress (1): 0.9/1.2 MBProgress (1): 0.9/1.2 MBProgress (1): 0.9/1.2 MBProgress (1): 0.9/1.2 MBProgress (1): 0.9/1.2 MBProgress (1): 0.9/1.2 MBProgress (1): 0.9/1.2 MBProgress (1): 0.9/1.2 MBProgress (1): 0.9/1.2 MBProgress (1): 0.9/1.2 MBProgress (1): 0.9/1.2 MBProgress (1): 0.9/1.2 MBProgress (1): 1.0/1.2 MBProgress (1): 1.0/1.2 MBProgress (1): 1.0/1.2 MBProgress (1): 1.0/1.2 MBProgress (1): 1.0/1.2 MBProgress (1): 1.0/1.2 MBProgress (1): 1.0/1.2 MBProgress (1): 1.0/1.2 MBProgress (1): 1.0/1.2 MBProgress (1): 1.0/1.2 MBProgress (1): 1.0/1.2 MBProgress (1): 1.0/1.2 MBProgress (1): 1.1/1.2 MBProgress (1): 1.1/1.2 MBProgress (1): 1.1/1.2 MBProgress (1): 1.1/1.2 MBProgress (1): 1.1/1.2 MBProgress (1): 1.1/1.2 MBProgress (1): 1.1/1.2 MBProgress (1): 1.1/1.2 MBProgress (1): 1.1/1.2 MBProgress (1): 1.1/1.2 MBProgress (1): 1.1/1.2 MBProgress (1): 1.1/1.2 MBProgress (1): 1.2/1.2 MBProgress (1): 1.2/1.2 MBProgress (1): 1.2/1.2 MBProgress (1): 1.2/1.2 MBProgress (1): 1.2/1.2 MBProgress (1): 1.2/1.2 MBProgress (1): 1.2/1.2 MBProgress (1): 1.2/1.2 MBProgress (1): 1.2/1.2 MBProgress (1): 1.2/1.2 MBProgress (1): 1.2/1.2 MBProgress (1): 1.2 MB                        Downloaded from central: https://repo.maven.apache.org/maven2/org/mockito/mockito-all/1.10.19/mockito-all-1.10.19.jar (1.2 MB at 9.8 MB/s)
[55a72e03-ce96-4613-806e-9d921897602d/build]   | [INFO] 
[55a72e03-ce96-4613-806e-9d921897602d/build]   | [INFO] --- maven-clean-plugin:2.5:clean (default-clean) @ semver4j ---
[55a72e03-ce96-4613-806e-9d921897602d/build]   | Downloading from central: https://repo.maven.apache.org/maven2/org/apache/maven/maven-plugin-api/2.0.6/maven-plugin-api-2.0.6.pom
[55a72e03-ce96-4613-806e-9d921897602d/build]   | Progress (1): 1.5 kB                    Downloaded from central: https://repo.maven.apache.org/maven2/org/apache/maven/maven-plugin-api/2.0.6/maven-plugin-api-2.0.6.pom (1.5 kB at 104 kB/s)
[55a72e03-ce96-4613-806e-9d921897602d/build]   | Downloading from central: https://repo.maven.apache.org/maven2/org/apache/maven/maven/2.0.6/maven-2.0.6.pom
[55a72e03-ce96-4613-806e-9d921897602d/build]   | Progress (1): 4.1/9.0 kBProgress (1): 8.2/9.0 kBProgress (1): 9.0 kB                        Downloaded from central: https://repo.maven.apache.org/maven2/org/apache/maven/maven/2.0.6/maven-2.0.6.pom (9.0 kB at 603 kB/s)
[55a72e03-ce96-4613-806e-9d921897602d/build]   | Downloading from central: https://repo.maven.apache.org/maven2/org/apache/maven/maven-parent/5/maven-parent-5.pom
[55a72e03-ce96-4613-806e-9d921897602d/build]   | Progress (1): 4.1/15 kBProgress (1): 8.2/15 kBProgress (1): 12/15 kB Progress (1): 15 kB                      Downloaded from central: https://repo.maven.apache.org/maven2/org/apache/maven/maven-parent/5/maven-parent-5.pom (15 kB at 1.3 MB/s)
[55a72e03-ce96-4613-806e-9d921897602d/build]   | Downloading from central: https://repo.maven.apache.org/maven2/org/apache/apache/3/apache-3.pom
[55a72e03-ce96-4613-806e-9d921897602d/build]   | Progress (1): 3.4 kB                    Downloaded from central: https://repo.maven.apache.org/maven2/org/apache/apache/3/apache-3.pom (3.4 kB at 343 kB/s)
[55a72e03-ce96-4613-806e-9d921897602d/build]   | Downloading from central: https://repo.maven.apache.org/maven2/org/codehaus/plexus/plexus-utils/3.0/plexus-utils-3.0.pom
[55a72e03-ce96-4613-806e-9d921897602d/build]   | Progress (1): 4.1 kB                    Downloaded from central: https://repo.maven.apache.org/maven2/org/codehaus/plexus/plexus-utils/3.0/plexus-utils-3.0.pom (4.1 kB at 271 kB/s)
[55a72e03-ce96-4613-806e-9d921897602d/build]   | Downloading from central: https://repo.maven.apache.org/maven2/org/sonatype/spice/spice-parent/16/spice-parent-16.pom
[55a72e03-ce96-4613-806e-9d921897602d/build]   | Progress (1): 4.1/8.4 kBProgress (1): 8.2/8.4 kBProgress (1): 8.4 kB                        Downloaded from central: https://repo.maven.apache.org/maven2/org/sonatype/spice/spice-parent/16/spice-parent-16.pom (8.4 kB at 557 kB/s)
[55a72e03-ce96-4613-806e-9d921897602d/build]   | Downloading from central: https://repo.maven.apache.org/maven2/org/sonatype/forge/forge-parent/5/forge-parent-5.pom
[55a72e03-ce96-4613-806e-9d921897602d/build]   | Progress (1): 4.1/8.4 kBProgress (1): 8.2/8.4 kBProgress (1): 8.4 kB                        Downloaded from central: https://repo.maven.apache.org/maven2/org/sonatype/forge/forge-parent/5/forge-parent-5.pom (8.4 kB at 335 kB/s)
[55a72e03-ce96-4613-806e-9d921897602d/build]   | Downloading from central: https://repo.maven.apache.org/maven2/org/apache/maven/maven-plugin-api/2.0.6/maven-plugin-api-2.0.6.jar
[55a72e03-ce96-4613-806e-9d921897602d/build]   | Downloading from central: https://repo.maven.apache.org/maven2/org/codehaus/plexus/plexus-utils/3.0/plexus-utils-3.0.jar
[55a72e03-ce96-4613-806e-9d921897602d/build]   | Progress (1): 4.1/226 kBProgress (1): 8.2/226 kBProgress (2): 8.2/226 kB | 4.1/13 kBProgress (2): 12/226 kB | 4.1/13 kB Progress (2): 16/226 kB | 4.1/13 kBProgress (2): 16/226 kB | 8.2/13 kBProgress (2): 16/226 kB | 12/13 kB Progress (2): 16/226 kB | 13 kB   Progress (2): 20/226 kB | 13 kBProgress (2): 25/226 kB | 13 kBProgress (2): 29/226 kB | 13 kBProgress (2): 33/226 kB | 13 kBProgress (2): 37/226 kB | 13 kBProgress (2): 41/226 kB | 13 kBProgress (2): 45/226 kB | 13 kBProgress (2): 49/226 kB | 13 kBProgress (2): 53/226 kB | 13 kBProgress (2): 57/226 kB | 13 kBProgress (2): 61/226 kB | 13 kBProgress (2): 66/226 kB | 13 kBProgress (2): 70/226 kB | 13 kBProgress (2): 74/226 kB | 13 kBProgress (2): 78/226 kB | 13 kBProgress (2): 82/226 kB | 13 kBProgress (2): 86/226 kB | 13 kBProgress (2): 90/226 kB | 13 kBProgress (2): 94/226 kB | 13 kBProgress (2): 98/226 kB | 13 kBProgress (2): 102/226 kB | 13 kBProgress (2): 106/226 kB | 13 kBProgress (2): 111/226 kB | 13 kBProgress (2): 115/226 kB | 13 kBProgress (2): 119/226 kB | 13 kBProgress (2): 123/226 kB | 13 kB                                Downloaded from central: https://repo.maven.apache.org/maven2/org/apache/maven/maven-plugin-api/2.0.6/maven-plugin-api-2.0.6.jar (13 kB at 857 kB/s)
[55a72e03-ce96-4613-806e-9d921897602d/build]   | Progress (1): 127/226 kBProgress (1): 131/226 kBProgress (1): 135/226 kBProgress (1): 139/226 kBProgress (1): 143/226 kBProgress (1): 147/226 kBProgress (1): 152/226 kBProgress (1): 156/226 kBProgress (1): 160/226 kBProgress (1): 164/226 kBProgress (1): 168/226 kBProgress (1): 172/226 kBProgress (1): 176/226 kBProgress (1): 180/226 kBProgress (1): 184/226 kBProgress (1): 188/226 kBProgress (1): 193/226 kBProgress (1): 197/226 kBProgress (1): 201/226 kBProgress (1): 205/226 kBProgress (1): 209/226 kBProgress (1): 213/226 kBProgress (1): 217/226 kBProgress (1): 221/226 kBProgress (1): 225/226 kBProgress (1): 226 kB                        Downloaded from central: https://repo.maven.apache.org/maven2/org/codehaus/plexus/plexus-utils/3.0/plexus-utils-3.0.jar (226 kB at 6.5 MB/s)
[55a72e03-ce96-4613-806e-9d921897602d/build]   | [INFO] 
[55a72e03-ce96-4613-806e-9d921897602d/build]   | [INFO] --- maven-resources-plugin:2.6:resources (default-resources) @ semver4j ---
[55a72e03-ce96-4613-806e-9d921897602d/build]   | Downloading from central: https://repo.maven.apache.org/maven2/org/apache/maven/maven-project/2.0.6/maven-project-2.0.6.pom
[55a72e03-ce96-4613-806e-9d921897602d/build]   | Progress (1): 2.6 kB                    Downloaded from central: https://repo.maven.apache.org/maven2/org/apache/maven/maven-project/2.0.6/maven-project-2.0.6.pom (2.6 kB at 264 kB/s)
[55a72e03-ce96-4613-806e-9d921897602d/build]   | Downloading from central: https://repo.maven.apache.org/maven2/org/apache/maven/maven-settings/2.0.6/maven-settings-2.0.6.pom
[55a72e03-ce96-4613-806e-9d921897602d/build]   | Progress (1): 2.0 kB                    Downloaded from central: https://repo.maven.apache.org/maven2/org/apache/maven/maven-settings/2.0.6/maven-settings-2.0.6.pom (2.0 kB at 222 kB/s)
[55a72e03-ce96-4613-806e-9d921897602d/build]   | Downloading from central: https://repo.maven.apache.org/maven2/org/apache/maven/maven-model/2.0.6/maven-model-2.0.6.pom
[55a72e03-ce96-4613-806e-9d921897602d/build]   | Progress (1): 3.0 kB                    Downloaded from central: https://repo.maven.apache.org/maven2/org/apache/maven/maven-model/2.0.6/maven-model-2.0.6.pom (3.0 kB at 109 kB/s)
[55a72e03-ce96-4613-806e-9d921897602d/build]   | Downloading from central: https://repo.maven.apache.org/maven2/org/codehaus/plexus/plexus-utils/1.4.1/plexus-utils-1.4.1.pom
[55a72e03-ce96-4613-806e-9d921897602d/build]   | Progress (1): 1.9 kB                    Downloaded from central: https://repo.maven.apache.org/maven2/org/codehaus/plexus/plexus-utils/1.4.1/plexus-utils-1.4.1.pom (1.9 kB at 147 kB/s)
[55a72e03-ce96-4613-806e-9d921897602d/build]   | Downloading from central: https://repo.maven.apache.org/maven2/org/codehaus/plexus/plexus/1.0.11/plexus-1.0.11.pom
[55a72e03-ce96-4613-806e-9d921897602d/build]   | Progress (1): 4.1/9.0 kBProgress (1): 8.2/9.0 kBProgress (1): 9.0 kB                        Downloaded from central: https://repo.maven.apache.org/maven2/org/codehaus/plexus/plexus/1.0.11/plexus-1.0.11.pom (9.0 kB at 897 kB/s)
[55a72e03-ce96-4613-806e-9d921897602d/build]   | Downloading from central: https://repo.maven.apache.org/maven2/org/codehaus/plexus/plexus-container-default/1.0-alpha-9-stable-1/plexus-container-default-1.0-alpha-9-stable-1.pom
[55a72e03-ce96-4613-806e-9d921897602d/build]   | Progress (1): 3.9 kB                    Downloaded from central: https://repo.maven.apache.org/maven2/org/codehaus/plexus/plexus-container-default/1.0-alpha-9-stable-1/plexus-container-default-1.0-alpha-9-stable-1.pom (3.9 kB at 359 kB/s)
[55a72e03-ce96-4613-806e-9d921897602d/build]   | Downloading from central: https://repo.maven.apache.org/maven2/org/codehaus/plexus/plexus-containers/1.0.3/plexus-containers-1.0.3.pom
[55a72e03-ce96-4613-806e-9d921897602d/build]   | Progress (1): 492 B                   Downloaded from central: https://repo.maven.apache.org/maven2/org/codehaus/plexus/plexus-containers/1.0.3/plexus-containers-1.0.3.pom (492 B at 55 kB/s)
[55a72e03-ce96-4613-806e-9d921897602d/build]   | Downloading from central: https://repo.maven.apache.org/maven2/org/codehaus/plexus/plexus/1.0.4/plexus-1.0.4.pom
[55a72e03-ce96-4613-806e-9d921897602d/build]   | Progress (1): 4.1/5.7 kBProgress (1): 5.7 kB                        Downloaded from central: https://repo.maven.apache.org/maven2/org/codehaus/plexus/plexus/1.0.4/plexus-1.0.4.pom (5.7 kB at 637 kB/s)
[55a72e03-ce96-4613-806e-9d921897602d/build]   | Downloading from central: https://repo.maven.apache.org/maven2/junit/junit/3.8.1/junit-3.8.1.pom
[55a72e03-ce96-4613-806e-9d921897602d/build]   | Progress (1): 998 B                   Downloaded from central: https://repo.maven.apache.org/maven2/junit/junit/3.8.1/junit-3.8.1.pom (998 B at 111 kB/s)
[55a72e03-ce96-4613-806e-9d921897602d/build]   | Downloading from central: https://repo.maven.apache.org/maven2/org/codehaus/plexus/plexus-utils/1.0.4/plexus-utils-1.0.4.pom
[55a72e03-ce96-4613-806e-9d921897602d/build]   | Progress (1): 4.1/6.9 kBProgress (1): 6.9 kB                        Downloaded from central: https://repo.maven.apache.org/maven2/org/codehaus/plexus/plexus-utils/1.0.4/plexus-utils-1.0.4.pom (6.9 kB at 686 kB/s)
[55a72e03-ce96-4613-806e-9d921897602d/build]   | Downloading from central: https://repo.maven.apache.org/maven2/classworlds/classworlds/1.1-alpha-2/classworlds-1.1-alpha-2.pom
[55a72e03-ce96-4613-806e-9d921897602d/build]   | Progress (1): 3.1 kB                    Downloaded from central: https://repo.maven.apache.org/maven2/classworlds/classworlds/1.1-alpha-2/classworlds-1.1-alpha-2.pom (3.1 kB at 348 kB/s)
[55a72e03-ce96-4613-806e-9d921897602d/build]   | Downloading from central: https://repo.maven.apache.org/maven2/org/apache/maven/maven-profile/2.0.6/maven-profile-2.0.6.pom
[55a72e03-ce96-4613-806e-9d921897602d/build]   | Progress (1): 2.0 kB                    Downloaded from central: https://repo.maven.apache.org/maven2/org/apache/maven/maven-profile/2.0.6/maven-profile-2.0.6.pom (2.0 kB at 165 kB/s)
[55a72e03-ce96-4613-806e-9d921897602d/build]   | Downloading from central: https://repo.maven.apache.org/maven2/org/apache/maven/maven-artifact-manager/2.0.6/maven-artifact-manager-2.0.6.pom
[55a72e03-ce96-4613-806e-9d921897602d/build]   | Progress (1): 2.6 kB                    Downloaded from central: https://repo.maven.apache.org/maven2/org/apache/maven/maven-artifact-manager/2.0.6/maven-artifact-manager-2.0.6.pom (2.6 kB at 238 kB/s)
[55a72e03-ce96-4613-806e-9d921897602d/build]   | Downloading from central: https://repo.maven.apache.org/maven2/org/apache/maven/maven-repository-metadata/2.0.6/maven-repository-metadata-2.0.6.pom
[55a72e03-ce96-4613-806e-9d921897602d/build]   | Progress (1): 1.9 kB                    Downloaded from central: https://repo.maven.apache.org/maven2/org/apache/maven/maven-repository-metadata/2.0.6/maven-repository-metadata-2.0.6.pom (1.9 kB at 231 kB/s)
[55a72e03-ce96-4613-806e-9d921897602d/build]   | Downloading from central: https://repo.maven.apache.org/maven2/org/apache/maven/maven-artifact/2.0.6/maven-artifact-2.0.6.pom
[55a72e03-ce96-4613-806e-9d921897602d/build]   | Progress (1): 1.6 kB                    Downloaded from central: https://repo.maven.apache.org/maven2/org/apache/maven/maven-artifact/2.0.6/maven-artifact-2.0.6.pom (1.6 kB at 175 kB/s)
[55a72e03-ce96-4613-806e-9d921897602d/build]   | Downloading from central: https://repo.maven.apache.org/maven2/org/apache/maven/maven-plugin-registry/2.0.6/maven-plugin-registry-2.0.6.pom
[55a72e03-ce96-4613-806e-9d921897602d/build]   | Progress (1): 1.9 kB                    Downloaded from central: https://repo.maven.apache.org/maven2/org/apache/maven/maven-plugin-registry/2.0.6/maven-plugin-registry-2.0.6.pom (1.9 kB at 243 kB/s)
[55a72e03-ce96-4613-806e-9d921897602d/build]   | Downloading from central: https://repo.maven.apache.org/maven2/org/apache/maven/maven-core/2.0.6/maven-core-2.0.6.pom
[55a72e03-ce96-4613-806e-9d921897602d/build]   | Progress (1): 4.1/6.7 kBProgress (1): 6.7 kB                        Downloaded from central: https://repo.maven.apache.org/maven2/org/apache/maven/maven-core/2.0.6/maven-core-2.0.6.pom (6.7 kB at 671 kB/s)
[55a72e03-ce96-4613-806e-9d921897602d/build]   | Downloading from central: https://repo.maven.apache.org/maven2/org/apache/maven/maven-plugin-parameter-documenter/2.0.6/maven-plugin-parameter-documenter-2.0.6.pom
[55a72e03-ce96-4613-806e-9d921897602d/build]   | Progress (1): 1.9 kB                    Downloaded from central: https://repo.maven.apache.org/maven2/org/apache/maven/maven-plugin-parameter-documenter/2.0.6/maven-plugin-parameter-documenter-2.0.6.pom (1.9 kB at 212 kB/s)
[55a72e03-ce96-4613-806e-9d921897602d/build]   | Downloading from central: https://repo.maven.apache.org/maven2/org/apache/maven/reporting/maven-reporting-api/2.0.6/maven-reporting-api-2.0.6.pom
[55a72e03-ce96-4613-806e-9d921897602d/build]   | Progress (1): 1.8 kB                    Downloaded from central: https://repo.maven.apache.org/maven2/org/apache/maven/reporting/maven-reporting-api/2.0.6/maven-reporting-api-2.0.6.pom (1.8 kB at 195 kB/s)
[55a72e03-ce96-4613-806e-9d921897602d/build]   | Downloading from central: https://repo.maven.apache.org/maven2/org/apache/maven/reporting/maven-reporting/2.0.6/maven-reporting-2.0.6.pom
[55a72e03-ce96-4613-806e-9d921897602d/build]   | Progress (1): 1.4 kB                    Downloaded from central: https://repo.maven.apache.org/maven2/org/apache/maven/reporting/maven-reporting/2.0.6/maven-reporting-2.0.6.pom (1.4 kB at 144 kB/s)
[55a72e03-ce96-4613-806e-9d921897602d/build]   | Downloading from central: https://repo.maven.apache.org/maven2/org/apache/maven/doxia/doxia-sink-api/1.0-alpha-7/doxia-sink-api-1.0-alpha-7.pom
[55a72e03-ce96-4613-806e-9d921897602d/build]   | Progress (1): 424 B                   Downloaded from central: https://repo.maven.apache.org/maven2/org/apache/maven/doxia/doxia-sink-api/1.0-alpha-7/doxia-sink-api-1.0-alpha-7.pom (424 B at 47 kB/s)
[55a72e03-ce96-4613-806e-9d921897602d/build]   | Downloading from central: https://repo.maven.apache.org/maven2/org/apache/maven/doxia/doxia/1.0-alpha-7/doxia-1.0-alpha-7.pom
[55a72e03-ce96-4613-806e-9d921897602d/build]   | Progress (1): 3.9 kB                    Downloaded from central: https://repo.maven.apache.org/maven2/org/apache/maven/doxia/doxia/1.0-alpha-7/doxia-1.0-alpha-7.pom (3.9 kB at 489 kB/s)
[55a72e03-ce96-4613-806e-9d921897602d/build]   | Downloading from central: https://repo.maven.apache.org/maven2/org/apache/maven/maven-error-diagnostics/2.0.6/maven-error-diagnostics-2.0.6.pom
[55a72e03-ce96-4613-806e-9d921897602d/build]   | Progress (1): 1.7 kB                    Downloaded from central: https://repo.maven.apache.org/maven2/org/apache/maven/maven-error-diagnostics/2.0.6/maven-error-diagnostics-2.0.6.pom (1.7 kB at 213 kB/s)
[55a72e03-ce96-4613-806e-9d921897602d/build]   | Downloading from central: https://repo.maven.apache.org/maven2/commons-cli/commons-cli/1.0/commons-cli-1.0.pom
[55a72e03-ce96-4613-806e-9d921897602d/build]   | Progress (1): 2.1 kB                    Downloaded from central: https://repo.maven.apache.org/maven2/commons-cli/commons-cli/1.0/commons-cli-1.0.pom (2.1 kB at 175 kB/s)
[55a72e03-ce96-4613-806e-9d921897602d/build]   | Downloading from central: https://repo.maven.apache.org/maven2/org/apache/maven/maven-plugin-descriptor/2.0.6/maven-plugin-descriptor-2.0.6.pom
[55a72e03-ce96-4613-806e-9d921897602d/build]   | Progress (1): 2.0 kB                    Downloaded from central: https://repo.maven.apache.org/maven2/org/apache/maven/maven-plugin-descriptor/2.0.6/maven-plugin-descriptor-2.0.6.pom (2.0 kB at 202 kB/s)
[55a72e03-ce96-4613-806e-9d921897602d/build]   | Downloading from central: https://repo.maven.apache.org/maven2/org/codehaus/plexus/plexus-interactivity-api/1.0-alpha-4/plexus-interactivity-api-1.0-alpha-4.pom
[55a72e03-ce96-4613-806e-9d921897602d/build]   | Progress (1): 4.1/7.1 kBProgress (1): 7.1 kB                        Downloaded from central: https://repo.maven.apache.org/maven2/org/codehaus/plexus/plexus-interactivity-api/1.0-alpha-4/plexus-interactivity-api-1.0-alpha-4.pom (7.1 kB at 788 kB/s)
[55a72e03-ce96-4613-806e-9d921897602d/build]   | Downloading from central: https://repo.maven.apache.org/maven2/org/apache/maven/maven-monitor/2.0.6/maven-monitor-2.0.6.pom
[55a72e03-ce96-4613-806e-9d921897602d/build]   | Progress (1): 1.3 kB                    Downloaded from central: https://repo.maven.apache.org/maven2/org/apache/maven/maven-monitor/2.0.6/maven-monitor-2.0.6.pom (1.3 kB at 125 kB/s)
[55a72e03-ce96-4613-806e-9d921897602d/build]   | Downloading from central: https://repo.maven.apache.org/maven2/classworlds/classworlds/1.1/classworlds-1.1.pom
[55a72e03-ce96-4613-806e-9d921897602d/build]   | Progress (1): 3.3 kB                    Downloaded from central: https://repo.maven.apache.org/maven2/classworlds/classworlds/1.1/classworlds-1.1.pom (3.3 kB at 416 kB/s)
[55a72e03-ce96-4613-806e-9d921897602d/build]   | Downloading from central: https://repo.maven.apache.org/maven2/org/codehaus/plexus/plexus-utils/2.0.5/plexus-utils-2.0.5.pom
[55a72e03-ce96-4613-806e-9d921897602d/build]   | Progress (1): 3.3 kB                    Downloaded from central: https://repo.maven.apache.org/maven2/org/codehaus/plexus/plexus-utils/2.0.5/plexus-utils-2.0.5.pom (3.3 kB at 417 kB/s)
[55a72e03-ce96-4613-806e-9d921897602d/build]   | Downloading from central: https://repo.maven.apache.org/maven2/org/codehaus/plexus/plexus/2.0.6/plexus-2.0.6.pom
[55a72e03-ce96-4613-806e-9d921897602d/build]   | Progress (1): 4.1/17 kBProgress (1): 8.2/17 kBProgress (1): 12/17 kB Progress (1): 16/17 kBProgress (1): 17 kB                      Downloaded from central: https://repo.maven.apache.org/maven2/org/codehaus/plexus/plexus/2.0.6/plexus-2.0.6.pom (17 kB at 1.3 MB/s)
[55a72e03-ce96-4613-806e-9d921897602d/build]   | Downloading from central: https://repo.maven.apache.org/maven2/org/apache/maven/shared/maven-filtering/1.1/maven-filtering-1.1.pom
[55a72e03-ce96-4613-806e-9d921897602d/build]   | Progress (1): 4.1/5.8 kBProgress (1): 5.8 kB                        Downloaded from central: https://repo.maven.apache.org/maven2/org/apache/maven/shared/maven-filtering/1.1/maven-filtering-1.1.pom (5.8 kB at 643 kB/s)
[55a72e03-ce96-4613-806e-9d921897602d/build]   | Downloading from central: https://repo.maven.apache.org/maven2/org/apache/maven/shared/maven-shared-components/17/maven-shared-components-17.pom
[55a72e03-ce96-4613-806e-9d921897602d/build]   | Progress (1): 4.1/8.7 kBProgress (1): 8.2/8.7 kBProgress (1): 8.7 kB                        Downloaded from central: https://repo.maven.apache.org/maven2/org/apache/maven/shared/maven-shared-components/17/maven-shared-components-17.pom (8.7 kB at 1.1 MB/s)
[55a72e03-ce96-4613-806e-9d921897602d/build]   | Downloading from central: https://repo.maven.apache.org/maven2/org/codehaus/plexus/plexus-utils/1.5.15/plexus-utils-1.5.15.pom
[55a72e03-ce96-4613-806e-9d921897602d/build]   | Progress (1): 4.1/6.8 kBProgress (1): 6.8 kB                        Downloaded from central: https://repo.maven.apache.org/maven2/org/codehaus/plexus/plexus-utils/1.5.15/plexus-utils-1.5.15.pom (6.8 kB at 856 kB/s)
[55a72e03-ce96-4613-806e-9d921897602d/build]   | Downloading from central: https://repo.maven.apache.org/maven2/org/codehaus/plexus/plexus/2.0.2/plexus-2.0.2.pom
[55a72e03-ce96-4613-806e-9d921897602d/build]   | Progress (1): 4.1/12 kBProgress (1): 8.2/12 kBProgress (1): 12 kB                       Downloaded from central: https://repo.maven.apache.org/maven2/org/codehaus/plexus/plexus/2.0.2/plexus-2.0.2.pom (12 kB at 1.7 MB/s)
[55a72e03-ce96-4613-806e-9d921897602d/build]   | Downloading from central: https://repo.maven.apache.org/maven2/org/codehaus/plexus/plexus-interpolation/1.12/plexus-interpolation-1.12.pom
[55a72e03-ce96-4613-806e-9d921897602d/build]   | Progress (1): 889 B                   Downloaded from central: https://repo.maven.apache.org/maven2/org/codehaus/plexus/plexus-interpolation/1.12/plexus-interpolation-1.12.pom (889 B at 111 kB/s)
[55a72e03-ce96-4613-806e-9d921897602d/build]   | Downloading from central: https://repo.maven.apache.org/maven2/org/codehaus/plexus/plexus-components/1.1.14/plexus-components-1.1.14.pom
[55a72e03-ce96-4613-806e-9d921897602d/build]   | Progress (1): 4.1/5.8 kBProgress (1): 5.8 kB                        Downloaded from central: https://repo.maven.apache.org/maven2/org/codehaus/plexus/plexus-components/1.1.14/plexus-components-1.1.14.pom (5.8 kB at 487 kB/s)
[55a72e03-ce96-4613-806e-9d921897602d/build]   | Downloading from central: https://repo.maven.apache.org/maven2/org/sonatype/plexus/plexus-build-api/0.0.4/plexus-build-api-0.0.4.pom
[55a72e03-ce96-4613-806e-9d921897602d/build]   | Progress (1): 2.9 kB                    Downloaded from central: https://repo.maven.apache.org/maven2/org/sonatype/plexus/plexus-build-api/0.0.4/plexus-build-api-0.0.4.pom (2.9 kB at 409 kB/s)
[55a72e03-ce96-4613-806e-9d921897602d/build]   | Downloading from central: https://repo.maven.apache.org/maven2/org/sonatype/spice/spice-parent/10/spice-parent-10.pom
[55a72e03-ce96-4613-806e-9d921897602d/build]   | Progress (1): 3.0 kB                    Downloaded from central: https://repo.maven.apache.org/maven2/org/sonatype/spice/spice-parent/10/spice-parent-10.pom (3.0 kB at 431 kB/s)
[55a72e03-ce96-4613-806e-9d921897602d/build]   | Downloading from central: https://repo.maven.apache.org/maven2/org/sonatype/forge/forge-parent/3/forge-parent-3.pom
[55a72e03-ce96-4613-806e-9d921897602d/build]   | Progress (1): 4.1/5.0 kBProgress (1): 5.0 kB                        Downloaded from central: https://repo.maven.apache.org/maven2/org/sonatype/forge/forge-parent/3/forge-parent-3.pom (5.0 kB at 503 kB/s)
[55a72e03-ce96-4613-806e-9d921897602d/build]   | Downloading from central: https://repo.maven.apache.org/maven2/org/codehaus/plexus/plexus-utils/1.5.8/plexus-utils-1.5.8.pom
[55a72e03-ce96-4613-806e-9d921897602d/build]   | Progress (1): 4.1/8.1 kBProgress (1): 8.1 kB                        Downloaded from central: https://repo.maven.apache.org/maven2/org/codehaus/plexus/plexus-utils/1.5.8/plexus-utils-1.5.8.pom (8.1 kB at 1.0 MB/s)
[55a72e03-ce96-4613-806e-9d921897602d/build]   | Downloading from central: https://repo.maven.apache.org/maven2/org/codehaus/plexus/plexus-interpolation/1.13/plexus-interpolation-1.13.pom
[55a72e03-ce96-4613-806e-9d921897602d/build]   | Progress (1): 890 B                   Downloaded from central: https://repo.maven.apache.org/maven2/org/codehaus/plexus/plexus-interpolation/1.13/plexus-interpolation-1.13.pom (890 B at 127 kB/s)
[55a72e03-ce96-4613-806e-9d921897602d/build]   | Downloading from central: https://repo.maven.apache.org/maven2/org/codehaus/plexus/plexus-components/1.1.15/plexus-components-1.1.15.pom
[55a72e03-ce96-4613-806e-9d921897602d/build]   | Progress (1): 2.8 kB                    Downloaded from central: https://repo.maven.apache.org/maven2/org/codehaus/plexus/plexus-components/1.1.15/plexus-components-1.1.15.pom (2.8 kB at 356 kB/s)
[55a72e03-ce96-4613-806e-9d921897602d/build]   | Downloading from central: https://repo.maven.apache.org/maven2/org/codehaus/plexus/plexus/2.0.3/plexus-2.0.3.pom
[55a72e03-ce96-4613-806e-9d921897602d/build]   | Progress (1): 4.1/15 kBProgress (1): 8.2/15 kBProgress (1): 12/15 kB Progress (1): 15 kB                      Downloaded from central: https://repo.maven.apache.org/maven2/org/codehaus/plexus/plexus/2.0.3/plexus-2.0.3.pom (15 kB at 1.9 MB/s)
[55a72e03-ce96-4613-806e-9d921897602d/build]   | Downloading from central: https://repo.maven.apache.org/maven2/org/apache/maven/maven-project/2.0.6/maven-project-2.0.6.jar
[55a72e03-ce96-4613-806e-9d921897602d/build]   | Downloading from central: https://repo.maven.apache.org/maven2/org/apache/maven/maven-profile/2.0.6/maven-profile-2.0.6.jar
[55a72e03-ce96-4613-806e-9d921897602d/build]   | Downloading from central: https://repo.maven.apache.org/maven2/org/apache/maven/maven-artifact-manager/2.0.6/maven-artifact-manager-2.0.6.jar
[55a72e03-ce96-4613-806e-9d921897602d/build]   | Downloading from central: https://repo.maven.apache.org/maven2/org/apache/maven/maven-plugin-registry/2.0.6/maven-plugin-registry-2.0.6.jar
[55a72e03-ce96-4613-806e-9d921897602d/build]   | Downloading from central: https://repo.maven.apache.org/maven2/org/apache/maven/maven-core/2.0.6/maven-core-2.0.6.jar
[55a72e03-ce96-4613-806e-9d921897602d/build]   | Progress (1): 4.1/116 kBProgress (1): 8.2/116 kBProgress (1): 12/116 kB Progress (1): 16/116 kBProgress (1): 20/116 kBProgress (1): 24/116 kBProgress (1): 28/116 kBProgress (1): 32/116 kBProgress (1): 36/116 kBProgress (1): 40/116 kBProgress (1): 45/116 kBProgress (1): 49/116 kBProgress (2): 49/116 kB | 4.1/35 kBProgress (2): 49/116 kB | 8.2/35 kBProgress (2): 49/116 kB | 12/35 kB Progress (2): 53/116 kB | 12/35 kBProgress (2): 53/116 kB | 16/35 kBProgress (2): 57/116 kB | 16/35 kBProgress (2): 61/116 kB | 16/35 kBProgress (2): 65/116 kB | 16/35 kBProgress (2): 65/116 kB | 20/35 kBProgress (2): 65/116 kB | 25/35 kBProgress (2): 65/116 kB | 29/35 kBProgress (2): 65/116 kB | 33/35 kBProgress (2): 69/116 kB | 33/35 kBProgress (2): 69/116 kB | 35 kB   Progress (2): 73/116 kB | 35 kBProgress (2): 77/116 kB | 35 kBProgress (2): 81/116 kB | 35 kBProgress (2): 85/116 kB | 35 kBProgress (2): 90/116 kB | 35 kBProgress (2): 94/116 kB | 35 kBProgress (2): 98/116 kB | 35 kBProgress (2): 102/116 kB | 35 kBProgress (2): 106/116 kB | 35 kBProgress (2): 110/116 kB | 35 kBProgress (2): 114/116 kB | 35 kBProgress (2): 116 kB | 35 kB                                Downloaded from central: https://repo.maven.apache.org/maven2/org/apache/maven/maven-project/2.0.6/maven-project-2.0.6.jar (116 kB at 5.8 MB/s)
[55a72e03-ce96-4613-806e-9d921897602d/build]   | Downloading from central: https://repo.maven.apache.org/maven2/org/apache/maven/maven-plugin-parameter-documenter/2.0.6/maven-plugin-parameter-documenter-2.0.6.jar
[55a72e03-ce96-4613-806e-9d921897602d/build]   | Progress (2): 35 kB | 4.1/152 kBProgress (2): 35 kB | 8.2/152 kBProgress (2): 35 kB | 12/152 kB Progress (2): 35 kB | 16/152 kBProgress (3): 35 kB | 16/152 kB | 4.1/21 kBProgress (4): 35 kB | 16/152 kB | 4.1/21 kB | 2.7/29 kBProgress (4): 35 kB | 16/152 kB | 8.2/21 kB | 2.7/29 kBProgress (4): 35 kB | 16/152 kB | 12/21 kB | 2.7/29 kB Progress (4): 35 kB | 16/152 kB | 12/21 kB | 5.5/29 kBProgress (4): 35 kB | 16/152 kB | 16/21 kB | 5.5/29 kBProgress (4): 35 kB | 20/152 kB | 16/21 kB | 5.5/29 kBProgress (4): 35 kB | 20/152 kB | 16/21 kB | 8.2/29 kB                                                      Downloaded from central: https://repo.maven.apache.org/maven2/org/apache/maven/maven-profile/2.0.6/maven-profile-2.0.6.jar (35 kB at 1.4 MB/s)
[55a72e03-ce96-4613-806e-9d921897602d/build]   | Progress (3): 25/152 kB | 16/21 kB | 8.2/29 kB                                              Downloading from central: https://repo.maven.apache.org/maven2/org/apache/maven/reporting/maven-reporting-api/2.0.6/maven-reporting-api-2.0.6.jar
[55a72e03-ce96-4613-806e-9d921897602d/build]   | Progress (3): 25/152 kB | 16/21 kB | 11/29 kBProgress (3): 25/152 kB | 20/21 kB | 11/29 kBProgress (3): 29/152 kB | 20/21 kB | 11/29 kBProgress (3): 29/152 kB | 20/21 kB | 14/29 kBProgress (3): 33/152 kB | 20/21 kB | 14/29 kBProgress (3): 33/152 kB | 21 kB | 14/29 kB   Progress (3): 33/152 kB | 21 kB | 16/29 kBProgress (3): 33/152 kB | 21 kB | 19/29 kBProgress (3): 33/152 kB | 21 kB | 22/29 kBProgress (3): 33/152 kB | 21 kB | 25/29 kBProgress (3): 37/152 kB | 21 kB | 25/29 kBProgress (3): 37/152 kB | 21 kB | 27/29 kBProgress (3): 41/152 kB | 21 kB | 27/29 kBProgress (3): 45/152 kB | 21 kB | 27/29 kBProgress (3): 45/152 kB | 21 kB | 29 kB   Progress (3): 49/152 kB | 21 kB | 29 kBProgress (3): 53/152 kB | 21 kB | 29 kBProgress (3): 57/152 kB | 21 kB | 29 kBProgress (3): 61/152 kB | 21 kB | 29 kBProgress (3): 66/152 kB | 21 kB | 29 kBProgress (4): 66/152 kB | 21 kB | 29 kB | 4.1/9.9 kBProgress (4): 70/152 kB | 21 kB | 29 kB | 4.1/9.9 kBProgress (4): 70/152 kB | 21 kB | 29 kB | 8.2/9.9 kB                                                    Downloaded from central: https://repo.maven.apache.org/maven2/org/apache/maven/maven-plugin-parameter-documenter/2.0.6/maven-plugin-parameter-documenter-2.0.6.jar (21 kB at 741 kB/s)
[55a72e03-ce96-4613-806e-9d921897602d/build]   | Progress (4): 70/152 kB | 29 kB | 8.2/9.9 kB | 4.1/57 kBProgress (4): 74/152 kB | 29 kB | 8.2/9.9 kB | 4.1/57 kBProgress (4): 74/152 kB | 29 kB | 9.9 kB | 4.1/57 kB                                                        Downloading from central: https://repo.maven.apache.org/maven2/org/apache/maven/doxia/doxia-sink-api/1.0-alpha-7/doxia-sink-api-1.0-alpha-7.jar
[55a72e03-ce96-4613-806e-9d921897602d/build]   | Progress (4): 78/152 kB | 29 kB | 9.9 kB | 4.1/57 kBProgress (4): 78/152 kB | 29 kB | 9.9 kB | 8.2/57 kBProgress (4): 82/152 kB | 29 kB | 9.9 kB | 8.2/57 kBProgress (4): 82/152 kB | 29 kB | 9.9 kB | 12/57 kB Progress (4): 82/152 kB | 29 kB | 9.9 kB | 16/57 kBProgress (4): 86/152 kB | 29 kB | 9.9 kB | 16/57 kBProgress (4): 90/152 kB | 29 kB | 9.9 kB | 16/57 kBProgress (4): 90/152 kB | 29 kB | 9.9 kB | 20/57 kBProgress (4): 94/152 kB | 29 kB | 9.9 kB | 20/57 kBProgress (4): 94/152 kB | 29 kB | 9.9 kB | 24/57 kBProgress (4): 98/152 kB | 29 kB | 9.9 kB | 24/57 kBProgress (4): 98/152 kB | 29 kB | 9.9 kB | 28/57 kBProgress (4): 98/152 kB | 29 kB | 9.9 kB | 32/57 kBProgress (4): 102/152 kB | 29 kB | 9.9 kB | 32/57 kBProgress (4): 106/152 kB | 29 kB | 9.9 kB | 32/57 kBProgress (4): 111/152 kB | 29 kB | 9.9 kB | 32/57 kBProgress (4): 115/152 kB | 29 kB | 9.9 kB | 32/57 kBProgress (4): 115/152 kB | 29 kB | 9.9 kB | 36/57 kBProgress (4): 115/152 kB | 29 kB | 9.9 kB | 40/57 kBProgress (4): 115/152 kB | 29 kB | 9.9 kB | 45/57 kBProgress (4): 115/152 kB | 29 kB | 9.9 kB | 49/57 kBProgress (4): 119/152 kB | 29 kB | 9.9 kB | 49/57 kBProgress (4): 123/152 kB | 29 kB | 9.9 kB | 49/57 kBProgress (5): 123/152 kB | 29 kB | 9.9 kB | 49/57 kB | 4.1/5.9 kBProgress (5): 127/152 kB | 29 kB | 9.9 kB | 49/57 kB | 4.1/5.9 kBProgress (5): 127/152 kB | 29 kB | 9.9 kB | 53/57 kB | 4.1/5.9 kBProgress (5): 131/152 kB | 29 kB | 9.9 kB | 53/57 kB | 4.1/5.9 kBProgress (5): 131/152 kB | 29 kB | 9.9 kB | 57 kB | 4.1/5.9 kB   Progress (5): 131/152 kB | 29 kB | 9.9 kB | 57 kB | 5.9 kB    Progress (5): 135/152 kB | 29 kB | 9.9 kB | 57 kB | 5.9 kBProgress (5): 139/152 kB | 29 kB | 9.9 kB | 57 kB | 5.9 kBProgress (5): 143/152 kB | 29 kB | 9.9 kB | 57 kB | 5.9 kBProgress (5): 147/152 kB | 29 kB | 9.9 kB | 57 kB | 5.9 kBProgress (5): 152/152 kB | 29 kB | 9.9 kB | 57 kB | 5.9 kBProgress (5): 152 kB | 29 kB | 9.9 kB | 57 kB | 5.9 kB                                                          Downloaded from central: https://repo.maven.apache.org/maven2/org/apache/maven/doxia/doxia-sink-api/1.0-alpha-7/doxia-sink-api-1.0-alpha-7.jar (5.9 kB at 170 kB/s)
[55a72e03-ce96-4613-806e-9d921897602d/build]   | Downloading from central: https://repo.maven.apache.org/maven2/org/apache/maven/maven-repository-metadata/2.0.6/maven-repository-metadata-2.0.6.jar
[55a72e03-ce96-4613-806e-9d921897602d/build]   | Downloaded from central: https://repo.maven.apache.org/maven2/org/apache/maven/maven-artifact-manager/2.0.6/maven-artifact-manager-2.0.6.jar (57 kB at 1.5 MB/s)
[55a72e03-ce96-4613-806e-9d921897602d/build]   | Downloading from central: https://repo.maven.apache.org/maven2/org/apache/maven/maven-error-diagnostics/2.0.6/maven-error-diagnostics-2.0.6.jar
[55a72e03-ce96-4613-806e-9d921897602d/build]   | Downloaded from central: https://repo.maven.apache.org/maven2/org/apache/maven/reporting/maven-reporting-api/2.0.6/maven-reporting-api-2.0.6.jar (9.9 kB at 276 kB/s)
[55a72e03-ce96-4613-806e-9d921897602d/build]   | Downloading from central: https://repo.maven.apache.org/maven2/commons-cli/commons-cli/1.0/commons-cli-1.0.jar
[55a72e03-ce96-4613-806e-9d921897602d/build]   | Downloaded from central: https://repo.maven.apache.org/maven2/org/apache/maven/maven-plugin-registry/2.0.6/maven-plugin-registry-2.0.6.jar (29 kB at 742 kB/s)
[55a72e03-ce96-4613-806e-9d921897602d/build]   | Downloading from central: https://repo.maven.apache.org/maven2/org/apache/maven/maven-plugin-descriptor/2.0.6/maven-plugin-descriptor-2.0.6.jar
[55a72e03-ce96-4613-806e-9d921897602d/build]   | Downloaded from central: https://repo.maven.apache.org/maven2/org/apache/maven/maven-core/2.0.6/maven-core-2.0.6.jar (152 kB at 3.8 MB/s)
[55a72e03-ce96-4613-806e-9d921897602d/build]   | Downloading from central: https://repo.maven.apache.org/maven2/org/codehaus/plexus/plexus-interactivity-api/1.0-alpha-4/plexus-interactivity-api-1.0-alpha-4.jar
[55a72e03-ce96-4613-806e-9d921897602d/build]   | Progress (1): 4.1/24 kBProgress (1): 8.2/24 kBProgress (1): 12/24 kB Progress (1): 16/24 kBProgress (1): 20/24 kBProgress (1): 24/24 kBProgress (1): 24 kB   Progress (2): 24 kB | 4.1/13 kBProgress (2): 24 kB | 8.2/13 kBProgress (2): 24 kB | 12/13 kB Progress (2): 24 kB | 13 kB   Progress (3): 24 kB | 13 kB | 2.7/30 kBProgress (4): 24 kB | 13 kB | 2.7/30 kB | 4.1/37 kBProgress (4): 24 kB | 13 kB | 5.5/30 kB | 4.1/37 kBProgress (4): 24 kB | 13 kB | 5.5/30 kB | 8.2/37 kBProgress (4): 24 kB | 13 kB | 5.5/30 kB | 12/37 kB Progress (4): 24 kB | 13 kB | 8.2/30 kB | 12/37 kBProgress (4): 24 kB | 13 kB | 8.2/30 kB | 16/37 kB                                                  Downloaded from central: https://repo.maven.apache.org/maven2/org/apache/maven/maven-repository-metadata/2.0.6/maven-repository-metadata-2.0.6.jar (24 kB at 544 kB/s)
[55a72e03-ce96-4613-806e-9d921897602d/build]   | Downloading from central: https://repo.maven.apache.org/maven2/classworlds/classworlds/1.1/classworlds-1.1.jar
[55a72e03-ce96-4613-806e-9d921897602d/build]   | Progress (3): 13 kB | 11/30 kB | 16/37 kBProgress (3): 13 kB | 14/30 kB | 16/37 kBProgress (3): 13 kB | 16/30 kB | 16/37 kBProgress (3): 13 kB | 16/30 kB | 20/37 kBProgress (3): 13 kB | 19/30 kB | 20/37 kBProgress (3): 13 kB | 19/30 kB | 24/37 kBProgress (3): 13 kB | 19/30 kB | 28/37 kBProgress (3): 13 kB | 22/30 kB | 28/37 kBProgress (3): 13 kB | 22/30 kB | 32/37 kBProgress (3): 13 kB | 25/30 kB | 32/37 kBProgress (3): 13 kB | 25/30 kB | 36/37 kBProgress (3): 13 kB | 25/30 kB | 37 kB   Progress (3): 13 kB | 27/30 kB | 37 kB                                      Downloaded from central: https://repo.maven.apache.org/maven2/org/codehaus/plexus/plexus-interactivity-api/1.0-alpha-4/plexus-interactivity-api-1.0-alpha-4.jar (13 kB at 285 kB/s)
[55a72e03-ce96-4613-806e-9d921897602d/build]   | Downloading from central: https://repo.maven.apache.org/maven2/org/apache/maven/maven-artifact/2.0.6/maven-artifact-2.0.6.jar
[55a72e03-ce96-4613-806e-9d921897602d/build]   | Progress (2): 30 kB | 37 kB                           Downloaded from central: https://repo.maven.apache.org/maven2/org/apache/maven/maven-plugin-descriptor/2.0.6/maven-plugin-descriptor-2.0.6.jar (37 kB at 737 kB/s)
[55a72e03-ce96-4613-806e-9d921897602d/build]   | Downloading from central: https://repo.maven.apache.org/maven2/org/apache/maven/maven-settings/2.0.6/maven-settings-2.0.6.jar
[55a72e03-ce96-4613-806e-9d921897602d/build]   | Progress (2): 30 kB | 4.1/87 kBProgress (2): 30 kB | 8.2/87 kBProgress (2): 30 kB | 12/87 kB Progress (2): 30 kB | 16/87 kBProgress (2): 30 kB | 20/87 kBProgress (2): 30 kB | 24/87 kBProgress (3): 30 kB | 24/87 kB | 4.1/38 kBProgress (3): 30 kB | 28/87 kB | 4.1/38 kBProgress (3): 30 kB | 28/87 kB | 8.2/38 kB                                          Downloaded from central: https://repo.maven.apache.org/maven2/commons-cli/commons-cli/1.0/commons-cli-1.0.jar (30 kB at 558 kB/s)
[55a72e03-ce96-4613-806e-9d921897602d/build]   | Progress (2): 32/87 kB | 8.2/38 kB                                  Downloading from central: https://repo.maven.apache.org/maven2/org/apache/maven/maven-model/2.0.6/maven-model-2.0.6.jar
[55a72e03-ce96-4613-806e-9d921897602d/build]   | Progress (2): 32/87 kB | 12/38 kBProgress (2): 32/87 kB | 16/38 kBProgress (2): 36/87 kB | 16/38 kBProgress (2): 36/87 kB | 20/38 kBProgress (2): 40/87 kB | 20/38 kBProgress (2): 40/87 kB | 24/38 kBProgress (2): 45/87 kB | 24/38 kBProgress (2): 45/87 kB | 28/38 kBProgress (2): 49/87 kB | 28/38 kBProgress (2): 49/87 kB | 32/38 kBProgress (2): 49/87 kB | 36/38 kBProgress (2): 49/87 kB | 38 kB   Progress (3): 49/87 kB | 38 kB | 4.1/14 kBProgress (3): 53/87 kB | 38 kB | 4.1/14 kBProgress (3): 53/87 kB | 38 kB | 8.2/14 kBProgress (3): 57/87 kB | 38 kB | 8.2/14 kBProgress (3): 57/87 kB | 38 kB | 12/14 kB Progress (3): 61/87 kB | 38 kB | 12/14 kBProgress (3): 61/87 kB | 38 kB | 14 kB   Progress (3): 65/87 kB | 38 kB | 14 kBProgress (3): 69/87 kB | 38 kB | 14 kBProgress (3): 73/87 kB | 38 kB | 14 kBProgress (3): 77/87 kB | 38 kB | 14 kBProgress (3): 81/87 kB | 38 kB | 14 kBProgress (3): 85/87 kB | 38 kB | 14 kBProgress (3): 87 kB | 38 kB | 14 kB                                      Downloaded from central: https://repo.maven.apache.org/maven2/classworlds/classworlds/1.1/classworlds-1.1.jar (38 kB at 631 kB/s)
[55a72e03-ce96-4613-806e-9d921897602d/build]   | Downloading from central: https://repo.maven.apache.org/maven2/org/apache/maven/maven-monitor/2.0.6/maven-monitor-2.0.6.jar
[55a72e03-ce96-4613-806e-9d921897602d/build]   | Progress (3): 87 kB | 14 kB | 4.1/86 kBProgress (4): 87 kB | 14 kB | 4.1/86 kB | 4.1/49 kBProgress (4): 87 kB | 14 kB | 8.2/86 kB | 4.1/49 kBProgress (4): 87 kB | 14 kB | 12/86 kB | 4.1/49 kB Progress (4): 87 kB | 14 kB | 12/86 kB | 8.2/49 kBProgress (4): 87 kB | 14 kB | 16/86 kB | 8.2/49 kBProgress (4): 87 kB | 14 kB | 16/86 kB | 12/49 kB                                                  Downloaded from central: https://repo.maven.apache.org/maven2/org/apache/maven/maven-artifact/2.0.6/maven-artifact-2.0.6.jar (87 kB at 1.4 MB/s)
[55a72e03-ce96-4613-806e-9d921897602d/build]   | Progress (3): 14 kB | 16/86 kB | 16/49 kB                                         Downloading from central: https://repo.maven.apache.org/maven2/org/codehaus/plexus/plexus-container-default/1.0-alpha-9-stable-1/plexus-container-default-1.0-alpha-9-stable-1.jar
[55a72e03-ce96-4613-806e-9d921897602d/build]   | Progress (3): 14 kB | 20/86 kB | 16/49 kBProgress (3): 14 kB | 25/86 kB | 16/49 kBProgress (3): 14 kB | 29/86 kB | 16/49 kBProgress (3): 14 kB | 29/86 kB | 20/49 kBProgress (3): 14 kB | 33/86 kB | 20/49 kBProgress (3): 14 kB | 33/86 kB | 24/49 kBProgress (3): 14 kB | 33/86 kB | 28/49 kBProgress (4): 14 kB | 33/86 kB | 28/49 kB | 4.1/10 kBProgress (4): 14 kB | 33/86 kB | 32/49 kB | 4.1/10 kBProgress (4): 14 kB | 33/86 kB | 32/49 kB | 8.2/10 kBProgress (4): 14 kB | 33/86 kB | 32/49 kB | 10 kB    Progress (4): 14 kB | 37/86 kB | 32/49 kB | 10 kBProgress (4): 14 kB | 41/86 kB | 32/49 kB | 10 kBProgress (4): 14 kB | 45/86 kB | 32/49 kB | 10 kBProgress (4): 14 kB | 49/86 kB | 32/49 kB | 10 kBProgress (4): 14 kB | 49/86 kB | 36/49 kB | 10 kBProgress (4): 14 kB | 49/86 kB | 40/49 kB | 10 kBProgress (4): 14 kB | 53/86 kB | 40/49 kB | 10 kBProgress (4): 14 kB | 53/86 kB | 45/49 kB | 10 kB                                                 Downloaded from central: https://repo.maven.apache.org/maven2/org/apache/maven/maven-error-diagnostics/2.0.6/maven-error-diagnostics-2.0.6.jar (14 kB at 206 kB/s)
[55a72e03-ce96-4613-806e-9d921897602d/build]   | Progress (3): 53/86 kB | 49/49 kB | 10 kBProgress (3): 57/86 kB | 49/49 kB | 10 kB                                         Downloading from central: https://repo.maven.apache.org/maven2/junit/junit/3.8.1/junit-3.8.1.jar
[55a72e03-ce96-4613-806e-9d921897602d/build]   | Progress (3): 61/86 kB | 49/49 kB | 10 kBProgress (3): 61/86 kB | 49 kB | 10 kB   Progress (3): 66/86 kB | 49 kB | 10 kBProgress (3): 70/86 kB | 49 kB | 10 kBProgress (3): 74/86 kB | 49 kB | 10 kBProgress (3): 78/86 kB | 49 kB | 10 kBProgress (4): 78/86 kB | 49 kB | 10 kB | 4.1/194 kBProgress (4): 82/86 kB | 49 kB | 10 kB | 4.1/194 kBProgress (4): 82/86 kB | 49 kB | 10 kB | 8.2/194 kBProgress (4): 82/86 kB | 49 kB | 10 kB | 12/194 kB Progress (4): 86/86 kB | 49 kB | 10 kB | 12/194 kBProgress (4): 86/86 kB | 49 kB | 10 kB | 16/194 kBProgress (4): 86 kB | 49 kB | 10 kB | 16/194 kB   Progress (4): 86 kB | 49 kB | 10 kB | 20/194 kBProgress (4): 86 kB | 49 kB | 10 kB | 24/194 kBProgress (4): 86 kB | 49 kB | 10 kB | 28/194 kBProgress (4): 86 kB | 49 kB | 10 kB | 32/194 kBProgress (4): 86 kB | 49 kB | 10 kB | 36/194 kBProgress (4): 86 kB | 49 kB | 10 kB | 40/194 kB                                               Downloaded from central: https://repo.maven.apache.org/maven2/org/apache/maven/maven-settings/2.0.6/maven-settings-2.0.6.jar (49 kB at 701 kB/s)
[55a72e03-ce96-4613-806e-9d921897602d/build]   | Progress (3): 86 kB | 10 kB | 45/194 kB                                       Downloading from central: https://repo.maven.apache.org/maven2/org/codehaus/plexus/plexus-utils/2.0.5/plexus-utils-2.0.5.jar
[55a72e03-ce96-4613-806e-9d921897602d/build]   | Progress (3): 86 kB | 10 kB | 49/194 kB                                       Downloaded from central: https://repo.maven.apache.org/maven2/org/apache/maven/maven-monitor/2.0.6/maven-monitor-2.0.6.jar (10 kB at 144 kB/s)
[55a72e03-ce96-4613-806e-9d921897602d/build]   | Downloading from central: https://repo.maven.apache.org/maven2/org/apache/maven/shared/maven-filtering/1.1/maven-filtering-1.1.jar
[55a72e03-ce96-4613-806e-9d921897602d/build]   | Progress (2): 86 kB | 53/194 kBProgress (2): 86 kB | 57/194 kBProgress (2): 86 kB | 61/194 kBProgress (2): 86 kB | 65/194 kB                               Downloaded from central: https://repo.maven.apache.org/maven2/org/apache/maven/maven-model/2.0.6/maven-model-2.0.6.jar (86 kB at 1.2 MB/s)
[55a72e03-ce96-4613-806e-9d921897602d/build]   | Downloading from central: https://repo.maven.apache.org/maven2/org/sonatype/plexus/plexus-build-api/0.0.4/plexus-build-api-0.0.4.jar
[55a72e03-ce96-4613-806e-9d921897602d/build]   | Progress (1): 69/194 kBProgress (1): 73/194 kBProgress (1): 77/194 kBProgress (1): 81/194 kBProgress (1): 85/194 kBProgress (1): 90/194 kBProgress (1): 94/194 kBProgress (1): 98/194 kBProgress (2): 98/194 kB | 4.1/43 kBProgress (2): 98/194 kB | 8.2/43 kBProgress (2): 98/194 kB | 12/43 kB Progress (2): 102/194 kB | 12/43 kBProgress (2): 102/194 kB | 16/43 kBProgress (2): 106/194 kB | 16/43 kBProgress (2): 110/194 kB | 16/43 kBProgress (2): 114/194 kB | 16/43 kBProgress (2): 114/194 kB | 20/43 kBProgress (2): 114/194 kB | 25/43 kBProgress (2): 114/194 kB | 29/43 kBProgress (2): 118/194 kB | 29/43 kBProgress (2): 118/194 kB | 33/43 kBProgress (2): 122/194 kB | 33/43 kBProgress (2): 126/194 kB | 33/43 kBProgress (2): 131/194 kB | 33/43 kBProgress (2): 131/194 kB | 37/43 kBProgress (2): 131/194 kB | 41/43 kBProgress (2): 131/194 kB | 43 kB   Progress (3): 131/194 kB | 43 kB | 4.1/223 kBProgress (3): 135/194 kB | 43 kB | 4.1/223 kBProgress (3): 135/194 kB | 43 kB | 8.2/223 kBProgress (3): 139/194 kB | 43 kB | 8.2/223 kBProgress (3): 139/194 kB | 43 kB | 12/223 kB Progress (3): 143/194 kB | 43 kB | 12/223 kBProgress (3): 143/194 kB | 43 kB | 16/223 kBProgress (3): 147/194 kB | 43 kB | 16/223 kBProgress (4): 147/194 kB | 43 kB | 16/223 kB | 4.1/6.8 kBProgress (5): 147/194 kB | 43 kB | 16/223 kB | 4.1/6.8 kB | 4.1/121 kBProgress (5): 147/194 kB | 43 kB | 16/223 kB | 6.8 kB | 4.1/121 kB    Progress (5): 147/194 kB | 43 kB | 20/223 kB | 6.8 kB | 4.1/121 kBProgress (5): 151/194 kB | 43 kB | 20/223 kB | 6.8 kB | 4.1/121 kBProgress (5): 151/194 kB | 43 kB | 20/223 kB | 6.8 kB | 8.2/121 kBProgress (5): 155/194 kB | 43 kB | 20/223 kB | 6.8 kB | 8.2/121 kBProgress (5): 155/194 kB | 43 kB | 25/223 kB | 6.8 kB | 8.2/121 kBProgress (5): 159/194 kB | 43 kB | 25/223 kB | 6.8 kB | 8.2/121 kBProgress (5): 159/194 kB | 43 kB | 29/223 kB | 6.8 kB | 8.2/121 kBProgress (5): 159/194 kB | 43 kB | 29/223 kB | 6.8 kB | 12/121 kB Progress (5): 159/194 kB | 43 kB | 33/223 kB | 6.8 kB | 12/121 kBProgress (5): 163/194 kB | 43 kB | 33/223 kB | 6.8 kB | 12/121 kBProgress (5): 163/194 kB | 43 kB | 33/223 kB | 6.8 kB | 16/121 kBProgress (5): 163/194 kB | 43 kB | 37/223 kB | 6.8 kB | 16/121 kBProgress (5): 163/194 kB | 43 kB | 37/223 kB | 6.8 kB | 20/121 kBProgress (5): 167/194 kB | 43 kB | 37/223 kB | 6.8 kB | 20/121 kBProgress (5): 167/194 kB | 43 kB | 41/223 kB | 6.8 kB | 20/121 kBProgress (5): 171/194 kB | 43 kB | 41/223 kB | 6.8 kB | 20/121 kBProgress (5): 171/194 kB | 43 kB | 41/223 kB | 6.8 kB | 24/121 kBProgress (5): 176/194 kB | 43 kB | 41/223 kB | 6.8 kB | 24/121 kBProgress (5): 176/194 kB | 43 kB | 45/223 kB | 6.8 kB | 24/121 kBProgress (5): 180/194 kB | 43 kB | 45/223 kB | 6.8 kB | 24/121 kBProgress (5): 180/194 kB | 43 kB | 45/223 kB | 6.8 kB | 28/121 kBProgress (5): 180/194 kB | 43 kB | 49/223 kB | 6.8 kB | 28/121 kBProgress (5): 180/194 kB | 43 kB | 49/223 kB | 6.8 kB | 32/121 kBProgress (5): 184/194 kB | 43 kB | 49/223 kB | 6.8 kB | 32/121 kBProgress (5): 188/194 kB | 43 kB | 49/223 kB | 6.8 kB | 32/121 kBProgress (5): 188/194 kB | 43 kB | 53/223 kB | 6.8 kB | 32/121 kBProgress (5): 188/194 kB | 43 kB | 53/223 kB | 6.8 kB | 36/121 kBProgress (5): 192/194 kB | 43 kB | 53/223 kB | 6.8 kB | 36/121 kBProgress (5): 192/194 kB | 43 kB | 57/223 kB | 6.8 kB | 36/121 kBProgress (5): 192/194 kB | 43 kB | 57/223 kB | 6.8 kB | 40/121 kBProgress (5): 194 kB | 43 kB | 57/223 kB | 6.8 kB | 40/121 kB    Progress (5): 194 kB | 43 kB | 61/223 kB | 6.8 kB | 40/121 kBProgress (5): 194 kB | 43 kB | 61/223 kB | 6.8 kB | 45/121 kBProgress (5): 194 kB | 43 kB | 66/223 kB | 6.8 kB | 45/121 kBProgress (5): 194 kB | 43 kB | 66/223 kB | 6.8 kB | 49/121 kB                                                             Downloaded from central: https://repo.maven.apache.org/maven2/org/apache/maven/shared/maven-filtering/1.1/maven-filtering-1.1.jar (43 kB at 519 kB/s)
[55a72e03-ce96-4613-806e-9d921897602d/build]   | Downloading from central: https://repo.maven.apache.org/maven2/org/codehaus/plexus/plexus-interpolation/1.13/plexus-interpolation-1.13.jar
[55a72e03-ce96-4613-806e-9d921897602d/build]   | Progress (4): 194 kB | 70/223 kB | 6.8 kB | 49/121 kBProgress (4): 194 kB | 74/223 kB | 6.8 kB | 49/121 kBProgress (4): 194 kB | 74/223 kB | 6.8 kB | 53/121 kBProgress (4): 194 kB | 78/223 kB | 6.8 kB | 53/121 kBProgress (4): 194 kB | 78/223 kB | 6.8 kB | 57/121 kBProgress (4): 194 kB | 82/223 kB | 6.8 kB | 57/121 kBProgress (4): 194 kB | 82/223 kB | 6.8 kB | 61/121 kBProgress (4): 194 kB | 82/223 kB | 6.8 kB | 65/121 kBProgress (4): 194 kB | 86/223 kB | 6.8 kB | 65/121 kBProgress (4): 194 kB | 90/223 kB | 6.8 kB | 65/121 kBProgress (4): 194 kB | 90/223 kB | 6.8 kB | 69/121 kBProgress (4): 194 kB | 94/223 kB | 6.8 kB | 69/121 kBProgress (4): 194 kB | 94/223 kB | 6.8 kB | 73/121 kBProgress (4): 194 kB | 98/223 kB | 6.8 kB | 73/121 kBProgress (4): 194 kB | 98/223 kB | 6.8 kB | 77/121 kBProgress (4): 194 kB | 98/223 kB | 6.8 kB | 81/121 kBProgress (4): 194 kB | 102/223 kB | 6.8 kB | 81/121 kBProgress (4): 194 kB | 102/223 kB | 6.8 kB | 85/121 kBProgress (4): 194 kB | 106/223 kB | 6.8 kB | 85/121 kBProgress (4): 194 kB | 106/223 kB | 6.8 kB | 90/121 kBProgress (4): 194 kB | 111/223 kB | 6.8 kB | 90/121 kBProgress (4): 194 kB | 111/223 kB | 6.8 kB | 94/121 kBProgress (4): 194 kB | 115/223 kB | 6.8 kB | 94/121 kBProgress (4): 194 kB | 115/223 kB | 6.8 kB | 98/121 kB                                                      Downloaded from central: https://repo.maven.apache.org/maven2/org/sonatype/plexus/plexus-build-api/0.0.4/plexus-build-api-0.0.4.jar (6.8 kB at 78 kB/s)
[55a72e03-ce96-4613-806e-9d921897602d/build]   | Progress (4): 194 kB | 115/223 kB | 98/121 kB | 4.1/61 kBProgress (4): 194 kB | 115/223 kB | 98/121 kB | 8.2/61 kBProgress (4): 194 kB | 115/223 kB | 98/121 kB | 12/61 kB Progress (4): 194 kB | 115/223 kB | 102/121 kB | 12/61 kBProgress (4): 194 kB | 115/223 kB | 102/121 kB | 16/61 kBProgress (4): 194 kB | 119/223 kB | 102/121 kB | 16/61 kBProgress (4): 194 kB | 119/223 kB | 106/121 kB | 16/61 kBProgress (4): 194 kB | 123/223 kB | 106/121 kB | 16/61 kBProgress (4): 194 kB | 123/223 kB | 110/121 kB | 16/61 kBProgress (4): 194 kB | 127/223 kB | 110/121 kB | 16/61 kBProgress (4): 194 kB | 127/223 kB | 114/121 kB | 16/61 kBProgress (4): 194 kB | 131/223 kB | 114/121 kB | 16/61 kBProgress (4): 194 kB | 131/223 kB | 114/121 kB | 20/61 kBProgress (4): 194 kB | 131/223 kB | 114/121 kB | 24/61 kBProgress (4): 194 kB | 131/223 kB | 114/121 kB | 28/61 kBProgress (4): 194 kB | 131/223 kB | 118/121 kB | 28/61 kBProgress (4): 194 kB | 131/223 kB | 118/121 kB | 32/61 kBProgress (4): 194 kB | 131/223 kB | 121 kB | 32/61 kB    Progress (4): 194 kB | 135/223 kB | 121 kB | 32/61 kBProgress (4): 194 kB | 139/223 kB | 121 kB | 32/61 kBProgress (4): 194 kB | 143/223 kB | 121 kB | 32/61 kBProgress (4): 194 kB | 147/223 kB | 121 kB | 32/61 kBProgress (4): 194 kB | 147/223 kB | 121 kB | 36/61 kBProgress (4): 194 kB | 147/223 kB | 121 kB | 40/61 kBProgress (4): 194 kB | 147/223 kB | 121 kB | 45/61 kBProgress (4): 194 kB | 147/223 kB | 121 kB | 49/61 kBProgress (4): 194 kB | 152/223 kB | 121 kB | 49/61 kBProgress (4): 194 kB | 156/223 kB | 121 kB | 49/61 kBProgress (4): 194 kB | 160/223 kB | 121 kB | 49/61 kBProgress (4): 194 kB | 164/223 kB | 121 kB | 49/61 kBProgress (4): 194 kB | 164/223 kB | 121 kB | 53/61 kBProgress (4): 194 kB | 164/223 kB | 121 kB | 57/61 kBProgress (4): 194 kB | 164/223 kB | 121 kB | 61/61 kBProgress (4): 194 kB | 168/223 kB | 121 kB | 61/61 kBProgress (4): 194 kB | 168/223 kB | 121 kB | 61 kB   Progress (4): 194 kB | 172/223 kB | 121 kB | 61 kBProgress (4): 194 kB | 176/223 kB | 121 kB | 61 kBProgress (4): 194 kB | 180/223 kB | 121 kB | 61 kB                                                  Downloaded from central: https://repo.maven.apache.org/maven2/org/codehaus/plexus/plexus-container-default/1.0-alpha-9-stable-1/plexus-container-default-1.0-alpha-9-stable-1.jar (194 kB at 2.1 MB/s)
[55a72e03-ce96-4613-806e-9d921897602d/build]   | Progress (3): 184/223 kB | 121 kB | 61 kBProgress (3): 188/223 kB | 121 kB | 61 kBProgress (3): 193/223 kB | 121 kB | 61 kBProgress (3): 197/223 kB | 121 kB | 61 kBProgress (3): 201/223 kB | 121 kB | 61 kBProgress (3): 205/223 kB | 121 kB | 61 kBProgress (3): 209/223 kB | 121 kB | 61 kB                                         Downloaded from central: https://repo.maven.apache.org/maven2/junit/junit/3.8.1/junit-3.8.1.jar (121 kB at 1.3 MB/s)
[55a72e03-ce96-4613-806e-9d921897602d/build]   | Progress (2): 213/223 kB | 61 kBProgress (2): 217/223 kB | 61 kBProgress (2): 221/223 kB | 61 kBProgress (2): 223 kB | 61 kB                                Downloaded from central: https://repo.maven.apache.org/maven2/org/codehaus/plexus/plexus-interpolation/1.13/plexus-interpolation-1.13.jar (61 kB at 636 kB/s)
[55a72e03-ce96-4613-806e-9d921897602d/build]   | Downloaded from central: https://repo.maven.apache.org/maven2/org/codehaus/plexus/plexus-utils/2.0.5/plexus-utils-2.0.5.jar (223 kB at 2.1 MB/s)
[55a72e03-ce96-4613-806e-9d921897602d/build]   | [INFO] Using 'UTF-8' encoding to copy filtered resources.
[55a72e03-ce96-4613-806e-9d921897602d/build]   | [INFO] skip non existing resourceDirectory /tmp/325372c8-9bdc-41e6-b949-743889950901/src/main/resources
[55a72e03-ce96-4613-806e-9d921897602d/build]   | [INFO] 
[55a72e03-ce96-4613-806e-9d921897602d/build]   | [INFO] --- maven-compiler-plugin:3.1:compile (default-compile) @ semver4j ---
[55a72e03-ce96-4613-806e-9d921897602d/build]   | Downloading from central: https://repo.maven.apache.org/maven2/org/apache/maven/maven-plugin-api/2.0.9/maven-plugin-api-2.0.9.pom
[55a72e03-ce96-4613-806e-9d921897602d/build]   | Progress (1): 1.5 kB                    Downloaded from central: https://repo.maven.apache.org/maven2/org/apache/maven/maven-plugin-api/2.0.9/maven-plugin-api-2.0.9.pom (1.5 kB at 166 kB/s)
[55a72e03-ce96-4613-806e-9d921897602d/build]   | Downloading from central: https://repo.maven.apache.org/maven2/org/apache/maven/maven/2.0.9/maven-2.0.9.pom
[55a72e03-ce96-4613-806e-9d921897602d/build]   | Progress (1): 4.1/19 kBProgress (1): 8.2/19 kBProgress (1): 12/19 kB Progress (1): 16/19 kBProgress (1): 19 kB                      Downloaded from central: https://repo.maven.apache.org/maven2/org/apache/maven/maven/2.0.9/maven-2.0.9.pom (19 kB at 1.2 MB/s)
[55a72e03-ce96-4613-806e-9d921897602d/build]   | Downloading from central: https://repo.maven.apache.org/maven2/org/apache/maven/maven-parent/8/maven-parent-8.pom
[55a72e03-ce96-4613-806e-9d921897602d/build]   | Progress (1): 4.1/24 kBProgress (1): 8.2/24 kBProgress (1): 12/24 kB Progress (1): 16/24 kBProgress (1): 20/24 kBProgress (1): 24 kB                      Downloaded from central: https://repo.maven.apache.org/maven2/org/apache/maven/maven-parent/8/maven-parent-8.pom (24 kB at 97 kB/s)
[55a72e03-ce96-4613-806e-9d921897602d/build]   | Downloading from central: https://repo.maven.apache.org/maven2/org/apache/apache/4/apache-4.pom
[55a72e03-ce96-4613-806e-9d921897602d/build]   | Progress (1): 4.1/4.5 kBProgress (1): 4.5 kB                        Downloaded from central: https://repo.maven.apache.org/maven2/org/apache/apache/4/apache-4.pom (4.5 kB at 155 kB/s)
[55a72e03-ce96-4613-806e-9d921897602d/build]   | Downloading from central: https://repo.maven.apache.org/maven2/org/apache/maven/maven-artifact/2.0.9/maven-artifact-2.0.9.pom
[55a72e03-ce96-4613-806e-9d921897602d/build]   | Progress (1): 1.6 kB                    Downloaded from central: https://repo.maven.apache.org/maven2/org/apache/maven/maven-artifact/2.0.9/maven-artifact-2.0.9.pom (1.6 kB at 65 kB/s)
[55a72e03-ce96-4613-806e-9d921897602d/build]   | Downloading from central: https://repo.maven.apache.org/maven2/org/codehaus/plexus/plexus-utils/1.5.1/plexus-utils-1.5.1.pom
[55a72e03-ce96-4613-806e-9d921897602d/build]   | Progress (1): 2.3 kB                    Downloaded from central: https://repo.maven.apache.org/maven2/org/codehaus/plexus/plexus-utils/1.5.1/plexus-utils-1.5.1.pom (2.3 kB at 48 kB/s)
[55a72e03-ce96-4613-806e-9d921897602d/build]   | Downloading from central: https://repo.maven.apache.org/maven2/org/apache/maven/maven-core/2.0.9/maven-core-2.0.9.pom
[55a72e03-ce96-4613-806e-9d921897602d/build]   | Progress (1): 4.1/7.8 kBProgress (1): 7.8 kB                        Downloaded from central: https://repo.maven.apache.org/maven2/org/apache/maven/maven-core/2.0.9/maven-core-2.0.9.pom (7.8 kB at 4.7 kB/s)
[55a72e03-ce96-4613-806e-9d921897602d/build]   | Downloading from central: https://repo.maven.apache.org/maven2/org/apache/maven/maven-settings/2.0.9/maven-settings-2.0.9.pom
[55a72e03-ce96-4613-806e-9d921897602d/build]   | Progress (1): 2.1 kB                    Downloaded from central: https://repo.maven.apache.org/maven2/org/apache/maven/maven-settings/2.0.9/maven-settings-2.0.9.pom (2.1 kB at 86 kB/s)
[55a72e03-ce96-4613-806e-9d921897602d/build]   | Downloading from central: https://repo.maven.apache.org/maven2/org/apache/maven/maven-model/2.0.9/maven-model-2.0.9.pom
[55a72e03-ce96-4613-806e-9d921897602d/build]   | Progress (1): 3.1 kB                    Downloaded from central: https://repo.maven.apache.org/maven2/org/apache/maven/maven-model/2.0.9/maven-model-2.0.9.pom (3.1 kB at 2.0 kB/s)
[55a72e03-ce96-4613-806e-9d921897602d/build]   | Downloading from central: https://repo.maven.apache.org/maven2/org/apache/maven/maven-plugin-parameter-documenter/2.0.9/maven-plugin-parameter-documenter-2.0.9.pom
[55a72e03-ce96-4613-806e-9d921897602d/build]   | Progress (1): 2.0 kB                    Downloaded from central: https://repo.maven.apache.org/maven2/org/apache/maven/maven-plugin-parameter-documenter/2.0.9/maven-plugin-parameter-documenter-2.0.9.pom (2.0 kB at 123 kB/s)
[55a72e03-ce96-4613-806e-9d921897602d/build]   | Downloading from central: https://repo.maven.apache.org/maven2/org/apache/maven/maven-profile/2.0.9/maven-profile-2.0.9.pom
[55a72e03-ce96-4613-806e-9d921897602d/build]   | Progress (1): 2.0 kB                    Downloaded from central: https://repo.maven.apache.org/maven2/org/apache/maven/maven-profile/2.0.9/maven-profile-2.0.9.pom (2.0 kB at 137 kB/s)
[55a72e03-ce96-4613-806e-9d921897602d/build]   | Downloading from central: https://repo.maven.apache.org/maven2/org/apache/maven/maven-repository-metadata/2.0.9/maven-repository-metadata-2.0.9.pom
[55a72e03-ce96-4613-806e-9d921897602d/build]   | Progress (1): 1.9 kB                    Downloaded from central: https://repo.maven.apache.org/maven2/org/apache/maven/maven-repository-metadata/2.0.9/maven-repository-metadata-2.0.9.pom (1.9 kB at 136 kB/s)
[55a72e03-ce96-4613-806e-9d921897602d/build]   | Downloading from central: https://repo.maven.apache.org/maven2/org/apache/maven/maven-error-diagnostics/2.0.9/maven-error-diagnostics-2.0.9.pom
[55a72e03-ce96-4613-806e-9d921897602d/build]   | Progress (1): 1.7 kB                    Downloaded from central: https://repo.maven.apache.org/maven2/org/apache/maven/maven-error-diagnostics/2.0.9/maven-error-diagnostics-2.0.9.pom (1.7 kB at 194 kB/s)
[55a72e03-ce96-4613-806e-9d921897602d/build]   | Downloading from central: https://repo.maven.apache.org/maven2/org/apache/maven/maven-project/2.0.9/maven-project-2.0.9.pom
[55a72e03-ce96-4613-806e-9d921897602d/build]   | Progress (1): 2.7 kB                    Downloaded from central: https://repo.maven.apache.org/maven2/org/apache/maven/maven-project/2.0.9/maven-project-2.0.9.pom (2.7 kB at 181 kB/s)
[55a72e03-ce96-4613-806e-9d921897602d/build]   | Downloading from central: https://repo.maven.apache.org/maven2/org/apache/maven/maven-artifact-manager/2.0.9/maven-artifact-manager-2.0.9.pom
[55a72e03-ce96-4613-806e-9d921897602d/build]   | Progress (1): 2.7 kB                    Downloaded from central: https://repo.maven.apache.org/maven2/org/apache/maven/maven-artifact-manager/2.0.9/maven-artifact-manager-2.0.9.pom (2.7 kB at 270 kB/s)
[55a72e03-ce96-4613-806e-9d921897602d/build]   | Downloading from central: https://repo.maven.apache.org/maven2/org/apache/maven/maven-plugin-registry/2.0.9/maven-plugin-registry-2.0.9.pom
[55a72e03-ce96-4613-806e-9d921897602d/build]   | Progress (1): 2.0 kB                    Downloaded from central: https://repo.maven.apache.org/maven2/org/apache/maven/maven-plugin-registry/2.0.9/maven-plugin-registry-2.0.9.pom (2.0 kB at 246 kB/s)
[55a72e03-ce96-4613-806e-9d921897602d/build]   | Downloading from central: https://repo.maven.apache.org/maven2/org/apache/maven/maven-plugin-descriptor/2.0.9/maven-plugin-descriptor-2.0.9.pom
[55a72e03-ce96-4613-806e-9d921897602d/build]   | Progress (1): 2.1 kB                    Downloaded from central: https://repo.maven.apache.org/maven2/org/apache/maven/maven-plugin-descriptor/2.0.9/maven-plugin-descriptor-2.0.9.pom (2.1 kB at 259 kB/s)
[55a72e03-ce96-4613-806e-9d921897602d/build]   | Downloading from central: https://repo.maven.apache.org/maven2/org/apache/maven/maven-monitor/2.0.9/maven-monitor-2.0.9.pom
[55a72e03-ce96-4613-806e-9d921897602d/build]   | Progress (1): 1.3 kB                    Downloaded from central: https://repo.maven.apache.org/maven2/org/apache/maven/maven-monitor/2.0.9/maven-monitor-2.0.9.pom (1.3 kB at 128 kB/s)
[55a72e03-ce96-4613-806e-9d921897602d/build]   | Downloading from central: https://repo.maven.apache.org/maven2/org/apache/maven/maven-toolchain/1.0/maven-toolchain-1.0.pom
[55a72e03-ce96-4613-806e-9d921897602d/build]   | Progress (1): 3.4 kB                    Downloaded from central: https://repo.maven.apache.org/maven2/org/apache/maven/maven-toolchain/1.0/maven-toolchain-1.0.pom (3.4 kB at 201 kB/s)
[55a72e03-ce96-4613-806e-9d921897602d/build]   | Downloading from central: https://repo.maven.apache.org/maven2/org/apache/maven/shared/maven-shared-utils/0.1/maven-shared-utils-0.1.pom
[55a72e03-ce96-4613-806e-9d921897602d/build]   | Progress (1): 4.0 kB                    Downloaded from central: https://repo.maven.apache.org/maven2/org/apache/maven/shared/maven-shared-utils/0.1/maven-shared-utils-0.1.pom (4.0 kB at 131 kB/s)
[55a72e03-ce96-4613-806e-9d921897602d/build]   | Downloading from central: https://repo.maven.apache.org/maven2/org/apache/maven/shared/maven-shared-components/18/maven-shared-components-18.pom
[55a72e03-ce96-4613-806e-9d921897602d/build]   | Progress (1): 4.1/4.9 kBProgress (1): 4.9 kB                        Downloaded from central: https://repo.maven.apache.org/maven2/org/apache/maven/shared/maven-shared-components/18/maven-shared-components-18.pom (4.9 kB at 260 kB/s)
[55a72e03-ce96-4613-806e-9d921897602d/build]   | Downloading from central: https://repo.maven.apache.org/maven2/com/google/code/findbugs/jsr305/2.0.1/jsr305-2.0.1.pom
[55a72e03-ce96-4613-806e-9d921897602d/build]   | Progress (1): 965 B                   Downloaded from central: https://repo.maven.apache.org/maven2/com/google/code/findbugs/jsr305/2.0.1/jsr305-2.0.1.pom (965 B at 96 kB/s)
[55a72e03-ce96-4613-806e-9d921897602d/build]   | Downloading from central: https://repo.maven.apache.org/maven2/org/apache/maven/shared/maven-shared-incremental/1.1/maven-shared-incremental-1.1.pom
[55a72e03-ce96-4613-806e-9d921897602d/build]   | Progress (1): 4.1/4.7 kBProgress (1): 4.7 kB                        Downloaded from central: https://repo.maven.apache.org/maven2/org/apache/maven/shared/maven-shared-incremental/1.1/maven-shared-incremental-1.1.pom (4.7 kB at 190 kB/s)
[55a72e03-ce96-4613-806e-9d921897602d/build]   | Downloading from central: https://repo.maven.apache.org/maven2/org/apache/maven/shared/maven-shared-components/19/maven-shared-components-19.pom
[55a72e03-ce96-4613-806e-9d921897602d/build]   | Progress (1): 4.1/6.4 kBProgress (1): 6.4 kB                        Downloaded from central: https://repo.maven.apache.org/maven2/org/apache/maven/shared/maven-shared-components/19/maven-shared-components-19.pom (6.4 kB at 530 kB/s)
[55a72e03-ce96-4613-806e-9d921897602d/build]   | Downloading from central: https://repo.maven.apache.org/maven2/org/apache/maven/maven-plugin-api/2.2.1/maven-plugin-api-2.2.1.pom
[55a72e03-ce96-4613-806e-9d921897602d/build]   | Progress (1): 1.5 kB                    Downloaded from central: https://repo.maven.apache.org/maven2/org/apache/maven/maven-plugin-api/2.2.1/maven-plugin-api-2.2.1.pom (1.5 kB at 162 kB/s)
[55a72e03-ce96-4613-806e-9d921897602d/build]   | Downloading from central: https://repo.maven.apache.org/maven2/org/apache/maven/maven/2.2.1/maven-2.2.1.pom
[55a72e03-ce96-4613-806e-9d921897602d/build]   | Progress (1): 4.1/22 kBProgress (1): 8.2/22 kBProgress (1): 12/22 kB Progress (1): 16/22 kBProgress (1): 20/22 kBProgress (1): 22 kB                      Downloaded from central: https://repo.maven.apache.org/maven2/org/apache/maven/maven/2.2.1/maven-2.2.1.pom (22 kB at 1.3 MB/s)
[55a72e03-ce96-4613-806e-9d921897602d/build]   | Downloading from central: https://repo.maven.apache.org/maven2/org/apache/maven/maven-parent/11/maven-parent-11.pom
[55a72e03-ce96-4613-806e-9d921897602d/build]   | Progress (1): 4.1/32 kBProgress (1): 8.2/32 kBProgress (1): 12/32 kB Progress (1): 16/32 kBProgress (1): 20/32 kBProgress (1): 24/32 kBProgress (1): 28/32 kBProgress (1): 32/32 kBProgress (1): 32 kB                      Downloaded from central: https://repo.maven.apache.org/maven2/org/apache/maven/maven-parent/11/maven-parent-11.pom (32 kB at 1.8 MB/s)
[55a72e03-ce96-4613-806e-9d921897602d/build]   | Downloading from central: https://repo.maven.apache.org/maven2/org/apache/apache/5/apache-5.pom
[55a72e03-ce96-4613-806e-9d921897602d/build]   | Progress (1): 4.1/4.1 kBProgress (1): 4.1 kB                        Downloaded from central: https://repo.maven.apache.org/maven2/org/apache/apache/5/apache-5.pom (4.1 kB at 512 kB/s)
[55a72e03-ce96-4613-806e-9d921897602d/build]   | Downloading from central: https://repo.maven.apache.org/maven2/org/apache/maven/maven-core/2.2.1/maven-core-2.2.1.pom
[55a72e03-ce96-4613-806e-9d921897602d/build]   | Progress (1): 4.1/12 kBProgress (1): 8.2/12 kBProgress (1): 12 kB                       Downloaded from central: https://repo.maven.apache.org/maven2/org/apache/maven/maven-core/2.2.1/maven-core-2.2.1.pom (12 kB at 1.2 MB/s)
[55a72e03-ce96-4613-806e-9d921897602d/build]   | Downloading from central: https://repo.maven.apache.org/maven2/org/apache/maven/maven-settings/2.2.1/maven-settings-2.2.1.pom
[55a72e03-ce96-4613-806e-9d921897602d/build]   | Progress (1): 2.2 kB                    Downloaded from central: https://repo.maven.apache.org/maven2/org/apache/maven/maven-settings/2.2.1/maven-settings-2.2.1.pom (2.2 kB at 272 kB/s)
[55a72e03-ce96-4613-806e-9d921897602d/build]   | Downloading from central: https://repo.maven.apache.org/maven2/org/apache/maven/maven-model/2.2.1/maven-model-2.2.1.pom
[55a72e03-ce96-4613-806e-9d921897602d/build]   | Progress (1): 3.2 kB                    Downloaded from central: https://repo.maven.apache.org/maven2/org/apache/maven/maven-model/2.2.1/maven-model-2.2.1.pom (3.2 kB at 360 kB/s)
[55a72e03-ce96-4613-806e-9d921897602d/build]   | Downloading from central: https://repo.maven.apache.org/maven2/org/codehaus/plexus/plexus-interpolation/1.11/plexus-interpolation-1.11.pom
[55a72e03-ce96-4613-806e-9d921897602d/build]   | Progress (1): 889 B                   Downloaded from central: https://repo.maven.apache.org/maven2/org/codehaus/plexus/plexus-interpolation/1.11/plexus-interpolation-1.11.pom (889 B at 42 kB/s)
[55a72e03-ce96-4613-806e-9d921897602d/build]   | Downloading from central: https://repo.maven.apache.org/maven2/org/apache/maven/maven-plugin-parameter-documenter/2.2.1/maven-plugin-parameter-documenter-2.2.1.pom
[55a72e03-ce96-4613-806e-9d921897602d/build]   | Progress (1): 2.0 kB                    Downloaded from central: https://repo.maven.apache.org/maven2/org/apache/maven/maven-plugin-parameter-documenter/2.2.1/maven-plugin-parameter-documenter-2.2.1.pom (2.0 kB at 196 kB/s)
[55a72e03-ce96-4613-806e-9d921897602d/build]   | Downloading from central: https://repo.maven.apache.org/maven2/org/slf4j/slf4j-jdk14/1.5.6/slf4j-jdk14-1.5.6.pom
[55a72e03-ce96-4613-806e-9d921897602d/build]   | Progress (1): 1.9 kB                    Downloaded from central: https://repo.maven.apache.org/maven2/org/slf4j/slf4j-jdk14/1.5.6/slf4j-jdk14-1.5.6.pom (1.9 kB at 61 kB/s)
[55a72e03-ce96-4613-806e-9d921897602d/build]   | Downloading from central: https://repo.maven.apache.org/maven2/org/slf4j/slf4j-parent/1.5.6/slf4j-parent-1.5.6.pom
[55a72e03-ce96-4613-806e-9d921897602d/build]   | Progress (1): 4.1/7.9 kBProgress (1): 7.9 kB                        Downloaded from central: https://repo.maven.apache.org/maven2/org/slf4j/slf4j-parent/1.5.6/slf4j-parent-1.5.6.pom (7.9 kB at 609 kB/s)
[55a72e03-ce96-4613-806e-9d921897602d/build]   | Downloading from central: https://repo.maven.apache.org/maven2/org/slf4j/slf4j-api/1.5.6/slf4j-api-1.5.6.pom
[55a72e03-ce96-4613-806e-9d921897602d/build]   | Progress (1): 3.0 kB                    Downloaded from central: https://repo.maven.apache.org/maven2/org/slf4j/slf4j-api/1.5.6/slf4j-api-1.5.6.pom (3.0 kB at 426 kB/s)
[55a72e03-ce96-4613-806e-9d921897602d/build]   | Downloading from central: https://repo.maven.apache.org/maven2/org/slf4j/jcl-over-slf4j/1.5.6/jcl-over-slf4j-1.5.6.pom
[55a72e03-ce96-4613-806e-9d921897602d/build]   | Progress (1): 2.2 kB                    Downloaded from central: https://repo.maven.apache.org/maven2/org/slf4j/jcl-over-slf4j/1.5.6/jcl-over-slf4j-1.5.6.pom (2.2 kB at 310 kB/s)
[55a72e03-ce96-4613-806e-9d921897602d/build]   | Downloading from central: https://repo.maven.apache.org/maven2/org/apache/maven/maven-profile/2.2.1/maven-profile-2.2.1.pom
[55a72e03-ce96-4613-806e-9d921897602d/build]   | Progress (1): 2.2 kB                    Downloaded from central: https://repo.maven.apache.org/maven2/org/apache/maven/maven-profile/2.2.1/maven-profile-2.2.1.pom (2.2 kB at 310 kB/s)
[55a72e03-ce96-4613-806e-9d921897602d/build]   | Downloading from central: https://repo.maven.apache.org/maven2/org/apache/maven/maven-artifact/2.2.1/maven-artifact-2.2.1.pom
[55a72e03-ce96-4613-806e-9d921897602d/build]   | Progress (1): 1.6 kB                    Downloaded from central: https://repo.maven.apache.org/maven2/org/apache/maven/maven-artifact/2.2.1/maven-artifact-2.2.1.pom (1.6 kB at 176 kB/s)
[55a72e03-ce96-4613-806e-9d921897602d/build]   | Downloading from central: https://repo.maven.apache.org/maven2/org/apache/maven/maven-repository-metadata/2.2.1/maven-repository-metadata-2.2.1.pom
[55a72e03-ce96-4613-806e-9d921897602d/build]   | Progress (1): 1.9 kB                    Downloaded from central: https://repo.maven.apache.org/maven2/org/apache/maven/maven-repository-metadata/2.2.1/maven-repository-metadata-2.2.1.pom (1.9 kB at 267 kB/s)
[55a72e03-ce96-4613-806e-9d921897602d/build]   | Downloading from central: https://repo.maven.apache.org/maven2/org/apache/maven/maven-error-diagnostics/2.2.1/maven-error-diagnostics-2.2.1.pom
[55a72e03-ce96-4613-806e-9d921897602d/build]   | Progress (1): 1.7 kB                    Downloaded from central: https://repo.maven.apache.org/maven2/org/apache/maven/maven-error-diagnostics/2.2.1/maven-error-diagnostics-2.2.1.pom (1.7 kB at 244 kB/s)
[55a72e03-ce96-4613-806e-9d921897602d/build]   | Downloading from central: https://repo.maven.apache.org/maven2/org/apache/maven/maven-project/2.2.1/maven-project-2.2.1.pom
[55a72e03-ce96-4613-806e-9d921897602d/build]   | Progress (1): 2.8 kB                    Downloaded from central: https://repo.maven.apache.org/maven2/org/apache/maven/maven-project/2.2.1/maven-project-2.2.1.pom (2.8 kB at 347 kB/s)
[55a72e03-ce96-4613-806e-9d921897602d/build]   | Downloading from central: https://repo.maven.apache.org/maven2/org/apache/maven/maven-artifact-manager/2.2.1/maven-artifact-manager-2.2.1.pom
[55a72e03-ce96-4613-806e-9d921897602d/build]   | Progress (1): 3.1 kB                    Downloaded from central: https://repo.maven.apache.org/maven2/org/apache/maven/maven-artifact-manager/2.2.1/maven-artifact-manager-2.2.1.pom (3.1 kB at 443 kB/s)
[55a72e03-ce96-4613-806e-9d921897602d/build]   | Downloading from central: https://repo.maven.apache.org/maven2/backport-util-concurrent/backport-util-concurrent/3.1/backport-util-concurrent-3.1.pom
[55a72e03-ce96-4613-806e-9d921897602d/build]   | Progress (1): 880 B                   Downloaded from central: https://repo.maven.apache.org/maven2/backport-util-concurrent/backport-util-concurrent/3.1/backport-util-concurrent-3.1.pom (880 B at 88 kB/s)
[55a72e03-ce96-4613-806e-9d921897602d/build]   | Downloading from central: https://repo.maven.apache.org/maven2/org/apache/maven/maven-plugin-registry/2.2.1/maven-plugin-registry-2.2.1.pom
[55a72e03-ce96-4613-806e-9d921897602d/build]   | Progress (1): 1.9 kB                    Downloaded from central: https://repo.maven.apache.org/maven2/org/apache/maven/maven-plugin-registry/2.2.1/maven-plugin-registry-2.2.1.pom (1.9 kB at 241 kB/s)
[55a72e03-ce96-4613-806e-9d921897602d/build]   | Downloading from central: https://repo.maven.apache.org/maven2/org/apache/maven/maven-plugin-descriptor/2.2.1/maven-plugin-descriptor-2.2.1.pom
[55a72e03-ce96-4613-806e-9d921897602d/build]   | Progress (1): 2.1 kB                    Downloaded from central: https://repo.maven.apache.org/maven2/org/apache/maven/maven-plugin-descriptor/2.2.1/maven-plugin-descriptor-2.2.1.pom (2.1 kB at 172 kB/s)
[55a72e03-ce96-4613-806e-9d921897602d/build]   | Downloading from central: https://repo.maven.apache.org/maven2/org/apache/maven/maven-monitor/2.2.1/maven-monitor-2.2.1.pom
[55a72e03-ce96-4613-806e-9d921897602d/build]   | Progress (1): 1.3 kB                    Downloaded from central: https://repo.maven.apache.org/maven2/org/apache/maven/maven-monitor/2.2.1/maven-monitor-2.2.1.pom (1.3 kB at 157 kB/s)
[55a72e03-ce96-4613-806e-9d921897602d/build]   | Downloading from central: https://repo.maven.apache.org/maven2/org/sonatype/plexus/plexus-sec-dispatcher/1.3/plexus-sec-dispatcher-1.3.pom
[55a72e03-ce96-4613-806e-9d921897602d/build]   | Progress (1): 3.0 kB                    Downloaded from central: https://repo.maven.apache.org/maven2/org/sonatype/plexus/plexus-sec-dispatcher/1.3/plexus-sec-dispatcher-1.3.pom (3.0 kB at 228 kB/s)
[55a72e03-ce96-4613-806e-9d921897602d/build]   | Downloading from central: https://repo.maven.apache.org/maven2/org/sonatype/spice/spice-parent/12/spice-parent-12.pom
[55a72e03-ce96-4613-806e-9d921897602d/build]   | Progress (1): 4.1/6.8 kBProgress (1): 6.8 kB                        Downloaded from central: https://repo.maven.apache.org/maven2/org/sonatype/spice/spice-parent/12/spice-parent-12.pom (6.8 kB at 486 kB/s)
[55a72e03-ce96-4613-806e-9d921897602d/build]   | Downloading from central: https://repo.maven.apache.org/maven2/org/sonatype/forge/forge-parent/4/forge-parent-4.pom
[55a72e03-ce96-4613-806e-9d921897602d/build]   | Progress (1): 4.1/8.4 kBProgress (1): 8.2/8.4 kBProgress (1): 8.4 kB                        Downloaded from central: https://repo.maven.apache.org/maven2/org/sonatype/forge/forge-parent/4/forge-parent-4.pom (8.4 kB at 840 kB/s)
[55a72e03-ce96-4613-806e-9d921897602d/build]   | Downloading from central: https://repo.maven.apache.org/maven2/org/codehaus/plexus/plexus-utils/1.5.5/plexus-utils-1.5.5.pom
[55a72e03-ce96-4613-806e-9d921897602d/build]   | Progress (1): 4.1/5.1 kBProgress (1): 5.1 kB                        Downloaded from central: https://repo.maven.apache.org/maven2/org/codehaus/plexus/plexus-utils/1.5.5/plexus-utils-1.5.5.pom (5.1 kB at 572 kB/s)
[55a72e03-ce96-4613-806e-9d921897602d/build]   | Downloading from central: https://repo.maven.apache.org/maven2/org/sonatype/plexus/plexus-cipher/1.4/plexus-cipher-1.4.pom
[55a72e03-ce96-4613-806e-9d921897602d/build]   | Progress (1): 2.1 kB                    Downloaded from central: https://repo.maven.apache.org/maven2/org/sonatype/plexus/plexus-cipher/1.4/plexus-cipher-1.4.pom (2.1 kB at 148 kB/s)
[55a72e03-ce96-4613-806e-9d921897602d/build]   | Downloading from central: https://repo.maven.apache.org/maven2/org/codehaus/plexus/plexus-component-annotations/1.5.5/plexus-component-annotations-1.5.5.pom
[55a72e03-ce96-4613-806e-9d921897602d/build]   | Progress (1): 815 B                   Downloaded from central: https://repo.maven.apache.org/maven2/org/codehaus/plexus/plexus-component-annotations/1.5.5/plexus-component-annotations-1.5.5.pom (815 B at 82 kB/s)
[55a72e03-ce96-4613-806e-9d921897602d/build]   | Downloading from central: https://repo.maven.apache.org/maven2/org/codehaus/plexus/plexus-containers/1.5.5/plexus-containers-1.5.5.pom
[55a72e03-ce96-4613-806e-9d921897602d/build]   | Progress (1): 4.1/4.2 kBProgress (1): 4.2 kB                        Downloaded from central: https://repo.maven.apache.org/maven2/org/codehaus/plexus/plexus-containers/1.5.5/plexus-containers-1.5.5.pom (4.2 kB at 141 kB/s)
[55a72e03-ce96-4613-806e-9d921897602d/build]   | Downloading from central: https://repo.maven.apache.org/maven2/org/codehaus/plexus/plexus/2.0.7/plexus-2.0.7.pom
[55a72e03-ce96-4613-806e-9d921897602d/build]   | Progress (1): 4.1/17 kBProgress (1): 8.2/17 kBProgress (1): 12/17 kB Progress (1): 16/17 kBProgress (1): 17 kB                      Downloaded from central: https://repo.maven.apache.org/maven2/org/codehaus/plexus/plexus/2.0.7/plexus-2.0.7.pom (17 kB at 1.1 MB/s)
[55a72e03-ce96-4613-806e-9d921897602d/build]   | Downloading from central: https://repo.maven.apache.org/maven2/org/codehaus/plexus/plexus-compiler-api/2.2/plexus-compiler-api-2.2.pom
[55a72e03-ce96-4613-806e-9d921897602d/build]   | Progress (1): 865 B                   Downloaded from central: https://repo.maven.apache.org/maven2/org/codehaus/plexus/plexus-compiler-api/2.2/plexus-compiler-api-2.2.pom (865 B at 38 kB/s)
[55a72e03-ce96-4613-806e-9d921897602d/build]   | Downloading from central: https://repo.maven.apache.org/maven2/org/codehaus/plexus/plexus-compiler/2.2/plexus-compiler-2.2.pom
[55a72e03-ce96-4613-806e-9d921897602d/build]   | Progress (1): 3.6 kB                    Downloaded from central: https://repo.maven.apache.org/maven2/org/codehaus/plexus/plexus-compiler/2.2/plexus-compiler-2.2.pom (3.6 kB at 145 kB/s)
[55a72e03-ce96-4613-806e-9d921897602d/build]   | Downloading from central: https://repo.maven.apache.org/maven2/org/codehaus/plexus/plexus-components/1.3.1/plexus-components-1.3.1.pom
[55a72e03-ce96-4613-806e-9d921897602d/build]   | Progress (1): 3.1 kB                    Downloaded from central: https://repo.maven.apache.org/maven2/org/codehaus/plexus/plexus-components/1.3.1/plexus-components-1.3.1.pom (3.1 kB at 146 kB/s)
[55a72e03-ce96-4613-806e-9d921897602d/build]   | Downloading from central: https://repo.maven.apache.org/maven2/org/codehaus/plexus/plexus/3.3.1/plexus-3.3.1.pom
[55a72e03-ce96-4613-806e-9d921897602d/build]   | Progress (1): 4.1/20 kBProgress (1): 8.2/20 kBProgress (1): 12/20 kB Progress (1): 16/20 kBProgress (1): 20/20 kBProgress (1): 20 kB                      Downloaded from central: https://repo.maven.apache.org/maven2/org/codehaus/plexus/plexus/3.3.1/plexus-3.3.1.pom (20 kB at 1.6 MB/s)
[55a72e03-ce96-4613-806e-9d921897602d/build]   | Downloading from central: https://repo.maven.apache.org/maven2/org/sonatype/spice/spice-parent/17/spice-parent-17.pom
[55a72e03-ce96-4613-806e-9d921897602d/build]   | Progress (1): 4.1/6.8 kBProgress (1): 6.8 kB                        Downloaded from central: https://repo.maven.apache.org/maven2/org/sonatype/spice/spice-parent/17/spice-parent-17.pom (6.8 kB at 966 kB/s)
[55a72e03-ce96-4613-806e-9d921897602d/build]   | Downloading from central: https://repo.maven.apache.org/maven2/org/sonatype/forge/forge-parent/10/forge-parent-10.pom
[55a72e03-ce96-4613-806e-9d921897602d/build]   | Progress (1): 4.1/14 kBProgress (1): 8.2/14 kBProgress (1): 12/14 kB Progress (1): 14 kB                      Downloaded from central: https://repo.maven.apache.org/maven2/org/sonatype/forge/forge-parent/10/forge-parent-10.pom (14 kB at 1.2 MB/s)
[55a72e03-ce96-4613-806e-9d921897602d/build]   | Downloading from central: https://repo.maven.apache.org/maven2/org/codehaus/plexus/plexus-utils/3.0.8/plexus-utils-3.0.8.pom
[55a72e03-ce96-4613-806e-9d921897602d/build]   | Progress (1): 3.1 kB                    Downloaded from central: https://repo.maven.apache.org/maven2/org/codehaus/plexus/plexus-utils/3.0.8/plexus-utils-3.0.8.pom (3.1 kB at 242 kB/s)
[55a72e03-ce96-4613-806e-9d921897602d/build]   | Downloading from central: https://repo.maven.apache.org/maven2/org/codehaus/plexus/plexus/3.2/plexus-3.2.pom
[55a72e03-ce96-4613-806e-9d921897602d/build]   | Progress (1): 4.1/19 kBProgress (1): 8.2/19 kBProgress (1): 12/19 kB Progress (1): 16/19 kBProgress (1): 19 kB                      Downloaded from central: https://repo.maven.apache.org/maven2/org/codehaus/plexus/plexus/3.2/plexus-3.2.pom (19 kB at 1.7 MB/s)
[55a72e03-ce96-4613-806e-9d921897602d/build]   | Downloading from central: https://repo.maven.apache.org/maven2/org/codehaus/plexus/plexus-compiler-manager/2.2/plexus-compiler-manager-2.2.pom
[55a72e03-ce96-4613-806e-9d921897602d/build]   | Progress (1): 690 B                   Downloaded from central: https://repo.maven.apache.org/maven2/org/codehaus/plexus/plexus-compiler-manager/2.2/plexus-compiler-manager-2.2.pom (690 B at 36 kB/s)
[55a72e03-ce96-4613-806e-9d921897602d/build]   | Downloading from central: https://repo.maven.apache.org/maven2/org/codehaus/plexus/plexus-compiler-javac/2.2/plexus-compiler-javac-2.2.pom
[55a72e03-ce96-4613-806e-9d921897602d/build]   | Progress (1): 769 B                   Downloaded from central: https://repo.maven.apache.org/maven2/org/codehaus/plexus/plexus-compiler-javac/2.2/plexus-compiler-javac-2.2.pom (769 B at 37 kB/s)
[55a72e03-ce96-4613-806e-9d921897602d/build]   | Downloading from central: https://repo.maven.apache.org/maven2/org/codehaus/plexus/plexus-compilers/2.2/plexus-compilers-2.2.pom
[55a72e03-ce96-4613-806e-9d921897602d/build]   | Progress (1): 1.2 kB                    Downloaded from central: https://repo.maven.apache.org/maven2/org/codehaus/plexus/plexus-compilers/2.2/plexus-compilers-2.2.pom (1.2 kB at 56 kB/s)
[55a72e03-ce96-4613-806e-9d921897602d/build]   | Downloading from central: https://repo.maven.apache.org/maven2/org/codehaus/plexus/plexus-container-default/1.5.5/plexus-container-default-1.5.5.pom
[55a72e03-ce96-4613-806e-9d921897602d/build]   | Progress (1): 2.8 kB                    Downloaded from central: https://repo.maven.apache.org/maven2/org/codehaus/plexus/plexus-container-default/1.5.5/plexus-container-default-1.5.5.pom (2.8 kB at 138 kB/s)
[55a72e03-ce96-4613-806e-9d921897602d/build]   | Downloading from central: https://repo.maven.apache.org/maven2/org/codehaus/plexus/plexus-utils/1.4.5/plexus-utils-1.4.5.pom
[55a72e03-ce96-4613-806e-9d921897602d/build]   | Progress (1): 2.3 kB                    Downloaded from central: https://repo.maven.apache.org/maven2/org/codehaus/plexus/plexus-utils/1.4.5/plexus-utils-1.4.5.pom (2.3 kB at 189 kB/s)
[55a72e03-ce96-4613-806e-9d921897602d/build]   | Downloading from central: https://repo.maven.apache.org/maven2/org/codehaus/plexus/plexus-classworlds/2.2.2/plexus-classworlds-2.2.2.pom
[55a72e03-ce96-4613-806e-9d921897602d/build]   | Progress (1): 4.0 kB                    Downloaded from central: https://repo.maven.apache.org/maven2/org/codehaus/plexus/plexus-classworlds/2.2.2/plexus-classworlds-2.2.2.pom (4.0 kB at 161 kB/s)
[55a72e03-ce96-4613-806e-9d921897602d/build]   | Downloading from central: https://repo.maven.apache.org/maven2/org/apache/xbean/xbean-reflect/3.4/xbean-reflect-3.4.pom
[55a72e03-ce96-4613-806e-9d921897602d/build]   | Progress (1): 2.8 kB                    Downloaded from central: https://repo.maven.apache.org/maven2/org/apache/xbean/xbean-reflect/3.4/xbean-reflect-3.4.pom (2.8 kB at 216 kB/s)
[55a72e03-ce96-4613-806e-9d921897602d/build]   | Downloading from central: https://repo.maven.apache.org/maven2/org/apache/xbean/xbean/3.4/xbean-3.4.pom
[55a72e03-ce96-4613-806e-9d921897602d/build]   | Progress (1): 4.1/19 kBProgress (1): 8.2/19 kBProgress (1): 12/19 kB Progress (1): 16/19 kBProgress (1): 19 kB                      Downloaded from central: https://repo.maven.apache.org/maven2/org/apache/xbean/xbean/3.4/xbean-3.4.pom (19 kB at 927 kB/s)
[55a72e03-ce96-4613-806e-9d921897602d/build]   | Downloading from central: https://repo.maven.apache.org/maven2/log4j/log4j/1.2.12/log4j-1.2.12.pom
[55a72e03-ce96-4613-806e-9d921897602d/build]   | Progress (1): 145 B                   Downloaded from central: https://repo.maven.apache.org/maven2/log4j/log4j/1.2.12/log4j-1.2.12.pom (145 B at 6.0 kB/s)
[55a72e03-ce96-4613-806e-9d921897602d/build]   | Downloading from central: https://repo.maven.apache.org/maven2/commons-logging/commons-logging-api/1.1/commons-logging-api-1.1.pom
[55a72e03-ce96-4613-806e-9d921897602d/build]   | Progress (1): 4.1/5.3 kBProgress (1): 5.3 kB                        Downloaded from central: https://repo.maven.apache.org/maven2/commons-logging/commons-logging-api/1.1/commons-logging-api-1.1.pom (5.3 kB at 315 kB/s)
[55a72e03-ce96-4613-806e-9d921897602d/build]   | Downloading from central: https://repo.maven.apache.org/maven2/com/google/collections/google-collections/1.0/google-collections-1.0.pom
[55a72e03-ce96-4613-806e-9d921897602d/build]   | Progress (1): 2.5 kB                    Downloaded from central: https://repo.maven.apache.org/maven2/com/google/collections/google-collections/1.0/google-collections-1.0.pom (2.5 kB at 77 kB/s)
[55a72e03-ce96-4613-806e-9d921897602d/build]   | Downloading from central: https://repo.maven.apache.org/maven2/com/google/google/1/google-1.pom
[55a72e03-ce96-4613-806e-9d921897602d/build]   | Progress (1): 1.6 kB                    Downloaded from central: https://repo.maven.apache.org/maven2/com/google/google/1/google-1.pom (1.6 kB at 111 kB/s)
[55a72e03-ce96-4613-806e-9d921897602d/build]   | Downloading from central: https://repo.maven.apache.org/maven2/junit/junit/3.8.2/junit-3.8.2.pom
[55a72e03-ce96-4613-806e-9d921897602d/build]   | Progress (1): 747 B                   Downloaded from central: https://repo.maven.apache.org/maven2/junit/junit/3.8.2/junit-3.8.2.pom (747 B at 75 kB/s)
[55a72e03-ce96-4613-806e-9d921897602d/build]   | Downloading from central: https://repo.maven.apache.org/maven2/org/apache/maven/maven-plugin-api/2.0.9/maven-plugin-api-2.0.9.jar
[55a72e03-ce96-4613-806e-9d921897602d/build]   | Downloading from central: https://repo.maven.apache.org/maven2/org/apache/maven/maven-artifact/2.0.9/maven-artifact-2.0.9.jar
[55a72e03-ce96-4613-806e-9d921897602d/build]   | Downloading from central: https://repo.maven.apache.org/maven2/org/codehaus/plexus/plexus-utils/1.5.1/plexus-utils-1.5.1.jar
[55a72e03-ce96-4613-806e-9d921897602d/build]   | Downloading from central: https://repo.maven.apache.org/maven2/org/apache/maven/maven-core/2.0.9/maven-core-2.0.9.jar
[55a72e03-ce96-4613-806e-9d921897602d/build]   | Downloading from central: https://repo.maven.apache.org/maven2/org/apache/maven/maven-settings/2.0.9/maven-settings-2.0.9.jar
[55a72e03-ce96-4613-806e-9d921897602d/build]   | Progress (1): 4.1/89 kBProgress (1): 8.2/89 kBProgress (1): 12/89 kB Progress (1): 16/89 kBProgress (2): 16/89 kB | 4.1/49 kBProgress (2): 20/89 kB | 4.1/49 kBProgress (2): 24/89 kB | 4.1/49 kBProgress (2): 24/89 kB | 8.2/49 kBProgress (2): 28/89 kB | 8.2/49 kBProgress (2): 28/89 kB | 12/49 kB Progress (2): 32/89 kB | 12/49 kBProgress (3): 32/89 kB | 12/49 kB | 4.1/160 kBProgress (3): 32/89 kB | 16/49 kB | 4.1/160 kBProgress (3): 36/89 kB | 16/49 kB | 4.1/160 kBProgress (3): 36/89 kB | 16/49 kB | 8.2/160 kBProgress (3): 40/89 kB | 16/49 kB | 8.2/160 kBProgress (3): 40/89 kB | 16/49 kB | 12/160 kB Progress (3): 45/89 kB | 16/49 kB | 12/160 kBProgress (3): 45/89 kB | 20/49 kB | 12/160 kBProgress (3): 45/89 kB | 20/49 kB | 16/160 kBProgress (3): 49/89 kB | 20/49 kB | 16/160 kBProgress (3): 49/89 kB | 24/49 kB | 16/160 kBProgress (3): 49/89 kB | 28/49 kB | 16/160 kBProgress (3): 49/89 kB | 28/49 kB | 20/160 kBProgress (3): 49/89 kB | 32/49 kB | 20/160 kBProgress (3): 53/89 kB | 32/49 kB | 20/160 kBProgress (3): 53/89 kB | 32/49 kB | 24/160 kBProgress (3): 57/89 kB | 32/49 kB | 24/160 kBProgress (3): 57/89 kB | 32/49 kB | 28/160 kBProgress (3): 61/89 kB | 32/49 kB | 28/160 kBProgress (3): 61/89 kB | 32/49 kB | 32/160 kBProgress (3): 61/89 kB | 36/49 kB | 32/160 kBProgress (3): 65/89 kB | 36/49 kB | 32/160 kBProgress (3): 65/89 kB | 40/49 kB | 32/160 kBProgress (3): 65/89 kB | 40/49 kB | 36/160 kBProgress (3): 65/89 kB | 45/49 kB | 36/160 kBProgress (3): 65/89 kB | 45/49 kB | 40/160 kBProgress (3): 65/89 kB | 49/49 kB | 40/160 kBProgress (3): 69/89 kB | 49/49 kB | 40/160 kBProgress (3): 69/89 kB | 49/49 kB | 45/160 kBProgress (3): 69/89 kB | 49 kB | 45/160 kB   Progress (3): 73/89 kB | 49 kB | 45/160 kBProgress (3): 73/89 kB | 49 kB | 49/160 kBProgress (3): 77/89 kB | 49 kB | 49/160 kBProgress (3): 81/89 kB | 49 kB | 49/160 kBProgress (3): 81/89 kB | 49 kB | 53/160 kBProgress (3): 85/89 kB | 49 kB | 53/160 kBProgress (3): 85/89 kB | 49 kB | 57/160 kBProgress (3): 89 kB | 49 kB | 57/160 kB   Progress (3): 89 kB | 49 kB | 61/160 kBProgress (3): 89 kB | 49 kB | 65/160 kBProgress (3): 89 kB | 49 kB | 69/160 kBProgress (3): 89 kB | 49 kB | 73/160 kBProgress (3): 89 kB | 49 kB | 77/160 kBProgress (3): 89 kB | 49 kB | 81/160 kBProgress (3): 89 kB | 49 kB | 85/160 kBProgress (3): 89 kB | 49 kB | 90/160 kBProgress (3): 89 kB | 49 kB | 94/160 kBProgress (3): 89 kB | 49 kB | 98/160 kBProgress (3): 89 kB | 49 kB | 102/160 kBProgress (3): 89 kB | 49 kB | 106/160 kBProgress (3): 89 kB | 49 kB | 110/160 kBProgress (3): 89 kB | 49 kB | 114/160 kB                                        Downloaded from central: https://repo.maven.apache.org/maven2/org/apache/maven/maven-settings/2.0.9/maven-settings-2.0.9.jar (49 kB at 3.8 MB/s)
[55a72e03-ce96-4613-806e-9d921897602d/build]   | Progress (2): 89 kB | 118/160 kB                                Downloading from central: https://repo.maven.apache.org/maven2/org/apache/maven/maven-plugin-parameter-documenter/2.0.9/maven-plugin-parameter-documenter-2.0.9.jar
[55a72e03-ce96-4613-806e-9d921897602d/build]   | Progress (2): 89 kB | 122/160 kBProgress (2): 89 kB | 126/160 kBProgress (2): 89 kB | 131/160 kBProgress (2): 89 kB | 135/160 kBProgress (2): 89 kB | 139/160 kBProgress (2): 89 kB | 143/160 kBProgress (2): 89 kB | 147/160 kBProgress (2): 89 kB | 151/160 kB                                Downloaded from central: https://repo.maven.apache.org/maven2/org/apache/maven/maven-artifact/2.0.9/maven-artifact-2.0.9.jar (89 kB at 5.9 MB/s)
[55a72e03-ce96-4613-806e-9d921897602d/build]   | Progress (1): 155/160 kB                        Downloading from central: https://repo.maven.apache.org/maven2/org/apache/maven/maven-profile/2.0.9/maven-profile-2.0.9.jar
[55a72e03-ce96-4613-806e-9d921897602d/build]   | Progress (1): 159/160 kBProgress (1): 160 kB    Progress (2): 160 kB | 4.1/21 kBProgress (2): 160 kB | 8.2/21 kBProgress (2): 160 kB | 12/21 kB Progress (2): 160 kB | 16/21 kBProgress (2): 160 kB | 20/21 kBProgress (2): 160 kB | 21 kB   Progress (3): 160 kB | 21 kB | 4.1/211 kBProgress (3): 160 kB | 21 kB | 8.2/211 kBProgress (3): 160 kB | 21 kB | 12/211 kB Progress (4): 160 kB | 21 kB | 12/211 kB | 4.1/13 kBProgress (4): 160 kB | 21 kB | 16/211 kB | 4.1/13 kBProgress (4): 160 kB | 21 kB | 16/211 kB | 8.2/13 kBProgress (4): 160 kB | 21 kB | 16/211 kB | 12/13 kB Progress (4): 160 kB | 21 kB | 16/211 kB | 13 kB   Progress (4): 160 kB | 21 kB | 20/211 kB | 13 kBProgress (4): 160 kB | 21 kB | 24/211 kB | 13 kBProgress (4): 160 kB | 21 kB | 28/211 kB | 13 kBProgress (4): 160 kB | 21 kB | 32/211 kB | 13 kBProgress (4): 160 kB | 21 kB | 36/211 kB | 13 kBProgress (4): 160 kB | 21 kB | 40/211 kB | 13 kBProgress (4): 160 kB | 21 kB | 45/211 kB | 13 kBProgress (4): 160 kB | 21 kB | 49/211 kB | 13 kBProgress (5): 160 kB | 21 kB | 49/211 kB | 13 kB | 4.1/35 kBProgress (5): 160 kB | 21 kB | 53/211 kB | 13 kB | 4.1/35 kB                                                            Downloaded from central: https://repo.maven.apache.org/maven2/org/apache/maven/maven-core/2.0.9/maven-core-2.0.9.jar (160 kB at 8.0 MB/s)
[55a72e03-ce96-4613-806e-9d921897602d/build]   | Progress (4): 21 kB | 57/211 kB | 13 kB | 4.1/35 kB                                                   Downloaded from central: https://repo.maven.apache.org/maven2/org/apache/maven/maven-plugin-parameter-documenter/2.0.9/maven-plugin-parameter-documenter-2.0.9.jar (21 kB at 1.0 MB/s)
[55a72e03-ce96-4613-806e-9d921897602d/build]   | Progress (3): 61/211 kB | 13 kB | 4.1/35 kBProgress (3): 61/211 kB | 13 kB | 8.2/35 kB                                           Downloading from central: https://repo.maven.apache.org/maven2/org/apache/maven/maven-model/2.0.9/maven-model-2.0.9.jar
[55a72e03-ce96-4613-806e-9d921897602d/build]   | Progress (3): 65/211 kB | 13 kB | 8.2/35 kB                                           Downloading from central: https://repo.maven.apache.org/maven2/org/apache/maven/maven-repository-metadata/2.0.9/maven-repository-metadata-2.0.9.jar
[55a72e03-ce96-4613-806e-9d921897602d/build]   | Progress (3): 65/211 kB | 13 kB | 12/35 kBProgress (3): 65/211 kB | 13 kB | 16/35 kBProgress (3): 69/211 kB | 13 kB | 16/35 kBProgress (3): 73/211 kB | 13 kB | 16/35 kBProgress (3): 77/211 kB | 13 kB | 16/35 kBProgress (3): 77/211 kB | 13 kB | 20/35 kBProgress (3): 81/211 kB | 13 kB | 20/35 kBProgress (3): 81/211 kB | 13 kB | 25/35 kBProgress (3): 81/211 kB | 13 kB | 29/35 kBProgress (3): 81/211 kB | 13 kB | 33/35 kBProgress (3): 85/211 kB | 13 kB | 33/35 kBProgress (3): 85/211 kB | 13 kB | 35 kB   Progress (3): 90/211 kB | 13 kB | 35 kBProgress (3): 94/211 kB | 13 kB | 35 kBProgress (3): 98/211 kB | 13 kB | 35 kBProgress (3): 102/211 kB | 13 kB | 35 kBProgress (3): 106/211 kB | 13 kB | 35 kBProgress (3): 110/211 kB | 13 kB | 35 kBProgress (3): 114/211 kB | 13 kB | 35 kBProgress (3): 118/211 kB | 13 kB | 35 kBProgress (3): 122/211 kB | 13 kB | 35 kBProgress (3): 126/211 kB | 13 kB | 35 kBProgress (3): 131/211 kB | 13 kB | 35 kBProgress (3): 135/211 kB | 13 kB | 35 kBProgress (3): 139/211 kB | 13 kB | 35 kBProgress (3): 143/211 kB | 13 kB | 35 kBProgress (3): 147/211 kB | 13 kB | 35 kBProgress (4): 147/211 kB | 13 kB | 35 kB | 4.1/87 kBProgress (4): 151/211 kB | 13 kB | 35 kB | 4.1/87 kBProgress (4): 155/211 kB | 13 kB | 35 kB | 4.1/87 kBProgress (4): 155/211 kB | 13 kB | 35 kB | 8.2/87 kBProgress (4): 159/211 kB | 13 kB | 35 kB | 8.2/87 kBProgress (4): 159/211 kB | 13 kB | 35 kB | 12/87 kB Progress (4): 163/211 kB | 13 kB | 35 kB | 12/87 kBProgress (4): 163/211 kB | 13 kB | 35 kB | 16/87 kBProgress (4): 167/211 kB | 13 kB | 35 kB | 16/87 kBProgress (4): 171/211 kB | 13 kB | 35 kB | 16/87 kBProgress (4): 176/211 kB | 13 kB | 35 kB | 16/87 kBProgress (4): 176/211 kB | 13 kB | 35 kB | 20/87 kBProgress (4): 180/211 kB | 13 kB | 35 kB | 20/87 kBProgress (4): 180/211 kB | 13 kB | 35 kB | 24/87 kBProgress (4): 180/211 kB | 13 kB | 35 kB | 28/87 kBProgress (4): 184/211 kB | 13 kB | 35 kB | 28/87 kB                                                   Downloaded from central: https://repo.maven.apache.org/maven2/org/apache/maven/maven-plugin-api/2.0.9/maven-plugin-api-2.0.9.jar (13 kB at 496 kB/s)
[55a72e03-ce96-4613-806e-9d921897602d/build]   | Downloaded from central: https://repo.maven.apache.org/maven2/org/apache/maven/maven-profile/2.0.9/maven-profile-2.0.9.jar (35 kB at 1.4 MB/s)
[55a72e03-ce96-4613-806e-9d921897602d/build]   | Progress (2): 184/211 kB | 32/87 kBProgress (2): 188/211 kB | 32/87 kB                                   Downloading from central: https://repo.maven.apache.org/maven2/org/apache/maven/maven-project/2.0.9/maven-project-2.0.9.jar
[55a72e03-ce96-4613-806e-9d921897602d/build]   | Progress (2): 192/211 kB | 32/87 kBProgress (3): 192/211 kB | 32/87 kB | 4.1/25 kB                                               Downloading from central: https://repo.maven.apache.org/maven2/org/apache/maven/maven-error-diagnostics/2.0.9/maven-error-diagnostics-2.0.9.jar
[55a72e03-ce96-4613-806e-9d921897602d/build]   | Progress (3): 192/211 kB | 36/87 kB | 4.1/25 kBProgress (3): 196/211 kB | 36/87 kB | 4.1/25 kBProgress (3): 196/211 kB | 36/87 kB | 8.2/25 kBProgress (3): 196/211 kB | 40/87 kB | 8.2/25 kBProgress (3): 196/211 kB | 40/87 kB | 12/25 kB Progress (3): 196/211 kB | 45/87 kB | 12/25 kBProgress (3): 196/211 kB | 45/87 kB | 16/25 kBProgress (3): 200/211 kB | 45/87 kB | 16/25 kBProgress (3): 200/211 kB | 49/87 kB | 16/25 kBProgress (3): 204/211 kB | 49/87 kB | 16/25 kBProgress (3): 208/211 kB | 49/87 kB | 16/25 kBProgress (3): 208/211 kB | 49/87 kB | 20/25 kBProgress (3): 211 kB | 49/87 kB | 20/25 kB    Progress (3): 211 kB | 49/87 kB | 24/25 kBProgress (3): 211 kB | 53/87 kB | 24/25 kBProgress (3): 211 kB | 53/87 kB | 25 kB   Progress (3): 211 kB | 57/87 kB | 25 kBProgress (3): 211 kB | 61/87 kB | 25 kBProgress (3): 211 kB | 65/87 kB | 25 kBProgress (3): 211 kB | 69/87 kB | 25 kBProgress (3): 211 kB | 73/87 kB | 25 kBProgress (3): 211 kB | 77/87 kB | 25 kBProgress (3): 211 kB | 81/87 kB | 25 kBProgress (3): 211 kB | 85/87 kB | 25 kBProgress (3): 211 kB | 87 kB | 25 kB   Progress (4): 211 kB | 87 kB | 25 kB | 4.1/122 kBProgress (4): 211 kB | 87 kB | 25 kB | 8.2/122 kBProgress (4): 211 kB | 87 kB | 25 kB | 12/122 kB Progress (4): 211 kB | 87 kB | 25 kB | 16/122 kBProgress (4): 211 kB | 87 kB | 25 kB | 20/122 kBProgress (4): 211 kB | 87 kB | 25 kB | 24/122 kBProgress (4): 211 kB | 87 kB | 25 kB | 28/122 kBProgress (4): 211 kB | 87 kB | 25 kB | 32/122 kBProgress (4): 211 kB | 87 kB | 25 kB | 36/122 kBProgress (4): 211 kB | 87 kB | 25 kB | 40/122 kBProgress (4): 211 kB | 87 kB | 25 kB | 45/122 kBProgress (4): 211 kB | 87 kB | 25 kB | 49/122 kBProgress (5): 211 kB | 87 kB | 25 kB | 49/122 kB | 4.1/14 kBProgress (5): 211 kB | 87 kB | 25 kB | 53/122 kB | 4.1/14 kB                                                            Downloaded from central: https://repo.maven.apache.org/maven2/org/codehaus/plexus/plexus-utils/1.5.1/plexus-utils-1.5.1.jar (211 kB at 6.4 MB/s)
[55a72e03-ce96-4613-806e-9d921897602d/build]   | Progress (4): 87 kB | 25 kB | 57/122 kB | 4.1/14 kBProgress (4): 87 kB | 25 kB | 57/122 kB | 8.2/14 kBProgress (4): 87 kB | 25 kB | 61/122 kB | 8.2/14 kB                                                   Downloading from central: https://repo.maven.apache.org/maven2/org/apache/maven/maven-plugin-registry/2.0.9/maven-plugin-registry-2.0.9.jar
[55a72e03-ce96-4613-806e-9d921897602d/build]   | Downloaded from central: https://repo.maven.apache.org/maven2/org/apache/maven/maven-repository-metadata/2.0.9/maven-repository-metadata-2.0.9.jar (25 kB at 744 kB/s)
[55a72e03-ce96-4613-806e-9d921897602d/build]   | Progress (3): 87 kB | 65/122 kB | 8.2/14 kBProgress (3): 87 kB | 65/122 kB | 12/14 kB                                           Downloading from central: https://repo.maven.apache.org/maven2/org/apache/maven/maven-plugin-descriptor/2.0.9/maven-plugin-descriptor-2.0.9.jar
[55a72e03-ce96-4613-806e-9d921897602d/build]   | Progress (3): 87 kB | 65/122 kB | 14 kB                                       Downloaded from central: https://repo.maven.apache.org/maven2/org/apache/maven/maven-model/2.0.9/maven-model-2.0.9.jar (87 kB at 2.6 MB/s)
[55a72e03-ce96-4613-806e-9d921897602d/build]   | Progress (2): 69/122 kB | 14 kB                               Downloading from central: https://repo.maven.apache.org/maven2/org/apache/maven/maven-artifact-manager/2.0.9/maven-artifact-manager-2.0.9.jar
[55a72e03-ce96-4613-806e-9d921897602d/build]   | Progress (2): 73/122 kB | 14 kBProgress (2): 77/122 kB | 14 kBProgress (2): 81/122 kB | 14 kBProgress (2): 85/122 kB | 14 kBProgress (2): 90/122 kB | 14 kBProgress (2): 94/122 kB | 14 kBProgress (2): 98/122 kB | 14 kBProgress (2): 102/122 kB | 14 kBProgress (2): 106/122 kB | 14 kBProgress (2): 110/122 kB | 14 kBProgress (2): 114/122 kB | 14 kBProgress (2): 118/122 kB | 14 kBProgress (2): 122 kB | 14 kB    Progress (3): 122 kB | 14 kB | 4.1/37 kBProgress (3): 122 kB | 14 kB | 8.2/37 kBProgress (3): 122 kB | 14 kB | 12/37 kB Progress (3): 122 kB | 14 kB | 16/37 kBProgress (4): 122 kB | 14 kB | 16/37 kB | 4.1/29 kBProgress (4): 122 kB | 14 kB | 20/37 kB | 4.1/29 kBProgress (4): 122 kB | 14 kB | 20/37 kB | 8.2/29 kBProgress (4): 122 kB | 14 kB | 24/37 kB | 8.2/29 kBProgress (4): 122 kB | 14 kB | 24/37 kB | 12/29 kB Progress (4): 122 kB | 14 kB | 28/37 kB | 12/29 kBProgress (4): 122 kB | 14 kB | 28/37 kB | 16/29 kBProgress (4): 122 kB | 14 kB | 32/37 kB | 16/29 kBProgress (4): 122 kB | 14 kB | 36/37 kB | 16/29 kBProgress (4): 122 kB | 14 kB | 37 kB | 16/29 kB                                                  Downloaded from central: https://repo.maven.apache.org/maven2/org/apache/maven/maven-project/2.0.9/maven-project-2.0.9.jar (122 kB at 3.2 MB/s)
[55a72e03-ce96-4613-806e-9d921897602d/build]   | Downloading from central: https://repo.maven.apache.org/maven2/org/apache/maven/maven-monitor/2.0.9/maven-monitor-2.0.9.jar
[55a72e03-ce96-4613-806e-9d921897602d/build]   | Downloaded from central: https://repo.maven.apache.org/maven2/org/apache/maven/maven-error-diagnostics/2.0.9/maven-error-diagnostics-2.0.9.jar (14 kB at 353 kB/s)
[55a72e03-ce96-4613-806e-9d921897602d/build]   | Downloading from central: https://repo.maven.apache.org/maven2/org/apache/maven/maven-toolchain/1.0/maven-toolchain-1.0.jar
[55a72e03-ce96-4613-806e-9d921897602d/build]   | Downloaded from central: https://repo.maven.apache.org/maven2/org/apache/maven/maven-plugin-descriptor/2.0.9/maven-plugin-descriptor-2.0.9.jar (37 kB at 903 kB/s)
[55a72e03-ce96-4613-806e-9d921897602d/build]   | Downloading from central: https://repo.maven.apache.org/maven2/org/apache/maven/shared/maven-shared-utils/0.1/maven-shared-utils-0.1.jar
[55a72e03-ce96-4613-806e-9d921897602d/build]   | Progress (1): 20/29 kBProgress (2): 20/29 kB | 4.1/10 kBProgress (2): 24/29 kB | 4.1/10 kBProgress (2): 24/29 kB | 8.2/10 kBProgress (2): 28/29 kB | 8.2/10 kBProgress (2): 28/29 kB | 10 kB    Progress (2): 29 kB | 10 kB   Progress (3): 29 kB | 10 kB | 4.1/33 kBProgress (3): 29 kB | 10 kB | 8.2/33 kBProgress (3): 29 kB | 10 kB | 12/33 kB Progress (3): 29 kB | 10 kB | 16/33 kBProgress (3): 29 kB | 10 kB | 20/33 kBProgress (3): 29 kB | 10 kB | 24/33 kBProgress (3): 29 kB | 10 kB | 28/33 kBProgress (3): 29 kB | 10 kB | 32/33 kBProgress (3): 29 kB | 10 kB | 33 kB   Progress (4): 29 kB | 10 kB | 33 kB | 4.1/58 kBProgress (4): 29 kB | 10 kB | 33 kB | 8.2/58 kBProgress (4): 29 kB | 10 kB | 33 kB | 12/58 kB Progress (4): 29 kB | 10 kB | 33 kB | 16/58 kBProgress (4): 29 kB | 10 kB | 33 kB | 20/58 kBProgress (4): 29 kB | 10 kB | 33 kB | 25/58 kBProgress (4): 29 kB | 10 kB | 33 kB | 29/58 kBProgress (4): 29 kB | 10 kB | 33 kB | 33/58 kBProgress (4): 29 kB | 10 kB | 33 kB | 37/58 kBProgress (4): 29 kB | 10 kB | 33 kB | 41/58 kBProgress (4): 29 kB | 10 kB | 33 kB | 45/58 kBProgress (4): 29 kB | 10 kB | 33 kB | 49/58 kBProgress (4): 29 kB | 10 kB | 33 kB | 53/58 kBProgress (4): 29 kB | 10 kB | 33 kB | 57/58 kBProgress (4): 29 kB | 10 kB | 33 kB | 58 kB                                              Downloaded from central: https://repo.maven.apache.org/maven2/org/apache/maven/maven-monitor/2.0.9/maven-monitor-2.0.9.jar (10 kB at 214 kB/s)
[55a72e03-ce96-4613-806e-9d921897602d/build]   | Downloading from central: https://repo.maven.apache.org/maven2/com/google/code/findbugs/jsr305/2.0.1/jsr305-2.0.1.jar
[55a72e03-ce96-4613-806e-9d921897602d/build]   | Progress (4): 29 kB | 33 kB | 58 kB | 4.1/155 kBProgress (4): 29 kB | 33 kB | 58 kB | 8.2/155 kBProgress (4): 29 kB | 33 kB | 58 kB | 12/155 kB Progress (4): 29 kB | 33 kB | 58 kB | 16/155 kBProgress (4): 29 kB | 33 kB | 58 kB | 20/155 kBProgress (4): 29 kB | 33 kB | 58 kB | 24/155 kBProgress (4): 29 kB | 33 kB | 58 kB | 28/155 kBProgress (4): 29 kB | 33 kB | 58 kB | 32/155 kBProgress (4): 29 kB | 33 kB | 58 kB | 36/155 kBProgress (5): 29 kB | 33 kB | 58 kB | 36/155 kB | 4.1/32 kBProgress (5): 29 kB | 33 kB | 58 kB | 40/155 kB | 4.1/32 kBProgress (5): 29 kB | 33 kB | 58 kB | 45/155 kB | 4.1/32 kBProgress (5): 29 kB | 33 kB | 58 kB | 45/155 kB | 8.2/32 kBProgress (5): 29 kB | 33 kB | 58 kB | 49/155 kB | 8.2/32 kBProgress (5): 29 kB | 33 kB | 58 kB | 49/155 kB | 12/32 kB Progress (5): 29 kB | 33 kB | 58 kB | 49/155 kB | 16/32 kBProgress (5): 29 kB | 33 kB | 58 kB | 53/155 kB | 16/32 kBProgress (5): 29 kB | 33 kB | 58 kB | 57/155 kB | 16/32 kBProgress (5): 29 kB | 33 kB | 58 kB | 57/155 kB | 20/32 kBProgress (5): 29 kB | 33 kB | 58 kB | 61/155 kB | 20/32 kBProgress (5): 29 kB | 33 kB | 58 kB | 61/155 kB | 24/32 kBProgress (5): 29 kB | 33 kB | 58 kB | 65/155 kB | 24/32 kBProgress (5): 29 kB | 33 kB | 58 kB | 65/155 kB | 28/32 kBProgress (5): 29 kB | 33 kB | 58 kB | 65/155 kB | 32 kB   Progress (5): 29 kB | 33 kB | 58 kB | 69/155 kB | 32 kBProgress (5): 29 kB | 33 kB | 58 kB | 73/155 kB | 32 kB                                                       Downloaded from central: https://repo.maven.apache.org/maven2/org/apache/maven/maven-toolchain/1.0/maven-toolchain-1.0.jar (33 kB at 621 kB/s)
[55a72e03-ce96-4613-806e-9d921897602d/build]   | Progress (4): 29 kB | 58 kB | 77/155 kB | 32 kB                                               Downloading from central: https://repo.maven.apache.org/maven2/org/apache/maven/shared/maven-shared-incremental/1.1/maven-shared-incremental-1.1.jar
[55a72e03-ce96-4613-806e-9d921897602d/build]   | Progress (4): 29 kB | 58 kB | 81/155 kB | 32 kB                                               Downloaded from central: https://repo.maven.apache.org/maven2/org/apache/maven/maven-plugin-registry/2.0.9/maven-plugin-registry-2.0.9.jar (29 kB at 538 kB/s)
[55a72e03-ce96-4613-806e-9d921897602d/build]   | Progress (3): 58 kB | 85/155 kB | 32 kB                                       Downloading from central: https://repo.maven.apache.org/maven2/org/codehaus/plexus/plexus-component-annotations/1.5.5/plexus-component-annotations-1.5.5.jar
[55a72e03-ce96-4613-806e-9d921897602d/build]   | Progress (3): 58 kB | 90/155 kB | 32 kBProgress (3): 58 kB | 94/155 kB | 32 kBProgress (3): 58 kB | 98/155 kB | 32 kBProgress (3): 58 kB | 102/155 kB | 32 kBProgress (3): 58 kB | 106/155 kB | 32 kBProgress (3): 58 kB | 110/155 kB | 32 kBProgress (3): 58 kB | 114/155 kB | 32 kBProgress (3): 58 kB | 118/155 kB | 32 kBProgress (3): 58 kB | 122/155 kB | 32 kBProgress (3): 58 kB | 126/155 kB | 32 kBProgress (3): 58 kB | 131/155 kB | 32 kBProgress (3): 58 kB | 135/155 kB | 32 kBProgress (3): 58 kB | 139/155 kB | 32 kBProgress (3): 58 kB | 143/155 kB | 32 kBProgress (3): 58 kB | 147/155 kB | 32 kBProgress (3): 58 kB | 151/155 kB | 32 kBProgress (3): 58 kB | 155 kB | 32 kB    Progress (4): 58 kB | 155 kB | 32 kB | 4.1/4.2 kBProgress (4): 58 kB | 155 kB | 32 kB | 4.2 kB    Progress (5): 58 kB | 155 kB | 32 kB | 4.2 kB | 4.1/14 kBProgress (5): 58 kB | 155 kB | 32 kB | 4.2 kB | 8.2/14 kBProgress (5): 58 kB | 155 kB | 32 kB | 4.2 kB | 12/14 kB Progress (5): 58 kB | 155 kB | 32 kB | 4.2 kB | 14 kB                                                        Downloaded from central: https://repo.maven.apache.org/maven2/org/apache/maven/shared/maven-shared-utils/0.1/maven-shared-utils-0.1.jar (155 kB at 2.5 MB/s)
[55a72e03-ce96-4613-806e-9d921897602d/build]   | Downloaded from central: https://repo.maven.apache.org/maven2/org/codehaus/plexus/plexus-component-annotations/1.5.5/plexus-component-annotations-1.5.5.jar (4.2 kB at 68 kB/s)
[55a72e03-ce96-4613-806e-9d921897602d/build]   | Downloading from central: https://repo.maven.apache.org/maven2/org/codehaus/plexus/plexus-compiler-api/2.2/plexus-compiler-api-2.2.jar
[55a72e03-ce96-4613-806e-9d921897602d/build]   | Downloading from central: https://repo.maven.apache.org/maven2/org/codehaus/plexus/plexus-compiler-manager/2.2/plexus-compiler-manager-2.2.jar
[55a72e03-ce96-4613-806e-9d921897602d/build]   | Downloaded from central: https://repo.maven.apache.org/maven2/com/google/code/findbugs/jsr305/2.0.1/jsr305-2.0.1.jar (32 kB at 514 kB/s)
[55a72e03-ce96-4613-806e-9d921897602d/build]   | Downloading from central: https://repo.maven.apache.org/maven2/org/codehaus/plexus/plexus-compiler-javac/2.2/plexus-compiler-javac-2.2.jar
[55a72e03-ce96-4613-806e-9d921897602d/build]   | Downloaded from central: https://repo.maven.apache.org/maven2/org/apache/maven/shared/maven-shared-incremental/1.1/maven-shared-incremental-1.1.jar (14 kB at 208 kB/s)
[55a72e03-ce96-4613-806e-9d921897602d/build]   | Downloading from central: https://repo.maven.apache.org/maven2/org/codehaus/plexus/plexus-container-default/1.5.5/plexus-container-default-1.5.5.jar
[55a72e03-ce96-4613-806e-9d921897602d/build]   | Progress (2): 58 kB | 4.1/19 kBProgress (2): 58 kB | 8.2/19 kBProgress (2): 58 kB | 12/19 kB Progress (2): 58 kB | 16/19 kBProgress (3): 58 kB | 16/19 kB | 4.1/4.6 kBProgress (3): 58 kB | 19 kB | 4.1/4.6 kB   Progress (3): 58 kB | 19 kB | 4.6 kB    Progress (4): 58 kB | 19 kB | 4.6 kB | 4.1/25 kBProgress (4): 58 kB | 19 kB | 4.6 kB | 8.2/25 kBProgress (4): 58 kB | 19 kB | 4.6 kB | 12/25 kB Progress (4): 58 kB | 19 kB | 4.6 kB | 16/25 kBProgress (4): 58 kB | 19 kB | 4.6 kB | 20/25 kBProgress (4): 58 kB | 19 kB | 4.6 kB | 25/25 kBProgress (4): 58 kB | 19 kB | 4.6 kB | 25 kB                                               Downloaded from central: https://repo.maven.apache.org/maven2/org/codehaus/plexus/plexus-compiler-javac/2.2/plexus-compiler-javac-2.2.jar (19 kB at 275 kB/s)
[55a72e03-ce96-4613-806e-9d921897602d/build]   | Downloading from central: https://repo.maven.apache.org/maven2/org/codehaus/plexus/plexus-classworlds/2.2.2/plexus-classworlds-2.2.2.jar
[55a72e03-ce96-4613-806e-9d921897602d/build]   | Downloaded from central: https://repo.maven.apache.org/maven2/org/codehaus/plexus/plexus-compiler-manager/2.2/plexus-compiler-manager-2.2.jar (4.6 kB at 66 kB/s)
[55a72e03-ce96-4613-806e-9d921897602d/build]   | Downloading from central: https://repo.maven.apache.org/maven2/org/apache/xbean/xbean-reflect/3.4/xbean-reflect-3.4.jar
[55a72e03-ce96-4613-806e-9d921897602d/build]   | Downloaded from central: https://repo.maven.apache.org/maven2/org/apache/maven/maven-artifact-manager/2.0.9/maven-artifact-manager-2.0.9.jar (58 kB at 815 kB/s)
[55a72e03-ce96-4613-806e-9d921897602d/build]   | Downloading from central: https://repo.maven.apache.org/maven2/log4j/log4j/1.2.12/log4j-1.2.12.jar
[55a72e03-ce96-4613-806e-9d921897602d/build]   | Progress (2): 25 kB | 4.1/46 kBProgress (2): 25 kB | 8.2/46 kBProgress (2): 25 kB | 12/46 kB Progress (2): 25 kB | 16/46 kBProgress (2): 25 kB | 20/46 kBProgress (2): 25 kB | 24/46 kBProgress (2): 25 kB | 28/46 kBProgress (2): 25 kB | 32/46 kBProgress (2): 25 kB | 36/46 kBProgress (2): 25 kB | 40/46 kBProgress (3): 25 kB | 40/46 kB | 4.1/134 kBProgress (3): 25 kB | 45/46 kB | 4.1/134 kBProgress (3): 25 kB | 46 kB | 4.1/134 kB   Progress (3): 25 kB | 46 kB | 8.2/134 kBProgress (3): 25 kB | 46 kB | 12/134 kB Progress (3): 25 kB | 46 kB | 16/134 kBProgress (3): 25 kB | 46 kB | 20/134 kBProgress (3): 25 kB | 46 kB | 24/134 kBProgress (3): 25 kB | 46 kB | 28/134 kBProgress (3): 25 kB | 46 kB | 32/134 kBProgress (3): 25 kB | 46 kB | 36/134 kBProgress (3): 25 kB | 46 kB | 40/134 kBProgress (3): 25 kB | 46 kB | 45/134 kBProgress (3): 25 kB | 46 kB | 49/134 kBProgress (4): 25 kB | 46 kB | 49/134 kB | 4.1/217 kB                                                    Downloaded from central: https://repo.maven.apache.org/maven2/org/codehaus/plexus/plexus-compiler-api/2.2/plexus-compiler-api-2.2.jar (25 kB at 333 kB/s)
[55a72e03-ce96-4613-806e-9d921897602d/build]   | Downloading from central: https://repo.maven.apache.org/maven2/commons-logging/commons-logging-api/1.1/commons-logging-api-1.1.jar
[55a72e03-ce96-4613-806e-9d921897602d/build]   | Progress (3): 46 kB | 49/134 kB | 8.2/217 kBProgress (3): 46 kB | 53/134 kB | 8.2/217 kBProgress (3): 46 kB | 53/134 kB | 12/217 kB Progress (3): 46 kB | 57/134 kB | 12/217 kBProgress (3): 46 kB | 57/134 kB | 16/217 kBProgress (3): 46 kB | 61/134 kB | 16/217 kBProgress (3): 46 kB | 65/134 kB | 16/217 kBProgress (3): 46 kB | 69/134 kB | 16/217 kBProgress (3): 46 kB | 73/134 kB | 16/217 kBProgress (3): 46 kB | 77/134 kB | 16/217 kBProgress (3): 46 kB | 81/134 kB | 16/217 kBProgress (3): 46 kB | 85/134 kB | 16/217 kBProgress (3): 46 kB | 90/134 kB | 16/217 kBProgress (3): 46 kB | 94/134 kB | 16/217 kBProgress (3): 46 kB | 98/134 kB | 16/217 kBProgress (3): 46 kB | 102/134 kB | 16/217 kBProgress (3): 46 kB | 102/134 kB | 20/217 kBProgress (3): 46 kB | 106/134 kB | 20/217 kBProgress (4): 46 kB | 106/134 kB | 20/217 kB | 4.1/358 kBProgress (4): 46 kB | 110/134 kB | 20/217 kB | 4.1/358 kBProgress (4): 46 kB | 110/134 kB | 24/217 kB | 4.1/358 kBProgress (4): 46 kB | 114/134 kB | 24/217 kB | 4.1/358 kBProgress (4): 46 kB | 114/134 kB | 24/217 kB | 8.2/358 kBProgress (4): 46 kB | 114/134 kB | 28/217 kB | 8.2/358 kBProgress (4): 46 kB | 114/134 kB | 28/217 kB | 12/358 kB Progress (4): 46 kB | 114/134 kB | 32/217 kB | 12/358 kBProgress (4): 46 kB | 114/134 kB | 32/217 kB | 16/358 kBProgress (4): 46 kB | 118/134 kB | 32/217 kB | 16/358 kBProgress (4): 46 kB | 122/134 kB | 32/217 kB | 16/358 kBProgress (4): 46 kB | 122/134 kB | 32/217 kB | 20/358 kBProgress (4): 46 kB | 126/134 kB | 32/217 kB | 20/358 kBProgress (4): 46 kB | 126/134 kB | 32/217 kB | 24/358 kBProgress (4): 46 kB | 131/134 kB | 32/217 kB | 24/358 kBProgress (4): 46 kB | 131/134 kB | 32/217 kB | 28/358 kBProgress (4): 46 kB | 134 kB | 32/217 kB | 28/358 kB    Progress (4): 46 kB | 134 kB | 32/217 kB | 32/358 kBProgress (4): 46 kB | 134 kB | 32/217 kB | 36/358 kBProgress (4): 46 kB | 134 kB | 32/217 kB | 40/358 kBProgress (4): 46 kB | 134 kB | 32/217 kB | 45/358 kBProgress (4): 46 kB | 134 kB | 32/217 kB | 49/358 kBProgress (4): 46 kB | 134 kB | 32/217 kB | 53/358 kBProgress (4): 46 kB | 134 kB | 32/217 kB | 57/358 kBProgress (4): 46 kB | 134 kB | 32/217 kB | 61/358 kBProgress (5): 46 kB | 134 kB | 32/217 kB | 61/358 kB | 4.1/45 kBProgress (5): 46 kB | 134 kB | 32/217 kB | 65/358 kB | 4.1/45 kBProgress (5): 46 kB | 134 kB | 36/217 kB | 65/358 kB | 4.1/45 kBProgress (5): 46 kB | 134 kB | 36/217 kB | 65/358 kB | 8.2/45 kBProgress (5): 46 kB | 134 kB | 36/217 kB | 65/358 kB | 12/45 kB Progress (5): 46 kB | 134 kB | 36/217 kB | 69/358 kB | 12/45 kBProgress (5): 46 kB | 134 kB | 40/217 kB | 69/358 kB | 12/45 kBProgress (5): 46 kB | 134 kB | 40/217 kB | 73/358 kB | 12/45 kBProgress (5): 46 kB | 134 kB | 40/217 kB | 73/358 kB | 16/45 kBProgress (5): 46 kB | 134 kB | 40/217 kB | 77/358 kB | 16/45 kBProgress (5): 46 kB | 134 kB | 45/217 kB | 77/358 kB | 16/45 kBProgress (5): 46 kB | 134 kB | 45/217 kB | 81/358 kB | 16/45 kBProgress (5): 46 kB | 134 kB | 45/217 kB | 81/358 kB | 20/45 kBProgress (5): 46 kB | 134 kB | 49/217 kB | 81/358 kB | 20/45 kBProgress (5): 46 kB | 134 kB | 49/217 kB | 81/358 kB | 24/45 kBProgress (5): 46 kB | 134 kB | 49/217 kB | 85/358 kB | 24/45 kBProgress (5): 46 kB | 134 kB | 49/217 kB | 85/358 kB | 28/45 kBProgress (5): 46 kB | 134 kB | 49/217 kB | 90/358 kB | 28/45 kBProgress (5): 46 kB | 134 kB | 49/217 kB | 90/358 kB | 32/45 kBProgress (5): 46 kB | 134 kB | 49/217 kB | 94/358 kB | 32/45 kBProgress (5): 46 kB | 134 kB | 49/217 kB | 98/358 kB | 32/45 kB                                                               Downloaded from central: https://repo.maven.apache.org/maven2/org/apache/xbean/xbean-reflect/3.4/xbean-reflect-3.4.jar (134 kB at 1.6 MB/s)
[55a72e03-ce96-4613-806e-9d921897602d/build]   | Progress (4): 46 kB | 49/217 kB | 98/358 kB | 36/45 kBProgress (4): 46 kB | 53/217 kB | 98/358 kB | 36/45 kBProgress (4): 46 kB | 53/217 kB | 98/358 kB | 40/45 kB                                                      Downloading from central: https://repo.maven.apache.org/maven2/com/google/collections/google-collections/1.0/google-collections-1.0.jar
[55a72e03-ce96-4613-806e-9d921897602d/build]   | Progress (4): 46 kB | 53/217 kB | 102/358 kB | 40/45 kBProgress (4): 46 kB | 53/217 kB | 102/358 kB | 45/45 kBProgress (4): 46 kB | 57/217 kB | 102/358 kB | 45/45 kBProgress (4): 46 kB | 57/217 kB | 102/358 kB | 45 kB   Progress (4): 46 kB | 61/217 kB | 102/358 kB | 45 kBProgress (4): 46 kB | 61/217 kB | 106/358 kB | 45 kBProgress (4): 46 kB | 65/217 kB | 106/358 kB | 45 kBProgress (4): 46 kB | 65/217 kB | 110/358 kB | 45 kBProgress (4): 46 kB | 65/217 kB | 114/358 kB | 45 kBProgress (4): 46 kB | 65/217 kB | 118/358 kB | 45 kBProgress (4): 46 kB | 65/217 kB | 122/358 kB | 45 kBProgress (4): 46 kB | 65/217 kB | 126/358 kB | 45 kBProgress (4): 46 kB | 65/217 kB | 131/358 kB | 45 kBProgress (4): 46 kB | 65/217 kB | 135/358 kB | 45 kB                                                    Downloaded from central: https://repo.maven.apache.org/maven2/org/codehaus/plexus/plexus-classworlds/2.2.2/plexus-classworlds-2.2.2.jar (46 kB at 542 kB/s)
[55a72e03-ce96-4613-806e-9d921897602d/build]   | Progress (3): 65/217 kB | 139/358 kB | 45 kBProgress (3): 69/217 kB | 139/358 kB | 45 kBProgress (3): 69/217 kB | 143/358 kB | 45 kB                                            Downloading from central: https://repo.maven.apache.org/maven2/junit/junit/3.8.2/junit-3.8.2.jar
[55a72e03-ce96-4613-806e-9d921897602d/build]   | Progress (3): 69/217 kB | 147/358 kB | 45 kBProgress (3): 73/217 kB | 147/358 kB | 45 kBProgress (3): 77/217 kB | 147/358 kB | 45 kBProgress (3): 81/217 kB | 147/358 kB | 45 kBProgress (3): 81/217 kB | 151/358 kB | 45 kBProgress (3): 81/217 kB | 155/358 kB | 45 kBProgress (3): 81/217 kB | 159/358 kB | 45 kBProgress (3): 81/217 kB | 163/358 kB | 45 kBProgress (3): 85/217 kB | 163/358 kB | 45 kBProgress (3): 90/217 kB | 163/358 kB | 45 kBProgress (3): 94/217 kB | 163/358 kB | 45 kBProgress (3): 94/217 kB | 167/358 kB | 45 kBProgress (3): 98/217 kB | 167/358 kB | 45 kBProgress (3): 98/217 kB | 171/358 kB | 45 kBProgress (3): 98/217 kB | 176/358 kB | 45 kBProgress (3): 98/217 kB | 180/358 kB | 45 kB                                            Downloaded from central: https://repo.maven.apache.org/maven2/commons-logging/commons-logging-api/1.1/commons-logging-api-1.1.jar (45 kB at 513 kB/s)
[55a72e03-ce96-4613-806e-9d921897602d/build]   | Progress (2): 98/217 kB | 184/358 kBProgress (2): 98/217 kB | 188/358 kBProgress (2): 98/217 kB | 192/358 kBProgress (2): 98/217 kB | 196/358 kBProgress (2): 98/217 kB | 200/358 kBProgress (2): 98/217 kB | 204/358 kBProgress (2): 98/217 kB | 208/358 kBProgress (2): 98/217 kB | 212/358 kBProgress (2): 102/217 kB | 212/358 kBProgress (2): 106/217 kB | 212/358 kBProgress (2): 110/217 kB | 212/358 kBProgress (2): 110/217 kB | 217/358 kBProgress (3): 110/217 kB | 217/358 kB | 4.1/121 kBProgress (3): 114/217 kB | 217/358 kB | 4.1/121 kBProgress (3): 114/217 kB | 221/358 kB | 4.1/121 kBProgress (3): 114/217 kB | 221/358 kB | 8.2/121 kBProgress (3): 114/217 kB | 225/358 kB | 8.2/121 kBProgress (3): 114/217 kB | 225/358 kB | 12/121 kB Progress (3): 114/217 kB | 229/358 kB | 12/121 kBProgress (3): 114/217 kB | 229/358 kB | 16/121 kBProgress (3): 114/217 kB | 233/358 kB | 16/121 kBProgress (3): 114/217 kB | 233/358 kB | 20/121 kBProgress (3): 114/217 kB | 237/358 kB | 20/121 kBProgress (3): 114/217 kB | 237/358 kB | 24/121 kBProgress (3): 114/217 kB | 241/358 kB | 24/121 kBProgress (3): 114/217 kB | 241/358 kB | 28/121 kBProgress (3): 114/217 kB | 245/358 kB | 28/121 kBProgress (3): 118/217 kB | 245/358 kB | 28/121 kBProgress (3): 118/217 kB | 245/358 kB | 32/121 kBProgress (3): 122/217 kB | 245/358 kB | 32/121 kBProgress (3): 122/217 kB | 249/358 kB | 32/121 kBProgress (3): 126/217 kB | 249/358 kB | 32/121 kBProgress (3): 126/217 kB | 249/358 kB | 36/121 kBProgress (3): 126/217 kB | 253/358 kB | 36/121 kBProgress (3): 131/217 kB | 253/358 kB | 36/121 kBProgress (3): 131/217 kB | 253/358 kB | 40/121 kBProgress (3): 131/217 kB | 258/358 kB | 40/121 kBProgress (3): 131/217 kB | 258/358 kB | 45/121 kBProgress (3): 131/217 kB | 262/358 kB | 45/121 kBProgress (3): 131/217 kB | 262/358 kB | 49/121 kBProgress (3): 131/217 kB | 266/358 kB | 49/121 kBProgress (3): 131/217 kB | 266/358 kB | 53/121 kBProgress (3): 131/217 kB | 270/358 kB | 53/121 kBProgress (3): 131/217 kB | 270/358 kB | 57/121 kBProgress (3): 131/217 kB | 274/358 kB | 57/121 kBProgress (3): 131/217 kB | 274/358 kB | 61/121 kBProgress (3): 131/217 kB | 278/358 kB | 61/121 kBProgress (3): 131/217 kB | 278/358 kB | 65/121 kBProgress (3): 135/217 kB | 278/358 kB | 65/121 kBProgress (3): 135/217 kB | 282/358 kB | 65/121 kBProgress (3): 139/217 kB | 282/358 kB | 65/121 kBProgress (3): 139/217 kB | 282/358 kB | 69/121 kBProgress (3): 139/217 kB | 286/358 kB | 69/121 kBProgress (3): 143/217 kB | 286/358 kB | 69/121 kBProgress (3): 143/217 kB | 286/358 kB | 73/121 kBProgress (3): 143/217 kB | 290/358 kB | 73/121 kBProgress (3): 147/217 kB | 290/358 kB | 73/121 kBProgress (3): 147/217 kB | 290/358 kB | 77/121 kBProgress (3): 147/217 kB | 294/358 kB | 77/121 kBProgress (3): 147/217 kB | 294/358 kB | 81/121 kBProgress (3): 147/217 kB | 298/358 kB | 81/121 kBProgress (3): 147/217 kB | 298/358 kB | 85/121 kBProgress (3): 147/217 kB | 303/358 kB | 85/121 kBProgress (3): 151/217 kB | 303/358 kB | 85/121 kBProgress (3): 151/217 kB | 303/358 kB | 90/121 kBProgress (3): 151/217 kB | 307/358 kB | 90/121 kBProgress (3): 155/217 kB | 307/358 kB | 90/121 kBProgress (3): 155/217 kB | 307/358 kB | 94/121 kBProgress (3): 155/217 kB | 311/358 kB | 94/121 kBProgress (3): 159/217 kB | 311/358 kB | 94/121 kBProgress (3): 159/217 kB | 311/358 kB | 98/121 kBProgress (3): 163/217 kB | 311/358 kB | 98/121 kBProgress (3): 163/217 kB | 315/358 kB | 98/121 kBProgress (3): 163/217 kB | 315/358 kB | 102/121 kBProgress (3): 163/217 kB | 319/358 kB | 102/121 kBProgress (3): 163/217 kB | 319/358 kB | 106/121 kBProgress (3): 163/217 kB | 323/358 kB | 106/121 kBProgress (3): 163/217 kB | 323/358 kB | 110/121 kBProgress (3): 163/217 kB | 327/358 kB | 110/121 kBProgress (3): 163/217 kB | 327/358 kB | 114/121 kBProgress (3): 163/217 kB | 327/358 kB | 118/121 kBProgress (3): 163/217 kB | 331/358 kB | 118/121 kBProgress (3): 163/217 kB | 331/358 kB | 121 kB    Progress (3): 163/217 kB | 335/358 kB | 121 kBProgress (3): 163/217 kB | 339/358 kB | 121 kBProgress (3): 163/217 kB | 344/358 kB | 121 kBProgress (3): 163/217 kB | 348/358 kB | 121 kBProgress (3): 163/217 kB | 352/358 kB | 121 kBProgress (3): 163/217 kB | 356/358 kB | 121 kBProgress (3): 163/217 kB | 358 kB | 121 kB    Progress (3): 167/217 kB | 358 kB | 121 kBProgress (3): 171/217 kB | 358 kB | 121 kBProgress (3): 176/217 kB | 358 kB | 121 kBProgress (3): 180/217 kB | 358 kB | 121 kBProgress (3): 184/217 kB | 358 kB | 121 kBProgress (3): 188/217 kB | 358 kB | 121 kBProgress (3): 192/217 kB | 358 kB | 121 kBProgress (3): 196/217 kB | 358 kB | 121 kBProgress (4): 196/217 kB | 358 kB | 121 kB | 4.1/640 kBProgress (4): 196/217 kB | 358 kB | 121 kB | 8.2/640 kB                                                       Downloaded from central: https://repo.maven.apache.org/maven2/junit/junit/3.8.2/junit-3.8.2.jar (121 kB at 1.2 MB/s)
[55a72e03-ce96-4613-806e-9d921897602d/build]   | Progress (3): 196/217 kB | 358 kB | 12/640 kBProgress (3): 196/217 kB | 358 kB | 16/640 kBProgress (3): 200/217 kB | 358 kB | 16/640 kBProgress (3): 200/217 kB | 358 kB | 20/640 kBProgress (3): 204/217 kB | 358 kB | 20/640 kBProgress (3): 204/217 kB | 358 kB | 25/640 kBProgress (3): 208/217 kB | 358 kB | 25/640 kBProgress (3): 208/217 kB | 358 kB | 29/640 kBProgress (3): 212/217 kB | 358 kB | 29/640 kBProgress (3): 212/217 kB | 358 kB | 33/640 kBProgress (3): 217/217 kB | 358 kB | 33/640 kBProgress (3): 217 kB | 358 kB | 33/640 kB    Progress (3): 217 kB | 358 kB | 37/640 kBProgress (3): 217 kB | 358 kB | 41/640 kBProgress (3): 217 kB | 358 kB | 45/640 kBProgress (3): 217 kB | 358 kB | 49/640 kBProgress (3): 217 kB | 358 kB | 53/640 kBProgress (3): 217 kB | 358 kB | 57/640 kBProgress (3): 217 kB | 358 kB | 61/640 kBProgress (3): 217 kB | 358 kB | 66/640 kBProgress (3): 217 kB | 358 kB | 70/640 kBProgress (3): 217 kB | 358 kB | 74/640 kBProgress (3): 217 kB | 358 kB | 78/640 kBProgress (3): 217 kB | 358 kB | 82/640 kBProgress (3): 217 kB | 358 kB | 86/640 kBProgress (3): 217 kB | 358 kB | 90/640 kB                                         Downloaded from central: https://repo.maven.apache.org/maven2/log4j/log4j/1.2.12/log4j-1.2.12.jar (358 kB at 3.5 MB/s)
[55a72e03-ce96-4613-806e-9d921897602d/build]   | Progress (2): 217 kB | 94/640 kBProgress (2): 217 kB | 98/640 kBProgress (2): 217 kB | 102/640 kBProgress (2): 217 kB | 106/640 kBProgress (2): 217 kB | 111/640 kBProgress (2): 217 kB | 115/640 kBProgress (2): 217 kB | 119/640 kBProgress (2): 217 kB | 123/640 kBProgress (2): 217 kB | 127/640 kBProgress (2): 217 kB | 131/640 kBProgress (2): 217 kB | 135/640 kBProgress (2): 217 kB | 139/640 kBProgress (2): 217 kB | 143/640 kBProgress (2): 217 kB | 147/640 kBProgress (2): 217 kB | 152/640 kBProgress (2): 217 kB | 156/640 kBProgress (2): 217 kB | 160/640 kBProgress (2): 217 kB | 164/640 kBProgress (2): 217 kB | 168/640 kBProgress (2): 217 kB | 172/640 kBProgress (2): 217 kB | 176/640 kBProgress (2): 217 kB | 180/640 kBProgress (2): 217 kB | 184/640 kBProgress (2): 217 kB | 188/640 kBProgress (2): 217 kB | 193/640 kBProgress (2): 217 kB | 197/640 kBProgress (2): 217 kB | 201/640 kBProgress (2): 217 kB | 205/640 kBProgress (2): 217 kB | 209/640 kBProgress (2): 217 kB | 213/640 kB                                 Downloaded from central: https://repo.maven.apache.org/maven2/org/codehaus/plexus/plexus-container-default/1.5.5/plexus-container-default-1.5.5.jar (217 kB at 2.0 MB/s)
[55a72e03-ce96-4613-806e-9d921897602d/build]   | Progress (1): 217/640 kBProgress (1): 221/640 kBProgress (1): 225/640 kBProgress (1): 229/640 kBProgress (1): 233/640 kBProgress (1): 238/640 kBProgress (1): 242/640 kBProgress (1): 246/640 kBProgress (1): 250/640 kBProgress (1): 254/640 kBProgress (1): 258/640 kBProgress (1): 262/640 kBProgress (1): 266/640 kBProgress (1): 270/640 kBProgress (1): 274/640 kBProgress (1): 279/640 kBProgress (1): 283/640 kBProgress (1): 287/640 kBProgress (1): 291/640 kBProgress (1): 295/640 kBProgress (1): 299/640 kBProgress (1): 303/640 kBProgress (1): 307/640 kBProgress (1): 311/640 kBProgress (1): 315/640 kBProgress (1): 319/640 kBProgress (1): 324/640 kBProgress (1): 328/640 kBProgress (1): 332/640 kBProgress (1): 336/640 kBProgress (1): 340/640 kBProgress (1): 344/640 kBProgress (1): 348/640 kBProgress (1): 352/640 kBProgress (1): 356/640 kBProgress (1): 360/640 kBProgress (1): 365/640 kBProgress (1): 369/640 kBProgress (1): 373/640 kBProgress (1): 377/640 kBProgress (1): 381/640 kBProgress (1): 385/640 kBProgress (1): 389/640 kBProgress (1): 393/640 kBProgress (1): 397/640 kBProgress (1): 401/640 kBProgress (1): 406/640 kBProgress (1): 410/640 kBProgress (1): 414/640 kBProgress (1): 418/640 kBProgress (1): 422/640 kBProgress (1): 426/640 kBProgress (1): 430/640 kBProgress (1): 434/640 kBProgress (1): 438/640 kBProgress (1): 442/640 kBProgress (1): 446/640 kBProgress (1): 451/640 kBProgress (1): 455/640 kBProgress (1): 459/640 kBProgress (1): 463/640 kBProgress (1): 467/640 kBProgress (1): 471/640 kBProgress (1): 475/640 kBProgress (1): 479/640 kBProgress (1): 483/640 kBProgress (1): 487/640 kBProgress (1): 492/640 kBProgress (1): 496/640 kBProgress (1): 500/640 kBProgress (1): 504/640 kBProgress (1): 508/640 kBProgress (1): 512/640 kBProgress (1): 516/640 kBProgress (1): 520/640 kBProgress (1): 524/640 kBProgress (1): 528/640 kBProgress (1): 532/640 kBProgress (1): 536/640 kBProgress (1): 540/640 kBProgress (1): 544/640 kBProgress (1): 548/640 kBProgress (1): 553/640 kBProgress (1): 557/640 kBProgress (1): 561/640 kBProgress (1): 565/640 kBProgress (1): 569/640 kBProgress (1): 573/640 kBProgress (1): 577/640 kBProgress (1): 581/640 kBProgress (1): 585/640 kBProgress (1): 589/640 kBProgress (1): 594/640 kBProgress (1): 598/640 kBProgress (1): 602/640 kBProgress (1): 606/640 kBProgress (1): 610/640 kBProgress (1): 614/640 kBProgress (1): 618/640 kBProgress (1): 622/640 kBProgress (1): 626/640 kBProgress (1): 630/640 kBProgress (1): 634/640 kBProgress (1): 639/640 kBProgress (1): 640 kB                        Downloaded from central: https://repo.maven.apache.org/maven2/com/google/collections/google-collections/1.0/google-collections-1.0.jar (640 kB at 4.4 MB/s)
[55a72e03-ce96-4613-806e-9d921897602d/build]   | [INFO] Changes detected - recompiling the module!
[55a72e03-ce96-4613-806e-9d921897602d/build]   | [INFO] Compiling 5 source files to /tmp/325372c8-9bdc-41e6-b949-743889950901/target/classes
[55a72e03-ce96-4613-806e-9d921897602d/build]   | [INFO] 
[55a72e03-ce96-4613-806e-9d921897602d/build]   | [INFO] --- maven-resources-plugin:2.6:testResources (default-testResources) @ semver4j ---
[55a72e03-ce96-4613-806e-9d921897602d/build]   | [INFO] Using 'UTF-8' encoding to copy filtered resources.
[55a72e03-ce96-4613-806e-9d921897602d/build]   | [INFO] skip non existing resourceDirectory /tmp/325372c8-9bdc-41e6-b949-743889950901/src/test/resources
[55a72e03-ce96-4613-806e-9d921897602d/build]   | [INFO] 
[55a72e03-ce96-4613-806e-9d921897602d/build]   | [INFO] --- maven-compiler-plugin:3.1:testCompile (default-testCompile) @ semver4j ---
[55a72e03-ce96-4613-806e-9d921897602d/build]   | [INFO] Changes detected - recompiling the module!
[55a72e03-ce96-4613-806e-9d921897602d/build]   | [INFO] Compiling 4 source files to /tmp/325372c8-9bdc-41e6-b949-743889950901/target/test-classes
[55a72e03-ce96-4613-806e-9d921897602d/build]   | [INFO] 
[55a72e03-ce96-4613-806e-9d921897602d/build]   | [INFO] --- maven-surefire-plugin:2.12.4:test (default-test) @ semver4j ---
[55a72e03-ce96-4613-806e-9d921897602d/build]   | Downloading from central: https://repo.maven.apache.org/maven2/org/apache/maven/surefire/surefire-booter/2.12.4/surefire-booter-2.12.4.pom
[55a72e03-ce96-4613-806e-9d921897602d/build]   | Progress (1): 3.0 kB                    Downloaded from central: https://repo.maven.apache.org/maven2/org/apache/maven/surefire/surefire-booter/2.12.4/surefire-booter-2.12.4.pom (3.0 kB at 56 kB/s)
[55a72e03-ce96-4613-806e-9d921897602d/build]   | Downloading from central: https://repo.maven.apache.org/maven2/org/apache/maven/surefire/surefire-api/2.12.4/surefire-api-2.12.4.pom
[55a72e03-ce96-4613-806e-9d921897602d/build]   | Progress (1): 2.5 kB                    Downloaded from central: https://repo.maven.apache.org/maven2/org/apache/maven/surefire/surefire-api/2.12.4/surefire-api-2.12.4.pom (2.5 kB at 53 kB/s)
[55a72e03-ce96-4613-806e-9d921897602d/build]   | Downloading from central: https://repo.maven.apache.org/maven2/org/apache/maven/surefire/maven-surefire-common/2.12.4/maven-surefire-common-2.12.4.pom
[55a72e03-ce96-4613-806e-9d921897602d/build]   | Progress (1): 4.1/5.5 kBProgress (1): 5.5 kB                        Downloaded from central: https://repo.maven.apache.org/maven2/org/apache/maven/surefire/maven-surefire-common/2.12.4/maven-surefire-common-2.12.4.pom (5.5 kB at 205 kB/s)
[55a72e03-ce96-4613-806e-9d921897602d/build]   | Downloading from central: https://repo.maven.apache.org/maven2/org/apache/maven/plugin-tools/maven-plugin-annotations/3.1/maven-plugin-annotations-3.1.pom
[55a72e03-ce96-4613-806e-9d921897602d/build]   | Progress (1): 1.6 kB                    Downloaded from central: https://repo.maven.apache.org/maven2/org/apache/maven/plugin-tools/maven-plugin-annotations/3.1/maven-plugin-annotations-3.1.pom (1.6 kB at 9.3 kB/s)
[55a72e03-ce96-4613-806e-9d921897602d/build]   | Downloading from central: https://repo.maven.apache.org/maven2/org/apache/maven/plugin-tools/maven-plugin-tools/3.1/maven-plugin-tools-3.1.pom
[55a72e03-ce96-4613-806e-9d921897602d/build]   | Progress (1): 4.1/16 kBProgress (1): 8.2/16 kBProgress (1): 12/16 kB Progress (1): 16/16 kBProgress (1): 16 kB                      Downloaded from central: https://repo.maven.apache.org/maven2/org/apache/maven/plugin-tools/maven-plugin-tools/3.1/maven-plugin-tools-3.1.pom (16 kB at 899 kB/s)
[55a72e03-ce96-4613-806e-9d921897602d/build]   | Downloading from central: https://repo.maven.apache.org/maven2/org/apache/maven/reporting/maven-reporting-api/2.0.9/maven-reporting-api-2.0.9.pom
[55a72e03-ce96-4613-806e-9d921897602d/build]   | Progress (1): 1.8 kB                    Downloaded from central: https://repo.maven.apache.org/maven2/org/apache/maven/reporting/maven-reporting-api/2.0.9/maven-reporting-api-2.0.9.pom (1.8 kB at 60 kB/s)
[55a72e03-ce96-4613-806e-9d921897602d/build]   | Downloading from central: https://repo.maven.apache.org/maven2/org/apache/maven/reporting/maven-reporting/2.0.9/maven-reporting-2.0.9.pom
[55a72e03-ce96-4613-806e-9d921897602d/build]   | Progress (1): 1.5 kB                    Downloaded from central: https://repo.maven.apache.org/maven2/org/apache/maven/reporting/maven-reporting/2.0.9/maven-reporting-2.0.9.pom (1.5 kB at 42 kB/s)
[55a72e03-ce96-4613-806e-9d921897602d/build]   | Downloading from central: https://repo.maven.apache.org/maven2/org/apache/maven/maven-toolchain/2.0.9/maven-toolchain-2.0.9.pom
[55a72e03-ce96-4613-806e-9d921897602d/build]   | Progress (1): 3.5 kB                    Downloaded from central: https://repo.maven.apache.org/maven2/org/apache/maven/maven-toolchain/2.0.9/maven-toolchain-2.0.9.pom (3.5 kB at 120 kB/s)
[55a72e03-ce96-4613-806e-9d921897602d/build]   | Downloading from central: https://repo.maven.apache.org/maven2/org/apache/commons/commons-lang3/3.1/commons-lang3-3.1.pom
[55a72e03-ce96-4613-806e-9d921897602d/build]   | Progress (1): 4.1/17 kBProgress (1): 8.2/17 kBProgress (1): 12/17 kB Progress (1): 16/17 kBProgress (1): 17 kB                      Downloaded from central: https://repo.maven.apache.org/maven2/org/apache/commons/commons-lang3/3.1/commons-lang3-3.1.pom (17 kB at 668 kB/s)
[55a72e03-ce96-4613-806e-9d921897602d/build]   | Downloading from central: https://repo.maven.apache.org/maven2/org/apache/commons/commons-parent/22/commons-parent-22.pom
[55a72e03-ce96-4613-806e-9d921897602d/build]   | Progress (1): 4.1/42 kBProgress (1): 8.2/42 kBProgress (1): 12/42 kB Progress (1): 16/42 kBProgress (1): 20/42 kBProgress (1): 24/42 kBProgress (1): 28/42 kBProgress (1): 32/42 kBProgress (1): 36/42 kBProgress (1): 40/42 kBProgress (1): 42 kB                      Downloaded from central: https://repo.maven.apache.org/maven2/org/apache/commons/commons-parent/22/commons-parent-22.pom (42 kB at 1.2 MB/s)
[55a72e03-ce96-4613-806e-9d921897602d/build]   | Downloading from central: https://repo.maven.apache.org/maven2/org/apache/apache/9/apache-9.pom
[55a72e03-ce96-4613-806e-9d921897602d/build]   | Progress (1): 4.1/15 kBProgress (1): 8.2/15 kBProgress (1): 12/15 kB Progress (1): 15 kB                      Downloaded from central: https://repo.maven.apache.org/maven2/org/apache/apache/9/apache-9.pom (15 kB at 1.9 MB/s)
[55a72e03-ce96-4613-806e-9d921897602d/build]   | Downloading from central: https://repo.maven.apache.org/maven2/org/apache/maven/shared/maven-common-artifact-filters/1.3/maven-common-artifact-filters-1.3.pom
[55a72e03-ce96-4613-806e-9d921897602d/build]   | Progress (1): 3.7 kB                    Downloaded from central: https://repo.maven.apache.org/maven2/org/apache/maven/shared/maven-common-artifact-filters/1.3/maven-common-artifact-filters-1.3.pom (3.7 kB at 142 kB/s)
[55a72e03-ce96-4613-806e-9d921897602d/build]   | Downloading from central: https://repo.maven.apache.org/maven2/org/apache/maven/shared/maven-shared-components/12/maven-shared-components-12.pom
[55a72e03-ce96-4613-806e-9d921897602d/build]   | Progress (1): 4.1/9.3 kBProgress (1): 8.2/9.3 kBProgress (1): 9.3 kB                        Downloaded from central: https://repo.maven.apache.org/maven2/org/apache/maven/shared/maven-shared-components/12/maven-shared-components-12.pom (9.3 kB at 301 kB/s)
[55a72e03-ce96-4613-806e-9d921897602d/build]   | Downloading from central: https://repo.maven.apache.org/maven2/org/apache/maven/maven-parent/13/maven-parent-13.pom
[55a72e03-ce96-4613-806e-9d921897602d/build]   | Progress (1): 4.1/23 kBProgress (1): 8.2/23 kBProgress (1): 12/23 kB Progress (1): 16/23 kBProgress (1): 20/23 kBProgress (1): 23 kB                      Downloaded from central: https://repo.maven.apache.org/maven2/org/apache/maven/maven-parent/13/maven-parent-13.pom (23 kB at 612 kB/s)
[55a72e03-ce96-4613-806e-9d921897602d/build]   | Downloading from central: https://repo.maven.apache.org/maven2/org/apache/apache/6/apache-6.pom
[55a72e03-ce96-4613-806e-9d921897602d/build]   | Progress (1): 4.1/13 kBProgress (1): 8.2/13 kBProgress (1): 12/13 kB Progress (1): 13 kB                      Downloaded from central: https://repo.maven.apache.org/maven2/org/apache/apache/6/apache-6.pom (13 kB at 753 kB/s)
[55a72e03-ce96-4613-806e-9d921897602d/build]   | Downloading from central: https://repo.maven.apache.org/maven2/org/codehaus/plexus/plexus-container-default/1.0-alpha-9/plexus-container-default-1.0-alpha-9.pom
[55a72e03-ce96-4613-806e-9d921897602d/build]   | Progress (1): 1.2 kB                    Downloaded from central: https://repo.maven.apache.org/maven2/org/codehaus/plexus/plexus-container-default/1.0-alpha-9/plexus-container-default-1.0-alpha-9.pom (1.2 kB at 36 kB/s)
[55a72e03-ce96-4613-806e-9d921897602d/build]   | Downloading from central: https://repo.maven.apache.org/maven2/org/apache/maven/surefire/surefire-booter/2.12.4/surefire-booter-2.12.4.jar
[55a72e03-ce96-4613-806e-9d921897602d/build]   | Downloading from central: https://repo.maven.apache.org/maven2/org/apache/maven/surefire/surefire-api/2.12.4/surefire-api-2.12.4.jar
[55a72e03-ce96-4613-806e-9d921897602d/build]   | Downloading from central: https://repo.maven.apache.org/maven2/org/apache/maven/surefire/maven-surefire-common/2.12.4/maven-surefire-common-2.12.4.jar
[55a72e03-ce96-4613-806e-9d921897602d/build]   | Downloading from central: https://repo.maven.apache.org/maven2/org/apache/commons/commons-lang3/3.1/commons-lang3-3.1.jar
[55a72e03-ce96-4613-806e-9d921897602d/build]   | Downloading from central: https://repo.maven.apache.org/maven2/org/apache/maven/shared/maven-common-artifact-filters/1.3/maven-common-artifact-filters-1.3.jar
[55a72e03-ce96-4613-806e-9d921897602d/build]   | Progress (1): 4.1/31 kBProgress (2): 4.1/31 kB | 4.1/35 kBProgress (2): 8.2/31 kB | 4.1/35 kBProgress (2): 12/31 kB | 4.1/35 kB Progress (2): 12/31 kB | 8.2/35 kBProgress (2): 16/31 kB | 8.2/35 kBProgress (3): 16/31 kB | 8.2/35 kB | 4.1/316 kBProgress (3): 16/31 kB | 12/35 kB | 4.1/316 kB Progress (3): 20/31 kB | 12/35 kB | 4.1/316 kBProgress (3): 20/31 kB | 12/35 kB | 8.2/316 kBProgress (3): 24/31 kB | 12/35 kB | 8.2/316 kBProgress (3): 24/31 kB | 16/35 kB | 8.2/316 kBProgress (3): 24/31 kB | 16/35 kB | 12/316 kB Progress (3): 28/31 kB | 16/35 kB | 12/316 kBProgress (3): 28/31 kB | 16/35 kB | 16/316 kBProgress (3): 31 kB | 16/35 kB | 16/316 kB   Progress (3): 31 kB | 16/35 kB | 20/316 kBProgress (3): 31 kB | 20/35 kB | 20/316 kBProgress (3): 31 kB | 20/35 kB | 24/316 kBProgress (3): 31 kB | 25/35 kB | 24/316 kBProgress (3): 31 kB | 25/35 kB | 28/316 kBProgress (3): 31 kB | 29/35 kB | 28/316 kBProgress (3): 31 kB | 29/35 kB | 32/316 kBProgress (3): 31 kB | 33/35 kB | 32/316 kBProgress (3): 31 kB | 33/35 kB | 36/316 kBProgress (3): 31 kB | 33/35 kB | 40/316 kBProgress (3): 31 kB | 35 kB | 40/316 kB   Progress (3): 31 kB | 35 kB | 45/316 kBProgress (3): 31 kB | 35 kB | 49/316 kBProgress (3): 31 kB | 35 kB | 53/316 kBProgress (3): 31 kB | 35 kB | 57/316 kBProgress (3): 31 kB | 35 kB | 61/316 kBProgress (3): 31 kB | 35 kB | 65/316 kBProgress (3): 31 kB | 35 kB | 69/316 kBProgress (3): 31 kB | 35 kB | 73/316 kBProgress (3): 31 kB | 35 kB | 77/316 kBProgress (3): 31 kB | 35 kB | 81/316 kBProgress (3): 31 kB | 35 kB | 85/316 kBProgress (3): 31 kB | 35 kB | 90/316 kBProgress (3): 31 kB | 35 kB | 94/316 kBProgress (3): 31 kB | 35 kB | 98/316 kBProgress (3): 31 kB | 35 kB | 102/316 kBProgress (3): 31 kB | 35 kB | 106/316 kBProgress (3): 31 kB | 35 kB | 110/316 kBProgress (3): 31 kB | 35 kB | 114/316 kBProgress (3): 31 kB | 35 kB | 118/316 kBProgress (3): 31 kB | 35 kB | 122/316 kBProgress (3): 31 kB | 35 kB | 126/316 kBProgress (3): 31 kB | 35 kB | 131/316 kBProgress (3): 31 kB | 35 kB | 135/316 kBProgress (3): 31 kB | 35 kB | 139/316 kBProgress (3): 31 kB | 35 kB | 143/316 kBProgress (3): 31 kB | 35 kB | 147/316 kBProgress (3): 31 kB | 35 kB | 151/316 kBProgress (3): 31 kB | 35 kB | 155/316 kBProgress (3): 31 kB | 35 kB | 159/316 kBProgress (3): 31 kB | 35 kB | 163/316 kBProgress (3): 31 kB | 35 kB | 167/316 kBProgress (3): 31 kB | 35 kB | 171/316 kBProgress (3): 31 kB | 35 kB | 176/316 kBProgress (3): 31 kB | 35 kB | 180/316 kBProgress (3): 31 kB | 35 kB | 184/316 kBProgress (3): 31 kB | 35 kB | 188/316 kBProgress (3): 31 kB | 35 kB | 192/316 kBProgress (3): 31 kB | 35 kB | 196/316 kBProgress (3): 31 kB | 35 kB | 200/316 kBProgress (3): 31 kB | 35 kB | 204/316 kBProgress (3): 31 kB | 35 kB | 208/316 kBProgress (3): 31 kB | 35 kB | 212/316 kBProgress (3): 31 kB | 35 kB | 217/316 kBProgress (3): 31 kB | 35 kB | 221/316 kBProgress (4): 31 kB | 35 kB | 221/316 kB | 4.1/118 kBProgress (4): 31 kB | 35 kB | 225/316 kB | 4.1/118 kBProgress (4): 31 kB | 35 kB | 229/316 kB | 4.1/118 kBProgress (4): 31 kB | 35 kB | 229/316 kB | 8.2/118 kBProgress (4): 31 kB | 35 kB | 229/316 kB | 12/118 kB Progress (4): 31 kB | 35 kB | 233/316 kB | 12/118 kBProgress (4): 31 kB | 35 kB | 233/316 kB | 16/118 kBProgress (5): 31 kB | 35 kB | 233/316 kB | 16/118 kB | 4.1/263 kBProgress (5): 31 kB | 35 kB | 237/316 kB | 16/118 kB | 4.1/263 kBProgress (5): 31 kB | 35 kB | 241/316 kB | 16/118 kB | 4.1/263 kBProgress (5): 31 kB | 35 kB | 241/316 kB | 20/118 kB | 4.1/263 kBProgress (5): 31 kB | 35 kB | 245/316 kB | 20/118 kB | 4.1/263 kBProgress (5): 31 kB | 35 kB | 245/316 kB | 20/118 kB | 8.2/263 kBProgress (5): 31 kB | 35 kB | 245/316 kB | 24/118 kB | 8.2/263 kBProgress (5): 31 kB | 35 kB | 245/316 kB | 24/118 kB | 12/263 kB Progress (5): 31 kB | 35 kB | 249/316 kB | 24/118 kB | 12/263 kBProgress (5): 31 kB | 35 kB | 249/316 kB | 24/118 kB | 16/263 kBProgress (5): 31 kB | 35 kB | 249/316 kB | 28/118 kB | 16/263 kBProgress (5): 31 kB | 35 kB | 253/316 kB | 28/118 kB | 16/263 kBProgress (5): 31 kB | 35 kB | 253/316 kB | 32/118 kB | 16/263 kBProgress (5): 31 kB | 35 kB | 258/316 kB | 32/118 kB | 16/263 kBProgress (5): 31 kB | 35 kB | 262/316 kB | 32/118 kB | 16/263 kBProgress (5): 31 kB | 35 kB | 262/316 kB | 36/118 kB | 16/263 kBProgress (5): 31 kB | 35 kB | 262/316 kB | 36/118 kB | 20/263 kBProgress (5): 31 kB | 35 kB | 266/316 kB | 36/118 kB | 20/263 kBProgress (5): 31 kB | 35 kB | 266/316 kB | 40/118 kB | 20/263 kBProgress (5): 31 kB | 35 kB | 266/316 kB | 40/118 kB | 24/263 kBProgress (5): 31 kB | 35 kB | 270/316 kB | 40/118 kB | 24/263 kBProgress (5): 31 kB | 35 kB | 270/316 kB | 45/118 kB | 24/263 kBProgress (5): 31 kB | 35 kB | 270/316 kB | 45/118 kB | 28/263 kBProgress (5): 31 kB | 35 kB | 274/316 kB | 45/118 kB | 28/263 kBProgress (5): 31 kB | 35 kB | 274/316 kB | 49/118 kB | 28/263 kBProgress (5): 31 kB | 35 kB | 274/316 kB | 49/118 kB | 32/263 kBProgress (5): 31 kB | 35 kB | 278/316 kB | 49/118 kB | 32/263 kBProgress (5): 31 kB | 35 kB | 278/316 kB | 53/118 kB | 32/263 kBProgress (5): 31 kB | 35 kB | 278/316 kB | 53/118 kB | 36/263 kBProgress (5): 31 kB | 35 kB | 282/316 kB | 53/118 kB | 36/263 kBProgress (5): 31 kB | 35 kB | 282/316 kB | 53/118 kB | 40/263 kBProgress (5): 31 kB | 35 kB | 282/316 kB | 57/118 kB | 40/263 kBProgress (5): 31 kB | 35 kB | 286/316 kB | 57/118 kB | 40/263 kBProgress (5): 31 kB | 35 kB | 286/316 kB | 57/118 kB | 45/263 kBProgress (5): 31 kB | 35 kB | 286/316 kB | 61/118 kB | 45/263 kBProgress (5): 31 kB | 35 kB | 290/316 kB | 61/118 kB | 45/263 kBProgress (5): 31 kB | 35 kB | 290/316 kB | 61/118 kB | 49/263 kBProgress (5): 31 kB | 35 kB | 290/316 kB | 65/118 kB | 49/263 kBProgress (5): 31 kB | 35 kB | 294/316 kB | 65/118 kB | 49/263 kBProgress (5): 31 kB | 35 kB | 298/316 kB | 65/118 kB | 49/263 kBProgress (5): 31 kB | 35 kB | 298/316 kB | 69/118 kB | 49/263 kBProgress (5): 31 kB | 35 kB | 303/316 kB | 69/118 kB | 49/263 kBProgress (5): 31 kB | 35 kB | 303/316 kB | 73/118 kB | 49/263 kBProgress (5): 31 kB | 35 kB | 307/316 kB | 73/118 kB | 49/263 kBProgress (5): 31 kB | 35 kB | 307/316 kB | 77/118 kB | 49/263 kBProgress (5): 31 kB | 35 kB | 311/316 kB | 77/118 kB | 49/263 kBProgress (5): 31 kB | 35 kB | 311/316 kB | 81/118 kB | 49/263 kBProgress (5): 31 kB | 35 kB | 315/316 kB | 81/118 kB | 49/263 kBProgress (5): 31 kB | 35 kB | 316 kB | 81/118 kB | 49/263 kB    Progress (5): 31 kB | 35 kB | 316 kB | 85/118 kB | 49/263 kBProgress (5): 31 kB | 35 kB | 316 kB | 90/118 kB | 49/263 kBProgress (5): 31 kB | 35 kB | 316 kB | 94/118 kB | 49/263 kBProgress (5): 31 kB | 35 kB | 316 kB | 98/118 kB | 49/263 kBProgress (5): 31 kB | 35 kB | 316 kB | 98/118 kB | 53/263 kBProgress (5): 31 kB | 35 kB | 316 kB | 98/118 kB | 57/263 kBProgress (5): 31 kB | 35 kB | 316 kB | 102/118 kB | 57/263 kBProgress (5): 31 kB | 35 kB | 316 kB | 102/118 kB | 61/263 kBProgress (5): 31 kB | 35 kB | 316 kB | 106/118 kB | 61/263 kBProgress (5): 31 kB | 35 kB | 316 kB | 106/118 kB | 65/263 kBProgress (5): 31 kB | 35 kB | 316 kB | 110/118 kB | 65/263 kBProgress (5): 31 kB | 35 kB | 316 kB | 114/118 kB | 65/263 kBProgress (5): 31 kB | 35 kB | 316 kB | 118 kB | 65/263 kB    Progress (5): 31 kB | 35 kB | 316 kB | 118 kB | 69/263 kBProgress (5): 31 kB | 35 kB | 316 kB | 118 kB | 73/263 kBProgress (5): 31 kB | 35 kB | 316 kB | 118 kB | 77/263 kBProgress (5): 31 kB | 35 kB | 316 kB | 118 kB | 81/263 kBProgress (5): 31 kB | 35 kB | 316 kB | 118 kB | 85/263 kBProgress (5): 31 kB | 35 kB | 316 kB | 118 kB | 90/263 kBProgress (5): 31 kB | 35 kB | 316 kB | 118 kB | 94/263 kBProgress (5): 31 kB | 35 kB | 316 kB | 118 kB | 98/263 kBProgress (5): 31 kB | 35 kB | 316 kB | 118 kB | 102/263 kBProgress (5): 31 kB | 35 kB | 316 kB | 118 kB | 106/263 kBProgress (5): 31 kB | 35 kB | 316 kB | 118 kB | 110/263 kBProgress (5): 31 kB | 35 kB | 316 kB | 118 kB | 114/263 kBProgress (5): 31 kB | 35 kB | 316 kB | 118 kB | 118/263 kBProgress (5): 31 kB | 35 kB | 316 kB | 118 kB | 122/263 kBProgress (5): 31 kB | 35 kB | 316 kB | 118 kB | 126/263 kBProgress (5): 31 kB | 35 kB | 316 kB | 118 kB | 131/263 kBProgress (5): 31 kB | 35 kB | 316 kB | 118 kB | 135/263 kBProgress (5): 31 kB | 35 kB | 316 kB | 118 kB | 139/263 kBProgress (5): 31 kB | 35 kB | 316 kB | 118 kB | 143/263 kBProgress (5): 31 kB | 35 kB | 316 kB | 118 kB | 147/263 kBProgress (5): 31 kB | 35 kB | 316 kB | 118 kB | 151/263 kBProgress (5): 31 kB | 35 kB | 316 kB | 118 kB | 155/263 kBProgress (5): 31 kB | 35 kB | 316 kB | 118 kB | 159/263 kBProgress (5): 31 kB | 35 kB | 316 kB | 118 kB | 163/263 kBProgress (5): 31 kB | 35 kB | 316 kB | 118 kB | 167/263 kBProgress (5): 31 kB | 35 kB | 316 kB | 118 kB | 171/263 kBProgress (5): 31 kB | 35 kB | 316 kB | 118 kB | 176/263 kBProgress (5): 31 kB | 35 kB | 316 kB | 118 kB | 180/263 kBProgress (5): 31 kB | 35 kB | 316 kB | 118 kB | 184/263 kBProgress (5): 31 kB | 35 kB | 316 kB | 118 kB | 188/263 kBProgress (5): 31 kB | 35 kB | 316 kB | 118 kB | 192/263 kBProgress (5): 31 kB | 35 kB | 316 kB | 118 kB | 196/263 kBProgress (5): 31 kB | 35 kB | 316 kB | 118 kB | 200/263 kBProgress (5): 31 kB | 35 kB | 316 kB | 118 kB | 204/263 kBProgress (5): 31 kB | 35 kB | 316 kB | 118 kB | 208/263 kBProgress (5): 31 kB | 35 kB | 316 kB | 118 kB | 212/263 kBProgress (5): 31 kB | 35 kB | 316 kB | 118 kB | 217/263 kBProgress (5): 31 kB | 35 kB | 316 kB | 118 kB | 221/263 kBProgress (5): 31 kB | 35 kB | 316 kB | 118 kB | 225/263 kBProgress (5): 31 kB | 35 kB | 316 kB | 118 kB | 229/263 kBProgress (5): 31 kB | 35 kB | 316 kB | 118 kB | 233/263 kBProgress (5): 31 kB | 35 kB | 316 kB | 118 kB | 237/263 kBProgress (5): 31 kB | 35 kB | 316 kB | 118 kB | 241/263 kBProgress (5): 31 kB | 35 kB | 316 kB | 118 kB | 245/263 kBProgress (5): 31 kB | 35 kB | 316 kB | 118 kB | 249/263 kBProgress (5): 31 kB | 35 kB | 316 kB | 118 kB | 253/263 kBProgress (5): 31 kB | 35 kB | 316 kB | 118 kB | 258/263 kBProgress (5): 31 kB | 35 kB | 316 kB | 118 kB | 262/263 kBProgress (5): 31 kB | 35 kB | 316 kB | 118 kB | 263 kB                                                          Downloaded from central: https://repo.maven.apache.org/maven2/org/apache/maven/shared/maven-common-artifact-filters/1.3/maven-common-artifact-filters-1.3.jar (31 kB at 758 kB/s)
[55a72e03-ce96-4613-806e-9d921897602d/build]   | Downloading from central: https://repo.maven.apache.org/maven2/org/codehaus/plexus/plexus-utils/3.0.8/plexus-utils-3.0.8.jar
[55a72e03-ce96-4613-806e-9d921897602d/build]   | Downloaded from central: https://repo.maven.apache.org/maven2/org/apache/maven/surefire/surefire-booter/2.12.4/surefire-booter-2.12.4.jar (35 kB at 807 kB/s)
[55a72e03-ce96-4613-806e-9d921897602d/build]   | Downloading from central: https://repo.maven.apache.org/maven2/org/apache/maven/reporting/maven-reporting-api/2.0.9/maven-reporting-api-2.0.9.jar
[55a72e03-ce96-4613-806e-9d921897602d/build]   | Progress (4): 316 kB | 118 kB | 263 kB | 4.1/10 kBProgress (4): 316 kB | 118 kB | 263 kB | 8.2/10 kB                                                  Downloaded from central: https://repo.maven.apache.org/maven2/org/apache/commons/commons-lang3/3.1/commons-lang3-3.1.jar (316 kB at 6.9 MB/s)
[55a72e03-ce96-4613-806e-9d921897602d/build]   | Progress (3): 118 kB | 263 kB | 10 kB                                     Downloading from central: https://repo.maven.apache.org/maven2/org/apache/maven/maven-toolchain/2.0.9/maven-toolchain-2.0.9.jar
[55a72e03-ce96-4613-806e-9d921897602d/build]   | Progress (4): 118 kB | 263 kB | 10 kB | 4.1/232 kBProgress (4): 118 kB | 263 kB | 10 kB | 8.2/232 kBProgress (4): 118 kB | 263 kB | 10 kB | 12/232 kB Progress (4): 118 kB | 263 kB | 10 kB | 16/232 kB                                                 Downloaded from central: https://repo.maven.apache.org/maven2/org/apache/maven/surefire/surefire-api/2.12.4/surefire-api-2.12.4.jar (118 kB at 2.3 MB/s)
[55a72e03-ce96-4613-806e-9d921897602d/build]   | Progress (3): 263 kB | 10 kB | 20/232 kB                                        Downloading from central: https://repo.maven.apache.org/maven2/org/apache/maven/plugin-tools/maven-plugin-annotations/3.1/maven-plugin-annotations-3.1.jar
[55a72e03-ce96-4613-806e-9d921897602d/build]   | Progress (3): 263 kB | 10 kB | 25/232 kBProgress (3): 263 kB | 10 kB | 29/232 kB                                        Downloaded from central: https://repo.maven.apache.org/maven2/org/apache/maven/surefire/maven-surefire-common/2.12.4/maven-surefire-common-2.12.4.jar (263 kB at 5.3 MB/s)
[55a72e03-ce96-4613-806e-9d921897602d/build]   | Progress (2): 10 kB | 33/232 kBProgress (2): 10 kB | 37/232 kBProgress (2): 10 kB | 41/232 kBProgress (2): 10 kB | 45/232 kBProgress (2): 10 kB | 49/232 kBProgress (2): 10 kB | 53/232 kBProgress (2): 10 kB | 57/232 kBProgress (2): 10 kB | 61/232 kBProgress (2): 10 kB | 66/232 kBProgress (2): 10 kB | 70/232 kBProgress (2): 10 kB | 74/232 kBProgress (2): 10 kB | 78/232 kBProgress (2): 10 kB | 82/232 kBProgress (3): 10 kB | 82/232 kB | 4.1/38 kBProgress (3): 10 kB | 82/232 kB | 8.2/38 kBProgress (3): 10 kB | 86/232 kB | 8.2/38 kBProgress (3): 10 kB | 86/232 kB | 12/38 kB Progress (3): 10 kB | 86/232 kB | 16/38 kBProgress (3): 10 kB | 90/232 kB | 16/38 kBProgress (3): 10 kB | 94/232 kB | 16/38 kBProgress (3): 10 kB | 94/232 kB | 20/38 kBProgress (3): 10 kB | 98/232 kB | 20/38 kBProgress (3): 10 kB | 98/232 kB | 24/38 kBProgress (3): 10 kB | 98/232 kB | 28/38 kBProgress (3): 10 kB | 98/232 kB | 32/38 kBProgress (3): 10 kB | 102/232 kB | 32/38 kBProgress (3): 10 kB | 106/232 kB | 32/38 kBProgress (3): 10 kB | 106/232 kB | 36/38 kBProgress (3): 10 kB | 111/232 kB | 36/38 kBProgress (4): 10 kB | 111/232 kB | 36/38 kB | 4.1/14 kBProgress (4): 10 kB | 111/232 kB | 38 kB | 4.1/14 kB   Progress (4): 10 kB | 115/232 kB | 38 kB | 4.1/14 kBProgress (4): 10 kB | 115/232 kB | 38 kB | 8.2/14 kBProgress (4): 10 kB | 115/232 kB | 38 kB | 12/14 kB Progress (4): 10 kB | 119/232 kB | 38 kB | 12/14 kBProgress (4): 10 kB | 119/232 kB | 38 kB | 14 kB   Progress (4): 10 kB | 123/232 kB | 38 kB | 14 kBProgress (4): 10 kB | 127/232 kB | 38 kB | 14 kBProgress (4): 10 kB | 131/232 kB | 38 kB | 14 kBProgress (4): 10 kB | 135/232 kB | 38 kB | 14 kBProgress (4): 10 kB | 139/232 kB | 38 kB | 14 kBProgress (4): 10 kB | 143/232 kB | 38 kB | 14 kBProgress (4): 10 kB | 147/232 kB | 38 kB | 14 kBProgress (4): 10 kB | 152/232 kB | 38 kB | 14 kBProgress (4): 10 kB | 156/232 kB | 38 kB | 14 kBProgress (4): 10 kB | 160/232 kB | 38 kB | 14 kBProgress (4): 10 kB | 164/232 kB | 38 kB | 14 kBProgress (4): 10 kB | 168/232 kB | 38 kB | 14 kBProgress (4): 10 kB | 172/232 kB | 38 kB | 14 kBProgress (4): 10 kB | 176/232 kB | 38 kB | 14 kBProgress (4): 10 kB | 180/232 kB | 38 kB | 14 kBProgress (4): 10 kB | 184/232 kB | 38 kB | 14 kBProgress (4): 10 kB | 188/232 kB | 38 kB | 14 kBProgress (4): 10 kB | 193/232 kB | 38 kB | 14 kBProgress (4): 10 kB | 197/232 kB | 38 kB | 14 kBProgress (4): 10 kB | 201/232 kB | 38 kB | 14 kB                                                Downloaded from central: https://repo.maven.apache.org/maven2/org/apache/maven/reporting/maven-reporting-api/2.0.9/maven-reporting-api-2.0.9.jar (10 kB at 178 kB/s)
[55a72e03-ce96-4613-806e-9d921897602d/build]   | Progress (3): 205/232 kB | 38 kB | 14 kBProgress (3): 209/232 kB | 38 kB | 14 kBProgress (3): 213/232 kB | 38 kB | 14 kBProgress (3): 217/232 kB | 38 kB | 14 kBProgress (3): 221/232 kB | 38 kB | 14 kBProgress (3): 225/232 kB | 38 kB | 14 kBProgress (3): 229/232 kB | 38 kB | 14 kBProgress (3): 232 kB | 38 kB | 14 kB                                        Downloaded from central: https://repo.maven.apache.org/maven2/org/apache/maven/plugin-tools/maven-plugin-annotations/3.1/maven-plugin-annotations-3.1.jar (14 kB at 223 kB/s)
[55a72e03-ce96-4613-806e-9d921897602d/build]   | Downloaded from central: https://repo.maven.apache.org/maven2/org/apache/maven/maven-toolchain/2.0.9/maven-toolchain-2.0.9.jar (38 kB at 513 kB/s)
[55a72e03-ce96-4613-806e-9d921897602d/build]   | Downloaded from central: https://repo.maven.apache.org/maven2/org/codehaus/plexus/plexus-utils/3.0.8/plexus-utils-3.0.8.jar (232 kB at 3.1 MB/s)
[55a72e03-ce96-4613-806e-9d921897602d/build]   | [INFO] Surefire report directory: /tmp/325372c8-9bdc-41e6-b949-743889950901/target/surefire-reports
[55a72e03-ce96-4613-806e-9d921897602d/build]   | Downloading from central: https://repo.maven.apache.org/maven2/org/apache/maven/surefire/surefire-junit4/2.12.4/surefire-junit4-2.12.4.pom
[55a72e03-ce96-4613-806e-9d921897602d/build]   | Progress (1): 2.4 kB                    Downloaded from central: https://repo.maven.apache.org/maven2/org/apache/maven/surefire/surefire-junit4/2.12.4/surefire-junit4-2.12.4.pom (2.4 kB at 78 kB/s)
[55a72e03-ce96-4613-806e-9d921897602d/build]   | Downloading from central: https://repo.maven.apache.org/maven2/org/apache/maven/surefire/surefire-providers/2.12.4/surefire-providers-2.12.4.pom
[55a72e03-ce96-4613-806e-9d921897602d/build]   | Progress (1): 2.3 kB                    Downloaded from central: https://repo.maven.apache.org/maven2/org/apache/maven/surefire/surefire-providers/2.12.4/surefire-providers-2.12.4.pom (2.3 kB at 73 kB/s)
[55a72e03-ce96-4613-806e-9d921897602d/build]   | Downloading from central: https://repo.maven.apache.org/maven2/org/apache/maven/surefire/surefire-junit4/2.12.4/surefire-junit4-2.12.4.jar
[55a72e03-ce96-4613-806e-9d921897602d/build]   | Progress (1): 4.1/37 kBProgress (1): 8.2/37 kBProgress (1): 12/37 kB Progress (1): 16/37 kBProgress (1): 20/37 kBProgress (1): 24/37 kBProgress (1): 28/37 kBProgress (1): 32/37 kBProgress (1): 36/37 kBProgress (1): 37 kB                      Downloaded from central: https://repo.maven.apache.org/maven2/org/apache/maven/surefire/surefire-junit4/2.12.4/surefire-junit4-2.12.4.jar (37 kB at 1.0 MB/s)
[55a72e03-ce96-4613-806e-9d921897602d/build]   | 
[55a72e03-ce96-4613-806e-9d921897602d/build]   | -------------------------------------------------------
[55a72e03-ce96-4613-806e-9d921897602d/build]   |  T E S T S
[55a72e03-ce96-4613-806e-9d921897602d/build]   | -------------------------------------------------------
[55a72e03-ce96-4613-806e-9d921897602d/build]   | Running com.vdurmont.semver4j.SemverTest
[55a72e03-ce96-4613-806e-9d921897602d/build]   | Tests run: 24, Failures: 0, Errors: 0, Skipped: 0, Time elapsed: 0.245 sec
[55a72e03-ce96-4613-806e-9d921897602d/build]   | Running com.vdurmont.semver4j.RequirementTest
[55a72e03-ce96-4613-806e-9d921897602d/build]   | Tests run: 33, Failures: 0, Errors: 0, Skipped: 0, Time elapsed: 0.031 sec
[55a72e03-ce96-4613-806e-9d921897602d/build]   | Running com.vdurmont.semver4j.TokenizerTest
[55a72e03-ce96-4613-806e-9d921897602d/build]   | Tests run: 5, Failures: 0, Errors: 0, Skipped: 0, Time elapsed: 0.002 sec
[55a72e03-ce96-4613-806e-9d921897602d/build]   | Running com.vdurmont.semver4j.RangeTest
[55a72e03-ce96-4613-806e-9d921897602d/build]   | Tests run: 5, Failures: 0, Errors: 0, Skipped: 0, Time elapsed: 0.003 sec
[55a72e03-ce96-4613-806e-9d921897602d/build]   | 
[55a72e03-ce96-4613-806e-9d921897602d/build]   | Results :
[55a72e03-ce96-4613-806e-9d921897602d/build]   | 
[55a72e03-ce96-4613-806e-9d921897602d/build]   | Tests run: 67, Failures: 0, Errors: 0, Skipped: 0
[55a72e03-ce96-4613-806e-9d921897602d/build]   | 
[55a72e03-ce96-4613-806e-9d921897602d/build]   | [INFO] ------------------------------------------------------------------------
[55a72e03-ce96-4613-806e-9d921897602d/build]   | [INFO] BUILD SUCCESS
[55a72e03-ce96-4613-806e-9d921897602d/build]   | [INFO] ------------------------------------------------------------------------
[55a72e03-ce96-4613-806e-9d921897602d/build]   | [INFO] Total time:  13.125 s
[55a72e03-ce96-4613-806e-9d921897602d/build]   | [INFO] Finished at: 2023-07-12T19:07:26Z
[55a72e03-ce96-4613-806e-9d921897602d/build]   | [INFO] ------------------------------------------------------------------------
[55a72e03-ce96-4613-806e-9d921897602d/build]   ‚úÖ  Success - Main Build with Maven
[55a72e03-ce96-4613-806e-9d921897602d/build] unable to get git ref: failed to identify reference (tag/branch) for the checked-out revision '830a62739e4bca1be53720d0e7fc1ae7ec1c3de4'
[55a72e03-ce96-4613-806e-9d921897602d/build] unable to get git ref: failed to identify reference (tag/branch) for the checked-out revision '830a62739e4bca1be53720d0e7fc1ae7ec1c3de4'
[55a72e03-ce96-4613-806e-9d921897602d/build] unable to get git ref: failed to identify reference (tag/branch) for the checked-out revision '830a62739e4bca1be53720d0e7fc1ae7ec1c3de4'
[55a72e03-ce96-4613-806e-9d921897602d/build] unable to get git ref: failed to identify reference (tag/branch) for the checked-out revision '830a62739e4bca1be53720d0e7fc1ae7ec1c3de4'
[55a72e03-ce96-4613-806e-9d921897602d/build] unable to get git ref: failed to identify reference (tag/branch) for the checked-out revision '830a62739e4bca1be53720d0e7fc1ae7ec1c3de4'
[55a72e03-ce96-4613-806e-9d921897602d/build] ‚≠ê Run Post Set up JDK
[55a72e03-ce96-4613-806e-9d921897602d/build]   üê≥  docker exec cmd=[node /var/run/act/actions/actions-setup-java@v1/dist/cleanup/index.js] user= workdir=
[55a72e03-ce96-4613-806e-9d921897602d/build]   ‚úÖ  Success - Post Set up JDK
[55a72e03-ce96-4613-806e-9d921897602d/build] üèÅ  Job succeeded
[55a72e03-ce96-4613-806e-9d921897602d/build] unable to get git ref: failed to identify reference (tag/branch) for the checked-out revision '830a62739e4bca1be53720d0e7fc1ae7ec1c3de4'
