[305814c4-ddcc-4e23-a463-8469726ca882/build] üöÄ  Start image=crawlergpt:latest
[305814c4-ddcc-4e23-a463-8469726ca882/build]   üê≥  docker pull image=crawlergpt:latest platform= username= forcePull=false
[305814c4-ddcc-4e23-a463-8469726ca882/build]   üê≥  docker create image=crawlergpt:latest platform= entrypoint=["tail" "-f" "/dev/null"] cmd=[]
[305814c4-ddcc-4e23-a463-8469726ca882/build]   üê≥  docker run image=crawlergpt:latest platform= entrypoint=["tail" "-f" "/dev/null"] cmd=[]
[305814c4-ddcc-4e23-a463-8469726ca882/build]   üê≥  docker exec cmd=[chown -R 1012:1013 /tmp/026a1b48-6fca-49c8-82b6-bd8d1740c200] user=0 workdir=
[305814c4-ddcc-4e23-a463-8469726ca882/build] unable to get git ref: failed to identify reference (tag/branch) for the checked-out revision '87f76e0e4e0b826c4c29f57b45869d399b770962'
[305814c4-ddcc-4e23-a463-8469726ca882/build] unable to get git ref: failed to identify reference (tag/branch) for the checked-out revision '87f76e0e4e0b826c4c29f57b45869d399b770962'
[305814c4-ddcc-4e23-a463-8469726ca882/build] unable to get git ref: failed to identify reference (tag/branch) for the checked-out revision '87f76e0e4e0b826c4c29f57b45869d399b770962'
[305814c4-ddcc-4e23-a463-8469726ca882/build] unable to get git ref: failed to identify reference (tag/branch) for the checked-out revision '87f76e0e4e0b826c4c29f57b45869d399b770962'
[305814c4-ddcc-4e23-a463-8469726ca882/build] unable to get git ref: failed to identify reference (tag/branch) for the checked-out revision '87f76e0e4e0b826c4c29f57b45869d399b770962'
[305814c4-ddcc-4e23-a463-8469726ca882/build] unable to get git ref: failed to identify reference (tag/branch) for the checked-out revision '87f76e0e4e0b826c4c29f57b45869d399b770962'
[305814c4-ddcc-4e23-a463-8469726ca882/build] unable to get git ref: failed to identify reference (tag/branch) for the checked-out revision '87f76e0e4e0b826c4c29f57b45869d399b770962'
[305814c4-ddcc-4e23-a463-8469726ca882/build] unable to get git ref: failed to identify reference (tag/branch) for the checked-out revision '87f76e0e4e0b826c4c29f57b45869d399b770962'
[305814c4-ddcc-4e23-a463-8469726ca882/build] unable to get git ref: failed to identify reference (tag/branch) for the checked-out revision '87f76e0e4e0b826c4c29f57b45869d399b770962'
[305814c4-ddcc-4e23-a463-8469726ca882/build] ‚≠ê Run Main actions/checkout@v2
[305814c4-ddcc-4e23-a463-8469726ca882/build] unable to get git ref: failed to identify reference (tag/branch) for the checked-out revision '87f76e0e4e0b826c4c29f57b45869d399b770962'
[305814c4-ddcc-4e23-a463-8469726ca882/build]   ‚úÖ  Success - Main actions/checkout@v2
[305814c4-ddcc-4e23-a463-8469726ca882/build] unable to get git ref: failed to identify reference (tag/branch) for the checked-out revision '87f76e0e4e0b826c4c29f57b45869d399b770962'
[305814c4-ddcc-4e23-a463-8469726ca882/build] unable to get git ref: failed to identify reference (tag/branch) for the checked-out revision '87f76e0e4e0b826c4c29f57b45869d399b770962'
[305814c4-ddcc-4e23-a463-8469726ca882/build] unable to get git ref: failed to identify reference (tag/branch) for the checked-out revision '87f76e0e4e0b826c4c29f57b45869d399b770962'
[305814c4-ddcc-4e23-a463-8469726ca882/build] unable to get git ref: failed to identify reference (tag/branch) for the checked-out revision '87f76e0e4e0b826c4c29f57b45869d399b770962'
[305814c4-ddcc-4e23-a463-8469726ca882/build] unable to get git ref: failed to identify reference (tag/branch) for the checked-out revision '87f76e0e4e0b826c4c29f57b45869d399b770962'
[305814c4-ddcc-4e23-a463-8469726ca882/build] ‚≠ê Run Main Set up JDK 11
[305814c4-ddcc-4e23-a463-8469726ca882/build] unable to get git ref: failed to identify reference (tag/branch) for the checked-out revision '87f76e0e4e0b826c4c29f57b45869d399b770962'
[305814c4-ddcc-4e23-a463-8469726ca882/build] unable to get git ref: failed to identify reference (tag/branch) for the checked-out revision '87f76e0e4e0b826c4c29f57b45869d399b770962'
[305814c4-ddcc-4e23-a463-8469726ca882/build] unable to get git ref: failed to identify reference (tag/branch) for the checked-out revision '87f76e0e4e0b826c4c29f57b45869d399b770962'
[305814c4-ddcc-4e23-a463-8469726ca882/build]   üê≥  docker cp src=/tmp/act-cache/14564b63-4e3d-4844-bb1d-df6958610632/act/actions-setup-java@v1/ dst=/var/run/act/actions/actions-setup-java@v1/
[305814c4-ddcc-4e23-a463-8469726ca882/build]   üê≥  docker exec cmd=[chown -R 1012:1013 /var/run/act/actions/actions-setup-java@v1/] user=0 workdir=
[305814c4-ddcc-4e23-a463-8469726ca882/build]   üê≥  docker exec cmd=[node /var/run/act/actions/actions-setup-java@v1/dist/setup/index.js] user= workdir=
[305814c4-ddcc-4e23-a463-8469726ca882/build]   üí¨  ::debug::isExplicit: 
[305814c4-ddcc-4e23-a463-8469726ca882/build]   üí¨  ::debug::explicit? false
[305814c4-ddcc-4e23-a463-8469726ca882/build]   üí¨  ::debug::evaluating 0 versions
[305814c4-ddcc-4e23-a463-8469726ca882/build]   üí¨  ::debug::match not found
[305814c4-ddcc-4e23-a463-8469726ca882/build]   üí¨  ::debug::Downloading JDK from Azul
[305814c4-ddcc-4e23-a463-8469726ca882/build]   üí¨  ::debug::Searching for files with extension: -linux_x64.tar.gz
[305814c4-ddcc-4e23-a463-8469726ca882/build]   üí¨  ::debug::Downloading https://static.azul.com/zulu/bin/zulu11.64.19-ca-jdk11.0.19-linux_x64.tar.gz
[305814c4-ddcc-4e23-a463-8469726ca882/build]   üí¨  ::debug::Downloading /tmp/8063ae22-45c2-49aa-934f-ae5543de8a56
[305814c4-ddcc-4e23-a463-8469726ca882/build]   üí¨  ::debug::download complete
[305814c4-ddcc-4e23-a463-8469726ca882/build]   | [command]/usr/bin/tar --version
[305814c4-ddcc-4e23-a463-8469726ca882/build]   | tar (GNU tar) 1.30
[305814c4-ddcc-4e23-a463-8469726ca882/build]   | Copyright (C) 2017 Free Software Foundation, Inc.
[305814c4-ddcc-4e23-a463-8469726ca882/build]   | License GPLv3+: GNU GPL version 3 or later <https://gnu.org/licenses/gpl.html>.
[305814c4-ddcc-4e23-a463-8469726ca882/build]   | This is free software: you are free to change and redistribute it.
[305814c4-ddcc-4e23-a463-8469726ca882/build]   | There is NO WARRANTY, to the extent permitted by law.
[305814c4-ddcc-4e23-a463-8469726ca882/build]   | 
[305814c4-ddcc-4e23-a463-8469726ca882/build]   | Written by John Gilmore and Jay Fenlason.
[305814c4-ddcc-4e23-a463-8469726ca882/build]   | [command]/usr/bin/tar xz --warning=no-unknown-keyword -C /tmp/temp_1445307546 -f /tmp/8063ae22-45c2-49aa-934f-ae5543de8a56
[305814c4-ddcc-4e23-a463-8469726ca882/build]   üí¨  ::debug::jdk extracted to /tmp/temp_1445307546/zulu11.64.19-ca-jdk11.0.19-linux_x64
[305814c4-ddcc-4e23-a463-8469726ca882/build]   üí¨  ::debug::Caching tool jdk 11.0.19 x64
[305814c4-ddcc-4e23-a463-8469726ca882/build]   üí¨  ::debug::source dir: /tmp/temp_1445307546/zulu11.64.19-ca-jdk11.0.19-linux_x64
[305814c4-ddcc-4e23-a463-8469726ca882/build]   üí¨  ::debug::destination /opt/hostedtoolcache/jdk/11.0.19/x64
[305814c4-ddcc-4e23-a463-8469726ca882/build]   üí¨  ::debug::finished caching tool
[305814c4-ddcc-4e23-a463-8469726ca882/build]   ‚ùì add-matcher /run/act/actions/actions-setup-java@v1/.github/java.json
[305814c4-ddcc-4e23-a463-8469726ca882/build]   | creating settings.xml with server-id: github; environment variables: username=$GITHUB_ACTOR, password=$GITHUB_TOKEN, and gpg-passphrase=null
[305814c4-ddcc-4e23-a463-8469726ca882/build]   üí¨  ::debug::created directory /home/runneradmin/.m2
[305814c4-ddcc-4e23-a463-8469726ca882/build]   | writing /home/runneradmin/.m2/settings.xml
[305814c4-ddcc-4e23-a463-8469726ca882/build]   ‚úÖ  Success - Main Set up JDK 11
[305814c4-ddcc-4e23-a463-8469726ca882/build]   ‚öô  ::set-env:: JAVA_HOME_11.0.19_x64=/opt/hostedtoolcache/jdk/11.0.19/x64
[305814c4-ddcc-4e23-a463-8469726ca882/build]   ‚öô  ::set-env:: JAVA_HOME=/opt/hostedtoolcache/jdk/11.0.19/x64
[305814c4-ddcc-4e23-a463-8469726ca882/build]   ‚öô  ::set-env:: JAVA_HOME_11_0_19_X64=/opt/hostedtoolcache/jdk/11.0.19/x64
[305814c4-ddcc-4e23-a463-8469726ca882/build]   ‚öô  ::set-output:: path=/opt/hostedtoolcache/jdk/11.0.19/x64
[305814c4-ddcc-4e23-a463-8469726ca882/build]   ‚öô  ::set-output:: version=11.0.19
[305814c4-ddcc-4e23-a463-8469726ca882/build]   ‚öô  ::add-path:: /opt/hostedtoolcache/jdk/11.0.19/x64/bin
[305814c4-ddcc-4e23-a463-8469726ca882/build] unable to get git ref: failed to identify reference (tag/branch) for the checked-out revision '87f76e0e4e0b826c4c29f57b45869d399b770962'
[305814c4-ddcc-4e23-a463-8469726ca882/build] unable to get git ref: failed to identify reference (tag/branch) for the checked-out revision '87f76e0e4e0b826c4c29f57b45869d399b770962'
[305814c4-ddcc-4e23-a463-8469726ca882/build] unable to get git ref: failed to identify reference (tag/branch) for the checked-out revision '87f76e0e4e0b826c4c29f57b45869d399b770962'
[305814c4-ddcc-4e23-a463-8469726ca882/build] unable to get git ref: failed to identify reference (tag/branch) for the checked-out revision '87f76e0e4e0b826c4c29f57b45869d399b770962'
[305814c4-ddcc-4e23-a463-8469726ca882/build] unable to get git ref: failed to identify reference (tag/branch) for the checked-out revision '87f76e0e4e0b826c4c29f57b45869d399b770962'
[305814c4-ddcc-4e23-a463-8469726ca882/build] ‚≠ê Run Main Build with Maven
[305814c4-ddcc-4e23-a463-8469726ca882/build] unable to get git ref: failed to identify reference (tag/branch) for the checked-out revision '87f76e0e4e0b826c4c29f57b45869d399b770962'
[305814c4-ddcc-4e23-a463-8469726ca882/build] unable to get git ref: failed to identify reference (tag/branch) for the checked-out revision '87f76e0e4e0b826c4c29f57b45869d399b770962'
[305814c4-ddcc-4e23-a463-8469726ca882/build] unable to get git ref: failed to identify reference (tag/branch) for the checked-out revision '87f76e0e4e0b826c4c29f57b45869d399b770962'
[305814c4-ddcc-4e23-a463-8469726ca882/build] unable to get git ref: failed to identify reference (tag/branch) for the checked-out revision '87f76e0e4e0b826c4c29f57b45869d399b770962'
[305814c4-ddcc-4e23-a463-8469726ca882/build]   üê≥  docker exec cmd=[bash --noprofile --norc -e -o pipefail /var/run/act/workflow/2] user= workdir=
[305814c4-ddcc-4e23-a463-8469726ca882/build]   | [INFO] Scanning for projects...
[305814c4-ddcc-4e23-a463-8469726ca882/build]   | [INFO] 
[305814c4-ddcc-4e23-a463-8469726ca882/build]   | [INFO] ------------------------< net.nodebox:nodebox >-------------------------
[305814c4-ddcc-4e23-a463-8469726ca882/build]   | [INFO] Building NodeBox 3.0-SNAPSHOT
[305814c4-ddcc-4e23-a463-8469726ca882/build]   | [INFO] --------------------------------[ jar ]---------------------------------
[305814c4-ddcc-4e23-a463-8469726ca882/build]   | [INFO] Downloading from central: https://repo.maven.apache.org/maven2/org/apache/maven/plugins/maven-resources-plugin/2.6/maven-resources-plugin-2.6.pom
[305814c4-ddcc-4e23-a463-8469726ca882/build]   | [INFO] Downloaded from central: https://repo.maven.apache.org/maven2/org/apache/maven/plugins/maven-resources-plugin/2.6/maven-resources-plugin-2.6.pom (8.1 kB at 22 kB/s)
[305814c4-ddcc-4e23-a463-8469726ca882/build]   | [INFO] Downloading from central: https://repo.maven.apache.org/maven2/org/apache/maven/plugins/maven-plugins/23/maven-plugins-23.pom
[305814c4-ddcc-4e23-a463-8469726ca882/build]   | [INFO] Downloaded from central: https://repo.maven.apache.org/maven2/org/apache/maven/plugins/maven-plugins/23/maven-plugins-23.pom (9.2 kB at 575 kB/s)
[305814c4-ddcc-4e23-a463-8469726ca882/build]   | [INFO] Downloading from central: https://repo.maven.apache.org/maven2/org/apache/maven/maven-parent/22/maven-parent-22.pom
[305814c4-ddcc-4e23-a463-8469726ca882/build]   | [INFO] Downloaded from central: https://repo.maven.apache.org/maven2/org/apache/maven/maven-parent/22/maven-parent-22.pom (30 kB at 1.3 MB/s)
[305814c4-ddcc-4e23-a463-8469726ca882/build]   | [INFO] Downloading from central: https://repo.maven.apache.org/maven2/org/apache/apache/11/apache-11.pom
[305814c4-ddcc-4e23-a463-8469726ca882/build]   | [INFO] Downloaded from central: https://repo.maven.apache.org/maven2/org/apache/apache/11/apache-11.pom (15 kB at 823 kB/s)
[305814c4-ddcc-4e23-a463-8469726ca882/build]   | [INFO] Downloading from central: https://repo.maven.apache.org/maven2/org/apache/maven/plugins/maven-resources-plugin/2.6/maven-resources-plugin-2.6.jar
[305814c4-ddcc-4e23-a463-8469726ca882/build]   | [INFO] Downloaded from central: https://repo.maven.apache.org/maven2/org/apache/maven/plugins/maven-resources-plugin/2.6/maven-resources-plugin-2.6.jar (30 kB at 1.1 MB/s)
[305814c4-ddcc-4e23-a463-8469726ca882/build]   | [INFO] Downloading from central: https://repo.maven.apache.org/maven2/org/apache/maven/plugins/maven-compiler-plugin/2.5.1/maven-compiler-plugin-2.5.1.pom
[305814c4-ddcc-4e23-a463-8469726ca882/build]   | [INFO] Downloaded from central: https://repo.maven.apache.org/maven2/org/apache/maven/plugins/maven-compiler-plugin/2.5.1/maven-compiler-plugin-2.5.1.pom (7.9 kB at 528 kB/s)
[305814c4-ddcc-4e23-a463-8469726ca882/build]   | [INFO] Downloading from central: https://repo.maven.apache.org/maven2/org/apache/maven/plugins/maven-plugins/22/maven-plugins-22.pom
[305814c4-ddcc-4e23-a463-8469726ca882/build]   | [INFO] Downloaded from central: https://repo.maven.apache.org/maven2/org/apache/maven/plugins/maven-plugins/22/maven-plugins-22.pom (13 kB at 815 kB/s)
[305814c4-ddcc-4e23-a463-8469726ca882/build]   | [INFO] Downloading from central: https://repo.maven.apache.org/maven2/org/apache/maven/maven-parent/21/maven-parent-21.pom
[305814c4-ddcc-4e23-a463-8469726ca882/build]   | [INFO] Downloaded from central: https://repo.maven.apache.org/maven2/org/apache/maven/maven-parent/21/maven-parent-21.pom (26 kB at 1.6 MB/s)
[305814c4-ddcc-4e23-a463-8469726ca882/build]   | [INFO] Downloading from central: https://repo.maven.apache.org/maven2/org/apache/apache/10/apache-10.pom
[305814c4-ddcc-4e23-a463-8469726ca882/build]   | [INFO] Downloaded from central: https://repo.maven.apache.org/maven2/org/apache/apache/10/apache-10.pom (15 kB at 925 kB/s)
[305814c4-ddcc-4e23-a463-8469726ca882/build]   | [INFO] Downloading from central: https://repo.maven.apache.org/maven2/org/apache/maven/plugins/maven-compiler-plugin/2.5.1/maven-compiler-plugin-2.5.1.jar
[305814c4-ddcc-4e23-a463-8469726ca882/build]   | [INFO] Downloaded from central: https://repo.maven.apache.org/maven2/org/apache/maven/plugins/maven-compiler-plugin/2.5.1/maven-compiler-plugin-2.5.1.jar (33 kB at 1.9 MB/s)
[305814c4-ddcc-4e23-a463-8469726ca882/build]   | [INFO] Downloading from central: https://repo.maven.apache.org/maven2/org/apache/maven/plugins/maven-surefire-plugin/2.12.4/maven-surefire-plugin-2.12.4.pom
[305814c4-ddcc-4e23-a463-8469726ca882/build]   | [INFO] Downloaded from central: https://repo.maven.apache.org/maven2/org/apache/maven/plugins/maven-surefire-plugin/2.12.4/maven-surefire-plugin-2.12.4.pom (10 kB at 524 kB/s)
[305814c4-ddcc-4e23-a463-8469726ca882/build]   | [INFO] Downloading from central: https://repo.maven.apache.org/maven2/org/apache/maven/surefire/surefire/2.12.4/surefire-2.12.4.pom
[305814c4-ddcc-4e23-a463-8469726ca882/build]   | [INFO] Downloaded from central: https://repo.maven.apache.org/maven2/org/apache/maven/surefire/surefire/2.12.4/surefire-2.12.4.pom (14 kB at 766 kB/s)
[305814c4-ddcc-4e23-a463-8469726ca882/build]   | [INFO] Downloading from central: https://repo.maven.apache.org/maven2/org/apache/maven/plugins/maven-surefire-plugin/2.12.4/maven-surefire-plugin-2.12.4.jar
[305814c4-ddcc-4e23-a463-8469726ca882/build]   | [INFO] Downloaded from central: https://repo.maven.apache.org/maven2/org/apache/maven/plugins/maven-surefire-plugin/2.12.4/maven-surefire-plugin-2.12.4.jar (30 kB at 2.3 MB/s)
[305814c4-ddcc-4e23-a463-8469726ca882/build]   | [INFO] Downloading from central: https://repo.maven.apache.org/maven2/org/apache/maven/plugins/maven-jar-plugin/2.4/maven-jar-plugin-2.4.pom
[305814c4-ddcc-4e23-a463-8469726ca882/build]   | [INFO] Downloaded from central: https://repo.maven.apache.org/maven2/org/apache/maven/plugins/maven-jar-plugin/2.4/maven-jar-plugin-2.4.pom (5.8 kB at 343 kB/s)
[305814c4-ddcc-4e23-a463-8469726ca882/build]   | [INFO] Downloading from central: https://repo.maven.apache.org/maven2/org/apache/maven/plugins/maven-jar-plugin/2.4/maven-jar-plugin-2.4.jar
[305814c4-ddcc-4e23-a463-8469726ca882/build]   | [INFO] Downloaded from central: https://repo.maven.apache.org/maven2/org/apache/maven/plugins/maven-jar-plugin/2.4/maven-jar-plugin-2.4.jar (34 kB at 1.6 MB/s)
[305814c4-ddcc-4e23-a463-8469726ca882/build]   | [INFO] Downloading from clojars.org: https://clojars.org/repo/org/clojure/clojure/1.6.0/clojure-1.6.0.pom
[305814c4-ddcc-4e23-a463-8469726ca882/build]   | [INFO] Downloading from central: https://repo.maven.apache.org/maven2/org/clojure/clojure/1.6.0/clojure-1.6.0.pom
[305814c4-ddcc-4e23-a463-8469726ca882/build]   | [INFO] Downloaded from central: https://repo.maven.apache.org/maven2/org/clojure/clojure/1.6.0/clojure-1.6.0.pom (7.8 kB at 242 kB/s)
[305814c4-ddcc-4e23-a463-8469726ca882/build]   | [INFO] Downloading from clojars.org: https://clojars.org/repo/org/sonatype/oss/oss-parent/7/oss-parent-7.pom
[305814c4-ddcc-4e23-a463-8469726ca882/build]   | [INFO] Downloading from central: https://repo.maven.apache.org/maven2/org/sonatype/oss/oss-parent/7/oss-parent-7.pom
[305814c4-ddcc-4e23-a463-8469726ca882/build]   | [INFO] Downloaded from central: https://repo.maven.apache.org/maven2/org/sonatype/oss/oss-parent/7/oss-parent-7.pom (4.8 kB at 230 kB/s)
[305814c4-ddcc-4e23-a463-8469726ca882/build]   | [INFO] Downloading from clojars.org: https://clojars.org/repo/com/google/guava/guava/18.0/guava-18.0.pom
[305814c4-ddcc-4e23-a463-8469726ca882/build]   | [INFO] Downloading from central: https://repo.maven.apache.org/maven2/com/google/guava/guava/18.0/guava-18.0.pom
[305814c4-ddcc-4e23-a463-8469726ca882/build]   | [INFO] Downloaded from central: https://repo.maven.apache.org/maven2/com/google/guava/guava/18.0/guava-18.0.pom (5.7 kB at 378 kB/s)
[305814c4-ddcc-4e23-a463-8469726ca882/build]   | [INFO] Downloading from clojars.org: https://clojars.org/repo/com/google/guava/guava-parent/18.0/guava-parent-18.0.pom
[305814c4-ddcc-4e23-a463-8469726ca882/build]   | [INFO] Downloading from central: https://repo.maven.apache.org/maven2/com/google/guava/guava-parent/18.0/guava-parent-18.0.pom
[305814c4-ddcc-4e23-a463-8469726ca882/build]   | [INFO] Downloaded from central: https://repo.maven.apache.org/maven2/com/google/guava/guava-parent/18.0/guava-parent-18.0.pom (7.7 kB at 256 kB/s)
[305814c4-ddcc-4e23-a463-8469726ca882/build]   | [INFO] Downloading from clojars.org: https://clojars.org/repo/org/apache/httpcomponents/httpclient/4.2.3/httpclient-4.2.3.pom
[305814c4-ddcc-4e23-a463-8469726ca882/build]   | [INFO] Downloading from central: https://repo.maven.apache.org/maven2/org/apache/httpcomponents/httpclient/4.2.3/httpclient-4.2.3.pom
[305814c4-ddcc-4e23-a463-8469726ca882/build]   | [INFO] Downloaded from central: https://repo.maven.apache.org/maven2/org/apache/httpcomponents/httpclient/4.2.3/httpclient-4.2.3.pom (5.9 kB at 455 kB/s)
[305814c4-ddcc-4e23-a463-8469726ca882/build]   | [INFO] Downloading from clojars.org: https://clojars.org/repo/org/apache/httpcomponents/httpcomponents-client/4.2.3/httpcomponents-client-4.2.3.pom
[305814c4-ddcc-4e23-a463-8469726ca882/build]   | [INFO] Downloading from central: https://repo.maven.apache.org/maven2/org/apache/httpcomponents/httpcomponents-client/4.2.3/httpcomponents-client-4.2.3.pom
[305814c4-ddcc-4e23-a463-8469726ca882/build]   | [INFO] Downloaded from central: https://repo.maven.apache.org/maven2/org/apache/httpcomponents/httpcomponents-client/4.2.3/httpcomponents-client-4.2.3.pom (15 kB at 276 kB/s)
[305814c4-ddcc-4e23-a463-8469726ca882/build]   | [INFO] Downloading from clojars.org: https://clojars.org/repo/org/apache/httpcomponents/project/6/project-6.pom
[305814c4-ddcc-4e23-a463-8469726ca882/build]   | [INFO] Downloading from central: https://repo.maven.apache.org/maven2/org/apache/httpcomponents/project/6/project-6.pom
[305814c4-ddcc-4e23-a463-8469726ca882/build]   | [INFO] Downloaded from central: https://repo.maven.apache.org/maven2/org/apache/httpcomponents/project/6/project-6.pom (24 kB at 631 kB/s)
[305814c4-ddcc-4e23-a463-8469726ca882/build]   | [INFO] Downloading from clojars.org: https://clojars.org/repo/org/apache/httpcomponents/httpcore/4.2.2/httpcore-4.2.2.pom
[305814c4-ddcc-4e23-a463-8469726ca882/build]   | [INFO] Downloading from central: https://repo.maven.apache.org/maven2/org/apache/httpcomponents/httpcore/4.2.2/httpcore-4.2.2.pom
[305814c4-ddcc-4e23-a463-8469726ca882/build]   | [INFO] Downloaded from central: https://repo.maven.apache.org/maven2/org/apache/httpcomponents/httpcore/4.2.2/httpcore-4.2.2.pom (5.7 kB at 355 kB/s)
[305814c4-ddcc-4e23-a463-8469726ca882/build]   | [INFO] Downloading from clojars.org: https://clojars.org/repo/org/apache/httpcomponents/httpcomponents-core/4.2.2/httpcomponents-core-4.2.2.pom
[305814c4-ddcc-4e23-a463-8469726ca882/build]   | [INFO] Downloading from central: https://repo.maven.apache.org/maven2/org/apache/httpcomponents/httpcomponents-core/4.2.2/httpcomponents-core-4.2.2.pom
[305814c4-ddcc-4e23-a463-8469726ca882/build]   | [INFO] Downloaded from central: https://repo.maven.apache.org/maven2/org/apache/httpcomponents/httpcomponents-core/4.2.2/httpcomponents-core-4.2.2.pom (11 kB at 382 kB/s)
[305814c4-ddcc-4e23-a463-8469726ca882/build]   | [INFO] Downloading from clojars.org: https://clojars.org/repo/commons-logging/commons-logging/1.1.1/commons-logging-1.1.1.pom
[305814c4-ddcc-4e23-a463-8469726ca882/build]   | [INFO] Downloading from central: https://repo.maven.apache.org/maven2/commons-logging/commons-logging/1.1.1/commons-logging-1.1.1.pom
[305814c4-ddcc-4e23-a463-8469726ca882/build]   | [INFO] Downloaded from central: https://repo.maven.apache.org/maven2/commons-logging/commons-logging/1.1.1/commons-logging-1.1.1.pom (18 kB at 680 kB/s)
[305814c4-ddcc-4e23-a463-8469726ca882/build]   | [INFO] Downloading from clojars.org: https://clojars.org/repo/org/apache/commons/commons-parent/5/commons-parent-5.pom
[305814c4-ddcc-4e23-a463-8469726ca882/build]   | [INFO] Downloading from central: https://repo.maven.apache.org/maven2/org/apache/commons/commons-parent/5/commons-parent-5.pom
[305814c4-ddcc-4e23-a463-8469726ca882/build]   | [INFO] Downloaded from central: https://repo.maven.apache.org/maven2/org/apache/commons/commons-parent/5/commons-parent-5.pom (16 kB at 1.1 MB/s)
[305814c4-ddcc-4e23-a463-8469726ca882/build]   | [INFO] Downloading from clojars.org: https://clojars.org/repo/org/apache/apache/4/apache-4.pom
[305814c4-ddcc-4e23-a463-8469726ca882/build]   | [INFO] Downloading from central: https://repo.maven.apache.org/maven2/org/apache/apache/4/apache-4.pom
[305814c4-ddcc-4e23-a463-8469726ca882/build]   | [INFO] Downloaded from central: https://repo.maven.apache.org/maven2/org/apache/apache/4/apache-4.pom (4.5 kB at 150 kB/s)
[305814c4-ddcc-4e23-a463-8469726ca882/build]   | [INFO] Downloading from clojars.org: https://clojars.org/repo/commons-codec/commons-codec/1.6/commons-codec-1.6.pom
[305814c4-ddcc-4e23-a463-8469726ca882/build]   | [INFO] Downloading from central: https://repo.maven.apache.org/maven2/commons-codec/commons-codec/1.6/commons-codec-1.6.pom
[305814c4-ddcc-4e23-a463-8469726ca882/build]   | [INFO] Downloaded from central: https://repo.maven.apache.org/maven2/commons-codec/commons-codec/1.6/commons-codec-1.6.pom (11 kB at 1.0 MB/s)
[305814c4-ddcc-4e23-a463-8469726ca882/build]   | [INFO] Downloading from clojars.org: https://clojars.org/repo/org/apache/commons/commons-parent/22/commons-parent-22.pom
[305814c4-ddcc-4e23-a463-8469726ca882/build]   | [INFO] Downloading from central: https://repo.maven.apache.org/maven2/org/apache/commons/commons-parent/22/commons-parent-22.pom
[305814c4-ddcc-4e23-a463-8469726ca882/build]   | [INFO] Downloaded from central: https://repo.maven.apache.org/maven2/org/apache/commons/commons-parent/22/commons-parent-22.pom (42 kB at 2.5 MB/s)
[305814c4-ddcc-4e23-a463-8469726ca882/build]   | [INFO] Downloading from clojars.org: https://clojars.org/repo/org/apache/apache/9/apache-9.pom
[305814c4-ddcc-4e23-a463-8469726ca882/build]   | [INFO] Downloading from central: https://repo.maven.apache.org/maven2/org/apache/apache/9/apache-9.pom
[305814c4-ddcc-4e23-a463-8469726ca882/build]   | [INFO] Downloaded from central: https://repo.maven.apache.org/maven2/org/apache/apache/9/apache-9.pom (15 kB at 211 kB/s)
[305814c4-ddcc-4e23-a463-8469726ca882/build]   | [INFO] Downloading from clojars.org: https://clojars.org/repo/com/itextpdf/itextpdf/5.5.0/itextpdf-5.5.0.pom
[305814c4-ddcc-4e23-a463-8469726ca882/build]   | [INFO] Downloading from central: https://repo.maven.apache.org/maven2/com/itextpdf/itextpdf/5.5.0/itextpdf-5.5.0.pom
[305814c4-ddcc-4e23-a463-8469726ca882/build]   | [INFO] Downloaded from central: https://repo.maven.apache.org/maven2/com/itextpdf/itextpdf/5.5.0/itextpdf-5.5.0.pom (9.8 kB at 615 kB/s)
[305814c4-ddcc-4e23-a463-8469726ca882/build]   | [INFO] Downloading from clojars.org: https://clojars.org/repo/com/itextpdf/itext-parent/1.0.0/itext-parent-1.0.0.pom
[305814c4-ddcc-4e23-a463-8469726ca882/build]   | [INFO] Downloading from central: https://repo.maven.apache.org/maven2/com/itextpdf/itext-parent/1.0.0/itext-parent-1.0.0.pom
[305814c4-ddcc-4e23-a463-8469726ca882/build]   | [INFO] Downloaded from central: https://repo.maven.apache.org/maven2/com/itextpdf/itext-parent/1.0.0/itext-parent-1.0.0.pom (3.6 kB at 164 kB/s)
[305814c4-ddcc-4e23-a463-8469726ca882/build]   | [INFO] Downloading from clojars.org: https://clojars.org/repo/net/java/dev/jna/jna/4.1.0/jna-4.1.0.pom
[305814c4-ddcc-4e23-a463-8469726ca882/build]   | [INFO] Downloading from central: https://repo.maven.apache.org/maven2/net/java/dev/jna/jna/4.1.0/jna-4.1.0.pom
[305814c4-ddcc-4e23-a463-8469726ca882/build]   | [INFO] Downloaded from central: https://repo.maven.apache.org/maven2/net/java/dev/jna/jna/4.1.0/jna-4.1.0.pom (1.3 kB at 46 kB/s)
[305814c4-ddcc-4e23-a463-8469726ca882/build]   | [INFO] Downloading from clojars.org: https://clojars.org/repo/com/jayway/jsonpath/json-path/0.8.1/json-path-0.8.1.pom
[305814c4-ddcc-4e23-a463-8469726ca882/build]   | [INFO] Downloading from central: https://repo.maven.apache.org/maven2/com/jayway/jsonpath/json-path/0.8.1/json-path-0.8.1.pom
[305814c4-ddcc-4e23-a463-8469726ca882/build]   | [INFO] Downloaded from central: https://repo.maven.apache.org/maven2/com/jayway/jsonpath/json-path/0.8.1/json-path-0.8.1.pom (2.5 kB at 178 kB/s)
[305814c4-ddcc-4e23-a463-8469726ca882/build]   | [INFO] Downloading from clojars.org: https://clojars.org/repo/com/jayway/jsonpath/json-path-parent/0.8.1/json-path-parent-0.8.1.pom
[305814c4-ddcc-4e23-a463-8469726ca882/build]   | [INFO] Downloading from central: https://repo.maven.apache.org/maven2/com/jayway/jsonpath/json-path-parent/0.8.1/json-path-parent-0.8.1.pom
[305814c4-ddcc-4e23-a463-8469726ca882/build]   | [INFO] Downloaded from central: https://repo.maven.apache.org/maven2/com/jayway/jsonpath/json-path-parent/0.8.1/json-path-parent-0.8.1.pom (8.9 kB at 685 kB/s)
[305814c4-ddcc-4e23-a463-8469726ca882/build]   | [INFO] Downloading from clojars.org: https://clojars.org/repo/org/sonatype/oss/oss-parent/5/oss-parent-5.pom
[305814c4-ddcc-4e23-a463-8469726ca882/build]   | [INFO] Downloading from central: https://repo.maven.apache.org/maven2/org/sonatype/oss/oss-parent/5/oss-parent-5.pom
[305814c4-ddcc-4e23-a463-8469726ca882/build]   | [INFO] Downloaded from central: https://repo.maven.apache.org/maven2/org/sonatype/oss/oss-parent/5/oss-parent-5.pom (4.1 kB at 371 kB/s)
[305814c4-ddcc-4e23-a463-8469726ca882/build]   | [INFO] Downloading from clojars.org: https://clojars.org/repo/net/minidev/json-smart/1.1.1/json-smart-1.1.1.pom
[305814c4-ddcc-4e23-a463-8469726ca882/build]   | [INFO] Downloading from central: https://repo.maven.apache.org/maven2/net/minidev/json-smart/1.1.1/json-smart-1.1.1.pom
[305814c4-ddcc-4e23-a463-8469726ca882/build]   | [INFO] Downloaded from central: https://repo.maven.apache.org/maven2/net/minidev/json-smart/1.1.1/json-smart-1.1.1.pom (1.4 kB at 80 kB/s)
[305814c4-ddcc-4e23-a463-8469726ca882/build]   | [INFO] Downloading from clojars.org: https://clojars.org/repo/net/minidev/parent/1.1.1/parent-1.1.1.pom
[305814c4-ddcc-4e23-a463-8469726ca882/build]   | [INFO] Downloading from central: https://repo.maven.apache.org/maven2/net/minidev/parent/1.1.1/parent-1.1.1.pom
[305814c4-ddcc-4e23-a463-8469726ca882/build]   | [INFO] Downloaded from central: https://repo.maven.apache.org/maven2/net/minidev/parent/1.1.1/parent-1.1.1.pom (11 kB at 639 kB/s)
[305814c4-ddcc-4e23-a463-8469726ca882/build]   | [INFO] Downloading from clojars.org: https://clojars.org/repo/commons-lang/commons-lang/2.6/commons-lang-2.6.pom
[305814c4-ddcc-4e23-a463-8469726ca882/build]   | [INFO] Downloading from central: https://repo.maven.apache.org/maven2/commons-lang/commons-lang/2.6/commons-lang-2.6.pom
[305814c4-ddcc-4e23-a463-8469726ca882/build]   | [INFO] Downloaded from central: https://repo.maven.apache.org/maven2/commons-lang/commons-lang/2.6/commons-lang-2.6.pom (17 kB at 700 kB/s)
[305814c4-ddcc-4e23-a463-8469726ca882/build]   | [INFO] Downloading from clojars.org: https://clojars.org/repo/org/apache/commons/commons-parent/17/commons-parent-17.pom
[305814c4-ddcc-4e23-a463-8469726ca882/build]   | [INFO] Downloading from central: https://repo.maven.apache.org/maven2/org/apache/commons/commons-parent/17/commons-parent-17.pom
[305814c4-ddcc-4e23-a463-8469726ca882/build]   | [INFO] Downloaded from central: https://repo.maven.apache.org/maven2/org/apache/commons/commons-parent/17/commons-parent-17.pom (31 kB at 1.1 MB/s)
[305814c4-ddcc-4e23-a463-8469726ca882/build]   | [INFO] Downloading from clojars.org: https://clojars.org/repo/org/apache/apache/7/apache-7.pom
[305814c4-ddcc-4e23-a463-8469726ca882/build]   | [INFO] Downloading from central: https://repo.maven.apache.org/maven2/org/apache/apache/7/apache-7.pom
[305814c4-ddcc-4e23-a463-8469726ca882/build]   | [INFO] Downloaded from central: https://repo.maven.apache.org/maven2/org/apache/apache/7/apache-7.pom (14 kB at 1.2 MB/s)
[305814c4-ddcc-4e23-a463-8469726ca882/build]   | [INFO] Downloading from clojars.org: https://clojars.org/repo/junit/junit/4.11/junit-4.11.pom
[305814c4-ddcc-4e23-a463-8469726ca882/build]   | [INFO] Downloading from central: https://repo.maven.apache.org/maven2/junit/junit/4.11/junit-4.11.pom
[305814c4-ddcc-4e23-a463-8469726ca882/build]   | [INFO] Downloaded from central: https://repo.maven.apache.org/maven2/junit/junit/4.11/junit-4.11.pom (2.3 kB at 213 kB/s)
[305814c4-ddcc-4e23-a463-8469726ca882/build]   | [INFO] Downloading from clojars.org: https://clojars.org/repo/org/hamcrest/hamcrest-core/1.3/hamcrest-core-1.3.pom
[305814c4-ddcc-4e23-a463-8469726ca882/build]   | [INFO] Downloading from central: https://repo.maven.apache.org/maven2/org/hamcrest/hamcrest-core/1.3/hamcrest-core-1.3.pom
[305814c4-ddcc-4e23-a463-8469726ca882/build]   | [INFO] Downloaded from central: https://repo.maven.apache.org/maven2/org/hamcrest/hamcrest-core/1.3/hamcrest-core-1.3.pom (766 B at 70 kB/s)
[305814c4-ddcc-4e23-a463-8469726ca882/build]   | [INFO] Downloading from clojars.org: https://clojars.org/repo/org/hamcrest/hamcrest-parent/1.3/hamcrest-parent-1.3.pom
[305814c4-ddcc-4e23-a463-8469726ca882/build]   | [INFO] Downloading from central: https://repo.maven.apache.org/maven2/org/hamcrest/hamcrest-parent/1.3/hamcrest-parent-1.3.pom
[305814c4-ddcc-4e23-a463-8469726ca882/build]   | [INFO] Downloaded from central: https://repo.maven.apache.org/maven2/org/hamcrest/hamcrest-parent/1.3/hamcrest-parent-1.3.pom (2.0 kB at 197 kB/s)
[305814c4-ddcc-4e23-a463-8469726ca882/build]   | [INFO] Downloading from clojars.org: https://clojars.org/repo/org/python/jython/2.7-b1/jython-2.7-b1.pom
[305814c4-ddcc-4e23-a463-8469726ca882/build]   | [INFO] Downloading from central: https://repo.maven.apache.org/maven2/org/python/jython/2.7-b1/jython-2.7-b1.pom
[305814c4-ddcc-4e23-a463-8469726ca882/build]   | [INFO] Downloaded from central: https://repo.maven.apache.org/maven2/org/python/jython/2.7-b1/jython-2.7-b1.pom (1.4 kB at 33 kB/s)
[305814c4-ddcc-4e23-a463-8469726ca882/build]   | [INFO] Downloading from clojars.org: https://clojars.org/repo/net/sf/opencsv/opencsv/2.3/opencsv-2.3.pom
[305814c4-ddcc-4e23-a463-8469726ca882/build]   | [INFO] Downloading from central: https://repo.maven.apache.org/maven2/net/sf/opencsv/opencsv/2.3/opencsv-2.3.pom
[305814c4-ddcc-4e23-a463-8469726ca882/build]   | [INFO] Downloaded from central: https://repo.maven.apache.org/maven2/net/sf/opencsv/opencsv/2.3/opencsv-2.3.pom (5.4 kB at 495 kB/s)
[305814c4-ddcc-4e23-a463-8469726ca882/build]   | [INFO] Downloading from clojars.org: https://clojars.org/repo/org/clojars/processing-core/org.processing.core/1.5.1/org.processing.core-1.5.1.pom
[305814c4-ddcc-4e23-a463-8469726ca882/build]   | [INFO] Downloaded from clojars.org: https://clojars.org/repo/org/clojars/processing-core/org.processing.core/1.5.1/org.processing.core-1.5.1.pom (910 B at 3.2 kB/s)
[305814c4-ddcc-4e23-a463-8469726ca882/build]   | [INFO] Downloading from clojars.org: https://clojars.org/repo/ddf/minim/ddf.minim/2.2.0/ddf.minim-2.2.0.pom
[305814c4-ddcc-4e23-a463-8469726ca882/build]   | [INFO] Downloaded from clojars.org: https://clojars.org/repo/ddf/minim/ddf.minim/2.2.0/ddf.minim-2.2.0.pom (3.9 kB at 14 kB/s)
[305814c4-ddcc-4e23-a463-8469726ca882/build]   | [INFO] Downloading from clojars.org: https://clojars.org/repo/org/clojure/clojure/1.5.1/clojure-1.5.1.pom
[305814c4-ddcc-4e23-a463-8469726ca882/build]   | [INFO] Downloading from central: https://repo.maven.apache.org/maven2/org/clojure/clojure/1.5.1/clojure-1.5.1.pom
[305814c4-ddcc-4e23-a463-8469726ca882/build]   | [INFO] Downloaded from central: https://repo.maven.apache.org/maven2/org/clojure/clojure/1.5.1/clojure-1.5.1.pom (6.2 kB at 6.8 kB/s)
[305814c4-ddcc-4e23-a463-8469726ca882/build]   | [INFO] Downloading from clojars.org: https://clojars.org/repo/org/clojars/automata/jl/1.0.0/jl-1.0.0.pom
[305814c4-ddcc-4e23-a463-8469726ca882/build]   | [INFO] Downloaded from clojars.org: https://clojars.org/repo/org/clojars/automata/jl/1.0.0/jl-1.0.0.pom (391 B at 1.5 kB/s)
[305814c4-ddcc-4e23-a463-8469726ca882/build]   | [INFO] Downloading from clojars.org: https://clojars.org/repo/org/clojars/automata/mp3spi/1.9.4/mp3spi-1.9.4.pom
[305814c4-ddcc-4e23-a463-8469726ca882/build]   | [INFO] Downloaded from clojars.org: https://clojars.org/repo/org/clojars/automata/mp3spi/1.9.4/mp3spi-1.9.4.pom (394 B at 627 B/s)
[305814c4-ddcc-4e23-a463-8469726ca882/build]   | [INFO] Downloading from clojars.org: https://clojars.org/repo/org/clojars/automata/tritonus-aos/1.0.0/tritonus-aos-1.0.0.pom
[305814c4-ddcc-4e23-a463-8469726ca882/build]   | [INFO] Downloaded from clojars.org: https://clojars.org/repo/org/clojars/automata/tritonus-aos/1.0.0/tritonus-aos-1.0.0.pom (411 B at 1.5 kB/s)
[305814c4-ddcc-4e23-a463-8469726ca882/build]   | [INFO] Downloading from clojars.org: https://clojars.org/repo/org/clojars/automata/tritonus-share/1.0.0/tritonus-share-1.0.0.pom
[305814c4-ddcc-4e23-a463-8469726ca882/build]   | [INFO] Downloaded from clojars.org: https://clojars.org/repo/org/clojars/automata/tritonus-share/1.0.0/tritonus-share-1.0.0.pom (417 B at 1.5 kB/s)
[305814c4-ddcc-4e23-a463-8469726ca882/build]   | [INFO] Downloading from clojars.org: https://clojars.org/repo/de/sojamo/oscp5/0.9.8/oscp5-0.9.8.pom
[305814c4-ddcc-4e23-a463-8469726ca882/build]   | [INFO] Downloaded from clojars.org: https://clojars.org/repo/de/sojamo/oscp5/0.9.8/oscp5-0.9.8.pom (1.1 kB at 4.2 kB/s)
[305814c4-ddcc-4e23-a463-8469726ca882/build]   | [INFO] Downloading from clojars.org: https://clojars.org/repo/org/clojure/clojure/1.6.0/clojure-1.6.0.jar
[305814c4-ddcc-4e23-a463-8469726ca882/build]   | [INFO] Downloading from clojars.org: https://clojars.org/repo/com/google/guava/guava/18.0/guava-18.0.jar
[305814c4-ddcc-4e23-a463-8469726ca882/build]   | [INFO] Downloading from clojars.org: https://clojars.org/repo/org/apache/httpcomponents/httpclient/4.2.3/httpclient-4.2.3.jar
[305814c4-ddcc-4e23-a463-8469726ca882/build]   | [INFO] Downloading from clojars.org: https://clojars.org/repo/commons-logging/commons-logging/1.1.1/commons-logging-1.1.1.jar
[305814c4-ddcc-4e23-a463-8469726ca882/build]   | [INFO] Downloading from clojars.org: https://clojars.org/repo/org/apache/httpcomponents/httpcore/4.2.2/httpcore-4.2.2.jar
[305814c4-ddcc-4e23-a463-8469726ca882/build]   | [INFO] Downloading from clojars.org: https://clojars.org/repo/commons-codec/commons-codec/1.6/commons-codec-1.6.jar
[305814c4-ddcc-4e23-a463-8469726ca882/build]   | [INFO] Downloading from clojars.org: https://clojars.org/repo/com/itextpdf/itextpdf/5.5.0/itextpdf-5.5.0.jar
[305814c4-ddcc-4e23-a463-8469726ca882/build]   | [INFO] Downloading from clojars.org: https://clojars.org/repo/net/java/dev/jna/jna/4.1.0/jna-4.1.0.jar
[305814c4-ddcc-4e23-a463-8469726ca882/build]   | [INFO] Downloading from clojars.org: https://clojars.org/repo/com/jayway/jsonpath/json-path/0.8.1/json-path-0.8.1.jar
[305814c4-ddcc-4e23-a463-8469726ca882/build]   | [INFO] Downloading from clojars.org: https://clojars.org/repo/net/minidev/json-smart/1.1.1/json-smart-1.1.1.jar
[305814c4-ddcc-4e23-a463-8469726ca882/build]   | [INFO] Downloading from clojars.org: https://clojars.org/repo/commons-lang/commons-lang/2.6/commons-lang-2.6.jar
[305814c4-ddcc-4e23-a463-8469726ca882/build]   | [INFO] Downloading from clojars.org: https://clojars.org/repo/junit/junit/4.11/junit-4.11.jar
[305814c4-ddcc-4e23-a463-8469726ca882/build]   | [INFO] Downloading from clojars.org: https://clojars.org/repo/org/hamcrest/hamcrest-core/1.3/hamcrest-core-1.3.jar
[305814c4-ddcc-4e23-a463-8469726ca882/build]   | [INFO] Downloading from clojars.org: https://clojars.org/repo/org/python/jython/2.7-b1/jython-2.7-b1.jar
[305814c4-ddcc-4e23-a463-8469726ca882/build]   | [INFO] Downloading from clojars.org: https://clojars.org/repo/net/sf/opencsv/opencsv/2.3/opencsv-2.3.jar
[305814c4-ddcc-4e23-a463-8469726ca882/build]   | [INFO] Downloading from clojars.org: https://clojars.org/repo/org/clojars/processing-core/org.processing.core/1.5.1/org.processing.core-1.5.1.jar
[305814c4-ddcc-4e23-a463-8469726ca882/build]   | [INFO] Downloading from clojars.org: https://clojars.org/repo/ddf/minim/ddf.minim/2.2.0/ddf.minim-2.2.0.jar
[305814c4-ddcc-4e23-a463-8469726ca882/build]   | [INFO] Downloading from clojars.org: https://clojars.org/repo/org/clojars/automata/jl/1.0.0/jl-1.0.0.jar
[305814c4-ddcc-4e23-a463-8469726ca882/build]   | [INFO] Downloading from clojars.org: https://clojars.org/repo/org/clojars/automata/mp3spi/1.9.4/mp3spi-1.9.4.jar
[305814c4-ddcc-4e23-a463-8469726ca882/build]   | [INFO] Downloaded from clojars.org: https://clojars.org/repo/org/clojars/automata/jl/1.0.0/jl-1.0.0.jar (105 kB at 87 kB/s)
[305814c4-ddcc-4e23-a463-8469726ca882/build]   | [INFO] Downloading from clojars.org: https://clojars.org/repo/org/clojars/automata/tritonus-aos/1.0.0/tritonus-aos-1.0.0.jar
[305814c4-ddcc-4e23-a463-8469726ca882/build]   | [INFO] Downloaded from clojars.org: https://clojars.org/repo/org/clojars/automata/mp3spi/1.9.4/mp3spi-1.9.4.jar (25 kB at 20 kB/s)
[305814c4-ddcc-4e23-a463-8469726ca882/build]   | [INFO] Downloading from clojars.org: https://clojars.org/repo/org/clojars/automata/tritonus-share/1.0.0/tritonus-share-1.0.0.jar
[305814c4-ddcc-4e23-a463-8469726ca882/build]   | [INFO] Downloaded from clojars.org: https://clojars.org/repo/org/clojars/processing-core/org.processing.core/1.5.1/org.processing.core-1.5.1.jar (183 kB at 150 kB/s)
[305814c4-ddcc-4e23-a463-8469726ca882/build]   | [INFO] Downloading from clojars.org: https://clojars.org/repo/de/sojamo/oscp5/0.9.8/oscp5-0.9.8.jar
[305814c4-ddcc-4e23-a463-8469726ca882/build]   | [INFO] Downloaded from clojars.org: https://clojars.org/repo/ddf/minim/ddf.minim/2.2.0/ddf.minim-2.2.0.jar (594 kB at 485 kB/s)
[305814c4-ddcc-4e23-a463-8469726ca882/build]   | [INFO] Downloaded from clojars.org: https://clojars.org/repo/org/clojars/automata/tritonus-aos/1.0.0/tritonus-aos-1.0.0.jar (10 kB at 7.0 kB/s)
[305814c4-ddcc-4e23-a463-8469726ca882/build]   | [INFO] Downloaded from clojars.org: https://clojars.org/repo/de/sojamo/oscp5/0.9.8/oscp5-0.9.8.jar (73 kB at 49 kB/s)
[305814c4-ddcc-4e23-a463-8469726ca882/build]   | [INFO] Downloaded from clojars.org: https://clojars.org/repo/org/clojars/automata/tritonus-share/1.0.0/tritonus-share-1.0.0.jar (103 kB at 69 kB/s)
[305814c4-ddcc-4e23-a463-8469726ca882/build]   | [INFO] Downloading from central: https://repo.maven.apache.org/maven2/org/clojure/clojure/1.6.0/clojure-1.6.0.jar
[305814c4-ddcc-4e23-a463-8469726ca882/build]   | [INFO] Downloading from central: https://repo.maven.apache.org/maven2/com/google/guava/guava/18.0/guava-18.0.jar
[305814c4-ddcc-4e23-a463-8469726ca882/build]   | [INFO] Downloading from central: https://repo.maven.apache.org/maven2/org/apache/httpcomponents/httpclient/4.2.3/httpclient-4.2.3.jar
[305814c4-ddcc-4e23-a463-8469726ca882/build]   | [INFO] Downloading from central: https://repo.maven.apache.org/maven2/org/apache/httpcomponents/httpcore/4.2.2/httpcore-4.2.2.jar
[305814c4-ddcc-4e23-a463-8469726ca882/build]   | [INFO] Downloading from central: https://repo.maven.apache.org/maven2/commons-logging/commons-logging/1.1.1/commons-logging-1.1.1.jar
[305814c4-ddcc-4e23-a463-8469726ca882/build]   | [INFO] Downloaded from central: https://repo.maven.apache.org/maven2/commons-logging/commons-logging/1.1.1/commons-logging-1.1.1.jar (61 kB at 2.2 MB/s)
[305814c4-ddcc-4e23-a463-8469726ca882/build]   | [INFO] Downloading from central: https://repo.maven.apache.org/maven2/commons-codec/commons-codec/1.6/commons-codec-1.6.jar
[305814c4-ddcc-4e23-a463-8469726ca882/build]   | [INFO] Downloaded from central: https://repo.maven.apache.org/maven2/org/apache/httpcomponents/httpcore/4.2.2/httpcore-4.2.2.jar (224 kB at 6.6 MB/s)
[305814c4-ddcc-4e23-a463-8469726ca882/build]   | [INFO] Downloading from central: https://repo.maven.apache.org/maven2/com/itextpdf/itextpdf/5.5.0/itextpdf-5.5.0.jar
[305814c4-ddcc-4e23-a463-8469726ca882/build]   | [INFO] Downloaded from central: https://repo.maven.apache.org/maven2/commons-codec/commons-codec/1.6/commons-codec-1.6.jar (233 kB at 4.4 MB/s)
[305814c4-ddcc-4e23-a463-8469726ca882/build]   | [INFO] Downloading from central: https://repo.maven.apache.org/maven2/net/java/dev/jna/jna/4.1.0/jna-4.1.0.jar
[305814c4-ddcc-4e23-a463-8469726ca882/build]   | [INFO] Downloaded from central: https://repo.maven.apache.org/maven2/org/apache/httpcomponents/httpclient/4.2.3/httpclient-4.2.3.jar (433 kB at 7.7 MB/s)
[305814c4-ddcc-4e23-a463-8469726ca882/build]   | [INFO] Downloading from central: https://repo.maven.apache.org/maven2/com/jayway/jsonpath/json-path/0.8.1/json-path-0.8.1.jar
[305814c4-ddcc-4e23-a463-8469726ca882/build]   | [INFO] Downloaded from central: https://repo.maven.apache.org/maven2/com/jayway/jsonpath/json-path/0.8.1/json-path-0.8.1.jar (67 kB at 890 kB/s)
[305814c4-ddcc-4e23-a463-8469726ca882/build]   | [INFO] Downloading from central: https://repo.maven.apache.org/maven2/net/minidev/json-smart/1.1.1/json-smart-1.1.1.jar
[305814c4-ddcc-4e23-a463-8469726ca882/build]   | [INFO] Downloaded from central: https://repo.maven.apache.org/maven2/net/minidev/json-smart/1.1.1/json-smart-1.1.1.jar (51 kB at 578 kB/s)
[305814c4-ddcc-4e23-a463-8469726ca882/build]   | [INFO] Downloading from central: https://repo.maven.apache.org/maven2/commons-lang/commons-lang/2.6/commons-lang-2.6.jar
[305814c4-ddcc-4e23-a463-8469726ca882/build]   | [INFO] Downloaded from central: https://repo.maven.apache.org/maven2/net/java/dev/jna/jna/4.1.0/jna-4.1.0.jar (915 kB at 8.5 MB/s)
[305814c4-ddcc-4e23-a463-8469726ca882/build]   | [INFO] Downloading from central: https://repo.maven.apache.org/maven2/junit/junit/4.11/junit-4.11.jar
[305814c4-ddcc-4e23-a463-8469726ca882/build]   | [INFO] Downloaded from central: https://repo.maven.apache.org/maven2/com/google/guava/guava/18.0/guava-18.0.jar (2.3 MB at 20 MB/s)
[305814c4-ddcc-4e23-a463-8469726ca882/build]   | [INFO] Downloading from central: https://repo.maven.apache.org/maven2/org/hamcrest/hamcrest-core/1.3/hamcrest-core-1.3.jar
[305814c4-ddcc-4e23-a463-8469726ca882/build]   | [INFO] Downloaded from central: https://repo.maven.apache.org/maven2/commons-lang/commons-lang/2.6/commons-lang-2.6.jar (284 kB at 2.5 MB/s)
[305814c4-ddcc-4e23-a463-8469726ca882/build]   | [INFO] Downloading from central: https://repo.maven.apache.org/maven2/org/python/jython/2.7-b1/jython-2.7-b1.jar
[305814c4-ddcc-4e23-a463-8469726ca882/build]   | [INFO] Downloaded from central: https://repo.maven.apache.org/maven2/com/itextpdf/itextpdf/5.5.0/itextpdf-5.5.0.jar (2.1 MB at 17 MB/s)
[305814c4-ddcc-4e23-a463-8469726ca882/build]   | [INFO] Downloading from central: https://repo.maven.apache.org/maven2/net/sf/opencsv/opencsv/2.3/opencsv-2.3.jar
[305814c4-ddcc-4e23-a463-8469726ca882/build]   | [INFO] Downloaded from central: https://repo.maven.apache.org/maven2/junit/junit/4.11/junit-4.11.jar (245 kB at 2.0 MB/s)
[305814c4-ddcc-4e23-a463-8469726ca882/build]   | [INFO] Downloaded from central: https://repo.maven.apache.org/maven2/org/hamcrest/hamcrest-core/1.3/hamcrest-core-1.3.jar (45 kB at 355 kB/s)
[305814c4-ddcc-4e23-a463-8469726ca882/build]   | [INFO] Downloaded from central: https://repo.maven.apache.org/maven2/net/sf/opencsv/opencsv/2.3/opencsv-2.3.jar (20 kB at 154 kB/s)
[305814c4-ddcc-4e23-a463-8469726ca882/build]   | [INFO] Downloaded from central: https://repo.maven.apache.org/maven2/org/clojure/clojure/1.6.0/clojure-1.6.0.jar (3.7 MB at 11 MB/s)
[305814c4-ddcc-4e23-a463-8469726ca882/build]   | [INFO] Downloaded from central: https://repo.maven.apache.org/maven2/org/python/jython/2.7-b1/jython-2.7-b1.jar (11 MB at 25 MB/s)
[305814c4-ddcc-4e23-a463-8469726ca882/build]   | [INFO] 
[305814c4-ddcc-4e23-a463-8469726ca882/build]   | [INFO] --- maven-resources-plugin:2.6:resources (default-resources) @ nodebox ---
[305814c4-ddcc-4e23-a463-8469726ca882/build]   | [INFO] Downloading from central: https://repo.maven.apache.org/maven2/org/apache/maven/maven-plugin-api/2.0.6/maven-plugin-api-2.0.6.pom
[305814c4-ddcc-4e23-a463-8469726ca882/build]   | [INFO] Downloaded from central: https://repo.maven.apache.org/maven2/org/apache/maven/maven-plugin-api/2.0.6/maven-plugin-api-2.0.6.pom (1.5 kB at 77 kB/s)
[305814c4-ddcc-4e23-a463-8469726ca882/build]   | [INFO] Downloading from central: https://repo.maven.apache.org/maven2/org/apache/maven/maven/2.0.6/maven-2.0.6.pom
[305814c4-ddcc-4e23-a463-8469726ca882/build]   | [INFO] Downloaded from central: https://repo.maven.apache.org/maven2/org/apache/maven/maven/2.0.6/maven-2.0.6.pom (9.0 kB at 7.6 kB/s)
[305814c4-ddcc-4e23-a463-8469726ca882/build]   | [INFO] Downloading from central: https://repo.maven.apache.org/maven2/org/apache/maven/maven-parent/5/maven-parent-5.pom
[305814c4-ddcc-4e23-a463-8469726ca882/build]   | [INFO] Downloaded from central: https://repo.maven.apache.org/maven2/org/apache/maven/maven-parent/5/maven-parent-5.pom (15 kB at 282 kB/s)
[305814c4-ddcc-4e23-a463-8469726ca882/build]   | [INFO] Downloading from central: https://repo.maven.apache.org/maven2/org/apache/apache/3/apache-3.pom
[305814c4-ddcc-4e23-a463-8469726ca882/build]   | [INFO] Downloaded from central: https://repo.maven.apache.org/maven2/org/apache/apache/3/apache-3.pom (3.4 kB at 69 kB/s)
[305814c4-ddcc-4e23-a463-8469726ca882/build]   | [INFO] Downloading from central: https://repo.maven.apache.org/maven2/org/apache/maven/maven-project/2.0.6/maven-project-2.0.6.pom
[305814c4-ddcc-4e23-a463-8469726ca882/build]   | [INFO] Downloaded from central: https://repo.maven.apache.org/maven2/org/apache/maven/maven-project/2.0.6/maven-project-2.0.6.pom (2.6 kB at 73 kB/s)
[305814c4-ddcc-4e23-a463-8469726ca882/build]   | [INFO] Downloading from central: https://repo.maven.apache.org/maven2/org/apache/maven/maven-settings/2.0.6/maven-settings-2.0.6.pom
[305814c4-ddcc-4e23-a463-8469726ca882/build]   | [INFO] Downloaded from central: https://repo.maven.apache.org/maven2/org/apache/maven/maven-settings/2.0.6/maven-settings-2.0.6.pom (2.0 kB at 37 kB/s)
[305814c4-ddcc-4e23-a463-8469726ca882/build]   | [INFO] Downloading from central: https://repo.maven.apache.org/maven2/org/apache/maven/maven-model/2.0.6/maven-model-2.0.6.pom
[305814c4-ddcc-4e23-a463-8469726ca882/build]   | [INFO] Downloaded from central: https://repo.maven.apache.org/maven2/org/apache/maven/maven-model/2.0.6/maven-model-2.0.6.pom (3.0 kB at 117 kB/s)
[305814c4-ddcc-4e23-a463-8469726ca882/build]   | [INFO] Downloading from central: https://repo.maven.apache.org/maven2/org/codehaus/plexus/plexus-utils/1.4.1/plexus-utils-1.4.1.pom
[305814c4-ddcc-4e23-a463-8469726ca882/build]   | [INFO] Downloaded from central: https://repo.maven.apache.org/maven2/org/codehaus/plexus/plexus-utils/1.4.1/plexus-utils-1.4.1.pom (1.9 kB at 87 kB/s)
[305814c4-ddcc-4e23-a463-8469726ca882/build]   | [INFO] Downloading from central: https://repo.maven.apache.org/maven2/org/codehaus/plexus/plexus/1.0.11/plexus-1.0.11.pom
[305814c4-ddcc-4e23-a463-8469726ca882/build]   | [INFO] Downloaded from central: https://repo.maven.apache.org/maven2/org/codehaus/plexus/plexus/1.0.11/plexus-1.0.11.pom (9.0 kB at 191 kB/s)
[305814c4-ddcc-4e23-a463-8469726ca882/build]   | [INFO] Downloading from central: https://repo.maven.apache.org/maven2/org/codehaus/plexus/plexus-container-default/1.0-alpha-9-stable-1/plexus-container-default-1.0-alpha-9-stable-1.pom
[305814c4-ddcc-4e23-a463-8469726ca882/build]   | [INFO] Downloaded from central: https://repo.maven.apache.org/maven2/org/codehaus/plexus/plexus-container-default/1.0-alpha-9-stable-1/plexus-container-default-1.0-alpha-9-stable-1.pom (3.9 kB at 13 kB/s)
[305814c4-ddcc-4e23-a463-8469726ca882/build]   | [INFO] Downloading from central: https://repo.maven.apache.org/maven2/org/codehaus/plexus/plexus-containers/1.0.3/plexus-containers-1.0.3.pom
[305814c4-ddcc-4e23-a463-8469726ca882/build]   | [INFO] Downloaded from central: https://repo.maven.apache.org/maven2/org/codehaus/plexus/plexus-containers/1.0.3/plexus-containers-1.0.3.pom (492 B at 22 kB/s)
[305814c4-ddcc-4e23-a463-8469726ca882/build]   | [INFO] Downloading from central: https://repo.maven.apache.org/maven2/org/codehaus/plexus/plexus/1.0.4/plexus-1.0.4.pom
[305814c4-ddcc-4e23-a463-8469726ca882/build]   | [INFO] Downloaded from central: https://repo.maven.apache.org/maven2/org/codehaus/plexus/plexus/1.0.4/plexus-1.0.4.pom (5.7 kB at 7.2 kB/s)
[305814c4-ddcc-4e23-a463-8469726ca882/build]   | [INFO] Downloading from central: https://repo.maven.apache.org/maven2/junit/junit/3.8.1/junit-3.8.1.pom
[305814c4-ddcc-4e23-a463-8469726ca882/build]   | [INFO] Downloaded from central: https://repo.maven.apache.org/maven2/junit/junit/3.8.1/junit-3.8.1.pom (998 B at 33 kB/s)
[305814c4-ddcc-4e23-a463-8469726ca882/build]   | [INFO] Downloading from central: https://repo.maven.apache.org/maven2/org/codehaus/plexus/plexus-utils/1.0.4/plexus-utils-1.0.4.pom
[305814c4-ddcc-4e23-a463-8469726ca882/build]   | [INFO] Downloaded from central: https://repo.maven.apache.org/maven2/org/codehaus/plexus/plexus-utils/1.0.4/plexus-utils-1.0.4.pom (6.9 kB at 129 kB/s)
[305814c4-ddcc-4e23-a463-8469726ca882/build]   | [INFO] Downloading from central: https://repo.maven.apache.org/maven2/classworlds/classworlds/1.1-alpha-2/classworlds-1.1-alpha-2.pom
[305814c4-ddcc-4e23-a463-8469726ca882/build]   | [INFO] Downloaded from central: https://repo.maven.apache.org/maven2/classworlds/classworlds/1.1-alpha-2/classworlds-1.1-alpha-2.pom (3.1 kB at 5.6 kB/s)
[305814c4-ddcc-4e23-a463-8469726ca882/build]   | [INFO] Downloading from central: https://repo.maven.apache.org/maven2/org/apache/maven/maven-profile/2.0.6/maven-profile-2.0.6.pom
[305814c4-ddcc-4e23-a463-8469726ca882/build]   | [INFO] Downloaded from central: https://repo.maven.apache.org/maven2/org/apache/maven/maven-profile/2.0.6/maven-profile-2.0.6.pom (2.0 kB at 62 kB/s)
[305814c4-ddcc-4e23-a463-8469726ca882/build]   | [INFO] Downloading from central: https://repo.maven.apache.org/maven2/org/apache/maven/maven-artifact-manager/2.0.6/maven-artifact-manager-2.0.6.pom
[305814c4-ddcc-4e23-a463-8469726ca882/build]   | [INFO] Downloaded from central: https://repo.maven.apache.org/maven2/org/apache/maven/maven-artifact-manager/2.0.6/maven-artifact-manager-2.0.6.pom (2.6 kB at 82 kB/s)
[305814c4-ddcc-4e23-a463-8469726ca882/build]   | [INFO] Downloading from central: https://repo.maven.apache.org/maven2/org/apache/maven/maven-repository-metadata/2.0.6/maven-repository-metadata-2.0.6.pom
[305814c4-ddcc-4e23-a463-8469726ca882/build]   | [INFO] Downloaded from central: https://repo.maven.apache.org/maven2/org/apache/maven/maven-repository-metadata/2.0.6/maven-repository-metadata-2.0.6.pom (1.9 kB at 103 kB/s)
[305814c4-ddcc-4e23-a463-8469726ca882/build]   | [INFO] Downloading from central: https://repo.maven.apache.org/maven2/org/apache/maven/maven-artifact/2.0.6/maven-artifact-2.0.6.pom
[305814c4-ddcc-4e23-a463-8469726ca882/build]   | [INFO] Downloaded from central: https://repo.maven.apache.org/maven2/org/apache/maven/maven-artifact/2.0.6/maven-artifact-2.0.6.pom (1.6 kB at 5.4 kB/s)
[305814c4-ddcc-4e23-a463-8469726ca882/build]   | [INFO] Downloading from central: https://repo.maven.apache.org/maven2/org/apache/maven/maven-plugin-registry/2.0.6/maven-plugin-registry-2.0.6.pom
[305814c4-ddcc-4e23-a463-8469726ca882/build]   | [INFO] Downloaded from central: https://repo.maven.apache.org/maven2/org/apache/maven/maven-plugin-registry/2.0.6/maven-plugin-registry-2.0.6.pom (1.9 kB at 2.9 kB/s)
[305814c4-ddcc-4e23-a463-8469726ca882/build]   | [INFO] Downloading from central: https://repo.maven.apache.org/maven2/org/apache/maven/maven-core/2.0.6/maven-core-2.0.6.pom
[305814c4-ddcc-4e23-a463-8469726ca882/build]   | [INFO] Downloaded from central: https://repo.maven.apache.org/maven2/org/apache/maven/maven-core/2.0.6/maven-core-2.0.6.pom (6.7 kB at 26 kB/s)
[305814c4-ddcc-4e23-a463-8469726ca882/build]   | [INFO] Downloading from central: https://repo.maven.apache.org/maven2/org/apache/maven/maven-plugin-parameter-documenter/2.0.6/maven-plugin-parameter-documenter-2.0.6.pom
[305814c4-ddcc-4e23-a463-8469726ca882/build]   | [INFO] Downloaded from central: https://repo.maven.apache.org/maven2/org/apache/maven/maven-plugin-parameter-documenter/2.0.6/maven-plugin-parameter-documenter-2.0.6.pom (1.9 kB at 136 kB/s)
[305814c4-ddcc-4e23-a463-8469726ca882/build]   | [INFO] Downloading from central: https://repo.maven.apache.org/maven2/org/apache/maven/reporting/maven-reporting-api/2.0.6/maven-reporting-api-2.0.6.pom
[305814c4-ddcc-4e23-a463-8469726ca882/build]   | [INFO] Downloaded from central: https://repo.maven.apache.org/maven2/org/apache/maven/reporting/maven-reporting-api/2.0.6/maven-reporting-api-2.0.6.pom (1.8 kB at 97 kB/s)
[305814c4-ddcc-4e23-a463-8469726ca882/build]   | [INFO] Downloading from central: https://repo.maven.apache.org/maven2/org/apache/maven/reporting/maven-reporting/2.0.6/maven-reporting-2.0.6.pom
[305814c4-ddcc-4e23-a463-8469726ca882/build]   | [INFO] Downloaded from central: https://repo.maven.apache.org/maven2/org/apache/maven/reporting/maven-reporting/2.0.6/maven-reporting-2.0.6.pom (1.4 kB at 76 kB/s)
[305814c4-ddcc-4e23-a463-8469726ca882/build]   | [INFO] Downloading from central: https://repo.maven.apache.org/maven2/org/apache/maven/doxia/doxia-sink-api/1.0-alpha-7/doxia-sink-api-1.0-alpha-7.pom
[305814c4-ddcc-4e23-a463-8469726ca882/build]   | [INFO] Downloaded from central: https://repo.maven.apache.org/maven2/org/apache/maven/doxia/doxia-sink-api/1.0-alpha-7/doxia-sink-api-1.0-alpha-7.pom (424 B at 18 kB/s)
[305814c4-ddcc-4e23-a463-8469726ca882/build]   | [INFO] Downloading from central: https://repo.maven.apache.org/maven2/org/apache/maven/doxia/doxia/1.0-alpha-7/doxia-1.0-alpha-7.pom
[305814c4-ddcc-4e23-a463-8469726ca882/build]   | [INFO] Downloaded from central: https://repo.maven.apache.org/maven2/org/apache/maven/doxia/doxia/1.0-alpha-7/doxia-1.0-alpha-7.pom (3.9 kB at 122 kB/s)
[305814c4-ddcc-4e23-a463-8469726ca882/build]   | [INFO] Downloading from central: https://repo.maven.apache.org/maven2/org/apache/maven/maven-error-diagnostics/2.0.6/maven-error-diagnostics-2.0.6.pom
[305814c4-ddcc-4e23-a463-8469726ca882/build]   | [INFO] Downloaded from central: https://repo.maven.apache.org/maven2/org/apache/maven/maven-error-diagnostics/2.0.6/maven-error-diagnostics-2.0.6.pom (1.7 kB at 29 kB/s)
[305814c4-ddcc-4e23-a463-8469726ca882/build]   | [INFO] Downloading from central: https://repo.maven.apache.org/maven2/commons-cli/commons-cli/1.0/commons-cli-1.0.pom
[305814c4-ddcc-4e23-a463-8469726ca882/build]   | [INFO] Downloaded from central: https://repo.maven.apache.org/maven2/commons-cli/commons-cli/1.0/commons-cli-1.0.pom (2.1 kB at 33 kB/s)
[305814c4-ddcc-4e23-a463-8469726ca882/build]   | [INFO] Downloading from central: https://repo.maven.apache.org/maven2/org/apache/maven/maven-plugin-descriptor/2.0.6/maven-plugin-descriptor-2.0.6.pom
[305814c4-ddcc-4e23-a463-8469726ca882/build]   | [INFO] Downloaded from central: https://repo.maven.apache.org/maven2/org/apache/maven/maven-plugin-descriptor/2.0.6/maven-plugin-descriptor-2.0.6.pom (2.0 kB at 32 kB/s)
[305814c4-ddcc-4e23-a463-8469726ca882/build]   | [INFO] Downloading from central: https://repo.maven.apache.org/maven2/org/codehaus/plexus/plexus-interactivity-api/1.0-alpha-4/plexus-interactivity-api-1.0-alpha-4.pom
[305814c4-ddcc-4e23-a463-8469726ca882/build]   | [INFO] Downloaded from central: https://repo.maven.apache.org/maven2/org/codehaus/plexus/plexus-interactivity-api/1.0-alpha-4/plexus-interactivity-api-1.0-alpha-4.pom (7.1 kB at 197 kB/s)
[305814c4-ddcc-4e23-a463-8469726ca882/build]   | [INFO] Downloading from central: https://repo.maven.apache.org/maven2/org/apache/maven/maven-monitor/2.0.6/maven-monitor-2.0.6.pom
[305814c4-ddcc-4e23-a463-8469726ca882/build]   | [INFO] Downloaded from central: https://repo.maven.apache.org/maven2/org/apache/maven/maven-monitor/2.0.6/maven-monitor-2.0.6.pom (1.3 kB at 18 kB/s)
[305814c4-ddcc-4e23-a463-8469726ca882/build]   | [INFO] Downloading from central: https://repo.maven.apache.org/maven2/classworlds/classworlds/1.1/classworlds-1.1.pom
[305814c4-ddcc-4e23-a463-8469726ca882/build]   | [INFO] Downloaded from central: https://repo.maven.apache.org/maven2/classworlds/classworlds/1.1/classworlds-1.1.pom (3.3 kB at 72 kB/s)
[305814c4-ddcc-4e23-a463-8469726ca882/build]   | [INFO] Downloading from central: https://repo.maven.apache.org/maven2/org/codehaus/plexus/plexus-utils/2.0.5/plexus-utils-2.0.5.pom
[305814c4-ddcc-4e23-a463-8469726ca882/build]   | [INFO] Downloaded from central: https://repo.maven.apache.org/maven2/org/codehaus/plexus/plexus-utils/2.0.5/plexus-utils-2.0.5.pom (3.3 kB at 11 kB/s)
[305814c4-ddcc-4e23-a463-8469726ca882/build]   | [INFO] Downloading from central: https://repo.maven.apache.org/maven2/org/codehaus/plexus/plexus/2.0.6/plexus-2.0.6.pom
[305814c4-ddcc-4e23-a463-8469726ca882/build]   | [INFO] Downloaded from central: https://repo.maven.apache.org/maven2/org/codehaus/plexus/plexus/2.0.6/plexus-2.0.6.pom (17 kB at 27 kB/s)
[305814c4-ddcc-4e23-a463-8469726ca882/build]   | [INFO] Downloading from central: https://repo.maven.apache.org/maven2/org/apache/maven/shared/maven-filtering/1.1/maven-filtering-1.1.pom
[305814c4-ddcc-4e23-a463-8469726ca882/build]   | [INFO] Downloaded from central: https://repo.maven.apache.org/maven2/org/apache/maven/shared/maven-filtering/1.1/maven-filtering-1.1.pom (5.8 kB at 49 kB/s)
[305814c4-ddcc-4e23-a463-8469726ca882/build]   | [INFO] Downloading from central: https://repo.maven.apache.org/maven2/org/apache/maven/shared/maven-shared-components/17/maven-shared-components-17.pom
[305814c4-ddcc-4e23-a463-8469726ca882/build]   | [INFO] Downloaded from central: https://repo.maven.apache.org/maven2/org/apache/maven/shared/maven-shared-components/17/maven-shared-components-17.pom (8.7 kB at 74 kB/s)
[305814c4-ddcc-4e23-a463-8469726ca882/build]   | [INFO] Downloading from central: https://repo.maven.apache.org/maven2/org/codehaus/plexus/plexus-utils/1.5.15/plexus-utils-1.5.15.pom
[305814c4-ddcc-4e23-a463-8469726ca882/build]   | [INFO] Downloaded from central: https://repo.maven.apache.org/maven2/org/codehaus/plexus/plexus-utils/1.5.15/plexus-utils-1.5.15.pom (6.8 kB at 4.3 kB/s)
[305814c4-ddcc-4e23-a463-8469726ca882/build]   | [INFO] Downloading from central: https://repo.maven.apache.org/maven2/org/codehaus/plexus/plexus/2.0.2/plexus-2.0.2.pom
[305814c4-ddcc-4e23-a463-8469726ca882/build]   | [INFO] Downloaded from central: https://repo.maven.apache.org/maven2/org/codehaus/plexus/plexus/2.0.2/plexus-2.0.2.pom (12 kB at 39 kB/s)
[305814c4-ddcc-4e23-a463-8469726ca882/build]   | [INFO] Downloading from central: https://repo.maven.apache.org/maven2/org/codehaus/plexus/plexus-interpolation/1.12/plexus-interpolation-1.12.pom
[305814c4-ddcc-4e23-a463-8469726ca882/build]   | [INFO] Downloaded from central: https://repo.maven.apache.org/maven2/org/codehaus/plexus/plexus-interpolation/1.12/plexus-interpolation-1.12.pom (889 B at 28 kB/s)
[305814c4-ddcc-4e23-a463-8469726ca882/build]   | [INFO] Downloading from central: https://repo.maven.apache.org/maven2/org/codehaus/plexus/plexus-components/1.1.14/plexus-components-1.1.14.pom
[305814c4-ddcc-4e23-a463-8469726ca882/build]   | [INFO] Downloaded from central: https://repo.maven.apache.org/maven2/org/codehaus/plexus/plexus-components/1.1.14/plexus-components-1.1.14.pom (5.8 kB at 55 kB/s)
[305814c4-ddcc-4e23-a463-8469726ca882/build]   | [INFO] Downloading from central: https://repo.maven.apache.org/maven2/org/sonatype/plexus/plexus-build-api/0.0.4/plexus-build-api-0.0.4.pom
[305814c4-ddcc-4e23-a463-8469726ca882/build]   | [INFO] Downloaded from central: https://repo.maven.apache.org/maven2/org/sonatype/plexus/plexus-build-api/0.0.4/plexus-build-api-0.0.4.pom (2.9 kB at 40 kB/s)
[305814c4-ddcc-4e23-a463-8469726ca882/build]   | [INFO] Downloading from central: https://repo.maven.apache.org/maven2/org/sonatype/spice/spice-parent/10/spice-parent-10.pom
[305814c4-ddcc-4e23-a463-8469726ca882/build]   | [INFO] Downloaded from central: https://repo.maven.apache.org/maven2/org/sonatype/spice/spice-parent/10/spice-parent-10.pom (3.0 kB at 10 kB/s)
[305814c4-ddcc-4e23-a463-8469726ca882/build]   | [INFO] Downloading from central: https://repo.maven.apache.org/maven2/org/sonatype/forge/forge-parent/3/forge-parent-3.pom
[305814c4-ddcc-4e23-a463-8469726ca882/build]   | [INFO] Downloaded from central: https://repo.maven.apache.org/maven2/org/sonatype/forge/forge-parent/3/forge-parent-3.pom (5.0 kB at 71 kB/s)
[305814c4-ddcc-4e23-a463-8469726ca882/build]   | [INFO] Downloading from central: https://repo.maven.apache.org/maven2/org/codehaus/plexus/plexus-utils/1.5.8/plexus-utils-1.5.8.pom
[305814c4-ddcc-4e23-a463-8469726ca882/build]   | [INFO] Downloaded from central: https://repo.maven.apache.org/maven2/org/codehaus/plexus/plexus-utils/1.5.8/plexus-utils-1.5.8.pom (8.1 kB at 23 kB/s)
[305814c4-ddcc-4e23-a463-8469726ca882/build]   | [INFO] Downloading from central: https://repo.maven.apache.org/maven2/org/codehaus/plexus/plexus-interpolation/1.13/plexus-interpolation-1.13.pom
[305814c4-ddcc-4e23-a463-8469726ca882/build]   | [INFO] Downloaded from central: https://repo.maven.apache.org/maven2/org/codehaus/plexus/plexus-interpolation/1.13/plexus-interpolation-1.13.pom (890 B at 3.1 kB/s)
[305814c4-ddcc-4e23-a463-8469726ca882/build]   | [INFO] Downloading from central: https://repo.maven.apache.org/maven2/org/codehaus/plexus/plexus-components/1.1.15/plexus-components-1.1.15.pom
[305814c4-ddcc-4e23-a463-8469726ca882/build]   | [INFO] Downloaded from central: https://repo.maven.apache.org/maven2/org/codehaus/plexus/plexus-components/1.1.15/plexus-components-1.1.15.pom (2.8 kB at 89 kB/s)
[305814c4-ddcc-4e23-a463-8469726ca882/build]   | [INFO] Downloading from central: https://repo.maven.apache.org/maven2/org/codehaus/plexus/plexus/2.0.3/plexus-2.0.3.pom
[305814c4-ddcc-4e23-a463-8469726ca882/build]   | [INFO] Downloaded from central: https://repo.maven.apache.org/maven2/org/codehaus/plexus/plexus/2.0.3/plexus-2.0.3.pom (15 kB at 54 kB/s)
[305814c4-ddcc-4e23-a463-8469726ca882/build]   | [INFO] Downloading from central: https://repo.maven.apache.org/maven2/org/apache/maven/maven-plugin-api/2.0.6/maven-plugin-api-2.0.6.jar
[305814c4-ddcc-4e23-a463-8469726ca882/build]   | [INFO] Downloading from central: https://repo.maven.apache.org/maven2/org/apache/maven/maven-project/2.0.6/maven-project-2.0.6.jar
[305814c4-ddcc-4e23-a463-8469726ca882/build]   | [INFO] Downloading from central: https://repo.maven.apache.org/maven2/org/apache/maven/maven-profile/2.0.6/maven-profile-2.0.6.jar
[305814c4-ddcc-4e23-a463-8469726ca882/build]   | [INFO] Downloading from central: https://repo.maven.apache.org/maven2/org/apache/maven/maven-artifact-manager/2.0.6/maven-artifact-manager-2.0.6.jar
[305814c4-ddcc-4e23-a463-8469726ca882/build]   | [INFO] Downloading from central: https://repo.maven.apache.org/maven2/org/apache/maven/maven-plugin-registry/2.0.6/maven-plugin-registry-2.0.6.jar
[305814c4-ddcc-4e23-a463-8469726ca882/build]   | [INFO] Downloaded from central: https://repo.maven.apache.org/maven2/org/apache/maven/maven-plugin-registry/2.0.6/maven-plugin-registry-2.0.6.jar (29 kB at 1.3 MB/s)
[305814c4-ddcc-4e23-a463-8469726ca882/build]   | [INFO] Downloading from central: https://repo.maven.apache.org/maven2/org/apache/maven/maven-core/2.0.6/maven-core-2.0.6.jar
[305814c4-ddcc-4e23-a463-8469726ca882/build]   | [INFO] Downloaded from central: https://repo.maven.apache.org/maven2/org/apache/maven/maven-profile/2.0.6/maven-profile-2.0.6.jar (35 kB at 1.4 MB/s)
[305814c4-ddcc-4e23-a463-8469726ca882/build]   | [INFO] Downloaded from central: https://repo.maven.apache.org/maven2/org/apache/maven/maven-artifact-manager/2.0.6/maven-artifact-manager-2.0.6.jar (57 kB at 2.3 MB/s)
[305814c4-ddcc-4e23-a463-8469726ca882/build]   | [INFO] Downloading from central: https://repo.maven.apache.org/maven2/org/apache/maven/maven-plugin-parameter-documenter/2.0.6/maven-plugin-parameter-documenter-2.0.6.jar
[305814c4-ddcc-4e23-a463-8469726ca882/build]   | [INFO] Downloading from central: https://repo.maven.apache.org/maven2/org/apache/maven/reporting/maven-reporting-api/2.0.6/maven-reporting-api-2.0.6.jar
[305814c4-ddcc-4e23-a463-8469726ca882/build]   | [INFO] Downloaded from central: https://repo.maven.apache.org/maven2/org/apache/maven/maven-plugin-parameter-documenter/2.0.6/maven-plugin-parameter-documenter-2.0.6.jar (21 kB at 561 kB/s)
[305814c4-ddcc-4e23-a463-8469726ca882/build]   | [INFO] Downloading from central: https://repo.maven.apache.org/maven2/org/apache/maven/doxia/doxia-sink-api/1.0-alpha-7/doxia-sink-api-1.0-alpha-7.jar
[305814c4-ddcc-4e23-a463-8469726ca882/build]   | [INFO] Downloaded from central: https://repo.maven.apache.org/maven2/org/apache/maven/doxia/doxia-sink-api/1.0-alpha-7/doxia-sink-api-1.0-alpha-7.jar (5.9 kB at 114 kB/s)
[305814c4-ddcc-4e23-a463-8469726ca882/build]   | [INFO] Downloading from central: https://repo.maven.apache.org/maven2/org/apache/maven/maven-repository-metadata/2.0.6/maven-repository-metadata-2.0.6.jar
[305814c4-ddcc-4e23-a463-8469726ca882/build]   | [INFO] Downloaded from central: https://repo.maven.apache.org/maven2/org/apache/maven/maven-plugin-api/2.0.6/maven-plugin-api-2.0.6.jar (13 kB at 120 kB/s)
[305814c4-ddcc-4e23-a463-8469726ca882/build]   | [INFO] Downloading from central: https://repo.maven.apache.org/maven2/org/apache/maven/maven-error-diagnostics/2.0.6/maven-error-diagnostics-2.0.6.jar
[305814c4-ddcc-4e23-a463-8469726ca882/build]   | [INFO] Downloaded from central: https://repo.maven.apache.org/maven2/org/apache/maven/maven-repository-metadata/2.0.6/maven-repository-metadata-2.0.6.jar (24 kB at 168 kB/s)
[305814c4-ddcc-4e23-a463-8469726ca882/build]   | [INFO] Downloading from central: https://repo.maven.apache.org/maven2/commons-cli/commons-cli/1.0/commons-cli-1.0.jar
[305814c4-ddcc-4e23-a463-8469726ca882/build]   | [INFO] Downloaded from central: https://repo.maven.apache.org/maven2/commons-cli/commons-cli/1.0/commons-cli-1.0.jar (30 kB at 154 kB/s)
[305814c4-ddcc-4e23-a463-8469726ca882/build]   | [INFO] Downloading from central: https://repo.maven.apache.org/maven2/org/apache/maven/maven-plugin-descriptor/2.0.6/maven-plugin-descriptor-2.0.6.jar
[305814c4-ddcc-4e23-a463-8469726ca882/build]   | [INFO] Downloaded from central: https://repo.maven.apache.org/maven2/org/apache/maven/maven-project/2.0.6/maven-project-2.0.6.jar (116 kB at 497 kB/s)
[305814c4-ddcc-4e23-a463-8469726ca882/build]   | [INFO] Downloading from central: https://repo.maven.apache.org/maven2/org/codehaus/plexus/plexus-interactivity-api/1.0-alpha-4/plexus-interactivity-api-1.0-alpha-4.jar
[305814c4-ddcc-4e23-a463-8469726ca882/build]   | [INFO] Downloaded from central: https://repo.maven.apache.org/maven2/org/apache/maven/reporting/maven-reporting-api/2.0.6/maven-reporting-api-2.0.6.jar (9.9 kB at 37 kB/s)
[305814c4-ddcc-4e23-a463-8469726ca882/build]   | [INFO] Downloading from central: https://repo.maven.apache.org/maven2/classworlds/classworlds/1.1/classworlds-1.1.jar
[305814c4-ddcc-4e23-a463-8469726ca882/build]   | [INFO] Downloaded from central: https://repo.maven.apache.org/maven2/org/apache/maven/maven-plugin-descriptor/2.0.6/maven-plugin-descriptor-2.0.6.jar (37 kB at 129 kB/s)
[305814c4-ddcc-4e23-a463-8469726ca882/build]   | [INFO] Downloading from central: https://repo.maven.apache.org/maven2/org/apache/maven/maven-artifact/2.0.6/maven-artifact-2.0.6.jar
[305814c4-ddcc-4e23-a463-8469726ca882/build]   | [INFO] Downloaded from central: https://repo.maven.apache.org/maven2/classworlds/classworlds/1.1/classworlds-1.1.jar (38 kB at 127 kB/s)
[305814c4-ddcc-4e23-a463-8469726ca882/build]   | [INFO] Downloading from central: https://repo.maven.apache.org/maven2/org/apache/maven/maven-settings/2.0.6/maven-settings-2.0.6.jar
[305814c4-ddcc-4e23-a463-8469726ca882/build]   | [INFO] Downloaded from central: https://repo.maven.apache.org/maven2/org/apache/maven/maven-settings/2.0.6/maven-settings-2.0.6.jar (49 kB at 152 kB/s)
[305814c4-ddcc-4e23-a463-8469726ca882/build]   | [INFO] Downloading from central: https://repo.maven.apache.org/maven2/org/apache/maven/maven-model/2.0.6/maven-model-2.0.6.jar
[305814c4-ddcc-4e23-a463-8469726ca882/build]   | [INFO] Downloaded from central: https://repo.maven.apache.org/maven2/org/codehaus/plexus/plexus-interactivity-api/1.0-alpha-4/plexus-interactivity-api-1.0-alpha-4.jar (13 kB at 18 kB/s)
[305814c4-ddcc-4e23-a463-8469726ca882/build]   | [INFO] Downloading from central: https://repo.maven.apache.org/maven2/org/apache/maven/maven-monitor/2.0.6/maven-monitor-2.0.6.jar
[305814c4-ddcc-4e23-a463-8469726ca882/build]   | [INFO] Downloaded from central: https://repo.maven.apache.org/maven2/org/apache/maven/maven-error-diagnostics/2.0.6/maven-error-diagnostics-2.0.6.jar (14 kB at 18 kB/s)
[305814c4-ddcc-4e23-a463-8469726ca882/build]   | [INFO] Downloading from central: https://repo.maven.apache.org/maven2/org/codehaus/plexus/plexus-container-default/1.0-alpha-9-stable-1/plexus-container-default-1.0-alpha-9-stable-1.jar
[305814c4-ddcc-4e23-a463-8469726ca882/build]   | [INFO] Downloaded from central: https://repo.maven.apache.org/maven2/org/apache/maven/maven-monitor/2.0.6/maven-monitor-2.0.6.jar (10 kB at 12 kB/s)
[305814c4-ddcc-4e23-a463-8469726ca882/build]   | [INFO] Downloading from central: https://repo.maven.apache.org/maven2/junit/junit/3.8.1/junit-3.8.1.jar
[305814c4-ddcc-4e23-a463-8469726ca882/build]   | [INFO] Downloaded from central: https://repo.maven.apache.org/maven2/org/apache/maven/maven-artifact/2.0.6/maven-artifact-2.0.6.jar (87 kB at 91 kB/s)
[305814c4-ddcc-4e23-a463-8469726ca882/build]   | [INFO] Downloading from central: https://repo.maven.apache.org/maven2/org/codehaus/plexus/plexus-utils/2.0.5/plexus-utils-2.0.5.jar
[305814c4-ddcc-4e23-a463-8469726ca882/build]   | [INFO] Downloaded from central: https://repo.maven.apache.org/maven2/junit/junit/3.8.1/junit-3.8.1.jar (121 kB at 78 kB/s)
[305814c4-ddcc-4e23-a463-8469726ca882/build]   | [INFO] Downloading from central: https://repo.maven.apache.org/maven2/org/apache/maven/shared/maven-filtering/1.1/maven-filtering-1.1.jar
[305814c4-ddcc-4e23-a463-8469726ca882/build]   | [INFO] Downloaded from central: https://repo.maven.apache.org/maven2/org/codehaus/plexus/plexus-container-default/1.0-alpha-9-stable-1/plexus-container-default-1.0-alpha-9-stable-1.jar (194 kB at 107 kB/s)
[305814c4-ddcc-4e23-a463-8469726ca882/build]   | [INFO] Downloading from central: https://repo.maven.apache.org/maven2/org/sonatype/plexus/plexus-build-api/0.0.4/plexus-build-api-0.0.4.jar
[305814c4-ddcc-4e23-a463-8469726ca882/build]   | [INFO] Downloaded from central: https://repo.maven.apache.org/maven2/org/sonatype/plexus/plexus-build-api/0.0.4/plexus-build-api-0.0.4.jar (6.8 kB at 3.7 kB/s)
[305814c4-ddcc-4e23-a463-8469726ca882/build]   | [INFO] Downloading from central: https://repo.maven.apache.org/maven2/org/codehaus/plexus/plexus-interpolation/1.13/plexus-interpolation-1.13.jar
[305814c4-ddcc-4e23-a463-8469726ca882/build]   | [INFO] Downloaded from central: https://repo.maven.apache.org/maven2/org/apache/maven/maven-model/2.0.6/maven-model-2.0.6.jar (86 kB at 47 kB/s)
[305814c4-ddcc-4e23-a463-8469726ca882/build]   | [INFO] Downloaded from central: https://repo.maven.apache.org/maven2/org/codehaus/plexus/plexus-interpolation/1.13/plexus-interpolation-1.13.jar (61 kB at 21 kB/s)
[305814c4-ddcc-4e23-a463-8469726ca882/build]   | [INFO] Downloaded from central: https://repo.maven.apache.org/maven2/org/apache/maven/shared/maven-filtering/1.1/maven-filtering-1.1.jar (43 kB at 14 kB/s)
[305814c4-ddcc-4e23-a463-8469726ca882/build]   | [INFO] Downloaded from central: https://repo.maven.apache.org/maven2/org/apache/maven/maven-core/2.0.6/maven-core-2.0.6.jar (152 kB at 43 kB/s)
[305814c4-ddcc-4e23-a463-8469726ca882/build]   | [INFO] Downloaded from central: https://repo.maven.apache.org/maven2/org/codehaus/plexus/plexus-utils/2.0.5/plexus-utils-2.0.5.jar (223 kB at 54 kB/s)
[305814c4-ddcc-4e23-a463-8469726ca882/build]   | [INFO] Using 'UTF-8' encoding to copy filtered resources.
[305814c4-ddcc-4e23-a463-8469726ca882/build]   | [INFO] Copying 40 resources
[305814c4-ddcc-4e23-a463-8469726ca882/build]   | [INFO] 
[305814c4-ddcc-4e23-a463-8469726ca882/build]   | [INFO] --- maven-compiler-plugin:2.5.1:compile (default-compile) @ nodebox ---
[305814c4-ddcc-4e23-a463-8469726ca882/build]   | [INFO] Downloading from central: https://repo.maven.apache.org/maven2/org/apache/maven/maven-plugin-api/2.0.9/maven-plugin-api-2.0.9.pom
[305814c4-ddcc-4e23-a463-8469726ca882/build]   | [INFO] Downloaded from central: https://repo.maven.apache.org/maven2/org/apache/maven/maven-plugin-api/2.0.9/maven-plugin-api-2.0.9.pom (1.5 kB at 32 kB/s)
[305814c4-ddcc-4e23-a463-8469726ca882/build]   | [INFO] Downloading from central: https://repo.maven.apache.org/maven2/org/apache/maven/maven/2.0.9/maven-2.0.9.pom
[305814c4-ddcc-4e23-a463-8469726ca882/build]   | [INFO] Downloaded from central: https://repo.maven.apache.org/maven2/org/apache/maven/maven/2.0.9/maven-2.0.9.pom (19 kB at 67 kB/s)
[305814c4-ddcc-4e23-a463-8469726ca882/build]   | [INFO] Downloading from central: https://repo.maven.apache.org/maven2/org/apache/maven/maven-parent/8/maven-parent-8.pom
[305814c4-ddcc-4e23-a463-8469726ca882/build]   | [INFO] Downloaded from central: https://repo.maven.apache.org/maven2/org/apache/maven/maven-parent/8/maven-parent-8.pom (24 kB at 67 kB/s)
[305814c4-ddcc-4e23-a463-8469726ca882/build]   | [INFO] Downloading from central: https://repo.maven.apache.org/maven2/org/apache/maven/maven-artifact/2.0.9/maven-artifact-2.0.9.pom
[305814c4-ddcc-4e23-a463-8469726ca882/build]   | [INFO] Downloaded from central: https://repo.maven.apache.org/maven2/org/apache/maven/maven-artifact/2.0.9/maven-artifact-2.0.9.pom (1.6 kB at 26 kB/s)
[305814c4-ddcc-4e23-a463-8469726ca882/build]   | [INFO] Downloading from central: https://repo.maven.apache.org/maven2/org/codehaus/plexus/plexus-utils/1.5.1/plexus-utils-1.5.1.pom
[305814c4-ddcc-4e23-a463-8469726ca882/build]   | [INFO] Downloaded from central: https://repo.maven.apache.org/maven2/org/codehaus/plexus/plexus-utils/1.5.1/plexus-utils-1.5.1.pom (2.3 kB at 8.3 kB/s)
[305814c4-ddcc-4e23-a463-8469726ca882/build]   | [INFO] Downloading from central: https://repo.maven.apache.org/maven2/org/apache/maven/maven-core/2.0.9/maven-core-2.0.9.pom
[305814c4-ddcc-4e23-a463-8469726ca882/build]   | [INFO] Downloaded from central: https://repo.maven.apache.org/maven2/org/apache/maven/maven-core/2.0.9/maven-core-2.0.9.pom (7.8 kB at 29 kB/s)
[305814c4-ddcc-4e23-a463-8469726ca882/build]   | [INFO] Downloading from central: https://repo.maven.apache.org/maven2/org/apache/maven/maven-settings/2.0.9/maven-settings-2.0.9.pom
[305814c4-ddcc-4e23-a463-8469726ca882/build]   | [INFO] Downloaded from central: https://repo.maven.apache.org/maven2/org/apache/maven/maven-settings/2.0.9/maven-settings-2.0.9.pom (2.1 kB at 86 kB/s)
[305814c4-ddcc-4e23-a463-8469726ca882/build]   | [INFO] Downloading from central: https://repo.maven.apache.org/maven2/org/apache/maven/maven-model/2.0.9/maven-model-2.0.9.pom
[305814c4-ddcc-4e23-a463-8469726ca882/build]   | [INFO] Downloaded from central: https://repo.maven.apache.org/maven2/org/apache/maven/maven-model/2.0.9/maven-model-2.0.9.pom (3.1 kB at 55 kB/s)
[305814c4-ddcc-4e23-a463-8469726ca882/build]   | [INFO] Downloading from central: https://repo.maven.apache.org/maven2/org/apache/maven/maven-plugin-parameter-documenter/2.0.9/maven-plugin-parameter-documenter-2.0.9.pom
[305814c4-ddcc-4e23-a463-8469726ca882/build]   | [INFO] Downloaded from central: https://repo.maven.apache.org/maven2/org/apache/maven/maven-plugin-parameter-documenter/2.0.9/maven-plugin-parameter-documenter-2.0.9.pom (2.0 kB at 109 kB/s)
[305814c4-ddcc-4e23-a463-8469726ca882/build]   | [INFO] Downloading from central: https://repo.maven.apache.org/maven2/org/apache/maven/maven-profile/2.0.9/maven-profile-2.0.9.pom
[305814c4-ddcc-4e23-a463-8469726ca882/build]   | [INFO] Downloaded from central: https://repo.maven.apache.org/maven2/org/apache/maven/maven-profile/2.0.9/maven-profile-2.0.9.pom (2.0 kB at 79 kB/s)
[305814c4-ddcc-4e23-a463-8469726ca882/build]   | [INFO] Downloading from central: https://repo.maven.apache.org/maven2/org/apache/maven/maven-repository-metadata/2.0.9/maven-repository-metadata-2.0.9.pom
[305814c4-ddcc-4e23-a463-8469726ca882/build]   | [INFO] Downloaded from central: https://repo.maven.apache.org/maven2/org/apache/maven/maven-repository-metadata/2.0.9/maven-repository-metadata-2.0.9.pom (1.9 kB at 32 kB/s)
[305814c4-ddcc-4e23-a463-8469726ca882/build]   | [INFO] Downloading from central: https://repo.maven.apache.org/maven2/org/apache/maven/maven-error-diagnostics/2.0.9/maven-error-diagnostics-2.0.9.pom
[305814c4-ddcc-4e23-a463-8469726ca882/build]   | [INFO] Downloaded from central: https://repo.maven.apache.org/maven2/org/apache/maven/maven-error-diagnostics/2.0.9/maven-error-diagnostics-2.0.9.pom (1.7 kB at 20 kB/s)
[305814c4-ddcc-4e23-a463-8469726ca882/build]   | [INFO] Downloading from central: https://repo.maven.apache.org/maven2/org/apache/maven/maven-project/2.0.9/maven-project-2.0.9.pom
[305814c4-ddcc-4e23-a463-8469726ca882/build]   | [INFO] Downloaded from central: https://repo.maven.apache.org/maven2/org/apache/maven/maven-project/2.0.9/maven-project-2.0.9.pom (2.7 kB at 48 kB/s)
[305814c4-ddcc-4e23-a463-8469726ca882/build]   | [INFO] Downloading from central: https://repo.maven.apache.org/maven2/org/apache/maven/maven-artifact-manager/2.0.9/maven-artifact-manager-2.0.9.pom
[305814c4-ddcc-4e23-a463-8469726ca882/build]   | [INFO] Downloaded from central: https://repo.maven.apache.org/maven2/org/apache/maven/maven-artifact-manager/2.0.9/maven-artifact-manager-2.0.9.pom (2.7 kB at 71 kB/s)
[305814c4-ddcc-4e23-a463-8469726ca882/build]   | [INFO] Downloading from central: https://repo.maven.apache.org/maven2/org/apache/maven/maven-plugin-registry/2.0.9/maven-plugin-registry-2.0.9.pom
[305814c4-ddcc-4e23-a463-8469726ca882/build]   | [INFO] Downloaded from central: https://repo.maven.apache.org/maven2/org/apache/maven/maven-plugin-registry/2.0.9/maven-plugin-registry-2.0.9.pom (2.0 kB at 6.5 kB/s)
[305814c4-ddcc-4e23-a463-8469726ca882/build]   | [INFO] Downloading from central: https://repo.maven.apache.org/maven2/org/apache/maven/maven-plugin-descriptor/2.0.9/maven-plugin-descriptor-2.0.9.pom
[305814c4-ddcc-4e23-a463-8469726ca882/build]   | [INFO] Downloaded from central: https://repo.maven.apache.org/maven2/org/apache/maven/maven-plugin-descriptor/2.0.9/maven-plugin-descriptor-2.0.9.pom (2.1 kB at 56 kB/s)
[305814c4-ddcc-4e23-a463-8469726ca882/build]   | [INFO] Downloading from central: https://repo.maven.apache.org/maven2/org/apache/maven/maven-monitor/2.0.9/maven-monitor-2.0.9.pom
[305814c4-ddcc-4e23-a463-8469726ca882/build]   | [INFO] Downloaded from central: https://repo.maven.apache.org/maven2/org/apache/maven/maven-monitor/2.0.9/maven-monitor-2.0.9.pom (1.3 kB at 25 kB/s)
[305814c4-ddcc-4e23-a463-8469726ca882/build]   | [INFO] Downloading from central: https://repo.maven.apache.org/maven2/org/apache/maven/maven-toolchain/1.0/maven-toolchain-1.0.pom
[305814c4-ddcc-4e23-a463-8469726ca882/build]   | [INFO] Downloaded from central: https://repo.maven.apache.org/maven2/org/apache/maven/maven-toolchain/1.0/maven-toolchain-1.0.pom (3.4 kB at 95 kB/s)
[305814c4-ddcc-4e23-a463-8469726ca882/build]   | [INFO] Downloading from central: https://repo.maven.apache.org/maven2/org/codehaus/plexus/plexus-utils/3.0/plexus-utils-3.0.pom
[305814c4-ddcc-4e23-a463-8469726ca882/build]   | [INFO] Downloaded from central: https://repo.maven.apache.org/maven2/org/codehaus/plexus/plexus-utils/3.0/plexus-utils-3.0.pom (4.1 kB at 5.3 kB/s)
[305814c4-ddcc-4e23-a463-8469726ca882/build]   | [INFO] Downloading from central: https://repo.maven.apache.org/maven2/org/sonatype/spice/spice-parent/16/spice-parent-16.pom
[305814c4-ddcc-4e23-a463-8469726ca882/build]   | [INFO] Downloaded from central: https://repo.maven.apache.org/maven2/org/sonatype/spice/spice-parent/16/spice-parent-16.pom (8.4 kB at 125 kB/s)
[305814c4-ddcc-4e23-a463-8469726ca882/build]   | [INFO] Downloading from central: https://repo.maven.apache.org/maven2/org/sonatype/forge/forge-parent/5/forge-parent-5.pom
[305814c4-ddcc-4e23-a463-8469726ca882/build]   | [INFO] Downloaded from central: https://repo.maven.apache.org/maven2/org/sonatype/forge/forge-parent/5/forge-parent-5.pom (8.4 kB at 158 kB/s)
[305814c4-ddcc-4e23-a463-8469726ca882/build]   | [INFO] Downloading from central: https://repo.maven.apache.org/maven2/org/codehaus/plexus/plexus-compiler-api/1.9.1/plexus-compiler-api-1.9.1.pom
[305814c4-ddcc-4e23-a463-8469726ca882/build]   | [INFO] Downloaded from central: https://repo.maven.apache.org/maven2/org/codehaus/plexus/plexus-compiler-api/1.9.1/plexus-compiler-api-1.9.1.pom (867 B at 11 kB/s)
[305814c4-ddcc-4e23-a463-8469726ca882/build]   | [INFO] Downloading from central: https://repo.maven.apache.org/maven2/org/codehaus/plexus/plexus-compiler/1.9.1/plexus-compiler-1.9.1.pom
[305814c4-ddcc-4e23-a463-8469726ca882/build]   | [INFO] Downloaded from central: https://repo.maven.apache.org/maven2/org/codehaus/plexus/plexus-compiler/1.9.1/plexus-compiler-1.9.1.pom (3.8 kB at 77 kB/s)
[305814c4-ddcc-4e23-a463-8469726ca882/build]   | [INFO] Downloading from central: https://repo.maven.apache.org/maven2/org/codehaus/plexus/plexus-components/1.1.20/plexus-components-1.1.20.pom
[305814c4-ddcc-4e23-a463-8469726ca882/build]   | [INFO] Downloaded from central: https://repo.maven.apache.org/maven2/org/codehaus/plexus/plexus-components/1.1.20/plexus-components-1.1.20.pom (3.0 kB at 41 kB/s)
[305814c4-ddcc-4e23-a463-8469726ca882/build]   | [INFO] Downloading from central: https://repo.maven.apache.org/maven2/org/codehaus/plexus/plexus/3.1/plexus-3.1.pom
[305814c4-ddcc-4e23-a463-8469726ca882/build]   | [INFO] Downloaded from central: https://repo.maven.apache.org/maven2/org/codehaus/plexus/plexus/3.1/plexus-3.1.pom (19 kB at 165 kB/s)
[305814c4-ddcc-4e23-a463-8469726ca882/build]   | [INFO] Downloading from central: https://repo.maven.apache.org/maven2/org/sonatype/spice/spice-parent/17/spice-parent-17.pom
[305814c4-ddcc-4e23-a463-8469726ca882/build]   | [INFO] Downloaded from central: https://repo.maven.apache.org/maven2/org/sonatype/spice/spice-parent/17/spice-parent-17.pom (6.8 kB at 21 kB/s)
[305814c4-ddcc-4e23-a463-8469726ca882/build]   | [INFO] Downloading from central: https://repo.maven.apache.org/maven2/org/sonatype/forge/forge-parent/10/forge-parent-10.pom
[305814c4-ddcc-4e23-a463-8469726ca882/build]   | [INFO] Downloaded from central: https://repo.maven.apache.org/maven2/org/sonatype/forge/forge-parent/10/forge-parent-10.pom (14 kB at 219 kB/s)
[305814c4-ddcc-4e23-a463-8469726ca882/build]   | [INFO] Downloading from central: https://repo.maven.apache.org/maven2/org/codehaus/plexus/plexus-compiler-manager/1.9.1/plexus-compiler-manager-1.9.1.pom
[305814c4-ddcc-4e23-a463-8469726ca882/build]   | [INFO] Downloaded from central: https://repo.maven.apache.org/maven2/org/codehaus/plexus/plexus-compiler-manager/1.9.1/plexus-compiler-manager-1.9.1.pom (692 B at 9.1 kB/s)
[305814c4-ddcc-4e23-a463-8469726ca882/build]   | [INFO] Downloading from central: https://repo.maven.apache.org/maven2/org/codehaus/plexus/plexus-compiler-javac/1.9.1/plexus-compiler-javac-1.9.1.pom
[305814c4-ddcc-4e23-a463-8469726ca882/build]   | [INFO] Downloaded from central: https://repo.maven.apache.org/maven2/org/codehaus/plexus/plexus-compiler-javac/1.9.1/plexus-compiler-javac-1.9.1.pom (688 B at 11 kB/s)
[305814c4-ddcc-4e23-a463-8469726ca882/build]   | [INFO] Downloading from central: https://repo.maven.apache.org/maven2/org/codehaus/plexus/plexus-compilers/1.9.1/plexus-compilers-1.9.1.pom
[305814c4-ddcc-4e23-a463-8469726ca882/build]   | [INFO] Downloaded from central: https://repo.maven.apache.org/maven2/org/codehaus/plexus/plexus-compilers/1.9.1/plexus-compilers-1.9.1.pom (1.2 kB at 1.7 kB/s)
[305814c4-ddcc-4e23-a463-8469726ca882/build]   | [INFO] Downloading from central: https://repo.maven.apache.org/maven2/org/apache/maven/maven-plugin-api/2.0.9/maven-plugin-api-2.0.9.jar
[305814c4-ddcc-4e23-a463-8469726ca882/build]   | [INFO] Downloading from central: https://repo.maven.apache.org/maven2/org/apache/maven/maven-artifact/2.0.9/maven-artifact-2.0.9.jar
[305814c4-ddcc-4e23-a463-8469726ca882/build]   | [INFO] Downloading from central: https://repo.maven.apache.org/maven2/org/apache/maven/maven-core/2.0.9/maven-core-2.0.9.jar
[305814c4-ddcc-4e23-a463-8469726ca882/build]   | [INFO] Downloading from central: https://repo.maven.apache.org/maven2/org/apache/maven/maven-settings/2.0.9/maven-settings-2.0.9.jar
[305814c4-ddcc-4e23-a463-8469726ca882/build]   | [INFO] Downloading from central: https://repo.maven.apache.org/maven2/org/apache/maven/maven-plugin-parameter-documenter/2.0.9/maven-plugin-parameter-documenter-2.0.9.jar
[305814c4-ddcc-4e23-a463-8469726ca882/build]   | [INFO] Downloaded from central: https://repo.maven.apache.org/maven2/org/apache/maven/maven-plugin-api/2.0.9/maven-plugin-api-2.0.9.jar (13 kB at 43 kB/s)
[305814c4-ddcc-4e23-a463-8469726ca882/build]   | [INFO] Downloading from central: https://repo.maven.apache.org/maven2/org/apache/maven/maven-profile/2.0.9/maven-profile-2.0.9.jar
[305814c4-ddcc-4e23-a463-8469726ca882/build]   | [INFO] Downloaded from central: https://repo.maven.apache.org/maven2/org/apache/maven/maven-settings/2.0.9/maven-settings-2.0.9.jar (49 kB at 85 kB/s)
[305814c4-ddcc-4e23-a463-8469726ca882/build]   | [INFO] Downloading from central: https://repo.maven.apache.org/maven2/org/apache/maven/maven-model/2.0.9/maven-model-2.0.9.jar
[305814c4-ddcc-4e23-a463-8469726ca882/build]   | [INFO] Downloaded from central: https://repo.maven.apache.org/maven2/org/apache/maven/maven-plugin-parameter-documenter/2.0.9/maven-plugin-parameter-documenter-2.0.9.jar (21 kB at 30 kB/s)
[305814c4-ddcc-4e23-a463-8469726ca882/build]   | [INFO] Downloading from central: https://repo.maven.apache.org/maven2/org/apache/maven/maven-repository-metadata/2.0.9/maven-repository-metadata-2.0.9.jar
[305814c4-ddcc-4e23-a463-8469726ca882/build]   | [INFO] Downloaded from central: https://repo.maven.apache.org/maven2/org/apache/maven/maven-profile/2.0.9/maven-profile-2.0.9.jar (35 kB at 46 kB/s)
[305814c4-ddcc-4e23-a463-8469726ca882/build]   | [INFO] Downloading from central: https://repo.maven.apache.org/maven2/org/apache/maven/maven-error-diagnostics/2.0.9/maven-error-diagnostics-2.0.9.jar
[305814c4-ddcc-4e23-a463-8469726ca882/build]   | [INFO] Downloaded from central: https://repo.maven.apache.org/maven2/org/apache/maven/maven-error-diagnostics/2.0.9/maven-error-diagnostics-2.0.9.jar (14 kB at 17 kB/s)
[305814c4-ddcc-4e23-a463-8469726ca882/build]   | [INFO] Downloading from central: https://repo.maven.apache.org/maven2/org/apache/maven/maven-project/2.0.9/maven-project-2.0.9.jar
[305814c4-ddcc-4e23-a463-8469726ca882/build]   | [INFO] Downloaded from central: https://repo.maven.apache.org/maven2/org/apache/maven/maven-repository-metadata/2.0.9/maven-repository-metadata-2.0.9.jar (25 kB at 20 kB/s)
[305814c4-ddcc-4e23-a463-8469726ca882/build]   | [INFO] Downloading from central: https://repo.maven.apache.org/maven2/org/apache/maven/maven-plugin-registry/2.0.9/maven-plugin-registry-2.0.9.jar
[305814c4-ddcc-4e23-a463-8469726ca882/build]   | [INFO] Downloaded from central: https://repo.maven.apache.org/maven2/org/apache/maven/maven-model/2.0.9/maven-model-2.0.9.jar (87 kB at 62 kB/s)
[305814c4-ddcc-4e23-a463-8469726ca882/build]   | [INFO] Downloading from central: https://repo.maven.apache.org/maven2/org/apache/maven/maven-plugin-descriptor/2.0.9/maven-plugin-descriptor-2.0.9.jar
[305814c4-ddcc-4e23-a463-8469726ca882/build]   | [INFO] Downloaded from central: https://repo.maven.apache.org/maven2/org/apache/maven/maven-plugin-descriptor/2.0.9/maven-plugin-descriptor-2.0.9.jar (37 kB at 23 kB/s)
[305814c4-ddcc-4e23-a463-8469726ca882/build]   | [INFO] Downloading from central: https://repo.maven.apache.org/maven2/org/apache/maven/maven-artifact-manager/2.0.9/maven-artifact-manager-2.0.9.jar
[305814c4-ddcc-4e23-a463-8469726ca882/build]   | [INFO] Downloaded from central: https://repo.maven.apache.org/maven2/org/apache/maven/maven-core/2.0.9/maven-core-2.0.9.jar (160 kB at 100 kB/s)
[305814c4-ddcc-4e23-a463-8469726ca882/build]   | [INFO] Downloading from central: https://repo.maven.apache.org/maven2/org/apache/maven/maven-monitor/2.0.9/maven-monitor-2.0.9.jar
[305814c4-ddcc-4e23-a463-8469726ca882/build]   | [INFO] Downloaded from central: https://repo.maven.apache.org/maven2/org/apache/maven/maven-monitor/2.0.9/maven-monitor-2.0.9.jar (10 kB at 6.3 kB/s)
[305814c4-ddcc-4e23-a463-8469726ca882/build]   | [INFO] Downloading from central: https://repo.maven.apache.org/maven2/org/apache/maven/maven-toolchain/1.0/maven-toolchain-1.0.jar
[305814c4-ddcc-4e23-a463-8469726ca882/build]   | [INFO] Downloaded from central: https://repo.maven.apache.org/maven2/org/apache/maven/maven-artifact-manager/2.0.9/maven-artifact-manager-2.0.9.jar (58 kB at 31 kB/s)
[305814c4-ddcc-4e23-a463-8469726ca882/build]   | [INFO] Downloading from central: https://repo.maven.apache.org/maven2/org/codehaus/plexus/plexus-utils/3.0/plexus-utils-3.0.jar
[305814c4-ddcc-4e23-a463-8469726ca882/build]   | [INFO] Downloaded from central: https://repo.maven.apache.org/maven2/org/apache/maven/maven-toolchain/1.0/maven-toolchain-1.0.jar (33 kB at 17 kB/s)
[305814c4-ddcc-4e23-a463-8469726ca882/build]   | [INFO] Downloading from central: https://repo.maven.apache.org/maven2/org/codehaus/plexus/plexus-compiler-api/1.9.1/plexus-compiler-api-1.9.1.jar
[305814c4-ddcc-4e23-a463-8469726ca882/build]   | [INFO] Downloaded from central: https://repo.maven.apache.org/maven2/org/apache/maven/maven-artifact/2.0.9/maven-artifact-2.0.9.jar (89 kB at 41 kB/s)
[305814c4-ddcc-4e23-a463-8469726ca882/build]   | [INFO] Downloading from central: https://repo.maven.apache.org/maven2/org/codehaus/plexus/plexus-compiler-manager/1.9.1/plexus-compiler-manager-1.9.1.jar
[305814c4-ddcc-4e23-a463-8469726ca882/build]   | [INFO] Downloaded from central: https://repo.maven.apache.org/maven2/org/codehaus/plexus/plexus-compiler-manager/1.9.1/plexus-compiler-manager-1.9.1.jar (4.6 kB at 2.1 kB/s)
[305814c4-ddcc-4e23-a463-8469726ca882/build]   | [INFO] Downloading from central: https://repo.maven.apache.org/maven2/org/codehaus/plexus/plexus-compiler-javac/1.9.1/plexus-compiler-javac-1.9.1.jar
[305814c4-ddcc-4e23-a463-8469726ca882/build]   | [INFO] Downloaded from central: https://repo.maven.apache.org/maven2/org/codehaus/plexus/plexus-compiler-javac/1.9.1/plexus-compiler-javac-1.9.1.jar (14 kB at 6.3 kB/s)
[305814c4-ddcc-4e23-a463-8469726ca882/build]   | [INFO] Downloading from central: https://repo.maven.apache.org/maven2/classworlds/classworlds/1.1-alpha-2/classworlds-1.1-alpha-2.jar
[305814c4-ddcc-4e23-a463-8469726ca882/build]   | [INFO] Downloaded from central: https://repo.maven.apache.org/maven2/org/apache/maven/maven-project/2.0.9/maven-project-2.0.9.jar (122 kB at 40 kB/s)
[305814c4-ddcc-4e23-a463-8469726ca882/build]   | [INFO] Downloaded from central: https://repo.maven.apache.org/maven2/classworlds/classworlds/1.1-alpha-2/classworlds-1.1-alpha-2.jar (38 kB at 12 kB/s)
[305814c4-ddcc-4e23-a463-8469726ca882/build]   | [INFO] Downloaded from central: https://repo.maven.apache.org/maven2/org/apache/maven/maven-plugin-registry/2.0.9/maven-plugin-registry-2.0.9.jar (29 kB at 8.8 kB/s)
[305814c4-ddcc-4e23-a463-8469726ca882/build]   | [INFO] Downloaded from central: https://repo.maven.apache.org/maven2/org/codehaus/plexus/plexus-compiler-api/1.9.1/plexus-compiler-api-1.9.1.jar (21 kB at 6.4 kB/s)
[305814c4-ddcc-4e23-a463-8469726ca882/build]   | [INFO] Downloaded from central: https://repo.maven.apache.org/maven2/org/codehaus/plexus/plexus-utils/3.0/plexus-utils-3.0.jar (226 kB at 34 kB/s)
[305814c4-ddcc-4e23-a463-8469726ca882/build]   | [INFO] Compiling 1 source file to /tmp/026a1b48-6fca-49c8-82b6-bd8d1740c200/target/classes
[305814c4-ddcc-4e23-a463-8469726ca882/build]   | [INFO] 
[305814c4-ddcc-4e23-a463-8469726ca882/build]   | [INFO] --- maven-resources-plugin:2.6:testResources (default-testResources) @ nodebox ---
[305814c4-ddcc-4e23-a463-8469726ca882/build]   | [INFO] Using 'UTF-8' encoding to copy filtered resources.
[305814c4-ddcc-4e23-a463-8469726ca882/build]   | [INFO] skip non existing resourceDirectory /tmp/026a1b48-6fca-49c8-82b6-bd8d1740c200/src/test/resources
[305814c4-ddcc-4e23-a463-8469726ca882/build]   | [INFO] 
[305814c4-ddcc-4e23-a463-8469726ca882/build]   | [INFO] --- maven-compiler-plugin:2.5.1:testCompile (default-testCompile) @ nodebox ---
[305814c4-ddcc-4e23-a463-8469726ca882/build]   | [INFO] Compiling 1 source file to /tmp/026a1b48-6fca-49c8-82b6-bd8d1740c200/target/test-classes
[305814c4-ddcc-4e23-a463-8469726ca882/build]   | [INFO] 
[305814c4-ddcc-4e23-a463-8469726ca882/build]   | [INFO] --- maven-surefire-plugin:2.12.4:test (default-test) @ nodebox ---
[305814c4-ddcc-4e23-a463-8469726ca882/build]   | [INFO] Downloading from central: https://repo.maven.apache.org/maven2/org/apache/maven/surefire/surefire-booter/2.12.4/surefire-booter-2.12.4.pom
[305814c4-ddcc-4e23-a463-8469726ca882/build]   | [INFO] Downloaded from central: https://repo.maven.apache.org/maven2/org/apache/maven/surefire/surefire-booter/2.12.4/surefire-booter-2.12.4.pom (3.0 kB at 10 kB/s)
[305814c4-ddcc-4e23-a463-8469726ca882/build]   | [INFO] Downloading from central: https://repo.maven.apache.org/maven2/org/apache/maven/surefire/surefire-api/2.12.4/surefire-api-2.12.4.pom
[305814c4-ddcc-4e23-a463-8469726ca882/build]   | [INFO] Downloaded from central: https://repo.maven.apache.org/maven2/org/apache/maven/surefire/surefire-api/2.12.4/surefire-api-2.12.4.pom (2.5 kB at 20 kB/s)
[305814c4-ddcc-4e23-a463-8469726ca882/build]   | [INFO] Downloading from central: https://repo.maven.apache.org/maven2/org/apache/maven/surefire/maven-surefire-common/2.12.4/maven-surefire-common-2.12.4.pom
[305814c4-ddcc-4e23-a463-8469726ca882/build]   | [INFO] Downloaded from central: https://repo.maven.apache.org/maven2/org/apache/maven/surefire/maven-surefire-common/2.12.4/maven-surefire-common-2.12.4.pom (5.5 kB at 86 kB/s)
[305814c4-ddcc-4e23-a463-8469726ca882/build]   | [INFO] Downloading from central: https://repo.maven.apache.org/maven2/org/apache/maven/plugin-tools/maven-plugin-annotations/3.1/maven-plugin-annotations-3.1.pom
[305814c4-ddcc-4e23-a463-8469726ca882/build]   | [INFO] Downloaded from central: https://repo.maven.apache.org/maven2/org/apache/maven/plugin-tools/maven-plugin-annotations/3.1/maven-plugin-annotations-3.1.pom (1.6 kB at 17 kB/s)
[305814c4-ddcc-4e23-a463-8469726ca882/build]   | [INFO] Downloading from central: https://repo.maven.apache.org/maven2/org/apache/maven/plugin-tools/maven-plugin-tools/3.1/maven-plugin-tools-3.1.pom
[305814c4-ddcc-4e23-a463-8469726ca882/build]   | [INFO] Downloaded from central: https://repo.maven.apache.org/maven2/org/apache/maven/plugin-tools/maven-plugin-tools/3.1/maven-plugin-tools-3.1.pom (16 kB at 47 kB/s)
[305814c4-ddcc-4e23-a463-8469726ca882/build]   | [INFO] Downloading from central: https://repo.maven.apache.org/maven2/org/codehaus/plexus/plexus-utils/3.0.8/plexus-utils-3.0.8.pom
[305814c4-ddcc-4e23-a463-8469726ca882/build]   | [INFO] Downloaded from central: https://repo.maven.apache.org/maven2/org/codehaus/plexus/plexus-utils/3.0.8/plexus-utils-3.0.8.pom (3.1 kB at 73 kB/s)
[305814c4-ddcc-4e23-a463-8469726ca882/build]   | [INFO] Downloading from central: https://repo.maven.apache.org/maven2/org/codehaus/plexus/plexus/3.2/plexus-3.2.pom
[305814c4-ddcc-4e23-a463-8469726ca882/build]   | [INFO] Downloaded from central: https://repo.maven.apache.org/maven2/org/codehaus/plexus/plexus/3.2/plexus-3.2.pom (19 kB at 131 kB/s)
[305814c4-ddcc-4e23-a463-8469726ca882/build]   | [INFO] Downloading from central: https://repo.maven.apache.org/maven2/org/apache/maven/reporting/maven-reporting-api/2.0.9/maven-reporting-api-2.0.9.pom
[305814c4-ddcc-4e23-a463-8469726ca882/build]   | [INFO] Downloaded from central: https://repo.maven.apache.org/maven2/org/apache/maven/reporting/maven-reporting-api/2.0.9/maven-reporting-api-2.0.9.pom (1.8 kB at 23 kB/s)
[305814c4-ddcc-4e23-a463-8469726ca882/build]   | [INFO] Downloading from central: https://repo.maven.apache.org/maven2/org/apache/maven/reporting/maven-reporting/2.0.9/maven-reporting-2.0.9.pom
[305814c4-ddcc-4e23-a463-8469726ca882/build]   | [INFO] Downloaded from central: https://repo.maven.apache.org/maven2/org/apache/maven/reporting/maven-reporting/2.0.9/maven-reporting-2.0.9.pom (1.5 kB at 43 kB/s)
[305814c4-ddcc-4e23-a463-8469726ca882/build]   | [INFO] Downloading from central: https://repo.maven.apache.org/maven2/org/apache/maven/maven-toolchain/2.0.9/maven-toolchain-2.0.9.pom
[305814c4-ddcc-4e23-a463-8469726ca882/build]   | [INFO] Downloaded from central: https://repo.maven.apache.org/maven2/org/apache/maven/maven-toolchain/2.0.9/maven-toolchain-2.0.9.pom (3.5 kB at 60 kB/s)
[305814c4-ddcc-4e23-a463-8469726ca882/build]   | [INFO] Downloading from central: https://repo.maven.apache.org/maven2/org/apache/commons/commons-lang3/3.1/commons-lang3-3.1.pom
[305814c4-ddcc-4e23-a463-8469726ca882/build]   | [INFO] Downloaded from central: https://repo.maven.apache.org/maven2/org/apache/commons/commons-lang3/3.1/commons-lang3-3.1.pom (17 kB at 102 kB/s)
[305814c4-ddcc-4e23-a463-8469726ca882/build]   | [INFO] Downloading from central: https://repo.maven.apache.org/maven2/org/apache/maven/shared/maven-common-artifact-filters/1.3/maven-common-artifact-filters-1.3.pom
[305814c4-ddcc-4e23-a463-8469726ca882/build]   | [INFO] Downloaded from central: https://repo.maven.apache.org/maven2/org/apache/maven/shared/maven-common-artifact-filters/1.3/maven-common-artifact-filters-1.3.pom (3.7 kB at 132 kB/s)
[305814c4-ddcc-4e23-a463-8469726ca882/build]   | [INFO] Downloading from central: https://repo.maven.apache.org/maven2/org/apache/maven/shared/maven-shared-components/12/maven-shared-components-12.pom
[305814c4-ddcc-4e23-a463-8469726ca882/build]   | [INFO] Downloaded from central: https://repo.maven.apache.org/maven2/org/apache/maven/shared/maven-shared-components/12/maven-shared-components-12.pom (9.3 kB at 82 kB/s)
[305814c4-ddcc-4e23-a463-8469726ca882/build]   | [INFO] Downloading from central: https://repo.maven.apache.org/maven2/org/apache/maven/maven-parent/13/maven-parent-13.pom
[305814c4-ddcc-4e23-a463-8469726ca882/build]   | [INFO] Downloaded from central: https://repo.maven.apache.org/maven2/org/apache/maven/maven-parent/13/maven-parent-13.pom (23 kB at 28 kB/s)
[305814c4-ddcc-4e23-a463-8469726ca882/build]   | [INFO] Downloading from central: https://repo.maven.apache.org/maven2/org/apache/apache/6/apache-6.pom
[305814c4-ddcc-4e23-a463-8469726ca882/build]   | [INFO] Downloaded from central: https://repo.maven.apache.org/maven2/org/apache/apache/6/apache-6.pom (13 kB at 474 kB/s)
[305814c4-ddcc-4e23-a463-8469726ca882/build]   | [INFO] Downloading from central: https://repo.maven.apache.org/maven2/org/codehaus/plexus/plexus-container-default/1.0-alpha-9/plexus-container-default-1.0-alpha-9.pom
[305814c4-ddcc-4e23-a463-8469726ca882/build]   | [INFO] Downloaded from central: https://repo.maven.apache.org/maven2/org/codehaus/plexus/plexus-container-default/1.0-alpha-9/plexus-container-default-1.0-alpha-9.pom (1.2 kB at 30 kB/s)
[305814c4-ddcc-4e23-a463-8469726ca882/build]   | [INFO] Downloading from central: https://repo.maven.apache.org/maven2/org/apache/maven/surefire/surefire-booter/2.12.4/surefire-booter-2.12.4.jar
[305814c4-ddcc-4e23-a463-8469726ca882/build]   | [INFO] Downloading from central: https://repo.maven.apache.org/maven2/org/apache/maven/surefire/surefire-api/2.12.4/surefire-api-2.12.4.jar
[305814c4-ddcc-4e23-a463-8469726ca882/build]   | [INFO] Downloading from central: https://repo.maven.apache.org/maven2/org/apache/maven/surefire/maven-surefire-common/2.12.4/maven-surefire-common-2.12.4.jar
[305814c4-ddcc-4e23-a463-8469726ca882/build]   | [INFO] Downloading from central: https://repo.maven.apache.org/maven2/org/apache/commons/commons-lang3/3.1/commons-lang3-3.1.jar
[305814c4-ddcc-4e23-a463-8469726ca882/build]   | [INFO] Downloading from central: https://repo.maven.apache.org/maven2/org/apache/maven/shared/maven-common-artifact-filters/1.3/maven-common-artifact-filters-1.3.jar
[305814c4-ddcc-4e23-a463-8469726ca882/build]   | [INFO] Downloaded from central: https://repo.maven.apache.org/maven2/org/apache/maven/surefire/surefire-booter/2.12.4/surefire-booter-2.12.4.jar (35 kB at 343 kB/s)
[305814c4-ddcc-4e23-a463-8469726ca882/build]   | [INFO] Downloading from central: https://repo.maven.apache.org/maven2/org/codehaus/plexus/plexus-utils/3.0.8/plexus-utils-3.0.8.jar
[305814c4-ddcc-4e23-a463-8469726ca882/build]   | [INFO] Downloaded from central: https://repo.maven.apache.org/maven2/org/apache/maven/surefire/surefire-api/2.12.4/surefire-api-2.12.4.jar (118 kB at 337 kB/s)
[305814c4-ddcc-4e23-a463-8469726ca882/build]   | [INFO] Downloading from central: https://repo.maven.apache.org/maven2/org/apache/maven/reporting/maven-reporting-api/2.0.9/maven-reporting-api-2.0.9.jar
[305814c4-ddcc-4e23-a463-8469726ca882/build]   | [INFO] Downloaded from central: https://repo.maven.apache.org/maven2/org/apache/maven/reporting/maven-reporting-api/2.0.9/maven-reporting-api-2.0.9.jar (10 kB at 16 kB/s)
[305814c4-ddcc-4e23-a463-8469726ca882/build]   | [INFO] Downloading from central: https://repo.maven.apache.org/maven2/org/apache/maven/maven-toolchain/2.0.9/maven-toolchain-2.0.9.jar
[305814c4-ddcc-4e23-a463-8469726ca882/build]   | [INFO] Downloaded from central: https://repo.maven.apache.org/maven2/org/apache/maven/maven-toolchain/2.0.9/maven-toolchain-2.0.9.jar (38 kB at 52 kB/s)
[305814c4-ddcc-4e23-a463-8469726ca882/build]   | [INFO] Downloading from central: https://repo.maven.apache.org/maven2/org/apache/maven/plugin-tools/maven-plugin-annotations/3.1/maven-plugin-annotations-3.1.jar
[305814c4-ddcc-4e23-a463-8469726ca882/build]   | [INFO] Downloaded from central: https://repo.maven.apache.org/maven2/org/apache/maven/plugin-tools/maven-plugin-annotations/3.1/maven-plugin-annotations-3.1.jar (14 kB at 19 kB/s)
[305814c4-ddcc-4e23-a463-8469726ca882/build]   | [INFO] Downloaded from central: https://repo.maven.apache.org/maven2/org/apache/maven/shared/maven-common-artifact-filters/1.3/maven-common-artifact-filters-1.3.jar (31 kB at 30 kB/s)
[305814c4-ddcc-4e23-a463-8469726ca882/build]   | [INFO] Downloaded from central: https://repo.maven.apache.org/maven2/org/codehaus/plexus/plexus-utils/3.0.8/plexus-utils-3.0.8.jar (232 kB at 128 kB/s)
[305814c4-ddcc-4e23-a463-8469726ca882/build]   | [INFO] Downloaded from central: https://repo.maven.apache.org/maven2/org/apache/maven/surefire/maven-surefire-common/2.12.4/maven-surefire-common-2.12.4.jar (263 kB at 136 kB/s)
[305814c4-ddcc-4e23-a463-8469726ca882/build]   | [INFO] Downloaded from central: https://repo.maven.apache.org/maven2/org/apache/commons/commons-lang3/3.1/commons-lang3-3.1.jar (316 kB at 136 kB/s)
[305814c4-ddcc-4e23-a463-8469726ca882/build]   | [INFO] Surefire report directory: /tmp/026a1b48-6fca-49c8-82b6-bd8d1740c200/target/surefire-reports
[305814c4-ddcc-4e23-a463-8469726ca882/build]   | [INFO] Downloading from central: https://repo.maven.apache.org/maven2/org/apache/maven/surefire/surefire-junit4/2.12.4/surefire-junit4-2.12.4.pom
[305814c4-ddcc-4e23-a463-8469726ca882/build]   | [INFO] Downloaded from central: https://repo.maven.apache.org/maven2/org/apache/maven/surefire/surefire-junit4/2.12.4/surefire-junit4-2.12.4.pom (2.4 kB at 93 kB/s)
[305814c4-ddcc-4e23-a463-8469726ca882/build]   | [INFO] Downloading from central: https://repo.maven.apache.org/maven2/org/apache/maven/surefire/surefire-providers/2.12.4/surefire-providers-2.12.4.pom
[305814c4-ddcc-4e23-a463-8469726ca882/build]   | [INFO] Downloaded from central: https://repo.maven.apache.org/maven2/org/apache/maven/surefire/surefire-providers/2.12.4/surefire-providers-2.12.4.pom (2.3 kB at 59 kB/s)
[305814c4-ddcc-4e23-a463-8469726ca882/build]   | [INFO] Downloading from central: https://repo.maven.apache.org/maven2/org/apache/maven/surefire/surefire-junit4/2.12.4/surefire-junit4-2.12.4.jar
[305814c4-ddcc-4e23-a463-8469726ca882/build]   | [INFO] Downloaded from central: https://repo.maven.apache.org/maven2/org/apache/maven/surefire/surefire-junit4/2.12.4/surefire-junit4-2.12.4.jar (37 kB at 879 kB/s)
[305814c4-ddcc-4e23-a463-8469726ca882/build]   | 
[305814c4-ddcc-4e23-a463-8469726ca882/build]   | -------------------------------------------------------
[305814c4-ddcc-4e23-a463-8469726ca882/build]   |  T E S T S
[305814c4-ddcc-4e23-a463-8469726ca882/build]   | -------------------------------------------------------
[305814c4-ddcc-4e23-a463-8469726ca882/build]   | Running nodebox.ui.ImageFormatTest
[305814c4-ddcc-4e23-a463-8469726ca882/build]   | Tests run: 1, Failures: 0, Errors: 0, Skipped: 0, Time elapsed: 0.053 sec
[305814c4-ddcc-4e23-a463-8469726ca882/build]   | Running nodebox.function.MathFunctionsTest
[305814c4-ddcc-4e23-a463-8469726ca882/build]   | Tests run: 14, Failures: 0, Errors: 0, Skipped: 0, Time elapsed: 0.194 sec
[305814c4-ddcc-4e23-a463-8469726ca882/build]   | Running nodebox.function.DataFunctionsTest
[305814c4-ddcc-4e23-a463-8469726ca882/build]   | Tests run: 13, Failures: 0, Errors: 0, Skipped: 0, Time elapsed: 0.012 sec
[305814c4-ddcc-4e23-a463-8469726ca882/build]   | Running nodebox.function.NetworkFunctionsTest
[305814c4-ddcc-4e23-a463-8469726ca882/build]   | Tests run: 1, Failures: 0, Errors: 0, Skipped: 0, Time elapsed: 0 sec
[305814c4-ddcc-4e23-a463-8469726ca882/build]   | Running nodebox.function.ListFunctionsTest
[305814c4-ddcc-4e23-a463-8469726ca882/build]   | Tests run: 20, Failures: 0, Errors: 0, Skipped: 0, Time elapsed: 0.001 sec
[305814c4-ddcc-4e23-a463-8469726ca882/build]   | Running nodebox.function.FunctionRepositoryTest
[305814c4-ddcc-4e23-a463-8469726ca882/build]   | Tests run: 1, Failures: 0, Errors: 0, Skipped: 0, Time elapsed: 0.01 sec
[305814c4-ddcc-4e23-a463-8469726ca882/build]   | Running nodebox.function.DeviceFunctionsTest
[305814c4-ddcc-4e23-a463-8469726ca882/build]   | Tests run: 8, Failures: 0, Errors: 0, Skipped: 0, Time elapsed: 0.015 sec
[305814c4-ddcc-4e23-a463-8469726ca882/build]   | Running nodebox.function.FunctionLibraryTest
[305814c4-ddcc-4e23-a463-8469726ca882/build]   | WARNING: An illegal reflective access operation has occurred
[305814c4-ddcc-4e23-a463-8469726ca882/build]   | WARNING: Illegal reflective access by org.python.core.PySystemState (file:/home/runneradmin/.m2/repository/org/python/jython/2.7-b1/jython-2.7-b1.jar) to method java.io.Console.encoding()
[305814c4-ddcc-4e23-a463-8469726ca882/build]   | WARNING: Please consider reporting this to the maintainers of org.python.core.PySystemState
[305814c4-ddcc-4e23-a463-8469726ca882/build]   | WARNING: Use --illegal-access=warn to enable warnings of further illegal reflective access operations
[305814c4-ddcc-4e23-a463-8469726ca882/build]   | WARNING: All illegal access operations will be denied in a future release
[305814c4-ddcc-4e23-a463-8469726ca882/build]   | *sys-package-mgr*: processing new jar, '/home/runneradmin/.m2/repository/org/clojure/clojure/1.6.0/clojure-1.6.0.jar'
[305814c4-ddcc-4e23-a463-8469726ca882/build]   | *sys-package-mgr*: processing new jar, '/home/runneradmin/.m2/repository/com/google/guava/guava/18.0/guava-18.0.jar'
[305814c4-ddcc-4e23-a463-8469726ca882/build]   | *sys-package-mgr*: processing new jar, '/home/runneradmin/.m2/repository/org/apache/httpcomponents/httpclient/4.2.3/httpclient-4.2.3.jar'
[305814c4-ddcc-4e23-a463-8469726ca882/build]   | *sys-package-mgr*: processing new jar, '/home/runneradmin/.m2/repository/org/apache/httpcomponents/httpcore/4.2.2/httpcore-4.2.2.jar'
[305814c4-ddcc-4e23-a463-8469726ca882/build]   | *sys-package-mgr*: processing new jar, '/home/runneradmin/.m2/repository/commons-logging/commons-logging/1.1.1/commons-logging-1.1.1.jar'
[305814c4-ddcc-4e23-a463-8469726ca882/build]   | *sys-package-mgr*: processing new jar, '/home/runneradmin/.m2/repository/commons-codec/commons-codec/1.6/commons-codec-1.6.jar'
[305814c4-ddcc-4e23-a463-8469726ca882/build]   | *sys-package-mgr*: processing new jar, '/home/runneradmin/.m2/repository/com/itextpdf/itextpdf/5.5.0/itextpdf-5.5.0.jar'
[305814c4-ddcc-4e23-a463-8469726ca882/build]   | *sys-package-mgr*: processing new jar, '/home/runneradmin/.m2/repository/net/java/dev/jna/jna/4.1.0/jna-4.1.0.jar'
[305814c4-ddcc-4e23-a463-8469726ca882/build]   | *sys-package-mgr*: processing new jar, '/home/runneradmin/.m2/repository/com/jayway/jsonpath/json-path/0.8.1/json-path-0.8.1.jar'
[305814c4-ddcc-4e23-a463-8469726ca882/build]   | *sys-package-mgr*: processing new jar, '/home/runneradmin/.m2/repository/net/minidev/json-smart/1.1.1/json-smart-1.1.1.jar'
[305814c4-ddcc-4e23-a463-8469726ca882/build]   | *sys-package-mgr*: processing new jar, '/home/runneradmin/.m2/repository/commons-lang/commons-lang/2.6/commons-lang-2.6.jar'
[305814c4-ddcc-4e23-a463-8469726ca882/build]   | *sys-package-mgr*: processing new jar, '/home/runneradmin/.m2/repository/junit/junit/4.11/junit-4.11.jar'
[305814c4-ddcc-4e23-a463-8469726ca882/build]   | *sys-package-mgr*: processing new jar, '/home/runneradmin/.m2/repository/org/hamcrest/hamcrest-core/1.3/hamcrest-core-1.3.jar'
[305814c4-ddcc-4e23-a463-8469726ca882/build]   | *sys-package-mgr*: processing new jar, '/home/runneradmin/.m2/repository/org/python/jython/2.7-b1/jython-2.7-b1.jar'
[305814c4-ddcc-4e23-a463-8469726ca882/build]   | *sys-package-mgr*: processing new jar, '/home/runneradmin/.m2/repository/net/sf/opencsv/opencsv/2.3/opencsv-2.3.jar'
[305814c4-ddcc-4e23-a463-8469726ca882/build]   | *sys-package-mgr*: processing new jar, '/home/runneradmin/.m2/repository/org/clojars/processing-core/org.processing.core/1.5.1/org.processing.core-1.5.1.jar'
[305814c4-ddcc-4e23-a463-8469726ca882/build]   | *sys-package-mgr*: processing new jar, '/home/runneradmin/.m2/repository/ddf/minim/ddf.minim/2.2.0/ddf.minim-2.2.0.jar'
[305814c4-ddcc-4e23-a463-8469726ca882/build]   | *sys-package-mgr*: processing new jar, '/home/runneradmin/.m2/repository/org/clojars/automata/jl/1.0.0/jl-1.0.0.jar'
[305814c4-ddcc-4e23-a463-8469726ca882/build]   | *sys-package-mgr*: processing new jar, '/home/runneradmin/.m2/repository/org/clojars/automata/mp3spi/1.9.4/mp3spi-1.9.4.jar'
[305814c4-ddcc-4e23-a463-8469726ca882/build]   | *sys-package-mgr*: processing new jar, '/home/runneradmin/.m2/repository/org/clojars/automata/tritonus-aos/1.0.0/tritonus-aos-1.0.0.jar'
[305814c4-ddcc-4e23-a463-8469726ca882/build]   | *sys-package-mgr*: processing new jar, '/home/runneradmin/.m2/repository/org/clojars/automata/tritonus-share/1.0.0/tritonus-share-1.0.0.jar'
[305814c4-ddcc-4e23-a463-8469726ca882/build]   | *sys-package-mgr*: processing new jar, '/home/runneradmin/.m2/repository/de/sojamo/oscp5/0.9.8/oscp5-0.9.8.jar'
[305814c4-ddcc-4e23-a463-8469726ca882/build]   | Tests run: 4, Failures: 0, Errors: 0, Skipped: 0, Time elapsed: 3.053 sec
[305814c4-ddcc-4e23-a463-8469726ca882/build]   | Running nodebox.function.PythonLibraryTest
[305814c4-ddcc-4e23-a463-8469726ca882/build]   | Tests run: 6, Failures: 0, Errors: 0, Skipped: 0, Time elapsed: 0.021 sec
[305814c4-ddcc-4e23-a463-8469726ca882/build]   | Running nodebox.function.StringFunctionsTest
[305814c4-ddcc-4e23-a463-8469726ca882/build]   | Tests run: 5, Failures: 0, Errors: 0, Skipped: 0, Time elapsed: 0 sec
[305814c4-ddcc-4e23-a463-8469726ca882/build]   | Running nodebox.function.ClojureLibraryTest
[305814c4-ddcc-4e23-a463-8469726ca882/build]   | Tests run: 3, Failures: 0, Errors: 0, Skipped: 0, Time elapsed: 0.003 sec
[305814c4-ddcc-4e23-a463-8469726ca882/build]   | Running nodebox.function.FunctionsTest
[305814c4-ddcc-4e23-a463-8469726ca882/build]   | Tests run: 1, Failures: 0, Errors: 0, Skipped: 0, Time elapsed: 0.001 sec
[305814c4-ddcc-4e23-a463-8469726ca882/build]   | Running nodebox.versioncheck.UpdaterTest
[305814c4-ddcc-4e23-a463-8469726ca882/build]   | Jul 12, 2023 2:51:51 AM java.util.prefs.FileSystemPreferences$1 run
[305814c4-ddcc-4e23-a463-8469726ca882/build]   | INFO: Created user preferences directory.
[305814c4-ddcc-4e23-a463-8469726ca882/build]   | Tests run: 4, Failures: 0, Errors: 0, Skipped: 0, Time elapsed: 0.266 sec
[305814c4-ddcc-4e23-a463-8469726ca882/build]   | Running nodebox.versioncheck.VersionTest
[305814c4-ddcc-4e23-a463-8469726ca882/build]   | Tests run: 1, Failures: 0, Errors: 0, Skipped: 0, Time elapsed: 0 sec
[305814c4-ddcc-4e23-a463-8469726ca882/build]   | Running nodebox.node.NodeLibraryTest
[305814c4-ddcc-4e23-a463-8469726ca882/build]   | Tests run: 47, Failures: 0, Errors: 0, Skipped: 0, Time elapsed: 0.833 sec
[305814c4-ddcc-4e23-a463-8469726ca882/build]   | Running nodebox.node.ConnectionTest
[305814c4-ddcc-4e23-a463-8469726ca882/build]   | Tests run: 3, Failures: 0, Errors: 0, Skipped: 0, Time elapsed: 0 sec
[305814c4-ddcc-4e23-a463-8469726ca882/build]   | Running nodebox.node.polygraph.PolygonTest
[305814c4-ddcc-4e23-a463-8469726ca882/build]   | Tests run: 2, Failures: 0, Errors: 0, Skipped: 0, Time elapsed: 0.001 sec
[305814c4-ddcc-4e23-a463-8469726ca882/build]   | Running nodebox.node.NodeTest
[305814c4-ddcc-4e23-a463-8469726ca882/build]   | Tests run: 15, Failures: 0, Errors: 0, Skipped: 0, Time elapsed: 0 sec
[305814c4-ddcc-4e23-a463-8469726ca882/build]   | Running nodebox.node.PublishedPortTest
[305814c4-ddcc-4e23-a463-8469726ca882/build]   | Tests run: 7, Failures: 0, Errors: 0, Skipped: 0, Time elapsed: 0 sec
[305814c4-ddcc-4e23-a463-8469726ca882/build]   | Running nodebox.node.NodeContextTest
[305814c4-ddcc-4e23-a463-8469726ca882/build]   | Tests run: 33, Failures: 0, Errors: 0, Skipped: 0, Time elapsed: 0.001 sec
[305814c4-ddcc-4e23-a463-8469726ca882/build]   | Running nodebox.node.PortTest
[305814c4-ddcc-4e23-a463-8469726ca882/build]   | Tests run: 12, Failures: 0, Errors: 0, Skipped: 0, Time elapsed: 0 sec
[305814c4-ddcc-4e23-a463-8469726ca882/build]   | Running nodebox.node.TypeConversionsTest
[305814c4-ddcc-4e23-a463-8469726ca882/build]   | Tests run: 1, Failures: 0, Errors: 0, Skipped: 0, Time elapsed: 0 sec
[305814c4-ddcc-4e23-a463-8469726ca882/build]   | Running nodebox.node.VersionTest
[305814c4-ddcc-4e23-a463-8469726ca882/build]   | Tests run: 2, Failures: 0, Errors: 0, Skipped: 0, Time elapsed: 0 sec
[305814c4-ddcc-4e23-a463-8469726ca882/build]   | Running nodebox.node.NodeLibraryControllerTest
[305814c4-ddcc-4e23-a463-8469726ca882/build]   | Tests run: 31, Failures: 0, Errors: 0, Skipped: 0, Time elapsed: 0.001 sec
[305814c4-ddcc-4e23-a463-8469726ca882/build]   | Running nodebox.graphics.GraphicsContextTest
[305814c4-ddcc-4e23-a463-8469726ca882/build]   | *sys-package-mgr*: processing new jar, '/tmp/026a1b48-6fca-49c8-82b6-bd8d1740c200/lib/python.zip'
[305814c4-ddcc-4e23-a463-8469726ca882/build]   | Tests run: 3, Failures: 0, Errors: 0, Skipped: 0, Time elapsed: 0.115 sec
[305814c4-ddcc-4e23-a463-8469726ca882/build]   | Running nodebox.graphics.CanvasTest
[305814c4-ddcc-4e23-a463-8469726ca882/build]   | Tests run: 1, Failures: 0, Errors: 0, Skipped: 0, Time elapsed: 0 sec
[305814c4-ddcc-4e23-a463-8469726ca882/build]   | Running nodebox.graphics.GraphicsTestCase
[305814c4-ddcc-4e23-a463-8469726ca882/build]   | Tests run: 1, Failures: 0, Errors: 0, Skipped: 0, Time elapsed: 0 sec
[305814c4-ddcc-4e23-a463-8469726ca882/build]   | Running nodebox.graphics.ContourTest
[305814c4-ddcc-4e23-a463-8469726ca882/build]   | Tests run: 11, Failures: 0, Errors: 0, Skipped: 0, Time elapsed: 0.001 sec
[305814c4-ddcc-4e23-a463-8469726ca882/build]   | Running nodebox.graphics.GrobTest
[305814c4-ddcc-4e23-a463-8469726ca882/build]   | Tests run: 1, Failures: 0, Errors: 0, Skipped: 0, Time elapsed: 0 sec
[305814c4-ddcc-4e23-a463-8469726ca882/build]   | Running nodebox.graphics.TransformTest
[305814c4-ddcc-4e23-a463-8469726ca882/build]   | Tests run: 2, Failures: 0, Errors: 0, Skipped: 0, Time elapsed: 0 sec
[305814c4-ddcc-4e23-a463-8469726ca882/build]   | Running nodebox.graphics.PointTest
[305814c4-ddcc-4e23-a463-8469726ca882/build]   | Tests run: 1, Failures: 0, Errors: 0, Skipped: 0, Time elapsed: 0.001 sec
[305814c4-ddcc-4e23-a463-8469726ca882/build]   | Running nodebox.graphics.ColorTest
[305814c4-ddcc-4e23-a463-8469726ca882/build]   | Tests run: 2, Failures: 0, Errors: 0, Skipped: 0, Time elapsed: 0 sec
[305814c4-ddcc-4e23-a463-8469726ca882/build]   | Running nodebox.graphics.PathTest
[305814c4-ddcc-4e23-a463-8469726ca882/build]   | Tests run: 6, Failures: 0, Errors: 0, Skipped: 0, Time elapsed: 0.001 sec
[305814c4-ddcc-4e23-a463-8469726ca882/build]   | Running nodebox.graphics.SVGRendererTest
[305814c4-ddcc-4e23-a463-8469726ca882/build]   | Tests run: 3, Failures: 0, Errors: 0, Skipped: 0, Time elapsed: 0 sec
[305814c4-ddcc-4e23-a463-8469726ca882/build]   | Running nodebox.graphics.GeometryTest
[305814c4-ddcc-4e23-a463-8469726ca882/build]   | Tests run: 11, Failures: 0, Errors: 0, Skipped: 0, Time elapsed: 0 sec
[305814c4-ddcc-4e23-a463-8469726ca882/build]   | Running nodebox.graphics.RectTest
[305814c4-ddcc-4e23-a463-8469726ca882/build]   | Tests run: 4, Failures: 0, Errors: 0, Skipped: 0, Time elapsed: 0.001 sec
[305814c4-ddcc-4e23-a463-8469726ca882/build]   | Running nodebox.localhistory.RepositoryTest
[305814c4-ddcc-4e23-a463-8469726ca882/build]   | Tests run: 3, Failures: 0, Errors: 0, Skipped: 0, Time elapsed: 0 sec
[305814c4-ddcc-4e23-a463-8469726ca882/build]   | Running nodebox.util.WavesTest
[305814c4-ddcc-4e23-a463-8469726ca882/build]   | Tests run: 2, Failures: 0, Errors: 0, Skipped: 0, Time elapsed: 0 sec
[305814c4-ddcc-4e23-a463-8469726ca882/build]   | Running nodebox.util.FileUtilTest
[305814c4-ddcc-4e23-a463-8469726ca882/build]   | Tests run: 4, Failures: 0, Errors: 0, Skipped: 0, Time elapsed: 0 sec
[305814c4-ddcc-4e23-a463-8469726ca882/build]   | Running nodebox.util.ListUtilsTest
[305814c4-ddcc-4e23-a463-8469726ca882/build]   | Tests run: 1, Failures: 0, Errors: 0, Skipped: 0, Time elapsed: 0 sec
[305814c4-ddcc-4e23-a463-8469726ca882/build]   | 
[305814c4-ddcc-4e23-a463-8469726ca882/build]   | Results :
[305814c4-ddcc-4e23-a463-8469726ca882/build]   | 
[305814c4-ddcc-4e23-a463-8469726ca882/build]   | Tests run: 291, Failures: 0, Errors: 0, Skipped: 0
[305814c4-ddcc-4e23-a463-8469726ca882/build]   | 
[305814c4-ddcc-4e23-a463-8469726ca882/build]   | [INFO] 
[305814c4-ddcc-4e23-a463-8469726ca882/build]   | [INFO] --- maven-jar-plugin:2.4:jar (default-jar) @ nodebox ---
[305814c4-ddcc-4e23-a463-8469726ca882/build]   | [INFO] Downloading from central: https://repo.maven.apache.org/maven2/org/apache/maven/maven-archiver/2.5/maven-archiver-2.5.pom
[305814c4-ddcc-4e23-a463-8469726ca882/build]   | [INFO] Downloaded from central: https://repo.maven.apache.org/maven2/org/apache/maven/maven-archiver/2.5/maven-archiver-2.5.pom (4.5 kB at 151 kB/s)
[305814c4-ddcc-4e23-a463-8469726ca882/build]   | [INFO] Downloading from central: https://repo.maven.apache.org/maven2/org/codehaus/plexus/plexus-archiver/2.1/plexus-archiver-2.1.pom
[305814c4-ddcc-4e23-a463-8469726ca882/build]   | [INFO] Downloaded from central: https://repo.maven.apache.org/maven2/org/codehaus/plexus/plexus-archiver/2.1/plexus-archiver-2.1.pom (2.8 kB at 74 kB/s)
[305814c4-ddcc-4e23-a463-8469726ca882/build]   | [INFO] Downloading from central: https://repo.maven.apache.org/maven2/org/codehaus/plexus/plexus-io/2.0.2/plexus-io-2.0.2.pom
[305814c4-ddcc-4e23-a463-8469726ca882/build]   | [INFO] Downloaded from central: https://repo.maven.apache.org/maven2/org/codehaus/plexus/plexus-io/2.0.2/plexus-io-2.0.2.pom (1.7 kB at 39 kB/s)
[305814c4-ddcc-4e23-a463-8469726ca882/build]   | [INFO] Downloading from central: https://repo.maven.apache.org/maven2/org/codehaus/plexus/plexus-components/1.1.19/plexus-components-1.1.19.pom
[305814c4-ddcc-4e23-a463-8469726ca882/build]   | [INFO] Downloaded from central: https://repo.maven.apache.org/maven2/org/codehaus/plexus/plexus-components/1.1.19/plexus-components-1.1.19.pom (2.7 kB at 66 kB/s)
[305814c4-ddcc-4e23-a463-8469726ca882/build]   | [INFO] Downloading from central: https://repo.maven.apache.org/maven2/org/codehaus/plexus/plexus/3.0.1/plexus-3.0.1.pom
[305814c4-ddcc-4e23-a463-8469726ca882/build]   | [INFO] Downloaded from central: https://repo.maven.apache.org/maven2/org/codehaus/plexus/plexus/3.0.1/plexus-3.0.1.pom (19 kB at 716 kB/s)
[305814c4-ddcc-4e23-a463-8469726ca882/build]   | [INFO] Downloading from central: https://repo.maven.apache.org/maven2/org/codehaus/plexus/plexus-interpolation/1.15/plexus-interpolation-1.15.pom
[305814c4-ddcc-4e23-a463-8469726ca882/build]   | [INFO] Downloaded from central: https://repo.maven.apache.org/maven2/org/codehaus/plexus/plexus-interpolation/1.15/plexus-interpolation-1.15.pom (1.0 kB at 31 kB/s)
[305814c4-ddcc-4e23-a463-8469726ca882/build]   | [INFO] Downloading from central: https://repo.maven.apache.org/maven2/commons-lang/commons-lang/2.1/commons-lang-2.1.pom
[305814c4-ddcc-4e23-a463-8469726ca882/build]   | [INFO] Downloaded from central: https://repo.maven.apache.org/maven2/commons-lang/commons-lang/2.1/commons-lang-2.1.pom (9.9 kB at 382 kB/s)
[305814c4-ddcc-4e23-a463-8469726ca882/build]   | [INFO] Downloading from central: https://repo.maven.apache.org/maven2/org/apache/maven/maven-archiver/2.5/maven-archiver-2.5.jar
[305814c4-ddcc-4e23-a463-8469726ca882/build]   | [INFO] Downloading from central: https://repo.maven.apache.org/maven2/org/codehaus/plexus/plexus-interpolation/1.15/plexus-interpolation-1.15.jar
[305814c4-ddcc-4e23-a463-8469726ca882/build]   | [INFO] Downloading from central: https://repo.maven.apache.org/maven2/org/codehaus/plexus/plexus-archiver/2.1/plexus-archiver-2.1.jar
[305814c4-ddcc-4e23-a463-8469726ca882/build]   | [INFO] Downloading from central: https://repo.maven.apache.org/maven2/org/codehaus/plexus/plexus-io/2.0.2/plexus-io-2.0.2.jar
[305814c4-ddcc-4e23-a463-8469726ca882/build]   | [INFO] Downloading from central: https://repo.maven.apache.org/maven2/commons-lang/commons-lang/2.1/commons-lang-2.1.jar
[305814c4-ddcc-4e23-a463-8469726ca882/build]   | [INFO] Downloaded from central: https://repo.maven.apache.org/maven2/org/codehaus/plexus/plexus-interpolation/1.15/plexus-interpolation-1.15.jar (60 kB at 1.3 MB/s)
[305814c4-ddcc-4e23-a463-8469726ca882/build]   | [INFO] Downloaded from central: https://repo.maven.apache.org/maven2/commons-lang/commons-lang/2.1/commons-lang-2.1.jar (208 kB at 4.1 MB/s)
[305814c4-ddcc-4e23-a463-8469726ca882/build]   | [INFO] Downloaded from central: https://repo.maven.apache.org/maven2/org/apache/maven/maven-archiver/2.5/maven-archiver-2.5.jar (22 kB at 376 kB/s)
[305814c4-ddcc-4e23-a463-8469726ca882/build]   | [INFO] Downloaded from central: https://repo.maven.apache.org/maven2/org/codehaus/plexus/plexus-io/2.0.2/plexus-io-2.0.2.jar (58 kB at 1.0 MB/s)
[305814c4-ddcc-4e23-a463-8469726ca882/build]   | [INFO] Downloaded from central: https://repo.maven.apache.org/maven2/org/codehaus/plexus/plexus-archiver/2.1/plexus-archiver-2.1.jar (184 kB at 2.1 MB/s)
[305814c4-ddcc-4e23-a463-8469726ca882/build]   | [INFO] Building jar: /tmp/026a1b48-6fca-49c8-82b6-bd8d1740c200/target/nodebox-3.0-SNAPSHOT.jar
[305814c4-ddcc-4e23-a463-8469726ca882/build]   | [INFO] ------------------------------------------------------------------------
[305814c4-ddcc-4e23-a463-8469726ca882/build]   | [INFO] BUILD SUCCESS
[305814c4-ddcc-4e23-a463-8469726ca882/build]   | [INFO] ------------------------------------------------------------------------
[305814c4-ddcc-4e23-a463-8469726ca882/build]   | [INFO] Total time:  51.933 s
[305814c4-ddcc-4e23-a463-8469726ca882/build]   | [INFO] Finished at: 2023-07-12T02:51:54Z
[305814c4-ddcc-4e23-a463-8469726ca882/build]   | [INFO] ------------------------------------------------------------------------
[305814c4-ddcc-4e23-a463-8469726ca882/build]   ‚úÖ  Success - Main Build with Maven
[305814c4-ddcc-4e23-a463-8469726ca882/build] unable to get git ref: failed to identify reference (tag/branch) for the checked-out revision '87f76e0e4e0b826c4c29f57b45869d399b770962'
[305814c4-ddcc-4e23-a463-8469726ca882/build] unable to get git ref: failed to identify reference (tag/branch) for the checked-out revision '87f76e0e4e0b826c4c29f57b45869d399b770962'
[305814c4-ddcc-4e23-a463-8469726ca882/build] unable to get git ref: failed to identify reference (tag/branch) for the checked-out revision '87f76e0e4e0b826c4c29f57b45869d399b770962'
[305814c4-ddcc-4e23-a463-8469726ca882/build] unable to get git ref: failed to identify reference (tag/branch) for the checked-out revision '87f76e0e4e0b826c4c29f57b45869d399b770962'
[305814c4-ddcc-4e23-a463-8469726ca882/build] unable to get git ref: failed to identify reference (tag/branch) for the checked-out revision '87f76e0e4e0b826c4c29f57b45869d399b770962'
[305814c4-ddcc-4e23-a463-8469726ca882/build] ‚≠ê Run Post Set up JDK 11
[305814c4-ddcc-4e23-a463-8469726ca882/build]   üê≥  docker exec cmd=[node /var/run/act/actions/actions-setup-java@v1/dist/cleanup/index.js] user= workdir=
[305814c4-ddcc-4e23-a463-8469726ca882/build]   ‚úÖ  Success - Post Set up JDK 11
[305814c4-ddcc-4e23-a463-8469726ca882/build] üèÅ  Job succeeded
[305814c4-ddcc-4e23-a463-8469726ca882/build] unable to get git ref: failed to identify reference (tag/branch) for the checked-out revision '87f76e0e4e0b826c4c29f57b45869d399b770962'
