[ac894df9-f39a-408c-88b1-a6c4312681f5/build] üöÄ  Start image=crawlergpt:latest
[ac894df9-f39a-408c-88b1-a6c4312681f5/build]   üê≥  docker pull image=crawlergpt:latest platform= username= forcePull=false
[ac894df9-f39a-408c-88b1-a6c4312681f5/build]   üê≥  docker create image=crawlergpt:latest platform= entrypoint=["tail" "-f" "/dev/null"] cmd=[]
[ac894df9-f39a-408c-88b1-a6c4312681f5/build]   üê≥  docker run image=crawlergpt:latest platform= entrypoint=["tail" "-f" "/dev/null"] cmd=[]
[ac894df9-f39a-408c-88b1-a6c4312681f5/build]   üê≥  docker exec cmd=[chown -R 1012:1013 /tmp/026a1b48-6fca-49c8-82b6-bd8d1740c200] user=0 workdir=
[ac894df9-f39a-408c-88b1-a6c4312681f5/build] unable to get git ref: failed to identify reference (tag/branch) for the checked-out revision '8c50c43c5412f368808cd47675877515cf8d0330'
[ac894df9-f39a-408c-88b1-a6c4312681f5/build] unable to get git ref: failed to identify reference (tag/branch) for the checked-out revision '8c50c43c5412f368808cd47675877515cf8d0330'
[ac894df9-f39a-408c-88b1-a6c4312681f5/build] unable to get git ref: failed to identify reference (tag/branch) for the checked-out revision '8c50c43c5412f368808cd47675877515cf8d0330'
[ac894df9-f39a-408c-88b1-a6c4312681f5/build] unable to get git ref: failed to identify reference (tag/branch) for the checked-out revision '8c50c43c5412f368808cd47675877515cf8d0330'
[ac894df9-f39a-408c-88b1-a6c4312681f5/build] unable to get git ref: failed to identify reference (tag/branch) for the checked-out revision '8c50c43c5412f368808cd47675877515cf8d0330'
[ac894df9-f39a-408c-88b1-a6c4312681f5/build] unable to get git ref: failed to identify reference (tag/branch) for the checked-out revision '8c50c43c5412f368808cd47675877515cf8d0330'
[ac894df9-f39a-408c-88b1-a6c4312681f5/build] unable to get git ref: failed to identify reference (tag/branch) for the checked-out revision '8c50c43c5412f368808cd47675877515cf8d0330'
[ac894df9-f39a-408c-88b1-a6c4312681f5/build] unable to get git ref: failed to identify reference (tag/branch) for the checked-out revision '8c50c43c5412f368808cd47675877515cf8d0330'
[ac894df9-f39a-408c-88b1-a6c4312681f5/build] unable to get git ref: failed to identify reference (tag/branch) for the checked-out revision '8c50c43c5412f368808cd47675877515cf8d0330'
[ac894df9-f39a-408c-88b1-a6c4312681f5/build] ‚≠ê Run Main actions/checkout@v2
[ac894df9-f39a-408c-88b1-a6c4312681f5/build] unable to get git ref: failed to identify reference (tag/branch) for the checked-out revision '8c50c43c5412f368808cd47675877515cf8d0330'
[ac894df9-f39a-408c-88b1-a6c4312681f5/build]   ‚úÖ  Success - Main actions/checkout@v2
[ac894df9-f39a-408c-88b1-a6c4312681f5/build] unable to get git ref: failed to identify reference (tag/branch) for the checked-out revision '8c50c43c5412f368808cd47675877515cf8d0330'
[ac894df9-f39a-408c-88b1-a6c4312681f5/build] unable to get git ref: failed to identify reference (tag/branch) for the checked-out revision '8c50c43c5412f368808cd47675877515cf8d0330'
[ac894df9-f39a-408c-88b1-a6c4312681f5/build] unable to get git ref: failed to identify reference (tag/branch) for the checked-out revision '8c50c43c5412f368808cd47675877515cf8d0330'
[ac894df9-f39a-408c-88b1-a6c4312681f5/build] unable to get git ref: failed to identify reference (tag/branch) for the checked-out revision '8c50c43c5412f368808cd47675877515cf8d0330'
[ac894df9-f39a-408c-88b1-a6c4312681f5/build] unable to get git ref: failed to identify reference (tag/branch) for the checked-out revision '8c50c43c5412f368808cd47675877515cf8d0330'
[ac894df9-f39a-408c-88b1-a6c4312681f5/build] ‚≠ê Run Main Set up JDK 11
[ac894df9-f39a-408c-88b1-a6c4312681f5/build] unable to get git ref: failed to identify reference (tag/branch) for the checked-out revision '8c50c43c5412f368808cd47675877515cf8d0330'
[ac894df9-f39a-408c-88b1-a6c4312681f5/build] unable to get git ref: failed to identify reference (tag/branch) for the checked-out revision '8c50c43c5412f368808cd47675877515cf8d0330'
[ac894df9-f39a-408c-88b1-a6c4312681f5/build] unable to get git ref: failed to identify reference (tag/branch) for the checked-out revision '8c50c43c5412f368808cd47675877515cf8d0330'
[ac894df9-f39a-408c-88b1-a6c4312681f5/build]   üê≥  docker cp src=/tmp/act-cache/14564b63-4e3d-4844-bb1d-df6958610632/act/actions-setup-java@v1/ dst=/var/run/act/actions/actions-setup-java@v1/
[ac894df9-f39a-408c-88b1-a6c4312681f5/build]   üê≥  docker exec cmd=[chown -R 1012:1013 /var/run/act/actions/actions-setup-java@v1/] user=0 workdir=
[ac894df9-f39a-408c-88b1-a6c4312681f5/build]   üê≥  docker exec cmd=[node /var/run/act/actions/actions-setup-java@v1/dist/setup/index.js] user= workdir=
[ac894df9-f39a-408c-88b1-a6c4312681f5/build]   üí¨  ::debug::isExplicit: 
[ac894df9-f39a-408c-88b1-a6c4312681f5/build]   üí¨  ::debug::explicit? false
[ac894df9-f39a-408c-88b1-a6c4312681f5/build]   üí¨  ::debug::evaluating 0 versions
[ac894df9-f39a-408c-88b1-a6c4312681f5/build]   üí¨  ::debug::match not found
[ac894df9-f39a-408c-88b1-a6c4312681f5/build]   üí¨  ::debug::Downloading JDK from Azul
[ac894df9-f39a-408c-88b1-a6c4312681f5/build]   üí¨  ::debug::Searching for files with extension: -linux_x64.tar.gz
[ac894df9-f39a-408c-88b1-a6c4312681f5/build]   üí¨  ::debug::Downloading https://static.azul.com/zulu/bin/zulu11.64.19-ca-jdk11.0.19-linux_x64.tar.gz
[ac894df9-f39a-408c-88b1-a6c4312681f5/build]   üí¨  ::debug::Downloading /tmp/edf278d0-3d56-42ea-bc5b-e829daadb10a
[ac894df9-f39a-408c-88b1-a6c4312681f5/build]   üí¨  ::debug::download complete
[ac894df9-f39a-408c-88b1-a6c4312681f5/build]   | [command]/usr/bin/tar --version
[ac894df9-f39a-408c-88b1-a6c4312681f5/build]   | tar (GNU tar) 1.30
[ac894df9-f39a-408c-88b1-a6c4312681f5/build]   | Copyright (C) 2017 Free Software Foundation, Inc.
[ac894df9-f39a-408c-88b1-a6c4312681f5/build]   | License GPLv3+: GNU GPL version 3 or later <https://gnu.org/licenses/gpl.html>.
[ac894df9-f39a-408c-88b1-a6c4312681f5/build]   | This is free software: you are free to change and redistribute it.
[ac894df9-f39a-408c-88b1-a6c4312681f5/build]   | There is NO WARRANTY, to the extent permitted by law.
[ac894df9-f39a-408c-88b1-a6c4312681f5/build]   | 
[ac894df9-f39a-408c-88b1-a6c4312681f5/build]   | Written by John Gilmore and Jay Fenlason.
[ac894df9-f39a-408c-88b1-a6c4312681f5/build]   | [command]/usr/bin/tar xz --warning=no-unknown-keyword -C /tmp/temp_1639744335 -f /tmp/edf278d0-3d56-42ea-bc5b-e829daadb10a
[ac894df9-f39a-408c-88b1-a6c4312681f5/build]   üí¨  ::debug::jdk extracted to /tmp/temp_1639744335/zulu11.64.19-ca-jdk11.0.19-linux_x64
[ac894df9-f39a-408c-88b1-a6c4312681f5/build]   üí¨  ::debug::Caching tool jdk 11.0.19 x64
[ac894df9-f39a-408c-88b1-a6c4312681f5/build]   üí¨  ::debug::source dir: /tmp/temp_1639744335/zulu11.64.19-ca-jdk11.0.19-linux_x64
[ac894df9-f39a-408c-88b1-a6c4312681f5/build]   üí¨  ::debug::destination /opt/hostedtoolcache/jdk/11.0.19/x64
[ac894df9-f39a-408c-88b1-a6c4312681f5/build]   üí¨  ::debug::finished caching tool
[ac894df9-f39a-408c-88b1-a6c4312681f5/build]   ‚ùì add-matcher /run/act/actions/actions-setup-java@v1/.github/java.json
[ac894df9-f39a-408c-88b1-a6c4312681f5/build]   | creating settings.xml with server-id: github; environment variables: username=$GITHUB_ACTOR, password=$GITHUB_TOKEN, and gpg-passphrase=null
[ac894df9-f39a-408c-88b1-a6c4312681f5/build]   üí¨  ::debug::created directory /home/runneradmin/.m2
[ac894df9-f39a-408c-88b1-a6c4312681f5/build]   | writing /home/runneradmin/.m2/settings.xml
[ac894df9-f39a-408c-88b1-a6c4312681f5/build]   ‚úÖ  Success - Main Set up JDK 11
[ac894df9-f39a-408c-88b1-a6c4312681f5/build]   ‚öô  ::set-env:: JAVA_HOME_11.0.19_x64=/opt/hostedtoolcache/jdk/11.0.19/x64
[ac894df9-f39a-408c-88b1-a6c4312681f5/build]   ‚öô  ::set-env:: JAVA_HOME=/opt/hostedtoolcache/jdk/11.0.19/x64
[ac894df9-f39a-408c-88b1-a6c4312681f5/build]   ‚öô  ::set-env:: JAVA_HOME_11_0_19_X64=/opt/hostedtoolcache/jdk/11.0.19/x64
[ac894df9-f39a-408c-88b1-a6c4312681f5/build]   ‚öô  ::set-output:: path=/opt/hostedtoolcache/jdk/11.0.19/x64
[ac894df9-f39a-408c-88b1-a6c4312681f5/build]   ‚öô  ::set-output:: version=11.0.19
[ac894df9-f39a-408c-88b1-a6c4312681f5/build]   ‚öô  ::add-path:: /opt/hostedtoolcache/jdk/11.0.19/x64/bin
[ac894df9-f39a-408c-88b1-a6c4312681f5/build] unable to get git ref: failed to identify reference (tag/branch) for the checked-out revision '8c50c43c5412f368808cd47675877515cf8d0330'
[ac894df9-f39a-408c-88b1-a6c4312681f5/build] unable to get git ref: failed to identify reference (tag/branch) for the checked-out revision '8c50c43c5412f368808cd47675877515cf8d0330'
[ac894df9-f39a-408c-88b1-a6c4312681f5/build] unable to get git ref: failed to identify reference (tag/branch) for the checked-out revision '8c50c43c5412f368808cd47675877515cf8d0330'
[ac894df9-f39a-408c-88b1-a6c4312681f5/build] unable to get git ref: failed to identify reference (tag/branch) for the checked-out revision '8c50c43c5412f368808cd47675877515cf8d0330'
[ac894df9-f39a-408c-88b1-a6c4312681f5/build] unable to get git ref: failed to identify reference (tag/branch) for the checked-out revision '8c50c43c5412f368808cd47675877515cf8d0330'
[ac894df9-f39a-408c-88b1-a6c4312681f5/build] ‚≠ê Run Main Build with Maven
[ac894df9-f39a-408c-88b1-a6c4312681f5/build] unable to get git ref: failed to identify reference (tag/branch) for the checked-out revision '8c50c43c5412f368808cd47675877515cf8d0330'
[ac894df9-f39a-408c-88b1-a6c4312681f5/build] unable to get git ref: failed to identify reference (tag/branch) for the checked-out revision '8c50c43c5412f368808cd47675877515cf8d0330'
[ac894df9-f39a-408c-88b1-a6c4312681f5/build] unable to get git ref: failed to identify reference (tag/branch) for the checked-out revision '8c50c43c5412f368808cd47675877515cf8d0330'
[ac894df9-f39a-408c-88b1-a6c4312681f5/build] unable to get git ref: failed to identify reference (tag/branch) for the checked-out revision '8c50c43c5412f368808cd47675877515cf8d0330'
[ac894df9-f39a-408c-88b1-a6c4312681f5/build]   üê≥  docker exec cmd=[bash --noprofile --norc -e -o pipefail /var/run/act/workflow/2] user= workdir=
[ac894df9-f39a-408c-88b1-a6c4312681f5/build]   | [INFO] Scanning for projects...
[ac894df9-f39a-408c-88b1-a6c4312681f5/build]   | [INFO] 
[ac894df9-f39a-408c-88b1-a6c4312681f5/build]   | [INFO] ------------------------< net.nodebox:nodebox >-------------------------
[ac894df9-f39a-408c-88b1-a6c4312681f5/build]   | [INFO] Building NodeBox 3.0-SNAPSHOT
[ac894df9-f39a-408c-88b1-a6c4312681f5/build]   | [INFO] --------------------------------[ jar ]---------------------------------
[ac894df9-f39a-408c-88b1-a6c4312681f5/build]   | [INFO] Downloading from central: https://repo.maven.apache.org/maven2/org/apache/maven/plugins/maven-resources-plugin/2.6/maven-resources-plugin-2.6.pom
[ac894df9-f39a-408c-88b1-a6c4312681f5/build]   | [INFO] Downloaded from central: https://repo.maven.apache.org/maven2/org/apache/maven/plugins/maven-resources-plugin/2.6/maven-resources-plugin-2.6.pom (8.1 kB at 24 kB/s)
[ac894df9-f39a-408c-88b1-a6c4312681f5/build]   | [INFO] Downloading from central: https://repo.maven.apache.org/maven2/org/apache/maven/plugins/maven-plugins/23/maven-plugins-23.pom
[ac894df9-f39a-408c-88b1-a6c4312681f5/build]   | [INFO] Downloaded from central: https://repo.maven.apache.org/maven2/org/apache/maven/plugins/maven-plugins/23/maven-plugins-23.pom (9.2 kB at 256 kB/s)
[ac894df9-f39a-408c-88b1-a6c4312681f5/build]   | [INFO] Downloading from central: https://repo.maven.apache.org/maven2/org/apache/maven/maven-parent/22/maven-parent-22.pom
[ac894df9-f39a-408c-88b1-a6c4312681f5/build]   | [INFO] Downloaded from central: https://repo.maven.apache.org/maven2/org/apache/maven/maven-parent/22/maven-parent-22.pom (30 kB at 273 kB/s)
[ac894df9-f39a-408c-88b1-a6c4312681f5/build]   | [INFO] Downloading from central: https://repo.maven.apache.org/maven2/org/apache/apache/11/apache-11.pom
[ac894df9-f39a-408c-88b1-a6c4312681f5/build]   | [INFO] Downloaded from central: https://repo.maven.apache.org/maven2/org/apache/apache/11/apache-11.pom (15 kB at 30 kB/s)
[ac894df9-f39a-408c-88b1-a6c4312681f5/build]   | [INFO] Downloading from central: https://repo.maven.apache.org/maven2/org/apache/maven/plugins/maven-resources-plugin/2.6/maven-resources-plugin-2.6.jar
[ac894df9-f39a-408c-88b1-a6c4312681f5/build]   | [INFO] Downloaded from central: https://repo.maven.apache.org/maven2/org/apache/maven/plugins/maven-resources-plugin/2.6/maven-resources-plugin-2.6.jar (30 kB at 292 kB/s)
[ac894df9-f39a-408c-88b1-a6c4312681f5/build]   | [INFO] Downloading from central: https://repo.maven.apache.org/maven2/org/apache/maven/plugins/maven-compiler-plugin/2.5.1/maven-compiler-plugin-2.5.1.pom
[ac894df9-f39a-408c-88b1-a6c4312681f5/build]   | [INFO] Downloaded from central: https://repo.maven.apache.org/maven2/org/apache/maven/plugins/maven-compiler-plugin/2.5.1/maven-compiler-plugin-2.5.1.pom (7.9 kB at 29 kB/s)
[ac894df9-f39a-408c-88b1-a6c4312681f5/build]   | [INFO] Downloading from central: https://repo.maven.apache.org/maven2/org/apache/maven/plugins/maven-plugins/22/maven-plugins-22.pom
[ac894df9-f39a-408c-88b1-a6c4312681f5/build]   | [INFO] Downloaded from central: https://repo.maven.apache.org/maven2/org/apache/maven/plugins/maven-plugins/22/maven-plugins-22.pom (13 kB at 241 kB/s)
[ac894df9-f39a-408c-88b1-a6c4312681f5/build]   | [INFO] Downloading from central: https://repo.maven.apache.org/maven2/org/apache/maven/maven-parent/21/maven-parent-21.pom
[ac894df9-f39a-408c-88b1-a6c4312681f5/build]   | [INFO] Downloaded from central: https://repo.maven.apache.org/maven2/org/apache/maven/maven-parent/21/maven-parent-21.pom (26 kB at 283 kB/s)
[ac894df9-f39a-408c-88b1-a6c4312681f5/build]   | [INFO] Downloading from central: https://repo.maven.apache.org/maven2/org/apache/apache/10/apache-10.pom
[ac894df9-f39a-408c-88b1-a6c4312681f5/build]   | [INFO] Downloaded from central: https://repo.maven.apache.org/maven2/org/apache/apache/10/apache-10.pom (15 kB at 260 kB/s)
[ac894df9-f39a-408c-88b1-a6c4312681f5/build]   | [INFO] Downloading from central: https://repo.maven.apache.org/maven2/org/apache/maven/plugins/maven-compiler-plugin/2.5.1/maven-compiler-plugin-2.5.1.jar
[ac894df9-f39a-408c-88b1-a6c4312681f5/build]   | [INFO] Downloaded from central: https://repo.maven.apache.org/maven2/org/apache/maven/plugins/maven-compiler-plugin/2.5.1/maven-compiler-plugin-2.5.1.jar (33 kB at 96 kB/s)
[ac894df9-f39a-408c-88b1-a6c4312681f5/build]   | [INFO] Downloading from central: https://repo.maven.apache.org/maven2/org/apache/maven/plugins/maven-surefire-plugin/2.12.4/maven-surefire-plugin-2.12.4.pom
[ac894df9-f39a-408c-88b1-a6c4312681f5/build]   | [INFO] Downloaded from central: https://repo.maven.apache.org/maven2/org/apache/maven/plugins/maven-surefire-plugin/2.12.4/maven-surefire-plugin-2.12.4.pom (10 kB at 184 kB/s)
[ac894df9-f39a-408c-88b1-a6c4312681f5/build]   | [INFO] Downloading from central: https://repo.maven.apache.org/maven2/org/apache/maven/surefire/surefire/2.12.4/surefire-2.12.4.pom
[ac894df9-f39a-408c-88b1-a6c4312681f5/build]   | [INFO] Downloaded from central: https://repo.maven.apache.org/maven2/org/apache/maven/surefire/surefire/2.12.4/surefire-2.12.4.pom (14 kB at 40 kB/s)
[ac894df9-f39a-408c-88b1-a6c4312681f5/build]   | [INFO] Downloading from central: https://repo.maven.apache.org/maven2/org/apache/maven/plugins/maven-surefire-plugin/2.12.4/maven-surefire-plugin-2.12.4.jar
[ac894df9-f39a-408c-88b1-a6c4312681f5/build]   | [INFO] Downloaded from central: https://repo.maven.apache.org/maven2/org/apache/maven/plugins/maven-surefire-plugin/2.12.4/maven-surefire-plugin-2.12.4.jar (30 kB at 36 kB/s)
[ac894df9-f39a-408c-88b1-a6c4312681f5/build]   | [INFO] Downloading from central: https://repo.maven.apache.org/maven2/org/apache/maven/plugins/maven-jar-plugin/2.4/maven-jar-plugin-2.4.pom
[ac894df9-f39a-408c-88b1-a6c4312681f5/build]   | [INFO] Downloaded from central: https://repo.maven.apache.org/maven2/org/apache/maven/plugins/maven-jar-plugin/2.4/maven-jar-plugin-2.4.pom (5.8 kB at 139 kB/s)
[ac894df9-f39a-408c-88b1-a6c4312681f5/build]   | [INFO] Downloading from central: https://repo.maven.apache.org/maven2/org/apache/maven/plugins/maven-jar-plugin/2.4/maven-jar-plugin-2.4.jar
[ac894df9-f39a-408c-88b1-a6c4312681f5/build]   | [INFO] Downloaded from central: https://repo.maven.apache.org/maven2/org/apache/maven/plugins/maven-jar-plugin/2.4/maven-jar-plugin-2.4.jar (34 kB at 50 kB/s)
[ac894df9-f39a-408c-88b1-a6c4312681f5/build]   | [INFO] Downloading from clojars.org: https://clojars.org/repo/org/clojure/clojure/1.6.0/clojure-1.6.0.pom
[ac894df9-f39a-408c-88b1-a6c4312681f5/build]   | [INFO] Downloading from central: https://repo.maven.apache.org/maven2/org/clojure/clojure/1.6.0/clojure-1.6.0.pom
[ac894df9-f39a-408c-88b1-a6c4312681f5/build]   | [INFO] Downloaded from central: https://repo.maven.apache.org/maven2/org/clojure/clojure/1.6.0/clojure-1.6.0.pom (7.8 kB at 27 kB/s)
[ac894df9-f39a-408c-88b1-a6c4312681f5/build]   | [INFO] Downloading from clojars.org: https://clojars.org/repo/org/sonatype/oss/oss-parent/7/oss-parent-7.pom
[ac894df9-f39a-408c-88b1-a6c4312681f5/build]   | [INFO] Downloading from central: https://repo.maven.apache.org/maven2/org/sonatype/oss/oss-parent/7/oss-parent-7.pom
[ac894df9-f39a-408c-88b1-a6c4312681f5/build]   | [INFO] Downloaded from central: https://repo.maven.apache.org/maven2/org/sonatype/oss/oss-parent/7/oss-parent-7.pom (4.8 kB at 98 kB/s)
[ac894df9-f39a-408c-88b1-a6c4312681f5/build]   | [INFO] Downloading from clojars.org: https://clojars.org/repo/com/google/guava/guava/18.0/guava-18.0.pom
[ac894df9-f39a-408c-88b1-a6c4312681f5/build]   | [INFO] Downloading from central: https://repo.maven.apache.org/maven2/com/google/guava/guava/18.0/guava-18.0.pom
[ac894df9-f39a-408c-88b1-a6c4312681f5/build]   | [INFO] Downloaded from central: https://repo.maven.apache.org/maven2/com/google/guava/guava/18.0/guava-18.0.pom (5.7 kB at 83 kB/s)
[ac894df9-f39a-408c-88b1-a6c4312681f5/build]   | [INFO] Downloading from clojars.org: https://clojars.org/repo/com/google/guava/guava-parent/18.0/guava-parent-18.0.pom
[ac894df9-f39a-408c-88b1-a6c4312681f5/build]   | [INFO] Downloading from central: https://repo.maven.apache.org/maven2/com/google/guava/guava-parent/18.0/guava-parent-18.0.pom
[ac894df9-f39a-408c-88b1-a6c4312681f5/build]   | [INFO] Downloaded from central: https://repo.maven.apache.org/maven2/com/google/guava/guava-parent/18.0/guava-parent-18.0.pom (7.7 kB at 167 kB/s)
[ac894df9-f39a-408c-88b1-a6c4312681f5/build]   | [INFO] Downloading from clojars.org: https://clojars.org/repo/org/apache/httpcomponents/httpclient/4.2.3/httpclient-4.2.3.pom
[ac894df9-f39a-408c-88b1-a6c4312681f5/build]   | [INFO] Downloading from central: https://repo.maven.apache.org/maven2/org/apache/httpcomponents/httpclient/4.2.3/httpclient-4.2.3.pom
[ac894df9-f39a-408c-88b1-a6c4312681f5/build]   | [INFO] Downloaded from central: https://repo.maven.apache.org/maven2/org/apache/httpcomponents/httpclient/4.2.3/httpclient-4.2.3.pom (5.9 kB at 12 kB/s)
[ac894df9-f39a-408c-88b1-a6c4312681f5/build]   | [INFO] Downloading from clojars.org: https://clojars.org/repo/org/apache/httpcomponents/httpcomponents-client/4.2.3/httpcomponents-client-4.2.3.pom
[ac894df9-f39a-408c-88b1-a6c4312681f5/build]   | [INFO] Downloading from central: https://repo.maven.apache.org/maven2/org/apache/httpcomponents/httpcomponents-client/4.2.3/httpcomponents-client-4.2.3.pom
[ac894df9-f39a-408c-88b1-a6c4312681f5/build]   | [INFO] Downloaded from central: https://repo.maven.apache.org/maven2/org/apache/httpcomponents/httpcomponents-client/4.2.3/httpcomponents-client-4.2.3.pom (15 kB at 218 kB/s)
[ac894df9-f39a-408c-88b1-a6c4312681f5/build]   | [INFO] Downloading from clojars.org: https://clojars.org/repo/org/apache/httpcomponents/project/6/project-6.pom
[ac894df9-f39a-408c-88b1-a6c4312681f5/build]   | [INFO] Downloading from central: https://repo.maven.apache.org/maven2/org/apache/httpcomponents/project/6/project-6.pom
[ac894df9-f39a-408c-88b1-a6c4312681f5/build]   | [INFO] Downloaded from central: https://repo.maven.apache.org/maven2/org/apache/httpcomponents/project/6/project-6.pom (24 kB at 308 kB/s)
[ac894df9-f39a-408c-88b1-a6c4312681f5/build]   | [INFO] Downloading from clojars.org: https://clojars.org/repo/org/apache/httpcomponents/httpcore/4.2.2/httpcore-4.2.2.pom
[ac894df9-f39a-408c-88b1-a6c4312681f5/build]   | [INFO] Downloading from central: https://repo.maven.apache.org/maven2/org/apache/httpcomponents/httpcore/4.2.2/httpcore-4.2.2.pom
[ac894df9-f39a-408c-88b1-a6c4312681f5/build]   | [INFO] Downloaded from central: https://repo.maven.apache.org/maven2/org/apache/httpcomponents/httpcore/4.2.2/httpcore-4.2.2.pom (5.7 kB at 22 kB/s)
[ac894df9-f39a-408c-88b1-a6c4312681f5/build]   | [INFO] Downloading from clojars.org: https://clojars.org/repo/org/apache/httpcomponents/httpcomponents-core/4.2.2/httpcomponents-core-4.2.2.pom
[ac894df9-f39a-408c-88b1-a6c4312681f5/build]   | [INFO] Downloading from central: https://repo.maven.apache.org/maven2/org/apache/httpcomponents/httpcomponents-core/4.2.2/httpcomponents-core-4.2.2.pom
[ac894df9-f39a-408c-88b1-a6c4312681f5/build]   | [INFO] Downloaded from central: https://repo.maven.apache.org/maven2/org/apache/httpcomponents/httpcomponents-core/4.2.2/httpcomponents-core-4.2.2.pom (11 kB at 39 kB/s)
[ac894df9-f39a-408c-88b1-a6c4312681f5/build]   | [INFO] Downloading from clojars.org: https://clojars.org/repo/commons-logging/commons-logging/1.1.1/commons-logging-1.1.1.pom
[ac894df9-f39a-408c-88b1-a6c4312681f5/build]   | [INFO] Downloading from central: https://repo.maven.apache.org/maven2/commons-logging/commons-logging/1.1.1/commons-logging-1.1.1.pom
[ac894df9-f39a-408c-88b1-a6c4312681f5/build]   | [INFO] Downloaded from central: https://repo.maven.apache.org/maven2/commons-logging/commons-logging/1.1.1/commons-logging-1.1.1.pom (18 kB at 306 kB/s)
[ac894df9-f39a-408c-88b1-a6c4312681f5/build]   | [INFO] Downloading from clojars.org: https://clojars.org/repo/org/apache/commons/commons-parent/5/commons-parent-5.pom
[ac894df9-f39a-408c-88b1-a6c4312681f5/build]   | [INFO] Downloading from central: https://repo.maven.apache.org/maven2/org/apache/commons/commons-parent/5/commons-parent-5.pom
[ac894df9-f39a-408c-88b1-a6c4312681f5/build]   | [INFO] Downloaded from central: https://repo.maven.apache.org/maven2/org/apache/commons/commons-parent/5/commons-parent-5.pom (16 kB at 446 kB/s)
[ac894df9-f39a-408c-88b1-a6c4312681f5/build]   | [INFO] Downloading from clojars.org: https://clojars.org/repo/org/apache/apache/4/apache-4.pom
[ac894df9-f39a-408c-88b1-a6c4312681f5/build]   | [INFO] Downloading from central: https://repo.maven.apache.org/maven2/org/apache/apache/4/apache-4.pom
[ac894df9-f39a-408c-88b1-a6c4312681f5/build]   | [INFO] Downloaded from central: https://repo.maven.apache.org/maven2/org/apache/apache/4/apache-4.pom (4.5 kB at 214 kB/s)
[ac894df9-f39a-408c-88b1-a6c4312681f5/build]   | [INFO] Downloading from clojars.org: https://clojars.org/repo/commons-codec/commons-codec/1.6/commons-codec-1.6.pom
[ac894df9-f39a-408c-88b1-a6c4312681f5/build]   | [INFO] Downloading from central: https://repo.maven.apache.org/maven2/commons-codec/commons-codec/1.6/commons-codec-1.6.pom
[ac894df9-f39a-408c-88b1-a6c4312681f5/build]   | [INFO] Downloaded from central: https://repo.maven.apache.org/maven2/commons-codec/commons-codec/1.6/commons-codec-1.6.pom (11 kB at 507 kB/s)
[ac894df9-f39a-408c-88b1-a6c4312681f5/build]   | [INFO] Downloading from clojars.org: https://clojars.org/repo/org/apache/commons/commons-parent/22/commons-parent-22.pom
[ac894df9-f39a-408c-88b1-a6c4312681f5/build]   | [INFO] Downloading from central: https://repo.maven.apache.org/maven2/org/apache/commons/commons-parent/22/commons-parent-22.pom
[ac894df9-f39a-408c-88b1-a6c4312681f5/build]   | [INFO] Downloaded from central: https://repo.maven.apache.org/maven2/org/apache/commons/commons-parent/22/commons-parent-22.pom (42 kB at 791 kB/s)
[ac894df9-f39a-408c-88b1-a6c4312681f5/build]   | [INFO] Downloading from clojars.org: https://clojars.org/repo/org/apache/apache/9/apache-9.pom
[ac894df9-f39a-408c-88b1-a6c4312681f5/build]   | [INFO] Downloading from central: https://repo.maven.apache.org/maven2/org/apache/apache/9/apache-9.pom
[ac894df9-f39a-408c-88b1-a6c4312681f5/build]   | [INFO] Downloaded from central: https://repo.maven.apache.org/maven2/org/apache/apache/9/apache-9.pom (15 kB at 659 kB/s)
[ac894df9-f39a-408c-88b1-a6c4312681f5/build]   | [INFO] Downloading from clojars.org: https://clojars.org/repo/com/itextpdf/itextpdf/5.5.0/itextpdf-5.5.0.pom
[ac894df9-f39a-408c-88b1-a6c4312681f5/build]   | [INFO] Downloading from central: https://repo.maven.apache.org/maven2/com/itextpdf/itextpdf/5.5.0/itextpdf-5.5.0.pom
[ac894df9-f39a-408c-88b1-a6c4312681f5/build]   | [INFO] Downloaded from central: https://repo.maven.apache.org/maven2/com/itextpdf/itextpdf/5.5.0/itextpdf-5.5.0.pom (9.8 kB at 298 kB/s)
[ac894df9-f39a-408c-88b1-a6c4312681f5/build]   | [INFO] Downloading from clojars.org: https://clojars.org/repo/com/itextpdf/itext-parent/1.0.0/itext-parent-1.0.0.pom
[ac894df9-f39a-408c-88b1-a6c4312681f5/build]   | [INFO] Downloading from central: https://repo.maven.apache.org/maven2/com/itextpdf/itext-parent/1.0.0/itext-parent-1.0.0.pom
[ac894df9-f39a-408c-88b1-a6c4312681f5/build]   | [INFO] Downloaded from central: https://repo.maven.apache.org/maven2/com/itextpdf/itext-parent/1.0.0/itext-parent-1.0.0.pom (3.6 kB at 124 kB/s)
[ac894df9-f39a-408c-88b1-a6c4312681f5/build]   | [INFO] Downloading from clojars.org: https://clojars.org/repo/net/java/dev/jna/jna/4.1.0/jna-4.1.0.pom
[ac894df9-f39a-408c-88b1-a6c4312681f5/build]   | [INFO] Downloading from central: https://repo.maven.apache.org/maven2/net/java/dev/jna/jna/4.1.0/jna-4.1.0.pom
[ac894df9-f39a-408c-88b1-a6c4312681f5/build]   | [INFO] Downloaded from central: https://repo.maven.apache.org/maven2/net/java/dev/jna/jna/4.1.0/jna-4.1.0.pom (1.3 kB at 49 kB/s)
[ac894df9-f39a-408c-88b1-a6c4312681f5/build]   | [INFO] Downloading from clojars.org: https://clojars.org/repo/com/jayway/jsonpath/json-path/0.8.1/json-path-0.8.1.pom
[ac894df9-f39a-408c-88b1-a6c4312681f5/build]   | [INFO] Downloading from central: https://repo.maven.apache.org/maven2/com/jayway/jsonpath/json-path/0.8.1/json-path-0.8.1.pom
[ac894df9-f39a-408c-88b1-a6c4312681f5/build]   | [INFO] Downloaded from central: https://repo.maven.apache.org/maven2/com/jayway/jsonpath/json-path/0.8.1/json-path-0.8.1.pom (2.5 kB at 166 kB/s)
[ac894df9-f39a-408c-88b1-a6c4312681f5/build]   | [INFO] Downloading from clojars.org: https://clojars.org/repo/com/jayway/jsonpath/json-path-parent/0.8.1/json-path-parent-0.8.1.pom
[ac894df9-f39a-408c-88b1-a6c4312681f5/build]   | [INFO] Downloading from central: https://repo.maven.apache.org/maven2/com/jayway/jsonpath/json-path-parent/0.8.1/json-path-parent-0.8.1.pom
[ac894df9-f39a-408c-88b1-a6c4312681f5/build]   | [INFO] Downloaded from central: https://repo.maven.apache.org/maven2/com/jayway/jsonpath/json-path-parent/0.8.1/json-path-parent-0.8.1.pom (8.9 kB at 424 kB/s)
[ac894df9-f39a-408c-88b1-a6c4312681f5/build]   | [INFO] Downloading from clojars.org: https://clojars.org/repo/org/sonatype/oss/oss-parent/5/oss-parent-5.pom
[ac894df9-f39a-408c-88b1-a6c4312681f5/build]   | [INFO] Downloading from central: https://repo.maven.apache.org/maven2/org/sonatype/oss/oss-parent/5/oss-parent-5.pom
[ac894df9-f39a-408c-88b1-a6c4312681f5/build]   | [INFO] Downloaded from central: https://repo.maven.apache.org/maven2/org/sonatype/oss/oss-parent/5/oss-parent-5.pom (4.1 kB at 194 kB/s)
[ac894df9-f39a-408c-88b1-a6c4312681f5/build]   | [INFO] Downloading from clojars.org: https://clojars.org/repo/net/minidev/json-smart/1.1.1/json-smart-1.1.1.pom
[ac894df9-f39a-408c-88b1-a6c4312681f5/build]   | [INFO] Downloading from central: https://repo.maven.apache.org/maven2/net/minidev/json-smart/1.1.1/json-smart-1.1.1.pom
[ac894df9-f39a-408c-88b1-a6c4312681f5/build]   | [INFO] Downloaded from central: https://repo.maven.apache.org/maven2/net/minidev/json-smart/1.1.1/json-smart-1.1.1.pom (1.4 kB at 61 kB/s)
[ac894df9-f39a-408c-88b1-a6c4312681f5/build]   | [INFO] Downloading from clojars.org: https://clojars.org/repo/net/minidev/parent/1.1.1/parent-1.1.1.pom
[ac894df9-f39a-408c-88b1-a6c4312681f5/build]   | [INFO] Downloading from central: https://repo.maven.apache.org/maven2/net/minidev/parent/1.1.1/parent-1.1.1.pom
[ac894df9-f39a-408c-88b1-a6c4312681f5/build]   | [INFO] Downloaded from central: https://repo.maven.apache.org/maven2/net/minidev/parent/1.1.1/parent-1.1.1.pom (11 kB at 452 kB/s)
[ac894df9-f39a-408c-88b1-a6c4312681f5/build]   | [INFO] Downloading from clojars.org: https://clojars.org/repo/commons-lang/commons-lang/2.6/commons-lang-2.6.pom
[ac894df9-f39a-408c-88b1-a6c4312681f5/build]   | [INFO] Downloading from central: https://repo.maven.apache.org/maven2/commons-lang/commons-lang/2.6/commons-lang-2.6.pom
[ac894df9-f39a-408c-88b1-a6c4312681f5/build]   | [INFO] Downloaded from central: https://repo.maven.apache.org/maven2/commons-lang/commons-lang/2.6/commons-lang-2.6.pom (17 kB at 603 kB/s)
[ac894df9-f39a-408c-88b1-a6c4312681f5/build]   | [INFO] Downloading from clojars.org: https://clojars.org/repo/org/apache/commons/commons-parent/17/commons-parent-17.pom
[ac894df9-f39a-408c-88b1-a6c4312681f5/build]   | [INFO] Downloading from central: https://repo.maven.apache.org/maven2/org/apache/commons/commons-parent/17/commons-parent-17.pom
[ac894df9-f39a-408c-88b1-a6c4312681f5/build]   | [INFO] Downloaded from central: https://repo.maven.apache.org/maven2/org/apache/commons/commons-parent/17/commons-parent-17.pom (31 kB at 780 kB/s)
[ac894df9-f39a-408c-88b1-a6c4312681f5/build]   | [INFO] Downloading from clojars.org: https://clojars.org/repo/org/apache/apache/7/apache-7.pom
[ac894df9-f39a-408c-88b1-a6c4312681f5/build]   | [INFO] Downloading from central: https://repo.maven.apache.org/maven2/org/apache/apache/7/apache-7.pom
[ac894df9-f39a-408c-88b1-a6c4312681f5/build]   | [INFO] Downloaded from central: https://repo.maven.apache.org/maven2/org/apache/apache/7/apache-7.pom (14 kB at 515 kB/s)
[ac894df9-f39a-408c-88b1-a6c4312681f5/build]   | [INFO] Downloading from clojars.org: https://clojars.org/repo/junit/junit/4.11/junit-4.11.pom
[ac894df9-f39a-408c-88b1-a6c4312681f5/build]   | [INFO] Downloading from central: https://repo.maven.apache.org/maven2/junit/junit/4.11/junit-4.11.pom
[ac894df9-f39a-408c-88b1-a6c4312681f5/build]   | [INFO] Downloaded from central: https://repo.maven.apache.org/maven2/junit/junit/4.11/junit-4.11.pom (2.3 kB at 87 kB/s)
[ac894df9-f39a-408c-88b1-a6c4312681f5/build]   | [INFO] Downloading from clojars.org: https://clojars.org/repo/org/hamcrest/hamcrest-core/1.3/hamcrest-core-1.3.pom
[ac894df9-f39a-408c-88b1-a6c4312681f5/build]   | [INFO] Downloading from central: https://repo.maven.apache.org/maven2/org/hamcrest/hamcrest-core/1.3/hamcrest-core-1.3.pom
[ac894df9-f39a-408c-88b1-a6c4312681f5/build]   | [INFO] Downloaded from central: https://repo.maven.apache.org/maven2/org/hamcrest/hamcrest-core/1.3/hamcrest-core-1.3.pom (766 B at 33 kB/s)
[ac894df9-f39a-408c-88b1-a6c4312681f5/build]   | [INFO] Downloading from clojars.org: https://clojars.org/repo/org/hamcrest/hamcrest-parent/1.3/hamcrest-parent-1.3.pom
[ac894df9-f39a-408c-88b1-a6c4312681f5/build]   | [INFO] Downloading from central: https://repo.maven.apache.org/maven2/org/hamcrest/hamcrest-parent/1.3/hamcrest-parent-1.3.pom
[ac894df9-f39a-408c-88b1-a6c4312681f5/build]   | [INFO] Downloaded from central: https://repo.maven.apache.org/maven2/org/hamcrest/hamcrest-parent/1.3/hamcrest-parent-1.3.pom (2.0 kB at 79 kB/s)
[ac894df9-f39a-408c-88b1-a6c4312681f5/build]   | [INFO] Downloading from clojars.org: https://clojars.org/repo/org/python/jython/2.7-b1/jython-2.7-b1.pom
[ac894df9-f39a-408c-88b1-a6c4312681f5/build]   | [INFO] Downloading from central: https://repo.maven.apache.org/maven2/org/python/jython/2.7-b1/jython-2.7-b1.pom
[ac894df9-f39a-408c-88b1-a6c4312681f5/build]   | [INFO] Downloaded from central: https://repo.maven.apache.org/maven2/org/python/jython/2.7-b1/jython-2.7-b1.pom (1.4 kB at 31 kB/s)
[ac894df9-f39a-408c-88b1-a6c4312681f5/build]   | [INFO] Downloading from clojars.org: https://clojars.org/repo/net/sf/opencsv/opencsv/2.3/opencsv-2.3.pom
[ac894df9-f39a-408c-88b1-a6c4312681f5/build]   | [INFO] Downloading from central: https://repo.maven.apache.org/maven2/net/sf/opencsv/opencsv/2.3/opencsv-2.3.pom
[ac894df9-f39a-408c-88b1-a6c4312681f5/build]   | [INFO] Downloaded from central: https://repo.maven.apache.org/maven2/net/sf/opencsv/opencsv/2.3/opencsv-2.3.pom (5.4 kB at 113 kB/s)
[ac894df9-f39a-408c-88b1-a6c4312681f5/build]   | [INFO] Downloading from clojars.org: https://clojars.org/repo/org/clojars/processing-core/org.processing.core/1.5.1/org.processing.core-1.5.1.pom
[ac894df9-f39a-408c-88b1-a6c4312681f5/build]   | [INFO] Downloaded from clojars.org: https://clojars.org/repo/org/clojars/processing-core/org.processing.core/1.5.1/org.processing.core-1.5.1.pom (910 B at 3.4 kB/s)
[ac894df9-f39a-408c-88b1-a6c4312681f5/build]   | [INFO] Downloading from clojars.org: https://clojars.org/repo/ddf/minim/ddf.minim/2.2.0/ddf.minim-2.2.0.pom
[ac894df9-f39a-408c-88b1-a6c4312681f5/build]   | [INFO] Downloaded from clojars.org: https://clojars.org/repo/ddf/minim/ddf.minim/2.2.0/ddf.minim-2.2.0.pom (3.9 kB at 14 kB/s)
[ac894df9-f39a-408c-88b1-a6c4312681f5/build]   | [INFO] Downloading from clojars.org: https://clojars.org/repo/org/clojure/clojure/1.5.1/clojure-1.5.1.pom
[ac894df9-f39a-408c-88b1-a6c4312681f5/build]   | [INFO] Downloading from central: https://repo.maven.apache.org/maven2/org/clojure/clojure/1.5.1/clojure-1.5.1.pom
[ac894df9-f39a-408c-88b1-a6c4312681f5/build]   | [INFO] Downloaded from central: https://repo.maven.apache.org/maven2/org/clojure/clojure/1.5.1/clojure-1.5.1.pom (6.2 kB at 176 kB/s)
[ac894df9-f39a-408c-88b1-a6c4312681f5/build]   | [INFO] Downloading from clojars.org: https://clojars.org/repo/org/clojars/automata/jl/1.0.0/jl-1.0.0.pom
[ac894df9-f39a-408c-88b1-a6c4312681f5/build]   | [INFO] Downloaded from clojars.org: https://clojars.org/repo/org/clojars/automata/jl/1.0.0/jl-1.0.0.pom (391 B at 1.2 kB/s)
[ac894df9-f39a-408c-88b1-a6c4312681f5/build]   | [INFO] Downloading from clojars.org: https://clojars.org/repo/org/clojars/automata/mp3spi/1.9.4/mp3spi-1.9.4.pom
[ac894df9-f39a-408c-88b1-a6c4312681f5/build]   | [INFO] Downloaded from clojars.org: https://clojars.org/repo/org/clojars/automata/mp3spi/1.9.4/mp3spi-1.9.4.pom (394 B at 1.4 kB/s)
[ac894df9-f39a-408c-88b1-a6c4312681f5/build]   | [INFO] Downloading from clojars.org: https://clojars.org/repo/org/clojars/automata/tritonus-aos/1.0.0/tritonus-aos-1.0.0.pom
[ac894df9-f39a-408c-88b1-a6c4312681f5/build]   | [INFO] Downloaded from clojars.org: https://clojars.org/repo/org/clojars/automata/tritonus-aos/1.0.0/tritonus-aos-1.0.0.pom (411 B at 1.5 kB/s)
[ac894df9-f39a-408c-88b1-a6c4312681f5/build]   | [INFO] Downloading from clojars.org: https://clojars.org/repo/org/clojars/automata/tritonus-share/1.0.0/tritonus-share-1.0.0.pom
[ac894df9-f39a-408c-88b1-a6c4312681f5/build]   | [INFO] Downloaded from clojars.org: https://clojars.org/repo/org/clojars/automata/tritonus-share/1.0.0/tritonus-share-1.0.0.pom (417 B at 1.5 kB/s)
[ac894df9-f39a-408c-88b1-a6c4312681f5/build]   | [INFO] Downloading from clojars.org: https://clojars.org/repo/de/sojamo/oscp5/0.9.8/oscp5-0.9.8.pom
[ac894df9-f39a-408c-88b1-a6c4312681f5/build]   | [INFO] Downloaded from clojars.org: https://clojars.org/repo/de/sojamo/oscp5/0.9.8/oscp5-0.9.8.pom (1.1 kB at 4.3 kB/s)
[ac894df9-f39a-408c-88b1-a6c4312681f5/build]   | [INFO] Downloading from clojars.org: https://clojars.org/repo/org/clojure/clojure/1.6.0/clojure-1.6.0.jar
[ac894df9-f39a-408c-88b1-a6c4312681f5/build]   | [INFO] Downloading from clojars.org: https://clojars.org/repo/com/google/guava/guava/18.0/guava-18.0.jar
[ac894df9-f39a-408c-88b1-a6c4312681f5/build]   | [INFO] Downloading from clojars.org: https://clojars.org/repo/org/apache/httpcomponents/httpclient/4.2.3/httpclient-4.2.3.jar
[ac894df9-f39a-408c-88b1-a6c4312681f5/build]   | [INFO] Downloading from clojars.org: https://clojars.org/repo/org/apache/httpcomponents/httpcore/4.2.2/httpcore-4.2.2.jar
[ac894df9-f39a-408c-88b1-a6c4312681f5/build]   | [INFO] Downloading from clojars.org: https://clojars.org/repo/commons-logging/commons-logging/1.1.1/commons-logging-1.1.1.jar
[ac894df9-f39a-408c-88b1-a6c4312681f5/build]   | [INFO] Downloading from clojars.org: https://clojars.org/repo/commons-codec/commons-codec/1.6/commons-codec-1.6.jar
[ac894df9-f39a-408c-88b1-a6c4312681f5/build]   | [INFO] Downloading from clojars.org: https://clojars.org/repo/com/itextpdf/itextpdf/5.5.0/itextpdf-5.5.0.jar
[ac894df9-f39a-408c-88b1-a6c4312681f5/build]   | [INFO] Downloading from clojars.org: https://clojars.org/repo/net/java/dev/jna/jna/4.1.0/jna-4.1.0.jar
[ac894df9-f39a-408c-88b1-a6c4312681f5/build]   | [INFO] Downloading from clojars.org: https://clojars.org/repo/com/jayway/jsonpath/json-path/0.8.1/json-path-0.8.1.jar
[ac894df9-f39a-408c-88b1-a6c4312681f5/build]   | [INFO] Downloading from clojars.org: https://clojars.org/repo/net/minidev/json-smart/1.1.1/json-smart-1.1.1.jar
[ac894df9-f39a-408c-88b1-a6c4312681f5/build]   | [INFO] Downloading from clojars.org: https://clojars.org/repo/commons-lang/commons-lang/2.6/commons-lang-2.6.jar
[ac894df9-f39a-408c-88b1-a6c4312681f5/build]   | [INFO] Downloading from clojars.org: https://clojars.org/repo/junit/junit/4.11/junit-4.11.jar
[ac894df9-f39a-408c-88b1-a6c4312681f5/build]   | [INFO] Downloading from clojars.org: https://clojars.org/repo/org/hamcrest/hamcrest-core/1.3/hamcrest-core-1.3.jar
[ac894df9-f39a-408c-88b1-a6c4312681f5/build]   | [INFO] Downloading from clojars.org: https://clojars.org/repo/org/python/jython/2.7-b1/jython-2.7-b1.jar
[ac894df9-f39a-408c-88b1-a6c4312681f5/build]   | [INFO] Downloading from clojars.org: https://clojars.org/repo/net/sf/opencsv/opencsv/2.3/opencsv-2.3.jar
[ac894df9-f39a-408c-88b1-a6c4312681f5/build]   | [INFO] Downloading from clojars.org: https://clojars.org/repo/org/clojars/processing-core/org.processing.core/1.5.1/org.processing.core-1.5.1.jar
[ac894df9-f39a-408c-88b1-a6c4312681f5/build]   | [INFO] Downloading from clojars.org: https://clojars.org/repo/ddf/minim/ddf.minim/2.2.0/ddf.minim-2.2.0.jar
[ac894df9-f39a-408c-88b1-a6c4312681f5/build]   | [INFO] Downloading from clojars.org: https://clojars.org/repo/org/clojars/automata/jl/1.0.0/jl-1.0.0.jar
[ac894df9-f39a-408c-88b1-a6c4312681f5/build]   | [INFO] Downloading from clojars.org: https://clojars.org/repo/org/clojars/automata/mp3spi/1.9.4/mp3spi-1.9.4.jar
[ac894df9-f39a-408c-88b1-a6c4312681f5/build]   | [INFO] Downloading from clojars.org: https://clojars.org/repo/org/clojars/automata/tritonus-aos/1.0.0/tritonus-aos-1.0.0.jar
[ac894df9-f39a-408c-88b1-a6c4312681f5/build]   | [INFO] Downloaded from clojars.org: https://clojars.org/repo/org/clojars/processing-core/org.processing.core/1.5.1/org.processing.core-1.5.1.jar (183 kB at 209 kB/s)
[ac894df9-f39a-408c-88b1-a6c4312681f5/build]   | [INFO] Downloading from clojars.org: https://clojars.org/repo/org/clojars/automata/tritonus-share/1.0.0/tritonus-share-1.0.0.jar
[ac894df9-f39a-408c-88b1-a6c4312681f5/build]   | [INFO] Downloaded from clojars.org: https://clojars.org/repo/ddf/minim/ddf.minim/2.2.0/ddf.minim-2.2.0.jar (594 kB at 677 kB/s)
[ac894df9-f39a-408c-88b1-a6c4312681f5/build]   | [INFO] Downloading from clojars.org: https://clojars.org/repo/de/sojamo/oscp5/0.9.8/oscp5-0.9.8.jar
[ac894df9-f39a-408c-88b1-a6c4312681f5/build]   | [INFO] Downloaded from clojars.org: https://clojars.org/repo/org/clojars/automata/jl/1.0.0/jl-1.0.0.jar (105 kB at 113 kB/s)
[ac894df9-f39a-408c-88b1-a6c4312681f5/build]   | [INFO] Downloaded from clojars.org: https://clojars.org/repo/org/clojars/automata/mp3spi/1.9.4/mp3spi-1.9.4.jar (25 kB at 26 kB/s)
[ac894df9-f39a-408c-88b1-a6c4312681f5/build]   | [INFO] Downloaded from clojars.org: https://clojars.org/repo/org/clojars/automata/tritonus-aos/1.0.0/tritonus-aos-1.0.0.jar (10 kB at 11 kB/s)
[ac894df9-f39a-408c-88b1-a6c4312681f5/build]   | [INFO] Downloaded from clojars.org: https://clojars.org/repo/de/sojamo/oscp5/0.9.8/oscp5-0.9.8.jar (73 kB at 63 kB/s)
[ac894df9-f39a-408c-88b1-a6c4312681f5/build]   | [INFO] Downloaded from clojars.org: https://clojars.org/repo/org/clojars/automata/tritonus-share/1.0.0/tritonus-share-1.0.0.jar (103 kB at 88 kB/s)
[ac894df9-f39a-408c-88b1-a6c4312681f5/build]   | [INFO] Downloading from central: https://repo.maven.apache.org/maven2/org/clojure/clojure/1.6.0/clojure-1.6.0.jar
[ac894df9-f39a-408c-88b1-a6c4312681f5/build]   | [INFO] Downloading from central: https://repo.maven.apache.org/maven2/com/google/guava/guava/18.0/guava-18.0.jar
[ac894df9-f39a-408c-88b1-a6c4312681f5/build]   | [INFO] Downloading from central: https://repo.maven.apache.org/maven2/org/apache/httpcomponents/httpclient/4.2.3/httpclient-4.2.3.jar
[ac894df9-f39a-408c-88b1-a6c4312681f5/build]   | [INFO] Downloading from central: https://repo.maven.apache.org/maven2/org/apache/httpcomponents/httpcore/4.2.2/httpcore-4.2.2.jar
[ac894df9-f39a-408c-88b1-a6c4312681f5/build]   | [INFO] Downloading from central: https://repo.maven.apache.org/maven2/commons-logging/commons-logging/1.1.1/commons-logging-1.1.1.jar
[ac894df9-f39a-408c-88b1-a6c4312681f5/build]   | [INFO] Downloaded from central: https://repo.maven.apache.org/maven2/commons-logging/commons-logging/1.1.1/commons-logging-1.1.1.jar (61 kB at 1.7 MB/s)
[ac894df9-f39a-408c-88b1-a6c4312681f5/build]   | [INFO] Downloading from central: https://repo.maven.apache.org/maven2/commons-codec/commons-codec/1.6/commons-codec-1.6.jar
[ac894df9-f39a-408c-88b1-a6c4312681f5/build]   | [INFO] Downloaded from central: https://repo.maven.apache.org/maven2/org/apache/httpcomponents/httpclient/4.2.3/httpclient-4.2.3.jar (433 kB at 6.8 MB/s)
[ac894df9-f39a-408c-88b1-a6c4312681f5/build]   | [INFO] Downloading from central: https://repo.maven.apache.org/maven2/com/itextpdf/itextpdf/5.5.0/itextpdf-5.5.0.jar
[ac894df9-f39a-408c-88b1-a6c4312681f5/build]   | [INFO] Downloaded from central: https://repo.maven.apache.org/maven2/org/apache/httpcomponents/httpcore/4.2.2/httpcore-4.2.2.jar (224 kB at 2.1 MB/s)
[ac894df9-f39a-408c-88b1-a6c4312681f5/build]   | [INFO] Downloading from central: https://repo.maven.apache.org/maven2/net/java/dev/jna/jna/4.1.0/jna-4.1.0.jar
[ac894df9-f39a-408c-88b1-a6c4312681f5/build]   | [INFO] Downloaded from central: https://repo.maven.apache.org/maven2/com/google/guava/guava/18.0/guava-18.0.jar (2.3 MB at 18 MB/s)
[ac894df9-f39a-408c-88b1-a6c4312681f5/build]   | [INFO] Downloading from central: https://repo.maven.apache.org/maven2/com/jayway/jsonpath/json-path/0.8.1/json-path-0.8.1.jar
[ac894df9-f39a-408c-88b1-a6c4312681f5/build]   | [INFO] Downloaded from central: https://repo.maven.apache.org/maven2/com/jayway/jsonpath/json-path/0.8.1/json-path-0.8.1.jar (67 kB at 425 kB/s)
[ac894df9-f39a-408c-88b1-a6c4312681f5/build]   | [INFO] Downloading from central: https://repo.maven.apache.org/maven2/net/minidev/json-smart/1.1.1/json-smart-1.1.1.jar
[ac894df9-f39a-408c-88b1-a6c4312681f5/build]   | [INFO] Downloaded from central: https://repo.maven.apache.org/maven2/com/itextpdf/itextpdf/5.5.0/itextpdf-5.5.0.jar (2.1 MB at 11 MB/s)
[ac894df9-f39a-408c-88b1-a6c4312681f5/build]   | [INFO] Downloading from central: https://repo.maven.apache.org/maven2/commons-lang/commons-lang/2.6/commons-lang-2.6.jar
[ac894df9-f39a-408c-88b1-a6c4312681f5/build]   | [INFO] Downloaded from central: https://repo.maven.apache.org/maven2/net/minidev/json-smart/1.1.1/json-smart-1.1.1.jar (51 kB at 267 kB/s)
[ac894df9-f39a-408c-88b1-a6c4312681f5/build]   | [INFO] Downloading from central: https://repo.maven.apache.org/maven2/junit/junit/4.11/junit-4.11.jar
[ac894df9-f39a-408c-88b1-a6c4312681f5/build]   | [INFO] Downloaded from central: https://repo.maven.apache.org/maven2/junit/junit/4.11/junit-4.11.jar (245 kB at 1.2 MB/s)
[ac894df9-f39a-408c-88b1-a6c4312681f5/build]   | [INFO] Downloading from central: https://repo.maven.apache.org/maven2/org/hamcrest/hamcrest-core/1.3/hamcrest-core-1.3.jar
[ac894df9-f39a-408c-88b1-a6c4312681f5/build]   | [INFO] Downloaded from central: https://repo.maven.apache.org/maven2/commons-lang/commons-lang/2.6/commons-lang-2.6.jar (284 kB at 1.3 MB/s)
[ac894df9-f39a-408c-88b1-a6c4312681f5/build]   | [INFO] Downloading from central: https://repo.maven.apache.org/maven2/org/python/jython/2.7-b1/jython-2.7-b1.jar
[ac894df9-f39a-408c-88b1-a6c4312681f5/build]   | [INFO] Downloaded from central: https://repo.maven.apache.org/maven2/org/hamcrest/hamcrest-core/1.3/hamcrest-core-1.3.jar (45 kB at 196 kB/s)
[ac894df9-f39a-408c-88b1-a6c4312681f5/build]   | [INFO] Downloading from central: https://repo.maven.apache.org/maven2/net/sf/opencsv/opencsv/2.3/opencsv-2.3.jar
[ac894df9-f39a-408c-88b1-a6c4312681f5/build]   | [INFO] Downloaded from central: https://repo.maven.apache.org/maven2/net/sf/opencsv/opencsv/2.3/opencsv-2.3.jar (20 kB at 54 kB/s)
[ac894df9-f39a-408c-88b1-a6c4312681f5/build]   | [INFO] Downloaded from central: https://repo.maven.apache.org/maven2/net/java/dev/jna/jna/4.1.0/jna-4.1.0.jar (915 kB at 2.5 MB/s)
[ac894df9-f39a-408c-88b1-a6c4312681f5/build]   | [INFO] Downloaded from central: https://repo.maven.apache.org/maven2/commons-codec/commons-codec/1.6/commons-codec-1.6.jar (233 kB at 601 kB/s)
[ac894df9-f39a-408c-88b1-a6c4312681f5/build]   | [INFO] Downloaded from central: https://repo.maven.apache.org/maven2/org/python/jython/2.7-b1/jython-2.7-b1.jar (11 MB at 16 MB/s)
[ac894df9-f39a-408c-88b1-a6c4312681f5/build]   | [INFO] Downloaded from central: https://repo.maven.apache.org/maven2/org/clojure/clojure/1.6.0/clojure-1.6.0.jar (3.7 MB at 5.1 MB/s)
[ac894df9-f39a-408c-88b1-a6c4312681f5/build]   | [INFO] 
[ac894df9-f39a-408c-88b1-a6c4312681f5/build]   | [INFO] --- maven-resources-plugin:2.6:resources (default-resources) @ nodebox ---
[ac894df9-f39a-408c-88b1-a6c4312681f5/build]   | [INFO] Downloading from central: https://repo.maven.apache.org/maven2/org/apache/maven/maven-plugin-api/2.0.6/maven-plugin-api-2.0.6.pom
[ac894df9-f39a-408c-88b1-a6c4312681f5/build]   | [INFO] Downloaded from central: https://repo.maven.apache.org/maven2/org/apache/maven/maven-plugin-api/2.0.6/maven-plugin-api-2.0.6.pom (1.5 kB at 66 kB/s)
[ac894df9-f39a-408c-88b1-a6c4312681f5/build]   | [INFO] Downloading from central: https://repo.maven.apache.org/maven2/org/apache/maven/maven/2.0.6/maven-2.0.6.pom
[ac894df9-f39a-408c-88b1-a6c4312681f5/build]   | [INFO] Downloaded from central: https://repo.maven.apache.org/maven2/org/apache/maven/maven/2.0.6/maven-2.0.6.pom (9.0 kB at 411 kB/s)
[ac894df9-f39a-408c-88b1-a6c4312681f5/build]   | [INFO] Downloading from central: https://repo.maven.apache.org/maven2/org/apache/maven/maven-parent/5/maven-parent-5.pom
[ac894df9-f39a-408c-88b1-a6c4312681f5/build]   | [INFO] Downloaded from central: https://repo.maven.apache.org/maven2/org/apache/maven/maven-parent/5/maven-parent-5.pom (15 kB at 331 kB/s)
[ac894df9-f39a-408c-88b1-a6c4312681f5/build]   | [INFO] Downloading from central: https://repo.maven.apache.org/maven2/org/apache/apache/3/apache-3.pom
[ac894df9-f39a-408c-88b1-a6c4312681f5/build]   | [INFO] Downloaded from central: https://repo.maven.apache.org/maven2/org/apache/apache/3/apache-3.pom (3.4 kB at 343 kB/s)
[ac894df9-f39a-408c-88b1-a6c4312681f5/build]   | [INFO] Downloading from central: https://repo.maven.apache.org/maven2/org/apache/maven/maven-project/2.0.6/maven-project-2.0.6.pom
[ac894df9-f39a-408c-88b1-a6c4312681f5/build]   | [INFO] Downloaded from central: https://repo.maven.apache.org/maven2/org/apache/maven/maven-project/2.0.6/maven-project-2.0.6.pom (2.6 kB at 165 kB/s)
[ac894df9-f39a-408c-88b1-a6c4312681f5/build]   | [INFO] Downloading from central: https://repo.maven.apache.org/maven2/org/apache/maven/maven-settings/2.0.6/maven-settings-2.0.6.pom
[ac894df9-f39a-408c-88b1-a6c4312681f5/build]   | [INFO] Downloaded from central: https://repo.maven.apache.org/maven2/org/apache/maven/maven-settings/2.0.6/maven-settings-2.0.6.pom (2.0 kB at 133 kB/s)
[ac894df9-f39a-408c-88b1-a6c4312681f5/build]   | [INFO] Downloading from central: https://repo.maven.apache.org/maven2/org/apache/maven/maven-model/2.0.6/maven-model-2.0.6.pom
[ac894df9-f39a-408c-88b1-a6c4312681f5/build]   | [INFO] Downloaded from central: https://repo.maven.apache.org/maven2/org/apache/maven/maven-model/2.0.6/maven-model-2.0.6.pom (3.0 kB at 218 kB/s)
[ac894df9-f39a-408c-88b1-a6c4312681f5/build]   | [INFO] Downloading from central: https://repo.maven.apache.org/maven2/org/codehaus/plexus/plexus-utils/1.4.1/plexus-utils-1.4.1.pom
[ac894df9-f39a-408c-88b1-a6c4312681f5/build]   | [INFO] Downloaded from central: https://repo.maven.apache.org/maven2/org/codehaus/plexus/plexus-utils/1.4.1/plexus-utils-1.4.1.pom (1.9 kB at 83 kB/s)
[ac894df9-f39a-408c-88b1-a6c4312681f5/build]   | [INFO] Downloading from central: https://repo.maven.apache.org/maven2/org/codehaus/plexus/plexus/1.0.11/plexus-1.0.11.pom
[ac894df9-f39a-408c-88b1-a6c4312681f5/build]   | [INFO] Downloaded from central: https://repo.maven.apache.org/maven2/org/codehaus/plexus/plexus/1.0.11/plexus-1.0.11.pom (9.0 kB at 498 kB/s)
[ac894df9-f39a-408c-88b1-a6c4312681f5/build]   | [INFO] Downloading from central: https://repo.maven.apache.org/maven2/org/codehaus/plexus/plexus-container-default/1.0-alpha-9-stable-1/plexus-container-default-1.0-alpha-9-stable-1.pom
[ac894df9-f39a-408c-88b1-a6c4312681f5/build]   | [INFO] Downloaded from central: https://repo.maven.apache.org/maven2/org/codehaus/plexus/plexus-container-default/1.0-alpha-9-stable-1/plexus-container-default-1.0-alpha-9-stable-1.pom (3.9 kB at 152 kB/s)
[ac894df9-f39a-408c-88b1-a6c4312681f5/build]   | [INFO] Downloading from central: https://repo.maven.apache.org/maven2/org/codehaus/plexus/plexus-containers/1.0.3/plexus-containers-1.0.3.pom
[ac894df9-f39a-408c-88b1-a6c4312681f5/build]   | [INFO] Downloaded from central: https://repo.maven.apache.org/maven2/org/codehaus/plexus/plexus-containers/1.0.3/plexus-containers-1.0.3.pom (492 B at 25 kB/s)
[ac894df9-f39a-408c-88b1-a6c4312681f5/build]   | [INFO] Downloading from central: https://repo.maven.apache.org/maven2/org/codehaus/plexus/plexus/1.0.4/plexus-1.0.4.pom
[ac894df9-f39a-408c-88b1-a6c4312681f5/build]   | [INFO] Downloaded from central: https://repo.maven.apache.org/maven2/org/codehaus/plexus/plexus/1.0.4/plexus-1.0.4.pom (5.7 kB at 319 kB/s)
[ac894df9-f39a-408c-88b1-a6c4312681f5/build]   | [INFO] Downloading from central: https://repo.maven.apache.org/maven2/junit/junit/3.8.1/junit-3.8.1.pom
[ac894df9-f39a-408c-88b1-a6c4312681f5/build]   | [INFO] Downloaded from central: https://repo.maven.apache.org/maven2/junit/junit/3.8.1/junit-3.8.1.pom (998 B at 18 kB/s)
[ac894df9-f39a-408c-88b1-a6c4312681f5/build]   | [INFO] Downloading from central: https://repo.maven.apache.org/maven2/org/codehaus/plexus/plexus-utils/1.0.4/plexus-utils-1.0.4.pom
[ac894df9-f39a-408c-88b1-a6c4312681f5/build]   | [INFO] Downloaded from central: https://repo.maven.apache.org/maven2/org/codehaus/plexus/plexus-utils/1.0.4/plexus-utils-1.0.4.pom (6.9 kB at 312 kB/s)
[ac894df9-f39a-408c-88b1-a6c4312681f5/build]   | [INFO] Downloading from central: https://repo.maven.apache.org/maven2/classworlds/classworlds/1.1-alpha-2/classworlds-1.1-alpha-2.pom
[ac894df9-f39a-408c-88b1-a6c4312681f5/build]   | [INFO] Downloaded from central: https://repo.maven.apache.org/maven2/classworlds/classworlds/1.1-alpha-2/classworlds-1.1-alpha-2.pom (3.1 kB at 78 kB/s)
[ac894df9-f39a-408c-88b1-a6c4312681f5/build]   | [INFO] Downloading from central: https://repo.maven.apache.org/maven2/org/apache/maven/maven-profile/2.0.6/maven-profile-2.0.6.pom
[ac894df9-f39a-408c-88b1-a6c4312681f5/build]   | [INFO] Downloaded from central: https://repo.maven.apache.org/maven2/org/apache/maven/maven-profile/2.0.6/maven-profile-2.0.6.pom (2.0 kB at 40 kB/s)
[ac894df9-f39a-408c-88b1-a6c4312681f5/build]   | [INFO] Downloading from central: https://repo.maven.apache.org/maven2/org/apache/maven/maven-artifact-manager/2.0.6/maven-artifact-manager-2.0.6.pom
[ac894df9-f39a-408c-88b1-a6c4312681f5/build]   | [INFO] Downloaded from central: https://repo.maven.apache.org/maven2/org/apache/maven/maven-artifact-manager/2.0.6/maven-artifact-manager-2.0.6.pom (2.6 kB at 131 kB/s)
[ac894df9-f39a-408c-88b1-a6c4312681f5/build]   | [INFO] Downloading from central: https://repo.maven.apache.org/maven2/org/apache/maven/maven-repository-metadata/2.0.6/maven-repository-metadata-2.0.6.pom
[ac894df9-f39a-408c-88b1-a6c4312681f5/build]   | [INFO] Downloaded from central: https://repo.maven.apache.org/maven2/org/apache/maven/maven-repository-metadata/2.0.6/maven-repository-metadata-2.0.6.pom (1.9 kB at 84 kB/s)
[ac894df9-f39a-408c-88b1-a6c4312681f5/build]   | [INFO] Downloading from central: https://repo.maven.apache.org/maven2/org/apache/maven/maven-artifact/2.0.6/maven-artifact-2.0.6.pom
[ac894df9-f39a-408c-88b1-a6c4312681f5/build]   | [INFO] Downloaded from central: https://repo.maven.apache.org/maven2/org/apache/maven/maven-artifact/2.0.6/maven-artifact-2.0.6.pom (1.6 kB at 39 kB/s)
[ac894df9-f39a-408c-88b1-a6c4312681f5/build]   | [INFO] Downloading from central: https://repo.maven.apache.org/maven2/org/apache/maven/maven-plugin-registry/2.0.6/maven-plugin-registry-2.0.6.pom
[ac894df9-f39a-408c-88b1-a6c4312681f5/build]   | [INFO] Downloaded from central: https://repo.maven.apache.org/maven2/org/apache/maven/maven-plugin-registry/2.0.6/maven-plugin-registry-2.0.6.pom (1.9 kB at 81 kB/s)
[ac894df9-f39a-408c-88b1-a6c4312681f5/build]   | [INFO] Downloading from central: https://repo.maven.apache.org/maven2/org/apache/maven/maven-core/2.0.6/maven-core-2.0.6.pom
[ac894df9-f39a-408c-88b1-a6c4312681f5/build]   | [INFO] Downloaded from central: https://repo.maven.apache.org/maven2/org/apache/maven/maven-core/2.0.6/maven-core-2.0.6.pom (6.7 kB at 610 kB/s)
[ac894df9-f39a-408c-88b1-a6c4312681f5/build]   | [INFO] Downloading from central: https://repo.maven.apache.org/maven2/org/apache/maven/maven-plugin-parameter-documenter/2.0.6/maven-plugin-parameter-documenter-2.0.6.pom
[ac894df9-f39a-408c-88b1-a6c4312681f5/build]   | [INFO] Downloaded from central: https://repo.maven.apache.org/maven2/org/apache/maven/maven-plugin-parameter-documenter/2.0.6/maven-plugin-parameter-documenter-2.0.6.pom (1.9 kB at 42 kB/s)
[ac894df9-f39a-408c-88b1-a6c4312681f5/build]   | [INFO] Downloading from central: https://repo.maven.apache.org/maven2/org/apache/maven/reporting/maven-reporting-api/2.0.6/maven-reporting-api-2.0.6.pom
[ac894df9-f39a-408c-88b1-a6c4312681f5/build]   | [INFO] Downloaded from central: https://repo.maven.apache.org/maven2/org/apache/maven/reporting/maven-reporting-api/2.0.6/maven-reporting-api-2.0.6.pom (1.8 kB at 76 kB/s)
[ac894df9-f39a-408c-88b1-a6c4312681f5/build]   | [INFO] Downloading from central: https://repo.maven.apache.org/maven2/org/apache/maven/reporting/maven-reporting/2.0.6/maven-reporting-2.0.6.pom
[ac894df9-f39a-408c-88b1-a6c4312681f5/build]   | [INFO] Downloaded from central: https://repo.maven.apache.org/maven2/org/apache/maven/reporting/maven-reporting/2.0.6/maven-reporting-2.0.6.pom (1.4 kB at 80 kB/s)
[ac894df9-f39a-408c-88b1-a6c4312681f5/build]   | [INFO] Downloading from central: https://repo.maven.apache.org/maven2/org/apache/maven/doxia/doxia-sink-api/1.0-alpha-7/doxia-sink-api-1.0-alpha-7.pom
[ac894df9-f39a-408c-88b1-a6c4312681f5/build]   | [INFO] Downloaded from central: https://repo.maven.apache.org/maven2/org/apache/maven/doxia/doxia-sink-api/1.0-alpha-7/doxia-sink-api-1.0-alpha-7.pom (424 B at 16 kB/s)
[ac894df9-f39a-408c-88b1-a6c4312681f5/build]   | [INFO] Downloading from central: https://repo.maven.apache.org/maven2/org/apache/maven/doxia/doxia/1.0-alpha-7/doxia-1.0-alpha-7.pom
[ac894df9-f39a-408c-88b1-a6c4312681f5/build]   | [INFO] Downloaded from central: https://repo.maven.apache.org/maven2/org/apache/maven/doxia/doxia/1.0-alpha-7/doxia-1.0-alpha-7.pom (3.9 kB at 130 kB/s)
[ac894df9-f39a-408c-88b1-a6c4312681f5/build]   | [INFO] Downloading from central: https://repo.maven.apache.org/maven2/org/apache/maven/maven-error-diagnostics/2.0.6/maven-error-diagnostics-2.0.6.pom
[ac894df9-f39a-408c-88b1-a6c4312681f5/build]   | [INFO] Downloaded from central: https://repo.maven.apache.org/maven2/org/apache/maven/maven-error-diagnostics/2.0.6/maven-error-diagnostics-2.0.6.pom (1.7 kB at 142 kB/s)
[ac894df9-f39a-408c-88b1-a6c4312681f5/build]   | [INFO] Downloading from central: https://repo.maven.apache.org/maven2/commons-cli/commons-cli/1.0/commons-cli-1.0.pom
[ac894df9-f39a-408c-88b1-a6c4312681f5/build]   | [INFO] Downloaded from central: https://repo.maven.apache.org/maven2/commons-cli/commons-cli/1.0/commons-cli-1.0.pom (2.1 kB at 111 kB/s)
[ac894df9-f39a-408c-88b1-a6c4312681f5/build]   | [INFO] Downloading from central: https://repo.maven.apache.org/maven2/org/apache/maven/maven-plugin-descriptor/2.0.6/maven-plugin-descriptor-2.0.6.pom
[ac894df9-f39a-408c-88b1-a6c4312681f5/build]   | [INFO] Downloaded from central: https://repo.maven.apache.org/maven2/org/apache/maven/maven-plugin-descriptor/2.0.6/maven-plugin-descriptor-2.0.6.pom (2.0 kB at 126 kB/s)
[ac894df9-f39a-408c-88b1-a6c4312681f5/build]   | [INFO] Downloading from central: https://repo.maven.apache.org/maven2/org/codehaus/plexus/plexus-interactivity-api/1.0-alpha-4/plexus-interactivity-api-1.0-alpha-4.pom
[ac894df9-f39a-408c-88b1-a6c4312681f5/build]   | [INFO] Downloaded from central: https://repo.maven.apache.org/maven2/org/codehaus/plexus/plexus-interactivity-api/1.0-alpha-4/plexus-interactivity-api-1.0-alpha-4.pom (7.1 kB at 236 kB/s)
[ac894df9-f39a-408c-88b1-a6c4312681f5/build]   | [INFO] Downloading from central: https://repo.maven.apache.org/maven2/org/apache/maven/maven-monitor/2.0.6/maven-monitor-2.0.6.pom
[ac894df9-f39a-408c-88b1-a6c4312681f5/build]   | [INFO] Downloaded from central: https://repo.maven.apache.org/maven2/org/apache/maven/maven-monitor/2.0.6/maven-monitor-2.0.6.pom (1.3 kB at 90 kB/s)
[ac894df9-f39a-408c-88b1-a6c4312681f5/build]   | [INFO] Downloading from central: https://repo.maven.apache.org/maven2/classworlds/classworlds/1.1/classworlds-1.1.pom
[ac894df9-f39a-408c-88b1-a6c4312681f5/build]   | [INFO] Downloaded from central: https://repo.maven.apache.org/maven2/classworlds/classworlds/1.1/classworlds-1.1.pom (3.3 kB at 98 kB/s)
[ac894df9-f39a-408c-88b1-a6c4312681f5/build]   | [INFO] Downloading from central: https://repo.maven.apache.org/maven2/org/codehaus/plexus/plexus-utils/2.0.5/plexus-utils-2.0.5.pom
[ac894df9-f39a-408c-88b1-a6c4312681f5/build]   | [INFO] Downloaded from central: https://repo.maven.apache.org/maven2/org/codehaus/plexus/plexus-utils/2.0.5/plexus-utils-2.0.5.pom (3.3 kB at 90 kB/s)
[ac894df9-f39a-408c-88b1-a6c4312681f5/build]   | [INFO] Downloading from central: https://repo.maven.apache.org/maven2/org/codehaus/plexus/plexus/2.0.6/plexus-2.0.6.pom
[ac894df9-f39a-408c-88b1-a6c4312681f5/build]   | [INFO] Downloaded from central: https://repo.maven.apache.org/maven2/org/codehaus/plexus/plexus/2.0.6/plexus-2.0.6.pom (17 kB at 1.7 MB/s)
[ac894df9-f39a-408c-88b1-a6c4312681f5/build]   | [INFO] Downloading from central: https://repo.maven.apache.org/maven2/org/apache/maven/shared/maven-filtering/1.1/maven-filtering-1.1.pom
[ac894df9-f39a-408c-88b1-a6c4312681f5/build]   | [INFO] Downloaded from central: https://repo.maven.apache.org/maven2/org/apache/maven/shared/maven-filtering/1.1/maven-filtering-1.1.pom (5.8 kB at 232 kB/s)
[ac894df9-f39a-408c-88b1-a6c4312681f5/build]   | [INFO] Downloading from central: https://repo.maven.apache.org/maven2/org/apache/maven/shared/maven-shared-components/17/maven-shared-components-17.pom
[ac894df9-f39a-408c-88b1-a6c4312681f5/build]   | [INFO] Downloaded from central: https://repo.maven.apache.org/maven2/org/apache/maven/shared/maven-shared-components/17/maven-shared-components-17.pom (8.7 kB at 396 kB/s)
[ac894df9-f39a-408c-88b1-a6c4312681f5/build]   | [INFO] Downloading from central: https://repo.maven.apache.org/maven2/org/codehaus/plexus/plexus-utils/1.5.15/plexus-utils-1.5.15.pom
[ac894df9-f39a-408c-88b1-a6c4312681f5/build]   | [INFO] Downloaded from central: https://repo.maven.apache.org/maven2/org/codehaus/plexus/plexus-utils/1.5.15/plexus-utils-1.5.15.pom (6.8 kB at 489 kB/s)
[ac894df9-f39a-408c-88b1-a6c4312681f5/build]   | [INFO] Downloading from central: https://repo.maven.apache.org/maven2/org/codehaus/plexus/plexus/2.0.2/plexus-2.0.2.pom
[ac894df9-f39a-408c-88b1-a6c4312681f5/build]   | [INFO] Downloaded from central: https://repo.maven.apache.org/maven2/org/codehaus/plexus/plexus/2.0.2/plexus-2.0.2.pom (12 kB at 1.9 MB/s)
[ac894df9-f39a-408c-88b1-a6c4312681f5/build]   | [INFO] Downloading from central: https://repo.maven.apache.org/maven2/org/codehaus/plexus/plexus-interpolation/1.12/plexus-interpolation-1.12.pom
[ac894df9-f39a-408c-88b1-a6c4312681f5/build]   | [INFO] Downloaded from central: https://repo.maven.apache.org/maven2/org/codehaus/plexus/plexus-interpolation/1.12/plexus-interpolation-1.12.pom (889 B at 68 kB/s)
[ac894df9-f39a-408c-88b1-a6c4312681f5/build]   | [INFO] Downloading from central: https://repo.maven.apache.org/maven2/org/codehaus/plexus/plexus-components/1.1.14/plexus-components-1.1.14.pom
[ac894df9-f39a-408c-88b1-a6c4312681f5/build]   | [INFO] Downloaded from central: https://repo.maven.apache.org/maven2/org/codehaus/plexus/plexus-components/1.1.14/plexus-components-1.1.14.pom (5.8 kB at 417 kB/s)
[ac894df9-f39a-408c-88b1-a6c4312681f5/build]   | [INFO] Downloading from central: https://repo.maven.apache.org/maven2/org/sonatype/plexus/plexus-build-api/0.0.4/plexus-build-api-0.0.4.pom
[ac894df9-f39a-408c-88b1-a6c4312681f5/build]   | [INFO] Downloaded from central: https://repo.maven.apache.org/maven2/org/sonatype/plexus/plexus-build-api/0.0.4/plexus-build-api-0.0.4.pom (2.9 kB at 102 kB/s)
[ac894df9-f39a-408c-88b1-a6c4312681f5/build]   | [INFO] Downloading from central: https://repo.maven.apache.org/maven2/org/sonatype/spice/spice-parent/10/spice-parent-10.pom
[ac894df9-f39a-408c-88b1-a6c4312681f5/build]   | [INFO] Downloaded from central: https://repo.maven.apache.org/maven2/org/sonatype/spice/spice-parent/10/spice-parent-10.pom (3.0 kB at 302 kB/s)
[ac894df9-f39a-408c-88b1-a6c4312681f5/build]   | [INFO] Downloading from central: https://repo.maven.apache.org/maven2/org/sonatype/forge/forge-parent/3/forge-parent-3.pom
[ac894df9-f39a-408c-88b1-a6c4312681f5/build]   | [INFO] Downloaded from central: https://repo.maven.apache.org/maven2/org/sonatype/forge/forge-parent/3/forge-parent-3.pom (5.0 kB at 419 kB/s)
[ac894df9-f39a-408c-88b1-a6c4312681f5/build]   | [INFO] Downloading from central: https://repo.maven.apache.org/maven2/org/codehaus/plexus/plexus-utils/1.5.8/plexus-utils-1.5.8.pom
[ac894df9-f39a-408c-88b1-a6c4312681f5/build]   | [INFO] Downloaded from central: https://repo.maven.apache.org/maven2/org/codehaus/plexus/plexus-utils/1.5.8/plexus-utils-1.5.8.pom (8.1 kB at 733 kB/s)
[ac894df9-f39a-408c-88b1-a6c4312681f5/build]   | [INFO] Downloading from central: https://repo.maven.apache.org/maven2/org/codehaus/plexus/plexus-interpolation/1.13/plexus-interpolation-1.13.pom
[ac894df9-f39a-408c-88b1-a6c4312681f5/build]   | [INFO] Downloaded from central: https://repo.maven.apache.org/maven2/org/codehaus/plexus/plexus-interpolation/1.13/plexus-interpolation-1.13.pom (890 B at 68 kB/s)
[ac894df9-f39a-408c-88b1-a6c4312681f5/build]   | [INFO] Downloading from central: https://repo.maven.apache.org/maven2/org/codehaus/plexus/plexus-components/1.1.15/plexus-components-1.1.15.pom
[ac894df9-f39a-408c-88b1-a6c4312681f5/build]   | [INFO] Downloaded from central: https://repo.maven.apache.org/maven2/org/codehaus/plexus/plexus-components/1.1.15/plexus-components-1.1.15.pom (2.8 kB at 45 kB/s)
[ac894df9-f39a-408c-88b1-a6c4312681f5/build]   | [INFO] Downloading from central: https://repo.maven.apache.org/maven2/org/codehaus/plexus/plexus/2.0.3/plexus-2.0.3.pom
[ac894df9-f39a-408c-88b1-a6c4312681f5/build]   | [INFO] Downloaded from central: https://repo.maven.apache.org/maven2/org/codehaus/plexus/plexus/2.0.3/plexus-2.0.3.pom (15 kB at 1.2 MB/s)
[ac894df9-f39a-408c-88b1-a6c4312681f5/build]   | [INFO] Downloading from central: https://repo.maven.apache.org/maven2/org/apache/maven/maven-plugin-api/2.0.6/maven-plugin-api-2.0.6.jar
[ac894df9-f39a-408c-88b1-a6c4312681f5/build]   | [INFO] Downloading from central: https://repo.maven.apache.org/maven2/org/apache/maven/maven-project/2.0.6/maven-project-2.0.6.jar
[ac894df9-f39a-408c-88b1-a6c4312681f5/build]   | [INFO] Downloaded from central: https://repo.maven.apache.org/maven2/org/apache/maven/maven-plugin-api/2.0.6/maven-plugin-api-2.0.6.jar (13 kB at 714 kB/s)
[ac894df9-f39a-408c-88b1-a6c4312681f5/build]   | [INFO] Downloading from central: https://repo.maven.apache.org/maven2/org/apache/maven/maven-artifact-manager/2.0.6/maven-artifact-manager-2.0.6.jar
[ac894df9-f39a-408c-88b1-a6c4312681f5/build]   | [INFO] Downloading from central: https://repo.maven.apache.org/maven2/org/apache/maven/maven-core/2.0.6/maven-core-2.0.6.jar
[ac894df9-f39a-408c-88b1-a6c4312681f5/build]   | [INFO] Downloading from central: https://repo.maven.apache.org/maven2/org/apache/maven/maven-profile/2.0.6/maven-profile-2.0.6.jar
[ac894df9-f39a-408c-88b1-a6c4312681f5/build]   | [INFO] Downloading from central: https://repo.maven.apache.org/maven2/org/apache/maven/maven-plugin-registry/2.0.6/maven-plugin-registry-2.0.6.jar
[ac894df9-f39a-408c-88b1-a6c4312681f5/build]   | [INFO] Downloaded from central: https://repo.maven.apache.org/maven2/org/apache/maven/maven-project/2.0.6/maven-project-2.0.6.jar (116 kB at 2.7 MB/s)
[ac894df9-f39a-408c-88b1-a6c4312681f5/build]   | [INFO] Downloading from central: https://repo.maven.apache.org/maven2/org/apache/maven/maven-plugin-parameter-documenter/2.0.6/maven-plugin-parameter-documenter-2.0.6.jar
[ac894df9-f39a-408c-88b1-a6c4312681f5/build]   | [INFO] Downloaded from central: https://repo.maven.apache.org/maven2/org/apache/maven/maven-profile/2.0.6/maven-profile-2.0.6.jar (35 kB at 734 kB/s)
[ac894df9-f39a-408c-88b1-a6c4312681f5/build]   | [INFO] Downloading from central: https://repo.maven.apache.org/maven2/org/apache/maven/reporting/maven-reporting-api/2.0.6/maven-reporting-api-2.0.6.jar
[ac894df9-f39a-408c-88b1-a6c4312681f5/build]   | [INFO] Downloaded from central: https://repo.maven.apache.org/maven2/org/apache/maven/maven-plugin-registry/2.0.6/maven-plugin-registry-2.0.6.jar (29 kB at 997 kB/s)
[ac894df9-f39a-408c-88b1-a6c4312681f5/build]   | [INFO] Downloading from central: https://repo.maven.apache.org/maven2/org/apache/maven/doxia/doxia-sink-api/1.0-alpha-7/doxia-sink-api-1.0-alpha-7.jar
[ac894df9-f39a-408c-88b1-a6c4312681f5/build]   | [INFO] Downloaded from central: https://repo.maven.apache.org/maven2/org/apache/maven/maven-artifact-manager/2.0.6/maven-artifact-manager-2.0.6.jar (57 kB at 1.1 MB/s)
[ac894df9-f39a-408c-88b1-a6c4312681f5/build]   | [INFO] Downloading from central: https://repo.maven.apache.org/maven2/org/apache/maven/maven-repository-metadata/2.0.6/maven-repository-metadata-2.0.6.jar
[ac894df9-f39a-408c-88b1-a6c4312681f5/build]   | [INFO] Downloaded from central: https://repo.maven.apache.org/maven2/org/apache/maven/maven-plugin-parameter-documenter/2.0.6/maven-plugin-parameter-documenter-2.0.6.jar (21 kB at 716 kB/s)
[ac894df9-f39a-408c-88b1-a6c4312681f5/build]   | [INFO] Downloading from central: https://repo.maven.apache.org/maven2/org/apache/maven/maven-error-diagnostics/2.0.6/maven-error-diagnostics-2.0.6.jar
[ac894df9-f39a-408c-88b1-a6c4312681f5/build]   | [INFO] Downloaded from central: https://repo.maven.apache.org/maven2/org/apache/maven/doxia/doxia-sink-api/1.0-alpha-7/doxia-sink-api-1.0-alpha-7.jar (5.9 kB at 160 kB/s)
[ac894df9-f39a-408c-88b1-a6c4312681f5/build]   | [INFO] Downloading from central: https://repo.maven.apache.org/maven2/commons-cli/commons-cli/1.0/commons-cli-1.0.jar
[ac894df9-f39a-408c-88b1-a6c4312681f5/build]   | [INFO] Downloaded from central: https://repo.maven.apache.org/maven2/org/apache/maven/maven-error-diagnostics/2.0.6/maven-error-diagnostics-2.0.6.jar (14 kB at 227 kB/s)
[ac894df9-f39a-408c-88b1-a6c4312681f5/build]   | [INFO] Downloading from central: https://repo.maven.apache.org/maven2/org/apache/maven/maven-plugin-descriptor/2.0.6/maven-plugin-descriptor-2.0.6.jar
[ac894df9-f39a-408c-88b1-a6c4312681f5/build]   | [INFO] Downloaded from central: https://repo.maven.apache.org/maven2/org/apache/maven/maven-core/2.0.6/maven-core-2.0.6.jar (152 kB at 2.4 MB/s)
[ac894df9-f39a-408c-88b1-a6c4312681f5/build]   | [INFO] Downloading from central: https://repo.maven.apache.org/maven2/org/codehaus/plexus/plexus-interactivity-api/1.0-alpha-4/plexus-interactivity-api-1.0-alpha-4.jar
[ac894df9-f39a-408c-88b1-a6c4312681f5/build]   | [INFO] Downloaded from central: https://repo.maven.apache.org/maven2/org/apache/maven/maven-repository-metadata/2.0.6/maven-repository-metadata-2.0.6.jar (24 kB at 382 kB/s)
[ac894df9-f39a-408c-88b1-a6c4312681f5/build]   | [INFO] Downloading from central: https://repo.maven.apache.org/maven2/classworlds/classworlds/1.1/classworlds-1.1.jar
[ac894df9-f39a-408c-88b1-a6c4312681f5/build]   | [INFO] Downloaded from central: https://repo.maven.apache.org/maven2/org/apache/maven/reporting/maven-reporting-api/2.0.6/maven-reporting-api-2.0.6.jar (9.9 kB at 155 kB/s)
[ac894df9-f39a-408c-88b1-a6c4312681f5/build]   | [INFO] Downloading from central: https://repo.maven.apache.org/maven2/org/apache/maven/maven-artifact/2.0.6/maven-artifact-2.0.6.jar
[ac894df9-f39a-408c-88b1-a6c4312681f5/build]   | [INFO] Downloaded from central: https://repo.maven.apache.org/maven2/classworlds/classworlds/1.1/classworlds-1.1.jar (38 kB at 445 kB/s)
[ac894df9-f39a-408c-88b1-a6c4312681f5/build]   | [INFO] Downloaded from central: https://repo.maven.apache.org/maven2/org/codehaus/plexus/plexus-interactivity-api/1.0-alpha-4/plexus-interactivity-api-1.0-alpha-4.jar (13 kB at 156 kB/s)
[ac894df9-f39a-408c-88b1-a6c4312681f5/build]   | [INFO] Downloading from central: https://repo.maven.apache.org/maven2/org/apache/maven/maven-settings/2.0.6/maven-settings-2.0.6.jar
[ac894df9-f39a-408c-88b1-a6c4312681f5/build]   | [INFO] Downloading from central: https://repo.maven.apache.org/maven2/org/apache/maven/maven-model/2.0.6/maven-model-2.0.6.jar
[ac894df9-f39a-408c-88b1-a6c4312681f5/build]   | [INFO] Downloaded from central: https://repo.maven.apache.org/maven2/org/apache/maven/maven-plugin-descriptor/2.0.6/maven-plugin-descriptor-2.0.6.jar (37 kB at 365 kB/s)
[ac894df9-f39a-408c-88b1-a6c4312681f5/build]   | [INFO] Downloaded from central: https://repo.maven.apache.org/maven2/org/apache/maven/maven-artifact/2.0.6/maven-artifact-2.0.6.jar (87 kB at 865 kB/s)
[ac894df9-f39a-408c-88b1-a6c4312681f5/build]   | [INFO] Downloading from central: https://repo.maven.apache.org/maven2/org/apache/maven/maven-monitor/2.0.6/maven-monitor-2.0.6.jar
[ac894df9-f39a-408c-88b1-a6c4312681f5/build]   | [INFO] Downloading from central: https://repo.maven.apache.org/maven2/org/codehaus/plexus/plexus-container-default/1.0-alpha-9-stable-1/plexus-container-default-1.0-alpha-9-stable-1.jar
[ac894df9-f39a-408c-88b1-a6c4312681f5/build]   | [INFO] Downloaded from central: https://repo.maven.apache.org/maven2/commons-cli/commons-cli/1.0/commons-cli-1.0.jar (30 kB at 257 kB/s)
[ac894df9-f39a-408c-88b1-a6c4312681f5/build]   | [INFO] Downloading from central: https://repo.maven.apache.org/maven2/junit/junit/3.8.1/junit-3.8.1.jar
[ac894df9-f39a-408c-88b1-a6c4312681f5/build]   | [INFO] Downloaded from central: https://repo.maven.apache.org/maven2/org/apache/maven/maven-settings/2.0.6/maven-settings-2.0.6.jar (49 kB at 416 kB/s)
[ac894df9-f39a-408c-88b1-a6c4312681f5/build]   | [INFO] Downloading from central: https://repo.maven.apache.org/maven2/org/codehaus/plexus/plexus-utils/2.0.5/plexus-utils-2.0.5.jar
[ac894df9-f39a-408c-88b1-a6c4312681f5/build]   | [INFO] Downloaded from central: https://repo.maven.apache.org/maven2/org/apache/maven/maven-model/2.0.6/maven-model-2.0.6.jar (86 kB at 617 kB/s)
[ac894df9-f39a-408c-88b1-a6c4312681f5/build]   | [INFO] Downloading from central: https://repo.maven.apache.org/maven2/org/apache/maven/shared/maven-filtering/1.1/maven-filtering-1.1.jar
[ac894df9-f39a-408c-88b1-a6c4312681f5/build]   | [INFO] Downloaded from central: https://repo.maven.apache.org/maven2/org/apache/maven/shared/maven-filtering/1.1/maven-filtering-1.1.jar (43 kB at 285 kB/s)
[ac894df9-f39a-408c-88b1-a6c4312681f5/build]   | [INFO] Downloading from central: https://repo.maven.apache.org/maven2/org/sonatype/plexus/plexus-build-api/0.0.4/plexus-build-api-0.0.4.jar
[ac894df9-f39a-408c-88b1-a6c4312681f5/build]   | [INFO] Downloaded from central: https://repo.maven.apache.org/maven2/junit/junit/3.8.1/junit-3.8.1.jar (121 kB at 781 kB/s)
[ac894df9-f39a-408c-88b1-a6c4312681f5/build]   | [INFO] Downloading from central: https://repo.maven.apache.org/maven2/org/codehaus/plexus/plexus-interpolation/1.13/plexus-interpolation-1.13.jar
[ac894df9-f39a-408c-88b1-a6c4312681f5/build]   | [INFO] Downloaded from central: https://repo.maven.apache.org/maven2/org/sonatype/plexus/plexus-build-api/0.0.4/plexus-build-api-0.0.4.jar (6.8 kB at 43 kB/s)
[ac894df9-f39a-408c-88b1-a6c4312681f5/build]   | [INFO] Downloaded from central: https://repo.maven.apache.org/maven2/org/codehaus/plexus/plexus-interpolation/1.13/plexus-interpolation-1.13.jar (61 kB at 375 kB/s)
[ac894df9-f39a-408c-88b1-a6c4312681f5/build]   | [INFO] Downloaded from central: https://repo.maven.apache.org/maven2/org/codehaus/plexus/plexus-container-default/1.0-alpha-9-stable-1/plexus-container-default-1.0-alpha-9-stable-1.jar (194 kB at 1.1 MB/s)
[ac894df9-f39a-408c-88b1-a6c4312681f5/build]   | [INFO] Downloaded from central: https://repo.maven.apache.org/maven2/org/apache/maven/maven-monitor/2.0.6/maven-monitor-2.0.6.jar (10 kB at 60 kB/s)
[ac894df9-f39a-408c-88b1-a6c4312681f5/build]   | [INFO] Downloaded from central: https://repo.maven.apache.org/maven2/org/codehaus/plexus/plexus-utils/2.0.5/plexus-utils-2.0.5.jar (223 kB at 1.3 MB/s)
[ac894df9-f39a-408c-88b1-a6c4312681f5/build]   | [INFO] Using 'UTF-8' encoding to copy filtered resources.
[ac894df9-f39a-408c-88b1-a6c4312681f5/build]   | [INFO] Copying 40 resources
[ac894df9-f39a-408c-88b1-a6c4312681f5/build]   | [INFO] 
[ac894df9-f39a-408c-88b1-a6c4312681f5/build]   | [INFO] --- maven-compiler-plugin:2.5.1:compile (default-compile) @ nodebox ---
[ac894df9-f39a-408c-88b1-a6c4312681f5/build]   | [INFO] Downloading from central: https://repo.maven.apache.org/maven2/org/apache/maven/maven-plugin-api/2.0.9/maven-plugin-api-2.0.9.pom
[ac894df9-f39a-408c-88b1-a6c4312681f5/build]   | [INFO] Downloaded from central: https://repo.maven.apache.org/maven2/org/apache/maven/maven-plugin-api/2.0.9/maven-plugin-api-2.0.9.pom (1.5 kB at 93 kB/s)
[ac894df9-f39a-408c-88b1-a6c4312681f5/build]   | [INFO] Downloading from central: https://repo.maven.apache.org/maven2/org/apache/maven/maven/2.0.9/maven-2.0.9.pom
[ac894df9-f39a-408c-88b1-a6c4312681f5/build]   | [INFO] Downloaded from central: https://repo.maven.apache.org/maven2/org/apache/maven/maven/2.0.9/maven-2.0.9.pom (19 kB at 1.3 MB/s)
[ac894df9-f39a-408c-88b1-a6c4312681f5/build]   | [INFO] Downloading from central: https://repo.maven.apache.org/maven2/org/apache/maven/maven-parent/8/maven-parent-8.pom
[ac894df9-f39a-408c-88b1-a6c4312681f5/build]   | [INFO] Downloaded from central: https://repo.maven.apache.org/maven2/org/apache/maven/maven-parent/8/maven-parent-8.pom (24 kB at 1.5 MB/s)
[ac894df9-f39a-408c-88b1-a6c4312681f5/build]   | [INFO] Downloading from central: https://repo.maven.apache.org/maven2/org/apache/maven/maven-artifact/2.0.9/maven-artifact-2.0.9.pom
[ac894df9-f39a-408c-88b1-a6c4312681f5/build]   | [INFO] Downloaded from central: https://repo.maven.apache.org/maven2/org/apache/maven/maven-artifact/2.0.9/maven-artifact-2.0.9.pom (1.6 kB at 101 kB/s)
[ac894df9-f39a-408c-88b1-a6c4312681f5/build]   | [INFO] Downloading from central: https://repo.maven.apache.org/maven2/org/codehaus/plexus/plexus-utils/1.5.1/plexus-utils-1.5.1.pom
[ac894df9-f39a-408c-88b1-a6c4312681f5/build]   | [INFO] Downloaded from central: https://repo.maven.apache.org/maven2/org/codehaus/plexus/plexus-utils/1.5.1/plexus-utils-1.5.1.pom (2.3 kB at 45 kB/s)
[ac894df9-f39a-408c-88b1-a6c4312681f5/build]   | [INFO] Downloading from central: https://repo.maven.apache.org/maven2/org/apache/maven/maven-core/2.0.9/maven-core-2.0.9.pom
[ac894df9-f39a-408c-88b1-a6c4312681f5/build]   | [INFO] Downloaded from central: https://repo.maven.apache.org/maven2/org/apache/maven/maven-core/2.0.9/maven-core-2.0.9.pom (7.8 kB at 311 kB/s)
[ac894df9-f39a-408c-88b1-a6c4312681f5/build]   | [INFO] Downloading from central: https://repo.maven.apache.org/maven2/org/apache/maven/maven-settings/2.0.9/maven-settings-2.0.9.pom
[ac894df9-f39a-408c-88b1-a6c4312681f5/build]   | [INFO] Downloaded from central: https://repo.maven.apache.org/maven2/org/apache/maven/maven-settings/2.0.9/maven-settings-2.0.9.pom (2.1 kB at 121 kB/s)
[ac894df9-f39a-408c-88b1-a6c4312681f5/build]   | [INFO] Downloading from central: https://repo.maven.apache.org/maven2/org/apache/maven/maven-model/2.0.9/maven-model-2.0.9.pom
[ac894df9-f39a-408c-88b1-a6c4312681f5/build]   | [INFO] Downloaded from central: https://repo.maven.apache.org/maven2/org/apache/maven/maven-model/2.0.9/maven-model-2.0.9.pom (3.1 kB at 285 kB/s)
[ac894df9-f39a-408c-88b1-a6c4312681f5/build]   | [INFO] Downloading from central: https://repo.maven.apache.org/maven2/org/apache/maven/maven-plugin-parameter-documenter/2.0.9/maven-plugin-parameter-documenter-2.0.9.pom
[ac894df9-f39a-408c-88b1-a6c4312681f5/build]   | [INFO] Downloaded from central: https://repo.maven.apache.org/maven2/org/apache/maven/maven-plugin-parameter-documenter/2.0.9/maven-plugin-parameter-documenter-2.0.9.pom (2.0 kB at 131 kB/s)
[ac894df9-f39a-408c-88b1-a6c4312681f5/build]   | [INFO] Downloading from central: https://repo.maven.apache.org/maven2/org/apache/maven/maven-profile/2.0.9/maven-profile-2.0.9.pom
[ac894df9-f39a-408c-88b1-a6c4312681f5/build]   | [INFO] Downloaded from central: https://repo.maven.apache.org/maven2/org/apache/maven/maven-profile/2.0.9/maven-profile-2.0.9.pom (2.0 kB at 205 kB/s)
[ac894df9-f39a-408c-88b1-a6c4312681f5/build]   | [INFO] Downloading from central: https://repo.maven.apache.org/maven2/org/apache/maven/maven-repository-metadata/2.0.9/maven-repository-metadata-2.0.9.pom
[ac894df9-f39a-408c-88b1-a6c4312681f5/build]   | [INFO] Downloaded from central: https://repo.maven.apache.org/maven2/org/apache/maven/maven-repository-metadata/2.0.9/maven-repository-metadata-2.0.9.pom (1.9 kB at 100 kB/s)
[ac894df9-f39a-408c-88b1-a6c4312681f5/build]   | [INFO] Downloading from central: https://repo.maven.apache.org/maven2/org/apache/maven/maven-error-diagnostics/2.0.9/maven-error-diagnostics-2.0.9.pom
[ac894df9-f39a-408c-88b1-a6c4312681f5/build]   | [INFO] Downloaded from central: https://repo.maven.apache.org/maven2/org/apache/maven/maven-error-diagnostics/2.0.9/maven-error-diagnostics-2.0.9.pom (1.7 kB at 134 kB/s)
[ac894df9-f39a-408c-88b1-a6c4312681f5/build]   | [INFO] Downloading from central: https://repo.maven.apache.org/maven2/org/apache/maven/maven-project/2.0.9/maven-project-2.0.9.pom
[ac894df9-f39a-408c-88b1-a6c4312681f5/build]   | [INFO] Downloaded from central: https://repo.maven.apache.org/maven2/org/apache/maven/maven-project/2.0.9/maven-project-2.0.9.pom (2.7 kB at 271 kB/s)
[ac894df9-f39a-408c-88b1-a6c4312681f5/build]   | [INFO] Downloading from central: https://repo.maven.apache.org/maven2/org/apache/maven/maven-artifact-manager/2.0.9/maven-artifact-manager-2.0.9.pom
[ac894df9-f39a-408c-88b1-a6c4312681f5/build]   | [INFO] Downloaded from central: https://repo.maven.apache.org/maven2/org/apache/maven/maven-artifact-manager/2.0.9/maven-artifact-manager-2.0.9.pom (2.7 kB at 193 kB/s)
[ac894df9-f39a-408c-88b1-a6c4312681f5/build]   | [INFO] Downloading from central: https://repo.maven.apache.org/maven2/org/apache/maven/maven-plugin-registry/2.0.9/maven-plugin-registry-2.0.9.pom
[ac894df9-f39a-408c-88b1-a6c4312681f5/build]   | [INFO] Downloaded from central: https://repo.maven.apache.org/maven2/org/apache/maven/maven-plugin-registry/2.0.9/maven-plugin-registry-2.0.9.pom (2.0 kB at 164 kB/s)
[ac894df9-f39a-408c-88b1-a6c4312681f5/build]   | [INFO] Downloading from central: https://repo.maven.apache.org/maven2/org/apache/maven/maven-plugin-descriptor/2.0.9/maven-plugin-descriptor-2.0.9.pom
[ac894df9-f39a-408c-88b1-a6c4312681f5/build]   | [INFO] Downloaded from central: https://repo.maven.apache.org/maven2/org/apache/maven/maven-plugin-descriptor/2.0.9/maven-plugin-descriptor-2.0.9.pom (2.1 kB at 173 kB/s)
[ac894df9-f39a-408c-88b1-a6c4312681f5/build]   | [INFO] Downloading from central: https://repo.maven.apache.org/maven2/org/apache/maven/maven-monitor/2.0.9/maven-monitor-2.0.9.pom
[ac894df9-f39a-408c-88b1-a6c4312681f5/build]   | [INFO] Downloaded from central: https://repo.maven.apache.org/maven2/org/apache/maven/maven-monitor/2.0.9/maven-monitor-2.0.9.pom (1.3 kB at 99 kB/s)
[ac894df9-f39a-408c-88b1-a6c4312681f5/build]   | [INFO] Downloading from central: https://repo.maven.apache.org/maven2/org/apache/maven/maven-toolchain/1.0/maven-toolchain-1.0.pom
[ac894df9-f39a-408c-88b1-a6c4312681f5/build]   | [INFO] Downloaded from central: https://repo.maven.apache.org/maven2/org/apache/maven/maven-toolchain/1.0/maven-toolchain-1.0.pom (3.4 kB at 122 kB/s)
[ac894df9-f39a-408c-88b1-a6c4312681f5/build]   | [INFO] Downloading from central: https://repo.maven.apache.org/maven2/org/codehaus/plexus/plexus-utils/3.0/plexus-utils-3.0.pom
[ac894df9-f39a-408c-88b1-a6c4312681f5/build]   | [INFO] Downloaded from central: https://repo.maven.apache.org/maven2/org/codehaus/plexus/plexus-utils/3.0/plexus-utils-3.0.pom (4.1 kB at 339 kB/s)
[ac894df9-f39a-408c-88b1-a6c4312681f5/build]   | [INFO] Downloading from central: https://repo.maven.apache.org/maven2/org/sonatype/spice/spice-parent/16/spice-parent-16.pom
[ac894df9-f39a-408c-88b1-a6c4312681f5/build]   | [INFO] Downloaded from central: https://repo.maven.apache.org/maven2/org/sonatype/spice/spice-parent/16/spice-parent-16.pom (8.4 kB at 597 kB/s)
[ac894df9-f39a-408c-88b1-a6c4312681f5/build]   | [INFO] Downloading from central: https://repo.maven.apache.org/maven2/org/sonatype/forge/forge-parent/5/forge-parent-5.pom
[ac894df9-f39a-408c-88b1-a6c4312681f5/build]   | [INFO] Downloaded from central: https://repo.maven.apache.org/maven2/org/sonatype/forge/forge-parent/5/forge-parent-5.pom (8.4 kB at 335 kB/s)
[ac894df9-f39a-408c-88b1-a6c4312681f5/build]   | [INFO] Downloading from central: https://repo.maven.apache.org/maven2/org/codehaus/plexus/plexus-compiler-api/1.9.1/plexus-compiler-api-1.9.1.pom
[ac894df9-f39a-408c-88b1-a6c4312681f5/build]   | [INFO] Downloaded from central: https://repo.maven.apache.org/maven2/org/codehaus/plexus/plexus-compiler-api/1.9.1/plexus-compiler-api-1.9.1.pom (867 B at 72 kB/s)
[ac894df9-f39a-408c-88b1-a6c4312681f5/build]   | [INFO] Downloading from central: https://repo.maven.apache.org/maven2/org/codehaus/plexus/plexus-compiler/1.9.1/plexus-compiler-1.9.1.pom
[ac894df9-f39a-408c-88b1-a6c4312681f5/build]   | [INFO] Downloaded from central: https://repo.maven.apache.org/maven2/org/codehaus/plexus/plexus-compiler/1.9.1/plexus-compiler-1.9.1.pom (3.8 kB at 320 kB/s)
[ac894df9-f39a-408c-88b1-a6c4312681f5/build]   | [INFO] Downloading from central: https://repo.maven.apache.org/maven2/org/codehaus/plexus/plexus-components/1.1.20/plexus-components-1.1.20.pom
[ac894df9-f39a-408c-88b1-a6c4312681f5/build]   | [INFO] Downloaded from central: https://repo.maven.apache.org/maven2/org/codehaus/plexus/plexus-components/1.1.20/plexus-components-1.1.20.pom (3.0 kB at 251 kB/s)
[ac894df9-f39a-408c-88b1-a6c4312681f5/build]   | [INFO] Downloading from central: https://repo.maven.apache.org/maven2/org/codehaus/plexus/plexus/3.1/plexus-3.1.pom
[ac894df9-f39a-408c-88b1-a6c4312681f5/build]   | [INFO] Downloaded from central: https://repo.maven.apache.org/maven2/org/codehaus/plexus/plexus/3.1/plexus-3.1.pom (19 kB at 1.1 MB/s)
[ac894df9-f39a-408c-88b1-a6c4312681f5/build]   | [INFO] Downloading from central: https://repo.maven.apache.org/maven2/org/sonatype/spice/spice-parent/17/spice-parent-17.pom
[ac894df9-f39a-408c-88b1-a6c4312681f5/build]   | [INFO] Downloaded from central: https://repo.maven.apache.org/maven2/org/sonatype/spice/spice-parent/17/spice-parent-17.pom (6.8 kB at 845 kB/s)
[ac894df9-f39a-408c-88b1-a6c4312681f5/build]   | [INFO] Downloading from central: https://repo.maven.apache.org/maven2/org/sonatype/forge/forge-parent/10/forge-parent-10.pom
[ac894df9-f39a-408c-88b1-a6c4312681f5/build]   | [INFO] Downloaded from central: https://repo.maven.apache.org/maven2/org/sonatype/forge/forge-parent/10/forge-parent-10.pom (14 kB at 1.7 MB/s)
[ac894df9-f39a-408c-88b1-a6c4312681f5/build]   | [INFO] Downloading from central: https://repo.maven.apache.org/maven2/org/codehaus/plexus/plexus-compiler-manager/1.9.1/plexus-compiler-manager-1.9.1.pom
[ac894df9-f39a-408c-88b1-a6c4312681f5/build]   | [INFO] Downloaded from central: https://repo.maven.apache.org/maven2/org/codehaus/plexus/plexus-compiler-manager/1.9.1/plexus-compiler-manager-1.9.1.pom (692 B at 77 kB/s)
[ac894df9-f39a-408c-88b1-a6c4312681f5/build]   | [INFO] Downloading from central: https://repo.maven.apache.org/maven2/org/codehaus/plexus/plexus-compiler-javac/1.9.1/plexus-compiler-javac-1.9.1.pom
[ac894df9-f39a-408c-88b1-a6c4312681f5/build]   | [INFO] Downloaded from central: https://repo.maven.apache.org/maven2/org/codehaus/plexus/plexus-compiler-javac/1.9.1/plexus-compiler-javac-1.9.1.pom (688 B at 53 kB/s)
[ac894df9-f39a-408c-88b1-a6c4312681f5/build]   | [INFO] Downloading from central: https://repo.maven.apache.org/maven2/org/codehaus/plexus/plexus-compilers/1.9.1/plexus-compilers-1.9.1.pom
[ac894df9-f39a-408c-88b1-a6c4312681f5/build]   | [INFO] Downloaded from central: https://repo.maven.apache.org/maven2/org/codehaus/plexus/plexus-compilers/1.9.1/plexus-compilers-1.9.1.pom (1.2 kB at 78 kB/s)
[ac894df9-f39a-408c-88b1-a6c4312681f5/build]   | [INFO] Downloading from central: https://repo.maven.apache.org/maven2/org/apache/maven/maven-plugin-api/2.0.9/maven-plugin-api-2.0.9.jar
[ac894df9-f39a-408c-88b1-a6c4312681f5/build]   | [INFO] Downloading from central: https://repo.maven.apache.org/maven2/org/apache/maven/maven-artifact/2.0.9/maven-artifact-2.0.9.jar
[ac894df9-f39a-408c-88b1-a6c4312681f5/build]   | [INFO] Downloading from central: https://repo.maven.apache.org/maven2/org/apache/maven/maven-settings/2.0.9/maven-settings-2.0.9.jar
[ac894df9-f39a-408c-88b1-a6c4312681f5/build]   | [INFO] Downloading from central: https://repo.maven.apache.org/maven2/org/apache/maven/maven-core/2.0.9/maven-core-2.0.9.jar
[ac894df9-f39a-408c-88b1-a6c4312681f5/build]   | [INFO] Downloading from central: https://repo.maven.apache.org/maven2/org/apache/maven/maven-plugin-parameter-documenter/2.0.9/maven-plugin-parameter-documenter-2.0.9.jar
[ac894df9-f39a-408c-88b1-a6c4312681f5/build]   | [INFO] Downloaded from central: https://repo.maven.apache.org/maven2/org/apache/maven/maven-core/2.0.9/maven-core-2.0.9.jar (160 kB at 1.0 MB/s)
[ac894df9-f39a-408c-88b1-a6c4312681f5/build]   | [INFO] Downloading from central: https://repo.maven.apache.org/maven2/org/apache/maven/maven-profile/2.0.9/maven-profile-2.0.9.jar
[ac894df9-f39a-408c-88b1-a6c4312681f5/build]   | [INFO] Downloaded from central: https://repo.maven.apache.org/maven2/org/apache/maven/maven-profile/2.0.9/maven-profile-2.0.9.jar (35 kB at 218 kB/s)
[ac894df9-f39a-408c-88b1-a6c4312681f5/build]   | [INFO] Downloading from central: https://repo.maven.apache.org/maven2/org/apache/maven/maven-model/2.0.9/maven-model-2.0.9.jar
[ac894df9-f39a-408c-88b1-a6c4312681f5/build]   | [INFO] Downloaded from central: https://repo.maven.apache.org/maven2/org/apache/maven/maven-model/2.0.9/maven-model-2.0.9.jar (87 kB at 496 kB/s)
[ac894df9-f39a-408c-88b1-a6c4312681f5/build]   | [INFO] Downloading from central: https://repo.maven.apache.org/maven2/org/apache/maven/maven-repository-metadata/2.0.9/maven-repository-metadata-2.0.9.jar
[ac894df9-f39a-408c-88b1-a6c4312681f5/build]   | [INFO] Downloaded from central: https://repo.maven.apache.org/maven2/org/apache/maven/maven-repository-metadata/2.0.9/maven-repository-metadata-2.0.9.jar (25 kB at 129 kB/s)
[ac894df9-f39a-408c-88b1-a6c4312681f5/build]   | [INFO] Downloading from central: https://repo.maven.apache.org/maven2/org/apache/maven/maven-error-diagnostics/2.0.9/maven-error-diagnostics-2.0.9.jar
[ac894df9-f39a-408c-88b1-a6c4312681f5/build]   | [INFO] Downloaded from central: https://repo.maven.apache.org/maven2/org/apache/maven/maven-plugin-api/2.0.9/maven-plugin-api-2.0.9.jar (13 kB at 56 kB/s)
[ac894df9-f39a-408c-88b1-a6c4312681f5/build]   | [INFO] Downloading from central: https://repo.maven.apache.org/maven2/org/apache/maven/maven-project/2.0.9/maven-project-2.0.9.jar
[ac894df9-f39a-408c-88b1-a6c4312681f5/build]   | [INFO] Downloaded from central: https://repo.maven.apache.org/maven2/org/apache/maven/maven-settings/2.0.9/maven-settings-2.0.9.jar (49 kB at 222 kB/s)
[ac894df9-f39a-408c-88b1-a6c4312681f5/build]   | [INFO] Downloading from central: https://repo.maven.apache.org/maven2/org/apache/maven/maven-plugin-registry/2.0.9/maven-plugin-registry-2.0.9.jar
[ac894df9-f39a-408c-88b1-a6c4312681f5/build]   | [INFO] Downloaded from central: https://repo.maven.apache.org/maven2/org/apache/maven/maven-artifact/2.0.9/maven-artifact-2.0.9.jar (89 kB at 369 kB/s)
[ac894df9-f39a-408c-88b1-a6c4312681f5/build]   | [INFO] Downloading from central: https://repo.maven.apache.org/maven2/org/apache/maven/maven-plugin-descriptor/2.0.9/maven-plugin-descriptor-2.0.9.jar
[ac894df9-f39a-408c-88b1-a6c4312681f5/build]   | [INFO] Downloaded from central: https://repo.maven.apache.org/maven2/org/apache/maven/maven-plugin-registry/2.0.9/maven-plugin-registry-2.0.9.jar (29 kB at 128 kB/s)
[ac894df9-f39a-408c-88b1-a6c4312681f5/build]   | [INFO] Downloading from central: https://repo.maven.apache.org/maven2/org/apache/maven/maven-artifact-manager/2.0.9/maven-artifact-manager-2.0.9.jar
[ac894df9-f39a-408c-88b1-a6c4312681f5/build]   | [INFO] Downloaded from central: https://repo.maven.apache.org/maven2/org/apache/maven/maven-error-diagnostics/2.0.9/maven-error-diagnostics-2.0.9.jar (14 kB at 60 kB/s)
[ac894df9-f39a-408c-88b1-a6c4312681f5/build]   | [INFO] Downloading from central: https://repo.maven.apache.org/maven2/org/apache/maven/maven-monitor/2.0.9/maven-monitor-2.0.9.jar
[ac894df9-f39a-408c-88b1-a6c4312681f5/build]   | [INFO] Downloaded from central: https://repo.maven.apache.org/maven2/org/apache/maven/maven-plugin-parameter-documenter/2.0.9/maven-plugin-parameter-documenter-2.0.9.jar (21 kB at 88 kB/s)
[ac894df9-f39a-408c-88b1-a6c4312681f5/build]   | [INFO] Downloading from central: https://repo.maven.apache.org/maven2/org/apache/maven/maven-toolchain/1.0/maven-toolchain-1.0.jar
[ac894df9-f39a-408c-88b1-a6c4312681f5/build]   | [INFO] Downloaded from central: https://repo.maven.apache.org/maven2/org/apache/maven/maven-toolchain/1.0/maven-toolchain-1.0.jar (33 kB at 131 kB/s)
[ac894df9-f39a-408c-88b1-a6c4312681f5/build]   | [INFO] Downloading from central: https://repo.maven.apache.org/maven2/org/codehaus/plexus/plexus-utils/3.0/plexus-utils-3.0.jar
[ac894df9-f39a-408c-88b1-a6c4312681f5/build]   | [INFO] Downloaded from central: https://repo.maven.apache.org/maven2/org/apache/maven/maven-artifact-manager/2.0.9/maven-artifact-manager-2.0.9.jar (58 kB at 224 kB/s)
[ac894df9-f39a-408c-88b1-a6c4312681f5/build]   | [INFO] Downloading from central: https://repo.maven.apache.org/maven2/org/codehaus/plexus/plexus-compiler-api/1.9.1/plexus-compiler-api-1.9.1.jar
[ac894df9-f39a-408c-88b1-a6c4312681f5/build]   | [INFO] Downloaded from central: https://repo.maven.apache.org/maven2/org/apache/maven/maven-monitor/2.0.9/maven-monitor-2.0.9.jar (10 kB at 37 kB/s)
[ac894df9-f39a-408c-88b1-a6c4312681f5/build]   | [INFO] Downloading from central: https://repo.maven.apache.org/maven2/org/codehaus/plexus/plexus-compiler-manager/1.9.1/plexus-compiler-manager-1.9.1.jar
[ac894df9-f39a-408c-88b1-a6c4312681f5/build]   | [INFO] Downloaded from central: https://repo.maven.apache.org/maven2/org/codehaus/plexus/plexus-compiler-api/1.9.1/plexus-compiler-api-1.9.1.jar (21 kB at 76 kB/s)
[ac894df9-f39a-408c-88b1-a6c4312681f5/build]   | [INFO] Downloading from central: https://repo.maven.apache.org/maven2/org/codehaus/plexus/plexus-compiler-javac/1.9.1/plexus-compiler-javac-1.9.1.jar
[ac894df9-f39a-408c-88b1-a6c4312681f5/build]   | [INFO] Downloaded from central: https://repo.maven.apache.org/maven2/org/codehaus/plexus/plexus-compiler-javac/1.9.1/plexus-compiler-javac-1.9.1.jar (14 kB at 48 kB/s)
[ac894df9-f39a-408c-88b1-a6c4312681f5/build]   | [INFO] Downloading from central: https://repo.maven.apache.org/maven2/classworlds/classworlds/1.1-alpha-2/classworlds-1.1-alpha-2.jar
[ac894df9-f39a-408c-88b1-a6c4312681f5/build]   | [INFO] Downloaded from central: https://repo.maven.apache.org/maven2/org/apache/maven/maven-plugin-descriptor/2.0.9/maven-plugin-descriptor-2.0.9.jar (37 kB at 119 kB/s)
[ac894df9-f39a-408c-88b1-a6c4312681f5/build]   | [INFO] Downloaded from central: https://repo.maven.apache.org/maven2/org/apache/maven/maven-project/2.0.9/maven-project-2.0.9.jar (122 kB at 390 kB/s)
[ac894df9-f39a-408c-88b1-a6c4312681f5/build]   | [INFO] Downloaded from central: https://repo.maven.apache.org/maven2/org/codehaus/plexus/plexus-compiler-manager/1.9.1/plexus-compiler-manager-1.9.1.jar (4.6 kB at 15 kB/s)
[ac894df9-f39a-408c-88b1-a6c4312681f5/build]   | [INFO] Downloaded from central: https://repo.maven.apache.org/maven2/classworlds/classworlds/1.1-alpha-2/classworlds-1.1-alpha-2.jar (38 kB at 118 kB/s)
[ac894df9-f39a-408c-88b1-a6c4312681f5/build]   | [INFO] Downloaded from central: https://repo.maven.apache.org/maven2/org/codehaus/plexus/plexus-utils/3.0/plexus-utils-3.0.jar (226 kB at 700 kB/s)
[ac894df9-f39a-408c-88b1-a6c4312681f5/build]   | [INFO] Compiling 230 source files to /tmp/026a1b48-6fca-49c8-82b6-bd8d1740c200/target/classes
[ac894df9-f39a-408c-88b1-a6c4312681f5/build]   | [INFO] 
[ac894df9-f39a-408c-88b1-a6c4312681f5/build]   | [INFO] --- maven-resources-plugin:2.6:testResources (default-testResources) @ nodebox ---
[ac894df9-f39a-408c-88b1-a6c4312681f5/build]   | [INFO] Using 'UTF-8' encoding to copy filtered resources.
[ac894df9-f39a-408c-88b1-a6c4312681f5/build]   | [INFO] skip non existing resourceDirectory /tmp/026a1b48-6fca-49c8-82b6-bd8d1740c200/src/test/resources
[ac894df9-f39a-408c-88b1-a6c4312681f5/build]   | [INFO] 
[ac894df9-f39a-408c-88b1-a6c4312681f5/build]   | [INFO] --- maven-compiler-plugin:2.5.1:testCompile (default-testCompile) @ nodebox ---
[ac894df9-f39a-408c-88b1-a6c4312681f5/build]   | [INFO] Compiling 53 source files to /tmp/026a1b48-6fca-49c8-82b6-bd8d1740c200/target/test-classes
[ac894df9-f39a-408c-88b1-a6c4312681f5/build]   | [INFO] 
[ac894df9-f39a-408c-88b1-a6c4312681f5/build]   | [INFO] --- maven-surefire-plugin:2.12.4:test (default-test) @ nodebox ---
[ac894df9-f39a-408c-88b1-a6c4312681f5/build]   | [INFO] Downloading from central: https://repo.maven.apache.org/maven2/org/apache/maven/surefire/surefire-booter/2.12.4/surefire-booter-2.12.4.pom
[ac894df9-f39a-408c-88b1-a6c4312681f5/build]   | [INFO] Downloaded from central: https://repo.maven.apache.org/maven2/org/apache/maven/surefire/surefire-booter/2.12.4/surefire-booter-2.12.4.pom (3.0 kB at 303 kB/s)
[ac894df9-f39a-408c-88b1-a6c4312681f5/build]   | [INFO] Downloading from central: https://repo.maven.apache.org/maven2/org/apache/maven/surefire/surefire-api/2.12.4/surefire-api-2.12.4.pom
[ac894df9-f39a-408c-88b1-a6c4312681f5/build]   | [INFO] Downloaded from central: https://repo.maven.apache.org/maven2/org/apache/maven/surefire/surefire-api/2.12.4/surefire-api-2.12.4.pom (2.5 kB at 356 kB/s)
[ac894df9-f39a-408c-88b1-a6c4312681f5/build]   | [INFO] Downloading from central: https://repo.maven.apache.org/maven2/org/apache/maven/surefire/maven-surefire-common/2.12.4/maven-surefire-common-2.12.4.pom
[ac894df9-f39a-408c-88b1-a6c4312681f5/build]   | [INFO] Downloaded from central: https://repo.maven.apache.org/maven2/org/apache/maven/surefire/maven-surefire-common/2.12.4/maven-surefire-common-2.12.4.pom (5.5 kB at 395 kB/s)
[ac894df9-f39a-408c-88b1-a6c4312681f5/build]   | [INFO] Downloading from central: https://repo.maven.apache.org/maven2/org/apache/maven/plugin-tools/maven-plugin-annotations/3.1/maven-plugin-annotations-3.1.pom
[ac894df9-f39a-408c-88b1-a6c4312681f5/build]   | [INFO] Downloaded from central: https://repo.maven.apache.org/maven2/org/apache/maven/plugin-tools/maven-plugin-annotations/3.1/maven-plugin-annotations-3.1.pom (1.6 kB at 60 kB/s)
[ac894df9-f39a-408c-88b1-a6c4312681f5/build]   | [INFO] Downloading from central: https://repo.maven.apache.org/maven2/org/apache/maven/plugin-tools/maven-plugin-tools/3.1/maven-plugin-tools-3.1.pom
[ac894df9-f39a-408c-88b1-a6c4312681f5/build]   | [INFO] Downloaded from central: https://repo.maven.apache.org/maven2/org/apache/maven/plugin-tools/maven-plugin-tools/3.1/maven-plugin-tools-3.1.pom (16 kB at 2.7 MB/s)
[ac894df9-f39a-408c-88b1-a6c4312681f5/build]   | [INFO] Downloading from central: https://repo.maven.apache.org/maven2/org/codehaus/plexus/plexus-utils/3.0.8/plexus-utils-3.0.8.pom
[ac894df9-f39a-408c-88b1-a6c4312681f5/build]   | [INFO] Downloaded from central: https://repo.maven.apache.org/maven2/org/codehaus/plexus/plexus-utils/3.0.8/plexus-utils-3.0.8.pom (3.1 kB at 628 kB/s)
[ac894df9-f39a-408c-88b1-a6c4312681f5/build]   | [INFO] Downloading from central: https://repo.maven.apache.org/maven2/org/codehaus/plexus/plexus/3.2/plexus-3.2.pom
[ac894df9-f39a-408c-88b1-a6c4312681f5/build]   | [INFO] Downloaded from central: https://repo.maven.apache.org/maven2/org/codehaus/plexus/plexus/3.2/plexus-3.2.pom (19 kB at 2.3 MB/s)
[ac894df9-f39a-408c-88b1-a6c4312681f5/build]   | [INFO] Downloading from central: https://repo.maven.apache.org/maven2/org/apache/maven/reporting/maven-reporting-api/2.0.9/maven-reporting-api-2.0.9.pom
[ac894df9-f39a-408c-88b1-a6c4312681f5/build]   | [INFO] Downloaded from central: https://repo.maven.apache.org/maven2/org/apache/maven/reporting/maven-reporting-api/2.0.9/maven-reporting-api-2.0.9.pom (1.8 kB at 120 kB/s)
[ac894df9-f39a-408c-88b1-a6c4312681f5/build]   | [INFO] Downloading from central: https://repo.maven.apache.org/maven2/org/apache/maven/reporting/maven-reporting/2.0.9/maven-reporting-2.0.9.pom
[ac894df9-f39a-408c-88b1-a6c4312681f5/build]   | [INFO] Downloaded from central: https://repo.maven.apache.org/maven2/org/apache/maven/reporting/maven-reporting/2.0.9/maven-reporting-2.0.9.pom (1.5 kB at 114 kB/s)
[ac894df9-f39a-408c-88b1-a6c4312681f5/build]   | [INFO] Downloading from central: https://repo.maven.apache.org/maven2/org/apache/maven/maven-toolchain/2.0.9/maven-toolchain-2.0.9.pom
[ac894df9-f39a-408c-88b1-a6c4312681f5/build]   | [INFO] Downloaded from central: https://repo.maven.apache.org/maven2/org/apache/maven/maven-toolchain/2.0.9/maven-toolchain-2.0.9.pom (3.5 kB at 124 kB/s)
[ac894df9-f39a-408c-88b1-a6c4312681f5/build]   | [INFO] Downloading from central: https://repo.maven.apache.org/maven2/org/apache/commons/commons-lang3/3.1/commons-lang3-3.1.pom
[ac894df9-f39a-408c-88b1-a6c4312681f5/build]   | [INFO] Downloaded from central: https://repo.maven.apache.org/maven2/org/apache/commons/commons-lang3/3.1/commons-lang3-3.1.pom (17 kB at 983 kB/s)
[ac894df9-f39a-408c-88b1-a6c4312681f5/build]   | [INFO] Downloading from central: https://repo.maven.apache.org/maven2/org/apache/maven/shared/maven-common-artifact-filters/1.3/maven-common-artifact-filters-1.3.pom
[ac894df9-f39a-408c-88b1-a6c4312681f5/build]   | [INFO] Downloaded from central: https://repo.maven.apache.org/maven2/org/apache/maven/shared/maven-common-artifact-filters/1.3/maven-common-artifact-filters-1.3.pom (3.7 kB at 463 kB/s)
[ac894df9-f39a-408c-88b1-a6c4312681f5/build]   | [INFO] Downloading from central: https://repo.maven.apache.org/maven2/org/apache/maven/shared/maven-shared-components/12/maven-shared-components-12.pom
[ac894df9-f39a-408c-88b1-a6c4312681f5/build]   | [INFO] Downloaded from central: https://repo.maven.apache.org/maven2/org/apache/maven/shared/maven-shared-components/12/maven-shared-components-12.pom (9.3 kB at 1.3 MB/s)
[ac894df9-f39a-408c-88b1-a6c4312681f5/build]   | [INFO] Downloading from central: https://repo.maven.apache.org/maven2/org/apache/maven/maven-parent/13/maven-parent-13.pom
[ac894df9-f39a-408c-88b1-a6c4312681f5/build]   | [INFO] Downloaded from central: https://repo.maven.apache.org/maven2/org/apache/maven/maven-parent/13/maven-parent-13.pom (23 kB at 2.3 MB/s)
[ac894df9-f39a-408c-88b1-a6c4312681f5/build]   | [INFO] Downloading from central: https://repo.maven.apache.org/maven2/org/apache/apache/6/apache-6.pom
[ac894df9-f39a-408c-88b1-a6c4312681f5/build]   | [INFO] Downloaded from central: https://repo.maven.apache.org/maven2/org/apache/apache/6/apache-6.pom (13 kB at 753 kB/s)
[ac894df9-f39a-408c-88b1-a6c4312681f5/build]   | [INFO] Downloading from central: https://repo.maven.apache.org/maven2/org/codehaus/plexus/plexus-container-default/1.0-alpha-9/plexus-container-default-1.0-alpha-9.pom
[ac894df9-f39a-408c-88b1-a6c4312681f5/build]   | [INFO] Downloaded from central: https://repo.maven.apache.org/maven2/org/codehaus/plexus/plexus-container-default/1.0-alpha-9/plexus-container-default-1.0-alpha-9.pom (1.2 kB at 77 kB/s)
[ac894df9-f39a-408c-88b1-a6c4312681f5/build]   | [INFO] Downloading from central: https://repo.maven.apache.org/maven2/org/apache/maven/surefire/surefire-booter/2.12.4/surefire-booter-2.12.4.jar
[ac894df9-f39a-408c-88b1-a6c4312681f5/build]   | [INFO] Downloading from central: https://repo.maven.apache.org/maven2/org/apache/maven/surefire/surefire-api/2.12.4/surefire-api-2.12.4.jar
[ac894df9-f39a-408c-88b1-a6c4312681f5/build]   | [INFO] Downloading from central: https://repo.maven.apache.org/maven2/org/apache/maven/surefire/maven-surefire-common/2.12.4/maven-surefire-common-2.12.4.jar
[ac894df9-f39a-408c-88b1-a6c4312681f5/build]   | [INFO] Downloading from central: https://repo.maven.apache.org/maven2/org/apache/commons/commons-lang3/3.1/commons-lang3-3.1.jar
[ac894df9-f39a-408c-88b1-a6c4312681f5/build]   | [INFO] Downloading from central: https://repo.maven.apache.org/maven2/org/apache/maven/shared/maven-common-artifact-filters/1.3/maven-common-artifact-filters-1.3.jar
[ac894df9-f39a-408c-88b1-a6c4312681f5/build]   | [INFO] Downloaded from central: https://repo.maven.apache.org/maven2/org/apache/maven/surefire/surefire-booter/2.12.4/surefire-booter-2.12.4.jar (35 kB at 3.9 MB/s)
[ac894df9-f39a-408c-88b1-a6c4312681f5/build]   | [INFO] Downloading from central: https://repo.maven.apache.org/maven2/org/codehaus/plexus/plexus-utils/3.0.8/plexus-utils-3.0.8.jar
[ac894df9-f39a-408c-88b1-a6c4312681f5/build]   | [INFO] Downloaded from central: https://repo.maven.apache.org/maven2/org/apache/maven/shared/maven-common-artifact-filters/1.3/maven-common-artifact-filters-1.3.jar (31 kB at 3.1 MB/s)
[ac894df9-f39a-408c-88b1-a6c4312681f5/build]   | [INFO] Downloading from central: https://repo.maven.apache.org/maven2/org/apache/maven/reporting/maven-reporting-api/2.0.9/maven-reporting-api-2.0.9.jar
[ac894df9-f39a-408c-88b1-a6c4312681f5/build]   | [INFO] Downloaded from central: https://repo.maven.apache.org/maven2/org/apache/commons/commons-lang3/3.1/commons-lang3-3.1.jar (316 kB at 21 MB/s)
[ac894df9-f39a-408c-88b1-a6c4312681f5/build]   | [INFO] Downloading from central: https://repo.maven.apache.org/maven2/org/apache/maven/maven-toolchain/2.0.9/maven-toolchain-2.0.9.jar
[ac894df9-f39a-408c-88b1-a6c4312681f5/build]   | [INFO] Downloaded from central: https://repo.maven.apache.org/maven2/org/apache/maven/surefire/surefire-api/2.12.4/surefire-api-2.12.4.jar (118 kB at 6.5 MB/s)
[ac894df9-f39a-408c-88b1-a6c4312681f5/build]   | [INFO] Downloading from central: https://repo.maven.apache.org/maven2/org/apache/maven/plugin-tools/maven-plugin-annotations/3.1/maven-plugin-annotations-3.1.jar
[ac894df9-f39a-408c-88b1-a6c4312681f5/build]   | [INFO] Downloaded from central: https://repo.maven.apache.org/maven2/org/codehaus/plexus/plexus-utils/3.0.8/plexus-utils-3.0.8.jar (232 kB at 11 MB/s)
[ac894df9-f39a-408c-88b1-a6c4312681f5/build]   | [INFO] Downloaded from central: https://repo.maven.apache.org/maven2/org/apache/maven/reporting/maven-reporting-api/2.0.9/maven-reporting-api-2.0.9.jar (10 kB at 422 kB/s)
[ac894df9-f39a-408c-88b1-a6c4312681f5/build]   | [INFO] Downloaded from central: https://repo.maven.apache.org/maven2/org/apache/maven/maven-toolchain/2.0.9/maven-toolchain-2.0.9.jar (38 kB at 1.5 MB/s)
[ac894df9-f39a-408c-88b1-a6c4312681f5/build]   | [INFO] Downloaded from central: https://repo.maven.apache.org/maven2/org/apache/maven/plugin-tools/maven-plugin-annotations/3.1/maven-plugin-annotations-3.1.jar (14 kB at 539 kB/s)
[ac894df9-f39a-408c-88b1-a6c4312681f5/build]   | [INFO] Downloaded from central: https://repo.maven.apache.org/maven2/org/apache/maven/surefire/maven-surefire-common/2.12.4/maven-surefire-common-2.12.4.jar (263 kB at 5.3 MB/s)
[ac894df9-f39a-408c-88b1-a6c4312681f5/build]   | [INFO] Surefire report directory: /tmp/026a1b48-6fca-49c8-82b6-bd8d1740c200/target/surefire-reports
[ac894df9-f39a-408c-88b1-a6c4312681f5/build]   | [INFO] Downloading from central: https://repo.maven.apache.org/maven2/org/apache/maven/surefire/surefire-junit4/2.12.4/surefire-junit4-2.12.4.pom
[ac894df9-f39a-408c-88b1-a6c4312681f5/build]   | [INFO] Downloaded from central: https://repo.maven.apache.org/maven2/org/apache/maven/surefire/surefire-junit4/2.12.4/surefire-junit4-2.12.4.pom (2.4 kB at 185 kB/s)
[ac894df9-f39a-408c-88b1-a6c4312681f5/build]   | [INFO] Downloading from central: https://repo.maven.apache.org/maven2/org/apache/maven/surefire/surefire-providers/2.12.4/surefire-providers-2.12.4.pom
[ac894df9-f39a-408c-88b1-a6c4312681f5/build]   | [INFO] Downloaded from central: https://repo.maven.apache.org/maven2/org/apache/maven/surefire/surefire-providers/2.12.4/surefire-providers-2.12.4.pom (2.3 kB at 261 kB/s)
[ac894df9-f39a-408c-88b1-a6c4312681f5/build]   | [INFO] Downloading from central: https://repo.maven.apache.org/maven2/org/apache/maven/surefire/surefire-junit4/2.12.4/surefire-junit4-2.12.4.jar
[ac894df9-f39a-408c-88b1-a6c4312681f5/build]   | [INFO] Downloaded from central: https://repo.maven.apache.org/maven2/org/apache/maven/surefire/surefire-junit4/2.12.4/surefire-junit4-2.12.4.jar (37 kB at 2.2 MB/s)
[ac894df9-f39a-408c-88b1-a6c4312681f5/build]   | 
[ac894df9-f39a-408c-88b1-a6c4312681f5/build]   | -------------------------------------------------------
[ac894df9-f39a-408c-88b1-a6c4312681f5/build]   |  T E S T S
[ac894df9-f39a-408c-88b1-a6c4312681f5/build]   | -------------------------------------------------------
[ac894df9-f39a-408c-88b1-a6c4312681f5/build]   | Running nodebox.ui.ImageFormatTest
[ac894df9-f39a-408c-88b1-a6c4312681f5/build]   | Tests run: 1, Failures: 0, Errors: 0, Skipped: 0, Time elapsed: 0.034 sec
[ac894df9-f39a-408c-88b1-a6c4312681f5/build]   | Running nodebox.function.MathFunctionsTest
[ac894df9-f39a-408c-88b1-a6c4312681f5/build]   | Tests run: 14, Failures: 0, Errors: 0, Skipped: 0, Time elapsed: 0.139 sec
[ac894df9-f39a-408c-88b1-a6c4312681f5/build]   | Running nodebox.function.DataFunctionsTest
[ac894df9-f39a-408c-88b1-a6c4312681f5/build]   | Tests run: 13, Failures: 0, Errors: 0, Skipped: 0, Time elapsed: 0.02 sec
[ac894df9-f39a-408c-88b1-a6c4312681f5/build]   | Running nodebox.function.NetworkFunctionsTest
[ac894df9-f39a-408c-88b1-a6c4312681f5/build]   | Tests run: 1, Failures: 0, Errors: 0, Skipped: 0, Time elapsed: 0.002 sec
[ac894df9-f39a-408c-88b1-a6c4312681f5/build]   | Running nodebox.function.ListFunctionsTest
[ac894df9-f39a-408c-88b1-a6c4312681f5/build]   | Tests run: 20, Failures: 0, Errors: 0, Skipped: 0, Time elapsed: 0.024 sec
[ac894df9-f39a-408c-88b1-a6c4312681f5/build]   | Running nodebox.function.FunctionRepositoryTest
[ac894df9-f39a-408c-88b1-a6c4312681f5/build]   | Tests run: 1, Failures: 0, Errors: 0, Skipped: 0, Time elapsed: 0.025 sec
[ac894df9-f39a-408c-88b1-a6c4312681f5/build]   | Running nodebox.function.DeviceFunctionsTest
[ac894df9-f39a-408c-88b1-a6c4312681f5/build]   | Tests run: 8, Failures: 0, Errors: 0, Skipped: 0, Time elapsed: 0.028 sec
[ac894df9-f39a-408c-88b1-a6c4312681f5/build]   | Running nodebox.function.FunctionLibraryTest
[ac894df9-f39a-408c-88b1-a6c4312681f5/build]   | WARNING: An illegal reflective access operation has occurred
[ac894df9-f39a-408c-88b1-a6c4312681f5/build]   | WARNING: Illegal reflective access by org.python.core.PySystemState (file:/home/runneradmin/.m2/repository/org/python/jython/2.7-b1/jython-2.7-b1.jar) to method java.io.Console.encoding()
[ac894df9-f39a-408c-88b1-a6c4312681f5/build]   | WARNING: Please consider reporting this to the maintainers of org.python.core.PySystemState
[ac894df9-f39a-408c-88b1-a6c4312681f5/build]   | WARNING: Use --illegal-access=warn to enable warnings of further illegal reflective access operations
[ac894df9-f39a-408c-88b1-a6c4312681f5/build]   | WARNING: All illegal access operations will be denied in a future release
[ac894df9-f39a-408c-88b1-a6c4312681f5/build]   | *sys-package-mgr*: processing new jar, '/home/runneradmin/.m2/repository/org/clojure/clojure/1.6.0/clojure-1.6.0.jar'
[ac894df9-f39a-408c-88b1-a6c4312681f5/build]   | *sys-package-mgr*: processing new jar, '/home/runneradmin/.m2/repository/com/google/guava/guava/18.0/guava-18.0.jar'
[ac894df9-f39a-408c-88b1-a6c4312681f5/build]   | *sys-package-mgr*: processing new jar, '/home/runneradmin/.m2/repository/org/apache/httpcomponents/httpclient/4.2.3/httpclient-4.2.3.jar'
[ac894df9-f39a-408c-88b1-a6c4312681f5/build]   | *sys-package-mgr*: processing new jar, '/home/runneradmin/.m2/repository/org/apache/httpcomponents/httpcore/4.2.2/httpcore-4.2.2.jar'
[ac894df9-f39a-408c-88b1-a6c4312681f5/build]   | *sys-package-mgr*: processing new jar, '/home/runneradmin/.m2/repository/commons-logging/commons-logging/1.1.1/commons-logging-1.1.1.jar'
[ac894df9-f39a-408c-88b1-a6c4312681f5/build]   | *sys-package-mgr*: processing new jar, '/home/runneradmin/.m2/repository/commons-codec/commons-codec/1.6/commons-codec-1.6.jar'
[ac894df9-f39a-408c-88b1-a6c4312681f5/build]   | *sys-package-mgr*: processing new jar, '/home/runneradmin/.m2/repository/com/itextpdf/itextpdf/5.5.0/itextpdf-5.5.0.jar'
[ac894df9-f39a-408c-88b1-a6c4312681f5/build]   | *sys-package-mgr*: processing new jar, '/home/runneradmin/.m2/repository/net/java/dev/jna/jna/4.1.0/jna-4.1.0.jar'
[ac894df9-f39a-408c-88b1-a6c4312681f5/build]   | *sys-package-mgr*: processing new jar, '/home/runneradmin/.m2/repository/com/jayway/jsonpath/json-path/0.8.1/json-path-0.8.1.jar'
[ac894df9-f39a-408c-88b1-a6c4312681f5/build]   | *sys-package-mgr*: processing new jar, '/home/runneradmin/.m2/repository/net/minidev/json-smart/1.1.1/json-smart-1.1.1.jar'
[ac894df9-f39a-408c-88b1-a6c4312681f5/build]   | *sys-package-mgr*: processing new jar, '/home/runneradmin/.m2/repository/commons-lang/commons-lang/2.6/commons-lang-2.6.jar'
[ac894df9-f39a-408c-88b1-a6c4312681f5/build]   | *sys-package-mgr*: processing new jar, '/home/runneradmin/.m2/repository/junit/junit/4.11/junit-4.11.jar'
[ac894df9-f39a-408c-88b1-a6c4312681f5/build]   | *sys-package-mgr*: processing new jar, '/home/runneradmin/.m2/repository/org/hamcrest/hamcrest-core/1.3/hamcrest-core-1.3.jar'
[ac894df9-f39a-408c-88b1-a6c4312681f5/build]   | *sys-package-mgr*: processing new jar, '/home/runneradmin/.m2/repository/org/python/jython/2.7-b1/jython-2.7-b1.jar'
[ac894df9-f39a-408c-88b1-a6c4312681f5/build]   | *sys-package-mgr*: processing new jar, '/home/runneradmin/.m2/repository/net/sf/opencsv/opencsv/2.3/opencsv-2.3.jar'
[ac894df9-f39a-408c-88b1-a6c4312681f5/build]   | *sys-package-mgr*: processing new jar, '/home/runneradmin/.m2/repository/org/clojars/processing-core/org.processing.core/1.5.1/org.processing.core-1.5.1.jar'
[ac894df9-f39a-408c-88b1-a6c4312681f5/build]   | *sys-package-mgr*: processing new jar, '/home/runneradmin/.m2/repository/ddf/minim/ddf.minim/2.2.0/ddf.minim-2.2.0.jar'
[ac894df9-f39a-408c-88b1-a6c4312681f5/build]   | *sys-package-mgr*: processing new jar, '/home/runneradmin/.m2/repository/org/clojars/automata/jl/1.0.0/jl-1.0.0.jar'
[ac894df9-f39a-408c-88b1-a6c4312681f5/build]   | *sys-package-mgr*: processing new jar, '/home/runneradmin/.m2/repository/org/clojars/automata/mp3spi/1.9.4/mp3spi-1.9.4.jar'
[ac894df9-f39a-408c-88b1-a6c4312681f5/build]   | *sys-package-mgr*: processing new jar, '/home/runneradmin/.m2/repository/org/clojars/automata/tritonus-aos/1.0.0/tritonus-aos-1.0.0.jar'
[ac894df9-f39a-408c-88b1-a6c4312681f5/build]   | *sys-package-mgr*: processing new jar, '/home/runneradmin/.m2/repository/org/clojars/automata/tritonus-share/1.0.0/tritonus-share-1.0.0.jar'
[ac894df9-f39a-408c-88b1-a6c4312681f5/build]   | *sys-package-mgr*: processing new jar, '/home/runneradmin/.m2/repository/de/sojamo/oscp5/0.9.8/oscp5-0.9.8.jar'
[ac894df9-f39a-408c-88b1-a6c4312681f5/build]   | Tests run: 4, Failures: 0, Errors: 0, Skipped: 0, Time elapsed: 3.079 sec
[ac894df9-f39a-408c-88b1-a6c4312681f5/build]   | Running nodebox.function.PythonLibraryTest
[ac894df9-f39a-408c-88b1-a6c4312681f5/build]   | Tests run: 6, Failures: 0, Errors: 0, Skipped: 0, Time elapsed: 0.1 sec
[ac894df9-f39a-408c-88b1-a6c4312681f5/build]   | Running nodebox.function.StringFunctionsTest
[ac894df9-f39a-408c-88b1-a6c4312681f5/build]   | Tests run: 5, Failures: 0, Errors: 0, Skipped: 0, Time elapsed: 0.014 sec
[ac894df9-f39a-408c-88b1-a6c4312681f5/build]   | Running nodebox.function.ClojureLibraryTest
[ac894df9-f39a-408c-88b1-a6c4312681f5/build]   | Tests run: 3, Failures: 0, Errors: 0, Skipped: 0, Time elapsed: 0.113 sec
[ac894df9-f39a-408c-88b1-a6c4312681f5/build]   | Running nodebox.function.FunctionsTest
[ac894df9-f39a-408c-88b1-a6c4312681f5/build]   | Tests run: 1, Failures: 0, Errors: 0, Skipped: 0, Time elapsed: 0.005 sec
[ac894df9-f39a-408c-88b1-a6c4312681f5/build]   | Running nodebox.versioncheck.UpdaterTest
[ac894df9-f39a-408c-88b1-a6c4312681f5/build]   | Jul 12, 2023 2:48:53 AM java.util.prefs.FileSystemPreferences$1 run
[ac894df9-f39a-408c-88b1-a6c4312681f5/build]   | INFO: Created user preferences directory.
[ac894df9-f39a-408c-88b1-a6c4312681f5/build]   | Tests run: 4, Failures: 0, Errors: 0, Skipped: 0, Time elapsed: 0.54 sec
[ac894df9-f39a-408c-88b1-a6c4312681f5/build]   | Running nodebox.versioncheck.VersionTest
[ac894df9-f39a-408c-88b1-a6c4312681f5/build]   | Tests run: 1, Failures: 0, Errors: 0, Skipped: 0, Time elapsed: 0 sec
[ac894df9-f39a-408c-88b1-a6c4312681f5/build]   | Running nodebox.node.NodeLibraryTest
[ac894df9-f39a-408c-88b1-a6c4312681f5/build]   | Tests run: 46, Failures: 0, Errors: 0, Skipped: 0, Time elapsed: 3.146 sec
[ac894df9-f39a-408c-88b1-a6c4312681f5/build]   | Running nodebox.node.ConnectionTest
[ac894df9-f39a-408c-88b1-a6c4312681f5/build]   | Tests run: 3, Failures: 0, Errors: 0, Skipped: 0, Time elapsed: 0.028 sec
[ac894df9-f39a-408c-88b1-a6c4312681f5/build]   | Running nodebox.node.polygraph.PolygonTest
[ac894df9-f39a-408c-88b1-a6c4312681f5/build]   | Tests run: 2, Failures: 0, Errors: 0, Skipped: 0, Time elapsed: 0.177 sec
[ac894df9-f39a-408c-88b1-a6c4312681f5/build]   | Running nodebox.node.NodeTest
[ac894df9-f39a-408c-88b1-a6c4312681f5/build]   | *sys-package-mgr*: processing new jar, '/tmp/026a1b48-6fca-49c8-82b6-bd8d1740c200/lib/python.zip'
[ac894df9-f39a-408c-88b1-a6c4312681f5/build]   | Tests run: 15, Failures: 0, Errors: 0, Skipped: 0, Time elapsed: 0.056 sec
[ac894df9-f39a-408c-88b1-a6c4312681f5/build]   | Running nodebox.node.PublishedPortTest
[ac894df9-f39a-408c-88b1-a6c4312681f5/build]   | Tests run: 7, Failures: 0, Errors: 0, Skipped: 0, Time elapsed: 0.012 sec
[ac894df9-f39a-408c-88b1-a6c4312681f5/build]   | Running nodebox.node.NodeContextTest
[ac894df9-f39a-408c-88b1-a6c4312681f5/build]   | Tests run: 33, Failures: 0, Errors: 0, Skipped: 0, Time elapsed: 0.232 sec
[ac894df9-f39a-408c-88b1-a6c4312681f5/build]   | Running nodebox.node.PortTest
[ac894df9-f39a-408c-88b1-a6c4312681f5/build]   | Tests run: 12, Failures: 0, Errors: 0, Skipped: 0, Time elapsed: 0.008 sec
[ac894df9-f39a-408c-88b1-a6c4312681f5/build]   | Running nodebox.node.TypeConversionsTest
[ac894df9-f39a-408c-88b1-a6c4312681f5/build]   | Tests run: 1, Failures: 0, Errors: 0, Skipped: 0, Time elapsed: 0 sec
[ac894df9-f39a-408c-88b1-a6c4312681f5/build]   | Running nodebox.node.VersionTest
[ac894df9-f39a-408c-88b1-a6c4312681f5/build]   | Tests run: 2, Failures: 0, Errors: 0, Skipped: 0, Time elapsed: 0 sec
[ac894df9-f39a-408c-88b1-a6c4312681f5/build]   | Running nodebox.node.NodeLibraryControllerTest
[ac894df9-f39a-408c-88b1-a6c4312681f5/build]   | Tests run: 31, Failures: 0, Errors: 0, Skipped: 0, Time elapsed: 0.031 sec
[ac894df9-f39a-408c-88b1-a6c4312681f5/build]   | Running nodebox.graphics.GraphicsContextTest
[ac894df9-f39a-408c-88b1-a6c4312681f5/build]   | Tests run: 3, Failures: 0, Errors: 0, Skipped: 0, Time elapsed: 0.603 sec
[ac894df9-f39a-408c-88b1-a6c4312681f5/build]   | Running nodebox.graphics.CanvasTest
[ac894df9-f39a-408c-88b1-a6c4312681f5/build]   | Tests run: 1, Failures: 0, Errors: 0, Skipped: 0, Time elapsed: 0.002 sec
[ac894df9-f39a-408c-88b1-a6c4312681f5/build]   | Running nodebox.graphics.GraphicsTestCase
[ac894df9-f39a-408c-88b1-a6c4312681f5/build]   | Tests run: 1, Failures: 0, Errors: 0, Skipped: 0, Time elapsed: 0.001 sec
[ac894df9-f39a-408c-88b1-a6c4312681f5/build]   | Running nodebox.graphics.ContourTest
[ac894df9-f39a-408c-88b1-a6c4312681f5/build]   | Tests run: 11, Failures: 0, Errors: 0, Skipped: 0, Time elapsed: 0.009 sec
[ac894df9-f39a-408c-88b1-a6c4312681f5/build]   | Running nodebox.graphics.GrobTest
[ac894df9-f39a-408c-88b1-a6c4312681f5/build]   | Tests run: 1, Failures: 0, Errors: 0, Skipped: 0, Time elapsed: 0 sec
[ac894df9-f39a-408c-88b1-a6c4312681f5/build]   | Running nodebox.graphics.TransformTest
[ac894df9-f39a-408c-88b1-a6c4312681f5/build]   | Tests run: 2, Failures: 0, Errors: 0, Skipped: 0, Time elapsed: 0 sec
[ac894df9-f39a-408c-88b1-a6c4312681f5/build]   | Running nodebox.graphics.PointTest
[ac894df9-f39a-408c-88b1-a6c4312681f5/build]   | Tests run: 1, Failures: 0, Errors: 0, Skipped: 0, Time elapsed: 0 sec
[ac894df9-f39a-408c-88b1-a6c4312681f5/build]   | Running nodebox.graphics.ColorTest
[ac894df9-f39a-408c-88b1-a6c4312681f5/build]   | Tests run: 2, Failures: 0, Errors: 0, Skipped: 0, Time elapsed: 0 sec
[ac894df9-f39a-408c-88b1-a6c4312681f5/build]   | Running nodebox.graphics.PathTest
[ac894df9-f39a-408c-88b1-a6c4312681f5/build]   | Tests run: 6, Failures: 0, Errors: 0, Skipped: 0, Time elapsed: 0.001 sec
[ac894df9-f39a-408c-88b1-a6c4312681f5/build]   | Running nodebox.graphics.SVGRendererTest
[ac894df9-f39a-408c-88b1-a6c4312681f5/build]   | Tests run: 3, Failures: 0, Errors: 0, Skipped: 0, Time elapsed: 0.016 sec
[ac894df9-f39a-408c-88b1-a6c4312681f5/build]   | Running nodebox.graphics.GeometryTest
[ac894df9-f39a-408c-88b1-a6c4312681f5/build]   | Tests run: 11, Failures: 0, Errors: 0, Skipped: 0, Time elapsed: 0.016 sec
[ac894df9-f39a-408c-88b1-a6c4312681f5/build]   | Running nodebox.graphics.RectTest
[ac894df9-f39a-408c-88b1-a6c4312681f5/build]   | Tests run: 4, Failures: 0, Errors: 0, Skipped: 0, Time elapsed: 0.002 sec
[ac894df9-f39a-408c-88b1-a6c4312681f5/build]   | Running nodebox.localhistory.RepositoryTest
[ac894df9-f39a-408c-88b1-a6c4312681f5/build]   | Tests run: 3, Failures: 0, Errors: 0, Skipped: 0, Time elapsed: 0.02 sec
[ac894df9-f39a-408c-88b1-a6c4312681f5/build]   | Running nodebox.util.WavesTest
[ac894df9-f39a-408c-88b1-a6c4312681f5/build]   | Tests run: 2, Failures: 0, Errors: 0, Skipped: 0, Time elapsed: 0.002 sec
[ac894df9-f39a-408c-88b1-a6c4312681f5/build]   | Running nodebox.util.FileUtilTest
[ac894df9-f39a-408c-88b1-a6c4312681f5/build]   | Tests run: 4, Failures: 0, Errors: 0, Skipped: 0, Time elapsed: 0.01 sec
[ac894df9-f39a-408c-88b1-a6c4312681f5/build]   | Running nodebox.util.ListUtilsTest
[ac894df9-f39a-408c-88b1-a6c4312681f5/build]   | Tests run: 1, Failures: 0, Errors: 0, Skipped: 0, Time elapsed: 0 sec
[ac894df9-f39a-408c-88b1-a6c4312681f5/build]   | 
[ac894df9-f39a-408c-88b1-a6c4312681f5/build]   | Results :
[ac894df9-f39a-408c-88b1-a6c4312681f5/build]   | 
[ac894df9-f39a-408c-88b1-a6c4312681f5/build]   | Tests run: 290, Failures: 0, Errors: 0, Skipped: 0
[ac894df9-f39a-408c-88b1-a6c4312681f5/build]   | 
[ac894df9-f39a-408c-88b1-a6c4312681f5/build]   | [INFO] 
[ac894df9-f39a-408c-88b1-a6c4312681f5/build]   | [INFO] --- maven-jar-plugin:2.4:jar (default-jar) @ nodebox ---
[ac894df9-f39a-408c-88b1-a6c4312681f5/build]   | [INFO] Downloading from central: https://repo.maven.apache.org/maven2/org/apache/maven/maven-archiver/2.5/maven-archiver-2.5.pom
[ac894df9-f39a-408c-88b1-a6c4312681f5/build]   | [INFO] Downloaded from central: https://repo.maven.apache.org/maven2/org/apache/maven/maven-archiver/2.5/maven-archiver-2.5.pom (4.5 kB at 216 kB/s)
[ac894df9-f39a-408c-88b1-a6c4312681f5/build]   | [INFO] Downloading from central: https://repo.maven.apache.org/maven2/org/codehaus/plexus/plexus-archiver/2.1/plexus-archiver-2.1.pom
[ac894df9-f39a-408c-88b1-a6c4312681f5/build]   | [INFO] Downloaded from central: https://repo.maven.apache.org/maven2/org/codehaus/plexus/plexus-archiver/2.1/plexus-archiver-2.1.pom (2.8 kB at 201 kB/s)
[ac894df9-f39a-408c-88b1-a6c4312681f5/build]   | [INFO] Downloading from central: https://repo.maven.apache.org/maven2/org/codehaus/plexus/plexus-io/2.0.2/plexus-io-2.0.2.pom
[ac894df9-f39a-408c-88b1-a6c4312681f5/build]   | [INFO] Downloaded from central: https://repo.maven.apache.org/maven2/org/codehaus/plexus/plexus-io/2.0.2/plexus-io-2.0.2.pom (1.7 kB at 67 kB/s)
[ac894df9-f39a-408c-88b1-a6c4312681f5/build]   | [INFO] Downloading from central: https://repo.maven.apache.org/maven2/org/codehaus/plexus/plexus-components/1.1.19/plexus-components-1.1.19.pom
[ac894df9-f39a-408c-88b1-a6c4312681f5/build]   | [INFO] Downloaded from central: https://repo.maven.apache.org/maven2/org/codehaus/plexus/plexus-components/1.1.19/plexus-components-1.1.19.pom (2.7 kB at 300 kB/s)
[ac894df9-f39a-408c-88b1-a6c4312681f5/build]   | [INFO] Downloading from central: https://repo.maven.apache.org/maven2/org/codehaus/plexus/plexus/3.0.1/plexus-3.0.1.pom
[ac894df9-f39a-408c-88b1-a6c4312681f5/build]   | [INFO] Downloaded from central: https://repo.maven.apache.org/maven2/org/codehaus/plexus/plexus/3.0.1/plexus-3.0.1.pom (19 kB at 1.7 MB/s)
[ac894df9-f39a-408c-88b1-a6c4312681f5/build]   | [INFO] Downloading from central: https://repo.maven.apache.org/maven2/org/codehaus/plexus/plexus-interpolation/1.15/plexus-interpolation-1.15.pom
[ac894df9-f39a-408c-88b1-a6c4312681f5/build]   | [INFO] Downloaded from central: https://repo.maven.apache.org/maven2/org/codehaus/plexus/plexus-interpolation/1.15/plexus-interpolation-1.15.pom (1.0 kB at 51 kB/s)
[ac894df9-f39a-408c-88b1-a6c4312681f5/build]   | [INFO] Downloading from central: https://repo.maven.apache.org/maven2/commons-lang/commons-lang/2.1/commons-lang-2.1.pom
[ac894df9-f39a-408c-88b1-a6c4312681f5/build]   | [INFO] Downloaded from central: https://repo.maven.apache.org/maven2/commons-lang/commons-lang/2.1/commons-lang-2.1.pom (9.9 kB at 584 kB/s)
[ac894df9-f39a-408c-88b1-a6c4312681f5/build]   | [INFO] Downloading from central: https://repo.maven.apache.org/maven2/org/apache/maven/maven-archiver/2.5/maven-archiver-2.5.jar
[ac894df9-f39a-408c-88b1-a6c4312681f5/build]   | [INFO] Downloading from central: https://repo.maven.apache.org/maven2/org/codehaus/plexus/plexus-interpolation/1.15/plexus-interpolation-1.15.jar
[ac894df9-f39a-408c-88b1-a6c4312681f5/build]   | [INFO] Downloading from central: https://repo.maven.apache.org/maven2/org/codehaus/plexus/plexus-archiver/2.1/plexus-archiver-2.1.jar
[ac894df9-f39a-408c-88b1-a6c4312681f5/build]   | [INFO] Downloading from central: https://repo.maven.apache.org/maven2/org/codehaus/plexus/plexus-io/2.0.2/plexus-io-2.0.2.jar
[ac894df9-f39a-408c-88b1-a6c4312681f5/build]   | [INFO] Downloading from central: https://repo.maven.apache.org/maven2/commons-lang/commons-lang/2.1/commons-lang-2.1.jar
[ac894df9-f39a-408c-88b1-a6c4312681f5/build]   | [INFO] Downloaded from central: https://repo.maven.apache.org/maven2/org/codehaus/plexus/plexus-interpolation/1.15/plexus-interpolation-1.15.jar (60 kB at 3.0 MB/s)
[ac894df9-f39a-408c-88b1-a6c4312681f5/build]   | [INFO] Downloaded from central: https://repo.maven.apache.org/maven2/commons-lang/commons-lang/2.1/commons-lang-2.1.jar (208 kB at 13 MB/s)
[ac894df9-f39a-408c-88b1-a6c4312681f5/build]   | [INFO] Downloaded from central: https://repo.maven.apache.org/maven2/org/apache/maven/maven-archiver/2.5/maven-archiver-2.5.jar (22 kB at 1.1 MB/s)
[ac894df9-f39a-408c-88b1-a6c4312681f5/build]   | [INFO] Downloaded from central: https://repo.maven.apache.org/maven2/org/codehaus/plexus/plexus-io/2.0.2/plexus-io-2.0.2.jar (58 kB at 2.4 MB/s)
[ac894df9-f39a-408c-88b1-a6c4312681f5/build]   | [INFO] Downloaded from central: https://repo.maven.apache.org/maven2/org/codehaus/plexus/plexus-archiver/2.1/plexus-archiver-2.1.jar (184 kB at 4.5 MB/s)
[ac894df9-f39a-408c-88b1-a6c4312681f5/build]   | [INFO] Building jar: /tmp/026a1b48-6fca-49c8-82b6-bd8d1740c200/target/nodebox-3.0-SNAPSHOT.jar
[ac894df9-f39a-408c-88b1-a6c4312681f5/build]   | [INFO] ------------------------------------------------------------------------
[ac894df9-f39a-408c-88b1-a6c4312681f5/build]   | [INFO] BUILD SUCCESS
[ac894df9-f39a-408c-88b1-a6c4312681f5/build]   | [INFO] ------------------------------------------------------------------------
[ac894df9-f39a-408c-88b1-a6c4312681f5/build]   | [INFO] Total time:  44.663 s
[ac894df9-f39a-408c-88b1-a6c4312681f5/build]   | [INFO] Finished at: 2023-07-12T02:48:59Z
[ac894df9-f39a-408c-88b1-a6c4312681f5/build]   | [INFO] ------------------------------------------------------------------------
[ac894df9-f39a-408c-88b1-a6c4312681f5/build]   ‚úÖ  Success - Main Build with Maven
[ac894df9-f39a-408c-88b1-a6c4312681f5/build] unable to get git ref: failed to identify reference (tag/branch) for the checked-out revision '8c50c43c5412f368808cd47675877515cf8d0330'
[ac894df9-f39a-408c-88b1-a6c4312681f5/build] unable to get git ref: failed to identify reference (tag/branch) for the checked-out revision '8c50c43c5412f368808cd47675877515cf8d0330'
[ac894df9-f39a-408c-88b1-a6c4312681f5/build] unable to get git ref: failed to identify reference (tag/branch) for the checked-out revision '8c50c43c5412f368808cd47675877515cf8d0330'
[ac894df9-f39a-408c-88b1-a6c4312681f5/build] unable to get git ref: failed to identify reference (tag/branch) for the checked-out revision '8c50c43c5412f368808cd47675877515cf8d0330'
[ac894df9-f39a-408c-88b1-a6c4312681f5/build] unable to get git ref: failed to identify reference (tag/branch) for the checked-out revision '8c50c43c5412f368808cd47675877515cf8d0330'
[ac894df9-f39a-408c-88b1-a6c4312681f5/build] ‚≠ê Run Post Set up JDK 11
[ac894df9-f39a-408c-88b1-a6c4312681f5/build]   üê≥  docker exec cmd=[node /var/run/act/actions/actions-setup-java@v1/dist/cleanup/index.js] user= workdir=
[ac894df9-f39a-408c-88b1-a6c4312681f5/build]   ‚úÖ  Success - Post Set up JDK 11
[ac894df9-f39a-408c-88b1-a6c4312681f5/build] üèÅ  Job succeeded
[ac894df9-f39a-408c-88b1-a6c4312681f5/build] unable to get git ref: failed to identify reference (tag/branch) for the checked-out revision '8c50c43c5412f368808cd47675877515cf8d0330'
