[5bea3f00-a506-4e78-a686-8b7ba522c85e/build] üöÄ  Start image=crawlergpt:latest
[5bea3f00-a506-4e78-a686-8b7ba522c85e/build]   üê≥  docker pull image=crawlergpt:latest platform= username= forcePull=false
[5bea3f00-a506-4e78-a686-8b7ba522c85e/build]   üê≥  docker create image=crawlergpt:latest platform= entrypoint=["tail" "-f" "/dev/null"] cmd=[]
[5bea3f00-a506-4e78-a686-8b7ba522c85e/build]   üê≥  docker run image=crawlergpt:latest platform= entrypoint=["tail" "-f" "/dev/null"] cmd=[]
[5bea3f00-a506-4e78-a686-8b7ba522c85e/build]   üê≥  docker exec cmd=[chown -R 1012:1013 /tmp/74714d8e-6ec5-4d22-91d4-dc13019faf91] user=0 workdir=
[5bea3f00-a506-4e78-a686-8b7ba522c85e/build] unable to get git ref: failed to identify reference (tag/branch) for the checked-out revision '51dd354d4488b05c713a54ab35935f9306f36a6b'
[5bea3f00-a506-4e78-a686-8b7ba522c85e/build] unable to get git ref: failed to identify reference (tag/branch) for the checked-out revision '51dd354d4488b05c713a54ab35935f9306f36a6b'
[5bea3f00-a506-4e78-a686-8b7ba522c85e/build] unable to get git ref: failed to identify reference (tag/branch) for the checked-out revision '51dd354d4488b05c713a54ab35935f9306f36a6b'
[5bea3f00-a506-4e78-a686-8b7ba522c85e/build] unable to get git ref: failed to identify reference (tag/branch) for the checked-out revision '51dd354d4488b05c713a54ab35935f9306f36a6b'
[5bea3f00-a506-4e78-a686-8b7ba522c85e/build] unable to get git ref: failed to identify reference (tag/branch) for the checked-out revision '51dd354d4488b05c713a54ab35935f9306f36a6b'
[5bea3f00-a506-4e78-a686-8b7ba522c85e/build] unable to get git ref: failed to identify reference (tag/branch) for the checked-out revision '51dd354d4488b05c713a54ab35935f9306f36a6b'
[5bea3f00-a506-4e78-a686-8b7ba522c85e/build] unable to get git ref: failed to identify reference (tag/branch) for the checked-out revision '51dd354d4488b05c713a54ab35935f9306f36a6b'
[5bea3f00-a506-4e78-a686-8b7ba522c85e/build] unable to get git ref: failed to identify reference (tag/branch) for the checked-out revision '51dd354d4488b05c713a54ab35935f9306f36a6b'
[5bea3f00-a506-4e78-a686-8b7ba522c85e/build] unable to get git ref: failed to identify reference (tag/branch) for the checked-out revision '51dd354d4488b05c713a54ab35935f9306f36a6b'
[5bea3f00-a506-4e78-a686-8b7ba522c85e/build] ‚≠ê Run Main actions/checkout@v2
[5bea3f00-a506-4e78-a686-8b7ba522c85e/build] unable to get git ref: failed to identify reference (tag/branch) for the checked-out revision '51dd354d4488b05c713a54ab35935f9306f36a6b'
[5bea3f00-a506-4e78-a686-8b7ba522c85e/build]   ‚úÖ  Success - Main actions/checkout@v2
[5bea3f00-a506-4e78-a686-8b7ba522c85e/build] unable to get git ref: failed to identify reference (tag/branch) for the checked-out revision '51dd354d4488b05c713a54ab35935f9306f36a6b'
[5bea3f00-a506-4e78-a686-8b7ba522c85e/build] unable to get git ref: failed to identify reference (tag/branch) for the checked-out revision '51dd354d4488b05c713a54ab35935f9306f36a6b'
[5bea3f00-a506-4e78-a686-8b7ba522c85e/build] unable to get git ref: failed to identify reference (tag/branch) for the checked-out revision '51dd354d4488b05c713a54ab35935f9306f36a6b'
[5bea3f00-a506-4e78-a686-8b7ba522c85e/build] unable to get git ref: failed to identify reference (tag/branch) for the checked-out revision '51dd354d4488b05c713a54ab35935f9306f36a6b'
[5bea3f00-a506-4e78-a686-8b7ba522c85e/build] unable to get git ref: failed to identify reference (tag/branch) for the checked-out revision '51dd354d4488b05c713a54ab35935f9306f36a6b'
[5bea3f00-a506-4e78-a686-8b7ba522c85e/build] ‚≠ê Run Main Set up JDK 11
[5bea3f00-a506-4e78-a686-8b7ba522c85e/build] unable to get git ref: failed to identify reference (tag/branch) for the checked-out revision '51dd354d4488b05c713a54ab35935f9306f36a6b'
[5bea3f00-a506-4e78-a686-8b7ba522c85e/build] unable to get git ref: failed to identify reference (tag/branch) for the checked-out revision '51dd354d4488b05c713a54ab35935f9306f36a6b'
[5bea3f00-a506-4e78-a686-8b7ba522c85e/build] unable to get git ref: failed to identify reference (tag/branch) for the checked-out revision '51dd354d4488b05c713a54ab35935f9306f36a6b'
[5bea3f00-a506-4e78-a686-8b7ba522c85e/build]   üê≥  docker cp src=/tmp/act-cache/cd6893a3-9612-4ff7-bdcd-5067f17d07c4/act/actions-setup-java@v1/ dst=/var/run/act/actions/actions-setup-java@v1/
[5bea3f00-a506-4e78-a686-8b7ba522c85e/build]   üê≥  docker exec cmd=[chown -R 1012:1013 /var/run/act/actions/actions-setup-java@v1/] user=0 workdir=
[5bea3f00-a506-4e78-a686-8b7ba522c85e/build]   üê≥  docker exec cmd=[node /var/run/act/actions/actions-setup-java@v1/dist/setup/index.js] user= workdir=
[5bea3f00-a506-4e78-a686-8b7ba522c85e/build]   üí¨  ::debug::isExplicit: 
[5bea3f00-a506-4e78-a686-8b7ba522c85e/build]   üí¨  ::debug::explicit? false
[5bea3f00-a506-4e78-a686-8b7ba522c85e/build]   üí¨  ::debug::evaluating 0 versions
[5bea3f00-a506-4e78-a686-8b7ba522c85e/build]   üí¨  ::debug::match not found
[5bea3f00-a506-4e78-a686-8b7ba522c85e/build]   üí¨  ::debug::Downloading JDK from Azul
[5bea3f00-a506-4e78-a686-8b7ba522c85e/build]   üí¨  ::debug::Searching for files with extension: -linux_x64.tar.gz
[5bea3f00-a506-4e78-a686-8b7ba522c85e/build]   üí¨  ::debug::Downloading https://static.azul.com/zulu/bin/zulu11.64.19-ca-jdk11.0.19-linux_x64.tar.gz
[5bea3f00-a506-4e78-a686-8b7ba522c85e/build]   üí¨  ::debug::Downloading /tmp/dca257da-0f96-4996-967e-fb8d34c523bd
[5bea3f00-a506-4e78-a686-8b7ba522c85e/build]   üí¨  ::debug::download complete
[5bea3f00-a506-4e78-a686-8b7ba522c85e/build]   | [command]/usr/bin/tar --version
[5bea3f00-a506-4e78-a686-8b7ba522c85e/build]   | tar (GNU tar) 1.30
[5bea3f00-a506-4e78-a686-8b7ba522c85e/build]   | Copyright (C) 2017 Free Software Foundation, Inc.
[5bea3f00-a506-4e78-a686-8b7ba522c85e/build]   | License GPLv3+: GNU GPL version 3 or later <https://gnu.org/licenses/gpl.html>.
[5bea3f00-a506-4e78-a686-8b7ba522c85e/build]   | This is free software: you are free to change and redistribute it.
[5bea3f00-a506-4e78-a686-8b7ba522c85e/build]   | There is NO WARRANTY, to the extent permitted by law.
[5bea3f00-a506-4e78-a686-8b7ba522c85e/build]   | 
[5bea3f00-a506-4e78-a686-8b7ba522c85e/build]   | Written by John Gilmore and Jay Fenlason.
[5bea3f00-a506-4e78-a686-8b7ba522c85e/build]   | [command]/usr/bin/tar xz --warning=no-unknown-keyword -C /tmp/temp_1404783699 -f /tmp/dca257da-0f96-4996-967e-fb8d34c523bd
[5bea3f00-a506-4e78-a686-8b7ba522c85e/build]   üí¨  ::debug::jdk extracted to /tmp/temp_1404783699/zulu11.64.19-ca-jdk11.0.19-linux_x64
[5bea3f00-a506-4e78-a686-8b7ba522c85e/build]   üí¨  ::debug::Caching tool jdk 11.0.19 x64
[5bea3f00-a506-4e78-a686-8b7ba522c85e/build]   üí¨  ::debug::source dir: /tmp/temp_1404783699/zulu11.64.19-ca-jdk11.0.19-linux_x64
[5bea3f00-a506-4e78-a686-8b7ba522c85e/build]   üí¨  ::debug::destination /opt/hostedtoolcache/jdk/11.0.19/x64
[5bea3f00-a506-4e78-a686-8b7ba522c85e/build]   üí¨  ::debug::finished caching tool
[5bea3f00-a506-4e78-a686-8b7ba522c85e/build]   ‚ùì add-matcher /run/act/actions/actions-setup-java@v1/.github/java.json
[5bea3f00-a506-4e78-a686-8b7ba522c85e/build]   | creating settings.xml with server-id: github; environment variables: username=$GITHUB_ACTOR, password=$GITHUB_TOKEN, and gpg-passphrase=null
[5bea3f00-a506-4e78-a686-8b7ba522c85e/build]   üí¨  ::debug::created directory /home/runneradmin/.m2
[5bea3f00-a506-4e78-a686-8b7ba522c85e/build]   | writing /home/runneradmin/.m2/settings.xml
[5bea3f00-a506-4e78-a686-8b7ba522c85e/build]   ‚úÖ  Success - Main Set up JDK 11
[5bea3f00-a506-4e78-a686-8b7ba522c85e/build]   ‚öô  ::set-env:: JAVA_HOME_11.0.19_x64=/opt/hostedtoolcache/jdk/11.0.19/x64
[5bea3f00-a506-4e78-a686-8b7ba522c85e/build]   ‚öô  ::set-env:: JAVA_HOME=/opt/hostedtoolcache/jdk/11.0.19/x64
[5bea3f00-a506-4e78-a686-8b7ba522c85e/build]   ‚öô  ::set-env:: JAVA_HOME_11_0_19_X64=/opt/hostedtoolcache/jdk/11.0.19/x64
[5bea3f00-a506-4e78-a686-8b7ba522c85e/build]   ‚öô  ::set-output:: version=11.0.19
[5bea3f00-a506-4e78-a686-8b7ba522c85e/build]   ‚öô  ::set-output:: path=/opt/hostedtoolcache/jdk/11.0.19/x64
[5bea3f00-a506-4e78-a686-8b7ba522c85e/build]   ‚öô  ::add-path:: /opt/hostedtoolcache/jdk/11.0.19/x64/bin
[5bea3f00-a506-4e78-a686-8b7ba522c85e/build] unable to get git ref: failed to identify reference (tag/branch) for the checked-out revision '51dd354d4488b05c713a54ab35935f9306f36a6b'
[5bea3f00-a506-4e78-a686-8b7ba522c85e/build] unable to get git ref: failed to identify reference (tag/branch) for the checked-out revision '51dd354d4488b05c713a54ab35935f9306f36a6b'
[5bea3f00-a506-4e78-a686-8b7ba522c85e/build] unable to get git ref: failed to identify reference (tag/branch) for the checked-out revision '51dd354d4488b05c713a54ab35935f9306f36a6b'
[5bea3f00-a506-4e78-a686-8b7ba522c85e/build] unable to get git ref: failed to identify reference (tag/branch) for the checked-out revision '51dd354d4488b05c713a54ab35935f9306f36a6b'
[5bea3f00-a506-4e78-a686-8b7ba522c85e/build] unable to get git ref: failed to identify reference (tag/branch) for the checked-out revision '51dd354d4488b05c713a54ab35935f9306f36a6b'
[5bea3f00-a506-4e78-a686-8b7ba522c85e/build] ‚≠ê Run Main Build with Maven
[5bea3f00-a506-4e78-a686-8b7ba522c85e/build] unable to get git ref: failed to identify reference (tag/branch) for the checked-out revision '51dd354d4488b05c713a54ab35935f9306f36a6b'
[5bea3f00-a506-4e78-a686-8b7ba522c85e/build] unable to get git ref: failed to identify reference (tag/branch) for the checked-out revision '51dd354d4488b05c713a54ab35935f9306f36a6b'
[5bea3f00-a506-4e78-a686-8b7ba522c85e/build] unable to get git ref: failed to identify reference (tag/branch) for the checked-out revision '51dd354d4488b05c713a54ab35935f9306f36a6b'
[5bea3f00-a506-4e78-a686-8b7ba522c85e/build] unable to get git ref: failed to identify reference (tag/branch) for the checked-out revision '51dd354d4488b05c713a54ab35935f9306f36a6b'
[5bea3f00-a506-4e78-a686-8b7ba522c85e/build]   üê≥  docker exec cmd=[bash --noprofile --norc -e -o pipefail /var/run/act/workflow/2] user= workdir=
[5bea3f00-a506-4e78-a686-8b7ba522c85e/build]   | [INFO] Scanning for projects...
[5bea3f00-a506-4e78-a686-8b7ba522c85e/build]   | [INFO] 
[5bea3f00-a506-4e78-a686-8b7ba522c85e/build]   | [INFO] ------------------------< net.nodebox:nodebox >-------------------------
[5bea3f00-a506-4e78-a686-8b7ba522c85e/build]   | [INFO] Building NodeBox 3.0-SNAPSHOT
[5bea3f00-a506-4e78-a686-8b7ba522c85e/build]   | [INFO] --------------------------------[ jar ]---------------------------------
[5bea3f00-a506-4e78-a686-8b7ba522c85e/build]   | [INFO] Downloading from central: https://repo.maven.apache.org/maven2/org/apache/maven/plugins/maven-resources-plugin/2.6/maven-resources-plugin-2.6.pom
[5bea3f00-a506-4e78-a686-8b7ba522c85e/build]   | [INFO] Downloaded from central: https://repo.maven.apache.org/maven2/org/apache/maven/plugins/maven-resources-plugin/2.6/maven-resources-plugin-2.6.pom (8.1 kB at 5.8 kB/s)
[5bea3f00-a506-4e78-a686-8b7ba522c85e/build]   | [INFO] Downloading from central: https://repo.maven.apache.org/maven2/org/apache/maven/plugins/maven-plugins/23/maven-plugins-23.pom
[5bea3f00-a506-4e78-a686-8b7ba522c85e/build]   | [INFO] Downloaded from central: https://repo.maven.apache.org/maven2/org/apache/maven/plugins/maven-plugins/23/maven-plugins-23.pom (9.2 kB at 307 kB/s)
[5bea3f00-a506-4e78-a686-8b7ba522c85e/build]   | [INFO] Downloading from central: https://repo.maven.apache.org/maven2/org/apache/maven/maven-parent/22/maven-parent-22.pom
[5bea3f00-a506-4e78-a686-8b7ba522c85e/build]   | [INFO] Downloaded from central: https://repo.maven.apache.org/maven2/org/apache/maven/maven-parent/22/maven-parent-22.pom (30 kB at 541 kB/s)
[5bea3f00-a506-4e78-a686-8b7ba522c85e/build]   | [INFO] Downloading from central: https://repo.maven.apache.org/maven2/org/apache/apache/11/apache-11.pom
[5bea3f00-a506-4e78-a686-8b7ba522c85e/build]   | [INFO] Downloaded from central: https://repo.maven.apache.org/maven2/org/apache/apache/11/apache-11.pom (15 kB at 15 kB/s)
[5bea3f00-a506-4e78-a686-8b7ba522c85e/build]   | [INFO] Downloading from central: https://repo.maven.apache.org/maven2/org/apache/maven/plugins/maven-resources-plugin/2.6/maven-resources-plugin-2.6.jar
[5bea3f00-a506-4e78-a686-8b7ba522c85e/build]   | [INFO] Downloaded from central: https://repo.maven.apache.org/maven2/org/apache/maven/plugins/maven-resources-plugin/2.6/maven-resources-plugin-2.6.jar (30 kB at 93 kB/s)
[5bea3f00-a506-4e78-a686-8b7ba522c85e/build]   | [INFO] Downloading from central: https://repo.maven.apache.org/maven2/org/apache/maven/plugins/maven-compiler-plugin/2.5.1/maven-compiler-plugin-2.5.1.pom
[5bea3f00-a506-4e78-a686-8b7ba522c85e/build]   | [INFO] Downloaded from central: https://repo.maven.apache.org/maven2/org/apache/maven/plugins/maven-compiler-plugin/2.5.1/maven-compiler-plugin-2.5.1.pom (7.9 kB at 78 kB/s)
[5bea3f00-a506-4e78-a686-8b7ba522c85e/build]   | [INFO] Downloading from central: https://repo.maven.apache.org/maven2/org/apache/maven/plugins/maven-plugins/22/maven-plugins-22.pom
[5bea3f00-a506-4e78-a686-8b7ba522c85e/build]   | [INFO] Downloaded from central: https://repo.maven.apache.org/maven2/org/apache/maven/plugins/maven-plugins/22/maven-plugins-22.pom (13 kB at 39 kB/s)
[5bea3f00-a506-4e78-a686-8b7ba522c85e/build]   | [INFO] Downloading from central: https://repo.maven.apache.org/maven2/org/apache/maven/maven-parent/21/maven-parent-21.pom
[5bea3f00-a506-4e78-a686-8b7ba522c85e/build]   | [INFO] Downloaded from central: https://repo.maven.apache.org/maven2/org/apache/maven/maven-parent/21/maven-parent-21.pom (26 kB at 314 kB/s)
[5bea3f00-a506-4e78-a686-8b7ba522c85e/build]   | [INFO] Downloading from central: https://repo.maven.apache.org/maven2/org/apache/apache/10/apache-10.pom
[5bea3f00-a506-4e78-a686-8b7ba522c85e/build]   | [INFO] Downloaded from central: https://repo.maven.apache.org/maven2/org/apache/apache/10/apache-10.pom (15 kB at 138 kB/s)
[5bea3f00-a506-4e78-a686-8b7ba522c85e/build]   | [INFO] Downloading from central: https://repo.maven.apache.org/maven2/org/apache/maven/plugins/maven-compiler-plugin/2.5.1/maven-compiler-plugin-2.5.1.jar
[5bea3f00-a506-4e78-a686-8b7ba522c85e/build]   | [INFO] Downloaded from central: https://repo.maven.apache.org/maven2/org/apache/maven/plugins/maven-compiler-plugin/2.5.1/maven-compiler-plugin-2.5.1.jar (33 kB at 123 kB/s)
[5bea3f00-a506-4e78-a686-8b7ba522c85e/build]   | [INFO] Downloading from central: https://repo.maven.apache.org/maven2/org/apache/maven/plugins/maven-surefire-plugin/2.12.4/maven-surefire-plugin-2.12.4.pom
[5bea3f00-a506-4e78-a686-8b7ba522c85e/build]   | [INFO] Downloaded from central: https://repo.maven.apache.org/maven2/org/apache/maven/plugins/maven-surefire-plugin/2.12.4/maven-surefire-plugin-2.12.4.pom (10 kB at 145 kB/s)
[5bea3f00-a506-4e78-a686-8b7ba522c85e/build]   | [INFO] Downloading from central: https://repo.maven.apache.org/maven2/org/apache/maven/surefire/surefire/2.12.4/surefire-2.12.4.pom
[5bea3f00-a506-4e78-a686-8b7ba522c85e/build]   | [INFO] Downloaded from central: https://repo.maven.apache.org/maven2/org/apache/maven/surefire/surefire/2.12.4/surefire-2.12.4.pom (14 kB at 179 kB/s)
[5bea3f00-a506-4e78-a686-8b7ba522c85e/build]   | [INFO] Downloading from central: https://repo.maven.apache.org/maven2/org/apache/maven/plugins/maven-surefire-plugin/2.12.4/maven-surefire-plugin-2.12.4.jar
[5bea3f00-a506-4e78-a686-8b7ba522c85e/build]   | [INFO] Downloaded from central: https://repo.maven.apache.org/maven2/org/apache/maven/plugins/maven-surefire-plugin/2.12.4/maven-surefire-plugin-2.12.4.jar (30 kB at 131 kB/s)
[5bea3f00-a506-4e78-a686-8b7ba522c85e/build]   | [INFO] Downloading from central: https://repo.maven.apache.org/maven2/org/apache/maven/plugins/maven-jar-plugin/2.4/maven-jar-plugin-2.4.pom
[5bea3f00-a506-4e78-a686-8b7ba522c85e/build]   | [INFO] Downloaded from central: https://repo.maven.apache.org/maven2/org/apache/maven/plugins/maven-jar-plugin/2.4/maven-jar-plugin-2.4.pom (5.8 kB at 2.8 kB/s)
[5bea3f00-a506-4e78-a686-8b7ba522c85e/build]   | [INFO] Downloading from central: https://repo.maven.apache.org/maven2/org/apache/maven/plugins/maven-jar-plugin/2.4/maven-jar-plugin-2.4.jar
[5bea3f00-a506-4e78-a686-8b7ba522c85e/build]   | [INFO] Downloaded from central: https://repo.maven.apache.org/maven2/org/apache/maven/plugins/maven-jar-plugin/2.4/maven-jar-plugin-2.4.jar (34 kB at 40 kB/s)
[5bea3f00-a506-4e78-a686-8b7ba522c85e/build]   | [INFO] Downloading from central: https://repo.maven.apache.org/maven2/org/clojure/clojure/1.4.0/clojure-1.4.0.pom
[5bea3f00-a506-4e78-a686-8b7ba522c85e/build]   | [INFO] Downloaded from central: https://repo.maven.apache.org/maven2/org/clojure/clojure/1.4.0/clojure-1.4.0.pom (5.4 kB at 100 kB/s)
[5bea3f00-a506-4e78-a686-8b7ba522c85e/build]   | [INFO] Downloading from central: https://repo.maven.apache.org/maven2/org/sonatype/oss/oss-parent/5/oss-parent-5.pom
[5bea3f00-a506-4e78-a686-8b7ba522c85e/build]   | [INFO] Downloaded from central: https://repo.maven.apache.org/maven2/org/sonatype/oss/oss-parent/5/oss-parent-5.pom (4.1 kB at 72 kB/s)
[5bea3f00-a506-4e78-a686-8b7ba522c85e/build]   | [INFO] Downloading from central: https://repo.maven.apache.org/maven2/com/google/guava/guava/13.0.1/guava-13.0.1.pom
[5bea3f00-a506-4e78-a686-8b7ba522c85e/build]   | [INFO] Downloaded from central: https://repo.maven.apache.org/maven2/com/google/guava/guava/13.0.1/guava-13.0.1.pom (5.3 kB at 19 kB/s)
[5bea3f00-a506-4e78-a686-8b7ba522c85e/build]   | [INFO] Downloading from central: https://repo.maven.apache.org/maven2/com/google/guava/guava-parent/13.0.1/guava-parent-13.0.1.pom
[5bea3f00-a506-4e78-a686-8b7ba522c85e/build]   | [INFO] Downloaded from central: https://repo.maven.apache.org/maven2/com/google/guava/guava-parent/13.0.1/guava-parent-13.0.1.pom (2.6 kB at 42 kB/s)
[5bea3f00-a506-4e78-a686-8b7ba522c85e/build]   | [INFO] Downloading from central: https://repo.maven.apache.org/maven2/org/sonatype/oss/oss-parent/7/oss-parent-7.pom
[5bea3f00-a506-4e78-a686-8b7ba522c85e/build]   | [INFO] Downloaded from central: https://repo.maven.apache.org/maven2/org/sonatype/oss/oss-parent/7/oss-parent-7.pom (4.8 kB at 55 kB/s)
[5bea3f00-a506-4e78-a686-8b7ba522c85e/build]   | [INFO] Downloading from central: https://repo.maven.apache.org/maven2/com/itextpdf/itextpdf/5.3.2/itextpdf-5.3.2.pom
[5bea3f00-a506-4e78-a686-8b7ba522c85e/build]   | [INFO] Downloaded from central: https://repo.maven.apache.org/maven2/com/itextpdf/itextpdf/5.3.2/itextpdf-5.3.2.pom (5.5 kB at 162 kB/s)
[5bea3f00-a506-4e78-a686-8b7ba522c85e/build]   | [INFO] Downloading from central: https://repo.maven.apache.org/maven2/com/itextpdf/itext-parent/1.0.0/itext-parent-1.0.0.pom
[5bea3f00-a506-4e78-a686-8b7ba522c85e/build]   | [INFO] Downloaded from central: https://repo.maven.apache.org/maven2/com/itextpdf/itext-parent/1.0.0/itext-parent-1.0.0.pom (3.6 kB at 200 kB/s)
[5bea3f00-a506-4e78-a686-8b7ba522c85e/build]   | [INFO] Downloading from central: https://repo.maven.apache.org/maven2/net/java/dev/jna/jna/3.4.0/jna-3.4.0.pom
[5bea3f00-a506-4e78-a686-8b7ba522c85e/build]   | [INFO] Downloaded from central: https://repo.maven.apache.org/maven2/net/java/dev/jna/jna/3.4.0/jna-3.4.0.pom (2.2 kB at 90 kB/s)
[5bea3f00-a506-4e78-a686-8b7ba522c85e/build]   | [INFO] Downloading from central: https://repo.maven.apache.org/maven2/junit/junit/4.10/junit-4.10.pom
[5bea3f00-a506-4e78-a686-8b7ba522c85e/build]   | [INFO] Downloaded from central: https://repo.maven.apache.org/maven2/junit/junit/4.10/junit-4.10.pom (2.3 kB at 112 kB/s)
[5bea3f00-a506-4e78-a686-8b7ba522c85e/build]   | [INFO] Downloading from central: https://repo.maven.apache.org/maven2/org/hamcrest/hamcrest-core/1.1/hamcrest-core-1.1.pom
[5bea3f00-a506-4e78-a686-8b7ba522c85e/build]   | [INFO] Downloaded from central: https://repo.maven.apache.org/maven2/org/hamcrest/hamcrest-core/1.1/hamcrest-core-1.1.pom (481 B at 27 kB/s)
[5bea3f00-a506-4e78-a686-8b7ba522c85e/build]   | [INFO] Downloading from central: https://repo.maven.apache.org/maven2/org/hamcrest/hamcrest-parent/1.1/hamcrest-parent-1.1.pom
[5bea3f00-a506-4e78-a686-8b7ba522c85e/build]   | [INFO] Downloaded from central: https://repo.maven.apache.org/maven2/org/hamcrest/hamcrest-parent/1.1/hamcrest-parent-1.1.pom (5.9 kB at 24 kB/s)
[5bea3f00-a506-4e78-a686-8b7ba522c85e/build]   | [INFO] Downloading from central: https://repo.maven.apache.org/maven2/org/python/jython/2.5.3/jython-2.5.3.pom
[5bea3f00-a506-4e78-a686-8b7ba522c85e/build]   | [INFO] Downloaded from central: https://repo.maven.apache.org/maven2/org/python/jython/2.5.3/jython-2.5.3.pom (1.4 kB at 75 kB/s)
[5bea3f00-a506-4e78-a686-8b7ba522c85e/build]   | [INFO] Downloading from central: https://repo.maven.apache.org/maven2/net/sf/opencsv/opencsv/2.3/opencsv-2.3.pom
[5bea3f00-a506-4e78-a686-8b7ba522c85e/build]   | [INFO] Downloaded from central: https://repo.maven.apache.org/maven2/net/sf/opencsv/opencsv/2.3/opencsv-2.3.pom (5.4 kB at 105 kB/s)
[5bea3f00-a506-4e78-a686-8b7ba522c85e/build]   | [INFO] Downloading from central: https://repo.maven.apache.org/maven2/org/piccolo2d/piccolo2d-core/1.3.1/piccolo2d-core-1.3.1.pom
[5bea3f00-a506-4e78-a686-8b7ba522c85e/build]   | [INFO] Downloaded from central: https://repo.maven.apache.org/maven2/org/piccolo2d/piccolo2d-core/1.3.1/piccolo2d-core-1.3.1.pom (6.5 kB at 272 kB/s)
[5bea3f00-a506-4e78-a686-8b7ba522c85e/build]   | [INFO] Downloading from central: https://repo.maven.apache.org/maven2/org/piccolo2d/piccolo2d-parent/1.3.1/piccolo2d-parent-1.3.1.pom
[5bea3f00-a506-4e78-a686-8b7ba522c85e/build]   | [INFO] Downloaded from central: https://repo.maven.apache.org/maven2/org/piccolo2d/piccolo2d-parent/1.3.1/piccolo2d-parent-1.3.1.pom (13 kB at 230 kB/s)
[5bea3f00-a506-4e78-a686-8b7ba522c85e/build]   | [INFO] Downloading from central: https://repo.maven.apache.org/maven2/xom/xom/1.2.5/xom-1.2.5.pom
[5bea3f00-a506-4e78-a686-8b7ba522c85e/build]   | [INFO] Downloaded from central: https://repo.maven.apache.org/maven2/xom/xom/1.2.5/xom-1.2.5.pom (1.9 kB at 7.3 kB/s)
[5bea3f00-a506-4e78-a686-8b7ba522c85e/build]   | [INFO] Downloading from central: https://repo.maven.apache.org/maven2/xml-apis/xml-apis/1.3.03/xml-apis-1.3.03.pom
[5bea3f00-a506-4e78-a686-8b7ba522c85e/build]   | [INFO] Downloaded from central: https://repo.maven.apache.org/maven2/xml-apis/xml-apis/1.3.03/xml-apis-1.3.03.pom (738 B at 2.9 kB/s)
[5bea3f00-a506-4e78-a686-8b7ba522c85e/build]   | [INFO] Downloading from central: https://repo.maven.apache.org/maven2/org/apache/apache/1/apache-1.pom
[5bea3f00-a506-4e78-a686-8b7ba522c85e/build]   | [INFO] Downloaded from central: https://repo.maven.apache.org/maven2/org/apache/apache/1/apache-1.pom (3.4 kB at 162 kB/s)
[5bea3f00-a506-4e78-a686-8b7ba522c85e/build]   | [INFO] Downloading from central: https://repo.maven.apache.org/maven2/xerces/xercesImpl/2.8.0/xercesImpl-2.8.0.pom
[5bea3f00-a506-4e78-a686-8b7ba522c85e/build]   | [INFO] Downloaded from central: https://repo.maven.apache.org/maven2/xerces/xercesImpl/2.8.0/xercesImpl-2.8.0.pom (1.4 kB at 83 kB/s)
[5bea3f00-a506-4e78-a686-8b7ba522c85e/build]   | [INFO] Downloading from central: https://repo.maven.apache.org/maven2/xalan/xalan/2.7.0/xalan-2.7.0.pom
[5bea3f00-a506-4e78-a686-8b7ba522c85e/build]   | [INFO] Downloaded from central: https://repo.maven.apache.org/maven2/xalan/xalan/2.7.0/xalan-2.7.0.pom (491 B at 1.8 kB/s)
[5bea3f00-a506-4e78-a686-8b7ba522c85e/build]   | [INFO] Downloading from central: https://repo.maven.apache.org/maven2/xml-apis/xml-apis/2.0.2/xml-apis-2.0.2.pom
[5bea3f00-a506-4e78-a686-8b7ba522c85e/build]   | [INFO] Downloaded from central: https://repo.maven.apache.org/maven2/xml-apis/xml-apis/2.0.2/xml-apis-2.0.2.pom (346 B at 27 kB/s)
[5bea3f00-a506-4e78-a686-8b7ba522c85e/build]   | [INFO] Downloading from central: https://repo.maven.apache.org/maven2/xml-apis/xml-apis/1.0.b2/xml-apis-1.0.b2.pom
[5bea3f00-a506-4e78-a686-8b7ba522c85e/build]   | [INFO] Downloaded from central: https://repo.maven.apache.org/maven2/xml-apis/xml-apis/1.0.b2/xml-apis-1.0.b2.pom (2.2 kB at 141 kB/s)
[5bea3f00-a506-4e78-a686-8b7ba522c85e/build]   | [INFO] Downloading from central: https://repo.maven.apache.org/maven2/org/clojure/clojure/1.4.0/clojure-1.4.0.jar
[5bea3f00-a506-4e78-a686-8b7ba522c85e/build]   | [INFO] Downloading from central: https://repo.maven.apache.org/maven2/com/itextpdf/itextpdf/5.3.2/itextpdf-5.3.2.jar
[5bea3f00-a506-4e78-a686-8b7ba522c85e/build]   | [INFO] Downloading from central: https://repo.maven.apache.org/maven2/com/google/guava/guava/13.0.1/guava-13.0.1.jar
[5bea3f00-a506-4e78-a686-8b7ba522c85e/build]   | [INFO] Downloading from central: https://repo.maven.apache.org/maven2/net/java/dev/jna/jna/3.4.0/jna-3.4.0.jar
[5bea3f00-a506-4e78-a686-8b7ba522c85e/build]   | [INFO] Downloading from central: https://repo.maven.apache.org/maven2/junit/junit/4.10/junit-4.10.jar
[5bea3f00-a506-4e78-a686-8b7ba522c85e/build]   | [INFO] Downloaded from central: https://repo.maven.apache.org/maven2/junit/junit/4.10/junit-4.10.jar (253 kB at 57 kB/s)
[5bea3f00-a506-4e78-a686-8b7ba522c85e/build]   | [INFO] Downloading from central: https://repo.maven.apache.org/maven2/org/hamcrest/hamcrest-core/1.1/hamcrest-core-1.1.jar
[5bea3f00-a506-4e78-a686-8b7ba522c85e/build]   | [INFO] Downloaded from central: https://repo.maven.apache.org/maven2/org/hamcrest/hamcrest-core/1.1/hamcrest-core-1.1.jar (77 kB at 14 kB/s)
[5bea3f00-a506-4e78-a686-8b7ba522c85e/build]   | [INFO] Downloading from central: https://repo.maven.apache.org/maven2/org/python/jython/2.5.3/jython-2.5.3.jar
[5bea3f00-a506-4e78-a686-8b7ba522c85e/build]   | [INFO] Downloaded from central: https://repo.maven.apache.org/maven2/net/java/dev/jna/jna/3.4.0/jna-3.4.0.jar (1.0 MB at 69 kB/s)
[5bea3f00-a506-4e78-a686-8b7ba522c85e/build]   | [INFO] Downloading from central: https://repo.maven.apache.org/maven2/net/sf/opencsv/opencsv/2.3/opencsv-2.3.jar
[5bea3f00-a506-4e78-a686-8b7ba522c85e/build]   | [INFO] Downloaded from central: https://repo.maven.apache.org/maven2/net/sf/opencsv/opencsv/2.3/opencsv-2.3.jar (20 kB at 1.3 kB/s)
[5bea3f00-a506-4e78-a686-8b7ba522c85e/build]   | [INFO] Downloading from central: https://repo.maven.apache.org/maven2/org/piccolo2d/piccolo2d-core/1.3.1/piccolo2d-core-1.3.1.jar
[5bea3f00-a506-4e78-a686-8b7ba522c85e/build]   | [INFO] Downloaded from central: https://repo.maven.apache.org/maven2/org/piccolo2d/piccolo2d-core/1.3.1/piccolo2d-core-1.3.1.jar (121 kB at 7.7 kB/s)
[5bea3f00-a506-4e78-a686-8b7ba522c85e/build]   | [INFO] Downloading from central: https://repo.maven.apache.org/maven2/xom/xom/1.2.5/xom-1.2.5.jar
[5bea3f00-a506-4e78-a686-8b7ba522c85e/build]   | [INFO] Downloaded from central: https://repo.maven.apache.org/maven2/com/google/guava/guava/13.0.1/guava-13.0.1.jar (1.9 MB at 81 kB/s)
[5bea3f00-a506-4e78-a686-8b7ba522c85e/build]   | [INFO] Downloading from central: https://repo.maven.apache.org/maven2/xml-apis/xml-apis/1.3.03/xml-apis-1.3.03.jar
[5bea3f00-a506-4e78-a686-8b7ba522c85e/build]   | [INFO] Downloaded from central: https://repo.maven.apache.org/maven2/xml-apis/xml-apis/1.3.03/xml-apis-1.3.03.jar (195 kB at 8.0 kB/s)
[5bea3f00-a506-4e78-a686-8b7ba522c85e/build]   | [INFO] Downloading from central: https://repo.maven.apache.org/maven2/xerces/xercesImpl/2.8.0/xercesImpl-2.8.0.jar
[5bea3f00-a506-4e78-a686-8b7ba522c85e/build]   | [INFO] Downloaded from central: https://repo.maven.apache.org/maven2/xom/xom/1.2.5/xom-1.2.5.jar (309 kB at 13 kB/s)
[5bea3f00-a506-4e78-a686-8b7ba522c85e/build]   | [INFO] Downloading from central: https://repo.maven.apache.org/maven2/xalan/xalan/2.7.0/xalan-2.7.0.jar
[5bea3f00-a506-4e78-a686-8b7ba522c85e/build]   | [INFO] Downloaded from central: https://repo.maven.apache.org/maven2/com/itextpdf/itextpdf/5.3.2/itextpdf-5.3.2.jar (1.8 MB at 67 kB/s)
[5bea3f00-a506-4e78-a686-8b7ba522c85e/build]   | [INFO] Downloaded from central: https://repo.maven.apache.org/maven2/xerces/xercesImpl/2.8.0/xercesImpl-2.8.0.jar (1.2 MB at 29 kB/s)
[5bea3f00-a506-4e78-a686-8b7ba522c85e/build]   | [INFO] Downloaded from central: https://repo.maven.apache.org/maven2/xalan/xalan/2.7.0/xalan-2.7.0.jar (2.7 MB at 61 kB/s)
[5bea3f00-a506-4e78-a686-8b7ba522c85e/build]   | [INFO] Downloaded from central: https://repo.maven.apache.org/maven2/org/clojure/clojure/1.4.0/clojure-1.4.0.jar (3.4 MB at 74 kB/s)
[5bea3f00-a506-4e78-a686-8b7ba522c85e/build]   | [INFO] Downloaded from central: https://repo.maven.apache.org/maven2/org/python/jython/2.5.3/jython-2.5.3.jar (8.3 MB at 170 kB/s)
[5bea3f00-a506-4e78-a686-8b7ba522c85e/build]   | [INFO] 
[5bea3f00-a506-4e78-a686-8b7ba522c85e/build]   | [INFO] --- maven-resources-plugin:2.6:resources (default-resources) @ nodebox ---
[5bea3f00-a506-4e78-a686-8b7ba522c85e/build]   | [INFO] Downloading from central: https://repo.maven.apache.org/maven2/org/apache/maven/maven-plugin-api/2.0.6/maven-plugin-api-2.0.6.pom
[5bea3f00-a506-4e78-a686-8b7ba522c85e/build]   | [INFO] Downloaded from central: https://repo.maven.apache.org/maven2/org/apache/maven/maven-plugin-api/2.0.6/maven-plugin-api-2.0.6.pom (1.5 kB at 26 kB/s)
[5bea3f00-a506-4e78-a686-8b7ba522c85e/build]   | [INFO] Downloading from central: https://repo.maven.apache.org/maven2/org/apache/maven/maven/2.0.6/maven-2.0.6.pom
[5bea3f00-a506-4e78-a686-8b7ba522c85e/build]   | [INFO] Downloaded from central: https://repo.maven.apache.org/maven2/org/apache/maven/maven/2.0.6/maven-2.0.6.pom (9.0 kB at 221 kB/s)
[5bea3f00-a506-4e78-a686-8b7ba522c85e/build]   | [INFO] Downloading from central: https://repo.maven.apache.org/maven2/org/apache/maven/maven-parent/5/maven-parent-5.pom
[5bea3f00-a506-4e78-a686-8b7ba522c85e/build]   | [INFO] Downloaded from central: https://repo.maven.apache.org/maven2/org/apache/maven/maven-parent/5/maven-parent-5.pom (15 kB at 448 kB/s)
[5bea3f00-a506-4e78-a686-8b7ba522c85e/build]   | [INFO] Downloading from central: https://repo.maven.apache.org/maven2/org/apache/apache/3/apache-3.pom
[5bea3f00-a506-4e78-a686-8b7ba522c85e/build]   | [INFO] Downloaded from central: https://repo.maven.apache.org/maven2/org/apache/apache/3/apache-3.pom (3.4 kB at 69 kB/s)
[5bea3f00-a506-4e78-a686-8b7ba522c85e/build]   | [INFO] Downloading from central: https://repo.maven.apache.org/maven2/org/apache/maven/maven-project/2.0.6/maven-project-2.0.6.pom
[5bea3f00-a506-4e78-a686-8b7ba522c85e/build]   | [INFO] Downloaded from central: https://repo.maven.apache.org/maven2/org/apache/maven/maven-project/2.0.6/maven-project-2.0.6.pom (2.6 kB at 57 kB/s)
[5bea3f00-a506-4e78-a686-8b7ba522c85e/build]   | [INFO] Downloading from central: https://repo.maven.apache.org/maven2/org/apache/maven/maven-settings/2.0.6/maven-settings-2.0.6.pom
[5bea3f00-a506-4e78-a686-8b7ba522c85e/build]   | [INFO] Downloaded from central: https://repo.maven.apache.org/maven2/org/apache/maven/maven-settings/2.0.6/maven-settings-2.0.6.pom (2.0 kB at 30 kB/s)
[5bea3f00-a506-4e78-a686-8b7ba522c85e/build]   | [INFO] Downloading from central: https://repo.maven.apache.org/maven2/org/apache/maven/maven-model/2.0.6/maven-model-2.0.6.pom
[5bea3f00-a506-4e78-a686-8b7ba522c85e/build]   | [INFO] Downloaded from central: https://repo.maven.apache.org/maven2/org/apache/maven/maven-model/2.0.6/maven-model-2.0.6.pom (3.0 kB at 59 kB/s)
[5bea3f00-a506-4e78-a686-8b7ba522c85e/build]   | [INFO] Downloading from central: https://repo.maven.apache.org/maven2/org/codehaus/plexus/plexus-utils/1.4.1/plexus-utils-1.4.1.pom
[5bea3f00-a506-4e78-a686-8b7ba522c85e/build]   | [INFO] Downloaded from central: https://repo.maven.apache.org/maven2/org/codehaus/plexus/plexus-utils/1.4.1/plexus-utils-1.4.1.pom (1.9 kB at 38 kB/s)
[5bea3f00-a506-4e78-a686-8b7ba522c85e/build]   | [INFO] Downloading from central: https://repo.maven.apache.org/maven2/org/codehaus/plexus/plexus/1.0.11/plexus-1.0.11.pom
[5bea3f00-a506-4e78-a686-8b7ba522c85e/build]   | [INFO] Downloaded from central: https://repo.maven.apache.org/maven2/org/codehaus/plexus/plexus/1.0.11/plexus-1.0.11.pom (9.0 kB at 94 kB/s)
[5bea3f00-a506-4e78-a686-8b7ba522c85e/build]   | [INFO] Downloading from central: https://repo.maven.apache.org/maven2/org/codehaus/plexus/plexus-container-default/1.0-alpha-9-stable-1/plexus-container-default-1.0-alpha-9-stable-1.pom
[5bea3f00-a506-4e78-a686-8b7ba522c85e/build]   | [INFO] Downloaded from central: https://repo.maven.apache.org/maven2/org/codehaus/plexus/plexus-container-default/1.0-alpha-9-stable-1/plexus-container-default-1.0-alpha-9-stable-1.pom (3.9 kB at 82 kB/s)
[5bea3f00-a506-4e78-a686-8b7ba522c85e/build]   | [INFO] Downloading from central: https://repo.maven.apache.org/maven2/org/codehaus/plexus/plexus-containers/1.0.3/plexus-containers-1.0.3.pom
[5bea3f00-a506-4e78-a686-8b7ba522c85e/build]   | [INFO] Downloaded from central: https://repo.maven.apache.org/maven2/org/codehaus/plexus/plexus-containers/1.0.3/plexus-containers-1.0.3.pom (492 B at 10 kB/s)
[5bea3f00-a506-4e78-a686-8b7ba522c85e/build]   | [INFO] Downloading from central: https://repo.maven.apache.org/maven2/org/codehaus/plexus/plexus/1.0.4/plexus-1.0.4.pom
[5bea3f00-a506-4e78-a686-8b7ba522c85e/build]   | [INFO] Downloaded from central: https://repo.maven.apache.org/maven2/org/codehaus/plexus/plexus/1.0.4/plexus-1.0.4.pom (5.7 kB at 110 kB/s)
[5bea3f00-a506-4e78-a686-8b7ba522c85e/build]   | [INFO] Downloading from central: https://repo.maven.apache.org/maven2/junit/junit/3.8.1/junit-3.8.1.pom
[5bea3f00-a506-4e78-a686-8b7ba522c85e/build]   | [INFO] Downloaded from central: https://repo.maven.apache.org/maven2/junit/junit/3.8.1/junit-3.8.1.pom (998 B at 15 kB/s)
[5bea3f00-a506-4e78-a686-8b7ba522c85e/build]   | [INFO] Downloading from central: https://repo.maven.apache.org/maven2/org/codehaus/plexus/plexus-utils/1.0.4/plexus-utils-1.0.4.pom
[5bea3f00-a506-4e78-a686-8b7ba522c85e/build]   | [INFO] Downloaded from central: https://repo.maven.apache.org/maven2/org/codehaus/plexus/plexus-utils/1.0.4/plexus-utils-1.0.4.pom (6.9 kB at 101 kB/s)
[5bea3f00-a506-4e78-a686-8b7ba522c85e/build]   | [INFO] Downloading from central: https://repo.maven.apache.org/maven2/classworlds/classworlds/1.1-alpha-2/classworlds-1.1-alpha-2.pom
[5bea3f00-a506-4e78-a686-8b7ba522c85e/build]   | [INFO] Downloaded from central: https://repo.maven.apache.org/maven2/classworlds/classworlds/1.1-alpha-2/classworlds-1.1-alpha-2.pom (3.1 kB at 50 kB/s)
[5bea3f00-a506-4e78-a686-8b7ba522c85e/build]   | [INFO] Downloading from central: https://repo.maven.apache.org/maven2/org/apache/maven/maven-profile/2.0.6/maven-profile-2.0.6.pom
[5bea3f00-a506-4e78-a686-8b7ba522c85e/build]   | [INFO] Downloaded from central: https://repo.maven.apache.org/maven2/org/apache/maven/maven-profile/2.0.6/maven-profile-2.0.6.pom (2.0 kB at 30 kB/s)
[5bea3f00-a506-4e78-a686-8b7ba522c85e/build]   | [INFO] Downloading from central: https://repo.maven.apache.org/maven2/org/apache/maven/maven-artifact-manager/2.0.6/maven-artifact-manager-2.0.6.pom
[5bea3f00-a506-4e78-a686-8b7ba522c85e/build]   | [INFO] Downloaded from central: https://repo.maven.apache.org/maven2/org/apache/maven/maven-artifact-manager/2.0.6/maven-artifact-manager-2.0.6.pom (2.6 kB at 48 kB/s)
[5bea3f00-a506-4e78-a686-8b7ba522c85e/build]   | [INFO] Downloading from central: https://repo.maven.apache.org/maven2/org/apache/maven/maven-repository-metadata/2.0.6/maven-repository-metadata-2.0.6.pom
[5bea3f00-a506-4e78-a686-8b7ba522c85e/build]   | [INFO] Downloaded from central: https://repo.maven.apache.org/maven2/org/apache/maven/maven-repository-metadata/2.0.6/maven-repository-metadata-2.0.6.pom (1.9 kB at 32 kB/s)
[5bea3f00-a506-4e78-a686-8b7ba522c85e/build]   | [INFO] Downloading from central: https://repo.maven.apache.org/maven2/org/apache/maven/maven-artifact/2.0.6/maven-artifact-2.0.6.pom
[5bea3f00-a506-4e78-a686-8b7ba522c85e/build]   | [INFO] Downloaded from central: https://repo.maven.apache.org/maven2/org/apache/maven/maven-artifact/2.0.6/maven-artifact-2.0.6.pom (1.6 kB at 27 kB/s)
[5bea3f00-a506-4e78-a686-8b7ba522c85e/build]   | [INFO] Downloading from central: https://repo.maven.apache.org/maven2/org/apache/maven/maven-plugin-registry/2.0.6/maven-plugin-registry-2.0.6.pom
[5bea3f00-a506-4e78-a686-8b7ba522c85e/build]   | [INFO] Downloaded from central: https://repo.maven.apache.org/maven2/org/apache/maven/maven-plugin-registry/2.0.6/maven-plugin-registry-2.0.6.pom (1.9 kB at 41 kB/s)
[5bea3f00-a506-4e78-a686-8b7ba522c85e/build]   | [INFO] Downloading from central: https://repo.maven.apache.org/maven2/org/apache/maven/maven-core/2.0.6/maven-core-2.0.6.pom
[5bea3f00-a506-4e78-a686-8b7ba522c85e/build]   | [INFO] Downloaded from central: https://repo.maven.apache.org/maven2/org/apache/maven/maven-core/2.0.6/maven-core-2.0.6.pom (6.7 kB at 172 kB/s)
[5bea3f00-a506-4e78-a686-8b7ba522c85e/build]   | [INFO] Downloading from central: https://repo.maven.apache.org/maven2/org/apache/maven/maven-plugin-parameter-documenter/2.0.6/maven-plugin-parameter-documenter-2.0.6.pom
[5bea3f00-a506-4e78-a686-8b7ba522c85e/build]   | [INFO] Downloaded from central: https://repo.maven.apache.org/maven2/org/apache/maven/maven-plugin-parameter-documenter/2.0.6/maven-plugin-parameter-documenter-2.0.6.pom (1.9 kB at 42 kB/s)
[5bea3f00-a506-4e78-a686-8b7ba522c85e/build]   | [INFO] Downloading from central: https://repo.maven.apache.org/maven2/org/apache/maven/reporting/maven-reporting-api/2.0.6/maven-reporting-api-2.0.6.pom
[5bea3f00-a506-4e78-a686-8b7ba522c85e/build]   | [INFO] Downloaded from central: https://repo.maven.apache.org/maven2/org/apache/maven/reporting/maven-reporting-api/2.0.6/maven-reporting-api-2.0.6.pom (1.8 kB at 65 kB/s)
[5bea3f00-a506-4e78-a686-8b7ba522c85e/build]   | [INFO] Downloading from central: https://repo.maven.apache.org/maven2/org/apache/maven/reporting/maven-reporting/2.0.6/maven-reporting-2.0.6.pom
[5bea3f00-a506-4e78-a686-8b7ba522c85e/build]   | [INFO] Downloaded from central: https://repo.maven.apache.org/maven2/org/apache/maven/reporting/maven-reporting/2.0.6/maven-reporting-2.0.6.pom (1.4 kB at 40 kB/s)
[5bea3f00-a506-4e78-a686-8b7ba522c85e/build]   | [INFO] Downloading from central: https://repo.maven.apache.org/maven2/org/apache/maven/doxia/doxia-sink-api/1.0-alpha-7/doxia-sink-api-1.0-alpha-7.pom
[5bea3f00-a506-4e78-a686-8b7ba522c85e/build]   | [INFO] Downloaded from central: https://repo.maven.apache.org/maven2/org/apache/maven/doxia/doxia-sink-api/1.0-alpha-7/doxia-sink-api-1.0-alpha-7.pom (424 B at 8.5 kB/s)
[5bea3f00-a506-4e78-a686-8b7ba522c85e/build]   | [INFO] Downloading from central: https://repo.maven.apache.org/maven2/org/apache/maven/doxia/doxia/1.0-alpha-7/doxia-1.0-alpha-7.pom
[5bea3f00-a506-4e78-a686-8b7ba522c85e/build]   | [INFO] Downloaded from central: https://repo.maven.apache.org/maven2/org/apache/maven/doxia/doxia/1.0-alpha-7/doxia-1.0-alpha-7.pom (3.9 kB at 103 kB/s)
[5bea3f00-a506-4e78-a686-8b7ba522c85e/build]   | [INFO] Downloading from central: https://repo.maven.apache.org/maven2/org/apache/maven/maven-error-diagnostics/2.0.6/maven-error-diagnostics-2.0.6.pom
[5bea3f00-a506-4e78-a686-8b7ba522c85e/build]   | [INFO] Downloaded from central: https://repo.maven.apache.org/maven2/org/apache/maven/maven-error-diagnostics/2.0.6/maven-error-diagnostics-2.0.6.pom (1.7 kB at 47 kB/s)
[5bea3f00-a506-4e78-a686-8b7ba522c85e/build]   | [INFO] Downloading from central: https://repo.maven.apache.org/maven2/commons-cli/commons-cli/1.0/commons-cli-1.0.pom
[5bea3f00-a506-4e78-a686-8b7ba522c85e/build]   | [INFO] Downloaded from central: https://repo.maven.apache.org/maven2/commons-cli/commons-cli/1.0/commons-cli-1.0.pom (2.1 kB at 29 kB/s)
[5bea3f00-a506-4e78-a686-8b7ba522c85e/build]   | [INFO] Downloading from central: https://repo.maven.apache.org/maven2/org/apache/maven/maven-plugin-descriptor/2.0.6/maven-plugin-descriptor-2.0.6.pom
[5bea3f00-a506-4e78-a686-8b7ba522c85e/build]   | [INFO] Downloaded from central: https://repo.maven.apache.org/maven2/org/apache/maven/maven-plugin-descriptor/2.0.6/maven-plugin-descriptor-2.0.6.pom (2.0 kB at 49 kB/s)
[5bea3f00-a506-4e78-a686-8b7ba522c85e/build]   | [INFO] Downloading from central: https://repo.maven.apache.org/maven2/org/codehaus/plexus/plexus-interactivity-api/1.0-alpha-4/plexus-interactivity-api-1.0-alpha-4.pom
[5bea3f00-a506-4e78-a686-8b7ba522c85e/build]   | [INFO] Downloaded from central: https://repo.maven.apache.org/maven2/org/codehaus/plexus/plexus-interactivity-api/1.0-alpha-4/plexus-interactivity-api-1.0-alpha-4.pom (7.1 kB at 203 kB/s)
[5bea3f00-a506-4e78-a686-8b7ba522c85e/build]   | [INFO] Downloading from central: https://repo.maven.apache.org/maven2/org/apache/maven/maven-monitor/2.0.6/maven-monitor-2.0.6.pom
[5bea3f00-a506-4e78-a686-8b7ba522c85e/build]   | [INFO] Downloaded from central: https://repo.maven.apache.org/maven2/org/apache/maven/maven-monitor/2.0.6/maven-monitor-2.0.6.pom (1.3 kB at 31 kB/s)
[5bea3f00-a506-4e78-a686-8b7ba522c85e/build]   | [INFO] Downloading from central: https://repo.maven.apache.org/maven2/classworlds/classworlds/1.1/classworlds-1.1.pom
[5bea3f00-a506-4e78-a686-8b7ba522c85e/build]   | [INFO] Downloaded from central: https://repo.maven.apache.org/maven2/classworlds/classworlds/1.1/classworlds-1.1.pom (3.3 kB at 49 kB/s)
[5bea3f00-a506-4e78-a686-8b7ba522c85e/build]   | [INFO] Downloading from central: https://repo.maven.apache.org/maven2/org/codehaus/plexus/plexus-utils/2.0.5/plexus-utils-2.0.5.pom
[5bea3f00-a506-4e78-a686-8b7ba522c85e/build]   | [INFO] Downloaded from central: https://repo.maven.apache.org/maven2/org/codehaus/plexus/plexus-utils/2.0.5/plexus-utils-2.0.5.pom (3.3 kB at 72 kB/s)
[5bea3f00-a506-4e78-a686-8b7ba522c85e/build]   | [INFO] Downloading from central: https://repo.maven.apache.org/maven2/org/codehaus/plexus/plexus/2.0.6/plexus-2.0.6.pom
[5bea3f00-a506-4e78-a686-8b7ba522c85e/build]   | [INFO] Downloaded from central: https://repo.maven.apache.org/maven2/org/codehaus/plexus/plexus/2.0.6/plexus-2.0.6.pom (17 kB at 357 kB/s)
[5bea3f00-a506-4e78-a686-8b7ba522c85e/build]   | [INFO] Downloading from central: https://repo.maven.apache.org/maven2/org/apache/maven/shared/maven-filtering/1.1/maven-filtering-1.1.pom
[5bea3f00-a506-4e78-a686-8b7ba522c85e/build]   | [INFO] Downloaded from central: https://repo.maven.apache.org/maven2/org/apache/maven/shared/maven-filtering/1.1/maven-filtering-1.1.pom (5.8 kB at 135 kB/s)
[5bea3f00-a506-4e78-a686-8b7ba522c85e/build]   | [INFO] Downloading from central: https://repo.maven.apache.org/maven2/org/apache/maven/shared/maven-shared-components/17/maven-shared-components-17.pom
[5bea3f00-a506-4e78-a686-8b7ba522c85e/build]   | [INFO] Downloaded from central: https://repo.maven.apache.org/maven2/org/apache/maven/shared/maven-shared-components/17/maven-shared-components-17.pom (8.7 kB at 119 kB/s)
[5bea3f00-a506-4e78-a686-8b7ba522c85e/build]   | [INFO] Downloading from central: https://repo.maven.apache.org/maven2/org/codehaus/plexus/plexus-utils/1.5.15/plexus-utils-1.5.15.pom
[5bea3f00-a506-4e78-a686-8b7ba522c85e/build]   | [INFO] Downloaded from central: https://repo.maven.apache.org/maven2/org/codehaus/plexus/plexus-utils/1.5.15/plexus-utils-1.5.15.pom (6.8 kB at 149 kB/s)
[5bea3f00-a506-4e78-a686-8b7ba522c85e/build]   | [INFO] Downloading from central: https://repo.maven.apache.org/maven2/org/codehaus/plexus/plexus/2.0.2/plexus-2.0.2.pom
[5bea3f00-a506-4e78-a686-8b7ba522c85e/build]   | [INFO] Downloaded from central: https://repo.maven.apache.org/maven2/org/codehaus/plexus/plexus/2.0.2/plexus-2.0.2.pom (12 kB at 161 kB/s)
[5bea3f00-a506-4e78-a686-8b7ba522c85e/build]   | [INFO] Downloading from central: https://repo.maven.apache.org/maven2/org/codehaus/plexus/plexus-interpolation/1.12/plexus-interpolation-1.12.pom
[5bea3f00-a506-4e78-a686-8b7ba522c85e/build]   | [INFO] Downloaded from central: https://repo.maven.apache.org/maven2/org/codehaus/plexus/plexus-interpolation/1.12/plexus-interpolation-1.12.pom (889 B at 16 kB/s)
[5bea3f00-a506-4e78-a686-8b7ba522c85e/build]   | [INFO] Downloading from central: https://repo.maven.apache.org/maven2/org/codehaus/plexus/plexus-components/1.1.14/plexus-components-1.1.14.pom
[5bea3f00-a506-4e78-a686-8b7ba522c85e/build]   | [INFO] Downloaded from central: https://repo.maven.apache.org/maven2/org/codehaus/plexus/plexus-components/1.1.14/plexus-components-1.1.14.pom (5.8 kB at 142 kB/s)
[5bea3f00-a506-4e78-a686-8b7ba522c85e/build]   | [INFO] Downloading from central: https://repo.maven.apache.org/maven2/org/sonatype/plexus/plexus-build-api/0.0.4/plexus-build-api-0.0.4.pom
[5bea3f00-a506-4e78-a686-8b7ba522c85e/build]   | [INFO] Downloaded from central: https://repo.maven.apache.org/maven2/org/sonatype/plexus/plexus-build-api/0.0.4/plexus-build-api-0.0.4.pom (2.9 kB at 67 kB/s)
[5bea3f00-a506-4e78-a686-8b7ba522c85e/build]   | [INFO] Downloading from central: https://repo.maven.apache.org/maven2/org/sonatype/spice/spice-parent/10/spice-parent-10.pom
[5bea3f00-a506-4e78-a686-8b7ba522c85e/build]   | [INFO] Downloaded from central: https://repo.maven.apache.org/maven2/org/sonatype/spice/spice-parent/10/spice-parent-10.pom (3.0 kB at 20 kB/s)
[5bea3f00-a506-4e78-a686-8b7ba522c85e/build]   | [INFO] Downloading from central: https://repo.maven.apache.org/maven2/org/sonatype/forge/forge-parent/3/forge-parent-3.pom
[5bea3f00-a506-4e78-a686-8b7ba522c85e/build]   | [INFO] Downloaded from central: https://repo.maven.apache.org/maven2/org/sonatype/forge/forge-parent/3/forge-parent-3.pom (5.0 kB at 157 kB/s)
[5bea3f00-a506-4e78-a686-8b7ba522c85e/build]   | [INFO] Downloading from central: https://repo.maven.apache.org/maven2/org/codehaus/plexus/plexus-utils/1.5.8/plexus-utils-1.5.8.pom
[5bea3f00-a506-4e78-a686-8b7ba522c85e/build]   | [INFO] Downloaded from central: https://repo.maven.apache.org/maven2/org/codehaus/plexus/plexus-utils/1.5.8/plexus-utils-1.5.8.pom (8.1 kB at 218 kB/s)
[5bea3f00-a506-4e78-a686-8b7ba522c85e/build]   | [INFO] Downloading from central: https://repo.maven.apache.org/maven2/org/codehaus/plexus/plexus-interpolation/1.13/plexus-interpolation-1.13.pom
[5bea3f00-a506-4e78-a686-8b7ba522c85e/build]   | [INFO] Downloaded from central: https://repo.maven.apache.org/maven2/org/codehaus/plexus/plexus-interpolation/1.13/plexus-interpolation-1.13.pom (890 B at 24 kB/s)
[5bea3f00-a506-4e78-a686-8b7ba522c85e/build]   | [INFO] Downloading from central: https://repo.maven.apache.org/maven2/org/codehaus/plexus/plexus-components/1.1.15/plexus-components-1.1.15.pom
[5bea3f00-a506-4e78-a686-8b7ba522c85e/build]   | [INFO] Downloaded from central: https://repo.maven.apache.org/maven2/org/codehaus/plexus/plexus-components/1.1.15/plexus-components-1.1.15.pom (2.8 kB at 73 kB/s)
[5bea3f00-a506-4e78-a686-8b7ba522c85e/build]   | [INFO] Downloading from central: https://repo.maven.apache.org/maven2/org/codehaus/plexus/plexus/2.0.3/plexus-2.0.3.pom
[5bea3f00-a506-4e78-a686-8b7ba522c85e/build]   | [INFO] Downloaded from central: https://repo.maven.apache.org/maven2/org/codehaus/plexus/plexus/2.0.3/plexus-2.0.3.pom (15 kB at 245 kB/s)
[5bea3f00-a506-4e78-a686-8b7ba522c85e/build]   | [INFO] Downloading from central: https://repo.maven.apache.org/maven2/org/apache/maven/maven-plugin-api/2.0.6/maven-plugin-api-2.0.6.jar
[5bea3f00-a506-4e78-a686-8b7ba522c85e/build]   | [INFO] Downloading from central: https://repo.maven.apache.org/maven2/org/apache/maven/maven-project/2.0.6/maven-project-2.0.6.jar
[5bea3f00-a506-4e78-a686-8b7ba522c85e/build]   | [INFO] Downloading from central: https://repo.maven.apache.org/maven2/org/apache/maven/maven-profile/2.0.6/maven-profile-2.0.6.jar
[5bea3f00-a506-4e78-a686-8b7ba522c85e/build]   | [INFO] Downloading from central: https://repo.maven.apache.org/maven2/org/apache/maven/maven-artifact-manager/2.0.6/maven-artifact-manager-2.0.6.jar
[5bea3f00-a506-4e78-a686-8b7ba522c85e/build]   | [INFO] Downloading from central: https://repo.maven.apache.org/maven2/org/apache/maven/maven-plugin-registry/2.0.6/maven-plugin-registry-2.0.6.jar
[5bea3f00-a506-4e78-a686-8b7ba522c85e/build]   | [INFO] Downloaded from central: https://repo.maven.apache.org/maven2/org/apache/maven/maven-plugin-api/2.0.6/maven-plugin-api-2.0.6.jar (13 kB at 262 kB/s)
[5bea3f00-a506-4e78-a686-8b7ba522c85e/build]   | [INFO] Downloading from central: https://repo.maven.apache.org/maven2/org/apache/maven/maven-core/2.0.6/maven-core-2.0.6.jar
[5bea3f00-a506-4e78-a686-8b7ba522c85e/build]   | [INFO] Downloaded from central: https://repo.maven.apache.org/maven2/org/apache/maven/maven-artifact-manager/2.0.6/maven-artifact-manager-2.0.6.jar (57 kB at 589 kB/s)
[5bea3f00-a506-4e78-a686-8b7ba522c85e/build]   | [INFO] Downloading from central: https://repo.maven.apache.org/maven2/org/apache/maven/maven-plugin-parameter-documenter/2.0.6/maven-plugin-parameter-documenter-2.0.6.jar
[5bea3f00-a506-4e78-a686-8b7ba522c85e/build]   | [INFO] Downloaded from central: https://repo.maven.apache.org/maven2/org/apache/maven/maven-project/2.0.6/maven-project-2.0.6.jar (116 kB at 1.1 MB/s)
[5bea3f00-a506-4e78-a686-8b7ba522c85e/build]   | [INFO] Downloading from central: https://repo.maven.apache.org/maven2/org/apache/maven/reporting/maven-reporting-api/2.0.6/maven-reporting-api-2.0.6.jar
[5bea3f00-a506-4e78-a686-8b7ba522c85e/build]   | [INFO] Downloaded from central: https://repo.maven.apache.org/maven2/org/apache/maven/maven-core/2.0.6/maven-core-2.0.6.jar (152 kB at 1.4 MB/s)
[5bea3f00-a506-4e78-a686-8b7ba522c85e/build]   | [INFO] Downloading from central: https://repo.maven.apache.org/maven2/org/apache/maven/doxia/doxia-sink-api/1.0-alpha-7/doxia-sink-api-1.0-alpha-7.jar
[5bea3f00-a506-4e78-a686-8b7ba522c85e/build]   | [INFO] Downloaded from central: https://repo.maven.apache.org/maven2/org/apache/maven/maven-profile/2.0.6/maven-profile-2.0.6.jar (35 kB at 315 kB/s)
[5bea3f00-a506-4e78-a686-8b7ba522c85e/build]   | [INFO] Downloading from central: https://repo.maven.apache.org/maven2/org/apache/maven/maven-repository-metadata/2.0.6/maven-repository-metadata-2.0.6.jar
[5bea3f00-a506-4e78-a686-8b7ba522c85e/build]   | [INFO] Downloaded from central: https://repo.maven.apache.org/maven2/org/apache/maven/maven-plugin-parameter-documenter/2.0.6/maven-plugin-parameter-documenter-2.0.6.jar (21 kB at 162 kB/s)
[5bea3f00-a506-4e78-a686-8b7ba522c85e/build]   | [INFO] Downloading from central: https://repo.maven.apache.org/maven2/org/apache/maven/maven-error-diagnostics/2.0.6/maven-error-diagnostics-2.0.6.jar
[5bea3f00-a506-4e78-a686-8b7ba522c85e/build]   | [INFO] Downloaded from central: https://repo.maven.apache.org/maven2/org/apache/maven/maven-plugin-registry/2.0.6/maven-plugin-registry-2.0.6.jar (29 kB at 222 kB/s)
[5bea3f00-a506-4e78-a686-8b7ba522c85e/build]   | [INFO] Downloading from central: https://repo.maven.apache.org/maven2/commons-cli/commons-cli/1.0/commons-cli-1.0.jar
[5bea3f00-a506-4e78-a686-8b7ba522c85e/build]   | [INFO] Downloaded from central: https://repo.maven.apache.org/maven2/org/apache/maven/reporting/maven-reporting-api/2.0.6/maven-reporting-api-2.0.6.jar (9.9 kB at 74 kB/s)
[5bea3f00-a506-4e78-a686-8b7ba522c85e/build]   | [INFO] Downloading from central: https://repo.maven.apache.org/maven2/org/apache/maven/maven-plugin-descriptor/2.0.6/maven-plugin-descriptor-2.0.6.jar
[5bea3f00-a506-4e78-a686-8b7ba522c85e/build]   | [INFO] Downloaded from central: https://repo.maven.apache.org/maven2/org/apache/maven/maven-repository-metadata/2.0.6/maven-repository-metadata-2.0.6.jar (24 kB at 161 kB/s)
[5bea3f00-a506-4e78-a686-8b7ba522c85e/build]   | [INFO] Downloading from central: https://repo.maven.apache.org/maven2/org/codehaus/plexus/plexus-interactivity-api/1.0-alpha-4/plexus-interactivity-api-1.0-alpha-4.jar
[5bea3f00-a506-4e78-a686-8b7ba522c85e/build]   | [INFO] Downloaded from central: https://repo.maven.apache.org/maven2/org/apache/maven/doxia/doxia-sink-api/1.0-alpha-7/doxia-sink-api-1.0-alpha-7.jar (5.9 kB at 36 kB/s)
[5bea3f00-a506-4e78-a686-8b7ba522c85e/build]   | [INFO] Downloaded from central: https://repo.maven.apache.org/maven2/org/apache/maven/maven-plugin-descriptor/2.0.6/maven-plugin-descriptor-2.0.6.jar (37 kB at 222 kB/s)
[5bea3f00-a506-4e78-a686-8b7ba522c85e/build]   | [INFO] Downloading from central: https://repo.maven.apache.org/maven2/classworlds/classworlds/1.1/classworlds-1.1.jar
[5bea3f00-a506-4e78-a686-8b7ba522c85e/build]   | [INFO] Downloading from central: https://repo.maven.apache.org/maven2/org/apache/maven/maven-artifact/2.0.6/maven-artifact-2.0.6.jar
[5bea3f00-a506-4e78-a686-8b7ba522c85e/build]   | [INFO] Downloaded from central: https://repo.maven.apache.org/maven2/commons-cli/commons-cli/1.0/commons-cli-1.0.jar (30 kB at 176 kB/s)
[5bea3f00-a506-4e78-a686-8b7ba522c85e/build]   | [INFO] Downloading from central: https://repo.maven.apache.org/maven2/org/apache/maven/maven-settings/2.0.6/maven-settings-2.0.6.jar
[5bea3f00-a506-4e78-a686-8b7ba522c85e/build]   | [INFO] Downloaded from central: https://repo.maven.apache.org/maven2/org/apache/maven/maven-error-diagnostics/2.0.6/maven-error-diagnostics-2.0.6.jar (14 kB at 76 kB/s)
[5bea3f00-a506-4e78-a686-8b7ba522c85e/build]   | [INFO] Downloading from central: https://repo.maven.apache.org/maven2/org/apache/maven/maven-model/2.0.6/maven-model-2.0.6.jar
[5bea3f00-a506-4e78-a686-8b7ba522c85e/build]   | [INFO] Downloaded from central: https://repo.maven.apache.org/maven2/org/codehaus/plexus/plexus-interactivity-api/1.0-alpha-4/plexus-interactivity-api-1.0-alpha-4.jar (13 kB at 73 kB/s)
[5bea3f00-a506-4e78-a686-8b7ba522c85e/build]   | [INFO] Downloading from central: https://repo.maven.apache.org/maven2/org/apache/maven/maven-monitor/2.0.6/maven-monitor-2.0.6.jar
[5bea3f00-a506-4e78-a686-8b7ba522c85e/build]   | [INFO] Downloaded from central: https://repo.maven.apache.org/maven2/org/apache/maven/maven-settings/2.0.6/maven-settings-2.0.6.jar (49 kB at 209 kB/s)
[5bea3f00-a506-4e78-a686-8b7ba522c85e/build]   | [INFO] Downloading from central: https://repo.maven.apache.org/maven2/org/codehaus/plexus/plexus-container-default/1.0-alpha-9-stable-1/plexus-container-default-1.0-alpha-9-stable-1.jar
[5bea3f00-a506-4e78-a686-8b7ba522c85e/build]   | [INFO] Downloaded from central: https://repo.maven.apache.org/maven2/classworlds/classworlds/1.1/classworlds-1.1.jar (38 kB at 160 kB/s)
[5bea3f00-a506-4e78-a686-8b7ba522c85e/build]   | [INFO] Downloading from central: https://repo.maven.apache.org/maven2/junit/junit/3.8.1/junit-3.8.1.jar
[5bea3f00-a506-4e78-a686-8b7ba522c85e/build]   | [INFO] Downloaded from central: https://repo.maven.apache.org/maven2/org/apache/maven/maven-monitor/2.0.6/maven-monitor-2.0.6.jar (10 kB at 42 kB/s)
[5bea3f00-a506-4e78-a686-8b7ba522c85e/build]   | [INFO] Downloading from central: https://repo.maven.apache.org/maven2/org/codehaus/plexus/plexus-utils/2.0.5/plexus-utils-2.0.5.jar
[5bea3f00-a506-4e78-a686-8b7ba522c85e/build]   | [INFO] Downloaded from central: https://repo.maven.apache.org/maven2/org/apache/maven/maven-model/2.0.6/maven-model-2.0.6.jar (86 kB at 346 kB/s)
[5bea3f00-a506-4e78-a686-8b7ba522c85e/build]   | [INFO] Downloading from central: https://repo.maven.apache.org/maven2/org/apache/maven/shared/maven-filtering/1.1/maven-filtering-1.1.jar
[5bea3f00-a506-4e78-a686-8b7ba522c85e/build]   | [INFO] Downloaded from central: https://repo.maven.apache.org/maven2/org/apache/maven/shared/maven-filtering/1.1/maven-filtering-1.1.jar (43 kB at 155 kB/s)
[5bea3f00-a506-4e78-a686-8b7ba522c85e/build]   | [INFO] Downloading from central: https://repo.maven.apache.org/maven2/org/sonatype/plexus/plexus-build-api/0.0.4/plexus-build-api-0.0.4.jar
[5bea3f00-a506-4e78-a686-8b7ba522c85e/build]   | [INFO] Downloaded from central: https://repo.maven.apache.org/maven2/org/codehaus/plexus/plexus-utils/2.0.5/plexus-utils-2.0.5.jar (223 kB at 778 kB/s)
[5bea3f00-a506-4e78-a686-8b7ba522c85e/build]   | [INFO] Downloading from central: https://repo.maven.apache.org/maven2/org/codehaus/plexus/plexus-interpolation/1.13/plexus-interpolation-1.13.jar
[5bea3f00-a506-4e78-a686-8b7ba522c85e/build]   | [INFO] Downloaded from central: https://repo.maven.apache.org/maven2/org/codehaus/plexus/plexus-container-default/1.0-alpha-9-stable-1/plexus-container-default-1.0-alpha-9-stable-1.jar (194 kB at 622 kB/s)
[5bea3f00-a506-4e78-a686-8b7ba522c85e/build]   | [INFO] Downloaded from central: https://repo.maven.apache.org/maven2/org/sonatype/plexus/plexus-build-api/0.0.4/plexus-build-api-0.0.4.jar (6.8 kB at 22 kB/s)
[5bea3f00-a506-4e78-a686-8b7ba522c85e/build]   | [INFO] Downloaded from central: https://repo.maven.apache.org/maven2/junit/junit/3.8.1/junit-3.8.1.jar (121 kB at 384 kB/s)
[5bea3f00-a506-4e78-a686-8b7ba522c85e/build]   | [INFO] Downloaded from central: https://repo.maven.apache.org/maven2/org/codehaus/plexus/plexus-interpolation/1.13/plexus-interpolation-1.13.jar (61 kB at 177 kB/s)
[5bea3f00-a506-4e78-a686-8b7ba522c85e/build]   | [INFO] Downloaded from central: https://repo.maven.apache.org/maven2/org/apache/maven/maven-artifact/2.0.6/maven-artifact-2.0.6.jar (87 kB at 224 kB/s)
[5bea3f00-a506-4e78-a686-8b7ba522c85e/build]   | [WARNING] Using platform encoding (UTF-8 actually) to copy filtered resources, i.e. build is platform dependent!
[5bea3f00-a506-4e78-a686-8b7ba522c85e/build]   | [INFO] skip non existing resourceDirectory /tmp/74714d8e-6ec5-4d22-91d4-dc13019faf91/src/main/resources
[5bea3f00-a506-4e78-a686-8b7ba522c85e/build]   | [INFO] 
[5bea3f00-a506-4e78-a686-8b7ba522c85e/build]   | [INFO] --- maven-compiler-plugin:2.5.1:compile (default-compile) @ nodebox ---
[5bea3f00-a506-4e78-a686-8b7ba522c85e/build]   | [INFO] Downloading from central: https://repo.maven.apache.org/maven2/org/apache/maven/maven-plugin-api/2.0.9/maven-plugin-api-2.0.9.pom
[5bea3f00-a506-4e78-a686-8b7ba522c85e/build]   | [INFO] Downloaded from central: https://repo.maven.apache.org/maven2/org/apache/maven/maven-plugin-api/2.0.9/maven-plugin-api-2.0.9.pom (1.5 kB at 16 kB/s)
[5bea3f00-a506-4e78-a686-8b7ba522c85e/build]   | [INFO] Downloading from central: https://repo.maven.apache.org/maven2/org/apache/maven/maven/2.0.9/maven-2.0.9.pom
[5bea3f00-a506-4e78-a686-8b7ba522c85e/build]   | [INFO] Downloaded from central: https://repo.maven.apache.org/maven2/org/apache/maven/maven/2.0.9/maven-2.0.9.pom (19 kB at 101 kB/s)
[5bea3f00-a506-4e78-a686-8b7ba522c85e/build]   | [INFO] Downloading from central: https://repo.maven.apache.org/maven2/org/apache/maven/maven-parent/8/maven-parent-8.pom
[5bea3f00-a506-4e78-a686-8b7ba522c85e/build]   | [INFO] Downloaded from central: https://repo.maven.apache.org/maven2/org/apache/maven/maven-parent/8/maven-parent-8.pom (24 kB at 212 kB/s)
[5bea3f00-a506-4e78-a686-8b7ba522c85e/build]   | [INFO] Downloading from central: https://repo.maven.apache.org/maven2/org/apache/apache/4/apache-4.pom
[5bea3f00-a506-4e78-a686-8b7ba522c85e/build]   | [INFO] Downloaded from central: https://repo.maven.apache.org/maven2/org/apache/apache/4/apache-4.pom (4.5 kB at 52 kB/s)
[5bea3f00-a506-4e78-a686-8b7ba522c85e/build]   | [INFO] Downloading from central: https://repo.maven.apache.org/maven2/org/apache/maven/maven-artifact/2.0.9/maven-artifact-2.0.9.pom
[5bea3f00-a506-4e78-a686-8b7ba522c85e/build]   | [INFO] Downloaded from central: https://repo.maven.apache.org/maven2/org/apache/maven/maven-artifact/2.0.9/maven-artifact-2.0.9.pom (1.6 kB at 14 kB/s)
[5bea3f00-a506-4e78-a686-8b7ba522c85e/build]   | [INFO] Downloading from central: https://repo.maven.apache.org/maven2/org/codehaus/plexus/plexus-utils/1.5.1/plexus-utils-1.5.1.pom
[5bea3f00-a506-4e78-a686-8b7ba522c85e/build]   | [INFO] Downloaded from central: https://repo.maven.apache.org/maven2/org/codehaus/plexus/plexus-utils/1.5.1/plexus-utils-1.5.1.pom (2.3 kB at 27 kB/s)
[5bea3f00-a506-4e78-a686-8b7ba522c85e/build]   | [INFO] Downloading from central: https://repo.maven.apache.org/maven2/org/apache/maven/maven-core/2.0.9/maven-core-2.0.9.pom
[5bea3f00-a506-4e78-a686-8b7ba522c85e/build]   | [INFO] Downloaded from central: https://repo.maven.apache.org/maven2/org/apache/maven/maven-core/2.0.9/maven-core-2.0.9.pom (7.8 kB at 96 kB/s)
[5bea3f00-a506-4e78-a686-8b7ba522c85e/build]   | [INFO] Downloading from central: https://repo.maven.apache.org/maven2/org/apache/maven/maven-settings/2.0.9/maven-settings-2.0.9.pom
[5bea3f00-a506-4e78-a686-8b7ba522c85e/build]   | [INFO] Downloaded from central: https://repo.maven.apache.org/maven2/org/apache/maven/maven-settings/2.0.9/maven-settings-2.0.9.pom (2.1 kB at 30 kB/s)
[5bea3f00-a506-4e78-a686-8b7ba522c85e/build]   | [INFO] Downloading from central: https://repo.maven.apache.org/maven2/org/apache/maven/maven-model/2.0.9/maven-model-2.0.9.pom
[5bea3f00-a506-4e78-a686-8b7ba522c85e/build]   | [INFO] Downloaded from central: https://repo.maven.apache.org/maven2/org/apache/maven/maven-model/2.0.9/maven-model-2.0.9.pom (3.1 kB at 37 kB/s)
[5bea3f00-a506-4e78-a686-8b7ba522c85e/build]   | [INFO] Downloading from central: https://repo.maven.apache.org/maven2/org/apache/maven/maven-plugin-parameter-documenter/2.0.9/maven-plugin-parameter-documenter-2.0.9.pom
[5bea3f00-a506-4e78-a686-8b7ba522c85e/build]   | [INFO] Downloaded from central: https://repo.maven.apache.org/maven2/org/apache/maven/maven-plugin-parameter-documenter/2.0.9/maven-plugin-parameter-documenter-2.0.9.pom (2.0 kB at 23 kB/s)
[5bea3f00-a506-4e78-a686-8b7ba522c85e/build]   | [INFO] Downloading from central: https://repo.maven.apache.org/maven2/org/apache/maven/maven-profile/2.0.9/maven-profile-2.0.9.pom
[5bea3f00-a506-4e78-a686-8b7ba522c85e/build]   | [INFO] Downloaded from central: https://repo.maven.apache.org/maven2/org/apache/maven/maven-profile/2.0.9/maven-profile-2.0.9.pom (2.0 kB at 27 kB/s)
[5bea3f00-a506-4e78-a686-8b7ba522c85e/build]   | [INFO] Downloading from central: https://repo.maven.apache.org/maven2/org/apache/maven/maven-repository-metadata/2.0.9/maven-repository-metadata-2.0.9.pom
[5bea3f00-a506-4e78-a686-8b7ba522c85e/build]   | [INFO] Downloaded from central: https://repo.maven.apache.org/maven2/org/apache/maven/maven-repository-metadata/2.0.9/maven-repository-metadata-2.0.9.pom (1.9 kB at 24 kB/s)
[5bea3f00-a506-4e78-a686-8b7ba522c85e/build]   | [INFO] Downloading from central: https://repo.maven.apache.org/maven2/org/apache/maven/maven-error-diagnostics/2.0.9/maven-error-diagnostics-2.0.9.pom
[5bea3f00-a506-4e78-a686-8b7ba522c85e/build]   | [INFO] Downloaded from central: https://repo.maven.apache.org/maven2/org/apache/maven/maven-error-diagnostics/2.0.9/maven-error-diagnostics-2.0.9.pom (1.7 kB at 20 kB/s)
[5bea3f00-a506-4e78-a686-8b7ba522c85e/build]   | [INFO] Downloading from central: https://repo.maven.apache.org/maven2/org/apache/maven/maven-project/2.0.9/maven-project-2.0.9.pom
[5bea3f00-a506-4e78-a686-8b7ba522c85e/build]   | [INFO] Downloaded from central: https://repo.maven.apache.org/maven2/org/apache/maven/maven-project/2.0.9/maven-project-2.0.9.pom (2.7 kB at 33 kB/s)
[5bea3f00-a506-4e78-a686-8b7ba522c85e/build]   | [INFO] Downloading from central: https://repo.maven.apache.org/maven2/org/apache/maven/maven-artifact-manager/2.0.9/maven-artifact-manager-2.0.9.pom
[5bea3f00-a506-4e78-a686-8b7ba522c85e/build]   | [INFO] Downloaded from central: https://repo.maven.apache.org/maven2/org/apache/maven/maven-artifact-manager/2.0.9/maven-artifact-manager-2.0.9.pom (2.7 kB at 33 kB/s)
[5bea3f00-a506-4e78-a686-8b7ba522c85e/build]   | [INFO] Downloading from central: https://repo.maven.apache.org/maven2/org/apache/maven/maven-plugin-registry/2.0.9/maven-plugin-registry-2.0.9.pom
[5bea3f00-a506-4e78-a686-8b7ba522c85e/build]   | [INFO] Downloaded from central: https://repo.maven.apache.org/maven2/org/apache/maven/maven-plugin-registry/2.0.9/maven-plugin-registry-2.0.9.pom (2.0 kB at 26 kB/s)
[5bea3f00-a506-4e78-a686-8b7ba522c85e/build]   | [INFO] Downloading from central: https://repo.maven.apache.org/maven2/org/apache/maven/maven-plugin-descriptor/2.0.9/maven-plugin-descriptor-2.0.9.pom
[5bea3f00-a506-4e78-a686-8b7ba522c85e/build]   | [INFO] Downloaded from central: https://repo.maven.apache.org/maven2/org/apache/maven/maven-plugin-descriptor/2.0.9/maven-plugin-descriptor-2.0.9.pom (2.1 kB at 28 kB/s)
[5bea3f00-a506-4e78-a686-8b7ba522c85e/build]   | [INFO] Downloading from central: https://repo.maven.apache.org/maven2/org/apache/maven/maven-monitor/2.0.9/maven-monitor-2.0.9.pom
[5bea3f00-a506-4e78-a686-8b7ba522c85e/build]   | [INFO] Downloaded from central: https://repo.maven.apache.org/maven2/org/apache/maven/maven-monitor/2.0.9/maven-monitor-2.0.9.pom (1.3 kB at 18 kB/s)
[5bea3f00-a506-4e78-a686-8b7ba522c85e/build]   | [INFO] Downloading from central: https://repo.maven.apache.org/maven2/org/apache/maven/maven-toolchain/1.0/maven-toolchain-1.0.pom
[5bea3f00-a506-4e78-a686-8b7ba522c85e/build]   | [INFO] Downloaded from central: https://repo.maven.apache.org/maven2/org/apache/maven/maven-toolchain/1.0/maven-toolchain-1.0.pom (3.4 kB at 27 kB/s)
[5bea3f00-a506-4e78-a686-8b7ba522c85e/build]   | [INFO] Downloading from central: https://repo.maven.apache.org/maven2/org/codehaus/plexus/plexus-utils/3.0/plexus-utils-3.0.pom
[5bea3f00-a506-4e78-a686-8b7ba522c85e/build]   | [INFO] Downloaded from central: https://repo.maven.apache.org/maven2/org/codehaus/plexus/plexus-utils/3.0/plexus-utils-3.0.pom (4.1 kB at 56 kB/s)
[5bea3f00-a506-4e78-a686-8b7ba522c85e/build]   | [INFO] Downloading from central: https://repo.maven.apache.org/maven2/org/sonatype/spice/spice-parent/16/spice-parent-16.pom
[5bea3f00-a506-4e78-a686-8b7ba522c85e/build]   | [INFO] Downloaded from central: https://repo.maven.apache.org/maven2/org/sonatype/spice/spice-parent/16/spice-parent-16.pom (8.4 kB at 103 kB/s)
[5bea3f00-a506-4e78-a686-8b7ba522c85e/build]   | [INFO] Downloading from central: https://repo.maven.apache.org/maven2/org/sonatype/forge/forge-parent/5/forge-parent-5.pom
[5bea3f00-a506-4e78-a686-8b7ba522c85e/build]   | [INFO] Downloaded from central: https://repo.maven.apache.org/maven2/org/sonatype/forge/forge-parent/5/forge-parent-5.pom (8.4 kB at 78 kB/s)
[5bea3f00-a506-4e78-a686-8b7ba522c85e/build]   | [INFO] Downloading from central: https://repo.maven.apache.org/maven2/org/codehaus/plexus/plexus-compiler-api/1.9.1/plexus-compiler-api-1.9.1.pom
[5bea3f00-a506-4e78-a686-8b7ba522c85e/build]   | [INFO] Downloaded from central: https://repo.maven.apache.org/maven2/org/codehaus/plexus/plexus-compiler-api/1.9.1/plexus-compiler-api-1.9.1.pom (867 B at 11 kB/s)
[5bea3f00-a506-4e78-a686-8b7ba522c85e/build]   | [INFO] Downloading from central: https://repo.maven.apache.org/maven2/org/codehaus/plexus/plexus-compiler/1.9.1/plexus-compiler-1.9.1.pom
[5bea3f00-a506-4e78-a686-8b7ba522c85e/build]   | [INFO] Downloaded from central: https://repo.maven.apache.org/maven2/org/codehaus/plexus/plexus-compiler/1.9.1/plexus-compiler-1.9.1.pom (3.8 kB at 30 kB/s)
[5bea3f00-a506-4e78-a686-8b7ba522c85e/build]   | [INFO] Downloading from central: https://repo.maven.apache.org/maven2/org/codehaus/plexus/plexus-components/1.1.20/plexus-components-1.1.20.pom
[5bea3f00-a506-4e78-a686-8b7ba522c85e/build]   | [INFO] Downloaded from central: https://repo.maven.apache.org/maven2/org/codehaus/plexus/plexus-components/1.1.20/plexus-components-1.1.20.pom (3.0 kB at 27 kB/s)
[5bea3f00-a506-4e78-a686-8b7ba522c85e/build]   | [INFO] Downloading from central: https://repo.maven.apache.org/maven2/org/codehaus/plexus/plexus/3.1/plexus-3.1.pom
[5bea3f00-a506-4e78-a686-8b7ba522c85e/build]   | [INFO] Downloaded from central: https://repo.maven.apache.org/maven2/org/codehaus/plexus/plexus/3.1/plexus-3.1.pom (19 kB at 198 kB/s)
[5bea3f00-a506-4e78-a686-8b7ba522c85e/build]   | [INFO] Downloading from central: https://repo.maven.apache.org/maven2/org/sonatype/spice/spice-parent/17/spice-parent-17.pom
[5bea3f00-a506-4e78-a686-8b7ba522c85e/build]   | [INFO] Downloaded from central: https://repo.maven.apache.org/maven2/org/sonatype/spice/spice-parent/17/spice-parent-17.pom (6.8 kB at 76 kB/s)
[5bea3f00-a506-4e78-a686-8b7ba522c85e/build]   | [INFO] Downloading from central: https://repo.maven.apache.org/maven2/org/sonatype/forge/forge-parent/10/forge-parent-10.pom
[5bea3f00-a506-4e78-a686-8b7ba522c85e/build]   | [INFO] Downloaded from central: https://repo.maven.apache.org/maven2/org/sonatype/forge/forge-parent/10/forge-parent-10.pom (14 kB at 163 kB/s)
[5bea3f00-a506-4e78-a686-8b7ba522c85e/build]   | [INFO] Downloading from central: https://repo.maven.apache.org/maven2/org/codehaus/plexus/plexus-compiler-manager/1.9.1/plexus-compiler-manager-1.9.1.pom
[5bea3f00-a506-4e78-a686-8b7ba522c85e/build]   | [INFO] Downloaded from central: https://repo.maven.apache.org/maven2/org/codehaus/plexus/plexus-compiler-manager/1.9.1/plexus-compiler-manager-1.9.1.pom (692 B at 8.2 kB/s)
[5bea3f00-a506-4e78-a686-8b7ba522c85e/build]   | [INFO] Downloading from central: https://repo.maven.apache.org/maven2/org/codehaus/plexus/plexus-compiler-javac/1.9.1/plexus-compiler-javac-1.9.1.pom
[5bea3f00-a506-4e78-a686-8b7ba522c85e/build]   | [INFO] Downloaded from central: https://repo.maven.apache.org/maven2/org/codehaus/plexus/plexus-compiler-javac/1.9.1/plexus-compiler-javac-1.9.1.pom (688 B at 9.1 kB/s)
[5bea3f00-a506-4e78-a686-8b7ba522c85e/build]   | [INFO] Downloading from central: https://repo.maven.apache.org/maven2/org/codehaus/plexus/plexus-compilers/1.9.1/plexus-compilers-1.9.1.pom
[5bea3f00-a506-4e78-a686-8b7ba522c85e/build]   | [INFO] Downloaded from central: https://repo.maven.apache.org/maven2/org/codehaus/plexus/plexus-compilers/1.9.1/plexus-compilers-1.9.1.pom (1.2 kB at 16 kB/s)
[5bea3f00-a506-4e78-a686-8b7ba522c85e/build]   | [INFO] Downloading from central: https://repo.maven.apache.org/maven2/org/apache/maven/maven-plugin-api/2.0.9/maven-plugin-api-2.0.9.jar
[5bea3f00-a506-4e78-a686-8b7ba522c85e/build]   | [INFO] Downloading from central: https://repo.maven.apache.org/maven2/org/apache/maven/maven-artifact/2.0.9/maven-artifact-2.0.9.jar
[5bea3f00-a506-4e78-a686-8b7ba522c85e/build]   | [INFO] Downloading from central: https://repo.maven.apache.org/maven2/org/apache/maven/maven-core/2.0.9/maven-core-2.0.9.jar
[5bea3f00-a506-4e78-a686-8b7ba522c85e/build]   | [INFO] Downloading from central: https://repo.maven.apache.org/maven2/org/apache/maven/maven-settings/2.0.9/maven-settings-2.0.9.jar
[5bea3f00-a506-4e78-a686-8b7ba522c85e/build]   | [INFO] Downloading from central: https://repo.maven.apache.org/maven2/org/apache/maven/maven-plugin-parameter-documenter/2.0.9/maven-plugin-parameter-documenter-2.0.9.jar
[5bea3f00-a506-4e78-a686-8b7ba522c85e/build]   | [INFO] Downloaded from central: https://repo.maven.apache.org/maven2/org/apache/maven/maven-settings/2.0.9/maven-settings-2.0.9.jar (49 kB at 1.8 MB/s)
[5bea3f00-a506-4e78-a686-8b7ba522c85e/build]   | [INFO] Downloading from central: https://repo.maven.apache.org/maven2/org/apache/maven/maven-profile/2.0.9/maven-profile-2.0.9.jar
[5bea3f00-a506-4e78-a686-8b7ba522c85e/build]   | [INFO] Downloaded from central: https://repo.maven.apache.org/maven2/org/apache/maven/maven-plugin-parameter-documenter/2.0.9/maven-plugin-parameter-documenter-2.0.9.jar (21 kB at 652 kB/s)
[5bea3f00-a506-4e78-a686-8b7ba522c85e/build]   | [INFO] Downloading from central: https://repo.maven.apache.org/maven2/org/apache/maven/maven-model/2.0.9/maven-model-2.0.9.jar
[5bea3f00-a506-4e78-a686-8b7ba522c85e/build]   | [INFO] Downloaded from central: https://repo.maven.apache.org/maven2/org/apache/maven/maven-plugin-api/2.0.9/maven-plugin-api-2.0.9.jar (13 kB at 159 kB/s)
[5bea3f00-a506-4e78-a686-8b7ba522c85e/build]   | [INFO] Downloading from central: https://repo.maven.apache.org/maven2/org/apache/maven/maven-repository-metadata/2.0.9/maven-repository-metadata-2.0.9.jar
[5bea3f00-a506-4e78-a686-8b7ba522c85e/build]   | [INFO] Downloaded from central: https://repo.maven.apache.org/maven2/org/apache/maven/maven-core/2.0.9/maven-core-2.0.9.jar (160 kB at 1.9 MB/s)
[5bea3f00-a506-4e78-a686-8b7ba522c85e/build]   | [INFO] Downloading from central: https://repo.maven.apache.org/maven2/org/apache/maven/maven-error-diagnostics/2.0.9/maven-error-diagnostics-2.0.9.jar
[5bea3f00-a506-4e78-a686-8b7ba522c85e/build]   | [INFO] Downloaded from central: https://repo.maven.apache.org/maven2/org/apache/maven/maven-profile/2.0.9/maven-profile-2.0.9.jar (35 kB at 442 kB/s)
[5bea3f00-a506-4e78-a686-8b7ba522c85e/build]   | [INFO] Downloading from central: https://repo.maven.apache.org/maven2/org/apache/maven/maven-project/2.0.9/maven-project-2.0.9.jar
[5bea3f00-a506-4e78-a686-8b7ba522c85e/build]   | [INFO] Downloaded from central: https://repo.maven.apache.org/maven2/org/apache/maven/maven-model/2.0.9/maven-model-2.0.9.jar (87 kB at 1.0 MB/s)
[5bea3f00-a506-4e78-a686-8b7ba522c85e/build]   | [INFO] Downloading from central: https://repo.maven.apache.org/maven2/org/apache/maven/maven-plugin-registry/2.0.9/maven-plugin-registry-2.0.9.jar
[5bea3f00-a506-4e78-a686-8b7ba522c85e/build]   | [INFO] Downloaded from central: https://repo.maven.apache.org/maven2/org/apache/maven/maven-artifact/2.0.9/maven-artifact-2.0.9.jar (89 kB at 880 kB/s)
[5bea3f00-a506-4e78-a686-8b7ba522c85e/build]   | [INFO] Downloading from central: https://repo.maven.apache.org/maven2/org/apache/maven/maven-plugin-descriptor/2.0.9/maven-plugin-descriptor-2.0.9.jar
[5bea3f00-a506-4e78-a686-8b7ba522c85e/build]   | [INFO] Downloaded from central: https://repo.maven.apache.org/maven2/org/apache/maven/maven-repository-metadata/2.0.9/maven-repository-metadata-2.0.9.jar (25 kB at 261 kB/s)
[5bea3f00-a506-4e78-a686-8b7ba522c85e/build]   | [INFO] Downloading from central: https://repo.maven.apache.org/maven2/org/apache/maven/maven-artifact-manager/2.0.9/maven-artifact-manager-2.0.9.jar
[5bea3f00-a506-4e78-a686-8b7ba522c85e/build]   | [INFO] Downloaded from central: https://repo.maven.apache.org/maven2/org/apache/maven/maven-plugin-descriptor/2.0.9/maven-plugin-descriptor-2.0.9.jar (37 kB at 301 kB/s)
[5bea3f00-a506-4e78-a686-8b7ba522c85e/build]   | [INFO] Downloading from central: https://repo.maven.apache.org/maven2/org/apache/maven/maven-monitor/2.0.9/maven-monitor-2.0.9.jar
[5bea3f00-a506-4e78-a686-8b7ba522c85e/build]   | [INFO] Downloaded from central: https://repo.maven.apache.org/maven2/org/apache/maven/maven-plugin-registry/2.0.9/maven-plugin-registry-2.0.9.jar (29 kB at 229 kB/s)
[5bea3f00-a506-4e78-a686-8b7ba522c85e/build]   | [INFO] Downloading from central: https://repo.maven.apache.org/maven2/org/apache/maven/maven-toolchain/1.0/maven-toolchain-1.0.jar
[5bea3f00-a506-4e78-a686-8b7ba522c85e/build]   | [INFO] Downloaded from central: https://repo.maven.apache.org/maven2/org/apache/maven/maven-artifact-manager/2.0.9/maven-artifact-manager-2.0.9.jar (58 kB at 432 kB/s)
[5bea3f00-a506-4e78-a686-8b7ba522c85e/build]   | [INFO] Downloading from central: https://repo.maven.apache.org/maven2/org/codehaus/plexus/plexus-utils/3.0/plexus-utils-3.0.jar
[5bea3f00-a506-4e78-a686-8b7ba522c85e/build]   | [INFO] Downloaded from central: https://repo.maven.apache.org/maven2/org/apache/maven/maven-error-diagnostics/2.0.9/maven-error-diagnostics-2.0.9.jar (14 kB at 98 kB/s)
[5bea3f00-a506-4e78-a686-8b7ba522c85e/build]   | [INFO] Downloading from central: https://repo.maven.apache.org/maven2/org/codehaus/plexus/plexus-compiler-api/1.9.1/plexus-compiler-api-1.9.1.jar
[5bea3f00-a506-4e78-a686-8b7ba522c85e/build]   | [INFO] Downloaded from central: https://repo.maven.apache.org/maven2/org/apache/maven/maven-monitor/2.0.9/maven-monitor-2.0.9.jar (10 kB at 71 kB/s)
[5bea3f00-a506-4e78-a686-8b7ba522c85e/build]   | [INFO] Downloading from central: https://repo.maven.apache.org/maven2/org/codehaus/plexus/plexus-compiler-manager/1.9.1/plexus-compiler-manager-1.9.1.jar
[5bea3f00-a506-4e78-a686-8b7ba522c85e/build]   | [INFO] Downloaded from central: https://repo.maven.apache.org/maven2/org/apache/maven/maven-project/2.0.9/maven-project-2.0.9.jar (122 kB at 812 kB/s)
[5bea3f00-a506-4e78-a686-8b7ba522c85e/build]   | [INFO] Downloading from central: https://repo.maven.apache.org/maven2/org/codehaus/plexus/plexus-compiler-javac/1.9.1/plexus-compiler-javac-1.9.1.jar
[5bea3f00-a506-4e78-a686-8b7ba522c85e/build]   | [INFO] Downloaded from central: https://repo.maven.apache.org/maven2/org/apache/maven/maven-toolchain/1.0/maven-toolchain-1.0.jar (33 kB at 218 kB/s)
[5bea3f00-a506-4e78-a686-8b7ba522c85e/build]   | [INFO] Downloading from central: https://repo.maven.apache.org/maven2/classworlds/classworlds/1.1-alpha-2/classworlds-1.1-alpha-2.jar
[5bea3f00-a506-4e78-a686-8b7ba522c85e/build]   | [INFO] Downloaded from central: https://repo.maven.apache.org/maven2/org/codehaus/plexus/plexus-compiler-api/1.9.1/plexus-compiler-api-1.9.1.jar (21 kB at 122 kB/s)
[5bea3f00-a506-4e78-a686-8b7ba522c85e/build]   | [INFO] Downloaded from central: https://repo.maven.apache.org/maven2/org/codehaus/plexus/plexus-compiler-javac/1.9.1/plexus-compiler-javac-1.9.1.jar (14 kB at 80 kB/s)
[5bea3f00-a506-4e78-a686-8b7ba522c85e/build]   | [INFO] Downloaded from central: https://repo.maven.apache.org/maven2/classworlds/classworlds/1.1-alpha-2/classworlds-1.1-alpha-2.jar (38 kB at 205 kB/s)
[5bea3f00-a506-4e78-a686-8b7ba522c85e/build]   | [INFO] Downloaded from central: https://repo.maven.apache.org/maven2/org/codehaus/plexus/plexus-utils/3.0/plexus-utils-3.0.jar (226 kB at 1.1 MB/s)
[5bea3f00-a506-4e78-a686-8b7ba522c85e/build]   | [INFO] Downloaded from central: https://repo.maven.apache.org/maven2/org/codehaus/plexus/plexus-compiler-manager/1.9.1/plexus-compiler-manager-1.9.1.jar (4.6 kB at 20 kB/s)
[5bea3f00-a506-4e78-a686-8b7ba522c85e/build]   | [WARNING] File encoding has not been set, using platform encoding UTF-8, i.e. build is platform dependent!
[5bea3f00-a506-4e78-a686-8b7ba522c85e/build]   | [INFO] Compiling 1 source file to /tmp/74714d8e-6ec5-4d22-91d4-dc13019faf91/target/classes
[5bea3f00-a506-4e78-a686-8b7ba522c85e/build]   | [INFO] 
[5bea3f00-a506-4e78-a686-8b7ba522c85e/build]   | [INFO] --- maven-resources-plugin:2.6:testResources (default-testResources) @ nodebox ---
[5bea3f00-a506-4e78-a686-8b7ba522c85e/build]   | [WARNING] Using platform encoding (UTF-8 actually) to copy filtered resources, i.e. build is platform dependent!
[5bea3f00-a506-4e78-a686-8b7ba522c85e/build]   | [INFO] skip non existing resourceDirectory /tmp/74714d8e-6ec5-4d22-91d4-dc13019faf91/src/test/resources
[5bea3f00-a506-4e78-a686-8b7ba522c85e/build]   | [INFO] 
[5bea3f00-a506-4e78-a686-8b7ba522c85e/build]   | [INFO] --- maven-compiler-plugin:2.5.1:testCompile (default-testCompile) @ nodebox ---
[5bea3f00-a506-4e78-a686-8b7ba522c85e/build]   | [INFO] Nothing to compile - all classes are up to date
[5bea3f00-a506-4e78-a686-8b7ba522c85e/build]   | [INFO] 
[5bea3f00-a506-4e78-a686-8b7ba522c85e/build]   | [INFO] --- maven-surefire-plugin:2.12.4:test (default-test) @ nodebox ---
[5bea3f00-a506-4e78-a686-8b7ba522c85e/build]   | [INFO] Downloading from central: https://repo.maven.apache.org/maven2/org/apache/maven/surefire/surefire-booter/2.12.4/surefire-booter-2.12.4.pom
[5bea3f00-a506-4e78-a686-8b7ba522c85e/build]   | [INFO] Downloaded from central: https://repo.maven.apache.org/maven2/org/apache/maven/surefire/surefire-booter/2.12.4/surefire-booter-2.12.4.pom (3.0 kB at 37 kB/s)
[5bea3f00-a506-4e78-a686-8b7ba522c85e/build]   | [INFO] Downloading from central: https://repo.maven.apache.org/maven2/org/apache/maven/surefire/surefire-api/2.12.4/surefire-api-2.12.4.pom
[5bea3f00-a506-4e78-a686-8b7ba522c85e/build]   | [INFO] Downloaded from central: https://repo.maven.apache.org/maven2/org/apache/maven/surefire/surefire-api/2.12.4/surefire-api-2.12.4.pom (2.5 kB at 43 kB/s)
[5bea3f00-a506-4e78-a686-8b7ba522c85e/build]   | [INFO] Downloading from central: https://repo.maven.apache.org/maven2/org/apache/maven/surefire/maven-surefire-common/2.12.4/maven-surefire-common-2.12.4.pom
[5bea3f00-a506-4e78-a686-8b7ba522c85e/build]   | [INFO] Downloaded from central: https://repo.maven.apache.org/maven2/org/apache/maven/surefire/maven-surefire-common/2.12.4/maven-surefire-common-2.12.4.pom (5.5 kB at 77 kB/s)
[5bea3f00-a506-4e78-a686-8b7ba522c85e/build]   | [INFO] Downloading from central: https://repo.maven.apache.org/maven2/org/apache/maven/plugin-tools/maven-plugin-annotations/3.1/maven-plugin-annotations-3.1.pom
[5bea3f00-a506-4e78-a686-8b7ba522c85e/build]   | [INFO] Downloaded from central: https://repo.maven.apache.org/maven2/org/apache/maven/plugin-tools/maven-plugin-annotations/3.1/maven-plugin-annotations-3.1.pom (1.6 kB at 20 kB/s)
[5bea3f00-a506-4e78-a686-8b7ba522c85e/build]   | [INFO] Downloading from central: https://repo.maven.apache.org/maven2/org/apache/maven/plugin-tools/maven-plugin-tools/3.1/maven-plugin-tools-3.1.pom
[5bea3f00-a506-4e78-a686-8b7ba522c85e/build]   | [INFO] Downloaded from central: https://repo.maven.apache.org/maven2/org/apache/maven/plugin-tools/maven-plugin-tools/3.1/maven-plugin-tools-3.1.pom (16 kB at 202 kB/s)
[5bea3f00-a506-4e78-a686-8b7ba522c85e/build]   | [INFO] Downloading from central: https://repo.maven.apache.org/maven2/org/codehaus/plexus/plexus-utils/3.0.8/plexus-utils-3.0.8.pom
[5bea3f00-a506-4e78-a686-8b7ba522c85e/build]   | [INFO] Downloaded from central: https://repo.maven.apache.org/maven2/org/codehaus/plexus/plexus-utils/3.0.8/plexus-utils-3.0.8.pom (3.1 kB at 52 kB/s)
[5bea3f00-a506-4e78-a686-8b7ba522c85e/build]   | [INFO] Downloading from central: https://repo.maven.apache.org/maven2/org/codehaus/plexus/plexus/3.2/plexus-3.2.pom
[5bea3f00-a506-4e78-a686-8b7ba522c85e/build]   | [INFO] Downloaded from central: https://repo.maven.apache.org/maven2/org/codehaus/plexus/plexus/3.2/plexus-3.2.pom (19 kB at 187 kB/s)
[5bea3f00-a506-4e78-a686-8b7ba522c85e/build]   | [INFO] Downloading from central: https://repo.maven.apache.org/maven2/org/apache/maven/reporting/maven-reporting-api/2.0.9/maven-reporting-api-2.0.9.pom
[5bea3f00-a506-4e78-a686-8b7ba522c85e/build]   | [INFO] Downloaded from central: https://repo.maven.apache.org/maven2/org/apache/maven/reporting/maven-reporting-api/2.0.9/maven-reporting-api-2.0.9.pom (1.8 kB at 30 kB/s)
[5bea3f00-a506-4e78-a686-8b7ba522c85e/build]   | [INFO] Downloading from central: https://repo.maven.apache.org/maven2/org/apache/maven/reporting/maven-reporting/2.0.9/maven-reporting-2.0.9.pom
[5bea3f00-a506-4e78-a686-8b7ba522c85e/build]   | [INFO] Downloaded from central: https://repo.maven.apache.org/maven2/org/apache/maven/reporting/maven-reporting/2.0.9/maven-reporting-2.0.9.pom (1.5 kB at 24 kB/s)
[5bea3f00-a506-4e78-a686-8b7ba522c85e/build]   | [INFO] Downloading from central: https://repo.maven.apache.org/maven2/org/apache/maven/maven-toolchain/2.0.9/maven-toolchain-2.0.9.pom
[5bea3f00-a506-4e78-a686-8b7ba522c85e/build]   | [INFO] Downloaded from central: https://repo.maven.apache.org/maven2/org/apache/maven/maven-toolchain/2.0.9/maven-toolchain-2.0.9.pom (3.5 kB at 52 kB/s)
[5bea3f00-a506-4e78-a686-8b7ba522c85e/build]   | [INFO] Downloading from central: https://repo.maven.apache.org/maven2/org/apache/commons/commons-lang3/3.1/commons-lang3-3.1.pom
[5bea3f00-a506-4e78-a686-8b7ba522c85e/build]   | [INFO] Downloaded from central: https://repo.maven.apache.org/maven2/org/apache/commons/commons-lang3/3.1/commons-lang3-3.1.pom (17 kB at 206 kB/s)
[5bea3f00-a506-4e78-a686-8b7ba522c85e/build]   | [INFO] Downloading from central: https://repo.maven.apache.org/maven2/org/apache/commons/commons-parent/22/commons-parent-22.pom
[5bea3f00-a506-4e78-a686-8b7ba522c85e/build]   | [INFO] Downloaded from central: https://repo.maven.apache.org/maven2/org/apache/commons/commons-parent/22/commons-parent-22.pom (42 kB at 338 kB/s)
[5bea3f00-a506-4e78-a686-8b7ba522c85e/build]   | [INFO] Downloading from central: https://repo.maven.apache.org/maven2/org/apache/apache/9/apache-9.pom
[5bea3f00-a506-4e78-a686-8b7ba522c85e/build]   | [INFO] Downloaded from central: https://repo.maven.apache.org/maven2/org/apache/apache/9/apache-9.pom (15 kB at 230 kB/s)
[5bea3f00-a506-4e78-a686-8b7ba522c85e/build]   | [INFO] Downloading from central: https://repo.maven.apache.org/maven2/org/apache/maven/shared/maven-common-artifact-filters/1.3/maven-common-artifact-filters-1.3.pom
[5bea3f00-a506-4e78-a686-8b7ba522c85e/build]   | [INFO] Downloaded from central: https://repo.maven.apache.org/maven2/org/apache/maven/shared/maven-common-artifact-filters/1.3/maven-common-artifact-filters-1.3.pom (3.7 kB at 65 kB/s)
[5bea3f00-a506-4e78-a686-8b7ba522c85e/build]   | [INFO] Downloading from central: https://repo.maven.apache.org/maven2/org/apache/maven/shared/maven-shared-components/12/maven-shared-components-12.pom
[5bea3f00-a506-4e78-a686-8b7ba522c85e/build]   | [INFO] Downloaded from central: https://repo.maven.apache.org/maven2/org/apache/maven/shared/maven-shared-components/12/maven-shared-components-12.pom (9.3 kB at 167 kB/s)
[5bea3f00-a506-4e78-a686-8b7ba522c85e/build]   | [INFO] Downloading from central: https://repo.maven.apache.org/maven2/org/apache/maven/maven-parent/13/maven-parent-13.pom
[5bea3f00-a506-4e78-a686-8b7ba522c85e/build]   | [INFO] Downloaded from central: https://repo.maven.apache.org/maven2/org/apache/maven/maven-parent/13/maven-parent-13.pom (23 kB at 263 kB/s)
[5bea3f00-a506-4e78-a686-8b7ba522c85e/build]   | [INFO] Downloading from central: https://repo.maven.apache.org/maven2/org/apache/apache/6/apache-6.pom
[5bea3f00-a506-4e78-a686-8b7ba522c85e/build]   | [INFO] Downloaded from central: https://repo.maven.apache.org/maven2/org/apache/apache/6/apache-6.pom (13 kB at 191 kB/s)
[5bea3f00-a506-4e78-a686-8b7ba522c85e/build]   | [INFO] Downloading from central: https://repo.maven.apache.org/maven2/org/codehaus/plexus/plexus-container-default/1.0-alpha-9/plexus-container-default-1.0-alpha-9.pom
[5bea3f00-a506-4e78-a686-8b7ba522c85e/build]   | [INFO] Downloaded from central: https://repo.maven.apache.org/maven2/org/codehaus/plexus/plexus-container-default/1.0-alpha-9/plexus-container-default-1.0-alpha-9.pom (1.2 kB at 22 kB/s)
[5bea3f00-a506-4e78-a686-8b7ba522c85e/build]   | [INFO] Downloading from central: https://repo.maven.apache.org/maven2/org/apache/maven/surefire/surefire-booter/2.12.4/surefire-booter-2.12.4.jar
[5bea3f00-a506-4e78-a686-8b7ba522c85e/build]   | [INFO] Downloading from central: https://repo.maven.apache.org/maven2/org/apache/maven/surefire/surefire-api/2.12.4/surefire-api-2.12.4.jar
[5bea3f00-a506-4e78-a686-8b7ba522c85e/build]   | [INFO] Downloading from central: https://repo.maven.apache.org/maven2/org/apache/maven/surefire/maven-surefire-common/2.12.4/maven-surefire-common-2.12.4.jar
[5bea3f00-a506-4e78-a686-8b7ba522c85e/build]   | [INFO] Downloading from central: https://repo.maven.apache.org/maven2/org/apache/maven/shared/maven-common-artifact-filters/1.3/maven-common-artifact-filters-1.3.jar
[5bea3f00-a506-4e78-a686-8b7ba522c85e/build]   | [INFO] Downloading from central: https://repo.maven.apache.org/maven2/org/apache/commons/commons-lang3/3.1/commons-lang3-3.1.jar
[5bea3f00-a506-4e78-a686-8b7ba522c85e/build]   | [INFO] Downloaded from central: https://repo.maven.apache.org/maven2/org/apache/maven/shared/maven-common-artifact-filters/1.3/maven-common-artifact-filters-1.3.jar (31 kB at 913 kB/s)
[5bea3f00-a506-4e78-a686-8b7ba522c85e/build]   | [INFO] Downloading from central: https://repo.maven.apache.org/maven2/org/codehaus/plexus/plexus-utils/3.0.8/plexus-utils-3.0.8.jar
[5bea3f00-a506-4e78-a686-8b7ba522c85e/build]   | [INFO] Downloaded from central: https://repo.maven.apache.org/maven2/org/apache/maven/surefire/surefire-api/2.12.4/surefire-api-2.12.4.jar (118 kB at 1.9 MB/s)
[5bea3f00-a506-4e78-a686-8b7ba522c85e/build]   | [INFO] Downloading from central: https://repo.maven.apache.org/maven2/org/apache/maven/reporting/maven-reporting-api/2.0.9/maven-reporting-api-2.0.9.jar
[5bea3f00-a506-4e78-a686-8b7ba522c85e/build]   | [INFO] Downloaded from central: https://repo.maven.apache.org/maven2/org/apache/commons/commons-lang3/3.1/commons-lang3-3.1.jar (316 kB at 4.1 MB/s)
[5bea3f00-a506-4e78-a686-8b7ba522c85e/build]   | [INFO] Downloading from central: https://repo.maven.apache.org/maven2/org/apache/maven/maven-toolchain/2.0.9/maven-toolchain-2.0.9.jar
[5bea3f00-a506-4e78-a686-8b7ba522c85e/build]   | [INFO] Downloaded from central: https://repo.maven.apache.org/maven2/org/apache/maven/reporting/maven-reporting-api/2.0.9/maven-reporting-api-2.0.9.jar (10 kB at 172 kB/s)
[5bea3f00-a506-4e78-a686-8b7ba522c85e/build]   | [INFO] Downloading from central: https://repo.maven.apache.org/maven2/org/apache/maven/plugin-tools/maven-plugin-annotations/3.1/maven-plugin-annotations-3.1.jar
[5bea3f00-a506-4e78-a686-8b7ba522c85e/build]   | [INFO] Downloaded from central: https://repo.maven.apache.org/maven2/org/apache/maven/surefire/surefire-booter/2.12.4/surefire-booter-2.12.4.jar (35 kB at 343 kB/s)
[5bea3f00-a506-4e78-a686-8b7ba522c85e/build]   | [INFO] Downloaded from central: https://repo.maven.apache.org/maven2/org/apache/maven/surefire/maven-surefire-common/2.12.4/maven-surefire-common-2.12.4.jar (263 kB at 2.7 MB/s)
[5bea3f00-a506-4e78-a686-8b7ba522c85e/build]   | [INFO] Downloaded from central: https://repo.maven.apache.org/maven2/org/apache/maven/maven-toolchain/2.0.9/maven-toolchain-2.0.9.jar (38 kB at 475 kB/s)
[5bea3f00-a506-4e78-a686-8b7ba522c85e/build]   | [INFO] Downloaded from central: https://repo.maven.apache.org/maven2/org/codehaus/plexus/plexus-utils/3.0.8/plexus-utils-3.0.8.jar (232 kB at 2.5 MB/s)
[5bea3f00-a506-4e78-a686-8b7ba522c85e/build]   | [INFO] Downloaded from central: https://repo.maven.apache.org/maven2/org/apache/maven/plugin-tools/maven-plugin-annotations/3.1/maven-plugin-annotations-3.1.jar (14 kB at 130 kB/s)
[5bea3f00-a506-4e78-a686-8b7ba522c85e/build]   | [INFO] Surefire report directory: /tmp/74714d8e-6ec5-4d22-91d4-dc13019faf91/target/surefire-reports
[5bea3f00-a506-4e78-a686-8b7ba522c85e/build]   | [INFO] Downloading from central: https://repo.maven.apache.org/maven2/org/apache/maven/surefire/surefire-junit4/2.12.4/surefire-junit4-2.12.4.pom
[5bea3f00-a506-4e78-a686-8b7ba522c85e/build]   | [INFO] Downloaded from central: https://repo.maven.apache.org/maven2/org/apache/maven/surefire/surefire-junit4/2.12.4/surefire-junit4-2.12.4.pom (2.4 kB at 134 kB/s)
[5bea3f00-a506-4e78-a686-8b7ba522c85e/build]   | [INFO] Downloading from central: https://repo.maven.apache.org/maven2/org/apache/maven/surefire/surefire-providers/2.12.4/surefire-providers-2.12.4.pom
[5bea3f00-a506-4e78-a686-8b7ba522c85e/build]   | [INFO] Downloaded from central: https://repo.maven.apache.org/maven2/org/apache/maven/surefire/surefire-providers/2.12.4/surefire-providers-2.12.4.pom (2.3 kB at 181 kB/s)
[5bea3f00-a506-4e78-a686-8b7ba522c85e/build]   | [INFO] Downloading from central: https://repo.maven.apache.org/maven2/org/apache/maven/surefire/surefire-junit4/2.12.4/surefire-junit4-2.12.4.jar
[5bea3f00-a506-4e78-a686-8b7ba522c85e/build]   | [INFO] Downloaded from central: https://repo.maven.apache.org/maven2/org/apache/maven/surefire/surefire-junit4/2.12.4/surefire-junit4-2.12.4.jar (37 kB at 385 kB/s)
[5bea3f00-a506-4e78-a686-8b7ba522c85e/build]   | 
[5bea3f00-a506-4e78-a686-8b7ba522c85e/build]   | -------------------------------------------------------
[5bea3f00-a506-4e78-a686-8b7ba522c85e/build]   |  T E S T S
[5bea3f00-a506-4e78-a686-8b7ba522c85e/build]   | -------------------------------------------------------
[5bea3f00-a506-4e78-a686-8b7ba522c85e/build]   | Running nodebox.ui.ImageFormatTest
[5bea3f00-a506-4e78-a686-8b7ba522c85e/build]   | Tests run: 1, Failures: 0, Errors: 0, Skipped: 0, Time elapsed: 0.002 sec
[5bea3f00-a506-4e78-a686-8b7ba522c85e/build]   | Running nodebox.function.MathFunctionsTest
[5bea3f00-a506-4e78-a686-8b7ba522c85e/build]   | Tests run: 13, Failures: 0, Errors: 0, Skipped: 0, Time elapsed: 0.185 sec
[5bea3f00-a506-4e78-a686-8b7ba522c85e/build]   | Running nodebox.function.DataFunctionsTest
[5bea3f00-a506-4e78-a686-8b7ba522c85e/build]   | Tests run: 10, Failures: 0, Errors: 0, Skipped: 0, Time elapsed: 0.008 sec
[5bea3f00-a506-4e78-a686-8b7ba522c85e/build]   | Running nodebox.function.ListFunctionsTest
[5bea3f00-a506-4e78-a686-8b7ba522c85e/build]   | Tests run: 19, Failures: 0, Errors: 0, Skipped: 0, Time elapsed: 0.041 sec
[5bea3f00-a506-4e78-a686-8b7ba522c85e/build]   | Running nodebox.function.FunctionRepositoryTest
[5bea3f00-a506-4e78-a686-8b7ba522c85e/build]   | Tests run: 1, Failures: 0, Errors: 0, Skipped: 0, Time elapsed: 0.209 sec
[5bea3f00-a506-4e78-a686-8b7ba522c85e/build]   | Running nodebox.function.FunctionLibraryTest
[5bea3f00-a506-4e78-a686-8b7ba522c85e/build]   | WARNING: An illegal reflective access operation has occurred
[5bea3f00-a506-4e78-a686-8b7ba522c85e/build]   | WARNING: Illegal reflective access by org.python.google.common.base.internal.Finalizer (file:/home/runneradmin/.m2/repository/org/python/jython/2.5.3/jython-2.5.3.jar) to field java.lang.Thread.inheritableThreadLocals
[5bea3f00-a506-4e78-a686-8b7ba522c85e/build]   | WARNING: Please consider reporting this to the maintainers of org.python.google.common.base.internal.Finalizer
[5bea3f00-a506-4e78-a686-8b7ba522c85e/build]   | WARNING: Use --illegal-access=warn to enable warnings of further illegal reflective access operations
[5bea3f00-a506-4e78-a686-8b7ba522c85e/build]   | WARNING: All illegal access operations will be denied in a future release
[5bea3f00-a506-4e78-a686-8b7ba522c85e/build]   | *sys-package-mgr*: processing new jar, '/home/runneradmin/.m2/repository/org/clojure/clojure/1.4.0/clojure-1.4.0.jar'
[5bea3f00-a506-4e78-a686-8b7ba522c85e/build]   | *sys-package-mgr*: processing new jar, '/home/runneradmin/.m2/repository/com/google/guava/guava/13.0.1/guava-13.0.1.jar'
[5bea3f00-a506-4e78-a686-8b7ba522c85e/build]   | *sys-package-mgr*: processing new jar, '/home/runneradmin/.m2/repository/com/itextpdf/itextpdf/5.3.2/itextpdf-5.3.2.jar'
[5bea3f00-a506-4e78-a686-8b7ba522c85e/build]   | *sys-package-mgr*: processing new jar, '/home/runneradmin/.m2/repository/net/java/dev/jna/jna/3.4.0/jna-3.4.0.jar'
[5bea3f00-a506-4e78-a686-8b7ba522c85e/build]   | *sys-package-mgr*: processing new jar, '/home/runneradmin/.m2/repository/junit/junit/4.10/junit-4.10.jar'
[5bea3f00-a506-4e78-a686-8b7ba522c85e/build]   | *sys-package-mgr*: processing new jar, '/home/runneradmin/.m2/repository/org/hamcrest/hamcrest-core/1.1/hamcrest-core-1.1.jar'
[5bea3f00-a506-4e78-a686-8b7ba522c85e/build]   | *sys-package-mgr*: processing new jar, '/home/runneradmin/.m2/repository/org/python/jython/2.5.3/jython-2.5.3.jar'
[5bea3f00-a506-4e78-a686-8b7ba522c85e/build]   | *sys-package-mgr*: processing new jar, '/home/runneradmin/.m2/repository/net/sf/opencsv/opencsv/2.3/opencsv-2.3.jar'
[5bea3f00-a506-4e78-a686-8b7ba522c85e/build]   | *sys-package-mgr*: processing new jar, '/home/runneradmin/.m2/repository/org/piccolo2d/piccolo2d-core/1.3.1/piccolo2d-core-1.3.1.jar'
[5bea3f00-a506-4e78-a686-8b7ba522c85e/build]   | *sys-package-mgr*: processing new jar, '/home/runneradmin/.m2/repository/xom/xom/1.2.5/xom-1.2.5.jar'
[5bea3f00-a506-4e78-a686-8b7ba522c85e/build]   | *sys-package-mgr*: processing new jar, '/home/runneradmin/.m2/repository/xml-apis/xml-apis/1.3.03/xml-apis-1.3.03.jar'
[5bea3f00-a506-4e78-a686-8b7ba522c85e/build]   | *sys-package-mgr*: processing new jar, '/home/runneradmin/.m2/repository/xerces/xercesImpl/2.8.0/xercesImpl-2.8.0.jar'
[5bea3f00-a506-4e78-a686-8b7ba522c85e/build]   | *sys-package-mgr*: processing new jar, '/home/runneradmin/.m2/repository/xalan/xalan/2.7.0/xalan-2.7.0.jar'
[5bea3f00-a506-4e78-a686-8b7ba522c85e/build]   | Tests run: 4, Failures: 0, Errors: 0, Skipped: 0, Time elapsed: 4.522 sec
[5bea3f00-a506-4e78-a686-8b7ba522c85e/build]   | Running nodebox.function.PythonLibraryTest
[5bea3f00-a506-4e78-a686-8b7ba522c85e/build]   | Tests run: 6, Failures: 0, Errors: 0, Skipped: 0, Time elapsed: 0.136 sec
[5bea3f00-a506-4e78-a686-8b7ba522c85e/build]   | Running nodebox.function.StringFunctionsTest
[5bea3f00-a506-4e78-a686-8b7ba522c85e/build]   | Tests run: 4, Failures: 0, Errors: 0, Skipped: 0, Time elapsed: 0.005 sec
[5bea3f00-a506-4e78-a686-8b7ba522c85e/build]   | Running nodebox.function.ClojureLibraryTest
[5bea3f00-a506-4e78-a686-8b7ba522c85e/build]   | Tests run: 3, Failures: 0, Errors: 0, Skipped: 0, Time elapsed: 0.157 sec
[5bea3f00-a506-4e78-a686-8b7ba522c85e/build]   | Running nodebox.versioncheck.UpdaterTest
[5bea3f00-a506-4e78-a686-8b7ba522c85e/build]   | Jul 12, 2023 2:44:30 AM java.util.prefs.FileSystemPreferences$1 run
[5bea3f00-a506-4e78-a686-8b7ba522c85e/build]   | INFO: Created user preferences directory.
[5bea3f00-a506-4e78-a686-8b7ba522c85e/build]   | Tests run: 4, Failures: 0, Errors: 0, Skipped: 0, Time elapsed: 0.451 sec
[5bea3f00-a506-4e78-a686-8b7ba522c85e/build]   | Running nodebox.versioncheck.VersionTest
[5bea3f00-a506-4e78-a686-8b7ba522c85e/build]   | Tests run: 1, Failures: 0, Errors: 0, Skipped: 0, Time elapsed: 0 sec
[5bea3f00-a506-4e78-a686-8b7ba522c85e/build]   | Running nodebox.node.NodeLibraryTest
[5bea3f00-a506-4e78-a686-8b7ba522c85e/build]   | Tests run: 28, Failures: 0, Errors: 0, Skipped: 0, Time elapsed: 0.37 sec
[5bea3f00-a506-4e78-a686-8b7ba522c85e/build]   | Running nodebox.node.ConnectionTest
[5bea3f00-a506-4e78-a686-8b7ba522c85e/build]   | Tests run: 3, Failures: 0, Errors: 0, Skipped: 0, Time elapsed: 0.001 sec
[5bea3f00-a506-4e78-a686-8b7ba522c85e/build]   | Running nodebox.node.polygraph.PolygonTest
[5bea3f00-a506-4e78-a686-8b7ba522c85e/build]   | Tests run: 2, Failures: 0, Errors: 0, Skipped: 0, Time elapsed: 0 sec
[5bea3f00-a506-4e78-a686-8b7ba522c85e/build]   | Running nodebox.node.NodeTest
[5bea3f00-a506-4e78-a686-8b7ba522c85e/build]   | Tests run: 9, Failures: 0, Errors: 0, Skipped: 0, Time elapsed: 0.005 sec
[5bea3f00-a506-4e78-a686-8b7ba522c85e/build]   | Running nodebox.node.PublishedPortTest
[5bea3f00-a506-4e78-a686-8b7ba522c85e/build]   | Tests run: 7, Failures: 0, Errors: 0, Skipped: 0, Time elapsed: 0 sec
[5bea3f00-a506-4e78-a686-8b7ba522c85e/build]   | Running nodebox.node.NodeContextTest
[5bea3f00-a506-4e78-a686-8b7ba522c85e/build]   | Tests run: 30, Failures: 0, Errors: 0, Skipped: 0, Time elapsed: 0.028 sec
[5bea3f00-a506-4e78-a686-8b7ba522c85e/build]   | Running nodebox.node.PortTest
[5bea3f00-a506-4e78-a686-8b7ba522c85e/build]   | Tests run: 12, Failures: 0, Errors: 0, Skipped: 0, Time elapsed: 0.004 sec
[5bea3f00-a506-4e78-a686-8b7ba522c85e/build]   | Running nodebox.node.VersionTest
[5bea3f00-a506-4e78-a686-8b7ba522c85e/build]   | Tests run: 2, Failures: 0, Errors: 0, Skipped: 0, Time elapsed: 0 sec
[5bea3f00-a506-4e78-a686-8b7ba522c85e/build]   | Running nodebox.node.NodeLibraryControllerTest
[5bea3f00-a506-4e78-a686-8b7ba522c85e/build]   | Tests run: 30, Failures: 0, Errors: 0, Skipped: 0, Time elapsed: 0.033 sec
[5bea3f00-a506-4e78-a686-8b7ba522c85e/build]   | Running nodebox.graphics.GraphicsContextTest
[5bea3f00-a506-4e78-a686-8b7ba522c85e/build]   | Tests run: 3, Failures: 0, Errors: 0, Skipped: 0, Time elapsed: 0.455 sec
[5bea3f00-a506-4e78-a686-8b7ba522c85e/build]   | Running nodebox.graphics.CanvasTest
[5bea3f00-a506-4e78-a686-8b7ba522c85e/build]   | Tests run: 1, Failures: 0, Errors: 0, Skipped: 0, Time elapsed: 0 sec
[5bea3f00-a506-4e78-a686-8b7ba522c85e/build]   | Running nodebox.graphics.GraphicsTestCase
[5bea3f00-a506-4e78-a686-8b7ba522c85e/build]   | Tests run: 1, Failures: 0, Errors: 0, Skipped: 0, Time elapsed: 0 sec
[5bea3f00-a506-4e78-a686-8b7ba522c85e/build]   | Running nodebox.graphics.ContourTest
[5bea3f00-a506-4e78-a686-8b7ba522c85e/build]   | Tests run: 11, Failures: 0, Errors: 0, Skipped: 0, Time elapsed: 0 sec
[5bea3f00-a506-4e78-a686-8b7ba522c85e/build]   | Running nodebox.graphics.GrobTest
[5bea3f00-a506-4e78-a686-8b7ba522c85e/build]   | Tests run: 1, Failures: 0, Errors: 0, Skipped: 0, Time elapsed: 0.001 sec
[5bea3f00-a506-4e78-a686-8b7ba522c85e/build]   | Running nodebox.graphics.TransformTest
[5bea3f00-a506-4e78-a686-8b7ba522c85e/build]   | Tests run: 2, Failures: 0, Errors: 0, Skipped: 0, Time elapsed: 0 sec
[5bea3f00-a506-4e78-a686-8b7ba522c85e/build]   | Running nodebox.graphics.PointTest
[5bea3f00-a506-4e78-a686-8b7ba522c85e/build]   | Tests run: 1, Failures: 0, Errors: 0, Skipped: 0, Time elapsed: 0 sec
[5bea3f00-a506-4e78-a686-8b7ba522c85e/build]   | Running nodebox.graphics.ColorTest
[5bea3f00-a506-4e78-a686-8b7ba522c85e/build]   | Tests run: 1, Failures: 0, Errors: 0, Skipped: 0, Time elapsed: 0 sec
[5bea3f00-a506-4e78-a686-8b7ba522c85e/build]   | Running nodebox.graphics.PathTest
[5bea3f00-a506-4e78-a686-8b7ba522c85e/build]   | Tests run: 6, Failures: 0, Errors: 0, Skipped: 0, Time elapsed: 0 sec
[5bea3f00-a506-4e78-a686-8b7ba522c85e/build]   | Running nodebox.graphics.GeometryTest
[5bea3f00-a506-4e78-a686-8b7ba522c85e/build]   | Tests run: 11, Failures: 0, Errors: 0, Skipped: 0, Time elapsed: 0.001 sec
[5bea3f00-a506-4e78-a686-8b7ba522c85e/build]   | Running nodebox.graphics.RectTest
[5bea3f00-a506-4e78-a686-8b7ba522c85e/build]   | Tests run: 4, Failures: 0, Errors: 0, Skipped: 0, Time elapsed: 0 sec
[5bea3f00-a506-4e78-a686-8b7ba522c85e/build]   | Running nodebox.localhistory.RepositoryTest
[5bea3f00-a506-4e78-a686-8b7ba522c85e/build]   | Tests run: 3, Failures: 0, Errors: 0, Skipped: 0, Time elapsed: 0.001 sec
[5bea3f00-a506-4e78-a686-8b7ba522c85e/build]   | Running nodebox.util.WavesTest
[5bea3f00-a506-4e78-a686-8b7ba522c85e/build]   | Tests run: 2, Failures: 0, Errors: 0, Skipped: 0, Time elapsed: 0 sec
[5bea3f00-a506-4e78-a686-8b7ba522c85e/build]   | Running nodebox.util.FileUtilTest
[5bea3f00-a506-4e78-a686-8b7ba522c85e/build]   | Tests run: 4, Failures: 0, Errors: 0, Skipped: 0, Time elapsed: 0 sec
[5bea3f00-a506-4e78-a686-8b7ba522c85e/build]   | Running nodebox.util.ListUtilsTest
[5bea3f00-a506-4e78-a686-8b7ba522c85e/build]   | Tests run: 1, Failures: 0, Errors: 0, Skipped: 0, Time elapsed: 0 sec
[5bea3f00-a506-4e78-a686-8b7ba522c85e/build]   | 
[5bea3f00-a506-4e78-a686-8b7ba522c85e/build]   | Results :
[5bea3f00-a506-4e78-a686-8b7ba522c85e/build]   | 
[5bea3f00-a506-4e78-a686-8b7ba522c85e/build]   | Tests run: 241, Failures: 0, Errors: 0, Skipped: 0
[5bea3f00-a506-4e78-a686-8b7ba522c85e/build]   | 
[5bea3f00-a506-4e78-a686-8b7ba522c85e/build]   | [INFO] 
[5bea3f00-a506-4e78-a686-8b7ba522c85e/build]   | [INFO] --- maven-jar-plugin:2.4:jar (default-jar) @ nodebox ---
[5bea3f00-a506-4e78-a686-8b7ba522c85e/build]   | [INFO] Downloading from central: https://repo.maven.apache.org/maven2/org/apache/maven/maven-archiver/2.5/maven-archiver-2.5.pom
[5bea3f00-a506-4e78-a686-8b7ba522c85e/build]   | [INFO] Downloaded from central: https://repo.maven.apache.org/maven2/org/apache/maven/maven-archiver/2.5/maven-archiver-2.5.pom (4.5 kB at 267 kB/s)
[5bea3f00-a506-4e78-a686-8b7ba522c85e/build]   | [INFO] Downloading from central: https://repo.maven.apache.org/maven2/org/codehaus/plexus/plexus-archiver/2.1/plexus-archiver-2.1.pom
[5bea3f00-a506-4e78-a686-8b7ba522c85e/build]   | [INFO] Downloaded from central: https://repo.maven.apache.org/maven2/org/codehaus/plexus/plexus-archiver/2.1/plexus-archiver-2.1.pom (2.8 kB at 165 kB/s)
[5bea3f00-a506-4e78-a686-8b7ba522c85e/build]   | [INFO] Downloading from central: https://repo.maven.apache.org/maven2/org/codehaus/plexus/plexus-io/2.0.2/plexus-io-2.0.2.pom
[5bea3f00-a506-4e78-a686-8b7ba522c85e/build]   | [INFO] Downloaded from central: https://repo.maven.apache.org/maven2/org/codehaus/plexus/plexus-io/2.0.2/plexus-io-2.0.2.pom (1.7 kB at 217 kB/s)
[5bea3f00-a506-4e78-a686-8b7ba522c85e/build]   | [INFO] Downloading from central: https://repo.maven.apache.org/maven2/org/codehaus/plexus/plexus-components/1.1.19/plexus-components-1.1.19.pom
[5bea3f00-a506-4e78-a686-8b7ba522c85e/build]   | [INFO] Downloaded from central: https://repo.maven.apache.org/maven2/org/codehaus/plexus/plexus-components/1.1.19/plexus-components-1.1.19.pom (2.7 kB at 337 kB/s)
[5bea3f00-a506-4e78-a686-8b7ba522c85e/build]   | [INFO] Downloading from central: https://repo.maven.apache.org/maven2/org/codehaus/plexus/plexus/3.0.1/plexus-3.0.1.pom
[5bea3f00-a506-4e78-a686-8b7ba522c85e/build]   | [INFO] Downloaded from central: https://repo.maven.apache.org/maven2/org/codehaus/plexus/plexus/3.0.1/plexus-3.0.1.pom (19 kB at 1.4 MB/s)
[5bea3f00-a506-4e78-a686-8b7ba522c85e/build]   | [INFO] Downloading from central: https://repo.maven.apache.org/maven2/org/codehaus/plexus/plexus-interpolation/1.15/plexus-interpolation-1.15.pom
[5bea3f00-a506-4e78-a686-8b7ba522c85e/build]   | [INFO] Downloaded from central: https://repo.maven.apache.org/maven2/org/codehaus/plexus/plexus-interpolation/1.15/plexus-interpolation-1.15.pom (1.0 kB at 145 kB/s)
[5bea3f00-a506-4e78-a686-8b7ba522c85e/build]   | [INFO] Downloading from central: https://repo.maven.apache.org/maven2/commons-lang/commons-lang/2.1/commons-lang-2.1.pom
[5bea3f00-a506-4e78-a686-8b7ba522c85e/build]   | [INFO] Downloaded from central: https://repo.maven.apache.org/maven2/commons-lang/commons-lang/2.1/commons-lang-2.1.pom (9.9 kB at 620 kB/s)
[5bea3f00-a506-4e78-a686-8b7ba522c85e/build]   | [INFO] Downloading from central: https://repo.maven.apache.org/maven2/org/apache/maven/maven-archiver/2.5/maven-archiver-2.5.jar
[5bea3f00-a506-4e78-a686-8b7ba522c85e/build]   | [INFO] Downloading from central: https://repo.maven.apache.org/maven2/org/codehaus/plexus/plexus-interpolation/1.15/plexus-interpolation-1.15.jar
[5bea3f00-a506-4e78-a686-8b7ba522c85e/build]   | [INFO] Downloading from central: https://repo.maven.apache.org/maven2/org/codehaus/plexus/plexus-archiver/2.1/plexus-archiver-2.1.jar
[5bea3f00-a506-4e78-a686-8b7ba522c85e/build]   | [INFO] Downloading from central: https://repo.maven.apache.org/maven2/org/codehaus/plexus/plexus-io/2.0.2/plexus-io-2.0.2.jar
[5bea3f00-a506-4e78-a686-8b7ba522c85e/build]   | [INFO] Downloading from central: https://repo.maven.apache.org/maven2/commons-lang/commons-lang/2.1/commons-lang-2.1.jar
[5bea3f00-a506-4e78-a686-8b7ba522c85e/build]   | [INFO] Downloaded from central: https://repo.maven.apache.org/maven2/org/apache/maven/maven-archiver/2.5/maven-archiver-2.5.jar (22 kB at 1.0 MB/s)
[5bea3f00-a506-4e78-a686-8b7ba522c85e/build]   | [INFO] Downloaded from central: https://repo.maven.apache.org/maven2/org/codehaus/plexus/plexus-io/2.0.2/plexus-io-2.0.2.jar (58 kB at 1.9 MB/s)
[5bea3f00-a506-4e78-a686-8b7ba522c85e/build]   | [INFO] Downloaded from central: https://repo.maven.apache.org/maven2/commons-lang/commons-lang/2.1/commons-lang-2.1.jar (208 kB at 7.2 MB/s)
[5bea3f00-a506-4e78-a686-8b7ba522c85e/build]   | [INFO] Downloaded from central: https://repo.maven.apache.org/maven2/org/codehaus/plexus/plexus-archiver/2.1/plexus-archiver-2.1.jar (184 kB at 5.4 MB/s)
[5bea3f00-a506-4e78-a686-8b7ba522c85e/build]   | [INFO] Downloaded from central: https://repo.maven.apache.org/maven2/org/codehaus/plexus/plexus-interpolation/1.15/plexus-interpolation-1.15.jar (60 kB at 517 kB/s)
[5bea3f00-a506-4e78-a686-8b7ba522c85e/build]   | [INFO] Building jar: /tmp/74714d8e-6ec5-4d22-91d4-dc13019faf91/target/nodebox-3.0-SNAPSHOT.jar
[5bea3f00-a506-4e78-a686-8b7ba522c85e/build]   | [INFO] ------------------------------------------------------------------------
[5bea3f00-a506-4e78-a686-8b7ba522c85e/build]   | [INFO] BUILD SUCCESS
[5bea3f00-a506-4e78-a686-8b7ba522c85e/build]   | [INFO] ------------------------------------------------------------------------
[5bea3f00-a506-4e78-a686-8b7ba522c85e/build]   | [INFO] Total time:  01:19 min
[5bea3f00-a506-4e78-a686-8b7ba522c85e/build]   | [INFO] Finished at: 2023-07-12T02:44:33Z
[5bea3f00-a506-4e78-a686-8b7ba522c85e/build]   | [INFO] ------------------------------------------------------------------------
[5bea3f00-a506-4e78-a686-8b7ba522c85e/build]   ‚úÖ  Success - Main Build with Maven
[5bea3f00-a506-4e78-a686-8b7ba522c85e/build] unable to get git ref: failed to identify reference (tag/branch) for the checked-out revision '51dd354d4488b05c713a54ab35935f9306f36a6b'
[5bea3f00-a506-4e78-a686-8b7ba522c85e/build] unable to get git ref: failed to identify reference (tag/branch) for the checked-out revision '51dd354d4488b05c713a54ab35935f9306f36a6b'
[5bea3f00-a506-4e78-a686-8b7ba522c85e/build] unable to get git ref: failed to identify reference (tag/branch) for the checked-out revision '51dd354d4488b05c713a54ab35935f9306f36a6b'
[5bea3f00-a506-4e78-a686-8b7ba522c85e/build] unable to get git ref: failed to identify reference (tag/branch) for the checked-out revision '51dd354d4488b05c713a54ab35935f9306f36a6b'
[5bea3f00-a506-4e78-a686-8b7ba522c85e/build] unable to get git ref: failed to identify reference (tag/branch) for the checked-out revision '51dd354d4488b05c713a54ab35935f9306f36a6b'
[5bea3f00-a506-4e78-a686-8b7ba522c85e/build] ‚≠ê Run Post Set up JDK 11
[5bea3f00-a506-4e78-a686-8b7ba522c85e/build]   üê≥  docker exec cmd=[node /var/run/act/actions/actions-setup-java@v1/dist/cleanup/index.js] user= workdir=
[5bea3f00-a506-4e78-a686-8b7ba522c85e/build]   ‚úÖ  Success - Post Set up JDK 11
[5bea3f00-a506-4e78-a686-8b7ba522c85e/build] üèÅ  Job succeeded
[5bea3f00-a506-4e78-a686-8b7ba522c85e/build] unable to get git ref: failed to identify reference (tag/branch) for the checked-out revision '51dd354d4488b05c713a54ab35935f9306f36a6b'
