[e1432841-85e9-43ff-aaec-fb3fe22331fa/build] üöÄ  Start image=gitbugactions:latest
[e1432841-85e9-43ff-aaec-fb3fe22331fa/build]   üê≥  docker pull image=gitbugactions:latest platform= username= forcePull=false
[e1432841-85e9-43ff-aaec-fb3fe22331fa/build]   üê≥  docker create image=gitbugactions:latest platform= entrypoint=["tail" "-f" "/dev/null"] cmd=[]
[e1432841-85e9-43ff-aaec-fb3fe22331fa/build]   üê≥  docker run image=gitbugactions:latest platform= entrypoint=["tail" "-f" "/dev/null"] cmd=[]
[e1432841-85e9-43ff-aaec-fb3fe22331fa/build]   üê≥  docker exec cmd=[chown -R 1012:1013 /tmp/edbb904f-deac-4494-ba55-bf0baa0a075a] user=0 workdir=
[e1432841-85e9-43ff-aaec-fb3fe22331fa/build] unable to get git ref: failed to identify reference (tag/branch) for the checked-out revision '62dffb16a1a899cbb1182dec18413e0e523b2740'
[e1432841-85e9-43ff-aaec-fb3fe22331fa/build] unable to get git ref: failed to identify reference (tag/branch) for the checked-out revision '62dffb16a1a899cbb1182dec18413e0e523b2740'
[e1432841-85e9-43ff-aaec-fb3fe22331fa/build] unable to get git ref: failed to identify reference (tag/branch) for the checked-out revision '62dffb16a1a899cbb1182dec18413e0e523b2740'
[e1432841-85e9-43ff-aaec-fb3fe22331fa/build] unable to get git ref: failed to identify reference (tag/branch) for the checked-out revision '62dffb16a1a899cbb1182dec18413e0e523b2740'
[e1432841-85e9-43ff-aaec-fb3fe22331fa/build] unable to get git ref: failed to identify reference (tag/branch) for the checked-out revision '62dffb16a1a899cbb1182dec18413e0e523b2740'
[e1432841-85e9-43ff-aaec-fb3fe22331fa/build] unable to get git ref: failed to identify reference (tag/branch) for the checked-out revision '62dffb16a1a899cbb1182dec18413e0e523b2740'
[e1432841-85e9-43ff-aaec-fb3fe22331fa/build] unable to get git ref: failed to identify reference (tag/branch) for the checked-out revision '62dffb16a1a899cbb1182dec18413e0e523b2740'
[e1432841-85e9-43ff-aaec-fb3fe22331fa/build] unable to get git ref: failed to identify reference (tag/branch) for the checked-out revision '62dffb16a1a899cbb1182dec18413e0e523b2740'
[e1432841-85e9-43ff-aaec-fb3fe22331fa/build] unable to get git ref: failed to identify reference (tag/branch) for the checked-out revision '62dffb16a1a899cbb1182dec18413e0e523b2740'
[e1432841-85e9-43ff-aaec-fb3fe22331fa/build] ‚≠ê Run Main actions/checkout@v2
[e1432841-85e9-43ff-aaec-fb3fe22331fa/build] unable to get git ref: failed to identify reference (tag/branch) for the checked-out revision '62dffb16a1a899cbb1182dec18413e0e523b2740'
[e1432841-85e9-43ff-aaec-fb3fe22331fa/build] unable to get git ref: failed to identify reference (tag/branch) for the checked-out revision '62dffb16a1a899cbb1182dec18413e0e523b2740'
[e1432841-85e9-43ff-aaec-fb3fe22331fa/build]   üê≥  docker cp src=/tmp/edbb904f-deac-4494-ba55-bf0baa0a075a/. dst=/tmp/edbb904f-deac-4494-ba55-bf0baa0a075a
[e1432841-85e9-43ff-aaec-fb3fe22331fa/build]   üê≥  docker exec cmd=[chown -R 1012:1013 /tmp/edbb904f-deac-4494-ba55-bf0baa0a075a] user=0 workdir=
[e1432841-85e9-43ff-aaec-fb3fe22331fa/build]   ‚úÖ  Success - Main actions/checkout@v2
[e1432841-85e9-43ff-aaec-fb3fe22331fa/build] unable to get git ref: failed to identify reference (tag/branch) for the checked-out revision '62dffb16a1a899cbb1182dec18413e0e523b2740'
[e1432841-85e9-43ff-aaec-fb3fe22331fa/build] unable to get git ref: failed to identify reference (tag/branch) for the checked-out revision '62dffb16a1a899cbb1182dec18413e0e523b2740'
[e1432841-85e9-43ff-aaec-fb3fe22331fa/build] unable to get git ref: failed to identify reference (tag/branch) for the checked-out revision '62dffb16a1a899cbb1182dec18413e0e523b2740'
[e1432841-85e9-43ff-aaec-fb3fe22331fa/build] unable to get git ref: failed to identify reference (tag/branch) for the checked-out revision '62dffb16a1a899cbb1182dec18413e0e523b2740'
[e1432841-85e9-43ff-aaec-fb3fe22331fa/build] unable to get git ref: failed to identify reference (tag/branch) for the checked-out revision '62dffb16a1a899cbb1182dec18413e0e523b2740'
[e1432841-85e9-43ff-aaec-fb3fe22331fa/build] ‚≠ê Run Main Set up JDK 11
[e1432841-85e9-43ff-aaec-fb3fe22331fa/build] unable to get git ref: failed to identify reference (tag/branch) for the checked-out revision '62dffb16a1a899cbb1182dec18413e0e523b2740'
[e1432841-85e9-43ff-aaec-fb3fe22331fa/build] unable to get git ref: failed to identify reference (tag/branch) for the checked-out revision '62dffb16a1a899cbb1182dec18413e0e523b2740'
[e1432841-85e9-43ff-aaec-fb3fe22331fa/build] unable to get git ref: failed to identify reference (tag/branch) for the checked-out revision '62dffb16a1a899cbb1182dec18413e0e523b2740'
[e1432841-85e9-43ff-aaec-fb3fe22331fa/build]   üê≥  docker cp src=/tmp/act-cache/fbf6d1dd-6b80-4626-9633-dac92bd57da5/act/actions-setup-java@v2/ dst=/var/run/act/actions/actions-setup-java@v2/
[e1432841-85e9-43ff-aaec-fb3fe22331fa/build]   üê≥  docker exec cmd=[chown -R 1012:1013 /var/run/act/actions/actions-setup-java@v2/] user=0 workdir=
[e1432841-85e9-43ff-aaec-fb3fe22331fa/build]   üê≥  docker exec cmd=[node /var/run/act/actions/actions-setup-java@v2/dist/setup/index.js] user= workdir=
[e1432841-85e9-43ff-aaec-fb3fe22331fa/build]   üí¨  ::debug::isExplicit: 11.0.20-1
[e1432841-85e9-43ff-aaec-fb3fe22331fa/build]   üí¨  ::debug::explicit? true
[e1432841-85e9-43ff-aaec-fb3fe22331fa/build]   üí¨  ::debug::isExplicit: 17.0.8-1
[e1432841-85e9-43ff-aaec-fb3fe22331fa/build]   üí¨  ::debug::explicit? true
[e1432841-85e9-43ff-aaec-fb3fe22331fa/build]   üí¨  ::debug::isExplicit: 21.0.0-35
[e1432841-85e9-43ff-aaec-fb3fe22331fa/build]   üí¨  ::debug::explicit? true
[e1432841-85e9-43ff-aaec-fb3fe22331fa/build]   üí¨  ::debug::isExplicit: 8.0.382-5
[e1432841-85e9-43ff-aaec-fb3fe22331fa/build]   üí¨  ::debug::explicit? true
[e1432841-85e9-43ff-aaec-fb3fe22331fa/build]   | Resolved Java 11.0.20+1 from tool-cache
[e1432841-85e9-43ff-aaec-fb3fe22331fa/build]   | Setting Java 11.0.20+1 as the default
[e1432841-85e9-43ff-aaec-fb3fe22331fa/build]   | 
[e1432841-85e9-43ff-aaec-fb3fe22331fa/build]   | Java configuration:
[e1432841-85e9-43ff-aaec-fb3fe22331fa/build]   |   Distribution: temurin
[e1432841-85e9-43ff-aaec-fb3fe22331fa/build]   |   Version: 11.0.20+1
[e1432841-85e9-43ff-aaec-fb3fe22331fa/build]   |   Path: /opt/hostedtoolcache/Java_Temurin-Hotspot_jdk/11.0.20-1/x64
[e1432841-85e9-43ff-aaec-fb3fe22331fa/build]   | 
[e1432841-85e9-43ff-aaec-fb3fe22331fa/build]   ‚ùì add-matcher /run/act/actions/actions-setup-java@v2/.github/java.json
[e1432841-85e9-43ff-aaec-fb3fe22331fa/build]   | Creating settings.xml with server-id: github
[e1432841-85e9-43ff-aaec-fb3fe22331fa/build]   | Writing to /home/runner/.m2/settings.xml
[e1432841-85e9-43ff-aaec-fb3fe22331fa/build]   ‚úÖ  Success - Main Set up JDK 11
[e1432841-85e9-43ff-aaec-fb3fe22331fa/build]   ‚öô  ::set-env:: JAVA_HOME=/opt/hostedtoolcache/Java_Temurin-Hotspot_jdk/11.0.20-1/x64
[e1432841-85e9-43ff-aaec-fb3fe22331fa/build]   ‚öô  ::set-output:: distribution=Temurin-Hotspot
[e1432841-85e9-43ff-aaec-fb3fe22331fa/build]   ‚öô  ::set-output:: path=/opt/hostedtoolcache/Java_Temurin-Hotspot_jdk/11.0.20-1/x64
[e1432841-85e9-43ff-aaec-fb3fe22331fa/build]   ‚öô  ::set-output:: version=11.0.20+1
[e1432841-85e9-43ff-aaec-fb3fe22331fa/build]   ‚öô  ::add-path:: /opt/hostedtoolcache/Java_Temurin-Hotspot_jdk/11.0.20-1/x64/bin
[e1432841-85e9-43ff-aaec-fb3fe22331fa/build] unable to get git ref: failed to identify reference (tag/branch) for the checked-out revision '62dffb16a1a899cbb1182dec18413e0e523b2740'
[e1432841-85e9-43ff-aaec-fb3fe22331fa/build] unable to get git ref: failed to identify reference (tag/branch) for the checked-out revision '62dffb16a1a899cbb1182dec18413e0e523b2740'
[e1432841-85e9-43ff-aaec-fb3fe22331fa/build] unable to get git ref: failed to identify reference (tag/branch) for the checked-out revision '62dffb16a1a899cbb1182dec18413e0e523b2740'
[e1432841-85e9-43ff-aaec-fb3fe22331fa/build] unable to get git ref: failed to identify reference (tag/branch) for the checked-out revision '62dffb16a1a899cbb1182dec18413e0e523b2740'
[e1432841-85e9-43ff-aaec-fb3fe22331fa/build] unable to get git ref: failed to identify reference (tag/branch) for the checked-out revision '62dffb16a1a899cbb1182dec18413e0e523b2740'
[e1432841-85e9-43ff-aaec-fb3fe22331fa/build] ‚≠ê Run Main Build with Maven
[e1432841-85e9-43ff-aaec-fb3fe22331fa/build] unable to get git ref: failed to identify reference (tag/branch) for the checked-out revision '62dffb16a1a899cbb1182dec18413e0e523b2740'
[e1432841-85e9-43ff-aaec-fb3fe22331fa/build] unable to get git ref: failed to identify reference (tag/branch) for the checked-out revision '62dffb16a1a899cbb1182dec18413e0e523b2740'
[e1432841-85e9-43ff-aaec-fb3fe22331fa/build] unable to get git ref: failed to identify reference (tag/branch) for the checked-out revision '62dffb16a1a899cbb1182dec18413e0e523b2740'
[e1432841-85e9-43ff-aaec-fb3fe22331fa/build] unable to get git ref: failed to identify reference (tag/branch) for the checked-out revision '62dffb16a1a899cbb1182dec18413e0e523b2740'
[e1432841-85e9-43ff-aaec-fb3fe22331fa/build]   üê≥  docker exec cmd=[bash --noprofile --norc -e -o pipefail /var/run/act/workflow/2] user= workdir=
[e1432841-85e9-43ff-aaec-fb3fe22331fa/build]   | [INFO] Scanning for projects...
[e1432841-85e9-43ff-aaec-fb3fe22331fa/build]   | [INFO] 
[e1432841-85e9-43ff-aaec-fb3fe22331fa/build]   | [INFO] -----------------------< org.netpreserve:jwarc >------------------------
[e1432841-85e9-43ff-aaec-fb3fe22331fa/build]   | [INFO] Building jwarc 0.27.0
[e1432841-85e9-43ff-aaec-fb3fe22331fa/build]   | [INFO]   from pom.xml
[e1432841-85e9-43ff-aaec-fb3fe22331fa/build]   | [INFO] --------------------------------[ jar ]---------------------------------
[e1432841-85e9-43ff-aaec-fb3fe22331fa/build]   | [INFO] Downloading from central: https://repo.maven.apache.org/maven2/org/apache/maven/plugins/maven-resources-plugin/2.6/maven-resources-plugin-2.6.pom
[e1432841-85e9-43ff-aaec-fb3fe22331fa/build]   | [INFO] Downloaded from central: https://repo.maven.apache.org/maven2/org/apache/maven/plugins/maven-resources-plugin/2.6/maven-resources-plugin-2.6.pom (8.1 kB at 24 kB/s)
[e1432841-85e9-43ff-aaec-fb3fe22331fa/build]   | [INFO] Downloading from central: https://repo.maven.apache.org/maven2/org/apache/maven/plugins/maven-plugins/23/maven-plugins-23.pom
[e1432841-85e9-43ff-aaec-fb3fe22331fa/build]   | [INFO] Downloaded from central: https://repo.maven.apache.org/maven2/org/apache/maven/plugins/maven-plugins/23/maven-plugins-23.pom (9.2 kB at 174 kB/s)
[e1432841-85e9-43ff-aaec-fb3fe22331fa/build]   | [INFO] Downloading from central: https://repo.maven.apache.org/maven2/org/apache/maven/maven-parent/22/maven-parent-22.pom
[e1432841-85e9-43ff-aaec-fb3fe22331fa/build]   | [INFO] Downloaded from central: https://repo.maven.apache.org/maven2/org/apache/maven/maven-parent/22/maven-parent-22.pom (30 kB at 583 kB/s)
[e1432841-85e9-43ff-aaec-fb3fe22331fa/build]   | [INFO] Downloading from central: https://repo.maven.apache.org/maven2/org/apache/apache/11/apache-11.pom
[e1432841-85e9-43ff-aaec-fb3fe22331fa/build]   | [INFO] Downloaded from central: https://repo.maven.apache.org/maven2/org/apache/apache/11/apache-11.pom (15 kB at 436 kB/s)
[e1432841-85e9-43ff-aaec-fb3fe22331fa/build]   | [INFO] Downloading from central: https://repo.maven.apache.org/maven2/org/apache/maven/plugins/maven-resources-plugin/2.6/maven-resources-plugin-2.6.jar
[e1432841-85e9-43ff-aaec-fb3fe22331fa/build]   | [INFO] Downloaded from central: https://repo.maven.apache.org/maven2/org/apache/maven/plugins/maven-resources-plugin/2.6/maven-resources-plugin-2.6.jar (30 kB at 798 kB/s)
[e1432841-85e9-43ff-aaec-fb3fe22331fa/build]   | [INFO] Downloading from central: https://repo.maven.apache.org/maven2/org/apache/maven/plugins/maven-compiler-plugin/3.1/maven-compiler-plugin-3.1.pom
[e1432841-85e9-43ff-aaec-fb3fe22331fa/build]   | [INFO] Downloaded from central: https://repo.maven.apache.org/maven2/org/apache/maven/plugins/maven-compiler-plugin/3.1/maven-compiler-plugin-3.1.pom (10 kB at 378 kB/s)
[e1432841-85e9-43ff-aaec-fb3fe22331fa/build]   | [INFO] Downloading from central: https://repo.maven.apache.org/maven2/org/apache/maven/plugins/maven-plugins/24/maven-plugins-24.pom
[e1432841-85e9-43ff-aaec-fb3fe22331fa/build]   | [INFO] Downloaded from central: https://repo.maven.apache.org/maven2/org/apache/maven/plugins/maven-plugins/24/maven-plugins-24.pom (11 kB at 386 kB/s)
[e1432841-85e9-43ff-aaec-fb3fe22331fa/build]   | [INFO] Downloading from central: https://repo.maven.apache.org/maven2/org/apache/maven/maven-parent/23/maven-parent-23.pom
[e1432841-85e9-43ff-aaec-fb3fe22331fa/build]   | [INFO] Downloaded from central: https://repo.maven.apache.org/maven2/org/apache/maven/maven-parent/23/maven-parent-23.pom (33 kB at 1.1 MB/s)
[e1432841-85e9-43ff-aaec-fb3fe22331fa/build]   | [INFO] Downloading from central: https://repo.maven.apache.org/maven2/org/apache/apache/13/apache-13.pom
[e1432841-85e9-43ff-aaec-fb3fe22331fa/build]   | [INFO] Downloaded from central: https://repo.maven.apache.org/maven2/org/apache/apache/13/apache-13.pom (14 kB at 537 kB/s)
[e1432841-85e9-43ff-aaec-fb3fe22331fa/build]   | [INFO] Downloading from central: https://repo.maven.apache.org/maven2/org/apache/maven/plugins/maven-compiler-plugin/3.1/maven-compiler-plugin-3.1.jar
[e1432841-85e9-43ff-aaec-fb3fe22331fa/build]   | [INFO] Downloaded from central: https://repo.maven.apache.org/maven2/org/apache/maven/plugins/maven-compiler-plugin/3.1/maven-compiler-plugin-3.1.jar (43 kB at 1.1 MB/s)
[e1432841-85e9-43ff-aaec-fb3fe22331fa/build]   | [INFO] Downloading from central: https://repo.maven.apache.org/maven2/org/apache/maven/plugins/maven-surefire-plugin/2.12.4/maven-surefire-plugin-2.12.4.pom
[e1432841-85e9-43ff-aaec-fb3fe22331fa/build]   | [INFO] Downloaded from central: https://repo.maven.apache.org/maven2/org/apache/maven/plugins/maven-surefire-plugin/2.12.4/maven-surefire-plugin-2.12.4.pom (10 kB at 317 kB/s)
[e1432841-85e9-43ff-aaec-fb3fe22331fa/build]   | [INFO] Downloading from central: https://repo.maven.apache.org/maven2/org/apache/maven/surefire/surefire/2.12.4/surefire-2.12.4.pom
[e1432841-85e9-43ff-aaec-fb3fe22331fa/build]   | [INFO] Downloaded from central: https://repo.maven.apache.org/maven2/org/apache/maven/surefire/surefire/2.12.4/surefire-2.12.4.pom (14 kB at 460 kB/s)
[e1432841-85e9-43ff-aaec-fb3fe22331fa/build]   | [INFO] Downloading from central: https://repo.maven.apache.org/maven2/org/apache/maven/plugins/maven-surefire-plugin/2.12.4/maven-surefire-plugin-2.12.4.jar
[e1432841-85e9-43ff-aaec-fb3fe22331fa/build]   | [INFO] Downloaded from central: https://repo.maven.apache.org/maven2/org/apache/maven/plugins/maven-surefire-plugin/2.12.4/maven-surefire-plugin-2.12.4.jar (30 kB at 781 kB/s)
[e1432841-85e9-43ff-aaec-fb3fe22331fa/build]   | [INFO] Downloading from central: https://repo.maven.apache.org/maven2/org/apache/maven/plugins/maven-jar-plugin/3.2.2/maven-jar-plugin-3.2.2.pom
[e1432841-85e9-43ff-aaec-fb3fe22331fa/build]   | [INFO] Downloaded from central: https://repo.maven.apache.org/maven2/org/apache/maven/plugins/maven-jar-plugin/3.2.2/maven-jar-plugin-3.2.2.pom (7.5 kB at 227 kB/s)
[e1432841-85e9-43ff-aaec-fb3fe22331fa/build]   | [INFO] Downloading from central: https://repo.maven.apache.org/maven2/org/apache/maven/plugins/maven-plugins/34/maven-plugins-34.pom
[e1432841-85e9-43ff-aaec-fb3fe22331fa/build]   | [INFO] Downloaded from central: https://repo.maven.apache.org/maven2/org/apache/maven/plugins/maven-plugins/34/maven-plugins-34.pom (11 kB at 243 kB/s)
[e1432841-85e9-43ff-aaec-fb3fe22331fa/build]   | [INFO] Downloading from central: https://repo.maven.apache.org/maven2/org/apache/maven/maven-parent/34/maven-parent-34.pom
[e1432841-85e9-43ff-aaec-fb3fe22331fa/build]   | [INFO] Downloaded from central: https://repo.maven.apache.org/maven2/org/apache/maven/maven-parent/34/maven-parent-34.pom (43 kB at 1.1 MB/s)
[e1432841-85e9-43ff-aaec-fb3fe22331fa/build]   | [INFO] Downloading from central: https://repo.maven.apache.org/maven2/org/apache/apache/23/apache-23.pom
[e1432841-85e9-43ff-aaec-fb3fe22331fa/build]   | [INFO] Downloaded from central: https://repo.maven.apache.org/maven2/org/apache/apache/23/apache-23.pom (18 kB at 614 kB/s)
[e1432841-85e9-43ff-aaec-fb3fe22331fa/build]   | [INFO] Downloading from central: https://repo.maven.apache.org/maven2/org/apache/maven/plugins/maven-jar-plugin/3.2.2/maven-jar-plugin-3.2.2.jar
[e1432841-85e9-43ff-aaec-fb3fe22331fa/build]   | [INFO] Downloaded from central: https://repo.maven.apache.org/maven2/org/apache/maven/plugins/maven-jar-plugin/3.2.2/maven-jar-plugin-3.2.2.jar (29 kB at 1.1 MB/s)
[e1432841-85e9-43ff-aaec-fb3fe22331fa/build]   | [INFO] Downloading from central: https://repo.maven.apache.org/maven2/junit/junit/4.13.2/junit-4.13.2.pom
[e1432841-85e9-43ff-aaec-fb3fe22331fa/build]   | [INFO] Downloaded from central: https://repo.maven.apache.org/maven2/junit/junit/4.13.2/junit-4.13.2.pom (27 kB at 872 kB/s)
[e1432841-85e9-43ff-aaec-fb3fe22331fa/build]   | [INFO] Downloading from central: https://repo.maven.apache.org/maven2/org/hamcrest/hamcrest-core/1.3/hamcrest-core-1.3.pom
[e1432841-85e9-43ff-aaec-fb3fe22331fa/build]   | [INFO] Downloaded from central: https://repo.maven.apache.org/maven2/org/hamcrest/hamcrest-core/1.3/hamcrest-core-1.3.pom (766 B at 27 kB/s)
[e1432841-85e9-43ff-aaec-fb3fe22331fa/build]   | [INFO] Downloading from central: https://repo.maven.apache.org/maven2/org/hamcrest/hamcrest-parent/1.3/hamcrest-parent-1.3.pom
[e1432841-85e9-43ff-aaec-fb3fe22331fa/build]   | [INFO] Downloaded from central: https://repo.maven.apache.org/maven2/org/hamcrest/hamcrest-parent/1.3/hamcrest-parent-1.3.pom (2.0 kB at 60 kB/s)
[e1432841-85e9-43ff-aaec-fb3fe22331fa/build]   | [INFO] Downloading from central: https://repo.maven.apache.org/maven2/org/hamcrest/hamcrest-core/1.3/hamcrest-core-1.3.jar
[e1432841-85e9-43ff-aaec-fb3fe22331fa/build]   | [INFO] Downloading from central: https://repo.maven.apache.org/maven2/junit/junit/4.13.2/junit-4.13.2.jar
[e1432841-85e9-43ff-aaec-fb3fe22331fa/build]   | [INFO] Downloaded from central: https://repo.maven.apache.org/maven2/junit/junit/4.13.2/junit-4.13.2.jar (385 kB at 4.4 MB/s)
[e1432841-85e9-43ff-aaec-fb3fe22331fa/build]   | [INFO] Downloaded from central: https://repo.maven.apache.org/maven2/org/hamcrest/hamcrest-core/1.3/hamcrest-core-1.3.jar (45 kB at 413 kB/s)
[e1432841-85e9-43ff-aaec-fb3fe22331fa/build]   | [INFO] 
[e1432841-85e9-43ff-aaec-fb3fe22331fa/build]   | [INFO] --- maven-resources-plugin:2.6:resources (default-resources) @ jwarc ---
[e1432841-85e9-43ff-aaec-fb3fe22331fa/build]   | [INFO] Downloading from central: https://repo.maven.apache.org/maven2/org/apache/maven/maven-plugin-api/2.0.6/maven-plugin-api-2.0.6.pom
[e1432841-85e9-43ff-aaec-fb3fe22331fa/build]   | [INFO] Downloaded from central: https://repo.maven.apache.org/maven2/org/apache/maven/maven-plugin-api/2.0.6/maven-plugin-api-2.0.6.pom (1.5 kB at 29 kB/s)
[e1432841-85e9-43ff-aaec-fb3fe22331fa/build]   | [INFO] Downloading from central: https://repo.maven.apache.org/maven2/org/apache/maven/maven/2.0.6/maven-2.0.6.pom
[e1432841-85e9-43ff-aaec-fb3fe22331fa/build]   | [INFO] Downloaded from central: https://repo.maven.apache.org/maven2/org/apache/maven/maven/2.0.6/maven-2.0.6.pom (9.0 kB at 57 kB/s)
[e1432841-85e9-43ff-aaec-fb3fe22331fa/build]   | [INFO] Downloading from central: https://repo.maven.apache.org/maven2/org/apache/maven/maven-parent/5/maven-parent-5.pom
[e1432841-85e9-43ff-aaec-fb3fe22331fa/build]   | [INFO] Downloaded from central: https://repo.maven.apache.org/maven2/org/apache/maven/maven-parent/5/maven-parent-5.pom (15 kB at 564 kB/s)
[e1432841-85e9-43ff-aaec-fb3fe22331fa/build]   | [INFO] Downloading from central: https://repo.maven.apache.org/maven2/org/apache/apache/3/apache-3.pom
[e1432841-85e9-43ff-aaec-fb3fe22331fa/build]   | [INFO] Downloaded from central: https://repo.maven.apache.org/maven2/org/apache/apache/3/apache-3.pom (3.4 kB at 111 kB/s)
[e1432841-85e9-43ff-aaec-fb3fe22331fa/build]   | [INFO] Downloading from central: https://repo.maven.apache.org/maven2/org/apache/maven/maven-project/2.0.6/maven-project-2.0.6.pom
[e1432841-85e9-43ff-aaec-fb3fe22331fa/build]   | [INFO] Downloaded from central: https://repo.maven.apache.org/maven2/org/apache/maven/maven-project/2.0.6/maven-project-2.0.6.pom (2.6 kB at 69 kB/s)
[e1432841-85e9-43ff-aaec-fb3fe22331fa/build]   | [INFO] Downloading from central: https://repo.maven.apache.org/maven2/org/apache/maven/maven-settings/2.0.6/maven-settings-2.0.6.pom
[e1432841-85e9-43ff-aaec-fb3fe22331fa/build]   | [INFO] Downloaded from central: https://repo.maven.apache.org/maven2/org/apache/maven/maven-settings/2.0.6/maven-settings-2.0.6.pom (2.0 kB at 63 kB/s)
[e1432841-85e9-43ff-aaec-fb3fe22331fa/build]   | [INFO] Downloading from central: https://repo.maven.apache.org/maven2/org/apache/maven/maven-model/2.0.6/maven-model-2.0.6.pom
[e1432841-85e9-43ff-aaec-fb3fe22331fa/build]   | [INFO] Downloaded from central: https://repo.maven.apache.org/maven2/org/apache/maven/maven-model/2.0.6/maven-model-2.0.6.pom (3.0 kB at 87 kB/s)
[e1432841-85e9-43ff-aaec-fb3fe22331fa/build]   | [INFO] Downloading from central: https://repo.maven.apache.org/maven2/org/codehaus/plexus/plexus-utils/1.4.1/plexus-utils-1.4.1.pom
[e1432841-85e9-43ff-aaec-fb3fe22331fa/build]   | [INFO] Downloaded from central: https://repo.maven.apache.org/maven2/org/codehaus/plexus/plexus-utils/1.4.1/plexus-utils-1.4.1.pom (1.9 kB at 62 kB/s)
[e1432841-85e9-43ff-aaec-fb3fe22331fa/build]   | [INFO] Downloading from central: https://repo.maven.apache.org/maven2/org/codehaus/plexus/plexus/1.0.11/plexus-1.0.11.pom
[e1432841-85e9-43ff-aaec-fb3fe22331fa/build]   | [INFO] Downloaded from central: https://repo.maven.apache.org/maven2/org/codehaus/plexus/plexus/1.0.11/plexus-1.0.11.pom (9.0 kB at 289 kB/s)
[e1432841-85e9-43ff-aaec-fb3fe22331fa/build]   | [INFO] Downloading from central: https://repo.maven.apache.org/maven2/org/codehaus/plexus/plexus-container-default/1.0-alpha-9-stable-1/plexus-container-default-1.0-alpha-9-stable-1.pom
[e1432841-85e9-43ff-aaec-fb3fe22331fa/build]   | [INFO] Downloaded from central: https://repo.maven.apache.org/maven2/org/codehaus/plexus/plexus-container-default/1.0-alpha-9-stable-1/plexus-container-default-1.0-alpha-9-stable-1.pom (3.9 kB at 132 kB/s)
[e1432841-85e9-43ff-aaec-fb3fe22331fa/build]   | [INFO] Downloading from central: https://repo.maven.apache.org/maven2/org/codehaus/plexus/plexus-containers/1.0.3/plexus-containers-1.0.3.pom
[e1432841-85e9-43ff-aaec-fb3fe22331fa/build]   | [INFO] Downloaded from central: https://repo.maven.apache.org/maven2/org/codehaus/plexus/plexus-containers/1.0.3/plexus-containers-1.0.3.pom (492 B at 15 kB/s)
[e1432841-85e9-43ff-aaec-fb3fe22331fa/build]   | [INFO] Downloading from central: https://repo.maven.apache.org/maven2/org/codehaus/plexus/plexus/1.0.4/plexus-1.0.4.pom
[e1432841-85e9-43ff-aaec-fb3fe22331fa/build]   | [INFO] Downloaded from central: https://repo.maven.apache.org/maven2/org/codehaus/plexus/plexus/1.0.4/plexus-1.0.4.pom (5.7 kB at 174 kB/s)
[e1432841-85e9-43ff-aaec-fb3fe22331fa/build]   | [INFO] Downloading from central: https://repo.maven.apache.org/maven2/junit/junit/3.8.1/junit-3.8.1.pom
[e1432841-85e9-43ff-aaec-fb3fe22331fa/build]   | [INFO] Downloaded from central: https://repo.maven.apache.org/maven2/junit/junit/3.8.1/junit-3.8.1.pom (998 B at 18 kB/s)
[e1432841-85e9-43ff-aaec-fb3fe22331fa/build]   | [INFO] Downloading from central: https://repo.maven.apache.org/maven2/org/codehaus/plexus/plexus-utils/1.0.4/plexus-utils-1.0.4.pom
[e1432841-85e9-43ff-aaec-fb3fe22331fa/build]   | [INFO] Downloaded from central: https://repo.maven.apache.org/maven2/org/codehaus/plexus/plexus-utils/1.0.4/plexus-utils-1.0.4.pom (6.9 kB at 105 kB/s)
[e1432841-85e9-43ff-aaec-fb3fe22331fa/build]   | [INFO] Downloading from central: https://repo.maven.apache.org/maven2/classworlds/classworlds/1.1-alpha-2/classworlds-1.1-alpha-2.pom
[e1432841-85e9-43ff-aaec-fb3fe22331fa/build]   | [INFO] Downloaded from central: https://repo.maven.apache.org/maven2/classworlds/classworlds/1.1-alpha-2/classworlds-1.1-alpha-2.pom (3.1 kB at 51 kB/s)
[e1432841-85e9-43ff-aaec-fb3fe22331fa/build]   | [INFO] Downloading from central: https://repo.maven.apache.org/maven2/org/apache/maven/maven-profile/2.0.6/maven-profile-2.0.6.pom
[e1432841-85e9-43ff-aaec-fb3fe22331fa/build]   | [INFO] Downloaded from central: https://repo.maven.apache.org/maven2/org/apache/maven/maven-profile/2.0.6/maven-profile-2.0.6.pom (2.0 kB at 39 kB/s)
[e1432841-85e9-43ff-aaec-fb3fe22331fa/build]   | [INFO] Downloading from central: https://repo.maven.apache.org/maven2/org/apache/maven/maven-artifact-manager/2.0.6/maven-artifact-manager-2.0.6.pom
[e1432841-85e9-43ff-aaec-fb3fe22331fa/build]   | [INFO] Downloaded from central: https://repo.maven.apache.org/maven2/org/apache/maven/maven-artifact-manager/2.0.6/maven-artifact-manager-2.0.6.pom (2.6 kB at 71 kB/s)
[e1432841-85e9-43ff-aaec-fb3fe22331fa/build]   | [INFO] Downloading from central: https://repo.maven.apache.org/maven2/org/apache/maven/maven-repository-metadata/2.0.6/maven-repository-metadata-2.0.6.pom
[e1432841-85e9-43ff-aaec-fb3fe22331fa/build]   | [INFO] Downloaded from central: https://repo.maven.apache.org/maven2/org/apache/maven/maven-repository-metadata/2.0.6/maven-repository-metadata-2.0.6.pom (1.9 kB at 47 kB/s)
[e1432841-85e9-43ff-aaec-fb3fe22331fa/build]   | [INFO] Downloading from central: https://repo.maven.apache.org/maven2/org/apache/maven/maven-artifact/2.0.6/maven-artifact-2.0.6.pom
[e1432841-85e9-43ff-aaec-fb3fe22331fa/build]   | [INFO] Downloaded from central: https://repo.maven.apache.org/maven2/org/apache/maven/maven-artifact/2.0.6/maven-artifact-2.0.6.pom (1.6 kB at 31 kB/s)
[e1432841-85e9-43ff-aaec-fb3fe22331fa/build]   | [INFO] Downloading from central: https://repo.maven.apache.org/maven2/org/apache/maven/maven-plugin-registry/2.0.6/maven-plugin-registry-2.0.6.pom
[e1432841-85e9-43ff-aaec-fb3fe22331fa/build]   | [INFO] Downloaded from central: https://repo.maven.apache.org/maven2/org/apache/maven/maven-plugin-registry/2.0.6/maven-plugin-registry-2.0.6.pom (1.9 kB at 41 kB/s)
[e1432841-85e9-43ff-aaec-fb3fe22331fa/build]   | [INFO] Downloading from central: https://repo.maven.apache.org/maven2/org/apache/maven/maven-core/2.0.6/maven-core-2.0.6.pom
[e1432841-85e9-43ff-aaec-fb3fe22331fa/build]   | [INFO] Downloaded from central: https://repo.maven.apache.org/maven2/org/apache/maven/maven-core/2.0.6/maven-core-2.0.6.pom (6.7 kB at 146 kB/s)
[e1432841-85e9-43ff-aaec-fb3fe22331fa/build]   | [INFO] Downloading from central: https://repo.maven.apache.org/maven2/org/apache/maven/maven-plugin-parameter-documenter/2.0.6/maven-plugin-parameter-documenter-2.0.6.pom
[e1432841-85e9-43ff-aaec-fb3fe22331fa/build]   | [INFO] Downloaded from central: https://repo.maven.apache.org/maven2/org/apache/maven/maven-plugin-parameter-documenter/2.0.6/maven-plugin-parameter-documenter-2.0.6.pom (1.9 kB at 42 kB/s)
[e1432841-85e9-43ff-aaec-fb3fe22331fa/build]   | [INFO] Downloading from central: https://repo.maven.apache.org/maven2/org/apache/maven/reporting/maven-reporting-api/2.0.6/maven-reporting-api-2.0.6.pom
[e1432841-85e9-43ff-aaec-fb3fe22331fa/build]   | [INFO] Downloaded from central: https://repo.maven.apache.org/maven2/org/apache/maven/reporting/maven-reporting-api/2.0.6/maven-reporting-api-2.0.6.pom (1.8 kB at 44 kB/s)
[e1432841-85e9-43ff-aaec-fb3fe22331fa/build]   | [INFO] Downloading from central: https://repo.maven.apache.org/maven2/org/apache/maven/reporting/maven-reporting/2.0.6/maven-reporting-2.0.6.pom
[e1432841-85e9-43ff-aaec-fb3fe22331fa/build]   | [INFO] Downloaded from central: https://repo.maven.apache.org/maven2/org/apache/maven/reporting/maven-reporting/2.0.6/maven-reporting-2.0.6.pom (1.4 kB at 33 kB/s)
[e1432841-85e9-43ff-aaec-fb3fe22331fa/build]   | [INFO] Downloading from central: https://repo.maven.apache.org/maven2/org/apache/maven/doxia/doxia-sink-api/1.0-alpha-7/doxia-sink-api-1.0-alpha-7.pom
[e1432841-85e9-43ff-aaec-fb3fe22331fa/build]   | [INFO] Downloaded from central: https://repo.maven.apache.org/maven2/org/apache/maven/doxia/doxia-sink-api/1.0-alpha-7/doxia-sink-api-1.0-alpha-7.pom (424 B at 8.8 kB/s)
[e1432841-85e9-43ff-aaec-fb3fe22331fa/build]   | [INFO] Downloading from central: https://repo.maven.apache.org/maven2/org/apache/maven/doxia/doxia/1.0-alpha-7/doxia-1.0-alpha-7.pom
[e1432841-85e9-43ff-aaec-fb3fe22331fa/build]   | [INFO] Downloaded from central: https://repo.maven.apache.org/maven2/org/apache/maven/doxia/doxia/1.0-alpha-7/doxia-1.0-alpha-7.pom (3.9 kB at 140 kB/s)
[e1432841-85e9-43ff-aaec-fb3fe22331fa/build]   | [INFO] Downloading from central: https://repo.maven.apache.org/maven2/org/apache/maven/maven-error-diagnostics/2.0.6/maven-error-diagnostics-2.0.6.pom
[e1432841-85e9-43ff-aaec-fb3fe22331fa/build]   | [INFO] Downloaded from central: https://repo.maven.apache.org/maven2/org/apache/maven/maven-error-diagnostics/2.0.6/maven-error-diagnostics-2.0.6.pom (1.7 kB at 59 kB/s)
[e1432841-85e9-43ff-aaec-fb3fe22331fa/build]   | [INFO] Downloading from central: https://repo.maven.apache.org/maven2/commons-cli/commons-cli/1.0/commons-cli-1.0.pom
[e1432841-85e9-43ff-aaec-fb3fe22331fa/build]   | [INFO] Downloaded from central: https://repo.maven.apache.org/maven2/commons-cli/commons-cli/1.0/commons-cli-1.0.pom (2.1 kB at 62 kB/s)
[e1432841-85e9-43ff-aaec-fb3fe22331fa/build]   | [INFO] Downloading from central: https://repo.maven.apache.org/maven2/org/apache/maven/maven-plugin-descriptor/2.0.6/maven-plugin-descriptor-2.0.6.pom
[e1432841-85e9-43ff-aaec-fb3fe22331fa/build]   | [INFO] Downloaded from central: https://repo.maven.apache.org/maven2/org/apache/maven/maven-plugin-descriptor/2.0.6/maven-plugin-descriptor-2.0.6.pom (2.0 kB at 59 kB/s)
[e1432841-85e9-43ff-aaec-fb3fe22331fa/build]   | [INFO] Downloading from central: https://repo.maven.apache.org/maven2/org/codehaus/plexus/plexus-interactivity-api/1.0-alpha-4/plexus-interactivity-api-1.0-alpha-4.pom
[e1432841-85e9-43ff-aaec-fb3fe22331fa/build]   | [INFO] Downloaded from central: https://repo.maven.apache.org/maven2/org/codehaus/plexus/plexus-interactivity-api/1.0-alpha-4/plexus-interactivity-api-1.0-alpha-4.pom (7.1 kB at 284 kB/s)
[e1432841-85e9-43ff-aaec-fb3fe22331fa/build]   | [INFO] Downloading from central: https://repo.maven.apache.org/maven2/org/apache/maven/maven-monitor/2.0.6/maven-monitor-2.0.6.pom
[e1432841-85e9-43ff-aaec-fb3fe22331fa/build]   | [INFO] Downloaded from central: https://repo.maven.apache.org/maven2/org/apache/maven/maven-monitor/2.0.6/maven-monitor-2.0.6.pom (1.3 kB at 48 kB/s)
[e1432841-85e9-43ff-aaec-fb3fe22331fa/build]   | [INFO] Downloading from central: https://repo.maven.apache.org/maven2/classworlds/classworlds/1.1/classworlds-1.1.pom
[e1432841-85e9-43ff-aaec-fb3fe22331fa/build]   | [INFO] Downloaded from central: https://repo.maven.apache.org/maven2/classworlds/classworlds/1.1/classworlds-1.1.pom (3.3 kB at 115 kB/s)
[e1432841-85e9-43ff-aaec-fb3fe22331fa/build]   | [INFO] Downloading from central: https://repo.maven.apache.org/maven2/org/codehaus/plexus/plexus-utils/2.0.5/plexus-utils-2.0.5.pom
[e1432841-85e9-43ff-aaec-fb3fe22331fa/build]   | [INFO] Downloaded from central: https://repo.maven.apache.org/maven2/org/codehaus/plexus/plexus-utils/2.0.5/plexus-utils-2.0.5.pom (3.3 kB at 101 kB/s)
[e1432841-85e9-43ff-aaec-fb3fe22331fa/build]   | [INFO] Downloading from central: https://repo.maven.apache.org/maven2/org/codehaus/plexus/plexus/2.0.6/plexus-2.0.6.pom
[e1432841-85e9-43ff-aaec-fb3fe22331fa/build]   | [INFO] Downloaded from central: https://repo.maven.apache.org/maven2/org/codehaus/plexus/plexus/2.0.6/plexus-2.0.6.pom (17 kB at 419 kB/s)
[e1432841-85e9-43ff-aaec-fb3fe22331fa/build]   | [INFO] Downloading from central: https://repo.maven.apache.org/maven2/org/apache/maven/shared/maven-filtering/1.1/maven-filtering-1.1.pom
[e1432841-85e9-43ff-aaec-fb3fe22331fa/build]   | [INFO] Downloaded from central: https://repo.maven.apache.org/maven2/org/apache/maven/shared/maven-filtering/1.1/maven-filtering-1.1.pom (5.8 kB at 118 kB/s)
[e1432841-85e9-43ff-aaec-fb3fe22331fa/build]   | [INFO] Downloading from central: https://repo.maven.apache.org/maven2/org/apache/maven/shared/maven-shared-components/17/maven-shared-components-17.pom
[e1432841-85e9-43ff-aaec-fb3fe22331fa/build]   | [INFO] Downloaded from central: https://repo.maven.apache.org/maven2/org/apache/maven/shared/maven-shared-components/17/maven-shared-components-17.pom (8.7 kB at 155 kB/s)
[e1432841-85e9-43ff-aaec-fb3fe22331fa/build]   | [INFO] Downloading from central: https://repo.maven.apache.org/maven2/org/apache/maven/maven-parent/21/maven-parent-21.pom
[e1432841-85e9-43ff-aaec-fb3fe22331fa/build]   | [INFO] Downloaded from central: https://repo.maven.apache.org/maven2/org/apache/maven/maven-parent/21/maven-parent-21.pom (26 kB at 507 kB/s)
[e1432841-85e9-43ff-aaec-fb3fe22331fa/build]   | [INFO] Downloading from central: https://repo.maven.apache.org/maven2/org/apache/apache/10/apache-10.pom
[e1432841-85e9-43ff-aaec-fb3fe22331fa/build]   | [INFO] Downloaded from central: https://repo.maven.apache.org/maven2/org/apache/apache/10/apache-10.pom (15 kB at 208 kB/s)
[e1432841-85e9-43ff-aaec-fb3fe22331fa/build]   | [INFO] Downloading from central: https://repo.maven.apache.org/maven2/org/codehaus/plexus/plexus-utils/1.5.15/plexus-utils-1.5.15.pom
[e1432841-85e9-43ff-aaec-fb3fe22331fa/build]   | [INFO] Downloaded from central: https://repo.maven.apache.org/maven2/org/codehaus/plexus/plexus-utils/1.5.15/plexus-utils-1.5.15.pom (6.8 kB at 152 kB/s)
[e1432841-85e9-43ff-aaec-fb3fe22331fa/build]   | [INFO] Downloading from central: https://repo.maven.apache.org/maven2/org/codehaus/plexus/plexus/2.0.2/plexus-2.0.2.pom
[e1432841-85e9-43ff-aaec-fb3fe22331fa/build]   | [INFO] Downloaded from central: https://repo.maven.apache.org/maven2/org/codehaus/plexus/plexus/2.0.2/plexus-2.0.2.pom (12 kB at 726 kB/s)
[e1432841-85e9-43ff-aaec-fb3fe22331fa/build]   | [INFO] Downloading from central: https://repo.maven.apache.org/maven2/org/codehaus/plexus/plexus-interpolation/1.12/plexus-interpolation-1.12.pom
[e1432841-85e9-43ff-aaec-fb3fe22331fa/build]   | [INFO] Downloaded from central: https://repo.maven.apache.org/maven2/org/codehaus/plexus/plexus-interpolation/1.12/plexus-interpolation-1.12.pom (889 B at 34 kB/s)
[e1432841-85e9-43ff-aaec-fb3fe22331fa/build]   | [INFO] Downloading from central: https://repo.maven.apache.org/maven2/org/codehaus/plexus/plexus-components/1.1.14/plexus-components-1.1.14.pom
[e1432841-85e9-43ff-aaec-fb3fe22331fa/build]   | [INFO] Downloaded from central: https://repo.maven.apache.org/maven2/org/codehaus/plexus/plexus-components/1.1.14/plexus-components-1.1.14.pom (5.8 kB at 133 kB/s)
[e1432841-85e9-43ff-aaec-fb3fe22331fa/build]   | [INFO] Downloading from central: https://repo.maven.apache.org/maven2/org/sonatype/plexus/plexus-build-api/0.0.4/plexus-build-api-0.0.4.pom
[e1432841-85e9-43ff-aaec-fb3fe22331fa/build]   | [INFO] Downloaded from central: https://repo.maven.apache.org/maven2/org/sonatype/plexus/plexus-build-api/0.0.4/plexus-build-api-0.0.4.pom (2.9 kB at 136 kB/s)
[e1432841-85e9-43ff-aaec-fb3fe22331fa/build]   | [INFO] Downloading from central: https://repo.maven.apache.org/maven2/org/sonatype/spice/spice-parent/10/spice-parent-10.pom
[e1432841-85e9-43ff-aaec-fb3fe22331fa/build]   | [INFO] Downloaded from central: https://repo.maven.apache.org/maven2/org/sonatype/spice/spice-parent/10/spice-parent-10.pom (3.0 kB at 89 kB/s)
[e1432841-85e9-43ff-aaec-fb3fe22331fa/build]   | [INFO] Downloading from central: https://repo.maven.apache.org/maven2/org/sonatype/forge/forge-parent/3/forge-parent-3.pom
[e1432841-85e9-43ff-aaec-fb3fe22331fa/build]   | [INFO] Downloaded from central: https://repo.maven.apache.org/maven2/org/sonatype/forge/forge-parent/3/forge-parent-3.pom (5.0 kB at 315 kB/s)
[e1432841-85e9-43ff-aaec-fb3fe22331fa/build]   | [INFO] Downloading from central: https://repo.maven.apache.org/maven2/org/codehaus/plexus/plexus-utils/1.5.8/plexus-utils-1.5.8.pom
[e1432841-85e9-43ff-aaec-fb3fe22331fa/build]   | [INFO] Downloaded from central: https://repo.maven.apache.org/maven2/org/codehaus/plexus/plexus-utils/1.5.8/plexus-utils-1.5.8.pom (8.1 kB at 474 kB/s)
[e1432841-85e9-43ff-aaec-fb3fe22331fa/build]   | [INFO] Downloading from central: https://repo.maven.apache.org/maven2/org/codehaus/plexus/plexus-interpolation/1.13/plexus-interpolation-1.13.pom
[e1432841-85e9-43ff-aaec-fb3fe22331fa/build]   | [INFO] Downloaded from central: https://repo.maven.apache.org/maven2/org/codehaus/plexus/plexus-interpolation/1.13/plexus-interpolation-1.13.pom (890 B at 36 kB/s)
[e1432841-85e9-43ff-aaec-fb3fe22331fa/build]   | [INFO] Downloading from central: https://repo.maven.apache.org/maven2/org/codehaus/plexus/plexus-components/1.1.15/plexus-components-1.1.15.pom
[e1432841-85e9-43ff-aaec-fb3fe22331fa/build]   | [INFO] Downloaded from central: https://repo.maven.apache.org/maven2/org/codehaus/plexus/plexus-components/1.1.15/plexus-components-1.1.15.pom (2.8 kB at 136 kB/s)
[e1432841-85e9-43ff-aaec-fb3fe22331fa/build]   | [INFO] Downloading from central: https://repo.maven.apache.org/maven2/org/codehaus/plexus/plexus/2.0.3/plexus-2.0.3.pom
[e1432841-85e9-43ff-aaec-fb3fe22331fa/build]   | [INFO] Downloaded from central: https://repo.maven.apache.org/maven2/org/codehaus/plexus/plexus/2.0.3/plexus-2.0.3.pom (15 kB at 909 kB/s)
[e1432841-85e9-43ff-aaec-fb3fe22331fa/build]   | [INFO] Downloading from central: https://repo.maven.apache.org/maven2/org/apache/maven/maven-plugin-api/2.0.6/maven-plugin-api-2.0.6.jar
[e1432841-85e9-43ff-aaec-fb3fe22331fa/build]   | [INFO] Downloading from central: https://repo.maven.apache.org/maven2/org/apache/maven/maven-project/2.0.6/maven-project-2.0.6.jar
[e1432841-85e9-43ff-aaec-fb3fe22331fa/build]   | [INFO] Downloading from central: https://repo.maven.apache.org/maven2/org/apache/maven/maven-profile/2.0.6/maven-profile-2.0.6.jar
[e1432841-85e9-43ff-aaec-fb3fe22331fa/build]   | [INFO] Downloading from central: https://repo.maven.apache.org/maven2/org/apache/maven/maven-plugin-registry/2.0.6/maven-plugin-registry-2.0.6.jar
[e1432841-85e9-43ff-aaec-fb3fe22331fa/build]   | [INFO] Downloading from central: https://repo.maven.apache.org/maven2/org/apache/maven/maven-artifact-manager/2.0.6/maven-artifact-manager-2.0.6.jar
[e1432841-85e9-43ff-aaec-fb3fe22331fa/build]   | [INFO] Downloaded from central: https://repo.maven.apache.org/maven2/org/apache/maven/maven-plugin-api/2.0.6/maven-plugin-api-2.0.6.jar (13 kB at 476 kB/s)
[e1432841-85e9-43ff-aaec-fb3fe22331fa/build]   | [INFO] Downloading from central: https://repo.maven.apache.org/maven2/org/apache/maven/maven-core/2.0.6/maven-core-2.0.6.jar
[e1432841-85e9-43ff-aaec-fb3fe22331fa/build]   | [INFO] Downloaded from central: https://repo.maven.apache.org/maven2/org/apache/maven/maven-project/2.0.6/maven-project-2.0.6.jar (116 kB at 3.6 MB/s)
[e1432841-85e9-43ff-aaec-fb3fe22331fa/build]   | [INFO] Downloading from central: https://repo.maven.apache.org/maven2/org/apache/maven/maven-plugin-parameter-documenter/2.0.6/maven-plugin-parameter-documenter-2.0.6.jar
[e1432841-85e9-43ff-aaec-fb3fe22331fa/build]   | [INFO] Downloaded from central: https://repo.maven.apache.org/maven2/org/apache/maven/maven-plugin-registry/2.0.6/maven-plugin-registry-2.0.6.jar (29 kB at 474 kB/s)
[e1432841-85e9-43ff-aaec-fb3fe22331fa/build]   | [INFO] Downloading from central: https://repo.maven.apache.org/maven2/org/apache/maven/reporting/maven-reporting-api/2.0.6/maven-reporting-api-2.0.6.jar
[e1432841-85e9-43ff-aaec-fb3fe22331fa/build]   | [INFO] Downloaded from central: https://repo.maven.apache.org/maven2/org/apache/maven/maven-core/2.0.6/maven-core-2.0.6.jar (152 kB at 2.5 MB/s)
[e1432841-85e9-43ff-aaec-fb3fe22331fa/build]   | [INFO] Downloading from central: https://repo.maven.apache.org/maven2/org/apache/maven/doxia/doxia-sink-api/1.0-alpha-7/doxia-sink-api-1.0-alpha-7.jar
[e1432841-85e9-43ff-aaec-fb3fe22331fa/build]   | [INFO] Downloaded from central: https://repo.maven.apache.org/maven2/org/apache/maven/maven-artifact-manager/2.0.6/maven-artifact-manager-2.0.6.jar (57 kB at 665 kB/s)
[e1432841-85e9-43ff-aaec-fb3fe22331fa/build]   | [INFO] Downloading from central: https://repo.maven.apache.org/maven2/org/apache/maven/maven-repository-metadata/2.0.6/maven-repository-metadata-2.0.6.jar
[e1432841-85e9-43ff-aaec-fb3fe22331fa/build]   | [INFO] Downloaded from central: https://repo.maven.apache.org/maven2/org/apache/maven/maven-profile/2.0.6/maven-profile-2.0.6.jar (35 kB at 400 kB/s)
[e1432841-85e9-43ff-aaec-fb3fe22331fa/build]   | [INFO] Downloading from central: https://repo.maven.apache.org/maven2/org/apache/maven/maven-error-diagnostics/2.0.6/maven-error-diagnostics-2.0.6.jar
[e1432841-85e9-43ff-aaec-fb3fe22331fa/build]   | [INFO] Downloaded from central: https://repo.maven.apache.org/maven2/org/apache/maven/doxia/doxia-sink-api/1.0-alpha-7/doxia-sink-api-1.0-alpha-7.jar (5.9 kB at 65 kB/s)
[e1432841-85e9-43ff-aaec-fb3fe22331fa/build]   | [INFO] Downloading from central: https://repo.maven.apache.org/maven2/commons-cli/commons-cli/1.0/commons-cli-1.0.jar
[e1432841-85e9-43ff-aaec-fb3fe22331fa/build]   | [INFO] Downloaded from central: https://repo.maven.apache.org/maven2/org/apache/maven/reporting/maven-reporting-api/2.0.6/maven-reporting-api-2.0.6.jar (9.9 kB at 107 kB/s)
[e1432841-85e9-43ff-aaec-fb3fe22331fa/build]   | [INFO] Downloading from central: https://repo.maven.apache.org/maven2/org/apache/maven/maven-plugin-descriptor/2.0.6/maven-plugin-descriptor-2.0.6.jar
[e1432841-85e9-43ff-aaec-fb3fe22331fa/build]   | [INFO] Downloaded from central: https://repo.maven.apache.org/maven2/org/apache/maven/maven-plugin-parameter-documenter/2.0.6/maven-plugin-parameter-documenter-2.0.6.jar (21 kB at 210 kB/s)
[e1432841-85e9-43ff-aaec-fb3fe22331fa/build]   | [INFO] Downloading from central: https://repo.maven.apache.org/maven2/org/codehaus/plexus/plexus-interactivity-api/1.0-alpha-4/plexus-interactivity-api-1.0-alpha-4.jar
[e1432841-85e9-43ff-aaec-fb3fe22331fa/build]   | [INFO] Downloaded from central: https://repo.maven.apache.org/maven2/org/apache/maven/maven-repository-metadata/2.0.6/maven-repository-metadata-2.0.6.jar (24 kB at 238 kB/s)
[e1432841-85e9-43ff-aaec-fb3fe22331fa/build]   | [INFO] Downloading from central: https://repo.maven.apache.org/maven2/classworlds/classworlds/1.1/classworlds-1.1.jar
[e1432841-85e9-43ff-aaec-fb3fe22331fa/build]   | [INFO] Downloaded from central: https://repo.maven.apache.org/maven2/commons-cli/commons-cli/1.0/commons-cli-1.0.jar (30 kB at 276 kB/s)
[e1432841-85e9-43ff-aaec-fb3fe22331fa/build]   | [INFO] Downloading from central: https://repo.maven.apache.org/maven2/org/apache/maven/maven-artifact/2.0.6/maven-artifact-2.0.6.jar
[e1432841-85e9-43ff-aaec-fb3fe22331fa/build]   | [INFO] Downloaded from central: https://repo.maven.apache.org/maven2/org/codehaus/plexus/plexus-interactivity-api/1.0-alpha-4/plexus-interactivity-api-1.0-alpha-4.jar (13 kB at 111 kB/s)
[e1432841-85e9-43ff-aaec-fb3fe22331fa/build]   | [INFO] Downloading from central: https://repo.maven.apache.org/maven2/org/apache/maven/maven-settings/2.0.6/maven-settings-2.0.6.jar
[e1432841-85e9-43ff-aaec-fb3fe22331fa/build]   | [INFO] Downloaded from central: https://repo.maven.apache.org/maven2/org/apache/maven/maven-plugin-descriptor/2.0.6/maven-plugin-descriptor-2.0.6.jar (37 kB at 290 kB/s)
[e1432841-85e9-43ff-aaec-fb3fe22331fa/build]   | [INFO] Downloading from central: https://repo.maven.apache.org/maven2/org/apache/maven/maven-model/2.0.6/maven-model-2.0.6.jar
[e1432841-85e9-43ff-aaec-fb3fe22331fa/build]   | [INFO] Downloaded from central: https://repo.maven.apache.org/maven2/org/apache/maven/maven-error-diagnostics/2.0.6/maven-error-diagnostics-2.0.6.jar (14 kB at 106 kB/s)
[e1432841-85e9-43ff-aaec-fb3fe22331fa/build]   | [INFO] Downloading from central: https://repo.maven.apache.org/maven2/org/apache/maven/maven-monitor/2.0.6/maven-monitor-2.0.6.jar
[e1432841-85e9-43ff-aaec-fb3fe22331fa/build]   | [INFO] Downloaded from central: https://repo.maven.apache.org/maven2/classworlds/classworlds/1.1/classworlds-1.1.jar (38 kB at 285 kB/s)
[e1432841-85e9-43ff-aaec-fb3fe22331fa/build]   | [INFO] Downloading from central: https://repo.maven.apache.org/maven2/org/codehaus/plexus/plexus-container-default/1.0-alpha-9-stable-1/plexus-container-default-1.0-alpha-9-stable-1.jar
[e1432841-85e9-43ff-aaec-fb3fe22331fa/build]   | [INFO] Downloaded from central: https://repo.maven.apache.org/maven2/org/apache/maven/maven-artifact/2.0.6/maven-artifact-2.0.6.jar (87 kB at 586 kB/s)
[e1432841-85e9-43ff-aaec-fb3fe22331fa/build]   | [INFO] Downloading from central: https://repo.maven.apache.org/maven2/junit/junit/3.8.1/junit-3.8.1.jar
[e1432841-85e9-43ff-aaec-fb3fe22331fa/build]   | [INFO] Downloaded from central: https://repo.maven.apache.org/maven2/org/apache/maven/maven-settings/2.0.6/maven-settings-2.0.6.jar (49 kB at 323 kB/s)
[e1432841-85e9-43ff-aaec-fb3fe22331fa/build]   | [INFO] Downloading from central: https://repo.maven.apache.org/maven2/org/codehaus/plexus/plexus-utils/2.0.5/plexus-utils-2.0.5.jar
[e1432841-85e9-43ff-aaec-fb3fe22331fa/build]   | [INFO] Downloaded from central: https://repo.maven.apache.org/maven2/org/apache/maven/maven-monitor/2.0.6/maven-monitor-2.0.6.jar (10 kB at 66 kB/s)
[e1432841-85e9-43ff-aaec-fb3fe22331fa/build]   | [INFO] Downloading from central: https://repo.maven.apache.org/maven2/org/apache/maven/shared/maven-filtering/1.1/maven-filtering-1.1.jar
[e1432841-85e9-43ff-aaec-fb3fe22331fa/build]   | [INFO] Downloaded from central: https://repo.maven.apache.org/maven2/org/apache/maven/maven-model/2.0.6/maven-model-2.0.6.jar (86 kB at 527 kB/s)
[e1432841-85e9-43ff-aaec-fb3fe22331fa/build]   | [INFO] Downloading from central: https://repo.maven.apache.org/maven2/org/sonatype/plexus/plexus-build-api/0.0.4/plexus-build-api-0.0.4.jar
[e1432841-85e9-43ff-aaec-fb3fe22331fa/build]   | [INFO] Downloaded from central: https://repo.maven.apache.org/maven2/org/codehaus/plexus/plexus-container-default/1.0-alpha-9-stable-1/plexus-container-default-1.0-alpha-9-stable-1.jar (194 kB at 1.2 MB/s)
[e1432841-85e9-43ff-aaec-fb3fe22331fa/build]   | [INFO] Downloading from central: https://repo.maven.apache.org/maven2/org/codehaus/plexus/plexus-interpolation/1.13/plexus-interpolation-1.13.jar
[e1432841-85e9-43ff-aaec-fb3fe22331fa/build]   | [INFO] Downloaded from central: https://repo.maven.apache.org/maven2/junit/junit/3.8.1/junit-3.8.1.jar (121 kB at 658 kB/s)
[e1432841-85e9-43ff-aaec-fb3fe22331fa/build]   | [INFO] Downloaded from central: https://repo.maven.apache.org/maven2/org/codehaus/plexus/plexus-utils/2.0.5/plexus-utils-2.0.5.jar (223 kB at 1.2 MB/s)
[e1432841-85e9-43ff-aaec-fb3fe22331fa/build]   | [INFO] Downloaded from central: https://repo.maven.apache.org/maven2/org/codehaus/plexus/plexus-interpolation/1.13/plexus-interpolation-1.13.jar (61 kB at 332 kB/s)
[e1432841-85e9-43ff-aaec-fb3fe22331fa/build]   | [INFO] Downloaded from central: https://repo.maven.apache.org/maven2/org/apache/maven/shared/maven-filtering/1.1/maven-filtering-1.1.jar (43 kB at 234 kB/s)
[e1432841-85e9-43ff-aaec-fb3fe22331fa/build]   | [INFO] Downloaded from central: https://repo.maven.apache.org/maven2/org/sonatype/plexus/plexus-build-api/0.0.4/plexus-build-api-0.0.4.jar (6.8 kB at 37 kB/s)
[e1432841-85e9-43ff-aaec-fb3fe22331fa/build]   | [INFO] Using 'UTF-8' encoding to copy filtered resources.
[e1432841-85e9-43ff-aaec-fb3fe22331fa/build]   | [INFO] Copying 2 resources
[e1432841-85e9-43ff-aaec-fb3fe22331fa/build]   | [INFO] 
[e1432841-85e9-43ff-aaec-fb3fe22331fa/build]   | [INFO] --- maven-compiler-plugin:3.1:compile (default-compile) @ jwarc ---
[e1432841-85e9-43ff-aaec-fb3fe22331fa/build]   | [INFO] Downloading from central: https://repo.maven.apache.org/maven2/org/apache/maven/maven-plugin-api/2.0.9/maven-plugin-api-2.0.9.pom
[e1432841-85e9-43ff-aaec-fb3fe22331fa/build]   | [INFO] Downloaded from central: https://repo.maven.apache.org/maven2/org/apache/maven/maven-plugin-api/2.0.9/maven-plugin-api-2.0.9.pom (1.5 kB at 115 kB/s)
[e1432841-85e9-43ff-aaec-fb3fe22331fa/build]   | [INFO] Downloading from central: https://repo.maven.apache.org/maven2/org/apache/maven/maven/2.0.9/maven-2.0.9.pom
[e1432841-85e9-43ff-aaec-fb3fe22331fa/build]   | [INFO] Downloaded from central: https://repo.maven.apache.org/maven2/org/apache/maven/maven/2.0.9/maven-2.0.9.pom (19 kB at 822 kB/s)
[e1432841-85e9-43ff-aaec-fb3fe22331fa/build]   | [INFO] Downloading from central: https://repo.maven.apache.org/maven2/org/apache/maven/maven-parent/8/maven-parent-8.pom
[e1432841-85e9-43ff-aaec-fb3fe22331fa/build]   | [INFO] Downloaded from central: https://repo.maven.apache.org/maven2/org/apache/maven/maven-parent/8/maven-parent-8.pom (24 kB at 1.7 MB/s)
[e1432841-85e9-43ff-aaec-fb3fe22331fa/build]   | [INFO] Downloading from central: https://repo.maven.apache.org/maven2/org/apache/apache/4/apache-4.pom
[e1432841-85e9-43ff-aaec-fb3fe22331fa/build]   | [INFO] Downloaded from central: https://repo.maven.apache.org/maven2/org/apache/apache/4/apache-4.pom (4.5 kB at 161 kB/s)
[e1432841-85e9-43ff-aaec-fb3fe22331fa/build]   | [INFO] Downloading from central: https://repo.maven.apache.org/maven2/org/apache/maven/maven-artifact/2.0.9/maven-artifact-2.0.9.pom
[e1432841-85e9-43ff-aaec-fb3fe22331fa/build]   | [INFO] Downloaded from central: https://repo.maven.apache.org/maven2/org/apache/maven/maven-artifact/2.0.9/maven-artifact-2.0.9.pom (1.6 kB at 95 kB/s)
[e1432841-85e9-43ff-aaec-fb3fe22331fa/build]   | [INFO] Downloading from central: https://repo.maven.apache.org/maven2/org/codehaus/plexus/plexus-utils/1.5.1/plexus-utils-1.5.1.pom
[e1432841-85e9-43ff-aaec-fb3fe22331fa/build]   | [INFO] Downloaded from central: https://repo.maven.apache.org/maven2/org/codehaus/plexus/plexus-utils/1.5.1/plexus-utils-1.5.1.pom (2.3 kB at 287 kB/s)
[e1432841-85e9-43ff-aaec-fb3fe22331fa/build]   | [INFO] Downloading from central: https://repo.maven.apache.org/maven2/org/apache/maven/maven-core/2.0.9/maven-core-2.0.9.pom
[e1432841-85e9-43ff-aaec-fb3fe22331fa/build]   | [INFO] Downloaded from central: https://repo.maven.apache.org/maven2/org/apache/maven/maven-core/2.0.9/maven-core-2.0.9.pom (7.8 kB at 973 kB/s)
[e1432841-85e9-43ff-aaec-fb3fe22331fa/build]   | [INFO] Downloading from central: https://repo.maven.apache.org/maven2/org/apache/maven/maven-settings/2.0.9/maven-settings-2.0.9.pom
[e1432841-85e9-43ff-aaec-fb3fe22331fa/build]   | [INFO] Downloaded from central: https://repo.maven.apache.org/maven2/org/apache/maven/maven-settings/2.0.9/maven-settings-2.0.9.pom (2.1 kB at 187 kB/s)
[e1432841-85e9-43ff-aaec-fb3fe22331fa/build]   | [INFO] Downloading from central: https://repo.maven.apache.org/maven2/org/apache/maven/maven-model/2.0.9/maven-model-2.0.9.pom
[e1432841-85e9-43ff-aaec-fb3fe22331fa/build]   | [INFO] Downloaded from central: https://repo.maven.apache.org/maven2/org/apache/maven/maven-model/2.0.9/maven-model-2.0.9.pom (3.1 kB at 242 kB/s)
[e1432841-85e9-43ff-aaec-fb3fe22331fa/build]   | [INFO] Downloading from central: https://repo.maven.apache.org/maven2/org/apache/maven/maven-plugin-parameter-documenter/2.0.9/maven-plugin-parameter-documenter-2.0.9.pom
[e1432841-85e9-43ff-aaec-fb3fe22331fa/build]   | [INFO] Downloaded from central: https://repo.maven.apache.org/maven2/org/apache/maven/maven-plugin-parameter-documenter/2.0.9/maven-plugin-parameter-documenter-2.0.9.pom (2.0 kB at 151 kB/s)
[e1432841-85e9-43ff-aaec-fb3fe22331fa/build]   | [INFO] Downloading from central: https://repo.maven.apache.org/maven2/org/apache/maven/maven-profile/2.0.9/maven-profile-2.0.9.pom
[e1432841-85e9-43ff-aaec-fb3fe22331fa/build]   | [INFO] Downloaded from central: https://repo.maven.apache.org/maven2/org/apache/maven/maven-profile/2.0.9/maven-profile-2.0.9.pom (2.0 kB at 158 kB/s)
[e1432841-85e9-43ff-aaec-fb3fe22331fa/build]   | [INFO] Downloading from central: https://repo.maven.apache.org/maven2/org/apache/maven/maven-repository-metadata/2.0.9/maven-repository-metadata-2.0.9.pom
[e1432841-85e9-43ff-aaec-fb3fe22331fa/build]   | [INFO] Downloaded from central: https://repo.maven.apache.org/maven2/org/apache/maven/maven-repository-metadata/2.0.9/maven-repository-metadata-2.0.9.pom (1.9 kB at 136 kB/s)
[e1432841-85e9-43ff-aaec-fb3fe22331fa/build]   | [INFO] Downloading from central: https://repo.maven.apache.org/maven2/org/apache/maven/maven-error-diagnostics/2.0.9/maven-error-diagnostics-2.0.9.pom
[e1432841-85e9-43ff-aaec-fb3fe22331fa/build]   | [INFO] Downloaded from central: https://repo.maven.apache.org/maven2/org/apache/maven/maven-error-diagnostics/2.0.9/maven-error-diagnostics-2.0.9.pom (1.7 kB at 174 kB/s)
[e1432841-85e9-43ff-aaec-fb3fe22331fa/build]   | [INFO] Downloading from central: https://repo.maven.apache.org/maven2/org/apache/maven/maven-project/2.0.9/maven-project-2.0.9.pom
[e1432841-85e9-43ff-aaec-fb3fe22331fa/build]   | [INFO] Downloaded from central: https://repo.maven.apache.org/maven2/org/apache/maven/maven-project/2.0.9/maven-project-2.0.9.pom (2.7 kB at 246 kB/s)
[e1432841-85e9-43ff-aaec-fb3fe22331fa/build]   | [INFO] Downloading from central: https://repo.maven.apache.org/maven2/org/apache/maven/maven-artifact-manager/2.0.9/maven-artifact-manager-2.0.9.pom
[e1432841-85e9-43ff-aaec-fb3fe22331fa/build]   | [INFO] Downloaded from central: https://repo.maven.apache.org/maven2/org/apache/maven/maven-artifact-manager/2.0.9/maven-artifact-manager-2.0.9.pom (2.7 kB at 338 kB/s)
[e1432841-85e9-43ff-aaec-fb3fe22331fa/build]   | [INFO] Downloading from central: https://repo.maven.apache.org/maven2/org/apache/maven/maven-plugin-registry/2.0.9/maven-plugin-registry-2.0.9.pom
[e1432841-85e9-43ff-aaec-fb3fe22331fa/build]   | [INFO] Downloaded from central: https://repo.maven.apache.org/maven2/org/apache/maven/maven-plugin-registry/2.0.9/maven-plugin-registry-2.0.9.pom (2.0 kB at 104 kB/s)
[e1432841-85e9-43ff-aaec-fb3fe22331fa/build]   | [INFO] Downloading from central: https://repo.maven.apache.org/maven2/org/apache/maven/maven-plugin-descriptor/2.0.9/maven-plugin-descriptor-2.0.9.pom
[e1432841-85e9-43ff-aaec-fb3fe22331fa/build]   | [INFO] Downloaded from central: https://repo.maven.apache.org/maven2/org/apache/maven/maven-plugin-descriptor/2.0.9/maven-plugin-descriptor-2.0.9.pom (2.1 kB at 83 kB/s)
[e1432841-85e9-43ff-aaec-fb3fe22331fa/build]   | [INFO] Downloading from central: https://repo.maven.apache.org/maven2/org/apache/maven/maven-monitor/2.0.9/maven-monitor-2.0.9.pom
[e1432841-85e9-43ff-aaec-fb3fe22331fa/build]   | [INFO] Downloaded from central: https://repo.maven.apache.org/maven2/org/apache/maven/maven-monitor/2.0.9/maven-monitor-2.0.9.pom (1.3 kB at 41 kB/s)
[e1432841-85e9-43ff-aaec-fb3fe22331fa/build]   | [INFO] Downloading from central: https://repo.maven.apache.org/maven2/org/apache/maven/maven-toolchain/1.0/maven-toolchain-1.0.pom
[e1432841-85e9-43ff-aaec-fb3fe22331fa/build]   | [INFO] Downloaded from central: https://repo.maven.apache.org/maven2/org/apache/maven/maven-toolchain/1.0/maven-toolchain-1.0.pom (3.4 kB at 122 kB/s)
[e1432841-85e9-43ff-aaec-fb3fe22331fa/build]   | [INFO] Downloading from central: https://repo.maven.apache.org/maven2/org/apache/maven/shared/maven-shared-utils/0.1/maven-shared-utils-0.1.pom
[e1432841-85e9-43ff-aaec-fb3fe22331fa/build]   | [INFO] Downloaded from central: https://repo.maven.apache.org/maven2/org/apache/maven/shared/maven-shared-utils/0.1/maven-shared-utils-0.1.pom (4.0 kB at 270 kB/s)
[e1432841-85e9-43ff-aaec-fb3fe22331fa/build]   | [INFO] Downloading from central: https://repo.maven.apache.org/maven2/org/apache/maven/shared/maven-shared-components/18/maven-shared-components-18.pom
[e1432841-85e9-43ff-aaec-fb3fe22331fa/build]   | [INFO] Downloaded from central: https://repo.maven.apache.org/maven2/org/apache/maven/shared/maven-shared-components/18/maven-shared-components-18.pom (4.9 kB at 274 kB/s)
[e1432841-85e9-43ff-aaec-fb3fe22331fa/build]   | [INFO] Downloading from central: https://repo.maven.apache.org/maven2/com/google/code/findbugs/jsr305/2.0.1/jsr305-2.0.1.pom
[e1432841-85e9-43ff-aaec-fb3fe22331fa/build]   | [INFO] Downloaded from central: https://repo.maven.apache.org/maven2/com/google/code/findbugs/jsr305/2.0.1/jsr305-2.0.1.pom (965 B at 40 kB/s)
[e1432841-85e9-43ff-aaec-fb3fe22331fa/build]   | [INFO] Downloading from central: https://repo.maven.apache.org/maven2/org/apache/maven/shared/maven-shared-incremental/1.1/maven-shared-incremental-1.1.pom
[e1432841-85e9-43ff-aaec-fb3fe22331fa/build]   | [INFO] Downloaded from central: https://repo.maven.apache.org/maven2/org/apache/maven/shared/maven-shared-incremental/1.1/maven-shared-incremental-1.1.pom (4.7 kB at 237 kB/s)
[e1432841-85e9-43ff-aaec-fb3fe22331fa/build]   | [INFO] Downloading from central: https://repo.maven.apache.org/maven2/org/apache/maven/shared/maven-shared-components/19/maven-shared-components-19.pom
[e1432841-85e9-43ff-aaec-fb3fe22331fa/build]   | [INFO] Downloaded from central: https://repo.maven.apache.org/maven2/org/apache/maven/shared/maven-shared-components/19/maven-shared-components-19.pom (6.4 kB at 276 kB/s)
[e1432841-85e9-43ff-aaec-fb3fe22331fa/build]   | [INFO] Downloading from central: https://repo.maven.apache.org/maven2/org/apache/maven/maven-plugin-api/2.2.1/maven-plugin-api-2.2.1.pom
[e1432841-85e9-43ff-aaec-fb3fe22331fa/build]   | [INFO] Downloaded from central: https://repo.maven.apache.org/maven2/org/apache/maven/maven-plugin-api/2.2.1/maven-plugin-api-2.2.1.pom (1.5 kB at 63 kB/s)
[e1432841-85e9-43ff-aaec-fb3fe22331fa/build]   | [INFO] Downloading from central: https://repo.maven.apache.org/maven2/org/apache/maven/maven/2.2.1/maven-2.2.1.pom
[e1432841-85e9-43ff-aaec-fb3fe22331fa/build]   | [INFO] Downloaded from central: https://repo.maven.apache.org/maven2/org/apache/maven/maven/2.2.1/maven-2.2.1.pom (22 kB at 1.2 MB/s)
[e1432841-85e9-43ff-aaec-fb3fe22331fa/build]   | [INFO] Downloading from central: https://repo.maven.apache.org/maven2/org/apache/maven/maven-parent/11/maven-parent-11.pom
[e1432841-85e9-43ff-aaec-fb3fe22331fa/build]   | [INFO] Downloaded from central: https://repo.maven.apache.org/maven2/org/apache/maven/maven-parent/11/maven-parent-11.pom (32 kB at 2.2 MB/s)
[e1432841-85e9-43ff-aaec-fb3fe22331fa/build]   | [INFO] Downloading from central: https://repo.maven.apache.org/maven2/org/apache/apache/5/apache-5.pom
[e1432841-85e9-43ff-aaec-fb3fe22331fa/build]   | [INFO] Downloaded from central: https://repo.maven.apache.org/maven2/org/apache/apache/5/apache-5.pom (4.1 kB at 341 kB/s)
[e1432841-85e9-43ff-aaec-fb3fe22331fa/build]   | [INFO] Downloading from central: https://repo.maven.apache.org/maven2/org/apache/maven/maven-core/2.2.1/maven-core-2.2.1.pom
[e1432841-85e9-43ff-aaec-fb3fe22331fa/build]   | [INFO] Downloaded from central: https://repo.maven.apache.org/maven2/org/apache/maven/maven-core/2.2.1/maven-core-2.2.1.pom (12 kB at 465 kB/s)
[e1432841-85e9-43ff-aaec-fb3fe22331fa/build]   | [INFO] Downloading from central: https://repo.maven.apache.org/maven2/org/apache/maven/maven-settings/2.2.1/maven-settings-2.2.1.pom
[e1432841-85e9-43ff-aaec-fb3fe22331fa/build]   | [INFO] Downloaded from central: https://repo.maven.apache.org/maven2/org/apache/maven/maven-settings/2.2.1/maven-settings-2.2.1.pom (2.2 kB at 156 kB/s)
[e1432841-85e9-43ff-aaec-fb3fe22331fa/build]   | [INFO] Downloading from central: https://repo.maven.apache.org/maven2/org/apache/maven/maven-model/2.2.1/maven-model-2.2.1.pom
[e1432841-85e9-43ff-aaec-fb3fe22331fa/build]   | [INFO] Downloaded from central: https://repo.maven.apache.org/maven2/org/apache/maven/maven-model/2.2.1/maven-model-2.2.1.pom (3.2 kB at 231 kB/s)
[e1432841-85e9-43ff-aaec-fb3fe22331fa/build]   | [INFO] Downloading from central: https://repo.maven.apache.org/maven2/org/codehaus/plexus/plexus-interpolation/1.11/plexus-interpolation-1.11.pom
[e1432841-85e9-43ff-aaec-fb3fe22331fa/build]   | [INFO] Downloaded from central: https://repo.maven.apache.org/maven2/org/codehaus/plexus/plexus-interpolation/1.11/plexus-interpolation-1.11.pom (889 B at 29 kB/s)
[e1432841-85e9-43ff-aaec-fb3fe22331fa/build]   | [INFO] Downloading from central: https://repo.maven.apache.org/maven2/org/apache/maven/maven-plugin-parameter-documenter/2.2.1/maven-plugin-parameter-documenter-2.2.1.pom
[e1432841-85e9-43ff-aaec-fb3fe22331fa/build]   | [INFO] Downloaded from central: https://repo.maven.apache.org/maven2/org/apache/maven/maven-plugin-parameter-documenter/2.2.1/maven-plugin-parameter-documenter-2.2.1.pom (2.0 kB at 103 kB/s)
[e1432841-85e9-43ff-aaec-fb3fe22331fa/build]   | [INFO] Downloading from central: https://repo.maven.apache.org/maven2/org/slf4j/slf4j-jdk14/1.5.6/slf4j-jdk14-1.5.6.pom
[e1432841-85e9-43ff-aaec-fb3fe22331fa/build]   | [INFO] Downloaded from central: https://repo.maven.apache.org/maven2/org/slf4j/slf4j-jdk14/1.5.6/slf4j-jdk14-1.5.6.pom (1.9 kB at 105 kB/s)
[e1432841-85e9-43ff-aaec-fb3fe22331fa/build]   | [INFO] Downloading from central: https://repo.maven.apache.org/maven2/org/slf4j/slf4j-parent/1.5.6/slf4j-parent-1.5.6.pom
[e1432841-85e9-43ff-aaec-fb3fe22331fa/build]   | [INFO] Downloaded from central: https://repo.maven.apache.org/maven2/org/slf4j/slf4j-parent/1.5.6/slf4j-parent-1.5.6.pom (7.9 kB at 273 kB/s)
[e1432841-85e9-43ff-aaec-fb3fe22331fa/build]   | [INFO] Downloading from central: https://repo.maven.apache.org/maven2/org/slf4j/slf4j-api/1.5.6/slf4j-api-1.5.6.pom
[e1432841-85e9-43ff-aaec-fb3fe22331fa/build]   | [INFO] Downloaded from central: https://repo.maven.apache.org/maven2/org/slf4j/slf4j-api/1.5.6/slf4j-api-1.5.6.pom (3.0 kB at 213 kB/s)
[e1432841-85e9-43ff-aaec-fb3fe22331fa/build]   | [INFO] Downloading from central: https://repo.maven.apache.org/maven2/org/slf4j/jcl-over-slf4j/1.5.6/jcl-over-slf4j-1.5.6.pom
[e1432841-85e9-43ff-aaec-fb3fe22331fa/build]   | [INFO] Downloaded from central: https://repo.maven.apache.org/maven2/org/slf4j/jcl-over-slf4j/1.5.6/jcl-over-slf4j-1.5.6.pom (2.2 kB at 136 kB/s)
[e1432841-85e9-43ff-aaec-fb3fe22331fa/build]   | [INFO] Downloading from central: https://repo.maven.apache.org/maven2/org/apache/maven/maven-profile/2.2.1/maven-profile-2.2.1.pom
[e1432841-85e9-43ff-aaec-fb3fe22331fa/build]   | [INFO] Downloaded from central: https://repo.maven.apache.org/maven2/org/apache/maven/maven-profile/2.2.1/maven-profile-2.2.1.pom (2.2 kB at 310 kB/s)
[e1432841-85e9-43ff-aaec-fb3fe22331fa/build]   | [INFO] Downloading from central: https://repo.maven.apache.org/maven2/org/apache/maven/maven-artifact/2.2.1/maven-artifact-2.2.1.pom
[e1432841-85e9-43ff-aaec-fb3fe22331fa/build]   | [INFO] Downloaded from central: https://repo.maven.apache.org/maven2/org/apache/maven/maven-artifact/2.2.1/maven-artifact-2.2.1.pom (1.6 kB at 132 kB/s)
[e1432841-85e9-43ff-aaec-fb3fe22331fa/build]   | [INFO] Downloading from central: https://repo.maven.apache.org/maven2/org/apache/maven/maven-repository-metadata/2.2.1/maven-repository-metadata-2.2.1.pom
[e1432841-85e9-43ff-aaec-fb3fe22331fa/build]   | [INFO] Downloaded from central: https://repo.maven.apache.org/maven2/org/apache/maven/maven-repository-metadata/2.2.1/maven-repository-metadata-2.2.1.pom (1.9 kB at 89 kB/s)
[e1432841-85e9-43ff-aaec-fb3fe22331fa/build]   | [INFO] Downloading from central: https://repo.maven.apache.org/maven2/org/apache/maven/maven-error-diagnostics/2.2.1/maven-error-diagnostics-2.2.1.pom
[e1432841-85e9-43ff-aaec-fb3fe22331fa/build]   | [INFO] Downloaded from central: https://repo.maven.apache.org/maven2/org/apache/maven/maven-error-diagnostics/2.2.1/maven-error-diagnostics-2.2.1.pom (1.7 kB at 90 kB/s)
[e1432841-85e9-43ff-aaec-fb3fe22331fa/build]   | [INFO] Downloading from central: https://repo.maven.apache.org/maven2/org/apache/maven/maven-project/2.2.1/maven-project-2.2.1.pom
[e1432841-85e9-43ff-aaec-fb3fe22331fa/build]   | [INFO] Downloaded from central: https://repo.maven.apache.org/maven2/org/apache/maven/maven-project/2.2.1/maven-project-2.2.1.pom (2.8 kB at 103 kB/s)
[e1432841-85e9-43ff-aaec-fb3fe22331fa/build]   | [INFO] Downloading from central: https://repo.maven.apache.org/maven2/org/apache/maven/maven-artifact-manager/2.2.1/maven-artifact-manager-2.2.1.pom
[e1432841-85e9-43ff-aaec-fb3fe22331fa/build]   | [INFO] Downloaded from central: https://repo.maven.apache.org/maven2/org/apache/maven/maven-artifact-manager/2.2.1/maven-artifact-manager-2.2.1.pom (3.1 kB at 222 kB/s)
[e1432841-85e9-43ff-aaec-fb3fe22331fa/build]   | [INFO] Downloading from central: https://repo.maven.apache.org/maven2/backport-util-concurrent/backport-util-concurrent/3.1/backport-util-concurrent-3.1.pom
[e1432841-85e9-43ff-aaec-fb3fe22331fa/build]   | [INFO] Downloaded from central: https://repo.maven.apache.org/maven2/backport-util-concurrent/backport-util-concurrent/3.1/backport-util-concurrent-3.1.pom (880 B at 80 kB/s)
[e1432841-85e9-43ff-aaec-fb3fe22331fa/build]   | [INFO] Downloading from central: https://repo.maven.apache.org/maven2/org/apache/maven/maven-plugin-registry/2.2.1/maven-plugin-registry-2.2.1.pom
[e1432841-85e9-43ff-aaec-fb3fe22331fa/build]   | [INFO] Downloaded from central: https://repo.maven.apache.org/maven2/org/apache/maven/maven-plugin-registry/2.2.1/maven-plugin-registry-2.2.1.pom (1.9 kB at 113 kB/s)
[e1432841-85e9-43ff-aaec-fb3fe22331fa/build]   | [INFO] Downloading from central: https://repo.maven.apache.org/maven2/org/apache/maven/maven-plugin-descriptor/2.2.1/maven-plugin-descriptor-2.2.1.pom
[e1432841-85e9-43ff-aaec-fb3fe22331fa/build]   | [INFO] Downloaded from central: https://repo.maven.apache.org/maven2/org/apache/maven/maven-plugin-descriptor/2.2.1/maven-plugin-descriptor-2.2.1.pom (2.1 kB at 159 kB/s)
[e1432841-85e9-43ff-aaec-fb3fe22331fa/build]   | [INFO] Downloading from central: https://repo.maven.apache.org/maven2/org/apache/maven/maven-monitor/2.2.1/maven-monitor-2.2.1.pom
[e1432841-85e9-43ff-aaec-fb3fe22331fa/build]   | [INFO] Downloaded from central: https://repo.maven.apache.org/maven2/org/apache/maven/maven-monitor/2.2.1/maven-monitor-2.2.1.pom (1.3 kB at 84 kB/s)
[e1432841-85e9-43ff-aaec-fb3fe22331fa/build]   | [INFO] Downloading from central: https://repo.maven.apache.org/maven2/org/sonatype/plexus/plexus-sec-dispatcher/1.3/plexus-sec-dispatcher-1.3.pom
[e1432841-85e9-43ff-aaec-fb3fe22331fa/build]   | [INFO] Downloaded from central: https://repo.maven.apache.org/maven2/org/sonatype/plexus/plexus-sec-dispatcher/1.3/plexus-sec-dispatcher-1.3.pom (3.0 kB at 247 kB/s)
[e1432841-85e9-43ff-aaec-fb3fe22331fa/build]   | [INFO] Downloading from central: https://repo.maven.apache.org/maven2/org/sonatype/spice/spice-parent/12/spice-parent-12.pom
[e1432841-85e9-43ff-aaec-fb3fe22331fa/build]   | [INFO] Downloaded from central: https://repo.maven.apache.org/maven2/org/sonatype/spice/spice-parent/12/spice-parent-12.pom (6.8 kB at 378 kB/s)
[e1432841-85e9-43ff-aaec-fb3fe22331fa/build]   | [INFO] Downloading from central: https://repo.maven.apache.org/maven2/org/sonatype/forge/forge-parent/4/forge-parent-4.pom
[e1432841-85e9-43ff-aaec-fb3fe22331fa/build]   | [INFO] Downloaded from central: https://repo.maven.apache.org/maven2/org/sonatype/forge/forge-parent/4/forge-parent-4.pom (8.4 kB at 466 kB/s)
[e1432841-85e9-43ff-aaec-fb3fe22331fa/build]   | [INFO] Downloading from central: https://repo.maven.apache.org/maven2/org/codehaus/plexus/plexus-utils/1.5.5/plexus-utils-1.5.5.pom
[e1432841-85e9-43ff-aaec-fb3fe22331fa/build]   | [INFO] Downloaded from central: https://repo.maven.apache.org/maven2/org/codehaus/plexus/plexus-utils/1.5.5/plexus-utils-1.5.5.pom (5.1 kB at 572 kB/s)
[e1432841-85e9-43ff-aaec-fb3fe22331fa/build]   | [INFO] Downloading from central: https://repo.maven.apache.org/maven2/org/sonatype/plexus/plexus-cipher/1.4/plexus-cipher-1.4.pom
[e1432841-85e9-43ff-aaec-fb3fe22331fa/build]   | [INFO] Downloaded from central: https://repo.maven.apache.org/maven2/org/sonatype/plexus/plexus-cipher/1.4/plexus-cipher-1.4.pom (2.1 kB at 206 kB/s)
[e1432841-85e9-43ff-aaec-fb3fe22331fa/build]   | [INFO] Downloading from central: https://repo.maven.apache.org/maven2/org/codehaus/plexus/plexus-component-annotations/1.5.5/plexus-component-annotations-1.5.5.pom
[e1432841-85e9-43ff-aaec-fb3fe22331fa/build]   | [INFO] Downloaded from central: https://repo.maven.apache.org/maven2/org/codehaus/plexus/plexus-component-annotations/1.5.5/plexus-component-annotations-1.5.5.pom (815 B at 31 kB/s)
[e1432841-85e9-43ff-aaec-fb3fe22331fa/build]   | [INFO] Downloading from central: https://repo.maven.apache.org/maven2/org/codehaus/plexus/plexus-containers/1.5.5/plexus-containers-1.5.5.pom
[e1432841-85e9-43ff-aaec-fb3fe22331fa/build]   | [INFO] Downloaded from central: https://repo.maven.apache.org/maven2/org/codehaus/plexus/plexus-containers/1.5.5/plexus-containers-1.5.5.pom (4.2 kB at 326 kB/s)
[e1432841-85e9-43ff-aaec-fb3fe22331fa/build]   | [INFO] Downloading from central: https://repo.maven.apache.org/maven2/org/codehaus/plexus/plexus/2.0.7/plexus-2.0.7.pom
[e1432841-85e9-43ff-aaec-fb3fe22331fa/build]   | [INFO] Downloaded from central: https://repo.maven.apache.org/maven2/org/codehaus/plexus/plexus/2.0.7/plexus-2.0.7.pom (17 kB at 1.2 MB/s)
[e1432841-85e9-43ff-aaec-fb3fe22331fa/build]   | [INFO] Downloading from central: https://repo.maven.apache.org/maven2/org/codehaus/plexus/plexus-compiler-api/2.2/plexus-compiler-api-2.2.pom
[e1432841-85e9-43ff-aaec-fb3fe22331fa/build]   | [INFO] Downloaded from central: https://repo.maven.apache.org/maven2/org/codehaus/plexus/plexus-compiler-api/2.2/plexus-compiler-api-2.2.pom (865 B at 86 kB/s)
[e1432841-85e9-43ff-aaec-fb3fe22331fa/build]   | [INFO] Downloading from central: https://repo.maven.apache.org/maven2/org/codehaus/plexus/plexus-compiler/2.2/plexus-compiler-2.2.pom
[e1432841-85e9-43ff-aaec-fb3fe22331fa/build]   | [INFO] Downloaded from central: https://repo.maven.apache.org/maven2/org/codehaus/plexus/plexus-compiler/2.2/plexus-compiler-2.2.pom (3.6 kB at 329 kB/s)
[e1432841-85e9-43ff-aaec-fb3fe22331fa/build]   | [INFO] Downloading from central: https://repo.maven.apache.org/maven2/org/codehaus/plexus/plexus-components/1.3.1/plexus-components-1.3.1.pom
[e1432841-85e9-43ff-aaec-fb3fe22331fa/build]   | [INFO] Downloaded from central: https://repo.maven.apache.org/maven2/org/codehaus/plexus/plexus-components/1.3.1/plexus-components-1.3.1.pom (3.1 kB at 236 kB/s)
[e1432841-85e9-43ff-aaec-fb3fe22331fa/build]   | [INFO] Downloading from central: https://repo.maven.apache.org/maven2/org/codehaus/plexus/plexus/3.3.1/plexus-3.3.1.pom
[e1432841-85e9-43ff-aaec-fb3fe22331fa/build]   | [INFO] Downloaded from central: https://repo.maven.apache.org/maven2/org/codehaus/plexus/plexus/3.3.1/plexus-3.3.1.pom (20 kB at 818 kB/s)
[e1432841-85e9-43ff-aaec-fb3fe22331fa/build]   | [INFO] Downloading from central: https://repo.maven.apache.org/maven2/org/sonatype/spice/spice-parent/17/spice-parent-17.pom
[e1432841-85e9-43ff-aaec-fb3fe22331fa/build]   | [INFO] Downloaded from central: https://repo.maven.apache.org/maven2/org/sonatype/spice/spice-parent/17/spice-parent-17.pom (6.8 kB at 398 kB/s)
[e1432841-85e9-43ff-aaec-fb3fe22331fa/build]   | [INFO] Downloading from central: https://repo.maven.apache.org/maven2/org/sonatype/forge/forge-parent/10/forge-parent-10.pom
[e1432841-85e9-43ff-aaec-fb3fe22331fa/build]   | [INFO] Downloaded from central: https://repo.maven.apache.org/maven2/org/sonatype/forge/forge-parent/10/forge-parent-10.pom (14 kB at 848 kB/s)
[e1432841-85e9-43ff-aaec-fb3fe22331fa/build]   | [INFO] Downloading from central: https://repo.maven.apache.org/maven2/org/codehaus/plexus/plexus-utils/3.0.8/plexus-utils-3.0.8.pom
[e1432841-85e9-43ff-aaec-fb3fe22331fa/build]   | [INFO] Downloaded from central: https://repo.maven.apache.org/maven2/org/codehaus/plexus/plexus-utils/3.0.8/plexus-utils-3.0.8.pom (3.1 kB at 196 kB/s)
[e1432841-85e9-43ff-aaec-fb3fe22331fa/build]   | [INFO] Downloading from central: https://repo.maven.apache.org/maven2/org/codehaus/plexus/plexus/3.2/plexus-3.2.pom
[e1432841-85e9-43ff-aaec-fb3fe22331fa/build]   | [INFO] Downloaded from central: https://repo.maven.apache.org/maven2/org/codehaus/plexus/plexus/3.2/plexus-3.2.pom (19 kB at 815 kB/s)
[e1432841-85e9-43ff-aaec-fb3fe22331fa/build]   | [INFO] Downloading from central: https://repo.maven.apache.org/maven2/org/codehaus/plexus/plexus-compiler-manager/2.2/plexus-compiler-manager-2.2.pom
[e1432841-85e9-43ff-aaec-fb3fe22331fa/build]   | [INFO] Downloaded from central: https://repo.maven.apache.org/maven2/org/codehaus/plexus/plexus-compiler-manager/2.2/plexus-compiler-manager-2.2.pom (690 B at 38 kB/s)
[e1432841-85e9-43ff-aaec-fb3fe22331fa/build]   | [INFO] Downloading from central: https://repo.maven.apache.org/maven2/org/codehaus/plexus/plexus-compiler-javac/2.2/plexus-compiler-javac-2.2.pom
[e1432841-85e9-43ff-aaec-fb3fe22331fa/build]   | [INFO] Downloaded from central: https://repo.maven.apache.org/maven2/org/codehaus/plexus/plexus-compiler-javac/2.2/plexus-compiler-javac-2.2.pom (769 B at 33 kB/s)
[e1432841-85e9-43ff-aaec-fb3fe22331fa/build]   | [INFO] Downloading from central: https://repo.maven.apache.org/maven2/org/codehaus/plexus/plexus-compilers/2.2/plexus-compilers-2.2.pom
[e1432841-85e9-43ff-aaec-fb3fe22331fa/build]   | [INFO] Downloaded from central: https://repo.maven.apache.org/maven2/org/codehaus/plexus/plexus-compilers/2.2/plexus-compilers-2.2.pom (1.2 kB at 138 kB/s)
[e1432841-85e9-43ff-aaec-fb3fe22331fa/build]   | [INFO] Downloading from central: https://repo.maven.apache.org/maven2/org/codehaus/plexus/plexus-container-default/1.5.5/plexus-container-default-1.5.5.pom
[e1432841-85e9-43ff-aaec-fb3fe22331fa/build]   | [INFO] Downloaded from central: https://repo.maven.apache.org/maven2/org/codehaus/plexus/plexus-container-default/1.5.5/plexus-container-default-1.5.5.pom (2.8 kB at 172 kB/s)
[e1432841-85e9-43ff-aaec-fb3fe22331fa/build]   | [INFO] Downloading from central: https://repo.maven.apache.org/maven2/org/codehaus/plexus/plexus-utils/1.4.5/plexus-utils-1.4.5.pom
[e1432841-85e9-43ff-aaec-fb3fe22331fa/build]   | [INFO] Downloaded from central: https://repo.maven.apache.org/maven2/org/codehaus/plexus/plexus-utils/1.4.5/plexus-utils-1.4.5.pom (2.3 kB at 151 kB/s)
[e1432841-85e9-43ff-aaec-fb3fe22331fa/build]   | [INFO] Downloading from central: https://repo.maven.apache.org/maven2/org/codehaus/plexus/plexus-classworlds/2.2.2/plexus-classworlds-2.2.2.pom
[e1432841-85e9-43ff-aaec-fb3fe22331fa/build]   | [INFO] Downloaded from central: https://repo.maven.apache.org/maven2/org/codehaus/plexus/plexus-classworlds/2.2.2/plexus-classworlds-2.2.2.pom (4.0 kB at 336 kB/s)
[e1432841-85e9-43ff-aaec-fb3fe22331fa/build]   | [INFO] Downloading from central: https://repo.maven.apache.org/maven2/org/apache/xbean/xbean-reflect/3.4/xbean-reflect-3.4.pom
[e1432841-85e9-43ff-aaec-fb3fe22331fa/build]   | [INFO] Downloaded from central: https://repo.maven.apache.org/maven2/org/apache/xbean/xbean-reflect/3.4/xbean-reflect-3.4.pom (2.8 kB at 134 kB/s)
[e1432841-85e9-43ff-aaec-fb3fe22331fa/build]   | [INFO] Downloading from central: https://repo.maven.apache.org/maven2/org/apache/xbean/xbean/3.4/xbean-3.4.pom
[e1432841-85e9-43ff-aaec-fb3fe22331fa/build]   | [INFO] Downloaded from central: https://repo.maven.apache.org/maven2/org/apache/xbean/xbean/3.4/xbean-3.4.pom (19 kB at 1.2 MB/s)
[e1432841-85e9-43ff-aaec-fb3fe22331fa/build]   | [INFO] Downloading from central: https://repo.maven.apache.org/maven2/log4j/log4j/1.2.12/log4j-1.2.12.pom
[e1432841-85e9-43ff-aaec-fb3fe22331fa/build]   | [INFO] Downloaded from central: https://repo.maven.apache.org/maven2/log4j/log4j/1.2.12/log4j-1.2.12.pom (145 B at 18 kB/s)
[e1432841-85e9-43ff-aaec-fb3fe22331fa/build]   | [INFO] Downloading from central: https://repo.maven.apache.org/maven2/commons-logging/commons-logging-api/1.1/commons-logging-api-1.1.pom
[e1432841-85e9-43ff-aaec-fb3fe22331fa/build]   | [INFO] Downloaded from central: https://repo.maven.apache.org/maven2/commons-logging/commons-logging-api/1.1/commons-logging-api-1.1.pom (5.3 kB at 382 kB/s)
[e1432841-85e9-43ff-aaec-fb3fe22331fa/build]   | [INFO] Downloading from central: https://repo.maven.apache.org/maven2/com/google/collections/google-collections/1.0/google-collections-1.0.pom
[e1432841-85e9-43ff-aaec-fb3fe22331fa/build]   | [INFO] Downloaded from central: https://repo.maven.apache.org/maven2/com/google/collections/google-collections/1.0/google-collections-1.0.pom (2.5 kB at 177 kB/s)
[e1432841-85e9-43ff-aaec-fb3fe22331fa/build]   | [INFO] Downloading from central: https://repo.maven.apache.org/maven2/com/google/google/1/google-1.pom
[e1432841-85e9-43ff-aaec-fb3fe22331fa/build]   | [INFO] Downloaded from central: https://repo.maven.apache.org/maven2/com/google/google/1/google-1.pom (1.6 kB at 97 kB/s)
[e1432841-85e9-43ff-aaec-fb3fe22331fa/build]   | [INFO] Downloading from central: https://repo.maven.apache.org/maven2/junit/junit/3.8.2/junit-3.8.2.pom
[e1432841-85e9-43ff-aaec-fb3fe22331fa/build]   | [INFO] Downloaded from central: https://repo.maven.apache.org/maven2/junit/junit/3.8.2/junit-3.8.2.pom (747 B at 53 kB/s)
[e1432841-85e9-43ff-aaec-fb3fe22331fa/build]   | [INFO] Downloading from central: https://repo.maven.apache.org/maven2/org/apache/maven/maven-plugin-api/2.0.9/maven-plugin-api-2.0.9.jar
[e1432841-85e9-43ff-aaec-fb3fe22331fa/build]   | [INFO] Downloading from central: https://repo.maven.apache.org/maven2/org/apache/maven/maven-artifact/2.0.9/maven-artifact-2.0.9.jar
[e1432841-85e9-43ff-aaec-fb3fe22331fa/build]   | [INFO] Downloading from central: https://repo.maven.apache.org/maven2/org/codehaus/plexus/plexus-utils/1.5.1/plexus-utils-1.5.1.jar
[e1432841-85e9-43ff-aaec-fb3fe22331fa/build]   | [INFO] Downloading from central: https://repo.maven.apache.org/maven2/org/apache/maven/maven-core/2.0.9/maven-core-2.0.9.jar
[e1432841-85e9-43ff-aaec-fb3fe22331fa/build]   | [INFO] Downloading from central: https://repo.maven.apache.org/maven2/org/apache/maven/maven-settings/2.0.9/maven-settings-2.0.9.jar
[e1432841-85e9-43ff-aaec-fb3fe22331fa/build]   | [INFO] Downloaded from central: https://repo.maven.apache.org/maven2/org/apache/maven/maven-artifact/2.0.9/maven-artifact-2.0.9.jar (89 kB at 8.1 MB/s)
[e1432841-85e9-43ff-aaec-fb3fe22331fa/build]   | [INFO] Downloading from central: https://repo.maven.apache.org/maven2/org/apache/maven/maven-plugin-parameter-documenter/2.0.9/maven-plugin-parameter-documenter-2.0.9.jar
[e1432841-85e9-43ff-aaec-fb3fe22331fa/build]   | [INFO] Downloaded from central: https://repo.maven.apache.org/maven2/org/apache/maven/maven-plugin-api/2.0.9/maven-plugin-api-2.0.9.jar (13 kB at 645 kB/s)
[e1432841-85e9-43ff-aaec-fb3fe22331fa/build]   | [INFO] Downloading from central: https://repo.maven.apache.org/maven2/org/apache/maven/maven-profile/2.0.9/maven-profile-2.0.9.jar
[e1432841-85e9-43ff-aaec-fb3fe22331fa/build]   | [INFO] Downloaded from central: https://repo.maven.apache.org/maven2/org/apache/maven/maven-settings/2.0.9/maven-settings-2.0.9.jar (49 kB at 1.8 MB/s)
[e1432841-85e9-43ff-aaec-fb3fe22331fa/build]   | [INFO] Downloading from central: https://repo.maven.apache.org/maven2/org/apache/maven/maven-model/2.0.9/maven-model-2.0.9.jar
[e1432841-85e9-43ff-aaec-fb3fe22331fa/build]   | [INFO] Downloaded from central: https://repo.maven.apache.org/maven2/org/apache/maven/maven-core/2.0.9/maven-core-2.0.9.jar (160 kB at 4.7 MB/s)
[e1432841-85e9-43ff-aaec-fb3fe22331fa/build]   | [INFO] Downloading from central: https://repo.maven.apache.org/maven2/org/apache/maven/maven-repository-metadata/2.0.9/maven-repository-metadata-2.0.9.jar
[e1432841-85e9-43ff-aaec-fb3fe22331fa/build]   | [INFO] Downloaded from central: https://repo.maven.apache.org/maven2/org/codehaus/plexus/plexus-utils/1.5.1/plexus-utils-1.5.1.jar (211 kB at 5.7 MB/s)
[e1432841-85e9-43ff-aaec-fb3fe22331fa/build]   | [INFO] Downloading from central: https://repo.maven.apache.org/maven2/org/apache/maven/maven-error-diagnostics/2.0.9/maven-error-diagnostics-2.0.9.jar
[e1432841-85e9-43ff-aaec-fb3fe22331fa/build]   | [INFO] Downloaded from central: https://repo.maven.apache.org/maven2/org/apache/maven/maven-profile/2.0.9/maven-profile-2.0.9.jar (35 kB at 822 kB/s)
[e1432841-85e9-43ff-aaec-fb3fe22331fa/build]   | [INFO] Downloading from central: https://repo.maven.apache.org/maven2/org/apache/maven/maven-project/2.0.9/maven-project-2.0.9.jar
[e1432841-85e9-43ff-aaec-fb3fe22331fa/build]   | [INFO] Downloaded from central: https://repo.maven.apache.org/maven2/org/apache/maven/maven-plugin-parameter-documenter/2.0.9/maven-plugin-parameter-documenter-2.0.9.jar (21 kB at 454 kB/s)
[e1432841-85e9-43ff-aaec-fb3fe22331fa/build]   | [INFO] Downloading from central: https://repo.maven.apache.org/maven2/org/apache/maven/maven-plugin-registry/2.0.9/maven-plugin-registry-2.0.9.jar
[e1432841-85e9-43ff-aaec-fb3fe22331fa/build]   | [INFO] Downloaded from central: https://repo.maven.apache.org/maven2/org/apache/maven/maven-repository-metadata/2.0.9/maven-repository-metadata-2.0.9.jar (25 kB at 423 kB/s)
[e1432841-85e9-43ff-aaec-fb3fe22331fa/build]   | [INFO] Downloading from central: https://repo.maven.apache.org/maven2/org/apache/maven/maven-plugin-descriptor/2.0.9/maven-plugin-descriptor-2.0.9.jar
[e1432841-85e9-43ff-aaec-fb3fe22331fa/build]   | [INFO] Downloaded from central: https://repo.maven.apache.org/maven2/org/apache/maven/maven-project/2.0.9/maven-project-2.0.9.jar (122 kB at 2.1 MB/s)
[e1432841-85e9-43ff-aaec-fb3fe22331fa/build]   | [INFO] Downloading from central: https://repo.maven.apache.org/maven2/org/apache/maven/maven-artifact-manager/2.0.9/maven-artifact-manager-2.0.9.jar
[e1432841-85e9-43ff-aaec-fb3fe22331fa/build]   | [INFO] Downloaded from central: https://repo.maven.apache.org/maven2/org/apache/maven/maven-model/2.0.9/maven-model-2.0.9.jar (87 kB at 1.5 MB/s)
[e1432841-85e9-43ff-aaec-fb3fe22331fa/build]   | [INFO] Downloading from central: https://repo.maven.apache.org/maven2/org/apache/maven/maven-monitor/2.0.9/maven-monitor-2.0.9.jar
[e1432841-85e9-43ff-aaec-fb3fe22331fa/build]   | [INFO] Downloaded from central: https://repo.maven.apache.org/maven2/org/apache/maven/maven-error-diagnostics/2.0.9/maven-error-diagnostics-2.0.9.jar (14 kB at 226 kB/s)
[e1432841-85e9-43ff-aaec-fb3fe22331fa/build]   | [INFO] Downloaded from central: https://repo.maven.apache.org/maven2/org/apache/maven/maven-plugin-registry/2.0.9/maven-plugin-registry-2.0.9.jar (29 kB at 447 kB/s)
[e1432841-85e9-43ff-aaec-fb3fe22331fa/build]   | [INFO] Downloading from central: https://repo.maven.apache.org/maven2/org/apache/maven/shared/maven-shared-utils/0.1/maven-shared-utils-0.1.jar
[e1432841-85e9-43ff-aaec-fb3fe22331fa/build]   | [INFO] Downloading from central: https://repo.maven.apache.org/maven2/org/apache/maven/maven-toolchain/1.0/maven-toolchain-1.0.jar
[e1432841-85e9-43ff-aaec-fb3fe22331fa/build]   | [INFO] Downloaded from central: https://repo.maven.apache.org/maven2/org/apache/maven/maven-monitor/2.0.9/maven-monitor-2.0.9.jar (10 kB at 105 kB/s)
[e1432841-85e9-43ff-aaec-fb3fe22331fa/build]   | [INFO] Downloading from central: https://repo.maven.apache.org/maven2/com/google/code/findbugs/jsr305/2.0.1/jsr305-2.0.1.jar
[e1432841-85e9-43ff-aaec-fb3fe22331fa/build]   | [INFO] Downloaded from central: https://repo.maven.apache.org/maven2/org/apache/maven/maven-artifact-manager/2.0.9/maven-artifact-manager-2.0.9.jar (58 kB at 584 kB/s)
[e1432841-85e9-43ff-aaec-fb3fe22331fa/build]   | [INFO] Downloading from central: https://repo.maven.apache.org/maven2/org/apache/maven/shared/maven-shared-incremental/1.1/maven-shared-incremental-1.1.jar
[e1432841-85e9-43ff-aaec-fb3fe22331fa/build]   | [INFO] Downloaded from central: https://repo.maven.apache.org/maven2/org/apache/maven/maven-plugin-descriptor/2.0.9/maven-plugin-descriptor-2.0.9.jar (37 kB at 363 kB/s)
[e1432841-85e9-43ff-aaec-fb3fe22331fa/build]   | [INFO] Downloading from central: https://repo.maven.apache.org/maven2/org/codehaus/plexus/plexus-component-annotations/1.5.5/plexus-component-annotations-1.5.5.jar
[e1432841-85e9-43ff-aaec-fb3fe22331fa/build]   | [INFO] Downloaded from central: https://repo.maven.apache.org/maven2/org/apache/maven/maven-toolchain/1.0/maven-toolchain-1.0.jar (33 kB at 313 kB/s)
[e1432841-85e9-43ff-aaec-fb3fe22331fa/build]   | [INFO] Downloading from central: https://repo.maven.apache.org/maven2/org/codehaus/plexus/plexus-compiler-api/2.2/plexus-compiler-api-2.2.jar
[e1432841-85e9-43ff-aaec-fb3fe22331fa/build]   | [INFO] Downloaded from central: https://repo.maven.apache.org/maven2/org/apache/maven/shared/maven-shared-utils/0.1/maven-shared-utils-0.1.jar (155 kB at 1.5 MB/s)
[e1432841-85e9-43ff-aaec-fb3fe22331fa/build]   | [INFO] Downloading from central: https://repo.maven.apache.org/maven2/org/codehaus/plexus/plexus-compiler-manager/2.2/plexus-compiler-manager-2.2.jar
[e1432841-85e9-43ff-aaec-fb3fe22331fa/build]   | [INFO] Downloaded from central: https://repo.maven.apache.org/maven2/com/google/code/findbugs/jsr305/2.0.1/jsr305-2.0.1.jar (32 kB at 290 kB/s)
[e1432841-85e9-43ff-aaec-fb3fe22331fa/build]   | [INFO] Downloading from central: https://repo.maven.apache.org/maven2/org/codehaus/plexus/plexus-compiler-javac/2.2/plexus-compiler-javac-2.2.jar
[e1432841-85e9-43ff-aaec-fb3fe22331fa/build]   | [INFO] Downloaded from central: https://repo.maven.apache.org/maven2/org/codehaus/plexus/plexus-component-annotations/1.5.5/plexus-component-annotations-1.5.5.jar (4.2 kB at 35 kB/s)
[e1432841-85e9-43ff-aaec-fb3fe22331fa/build]   | [INFO] Downloading from central: https://repo.maven.apache.org/maven2/org/codehaus/plexus/plexus-container-default/1.5.5/plexus-container-default-1.5.5.jar
[e1432841-85e9-43ff-aaec-fb3fe22331fa/build]   | [INFO] Downloaded from central: https://repo.maven.apache.org/maven2/org/codehaus/plexus/plexus-compiler-javac/2.2/plexus-compiler-javac-2.2.jar (19 kB at 156 kB/s)
[e1432841-85e9-43ff-aaec-fb3fe22331fa/build]   | [INFO] Downloading from central: https://repo.maven.apache.org/maven2/org/codehaus/plexus/plexus-classworlds/2.2.2/plexus-classworlds-2.2.2.jar
[e1432841-85e9-43ff-aaec-fb3fe22331fa/build]   | [INFO] Downloaded from central: https://repo.maven.apache.org/maven2/org/codehaus/plexus/plexus-compiler-api/2.2/plexus-compiler-api-2.2.jar (25 kB at 205 kB/s)
[e1432841-85e9-43ff-aaec-fb3fe22331fa/build]   | [INFO] Downloading from central: https://repo.maven.apache.org/maven2/org/apache/xbean/xbean-reflect/3.4/xbean-reflect-3.4.jar
[e1432841-85e9-43ff-aaec-fb3fe22331fa/build]   | [INFO] Downloaded from central: https://repo.maven.apache.org/maven2/org/codehaus/plexus/plexus-classworlds/2.2.2/plexus-classworlds-2.2.2.jar (46 kB at 352 kB/s)
[e1432841-85e9-43ff-aaec-fb3fe22331fa/build]   | [INFO] Downloading from central: https://repo.maven.apache.org/maven2/log4j/log4j/1.2.12/log4j-1.2.12.jar
[e1432841-85e9-43ff-aaec-fb3fe22331fa/build]   | [INFO] Downloaded from central: https://repo.maven.apache.org/maven2/org/codehaus/plexus/plexus-container-default/1.5.5/plexus-container-default-1.5.5.jar (217 kB at 1.6 MB/s)
[e1432841-85e9-43ff-aaec-fb3fe22331fa/build]   | [INFO] Downloading from central: https://repo.maven.apache.org/maven2/commons-logging/commons-logging-api/1.1/commons-logging-api-1.1.jar
[e1432841-85e9-43ff-aaec-fb3fe22331fa/build]   | [INFO] Downloaded from central: https://repo.maven.apache.org/maven2/org/codehaus/plexus/plexus-compiler-manager/2.2/plexus-compiler-manager-2.2.jar (4.6 kB at 34 kB/s)
[e1432841-85e9-43ff-aaec-fb3fe22331fa/build]   | [INFO] Downloading from central: https://repo.maven.apache.org/maven2/com/google/collections/google-collections/1.0/google-collections-1.0.jar
[e1432841-85e9-43ff-aaec-fb3fe22331fa/build]   | [INFO] Downloaded from central: https://repo.maven.apache.org/maven2/org/apache/xbean/xbean-reflect/3.4/xbean-reflect-3.4.jar (134 kB at 963 kB/s)
[e1432841-85e9-43ff-aaec-fb3fe22331fa/build]   | [INFO] Downloading from central: https://repo.maven.apache.org/maven2/junit/junit/3.8.2/junit-3.8.2.jar
[e1432841-85e9-43ff-aaec-fb3fe22331fa/build]   | [INFO] Downloaded from central: https://repo.maven.apache.org/maven2/org/apache/maven/shared/maven-shared-incremental/1.1/maven-shared-incremental-1.1.jar (14 kB at 93 kB/s)
[e1432841-85e9-43ff-aaec-fb3fe22331fa/build]   | [INFO] Downloaded from central: https://repo.maven.apache.org/maven2/commons-logging/commons-logging-api/1.1/commons-logging-api-1.1.jar (45 kB at 291 kB/s)
[e1432841-85e9-43ff-aaec-fb3fe22331fa/build]   | [INFO] Downloaded from central: https://repo.maven.apache.org/maven2/junit/junit/3.8.2/junit-3.8.2.jar (121 kB at 754 kB/s)
[e1432841-85e9-43ff-aaec-fb3fe22331fa/build]   | [INFO] Downloaded from central: https://repo.maven.apache.org/maven2/log4j/log4j/1.2.12/log4j-1.2.12.jar (358 kB at 2.2 MB/s)
[e1432841-85e9-43ff-aaec-fb3fe22331fa/build]   | [INFO] Downloaded from central: https://repo.maven.apache.org/maven2/com/google/collections/google-collections/1.0/google-collections-1.0.jar (640 kB at 3.9 MB/s)
[e1432841-85e9-43ff-aaec-fb3fe22331fa/build]   | [INFO] Changes detected - recompiling the module!
[e1432841-85e9-43ff-aaec-fb3fe22331fa/build]   | [INFO] Compiling 83 source files to /tmp/edbb904f-deac-4494-ba55-bf0baa0a075a/target/classes
[e1432841-85e9-43ff-aaec-fb3fe22331fa/build]   | [INFO] 
[e1432841-85e9-43ff-aaec-fb3fe22331fa/build]   | [INFO] --- maven-resources-plugin:2.6:testResources (default-testResources) @ jwarc ---
[e1432841-85e9-43ff-aaec-fb3fe22331fa/build]   | [INFO] Using 'UTF-8' encoding to copy filtered resources.
[e1432841-85e9-43ff-aaec-fb3fe22331fa/build]   | [INFO] Copying 2 resources
[e1432841-85e9-43ff-aaec-fb3fe22331fa/build]   | [INFO] 
[e1432841-85e9-43ff-aaec-fb3fe22331fa/build]   | [INFO] --- maven-compiler-plugin:3.1:testCompile (default-testCompile) @ jwarc ---
[e1432841-85e9-43ff-aaec-fb3fe22331fa/build]   | [INFO] Changes detected - recompiling the module!
[e1432841-85e9-43ff-aaec-fb3fe22331fa/build]   | [INFO] Compiling 34 source files to /tmp/edbb904f-deac-4494-ba55-bf0baa0a075a/target/test-classes
[e1432841-85e9-43ff-aaec-fb3fe22331fa/build]   | [INFO] 
[e1432841-85e9-43ff-aaec-fb3fe22331fa/build]   | [INFO] --- maven-surefire-plugin:2.12.4:test (default-test) @ jwarc ---
[e1432841-85e9-43ff-aaec-fb3fe22331fa/build]   | [INFO] Downloading from central: https://repo.maven.apache.org/maven2/org/apache/maven/surefire/surefire-booter/2.12.4/surefire-booter-2.12.4.pom
[e1432841-85e9-43ff-aaec-fb3fe22331fa/build]   | [INFO] Downloaded from central: https://repo.maven.apache.org/maven2/org/apache/maven/surefire/surefire-booter/2.12.4/surefire-booter-2.12.4.pom (3.0 kB at 78 kB/s)
[e1432841-85e9-43ff-aaec-fb3fe22331fa/build]   | [INFO] Downloading from central: https://repo.maven.apache.org/maven2/org/apache/maven/surefire/surefire-api/2.12.4/surefire-api-2.12.4.pom
[e1432841-85e9-43ff-aaec-fb3fe22331fa/build]   | [INFO] Downloaded from central: https://repo.maven.apache.org/maven2/org/apache/maven/surefire/surefire-api/2.12.4/surefire-api-2.12.4.pom (2.5 kB at 83 kB/s)
[e1432841-85e9-43ff-aaec-fb3fe22331fa/build]   | [INFO] Downloading from central: https://repo.maven.apache.org/maven2/org/apache/maven/surefire/maven-surefire-common/2.12.4/maven-surefire-common-2.12.4.pom
[e1432841-85e9-43ff-aaec-fb3fe22331fa/build]   | [INFO] Downloaded from central: https://repo.maven.apache.org/maven2/org/apache/maven/surefire/maven-surefire-common/2.12.4/maven-surefire-common-2.12.4.pom (5.5 kB at 198 kB/s)
[e1432841-85e9-43ff-aaec-fb3fe22331fa/build]   | [INFO] Downloading from central: https://repo.maven.apache.org/maven2/org/apache/maven/plugin-tools/maven-plugin-annotations/3.1/maven-plugin-annotations-3.1.pom
[e1432841-85e9-43ff-aaec-fb3fe22331fa/build]   | [INFO] Downloaded from central: https://repo.maven.apache.org/maven2/org/apache/maven/plugin-tools/maven-plugin-annotations/3.1/maven-plugin-annotations-3.1.pom (1.6 kB at 81 kB/s)
[e1432841-85e9-43ff-aaec-fb3fe22331fa/build]   | [INFO] Downloading from central: https://repo.maven.apache.org/maven2/org/apache/maven/plugin-tools/maven-plugin-tools/3.1/maven-plugin-tools-3.1.pom
[e1432841-85e9-43ff-aaec-fb3fe22331fa/build]   | [INFO] Downloaded from central: https://repo.maven.apache.org/maven2/org/apache/maven/plugin-tools/maven-plugin-tools/3.1/maven-plugin-tools-3.1.pom (16 kB at 674 kB/s)
[e1432841-85e9-43ff-aaec-fb3fe22331fa/build]   | [INFO] Downloading from central: https://repo.maven.apache.org/maven2/org/apache/maven/reporting/maven-reporting-api/2.0.9/maven-reporting-api-2.0.9.pom
[e1432841-85e9-43ff-aaec-fb3fe22331fa/build]   | [INFO] Downloaded from central: https://repo.maven.apache.org/maven2/org/apache/maven/reporting/maven-reporting-api/2.0.9/maven-reporting-api-2.0.9.pom (1.8 kB at 75 kB/s)
[e1432841-85e9-43ff-aaec-fb3fe22331fa/build]   | [INFO] Downloading from central: https://repo.maven.apache.org/maven2/org/apache/maven/reporting/maven-reporting/2.0.9/maven-reporting-2.0.9.pom
[e1432841-85e9-43ff-aaec-fb3fe22331fa/build]   | [INFO] Downloaded from central: https://repo.maven.apache.org/maven2/org/apache/maven/reporting/maven-reporting/2.0.9/maven-reporting-2.0.9.pom (1.5 kB at 92 kB/s)
[e1432841-85e9-43ff-aaec-fb3fe22331fa/build]   | [INFO] Downloading from central: https://repo.maven.apache.org/maven2/org/apache/maven/maven-toolchain/2.0.9/maven-toolchain-2.0.9.pom
[e1432841-85e9-43ff-aaec-fb3fe22331fa/build]   | [INFO] Downloaded from central: https://repo.maven.apache.org/maven2/org/apache/maven/maven-toolchain/2.0.9/maven-toolchain-2.0.9.pom (3.5 kB at 174 kB/s)
[e1432841-85e9-43ff-aaec-fb3fe22331fa/build]   | [INFO] Downloading from central: https://repo.maven.apache.org/maven2/org/apache/commons/commons-lang3/3.1/commons-lang3-3.1.pom
[e1432841-85e9-43ff-aaec-fb3fe22331fa/build]   | [INFO] Downloaded from central: https://repo.maven.apache.org/maven2/org/apache/commons/commons-lang3/3.1/commons-lang3-3.1.pom (17 kB at 836 kB/s)
[e1432841-85e9-43ff-aaec-fb3fe22331fa/build]   | [INFO] Downloading from central: https://repo.maven.apache.org/maven2/org/apache/commons/commons-parent/22/commons-parent-22.pom
[e1432841-85e9-43ff-aaec-fb3fe22331fa/build]   | [INFO] Downloaded from central: https://repo.maven.apache.org/maven2/org/apache/commons/commons-parent/22/commons-parent-22.pom (42 kB at 2.1 MB/s)
[e1432841-85e9-43ff-aaec-fb3fe22331fa/build]   | [INFO] Downloading from central: https://repo.maven.apache.org/maven2/org/apache/apache/9/apache-9.pom
[e1432841-85e9-43ff-aaec-fb3fe22331fa/build]   | [INFO] Downloaded from central: https://repo.maven.apache.org/maven2/org/apache/apache/9/apache-9.pom (15 kB at 798 kB/s)
[e1432841-85e9-43ff-aaec-fb3fe22331fa/build]   | [INFO] Downloading from central: https://repo.maven.apache.org/maven2/org/apache/maven/shared/maven-common-artifact-filters/1.3/maven-common-artifact-filters-1.3.pom
[e1432841-85e9-43ff-aaec-fb3fe22331fa/build]   | [INFO] Downloaded from central: https://repo.maven.apache.org/maven2/org/apache/maven/shared/maven-common-artifact-filters/1.3/maven-common-artifact-filters-1.3.pom (3.7 kB at 148 kB/s)
[e1432841-85e9-43ff-aaec-fb3fe22331fa/build]   | [INFO] Downloading from central: https://repo.maven.apache.org/maven2/org/apache/maven/shared/maven-shared-components/12/maven-shared-components-12.pom
[e1432841-85e9-43ff-aaec-fb3fe22331fa/build]   | [INFO] Downloaded from central: https://repo.maven.apache.org/maven2/org/apache/maven/shared/maven-shared-components/12/maven-shared-components-12.pom (9.3 kB at 1.0 MB/s)
[e1432841-85e9-43ff-aaec-fb3fe22331fa/build]   | [INFO] Downloading from central: https://repo.maven.apache.org/maven2/org/apache/maven/maven-parent/13/maven-parent-13.pom
[e1432841-85e9-43ff-aaec-fb3fe22331fa/build]   | [INFO] Downloaded from central: https://repo.maven.apache.org/maven2/org/apache/maven/maven-parent/13/maven-parent-13.pom (23 kB at 1.4 MB/s)
[e1432841-85e9-43ff-aaec-fb3fe22331fa/build]   | [INFO] Downloading from central: https://repo.maven.apache.org/maven2/org/apache/apache/6/apache-6.pom
[e1432841-85e9-43ff-aaec-fb3fe22331fa/build]   | [INFO] Downloaded from central: https://repo.maven.apache.org/maven2/org/apache/apache/6/apache-6.pom (13 kB at 853 kB/s)
[e1432841-85e9-43ff-aaec-fb3fe22331fa/build]   | [INFO] Downloading from central: https://repo.maven.apache.org/maven2/org/codehaus/plexus/plexus-container-default/1.0-alpha-9/plexus-container-default-1.0-alpha-9.pom
[e1432841-85e9-43ff-aaec-fb3fe22331fa/build]   | [INFO] Downloaded from central: https://repo.maven.apache.org/maven2/org/codehaus/plexus/plexus-container-default/1.0-alpha-9/plexus-container-default-1.0-alpha-9.pom (1.2 kB at 177 kB/s)
[e1432841-85e9-43ff-aaec-fb3fe22331fa/build]   | [INFO] Downloading from central: https://repo.maven.apache.org/maven2/org/apache/maven/surefire/surefire-booter/2.12.4/surefire-booter-2.12.4.jar
[e1432841-85e9-43ff-aaec-fb3fe22331fa/build]   | [INFO] Downloading from central: https://repo.maven.apache.org/maven2/org/apache/maven/surefire/surefire-api/2.12.4/surefire-api-2.12.4.jar
[e1432841-85e9-43ff-aaec-fb3fe22331fa/build]   | [INFO] Downloading from central: https://repo.maven.apache.org/maven2/org/apache/maven/surefire/maven-surefire-common/2.12.4/maven-surefire-common-2.12.4.jar
[e1432841-85e9-43ff-aaec-fb3fe22331fa/build]   | [INFO] Downloading from central: https://repo.maven.apache.org/maven2/org/apache/maven/shared/maven-common-artifact-filters/1.3/maven-common-artifact-filters-1.3.jar
[e1432841-85e9-43ff-aaec-fb3fe22331fa/build]   | [INFO] Downloading from central: https://repo.maven.apache.org/maven2/org/apache/commons/commons-lang3/3.1/commons-lang3-3.1.jar
[e1432841-85e9-43ff-aaec-fb3fe22331fa/build]   | [INFO] Downloaded from central: https://repo.maven.apache.org/maven2/org/apache/maven/surefire/surefire-booter/2.12.4/surefire-booter-2.12.4.jar (35 kB at 2.3 MB/s)
[e1432841-85e9-43ff-aaec-fb3fe22331fa/build]   | [INFO] Downloading from central: https://repo.maven.apache.org/maven2/org/codehaus/plexus/plexus-utils/3.0.8/plexus-utils-3.0.8.jar
[e1432841-85e9-43ff-aaec-fb3fe22331fa/build]   | [INFO] Downloaded from central: https://repo.maven.apache.org/maven2/org/apache/maven/shared/maven-common-artifact-filters/1.3/maven-common-artifact-filters-1.3.jar (31 kB at 2.2 MB/s)
[e1432841-85e9-43ff-aaec-fb3fe22331fa/build]   | [INFO] Downloading from central: https://repo.maven.apache.org/maven2/org/apache/maven/reporting/maven-reporting-api/2.0.9/maven-reporting-api-2.0.9.jar
[e1432841-85e9-43ff-aaec-fb3fe22331fa/build]   | [INFO] Downloaded from central: https://repo.maven.apache.org/maven2/org/apache/maven/surefire/surefire-api/2.12.4/surefire-api-2.12.4.jar (118 kB at 7.3 MB/s)
[e1432841-85e9-43ff-aaec-fb3fe22331fa/build]   | [INFO] Downloading from central: https://repo.maven.apache.org/maven2/org/apache/maven/maven-toolchain/2.0.9/maven-toolchain-2.0.9.jar
[e1432841-85e9-43ff-aaec-fb3fe22331fa/build]   | [INFO] Downloaded from central: https://repo.maven.apache.org/maven2/org/apache/commons/commons-lang3/3.1/commons-lang3-3.1.jar (316 kB at 14 MB/s)
[e1432841-85e9-43ff-aaec-fb3fe22331fa/build]   | [INFO] Downloading from central: https://repo.maven.apache.org/maven2/org/apache/maven/plugin-tools/maven-plugin-annotations/3.1/maven-plugin-annotations-3.1.jar
[e1432841-85e9-43ff-aaec-fb3fe22331fa/build]   | [INFO] Downloaded from central: https://repo.maven.apache.org/maven2/org/apache/maven/maven-toolchain/2.0.9/maven-toolchain-2.0.9.jar (38 kB at 1.5 MB/s)
[e1432841-85e9-43ff-aaec-fb3fe22331fa/build]   | [INFO] Downloaded from central: https://repo.maven.apache.org/maven2/org/apache/maven/surefire/maven-surefire-common/2.12.4/maven-surefire-common-2.12.4.jar (263 kB at 9.1 MB/s)
[e1432841-85e9-43ff-aaec-fb3fe22331fa/build]   | [INFO] Downloaded from central: https://repo.maven.apache.org/maven2/org/codehaus/plexus/plexus-utils/3.0.8/plexus-utils-3.0.8.jar (232 kB at 8.6 MB/s)
[e1432841-85e9-43ff-aaec-fb3fe22331fa/build]   | [INFO] Downloaded from central: https://repo.maven.apache.org/maven2/org/apache/maven/reporting/maven-reporting-api/2.0.9/maven-reporting-api-2.0.9.jar (10 kB at 362 kB/s)
[e1432841-85e9-43ff-aaec-fb3fe22331fa/build]   | [INFO] Downloaded from central: https://repo.maven.apache.org/maven2/org/apache/maven/plugin-tools/maven-plugin-annotations/3.1/maven-plugin-annotations-3.1.jar (14 kB at 412 kB/s)
[e1432841-85e9-43ff-aaec-fb3fe22331fa/build]   | [INFO] Surefire report directory: /tmp/edbb904f-deac-4494-ba55-bf0baa0a075a/target/surefire-reports
[e1432841-85e9-43ff-aaec-fb3fe22331fa/build]   | [INFO] Downloading from central: https://repo.maven.apache.org/maven2/org/apache/maven/surefire/surefire-junit4/2.12.4/surefire-junit4-2.12.4.pom
[e1432841-85e9-43ff-aaec-fb3fe22331fa/build]   | [INFO] Downloaded from central: https://repo.maven.apache.org/maven2/org/apache/maven/surefire/surefire-junit4/2.12.4/surefire-junit4-2.12.4.pom (2.4 kB at 185 kB/s)
[e1432841-85e9-43ff-aaec-fb3fe22331fa/build]   | [INFO] Downloading from central: https://repo.maven.apache.org/maven2/org/apache/maven/surefire/surefire-providers/2.12.4/surefire-providers-2.12.4.pom
[e1432841-85e9-43ff-aaec-fb3fe22331fa/build]   | [INFO] Downloaded from central: https://repo.maven.apache.org/maven2/org/apache/maven/surefire/surefire-providers/2.12.4/surefire-providers-2.12.4.pom (2.3 kB at 294 kB/s)
[e1432841-85e9-43ff-aaec-fb3fe22331fa/build]   | [INFO] Downloading from central: https://repo.maven.apache.org/maven2/org/apache/maven/surefire/surefire-junit4/2.12.4/surefire-junit4-2.12.4.jar
[e1432841-85e9-43ff-aaec-fb3fe22331fa/build]   | [INFO] Downloaded from central: https://repo.maven.apache.org/maven2/org/apache/maven/surefire/surefire-junit4/2.12.4/surefire-junit4-2.12.4.jar (37 kB at 2.8 MB/s)
[e1432841-85e9-43ff-aaec-fb3fe22331fa/build]   | 
[e1432841-85e9-43ff-aaec-fb3fe22331fa/build]   | -------------------------------------------------------
[e1432841-85e9-43ff-aaec-fb3fe22331fa/build]   |  T E S T S
[e1432841-85e9-43ff-aaec-fb3fe22331fa/build]   | -------------------------------------------------------
[e1432841-85e9-43ff-aaec-fb3fe22331fa/build]   | Running org.netpreserve.jwarc.LengthedBodyTest
[e1432841-85e9-43ff-aaec-fb3fe22331fa/build]   | Tests run: 1, Failures: 0, Errors: 0, Skipped: 0, Time elapsed: 0.094 sec
[e1432841-85e9-43ff-aaec-fb3fe22331fa/build]   | Running org.netpreserve.jwarc.GzipChannelTest
[e1432841-85e9-43ff-aaec-fb3fe22331fa/build]   | Tests run: 4, Failures: 0, Errors: 0, Skipped: 0, Time elapsed: 0.002 sec
[e1432841-85e9-43ff-aaec-fb3fe22331fa/build]   | Running org.netpreserve.jwarc.HttpRequestTest
[e1432841-85e9-43ff-aaec-fb3fe22331fa/build]   | Tests run: 2, Failures: 0, Errors: 0, Skipped: 0, Time elapsed: 0.013 sec
[e1432841-85e9-43ff-aaec-fb3fe22331fa/build]   | Running org.netpreserve.jwarc.URIsTest
[e1432841-85e9-43ff-aaec-fb3fe22331fa/build]   | Tests run: 1, Failures: 0, Errors: 0, Skipped: 0, Time elapsed: 0.004 sec
[e1432841-85e9-43ff-aaec-fb3fe22331fa/build]   | Running org.netpreserve.jwarc.HttpResponseTest
[e1432841-85e9-43ff-aaec-fb3fe22331fa/build]   | Tests run: 1, Failures: 0, Errors: 0, Skipped: 0, Time elapsed: 0.003 sec
[e1432841-85e9-43ff-aaec-fb3fe22331fa/build]   | Running org.netpreserve.jwarc.net.WarcServerTest
[e1432841-85e9-43ff-aaec-fb3fe22331fa/build]   | Tests run: 1, Failures: 0, Errors: 0, Skipped: 0, Time elapsed: 0.137 sec
[e1432841-85e9-43ff-aaec-fb3fe22331fa/build]   | Running org.netpreserve.jwarc.MessageHeadersTest
[e1432841-85e9-43ff-aaec-fb3fe22331fa/build]   | Tests run: 1, Failures: 0, Errors: 0, Skipped: 0, Time elapsed: 0.002 sec
[e1432841-85e9-43ff-aaec-fb3fe22331fa/build]   | Running org.netpreserve.jwarc.HttpParserTest
[e1432841-85e9-43ff-aaec-fb3fe22331fa/build]   | Tests run: 6, Failures: 0, Errors: 0, Skipped: 0, Time elapsed: 0.007 sec
[e1432841-85e9-43ff-aaec-fb3fe22331fa/build]   | Running org.netpreserve.jwarc.WarcDigestTest
[e1432841-85e9-43ff-aaec-fb3fe22331fa/build]   | Tests run: 10, Failures: 0, Errors: 0, Skipped: 0, Time elapsed: 0.024 sec
[e1432841-85e9-43ff-aaec-fb3fe22331fa/build]   | Running org.netpreserve.jwarc.WarcRecordTest
[e1432841-85e9-43ff-aaec-fb3fe22331fa/build]   | Tests run: 2, Failures: 0, Errors: 0, Skipped: 0, Time elapsed: 0.013 sec
[e1432841-85e9-43ff-aaec-fb3fe22331fa/build]   | Running org.netpreserve.jwarc.WarcTargetRecordTest
[e1432841-85e9-43ff-aaec-fb3fe22331fa/build]   | Tests run: 2, Failures: 0, Errors: 0, Skipped: 0, Time elapsed: 0.002 sec
[e1432841-85e9-43ff-aaec-fb3fe22331fa/build]   | Running org.netpreserve.jwarc.ChunkedBodyTest
[e1432841-85e9-43ff-aaec-fb3fe22331fa/build]   | Tests run: 6, Failures: 0, Errors: 0, Skipped: 0, Time elapsed: 0.013 sec
[e1432841-85e9-43ff-aaec-fb3fe22331fa/build]   | Running org.netpreserve.jwarc.apitests.WarcConversionTest
[e1432841-85e9-43ff-aaec-fb3fe22331fa/build]   | Tests run: 2, Failures: 0, Errors: 0, Skipped: 0, Time elapsed: 0.01 sec
[e1432841-85e9-43ff-aaec-fb3fe22331fa/build]   | Running org.netpreserve.jwarc.apitests.WarcResponseTest
[e1432841-85e9-43ff-aaec-fb3fe22331fa/build]   | Tests run: 6, Failures: 0, Errors: 0, Skipped: 0, Time elapsed: 0.022 sec
[e1432841-85e9-43ff-aaec-fb3fe22331fa/build]   | Running org.netpreserve.jwarc.apitests.WarcRevisitTest
[e1432841-85e9-43ff-aaec-fb3fe22331fa/build]   | Tests run: 3, Failures: 0, Errors: 0, Skipped: 0, Time elapsed: 0.007 sec
[e1432841-85e9-43ff-aaec-fb3fe22331fa/build]   | Running org.netpreserve.jwarc.apitests.WarcinfoTest
[e1432841-85e9-43ff-aaec-fb3fe22331fa/build]   | Tests run: 2, Failures: 0, Errors: 0, Skipped: 0, Time elapsed: 0.009 sec
[e1432841-85e9-43ff-aaec-fb3fe22331fa/build]   | Running org.netpreserve.jwarc.apitests.WarcResourceTest
[e1432841-85e9-43ff-aaec-fb3fe22331fa/build]   | Tests run: 1, Failures: 0, Errors: 0, Skipped: 0, Time elapsed: 0.001 sec
[e1432841-85e9-43ff-aaec-fb3fe22331fa/build]   | Running org.netpreserve.jwarc.apitests.MessageVersionTest
[e1432841-85e9-43ff-aaec-fb3fe22331fa/build]   | Tests run: 1, Failures: 0, Errors: 0, Skipped: 0, Time elapsed: 0.001 sec
[e1432841-85e9-43ff-aaec-fb3fe22331fa/build]   | Running org.netpreserve.jwarc.apitests.MediaTypeTest
[e1432841-85e9-43ff-aaec-fb3fe22331fa/build]   | Tests run: 1, Failures: 0, Errors: 0, Skipped: 0, Time elapsed: 0.003 sec
[e1432841-85e9-43ff-aaec-fb3fe22331fa/build]   | Running org.netpreserve.jwarc.apitests.WarcWriterTest
[e1432841-85e9-43ff-aaec-fb3fe22331fa/build]   | Tests run: 2, Failures: 0, Errors: 0, Skipped: 0, Time elapsed: 0.256 sec
[e1432841-85e9-43ff-aaec-fb3fe22331fa/build]   | Running org.netpreserve.jwarc.apitests.WarcFilterTest
[e1432841-85e9-43ff-aaec-fb3fe22331fa/build]   | Tests run: 1, Failures: 0, Errors: 0, Skipped: 0, Time elapsed: 0.014 sec
[e1432841-85e9-43ff-aaec-fb3fe22331fa/build]   | Running org.netpreserve.jwarc.apitests.ArcTest
[e1432841-85e9-43ff-aaec-fb3fe22331fa/build]   | Tests run: 1, Failures: 0, Errors: 0, Skipped: 0, Time elapsed: 0.006 sec
[e1432841-85e9-43ff-aaec-fb3fe22331fa/build]   | Running org.netpreserve.jwarc.apitests.WarcContinuationTest
[e1432841-85e9-43ff-aaec-fb3fe22331fa/build]   | Tests run: 2, Failures: 0, Errors: 0, Skipped: 0, Time elapsed: 0.005 sec
[e1432841-85e9-43ff-aaec-fb3fe22331fa/build]   | Running org.netpreserve.jwarc.apitests.WarcReaderTest
[e1432841-85e9-43ff-aaec-fb3fe22331fa/build]   | Failed testing pre-populated buffer of 2608 bytes length
[e1432841-85e9-43ff-aaec-fb3fe22331fa/build]   | Tests run: 9, Failures: 0, Errors: 0, Skipped: 1, Time elapsed: 0.835 sec
[e1432841-85e9-43ff-aaec-fb3fe22331fa/build]   | Running org.netpreserve.jwarc.apitests.WarcRequestTest
[e1432841-85e9-43ff-aaec-fb3fe22331fa/build]   | Tests run: 4, Failures: 0, Errors: 0, Skipped: 0, Time elapsed: 0.013 sec
[e1432841-85e9-43ff-aaec-fb3fe22331fa/build]   | Running org.netpreserve.jwarc.apitests.WarcMetadataTest
[e1432841-85e9-43ff-aaec-fb3fe22331fa/build]   | Tests run: 2, Failures: 0, Errors: 0, Skipped: 0, Time elapsed: 0.008 sec
[e1432841-85e9-43ff-aaec-fb3fe22331fa/build]   | Running org.netpreserve.jwarc.WarcParserTest
[e1432841-85e9-43ff-aaec-fb3fe22331fa/build]   | Tests run: 1, Failures: 0, Errors: 0, Skipped: 0, Time elapsed: 0.004 sec
[e1432841-85e9-43ff-aaec-fb3fe22331fa/build]   | Running org.netpreserve.jwarc.GunzipChannelTest
[e1432841-85e9-43ff-aaec-fb3fe22331fa/build]   | Tests run: 6, Failures: 0, Errors: 0, Skipped: 1, Time elapsed: 0.004 sec
[e1432841-85e9-43ff-aaec-fb3fe22331fa/build]   | Running org.netpreserve.jwarc.cdx.CdxFormatTest
[e1432841-85e9-43ff-aaec-fb3fe22331fa/build]   | Tests run: 4, Failures: 0, Errors: 0, Skipped: 0, Time elapsed: 0.013 sec
[e1432841-85e9-43ff-aaec-fb3fe22331fa/build]   | Running org.netpreserve.jwarc.cdx.JsonTokenizerTest
[e1432841-85e9-43ff-aaec-fb3fe22331fa/build]   | Tests run: 1, Failures: 0, Errors: 0, Skipped: 0, Time elapsed: 0.004 sec
[e1432841-85e9-43ff-aaec-fb3fe22331fa/build]   | Running org.netpreserve.jwarc.cdx.CdxReaderTest
[e1432841-85e9-43ff-aaec-fb3fe22331fa/build]   | Tests run: 1, Failures: 0, Errors: 0, Skipped: 0, Time elapsed: 0.001 sec
[e1432841-85e9-43ff-aaec-fb3fe22331fa/build]   | Running org.netpreserve.jwarc.cdx.CdxRequestEncoderTest
[e1432841-85e9-43ff-aaec-fb3fe22331fa/build]   | Tests run: 2, Failures: 0, Errors: 0, Skipped: 1, Time elapsed: 0.024 sec
[e1432841-85e9-43ff-aaec-fb3fe22331fa/build]   | Running org.netpreserve.jwarc.cdx.CdxWriterTest
[e1432841-85e9-43ff-aaec-fb3fe22331fa/build]   | Tests run: 1, Failures: 0, Errors: 0, Skipped: 0, Time elapsed: 0.007 sec
[e1432841-85e9-43ff-aaec-fb3fe22331fa/build]   | 
[e1432841-85e9-43ff-aaec-fb3fe22331fa/build]   | Results :
[e1432841-85e9-43ff-aaec-fb3fe22331fa/build]   | 
[e1432841-85e9-43ff-aaec-fb3fe22331fa/build]   | Tests run: 90, Failures: 0, Errors: 0, Skipped: 3
[e1432841-85e9-43ff-aaec-fb3fe22331fa/build]   | 
[e1432841-85e9-43ff-aaec-fb3fe22331fa/build]   | [INFO] 
[e1432841-85e9-43ff-aaec-fb3fe22331fa/build]   | [INFO] --- maven-jar-plugin:3.2.2:jar (default-jar) @ jwarc ---
[e1432841-85e9-43ff-aaec-fb3fe22331fa/build]   | [INFO] Downloading from central: https://repo.maven.apache.org/maven2/org/apache/maven/maven-plugin-api/3.1.0/maven-plugin-api-3.1.0.pom
[e1432841-85e9-43ff-aaec-fb3fe22331fa/build]   | [INFO] Downloaded from central: https://repo.maven.apache.org/maven2/org/apache/maven/maven-plugin-api/3.1.0/maven-plugin-api-3.1.0.pom (3.0 kB at 435 kB/s)
[e1432841-85e9-43ff-aaec-fb3fe22331fa/build]   | [INFO] Downloading from central: https://repo.maven.apache.org/maven2/org/apache/maven/maven/3.1.0/maven-3.1.0.pom
[e1432841-85e9-43ff-aaec-fb3fe22331fa/build]   | [INFO] Downloaded from central: https://repo.maven.apache.org/maven2/org/apache/maven/maven/3.1.0/maven-3.1.0.pom (22 kB at 4.4 MB/s)
[e1432841-85e9-43ff-aaec-fb3fe22331fa/build]   | [INFO] Downloading from central: https://repo.maven.apache.org/maven2/org/apache/maven/maven-model/3.1.0/maven-model-3.1.0.pom
[e1432841-85e9-43ff-aaec-fb3fe22331fa/build]   | [INFO] Downloaded from central: https://repo.maven.apache.org/maven2/org/apache/maven/maven-model/3.1.0/maven-model-3.1.0.pom (3.8 kB at 761 kB/s)
[e1432841-85e9-43ff-aaec-fb3fe22331fa/build]   | [INFO] Downloading from central: https://repo.maven.apache.org/maven2/org/codehaus/plexus/plexus-utils/3.0.10/plexus-utils-3.0.10.pom
[e1432841-85e9-43ff-aaec-fb3fe22331fa/build]   | [INFO] Downloaded from central: https://repo.maven.apache.org/maven2/org/codehaus/plexus/plexus-utils/3.0.10/plexus-utils-3.0.10.pom (3.1 kB at 210 kB/s)
[e1432841-85e9-43ff-aaec-fb3fe22331fa/build]   | [INFO] Downloading from central: https://repo.maven.apache.org/maven2/org/codehaus/plexus/plexus/3.3/plexus-3.3.pom
[e1432841-85e9-43ff-aaec-fb3fe22331fa/build]   | [INFO] Downloaded from central: https://repo.maven.apache.org/maven2/org/codehaus/plexus/plexus/3.3/plexus-3.3.pom (20 kB at 3.3 MB/s)
[e1432841-85e9-43ff-aaec-fb3fe22331fa/build]   | [INFO] Downloading from central: https://repo.maven.apache.org/maven2/org/apache/maven/maven-artifact/3.1.0/maven-artifact-3.1.0.pom
[e1432841-85e9-43ff-aaec-fb3fe22331fa/build]   | [INFO] Downloaded from central: https://repo.maven.apache.org/maven2/org/apache/maven/maven-artifact/3.1.0/maven-artifact-3.1.0.pom (1.6 kB at 326 kB/s)
[e1432841-85e9-43ff-aaec-fb3fe22331fa/build]   | [INFO] Downloading from central: https://repo.maven.apache.org/maven2/org/eclipse/sisu/org.eclipse.sisu.plexus/0.0.0.M2a/org.eclipse.sisu.plexus-0.0.0.M2a.pom
[e1432841-85e9-43ff-aaec-fb3fe22331fa/build]   | [INFO] Downloaded from central: https://repo.maven.apache.org/maven2/org/eclipse/sisu/org.eclipse.sisu.plexus/0.0.0.M2a/org.eclipse.sisu.plexus-0.0.0.M2a.pom (5.9 kB at 982 kB/s)
[e1432841-85e9-43ff-aaec-fb3fe22331fa/build]   | [INFO] Downloading from central: https://repo.maven.apache.org/maven2/org/eclipse/sisu/sisu-plexus/0.0.0.M2a/sisu-plexus-0.0.0.M2a.pom
[e1432841-85e9-43ff-aaec-fb3fe22331fa/build]   | [INFO] Downloaded from central: https://repo.maven.apache.org/maven2/org/eclipse/sisu/sisu-plexus/0.0.0.M2a/sisu-plexus-0.0.0.M2a.pom (7.9 kB at 1.6 MB/s)
[e1432841-85e9-43ff-aaec-fb3fe22331fa/build]   | [INFO] Downloading from central: https://repo.maven.apache.org/maven2/org/sonatype/oss/oss-parent/7/oss-parent-7.pom
[e1432841-85e9-43ff-aaec-fb3fe22331fa/build]   | [INFO] Downloaded from central: https://repo.maven.apache.org/maven2/org/sonatype/oss/oss-parent/7/oss-parent-7.pom (4.8 kB at 965 kB/s)
[e1432841-85e9-43ff-aaec-fb3fe22331fa/build]   | [INFO] Downloading from central: https://repo.maven.apache.org/maven2/javax/enterprise/cdi-api/1.0/cdi-api-1.0.pom
[e1432841-85e9-43ff-aaec-fb3fe22331fa/build]   | [INFO] Downloaded from central: https://repo.maven.apache.org/maven2/javax/enterprise/cdi-api/1.0/cdi-api-1.0.pom (1.4 kB at 287 kB/s)
[e1432841-85e9-43ff-aaec-fb3fe22331fa/build]   | [INFO] Downloading from central: https://repo.maven.apache.org/maven2/org/jboss/weld/weld-api-parent/1.0/weld-api-parent-1.0.pom
[e1432841-85e9-43ff-aaec-fb3fe22331fa/build]   | [INFO] Downloaded from central: https://repo.maven.apache.org/maven2/org/jboss/weld/weld-api-parent/1.0/weld-api-parent-1.0.pom (2.4 kB at 471 kB/s)
[e1432841-85e9-43ff-aaec-fb3fe22331fa/build]   | [INFO] Downloading from central: https://repo.maven.apache.org/maven2/org/jboss/weld/weld-api-bom/1.0/weld-api-bom-1.0.pom
[e1432841-85e9-43ff-aaec-fb3fe22331fa/build]   | [INFO] Downloaded from central: https://repo.maven.apache.org/maven2/org/jboss/weld/weld-api-bom/1.0/weld-api-bom-1.0.pom (7.9 kB at 1.6 MB/s)
[e1432841-85e9-43ff-aaec-fb3fe22331fa/build]   | [INFO] Downloading from central: https://repo.maven.apache.org/maven2/org/jboss/weld/weld-parent/6/weld-parent-6.pom
[e1432841-85e9-43ff-aaec-fb3fe22331fa/build]   | [INFO] Downloaded from central: https://repo.maven.apache.org/maven2/org/jboss/weld/weld-parent/6/weld-parent-6.pom (21 kB at 3.4 MB/s)
[e1432841-85e9-43ff-aaec-fb3fe22331fa/build]   | [INFO] Downloading from central: https://repo.maven.apache.org/maven2/javax/annotation/jsr250-api/1.0/jsr250-api-1.0.pom
[e1432841-85e9-43ff-aaec-fb3fe22331fa/build]   | [INFO] Downloaded from central: https://repo.maven.apache.org/maven2/javax/annotation/jsr250-api/1.0/jsr250-api-1.0.pom (1.0 kB at 146 kB/s)
[e1432841-85e9-43ff-aaec-fb3fe22331fa/build]   | [INFO] Downloading from central: https://repo.maven.apache.org/maven2/javax/inject/javax.inject/1/javax.inject-1.pom
[e1432841-85e9-43ff-aaec-fb3fe22331fa/build]   | [INFO] Downloaded from central: https://repo.maven.apache.org/maven2/javax/inject/javax.inject/1/javax.inject-1.pom (612 B at 87 kB/s)
[e1432841-85e9-43ff-aaec-fb3fe22331fa/build]   | [INFO] Downloading from central: https://repo.maven.apache.org/maven2/com/google/guava/guava/10.0.1/guava-10.0.1.pom
[e1432841-85e9-43ff-aaec-fb3fe22331fa/build]   | [INFO] Downloaded from central: https://repo.maven.apache.org/maven2/com/google/guava/guava/10.0.1/guava-10.0.1.pom (5.4 kB at 769 kB/s)
[e1432841-85e9-43ff-aaec-fb3fe22331fa/build]   | [INFO] Downloading from central: https://repo.maven.apache.org/maven2/com/google/guava/guava-parent/10.0.1/guava-parent-10.0.1.pom
[e1432841-85e9-43ff-aaec-fb3fe22331fa/build]   | [INFO] Downloaded from central: https://repo.maven.apache.org/maven2/com/google/guava/guava-parent/10.0.1/guava-parent-10.0.1.pom (2.0 kB at 490 kB/s)
[e1432841-85e9-43ff-aaec-fb3fe22331fa/build]   | [INFO] Downloading from central: https://repo.maven.apache.org/maven2/com/google/code/findbugs/jsr305/1.3.9/jsr305-1.3.9.pom
[e1432841-85e9-43ff-aaec-fb3fe22331fa/build]   | [INFO] Downloaded from central: https://repo.maven.apache.org/maven2/com/google/code/findbugs/jsr305/1.3.9/jsr305-1.3.9.pom (965 B at 46 kB/s)
[e1432841-85e9-43ff-aaec-fb3fe22331fa/build]   | [INFO] Downloading from central: https://repo.maven.apache.org/maven2/org/sonatype/sisu/sisu-guice/3.1.0/sisu-guice-3.1.0.pom
[e1432841-85e9-43ff-aaec-fb3fe22331fa/build]   | [INFO] Downloaded from central: https://repo.maven.apache.org/maven2/org/sonatype/sisu/sisu-guice/3.1.0/sisu-guice-3.1.0.pom (10 kB at 507 kB/s)
[e1432841-85e9-43ff-aaec-fb3fe22331fa/build]   | [INFO] Downloading from central: https://repo.maven.apache.org/maven2/org/sonatype/sisu/inject/guice-parent/3.1.0/guice-parent-3.1.0.pom
[e1432841-85e9-43ff-aaec-fb3fe22331fa/build]   | [INFO] Downloaded from central: https://repo.maven.apache.org/maven2/org/sonatype/sisu/inject/guice-parent/3.1.0/guice-parent-3.1.0.pom (11 kB at 455 kB/s)
[e1432841-85e9-43ff-aaec-fb3fe22331fa/build]   | [INFO] Downloading from central: https://repo.maven.apache.org/maven2/aopalliance/aopalliance/1.0/aopalliance-1.0.pom
[e1432841-85e9-43ff-aaec-fb3fe22331fa/build]   | [INFO] Downloaded from central: https://repo.maven.apache.org/maven2/aopalliance/aopalliance/1.0/aopalliance-1.0.pom (363 B at 60 kB/s)
[e1432841-85e9-43ff-aaec-fb3fe22331fa/build]   | [INFO] Downloading from central: https://repo.maven.apache.org/maven2/org/eclipse/sisu/org.eclipse.sisu.inject/0.0.0.M2a/org.eclipse.sisu.inject-0.0.0.M2a.pom
[e1432841-85e9-43ff-aaec-fb3fe22331fa/build]   | [INFO] Downloaded from central: https://repo.maven.apache.org/maven2/org/eclipse/sisu/org.eclipse.sisu.inject/0.0.0.M2a/org.eclipse.sisu.inject-0.0.0.M2a.pom (5.0 kB at 276 kB/s)
[e1432841-85e9-43ff-aaec-fb3fe22331fa/build]   | [INFO] Downloading from central: https://repo.maven.apache.org/maven2/org/eclipse/sisu/sisu-inject/0.0.0.M2a/sisu-inject-0.0.0.M2a.pom
[e1432841-85e9-43ff-aaec-fb3fe22331fa/build]   | [INFO] Downloaded from central: https://repo.maven.apache.org/maven2/org/eclipse/sisu/sisu-inject/0.0.0.M2a/sisu-inject-0.0.0.M2a.pom (7.8 kB at 488 kB/s)
[e1432841-85e9-43ff-aaec-fb3fe22331fa/build]   | [INFO] Downloading from central: https://repo.maven.apache.org/maven2/asm/asm/3.3.1/asm-3.3.1.pom
[e1432841-85e9-43ff-aaec-fb3fe22331fa/build]   | [INFO] Downloaded from central: https://repo.maven.apache.org/maven2/asm/asm/3.3.1/asm-3.3.1.pom (266 B at 22 kB/s)
[e1432841-85e9-43ff-aaec-fb3fe22331fa/build]   | [INFO] Downloading from central: https://repo.maven.apache.org/maven2/asm/asm-parent/3.3.1/asm-parent-3.3.1.pom
[e1432841-85e9-43ff-aaec-fb3fe22331fa/build]   | [INFO] Downloaded from central: https://repo.maven.apache.org/maven2/asm/asm-parent/3.3.1/asm-parent-3.3.1.pom (4.3 kB at 64 kB/s)
[e1432841-85e9-43ff-aaec-fb3fe22331fa/build]   | [INFO] Downloading from central: https://repo.maven.apache.org/maven2/org/codehaus/plexus/plexus-component-annotations/2.0.0/plexus-component-annotations-2.0.0.pom
[e1432841-85e9-43ff-aaec-fb3fe22331fa/build]   | [INFO] Downloaded from central: https://repo.maven.apache.org/maven2/org/codehaus/plexus/plexus-component-annotations/2.0.0/plexus-component-annotations-2.0.0.pom (750 B at 27 kB/s)
[e1432841-85e9-43ff-aaec-fb3fe22331fa/build]   | [INFO] Downloading from central: https://repo.maven.apache.org/maven2/org/codehaus/plexus/plexus-containers/2.0.0/plexus-containers-2.0.0.pom
[e1432841-85e9-43ff-aaec-fb3fe22331fa/build]   | [INFO] Downloaded from central: https://repo.maven.apache.org/maven2/org/codehaus/plexus/plexus-containers/2.0.0/plexus-containers-2.0.0.pom (4.8 kB at 320 kB/s)
[e1432841-85e9-43ff-aaec-fb3fe22331fa/build]   | [INFO] Downloading from central: https://repo.maven.apache.org/maven2/org/codehaus/plexus/plexus/5.1/plexus-5.1.pom
[e1432841-85e9-43ff-aaec-fb3fe22331fa/build]   | [INFO] Downloaded from central: https://repo.maven.apache.org/maven2/org/codehaus/plexus/plexus/5.1/plexus-5.1.pom (23 kB at 2.5 MB/s)
[e1432841-85e9-43ff-aaec-fb3fe22331fa/build]   | [INFO] Downloading from central: https://repo.maven.apache.org/maven2/org/codehaus/plexus/plexus-classworlds/2.4/plexus-classworlds-2.4.pom
[e1432841-85e9-43ff-aaec-fb3fe22331fa/build]   | [INFO] Downloaded from central: https://repo.maven.apache.org/maven2/org/codehaus/plexus/plexus-classworlds/2.4/plexus-classworlds-2.4.pom (3.9 kB at 353 kB/s)
[e1432841-85e9-43ff-aaec-fb3fe22331fa/build]   | [INFO] Downloading from central: https://repo.maven.apache.org/maven2/org/codehaus/plexus/plexus-utils/2.1/plexus-utils-2.1.pom
[e1432841-85e9-43ff-aaec-fb3fe22331fa/build]   | [INFO] Downloaded from central: https://repo.maven.apache.org/maven2/org/codehaus/plexus/plexus-utils/2.1/plexus-utils-2.1.pom (4.0 kB at 576 kB/s)
[e1432841-85e9-43ff-aaec-fb3fe22331fa/build]   | [INFO] Downloading from central: https://repo.maven.apache.org/maven2/org/sonatype/spice/spice-parent/16/spice-parent-16.pom
[e1432841-85e9-43ff-aaec-fb3fe22331fa/build]   | [INFO] Downloaded from central: https://repo.maven.apache.org/maven2/org/sonatype/spice/spice-parent/16/spice-parent-16.pom (8.4 kB at 1.2 MB/s)
[e1432841-85e9-43ff-aaec-fb3fe22331fa/build]   | [INFO] Downloading from central: https://repo.maven.apache.org/maven2/org/sonatype/forge/forge-parent/5/forge-parent-5.pom
[e1432841-85e9-43ff-aaec-fb3fe22331fa/build]   | [INFO] Downloaded from central: https://repo.maven.apache.org/maven2/org/sonatype/forge/forge-parent/5/forge-parent-5.pom (8.4 kB at 1.4 MB/s)
[e1432841-85e9-43ff-aaec-fb3fe22331fa/build]   | [INFO] Downloading from central: https://repo.maven.apache.org/maven2/org/apache/maven/maven-core/3.1.0/maven-core-3.1.0.pom
[e1432841-85e9-43ff-aaec-fb3fe22331fa/build]   | [INFO] Downloaded from central: https://repo.maven.apache.org/maven2/org/apache/maven/maven-core/3.1.0/maven-core-3.1.0.pom (6.9 kB at 1.2 MB/s)
[e1432841-85e9-43ff-aaec-fb3fe22331fa/build]   | [INFO] Downloading from central: https://repo.maven.apache.org/maven2/org/apache/maven/maven-settings/3.1.0/maven-settings-3.1.0.pom
[e1432841-85e9-43ff-aaec-fb3fe22331fa/build]   | [INFO] Downloaded from central: https://repo.maven.apache.org/maven2/org/apache/maven/maven-settings/3.1.0/maven-settings-3.1.0.pom (1.8 kB at 262 kB/s)
[e1432841-85e9-43ff-aaec-fb3fe22331fa/build]   | [INFO] Downloading from central: https://repo.maven.apache.org/maven2/org/apache/maven/maven-settings-builder/3.1.0/maven-settings-builder-3.1.0.pom
[e1432841-85e9-43ff-aaec-fb3fe22331fa/build]   | [INFO] Downloaded from central: https://repo.maven.apache.org/maven2/org/apache/maven/maven-settings-builder/3.1.0/maven-settings-builder-3.1.0.pom (2.3 kB at 188 kB/s)
[e1432841-85e9-43ff-aaec-fb3fe22331fa/build]   | [INFO] Downloading from central: https://repo.maven.apache.org/maven2/org/codehaus/plexus/plexus-interpolation/1.16/plexus-interpolation-1.16.pom
[e1432841-85e9-43ff-aaec-fb3fe22331fa/build]   | [INFO] Downloaded from central: https://repo.maven.apache.org/maven2/org/codehaus/plexus/plexus-interpolation/1.16/plexus-interpolation-1.16.pom (1.0 kB at 40 kB/s)
[e1432841-85e9-43ff-aaec-fb3fe22331fa/build]   | [INFO] Downloading from central: https://repo.maven.apache.org/maven2/org/codehaus/plexus/plexus-components/1.3/plexus-components-1.3.pom
[e1432841-85e9-43ff-aaec-fb3fe22331fa/build]   | [INFO] Downloaded from central: https://repo.maven.apache.org/maven2/org/codehaus/plexus/plexus-components/1.3/plexus-components-1.3.pom (3.1 kB at 105 kB/s)
[e1432841-85e9-43ff-aaec-fb3fe22331fa/build]   | [INFO] Downloading from central: https://repo.maven.apache.org/maven2/org/apache/maven/maven-repository-metadata/3.1.0/maven-repository-metadata-3.1.0.pom
[e1432841-85e9-43ff-aaec-fb3fe22331fa/build]   | [INFO] Downloaded from central: https://repo.maven.apache.org/maven2/org/apache/maven/maven-repository-metadata/3.1.0/maven-repository-metadata-3.1.0.pom (1.9 kB at 79 kB/s)
[e1432841-85e9-43ff-aaec-fb3fe22331fa/build]   | [INFO] Downloading from central: https://repo.maven.apache.org/maven2/org/apache/maven/maven-model-builder/3.1.0/maven-model-builder-3.1.0.pom
[e1432841-85e9-43ff-aaec-fb3fe22331fa/build]   | [INFO] Downloaded from central: https://repo.maven.apache.org/maven2/org/apache/maven/maven-model-builder/3.1.0/maven-model-builder-3.1.0.pom (2.5 kB at 112 kB/s)
[e1432841-85e9-43ff-aaec-fb3fe22331fa/build]   | [INFO] Downloading from central: https://repo.maven.apache.org/maven2/org/apache/maven/maven-aether-provider/3.1.0/maven-aether-provider-3.1.0.pom
[e1432841-85e9-43ff-aaec-fb3fe22331fa/build]   | [INFO] Downloaded from central: https://repo.maven.apache.org/maven2/org/apache/maven/maven-aether-provider/3.1.0/maven-aether-provider-3.1.0.pom (3.5 kB at 147 kB/s)
[e1432841-85e9-43ff-aaec-fb3fe22331fa/build]   | [INFO] Downloading from central: https://repo.maven.apache.org/maven2/org/eclipse/aether/aether-api/0.9.0.M2/aether-api-0.9.0.M2.pom
[e1432841-85e9-43ff-aaec-fb3fe22331fa/build]   | [INFO] Downloaded from central: https://repo.maven.apache.org/maven2/org/eclipse/aether/aether-api/0.9.0.M2/aether-api-0.9.0.M2.pom (1.7 kB at 67 kB/s)
[e1432841-85e9-43ff-aaec-fb3fe22331fa/build]   | [INFO] Downloading from central: https://repo.maven.apache.org/maven2/org/eclipse/aether/aether/0.9.0.M2/aether-0.9.0.M2.pom
[e1432841-85e9-43ff-aaec-fb3fe22331fa/build]   | [INFO] Downloaded from central: https://repo.maven.apache.org/maven2/org/eclipse/aether/aether/0.9.0.M2/aether-0.9.0.M2.pom (28 kB at 753 kB/s)
[e1432841-85e9-43ff-aaec-fb3fe22331fa/build]   | [INFO] Downloading from central: https://repo.maven.apache.org/maven2/org/eclipse/aether/aether-spi/0.9.0.M2/aether-spi-0.9.0.M2.pom
[e1432841-85e9-43ff-aaec-fb3fe22331fa/build]   | [INFO] Downloaded from central: https://repo.maven.apache.org/maven2/org/eclipse/aether/aether-spi/0.9.0.M2/aether-spi-0.9.0.M2.pom (1.8 kB at 43 kB/s)
[e1432841-85e9-43ff-aaec-fb3fe22331fa/build]   | [INFO] Downloading from central: https://repo.maven.apache.org/maven2/org/eclipse/aether/aether-util/0.9.0.M2/aether-util-0.9.0.M2.pom
[e1432841-85e9-43ff-aaec-fb3fe22331fa/build]   | [INFO] Downloaded from central: https://repo.maven.apache.org/maven2/org/eclipse/aether/aether-util/0.9.0.M2/aether-util-0.9.0.M2.pom (2.0 kB at 68 kB/s)
[e1432841-85e9-43ff-aaec-fb3fe22331fa/build]   | [INFO] Downloading from central: https://repo.maven.apache.org/maven2/org/eclipse/aether/aether-impl/0.9.0.M2/aether-impl-0.9.0.M2.pom
[e1432841-85e9-43ff-aaec-fb3fe22331fa/build]   | [INFO] Downloaded from central: https://repo.maven.apache.org/maven2/org/eclipse/aether/aether-impl/0.9.0.M2/aether-impl-0.9.0.M2.pom (3.3 kB at 115 kB/s)
[e1432841-85e9-43ff-aaec-fb3fe22331fa/build]   | [INFO] Downloading from central: https://repo.maven.apache.org/maven2/org/codehaus/plexus/plexus-classworlds/2.4.2/plexus-classworlds-2.4.2.pom
[e1432841-85e9-43ff-aaec-fb3fe22331fa/build]   | [INFO] Downloaded from central: https://repo.maven.apache.org/maven2/org/codehaus/plexus/plexus-classworlds/2.4.2/plexus-classworlds-2.4.2.pom (3.5 kB at 95 kB/s)
[e1432841-85e9-43ff-aaec-fb3fe22331fa/build]   | [INFO] Downloading from central: https://repo.maven.apache.org/maven2/org/codehaus/plexus/plexus/3.0.1/plexus-3.0.1.pom
[e1432841-85e9-43ff-aaec-fb3fe22331fa/build]   | [INFO] Downloaded from central: https://repo.maven.apache.org/maven2/org/codehaus/plexus/plexus/3.0.1/plexus-3.0.1.pom (19 kB at 665 kB/s)
[e1432841-85e9-43ff-aaec-fb3fe22331fa/build]   | [INFO] Downloading from central: https://repo.maven.apache.org/maven2/org/apache/maven/shared/file-management/3.0.0/file-management-3.0.0.pom
[e1432841-85e9-43ff-aaec-fb3fe22331fa/build]   | [INFO] Downloaded from central: https://repo.maven.apache.org/maven2/org/apache/maven/shared/file-management/3.0.0/file-management-3.0.0.pom (4.7 kB at 146 kB/s)
[e1432841-85e9-43ff-aaec-fb3fe22331fa/build]   | [INFO] Downloading from central: https://repo.maven.apache.org/maven2/org/apache/maven/shared/maven-shared-components/22/maven-shared-components-22.pom
[e1432841-85e9-43ff-aaec-fb3fe22331fa/build]   | [INFO] Downloaded from central: https://repo.maven.apache.org/maven2/org/apache/maven/shared/maven-shared-components/22/maven-shared-components-22.pom (5.1 kB at 135 kB/s)
[e1432841-85e9-43ff-aaec-fb3fe22331fa/build]   | [INFO] Downloading from central: https://repo.maven.apache.org/maven2/org/apache/maven/maven-parent/27/maven-parent-27.pom
[e1432841-85e9-43ff-aaec-fb3fe22331fa/build]   | [INFO] Downloaded from central: https://repo.maven.apache.org/maven2/org/apache/maven/maven-parent/27/maven-parent-27.pom (41 kB at 509 kB/s)
[e1432841-85e9-43ff-aaec-fb3fe22331fa/build]   | [INFO] Downloading from central: https://repo.maven.apache.org/maven2/org/apache/apache/17/apache-17.pom
[e1432841-85e9-43ff-aaec-fb3fe22331fa/build]   | [INFO] Downloaded from central: https://repo.maven.apache.org/maven2/org/apache/apache/17/apache-17.pom (16 kB at 518 kB/s)
[e1432841-85e9-43ff-aaec-fb3fe22331fa/build]   | [INFO] Downloading from central: https://repo.maven.apache.org/maven2/org/apache/maven/maven-plugin-api/3.0/maven-plugin-api-3.0.pom
[e1432841-85e9-43ff-aaec-fb3fe22331fa/build]   | [INFO] Downloaded from central: https://repo.maven.apache.org/maven2/org/apache/maven/maven-plugin-api/3.0/maven-plugin-api-3.0.pom (2.3 kB at 95 kB/s)
[e1432841-85e9-43ff-aaec-fb3fe22331fa/build]   | [INFO] Downloading from central: https://repo.maven.apache.org/maven2/org/apache/maven/maven/3.0/maven-3.0.pom
[e1432841-85e9-43ff-aaec-fb3fe22331fa/build]   | [INFO] Downloaded from central: https://repo.maven.apache.org/maven2/org/apache/maven/maven/3.0/maven-3.0.pom (22 kB at 912 kB/s)
[e1432841-85e9-43ff-aaec-fb3fe22331fa/build]   | [INFO] Downloading from central: https://repo.maven.apache.org/maven2/org/apache/maven/maven-parent/15/maven-parent-15.pom
[e1432841-85e9-43ff-aaec-fb3fe22331fa/build]   | [INFO] Downloaded from central: https://repo.maven.apache.org/maven2/org/apache/maven/maven-parent/15/maven-parent-15.pom (24 kB at 1.1 MB/s)
[e1432841-85e9-43ff-aaec-fb3fe22331fa/build]   | [INFO] Downloading from central: https://repo.maven.apache.org/maven2/org/apache/maven/maven-model/3.0/maven-model-3.0.pom
[e1432841-85e9-43ff-aaec-fb3fe22331fa/build]   | [INFO] Downloaded from central: https://repo.maven.apache.org/maven2/org/apache/maven/maven-model/3.0/maven-model-3.0.pom (3.9 kB at 134 kB/s)
[e1432841-85e9-43ff-aaec-fb3fe22331fa/build]   | [INFO] Downloading from central: https://repo.maven.apache.org/maven2/org/codehaus/plexus/plexus-utils/2.0.4/plexus-utils-2.0.4.pom
[e1432841-85e9-43ff-aaec-fb3fe22331fa/build]   | [INFO] Downloaded from central: https://repo.maven.apache.org/maven2/org/codehaus/plexus/plexus-utils/2.0.4/plexus-utils-2.0.4.pom (3.3 kB at 145 kB/s)
[e1432841-85e9-43ff-aaec-fb3fe22331fa/build]   | [INFO] Downloading from central: https://repo.maven.apache.org/maven2/org/apache/maven/maven-artifact/3.0/maven-artifact-3.0.pom
[e1432841-85e9-43ff-aaec-fb3fe22331fa/build]   | [INFO] Downloaded from central: https://repo.maven.apache.org/maven2/org/apache/maven/maven-artifact/3.0/maven-artifact-3.0.pom (1.9 kB at 80 kB/s)
[e1432841-85e9-43ff-aaec-fb3fe22331fa/build]   | [INFO] Downloading from central: https://repo.maven.apache.org/maven2/org/sonatype/sisu/sisu-inject-plexus/1.4.2/sisu-inject-plexus-1.4.2.pom
[e1432841-85e9-43ff-aaec-fb3fe22331fa/build]   | [INFO] Downloaded from central: https://repo.maven.apache.org/maven2/org/sonatype/sisu/sisu-inject-plexus/1.4.2/sisu-inject-plexus-1.4.2.pom (5.4 kB at 138 kB/s)
[e1432841-85e9-43ff-aaec-fb3fe22331fa/build]   | [INFO] Downloading from central: https://repo.maven.apache.org/maven2/org/sonatype/sisu/inject/guice-plexus/1.4.2/guice-plexus-1.4.2.pom
[e1432841-85e9-43ff-aaec-fb3fe22331fa/build]   | [INFO] Downloaded from central: https://repo.maven.apache.org/maven2/org/sonatype/sisu/inject/guice-plexus/1.4.2/guice-plexus-1.4.2.pom (3.1 kB at 156 kB/s)
[e1432841-85e9-43ff-aaec-fb3fe22331fa/build]   | [INFO] Downloading from central: https://repo.maven.apache.org/maven2/org/sonatype/sisu/inject/guice-bean/1.4.2/guice-bean-1.4.2.pom
[e1432841-85e9-43ff-aaec-fb3fe22331fa/build]   | [INFO] Downloaded from central: https://repo.maven.apache.org/maven2/org/sonatype/sisu/inject/guice-bean/1.4.2/guice-bean-1.4.2.pom (2.6 kB at 104 kB/s)
[e1432841-85e9-43ff-aaec-fb3fe22331fa/build]   | [INFO] Downloading from central: https://repo.maven.apache.org/maven2/org/sonatype/sisu/sisu-inject/1.4.2/sisu-inject-1.4.2.pom
[e1432841-85e9-43ff-aaec-fb3fe22331fa/build]   | [INFO] Downloaded from central: https://repo.maven.apache.org/maven2/org/sonatype/sisu/sisu-inject/1.4.2/sisu-inject-1.4.2.pom (1.2 kB at 50 kB/s)
[e1432841-85e9-43ff-aaec-fb3fe22331fa/build]   | [INFO] Downloading from central: https://repo.maven.apache.org/maven2/org/sonatype/sisu/sisu-parent/1.4.2/sisu-parent-1.4.2.pom
[e1432841-85e9-43ff-aaec-fb3fe22331fa/build]   | [INFO] Downloaded from central: https://repo.maven.apache.org/maven2/org/sonatype/sisu/sisu-parent/1.4.2/sisu-parent-1.4.2.pom (7.8 kB at 268 kB/s)
[e1432841-85e9-43ff-aaec-fb3fe22331fa/build]   | [INFO] Downloading from central: https://repo.maven.apache.org/maven2/org/sonatype/forge/forge-parent/6/forge-parent-6.pom
[e1432841-85e9-43ff-aaec-fb3fe22331fa/build]   | [INFO] Downloaded from central: https://repo.maven.apache.org/maven2/org/sonatype/forge/forge-parent/6/forge-parent-6.pom (11 kB at 468 kB/s)
[e1432841-85e9-43ff-aaec-fb3fe22331fa/build]   | [INFO] Downloading from central: https://repo.maven.apache.org/maven2/org/codehaus/plexus/plexus-classworlds/2.2.3/plexus-classworlds-2.2.3.pom
[e1432841-85e9-43ff-aaec-fb3fe22331fa/build]   | [INFO] Downloaded from central: https://repo.maven.apache.org/maven2/org/codehaus/plexus/plexus-classworlds/2.2.3/plexus-classworlds-2.2.3.pom (4.0 kB at 200 kB/s)
[e1432841-85e9-43ff-aaec-fb3fe22331fa/build]   | [INFO] Downloading from central: https://repo.maven.apache.org/maven2/org/sonatype/sisu/sisu-inject-bean/1.4.2/sisu-inject-bean-1.4.2.pom
[e1432841-85e9-43ff-aaec-fb3fe22331fa/build]   | [INFO] Downloaded from central: https://repo.maven.apache.org/maven2/org/sonatype/sisu/sisu-inject-bean/1.4.2/sisu-inject-bean-1.4.2.pom (5.5 kB at 273 kB/s)
[e1432841-85e9-43ff-aaec-fb3fe22331fa/build]   | [INFO] Downloading from central: https://repo.maven.apache.org/maven2/org/sonatype/sisu/sisu-guice/2.1.7/sisu-guice-2.1.7.pom
[e1432841-85e9-43ff-aaec-fb3fe22331fa/build]   | [INFO] Downloaded from central: https://repo.maven.apache.org/maven2/org/sonatype/sisu/sisu-guice/2.1.7/sisu-guice-2.1.7.pom (11 kB at 461 kB/s)
[e1432841-85e9-43ff-aaec-fb3fe22331fa/build]   | [INFO] Downloading from central: https://repo.maven.apache.org/maven2/org/apache/maven/shared/maven-shared-io/3.0.0/maven-shared-io-3.0.0.pom
[e1432841-85e9-43ff-aaec-fb3fe22331fa/build]   | [INFO] Downloaded from central: https://repo.maven.apache.org/maven2/org/apache/maven/shared/maven-shared-io/3.0.0/maven-shared-io-3.0.0.pom (4.2 kB at 189 kB/s)
[e1432841-85e9-43ff-aaec-fb3fe22331fa/build]   | [INFO] Downloading from central: https://repo.maven.apache.org/maven2/org/apache/maven/maven-compat/3.0/maven-compat-3.0.pom
[e1432841-85e9-43ff-aaec-fb3fe22331fa/build]   | [INFO] Downloaded from central: https://repo.maven.apache.org/maven2/org/apache/maven/maven-compat/3.0/maven-compat-3.0.pom (4.0 kB at 130 kB/s)
[e1432841-85e9-43ff-aaec-fb3fe22331fa/build]   | [INFO] Downloading from central: https://repo.maven.apache.org/maven2/org/apache/maven/maven-model-builder/3.0/maven-model-builder-3.0.pom
[e1432841-85e9-43ff-aaec-fb3fe22331fa/build]   | [INFO] Downloaded from central: https://repo.maven.apache.org/maven2/org/apache/maven/maven-model-builder/3.0/maven-model-builder-3.0.pom (2.2 kB at 94 kB/s)
[e1432841-85e9-43ff-aaec-fb3fe22331fa/build]   | [INFO] Downloading from central: https://repo.maven.apache.org/maven2/org/codehaus/plexus/plexus-interpolation/1.14/plexus-interpolation-1.14.pom
[e1432841-85e9-43ff-aaec-fb3fe22331fa/build]   | [INFO] Downloaded from central: https://repo.maven.apache.org/maven2/org/codehaus/plexus/plexus-interpolation/1.14/plexus-interpolation-1.14.pom (910 B at 36 kB/s)
[e1432841-85e9-43ff-aaec-fb3fe22331fa/build]   | [INFO] Downloading from central: https://repo.maven.apache.org/maven2/org/codehaus/plexus/plexus-components/1.1.18/plexus-components-1.1.18.pom
[e1432841-85e9-43ff-aaec-fb3fe22331fa/build]   | [INFO] Downloaded from central: https://repo.maven.apache.org/maven2/org/codehaus/plexus/plexus-components/1.1.18/plexus-components-1.1.18.pom (5.4 kB at 233 kB/s)
[e1432841-85e9-43ff-aaec-fb3fe22331fa/build]   | [INFO] Downloading from central: https://repo.maven.apache.org/maven2/org/apache/maven/maven-settings/3.0/maven-settings-3.0.pom
[e1432841-85e9-43ff-aaec-fb3fe22331fa/build]   | [INFO] Downloaded from central: https://repo.maven.apache.org/maven2/org/apache/maven/maven-settings/3.0/maven-settings-3.0.pom (1.9 kB at 86 kB/s)
[e1432841-85e9-43ff-aaec-fb3fe22331fa/build]   | [INFO] Downloading from central: https://repo.maven.apache.org/maven2/org/apache/maven/maven-core/3.0/maven-core-3.0.pom
[e1432841-85e9-43ff-aaec-fb3fe22331fa/build]   | [INFO] Downloaded from central: https://repo.maven.apache.org/maven2/org/apache/maven/maven-core/3.0/maven-core-3.0.pom (6.6 kB at 331 kB/s)
[e1432841-85e9-43ff-aaec-fb3fe22331fa/build]   | [INFO] Downloading from central: https://repo.maven.apache.org/maven2/org/apache/maven/maven-settings-builder/3.0/maven-settings-builder-3.0.pom
[e1432841-85e9-43ff-aaec-fb3fe22331fa/build]   | [INFO] Downloaded from central: https://repo.maven.apache.org/maven2/org/apache/maven/maven-settings-builder/3.0/maven-settings-builder-3.0.pom (2.2 kB at 117 kB/s)
[e1432841-85e9-43ff-aaec-fb3fe22331fa/build]   | [INFO] Downloading from central: https://repo.maven.apache.org/maven2/org/apache/maven/maven-repository-metadata/3.0/maven-repository-metadata-3.0.pom
[e1432841-85e9-43ff-aaec-fb3fe22331fa/build]   | [INFO] Downloaded from central: https://repo.maven.apache.org/maven2/org/apache/maven/maven-repository-metadata/3.0/maven-repository-metadata-3.0.pom (1.9 kB at 113 kB/s)
[e1432841-85e9-43ff-aaec-fb3fe22331fa/build]   | [INFO] Downloading from central: https://repo.maven.apache.org/maven2/org/apache/maven/maven-aether-provider/3.0/maven-aether-provider-3.0.pom
[e1432841-85e9-43ff-aaec-fb3fe22331fa/build]   | [INFO] Downloaded from central: https://repo.maven.apache.org/maven2/org/apache/maven/maven-aether-provider/3.0/maven-aether-provider-3.0.pom (2.5 kB at 107 kB/s)
[e1432841-85e9-43ff-aaec-fb3fe22331fa/build]   | [INFO] Downloading from central: https://repo.maven.apache.org/maven2/org/sonatype/aether/aether-api/1.7/aether-api-1.7.pom
[e1432841-85e9-43ff-aaec-fb3fe22331fa/build]   | [INFO] Downloaded from central: https://repo.maven.apache.org/maven2/org/sonatype/aether/aether-api/1.7/aether-api-1.7.pom (1.7 kB at 67 kB/s)
[e1432841-85e9-43ff-aaec-fb3fe22331fa/build]   | [INFO] Downloading from central: https://repo.maven.apache.org/maven2/org/sonatype/aether/aether-parent/1.7/aether-parent-1.7.pom
[e1432841-85e9-43ff-aaec-fb3fe22331fa/build]   | [INFO] Downloaded from central: https://repo.maven.apache.org/maven2/org/sonatype/aether/aether-parent/1.7/aether-parent-1.7.pom (7.7 kB at 297 kB/s)
[e1432841-85e9-43ff-aaec-fb3fe22331fa/build]   | [INFO] Downloading from central: https://repo.maven.apache.org/maven2/org/sonatype/aether/aether-util/1.7/aether-util-1.7.pom
[e1432841-85e9-43ff-aaec-fb3fe22331fa/build]   | [INFO] Downloaded from central: https://repo.maven.apache.org/maven2/org/sonatype/aether/aether-util/1.7/aether-util-1.7.pom (2.1 kB at 86 kB/s)
[e1432841-85e9-43ff-aaec-fb3fe22331fa/build]   | [INFO] Downloading from central: https://repo.maven.apache.org/maven2/org/sonatype/aether/aether-impl/1.7/aether-impl-1.7.pom
[e1432841-85e9-43ff-aaec-fb3fe22331fa/build]   | [INFO] Downloaded from central: https://repo.maven.apache.org/maven2/org/sonatype/aether/aether-impl/1.7/aether-impl-1.7.pom (3.7 kB at 185 kB/s)
[e1432841-85e9-43ff-aaec-fb3fe22331fa/build]   | [INFO] Downloading from central: https://repo.maven.apache.org/maven2/org/sonatype/aether/aether-spi/1.7/aether-spi-1.7.pom
[e1432841-85e9-43ff-aaec-fb3fe22331fa/build]   | [INFO] Downloaded from central: https://repo.maven.apache.org/maven2/org/sonatype/aether/aether-spi/1.7/aether-spi-1.7.pom (1.7 kB at 76 kB/s)
[e1432841-85e9-43ff-aaec-fb3fe22331fa/build]   | [INFO] Downloading from central: https://repo.maven.apache.org/maven2/org/apache/maven/wagon/wagon-provider-api/1.0-beta-6/wagon-provider-api-1.0-beta-6.pom
[e1432841-85e9-43ff-aaec-fb3fe22331fa/build]   | [INFO] Downloaded from central: https://repo.maven.apache.org/maven2/org/apache/maven/wagon/wagon-provider-api/1.0-beta-6/wagon-provider-api-1.0-beta-6.pom (1.8 kB at 65 kB/s)
[e1432841-85e9-43ff-aaec-fb3fe22331fa/build]   | [INFO] Downloading from central: https://repo.maven.apache.org/maven2/org/apache/maven/wagon/wagon/1.0-beta-6/wagon-1.0-beta-6.pom
[e1432841-85e9-43ff-aaec-fb3fe22331fa/build]   | [INFO] Downloaded from central: https://repo.maven.apache.org/maven2/org/apache/maven/wagon/wagon/1.0-beta-6/wagon-1.0-beta-6.pom (12 kB at 539 kB/s)
[e1432841-85e9-43ff-aaec-fb3fe22331fa/build]   | [INFO] Downloading from central: https://repo.maven.apache.org/maven2/org/codehaus/plexus/plexus-utils/1.4.2/plexus-utils-1.4.2.pom
[e1432841-85e9-43ff-aaec-fb3fe22331fa/build]   | [INFO] Downloaded from central: https://repo.maven.apache.org/maven2/org/codehaus/plexus/plexus-utils/1.4.2/plexus-utils-1.4.2.pom (2.0 kB at 78 kB/s)
[e1432841-85e9-43ff-aaec-fb3fe22331fa/build]   | [INFO] Downloading from central: https://repo.maven.apache.org/maven2/org/apache/maven/wagon/wagon-provider-api/2.10/wagon-provider-api-2.10.pom
[e1432841-85e9-43ff-aaec-fb3fe22331fa/build]   | [INFO] Downloaded from central: https://repo.maven.apache.org/maven2/org/apache/maven/wagon/wagon-provider-api/2.10/wagon-provider-api-2.10.pom (1.7 kB at 72 kB/s)
[e1432841-85e9-43ff-aaec-fb3fe22331fa/build]   | [INFO] Downloading from central: https://repo.maven.apache.org/maven2/org/apache/maven/wagon/wagon/2.10/wagon-2.10.pom
[e1432841-85e9-43ff-aaec-fb3fe22331fa/build]   | [INFO] Downloaded from central: https://repo.maven.apache.org/maven2/org/apache/maven/wagon/wagon/2.10/wagon-2.10.pom (21 kB at 821 kB/s)
[e1432841-85e9-43ff-aaec-fb3fe22331fa/build]   | [INFO] Downloading from central: https://repo.maven.apache.org/maven2/org/apache/maven/maven-parent/26/maven-parent-26.pom
[e1432841-85e9-43ff-aaec-fb3fe22331fa/build]   | [INFO] Downloaded from central: https://repo.maven.apache.org/maven2/org/apache/maven/maven-parent/26/maven-parent-26.pom (40 kB at 1.4 MB/s)
[e1432841-85e9-43ff-aaec-fb3fe22331fa/build]   | [INFO] Downloading from central: https://repo.maven.apache.org/maven2/org/apache/apache/16/apache-16.pom
[e1432841-85e9-43ff-aaec-fb3fe22331fa/build]   | [INFO] Downloaded from central: https://repo.maven.apache.org/maven2/org/apache/apache/16/apache-16.pom (15 kB at 642 kB/s)
[e1432841-85e9-43ff-aaec-fb3fe22331fa/build]   | [INFO] Downloading from central: https://repo.maven.apache.org/maven2/org/codehaus/plexus/plexus-utils/3.0.15/plexus-utils-3.0.15.pom
[e1432841-85e9-43ff-aaec-fb3fe22331fa/build]   | [INFO] Downloaded from central: https://repo.maven.apache.org/maven2/org/codehaus/plexus/plexus-utils/3.0.15/plexus-utils-3.0.15.pom (3.1 kB at 121 kB/s)
[e1432841-85e9-43ff-aaec-fb3fe22331fa/build]   | [INFO] Downloading from central: https://repo.maven.apache.org/maven2/org/apache/maven/shared/maven-shared-utils/3.0.0/maven-shared-utils-3.0.0.pom
[e1432841-85e9-43ff-aaec-fb3fe22331fa/build]   | [INFO] Downloaded from central: https://repo.maven.apache.org/maven2/org/apache/maven/shared/maven-shared-utils/3.0.0/maven-shared-utils-3.0.0.pom (5.6 kB at 266 kB/s)
[e1432841-85e9-43ff-aaec-fb3fe22331fa/build]   | [INFO] Downloading from central: https://repo.maven.apache.org/maven2/org/apache/maven/shared/maven-shared-components/21/maven-shared-components-21.pom
[e1432841-85e9-43ff-aaec-fb3fe22331fa/build]   | [INFO] Downloaded from central: https://repo.maven.apache.org/maven2/org/apache/maven/shared/maven-shared-components/21/maven-shared-components-21.pom (5.1 kB at 243 kB/s)
[e1432841-85e9-43ff-aaec-fb3fe22331fa/build]   | [INFO] Downloading from central: https://repo.maven.apache.org/maven2/org/apache/maven/maven-parent/25/maven-parent-25.pom
[e1432841-85e9-43ff-aaec-fb3fe22331fa/build]   | [INFO] Downloaded from central: https://repo.maven.apache.org/maven2/org/apache/maven/maven-parent/25/maven-parent-25.pom (37 kB at 1.5 MB/s)
[e1432841-85e9-43ff-aaec-fb3fe22331fa/build]   | [INFO] Downloading from central: https://repo.maven.apache.org/maven2/org/apache/apache/15/apache-15.pom
[e1432841-85e9-43ff-aaec-fb3fe22331fa/build]   | [INFO] Downloaded from central: https://repo.maven.apache.org/maven2/org/apache/apache/15/apache-15.pom (15 kB at 726 kB/s)
[e1432841-85e9-43ff-aaec-fb3fe22331fa/build]   | [INFO] Downloading from central: https://repo.maven.apache.org/maven2/commons-io/commons-io/2.4/commons-io-2.4.pom
[e1432841-85e9-43ff-aaec-fb3fe22331fa/build]   | [INFO] Downloaded from central: https://repo.maven.apache.org/maven2/commons-io/commons-io/2.4/commons-io-2.4.pom (10 kB at 535 kB/s)
[e1432841-85e9-43ff-aaec-fb3fe22331fa/build]   | [INFO] Downloading from central: https://repo.maven.apache.org/maven2/org/apache/commons/commons-parent/25/commons-parent-25.pom
[e1432841-85e9-43ff-aaec-fb3fe22331fa/build]   | [INFO] Downloaded from central: https://repo.maven.apache.org/maven2/org/apache/commons/commons-parent/25/commons-parent-25.pom (48 kB at 2.1 MB/s)
[e1432841-85e9-43ff-aaec-fb3fe22331fa/build]   | [INFO] Downloading from central: https://repo.maven.apache.org/maven2/org/codehaus/plexus/plexus-utils/3.0.22/plexus-utils-3.0.22.pom
[e1432841-85e9-43ff-aaec-fb3fe22331fa/build]   | [INFO] Downloaded from central: https://repo.maven.apache.org/maven2/org/codehaus/plexus/plexus-utils/3.0.22/plexus-utils-3.0.22.pom (3.8 kB at 192 kB/s)
[e1432841-85e9-43ff-aaec-fb3fe22331fa/build]   | [INFO] Downloading from central: https://repo.maven.apache.org/maven2/org/apache/maven/maven-archiver/3.5.2/maven-archiver-3.5.2.pom
[e1432841-85e9-43ff-aaec-fb3fe22331fa/build]   | [INFO] Downloaded from central: https://repo.maven.apache.org/maven2/org/apache/maven/maven-archiver/3.5.2/maven-archiver-3.5.2.pom (5.5 kB at 252 kB/s)
[e1432841-85e9-43ff-aaec-fb3fe22331fa/build]   | [INFO] Downloading from central: https://repo.maven.apache.org/maven2/org/apache/maven/shared/maven-shared-components/34/maven-shared-components-34.pom
[e1432841-85e9-43ff-aaec-fb3fe22331fa/build]   | [INFO] Downloaded from central: https://repo.maven.apache.org/maven2/org/apache/maven/shared/maven-shared-components/34/maven-shared-components-34.pom (5.1 kB at 212 kB/s)
[e1432841-85e9-43ff-aaec-fb3fe22331fa/build]   | [INFO] Downloading from central: https://repo.maven.apache.org/maven2/org/apache/maven/maven-artifact/3.1.1/maven-artifact-3.1.1.pom
[e1432841-85e9-43ff-aaec-fb3fe22331fa/build]   | [INFO] Downloaded from central: https://repo.maven.apache.org/maven2/org/apache/maven/maven-artifact/3.1.1/maven-artifact-3.1.1.pom (2.0 kB at 40 kB/s)
[e1432841-85e9-43ff-aaec-fb3fe22331fa/build]   | [INFO] Downloading from central: https://repo.maven.apache.org/maven2/org/apache/maven/maven/3.1.1/maven-3.1.1.pom
[e1432841-85e9-43ff-aaec-fb3fe22331fa/build]   | [INFO] Downloaded from central: https://repo.maven.apache.org/maven2/org/apache/maven/maven/3.1.1/maven-3.1.1.pom (22 kB at 670 kB/s)
[e1432841-85e9-43ff-aaec-fb3fe22331fa/build]   | [INFO] Downloading from central: https://repo.maven.apache.org/maven2/org/apache/maven/maven-model/3.1.1/maven-model-3.1.1.pom
[e1432841-85e9-43ff-aaec-fb3fe22331fa/build]   | [INFO] Downloaded from central: https://repo.maven.apache.org/maven2/org/apache/maven/maven-model/3.1.1/maven-model-3.1.1.pom (4.1 kB at 134 kB/s)
[e1432841-85e9-43ff-aaec-fb3fe22331fa/build]   | [INFO] Downloading from central: https://repo.maven.apache.org/maven2/org/apache/maven/maven-core/3.1.1/maven-core-3.1.1.pom
[e1432841-85e9-43ff-aaec-fb3fe22331fa/build]   | [INFO] Downloaded from central: https://repo.maven.apache.org/maven2/org/apache/maven/maven-core/3.1.1/maven-core-3.1.1.pom (7.3 kB at 251 kB/s)
[e1432841-85e9-43ff-aaec-fb3fe22331fa/build]   | [INFO] Downloading from central: https://repo.maven.apache.org/maven2/org/apache/maven/maven-settings/3.1.1/maven-settings-3.1.1.pom
[e1432841-85e9-43ff-aaec-fb3fe22331fa/build]   | [INFO] Downloaded from central: https://repo.maven.apache.org/maven2/org/apache/maven/maven-settings/3.1.1/maven-settings-3.1.1.pom (2.2 kB at 41 kB/s)
[e1432841-85e9-43ff-aaec-fb3fe22331fa/build]   | [INFO] Downloading from central: https://repo.maven.apache.org/maven2/org/apache/maven/maven-settings-builder/3.1.1/maven-settings-builder-3.1.1.pom
[e1432841-85e9-43ff-aaec-fb3fe22331fa/build]   | [INFO] Downloaded from central: https://repo.maven.apache.org/maven2/org/apache/maven/maven-settings-builder/3.1.1/maven-settings-builder-3.1.1.pom (2.6 kB at 76 kB/s)
[e1432841-85e9-43ff-aaec-fb3fe22331fa/build]   | [INFO] Downloading from central: https://repo.maven.apache.org/maven2/org/codehaus/plexus/plexus-interpolation/1.19/plexus-interpolation-1.19.pom
[e1432841-85e9-43ff-aaec-fb3fe22331fa/build]   | [INFO] Downloaded from central: https://repo.maven.apache.org/maven2/org/codehaus/plexus/plexus-interpolation/1.19/plexus-interpolation-1.19.pom (1.0 kB at 25 kB/s)
[e1432841-85e9-43ff-aaec-fb3fe22331fa/build]   | [INFO] Downloading from central: https://repo.maven.apache.org/maven2/org/apache/maven/maven-repository-metadata/3.1.1/maven-repository-metadata-3.1.1.pom
[e1432841-85e9-43ff-aaec-fb3fe22331fa/build]   | [INFO] Downloaded from central: https://repo.maven.apache.org/maven2/org/apache/maven/maven-repository-metadata/3.1.1/maven-repository-metadata-3.1.1.pom (2.2 kB at 50 kB/s)
[e1432841-85e9-43ff-aaec-fb3fe22331fa/build]   | [INFO] Downloading from central: https://repo.maven.apache.org/maven2/org/apache/maven/maven-plugin-api/3.1.1/maven-plugin-api-3.1.1.pom
[e1432841-85e9-43ff-aaec-fb3fe22331fa/build]   | [INFO] Downloaded from central: https://repo.maven.apache.org/maven2/org/apache/maven/maven-plugin-api/3.1.1/maven-plugin-api-3.1.1.pom (3.4 kB at 81 kB/s)
[e1432841-85e9-43ff-aaec-fb3fe22331fa/build]   | [INFO] Downloading from central: https://repo.maven.apache.org/maven2/org/eclipse/sisu/org.eclipse.sisu.plexus/0.0.0.M5/org.eclipse.sisu.plexus-0.0.0.M5.pom
[e1432841-85e9-43ff-aaec-fb3fe22331fa/build]   | [INFO] Downloaded from central: https://repo.maven.apache.org/maven2/org/eclipse/sisu/org.eclipse.sisu.plexus/0.0.0.M5/org.eclipse.sisu.plexus-0.0.0.M5.pom (4.8 kB at 115 kB/s)
[e1432841-85e9-43ff-aaec-fb3fe22331fa/build]   | [INFO] Downloading from central: https://repo.maven.apache.org/maven2/org/eclipse/sisu/sisu-plexus/0.0.0.M5/sisu-plexus-0.0.0.M5.pom
[e1432841-85e9-43ff-aaec-fb3fe22331fa/build]   | [INFO] Downloaded from central: https://repo.maven.apache.org/maven2/org/eclipse/sisu/sisu-plexus/0.0.0.M5/sisu-plexus-0.0.0.M5.pom (13 kB at 269 kB/s)
[e1432841-85e9-43ff-aaec-fb3fe22331fa/build]   | [INFO] Downloading from central: https://repo.maven.apache.org/maven2/org/eclipse/sisu/org.eclipse.sisu.inject/0.0.0.M5/org.eclipse.sisu.inject-0.0.0.M5.pom
[e1432841-85e9-43ff-aaec-fb3fe22331fa/build]   | [INFO] Downloaded from central: https://repo.maven.apache.org/maven2/org/eclipse/sisu/org.eclipse.sisu.inject/0.0.0.M5/org.eclipse.sisu.inject-0.0.0.M5.pom (2.5 kB at 49 kB/s)
[e1432841-85e9-43ff-aaec-fb3fe22331fa/build]   | [INFO] Downloading from central: https://repo.maven.apache.org/maven2/org/eclipse/sisu/sisu-inject/0.0.0.M5/sisu-inject-0.0.0.M5.pom
[e1432841-85e9-43ff-aaec-fb3fe22331fa/build]   | [INFO] Downloaded from central: https://repo.maven.apache.org/maven2/org/eclipse/sisu/sisu-inject/0.0.0.M5/sisu-inject-0.0.0.M5.pom (14 kB at 368 kB/s)
[e1432841-85e9-43ff-aaec-fb3fe22331fa/build]   | [INFO] Downloading from central: https://repo.maven.apache.org/maven2/org/apache/maven/maven-model-builder/3.1.1/maven-model-builder-3.1.1.pom
[e1432841-85e9-43ff-aaec-fb3fe22331fa/build]   | [INFO] Downloaded from central: https://repo.maven.apache.org/maven2/org/apache/maven/maven-model-builder/3.1.1/maven-model-builder-3.1.1.pom (2.8 kB at 70 kB/s)
[e1432841-85e9-43ff-aaec-fb3fe22331fa/build]   | [INFO] Downloading from central: https://repo.maven.apache.org/maven2/org/apache/maven/maven-aether-provider/3.1.1/maven-aether-provider-3.1.1.pom
[e1432841-85e9-43ff-aaec-fb3fe22331fa/build]   | [INFO] Downloaded from central: https://repo.maven.apache.org/maven2/org/apache/maven/maven-aether-provider/3.1.1/maven-aether-provider-3.1.1.pom (4.1 kB at 157 kB/s)
[e1432841-85e9-43ff-aaec-fb3fe22331fa/build]   | [INFO] Downloading from central: https://repo.maven.apache.org/maven2/org/codehaus/plexus/plexus-classworlds/2.5.1/plexus-classworlds-2.5.1.pom
[e1432841-85e9-43ff-aaec-fb3fe22331fa/build]   | [INFO] Downloaded from central: https://repo.maven.apache.org/maven2/org/codehaus/plexus/plexus-classworlds/2.5.1/plexus-classworlds-2.5.1.pom (5.0 kB at 147 kB/s)
[e1432841-85e9-43ff-aaec-fb3fe22331fa/build]   | [INFO] Downloading from central: https://repo.maven.apache.org/maven2/org/apache/maven/shared/maven-shared-utils/3.3.3/maven-shared-utils-3.3.3.pom
[e1432841-85e9-43ff-aaec-fb3fe22331fa/build]   | [INFO] Downloaded from central: https://repo.maven.apache.org/maven2/org/apache/maven/shared/maven-shared-utils/3.3.3/maven-shared-utils-3.3.3.pom (5.8 kB at 134 kB/s)
[e1432841-85e9-43ff-aaec-fb3fe22331fa/build]   | [INFO] Downloading from central: https://repo.maven.apache.org/maven2/commons-io/commons-io/2.6/commons-io-2.6.pom
[e1432841-85e9-43ff-aaec-fb3fe22331fa/build]   | [INFO] Downloaded from central: https://repo.maven.apache.org/maven2/commons-io/commons-io/2.6/commons-io-2.6.pom (14 kB at 432 kB/s)
[e1432841-85e9-43ff-aaec-fb3fe22331fa/build]   | [INFO] Downloading from central: https://repo.maven.apache.org/maven2/org/apache/commons/commons-parent/42/commons-parent-42.pom
[e1432841-85e9-43ff-aaec-fb3fe22331fa/build]   | [INFO] Downloaded from central: https://repo.maven.apache.org/maven2/org/apache/commons/commons-parent/42/commons-parent-42.pom (68 kB at 2.3 MB/s)
[e1432841-85e9-43ff-aaec-fb3fe22331fa/build]   | [INFO] Downloading from central: https://repo.maven.apache.org/maven2/org/apache/apache/18/apache-18.pom
[e1432841-85e9-43ff-aaec-fb3fe22331fa/build]   | [INFO] Downloaded from central: https://repo.maven.apache.org/maven2/org/apache/apache/18/apache-18.pom (16 kB at 712 kB/s)
[e1432841-85e9-43ff-aaec-fb3fe22331fa/build]   | [INFO] Downloading from central: https://repo.maven.apache.org/maven2/org/apache/commons/commons-compress/1.20/commons-compress-1.20.pom
[e1432841-85e9-43ff-aaec-fb3fe22331fa/build]   | [INFO] Downloaded from central: https://repo.maven.apache.org/maven2/org/apache/commons/commons-compress/1.20/commons-compress-1.20.pom (18 kB at 830 kB/s)
[e1432841-85e9-43ff-aaec-fb3fe22331fa/build]   | [INFO] Downloading from central: https://repo.maven.apache.org/maven2/org/apache/commons/commons-parent/48/commons-parent-48.pom
[e1432841-85e9-43ff-aaec-fb3fe22331fa/build]   | [INFO] Downloaded from central: https://repo.maven.apache.org/maven2/org/apache/commons/commons-parent/48/commons-parent-48.pom (72 kB at 1.6 MB/s)
[e1432841-85e9-43ff-aaec-fb3fe22331fa/build]   | [INFO] Downloading from central: https://repo.maven.apache.org/maven2/org/apache/apache/21/apache-21.pom
[e1432841-85e9-43ff-aaec-fb3fe22331fa/build]   | [INFO] Downloaded from central: https://repo.maven.apache.org/maven2/org/apache/apache/21/apache-21.pom (17 kB at 398 kB/s)
[e1432841-85e9-43ff-aaec-fb3fe22331fa/build]   | [INFO] Downloading from central: https://repo.maven.apache.org/maven2/org/codehaus/plexus/plexus-archiver/4.2.7/plexus-archiver-4.2.7.pom
[e1432841-85e9-43ff-aaec-fb3fe22331fa/build]   | [INFO] Downloaded from central: https://repo.maven.apache.org/maven2/org/codehaus/plexus/plexus-archiver/4.2.7/plexus-archiver-4.2.7.pom (4.9 kB at 82 kB/s)
[e1432841-85e9-43ff-aaec-fb3fe22331fa/build]   | [INFO] Downloading from central: https://repo.maven.apache.org/maven2/org/codehaus/plexus/plexus/8/plexus-8.pom
[e1432841-85e9-43ff-aaec-fb3fe22331fa/build]   | [INFO] Downloaded from central: https://repo.maven.apache.org/maven2/org/codehaus/plexus/plexus/8/plexus-8.pom (25 kB at 499 kB/s)
[e1432841-85e9-43ff-aaec-fb3fe22331fa/build]   | [INFO] Downloading from central: https://repo.maven.apache.org/maven2/org/codehaus/plexus/plexus-utils/3.4.1/plexus-utils-3.4.1.pom
[e1432841-85e9-43ff-aaec-fb3fe22331fa/build]   | [INFO] Downloaded from central: https://repo.maven.apache.org/maven2/org/codehaus/plexus/plexus-utils/3.4.1/plexus-utils-3.4.1.pom (8.0 kB at 135 kB/s)
[e1432841-85e9-43ff-aaec-fb3fe22331fa/build]   | [INFO] Downloading from central: https://repo.maven.apache.org/maven2/org/codehaus/plexus/plexus-io/3.2.0/plexus-io-3.2.0.pom
[e1432841-85e9-43ff-aaec-fb3fe22331fa/build]   | [INFO] Downloaded from central: https://repo.maven.apache.org/maven2/org/codehaus/plexus/plexus-io/3.2.0/plexus-io-3.2.0.pom (4.5 kB at 134 kB/s)
[e1432841-85e9-43ff-aaec-fb3fe22331fa/build]   | [INFO] Downloading from central: https://repo.maven.apache.org/maven2/org/codehaus/plexus/plexus-utils/3.3.0/plexus-utils-3.3.0.pom
[e1432841-85e9-43ff-aaec-fb3fe22331fa/build]   | [INFO] Downloaded from central: https://repo.maven.apache.org/maven2/org/codehaus/plexus/plexus-utils/3.3.0/plexus-utils-3.3.0.pom (5.2 kB at 199 kB/s)
[e1432841-85e9-43ff-aaec-fb3fe22331fa/build]   | [INFO] Downloading from central: https://repo.maven.apache.org/maven2/org/apache/commons/commons-compress/1.21/commons-compress-1.21.pom
[e1432841-85e9-43ff-aaec-fb3fe22331fa/build]   | [INFO] Downloaded from central: https://repo.maven.apache.org/maven2/org/apache/commons/commons-compress/1.21/commons-compress-1.21.pom (20 kB at 303 kB/s)
[e1432841-85e9-43ff-aaec-fb3fe22331fa/build]   | [INFO] Downloading from central: https://repo.maven.apache.org/maven2/org/apache/commons/commons-parent/52/commons-parent-52.pom
[e1432841-85e9-43ff-aaec-fb3fe22331fa/build]   | [INFO] Downloaded from central: https://repo.maven.apache.org/maven2/org/apache/commons/commons-parent/52/commons-parent-52.pom (79 kB at 1.4 MB/s)
[e1432841-85e9-43ff-aaec-fb3fe22331fa/build]   | [INFO] Downloading from central: https://repo.maven.apache.org/maven2/org/iq80/snappy/snappy/0.4/snappy-0.4.pom
[e1432841-85e9-43ff-aaec-fb3fe22331fa/build]   | [INFO] Downloaded from central: https://repo.maven.apache.org/maven2/org/iq80/snappy/snappy/0.4/snappy-0.4.pom (15 kB at 1.3 MB/s)
[e1432841-85e9-43ff-aaec-fb3fe22331fa/build]   | [INFO] Downloading from central: https://repo.maven.apache.org/maven2/org/tukaani/xz/1.9/xz-1.9.pom
[e1432841-85e9-43ff-aaec-fb3fe22331fa/build]   | [INFO] Downloaded from central: https://repo.maven.apache.org/maven2/org/tukaani/xz/1.9/xz-1.9.pom (2.0 kB at 120 kB/s)
[e1432841-85e9-43ff-aaec-fb3fe22331fa/build]   | [INFO] Downloading from central: https://repo.maven.apache.org/maven2/org/codehaus/plexus/plexus-interpolation/1.26/plexus-interpolation-1.26.pom
[e1432841-85e9-43ff-aaec-fb3fe22331fa/build]   | [INFO] Downloaded from central: https://repo.maven.apache.org/maven2/org/codehaus/plexus/plexus-interpolation/1.26/plexus-interpolation-1.26.pom (2.7 kB at 98 kB/s)
[e1432841-85e9-43ff-aaec-fb3fe22331fa/build]   | [INFO] Downloading from central: https://repo.maven.apache.org/maven2/org/apache/maven/shared/maven-shared-utils/3.3.4/maven-shared-utils-3.3.4.pom
[e1432841-85e9-43ff-aaec-fb3fe22331fa/build]   | [INFO] Downloaded from central: https://repo.maven.apache.org/maven2/org/apache/maven/shared/maven-shared-utils/3.3.4/maven-shared-utils-3.3.4.pom (5.8 kB at 292 kB/s)
[e1432841-85e9-43ff-aaec-fb3fe22331fa/build]   | [INFO] Downloading from central: https://repo.maven.apache.org/maven2/org/codehaus/plexus/plexus-utils/3.3.1/plexus-utils-3.3.1.pom
[e1432841-85e9-43ff-aaec-fb3fe22331fa/build]   | [INFO] Downloaded from central: https://repo.maven.apache.org/maven2/org/codehaus/plexus/plexus-utils/3.3.1/plexus-utils-3.3.1.pom (5.3 kB at 486 kB/s)
[e1432841-85e9-43ff-aaec-fb3fe22331fa/build]   | [INFO] Downloading from central: https://repo.maven.apache.org/maven2/org/apache/maven/maven-plugin-api/3.1.0/maven-plugin-api-3.1.0.jar
[e1432841-85e9-43ff-aaec-fb3fe22331fa/build]   | [INFO] Downloading from central: https://repo.maven.apache.org/maven2/org/apache/maven/maven-model/3.1.0/maven-model-3.1.0.jar
[e1432841-85e9-43ff-aaec-fb3fe22331fa/build]   | [INFO] Downloading from central: https://repo.maven.apache.org/maven2/org/eclipse/sisu/org.eclipse.sisu.plexus/0.0.0.M2a/org.eclipse.sisu.plexus-0.0.0.M2a.jar
[e1432841-85e9-43ff-aaec-fb3fe22331fa/build]   | [INFO] Downloading from central: https://repo.maven.apache.org/maven2/javax/enterprise/cdi-api/1.0/cdi-api-1.0.jar
[e1432841-85e9-43ff-aaec-fb3fe22331fa/build]   | [INFO] Downloading from central: https://repo.maven.apache.org/maven2/javax/annotation/jsr250-api/1.0/jsr250-api-1.0.jar
[e1432841-85e9-43ff-aaec-fb3fe22331fa/build]   | [INFO] Downloaded from central: https://repo.maven.apache.org/maven2/org/apache/maven/maven-plugin-api/3.1.0/maven-plugin-api-3.1.0.jar (50 kB at 1.8 MB/s)
[e1432841-85e9-43ff-aaec-fb3fe22331fa/build]   | [INFO] Downloading from central: https://repo.maven.apache.org/maven2/javax/inject/javax.inject/1/javax.inject-1.jar
[e1432841-85e9-43ff-aaec-fb3fe22331fa/build]   | [INFO] Downloaded from central: https://repo.maven.apache.org/maven2/javax/enterprise/cdi-api/1.0/cdi-api-1.0.jar (45 kB at 1.4 MB/s)
[e1432841-85e9-43ff-aaec-fb3fe22331fa/build]   | [INFO] Downloading from central: https://repo.maven.apache.org/maven2/com/google/guava/guava/10.0.1/guava-10.0.1.jar
[e1432841-85e9-43ff-aaec-fb3fe22331fa/build]   | [INFO] Downloaded from central: https://repo.maven.apache.org/maven2/javax/annotation/jsr250-api/1.0/jsr250-api-1.0.jar (5.8 kB at 172 kB/s)
[e1432841-85e9-43ff-aaec-fb3fe22331fa/build]   | [INFO] Downloading from central: https://repo.maven.apache.org/maven2/com/google/code/findbugs/jsr305/1.3.9/jsr305-1.3.9.jar
[e1432841-85e9-43ff-aaec-fb3fe22331fa/build]   | [INFO] Downloaded from central: https://repo.maven.apache.org/maven2/org/eclipse/sisu/org.eclipse.sisu.plexus/0.0.0.M2a/org.eclipse.sisu.plexus-0.0.0.M2a.jar (202 kB at 4.0 MB/s)
[e1432841-85e9-43ff-aaec-fb3fe22331fa/build]   | [INFO] Downloading from central: https://repo.maven.apache.org/maven2/org/sonatype/sisu/sisu-guice/3.1.0/sisu-guice-3.1.0-no_aop.jar
[e1432841-85e9-43ff-aaec-fb3fe22331fa/build]   | [INFO] Downloaded from central: https://repo.maven.apache.org/maven2/javax/inject/javax.inject/1/javax.inject-1.jar (2.5 kB at 49 kB/s)
[e1432841-85e9-43ff-aaec-fb3fe22331fa/build]   | [INFO] Downloading from central: https://repo.maven.apache.org/maven2/aopalliance/aopalliance/1.0/aopalliance-1.0.jar
[e1432841-85e9-43ff-aaec-fb3fe22331fa/build]   | [INFO] Downloaded from central: https://repo.maven.apache.org/maven2/aopalliance/aopalliance/1.0/aopalliance-1.0.jar (4.5 kB at 57 kB/s)
[e1432841-85e9-43ff-aaec-fb3fe22331fa/build]   | [INFO] Downloading from central: https://repo.maven.apache.org/maven2/org/eclipse/sisu/org.eclipse.sisu.inject/0.0.0.M2a/org.eclipse.sisu.inject-0.0.0.M2a.jar
[e1432841-85e9-43ff-aaec-fb3fe22331fa/build]   | [INFO] Downloaded from central: https://repo.maven.apache.org/maven2/org/apache/maven/maven-model/3.1.0/maven-model-3.1.0.jar (164 kB at 1.6 MB/s)
[e1432841-85e9-43ff-aaec-fb3fe22331fa/build]   | [INFO] Downloading from central: https://repo.maven.apache.org/maven2/asm/asm/3.3.1/asm-3.3.1.jar
[e1432841-85e9-43ff-aaec-fb3fe22331fa/build]   | [INFO] Downloaded from central: https://repo.maven.apache.org/maven2/com/google/code/findbugs/jsr305/1.3.9/jsr305-1.3.9.jar (33 kB at 248 kB/s)
[e1432841-85e9-43ff-aaec-fb3fe22331fa/build]   | [INFO] Downloading from central: https://repo.maven.apache.org/maven2/org/apache/maven/maven-core/3.1.0/maven-core-3.1.0.jar
[e1432841-85e9-43ff-aaec-fb3fe22331fa/build]   | [INFO] Downloaded from central: https://repo.maven.apache.org/maven2/org/eclipse/sisu/org.eclipse.sisu.inject/0.0.0.M2a/org.eclipse.sisu.inject-0.0.0.M2a.jar (202 kB at 1.4 MB/s)
[e1432841-85e9-43ff-aaec-fb3fe22331fa/build]   | [INFO] Downloading from central: https://repo.maven.apache.org/maven2/org/apache/maven/maven-settings/3.1.0/maven-settings-3.1.0.jar
[e1432841-85e9-43ff-aaec-fb3fe22331fa/build]   | [INFO] Downloaded from central: https://repo.maven.apache.org/maven2/org/sonatype/sisu/sisu-guice/3.1.0/sisu-guice-3.1.0-no_aop.jar (357 kB at 2.3 MB/s)
[e1432841-85e9-43ff-aaec-fb3fe22331fa/build]   | [INFO] Downloading from central: https://repo.maven.apache.org/maven2/org/apache/maven/maven-settings-builder/3.1.0/maven-settings-builder-3.1.0.jar
[e1432841-85e9-43ff-aaec-fb3fe22331fa/build]   | [INFO] Downloaded from central: https://repo.maven.apache.org/maven2/com/google/guava/guava/10.0.1/guava-10.0.1.jar (1.5 MB at 9.1 MB/s)
[e1432841-85e9-43ff-aaec-fb3fe22331fa/build]   | [INFO] Downloading from central: https://repo.maven.apache.org/maven2/org/apache/maven/maven-repository-metadata/3.1.0/maven-repository-metadata-3.1.0.jar
[e1432841-85e9-43ff-aaec-fb3fe22331fa/build]   | [INFO] Downloaded from central: https://repo.maven.apache.org/maven2/org/apache/maven/maven-core/3.1.0/maven-core-3.1.0.jar (563 kB at 3.3 MB/s)
[e1432841-85e9-43ff-aaec-fb3fe22331fa/build]   | [INFO] Downloading from central: https://repo.maven.apache.org/maven2/org/apache/maven/maven-model-builder/3.1.0/maven-model-builder-3.1.0.jar
[e1432841-85e9-43ff-aaec-fb3fe22331fa/build]   | [INFO] Downloaded from central: https://repo.maven.apache.org/maven2/org/apache/maven/maven-settings/3.1.0/maven-settings-3.1.0.jar (47 kB at 273 kB/s)
[e1432841-85e9-43ff-aaec-fb3fe22331fa/build]   | [INFO] Downloading from central: https://repo.maven.apache.org/maven2/org/apache/maven/maven-aether-provider/3.1.0/maven-aether-provider-3.1.0.jar
[e1432841-85e9-43ff-aaec-fb3fe22331fa/build]   | [INFO] Downloaded from central: https://repo.maven.apache.org/maven2/asm/asm/3.3.1/asm-3.3.1.jar (44 kB at 252 kB/s)
[e1432841-85e9-43ff-aaec-fb3fe22331fa/build]   | [INFO] Downloading from central: https://repo.maven.apache.org/maven2/org/eclipse/aether/aether-spi/0.9.0.M2/aether-spi-0.9.0.M2.jar
[e1432841-85e9-43ff-aaec-fb3fe22331fa/build]   | [INFO] Downloaded from central: https://repo.maven.apache.org/maven2/org/apache/maven/maven-settings-builder/3.1.0/maven-settings-builder-3.1.0.jar (41 kB at 226 kB/s)
[e1432841-85e9-43ff-aaec-fb3fe22331fa/build]   | [INFO] Downloading from central: https://repo.maven.apache.org/maven2/org/eclipse/aether/aether-impl/0.9.0.M2/aether-impl-0.9.0.M2.jar
[e1432841-85e9-43ff-aaec-fb3fe22331fa/build]   | [INFO] Downloaded from central: https://repo.maven.apache.org/maven2/org/apache/maven/maven-repository-metadata/3.1.0/maven-repository-metadata-3.1.0.jar (30 kB at 164 kB/s)
[e1432841-85e9-43ff-aaec-fb3fe22331fa/build]   | [INFO] Downloading from central: https://repo.maven.apache.org/maven2/org/eclipse/aether/aether-api/0.9.0.M2/aether-api-0.9.0.M2.jar
[e1432841-85e9-43ff-aaec-fb3fe22331fa/build]   | [INFO] Downloaded from central: https://repo.maven.apache.org/maven2/org/apache/maven/maven-model-builder/3.1.0/maven-model-builder-3.1.0.jar (159 kB at 830 kB/s)
[e1432841-85e9-43ff-aaec-fb3fe22331fa/build]   | [INFO] Downloading from central: https://repo.maven.apache.org/maven2/org/eclipse/aether/aether-util/0.9.0.M2/aether-util-0.9.0.M2.jar
[e1432841-85e9-43ff-aaec-fb3fe22331fa/build]   | [INFO] Downloaded from central: https://repo.maven.apache.org/maven2/org/apache/maven/maven-aether-provider/3.1.0/maven-aether-provider-3.1.0.jar (60 kB at 300 kB/s)
[e1432841-85e9-43ff-aaec-fb3fe22331fa/build]   | [INFO] Downloading from central: https://repo.maven.apache.org/maven2/org/codehaus/plexus/plexus-interpolation/1.16/plexus-interpolation-1.16.jar
[e1432841-85e9-43ff-aaec-fb3fe22331fa/build]   | [INFO] Downloaded from central: https://repo.maven.apache.org/maven2/org/eclipse/aether/aether-api/0.9.0.M2/aether-api-0.9.0.M2.jar (134 kB at 620 kB/s)
[e1432841-85e9-43ff-aaec-fb3fe22331fa/build]   | [INFO] Downloading from central: https://repo.maven.apache.org/maven2/org/codehaus/plexus/plexus-classworlds/2.4.2/plexus-classworlds-2.4.2.jar
[e1432841-85e9-43ff-aaec-fb3fe22331fa/build]   | [INFO] Downloaded from central: https://repo.maven.apache.org/maven2/org/eclipse/aether/aether-spi/0.9.0.M2/aether-spi-0.9.0.M2.jar (18 kB at 82 kB/s)
[e1432841-85e9-43ff-aaec-fb3fe22331fa/build]   | [INFO] Downloading from central: https://repo.maven.apache.org/maven2/org/codehaus/plexus/plexus-component-annotations/2.0.0/plexus-component-annotations-2.0.0.jar
[e1432841-85e9-43ff-aaec-fb3fe22331fa/build]   | [INFO] Downloaded from central: https://repo.maven.apache.org/maven2/org/eclipse/aether/aether-util/0.9.0.M2/aether-util-0.9.0.M2.jar (134 kB at 588 kB/s)
[e1432841-85e9-43ff-aaec-fb3fe22331fa/build]   | [INFO] Downloading from central: https://repo.maven.apache.org/maven2/org/sonatype/plexus/plexus-sec-dispatcher/1.3/plexus-sec-dispatcher-1.3.jar
[e1432841-85e9-43ff-aaec-fb3fe22331fa/build]   | [INFO] Downloaded from central: https://repo.maven.apache.org/maven2/org/codehaus/plexus/plexus-interpolation/1.16/plexus-interpolation-1.16.jar (61 kB at 264 kB/s)
[e1432841-85e9-43ff-aaec-fb3fe22331fa/build]   | [INFO] Downloading from central: https://repo.maven.apache.org/maven2/org/sonatype/plexus/plexus-cipher/1.4/plexus-cipher-1.4.jar
[e1432841-85e9-43ff-aaec-fb3fe22331fa/build]   | [INFO] Downloaded from central: https://repo.maven.apache.org/maven2/org/eclipse/aether/aether-impl/0.9.0.M2/aether-impl-0.9.0.M2.jar (145 kB at 614 kB/s)
[e1432841-85e9-43ff-aaec-fb3fe22331fa/build]   | [INFO] Downloading from central: https://repo.maven.apache.org/maven2/org/apache/maven/maven-artifact/3.1.0/maven-artifact-3.1.0.jar
[e1432841-85e9-43ff-aaec-fb3fe22331fa/build]   | [INFO] Downloaded from central: https://repo.maven.apache.org/maven2/org/codehaus/plexus/plexus-classworlds/2.4.2/plexus-classworlds-2.4.2.jar (47 kB at 188 kB/s)
[e1432841-85e9-43ff-aaec-fb3fe22331fa/build]   | [INFO] Downloading from central: https://repo.maven.apache.org/maven2/org/apache/maven/shared/file-management/3.0.0/file-management-3.0.0.jar
[e1432841-85e9-43ff-aaec-fb3fe22331fa/build]   | [INFO] Downloaded from central: https://repo.maven.apache.org/maven2/org/codehaus/plexus/plexus-component-annotations/2.0.0/plexus-component-annotations-2.0.0.jar (4.2 kB at 17 kB/s)
[e1432841-85e9-43ff-aaec-fb3fe22331fa/build]   | [INFO] Downloading from central: https://repo.maven.apache.org/maven2/org/apache/maven/shared/maven-shared-io/3.0.0/maven-shared-io-3.0.0.jar
[e1432841-85e9-43ff-aaec-fb3fe22331fa/build]   | [INFO] Downloaded from central: https://repo.maven.apache.org/maven2/org/sonatype/plexus/plexus-cipher/1.4/plexus-cipher-1.4.jar (13 kB at 53 kB/s)
[e1432841-85e9-43ff-aaec-fb3fe22331fa/build]   | [INFO] Downloading from central: https://repo.maven.apache.org/maven2/org/apache/maven/maven-compat/3.0/maven-compat-3.0.jar
[e1432841-85e9-43ff-aaec-fb3fe22331fa/build]   | [INFO] Downloaded from central: https://repo.maven.apache.org/maven2/org/sonatype/plexus/plexus-sec-dispatcher/1.3/plexus-sec-dispatcher-1.3.jar (29 kB at 110 kB/s)
[e1432841-85e9-43ff-aaec-fb3fe22331fa/build]   | [INFO] Downloading from central: https://repo.maven.apache.org/maven2/org/sonatype/sisu/sisu-inject-plexus/1.4.2/sisu-inject-plexus-1.4.2.jar
[e1432841-85e9-43ff-aaec-fb3fe22331fa/build]   | [INFO] Downloaded from central: https://repo.maven.apache.org/maven2/org/apache/maven/maven-artifact/3.1.0/maven-artifact-3.1.0.jar (52 kB at 197 kB/s)
[e1432841-85e9-43ff-aaec-fb3fe22331fa/build]   | [INFO] Downloading from central: https://repo.maven.apache.org/maven2/org/sonatype/sisu/sisu-inject-bean/1.4.2/sisu-inject-bean-1.4.2.jar
[e1432841-85e9-43ff-aaec-fb3fe22331fa/build]   | [INFO] Downloaded from central: https://repo.maven.apache.org/maven2/org/apache/maven/shared/file-management/3.0.0/file-management-3.0.0.jar (35 kB at 129 kB/s)
[e1432841-85e9-43ff-aaec-fb3fe22331fa/build]   | [INFO] Downloaded from central: https://repo.maven.apache.org/maven2/org/apache/maven/maven-compat/3.0/maven-compat-3.0.jar (285 kB at 1.0 MB/s)
[e1432841-85e9-43ff-aaec-fb3fe22331fa/build]   | [INFO] Downloading from central: https://repo.maven.apache.org/maven2/org/sonatype/sisu/sisu-guice/2.1.7/sisu-guice-2.1.7-noaop.jar
[e1432841-85e9-43ff-aaec-fb3fe22331fa/build]   | [INFO] Downloading from central: https://repo.maven.apache.org/maven2/org/apache/maven/wagon/wagon-provider-api/2.10/wagon-provider-api-2.10.jar
[e1432841-85e9-43ff-aaec-fb3fe22331fa/build]   | [INFO] Downloaded from central: https://repo.maven.apache.org/maven2/org/apache/maven/shared/maven-shared-io/3.0.0/maven-shared-io-3.0.0.jar (41 kB at 149 kB/s)
[e1432841-85e9-43ff-aaec-fb3fe22331fa/build]   | [INFO] Downloading from central: https://repo.maven.apache.org/maven2/org/apache/maven/maven-archiver/3.5.2/maven-archiver-3.5.2.jar
[e1432841-85e9-43ff-aaec-fb3fe22331fa/build]   | [INFO] Downloaded from central: https://repo.maven.apache.org/maven2/org/sonatype/sisu/sisu-inject-plexus/1.4.2/sisu-inject-plexus-1.4.2.jar (202 kB at 688 kB/s)
[e1432841-85e9-43ff-aaec-fb3fe22331fa/build]   | [INFO] Downloading from central: https://repo.maven.apache.org/maven2/commons-io/commons-io/2.6/commons-io-2.6.jar
[e1432841-85e9-43ff-aaec-fb3fe22331fa/build]   | [INFO] Downloaded from central: https://repo.maven.apache.org/maven2/org/apache/maven/wagon/wagon-provider-api/2.10/wagon-provider-api-2.10.jar (54 kB at 178 kB/s)
[e1432841-85e9-43ff-aaec-fb3fe22331fa/build]   | [INFO] Downloading from central: https://repo.maven.apache.org/maven2/org/apache/commons/commons-compress/1.20/commons-compress-1.20.jar
[e1432841-85e9-43ff-aaec-fb3fe22331fa/build]   | [INFO] Downloaded from central: https://repo.maven.apache.org/maven2/org/apache/maven/maven-archiver/3.5.2/maven-archiver-3.5.2.jar (26 kB at 87 kB/s)
[e1432841-85e9-43ff-aaec-fb3fe22331fa/build]   | [INFO] Downloading from central: https://repo.maven.apache.org/maven2/org/codehaus/plexus/plexus-archiver/4.2.7/plexus-archiver-4.2.7.jar
[e1432841-85e9-43ff-aaec-fb3fe22331fa/build]   | [INFO] Downloaded from central: https://repo.maven.apache.org/maven2/org/sonatype/sisu/sisu-inject-bean/1.4.2/sisu-inject-bean-1.4.2.jar (153 kB at 500 kB/s)
[e1432841-85e9-43ff-aaec-fb3fe22331fa/build]   | [INFO] Downloading from central: https://repo.maven.apache.org/maven2/org/codehaus/plexus/plexus-io/3.2.0/plexus-io-3.2.0.jar
[e1432841-85e9-43ff-aaec-fb3fe22331fa/build]   | [INFO] Downloaded from central: https://repo.maven.apache.org/maven2/org/codehaus/plexus/plexus-archiver/4.2.7/plexus-archiver-4.2.7.jar (195 kB at 582 kB/s)
[e1432841-85e9-43ff-aaec-fb3fe22331fa/build]   | [INFO] Downloading from central: https://repo.maven.apache.org/maven2/org/iq80/snappy/snappy/0.4/snappy-0.4.jar
[e1432841-85e9-43ff-aaec-fb3fe22331fa/build]   | [INFO] Downloaded from central: https://repo.maven.apache.org/maven2/org/codehaus/plexus/plexus-io/3.2.0/plexus-io-3.2.0.jar (76 kB at 225 kB/s)
[e1432841-85e9-43ff-aaec-fb3fe22331fa/build]   | [INFO] Downloading from central: https://repo.maven.apache.org/maven2/org/tukaani/xz/1.9/xz-1.9.jar
[e1432841-85e9-43ff-aaec-fb3fe22331fa/build]   | [INFO] Downloaded from central: https://repo.maven.apache.org/maven2/commons-io/commons-io/2.6/commons-io-2.6.jar (215 kB at 634 kB/s)
[e1432841-85e9-43ff-aaec-fb3fe22331fa/build]   | [INFO] Downloading from central: https://repo.maven.apache.org/maven2/org/apache/maven/shared/maven-shared-utils/3.3.4/maven-shared-utils-3.3.4.jar
[e1432841-85e9-43ff-aaec-fb3fe22331fa/build]   | [INFO] Downloaded from central: https://repo.maven.apache.org/maven2/org/apache/maven/shared/maven-shared-utils/3.3.4/maven-shared-utils-3.3.4.jar (153 kB at 417 kB/s)
[e1432841-85e9-43ff-aaec-fb3fe22331fa/build]   | [INFO] Downloading from central: https://repo.maven.apache.org/maven2/org/codehaus/plexus/plexus-utils/3.3.1/plexus-utils-3.3.1.jar
[e1432841-85e9-43ff-aaec-fb3fe22331fa/build]   | [INFO] Downloaded from central: https://repo.maven.apache.org/maven2/org/iq80/snappy/snappy/0.4/snappy-0.4.jar (58 kB at 155 kB/s)
[e1432841-85e9-43ff-aaec-fb3fe22331fa/build]   | [INFO] Downloaded from central: https://repo.maven.apache.org/maven2/org/tukaani/xz/1.9/xz-1.9.jar (116 kB at 306 kB/s)
[e1432841-85e9-43ff-aaec-fb3fe22331fa/build]   | [INFO] Downloaded from central: https://repo.maven.apache.org/maven2/org/codehaus/plexus/plexus-utils/3.3.1/plexus-utils-3.3.1.jar (262 kB at 652 kB/s)
[e1432841-85e9-43ff-aaec-fb3fe22331fa/build]   | [INFO] Downloaded from central: https://repo.maven.apache.org/maven2/org/apache/commons/commons-compress/1.20/commons-compress-1.20.jar (632 kB at 1.5 MB/s)
[e1432841-85e9-43ff-aaec-fb3fe22331fa/build]   | [INFO] Downloaded from central: https://repo.maven.apache.org/maven2/org/sonatype/sisu/sisu-guice/2.1.7/sisu-guice-2.1.7-noaop.jar (472 kB at 1.1 MB/s)
[e1432841-85e9-43ff-aaec-fb3fe22331fa/build]   | [INFO] Building jar: /tmp/edbb904f-deac-4494-ba55-bf0baa0a075a/target/jwarc-0.27.0.jar
[e1432841-85e9-43ff-aaec-fb3fe22331fa/build]   | [INFO] ------------------------------------------------------------------------
[e1432841-85e9-43ff-aaec-fb3fe22331fa/build]   | [INFO] BUILD SUCCESS
[e1432841-85e9-43ff-aaec-fb3fe22331fa/build]   | [INFO] ------------------------------------------------------------------------
[e1432841-85e9-43ff-aaec-fb3fe22331fa/build]   | [INFO] Total time:  17.391 s
[e1432841-85e9-43ff-aaec-fb3fe22331fa/build]   | [INFO] Finished at: 2023-11-24T13:59:50Z
[e1432841-85e9-43ff-aaec-fb3fe22331fa/build]   | [INFO] ------------------------------------------------------------------------
[e1432841-85e9-43ff-aaec-fb3fe22331fa/build]   ‚úÖ  Success - Main Build with Maven
[e1432841-85e9-43ff-aaec-fb3fe22331fa/build] unable to get git ref: failed to identify reference (tag/branch) for the checked-out revision '62dffb16a1a899cbb1182dec18413e0e523b2740'
[e1432841-85e9-43ff-aaec-fb3fe22331fa/build] unable to get git ref: failed to identify reference (tag/branch) for the checked-out revision '62dffb16a1a899cbb1182dec18413e0e523b2740'
[e1432841-85e9-43ff-aaec-fb3fe22331fa/build] unable to get git ref: failed to identify reference (tag/branch) for the checked-out revision '62dffb16a1a899cbb1182dec18413e0e523b2740'
[e1432841-85e9-43ff-aaec-fb3fe22331fa/build] unable to get git ref: failed to identify reference (tag/branch) for the checked-out revision '62dffb16a1a899cbb1182dec18413e0e523b2740'
[e1432841-85e9-43ff-aaec-fb3fe22331fa/build] unable to get git ref: failed to identify reference (tag/branch) for the checked-out revision '62dffb16a1a899cbb1182dec18413e0e523b2740'
[e1432841-85e9-43ff-aaec-fb3fe22331fa/build] ‚≠ê Run Post Set up JDK 11
[e1432841-85e9-43ff-aaec-fb3fe22331fa/build]   üê≥  docker exec cmd=[node /var/run/act/actions/actions-setup-java@v2/dist/cleanup/index.js] user= workdir=
[e1432841-85e9-43ff-aaec-fb3fe22331fa/build]   ‚úÖ  Success - Post Set up JDK 11
[e1432841-85e9-43ff-aaec-fb3fe22331fa/build] üèÅ  Job succeeded
[e1432841-85e9-43ff-aaec-fb3fe22331fa/build] unable to get git ref: failed to identify reference (tag/branch) for the checked-out revision '62dffb16a1a899cbb1182dec18413e0e523b2740'
