[4aa45452-98b2-4bff-a6cc-8c574ff1706f/build] üöÄ  Start image=gitbugactions:latest
[4aa45452-98b2-4bff-a6cc-8c574ff1706f/build]   üê≥  docker pull image=gitbugactions:latest platform= username= forcePull=false
[4aa45452-98b2-4bff-a6cc-8c574ff1706f/build]   üê≥  docker create image=gitbugactions:latest platform= entrypoint=["tail" "-f" "/dev/null"] cmd=[]
[4aa45452-98b2-4bff-a6cc-8c574ff1706f/build]   üê≥  docker run image=gitbugactions:latest platform= entrypoint=["tail" "-f" "/dev/null"] cmd=[]
[4aa45452-98b2-4bff-a6cc-8c574ff1706f/build]   üê≥  docker exec cmd=[chown -R 1012:1013 /tmp/254a46a6-e79f-42c2-9394-a9c012e14999] user=0 workdir=
[4aa45452-98b2-4bff-a6cc-8c574ff1706f/build] unable to get git ref: failed to identify reference (tag/branch) for the checked-out revision '47840abce60c9773a19320beacaa958952f3b3e3'
[4aa45452-98b2-4bff-a6cc-8c574ff1706f/build] unable to get git ref: failed to identify reference (tag/branch) for the checked-out revision '47840abce60c9773a19320beacaa958952f3b3e3'
[4aa45452-98b2-4bff-a6cc-8c574ff1706f/build] unable to get git ref: failed to identify reference (tag/branch) for the checked-out revision '47840abce60c9773a19320beacaa958952f3b3e3'
[4aa45452-98b2-4bff-a6cc-8c574ff1706f/build] unable to get git ref: failed to identify reference (tag/branch) for the checked-out revision '47840abce60c9773a19320beacaa958952f3b3e3'
[4aa45452-98b2-4bff-a6cc-8c574ff1706f/build] unable to get git ref: failed to identify reference (tag/branch) for the checked-out revision '47840abce60c9773a19320beacaa958952f3b3e3'
[4aa45452-98b2-4bff-a6cc-8c574ff1706f/build] unable to get git ref: failed to identify reference (tag/branch) for the checked-out revision '47840abce60c9773a19320beacaa958952f3b3e3'
[4aa45452-98b2-4bff-a6cc-8c574ff1706f/build] unable to get git ref: failed to identify reference (tag/branch) for the checked-out revision '47840abce60c9773a19320beacaa958952f3b3e3'
[4aa45452-98b2-4bff-a6cc-8c574ff1706f/build] unable to get git ref: failed to identify reference (tag/branch) for the checked-out revision '47840abce60c9773a19320beacaa958952f3b3e3'
[4aa45452-98b2-4bff-a6cc-8c574ff1706f/build] unable to get git ref: failed to identify reference (tag/branch) for the checked-out revision '47840abce60c9773a19320beacaa958952f3b3e3'
[4aa45452-98b2-4bff-a6cc-8c574ff1706f/build] ‚≠ê Run Main actions/checkout@v2
[4aa45452-98b2-4bff-a6cc-8c574ff1706f/build] unable to get git ref: failed to identify reference (tag/branch) for the checked-out revision '47840abce60c9773a19320beacaa958952f3b3e3'
[4aa45452-98b2-4bff-a6cc-8c574ff1706f/build] unable to get git ref: failed to identify reference (tag/branch) for the checked-out revision '47840abce60c9773a19320beacaa958952f3b3e3'
[4aa45452-98b2-4bff-a6cc-8c574ff1706f/build]   üê≥  docker cp src=/tmp/254a46a6-e79f-42c2-9394-a9c012e14999/. dst=/tmp/254a46a6-e79f-42c2-9394-a9c012e14999
[4aa45452-98b2-4bff-a6cc-8c574ff1706f/build]   üê≥  docker exec cmd=[chown -R 1012:1013 /tmp/254a46a6-e79f-42c2-9394-a9c012e14999] user=0 workdir=
[4aa45452-98b2-4bff-a6cc-8c574ff1706f/build]   ‚úÖ  Success - Main actions/checkout@v2
[4aa45452-98b2-4bff-a6cc-8c574ff1706f/build] unable to get git ref: failed to identify reference (tag/branch) for the checked-out revision '47840abce60c9773a19320beacaa958952f3b3e3'
[4aa45452-98b2-4bff-a6cc-8c574ff1706f/build] unable to get git ref: failed to identify reference (tag/branch) for the checked-out revision '47840abce60c9773a19320beacaa958952f3b3e3'
[4aa45452-98b2-4bff-a6cc-8c574ff1706f/build] unable to get git ref: failed to identify reference (tag/branch) for the checked-out revision '47840abce60c9773a19320beacaa958952f3b3e3'
[4aa45452-98b2-4bff-a6cc-8c574ff1706f/build] unable to get git ref: failed to identify reference (tag/branch) for the checked-out revision '47840abce60c9773a19320beacaa958952f3b3e3'
[4aa45452-98b2-4bff-a6cc-8c574ff1706f/build] unable to get git ref: failed to identify reference (tag/branch) for the checked-out revision '47840abce60c9773a19320beacaa958952f3b3e3'
[4aa45452-98b2-4bff-a6cc-8c574ff1706f/build] ‚≠ê Run Main actions/setup-java@v3
[4aa45452-98b2-4bff-a6cc-8c574ff1706f/build] unable to get git ref: failed to identify reference (tag/branch) for the checked-out revision '47840abce60c9773a19320beacaa958952f3b3e3'
[4aa45452-98b2-4bff-a6cc-8c574ff1706f/build] unable to get git ref: failed to identify reference (tag/branch) for the checked-out revision '47840abce60c9773a19320beacaa958952f3b3e3'
[4aa45452-98b2-4bff-a6cc-8c574ff1706f/build] unable to get git ref: failed to identify reference (tag/branch) for the checked-out revision '47840abce60c9773a19320beacaa958952f3b3e3'
[4aa45452-98b2-4bff-a6cc-8c574ff1706f/build]   üê≥  docker cp src=/tmp/act-cache/250f79b4-5b59-4472-b60c-d3be4ebede96/act/actions-setup-java@v3/ dst=/var/run/act/actions/actions-setup-java@v3/
[4aa45452-98b2-4bff-a6cc-8c574ff1706f/build]   üê≥  docker exec cmd=[chown -R 1012:1013 /var/run/act/actions/actions-setup-java@v3/] user=0 workdir=
[4aa45452-98b2-4bff-a6cc-8c574ff1706f/build]   üê≥  docker exec cmd=[node /var/run/act/actions/actions-setup-java@v3/dist/setup/index.js] user= workdir=
[4aa45452-98b2-4bff-a6cc-8c574ff1706f/build]   ‚ùì  ::group::Installed distributions
[4aa45452-98b2-4bff-a6cc-8c574ff1706f/build]   | Trying to resolve the latest version from remote
[4aa45452-98b2-4bff-a6cc-8c574ff1706f/build]   | Resolved latest version as 11.0.21+9
[4aa45452-98b2-4bff-a6cc-8c574ff1706f/build]   | Trying to download...
[4aa45452-98b2-4bff-a6cc-8c574ff1706f/build]   | Downloading Java 11.0.21+9 (Adopt-Hotspot) from https://github.com/adoptium/temurin11-binaries/releases/download/jdk-11.0.21%2B9/OpenJDK11U-jdk_x64_linux_hotspot_11.0.21_9.tar.gz ...
[4aa45452-98b2-4bff-a6cc-8c574ff1706f/build]   üí¨  ::debug::Downloading https://github.com/adoptium/temurin11-binaries/releases/download/jdk-11.0.21%252B9/OpenJDK11U-jdk_x64_linux_hotspot_11.0.21_9.tar.gz
[4aa45452-98b2-4bff-a6cc-8c574ff1706f/build]   üí¨  ::debug::Destination /tmp/20c6b8bc-1183-4010-84d1-a45b6816e259
[4aa45452-98b2-4bff-a6cc-8c574ff1706f/build]   üí¨  ::debug::download complete
[4aa45452-98b2-4bff-a6cc-8c574ff1706f/build]   | Extracting Java archive...
[4aa45452-98b2-4bff-a6cc-8c574ff1706f/build]   üí¨  ::debug::Checking tar --version
[4aa45452-98b2-4bff-a6cc-8c574ff1706f/build]   üí¨  ::debug::tar (GNU tar) 1.34%0ACopyright (C) 2021 Free Software Foundation, Inc.%0ALicense GPLv3+: GNU GPL version 3 or later <https://gnu.org/licenses/gpl.html>.%0AThis is free software: you are free to change and redistribute it.%0AThere is NO WARRANTY, to the extent permitted by law.%0A%0AWritten by John Gilmore and Jay Fenlason.
[4aa45452-98b2-4bff-a6cc-8c574ff1706f/build]   | [command]/usr/bin/tar xz --warning=no-unknown-keyword -C /tmp/f409ee85-0f34-453b-afd8-566c267af3ab -f /tmp/20c6b8bc-1183-4010-84d1-a45b6816e259
[4aa45452-98b2-4bff-a6cc-8c574ff1706f/build]   üí¨  ::debug::Caching tool Java_Adopt_jdk 11.0.21-9 x64
[4aa45452-98b2-4bff-a6cc-8c574ff1706f/build]   üí¨  ::debug::source dir: /tmp/f409ee85-0f34-453b-afd8-566c267af3ab/jdk-11.0.21+9
[4aa45452-98b2-4bff-a6cc-8c574ff1706f/build]   üí¨  ::debug::destination /opt/hostedtoolcache/Java_Adopt_jdk/11.0.21-9/x64
[4aa45452-98b2-4bff-a6cc-8c574ff1706f/build]   üí¨  ::debug::finished caching tool
[4aa45452-98b2-4bff-a6cc-8c574ff1706f/build]   | Java 11.0.21+9 was downloaded
[4aa45452-98b2-4bff-a6cc-8c574ff1706f/build]   | Setting Java 11.0.21+9 as the default
[4aa45452-98b2-4bff-a6cc-8c574ff1706f/build]   | Creating toolchains.xml for JDK version 11 from adopt
[4aa45452-98b2-4bff-a6cc-8c574ff1706f/build]   | Writing to /home/runner/.m2/toolchains.xml
[4aa45452-98b2-4bff-a6cc-8c574ff1706f/build]   | 
[4aa45452-98b2-4bff-a6cc-8c574ff1706f/build]   | Java configuration:
[4aa45452-98b2-4bff-a6cc-8c574ff1706f/build]   |   Distribution: adopt
[4aa45452-98b2-4bff-a6cc-8c574ff1706f/build]   |   Version: 11.0.21+9
[4aa45452-98b2-4bff-a6cc-8c574ff1706f/build]   |   Path: /opt/hostedtoolcache/Java_Adopt_jdk/11.0.21-9/x64
[4aa45452-98b2-4bff-a6cc-8c574ff1706f/build]   | 
[4aa45452-98b2-4bff-a6cc-8c574ff1706f/build]   ‚ùì  ::endgroup::
[4aa45452-98b2-4bff-a6cc-8c574ff1706f/build]   ‚ùì add-matcher /run/act/actions/actions-setup-java@v3/.github/java.json
[4aa45452-98b2-4bff-a6cc-8c574ff1706f/build]   | Creating settings.xml with server-id: github
[4aa45452-98b2-4bff-a6cc-8c574ff1706f/build]   | Writing to /home/runner/.m2/settings.xml
[4aa45452-98b2-4bff-a6cc-8c574ff1706f/build]   ‚úÖ  Success - Main actions/setup-java@v3
[4aa45452-98b2-4bff-a6cc-8c574ff1706f/build]   ‚öô  ::set-env:: JAVA_HOME=/opt/hostedtoolcache/Java_Adopt_jdk/11.0.21-9/x64
[4aa45452-98b2-4bff-a6cc-8c574ff1706f/build]   ‚öô  ::set-env:: JAVA_HOME_11_X64=/opt/hostedtoolcache/Java_Adopt_jdk/11.0.21-9/x64
[4aa45452-98b2-4bff-a6cc-8c574ff1706f/build]   ‚öô  ::set-output:: distribution=Adopt-Hotspot
[4aa45452-98b2-4bff-a6cc-8c574ff1706f/build]   ‚öô  ::set-output:: path=/opt/hostedtoolcache/Java_Adopt_jdk/11.0.21-9/x64
[4aa45452-98b2-4bff-a6cc-8c574ff1706f/build]   ‚öô  ::set-output:: version=11.0.21+9
[4aa45452-98b2-4bff-a6cc-8c574ff1706f/build]   ‚öô  ::add-path:: /opt/hostedtoolcache/Java_Adopt_jdk/11.0.21-9/x64/bin
[4aa45452-98b2-4bff-a6cc-8c574ff1706f/build] unable to get git ref: failed to identify reference (tag/branch) for the checked-out revision '47840abce60c9773a19320beacaa958952f3b3e3'
[4aa45452-98b2-4bff-a6cc-8c574ff1706f/build] unable to get git ref: failed to identify reference (tag/branch) for the checked-out revision '47840abce60c9773a19320beacaa958952f3b3e3'
[4aa45452-98b2-4bff-a6cc-8c574ff1706f/build] unable to get git ref: failed to identify reference (tag/branch) for the checked-out revision '47840abce60c9773a19320beacaa958952f3b3e3'
[4aa45452-98b2-4bff-a6cc-8c574ff1706f/build] unable to get git ref: failed to identify reference (tag/branch) for the checked-out revision '47840abce60c9773a19320beacaa958952f3b3e3'
[4aa45452-98b2-4bff-a6cc-8c574ff1706f/build] unable to get git ref: failed to identify reference (tag/branch) for the checked-out revision '47840abce60c9773a19320beacaa958952f3b3e3'
[4aa45452-98b2-4bff-a6cc-8c574ff1706f/build] ‚≠ê Run Main Maven package
[4aa45452-98b2-4bff-a6cc-8c574ff1706f/build] unable to get git ref: failed to identify reference (tag/branch) for the checked-out revision '47840abce60c9773a19320beacaa958952f3b3e3'
[4aa45452-98b2-4bff-a6cc-8c574ff1706f/build] unable to get git ref: failed to identify reference (tag/branch) for the checked-out revision '47840abce60c9773a19320beacaa958952f3b3e3'
[4aa45452-98b2-4bff-a6cc-8c574ff1706f/build] unable to get git ref: failed to identify reference (tag/branch) for the checked-out revision '47840abce60c9773a19320beacaa958952f3b3e3'
[4aa45452-98b2-4bff-a6cc-8c574ff1706f/build] unable to get git ref: failed to identify reference (tag/branch) for the checked-out revision '47840abce60c9773a19320beacaa958952f3b3e3'
[4aa45452-98b2-4bff-a6cc-8c574ff1706f/build]   üê≥  docker exec cmd=[bash --noprofile --norc -e -o pipefail /var/run/act/workflow/2] user= workdir=
[4aa45452-98b2-4bff-a6cc-8c574ff1706f/build]   | [INFO] Scanning for projects...
[4aa45452-98b2-4bff-a6cc-8c574ff1706f/build]   | [INFO] 
[4aa45452-98b2-4bff-a6cc-8c574ff1706f/build]   | [INFO] ---------------------< com.github.wmixvideo:sped >----------------------
[4aa45452-98b2-4bff-a6cc-8c574ff1706f/build]   | [INFO] Building sped 1.0.2-SNAPSHOT
[4aa45452-98b2-4bff-a6cc-8c574ff1706f/build]   | [INFO]   from pom.xml
[4aa45452-98b2-4bff-a6cc-8c574ff1706f/build]   | [INFO] --------------------------------[ jar ]---------------------------------
[4aa45452-98b2-4bff-a6cc-8c574ff1706f/build]   | Downloading from central: https://repo.maven.apache.org/maven2/org/apache/maven/plugins/maven-clean-plugin/2.5/maven-clean-plugin-2.5.pom
[4aa45452-98b2-4bff-a6cc-8c574ff1706f/build]   | Progress (1): 2.8/3.9 kBProgress (1): 3.9 kB                        Downloaded from central: https://repo.maven.apache.org/maven2/org/apache/maven/plugins/maven-clean-plugin/2.5/maven-clean-plugin-2.5.pom (3.9 kB at 11 kB/s)
[4aa45452-98b2-4bff-a6cc-8c574ff1706f/build]   | Downloading from central: https://repo.maven.apache.org/maven2/org/apache/maven/plugins/maven-plugins/22/maven-plugins-22.pom
[4aa45452-98b2-4bff-a6cc-8c574ff1706f/build]   | Progress (1): 2.8/13 kBProgress (1): 5.5/13 kBProgress (1): 8.3/13 kBProgress (1): 11/13 kB Progress (1): 13 kB                      Downloaded from central: https://repo.maven.apache.org/maven2/org/apache/maven/plugins/maven-plugins/22/maven-plugins-22.pom (13 kB at 266 kB/s)
[4aa45452-98b2-4bff-a6cc-8c574ff1706f/build]   | Downloading from central: https://repo.maven.apache.org/maven2/org/apache/maven/maven-parent/21/maven-parent-21.pom
[4aa45452-98b2-4bff-a6cc-8c574ff1706f/build]   | Progress (1): 2.8/26 kBProgress (1): 5.5/26 kBProgress (1): 8.3/26 kBProgress (1): 11/26 kB Progress (1): 14/26 kBProgress (1): 17/26 kBProgress (1): 19/26 kBProgress (1): 22/26 kBProgress (1): 25/26 kBProgress (1): 26 kB                      Downloaded from central: https://repo.maven.apache.org/maven2/org/apache/maven/maven-parent/21/maven-parent-21.pom (26 kB at 561 kB/s)
[4aa45452-98b2-4bff-a6cc-8c574ff1706f/build]   | Downloading from central: https://repo.maven.apache.org/maven2/org/apache/apache/10/apache-10.pom
[4aa45452-98b2-4bff-a6cc-8c574ff1706f/build]   | Progress (1): 2.8/15 kBProgress (1): 5.5/15 kBProgress (1): 8.3/15 kBProgress (1): 11/15 kB Progress (1): 14/15 kBProgress (1): 15 kB                      Downloaded from central: https://repo.maven.apache.org/maven2/org/apache/apache/10/apache-10.pom (15 kB at 329 kB/s)
[4aa45452-98b2-4bff-a6cc-8c574ff1706f/build]   | Downloading from central: https://repo.maven.apache.org/maven2/org/apache/maven/plugins/maven-clean-plugin/2.5/maven-clean-plugin-2.5.jar
[4aa45452-98b2-4bff-a6cc-8c574ff1706f/build]   | Progress (1): 4.1/25 kBProgress (1): 8.2/25 kBProgress (1): 12/25 kB Progress (1): 16/25 kBProgress (1): 20/25 kBProgress (1): 25/25 kBProgress (1): 25 kB                      Downloaded from central: https://repo.maven.apache.org/maven2/org/apache/maven/plugins/maven-clean-plugin/2.5/maven-clean-plugin-2.5.jar (25 kB at 821 kB/s)
[4aa45452-98b2-4bff-a6cc-8c574ff1706f/build]   | Downloading from central: https://repo.maven.apache.org/maven2/org/apache/maven/plugins/maven-resources-plugin/2.6/maven-resources-plugin-2.6.pom
[4aa45452-98b2-4bff-a6cc-8c574ff1706f/build]   | Progress (1): 4.1/8.1 kBProgress (1): 8.1 kB                        Downloaded from central: https://repo.maven.apache.org/maven2/org/apache/maven/plugins/maven-resources-plugin/2.6/maven-resources-plugin-2.6.pom (8.1 kB at 301 kB/s)
[4aa45452-98b2-4bff-a6cc-8c574ff1706f/build]   | Downloading from central: https://repo.maven.apache.org/maven2/org/apache/maven/plugins/maven-plugins/23/maven-plugins-23.pom
[4aa45452-98b2-4bff-a6cc-8c574ff1706f/build]   | Progress (1): 4.1/9.2 kBProgress (1): 8.2/9.2 kBProgress (1): 9.2 kB                        Downloaded from central: https://repo.maven.apache.org/maven2/org/apache/maven/plugins/maven-plugins/23/maven-plugins-23.pom (9.2 kB at 224 kB/s)
[4aa45452-98b2-4bff-a6cc-8c574ff1706f/build]   | Downloading from central: https://repo.maven.apache.org/maven2/org/apache/maven/maven-parent/22/maven-parent-22.pom
[4aa45452-98b2-4bff-a6cc-8c574ff1706f/build]   | Progress (1): 4.1/30 kBProgress (1): 8.2/30 kBProgress (1): 12/30 kB Progress (1): 16/30 kBProgress (1): 20/30 kBProgress (1): 25/30 kBProgress (1): 29/30 kBProgress (1): 30 kB                      Downloaded from central: https://repo.maven.apache.org/maven2/org/apache/maven/maven-parent/22/maven-parent-22.pom (30 kB at 725 kB/s)
[4aa45452-98b2-4bff-a6cc-8c574ff1706f/build]   | Downloading from central: https://repo.maven.apache.org/maven2/org/apache/apache/11/apache-11.pom
[4aa45452-98b2-4bff-a6cc-8c574ff1706f/build]   | Progress (1): 4.1/15 kBProgress (1): 8.2/15 kBProgress (1): 12/15 kB Progress (1): 15 kB                      Downloaded from central: https://repo.maven.apache.org/maven2/org/apache/apache/11/apache-11.pom (15 kB at 570 kB/s)
[4aa45452-98b2-4bff-a6cc-8c574ff1706f/build]   | Downloading from central: https://repo.maven.apache.org/maven2/org/apache/maven/plugins/maven-resources-plugin/2.6/maven-resources-plugin-2.6.jar
[4aa45452-98b2-4bff-a6cc-8c574ff1706f/build]   | Progress (1): 4.1/30 kBProgress (1): 8.2/30 kBProgress (1): 12/30 kB Progress (1): 16/30 kBProgress (1): 20/30 kBProgress (1): 25/30 kBProgress (1): 29/30 kBProgress (1): 30 kB                      Downloaded from central: https://repo.maven.apache.org/maven2/org/apache/maven/plugins/maven-resources-plugin/2.6/maven-resources-plugin-2.6.jar (30 kB at 720 kB/s)
[4aa45452-98b2-4bff-a6cc-8c574ff1706f/build]   | Downloading from central: https://repo.maven.apache.org/maven2/org/apache/maven/plugins/maven-compiler-plugin/3.10.1/maven-compiler-plugin-3.10.1.pom
[4aa45452-98b2-4bff-a6cc-8c574ff1706f/build]   | Progress (1): 4.1/13 kBProgress (1): 8.2/13 kBProgress (1): 12/13 kB Progress (1): 13 kB                      Downloaded from central: https://repo.maven.apache.org/maven2/org/apache/maven/plugins/maven-compiler-plugin/3.10.1/maven-compiler-plugin-3.10.1.pom (13 kB at 350 kB/s)
[4aa45452-98b2-4bff-a6cc-8c574ff1706f/build]   | Downloading from central: https://repo.maven.apache.org/maven2/org/apache/maven/plugins/maven-plugins/34/maven-plugins-34.pom
[4aa45452-98b2-4bff-a6cc-8c574ff1706f/build]   | Progress (1): 4.1/11 kBProgress (1): 8.2/11 kBProgress (1): 11 kB                       Downloaded from central: https://repo.maven.apache.org/maven2/org/apache/maven/plugins/maven-plugins/34/maven-plugins-34.pom (11 kB at 369 kB/s)
[4aa45452-98b2-4bff-a6cc-8c574ff1706f/build]   | Downloading from central: https://repo.maven.apache.org/maven2/org/apache/maven/maven-parent/34/maven-parent-34.pom
[4aa45452-98b2-4bff-a6cc-8c574ff1706f/build]   | Progress (1): 4.1/43 kBProgress (1): 8.2/43 kBProgress (1): 12/43 kB Progress (1): 16/43 kBProgress (1): 20/43 kBProgress (1): 25/43 kBProgress (1): 29/43 kBProgress (1): 33/43 kBProgress (1): 37/43 kBProgress (1): 41/43 kBProgress (1): 43 kB                      Downloaded from central: https://repo.maven.apache.org/maven2/org/apache/maven/maven-parent/34/maven-parent-34.pom (43 kB at 1.4 MB/s)
[4aa45452-98b2-4bff-a6cc-8c574ff1706f/build]   | Downloading from central: https://repo.maven.apache.org/maven2/org/apache/apache/23/apache-23.pom
[4aa45452-98b2-4bff-a6cc-8c574ff1706f/build]   | Progress (1): 4.1/18 kBProgress (1): 8.2/18 kBProgress (1): 12/18 kB Progress (1): 16/18 kBProgress (1): 18 kB                      Downloaded from central: https://repo.maven.apache.org/maven2/org/apache/apache/23/apache-23.pom (18 kB at 768 kB/s)
[4aa45452-98b2-4bff-a6cc-8c574ff1706f/build]   | Downloading from central: https://repo.maven.apache.org/maven2/org/apache/maven/plugins/maven-compiler-plugin/3.10.1/maven-compiler-plugin-3.10.1.jar
[4aa45452-98b2-4bff-a6cc-8c574ff1706f/build]   | Progress (1): 4.1/62 kBProgress (1): 8.2/62 kBProgress (1): 12/62 kB Progress (1): 16/62 kBProgress (1): 20/62 kBProgress (1): 25/62 kBProgress (1): 29/62 kBProgress (1): 33/62 kBProgress (1): 37/62 kBProgress (1): 41/62 kBProgress (1): 45/62 kBProgress (1): 49/62 kBProgress (1): 53/62 kBProgress (1): 57/62 kBProgress (1): 61/62 kBProgress (1): 62 kB                      Downloaded from central: https://repo.maven.apache.org/maven2/org/apache/maven/plugins/maven-compiler-plugin/3.10.1/maven-compiler-plugin-3.10.1.jar (62 kB at 2.4 MB/s)
[4aa45452-98b2-4bff-a6cc-8c574ff1706f/build]   | Downloading from central: https://repo.maven.apache.org/maven2/org/apache/maven/plugins/maven-surefire-plugin/2.12.4/maven-surefire-plugin-2.12.4.pom
[4aa45452-98b2-4bff-a6cc-8c574ff1706f/build]   | Progress (1): 4.1/10 kBProgress (1): 8.2/10 kBProgress (1): 10 kB                       Downloaded from central: https://repo.maven.apache.org/maven2/org/apache/maven/plugins/maven-surefire-plugin/2.12.4/maven-surefire-plugin-2.12.4.pom (10 kB at 349 kB/s)
[4aa45452-98b2-4bff-a6cc-8c574ff1706f/build]   | Downloading from central: https://repo.maven.apache.org/maven2/org/apache/maven/surefire/surefire/2.12.4/surefire-2.12.4.pom
[4aa45452-98b2-4bff-a6cc-8c574ff1706f/build]   | Progress (1): 4.1/14 kBProgress (1): 8.2/14 kBProgress (1): 12/14 kB Progress (1): 14 kB                      Downloaded from central: https://repo.maven.apache.org/maven2/org/apache/maven/surefire/surefire/2.12.4/surefire-2.12.4.pom (14 kB at 811 kB/s)
[4aa45452-98b2-4bff-a6cc-8c574ff1706f/build]   | Downloading from central: https://repo.maven.apache.org/maven2/org/apache/maven/plugins/maven-surefire-plugin/2.12.4/maven-surefire-plugin-2.12.4.jar
[4aa45452-98b2-4bff-a6cc-8c574ff1706f/build]   | Progress (1): 4.1/30 kBProgress (1): 8.2/30 kBProgress (1): 12/30 kB Progress (1): 16/30 kBProgress (1): 20/30 kBProgress (1): 25/30 kBProgress (1): 29/30 kBProgress (1): 30 kB                      Downloaded from central: https://repo.maven.apache.org/maven2/org/apache/maven/plugins/maven-surefire-plugin/2.12.4/maven-surefire-plugin-2.12.4.jar (30 kB at 2.0 MB/s)
[4aa45452-98b2-4bff-a6cc-8c574ff1706f/build]   | Downloading from central: https://repo.maven.apache.org/maven2/org/apache/maven/plugins/maven-jar-plugin/2.4/maven-jar-plugin-2.4.pom
[4aa45452-98b2-4bff-a6cc-8c574ff1706f/build]   | Progress (1): 4.1/5.8 kBProgress (1): 5.8 kB                        Downloaded from central: https://repo.maven.apache.org/maven2/org/apache/maven/plugins/maven-jar-plugin/2.4/maven-jar-plugin-2.4.pom (5.8 kB at 292 kB/s)
[4aa45452-98b2-4bff-a6cc-8c574ff1706f/build]   | Downloading from central: https://repo.maven.apache.org/maven2/org/apache/maven/plugins/maven-jar-plugin/2.4/maven-jar-plugin-2.4.jar
[4aa45452-98b2-4bff-a6cc-8c574ff1706f/build]   | Progress (1): 4.1/34 kBProgress (1): 8.2/34 kBProgress (1): 12/34 kB Progress (1): 16/34 kBProgress (1): 20/34 kBProgress (1): 25/34 kBProgress (1): 29/34 kBProgress (1): 33/34 kBProgress (1): 34 kB                      Downloaded from central: https://repo.maven.apache.org/maven2/org/apache/maven/plugins/maven-jar-plugin/2.4/maven-jar-plugin-2.4.jar (34 kB at 2.0 MB/s)
[4aa45452-98b2-4bff-a6cc-8c574ff1706f/build]   | Downloading from central: https://repo.maven.apache.org/maven2/org/slf4j/slf4j-api/2.0.3/slf4j-api-2.0.3.pom
[4aa45452-98b2-4bff-a6cc-8c574ff1706f/build]   | Progress (1): 1.6 kB                    Downloaded from central: https://repo.maven.apache.org/maven2/org/slf4j/slf4j-api/2.0.3/slf4j-api-2.0.3.pom (1.6 kB at 179 kB/s)
[4aa45452-98b2-4bff-a6cc-8c574ff1706f/build]   | Downloading from central: https://repo.maven.apache.org/maven2/org/slf4j/slf4j-parent/2.0.3/slf4j-parent-2.0.3.pom
[4aa45452-98b2-4bff-a6cc-8c574ff1706f/build]   | Progress (1): 4.1/16 kBProgress (1): 8.2/16 kBProgress (1): 12/16 kB Progress (1): 16 kB                      Downloaded from central: https://repo.maven.apache.org/maven2/org/slf4j/slf4j-parent/2.0.3/slf4j-parent-2.0.3.pom (16 kB at 1.6 MB/s)
[4aa45452-98b2-4bff-a6cc-8c574ff1706f/build]   | Downloading from central: https://repo.maven.apache.org/maven2/junit/junit/4.13.2/junit-4.13.2.pom
[4aa45452-98b2-4bff-a6cc-8c574ff1706f/build]   | Progress (1): 4.1/27 kBProgress (1): 8.2/27 kBProgress (1): 12/27 kB Progress (1): 16/27 kBProgress (1): 20/27 kBProgress (1): 24/27 kBProgress (1): 27 kB                      Downloaded from central: https://repo.maven.apache.org/maven2/junit/junit/4.13.2/junit-4.13.2.pom (27 kB at 2.7 MB/s)
[4aa45452-98b2-4bff-a6cc-8c574ff1706f/build]   | Downloading from central: https://repo.maven.apache.org/maven2/org/hamcrest/hamcrest-core/1.3/hamcrest-core-1.3.pom
[4aa45452-98b2-4bff-a6cc-8c574ff1706f/build]   | Progress (1): 766 B                   Downloaded from central: https://repo.maven.apache.org/maven2/org/hamcrest/hamcrest-core/1.3/hamcrest-core-1.3.pom (766 B at 25 kB/s)
[4aa45452-98b2-4bff-a6cc-8c574ff1706f/build]   | Downloading from central: https://repo.maven.apache.org/maven2/org/hamcrest/hamcrest-parent/1.3/hamcrest-parent-1.3.pom
[4aa45452-98b2-4bff-a6cc-8c574ff1706f/build]   | Progress (1): 2.0 kB                    Downloaded from central: https://repo.maven.apache.org/maven2/org/hamcrest/hamcrest-parent/1.3/hamcrest-parent-1.3.pom (2.0 kB at 79 kB/s)
[4aa45452-98b2-4bff-a6cc-8c574ff1706f/build]   | Downloading from central: https://repo.maven.apache.org/maven2/junit/junit/4.13.2/junit-4.13.2.jar
[4aa45452-98b2-4bff-a6cc-8c574ff1706f/build]   | Downloading from central: https://repo.maven.apache.org/maven2/org/slf4j/slf4j-api/2.0.3/slf4j-api-2.0.3.jar
[4aa45452-98b2-4bff-a6cc-8c574ff1706f/build]   | Downloading from central: https://repo.maven.apache.org/maven2/org/hamcrest/hamcrest-core/1.3/hamcrest-core-1.3.jar
[4aa45452-98b2-4bff-a6cc-8c574ff1706f/build]   | Progress (1): 4.1/61 kBProgress (1): 8.2/61 kBProgress (1): 12/61 kB Progress (1): 16/61 kBProgress (1): 20/61 kBProgress (1): 24/61 kBProgress (1): 28/61 kBProgress (1): 32/61 kBProgress (1): 36/61 kBProgress (1): 40/61 kBProgress (1): 44/61 kBProgress (1): 49/61 kBProgress (1): 53/61 kBProgress (1): 57/61 kBProgress (1): 61/61 kBProgress (1): 61 kB                      Downloaded from central: https://repo.maven.apache.org/maven2/org/slf4j/slf4j-api/2.0.3/slf4j-api-2.0.3.jar (61 kB at 579 kB/s)
[4aa45452-98b2-4bff-a6cc-8c574ff1706f/build]   | Progress (1): 4.1/385 kBProgress (1): 8.2/385 kBProgress (1): 12/385 kB Progress (1): 16/385 kBProgress (2): 16/385 kB | 2.8/45 kBProgress (2): 16/385 kB | 5.5/45 kBProgress (2): 16/385 kB | 8.3/45 kBProgress (2): 16/385 kB | 11/45 kB Progress (2): 16/385 kB | 14/45 kBProgress (2): 16/385 kB | 17/45 kBProgress (2): 16/385 kB | 20/45 kBProgress (2): 16/385 kB | 23/45 kBProgress (2): 16/385 kB | 25/45 kBProgress (2): 16/385 kB | 28/45 kBProgress (2): 16/385 kB | 31/45 kBProgress (2): 16/385 kB | 34/45 kBProgress (2): 16/385 kB | 36/45 kBProgress (2): 20/385 kB | 36/45 kBProgress (2): 25/385 kB | 36/45 kBProgress (2): 29/385 kB | 36/45 kBProgress (2): 33/385 kB | 36/45 kBProgress (2): 33/385 kB | 39/45 kBProgress (2): 33/385 kB | 42/45 kBProgress (2): 33/385 kB | 45/45 kBProgress (2): 33/385 kB | 45 kB   Progress (2): 37/385 kB | 45 kBProgress (2): 41/385 kB | 45 kBProgress (2): 45/385 kB | 45 kBProgress (2): 49/385 kB | 45 kBProgress (2): 53/385 kB | 45 kBProgress (2): 57/385 kB | 45 kBProgress (2): 61/385 kB | 45 kBProgress (2): 66/385 kB | 45 kB                               Downloaded from central: https://repo.maven.apache.org/maven2/org/hamcrest/hamcrest-core/1.3/hamcrest-core-1.3.jar (45 kB at 360 kB/s)
[4aa45452-98b2-4bff-a6cc-8c574ff1706f/build]   | Progress (1): 70/385 kBProgress (1): 74/385 kBProgress (1): 78/385 kBProgress (1): 82/385 kBProgress (1): 86/385 kBProgress (1): 90/385 kBProgress (1): 94/385 kBProgress (1): 98/385 kBProgress (1): 102/385 kBProgress (1): 106/385 kBProgress (1): 111/385 kBProgress (1): 115/385 kBProgress (1): 119/385 kBProgress (1): 123/385 kBProgress (1): 127/385 kBProgress (1): 131/385 kBProgress (1): 135/385 kBProgress (1): 139/385 kBProgress (1): 143/385 kBProgress (1): 147/385 kBProgress (1): 152/385 kBProgress (1): 156/385 kBProgress (1): 160/385 kBProgress (1): 164/385 kBProgress (1): 168/385 kBProgress (1): 172/385 kBProgress (1): 176/385 kBProgress (1): 180/385 kBProgress (1): 184/385 kBProgress (1): 188/385 kBProgress (1): 193/385 kBProgress (1): 197/385 kBProgress (1): 201/385 kBProgress (1): 205/385 kBProgress (1): 209/385 kBProgress (1): 213/385 kBProgress (1): 217/385 kBProgress (1): 221/385 kBProgress (1): 225/385 kBProgress (1): 229/385 kBProgress (1): 233/385 kBProgress (1): 238/385 kBProgress (1): 242/385 kBProgress (1): 246/385 kBProgress (1): 250/385 kBProgress (1): 254/385 kBProgress (1): 258/385 kBProgress (1): 262/385 kBProgress (1): 266/385 kBProgress (1): 270/385 kBProgress (1): 274/385 kBProgress (1): 279/385 kBProgress (1): 283/385 kBProgress (1): 287/385 kBProgress (1): 291/385 kBProgress (1): 295/385 kBProgress (1): 299/385 kBProgress (1): 303/385 kBProgress (1): 307/385 kBProgress (1): 311/385 kBProgress (1): 315/385 kBProgress (1): 319/385 kBProgress (1): 324/385 kBProgress (1): 328/385 kBProgress (1): 332/385 kBProgress (1): 336/385 kBProgress (1): 340/385 kBProgress (1): 344/385 kBProgress (1): 348/385 kBProgress (1): 352/385 kBProgress (1): 356/385 kBProgress (1): 360/385 kBProgress (1): 365/385 kBProgress (1): 369/385 kBProgress (1): 373/385 kBProgress (1): 377/385 kBProgress (1): 381/385 kBProgress (1): 385 kB                        Downloaded from central: https://repo.maven.apache.org/maven2/junit/junit/4.13.2/junit-4.13.2.jar (385 kB at 2.1 MB/s)
[4aa45452-98b2-4bff-a6cc-8c574ff1706f/build]   | [INFO] 
[4aa45452-98b2-4bff-a6cc-8c574ff1706f/build]   | [INFO] --- maven-clean-plugin:2.5:clean (default-clean) @ sped ---
[4aa45452-98b2-4bff-a6cc-8c574ff1706f/build]   | Downloading from central: https://repo.maven.apache.org/maven2/org/apache/maven/maven-plugin-api/2.0.6/maven-plugin-api-2.0.6.pom
[4aa45452-98b2-4bff-a6cc-8c574ff1706f/build]   | Progress (1): 1.5 kB                    Downloaded from central: https://repo.maven.apache.org/maven2/org/apache/maven/maven-plugin-api/2.0.6/maven-plugin-api-2.0.6.pom (1.5 kB at 61 kB/s)
[4aa45452-98b2-4bff-a6cc-8c574ff1706f/build]   | Downloading from central: https://repo.maven.apache.org/maven2/org/apache/maven/maven/2.0.6/maven-2.0.6.pom
[4aa45452-98b2-4bff-a6cc-8c574ff1706f/build]   | Progress (1): 4.1/9.0 kBProgress (1): 8.2/9.0 kBProgress (1): 9.0 kB                        Downloaded from central: https://repo.maven.apache.org/maven2/org/apache/maven/maven/2.0.6/maven-2.0.6.pom (9.0 kB at 905 kB/s)
[4aa45452-98b2-4bff-a6cc-8c574ff1706f/build]   | Downloading from central: https://repo.maven.apache.org/maven2/org/apache/maven/maven-parent/5/maven-parent-5.pom
[4aa45452-98b2-4bff-a6cc-8c574ff1706f/build]   | Progress (1): 4.1/15 kBProgress (1): 8.2/15 kBProgress (1): 12/15 kB Progress (1): 15 kB                      Downloaded from central: https://repo.maven.apache.org/maven2/org/apache/maven/maven-parent/5/maven-parent-5.pom (15 kB at 1.5 MB/s)
[4aa45452-98b2-4bff-a6cc-8c574ff1706f/build]   | Downloading from central: https://repo.maven.apache.org/maven2/org/apache/apache/3/apache-3.pom
[4aa45452-98b2-4bff-a6cc-8c574ff1706f/build]   | Progress (1): 3.4 kB                    Downloaded from central: https://repo.maven.apache.org/maven2/org/apache/apache/3/apache-3.pom (3.4 kB at 172 kB/s)
[4aa45452-98b2-4bff-a6cc-8c574ff1706f/build]   | Downloading from central: https://repo.maven.apache.org/maven2/org/codehaus/plexus/plexus-utils/3.0/plexus-utils-3.0.pom
[4aa45452-98b2-4bff-a6cc-8c574ff1706f/build]   | Progress (1): 4.1 kB                    Downloaded from central: https://repo.maven.apache.org/maven2/org/codehaus/plexus/plexus-utils/3.0/plexus-utils-3.0.pom (4.1 kB at 452 kB/s)
[4aa45452-98b2-4bff-a6cc-8c574ff1706f/build]   | Downloading from central: https://repo.maven.apache.org/maven2/org/sonatype/spice/spice-parent/16/spice-parent-16.pom
[4aa45452-98b2-4bff-a6cc-8c574ff1706f/build]   | Progress (1): 4.1/8.4 kBProgress (1): 8.2/8.4 kBProgress (1): 8.4 kB                        Downloaded from central: https://repo.maven.apache.org/maven2/org/sonatype/spice/spice-parent/16/spice-parent-16.pom (8.4 kB at 1.0 MB/s)
[4aa45452-98b2-4bff-a6cc-8c574ff1706f/build]   | Downloading from central: https://repo.maven.apache.org/maven2/org/sonatype/forge/forge-parent/5/forge-parent-5.pom
[4aa45452-98b2-4bff-a6cc-8c574ff1706f/build]   | Progress (1): 4.1/8.4 kBProgress (1): 8.2/8.4 kBProgress (1): 8.4 kB                        Downloaded from central: https://repo.maven.apache.org/maven2/org/sonatype/forge/forge-parent/5/forge-parent-5.pom (8.4 kB at 1.0 MB/s)
[4aa45452-98b2-4bff-a6cc-8c574ff1706f/build]   | Downloading from central: https://repo.maven.apache.org/maven2/org/codehaus/plexus/plexus-utils/3.0/plexus-utils-3.0.jar
[4aa45452-98b2-4bff-a6cc-8c574ff1706f/build]   | Downloading from central: https://repo.maven.apache.org/maven2/org/apache/maven/maven-plugin-api/2.0.6/maven-plugin-api-2.0.6.jar
[4aa45452-98b2-4bff-a6cc-8c574ff1706f/build]   | Progress (1): 2.8/13 kBProgress (1): 5.5/13 kBProgress (1): 8.3/13 kBProgress (1): 11/13 kB Progress (1): 13 kB   Progress (2): 13 kB | 4.1/226 kBProgress (2): 13 kB | 8.2/226 kBProgress (2): 13 kB | 12/226 kB Progress (2): 13 kB | 16/226 kBProgress (2): 13 kB | 20/226 kBProgress (2): 13 kB | 24/226 kBProgress (2): 13 kB | 28/226 kBProgress (2): 13 kB | 32/226 kBProgress (2): 13 kB | 36/226 kBProgress (2): 13 kB | 40/226 kBProgress (2): 13 kB | 44/226 kBProgress (2): 13 kB | 49/226 kBProgress (2): 13 kB | 53/226 kBProgress (2): 13 kB | 57/226 kBProgress (2): 13 kB | 61/226 kBProgress (2): 13 kB | 65/226 kBProgress (2): 13 kB | 69/226 kBProgress (2): 13 kB | 73/226 kBProgress (2): 13 kB | 77/226 kB                               Downloaded from central: https://repo.maven.apache.org/maven2/org/apache/maven/maven-plugin-api/2.0.6/maven-plugin-api-2.0.6.jar (13 kB at 402 kB/s)
[4aa45452-98b2-4bff-a6cc-8c574ff1706f/build]   | Progress (1): 81/226 kBProgress (1): 85/226 kBProgress (1): 90/226 kBProgress (1): 94/226 kBProgress (1): 98/226 kBProgress (1): 102/226 kBProgress (1): 106/226 kBProgress (1): 110/226 kBProgress (1): 114/226 kBProgress (1): 118/226 kBProgress (1): 122/226 kBProgress (1): 126/226 kBProgress (1): 130/226 kBProgress (1): 135/226 kBProgress (1): 139/226 kBProgress (1): 143/226 kBProgress (1): 147/226 kBProgress (1): 151/226 kBProgress (1): 155/226 kBProgress (1): 159/226 kBProgress (1): 163/226 kBProgress (1): 167/226 kBProgress (1): 171/226 kBProgress (1): 176/226 kBProgress (1): 180/226 kBProgress (1): 184/226 kBProgress (1): 188/226 kBProgress (1): 192/226 kBProgress (1): 196/226 kBProgress (1): 200/226 kBProgress (1): 204/226 kBProgress (1): 208/226 kBProgress (1): 212/226 kBProgress (1): 217/226 kBProgress (1): 221/226 kBProgress (1): 225/226 kBProgress (1): 226 kB                        Downloaded from central: https://repo.maven.apache.org/maven2/org/codehaus/plexus/plexus-utils/3.0/plexus-utils-3.0.jar (226 kB at 6.1 MB/s)
[4aa45452-98b2-4bff-a6cc-8c574ff1706f/build]   | [INFO] 
[4aa45452-98b2-4bff-a6cc-8c574ff1706f/build]   | [INFO] --- maven-resources-plugin:2.6:resources (default-resources) @ sped ---
[4aa45452-98b2-4bff-a6cc-8c574ff1706f/build]   | Downloading from central: https://repo.maven.apache.org/maven2/org/apache/maven/maven-project/2.0.6/maven-project-2.0.6.pom
[4aa45452-98b2-4bff-a6cc-8c574ff1706f/build]   | Progress (1): 2.6 kB                    Downloaded from central: https://repo.maven.apache.org/maven2/org/apache/maven/maven-project/2.0.6/maven-project-2.0.6.pom (2.6 kB at 115 kB/s)
[4aa45452-98b2-4bff-a6cc-8c574ff1706f/build]   | Downloading from central: https://repo.maven.apache.org/maven2/org/apache/maven/maven-settings/2.0.6/maven-settings-2.0.6.pom
[4aa45452-98b2-4bff-a6cc-8c574ff1706f/build]   | Progress (1): 2.0 kB                    Downloaded from central: https://repo.maven.apache.org/maven2/org/apache/maven/maven-settings/2.0.6/maven-settings-2.0.6.pom (2.0 kB at 125 kB/s)
[4aa45452-98b2-4bff-a6cc-8c574ff1706f/build]   | Downloading from central: https://repo.maven.apache.org/maven2/org/apache/maven/maven-model/2.0.6/maven-model-2.0.6.pom
[4aa45452-98b2-4bff-a6cc-8c574ff1706f/build]   | Progress (1): 3.0 kB                    Downloaded from central: https://repo.maven.apache.org/maven2/org/apache/maven/maven-model/2.0.6/maven-model-2.0.6.pom (3.0 kB at 277 kB/s)
[4aa45452-98b2-4bff-a6cc-8c574ff1706f/build]   | Downloading from central: https://repo.maven.apache.org/maven2/org/codehaus/plexus/plexus-utils/1.4.1/plexus-utils-1.4.1.pom
[4aa45452-98b2-4bff-a6cc-8c574ff1706f/build]   | Progress (1): 1.9 kB                    Downloaded from central: https://repo.maven.apache.org/maven2/org/codehaus/plexus/plexus-utils/1.4.1/plexus-utils-1.4.1.pom (1.9 kB at 191 kB/s)
[4aa45452-98b2-4bff-a6cc-8c574ff1706f/build]   | Downloading from central: https://repo.maven.apache.org/maven2/org/codehaus/plexus/plexus/1.0.11/plexus-1.0.11.pom
[4aa45452-98b2-4bff-a6cc-8c574ff1706f/build]   | Progress (1): 4.1/9.0 kBProgress (1): 8.2/9.0 kBProgress (1): 9.0 kB                        Downloaded from central: https://repo.maven.apache.org/maven2/org/codehaus/plexus/plexus/1.0.11/plexus-1.0.11.pom (9.0 kB at 747 kB/s)
[4aa45452-98b2-4bff-a6cc-8c574ff1706f/build]   | Downloading from central: https://repo.maven.apache.org/maven2/org/codehaus/plexus/plexus-container-default/1.0-alpha-9-stable-1/plexus-container-default-1.0-alpha-9-stable-1.pom
[4aa45452-98b2-4bff-a6cc-8c574ff1706f/build]   | Progress (1): 3.9 kB                    Downloaded from central: https://repo.maven.apache.org/maven2/org/codehaus/plexus/plexus-container-default/1.0-alpha-9-stable-1/plexus-container-default-1.0-alpha-9-stable-1.pom (3.9 kB at 263 kB/s)
[4aa45452-98b2-4bff-a6cc-8c574ff1706f/build]   | Downloading from central: https://repo.maven.apache.org/maven2/org/codehaus/plexus/plexus-containers/1.0.3/plexus-containers-1.0.3.pom
[4aa45452-98b2-4bff-a6cc-8c574ff1706f/build]   | Progress (1): 492 B                   Downloaded from central: https://repo.maven.apache.org/maven2/org/codehaus/plexus/plexus-containers/1.0.3/plexus-containers-1.0.3.pom (492 B at 82 kB/s)
[4aa45452-98b2-4bff-a6cc-8c574ff1706f/build]   | Downloading from central: https://repo.maven.apache.org/maven2/org/codehaus/plexus/plexus/1.0.4/plexus-1.0.4.pom
[4aa45452-98b2-4bff-a6cc-8c574ff1706f/build]   | Progress (1): 4.1/5.7 kBProgress (1): 5.7 kB                        Downloaded from central: https://repo.maven.apache.org/maven2/org/codehaus/plexus/plexus/1.0.4/plexus-1.0.4.pom (5.7 kB at 820 kB/s)
[4aa45452-98b2-4bff-a6cc-8c574ff1706f/build]   | Downloading from central: https://repo.maven.apache.org/maven2/junit/junit/3.8.1/junit-3.8.1.pom
[4aa45452-98b2-4bff-a6cc-8c574ff1706f/build]   | Progress (1): 998 B                   Downloaded from central: https://repo.maven.apache.org/maven2/junit/junit/3.8.1/junit-3.8.1.pom (998 B at 100 kB/s)
[4aa45452-98b2-4bff-a6cc-8c574ff1706f/build]   | Downloading from central: https://repo.maven.apache.org/maven2/org/codehaus/plexus/plexus-utils/1.0.4/plexus-utils-1.0.4.pom
[4aa45452-98b2-4bff-a6cc-8c574ff1706f/build]   | Progress (1): 4.1/6.9 kBProgress (1): 6.9 kB                        Downloaded from central: https://repo.maven.apache.org/maven2/org/codehaus/plexus/plexus-utils/1.0.4/plexus-utils-1.0.4.pom (6.9 kB at 571 kB/s)
[4aa45452-98b2-4bff-a6cc-8c574ff1706f/build]   | Downloading from central: https://repo.maven.apache.org/maven2/classworlds/classworlds/1.1-alpha-2/classworlds-1.1-alpha-2.pom
[4aa45452-98b2-4bff-a6cc-8c574ff1706f/build]   | Progress (1): 3.1 kB                    Downloaded from central: https://repo.maven.apache.org/maven2/classworlds/classworlds/1.1-alpha-2/classworlds-1.1-alpha-2.pom (3.1 kB at 284 kB/s)
[4aa45452-98b2-4bff-a6cc-8c574ff1706f/build]   | Downloading from central: https://repo.maven.apache.org/maven2/org/apache/maven/maven-profile/2.0.6/maven-profile-2.0.6.pom
[4aa45452-98b2-4bff-a6cc-8c574ff1706f/build]   | Progress (1): 2.0 kB                    Downloaded from central: https://repo.maven.apache.org/maven2/org/apache/maven/maven-profile/2.0.6/maven-profile-2.0.6.pom (2.0 kB at 152 kB/s)
[4aa45452-98b2-4bff-a6cc-8c574ff1706f/build]   | Downloading from central: https://repo.maven.apache.org/maven2/org/apache/maven/maven-artifact-manager/2.0.6/maven-artifact-manager-2.0.6.pom
[4aa45452-98b2-4bff-a6cc-8c574ff1706f/build]   | Progress (1): 2.6 kB                    Downloaded from central: https://repo.maven.apache.org/maven2/org/apache/maven/maven-artifact-manager/2.0.6/maven-artifact-manager-2.0.6.pom (2.6 kB at 291 kB/s)
[4aa45452-98b2-4bff-a6cc-8c574ff1706f/build]   | Downloading from central: https://repo.maven.apache.org/maven2/org/apache/maven/maven-repository-metadata/2.0.6/maven-repository-metadata-2.0.6.pom
[4aa45452-98b2-4bff-a6cc-8c574ff1706f/build]   | Progress (1): 1.9 kB                    Downloaded from central: https://repo.maven.apache.org/maven2/org/apache/maven/maven-repository-metadata/2.0.6/maven-repository-metadata-2.0.6.pom (1.9 kB at 185 kB/s)
[4aa45452-98b2-4bff-a6cc-8c574ff1706f/build]   | Downloading from central: https://repo.maven.apache.org/maven2/org/apache/maven/maven-artifact/2.0.6/maven-artifact-2.0.6.pom
[4aa45452-98b2-4bff-a6cc-8c574ff1706f/build]   | Progress (1): 1.6 kB                    Downloaded from central: https://repo.maven.apache.org/maven2/org/apache/maven/maven-artifact/2.0.6/maven-artifact-2.0.6.pom (1.6 kB at 105 kB/s)
[4aa45452-98b2-4bff-a6cc-8c574ff1706f/build]   | Downloading from central: https://repo.maven.apache.org/maven2/org/apache/maven/maven-plugin-registry/2.0.6/maven-plugin-registry-2.0.6.pom
[4aa45452-98b2-4bff-a6cc-8c574ff1706f/build]   | Progress (1): 1.9 kB                    Downloaded from central: https://repo.maven.apache.org/maven2/org/apache/maven/maven-plugin-registry/2.0.6/maven-plugin-registry-2.0.6.pom (1.9 kB at 122 kB/s)
[4aa45452-98b2-4bff-a6cc-8c574ff1706f/build]   | Downloading from central: https://repo.maven.apache.org/maven2/org/apache/maven/maven-core/2.0.6/maven-core-2.0.6.pom
[4aa45452-98b2-4bff-a6cc-8c574ff1706f/build]   | Progress (1): 4.1/6.7 kBProgress (1): 6.7 kB                        Downloaded from central: https://repo.maven.apache.org/maven2/org/apache/maven/maven-core/2.0.6/maven-core-2.0.6.pom (6.7 kB at 671 kB/s)
[4aa45452-98b2-4bff-a6cc-8c574ff1706f/build]   | Downloading from central: https://repo.maven.apache.org/maven2/org/apache/maven/maven-plugin-parameter-documenter/2.0.6/maven-plugin-parameter-documenter-2.0.6.pom
[4aa45452-98b2-4bff-a6cc-8c574ff1706f/build]   | Progress (1): 1.9 kB                    Downloaded from central: https://repo.maven.apache.org/maven2/org/apache/maven/maven-plugin-parameter-documenter/2.0.6/maven-plugin-parameter-documenter-2.0.6.pom (1.9 kB at 159 kB/s)
[4aa45452-98b2-4bff-a6cc-8c574ff1706f/build]   | Downloading from central: https://repo.maven.apache.org/maven2/org/apache/maven/reporting/maven-reporting-api/2.0.6/maven-reporting-api-2.0.6.pom
[4aa45452-98b2-4bff-a6cc-8c574ff1706f/build]   | Progress (1): 1.8 kB                    Downloaded from central: https://repo.maven.apache.org/maven2/org/apache/maven/reporting/maven-reporting-api/2.0.6/maven-reporting-api-2.0.6.pom (1.8 kB at 36 kB/s)
[4aa45452-98b2-4bff-a6cc-8c574ff1706f/build]   | Downloading from central: https://repo.maven.apache.org/maven2/org/apache/maven/reporting/maven-reporting/2.0.6/maven-reporting-2.0.6.pom
[4aa45452-98b2-4bff-a6cc-8c574ff1706f/build]   | Progress (1): 1.4 kB                    Downloaded from central: https://repo.maven.apache.org/maven2/org/apache/maven/reporting/maven-reporting/2.0.6/maven-reporting-2.0.6.pom (1.4 kB at 144 kB/s)
[4aa45452-98b2-4bff-a6cc-8c574ff1706f/build]   | Downloading from central: https://repo.maven.apache.org/maven2/org/apache/maven/doxia/doxia-sink-api/1.0-alpha-7/doxia-sink-api-1.0-alpha-7.pom
[4aa45452-98b2-4bff-a6cc-8c574ff1706f/build]   | Progress (1): 424 B                   Downloaded from central: https://repo.maven.apache.org/maven2/org/apache/maven/doxia/doxia-sink-api/1.0-alpha-7/doxia-sink-api-1.0-alpha-7.pom (424 B at 47 kB/s)
[4aa45452-98b2-4bff-a6cc-8c574ff1706f/build]   | Downloading from central: https://repo.maven.apache.org/maven2/org/apache/maven/doxia/doxia/1.0-alpha-7/doxia-1.0-alpha-7.pom
[4aa45452-98b2-4bff-a6cc-8c574ff1706f/build]   | Progress (1): 3.9 kB                    Downloaded from central: https://repo.maven.apache.org/maven2/org/apache/maven/doxia/doxia/1.0-alpha-7/doxia-1.0-alpha-7.pom (3.9 kB at 391 kB/s)
[4aa45452-98b2-4bff-a6cc-8c574ff1706f/build]   | Downloading from central: https://repo.maven.apache.org/maven2/org/apache/maven/maven-error-diagnostics/2.0.6/maven-error-diagnostics-2.0.6.pom
[4aa45452-98b2-4bff-a6cc-8c574ff1706f/build]   | Progress (1): 1.7 kB                    Downloaded from central: https://repo.maven.apache.org/maven2/org/apache/maven/maven-error-diagnostics/2.0.6/maven-error-diagnostics-2.0.6.pom (1.7 kB at 122 kB/s)
[4aa45452-98b2-4bff-a6cc-8c574ff1706f/build]   | Downloading from central: https://repo.maven.apache.org/maven2/commons-cli/commons-cli/1.0/commons-cli-1.0.pom
[4aa45452-98b2-4bff-a6cc-8c574ff1706f/build]   | Progress (1): 2.1 kB                    Downloaded from central: https://repo.maven.apache.org/maven2/commons-cli/commons-cli/1.0/commons-cli-1.0.pom (2.1 kB at 191 kB/s)
[4aa45452-98b2-4bff-a6cc-8c574ff1706f/build]   | Downloading from central: https://repo.maven.apache.org/maven2/org/apache/maven/maven-plugin-descriptor/2.0.6/maven-plugin-descriptor-2.0.6.pom
[4aa45452-98b2-4bff-a6cc-8c574ff1706f/build]   | Progress (1): 2.0 kB                    Downloaded from central: https://repo.maven.apache.org/maven2/org/apache/maven/maven-plugin-descriptor/2.0.6/maven-plugin-descriptor-2.0.6.pom (2.0 kB at 119 kB/s)
[4aa45452-98b2-4bff-a6cc-8c574ff1706f/build]   | Downloading from central: https://repo.maven.apache.org/maven2/org/codehaus/plexus/plexus-interactivity-api/1.0-alpha-4/plexus-interactivity-api-1.0-alpha-4.pom
[4aa45452-98b2-4bff-a6cc-8c574ff1706f/build]   | Progress (1): 4.1/7.1 kBProgress (1): 7.1 kB                        Downloaded from central: https://repo.maven.apache.org/maven2/org/codehaus/plexus/plexus-interactivity-api/1.0-alpha-4/plexus-interactivity-api-1.0-alpha-4.pom (7.1 kB at 355 kB/s)
[4aa45452-98b2-4bff-a6cc-8c574ff1706f/build]   | Downloading from central: https://repo.maven.apache.org/maven2/org/apache/maven/maven-monitor/2.0.6/maven-monitor-2.0.6.pom
[4aa45452-98b2-4bff-a6cc-8c574ff1706f/build]   | Progress (1): 1.3 kB                    Downloaded from central: https://repo.maven.apache.org/maven2/org/apache/maven/maven-monitor/2.0.6/maven-monitor-2.0.6.pom (1.3 kB at 37 kB/s)
[4aa45452-98b2-4bff-a6cc-8c574ff1706f/build]   | Downloading from central: https://repo.maven.apache.org/maven2/classworlds/classworlds/1.1/classworlds-1.1.pom
[4aa45452-98b2-4bff-a6cc-8c574ff1706f/build]   | Progress (1): 3.3 kB                    Downloaded from central: https://repo.maven.apache.org/maven2/classworlds/classworlds/1.1/classworlds-1.1.pom (3.3 kB at 133 kB/s)
[4aa45452-98b2-4bff-a6cc-8c574ff1706f/build]   | Downloading from central: https://repo.maven.apache.org/maven2/org/codehaus/plexus/plexus-utils/2.0.5/plexus-utils-2.0.5.pom
[4aa45452-98b2-4bff-a6cc-8c574ff1706f/build]   | Progress (1): 3.3 kB                    Downloaded from central: https://repo.maven.apache.org/maven2/org/codehaus/plexus/plexus-utils/2.0.5/plexus-utils-2.0.5.pom (3.3 kB at 196 kB/s)
[4aa45452-98b2-4bff-a6cc-8c574ff1706f/build]   | Downloading from central: https://repo.maven.apache.org/maven2/org/codehaus/plexus/plexus/2.0.6/plexus-2.0.6.pom
[4aa45452-98b2-4bff-a6cc-8c574ff1706f/build]   | Progress (1): 4.1/17 kBProgress (1): 8.2/17 kBProgress (1): 12/17 kB Progress (1): 16/17 kBProgress (1): 17 kB                      Downloaded from central: https://repo.maven.apache.org/maven2/org/codehaus/plexus/plexus/2.0.6/plexus-2.0.6.pom (17 kB at 882 kB/s)
[4aa45452-98b2-4bff-a6cc-8c574ff1706f/build]   | Downloading from central: https://repo.maven.apache.org/maven2/org/apache/maven/shared/maven-filtering/1.1/maven-filtering-1.1.pom
[4aa45452-98b2-4bff-a6cc-8c574ff1706f/build]   | Progress (1): 4.1/5.8 kBProgress (1): 5.8 kB                        Downloaded from central: https://repo.maven.apache.org/maven2/org/apache/maven/shared/maven-filtering/1.1/maven-filtering-1.1.pom (5.8 kB at 263 kB/s)
[4aa45452-98b2-4bff-a6cc-8c574ff1706f/build]   | Downloading from central: https://repo.maven.apache.org/maven2/org/apache/maven/shared/maven-shared-components/17/maven-shared-components-17.pom
[4aa45452-98b2-4bff-a6cc-8c574ff1706f/build]   | Progress (1): 4.1/8.7 kBProgress (1): 8.2/8.7 kBProgress (1): 8.7 kB                        Downloaded from central: https://repo.maven.apache.org/maven2/org/apache/maven/shared/maven-shared-components/17/maven-shared-components-17.pom (8.7 kB at 483 kB/s)
[4aa45452-98b2-4bff-a6cc-8c574ff1706f/build]   | Downloading from central: https://repo.maven.apache.org/maven2/org/codehaus/plexus/plexus-utils/1.5.15/plexus-utils-1.5.15.pom
[4aa45452-98b2-4bff-a6cc-8c574ff1706f/build]   | Progress (1): 4.1/6.8 kBProgress (1): 6.8 kB                        Downloaded from central: https://repo.maven.apache.org/maven2/org/codehaus/plexus/plexus-utils/1.5.15/plexus-utils-1.5.15.pom (6.8 kB at 298 kB/s)
[4aa45452-98b2-4bff-a6cc-8c574ff1706f/build]   | Downloading from central: https://repo.maven.apache.org/maven2/org/codehaus/plexus/plexus/2.0.2/plexus-2.0.2.pom
[4aa45452-98b2-4bff-a6cc-8c574ff1706f/build]   | Progress (1): 4.1/12 kBProgress (1): 8.2/12 kBProgress (1): 12 kB                       Downloaded from central: https://repo.maven.apache.org/maven2/org/codehaus/plexus/plexus/2.0.2/plexus-2.0.2.pom (12 kB at 611 kB/s)
[4aa45452-98b2-4bff-a6cc-8c574ff1706f/build]   | Downloading from central: https://repo.maven.apache.org/maven2/org/codehaus/plexus/plexus-interpolation/1.12/plexus-interpolation-1.12.pom
[4aa45452-98b2-4bff-a6cc-8c574ff1706f/build]   | Progress (1): 889 B                   Downloaded from central: https://repo.maven.apache.org/maven2/org/codehaus/plexus/plexus-interpolation/1.12/plexus-interpolation-1.12.pom (889 B at 39 kB/s)
[4aa45452-98b2-4bff-a6cc-8c574ff1706f/build]   | Downloading from central: https://repo.maven.apache.org/maven2/org/codehaus/plexus/plexus-components/1.1.14/plexus-components-1.1.14.pom
[4aa45452-98b2-4bff-a6cc-8c574ff1706f/build]   | Progress (1): 4.1/5.8 kBProgress (1): 5.8 kB                        Downloaded from central: https://repo.maven.apache.org/maven2/org/codehaus/plexus/plexus-components/1.1.14/plexus-components-1.1.14.pom (5.8 kB at 325 kB/s)
[4aa45452-98b2-4bff-a6cc-8c574ff1706f/build]   | Downloading from central: https://repo.maven.apache.org/maven2/org/sonatype/plexus/plexus-build-api/0.0.4/plexus-build-api-0.0.4.pom
[4aa45452-98b2-4bff-a6cc-8c574ff1706f/build]   | Progress (1): 2.9 kB                    Downloaded from central: https://repo.maven.apache.org/maven2/org/sonatype/plexus/plexus-build-api/0.0.4/plexus-build-api-0.0.4.pom (2.9 kB at 75 kB/s)
[4aa45452-98b2-4bff-a6cc-8c574ff1706f/build]   | Downloading from central: https://repo.maven.apache.org/maven2/org/sonatype/spice/spice-parent/10/spice-parent-10.pom
[4aa45452-98b2-4bff-a6cc-8c574ff1706f/build]   | Progress (1): 3.0 kB                    Downloaded from central: https://repo.maven.apache.org/maven2/org/sonatype/spice/spice-parent/10/spice-parent-10.pom (3.0 kB at 74 kB/s)
[4aa45452-98b2-4bff-a6cc-8c574ff1706f/build]   | Downloading from central: https://repo.maven.apache.org/maven2/org/sonatype/forge/forge-parent/3/forge-parent-3.pom
[4aa45452-98b2-4bff-a6cc-8c574ff1706f/build]   | Progress (1): 4.1/5.0 kBProgress (1): 5.0 kB                        Downloaded from central: https://repo.maven.apache.org/maven2/org/sonatype/forge/forge-parent/3/forge-parent-3.pom (5.0 kB at 280 kB/s)
[4aa45452-98b2-4bff-a6cc-8c574ff1706f/build]   | Downloading from central: https://repo.maven.apache.org/maven2/org/codehaus/plexus/plexus-utils/1.5.8/plexus-utils-1.5.8.pom
[4aa45452-98b2-4bff-a6cc-8c574ff1706f/build]   | Progress (1): 4.1/8.1 kBProgress (1): 8.1 kB                        Downloaded from central: https://repo.maven.apache.org/maven2/org/codehaus/plexus/plexus-utils/1.5.8/plexus-utils-1.5.8.pom (8.1 kB at 504 kB/s)
[4aa45452-98b2-4bff-a6cc-8c574ff1706f/build]   | Downloading from central: https://repo.maven.apache.org/maven2/org/codehaus/plexus/plexus-interpolation/1.13/plexus-interpolation-1.13.pom
[4aa45452-98b2-4bff-a6cc-8c574ff1706f/build]   | Progress (1): 890 B                   Downloaded from central: https://repo.maven.apache.org/maven2/org/codehaus/plexus/plexus-interpolation/1.13/plexus-interpolation-1.13.pom (890 B at 89 kB/s)
[4aa45452-98b2-4bff-a6cc-8c574ff1706f/build]   | Downloading from central: https://repo.maven.apache.org/maven2/org/codehaus/plexus/plexus-components/1.1.15/plexus-components-1.1.15.pom
[4aa45452-98b2-4bff-a6cc-8c574ff1706f/build]   | Progress (1): 2.8 kB                    Downloaded from central: https://repo.maven.apache.org/maven2/org/codehaus/plexus/plexus-components/1.1.15/plexus-components-1.1.15.pom (2.8 kB at 190 kB/s)
[4aa45452-98b2-4bff-a6cc-8c574ff1706f/build]   | Downloading from central: https://repo.maven.apache.org/maven2/org/codehaus/plexus/plexus/2.0.3/plexus-2.0.3.pom
[4aa45452-98b2-4bff-a6cc-8c574ff1706f/build]   | Progress (1): 4.1/15 kBProgress (1): 8.2/15 kBProgress (1): 12/15 kB Progress (1): 15 kB                      Downloaded from central: https://repo.maven.apache.org/maven2/org/codehaus/plexus/plexus/2.0.3/plexus-2.0.3.pom (15 kB at 703 kB/s)
[4aa45452-98b2-4bff-a6cc-8c574ff1706f/build]   | Downloading from central: https://repo.maven.apache.org/maven2/org/apache/maven/maven-project/2.0.6/maven-project-2.0.6.jar
[4aa45452-98b2-4bff-a6cc-8c574ff1706f/build]   | Downloading from central: https://repo.maven.apache.org/maven2/org/apache/maven/maven-profile/2.0.6/maven-profile-2.0.6.jar
[4aa45452-98b2-4bff-a6cc-8c574ff1706f/build]   | Progress (1): 4.1/116 kBProgress (1): 8.2/116 kBProgress (1): 12/116 kB Progress (1): 16/116 kBProgress (1): 20/116 kBProgress (1): 25/116 kBProgress (1): 29/116 kBProgress (1): 33/116 kBProgress (1): 37/116 kBProgress (1): 41/116 kBProgress (1): 45/116 kBProgress (1): 49/116 kBProgress (1): 53/116 kBProgress (1): 57/116 kBProgress (1): 61/116 kBProgress (1): 66/116 kBProgress (1): 70/116 kBProgress (1): 74/116 kBProgress (1): 78/116 kBProgress (1): 82/116 kBProgress (1): 86/116 kBProgress (1): 90/116 kBProgress (1): 94/116 kBProgress (1): 98/116 kBProgress (1): 102/116 kBProgress (1): 106/116 kBProgress (1): 111/116 kBProgress (1): 115/116 kB                        Downloading from central: https://repo.maven.apache.org/maven2/org/apache/maven/maven-artifact-manager/2.0.6/maven-artifact-manager-2.0.6.jar
[4aa45452-98b2-4bff-a6cc-8c574ff1706f/build]   | Progress (1): 116 kB                    Downloading from central: https://repo.maven.apache.org/maven2/org/apache/maven/maven-plugin-registry/2.0.6/maven-plugin-registry-2.0.6.jar
[4aa45452-98b2-4bff-a6cc-8c574ff1706f/build]   | Downloading from central: https://repo.maven.apache.org/maven2/org/apache/maven/maven-core/2.0.6/maven-core-2.0.6.jar
[4aa45452-98b2-4bff-a6cc-8c574ff1706f/build]   | Downloaded from central: https://repo.maven.apache.org/maven2/org/apache/maven/maven-project/2.0.6/maven-project-2.0.6.jar (116 kB at 1.8 MB/s)
[4aa45452-98b2-4bff-a6cc-8c574ff1706f/build]   | Downloading from central: https://repo.maven.apache.org/maven2/org/apache/maven/maven-plugin-parameter-documenter/2.0.6/maven-plugin-parameter-documenter-2.0.6.jar
[4aa45452-98b2-4bff-a6cc-8c574ff1706f/build]   | Progress (1): 4.1/152 kBProgress (1): 8.2/152 kBProgress (1): 12/152 kB Progress (1): 16/152 kBProgress (1): 20/152 kBProgress (1): 25/152 kBProgress (1): 29/152 kBProgress (1): 33/152 kBProgress (1): 37/152 kBProgress (1): 41/152 kBProgress (1): 45/152 kBProgress (1): 49/152 kBProgress (1): 53/152 kBProgress (1): 57/152 kBProgress (1): 61/152 kBProgress (1): 66/152 kBProgress (1): 70/152 kBProgress (1): 74/152 kBProgress (1): 78/152 kBProgress (1): 82/152 kBProgress (2): 82/152 kB | 4.1/57 kBProgress (2): 82/152 kB | 8.2/57 kBProgress (2): 82/152 kB | 12/57 kB Progress (2): 82/152 kB | 16/57 kBProgress (2): 82/152 kB | 20/57 kBProgress (2): 82/152 kB | 24/57 kBProgress (2): 82/152 kB | 28/57 kBProgress (2): 82/152 kB | 32/57 kBProgress (2): 86/152 kB | 32/57 kBProgress (2): 90/152 kB | 32/57 kBProgress (2): 94/152 kB | 32/57 kBProgress (2): 98/152 kB | 32/57 kBProgress (2): 102/152 kB | 32/57 kBProgress (2): 106/152 kB | 32/57 kBProgress (2): 111/152 kB | 32/57 kBProgress (2): 115/152 kB | 32/57 kBProgress (3): 115/152 kB | 32/57 kB | 4.1/21 kBProgress (3): 115/152 kB | 32/57 kB | 8.2/21 kBProgress (3): 115/152 kB | 32/57 kB | 12/21 kB Progress (3): 115/152 kB | 32/57 kB | 16/21 kBProgress (3): 115/152 kB | 32/57 kB | 20/21 kBProgress (3): 115/152 kB | 32/57 kB | 21 kB   Progress (3): 119/152 kB | 32/57 kB | 21 kBProgress (3): 123/152 kB | 32/57 kB | 21 kBProgress (3): 127/152 kB | 32/57 kB | 21 kBProgress (3): 131/152 kB | 32/57 kB | 21 kBProgress (3): 135/152 kB | 32/57 kB | 21 kBProgress (3): 139/152 kB | 32/57 kB | 21 kBProgress (3): 143/152 kB | 32/57 kB | 21 kBProgress (3): 147/152 kB | 32/57 kB | 21 kBProgress (3): 152/152 kB | 32/57 kB | 21 kBProgress (3): 152 kB | 32/57 kB | 21 kB                                           Downloaded from central: https://repo.maven.apache.org/maven2/org/apache/maven/maven-plugin-parameter-documenter/2.0.6/maven-plugin-parameter-documenter-2.0.6.jar (21 kB at 415 kB/s)
[4aa45452-98b2-4bff-a6cc-8c574ff1706f/build]   | Downloading from central: https://repo.maven.apache.org/maven2/org/apache/maven/reporting/maven-reporting-api/2.0.6/maven-reporting-api-2.0.6.jar
[4aa45452-98b2-4bff-a6cc-8c574ff1706f/build]   | Progress (2): 152 kB | 36/57 kBProgress (2): 152 kB | 40/57 kBProgress (2): 152 kB | 44/57 kBProgress (2): 152 kB | 49/57 kBProgress (3): 152 kB | 49/57 kB | 2.8/35 kBProgress (3): 152 kB | 49/57 kB | 5.5/35 kBProgress (3): 152 kB | 49/57 kB | 8.3/35 kBProgress (3): 152 kB | 49/57 kB | 11/35 kB Progress (3): 152 kB | 49/57 kB | 14/35 kBProgress (3): 152 kB | 49/57 kB | 17/35 kBProgress (3): 152 kB | 49/57 kB | 19/35 kBProgress (3): 152 kB | 49/57 kB | 22/35 kBProgress (3): 152 kB | 49/57 kB | 25/35 kBProgress (3): 152 kB | 49/57 kB | 28/35 kBProgress (3): 152 kB | 49/57 kB | 30/35 kBProgress (3): 152 kB | 49/57 kB | 33/35 kBProgress (3): 152 kB | 49/57 kB | 35 kB   Progress (4): 152 kB | 49/57 kB | 35 kB | 2.8/29 kBProgress (4): 152 kB | 49/57 kB | 35 kB | 5.5/29 kBProgress (4): 152 kB | 49/57 kB | 35 kB | 8.3/29 kBProgress (4): 152 kB | 49/57 kB | 35 kB | 11/29 kB Progress (4): 152 kB | 49/57 kB | 35 kB | 14/29 kBProgress (4): 152 kB | 49/57 kB | 35 kB | 17/29 kBProgress (4): 152 kB | 49/57 kB | 35 kB | 19/29 kBProgress (4): 152 kB | 49/57 kB | 35 kB | 22/29 kBProgress (4): 152 kB | 49/57 kB | 35 kB | 25/29 kBProgress (4): 152 kB | 49/57 kB | 35 kB | 28/29 kBProgress (4): 152 kB | 49/57 kB | 35 kB | 29 kB                                                  Downloaded from central: https://repo.maven.apache.org/maven2/org/apache/maven/maven-core/2.0.6/maven-core-2.0.6.jar (152 kB at 2.4 MB/s)
[4aa45452-98b2-4bff-a6cc-8c574ff1706f/build]   | Downloading from central: https://repo.maven.apache.org/maven2/org/apache/maven/doxia/doxia-sink-api/1.0-alpha-7/doxia-sink-api-1.0-alpha-7.jar
[4aa45452-98b2-4bff-a6cc-8c574ff1706f/build]   | Progress (3): 53/57 kB | 35 kB | 29 kBProgress (3): 57 kB | 35 kB | 29 kB   Progress (4): 57 kB | 35 kB | 29 kB | 4.1/9.9 kBProgress (4): 57 kB | 35 kB | 29 kB | 8.2/9.9 kBProgress (4): 57 kB | 35 kB | 29 kB | 9.9 kB    Progress (5): 57 kB | 35 kB | 29 kB | 9.9 kB | 4.1/5.9 kBProgress (5): 57 kB | 35 kB | 29 kB | 9.9 kB | 5.9 kB                                                         Downloaded from central: https://repo.maven.apache.org/maven2/org/apache/maven/doxia/doxia-sink-api/1.0-alpha-7/doxia-sink-api-1.0-alpha-7.jar (5.9 kB at 65 kB/s)
[4aa45452-98b2-4bff-a6cc-8c574ff1706f/build]   | Downloading from central: https://repo.maven.apache.org/maven2/org/apache/maven/maven-repository-metadata/2.0.6/maven-repository-metadata-2.0.6.jar
[4aa45452-98b2-4bff-a6cc-8c574ff1706f/build]   | Downloaded from central: https://repo.maven.apache.org/maven2/org/apache/maven/maven-artifact-manager/2.0.6/maven-artifact-manager-2.0.6.jar (57 kB at 509 kB/s)
[4aa45452-98b2-4bff-a6cc-8c574ff1706f/build]   | Downloading from central: https://repo.maven.apache.org/maven2/org/apache/maven/maven-error-diagnostics/2.0.6/maven-error-diagnostics-2.0.6.jar
[4aa45452-98b2-4bff-a6cc-8c574ff1706f/build]   | Downloaded from central: https://repo.maven.apache.org/maven2/org/apache/maven/maven-plugin-registry/2.0.6/maven-plugin-registry-2.0.6.jar (29 kB at 301 kB/s)
[4aa45452-98b2-4bff-a6cc-8c574ff1706f/build]   | Downloading from central: https://repo.maven.apache.org/maven2/commons-cli/commons-cli/1.0/commons-cli-1.0.jar
[4aa45452-98b2-4bff-a6cc-8c574ff1706f/build]   | Downloaded from central: https://repo.maven.apache.org/maven2/org/apache/maven/maven-profile/2.0.6/maven-profile-2.0.6.jar (35 kB at 287 kB/s)
[4aa45452-98b2-4bff-a6cc-8c574ff1706f/build]   | Downloading from central: https://repo.maven.apache.org/maven2/org/apache/maven/maven-plugin-descriptor/2.0.6/maven-plugin-descriptor-2.0.6.jar
[4aa45452-98b2-4bff-a6cc-8c574ff1706f/build]   | Progress (2): 9.9 kB | 4.1/30 kBProgress (2): 9.9 kB | 8.2/30 kBProgress (2): 9.9 kB | 12/30 kB Progress (2): 9.9 kB | 16/30 kB                               Downloaded from central: https://repo.maven.apache.org/maven2/org/apache/maven/reporting/maven-reporting-api/2.0.6/maven-reporting-api-2.0.6.jar (9.9 kB at 94 kB/s)
[4aa45452-98b2-4bff-a6cc-8c574ff1706f/build]   | Downloading from central: https://repo.maven.apache.org/maven2/org/codehaus/plexus/plexus-interactivity-api/1.0-alpha-4/plexus-interactivity-api-1.0-alpha-4.jar
[4aa45452-98b2-4bff-a6cc-8c574ff1706f/build]   | Progress (1): 20/30 kBProgress (1): 25/30 kBProgress (1): 29/30 kBProgress (1): 30 kB   Progress (2): 30 kB | 4.1/24 kBProgress (2): 30 kB | 8.2/24 kBProgress (2): 30 kB | 12/24 kB Progress (2): 30 kB | 16/24 kBProgress (2): 30 kB | 20/24 kBProgress (2): 30 kB | 24/24 kBProgress (2): 30 kB | 24 kB   Progress (3): 30 kB | 24 kB | 2.8/13 kBProgress (3): 30 kB | 24 kB | 5.5/13 kBProgress (3): 30 kB | 24 kB | 8.3/13 kBProgress (3): 30 kB | 24 kB | 11/13 kB Progress (3): 30 kB | 24 kB | 13 kB   Progress (4): 30 kB | 24 kB | 13 kB | 4.1/37 kBProgress (4): 30 kB | 24 kB | 13 kB | 8.2/37 kBProgress (4): 30 kB | 24 kB | 13 kB | 12/37 kB Progress (4): 30 kB | 24 kB | 13 kB | 16/37 kBProgress (5): 30 kB | 24 kB | 13 kB | 16/37 kB | 2.8/14 kBProgress (5): 30 kB | 24 kB | 13 kB | 16/37 kB | 5.5/14 kBProgress (5): 30 kB | 24 kB | 13 kB | 16/37 kB | 8.3/14 kBProgress (5): 30 kB | 24 kB | 13 kB | 16/37 kB | 11/14 kB Progress (5): 30 kB | 24 kB | 13 kB | 16/37 kB | 14 kB   Progress (5): 30 kB | 24 kB | 13 kB | 20/37 kB | 14 kBProgress (5): 30 kB | 24 kB | 13 kB | 24/37 kB | 14 kBProgress (5): 30 kB | 24 kB | 13 kB | 28/37 kB | 14 kBProgress (5): 30 kB | 24 kB | 13 kB | 32/37 kB | 14 kBProgress (5): 30 kB | 24 kB | 13 kB | 36/37 kB | 14 kBProgress (5): 30 kB | 24 kB | 13 kB | 37 kB | 14 kB                                                      Downloaded from central: https://repo.maven.apache.org/maven2/commons-cli/commons-cli/1.0/commons-cli-1.0.jar (30 kB at 249 kB/s)
[4aa45452-98b2-4bff-a6cc-8c574ff1706f/build]   | Downloading from central: https://repo.maven.apache.org/maven2/classworlds/classworlds/1.1/classworlds-1.1.jar
[4aa45452-98b2-4bff-a6cc-8c574ff1706f/build]   | Downloaded from central: https://repo.maven.apache.org/maven2/org/codehaus/plexus/plexus-interactivity-api/1.0-alpha-4/plexus-interactivity-api-1.0-alpha-4.jar (13 kB at 106 kB/s)
[4aa45452-98b2-4bff-a6cc-8c574ff1706f/build]   | Downloading from central: https://repo.maven.apache.org/maven2/org/apache/maven/maven-artifact/2.0.6/maven-artifact-2.0.6.jar
[4aa45452-98b2-4bff-a6cc-8c574ff1706f/build]   | Downloaded from central: https://repo.maven.apache.org/maven2/org/apache/maven/maven-error-diagnostics/2.0.6/maven-error-diagnostics-2.0.6.jar (14 kB at 105 kB/s)
[4aa45452-98b2-4bff-a6cc-8c574ff1706f/build]   | Downloading from central: https://repo.maven.apache.org/maven2/org/apache/maven/maven-settings/2.0.6/maven-settings-2.0.6.jar
[4aa45452-98b2-4bff-a6cc-8c574ff1706f/build]   | Downloaded from central: https://repo.maven.apache.org/maven2/org/apache/maven/maven-plugin-descriptor/2.0.6/maven-plugin-descriptor-2.0.6.jar (37 kB at 284 kB/s)
[4aa45452-98b2-4bff-a6cc-8c574ff1706f/build]   | Downloading from central: https://repo.maven.apache.org/maven2/org/apache/maven/maven-model/2.0.6/maven-model-2.0.6.jar
[4aa45452-98b2-4bff-a6cc-8c574ff1706f/build]   | Downloaded from central: https://repo.maven.apache.org/maven2/org/apache/maven/maven-repository-metadata/2.0.6/maven-repository-metadata-2.0.6.jar (24 kB at 187 kB/s)
[4aa45452-98b2-4bff-a6cc-8c574ff1706f/build]   | Downloading from central: https://repo.maven.apache.org/maven2/org/apache/maven/maven-monitor/2.0.6/maven-monitor-2.0.6.jar
[4aa45452-98b2-4bff-a6cc-8c574ff1706f/build]   | Progress (1): 4.1/38 kBProgress (1): 8.2/38 kBProgress (1): 12/38 kB Progress (1): 16/38 kBProgress (1): 20/38 kBProgress (1): 24/38 kBProgress (1): 28/38 kBProgress (1): 32/38 kBProgress (1): 36/38 kBProgress (1): 38 kB   Progress (2): 38 kB | 4.1/86 kBProgress (2): 38 kB | 8.2/86 kBProgress (2): 38 kB | 12/86 kB Progress (2): 38 kB | 16/86 kBProgress (2): 38 kB | 20/86 kBProgress (2): 38 kB | 25/86 kBProgress (2): 38 kB | 29/86 kBProgress (2): 38 kB | 33/86 kBProgress (3): 38 kB | 33/86 kB | 4.1/49 kBProgress (3): 38 kB | 33/86 kB | 8.2/49 kBProgress (3): 38 kB | 33/86 kB | 12/49 kB Progress (3): 38 kB | 33/86 kB | 16/49 kBProgress (3): 38 kB | 33/86 kB | 20/49 kBProgress (3): 38 kB | 33/86 kB | 25/49 kBProgress (3): 38 kB | 33/86 kB | 29/49 kBProgress (3): 38 kB | 33/86 kB | 33/49 kBProgress (3): 38 kB | 33/86 kB | 37/49 kBProgress (3): 38 kB | 33/86 kB | 41/49 kBProgress (3): 38 kB | 33/86 kB | 45/49 kBProgress (3): 38 kB | 33/86 kB | 49 kB   Progress (4): 38 kB | 33/86 kB | 49 kB | 4.1/10 kBProgress (4): 38 kB | 33/86 kB | 49 kB | 8.2/10 kBProgress (4): 38 kB | 33/86 kB | 49 kB | 10 kB    Progress (5): 38 kB | 33/86 kB | 49 kB | 10 kB | 2.8/87 kBProgress (5): 38 kB | 33/86 kB | 49 kB | 10 kB | 5.5/87 kBProgress (5): 38 kB | 33/86 kB | 49 kB | 10 kB | 8.3/87 kBProgress (5): 38 kB | 33/86 kB | 49 kB | 10 kB | 11/87 kB Progress (5): 38 kB | 33/86 kB | 49 kB | 10 kB | 14/87 kBProgress (5): 38 kB | 37/86 kB | 49 kB | 10 kB | 14/87 kBProgress (5): 38 kB | 41/86 kB | 49 kB | 10 kB | 14/87 kBProgress (5): 38 kB | 45/86 kB | 49 kB | 10 kB | 14/87 kBProgress (5): 38 kB | 49/86 kB | 49 kB | 10 kB | 14/87 kBProgress (5): 38 kB | 53/86 kB | 49 kB | 10 kB | 14/87 kBProgress (5): 38 kB | 57/86 kB | 49 kB | 10 kB | 14/87 kBProgress (5): 38 kB | 61/86 kB | 49 kB | 10 kB | 14/87 kBProgress (5): 38 kB | 66/86 kB | 49 kB | 10 kB | 14/87 kBProgress (5): 38 kB | 70/86 kB | 49 kB | 10 kB | 14/87 kBProgress (5): 38 kB | 74/86 kB | 49 kB | 10 kB | 14/87 kBProgress (5): 38 kB | 78/86 kB | 49 kB | 10 kB | 14/87 kBProgress (5): 38 kB | 82/86 kB | 49 kB | 10 kB | 14/87 kBProgress (5): 38 kB | 86/86 kB | 49 kB | 10 kB | 14/87 kBProgress (5): 38 kB | 86 kB | 49 kB | 10 kB | 14/87 kB                                                         Downloaded from central: https://repo.maven.apache.org/maven2/classworlds/classworlds/1.1/classworlds-1.1.jar (38 kB at 246 kB/s)
[4aa45452-98b2-4bff-a6cc-8c574ff1706f/build]   | Downloading from central: https://repo.maven.apache.org/maven2/org/codehaus/plexus/plexus-container-default/1.0-alpha-9-stable-1/plexus-container-default-1.0-alpha-9-stable-1.jar
[4aa45452-98b2-4bff-a6cc-8c574ff1706f/build]   | Progress (4): 86 kB | 49 kB | 10 kB | 18/87 kBProgress (4): 86 kB | 49 kB | 10 kB | 22/87 kB                                              Downloaded from central: https://repo.maven.apache.org/maven2/org/apache/maven/maven-monitor/2.0.6/maven-monitor-2.0.6.jar (10 kB at 66 kB/s)
[4aa45452-98b2-4bff-a6cc-8c574ff1706f/build]   | Progress (3): 86 kB | 49 kB | 26/87 kBProgress (3): 86 kB | 49 kB | 30/87 kBProgress (3): 86 kB | 49 kB | 34/87 kBProgress (3): 86 kB | 49 kB | 38/87 kBProgress (3): 86 kB | 49 kB | 42/87 kBProgress (3): 86 kB | 49 kB | 47/87 kB                                      Downloaded from central: https://repo.maven.apache.org/maven2/org/apache/maven/maven-settings/2.0.6/maven-settings-2.0.6.jar (49 kB at 313 kB/s)
[4aa45452-98b2-4bff-a6cc-8c574ff1706f/build]   | Downloading from central: https://repo.maven.apache.org/maven2/org/codehaus/plexus/plexus-utils/2.0.5/plexus-utils-2.0.5.jar
[4aa45452-98b2-4bff-a6cc-8c574ff1706f/build]   | Progress (2): 86 kB | 51/87 kBProgress (2): 86 kB | 55/87 kBProgress (2): 86 kB | 59/87 kBProgress (2): 86 kB | 63/87 kB                              Downloading from central: https://repo.maven.apache.org/maven2/junit/junit/3.8.1/junit-3.8.1.jar
[4aa45452-98b2-4bff-a6cc-8c574ff1706f/build]   | Downloaded from central: https://repo.maven.apache.org/maven2/org/apache/maven/maven-model/2.0.6/maven-model-2.0.6.jar (86 kB at 540 kB/s)
[4aa45452-98b2-4bff-a6cc-8c574ff1706f/build]   | Downloading from central: https://repo.maven.apache.org/maven2/org/apache/maven/shared/maven-filtering/1.1/maven-filtering-1.1.jar
[4aa45452-98b2-4bff-a6cc-8c574ff1706f/build]   | Progress (1): 67/87 kBProgress (1): 71/87 kBProgress (1): 75/87 kBProgress (1): 79/87 kBProgress (1): 83/87 kBProgress (1): 87 kB   Progress (2): 87 kB | 4.1/194 kBProgress (2): 87 kB | 8.2/194 kBProgress (2): 87 kB | 12/194 kB Progress (2): 87 kB | 16/194 kBProgress (2): 87 kB | 20/194 kBProgress (2): 87 kB | 25/194 kBProgress (2): 87 kB | 29/194 kBProgress (2): 87 kB | 33/194 kBProgress (3): 87 kB | 33/194 kB | 4.1/121 kBProgress (3): 87 kB | 33/194 kB | 8.2/121 kBProgress (3): 87 kB | 33/194 kB | 12/121 kB Progress (3): 87 kB | 33/194 kB | 16/121 kBProgress (4): 87 kB | 33/194 kB | 16/121 kB | 4.1/223 kBProgress (4): 87 kB | 33/194 kB | 16/121 kB | 8.2/223 kBProgress (4): 87 kB | 33/194 kB | 16/121 kB | 12/223 kB Progress (4): 87 kB | 33/194 kB | 16/121 kB | 16/223 kBProgress (4): 87 kB | 33/194 kB | 16/121 kB | 20/223 kBProgress (4): 87 kB | 33/194 kB | 16/121 kB | 25/223 kBProgress (4): 87 kB | 33/194 kB | 16/121 kB | 29/223 kBProgress (4): 87 kB | 33/194 kB | 16/121 kB | 33/223 kBProgress (4): 87 kB | 33/194 kB | 16/121 kB | 37/223 kBProgress (4): 87 kB | 33/194 kB | 16/121 kB | 41/223 kBProgress (4): 87 kB | 33/194 kB | 16/121 kB | 45/223 kBProgress (4): 87 kB | 33/194 kB | 16/121 kB | 49/223 kBProgress (5): 87 kB | 33/194 kB | 16/121 kB | 49/223 kB | 4.1/43 kBProgress (5): 87 kB | 33/194 kB | 20/121 kB | 49/223 kB | 4.1/43 kBProgress (5): 87 kB | 33/194 kB | 25/121 kB | 49/223 kB | 4.1/43 kBProgress (5): 87 kB | 33/194 kB | 29/121 kB | 49/223 kB | 4.1/43 kBProgress (5): 87 kB | 33/194 kB | 33/121 kB | 49/223 kB | 4.1/43 kBProgress (5): 87 kB | 33/194 kB | 33/121 kB | 49/223 kB | 8.2/43 kBProgress (5): 87 kB | 33/194 kB | 37/121 kB | 49/223 kB | 8.2/43 kBProgress (5): 87 kB | 33/194 kB | 37/121 kB | 49/223 kB | 12/43 kB Progress (5): 87 kB | 33/194 kB | 37/121 kB | 49/223 kB | 16/43 kBProgress (5): 87 kB | 33/194 kB | 41/121 kB | 49/223 kB | 16/43 kBProgress (5): 87 kB | 33/194 kB | 41/121 kB | 49/223 kB | 20/43 kBProgress (5): 87 kB | 33/194 kB | 41/121 kB | 49/223 kB | 24/43 kBProgress (5): 87 kB | 33/194 kB | 41/121 kB | 49/223 kB | 28/43 kBProgress (5): 87 kB | 33/194 kB | 45/121 kB | 49/223 kB | 28/43 kBProgress (5): 87 kB | 33/194 kB | 49/121 kB | 49/223 kB | 28/43 kBProgress (5): 87 kB | 33/194 kB | 53/121 kB | 49/223 kB | 28/43 kBProgress (5): 87 kB | 33/194 kB | 57/121 kB | 49/223 kB | 28/43 kBProgress (5): 87 kB | 33/194 kB | 61/121 kB | 49/223 kB | 28/43 kBProgress (5): 87 kB | 33/194 kB | 66/121 kB | 49/223 kB | 28/43 kBProgress (5): 87 kB | 37/194 kB | 66/121 kB | 49/223 kB | 28/43 kBProgress (5): 87 kB | 37/194 kB | 66/121 kB | 49/223 kB | 32/43 kBProgress (5): 87 kB | 37/194 kB | 66/121 kB | 49/223 kB | 36/43 kBProgress (5): 87 kB | 37/194 kB | 66/121 kB | 49/223 kB | 40/43 kBProgress (5): 87 kB | 37/194 kB | 66/121 kB | 49/223 kB | 43 kB   Progress (5): 87 kB | 37/194 kB | 66/121 kB | 53/223 kB | 43 kBProgress (5): 87 kB | 41/194 kB | 66/121 kB | 53/223 kB | 43 kBProgress (5): 87 kB | 41/194 kB | 70/121 kB | 53/223 kB | 43 kBProgress (5): 87 kB | 41/194 kB | 74/121 kB | 53/223 kB | 43 kBProgress (5): 87 kB | 41/194 kB | 78/121 kB | 53/223 kB | 43 kBProgress (5): 87 kB | 41/194 kB | 82/121 kB | 53/223 kB | 43 kBProgress (5): 87 kB | 45/194 kB | 82/121 kB | 53/223 kB | 43 kBProgress (5): 87 kB | 45/194 kB | 82/121 kB | 57/223 kB | 43 kBProgress (5): 87 kB | 45/194 kB | 82/121 kB | 61/223 kB | 43 kBProgress (5): 87 kB | 45/194 kB | 82/121 kB | 66/223 kB | 43 kBProgress (5): 87 kB | 49/194 kB | 82/121 kB | 66/223 kB | 43 kBProgress (5): 87 kB | 49/194 kB | 82/121 kB | 70/223 kB | 43 kBProgress (5): 87 kB | 49/194 kB | 82/121 kB | 74/223 kB | 43 kBProgress (5): 87 kB | 53/194 kB | 82/121 kB | 74/223 kB | 43 kBProgress (5): 87 kB | 53/194 kB | 82/121 kB | 78/223 kB | 43 kBProgress (5): 87 kB | 53/194 kB | 82/121 kB | 82/223 kB | 43 kBProgress (5): 87 kB | 57/194 kB | 82/121 kB | 82/223 kB | 43 kBProgress (5): 87 kB | 57/194 kB | 82/121 kB | 86/223 kB | 43 kBProgress (5): 87 kB | 57/194 kB | 82/121 kB | 90/223 kB | 43 kB                                                               Downloaded from central: https://repo.maven.apache.org/maven2/org/apache/maven/maven-artifact/2.0.6/maven-artifact-2.0.6.jar (87 kB at 491 kB/s)
[4aa45452-98b2-4bff-a6cc-8c574ff1706f/build]   | Progress (4): 57/194 kB | 82/121 kB | 94/223 kB | 43 kBProgress (4): 57/194 kB | 82/121 kB | 98/223 kB | 43 kBProgress (4): 57/194 kB | 82/121 kB | 102/223 kB | 43 kBProgress (4): 57/194 kB | 82/121 kB | 106/223 kB | 43 kBProgress (4): 57/194 kB | 82/121 kB | 111/223 kB | 43 kBProgress (4): 57/194 kB | 82/121 kB | 115/223 kB | 43 kBProgress (4): 57/194 kB | 82/121 kB | 119/223 kB | 43 kBProgress (4): 57/194 kB | 82/121 kB | 123/223 kB | 43 kBProgress (4): 57/194 kB | 82/121 kB | 127/223 kB | 43 kBProgress (4): 57/194 kB | 82/121 kB | 131/223 kB | 43 kBProgress (4): 57/194 kB | 82/121 kB | 135/223 kB | 43 kBProgress (4): 57/194 kB | 82/121 kB | 139/223 kB | 43 kBProgress (4): 57/194 kB | 82/121 kB | 143/223 kB | 43 kBProgress (4): 57/194 kB | 82/121 kB | 147/223 kB | 43 kBProgress (4): 61/194 kB | 82/121 kB | 147/223 kB | 43 kBProgress (4): 64/194 kB | 82/121 kB | 147/223 kB | 43 kB                                                        Downloading from central: https://repo.maven.apache.org/maven2/org/sonatype/plexus/plexus-build-api/0.0.4/plexus-build-api-0.0.4.jar
[4aa45452-98b2-4bff-a6cc-8c574ff1706f/build]   | Progress (4): 68/194 kB | 82/121 kB | 147/223 kB | 43 kBProgress (4): 72/194 kB | 82/121 kB | 147/223 kB | 43 kBProgress (4): 76/194 kB | 82/121 kB | 147/223 kB | 43 kBProgress (4): 80/194 kB | 82/121 kB | 147/223 kB | 43 kBProgress (4): 84/194 kB | 82/121 kB | 147/223 kB | 43 kBProgress (4): 89/194 kB | 82/121 kB | 147/223 kB | 43 kBProgress (4): 93/194 kB | 82/121 kB | 147/223 kB | 43 kBProgress (4): 97/194 kB | 82/121 kB | 147/223 kB | 43 kBProgress (4): 97/194 kB | 82/121 kB | 152/223 kB | 43 kBProgress (4): 97/194 kB | 82/121 kB | 156/223 kB | 43 kBProgress (4): 97/194 kB | 82/121 kB | 160/223 kB | 43 kBProgress (4): 97/194 kB | 82/121 kB | 164/223 kB | 43 kBProgress (4): 97/194 kB | 82/121 kB | 168/223 kB | 43 kBProgress (4): 97/194 kB | 82/121 kB | 172/223 kB | 43 kBProgress (4): 97/194 kB | 82/121 kB | 176/223 kB | 43 kBProgress (4): 97/194 kB | 82/121 kB | 180/223 kB | 43 kB                                                        Downloaded from central: https://repo.maven.apache.org/maven2/org/apache/maven/shared/maven-filtering/1.1/maven-filtering-1.1.jar (43 kB at 234 kB/s)
[4aa45452-98b2-4bff-a6cc-8c574ff1706f/build]   | Downloading from central: https://repo.maven.apache.org/maven2/org/codehaus/plexus/plexus-interpolation/1.13/plexus-interpolation-1.13.jar
[4aa45452-98b2-4bff-a6cc-8c574ff1706f/build]   | Progress (3): 101/194 kB | 82/121 kB | 180/223 kBProgress (3): 105/194 kB | 82/121 kB | 180/223 kBProgress (3): 109/194 kB | 82/121 kB | 180/223 kBProgress (3): 113/194 kB | 82/121 kB | 180/223 kBProgress (3): 117/194 kB | 82/121 kB | 180/223 kBProgress (3): 121/194 kB | 82/121 kB | 180/223 kBProgress (3): 125/194 kB | 82/121 kB | 180/223 kBProgress (3): 130/194 kB | 82/121 kB | 180/223 kBProgress (3): 134/194 kB | 82/121 kB | 180/223 kBProgress (3): 138/194 kB | 82/121 kB | 180/223 kBProgress (3): 142/194 kB | 82/121 kB | 180/223 kBProgress (3): 146/194 kB | 82/121 kB | 180/223 kBProgress (4): 146/194 kB | 82/121 kB | 180/223 kB | 4.1/6.8 kBProgress (4): 146/194 kB | 82/121 kB | 180/223 kB | 6.8 kB    Progress (4): 150/194 kB | 82/121 kB | 180/223 kB | 6.8 kBProgress (4): 154/194 kB | 82/121 kB | 180/223 kB | 6.8 kBProgress (4): 158/194 kB | 82/121 kB | 180/223 kB | 6.8 kBProgress (4): 162/194 kB | 82/121 kB | 180/223 kB | 6.8 kBProgress (5): 162/194 kB | 82/121 kB | 180/223 kB | 6.8 kB | 4.1/61 kBProgress (5): 162/194 kB | 82/121 kB | 180/223 kB | 6.8 kB | 8.2/61 kBProgress (5): 162/194 kB | 82/121 kB | 180/223 kB | 6.8 kB | 12/61 kB Progress (5): 162/194 kB | 82/121 kB | 180/223 kB | 6.8 kB | 16/61 kBProgress (5): 162/194 kB | 82/121 kB | 180/223 kB | 6.8 kB | 20/61 kBProgress (5): 162/194 kB | 82/121 kB | 180/223 kB | 6.8 kB | 25/61 kBProgress (5): 162/194 kB | 82/121 kB | 180/223 kB | 6.8 kB | 29/61 kBProgress (5): 162/194 kB | 82/121 kB | 180/223 kB | 6.8 kB | 33/61 kBProgress (5): 162/194 kB | 82/121 kB | 184/223 kB | 6.8 kB | 33/61 kBProgress (5): 162/194 kB | 82/121 kB | 188/223 kB | 6.8 kB | 33/61 kBProgress (5): 162/194 kB | 82/121 kB | 193/223 kB | 6.8 kB | 33/61 kBProgress (5): 162/194 kB | 82/121 kB | 197/223 kB | 6.8 kB | 33/61 kBProgress (5): 162/194 kB | 86/121 kB | 197/223 kB | 6.8 kB | 33/61 kBProgress (5): 162/194 kB | 90/121 kB | 197/223 kB | 6.8 kB | 33/61 kBProgress (5): 162/194 kB | 94/121 kB | 197/223 kB | 6.8 kB | 33/61 kBProgress (5): 162/194 kB | 98/121 kB | 197/223 kB | 6.8 kB | 33/61 kBProgress (5): 162/194 kB | 98/121 kB | 197/223 kB | 6.8 kB | 37/61 kBProgress (5): 162/194 kB | 98/121 kB | 197/223 kB | 6.8 kB | 41/61 kBProgress (5): 162/194 kB | 98/121 kB | 197/223 kB | 6.8 kB | 45/61 kBProgress (5): 162/194 kB | 98/121 kB | 197/223 kB | 6.8 kB | 49/61 kBProgress (5): 162/194 kB | 98/121 kB | 197/223 kB | 6.8 kB | 53/61 kBProgress (5): 162/194 kB | 98/121 kB | 197/223 kB | 6.8 kB | 57/61 kBProgress (5): 162/194 kB | 98/121 kB | 197/223 kB | 6.8 kB | 61 kB                                                                     Downloaded from central: https://repo.maven.apache.org/maven2/org/sonatype/plexus/plexus-build-api/0.0.4/plexus-build-api-0.0.4.jar (6.8 kB at 34 kB/s)
[4aa45452-98b2-4bff-a6cc-8c574ff1706f/build]   | Progress (4): 166/194 kB | 98/121 kB | 197/223 kB | 61 kBProgress (4): 170/194 kB | 98/121 kB | 197/223 kB | 61 kBProgress (4): 175/194 kB | 98/121 kB | 197/223 kB | 61 kBProgress (4): 179/194 kB | 98/121 kB | 197/223 kB | 61 kBProgress (4): 183/194 kB | 98/121 kB | 197/223 kB | 61 kBProgress (4): 183/194 kB | 102/121 kB | 197/223 kB | 61 kBProgress (4): 183/194 kB | 106/121 kB | 197/223 kB | 61 kBProgress (4): 183/194 kB | 111/121 kB | 197/223 kB | 61 kBProgress (4): 183/194 kB | 115/121 kB | 197/223 kB | 61 kBProgress (4): 183/194 kB | 119/121 kB | 197/223 kB | 61 kBProgress (4): 183/194 kB | 121 kB | 197/223 kB | 61 kB    Progress (4): 187/194 kB | 121 kB | 197/223 kB | 61 kBProgress (4): 191/194 kB | 121 kB | 197/223 kB | 61 kBProgress (4): 194 kB | 121 kB | 197/223 kB | 61 kB    Progress (4): 194 kB | 121 kB | 201/223 kB | 61 kBProgress (4): 194 kB | 121 kB | 205/223 kB | 61 kBProgress (4): 194 kB | 121 kB | 209/223 kB | 61 kBProgress (4): 194 kB | 121 kB | 213/223 kB | 61 kBProgress (4): 194 kB | 121 kB | 217/223 kB | 61 kBProgress (4): 194 kB | 121 kB | 221/223 kB | 61 kBProgress (4): 194 kB | 121 kB | 223 kB | 61 kB                                                  Downloaded from central: https://repo.maven.apache.org/maven2/org/codehaus/plexus/plexus-interpolation/1.13/plexus-interpolation-1.13.jar (61 kB at 292 kB/s)
[4aa45452-98b2-4bff-a6cc-8c574ff1706f/build]   | Downloaded from central: https://repo.maven.apache.org/maven2/org/codehaus/plexus/plexus-container-default/1.0-alpha-9-stable-1/plexus-container-default-1.0-alpha-9-stable-1.jar (194 kB at 883 kB/s)
[4aa45452-98b2-4bff-a6cc-8c574ff1706f/build]   | Downloaded from central: https://repo.maven.apache.org/maven2/org/codehaus/plexus/plexus-utils/2.0.5/plexus-utils-2.0.5.jar (223 kB at 1.0 MB/s)
[4aa45452-98b2-4bff-a6cc-8c574ff1706f/build]   | Downloaded from central: https://repo.maven.apache.org/maven2/junit/junit/3.8.1/junit-3.8.1.jar (121 kB at 550 kB/s)
[4aa45452-98b2-4bff-a6cc-8c574ff1706f/build]   | [WARNING] Using platform encoding (UTF-8 actually) to copy filtered resources, i.e. build is platform dependent!
[4aa45452-98b2-4bff-a6cc-8c574ff1706f/build]   | [INFO] skip non existing resourceDirectory /tmp/254a46a6-e79f-42c2-9394-a9c012e14999/src/main/resources
[4aa45452-98b2-4bff-a6cc-8c574ff1706f/build]   | [INFO] 
[4aa45452-98b2-4bff-a6cc-8c574ff1706f/build]   | [INFO] --- maven-compiler-plugin:3.10.1:compile (default-compile) @ sped ---
[4aa45452-98b2-4bff-a6cc-8c574ff1706f/build]   | Downloading from central: https://repo.maven.apache.org/maven2/org/apache/maven/shared/maven-shared-utils/3.3.4/maven-shared-utils-3.3.4.pom
[4aa45452-98b2-4bff-a6cc-8c574ff1706f/build]   | Progress (1): 4.1/5.8 kBProgress (1): 5.8 kB                        Downloaded from central: https://repo.maven.apache.org/maven2/org/apache/maven/shared/maven-shared-utils/3.3.4/maven-shared-utils-3.3.4.pom (5.8 kB at 729 kB/s)
[4aa45452-98b2-4bff-a6cc-8c574ff1706f/build]   | Downloading from central: https://repo.maven.apache.org/maven2/org/apache/maven/shared/maven-shared-components/34/maven-shared-components-34.pom
[4aa45452-98b2-4bff-a6cc-8c574ff1706f/build]   | Progress (1): 4.1/5.1 kBProgress (1): 5.1 kB                        Downloaded from central: https://repo.maven.apache.org/maven2/org/apache/maven/shared/maven-shared-components/34/maven-shared-components-34.pom (5.1 kB at 566 kB/s)
[4aa45452-98b2-4bff-a6cc-8c574ff1706f/build]   | Downloading from central: https://repo.maven.apache.org/maven2/commons-io/commons-io/2.6/commons-io-2.6.pom
[4aa45452-98b2-4bff-a6cc-8c574ff1706f/build]   | Progress (1): 4.1/14 kBProgress (1): 8.2/14 kBProgress (1): 12/14 kB Progress (1): 14 kB                      Downloaded from central: https://repo.maven.apache.org/maven2/commons-io/commons-io/2.6/commons-io-2.6.pom (14 kB at 1.3 MB/s)
[4aa45452-98b2-4bff-a6cc-8c574ff1706f/build]   | Downloading from central: https://repo.maven.apache.org/maven2/org/apache/commons/commons-parent/42/commons-parent-42.pom
[4aa45452-98b2-4bff-a6cc-8c574ff1706f/build]   | Progress (1): 4.1/68 kBProgress (1): 8.2/68 kBProgress (1): 12/68 kB Progress (1): 16/68 kBProgress (1): 20/68 kBProgress (1): 24/68 kBProgress (1): 28/68 kBProgress (1): 32/68 kBProgress (1): 36/68 kBProgress (1): 40/68 kBProgress (1): 44/68 kBProgress (1): 49/68 kBProgress (1): 53/68 kBProgress (1): 57/68 kBProgress (1): 61/68 kBProgress (1): 65/68 kBProgress (1): 68 kB                      Downloaded from central: https://repo.maven.apache.org/maven2/org/apache/commons/commons-parent/42/commons-parent-42.pom (68 kB at 4.5 MB/s)
[4aa45452-98b2-4bff-a6cc-8c574ff1706f/build]   | Downloading from central: https://repo.maven.apache.org/maven2/org/apache/apache/18/apache-18.pom
[4aa45452-98b2-4bff-a6cc-8c574ff1706f/build]   | Progress (1): 4.1/16 kBProgress (1): 8.2/16 kBProgress (1): 12/16 kB Progress (1): 16 kB                      Downloaded from central: https://repo.maven.apache.org/maven2/org/apache/apache/18/apache-18.pom (16 kB at 783 kB/s)
[4aa45452-98b2-4bff-a6cc-8c574ff1706f/build]   | Downloading from central: https://repo.maven.apache.org/maven2/org/apache/maven/shared/maven-shared-incremental/1.1/maven-shared-incremental-1.1.pom
[4aa45452-98b2-4bff-a6cc-8c574ff1706f/build]   | Progress (1): 4.1/4.7 kBProgress (1): 4.7 kB                        Downloaded from central: https://repo.maven.apache.org/maven2/org/apache/maven/shared/maven-shared-incremental/1.1/maven-shared-incremental-1.1.pom (4.7 kB at 226 kB/s)
[4aa45452-98b2-4bff-a6cc-8c574ff1706f/build]   | Downloading from central: https://repo.maven.apache.org/maven2/org/apache/maven/shared/maven-shared-components/19/maven-shared-components-19.pom
[4aa45452-98b2-4bff-a6cc-8c574ff1706f/build]   | Progress (1): 4.1/6.4 kBProgress (1): 6.4 kB                        Downloaded from central: https://repo.maven.apache.org/maven2/org/apache/maven/shared/maven-shared-components/19/maven-shared-components-19.pom (6.4 kB at 236 kB/s)
[4aa45452-98b2-4bff-a6cc-8c574ff1706f/build]   | Downloading from central: https://repo.maven.apache.org/maven2/org/apache/maven/maven-parent/23/maven-parent-23.pom
[4aa45452-98b2-4bff-a6cc-8c574ff1706f/build]   | Progress (1): 4.1/33 kBProgress (1): 8.2/33 kBProgress (1): 12/33 kB Progress (1): 16/33 kBProgress (1): 20/33 kBProgress (1): 24/33 kBProgress (1): 28/33 kBProgress (1): 32/33 kBProgress (1): 33 kB                      Downloaded from central: https://repo.maven.apache.org/maven2/org/apache/maven/maven-parent/23/maven-parent-23.pom (33 kB at 1.3 MB/s)
[4aa45452-98b2-4bff-a6cc-8c574ff1706f/build]   | Downloading from central: https://repo.maven.apache.org/maven2/org/apache/apache/13/apache-13.pom
[4aa45452-98b2-4bff-a6cc-8c574ff1706f/build]   | Progress (1): 4.1/14 kBProgress (1): 8.2/14 kBProgress (1): 12/14 kB Progress (1): 14 kB                      Downloaded from central: https://repo.maven.apache.org/maven2/org/apache/apache/13/apache-13.pom (14 kB at 518 kB/s)
[4aa45452-98b2-4bff-a6cc-8c574ff1706f/build]   | Downloading from central: https://repo.maven.apache.org/maven2/org/codehaus/plexus/plexus-component-annotations/2.0.0/plexus-component-annotations-2.0.0.pom
[4aa45452-98b2-4bff-a6cc-8c574ff1706f/build]   | Progress (1): 750 B                   Downloaded from central: https://repo.maven.apache.org/maven2/org/codehaus/plexus/plexus-component-annotations/2.0.0/plexus-component-annotations-2.0.0.pom (750 B at 30 kB/s)
[4aa45452-98b2-4bff-a6cc-8c574ff1706f/build]   | Downloading from central: https://repo.maven.apache.org/maven2/org/codehaus/plexus/plexus-containers/2.0.0/plexus-containers-2.0.0.pom
[4aa45452-98b2-4bff-a6cc-8c574ff1706f/build]   | Progress (1): 4.1/4.8 kBProgress (1): 4.8 kB                        Downloaded from central: https://repo.maven.apache.org/maven2/org/codehaus/plexus/plexus-containers/2.0.0/plexus-containers-2.0.0.pom (4.8 kB at 200 kB/s)
[4aa45452-98b2-4bff-a6cc-8c574ff1706f/build]   | Downloading from central: https://repo.maven.apache.org/maven2/org/codehaus/plexus/plexus/5.1/plexus-5.1.pom
[4aa45452-98b2-4bff-a6cc-8c574ff1706f/build]   | Progress (1): 4.1/23 kBProgress (1): 8.2/23 kBProgress (1): 12/23 kB Progress (1): 16/23 kBProgress (1): 20/23 kBProgress (1): 23 kB                      Downloaded from central: https://repo.maven.apache.org/maven2/org/codehaus/plexus/plexus/5.1/plexus-5.1.pom (23 kB at 750 kB/s)
[4aa45452-98b2-4bff-a6cc-8c574ff1706f/build]   | Downloading from central: https://repo.maven.apache.org/maven2/org/codehaus/plexus/plexus-java/1.1.1/plexus-java-1.1.1.pom
[4aa45452-98b2-4bff-a6cc-8c574ff1706f/build]   | Progress (1): 4.1/5.0 kBProgress (1): 5.0 kB                        Downloaded from central: https://repo.maven.apache.org/maven2/org/codehaus/plexus/plexus-java/1.1.1/plexus-java-1.1.1.pom (5.0 kB at 184 kB/s)
[4aa45452-98b2-4bff-a6cc-8c574ff1706f/build]   | Downloading from central: https://repo.maven.apache.org/maven2/org/codehaus/plexus/plexus-languages/1.1.1/plexus-languages-1.1.1.pom
[4aa45452-98b2-4bff-a6cc-8c574ff1706f/build]   | Progress (1): 4.1/4.6 kBProgress (1): 4.6 kB                        Downloaded from central: https://repo.maven.apache.org/maven2/org/codehaus/plexus/plexus-languages/1.1.1/plexus-languages-1.1.1.pom (4.6 kB at 256 kB/s)
[4aa45452-98b2-4bff-a6cc-8c574ff1706f/build]   | Downloading from central: https://repo.maven.apache.org/maven2/org/codehaus/plexus/plexus/8/plexus-8.pom
[4aa45452-98b2-4bff-a6cc-8c574ff1706f/build]   | Progress (1): 4.1/25 kBProgress (1): 8.2/25 kBProgress (1): 12/25 kB Progress (1): 16/25 kBProgress (1): 20/25 kBProgress (1): 24/25 kBProgress (1): 25 kB                      Downloaded from central: https://repo.maven.apache.org/maven2/org/codehaus/plexus/plexus/8/plexus-8.pom (25 kB at 1.1 MB/s)
[4aa45452-98b2-4bff-a6cc-8c574ff1706f/build]   | Downloading from central: https://repo.maven.apache.org/maven2/org/ow2/asm/asm/9.2/asm-9.2.pom
[4aa45452-98b2-4bff-a6cc-8c574ff1706f/build]   | Progress (1): 2.4 kB                    Downloaded from central: https://repo.maven.apache.org/maven2/org/ow2/asm/asm/9.2/asm-9.2.pom (2.4 kB at 99 kB/s)
[4aa45452-98b2-4bff-a6cc-8c574ff1706f/build]   | Downloading from central: https://repo.maven.apache.org/maven2/org/ow2/ow2/1.5/ow2-1.5.pom
[4aa45452-98b2-4bff-a6cc-8c574ff1706f/build]   | Progress (1): 4.1/11 kBProgress (1): 8.2/11 kBProgress (1): 11 kB                       Downloaded from central: https://repo.maven.apache.org/maven2/org/ow2/ow2/1.5/ow2-1.5.pom (11 kB at 591 kB/s)
[4aa45452-98b2-4bff-a6cc-8c574ff1706f/build]   | Downloading from central: https://repo.maven.apache.org/maven2/com/thoughtworks/qdox/qdox/2.0.1/qdox-2.0.1.pom
[4aa45452-98b2-4bff-a6cc-8c574ff1706f/build]   | Progress (1): 4.1/16 kBProgress (1): 8.2/16 kBProgress (1): 12/16 kB Progress (1): 16/16 kBProgress (1): 16 kB                      Downloaded from central: https://repo.maven.apache.org/maven2/com/thoughtworks/qdox/qdox/2.0.1/qdox-2.0.1.pom (16 kB at 400 kB/s)
[4aa45452-98b2-4bff-a6cc-8c574ff1706f/build]   | Downloading from central: https://repo.maven.apache.org/maven2/org/sonatype/oss/oss-parent/9/oss-parent-9.pom
[4aa45452-98b2-4bff-a6cc-8c574ff1706f/build]   | Progress (1): 4.1/6.6 kBProgress (1): 6.6 kB                        Downloaded from central: https://repo.maven.apache.org/maven2/org/sonatype/oss/oss-parent/9/oss-parent-9.pom (6.6 kB at 299 kB/s)
[4aa45452-98b2-4bff-a6cc-8c574ff1706f/build]   | Downloading from central: https://repo.maven.apache.org/maven2/org/codehaus/plexus/plexus-compiler-api/2.11.1/plexus-compiler-api-2.11.1.pom
[4aa45452-98b2-4bff-a6cc-8c574ff1706f/build]   | Progress (1): 1.1 kB                    Downloaded from central: https://repo.maven.apache.org/maven2/org/codehaus/plexus/plexus-compiler-api/2.11.1/plexus-compiler-api-2.11.1.pom (1.1 kB at 44 kB/s)
[4aa45452-98b2-4bff-a6cc-8c574ff1706f/build]   | Downloading from central: https://repo.maven.apache.org/maven2/org/codehaus/plexus/plexus-compiler/2.11.1/plexus-compiler-2.11.1.pom
[4aa45452-98b2-4bff-a6cc-8c574ff1706f/build]   | Progress (1): 4.1/8.1 kBProgress (1): 8.1 kB                        Downloaded from central: https://repo.maven.apache.org/maven2/org/codehaus/plexus/plexus-compiler/2.11.1/plexus-compiler-2.11.1.pom (8.1 kB at 406 kB/s)
[4aa45452-98b2-4bff-a6cc-8c574ff1706f/build]   | Downloading from central: https://repo.maven.apache.org/maven2/org/codehaus/plexus/plexus-components/6.6/plexus-components-6.6.pom
[4aa45452-98b2-4bff-a6cc-8c574ff1706f/build]   | Progress (1): 2.7 kB                    Downloaded from central: https://repo.maven.apache.org/maven2/org/codehaus/plexus/plexus-components/6.6/plexus-components-6.6.pom (2.7 kB at 47 kB/s)
[4aa45452-98b2-4bff-a6cc-8c574ff1706f/build]   | Downloading from central: https://repo.maven.apache.org/maven2/org/junit/junit-bom/5.8.2/junit-bom-5.8.2.pom
[4aa45452-98b2-4bff-a6cc-8c574ff1706f/build]   | Progress (1): 4.1/5.6 kBProgress (1): 5.6 kB                        Downloaded from central: https://repo.maven.apache.org/maven2/org/junit/junit-bom/5.8.2/junit-bom-5.8.2.pom (5.6 kB at 352 kB/s)
[4aa45452-98b2-4bff-a6cc-8c574ff1706f/build]   | Downloading from central: https://repo.maven.apache.org/maven2/org/codehaus/plexus/plexus-utils/3.4.1/plexus-utils-3.4.1.pom
[4aa45452-98b2-4bff-a6cc-8c574ff1706f/build]   | Progress (1): 4.1/8.0 kBProgress (1): 8.0 kB                        Downloaded from central: https://repo.maven.apache.org/maven2/org/codehaus/plexus/plexus-utils/3.4.1/plexus-utils-3.4.1.pom (8.0 kB at 346 kB/s)
[4aa45452-98b2-4bff-a6cc-8c574ff1706f/build]   | Downloading from central: https://repo.maven.apache.org/maven2/org/codehaus/plexus/plexus-compiler-manager/2.11.1/plexus-compiler-manager-2.11.1.pom
[4aa45452-98b2-4bff-a6cc-8c574ff1706f/build]   | Progress (1): 1.1 kB                    Downloaded from central: https://repo.maven.apache.org/maven2/org/codehaus/plexus/plexus-compiler-manager/2.11.1/plexus-compiler-manager-2.11.1.pom (1.1 kB at 88 kB/s)
[4aa45452-98b2-4bff-a6cc-8c574ff1706f/build]   | Downloading from central: https://repo.maven.apache.org/maven2/org/codehaus/plexus/plexus-compiler-javac/2.11.1/plexus-compiler-javac-2.11.1.pom
[4aa45452-98b2-4bff-a6cc-8c574ff1706f/build]   | Progress (1): 1.2 kB                    Downloaded from central: https://repo.maven.apache.org/maven2/org/codehaus/plexus/plexus-compiler-javac/2.11.1/plexus-compiler-javac-2.11.1.pom (1.2 kB at 172 kB/s)
[4aa45452-98b2-4bff-a6cc-8c574ff1706f/build]   | Downloading from central: https://repo.maven.apache.org/maven2/org/codehaus/plexus/plexus-compilers/2.11.1/plexus-compilers-2.11.1.pom
[4aa45452-98b2-4bff-a6cc-8c574ff1706f/build]   | Progress (1): 1.3 kB                    Downloaded from central: https://repo.maven.apache.org/maven2/org/codehaus/plexus/plexus-compilers/2.11.1/plexus-compilers-2.11.1.pom (1.3 kB at 102 kB/s)
[4aa45452-98b2-4bff-a6cc-8c574ff1706f/build]   | Downloading from central: https://repo.maven.apache.org/maven2/org/apache/maven/shared/maven-shared-utils/3.3.4/maven-shared-utils-3.3.4.jar
[4aa45452-98b2-4bff-a6cc-8c574ff1706f/build]   | Downloading from central: https://repo.maven.apache.org/maven2/commons-io/commons-io/2.6/commons-io-2.6.jar
[4aa45452-98b2-4bff-a6cc-8c574ff1706f/build]   | Downloading from central: https://repo.maven.apache.org/maven2/org/apache/maven/shared/maven-shared-incremental/1.1/maven-shared-incremental-1.1.jar
[4aa45452-98b2-4bff-a6cc-8c574ff1706f/build]   | Downloading from central: https://repo.maven.apache.org/maven2/org/codehaus/plexus/plexus-component-annotations/2.0.0/plexus-component-annotations-2.0.0.jar
[4aa45452-98b2-4bff-a6cc-8c574ff1706f/build]   | Downloading from central: https://repo.maven.apache.org/maven2/org/codehaus/plexus/plexus-java/1.1.1/plexus-java-1.1.1.jar
[4aa45452-98b2-4bff-a6cc-8c574ff1706f/build]   | Progress (1): 4.1/4.2 kBProgress (1): 4.2 kB    Progress (2): 4.2 kB | 4.1/14 kBProgress (2): 4.2 kB | 8.2/14 kBProgress (2): 4.2 kB | 12/14 kB Progress (2): 4.2 kB | 14 kB   Progress (3): 4.2 kB | 14 kB | 4.1/54 kBProgress (3): 4.2 kB | 14 kB | 8.2/54 kBProgress (3): 4.2 kB | 14 kB | 12/54 kB Progress (3): 4.2 kB | 14 kB | 16/54 kBProgress (3): 4.2 kB | 14 kB | 20/54 kBProgress (3): 4.2 kB | 14 kB | 25/54 kBProgress (3): 4.2 kB | 14 kB | 29/54 kBProgress (3): 4.2 kB | 14 kB | 33/54 kBProgress (4): 4.2 kB | 14 kB | 33/54 kB | 4.1/153 kBProgress (4): 4.2 kB | 14 kB | 33/54 kB | 8.2/153 kBProgress (4): 4.2 kB | 14 kB | 33/54 kB | 12/153 kB Progress (4): 4.2 kB | 14 kB | 33/54 kB | 16/153 kBProgress (4): 4.2 kB | 14 kB | 33/54 kB | 20/153 kBProgress (4): 4.2 kB | 14 kB | 33/54 kB | 24/153 kBProgress (4): 4.2 kB | 14 kB | 33/54 kB | 28/153 kBProgress (4): 4.2 kB | 14 kB | 33/54 kB | 32/153 kBProgress (4): 4.2 kB | 14 kB | 33/54 kB | 36/153 kBProgress (4): 4.2 kB | 14 kB | 33/54 kB | 40/153 kBProgress (4): 4.2 kB | 14 kB | 33/54 kB | 44/153 kBProgress (4): 4.2 kB | 14 kB | 33/54 kB | 49/153 kBProgress (4): 4.2 kB | 14 kB | 33/54 kB | 53/153 kBProgress (4): 4.2 kB | 14 kB | 33/54 kB | 57/153 kBProgress (4): 4.2 kB | 14 kB | 33/54 kB | 61/153 kBProgress (4): 4.2 kB | 14 kB | 33/54 kB | 65/153 kBProgress (5): 4.2 kB | 14 kB | 33/54 kB | 65/153 kB | 4.1/215 kBProgress (5): 4.2 kB | 14 kB | 33/54 kB | 65/153 kB | 8.2/215 kBProgress (5): 4.2 kB | 14 kB | 33/54 kB | 65/153 kB | 12/215 kB Progress (5): 4.2 kB | 14 kB | 33/54 kB | 65/153 kB | 16/215 kBProgress (5): 4.2 kB | 14 kB | 37/54 kB | 65/153 kB | 16/215 kBProgress (5): 4.2 kB | 14 kB | 41/54 kB | 65/153 kB | 16/215 kBProgress (5): 4.2 kB | 14 kB | 45/54 kB | 65/153 kB | 16/215 kBProgress (5): 4.2 kB | 14 kB | 49/54 kB | 65/153 kB | 16/215 kBProgress (5): 4.2 kB | 14 kB | 49/54 kB | 65/153 kB | 20/215 kBProgress (5): 4.2 kB | 14 kB | 53/54 kB | 65/153 kB | 20/215 kBProgress (5): 4.2 kB | 14 kB | 54 kB | 65/153 kB | 20/215 kB   Progress (5): 4.2 kB | 14 kB | 54 kB | 65/153 kB | 25/215 kBProgress (5): 4.2 kB | 14 kB | 54 kB | 65/153 kB | 29/215 kBProgress (5): 4.2 kB | 14 kB | 54 kB | 65/153 kB | 33/215 kBProgress (5): 4.2 kB | 14 kB | 54 kB | 65/153 kB | 37/215 kBProgress (5): 4.2 kB | 14 kB | 54 kB | 65/153 kB | 41/215 kBProgress (5): 4.2 kB | 14 kB | 54 kB | 69/153 kB | 41/215 kBProgress (5): 4.2 kB | 14 kB | 54 kB | 73/153 kB | 41/215 kBProgress (5): 4.2 kB | 14 kB | 54 kB | 77/153 kB | 41/215 kBProgress (5): 4.2 kB | 14 kB | 54 kB | 81/153 kB | 41/215 kBProgress (5): 4.2 kB | 14 kB | 54 kB | 81/153 kB | 45/215 kBProgress (5): 4.2 kB | 14 kB | 54 kB | 81/153 kB | 49/215 kBProgress (5): 4.2 kB | 14 kB | 54 kB | 85/153 kB | 49/215 kBProgress (5): 4.2 kB | 14 kB | 54 kB | 90/153 kB | 49/215 kBProgress (5): 4.2 kB | 14 kB | 54 kB | 94/153 kB | 49/215 kBProgress (5): 4.2 kB | 14 kB | 54 kB | 94/153 kB | 53/215 kBProgress (5): 4.2 kB | 14 kB | 54 kB | 98/153 kB | 53/215 kBProgress (5): 4.2 kB | 14 kB | 54 kB | 102/153 kB | 53/215 kBProgress (5): 4.2 kB | 14 kB | 54 kB | 106/153 kB | 53/215 kBProgress (5): 4.2 kB | 14 kB | 54 kB | 110/153 kB | 53/215 kBProgress (5): 4.2 kB | 14 kB | 54 kB | 114/153 kB | 53/215 kBProgress (5): 4.2 kB | 14 kB | 54 kB | 118/153 kB | 53/215 kBProgress (5): 4.2 kB | 14 kB | 54 kB | 122/153 kB | 53/215 kBProgress (5): 4.2 kB | 14 kB | 54 kB | 126/153 kB | 53/215 kBProgress (5): 4.2 kB | 14 kB | 54 kB | 130/153 kB | 53/215 kBProgress (5): 4.2 kB | 14 kB | 54 kB | 135/153 kB | 53/215 kBProgress (5): 4.2 kB | 14 kB | 54 kB | 139/153 kB | 53/215 kBProgress (5): 4.2 kB | 14 kB | 54 kB | 143/153 kB | 53/215 kBProgress (5): 4.2 kB | 14 kB | 54 kB | 147/153 kB | 53/215 kBProgress (5): 4.2 kB | 14 kB | 54 kB | 151/153 kB | 53/215 kBProgress (5): 4.2 kB | 14 kB | 54 kB | 153 kB | 53/215 kB    Progress (5): 4.2 kB | 14 kB | 54 kB | 153 kB | 57/215 kBProgress (5): 4.2 kB | 14 kB | 54 kB | 153 kB | 61/215 kBProgress (5): 4.2 kB | 14 kB | 54 kB | 153 kB | 66/215 kBProgress (5): 4.2 kB | 14 kB | 54 kB | 153 kB | 70/215 kBProgress (5): 4.2 kB | 14 kB | 54 kB | 153 kB | 74/215 kBProgress (5): 4.2 kB | 14 kB | 54 kB | 153 kB | 78/215 kBProgress (5): 4.2 kB | 14 kB | 54 kB | 153 kB | 82/215 kBProgress (5): 4.2 kB | 14 kB | 54 kB | 153 kB | 86/215 kBProgress (5): 4.2 kB | 14 kB | 54 kB | 153 kB | 90/215 kBProgress (5): 4.2 kB | 14 kB | 54 kB | 153 kB | 94/215 kBProgress (5): 4.2 kB | 14 kB | 54 kB | 153 kB | 98/215 kBProgress (5): 4.2 kB | 14 kB | 54 kB | 153 kB | 102/215 kBProgress (5): 4.2 kB | 14 kB | 54 kB | 153 kB | 106/215 kBProgress (5): 4.2 kB | 14 kB | 54 kB | 153 kB | 111/215 kBProgress (5): 4.2 kB | 14 kB | 54 kB | 153 kB | 115/215 kBProgress (5): 4.2 kB | 14 kB | 54 kB | 153 kB | 119/215 kBProgress (5): 4.2 kB | 14 kB | 54 kB | 153 kB | 123/215 kBProgress (5): 4.2 kB | 14 kB | 54 kB | 153 kB | 127/215 kBProgress (5): 4.2 kB | 14 kB | 54 kB | 153 kB | 131/215 kB                                                          Downloaded from central: https://repo.maven.apache.org/maven2/org/codehaus/plexus/plexus-java/1.1.1/plexus-java-1.1.1.jar (54 kB at 2.7 MB/s)
[4aa45452-98b2-4bff-a6cc-8c574ff1706f/build]   | Downloading from central: https://repo.maven.apache.org/maven2/org/ow2/asm/asm/9.2/asm-9.2.jar
[4aa45452-98b2-4bff-a6cc-8c574ff1706f/build]   | Downloaded from central: https://repo.maven.apache.org/maven2/org/apache/maven/shared/maven-shared-incremental/1.1/maven-shared-incremental-1.1.jar (14 kB at 645 kB/s)
[4aa45452-98b2-4bff-a6cc-8c574ff1706f/build]   | Downloading from central: https://repo.maven.apache.org/maven2/com/thoughtworks/qdox/qdox/2.0.1/qdox-2.0.1.jar
[4aa45452-98b2-4bff-a6cc-8c574ff1706f/build]   | Downloaded from central: https://repo.maven.apache.org/maven2/org/codehaus/plexus/plexus-component-annotations/2.0.0/plexus-component-annotations-2.0.0.jar (4.2 kB at 201 kB/s)
[4aa45452-98b2-4bff-a6cc-8c574ff1706f/build]   | Downloading from central: https://repo.maven.apache.org/maven2/org/codehaus/plexus/plexus-compiler-api/2.11.1/plexus-compiler-api-2.11.1.jar
[4aa45452-98b2-4bff-a6cc-8c574ff1706f/build]   | Progress (2): 153 kB | 135/215 kBProgress (2): 153 kB | 139/215 kBProgress (2): 153 kB | 143/215 kBProgress (2): 153 kB | 147/215 kBProgress (2): 153 kB | 152/215 kBProgress (2): 153 kB | 156/215 kBProgress (2): 153 kB | 160/215 kBProgress (2): 153 kB | 164/215 kBProgress (2): 153 kB | 168/215 kBProgress (2): 153 kB | 172/215 kBProgress (2): 153 kB | 176/215 kBProgress (2): 153 kB | 180/215 kBProgress (2): 153 kB | 184/215 kBProgress (2): 153 kB | 188/215 kBProgress (2): 153 kB | 193/215 kBProgress (2): 153 kB | 197/215 kBProgress (3): 153 kB | 197/215 kB | 4.1/122 kBProgress (3): 153 kB | 197/215 kB | 8.2/122 kBProgress (3): 153 kB | 197/215 kB | 12/122 kB Progress (3): 153 kB | 197/215 kB | 16/122 kBProgress (3): 153 kB | 197/215 kB | 20/122 kBProgress (3): 153 kB | 197/215 kB | 24/122 kBProgress (3): 153 kB | 197/215 kB | 28/122 kBProgress (3): 153 kB | 197/215 kB | 32/122 kBProgress (3): 153 kB | 197/215 kB | 36/122 kBProgress (3): 153 kB | 197/215 kB | 40/122 kBProgress (3): 153 kB | 197/215 kB | 44/122 kBProgress (3): 153 kB | 201/215 kB | 44/122 kBProgress (3): 153 kB | 201/215 kB | 49/122 kBProgress (3): 153 kB | 205/215 kB | 49/122 kB                                             Downloaded from central: https://repo.maven.apache.org/maven2/org/apache/maven/shared/maven-shared-utils/3.3.4/maven-shared-utils-3.3.4.jar (153 kB at 5.3 MB/s)
[4aa45452-98b2-4bff-a6cc-8c574ff1706f/build]   | Downloading from central: https://repo.maven.apache.org/maven2/org/codehaus/plexus/plexus-utils/3.4.1/plexus-utils-3.4.1.jar
[4aa45452-98b2-4bff-a6cc-8c574ff1706f/build]   | Progress (3): 205/215 kB | 49/122 kB | 4.1/27 kBProgress (3): 205/215 kB | 49/122 kB | 8.2/27 kBProgress (3): 205/215 kB | 49/122 kB | 12/27 kB Progress (3): 205/215 kB | 49/122 kB | 16/27 kBProgress (3): 209/215 kB | 49/122 kB | 16/27 kBProgress (3): 213/215 kB | 49/122 kB | 16/27 kBProgress (3): 213/215 kB | 49/122 kB | 20/27 kBProgress (3): 213/215 kB | 49/122 kB | 24/27 kBProgress (3): 215 kB | 49/122 kB | 24/27 kB    Progress (3): 215 kB | 53/122 kB | 24/27 kBProgress (4): 215 kB | 53/122 kB | 24/27 kB | 4.1/334 kBProgress (4): 215 kB | 53/122 kB | 27 kB | 4.1/334 kB   Progress (4): 215 kB | 53/122 kB | 27 kB | 8.2/334 kBProgress (4): 215 kB | 53/122 kB | 27 kB | 12/334 kB Progress (4): 215 kB | 53/122 kB | 27 kB | 16/334 kBProgress (4): 215 kB | 53/122 kB | 27 kB | 20/334 kBProgress (4): 215 kB | 53/122 kB | 27 kB | 24/334 kBProgress (4): 215 kB | 53/122 kB | 27 kB | 28/334 kBProgress (4): 215 kB | 53/122 kB | 27 kB | 32/334 kBProgress (4): 215 kB | 53/122 kB | 27 kB | 36/334 kBProgress (4): 215 kB | 53/122 kB | 27 kB | 40/334 kBProgress (4): 215 kB | 53/122 kB | 27 kB | 44/334 kBProgress (4): 215 kB | 53/122 kB | 27 kB | 49/334 kBProgress (4): 215 kB | 57/122 kB | 27 kB | 49/334 kBProgress (4): 215 kB | 61/122 kB | 27 kB | 49/334 kBProgress (4): 215 kB | 65/122 kB | 27 kB | 49/334 kBProgress (4): 215 kB | 69/122 kB | 27 kB | 49/334 kBProgress (5): 215 kB | 69/122 kB | 27 kB | 49/334 kB | 4.1/264 kBProgress (5): 215 kB | 69/122 kB | 27 kB | 49/334 kB | 8.2/264 kBProgress (5): 215 kB | 69/122 kB | 27 kB | 49/334 kB | 12/264 kB Progress (5): 215 kB | 73/122 kB | 27 kB | 49/334 kB | 12/264 kBProgress (5): 215 kB | 77/122 kB | 27 kB | 49/334 kB | 12/264 kBProgress (5): 215 kB | 81/122 kB | 27 kB | 49/334 kB | 12/264 kBProgress (5): 215 kB | 85/122 kB | 27 kB | 49/334 kB | 12/264 kBProgress (5): 215 kB | 90/122 kB | 27 kB | 49/334 kB | 12/264 kBProgress (5): 215 kB | 94/122 kB | 27 kB | 49/334 kB | 12/264 kBProgress (5): 215 kB | 98/122 kB | 27 kB | 49/334 kB | 12/264 kB                                                                Downloaded from central: https://repo.maven.apache.org/maven2/commons-io/commons-io/2.6/commons-io-2.6.jar (215 kB at 6.9 MB/s)
[4aa45452-98b2-4bff-a6cc-8c574ff1706f/build]   | Downloading from central: https://repo.maven.apache.org/maven2/org/codehaus/plexus/plexus-compiler-manager/2.11.1/plexus-compiler-manager-2.11.1.jar
[4aa45452-98b2-4bff-a6cc-8c574ff1706f/build]   | Progress (4): 102/122 kB | 27 kB | 49/334 kB | 12/264 kBProgress (4): 106/122 kB | 27 kB | 49/334 kB | 12/264 kBProgress (4): 110/122 kB | 27 kB | 49/334 kB | 12/264 kBProgress (4): 114/122 kB | 27 kB | 49/334 kB | 12/264 kBProgress (4): 114/122 kB | 27 kB | 49/334 kB | 16/264 kBProgress (4): 118/122 kB | 27 kB | 49/334 kB | 16/264 kBProgress (4): 122 kB | 27 kB | 49/334 kB | 16/264 kB    Progress (4): 122 kB | 27 kB | 49/334 kB | 20/264 kBProgress (4): 122 kB | 27 kB | 49/334 kB | 24/264 kBProgress (4): 122 kB | 27 kB | 49/334 kB | 28/264 kBProgress (4): 122 kB | 27 kB | 49/334 kB | 32/264 kBProgress (4): 122 kB | 27 kB | 49/334 kB | 36/264 kBProgress (4): 122 kB | 27 kB | 49/334 kB | 40/264 kBProgress (4): 122 kB | 27 kB | 49/334 kB | 44/264 kBProgress (4): 122 kB | 27 kB | 49/334 kB | 49/264 kBProgress (4): 122 kB | 27 kB | 49/334 kB | 53/264 kBProgress (4): 122 kB | 27 kB | 49/334 kB | 57/264 kBProgress (4): 122 kB | 27 kB | 49/334 kB | 61/264 kBProgress (4): 122 kB | 27 kB | 49/334 kB | 65/264 kBProgress (4): 122 kB | 27 kB | 49/334 kB | 69/264 kBProgress (4): 122 kB | 27 kB | 49/334 kB | 73/264 kBProgress (4): 122 kB | 27 kB | 49/334 kB | 77/264 kBProgress (4): 122 kB | 27 kB | 49/334 kB | 81/264 kBProgress (4): 122 kB | 27 kB | 49/334 kB | 85/264 kBProgress (4): 122 kB | 27 kB | 49/334 kB | 90/264 kBProgress (4): 122 kB | 27 kB | 49/334 kB | 94/264 kBProgress (4): 122 kB | 27 kB | 49/334 kB | 98/264 kBProgress (4): 122 kB | 27 kB | 49/334 kB | 102/264 kBProgress (4): 122 kB | 27 kB | 49/334 kB | 106/264 kBProgress (4): 122 kB | 27 kB | 49/334 kB | 110/264 kBProgress (4): 122 kB | 27 kB | 49/334 kB | 114/264 kBProgress (4): 122 kB | 27 kB | 49/334 kB | 118/264 kBProgress (4): 122 kB | 27 kB | 49/334 kB | 122/264 kBProgress (4): 122 kB | 27 kB | 49/334 kB | 126/264 kBProgress (4): 122 kB | 27 kB | 49/334 kB | 130/264 kBProgress (4): 122 kB | 27 kB | 49/334 kB | 135/264 kBProgress (4): 122 kB | 27 kB | 49/334 kB | 139/264 kBProgress (4): 122 kB | 27 kB | 49/334 kB | 143/264 kBProgress (4): 122 kB | 27 kB | 49/334 kB | 147/264 kBProgress (4): 122 kB | 27 kB | 49/334 kB | 151/264 kBProgress (4): 122 kB | 27 kB | 49/334 kB | 155/264 kBProgress (4): 122 kB | 27 kB | 49/334 kB | 159/264 kBProgress (4): 122 kB | 27 kB | 49/334 kB | 163/264 kBProgress (4): 122 kB | 27 kB | 49/334 kB | 167/264 kBProgress (4): 122 kB | 27 kB | 49/334 kB | 171/264 kBProgress (4): 122 kB | 27 kB | 49/334 kB | 176/264 kBProgress (4): 122 kB | 27 kB | 49/334 kB | 180/264 kBProgress (4): 122 kB | 27 kB | 49/334 kB | 184/264 kBProgress (4): 122 kB | 27 kB | 49/334 kB | 188/264 kBProgress (4): 122 kB | 27 kB | 49/334 kB | 192/264 kBProgress (4): 122 kB | 27 kB | 49/334 kB | 196/264 kBProgress (4): 122 kB | 27 kB | 49/334 kB | 200/264 kBProgress (4): 122 kB | 27 kB | 49/334 kB | 204/264 kBProgress (4): 122 kB | 27 kB | 49/334 kB | 208/264 kBProgress (4): 122 kB | 27 kB | 49/334 kB | 212/264 kBProgress (4): 122 kB | 27 kB | 53/334 kB | 212/264 kBProgress (4): 122 kB | 27 kB | 57/334 kB | 212/264 kBProgress (4): 122 kB | 27 kB | 61/334 kB | 212/264 kBProgress (4): 122 kB | 27 kB | 65/334 kB | 212/264 kBProgress (4): 122 kB | 27 kB | 69/334 kB | 212/264 kBProgress (4): 122 kB | 27 kB | 73/334 kB | 212/264 kBProgress (4): 122 kB | 27 kB | 77/334 kB | 212/264 kBProgress (4): 122 kB | 27 kB | 81/334 kB | 212/264 kB                                                     Downloaded from central: https://repo.maven.apache.org/maven2/org/codehaus/plexus/plexus-compiler-api/2.11.1/plexus-compiler-api-2.11.1.jar (27 kB at 748 kB/s)
[4aa45452-98b2-4bff-a6cc-8c574ff1706f/build]   | Progress (3): 122 kB | 85/334 kB | 212/264 kBProgress (3): 122 kB | 90/334 kB | 212/264 kBProgress (3): 122 kB | 94/334 kB | 212/264 kBProgress (3): 122 kB | 98/334 kB | 212/264 kBProgress (3): 122 kB | 102/334 kB | 212/264 kBProgress (3): 122 kB | 106/334 kB | 212/264 kBProgress (3): 122 kB | 110/334 kB | 212/264 kB                                              Downloading from central: https://repo.maven.apache.org/maven2/org/codehaus/plexus/plexus-compiler-javac/2.11.1/plexus-compiler-javac-2.11.1.jar
[4aa45452-98b2-4bff-a6cc-8c574ff1706f/build]   | Progress (3): 122 kB | 110/334 kB | 217/264 kBProgress (3): 122 kB | 110/334 kB | 221/264 kBProgress (3): 122 kB | 110/334 kB | 225/264 kBProgress (3): 122 kB | 110/334 kB | 229/264 kBProgress (3): 122 kB | 110/334 kB | 233/264 kBProgress (3): 122 kB | 110/334 kB | 237/264 kBProgress (3): 122 kB | 110/334 kB | 241/264 kBProgress (3): 122 kB | 110/334 kB | 245/264 kBProgress (3): 122 kB | 110/334 kB | 249/264 kBProgress (3): 122 kB | 110/334 kB | 253/264 kBProgress (3): 122 kB | 110/334 kB | 257/264 kBProgress (3): 122 kB | 110/334 kB | 262/264 kBProgress (3): 122 kB | 110/334 kB | 264 kB    Progress (3): 122 kB | 114/334 kB | 264 kBProgress (3): 122 kB | 118/334 kB | 264 kBProgress (3): 122 kB | 122/334 kB | 264 kBProgress (3): 122 kB | 126/334 kB | 264 kBProgress (3): 122 kB | 130/334 kB | 264 kBProgress (3): 122 kB | 135/334 kB | 264 kBProgress (3): 122 kB | 139/334 kB | 264 kBProgress (3): 122 kB | 143/334 kB | 264 kBProgress (3): 122 kB | 147/334 kB | 264 kBProgress (3): 122 kB | 151/334 kB | 264 kBProgress (3): 122 kB | 155/334 kB | 264 kBProgress (3): 122 kB | 159/334 kB | 264 kBProgress (3): 122 kB | 163/334 kB | 264 kB                                          Downloaded from central: https://repo.maven.apache.org/maven2/org/ow2/asm/asm/9.2/asm-9.2.jar (122 kB at 2.5 MB/s)
[4aa45452-98b2-4bff-a6cc-8c574ff1706f/build]   | Progress (2): 167/334 kB | 264 kBProgress (3): 167/334 kB | 264 kB | 4.1/4.7 kBProgress (3): 167/334 kB | 264 kB | 4.7 kB    Progress (4): 167/334 kB | 264 kB | 4.7 kB | 4.1/23 kBProgress (4): 167/334 kB | 264 kB | 4.7 kB | 8.2/23 kBProgress (4): 167/334 kB | 264 kB | 4.7 kB | 12/23 kB Progress (4): 167/334 kB | 264 kB | 4.7 kB | 16/23 kBProgress (4): 167/334 kB | 264 kB | 4.7 kB | 20/23 kBProgress (4): 167/334 kB | 264 kB | 4.7 kB | 23 kB                                                     Downloaded from central: https://repo.maven.apache.org/maven2/org/codehaus/plexus/plexus-utils/3.4.1/plexus-utils-3.4.1.jar (264 kB at 5.3 MB/s)
[4aa45452-98b2-4bff-a6cc-8c574ff1706f/build]   | Progress (3): 171/334 kB | 4.7 kB | 23 kB                                         Downloaded from central: https://repo.maven.apache.org/maven2/org/codehaus/plexus/plexus-compiler-manager/2.11.1/plexus-compiler-manager-2.11.1.jar (4.7 kB at 85 kB/s)
[4aa45452-98b2-4bff-a6cc-8c574ff1706f/build]   | Progress (2): 176/334 kB | 23 kBProgress (2): 180/334 kB | 23 kBProgress (2): 184/334 kB | 23 kBProgress (2): 188/334 kB | 23 kBProgress (2): 192/334 kB | 23 kBProgress (2): 196/334 kB | 23 kBProgress (2): 200/334 kB | 23 kBProgress (2): 204/334 kB | 23 kBProgress (2): 208/334 kB | 23 kBProgress (2): 212/334 kB | 23 kB                                Downloaded from central: https://repo.maven.apache.org/maven2/org/codehaus/plexus/plexus-compiler-javac/2.11.1/plexus-compiler-javac-2.11.1.jar (23 kB at 408 kB/s)
[4aa45452-98b2-4bff-a6cc-8c574ff1706f/build]   | Progress (1): 217/334 kBProgress (1): 221/334 kBProgress (1): 225/334 kBProgress (1): 229/334 kBProgress (1): 233/334 kBProgress (1): 237/334 kBProgress (1): 241/334 kBProgress (1): 245/334 kBProgress (1): 249/334 kBProgress (1): 253/334 kBProgress (1): 257/334 kBProgress (1): 262/334 kBProgress (1): 266/334 kBProgress (1): 270/334 kBProgress (1): 274/334 kBProgress (1): 278/334 kBProgress (1): 282/334 kBProgress (1): 286/334 kBProgress (1): 290/334 kBProgress (1): 294/334 kBProgress (1): 298/334 kBProgress (1): 303/334 kBProgress (1): 307/334 kBProgress (1): 311/334 kBProgress (1): 315/334 kBProgress (1): 319/334 kBProgress (1): 323/334 kBProgress (1): 327/334 kBProgress (1): 331/334 kBProgress (1): 334 kB                        Downloaded from central: https://repo.maven.apache.org/maven2/com/thoughtworks/qdox/qdox/2.0.1/qdox-2.0.1.jar (334 kB at 5.3 MB/s)
[4aa45452-98b2-4bff-a6cc-8c574ff1706f/build]   | [INFO] Changes detected - recompiling the module!
[4aa45452-98b2-4bff-a6cc-8c574ff1706f/build]   | [INFO] Compiling 96 source files to /tmp/254a46a6-e79f-42c2-9394-a9c012e14999/target/classes
[4aa45452-98b2-4bff-a6cc-8c574ff1706f/build]   | [INFO] 
[4aa45452-98b2-4bff-a6cc-8c574ff1706f/build]   | [INFO] --- maven-resources-plugin:2.6:testResources (default-testResources) @ sped ---
[4aa45452-98b2-4bff-a6cc-8c574ff1706f/build]   | [WARNING] Using platform encoding (UTF-8 actually) to copy filtered resources, i.e. build is platform dependent!
[4aa45452-98b2-4bff-a6cc-8c574ff1706f/build]   | [INFO] skip non existing resourceDirectory /tmp/254a46a6-e79f-42c2-9394-a9c012e14999/src/test/resources
[4aa45452-98b2-4bff-a6cc-8c574ff1706f/build]   | [INFO] 
[4aa45452-98b2-4bff-a6cc-8c574ff1706f/build]   | [INFO] --- maven-compiler-plugin:3.10.1:testCompile (default-testCompile) @ sped ---
[4aa45452-98b2-4bff-a6cc-8c574ff1706f/build]   | [INFO] Changes detected - recompiling the module!
[4aa45452-98b2-4bff-a6cc-8c574ff1706f/build]   | [INFO] Compiling 55 source files to /tmp/254a46a6-e79f-42c2-9394-a9c012e14999/target/test-classes
[4aa45452-98b2-4bff-a6cc-8c574ff1706f/build]   | [INFO] 
[4aa45452-98b2-4bff-a6cc-8c574ff1706f/build]   | [INFO] --- maven-surefire-plugin:2.12.4:test (default-test) @ sped ---
[4aa45452-98b2-4bff-a6cc-8c574ff1706f/build]   | Downloading from central: https://repo.maven.apache.org/maven2/org/apache/maven/maven-plugin-api/2.0.9/maven-plugin-api-2.0.9.pom
[4aa45452-98b2-4bff-a6cc-8c574ff1706f/build]   | Progress (1): 1.5 kB                    Downloaded from central: https://repo.maven.apache.org/maven2/org/apache/maven/maven-plugin-api/2.0.9/maven-plugin-api-2.0.9.pom (1.5 kB at 29 kB/s)
[4aa45452-98b2-4bff-a6cc-8c574ff1706f/build]   | Downloading from central: https://repo.maven.apache.org/maven2/org/apache/maven/maven/2.0.9/maven-2.0.9.pom
[4aa45452-98b2-4bff-a6cc-8c574ff1706f/build]   | Progress (1): 4.1/19 kBProgress (1): 8.2/19 kBProgress (1): 12/19 kB Progress (1): 16/19 kBProgress (1): 19 kB                      Downloaded from central: https://repo.maven.apache.org/maven2/org/apache/maven/maven/2.0.9/maven-2.0.9.pom (19 kB at 700 kB/s)
[4aa45452-98b2-4bff-a6cc-8c574ff1706f/build]   | Downloading from central: https://repo.maven.apache.org/maven2/org/apache/maven/maven-parent/8/maven-parent-8.pom
[4aa45452-98b2-4bff-a6cc-8c574ff1706f/build]   | Progress (1): 4.1/24 kBProgress (1): 8.2/24 kBProgress (1): 12/24 kB Progress (1): 16/24 kBProgress (1): 20/24 kBProgress (1): 24 kB                      Downloaded from central: https://repo.maven.apache.org/maven2/org/apache/maven/maven-parent/8/maven-parent-8.pom (24 kB at 710 kB/s)
[4aa45452-98b2-4bff-a6cc-8c574ff1706f/build]   | Downloading from central: https://repo.maven.apache.org/maven2/org/apache/apache/4/apache-4.pom
[4aa45452-98b2-4bff-a6cc-8c574ff1706f/build]   | Progress (1): 4.1/4.5 kBProgress (1): 4.5 kB                        Downloaded from central: https://repo.maven.apache.org/maven2/org/apache/apache/4/apache-4.pom (4.5 kB at 214 kB/s)
[4aa45452-98b2-4bff-a6cc-8c574ff1706f/build]   | Downloading from central: https://repo.maven.apache.org/maven2/org/apache/maven/surefire/surefire-booter/2.12.4/surefire-booter-2.12.4.pom
[4aa45452-98b2-4bff-a6cc-8c574ff1706f/build]   | Progress (1): 3.0 kB                    Downloaded from central: https://repo.maven.apache.org/maven2/org/apache/maven/surefire/surefire-booter/2.12.4/surefire-booter-2.12.4.pom (3.0 kB at 168 kB/s)
[4aa45452-98b2-4bff-a6cc-8c574ff1706f/build]   | Downloading from central: https://repo.maven.apache.org/maven2/org/apache/maven/surefire/surefire-api/2.12.4/surefire-api-2.12.4.pom
[4aa45452-98b2-4bff-a6cc-8c574ff1706f/build]   | Progress (1): 2.5 kB                    Downloaded from central: https://repo.maven.apache.org/maven2/org/apache/maven/surefire/surefire-api/2.12.4/surefire-api-2.12.4.pom (2.5 kB at 131 kB/s)
[4aa45452-98b2-4bff-a6cc-8c574ff1706f/build]   | Downloading from central: https://repo.maven.apache.org/maven2/org/apache/maven/surefire/maven-surefire-common/2.12.4/maven-surefire-common-2.12.4.pom
[4aa45452-98b2-4bff-a6cc-8c574ff1706f/build]   | Progress (1): 4.1/5.5 kBProgress (1): 5.5 kB                        Downloaded from central: https://repo.maven.apache.org/maven2/org/apache/maven/surefire/maven-surefire-common/2.12.4/maven-surefire-common-2.12.4.pom (5.5 kB at 178 kB/s)
[4aa45452-98b2-4bff-a6cc-8c574ff1706f/build]   | Downloading from central: https://repo.maven.apache.org/maven2/org/apache/maven/plugin-tools/maven-plugin-annotations/3.1/maven-plugin-annotations-3.1.pom
[4aa45452-98b2-4bff-a6cc-8c574ff1706f/build]   | Progress (1): 1.6 kB                    Downloaded from central: https://repo.maven.apache.org/maven2/org/apache/maven/plugin-tools/maven-plugin-annotations/3.1/maven-plugin-annotations-3.1.pom (1.6 kB at 52 kB/s)
[4aa45452-98b2-4bff-a6cc-8c574ff1706f/build]   | Downloading from central: https://repo.maven.apache.org/maven2/org/apache/maven/plugin-tools/maven-plugin-tools/3.1/maven-plugin-tools-3.1.pom
[4aa45452-98b2-4bff-a6cc-8c574ff1706f/build]   | Progress (1): 4.1/16 kBProgress (1): 8.2/16 kBProgress (1): 12/16 kB Progress (1): 16/16 kBProgress (1): 16 kB                      Downloaded from central: https://repo.maven.apache.org/maven2/org/apache/maven/plugin-tools/maven-plugin-tools/3.1/maven-plugin-tools-3.1.pom (16 kB at 437 kB/s)
[4aa45452-98b2-4bff-a6cc-8c574ff1706f/build]   | Downloading from central: https://repo.maven.apache.org/maven2/org/apache/maven/maven-artifact/2.0.9/maven-artifact-2.0.9.pom
[4aa45452-98b2-4bff-a6cc-8c574ff1706f/build]   | Progress (1): 1.6 kB                    Downloaded from central: https://repo.maven.apache.org/maven2/org/apache/maven/maven-artifact/2.0.9/maven-artifact-2.0.9.pom (1.6 kB at 40 kB/s)
[4aa45452-98b2-4bff-a6cc-8c574ff1706f/build]   | Downloading from central: https://repo.maven.apache.org/maven2/org/codehaus/plexus/plexus-utils/3.0.8/plexus-utils-3.0.8.pom
[4aa45452-98b2-4bff-a6cc-8c574ff1706f/build]   | Progress (1): 3.1 kB                    Downloaded from central: https://repo.maven.apache.org/maven2/org/codehaus/plexus/plexus-utils/3.0.8/plexus-utils-3.0.8.pom (3.1 kB at 112 kB/s)
[4aa45452-98b2-4bff-a6cc-8c574ff1706f/build]   | Downloading from central: https://repo.maven.apache.org/maven2/org/codehaus/plexus/plexus/3.2/plexus-3.2.pom
[4aa45452-98b2-4bff-a6cc-8c574ff1706f/build]   | Progress (1): 4.1/19 kBProgress (1): 8.2/19 kBProgress (1): 12/19 kB Progress (1): 16/19 kBProgress (1): 19 kB                      Downloaded from central: https://repo.maven.apache.org/maven2/org/codehaus/plexus/plexus/3.2/plexus-3.2.pom (19 kB at 694 kB/s)
[4aa45452-98b2-4bff-a6cc-8c574ff1706f/build]   | Downloading from central: https://repo.maven.apache.org/maven2/org/sonatype/spice/spice-parent/17/spice-parent-17.pom
[4aa45452-98b2-4bff-a6cc-8c574ff1706f/build]   | Progress (1): 4.1/6.8 kBProgress (1): 6.8 kB                        Downloaded from central: https://repo.maven.apache.org/maven2/org/sonatype/spice/spice-parent/17/spice-parent-17.pom (6.8 kB at 270 kB/s)
[4aa45452-98b2-4bff-a6cc-8c574ff1706f/build]   | Downloading from central: https://repo.maven.apache.org/maven2/org/sonatype/forge/forge-parent/10/forge-parent-10.pom
[4aa45452-98b2-4bff-a6cc-8c574ff1706f/build]   | Progress (1): 4.1/14 kBProgress (1): 8.2/14 kBProgress (1): 12/14 kB Progress (1): 14 kB                      Downloaded from central: https://repo.maven.apache.org/maven2/org/sonatype/forge/forge-parent/10/forge-parent-10.pom (14 kB at 387 kB/s)
[4aa45452-98b2-4bff-a6cc-8c574ff1706f/build]   | Downloading from central: https://repo.maven.apache.org/maven2/org/apache/maven/maven-project/2.0.9/maven-project-2.0.9.pom
[4aa45452-98b2-4bff-a6cc-8c574ff1706f/build]   | Progress (1): 2.7 kB                    Downloaded from central: https://repo.maven.apache.org/maven2/org/apache/maven/maven-project/2.0.9/maven-project-2.0.9.pom (2.7 kB at 85 kB/s)
[4aa45452-98b2-4bff-a6cc-8c574ff1706f/build]   | Downloading from central: https://repo.maven.apache.org/maven2/org/apache/maven/maven-settings/2.0.9/maven-settings-2.0.9.pom
[4aa45452-98b2-4bff-a6cc-8c574ff1706f/build]   | Progress (1): 2.1 kB                    Downloaded from central: https://repo.maven.apache.org/maven2/org/apache/maven/maven-settings/2.0.9/maven-settings-2.0.9.pom (2.1 kB at 76 kB/s)
[4aa45452-98b2-4bff-a6cc-8c574ff1706f/build]   | Downloading from central: https://repo.maven.apache.org/maven2/org/apache/maven/maven-model/2.0.9/maven-model-2.0.9.pom
[4aa45452-98b2-4bff-a6cc-8c574ff1706f/build]   | Progress (1): 3.1 kB                    Downloaded from central: https://repo.maven.apache.org/maven2/org/apache/maven/maven-model/2.0.9/maven-model-2.0.9.pom (3.1 kB at 185 kB/s)
[4aa45452-98b2-4bff-a6cc-8c574ff1706f/build]   | Downloading from central: https://repo.maven.apache.org/maven2/org/apache/maven/maven-profile/2.0.9/maven-profile-2.0.9.pom
[4aa45452-98b2-4bff-a6cc-8c574ff1706f/build]   | Progress (1): 2.0 kB                    Downloaded from central: https://repo.maven.apache.org/maven2/org/apache/maven/maven-profile/2.0.9/maven-profile-2.0.9.pom (2.0 kB at 66 kB/s)
[4aa45452-98b2-4bff-a6cc-8c574ff1706f/build]   | Downloading from central: https://repo.maven.apache.org/maven2/org/apache/maven/maven-artifact-manager/2.0.9/maven-artifact-manager-2.0.9.pom
[4aa45452-98b2-4bff-a6cc-8c574ff1706f/build]   | Progress (1): 2.7 kB                    Downloaded from central: https://repo.maven.apache.org/maven2/org/apache/maven/maven-artifact-manager/2.0.9/maven-artifact-manager-2.0.9.pom (2.7 kB at 123 kB/s)
[4aa45452-98b2-4bff-a6cc-8c574ff1706f/build]   | Downloading from central: https://repo.maven.apache.org/maven2/org/apache/maven/maven-repository-metadata/2.0.9/maven-repository-metadata-2.0.9.pom
[4aa45452-98b2-4bff-a6cc-8c574ff1706f/build]   | Progress (1): 1.9 kB                    Downloaded from central: https://repo.maven.apache.org/maven2/org/apache/maven/maven-repository-metadata/2.0.9/maven-repository-metadata-2.0.9.pom (1.9 kB at 53 kB/s)
[4aa45452-98b2-4bff-a6cc-8c574ff1706f/build]   | Downloading from central: https://repo.maven.apache.org/maven2/org/apache/maven/maven-plugin-registry/2.0.9/maven-plugin-registry-2.0.9.pom
[4aa45452-98b2-4bff-a6cc-8c574ff1706f/build]   | Progress (1): 2.0 kB                    Downloaded from central: https://repo.maven.apache.org/maven2/org/apache/maven/maven-plugin-registry/2.0.9/maven-plugin-registry-2.0.9.pom (2.0 kB at 104 kB/s)
[4aa45452-98b2-4bff-a6cc-8c574ff1706f/build]   | Downloading from central: https://repo.maven.apache.org/maven2/org/apache/maven/maven-core/2.0.9/maven-core-2.0.9.pom
[4aa45452-98b2-4bff-a6cc-8c574ff1706f/build]   | Progress (1): 4.1/7.8 kBProgress (1): 7.8 kB                        Downloaded from central: https://repo.maven.apache.org/maven2/org/apache/maven/maven-core/2.0.9/maven-core-2.0.9.pom (7.8 kB at 487 kB/s)
[4aa45452-98b2-4bff-a6cc-8c574ff1706f/build]   | Downloading from central: https://repo.maven.apache.org/maven2/org/apache/maven/maven-plugin-parameter-documenter/2.0.9/maven-plugin-parameter-documenter-2.0.9.pom
[4aa45452-98b2-4bff-a6cc-8c574ff1706f/build]   | Progress (1): 2.0 kB                    Downloaded from central: https://repo.maven.apache.org/maven2/org/apache/maven/maven-plugin-parameter-documenter/2.0.9/maven-plugin-parameter-documenter-2.0.9.pom (2.0 kB at 98 kB/s)
[4aa45452-98b2-4bff-a6cc-8c574ff1706f/build]   | Downloading from central: https://repo.maven.apache.org/maven2/org/apache/maven/reporting/maven-reporting-api/2.0.9/maven-reporting-api-2.0.9.pom
[4aa45452-98b2-4bff-a6cc-8c574ff1706f/build]   | Progress (1): 1.8 kB                    Downloaded from central: https://repo.maven.apache.org/maven2/org/apache/maven/reporting/maven-reporting-api/2.0.9/maven-reporting-api-2.0.9.pom (1.8 kB at 95 kB/s)
[4aa45452-98b2-4bff-a6cc-8c574ff1706f/build]   | Downloading from central: https://repo.maven.apache.org/maven2/org/apache/maven/reporting/maven-reporting/2.0.9/maven-reporting-2.0.9.pom
[4aa45452-98b2-4bff-a6cc-8c574ff1706f/build]   | Progress (1): 1.5 kB                    Downloaded from central: https://repo.maven.apache.org/maven2/org/apache/maven/reporting/maven-reporting/2.0.9/maven-reporting-2.0.9.pom (1.5 kB at 82 kB/s)
[4aa45452-98b2-4bff-a6cc-8c574ff1706f/build]   | Downloading from central: https://repo.maven.apache.org/maven2/org/apache/maven/maven-error-diagnostics/2.0.9/maven-error-diagnostics-2.0.9.pom
[4aa45452-98b2-4bff-a6cc-8c574ff1706f/build]   | Progress (1): 1.7 kB                    Downloaded from central: https://repo.maven.apache.org/maven2/org/apache/maven/maven-error-diagnostics/2.0.9/maven-error-diagnostics-2.0.9.pom (1.7 kB at 134 kB/s)
[4aa45452-98b2-4bff-a6cc-8c574ff1706f/build]   | Downloading from central: https://repo.maven.apache.org/maven2/org/apache/maven/maven-plugin-descriptor/2.0.9/maven-plugin-descriptor-2.0.9.pom
[4aa45452-98b2-4bff-a6cc-8c574ff1706f/build]   | Progress (1): 2.1 kB                    Downloaded from central: https://repo.maven.apache.org/maven2/org/apache/maven/maven-plugin-descriptor/2.0.9/maven-plugin-descriptor-2.0.9.pom (2.1 kB at 259 kB/s)
[4aa45452-98b2-4bff-a6cc-8c574ff1706f/build]   | Downloading from central: https://repo.maven.apache.org/maven2/org/apache/maven/maven-monitor/2.0.9/maven-monitor-2.0.9.pom
[4aa45452-98b2-4bff-a6cc-8c574ff1706f/build]   | Progress (1): 1.3 kB                    Downloaded from central: https://repo.maven.apache.org/maven2/org/apache/maven/maven-monitor/2.0.9/maven-monitor-2.0.9.pom (1.3 kB at 107 kB/s)
[4aa45452-98b2-4bff-a6cc-8c574ff1706f/build]   | Downloading from central: https://repo.maven.apache.org/maven2/org/apache/maven/maven-toolchain/2.0.9/maven-toolchain-2.0.9.pom
[4aa45452-98b2-4bff-a6cc-8c574ff1706f/build]   | Progress (1): 3.5 kB                    Downloaded from central: https://repo.maven.apache.org/maven2/org/apache/maven/maven-toolchain/2.0.9/maven-toolchain-2.0.9.pom (3.5 kB at 232 kB/s)
[4aa45452-98b2-4bff-a6cc-8c574ff1706f/build]   | Downloading from central: https://repo.maven.apache.org/maven2/org/apache/commons/commons-lang3/3.1/commons-lang3-3.1.pom
[4aa45452-98b2-4bff-a6cc-8c574ff1706f/build]   | Progress (1): 4.1/17 kBProgress (1): 8.2/17 kBProgress (1): 12/17 kB Progress (1): 16/17 kBProgress (1): 17 kB                      Downloaded from central: https://repo.maven.apache.org/maven2/org/apache/commons/commons-lang3/3.1/commons-lang3-3.1.pom (17 kB at 1.7 MB/s)
[4aa45452-98b2-4bff-a6cc-8c574ff1706f/build]   | Downloading from central: https://repo.maven.apache.org/maven2/org/apache/commons/commons-parent/22/commons-parent-22.pom
[4aa45452-98b2-4bff-a6cc-8c574ff1706f/build]   | Progress (1): 4.1/42 kBProgress (1): 8.2/42 kBProgress (1): 12/42 kB Progress (1): 16/42 kBProgress (1): 20/42 kBProgress (1): 25/42 kBProgress (1): 29/42 kBProgress (1): 33/42 kBProgress (1): 37/42 kBProgress (1): 41/42 kBProgress (1): 42 kB                      Downloaded from central: https://repo.maven.apache.org/maven2/org/apache/commons/commons-parent/22/commons-parent-22.pom (42 kB at 3.8 MB/s)
[4aa45452-98b2-4bff-a6cc-8c574ff1706f/build]   | Downloading from central: https://repo.maven.apache.org/maven2/org/apache/apache/9/apache-9.pom
[4aa45452-98b2-4bff-a6cc-8c574ff1706f/build]   | Progress (1): 4.1/15 kBProgress (1): 8.2/15 kBProgress (1): 12/15 kB Progress (1): 15 kB                      Downloaded from central: https://repo.maven.apache.org/maven2/org/apache/apache/9/apache-9.pom (15 kB at 1.7 MB/s)
[4aa45452-98b2-4bff-a6cc-8c574ff1706f/build]   | Downloading from central: https://repo.maven.apache.org/maven2/org/apache/maven/shared/maven-common-artifact-filters/1.3/maven-common-artifact-filters-1.3.pom
[4aa45452-98b2-4bff-a6cc-8c574ff1706f/build]   | Progress (1): 3.7 kB                    Downloaded from central: https://repo.maven.apache.org/maven2/org/apache/maven/shared/maven-common-artifact-filters/1.3/maven-common-artifact-filters-1.3.pom (3.7 kB at 370 kB/s)
[4aa45452-98b2-4bff-a6cc-8c574ff1706f/build]   | Downloading from central: https://repo.maven.apache.org/maven2/org/apache/maven/shared/maven-shared-components/12/maven-shared-components-12.pom
[4aa45452-98b2-4bff-a6cc-8c574ff1706f/build]   | Progress (1): 4.1/9.3 kBProgress (1): 8.2/9.3 kBProgress (1): 9.3 kB                        Downloaded from central: https://repo.maven.apache.org/maven2/org/apache/maven/shared/maven-shared-components/12/maven-shared-components-12.pom (9.3 kB at 667 kB/s)
[4aa45452-98b2-4bff-a6cc-8c574ff1706f/build]   | Downloading from central: https://repo.maven.apache.org/maven2/org/apache/maven/maven-parent/13/maven-parent-13.pom
[4aa45452-98b2-4bff-a6cc-8c574ff1706f/build]   | Progress (1): 4.1/23 kBProgress (1): 8.2/23 kBProgress (1): 12/23 kB Progress (1): 16/23 kBProgress (1): 20/23 kBProgress (1): 23 kB                      Downloaded from central: https://repo.maven.apache.org/maven2/org/apache/maven/maven-parent/13/maven-parent-13.pom (23 kB at 647 kB/s)
[4aa45452-98b2-4bff-a6cc-8c574ff1706f/build]   | Downloading from central: https://repo.maven.apache.org/maven2/org/apache/apache/6/apache-6.pom
[4aa45452-98b2-4bff-a6cc-8c574ff1706f/build]   | Progress (1): 4.1/13 kBProgress (1): 8.2/13 kBProgress (1): 12/13 kB Progress (1): 13 kB                      Downloaded from central: https://repo.maven.apache.org/maven2/org/apache/apache/6/apache-6.pom (13 kB at 1.3 MB/s)
[4aa45452-98b2-4bff-a6cc-8c574ff1706f/build]   | Downloading from central: https://repo.maven.apache.org/maven2/org/codehaus/plexus/plexus-container-default/1.0-alpha-9/plexus-container-default-1.0-alpha-9.pom
[4aa45452-98b2-4bff-a6cc-8c574ff1706f/build]   | Progress (1): 1.2 kB                    Downloaded from central: https://repo.maven.apache.org/maven2/org/codehaus/plexus/plexus-container-default/1.0-alpha-9/plexus-container-default-1.0-alpha-9.pom (1.2 kB at 112 kB/s)
[4aa45452-98b2-4bff-a6cc-8c574ff1706f/build]   | Downloading from central: https://repo.maven.apache.org/maven2/org/apache/maven/maven-plugin-api/2.0.9/maven-plugin-api-2.0.9.jar
[4aa45452-98b2-4bff-a6cc-8c574ff1706f/build]   | Downloading from central: https://repo.maven.apache.org/maven2/org/apache/maven/surefire/surefire-booter/2.12.4/surefire-booter-2.12.4.jar
[4aa45452-98b2-4bff-a6cc-8c574ff1706f/build]   | Progress (1): 4.1/35 kBProgress (1): 8.2/35 kBProgress (1): 12/35 kB Progress (1): 16/35 kBProgress (1): 20/35 kBProgress (1): 25/35 kBProgress (1): 29/35 kBProgress (1): 33/35 kBProgress (1): 35 kB                      Downloading from central: https://repo.maven.apache.org/maven2/org/apache/maven/surefire/maven-surefire-common/2.12.4/maven-surefire-common-2.12.4.jar
[4aa45452-98b2-4bff-a6cc-8c574ff1706f/build]   | Downloading from central: https://repo.maven.apache.org/maven2/org/apache/commons/commons-lang3/3.1/commons-lang3-3.1.jar
[4aa45452-98b2-4bff-a6cc-8c574ff1706f/build]   | Downloading from central: https://repo.maven.apache.org/maven2/org/apache/maven/surefire/surefire-api/2.12.4/surefire-api-2.12.4.jar
[4aa45452-98b2-4bff-a6cc-8c574ff1706f/build]   | Progress (2): 35 kB | 4.1/13 kBProgress (2): 35 kB | 8.2/13 kBProgress (2): 35 kB | 12/13 kB Progress (2): 35 kB | 13 kB   Progress (3): 35 kB | 13 kB | 4.1/118 kB                                        Downloaded from central: https://repo.maven.apache.org/maven2/org/apache/maven/surefire/surefire-booter/2.12.4/surefire-booter-2.12.4.jar (35 kB at 1.4 MB/s)
[4aa45452-98b2-4bff-a6cc-8c574ff1706f/build]   | Progress (2): 13 kB | 8.2/118 kBProgress (2): 13 kB | 12/118 kB Progress (2): 13 kB | 16/118 kBProgress (2): 13 kB | 20/118 kBProgress (2): 13 kB | 25/118 kBProgress (2): 13 kB | 29/118 kBProgress (2): 13 kB | 33/118 kB                               Downloading from central: https://repo.maven.apache.org/maven2/org/apache/maven/shared/maven-common-artifact-filters/1.3/maven-common-artifact-filters-1.3.jar
[4aa45452-98b2-4bff-a6cc-8c574ff1706f/build]   | Progress (2): 13 kB | 37/118 kBProgress (3): 13 kB | 37/118 kB | 4.1/316 kBProgress (3): 13 kB | 41/118 kB | 4.1/316 kBProgress (3): 13 kB | 45/118 kB | 4.1/316 kBProgress (3): 13 kB | 45/118 kB | 8.2/316 kBProgress (3): 13 kB | 49/118 kB | 8.2/316 kBProgress (3): 13 kB | 49/118 kB | 12/316 kB Progress (3): 13 kB | 49/118 kB | 16/316 kBProgress (3): 13 kB | 53/118 kB | 16/316 kBProgress (3): 13 kB | 57/118 kB | 16/316 kBProgress (3): 13 kB | 61/118 kB | 16/316 kBProgress (3): 13 kB | 66/118 kB | 16/316 kBProgress (3): 13 kB | 70/118 kB | 16/316 kBProgress (3): 13 kB | 74/118 kB | 16/316 kBProgress (3): 13 kB | 78/118 kB | 16/316 kBProgress (3): 13 kB | 82/118 kB | 16/316 kB                                           Downloaded from central: https://repo.maven.apache.org/maven2/org/apache/maven/maven-plugin-api/2.0.9/maven-plugin-api-2.0.9.jar (13 kB at 391 kB/s)
[4aa45452-98b2-4bff-a6cc-8c574ff1706f/build]   | Progress (2): 82/118 kB | 20/316 kBProgress (2): 82/118 kB | 25/316 kBProgress (2): 82/118 kB | 29/316 kBProgress (2): 82/118 kB | 33/316 kBProgress (2): 86/118 kB | 33/316 kBProgress (2): 90/118 kB | 33/316 kBProgress (2): 94/118 kB | 33/316 kBProgress (2): 98/118 kB | 33/316 kB                                   Downloading from central: https://repo.maven.apache.org/maven2/org/codehaus/plexus/plexus-utils/3.0.8/plexus-utils-3.0.8.jar
[4aa45452-98b2-4bff-a6cc-8c574ff1706f/build]   | Progress (2): 102/118 kB | 33/316 kBProgress (2): 106/118 kB | 33/316 kBProgress (2): 111/118 kB | 33/316 kBProgress (2): 115/118 kB | 33/316 kBProgress (2): 118 kB | 33/316 kB    Progress (2): 118 kB | 37/316 kBProgress (2): 118 kB | 41/316 kBProgress (2): 118 kB | 45/316 kBProgress (2): 118 kB | 49/316 kBProgress (2): 118 kB | 53/316 kBProgress (2): 118 kB | 57/316 kBProgress (2): 118 kB | 61/316 kBProgress (2): 118 kB | 66/316 kBProgress (3): 118 kB | 66/316 kB | 4.1/31 kBProgress (3): 118 kB | 70/316 kB | 4.1/31 kBProgress (3): 118 kB | 70/316 kB | 8.2/31 kBProgress (3): 118 kB | 70/316 kB | 12/31 kB Progress (3): 118 kB | 70/316 kB | 16/31 kBProgress (3): 118 kB | 70/316 kB | 20/31 kBProgress (3): 118 kB | 70/316 kB | 24/31 kBProgress (3): 118 kB | 70/316 kB | 28/31 kBProgress (3): 118 kB | 70/316 kB | 31 kB   Progress (3): 118 kB | 74/316 kB | 31 kBProgress (3): 118 kB | 78/316 kB | 31 kBProgress (3): 118 kB | 82/316 kB | 31 kBProgress (3): 118 kB | 86/316 kB | 31 kBProgress (3): 118 kB | 90/316 kB | 31 kBProgress (3): 118 kB | 94/316 kB | 31 kBProgress (3): 118 kB | 98/316 kB | 31 kB                                        Downloaded from central: https://repo.maven.apache.org/maven2/org/apache/maven/surefire/surefire-api/2.12.4/surefire-api-2.12.4.jar (118 kB at 3.6 MB/s)
[4aa45452-98b2-4bff-a6cc-8c574ff1706f/build]   | Downloading from central: https://repo.maven.apache.org/maven2/org/apache/maven/maven-artifact/2.0.9/maven-artifact-2.0.9.jar
[4aa45452-98b2-4bff-a6cc-8c574ff1706f/build]   | Progress (3): 98/316 kB | 31 kB | 4.1/263 kBProgress (3): 98/316 kB | 31 kB | 8.2/263 kBProgress (3): 98/316 kB | 31 kB | 12/263 kB Progress (3): 98/316 kB | 31 kB | 16/263 kBProgress (3): 98/316 kB | 31 kB | 20/263 kBProgress (3): 98/316 kB | 31 kB | 25/263 kBProgress (3): 98/316 kB | 31 kB | 29/263 kBProgress (3): 98/316 kB | 31 kB | 33/263 kBProgress (3): 98/316 kB | 31 kB | 37/263 kBProgress (3): 98/316 kB | 31 kB | 41/263 kBProgress (3): 98/316 kB | 31 kB | 45/263 kBProgress (3): 98/316 kB | 31 kB | 49/263 kBProgress (3): 102/316 kB | 31 kB | 49/263 kBProgress (3): 106/316 kB | 31 kB | 49/263 kBProgress (3): 111/316 kB | 31 kB | 49/263 kBProgress (3): 111/316 kB | 31 kB | 53/263 kBProgress (3): 115/316 kB | 31 kB | 53/263 kBProgress (3): 115/316 kB | 31 kB | 57/263 kBProgress (3): 115/316 kB | 31 kB | 61/263 kBProgress (3): 115/316 kB | 31 kB | 66/263 kBProgress (3): 119/316 kB | 31 kB | 66/263 kBProgress (3): 123/316 kB | 31 kB | 66/263 kBProgress (3): 127/316 kB | 31 kB | 66/263 kBProgress (3): 127/316 kB | 31 kB | 70/263 kBProgress (3): 127/316 kB | 31 kB | 74/263 kBProgress (3): 127/316 kB | 31 kB | 78/263 kBProgress (3): 127/316 kB | 31 kB | 82/263 kBProgress (4): 127/316 kB | 31 kB | 82/263 kB | 4.1/232 kBProgress (4): 127/316 kB | 31 kB | 82/263 kB | 8.2/232 kBProgress (4): 127/316 kB | 31 kB | 82/263 kB | 12/232 kB Progress (4): 127/316 kB | 31 kB | 82/263 kB | 16/232 kBProgress (4): 127/316 kB | 31 kB | 82/263 kB | 20/232 kBProgress (4): 127/316 kB | 31 kB | 82/263 kB | 25/232 kBProgress (4): 127/316 kB | 31 kB | 82/263 kB | 29/232 kBProgress (4): 127/316 kB | 31 kB | 82/263 kB | 33/232 kBProgress (4): 127/316 kB | 31 kB | 82/263 kB | 37/232 kBProgress (4): 127/316 kB | 31 kB | 82/263 kB | 41/232 kBProgress (4): 127/316 kB | 31 kB | 82/263 kB | 45/232 kBProgress (4): 127/316 kB | 31 kB | 82/263 kB | 49/232 kBProgress (4): 127/316 kB | 31 kB | 82/263 kB | 53/232 kBProgress (4): 127/316 kB | 31 kB | 82/263 kB | 57/232 kBProgress (4): 127/316 kB | 31 kB | 82/263 kB | 61/232 kBProgress (4): 127/316 kB | 31 kB | 82/263 kB | 66/232 kBProgress (4): 127/316 kB | 31 kB | 82/263 kB | 70/232 kBProgress (4): 127/316 kB | 31 kB | 82/263 kB | 74/232 kBProgress (4): 127/316 kB | 31 kB | 82/263 kB | 78/232 kBProgress (4): 127/316 kB | 31 kB | 82/263 kB | 82/232 kBProgress (4): 127/316 kB | 31 kB | 82/263 kB | 86/232 kBProgress (4): 127/316 kB | 31 kB | 82/263 kB | 90/232 kBProgress (4): 127/316 kB | 31 kB | 82/263 kB | 94/232 kBProgress (4): 127/316 kB | 31 kB | 82/263 kB | 98/232 kBProgress (4): 127/316 kB | 31 kB | 82/263 kB | 102/232 kBProgress (4): 127/316 kB | 31 kB | 82/263 kB | 106/232 kBProgress (4): 127/316 kB | 31 kB | 82/263 kB | 111/232 kBProgress (5): 127/316 kB | 31 kB | 82/263 kB | 111/232 kB | 4.1/89 kBProgress (5): 127/316 kB | 31 kB | 82/263 kB | 115/232 kB | 4.1/89 kBProgress (5): 127/316 kB | 31 kB | 82/263 kB | 119/232 kB | 4.1/89 kB                                                                     Downloaded from central: https://repo.maven.apache.org/maven2/org/apache/maven/shared/maven-common-artifact-filters/1.3/maven-common-artifact-filters-1.3.jar (31 kB at 341 kB/s)
[4aa45452-98b2-4bff-a6cc-8c574ff1706f/build]   | Progress (4): 127/316 kB | 82/263 kB | 123/232 kB | 4.1/89 kBProgress (4): 127/316 kB | 82/263 kB | 123/232 kB | 8.2/89 kBProgress (4): 127/316 kB | 82/263 kB | 123/232 kB | 12/89 kB Progress (4): 127/316 kB | 82/263 kB | 123/232 kB | 16/89 kBProgress (4): 127/316 kB | 82/263 kB | 123/232 kB | 20/89 kBProgress (4): 127/316 kB | 82/263 kB | 123/232 kB | 25/89 kBProgress (4): 127/316 kB | 82/263 kB | 123/232 kB | 29/89 kBProgress (4): 127/316 kB | 82/263 kB | 123/232 kB | 33/89 kBProgress (4): 127/316 kB | 82/263 kB | 123/232 kB | 37/89 kBProgress (4): 127/316 kB | 82/263 kB | 123/232 kB | 41/89 kBProgress (4): 127/316 kB | 82/263 kB | 123/232 kB | 45/89 kBProgress (4): 127/316 kB | 82/263 kB | 123/232 kB | 49/89 kBProgress (4): 127/316 kB | 82/263 kB | 123/232 kB | 53/89 kBProgress (4): 127/316 kB | 82/263 kB | 123/232 kB | 57/89 kBProgress (4): 127/316 kB | 82/263 kB | 123/232 kB | 61/89 kBProgress (4): 127/316 kB | 86/263 kB | 123/232 kB | 61/89 kBProgress (4): 127/316 kB | 90/263 kB | 123/232 kB | 61/89 kBProgress (4): 127/316 kB | 94/263 kB | 123/232 kB | 61/89 kBProgress (4): 127/316 kB | 98/263 kB | 123/232 kB | 61/89 kBProgress (4): 127/316 kB | 102/263 kB | 123/232 kB | 61/89 kBProgress (4): 127/316 kB | 106/263 kB | 123/232 kB | 61/89 kBProgress (4): 127/316 kB | 111/263 kB | 123/232 kB | 61/89 kBProgress (4): 127/316 kB | 115/263 kB | 123/232 kB | 61/89 kBProgress (4): 127/316 kB | 119/263 kB | 123/232 kB | 61/89 kBProgress (4): 127/316 kB | 123/263 kB | 123/232 kB | 61/89 kBProgress (4): 127/316 kB | 127/263 kB | 123/232 kB | 61/89 kBProgress (4): 127/316 kB | 131/263 kB | 123/232 kB | 61/89 kBProgress (4): 127/316 kB | 135/263 kB | 123/232 kB | 61/89 kBProgress (4): 127/316 kB | 139/263 kB | 123/232 kB | 61/89 kBProgress (4): 127/316 kB | 143/263 kB | 123/232 kB | 61/89 kBProgress (4): 127/316 kB | 147/263 kB | 123/232 kB | 61/89 kBProgress (4): 127/316 kB | 152/263 kB | 123/232 kB | 61/89 kBProgress (4): 127/316 kB | 156/263 kB | 123/232 kB | 61/89 kBProgress (4): 127/316 kB | 160/263 kB | 123/232 kB | 61/89 kBProgress (4): 127/316 kB | 164/263 kB | 123/232 kB | 61/89 kBProgress (4): 127/316 kB | 168/263 kB | 123/232 kB | 61/89 kBProgress (4): 127/316 kB | 172/263 kB | 123/232 kB | 61/89 kBProgress (4): 127/316 kB | 176/263 kB | 123/232 kB | 61/89 kBProgress (4): 127/316 kB | 180/263 kB | 123/232 kB | 61/89 kBProgress (4): 127/316 kB | 184/263 kB | 123/232 kB | 61/89 kBProgress (4): 127/316 kB | 188/263 kB | 123/232 kB | 61/89 kBProgress (4): 127/316 kB | 193/263 kB | 123/232 kB | 61/89 kBProgress (4): 127/316 kB | 197/263 kB | 123/232 kB | 61/89 kBProgress (4): 127/316 kB | 201/263 kB | 123/232 kB | 61/89 kBProgress (4): 127/316 kB | 205/263 kB | 123/232 kB | 61/89 kBProgress (4): 127/316 kB | 209/263 kB | 123/232 kB | 61/89 kBProgress (4): 127/316 kB | 213/263 kB | 123/232 kB | 61/89 kBProgress (4): 127/316 kB | 217/263 kB | 123/232 kB | 61/89 kBProgress (4): 127/316 kB | 221/263 kB | 123/232 kB | 61/89 kBProgress (4): 127/316 kB | 225/263 kB | 123/232 kB | 61/89 kBProgress (4): 127/316 kB | 229/263 kB | 123/232 kB | 61/89 kBProgress (4): 127/316 kB | 233/263 kB | 123/232 kB | 61/89 kBProgress (4): 127/316 kB | 238/263 kB | 123/232 kB | 61/89 kBProgress (4): 127/316 kB | 242/263 kB | 123/232 kB | 61/89 kBProgress (4): 127/316 kB | 246/263 kB | 123/232 kB | 61/89 kBProgress (4): 127/316 kB | 250/263 kB | 123/232 kB | 61/89 kBProgress (4): 127/316 kB | 254/263 kB | 123/232 kB | 61/89 kBProgress (4): 127/316 kB | 258/263 kB | 123/232 kB | 61/89 kBProgress (4): 127/316 kB | 262/263 kB | 123/232 kB | 61/89 kBProgress (4): 127/316 kB | 263 kB | 123/232 kB | 61/89 kB    Progress (4): 131/316 kB | 263 kB | 123/232 kB | 61/89 kBProgress (4): 131/316 kB | 263 kB | 123/232 kB | 66/89 kB                                                         Downloading from central: https://repo.maven.apache.org/maven2/org/apache/maven/maven-project/2.0.9/maven-project-2.0.9.jar
[4aa45452-98b2-4bff-a6cc-8c574ff1706f/build]   | Progress (4): 135/316 kB | 263 kB | 123/232 kB | 66/89 kBProgress (4): 139/316 kB | 263 kB | 123/232 kB | 66/89 kBProgress (4): 143/316 kB | 263 kB | 123/232 kB | 66/89 kBProgress (4): 147/316 kB | 263 kB | 123/232 kB | 66/89 kBProgress (4): 147/316 kB | 263 kB | 123/232 kB | 70/89 kBProgress (4): 147/316 kB | 263 kB | 123/232 kB | 74/89 kBProgress (4): 147/316 kB | 263 kB | 123/232 kB | 78/89 kBProgress (4): 147/316 kB | 263 kB | 123/232 kB | 82/89 kBProgress (4): 147/316 kB | 263 kB | 123/232 kB | 86/89 kBProgress (4): 147/316 kB | 263 kB | 123/232 kB | 89 kB   Progress (4): 152/316 kB | 263 kB | 123/232 kB | 89 kBProgress (4): 156/316 kB | 263 kB | 123/232 kB | 89 kBProgress (4): 160/316 kB | 263 kB | 123/232 kB | 89 kBProgress (4): 164/316 kB | 263 kB | 123/232 kB | 89 kBProgress (4): 168/316 kB | 263 kB | 123/232 kB | 89 kBProgress (4): 172/316 kB | 263 kB | 123/232 kB | 89 kBProgress (4): 176/316 kB | 263 kB | 123/232 kB | 89 kBProgress (4): 180/316 kB | 263 kB | 123/232 kB | 89 kBProgress (4): 184/316 kB | 263 kB | 123/232 kB | 89 kBProgress (4): 188/316 kB | 263 kB | 123/232 kB | 89 kBProgress (4): 193/316 kB | 263 kB | 123/232 kB | 89 kBProgress (4): 197/316 kB | 263 kB | 123/232 kB | 89 kBProgress (4): 201/316 kB | 263 kB | 123/232 kB | 89 kBProgress (4): 205/316 kB | 263 kB | 123/232 kB | 89 kBProgress (4): 209/316 kB | 263 kB | 123/232 kB | 89 kBProgress (4): 213/316 kB | 263 kB | 123/232 kB | 89 kBProgress (4): 217/316 kB | 263 kB | 123/232 kB | 89 kBProgress (4): 221/316 kB | 263 kB | 123/232 kB | 89 kBProgress (4): 225/316 kB | 263 kB | 123/232 kB | 89 kBProgress (4): 229/316 kB | 263 kB | 123/232 kB | 89 kBProgress (4): 233/316 kB | 263 kB | 123/232 kB | 89 kBProgress (4): 238/316 kB | 263 kB | 123/232 kB | 89 kBProgress (4): 242/316 kB | 263 kB | 123/232 kB | 89 kBProgress (4): 246/316 kB | 263 kB | 123/232 kB | 89 kBProgress (4): 250/316 kB | 263 kB | 123/232 kB | 89 kBProgress (4): 254/316 kB | 263 kB | 123/232 kB | 89 kBProgress (4): 258/316 kB | 263 kB | 123/232 kB | 89 kBProgress (4): 262/316 kB | 263 kB | 123/232 kB | 89 kBProgress (4): 266/316 kB | 263 kB | 123/232 kB | 89 kBProgress (4): 270/316 kB | 263 kB | 123/232 kB | 89 kBProgress (4): 274/316 kB | 263 kB | 123/232 kB | 89 kBProgress (4): 279/316 kB | 263 kB | 123/232 kB | 89 kBProgress (4): 283/316 kB | 263 kB | 123/232 kB | 89 kBProgress (4): 287/316 kB | 263 kB | 123/232 kB | 89 kBProgress (4): 291/316 kB | 263 kB | 123/232 kB | 89 kBProgress (5): 291/316 kB | 263 kB | 123/232 kB | 89 kB | 4.1/122 kBProgress (5): 291/316 kB | 263 kB | 127/232 kB | 89 kB | 4.1/122 kBProgress (5): 291/316 kB | 263 kB | 131/232 kB | 89 kB | 4.1/122 kBProgress (5): 291/316 kB | 263 kB | 131/232 kB | 89 kB | 8.2/122 kBProgress (5): 291/316 kB | 263 kB | 131/232 kB | 89 kB | 12/122 kB Progress (5): 291/316 kB | 263 kB | 131/232 kB | 89 kB | 16/122 kBProgress (5): 291/316 kB | 263 kB | 135/232 kB | 89 kB | 16/122 kBProgress (5): 291/316 kB | 263 kB | 139/232 kB | 89 kB | 16/122 kBProgress (5): 291/316 kB | 263 kB | 143/232 kB | 89 kB | 16/122 kBProgress (5): 291/316 kB | 263 kB | 147/232 kB | 89 kB | 16/122 kBProgress (5): 291/316 kB | 263 kB | 152/232 kB | 89 kB | 16/122 kBProgress (5): 291/316 kB | 263 kB | 156/232 kB | 89 kB | 16/122 kB                                                                  Downloaded from central: https://repo.maven.apache.org/maven2/org/apache/maven/maven-artifact/2.0.9/maven-artifact-2.0.9.jar (89 kB at 787 kB/s)
[4aa45452-98b2-4bff-a6cc-8c574ff1706f/build]   | Progress (4): 295/316 kB | 263 kB | 156/232 kB | 16/122 kB                                                          Downloading from central: https://repo.maven.apache.org/maven2/org/apache/maven/maven-settings/2.0.9/maven-settings-2.0.9.jar
[4aa45452-98b2-4bff-a6cc-8c574ff1706f/build]   | Progress (4): 295/316 kB | 263 kB | 160/232 kB | 16/122 kBProgress (4): 295/316 kB | 263 kB | 164/232 kB | 16/122 kBProgress (4): 295/316 kB | 263 kB | 168/232 kB | 16/122 kBProgress (4): 295/316 kB | 263 kB | 172/232 kB | 16/122 kBProgress (4): 295/316 kB | 263 kB | 176/232 kB | 16/122 kBProgress (4): 295/316 kB | 263 kB | 180/232 kB | 16/122 kBProgress (4): 295/316 kB | 263 kB | 184/232 kB | 16/122 kBProgress (4): 295/316 kB | 263 kB | 188/232 kB | 16/122 kBProgress (4): 295/316 kB | 263 kB | 193/232 kB | 16/122 kBProgress (4): 295/316 kB | 263 kB | 197/232 kB | 16/122 kBProgress (4): 295/316 kB | 263 kB | 201/232 kB | 16/122 kBProgress (4): 295/316 kB | 263 kB | 205/232 kB | 16/122 kBProgress (4): 295/316 kB | 263 kB | 209/232 kB | 16/122 kBProgress (4): 295/316 kB | 263 kB | 213/232 kB | 16/122 kBProgress (4): 295/316 kB | 263 kB | 217/232 kB | 16/122 kBProgress (4): 295/316 kB | 263 kB | 221/232 kB | 16/122 kBProgress (4): 295/316 kB | 263 kB | 225/232 kB | 16/122 kBProgress (4): 295/316 kB | 263 kB | 229/232 kB | 16/122 kBProgress (4): 295/316 kB | 263 kB | 232 kB | 16/122 kB    Progress (4): 295/316 kB | 263 kB | 232 kB | 20/122 kBProgress (4): 295/316 kB | 263 kB | 232 kB | 24/122 kBProgress (4): 295/316 kB | 263 kB | 232 kB | 28/122 kBProgress (4): 295/316 kB | 263 kB | 232 kB | 32/122 kBProgress (4): 295/316 kB | 263 kB | 232 kB | 36/122 kBProgress (4): 295/316 kB | 263 kB | 232 kB | 40/122 kBProgress (4): 295/316 kB | 263 kB | 232 kB | 44/122 kBProgress (4): 295/316 kB | 263 kB | 232 kB | 49/122 kBProgress (4): 295/316 kB | 263 kB | 232 kB | 53/122 kBProgress (5): 295/316 kB | 263 kB | 232 kB | 53/122 kB | 4.1/49 kBProgress (5): 295/316 kB | 263 kB | 232 kB | 53/122 kB | 8.2/49 kBProgress (5): 295/316 kB | 263 kB | 232 kB | 53/122 kB | 12/49 kB Progress (5): 295/316 kB | 263 kB | 232 kB | 53/122 kB | 16/49 kBProgress (5): 295/316 kB | 263 kB | 232 kB | 53/122 kB | 20/49 kBProgress (5): 295/316 kB | 263 kB | 232 kB | 53/122 kB | 25/49 kBProgress (5): 295/316 kB | 263 kB | 232 kB | 53/122 kB | 29/49 kBProgress (5): 295/316 kB | 263 kB | 232 kB | 53/122 kB | 33/49 kBProgress (5): 299/316 kB | 263 kB | 232 kB | 53/122 kB | 33/49 kBProgress (5): 303/316 kB | 263 kB | 232 kB | 53/122 kB | 33/49 kBProgress (5): 307/316 kB | 263 kB | 232 kB | 53/122 kB | 33/49 kBProgress (5): 311/316 kB | 263 kB | 232 kB | 53/122 kB | 33/49 kBProgress (5): 315/316 kB | 263 kB | 232 kB | 53/122 kB | 33/49 kBProgress (5): 316 kB | 263 kB | 232 kB | 53/122 kB | 33/49 kB                                                                 Downloaded from central: https://repo.maven.apache.org/maven2/org/codehaus/plexus/plexus-utils/3.0.8/plexus-utils-3.0.8.jar (232 kB at 1.9 MB/s)
[4aa45452-98b2-4bff-a6cc-8c574ff1706f/build]   | Downloading from central: https://repo.maven.apache.org/maven2/org/apache/maven/maven-profile/2.0.9/maven-profile-2.0.9.jar
[4aa45452-98b2-4bff-a6cc-8c574ff1706f/build]   | Downloaded from central: https://repo.maven.apache.org/maven2/org/apache/maven/surefire/maven-surefire-common/2.12.4/maven-surefire-common-2.12.4.jar (263 kB at 2.0 MB/s)
[4aa45452-98b2-4bff-a6cc-8c574ff1706f/build]   | Downloading from central: https://repo.maven.apache.org/maven2/org/apache/maven/maven-model/2.0.9/maven-model-2.0.9.jar
[4aa45452-98b2-4bff-a6cc-8c574ff1706f/build]   | Progress (3): 316 kB | 53/122 kB | 37/49 kBProgress (3): 316 kB | 53/122 kB | 41/49 kBProgress (3): 316 kB | 53/122 kB | 45/49 kBProgress (3): 316 kB | 53/122 kB | 49 kB   Progress (3): 316 kB | 57/122 kB | 49 kBProgress (3): 316 kB | 61/122 kB | 49 kBProgress (3): 316 kB | 65/122 kB | 49 kBProgress (3): 316 kB | 69/122 kB | 49 kBProgress (3): 316 kB | 73/122 kB | 49 kBProgress (3): 316 kB | 77/122 kB | 49 kBProgress (3): 316 kB | 81/122 kB | 49 kBProgress (3): 316 kB | 85/122 kB | 49 kBProgress (3): 316 kB | 90/122 kB | 49 kBProgress (3): 316 kB | 94/122 kB | 49 kBProgress (3): 316 kB | 98/122 kB | 49 kBProgress (3): 316 kB | 102/122 kB | 49 kBProgress (3): 316 kB | 106/122 kB | 49 kBProgress (3): 316 kB | 110/122 kB | 49 kBProgress (3): 316 kB | 114/122 kB | 49 kBProgress (3): 316 kB | 118/122 kB | 49 kBProgress (3): 316 kB | 122 kB | 49 kB    Progress (4): 316 kB | 122 kB | 49 kB | 4.1/87 kBProgress (4): 316 kB | 122 kB | 49 kB | 8.2/87 kBProgress (4): 316 kB | 122 kB | 49 kB | 12/87 kB Progress (4): 316 kB | 122 kB | 49 kB | 16/87 kBProgress (4): 316 kB | 122 kB | 49 kB | 20/87 kBProgress (4): 316 kB | 122 kB | 49 kB | 24/87 kBProgress (4): 316 kB | 122 kB | 49 kB | 28/87 kBProgress (4): 316 kB | 122 kB | 49 kB | 32/87 kBProgress (4): 316 kB | 122 kB | 49 kB | 36/87 kBProgress (4): 316 kB | 122 kB | 49 kB | 40/87 kBProgress (4): 316 kB | 122 kB | 49 kB | 44/87 kBProgress (4): 316 kB | 122 kB | 49 kB | 49/87 kBProgress (4): 316 kB | 122 kB | 49 kB | 53/87 kBProgress (4): 316 kB | 122 kB | 49 kB | 57/87 kBProgress (4): 316 kB | 122 kB | 49 kB | 61/87 kBProgress (4): 316 kB | 122 kB | 49 kB | 65/87 kBProgress (4): 316 kB | 122 kB | 49 kB | 69/87 kBProgress (4): 316 kB | 122 kB | 49 kB | 73/87 kBProgress (4): 316 kB | 122 kB | 49 kB | 77/87 kBProgress (4): 316 kB | 122 kB | 49 kB | 81/87 kBProgress (4): 316 kB | 122 kB | 49 kB | 85/87 kBProgress (4): 316 kB | 122 kB | 49 kB | 87 kB                                                Downloaded from central: https://repo.maven.apache.org/maven2/org/apache/maven/maven-settings/2.0.9/maven-settings-2.0.9.jar (49 kB at 361 kB/s)
[4aa45452-98b2-4bff-a6cc-8c574ff1706f/build]   | Downloading from central: https://repo.maven.apache.org/maven2/org/apache/maven/maven-artifact-manager/2.0.9/maven-artifact-manager-2.0.9.jar
[4aa45452-98b2-4bff-a6cc-8c574ff1706f/build]   | Downloaded from central: https://repo.maven.apache.org/maven2/org/apache/commons/commons-lang3/3.1/commons-lang3-3.1.jar (316 kB at 2.3 MB/s)
[4aa45452-98b2-4bff-a6cc-8c574ff1706f/build]   | Downloading from central: https://repo.maven.apache.org/maven2/org/apache/maven/maven-plugin-registry/2.0.9/maven-plugin-registry-2.0.9.jar
[4aa45452-98b2-4bff-a6cc-8c574ff1706f/build]   | Progress (3): 122 kB | 87 kB | 4.1/35 kBProgress (3): 122 kB | 87 kB | 8.2/35 kBProgress (3): 122 kB | 87 kB | 12/35 kB Progress (3): 122 kB | 87 kB | 16/35 kBProgress (3): 122 kB | 87 kB | 20/35 kBProgress (3): 122 kB | 87 kB | 25/35 kBProgress (3): 122 kB | 87 kB | 29/35 kBProgress (3): 122 kB | 87 kB | 33/35 kBProgress (3): 122 kB | 87 kB | 35 kB   Progress (4): 122 kB | 87 kB | 35 kB | 4.1/29 kBProgress (4): 122 kB | 87 kB | 35 kB | 8.2/29 kBProgress (4): 122 kB | 87 kB | 35 kB | 12/29 kB Progress (4): 122 kB | 87 kB | 35 kB | 16/29 kBProgress (4): 122 kB | 87 kB | 35 kB | 20/29 kBProgress (4): 122 kB | 87 kB | 35 kB | 25/29 kBProgress (4): 122 kB | 87 kB | 35 kB | 29/29 kBProgress (4): 122 kB | 87 kB | 35 kB | 29 kB                                               Downloaded from central: https://repo.maven.apache.org/maven2/org/apache/maven/maven-project/2.0.9/maven-project-2.0.9.jar (122 kB at 846 kB/s)
[4aa45452-98b2-4bff-a6cc-8c574ff1706f/build]   | Downloading from central: https://repo.maven.apache.org/maven2/org/apache/maven/maven-core/2.0.9/maven-core-2.0.9.jar
[4aa45452-98b2-4bff-a6cc-8c574ff1706f/build]   | Progress (4): 87 kB | 35 kB | 29 kB | 4.1/58 kBProgress (4): 87 kB | 35 kB | 29 kB | 8.2/58 kBProgress (4): 87 kB | 35 kB | 29 kB | 12/58 kB Progress (4): 87 kB | 35 kB | 29 kB | 16/58 kBProgress (4): 87 kB | 35 kB | 29 kB | 20/58 kBProgress (4): 87 kB | 35 kB | 29 kB | 25/58 kBProgress (4): 87 kB | 35 kB | 29 kB | 29/58 kBProgress (4): 87 kB | 35 kB | 29 kB | 33/58 kBProgress (4): 87 kB | 35 kB | 29 kB | 37/58 kBProgress (4): 87 kB | 35 kB | 29 kB | 41/58 kBProgress (4): 87 kB | 35 kB | 29 kB | 45/58 kBProgress (4): 87 kB | 35 kB | 29 kB | 49/58 kBProgress (4): 87 kB | 35 kB | 29 kB | 53/58 kBProgress (4): 87 kB | 35 kB | 29 kB | 57/58 kBProgress (4): 87 kB | 35 kB | 29 kB | 58 kB                                              Downloaded from central: https://repo.maven.apache.org/maven2/org/apache/maven/maven-model/2.0.9/maven-model-2.0.9.jar (87 kB at 586 kB/s)
[4aa45452-98b2-4bff-a6cc-8c574ff1706f/build]   | Downloading from central: https://repo.maven.apache.org/maven2/org/apache/maven/maven-plugin-parameter-documenter/2.0.9/maven-plugin-parameter-documenter-2.0.9.jar
[4aa45452-98b2-4bff-a6cc-8c574ff1706f/build]   | Downloaded from central: https://repo.maven.apache.org/maven2/org/apache/maven/maven-artifact-manager/2.0.9/maven-artifact-manager-2.0.9.jar (58 kB at 376 kB/s)
[4aa45452-98b2-4bff-a6cc-8c574ff1706f/build]   | Downloading from central: https://repo.maven.apache.org/maven2/org/apache/maven/reporting/maven-reporting-api/2.0.9/maven-reporting-api-2.0.9.jar
[4aa45452-98b2-4bff-a6cc-8c574ff1706f/build]   | Progress (3): 35 kB | 29 kB | 4.1/10 kBProgress (3): 35 kB | 29 kB | 8.2/10 kBProgress (3): 35 kB | 29 kB | 10 kB    Progress (4): 35 kB | 29 kB | 10 kB | 4.1/21 kBProgress (4): 35 kB | 29 kB | 10 kB | 8.2/21 kBProgress (4): 35 kB | 29 kB | 10 kB | 12/21 kB Progress (4): 35 kB | 29 kB | 10 kB | 16/21 kBProgress (4): 35 kB | 29 kB | 10 kB | 20/21 kBProgress (4): 35 kB | 29 kB | 10 kB | 21 kB                                              Downloaded from central: https://repo.maven.apache.org/maven2/org/apache/maven/maven-profile/2.0.9/maven-profile-2.0.9.jar (35 kB at 210 kB/s)
[4aa45452-98b2-4bff-a6cc-8c574ff1706f/build]   | Downloading from central: https://repo.maven.apache.org/maven2/org/apache/maven/maven-repository-metadata/2.0.9/maven-repository-metadata-2.0.9.jar
[4aa45452-98b2-4bff-a6cc-8c574ff1706f/build]   | Progress (4): 29 kB | 10 kB | 21 kB | 4.1/25 kBProgress (4): 29 kB | 10 kB | 21 kB | 8.2/25 kBProgress (4): 29 kB | 10 kB | 21 kB | 12/25 kB Progress (4): 29 kB | 10 kB | 21 kB | 16/25 kBProgress (4): 29 kB | 10 kB | 21 kB | 20/25 kBProgress (4): 29 kB | 10 kB | 21 kB | 25 kB                                              Downloaded from central: https://repo.maven.apache.org/maven2/org/apache/maven/reporting/maven-reporting-api/2.0.9/maven-reporting-api-2.0.9.jar (10 kB at 56 kB/s)
[4aa45452-98b2-4bff-a6cc-8c574ff1706f/build]   | Downloading from central: https://repo.maven.apache.org/maven2/org/apache/maven/maven-error-diagnostics/2.0.9/maven-error-diagnostics-2.0.9.jar
[4aa45452-98b2-4bff-a6cc-8c574ff1706f/build]   | Downloaded from central: https://repo.maven.apache.org/maven2/org/apache/maven/maven-plugin-parameter-documenter/2.0.9/maven-plugin-parameter-documenter-2.0.9.jar (21 kB at 111 kB/s)
[4aa45452-98b2-4bff-a6cc-8c574ff1706f/build]   | Downloading from central: https://repo.maven.apache.org/maven2/org/apache/maven/maven-plugin-descriptor/2.0.9/maven-plugin-descriptor-2.0.9.jar
[4aa45452-98b2-4bff-a6cc-8c574ff1706f/build]   | Progress (3): 29 kB | 25 kB | 4.1/160 kBProgress (3): 29 kB | 25 kB | 8.2/160 kBProgress (3): 29 kB | 25 kB | 12/160 kB Progress (3): 29 kB | 25 kB | 16/160 kBProgress (3): 29 kB | 25 kB | 20/160 kBProgress (3): 29 kB | 25 kB | 25/160 kBProgress (3): 29 kB | 25 kB | 29/160 kBProgress (3): 29 kB | 25 kB | 33/160 kBProgress (3): 29 kB | 25 kB | 37/160 kBProgress (3): 29 kB | 25 kB | 41/160 kBProgress (3): 29 kB | 25 kB | 45/160 kBProgress (3): 29 kB | 25 kB | 49/160 kBProgress (3): 29 kB | 25 kB | 53/160 kBProgress (3): 29 kB | 25 kB | 57/160 kBProgress (3): 29 kB | 25 kB | 61/160 kBProgress (3): 29 kB | 25 kB | 66/160 kB                                       Downloaded from central: https://repo.maven.apache.org/maven2/org/apache/maven/maven-plugin-registry/2.0.9/maven-plugin-registry-2.0.9.jar (29 kB at 136 kB/s)
[4aa45452-98b2-4bff-a6cc-8c574ff1706f/build]   | Downloading from central: https://repo.maven.apache.org/maven2/org/apache/maven/maven-monitor/2.0.9/maven-monitor-2.0.9.jar
[4aa45452-98b2-4bff-a6cc-8c574ff1706f/build]   | Progress (3): 25 kB | 66/160 kB | 4.1/14 kBProgress (3): 25 kB | 66/160 kB | 8.2/14 kBProgress (3): 25 kB | 66/160 kB | 12/14 kB Progress (3): 25 kB | 66/160 kB | 14 kB   Progress (4): 25 kB | 66/160 kB | 14 kB | 4.1/37 kBProgress (4): 25 kB | 66/160 kB | 14 kB | 8.2/37 kBProgress (4): 25 kB | 66/160 kB | 14 kB | 12/37 kB Progress (4): 25 kB | 66/160 kB | 14 kB | 16/37 kBProgress (4): 25 kB | 66/160 kB | 14 kB | 20/37 kBProgress (4): 25 kB | 66/160 kB | 14 kB | 24/37 kBProgress (4): 25 kB | 66/160 kB | 14 kB | 28/37 kBProgress (4): 25 kB | 66/160 kB | 14 kB | 32/37 kBProgress (4): 25 kB | 66/160 kB | 14 kB | 36/37 kBProgress (4): 25 kB | 66/160 kB | 14 kB | 37 kB   Progress (4): 25 kB | 70/160 kB | 14 kB | 37 kBProgress (4): 25 kB | 74/160 kB | 14 kB | 37 kBProgress (4): 25 kB | 78/160 kB | 14 kB | 37 kBProgress (4): 25 kB | 82/160 kB | 14 kB | 37 kBProgress (4): 25 kB | 86/160 kB | 14 kB | 37 kBProgress (4): 25 kB | 90/160 kB | 14 kB | 37 kBProgress (4): 25 kB | 94/160 kB | 14 kB | 37 kBProgress (4): 25 kB | 98/160 kB | 14 kB | 37 kBProgress (4): 25 kB | 102/160 kB | 14 kB | 37 kBProgress (4): 25 kB | 106/160 kB | 14 kB | 37 kBProgress (4): 25 kB | 111/160 kB | 14 kB | 37 kBProgress (4): 25 kB | 115/160 kB | 14 kB | 37 kBProgress (4): 25 kB | 119/160 kB | 14 kB | 37 kBProgress (4): 25 kB | 123/160 kB | 14 kB | 37 kBProgress (4): 25 kB | 127/160 kB | 14 kB | 37 kBProgress (4): 25 kB | 131/160 kB | 14 kB | 37 kBProgress (4): 25 kB | 135/160 kB | 14 kB | 37 kBProgress (4): 25 kB | 139/160 kB | 14 kB | 37 kBProgress (4): 25 kB | 143/160 kB | 14 kB | 37 kBProgress (4): 25 kB | 147/160 kB | 14 kB | 37 kBProgress (4): 25 kB | 152/160 kB | 14 kB | 37 kBProgress (4): 25 kB | 156/160 kB | 14 kB | 37 kBProgress (4): 25 kB | 160 kB | 14 kB | 37 kB                                                Downloaded from central: https://repo.maven.apache.org/maven2/org/apache/maven/maven-repository-metadata/2.0.9/maven-repository-metadata-2.0.9.jar (25 kB at 112 kB/s)
[4aa45452-98b2-4bff-a6cc-8c574ff1706f/build]   | Downloading from central: https://repo.maven.apache.org/maven2/org/apache/maven/maven-toolchain/2.0.9/maven-toolchain-2.0.9.jar
[4aa45452-98b2-4bff-a6cc-8c574ff1706f/build]   | Progress (4): 160 kB | 14 kB | 37 kB | 4.1/10 kBProgress (4): 160 kB | 14 kB | 37 kB | 8.2/10 kBProgress (4): 160 kB | 14 kB | 37 kB | 10 kB    Progress (5): 160 kB | 14 kB | 37 kB | 10 kB | 4.1/38 kBProgress (5): 160 kB | 14 kB | 37 kB | 10 kB | 8.2/38 kBProgress (5): 160 kB | 14 kB | 37 kB | 10 kB | 12/38 kB Progress (5): 160 kB | 14 kB | 37 kB | 10 kB | 16/38 kBProgress (5): 160 kB | 14 kB | 37 kB | 10 kB | 20/38 kBProgress (5): 160 kB | 14 kB | 37 kB | 10 kB | 24/38 kBProgress (5): 160 kB | 14 kB | 37 kB | 10 kB | 28/38 kBProgress (5): 160 kB | 14 kB | 37 kB | 10 kB | 32/38 kBProgress (5): 160 kB | 14 kB | 37 kB | 10 kB | 36/38 kBProgress (5): 160 kB | 14 kB | 37 kB | 10 kB | 38 kB                                                       Downloaded from central: https://repo.maven.apache.org/maven2/org/apache/maven/maven-error-diagnostics/2.0.9/maven-error-diagnostics-2.0.9.jar (14 kB at 59 kB/s)
[4aa45452-98b2-4bff-a6cc-8c574ff1706f/build]   | Downloading from central: https://repo.maven.apache.org/maven2/org/apache/maven/plugin-tools/maven-plugin-annotations/3.1/maven-plugin-annotations-3.1.jar
[4aa45452-98b2-4bff-a6cc-8c574ff1706f/build]   | Downloaded from central: https://repo.maven.apache.org/maven2/org/apache/maven/maven-plugin-descriptor/2.0.9/maven-plugin-descriptor-2.0.9.jar (37 kB at 160 kB/s)
[4aa45452-98b2-4bff-a6cc-8c574ff1706f/build]   | Downloaded from central: https://repo.maven.apache.org/maven2/org/apache/maven/maven-toolchain/2.0.9/maven-toolchain-2.0.9.jar (38 kB at 164 kB/s)
[4aa45452-98b2-4bff-a6cc-8c574ff1706f/build]   | Downloaded from central: https://repo.maven.apache.org/maven2/org/apache/maven/maven-monitor/2.0.9/maven-monitor-2.0.9.jar (10 kB at 44 kB/s)
[4aa45452-98b2-4bff-a6cc-8c574ff1706f/build]   | Downloaded from central: https://repo.maven.apache.org/maven2/org/apache/maven/maven-core/2.0.9/maven-core-2.0.9.jar (160 kB at 682 kB/s)
[4aa45452-98b2-4bff-a6cc-8c574ff1706f/build]   | Progress (1): 4.1/14 kBProgress (1): 8.2/14 kBProgress (1): 12/14 kB Progress (1): 14 kB                      Downloaded from central: https://repo.maven.apache.org/maven2/org/apache/maven/plugin-tools/maven-plugin-annotations/3.1/maven-plugin-annotations-3.1.jar (14 kB at 54 kB/s)
[4aa45452-98b2-4bff-a6cc-8c574ff1706f/build]   | [INFO] Surefire report directory: /tmp/254a46a6-e79f-42c2-9394-a9c012e14999/target/surefire-reports
[4aa45452-98b2-4bff-a6cc-8c574ff1706f/build]   | Downloading from central: https://repo.maven.apache.org/maven2/org/apache/maven/surefire/surefire-junit4/2.12.4/surefire-junit4-2.12.4.pom
[4aa45452-98b2-4bff-a6cc-8c574ff1706f/build]   | Progress (1): 2.4 kB                    Downloaded from central: https://repo.maven.apache.org/maven2/org/apache/maven/surefire/surefire-junit4/2.12.4/surefire-junit4-2.12.4.pom (2.4 kB at 110 kB/s)
[4aa45452-98b2-4bff-a6cc-8c574ff1706f/build]   | Downloading from central: https://repo.maven.apache.org/maven2/org/apache/maven/surefire/surefire-providers/2.12.4/surefire-providers-2.12.4.pom
[4aa45452-98b2-4bff-a6cc-8c574ff1706f/build]   | Progress (1): 2.3 kB                    Downloaded from central: https://repo.maven.apache.org/maven2/org/apache/maven/surefire/surefire-providers/2.12.4/surefire-providers-2.12.4.pom (2.3 kB at 90 kB/s)
[4aa45452-98b2-4bff-a6cc-8c574ff1706f/build]   | Downloading from central: https://repo.maven.apache.org/maven2/org/apache/maven/surefire/surefire-junit4/2.12.4/surefire-junit4-2.12.4.jar
[4aa45452-98b2-4bff-a6cc-8c574ff1706f/build]   | Progress (1): 4.1/37 kBProgress (1): 8.2/37 kBProgress (1): 12/37 kB Progress (1): 16/37 kBProgress (1): 20/37 kBProgress (1): 25/37 kBProgress (1): 29/37 kBProgress (1): 33/37 kBProgress (1): 37/37 kBProgress (1): 37 kB                      Downloaded from central: https://repo.maven.apache.org/maven2/org/apache/maven/surefire/surefire-junit4/2.12.4/surefire-junit4-2.12.4.jar (37 kB at 1.6 MB/s)
[4aa45452-98b2-4bff-a6cc-8c574ff1706f/build]   | 
[4aa45452-98b2-4bff-a6cc-8c574ff1706f/build]   | -------------------------------------------------------
[4aa45452-98b2-4bff-a6cc-8c574ff1706f/build]   |  T E S T S
[4aa45452-98b2-4bff-a6cc-8c574ff1706f/build]   | -------------------------------------------------------
[4aa45452-98b2-4bff-a6cc-8c574ff1706f/build]   | Running br.com.wmixvideo.sped.util.SFStringBuilderTest
[4aa45452-98b2-4bff-a6cc-8c574ff1706f/build]   | Tests run: 6, Failures: 0, Errors: 0, Skipped: 0, Time elapsed: 0.108 sec
[4aa45452-98b2-4bff-a6cc-8c574ff1706f/build]   | Running br.com.wmixvideo.sped.util.SFUtilTest
[4aa45452-98b2-4bff-a6cc-8c574ff1706f/build]   | Tests run: 5, Failures: 0, Errors: 0, Skipped: 0, Time elapsed: 0.007 sec
[4aa45452-98b2-4bff-a6cc-8c574ff1706f/build]   | Running br.com.wmixvideo.sped.util.SFReferenciaTest
[4aa45452-98b2-4bff-a6cc-8c574ff1706f/build]   | Tests run: 3, Failures: 0, Errors: 0, Skipped: 0, Time elapsed: 0.009 sec
[4aa45452-98b2-4bff-a6cc-8c574ff1706f/build]   | Running br.com.wmixvideo.sped.leiaute.SFEncerramentoBlocoTest
[4aa45452-98b2-4bff-a6cc-8c574ff1706f/build]   | Tests run: 1, Failures: 0, Errors: 0, Skipped: 0, Time elapsed: 0.001 sec
[4aa45452-98b2-4bff-a6cc-8c574ff1706f/build]   | Running br.com.wmixvideo.sped.leiaute.blocoh.SFH005TotaisInventarioTest
[4aa45452-98b2-4bff-a6cc-8c574ff1706f/build]   | Tests run: 1, Failures: 0, Errors: 0, Skipped: 0, Time elapsed: 0.01 sec
[4aa45452-98b2-4bff-a6cc-8c574ff1706f/build]   | Running br.com.wmixvideo.sped.leiaute.blocoh.SFH010InventarioTest
[4aa45452-98b2-4bff-a6cc-8c574ff1706f/build]   | Tests run: 1, Failures: 0, Errors: 0, Skipped: 0, Time elapsed: 0.004 sec
[4aa45452-98b2-4bff-a6cc-8c574ff1706f/build]   | Running br.com.wmixvideo.sped.leiaute.bloco1.SF1010ObrigatoriedadeRegistrosBloco1Test
[4aa45452-98b2-4bff-a6cc-8c574ff1706f/build]   | Tests run: 1, Failures: 0, Errors: 0, Skipped: 0, Time elapsed: 0.004 sec
[4aa45452-98b2-4bff-a6cc-8c574ff1706f/build]   | Running br.com.wmixvideo.sped.leiaute.blocod.SFD190RegistroAnaliticoTransporteTest
[4aa45452-98b2-4bff-a6cc-8c574ff1706f/build]   | Tests run: 1, Failures: 0, Errors: 0, Skipped: 0, Time elapsed: 0.003 sec
[4aa45452-98b2-4bff-a6cc-8c574ff1706f/build]   | Running br.com.wmixvideo.sped.leiaute.blocod.SFD100NotaFiscalTransporteTest
[4aa45452-98b2-4bff-a6cc-8c574ff1706f/build]   | Tests run: 1, Failures: 0, Errors: 0, Skipped: 0, Time elapsed: 0.005 sec
[4aa45452-98b2-4bff-a6cc-8c574ff1706f/build]   | Running br.com.wmixvideo.sped.leiaute.blocod.SFD101NotaFiscalTransporteInfoComplementarTest
[4aa45452-98b2-4bff-a6cc-8c574ff1706f/build]   | Tests run: 1, Failures: 0, Errors: 0, Skipped: 0, Time elapsed: 0.003 sec
[4aa45452-98b2-4bff-a6cc-8c574ff1706f/build]   | Running br.com.wmixvideo.sped.leiaute.bloco9.SF9999EncerramentoArquivoDigitalTest
[4aa45452-98b2-4bff-a6cc-8c574ff1706f/build]   | Tests run: 1, Failures: 0, Errors: 0, Skipped: 0, Time elapsed: 0.001 sec
[4aa45452-98b2-4bff-a6cc-8c574ff1706f/build]   | Running br.com.wmixvideo.sped.leiaute.bloco9.SF9900RegistrosArquivoTest
[4aa45452-98b2-4bff-a6cc-8c574ff1706f/build]   | Tests run: 1, Failures: 0, Errors: 0, Skipped: 0, Time elapsed: 0.003 sec
[4aa45452-98b2-4bff-a6cc-8c574ff1706f/build]   | Running br.com.wmixvideo.sped.leiaute.blocoa.SFA010IdentificacaoEstabelecimentoTest
[4aa45452-98b2-4bff-a6cc-8c574ff1706f/build]   | Tests run: 1, Failures: 0, Errors: 0, Skipped: 0, Time elapsed: 0.003 sec
[4aa45452-98b2-4bff-a6cc-8c574ff1706f/build]   | Running br.com.wmixvideo.sped.leiaute.blocoa.SFA110InformacaoComplementarNotaFiscalTest
[4aa45452-98b2-4bff-a6cc-8c574ff1706f/build]   | Tests run: 1, Failures: 0, Errors: 0, Skipped: 0, Time elapsed: 0.002 sec
[4aa45452-98b2-4bff-a6cc-8c574ff1706f/build]   | Running br.com.wmixvideo.sped.leiaute.blocoa.SFA170ItemDocumentoTest
[4aa45452-98b2-4bff-a6cc-8c574ff1706f/build]   | Tests run: 1, Failures: 0, Errors: 0, Skipped: 0, Time elapsed: 0.005 sec
[4aa45452-98b2-4bff-a6cc-8c574ff1706f/build]   | Running br.com.wmixvideo.sped.leiaute.blocoa.SFA100NotaFiscalServicoTest
[4aa45452-98b2-4bff-a6cc-8c574ff1706f/build]   | Tests run: 1, Failures: 0, Errors: 0, Skipped: 0, Time elapsed: 0.003 sec
[4aa45452-98b2-4bff-a6cc-8c574ff1706f/build]   | Running br.com.wmixvideo.sped.leiaute.blocoe.SFE116ObrigacoesICMSRecolherOperacoesPropriasTest
[4aa45452-98b2-4bff-a6cc-8c574ff1706f/build]   | Tests run: 1, Failures: 0, Errors: 0, Skipped: 0, Time elapsed: 0.003 sec
[4aa45452-98b2-4bff-a6cc-8c574ff1706f/build]   | Running br.com.wmixvideo.sped.leiaute.blocoe.SFE310ApuracaoFundoCombatePobrezaTest
[4aa45452-98b2-4bff-a6cc-8c574ff1706f/build]   | Tests run: 1, Failures: 0, Errors: 0, Skipped: 0, Time elapsed: 0.009 sec
[4aa45452-98b2-4bff-a6cc-8c574ff1706f/build]   | Running br.com.wmixvideo.sped.leiaute.blocoe.SFE200PeriodoApuracaoSTTest
[4aa45452-98b2-4bff-a6cc-8c574ff1706f/build]   | Tests run: 1, Failures: 0, Errors: 0, Skipped: 0, Time elapsed: 0.002 sec
[4aa45452-98b2-4bff-a6cc-8c574ff1706f/build]   | Running br.com.wmixvideo.sped.leiaute.blocoe.SFE110ApuracaoICMSOperacoesPropriasTest
[4aa45452-98b2-4bff-a6cc-8c574ff1706f/build]   | Tests run: 1, Failures: 0, Errors: 0, Skipped: 0, Time elapsed: 0.002 sec
[4aa45452-98b2-4bff-a6cc-8c574ff1706f/build]   | Running br.com.wmixvideo.sped.leiaute.blocoe.SFE250ObrigacoesICMSTest
[4aa45452-98b2-4bff-a6cc-8c574ff1706f/build]   | Tests run: 1, Failures: 0, Errors: 0, Skipped: 0, Time elapsed: 0.002 sec
[4aa45452-98b2-4bff-a6cc-8c574ff1706f/build]   | Running br.com.wmixvideo.sped.leiaute.blocoe.SFE316ObrigacoesFundoCombatePobrezaTest
[4aa45452-98b2-4bff-a6cc-8c574ff1706f/build]   | Tests run: 1, Failures: 0, Errors: 0, Skipped: 0, Time elapsed: 0.001 sec
[4aa45452-98b2-4bff-a6cc-8c574ff1706f/build]   | Running br.com.wmixvideo.sped.leiaute.blocoe.SFE220AjusteApuracaoSTTest
[4aa45452-98b2-4bff-a6cc-8c574ff1706f/build]   | Tests run: 1, Failures: 0, Errors: 0, Skipped: 0, Time elapsed: 0.002 sec
[4aa45452-98b2-4bff-a6cc-8c574ff1706f/build]   | Running br.com.wmixvideo.sped.leiaute.blocoe.SFE300PeriodoApuracaoFundoCombatePobrezaTest
[4aa45452-98b2-4bff-a6cc-8c574ff1706f/build]   | Tests run: 1, Failures: 0, Errors: 0, Skipped: 0, Time elapsed: 0.002 sec
[4aa45452-98b2-4bff-a6cc-8c574ff1706f/build]   | Running br.com.wmixvideo.sped.leiaute.blocoe.SFE210ApuracaoSTTest
[4aa45452-98b2-4bff-a6cc-8c574ff1706f/build]   | Tests run: 1, Failures: 0, Errors: 0, Skipped: 0, Time elapsed: 0.002 sec
[4aa45452-98b2-4bff-a6cc-8c574ff1706f/build]   | Running br.com.wmixvideo.sped.leiaute.blocoe.SFE100PeriodoApuracaoICMSTest
[4aa45452-98b2-4bff-a6cc-8c574ff1706f/build]   | Tests run: 1, Failures: 0, Errors: 0, Skipped: 0, Time elapsed: 0.002 sec
[4aa45452-98b2-4bff-a6cc-8c574ff1706f/build]   | Running br.com.wmixvideo.sped.leiaute.blocok.SFK200EstoqueEscrituradoTest
[4aa45452-98b2-4bff-a6cc-8c574ff1706f/build]   | Tests run: 1, Failures: 0, Errors: 0, Skipped: 0, Time elapsed: 0.002 sec
[4aa45452-98b2-4bff-a6cc-8c574ff1706f/build]   | Running br.com.wmixvideo.sped.leiaute.blocok.SFK100PeriodoApuracaoICMSIPITest
[4aa45452-98b2-4bff-a6cc-8c574ff1706f/build]   | Tests run: 1, Failures: 0, Errors: 0, Skipped: 0, Time elapsed: 0.001 sec
[4aa45452-98b2-4bff-a6cc-8c574ff1706f/build]   | Running br.com.wmixvideo.sped.leiaute.SFAberturaBlocoTest
[4aa45452-98b2-4bff-a6cc-8c574ff1706f/build]   | Tests run: 1, Failures: 0, Errors: 0, Skipped: 0, Time elapsed: 0.001 sec
[4aa45452-98b2-4bff-a6cc-8c574ff1706f/build]   | Running br.com.wmixvideo.sped.leiaute.blococ.SFC115LocalColetaEntregaTest
[4aa45452-98b2-4bff-a6cc-8c574ff1706f/build]   | Tests run: 1, Failures: 0, Errors: 0, Skipped: 0, Time elapsed: 0.001 sec
[4aa45452-98b2-4bff-a6cc-8c574ff1706f/build]   | Running br.com.wmixvideo.sped.leiaute.blococ.SFC190RegistroAnaliticoDocumentoTest
[4aa45452-98b2-4bff-a6cc-8c574ff1706f/build]   | Tests run: 1, Failures: 0, Errors: 0, Skipped: 0, Time elapsed: 0.001 sec
[4aa45452-98b2-4bff-a6cc-8c574ff1706f/build]   | Running br.com.wmixvideo.sped.leiaute.blococ.SFC195ObservacoesLancamentoFiscalTest
[4aa45452-98b2-4bff-a6cc-8c574ff1706f/build]   | Tests run: 1, Failures: 0, Errors: 0, Skipped: 0, Time elapsed: 0.016 sec
[4aa45452-98b2-4bff-a6cc-8c574ff1706f/build]   | Running br.com.wmixvideo.sped.leiaute.blococ.SFC111ProcessoReferenciadoTest
[4aa45452-98b2-4bff-a6cc-8c574ff1706f/build]   | Tests run: 1, Failures: 0, Errors: 0, Skipped: 0, Time elapsed: 0.002 sec
[4aa45452-98b2-4bff-a6cc-8c574ff1706f/build]   | Running br.com.wmixvideo.sped.leiaute.blococ.SFC100NotaFiscalTest
[4aa45452-98b2-4bff-a6cc-8c574ff1706f/build]   | Tests run: 1, Failures: 0, Errors: 0, Skipped: 0, Time elapsed: 0.007 sec
[4aa45452-98b2-4bff-a6cc-8c574ff1706f/build]   | Running br.com.wmixvideo.sped.leiaute.blococ.SFC510NotaFiscalEnergiaEletricaItemTest
[4aa45452-98b2-4bff-a6cc-8c574ff1706f/build]   | Tests run: 1, Failures: 0, Errors: 0, Skipped: 0, Time elapsed: 0.003 sec
[4aa45452-98b2-4bff-a6cc-8c574ff1706f/build]   | Running br.com.wmixvideo.sped.leiaute.blococ.SFC590RegistroAnaliticoDocumentoTest
[4aa45452-98b2-4bff-a6cc-8c574ff1706f/build]   | Tests run: 1, Failures: 0, Errors: 0, Skipped: 0, Time elapsed: 0.003 sec
[4aa45452-98b2-4bff-a6cc-8c574ff1706f/build]   | Running br.com.wmixvideo.sped.leiaute.blococ.SFC170ItemDocumentoTest
[4aa45452-98b2-4bff-a6cc-8c574ff1706f/build]   | Tests run: 1, Failures: 0, Errors: 0, Skipped: 0, Time elapsed: 0.005 sec
[4aa45452-98b2-4bff-a6cc-8c574ff1706f/build]   | Running br.com.wmixvideo.sped.leiaute.blococ.SFC110InformacaoComplementarNotaFiscalTest
[4aa45452-98b2-4bff-a6cc-8c574ff1706f/build]   | Tests run: 1, Failures: 0, Errors: 0, Skipped: 0, Time elapsed: 0.002 sec
[4aa45452-98b2-4bff-a6cc-8c574ff1706f/build]   | Running br.com.wmixvideo.sped.leiaute.blococ.SFC101NotaFiscalInformacaoComplementarTest
[4aa45452-98b2-4bff-a6cc-8c574ff1706f/build]   | Tests run: 1, Failures: 0, Errors: 0, Skipped: 0, Time elapsed: 0.002 sec
[4aa45452-98b2-4bff-a6cc-8c574ff1706f/build]   | Running br.com.wmixvideo.sped.leiaute.blococ.SFC197OutrasObrigacoesTributariasTest
[4aa45452-98b2-4bff-a6cc-8c574ff1706f/build]   | Tests run: 1, Failures: 0, Errors: 0, Skipped: 0, Time elapsed: 0.002 sec
[4aa45452-98b2-4bff-a6cc-8c574ff1706f/build]   | Running br.com.wmixvideo.sped.leiaute.blococ.SFC176RessarcimentoIcmsTest
[4aa45452-98b2-4bff-a6cc-8c574ff1706f/build]   | Tests run: 1, Failures: 0, Errors: 0, Skipped: 0, Time elapsed: 0.007 sec
[4aa45452-98b2-4bff-a6cc-8c574ff1706f/build]   | Running br.com.wmixvideo.sped.leiaute.blococ.SFC500NotaFiscalEnergiaEletricaTest
[4aa45452-98b2-4bff-a6cc-8c574ff1706f/build]   | Tests run: 1, Failures: 0, Errors: 0, Skipped: 0, Time elapsed: 0.004 sec
[4aa45452-98b2-4bff-a6cc-8c574ff1706f/build]   | Running br.com.wmixvideo.sped.leiaute.bloco0.SF0150CadastroParticipanteTest
[4aa45452-98b2-4bff-a6cc-8c574ff1706f/build]   | Tests run: 1, Failures: 0, Errors: 0, Skipped: 0, Time elapsed: 0.003 sec
[4aa45452-98b2-4bff-a6cc-8c574ff1706f/build]   | Running br.com.wmixvideo.sped.leiaute.bloco0.SF000AberturaArquivoDigitalTest
[4aa45452-98b2-4bff-a6cc-8c574ff1706f/build]   | Tests run: 1, Failures: 0, Errors: 0, Skipped: 0, Time elapsed: 0.002 sec
[4aa45452-98b2-4bff-a6cc-8c574ff1706f/build]   | Running br.com.wmixvideo.sped.leiaute.bloco0.SFEncerramentoBlocoTest
[4aa45452-98b2-4bff-a6cc-8c574ff1706f/build]   | Tests run: 1, Failures: 0, Errors: 0, Skipped: 0, Time elapsed: 0.001 sec
[4aa45452-98b2-4bff-a6cc-8c574ff1706f/build]   | Running br.com.wmixvideo.sped.leiaute.bloco0.SF0175AlteracaoCadastroParticipanteTest
[4aa45452-98b2-4bff-a6cc-8c574ff1706f/build]   | Tests run: 1, Failures: 0, Errors: 0, Skipped: 0, Time elapsed: 0.003 sec
[4aa45452-98b2-4bff-a6cc-8c574ff1706f/build]   | Running br.com.wmixvideo.sped.leiaute.bloco0.SF0460ObservacaoLancamentoFiscalTest
[4aa45452-98b2-4bff-a6cc-8c574ff1706f/build]   | Tests run: 1, Failures: 0, Errors: 0, Skipped: 0, Time elapsed: 0.01 sec
[4aa45452-98b2-4bff-a6cc-8c574ff1706f/build]   | Running br.com.wmixvideo.sped.leiaute.bloco0.SF0005DadosComplementaresEntidadeTest
[4aa45452-98b2-4bff-a6cc-8c574ff1706f/build]   | Tests run: 1, Failures: 0, Errors: 0, Skipped: 0, Time elapsed: 0.003 sec
[4aa45452-98b2-4bff-a6cc-8c574ff1706f/build]   | Running br.com.wmixvideo.sped.leiaute.bloco0.SF0205AlteracaoItemTest
[4aa45452-98b2-4bff-a6cc-8c574ff1706f/build]   | Tests run: 1, Failures: 0, Errors: 0, Skipped: 0, Time elapsed: 0.002 sec
[4aa45452-98b2-4bff-a6cc-8c574ff1706f/build]   | Running br.com.wmixvideo.sped.leiaute.bloco0.SF0100DadosContabilistaTest
[4aa45452-98b2-4bff-a6cc-8c574ff1706f/build]   | Tests run: 1, Failures: 0, Errors: 0, Skipped: 0, Time elapsed: 0.002 sec
[4aa45452-98b2-4bff-a6cc-8c574ff1706f/build]   | Running br.com.wmixvideo.sped.leiaute.bloco0.SF0450InformacaoComplementarDocumentoFiscalTest
[4aa45452-98b2-4bff-a6cc-8c574ff1706f/build]   | Tests run: 1, Failures: 0, Errors: 0, Skipped: 0, Time elapsed: 0.002 sec
[4aa45452-98b2-4bff-a6cc-8c574ff1706f/build]   | Running br.com.wmixvideo.sped.leiaute.bloco0.SF0200IdentificacaoItemTest
[4aa45452-98b2-4bff-a6cc-8c574ff1706f/build]   | Tests run: 1, Failures: 0, Errors: 0, Skipped: 0, Time elapsed: 0.006 sec
[4aa45452-98b2-4bff-a6cc-8c574ff1706f/build]   | Running br.com.wmixvideo.sped.leiaute.bloco0.SF0190IdentificacaoUnidadeMedidaTest
[4aa45452-98b2-4bff-a6cc-8c574ff1706f/build]   | Tests run: 1, Failures: 0, Errors: 0, Skipped: 0, Time elapsed: 0.002 sec
[4aa45452-98b2-4bff-a6cc-8c574ff1706f/build]   | Running br.com.wmixvideo.sped.leiaute.bloco0.SF0015DadosContribuinteSubstitutoOuResponsavelICMSDestinoTest
[4aa45452-98b2-4bff-a6cc-8c574ff1706f/build]   | Tests run: 2, Failures: 0, Errors: 0, Skipped: 0, Time elapsed: 0.002 sec
[4aa45452-98b2-4bff-a6cc-8c574ff1706f/build]   | Running br.com.wmixvideo.sped.leiaute.bloco0.SF0175ParticipanteAlteracaoTest
[4aa45452-98b2-4bff-a6cc-8c574ff1706f/build]   | Tests run: 3, Failures: 0, Errors: 0, Skipped: 0, Time elapsed: 0.003 sec
[4aa45452-98b2-4bff-a6cc-8c574ff1706f/build]   | 
[4aa45452-98b2-4bff-a6cc-8c574ff1706f/build]   | Results :
[4aa45452-98b2-4bff-a6cc-8c574ff1706f/build]   | 
[4aa45452-98b2-4bff-a6cc-8c574ff1706f/build]   | Tests run: 69, Failures: 0, Errors: 0, Skipped: 0
[4aa45452-98b2-4bff-a6cc-8c574ff1706f/build]   | 
[4aa45452-98b2-4bff-a6cc-8c574ff1706f/build]   | [INFO] 
[4aa45452-98b2-4bff-a6cc-8c574ff1706f/build]   | [INFO] --- maven-jar-plugin:2.4:jar (default-jar) @ sped ---
[4aa45452-98b2-4bff-a6cc-8c574ff1706f/build]   | Downloading from central: https://repo.maven.apache.org/maven2/org/apache/maven/maven-archiver/2.5/maven-archiver-2.5.pom
[4aa45452-98b2-4bff-a6cc-8c574ff1706f/build]   | Progress (1): 4.1/4.5 kBProgress (1): 4.5 kB                        Downloaded from central: https://repo.maven.apache.org/maven2/org/apache/maven/maven-archiver/2.5/maven-archiver-2.5.pom (4.5 kB at 378 kB/s)
[4aa45452-98b2-4bff-a6cc-8c574ff1706f/build]   | Downloading from central: https://repo.maven.apache.org/maven2/org/codehaus/plexus/plexus-archiver/2.1/plexus-archiver-2.1.pom
[4aa45452-98b2-4bff-a6cc-8c574ff1706f/build]   | Progress (1): 2.8 kB                    Downloaded from central: https://repo.maven.apache.org/maven2/org/codehaus/plexus/plexus-archiver/2.1/plexus-archiver-2.1.pom (2.8 kB at 216 kB/s)
[4aa45452-98b2-4bff-a6cc-8c574ff1706f/build]   | Downloading from central: https://repo.maven.apache.org/maven2/org/codehaus/plexus/plexus-io/2.0.2/plexus-io-2.0.2.pom
[4aa45452-98b2-4bff-a6cc-8c574ff1706f/build]   | Progress (1): 1.7 kB                    Downloaded from central: https://repo.maven.apache.org/maven2/org/codehaus/plexus/plexus-io/2.0.2/plexus-io-2.0.2.pom (1.7 kB at 96 kB/s)
[4aa45452-98b2-4bff-a6cc-8c574ff1706f/build]   | Downloading from central: https://repo.maven.apache.org/maven2/org/codehaus/plexus/plexus-components/1.1.19/plexus-components-1.1.19.pom
[4aa45452-98b2-4bff-a6cc-8c574ff1706f/build]   | Progress (1): 2.7 kB                    Downloaded from central: https://repo.maven.apache.org/maven2/org/codehaus/plexus/plexus-components/1.1.19/plexus-components-1.1.19.pom (2.7 kB at 193 kB/s)
[4aa45452-98b2-4bff-a6cc-8c574ff1706f/build]   | Downloading from central: https://repo.maven.apache.org/maven2/org/codehaus/plexus/plexus/3.0.1/plexus-3.0.1.pom
[4aa45452-98b2-4bff-a6cc-8c574ff1706f/build]   | Progress (1): 4.1/19 kBProgress (1): 8.2/19 kBProgress (1): 12/19 kB Progress (1): 16/19 kBProgress (1): 19 kB                      Downloaded from central: https://repo.maven.apache.org/maven2/org/codehaus/plexus/plexus/3.0.1/plexus-3.0.1.pom (19 kB at 1.3 MB/s)
[4aa45452-98b2-4bff-a6cc-8c574ff1706f/build]   | Downloading from central: https://repo.maven.apache.org/maven2/org/codehaus/plexus/plexus-interpolation/1.15/plexus-interpolation-1.15.pom
[4aa45452-98b2-4bff-a6cc-8c574ff1706f/build]   | Progress (1): 1.0 kB                    Downloaded from central: https://repo.maven.apache.org/maven2/org/codehaus/plexus/plexus-interpolation/1.15/plexus-interpolation-1.15.pom (1.0 kB at 73 kB/s)
[4aa45452-98b2-4bff-a6cc-8c574ff1706f/build]   | Downloading from central: https://repo.maven.apache.org/maven2/commons-lang/commons-lang/2.1/commons-lang-2.1.pom
[4aa45452-98b2-4bff-a6cc-8c574ff1706f/build]   | Progress (1): 4.1/9.9 kBProgress (1): 8.2/9.9 kBProgress (1): 9.9 kB                        Downloaded from central: https://repo.maven.apache.org/maven2/commons-lang/commons-lang/2.1/commons-lang-2.1.pom (9.9 kB at 620 kB/s)
[4aa45452-98b2-4bff-a6cc-8c574ff1706f/build]   | Downloading from central: https://repo.maven.apache.org/maven2/classworlds/classworlds/1.1-alpha-2/classworlds-1.1-alpha-2.jar
[4aa45452-98b2-4bff-a6cc-8c574ff1706f/build]   | Downloading from central: https://repo.maven.apache.org/maven2/org/apache/maven/maven-archiver/2.5/maven-archiver-2.5.jar
[4aa45452-98b2-4bff-a6cc-8c574ff1706f/build]   | Downloading from central: https://repo.maven.apache.org/maven2/org/codehaus/plexus/plexus-interpolation/1.15/plexus-interpolation-1.15.jar
[4aa45452-98b2-4bff-a6cc-8c574ff1706f/build]   | Downloading from central: https://repo.maven.apache.org/maven2/org/codehaus/plexus/plexus-archiver/2.1/plexus-archiver-2.1.jar
[4aa45452-98b2-4bff-a6cc-8c574ff1706f/build]   | Downloading from central: https://repo.maven.apache.org/maven2/org/codehaus/plexus/plexus-io/2.0.2/plexus-io-2.0.2.jar
[4aa45452-98b2-4bff-a6cc-8c574ff1706f/build]   | Progress (1): 4.1/38 kBProgress (1): 8.2/38 kBProgress (1): 12/38 kB Progress (1): 16/38 kBProgress (1): 20/38 kBProgress (1): 25/38 kBProgress (1): 29/38 kBProgress (1): 33/38 kBProgress (2): 33/38 kB | 4.1/60 kBProgress (2): 33/38 kB | 8.2/60 kBProgress (2): 33/38 kB | 12/60 kB Progress (3): 33/38 kB | 12/60 kB | 4.1/22 kBProgress (3): 33/38 kB | 12/60 kB | 8.2/22 kBProgress (3): 33/38 kB | 12/60 kB | 12/22 kB Progress (3): 33/38 kB | 12/60 kB | 16/22 kBProgress (3): 33/38 kB | 12/60 kB | 20/22 kBProgress (3): 33/38 kB | 12/60 kB | 22 kB   Progress (3): 33/38 kB | 16/60 kB | 22 kBProgress (3): 33/38 kB | 20/60 kB | 22 kBProgress (3): 33/38 kB | 25/60 kB | 22 kBProgress (3): 33/38 kB | 29/60 kB | 22 kBProgress (3): 33/38 kB | 33/60 kB | 22 kBProgress (3): 33/38 kB | 37/60 kB | 22 kBProgress (3): 33/38 kB | 41/60 kB | 22 kBProgress (3): 33/38 kB | 45/60 kB | 22 kBProgress (3): 37/38 kB | 45/60 kB | 22 kBProgress (3): 37/38 kB | 49/60 kB | 22 kBProgress (3): 38 kB | 49/60 kB | 22 kB   Progress (3): 38 kB | 53/60 kB | 22 kBProgress (3): 38 kB | 57/60 kB | 22 kBProgress (3): 38 kB | 60 kB | 22 kB   Progress (4): 38 kB | 60 kB | 22 kB | 4.1/184 kBProgress (4): 38 kB | 60 kB | 22 kB | 8.2/184 kBProgress (4): 38 kB | 60 kB | 22 kB | 12/184 kB Progress (4): 38 kB | 60 kB | 22 kB | 16/184 kBProgress (4): 38 kB | 60 kB | 22 kB | 20/184 kBProgress (5): 38 kB | 60 kB | 22 kB | 20/184 kB | 4.1/58 kBProgress (5): 38 kB | 60 kB | 22 kB | 25/184 kB | 4.1/58 kBProgress (5): 38 kB | 60 kB | 22 kB | 29/184 kB | 4.1/58 kBProgress (5): 38 kB | 60 kB | 22 kB | 33/184 kB | 4.1/58 kBProgress (5): 38 kB | 60 kB | 22 kB | 33/184 kB | 8.2/58 kBProgress (5): 38 kB | 60 kB | 22 kB | 33/184 kB | 12/58 kB Progress (5): 38 kB | 60 kB | 22 kB | 37/184 kB | 12/58 kBProgress (5): 38 kB | 60 kB | 22 kB | 37/184 kB | 16/58 kBProgress (5): 38 kB | 60 kB | 22 kB | 41/184 kB | 16/58 kBProgress (5): 38 kB | 60 kB | 22 kB | 45/184 kB | 16/58 kBProgress (5): 38 kB | 60 kB | 22 kB | 49/184 kB | 16/58 kBProgress (5): 38 kB | 60 kB | 22 kB | 49/184 kB | 20/58 kBProgress (5): 38 kB | 60 kB | 22 kB | 49/184 kB | 25/58 kBProgress (5): 38 kB | 60 kB | 22 kB | 49/184 kB | 29/58 kBProgress (5): 38 kB | 60 kB | 22 kB | 53/184 kB | 29/58 kBProgress (5): 38 kB | 60 kB | 22 kB | 53/184 kB | 33/58 kBProgress (5): 38 kB | 60 kB | 22 kB | 57/184 kB | 33/58 kBProgress (5): 38 kB | 60 kB | 22 kB | 61/184 kB | 33/58 kBProgress (5): 38 kB | 60 kB | 22 kB | 66/184 kB | 33/58 kBProgress (5): 38 kB | 60 kB | 22 kB | 66/184 kB | 37/58 kBProgress (5): 38 kB | 60 kB | 22 kB | 66/184 kB | 41/58 kBProgress (5): 38 kB | 60 kB | 22 kB | 66/184 kB | 45/58 kBProgress (5): 38 kB | 60 kB | 22 kB | 66/184 kB | 49/58 kBProgress (5): 38 kB | 60 kB | 22 kB | 70/184 kB | 49/58 kBProgress (5): 38 kB | 60 kB | 22 kB | 70/184 kB | 53/58 kBProgress (5): 38 kB | 60 kB | 22 kB | 70/184 kB | 57/58 kBProgress (5): 38 kB | 60 kB | 22 kB | 74/184 kB | 57/58 kBProgress (5): 38 kB | 60 kB | 22 kB | 74/184 kB | 58 kB   Progress (5): 38 kB | 60 kB | 22 kB | 78/184 kB | 58 kBProgress (5): 38 kB | 60 kB | 22 kB | 82/184 kB | 58 kBProgress (5): 38 kB | 60 kB | 22 kB | 86/184 kB | 58 kBProgress (5): 38 kB | 60 kB | 22 kB | 90/184 kB | 58 kBProgress (5): 38 kB | 60 kB | 22 kB | 94/184 kB | 58 kBProgress (5): 38 kB | 60 kB | 22 kB | 98/184 kB | 58 kBProgress (5): 38 kB | 60 kB | 22 kB | 102/184 kB | 58 kBProgress (5): 38 kB | 60 kB | 22 kB | 106/184 kB | 58 kBProgress (5): 38 kB | 60 kB | 22 kB | 111/184 kB | 58 kBProgress (5): 38 kB | 60 kB | 22 kB | 115/184 kB | 58 kBProgress (5): 38 kB | 60 kB | 22 kB | 119/184 kB | 58 kBProgress (5): 38 kB | 60 kB | 22 kB | 123/184 kB | 58 kBProgress (5): 38 kB | 60 kB | 22 kB | 127/184 kB | 58 kBProgress (5): 38 kB | 60 kB | 22 kB | 131/184 kB | 58 kB                                                        Downloaded from central: https://repo.maven.apache.org/maven2/org/apache/maven/maven-archiver/2.5/maven-archiver-2.5.jar (22 kB at 1.1 MB/s)
[4aa45452-98b2-4bff-a6cc-8c574ff1706f/build]   | Downloading from central: https://repo.maven.apache.org/maven2/commons-lang/commons-lang/2.1/commons-lang-2.1.jar
[4aa45452-98b2-4bff-a6cc-8c574ff1706f/build]   | Progress (4): 38 kB | 60 kB | 135/184 kB | 58 kBProgress (4): 38 kB | 60 kB | 139/184 kB | 58 kBProgress (4): 38 kB | 60 kB | 143/184 kB | 58 kBProgress (4): 38 kB | 60 kB | 147/184 kB | 58 kBProgress (4): 38 kB | 60 kB | 152/184 kB | 58 kBProgress (4): 38 kB | 60 kB | 156/184 kB | 58 kBProgress (4): 38 kB | 60 kB | 160/184 kB | 58 kBProgress (4): 38 kB | 60 kB | 164/184 kB | 58 kBProgress (4): 38 kB | 60 kB | 168/184 kB | 58 kBProgress (4): 38 kB | 60 kB | 172/184 kB | 58 kBProgress (4): 38 kB | 60 kB | 176/184 kB | 58 kBProgress (4): 38 kB | 60 kB | 180/184 kB | 58 kBProgress (4): 38 kB | 60 kB | 184/184 kB | 58 kBProgress (4): 38 kB | 60 kB | 184 kB | 58 kB                                                Downloaded from central: https://repo.maven.apache.org/maven2/org/codehaus/plexus/plexus-interpolation/1.15/plexus-interpolation-1.15.jar (60 kB at 2.9 MB/s)
[4aa45452-98b2-4bff-a6cc-8c574ff1706f/build]   | Downloaded from central: https://repo.maven.apache.org/maven2/classworlds/classworlds/1.1-alpha-2/classworlds-1.1-alpha-2.jar (38 kB at 1.6 MB/s)
[4aa45452-98b2-4bff-a6cc-8c574ff1706f/build]   | Downloaded from central: https://repo.maven.apache.org/maven2/org/codehaus/plexus/plexus-io/2.0.2/plexus-io-2.0.2.jar (58 kB at 2.4 MB/s)
[4aa45452-98b2-4bff-a6cc-8c574ff1706f/build]   | Progress (2): 184 kB | 4.1/208 kBProgress (2): 184 kB | 8.2/208 kBProgress (2): 184 kB | 12/208 kB Progress (2): 184 kB | 16/208 kBProgress (2): 184 kB | 20/208 kBProgress (2): 184 kB | 24/208 kBProgress (2): 184 kB | 28/208 kBProgress (2): 184 kB | 32/208 kB                                Downloaded from central: https://repo.maven.apache.org/maven2/org/codehaus/plexus/plexus-archiver/2.1/plexus-archiver-2.1.jar (184 kB at 6.6 MB/s)
[4aa45452-98b2-4bff-a6cc-8c574ff1706f/build]   | Progress (1): 36/208 kBProgress (1): 40/208 kBProgress (1): 44/208 kBProgress (1): 49/208 kBProgress (1): 53/208 kBProgress (1): 57/208 kBProgress (1): 61/208 kBProgress (1): 65/208 kBProgress (1): 69/208 kBProgress (1): 73/208 kBProgress (1): 77/208 kBProgress (1): 81/208 kBProgress (1): 85/208 kBProgress (1): 90/208 kBProgress (1): 94/208 kBProgress (1): 98/208 kBProgress (1): 102/208 kBProgress (1): 106/208 kBProgress (1): 110/208 kBProgress (1): 114/208 kBProgress (1): 118/208 kBProgress (1): 122/208 kBProgress (1): 126/208 kBProgress (1): 130/208 kBProgress (1): 135/208 kBProgress (1): 139/208 kBProgress (1): 143/208 kBProgress (1): 147/208 kBProgress (1): 151/208 kBProgress (1): 155/208 kBProgress (1): 159/208 kBProgress (1): 163/208 kBProgress (1): 167/208 kBProgress (1): 171/208 kBProgress (1): 176/208 kBProgress (1): 180/208 kBProgress (1): 184/208 kBProgress (1): 188/208 kBProgress (1): 192/208 kBProgress (1): 196/208 kBProgress (1): 200/208 kBProgress (1): 204/208 kBProgress (1): 208 kB                        Downloaded from central: https://repo.maven.apache.org/maven2/commons-lang/commons-lang/2.1/commons-lang-2.1.jar (208 kB at 3.6 MB/s)
[4aa45452-98b2-4bff-a6cc-8c574ff1706f/build]   | [INFO] Building jar: /tmp/254a46a6-e79f-42c2-9394-a9c012e14999/target/sped-1.0.2-SNAPSHOT.jar
[4aa45452-98b2-4bff-a6cc-8c574ff1706f/build]   | [INFO] ------------------------------------------------------------------------
[4aa45452-98b2-4bff-a6cc-8c574ff1706f/build]   | [INFO] BUILD SUCCESS
[4aa45452-98b2-4bff-a6cc-8c574ff1706f/build]   | [INFO] ------------------------------------------------------------------------
[4aa45452-98b2-4bff-a6cc-8c574ff1706f/build]   | [INFO] Total time:  11.506 s
[4aa45452-98b2-4bff-a6cc-8c574ff1706f/build]   | [INFO] Finished at: 2023-11-24T19:35:19Z
[4aa45452-98b2-4bff-a6cc-8c574ff1706f/build]   | [INFO] ------------------------------------------------------------------------
[4aa45452-98b2-4bff-a6cc-8c574ff1706f/build]   ‚úÖ  Success - Main Maven package
[4aa45452-98b2-4bff-a6cc-8c574ff1706f/build] unable to get git ref: failed to identify reference (tag/branch) for the checked-out revision '47840abce60c9773a19320beacaa958952f3b3e3'
[4aa45452-98b2-4bff-a6cc-8c574ff1706f/build] unable to get git ref: failed to identify reference (tag/branch) for the checked-out revision '47840abce60c9773a19320beacaa958952f3b3e3'
[4aa45452-98b2-4bff-a6cc-8c574ff1706f/build] unable to get git ref: failed to identify reference (tag/branch) for the checked-out revision '47840abce60c9773a19320beacaa958952f3b3e3'
[4aa45452-98b2-4bff-a6cc-8c574ff1706f/build] unable to get git ref: failed to identify reference (tag/branch) for the checked-out revision '47840abce60c9773a19320beacaa958952f3b3e3'
[4aa45452-98b2-4bff-a6cc-8c574ff1706f/build] unable to get git ref: failed to identify reference (tag/branch) for the checked-out revision '47840abce60c9773a19320beacaa958952f3b3e3'
[4aa45452-98b2-4bff-a6cc-8c574ff1706f/build] ‚≠ê Run Post actions/setup-java@v3
[4aa45452-98b2-4bff-a6cc-8c574ff1706f/build]   üê≥  docker exec cmd=[node /var/run/act/actions/actions-setup-java@v3/dist/cleanup/index.js] user= workdir=
[4aa45452-98b2-4bff-a6cc-8c574ff1706f/build]   ‚úÖ  Success - Post actions/setup-java@v3
[4aa45452-98b2-4bff-a6cc-8c574ff1706f/build] üèÅ  Job succeeded
[4aa45452-98b2-4bff-a6cc-8c574ff1706f/build] unable to get git ref: failed to identify reference (tag/branch) for the checked-out revision '47840abce60c9773a19320beacaa958952f3b3e3'
