[3d3e6a6d-a746-4687-abd2-06dc6a376089/build] üöÄ  Start image=gitbugactions:latest
[3d3e6a6d-a746-4687-abd2-06dc6a376089/build]   üê≥  docker pull image=gitbugactions:latest platform= username= forcePull=false
[3d3e6a6d-a746-4687-abd2-06dc6a376089/build]   üê≥  docker create image=gitbugactions:latest platform= entrypoint=["tail" "-f" "/dev/null"] cmd=[]
[3d3e6a6d-a746-4687-abd2-06dc6a376089/build]   üê≥  docker run image=gitbugactions:latest platform= entrypoint=["tail" "-f" "/dev/null"] cmd=[]
[3d3e6a6d-a746-4687-abd2-06dc6a376089/build]   üê≥  docker exec cmd=[chown -R 1012:1013 /tmp/7c89ba32-9821-4414-b02d-b9cbb015ffa7] user=0 workdir=
[3d3e6a6d-a746-4687-abd2-06dc6a376089/build] unable to get git ref: failed to identify reference (tag/branch) for the checked-out revision '7a73ea56d05ff1f0fa085da259d02cb247b29db8'
[3d3e6a6d-a746-4687-abd2-06dc6a376089/build] unable to get git ref: failed to identify reference (tag/branch) for the checked-out revision '7a73ea56d05ff1f0fa085da259d02cb247b29db8'
[3d3e6a6d-a746-4687-abd2-06dc6a376089/build] unable to get git ref: failed to identify reference (tag/branch) for the checked-out revision '7a73ea56d05ff1f0fa085da259d02cb247b29db8'
[3d3e6a6d-a746-4687-abd2-06dc6a376089/build] unable to get git ref: failed to identify reference (tag/branch) for the checked-out revision '7a73ea56d05ff1f0fa085da259d02cb247b29db8'
[3d3e6a6d-a746-4687-abd2-06dc6a376089/build] unable to get git ref: failed to identify reference (tag/branch) for the checked-out revision '7a73ea56d05ff1f0fa085da259d02cb247b29db8'
[3d3e6a6d-a746-4687-abd2-06dc6a376089/build] unable to get git ref: failed to identify reference (tag/branch) for the checked-out revision '7a73ea56d05ff1f0fa085da259d02cb247b29db8'
[3d3e6a6d-a746-4687-abd2-06dc6a376089/build] unable to get git ref: failed to identify reference (tag/branch) for the checked-out revision '7a73ea56d05ff1f0fa085da259d02cb247b29db8'
[3d3e6a6d-a746-4687-abd2-06dc6a376089/build] unable to get git ref: failed to identify reference (tag/branch) for the checked-out revision '7a73ea56d05ff1f0fa085da259d02cb247b29db8'
[3d3e6a6d-a746-4687-abd2-06dc6a376089/build] unable to get git ref: failed to identify reference (tag/branch) for the checked-out revision '7a73ea56d05ff1f0fa085da259d02cb247b29db8'
[3d3e6a6d-a746-4687-abd2-06dc6a376089/build] ‚≠ê Run Main Checkout code
[3d3e6a6d-a746-4687-abd2-06dc6a376089/build] unable to get git ref: failed to identify reference (tag/branch) for the checked-out revision '7a73ea56d05ff1f0fa085da259d02cb247b29db8'
[3d3e6a6d-a746-4687-abd2-06dc6a376089/build] unable to get git ref: failed to identify reference (tag/branch) for the checked-out revision '7a73ea56d05ff1f0fa085da259d02cb247b29db8'
[3d3e6a6d-a746-4687-abd2-06dc6a376089/build]   üê≥  docker cp src=/tmp/7c89ba32-9821-4414-b02d-b9cbb015ffa7/. dst=/tmp/7c89ba32-9821-4414-b02d-b9cbb015ffa7
[3d3e6a6d-a746-4687-abd2-06dc6a376089/build]   üê≥  docker exec cmd=[chown -R 1012:1013 /tmp/7c89ba32-9821-4414-b02d-b9cbb015ffa7] user=0 workdir=
[3d3e6a6d-a746-4687-abd2-06dc6a376089/build]   ‚úÖ  Success - Main Checkout code
[3d3e6a6d-a746-4687-abd2-06dc6a376089/build] unable to get git ref: failed to identify reference (tag/branch) for the checked-out revision '7a73ea56d05ff1f0fa085da259d02cb247b29db8'
[3d3e6a6d-a746-4687-abd2-06dc6a376089/build] unable to get git ref: failed to identify reference (tag/branch) for the checked-out revision '7a73ea56d05ff1f0fa085da259d02cb247b29db8'
[3d3e6a6d-a746-4687-abd2-06dc6a376089/build] unable to get git ref: failed to identify reference (tag/branch) for the checked-out revision '7a73ea56d05ff1f0fa085da259d02cb247b29db8'
[3d3e6a6d-a746-4687-abd2-06dc6a376089/build] unable to get git ref: failed to identify reference (tag/branch) for the checked-out revision '7a73ea56d05ff1f0fa085da259d02cb247b29db8'
[3d3e6a6d-a746-4687-abd2-06dc6a376089/build] unable to get git ref: failed to identify reference (tag/branch) for the checked-out revision '7a73ea56d05ff1f0fa085da259d02cb247b29db8'
[3d3e6a6d-a746-4687-abd2-06dc6a376089/build] ‚≠ê Run Main Set up JDK
[3d3e6a6d-a746-4687-abd2-06dc6a376089/build] unable to get git ref: failed to identify reference (tag/branch) for the checked-out revision '7a73ea56d05ff1f0fa085da259d02cb247b29db8'
[3d3e6a6d-a746-4687-abd2-06dc6a376089/build] unable to get git ref: failed to identify reference (tag/branch) for the checked-out revision '7a73ea56d05ff1f0fa085da259d02cb247b29db8'
[3d3e6a6d-a746-4687-abd2-06dc6a376089/build] unable to get git ref: failed to identify reference (tag/branch) for the checked-out revision '7a73ea56d05ff1f0fa085da259d02cb247b29db8'
[3d3e6a6d-a746-4687-abd2-06dc6a376089/build]   üê≥  docker cp src=/tmp/act-cache/e4b04cf7-4a55-49de-a912-145f3d16b8ca/act/actions-setup-java@v3/ dst=/var/run/act/actions/actions-setup-java@v3/
[3d3e6a6d-a746-4687-abd2-06dc6a376089/build]   üê≥  docker exec cmd=[chown -R 1012:1013 /var/run/act/actions/actions-setup-java@v3/] user=0 workdir=
[3d3e6a6d-a746-4687-abd2-06dc6a376089/build]   üê≥  docker exec cmd=[node /var/run/act/actions/actions-setup-java@v3/dist/setup/index.js] user= workdir=
[3d3e6a6d-a746-4687-abd2-06dc6a376089/build]   ‚ùì  ::group::Installed distributions
[3d3e6a6d-a746-4687-abd2-06dc6a376089/build]   üí¨  ::debug::isExplicit: 11.0.20-1
[3d3e6a6d-a746-4687-abd2-06dc6a376089/build]   üí¨  ::debug::explicit? true
[3d3e6a6d-a746-4687-abd2-06dc6a376089/build]   üí¨  ::debug::isExplicit: 17.0.8-1
[3d3e6a6d-a746-4687-abd2-06dc6a376089/build]   üí¨  ::debug::explicit? true
[3d3e6a6d-a746-4687-abd2-06dc6a376089/build]   üí¨  ::debug::isExplicit: 21.0.0-35
[3d3e6a6d-a746-4687-abd2-06dc6a376089/build]   üí¨  ::debug::explicit? true
[3d3e6a6d-a746-4687-abd2-06dc6a376089/build]   üí¨  ::debug::isExplicit: 8.0.382-5
[3d3e6a6d-a746-4687-abd2-06dc6a376089/build]   üí¨  ::debug::explicit? true
[3d3e6a6d-a746-4687-abd2-06dc6a376089/build]   | Resolved Java 17.0.8+1 from tool-cache
[3d3e6a6d-a746-4687-abd2-06dc6a376089/build]   | Setting Java 17.0.8+1 as the default
[3d3e6a6d-a746-4687-abd2-06dc6a376089/build]   | Creating toolchains.xml for JDK version 17 from temurin
[3d3e6a6d-a746-4687-abd2-06dc6a376089/build]   | Writing to /home/runner/.m2/toolchains.xml
[3d3e6a6d-a746-4687-abd2-06dc6a376089/build]   | 
[3d3e6a6d-a746-4687-abd2-06dc6a376089/build]   | Java configuration:
[3d3e6a6d-a746-4687-abd2-06dc6a376089/build]   |   Distribution: temurin
[3d3e6a6d-a746-4687-abd2-06dc6a376089/build]   |   Version: 17.0.8+1
[3d3e6a6d-a746-4687-abd2-06dc6a376089/build]   |   Path: /opt/hostedtoolcache/Java_Temurin-Hotspot_jdk/17.0.8-1/x64
[3d3e6a6d-a746-4687-abd2-06dc6a376089/build]   | 
[3d3e6a6d-a746-4687-abd2-06dc6a376089/build]   ‚ùì  ::endgroup::
[3d3e6a6d-a746-4687-abd2-06dc6a376089/build]   ‚ùì add-matcher /run/act/actions/actions-setup-java@v3/.github/java.json
[3d3e6a6d-a746-4687-abd2-06dc6a376089/build]   | Creating settings.xml with server-id: github
[3d3e6a6d-a746-4687-abd2-06dc6a376089/build]   | Writing to /home/runner/.m2/settings.xml
[3d3e6a6d-a746-4687-abd2-06dc6a376089/build]   ‚úÖ  Success - Main Set up JDK
[3d3e6a6d-a746-4687-abd2-06dc6a376089/build]   ‚öô  ::set-env:: JAVA_HOME=/opt/hostedtoolcache/Java_Temurin-Hotspot_jdk/17.0.8-1/x64
[3d3e6a6d-a746-4687-abd2-06dc6a376089/build]   ‚öô  ::set-env:: JAVA_HOME_17_X64=/opt/hostedtoolcache/Java_Temurin-Hotspot_jdk/17.0.8-1/x64
[3d3e6a6d-a746-4687-abd2-06dc6a376089/build]   ‚öô  ::set-output:: distribution=Temurin-Hotspot
[3d3e6a6d-a746-4687-abd2-06dc6a376089/build]   ‚öô  ::set-output:: path=/opt/hostedtoolcache/Java_Temurin-Hotspot_jdk/17.0.8-1/x64
[3d3e6a6d-a746-4687-abd2-06dc6a376089/build]   ‚öô  ::set-output:: version=17.0.8+1
[3d3e6a6d-a746-4687-abd2-06dc6a376089/build]   ‚öô  ::add-path:: /opt/hostedtoolcache/Java_Temurin-Hotspot_jdk/17.0.8-1/x64/bin
[3d3e6a6d-a746-4687-abd2-06dc6a376089/build] unable to get git ref: failed to identify reference (tag/branch) for the checked-out revision '7a73ea56d05ff1f0fa085da259d02cb247b29db8'
[3d3e6a6d-a746-4687-abd2-06dc6a376089/build] unable to get git ref: failed to identify reference (tag/branch) for the checked-out revision '7a73ea56d05ff1f0fa085da259d02cb247b29db8'
[3d3e6a6d-a746-4687-abd2-06dc6a376089/build] unable to get git ref: failed to identify reference (tag/branch) for the checked-out revision '7a73ea56d05ff1f0fa085da259d02cb247b29db8'
[3d3e6a6d-a746-4687-abd2-06dc6a376089/build] unable to get git ref: failed to identify reference (tag/branch) for the checked-out revision '7a73ea56d05ff1f0fa085da259d02cb247b29db8'
[3d3e6a6d-a746-4687-abd2-06dc6a376089/build] unable to get git ref: failed to identify reference (tag/branch) for the checked-out revision '7a73ea56d05ff1f0fa085da259d02cb247b29db8'
[3d3e6a6d-a746-4687-abd2-06dc6a376089/build] ‚≠ê Run Main Build with Maven
[3d3e6a6d-a746-4687-abd2-06dc6a376089/build] unable to get git ref: failed to identify reference (tag/branch) for the checked-out revision '7a73ea56d05ff1f0fa085da259d02cb247b29db8'
[3d3e6a6d-a746-4687-abd2-06dc6a376089/build] unable to get git ref: failed to identify reference (tag/branch) for the checked-out revision '7a73ea56d05ff1f0fa085da259d02cb247b29db8'
[3d3e6a6d-a746-4687-abd2-06dc6a376089/build] unable to get git ref: failed to identify reference (tag/branch) for the checked-out revision '7a73ea56d05ff1f0fa085da259d02cb247b29db8'
[3d3e6a6d-a746-4687-abd2-06dc6a376089/build] unable to get git ref: failed to identify reference (tag/branch) for the checked-out revision '7a73ea56d05ff1f0fa085da259d02cb247b29db8'
[3d3e6a6d-a746-4687-abd2-06dc6a376089/build]   üê≥  docker exec cmd=[bash --noprofile --norc -e -o pipefail /var/run/act/workflow/2] user= workdir=
[3d3e6a6d-a746-4687-abd2-06dc6a376089/build]   | [INFO] Scanning for projects...
[3d3e6a6d-a746-4687-abd2-06dc6a376089/build]   | [INFO] 
[3d3e6a6d-a746-4687-abd2-06dc6a376089/build]   | [INFO] ----------< com.studyalgorithms.javasolutions:java-solutions >----------
[3d3e6a6d-a746-4687-abd2-06dc6a376089/build]   | [INFO] Building java-solutions 1.0-SNAPSHOT
[3d3e6a6d-a746-4687-abd2-06dc6a376089/build]   | [INFO]   from pom.xml
[3d3e6a6d-a746-4687-abd2-06dc6a376089/build]   | [INFO] --------------------------------[ jar ]---------------------------------
[3d3e6a6d-a746-4687-abd2-06dc6a376089/build]   | [INFO] Downloading from central: https://repo.maven.apache.org/maven2/org/apache/maven/plugins/maven-resources-plugin/3.0.2/maven-resources-plugin-3.0.2.pom
[3d3e6a6d-a746-4687-abd2-06dc6a376089/build]   | [INFO] Downloaded from central: https://repo.maven.apache.org/maven2/org/apache/maven/plugins/maven-resources-plugin/3.0.2/maven-resources-plugin-3.0.2.pom (7.1 kB at 26 kB/s)
[3d3e6a6d-a746-4687-abd2-06dc6a376089/build]   | [INFO] Downloading from central: https://repo.maven.apache.org/maven2/org/apache/maven/plugins/maven-plugins/30/maven-plugins-30.pom
[3d3e6a6d-a746-4687-abd2-06dc6a376089/build]   | [INFO] Downloaded from central: https://repo.maven.apache.org/maven2/org/apache/maven/plugins/maven-plugins/30/maven-plugins-30.pom (10 kB at 377 kB/s)
[3d3e6a6d-a746-4687-abd2-06dc6a376089/build]   | [INFO] Downloading from central: https://repo.maven.apache.org/maven2/org/apache/maven/maven-parent/30/maven-parent-30.pom
[3d3e6a6d-a746-4687-abd2-06dc6a376089/build]   | [INFO] Downloaded from central: https://repo.maven.apache.org/maven2/org/apache/maven/maven-parent/30/maven-parent-30.pom (41 kB at 879 kB/s)
[3d3e6a6d-a746-4687-abd2-06dc6a376089/build]   | [INFO] Downloading from central: https://repo.maven.apache.org/maven2/org/apache/apache/18/apache-18.pom
[3d3e6a6d-a746-4687-abd2-06dc6a376089/build]   | [INFO] Downloaded from central: https://repo.maven.apache.org/maven2/org/apache/apache/18/apache-18.pom (16 kB at 681 kB/s)
[3d3e6a6d-a746-4687-abd2-06dc6a376089/build]   | [INFO] Downloading from central: https://repo.maven.apache.org/maven2/org/apache/maven/plugins/maven-resources-plugin/3.0.2/maven-resources-plugin-3.0.2.jar
[3d3e6a6d-a746-4687-abd2-06dc6a376089/build]   | [INFO] Downloaded from central: https://repo.maven.apache.org/maven2/org/apache/maven/plugins/maven-resources-plugin/3.0.2/maven-resources-plugin-3.0.2.jar (32 kB at 961 kB/s)
[3d3e6a6d-a746-4687-abd2-06dc6a376089/build]   | [INFO] Downloading from central: https://repo.maven.apache.org/maven2/org/apache/maven/plugins/maven-compiler-plugin/3.8.0/maven-compiler-plugin-3.8.0.pom
[3d3e6a6d-a746-4687-abd2-06dc6a376089/build]   | [INFO] Downloaded from central: https://repo.maven.apache.org/maven2/org/apache/maven/plugins/maven-compiler-plugin/3.8.0/maven-compiler-plugin-3.8.0.pom (12 kB at 956 kB/s)
[3d3e6a6d-a746-4687-abd2-06dc6a376089/build]   | [INFO] Downloading from central: https://repo.maven.apache.org/maven2/org/apache/maven/plugins/maven-plugins/32/maven-plugins-32.pom
[3d3e6a6d-a746-4687-abd2-06dc6a376089/build]   | [INFO] Downloaded from central: https://repo.maven.apache.org/maven2/org/apache/maven/plugins/maven-plugins/32/maven-plugins-32.pom (11 kB at 594 kB/s)
[3d3e6a6d-a746-4687-abd2-06dc6a376089/build]   | [INFO] Downloading from central: https://repo.maven.apache.org/maven2/org/apache/maven/maven-parent/32/maven-parent-32.pom
[3d3e6a6d-a746-4687-abd2-06dc6a376089/build]   | [INFO] Downloaded from central: https://repo.maven.apache.org/maven2/org/apache/maven/maven-parent/32/maven-parent-32.pom (43 kB at 2.0 MB/s)
[3d3e6a6d-a746-4687-abd2-06dc6a376089/build]   | [INFO] Downloading from central: https://repo.maven.apache.org/maven2/org/apache/apache/20/apache-20.pom
[3d3e6a6d-a746-4687-abd2-06dc6a376089/build]   | [INFO] Downloaded from central: https://repo.maven.apache.org/maven2/org/apache/apache/20/apache-20.pom (16 kB at 660 kB/s)
[3d3e6a6d-a746-4687-abd2-06dc6a376089/build]   | [INFO] Downloading from central: https://repo.maven.apache.org/maven2/org/apache/maven/plugins/maven-compiler-plugin/3.8.0/maven-compiler-plugin-3.8.0.jar
[3d3e6a6d-a746-4687-abd2-06dc6a376089/build]   | [INFO] Downloaded from central: https://repo.maven.apache.org/maven2/org/apache/maven/plugins/maven-compiler-plugin/3.8.0/maven-compiler-plugin-3.8.0.jar (62 kB at 3.6 MB/s)
[3d3e6a6d-a746-4687-abd2-06dc6a376089/build]   | [INFO] Downloading from central: https://repo.maven.apache.org/maven2/org/apache/maven/plugins/maven-surefire-plugin/2.22.1/maven-surefire-plugin-2.22.1.pom
[3d3e6a6d-a746-4687-abd2-06dc6a376089/build]   | [INFO] Downloaded from central: https://repo.maven.apache.org/maven2/org/apache/maven/plugins/maven-surefire-plugin/2.22.1/maven-surefire-plugin-2.22.1.pom (5.0 kB at 333 kB/s)
[3d3e6a6d-a746-4687-abd2-06dc6a376089/build]   | [INFO] Downloading from central: https://repo.maven.apache.org/maven2/org/apache/maven/surefire/surefire/2.22.1/surefire-2.22.1.pom
[3d3e6a6d-a746-4687-abd2-06dc6a376089/build]   | [INFO] Downloaded from central: https://repo.maven.apache.org/maven2/org/apache/maven/surefire/surefire/2.22.1/surefire-2.22.1.pom (26 kB at 2.2 MB/s)
[3d3e6a6d-a746-4687-abd2-06dc6a376089/build]   | [INFO] Downloading from central: https://repo.maven.apache.org/maven2/org/apache/maven/maven-parent/33/maven-parent-33.pom
[3d3e6a6d-a746-4687-abd2-06dc6a376089/build]   | [INFO] Downloaded from central: https://repo.maven.apache.org/maven2/org/apache/maven/maven-parent/33/maven-parent-33.pom (44 kB at 1.6 MB/s)
[3d3e6a6d-a746-4687-abd2-06dc6a376089/build]   | [INFO] Downloading from central: https://repo.maven.apache.org/maven2/org/apache/apache/21/apache-21.pom
[3d3e6a6d-a746-4687-abd2-06dc6a376089/build]   | [INFO] Downloaded from central: https://repo.maven.apache.org/maven2/org/apache/apache/21/apache-21.pom (17 kB at 950 kB/s)
[3d3e6a6d-a746-4687-abd2-06dc6a376089/build]   | [INFO] Downloading from central: https://repo.maven.apache.org/maven2/org/apache/maven/plugins/maven-surefire-plugin/2.22.1/maven-surefire-plugin-2.22.1.jar
[3d3e6a6d-a746-4687-abd2-06dc6a376089/build]   | [INFO] Downloaded from central: https://repo.maven.apache.org/maven2/org/apache/maven/plugins/maven-surefire-plugin/2.22.1/maven-surefire-plugin-2.22.1.jar (41 kB at 1.9 MB/s)
[3d3e6a6d-a746-4687-abd2-06dc6a376089/build]   | [INFO] Downloading from central: https://repo.maven.apache.org/maven2/org/apache/maven/plugins/maven-jar-plugin/3.0.2/maven-jar-plugin-3.0.2.pom
[3d3e6a6d-a746-4687-abd2-06dc6a376089/build]   | [INFO] Downloaded from central: https://repo.maven.apache.org/maven2/org/apache/maven/plugins/maven-jar-plugin/3.0.2/maven-jar-plugin-3.0.2.pom (6.2 kB at 325 kB/s)
[3d3e6a6d-a746-4687-abd2-06dc6a376089/build]   | [INFO] Downloading from central: https://repo.maven.apache.org/maven2/org/apache/maven/plugins/maven-jar-plugin/3.0.2/maven-jar-plugin-3.0.2.jar
[3d3e6a6d-a746-4687-abd2-06dc6a376089/build]   | [INFO] Downloaded from central: https://repo.maven.apache.org/maven2/org/apache/maven/plugins/maven-jar-plugin/3.0.2/maven-jar-plugin-3.0.2.jar (27 kB at 1.2 MB/s)
[3d3e6a6d-a746-4687-abd2-06dc6a376089/build]   | [INFO] Downloading from central: https://repo.maven.apache.org/maven2/com/google/guava/guava/30.1.1-jre/guava-30.1.1-jre.pom
[3d3e6a6d-a746-4687-abd2-06dc6a376089/build]   | [INFO] Downloaded from central: https://repo.maven.apache.org/maven2/com/google/guava/guava/30.1.1-jre/guava-30.1.1-jre.pom (12 kB at 939 kB/s)
[3d3e6a6d-a746-4687-abd2-06dc6a376089/build]   | [INFO] Downloading from central: https://repo.maven.apache.org/maven2/com/google/guava/guava-parent/30.1.1-jre/guava-parent-30.1.1-jre.pom
[3d3e6a6d-a746-4687-abd2-06dc6a376089/build]   | [INFO] Downloaded from central: https://repo.maven.apache.org/maven2/com/google/guava/guava-parent/30.1.1-jre/guava-parent-30.1.1-jre.pom (14 kB at 1.1 MB/s)
[3d3e6a6d-a746-4687-abd2-06dc6a376089/build]   | [INFO] Downloading from central: https://repo.maven.apache.org/maven2/com/google/guava/failureaccess/1.0.1/failureaccess-1.0.1.pom
[3d3e6a6d-a746-4687-abd2-06dc6a376089/build]   | [INFO] Downloaded from central: https://repo.maven.apache.org/maven2/com/google/guava/failureaccess/1.0.1/failureaccess-1.0.1.pom (2.4 kB at 201 kB/s)
[3d3e6a6d-a746-4687-abd2-06dc6a376089/build]   | [INFO] Downloading from central: https://repo.maven.apache.org/maven2/com/google/guava/guava-parent/26.0-android/guava-parent-26.0-android.pom
[3d3e6a6d-a746-4687-abd2-06dc6a376089/build]   | [INFO] Downloaded from central: https://repo.maven.apache.org/maven2/com/google/guava/guava-parent/26.0-android/guava-parent-26.0-android.pom (10 kB at 424 kB/s)
[3d3e6a6d-a746-4687-abd2-06dc6a376089/build]   | [INFO] Downloading from central: https://repo.maven.apache.org/maven2/org/sonatype/oss/oss-parent/9/oss-parent-9.pom
[3d3e6a6d-a746-4687-abd2-06dc6a376089/build]   | [INFO] Downloaded from central: https://repo.maven.apache.org/maven2/org/sonatype/oss/oss-parent/9/oss-parent-9.pom (6.6 kB at 438 kB/s)
[3d3e6a6d-a746-4687-abd2-06dc6a376089/build]   | [INFO] Downloading from central: https://repo.maven.apache.org/maven2/com/google/guava/listenablefuture/9999.0-empty-to-avoid-conflict-with-guava/listenablefuture-9999.0-empty-to-avoid-conflict-with-guava.pom
[3d3e6a6d-a746-4687-abd2-06dc6a376089/build]   | [INFO] Downloaded from central: https://repo.maven.apache.org/maven2/com/google/guava/listenablefuture/9999.0-empty-to-avoid-conflict-with-guava/listenablefuture-9999.0-empty-to-avoid-conflict-with-guava.pom (2.3 kB at 175 kB/s)
[3d3e6a6d-a746-4687-abd2-06dc6a376089/build]   | [INFO] Downloading from central: https://repo.maven.apache.org/maven2/com/google/code/findbugs/jsr305/3.0.2/jsr305-3.0.2.pom
[3d3e6a6d-a746-4687-abd2-06dc6a376089/build]   | [INFO] Downloaded from central: https://repo.maven.apache.org/maven2/com/google/code/findbugs/jsr305/3.0.2/jsr305-3.0.2.pom (4.3 kB at 429 kB/s)
[3d3e6a6d-a746-4687-abd2-06dc6a376089/build]   | [INFO] Downloading from central: https://repo.maven.apache.org/maven2/org/sonatype/oss/oss-parent/7/oss-parent-7.pom
[3d3e6a6d-a746-4687-abd2-06dc6a376089/build]   | [INFO] Downloaded from central: https://repo.maven.apache.org/maven2/org/sonatype/oss/oss-parent/7/oss-parent-7.pom (4.8 kB at 302 kB/s)
[3d3e6a6d-a746-4687-abd2-06dc6a376089/build]   | [INFO] Downloading from central: https://repo.maven.apache.org/maven2/org/checkerframework/checker-qual/3.8.0/checker-qual-3.8.0.pom
[3d3e6a6d-a746-4687-abd2-06dc6a376089/build]   | [INFO] Downloaded from central: https://repo.maven.apache.org/maven2/org/checkerframework/checker-qual/3.8.0/checker-qual-3.8.0.pom (2.2 kB at 86 kB/s)
[3d3e6a6d-a746-4687-abd2-06dc6a376089/build]   | [INFO] Downloading from central: https://repo.maven.apache.org/maven2/com/google/errorprone/error_prone_annotations/2.5.1/error_prone_annotations-2.5.1.pom
[3d3e6a6d-a746-4687-abd2-06dc6a376089/build]   | [INFO] Downloaded from central: https://repo.maven.apache.org/maven2/com/google/errorprone/error_prone_annotations/2.5.1/error_prone_annotations-2.5.1.pom (2.1 kB at 78 kB/s)
[3d3e6a6d-a746-4687-abd2-06dc6a376089/build]   | [INFO] Downloading from central: https://repo.maven.apache.org/maven2/com/google/errorprone/error_prone_parent/2.5.1/error_prone_parent-2.5.1.pom
[3d3e6a6d-a746-4687-abd2-06dc6a376089/build]   | [INFO] Downloaded from central: https://repo.maven.apache.org/maven2/com/google/errorprone/error_prone_parent/2.5.1/error_prone_parent-2.5.1.pom (7.0 kB at 581 kB/s)
[3d3e6a6d-a746-4687-abd2-06dc6a376089/build]   | [INFO] Downloading from central: https://repo.maven.apache.org/maven2/com/google/j2objc/j2objc-annotations/1.3/j2objc-annotations-1.3.pom
[3d3e6a6d-a746-4687-abd2-06dc6a376089/build]   | [INFO] Downloaded from central: https://repo.maven.apache.org/maven2/com/google/j2objc/j2objc-annotations/1.3/j2objc-annotations-1.3.pom (2.8 kB at 212 kB/s)
[3d3e6a6d-a746-4687-abd2-06dc6a376089/build]   | [INFO] Downloading from central: https://repo.maven.apache.org/maven2/org/junit/jupiter/junit-jupiter-engine/5.1.0/junit-jupiter-engine-5.1.0.pom
[3d3e6a6d-a746-4687-abd2-06dc6a376089/build]   | [INFO] Downloaded from central: https://repo.maven.apache.org/maven2/org/junit/jupiter/junit-jupiter-engine/5.1.0/junit-jupiter-engine-5.1.0.pom (2.4 kB at 201 kB/s)
[3d3e6a6d-a746-4687-abd2-06dc6a376089/build]   | [INFO] Downloading from central: https://repo.maven.apache.org/maven2/org/apiguardian/apiguardian-api/1.0.0/apiguardian-api-1.0.0.pom
[3d3e6a6d-a746-4687-abd2-06dc6a376089/build]   | [INFO] Downloaded from central: https://repo.maven.apache.org/maven2/org/apiguardian/apiguardian-api/1.0.0/apiguardian-api-1.0.0.pom (1.2 kB at 97 kB/s)
[3d3e6a6d-a746-4687-abd2-06dc6a376089/build]   | [INFO] Downloading from central: https://repo.maven.apache.org/maven2/org/junit/platform/junit-platform-engine/1.1.0/junit-platform-engine-1.1.0.pom
[3d3e6a6d-a746-4687-abd2-06dc6a376089/build]   | [INFO] Downloaded from central: https://repo.maven.apache.org/maven2/org/junit/platform/junit-platform-engine/1.1.0/junit-platform-engine-1.1.0.pom (2.4 kB at 161 kB/s)
[3d3e6a6d-a746-4687-abd2-06dc6a376089/build]   | [INFO] Downloading from central: https://repo.maven.apache.org/maven2/org/junit/platform/junit-platform-commons/1.1.0/junit-platform-commons-1.1.0.pom
[3d3e6a6d-a746-4687-abd2-06dc6a376089/build]   | [INFO] Downloaded from central: https://repo.maven.apache.org/maven2/org/junit/platform/junit-platform-commons/1.1.0/junit-platform-commons-1.1.0.pom (2.0 kB at 146 kB/s)
[3d3e6a6d-a746-4687-abd2-06dc6a376089/build]   | [INFO] Downloading from central: https://repo.maven.apache.org/maven2/org/opentest4j/opentest4j/1.0.0/opentest4j-1.0.0.pom
[3d3e6a6d-a746-4687-abd2-06dc6a376089/build]   | [INFO] Downloaded from central: https://repo.maven.apache.org/maven2/org/opentest4j/opentest4j/1.0.0/opentest4j-1.0.0.pom (1.7 kB at 120 kB/s)
[3d3e6a6d-a746-4687-abd2-06dc6a376089/build]   | [INFO] Downloading from central: https://repo.maven.apache.org/maven2/org/junit/jupiter/junit-jupiter-api/5.1.0/junit-jupiter-api-5.1.0.pom
[3d3e6a6d-a746-4687-abd2-06dc6a376089/build]   | [INFO] Downloaded from central: https://repo.maven.apache.org/maven2/org/junit/jupiter/junit-jupiter-api/5.1.0/junit-jupiter-api-5.1.0.pom (2.4 kB at 184 kB/s)
[3d3e6a6d-a746-4687-abd2-06dc6a376089/build]   | [INFO] Downloading from central: https://repo.maven.apache.org/maven2/com/google/guava/guava/30.1.1-jre/guava-30.1.1-jre.jar
[3d3e6a6d-a746-4687-abd2-06dc6a376089/build]   | [INFO] Downloading from central: https://repo.maven.apache.org/maven2/com/google/guava/failureaccess/1.0.1/failureaccess-1.0.1.jar
[3d3e6a6d-a746-4687-abd2-06dc6a376089/build]   | [INFO] Downloading from central: https://repo.maven.apache.org/maven2/com/google/guava/listenablefuture/9999.0-empty-to-avoid-conflict-with-guava/listenablefuture-9999.0-empty-to-avoid-conflict-with-guava.jar
[3d3e6a6d-a746-4687-abd2-06dc6a376089/build]   | [INFO] Downloading from central: https://repo.maven.apache.org/maven2/com/google/code/findbugs/jsr305/3.0.2/jsr305-3.0.2.jar
[3d3e6a6d-a746-4687-abd2-06dc6a376089/build]   | [INFO] Downloading from central: https://repo.maven.apache.org/maven2/org/checkerframework/checker-qual/3.8.0/checker-qual-3.8.0.jar
[3d3e6a6d-a746-4687-abd2-06dc6a376089/build]   | [INFO] Downloaded from central: https://repo.maven.apache.org/maven2/com/google/guava/failureaccess/1.0.1/failureaccess-1.0.1.jar (4.6 kB at 462 kB/s)
[3d3e6a6d-a746-4687-abd2-06dc6a376089/build]   | [INFO] Downloading from central: https://repo.maven.apache.org/maven2/com/google/errorprone/error_prone_annotations/2.5.1/error_prone_annotations-2.5.1.jar
[3d3e6a6d-a746-4687-abd2-06dc6a376089/build]   | [INFO] Downloaded from central: https://repo.maven.apache.org/maven2/com/google/errorprone/error_prone_annotations/2.5.1/error_prone_annotations-2.5.1.jar (14 kB at 660 kB/s)
[3d3e6a6d-a746-4687-abd2-06dc6a376089/build]   | [INFO] Downloading from central: https://repo.maven.apache.org/maven2/com/google/j2objc/j2objc-annotations/1.3/j2objc-annotations-1.3.jar
[3d3e6a6d-a746-4687-abd2-06dc6a376089/build]   | [INFO] Downloaded from central: https://repo.maven.apache.org/maven2/com/google/guava/listenablefuture/9999.0-empty-to-avoid-conflict-with-guava/listenablefuture-9999.0-empty-to-avoid-conflict-with-guava.jar (2.2 kB at 43 kB/s)
[3d3e6a6d-a746-4687-abd2-06dc6a376089/build]   | [INFO] Downloading from central: https://repo.maven.apache.org/maven2/org/junit/jupiter/junit-jupiter-engine/5.1.0/junit-jupiter-engine-5.1.0.jar
[3d3e6a6d-a746-4687-abd2-06dc6a376089/build]   | [INFO] Downloaded from central: https://repo.maven.apache.org/maven2/com/google/j2objc/j2objc-annotations/1.3/j2objc-annotations-1.3.jar (8.8 kB at 133 kB/s)
[3d3e6a6d-a746-4687-abd2-06dc6a376089/build]   | [INFO] Downloading from central: https://repo.maven.apache.org/maven2/org/apiguardian/apiguardian-api/1.0.0/apiguardian-api-1.0.0.jar
[3d3e6a6d-a746-4687-abd2-06dc6a376089/build]   | [INFO] Downloaded from central: https://repo.maven.apache.org/maven2/com/google/code/findbugs/jsr305/3.0.2/jsr305-3.0.2.jar (20 kB at 298 kB/s)
[3d3e6a6d-a746-4687-abd2-06dc6a376089/build]   | [INFO] Downloading from central: https://repo.maven.apache.org/maven2/org/junit/platform/junit-platform-engine/1.1.0/junit-platform-engine-1.1.0.jar
[3d3e6a6d-a746-4687-abd2-06dc6a376089/build]   | [INFO] Downloaded from central: https://repo.maven.apache.org/maven2/org/checkerframework/checker-qual/3.8.0/checker-qual-3.8.0.jar (231 kB at 2.7 MB/s)
[3d3e6a6d-a746-4687-abd2-06dc6a376089/build]   | [INFO] Downloading from central: https://repo.maven.apache.org/maven2/org/junit/platform/junit-platform-commons/1.1.0/junit-platform-commons-1.1.0.jar
[3d3e6a6d-a746-4687-abd2-06dc6a376089/build]   | [INFO] Downloaded from central: https://repo.maven.apache.org/maven2/org/apiguardian/apiguardian-api/1.0.0/apiguardian-api-1.0.0.jar (2.2 kB at 25 kB/s)
[3d3e6a6d-a746-4687-abd2-06dc6a376089/build]   | [INFO] Downloading from central: https://repo.maven.apache.org/maven2/org/opentest4j/opentest4j/1.0.0/opentest4j-1.0.0.jar
[3d3e6a6d-a746-4687-abd2-06dc6a376089/build]   | [INFO] Downloaded from central: https://repo.maven.apache.org/maven2/org/junit/jupiter/junit-jupiter-engine/5.1.0/junit-jupiter-engine-5.1.0.jar (142 kB at 1.6 MB/s)
[3d3e6a6d-a746-4687-abd2-06dc6a376089/build]   | [INFO] Downloading from central: https://repo.maven.apache.org/maven2/org/junit/jupiter/junit-jupiter-api/5.1.0/junit-jupiter-api-5.1.0.jar
[3d3e6a6d-a746-4687-abd2-06dc6a376089/build]   | [INFO] Downloaded from central: https://repo.maven.apache.org/maven2/org/junit/platform/junit-platform-engine/1.1.0/junit-platform-engine-1.1.0.jar (90 kB at 992 kB/s)
[3d3e6a6d-a746-4687-abd2-06dc6a376089/build]   | [INFO] Downloaded from central: https://repo.maven.apache.org/maven2/org/junit/jupiter/junit-jupiter-api/5.1.0/junit-jupiter-api-5.1.0.jar (106 kB at 1.1 MB/s)
[3d3e6a6d-a746-4687-abd2-06dc6a376089/build]   | [INFO] Downloaded from central: https://repo.maven.apache.org/maven2/org/junit/platform/junit-platform-commons/1.1.0/junit-platform-commons-1.1.0.jar (77 kB at 771 kB/s)
[3d3e6a6d-a746-4687-abd2-06dc6a376089/build]   | [INFO] Downloaded from central: https://repo.maven.apache.org/maven2/org/opentest4j/opentest4j/1.0.0/opentest4j-1.0.0.jar (6.6 kB at 65 kB/s)
[3d3e6a6d-a746-4687-abd2-06dc6a376089/build]   | [INFO] Downloaded from central: https://repo.maven.apache.org/maven2/com/google/guava/guava/30.1.1-jre/guava-30.1.1-jre.jar (2.9 MB at 21 MB/s)
[3d3e6a6d-a746-4687-abd2-06dc6a376089/build]   | [INFO] 
[3d3e6a6d-a746-4687-abd2-06dc6a376089/build]   | [INFO] --- maven-resources-plugin:3.0.2:resources (default-resources) @ java-solutions ---
[3d3e6a6d-a746-4687-abd2-06dc6a376089/build]   | [INFO] Downloading from central: https://repo.maven.apache.org/maven2/org/apache/maven/maven-plugin-api/3.0/maven-plugin-api-3.0.pom
[3d3e6a6d-a746-4687-abd2-06dc6a376089/build]   | [INFO] Downloaded from central: https://repo.maven.apache.org/maven2/org/apache/maven/maven-plugin-api/3.0/maven-plugin-api-3.0.pom (2.3 kB at 254 kB/s)
[3d3e6a6d-a746-4687-abd2-06dc6a376089/build]   | [INFO] Downloading from central: https://repo.maven.apache.org/maven2/org/apache/maven/maven/3.0/maven-3.0.pom
[3d3e6a6d-a746-4687-abd2-06dc6a376089/build]   | [INFO] Downloaded from central: https://repo.maven.apache.org/maven2/org/apache/maven/maven/3.0/maven-3.0.pom (22 kB at 1.6 MB/s)
[3d3e6a6d-a746-4687-abd2-06dc6a376089/build]   | [INFO] Downloading from central: https://repo.maven.apache.org/maven2/org/apache/maven/maven-parent/15/maven-parent-15.pom
[3d3e6a6d-a746-4687-abd2-06dc6a376089/build]   | [INFO] Downloaded from central: https://repo.maven.apache.org/maven2/org/apache/maven/maven-parent/15/maven-parent-15.pom (24 kB at 2.2 MB/s)
[3d3e6a6d-a746-4687-abd2-06dc6a376089/build]   | [INFO] Downloading from central: https://repo.maven.apache.org/maven2/org/apache/apache/6/apache-6.pom
[3d3e6a6d-a746-4687-abd2-06dc6a376089/build]   | [INFO] Downloaded from central: https://repo.maven.apache.org/maven2/org/apache/apache/6/apache-6.pom (13 kB at 853 kB/s)
[3d3e6a6d-a746-4687-abd2-06dc6a376089/build]   | [INFO] Downloading from central: https://repo.maven.apache.org/maven2/org/apache/maven/maven-model/3.0/maven-model-3.0.pom
[3d3e6a6d-a746-4687-abd2-06dc6a376089/build]   | [INFO] Downloaded from central: https://repo.maven.apache.org/maven2/org/apache/maven/maven-model/3.0/maven-model-3.0.pom (3.9 kB at 354 kB/s)
[3d3e6a6d-a746-4687-abd2-06dc6a376089/build]   | [INFO] Downloading from central: https://repo.maven.apache.org/maven2/org/codehaus/plexus/plexus-utils/2.0.4/plexus-utils-2.0.4.pom
[3d3e6a6d-a746-4687-abd2-06dc6a376089/build]   | [INFO] Downloaded from central: https://repo.maven.apache.org/maven2/org/codehaus/plexus/plexus-utils/2.0.4/plexus-utils-2.0.4.pom (3.3 kB at 167 kB/s)
[3d3e6a6d-a746-4687-abd2-06dc6a376089/build]   | [INFO] Downloading from central: https://repo.maven.apache.org/maven2/org/codehaus/plexus/plexus/2.0.6/plexus-2.0.6.pom
[3d3e6a6d-a746-4687-abd2-06dc6a376089/build]   | [INFO] Downloaded from central: https://repo.maven.apache.org/maven2/org/codehaus/plexus/plexus/2.0.6/plexus-2.0.6.pom (17 kB at 1.2 MB/s)
[3d3e6a6d-a746-4687-abd2-06dc6a376089/build]   | [INFO] Downloading from central: https://repo.maven.apache.org/maven2/org/apache/maven/maven-artifact/3.0/maven-artifact-3.0.pom
[3d3e6a6d-a746-4687-abd2-06dc6a376089/build]   | [INFO] Downloaded from central: https://repo.maven.apache.org/maven2/org/apache/maven/maven-artifact/3.0/maven-artifact-3.0.pom (1.9 kB at 161 kB/s)
[3d3e6a6d-a746-4687-abd2-06dc6a376089/build]   | [INFO] Downloading from central: https://repo.maven.apache.org/maven2/org/sonatype/sisu/sisu-inject-plexus/1.4.2/sisu-inject-plexus-1.4.2.pom
[3d3e6a6d-a746-4687-abd2-06dc6a376089/build]   | [INFO] Downloaded from central: https://repo.maven.apache.org/maven2/org/sonatype/sisu/sisu-inject-plexus/1.4.2/sisu-inject-plexus-1.4.2.pom (5.4 kB at 283 kB/s)
[3d3e6a6d-a746-4687-abd2-06dc6a376089/build]   | [INFO] Downloading from central: https://repo.maven.apache.org/maven2/org/sonatype/sisu/inject/guice-plexus/1.4.2/guice-plexus-1.4.2.pom
[3d3e6a6d-a746-4687-abd2-06dc6a376089/build]   | [INFO] Downloaded from central: https://repo.maven.apache.org/maven2/org/sonatype/sisu/inject/guice-plexus/1.4.2/guice-plexus-1.4.2.pom (3.1 kB at 521 kB/s)
[3d3e6a6d-a746-4687-abd2-06dc6a376089/build]   | [INFO] Downloading from central: https://repo.maven.apache.org/maven2/org/sonatype/sisu/inject/guice-bean/1.4.2/guice-bean-1.4.2.pom
[3d3e6a6d-a746-4687-abd2-06dc6a376089/build]   | [INFO] Downloaded from central: https://repo.maven.apache.org/maven2/org/sonatype/sisu/inject/guice-bean/1.4.2/guice-bean-1.4.2.pom (2.6 kB at 79 kB/s)
[3d3e6a6d-a746-4687-abd2-06dc6a376089/build]   | [INFO] Downloading from central: https://repo.maven.apache.org/maven2/org/sonatype/sisu/sisu-inject/1.4.2/sisu-inject-1.4.2.pom
[3d3e6a6d-a746-4687-abd2-06dc6a376089/build]   | [INFO] Downloaded from central: https://repo.maven.apache.org/maven2/org/sonatype/sisu/sisu-inject/1.4.2/sisu-inject-1.4.2.pom (1.2 kB at 125 kB/s)
[3d3e6a6d-a746-4687-abd2-06dc6a376089/build]   | [INFO] Downloading from central: https://repo.maven.apache.org/maven2/org/sonatype/sisu/sisu-parent/1.4.2/sisu-parent-1.4.2.pom
[3d3e6a6d-a746-4687-abd2-06dc6a376089/build]   | [INFO] Downloaded from central: https://repo.maven.apache.org/maven2/org/sonatype/sisu/sisu-parent/1.4.2/sisu-parent-1.4.2.pom (7.8 kB at 518 kB/s)
[3d3e6a6d-a746-4687-abd2-06dc6a376089/build]   | [INFO] Downloading from central: https://repo.maven.apache.org/maven2/org/sonatype/forge/forge-parent/6/forge-parent-6.pom
[3d3e6a6d-a746-4687-abd2-06dc6a376089/build]   | [INFO] Downloaded from central: https://repo.maven.apache.org/maven2/org/sonatype/forge/forge-parent/6/forge-parent-6.pom (11 kB at 1.2 MB/s)
[3d3e6a6d-a746-4687-abd2-06dc6a376089/build]   | [INFO] Downloading from central: https://repo.maven.apache.org/maven2/org/codehaus/plexus/plexus-component-annotations/1.6/plexus-component-annotations-1.6.pom
[3d3e6a6d-a746-4687-abd2-06dc6a376089/build]   | [INFO] Downloaded from central: https://repo.maven.apache.org/maven2/org/codehaus/plexus/plexus-component-annotations/1.6/plexus-component-annotations-1.6.pom (748 B at 53 kB/s)
[3d3e6a6d-a746-4687-abd2-06dc6a376089/build]   | [INFO] Downloading from central: https://repo.maven.apache.org/maven2/org/codehaus/plexus/plexus-containers/1.6/plexus-containers-1.6.pom
[3d3e6a6d-a746-4687-abd2-06dc6a376089/build]   | [INFO] Downloaded from central: https://repo.maven.apache.org/maven2/org/codehaus/plexus/plexus-containers/1.6/plexus-containers-1.6.pom (3.8 kB at 139 kB/s)
[3d3e6a6d-a746-4687-abd2-06dc6a376089/build]   | [INFO] Downloading from central: https://repo.maven.apache.org/maven2/org/codehaus/plexus/plexus/3.3.2/plexus-3.3.2.pom
[3d3e6a6d-a746-4687-abd2-06dc6a376089/build]   | [INFO] Downloaded from central: https://repo.maven.apache.org/maven2/org/codehaus/plexus/plexus/3.3.2/plexus-3.3.2.pom (22 kB at 1.3 MB/s)
[3d3e6a6d-a746-4687-abd2-06dc6a376089/build]   | [INFO] Downloading from central: https://repo.maven.apache.org/maven2/org/sonatype/spice/spice-parent/17/spice-parent-17.pom
[3d3e6a6d-a746-4687-abd2-06dc6a376089/build]   | [INFO] Downloaded from central: https://repo.maven.apache.org/maven2/org/sonatype/spice/spice-parent/17/spice-parent-17.pom (6.8 kB at 676 kB/s)
[3d3e6a6d-a746-4687-abd2-06dc6a376089/build]   | [INFO] Downloading from central: https://repo.maven.apache.org/maven2/org/sonatype/forge/forge-parent/10/forge-parent-10.pom
[3d3e6a6d-a746-4687-abd2-06dc6a376089/build]   | [INFO] Downloaded from central: https://repo.maven.apache.org/maven2/org/sonatype/forge/forge-parent/10/forge-parent-10.pom (14 kB at 1.4 MB/s)
[3d3e6a6d-a746-4687-abd2-06dc6a376089/build]   | [INFO] Downloading from central: https://repo.maven.apache.org/maven2/org/codehaus/plexus/plexus-classworlds/2.2.3/plexus-classworlds-2.2.3.pom
[3d3e6a6d-a746-4687-abd2-06dc6a376089/build]   | [INFO] Downloaded from central: https://repo.maven.apache.org/maven2/org/codehaus/plexus/plexus-classworlds/2.2.3/plexus-classworlds-2.2.3.pom (4.0 kB at 400 kB/s)
[3d3e6a6d-a746-4687-abd2-06dc6a376089/build]   | [INFO] Downloading from central: https://repo.maven.apache.org/maven2/org/codehaus/plexus/plexus-utils/2.0.5/plexus-utils-2.0.5.pom
[3d3e6a6d-a746-4687-abd2-06dc6a376089/build]   | [INFO] Downloaded from central: https://repo.maven.apache.org/maven2/org/codehaus/plexus/plexus-utils/2.0.5/plexus-utils-2.0.5.pom (3.3 kB at 222 kB/s)
[3d3e6a6d-a746-4687-abd2-06dc6a376089/build]   | [INFO] Downloading from central: https://repo.maven.apache.org/maven2/org/sonatype/sisu/sisu-inject-bean/1.4.2/sisu-inject-bean-1.4.2.pom
[3d3e6a6d-a746-4687-abd2-06dc6a376089/build]   | [INFO] Downloaded from central: https://repo.maven.apache.org/maven2/org/sonatype/sisu/sisu-inject-bean/1.4.2/sisu-inject-bean-1.4.2.pom (5.5 kB at 420 kB/s)
[3d3e6a6d-a746-4687-abd2-06dc6a376089/build]   | [INFO] Downloading from central: https://repo.maven.apache.org/maven2/org/sonatype/sisu/sisu-guice/2.1.7/sisu-guice-2.1.7.pom
[3d3e6a6d-a746-4687-abd2-06dc6a376089/build]   | [INFO] Downloaded from central: https://repo.maven.apache.org/maven2/org/sonatype/sisu/sisu-guice/2.1.7/sisu-guice-2.1.7.pom (11 kB at 922 kB/s)
[3d3e6a6d-a746-4687-abd2-06dc6a376089/build]   | [INFO] Downloading from central: https://repo.maven.apache.org/maven2/org/apache/maven/maven-core/3.0/maven-core-3.0.pom
[3d3e6a6d-a746-4687-abd2-06dc6a376089/build]   | [INFO] Downloaded from central: https://repo.maven.apache.org/maven2/org/apache/maven/maven-core/3.0/maven-core-3.0.pom (6.6 kB at 414 kB/s)
[3d3e6a6d-a746-4687-abd2-06dc6a376089/build]   | [INFO] Downloading from central: https://repo.maven.apache.org/maven2/org/apache/maven/maven-settings/3.0/maven-settings-3.0.pom
[3d3e6a6d-a746-4687-abd2-06dc6a376089/build]   | [INFO] Downloaded from central: https://repo.maven.apache.org/maven2/org/apache/maven/maven-settings/3.0/maven-settings-3.0.pom (1.9 kB at 157 kB/s)
[3d3e6a6d-a746-4687-abd2-06dc6a376089/build]   | [INFO] Downloading from central: https://repo.maven.apache.org/maven2/org/apache/maven/maven-settings-builder/3.0/maven-settings-builder-3.0.pom
[3d3e6a6d-a746-4687-abd2-06dc6a376089/build]   | [INFO] Downloaded from central: https://repo.maven.apache.org/maven2/org/apache/maven/maven-settings-builder/3.0/maven-settings-builder-3.0.pom (2.2 kB at 278 kB/s)
[3d3e6a6d-a746-4687-abd2-06dc6a376089/build]   | [INFO] Downloading from central: https://repo.maven.apache.org/maven2/org/codehaus/plexus/plexus-interpolation/1.14/plexus-interpolation-1.14.pom
[3d3e6a6d-a746-4687-abd2-06dc6a376089/build]   | [INFO] Downloaded from central: https://repo.maven.apache.org/maven2/org/codehaus/plexus/plexus-interpolation/1.14/plexus-interpolation-1.14.pom (910 B at 130 kB/s)
[3d3e6a6d-a746-4687-abd2-06dc6a376089/build]   | [INFO] Downloading from central: https://repo.maven.apache.org/maven2/org/codehaus/plexus/plexus-components/1.1.18/plexus-components-1.1.18.pom
[3d3e6a6d-a746-4687-abd2-06dc6a376089/build]   | [INFO] Downloaded from central: https://repo.maven.apache.org/maven2/org/codehaus/plexus/plexus-components/1.1.18/plexus-components-1.1.18.pom (5.4 kB at 412 kB/s)
[3d3e6a6d-a746-4687-abd2-06dc6a376089/build]   | [INFO] Downloading from central: https://repo.maven.apache.org/maven2/org/codehaus/plexus/plexus/2.0.7/plexus-2.0.7.pom
[3d3e6a6d-a746-4687-abd2-06dc6a376089/build]   | [INFO] Downloaded from central: https://repo.maven.apache.org/maven2/org/codehaus/plexus/plexus/2.0.7/plexus-2.0.7.pom (17 kB at 865 kB/s)
[3d3e6a6d-a746-4687-abd2-06dc6a376089/build]   | [INFO] Downloading from central: https://repo.maven.apache.org/maven2/org/sonatype/plexus/plexus-sec-dispatcher/1.3/plexus-sec-dispatcher-1.3.pom
[3d3e6a6d-a746-4687-abd2-06dc6a376089/build]   | [INFO] Downloaded from central: https://repo.maven.apache.org/maven2/org/sonatype/plexus/plexus-sec-dispatcher/1.3/plexus-sec-dispatcher-1.3.pom (3.0 kB at 296 kB/s)
[3d3e6a6d-a746-4687-abd2-06dc6a376089/build]   | [INFO] Downloading from central: https://repo.maven.apache.org/maven2/org/sonatype/spice/spice-parent/12/spice-parent-12.pom
[3d3e6a6d-a746-4687-abd2-06dc6a376089/build]   | [INFO] Downloaded from central: https://repo.maven.apache.org/maven2/org/sonatype/spice/spice-parent/12/spice-parent-12.pom (6.8 kB at 566 kB/s)
[3d3e6a6d-a746-4687-abd2-06dc6a376089/build]   | [INFO] Downloading from central: https://repo.maven.apache.org/maven2/org/sonatype/forge/forge-parent/4/forge-parent-4.pom
[3d3e6a6d-a746-4687-abd2-06dc6a376089/build]   | [INFO] Downloaded from central: https://repo.maven.apache.org/maven2/org/sonatype/forge/forge-parent/4/forge-parent-4.pom (8.4 kB at 763 kB/s)
[3d3e6a6d-a746-4687-abd2-06dc6a376089/build]   | [INFO] Downloading from central: https://repo.maven.apache.org/maven2/org/codehaus/plexus/plexus-utils/1.5.5/plexus-utils-1.5.5.pom
[3d3e6a6d-a746-4687-abd2-06dc6a376089/build]   | [INFO] Downloaded from central: https://repo.maven.apache.org/maven2/org/codehaus/plexus/plexus-utils/1.5.5/plexus-utils-1.5.5.pom (5.1 kB at 468 kB/s)
[3d3e6a6d-a746-4687-abd2-06dc6a376089/build]   | [INFO] Downloading from central: https://repo.maven.apache.org/maven2/org/codehaus/plexus/plexus/1.0.11/plexus-1.0.11.pom
[3d3e6a6d-a746-4687-abd2-06dc6a376089/build]   | [INFO] Downloaded from central: https://repo.maven.apache.org/maven2/org/codehaus/plexus/plexus/1.0.11/plexus-1.0.11.pom (9.0 kB at 897 kB/s)
[3d3e6a6d-a746-4687-abd2-06dc6a376089/build]   | [INFO] Downloading from central: https://repo.maven.apache.org/maven2/org/sonatype/plexus/plexus-cipher/1.4/plexus-cipher-1.4.pom
[3d3e6a6d-a746-4687-abd2-06dc6a376089/build]   | [INFO] Downloaded from central: https://repo.maven.apache.org/maven2/org/sonatype/plexus/plexus-cipher/1.4/plexus-cipher-1.4.pom (2.1 kB at 172 kB/s)
[3d3e6a6d-a746-4687-abd2-06dc6a376089/build]   | [INFO] Downloading from central: https://repo.maven.apache.org/maven2/org/apache/maven/maven-repository-metadata/3.0/maven-repository-metadata-3.0.pom
[3d3e6a6d-a746-4687-abd2-06dc6a376089/build]   | [INFO] Downloaded from central: https://repo.maven.apache.org/maven2/org/apache/maven/maven-repository-metadata/3.0/maven-repository-metadata-3.0.pom (1.9 kB at 241 kB/s)
[3d3e6a6d-a746-4687-abd2-06dc6a376089/build]   | [INFO] Downloading from central: https://repo.maven.apache.org/maven2/org/apache/maven/maven-model-builder/3.0/maven-model-builder-3.0.pom
[3d3e6a6d-a746-4687-abd2-06dc6a376089/build]   | [INFO] Downloaded from central: https://repo.maven.apache.org/maven2/org/apache/maven/maven-model-builder/3.0/maven-model-builder-3.0.pom (2.2 kB at 250 kB/s)
[3d3e6a6d-a746-4687-abd2-06dc6a376089/build]   | [INFO] Downloading from central: https://repo.maven.apache.org/maven2/org/apache/maven/maven-aether-provider/3.0/maven-aether-provider-3.0.pom
[3d3e6a6d-a746-4687-abd2-06dc6a376089/build]   | [INFO] Downloaded from central: https://repo.maven.apache.org/maven2/org/apache/maven/maven-aether-provider/3.0/maven-aether-provider-3.0.pom (2.5 kB at 154 kB/s)
[3d3e6a6d-a746-4687-abd2-06dc6a376089/build]   | [INFO] Downloading from central: https://repo.maven.apache.org/maven2/org/sonatype/aether/aether-api/1.7/aether-api-1.7.pom
[3d3e6a6d-a746-4687-abd2-06dc6a376089/build]   | [INFO] Downloaded from central: https://repo.maven.apache.org/maven2/org/sonatype/aether/aether-api/1.7/aether-api-1.7.pom (1.7 kB at 129 kB/s)
[3d3e6a6d-a746-4687-abd2-06dc6a376089/build]   | [INFO] Downloading from central: https://repo.maven.apache.org/maven2/org/sonatype/aether/aether-parent/1.7/aether-parent-1.7.pom
[3d3e6a6d-a746-4687-abd2-06dc6a376089/build]   | [INFO] Downloaded from central: https://repo.maven.apache.org/maven2/org/sonatype/aether/aether-parent/1.7/aether-parent-1.7.pom (7.7 kB at 966 kB/s)
[3d3e6a6d-a746-4687-abd2-06dc6a376089/build]   | [INFO] Downloading from central: https://repo.maven.apache.org/maven2/org/sonatype/aether/aether-util/1.7/aether-util-1.7.pom
[3d3e6a6d-a746-4687-abd2-06dc6a376089/build]   | [INFO] Downloaded from central: https://repo.maven.apache.org/maven2/org/sonatype/aether/aether-util/1.7/aether-util-1.7.pom (2.1 kB at 258 kB/s)
[3d3e6a6d-a746-4687-abd2-06dc6a376089/build]   | [INFO] Downloading from central: https://repo.maven.apache.org/maven2/org/sonatype/aether/aether-impl/1.7/aether-impl-1.7.pom
[3d3e6a6d-a746-4687-abd2-06dc6a376089/build]   | [INFO] Downloaded from central: https://repo.maven.apache.org/maven2/org/sonatype/aether/aether-impl/1.7/aether-impl-1.7.pom (3.7 kB at 616 kB/s)
[3d3e6a6d-a746-4687-abd2-06dc6a376089/build]   | [INFO] Downloading from central: https://repo.maven.apache.org/maven2/org/sonatype/aether/aether-spi/1.7/aether-spi-1.7.pom
[3d3e6a6d-a746-4687-abd2-06dc6a376089/build]   | [INFO] Downloaded from central: https://repo.maven.apache.org/maven2/org/sonatype/aether/aether-spi/1.7/aether-spi-1.7.pom (1.7 kB at 158 kB/s)
[3d3e6a6d-a746-4687-abd2-06dc6a376089/build]   | [INFO] Downloading from central: https://repo.maven.apache.org/maven2/org/codehaus/plexus/plexus-utils/3.0.24/plexus-utils-3.0.24.pom
[3d3e6a6d-a746-4687-abd2-06dc6a376089/build]   | [INFO] Downloaded from central: https://repo.maven.apache.org/maven2/org/codehaus/plexus/plexus-utils/3.0.24/plexus-utils-3.0.24.pom (4.1 kB at 413 kB/s)
[3d3e6a6d-a746-4687-abd2-06dc6a376089/build]   | [INFO] Downloading from central: https://repo.maven.apache.org/maven2/org/codehaus/plexus/plexus/4.0/plexus-4.0.pom
[3d3e6a6d-a746-4687-abd2-06dc6a376089/build]   | [INFO] Downloaded from central: https://repo.maven.apache.org/maven2/org/codehaus/plexus/plexus/4.0/plexus-4.0.pom (22 kB at 2.7 MB/s)
[3d3e6a6d-a746-4687-abd2-06dc6a376089/build]   | [INFO] Downloading from central: https://repo.maven.apache.org/maven2/org/apache/maven/shared/maven-filtering/3.1.1/maven-filtering-3.1.1.pom
[3d3e6a6d-a746-4687-abd2-06dc6a376089/build]   | [INFO] Downloaded from central: https://repo.maven.apache.org/maven2/org/apache/maven/shared/maven-filtering/3.1.1/maven-filtering-3.1.1.pom (5.7 kB at 631 kB/s)
[3d3e6a6d-a746-4687-abd2-06dc6a376089/build]   | [INFO] Downloading from central: https://repo.maven.apache.org/maven2/org/apache/maven/shared/maven-shared-components/30/maven-shared-components-30.pom
[3d3e6a6d-a746-4687-abd2-06dc6a376089/build]   | [INFO] Downloaded from central: https://repo.maven.apache.org/maven2/org/apache/maven/shared/maven-shared-components/30/maven-shared-components-30.pom (4.6 kB at 573 kB/s)
[3d3e6a6d-a746-4687-abd2-06dc6a376089/build]   | [INFO] Downloading from central: https://repo.maven.apache.org/maven2/org/apache/maven/shared/maven-shared-utils/3.0.0/maven-shared-utils-3.0.0.pom
[3d3e6a6d-a746-4687-abd2-06dc6a376089/build]   | [INFO] Downloaded from central: https://repo.maven.apache.org/maven2/org/apache/maven/shared/maven-shared-utils/3.0.0/maven-shared-utils-3.0.0.pom (5.6 kB at 465 kB/s)
[3d3e6a6d-a746-4687-abd2-06dc6a376089/build]   | [INFO] Downloading from central: https://repo.maven.apache.org/maven2/org/apache/maven/shared/maven-shared-components/21/maven-shared-components-21.pom
[3d3e6a6d-a746-4687-abd2-06dc6a376089/build]   | [INFO] Downloaded from central: https://repo.maven.apache.org/maven2/org/apache/maven/shared/maven-shared-components/21/maven-shared-components-21.pom (5.1 kB at 300 kB/s)
[3d3e6a6d-a746-4687-abd2-06dc6a376089/build]   | [INFO] Downloading from central: https://repo.maven.apache.org/maven2/org/apache/maven/maven-parent/25/maven-parent-25.pom
[3d3e6a6d-a746-4687-abd2-06dc6a376089/build]   | [INFO] Downloaded from central: https://repo.maven.apache.org/maven2/org/apache/maven/maven-parent/25/maven-parent-25.pom (37 kB at 2.3 MB/s)
[3d3e6a6d-a746-4687-abd2-06dc6a376089/build]   | [INFO] Downloading from central: https://repo.maven.apache.org/maven2/org/apache/apache/15/apache-15.pom
[3d3e6a6d-a746-4687-abd2-06dc6a376089/build]   | [INFO] Downloaded from central: https://repo.maven.apache.org/maven2/org/apache/apache/15/apache-15.pom (15 kB at 1.2 MB/s)
[3d3e6a6d-a746-4687-abd2-06dc6a376089/build]   | [INFO] Downloading from central: https://repo.maven.apache.org/maven2/commons-io/commons-io/2.4/commons-io-2.4.pom
[3d3e6a6d-a746-4687-abd2-06dc6a376089/build]   | [INFO] Downloaded from central: https://repo.maven.apache.org/maven2/commons-io/commons-io/2.4/commons-io-2.4.pom (10 kB at 462 kB/s)
[3d3e6a6d-a746-4687-abd2-06dc6a376089/build]   | [INFO] Downloading from central: https://repo.maven.apache.org/maven2/org/apache/commons/commons-parent/25/commons-parent-25.pom
[3d3e6a6d-a746-4687-abd2-06dc6a376089/build]   | [INFO] Downloaded from central: https://repo.maven.apache.org/maven2/org/apache/commons/commons-parent/25/commons-parent-25.pom (48 kB at 1.9 MB/s)
[3d3e6a6d-a746-4687-abd2-06dc6a376089/build]   | [INFO] Downloading from central: https://repo.maven.apache.org/maven2/org/apache/apache/9/apache-9.pom
[3d3e6a6d-a746-4687-abd2-06dc6a376089/build]   | [INFO] Downloaded from central: https://repo.maven.apache.org/maven2/org/apache/apache/9/apache-9.pom (15 kB at 758 kB/s)
[3d3e6a6d-a746-4687-abd2-06dc6a376089/build]   | [INFO] Downloading from central: https://repo.maven.apache.org/maven2/com/google/code/findbugs/jsr305/2.0.1/jsr305-2.0.1.pom
[3d3e6a6d-a746-4687-abd2-06dc6a376089/build]   | [INFO] Downloaded from central: https://repo.maven.apache.org/maven2/com/google/code/findbugs/jsr305/2.0.1/jsr305-2.0.1.pom (965 B at 69 kB/s)
[3d3e6a6d-a746-4687-abd2-06dc6a376089/build]   | [INFO] Downloading from central: https://repo.maven.apache.org/maven2/org/codehaus/plexus/plexus-interpolation/1.22/plexus-interpolation-1.22.pom
[3d3e6a6d-a746-4687-abd2-06dc6a376089/build]   | [INFO] Downloaded from central: https://repo.maven.apache.org/maven2/org/codehaus/plexus/plexus-interpolation/1.22/plexus-interpolation-1.22.pom (1.5 kB at 77 kB/s)
[3d3e6a6d-a746-4687-abd2-06dc6a376089/build]   | [INFO] Downloading from central: https://repo.maven.apache.org/maven2/org/codehaus/plexus/plexus-components/1.3.1/plexus-components-1.3.1.pom
[3d3e6a6d-a746-4687-abd2-06dc6a376089/build]   | [INFO] Downloaded from central: https://repo.maven.apache.org/maven2/org/codehaus/plexus/plexus-components/1.3.1/plexus-components-1.3.1.pom (3.1 kB at 219 kB/s)
[3d3e6a6d-a746-4687-abd2-06dc6a376089/build]   | [INFO] Downloading from central: https://repo.maven.apache.org/maven2/org/codehaus/plexus/plexus/3.3.1/plexus-3.3.1.pom
[3d3e6a6d-a746-4687-abd2-06dc6a376089/build]   | [INFO] Downloaded from central: https://repo.maven.apache.org/maven2/org/codehaus/plexus/plexus/3.3.1/plexus-3.3.1.pom (20 kB at 818 kB/s)
[3d3e6a6d-a746-4687-abd2-06dc6a376089/build]   | [INFO] Downloading from central: https://repo.maven.apache.org/maven2/org/sonatype/plexus/plexus-build-api/0.0.7/plexus-build-api-0.0.7.pom
[3d3e6a6d-a746-4687-abd2-06dc6a376089/build]   | [INFO] Downloaded from central: https://repo.maven.apache.org/maven2/org/sonatype/plexus/plexus-build-api/0.0.7/plexus-build-api-0.0.7.pom (3.2 kB at 178 kB/s)
[3d3e6a6d-a746-4687-abd2-06dc6a376089/build]   | [INFO] Downloading from central: https://repo.maven.apache.org/maven2/org/sonatype/spice/spice-parent/15/spice-parent-15.pom
[3d3e6a6d-a746-4687-abd2-06dc6a376089/build]   | [INFO] Downloaded from central: https://repo.maven.apache.org/maven2/org/sonatype/spice/spice-parent/15/spice-parent-15.pom (8.4 kB at 1.2 MB/s)
[3d3e6a6d-a746-4687-abd2-06dc6a376089/build]   | [INFO] Downloading from central: https://repo.maven.apache.org/maven2/org/sonatype/forge/forge-parent/5/forge-parent-5.pom
[3d3e6a6d-a746-4687-abd2-06dc6a376089/build]   | [INFO] Downloaded from central: https://repo.maven.apache.org/maven2/org/sonatype/forge/forge-parent/5/forge-parent-5.pom (8.4 kB at 836 kB/s)
[3d3e6a6d-a746-4687-abd2-06dc6a376089/build]   | [INFO] Downloading from central: https://repo.maven.apache.org/maven2/org/codehaus/plexus/plexus-utils/1.5.8/plexus-utils-1.5.8.pom
[3d3e6a6d-a746-4687-abd2-06dc6a376089/build]   | [INFO] Downloaded from central: https://repo.maven.apache.org/maven2/org/codehaus/plexus/plexus-utils/1.5.8/plexus-utils-1.5.8.pom (8.1 kB at 1.0 MB/s)
[3d3e6a6d-a746-4687-abd2-06dc6a376089/build]   | [INFO] Downloading from central: https://repo.maven.apache.org/maven2/org/codehaus/plexus/plexus/2.0.2/plexus-2.0.2.pom
[3d3e6a6d-a746-4687-abd2-06dc6a376089/build]   | [INFO] Downloaded from central: https://repo.maven.apache.org/maven2/org/codehaus/plexus/plexus/2.0.2/plexus-2.0.2.pom (12 kB at 1.5 MB/s)
[3d3e6a6d-a746-4687-abd2-06dc6a376089/build]   | [INFO] Downloading from central: https://repo.maven.apache.org/maven2/commons-io/commons-io/2.5/commons-io-2.5.pom
[3d3e6a6d-a746-4687-abd2-06dc6a376089/build]   | [INFO] Downloaded from central: https://repo.maven.apache.org/maven2/commons-io/commons-io/2.5/commons-io-2.5.pom (13 kB at 1.3 MB/s)
[3d3e6a6d-a746-4687-abd2-06dc6a376089/build]   | [INFO] Downloading from central: https://repo.maven.apache.org/maven2/org/apache/commons/commons-parent/39/commons-parent-39.pom
[3d3e6a6d-a746-4687-abd2-06dc6a376089/build]   | [INFO] Downloaded from central: https://repo.maven.apache.org/maven2/org/apache/commons/commons-parent/39/commons-parent-39.pom (62 kB at 6.9 MB/s)
[3d3e6a6d-a746-4687-abd2-06dc6a376089/build]   | [INFO] Downloading from central: https://repo.maven.apache.org/maven2/org/apache/apache/16/apache-16.pom
[3d3e6a6d-a746-4687-abd2-06dc6a376089/build]   | [INFO] Downloaded from central: https://repo.maven.apache.org/maven2/org/apache/apache/16/apache-16.pom (15 kB at 2.2 MB/s)
[3d3e6a6d-a746-4687-abd2-06dc6a376089/build]   | [INFO] Downloading from central: https://repo.maven.apache.org/maven2/org/codehaus/plexus/plexus-interpolation/1.24/plexus-interpolation-1.24.pom
[3d3e6a6d-a746-4687-abd2-06dc6a376089/build]   | [INFO] Downloaded from central: https://repo.maven.apache.org/maven2/org/codehaus/plexus/plexus-interpolation/1.24/plexus-interpolation-1.24.pom (2.6 kB at 262 kB/s)
[3d3e6a6d-a746-4687-abd2-06dc6a376089/build]   | [INFO] Downloading from central: https://repo.maven.apache.org/maven2/org/apache/maven/maven-plugin-api/3.0/maven-plugin-api-3.0.jar
[3d3e6a6d-a746-4687-abd2-06dc6a376089/build]   | [INFO] Downloading from central: https://repo.maven.apache.org/maven2/org/apache/maven/maven-artifact/3.0/maven-artifact-3.0.jar
[3d3e6a6d-a746-4687-abd2-06dc6a376089/build]   | [INFO] Downloading from central: https://repo.maven.apache.org/maven2/org/sonatype/sisu/sisu-inject-plexus/1.4.2/sisu-inject-plexus-1.4.2.jar
[3d3e6a6d-a746-4687-abd2-06dc6a376089/build]   | [INFO] Downloading from central: https://repo.maven.apache.org/maven2/org/sonatype/sisu/sisu-inject-bean/1.4.2/sisu-inject-bean-1.4.2.jar
[3d3e6a6d-a746-4687-abd2-06dc6a376089/build]   | [INFO] Downloading from central: https://repo.maven.apache.org/maven2/org/sonatype/sisu/sisu-guice/2.1.7/sisu-guice-2.1.7-noaop.jar
[3d3e6a6d-a746-4687-abd2-06dc6a376089/build]   | [INFO] Downloaded from central: https://repo.maven.apache.org/maven2/org/apache/maven/maven-plugin-api/3.0/maven-plugin-api-3.0.jar (49 kB at 2.4 MB/s)
[3d3e6a6d-a746-4687-abd2-06dc6a376089/build]   | [INFO] Downloading from central: https://repo.maven.apache.org/maven2/org/apache/maven/maven-core/3.0/maven-core-3.0.jar
[3d3e6a6d-a746-4687-abd2-06dc6a376089/build]   | [INFO] Downloaded from central: https://repo.maven.apache.org/maven2/org/sonatype/sisu/sisu-inject-plexus/1.4.2/sisu-inject-plexus-1.4.2.jar (202 kB at 9.6 MB/s)
[3d3e6a6d-a746-4687-abd2-06dc6a376089/build]   | [INFO] Downloading from central: https://repo.maven.apache.org/maven2/org/apache/maven/maven-settings/3.0/maven-settings-3.0.jar
[3d3e6a6d-a746-4687-abd2-06dc6a376089/build]   | [INFO] Downloaded from central: https://repo.maven.apache.org/maven2/org/sonatype/sisu/sisu-inject-bean/1.4.2/sisu-inject-bean-1.4.2.jar (153 kB at 7.3 MB/s)
[3d3e6a6d-a746-4687-abd2-06dc6a376089/build]   | [INFO] Downloading from central: https://repo.maven.apache.org/maven2/org/apache/maven/maven-settings-builder/3.0/maven-settings-builder-3.0.jar
[3d3e6a6d-a746-4687-abd2-06dc6a376089/build]   | [INFO] Downloaded from central: https://repo.maven.apache.org/maven2/org/apache/maven/maven-artifact/3.0/maven-artifact-3.0.jar (52 kB at 2.1 MB/s)
[3d3e6a6d-a746-4687-abd2-06dc6a376089/build]   | [INFO] Downloading from central: https://repo.maven.apache.org/maven2/org/apache/maven/maven-repository-metadata/3.0/maven-repository-metadata-3.0.jar
[3d3e6a6d-a746-4687-abd2-06dc6a376089/build]   | [INFO] Downloaded from central: https://repo.maven.apache.org/maven2/org/sonatype/sisu/sisu-guice/2.1.7/sisu-guice-2.1.7-noaop.jar (472 kB at 17 MB/s)
[3d3e6a6d-a746-4687-abd2-06dc6a376089/build]   | [INFO] Downloading from central: https://repo.maven.apache.org/maven2/org/apache/maven/maven-model-builder/3.0/maven-model-builder-3.0.jar
[3d3e6a6d-a746-4687-abd2-06dc6a376089/build]   | [INFO] Downloaded from central: https://repo.maven.apache.org/maven2/org/apache/maven/maven-settings-builder/3.0/maven-settings-builder-3.0.jar (38 kB at 1.3 MB/s)
[3d3e6a6d-a746-4687-abd2-06dc6a376089/build]   | [INFO] Downloading from central: https://repo.maven.apache.org/maven2/org/apache/maven/maven-aether-provider/3.0/maven-aether-provider-3.0.jar
[3d3e6a6d-a746-4687-abd2-06dc6a376089/build]   | [INFO] Downloaded from central: https://repo.maven.apache.org/maven2/org/apache/maven/maven-settings/3.0/maven-settings-3.0.jar (47 kB at 1.5 MB/s)
[3d3e6a6d-a746-4687-abd2-06dc6a376089/build]   | [INFO] Downloading from central: https://repo.maven.apache.org/maven2/org/sonatype/aether/aether-impl/1.7/aether-impl-1.7.jar
[3d3e6a6d-a746-4687-abd2-06dc6a376089/build]   | [INFO] Downloaded from central: https://repo.maven.apache.org/maven2/org/apache/maven/maven-repository-metadata/3.0/maven-repository-metadata-3.0.jar (30 kB at 912 kB/s)
[3d3e6a6d-a746-4687-abd2-06dc6a376089/build]   | [INFO] Downloading from central: https://repo.maven.apache.org/maven2/org/sonatype/aether/aether-spi/1.7/aether-spi-1.7.jar
[3d3e6a6d-a746-4687-abd2-06dc6a376089/build]   | [INFO] Downloaded from central: https://repo.maven.apache.org/maven2/org/apache/maven/maven-core/3.0/maven-core-3.0.jar (527 kB at 16 MB/s)
[3d3e6a6d-a746-4687-abd2-06dc6a376089/build]   | [INFO] Downloading from central: https://repo.maven.apache.org/maven2/org/sonatype/aether/aether-api/1.7/aether-api-1.7.jar
[3d3e6a6d-a746-4687-abd2-06dc6a376089/build]   | [INFO] Downloaded from central: https://repo.maven.apache.org/maven2/org/sonatype/aether/aether-spi/1.7/aether-spi-1.7.jar (14 kB at 288 kB/s)
[3d3e6a6d-a746-4687-abd2-06dc6a376089/build]   | [INFO] Downloaded from central: https://repo.maven.apache.org/maven2/org/apache/maven/maven-model-builder/3.0/maven-model-builder-3.0.jar (148 kB at 3.1 MB/s)
[3d3e6a6d-a746-4687-abd2-06dc6a376089/build]   | [INFO] Downloading from central: https://repo.maven.apache.org/maven2/org/sonatype/aether/aether-util/1.7/aether-util-1.7.jar
[3d3e6a6d-a746-4687-abd2-06dc6a376089/build]   | [INFO] Downloading from central: https://repo.maven.apache.org/maven2/org/codehaus/plexus/plexus-classworlds/2.2.3/plexus-classworlds-2.2.3.jar
[3d3e6a6d-a746-4687-abd2-06dc6a376089/build]   | [INFO] Downloaded from central: https://repo.maven.apache.org/maven2/org/sonatype/aether/aether-api/1.7/aether-api-1.7.jar (74 kB at 1.5 MB/s)
[3d3e6a6d-a746-4687-abd2-06dc6a376089/build]   | [INFO] Downloaded from central: https://repo.maven.apache.org/maven2/org/sonatype/aether/aether-impl/1.7/aether-impl-1.7.jar (106 kB at 2.1 MB/s)
[3d3e6a6d-a746-4687-abd2-06dc6a376089/build]   | [INFO] Downloading from central: https://repo.maven.apache.org/maven2/org/codehaus/plexus/plexus-component-annotations/1.6/plexus-component-annotations-1.6.jar
[3d3e6a6d-a746-4687-abd2-06dc6a376089/build]   | [INFO] Downloading from central: https://repo.maven.apache.org/maven2/org/sonatype/plexus/plexus-sec-dispatcher/1.3/plexus-sec-dispatcher-1.3.jar
[3d3e6a6d-a746-4687-abd2-06dc6a376089/build]   | [INFO] Downloaded from central: https://repo.maven.apache.org/maven2/org/codehaus/plexus/plexus-classworlds/2.2.3/plexus-classworlds-2.2.3.jar (46 kB at 854 kB/s)
[3d3e6a6d-a746-4687-abd2-06dc6a376089/build]   | [INFO] Downloaded from central: https://repo.maven.apache.org/maven2/org/apache/maven/maven-aether-provider/3.0/maven-aether-provider-3.0.jar (51 kB at 931 kB/s)
[3d3e6a6d-a746-4687-abd2-06dc6a376089/build]   | [INFO] Downloading from central: https://repo.maven.apache.org/maven2/org/sonatype/plexus/plexus-cipher/1.4/plexus-cipher-1.4.jar
[3d3e6a6d-a746-4687-abd2-06dc6a376089/build]   | [INFO] Downloading from central: https://repo.maven.apache.org/maven2/org/apache/maven/maven-model/3.0/maven-model-3.0.jar
[3d3e6a6d-a746-4687-abd2-06dc6a376089/build]   | [INFO] Downloaded from central: https://repo.maven.apache.org/maven2/org/codehaus/plexus/plexus-component-annotations/1.6/plexus-component-annotations-1.6.jar (4.3 kB at 75 kB/s)
[3d3e6a6d-a746-4687-abd2-06dc6a376089/build]   | [INFO] Downloading from central: https://repo.maven.apache.org/maven2/org/codehaus/plexus/plexus-utils/3.0.24/plexus-utils-3.0.24.jar
[3d3e6a6d-a746-4687-abd2-06dc6a376089/build]   | [INFO] Downloaded from central: https://repo.maven.apache.org/maven2/org/sonatype/aether/aether-util/1.7/aether-util-1.7.jar (108 kB at 1.8 MB/s)
[3d3e6a6d-a746-4687-abd2-06dc6a376089/build]   | [INFO] Downloading from central: https://repo.maven.apache.org/maven2/org/apache/maven/shared/maven-filtering/3.1.1/maven-filtering-3.1.1.jar
[3d3e6a6d-a746-4687-abd2-06dc6a376089/build]   | [INFO] Downloaded from central: https://repo.maven.apache.org/maven2/org/sonatype/plexus/plexus-sec-dispatcher/1.3/plexus-sec-dispatcher-1.3.jar (29 kB at 484 kB/s)
[3d3e6a6d-a746-4687-abd2-06dc6a376089/build]   | [INFO] Downloading from central: https://repo.maven.apache.org/maven2/org/apache/maven/shared/maven-shared-utils/3.0.0/maven-shared-utils-3.0.0.jar
[3d3e6a6d-a746-4687-abd2-06dc6a376089/build]   | [INFO] Downloaded from central: https://repo.maven.apache.org/maven2/org/sonatype/plexus/plexus-cipher/1.4/plexus-cipher-1.4.jar (13 kB at 214 kB/s)
[3d3e6a6d-a746-4687-abd2-06dc6a376089/build]   | [INFO] Downloading from central: https://repo.maven.apache.org/maven2/com/google/code/findbugs/jsr305/2.0.1/jsr305-2.0.1.jar
[3d3e6a6d-a746-4687-abd2-06dc6a376089/build]   | [INFO] Downloaded from central: https://repo.maven.apache.org/maven2/org/apache/maven/maven-model/3.0/maven-model-3.0.jar (165 kB at 2.5 MB/s)
[3d3e6a6d-a746-4687-abd2-06dc6a376089/build]   | [INFO] Downloading from central: https://repo.maven.apache.org/maven2/org/sonatype/plexus/plexus-build-api/0.0.7/plexus-build-api-0.0.7.jar
[3d3e6a6d-a746-4687-abd2-06dc6a376089/build]   | [INFO] Downloaded from central: https://repo.maven.apache.org/maven2/com/google/code/findbugs/jsr305/2.0.1/jsr305-2.0.1.jar (32 kB at 455 kB/s)
[3d3e6a6d-a746-4687-abd2-06dc6a376089/build]   | [INFO] Downloading from central: https://repo.maven.apache.org/maven2/commons-io/commons-io/2.5/commons-io-2.5.jar
[3d3e6a6d-a746-4687-abd2-06dc6a376089/build]   | [INFO] Downloaded from central: https://repo.maven.apache.org/maven2/org/apache/maven/shared/maven-filtering/3.1.1/maven-filtering-3.1.1.jar (51 kB at 716 kB/s)
[3d3e6a6d-a746-4687-abd2-06dc6a376089/build]   | [INFO] Downloading from central: https://repo.maven.apache.org/maven2/org/codehaus/plexus/plexus-interpolation/1.24/plexus-interpolation-1.24.jar
[3d3e6a6d-a746-4687-abd2-06dc6a376089/build]   | [INFO] Downloaded from central: https://repo.maven.apache.org/maven2/org/sonatype/plexus/plexus-build-api/0.0.7/plexus-build-api-0.0.7.jar (8.5 kB at 118 kB/s)
[3d3e6a6d-a746-4687-abd2-06dc6a376089/build]   | [INFO] Downloaded from central: https://repo.maven.apache.org/maven2/org/apache/maven/shared/maven-shared-utils/3.0.0/maven-shared-utils-3.0.0.jar (155 kB at 2.1 MB/s)
[3d3e6a6d-a746-4687-abd2-06dc6a376089/build]   | [INFO] Downloaded from central: https://repo.maven.apache.org/maven2/org/codehaus/plexus/plexus-utils/3.0.24/plexus-utils-3.0.24.jar (247 kB at 3.3 MB/s)
[3d3e6a6d-a746-4687-abd2-06dc6a376089/build]   | [INFO] Downloaded from central: https://repo.maven.apache.org/maven2/org/codehaus/plexus/plexus-interpolation/1.24/plexus-interpolation-1.24.jar (79 kB at 998 kB/s)
[3d3e6a6d-a746-4687-abd2-06dc6a376089/build]   | [INFO] Downloaded from central: https://repo.maven.apache.org/maven2/commons-io/commons-io/2.5/commons-io-2.5.jar (209 kB at 2.5 MB/s)
[3d3e6a6d-a746-4687-abd2-06dc6a376089/build]   | [INFO] Using 'UTF-8' encoding to copy filtered resources.
[3d3e6a6d-a746-4687-abd2-06dc6a376089/build]   | [INFO] skip non existing resourceDirectory /tmp/7c89ba32-9821-4414-b02d-b9cbb015ffa7/src/main/resources
[3d3e6a6d-a746-4687-abd2-06dc6a376089/build]   | [INFO] 
[3d3e6a6d-a746-4687-abd2-06dc6a376089/build]   | [INFO] --- maven-compiler-plugin:3.8.0:compile (default-compile) @ java-solutions ---
[3d3e6a6d-a746-4687-abd2-06dc6a376089/build]   | [INFO] Downloading from central: https://repo.maven.apache.org/maven2/org/codehaus/plexus/plexus-component-annotations/1.7.1/plexus-component-annotations-1.7.1.pom
[3d3e6a6d-a746-4687-abd2-06dc6a376089/build]   | [INFO] Downloaded from central: https://repo.maven.apache.org/maven2/org/codehaus/plexus/plexus-component-annotations/1.7.1/plexus-component-annotations-1.7.1.pom (770 B at 86 kB/s)
[3d3e6a6d-a746-4687-abd2-06dc6a376089/build]   | [INFO] Downloading from central: https://repo.maven.apache.org/maven2/org/codehaus/plexus/plexus-containers/1.7.1/plexus-containers-1.7.1.pom
[3d3e6a6d-a746-4687-abd2-06dc6a376089/build]   | [INFO] Downloaded from central: https://repo.maven.apache.org/maven2/org/codehaus/plexus/plexus-containers/1.7.1/plexus-containers-1.7.1.pom (5.0 kB at 503 kB/s)
[3d3e6a6d-a746-4687-abd2-06dc6a376089/build]   | [INFO] Downloading from central: https://repo.maven.apache.org/maven2/org/apache/maven/shared/maven-shared-utils/3.2.1/maven-shared-utils-3.2.1.pom
[3d3e6a6d-a746-4687-abd2-06dc6a376089/build]   | [INFO] Downloaded from central: https://repo.maven.apache.org/maven2/org/apache/maven/shared/maven-shared-utils/3.2.1/maven-shared-utils-3.2.1.pom (5.6 kB at 1.1 MB/s)
[3d3e6a6d-a746-4687-abd2-06dc6a376089/build]   | [INFO] Downloading from central: https://repo.maven.apache.org/maven2/org/apache/maven/shared/maven-shared-incremental/1.1/maven-shared-incremental-1.1.pom
[3d3e6a6d-a746-4687-abd2-06dc6a376089/build]   | [INFO] Downloaded from central: https://repo.maven.apache.org/maven2/org/apache/maven/shared/maven-shared-incremental/1.1/maven-shared-incremental-1.1.pom (4.7 kB at 790 kB/s)
[3d3e6a6d-a746-4687-abd2-06dc6a376089/build]   | [INFO] Downloading from central: https://repo.maven.apache.org/maven2/org/apache/maven/shared/maven-shared-components/19/maven-shared-components-19.pom
[3d3e6a6d-a746-4687-abd2-06dc6a376089/build]   | [INFO] Downloaded from central: https://repo.maven.apache.org/maven2/org/apache/maven/shared/maven-shared-components/19/maven-shared-components-19.pom (6.4 kB at 454 kB/s)
[3d3e6a6d-a746-4687-abd2-06dc6a376089/build]   | [INFO] Downloading from central: https://repo.maven.apache.org/maven2/org/apache/maven/maven-parent/23/maven-parent-23.pom
[3d3e6a6d-a746-4687-abd2-06dc6a376089/build]   | [INFO] Downloaded from central: https://repo.maven.apache.org/maven2/org/apache/maven/maven-parent/23/maven-parent-23.pom (33 kB at 4.7 MB/s)
[3d3e6a6d-a746-4687-abd2-06dc6a376089/build]   | [INFO] Downloading from central: https://repo.maven.apache.org/maven2/org/apache/apache/13/apache-13.pom
[3d3e6a6d-a746-4687-abd2-06dc6a376089/build]   | [INFO] Downloaded from central: https://repo.maven.apache.org/maven2/org/apache/apache/13/apache-13.pom (14 kB at 1.6 MB/s)
[3d3e6a6d-a746-4687-abd2-06dc6a376089/build]   | [INFO] Downloading from central: https://repo.maven.apache.org/maven2/org/apache/maven/maven-plugin-api/2.2.1/maven-plugin-api-2.2.1.pom
[3d3e6a6d-a746-4687-abd2-06dc6a376089/build]   | [INFO] Downloaded from central: https://repo.maven.apache.org/maven2/org/apache/maven/maven-plugin-api/2.2.1/maven-plugin-api-2.2.1.pom (1.5 kB at 50 kB/s)
[3d3e6a6d-a746-4687-abd2-06dc6a376089/build]   | [INFO] Downloading from central: https://repo.maven.apache.org/maven2/org/apache/maven/maven/2.2.1/maven-2.2.1.pom
[3d3e6a6d-a746-4687-abd2-06dc6a376089/build]   | [INFO] Downloaded from central: https://repo.maven.apache.org/maven2/org/apache/maven/maven/2.2.1/maven-2.2.1.pom (22 kB at 640 kB/s)
[3d3e6a6d-a746-4687-abd2-06dc6a376089/build]   | [INFO] Downloading from central: https://repo.maven.apache.org/maven2/org/apache/maven/maven-parent/11/maven-parent-11.pom
[3d3e6a6d-a746-4687-abd2-06dc6a376089/build]   | [INFO] Downloaded from central: https://repo.maven.apache.org/maven2/org/apache/maven/maven-parent/11/maven-parent-11.pom (32 kB at 5.4 MB/s)
[3d3e6a6d-a746-4687-abd2-06dc6a376089/build]   | [INFO] Downloading from central: https://repo.maven.apache.org/maven2/org/apache/apache/5/apache-5.pom
[3d3e6a6d-a746-4687-abd2-06dc6a376089/build]   | [INFO] Downloaded from central: https://repo.maven.apache.org/maven2/org/apache/apache/5/apache-5.pom (4.1 kB at 683 kB/s)
[3d3e6a6d-a746-4687-abd2-06dc6a376089/build]   | [INFO] Downloading from central: https://repo.maven.apache.org/maven2/org/apache/maven/maven-core/2.2.1/maven-core-2.2.1.pom
[3d3e6a6d-a746-4687-abd2-06dc6a376089/build]   | [INFO] Downloaded from central: https://repo.maven.apache.org/maven2/org/apache/maven/maven-core/2.2.1/maven-core-2.2.1.pom (12 kB at 1.7 MB/s)
[3d3e6a6d-a746-4687-abd2-06dc6a376089/build]   | [INFO] Downloading from central: https://repo.maven.apache.org/maven2/org/apache/maven/maven-settings/2.2.1/maven-settings-2.2.1.pom
[3d3e6a6d-a746-4687-abd2-06dc6a376089/build]   | [INFO] Downloaded from central: https://repo.maven.apache.org/maven2/org/apache/maven/maven-settings/2.2.1/maven-settings-2.2.1.pom (2.2 kB at 311 kB/s)
[3d3e6a6d-a746-4687-abd2-06dc6a376089/build]   | [INFO] Downloading from central: https://repo.maven.apache.org/maven2/org/apache/maven/maven-model/2.2.1/maven-model-2.2.1.pom
[3d3e6a6d-a746-4687-abd2-06dc6a376089/build]   | [INFO] Downloaded from central: https://repo.maven.apache.org/maven2/org/apache/maven/maven-model/2.2.1/maven-model-2.2.1.pom (3.2 kB at 463 kB/s)
[3d3e6a6d-a746-4687-abd2-06dc6a376089/build]   | [INFO] Downloading from central: https://repo.maven.apache.org/maven2/org/codehaus/plexus/plexus-utils/1.5.15/plexus-utils-1.5.15.pom
[3d3e6a6d-a746-4687-abd2-06dc6a376089/build]   | [INFO] Downloaded from central: https://repo.maven.apache.org/maven2/org/codehaus/plexus/plexus-utils/1.5.15/plexus-utils-1.5.15.pom (6.8 kB at 1.1 MB/s)
[3d3e6a6d-a746-4687-abd2-06dc6a376089/build]   | [INFO] Downloading from central: https://repo.maven.apache.org/maven2/org/codehaus/plexus/plexus-interpolation/1.11/plexus-interpolation-1.11.pom
[3d3e6a6d-a746-4687-abd2-06dc6a376089/build]   | [INFO] Downloaded from central: https://repo.maven.apache.org/maven2/org/codehaus/plexus/plexus-interpolation/1.11/plexus-interpolation-1.11.pom (889 B at 148 kB/s)
[3d3e6a6d-a746-4687-abd2-06dc6a376089/build]   | [INFO] Downloading from central: https://repo.maven.apache.org/maven2/org/codehaus/plexus/plexus-components/1.1.14/plexus-components-1.1.14.pom
[3d3e6a6d-a746-4687-abd2-06dc6a376089/build]   | [INFO] Downloaded from central: https://repo.maven.apache.org/maven2/org/codehaus/plexus/plexus-components/1.1.14/plexus-components-1.1.14.pom (5.8 kB at 835 kB/s)
[3d3e6a6d-a746-4687-abd2-06dc6a376089/build]   | [INFO] Downloading from central: https://repo.maven.apache.org/maven2/org/apache/maven/maven-plugin-parameter-documenter/2.2.1/maven-plugin-parameter-documenter-2.2.1.pom
[3d3e6a6d-a746-4687-abd2-06dc6a376089/build]   | [INFO] Downloaded from central: https://repo.maven.apache.org/maven2/org/apache/maven/maven-plugin-parameter-documenter/2.2.1/maven-plugin-parameter-documenter-2.2.1.pom (2.0 kB at 178 kB/s)
[3d3e6a6d-a746-4687-abd2-06dc6a376089/build]   | [INFO] Downloading from central: https://repo.maven.apache.org/maven2/org/slf4j/slf4j-jdk14/1.5.6/slf4j-jdk14-1.5.6.pom
[3d3e6a6d-a746-4687-abd2-06dc6a376089/build]   | [INFO] Downloaded from central: https://repo.maven.apache.org/maven2/org/slf4j/slf4j-jdk14/1.5.6/slf4j-jdk14-1.5.6.pom (1.9 kB at 237 kB/s)
[3d3e6a6d-a746-4687-abd2-06dc6a376089/build]   | [INFO] Downloading from central: https://repo.maven.apache.org/maven2/org/slf4j/slf4j-parent/1.5.6/slf4j-parent-1.5.6.pom
[3d3e6a6d-a746-4687-abd2-06dc6a376089/build]   | [INFO] Downloaded from central: https://repo.maven.apache.org/maven2/org/slf4j/slf4j-parent/1.5.6/slf4j-parent-1.5.6.pom (7.9 kB at 495 kB/s)
[3d3e6a6d-a746-4687-abd2-06dc6a376089/build]   | [INFO] Downloading from central: https://repo.maven.apache.org/maven2/org/slf4j/slf4j-api/1.5.6/slf4j-api-1.5.6.pom
[3d3e6a6d-a746-4687-abd2-06dc6a376089/build]   | [INFO] Downloaded from central: https://repo.maven.apache.org/maven2/org/slf4j/slf4j-api/1.5.6/slf4j-api-1.5.6.pom (3.0 kB at 426 kB/s)
[3d3e6a6d-a746-4687-abd2-06dc6a376089/build]   | [INFO] Downloading from central: https://repo.maven.apache.org/maven2/org/slf4j/jcl-over-slf4j/1.5.6/jcl-over-slf4j-1.5.6.pom
[3d3e6a6d-a746-4687-abd2-06dc6a376089/build]   | [INFO] Downloaded from central: https://repo.maven.apache.org/maven2/org/slf4j/jcl-over-slf4j/1.5.6/jcl-over-slf4j-1.5.6.pom (2.2 kB at 362 kB/s)
[3d3e6a6d-a746-4687-abd2-06dc6a376089/build]   | [INFO] Downloading from central: https://repo.maven.apache.org/maven2/org/apache/maven/maven-profile/2.2.1/maven-profile-2.2.1.pom
[3d3e6a6d-a746-4687-abd2-06dc6a376089/build]   | [INFO] Downloaded from central: https://repo.maven.apache.org/maven2/org/apache/maven/maven-profile/2.2.1/maven-profile-2.2.1.pom (2.2 kB at 362 kB/s)
[3d3e6a6d-a746-4687-abd2-06dc6a376089/build]   | [INFO] Downloading from central: https://repo.maven.apache.org/maven2/org/apache/maven/maven-artifact/2.2.1/maven-artifact-2.2.1.pom
[3d3e6a6d-a746-4687-abd2-06dc6a376089/build]   | [INFO] Downloaded from central: https://repo.maven.apache.org/maven2/org/apache/maven/maven-artifact/2.2.1/maven-artifact-2.2.1.pom (1.6 kB at 198 kB/s)
[3d3e6a6d-a746-4687-abd2-06dc6a376089/build]   | [INFO] Downloading from central: https://repo.maven.apache.org/maven2/org/apache/maven/maven-repository-metadata/2.2.1/maven-repository-metadata-2.2.1.pom
[3d3e6a6d-a746-4687-abd2-06dc6a376089/build]   | [INFO] Downloaded from central: https://repo.maven.apache.org/maven2/org/apache/maven/maven-repository-metadata/2.2.1/maven-repository-metadata-2.2.1.pom (1.9 kB at 312 kB/s)
[3d3e6a6d-a746-4687-abd2-06dc6a376089/build]   | [INFO] Downloading from central: https://repo.maven.apache.org/maven2/org/apache/maven/maven-error-diagnostics/2.2.1/maven-error-diagnostics-2.2.1.pom
[3d3e6a6d-a746-4687-abd2-06dc6a376089/build]   | [INFO] Downloaded from central: https://repo.maven.apache.org/maven2/org/apache/maven/maven-error-diagnostics/2.2.1/maven-error-diagnostics-2.2.1.pom (1.7 kB at 244 kB/s)
[3d3e6a6d-a746-4687-abd2-06dc6a376089/build]   | [INFO] Downloading from central: https://repo.maven.apache.org/maven2/org/apache/maven/maven-project/2.2.1/maven-project-2.2.1.pom
[3d3e6a6d-a746-4687-abd2-06dc6a376089/build]   | [INFO] Downloaded from central: https://repo.maven.apache.org/maven2/org/apache/maven/maven-project/2.2.1/maven-project-2.2.1.pom (2.8 kB at 396 kB/s)
[3d3e6a6d-a746-4687-abd2-06dc6a376089/build]   | [INFO] Downloading from central: https://repo.maven.apache.org/maven2/org/apache/maven/maven-artifact-manager/2.2.1/maven-artifact-manager-2.2.1.pom
[3d3e6a6d-a746-4687-abd2-06dc6a376089/build]   | [INFO] Downloaded from central: https://repo.maven.apache.org/maven2/org/apache/maven/maven-artifact-manager/2.2.1/maven-artifact-manager-2.2.1.pom (3.1 kB at 310 kB/s)
[3d3e6a6d-a746-4687-abd2-06dc6a376089/build]   | [INFO] Downloading from central: https://repo.maven.apache.org/maven2/backport-util-concurrent/backport-util-concurrent/3.1/backport-util-concurrent-3.1.pom
[3d3e6a6d-a746-4687-abd2-06dc6a376089/build]   | [INFO] Downloaded from central: https://repo.maven.apache.org/maven2/backport-util-concurrent/backport-util-concurrent/3.1/backport-util-concurrent-3.1.pom (880 B at 52 kB/s)
[3d3e6a6d-a746-4687-abd2-06dc6a376089/build]   | [INFO] Downloading from central: https://repo.maven.apache.org/maven2/org/apache/maven/maven-plugin-registry/2.2.1/maven-plugin-registry-2.2.1.pom
[3d3e6a6d-a746-4687-abd2-06dc6a376089/build]   | [INFO] Downloaded from central: https://repo.maven.apache.org/maven2/org/apache/maven/maven-plugin-registry/2.2.1/maven-plugin-registry-2.2.1.pom (1.9 kB at 148 kB/s)
[3d3e6a6d-a746-4687-abd2-06dc6a376089/build]   | [INFO] Downloading from central: https://repo.maven.apache.org/maven2/org/apache/maven/maven-plugin-descriptor/2.2.1/maven-plugin-descriptor-2.2.1.pom
[3d3e6a6d-a746-4687-abd2-06dc6a376089/build]   | [INFO] Downloaded from central: https://repo.maven.apache.org/maven2/org/apache/maven/maven-plugin-descriptor/2.2.1/maven-plugin-descriptor-2.2.1.pom (2.1 kB at 344 kB/s)
[3d3e6a6d-a746-4687-abd2-06dc6a376089/build]   | [INFO] Downloading from central: https://repo.maven.apache.org/maven2/org/apache/maven/maven-monitor/2.2.1/maven-monitor-2.2.1.pom
[3d3e6a6d-a746-4687-abd2-06dc6a376089/build]   | [INFO] Downloaded from central: https://repo.maven.apache.org/maven2/org/apache/maven/maven-monitor/2.2.1/maven-monitor-2.2.1.pom (1.3 kB at 251 kB/s)
[3d3e6a6d-a746-4687-abd2-06dc6a376089/build]   | [INFO] Downloading from central: https://repo.maven.apache.org/maven2/org/apache/maven/shared/maven-shared-utils/0.1/maven-shared-utils-0.1.pom
[3d3e6a6d-a746-4687-abd2-06dc6a376089/build]   | [INFO] Downloaded from central: https://repo.maven.apache.org/maven2/org/apache/maven/shared/maven-shared-utils/0.1/maven-shared-utils-0.1.pom (4.0 kB at 674 kB/s)
[3d3e6a6d-a746-4687-abd2-06dc6a376089/build]   | [INFO] Downloading from central: https://repo.maven.apache.org/maven2/org/apache/maven/shared/maven-shared-components/18/maven-shared-components-18.pom
[3d3e6a6d-a746-4687-abd2-06dc6a376089/build]   | [INFO] Downloaded from central: https://repo.maven.apache.org/maven2/org/apache/maven/shared/maven-shared-components/18/maven-shared-components-18.pom (4.9 kB at 822 kB/s)
[3d3e6a6d-a746-4687-abd2-06dc6a376089/build]   | [INFO] Downloading from central: https://repo.maven.apache.org/maven2/org/apache/maven/maven-parent/22/maven-parent-22.pom
[3d3e6a6d-a746-4687-abd2-06dc6a376089/build]   | [INFO] Downloaded from central: https://repo.maven.apache.org/maven2/org/apache/maven/maven-parent/22/maven-parent-22.pom (30 kB at 4.2 MB/s)
[3d3e6a6d-a746-4687-abd2-06dc6a376089/build]   | [INFO] Downloading from central: https://repo.maven.apache.org/maven2/org/apache/apache/11/apache-11.pom
[3d3e6a6d-a746-4687-abd2-06dc6a376089/build]   | [INFO] Downloaded from central: https://repo.maven.apache.org/maven2/org/apache/apache/11/apache-11.pom (15 kB at 2.1 MB/s)
[3d3e6a6d-a746-4687-abd2-06dc6a376089/build]   | [INFO] Downloading from central: https://repo.maven.apache.org/maven2/org/codehaus/plexus/plexus-java/0.9.10/plexus-java-0.9.10.pom
[3d3e6a6d-a746-4687-abd2-06dc6a376089/build]   | [INFO] Downloaded from central: https://repo.maven.apache.org/maven2/org/codehaus/plexus/plexus-java/0.9.10/plexus-java-0.9.10.pom (5.1 kB at 851 kB/s)
[3d3e6a6d-a746-4687-abd2-06dc6a376089/build]   | [INFO] Downloading from central: https://repo.maven.apache.org/maven2/org/codehaus/plexus/plexus-languages/0.9.10/plexus-languages-0.9.10.pom
[3d3e6a6d-a746-4687-abd2-06dc6a376089/build]   | [INFO] Downloaded from central: https://repo.maven.apache.org/maven2/org/codehaus/plexus/plexus-languages/0.9.10/plexus-languages-0.9.10.pom (4.1 kB at 690 kB/s)
[3d3e6a6d-a746-4687-abd2-06dc6a376089/build]   | [INFO] Downloading from central: https://repo.maven.apache.org/maven2/org/ow2/asm/asm/6.2/asm-6.2.pom
[3d3e6a6d-a746-4687-abd2-06dc6a376089/build]   | [INFO] Downloaded from central: https://repo.maven.apache.org/maven2/org/ow2/asm/asm/6.2/asm-6.2.pom (2.9 kB at 294 kB/s)
[3d3e6a6d-a746-4687-abd2-06dc6a376089/build]   | [INFO] Downloading from central: https://repo.maven.apache.org/maven2/org/ow2/ow2/1.5/ow2-1.5.pom
[3d3e6a6d-a746-4687-abd2-06dc6a376089/build]   | [INFO] Downloaded from central: https://repo.maven.apache.org/maven2/org/ow2/ow2/1.5/ow2-1.5.pom (11 kB at 1.2 MB/s)
[3d3e6a6d-a746-4687-abd2-06dc6a376089/build]   | [INFO] Downloading from central: https://repo.maven.apache.org/maven2/com/thoughtworks/qdox/qdox/2.0-M9/qdox-2.0-M9.pom
[3d3e6a6d-a746-4687-abd2-06dc6a376089/build]   | [INFO] Downloaded from central: https://repo.maven.apache.org/maven2/com/thoughtworks/qdox/qdox/2.0-M9/qdox-2.0-M9.pom (16 kB at 1.8 MB/s)
[3d3e6a6d-a746-4687-abd2-06dc6a376089/build]   | [INFO] Downloading from central: https://repo.maven.apache.org/maven2/org/codehaus/plexus/plexus-compiler-api/2.8.4/plexus-compiler-api-2.8.4.pom
[3d3e6a6d-a746-4687-abd2-06dc6a376089/build]   | [INFO] Downloaded from central: https://repo.maven.apache.org/maven2/org/codehaus/plexus/plexus-compiler-api/2.8.4/plexus-compiler-api-2.8.4.pom (867 B at 108 kB/s)
[3d3e6a6d-a746-4687-abd2-06dc6a376089/build]   | [INFO] Downloading from central: https://repo.maven.apache.org/maven2/org/codehaus/plexus/plexus-compiler/2.8.4/plexus-compiler-2.8.4.pom
[3d3e6a6d-a746-4687-abd2-06dc6a376089/build]   | [INFO] Downloaded from central: https://repo.maven.apache.org/maven2/org/codehaus/plexus/plexus-compiler/2.8.4/plexus-compiler-2.8.4.pom (6.0 kB at 754 kB/s)
[3d3e6a6d-a746-4687-abd2-06dc6a376089/build]   | [INFO] Downloading from central: https://repo.maven.apache.org/maven2/org/codehaus/plexus/plexus-components/4.0/plexus-components-4.0.pom
[3d3e6a6d-a746-4687-abd2-06dc6a376089/build]   | [INFO] Downloaded from central: https://repo.maven.apache.org/maven2/org/codehaus/plexus/plexus-components/4.0/plexus-components-4.0.pom (2.7 kB at 156 kB/s)
[3d3e6a6d-a746-4687-abd2-06dc6a376089/build]   | [INFO] Downloading from central: https://repo.maven.apache.org/maven2/org/codehaus/plexus/plexus-utils/3.0.22/plexus-utils-3.0.22.pom
[3d3e6a6d-a746-4687-abd2-06dc6a376089/build]   | [INFO] Downloaded from central: https://repo.maven.apache.org/maven2/org/codehaus/plexus/plexus-utils/3.0.22/plexus-utils-3.0.22.pom (3.8 kB at 348 kB/s)
[3d3e6a6d-a746-4687-abd2-06dc6a376089/build]   | [INFO] Downloading from central: https://repo.maven.apache.org/maven2/org/codehaus/plexus/plexus-compiler-manager/2.8.4/plexus-compiler-manager-2.8.4.pom
[3d3e6a6d-a746-4687-abd2-06dc6a376089/build]   | [INFO] Downloaded from central: https://repo.maven.apache.org/maven2/org/codehaus/plexus/plexus-compiler-manager/2.8.4/plexus-compiler-manager-2.8.4.pom (692 B at 69 kB/s)
[3d3e6a6d-a746-4687-abd2-06dc6a376089/build]   | [INFO] Downloading from central: https://repo.maven.apache.org/maven2/org/codehaus/plexus/plexus-compiler-javac/2.8.4/plexus-compiler-javac-2.8.4.pom
[3d3e6a6d-a746-4687-abd2-06dc6a376089/build]   | [INFO] Downloaded from central: https://repo.maven.apache.org/maven2/org/codehaus/plexus/plexus-compiler-javac/2.8.4/plexus-compiler-javac-2.8.4.pom (771 B at 51 kB/s)
[3d3e6a6d-a746-4687-abd2-06dc6a376089/build]   | [INFO] Downloading from central: https://repo.maven.apache.org/maven2/org/codehaus/plexus/plexus-compilers/2.8.4/plexus-compilers-2.8.4.pom
[3d3e6a6d-a746-4687-abd2-06dc6a376089/build]   | [INFO] Downloaded from central: https://repo.maven.apache.org/maven2/org/codehaus/plexus/plexus-compilers/2.8.4/plexus-compilers-2.8.4.pom (1.3 kB at 112 kB/s)
[3d3e6a6d-a746-4687-abd2-06dc6a376089/build]   | [INFO] Downloading from central: https://repo.maven.apache.org/maven2/org/codehaus/plexus/plexus-utils/2.0.4/plexus-utils-2.0.4.jar
[3d3e6a6d-a746-4687-abd2-06dc6a376089/build]   | [INFO] Downloading from central: https://repo.maven.apache.org/maven2/org/codehaus/plexus/plexus-interpolation/1.14/plexus-interpolation-1.14.jar
[3d3e6a6d-a746-4687-abd2-06dc6a376089/build]   | [INFO] Downloading from central: https://repo.maven.apache.org/maven2/org/codehaus/plexus/plexus-component-annotations/1.7.1/plexus-component-annotations-1.7.1.jar
[3d3e6a6d-a746-4687-abd2-06dc6a376089/build]   | [INFO] Downloading from central: https://repo.maven.apache.org/maven2/org/apache/maven/shared/maven-shared-utils/3.2.1/maven-shared-utils-3.2.1.jar
[3d3e6a6d-a746-4687-abd2-06dc6a376089/build]   | [INFO] Downloading from central: https://repo.maven.apache.org/maven2/org/apache/maven/shared/maven-shared-incremental/1.1/maven-shared-incremental-1.1.jar
[3d3e6a6d-a746-4687-abd2-06dc6a376089/build]   | [INFO] Downloaded from central: https://repo.maven.apache.org/maven2/org/codehaus/plexus/plexus-component-annotations/1.7.1/plexus-component-annotations-1.7.1.jar (4.3 kB at 476 kB/s)
[3d3e6a6d-a746-4687-abd2-06dc6a376089/build]   | [INFO] Downloading from central: https://repo.maven.apache.org/maven2/org/codehaus/plexus/plexus-java/0.9.10/plexus-java-0.9.10.jar
[3d3e6a6d-a746-4687-abd2-06dc6a376089/build]   | [INFO] Downloaded from central: https://repo.maven.apache.org/maven2/org/codehaus/plexus/plexus-interpolation/1.14/plexus-interpolation-1.14.jar (61 kB at 6.1 MB/s)
[3d3e6a6d-a746-4687-abd2-06dc6a376089/build]   | [INFO] Downloading from central: https://repo.maven.apache.org/maven2/org/ow2/asm/asm/6.2/asm-6.2.jar
[3d3e6a6d-a746-4687-abd2-06dc6a376089/build]   | [INFO] Downloaded from central: https://repo.maven.apache.org/maven2/org/apache/maven/shared/maven-shared-utils/3.2.1/maven-shared-utils-3.2.1.jar (167 kB at 12 MB/s)
[3d3e6a6d-a746-4687-abd2-06dc6a376089/build]   | [INFO] Downloading from central: https://repo.maven.apache.org/maven2/com/thoughtworks/qdox/qdox/2.0-M9/qdox-2.0-M9.jar
[3d3e6a6d-a746-4687-abd2-06dc6a376089/build]   | [INFO] Downloaded from central: https://repo.maven.apache.org/maven2/org/codehaus/plexus/plexus-java/0.9.10/plexus-java-0.9.10.jar (39 kB at 2.8 MB/s)
[3d3e6a6d-a746-4687-abd2-06dc6a376089/build]   | [INFO] Downloading from central: https://repo.maven.apache.org/maven2/org/codehaus/plexus/plexus-compiler-api/2.8.4/plexus-compiler-api-2.8.4.jar
[3d3e6a6d-a746-4687-abd2-06dc6a376089/build]   | [INFO] Downloaded from central: https://repo.maven.apache.org/maven2/org/apache/maven/shared/maven-shared-incremental/1.1/maven-shared-incremental-1.1.jar (14 kB at 796 kB/s)
[3d3e6a6d-a746-4687-abd2-06dc6a376089/build]   | [INFO] Downloading from central: https://repo.maven.apache.org/maven2/org/codehaus/plexus/plexus-compiler-manager/2.8.4/plexus-compiler-manager-2.8.4.jar
[3d3e6a6d-a746-4687-abd2-06dc6a376089/build]   | [INFO] Downloaded from central: https://repo.maven.apache.org/maven2/org/codehaus/plexus/plexus-utils/2.0.4/plexus-utils-2.0.4.jar (222 kB at 12 MB/s)
[3d3e6a6d-a746-4687-abd2-06dc6a376089/build]   | [INFO] Downloading from central: https://repo.maven.apache.org/maven2/org/codehaus/plexus/plexus-compiler-javac/2.8.4/plexus-compiler-javac-2.8.4.jar
[3d3e6a6d-a746-4687-abd2-06dc6a376089/build]   | [INFO] Downloaded from central: https://repo.maven.apache.org/maven2/org/ow2/asm/asm/6.2/asm-6.2.jar (111 kB at 4.8 MB/s)
[3d3e6a6d-a746-4687-abd2-06dc6a376089/build]   | [INFO] Downloaded from central: https://repo.maven.apache.org/maven2/org/codehaus/plexus/plexus-compiler-api/2.8.4/plexus-compiler-api-2.8.4.jar (27 kB at 1.0 MB/s)
[3d3e6a6d-a746-4687-abd2-06dc6a376089/build]   | [INFO] Downloaded from central: https://repo.maven.apache.org/maven2/org/codehaus/plexus/plexus-compiler-javac/2.8.4/plexus-compiler-javac-2.8.4.jar (21 kB at 788 kB/s)
[3d3e6a6d-a746-4687-abd2-06dc6a376089/build]   | [INFO] Downloaded from central: https://repo.maven.apache.org/maven2/com/thoughtworks/qdox/qdox/2.0-M9/qdox-2.0-M9.jar (317 kB at 10 MB/s)
[3d3e6a6d-a746-4687-abd2-06dc6a376089/build]   | [INFO] Downloaded from central: https://repo.maven.apache.org/maven2/org/codehaus/plexus/plexus-compiler-manager/2.8.4/plexus-compiler-manager-2.8.4.jar (4.7 kB at 138 kB/s)
[3d3e6a6d-a746-4687-abd2-06dc6a376089/build]   | [INFO] Changes detected - recompiling the module!
[3d3e6a6d-a746-4687-abd2-06dc6a376089/build]   | [INFO] Compiling 274 source files to /tmp/7c89ba32-9821-4414-b02d-b9cbb015ffa7/target/classes
[3d3e6a6d-a746-4687-abd2-06dc6a376089/build]   | [INFO] /tmp/7c89ba32-9821-4414-b02d-b9cbb015ffa7/src/main/java/hackerrank/expedia/ReachableEmployees.java: Some input files use unchecked or unsafe operations.
[3d3e6a6d-a746-4687-abd2-06dc6a376089/build]   | [INFO] /tmp/7c89ba32-9821-4414-b02d-b9cbb015ffa7/src/main/java/hackerrank/expedia/ReachableEmployees.java: Recompile with -Xlint:unchecked for details.
[3d3e6a6d-a746-4687-abd2-06dc6a376089/build]   | [INFO] 
[3d3e6a6d-a746-4687-abd2-06dc6a376089/build]   | [INFO] --- maven-resources-plugin:3.0.2:testResources (default-testResources) @ java-solutions ---
[3d3e6a6d-a746-4687-abd2-06dc6a376089/build]   | [INFO] Using 'UTF-8' encoding to copy filtered resources.
[3d3e6a6d-a746-4687-abd2-06dc6a376089/build]   | [INFO] skip non existing resourceDirectory /tmp/7c89ba32-9821-4414-b02d-b9cbb015ffa7/src/test/resources
[3d3e6a6d-a746-4687-abd2-06dc6a376089/build]   | [INFO] 
[3d3e6a6d-a746-4687-abd2-06dc6a376089/build]   | [INFO] --- maven-compiler-plugin:3.8.0:testCompile (default-testCompile) @ java-solutions ---
[3d3e6a6d-a746-4687-abd2-06dc6a376089/build]   | [INFO] Changes detected - recompiling the module!
[3d3e6a6d-a746-4687-abd2-06dc6a376089/build]   | [INFO] Compiling 144 source files to /tmp/7c89ba32-9821-4414-b02d-b9cbb015ffa7/target/test-classes
[3d3e6a6d-a746-4687-abd2-06dc6a376089/build]   | [INFO] 
[3d3e6a6d-a746-4687-abd2-06dc6a376089/build]   | [INFO] --- maven-surefire-plugin:2.22.1:test (default-test) @ java-solutions ---
[3d3e6a6d-a746-4687-abd2-06dc6a376089/build]   | [INFO] Downloading from central: https://repo.maven.apache.org/maven2/org/apache/maven/surefire/maven-surefire-common/2.22.1/maven-surefire-common-2.22.1.pom
[3d3e6a6d-a746-4687-abd2-06dc6a376089/build]   | [INFO] Downloaded from central: https://repo.maven.apache.org/maven2/org/apache/maven/surefire/maven-surefire-common/2.22.1/maven-surefire-common-2.22.1.pom (11 kB at 337 kB/s)
[3d3e6a6d-a746-4687-abd2-06dc6a376089/build]   | [INFO] Downloading from central: https://repo.maven.apache.org/maven2/org/apache/maven/plugin-tools/maven-plugin-annotations/3.5.2/maven-plugin-annotations-3.5.2.pom
[3d3e6a6d-a746-4687-abd2-06dc6a376089/build]   | [INFO] Downloaded from central: https://repo.maven.apache.org/maven2/org/apache/maven/plugin-tools/maven-plugin-annotations/3.5.2/maven-plugin-annotations-3.5.2.pom (1.6 kB at 91 kB/s)
[3d3e6a6d-a746-4687-abd2-06dc6a376089/build]   | [INFO] Downloading from central: https://repo.maven.apache.org/maven2/org/apache/maven/plugin-tools/maven-plugin-tools/3.5.2/maven-plugin-tools-3.5.2.pom
[3d3e6a6d-a746-4687-abd2-06dc6a376089/build]   | [INFO] Downloaded from central: https://repo.maven.apache.org/maven2/org/apache/maven/plugin-tools/maven-plugin-tools/3.5.2/maven-plugin-tools-3.5.2.pom (15 kB at 569 kB/s)
[3d3e6a6d-a746-4687-abd2-06dc6a376089/build]   | [INFO] Downloading from central: https://repo.maven.apache.org/maven2/org/apache/maven/maven-parent/31/maven-parent-31.pom
[3d3e6a6d-a746-4687-abd2-06dc6a376089/build]   | [INFO] Downloaded from central: https://repo.maven.apache.org/maven2/org/apache/maven/maven-parent/31/maven-parent-31.pom (43 kB at 1.8 MB/s)
[3d3e6a6d-a746-4687-abd2-06dc6a376089/build]   | [INFO] Downloading from central: https://repo.maven.apache.org/maven2/org/apache/apache/19/apache-19.pom
[3d3e6a6d-a746-4687-abd2-06dc6a376089/build]   | [INFO] Downloaded from central: https://repo.maven.apache.org/maven2/org/apache/apache/19/apache-19.pom (15 kB at 1.5 MB/s)
[3d3e6a6d-a746-4687-abd2-06dc6a376089/build]   | [INFO] Downloading from central: https://repo.maven.apache.org/maven2/org/apache/maven/surefire/surefire-api/2.22.1/surefire-api-2.22.1.pom
[3d3e6a6d-a746-4687-abd2-06dc6a376089/build]   | [INFO] Downloaded from central: https://repo.maven.apache.org/maven2/org/apache/maven/surefire/surefire-api/2.22.1/surefire-api-2.22.1.pom (3.5 kB at 148 kB/s)
[3d3e6a6d-a746-4687-abd2-06dc6a376089/build]   | [INFO] Downloading from central: https://repo.maven.apache.org/maven2/org/apache/maven/surefire/surefire-logger-api/2.22.1/surefire-logger-api-2.22.1.pom
[3d3e6a6d-a746-4687-abd2-06dc6a376089/build]   | [INFO] Downloaded from central: https://repo.maven.apache.org/maven2/org/apache/maven/surefire/surefire-logger-api/2.22.1/surefire-logger-api-2.22.1.pom (2.0 kB at 85 kB/s)
[3d3e6a6d-a746-4687-abd2-06dc6a376089/build]   | [INFO] Downloading from central: https://repo.maven.apache.org/maven2/org/apache/maven/surefire/surefire-booter/2.22.1/surefire-booter-2.22.1.pom
[3d3e6a6d-a746-4687-abd2-06dc6a376089/build]   | [INFO] Downloaded from central: https://repo.maven.apache.org/maven2/org/apache/maven/surefire/surefire-booter/2.22.1/surefire-booter-2.22.1.pom (7.5 kB at 355 kB/s)
[3d3e6a6d-a746-4687-abd2-06dc6a376089/build]   | [INFO] Downloading from central: https://repo.maven.apache.org/maven2/org/codehaus/plexus/plexus-container-default/1.0-alpha-9-stable-1/plexus-container-default-1.0-alpha-9-stable-1.pom
[3d3e6a6d-a746-4687-abd2-06dc6a376089/build]   | [INFO] Downloaded from central: https://repo.maven.apache.org/maven2/org/codehaus/plexus/plexus-container-default/1.0-alpha-9-stable-1/plexus-container-default-1.0-alpha-9-stable-1.pom (3.9 kB at 127 kB/s)
[3d3e6a6d-a746-4687-abd2-06dc6a376089/build]   | [INFO] Downloading from central: https://repo.maven.apache.org/maven2/org/codehaus/plexus/plexus-containers/1.0.3/plexus-containers-1.0.3.pom
[3d3e6a6d-a746-4687-abd2-06dc6a376089/build]   | [INFO] Downloaded from central: https://repo.maven.apache.org/maven2/org/codehaus/plexus/plexus-containers/1.0.3/plexus-containers-1.0.3.pom (492 B at 14 kB/s)
[3d3e6a6d-a746-4687-abd2-06dc6a376089/build]   | [INFO] Downloading from central: https://repo.maven.apache.org/maven2/org/codehaus/plexus/plexus/1.0.4/plexus-1.0.4.pom
[3d3e6a6d-a746-4687-abd2-06dc6a376089/build]   | [INFO] Downloaded from central: https://repo.maven.apache.org/maven2/org/codehaus/plexus/plexus/1.0.4/plexus-1.0.4.pom (5.7 kB at 302 kB/s)
[3d3e6a6d-a746-4687-abd2-06dc6a376089/build]   | [INFO] Downloading from central: https://repo.maven.apache.org/maven2/junit/junit/4.12/junit-4.12.pom
[3d3e6a6d-a746-4687-abd2-06dc6a376089/build]   | [INFO] Downloaded from central: https://repo.maven.apache.org/maven2/junit/junit/4.12/junit-4.12.pom (24 kB at 816 kB/s)
[3d3e6a6d-a746-4687-abd2-06dc6a376089/build]   | [INFO] Downloading from central: https://repo.maven.apache.org/maven2/org/hamcrest/hamcrest-core/1.3/hamcrest-core-1.3.pom
[3d3e6a6d-a746-4687-abd2-06dc6a376089/build]   | [INFO] Downloaded from central: https://repo.maven.apache.org/maven2/org/hamcrest/hamcrest-core/1.3/hamcrest-core-1.3.pom (766 B at 21 kB/s)
[3d3e6a6d-a746-4687-abd2-06dc6a376089/build]   | [INFO] Downloading from central: https://repo.maven.apache.org/maven2/org/hamcrest/hamcrest-parent/1.3/hamcrest-parent-1.3.pom
[3d3e6a6d-a746-4687-abd2-06dc6a376089/build]   | [INFO] Downloaded from central: https://repo.maven.apache.org/maven2/org/hamcrest/hamcrest-parent/1.3/hamcrest-parent-1.3.pom (2.0 kB at 141 kB/s)
[3d3e6a6d-a746-4687-abd2-06dc6a376089/build]   | [INFO] Downloading from central: https://repo.maven.apache.org/maven2/org/codehaus/plexus/plexus-utils/1.0.4/plexus-utils-1.0.4.pom
[3d3e6a6d-a746-4687-abd2-06dc6a376089/build]   | [INFO] Downloaded from central: https://repo.maven.apache.org/maven2/org/codehaus/plexus/plexus-utils/1.0.4/plexus-utils-1.0.4.pom (6.9 kB at 571 kB/s)
[3d3e6a6d-a746-4687-abd2-06dc6a376089/build]   | [INFO] Downloading from central: https://repo.maven.apache.org/maven2/classworlds/classworlds/1.1-alpha-2/classworlds-1.1-alpha-2.pom
[3d3e6a6d-a746-4687-abd2-06dc6a376089/build]   | [INFO] Downloaded from central: https://repo.maven.apache.org/maven2/classworlds/classworlds/1.1-alpha-2/classworlds-1.1-alpha-2.pom (3.1 kB at 284 kB/s)
[3d3e6a6d-a746-4687-abd2-06dc6a376089/build]   | [INFO] Downloading from central: https://repo.maven.apache.org/maven2/org/apache/maven/reporting/maven-reporting-api/3.0/maven-reporting-api-3.0.pom
[3d3e6a6d-a746-4687-abd2-06dc6a376089/build]   | [INFO] Downloaded from central: https://repo.maven.apache.org/maven2/org/apache/maven/reporting/maven-reporting-api/3.0/maven-reporting-api-3.0.pom (2.4 kB at 170 kB/s)
[3d3e6a6d-a746-4687-abd2-06dc6a376089/build]   | [INFO] Downloading from central: https://repo.maven.apache.org/maven2/org/apache/maven/shared/maven-shared-components/15/maven-shared-components-15.pom
[3d3e6a6d-a746-4687-abd2-06dc6a376089/build]   | [INFO] Downloaded from central: https://repo.maven.apache.org/maven2/org/apache/maven/shared/maven-shared-components/15/maven-shared-components-15.pom (9.3 kB at 778 kB/s)
[3d3e6a6d-a746-4687-abd2-06dc6a376089/build]   | [INFO] Downloading from central: https://repo.maven.apache.org/maven2/org/apache/maven/maven-parent/16/maven-parent-16.pom
[3d3e6a6d-a746-4687-abd2-06dc6a376089/build]   | [INFO] Downloaded from central: https://repo.maven.apache.org/maven2/org/apache/maven/maven-parent/16/maven-parent-16.pom (23 kB at 1.8 MB/s)
[3d3e6a6d-a746-4687-abd2-06dc6a376089/build]   | [INFO] Downloading from central: https://repo.maven.apache.org/maven2/org/apache/apache/7/apache-7.pom
[3d3e6a6d-a746-4687-abd2-06dc6a376089/build]   | [INFO] Downloaded from central: https://repo.maven.apache.org/maven2/org/apache/apache/7/apache-7.pom (14 kB at 1.2 MB/s)
[3d3e6a6d-a746-4687-abd2-06dc6a376089/build]   | [INFO] Downloading from central: https://repo.maven.apache.org/maven2/classworlds/classworlds/1.1/classworlds-1.1.pom
[3d3e6a6d-a746-4687-abd2-06dc6a376089/build]   | [INFO] Downloaded from central: https://repo.maven.apache.org/maven2/classworlds/classworlds/1.1/classworlds-1.1.pom (3.3 kB at 332 kB/s)
[3d3e6a6d-a746-4687-abd2-06dc6a376089/build]   | [INFO] Downloading from central: https://repo.maven.apache.org/maven2/org/apache/maven/maven-toolchain/2.2.1/maven-toolchain-2.2.1.pom
[3d3e6a6d-a746-4687-abd2-06dc6a376089/build]   | [INFO] Downloaded from central: https://repo.maven.apache.org/maven2/org/apache/maven/maven-toolchain/2.2.1/maven-toolchain-2.2.1.pom (3.3 kB at 334 kB/s)
[3d3e6a6d-a746-4687-abd2-06dc6a376089/build]   | [INFO] Downloading from central: https://repo.maven.apache.org/maven2/com/thoughtworks/qdox/qdox/2.0-M8/qdox-2.0-M8.pom
[3d3e6a6d-a746-4687-abd2-06dc6a376089/build]   | [INFO] Downloaded from central: https://repo.maven.apache.org/maven2/com/thoughtworks/qdox/qdox/2.0-M8/qdox-2.0-M8.pom (16 kB at 1.2 MB/s)
[3d3e6a6d-a746-4687-abd2-06dc6a376089/build]   | [INFO] Downloading from central: https://repo.maven.apache.org/maven2/org/apache/maven/surefire/maven-surefire-common/2.22.1/maven-surefire-common-2.22.1.jar
[3d3e6a6d-a746-4687-abd2-06dc6a376089/build]   | [INFO] Downloading from central: https://repo.maven.apache.org/maven2/org/apache/maven/maven-plugin-api/2.2.1/maven-plugin-api-2.2.1.jar
[3d3e6a6d-a746-4687-abd2-06dc6a376089/build]   | [INFO] Downloading from central: https://repo.maven.apache.org/maven2/org/apache/maven/plugin-tools/maven-plugin-annotations/3.5.2/maven-plugin-annotations-3.5.2.jar
[3d3e6a6d-a746-4687-abd2-06dc6a376089/build]   | [INFO] Downloading from central: https://repo.maven.apache.org/maven2/org/apache/maven/surefire/surefire-api/2.22.1/surefire-api-2.22.1.jar
[3d3e6a6d-a746-4687-abd2-06dc6a376089/build]   | [INFO] Downloading from central: https://repo.maven.apache.org/maven2/org/apache/maven/surefire/surefire-logger-api/2.22.1/surefire-logger-api-2.22.1.jar
[3d3e6a6d-a746-4687-abd2-06dc6a376089/build]   | [INFO] Downloaded from central: https://repo.maven.apache.org/maven2/org/apache/maven/surefire/surefire-logger-api/2.22.1/surefire-logger-api-2.22.1.jar (13 kB at 668 kB/s)
[3d3e6a6d-a746-4687-abd2-06dc6a376089/build]   | [INFO] Downloaded from central: https://repo.maven.apache.org/maven2/org/apache/maven/plugin-tools/maven-plugin-annotations/3.5.2/maven-plugin-annotations-3.5.2.jar (14 kB at 713 kB/s)
[3d3e6a6d-a746-4687-abd2-06dc6a376089/build]   | [INFO] Downloading from central: https://repo.maven.apache.org/maven2/org/apache/maven/surefire/surefire-booter/2.22.1/surefire-booter-2.22.1.jar
[3d3e6a6d-a746-4687-abd2-06dc6a376089/build]   | [INFO] Downloading from central: https://repo.maven.apache.org/maven2/org/apache/maven/maven-artifact/2.2.1/maven-artifact-2.2.1.jar
[3d3e6a6d-a746-4687-abd2-06dc6a376089/build]   | [INFO] Downloaded from central: https://repo.maven.apache.org/maven2/org/apache/maven/maven-plugin-api/2.2.1/maven-plugin-api-2.2.1.jar (12 kB at 399 kB/s)
[3d3e6a6d-a746-4687-abd2-06dc6a376089/build]   | [INFO] Downloaded from central: https://repo.maven.apache.org/maven2/org/apache/maven/surefire/surefire-api/2.22.1/surefire-api-2.22.1.jar (186 kB at 6.0 MB/s)
[3d3e6a6d-a746-4687-abd2-06dc6a376089/build]   | [INFO] Downloading from central: https://repo.maven.apache.org/maven2/org/codehaus/plexus/plexus-utils/1.5.15/plexus-utils-1.5.15.jar
[3d3e6a6d-a746-4687-abd2-06dc6a376089/build]   | [INFO] Downloading from central: https://repo.maven.apache.org/maven2/org/apache/maven/maven-plugin-descriptor/2.2.1/maven-plugin-descriptor-2.2.1.jar
[3d3e6a6d-a746-4687-abd2-06dc6a376089/build]   | [INFO] Downloaded from central: https://repo.maven.apache.org/maven2/org/apache/maven/surefire/maven-surefire-common/2.22.1/maven-surefire-common-2.22.1.jar (528 kB at 12 MB/s)
[3d3e6a6d-a746-4687-abd2-06dc6a376089/build]   | [INFO] Downloading from central: https://repo.maven.apache.org/maven2/org/codehaus/plexus/plexus-container-default/1.0-alpha-9-stable-1/plexus-container-default-1.0-alpha-9-stable-1.jar
[3d3e6a6d-a746-4687-abd2-06dc6a376089/build]   | [INFO] Downloaded from central: https://repo.maven.apache.org/maven2/org/apache/maven/maven-artifact/2.2.1/maven-artifact-2.2.1.jar (80 kB at 1.8 MB/s)
[3d3e6a6d-a746-4687-abd2-06dc6a376089/build]   | [INFO] Downloading from central: https://repo.maven.apache.org/maven2/junit/junit/4.12/junit-4.12.jar
[3d3e6a6d-a746-4687-abd2-06dc6a376089/build]   | [INFO] Downloaded from central: https://repo.maven.apache.org/maven2/org/apache/maven/maven-plugin-descriptor/2.2.1/maven-plugin-descriptor-2.2.1.jar (39 kB at 770 kB/s)
[3d3e6a6d-a746-4687-abd2-06dc6a376089/build]   | [INFO] Downloading from central: https://repo.maven.apache.org/maven2/org/hamcrest/hamcrest-core/1.3/hamcrest-core-1.3.jar
[3d3e6a6d-a746-4687-abd2-06dc6a376089/build]   | [INFO] Downloaded from central: https://repo.maven.apache.org/maven2/org/codehaus/plexus/plexus-utils/1.5.15/plexus-utils-1.5.15.jar (228 kB at 3.9 MB/s)
[3d3e6a6d-a746-4687-abd2-06dc6a376089/build]   | [INFO] Downloading from central: https://repo.maven.apache.org/maven2/org/apache/maven/maven-project/2.2.1/maven-project-2.2.1.jar
[3d3e6a6d-a746-4687-abd2-06dc6a376089/build]   | [INFO] Downloaded from central: https://repo.maven.apache.org/maven2/org/apache/maven/surefire/surefire-booter/2.22.1/surefire-booter-2.22.1.jar (274 kB at 4.6 MB/s)
[3d3e6a6d-a746-4687-abd2-06dc6a376089/build]   | [INFO] Downloading from central: https://repo.maven.apache.org/maven2/org/apache/maven/maven-settings/2.2.1/maven-settings-2.2.1.jar
[3d3e6a6d-a746-4687-abd2-06dc6a376089/build]   | [INFO] Downloaded from central: https://repo.maven.apache.org/maven2/org/hamcrest/hamcrest-core/1.3/hamcrest-core-1.3.jar (45 kB at 530 kB/s)
[3d3e6a6d-a746-4687-abd2-06dc6a376089/build]   | [INFO] Downloading from central: https://repo.maven.apache.org/maven2/org/apache/maven/maven-profile/2.2.1/maven-profile-2.2.1.jar
[3d3e6a6d-a746-4687-abd2-06dc6a376089/build]   | [INFO] Downloaded from central: https://repo.maven.apache.org/maven2/org/codehaus/plexus/plexus-container-default/1.0-alpha-9-stable-1/plexus-container-default-1.0-alpha-9-stable-1.jar (194 kB at 2.2 MB/s)
[3d3e6a6d-a746-4687-abd2-06dc6a376089/build]   | [INFO] Downloading from central: https://repo.maven.apache.org/maven2/org/apache/maven/maven-artifact-manager/2.2.1/maven-artifact-manager-2.2.1.jar
[3d3e6a6d-a746-4687-abd2-06dc6a376089/build]   | [INFO] Downloaded from central: https://repo.maven.apache.org/maven2/junit/junit/4.12/junit-4.12.jar (315 kB at 3.6 MB/s)
[3d3e6a6d-a746-4687-abd2-06dc6a376089/build]   | [INFO] Downloading from central: https://repo.maven.apache.org/maven2/backport-util-concurrent/backport-util-concurrent/3.1/backport-util-concurrent-3.1.jar
[3d3e6a6d-a746-4687-abd2-06dc6a376089/build]   | [INFO] Downloaded from central: https://repo.maven.apache.org/maven2/org/apache/maven/maven-project/2.2.1/maven-project-2.2.1.jar (156 kB at 1.7 MB/s)
[3d3e6a6d-a746-4687-abd2-06dc6a376089/build]   | [INFO] Downloading from central: https://repo.maven.apache.org/maven2/org/apache/maven/maven-plugin-registry/2.2.1/maven-plugin-registry-2.2.1.jar
[3d3e6a6d-a746-4687-abd2-06dc6a376089/build]   | [INFO] Downloaded from central: https://repo.maven.apache.org/maven2/org/apache/maven/maven-settings/2.2.1/maven-settings-2.2.1.jar (49 kB at 516 kB/s)
[3d3e6a6d-a746-4687-abd2-06dc6a376089/build]   | [INFO] Downloading from central: https://repo.maven.apache.org/maven2/org/codehaus/plexus/plexus-interpolation/1.11/plexus-interpolation-1.11.jar
[3d3e6a6d-a746-4687-abd2-06dc6a376089/build]   | [INFO] Downloaded from central: https://repo.maven.apache.org/maven2/org/apache/maven/maven-profile/2.2.1/maven-profile-2.2.1.jar (35 kB at 340 kB/s)
[3d3e6a6d-a746-4687-abd2-06dc6a376089/build]   | [INFO] Downloading from central: https://repo.maven.apache.org/maven2/org/apache/maven/maven-model/2.2.1/maven-model-2.2.1.jar
[3d3e6a6d-a746-4687-abd2-06dc6a376089/build]   | [INFO] Downloaded from central: https://repo.maven.apache.org/maven2/org/apache/maven/maven-artifact-manager/2.2.1/maven-artifact-manager-2.2.1.jar (68 kB at 593 kB/s)
[3d3e6a6d-a746-4687-abd2-06dc6a376089/build]   | [INFO] Downloading from central: https://repo.maven.apache.org/maven2/org/apache/maven/maven-core/2.2.1/maven-core-2.2.1.jar
[3d3e6a6d-a746-4687-abd2-06dc6a376089/build]   | [INFO] Downloaded from central: https://repo.maven.apache.org/maven2/org/apache/maven/maven-plugin-registry/2.2.1/maven-plugin-registry-2.2.1.jar (30 kB at 232 kB/s)
[3d3e6a6d-a746-4687-abd2-06dc6a376089/build]   | [INFO] Downloaded from central: https://repo.maven.apache.org/maven2/org/codehaus/plexus/plexus-interpolation/1.11/plexus-interpolation-1.11.jar (51 kB at 398 kB/s)
[3d3e6a6d-a746-4687-abd2-06dc6a376089/build]   | [INFO] Downloading from central: https://repo.maven.apache.org/maven2/org/apache/maven/maven-plugin-parameter-documenter/2.2.1/maven-plugin-parameter-documenter-2.2.1.jar
[3d3e6a6d-a746-4687-abd2-06dc6a376089/build]   | [INFO] Downloading from central: https://repo.maven.apache.org/maven2/org/slf4j/slf4j-jdk14/1.5.6/slf4j-jdk14-1.5.6.jar
[3d3e6a6d-a746-4687-abd2-06dc6a376089/build]   | [INFO] Downloaded from central: https://repo.maven.apache.org/maven2/org/apache/maven/maven-model/2.2.1/maven-model-2.2.1.jar (88 kB at 608 kB/s)
[3d3e6a6d-a746-4687-abd2-06dc6a376089/build]   | [INFO] Downloading from central: https://repo.maven.apache.org/maven2/org/slf4j/slf4j-api/1.5.6/slf4j-api-1.5.6.jar
[3d3e6a6d-a746-4687-abd2-06dc6a376089/build]   | [INFO] Downloaded from central: https://repo.maven.apache.org/maven2/backport-util-concurrent/backport-util-concurrent/3.1/backport-util-concurrent-3.1.jar (332 kB at 2.3 MB/s)
[3d3e6a6d-a746-4687-abd2-06dc6a376089/build]   | [INFO] Downloading from central: https://repo.maven.apache.org/maven2/org/slf4j/jcl-over-slf4j/1.5.6/jcl-over-slf4j-1.5.6.jar
[3d3e6a6d-a746-4687-abd2-06dc6a376089/build]   | [INFO] Downloaded from central: https://repo.maven.apache.org/maven2/org/apache/maven/maven-core/2.2.1/maven-core-2.2.1.jar (178 kB at 1.2 MB/s)
[3d3e6a6d-a746-4687-abd2-06dc6a376089/build]   | [INFO] Downloading from central: https://repo.maven.apache.org/maven2/org/apache/maven/reporting/maven-reporting-api/3.0/maven-reporting-api-3.0.jar
[3d3e6a6d-a746-4687-abd2-06dc6a376089/build]   | [INFO] Downloaded from central: https://repo.maven.apache.org/maven2/org/slf4j/slf4j-jdk14/1.5.6/slf4j-jdk14-1.5.6.jar (8.8 kB at 57 kB/s)
[3d3e6a6d-a746-4687-abd2-06dc6a376089/build]   | [INFO] Downloaded from central: https://repo.maven.apache.org/maven2/org/apache/maven/maven-plugin-parameter-documenter/2.2.1/maven-plugin-parameter-documenter-2.2.1.jar (22 kB at 143 kB/s)
[3d3e6a6d-a746-4687-abd2-06dc6a376089/build]   | [INFO] Downloading from central: https://repo.maven.apache.org/maven2/org/apache/maven/maven-repository-metadata/2.2.1/maven-repository-metadata-2.2.1.jar
[3d3e6a6d-a746-4687-abd2-06dc6a376089/build]   | [INFO] Downloading from central: https://repo.maven.apache.org/maven2/org/apache/maven/maven-error-diagnostics/2.2.1/maven-error-diagnostics-2.2.1.jar
[3d3e6a6d-a746-4687-abd2-06dc6a376089/build]   | [INFO] Downloaded from central: https://repo.maven.apache.org/maven2/org/slf4j/jcl-over-slf4j/1.5.6/jcl-over-slf4j-1.5.6.jar (17 kB at 101 kB/s)
[3d3e6a6d-a746-4687-abd2-06dc6a376089/build]   | [INFO] Downloading from central: https://repo.maven.apache.org/maven2/org/apache/maven/maven-monitor/2.2.1/maven-monitor-2.2.1.jar
[3d3e6a6d-a746-4687-abd2-06dc6a376089/build]   | [INFO] Downloaded from central: https://repo.maven.apache.org/maven2/org/slf4j/slf4j-api/1.5.6/slf4j-api-1.5.6.jar (22 kB at 131 kB/s)
[3d3e6a6d-a746-4687-abd2-06dc6a376089/build]   | [INFO] Downloading from central: https://repo.maven.apache.org/maven2/classworlds/classworlds/1.1/classworlds-1.1.jar
[3d3e6a6d-a746-4687-abd2-06dc6a376089/build]   | [INFO] Downloaded from central: https://repo.maven.apache.org/maven2/org/apache/maven/reporting/maven-reporting-api/3.0/maven-reporting-api-3.0.jar (11 kB at 62 kB/s)
[3d3e6a6d-a746-4687-abd2-06dc6a376089/build]   | [INFO] Downloading from central: https://repo.maven.apache.org/maven2/org/apache/maven/maven-toolchain/2.2.1/maven-toolchain-2.2.1.jar
[3d3e6a6d-a746-4687-abd2-06dc6a376089/build]   | [INFO] Downloaded from central: https://repo.maven.apache.org/maven2/org/apache/maven/maven-repository-metadata/2.2.1/maven-repository-metadata-2.2.1.jar (26 kB at 143 kB/s)
[3d3e6a6d-a746-4687-abd2-06dc6a376089/build]   | [INFO] Downloading from central: https://repo.maven.apache.org/maven2/com/thoughtworks/qdox/qdox/2.0-M8/qdox-2.0-M8.jar
[3d3e6a6d-a746-4687-abd2-06dc6a376089/build]   | [INFO] Downloaded from central: https://repo.maven.apache.org/maven2/org/apache/maven/maven-error-diagnostics/2.2.1/maven-error-diagnostics-2.2.1.jar (13 kB at 71 kB/s)
[3d3e6a6d-a746-4687-abd2-06dc6a376089/build]   | [INFO] Downloaded from central: https://repo.maven.apache.org/maven2/org/apache/maven/maven-monitor/2.2.1/maven-monitor-2.2.1.jar (10 kB at 55 kB/s)
[3d3e6a6d-a746-4687-abd2-06dc6a376089/build]   | [INFO] Downloaded from central: https://repo.maven.apache.org/maven2/classworlds/classworlds/1.1/classworlds-1.1.jar (38 kB at 196 kB/s)
[3d3e6a6d-a746-4687-abd2-06dc6a376089/build]   | [INFO] Downloaded from central: https://repo.maven.apache.org/maven2/org/apache/maven/maven-toolchain/2.2.1/maven-toolchain-2.2.1.jar (38 kB at 194 kB/s)
[3d3e6a6d-a746-4687-abd2-06dc6a376089/build]   | [INFO] Downloaded from central: https://repo.maven.apache.org/maven2/com/thoughtworks/qdox/qdox/2.0-M8/qdox-2.0-M8.jar (316 kB at 1.5 MB/s)
[3d3e6a6d-a746-4687-abd2-06dc6a376089/build]   | [INFO] Downloading from central: https://repo.maven.apache.org/maven2/org/apache/maven/surefire/surefire-junit-platform/2.22.1/surefire-junit-platform-2.22.1.pom
[3d3e6a6d-a746-4687-abd2-06dc6a376089/build]   | [INFO] Downloaded from central: https://repo.maven.apache.org/maven2/org/apache/maven/surefire/surefire-junit-platform/2.22.1/surefire-junit-platform-2.22.1.pom (7.0 kB at 148 kB/s)
[3d3e6a6d-a746-4687-abd2-06dc6a376089/build]   | [INFO] Downloading from central: https://repo.maven.apache.org/maven2/org/apache/maven/surefire/surefire-providers/2.22.1/surefire-providers-2.22.1.pom
[3d3e6a6d-a746-4687-abd2-06dc6a376089/build]   | [INFO] Downloaded from central: https://repo.maven.apache.org/maven2/org/apache/maven/surefire/surefire-providers/2.22.1/surefire-providers-2.22.1.pom (2.5 kB at 78 kB/s)
[3d3e6a6d-a746-4687-abd2-06dc6a376089/build]   | [INFO] Downloading from central: https://repo.maven.apache.org/maven2/org/junit/platform/junit-platform-launcher/1.3.1/junit-platform-launcher-1.3.1.pom
[3d3e6a6d-a746-4687-abd2-06dc6a376089/build]   | [INFO] Downloaded from central: https://repo.maven.apache.org/maven2/org/junit/platform/junit-platform-launcher/1.3.1/junit-platform-launcher-1.3.1.pom (2.2 kB at 39 kB/s)
[3d3e6a6d-a746-4687-abd2-06dc6a376089/build]   | [INFO] Downloading from central: https://repo.maven.apache.org/maven2/org/junit/platform/junit-platform-engine/1.3.1/junit-platform-engine-1.3.1.pom
[3d3e6a6d-a746-4687-abd2-06dc6a376089/build]   | [INFO] Downloaded from central: https://repo.maven.apache.org/maven2/org/junit/platform/junit-platform-engine/1.3.1/junit-platform-engine-1.3.1.pom (2.4 kB at 126 kB/s)
[3d3e6a6d-a746-4687-abd2-06dc6a376089/build]   | [INFO] Downloading from central: https://repo.maven.apache.org/maven2/org/junit/platform/junit-platform-commons/1.3.1/junit-platform-commons-1.3.1.pom
[3d3e6a6d-a746-4687-abd2-06dc6a376089/build]   | [INFO] Downloaded from central: https://repo.maven.apache.org/maven2/org/junit/platform/junit-platform-commons/1.3.1/junit-platform-commons-1.3.1.pom (2.0 kB at 72 kB/s)
[3d3e6a6d-a746-4687-abd2-06dc6a376089/build]   | [INFO] Downloading from central: https://repo.maven.apache.org/maven2/org/opentest4j/opentest4j/1.1.1/opentest4j-1.1.1.pom
[3d3e6a6d-a746-4687-abd2-06dc6a376089/build]   | [INFO] Downloaded from central: https://repo.maven.apache.org/maven2/org/opentest4j/opentest4j/1.1.1/opentest4j-1.1.1.pom (1.7 kB at 112 kB/s)
[3d3e6a6d-a746-4687-abd2-06dc6a376089/build]   | [INFO] Downloading from central: https://repo.maven.apache.org/maven2/org/junit/platform/junit-platform-engine/1.3.1/junit-platform-engine-1.3.1.jar
[3d3e6a6d-a746-4687-abd2-06dc6a376089/build]   | [INFO] Downloading from central: https://repo.maven.apache.org/maven2/org/apache/maven/surefire/surefire-junit-platform/2.22.1/surefire-junit-platform-2.22.1.jar
[3d3e6a6d-a746-4687-abd2-06dc6a376089/build]   | [INFO] Downloading from central: https://repo.maven.apache.org/maven2/org/opentest4j/opentest4j/1.1.1/opentest4j-1.1.1.jar
[3d3e6a6d-a746-4687-abd2-06dc6a376089/build]   | [INFO] Downloading from central: https://repo.maven.apache.org/maven2/org/junit/platform/junit-platform-launcher/1.3.1/junit-platform-launcher-1.3.1.jar
[3d3e6a6d-a746-4687-abd2-06dc6a376089/build]   | [INFO] Downloading from central: https://repo.maven.apache.org/maven2/org/junit/platform/junit-platform-commons/1.3.1/junit-platform-commons-1.3.1.jar
[3d3e6a6d-a746-4687-abd2-06dc6a376089/build]   | [INFO] Downloaded from central: https://repo.maven.apache.org/maven2/org/opentest4j/opentest4j/1.1.1/opentest4j-1.1.1.jar (7.1 kB at 475 kB/s)
[3d3e6a6d-a746-4687-abd2-06dc6a376089/build]   | [INFO] Downloaded from central: https://repo.maven.apache.org/maven2/org/apache/maven/surefire/surefire-junit-platform/2.22.1/surefire-junit-platform-2.22.1.jar (66 kB at 4.4 MB/s)
[3d3e6a6d-a746-4687-abd2-06dc6a376089/build]   | [INFO] Downloaded from central: https://repo.maven.apache.org/maven2/org/junit/platform/junit-platform-launcher/1.3.1/junit-platform-launcher-1.3.1.jar (95 kB at 5.9 MB/s)
[3d3e6a6d-a746-4687-abd2-06dc6a376089/build]   | [INFO] Downloaded from central: https://repo.maven.apache.org/maven2/org/junit/platform/junit-platform-commons/1.3.1/junit-platform-commons-1.3.1.jar (78 kB at 4.6 MB/s)
[3d3e6a6d-a746-4687-abd2-06dc6a376089/build]   | [INFO] Downloaded from central: https://repo.maven.apache.org/maven2/org/junit/platform/junit-platform-engine/1.3.1/junit-platform-engine-1.3.1.jar (135 kB at 6.8 MB/s)
[3d3e6a6d-a746-4687-abd2-06dc6a376089/build]   | [INFO] 
[3d3e6a6d-a746-4687-abd2-06dc6a376089/build]   | [INFO] -------------------------------------------------------
[3d3e6a6d-a746-4687-abd2-06dc6a376089/build]   | [INFO]  T E S T S
[3d3e6a6d-a746-4687-abd2-06dc6a376089/build]   | [INFO] -------------------------------------------------------
[3d3e6a6d-a746-4687-abd2-06dc6a376089/build]   | [INFO] Running codility.ambitious.IdenticalPairOfIndicesTest
[3d3e6a6d-a746-4687-abd2-06dc6a376089/build]   | [INFO] Tests run: 1, Failures: 0, Errors: 0, Skipped: 0, Time elapsed: 0.011 s - in codility.ambitious.IdenticalPairOfIndicesTest
[3d3e6a6d-a746-4687-abd2-06dc6a376089/build]   | [INFO] Running codility.painless.BinaryGapTest
[3d3e6a6d-a746-4687-abd2-06dc6a376089/build]   | [INFO] Tests run: 1, Failures: 0, Errors: 0, Skipped: 0, Time elapsed: 0 s - in codility.painless.BinaryGapTest
[3d3e6a6d-a746-4687-abd2-06dc6a376089/build]   | [INFO] Running util.BinarySearchTest
[3d3e6a6d-a746-4687-abd2-06dc6a376089/build]   | [INFO] Tests run: 2, Failures: 0, Errors: 0, Skipped: 0, Time elapsed: 0 s - in util.BinarySearchTest
[3d3e6a6d-a746-4687-abd2-06dc6a376089/build]   | [INFO] Running util.BucketSortTest
[3d3e6a6d-a746-4687-abd2-06dc6a376089/build]   | [INFO] Tests run: 3, Failures: 0, Errors: 0, Skipped: 0, Time elapsed: 0 s - in util.BucketSortTest
[3d3e6a6d-a746-4687-abd2-06dc6a376089/build]   | [INFO] Running util.MergeSortTest
[3d3e6a6d-a746-4687-abd2-06dc6a376089/build]   | [INFO] Tests run: 2, Failures: 0, Errors: 0, Skipped: 0, Time elapsed: 0 s - in util.MergeSortTest
[3d3e6a6d-a746-4687-abd2-06dc6a376089/build]   | [INFO] Running util.QuickSortTest
[3d3e6a6d-a746-4687-abd2-06dc6a376089/build]   | [INFO] Tests run: 2, Failures: 0, Errors: 0, Skipped: 0, Time elapsed: 0 s - in util.QuickSortTest
[3d3e6a6d-a746-4687-abd2-06dc6a376089/build]   | [INFO] Running util.RadixSortTest
[3d3e6a6d-a746-4687-abd2-06dc6a376089/build]   | [INFO] Tests run: 3, Failures: 0, Errors: 0, Skipped: 0, Time elapsed: 0 s - in util.RadixSortTest
[3d3e6a6d-a746-4687-abd2-06dc6a376089/build]   | [INFO] Running util.CountingSortTest
[3d3e6a6d-a746-4687-abd2-06dc6a376089/build]   | [INFO] Tests run: 2, Failures: 0, Errors: 0, Skipped: 0, Time elapsed: 0 s - in util.CountingSortTest
[3d3e6a6d-a746-4687-abd2-06dc6a376089/build]   | [INFO] Running util.LinearSearchTest
[3d3e6a6d-a746-4687-abd2-06dc6a376089/build]   | [INFO] Tests run: 2, Failures: 0, Errors: 0, Skipped: 0, Time elapsed: 0 s - in util.LinearSearchTest
[3d3e6a6d-a746-4687-abd2-06dc6a376089/build]   | [INFO] Running hackerrank.datastructures.arrays.LeftRotationTest
[3d3e6a6d-a746-4687-abd2-06dc6a376089/build]   | [INFO] Tests run: 4, Failures: 0, Errors: 0, Skipped: 0, Time elapsed: 0 s - in hackerrank.datastructures.arrays.LeftRotationTest
[3d3e6a6d-a746-4687-abd2-06dc6a376089/build]   | [INFO] Running hackerrank.datastructures.queues.QueueUsingTwoStacksTest
[3d3e6a6d-a746-4687-abd2-06dc6a376089/build]   | [INFO] Tests run: 1, Failures: 0, Errors: 0, Skipped: 0, Time elapsed: 0 s - in hackerrank.datastructures.queues.QueueUsingTwoStacksTest
[3d3e6a6d-a746-4687-abd2-06dc6a376089/build]   | [INFO] Running hackerrank.datastructures.trees.IsBinarySearchTreeTest
[3d3e6a6d-a746-4687-abd2-06dc6a376089/build]   | [INFO] Tests run: 3, Failures: 0, Errors: 0, Skipped: 0, Time elapsed: 0 s - in hackerrank.datastructures.trees.IsBinarySearchTreeTest
[3d3e6a6d-a746-4687-abd2-06dc6a376089/build]   | [INFO] Running hackerrank.datastructures.trees.HeightOfABinaryTreeTest
[3d3e6a6d-a746-4687-abd2-06dc6a376089/build]   | [INFO] Tests run: 3, Failures: 0, Errors: 0, Skipped: 0, Time elapsed: 0.001 s - in hackerrank.datastructures.trees.HeightOfABinaryTreeTest
[3d3e6a6d-a746-4687-abd2-06dc6a376089/build]   | [INFO] Running hackerrank.datastructures.stacks.BalancedBracketsTest
[3d3e6a6d-a746-4687-abd2-06dc6a376089/build]   | [INFO] Tests run: 2, Failures: 0, Errors: 0, Skipped: 0, Time elapsed: 0 s - in hackerrank.datastructures.stacks.BalancedBracketsTest
[3d3e6a6d-a746-4687-abd2-06dc6a376089/build]   | [INFO] Running hackerrank.datastructures.stacks.GameOfTwoStacksTest
[3d3e6a6d-a746-4687-abd2-06dc6a376089/build]   | [INFO] Tests run: 5, Failures: 0, Errors: 0, Skipped: 0, Time elapsed: 0 s - in hackerrank.datastructures.stacks.GameOfTwoStacksTest
[3d3e6a6d-a746-4687-abd2-06dc6a376089/build]   | [INFO] Running hackerrank.datastructures.stacks.EqualStacksTest
[3d3e6a6d-a746-4687-abd2-06dc6a376089/build]   | [INFO] Tests run: 5, Failures: 0, Errors: 0, Skipped: 0, Time elapsed: 0 s - in hackerrank.datastructures.stacks.EqualStacksTest
[3d3e6a6d-a746-4687-abd2-06dc6a376089/build]   | [INFO] Running hackerrank.datastructures.linkedlists.PrintInReverseTest
[3d3e6a6d-a746-4687-abd2-06dc6a376089/build]   | 16
[3d3e6a6d-a746-4687-abd2-06dc6a376089/build]   | 15
[3d3e6a6d-a746-4687-abd2-06dc6a376089/build]   | 8
[3d3e6a6d-a746-4687-abd2-06dc6a376089/build]   | 4
[3d3e6a6d-a746-4687-abd2-06dc6a376089/build]   | 15
[3d3e6a6d-a746-4687-abd2-06dc6a376089/build]   | 8
[3d3e6a6d-a746-4687-abd2-06dc6a376089/build]   | 4
[3d3e6a6d-a746-4687-abd2-06dc6a376089/build]   | [INFO] Tests run: 2, Failures: 0, Errors: 0, Skipped: 0, Time elapsed: 0.001 s - in hackerrank.datastructures.linkedlists.PrintInReverseTest
[3d3e6a6d-a746-4687-abd2-06dc6a376089/build]   | [INFO] Running hackerrank.datastructures.linkedlists.ReverseALinkedListTest
[3d3e6a6d-a746-4687-abd2-06dc6a376089/build]   | [INFO] Tests run: 3, Failures: 0, Errors: 0, Skipped: 0, Time elapsed: 0 s - in hackerrank.datastructures.linkedlists.ReverseALinkedListTest
[3d3e6a6d-a746-4687-abd2-06dc6a376089/build]   | [INFO] Running hackerrank.datastructures.linkedlists.RemoveDuplicatesTest
[3d3e6a6d-a746-4687-abd2-06dc6a376089/build]   | [INFO] Tests run: 4, Failures: 0, Errors: 0, Skipped: 0, Time elapsed: 0 s - in hackerrank.datastructures.linkedlists.RemoveDuplicatesTest
[3d3e6a6d-a746-4687-abd2-06dc6a376089/build]   | [INFO] Running hackerrank.datastructures.linkedlists.CycleDetectionTest
[3d3e6a6d-a746-4687-abd2-06dc6a376089/build]   | [INFO] Tests run: 2, Failures: 0, Errors: 0, Skipped: 0, Time elapsed: 0 s - in hackerrank.datastructures.linkedlists.CycleDetectionTest
[3d3e6a6d-a746-4687-abd2-06dc6a376089/build]   | [INFO] Running hackerrank.algorithms.dynamicprogramming.EqualTest
[3d3e6a6d-a746-4687-abd2-06dc6a376089/build]   | [INFO] Tests run: 5, Failures: 0, Errors: 0, Skipped: 0, Time elapsed: 0 s - in hackerrank.algorithms.dynamicprogramming.EqualTest
[3d3e6a6d-a746-4687-abd2-06dc6a376089/build]   | [INFO] Running hackerrank.algorithms.implementation.NumberLineJumpsTest
[3d3e6a6d-a746-4687-abd2-06dc6a376089/build]   | [INFO] Tests run: 4, Failures: 0, Errors: 0, Skipped: 0, Time elapsed: 0 s - in hackerrank.algorithms.implementation.NumberLineJumpsTest
[3d3e6a6d-a746-4687-abd2-06dc6a376089/build]   | [INFO] Running hackerrank.algorithms.implementation.RepeatedStringTest
[3d3e6a6d-a746-4687-abd2-06dc6a376089/build]   | [INFO] Tests run: 3, Failures: 0, Errors: 0, Skipped: 0, Time elapsed: 0.001 s - in hackerrank.algorithms.implementation.RepeatedStringTest
[3d3e6a6d-a746-4687-abd2-06dc6a376089/build]   | [INFO] Running hackerrank.algorithms.implementation.BetweenTwoSetsTest
[3d3e6a6d-a746-4687-abd2-06dc6a376089/build]   | [INFO] Tests run: 4, Failures: 0, Errors: 0, Skipped: 0, Time elapsed: 0.001 s - in hackerrank.algorithms.implementation.BetweenTwoSetsTest
[3d3e6a6d-a746-4687-abd2-06dc6a376089/build]   | [INFO] Running hackerrank.algorithms.warmup.BirthdayCakeCandlesTest
[3d3e6a6d-a746-4687-abd2-06dc6a376089/build]   | [INFO] Tests run: 2, Failures: 0, Errors: 0, Skipped: 0, Time elapsed: 0 s - in hackerrank.algorithms.warmup.BirthdayCakeCandlesTest
[3d3e6a6d-a746-4687-abd2-06dc6a376089/build]   | [INFO] Running hackerrank.algorithms.search.MissingNumbersTest
[3d3e6a6d-a746-4687-abd2-06dc6a376089/build]   | [INFO] Tests run: 3, Failures: 0, Errors: 0, Skipped: 0, Time elapsed: 0 s - in hackerrank.algorithms.search.MissingNumbersTest
[3d3e6a6d-a746-4687-abd2-06dc6a376089/build]   | [INFO] Running hackerrank.algorithms.search.PairsTest
[3d3e6a6d-a746-4687-abd2-06dc6a376089/build]   | [INFO] Tests run: 3, Failures: 0, Errors: 0, Skipped: 0, Time elapsed: 0 s - in hackerrank.algorithms.search.PairsTest
[3d3e6a6d-a746-4687-abd2-06dc6a376089/build]   | [INFO] Running hackerrank.algorithms.search.MinimumLossTest
[3d3e6a6d-a746-4687-abd2-06dc6a376089/build]   | [INFO] Tests run: 3, Failures: 0, Errors: 0, Skipped: 0, Time elapsed: 0 s - in hackerrank.algorithms.search.MinimumLossTest
[3d3e6a6d-a746-4687-abd2-06dc6a376089/build]   | [INFO] Running hackerrank.algorithms.strings.TwoStringsTest
[3d3e6a6d-a746-4687-abd2-06dc6a376089/build]   | [INFO] Tests run: 4, Failures: 0, Errors: 0, Skipped: 0, Time elapsed: 0 s - in hackerrank.algorithms.strings.TwoStringsTest
[3d3e6a6d-a746-4687-abd2-06dc6a376089/build]   | [INFO] Running hackerrank.algorithms.strings.MakeAnagramsTest
[3d3e6a6d-a746-4687-abd2-06dc6a376089/build]   | [INFO] Tests run: 3, Failures: 0, Errors: 0, Skipped: 0, Time elapsed: 0 s - in hackerrank.algorithms.strings.MakeAnagramsTest
[3d3e6a6d-a746-4687-abd2-06dc6a376089/build]   | [INFO] Running hackerrank.algorithms.strings.SherlockAndTheValidStringTest
[3d3e6a6d-a746-4687-abd2-06dc6a376089/build]   | [INFO] Tests run: 7, Failures: 0, Errors: 0, Skipped: 0, Time elapsed: 0 s - in hackerrank.algorithms.strings.SherlockAndTheValidStringTest
[3d3e6a6d-a746-4687-abd2-06dc6a376089/build]   | [INFO] Running hackerrank.algorithms.strings.CamelCaseTest
[3d3e6a6d-a746-4687-abd2-06dc6a376089/build]   | [INFO] Tests run: 4, Failures: 0, Errors: 0, Skipped: 0, Time elapsed: 0 s - in hackerrank.algorithms.strings.CamelCaseTest
[3d3e6a6d-a746-4687-abd2-06dc6a376089/build]   | [INFO] Running hackerrank.algorithms.strings.TwoCharactersTest
[3d3e6a6d-a746-4687-abd2-06dc6a376089/build]   | [INFO] Tests run: 2, Failures: 0, Errors: 0, Skipped: 0, Time elapsed: 0 s - in hackerrank.algorithms.strings.TwoCharactersTest
[3d3e6a6d-a746-4687-abd2-06dc6a376089/build]   | [INFO] Running hackerrank.algorithms.strings.SuperReducedStringTest
[3d3e6a6d-a746-4687-abd2-06dc6a376089/build]   | [INFO] Tests run: 6, Failures: 0, Errors: 0, Skipped: 0, Time elapsed: 0 s - in hackerrank.algorithms.strings.SuperReducedStringTest
[3d3e6a6d-a746-4687-abd2-06dc6a376089/build]   | [INFO] Running hackerrank.algorithms.strings.BetterCompressionTest
[3d3e6a6d-a746-4687-abd2-06dc6a376089/build]   | [INFO] Tests run: 3, Failures: 0, Errors: 0, Skipped: 0, Time elapsed: 0 s - in hackerrank.algorithms.strings.BetterCompressionTest
[3d3e6a6d-a746-4687-abd2-06dc6a376089/build]   | [INFO] Running leetcode.MissingNumberTest
[3d3e6a6d-a746-4687-abd2-06dc6a376089/build]   | [INFO] Tests run: 3, Failures: 0, Errors: 0, Skipped: 0, Time elapsed: 0 s - in leetcode.MissingNumberTest
[3d3e6a6d-a746-4687-abd2-06dc6a376089/build]   | [INFO] Running leetcode.easy.SameTreeTest
[3d3e6a6d-a746-4687-abd2-06dc6a376089/build]   | [INFO] Tests run: 3, Failures: 0, Errors: 0, Skipped: 0, Time elapsed: 0 s - in leetcode.easy.SameTreeTest
[3d3e6a6d-a746-4687-abd2-06dc6a376089/build]   | [INFO] Running leetcode.easy.NextGreaterElementITest
[3d3e6a6d-a746-4687-abd2-06dc6a376089/build]   | [INFO] Tests run: 2, Failures: 0, Errors: 0, Skipped: 0, Time elapsed: 0.001 s - in leetcode.easy.NextGreaterElementITest
[3d3e6a6d-a746-4687-abd2-06dc6a376089/build]   | [INFO] Running leetcode.easy.ReorderDataInLogFilesTest
[3d3e6a6d-a746-4687-abd2-06dc6a376089/build]   | [INFO] Tests run: 1, Failures: 0, Errors: 0, Skipped: 0, Time elapsed: 0.001 s - in leetcode.easy.ReorderDataInLogFilesTest
[3d3e6a6d-a746-4687-abd2-06dc6a376089/build]   | [INFO] Running leetcode.easy.ReverseWordsInAString3Test
[3d3e6a6d-a746-4687-abd2-06dc6a376089/build]   | [INFO] Tests run: 1, Failures: 0, Errors: 0, Skipped: 0, Time elapsed: 0 s - in leetcode.easy.ReverseWordsInAString3Test
[3d3e6a6d-a746-4687-abd2-06dc6a376089/build]   | [INFO] Running leetcode.easy.UglyNumberTest
[3d3e6a6d-a746-4687-abd2-06dc6a376089/build]   | [INFO] Tests run: 1, Failures: 0, Errors: 0, Skipped: 0, Time elapsed: 0 s - in leetcode.easy.UglyNumberTest
[3d3e6a6d-a746-4687-abd2-06dc6a376089/build]   | [INFO] Running leetcode.easy.BackspaceStringCompareTest
[3d3e6a6d-a746-4687-abd2-06dc6a376089/build]   | [INFO] Tests run: 5, Failures: 0, Errors: 0, Skipped: 0, Time elapsed: 0 s - in leetcode.easy.BackspaceStringCompareTest
[3d3e6a6d-a746-4687-abd2-06dc6a376089/build]   | [INFO] Running leetcode.easy.MaximumSubarrayTest
[3d3e6a6d-a746-4687-abd2-06dc6a376089/build]   | [INFO] Tests run: 3, Failures: 0, Errors: 0, Skipped: 0, Time elapsed: 0 s - in leetcode.easy.MaximumSubarrayTest
[3d3e6a6d-a746-4687-abd2-06dc6a376089/build]   | [INFO] Running leetcode.easy.MajorityElementTest
[3d3e6a6d-a746-4687-abd2-06dc6a376089/build]   | [INFO] Tests run: 2, Failures: 0, Errors: 0, Skipped: 0, Time elapsed: 0 s - in leetcode.easy.MajorityElementTest
[3d3e6a6d-a746-4687-abd2-06dc6a376089/build]   | [INFO] Running leetcode.easy.MergeTwoSortedListsTest
[3d3e6a6d-a746-4687-abd2-06dc6a376089/build]   | [INFO] Tests run: 2, Failures: 0, Errors: 0, Skipped: 0, Time elapsed: 0 s - in leetcode.easy.MergeTwoSortedListsTest
[3d3e6a6d-a746-4687-abd2-06dc6a376089/build]   | [INFO] Running leetcode.easy.PascalsTriangleTest
[3d3e6a6d-a746-4687-abd2-06dc6a376089/build]   | [INFO] Tests run: 1, Failures: 0, Errors: 0, Skipped: 0, Time elapsed: 0 s - in leetcode.easy.PascalsTriangleTest
[3d3e6a6d-a746-4687-abd2-06dc6a376089/build]   | [INFO] Running leetcode.easy.PalindromeLinkedListTest
[3d3e6a6d-a746-4687-abd2-06dc6a376089/build]   | [INFO] Tests run: 4, Failures: 0, Errors: 0, Skipped: 0, Time elapsed: 0 s - in leetcode.easy.PalindromeLinkedListTest
[3d3e6a6d-a746-4687-abd2-06dc6a376089/build]   | [INFO] Running leetcode.easy.IntersectionOfTwoArraysIITest
[3d3e6a6d-a746-4687-abd2-06dc6a376089/build]   | [INFO] Tests run: 2, Failures: 0, Errors: 0, Skipped: 0, Time elapsed: 0 s - in leetcode.easy.IntersectionOfTwoArraysIITest
[3d3e6a6d-a746-4687-abd2-06dc6a376089/build]   | [INFO] Running leetcode.easy.SortingTheSentenceTest
[3d3e6a6d-a746-4687-abd2-06dc6a376089/build]   | [INFO] Tests run: 3, Failures: 0, Errors: 0, Skipped: 0, Time elapsed: 0 s - in leetcode.easy.SortingTheSentenceTest
[3d3e6a6d-a746-4687-abd2-06dc6a376089/build]   | [INFO] Running leetcode.easy.BestTimeToBuyAndSellAStockTest
[3d3e6a6d-a746-4687-abd2-06dc6a376089/build]   | [INFO] Tests run: 4, Failures: 0, Errors: 0, Skipped: 0, Time elapsed: 0 s - in leetcode.easy.BestTimeToBuyAndSellAStockTest
[3d3e6a6d-a746-4687-abd2-06dc6a376089/build]   | [INFO] Running leetcode.easy.JewelsAndStonesTest
[3d3e6a6d-a746-4687-abd2-06dc6a376089/build]   | [INFO] Tests run: 2, Failures: 0, Errors: 0, Skipped: 0, Time elapsed: 0 s - in leetcode.easy.JewelsAndStonesTest
[3d3e6a6d-a746-4687-abd2-06dc6a376089/build]   | [INFO] Running leetcode.easy.MiddleOfTheLinkedListTest
[3d3e6a6d-a746-4687-abd2-06dc6a376089/build]   | [INFO] Tests run: 2, Failures: 0, Errors: 0, Skipped: 0, Time elapsed: 0.001 s - in leetcode.easy.MiddleOfTheLinkedListTest
[3d3e6a6d-a746-4687-abd2-06dc6a376089/build]   | [INFO] Running leetcode.easy.SingleNumberTest
[3d3e6a6d-a746-4687-abd2-06dc6a376089/build]   | [INFO] Tests run: 2, Failures: 0, Errors: 0, Skipped: 0, Time elapsed: 0 s - in leetcode.easy.SingleNumberTest
[3d3e6a6d-a746-4687-abd2-06dc6a376089/build]   | [INFO] Running leetcode.easy.TwoSumTest
[3d3e6a6d-a746-4687-abd2-06dc6a376089/build]   | [INFO] Tests run: 2, Failures: 0, Errors: 0, Skipped: 0, Time elapsed: 0 s - in leetcode.easy.TwoSumTest
[3d3e6a6d-a746-4687-abd2-06dc6a376089/build]   | [INFO] Running leetcode.easy.MoveZeroesTest
[3d3e6a6d-a746-4687-abd2-06dc6a376089/build]   | [INFO] Tests run: 3, Failures: 0, Errors: 0, Skipped: 0, Time elapsed: 0 s - in leetcode.easy.MoveZeroesTest
[3d3e6a6d-a746-4687-abd2-06dc6a376089/build]   | [INFO] Running leetcode.easy.ValidAnagramTest
[3d3e6a6d-a746-4687-abd2-06dc6a376089/build]   | [INFO] Tests run: 5, Failures: 0, Errors: 0, Skipped: 0, Time elapsed: 0 s - in leetcode.easy.ValidAnagramTest
[3d3e6a6d-a746-4687-abd2-06dc6a376089/build]   | [INFO] Running leetcode.easy.LengthOfLastWordTest
[3d3e6a6d-a746-4687-abd2-06dc6a376089/build]   | [INFO] Tests run: 3, Failures: 0, Errors: 0, Skipped: 0, Time elapsed: 0 s - in leetcode.easy.LengthOfLastWordTest
[3d3e6a6d-a746-4687-abd2-06dc6a376089/build]   | [INFO] Running leetcode.easy.InvertTreeTest
[3d3e6a6d-a746-4687-abd2-06dc6a376089/build]   | [INFO] Tests run: 6, Failures: 0, Errors: 0, Skipped: 0, Time elapsed: 0.001 s - in leetcode.easy.InvertTreeTest
[3d3e6a6d-a746-4687-abd2-06dc6a376089/build]   | [INFO] Running leetcode.easy.PathSumTest
[3d3e6a6d-a746-4687-abd2-06dc6a376089/build]   | [INFO] Tests run: 2, Failures: 0, Errors: 0, Skipped: 0, Time elapsed: 0 s - in leetcode.easy.PathSumTest
[3d3e6a6d-a746-4687-abd2-06dc6a376089/build]   | [INFO] Running leetcode.easy.HappyNumberTest
[3d3e6a6d-a746-4687-abd2-06dc6a376089/build]   | [INFO] Tests run: 1, Failures: 0, Errors: 0, Skipped: 0, Time elapsed: 0 s - in leetcode.easy.HappyNumberTest
[3d3e6a6d-a746-4687-abd2-06dc6a376089/build]   | [INFO] Running leetcode.easy.ClimbingStairsTest
[3d3e6a6d-a746-4687-abd2-06dc6a376089/build]   | [INFO] Tests run: 1, Failures: 0, Errors: 0, Skipped: 0, Time elapsed: 0 s - in leetcode.easy.ClimbingStairsTest
[3d3e6a6d-a746-4687-abd2-06dc6a376089/build]   | [INFO] Running leetcode.easy.NumberOf1BitsTest
[3d3e6a6d-a746-4687-abd2-06dc6a376089/build]   | [INFO] Tests run: 1, Failures: 0, Errors: 0, Skipped: 0, Time elapsed: 0 s - in leetcode.easy.NumberOf1BitsTest
[3d3e6a6d-a746-4687-abd2-06dc6a376089/build]   | [INFO] Running leetcode.easy.BestTimeToBuyAndSellAStockIITest
[3d3e6a6d-a746-4687-abd2-06dc6a376089/build]   | [INFO] Tests run: 3, Failures: 0, Errors: 0, Skipped: 0, Time elapsed: 0 s - in leetcode.easy.BestTimeToBuyAndSellAStockIITest
[3d3e6a6d-a746-4687-abd2-06dc6a376089/build]   | [INFO] Running leetcode.easy.ShuffleStringTest
[3d3e6a6d-a746-4687-abd2-06dc6a376089/build]   | [INFO] Tests run: 2, Failures: 0, Errors: 0, Skipped: 0, Time elapsed: 0 s - in leetcode.easy.ShuffleStringTest
[3d3e6a6d-a746-4687-abd2-06dc6a376089/build]   | [INFO] Running leetcode.easy.FirstUniqueCharacterInAStringTest
[3d3e6a6d-a746-4687-abd2-06dc6a376089/build]   | [INFO] Tests run: 6, Failures: 0, Errors: 0, Skipped: 0, Time elapsed: 0 s - in leetcode.easy.FirstUniqueCharacterInAStringTest
[3d3e6a6d-a746-4687-abd2-06dc6a376089/build]   | [INFO] Running leetcode.easy.MaximumDepthOfABinaryTreeTest
[3d3e6a6d-a746-4687-abd2-06dc6a376089/build]   | [INFO] Tests run: 1, Failures: 0, Errors: 0, Skipped: 0, Time elapsed: 0 s - in leetcode.easy.MaximumDepthOfABinaryTreeTest
[3d3e6a6d-a746-4687-abd2-06dc6a376089/build]   | [INFO] Running leetcode.easy.ContainsDuplicateIITest
[3d3e6a6d-a746-4687-abd2-06dc6a376089/build]   | [INFO] Tests run: 3, Failures: 0, Errors: 0, Skipped: 0, Time elapsed: 0 s - in leetcode.easy.ContainsDuplicateIITest
[3d3e6a6d-a746-4687-abd2-06dc6a376089/build]   | [INFO] Running leetcode.easy.NumberOfGoodPairsTest
[3d3e6a6d-a746-4687-abd2-06dc6a376089/build]   | [INFO] Tests run: 3, Failures: 0, Errors: 0, Skipped: 0, Time elapsed: 0 s - in leetcode.easy.NumberOfGoodPairsTest
[3d3e6a6d-a746-4687-abd2-06dc6a376089/build]   | [INFO] Running leetcode.easy.SquaresOfSortedArrayTest
[3d3e6a6d-a746-4687-abd2-06dc6a376089/build]   | [INFO] Tests run: 3, Failures: 0, Errors: 0, Skipped: 0, Time elapsed: 0 s - in leetcode.easy.SquaresOfSortedArrayTest
[3d3e6a6d-a746-4687-abd2-06dc6a376089/build]   | [INFO] Running leetcode.easy.RemoveLinkedListElementsTest
[3d3e6a6d-a746-4687-abd2-06dc6a376089/build]   | [INFO] Tests run: 2, Failures: 0, Errors: 0, Skipped: 0, Time elapsed: 0 s - in leetcode.easy.RemoveLinkedListElementsTest
[3d3e6a6d-a746-4687-abd2-06dc6a376089/build]   | [INFO] Running leetcode.easy.RangeSumOfBSTTest
[3d3e6a6d-a746-4687-abd2-06dc6a376089/build]   | [INFO] Tests run: 3, Failures: 0, Errors: 0, Skipped: 0, Time elapsed: 0 s - in leetcode.easy.RangeSumOfBSTTest
[3d3e6a6d-a746-4687-abd2-06dc6a376089/build]   | [INFO] Running leetcode.easy.IntersectionOfTwoLinkedListsTest
[3d3e6a6d-a746-4687-abd2-06dc6a376089/build]   | [INFO] Tests run: 1, Failures: 0, Errors: 0, Skipped: 0, Time elapsed: 0 s - in leetcode.easy.IntersectionOfTwoLinkedListsTest
[3d3e6a6d-a746-4687-abd2-06dc6a376089/build]   | [INFO] Running leetcode.easy.ContainsDuplicateTest
[3d3e6a6d-a746-4687-abd2-06dc6a376089/build]   | [INFO] Tests run: 3, Failures: 0, Errors: 0, Skipped: 0, Time elapsed: 0 s - in leetcode.easy.ContainsDuplicateTest
[3d3e6a6d-a746-4687-abd2-06dc6a376089/build]   | [INFO] Running leetcode.easy.AverageOfLevelsInBinaryTreeTest
[3d3e6a6d-a746-4687-abd2-06dc6a376089/build]   | [INFO] Tests run: 2, Failures: 0, Errors: 0, Skipped: 0, Time elapsed: 0 s - in leetcode.easy.AverageOfLevelsInBinaryTreeTest
[3d3e6a6d-a746-4687-abd2-06dc6a376089/build]   | [INFO] Running leetcode.easy.SymmetricTreeTest
[3d3e6a6d-a746-4687-abd2-06dc6a376089/build]   | [INFO] Tests run: 2, Failures: 0, Errors: 0, Skipped: 0, Time elapsed: 0 s - in leetcode.easy.SymmetricTreeTest
[3d3e6a6d-a746-4687-abd2-06dc6a376089/build]   | [INFO] Running leetcode.easy.MinimumDepthBinaryTreeTest
[3d3e6a6d-a746-4687-abd2-06dc6a376089/build]   | [INFO] Tests run: 2, Failures: 0, Errors: 0, Skipped: 0, Time elapsed: 0 s - in leetcode.easy.MinimumDepthBinaryTreeTest
[3d3e6a6d-a746-4687-abd2-06dc6a376089/build]   | [INFO] Running leetcode.easy.CheckIfPangramTest
[3d3e6a6d-a746-4687-abd2-06dc6a376089/build]   | [INFO] Tests run: 2, Failures: 0, Errors: 0, Skipped: 0, Time elapsed: 0 s - in leetcode.easy.CheckIfPangramTest
[3d3e6a6d-a746-4687-abd2-06dc6a376089/build]   | [INFO] Running leetcode.easy.DiameterOfABinaryTreeTest
[3d3e6a6d-a746-4687-abd2-06dc6a376089/build]   | [INFO] Tests run: 2, Failures: 0, Errors: 0, Skipped: 0, Time elapsed: 0 s - in leetcode.easy.DiameterOfABinaryTreeTest
[3d3e6a6d-a746-4687-abd2-06dc6a376089/build]   | [INFO] Running leetcode.easy.FindAllNumbersDisappearedInAnArrayTest
[3d3e6a6d-a746-4687-abd2-06dc6a376089/build]   | [INFO] Tests run: 4, Failures: 0, Errors: 0, Skipped: 0, Time elapsed: 0 s - in leetcode.easy.FindAllNumbersDisappearedInAnArrayTest
[3d3e6a6d-a746-4687-abd2-06dc6a376089/build]   | [INFO] Running leetcode.easy.SearchInsertPositionTest
[3d3e6a6d-a746-4687-abd2-06dc6a376089/build]   | [INFO] Tests run: 3, Failures: 0, Errors: 0, Skipped: 0, Time elapsed: 0 s - in leetcode.easy.SearchInsertPositionTest
[3d3e6a6d-a746-4687-abd2-06dc6a376089/build]   | [INFO] Running leetcode.easy.LongestCommonPrefixTest
[3d3e6a6d-a746-4687-abd2-06dc6a376089/build]   | [INFO] Tests run: 3, Failures: 0, Errors: 0, Skipped: 0, Time elapsed: 0 s - in leetcode.easy.LongestCommonPrefixTest
[3d3e6a6d-a746-4687-abd2-06dc6a376089/build]   | [INFO] Running leetcode.easy.NumbersSmallerThanTheCurrentNumberTest
[3d3e6a6d-a746-4687-abd2-06dc6a376089/build]   | [INFO] Tests run: 4, Failures: 0, Errors: 0, Skipped: 0, Time elapsed: 0 s - in leetcode.easy.NumbersSmallerThanTheCurrentNumberTest
[3d3e6a6d-a746-4687-abd2-06dc6a376089/build]   | [INFO] Running leetcode.easy.FindCommonCharactersTest
[3d3e6a6d-a746-4687-abd2-06dc6a376089/build]   | [INFO] Tests run: 4, Failures: 0, Errors: 0, Skipped: 0, Time elapsed: 0 s - in leetcode.easy.FindCommonCharactersTest
[3d3e6a6d-a746-4687-abd2-06dc6a376089/build]   | [INFO] Running leetcode.hard.SerializeAndDeserializeABinaryTreeTest
[3d3e6a6d-a746-4687-abd2-06dc6a376089/build]   | [INFO] Tests run: 2, Failures: 0, Errors: 0, Skipped: 0, Time elapsed: 0 s - in leetcode.hard.SerializeAndDeserializeABinaryTreeTest
[3d3e6a6d-a746-4687-abd2-06dc6a376089/build]   | [INFO] Running leetcode.hard.TrappingRainWaterIITest
[3d3e6a6d-a746-4687-abd2-06dc6a376089/build]   | [INFO] Tests run: 2, Failures: 0, Errors: 0, Skipped: 0, Time elapsed: 0 s - in leetcode.hard.TrappingRainWaterIITest
[3d3e6a6d-a746-4687-abd2-06dc6a376089/build]   | [INFO] Running leetcode.hard.TrappingRainWaterTest
[3d3e6a6d-a746-4687-abd2-06dc6a376089/build]   | [INFO] Tests run: 5, Failures: 0, Errors: 0, Skipped: 0, Time elapsed: 0 s - in leetcode.hard.TrappingRainWaterTest
[3d3e6a6d-a746-4687-abd2-06dc6a376089/build]   | [INFO] Running leetcode.hard.MedianOfTwoSortedArraysTest
[3d3e6a6d-a746-4687-abd2-06dc6a376089/build]   | [INFO] Tests run: 3, Failures: 0, Errors: 0, Skipped: 0, Time elapsed: 0 s - in leetcode.hard.MedianOfTwoSortedArraysTest
[3d3e6a6d-a746-4687-abd2-06dc6a376089/build]   | [INFO] Running leetcode.hard.LongestValidParenthesesTest
[3d3e6a6d-a746-4687-abd2-06dc6a376089/build]   | [INFO] Tests run: 3, Failures: 0, Errors: 0, Skipped: 0, Time elapsed: 0 s - in leetcode.hard.LongestValidParenthesesTest
[3d3e6a6d-a746-4687-abd2-06dc6a376089/build]   | [INFO] Running leetcode.hard.MinimumWindowSubstringTest
[3d3e6a6d-a746-4687-abd2-06dc6a376089/build]   | [INFO] Tests run: 4, Failures: 0, Errors: 0, Skipped: 0, Time elapsed: 0 s - in leetcode.hard.MinimumWindowSubstringTest
[3d3e6a6d-a746-4687-abd2-06dc6a376089/build]   | [INFO] Running leetcode.medium.SwapNodesInPairsTest
[3d3e6a6d-a746-4687-abd2-06dc6a376089/build]   | [INFO] Tests run: 3, Failures: 0, Errors: 0, Skipped: 0, Time elapsed: 0 s - in leetcode.medium.SwapNodesInPairsTest
[3d3e6a6d-a746-4687-abd2-06dc6a376089/build]   | [INFO] Running leetcode.medium.PartitionLabelsTest
[3d3e6a6d-a746-4687-abd2-06dc6a376089/build]   | [INFO] Tests run: 3, Failures: 0, Errors: 0, Skipped: 0, Time elapsed: 0.001 s - in leetcode.medium.PartitionLabelsTest
[3d3e6a6d-a746-4687-abd2-06dc6a376089/build]   | [INFO] Running leetcode.medium.PermutationsTest
[3d3e6a6d-a746-4687-abd2-06dc6a376089/build]   | [INFO] Tests run: 2, Failures: 0, Errors: 0, Skipped: 0, Time elapsed: 0 s - in leetcode.medium.PermutationsTest
[3d3e6a6d-a746-4687-abd2-06dc6a376089/build]   | [INFO] Running leetcode.medium.BinaryTreeZigzagLevelOrderTraversalTest
[3d3e6a6d-a746-4687-abd2-06dc6a376089/build]   | [INFO] Tests run: 2, Failures: 0, Errors: 0, Skipped: 0, Time elapsed: 0 s - in leetcode.medium.BinaryTreeZigzagLevelOrderTraversalTest
[3d3e6a6d-a746-4687-abd2-06dc6a376089/build]   | [INFO] Running leetcode.medium.SortColorsTest
[3d3e6a6d-a746-4687-abd2-06dc6a376089/build]   | [INFO] Tests run: 3, Failures: 0, Errors: 0, Skipped: 0, Time elapsed: 0 s - in leetcode.medium.SortColorsTest
[3d3e6a6d-a746-4687-abd2-06dc6a376089/build]   | [INFO] Running leetcode.medium.LongestConsecutiveSequenceTest
[3d3e6a6d-a746-4687-abd2-06dc6a376089/build]   | [INFO] Tests run: 4, Failures: 0, Errors: 0, Skipped: 0, Time elapsed: 0 s - in leetcode.medium.LongestConsecutiveSequenceTest
[3d3e6a6d-a746-4687-abd2-06dc6a376089/build]   | [INFO] Running leetcode.medium.ThreeSumClosestTest
[3d3e6a6d-a746-4687-abd2-06dc6a376089/build]   | [INFO] Tests run: 3, Failures: 0, Errors: 0, Skipped: 0, Time elapsed: 0 s - in leetcode.medium.ThreeSumClosestTest
[3d3e6a6d-a746-4687-abd2-06dc6a376089/build]   | [INFO] Running leetcode.medium.LRUCacheTest
[3d3e6a6d-a746-4687-abd2-06dc6a376089/build]   | [INFO] Tests run: 1, Failures: 0, Errors: 0, Skipped: 0, Time elapsed: 0 s - in leetcode.medium.LRUCacheTest
[3d3e6a6d-a746-4687-abd2-06dc6a376089/build]   | [INFO] Running leetcode.medium.IsomorphicStringsTest
[3d3e6a6d-a746-4687-abd2-06dc6a376089/build]   | [INFO] Tests run: 4, Failures: 0, Errors: 0, Skipped: 0, Time elapsed: 0 s - in leetcode.medium.IsomorphicStringsTest
[3d3e6a6d-a746-4687-abd2-06dc6a376089/build]   | [INFO] Running leetcode.medium.ValidTicTacToeStateTest
[3d3e6a6d-a746-4687-abd2-06dc6a376089/build]   | [INFO] Tests run: 4, Failures: 0, Errors: 0, Skipped: 0, Time elapsed: 0 s - in leetcode.medium.ValidTicTacToeStateTest
[3d3e6a6d-a746-4687-abd2-06dc6a376089/build]   | [INFO] Running leetcode.medium.FindTheDuplicateNumberTest
[3d3e6a6d-a746-4687-abd2-06dc6a376089/build]   | [INFO] Tests run: 5, Failures: 0, Errors: 0, Skipped: 0, Time elapsed: 0 s - in leetcode.medium.FindTheDuplicateNumberTest
[3d3e6a6d-a746-4687-abd2-06dc6a376089/build]   | [INFO] Running leetcode.medium.SubsetsIITest
[3d3e6a6d-a746-4687-abd2-06dc6a376089/build]   | [INFO] Tests run: 1, Failures: 0, Errors: 0, Skipped: 0, Time elapsed: 0 s - in leetcode.medium.SubsetsIITest
[3d3e6a6d-a746-4687-abd2-06dc6a376089/build]   | [INFO] Running leetcode.medium.SearchA2DMatrixTest
[3d3e6a6d-a746-4687-abd2-06dc6a376089/build]   | [INFO] Tests run: 2, Failures: 0, Errors: 0, Skipped: 0, Time elapsed: 0 s - in leetcode.medium.SearchA2DMatrixTest
[3d3e6a6d-a746-4687-abd2-06dc6a376089/build]   | [INFO] Running leetcode.medium.TopKFrequentWordsTest
[3d3e6a6d-a746-4687-abd2-06dc6a376089/build]   | [INFO] Tests run: 2, Failures: 0, Errors: 0, Skipped: 0, Time elapsed: 0 s - in leetcode.medium.TopKFrequentWordsTest
[3d3e6a6d-a746-4687-abd2-06dc6a376089/build]   | [INFO] Running leetcode.medium.LongestPalindromicSubstringTest
[3d3e6a6d-a746-4687-abd2-06dc6a376089/build]   | [INFO] Tests run: 2, Failures: 0, Errors: 0, Skipped: 0, Time elapsed: 0 s - in leetcode.medium.LongestPalindromicSubstringTest
[3d3e6a6d-a746-4687-abd2-06dc6a376089/build]   | [INFO] Running leetcode.medium.GenerateParanthesesTest
[3d3e6a6d-a746-4687-abd2-06dc6a376089/build]   | [INFO] Tests run: 1, Failures: 0, Errors: 0, Skipped: 0, Time elapsed: 0 s - in leetcode.medium.GenerateParanthesesTest
[3d3e6a6d-a746-4687-abd2-06dc6a376089/build]   | [INFO] Running leetcode.medium.HouseRobberIIITest
[3d3e6a6d-a746-4687-abd2-06dc6a376089/build]   | [INFO] Tests run: 2, Failures: 0, Errors: 0, Skipped: 0, Time elapsed: 0 s - in leetcode.medium.HouseRobberIIITest
[3d3e6a6d-a746-4687-abd2-06dc6a376089/build]   | [INFO] Running leetcode.medium.LongestCommonSubsequenceTest
[3d3e6a6d-a746-4687-abd2-06dc6a376089/build]   | [INFO] Tests run: 4, Failures: 0, Errors: 0, Skipped: 0, Time elapsed: 0 s - in leetcode.medium.LongestCommonSubsequenceTest
[3d3e6a6d-a746-4687-abd2-06dc6a376089/build]   | [INFO] Running leetcode.medium.PermutationsIITest
[3d3e6a6d-a746-4687-abd2-06dc6a376089/build]   | [1, 1, 2]
[3d3e6a6d-a746-4687-abd2-06dc6a376089/build]   | [1, 2, 1]
[3d3e6a6d-a746-4687-abd2-06dc6a376089/build]   | [2, 1, 1]
[3d3e6a6d-a746-4687-abd2-06dc6a376089/build]   | [INFO] Tests run: 2, Failures: 0, Errors: 0, Skipped: 0, Time elapsed: 0 s - in leetcode.medium.PermutationsIITest
[3d3e6a6d-a746-4687-abd2-06dc6a376089/build]   | [INFO] Running leetcode.medium.MinimumDominoRotationsForEqualRowTest
[3d3e6a6d-a746-4687-abd2-06dc6a376089/build]   | [INFO] Tests run: 2, Failures: 0, Errors: 0, Skipped: 0, Time elapsed: 0 s - in leetcode.medium.MinimumDominoRotationsForEqualRowTest
[3d3e6a6d-a746-4687-abd2-06dc6a376089/build]   | [INFO] Running leetcode.medium.BinaryTreeFromPreorderInOrderTraversalTest
[3d3e6a6d-a746-4687-abd2-06dc6a376089/build]   | [INFO] Tests run: 2, Failures: 0, Errors: 0, Skipped: 0, Time elapsed: 0 s - in leetcode.medium.BinaryTreeFromPreorderInOrderTraversalTest
[3d3e6a6d-a746-4687-abd2-06dc6a376089/build]   | [INFO] Running leetcode.medium.RotateImageTest
[3d3e6a6d-a746-4687-abd2-06dc6a376089/build]   | [INFO] Tests run: 4, Failures: 0, Errors: 0, Skipped: 0, Time elapsed: 0 s - in leetcode.medium.RotateImageTest
[3d3e6a6d-a746-4687-abd2-06dc6a376089/build]   | [INFO] Running leetcode.medium.FindAllDuplicatesInAnArrayTest
[3d3e6a6d-a746-4687-abd2-06dc6a376089/build]   | [INFO] Tests run: 3, Failures: 0, Errors: 0, Skipped: 0, Time elapsed: 0 s - in leetcode.medium.FindAllDuplicatesInAnArrayTest
[3d3e6a6d-a746-4687-abd2-06dc6a376089/build]   | [INFO] Running leetcode.medium.OnlineStockSpanTest
[3d3e6a6d-a746-4687-abd2-06dc6a376089/build]   | [INFO] Tests run: 5, Failures: 0, Errors: 0, Skipped: 0, Time elapsed: 0 s - in leetcode.medium.OnlineStockSpanTest
[3d3e6a6d-a746-4687-abd2-06dc6a376089/build]   | [INFO] Running leetcode.medium.ThreeSumTest
[3d3e6a6d-a746-4687-abd2-06dc6a376089/build]   | [INFO] Tests run: 3, Failures: 0, Errors: 0, Skipped: 0, Time elapsed: 0 s - in leetcode.medium.ThreeSumTest
[3d3e6a6d-a746-4687-abd2-06dc6a376089/build]   | [INFO] Running leetcode.medium.HouseRobberTest
[3d3e6a6d-a746-4687-abd2-06dc6a376089/build]   | [INFO] Tests run: 4, Failures: 0, Errors: 0, Skipped: 0, Time elapsed: 0 s - in leetcode.medium.HouseRobberTest
[3d3e6a6d-a746-4687-abd2-06dc6a376089/build]   | [INFO] Running leetcode.medium.ProductOfArrayExceptSelfTest
[3d3e6a6d-a746-4687-abd2-06dc6a376089/build]   | [INFO] Tests run: 3, Failures: 0, Errors: 0, Skipped: 0, Time elapsed: 0 s - in leetcode.medium.ProductOfArrayExceptSelfTest
[3d3e6a6d-a746-4687-abd2-06dc6a376089/build]   | [INFO] Running leetcode.medium.LongestSubstringWithoutRepeatingCharactersTest
[3d3e6a6d-a746-4687-abd2-06dc6a376089/build]   | [INFO] Tests run: 4, Failures: 0, Errors: 0, Skipped: 0, Time elapsed: 0 s - in leetcode.medium.LongestSubstringWithoutRepeatingCharactersTest
[3d3e6a6d-a746-4687-abd2-06dc6a376089/build]   | [INFO] Running leetcode.medium.CountServersThatCommunicateTest
[3d3e6a6d-a746-4687-abd2-06dc6a376089/build]   | [INFO] Tests run: 3, Failures: 0, Errors: 0, Skipped: 0, Time elapsed: 0 s - in leetcode.medium.CountServersThatCommunicateTest
[3d3e6a6d-a746-4687-abd2-06dc6a376089/build]   | [INFO] Running leetcode.medium.SearchInRotatedSortedArrayTest
[3d3e6a6d-a746-4687-abd2-06dc6a376089/build]   | [INFO] Tests run: 2, Failures: 0, Errors: 0, Skipped: 0, Time elapsed: 0 s - in leetcode.medium.SearchInRotatedSortedArrayTest
[3d3e6a6d-a746-4687-abd2-06dc6a376089/build]   | [INFO] Running leetcode.medium.FirstAndLastPositionOfElementInSortedArrayTest
[3d3e6a6d-a746-4687-abd2-06dc6a376089/build]   | [INFO] Tests run: 4, Failures: 0, Errors: 0, Skipped: 0, Time elapsed: 0 s - in leetcode.medium.FirstAndLastPositionOfElementInSortedArrayTest
[3d3e6a6d-a746-4687-abd2-06dc6a376089/build]   | [INFO] Running leetcode.medium.SubsetsTest
[3d3e6a6d-a746-4687-abd2-06dc6a376089/build]   | [INFO] Tests run: 2, Failures: 0, Errors: 0, Skipped: 0, Time elapsed: 0 s - in leetcode.medium.SubsetsTest
[3d3e6a6d-a746-4687-abd2-06dc6a376089/build]   | [INFO] Running leetcode.medium.ValidSudokuTest
[3d3e6a6d-a746-4687-abd2-06dc6a376089/build]   | [INFO] Tests run: 2, Failures: 0, Errors: 0, Skipped: 0, Time elapsed: 0 s - in leetcode.medium.ValidSudokuTest
[3d3e6a6d-a746-4687-abd2-06dc6a376089/build]   | [INFO] Running leetcode.medium.ContainerWithMostWaterTest
[3d3e6a6d-a746-4687-abd2-06dc6a376089/build]   | [INFO] Tests run: 4, Failures: 0, Errors: 0, Skipped: 0, Time elapsed: 0.001 s - in leetcode.medium.ContainerWithMostWaterTest
[3d3e6a6d-a746-4687-abd2-06dc6a376089/build]   | [INFO] Running leetcode.medium.AddTwoNumbersTest
[3d3e6a6d-a746-4687-abd2-06dc6a376089/build]   | [INFO] Tests run: 2, Failures: 0, Errors: 0, Skipped: 0, Time elapsed: 0 s - in leetcode.medium.AddTwoNumbersTest
[3d3e6a6d-a746-4687-abd2-06dc6a376089/build]   | [INFO] Running leetcode.medium.AddTwoNumbersIITest
[3d3e6a6d-a746-4687-abd2-06dc6a376089/build]   | [INFO] Tests run: 1, Failures: 0, Errors: 0, Skipped: 0, Time elapsed: 0 s - in leetcode.medium.AddTwoNumbersIITest
[3d3e6a6d-a746-4687-abd2-06dc6a376089/build]   | [INFO] Running leetcode.medium.DailyTemperaturesTest
[3d3e6a6d-a746-4687-abd2-06dc6a376089/build]   | [INFO] Tests run: 3, Failures: 0, Errors: 0, Skipped: 0, Time elapsed: 0.001 s - in leetcode.medium.DailyTemperaturesTest
[3d3e6a6d-a746-4687-abd2-06dc6a376089/build]   | [INFO] Running leetcode.medium.EditDistanceTest
[3d3e6a6d-a746-4687-abd2-06dc6a376089/build]   | [INFO] Tests run: 3, Failures: 0, Errors: 0, Skipped: 0, Time elapsed: 0 s - in leetcode.medium.EditDistanceTest
[3d3e6a6d-a746-4687-abd2-06dc6a376089/build]   | [INFO] Running leetcode.medium.TriangleTest
[3d3e6a6d-a746-4687-abd2-06dc6a376089/build]   | [INFO] Tests run: 3, Failures: 0, Errors: 0, Skipped: 0, Time elapsed: 0 s - in leetcode.medium.TriangleTest
[3d3e6a6d-a746-4687-abd2-06dc6a376089/build]   | [INFO] Running leetcode.medium.TopKFrequentElementsTest
[3d3e6a6d-a746-4687-abd2-06dc6a376089/build]   | [INFO] Tests run: 3, Failures: 0, Errors: 0, Skipped: 0, Time elapsed: 0 s - in leetcode.medium.TopKFrequentElementsTest
[3d3e6a6d-a746-4687-abd2-06dc6a376089/build]   | [INFO] Running leetcode.medium.LowestCommonAncestorOfBinaryTreeTest
[3d3e6a6d-a746-4687-abd2-06dc6a376089/build]   | [INFO] Tests run: 1, Failures: 0, Errors: 0, Skipped: 0, Time elapsed: 0 s - in leetcode.medium.LowestCommonAncestorOfBinaryTreeTest
[3d3e6a6d-a746-4687-abd2-06dc6a376089/build]   | [INFO] Running leetcode.medium.CoinChangeTest
[3d3e6a6d-a746-4687-abd2-06dc6a376089/build]   | [INFO] Tests run: 3, Failures: 0, Errors: 0, Skipped: 0, Time elapsed: 0 s - in leetcode.medium.CoinChangeTest
[3d3e6a6d-a746-4687-abd2-06dc6a376089/build]   | [INFO] Running leetcode.medium.DecodeStringTest
[3d3e6a6d-a746-4687-abd2-06dc6a376089/build]   | [INFO] Tests run: 6, Failures: 0, Errors: 0, Skipped: 0, Time elapsed: 0.001 s - in leetcode.medium.DecodeStringTest
[3d3e6a6d-a746-4687-abd2-06dc6a376089/build]   | [INFO] Running leetcode.medium.OddEvenLinkedListTest
[3d3e6a6d-a746-4687-abd2-06dc6a376089/build]   | [INFO] Tests run: 2, Failures: 0, Errors: 0, Skipped: 0, Time elapsed: 0 s - in leetcode.medium.OddEvenLinkedListTest
[3d3e6a6d-a746-4687-abd2-06dc6a376089/build]   | [INFO] Running leetcode.medium.SetMatrixZeroesTest
[3d3e6a6d-a746-4687-abd2-06dc6a376089/build]   | [INFO] Tests run: 2, Failures: 0, Errors: 0, Skipped: 0, Time elapsed: 0 s - in leetcode.medium.SetMatrixZeroesTest
[3d3e6a6d-a746-4687-abd2-06dc6a376089/build]   | [INFO] Running leetcode.medium.MaximumBinaryTreeTest
[3d3e6a6d-a746-4687-abd2-06dc6a376089/build]   | [INFO] Tests run: 1, Failures: 0, Errors: 0, Skipped: 0, Time elapsed: 0 s - in leetcode.medium.MaximumBinaryTreeTest
[3d3e6a6d-a746-4687-abd2-06dc6a376089/build]   | [INFO] Running leetcode.medium.MergeIntervalsTest
[3d3e6a6d-a746-4687-abd2-06dc6a376089/build]   | [INFO] Tests run: 3, Failures: 0, Errors: 0, Skipped: 0, Time elapsed: 0 s - in leetcode.medium.MergeIntervalsTest
[3d3e6a6d-a746-4687-abd2-06dc6a376089/build]   | [INFO] Running leetcode.medium.GroupAnagramsTest
[3d3e6a6d-a746-4687-abd2-06dc6a376089/build]   | [INFO] Tests run: 2, Failures: 0, Errors: 0, Skipped: 0, Time elapsed: 0 s - in leetcode.medium.GroupAnagramsTest
[3d3e6a6d-a746-4687-abd2-06dc6a376089/build]   | [INFO] Running leetcode.medium.ReorganizeStringTest
[3d3e6a6d-a746-4687-abd2-06dc6a376089/build]   | [INFO] Tests run: 3, Failures: 0, Errors: 0, Skipped: 0, Time elapsed: 0 s - in leetcode.medium.ReorganizeStringTest
[3d3e6a6d-a746-4687-abd2-06dc6a376089/build]   | [INFO] Running leetcode.medium.MaximumProductSubarrayTest
[3d3e6a6d-a746-4687-abd2-06dc6a376089/build]   | [INFO] Tests run: 4, Failures: 0, Errors: 0, Skipped: 0, Time elapsed: 0 s - in leetcode.medium.MaximumProductSubarrayTest
[3d3e6a6d-a746-4687-abd2-06dc6a376089/build]   | [INFO] Running leetcode.medium.ReverseWordsInAStringTest
[3d3e6a6d-a746-4687-abd2-06dc6a376089/build]   | [INFO] Tests run: 3, Failures: 0, Errors: 0, Skipped: 0, Time elapsed: 0 s - in leetcode.medium.ReverseWordsInAStringTest
[3d3e6a6d-a746-4687-abd2-06dc6a376089/build]   | [INFO] Running leetcode.medium.SpiralMatrixTest
[3d3e6a6d-a746-4687-abd2-06dc6a376089/build]   | [INFO] Tests run: 5, Failures: 0, Errors: 0, Skipped: 0, Time elapsed: 0 s - in leetcode.medium.SpiralMatrixTest
[3d3e6a6d-a746-4687-abd2-06dc6a376089/build]   | [INFO] Running leetcode.medium.SubtreeOfAnotherTreeTest
[3d3e6a6d-a746-4687-abd2-06dc6a376089/build]   | [INFO] Tests run: 2, Failures: 0, Errors: 0, Skipped: 0, Time elapsed: 0 s - in leetcode.medium.SubtreeOfAnotherTreeTest
[3d3e6a6d-a746-4687-abd2-06dc6a376089/build]   | [INFO] Running leetcode.medium.TicTacToeTest
[3d3e6a6d-a746-4687-abd2-06dc6a376089/build]   | [INFO] Tests run: 3, Failures: 0, Errors: 0, Skipped: 0, Time elapsed: 0 s - in leetcode.medium.TicTacToeTest
[3d3e6a6d-a746-4687-abd2-06dc6a376089/build]   | [INFO] Running leetcode.medium.HouseRobberIITest
[3d3e6a6d-a746-4687-abd2-06dc6a376089/build]   | [INFO] Tests run: 5, Failures: 0, Errors: 0, Skipped: 0, Time elapsed: 0.001 s - in leetcode.medium.HouseRobberIITest
[3d3e6a6d-a746-4687-abd2-06dc6a376089/build]   | [INFO] 
[3d3e6a6d-a746-4687-abd2-06dc6a376089/build]   | [INFO] Results:
[3d3e6a6d-a746-4687-abd2-06dc6a376089/build]   | [INFO] 
[3d3e6a6d-a746-4687-abd2-06dc6a376089/build]   | [INFO] Tests run: 409, Failures: 0, Errors: 0, Skipped: 0
[3d3e6a6d-a746-4687-abd2-06dc6a376089/build]   | [INFO] 
[3d3e6a6d-a746-4687-abd2-06dc6a376089/build]   | [INFO] 
[3d3e6a6d-a746-4687-abd2-06dc6a376089/build]   | [INFO] --- maven-jar-plugin:3.0.2:jar (default-jar) @ java-solutions ---
[3d3e6a6d-a746-4687-abd2-06dc6a376089/build]   | [INFO] Downloading from central: https://repo.maven.apache.org/maven2/org/apache/maven/maven-archiver/3.1.1/maven-archiver-3.1.1.pom
[3d3e6a6d-a746-4687-abd2-06dc6a376089/build]   | [INFO] Downloaded from central: https://repo.maven.apache.org/maven2/org/apache/maven/maven-archiver/3.1.1/maven-archiver-3.1.1.pom (4.3 kB at 155 kB/s)
[3d3e6a6d-a746-4687-abd2-06dc6a376089/build]   | [INFO] Downloading from central: https://repo.maven.apache.org/maven2/org/apache/maven/shared/maven-shared-utils/3.0.1/maven-shared-utils-3.0.1.pom
[3d3e6a6d-a746-4687-abd2-06dc6a376089/build]   | [INFO] Downloaded from central: https://repo.maven.apache.org/maven2/org/apache/maven/shared/maven-shared-utils/3.0.1/maven-shared-utils-3.0.1.pom (4.6 kB at 74 kB/s)
[3d3e6a6d-a746-4687-abd2-06dc6a376089/build]   | [INFO] Downloading from central: https://repo.maven.apache.org/maven2/org/codehaus/plexus/plexus-archiver/3.3/plexus-archiver-3.3.pom
[3d3e6a6d-a746-4687-abd2-06dc6a376089/build]   | [INFO] Downloaded from central: https://repo.maven.apache.org/maven2/org/codehaus/plexus/plexus-archiver/3.3/plexus-archiver-3.3.pom (5.3 kB at 116 kB/s)
[3d3e6a6d-a746-4687-abd2-06dc6a376089/build]   | [INFO] Downloading from central: https://repo.maven.apache.org/maven2/org/codehaus/plexus/plexus/3.2/plexus-3.2.pom
[3d3e6a6d-a746-4687-abd2-06dc6a376089/build]   | [INFO] Downloaded from central: https://repo.maven.apache.org/maven2/org/codehaus/plexus/plexus/3.2/plexus-3.2.pom (19 kB at 1.4 MB/s)
[3d3e6a6d-a746-4687-abd2-06dc6a376089/build]   | [INFO] Downloading from central: https://repo.maven.apache.org/maven2/org/codehaus/plexus/plexus-io/2.7.1/plexus-io-2.7.1.pom
[3d3e6a6d-a746-4687-abd2-06dc6a376089/build]   | [INFO] Downloaded from central: https://repo.maven.apache.org/maven2/org/codehaus/plexus/plexus-io/2.7.1/plexus-io-2.7.1.pom (4.9 kB at 492 kB/s)
[3d3e6a6d-a746-4687-abd2-06dc6a376089/build]   | [INFO] Downloading from central: https://repo.maven.apache.org/maven2/commons-io/commons-io/2.2/commons-io-2.2.pom
[3d3e6a6d-a746-4687-abd2-06dc6a376089/build]   | [INFO] Downloaded from central: https://repo.maven.apache.org/maven2/commons-io/commons-io/2.2/commons-io-2.2.pom (11 kB at 1.1 MB/s)
[3d3e6a6d-a746-4687-abd2-06dc6a376089/build]   | [INFO] Downloading from central: https://repo.maven.apache.org/maven2/org/apache/commons/commons-parent/24/commons-parent-24.pom
[3d3e6a6d-a746-4687-abd2-06dc6a376089/build]   | [INFO] Downloaded from central: https://repo.maven.apache.org/maven2/org/apache/commons/commons-parent/24/commons-parent-24.pom (47 kB at 3.9 MB/s)
[3d3e6a6d-a746-4687-abd2-06dc6a376089/build]   | [INFO] Downloading from central: https://repo.maven.apache.org/maven2/org/apache/commons/commons-compress/1.11/commons-compress-1.11.pom
[3d3e6a6d-a746-4687-abd2-06dc6a376089/build]   | [INFO] Downloaded from central: https://repo.maven.apache.org/maven2/org/apache/commons/commons-compress/1.11/commons-compress-1.11.pom (13 kB at 1.3 MB/s)
[3d3e6a6d-a746-4687-abd2-06dc6a376089/build]   | [INFO] Downloading from central: https://repo.maven.apache.org/maven2/org/iq80/snappy/snappy/0.4/snappy-0.4.pom
[3d3e6a6d-a746-4687-abd2-06dc6a376089/build]   | [INFO] Downloaded from central: https://repo.maven.apache.org/maven2/org/iq80/snappy/snappy/0.4/snappy-0.4.pom (15 kB at 1.6 MB/s)
[3d3e6a6d-a746-4687-abd2-06dc6a376089/build]   | [INFO] Downloading from central: https://repo.maven.apache.org/maven2/org/tukaani/xz/1.5/xz-1.5.pom
[3d3e6a6d-a746-4687-abd2-06dc6a376089/build]   | [INFO] Downloaded from central: https://repo.maven.apache.org/maven2/org/tukaani/xz/1.5/xz-1.5.pom (1.9 kB at 112 kB/s)
[3d3e6a6d-a746-4687-abd2-06dc6a376089/build]   | [INFO] Downloading from central: https://repo.maven.apache.org/maven2/org/codehaus/plexus/plexus-archiver/3.4/plexus-archiver-3.4.pom
[3d3e6a6d-a746-4687-abd2-06dc6a376089/build]   | [INFO] Downloaded from central: https://repo.maven.apache.org/maven2/org/codehaus/plexus/plexus-archiver/3.4/plexus-archiver-3.4.pom (5.3 kB at 410 kB/s)
[3d3e6a6d-a746-4687-abd2-06dc6a376089/build]   | [INFO] Downloading from central: https://repo.maven.apache.org/maven2/org/apache/maven/maven-archiver/3.1.1/maven-archiver-3.1.1.jar
[3d3e6a6d-a746-4687-abd2-06dc6a376089/build]   | [INFO] Downloading from central: https://repo.maven.apache.org/maven2/org/apache/maven/shared/maven-shared-utils/3.0.1/maven-shared-utils-3.0.1.jar
[3d3e6a6d-a746-4687-abd2-06dc6a376089/build]   | [INFO] Downloading from central: https://repo.maven.apache.org/maven2/org/codehaus/plexus/plexus-archiver/3.4/plexus-archiver-3.4.jar
[3d3e6a6d-a746-4687-abd2-06dc6a376089/build]   | [INFO] Downloading from central: https://repo.maven.apache.org/maven2/org/codehaus/plexus/plexus-io/2.7.1/plexus-io-2.7.1.jar
[3d3e6a6d-a746-4687-abd2-06dc6a376089/build]   | [INFO] Downloading from central: https://repo.maven.apache.org/maven2/org/apache/commons/commons-compress/1.11/commons-compress-1.11.jar
[3d3e6a6d-a746-4687-abd2-06dc6a376089/build]   | [INFO] Downloaded from central: https://repo.maven.apache.org/maven2/org/apache/maven/maven-archiver/3.1.1/maven-archiver-3.1.1.jar (24 kB at 816 kB/s)
[3d3e6a6d-a746-4687-abd2-06dc6a376089/build]   | [INFO] Downloading from central: https://repo.maven.apache.org/maven2/org/iq80/snappy/snappy/0.4/snappy-0.4.jar
[3d3e6a6d-a746-4687-abd2-06dc6a376089/build]   | [INFO] Downloaded from central: https://repo.maven.apache.org/maven2/org/apache/maven/shared/maven-shared-utils/3.0.1/maven-shared-utils-3.0.1.jar (154 kB at 8.6 MB/s)
[3d3e6a6d-a746-4687-abd2-06dc6a376089/build]   | [INFO] Downloading from central: https://repo.maven.apache.org/maven2/org/tukaani/xz/1.5/xz-1.5.jar
[3d3e6a6d-a746-4687-abd2-06dc6a376089/build]   | [INFO] Downloaded from central: https://repo.maven.apache.org/maven2/org/apache/commons/commons-compress/1.11/commons-compress-1.11.jar (426 kB at 19 MB/s)
[3d3e6a6d-a746-4687-abd2-06dc6a376089/build]   | [INFO] Downloaded from central: https://repo.maven.apache.org/maven2/org/iq80/snappy/snappy/0.4/snappy-0.4.jar (58 kB at 2.3 MB/s)
[3d3e6a6d-a746-4687-abd2-06dc6a376089/build]   | [INFO] Downloaded from central: https://repo.maven.apache.org/maven2/org/codehaus/plexus/plexus-io/2.7.1/plexus-io-2.7.1.jar (86 kB at 2.7 MB/s)
[3d3e6a6d-a746-4687-abd2-06dc6a376089/build]   | [INFO] Downloaded from central: https://repo.maven.apache.org/maven2/org/codehaus/plexus/plexus-archiver/3.4/plexus-archiver-3.4.jar (187 kB at 5.7 MB/s)
[3d3e6a6d-a746-4687-abd2-06dc6a376089/build]   | [INFO] Downloaded from central: https://repo.maven.apache.org/maven2/org/tukaani/xz/1.5/xz-1.5.jar (100 kB at 2.8 MB/s)
[3d3e6a6d-a746-4687-abd2-06dc6a376089/build]   | [INFO] Building jar: /tmp/7c89ba32-9821-4414-b02d-b9cbb015ffa7/target/java-solutions-1.0-SNAPSHOT.jar
[3d3e6a6d-a746-4687-abd2-06dc6a376089/build]   | [INFO] ------------------------------------------------------------------------
[3d3e6a6d-a746-4687-abd2-06dc6a376089/build]   | [INFO] BUILD SUCCESS
[3d3e6a6d-a746-4687-abd2-06dc6a376089/build]   | [INFO] ------------------------------------------------------------------------
[3d3e6a6d-a746-4687-abd2-06dc6a376089/build]   | [INFO] Total time:  10.427 s
[3d3e6a6d-a746-4687-abd2-06dc6a376089/build]   | [INFO] Finished at: 2023-11-23T17:24:05Z
[3d3e6a6d-a746-4687-abd2-06dc6a376089/build]   | [INFO] ------------------------------------------------------------------------
[3d3e6a6d-a746-4687-abd2-06dc6a376089/build]   ‚úÖ  Success - Main Build with Maven
[3d3e6a6d-a746-4687-abd2-06dc6a376089/build] unable to get git ref: failed to identify reference (tag/branch) for the checked-out revision '7a73ea56d05ff1f0fa085da259d02cb247b29db8'
[3d3e6a6d-a746-4687-abd2-06dc6a376089/build] unable to get git ref: failed to identify reference (tag/branch) for the checked-out revision '7a73ea56d05ff1f0fa085da259d02cb247b29db8'
[3d3e6a6d-a746-4687-abd2-06dc6a376089/build] unable to get git ref: failed to identify reference (tag/branch) for the checked-out revision '7a73ea56d05ff1f0fa085da259d02cb247b29db8'
[3d3e6a6d-a746-4687-abd2-06dc6a376089/build] unable to get git ref: failed to identify reference (tag/branch) for the checked-out revision '7a73ea56d05ff1f0fa085da259d02cb247b29db8'
[3d3e6a6d-a746-4687-abd2-06dc6a376089/build] unable to get git ref: failed to identify reference (tag/branch) for the checked-out revision '7a73ea56d05ff1f0fa085da259d02cb247b29db8'
[3d3e6a6d-a746-4687-abd2-06dc6a376089/build] ‚≠ê Run Post Set up JDK
[3d3e6a6d-a746-4687-abd2-06dc6a376089/build]   üê≥  docker exec cmd=[node /var/run/act/actions/actions-setup-java@v3/dist/cleanup/index.js] user= workdir=
[3d3e6a6d-a746-4687-abd2-06dc6a376089/build]   ‚úÖ  Success - Post Set up JDK
[3d3e6a6d-a746-4687-abd2-06dc6a376089/build] üèÅ  Job succeeded
[3d3e6a6d-a746-4687-abd2-06dc6a376089/build] unable to get git ref: failed to identify reference (tag/branch) for the checked-out revision '7a73ea56d05ff1f0fa085da259d02cb247b29db8'
