[dd0f5d59-1290-409f-b73f-dced5b4ae23c/build] üöÄ  Start image=gitbugactions:latest
[dd0f5d59-1290-409f-b73f-dced5b4ae23c/build]   üê≥  docker pull image=gitbugactions:latest platform= username= forcePull=false
[dd0f5d59-1290-409f-b73f-dced5b4ae23c/build]   üê≥  docker create image=gitbugactions:latest platform= entrypoint=["tail" "-f" "/dev/null"] cmd=[]
[dd0f5d59-1290-409f-b73f-dced5b4ae23c/build]   üê≥  docker run image=gitbugactions:latest platform= entrypoint=["tail" "-f" "/dev/null"] cmd=[]
[dd0f5d59-1290-409f-b73f-dced5b4ae23c/build]   üê≥  docker exec cmd=[chown -R 1012:1013 /tmp/15a1b9d4-edb6-40f8-99d6-c205bed039ce] user=0 workdir=
[dd0f5d59-1290-409f-b73f-dced5b4ae23c/build] unable to get git ref: failed to identify reference (tag/branch) for the checked-out revision 'f83008d80a7729dc73948886b1879b1d4d93a894'
[dd0f5d59-1290-409f-b73f-dced5b4ae23c/build] unable to get git ref: failed to identify reference (tag/branch) for the checked-out revision 'f83008d80a7729dc73948886b1879b1d4d93a894'
[dd0f5d59-1290-409f-b73f-dced5b4ae23c/build] unable to get git ref: failed to identify reference (tag/branch) for the checked-out revision 'f83008d80a7729dc73948886b1879b1d4d93a894'
[dd0f5d59-1290-409f-b73f-dced5b4ae23c/build] unable to get git ref: failed to identify reference (tag/branch) for the checked-out revision 'f83008d80a7729dc73948886b1879b1d4d93a894'
[dd0f5d59-1290-409f-b73f-dced5b4ae23c/build] unable to get git ref: failed to identify reference (tag/branch) for the checked-out revision 'f83008d80a7729dc73948886b1879b1d4d93a894'
[dd0f5d59-1290-409f-b73f-dced5b4ae23c/build] unable to get git ref: failed to identify reference (tag/branch) for the checked-out revision 'f83008d80a7729dc73948886b1879b1d4d93a894'
[dd0f5d59-1290-409f-b73f-dced5b4ae23c/build] unable to get git ref: failed to identify reference (tag/branch) for the checked-out revision 'f83008d80a7729dc73948886b1879b1d4d93a894'
[dd0f5d59-1290-409f-b73f-dced5b4ae23c/build] unable to get git ref: failed to identify reference (tag/branch) for the checked-out revision 'f83008d80a7729dc73948886b1879b1d4d93a894'
[dd0f5d59-1290-409f-b73f-dced5b4ae23c/build] unable to get git ref: failed to identify reference (tag/branch) for the checked-out revision 'f83008d80a7729dc73948886b1879b1d4d93a894'
[dd0f5d59-1290-409f-b73f-dced5b4ae23c/build] ‚≠ê Run Main actions/checkout@v2
[dd0f5d59-1290-409f-b73f-dced5b4ae23c/build] unable to get git ref: failed to identify reference (tag/branch) for the checked-out revision 'f83008d80a7729dc73948886b1879b1d4d93a894'
[dd0f5d59-1290-409f-b73f-dced5b4ae23c/build] unable to get git ref: failed to identify reference (tag/branch) for the checked-out revision 'f83008d80a7729dc73948886b1879b1d4d93a894'
[dd0f5d59-1290-409f-b73f-dced5b4ae23c/build]   üê≥  docker cp src=/tmp/15a1b9d4-edb6-40f8-99d6-c205bed039ce/. dst=/tmp/15a1b9d4-edb6-40f8-99d6-c205bed039ce
[dd0f5d59-1290-409f-b73f-dced5b4ae23c/build]   üê≥  docker exec cmd=[chown -R 1012:1013 /tmp/15a1b9d4-edb6-40f8-99d6-c205bed039ce] user=0 workdir=
[dd0f5d59-1290-409f-b73f-dced5b4ae23c/build]   ‚úÖ  Success - Main actions/checkout@v2
[dd0f5d59-1290-409f-b73f-dced5b4ae23c/build] unable to get git ref: failed to identify reference (tag/branch) for the checked-out revision 'f83008d80a7729dc73948886b1879b1d4d93a894'
[dd0f5d59-1290-409f-b73f-dced5b4ae23c/build] unable to get git ref: failed to identify reference (tag/branch) for the checked-out revision 'f83008d80a7729dc73948886b1879b1d4d93a894'
[dd0f5d59-1290-409f-b73f-dced5b4ae23c/build] unable to get git ref: failed to identify reference (tag/branch) for the checked-out revision 'f83008d80a7729dc73948886b1879b1d4d93a894'
[dd0f5d59-1290-409f-b73f-dced5b4ae23c/build] unable to get git ref: failed to identify reference (tag/branch) for the checked-out revision 'f83008d80a7729dc73948886b1879b1d4d93a894'
[dd0f5d59-1290-409f-b73f-dced5b4ae23c/build] unable to get git ref: failed to identify reference (tag/branch) for the checked-out revision 'f83008d80a7729dc73948886b1879b1d4d93a894'
[dd0f5d59-1290-409f-b73f-dced5b4ae23c/build] ‚≠ê Run Main Set up JDK 17
[dd0f5d59-1290-409f-b73f-dced5b4ae23c/build] unable to get git ref: failed to identify reference (tag/branch) for the checked-out revision 'f83008d80a7729dc73948886b1879b1d4d93a894'
[dd0f5d59-1290-409f-b73f-dced5b4ae23c/build] unable to get git ref: failed to identify reference (tag/branch) for the checked-out revision 'f83008d80a7729dc73948886b1879b1d4d93a894'
[dd0f5d59-1290-409f-b73f-dced5b4ae23c/build] unable to get git ref: failed to identify reference (tag/branch) for the checked-out revision 'f83008d80a7729dc73948886b1879b1d4d93a894'
[dd0f5d59-1290-409f-b73f-dced5b4ae23c/build]   üê≥  docker cp src=/tmp/act-cache/80aca6b1-1cdc-490c-bd64-d0d90a7d42fb/act/actions-setup-java@v2/ dst=/var/run/act/actions/actions-setup-java@v2/
[dd0f5d59-1290-409f-b73f-dced5b4ae23c/build]   üê≥  docker exec cmd=[chown -R 1012:1013 /var/run/act/actions/actions-setup-java@v2/] user=0 workdir=
[dd0f5d59-1290-409f-b73f-dced5b4ae23c/build]   üê≥  docker exec cmd=[node /var/run/act/actions/actions-setup-java@v2/dist/setup/index.js] user= workdir=
[dd0f5d59-1290-409f-b73f-dced5b4ae23c/build]   | Trying to resolve the latest version from remote
[dd0f5d59-1290-409f-b73f-dced5b4ae23c/build]   | Resolved latest version as 17.0.9+9
[dd0f5d59-1290-409f-b73f-dced5b4ae23c/build]   | Trying to download...
[dd0f5d59-1290-409f-b73f-dced5b4ae23c/build]   | Downloading Java 17.0.9+9 (Adopt-Hotspot) from https://github.com/adoptium/temurin17-binaries/releases/download/jdk-17.0.9%2B9/OpenJDK17U-jdk_x64_linux_hotspot_17.0.9_9.tar.gz ...
[dd0f5d59-1290-409f-b73f-dced5b4ae23c/build]   üí¨  ::debug::Downloading https://github.com/adoptium/temurin17-binaries/releases/download/jdk-17.0.9%252B9/OpenJDK17U-jdk_x64_linux_hotspot_17.0.9_9.tar.gz
[dd0f5d59-1290-409f-b73f-dced5b4ae23c/build]   üí¨  ::debug::Destination /tmp/11db9041-dc10-4319-ad4d-877bb7026b75
[dd0f5d59-1290-409f-b73f-dced5b4ae23c/build]   üí¨  ::debug::download complete
[dd0f5d59-1290-409f-b73f-dced5b4ae23c/build]   | Extracting Java archive...
[dd0f5d59-1290-409f-b73f-dced5b4ae23c/build]   üí¨  ::debug::Checking tar --version
[dd0f5d59-1290-409f-b73f-dced5b4ae23c/build]   üí¨  ::debug::tar (GNU tar) 1.34%0ACopyright (C) 2021 Free Software Foundation, Inc.%0ALicense GPLv3+: GNU GPL version 3 or later <https://gnu.org/licenses/gpl.html>.%0AThis is free software: you are free to change and redistribute it.%0AThere is NO WARRANTY, to the extent permitted by law.%0A%0AWritten by John Gilmore and Jay Fenlason.
[dd0f5d59-1290-409f-b73f-dced5b4ae23c/build]   | [command]/usr/bin/tar xz --warning=no-unknown-keyword -C /tmp/bdf573fe-98f5-4b45-b03d-6835ed132d09 -f /tmp/11db9041-dc10-4319-ad4d-877bb7026b75
[dd0f5d59-1290-409f-b73f-dced5b4ae23c/build]   üí¨  ::debug::Caching tool Java_Adopt_jdk 17.0.9-9 x64
[dd0f5d59-1290-409f-b73f-dced5b4ae23c/build]   üí¨  ::debug::source dir: /tmp/bdf573fe-98f5-4b45-b03d-6835ed132d09/jdk-17.0.9+9
[dd0f5d59-1290-409f-b73f-dced5b4ae23c/build]   üí¨  ::debug::destination /opt/hostedtoolcache/Java_Adopt_jdk/17.0.9-9/x64
[dd0f5d59-1290-409f-b73f-dced5b4ae23c/build]   üí¨  ::debug::finished caching tool
[dd0f5d59-1290-409f-b73f-dced5b4ae23c/build]   | Java 17.0.9+9 was downloaded
[dd0f5d59-1290-409f-b73f-dced5b4ae23c/build]   | Setting Java 17.0.9+9 as the default
[dd0f5d59-1290-409f-b73f-dced5b4ae23c/build]   | 
[dd0f5d59-1290-409f-b73f-dced5b4ae23c/build]   | Java configuration:
[dd0f5d59-1290-409f-b73f-dced5b4ae23c/build]   |   Distribution: adopt
[dd0f5d59-1290-409f-b73f-dced5b4ae23c/build]   |   Version: 17.0.9+9
[dd0f5d59-1290-409f-b73f-dced5b4ae23c/build]   |   Path: /opt/hostedtoolcache/Java_Adopt_jdk/17.0.9-9/x64
[dd0f5d59-1290-409f-b73f-dced5b4ae23c/build]   | 
[dd0f5d59-1290-409f-b73f-dced5b4ae23c/build]   ‚ùì add-matcher /run/act/actions/actions-setup-java@v2/.github/java.json
[dd0f5d59-1290-409f-b73f-dced5b4ae23c/build]   | Creating settings.xml with server-id: github
[dd0f5d59-1290-409f-b73f-dced5b4ae23c/build]   | Writing to /home/runner/.m2/settings.xml
[dd0f5d59-1290-409f-b73f-dced5b4ae23c/build]   ‚úÖ  Success - Main Set up JDK 17
[dd0f5d59-1290-409f-b73f-dced5b4ae23c/build]   ‚öô  ::set-env:: JAVA_HOME=/opt/hostedtoolcache/Java_Adopt_jdk/17.0.9-9/x64
[dd0f5d59-1290-409f-b73f-dced5b4ae23c/build]   ‚öô  ::set-output:: distribution=Adopt-Hotspot
[dd0f5d59-1290-409f-b73f-dced5b4ae23c/build]   ‚öô  ::set-output:: path=/opt/hostedtoolcache/Java_Adopt_jdk/17.0.9-9/x64
[dd0f5d59-1290-409f-b73f-dced5b4ae23c/build]   ‚öô  ::set-output:: version=17.0.9+9
[dd0f5d59-1290-409f-b73f-dced5b4ae23c/build]   ‚öô  ::add-path:: /opt/hostedtoolcache/Java_Adopt_jdk/17.0.9-9/x64/bin
[dd0f5d59-1290-409f-b73f-dced5b4ae23c/build] unable to get git ref: failed to identify reference (tag/branch) for the checked-out revision 'f83008d80a7729dc73948886b1879b1d4d93a894'
[dd0f5d59-1290-409f-b73f-dced5b4ae23c/build] unable to get git ref: failed to identify reference (tag/branch) for the checked-out revision 'f83008d80a7729dc73948886b1879b1d4d93a894'
[dd0f5d59-1290-409f-b73f-dced5b4ae23c/build] unable to get git ref: failed to identify reference (tag/branch) for the checked-out revision 'f83008d80a7729dc73948886b1879b1d4d93a894'
[dd0f5d59-1290-409f-b73f-dced5b4ae23c/build] unable to get git ref: failed to identify reference (tag/branch) for the checked-out revision 'f83008d80a7729dc73948886b1879b1d4d93a894'
[dd0f5d59-1290-409f-b73f-dced5b4ae23c/build] unable to get git ref: failed to identify reference (tag/branch) for the checked-out revision 'f83008d80a7729dc73948886b1879b1d4d93a894'
[dd0f5d59-1290-409f-b73f-dced5b4ae23c/build] ‚≠ê Run Main Build with Maven
[dd0f5d59-1290-409f-b73f-dced5b4ae23c/build] unable to get git ref: failed to identify reference (tag/branch) for the checked-out revision 'f83008d80a7729dc73948886b1879b1d4d93a894'
[dd0f5d59-1290-409f-b73f-dced5b4ae23c/build] unable to get git ref: failed to identify reference (tag/branch) for the checked-out revision 'f83008d80a7729dc73948886b1879b1d4d93a894'
[dd0f5d59-1290-409f-b73f-dced5b4ae23c/build] unable to get git ref: failed to identify reference (tag/branch) for the checked-out revision 'f83008d80a7729dc73948886b1879b1d4d93a894'
[dd0f5d59-1290-409f-b73f-dced5b4ae23c/build] unable to get git ref: failed to identify reference (tag/branch) for the checked-out revision 'f83008d80a7729dc73948886b1879b1d4d93a894'
[dd0f5d59-1290-409f-b73f-dced5b4ae23c/build]   üê≥  docker exec cmd=[bash --noprofile --norc -e -o pipefail /var/run/act/workflow/2] user= workdir=
[dd0f5d59-1290-409f-b73f-dced5b4ae23c/build]   | [INFO] Scanning for projects...
[dd0f5d59-1290-409f-b73f-dced5b4ae23c/build]   | [INFO] Downloading from central: https://repo.maven.apache.org/maven2/org/junit/junit-bom/5.8.2/junit-bom-5.8.2.pom
[dd0f5d59-1290-409f-b73f-dced5b4ae23c/build]   | [INFO] Downloaded from central: https://repo.maven.apache.org/maven2/org/junit/junit-bom/5.8.2/junit-bom-5.8.2.pom (5.6 kB at 22 kB/s)
[dd0f5d59-1290-409f-b73f-dced5b4ae23c/build]   | [INFO] 
[dd0f5d59-1290-409f-b73f-dced5b4ae23c/build]   | [INFO] -----------------------< com.thealgorithms:Java >-----------------------
[dd0f5d59-1290-409f-b73f-dced5b4ae23c/build]   | [INFO] Building Java 1.0-SNAPSHOT
[dd0f5d59-1290-409f-b73f-dced5b4ae23c/build]   | [INFO]   from pom.xml
[dd0f5d59-1290-409f-b73f-dced5b4ae23c/build]   | [INFO] --------------------------------[ jar ]---------------------------------
[dd0f5d59-1290-409f-b73f-dced5b4ae23c/build]   | [INFO] Downloading from central: https://repo.maven.apache.org/maven2/org/apache/maven/plugins/maven-resources-plugin/2.6/maven-resources-plugin-2.6.pom
[dd0f5d59-1290-409f-b73f-dced5b4ae23c/build]   | [INFO] Downloaded from central: https://repo.maven.apache.org/maven2/org/apache/maven/plugins/maven-resources-plugin/2.6/maven-resources-plugin-2.6.pom (8.1 kB at 312 kB/s)
[dd0f5d59-1290-409f-b73f-dced5b4ae23c/build]   | [INFO] Downloading from central: https://repo.maven.apache.org/maven2/org/apache/maven/plugins/maven-plugins/23/maven-plugins-23.pom
[dd0f5d59-1290-409f-b73f-dced5b4ae23c/build]   | [INFO] Downloaded from central: https://repo.maven.apache.org/maven2/org/apache/maven/plugins/maven-plugins/23/maven-plugins-23.pom (9.2 kB at 354 kB/s)
[dd0f5d59-1290-409f-b73f-dced5b4ae23c/build]   | [INFO] Downloading from central: https://repo.maven.apache.org/maven2/org/apache/maven/maven-parent/22/maven-parent-22.pom
[dd0f5d59-1290-409f-b73f-dced5b4ae23c/build]   | [INFO] Downloaded from central: https://repo.maven.apache.org/maven2/org/apache/maven/maven-parent/22/maven-parent-22.pom (30 kB at 1.0 MB/s)
[dd0f5d59-1290-409f-b73f-dced5b4ae23c/build]   | [INFO] Downloading from central: https://repo.maven.apache.org/maven2/org/apache/apache/11/apache-11.pom
[dd0f5d59-1290-409f-b73f-dced5b4ae23c/build]   | [INFO] Downloaded from central: https://repo.maven.apache.org/maven2/org/apache/apache/11/apache-11.pom (15 kB at 644 kB/s)
[dd0f5d59-1290-409f-b73f-dced5b4ae23c/build]   | [INFO] Downloading from central: https://repo.maven.apache.org/maven2/org/apache/maven/plugins/maven-resources-plugin/2.6/maven-resources-plugin-2.6.jar
[dd0f5d59-1290-409f-b73f-dced5b4ae23c/build]   | [INFO] Downloaded from central: https://repo.maven.apache.org/maven2/org/apache/maven/plugins/maven-resources-plugin/2.6/maven-resources-plugin-2.6.jar (30 kB at 1.2 MB/s)
[dd0f5d59-1290-409f-b73f-dced5b4ae23c/build]   | [INFO] Downloading from central: https://repo.maven.apache.org/maven2/org/apache/maven/plugins/maven-compiler-plugin/3.10.1/maven-compiler-plugin-3.10.1.pom
[dd0f5d59-1290-409f-b73f-dced5b4ae23c/build]   | [INFO] Downloaded from central: https://repo.maven.apache.org/maven2/org/apache/maven/plugins/maven-compiler-plugin/3.10.1/maven-compiler-plugin-3.10.1.pom (13 kB at 526 kB/s)
[dd0f5d59-1290-409f-b73f-dced5b4ae23c/build]   | [INFO] Downloading from central: https://repo.maven.apache.org/maven2/org/apache/maven/plugins/maven-plugins/34/maven-plugins-34.pom
[dd0f5d59-1290-409f-b73f-dced5b4ae23c/build]   | [INFO] Downloaded from central: https://repo.maven.apache.org/maven2/org/apache/maven/plugins/maven-plugins/34/maven-plugins-34.pom (11 kB at 465 kB/s)
[dd0f5d59-1290-409f-b73f-dced5b4ae23c/build]   | [INFO] Downloading from central: https://repo.maven.apache.org/maven2/org/apache/maven/maven-parent/34/maven-parent-34.pom
[dd0f5d59-1290-409f-b73f-dced5b4ae23c/build]   | [INFO] Downloaded from central: https://repo.maven.apache.org/maven2/org/apache/maven/maven-parent/34/maven-parent-34.pom (43 kB at 1.7 MB/s)
[dd0f5d59-1290-409f-b73f-dced5b4ae23c/build]   | [INFO] Downloading from central: https://repo.maven.apache.org/maven2/org/apache/apache/23/apache-23.pom
[dd0f5d59-1290-409f-b73f-dced5b4ae23c/build]   | [INFO] Downloaded from central: https://repo.maven.apache.org/maven2/org/apache/apache/23/apache-23.pom (18 kB at 877 kB/s)
[dd0f5d59-1290-409f-b73f-dced5b4ae23c/build]   | [INFO] Downloading from central: https://repo.maven.apache.org/maven2/org/apache/maven/plugins/maven-compiler-plugin/3.10.1/maven-compiler-plugin-3.10.1.jar
[dd0f5d59-1290-409f-b73f-dced5b4ae23c/build]   | [INFO] Downloaded from central: https://repo.maven.apache.org/maven2/org/apache/maven/plugins/maven-compiler-plugin/3.10.1/maven-compiler-plugin-3.10.1.jar (62 kB at 2.6 MB/s)
[dd0f5d59-1290-409f-b73f-dced5b4ae23c/build]   | [INFO] Downloading from central: https://repo.maven.apache.org/maven2/org/apache/maven/plugins/maven-surefire-plugin/2.22.2/maven-surefire-plugin-2.22.2.pom
[dd0f5d59-1290-409f-b73f-dced5b4ae23c/build]   | [INFO] Downloaded from central: https://repo.maven.apache.org/maven2/org/apache/maven/plugins/maven-surefire-plugin/2.22.2/maven-surefire-plugin-2.22.2.pom (5.0 kB at 227 kB/s)
[dd0f5d59-1290-409f-b73f-dced5b4ae23c/build]   | [INFO] Downloading from central: https://repo.maven.apache.org/maven2/org/apache/maven/surefire/surefire/2.22.2/surefire-2.22.2.pom
[dd0f5d59-1290-409f-b73f-dced5b4ae23c/build]   | [INFO] Downloaded from central: https://repo.maven.apache.org/maven2/org/apache/maven/surefire/surefire/2.22.2/surefire-2.22.2.pom (26 kB at 1.0 MB/s)
[dd0f5d59-1290-409f-b73f-dced5b4ae23c/build]   | [INFO] Downloading from central: https://repo.maven.apache.org/maven2/org/apache/maven/maven-parent/33/maven-parent-33.pom
[dd0f5d59-1290-409f-b73f-dced5b4ae23c/build]   | [INFO] Downloaded from central: https://repo.maven.apache.org/maven2/org/apache/maven/maven-parent/33/maven-parent-33.pom (44 kB at 1.9 MB/s)
[dd0f5d59-1290-409f-b73f-dced5b4ae23c/build]   | [INFO] Downloading from central: https://repo.maven.apache.org/maven2/org/apache/apache/21/apache-21.pom
[dd0f5d59-1290-409f-b73f-dced5b4ae23c/build]   | [INFO] Downloaded from central: https://repo.maven.apache.org/maven2/org/apache/apache/21/apache-21.pom (17 kB at 778 kB/s)
[dd0f5d59-1290-409f-b73f-dced5b4ae23c/build]   | [INFO] Downloading from central: https://repo.maven.apache.org/maven2/org/apache/maven/plugins/maven-surefire-plugin/2.22.2/maven-surefire-plugin-2.22.2.jar
[dd0f5d59-1290-409f-b73f-dced5b4ae23c/build]   | [INFO] Downloaded from central: https://repo.maven.apache.org/maven2/org/apache/maven/plugins/maven-surefire-plugin/2.22.2/maven-surefire-plugin-2.22.2.jar (41 kB at 1.8 MB/s)
[dd0f5d59-1290-409f-b73f-dced5b4ae23c/build]   | [INFO] Downloading from central: https://repo.maven.apache.org/maven2/org/apache/maven/plugins/maven-jar-plugin/2.4/maven-jar-plugin-2.4.pom
[dd0f5d59-1290-409f-b73f-dced5b4ae23c/build]   | [INFO] Downloaded from central: https://repo.maven.apache.org/maven2/org/apache/maven/plugins/maven-jar-plugin/2.4/maven-jar-plugin-2.4.pom (5.8 kB at 254 kB/s)
[dd0f5d59-1290-409f-b73f-dced5b4ae23c/build]   | [INFO] Downloading from central: https://repo.maven.apache.org/maven2/org/apache/maven/plugins/maven-plugins/22/maven-plugins-22.pom
[dd0f5d59-1290-409f-b73f-dced5b4ae23c/build]   | [INFO] Downloaded from central: https://repo.maven.apache.org/maven2/org/apache/maven/plugins/maven-plugins/22/maven-plugins-22.pom (13 kB at 543 kB/s)
[dd0f5d59-1290-409f-b73f-dced5b4ae23c/build]   | [INFO] Downloading from central: https://repo.maven.apache.org/maven2/org/apache/maven/maven-parent/21/maven-parent-21.pom
[dd0f5d59-1290-409f-b73f-dced5b4ae23c/build]   | [INFO] Downloaded from central: https://repo.maven.apache.org/maven2/org/apache/maven/maven-parent/21/maven-parent-21.pom (26 kB at 1.1 MB/s)
[dd0f5d59-1290-409f-b73f-dced5b4ae23c/build]   | [INFO] Downloading from central: https://repo.maven.apache.org/maven2/org/apache/apache/10/apache-10.pom
[dd0f5d59-1290-409f-b73f-dced5b4ae23c/build]   | [INFO] Downloaded from central: https://repo.maven.apache.org/maven2/org/apache/apache/10/apache-10.pom (15 kB at 705 kB/s)
[dd0f5d59-1290-409f-b73f-dced5b4ae23c/build]   | [INFO] Downloading from central: https://repo.maven.apache.org/maven2/org/apache/maven/plugins/maven-jar-plugin/2.4/maven-jar-plugin-2.4.jar
[dd0f5d59-1290-409f-b73f-dced5b4ae23c/build]   | [INFO] Downloaded from central: https://repo.maven.apache.org/maven2/org/apache/maven/plugins/maven-jar-plugin/2.4/maven-jar-plugin-2.4.jar (34 kB at 1.4 MB/s)
[dd0f5d59-1290-409f-b73f-dced5b4ae23c/build]   | [INFO] Downloading from central: https://repo.maven.apache.org/maven2/org/junit/jupiter/junit-jupiter/5.9.0/junit-jupiter-5.9.0.pom
[dd0f5d59-1290-409f-b73f-dced5b4ae23c/build]   | [INFO] Downloaded from central: https://repo.maven.apache.org/maven2/org/junit/jupiter/junit-jupiter/5.9.0/junit-jupiter-5.9.0.pom (3.2 kB at 160 kB/s)
[dd0f5d59-1290-409f-b73f-dced5b4ae23c/build]   | [INFO] Downloading from central: https://repo.maven.apache.org/maven2/org/junit/junit-bom/5.9.0/junit-bom-5.9.0.pom
[dd0f5d59-1290-409f-b73f-dced5b4ae23c/build]   | [INFO] Downloaded from central: https://repo.maven.apache.org/maven2/org/junit/junit-bom/5.9.0/junit-bom-5.9.0.pom (5.6 kB at 256 kB/s)
[dd0f5d59-1290-409f-b73f-dced5b4ae23c/build]   | [INFO] Downloading from central: https://repo.maven.apache.org/maven2/org/junit/jupiter/junit-jupiter-api/5.8.2/junit-jupiter-api-5.8.2.pom
[dd0f5d59-1290-409f-b73f-dced5b4ae23c/build]   | [INFO] Downloaded from central: https://repo.maven.apache.org/maven2/org/junit/jupiter/junit-jupiter-api/5.8.2/junit-jupiter-api-5.8.2.pom (3.2 kB at 138 kB/s)
[dd0f5d59-1290-409f-b73f-dced5b4ae23c/build]   | [INFO] Downloading from central: https://repo.maven.apache.org/maven2/org/opentest4j/opentest4j/1.2.0/opentest4j-1.2.0.pom
[dd0f5d59-1290-409f-b73f-dced5b4ae23c/build]   | [INFO] Downloaded from central: https://repo.maven.apache.org/maven2/org/opentest4j/opentest4j/1.2.0/opentest4j-1.2.0.pom (1.7 kB at 70 kB/s)
[dd0f5d59-1290-409f-b73f-dced5b4ae23c/build]   | [INFO] Downloading from central: https://repo.maven.apache.org/maven2/org/junit/platform/junit-platform-commons/1.8.2/junit-platform-commons-1.8.2.pom
[dd0f5d59-1290-409f-b73f-dced5b4ae23c/build]   | [INFO] Downloaded from central: https://repo.maven.apache.org/maven2/org/junit/platform/junit-platform-commons/1.8.2/junit-platform-commons-1.8.2.pom (2.8 kB at 113 kB/s)
[dd0f5d59-1290-409f-b73f-dced5b4ae23c/build]   | [INFO] Downloading from central: https://repo.maven.apache.org/maven2/org/apiguardian/apiguardian-api/1.1.2/apiguardian-api-1.1.2.pom
[dd0f5d59-1290-409f-b73f-dced5b4ae23c/build]   | [INFO] Downloaded from central: https://repo.maven.apache.org/maven2/org/apiguardian/apiguardian-api/1.1.2/apiguardian-api-1.1.2.pom (1.5 kB at 66 kB/s)
[dd0f5d59-1290-409f-b73f-dced5b4ae23c/build]   | [INFO] Downloading from central: https://repo.maven.apache.org/maven2/org/junit/jupiter/junit-jupiter-params/5.8.2/junit-jupiter-params-5.8.2.pom
[dd0f5d59-1290-409f-b73f-dced5b4ae23c/build]   | [INFO] Downloaded from central: https://repo.maven.apache.org/maven2/org/junit/jupiter/junit-jupiter-params/5.8.2/junit-jupiter-params-5.8.2.pom (3.0 kB at 131 kB/s)
[dd0f5d59-1290-409f-b73f-dced5b4ae23c/build]   | [INFO] Downloading from central: https://repo.maven.apache.org/maven2/org/junit/jupiter/junit-jupiter-engine/5.8.2/junit-jupiter-engine-5.8.2.pom
[dd0f5d59-1290-409f-b73f-dced5b4ae23c/build]   | [INFO] Downloaded from central: https://repo.maven.apache.org/maven2/org/junit/jupiter/junit-jupiter-engine/5.8.2/junit-jupiter-engine-5.8.2.pom (3.2 kB at 139 kB/s)
[dd0f5d59-1290-409f-b73f-dced5b4ae23c/build]   | [INFO] Downloading from central: https://repo.maven.apache.org/maven2/org/junit/platform/junit-platform-engine/1.8.2/junit-platform-engine-1.8.2.pom
[dd0f5d59-1290-409f-b73f-dced5b4ae23c/build]   | [INFO] Downloaded from central: https://repo.maven.apache.org/maven2/org/junit/platform/junit-platform-engine/1.8.2/junit-platform-engine-1.8.2.pom (3.2 kB at 139 kB/s)
[dd0f5d59-1290-409f-b73f-dced5b4ae23c/build]   | [INFO] Downloading from central: https://repo.maven.apache.org/maven2/org/assertj/assertj-core/3.23.1/assertj-core-3.23.1.pom
[dd0f5d59-1290-409f-b73f-dced5b4ae23c/build]   | [INFO] Downloaded from central: https://repo.maven.apache.org/maven2/org/assertj/assertj-core/3.23.1/assertj-core-3.23.1.pom (24 kB at 983 kB/s)
[dd0f5d59-1290-409f-b73f-dced5b4ae23c/build]   | [INFO] Downloading from central: https://repo.maven.apache.org/maven2/org/assertj/assertj-parent-pom/2.2.17/assertj-parent-pom-2.2.17.pom
[dd0f5d59-1290-409f-b73f-dced5b4ae23c/build]   | [INFO] Downloaded from central: https://repo.maven.apache.org/maven2/org/assertj/assertj-parent-pom/2.2.17/assertj-parent-pom-2.2.17.pom (24 kB at 1.1 MB/s)
[dd0f5d59-1290-409f-b73f-dced5b4ae23c/build]   | [INFO] Downloading from central: https://repo.maven.apache.org/maven2/org/mockito/mockito-bom/4.5.1/mockito-bom-4.5.1.pom
[dd0f5d59-1290-409f-b73f-dced5b4ae23c/build]   | [INFO] Downloaded from central: https://repo.maven.apache.org/maven2/org/mockito/mockito-bom/4.5.1/mockito-bom-4.5.1.pom (3.0 kB at 130 kB/s)
[dd0f5d59-1290-409f-b73f-dced5b4ae23c/build]   | [INFO] Downloading from central: https://repo.maven.apache.org/maven2/net/bytebuddy/byte-buddy/1.12.10/byte-buddy-1.12.10.pom
[dd0f5d59-1290-409f-b73f-dced5b4ae23c/build]   | [INFO] Downloaded from central: https://repo.maven.apache.org/maven2/net/bytebuddy/byte-buddy/1.12.10/byte-buddy-1.12.10.pom (17 kB at 692 kB/s)
[dd0f5d59-1290-409f-b73f-dced5b4ae23c/build]   | [INFO] Downloading from central: https://repo.maven.apache.org/maven2/net/bytebuddy/byte-buddy-parent/1.12.10/byte-buddy-parent-1.12.10.pom
[dd0f5d59-1290-409f-b73f-dced5b4ae23c/build]   | [INFO] Downloaded from central: https://repo.maven.apache.org/maven2/net/bytebuddy/byte-buddy-parent/1.12.10/byte-buddy-parent-1.12.10.pom (45 kB at 1.9 MB/s)
[dd0f5d59-1290-409f-b73f-dced5b4ae23c/build]   | [INFO] Downloading from central: https://repo.maven.apache.org/maven2/org/junit/jupiter/junit-jupiter-api/5.9.0/junit-jupiter-api-5.9.0.pom
[dd0f5d59-1290-409f-b73f-dced5b4ae23c/build]   | [INFO] Downloaded from central: https://repo.maven.apache.org/maven2/org/junit/jupiter/junit-jupiter-api/5.9.0/junit-jupiter-api-5.9.0.pom (3.2 kB at 94 kB/s)
[dd0f5d59-1290-409f-b73f-dced5b4ae23c/build]   | [INFO] Downloading from central: https://repo.maven.apache.org/maven2/org/apache/commons/commons-lang3/3.12.0/commons-lang3-3.12.0.pom
[dd0f5d59-1290-409f-b73f-dced5b4ae23c/build]   | [INFO] Downloaded from central: https://repo.maven.apache.org/maven2/org/apache/commons/commons-lang3/3.12.0/commons-lang3-3.12.0.pom (31 kB at 748 kB/s)
[dd0f5d59-1290-409f-b73f-dced5b4ae23c/build]   | [INFO] Downloading from central: https://repo.maven.apache.org/maven2/org/apache/commons/commons-parent/52/commons-parent-52.pom
[dd0f5d59-1290-409f-b73f-dced5b4ae23c/build]   | [INFO] Downloaded from central: https://repo.maven.apache.org/maven2/org/apache/commons/commons-parent/52/commons-parent-52.pom (79 kB at 1.7 MB/s)
[dd0f5d59-1290-409f-b73f-dced5b4ae23c/build]   | [INFO] Downloading from central: https://repo.maven.apache.org/maven2/org/junit/junit-bom/5.7.1/junit-bom-5.7.1.pom
[dd0f5d59-1290-409f-b73f-dced5b4ae23c/build]   | [INFO] Downloaded from central: https://repo.maven.apache.org/maven2/org/junit/junit-bom/5.7.1/junit-bom-5.7.1.pom (5.1 kB at 127 kB/s)
[dd0f5d59-1290-409f-b73f-dced5b4ae23c/build]   | [INFO] Downloading from central: https://repo.maven.apache.org/maven2/org/junit/jupiter/junit-jupiter/5.9.0/junit-jupiter-5.9.0.jar
[dd0f5d59-1290-409f-b73f-dced5b4ae23c/build]   | [INFO] Downloading from central: https://repo.maven.apache.org/maven2/org/junit/jupiter/junit-jupiter-params/5.8.2/junit-jupiter-params-5.8.2.jar
[dd0f5d59-1290-409f-b73f-dced5b4ae23c/build]   | [INFO] Downloading from central: https://repo.maven.apache.org/maven2/org/junit/jupiter/junit-jupiter-engine/5.8.2/junit-jupiter-engine-5.8.2.jar
[dd0f5d59-1290-409f-b73f-dced5b4ae23c/build]   | [INFO] Downloading from central: https://repo.maven.apache.org/maven2/org/junit/platform/junit-platform-engine/1.8.2/junit-platform-engine-1.8.2.jar
[dd0f5d59-1290-409f-b73f-dced5b4ae23c/build]   | [INFO] Downloading from central: https://repo.maven.apache.org/maven2/org/assertj/assertj-core/3.23.1/assertj-core-3.23.1.jar
[dd0f5d59-1290-409f-b73f-dced5b4ae23c/build]   | [INFO] Downloaded from central: https://repo.maven.apache.org/maven2/org/junit/jupiter/junit-jupiter/5.9.0/junit-jupiter-5.9.0.jar (6.4 kB at 135 kB/s)
[dd0f5d59-1290-409f-b73f-dced5b4ae23c/build]   | [INFO] Downloading from central: https://repo.maven.apache.org/maven2/net/bytebuddy/byte-buddy/1.12.10/byte-buddy-1.12.10.jar
[dd0f5d59-1290-409f-b73f-dced5b4ae23c/build]   | [INFO] Downloaded from central: https://repo.maven.apache.org/maven2/org/junit/jupiter/junit-jupiter-engine/5.8.2/junit-jupiter-engine-5.8.2.jar (230 kB at 1.6 MB/s)
[dd0f5d59-1290-409f-b73f-dced5b4ae23c/build]   | [INFO] Downloading from central: https://repo.maven.apache.org/maven2/org/junit/jupiter/junit-jupiter-api/5.9.0/junit-jupiter-api-5.9.0.jar
[dd0f5d59-1290-409f-b73f-dced5b4ae23c/build]   | [INFO] Downloaded from central: https://repo.maven.apache.org/maven2/org/junit/platform/junit-platform-engine/1.8.2/junit-platform-engine-1.8.2.jar (186 kB at 1.0 MB/s)
[dd0f5d59-1290-409f-b73f-dced5b4ae23c/build]   | [INFO] Downloading from central: https://repo.maven.apache.org/maven2/org/opentest4j/opentest4j/1.2.0/opentest4j-1.2.0.jar
[dd0f5d59-1290-409f-b73f-dced5b4ae23c/build]   | [INFO] Downloaded from central: https://repo.maven.apache.org/maven2/org/junit/jupiter/junit-jupiter-api/5.9.0/junit-jupiter-api-5.9.0.jar (203 kB at 959 kB/s)
[dd0f5d59-1290-409f-b73f-dced5b4ae23c/build]   | [INFO] Downloading from central: https://repo.maven.apache.org/maven2/org/junit/platform/junit-platform-commons/1.8.2/junit-platform-commons-1.8.2.jar
[dd0f5d59-1290-409f-b73f-dced5b4ae23c/build]   | [INFO] Downloaded from central: https://repo.maven.apache.org/maven2/org/opentest4j/opentest4j/1.2.0/opentest4j-1.2.0.jar (7.7 kB at 36 kB/s)
[dd0f5d59-1290-409f-b73f-dced5b4ae23c/build]   | [INFO] Downloaded from central: https://repo.maven.apache.org/maven2/org/junit/jupiter/junit-jupiter-params/5.8.2/junit-jupiter-params-5.8.2.jar (577 kB at 2.7 MB/s)
[dd0f5d59-1290-409f-b73f-dced5b4ae23c/build]   | [INFO] Downloading from central: https://repo.maven.apache.org/maven2/org/apiguardian/apiguardian-api/1.1.2/apiguardian-api-1.1.2.jar
[dd0f5d59-1290-409f-b73f-dced5b4ae23c/build]   | [INFO] Downloading from central: https://repo.maven.apache.org/maven2/org/apache/commons/commons-lang3/3.12.0/commons-lang3-3.12.0.jar
[dd0f5d59-1290-409f-b73f-dced5b4ae23c/build]   | [INFO] Downloaded from central: https://repo.maven.apache.org/maven2/org/apiguardian/apiguardian-api/1.1.2/apiguardian-api-1.1.2.jar (6.8 kB at 26 kB/s)
[dd0f5d59-1290-409f-b73f-dced5b4ae23c/build]   | [INFO] Downloaded from central: https://repo.maven.apache.org/maven2/org/junit/platform/junit-platform-commons/1.8.2/junit-platform-commons-1.8.2.jar (100 kB at 373 kB/s)
[dd0f5d59-1290-409f-b73f-dced5b4ae23c/build]   | [INFO] Downloaded from central: https://repo.maven.apache.org/maven2/org/apache/commons/commons-lang3/3.12.0/commons-lang3-3.12.0.jar (587 kB at 2.0 MB/s)
[dd0f5d59-1290-409f-b73f-dced5b4ae23c/build]   | [INFO] Downloaded from central: https://repo.maven.apache.org/maven2/org/assertj/assertj-core/3.23.1/assertj-core-3.23.1.jar (1.2 MB at 2.8 MB/s)
[dd0f5d59-1290-409f-b73f-dced5b4ae23c/build]   | [INFO] Downloaded from central: https://repo.maven.apache.org/maven2/net/bytebuddy/byte-buddy/1.12.10/byte-buddy-1.12.10.jar (3.8 MB at 6.8 MB/s)
[dd0f5d59-1290-409f-b73f-dced5b4ae23c/build]   | [INFO] 
[dd0f5d59-1290-409f-b73f-dced5b4ae23c/build]   | [INFO] --- maven-resources-plugin:2.6:resources (default-resources) @ Java ---
[dd0f5d59-1290-409f-b73f-dced5b4ae23c/build]   | [INFO] Downloading from central: https://repo.maven.apache.org/maven2/org/apache/maven/maven-plugin-api/2.0.6/maven-plugin-api-2.0.6.pom
[dd0f5d59-1290-409f-b73f-dced5b4ae23c/build]   | [INFO] Downloaded from central: https://repo.maven.apache.org/maven2/org/apache/maven/maven-plugin-api/2.0.6/maven-plugin-api-2.0.6.pom (1.5 kB at 43 kB/s)
[dd0f5d59-1290-409f-b73f-dced5b4ae23c/build]   | [INFO] Downloading from central: https://repo.maven.apache.org/maven2/org/apache/maven/maven/2.0.6/maven-2.0.6.pom
[dd0f5d59-1290-409f-b73f-dced5b4ae23c/build]   | [INFO] Downloaded from central: https://repo.maven.apache.org/maven2/org/apache/maven/maven/2.0.6/maven-2.0.6.pom (9.0 kB at 274 kB/s)
[dd0f5d59-1290-409f-b73f-dced5b4ae23c/build]   | [INFO] Downloading from central: https://repo.maven.apache.org/maven2/org/apache/maven/maven-parent/5/maven-parent-5.pom
[dd0f5d59-1290-409f-b73f-dced5b4ae23c/build]   | [INFO] Downloaded from central: https://repo.maven.apache.org/maven2/org/apache/maven/maven-parent/5/maven-parent-5.pom (15 kB at 609 kB/s)
[dd0f5d59-1290-409f-b73f-dced5b4ae23c/build]   | [INFO] Downloading from central: https://repo.maven.apache.org/maven2/org/apache/apache/3/apache-3.pom
[dd0f5d59-1290-409f-b73f-dced5b4ae23c/build]   | [INFO] Downloaded from central: https://repo.maven.apache.org/maven2/org/apache/apache/3/apache-3.pom (3.4 kB at 132 kB/s)
[dd0f5d59-1290-409f-b73f-dced5b4ae23c/build]   | [INFO] Downloading from central: https://repo.maven.apache.org/maven2/org/apache/maven/maven-project/2.0.6/maven-project-2.0.6.pom
[dd0f5d59-1290-409f-b73f-dced5b4ae23c/build]   | [INFO] Downloaded from central: https://repo.maven.apache.org/maven2/org/apache/maven/maven-project/2.0.6/maven-project-2.0.6.pom (2.6 kB at 88 kB/s)
[dd0f5d59-1290-409f-b73f-dced5b4ae23c/build]   | [INFO] Downloading from central: https://repo.maven.apache.org/maven2/org/apache/maven/maven-settings/2.0.6/maven-settings-2.0.6.pom
[dd0f5d59-1290-409f-b73f-dced5b4ae23c/build]   | [INFO] Downloaded from central: https://repo.maven.apache.org/maven2/org/apache/maven/maven-settings/2.0.6/maven-settings-2.0.6.pom (2.0 kB at 111 kB/s)
[dd0f5d59-1290-409f-b73f-dced5b4ae23c/build]   | [INFO] Downloading from central: https://repo.maven.apache.org/maven2/org/apache/maven/maven-model/2.0.6/maven-model-2.0.6.pom
[dd0f5d59-1290-409f-b73f-dced5b4ae23c/build]   | [INFO] Downloaded from central: https://repo.maven.apache.org/maven2/org/apache/maven/maven-model/2.0.6/maven-model-2.0.6.pom (3.0 kB at 152 kB/s)
[dd0f5d59-1290-409f-b73f-dced5b4ae23c/build]   | [INFO] Downloading from central: https://repo.maven.apache.org/maven2/org/codehaus/plexus/plexus-utils/1.4.1/plexus-utils-1.4.1.pom
[dd0f5d59-1290-409f-b73f-dced5b4ae23c/build]   | [INFO] Downloaded from central: https://repo.maven.apache.org/maven2/org/codehaus/plexus/plexus-utils/1.4.1/plexus-utils-1.4.1.pom (1.9 kB at 100 kB/s)
[dd0f5d59-1290-409f-b73f-dced5b4ae23c/build]   | [INFO] Downloading from central: https://repo.maven.apache.org/maven2/org/codehaus/plexus/plexus/1.0.11/plexus-1.0.11.pom
[dd0f5d59-1290-409f-b73f-dced5b4ae23c/build]   | [INFO] Downloaded from central: https://repo.maven.apache.org/maven2/org/codehaus/plexus/plexus/1.0.11/plexus-1.0.11.pom (9.0 kB at 408 kB/s)
[dd0f5d59-1290-409f-b73f-dced5b4ae23c/build]   | [INFO] Downloading from central: https://repo.maven.apache.org/maven2/org/codehaus/plexus/plexus-container-default/1.0-alpha-9-stable-1/plexus-container-default-1.0-alpha-9-stable-1.pom
[dd0f5d59-1290-409f-b73f-dced5b4ae23c/build]   | [INFO] Downloaded from central: https://repo.maven.apache.org/maven2/org/codehaus/plexus/plexus-container-default/1.0-alpha-9-stable-1/plexus-container-default-1.0-alpha-9-stable-1.pom (3.9 kB at 136 kB/s)
[dd0f5d59-1290-409f-b73f-dced5b4ae23c/build]   | [INFO] Downloading from central: https://repo.maven.apache.org/maven2/org/codehaus/plexus/plexus-containers/1.0.3/plexus-containers-1.0.3.pom
[dd0f5d59-1290-409f-b73f-dced5b4ae23c/build]   | [INFO] Downloaded from central: https://repo.maven.apache.org/maven2/org/codehaus/plexus/plexus-containers/1.0.3/plexus-containers-1.0.3.pom (492 B at 22 kB/s)
[dd0f5d59-1290-409f-b73f-dced5b4ae23c/build]   | [INFO] Downloading from central: https://repo.maven.apache.org/maven2/org/codehaus/plexus/plexus/1.0.4/plexus-1.0.4.pom
[dd0f5d59-1290-409f-b73f-dced5b4ae23c/build]   | [INFO] Downloaded from central: https://repo.maven.apache.org/maven2/org/codehaus/plexus/plexus/1.0.4/plexus-1.0.4.pom (5.7 kB at 198 kB/s)
[dd0f5d59-1290-409f-b73f-dced5b4ae23c/build]   | [INFO] Downloading from central: https://repo.maven.apache.org/maven2/junit/junit/3.8.1/junit-3.8.1.pom
[dd0f5d59-1290-409f-b73f-dced5b4ae23c/build]   | [INFO] Downloaded from central: https://repo.maven.apache.org/maven2/junit/junit/3.8.1/junit-3.8.1.pom (998 B at 50 kB/s)
[dd0f5d59-1290-409f-b73f-dced5b4ae23c/build]   | [INFO] Downloading from central: https://repo.maven.apache.org/maven2/org/codehaus/plexus/plexus-utils/1.0.4/plexus-utils-1.0.4.pom
[dd0f5d59-1290-409f-b73f-dced5b4ae23c/build]   | [INFO] Downloaded from central: https://repo.maven.apache.org/maven2/org/codehaus/plexus/plexus-utils/1.0.4/plexus-utils-1.0.4.pom (6.9 kB at 91 kB/s)
[dd0f5d59-1290-409f-b73f-dced5b4ae23c/build]   | [INFO] Downloading from central: https://repo.maven.apache.org/maven2/classworlds/classworlds/1.1-alpha-2/classworlds-1.1-alpha-2.pom
[dd0f5d59-1290-409f-b73f-dced5b4ae23c/build]   | [INFO] Downloaded from central: https://repo.maven.apache.org/maven2/classworlds/classworlds/1.1-alpha-2/classworlds-1.1-alpha-2.pom (3.1 kB at 76 kB/s)
[dd0f5d59-1290-409f-b73f-dced5b4ae23c/build]   | [INFO] Downloading from central: https://repo.maven.apache.org/maven2/org/apache/maven/maven-profile/2.0.6/maven-profile-2.0.6.pom
[dd0f5d59-1290-409f-b73f-dced5b4ae23c/build]   | [INFO] Downloaded from central: https://repo.maven.apache.org/maven2/org/apache/maven/maven-profile/2.0.6/maven-profile-2.0.6.pom (2.0 kB at 55 kB/s)
[dd0f5d59-1290-409f-b73f-dced5b4ae23c/build]   | [INFO] Downloading from central: https://repo.maven.apache.org/maven2/org/apache/maven/maven-artifact-manager/2.0.6/maven-artifact-manager-2.0.6.pom
[dd0f5d59-1290-409f-b73f-dced5b4ae23c/build]   | [INFO] Downloaded from central: https://repo.maven.apache.org/maven2/org/apache/maven/maven-artifact-manager/2.0.6/maven-artifact-manager-2.0.6.pom (2.6 kB at 114 kB/s)
[dd0f5d59-1290-409f-b73f-dced5b4ae23c/build]   | [INFO] Downloading from central: https://repo.maven.apache.org/maven2/org/apache/maven/maven-repository-metadata/2.0.6/maven-repository-metadata-2.0.6.pom
[dd0f5d59-1290-409f-b73f-dced5b4ae23c/build]   | [INFO] Downloaded from central: https://repo.maven.apache.org/maven2/org/apache/maven/maven-repository-metadata/2.0.6/maven-repository-metadata-2.0.6.pom (1.9 kB at 77 kB/s)
[dd0f5d59-1290-409f-b73f-dced5b4ae23c/build]   | [INFO] Downloading from central: https://repo.maven.apache.org/maven2/org/apache/maven/maven-artifact/2.0.6/maven-artifact-2.0.6.pom
[dd0f5d59-1290-409f-b73f-dced5b4ae23c/build]   | [INFO] Downloaded from central: https://repo.maven.apache.org/maven2/org/apache/maven/maven-artifact/2.0.6/maven-artifact-2.0.6.pom (1.6 kB at 49 kB/s)
[dd0f5d59-1290-409f-b73f-dced5b4ae23c/build]   | [INFO] Downloading from central: https://repo.maven.apache.org/maven2/org/apache/maven/maven-plugin-registry/2.0.6/maven-plugin-registry-2.0.6.pom
[dd0f5d59-1290-409f-b73f-dced5b4ae23c/build]   | [INFO] Downloaded from central: https://repo.maven.apache.org/maven2/org/apache/maven/maven-plugin-registry/2.0.6/maven-plugin-registry-2.0.6.pom (1.9 kB at 25 kB/s)
[dd0f5d59-1290-409f-b73f-dced5b4ae23c/build]   | [INFO] Downloading from central: https://repo.maven.apache.org/maven2/org/apache/maven/maven-core/2.0.6/maven-core-2.0.6.pom
[dd0f5d59-1290-409f-b73f-dced5b4ae23c/build]   | [INFO] Downloaded from central: https://repo.maven.apache.org/maven2/org/apache/maven/maven-core/2.0.6/maven-core-2.0.6.pom (6.7 kB at 186 kB/s)
[dd0f5d59-1290-409f-b73f-dced5b4ae23c/build]   | [INFO] Downloading from central: https://repo.maven.apache.org/maven2/org/apache/maven/maven-plugin-parameter-documenter/2.0.6/maven-plugin-parameter-documenter-2.0.6.pom
[dd0f5d59-1290-409f-b73f-dced5b4ae23c/build]   | [INFO] Downloaded from central: https://repo.maven.apache.org/maven2/org/apache/maven/maven-plugin-parameter-documenter/2.0.6/maven-plugin-parameter-documenter-2.0.6.pom (1.9 kB at 76 kB/s)
[dd0f5d59-1290-409f-b73f-dced5b4ae23c/build]   | [INFO] Downloading from central: https://repo.maven.apache.org/maven2/org/apache/maven/reporting/maven-reporting-api/2.0.6/maven-reporting-api-2.0.6.pom
[dd0f5d59-1290-409f-b73f-dced5b4ae23c/build]   | [INFO] Downloaded from central: https://repo.maven.apache.org/maven2/org/apache/maven/reporting/maven-reporting-api/2.0.6/maven-reporting-api-2.0.6.pom (1.8 kB at 76 kB/s)
[dd0f5d59-1290-409f-b73f-dced5b4ae23c/build]   | [INFO] Downloading from central: https://repo.maven.apache.org/maven2/org/apache/maven/reporting/maven-reporting/2.0.6/maven-reporting-2.0.6.pom
[dd0f5d59-1290-409f-b73f-dced5b4ae23c/build]   | [INFO] Downloaded from central: https://repo.maven.apache.org/maven2/org/apache/maven/reporting/maven-reporting/2.0.6/maven-reporting-2.0.6.pom (1.4 kB at 60 kB/s)
[dd0f5d59-1290-409f-b73f-dced5b4ae23c/build]   | [INFO] Downloading from central: https://repo.maven.apache.org/maven2/org/apache/maven/doxia/doxia-sink-api/1.0-alpha-7/doxia-sink-api-1.0-alpha-7.pom
[dd0f5d59-1290-409f-b73f-dced5b4ae23c/build]   | [INFO] Downloaded from central: https://repo.maven.apache.org/maven2/org/apache/maven/doxia/doxia-sink-api/1.0-alpha-7/doxia-sink-api-1.0-alpha-7.pom (424 B at 18 kB/s)
[dd0f5d59-1290-409f-b73f-dced5b4ae23c/build]   | [INFO] Downloading from central: https://repo.maven.apache.org/maven2/org/apache/maven/doxia/doxia/1.0-alpha-7/doxia-1.0-alpha-7.pom
[dd0f5d59-1290-409f-b73f-dced5b4ae23c/build]   | [INFO] Downloaded from central: https://repo.maven.apache.org/maven2/org/apache/maven/doxia/doxia/1.0-alpha-7/doxia-1.0-alpha-7.pom (3.9 kB at 170 kB/s)
[dd0f5d59-1290-409f-b73f-dced5b4ae23c/build]   | [INFO] Downloading from central: https://repo.maven.apache.org/maven2/org/apache/maven/maven-error-diagnostics/2.0.6/maven-error-diagnostics-2.0.6.pom
[dd0f5d59-1290-409f-b73f-dced5b4ae23c/build]   | [INFO] Downloaded from central: https://repo.maven.apache.org/maven2/org/apache/maven/maven-error-diagnostics/2.0.6/maven-error-diagnostics-2.0.6.pom (1.7 kB at 74 kB/s)
[dd0f5d59-1290-409f-b73f-dced5b4ae23c/build]   | [INFO] Downloading from central: https://repo.maven.apache.org/maven2/commons-cli/commons-cli/1.0/commons-cli-1.0.pom
[dd0f5d59-1290-409f-b73f-dced5b4ae23c/build]   | [INFO] Downloaded from central: https://repo.maven.apache.org/maven2/commons-cli/commons-cli/1.0/commons-cli-1.0.pom (2.1 kB at 96 kB/s)
[dd0f5d59-1290-409f-b73f-dced5b4ae23c/build]   | [INFO] Downloading from central: https://repo.maven.apache.org/maven2/org/apache/maven/maven-plugin-descriptor/2.0.6/maven-plugin-descriptor-2.0.6.pom
[dd0f5d59-1290-409f-b73f-dced5b4ae23c/build]   | [INFO] Downloaded from central: https://repo.maven.apache.org/maven2/org/apache/maven/maven-plugin-descriptor/2.0.6/maven-plugin-descriptor-2.0.6.pom (2.0 kB at 84 kB/s)
[dd0f5d59-1290-409f-b73f-dced5b4ae23c/build]   | [INFO] Downloading from central: https://repo.maven.apache.org/maven2/org/codehaus/plexus/plexus-interactivity-api/1.0-alpha-4/plexus-interactivity-api-1.0-alpha-4.pom
[dd0f5d59-1290-409f-b73f-dced5b4ae23c/build]   | [INFO] Downloaded from central: https://repo.maven.apache.org/maven2/org/codehaus/plexus/plexus-interactivity-api/1.0-alpha-4/plexus-interactivity-api-1.0-alpha-4.pom (7.1 kB at 263 kB/s)
[dd0f5d59-1290-409f-b73f-dced5b4ae23c/build]   | [INFO] Downloading from central: https://repo.maven.apache.org/maven2/org/apache/maven/maven-monitor/2.0.6/maven-monitor-2.0.6.pom
[dd0f5d59-1290-409f-b73f-dced5b4ae23c/build]   | [INFO] Downloaded from central: https://repo.maven.apache.org/maven2/org/apache/maven/maven-monitor/2.0.6/maven-monitor-2.0.6.pom (1.3 kB at 70 kB/s)
[dd0f5d59-1290-409f-b73f-dced5b4ae23c/build]   | [INFO] Downloading from central: https://repo.maven.apache.org/maven2/classworlds/classworlds/1.1/classworlds-1.1.pom
[dd0f5d59-1290-409f-b73f-dced5b4ae23c/build]   | [INFO] Downloaded from central: https://repo.maven.apache.org/maven2/classworlds/classworlds/1.1/classworlds-1.1.pom (3.3 kB at 196 kB/s)
[dd0f5d59-1290-409f-b73f-dced5b4ae23c/build]   | [INFO] Downloading from central: https://repo.maven.apache.org/maven2/org/codehaus/plexus/plexus-utils/2.0.5/plexus-utils-2.0.5.pom
[dd0f5d59-1290-409f-b73f-dced5b4ae23c/build]   | [INFO] Downloaded from central: https://repo.maven.apache.org/maven2/org/codehaus/plexus/plexus-utils/2.0.5/plexus-utils-2.0.5.pom (3.3 kB at 185 kB/s)
[dd0f5d59-1290-409f-b73f-dced5b4ae23c/build]   | [INFO] Downloading from central: https://repo.maven.apache.org/maven2/org/codehaus/plexus/plexus/2.0.6/plexus-2.0.6.pom
[dd0f5d59-1290-409f-b73f-dced5b4ae23c/build]   | [INFO] Downloaded from central: https://repo.maven.apache.org/maven2/org/codehaus/plexus/plexus/2.0.6/plexus-2.0.6.pom (17 kB at 698 kB/s)
[dd0f5d59-1290-409f-b73f-dced5b4ae23c/build]   | [INFO] Downloading from central: https://repo.maven.apache.org/maven2/org/apache/maven/shared/maven-filtering/1.1/maven-filtering-1.1.pom
[dd0f5d59-1290-409f-b73f-dced5b4ae23c/build]   | [INFO] Downloaded from central: https://repo.maven.apache.org/maven2/org/apache/maven/shared/maven-filtering/1.1/maven-filtering-1.1.pom (5.8 kB at 305 kB/s)
[dd0f5d59-1290-409f-b73f-dced5b4ae23c/build]   | [INFO] Downloading from central: https://repo.maven.apache.org/maven2/org/apache/maven/shared/maven-shared-components/17/maven-shared-components-17.pom
[dd0f5d59-1290-409f-b73f-dced5b4ae23c/build]   | [INFO] Downloaded from central: https://repo.maven.apache.org/maven2/org/apache/maven/shared/maven-shared-components/17/maven-shared-components-17.pom (8.7 kB at 483 kB/s)
[dd0f5d59-1290-409f-b73f-dced5b4ae23c/build]   | [INFO] Downloading from central: https://repo.maven.apache.org/maven2/org/codehaus/plexus/plexus-utils/1.5.15/plexus-utils-1.5.15.pom
[dd0f5d59-1290-409f-b73f-dced5b4ae23c/build]   | [INFO] Downloaded from central: https://repo.maven.apache.org/maven2/org/codehaus/plexus/plexus-utils/1.5.15/plexus-utils-1.5.15.pom (6.8 kB at 360 kB/s)
[dd0f5d59-1290-409f-b73f-dced5b4ae23c/build]   | [INFO] Downloading from central: https://repo.maven.apache.org/maven2/org/codehaus/plexus/plexus/2.0.2/plexus-2.0.2.pom
[dd0f5d59-1290-409f-b73f-dced5b4ae23c/build]   | [INFO] Downloaded from central: https://repo.maven.apache.org/maven2/org/codehaus/plexus/plexus/2.0.2/plexus-2.0.2.pom (12 kB at 611 kB/s)
[dd0f5d59-1290-409f-b73f-dced5b4ae23c/build]   | [INFO] Downloading from central: https://repo.maven.apache.org/maven2/org/codehaus/plexus/plexus-interpolation/1.12/plexus-interpolation-1.12.pom
[dd0f5d59-1290-409f-b73f-dced5b4ae23c/build]   | [INFO] Downloaded from central: https://repo.maven.apache.org/maven2/org/codehaus/plexus/plexus-interpolation/1.12/plexus-interpolation-1.12.pom (889 B at 47 kB/s)
[dd0f5d59-1290-409f-b73f-dced5b4ae23c/build]   | [INFO] Downloading from central: https://repo.maven.apache.org/maven2/org/codehaus/plexus/plexus-components/1.1.14/plexus-components-1.1.14.pom
[dd0f5d59-1290-409f-b73f-dced5b4ae23c/build]   | [INFO] Downloaded from central: https://repo.maven.apache.org/maven2/org/codehaus/plexus/plexus-components/1.1.14/plexus-components-1.1.14.pom (5.8 kB at 307 kB/s)
[dd0f5d59-1290-409f-b73f-dced5b4ae23c/build]   | [INFO] Downloading from central: https://repo.maven.apache.org/maven2/org/sonatype/plexus/plexus-build-api/0.0.4/plexus-build-api-0.0.4.pom
[dd0f5d59-1290-409f-b73f-dced5b4ae23c/build]   | [INFO] Downloaded from central: https://repo.maven.apache.org/maven2/org/sonatype/plexus/plexus-build-api/0.0.4/plexus-build-api-0.0.4.pom (2.9 kB at 151 kB/s)
[dd0f5d59-1290-409f-b73f-dced5b4ae23c/build]   | [INFO] Downloading from central: https://repo.maven.apache.org/maven2/org/sonatype/spice/spice-parent/10/spice-parent-10.pom
[dd0f5d59-1290-409f-b73f-dced5b4ae23c/build]   | [INFO] Downloaded from central: https://repo.maven.apache.org/maven2/org/sonatype/spice/spice-parent/10/spice-parent-10.pom (3.0 kB at 151 kB/s)
[dd0f5d59-1290-409f-b73f-dced5b4ae23c/build]   | [INFO] Downloading from central: https://repo.maven.apache.org/maven2/org/sonatype/forge/forge-parent/3/forge-parent-3.pom
[dd0f5d59-1290-409f-b73f-dced5b4ae23c/build]   | [INFO] Downloaded from central: https://repo.maven.apache.org/maven2/org/sonatype/forge/forge-parent/3/forge-parent-3.pom (5.0 kB at 252 kB/s)
[dd0f5d59-1290-409f-b73f-dced5b4ae23c/build]   | [INFO] Downloading from central: https://repo.maven.apache.org/maven2/org/codehaus/plexus/plexus-utils/1.5.8/plexus-utils-1.5.8.pom
[dd0f5d59-1290-409f-b73f-dced5b4ae23c/build]   | [INFO] Downloaded from central: https://repo.maven.apache.org/maven2/org/codehaus/plexus/plexus-utils/1.5.8/plexus-utils-1.5.8.pom (8.1 kB at 403 kB/s)
[dd0f5d59-1290-409f-b73f-dced5b4ae23c/build]   | [INFO] Downloading from central: https://repo.maven.apache.org/maven2/org/codehaus/plexus/plexus-interpolation/1.13/plexus-interpolation-1.13.pom
[dd0f5d59-1290-409f-b73f-dced5b4ae23c/build]   | [INFO] Downloaded from central: https://repo.maven.apache.org/maven2/org/codehaus/plexus/plexus-interpolation/1.13/plexus-interpolation-1.13.pom (890 B at 42 kB/s)
[dd0f5d59-1290-409f-b73f-dced5b4ae23c/build]   | [INFO] Downloading from central: https://repo.maven.apache.org/maven2/org/codehaus/plexus/plexus-components/1.1.15/plexus-components-1.1.15.pom
[dd0f5d59-1290-409f-b73f-dced5b4ae23c/build]   | [INFO] Downloaded from central: https://repo.maven.apache.org/maven2/org/codehaus/plexus/plexus-components/1.1.15/plexus-components-1.1.15.pom (2.8 kB at 142 kB/s)
[dd0f5d59-1290-409f-b73f-dced5b4ae23c/build]   | [INFO] Downloading from central: https://repo.maven.apache.org/maven2/org/codehaus/plexus/plexus/2.0.3/plexus-2.0.3.pom
[dd0f5d59-1290-409f-b73f-dced5b4ae23c/build]   | [INFO] Downloaded from central: https://repo.maven.apache.org/maven2/org/codehaus/plexus/plexus/2.0.3/plexus-2.0.3.pom (15 kB at 703 kB/s)
[dd0f5d59-1290-409f-b73f-dced5b4ae23c/build]   | [INFO] Downloading from central: https://repo.maven.apache.org/maven2/org/apache/maven/maven-plugin-api/2.0.6/maven-plugin-api-2.0.6.jar
[dd0f5d59-1290-409f-b73f-dced5b4ae23c/build]   | [INFO] Downloading from central: https://repo.maven.apache.org/maven2/org/apache/maven/maven-project/2.0.6/maven-project-2.0.6.jar
[dd0f5d59-1290-409f-b73f-dced5b4ae23c/build]   | [INFO] Downloading from central: https://repo.maven.apache.org/maven2/org/apache/maven/maven-profile/2.0.6/maven-profile-2.0.6.jar
[dd0f5d59-1290-409f-b73f-dced5b4ae23c/build]   | [INFO] Downloading from central: https://repo.maven.apache.org/maven2/org/apache/maven/maven-artifact-manager/2.0.6/maven-artifact-manager-2.0.6.jar
[dd0f5d59-1290-409f-b73f-dced5b4ae23c/build]   | [INFO] Downloading from central: https://repo.maven.apache.org/maven2/org/apache/maven/maven-plugin-registry/2.0.6/maven-plugin-registry-2.0.6.jar
[dd0f5d59-1290-409f-b73f-dced5b4ae23c/build]   | [INFO] Downloaded from central: https://repo.maven.apache.org/maven2/org/apache/maven/maven-profile/2.0.6/maven-profile-2.0.6.jar (35 kB at 1.3 MB/s)
[dd0f5d59-1290-409f-b73f-dced5b4ae23c/build]   | [INFO] Downloading from central: https://repo.maven.apache.org/maven2/org/apache/maven/maven-core/2.0.6/maven-core-2.0.6.jar
[dd0f5d59-1290-409f-b73f-dced5b4ae23c/build]   | [INFO] Downloaded from central: https://repo.maven.apache.org/maven2/org/apache/maven/maven-plugin-api/2.0.6/maven-plugin-api-2.0.6.jar (13 kB at 459 kB/s)
[dd0f5d59-1290-409f-b73f-dced5b4ae23c/build]   | [INFO] Downloading from central: https://repo.maven.apache.org/maven2/org/apache/maven/maven-plugin-parameter-documenter/2.0.6/maven-plugin-parameter-documenter-2.0.6.jar
[dd0f5d59-1290-409f-b73f-dced5b4ae23c/build]   | [INFO] Downloaded from central: https://repo.maven.apache.org/maven2/org/apache/maven/maven-artifact-manager/2.0.6/maven-artifact-manager-2.0.6.jar (57 kB at 1.6 MB/s)
[dd0f5d59-1290-409f-b73f-dced5b4ae23c/build]   | [INFO] Downloading from central: https://repo.maven.apache.org/maven2/org/apache/maven/reporting/maven-reporting-api/2.0.6/maven-reporting-api-2.0.6.jar
[dd0f5d59-1290-409f-b73f-dced5b4ae23c/build]   | [INFO] Downloaded from central: https://repo.maven.apache.org/maven2/org/apache/maven/maven-project/2.0.6/maven-project-2.0.6.jar (116 kB at 3.1 MB/s)
[dd0f5d59-1290-409f-b73f-dced5b4ae23c/build]   | [INFO] Downloading from central: https://repo.maven.apache.org/maven2/org/apache/maven/doxia/doxia-sink-api/1.0-alpha-7/doxia-sink-api-1.0-alpha-7.jar
[dd0f5d59-1290-409f-b73f-dced5b4ae23c/build]   | [INFO] Downloaded from central: https://repo.maven.apache.org/maven2/org/apache/maven/maven-plugin-registry/2.0.6/maven-plugin-registry-2.0.6.jar (29 kB at 603 kB/s)
[dd0f5d59-1290-409f-b73f-dced5b4ae23c/build]   | [INFO] Downloading from central: https://repo.maven.apache.org/maven2/org/apache/maven/maven-repository-metadata/2.0.6/maven-repository-metadata-2.0.6.jar
[dd0f5d59-1290-409f-b73f-dced5b4ae23c/build]   | [INFO] Downloaded from central: https://repo.maven.apache.org/maven2/org/apache/maven/maven-plugin-parameter-documenter/2.0.6/maven-plugin-parameter-documenter-2.0.6.jar (21 kB at 415 kB/s)
[dd0f5d59-1290-409f-b73f-dced5b4ae23c/build]   | [INFO] Downloading from central: https://repo.maven.apache.org/maven2/org/apache/maven/maven-error-diagnostics/2.0.6/maven-error-diagnostics-2.0.6.jar
[dd0f5d59-1290-409f-b73f-dced5b4ae23c/build]   | [INFO] Downloaded from central: https://repo.maven.apache.org/maven2/org/apache/maven/reporting/maven-reporting-api/2.0.6/maven-reporting-api-2.0.6.jar (9.9 kB at 174 kB/s)
[dd0f5d59-1290-409f-b73f-dced5b4ae23c/build]   | [INFO] Downloading from central: https://repo.maven.apache.org/maven2/commons-cli/commons-cli/1.0/commons-cli-1.0.jar
[dd0f5d59-1290-409f-b73f-dced5b4ae23c/build]   | [INFO] Downloaded from central: https://repo.maven.apache.org/maven2/org/apache/maven/doxia/doxia-sink-api/1.0-alpha-7/doxia-sink-api-1.0-alpha-7.jar (5.9 kB at 102 kB/s)
[dd0f5d59-1290-409f-b73f-dced5b4ae23c/build]   | [INFO] Downloading from central: https://repo.maven.apache.org/maven2/org/apache/maven/maven-plugin-descriptor/2.0.6/maven-plugin-descriptor-2.0.6.jar
[dd0f5d59-1290-409f-b73f-dced5b4ae23c/build]   | [INFO] Downloaded from central: https://repo.maven.apache.org/maven2/org/apache/maven/maven-core/2.0.6/maven-core-2.0.6.jar (152 kB at 2.6 MB/s)
[dd0f5d59-1290-409f-b73f-dced5b4ae23c/build]   | [INFO] Downloading from central: https://repo.maven.apache.org/maven2/org/codehaus/plexus/plexus-interactivity-api/1.0-alpha-4/plexus-interactivity-api-1.0-alpha-4.jar
[dd0f5d59-1290-409f-b73f-dced5b4ae23c/build]   | [INFO] Downloaded from central: https://repo.maven.apache.org/maven2/org/apache/maven/maven-repository-metadata/2.0.6/maven-repository-metadata-2.0.6.jar (24 kB at 345 kB/s)
[dd0f5d59-1290-409f-b73f-dced5b4ae23c/build]   | [INFO] Downloaded from central: https://repo.maven.apache.org/maven2/org/apache/maven/maven-error-diagnostics/2.0.6/maven-error-diagnostics-2.0.6.jar (14 kB at 192 kB/s)
[dd0f5d59-1290-409f-b73f-dced5b4ae23c/build]   | [INFO] Downloading from central: https://repo.maven.apache.org/maven2/classworlds/classworlds/1.1/classworlds-1.1.jar
[dd0f5d59-1290-409f-b73f-dced5b4ae23c/build]   | [INFO] Downloading from central: https://repo.maven.apache.org/maven2/org/apache/maven/maven-artifact/2.0.6/maven-artifact-2.0.6.jar
[dd0f5d59-1290-409f-b73f-dced5b4ae23c/build]   | [INFO] Downloaded from central: https://repo.maven.apache.org/maven2/org/codehaus/plexus/plexus-interactivity-api/1.0-alpha-4/plexus-interactivity-api-1.0-alpha-4.jar (13 kB at 172 kB/s)
[dd0f5d59-1290-409f-b73f-dced5b4ae23c/build]   | [INFO] Downloading from central: https://repo.maven.apache.org/maven2/org/apache/maven/maven-settings/2.0.6/maven-settings-2.0.6.jar
[dd0f5d59-1290-409f-b73f-dced5b4ae23c/build]   | [INFO] Downloaded from central: https://repo.maven.apache.org/maven2/org/apache/maven/maven-plugin-descriptor/2.0.6/maven-plugin-descriptor-2.0.6.jar (37 kB at 461 kB/s)
[dd0f5d59-1290-409f-b73f-dced5b4ae23c/build]   | [INFO] Downloading from central: https://repo.maven.apache.org/maven2/org/apache/maven/maven-model/2.0.6/maven-model-2.0.6.jar
[dd0f5d59-1290-409f-b73f-dced5b4ae23c/build]   | [INFO] Downloaded from central: https://repo.maven.apache.org/maven2/commons-cli/commons-cli/1.0/commons-cli-1.0.jar (30 kB at 372 kB/s)
[dd0f5d59-1290-409f-b73f-dced5b4ae23c/build]   | [INFO] Downloading from central: https://repo.maven.apache.org/maven2/org/apache/maven/maven-monitor/2.0.6/maven-monitor-2.0.6.jar
[dd0f5d59-1290-409f-b73f-dced5b4ae23c/build]   | [INFO] Downloaded from central: https://repo.maven.apache.org/maven2/classworlds/classworlds/1.1/classworlds-1.1.jar (38 kB at 386 kB/s)
[dd0f5d59-1290-409f-b73f-dced5b4ae23c/build]   | [INFO] Downloading from central: https://repo.maven.apache.org/maven2/org/codehaus/plexus/plexus-container-default/1.0-alpha-9-stable-1/plexus-container-default-1.0-alpha-9-stable-1.jar
[dd0f5d59-1290-409f-b73f-dced5b4ae23c/build]   | [INFO] Downloaded from central: https://repo.maven.apache.org/maven2/org/apache/maven/maven-monitor/2.0.6/maven-monitor-2.0.6.jar (10 kB at 101 kB/s)
[dd0f5d59-1290-409f-b73f-dced5b4ae23c/build]   | [INFO] Downloading from central: https://repo.maven.apache.org/maven2/junit/junit/3.8.1/junit-3.8.1.jar
[dd0f5d59-1290-409f-b73f-dced5b4ae23c/build]   | [INFO] Downloaded from central: https://repo.maven.apache.org/maven2/org/apache/maven/maven-model/2.0.6/maven-model-2.0.6.jar (86 kB at 831 kB/s)
[dd0f5d59-1290-409f-b73f-dced5b4ae23c/build]   | [INFO] Downloading from central: https://repo.maven.apache.org/maven2/org/codehaus/plexus/plexus-utils/2.0.5/plexus-utils-2.0.5.jar
[dd0f5d59-1290-409f-b73f-dced5b4ae23c/build]   | [INFO] Downloaded from central: https://repo.maven.apache.org/maven2/org/apache/maven/maven-settings/2.0.6/maven-settings-2.0.6.jar (49 kB at 468 kB/s)
[dd0f5d59-1290-409f-b73f-dced5b4ae23c/build]   | [INFO] Downloading from central: https://repo.maven.apache.org/maven2/org/apache/maven/shared/maven-filtering/1.1/maven-filtering-1.1.jar
[dd0f5d59-1290-409f-b73f-dced5b4ae23c/build]   | [INFO] Downloaded from central: https://repo.maven.apache.org/maven2/org/apache/maven/maven-artifact/2.0.6/maven-artifact-2.0.6.jar (87 kB at 816 kB/s)
[dd0f5d59-1290-409f-b73f-dced5b4ae23c/build]   | [INFO] Downloading from central: https://repo.maven.apache.org/maven2/org/sonatype/plexus/plexus-build-api/0.0.4/plexus-build-api-0.0.4.jar
[dd0f5d59-1290-409f-b73f-dced5b4ae23c/build]   | [INFO] Downloaded from central: https://repo.maven.apache.org/maven2/org/sonatype/plexus/plexus-build-api/0.0.4/plexus-build-api-0.0.4.jar (6.8 kB at 53 kB/s)
[dd0f5d59-1290-409f-b73f-dced5b4ae23c/build]   | [INFO] Downloading from central: https://repo.maven.apache.org/maven2/org/codehaus/plexus/plexus-interpolation/1.13/plexus-interpolation-1.13.jar
[dd0f5d59-1290-409f-b73f-dced5b4ae23c/build]   | [INFO] Downloaded from central: https://repo.maven.apache.org/maven2/org/apache/maven/shared/maven-filtering/1.1/maven-filtering-1.1.jar (43 kB at 332 kB/s)
[dd0f5d59-1290-409f-b73f-dced5b4ae23c/build]   | [INFO] Downloaded from central: https://repo.maven.apache.org/maven2/junit/junit/3.8.1/junit-3.8.1.jar (121 kB at 692 kB/s)
[dd0f5d59-1290-409f-b73f-dced5b4ae23c/build]   | [INFO] Downloaded from central: https://repo.maven.apache.org/maven2/org/codehaus/plexus/plexus-interpolation/1.13/plexus-interpolation-1.13.jar (61 kB at 325 kB/s)
[dd0f5d59-1290-409f-b73f-dced5b4ae23c/build]   | [INFO] Downloaded from central: https://repo.maven.apache.org/maven2/org/codehaus/plexus/plexus-utils/2.0.5/plexus-utils-2.0.5.jar (223 kB at 1.2 MB/s)
[dd0f5d59-1290-409f-b73f-dced5b4ae23c/build]   | [INFO] Downloaded from central: https://repo.maven.apache.org/maven2/org/codehaus/plexus/plexus-container-default/1.0-alpha-9-stable-1/plexus-container-default-1.0-alpha-9-stable-1.jar (194 kB at 971 kB/s)
[dd0f5d59-1290-409f-b73f-dced5b4ae23c/build]   | [INFO] Using 'UTF-8' encoding to copy filtered resources.
[dd0f5d59-1290-409f-b73f-dced5b4ae23c/build]   | [INFO] skip non existing resourceDirectory /tmp/15a1b9d4-edb6-40f8-99d6-c205bed039ce/src/main/resources
[dd0f5d59-1290-409f-b73f-dced5b4ae23c/build]   | [INFO] 
[dd0f5d59-1290-409f-b73f-dced5b4ae23c/build]   | [INFO] --- maven-compiler-plugin:3.10.1:compile (default-compile) @ Java ---
[dd0f5d59-1290-409f-b73f-dced5b4ae23c/build]   | [INFO] Downloading from central: https://repo.maven.apache.org/maven2/org/apache/maven/shared/maven-shared-utils/3.3.4/maven-shared-utils-3.3.4.pom
[dd0f5d59-1290-409f-b73f-dced5b4ae23c/build]   | [INFO] Downloaded from central: https://repo.maven.apache.org/maven2/org/apache/maven/shared/maven-shared-utils/3.3.4/maven-shared-utils-3.3.4.pom (5.8 kB at 216 kB/s)
[dd0f5d59-1290-409f-b73f-dced5b4ae23c/build]   | [INFO] Downloading from central: https://repo.maven.apache.org/maven2/org/apache/maven/shared/maven-shared-components/34/maven-shared-components-34.pom
[dd0f5d59-1290-409f-b73f-dced5b4ae23c/build]   | [INFO] Downloaded from central: https://repo.maven.apache.org/maven2/org/apache/maven/shared/maven-shared-components/34/maven-shared-components-34.pom (5.1 kB at 212 kB/s)
[dd0f5d59-1290-409f-b73f-dced5b4ae23c/build]   | [INFO] Downloading from central: https://repo.maven.apache.org/maven2/commons-io/commons-io/2.6/commons-io-2.6.pom
[dd0f5d59-1290-409f-b73f-dced5b4ae23c/build]   | [INFO] Downloaded from central: https://repo.maven.apache.org/maven2/commons-io/commons-io/2.6/commons-io-2.6.pom (14 kB at 446 kB/s)
[dd0f5d59-1290-409f-b73f-dced5b4ae23c/build]   | [INFO] Downloading from central: https://repo.maven.apache.org/maven2/org/apache/commons/commons-parent/42/commons-parent-42.pom
[dd0f5d59-1290-409f-b73f-dced5b4ae23c/build]   | [INFO] Downloaded from central: https://repo.maven.apache.org/maven2/org/apache/commons/commons-parent/42/commons-parent-42.pom (68 kB at 1.8 MB/s)
[dd0f5d59-1290-409f-b73f-dced5b4ae23c/build]   | [INFO] Downloading from central: https://repo.maven.apache.org/maven2/org/apache/apache/18/apache-18.pom
[dd0f5d59-1290-409f-b73f-dced5b4ae23c/build]   | [INFO] Downloaded from central: https://repo.maven.apache.org/maven2/org/apache/apache/18/apache-18.pom (16 kB at 475 kB/s)
[dd0f5d59-1290-409f-b73f-dced5b4ae23c/build]   | [INFO] Downloading from central: https://repo.maven.apache.org/maven2/org/apache/maven/shared/maven-shared-incremental/1.1/maven-shared-incremental-1.1.pom
[dd0f5d59-1290-409f-b73f-dced5b4ae23c/build]   | [INFO] Downloaded from central: https://repo.maven.apache.org/maven2/org/apache/maven/shared/maven-shared-incremental/1.1/maven-shared-incremental-1.1.pom (4.7 kB at 198 kB/s)
[dd0f5d59-1290-409f-b73f-dced5b4ae23c/build]   | [INFO] Downloading from central: https://repo.maven.apache.org/maven2/org/apache/maven/shared/maven-shared-components/19/maven-shared-components-19.pom
[dd0f5d59-1290-409f-b73f-dced5b4ae23c/build]   | [INFO] Downloaded from central: https://repo.maven.apache.org/maven2/org/apache/maven/shared/maven-shared-components/19/maven-shared-components-19.pom (6.4 kB at 265 kB/s)
[dd0f5d59-1290-409f-b73f-dced5b4ae23c/build]   | [INFO] Downloading from central: https://repo.maven.apache.org/maven2/org/apache/maven/maven-parent/23/maven-parent-23.pom
[dd0f5d59-1290-409f-b73f-dced5b4ae23c/build]   | [INFO] Downloaded from central: https://repo.maven.apache.org/maven2/org/apache/maven/maven-parent/23/maven-parent-23.pom (33 kB at 423 kB/s)
[dd0f5d59-1290-409f-b73f-dced5b4ae23c/build]   | [INFO] Downloading from central: https://repo.maven.apache.org/maven2/org/apache/apache/13/apache-13.pom
[dd0f5d59-1290-409f-b73f-dced5b4ae23c/build]   | [INFO] Downloaded from central: https://repo.maven.apache.org/maven2/org/apache/apache/13/apache-13.pom (14 kB at 297 kB/s)
[dd0f5d59-1290-409f-b73f-dced5b4ae23c/build]   | [INFO] Downloading from central: https://repo.maven.apache.org/maven2/org/codehaus/plexus/plexus-component-annotations/2.0.0/plexus-component-annotations-2.0.0.pom
[dd0f5d59-1290-409f-b73f-dced5b4ae23c/build]   | [INFO] Downloaded from central: https://repo.maven.apache.org/maven2/org/codehaus/plexus/plexus-component-annotations/2.0.0/plexus-component-annotations-2.0.0.pom (750 B at 16 kB/s)
[dd0f5d59-1290-409f-b73f-dced5b4ae23c/build]   | [INFO] Downloading from central: https://repo.maven.apache.org/maven2/org/codehaus/plexus/plexus-containers/2.0.0/plexus-containers-2.0.0.pom
[dd0f5d59-1290-409f-b73f-dced5b4ae23c/build]   | [INFO] Downloaded from central: https://repo.maven.apache.org/maven2/org/codehaus/plexus/plexus-containers/2.0.0/plexus-containers-2.0.0.pom (4.8 kB at 192 kB/s)
[dd0f5d59-1290-409f-b73f-dced5b4ae23c/build]   | [INFO] Downloading from central: https://repo.maven.apache.org/maven2/org/codehaus/plexus/plexus/5.1/plexus-5.1.pom
[dd0f5d59-1290-409f-b73f-dced5b4ae23c/build]   | [INFO] Downloaded from central: https://repo.maven.apache.org/maven2/org/codehaus/plexus/plexus/5.1/plexus-5.1.pom (23 kB at 938 kB/s)
[dd0f5d59-1290-409f-b73f-dced5b4ae23c/build]   | [INFO] Downloading from central: https://repo.maven.apache.org/maven2/org/codehaus/plexus/plexus-java/1.1.1/plexus-java-1.1.1.pom
[dd0f5d59-1290-409f-b73f-dced5b4ae23c/build]   | [INFO] Downloaded from central: https://repo.maven.apache.org/maven2/org/codehaus/plexus/plexus-java/1.1.1/plexus-java-1.1.1.pom (5.0 kB at 207 kB/s)
[dd0f5d59-1290-409f-b73f-dced5b4ae23c/build]   | [INFO] Downloading from central: https://repo.maven.apache.org/maven2/org/codehaus/plexus/plexus-languages/1.1.1/plexus-languages-1.1.1.pom
[dd0f5d59-1290-409f-b73f-dced5b4ae23c/build]   | [INFO] Downloaded from central: https://repo.maven.apache.org/maven2/org/codehaus/plexus/plexus-languages/1.1.1/plexus-languages-1.1.1.pom (4.6 kB at 201 kB/s)
[dd0f5d59-1290-409f-b73f-dced5b4ae23c/build]   | [INFO] Downloading from central: https://repo.maven.apache.org/maven2/org/codehaus/plexus/plexus/8/plexus-8.pom
[dd0f5d59-1290-409f-b73f-dced5b4ae23c/build]   | [INFO] Downloaded from central: https://repo.maven.apache.org/maven2/org/codehaus/plexus/plexus/8/plexus-8.pom (25 kB at 1.0 MB/s)
[dd0f5d59-1290-409f-b73f-dced5b4ae23c/build]   | [INFO] Downloading from central: https://repo.maven.apache.org/maven2/org/ow2/asm/asm/9.2/asm-9.2.pom
[dd0f5d59-1290-409f-b73f-dced5b4ae23c/build]   | [INFO] Downloaded from central: https://repo.maven.apache.org/maven2/org/ow2/asm/asm/9.2/asm-9.2.pom (2.4 kB at 113 kB/s)
[dd0f5d59-1290-409f-b73f-dced5b4ae23c/build]   | [INFO] Downloading from central: https://repo.maven.apache.org/maven2/org/ow2/ow2/1.5/ow2-1.5.pom
[dd0f5d59-1290-409f-b73f-dced5b4ae23c/build]   | [INFO] Downloaded from central: https://repo.maven.apache.org/maven2/org/ow2/ow2/1.5/ow2-1.5.pom (11 kB at 488 kB/s)
[dd0f5d59-1290-409f-b73f-dced5b4ae23c/build]   | [INFO] Downloading from central: https://repo.maven.apache.org/maven2/com/thoughtworks/qdox/qdox/2.0.1/qdox-2.0.1.pom
[dd0f5d59-1290-409f-b73f-dced5b4ae23c/build]   | [INFO] Downloaded from central: https://repo.maven.apache.org/maven2/com/thoughtworks/qdox/qdox/2.0.1/qdox-2.0.1.pom (16 kB at 641 kB/s)
[dd0f5d59-1290-409f-b73f-dced5b4ae23c/build]   | [INFO] Downloading from central: https://repo.maven.apache.org/maven2/org/sonatype/oss/oss-parent/9/oss-parent-9.pom
[dd0f5d59-1290-409f-b73f-dced5b4ae23c/build]   | [INFO] Downloaded from central: https://repo.maven.apache.org/maven2/org/sonatype/oss/oss-parent/9/oss-parent-9.pom (6.6 kB at 274 kB/s)
[dd0f5d59-1290-409f-b73f-dced5b4ae23c/build]   | [INFO] Downloading from central: https://repo.maven.apache.org/maven2/org/codehaus/plexus/plexus-compiler-api/2.11.1/plexus-compiler-api-2.11.1.pom
[dd0f5d59-1290-409f-b73f-dced5b4ae23c/build]   | [INFO] Downloaded from central: https://repo.maven.apache.org/maven2/org/codehaus/plexus/plexus-compiler-api/2.11.1/plexus-compiler-api-2.11.1.pom (1.1 kB at 48 kB/s)
[dd0f5d59-1290-409f-b73f-dced5b4ae23c/build]   | [INFO] Downloading from central: https://repo.maven.apache.org/maven2/org/codehaus/plexus/plexus-compiler/2.11.1/plexus-compiler-2.11.1.pom
[dd0f5d59-1290-409f-b73f-dced5b4ae23c/build]   | [INFO] Downloaded from central: https://repo.maven.apache.org/maven2/org/codehaus/plexus/plexus-compiler/2.11.1/plexus-compiler-2.11.1.pom (8.1 kB at 387 kB/s)
[dd0f5d59-1290-409f-b73f-dced5b4ae23c/build]   | [INFO] Downloading from central: https://repo.maven.apache.org/maven2/org/codehaus/plexus/plexus-components/6.6/plexus-components-6.6.pom
[dd0f5d59-1290-409f-b73f-dced5b4ae23c/build]   | [INFO] Downloaded from central: https://repo.maven.apache.org/maven2/org/codehaus/plexus/plexus-components/6.6/plexus-components-6.6.pom (2.7 kB at 127 kB/s)
[dd0f5d59-1290-409f-b73f-dced5b4ae23c/build]   | [INFO] Downloading from central: https://repo.maven.apache.org/maven2/org/codehaus/plexus/plexus-utils/3.4.1/plexus-utils-3.4.1.pom
[dd0f5d59-1290-409f-b73f-dced5b4ae23c/build]   | [INFO] Downloaded from central: https://repo.maven.apache.org/maven2/org/codehaus/plexus/plexus-utils/3.4.1/plexus-utils-3.4.1.pom (8.0 kB at 379 kB/s)
[dd0f5d59-1290-409f-b73f-dced5b4ae23c/build]   | [INFO] Downloading from central: https://repo.maven.apache.org/maven2/org/codehaus/plexus/plexus-compiler-manager/2.11.1/plexus-compiler-manager-2.11.1.pom
[dd0f5d59-1290-409f-b73f-dced5b4ae23c/build]   | [INFO] Downloaded from central: https://repo.maven.apache.org/maven2/org/codehaus/plexus/plexus-compiler-manager/2.11.1/plexus-compiler-manager-2.11.1.pom (1.1 kB at 54 kB/s)
[dd0f5d59-1290-409f-b73f-dced5b4ae23c/build]   | [INFO] Downloading from central: https://repo.maven.apache.org/maven2/org/codehaus/plexus/plexus-compiler-javac/2.11.1/plexus-compiler-javac-2.11.1.pom
[dd0f5d59-1290-409f-b73f-dced5b4ae23c/build]   | [INFO] Downloaded from central: https://repo.maven.apache.org/maven2/org/codehaus/plexus/plexus-compiler-javac/2.11.1/plexus-compiler-javac-2.11.1.pom (1.2 kB at 55 kB/s)
[dd0f5d59-1290-409f-b73f-dced5b4ae23c/build]   | [INFO] Downloading from central: https://repo.maven.apache.org/maven2/org/codehaus/plexus/plexus-compilers/2.11.1/plexus-compilers-2.11.1.pom
[dd0f5d59-1290-409f-b73f-dced5b4ae23c/build]   | [INFO] Downloaded from central: https://repo.maven.apache.org/maven2/org/codehaus/plexus/plexus-compilers/2.11.1/plexus-compilers-2.11.1.pom (1.3 kB at 60 kB/s)
[dd0f5d59-1290-409f-b73f-dced5b4ae23c/build]   | [INFO] Downloading from central: https://repo.maven.apache.org/maven2/org/apache/maven/shared/maven-shared-utils/3.3.4/maven-shared-utils-3.3.4.jar
[dd0f5d59-1290-409f-b73f-dced5b4ae23c/build]   | [INFO] Downloading from central: https://repo.maven.apache.org/maven2/commons-io/commons-io/2.6/commons-io-2.6.jar
[dd0f5d59-1290-409f-b73f-dced5b4ae23c/build]   | [INFO] Downloading from central: https://repo.maven.apache.org/maven2/org/apache/maven/shared/maven-shared-incremental/1.1/maven-shared-incremental-1.1.jar
[dd0f5d59-1290-409f-b73f-dced5b4ae23c/build]   | [INFO] Downloading from central: https://repo.maven.apache.org/maven2/org/codehaus/plexus/plexus-component-annotations/2.0.0/plexus-component-annotations-2.0.0.jar
[dd0f5d59-1290-409f-b73f-dced5b4ae23c/build]   | [INFO] Downloading from central: https://repo.maven.apache.org/maven2/org/codehaus/plexus/plexus-java/1.1.1/plexus-java-1.1.1.jar
[dd0f5d59-1290-409f-b73f-dced5b4ae23c/build]   | [INFO] Downloaded from central: https://repo.maven.apache.org/maven2/org/codehaus/plexus/plexus-component-annotations/2.0.0/plexus-component-annotations-2.0.0.jar (4.2 kB at 184 kB/s)
[dd0f5d59-1290-409f-b73f-dced5b4ae23c/build]   | [INFO] Downloading from central: https://repo.maven.apache.org/maven2/org/ow2/asm/asm/9.2/asm-9.2.jar
[dd0f5d59-1290-409f-b73f-dced5b4ae23c/build]   | [INFO] Downloaded from central: https://repo.maven.apache.org/maven2/org/codehaus/plexus/plexus-java/1.1.1/plexus-java-1.1.1.jar (54 kB at 2.0 MB/s)
[dd0f5d59-1290-409f-b73f-dced5b4ae23c/build]   | [INFO] Downloading from central: https://repo.maven.apache.org/maven2/com/thoughtworks/qdox/qdox/2.0.1/qdox-2.0.1.jar
[dd0f5d59-1290-409f-b73f-dced5b4ae23c/build]   | [INFO] Downloaded from central: https://repo.maven.apache.org/maven2/org/apache/maven/shared/maven-shared-incremental/1.1/maven-shared-incremental-1.1.jar (14 kB at 501 kB/s)
[dd0f5d59-1290-409f-b73f-dced5b4ae23c/build]   | [INFO] Downloading from central: https://repo.maven.apache.org/maven2/org/codehaus/plexus/plexus-compiler-api/2.11.1/plexus-compiler-api-2.11.1.jar
[dd0f5d59-1290-409f-b73f-dced5b4ae23c/build]   | [INFO] Downloaded from central: https://repo.maven.apache.org/maven2/org/apache/maven/shared/maven-shared-utils/3.3.4/maven-shared-utils-3.3.4.jar (153 kB at 3.1 MB/s)
[dd0f5d59-1290-409f-b73f-dced5b4ae23c/build]   | [INFO] Downloading from central: https://repo.maven.apache.org/maven2/org/codehaus/plexus/plexus-utils/3.4.1/plexus-utils-3.4.1.jar
[dd0f5d59-1290-409f-b73f-dced5b4ae23c/build]   | [INFO] Downloaded from central: https://repo.maven.apache.org/maven2/org/codehaus/plexus/plexus-compiler-api/2.11.1/plexus-compiler-api-2.11.1.jar (27 kB at 539 kB/s)
[dd0f5d59-1290-409f-b73f-dced5b4ae23c/build]   | [INFO] Downloading from central: https://repo.maven.apache.org/maven2/org/codehaus/plexus/plexus-compiler-manager/2.11.1/plexus-compiler-manager-2.11.1.jar
[dd0f5d59-1290-409f-b73f-dced5b4ae23c/build]   | [INFO] Downloaded from central: https://repo.maven.apache.org/maven2/org/ow2/asm/asm/9.2/asm-9.2.jar (122 kB at 2.0 MB/s)
[dd0f5d59-1290-409f-b73f-dced5b4ae23c/build]   | [INFO] Downloading from central: https://repo.maven.apache.org/maven2/org/codehaus/plexus/plexus-compiler-javac/2.11.1/plexus-compiler-javac-2.11.1.jar
[dd0f5d59-1290-409f-b73f-dced5b4ae23c/build]   | [INFO] Downloaded from central: https://repo.maven.apache.org/maven2/org/codehaus/plexus/plexus-compiler-manager/2.11.1/plexus-compiler-manager-2.11.1.jar (4.7 kB at 65 kB/s)
[dd0f5d59-1290-409f-b73f-dced5b4ae23c/build]   | [INFO] Downloaded from central: https://repo.maven.apache.org/maven2/commons-io/commons-io/2.6/commons-io-2.6.jar (215 kB at 2.4 MB/s)
[dd0f5d59-1290-409f-b73f-dced5b4ae23c/build]   | [INFO] Downloaded from central: https://repo.maven.apache.org/maven2/org/codehaus/plexus/plexus-compiler-javac/2.11.1/plexus-compiler-javac-2.11.1.jar (23 kB at 254 kB/s)
[dd0f5d59-1290-409f-b73f-dced5b4ae23c/build]   | [INFO] Downloaded from central: https://repo.maven.apache.org/maven2/org/codehaus/plexus/plexus-utils/3.4.1/plexus-utils-3.4.1.jar (264 kB at 2.5 MB/s)
[dd0f5d59-1290-409f-b73f-dced5b4ae23c/build]   | [INFO] Downloaded from central: https://repo.maven.apache.org/maven2/com/thoughtworks/qdox/qdox/2.0.1/qdox-2.0.1.jar (334 kB at 2.8 MB/s)
[dd0f5d59-1290-409f-b73f-dced5b4ae23c/build]   | [INFO] Changes detected - recompiling the module!
[dd0f5d59-1290-409f-b73f-dced5b4ae23c/build]   | [INFO] Compiling 469 source files to /tmp/15a1b9d4-edb6-40f8-99d6-c205bed039ce/target/classes
[dd0f5d59-1290-409f-b73f-dced5b4ae23c/build]   | [INFO] /tmp/15a1b9d4-edb6-40f8-99d6-c205bed039ce/src/main/java/com/thealgorithms/backtracking/Combination.java: Some input files use unchecked or unsafe operations.
[dd0f5d59-1290-409f-b73f-dced5b4ae23c/build]   | [INFO] /tmp/15a1b9d4-edb6-40f8-99d6-c205bed039ce/src/main/java/com/thealgorithms/backtracking/Combination.java: Recompile with -Xlint:unchecked for details.
[dd0f5d59-1290-409f-b73f-dced5b4ae23c/build]   | [INFO] 
[dd0f5d59-1290-409f-b73f-dced5b4ae23c/build]   | [INFO] --- maven-resources-plugin:2.6:testResources (default-testResources) @ Java ---
[dd0f5d59-1290-409f-b73f-dced5b4ae23c/build]   | [INFO] Using 'UTF-8' encoding to copy filtered resources.
[dd0f5d59-1290-409f-b73f-dced5b4ae23c/build]   | [INFO] skip non existing resourceDirectory /tmp/15a1b9d4-edb6-40f8-99d6-c205bed039ce/src/test/resources
[dd0f5d59-1290-409f-b73f-dced5b4ae23c/build]   | [INFO] 
[dd0f5d59-1290-409f-b73f-dced5b4ae23c/build]   | [INFO] --- maven-compiler-plugin:3.10.1:testCompile (default-testCompile) @ Java ---
[dd0f5d59-1290-409f-b73f-dced5b4ae23c/build]   | [INFO] Changes detected - recompiling the module!
[dd0f5d59-1290-409f-b73f-dced5b4ae23c/build]   | [INFO] Compiling 234 source files to /tmp/15a1b9d4-edb6-40f8-99d6-c205bed039ce/target/test-classes
[dd0f5d59-1290-409f-b73f-dced5b4ae23c/build]   | [INFO] 
[dd0f5d59-1290-409f-b73f-dced5b4ae23c/build]   | [INFO] --- maven-surefire-plugin:2.22.2:test (default-test) @ Java ---
[dd0f5d59-1290-409f-b73f-dced5b4ae23c/build]   | [INFO] Downloading from central: https://repo.maven.apache.org/maven2/org/apache/maven/surefire/maven-surefire-common/2.22.2/maven-surefire-common-2.22.2.pom
[dd0f5d59-1290-409f-b73f-dced5b4ae23c/build]   | [INFO] Downloaded from central: https://repo.maven.apache.org/maven2/org/apache/maven/surefire/maven-surefire-common/2.22.2/maven-surefire-common-2.22.2.pom (11 kB at 458 kB/s)
[dd0f5d59-1290-409f-b73f-dced5b4ae23c/build]   | [INFO] Downloading from central: https://repo.maven.apache.org/maven2/org/apache/maven/maven-plugin-api/2.2.1/maven-plugin-api-2.2.1.pom
[dd0f5d59-1290-409f-b73f-dced5b4ae23c/build]   | [INFO] Downloaded from central: https://repo.maven.apache.org/maven2/org/apache/maven/maven-plugin-api/2.2.1/maven-plugin-api-2.2.1.pom (1.5 kB at 73 kB/s)
[dd0f5d59-1290-409f-b73f-dced5b4ae23c/build]   | [INFO] Downloading from central: https://repo.maven.apache.org/maven2/org/apache/maven/maven/2.2.1/maven-2.2.1.pom
[dd0f5d59-1290-409f-b73f-dced5b4ae23c/build]   | [INFO] Downloaded from central: https://repo.maven.apache.org/maven2/org/apache/maven/maven/2.2.1/maven-2.2.1.pom (22 kB at 723 kB/s)
[dd0f5d59-1290-409f-b73f-dced5b4ae23c/build]   | [INFO] Downloading from central: https://repo.maven.apache.org/maven2/org/apache/maven/maven-parent/11/maven-parent-11.pom
[dd0f5d59-1290-409f-b73f-dced5b4ae23c/build]   | [INFO] Downloaded from central: https://repo.maven.apache.org/maven2/org/apache/maven/maven-parent/11/maven-parent-11.pom (32 kB at 900 kB/s)
[dd0f5d59-1290-409f-b73f-dced5b4ae23c/build]   | [INFO] Downloading from central: https://repo.maven.apache.org/maven2/org/apache/apache/5/apache-5.pom
[dd0f5d59-1290-409f-b73f-dced5b4ae23c/build]   | [INFO] Downloaded from central: https://repo.maven.apache.org/maven2/org/apache/apache/5/apache-5.pom (4.1 kB at 205 kB/s)
[dd0f5d59-1290-409f-b73f-dced5b4ae23c/build]   | [INFO] Downloading from central: https://repo.maven.apache.org/maven2/org/apache/maven/plugin-tools/maven-plugin-annotations/3.5.2/maven-plugin-annotations-3.5.2.pom
[dd0f5d59-1290-409f-b73f-dced5b4ae23c/build]   | [INFO] Downloaded from central: https://repo.maven.apache.org/maven2/org/apache/maven/plugin-tools/maven-plugin-annotations/3.5.2/maven-plugin-annotations-3.5.2.pom (1.6 kB at 82 kB/s)
[dd0f5d59-1290-409f-b73f-dced5b4ae23c/build]   | [INFO] Downloading from central: https://repo.maven.apache.org/maven2/org/apache/maven/plugin-tools/maven-plugin-tools/3.5.2/maven-plugin-tools-3.5.2.pom
[dd0f5d59-1290-409f-b73f-dced5b4ae23c/build]   | [INFO] Downloaded from central: https://repo.maven.apache.org/maven2/org/apache/maven/plugin-tools/maven-plugin-tools/3.5.2/maven-plugin-tools-3.5.2.pom (15 kB at 615 kB/s)
[dd0f5d59-1290-409f-b73f-dced5b4ae23c/build]   | [INFO] Downloading from central: https://repo.maven.apache.org/maven2/org/apache/maven/maven-parent/31/maven-parent-31.pom
[dd0f5d59-1290-409f-b73f-dced5b4ae23c/build]   | [INFO] Downloaded from central: https://repo.maven.apache.org/maven2/org/apache/maven/maven-parent/31/maven-parent-31.pom (43 kB at 1.2 MB/s)
[dd0f5d59-1290-409f-b73f-dced5b4ae23c/build]   | [INFO] Downloading from central: https://repo.maven.apache.org/maven2/org/apache/apache/19/apache-19.pom
[dd0f5d59-1290-409f-b73f-dced5b4ae23c/build]   | [INFO] Downloaded from central: https://repo.maven.apache.org/maven2/org/apache/apache/19/apache-19.pom (15 kB at 596 kB/s)
[dd0f5d59-1290-409f-b73f-dced5b4ae23c/build]   | [INFO] Downloading from central: https://repo.maven.apache.org/maven2/org/apache/maven/maven-artifact/2.2.1/maven-artifact-2.2.1.pom
[dd0f5d59-1290-409f-b73f-dced5b4ae23c/build]   | [INFO] Downloaded from central: https://repo.maven.apache.org/maven2/org/apache/maven/maven-artifact/2.2.1/maven-artifact-2.2.1.pom (1.6 kB at 27 kB/s)
[dd0f5d59-1290-409f-b73f-dced5b4ae23c/build]   | [INFO] Downloading from central: https://repo.maven.apache.org/maven2/org/apache/maven/surefire/surefire-api/2.22.2/surefire-api-2.22.2.pom
[dd0f5d59-1290-409f-b73f-dced5b4ae23c/build]   | [INFO] Downloaded from central: https://repo.maven.apache.org/maven2/org/apache/maven/surefire/surefire-api/2.22.2/surefire-api-2.22.2.pom (3.5 kB at 68 kB/s)
[dd0f5d59-1290-409f-b73f-dced5b4ae23c/build]   | [INFO] Downloading from central: https://repo.maven.apache.org/maven2/org/apache/maven/surefire/surefire-logger-api/2.22.2/surefire-logger-api-2.22.2.pom
[dd0f5d59-1290-409f-b73f-dced5b4ae23c/build]   | [INFO] Downloaded from central: https://repo.maven.apache.org/maven2/org/apache/maven/surefire/surefire-logger-api/2.22.2/surefire-logger-api-2.22.2.pom (2.0 kB at 34 kB/s)
[dd0f5d59-1290-409f-b73f-dced5b4ae23c/build]   | [INFO] Downloading from central: https://repo.maven.apache.org/maven2/org/apache/maven/surefire/surefire-booter/2.22.2/surefire-booter-2.22.2.pom
[dd0f5d59-1290-409f-b73f-dced5b4ae23c/build]   | [INFO] Downloaded from central: https://repo.maven.apache.org/maven2/org/apache/maven/surefire/surefire-booter/2.22.2/surefire-booter-2.22.2.pom (7.5 kB at 141 kB/s)
[dd0f5d59-1290-409f-b73f-dced5b4ae23c/build]   | [INFO] Downloading from central: https://repo.maven.apache.org/maven2/org/apache/maven/maven-plugin-descriptor/2.2.1/maven-plugin-descriptor-2.2.1.pom
[dd0f5d59-1290-409f-b73f-dced5b4ae23c/build]   | [INFO] Downloaded from central: https://repo.maven.apache.org/maven2/org/apache/maven/maven-plugin-descriptor/2.2.1/maven-plugin-descriptor-2.2.1.pom (2.1 kB at 44 kB/s)
[dd0f5d59-1290-409f-b73f-dced5b4ae23c/build]   | [INFO] Downloading from central: https://repo.maven.apache.org/maven2/junit/junit/4.12/junit-4.12.pom
[dd0f5d59-1290-409f-b73f-dced5b4ae23c/build]   | [INFO] Downloaded from central: https://repo.maven.apache.org/maven2/junit/junit/4.12/junit-4.12.pom (24 kB at 526 kB/s)
[dd0f5d59-1290-409f-b73f-dced5b4ae23c/build]   | [INFO] Downloading from central: https://repo.maven.apache.org/maven2/org/hamcrest/hamcrest-core/1.3/hamcrest-core-1.3.pom
[dd0f5d59-1290-409f-b73f-dced5b4ae23c/build]   | [INFO] Downloaded from central: https://repo.maven.apache.org/maven2/org/hamcrest/hamcrest-core/1.3/hamcrest-core-1.3.pom (766 B at 20 kB/s)
[dd0f5d59-1290-409f-b73f-dced5b4ae23c/build]   | [INFO] Downloading from central: https://repo.maven.apache.org/maven2/org/hamcrest/hamcrest-parent/1.3/hamcrest-parent-1.3.pom
[dd0f5d59-1290-409f-b73f-dced5b4ae23c/build]   | [INFO] Downloaded from central: https://repo.maven.apache.org/maven2/org/hamcrest/hamcrest-parent/1.3/hamcrest-parent-1.3.pom (2.0 kB at 53 kB/s)
[dd0f5d59-1290-409f-b73f-dced5b4ae23c/build]   | [INFO] Downloading from central: https://repo.maven.apache.org/maven2/org/apache/maven/maven-project/2.2.1/maven-project-2.2.1.pom
[dd0f5d59-1290-409f-b73f-dced5b4ae23c/build]   | [INFO] Downloaded from central: https://repo.maven.apache.org/maven2/org/apache/maven/maven-project/2.2.1/maven-project-2.2.1.pom (2.8 kB at 87 kB/s)
[dd0f5d59-1290-409f-b73f-dced5b4ae23c/build]   | [INFO] Downloading from central: https://repo.maven.apache.org/maven2/org/apache/maven/maven-settings/2.2.1/maven-settings-2.2.1.pom
[dd0f5d59-1290-409f-b73f-dced5b4ae23c/build]   | [INFO] Downloaded from central: https://repo.maven.apache.org/maven2/org/apache/maven/maven-settings/2.2.1/maven-settings-2.2.1.pom (2.2 kB at 95 kB/s)
[dd0f5d59-1290-409f-b73f-dced5b4ae23c/build]   | [INFO] Downloading from central: https://repo.maven.apache.org/maven2/org/apache/maven/maven-model/2.2.1/maven-model-2.2.1.pom
[dd0f5d59-1290-409f-b73f-dced5b4ae23c/build]   | [INFO] Downloaded from central: https://repo.maven.apache.org/maven2/org/apache/maven/maven-model/2.2.1/maven-model-2.2.1.pom (3.2 kB at 125 kB/s)
[dd0f5d59-1290-409f-b73f-dced5b4ae23c/build]   | [INFO] Downloading from central: https://repo.maven.apache.org/maven2/org/codehaus/plexus/plexus-interpolation/1.11/plexus-interpolation-1.11.pom
[dd0f5d59-1290-409f-b73f-dced5b4ae23c/build]   | [INFO] Downloaded from central: https://repo.maven.apache.org/maven2/org/codehaus/plexus/plexus-interpolation/1.11/plexus-interpolation-1.11.pom (889 B at 39 kB/s)
[dd0f5d59-1290-409f-b73f-dced5b4ae23c/build]   | [INFO] Downloading from central: https://repo.maven.apache.org/maven2/org/apache/maven/maven-profile/2.2.1/maven-profile-2.2.1.pom
[dd0f5d59-1290-409f-b73f-dced5b4ae23c/build]   | [INFO] Downloaded from central: https://repo.maven.apache.org/maven2/org/apache/maven/maven-profile/2.2.1/maven-profile-2.2.1.pom (2.2 kB at 72 kB/s)
[dd0f5d59-1290-409f-b73f-dced5b4ae23c/build]   | [INFO] Downloading from central: https://repo.maven.apache.org/maven2/org/apache/maven/maven-artifact-manager/2.2.1/maven-artifact-manager-2.2.1.pom
[dd0f5d59-1290-409f-b73f-dced5b4ae23c/build]   | [INFO] Downloaded from central: https://repo.maven.apache.org/maven2/org/apache/maven/maven-artifact-manager/2.2.1/maven-artifact-manager-2.2.1.pom (3.1 kB at 141 kB/s)
[dd0f5d59-1290-409f-b73f-dced5b4ae23c/build]   | [INFO] Downloading from central: https://repo.maven.apache.org/maven2/org/apache/maven/maven-repository-metadata/2.2.1/maven-repository-metadata-2.2.1.pom
[dd0f5d59-1290-409f-b73f-dced5b4ae23c/build]   | [INFO] Downloaded from central: https://repo.maven.apache.org/maven2/org/apache/maven/maven-repository-metadata/2.2.1/maven-repository-metadata-2.2.1.pom (1.9 kB at 26 kB/s)
[dd0f5d59-1290-409f-b73f-dced5b4ae23c/build]   | [INFO] Downloading from central: https://repo.maven.apache.org/maven2/backport-util-concurrent/backport-util-concurrent/3.1/backport-util-concurrent-3.1.pom
[dd0f5d59-1290-409f-b73f-dced5b4ae23c/build]   | [INFO] Downloaded from central: https://repo.maven.apache.org/maven2/backport-util-concurrent/backport-util-concurrent/3.1/backport-util-concurrent-3.1.pom (880 B at 14 kB/s)
[dd0f5d59-1290-409f-b73f-dced5b4ae23c/build]   | [INFO] Downloading from central: https://repo.maven.apache.org/maven2/org/apache/maven/maven-plugin-registry/2.2.1/maven-plugin-registry-2.2.1.pom
[dd0f5d59-1290-409f-b73f-dced5b4ae23c/build]   | [INFO] Downloaded from central: https://repo.maven.apache.org/maven2/org/apache/maven/maven-plugin-registry/2.2.1/maven-plugin-registry-2.2.1.pom (1.9 kB at 67 kB/s)
[dd0f5d59-1290-409f-b73f-dced5b4ae23c/build]   | [INFO] Downloading from central: https://repo.maven.apache.org/maven2/org/apache/maven/maven-core/2.2.1/maven-core-2.2.1.pom
[dd0f5d59-1290-409f-b73f-dced5b4ae23c/build]   | [INFO] Downloaded from central: https://repo.maven.apache.org/maven2/org/apache/maven/maven-core/2.2.1/maven-core-2.2.1.pom (12 kB at 164 kB/s)
[dd0f5d59-1290-409f-b73f-dced5b4ae23c/build]   | [INFO] Downloading from central: https://repo.maven.apache.org/maven2/org/apache/maven/maven-plugin-parameter-documenter/2.2.1/maven-plugin-parameter-documenter-2.2.1.pom
[dd0f5d59-1290-409f-b73f-dced5b4ae23c/build]   | [INFO] Downloaded from central: https://repo.maven.apache.org/maven2/org/apache/maven/maven-plugin-parameter-documenter/2.2.1/maven-plugin-parameter-documenter-2.2.1.pom (2.0 kB at 61 kB/s)
[dd0f5d59-1290-409f-b73f-dced5b4ae23c/build]   | [INFO] Downloading from central: https://repo.maven.apache.org/maven2/org/slf4j/slf4j-jdk14/1.5.6/slf4j-jdk14-1.5.6.pom
[dd0f5d59-1290-409f-b73f-dced5b4ae23c/build]   | [INFO] Downloaded from central: https://repo.maven.apache.org/maven2/org/slf4j/slf4j-jdk14/1.5.6/slf4j-jdk14-1.5.6.pom (1.9 kB at 63 kB/s)
[dd0f5d59-1290-409f-b73f-dced5b4ae23c/build]   | [INFO] Downloading from central: https://repo.maven.apache.org/maven2/org/slf4j/slf4j-parent/1.5.6/slf4j-parent-1.5.6.pom
[dd0f5d59-1290-409f-b73f-dced5b4ae23c/build]   | [INFO] Downloaded from central: https://repo.maven.apache.org/maven2/org/slf4j/slf4j-parent/1.5.6/slf4j-parent-1.5.6.pom (7.9 kB at 189 kB/s)
[dd0f5d59-1290-409f-b73f-dced5b4ae23c/build]   | [INFO] Downloading from central: https://repo.maven.apache.org/maven2/org/slf4j/slf4j-api/1.5.6/slf4j-api-1.5.6.pom
[dd0f5d59-1290-409f-b73f-dced5b4ae23c/build]   | [INFO] Downloaded from central: https://repo.maven.apache.org/maven2/org/slf4j/slf4j-api/1.5.6/slf4j-api-1.5.6.pom (3.0 kB at 96 kB/s)
[dd0f5d59-1290-409f-b73f-dced5b4ae23c/build]   | [INFO] Downloading from central: https://repo.maven.apache.org/maven2/org/slf4j/jcl-over-slf4j/1.5.6/jcl-over-slf4j-1.5.6.pom
[dd0f5d59-1290-409f-b73f-dced5b4ae23c/build]   | [INFO] Downloaded from central: https://repo.maven.apache.org/maven2/org/slf4j/jcl-over-slf4j/1.5.6/jcl-over-slf4j-1.5.6.pom (2.2 kB at 99 kB/s)
[dd0f5d59-1290-409f-b73f-dced5b4ae23c/build]   | [INFO] Downloading from central: https://repo.maven.apache.org/maven2/org/apache/maven/reporting/maven-reporting-api/3.0/maven-reporting-api-3.0.pom
[dd0f5d59-1290-409f-b73f-dced5b4ae23c/build]   | [INFO] Downloaded from central: https://repo.maven.apache.org/maven2/org/apache/maven/reporting/maven-reporting-api/3.0/maven-reporting-api-3.0.pom (2.4 kB at 91 kB/s)
[dd0f5d59-1290-409f-b73f-dced5b4ae23c/build]   | [INFO] Downloading from central: https://repo.maven.apache.org/maven2/org/apache/maven/shared/maven-shared-components/15/maven-shared-components-15.pom
[dd0f5d59-1290-409f-b73f-dced5b4ae23c/build]   | [INFO] Downloaded from central: https://repo.maven.apache.org/maven2/org/apache/maven/shared/maven-shared-components/15/maven-shared-components-15.pom (9.3 kB at 222 kB/s)
[dd0f5d59-1290-409f-b73f-dced5b4ae23c/build]   | [INFO] Downloading from central: https://repo.maven.apache.org/maven2/org/apache/maven/maven-parent/16/maven-parent-16.pom
[dd0f5d59-1290-409f-b73f-dced5b4ae23c/build]   | [INFO] Downloaded from central: https://repo.maven.apache.org/maven2/org/apache/maven/maven-parent/16/maven-parent-16.pom (23 kB at 684 kB/s)
[dd0f5d59-1290-409f-b73f-dced5b4ae23c/build]   | [INFO] Downloading from central: https://repo.maven.apache.org/maven2/org/apache/apache/7/apache-7.pom
[dd0f5d59-1290-409f-b73f-dced5b4ae23c/build]   | [INFO] Downloaded from central: https://repo.maven.apache.org/maven2/org/apache/apache/7/apache-7.pom (14 kB at 437 kB/s)
[dd0f5d59-1290-409f-b73f-dced5b4ae23c/build]   | [INFO] Downloading from central: https://repo.maven.apache.org/maven2/org/apache/maven/maven-error-diagnostics/2.2.1/maven-error-diagnostics-2.2.1.pom
[dd0f5d59-1290-409f-b73f-dced5b4ae23c/build]   | [INFO] Downloaded from central: https://repo.maven.apache.org/maven2/org/apache/maven/maven-error-diagnostics/2.2.1/maven-error-diagnostics-2.2.1.pom (1.7 kB at 81 kB/s)
[dd0f5d59-1290-409f-b73f-dced5b4ae23c/build]   | [INFO] Downloading from central: https://repo.maven.apache.org/maven2/org/apache/maven/maven-monitor/2.2.1/maven-monitor-2.2.1.pom
[dd0f5d59-1290-409f-b73f-dced5b4ae23c/build]   | [INFO] Downloaded from central: https://repo.maven.apache.org/maven2/org/apache/maven/maven-monitor/2.2.1/maven-monitor-2.2.1.pom (1.3 kB at 55 kB/s)
[dd0f5d59-1290-409f-b73f-dced5b4ae23c/build]   | [INFO] Downloading from central: https://repo.maven.apache.org/maven2/org/sonatype/plexus/plexus-sec-dispatcher/1.3/plexus-sec-dispatcher-1.3.pom
[dd0f5d59-1290-409f-b73f-dced5b4ae23c/build]   | [INFO] Downloaded from central: https://repo.maven.apache.org/maven2/org/sonatype/plexus/plexus-sec-dispatcher/1.3/plexus-sec-dispatcher-1.3.pom (3.0 kB at 110 kB/s)
[dd0f5d59-1290-409f-b73f-dced5b4ae23c/build]   | [INFO] Downloading from central: https://repo.maven.apache.org/maven2/org/sonatype/spice/spice-parent/12/spice-parent-12.pom
[dd0f5d59-1290-409f-b73f-dced5b4ae23c/build]   | [INFO] Downloaded from central: https://repo.maven.apache.org/maven2/org/sonatype/spice/spice-parent/12/spice-parent-12.pom (6.8 kB at 154 kB/s)
[dd0f5d59-1290-409f-b73f-dced5b4ae23c/build]   | [INFO] Downloading from central: https://repo.maven.apache.org/maven2/org/sonatype/forge/forge-parent/4/forge-parent-4.pom
[dd0f5d59-1290-409f-b73f-dced5b4ae23c/build]   | [INFO] Downloaded from central: https://repo.maven.apache.org/maven2/org/sonatype/forge/forge-parent/4/forge-parent-4.pom (8.4 kB at 311 kB/s)
[dd0f5d59-1290-409f-b73f-dced5b4ae23c/build]   | [INFO] Downloading from central: https://repo.maven.apache.org/maven2/org/codehaus/plexus/plexus-utils/1.5.5/plexus-utils-1.5.5.pom
[dd0f5d59-1290-409f-b73f-dced5b4ae23c/build]   | [INFO] Downloaded from central: https://repo.maven.apache.org/maven2/org/codehaus/plexus/plexus-utils/1.5.5/plexus-utils-1.5.5.pom (5.1 kB at 206 kB/s)
[dd0f5d59-1290-409f-b73f-dced5b4ae23c/build]   | [INFO] Downloading from central: https://repo.maven.apache.org/maven2/org/sonatype/plexus/plexus-cipher/1.4/plexus-cipher-1.4.pom
[dd0f5d59-1290-409f-b73f-dced5b4ae23c/build]   | [INFO] Downloaded from central: https://repo.maven.apache.org/maven2/org/sonatype/plexus/plexus-cipher/1.4/plexus-cipher-1.4.pom (2.1 kB at 59 kB/s)
[dd0f5d59-1290-409f-b73f-dced5b4ae23c/build]   | [INFO] Downloading from central: https://repo.maven.apache.org/maven2/org/apache/maven/maven-toolchain/2.2.1/maven-toolchain-2.2.1.pom
[dd0f5d59-1290-409f-b73f-dced5b4ae23c/build]   | [INFO] Downloaded from central: https://repo.maven.apache.org/maven2/org/apache/maven/maven-toolchain/2.2.1/maven-toolchain-2.2.1.pom (3.3 kB at 93 kB/s)
[dd0f5d59-1290-409f-b73f-dced5b4ae23c/build]   | [INFO] Downloading from central: https://repo.maven.apache.org/maven2/org/codehaus/plexus/plexus-java/0.9.10/plexus-java-0.9.10.pom
[dd0f5d59-1290-409f-b73f-dced5b4ae23c/build]   | [INFO] Downloaded from central: https://repo.maven.apache.org/maven2/org/codehaus/plexus/plexus-java/0.9.10/plexus-java-0.9.10.pom (5.1 kB at 170 kB/s)
[dd0f5d59-1290-409f-b73f-dced5b4ae23c/build]   | [INFO] Downloading from central: https://repo.maven.apache.org/maven2/org/codehaus/plexus/plexus-languages/0.9.10/plexus-languages-0.9.10.pom
[dd0f5d59-1290-409f-b73f-dced5b4ae23c/build]   | [INFO] Downloaded from central: https://repo.maven.apache.org/maven2/org/codehaus/plexus/plexus-languages/0.9.10/plexus-languages-0.9.10.pom (4.1 kB at 109 kB/s)
[dd0f5d59-1290-409f-b73f-dced5b4ae23c/build]   | [INFO] Downloading from central: https://repo.maven.apache.org/maven2/org/codehaus/plexus/plexus/4.0/plexus-4.0.pom
[dd0f5d59-1290-409f-b73f-dced5b4ae23c/build]   | [INFO] Downloaded from central: https://repo.maven.apache.org/maven2/org/codehaus/plexus/plexus/4.0/plexus-4.0.pom (22 kB at 977 kB/s)
[dd0f5d59-1290-409f-b73f-dced5b4ae23c/build]   | [INFO] Downloading from central: https://repo.maven.apache.org/maven2/org/sonatype/forge/forge-parent/10/forge-parent-10.pom
[dd0f5d59-1290-409f-b73f-dced5b4ae23c/build]   | [INFO] Downloaded from central: https://repo.maven.apache.org/maven2/org/sonatype/forge/forge-parent/10/forge-parent-10.pom (14 kB at 522 kB/s)
[dd0f5d59-1290-409f-b73f-dced5b4ae23c/build]   | [INFO] Downloading from central: https://repo.maven.apache.org/maven2/org/ow2/asm/asm/6.2/asm-6.2.pom
[dd0f5d59-1290-409f-b73f-dced5b4ae23c/build]   | [INFO] Downloaded from central: https://repo.maven.apache.org/maven2/org/ow2/asm/asm/6.2/asm-6.2.pom (2.9 kB at 117 kB/s)
[dd0f5d59-1290-409f-b73f-dced5b4ae23c/build]   | [INFO] Downloading from central: https://repo.maven.apache.org/maven2/com/thoughtworks/qdox/qdox/2.0-M8/qdox-2.0-M8.pom
[dd0f5d59-1290-409f-b73f-dced5b4ae23c/build]   | [INFO] Downloaded from central: https://repo.maven.apache.org/maven2/com/thoughtworks/qdox/qdox/2.0-M8/qdox-2.0-M8.pom (16 kB at 792 kB/s)
[dd0f5d59-1290-409f-b73f-dced5b4ae23c/build]   | [INFO] Downloading from central: https://repo.maven.apache.org/maven2/org/apache/maven/surefire/maven-surefire-common/2.22.2/maven-surefire-common-2.22.2.jar
[dd0f5d59-1290-409f-b73f-dced5b4ae23c/build]   | [INFO] Downloading from central: https://repo.maven.apache.org/maven2/org/apache/maven/maven-plugin-api/2.2.1/maven-plugin-api-2.2.1.jar
[dd0f5d59-1290-409f-b73f-dced5b4ae23c/build]   | [INFO] Downloading from central: https://repo.maven.apache.org/maven2/org/apache/maven/plugin-tools/maven-plugin-annotations/3.5.2/maven-plugin-annotations-3.5.2.jar
[dd0f5d59-1290-409f-b73f-dced5b4ae23c/build]   | [INFO] Downloading from central: https://repo.maven.apache.org/maven2/org/apache/maven/surefire/surefire-api/2.22.2/surefire-api-2.22.2.jar
[dd0f5d59-1290-409f-b73f-dced5b4ae23c/build]   | [INFO] Downloading from central: https://repo.maven.apache.org/maven2/org/apache/maven/surefire/surefire-logger-api/2.22.2/surefire-logger-api-2.22.2.jar
[dd0f5d59-1290-409f-b73f-dced5b4ae23c/build]   | [INFO] Downloaded from central: https://repo.maven.apache.org/maven2/org/apache/maven/maven-plugin-api/2.2.1/maven-plugin-api-2.2.1.jar (12 kB at 619 kB/s)
[dd0f5d59-1290-409f-b73f-dced5b4ae23c/build]   | [INFO] Downloading from central: https://repo.maven.apache.org/maven2/org/apache/maven/surefire/surefire-booter/2.22.2/surefire-booter-2.22.2.jar
[dd0f5d59-1290-409f-b73f-dced5b4ae23c/build]   | [INFO] Downloaded from central: https://repo.maven.apache.org/maven2/org/apache/maven/surefire/surefire-logger-api/2.22.2/surefire-logger-api-2.22.2.jar (13 kB at 667 kB/s)
[dd0f5d59-1290-409f-b73f-dced5b4ae23c/build]   | [INFO] Downloading from central: https://repo.maven.apache.org/maven2/org/apache/maven/maven-artifact/2.2.1/maven-artifact-2.2.1.jar
[dd0f5d59-1290-409f-b73f-dced5b4ae23c/build]   | [INFO] Downloaded from central: https://repo.maven.apache.org/maven2/org/apache/maven/plugin-tools/maven-plugin-annotations/3.5.2/maven-plugin-annotations-3.5.2.jar (14 kB at 648 kB/s)
[dd0f5d59-1290-409f-b73f-dced5b4ae23c/build]   | [INFO] Downloading from central: https://repo.maven.apache.org/maven2/org/codehaus/plexus/plexus-utils/1.5.15/plexus-utils-1.5.15.jar
[dd0f5d59-1290-409f-b73f-dced5b4ae23c/build]   | [INFO] Downloaded from central: https://repo.maven.apache.org/maven2/org/apache/maven/maven-artifact/2.2.1/maven-artifact-2.2.1.jar (80 kB at 1.8 MB/s)
[dd0f5d59-1290-409f-b73f-dced5b4ae23c/build]   | [INFO] Downloading from central: https://repo.maven.apache.org/maven2/org/apache/maven/maven-plugin-descriptor/2.2.1/maven-plugin-descriptor-2.2.1.jar
[dd0f5d59-1290-409f-b73f-dced5b4ae23c/build]   | [INFO] Downloaded from central: https://repo.maven.apache.org/maven2/org/apache/maven/maven-plugin-descriptor/2.2.1/maven-plugin-descriptor-2.2.1.jar (39 kB at 604 kB/s)
[dd0f5d59-1290-409f-b73f-dced5b4ae23c/build]   | [INFO] Downloading from central: https://repo.maven.apache.org/maven2/junit/junit/4.12/junit-4.12.jar
[dd0f5d59-1290-409f-b73f-dced5b4ae23c/build]   | [INFO] Downloaded from central: https://repo.maven.apache.org/maven2/org/apache/maven/surefire/surefire-booter/2.22.2/surefire-booter-2.22.2.jar (274 kB at 3.2 MB/s)
[dd0f5d59-1290-409f-b73f-dced5b4ae23c/build]   | [INFO] Downloading from central: https://repo.maven.apache.org/maven2/org/hamcrest/hamcrest-core/1.3/hamcrest-core-1.3.jar
[dd0f5d59-1290-409f-b73f-dced5b4ae23c/build]   | [INFO] Downloaded from central: https://repo.maven.apache.org/maven2/org/codehaus/plexus/plexus-utils/1.5.15/plexus-utils-1.5.15.jar (228 kB at 2.6 MB/s)
[dd0f5d59-1290-409f-b73f-dced5b4ae23c/build]   | [INFO] Downloading from central: https://repo.maven.apache.org/maven2/org/apache/maven/maven-project/2.2.1/maven-project-2.2.1.jar
[dd0f5d59-1290-409f-b73f-dced5b4ae23c/build]   | [INFO] Downloaded from central: https://repo.maven.apache.org/maven2/org/apache/maven/surefire/surefire-api/2.22.2/surefire-api-2.22.2.jar (186 kB at 1.8 MB/s)
[dd0f5d59-1290-409f-b73f-dced5b4ae23c/build]   | [INFO] Downloading from central: https://repo.maven.apache.org/maven2/org/apache/maven/maven-settings/2.2.1/maven-settings-2.2.1.jar
[dd0f5d59-1290-409f-b73f-dced5b4ae23c/build]   | [INFO] Downloaded from central: https://repo.maven.apache.org/maven2/org/hamcrest/hamcrest-core/1.3/hamcrest-core-1.3.jar (45 kB at 398 kB/s)
[dd0f5d59-1290-409f-b73f-dced5b4ae23c/build]   | [INFO] Downloading from central: https://repo.maven.apache.org/maven2/org/apache/maven/maven-profile/2.2.1/maven-profile-2.2.1.jar
[dd0f5d59-1290-409f-b73f-dced5b4ae23c/build]   | [INFO] Downloaded from central: https://repo.maven.apache.org/maven2/junit/junit/4.12/junit-4.12.jar (315 kB at 2.8 MB/s)
[dd0f5d59-1290-409f-b73f-dced5b4ae23c/build]   | [INFO] Downloading from central: https://repo.maven.apache.org/maven2/org/apache/maven/maven-artifact-manager/2.2.1/maven-artifact-manager-2.2.1.jar
[dd0f5d59-1290-409f-b73f-dced5b4ae23c/build]   | [INFO] Downloaded from central: https://repo.maven.apache.org/maven2/org/apache/maven/surefire/maven-surefire-common/2.22.2/maven-surefire-common-2.22.2.jar (528 kB at 4.2 MB/s)
[dd0f5d59-1290-409f-b73f-dced5b4ae23c/build]   | [INFO] Downloading from central: https://repo.maven.apache.org/maven2/backport-util-concurrent/backport-util-concurrent/3.1/backport-util-concurrent-3.1.jar
[dd0f5d59-1290-409f-b73f-dced5b4ae23c/build]   | [INFO] Downloaded from central: https://repo.maven.apache.org/maven2/org/apache/maven/maven-settings/2.2.1/maven-settings-2.2.1.jar (49 kB at 386 kB/s)
[dd0f5d59-1290-409f-b73f-dced5b4ae23c/build]   | [INFO] Downloading from central: https://repo.maven.apache.org/maven2/org/apache/maven/maven-plugin-registry/2.2.1/maven-plugin-registry-2.2.1.jar
[dd0f5d59-1290-409f-b73f-dced5b4ae23c/build]   | [INFO] Downloaded from central: https://repo.maven.apache.org/maven2/org/apache/maven/maven-profile/2.2.1/maven-profile-2.2.1.jar (35 kB at 260 kB/s)
[dd0f5d59-1290-409f-b73f-dced5b4ae23c/build]   | [INFO] Downloading from central: https://repo.maven.apache.org/maven2/org/codehaus/plexus/plexus-interpolation/1.11/plexus-interpolation-1.11.jar
[dd0f5d59-1290-409f-b73f-dced5b4ae23c/build]   | [INFO] Downloaded from central: https://repo.maven.apache.org/maven2/org/apache/maven/maven-project/2.2.1/maven-project-2.2.1.jar (156 kB at 1.1 MB/s)
[dd0f5d59-1290-409f-b73f-dced5b4ae23c/build]   | [INFO] Downloading from central: https://repo.maven.apache.org/maven2/org/apache/maven/maven-model/2.2.1/maven-model-2.2.1.jar
[dd0f5d59-1290-409f-b73f-dced5b4ae23c/build]   | [INFO] Downloaded from central: https://repo.maven.apache.org/maven2/org/apache/maven/maven-artifact-manager/2.2.1/maven-artifact-manager-2.2.1.jar (68 kB at 476 kB/s)
[dd0f5d59-1290-409f-b73f-dced5b4ae23c/build]   | [INFO] Downloading from central: https://repo.maven.apache.org/maven2/org/apache/maven/maven-core/2.2.1/maven-core-2.2.1.jar
[dd0f5d59-1290-409f-b73f-dced5b4ae23c/build]   | [INFO] Downloaded from central: https://repo.maven.apache.org/maven2/org/apache/maven/maven-plugin-registry/2.2.1/maven-plugin-registry-2.2.1.jar (30 kB at 199 kB/s)
[dd0f5d59-1290-409f-b73f-dced5b4ae23c/build]   | [INFO] Downloading from central: https://repo.maven.apache.org/maven2/org/apache/maven/maven-plugin-parameter-documenter/2.2.1/maven-plugin-parameter-documenter-2.2.1.jar
[dd0f5d59-1290-409f-b73f-dced5b4ae23c/build]   | [INFO] Downloaded from central: https://repo.maven.apache.org/maven2/org/codehaus/plexus/plexus-interpolation/1.11/plexus-interpolation-1.11.jar (51 kB at 318 kB/s)
[dd0f5d59-1290-409f-b73f-dced5b4ae23c/build]   | [INFO] Downloading from central: https://repo.maven.apache.org/maven2/org/slf4j/slf4j-jdk14/1.5.6/slf4j-jdk14-1.5.6.jar
[dd0f5d59-1290-409f-b73f-dced5b4ae23c/build]   | [INFO] Downloaded from central: https://repo.maven.apache.org/maven2/org/apache/maven/maven-plugin-parameter-documenter/2.2.1/maven-plugin-parameter-documenter-2.2.1.jar (22 kB at 132 kB/s)
[dd0f5d59-1290-409f-b73f-dced5b4ae23c/build]   | [INFO] Downloading from central: https://repo.maven.apache.org/maven2/org/slf4j/slf4j-api/1.5.6/slf4j-api-1.5.6.jar
[dd0f5d59-1290-409f-b73f-dced5b4ae23c/build]   | [INFO] Downloaded from central: https://repo.maven.apache.org/maven2/org/apache/maven/maven-model/2.2.1/maven-model-2.2.1.jar (88 kB at 501 kB/s)
[dd0f5d59-1290-409f-b73f-dced5b4ae23c/build]   | [INFO] Downloading from central: https://repo.maven.apache.org/maven2/org/slf4j/jcl-over-slf4j/1.5.6/jcl-over-slf4j-1.5.6.jar
[dd0f5d59-1290-409f-b73f-dced5b4ae23c/build]   | [INFO] Downloaded from central: https://repo.maven.apache.org/maven2/org/slf4j/slf4j-jdk14/1.5.6/slf4j-jdk14-1.5.6.jar (8.8 kB at 49 kB/s)
[dd0f5d59-1290-409f-b73f-dced5b4ae23c/build]   | [INFO] Downloading from central: https://repo.maven.apache.org/maven2/org/apache/maven/reporting/maven-reporting-api/3.0/maven-reporting-api-3.0.jar
[dd0f5d59-1290-409f-b73f-dced5b4ae23c/build]   | [INFO] Downloaded from central: https://repo.maven.apache.org/maven2/org/slf4j/slf4j-api/1.5.6/slf4j-api-1.5.6.jar (22 kB at 119 kB/s)
[dd0f5d59-1290-409f-b73f-dced5b4ae23c/build]   | [INFO] Downloading from central: https://repo.maven.apache.org/maven2/org/apache/maven/maven-repository-metadata/2.2.1/maven-repository-metadata-2.2.1.jar
[dd0f5d59-1290-409f-b73f-dced5b4ae23c/build]   | [INFO] Downloaded from central: https://repo.maven.apache.org/maven2/org/apache/maven/maven-core/2.2.1/maven-core-2.2.1.jar (178 kB at 951 kB/s)
[dd0f5d59-1290-409f-b73f-dced5b4ae23c/build]   | [INFO] Downloading from central: https://repo.maven.apache.org/maven2/org/apache/maven/maven-error-diagnostics/2.2.1/maven-error-diagnostics-2.2.1.jar
[dd0f5d59-1290-409f-b73f-dced5b4ae23c/build]   | [INFO] Downloaded from central: https://repo.maven.apache.org/maven2/org/slf4j/jcl-over-slf4j/1.5.6/jcl-over-slf4j-1.5.6.jar (17 kB at 86 kB/s)
[dd0f5d59-1290-409f-b73f-dced5b4ae23c/build]   | [INFO] Downloading from central: https://repo.maven.apache.org/maven2/org/apache/maven/maven-monitor/2.2.1/maven-monitor-2.2.1.jar
[dd0f5d59-1290-409f-b73f-dced5b4ae23c/build]   | [INFO] Downloaded from central: https://repo.maven.apache.org/maven2/org/apache/maven/reporting/maven-reporting-api/3.0/maven-reporting-api-3.0.jar (11 kB at 55 kB/s)
[dd0f5d59-1290-409f-b73f-dced5b4ae23c/build]   | [INFO] Downloading from central: https://repo.maven.apache.org/maven2/org/sonatype/plexus/plexus-sec-dispatcher/1.3/plexus-sec-dispatcher-1.3.jar
[dd0f5d59-1290-409f-b73f-dced5b4ae23c/build]   | [INFO] Downloaded from central: https://repo.maven.apache.org/maven2/org/apache/maven/maven-error-diagnostics/2.2.1/maven-error-diagnostics-2.2.1.jar (13 kB at 63 kB/s)
[dd0f5d59-1290-409f-b73f-dced5b4ae23c/build]   | [INFO] Downloading from central: https://repo.maven.apache.org/maven2/org/sonatype/plexus/plexus-cipher/1.4/plexus-cipher-1.4.jar
[dd0f5d59-1290-409f-b73f-dced5b4ae23c/build]   | [INFO] Downloaded from central: https://repo.maven.apache.org/maven2/org/apache/maven/maven-repository-metadata/2.2.1/maven-repository-metadata-2.2.1.jar (26 kB at 121 kB/s)
[dd0f5d59-1290-409f-b73f-dced5b4ae23c/build]   | [INFO] Downloading from central: https://repo.maven.apache.org/maven2/org/apache/maven/maven-toolchain/2.2.1/maven-toolchain-2.2.1.jar
[dd0f5d59-1290-409f-b73f-dced5b4ae23c/build]   | [INFO] Downloaded from central: https://repo.maven.apache.org/maven2/org/apache/maven/maven-monitor/2.2.1/maven-monitor-2.2.1.jar (10 kB at 49 kB/s)
[dd0f5d59-1290-409f-b73f-dced5b4ae23c/build]   | [INFO] Downloading from central: https://repo.maven.apache.org/maven2/org/codehaus/plexus/plexus-java/0.9.10/plexus-java-0.9.10.jar
[dd0f5d59-1290-409f-b73f-dced5b4ae23c/build]   | [INFO] Downloaded from central: https://repo.maven.apache.org/maven2/org/sonatype/plexus/plexus-sec-dispatcher/1.3/plexus-sec-dispatcher-1.3.jar (29 kB at 130 kB/s)
[dd0f5d59-1290-409f-b73f-dced5b4ae23c/build]   | [INFO] Downloading from central: https://repo.maven.apache.org/maven2/org/ow2/asm/asm/6.2/asm-6.2.jar
[dd0f5d59-1290-409f-b73f-dced5b4ae23c/build]   | [INFO] Downloaded from central: https://repo.maven.apache.org/maven2/org/sonatype/plexus/plexus-cipher/1.4/plexus-cipher-1.4.jar (13 kB at 59 kB/s)
[dd0f5d59-1290-409f-b73f-dced5b4ae23c/build]   | [INFO] Downloading from central: https://repo.maven.apache.org/maven2/com/thoughtworks/qdox/qdox/2.0-M8/qdox-2.0-M8.jar
[dd0f5d59-1290-409f-b73f-dced5b4ae23c/build]   | [INFO] Downloaded from central: https://repo.maven.apache.org/maven2/org/apache/maven/maven-toolchain/2.2.1/maven-toolchain-2.2.1.jar (38 kB at 159 kB/s)
[dd0f5d59-1290-409f-b73f-dced5b4ae23c/build]   | [INFO] Downloaded from central: https://repo.maven.apache.org/maven2/org/codehaus/plexus/plexus-java/0.9.10/plexus-java-0.9.10.jar (39 kB at 164 kB/s)
[dd0f5d59-1290-409f-b73f-dced5b4ae23c/build]   | [INFO] Downloaded from central: https://repo.maven.apache.org/maven2/backport-util-concurrent/backport-util-concurrent/3.1/backport-util-concurrent-3.1.jar (332 kB at 1.3 MB/s)
[dd0f5d59-1290-409f-b73f-dced5b4ae23c/build]   | [INFO] Downloaded from central: https://repo.maven.apache.org/maven2/org/ow2/asm/asm/6.2/asm-6.2.jar (111 kB at 434 kB/s)
[dd0f5d59-1290-409f-b73f-dced5b4ae23c/build]   | [INFO] Downloaded from central: https://repo.maven.apache.org/maven2/com/thoughtworks/qdox/qdox/2.0-M8/qdox-2.0-M8.jar (316 kB at 1.0 MB/s)
[dd0f5d59-1290-409f-b73f-dced5b4ae23c/build]   | [INFO] Downloading from central: https://repo.maven.apache.org/maven2/org/apache/maven/surefire/surefire-junit-platform/2.22.2/surefire-junit-platform-2.22.2.pom
[dd0f5d59-1290-409f-b73f-dced5b4ae23c/build]   | [INFO] Downloaded from central: https://repo.maven.apache.org/maven2/org/apache/maven/surefire/surefire-junit-platform/2.22.2/surefire-junit-platform-2.22.2.pom (7.0 kB at 317 kB/s)
[dd0f5d59-1290-409f-b73f-dced5b4ae23c/build]   | [INFO] Downloading from central: https://repo.maven.apache.org/maven2/org/apache/maven/surefire/surefire-providers/2.22.2/surefire-providers-2.22.2.pom
[dd0f5d59-1290-409f-b73f-dced5b4ae23c/build]   | [INFO] Downloaded from central: https://repo.maven.apache.org/maven2/org/apache/maven/surefire/surefire-providers/2.22.2/surefire-providers-2.22.2.pom (2.5 kB at 113 kB/s)
[dd0f5d59-1290-409f-b73f-dced5b4ae23c/build]   | [INFO] Downloading from central: https://repo.maven.apache.org/maven2/org/junit/platform/junit-platform-launcher/1.3.1/junit-platform-launcher-1.3.1.pom
[dd0f5d59-1290-409f-b73f-dced5b4ae23c/build]   | [INFO] Downloaded from central: https://repo.maven.apache.org/maven2/org/junit/platform/junit-platform-launcher/1.3.1/junit-platform-launcher-1.3.1.pom (2.2 kB at 101 kB/s)
[dd0f5d59-1290-409f-b73f-dced5b4ae23c/build]   | [INFO] Downloading from central: https://repo.maven.apache.org/maven2/org/apiguardian/apiguardian-api/1.0.0/apiguardian-api-1.0.0.pom
[dd0f5d59-1290-409f-b73f-dced5b4ae23c/build]   | [INFO] Downloaded from central: https://repo.maven.apache.org/maven2/org/apiguardian/apiguardian-api/1.0.0/apiguardian-api-1.0.0.pom (1.2 kB at 73 kB/s)
[dd0f5d59-1290-409f-b73f-dced5b4ae23c/build]   | [INFO] Downloading from central: https://repo.maven.apache.org/maven2/org/junit/platform/junit-platform-engine/1.3.1/junit-platform-engine-1.3.1.pom
[dd0f5d59-1290-409f-b73f-dced5b4ae23c/build]   | [INFO] Downloaded from central: https://repo.maven.apache.org/maven2/org/junit/platform/junit-platform-engine/1.3.1/junit-platform-engine-1.3.1.pom (2.4 kB at 150 kB/s)
[dd0f5d59-1290-409f-b73f-dced5b4ae23c/build]   | [INFO] Downloading from central: https://repo.maven.apache.org/maven2/org/junit/platform/junit-platform-commons/1.3.1/junit-platform-commons-1.3.1.pom
[dd0f5d59-1290-409f-b73f-dced5b4ae23c/build]   | [INFO] Downloaded from central: https://repo.maven.apache.org/maven2/org/junit/platform/junit-platform-commons/1.3.1/junit-platform-commons-1.3.1.pom (2.0 kB at 119 kB/s)
[dd0f5d59-1290-409f-b73f-dced5b4ae23c/build]   | [INFO] Downloading from central: https://repo.maven.apache.org/maven2/org/opentest4j/opentest4j/1.1.1/opentest4j-1.1.1.pom
[dd0f5d59-1290-409f-b73f-dced5b4ae23c/build]   | [INFO] Downloaded from central: https://repo.maven.apache.org/maven2/org/opentest4j/opentest4j/1.1.1/opentest4j-1.1.1.pom (1.7 kB at 50 kB/s)
[dd0f5d59-1290-409f-b73f-dced5b4ae23c/build]   | [INFO] Downloading from central: https://repo.maven.apache.org/maven2/org/apache/maven/surefire/surefire-junit-platform/2.22.2/surefire-junit-platform-2.22.2.jar
[dd0f5d59-1290-409f-b73f-dced5b4ae23c/build]   | [INFO] Downloading from central: https://repo.maven.apache.org/maven2/org/junit/platform/junit-platform-launcher/1.3.1/junit-platform-launcher-1.3.1.jar
[dd0f5d59-1290-409f-b73f-dced5b4ae23c/build]   | [INFO] Downloading from central: https://repo.maven.apache.org/maven2/org/apiguardian/apiguardian-api/1.0.0/apiguardian-api-1.0.0.jar
[dd0f5d59-1290-409f-b73f-dced5b4ae23c/build]   | [INFO] Downloading from central: https://repo.maven.apache.org/maven2/org/junit/platform/junit-platform-engine/1.3.1/junit-platform-engine-1.3.1.jar
[dd0f5d59-1290-409f-b73f-dced5b4ae23c/build]   | [INFO] Downloading from central: https://repo.maven.apache.org/maven2/org/junit/platform/junit-platform-commons/1.3.1/junit-platform-commons-1.3.1.jar
[dd0f5d59-1290-409f-b73f-dced5b4ae23c/build]   | [INFO] Downloaded from central: https://repo.maven.apache.org/maven2/org/apiguardian/apiguardian-api/1.0.0/apiguardian-api-1.0.0.jar (2.2 kB at 108 kB/s)
[dd0f5d59-1290-409f-b73f-dced5b4ae23c/build]   | [INFO] Downloading from central: https://repo.maven.apache.org/maven2/org/opentest4j/opentest4j/1.1.1/opentest4j-1.1.1.jar
[dd0f5d59-1290-409f-b73f-dced5b4ae23c/build]   | [INFO] Downloaded from central: https://repo.maven.apache.org/maven2/org/junit/platform/junit-platform-commons/1.3.1/junit-platform-commons-1.3.1.jar (78 kB at 3.0 MB/s)
[dd0f5d59-1290-409f-b73f-dced5b4ae23c/build]   | [INFO] Downloaded from central: https://repo.maven.apache.org/maven2/org/apache/maven/surefire/surefire-junit-platform/2.22.2/surefire-junit-platform-2.22.2.jar (66 kB at 2.3 MB/s)
[dd0f5d59-1290-409f-b73f-dced5b4ae23c/build]   | [INFO] Downloaded from central: https://repo.maven.apache.org/maven2/org/junit/platform/junit-platform-launcher/1.3.1/junit-platform-launcher-1.3.1.jar (95 kB at 2.4 MB/s)
[dd0f5d59-1290-409f-b73f-dced5b4ae23c/build]   | [INFO] Downloaded from central: https://repo.maven.apache.org/maven2/org/opentest4j/opentest4j/1.1.1/opentest4j-1.1.1.jar (7.1 kB at 324 kB/s)
[dd0f5d59-1290-409f-b73f-dced5b4ae23c/build]   | [INFO] Downloaded from central: https://repo.maven.apache.org/maven2/org/junit/platform/junit-platform-engine/1.3.1/junit-platform-engine-1.3.1.jar (135 kB at 2.9 MB/s)
[dd0f5d59-1290-409f-b73f-dced5b4ae23c/build]   | [INFO] 
[dd0f5d59-1290-409f-b73f-dced5b4ae23c/build]   | [INFO] -------------------------------------------------------
[dd0f5d59-1290-409f-b73f-dced5b4ae23c/build]   | [INFO]  T E S T S
[dd0f5d59-1290-409f-b73f-dced5b4ae23c/build]   | [INFO] -------------------------------------------------------
[dd0f5d59-1290-409f-b73f-dced5b4ae23c/build]   | [INFO] Running com.thealgorithms.geometry.GrahamScanTest
[dd0f5d59-1290-409f-b73f-dced5b4ae23c/build]   | [INFO] Tests run: 1, Failures: 0, Errors: 0, Skipped: 0, Time elapsed: 0.061 s - in com.thealgorithms.geometry.GrahamScanTest
[dd0f5d59-1290-409f-b73f-dced5b4ae23c/build]   | [INFO] Running com.thealgorithms.dynamicprogramming.MinimumPathSumTest
[dd0f5d59-1290-409f-b73f-dced5b4ae23c/build]   | [INFO] Tests run: 6, Failures: 0, Errors: 0, Skipped: 0, Time elapsed: 0.001 s - in com.thealgorithms.dynamicprogramming.MinimumPathSumTest
[dd0f5d59-1290-409f-b73f-dced5b4ae23c/build]   | [INFO] Running com.thealgorithms.dynamicprogramming.LevenshteinDistanceTests
[dd0f5d59-1290-409f-b73f-dced5b4ae23c/build]   | [INFO] Tests run: 4, Failures: 0, Errors: 0, Skipped: 0, Time elapsed: 0.073 s - in com.thealgorithms.dynamicprogramming.LevenshteinDistanceTests
[dd0f5d59-1290-409f-b73f-dced5b4ae23c/build]   | [INFO] Running com.thealgorithms.dynamicprogramming.climbStairsTest
[dd0f5d59-1290-409f-b73f-dced5b4ae23c/build]   | [INFO] Tests run: 5, Failures: 0, Errors: 0, Skipped: 0, Time elapsed: 0.003 s - in com.thealgorithms.dynamicprogramming.climbStairsTest
[dd0f5d59-1290-409f-b73f-dced5b4ae23c/build]   | [INFO] Running com.thealgorithms.dynamicprogramming.CatalanNumberTest
[dd0f5d59-1290-409f-b73f-dced5b4ae23c/build]   | [INFO] Tests run: 1, Failures: 0, Errors: 0, Skipped: 0, Time elapsed: 0 s - in com.thealgorithms.dynamicprogramming.CatalanNumberTest
[dd0f5d59-1290-409f-b73f-dced5b4ae23c/build]   | [INFO] Running com.thealgorithms.dynamicprogramming.EggDroppingTest
[dd0f5d59-1290-409f-b73f-dced5b4ae23c/build]   | [INFO] Tests run: 4, Failures: 0, Errors: 0, Skipped: 0, Time elapsed: 0.015 s - in com.thealgorithms.dynamicprogramming.EggDroppingTest
[dd0f5d59-1290-409f-b73f-dced5b4ae23c/build]   | [INFO] Running com.thealgorithms.dynamicprogramming.KnapsackMemoizationTest
[dd0f5d59-1290-409f-b73f-dced5b4ae23c/build]   | [INFO] Tests run: 3, Failures: 0, Errors: 0, Skipped: 0, Time elapsed: 0.004 s - in com.thealgorithms.dynamicprogramming.KnapsackMemoizationTest
[dd0f5d59-1290-409f-b73f-dced5b4ae23c/build]   | [INFO] Running com.thealgorithms.dynamicprogramming.PartitionProblemTest
[dd0f5d59-1290-409f-b73f-dced5b4ae23c/build]   | [INFO] Tests run: 4, Failures: 0, Errors: 0, Skipped: 0, Time elapsed: 0.006 s - in com.thealgorithms.dynamicprogramming.PartitionProblemTest
[dd0f5d59-1290-409f-b73f-dced5b4ae23c/build]   | [INFO] Running com.thealgorithms.dynamicprogramming.SubsetCountTest
[dd0f5d59-1290-409f-b73f-dced5b4ae23c/build]   | [INFO] Tests run: 4, Failures: 0, Errors: 0, Skipped: 0, Time elapsed: 0.003 s - in com.thealgorithms.dynamicprogramming.SubsetCountTest
[dd0f5d59-1290-409f-b73f-dced5b4ae23c/build]   | [INFO] Running com.thealgorithms.dynamicprogramming.OptimalJobSchedulingTest
[dd0f5d59-1290-409f-b73f-dced5b4ae23c/build]   | 5 1 3 2 
[dd0f5d59-1290-409f-b73f-dced5b4ae23c/build]   | 6 3 4 5 
[dd0f5d59-1290-409f-b73f-dced5b4ae23c/build]   | 5 8 6 6 
[dd0f5d59-1290-409f-b73f-dced5b4ae23c/build]   | 7 9 10 8 
[dd0f5d59-1290-409f-b73f-dced5b4ae23c/build]   | 8 9 12 9 
[dd0f5d59-1290-409f-b73f-dced5b4ae23c/build]   | 
[dd0f5d59-1290-409f-b73f-dced5b4ae23c/build]   | 5 1 3 
[dd0f5d59-1290-409f-b73f-dced5b4ae23c/build]   | 6 3 4 
[dd0f5d59-1290-409f-b73f-dced5b4ae23c/build]   | 5 8 6 
[dd0f5d59-1290-409f-b73f-dced5b4ae23c/build]   | 
[dd0f5d59-1290-409f-b73f-dced5b4ae23c/build]   | 5 1 3 2 
[dd0f5d59-1290-409f-b73f-dced5b4ae23c/build]   | 6 3 4 3 
[dd0f5d59-1290-409f-b73f-dced5b4ae23c/build]   | 5 8 6 9 
[dd0f5d59-1290-409f-b73f-dced5b4ae23c/build]   | 6 7 8 9 
[dd0f5d59-1290-409f-b73f-dced5b4ae23c/build]   | 8 8 12 13 
[dd0f5d59-1290-409f-b73f-dced5b4ae23c/build]   | 11 10 12 12 
[dd0f5d59-1290-409f-b73f-dced5b4ae23c/build]   | 
[dd0f5d59-1290-409f-b73f-dced5b4ae23c/build]   | [INFO] Tests run: 3, Failures: 0, Errors: 0, Skipped: 0, Time elapsed: 0.007 s - in com.thealgorithms.dynamicprogramming.OptimalJobSchedulingTest
[dd0f5d59-1290-409f-b73f-dced5b4ae23c/build]   | [INFO] Running com.thealgorithms.searches.RowColumnWiseSorted2dArrayBinarySearchTest
[dd0f5d59-1290-409f-b73f-dced5b4ae23c/build]   | [INFO] Tests run: 7, Failures: 0, Errors: 0, Skipped: 0, Time elapsed: 0.005 s - in com.thealgorithms.searches.RowColumnWiseSorted2dArrayBinarySearchTest
[dd0f5d59-1290-409f-b73f-dced5b4ae23c/build]   | [INFO] Running com.thealgorithms.searches.sortOrderAgnosticBinarySearchTest
[dd0f5d59-1290-409f-b73f-dced5b4ae23c/build]   | [INFO] Tests run: 2, Failures: 0, Errors: 0, Skipped: 0, Time elapsed: 0 s - in com.thealgorithms.searches.sortOrderAgnosticBinarySearchTest
[dd0f5d59-1290-409f-b73f-dced5b4ae23c/build]   | [INFO] Running com.thealgorithms.searches.KMPSearchTest
[dd0f5d59-1290-409f-b73f-dced5b4ae23c/build]   | Found pattern at index 10
[dd0f5d59-1290-409f-b73f-dced5b4ae23c/build]   | 10
[dd0f5d59-1290-409f-b73f-dced5b4ae23c/build]   | No pattern found
[dd0f5d59-1290-409f-b73f-dced5b4ae23c/build]   | -1
[dd0f5d59-1290-409f-b73f-dced5b4ae23c/build]   | Found pattern at index 4
[dd0f5d59-1290-409f-b73f-dced5b4ae23c/build]   | 4
[dd0f5d59-1290-409f-b73f-dced5b4ae23c/build]   | Found pattern at index 0
[dd0f5d59-1290-409f-b73f-dced5b4ae23c/build]   | 0
[dd0f5d59-1290-409f-b73f-dced5b4ae23c/build]   | Found pattern at index 4
[dd0f5d59-1290-409f-b73f-dced5b4ae23c/build]   | 4
[dd0f5d59-1290-409f-b73f-dced5b4ae23c/build]   | [INFO] Tests run: 5, Failures: 0, Errors: 0, Skipped: 0, Time elapsed: 0.007 s - in com.thealgorithms.searches.KMPSearchTest
[dd0f5d59-1290-409f-b73f-dced5b4ae23c/build]   | [INFO] Running com.thealgorithms.searches.HowManyTimesRotatedTest
[dd0f5d59-1290-409f-b73f-dced5b4ae23c/build]   | [INFO] Tests run: 1, Failures: 0, Errors: 0, Skipped: 0, Time elapsed: 0.001 s - in com.thealgorithms.searches.HowManyTimesRotatedTest
[dd0f5d59-1290-409f-b73f-dced5b4ae23c/build]   | [INFO] Running com.thealgorithms.searches.TestSearchInARowAndColWiseSortedMatrix
[dd0f5d59-1290-409f-b73f-dced5b4ae23c/build]   | [INFO] Tests run: 2, Failures: 0, Errors: 0, Skipped: 0, Time elapsed: 0.003 s - in com.thealgorithms.searches.TestSearchInARowAndColWiseSortedMatrix
[dd0f5d59-1290-409f-b73f-dced5b4ae23c/build]   | [INFO] Running com.thealgorithms.searches.QuickSelectTest
[dd0f5d59-1290-409f-b73f-dced5b4ae23c/build]   | [INFO] Tests run: 21, Failures: 0, Errors: 0, Skipped: 0, Time elapsed: 0.046 s - in com.thealgorithms.searches.QuickSelectTest
[dd0f5d59-1290-409f-b73f-dced5b4ae23c/build]   | [INFO] Running com.thealgorithms.searches.RabinKarpAlgorithmTest
[dd0f5d59-1290-409f-b73f-dced5b4ae23c/build]   | Pattern found at index 34
[dd0f5d59-1290-409f-b73f-dced5b4ae23c/build]   | Pattern found at index 8
[dd0f5d59-1290-409f-b73f-dced5b4ae23c/build]   | Pattern found at index 3
[dd0f5d59-1290-409f-b73f-dced5b4ae23c/build]   | Pattern found at index 0
[dd0f5d59-1290-409f-b73f-dced5b4ae23c/build]   | [INFO] Tests run: 5, Failures: 0, Errors: 0, Skipped: 0, Time elapsed: 0.004 s - in com.thealgorithms.searches.RabinKarpAlgorithmTest
[dd0f5d59-1290-409f-b73f-dced5b4ae23c/build]   | [INFO] Running com.thealgorithms.searches.OrderAgnosticBinarySearchTest
[dd0f5d59-1290-409f-b73f-dced5b4ae23c/build]   | 4
[dd0f5d59-1290-409f-b73f-dced5b4ae23c/build]   | 2
[dd0f5d59-1290-409f-b73f-dced5b4ae23c/build]   | 4
[dd0f5d59-1290-409f-b73f-dced5b4ae23c/build]   | 0
[dd0f5d59-1290-409f-b73f-dced5b4ae23c/build]   | 0
[dd0f5d59-1290-409f-b73f-dced5b4ae23c/build]   | -1
[dd0f5d59-1290-409f-b73f-dced5b4ae23c/build]   | [INFO] Tests run: 6, Failures: 0, Errors: 0, Skipped: 0, Time elapsed: 0.004 s - in com.thealgorithms.searches.OrderAgnosticBinarySearchTest
[dd0f5d59-1290-409f-b73f-dced5b4ae23c/build]   | [INFO] Running com.thealgorithms.searches.BinarySearch2dArrayTest
[dd0f5d59-1290-409f-b73f-dced5b4ae23c/build]   | [1, 2]
[dd0f5d59-1290-409f-b73f-dced5b4ae23c/build]   | [1, 3]
[dd0f5d59-1290-409f-b73f-dced5b4ae23c/build]   | [2, 1]
[dd0f5d59-1290-409f-b73f-dced5b4ae23c/build]   | [0, 1]
[dd0f5d59-1290-409f-b73f-dced5b4ae23c/build]   | [1, 1]
[dd0f5d59-1290-409f-b73f-dced5b4ae23c/build]   | [0, 1]
[dd0f5d59-1290-409f-b73f-dced5b4ae23c/build]   | [-1, -1]
[dd0f5d59-1290-409f-b73f-dced5b4ae23c/build]   | [2, 2]
[dd0f5d59-1290-409f-b73f-dced5b4ae23c/build]   | [0, 2]
[dd0f5d59-1290-409f-b73f-dced5b4ae23c/build]   | [0, 0]
[dd0f5d59-1290-409f-b73f-dced5b4ae23c/build]   | [INFO] Tests run: 11, Failures: 0, Errors: 0, Skipped: 0, Time elapsed: 0.009 s - in com.thealgorithms.searches.BinarySearch2dArrayTest
[dd0f5d59-1290-409f-b73f-dced5b4ae23c/build]   | [INFO] Running com.thealgorithms.searches.BreadthFirstSearchTest
[dd0f5d59-1290-409f-b73f-dced5b4ae23c/build]   | [INFO] Tests run: 3, Failures: 0, Errors: 0, Skipped: 0, Time elapsed: 0.014 s - in com.thealgorithms.searches.BreadthFirstSearchTest
[dd0f5d59-1290-409f-b73f-dced5b4ae23c/build]   | [INFO] Running com.thealgorithms.ciphers.PolybiusTest
[dd0f5d59-1290-409f-b73f-dced5b4ae23c/build]   | [INFO] Tests run: 3, Failures: 0, Errors: 0, Skipped: 0, Time elapsed: 0.001 s - in com.thealgorithms.ciphers.PolybiusTest
[dd0f5d59-1290-409f-b73f-dced5b4ae23c/build]   | [INFO] Running com.thealgorithms.ciphers.CaesarTest
[dd0f5d59-1290-409f-b73f-dced5b4ae23c/build]   | [INFO] Tests run: 3, Failures: 0, Errors: 0, Skipped: 0, Time elapsed: 0.003 s - in com.thealgorithms.ciphers.CaesarTest
[dd0f5d59-1290-409f-b73f-dced5b4ae23c/build]   | [INFO] Running com.thealgorithms.ciphers.DESTest
[dd0f5d59-1290-409f-b73f-dced5b4ae23c/build]   | [INFO] Tests run: 2, Failures: 0, Errors: 0, Skipped: 0, Time elapsed: 0.017 s - in com.thealgorithms.ciphers.DESTest
[dd0f5d59-1290-409f-b73f-dced5b4ae23c/build]   | [INFO] Running com.thealgorithms.ciphers.SimpleSubCipherTest
[dd0f5d59-1290-409f-b73f-dced5b4ae23c/build]   | [INFO] Tests run: 2, Failures: 0, Errors: 0, Skipped: 0, Time elapsed: 0.002 s - in com.thealgorithms.ciphers.SimpleSubCipherTest
[dd0f5d59-1290-409f-b73f-dced5b4ae23c/build]   | [INFO] Running com.thealgorithms.ciphers.RSATest
[dd0f5d59-1290-409f-b73f-dced5b4ae23c/build]   | [INFO] Tests run: 1, Failures: 0, Errors: 0, Skipped: 0, Time elapsed: 0.167 s - in com.thealgorithms.ciphers.RSATest
[dd0f5d59-1290-409f-b73f-dced5b4ae23c/build]   | [INFO] Running com.thealgorithms.ciphers.VigenereTest
[dd0f5d59-1290-409f-b73f-dced5b4ae23c/build]   | [INFO] Tests run: 2, Failures: 0, Errors: 0, Skipped: 0, Time elapsed: 0.001 s - in com.thealgorithms.ciphers.VigenereTest
[dd0f5d59-1290-409f-b73f-dced5b4ae23c/build]   | [INFO] Running com.thealgorithms.ciphers.a5.LFSRTest
[dd0f5d59-1290-409f-b73f-dced5b4ae23c/build]   | [INFO] Tests run: 3, Failures: 0, Errors: 0, Skipped: 0, Time elapsed: 0.005 s - in com.thealgorithms.ciphers.a5.LFSRTest
[dd0f5d59-1290-409f-b73f-dced5b4ae23c/build]   | [INFO] Running com.thealgorithms.ciphers.BlowfishTest
[dd0f5d59-1290-409f-b73f-dced5b4ae23c/build]   | [INFO] Tests run: 2, Failures: 0, Errors: 0, Skipped: 0, Time elapsed: 0.021 s - in com.thealgorithms.ciphers.BlowfishTest
[dd0f5d59-1290-409f-b73f-dced5b4ae23c/build]   | [INFO] Running com.thealgorithms.ciphers.SimpleSubstitutionCipherTest
[dd0f5d59-1290-409f-b73f-dced5b4ae23c/build]   | [INFO] Tests run: 3, Failures: 0, Errors: 0, Skipped: 0, Time elapsed: 0.001 s - in com.thealgorithms.ciphers.SimpleSubstitutionCipherTest
[dd0f5d59-1290-409f-b73f-dced5b4ae23c/build]   | [INFO] Running com.thealgorithms.scheduling.SJFSchedulingTest
[dd0f5d59-1290-409f-b73f-dced5b4ae23c/build]   | [INFO] Tests run: 7, Failures: 0, Errors: 0, Skipped: 0, Time elapsed: 0.005 s - in com.thealgorithms.scheduling.SJFSchedulingTest
[dd0f5d59-1290-409f-b73f-dced5b4ae23c/build]   | [INFO] Running com.thealgorithms.scheduling.FCFSSchedulingTest
[dd0f5d59-1290-409f-b73f-dced5b4ae23c/build]   | [INFO] Tests run: 1, Failures: 0, Errors: 0, Skipped: 0, Time elapsed: 0.001 s - in com.thealgorithms.scheduling.FCFSSchedulingTest
[dd0f5d59-1290-409f-b73f-dced5b4ae23c/build]   | [INFO] Running com.thealgorithms.scheduling.RRSchedulingTest
[dd0f5d59-1290-409f-b73f-dced5b4ae23c/build]   | [INFO] Tests run: 1, Failures: 0, Errors: 0, Skipped: 0, Time elapsed: 0.002 s - in com.thealgorithms.scheduling.RRSchedulingTest
[dd0f5d59-1290-409f-b73f-dced5b4ae23c/build]   | [INFO] Running com.thealgorithms.strings.PangramTest
[dd0f5d59-1290-409f-b73f-dced5b4ae23c/build]   | [INFO] Tests run: 1, Failures: 0, Errors: 0, Skipped: 0, Time elapsed: 0 s - in com.thealgorithms.strings.PangramTest
[dd0f5d59-1290-409f-b73f-dced5b4ae23c/build]   | [INFO] Running com.thealgorithms.strings.AlphabeticalTest
[dd0f5d59-1290-409f-b73f-dced5b4ae23c/build]   | [INFO] Tests run: 1, Failures: 0, Errors: 0, Skipped: 0, Time elapsed: 0.001 s - in com.thealgorithms.strings.AlphabeticalTest
[dd0f5d59-1290-409f-b73f-dced5b4ae23c/build]   | [INFO] Running com.thealgorithms.strings.ReverseStringTest
[dd0f5d59-1290-409f-b73f-dced5b4ae23c/build]   | [INFO] Tests run: 1, Failures: 0, Errors: 0, Skipped: 0, Time elapsed: 0 s - in com.thealgorithms.strings.ReverseStringTest
[dd0f5d59-1290-409f-b73f-dced5b4ae23c/build]   | [INFO] Running com.thealgorithms.strings.CheckVowelsTest
[dd0f5d59-1290-409f-b73f-dced5b4ae23c/build]   | [INFO] Tests run: 1, Failures: 0, Errors: 0, Skipped: 0, Time elapsed: 0 s - in com.thealgorithms.strings.CheckVowelsTest
[dd0f5d59-1290-409f-b73f-dced5b4ae23c/build]   | [INFO] Running com.thealgorithms.strings.CheckAnagramsTest
[dd0f5d59-1290-409f-b73f-dced5b4ae23c/build]   | [INFO] Tests run: 8, Failures: 0, Errors: 0, Skipped: 0, Time elapsed: 0.005 s - in com.thealgorithms.strings.CheckAnagramsTest
[dd0f5d59-1290-409f-b73f-dced5b4ae23c/build]   | [INFO] Running com.thealgorithms.strings.ValidParenthesesTest
[dd0f5d59-1290-409f-b73f-dced5b4ae23c/build]   | [INFO] Tests run: 3, Failures: 0, Errors: 0, Skipped: 0, Time elapsed: 0.001 s - in com.thealgorithms.strings.ValidParenthesesTest
[dd0f5d59-1290-409f-b73f-dced5b4ae23c/build]   | [INFO] Running com.thealgorithms.strings.StringCompressionTest
[dd0f5d59-1290-409f-b73f-dced5b4ae23c/build]   | [INFO] Tests run: 4, Failures: 0, Errors: 0, Skipped: 0, Time elapsed: 0.015 s - in com.thealgorithms.strings.StringCompressionTest
[dd0f5d59-1290-409f-b73f-dced5b4ae23c/build]   | [INFO] Running com.thealgorithms.strings.RotationTest
[dd0f5d59-1290-409f-b73f-dced5b4ae23c/build]   | [INFO] Tests run: 1, Failures: 0, Errors: 0, Skipped: 0, Time elapsed: 0 s - in com.thealgorithms.strings.RotationTest
[dd0f5d59-1290-409f-b73f-dced5b4ae23c/build]   | [INFO] Running com.thealgorithms.strings.PalindromeTest
[dd0f5d59-1290-409f-b73f-dced5b4ae23c/build]   | [INFO] Tests run: 1, Failures: 0, Errors: 0, Skipped: 0, Time elapsed: 0.001 s - in com.thealgorithms.strings.PalindromeTest
[dd0f5d59-1290-409f-b73f-dced5b4ae23c/build]   | [INFO] Running com.thealgorithms.strings.CharacterSameTest
[dd0f5d59-1290-409f-b73f-dced5b4ae23c/build]   | [INFO] Tests run: 1, Failures: 0, Errors: 0, Skipped: 0, Time elapsed: 0 s - in com.thealgorithms.strings.CharacterSameTest
[dd0f5d59-1290-409f-b73f-dced5b4ae23c/build]   | [INFO] Running com.thealgorithms.strings.MyAtoiTest
[dd0f5d59-1290-409f-b73f-dced5b4ae23c/build]   | [INFO] Tests run: 7, Failures: 0, Errors: 0, Skipped: 0, Time elapsed: 0.004 s - in com.thealgorithms.strings.MyAtoiTest
[dd0f5d59-1290-409f-b73f-dced5b4ae23c/build]   | [INFO] Running com.thealgorithms.strings.HammingDistanceTest
[dd0f5d59-1290-409f-b73f-dced5b4ae23c/build]   | [INFO] Tests run: 2, Failures: 0, Errors: 0, Skipped: 0, Time elapsed: 0.001 s - in com.thealgorithms.strings.HammingDistanceTest
[dd0f5d59-1290-409f-b73f-dced5b4ae23c/build]   | [INFO] Running com.thealgorithms.strings.AnagramsTest
[dd0f5d59-1290-409f-b73f-dced5b4ae23c/build]   | [INFO] Tests run: 1, Failures: 0, Errors: 0, Skipped: 0, Time elapsed: 0.001 s - in com.thealgorithms.strings.AnagramsTest
[dd0f5d59-1290-409f-b73f-dced5b4ae23c/build]   | [INFO] Running com.thealgorithms.strings.longestNonRepeativeSubstringTest
[dd0f5d59-1290-409f-b73f-dced5b4ae23c/build]   | [INFO] Tests run: 1, Failures: 0, Errors: 0, Skipped: 0, Time elapsed: 0 s - in com.thealgorithms.strings.longestNonRepeativeSubstringTest
[dd0f5d59-1290-409f-b73f-dced5b4ae23c/build]   | [INFO] Running com.thealgorithms.strings.HorspoolSearchTest
[dd0f5d59-1290-409f-b73f-dced5b4ae23c/build]   | [INFO] Tests run: 13, Failures: 0, Errors: 0, Skipped: 0, Time elapsed: 0.007 s - in com.thealgorithms.strings.HorspoolSearchTest
[dd0f5d59-1290-409f-b73f-dced5b4ae23c/build]   | [INFO] Running com.thealgorithms.strings.ReverseStringRecursiveTest
[dd0f5d59-1290-409f-b73f-dced5b4ae23c/build]   | [INFO] Tests run: 3, Failures: 0, Errors: 0, Skipped: 0, Time elapsed: 0.001 s - in com.thealgorithms.strings.ReverseStringRecursiveTest
[dd0f5d59-1290-409f-b73f-dced5b4ae23c/build]   | [INFO] Running com.thealgorithms.strings.WordLadderTest
[dd0f5d59-1290-409f-b73f-dced5b4ae23c/build]   | [INFO] Tests run: 1, Failures: 0, Errors: 0, Skipped: 0, Time elapsed: 0.001 s - in com.thealgorithms.strings.WordLadderTest
[dd0f5d59-1290-409f-b73f-dced5b4ae23c/build]   | [INFO] Running com.thealgorithms.strings.LowerTest
[dd0f5d59-1290-409f-b73f-dced5b4ae23c/build]   | [INFO] Tests run: 1, Failures: 0, Errors: 0, Skipped: 0, Time elapsed: 0 s - in com.thealgorithms.strings.LowerTest
[dd0f5d59-1290-409f-b73f-dced5b4ae23c/build]   | [INFO] Running com.thealgorithms.strings.UpperTest
[dd0f5d59-1290-409f-b73f-dced5b4ae23c/build]   | [INFO] Tests run: 1, Failures: 0, Errors: 0, Skipped: 0, Time elapsed: 0 s - in com.thealgorithms.strings.UpperTest
[dd0f5d59-1290-409f-b73f-dced5b4ae23c/build]   | [INFO] Running com.thealgorithms.strings.zigZagPattern.zigZagPatternTest
[dd0f5d59-1290-409f-b73f-dced5b4ae23c/build]   | [INFO] Tests run: 1, Failures: 0, Errors: 0, Skipped: 0, Time elapsed: 0 s - in com.thealgorithms.strings.zigZagPattern.zigZagPatternTest
[dd0f5d59-1290-409f-b73f-dced5b4ae23c/build]   | [INFO] Running com.thealgorithms.strings.LetterCombinationsOfPhoneNumberTest
[dd0f5d59-1290-409f-b73f-dced5b4ae23c/build]   | [INFO] Tests run: 1, Failures: 0, Errors: 0, Skipped: 0, Time elapsed: 0.001 s - in com.thealgorithms.strings.LetterCombinationsOfPhoneNumberTest
[dd0f5d59-1290-409f-b73f-dced5b4ae23c/build]   | [INFO] Running com.thealgorithms.datastructures.buffers.CircularBufferTest
[dd0f5d59-1290-409f-b73f-dced5b4ae23c/build]   | [INFO] Tests run: 1004, Failures: 0, Errors: 0, Skipped: 0, Time elapsed: 1.273 s - in com.thealgorithms.datastructures.buffers.CircularBufferTest
[dd0f5d59-1290-409f-b73f-dced5b4ae23c/build]   | [INFO] Running com.thealgorithms.datastructures.bloomfilter.BloomFilterTest
[dd0f5d59-1290-409f-b73f-dced5b4ae23c/build]   | [INFO] Tests run: 2, Failures: 0, Errors: 0, Skipped: 0, Time elapsed: 0 s - in com.thealgorithms.datastructures.bloomfilter.BloomFilterTest
[dd0f5d59-1290-409f-b73f-dced5b4ae23c/build]   | [INFO] Running com.thealgorithms.datastructures.caches.LRUCacheTest
[dd0f5d59-1290-409f-b73f-dced5b4ae23c/build]   | [INFO] Tests run: 4, Failures: 0, Errors: 0, Skipped: 0, Time elapsed: 0 s - in com.thealgorithms.datastructures.caches.LRUCacheTest
[dd0f5d59-1290-409f-b73f-dced5b4ae23c/build]   | [INFO] Running com.thealgorithms.datastructures.caches.MRUCacheTest
[dd0f5d59-1290-409f-b73f-dced5b4ae23c/build]   | [INFO] Tests run: 4, Failures: 0, Errors: 0, Skipped: 0, Time elapsed: 0 s - in com.thealgorithms.datastructures.caches.MRUCacheTest
[dd0f5d59-1290-409f-b73f-dced5b4ae23c/build]   | [INFO] Running com.thealgorithms.datastructures.caches.LFUCacheTest
[dd0f5d59-1290-409f-b73f-dced5b4ae23c/build]   | [INFO] Tests run: 3, Failures: 0, Errors: 0, Skipped: 0, Time elapsed: 0.001 s - in com.thealgorithms.datastructures.caches.LFUCacheTest
[dd0f5d59-1290-409f-b73f-dced5b4ae23c/build]   | [INFO] Running com.thealgorithms.datastructures.queues.LinkedQueueTest
[dd0f5d59-1290-409f-b73f-dced5b4ae23c/build]   | [INFO] Tests run: 1, Failures: 0, Errors: 0, Skipped: 0, Time elapsed: 0 s - in com.thealgorithms.datastructures.queues.LinkedQueueTest
[dd0f5d59-1290-409f-b73f-dced5b4ae23c/build]   | [INFO] Running com.thealgorithms.datastructures.queues.PriorityQueuesTest
[dd0f5d59-1290-409f-b73f-dced5b4ae23c/build]   | [INFO] Tests run: 3, Failures: 0, Errors: 0, Skipped: 0, Time elapsed: 0 s - in com.thealgorithms.datastructures.queues.PriorityQueuesTest
[dd0f5d59-1290-409f-b73f-dced5b4ae23c/build]   | [INFO] Running com.thealgorithms.datastructures.heaps.FibonacciHeapTest
[dd0f5d59-1290-409f-b73f-dced5b4ae23c/build]   | [INFO] Tests run: 1, Failures: 0, Errors: 0, Skipped: 0, Time elapsed: 0 s - in com.thealgorithms.datastructures.heaps.FibonacciHeapTest
[dd0f5d59-1290-409f-b73f-dced5b4ae23c/build]   | [INFO] Running com.thealgorithms.datastructures.heaps.LeftistHeapTest
[dd0f5d59-1290-409f-b73f-dced5b4ae23c/build]   | [INFO] Tests run: 1, Failures: 0, Errors: 0, Skipped: 0, Time elapsed: 0 s - in com.thealgorithms.datastructures.heaps.LeftistHeapTest
[dd0f5d59-1290-409f-b73f-dced5b4ae23c/build]   | [INFO] Running com.thealgorithms.datastructures.lists.SinglyLinkedListTest
[dd0f5d59-1290-409f-b73f-dced5b4ae23c/build]   | [INFO] Tests run: 9, Failures: 0, Errors: 0, Skipped: 0, Time elapsed: 0 s - in com.thealgorithms.datastructures.lists.SinglyLinkedListTest
[dd0f5d59-1290-409f-b73f-dced5b4ae23c/build]   | [INFO] Running com.thealgorithms.datastructures.lists.SkipListTest
[dd0f5d59-1290-409f-b73f-dced5b4ae23c/build]   | [ ] --- --- --- --- 
[dd0f5d59-1290-409f-b73f-dced5b4ae23c/build]   | [ ] --- --- --- --- 
[dd0f5d59-1290-409f-b73f-dced5b4ae23c/build]   | [ ] --- --- --- --- 
[dd0f5d59-1290-409f-b73f-dced5b4ae23c/build]   | [ ] --- --- --- --- 
[dd0f5d59-1290-409f-b73f-dced5b4ae23c/build]   | [ ] --- --- --- --- 
[dd0f5d59-1290-409f-b73f-dced5b4ae23c/build]   | [ ] --- --- --- --- 
[dd0f5d59-1290-409f-b73f-dced5b4ae23c/build]   | [ ] --- --- --- --- 
[dd0f5d59-1290-409f-b73f-dced5b4ae23c/build]   | [ ] [ ] [ ] [ ] [ ] 
[dd0f5d59-1290-409f-b73f-dced5b4ae23c/build]   |  H   0   1   2   3
[dd0f5d59-1290-409f-b73f-dced5b4ae23c/build]   | 
[dd0f5d59-1290-409f-b73f-dced5b4ae23c/build]   | [ ] --- --- --- --- --- --- --- --- --- --- --- 
[dd0f5d59-1290-409f-b73f-dced5b4ae23c/build]   | [ ] --- --- --- --- --- --- --- --- --- --- --- 
[dd0f5d59-1290-409f-b73f-dced5b4ae23c/build]   | [ ] --- --- --- --- --- --- --- --- --- --- --- 
[dd0f5d59-1290-409f-b73f-dced5b4ae23c/build]   | [ ] --- --- --- --- --- --- --- --- --- --- --- 
[dd0f5d59-1290-409f-b73f-dced5b4ae23c/build]   | [ ] --- --- --- --- --- --- --- --- --- --- --- 
[dd0f5d59-1290-409f-b73f-dced5b4ae23c/build]   | [ ] --- --- --- --- --- --- --- --- --- --- --- 
[dd0f5d59-1290-409f-b73f-dced5b4ae23c/build]   | [ ] --- --- [ ] --- --- --- --- [ ] --- [ ] [ ] 
[dd0f5d59-1290-409f-b73f-dced5b4ae23c/build]   | [ ] [ ] [ ] [ ] [ ] [ ] [ ] [ ] [ ] [ ] [ ] [ ] 
[dd0f5d59-1290-409f-b73f-dced5b4ae23c/build]   |  H   0   1   2   3   4   5   6   7   8   9  10
[dd0f5d59-1290-409f-b73f-dced5b4ae23c/build]   | 
[dd0f5d59-1290-409f-b73f-dced5b4ae23c/build]   | [ ] --- 
[dd0f5d59-1290-409f-b73f-dced5b4ae23c/build]   | [ ] --- 
[dd0f5d59-1290-409f-b73f-dced5b4ae23c/build]   | [ ] --- 
[dd0f5d59-1290-409f-b73f-dced5b4ae23c/build]   | [ ] --- 
[dd0f5d59-1290-409f-b73f-dced5b4ae23c/build]   | [ ] --- 
[dd0f5d59-1290-409f-b73f-dced5b4ae23c/build]   | [ ] --- 
[dd0f5d59-1290-409f-b73f-dced5b4ae23c/build]   | [ ] [ ] 
[dd0f5d59-1290-409f-b73f-dced5b4ae23c/build]   | [ ] [ ] 
[dd0f5d59-1290-409f-b73f-dced5b4ae23c/build]   |  H   0
[dd0f5d59-1290-409f-b73f-dced5b4ae23c/build]   | 
[dd0f5d59-1290-409f-b73f-dced5b4ae23c/build]   | [ ] --- 
[dd0f5d59-1290-409f-b73f-dced5b4ae23c/build]   | [ ] --- 
[dd0f5d59-1290-409f-b73f-dced5b4ae23c/build]   | [ ] --- 
[dd0f5d59-1290-409f-b73f-dced5b4ae23c/build]   | [ ] --- 
[dd0f5d59-1290-409f-b73f-dced5b4ae23c/build]   | [ ] --- 
[dd0f5d59-1290-409f-b73f-dced5b4ae23c/build]   | [ ] --- 
[dd0f5d59-1290-409f-b73f-dced5b4ae23c/build]   | [ ] --- 
[dd0f5d59-1290-409f-b73f-dced5b4ae23c/build]   | [ ] [ ] 
[dd0f5d59-1290-409f-b73f-dced5b4ae23c/build]   |  H   0
[dd0f5d59-1290-409f-b73f-dced5b4ae23c/build]   | 
[dd0f5d59-1290-409f-b73f-dced5b4ae23c/build]   | [ ] --- --- --- --- --- --- --- --- --- --- --- 
[dd0f5d59-1290-409f-b73f-dced5b4ae23c/build]   | [ ] --- --- --- --- --- --- --- --- --- --- --- 
[dd0f5d59-1290-409f-b73f-dced5b4ae23c/build]   | [ ] --- --- --- --- --- --- --- --- --- --- --- 
[dd0f5d59-1290-409f-b73f-dced5b4ae23c/build]   | [ ] --- --- --- --- --- --- --- --- --- --- [ ] 
[dd0f5d59-1290-409f-b73f-dced5b4ae23c/build]   | [ ] --- --- --- --- --- --- --- [ ] --- --- [ ] 
[dd0f5d59-1290-409f-b73f-dced5b4ae23c/build]   | [ ] --- --- [ ] [ ] --- --- --- [ ] [ ] [ ] [ ] 
[dd0f5d59-1290-409f-b73f-dced5b4ae23c/build]   | [ ] [ ] [ ] [ ] [ ] [ ] --- --- [ ] [ ] [ ] [ ] 
[dd0f5d59-1290-409f-b73f-dced5b4ae23c/build]   | [ ] [ ] [ ] [ ] [ ] [ ] [ ] [ ] [ ] [ ] [ ] [ ] 
[dd0f5d59-1290-409f-b73f-dced5b4ae23c/build]   |  H   0   1   2   3   4   5   6   7   8   9  10
[dd0f5d59-1290-409f-b73f-dced5b4ae23c/build]   | 
[dd0f5d59-1290-409f-b73f-dced5b4ae23c/build]   | [ ] --- --- --- --- --- --- --- --- --- --- 
[dd0f5d59-1290-409f-b73f-dced5b4ae23c/build]   | [ ] --- --- --- --- --- --- --- --- --- --- 
[dd0f5d59-1290-409f-b73f-dced5b4ae23c/build]   | [ ] --- --- --- --- --- --- --- --- --- --- 
[dd0f5d59-1290-409f-b73f-dced5b4ae23c/build]   | [ ] --- --- --- --- --- --- --- --- --- [ ] 
[dd0f5d59-1290-409f-b73f-dced5b4ae23c/build]   | [ ] --- --- --- --- --- --- [ ] --- --- [ ] 
[dd0f5d59-1290-409f-b73f-dced5b4ae23c/build]   | [ ] --- [ ] [ ] --- --- --- [ ] [ ] [ ] [ ] 
[dd0f5d59-1290-409f-b73f-dced5b4ae23c/build]   | [ ] [ ] [ ] [ ] [ ] --- --- [ ] [ ] [ ] [ ] 
[dd0f5d59-1290-409f-b73f-dced5b4ae23c/build]   | [ ] [ ] [ ] [ ] [ ] [ ] [ ] [ ] [ ] [ ] [ ] 
[dd0f5d59-1290-409f-b73f-dced5b4ae23c/build]   |  H   0   1   2   3   4   5   6   7   8   9
[dd0f5d59-1290-409f-b73f-dced5b4ae23c/build]   | 
[dd0f5d59-1290-409f-b73f-dced5b4ae23c/build]   | [ ] --- --- --- --- --- --- --- --- --- --- --- 
[dd0f5d59-1290-409f-b73f-dced5b4ae23c/build]   | [ ] --- [ ] --- [ ] --- --- --- --- --- [ ] [ ] 
[dd0f5d59-1290-409f-b73f-dced5b4ae23c/build]   | [ ] --- [ ] --- [ ] --- --- --- --- --- [ ] [ ] 
[dd0f5d59-1290-409f-b73f-dced5b4ae23c/build]   | [ ] --- [ ] --- [ ] --- --- --- --- --- [ ] [ ] 
[dd0f5d59-1290-409f-b73f-dced5b4ae23c/build]   | [ ] --- [ ] --- [ ] --- --- --- --- --- [ ] [ ] 
[dd0f5d59-1290-409f-b73f-dced5b4ae23c/build]   | [ ] --- [ ] --- [ ] --- --- --- --- --- [ ] [ ] 
[dd0f5d59-1290-409f-b73f-dced5b4ae23c/build]   | [ ] --- [ ] [ ] [ ] [ ] [ ] [ ] --- [ ] [ ] [ ] 
[dd0f5d59-1290-409f-b73f-dced5b4ae23c/build]   | [ ] [ ] [ ] [ ] [ ] [ ] [ ] [ ] [ ] [ ] [ ] [ ] 
[dd0f5d59-1290-409f-b73f-dced5b4ae23c/build]   |  H   0   1   2   3   4   5   6   7   8   9  10
[dd0f5d59-1290-409f-b73f-dced5b4ae23c/build]   | 
[dd0f5d59-1290-409f-b73f-dced5b4ae23c/build]   | [ ] --- --- --- --- --- --- --- --- --- --- 
[dd0f5d59-1290-409f-b73f-dced5b4ae23c/build]   | [ ] --- [ ] --- [ ] --- --- --- --- --- [ ] 
[dd0f5d59-1290-409f-b73f-dced5b4ae23c/build]   | [ ] --- [ ] --- [ ] --- --- --- --- --- [ ] 
[dd0f5d59-1290-409f-b73f-dced5b4ae23c/build]   | [ ] --- [ ] --- [ ] --- --- --- --- --- [ ] 
[dd0f5d59-1290-409f-b73f-dced5b4ae23c/build]   | [ ] --- [ ] --- [ ] --- --- --- --- --- [ ] 
[dd0f5d59-1290-409f-b73f-dced5b4ae23c/build]   | [ ] --- [ ] --- [ ] --- --- --- --- --- [ ] 
[dd0f5d59-1290-409f-b73f-dced5b4ae23c/build]   | [ ] --- [ ] [ ] [ ] [ ] [ ] [ ] --- [ ] [ ] 
[dd0f5d59-1290-409f-b73f-dced5b4ae23c/build]   | [ ] [ ] [ ] [ ] [ ] [ ] [ ] [ ] [ ] [ ] [ ] 
[dd0f5d59-1290-409f-b73f-dced5b4ae23c/build]   |  H   0   1   2   3   4   5   6   7   8   9
[dd0f5d59-1290-409f-b73f-dced5b4ae23c/build]   | 
[dd0f5d59-1290-409f-b73f-dced5b4ae23c/build]   | [INFO] Tests run: 6, Failures: 0, Errors: 0, Skipped: 0, Time elapsed: 0.001 s - in com.thealgorithms.datastructures.lists.SkipListTest
[dd0f5d59-1290-409f-b73f-dced5b4ae23c/build]   | [INFO] Running com.thealgorithms.datastructures.trees.SameTreesCheckTest
[dd0f5d59-1290-409f-b73f-dced5b4ae23c/build]   | [INFO] Tests run: 6, Failures: 0, Errors: 0, Skipped: 0, Time elapsed: 0.001 s - in com.thealgorithms.datastructures.trees.SameTreesCheckTest
[dd0f5d59-1290-409f-b73f-dced5b4ae23c/build]   | [INFO] Running com.thealgorithms.datastructures.trees.CheckBinaryTreeIsValidBSTTest
[dd0f5d59-1290-409f-b73f-dced5b4ae23c/build]   | [INFO] Tests run: 5, Failures: 0, Errors: 0, Skipped: 0, Time elapsed: 0.001 s - in com.thealgorithms.datastructures.trees.CheckBinaryTreeIsValidBSTTest
[dd0f5d59-1290-409f-b73f-dced5b4ae23c/build]   | [INFO] Running com.thealgorithms.datastructures.trees.PostOrderTraversalTest
[dd0f5d59-1290-409f-b73f-dced5b4ae23c/build]   | [INFO] Tests run: 3, Failures: 0, Errors: 0, Skipped: 0, Time elapsed: 0 s - in com.thealgorithms.datastructures.trees.PostOrderTraversalTest
[dd0f5d59-1290-409f-b73f-dced5b4ae23c/build]   | [INFO] Running com.thealgorithms.datastructures.trees.BSTFromSortedArrayTest
[dd0f5d59-1290-409f-b73f-dced5b4ae23c/build]   | [INFO] Tests run: 6, Failures: 0, Errors: 0, Skipped: 0, Time elapsed: 0.001 s - in com.thealgorithms.datastructures.trees.BSTFromSortedArrayTest
[dd0f5d59-1290-409f-b73f-dced5b4ae23c/build]   | [INFO] Running com.thealgorithms.datastructures.trees.BSTRecursiveTest
[dd0f5d59-1290-409f-b73f-dced5b4ae23c/build]   | [INFO] Tests run: 4, Failures: 0, Errors: 0, Skipped: 0, Time elapsed: 0.001 s - in com.thealgorithms.datastructures.trees.BSTRecursiveTest
[dd0f5d59-1290-409f-b73f-dced5b4ae23c/build]   | [INFO] Running com.thealgorithms.datastructures.trees.LevelOrderTraversalTest
[dd0f5d59-1290-409f-b73f-dced5b4ae23c/build]   | [INFO] Tests run: 4, Failures: 0, Errors: 0, Skipped: 0, Time elapsed: 0.001 s - in com.thealgorithms.datastructures.trees.LevelOrderTraversalTest
[dd0f5d59-1290-409f-b73f-dced5b4ae23c/build]   | [INFO] Running com.thealgorithms.datastructures.trees.InorderTraversalTest
[dd0f5d59-1290-409f-b73f-dced5b4ae23c/build]   | [INFO] Tests run: 3, Failures: 0, Errors: 0, Skipped: 0, Time elapsed: 0 s - in com.thealgorithms.datastructures.trees.InorderTraversalTest
[dd0f5d59-1290-409f-b73f-dced5b4ae23c/build]   | [INFO] Running com.thealgorithms.datastructures.trees.CheckTreeIsSymmetricTest
[dd0f5d59-1290-409f-b73f-dced5b4ae23c/build]   | [INFO] Tests run: 4, Failures: 0, Errors: 0, Skipped: 0, Time elapsed: 0.001 s - in com.thealgorithms.datastructures.trees.CheckTreeIsSymmetricTest
[dd0f5d59-1290-409f-b73f-dced5b4ae23c/build]   | [INFO] Running com.thealgorithms.datastructures.trees.PreOrderTraversalTest
[dd0f5d59-1290-409f-b73f-dced5b4ae23c/build]   | [INFO] Tests run: 3, Failures: 0, Errors: 0, Skipped: 0, Time elapsed: 0 s - in com.thealgorithms.datastructures.trees.PreOrderTraversalTest
[dd0f5d59-1290-409f-b73f-dced5b4ae23c/build]   | [INFO] Running com.thealgorithms.datastructures.trees.BinaryTreeTest
[dd0f5d59-1290-409f-b73f-dced5b4ae23c/build]   | 12 3 5 7 9 12 3 5 7 9 12 12 9 7 5 3 [INFO] Tests run: 4, Failures: 0, Errors: 0, Skipped: 0, Time elapsed: 0.002 s - in com.thealgorithms.datastructures.trees.BinaryTreeTest
[dd0f5d59-1290-409f-b73f-dced5b4ae23c/build]   | [INFO] Running com.thealgorithms.datastructures.trees.BSTIterativeTest
[dd0f5d59-1290-409f-b73f-dced5b4ae23c/build]   | [INFO] Tests run: 4, Failures: 0, Errors: 0, Skipped: 0, Time elapsed: 0.001 s - in com.thealgorithms.datastructures.trees.BSTIterativeTest
[dd0f5d59-1290-409f-b73f-dced5b4ae23c/build]   | [INFO] Running com.thealgorithms.datastructures.trees.CheckIfBinaryTreeBalancedTest
[dd0f5d59-1290-409f-b73f-dced5b4ae23c/build]   | [INFO] Tests run: 6, Failures: 0, Errors: 0, Skipped: 0, Time elapsed: 0.002 s - in com.thealgorithms.datastructures.trees.CheckIfBinaryTreeBalancedTest
[dd0f5d59-1290-409f-b73f-dced5b4ae23c/build]   | [INFO] Running com.thealgorithms.datastructures.trees.KDTreeTest
[dd0f5d59-1290-409f-b73f-dced5b4ae23c/build]   | [INFO] Tests run: 3, Failures: 0, Errors: 0, Skipped: 0, Time elapsed: 0.005 s - in com.thealgorithms.datastructures.trees.KDTreeTest
[dd0f5d59-1290-409f-b73f-dced5b4ae23c/build]   | [INFO] Running com.thealgorithms.datastructures.trees.CreateBinaryTreeFromInorderPreorderTest
[dd0f5d59-1290-409f-b73f-dced5b4ae23c/build]   | [INFO] Tests run: 6, Failures: 0, Errors: 0, Skipped: 0, Time elapsed: 0.002 s - in com.thealgorithms.datastructures.trees.CreateBinaryTreeFromInorderPreorderTest
[dd0f5d59-1290-409f-b73f-dced5b4ae23c/build]   | [INFO] Running com.thealgorithms.datastructures.trees.LazySegmentTreeTest
[dd0f5d59-1290-409f-b73f-dced5b4ae23c/build]   | [INFO] Tests run: 4, Failures: 0, Errors: 0, Skipped: 0, Time elapsed: 0.002 s - in com.thealgorithms.datastructures.trees.LazySegmentTreeTest
[dd0f5d59-1290-409f-b73f-dced5b4ae23c/build]   | [INFO] Running com.thealgorithms.datastructures.trees.VerticalOrderTraversalTest
[dd0f5d59-1290-409f-b73f-dced5b4ae23c/build]   | [INFO] Tests run: 4, Failures: 0, Errors: 0, Skipped: 0, Time elapsed: 0.001 s - in com.thealgorithms.datastructures.trees.VerticalOrderTraversalTest
[dd0f5d59-1290-409f-b73f-dced5b4ae23c/build]   | [INFO] Running com.thealgorithms.datastructures.trees.ZigzagTraversalTest
[dd0f5d59-1290-409f-b73f-dced5b4ae23c/build]   | [INFO] Tests run: 4, Failures: 0, Errors: 0, Skipped: 0, Time elapsed: 0.001 s - in com.thealgorithms.datastructures.trees.ZigzagTraversalTest
[dd0f5d59-1290-409f-b73f-dced5b4ae23c/build]   | [INFO] Running com.thealgorithms.datastructures.trees.CeilInBinarySearchTreeTest
[dd0f5d59-1290-409f-b73f-dced5b4ae23c/build]   | [INFO] Tests run: 7, Failures: 0, Errors: 0, Skipped: 0, Time elapsed: 0.002 s - in com.thealgorithms.datastructures.trees.CeilInBinarySearchTreeTest
[dd0f5d59-1290-409f-b73f-dced5b4ae23c/build]   | [INFO] Running com.thealgorithms.datastructures.graphs.HamiltonianCycleTest
[dd0f5d59-1290-409f-b73f-dced5b4ae23c/build]   | [INFO] Tests run: 2, Failures: 0, Errors: 0, Skipped: 0, Time elapsed: 0.001 s - in com.thealgorithms.datastructures.graphs.HamiltonianCycleTest
[dd0f5d59-1290-409f-b73f-dced5b4ae23c/build]   | [INFO] Running com.thealgorithms.datastructures.graphs.TarjansAlgorithmTest
[dd0f5d59-1290-409f-b73f-dced5b4ae23c/build]   | [INFO] Tests run: 2, Failures: 0, Errors: 0, Skipped: 0, Time elapsed: 0.001 s - in com.thealgorithms.datastructures.graphs.TarjansAlgorithmTest
[dd0f5d59-1290-409f-b73f-dced5b4ae23c/build]   | [INFO] Running com.thealgorithms.datastructures.graphs.KosarajuTest
[dd0f5d59-1290-409f-b73f-dced5b4ae23c/build]   | [INFO] Tests run: 2, Failures: 0, Errors: 0, Skipped: 0, Time elapsed: 0 s - in com.thealgorithms.datastructures.graphs.KosarajuTest
[dd0f5d59-1290-409f-b73f-dced5b4ae23c/build]   | [INFO] Running com.thealgorithms.datastructures.hashmap.hashing.GenericHashMapUsingArrayTest
[dd0f5d59-1290-409f-b73f-dced5b4ae23c/build]   | [INFO] Tests run: 3, Failures: 0, Errors: 0, Skipped: 0, Time elapsed: 0.001 s - in com.thealgorithms.datastructures.hashmap.hashing.GenericHashMapUsingArrayTest
[dd0f5d59-1290-409f-b73f-dced5b4ae23c/build]   | [INFO] Running com.thealgorithms.datastructures.hashmap.hashing.MajorityElementTest
[dd0f5d59-1290-409f-b73f-dced5b4ae23c/build]   | [INFO] Tests run: 4, Failures: 0, Errors: 0, Skipped: 0, Time elapsed: 0.001 s - in com.thealgorithms.datastructures.hashmap.hashing.MajorityElementTest
[dd0f5d59-1290-409f-b73f-dced5b4ae23c/build]   | [INFO] Running com.thealgorithms.datastructures.hashmap.hashing.LinearProbingHashMapTest
[dd0f5d59-1290-409f-b73f-dced5b4ae23c/build]   | [INFO] Tests run: 7, Failures: 0, Errors: 0, Skipped: 0, Time elapsed: 0.011 s - in com.thealgorithms.datastructures.hashmap.hashing.LinearProbingHashMapTest
[dd0f5d59-1290-409f-b73f-dced5b4ae23c/build]   | [INFO] Running com.thealgorithms.datastructures.hashmap.hashing.GenericHashMapUsingArrayListTest
[dd0f5d59-1290-409f-b73f-dced5b4ae23c/build]   | [INFO] Tests run: 3, Failures: 0, Errors: 0, Skipped: 0, Time elapsed: 0.001 s - in com.thealgorithms.datastructures.hashmap.hashing.GenericHashMapUsingArrayListTest
[dd0f5d59-1290-409f-b73f-dced5b4ae23c/build]   | [INFO] Running com.thealgorithms.datastructures.hashmap.HashMapCuckooHashingTest
[dd0f5d59-1290-409f-b73f-dced5b4ae23c/build]   | Infinite loop occurred, lengthening & rehashing table
[dd0f5d59-1290-409f-b73f-dced5b4ae23c/build]   | Infinite loop occurred, lengthening & rehashing table
[dd0f5d59-1290-409f-b73f-dced5b4ae23c/build]   | [INFO] Tests run: 8, Failures: 0, Errors: 0, Skipped: 0, Time elapsed: 0.002 s - in com.thealgorithms.datastructures.hashmap.HashMapCuckooHashingTest
[dd0f5d59-1290-409f-b73f-dced5b4ae23c/build]   | [INFO] Running com.thealgorithms.io.BufferedReaderTest
[dd0f5d59-1290-409f-b73f-dced5b4ae23c/build]   | [cached intentional error]
[dd0f5d59-1290-409f-b73f-dced5b4ae23c/build]   | [INFO] Tests run: 3, Failures: 0, Errors: 0, Skipped: 0, Time elapsed: 0.001 s - in com.thealgorithms.io.BufferedReaderTest
[dd0f5d59-1290-409f-b73f-dced5b4ae23c/build]   | [INFO] Running com.thealgorithms.divideandconquer.StrassenMatrixMultiplicationTest
[dd0f5d59-1290-409f-b73f-dced5b4ae23c/build]   | [INFO] Tests run: 3, Failures: 0, Errors: 0, Skipped: 0, Time elapsed: 0.002 s - in com.thealgorithms.divideandconquer.StrassenMatrixMultiplicationTest
[dd0f5d59-1290-409f-b73f-dced5b4ae23c/build]   | [INFO] Running com.thealgorithms.divideandconquer.BinaryExponentiationTest
[dd0f5d59-1290-409f-b73f-dced5b4ae23c/build]   | [INFO] Tests run: 2, Failures: 0, Errors: 0, Skipped: 0, Time elapsed: 0 s - in com.thealgorithms.divideandconquer.BinaryExponentiationTest
[dd0f5d59-1290-409f-b73f-dced5b4ae23c/build]   | [INFO] Running com.thealgorithms.sorts.BubbleSortTest
[dd0f5d59-1290-409f-b73f-dced5b4ae23c/build]   | [INFO] Tests run: 5, Failures: 0, Errors: 0, Skipped: 0, Time elapsed: 0.002 s - in com.thealgorithms.sorts.BubbleSortTest
[dd0f5d59-1290-409f-b73f-dced5b4ae23c/build]   | [INFO] Running com.thealgorithms.sorts.BinaryInsertionSortTest
[dd0f5d59-1290-409f-b73f-dced5b4ae23c/build]   | [INFO] Tests run: 2, Failures: 0, Errors: 0, Skipped: 0, Time elapsed: 0 s - in com.thealgorithms.sorts.BinaryInsertionSortTest
[dd0f5d59-1290-409f-b73f-dced5b4ae23c/build]   | [INFO] Running com.thealgorithms.sorts.WiggleSortTest
[dd0f5d59-1290-409f-b73f-dced5b4ae23c/build]   | [2, 5, 1, 2, 1, 2]
[dd0f5d59-1290-409f-b73f-dced5b4ae23c/build]   | [INFO] Tests run: 7, Failures: 0, Errors: 0, Skipped: 0, Time elapsed: 0.003 s - in com.thealgorithms.sorts.WiggleSortTest
[dd0f5d59-1290-409f-b73f-dced5b4ae23c/build]   | [INFO] Running com.thealgorithms.sorts.TreeSortTest
[dd0f5d59-1290-409f-b73f-dced5b4ae23c/build]   | [INFO] Tests run: 5, Failures: 0, Errors: 0, Skipped: 0, Time elapsed: 0.002 s - in com.thealgorithms.sorts.TreeSortTest
[dd0f5d59-1290-409f-b73f-dced5b4ae23c/build]   | [INFO] Running com.thealgorithms.sorts.SelectionSortTest
[dd0f5d59-1290-409f-b73f-dced5b4ae23c/build]   | [INFO] Tests run: 3, Failures: 0, Errors: 0, Skipped: 0, Time elapsed: 0 s - in com.thealgorithms.sorts.SelectionSortTest
[dd0f5d59-1290-409f-b73f-dced5b4ae23c/build]   | [INFO] Running com.thealgorithms.sorts.TimSortTest
[dd0f5d59-1290-409f-b73f-dced5b4ae23c/build]   | [INFO] Tests run: 16, Failures: 0, Errors: 0, Skipped: 0, Time elapsed: 0.043 s - in com.thealgorithms.sorts.TimSortTest
[dd0f5d59-1290-409f-b73f-dced5b4ae23c/build]   | [INFO] Running com.thealgorithms.sorts.IntrospectiveSortTest
[dd0f5d59-1290-409f-b73f-dced5b4ae23c/build]   | [INFO] Tests run: 7, Failures: 0, Errors: 0, Skipped: 0, Time elapsed: 0.002 s - in com.thealgorithms.sorts.IntrospectiveSortTest
[dd0f5d59-1290-409f-b73f-dced5b4ae23c/build]   | [INFO] Running com.thealgorithms.sorts.QuickSortTest
[dd0f5d59-1290-409f-b73f-dced5b4ae23c/build]   | [INFO] Tests run: 16, Failures: 0, Errors: 0, Skipped: 0, Time elapsed: 0.03 s - in com.thealgorithms.sorts.QuickSortTest
[dd0f5d59-1290-409f-b73f-dced5b4ae23c/build]   | [INFO] Running com.thealgorithms.sorts.StrandSortTest
[dd0f5d59-1290-409f-b73f-dced5b4ae23c/build]   | [INFO] Tests run: 2, Failures: 0, Errors: 0, Skipped: 0, Time elapsed: 0 s - in com.thealgorithms.sorts.StrandSortTest
[dd0f5d59-1290-409f-b73f-dced5b4ae23c/build]   | [INFO] Running com.thealgorithms.sorts.SlowSortTest
[dd0f5d59-1290-409f-b73f-dced5b4ae23c/build]   | [INFO] Tests run: 8, Failures: 0, Errors: 0, Skipped: 0, Time elapsed: 0.002 s - in com.thealgorithms.sorts.SlowSortTest
[dd0f5d59-1290-409f-b73f-dced5b4ae23c/build]   | [INFO] Running com.thealgorithms.sorts.TopologicalSortTest
[dd0f5d59-1290-409f-b73f-dced5b4ae23c/build]   | [INFO] Tests run: 2, Failures: 0, Errors: 0, Skipped: 0, Time elapsed: 0.006 s - in com.thealgorithms.sorts.TopologicalSortTest
[dd0f5d59-1290-409f-b73f-dced5b4ae23c/build]   | [INFO] Running com.thealgorithms.sorts.BucketSortTest
[dd0f5d59-1290-409f-b73f-dced5b4ae23c/build]   | [INFO] Tests run: 5, Failures: 0, Errors: 0, Skipped: 0, Time elapsed: 0.002 s - in com.thealgorithms.sorts.BucketSortTest
[dd0f5d59-1290-409f-b73f-dced5b4ae23c/build]   | [INFO] Running com.thealgorithms.sorts.CombSortTest
[dd0f5d59-1290-409f-b73f-dced5b4ae23c/build]   | [INFO] Tests run: 5, Failures: 0, Errors: 0, Skipped: 0, Time elapsed: 0.001 s - in com.thealgorithms.sorts.CombSortTest
[dd0f5d59-1290-409f-b73f-dced5b4ae23c/build]   | [INFO] Running com.thealgorithms.sorts.DualPivotQuickSortTest
[dd0f5d59-1290-409f-b73f-dced5b4ae23c/build]   | [INFO] Tests run: 6, Failures: 0, Errors: 0, Skipped: 0, Time elapsed: 0.001 s - in com.thealgorithms.sorts.DualPivotQuickSortTest
[dd0f5d59-1290-409f-b73f-dced5b4ae23c/build]   | [INFO] Running com.thealgorithms.sorts.InsertionSortTest
[dd0f5d59-1290-409f-b73f-dced5b4ae23c/build]   | [INFO] Tests run: 7, Failures: 0, Errors: 0, Skipped: 0, Time elapsed: 0.344 s - in com.thealgorithms.sorts.InsertionSortTest
[dd0f5d59-1290-409f-b73f-dced5b4ae23c/build]   | [INFO] Running com.thealgorithms.sorts.SimpleSortTest
[dd0f5d59-1290-409f-b73f-dced5b4ae23c/build]   | [INFO] Tests run: 7, Failures: 0, Errors: 0, Skipped: 0, Time elapsed: 0.001 s - in com.thealgorithms.sorts.SimpleSortTest
[dd0f5d59-1290-409f-b73f-dced5b4ae23c/build]   | [INFO] Running com.thealgorithms.sorts.HeapSortTest
[dd0f5d59-1290-409f-b73f-dced5b4ae23c/build]   | [INFO] Tests run: 16, Failures: 0, Errors: 0, Skipped: 0, Time elapsed: 0.012 s - in com.thealgorithms.sorts.HeapSortTest
[dd0f5d59-1290-409f-b73f-dced5b4ae23c/build]   | [INFO] Running com.thealgorithms.sorts.SortUtilsTest
[dd0f5d59-1290-409f-b73f-dced5b4ae23c/build]   | [INFO] Tests run: 6, Failures: 0, Errors: 0, Skipped: 0, Time elapsed: 0.001 s - in com.thealgorithms.sorts.SortUtilsTest
[dd0f5d59-1290-409f-b73f-dced5b4ae23c/build]   | [INFO] Running com.thealgorithms.sorts.OddEvenSortTest
[dd0f5d59-1290-409f-b73f-dced5b4ae23c/build]   | [INFO] Tests run: 3, Failures: 0, Errors: 0, Skipped: 0, Time elapsed: 0 s - in com.thealgorithms.sorts.OddEvenSortTest
[dd0f5d59-1290-409f-b73f-dced5b4ae23c/build]   | [INFO] Running com.thealgorithms.sorts.ShellSortTest
[dd0f5d59-1290-409f-b73f-dced5b4ae23c/build]   | [INFO] Tests run: 7, Failures: 0, Errors: 0, Skipped: 0, Time elapsed: 0.002 s - in com.thealgorithms.sorts.ShellSortTest
[dd0f5d59-1290-409f-b73f-dced5b4ae23c/build]   | [INFO] Running com.thealgorithms.sorts.MergeSortRecursiveTest
[dd0f5d59-1290-409f-b73f-dced5b4ae23c/build]   | [INFO] Tests run: 2, Failures: 0, Errors: 0, Skipped: 0, Time elapsed: 0.003 s - in com.thealgorithms.sorts.MergeSortRecursiveTest
[dd0f5d59-1290-409f-b73f-dced5b4ae23c/build]   | [INFO] Running com.thealgorithms.sorts.BeadSortTest
[dd0f5d59-1290-409f-b73f-dced5b4ae23c/build]   | [INFO] Tests run: 4, Failures: 0, Errors: 0, Skipped: 0, Time elapsed: 0.001 s - in com.thealgorithms.sorts.BeadSortTest
[dd0f5d59-1290-409f-b73f-dced5b4ae23c/build]   | [INFO] Running com.thealgorithms.sorts.CocktailShakerSortTest
[dd0f5d59-1290-409f-b73f-dced5b4ae23c/build]   | [INFO] Tests run: 4, Failures: 0, Errors: 0, Skipped: 0, Time elapsed: 0.001 s - in com.thealgorithms.sorts.CocktailShakerSortTest
[dd0f5d59-1290-409f-b73f-dced5b4ae23c/build]   | [INFO] Running com.thealgorithms.sorts.MergeSortTest
[dd0f5d59-1290-409f-b73f-dced5b4ae23c/build]   | [INFO] Tests run: 16, Failures: 0, Errors: 0, Skipped: 0, Time elapsed: 0.011 s - in com.thealgorithms.sorts.MergeSortTest
[dd0f5d59-1290-409f-b73f-dced5b4ae23c/build]   | [INFO] Running com.thealgorithms.sorts.DutchNationalFlagSortTest
[dd0f5d59-1290-409f-b73f-dced5b4ae23c/build]   | [INFO] Tests run: 8, Failures: 0, Errors: 0, Skipped: 0, Time elapsed: 0.001 s - in com.thealgorithms.sorts.DutchNationalFlagSortTest
[dd0f5d59-1290-409f-b73f-dced5b4ae23c/build]   | [INFO] Running com.thealgorithms.sorts.BogoSortTest
[dd0f5d59-1290-409f-b73f-dced5b4ae23c/build]   | [INFO] Tests run: 7, Failures: 0, Errors: 0, Skipped: 0, Time elapsed: 0.035 s - in com.thealgorithms.sorts.BogoSortTest
[dd0f5d59-1290-409f-b73f-dced5b4ae23c/build]   | [INFO] Running com.thealgorithms.sorts.SortUtilsRandomGeneratorTest
[dd0f5d59-1290-409f-b73f-dced5b4ae23c/build]   | [INFO] Tests run: 2001, Failures: 0, Errors: 0, Skipped: 0, Time elapsed: 0.642 s - in com.thealgorithms.sorts.SortUtilsRandomGeneratorTest
[dd0f5d59-1290-409f-b73f-dced5b4ae23c/build]   | [INFO] Running com.thealgorithms.backtracking.AllPathsFromSourceToTargetTest
[dd0f5d59-1290-409f-b73f-dced5b4ae23c/build]   | [INFO] Tests run: 4, Failures: 0, Errors: 0, Skipped: 0, Time elapsed: 0 s - in com.thealgorithms.backtracking.AllPathsFromSourceToTargetTest
[dd0f5d59-1290-409f-b73f-dced5b4ae23c/build]   | [INFO] Running com.thealgorithms.backtracking.MazeRecursionTest
[dd0f5d59-1290-409f-b73f-dced5b4ae23c/build]   | [INFO] Tests run: 1, Failures: 0, Errors: 0, Skipped: 0, Time elapsed: 0 s - in com.thealgorithms.backtracking.MazeRecursionTest
[dd0f5d59-1290-409f-b73f-dced5b4ae23c/build]   | [INFO] Running com.thealgorithms.backtracking.CombinationTest
[dd0f5d59-1290-409f-b73f-dced5b4ae23c/build]   | [INFO] Tests run: 3, Failures: 0, Errors: 0, Skipped: 0, Time elapsed: 0 s - in com.thealgorithms.backtracking.CombinationTest
[dd0f5d59-1290-409f-b73f-dced5b4ae23c/build]   | [INFO] Running com.thealgorithms.backtracking.ArrayCombinationTest
[dd0f5d59-1290-409f-b73f-dced5b4ae23c/build]   | [INFO] Tests run: 5, Failures: 0, Errors: 0, Skipped: 0, Time elapsed: 0 s - in com.thealgorithms.backtracking.ArrayCombinationTest
[dd0f5d59-1290-409f-b73f-dced5b4ae23c/build]   | [INFO] Running com.thealgorithms.backtracking.WordSearchTest
[dd0f5d59-1290-409f-b73f-dced5b4ae23c/build]   | [INFO] Tests run: 3, Failures: 0, Errors: 0, Skipped: 0, Time elapsed: 0 s - in com.thealgorithms.backtracking.WordSearchTest
[dd0f5d59-1290-409f-b73f-dced5b4ae23c/build]   | [INFO] Running com.thealgorithms.backtracking.PowerSumTest
[dd0f5d59-1290-409f-b73f-dced5b4ae23c/build]   | [INFO] Tests run: 3, Failures: 0, Errors: 0, Skipped: 0, Time elapsed: 0 s - in com.thealgorithms.backtracking.PowerSumTest
[dd0f5d59-1290-409f-b73f-dced5b4ae23c/build]   | [INFO] Running com.thealgorithms.backtracking.FloodFillTest
[dd0f5d59-1290-409f-b73f-dced5b4ae23c/build]   | [INFO] Tests run: 5, Failures: 0, Errors: 0, Skipped: 0, Time elapsed: 0 s - in com.thealgorithms.backtracking.FloodFillTest
[dd0f5d59-1290-409f-b73f-dced5b4ae23c/build]   | [INFO] Running com.thealgorithms.backtracking.PermutationTest
[dd0f5d59-1290-409f-b73f-dced5b4ae23c/build]   | [INFO] Tests run: 3, Failures: 0, Errors: 0, Skipped: 0, Time elapsed: 0 s - in com.thealgorithms.backtracking.PermutationTest
[dd0f5d59-1290-409f-b73f-dced5b4ae23c/build]   | [INFO] Running com.thealgorithms.conversions.BinaryToOctalTest
[dd0f5d59-1290-409f-b73f-dced5b4ae23c/build]   | [INFO] Tests run: 1, Failures: 0, Errors: 0, Skipped: 0, Time elapsed: 0 s - in com.thealgorithms.conversions.BinaryToOctalTest
[dd0f5d59-1290-409f-b73f-dced5b4ae23c/build]   | [INFO] Running com.thealgorithms.conversions.HexToOctTest
[dd0f5d59-1290-409f-b73f-dced5b4ae23c/build]   | [INFO] Tests run: 1, Failures: 0, Errors: 0, Skipped: 0, Time elapsed: 0 s - in com.thealgorithms.conversions.HexToOctTest
[dd0f5d59-1290-409f-b73f-dced5b4ae23c/build]   | [INFO] Running com.thealgorithms.conversions.HexaDecimalToDecimalTest
[dd0f5d59-1290-409f-b73f-dced5b4ae23c/build]   | [INFO] Tests run: 1, Failures: 0, Errors: 0, Skipped: 0, Time elapsed: 0 s - in com.thealgorithms.conversions.HexaDecimalToDecimalTest
[dd0f5d59-1290-409f-b73f-dced5b4ae23c/build]   | [INFO] Running com.thealgorithms.conversions.BinaryToHexadecimalTest
[dd0f5d59-1290-409f-b73f-dced5b4ae23c/build]   | [INFO] Tests run: 1, Failures: 0, Errors: 0, Skipped: 0, Time elapsed: 0 s - in com.thealgorithms.conversions.BinaryToHexadecimalTest
[dd0f5d59-1290-409f-b73f-dced5b4ae23c/build]   | [INFO] Running com.thealgorithms.conversions.RomanToIntegerTest
[dd0f5d59-1290-409f-b73f-dced5b4ae23c/build]   | [INFO] Tests run: 1, Failures: 0, Errors: 0, Skipped: 0, Time elapsed: 0 s - in com.thealgorithms.conversions.RomanToIntegerTest
[dd0f5d59-1290-409f-b73f-dced5b4ae23c/build]   | [INFO] Running com.thealgorithms.conversions.OctalToHexadecimalTest
[dd0f5d59-1290-409f-b73f-dced5b4ae23c/build]   | [INFO] Tests run: 1, Failures: 0, Errors: 0, Skipped: 0, Time elapsed: 0 s - in com.thealgorithms.conversions.OctalToHexadecimalTest
[dd0f5d59-1290-409f-b73f-dced5b4ae23c/build]   | [INFO] Running com.thealgorithms.conversions.HexaDecimalToBinaryTest
[dd0f5d59-1290-409f-b73f-dced5b4ae23c/build]   | [INFO] Tests run: 1, Failures: 0, Errors: 0, Skipped: 0, Time elapsed: 0 s - in com.thealgorithms.conversions.HexaDecimalToBinaryTest
[dd0f5d59-1290-409f-b73f-dced5b4ae23c/build]   | [INFO] Running com.thealgorithms.conversions.BinaryToDecimalTest
[dd0f5d59-1290-409f-b73f-dced5b4ae23c/build]   | [INFO] Tests run: 3, Failures: 0, Errors: 0, Skipped: 0, Time elapsed: 0.001 s - in com.thealgorithms.conversions.BinaryToDecimalTest
[dd0f5d59-1290-409f-b73f-dced5b4ae23c/build]   | [INFO] Running com.thealgorithms.conversions.OctalToBinaryTest
[dd0f5d59-1290-409f-b73f-dced5b4ae23c/build]   | [INFO] Tests run: 1, Failures: 0, Errors: 0, Skipped: 0, Time elapsed: 0 s - in com.thealgorithms.conversions.OctalToBinaryTest
[dd0f5d59-1290-409f-b73f-dced5b4ae23c/build]   | [INFO] Running com.thealgorithms.conversions.DecimalToHexaDecimalTest
[dd0f5d59-1290-409f-b73f-dced5b4ae23c/build]   | [INFO] Tests run: 1, Failures: 0, Errors: 0, Skipped: 0, Time elapsed: 0.001 s - in com.thealgorithms.conversions.DecimalToHexaDecimalTest
[dd0f5d59-1290-409f-b73f-dced5b4ae23c/build]   | [INFO] Running com.thealgorithms.conversions.OctalToDecimalTest
[dd0f5d59-1290-409f-b73f-dced5b4ae23c/build]   | [INFO] Tests run: 1, Failures: 0, Errors: 0, Skipped: 0, Time elapsed: 0 s - in com.thealgorithms.conversions.OctalToDecimalTest
[dd0f5d59-1290-409f-b73f-dced5b4ae23c/build]   | [INFO] Running com.thealgorithms.conversions.IntegerToRomanTest
[dd0f5d59-1290-409f-b73f-dced5b4ae23c/build]   | [INFO] Tests run: 1, Failures: 0, Errors: 0, Skipped: 0, Time elapsed: 0 s - in com.thealgorithms.conversions.IntegerToRomanTest
[dd0f5d59-1290-409f-b73f-dced5b4ae23c/build]   | [INFO] Running com.thealgorithms.others.LineSweepTest
[dd0f5d59-1290-409f-b73f-dced5b4ae23c/build]   | [INFO] Tests run: 4, Failures: 0, Errors: 0, Skipped: 0, Time elapsed: 0 s - in com.thealgorithms.others.LineSweepTest
[dd0f5d59-1290-409f-b73f-dced5b4ae23c/build]   | [INFO] Running com.thealgorithms.others.LowestBasePalindromeTest
[dd0f5d59-1290-409f-b73f-dced5b4ae23c/build]   | [INFO] Tests run: 7, Failures: 0, Errors: 0, Skipped: 0, Time elapsed: 0 s - in com.thealgorithms.others.LowestBasePalindromeTest
[dd0f5d59-1290-409f-b73f-dced5b4ae23c/build]   | [INFO] Running com.thealgorithms.others.NewManShanksPrimeTest
[dd0f5d59-1290-409f-b73f-dced5b4ae23c/build]   | [INFO] Tests run: 8, Failures: 0, Errors: 0, Skipped: 0, Time elapsed: 0 s - in com.thealgorithms.others.NewManShanksPrimeTest
[dd0f5d59-1290-409f-b73f-dced5b4ae23c/build]   | [INFO] Running com.thealgorithms.others.KadaneAlogrithmTest
[dd0f5d59-1290-409f-b73f-dced5b4ae23c/build]   | [INFO] Tests run: 8, Failures: 0, Errors: 0, Skipped: 0, Time elapsed: 0 s - in com.thealgorithms.others.KadaneAlogrithmTest
[dd0f5d59-1290-409f-b73f-dced5b4ae23c/build]   | [INFO] Running com.thealgorithms.others.TestPrintMatrixInSpiralOrder
[dd0f5d59-1290-409f-b73f-dced5b4ae23c/build]   | [INFO] Tests run: 2, Failures: 0, Errors: 0, Skipped: 0, Time elapsed: 0 s - in com.thealgorithms.others.TestPrintMatrixInSpiralOrder
[dd0f5d59-1290-409f-b73f-dced5b4ae23c/build]   | [INFO] Running com.thealgorithms.others.FirstFitCPUTest
[dd0f5d59-1290-409f-b73f-dced5b4ae23c/build]   | [INFO] Tests run: 5, Failures: 0, Errors: 0, Skipped: 0, Time elapsed: 0 s - in com.thealgorithms.others.FirstFitCPUTest
[dd0f5d59-1290-409f-b73f-dced5b4ae23c/build]   | [INFO] Running com.thealgorithms.others.CRCAlgorithmTest
[dd0f5d59-1290-409f-b73f-dced5b4ae23c/build]   | [INFO] Tests run: 2, Failures: 0, Errors: 0, Skipped: 0, Time elapsed: 0 s - in com.thealgorithms.others.CRCAlgorithmTest
[dd0f5d59-1290-409f-b73f-dced5b4ae23c/build]   | [INFO] Running com.thealgorithms.others.BestFitCPUTest
[dd0f5d59-1290-409f-b73f-dced5b4ae23c/build]   | [INFO] Tests run: 5, Failures: 0, Errors: 0, Skipped: 0, Time elapsed: 0 s - in com.thealgorithms.others.BestFitCPUTest
[dd0f5d59-1290-409f-b73f-dced5b4ae23c/build]   | [INFO] Running com.thealgorithms.others.CRC16Test
[dd0f5d59-1290-409f-b73f-dced5b4ae23c/build]   | [INFO] Tests run: 1, Failures: 0, Errors: 0, Skipped: 0, Time elapsed: 0 s - in com.thealgorithms.others.CRC16Test
[dd0f5d59-1290-409f-b73f-dced5b4ae23c/build]   | [INFO] Running com.thealgorithms.others.PasswordGenTest
[dd0f5d59-1290-409f-b73f-dced5b4ae23c/build]   | [INFO] Tests run: 4, Failures: 0, Errors: 0, Skipped: 0, Time elapsed: 0 s - in com.thealgorithms.others.PasswordGenTest
[dd0f5d59-1290-409f-b73f-dced5b4ae23c/build]   | [INFO] Running com.thealgorithms.others.SieveOfEratosthenesTest
[dd0f5d59-1290-409f-b73f-dced5b4ae23c/build]   | [INFO] Tests run: 6, Failures: 0, Errors: 0, Skipped: 0, Time elapsed: 0.003 s - in com.thealgorithms.others.SieveOfEratosthenesTest
[dd0f5d59-1290-409f-b73f-dced5b4ae23c/build]   | [INFO] Running com.thealgorithms.others.CalculateMaxOfMinTest
[dd0f5d59-1290-409f-b73f-dced5b4ae23c/build]   | [INFO] Tests run: 7, Failures: 0, Errors: 0, Skipped: 0, Time elapsed: 0.001 s - in com.thealgorithms.others.CalculateMaxOfMinTest
[dd0f5d59-1290-409f-b73f-dced5b4ae23c/build]   | [INFO] Running com.thealgorithms.others.CountWordsTest
[dd0f5d59-1290-409f-b73f-dced5b4ae23c/build]   | [INFO] Tests run: 2, Failures: 0, Errors: 0, Skipped: 0, Time elapsed: 0.001 s - in com.thealgorithms.others.CountWordsTest
[dd0f5d59-1290-409f-b73f-dced5b4ae23c/build]   | [INFO] Running com.thealgorithms.others.cn.HammingDistanceTest
[dd0f5d59-1290-409f-b73f-dced5b4ae23c/build]   | [INFO] Tests run: 10, Failures: 0, Errors: 0, Skipped: 0, Time elapsed: 0.008 s - in com.thealgorithms.others.cn.HammingDistanceTest
[dd0f5d59-1290-409f-b73f-dced5b4ae23c/build]   | [INFO] Running com.thealgorithms.others.NextFitCPUTest
[dd0f5d59-1290-409f-b73f-dced5b4ae23c/build]   | [INFO] Tests run: 5, Failures: 0, Errors: 0, Skipped: 0, Time elapsed: 0.001 s - in com.thealgorithms.others.NextFitCPUTest
[dd0f5d59-1290-409f-b73f-dced5b4ae23c/build]   | [INFO] Running com.thealgorithms.others.UniquePathsTests
[dd0f5d59-1290-409f-b73f-dced5b4ae23c/build]   | [INFO] Tests run: 8, Failures: 0, Errors: 0, Skipped: 0, Time elapsed: 0.002 s - in com.thealgorithms.others.UniquePathsTests
[dd0f5d59-1290-409f-b73f-dced5b4ae23c/build]   | [INFO] Running com.thealgorithms.others.LinkListSortTest
[dd0f5d59-1290-409f-b73f-dced5b4ae23c/build]   | [INFO] Tests run: 8, Failures: 0, Errors: 0, Skipped: 0, Time elapsed: 0.005 s - in com.thealgorithms.others.LinkListSortTest
[dd0f5d59-1290-409f-b73f-dced5b4ae23c/build]   | [INFO] Running com.thealgorithms.others.WorstFitCPUTest
[dd0f5d59-1290-409f-b73f-dced5b4ae23c/build]   | [INFO] Tests run: 6, Failures: 0, Errors: 0, Skipped: 0, Time elapsed: 0.001 s - in com.thealgorithms.others.WorstFitCPUTest
[dd0f5d59-1290-409f-b73f-dced5b4ae23c/build]   | [INFO] Running com.thealgorithms.others.countSetBitsTest
[dd0f5d59-1290-409f-b73f-dced5b4ae23c/build]   | [INFO] Tests run: 1, Failures: 0, Errors: 0, Skipped: 0, Time elapsed: 0.001 s - in com.thealgorithms.others.countSetBitsTest
[dd0f5d59-1290-409f-b73f-dced5b4ae23c/build]   | [INFO] Running com.thealgorithms.others.ArrayLeftRotationTest
[dd0f5d59-1290-409f-b73f-dced5b4ae23c/build]   | [INFO] Tests run: 5, Failures: 0, Errors: 0, Skipped: 0, Time elapsed: 0.001 s - in com.thealgorithms.others.ArrayLeftRotationTest
[dd0f5d59-1290-409f-b73f-dced5b4ae23c/build]   | [INFO] Running com.thealgorithms.others.CountCharTest
[dd0f5d59-1290-409f-b73f-dced5b4ae23c/build]   | [INFO] Tests run: 1, Failures: 0, Errors: 0, Skipped: 0, Time elapsed: 0 s - in com.thealgorithms.others.CountCharTest
[dd0f5d59-1290-409f-b73f-dced5b4ae23c/build]   | [INFO] Running com.thealgorithms.others.TwoPointersTest
[dd0f5d59-1290-409f-b73f-dced5b4ae23c/build]   | [INFO] Tests run: 5, Failures: 0, Errors: 0, Skipped: 0, Time elapsed: 0.001 s - in com.thealgorithms.others.TwoPointersTest
[dd0f5d59-1290-409f-b73f-dced5b4ae23c/build]   | [INFO] Running com.thealgorithms.others.ConwayTest
[dd0f5d59-1290-409f-b73f-dced5b4ae23c/build]   | [INFO] Tests run: 6, Failures: 0, Errors: 0, Skipped: 0, Time elapsed: 0.055 s - in com.thealgorithms.others.ConwayTest
[dd0f5d59-1290-409f-b73f-dced5b4ae23c/build]   | [INFO] Running com.thealgorithms.others.StackPostfixNotationTest
[dd0f5d59-1290-409f-b73f-dced5b4ae23c/build]   | [INFO] Tests run: 6, Failures: 0, Errors: 0, Skipped: 0, Time elapsed: 0.021 s - in com.thealgorithms.others.StackPostfixNotationTest
[dd0f5d59-1290-409f-b73f-dced5b4ae23c/build]   | [INFO] Running com.thealgorithms.others.EulersFunctionTest
[dd0f5d59-1290-409f-b73f-dced5b4ae23c/build]   | [INFO] Tests run: 2, Failures: 0, Errors: 0, Skipped: 0, Time elapsed: 0.001 s - in com.thealgorithms.others.EulersFunctionTest
[dd0f5d59-1290-409f-b73f-dced5b4ae23c/build]   | [INFO] Running com.thealgorithms.others.CountFriendsPairingTest
[dd0f5d59-1290-409f-b73f-dced5b4ae23c/build]   | [INFO] Tests run: 8, Failures: 0, Errors: 0, Skipped: 0, Time elapsed: 0.001 s - in com.thealgorithms.others.CountFriendsPairingTest
[dd0f5d59-1290-409f-b73f-dced5b4ae23c/build]   | [INFO] Running com.thealgorithms.maths.HeronsFormulaTest
[dd0f5d59-1290-409f-b73f-dced5b4ae23c/build]   | [INFO] Tests run: 4, Failures: 0, Errors: 0, Skipped: 0, Time elapsed: 0 s - in com.thealgorithms.maths.HeronsFormulaTest
[dd0f5d59-1290-409f-b73f-dced5b4ae23c/build]   | [INFO] Running com.thealgorithms.maths.SquareFreeIntegerTest
[dd0f5d59-1290-409f-b73f-dced5b4ae23c/build]   | [INFO] Tests run: 3, Failures: 0, Errors: 0, Skipped: 0, Time elapsed: 0.049 s - in com.thealgorithms.maths.SquareFreeIntegerTest
[dd0f5d59-1290-409f-b73f-dced5b4ae23c/build]   | [INFO] Running com.thealgorithms.maths.StandardDeviationTest
[dd0f5d59-1290-409f-b73f-dced5b4ae23c/build]   | [INFO] Tests run: 4, Failures: 0, Errors: 0, Skipped: 0, Time elapsed: 0 s - in com.thealgorithms.maths.StandardDeviationTest
[dd0f5d59-1290-409f-b73f-dced5b4ae23c/build]   | [INFO] Running com.thealgorithms.maths.PrimeFactorizationTest
[dd0f5d59-1290-409f-b73f-dced5b4ae23c/build]   | [INFO] Tests run: 2, Failures: 0, Errors: 0, Skipped: 0, Time elapsed: 0 s - in com.thealgorithms.maths.PrimeFactorizationTest
[dd0f5d59-1290-409f-b73f-dced5b4ae23c/build]   | [INFO] Running com.thealgorithms.maths.PrimeCheckTest
[dd0f5d59-1290-409f-b73f-dced5b4ae23c/build]   | [INFO] Tests run: 7, Failures: 0, Errors: 0, Skipped: 0, Time elapsed: 0 s - in com.thealgorithms.maths.PrimeCheckTest
[dd0f5d59-1290-409f-b73f-dced5b4ae23c/build]   | [INFO] Running com.thealgorithms.maths.SumOfArithmeticSeriesTest
[dd0f5d59-1290-409f-b73f-dced5b4ae23c/build]   | [INFO] Tests run: 9, Failures: 0, Errors: 0, Skipped: 0, Time elapsed: 0.001 s - in com.thealgorithms.maths.SumOfArithmeticSeriesTest
[dd0f5d59-1290-409f-b73f-dced5b4ae23c/build]   | [INFO] Running com.thealgorithms.maths.DudeneyNumberTest
[dd0f5d59-1290-409f-b73f-dced5b4ae23c/build]   | [INFO] Tests run: 1, Failures: 0, Errors: 0, Skipped: 0, Time elapsed: 0.002 s - in com.thealgorithms.maths.DudeneyNumberTest
[dd0f5d59-1290-409f-b73f-dced5b4ae23c/build]   | [INFO] Running com.thealgorithms.maths.TestArmstrong
[dd0f5d59-1290-409f-b73f-dced5b4ae23c/build]   | [INFO] Tests run: 1, Failures: 0, Errors: 0, Skipped: 0, Time elapsed: 0.001 s - in com.thealgorithms.maths.TestArmstrong
[dd0f5d59-1290-409f-b73f-dced5b4ae23c/build]   | [INFO] Running com.thealgorithms.maths.DistanceFormulaTest
[dd0f5d59-1290-409f-b73f-dced5b4ae23c/build]   | [INFO] Tests run: 13, Failures: 0, Errors: 0, Skipped: 0, Time elapsed: 0.001 s - in com.thealgorithms.maths.DistanceFormulaTest
[dd0f5d59-1290-409f-b73f-dced5b4ae23c/build]   | [INFO] Running com.thealgorithms.maths.KaprekarNumbersTest
[dd0f5d59-1290-409f-b73f-dced5b4ae23c/build]   | [INFO] Tests run: 9, Failures: 0, Errors: 0, Skipped: 0, Time elapsed: 0.501 s - in com.thealgorithms.maths.KaprekarNumbersTest
[dd0f5d59-1290-409f-b73f-dced5b4ae23c/build]   | [INFO] Running com.thealgorithms.maths.AbsoluteValueTest
[dd0f5d59-1290-409f-b73f-dced5b4ae23c/build]   | [INFO] Tests run: 1, Failures: 0, Errors: 0, Skipped: 0, Time elapsed: 0.006 s - in com.thealgorithms.maths.AbsoluteValueTest
[dd0f5d59-1290-409f-b73f-dced5b4ae23c/build]   | [INFO] Running com.thealgorithms.maths.PerimeterTest
[dd0f5d59-1290-409f-b73f-dced5b4ae23c/build]   | [INFO] Tests run: 8, Failures: 0, Errors: 0, Skipped: 0, Time elapsed: 0.001 s - in com.thealgorithms.maths.PerimeterTest
[dd0f5d59-1290-409f-b73f-dced5b4ae23c/build]   | [INFO] Running com.thealgorithms.maths.PalindromeNumberTest
[dd0f5d59-1290-409f-b73f-dced5b4ae23c/build]   | [INFO] Tests run: 3, Failures: 0, Errors: 0, Skipped: 0, Time elapsed: 0.001 s - in com.thealgorithms.maths.PalindromeNumberTest
[dd0f5d59-1290-409f-b73f-dced5b4ae23c/build]   | [INFO] Running com.thealgorithms.maths.ADTFractionTest
[dd0f5d59-1290-409f-b73f-dced5b4ae23c/build]   | [INFO] Tests run: 7, Failures: 0, Errors: 0, Skipped: 0, Time elapsed: 0.005 s - in com.thealgorithms.maths.ADTFractionTest
[dd0f5d59-1290-409f-b73f-dced5b4ae23c/build]   | [INFO] Running com.thealgorithms.maths.FindMinTest
[dd0f5d59-1290-409f-b73f-dced5b4ae23c/build]   | [INFO] Tests run: 5, Failures: 0, Errors: 0, Skipped: 0, Time elapsed: 0.001 s - in com.thealgorithms.maths.FindMinTest
[dd0f5d59-1290-409f-b73f-dced5b4ae23c/build]   | [INFO] Running com.thealgorithms.maths.AbsoluteMaxTest
[dd0f5d59-1290-409f-b73f-dced5b4ae23c/build]   | [INFO] Tests run: 2, Failures: 0, Errors: 0, Skipped: 0, Time elapsed: 0.001 s - in com.thealgorithms.maths.AbsoluteMaxTest
[dd0f5d59-1290-409f-b73f-dced5b4ae23c/build]   | [INFO] Running com.thealgorithms.maths.AverageTest
[dd0f5d59-1290-409f-b73f-dced5b4ae23c/build]   | [INFO] Tests run: 4, Failures: 0, Errors: 0, Skipped: 0, Time elapsed: 0.001 s - in com.thealgorithms.maths.AverageTest
[dd0f5d59-1290-409f-b73f-dced5b4ae23c/build]   | [INFO] Running com.thealgorithms.maths.AbsoluteMinTest
[dd0f5d59-1290-409f-b73f-dced5b4ae23c/build]   | [INFO] Tests run: 2, Failures: 0, Errors: 0, Skipped: 0, Time elapsed: 0.003 s - in com.thealgorithms.maths.AbsoluteMinTest
[dd0f5d59-1290-409f-b73f-dced5b4ae23c/build]   | [INFO] Running com.thealgorithms.maths.FindMaxTest
[dd0f5d59-1290-409f-b73f-dced5b4ae23c/build]   | [INFO] Tests run: 4, Failures: 0, Errors: 0, Skipped: 0, Time elapsed: 0.001 s - in com.thealgorithms.maths.FindMaxTest
[dd0f5d59-1290-409f-b73f-dced5b4ae23c/build]   | [INFO] Running com.thealgorithms.maths.FFTTest
[dd0f5d59-1290-409f-b73f-dced5b4ae23c/build]   | [INFO] Tests run: 12, Failures: 0, Errors: 0, Skipped: 0, Time elapsed: 0.002 s - in com.thealgorithms.maths.FFTTest
[dd0f5d59-1290-409f-b73f-dced5b4ae23c/build]   | [INFO] Running com.thealgorithms.maths.PronicNumberTest
[dd0f5d59-1290-409f-b73f-dced5b4ae23c/build]   | [INFO] Tests run: 2, Failures: 0, Errors: 0, Skipped: 0, Time elapsed: 0 s - in com.thealgorithms.maths.PronicNumberTest
[dd0f5d59-1290-409f-b73f-dced5b4ae23c/build]   | [INFO] Running com.thealgorithms.maths.GaussianTest
[dd0f5d59-1290-409f-b73f-dced5b4ae23c/build]   | [INFO] Tests run: 1, Failures: 0, Errors: 0, Skipped: 0, Time elapsed: 0 s - in com.thealgorithms.maths.GaussianTest
[dd0f5d59-1290-409f-b73f-dced5b4ae23c/build]   | [INFO] Running com.thealgorithms.maths.LucasSeriesTest
[dd0f5d59-1290-409f-b73f-dced5b4ae23c/build]   | [INFO] Tests run: 4, Failures: 0, Errors: 0, Skipped: 0, Time elapsed: 0.001 s - in com.thealgorithms.maths.LucasSeriesTest
[dd0f5d59-1290-409f-b73f-dced5b4ae23c/build]   | [INFO] Running com.thealgorithms.maths.SumOfDigitsTest
[dd0f5d59-1290-409f-b73f-dced5b4ae23c/build]   | [INFO] Tests run: 3, Failures: 0, Errors: 0, Skipped: 0, Time elapsed: 0.001 s - in com.thealgorithms.maths.SumOfDigitsTest
[dd0f5d59-1290-409f-b73f-dced5b4ae23c/build]   | [INFO] Running com.thealgorithms.maths.PascalTriangleTest
[dd0f5d59-1290-409f-b73f-dced5b4ae23c/build]   | [INFO] Tests run: 4, Failures: 0, Errors: 0, Skipped: 0, Time elapsed: 0.001 s - in com.thealgorithms.maths.PascalTriangleTest
[dd0f5d59-1290-409f-b73f-dced5b4ae23c/build]   | [INFO] Running com.thealgorithms.maths.MedianTest
[dd0f5d59-1290-409f-b73f-dced5b4ae23c/build]   | [INFO] Tests run: 5, Failures: 0, Errors: 0, Skipped: 0, Time elapsed: 0.001 s - in com.thealgorithms.maths.MedianTest
[dd0f5d59-1290-409f-b73f-dced5b4ae23c/build]   | [INFO] Running com.thealgorithms.maths.VolumeTest
[dd0f5d59-1290-409f-b73f-dced5b4ae23c/build]   | [INFO] Tests run: 1, Failures: 0, Errors: 0, Skipped: 0, Time elapsed: 0 s - in com.thealgorithms.maths.VolumeTest
[dd0f5d59-1290-409f-b73f-dced5b4ae23c/build]   | [INFO] Running com.thealgorithms.maths.FrizzyNumberTest
[dd0f5d59-1290-409f-b73f-dced5b4ae23c/build]   | [INFO] Tests run: 3, Failures: 0, Errors: 0, Skipped: 0, Time elapsed: 0 s - in com.thealgorithms.maths.FrizzyNumberTest
[dd0f5d59-1290-409f-b73f-dced5b4ae23c/build]   | [INFO] Running com.thealgorithms.maths.PythagoreanTripleTest
[dd0f5d59-1290-409f-b73f-dced5b4ae23c/build]   | [INFO] Tests run: 1, Failures: 0, Errors: 0, Skipped: 0, Time elapsed: 0 s - in com.thealgorithms.maths.PythagoreanTripleTest
[dd0f5d59-1290-409f-b73f-dced5b4ae23c/build]   | [INFO] Running com.thealgorithms.maths.NthUglyNumberTest
[dd0f5d59-1290-409f-b73f-dced5b4ae23c/build]   | [INFO] Tests run: 6, Failures: 0, Errors: 0, Skipped: 0, Time elapsed: 0.017 s - in com.thealgorithms.maths.NthUglyNumberTest
[dd0f5d59-1290-409f-b73f-dced5b4ae23c/build]   | [INFO] Running com.thealgorithms.maths.MobiusFunctionTest
[dd0f5d59-1290-409f-b73f-dced5b4ae23c/build]   | [INFO] Tests run: 3, Failures: 0, Errors: 0, Skipped: 0, Time elapsed: 0.001 s - in com.thealgorithms.maths.MobiusFunctionTest
[dd0f5d59-1290-409f-b73f-dced5b4ae23c/build]   | [INFO] Running com.thealgorithms.maths.DigitalRootTest
[dd0f5d59-1290-409f-b73f-dced5b4ae23c/build]   | [INFO] Tests run: 1, Failures: 0, Errors: 0, Skipped: 0, Time elapsed: 0 s - in com.thealgorithms.maths.DigitalRootTest
[dd0f5d59-1290-409f-b73f-dced5b4ae23c/build]   | [INFO] Running com.thealgorithms.maths.SquareRootwithBabylonianMethodTest
[dd0f5d59-1290-409f-b73f-dced5b4ae23c/build]   | [INFO] Tests run: 4, Failures: 0, Errors: 0, Skipped: 0, Time elapsed: 0 s - in com.thealgorithms.maths.SquareRootwithBabylonianMethodTest
[dd0f5d59-1290-409f-b73f-dced5b4ae23c/build]   | [INFO] Running com.thealgorithms.maths.CollatzConjectureTest
[dd0f5d59-1290-409f-b73f-dced5b4ae23c/build]   | [INFO] Tests run: 4, Failures: 0, Errors: 0, Skipped: 0, Time elapsed: 0.003 s - in com.thealgorithms.maths.CollatzConjectureTest
[dd0f5d59-1290-409f-b73f-dced5b4ae23c/build]   | [INFO] Running com.thealgorithms.maths.GCDTest
[dd0f5d59-1290-409f-b73f-dced5b4ae23c/build]   | [INFO] Tests run: 10, Failures: 0, Errors: 0, Skipped: 0, Time elapsed: 0.002 s - in com.thealgorithms.maths.GCDTest
[dd0f5d59-1290-409f-b73f-dced5b4ae23c/build]   | [INFO] Running com.thealgorithms.maths.CeilTest
[dd0f5d59-1290-409f-b73f-dced5b4ae23c/build]   | [INFO] Tests run: 1, Failures: 0, Errors: 0, Skipped: 0, Time elapsed: 0 s - in com.thealgorithms.maths.CeilTest
[dd0f5d59-1290-409f-b73f-dced5b4ae23c/build]   | [INFO] Running com.thealgorithms.maths.LiouvilleLambdaFunctionTest
[dd0f5d59-1290-409f-b73f-dced5b4ae23c/build]   | [INFO] Tests run: 4, Failures: 0, Errors: 0, Skipped: 0, Time elapsed: 0 s - in com.thealgorithms.maths.LiouvilleLambdaFunctionTest
[dd0f5d59-1290-409f-b73f-dced5b4ae23c/build]   | [INFO] Running com.thealgorithms.maths.PerfectCubeTest
[dd0f5d59-1290-409f-b73f-dced5b4ae23c/build]   | [INFO] Tests run: 1, Failures: 0, Errors: 0, Skipped: 0, Time elapsed: 0 s - in com.thealgorithms.maths.PerfectCubeTest
[dd0f5d59-1290-409f-b73f-dced5b4ae23c/build]   | [INFO] Running com.thealgorithms.maths.AreaTest
[dd0f5d59-1290-409f-b73f-dced5b4ae23c/build]   | [INFO] Tests run: 12, Failures: 0, Errors: 0, Skipped: 0, Time elapsed: 0.008 s - in com.thealgorithms.maths.AreaTest
[dd0f5d59-1290-409f-b73f-dced5b4ae23c/build]   | [INFO] Running com.thealgorithms.maths.SumWithoutArithmeticOperatorsTest
[dd0f5d59-1290-409f-b73f-dced5b4ae23c/build]   | [INFO] Tests run: 5, Failures: 0, Errors: 0, Skipped: 0, Time elapsed: 0 s - in com.thealgorithms.maths.SumWithoutArithmeticOperatorsTest
[dd0f5d59-1290-409f-b73f-dced5b4ae23c/build]   | [INFO] Running com.thealgorithms.maths.FactorialTest
[dd0f5d59-1290-409f-b73f-dced5b4ae23c/build]   | [INFO] Tests run: 2, Failures: 0, Errors: 0, Skipped: 0, Time elapsed: 0 s - in com.thealgorithms.maths.FactorialTest
[dd0f5d59-1290-409f-b73f-dced5b4ae23c/build]   | [INFO] Running com.thealgorithms.maths.JosephusProblemTest
[dd0f5d59-1290-409f-b73f-dced5b4ae23c/build]   | [INFO] Tests run: 1, Failures: 0, Errors: 0, Skipped: 0, Time elapsed: 0 s - in com.thealgorithms.maths.JosephusProblemTest
[dd0f5d59-1290-409f-b73f-dced5b4ae23c/build]   | [INFO] Running com.thealgorithms.maths.LeonardoNumberTest
[dd0f5d59-1290-409f-b73f-dced5b4ae23c/build]   | [INFO] Tests run: 5, Failures: 0, Errors: 0, Skipped: 0, Time elapsed: 0 s - in com.thealgorithms.maths.LeonardoNumberTest
[dd0f5d59-1290-409f-b73f-dced5b4ae23c/build]   | [INFO] Running com.thealgorithms.maths.StandardScoreTest
[dd0f5d59-1290-409f-b73f-dced5b4ae23c/build]   | [INFO] Tests run: 4, Failures: 0, Errors: 0, Skipped: 0, Time elapsed: 0 s - in com.thealgorithms.maths.StandardScoreTest
[dd0f5d59-1290-409f-b73f-dced5b4ae23c/build]   | [INFO] Running com.thealgorithms.maths.ParseIntegerTest
[dd0f5d59-1290-409f-b73f-dced5b4ae23c/build]   | [INFO] Tests run: 4, Failures: 0, Errors: 0, Skipped: 0, Time elapsed: 0.001 s - in com.thealgorithms.maths.ParseIntegerTest
[dd0f5d59-1290-409f-b73f-dced5b4ae23c/build]   | [INFO] Running com.thealgorithms.maths.FibonacciNumberCheckTest
[dd0f5d59-1290-409f-b73f-dced5b4ae23c/build]   | [INFO] Tests run: 2, Failures: 0, Errors: 0, Skipped: 0, Time elapsed: 0 s - in com.thealgorithms.maths.FibonacciNumberCheckTest
[dd0f5d59-1290-409f-b73f-dced5b4ae23c/build]   | [INFO] Running com.thealgorithms.maths.FastInverseSqrtTests
[dd0f5d59-1290-409f-b73f-dced5b4ae23c/build]   | [INFO] Tests run: 8, Failures: 0, Errors: 0, Skipped: 0, Time elapsed: 0 s - in com.thealgorithms.maths.FastInverseSqrtTests
[dd0f5d59-1290-409f-b73f-dced5b4ae23c/build]   | [INFO] Running com.thealgorithms.maths.AliquotSumTest
[dd0f5d59-1290-409f-b73f-dced5b4ae23c/build]   | [INFO] Tests run: 1, Failures: 0, Errors: 0, Skipped: 0, Time elapsed: 0.001 s - in com.thealgorithms.maths.AliquotSumTest
[dd0f5d59-1290-409f-b73f-dced5b4ae23c/build]   | [INFO] Running com.thealgorithms.maths.PerfectSquareTest
[dd0f5d59-1290-409f-b73f-dced5b4ae23c/build]   | [INFO] Tests run: 3, Failures: 0, Errors: 0, Skipped: 0, Time elapsed: 0 s - in com.thealgorithms.maths.PerfectSquareTest
[dd0f5d59-1290-409f-b73f-dced5b4ae23c/build]   | [INFO] Running com.thealgorithms.maths.CombinationsTest
[dd0f5d59-1290-409f-b73f-dced5b4ae23c/build]   | [INFO] Tests run: 2, Failures: 0, Errors: 0, Skipped: 0, Time elapsed: 0 s - in com.thealgorithms.maths.CombinationsTest
[dd0f5d59-1290-409f-b73f-dced5b4ae23c/build]   | [INFO] Running com.thealgorithms.maths.PollardRhoTest
[dd0f5d59-1290-409f-b73f-dced5b4ae23c/build]   | [INFO] Tests run: 3, Failures: 0, Errors: 0, Skipped: 0, Time elapsed: 0 s - in com.thealgorithms.maths.PollardRhoTest
[dd0f5d59-1290-409f-b73f-dced5b4ae23c/build]   | [INFO] Running com.thealgorithms.maths.ArmstrongTest
[dd0f5d59-1290-409f-b73f-dced5b4ae23c/build]   | [INFO] Tests run: 1, Failures: 0, Errors: 0, Skipped: 0, Time elapsed: 0 s - in com.thealgorithms.maths.ArmstrongTest
[dd0f5d59-1290-409f-b73f-dced5b4ae23c/build]   | [INFO] Running com.thealgorithms.maths.HarshadNumberTest
[dd0f5d59-1290-409f-b73f-dced5b4ae23c/build]   | [INFO] Tests run: 1, Failures: 0, Errors: 0, Skipped: 0, Time elapsed: 0 s - in com.thealgorithms.maths.HarshadNumberTest
[dd0f5d59-1290-409f-b73f-dced5b4ae23c/build]   | [INFO] Running com.thealgorithms.maths.PerfectNumberTest
[dd0f5d59-1290-409f-b73f-dced5b4ae23c/build]   | [INFO] Tests run: 1, Failures: 0, Errors: 0, Skipped: 0, Time elapsed: 0.243 s - in com.thealgorithms.maths.PerfectNumberTest
[dd0f5d59-1290-409f-b73f-dced5b4ae23c/build]   | [INFO] Running com.thealgorithms.maths.AutomorphicNumberTest
[dd0f5d59-1290-409f-b73f-dced5b4ae23c/build]   | [INFO] Tests run: 1, Failures: 0, Errors: 0, Skipped: 0, Time elapsed: 0 s - in com.thealgorithms.maths.AutomorphicNumberTest
[dd0f5d59-1290-409f-b73f-dced5b4ae23c/build]   | [INFO] Running com.thealgorithms.maths.LeastCommonMultipleTest
[dd0f5d59-1290-409f-b73f-dced5b4ae23c/build]   | [INFO] Tests run: 2, Failures: 0, Errors: 0, Skipped: 0, Time elapsed: 0 s - in com.thealgorithms.maths.LeastCommonMultipleTest
[dd0f5d59-1290-409f-b73f-dced5b4ae23c/build]   | [INFO] Running com.thealgorithms.maths.LongDivisionTest
[dd0f5d59-1290-409f-b73f-dced5b4ae23c/build]   | [INFO] Tests run: 7, Failures: 0, Errors: 0, Skipped: 0, Time elapsed: 0 s - in com.thealgorithms.maths.LongDivisionTest
[dd0f5d59-1290-409f-b73f-dced5b4ae23c/build]   | [INFO] Running com.thealgorithms.maths.TwinPrimeTest
[dd0f5d59-1290-409f-b73f-dced5b4ae23c/build]   | [INFO] Tests run: 4, Failures: 0, Errors: 0, Skipped: 0, Time elapsed: 0.001 s - in com.thealgorithms.maths.TwinPrimeTest
[dd0f5d59-1290-409f-b73f-dced5b4ae23c/build]   | [INFO] Running com.thealgorithms.maths.BinomialCoefficientTest
[dd0f5d59-1290-409f-b73f-dced5b4ae23c/build]   | [INFO] Tests run: 1, Failures: 0, Errors: 0, Skipped: 0, Time elapsed: 0 s - in com.thealgorithms.maths.BinomialCoefficientTest
[dd0f5d59-1290-409f-b73f-dced5b4ae23c/build]   | [INFO] Running com.thealgorithms.maths.AmicableNumberTest
[dd0f5d59-1290-409f-b73f-dced5b4ae23c/build]   | [INFO] Tests run: 4, Failures: 0, Errors: 0, Skipped: 0, Time elapsed: 25.247 s - in com.thealgorithms.maths.AmicableNumberTest
[dd0f5d59-1290-409f-b73f-dced5b4ae23c/build]   | [INFO] Running com.thealgorithms.maths.FibonacciJavaStreamsTest
[dd0f5d59-1290-409f-b73f-dced5b4ae23c/build]   | [INFO] Tests run: 9, Failures: 0, Errors: 0, Skipped: 0, Time elapsed: 0.003 s - in com.thealgorithms.maths.FibonacciJavaStreamsTest
[dd0f5d59-1290-409f-b73f-dced5b4ae23c/build]   | [INFO] Running com.thealgorithms.maths.BinaryPowTest
[dd0f5d59-1290-409f-b73f-dced5b4ae23c/build]   | [INFO] Tests run: 1, Failures: 0, Errors: 0, Skipped: 0, Time elapsed: 0 s - in com.thealgorithms.maths.BinaryPowTest
[dd0f5d59-1290-409f-b73f-dced5b4ae23c/build]   | [INFO] Running com.thealgorithms.maths.ReverseNumberTest
[dd0f5d59-1290-409f-b73f-dced5b4ae23c/build]   | [INFO] Tests run: 2, Failures: 0, Errors: 0, Skipped: 0, Time elapsed: 0 s - in com.thealgorithms.maths.ReverseNumberTest
[dd0f5d59-1290-409f-b73f-dced5b4ae23c/build]   | [INFO] 
[dd0f5d59-1290-409f-b73f-dced5b4ae23c/build]   | [INFO] Results:
[dd0f5d59-1290-409f-b73f-dced5b4ae23c/build]   | [INFO] 
[dd0f5d59-1290-409f-b73f-dced5b4ae23c/build]   | [INFO] Tests run: 3934, Failures: 0, Errors: 0, Skipped: 0
[dd0f5d59-1290-409f-b73f-dced5b4ae23c/build]   | [INFO] 
[dd0f5d59-1290-409f-b73f-dced5b4ae23c/build]   | [INFO] 
[dd0f5d59-1290-409f-b73f-dced5b4ae23c/build]   | [INFO] --- maven-jar-plugin:2.4:jar (default-jar) @ Java ---
[dd0f5d59-1290-409f-b73f-dced5b4ae23c/build]   | [INFO] Downloading from central: https://repo.maven.apache.org/maven2/org/apache/maven/maven-archiver/2.5/maven-archiver-2.5.pom
[dd0f5d59-1290-409f-b73f-dced5b4ae23c/build]   | [INFO] Downloaded from central: https://repo.maven.apache.org/maven2/org/apache/maven/maven-archiver/2.5/maven-archiver-2.5.pom (4.5 kB at 175 kB/s)
[dd0f5d59-1290-409f-b73f-dced5b4ae23c/build]   | [INFO] Downloading from central: https://repo.maven.apache.org/maven2/org/codehaus/plexus/plexus-archiver/2.1/plexus-archiver-2.1.pom
[dd0f5d59-1290-409f-b73f-dced5b4ae23c/build]   | [INFO] Downloaded from central: https://repo.maven.apache.org/maven2/org/codehaus/plexus/plexus-archiver/2.1/plexus-archiver-2.1.pom (2.8 kB at 134 kB/s)
[dd0f5d59-1290-409f-b73f-dced5b4ae23c/build]   | [INFO] Downloading from central: https://repo.maven.apache.org/maven2/org/sonatype/spice/spice-parent/17/spice-parent-17.pom
[dd0f5d59-1290-409f-b73f-dced5b4ae23c/build]   | [INFO] Downloaded from central: https://repo.maven.apache.org/maven2/org/sonatype/spice/spice-parent/17/spice-parent-17.pom (6.8 kB at 307 kB/s)
[dd0f5d59-1290-409f-b73f-dced5b4ae23c/build]   | [INFO] Downloading from central: https://repo.maven.apache.org/maven2/org/codehaus/plexus/plexus-utils/3.0/plexus-utils-3.0.pom
[dd0f5d59-1290-409f-b73f-dced5b4ae23c/build]   | [INFO] Downloaded from central: https://repo.maven.apache.org/maven2/org/codehaus/plexus/plexus-utils/3.0/plexus-utils-3.0.pom (4.1 kB at 185 kB/s)
[dd0f5d59-1290-409f-b73f-dced5b4ae23c/build]   | [INFO] Downloading from central: https://repo.maven.apache.org/maven2/org/sonatype/spice/spice-parent/16/spice-parent-16.pom
[dd0f5d59-1290-409f-b73f-dced5b4ae23c/build]   | [INFO] Downloaded from central: https://repo.maven.apache.org/maven2/org/sonatype/spice/spice-parent/16/spice-parent-16.pom (8.4 kB at 363 kB/s)
[dd0f5d59-1290-409f-b73f-dced5b4ae23c/build]   | [INFO] Downloading from central: https://repo.maven.apache.org/maven2/org/sonatype/forge/forge-parent/5/forge-parent-5.pom
[dd0f5d59-1290-409f-b73f-dced5b4ae23c/build]   | [INFO] Downloaded from central: https://repo.maven.apache.org/maven2/org/sonatype/forge/forge-parent/5/forge-parent-5.pom (8.4 kB at 398 kB/s)
[dd0f5d59-1290-409f-b73f-dced5b4ae23c/build]   | [INFO] Downloading from central: https://repo.maven.apache.org/maven2/org/codehaus/plexus/plexus-io/2.0.2/plexus-io-2.0.2.pom
[dd0f5d59-1290-409f-b73f-dced5b4ae23c/build]   | [INFO] Downloaded from central: https://repo.maven.apache.org/maven2/org/codehaus/plexus/plexus-io/2.0.2/plexus-io-2.0.2.pom (1.7 kB at 91 kB/s)
[dd0f5d59-1290-409f-b73f-dced5b4ae23c/build]   | [INFO] Downloading from central: https://repo.maven.apache.org/maven2/org/codehaus/plexus/plexus-components/1.1.19/plexus-components-1.1.19.pom
[dd0f5d59-1290-409f-b73f-dced5b4ae23c/build]   | [INFO] Downloaded from central: https://repo.maven.apache.org/maven2/org/codehaus/plexus/plexus-components/1.1.19/plexus-components-1.1.19.pom (2.7 kB at 142 kB/s)
[dd0f5d59-1290-409f-b73f-dced5b4ae23c/build]   | [INFO] Downloading from central: https://repo.maven.apache.org/maven2/org/codehaus/plexus/plexus/3.0.1/plexus-3.0.1.pom
[dd0f5d59-1290-409f-b73f-dced5b4ae23c/build]   | [INFO] Downloaded from central: https://repo.maven.apache.org/maven2/org/codehaus/plexus/plexus/3.0.1/plexus-3.0.1.pom (19 kB at 846 kB/s)
[dd0f5d59-1290-409f-b73f-dced5b4ae23c/build]   | [INFO] Downloading from central: https://repo.maven.apache.org/maven2/org/codehaus/plexus/plexus-interpolation/1.15/plexus-interpolation-1.15.pom
[dd0f5d59-1290-409f-b73f-dced5b4ae23c/build]   | [INFO] Downloaded from central: https://repo.maven.apache.org/maven2/org/codehaus/plexus/plexus-interpolation/1.15/plexus-interpolation-1.15.pom (1.0 kB at 51 kB/s)
[dd0f5d59-1290-409f-b73f-dced5b4ae23c/build]   | [INFO] Downloading from central: https://repo.maven.apache.org/maven2/commons-lang/commons-lang/2.1/commons-lang-2.1.pom
[dd0f5d59-1290-409f-b73f-dced5b4ae23c/build]   | [INFO] Downloaded from central: https://repo.maven.apache.org/maven2/commons-lang/commons-lang/2.1/commons-lang-2.1.pom (9.9 kB at 451 kB/s)
[dd0f5d59-1290-409f-b73f-dced5b4ae23c/build]   | [INFO] Downloading from central: https://repo.maven.apache.org/maven2/classworlds/classworlds/1.1-alpha-2/classworlds-1.1-alpha-2.jar
[dd0f5d59-1290-409f-b73f-dced5b4ae23c/build]   | [INFO] Downloading from central: https://repo.maven.apache.org/maven2/org/apache/maven/maven-archiver/2.5/maven-archiver-2.5.jar
[dd0f5d59-1290-409f-b73f-dced5b4ae23c/build]   | [INFO] Downloading from central: https://repo.maven.apache.org/maven2/org/codehaus/plexus/plexus-interpolation/1.15/plexus-interpolation-1.15.jar
[dd0f5d59-1290-409f-b73f-dced5b4ae23c/build]   | [INFO] Downloading from central: https://repo.maven.apache.org/maven2/org/codehaus/plexus/plexus-archiver/2.1/plexus-archiver-2.1.jar
[dd0f5d59-1290-409f-b73f-dced5b4ae23c/build]   | [INFO] Downloading from central: https://repo.maven.apache.org/maven2/org/codehaus/plexus/plexus-io/2.0.2/plexus-io-2.0.2.jar
[dd0f5d59-1290-409f-b73f-dced5b4ae23c/build]   | [INFO] Downloaded from central: https://repo.maven.apache.org/maven2/org/apache/maven/maven-archiver/2.5/maven-archiver-2.5.jar (22 kB at 808 kB/s)
[dd0f5d59-1290-409f-b73f-dced5b4ae23c/build]   | [INFO] Downloading from central: https://repo.maven.apache.org/maven2/commons-lang/commons-lang/2.1/commons-lang-2.1.jar
[dd0f5d59-1290-409f-b73f-dced5b4ae23c/build]   | [INFO] Downloaded from central: https://repo.maven.apache.org/maven2/org/codehaus/plexus/plexus-io/2.0.2/plexus-io-2.0.2.jar (58 kB at 2.0 MB/s)
[dd0f5d59-1290-409f-b73f-dced5b4ae23c/build]   | [INFO] Downloading from central: https://repo.maven.apache.org/maven2/org/codehaus/plexus/plexus-utils/3.0/plexus-utils-3.0.jar
[dd0f5d59-1290-409f-b73f-dced5b4ae23c/build]   | [INFO] Downloaded from central: https://repo.maven.apache.org/maven2/classworlds/classworlds/1.1-alpha-2/classworlds-1.1-alpha-2.jar (38 kB at 1.2 MB/s)
[dd0f5d59-1290-409f-b73f-dced5b4ae23c/build]   | [INFO] Downloaded from central: https://repo.maven.apache.org/maven2/org/codehaus/plexus/plexus-interpolation/1.15/plexus-interpolation-1.15.jar (60 kB at 1.2 MB/s)
[dd0f5d59-1290-409f-b73f-dced5b4ae23c/build]   | [INFO] Downloaded from central: https://repo.maven.apache.org/maven2/org/codehaus/plexus/plexus-archiver/2.1/plexus-archiver-2.1.jar (184 kB at 3.1 MB/s)
[dd0f5d59-1290-409f-b73f-dced5b4ae23c/build]   | [INFO] Downloaded from central: https://repo.maven.apache.org/maven2/org/codehaus/plexus/plexus-utils/3.0/plexus-utils-3.0.jar (226 kB at 2.3 MB/s)
[dd0f5d59-1290-409f-b73f-dced5b4ae23c/build]   | [INFO] Downloaded from central: https://repo.maven.apache.org/maven2/commons-lang/commons-lang/2.1/commons-lang-2.1.jar (208 kB at 1.8 MB/s)
[dd0f5d59-1290-409f-b73f-dced5b4ae23c/build]   | [INFO] Building jar: /tmp/15a1b9d4-edb6-40f8-99d6-c205bed039ce/target/Java-1.0-SNAPSHOT.jar
[dd0f5d59-1290-409f-b73f-dced5b4ae23c/build]   | [INFO] ------------------------------------------------------------------------
[dd0f5d59-1290-409f-b73f-dced5b4ae23c/build]   | [INFO] BUILD SUCCESS
[dd0f5d59-1290-409f-b73f-dced5b4ae23c/build]   | [INFO] ------------------------------------------------------------------------
[dd0f5d59-1290-409f-b73f-dced5b4ae23c/build]   | [INFO] Total time:  01:15 min
[dd0f5d59-1290-409f-b73f-dced5b4ae23c/build]   | [INFO] Finished at: 2023-11-27T02:53:29Z
[dd0f5d59-1290-409f-b73f-dced5b4ae23c/build]   | [INFO] ------------------------------------------------------------------------
[dd0f5d59-1290-409f-b73f-dced5b4ae23c/build]   ‚úÖ  Success - Main Build with Maven
[dd0f5d59-1290-409f-b73f-dced5b4ae23c/build] unable to get git ref: failed to identify reference (tag/branch) for the checked-out revision 'f83008d80a7729dc73948886b1879b1d4d93a894'
[dd0f5d59-1290-409f-b73f-dced5b4ae23c/build] unable to get git ref: failed to identify reference (tag/branch) for the checked-out revision 'f83008d80a7729dc73948886b1879b1d4d93a894'
[dd0f5d59-1290-409f-b73f-dced5b4ae23c/build] unable to get git ref: failed to identify reference (tag/branch) for the checked-out revision 'f83008d80a7729dc73948886b1879b1d4d93a894'
[dd0f5d59-1290-409f-b73f-dced5b4ae23c/build] unable to get git ref: failed to identify reference (tag/branch) for the checked-out revision 'f83008d80a7729dc73948886b1879b1d4d93a894'
[dd0f5d59-1290-409f-b73f-dced5b4ae23c/build] unable to get git ref: failed to identify reference (tag/branch) for the checked-out revision 'f83008d80a7729dc73948886b1879b1d4d93a894'
[dd0f5d59-1290-409f-b73f-dced5b4ae23c/build] ‚≠ê Run Post Set up JDK 17
[dd0f5d59-1290-409f-b73f-dced5b4ae23c/build]   üê≥  docker exec cmd=[node /var/run/act/actions/actions-setup-java@v2/dist/cleanup/index.js] user= workdir=
[dd0f5d59-1290-409f-b73f-dced5b4ae23c/build]   ‚úÖ  Success - Post Set up JDK 17
[dd0f5d59-1290-409f-b73f-dced5b4ae23c/build] üèÅ  Job succeeded
[dd0f5d59-1290-409f-b73f-dced5b4ae23c/build] unable to get git ref: failed to identify reference (tag/branch) for the checked-out revision 'f83008d80a7729dc73948886b1879b1d4d93a894'
