[b581f5cb-6931-4fd1-bcca-1387f934baa6/build] üöÄ  Start image=gitbugactions:latest
[b581f5cb-6931-4fd1-bcca-1387f934baa6/build]   üê≥  docker pull image=gitbugactions:latest platform= username= forcePull=false
[b581f5cb-6931-4fd1-bcca-1387f934baa6/build]   üê≥  docker create image=gitbugactions:latest platform= entrypoint=["tail" "-f" "/dev/null"] cmd=[]
[b581f5cb-6931-4fd1-bcca-1387f934baa6/build]   üê≥  docker run image=gitbugactions:latest platform= entrypoint=["tail" "-f" "/dev/null"] cmd=[]
[b581f5cb-6931-4fd1-bcca-1387f934baa6/build]   üê≥  docker exec cmd=[chown -R 1012:1013 /tmp/15a1b9d4-edb6-40f8-99d6-c205bed039ce] user=0 workdir=
[b581f5cb-6931-4fd1-bcca-1387f934baa6/build] unable to get git ref: failed to identify reference (tag/branch) for the checked-out revision 'cc9afea03634099f464c8115cca5afe21fec2781'
[b581f5cb-6931-4fd1-bcca-1387f934baa6/build] unable to get git ref: failed to identify reference (tag/branch) for the checked-out revision 'cc9afea03634099f464c8115cca5afe21fec2781'
[b581f5cb-6931-4fd1-bcca-1387f934baa6/build] unable to get git ref: failed to identify reference (tag/branch) for the checked-out revision 'cc9afea03634099f464c8115cca5afe21fec2781'
[b581f5cb-6931-4fd1-bcca-1387f934baa6/build] unable to get git ref: failed to identify reference (tag/branch) for the checked-out revision 'cc9afea03634099f464c8115cca5afe21fec2781'
[b581f5cb-6931-4fd1-bcca-1387f934baa6/build] unable to get git ref: failed to identify reference (tag/branch) for the checked-out revision 'cc9afea03634099f464c8115cca5afe21fec2781'
[b581f5cb-6931-4fd1-bcca-1387f934baa6/build] unable to get git ref: failed to identify reference (tag/branch) for the checked-out revision 'cc9afea03634099f464c8115cca5afe21fec2781'
[b581f5cb-6931-4fd1-bcca-1387f934baa6/build] unable to get git ref: failed to identify reference (tag/branch) for the checked-out revision 'cc9afea03634099f464c8115cca5afe21fec2781'
[b581f5cb-6931-4fd1-bcca-1387f934baa6/build] unable to get git ref: failed to identify reference (tag/branch) for the checked-out revision 'cc9afea03634099f464c8115cca5afe21fec2781'
[b581f5cb-6931-4fd1-bcca-1387f934baa6/build] unable to get git ref: failed to identify reference (tag/branch) for the checked-out revision 'cc9afea03634099f464c8115cca5afe21fec2781'
[b581f5cb-6931-4fd1-bcca-1387f934baa6/build] ‚≠ê Run Main actions/checkout@v2
[b581f5cb-6931-4fd1-bcca-1387f934baa6/build] unable to get git ref: failed to identify reference (tag/branch) for the checked-out revision 'cc9afea03634099f464c8115cca5afe21fec2781'
[b581f5cb-6931-4fd1-bcca-1387f934baa6/build] unable to get git ref: failed to identify reference (tag/branch) for the checked-out revision 'cc9afea03634099f464c8115cca5afe21fec2781'
[b581f5cb-6931-4fd1-bcca-1387f934baa6/build]   üê≥  docker cp src=/tmp/15a1b9d4-edb6-40f8-99d6-c205bed039ce/. dst=/tmp/15a1b9d4-edb6-40f8-99d6-c205bed039ce
[b581f5cb-6931-4fd1-bcca-1387f934baa6/build]   üê≥  docker exec cmd=[chown -R 1012:1013 /tmp/15a1b9d4-edb6-40f8-99d6-c205bed039ce] user=0 workdir=
[b581f5cb-6931-4fd1-bcca-1387f934baa6/build]   ‚úÖ  Success - Main actions/checkout@v2
[b581f5cb-6931-4fd1-bcca-1387f934baa6/build] unable to get git ref: failed to identify reference (tag/branch) for the checked-out revision 'cc9afea03634099f464c8115cca5afe21fec2781'
[b581f5cb-6931-4fd1-bcca-1387f934baa6/build] unable to get git ref: failed to identify reference (tag/branch) for the checked-out revision 'cc9afea03634099f464c8115cca5afe21fec2781'
[b581f5cb-6931-4fd1-bcca-1387f934baa6/build] unable to get git ref: failed to identify reference (tag/branch) for the checked-out revision 'cc9afea03634099f464c8115cca5afe21fec2781'
[b581f5cb-6931-4fd1-bcca-1387f934baa6/build] unable to get git ref: failed to identify reference (tag/branch) for the checked-out revision 'cc9afea03634099f464c8115cca5afe21fec2781'
[b581f5cb-6931-4fd1-bcca-1387f934baa6/build] unable to get git ref: failed to identify reference (tag/branch) for the checked-out revision 'cc9afea03634099f464c8115cca5afe21fec2781'
[b581f5cb-6931-4fd1-bcca-1387f934baa6/build] ‚≠ê Run Main Set up JDK 17
[b581f5cb-6931-4fd1-bcca-1387f934baa6/build] unable to get git ref: failed to identify reference (tag/branch) for the checked-out revision 'cc9afea03634099f464c8115cca5afe21fec2781'
[b581f5cb-6931-4fd1-bcca-1387f934baa6/build] unable to get git ref: failed to identify reference (tag/branch) for the checked-out revision 'cc9afea03634099f464c8115cca5afe21fec2781'
[b581f5cb-6931-4fd1-bcca-1387f934baa6/build] unable to get git ref: failed to identify reference (tag/branch) for the checked-out revision 'cc9afea03634099f464c8115cca5afe21fec2781'
[b581f5cb-6931-4fd1-bcca-1387f934baa6/build]   üê≥  docker cp src=/tmp/act-cache/80aca6b1-1cdc-490c-bd64-d0d90a7d42fb/act/actions-setup-java@v2/ dst=/var/run/act/actions/actions-setup-java@v2/
[b581f5cb-6931-4fd1-bcca-1387f934baa6/build]   üê≥  docker exec cmd=[chown -R 1012:1013 /var/run/act/actions/actions-setup-java@v2/] user=0 workdir=
[b581f5cb-6931-4fd1-bcca-1387f934baa6/build]   üê≥  docker exec cmd=[node /var/run/act/actions/actions-setup-java@v2/dist/setup/index.js] user= workdir=
[b581f5cb-6931-4fd1-bcca-1387f934baa6/build]   | Trying to resolve the latest version from remote
[b581f5cb-6931-4fd1-bcca-1387f934baa6/build]   | Resolved latest version as 17.0.9+9
[b581f5cb-6931-4fd1-bcca-1387f934baa6/build]   | Trying to download...
[b581f5cb-6931-4fd1-bcca-1387f934baa6/build]   | Downloading Java 17.0.9+9 (Adopt-Hotspot) from https://github.com/adoptium/temurin17-binaries/releases/download/jdk-17.0.9%2B9/OpenJDK17U-jdk_x64_linux_hotspot_17.0.9_9.tar.gz ...
[b581f5cb-6931-4fd1-bcca-1387f934baa6/build]   üí¨  ::debug::Downloading https://github.com/adoptium/temurin17-binaries/releases/download/jdk-17.0.9%252B9/OpenJDK17U-jdk_x64_linux_hotspot_17.0.9_9.tar.gz
[b581f5cb-6931-4fd1-bcca-1387f934baa6/build]   üí¨  ::debug::Destination /tmp/66c32614-9fd6-47da-ac3b-7a30cd68e29f
[b581f5cb-6931-4fd1-bcca-1387f934baa6/build]   üí¨  ::debug::download complete
[b581f5cb-6931-4fd1-bcca-1387f934baa6/build]   | Extracting Java archive...
[b581f5cb-6931-4fd1-bcca-1387f934baa6/build]   üí¨  ::debug::Checking tar --version
[b581f5cb-6931-4fd1-bcca-1387f934baa6/build]   üí¨  ::debug::tar (GNU tar) 1.34%0ACopyright (C) 2021 Free Software Foundation, Inc.%0ALicense GPLv3+: GNU GPL version 3 or later <https://gnu.org/licenses/gpl.html>.%0AThis is free software: you are free to change and redistribute it.%0AThere is NO WARRANTY, to the extent permitted by law.%0A%0AWritten by John Gilmore and Jay Fenlason.
[b581f5cb-6931-4fd1-bcca-1387f934baa6/build]   | [command]/usr/bin/tar xz --warning=no-unknown-keyword -C /tmp/fe983486-a7a5-4722-a654-fa2bd216cfb9 -f /tmp/66c32614-9fd6-47da-ac3b-7a30cd68e29f
[b581f5cb-6931-4fd1-bcca-1387f934baa6/build]   üí¨  ::debug::Caching tool Java_Adopt_jdk 17.0.9-9 x64
[b581f5cb-6931-4fd1-bcca-1387f934baa6/build]   üí¨  ::debug::source dir: /tmp/fe983486-a7a5-4722-a654-fa2bd216cfb9/jdk-17.0.9+9
[b581f5cb-6931-4fd1-bcca-1387f934baa6/build]   üí¨  ::debug::destination /opt/hostedtoolcache/Java_Adopt_jdk/17.0.9-9/x64
[b581f5cb-6931-4fd1-bcca-1387f934baa6/build]   üí¨  ::debug::finished caching tool
[b581f5cb-6931-4fd1-bcca-1387f934baa6/build]   | Java 17.0.9+9 was downloaded
[b581f5cb-6931-4fd1-bcca-1387f934baa6/build]   | Setting Java 17.0.9+9 as the default
[b581f5cb-6931-4fd1-bcca-1387f934baa6/build]   | 
[b581f5cb-6931-4fd1-bcca-1387f934baa6/build]   | Java configuration:
[b581f5cb-6931-4fd1-bcca-1387f934baa6/build]   |   Distribution: adopt
[b581f5cb-6931-4fd1-bcca-1387f934baa6/build]   |   Version: 17.0.9+9
[b581f5cb-6931-4fd1-bcca-1387f934baa6/build]   |   Path: /opt/hostedtoolcache/Java_Adopt_jdk/17.0.9-9/x64
[b581f5cb-6931-4fd1-bcca-1387f934baa6/build]   | 
[b581f5cb-6931-4fd1-bcca-1387f934baa6/build]   ‚ùì add-matcher /run/act/actions/actions-setup-java@v2/.github/java.json
[b581f5cb-6931-4fd1-bcca-1387f934baa6/build]   | Creating settings.xml with server-id: github
[b581f5cb-6931-4fd1-bcca-1387f934baa6/build]   | Writing to /home/runner/.m2/settings.xml
[b581f5cb-6931-4fd1-bcca-1387f934baa6/build]   ‚úÖ  Success - Main Set up JDK 17
[b581f5cb-6931-4fd1-bcca-1387f934baa6/build]   ‚öô  ::set-env:: JAVA_HOME=/opt/hostedtoolcache/Java_Adopt_jdk/17.0.9-9/x64
[b581f5cb-6931-4fd1-bcca-1387f934baa6/build]   ‚öô  ::set-output:: distribution=Adopt-Hotspot
[b581f5cb-6931-4fd1-bcca-1387f934baa6/build]   ‚öô  ::set-output:: path=/opt/hostedtoolcache/Java_Adopt_jdk/17.0.9-9/x64
[b581f5cb-6931-4fd1-bcca-1387f934baa6/build]   ‚öô  ::set-output:: version=17.0.9+9
[b581f5cb-6931-4fd1-bcca-1387f934baa6/build]   ‚öô  ::add-path:: /opt/hostedtoolcache/Java_Adopt_jdk/17.0.9-9/x64/bin
[b581f5cb-6931-4fd1-bcca-1387f934baa6/build] unable to get git ref: failed to identify reference (tag/branch) for the checked-out revision 'cc9afea03634099f464c8115cca5afe21fec2781'
[b581f5cb-6931-4fd1-bcca-1387f934baa6/build] unable to get git ref: failed to identify reference (tag/branch) for the checked-out revision 'cc9afea03634099f464c8115cca5afe21fec2781'
[b581f5cb-6931-4fd1-bcca-1387f934baa6/build] unable to get git ref: failed to identify reference (tag/branch) for the checked-out revision 'cc9afea03634099f464c8115cca5afe21fec2781'
[b581f5cb-6931-4fd1-bcca-1387f934baa6/build] unable to get git ref: failed to identify reference (tag/branch) for the checked-out revision 'cc9afea03634099f464c8115cca5afe21fec2781'
[b581f5cb-6931-4fd1-bcca-1387f934baa6/build] unable to get git ref: failed to identify reference (tag/branch) for the checked-out revision 'cc9afea03634099f464c8115cca5afe21fec2781'
[b581f5cb-6931-4fd1-bcca-1387f934baa6/build] ‚≠ê Run Main Build with Maven
[b581f5cb-6931-4fd1-bcca-1387f934baa6/build] unable to get git ref: failed to identify reference (tag/branch) for the checked-out revision 'cc9afea03634099f464c8115cca5afe21fec2781'
[b581f5cb-6931-4fd1-bcca-1387f934baa6/build] unable to get git ref: failed to identify reference (tag/branch) for the checked-out revision 'cc9afea03634099f464c8115cca5afe21fec2781'
[b581f5cb-6931-4fd1-bcca-1387f934baa6/build] unable to get git ref: failed to identify reference (tag/branch) for the checked-out revision 'cc9afea03634099f464c8115cca5afe21fec2781'
[b581f5cb-6931-4fd1-bcca-1387f934baa6/build] unable to get git ref: failed to identify reference (tag/branch) for the checked-out revision 'cc9afea03634099f464c8115cca5afe21fec2781'
[b581f5cb-6931-4fd1-bcca-1387f934baa6/build]   üê≥  docker exec cmd=[bash --noprofile --norc -e -o pipefail /var/run/act/workflow/2] user= workdir=
[b581f5cb-6931-4fd1-bcca-1387f934baa6/build]   | [INFO] Scanning for projects...
[b581f5cb-6931-4fd1-bcca-1387f934baa6/build]   | [INFO] Downloading from central: https://repo.maven.apache.org/maven2/org/junit/junit-bom/5.8.2/junit-bom-5.8.2.pom
[b581f5cb-6931-4fd1-bcca-1387f934baa6/build]   | [INFO] Downloaded from central: https://repo.maven.apache.org/maven2/org/junit/junit-bom/5.8.2/junit-bom-5.8.2.pom (5.6 kB at 15 kB/s)
[b581f5cb-6931-4fd1-bcca-1387f934baa6/build]   | [INFO] 
[b581f5cb-6931-4fd1-bcca-1387f934baa6/build]   | [INFO] -----------------------< com.thealgorithms:Java >-----------------------
[b581f5cb-6931-4fd1-bcca-1387f934baa6/build]   | [INFO] Building Java 1.0-SNAPSHOT
[b581f5cb-6931-4fd1-bcca-1387f934baa6/build]   | [INFO]   from pom.xml
[b581f5cb-6931-4fd1-bcca-1387f934baa6/build]   | [INFO] --------------------------------[ jar ]---------------------------------
[b581f5cb-6931-4fd1-bcca-1387f934baa6/build]   | [INFO] Downloading from central: https://repo.maven.apache.org/maven2/org/apache/maven/plugins/maven-resources-plugin/2.6/maven-resources-plugin-2.6.pom
[b581f5cb-6931-4fd1-bcca-1387f934baa6/build]   | [INFO] Downloaded from central: https://repo.maven.apache.org/maven2/org/apache/maven/plugins/maven-resources-plugin/2.6/maven-resources-plugin-2.6.pom (8.1 kB at 193 kB/s)
[b581f5cb-6931-4fd1-bcca-1387f934baa6/build]   | [INFO] Downloading from central: https://repo.maven.apache.org/maven2/org/apache/maven/plugins/maven-plugins/23/maven-plugins-23.pom
[b581f5cb-6931-4fd1-bcca-1387f934baa6/build]   | [INFO] Downloaded from central: https://repo.maven.apache.org/maven2/org/apache/maven/plugins/maven-plugins/23/maven-plugins-23.pom (9.2 kB at 236 kB/s)
[b581f5cb-6931-4fd1-bcca-1387f934baa6/build]   | [INFO] Downloading from central: https://repo.maven.apache.org/maven2/org/apache/maven/maven-parent/22/maven-parent-22.pom
[b581f5cb-6931-4fd1-bcca-1387f934baa6/build]   | [INFO] Downloaded from central: https://repo.maven.apache.org/maven2/org/apache/maven/maven-parent/22/maven-parent-22.pom (30 kB at 607 kB/s)
[b581f5cb-6931-4fd1-bcca-1387f934baa6/build]   | [INFO] Downloading from central: https://repo.maven.apache.org/maven2/org/apache/apache/11/apache-11.pom
[b581f5cb-6931-4fd1-bcca-1387f934baa6/build]   | [INFO] Downloaded from central: https://repo.maven.apache.org/maven2/org/apache/apache/11/apache-11.pom (15 kB at 279 kB/s)
[b581f5cb-6931-4fd1-bcca-1387f934baa6/build]   | [INFO] Downloading from central: https://repo.maven.apache.org/maven2/org/apache/maven/plugins/maven-resources-plugin/2.6/maven-resources-plugin-2.6.jar
[b581f5cb-6931-4fd1-bcca-1387f934baa6/build]   | [INFO] Downloaded from central: https://repo.maven.apache.org/maven2/org/apache/maven/plugins/maven-resources-plugin/2.6/maven-resources-plugin-2.6.jar (30 kB at 602 kB/s)
[b581f5cb-6931-4fd1-bcca-1387f934baa6/build]   | [INFO] Downloading from central: https://repo.maven.apache.org/maven2/org/apache/maven/plugins/maven-compiler-plugin/3.10.1/maven-compiler-plugin-3.10.1.pom
[b581f5cb-6931-4fd1-bcca-1387f934baa6/build]   | [INFO] Downloaded from central: https://repo.maven.apache.org/maven2/org/apache/maven/plugins/maven-compiler-plugin/3.10.1/maven-compiler-plugin-3.10.1.pom (13 kB at 287 kB/s)
[b581f5cb-6931-4fd1-bcca-1387f934baa6/build]   | [INFO] Downloading from central: https://repo.maven.apache.org/maven2/org/apache/maven/plugins/maven-plugins/34/maven-plugins-34.pom
[b581f5cb-6931-4fd1-bcca-1387f934baa6/build]   | [INFO] Downloaded from central: https://repo.maven.apache.org/maven2/org/apache/maven/plugins/maven-plugins/34/maven-plugins-34.pom (11 kB at 194 kB/s)
[b581f5cb-6931-4fd1-bcca-1387f934baa6/build]   | [INFO] Downloading from central: https://repo.maven.apache.org/maven2/org/apache/maven/maven-parent/34/maven-parent-34.pom
[b581f5cb-6931-4fd1-bcca-1387f934baa6/build]   | [INFO] Downloaded from central: https://repo.maven.apache.org/maven2/org/apache/maven/maven-parent/34/maven-parent-34.pom (43 kB at 1.3 MB/s)
[b581f5cb-6931-4fd1-bcca-1387f934baa6/build]   | [INFO] Downloading from central: https://repo.maven.apache.org/maven2/org/apache/apache/23/apache-23.pom
[b581f5cb-6931-4fd1-bcca-1387f934baa6/build]   | [INFO] Downloaded from central: https://repo.maven.apache.org/maven2/org/apache/apache/23/apache-23.pom (18 kB at 682 kB/s)
[b581f5cb-6931-4fd1-bcca-1387f934baa6/build]   | [INFO] Downloading from central: https://repo.maven.apache.org/maven2/org/apache/maven/plugins/maven-compiler-plugin/3.10.1/maven-compiler-plugin-3.10.1.jar
[b581f5cb-6931-4fd1-bcca-1387f934baa6/build]   | [INFO] Downloaded from central: https://repo.maven.apache.org/maven2/org/apache/maven/plugins/maven-compiler-plugin/3.10.1/maven-compiler-plugin-3.10.1.jar (62 kB at 1.8 MB/s)
[b581f5cb-6931-4fd1-bcca-1387f934baa6/build]   | [INFO] Downloading from central: https://repo.maven.apache.org/maven2/org/apache/maven/plugins/maven-surefire-plugin/2.22.2/maven-surefire-plugin-2.22.2.pom
[b581f5cb-6931-4fd1-bcca-1387f934baa6/build]   | [INFO] Downloaded from central: https://repo.maven.apache.org/maven2/org/apache/maven/plugins/maven-surefire-plugin/2.22.2/maven-surefire-plugin-2.22.2.pom (5.0 kB at 151 kB/s)
[b581f5cb-6931-4fd1-bcca-1387f934baa6/build]   | [INFO] Downloading from central: https://repo.maven.apache.org/maven2/org/apache/maven/surefire/surefire/2.22.2/surefire-2.22.2.pom
[b581f5cb-6931-4fd1-bcca-1387f934baa6/build]   | [INFO] Downloaded from central: https://repo.maven.apache.org/maven2/org/apache/maven/surefire/surefire/2.22.2/surefire-2.22.2.pom (26 kB at 759 kB/s)
[b581f5cb-6931-4fd1-bcca-1387f934baa6/build]   | [INFO] Downloading from central: https://repo.maven.apache.org/maven2/org/apache/maven/maven-parent/33/maven-parent-33.pom
[b581f5cb-6931-4fd1-bcca-1387f934baa6/build]   | [INFO] Downloaded from central: https://repo.maven.apache.org/maven2/org/apache/maven/maven-parent/33/maven-parent-33.pom (44 kB at 1.8 MB/s)
[b581f5cb-6931-4fd1-bcca-1387f934baa6/build]   | [INFO] Downloading from central: https://repo.maven.apache.org/maven2/org/apache/apache/21/apache-21.pom
[b581f5cb-6931-4fd1-bcca-1387f934baa6/build]   | [INFO] Downloaded from central: https://repo.maven.apache.org/maven2/org/apache/apache/21/apache-21.pom (17 kB at 503 kB/s)
[b581f5cb-6931-4fd1-bcca-1387f934baa6/build]   | [INFO] Downloading from central: https://repo.maven.apache.org/maven2/org/apache/maven/plugins/maven-surefire-plugin/2.22.2/maven-surefire-plugin-2.22.2.jar
[b581f5cb-6931-4fd1-bcca-1387f934baa6/build]   | [INFO] Downloaded from central: https://repo.maven.apache.org/maven2/org/apache/maven/plugins/maven-surefire-plugin/2.22.2/maven-surefire-plugin-2.22.2.jar (41 kB at 1.3 MB/s)
[b581f5cb-6931-4fd1-bcca-1387f934baa6/build]   | [INFO] Downloading from central: https://repo.maven.apache.org/maven2/org/apache/maven/plugins/maven-jar-plugin/2.4/maven-jar-plugin-2.4.pom
[b581f5cb-6931-4fd1-bcca-1387f934baa6/build]   | [INFO] Downloaded from central: https://repo.maven.apache.org/maven2/org/apache/maven/plugins/maven-jar-plugin/2.4/maven-jar-plugin-2.4.pom (5.8 kB at 188 kB/s)
[b581f5cb-6931-4fd1-bcca-1387f934baa6/build]   | [INFO] Downloading from central: https://repo.maven.apache.org/maven2/org/apache/maven/plugins/maven-plugins/22/maven-plugins-22.pom
[b581f5cb-6931-4fd1-bcca-1387f934baa6/build]   | [INFO] Downloaded from central: https://repo.maven.apache.org/maven2/org/apache/maven/plugins/maven-plugins/22/maven-plugins-22.pom (13 kB at 450 kB/s)
[b581f5cb-6931-4fd1-bcca-1387f934baa6/build]   | [INFO] Downloading from central: https://repo.maven.apache.org/maven2/org/apache/maven/maven-parent/21/maven-parent-21.pom
[b581f5cb-6931-4fd1-bcca-1387f934baa6/build]   | [INFO] Downloaded from central: https://repo.maven.apache.org/maven2/org/apache/maven/maven-parent/21/maven-parent-21.pom (26 kB at 1.0 MB/s)
[b581f5cb-6931-4fd1-bcca-1387f934baa6/build]   | [INFO] Downloading from central: https://repo.maven.apache.org/maven2/org/apache/apache/10/apache-10.pom
[b581f5cb-6931-4fd1-bcca-1387f934baa6/build]   | [INFO] Downloaded from central: https://repo.maven.apache.org/maven2/org/apache/apache/10/apache-10.pom (15 kB at 477 kB/s)
[b581f5cb-6931-4fd1-bcca-1387f934baa6/build]   | [INFO] Downloading from central: https://repo.maven.apache.org/maven2/org/apache/maven/plugins/maven-jar-plugin/2.4/maven-jar-plugin-2.4.jar
[b581f5cb-6931-4fd1-bcca-1387f934baa6/build]   | [INFO] Downloaded from central: https://repo.maven.apache.org/maven2/org/apache/maven/plugins/maven-jar-plugin/2.4/maven-jar-plugin-2.4.jar (34 kB at 1.4 MB/s)
[b581f5cb-6931-4fd1-bcca-1387f934baa6/build]   | [INFO] Downloading from central: https://repo.maven.apache.org/maven2/org/junit/jupiter/junit-jupiter/5.9.0/junit-jupiter-5.9.0.pom
[b581f5cb-6931-4fd1-bcca-1387f934baa6/build]   | [INFO] Downloaded from central: https://repo.maven.apache.org/maven2/org/junit/jupiter/junit-jupiter/5.9.0/junit-jupiter-5.9.0.pom (3.2 kB at 145 kB/s)
[b581f5cb-6931-4fd1-bcca-1387f934baa6/build]   | [INFO] Downloading from central: https://repo.maven.apache.org/maven2/org/junit/junit-bom/5.9.0/junit-bom-5.9.0.pom
[b581f5cb-6931-4fd1-bcca-1387f934baa6/build]   | [INFO] Downloaded from central: https://repo.maven.apache.org/maven2/org/junit/junit-bom/5.9.0/junit-bom-5.9.0.pom (5.6 kB at 256 kB/s)
[b581f5cb-6931-4fd1-bcca-1387f934baa6/build]   | [INFO] Downloading from central: https://repo.maven.apache.org/maven2/org/junit/jupiter/junit-jupiter-api/5.8.2/junit-jupiter-api-5.8.2.pom
[b581f5cb-6931-4fd1-bcca-1387f934baa6/build]   | [INFO] Downloaded from central: https://repo.maven.apache.org/maven2/org/junit/jupiter/junit-jupiter-api/5.8.2/junit-jupiter-api-5.8.2.pom (3.2 kB at 227 kB/s)
[b581f5cb-6931-4fd1-bcca-1387f934baa6/build]   | [INFO] Downloading from central: https://repo.maven.apache.org/maven2/org/opentest4j/opentest4j/1.2.0/opentest4j-1.2.0.pom
[b581f5cb-6931-4fd1-bcca-1387f934baa6/build]   | [INFO] Downloaded from central: https://repo.maven.apache.org/maven2/org/opentest4j/opentest4j/1.2.0/opentest4j-1.2.0.pom (1.7 kB at 76 kB/s)
[b581f5cb-6931-4fd1-bcca-1387f934baa6/build]   | [INFO] Downloading from central: https://repo.maven.apache.org/maven2/org/junit/platform/junit-platform-commons/1.8.2/junit-platform-commons-1.8.2.pom
[b581f5cb-6931-4fd1-bcca-1387f934baa6/build]   | [INFO] Downloaded from central: https://repo.maven.apache.org/maven2/org/junit/platform/junit-platform-commons/1.8.2/junit-platform-commons-1.8.2.pom (2.8 kB at 118 kB/s)
[b581f5cb-6931-4fd1-bcca-1387f934baa6/build]   | [INFO] Downloading from central: https://repo.maven.apache.org/maven2/org/apiguardian/apiguardian-api/1.1.2/apiguardian-api-1.1.2.pom
[b581f5cb-6931-4fd1-bcca-1387f934baa6/build]   | [INFO] Downloaded from central: https://repo.maven.apache.org/maven2/org/apiguardian/apiguardian-api/1.1.2/apiguardian-api-1.1.2.pom (1.5 kB at 61 kB/s)
[b581f5cb-6931-4fd1-bcca-1387f934baa6/build]   | [INFO] Downloading from central: https://repo.maven.apache.org/maven2/org/junit/jupiter/junit-jupiter-params/5.8.2/junit-jupiter-params-5.8.2.pom
[b581f5cb-6931-4fd1-bcca-1387f934baa6/build]   | [INFO] Downloaded from central: https://repo.maven.apache.org/maven2/org/junit/jupiter/junit-jupiter-params/5.8.2/junit-jupiter-params-5.8.2.pom (3.0 kB at 150 kB/s)
[b581f5cb-6931-4fd1-bcca-1387f934baa6/build]   | [INFO] Downloading from central: https://repo.maven.apache.org/maven2/org/junit/jupiter/junit-jupiter-engine/5.8.2/junit-jupiter-engine-5.8.2.pom
[b581f5cb-6931-4fd1-bcca-1387f934baa6/build]   | [INFO] Downloaded from central: https://repo.maven.apache.org/maven2/org/junit/jupiter/junit-jupiter-engine/5.8.2/junit-jupiter-engine-5.8.2.pom (3.2 kB at 114 kB/s)
[b581f5cb-6931-4fd1-bcca-1387f934baa6/build]   | [INFO] Downloading from central: https://repo.maven.apache.org/maven2/org/junit/platform/junit-platform-engine/1.8.2/junit-platform-engine-1.8.2.pom
[b581f5cb-6931-4fd1-bcca-1387f934baa6/build]   | [INFO] Downloaded from central: https://repo.maven.apache.org/maven2/org/junit/platform/junit-platform-engine/1.8.2/junit-platform-engine-1.8.2.pom (3.2 kB at 123 kB/s)
[b581f5cb-6931-4fd1-bcca-1387f934baa6/build]   | [INFO] Downloading from central: https://repo.maven.apache.org/maven2/org/assertj/assertj-core/3.23.1/assertj-core-3.23.1.pom
[b581f5cb-6931-4fd1-bcca-1387f934baa6/build]   | [INFO] Downloaded from central: https://repo.maven.apache.org/maven2/org/assertj/assertj-core/3.23.1/assertj-core-3.23.1.pom (24 kB at 907 kB/s)
[b581f5cb-6931-4fd1-bcca-1387f934baa6/build]   | [INFO] Downloading from central: https://repo.maven.apache.org/maven2/org/assertj/assertj-parent-pom/2.2.17/assertj-parent-pom-2.2.17.pom
[b581f5cb-6931-4fd1-bcca-1387f934baa6/build]   | [INFO] Downloaded from central: https://repo.maven.apache.org/maven2/org/assertj/assertj-parent-pom/2.2.17/assertj-parent-pom-2.2.17.pom (24 kB at 1.2 MB/s)
[b581f5cb-6931-4fd1-bcca-1387f934baa6/build]   | [INFO] Downloading from central: https://repo.maven.apache.org/maven2/org/mockito/mockito-bom/4.5.1/mockito-bom-4.5.1.pom
[b581f5cb-6931-4fd1-bcca-1387f934baa6/build]   | [INFO] Downloaded from central: https://repo.maven.apache.org/maven2/org/mockito/mockito-bom/4.5.1/mockito-bom-4.5.1.pom (3.0 kB at 186 kB/s)
[b581f5cb-6931-4fd1-bcca-1387f934baa6/build]   | [INFO] Downloading from central: https://repo.maven.apache.org/maven2/net/bytebuddy/byte-buddy/1.12.10/byte-buddy-1.12.10.pom
[b581f5cb-6931-4fd1-bcca-1387f934baa6/build]   | [INFO] Downloaded from central: https://repo.maven.apache.org/maven2/net/bytebuddy/byte-buddy/1.12.10/byte-buddy-1.12.10.pom (17 kB at 874 kB/s)
[b581f5cb-6931-4fd1-bcca-1387f934baa6/build]   | [INFO] Downloading from central: https://repo.maven.apache.org/maven2/net/bytebuddy/byte-buddy-parent/1.12.10/byte-buddy-parent-1.12.10.pom
[b581f5cb-6931-4fd1-bcca-1387f934baa6/build]   | [INFO] Downloaded from central: https://repo.maven.apache.org/maven2/net/bytebuddy/byte-buddy-parent/1.12.10/byte-buddy-parent-1.12.10.pom (45 kB at 1.8 MB/s)
[b581f5cb-6931-4fd1-bcca-1387f934baa6/build]   | [INFO] Downloading from central: https://repo.maven.apache.org/maven2/org/junit/jupiter/junit-jupiter-api/5.9.0/junit-jupiter-api-5.9.0.pom
[b581f5cb-6931-4fd1-bcca-1387f934baa6/build]   | [INFO] Downloaded from central: https://repo.maven.apache.org/maven2/org/junit/jupiter/junit-jupiter-api/5.9.0/junit-jupiter-api-5.9.0.pom (3.2 kB at 177 kB/s)
[b581f5cb-6931-4fd1-bcca-1387f934baa6/build]   | [INFO] Downloading from central: https://repo.maven.apache.org/maven2/org/apache/commons/commons-lang3/3.12.0/commons-lang3-3.12.0.pom
[b581f5cb-6931-4fd1-bcca-1387f934baa6/build]   | [INFO] Downloaded from central: https://repo.maven.apache.org/maven2/org/apache/commons/commons-lang3/3.12.0/commons-lang3-3.12.0.pom (31 kB at 1.5 MB/s)
[b581f5cb-6931-4fd1-bcca-1387f934baa6/build]   | [INFO] Downloading from central: https://repo.maven.apache.org/maven2/org/apache/commons/commons-parent/52/commons-parent-52.pom
[b581f5cb-6931-4fd1-bcca-1387f934baa6/build]   | [INFO] Downloaded from central: https://repo.maven.apache.org/maven2/org/apache/commons/commons-parent/52/commons-parent-52.pom (79 kB at 2.9 MB/s)
[b581f5cb-6931-4fd1-bcca-1387f934baa6/build]   | [INFO] Downloading from central: https://repo.maven.apache.org/maven2/org/junit/junit-bom/5.7.1/junit-bom-5.7.1.pom
[b581f5cb-6931-4fd1-bcca-1387f934baa6/build]   | [INFO] Downloaded from central: https://repo.maven.apache.org/maven2/org/junit/junit-bom/5.7.1/junit-bom-5.7.1.pom (5.1 kB at 189 kB/s)
[b581f5cb-6931-4fd1-bcca-1387f934baa6/build]   | [INFO] Downloading from central: https://repo.maven.apache.org/maven2/org/junit/jupiter/junit-jupiter/5.9.0/junit-jupiter-5.9.0.jar
[b581f5cb-6931-4fd1-bcca-1387f934baa6/build]   | [INFO] Downloading from central: https://repo.maven.apache.org/maven2/org/junit/jupiter/junit-jupiter-params/5.8.2/junit-jupiter-params-5.8.2.jar
[b581f5cb-6931-4fd1-bcca-1387f934baa6/build]   | [INFO] Downloading from central: https://repo.maven.apache.org/maven2/org/junit/jupiter/junit-jupiter-engine/5.8.2/junit-jupiter-engine-5.8.2.jar
[b581f5cb-6931-4fd1-bcca-1387f934baa6/build]   | [INFO] Downloading from central: https://repo.maven.apache.org/maven2/org/junit/platform/junit-platform-engine/1.8.2/junit-platform-engine-1.8.2.jar
[b581f5cb-6931-4fd1-bcca-1387f934baa6/build]   | [INFO] Downloading from central: https://repo.maven.apache.org/maven2/org/assertj/assertj-core/3.23.1/assertj-core-3.23.1.jar
[b581f5cb-6931-4fd1-bcca-1387f934baa6/build]   | [INFO] Downloaded from central: https://repo.maven.apache.org/maven2/org/junit/jupiter/junit-jupiter/5.9.0/junit-jupiter-5.9.0.jar (6.4 kB at 318 kB/s)
[b581f5cb-6931-4fd1-bcca-1387f934baa6/build]   | [INFO] Downloading from central: https://repo.maven.apache.org/maven2/net/bytebuddy/byte-buddy/1.12.10/byte-buddy-1.12.10.jar
[b581f5cb-6931-4fd1-bcca-1387f934baa6/build]   | [INFO] Downloaded from central: https://repo.maven.apache.org/maven2/org/junit/platform/junit-platform-engine/1.8.2/junit-platform-engine-1.8.2.jar (186 kB at 1.5 MB/s)
[b581f5cb-6931-4fd1-bcca-1387f934baa6/build]   | [INFO] Downloading from central: https://repo.maven.apache.org/maven2/org/junit/jupiter/junit-jupiter-api/5.9.0/junit-jupiter-api-5.9.0.jar
[b581f5cb-6931-4fd1-bcca-1387f934baa6/build]   | [INFO] Downloaded from central: https://repo.maven.apache.org/maven2/org/junit/jupiter/junit-jupiter-engine/5.8.2/junit-jupiter-engine-5.8.2.jar (230 kB at 1.8 MB/s)
[b581f5cb-6931-4fd1-bcca-1387f934baa6/build]   | [INFO] Downloading from central: https://repo.maven.apache.org/maven2/org/opentest4j/opentest4j/1.2.0/opentest4j-1.2.0.jar
[b581f5cb-6931-4fd1-bcca-1387f934baa6/build]   | [INFO] Downloaded from central: https://repo.maven.apache.org/maven2/org/junit/jupiter/junit-jupiter-params/5.8.2/junit-jupiter-params-5.8.2.jar (577 kB at 4.2 MB/s)
[b581f5cb-6931-4fd1-bcca-1387f934baa6/build]   | [INFO] Downloading from central: https://repo.maven.apache.org/maven2/org/junit/platform/junit-platform-commons/1.8.2/junit-platform-commons-1.8.2.jar
[b581f5cb-6931-4fd1-bcca-1387f934baa6/build]   | [INFO] Downloaded from central: https://repo.maven.apache.org/maven2/org/junit/jupiter/junit-jupiter-api/5.9.0/junit-jupiter-api-5.9.0.jar (203 kB at 1.3 MB/s)
[b581f5cb-6931-4fd1-bcca-1387f934baa6/build]   | [INFO] Downloading from central: https://repo.maven.apache.org/maven2/org/apiguardian/apiguardian-api/1.1.2/apiguardian-api-1.1.2.jar
[b581f5cb-6931-4fd1-bcca-1387f934baa6/build]   | [INFO] Downloaded from central: https://repo.maven.apache.org/maven2/org/opentest4j/opentest4j/1.2.0/opentest4j-1.2.0.jar (7.7 kB at 50 kB/s)
[b581f5cb-6931-4fd1-bcca-1387f934baa6/build]   | [INFO] Downloading from central: https://repo.maven.apache.org/maven2/org/apache/commons/commons-lang3/3.12.0/commons-lang3-3.12.0.jar
[b581f5cb-6931-4fd1-bcca-1387f934baa6/build]   | [INFO] Downloaded from central: https://repo.maven.apache.org/maven2/org/junit/platform/junit-platform-commons/1.8.2/junit-platform-commons-1.8.2.jar (100 kB at 632 kB/s)
[b581f5cb-6931-4fd1-bcca-1387f934baa6/build]   | [INFO] Downloaded from central: https://repo.maven.apache.org/maven2/org/assertj/assertj-core/3.23.1/assertj-core-3.23.1.jar (1.2 MB at 7.8 MB/s)
[b581f5cb-6931-4fd1-bcca-1387f934baa6/build]   | [INFO] Downloaded from central: https://repo.maven.apache.org/maven2/org/apiguardian/apiguardian-api/1.1.2/apiguardian-api-1.1.2.jar (6.8 kB at 40 kB/s)
[b581f5cb-6931-4fd1-bcca-1387f934baa6/build]   | [INFO] Downloaded from central: https://repo.maven.apache.org/maven2/org/apache/commons/commons-lang3/3.12.0/commons-lang3-3.12.0.jar (587 kB at 3.0 MB/s)
[b581f5cb-6931-4fd1-bcca-1387f934baa6/build]   | [INFO] Downloaded from central: https://repo.maven.apache.org/maven2/net/bytebuddy/byte-buddy/1.12.10/byte-buddy-1.12.10.jar (3.8 MB at 18 MB/s)
[b581f5cb-6931-4fd1-bcca-1387f934baa6/build]   | [INFO] 
[b581f5cb-6931-4fd1-bcca-1387f934baa6/build]   | [INFO] --- maven-resources-plugin:2.6:resources (default-resources) @ Java ---
[b581f5cb-6931-4fd1-bcca-1387f934baa6/build]   | [INFO] Downloading from central: https://repo.maven.apache.org/maven2/org/apache/maven/maven-plugin-api/2.0.6/maven-plugin-api-2.0.6.pom
[b581f5cb-6931-4fd1-bcca-1387f934baa6/build]   | [INFO] Downloaded from central: https://repo.maven.apache.org/maven2/org/apache/maven/maven-plugin-api/2.0.6/maven-plugin-api-2.0.6.pom (1.5 kB at 54 kB/s)
[b581f5cb-6931-4fd1-bcca-1387f934baa6/build]   | [INFO] Downloading from central: https://repo.maven.apache.org/maven2/org/apache/maven/maven/2.0.6/maven-2.0.6.pom
[b581f5cb-6931-4fd1-bcca-1387f934baa6/build]   | [INFO] Downloaded from central: https://repo.maven.apache.org/maven2/org/apache/maven/maven/2.0.6/maven-2.0.6.pom (9.0 kB at 476 kB/s)
[b581f5cb-6931-4fd1-bcca-1387f934baa6/build]   | [INFO] Downloading from central: https://repo.maven.apache.org/maven2/org/apache/maven/maven-parent/5/maven-parent-5.pom
[b581f5cb-6931-4fd1-bcca-1387f934baa6/build]   | [INFO] Downloaded from central: https://repo.maven.apache.org/maven2/org/apache/maven/maven-parent/5/maven-parent-5.pom (15 kB at 952 kB/s)
[b581f5cb-6931-4fd1-bcca-1387f934baa6/build]   | [INFO] Downloading from central: https://repo.maven.apache.org/maven2/org/apache/apache/3/apache-3.pom
[b581f5cb-6931-4fd1-bcca-1387f934baa6/build]   | [INFO] Downloaded from central: https://repo.maven.apache.org/maven2/org/apache/apache/3/apache-3.pom (3.4 kB at 163 kB/s)
[b581f5cb-6931-4fd1-bcca-1387f934baa6/build]   | [INFO] Downloading from central: https://repo.maven.apache.org/maven2/org/apache/maven/maven-project/2.0.6/maven-project-2.0.6.pom
[b581f5cb-6931-4fd1-bcca-1387f934baa6/build]   | [INFO] Downloaded from central: https://repo.maven.apache.org/maven2/org/apache/maven/maven-project/2.0.6/maven-project-2.0.6.pom (2.6 kB at 139 kB/s)
[b581f5cb-6931-4fd1-bcca-1387f934baa6/build]   | [INFO] Downloading from central: https://repo.maven.apache.org/maven2/org/apache/maven/maven-settings/2.0.6/maven-settings-2.0.6.pom
[b581f5cb-6931-4fd1-bcca-1387f934baa6/build]   | [INFO] Downloaded from central: https://repo.maven.apache.org/maven2/org/apache/maven/maven-settings/2.0.6/maven-settings-2.0.6.pom (2.0 kB at 77 kB/s)
[b581f5cb-6931-4fd1-bcca-1387f934baa6/build]   | [INFO] Downloading from central: https://repo.maven.apache.org/maven2/org/apache/maven/maven-model/2.0.6/maven-model-2.0.6.pom
[b581f5cb-6931-4fd1-bcca-1387f934baa6/build]   | [INFO] Downloaded from central: https://repo.maven.apache.org/maven2/org/apache/maven/maven-model/2.0.6/maven-model-2.0.6.pom (3.0 kB at 169 kB/s)
[b581f5cb-6931-4fd1-bcca-1387f934baa6/build]   | [INFO] Downloading from central: https://repo.maven.apache.org/maven2/org/codehaus/plexus/plexus-utils/1.4.1/plexus-utils-1.4.1.pom
[b581f5cb-6931-4fd1-bcca-1387f934baa6/build]   | [INFO] Downloaded from central: https://repo.maven.apache.org/maven2/org/codehaus/plexus/plexus-utils/1.4.1/plexus-utils-1.4.1.pom (1.9 kB at 127 kB/s)
[b581f5cb-6931-4fd1-bcca-1387f934baa6/build]   | [INFO] Downloading from central: https://repo.maven.apache.org/maven2/org/codehaus/plexus/plexus/1.0.11/plexus-1.0.11.pom
[b581f5cb-6931-4fd1-bcca-1387f934baa6/build]   | [INFO] Downloaded from central: https://repo.maven.apache.org/maven2/org/codehaus/plexus/plexus/1.0.11/plexus-1.0.11.pom (9.0 kB at 598 kB/s)
[b581f5cb-6931-4fd1-bcca-1387f934baa6/build]   | [INFO] Downloading from central: https://repo.maven.apache.org/maven2/org/codehaus/plexus/plexus-container-default/1.0-alpha-9-stable-1/plexus-container-default-1.0-alpha-9-stable-1.pom
[b581f5cb-6931-4fd1-bcca-1387f934baa6/build]   | [INFO] Downloaded from central: https://repo.maven.apache.org/maven2/org/codehaus/plexus/plexus-container-default/1.0-alpha-9-stable-1/plexus-container-default-1.0-alpha-9-stable-1.pom (3.9 kB at 359 kB/s)
[b581f5cb-6931-4fd1-bcca-1387f934baa6/build]   | [INFO] Downloading from central: https://repo.maven.apache.org/maven2/org/codehaus/plexus/plexus-containers/1.0.3/plexus-containers-1.0.3.pom
[b581f5cb-6931-4fd1-bcca-1387f934baa6/build]   | [INFO] Downloaded from central: https://repo.maven.apache.org/maven2/org/codehaus/plexus/plexus-containers/1.0.3/plexus-containers-1.0.3.pom (492 B at 41 kB/s)
[b581f5cb-6931-4fd1-bcca-1387f934baa6/build]   | [INFO] Downloading from central: https://repo.maven.apache.org/maven2/org/codehaus/plexus/plexus/1.0.4/plexus-1.0.4.pom
[b581f5cb-6931-4fd1-bcca-1387f934baa6/build]   | [INFO] Downloaded from central: https://repo.maven.apache.org/maven2/org/codehaus/plexus/plexus/1.0.4/plexus-1.0.4.pom (5.7 kB at 522 kB/s)
[b581f5cb-6931-4fd1-bcca-1387f934baa6/build]   | [INFO] Downloading from central: https://repo.maven.apache.org/maven2/junit/junit/3.8.1/junit-3.8.1.pom
[b581f5cb-6931-4fd1-bcca-1387f934baa6/build]   | [INFO] Downloaded from central: https://repo.maven.apache.org/maven2/junit/junit/3.8.1/junit-3.8.1.pom (998 B at 59 kB/s)
[b581f5cb-6931-4fd1-bcca-1387f934baa6/build]   | [INFO] Downloading from central: https://repo.maven.apache.org/maven2/org/codehaus/plexus/plexus-utils/1.0.4/plexus-utils-1.0.4.pom
[b581f5cb-6931-4fd1-bcca-1387f934baa6/build]   | [INFO] Downloaded from central: https://repo.maven.apache.org/maven2/org/codehaus/plexus/plexus-utils/1.0.4/plexus-utils-1.0.4.pom (6.9 kB at 428 kB/s)
[b581f5cb-6931-4fd1-bcca-1387f934baa6/build]   | [INFO] Downloading from central: https://repo.maven.apache.org/maven2/classworlds/classworlds/1.1-alpha-2/classworlds-1.1-alpha-2.pom
[b581f5cb-6931-4fd1-bcca-1387f934baa6/build]   | [INFO] Downloaded from central: https://repo.maven.apache.org/maven2/classworlds/classworlds/1.1-alpha-2/classworlds-1.1-alpha-2.pom (3.1 kB at 174 kB/s)
[b581f5cb-6931-4fd1-bcca-1387f934baa6/build]   | [INFO] Downloading from central: https://repo.maven.apache.org/maven2/org/apache/maven/maven-profile/2.0.6/maven-profile-2.0.6.pom
[b581f5cb-6931-4fd1-bcca-1387f934baa6/build]   | [INFO] Downloaded from central: https://repo.maven.apache.org/maven2/org/apache/maven/maven-profile/2.0.6/maven-profile-2.0.6.pom (2.0 kB at 62 kB/s)
[b581f5cb-6931-4fd1-bcca-1387f934baa6/build]   | [INFO] Downloading from central: https://repo.maven.apache.org/maven2/org/apache/maven/maven-artifact-manager/2.0.6/maven-artifact-manager-2.0.6.pom
[b581f5cb-6931-4fd1-bcca-1387f934baa6/build]   | [INFO] Downloaded from central: https://repo.maven.apache.org/maven2/org/apache/maven/maven-artifact-manager/2.0.6/maven-artifact-manager-2.0.6.pom (2.6 kB at 164 kB/s)
[b581f5cb-6931-4fd1-bcca-1387f934baa6/build]   | [INFO] Downloading from central: https://repo.maven.apache.org/maven2/org/apache/maven/maven-repository-metadata/2.0.6/maven-repository-metadata-2.0.6.pom
[b581f5cb-6931-4fd1-bcca-1387f934baa6/build]   | [INFO] Downloaded from central: https://repo.maven.apache.org/maven2/org/apache/maven/maven-repository-metadata/2.0.6/maven-repository-metadata-2.0.6.pom (1.9 kB at 168 kB/s)
[b581f5cb-6931-4fd1-bcca-1387f934baa6/build]   | [INFO] Downloading from central: https://repo.maven.apache.org/maven2/org/apache/maven/maven-artifact/2.0.6/maven-artifact-2.0.6.pom
[b581f5cb-6931-4fd1-bcca-1387f934baa6/build]   | [INFO] Downloaded from central: https://repo.maven.apache.org/maven2/org/apache/maven/maven-artifact/2.0.6/maven-artifact-2.0.6.pom (1.6 kB at 175 kB/s)
[b581f5cb-6931-4fd1-bcca-1387f934baa6/build]   | [INFO] Downloading from central: https://repo.maven.apache.org/maven2/org/apache/maven/maven-plugin-registry/2.0.6/maven-plugin-registry-2.0.6.pom
[b581f5cb-6931-4fd1-bcca-1387f934baa6/build]   | [INFO] Downloaded from central: https://repo.maven.apache.org/maven2/org/apache/maven/maven-plugin-registry/2.0.6/maven-plugin-registry-2.0.6.pom (1.9 kB at 162 kB/s)
[b581f5cb-6931-4fd1-bcca-1387f934baa6/build]   | [INFO] Downloading from central: https://repo.maven.apache.org/maven2/org/apache/maven/maven-core/2.0.6/maven-core-2.0.6.pom
[b581f5cb-6931-4fd1-bcca-1387f934baa6/build]   | [INFO] Downloaded from central: https://repo.maven.apache.org/maven2/org/apache/maven/maven-core/2.0.6/maven-core-2.0.6.pom (6.7 kB at 479 kB/s)
[b581f5cb-6931-4fd1-bcca-1387f934baa6/build]   | [INFO] Downloading from central: https://repo.maven.apache.org/maven2/org/apache/maven/maven-plugin-parameter-documenter/2.0.6/maven-plugin-parameter-documenter-2.0.6.pom
[b581f5cb-6931-4fd1-bcca-1387f934baa6/build]   | [INFO] Downloaded from central: https://repo.maven.apache.org/maven2/org/apache/maven/maven-plugin-parameter-documenter/2.0.6/maven-plugin-parameter-documenter-2.0.6.pom (1.9 kB at 112 kB/s)
[b581f5cb-6931-4fd1-bcca-1387f934baa6/build]   | [INFO] Downloading from central: https://repo.maven.apache.org/maven2/org/apache/maven/reporting/maven-reporting-api/2.0.6/maven-reporting-api-2.0.6.pom
[b581f5cb-6931-4fd1-bcca-1387f934baa6/build]   | [INFO] Downloaded from central: https://repo.maven.apache.org/maven2/org/apache/maven/reporting/maven-reporting-api/2.0.6/maven-reporting-api-2.0.6.pom (1.8 kB at 110 kB/s)
[b581f5cb-6931-4fd1-bcca-1387f934baa6/build]   | [INFO] Downloading from central: https://repo.maven.apache.org/maven2/org/apache/maven/reporting/maven-reporting/2.0.6/maven-reporting-2.0.6.pom
[b581f5cb-6931-4fd1-bcca-1387f934baa6/build]   | [INFO] Downloaded from central: https://repo.maven.apache.org/maven2/org/apache/maven/reporting/maven-reporting/2.0.6/maven-reporting-2.0.6.pom (1.4 kB at 120 kB/s)
[b581f5cb-6931-4fd1-bcca-1387f934baa6/build]   | [INFO] Downloading from central: https://repo.maven.apache.org/maven2/org/apache/maven/doxia/doxia-sink-api/1.0-alpha-7/doxia-sink-api-1.0-alpha-7.pom
[b581f5cb-6931-4fd1-bcca-1387f934baa6/build]   | [INFO] Downloaded from central: https://repo.maven.apache.org/maven2/org/apache/maven/doxia/doxia-sink-api/1.0-alpha-7/doxia-sink-api-1.0-alpha-7.pom (424 B at 47 kB/s)
[b581f5cb-6931-4fd1-bcca-1387f934baa6/build]   | [INFO] Downloading from central: https://repo.maven.apache.org/maven2/org/apache/maven/doxia/doxia/1.0-alpha-7/doxia-1.0-alpha-7.pom
[b581f5cb-6931-4fd1-bcca-1387f934baa6/build]   | [INFO] Downloaded from central: https://repo.maven.apache.org/maven2/org/apache/maven/doxia/doxia/1.0-alpha-7/doxia-1.0-alpha-7.pom (3.9 kB at 559 kB/s)
[b581f5cb-6931-4fd1-bcca-1387f934baa6/build]   | [INFO] Downloading from central: https://repo.maven.apache.org/maven2/org/apache/maven/maven-error-diagnostics/2.0.6/maven-error-diagnostics-2.0.6.pom
[b581f5cb-6931-4fd1-bcca-1387f934baa6/build]   | [INFO] Downloaded from central: https://repo.maven.apache.org/maven2/org/apache/maven/maven-error-diagnostics/2.0.6/maven-error-diagnostics-2.0.6.pom (1.7 kB at 122 kB/s)
[b581f5cb-6931-4fd1-bcca-1387f934baa6/build]   | [INFO] Downloading from central: https://repo.maven.apache.org/maven2/commons-cli/commons-cli/1.0/commons-cli-1.0.pom
[b581f5cb-6931-4fd1-bcca-1387f934baa6/build]   | [INFO] Downloaded from central: https://repo.maven.apache.org/maven2/commons-cli/commons-cli/1.0/commons-cli-1.0.pom (2.1 kB at 210 kB/s)
[b581f5cb-6931-4fd1-bcca-1387f934baa6/build]   | [INFO] Downloading from central: https://repo.maven.apache.org/maven2/org/apache/maven/maven-plugin-descriptor/2.0.6/maven-plugin-descriptor-2.0.6.pom
[b581f5cb-6931-4fd1-bcca-1387f934baa6/build]   | [INFO] Downloaded from central: https://repo.maven.apache.org/maven2/org/apache/maven/maven-plugin-descriptor/2.0.6/maven-plugin-descriptor-2.0.6.pom (2.0 kB at 224 kB/s)
[b581f5cb-6931-4fd1-bcca-1387f934baa6/build]   | [INFO] Downloading from central: https://repo.maven.apache.org/maven2/org/codehaus/plexus/plexus-interactivity-api/1.0-alpha-4/plexus-interactivity-api-1.0-alpha-4.pom
[b581f5cb-6931-4fd1-bcca-1387f934baa6/build]   | [INFO] Downloaded from central: https://repo.maven.apache.org/maven2/org/codehaus/plexus/plexus-interactivity-api/1.0-alpha-4/plexus-interactivity-api-1.0-alpha-4.pom (7.1 kB at 591 kB/s)
[b581f5cb-6931-4fd1-bcca-1387f934baa6/build]   | [INFO] Downloading from central: https://repo.maven.apache.org/maven2/org/apache/maven/maven-monitor/2.0.6/maven-monitor-2.0.6.pom
[b581f5cb-6931-4fd1-bcca-1387f934baa6/build]   | [INFO] Downloaded from central: https://repo.maven.apache.org/maven2/org/apache/maven/maven-monitor/2.0.6/maven-monitor-2.0.6.pom (1.3 kB at 104 kB/s)
[b581f5cb-6931-4fd1-bcca-1387f934baa6/build]   | [INFO] Downloading from central: https://repo.maven.apache.org/maven2/classworlds/classworlds/1.1/classworlds-1.1.pom
[b581f5cb-6931-4fd1-bcca-1387f934baa6/build]   | [INFO] Downloaded from central: https://repo.maven.apache.org/maven2/classworlds/classworlds/1.1/classworlds-1.1.pom (3.3 kB at 416 kB/s)
[b581f5cb-6931-4fd1-bcca-1387f934baa6/build]   | [INFO] Downloading from central: https://repo.maven.apache.org/maven2/org/codehaus/plexus/plexus-utils/2.0.5/plexus-utils-2.0.5.pom
[b581f5cb-6931-4fd1-bcca-1387f934baa6/build]   | [INFO] Downloaded from central: https://repo.maven.apache.org/maven2/org/codehaus/plexus/plexus-utils/2.0.5/plexus-utils-2.0.5.pom (3.3 kB at 370 kB/s)
[b581f5cb-6931-4fd1-bcca-1387f934baa6/build]   | [INFO] Downloading from central: https://repo.maven.apache.org/maven2/org/codehaus/plexus/plexus/2.0.6/plexus-2.0.6.pom
[b581f5cb-6931-4fd1-bcca-1387f934baa6/build]   | [INFO] Downloaded from central: https://repo.maven.apache.org/maven2/org/codehaus/plexus/plexus/2.0.6/plexus-2.0.6.pom (17 kB at 2.1 MB/s)
[b581f5cb-6931-4fd1-bcca-1387f934baa6/build]   | [INFO] Downloading from central: https://repo.maven.apache.org/maven2/org/apache/maven/shared/maven-filtering/1.1/maven-filtering-1.1.pom
[b581f5cb-6931-4fd1-bcca-1387f934baa6/build]   | [INFO] Downloaded from central: https://repo.maven.apache.org/maven2/org/apache/maven/shared/maven-filtering/1.1/maven-filtering-1.1.pom (5.8 kB at 579 kB/s)
[b581f5cb-6931-4fd1-bcca-1387f934baa6/build]   | [INFO] Downloading from central: https://repo.maven.apache.org/maven2/org/apache/maven/shared/maven-shared-components/17/maven-shared-components-17.pom
[b581f5cb-6931-4fd1-bcca-1387f934baa6/build]   | [INFO] Downloaded from central: https://repo.maven.apache.org/maven2/org/apache/maven/shared/maven-shared-components/17/maven-shared-components-17.pom (8.7 kB at 967 kB/s)
[b581f5cb-6931-4fd1-bcca-1387f934baa6/build]   | [INFO] Downloading from central: https://repo.maven.apache.org/maven2/org/codehaus/plexus/plexus-utils/1.5.15/plexus-utils-1.5.15.pom
[b581f5cb-6931-4fd1-bcca-1387f934baa6/build]   | [INFO] Downloaded from central: https://repo.maven.apache.org/maven2/org/codehaus/plexus/plexus-utils/1.5.15/plexus-utils-1.5.15.pom (6.8 kB at 527 kB/s)
[b581f5cb-6931-4fd1-bcca-1387f934baa6/build]   | [INFO] Downloading from central: https://repo.maven.apache.org/maven2/org/codehaus/plexus/plexus/2.0.2/plexus-2.0.2.pom
[b581f5cb-6931-4fd1-bcca-1387f934baa6/build]   | [INFO] Downloaded from central: https://repo.maven.apache.org/maven2/org/codehaus/plexus/plexus/2.0.2/plexus-2.0.2.pom (12 kB at 1.2 MB/s)
[b581f5cb-6931-4fd1-bcca-1387f934baa6/build]   | [INFO] Downloading from central: https://repo.maven.apache.org/maven2/org/codehaus/plexus/plexus-interpolation/1.12/plexus-interpolation-1.12.pom
[b581f5cb-6931-4fd1-bcca-1387f934baa6/build]   | [INFO] Downloaded from central: https://repo.maven.apache.org/maven2/org/codehaus/plexus/plexus-interpolation/1.12/plexus-interpolation-1.12.pom (889 B at 74 kB/s)
[b581f5cb-6931-4fd1-bcca-1387f934baa6/build]   | [INFO] Downloading from central: https://repo.maven.apache.org/maven2/org/codehaus/plexus/plexus-components/1.1.14/plexus-components-1.1.14.pom
[b581f5cb-6931-4fd1-bcca-1387f934baa6/build]   | [INFO] Downloaded from central: https://repo.maven.apache.org/maven2/org/codehaus/plexus/plexus-components/1.1.14/plexus-components-1.1.14.pom (5.8 kB at 487 kB/s)
[b581f5cb-6931-4fd1-bcca-1387f934baa6/build]   | [INFO] Downloading from central: https://repo.maven.apache.org/maven2/org/sonatype/plexus/plexus-build-api/0.0.4/plexus-build-api-0.0.4.pom
[b581f5cb-6931-4fd1-bcca-1387f934baa6/build]   | [INFO] Downloaded from central: https://repo.maven.apache.org/maven2/org/sonatype/plexus/plexus-build-api/0.0.4/plexus-build-api-0.0.4.pom (2.9 kB at 220 kB/s)
[b581f5cb-6931-4fd1-bcca-1387f934baa6/build]   | [INFO] Downloading from central: https://repo.maven.apache.org/maven2/org/sonatype/spice/spice-parent/10/spice-parent-10.pom
[b581f5cb-6931-4fd1-bcca-1387f934baa6/build]   | [INFO] Downloaded from central: https://repo.maven.apache.org/maven2/org/sonatype/spice/spice-parent/10/spice-parent-10.pom (3.0 kB at 215 kB/s)
[b581f5cb-6931-4fd1-bcca-1387f934baa6/build]   | [INFO] Downloading from central: https://repo.maven.apache.org/maven2/org/sonatype/forge/forge-parent/3/forge-parent-3.pom
[b581f5cb-6931-4fd1-bcca-1387f934baa6/build]   | [INFO] Downloaded from central: https://repo.maven.apache.org/maven2/org/sonatype/forge/forge-parent/3/forge-parent-3.pom (5.0 kB at 105 kB/s)
[b581f5cb-6931-4fd1-bcca-1387f934baa6/build]   | [INFO] Downloading from central: https://repo.maven.apache.org/maven2/org/codehaus/plexus/plexus-utils/1.5.8/plexus-utils-1.5.8.pom
[b581f5cb-6931-4fd1-bcca-1387f934baa6/build]   | [INFO] Downloaded from central: https://repo.maven.apache.org/maven2/org/codehaus/plexus/plexus-utils/1.5.8/plexus-utils-1.5.8.pom (8.1 kB at 733 kB/s)
[b581f5cb-6931-4fd1-bcca-1387f934baa6/build]   | [INFO] Downloading from central: https://repo.maven.apache.org/maven2/org/codehaus/plexus/plexus-interpolation/1.13/plexus-interpolation-1.13.pom
[b581f5cb-6931-4fd1-bcca-1387f934baa6/build]   | [INFO] Downloaded from central: https://repo.maven.apache.org/maven2/org/codehaus/plexus/plexus-interpolation/1.13/plexus-interpolation-1.13.pom (890 B at 39 kB/s)
[b581f5cb-6931-4fd1-bcca-1387f934baa6/build]   | [INFO] Downloading from central: https://repo.maven.apache.org/maven2/org/codehaus/plexus/plexus-components/1.1.15/plexus-components-1.1.15.pom
[b581f5cb-6931-4fd1-bcca-1387f934baa6/build]   | [INFO] Downloaded from central: https://repo.maven.apache.org/maven2/org/codehaus/plexus/plexus-components/1.1.15/plexus-components-1.1.15.pom (2.8 kB at 142 kB/s)
[b581f5cb-6931-4fd1-bcca-1387f934baa6/build]   | [INFO] Downloading from central: https://repo.maven.apache.org/maven2/org/codehaus/plexus/plexus/2.0.3/plexus-2.0.3.pom
[b581f5cb-6931-4fd1-bcca-1387f934baa6/build]   | [INFO] Downloaded from central: https://repo.maven.apache.org/maven2/org/codehaus/plexus/plexus/2.0.3/plexus-2.0.3.pom (15 kB at 1.5 MB/s)
[b581f5cb-6931-4fd1-bcca-1387f934baa6/build]   | [INFO] Downloading from central: https://repo.maven.apache.org/maven2/org/apache/maven/maven-plugin-api/2.0.6/maven-plugin-api-2.0.6.jar
[b581f5cb-6931-4fd1-bcca-1387f934baa6/build]   | [INFO] Downloading from central: https://repo.maven.apache.org/maven2/org/apache/maven/maven-project/2.0.6/maven-project-2.0.6.jar
[b581f5cb-6931-4fd1-bcca-1387f934baa6/build]   | [INFO] Downloading from central: https://repo.maven.apache.org/maven2/org/apache/maven/maven-profile/2.0.6/maven-profile-2.0.6.jar
[b581f5cb-6931-4fd1-bcca-1387f934baa6/build]   | [INFO] Downloading from central: https://repo.maven.apache.org/maven2/org/apache/maven/maven-artifact-manager/2.0.6/maven-artifact-manager-2.0.6.jar
[b581f5cb-6931-4fd1-bcca-1387f934baa6/build]   | [INFO] Downloading from central: https://repo.maven.apache.org/maven2/org/apache/maven/maven-plugin-registry/2.0.6/maven-plugin-registry-2.0.6.jar
[b581f5cb-6931-4fd1-bcca-1387f934baa6/build]   | [INFO] Downloaded from central: https://repo.maven.apache.org/maven2/org/apache/maven/maven-plugin-api/2.0.6/maven-plugin-api-2.0.6.jar (13 kB at 146 kB/s)
[b581f5cb-6931-4fd1-bcca-1387f934baa6/build]   | [INFO] Downloading from central: https://repo.maven.apache.org/maven2/org/apache/maven/maven-core/2.0.6/maven-core-2.0.6.jar
[b581f5cb-6931-4fd1-bcca-1387f934baa6/build]   | [INFO] Downloaded from central: https://repo.maven.apache.org/maven2/org/apache/maven/maven-profile/2.0.6/maven-profile-2.0.6.jar (35 kB at 3.9 MB/s)
[b581f5cb-6931-4fd1-bcca-1387f934baa6/build]   | [INFO] Downloading from central: https://repo.maven.apache.org/maven2/org/apache/maven/maven-plugin-parameter-documenter/2.0.6/maven-plugin-parameter-documenter-2.0.6.jar
[b581f5cb-6931-4fd1-bcca-1387f934baa6/build]   | [INFO] Downloaded from central: https://repo.maven.apache.org/maven2/org/apache/maven/maven-project/2.0.6/maven-project-2.0.6.jar (116 kB at 11 MB/s)
[b581f5cb-6931-4fd1-bcca-1387f934baa6/build]   | [INFO] Downloaded from central: https://repo.maven.apache.org/maven2/org/apache/maven/maven-artifact-manager/2.0.6/maven-artifact-manager-2.0.6.jar (57 kB at 5.7 MB/s)
[b581f5cb-6931-4fd1-bcca-1387f934baa6/build]   | [INFO] Downloading from central: https://repo.maven.apache.org/maven2/org/apache/maven/reporting/maven-reporting-api/2.0.6/maven-reporting-api-2.0.6.jar
[b581f5cb-6931-4fd1-bcca-1387f934baa6/build]   | [INFO] Downloading from central: https://repo.maven.apache.org/maven2/org/apache/maven/doxia/doxia-sink-api/1.0-alpha-7/doxia-sink-api-1.0-alpha-7.jar
[b581f5cb-6931-4fd1-bcca-1387f934baa6/build]   | [INFO] Downloaded from central: https://repo.maven.apache.org/maven2/org/apache/maven/maven-plugin-registry/2.0.6/maven-plugin-registry-2.0.6.jar (29 kB at 2.6 MB/s)
[b581f5cb-6931-4fd1-bcca-1387f934baa6/build]   | [INFO] Downloading from central: https://repo.maven.apache.org/maven2/org/apache/maven/maven-repository-metadata/2.0.6/maven-repository-metadata-2.0.6.jar
[b581f5cb-6931-4fd1-bcca-1387f934baa6/build]   | [INFO] Downloaded from central: https://repo.maven.apache.org/maven2/org/apache/maven/maven-core/2.0.6/maven-core-2.0.6.jar (152 kB at 9.5 MB/s)
[b581f5cb-6931-4fd1-bcca-1387f934baa6/build]   | [INFO] Downloading from central: https://repo.maven.apache.org/maven2/org/apache/maven/maven-error-diagnostics/2.0.6/maven-error-diagnostics-2.0.6.jar
[b581f5cb-6931-4fd1-bcca-1387f934baa6/build]   | [INFO] Downloaded from central: https://repo.maven.apache.org/maven2/org/apache/maven/reporting/maven-reporting-api/2.0.6/maven-reporting-api-2.0.6.jar (9.9 kB at 585 kB/s)
[b581f5cb-6931-4fd1-bcca-1387f934baa6/build]   | [INFO] Downloading from central: https://repo.maven.apache.org/maven2/commons-cli/commons-cli/1.0/commons-cli-1.0.jar
[b581f5cb-6931-4fd1-bcca-1387f934baa6/build]   | [INFO] Downloaded from central: https://repo.maven.apache.org/maven2/org/apache/maven/doxia/doxia-sink-api/1.0-alpha-7/doxia-sink-api-1.0-alpha-7.jar (5.9 kB at 349 kB/s)
[b581f5cb-6931-4fd1-bcca-1387f934baa6/build]   | [INFO] Downloading from central: https://repo.maven.apache.org/maven2/org/apache/maven/maven-plugin-descriptor/2.0.6/maven-plugin-descriptor-2.0.6.jar
[b581f5cb-6931-4fd1-bcca-1387f934baa6/build]   | [INFO] Downloaded from central: https://repo.maven.apache.org/maven2/org/apache/maven/maven-repository-metadata/2.0.6/maven-repository-metadata-2.0.6.jar (24 kB at 1.4 MB/s)
[b581f5cb-6931-4fd1-bcca-1387f934baa6/build]   | [INFO] Downloading from central: https://repo.maven.apache.org/maven2/org/codehaus/plexus/plexus-interactivity-api/1.0-alpha-4/plexus-interactivity-api-1.0-alpha-4.jar
[b581f5cb-6931-4fd1-bcca-1387f934baa6/build]   | [INFO] Downloaded from central: https://repo.maven.apache.org/maven2/org/apache/maven/maven-plugin-parameter-documenter/2.0.6/maven-plugin-parameter-documenter-2.0.6.jar (21 kB at 1.1 MB/s)
[b581f5cb-6931-4fd1-bcca-1387f934baa6/build]   | [INFO] Downloading from central: https://repo.maven.apache.org/maven2/classworlds/classworlds/1.1/classworlds-1.1.jar
[b581f5cb-6931-4fd1-bcca-1387f934baa6/build]   | [INFO] Downloaded from central: https://repo.maven.apache.org/maven2/commons-cli/commons-cli/1.0/commons-cli-1.0.jar (30 kB at 972 kB/s)
[b581f5cb-6931-4fd1-bcca-1387f934baa6/build]   | [INFO] Downloaded from central: https://repo.maven.apache.org/maven2/org/codehaus/plexus/plexus-interactivity-api/1.0-alpha-4/plexus-interactivity-api-1.0-alpha-4.jar (13 kB at 432 kB/s)
[b581f5cb-6931-4fd1-bcca-1387f934baa6/build]   | [INFO] Downloading from central: https://repo.maven.apache.org/maven2/org/apache/maven/maven-artifact/2.0.6/maven-artifact-2.0.6.jar
[b581f5cb-6931-4fd1-bcca-1387f934baa6/build]   | [INFO] Downloading from central: https://repo.maven.apache.org/maven2/org/apache/maven/maven-settings/2.0.6/maven-settings-2.0.6.jar
[b581f5cb-6931-4fd1-bcca-1387f934baa6/build]   | [INFO] Downloaded from central: https://repo.maven.apache.org/maven2/org/apache/maven/maven-error-diagnostics/2.0.6/maven-error-diagnostics-2.0.6.jar (14 kB at 400 kB/s)
[b581f5cb-6931-4fd1-bcca-1387f934baa6/build]   | [INFO] Downloaded from central: https://repo.maven.apache.org/maven2/classworlds/classworlds/1.1/classworlds-1.1.jar (38 kB at 1.1 MB/s)
[b581f5cb-6931-4fd1-bcca-1387f934baa6/build]   | [INFO] Downloading from central: https://repo.maven.apache.org/maven2/org/apache/maven/maven-model/2.0.6/maven-model-2.0.6.jar
[b581f5cb-6931-4fd1-bcca-1387f934baa6/build]   | [INFO] Downloading from central: https://repo.maven.apache.org/maven2/org/apache/maven/maven-monitor/2.0.6/maven-monitor-2.0.6.jar
[b581f5cb-6931-4fd1-bcca-1387f934baa6/build]   | [INFO] Downloaded from central: https://repo.maven.apache.org/maven2/org/apache/maven/maven-plugin-descriptor/2.0.6/maven-plugin-descriptor-2.0.6.jar (37 kB at 1.1 MB/s)
[b581f5cb-6931-4fd1-bcca-1387f934baa6/build]   | [INFO] Downloading from central: https://repo.maven.apache.org/maven2/org/codehaus/plexus/plexus-container-default/1.0-alpha-9-stable-1/plexus-container-default-1.0-alpha-9-stable-1.jar
[b581f5cb-6931-4fd1-bcca-1387f934baa6/build]   | [INFO] Downloaded from central: https://repo.maven.apache.org/maven2/org/apache/maven/maven-artifact/2.0.6/maven-artifact-2.0.6.jar (87 kB at 2.0 MB/s)
[b581f5cb-6931-4fd1-bcca-1387f934baa6/build]   | [INFO] Downloading from central: https://repo.maven.apache.org/maven2/junit/junit/3.8.1/junit-3.8.1.jar
[b581f5cb-6931-4fd1-bcca-1387f934baa6/build]   | [INFO] Downloaded from central: https://repo.maven.apache.org/maven2/org/apache/maven/maven-model/2.0.6/maven-model-2.0.6.jar (86 kB at 1.9 MB/s)
[b581f5cb-6931-4fd1-bcca-1387f934baa6/build]   | [INFO] Downloading from central: https://repo.maven.apache.org/maven2/org/codehaus/plexus/plexus-utils/2.0.5/plexus-utils-2.0.5.jar
[b581f5cb-6931-4fd1-bcca-1387f934baa6/build]   | [INFO] Downloaded from central: https://repo.maven.apache.org/maven2/org/codehaus/plexus/plexus-container-default/1.0-alpha-9-stable-1/plexus-container-default-1.0-alpha-9-stable-1.jar (194 kB at 4.0 MB/s)
[b581f5cb-6931-4fd1-bcca-1387f934baa6/build]   | [INFO] Downloaded from central: https://repo.maven.apache.org/maven2/org/apache/maven/maven-monitor/2.0.6/maven-monitor-2.0.6.jar (10 kB at 209 kB/s)
[b581f5cb-6931-4fd1-bcca-1387f934baa6/build]   | [INFO] Downloaded from central: https://repo.maven.apache.org/maven2/org/apache/maven/maven-settings/2.0.6/maven-settings-2.0.6.jar (49 kB at 1.0 MB/s)
[b581f5cb-6931-4fd1-bcca-1387f934baa6/build]   | [INFO] Downloading from central: https://repo.maven.apache.org/maven2/org/apache/maven/shared/maven-filtering/1.1/maven-filtering-1.1.jar
[b581f5cb-6931-4fd1-bcca-1387f934baa6/build]   | [INFO] Downloading from central: https://repo.maven.apache.org/maven2/org/sonatype/plexus/plexus-build-api/0.0.4/plexus-build-api-0.0.4.jar
[b581f5cb-6931-4fd1-bcca-1387f934baa6/build]   | [INFO] Downloading from central: https://repo.maven.apache.org/maven2/org/codehaus/plexus/plexus-interpolation/1.13/plexus-interpolation-1.13.jar
[b581f5cb-6931-4fd1-bcca-1387f934baa6/build]   | [INFO] Downloaded from central: https://repo.maven.apache.org/maven2/junit/junit/3.8.1/junit-3.8.1.jar (121 kB at 2.0 MB/s)
[b581f5cb-6931-4fd1-bcca-1387f934baa6/build]   | [INFO] Downloaded from central: https://repo.maven.apache.org/maven2/org/codehaus/plexus/plexus-utils/2.0.5/plexus-utils-2.0.5.jar (223 kB at 3.5 MB/s)
[b581f5cb-6931-4fd1-bcca-1387f934baa6/build]   | [INFO] Downloaded from central: https://repo.maven.apache.org/maven2/org/sonatype/plexus/plexus-build-api/0.0.4/plexus-build-api-0.0.4.jar (6.8 kB at 106 kB/s)
[b581f5cb-6931-4fd1-bcca-1387f934baa6/build]   | [INFO] Downloaded from central: https://repo.maven.apache.org/maven2/org/apache/maven/shared/maven-filtering/1.1/maven-filtering-1.1.jar (43 kB at 643 kB/s)
[b581f5cb-6931-4fd1-bcca-1387f934baa6/build]   | [INFO] Downloaded from central: https://repo.maven.apache.org/maven2/org/codehaus/plexus/plexus-interpolation/1.13/plexus-interpolation-1.13.jar (61 kB at 911 kB/s)
[b581f5cb-6931-4fd1-bcca-1387f934baa6/build]   | [INFO] Using 'UTF-8' encoding to copy filtered resources.
[b581f5cb-6931-4fd1-bcca-1387f934baa6/build]   | [INFO] skip non existing resourceDirectory /tmp/15a1b9d4-edb6-40f8-99d6-c205bed039ce/src/main/resources
[b581f5cb-6931-4fd1-bcca-1387f934baa6/build]   | [INFO] 
[b581f5cb-6931-4fd1-bcca-1387f934baa6/build]   | [INFO] --- maven-compiler-plugin:3.10.1:compile (default-compile) @ Java ---
[b581f5cb-6931-4fd1-bcca-1387f934baa6/build]   | [INFO] Downloading from central: https://repo.maven.apache.org/maven2/org/apache/maven/shared/maven-shared-utils/3.3.4/maven-shared-utils-3.3.4.pom
[b581f5cb-6931-4fd1-bcca-1387f934baa6/build]   | [INFO] Downloaded from central: https://repo.maven.apache.org/maven2/org/apache/maven/shared/maven-shared-utils/3.3.4/maven-shared-utils-3.3.4.pom (5.8 kB at 150 kB/s)
[b581f5cb-6931-4fd1-bcca-1387f934baa6/build]   | [INFO] Downloading from central: https://repo.maven.apache.org/maven2/org/apache/maven/shared/maven-shared-components/34/maven-shared-components-34.pom
[b581f5cb-6931-4fd1-bcca-1387f934baa6/build]   | [INFO] Downloaded from central: https://repo.maven.apache.org/maven2/org/apache/maven/shared/maven-shared-components/34/maven-shared-components-34.pom (5.1 kB at 392 kB/s)
[b581f5cb-6931-4fd1-bcca-1387f934baa6/build]   | [INFO] Downloading from central: https://repo.maven.apache.org/maven2/commons-io/commons-io/2.6/commons-io-2.6.pom
[b581f5cb-6931-4fd1-bcca-1387f934baa6/build]   | [INFO] Downloaded from central: https://repo.maven.apache.org/maven2/commons-io/commons-io/2.6/commons-io-2.6.pom (14 kB at 168 kB/s)
[b581f5cb-6931-4fd1-bcca-1387f934baa6/build]   | [INFO] Downloading from central: https://repo.maven.apache.org/maven2/org/apache/commons/commons-parent/42/commons-parent-42.pom
[b581f5cb-6931-4fd1-bcca-1387f934baa6/build]   | [INFO] Downloaded from central: https://repo.maven.apache.org/maven2/org/apache/commons/commons-parent/42/commons-parent-42.pom (68 kB at 6.8 MB/s)
[b581f5cb-6931-4fd1-bcca-1387f934baa6/build]   | [INFO] Downloading from central: https://repo.maven.apache.org/maven2/org/apache/apache/18/apache-18.pom
[b581f5cb-6931-4fd1-bcca-1387f934baa6/build]   | [INFO] Downloaded from central: https://repo.maven.apache.org/maven2/org/apache/apache/18/apache-18.pom (16 kB at 1.7 MB/s)
[b581f5cb-6931-4fd1-bcca-1387f934baa6/build]   | [INFO] Downloading from central: https://repo.maven.apache.org/maven2/org/apache/maven/shared/maven-shared-incremental/1.1/maven-shared-incremental-1.1.pom
[b581f5cb-6931-4fd1-bcca-1387f934baa6/build]   | [INFO] Downloaded from central: https://repo.maven.apache.org/maven2/org/apache/maven/shared/maven-shared-incremental/1.1/maven-shared-incremental-1.1.pom (4.7 kB at 365 kB/s)
[b581f5cb-6931-4fd1-bcca-1387f934baa6/build]   | [INFO] Downloading from central: https://repo.maven.apache.org/maven2/org/apache/maven/shared/maven-shared-components/19/maven-shared-components-19.pom
[b581f5cb-6931-4fd1-bcca-1387f934baa6/build]   | [INFO] Downloaded from central: https://repo.maven.apache.org/maven2/org/apache/maven/shared/maven-shared-components/19/maven-shared-components-19.pom (6.4 kB at 318 kB/s)
[b581f5cb-6931-4fd1-bcca-1387f934baa6/build]   | [INFO] Downloading from central: https://repo.maven.apache.org/maven2/org/apache/maven/maven-parent/23/maven-parent-23.pom
[b581f5cb-6931-4fd1-bcca-1387f934baa6/build]   | [INFO] Downloaded from central: https://repo.maven.apache.org/maven2/org/apache/maven/maven-parent/23/maven-parent-23.pom (33 kB at 3.0 MB/s)
[b581f5cb-6931-4fd1-bcca-1387f934baa6/build]   | [INFO] Downloading from central: https://repo.maven.apache.org/maven2/org/apache/apache/13/apache-13.pom
[b581f5cb-6931-4fd1-bcca-1387f934baa6/build]   | [INFO] Downloaded from central: https://repo.maven.apache.org/maven2/org/apache/apache/13/apache-13.pom (14 kB at 1.1 MB/s)
[b581f5cb-6931-4fd1-bcca-1387f934baa6/build]   | [INFO] Downloading from central: https://repo.maven.apache.org/maven2/org/codehaus/plexus/plexus-component-annotations/2.0.0/plexus-component-annotations-2.0.0.pom
[b581f5cb-6931-4fd1-bcca-1387f934baa6/build]   | [INFO] Downloaded from central: https://repo.maven.apache.org/maven2/org/codehaus/plexus/plexus-component-annotations/2.0.0/plexus-component-annotations-2.0.0.pom (750 B at 83 kB/s)
[b581f5cb-6931-4fd1-bcca-1387f934baa6/build]   | [INFO] Downloading from central: https://repo.maven.apache.org/maven2/org/codehaus/plexus/plexus-containers/2.0.0/plexus-containers-2.0.0.pom
[b581f5cb-6931-4fd1-bcca-1387f934baa6/build]   | [INFO] Downloaded from central: https://repo.maven.apache.org/maven2/org/codehaus/plexus/plexus-containers/2.0.0/plexus-containers-2.0.0.pom (4.8 kB at 686 kB/s)
[b581f5cb-6931-4fd1-bcca-1387f934baa6/build]   | [INFO] Downloading from central: https://repo.maven.apache.org/maven2/org/codehaus/plexus/plexus/5.1/plexus-5.1.pom
[b581f5cb-6931-4fd1-bcca-1387f934baa6/build]   | [INFO] Downloaded from central: https://repo.maven.apache.org/maven2/org/codehaus/plexus/plexus/5.1/plexus-5.1.pom (23 kB at 2.5 MB/s)
[b581f5cb-6931-4fd1-bcca-1387f934baa6/build]   | [INFO] Downloading from central: https://repo.maven.apache.org/maven2/org/codehaus/plexus/plexus-java/1.1.1/plexus-java-1.1.1.pom
[b581f5cb-6931-4fd1-bcca-1387f934baa6/build]   | [INFO] Downloaded from central: https://repo.maven.apache.org/maven2/org/codehaus/plexus/plexus-java/1.1.1/plexus-java-1.1.1.pom (5.0 kB at 710 kB/s)
[b581f5cb-6931-4fd1-bcca-1387f934baa6/build]   | [INFO] Downloading from central: https://repo.maven.apache.org/maven2/org/codehaus/plexus/plexus-languages/1.1.1/plexus-languages-1.1.1.pom
[b581f5cb-6931-4fd1-bcca-1387f934baa6/build]   | [INFO] Downloaded from central: https://repo.maven.apache.org/maven2/org/codehaus/plexus/plexus-languages/1.1.1/plexus-languages-1.1.1.pom (4.6 kB at 577 kB/s)
[b581f5cb-6931-4fd1-bcca-1387f934baa6/build]   | [INFO] Downloading from central: https://repo.maven.apache.org/maven2/org/codehaus/plexus/plexus/8/plexus-8.pom
[b581f5cb-6931-4fd1-bcca-1387f934baa6/build]   | [INFO] Downloaded from central: https://repo.maven.apache.org/maven2/org/codehaus/plexus/plexus/8/plexus-8.pom (25 kB at 3.6 MB/s)
[b581f5cb-6931-4fd1-bcca-1387f934baa6/build]   | [INFO] Downloading from central: https://repo.maven.apache.org/maven2/org/ow2/asm/asm/9.2/asm-9.2.pom
[b581f5cb-6931-4fd1-bcca-1387f934baa6/build]   | [INFO] Downloaded from central: https://repo.maven.apache.org/maven2/org/ow2/asm/asm/9.2/asm-9.2.pom (2.4 kB at 296 kB/s)
[b581f5cb-6931-4fd1-bcca-1387f934baa6/build]   | [INFO] Downloading from central: https://repo.maven.apache.org/maven2/org/ow2/ow2/1.5/ow2-1.5.pom
[b581f5cb-6931-4fd1-bcca-1387f934baa6/build]   | [INFO] Downloaded from central: https://repo.maven.apache.org/maven2/org/ow2/ow2/1.5/ow2-1.5.pom (11 kB at 1.6 MB/s)
[b581f5cb-6931-4fd1-bcca-1387f934baa6/build]   | [INFO] Downloading from central: https://repo.maven.apache.org/maven2/com/thoughtworks/qdox/qdox/2.0.1/qdox-2.0.1.pom
[b581f5cb-6931-4fd1-bcca-1387f934baa6/build]   | [INFO] Downloaded from central: https://repo.maven.apache.org/maven2/com/thoughtworks/qdox/qdox/2.0.1/qdox-2.0.1.pom (16 kB at 1.8 MB/s)
[b581f5cb-6931-4fd1-bcca-1387f934baa6/build]   | [INFO] Downloading from central: https://repo.maven.apache.org/maven2/org/sonatype/oss/oss-parent/9/oss-parent-9.pom
[b581f5cb-6931-4fd1-bcca-1387f934baa6/build]   | [INFO] Downloaded from central: https://repo.maven.apache.org/maven2/org/sonatype/oss/oss-parent/9/oss-parent-9.pom (6.6 kB at 1.1 MB/s)
[b581f5cb-6931-4fd1-bcca-1387f934baa6/build]   | [INFO] Downloading from central: https://repo.maven.apache.org/maven2/org/codehaus/plexus/plexus-compiler-api/2.11.1/plexus-compiler-api-2.11.1.pom
[b581f5cb-6931-4fd1-bcca-1387f934baa6/build]   | [INFO] Downloaded from central: https://repo.maven.apache.org/maven2/org/codehaus/plexus/plexus-compiler-api/2.11.1/plexus-compiler-api-2.11.1.pom (1.1 kB at 96 kB/s)
[b581f5cb-6931-4fd1-bcca-1387f934baa6/build]   | [INFO] Downloading from central: https://repo.maven.apache.org/maven2/org/codehaus/plexus/plexus-compiler/2.11.1/plexus-compiler-2.11.1.pom
[b581f5cb-6931-4fd1-bcca-1387f934baa6/build]   | [INFO] Downloaded from central: https://repo.maven.apache.org/maven2/org/codehaus/plexus/plexus-compiler/2.11.1/plexus-compiler-2.11.1.pom (8.1 kB at 625 kB/s)
[b581f5cb-6931-4fd1-bcca-1387f934baa6/build]   | [INFO] Downloading from central: https://repo.maven.apache.org/maven2/org/codehaus/plexus/plexus-components/6.6/plexus-components-6.6.pom
[b581f5cb-6931-4fd1-bcca-1387f934baa6/build]   | [INFO] Downloaded from central: https://repo.maven.apache.org/maven2/org/codehaus/plexus/plexus-components/6.6/plexus-components-6.6.pom (2.7 kB at 268 kB/s)
[b581f5cb-6931-4fd1-bcca-1387f934baa6/build]   | [INFO] Downloading from central: https://repo.maven.apache.org/maven2/org/codehaus/plexus/plexus-utils/3.4.1/plexus-utils-3.4.1.pom
[b581f5cb-6931-4fd1-bcca-1387f934baa6/build]   | [INFO] Downloaded from central: https://repo.maven.apache.org/maven2/org/codehaus/plexus/plexus-utils/3.4.1/plexus-utils-3.4.1.pom (8.0 kB at 995 kB/s)
[b581f5cb-6931-4fd1-bcca-1387f934baa6/build]   | [INFO] Downloading from central: https://repo.maven.apache.org/maven2/org/codehaus/plexus/plexus-compiler-manager/2.11.1/plexus-compiler-manager-2.11.1.pom
[b581f5cb-6931-4fd1-bcca-1387f934baa6/build]   | [INFO] Downloaded from central: https://repo.maven.apache.org/maven2/org/codehaus/plexus/plexus-compiler-manager/2.11.1/plexus-compiler-manager-2.11.1.pom (1.1 kB at 190 kB/s)
[b581f5cb-6931-4fd1-bcca-1387f934baa6/build]   | [INFO] Downloading from central: https://repo.maven.apache.org/maven2/org/codehaus/plexus/plexus-compiler-javac/2.11.1/plexus-compiler-javac-2.11.1.pom
[b581f5cb-6931-4fd1-bcca-1387f934baa6/build]   | [INFO] Downloaded from central: https://repo.maven.apache.org/maven2/org/codehaus/plexus/plexus-compiler-javac/2.11.1/plexus-compiler-javac-2.11.1.pom (1.2 kB at 60 kB/s)
[b581f5cb-6931-4fd1-bcca-1387f934baa6/build]   | [INFO] Downloading from central: https://repo.maven.apache.org/maven2/org/codehaus/plexus/plexus-compilers/2.11.1/plexus-compilers-2.11.1.pom
[b581f5cb-6931-4fd1-bcca-1387f934baa6/build]   | [INFO] Downloaded from central: https://repo.maven.apache.org/maven2/org/codehaus/plexus/plexus-compilers/2.11.1/plexus-compilers-2.11.1.pom (1.3 kB at 132 kB/s)
[b581f5cb-6931-4fd1-bcca-1387f934baa6/build]   | [INFO] Downloading from central: https://repo.maven.apache.org/maven2/org/apache/maven/shared/maven-shared-utils/3.3.4/maven-shared-utils-3.3.4.jar
[b581f5cb-6931-4fd1-bcca-1387f934baa6/build]   | [INFO] Downloading from central: https://repo.maven.apache.org/maven2/commons-io/commons-io/2.6/commons-io-2.6.jar
[b581f5cb-6931-4fd1-bcca-1387f934baa6/build]   | [INFO] Downloading from central: https://repo.maven.apache.org/maven2/org/apache/maven/shared/maven-shared-incremental/1.1/maven-shared-incremental-1.1.jar
[b581f5cb-6931-4fd1-bcca-1387f934baa6/build]   | [INFO] Downloading from central: https://repo.maven.apache.org/maven2/org/codehaus/plexus/plexus-component-annotations/2.0.0/plexus-component-annotations-2.0.0.jar
[b581f5cb-6931-4fd1-bcca-1387f934baa6/build]   | [INFO] Downloading from central: https://repo.maven.apache.org/maven2/org/codehaus/plexus/plexus-java/1.1.1/plexus-java-1.1.1.jar
[b581f5cb-6931-4fd1-bcca-1387f934baa6/build]   | [INFO] Downloaded from central: https://repo.maven.apache.org/maven2/org/codehaus/plexus/plexus-java/1.1.1/plexus-java-1.1.1.jar (54 kB at 4.5 MB/s)
[b581f5cb-6931-4fd1-bcca-1387f934baa6/build]   | [INFO] Downloading from central: https://repo.maven.apache.org/maven2/org/ow2/asm/asm/9.2/asm-9.2.jar
[b581f5cb-6931-4fd1-bcca-1387f934baa6/build]   | [INFO] Downloaded from central: https://repo.maven.apache.org/maven2/org/apache/maven/shared/maven-shared-utils/3.3.4/maven-shared-utils-3.3.4.jar (153 kB at 10 MB/s)
[b581f5cb-6931-4fd1-bcca-1387f934baa6/build]   | [INFO] Downloading from central: https://repo.maven.apache.org/maven2/com/thoughtworks/qdox/qdox/2.0.1/qdox-2.0.1.jar
[b581f5cb-6931-4fd1-bcca-1387f934baa6/build]   | [INFO] Downloaded from central: https://repo.maven.apache.org/maven2/org/codehaus/plexus/plexus-component-annotations/2.0.0/plexus-component-annotations-2.0.0.jar (4.2 kB at 302 kB/s)
[b581f5cb-6931-4fd1-bcca-1387f934baa6/build]   | [INFO] Downloading from central: https://repo.maven.apache.org/maven2/org/codehaus/plexus/plexus-compiler-api/2.11.1/plexus-compiler-api-2.11.1.jar
[b581f5cb-6931-4fd1-bcca-1387f934baa6/build]   | [INFO] Downloaded from central: https://repo.maven.apache.org/maven2/commons-io/commons-io/2.6/commons-io-2.6.jar (215 kB at 12 MB/s)
[b581f5cb-6931-4fd1-bcca-1387f934baa6/build]   | [INFO] Downloading from central: https://repo.maven.apache.org/maven2/org/codehaus/plexus/plexus-utils/3.4.1/plexus-utils-3.4.1.jar
[b581f5cb-6931-4fd1-bcca-1387f934baa6/build]   | [INFO] Downloaded from central: https://repo.maven.apache.org/maven2/org/apache/maven/shared/maven-shared-incremental/1.1/maven-shared-incremental-1.1.jar (14 kB at 752 kB/s)
[b581f5cb-6931-4fd1-bcca-1387f934baa6/build]   | [INFO] Downloading from central: https://repo.maven.apache.org/maven2/org/codehaus/plexus/plexus-compiler-manager/2.11.1/plexus-compiler-manager-2.11.1.jar
[b581f5cb-6931-4fd1-bcca-1387f934baa6/build]   | [INFO] Downloaded from central: https://repo.maven.apache.org/maven2/org/codehaus/plexus/plexus-compiler-api/2.11.1/plexus-compiler-api-2.11.1.jar (27 kB at 1.2 MB/s)
[b581f5cb-6931-4fd1-bcca-1387f934baa6/build]   | [INFO] Downloading from central: https://repo.maven.apache.org/maven2/org/codehaus/plexus/plexus-compiler-javac/2.11.1/plexus-compiler-javac-2.11.1.jar
[b581f5cb-6931-4fd1-bcca-1387f934baa6/build]   | [INFO] Downloaded from central: https://repo.maven.apache.org/maven2/org/ow2/asm/asm/9.2/asm-9.2.jar (122 kB at 5.3 MB/s)
[b581f5cb-6931-4fd1-bcca-1387f934baa6/build]   | [INFO] Downloaded from central: https://repo.maven.apache.org/maven2/org/codehaus/plexus/plexus-compiler-manager/2.11.1/plexus-compiler-manager-2.11.1.jar (4.7 kB at 186 kB/s)
[b581f5cb-6931-4fd1-bcca-1387f934baa6/build]   | [INFO] Downloaded from central: https://repo.maven.apache.org/maven2/org/codehaus/plexus/plexus-utils/3.4.1/plexus-utils-3.4.1.jar (264 kB at 9.4 MB/s)
[b581f5cb-6931-4fd1-bcca-1387f934baa6/build]   | [INFO] Downloaded from central: https://repo.maven.apache.org/maven2/org/codehaus/plexus/plexus-compiler-javac/2.11.1/plexus-compiler-javac-2.11.1.jar (23 kB at 761 kB/s)
[b581f5cb-6931-4fd1-bcca-1387f934baa6/build]   | [INFO] Downloaded from central: https://repo.maven.apache.org/maven2/com/thoughtworks/qdox/qdox/2.0.1/qdox-2.0.1.jar (334 kB at 9.0 MB/s)
[b581f5cb-6931-4fd1-bcca-1387f934baa6/build]   | [INFO] Changes detected - recompiling the module!
[b581f5cb-6931-4fd1-bcca-1387f934baa6/build]   | [INFO] Compiling 469 source files to /tmp/15a1b9d4-edb6-40f8-99d6-c205bed039ce/target/classes
[b581f5cb-6931-4fd1-bcca-1387f934baa6/build]   | [INFO] /tmp/15a1b9d4-edb6-40f8-99d6-c205bed039ce/src/main/java/com/thealgorithms/backtracking/Combination.java: Some input files use unchecked or unsafe operations.
[b581f5cb-6931-4fd1-bcca-1387f934baa6/build]   | [INFO] /tmp/15a1b9d4-edb6-40f8-99d6-c205bed039ce/src/main/java/com/thealgorithms/backtracking/Combination.java: Recompile with -Xlint:unchecked for details.
[b581f5cb-6931-4fd1-bcca-1387f934baa6/build]   | [INFO] 
[b581f5cb-6931-4fd1-bcca-1387f934baa6/build]   | [INFO] --- maven-resources-plugin:2.6:testResources (default-testResources) @ Java ---
[b581f5cb-6931-4fd1-bcca-1387f934baa6/build]   | [INFO] Using 'UTF-8' encoding to copy filtered resources.
[b581f5cb-6931-4fd1-bcca-1387f934baa6/build]   | [INFO] skip non existing resourceDirectory /tmp/15a1b9d4-edb6-40f8-99d6-c205bed039ce/src/test/resources
[b581f5cb-6931-4fd1-bcca-1387f934baa6/build]   | [INFO] 
[b581f5cb-6931-4fd1-bcca-1387f934baa6/build]   | [INFO] --- maven-compiler-plugin:3.10.1:testCompile (default-testCompile) @ Java ---
[b581f5cb-6931-4fd1-bcca-1387f934baa6/build]   | [INFO] Changes detected - recompiling the module!
[b581f5cb-6931-4fd1-bcca-1387f934baa6/build]   | [INFO] Compiling 234 source files to /tmp/15a1b9d4-edb6-40f8-99d6-c205bed039ce/target/test-classes
[b581f5cb-6931-4fd1-bcca-1387f934baa6/build]   | [INFO] 
[b581f5cb-6931-4fd1-bcca-1387f934baa6/build]   | [INFO] --- maven-surefire-plugin:2.22.2:test (default-test) @ Java ---
[b581f5cb-6931-4fd1-bcca-1387f934baa6/build]   | [INFO] Downloading from central: https://repo.maven.apache.org/maven2/org/apache/maven/surefire/maven-surefire-common/2.22.2/maven-surefire-common-2.22.2.pom
[b581f5cb-6931-4fd1-bcca-1387f934baa6/build]   | [INFO] Downloaded from central: https://repo.maven.apache.org/maven2/org/apache/maven/surefire/maven-surefire-common/2.22.2/maven-surefire-common-2.22.2.pom (11 kB at 573 kB/s)
[b581f5cb-6931-4fd1-bcca-1387f934baa6/build]   | [INFO] Downloading from central: https://repo.maven.apache.org/maven2/org/apache/maven/maven-plugin-api/2.2.1/maven-plugin-api-2.2.1.pom
[b581f5cb-6931-4fd1-bcca-1387f934baa6/build]   | [INFO] Downloaded from central: https://repo.maven.apache.org/maven2/org/apache/maven/maven-plugin-api/2.2.1/maven-plugin-api-2.2.1.pom (1.5 kB at 133 kB/s)
[b581f5cb-6931-4fd1-bcca-1387f934baa6/build]   | [INFO] Downloading from central: https://repo.maven.apache.org/maven2/org/apache/maven/maven/2.2.1/maven-2.2.1.pom
[b581f5cb-6931-4fd1-bcca-1387f934baa6/build]   | [INFO] Downloaded from central: https://repo.maven.apache.org/maven2/org/apache/maven/maven/2.2.1/maven-2.2.1.pom (22 kB at 2.2 MB/s)
[b581f5cb-6931-4fd1-bcca-1387f934baa6/build]   | [INFO] Downloading from central: https://repo.maven.apache.org/maven2/org/apache/maven/maven-parent/11/maven-parent-11.pom
[b581f5cb-6931-4fd1-bcca-1387f934baa6/build]   | [INFO] Downloaded from central: https://repo.maven.apache.org/maven2/org/apache/maven/maven-parent/11/maven-parent-11.pom (32 kB at 2.3 MB/s)
[b581f5cb-6931-4fd1-bcca-1387f934baa6/build]   | [INFO] Downloading from central: https://repo.maven.apache.org/maven2/org/apache/apache/5/apache-5.pom
[b581f5cb-6931-4fd1-bcca-1387f934baa6/build]   | [INFO] Downloaded from central: https://repo.maven.apache.org/maven2/org/apache/apache/5/apache-5.pom (4.1 kB at 410 kB/s)
[b581f5cb-6931-4fd1-bcca-1387f934baa6/build]   | [INFO] Downloading from central: https://repo.maven.apache.org/maven2/org/apache/maven/plugin-tools/maven-plugin-annotations/3.5.2/maven-plugin-annotations-3.5.2.pom
[b581f5cb-6931-4fd1-bcca-1387f934baa6/build]   | [INFO] Downloaded from central: https://repo.maven.apache.org/maven2/org/apache/maven/plugin-tools/maven-plugin-annotations/3.5.2/maven-plugin-annotations-3.5.2.pom (1.6 kB at 233 kB/s)
[b581f5cb-6931-4fd1-bcca-1387f934baa6/build]   | [INFO] Downloading from central: https://repo.maven.apache.org/maven2/org/apache/maven/plugin-tools/maven-plugin-tools/3.5.2/maven-plugin-tools-3.5.2.pom
[b581f5cb-6931-4fd1-bcca-1387f934baa6/build]   | [INFO] Downloaded from central: https://repo.maven.apache.org/maven2/org/apache/maven/plugin-tools/maven-plugin-tools/3.5.2/maven-plugin-tools-3.5.2.pom (15 kB at 1.7 MB/s)
[b581f5cb-6931-4fd1-bcca-1387f934baa6/build]   | [INFO] Downloading from central: https://repo.maven.apache.org/maven2/org/apache/maven/maven-parent/31/maven-parent-31.pom
[b581f5cb-6931-4fd1-bcca-1387f934baa6/build]   | [INFO] Downloaded from central: https://repo.maven.apache.org/maven2/org/apache/maven/maven-parent/31/maven-parent-31.pom (43 kB at 2.2 MB/s)
[b581f5cb-6931-4fd1-bcca-1387f934baa6/build]   | [INFO] Downloading from central: https://repo.maven.apache.org/maven2/org/apache/apache/19/apache-19.pom
[b581f5cb-6931-4fd1-bcca-1387f934baa6/build]   | [INFO] Downloaded from central: https://repo.maven.apache.org/maven2/org/apache/apache/19/apache-19.pom (15 kB at 1.5 MB/s)
[b581f5cb-6931-4fd1-bcca-1387f934baa6/build]   | [INFO] Downloading from central: https://repo.maven.apache.org/maven2/org/apache/maven/maven-artifact/2.2.1/maven-artifact-2.2.1.pom
[b581f5cb-6931-4fd1-bcca-1387f934baa6/build]   | [INFO] Downloaded from central: https://repo.maven.apache.org/maven2/org/apache/maven/maven-artifact/2.2.1/maven-artifact-2.2.1.pom (1.6 kB at 198 kB/s)
[b581f5cb-6931-4fd1-bcca-1387f934baa6/build]   | [INFO] Downloading from central: https://repo.maven.apache.org/maven2/org/apache/maven/surefire/surefire-api/2.22.2/surefire-api-2.22.2.pom
[b581f5cb-6931-4fd1-bcca-1387f934baa6/build]   | [INFO] Downloaded from central: https://repo.maven.apache.org/maven2/org/apache/maven/surefire/surefire-api/2.22.2/surefire-api-2.22.2.pom (3.5 kB at 295 kB/s)
[b581f5cb-6931-4fd1-bcca-1387f934baa6/build]   | [INFO] Downloading from central: https://repo.maven.apache.org/maven2/org/apache/maven/surefire/surefire-logger-api/2.22.2/surefire-logger-api-2.22.2.pom
[b581f5cb-6931-4fd1-bcca-1387f934baa6/build]   | [INFO] Downloaded from central: https://repo.maven.apache.org/maven2/org/apache/maven/surefire/surefire-logger-api/2.22.2/surefire-logger-api-2.22.2.pom (2.0 kB at 115 kB/s)
[b581f5cb-6931-4fd1-bcca-1387f934baa6/build]   | [INFO] Downloading from central: https://repo.maven.apache.org/maven2/org/apache/maven/surefire/surefire-booter/2.22.2/surefire-booter-2.22.2.pom
[b581f5cb-6931-4fd1-bcca-1387f934baa6/build]   | [INFO] Downloaded from central: https://repo.maven.apache.org/maven2/org/apache/maven/surefire/surefire-booter/2.22.2/surefire-booter-2.22.2.pom (7.5 kB at 532 kB/s)
[b581f5cb-6931-4fd1-bcca-1387f934baa6/build]   | [INFO] Downloading from central: https://repo.maven.apache.org/maven2/org/apache/maven/maven-plugin-descriptor/2.2.1/maven-plugin-descriptor-2.2.1.pom
[b581f5cb-6931-4fd1-bcca-1387f934baa6/build]   | [INFO] Downloaded from central: https://repo.maven.apache.org/maven2/org/apache/maven/maven-plugin-descriptor/2.2.1/maven-plugin-descriptor-2.2.1.pom (2.1 kB at 129 kB/s)
[b581f5cb-6931-4fd1-bcca-1387f934baa6/build]   | [INFO] Downloading from central: https://repo.maven.apache.org/maven2/junit/junit/4.12/junit-4.12.pom
[b581f5cb-6931-4fd1-bcca-1387f934baa6/build]   | [INFO] Downloaded from central: https://repo.maven.apache.org/maven2/junit/junit/4.12/junit-4.12.pom (24 kB at 2.4 MB/s)
[b581f5cb-6931-4fd1-bcca-1387f934baa6/build]   | [INFO] Downloading from central: https://repo.maven.apache.org/maven2/org/hamcrest/hamcrest-core/1.3/hamcrest-core-1.3.pom
[b581f5cb-6931-4fd1-bcca-1387f934baa6/build]   | [INFO] Downloaded from central: https://repo.maven.apache.org/maven2/org/hamcrest/hamcrest-core/1.3/hamcrest-core-1.3.pom (766 B at 48 kB/s)
[b581f5cb-6931-4fd1-bcca-1387f934baa6/build]   | [INFO] Downloading from central: https://repo.maven.apache.org/maven2/org/hamcrest/hamcrest-parent/1.3/hamcrest-parent-1.3.pom
[b581f5cb-6931-4fd1-bcca-1387f934baa6/build]   | [INFO] Downloaded from central: https://repo.maven.apache.org/maven2/org/hamcrest/hamcrest-parent/1.3/hamcrest-parent-1.3.pom (2.0 kB at 152 kB/s)
[b581f5cb-6931-4fd1-bcca-1387f934baa6/build]   | [INFO] Downloading from central: https://repo.maven.apache.org/maven2/org/apache/maven/maven-project/2.2.1/maven-project-2.2.1.pom
[b581f5cb-6931-4fd1-bcca-1387f934baa6/build]   | [INFO] Downloaded from central: https://repo.maven.apache.org/maven2/org/apache/maven/maven-project/2.2.1/maven-project-2.2.1.pom (2.8 kB at 252 kB/s)
[b581f5cb-6931-4fd1-bcca-1387f934baa6/build]   | [INFO] Downloading from central: https://repo.maven.apache.org/maven2/org/apache/maven/maven-settings/2.2.1/maven-settings-2.2.1.pom
[b581f5cb-6931-4fd1-bcca-1387f934baa6/build]   | [INFO] Downloaded from central: https://repo.maven.apache.org/maven2/org/apache/maven/maven-settings/2.2.1/maven-settings-2.2.1.pom (2.2 kB at 168 kB/s)
[b581f5cb-6931-4fd1-bcca-1387f934baa6/build]   | [INFO] Downloading from central: https://repo.maven.apache.org/maven2/org/apache/maven/maven-model/2.2.1/maven-model-2.2.1.pom
[b581f5cb-6931-4fd1-bcca-1387f934baa6/build]   | [INFO] Downloaded from central: https://repo.maven.apache.org/maven2/org/apache/maven/maven-model/2.2.1/maven-model-2.2.1.pom (3.2 kB at 231 kB/s)
[b581f5cb-6931-4fd1-bcca-1387f934baa6/build]   | [INFO] Downloading from central: https://repo.maven.apache.org/maven2/org/codehaus/plexus/plexus-interpolation/1.11/plexus-interpolation-1.11.pom
[b581f5cb-6931-4fd1-bcca-1387f934baa6/build]   | [INFO] Downloaded from central: https://repo.maven.apache.org/maven2/org/codehaus/plexus/plexus-interpolation/1.11/plexus-interpolation-1.11.pom (889 B at 81 kB/s)
[b581f5cb-6931-4fd1-bcca-1387f934baa6/build]   | [INFO] Downloading from central: https://repo.maven.apache.org/maven2/org/apache/maven/maven-profile/2.2.1/maven-profile-2.2.1.pom
[b581f5cb-6931-4fd1-bcca-1387f934baa6/build]   | [INFO] Downloaded from central: https://repo.maven.apache.org/maven2/org/apache/maven/maven-profile/2.2.1/maven-profile-2.2.1.pom (2.2 kB at 310 kB/s)
[b581f5cb-6931-4fd1-bcca-1387f934baa6/build]   | [INFO] Downloading from central: https://repo.maven.apache.org/maven2/org/apache/maven/maven-artifact-manager/2.2.1/maven-artifact-manager-2.2.1.pom
[b581f5cb-6931-4fd1-bcca-1387f934baa6/build]   | [INFO] Downloaded from central: https://repo.maven.apache.org/maven2/org/apache/maven/maven-artifact-manager/2.2.1/maven-artifact-manager-2.2.1.pom (3.1 kB at 388 kB/s)
[b581f5cb-6931-4fd1-bcca-1387f934baa6/build]   | [INFO] Downloading from central: https://repo.maven.apache.org/maven2/org/apache/maven/maven-repository-metadata/2.2.1/maven-repository-metadata-2.2.1.pom
[b581f5cb-6931-4fd1-bcca-1387f934baa6/build]   | [INFO] Downloaded from central: https://repo.maven.apache.org/maven2/org/apache/maven/maven-repository-metadata/2.2.1/maven-repository-metadata-2.2.1.pom (1.9 kB at 267 kB/s)
[b581f5cb-6931-4fd1-bcca-1387f934baa6/build]   | [INFO] Downloading from central: https://repo.maven.apache.org/maven2/backport-util-concurrent/backport-util-concurrent/3.1/backport-util-concurrent-3.1.pom
[b581f5cb-6931-4fd1-bcca-1387f934baa6/build]   | [INFO] Downloaded from central: https://repo.maven.apache.org/maven2/backport-util-concurrent/backport-util-concurrent/3.1/backport-util-concurrent-3.1.pom (880 B at 88 kB/s)
[b581f5cb-6931-4fd1-bcca-1387f934baa6/build]   | [INFO] Downloading from central: https://repo.maven.apache.org/maven2/org/apache/maven/maven-plugin-registry/2.2.1/maven-plugin-registry-2.2.1.pom
[b581f5cb-6931-4fd1-bcca-1387f934baa6/build]   | [INFO] Downloaded from central: https://repo.maven.apache.org/maven2/org/apache/maven/maven-plugin-registry/2.2.1/maven-plugin-registry-2.2.1.pom (1.9 kB at 96 kB/s)
[b581f5cb-6931-4fd1-bcca-1387f934baa6/build]   | [INFO] Downloading from central: https://repo.maven.apache.org/maven2/org/apache/maven/maven-core/2.2.1/maven-core-2.2.1.pom
[b581f5cb-6931-4fd1-bcca-1387f934baa6/build]   | [INFO] Downloaded from central: https://repo.maven.apache.org/maven2/org/apache/maven/maven-core/2.2.1/maven-core-2.2.1.pom (12 kB at 1.3 MB/s)
[b581f5cb-6931-4fd1-bcca-1387f934baa6/build]   | [INFO] Downloading from central: https://repo.maven.apache.org/maven2/org/apache/maven/maven-plugin-parameter-documenter/2.2.1/maven-plugin-parameter-documenter-2.2.1.pom
[b581f5cb-6931-4fd1-bcca-1387f934baa6/build]   | [INFO] Downloaded from central: https://repo.maven.apache.org/maven2/org/apache/maven/maven-plugin-parameter-documenter/2.2.1/maven-plugin-parameter-documenter-2.2.1.pom (2.0 kB at 178 kB/s)
[b581f5cb-6931-4fd1-bcca-1387f934baa6/build]   | [INFO] Downloading from central: https://repo.maven.apache.org/maven2/org/slf4j/slf4j-jdk14/1.5.6/slf4j-jdk14-1.5.6.pom
[b581f5cb-6931-4fd1-bcca-1387f934baa6/build]   | [INFO] Downloaded from central: https://repo.maven.apache.org/maven2/org/slf4j/slf4j-jdk14/1.5.6/slf4j-jdk14-1.5.6.pom (1.9 kB at 237 kB/s)
[b581f5cb-6931-4fd1-bcca-1387f934baa6/build]   | [INFO] Downloading from central: https://repo.maven.apache.org/maven2/org/slf4j/slf4j-parent/1.5.6/slf4j-parent-1.5.6.pom
[b581f5cb-6931-4fd1-bcca-1387f934baa6/build]   | [INFO] Downloaded from central: https://repo.maven.apache.org/maven2/org/slf4j/slf4j-parent/1.5.6/slf4j-parent-1.5.6.pom (7.9 kB at 1.1 MB/s)
[b581f5cb-6931-4fd1-bcca-1387f934baa6/build]   | [INFO] Downloading from central: https://repo.maven.apache.org/maven2/org/slf4j/slf4j-api/1.5.6/slf4j-api-1.5.6.pom
[b581f5cb-6931-4fd1-bcca-1387f934baa6/build]   | [INFO] Downloaded from central: https://repo.maven.apache.org/maven2/org/slf4j/slf4j-api/1.5.6/slf4j-api-1.5.6.pom (3.0 kB at 213 kB/s)
[b581f5cb-6931-4fd1-bcca-1387f934baa6/build]   | [INFO] Downloading from central: https://repo.maven.apache.org/maven2/org/slf4j/jcl-over-slf4j/1.5.6/jcl-over-slf4j-1.5.6.pom
[b581f5cb-6931-4fd1-bcca-1387f934baa6/build]   | [INFO] Downloaded from central: https://repo.maven.apache.org/maven2/org/slf4j/jcl-over-slf4j/1.5.6/jcl-over-slf4j-1.5.6.pom (2.2 kB at 217 kB/s)
[b581f5cb-6931-4fd1-bcca-1387f934baa6/build]   | [INFO] Downloading from central: https://repo.maven.apache.org/maven2/org/apache/maven/reporting/maven-reporting-api/3.0/maven-reporting-api-3.0.pom
[b581f5cb-6931-4fd1-bcca-1387f934baa6/build]   | [INFO] Downloaded from central: https://repo.maven.apache.org/maven2/org/apache/maven/reporting/maven-reporting-api/3.0/maven-reporting-api-3.0.pom (2.4 kB at 99 kB/s)
[b581f5cb-6931-4fd1-bcca-1387f934baa6/build]   | [INFO] Downloading from central: https://repo.maven.apache.org/maven2/org/apache/maven/shared/maven-shared-components/15/maven-shared-components-15.pom
[b581f5cb-6931-4fd1-bcca-1387f934baa6/build]   | [INFO] Downloaded from central: https://repo.maven.apache.org/maven2/org/apache/maven/shared/maven-shared-components/15/maven-shared-components-15.pom (9.3 kB at 373 kB/s)
[b581f5cb-6931-4fd1-bcca-1387f934baa6/build]   | [INFO] Downloading from central: https://repo.maven.apache.org/maven2/org/apache/maven/maven-parent/16/maven-parent-16.pom
[b581f5cb-6931-4fd1-bcca-1387f934baa6/build]   | [INFO] Downloaded from central: https://repo.maven.apache.org/maven2/org/apache/maven/maven-parent/16/maven-parent-16.pom (23 kB at 1.8 MB/s)
[b581f5cb-6931-4fd1-bcca-1387f934baa6/build]   | [INFO] Downloading from central: https://repo.maven.apache.org/maven2/org/apache/apache/7/apache-7.pom
[b581f5cb-6931-4fd1-bcca-1387f934baa6/build]   | [INFO] Downloaded from central: https://repo.maven.apache.org/maven2/org/apache/apache/7/apache-7.pom (14 kB at 1.0 MB/s)
[b581f5cb-6931-4fd1-bcca-1387f934baa6/build]   | [INFO] Downloading from central: https://repo.maven.apache.org/maven2/org/apache/maven/maven-error-diagnostics/2.2.1/maven-error-diagnostics-2.2.1.pom
[b581f5cb-6931-4fd1-bcca-1387f934baa6/build]   | [INFO] Downloaded from central: https://repo.maven.apache.org/maven2/org/apache/maven/maven-error-diagnostics/2.2.1/maven-error-diagnostics-2.2.1.pom (1.7 kB at 155 kB/s)
[b581f5cb-6931-4fd1-bcca-1387f934baa6/build]   | [INFO] Downloading from central: https://repo.maven.apache.org/maven2/org/apache/maven/maven-monitor/2.2.1/maven-monitor-2.2.1.pom
[b581f5cb-6931-4fd1-bcca-1387f934baa6/build]   | [INFO] Downloaded from central: https://repo.maven.apache.org/maven2/org/apache/maven/maven-monitor/2.2.1/maven-monitor-2.2.1.pom (1.3 kB at 66 kB/s)
[b581f5cb-6931-4fd1-bcca-1387f934baa6/build]   | [INFO] Downloading from central: https://repo.maven.apache.org/maven2/org/sonatype/plexus/plexus-sec-dispatcher/1.3/plexus-sec-dispatcher-1.3.pom
[b581f5cb-6931-4fd1-bcca-1387f934baa6/build]   | [INFO] Downloaded from central: https://repo.maven.apache.org/maven2/org/sonatype/plexus/plexus-sec-dispatcher/1.3/plexus-sec-dispatcher-1.3.pom (3.0 kB at 370 kB/s)
[b581f5cb-6931-4fd1-bcca-1387f934baa6/build]   | [INFO] Downloading from central: https://repo.maven.apache.org/maven2/org/sonatype/spice/spice-parent/12/spice-parent-12.pom
[b581f5cb-6931-4fd1-bcca-1387f934baa6/build]   | [INFO] Downloaded from central: https://repo.maven.apache.org/maven2/org/sonatype/spice/spice-parent/12/spice-parent-12.pom (6.8 kB at 358 kB/s)
[b581f5cb-6931-4fd1-bcca-1387f934baa6/build]   | [INFO] Downloading from central: https://repo.maven.apache.org/maven2/org/sonatype/forge/forge-parent/4/forge-parent-4.pom
[b581f5cb-6931-4fd1-bcca-1387f934baa6/build]   | [INFO] Downloaded from central: https://repo.maven.apache.org/maven2/org/sonatype/forge/forge-parent/4/forge-parent-4.pom (8.4 kB at 1.2 MB/s)
[b581f5cb-6931-4fd1-bcca-1387f934baa6/build]   | [INFO] Downloading from central: https://repo.maven.apache.org/maven2/org/codehaus/plexus/plexus-utils/1.5.5/plexus-utils-1.5.5.pom
[b581f5cb-6931-4fd1-bcca-1387f934baa6/build]   | [INFO] Downloaded from central: https://repo.maven.apache.org/maven2/org/codehaus/plexus/plexus-utils/1.5.5/plexus-utils-1.5.5.pom (5.1 kB at 245 kB/s)
[b581f5cb-6931-4fd1-bcca-1387f934baa6/build]   | [INFO] Downloading from central: https://repo.maven.apache.org/maven2/org/sonatype/plexus/plexus-cipher/1.4/plexus-cipher-1.4.pom
[b581f5cb-6931-4fd1-bcca-1387f934baa6/build]   | [INFO] Downloaded from central: https://repo.maven.apache.org/maven2/org/sonatype/plexus/plexus-cipher/1.4/plexus-cipher-1.4.pom (2.1 kB at 344 kB/s)
[b581f5cb-6931-4fd1-bcca-1387f934baa6/build]   | [INFO] Downloading from central: https://repo.maven.apache.org/maven2/org/apache/maven/maven-toolchain/2.2.1/maven-toolchain-2.2.1.pom
[b581f5cb-6931-4fd1-bcca-1387f934baa6/build]   | [INFO] Downloaded from central: https://repo.maven.apache.org/maven2/org/apache/maven/maven-toolchain/2.2.1/maven-toolchain-2.2.1.pom (3.3 kB at 557 kB/s)
[b581f5cb-6931-4fd1-bcca-1387f934baa6/build]   | [INFO] Downloading from central: https://repo.maven.apache.org/maven2/org/codehaus/plexus/plexus-java/0.9.10/plexus-java-0.9.10.pom
[b581f5cb-6931-4fd1-bcca-1387f934baa6/build]   | [INFO] Downloaded from central: https://repo.maven.apache.org/maven2/org/codehaus/plexus/plexus-java/0.9.10/plexus-java-0.9.10.pom (5.1 kB at 1.0 MB/s)
[b581f5cb-6931-4fd1-bcca-1387f934baa6/build]   | [INFO] Downloading from central: https://repo.maven.apache.org/maven2/org/codehaus/plexus/plexus-languages/0.9.10/plexus-languages-0.9.10.pom
[b581f5cb-6931-4fd1-bcca-1387f934baa6/build]   | [INFO] Downloaded from central: https://repo.maven.apache.org/maven2/org/codehaus/plexus/plexus-languages/0.9.10/plexus-languages-0.9.10.pom (4.1 kB at 690 kB/s)
[b581f5cb-6931-4fd1-bcca-1387f934baa6/build]   | [INFO] Downloading from central: https://repo.maven.apache.org/maven2/org/codehaus/plexus/plexus/4.0/plexus-4.0.pom
[b581f5cb-6931-4fd1-bcca-1387f934baa6/build]   | [INFO] Downloaded from central: https://repo.maven.apache.org/maven2/org/codehaus/plexus/plexus/4.0/plexus-4.0.pom (22 kB at 3.6 MB/s)
[b581f5cb-6931-4fd1-bcca-1387f934baa6/build]   | [INFO] Downloading from central: https://repo.maven.apache.org/maven2/org/sonatype/forge/forge-parent/10/forge-parent-10.pom
[b581f5cb-6931-4fd1-bcca-1387f934baa6/build]   | [INFO] Downloaded from central: https://repo.maven.apache.org/maven2/org/sonatype/forge/forge-parent/10/forge-parent-10.pom (14 kB at 2.3 MB/s)
[b581f5cb-6931-4fd1-bcca-1387f934baa6/build]   | [INFO] Downloading from central: https://repo.maven.apache.org/maven2/org/ow2/asm/asm/6.2/asm-6.2.pom
[b581f5cb-6931-4fd1-bcca-1387f934baa6/build]   | [INFO] Downloaded from central: https://repo.maven.apache.org/maven2/org/ow2/asm/asm/6.2/asm-6.2.pom (2.9 kB at 587 kB/s)
[b581f5cb-6931-4fd1-bcca-1387f934baa6/build]   | [INFO] Downloading from central: https://repo.maven.apache.org/maven2/com/thoughtworks/qdox/qdox/2.0-M8/qdox-2.0-M8.pom
[b581f5cb-6931-4fd1-bcca-1387f934baa6/build]   | [INFO] Downloaded from central: https://repo.maven.apache.org/maven2/com/thoughtworks/qdox/qdox/2.0-M8/qdox-2.0-M8.pom (16 kB at 1.8 MB/s)
[b581f5cb-6931-4fd1-bcca-1387f934baa6/build]   | [INFO] Downloading from central: https://repo.maven.apache.org/maven2/org/apache/maven/surefire/maven-surefire-common/2.22.2/maven-surefire-common-2.22.2.jar
[b581f5cb-6931-4fd1-bcca-1387f934baa6/build]   | [INFO] Downloading from central: https://repo.maven.apache.org/maven2/org/apache/maven/maven-plugin-api/2.2.1/maven-plugin-api-2.2.1.jar
[b581f5cb-6931-4fd1-bcca-1387f934baa6/build]   | [INFO] Downloading from central: https://repo.maven.apache.org/maven2/org/apache/maven/plugin-tools/maven-plugin-annotations/3.5.2/maven-plugin-annotations-3.5.2.jar
[b581f5cb-6931-4fd1-bcca-1387f934baa6/build]   | [INFO] Downloading from central: https://repo.maven.apache.org/maven2/org/apache/maven/surefire/surefire-api/2.22.2/surefire-api-2.22.2.jar
[b581f5cb-6931-4fd1-bcca-1387f934baa6/build]   | [INFO] Downloading from central: https://repo.maven.apache.org/maven2/org/apache/maven/surefire/surefire-logger-api/2.22.2/surefire-logger-api-2.22.2.jar
[b581f5cb-6931-4fd1-bcca-1387f934baa6/build]   | [INFO] Downloaded from central: https://repo.maven.apache.org/maven2/org/apache/maven/plugin-tools/maven-plugin-annotations/3.5.2/maven-plugin-annotations-3.5.2.jar (14 kB at 1.3 MB/s)
[b581f5cb-6931-4fd1-bcca-1387f934baa6/build]   | [INFO] Downloading from central: https://repo.maven.apache.org/maven2/org/apache/maven/surefire/surefire-booter/2.22.2/surefire-booter-2.22.2.jar
[b581f5cb-6931-4fd1-bcca-1387f934baa6/build]   | [INFO] Downloaded from central: https://repo.maven.apache.org/maven2/org/apache/maven/maven-plugin-api/2.2.1/maven-plugin-api-2.2.1.jar (12 kB at 952 kB/s)
[b581f5cb-6931-4fd1-bcca-1387f934baa6/build]   | [INFO] Downloading from central: https://repo.maven.apache.org/maven2/org/apache/maven/maven-artifact/2.2.1/maven-artifact-2.2.1.jar
[b581f5cb-6931-4fd1-bcca-1387f934baa6/build]   | [INFO] Downloaded from central: https://repo.maven.apache.org/maven2/org/apache/maven/surefire/maven-surefire-common/2.22.2/maven-surefire-common-2.22.2.jar (528 kB at 24 MB/s)
[b581f5cb-6931-4fd1-bcca-1387f934baa6/build]   | [INFO] Downloading from central: https://repo.maven.apache.org/maven2/org/codehaus/plexus/plexus-utils/1.5.15/plexus-utils-1.5.15.jar
[b581f5cb-6931-4fd1-bcca-1387f934baa6/build]   | [INFO] Downloaded from central: https://repo.maven.apache.org/maven2/org/apache/maven/surefire/surefire-logger-api/2.22.2/surefire-logger-api-2.22.2.jar (13 kB at 636 kB/s)
[b581f5cb-6931-4fd1-bcca-1387f934baa6/build]   | [INFO] Downloading from central: https://repo.maven.apache.org/maven2/org/apache/maven/maven-plugin-descriptor/2.2.1/maven-plugin-descriptor-2.2.1.jar
[b581f5cb-6931-4fd1-bcca-1387f934baa6/build]   | [INFO] Downloaded from central: https://repo.maven.apache.org/maven2/org/apache/maven/surefire/surefire-api/2.22.2/surefire-api-2.22.2.jar (186 kB at 8.1 MB/s)
[b581f5cb-6931-4fd1-bcca-1387f934baa6/build]   | [INFO] Downloading from central: https://repo.maven.apache.org/maven2/junit/junit/4.12/junit-4.12.jar
[b581f5cb-6931-4fd1-bcca-1387f934baa6/build]   | [INFO] Downloaded from central: https://repo.maven.apache.org/maven2/org/apache/maven/surefire/surefire-booter/2.22.2/surefire-booter-2.22.2.jar (274 kB at 12 MB/s)
[b581f5cb-6931-4fd1-bcca-1387f934baa6/build]   | [INFO] Downloading from central: https://repo.maven.apache.org/maven2/org/hamcrest/hamcrest-core/1.3/hamcrest-core-1.3.jar
[b581f5cb-6931-4fd1-bcca-1387f934baa6/build]   | [INFO] Downloaded from central: https://repo.maven.apache.org/maven2/org/apache/maven/maven-artifact/2.2.1/maven-artifact-2.2.1.jar (80 kB at 3.1 MB/s)
[b581f5cb-6931-4fd1-bcca-1387f934baa6/build]   | [INFO] Downloading from central: https://repo.maven.apache.org/maven2/org/apache/maven/maven-project/2.2.1/maven-project-2.2.1.jar
[b581f5cb-6931-4fd1-bcca-1387f934baa6/build]   | [INFO] Downloaded from central: https://repo.maven.apache.org/maven2/org/apache/maven/maven-plugin-descriptor/2.2.1/maven-plugin-descriptor-2.2.1.jar (39 kB at 1.4 MB/s)
[b581f5cb-6931-4fd1-bcca-1387f934baa6/build]   | [INFO] Downloading from central: https://repo.maven.apache.org/maven2/org/apache/maven/maven-settings/2.2.1/maven-settings-2.2.1.jar
[b581f5cb-6931-4fd1-bcca-1387f934baa6/build]   | [INFO] Downloaded from central: https://repo.maven.apache.org/maven2/org/hamcrest/hamcrest-core/1.3/hamcrest-core-1.3.jar (45 kB at 1.6 MB/s)
[b581f5cb-6931-4fd1-bcca-1387f934baa6/build]   | [INFO] Downloading from central: https://repo.maven.apache.org/maven2/org/apache/maven/maven-profile/2.2.1/maven-profile-2.2.1.jar
[b581f5cb-6931-4fd1-bcca-1387f934baa6/build]   | [INFO] Downloaded from central: https://repo.maven.apache.org/maven2/org/codehaus/plexus/plexus-utils/1.5.15/plexus-utils-1.5.15.jar (228 kB at 6.7 MB/s)
[b581f5cb-6931-4fd1-bcca-1387f934baa6/build]   | [INFO] Downloaded from central: https://repo.maven.apache.org/maven2/junit/junit/4.12/junit-4.12.jar (315 kB at 9.3 MB/s)
[b581f5cb-6931-4fd1-bcca-1387f934baa6/build]   | [INFO] Downloading from central: https://repo.maven.apache.org/maven2/org/apache/maven/maven-artifact-manager/2.2.1/maven-artifact-manager-2.2.1.jar
[b581f5cb-6931-4fd1-bcca-1387f934baa6/build]   | [INFO] Downloading from central: https://repo.maven.apache.org/maven2/backport-util-concurrent/backport-util-concurrent/3.1/backport-util-concurrent-3.1.jar
[b581f5cb-6931-4fd1-bcca-1387f934baa6/build]   | [INFO] Downloaded from central: https://repo.maven.apache.org/maven2/org/apache/maven/maven-profile/2.2.1/maven-profile-2.2.1.jar (35 kB at 1.0 MB/s)
[b581f5cb-6931-4fd1-bcca-1387f934baa6/build]   | [INFO] Downloading from central: https://repo.maven.apache.org/maven2/org/apache/maven/maven-plugin-registry/2.2.1/maven-plugin-registry-2.2.1.jar
[b581f5cb-6931-4fd1-bcca-1387f934baa6/build]   | [INFO] Downloaded from central: https://repo.maven.apache.org/maven2/org/apache/maven/maven-project/2.2.1/maven-project-2.2.1.jar (156 kB at 4.3 MB/s)
[b581f5cb-6931-4fd1-bcca-1387f934baa6/build]   | [INFO] Downloading from central: https://repo.maven.apache.org/maven2/org/codehaus/plexus/plexus-interpolation/1.11/plexus-interpolation-1.11.jar
[b581f5cb-6931-4fd1-bcca-1387f934baa6/build]   | [INFO] Downloaded from central: https://repo.maven.apache.org/maven2/org/apache/maven/maven-settings/2.2.1/maven-settings-2.2.1.jar (49 kB at 1.3 MB/s)
[b581f5cb-6931-4fd1-bcca-1387f934baa6/build]   | [INFO] Downloading from central: https://repo.maven.apache.org/maven2/org/apache/maven/maven-model/2.2.1/maven-model-2.2.1.jar
[b581f5cb-6931-4fd1-bcca-1387f934baa6/build]   | [INFO] Downloaded from central: https://repo.maven.apache.org/maven2/org/codehaus/plexus/plexus-interpolation/1.11/plexus-interpolation-1.11.jar (51 kB at 1.2 MB/s)
[b581f5cb-6931-4fd1-bcca-1387f934baa6/build]   | [INFO] Downloaded from central: https://repo.maven.apache.org/maven2/org/apache/maven/maven-plugin-registry/2.2.1/maven-plugin-registry-2.2.1.jar (30 kB at 691 kB/s)
[b581f5cb-6931-4fd1-bcca-1387f934baa6/build]   | [INFO] Downloading from central: https://repo.maven.apache.org/maven2/org/apache/maven/maven-core/2.2.1/maven-core-2.2.1.jar
[b581f5cb-6931-4fd1-bcca-1387f934baa6/build]   | [INFO] Downloading from central: https://repo.maven.apache.org/maven2/org/apache/maven/maven-plugin-parameter-documenter/2.2.1/maven-plugin-parameter-documenter-2.2.1.jar
[b581f5cb-6931-4fd1-bcca-1387f934baa6/build]   | [INFO] Downloaded from central: https://repo.maven.apache.org/maven2/org/apache/maven/maven-artifact-manager/2.2.1/maven-artifact-manager-2.2.1.jar (68 kB at 1.6 MB/s)
[b581f5cb-6931-4fd1-bcca-1387f934baa6/build]   | [INFO] Downloading from central: https://repo.maven.apache.org/maven2/org/slf4j/slf4j-jdk14/1.5.6/slf4j-jdk14-1.5.6.jar
[b581f5cb-6931-4fd1-bcca-1387f934baa6/build]   | [INFO] Downloaded from central: https://repo.maven.apache.org/maven2/org/apache/maven/maven-plugin-parameter-documenter/2.2.1/maven-plugin-parameter-documenter-2.2.1.jar (22 kB at 462 kB/s)
[b581f5cb-6931-4fd1-bcca-1387f934baa6/build]   | [INFO] Downloaded from central: https://repo.maven.apache.org/maven2/backport-util-concurrent/backport-util-concurrent/3.1/backport-util-concurrent-3.1.jar (332 kB at 6.9 MB/s)
[b581f5cb-6931-4fd1-bcca-1387f934baa6/build]   | [INFO] Downloading from central: https://repo.maven.apache.org/maven2/org/slf4j/slf4j-api/1.5.6/slf4j-api-1.5.6.jar
[b581f5cb-6931-4fd1-bcca-1387f934baa6/build]   | [INFO] Downloading from central: https://repo.maven.apache.org/maven2/org/slf4j/jcl-over-slf4j/1.5.6/jcl-over-slf4j-1.5.6.jar
[b581f5cb-6931-4fd1-bcca-1387f934baa6/build]   | [INFO] Downloaded from central: https://repo.maven.apache.org/maven2/org/apache/maven/maven-model/2.2.1/maven-model-2.2.1.jar (88 kB at 1.8 MB/s)
[b581f5cb-6931-4fd1-bcca-1387f934baa6/build]   | [INFO] Downloading from central: https://repo.maven.apache.org/maven2/org/apache/maven/reporting/maven-reporting-api/3.0/maven-reporting-api-3.0.jar
[b581f5cb-6931-4fd1-bcca-1387f934baa6/build]   | [INFO] Downloaded from central: https://repo.maven.apache.org/maven2/org/slf4j/slf4j-jdk14/1.5.6/slf4j-jdk14-1.5.6.jar (8.8 kB at 176 kB/s)
[b581f5cb-6931-4fd1-bcca-1387f934baa6/build]   | [INFO] Downloading from central: https://repo.maven.apache.org/maven2/org/apache/maven/maven-repository-metadata/2.2.1/maven-repository-metadata-2.2.1.jar
[b581f5cb-6931-4fd1-bcca-1387f934baa6/build]   | [INFO] Downloaded from central: https://repo.maven.apache.org/maven2/org/apache/maven/maven-core/2.2.1/maven-core-2.2.1.jar (178 kB at 3.5 MB/s)
[b581f5cb-6931-4fd1-bcca-1387f934baa6/build]   | [INFO] Downloading from central: https://repo.maven.apache.org/maven2/org/apache/maven/maven-error-diagnostics/2.2.1/maven-error-diagnostics-2.2.1.jar
[b581f5cb-6931-4fd1-bcca-1387f934baa6/build]   | [INFO] Downloaded from central: https://repo.maven.apache.org/maven2/org/slf4j/slf4j-api/1.5.6/slf4j-api-1.5.6.jar (22 kB at 421 kB/s)
[b581f5cb-6931-4fd1-bcca-1387f934baa6/build]   | [INFO] Downloading from central: https://repo.maven.apache.org/maven2/org/apache/maven/maven-monitor/2.2.1/maven-monitor-2.2.1.jar
[b581f5cb-6931-4fd1-bcca-1387f934baa6/build]   | [INFO] Downloaded from central: https://repo.maven.apache.org/maven2/org/apache/maven/maven-error-diagnostics/2.2.1/maven-error-diagnostics-2.2.1.jar (13 kB at 228 kB/s)
[b581f5cb-6931-4fd1-bcca-1387f934baa6/build]   | [INFO] Downloading from central: https://repo.maven.apache.org/maven2/org/sonatype/plexus/plexus-sec-dispatcher/1.3/plexus-sec-dispatcher-1.3.jar
[b581f5cb-6931-4fd1-bcca-1387f934baa6/build]   | [INFO] Downloaded from central: https://repo.maven.apache.org/maven2/org/slf4j/jcl-over-slf4j/1.5.6/jcl-over-slf4j-1.5.6.jar (17 kB at 293 kB/s)
[b581f5cb-6931-4fd1-bcca-1387f934baa6/build]   | [INFO] Downloading from central: https://repo.maven.apache.org/maven2/org/sonatype/plexus/plexus-cipher/1.4/plexus-cipher-1.4.jar
[b581f5cb-6931-4fd1-bcca-1387f934baa6/build]   | [INFO] Downloaded from central: https://repo.maven.apache.org/maven2/org/apache/maven/reporting/maven-reporting-api/3.0/maven-reporting-api-3.0.jar (11 kB at 189 kB/s)
[b581f5cb-6931-4fd1-bcca-1387f934baa6/build]   | [INFO] Downloading from central: https://repo.maven.apache.org/maven2/org/apache/maven/maven-toolchain/2.2.1/maven-toolchain-2.2.1.jar
[b581f5cb-6931-4fd1-bcca-1387f934baa6/build]   | [INFO] Downloaded from central: https://repo.maven.apache.org/maven2/org/apache/maven/maven-repository-metadata/2.2.1/maven-repository-metadata-2.2.1.jar (26 kB at 442 kB/s)
[b581f5cb-6931-4fd1-bcca-1387f934baa6/build]   | [INFO] Downloading from central: https://repo.maven.apache.org/maven2/org/codehaus/plexus/plexus-java/0.9.10/plexus-java-0.9.10.jar
[b581f5cb-6931-4fd1-bcca-1387f934baa6/build]   | [INFO] Downloaded from central: https://repo.maven.apache.org/maven2/org/apache/maven/maven-monitor/2.2.1/maven-monitor-2.2.1.jar (10 kB at 169 kB/s)
[b581f5cb-6931-4fd1-bcca-1387f934baa6/build]   | [INFO] Downloading from central: https://repo.maven.apache.org/maven2/org/ow2/asm/asm/6.2/asm-6.2.jar
[b581f5cb-6931-4fd1-bcca-1387f934baa6/build]   | [INFO] Downloaded from central: https://repo.maven.apache.org/maven2/org/sonatype/plexus/plexus-sec-dispatcher/1.3/plexus-sec-dispatcher-1.3.jar (29 kB at 461 kB/s)
[b581f5cb-6931-4fd1-bcca-1387f934baa6/build]   | [INFO] Downloading from central: https://repo.maven.apache.org/maven2/com/thoughtworks/qdox/qdox/2.0-M8/qdox-2.0-M8.jar
[b581f5cb-6931-4fd1-bcca-1387f934baa6/build]   | [INFO] Downloaded from central: https://repo.maven.apache.org/maven2/org/codehaus/plexus/plexus-java/0.9.10/plexus-java-0.9.10.jar (39 kB at 616 kB/s)
[b581f5cb-6931-4fd1-bcca-1387f934baa6/build]   | [INFO] Downloaded from central: https://repo.maven.apache.org/maven2/org/apache/maven/maven-toolchain/2.2.1/maven-toolchain-2.2.1.jar (38 kB at 562 kB/s)
[b581f5cb-6931-4fd1-bcca-1387f934baa6/build]   | [INFO] Downloaded from central: https://repo.maven.apache.org/maven2/org/sonatype/plexus/plexus-cipher/1.4/plexus-cipher-1.4.jar (13 kB at 201 kB/s)
[b581f5cb-6931-4fd1-bcca-1387f934baa6/build]   | [INFO] Downloaded from central: https://repo.maven.apache.org/maven2/com/thoughtworks/qdox/qdox/2.0-M8/qdox-2.0-M8.jar (316 kB at 4.3 MB/s)
[b581f5cb-6931-4fd1-bcca-1387f934baa6/build]   | [INFO] Downloaded from central: https://repo.maven.apache.org/maven2/org/ow2/asm/asm/6.2/asm-6.2.jar (111 kB at 1.5 MB/s)
[b581f5cb-6931-4fd1-bcca-1387f934baa6/build]   | [INFO] Downloading from central: https://repo.maven.apache.org/maven2/org/apache/maven/surefire/surefire-junit-platform/2.22.2/surefire-junit-platform-2.22.2.pom
[b581f5cb-6931-4fd1-bcca-1387f934baa6/build]   | [INFO] Downloaded from central: https://repo.maven.apache.org/maven2/org/apache/maven/surefire/surefire-junit-platform/2.22.2/surefire-junit-platform-2.22.2.pom (7.0 kB at 1.4 MB/s)
[b581f5cb-6931-4fd1-bcca-1387f934baa6/build]   | [INFO] Downloading from central: https://repo.maven.apache.org/maven2/org/apache/maven/surefire/surefire-providers/2.22.2/surefire-providers-2.22.2.pom
[b581f5cb-6931-4fd1-bcca-1387f934baa6/build]   | [INFO] Downloaded from central: https://repo.maven.apache.org/maven2/org/apache/maven/surefire/surefire-providers/2.22.2/surefire-providers-2.22.2.pom (2.5 kB at 622 kB/s)
[b581f5cb-6931-4fd1-bcca-1387f934baa6/build]   | [INFO] Downloading from central: https://repo.maven.apache.org/maven2/org/junit/platform/junit-platform-launcher/1.3.1/junit-platform-launcher-1.3.1.pom
[b581f5cb-6931-4fd1-bcca-1387f934baa6/build]   | [INFO] Downloaded from central: https://repo.maven.apache.org/maven2/org/junit/platform/junit-platform-launcher/1.3.1/junit-platform-launcher-1.3.1.pom (2.2 kB at 443 kB/s)
[b581f5cb-6931-4fd1-bcca-1387f934baa6/build]   | [INFO] Downloading from central: https://repo.maven.apache.org/maven2/org/apiguardian/apiguardian-api/1.0.0/apiguardian-api-1.0.0.pom
[b581f5cb-6931-4fd1-bcca-1387f934baa6/build]   | [INFO] Downloaded from central: https://repo.maven.apache.org/maven2/org/apiguardian/apiguardian-api/1.0.0/apiguardian-api-1.0.0.pom (1.2 kB at 146 kB/s)
[b581f5cb-6931-4fd1-bcca-1387f934baa6/build]   | [INFO] Downloading from central: https://repo.maven.apache.org/maven2/org/junit/platform/junit-platform-engine/1.3.1/junit-platform-engine-1.3.1.pom
[b581f5cb-6931-4fd1-bcca-1387f934baa6/build]   | [INFO] Downloaded from central: https://repo.maven.apache.org/maven2/org/junit/platform/junit-platform-engine/1.3.1/junit-platform-engine-1.3.1.pom (2.4 kB at 479 kB/s)
[b581f5cb-6931-4fd1-bcca-1387f934baa6/build]   | [INFO] Downloading from central: https://repo.maven.apache.org/maven2/org/junit/platform/junit-platform-commons/1.3.1/junit-platform-commons-1.3.1.pom
[b581f5cb-6931-4fd1-bcca-1387f934baa6/build]   | [INFO] Downloaded from central: https://repo.maven.apache.org/maven2/org/junit/platform/junit-platform-commons/1.3.1/junit-platform-commons-1.3.1.pom (2.0 kB at 404 kB/s)
[b581f5cb-6931-4fd1-bcca-1387f934baa6/build]   | [INFO] Downloading from central: https://repo.maven.apache.org/maven2/org/opentest4j/opentest4j/1.1.1/opentest4j-1.1.1.pom
[b581f5cb-6931-4fd1-bcca-1387f934baa6/build]   | [INFO] Downloaded from central: https://repo.maven.apache.org/maven2/org/opentest4j/opentest4j/1.1.1/opentest4j-1.1.1.pom (1.7 kB at 210 kB/s)
[b581f5cb-6931-4fd1-bcca-1387f934baa6/build]   | [INFO] Downloading from central: https://repo.maven.apache.org/maven2/org/junit/platform/junit-platform-commons/1.3.1/junit-platform-commons-1.3.1.jar
[b581f5cb-6931-4fd1-bcca-1387f934baa6/build]   | [INFO] Downloading from central: https://repo.maven.apache.org/maven2/org/junit/platform/junit-platform-launcher/1.3.1/junit-platform-launcher-1.3.1.jar
[b581f5cb-6931-4fd1-bcca-1387f934baa6/build]   | [INFO] Downloading from central: https://repo.maven.apache.org/maven2/org/apiguardian/apiguardian-api/1.0.0/apiguardian-api-1.0.0.jar
[b581f5cb-6931-4fd1-bcca-1387f934baa6/build]   | [INFO] Downloading from central: https://repo.maven.apache.org/maven2/org/junit/platform/junit-platform-engine/1.3.1/junit-platform-engine-1.3.1.jar
[b581f5cb-6931-4fd1-bcca-1387f934baa6/build]   | [INFO] Downloading from central: https://repo.maven.apache.org/maven2/org/apache/maven/surefire/surefire-junit-platform/2.22.2/surefire-junit-platform-2.22.2.jar
[b581f5cb-6931-4fd1-bcca-1387f934baa6/build]   | [INFO] Downloaded from central: https://repo.maven.apache.org/maven2/org/apache/maven/surefire/surefire-junit-platform/2.22.2/surefire-junit-platform-2.22.2.jar (66 kB at 5.1 MB/s)
[b581f5cb-6931-4fd1-bcca-1387f934baa6/build]   | [INFO] Downloaded from central: https://repo.maven.apache.org/maven2/org/junit/platform/junit-platform-launcher/1.3.1/junit-platform-launcher-1.3.1.jar (95 kB at 6.8 MB/s)
[b581f5cb-6931-4fd1-bcca-1387f934baa6/build]   | [INFO] Downloaded from central: https://repo.maven.apache.org/maven2/org/junit/platform/junit-platform-engine/1.3.1/junit-platform-engine-1.3.1.jar (135 kB at 8.4 MB/s)
[b581f5cb-6931-4fd1-bcca-1387f934baa6/build]   | [INFO] Downloaded from central: https://repo.maven.apache.org/maven2/org/junit/platform/junit-platform-commons/1.3.1/junit-platform-commons-1.3.1.jar (78 kB at 4.6 MB/s)
[b581f5cb-6931-4fd1-bcca-1387f934baa6/build]   | [INFO] Downloaded from central: https://repo.maven.apache.org/maven2/org/apiguardian/apiguardian-api/1.0.0/apiguardian-api-1.0.0.jar (2.2 kB at 127 kB/s)
[b581f5cb-6931-4fd1-bcca-1387f934baa6/build]   | [INFO] Downloading from central: https://repo.maven.apache.org/maven2/org/opentest4j/opentest4j/1.1.1/opentest4j-1.1.1.jar
[b581f5cb-6931-4fd1-bcca-1387f934baa6/build]   | [INFO] Downloaded from central: https://repo.maven.apache.org/maven2/org/opentest4j/opentest4j/1.1.1/opentest4j-1.1.1.jar (7.1 kB at 1.2 MB/s)
[b581f5cb-6931-4fd1-bcca-1387f934baa6/build]   | [INFO] 
[b581f5cb-6931-4fd1-bcca-1387f934baa6/build]   | [INFO] -------------------------------------------------------
[b581f5cb-6931-4fd1-bcca-1387f934baa6/build]   | [INFO]  T E S T S
[b581f5cb-6931-4fd1-bcca-1387f934baa6/build]   | [INFO] -------------------------------------------------------
[b581f5cb-6931-4fd1-bcca-1387f934baa6/build]   | [INFO] Running com.thealgorithms.geometry.GrahamScanTest
[b581f5cb-6931-4fd1-bcca-1387f934baa6/build]   | [INFO] Tests run: 1, Failures: 0, Errors: 0, Skipped: 0, Time elapsed: 0.07 s - in com.thealgorithms.geometry.GrahamScanTest
[b581f5cb-6931-4fd1-bcca-1387f934baa6/build]   | [INFO] Running com.thealgorithms.dynamicprogramming.MinimumPathSumTest
[b581f5cb-6931-4fd1-bcca-1387f934baa6/build]   | [INFO] Tests run: 6, Failures: 0, Errors: 0, Skipped: 0, Time elapsed: 0 s - in com.thealgorithms.dynamicprogramming.MinimumPathSumTest
[b581f5cb-6931-4fd1-bcca-1387f934baa6/build]   | [INFO] Running com.thealgorithms.dynamicprogramming.LevenshteinDistanceTests
[b581f5cb-6931-4fd1-bcca-1387f934baa6/build]   | [INFO] Tests run: 4, Failures: 0, Errors: 0, Skipped: 0, Time elapsed: 0.079 s - in com.thealgorithms.dynamicprogramming.LevenshteinDistanceTests
[b581f5cb-6931-4fd1-bcca-1387f934baa6/build]   | [INFO] Running com.thealgorithms.dynamicprogramming.climbStairsTest
[b581f5cb-6931-4fd1-bcca-1387f934baa6/build]   | [INFO] Tests run: 5, Failures: 0, Errors: 0, Skipped: 0, Time elapsed: 0.008 s - in com.thealgorithms.dynamicprogramming.climbStairsTest
[b581f5cb-6931-4fd1-bcca-1387f934baa6/build]   | [INFO] Running com.thealgorithms.dynamicprogramming.CatalanNumberTest
[b581f5cb-6931-4fd1-bcca-1387f934baa6/build]   | [INFO] Tests run: 1, Failures: 0, Errors: 0, Skipped: 0, Time elapsed: 0.001 s - in com.thealgorithms.dynamicprogramming.CatalanNumberTest
[b581f5cb-6931-4fd1-bcca-1387f934baa6/build]   | [INFO] Running com.thealgorithms.dynamicprogramming.EggDroppingTest
[b581f5cb-6931-4fd1-bcca-1387f934baa6/build]   | [INFO] Tests run: 4, Failures: 0, Errors: 0, Skipped: 0, Time elapsed: 0.011 s - in com.thealgorithms.dynamicprogramming.EggDroppingTest
[b581f5cb-6931-4fd1-bcca-1387f934baa6/build]   | [INFO] Running com.thealgorithms.dynamicprogramming.KnapsackMemoizationTest
[b581f5cb-6931-4fd1-bcca-1387f934baa6/build]   | [INFO] Tests run: 3, Failures: 0, Errors: 0, Skipped: 0, Time elapsed: 0.005 s - in com.thealgorithms.dynamicprogramming.KnapsackMemoizationTest
[b581f5cb-6931-4fd1-bcca-1387f934baa6/build]   | [INFO] Running com.thealgorithms.dynamicprogramming.PartitionProblemTest
[b581f5cb-6931-4fd1-bcca-1387f934baa6/build]   | [INFO] Tests run: 4, Failures: 0, Errors: 0, Skipped: 0, Time elapsed: 0.006 s - in com.thealgorithms.dynamicprogramming.PartitionProblemTest
[b581f5cb-6931-4fd1-bcca-1387f934baa6/build]   | [INFO] Running com.thealgorithms.dynamicprogramming.SubsetCountTest
[b581f5cb-6931-4fd1-bcca-1387f934baa6/build]   | [INFO] Tests run: 4, Failures: 0, Errors: 0, Skipped: 0, Time elapsed: 0.002 s - in com.thealgorithms.dynamicprogramming.SubsetCountTest
[b581f5cb-6931-4fd1-bcca-1387f934baa6/build]   | [INFO] Running com.thealgorithms.dynamicprogramming.OptimalJobSchedulingTest
[b581f5cb-6931-4fd1-bcca-1387f934baa6/build]   | 5 1 3 2 
[b581f5cb-6931-4fd1-bcca-1387f934baa6/build]   | 6 3 4 5 
[b581f5cb-6931-4fd1-bcca-1387f934baa6/build]   | 5 8 6 6 
[b581f5cb-6931-4fd1-bcca-1387f934baa6/build]   | 7 9 10 8 
[b581f5cb-6931-4fd1-bcca-1387f934baa6/build]   | 8 9 12 9 
[b581f5cb-6931-4fd1-bcca-1387f934baa6/build]   | 
[b581f5cb-6931-4fd1-bcca-1387f934baa6/build]   | 5 1 3 
[b581f5cb-6931-4fd1-bcca-1387f934baa6/build]   | 6 3 4 
[b581f5cb-6931-4fd1-bcca-1387f934baa6/build]   | 5 8 6 
[b581f5cb-6931-4fd1-bcca-1387f934baa6/build]   | 
[b581f5cb-6931-4fd1-bcca-1387f934baa6/build]   | 5 1 3 2 
[b581f5cb-6931-4fd1-bcca-1387f934baa6/build]   | 6 3 4 3 
[b581f5cb-6931-4fd1-bcca-1387f934baa6/build]   | 5 8 6 9 
[b581f5cb-6931-4fd1-bcca-1387f934baa6/build]   | 6 7 8 9 
[b581f5cb-6931-4fd1-bcca-1387f934baa6/build]   | 8 8 12 13 
[b581f5cb-6931-4fd1-bcca-1387f934baa6/build]   | 11 10 12 12 
[b581f5cb-6931-4fd1-bcca-1387f934baa6/build]   | 
[b581f5cb-6931-4fd1-bcca-1387f934baa6/build]   | [INFO] Tests run: 3, Failures: 0, Errors: 0, Skipped: 0, Time elapsed: 0.007 s - in com.thealgorithms.dynamicprogramming.OptimalJobSchedulingTest
[b581f5cb-6931-4fd1-bcca-1387f934baa6/build]   | [INFO] Running com.thealgorithms.searches.RowColumnWiseSorted2dArrayBinarySearchTest
[b581f5cb-6931-4fd1-bcca-1387f934baa6/build]   | [INFO] Tests run: 7, Failures: 0, Errors: 0, Skipped: 0, Time elapsed: 0.002 s - in com.thealgorithms.searches.RowColumnWiseSorted2dArrayBinarySearchTest
[b581f5cb-6931-4fd1-bcca-1387f934baa6/build]   | [INFO] Running com.thealgorithms.searches.sortOrderAgnosticBinarySearchTest
[b581f5cb-6931-4fd1-bcca-1387f934baa6/build]   | [INFO] Tests run: 2, Failures: 0, Errors: 0, Skipped: 0, Time elapsed: 0.001 s - in com.thealgorithms.searches.sortOrderAgnosticBinarySearchTest
[b581f5cb-6931-4fd1-bcca-1387f934baa6/build]   | [INFO] Running com.thealgorithms.searches.KMPSearchTest
[b581f5cb-6931-4fd1-bcca-1387f934baa6/build]   | Found pattern at index 10
[b581f5cb-6931-4fd1-bcca-1387f934baa6/build]   | 10
[b581f5cb-6931-4fd1-bcca-1387f934baa6/build]   | No pattern found
[b581f5cb-6931-4fd1-bcca-1387f934baa6/build]   | -1
[b581f5cb-6931-4fd1-bcca-1387f934baa6/build]   | Found pattern at index 4
[b581f5cb-6931-4fd1-bcca-1387f934baa6/build]   | 4
[b581f5cb-6931-4fd1-bcca-1387f934baa6/build]   | Found pattern at index 0
[b581f5cb-6931-4fd1-bcca-1387f934baa6/build]   | 0
[b581f5cb-6931-4fd1-bcca-1387f934baa6/build]   | Found pattern at index 4
[b581f5cb-6931-4fd1-bcca-1387f934baa6/build]   | 4
[b581f5cb-6931-4fd1-bcca-1387f934baa6/build]   | [INFO] Tests run: 5, Failures: 0, Errors: 0, Skipped: 0, Time elapsed: 0.006 s - in com.thealgorithms.searches.KMPSearchTest
[b581f5cb-6931-4fd1-bcca-1387f934baa6/build]   | [INFO] Running com.thealgorithms.searches.HowManyTimesRotatedTest
[b581f5cb-6931-4fd1-bcca-1387f934baa6/build]   | [INFO] Tests run: 1, Failures: 0, Errors: 0, Skipped: 0, Time elapsed: 0.001 s - in com.thealgorithms.searches.HowManyTimesRotatedTest
[b581f5cb-6931-4fd1-bcca-1387f934baa6/build]   | [INFO] Running com.thealgorithms.searches.TestSearchInARowAndColWiseSortedMatrix
[b581f5cb-6931-4fd1-bcca-1387f934baa6/build]   | [INFO] Tests run: 2, Failures: 0, Errors: 0, Skipped: 0, Time elapsed: 0.003 s - in com.thealgorithms.searches.TestSearchInARowAndColWiseSortedMatrix
[b581f5cb-6931-4fd1-bcca-1387f934baa6/build]   | [INFO] Running com.thealgorithms.searches.QuickSelectTest
[b581f5cb-6931-4fd1-bcca-1387f934baa6/build]   | [INFO] Tests run: 21, Failures: 0, Errors: 0, Skipped: 0, Time elapsed: 0.023 s - in com.thealgorithms.searches.QuickSelectTest
[b581f5cb-6931-4fd1-bcca-1387f934baa6/build]   | [INFO] Running com.thealgorithms.searches.RabinKarpAlgorithmTest
[b581f5cb-6931-4fd1-bcca-1387f934baa6/build]   | Pattern found at index 34
[b581f5cb-6931-4fd1-bcca-1387f934baa6/build]   | Pattern found at index 8
[b581f5cb-6931-4fd1-bcca-1387f934baa6/build]   | Pattern found at index 3
[b581f5cb-6931-4fd1-bcca-1387f934baa6/build]   | Pattern found at index 0
[b581f5cb-6931-4fd1-bcca-1387f934baa6/build]   | [INFO] Tests run: 5, Failures: 0, Errors: 0, Skipped: 0, Time elapsed: 0.002 s - in com.thealgorithms.searches.RabinKarpAlgorithmTest
[b581f5cb-6931-4fd1-bcca-1387f934baa6/build]   | [INFO] Running com.thealgorithms.searches.OrderAgnosticBinarySearchTest
[b581f5cb-6931-4fd1-bcca-1387f934baa6/build]   | 4
[b581f5cb-6931-4fd1-bcca-1387f934baa6/build]   | 2
[b581f5cb-6931-4fd1-bcca-1387f934baa6/build]   | 4
[b581f5cb-6931-4fd1-bcca-1387f934baa6/build]   | 0
[b581f5cb-6931-4fd1-bcca-1387f934baa6/build]   | 0
[b581f5cb-6931-4fd1-bcca-1387f934baa6/build]   | -1
[b581f5cb-6931-4fd1-bcca-1387f934baa6/build]   | [INFO] Tests run: 6, Failures: 0, Errors: 0, Skipped: 0, Time elapsed: 0.004 s - in com.thealgorithms.searches.OrderAgnosticBinarySearchTest
[b581f5cb-6931-4fd1-bcca-1387f934baa6/build]   | [INFO] Running com.thealgorithms.searches.BinarySearch2dArrayTest
[b581f5cb-6931-4fd1-bcca-1387f934baa6/build]   | [1, 2]
[b581f5cb-6931-4fd1-bcca-1387f934baa6/build]   | [1, 3]
[b581f5cb-6931-4fd1-bcca-1387f934baa6/build]   | [2, 1]
[b581f5cb-6931-4fd1-bcca-1387f934baa6/build]   | [0, 1]
[b581f5cb-6931-4fd1-bcca-1387f934baa6/build]   | [1, 1]
[b581f5cb-6931-4fd1-bcca-1387f934baa6/build]   | [0, 1]
[b581f5cb-6931-4fd1-bcca-1387f934baa6/build]   | [-1, -1]
[b581f5cb-6931-4fd1-bcca-1387f934baa6/build]   | [2, 2]
[b581f5cb-6931-4fd1-bcca-1387f934baa6/build]   | [0, 2]
[b581f5cb-6931-4fd1-bcca-1387f934baa6/build]   | [0, 0]
[b581f5cb-6931-4fd1-bcca-1387f934baa6/build]   | [INFO] Tests run: 11, Failures: 0, Errors: 0, Skipped: 0, Time elapsed: 0.006 s - in com.thealgorithms.searches.BinarySearch2dArrayTest
[b581f5cb-6931-4fd1-bcca-1387f934baa6/build]   | [INFO] Running com.thealgorithms.searches.BreadthFirstSearchTest
[b581f5cb-6931-4fd1-bcca-1387f934baa6/build]   | [INFO] Tests run: 3, Failures: 0, Errors: 0, Skipped: 0, Time elapsed: 0.001 s - in com.thealgorithms.searches.BreadthFirstSearchTest
[b581f5cb-6931-4fd1-bcca-1387f934baa6/build]   | [INFO] Running com.thealgorithms.ciphers.PolybiusTest
[b581f5cb-6931-4fd1-bcca-1387f934baa6/build]   | [INFO] Tests run: 3, Failures: 0, Errors: 0, Skipped: 0, Time elapsed: 0.001 s - in com.thealgorithms.ciphers.PolybiusTest
[b581f5cb-6931-4fd1-bcca-1387f934baa6/build]   | [INFO] Running com.thealgorithms.ciphers.CaesarTest
[b581f5cb-6931-4fd1-bcca-1387f934baa6/build]   | [INFO] Tests run: 3, Failures: 0, Errors: 0, Skipped: 0, Time elapsed: 0.002 s - in com.thealgorithms.ciphers.CaesarTest
[b581f5cb-6931-4fd1-bcca-1387f934baa6/build]   | [INFO] Running com.thealgorithms.ciphers.DESTest
[b581f5cb-6931-4fd1-bcca-1387f934baa6/build]   | [INFO] Tests run: 2, Failures: 0, Errors: 0, Skipped: 0, Time elapsed: 0.032 s - in com.thealgorithms.ciphers.DESTest
[b581f5cb-6931-4fd1-bcca-1387f934baa6/build]   | [INFO] Running com.thealgorithms.ciphers.SimpleSubCipherTest
[b581f5cb-6931-4fd1-bcca-1387f934baa6/build]   | [INFO] Tests run: 2, Failures: 0, Errors: 0, Skipped: 0, Time elapsed: 0.001 s - in com.thealgorithms.ciphers.SimpleSubCipherTest
[b581f5cb-6931-4fd1-bcca-1387f934baa6/build]   | [INFO] Running com.thealgorithms.ciphers.RSATest
[b581f5cb-6931-4fd1-bcca-1387f934baa6/build]   | [INFO] Tests run: 1, Failures: 0, Errors: 0, Skipped: 0, Time elapsed: 0.106 s - in com.thealgorithms.ciphers.RSATest
[b581f5cb-6931-4fd1-bcca-1387f934baa6/build]   | [INFO] Running com.thealgorithms.ciphers.VigenereTest
[b581f5cb-6931-4fd1-bcca-1387f934baa6/build]   | [INFO] Tests run: 2, Failures: 0, Errors: 0, Skipped: 0, Time elapsed: 0.001 s - in com.thealgorithms.ciphers.VigenereTest
[b581f5cb-6931-4fd1-bcca-1387f934baa6/build]   | [INFO] Running com.thealgorithms.ciphers.a5.LFSRTest
[b581f5cb-6931-4fd1-bcca-1387f934baa6/build]   | [INFO] Tests run: 3, Failures: 0, Errors: 0, Skipped: 0, Time elapsed: 0.003 s - in com.thealgorithms.ciphers.a5.LFSRTest
[b581f5cb-6931-4fd1-bcca-1387f934baa6/build]   | [INFO] Running com.thealgorithms.ciphers.BlowfishTest
[b581f5cb-6931-4fd1-bcca-1387f934baa6/build]   | [INFO] Tests run: 2, Failures: 0, Errors: 0, Skipped: 0, Time elapsed: 0.017 s - in com.thealgorithms.ciphers.BlowfishTest
[b581f5cb-6931-4fd1-bcca-1387f934baa6/build]   | [INFO] Running com.thealgorithms.ciphers.SimpleSubstitutionCipherTest
[b581f5cb-6931-4fd1-bcca-1387f934baa6/build]   | [INFO] Tests run: 3, Failures: 0, Errors: 0, Skipped: 0, Time elapsed: 0.002 s - in com.thealgorithms.ciphers.SimpleSubstitutionCipherTest
[b581f5cb-6931-4fd1-bcca-1387f934baa6/build]   | [INFO] Running com.thealgorithms.scheduling.SJFSchedulingTest
[b581f5cb-6931-4fd1-bcca-1387f934baa6/build]   | [INFO] Tests run: 7, Failures: 0, Errors: 0, Skipped: 0, Time elapsed: 0.004 s - in com.thealgorithms.scheduling.SJFSchedulingTest
[b581f5cb-6931-4fd1-bcca-1387f934baa6/build]   | [INFO] Running com.thealgorithms.scheduling.FCFSSchedulingTest
[b581f5cb-6931-4fd1-bcca-1387f934baa6/build]   | [INFO] Tests run: 1, Failures: 0, Errors: 0, Skipped: 0, Time elapsed: 0 s - in com.thealgorithms.scheduling.FCFSSchedulingTest
[b581f5cb-6931-4fd1-bcca-1387f934baa6/build]   | [INFO] Running com.thealgorithms.scheduling.RRSchedulingTest
[b581f5cb-6931-4fd1-bcca-1387f934baa6/build]   | [INFO] Tests run: 1, Failures: 0, Errors: 0, Skipped: 0, Time elapsed: 0.001 s - in com.thealgorithms.scheduling.RRSchedulingTest
[b581f5cb-6931-4fd1-bcca-1387f934baa6/build]   | [INFO] Running com.thealgorithms.strings.PangramTest
[b581f5cb-6931-4fd1-bcca-1387f934baa6/build]   | [INFO] Tests run: 1, Failures: 0, Errors: 0, Skipped: 0, Time elapsed: 0.001 s - in com.thealgorithms.strings.PangramTest
[b581f5cb-6931-4fd1-bcca-1387f934baa6/build]   | [INFO] Running com.thealgorithms.strings.AlphabeticalTest
[b581f5cb-6931-4fd1-bcca-1387f934baa6/build]   | [INFO] Tests run: 1, Failures: 0, Errors: 0, Skipped: 0, Time elapsed: 0 s - in com.thealgorithms.strings.AlphabeticalTest
[b581f5cb-6931-4fd1-bcca-1387f934baa6/build]   | [INFO] Running com.thealgorithms.strings.ReverseStringTest
[b581f5cb-6931-4fd1-bcca-1387f934baa6/build]   | [INFO] Tests run: 1, Failures: 0, Errors: 0, Skipped: 0, Time elapsed: 0 s - in com.thealgorithms.strings.ReverseStringTest
[b581f5cb-6931-4fd1-bcca-1387f934baa6/build]   | [INFO] Running com.thealgorithms.strings.CheckVowelsTest
[b581f5cb-6931-4fd1-bcca-1387f934baa6/build]   | [INFO] Tests run: 1, Failures: 0, Errors: 0, Skipped: 0, Time elapsed: 0 s - in com.thealgorithms.strings.CheckVowelsTest
[b581f5cb-6931-4fd1-bcca-1387f934baa6/build]   | [INFO] Running com.thealgorithms.strings.CheckAnagramsTest
[b581f5cb-6931-4fd1-bcca-1387f934baa6/build]   | [INFO] Tests run: 8, Failures: 0, Errors: 0, Skipped: 0, Time elapsed: 0.003 s - in com.thealgorithms.strings.CheckAnagramsTest
[b581f5cb-6931-4fd1-bcca-1387f934baa6/build]   | [INFO] Running com.thealgorithms.strings.ValidParenthesesTest
[b581f5cb-6931-4fd1-bcca-1387f934baa6/build]   | [INFO] Tests run: 3, Failures: 0, Errors: 0, Skipped: 0, Time elapsed: 0 s - in com.thealgorithms.strings.ValidParenthesesTest
[b581f5cb-6931-4fd1-bcca-1387f934baa6/build]   | [INFO] Running com.thealgorithms.strings.StringCompressionTest
[b581f5cb-6931-4fd1-bcca-1387f934baa6/build]   | [INFO] Tests run: 4, Failures: 0, Errors: 0, Skipped: 0, Time elapsed: 0.009 s - in com.thealgorithms.strings.StringCompressionTest
[b581f5cb-6931-4fd1-bcca-1387f934baa6/build]   | [INFO] Running com.thealgorithms.strings.RotationTest
[b581f5cb-6931-4fd1-bcca-1387f934baa6/build]   | [INFO] Tests run: 1, Failures: 0, Errors: 0, Skipped: 0, Time elapsed: 0.001 s - in com.thealgorithms.strings.RotationTest
[b581f5cb-6931-4fd1-bcca-1387f934baa6/build]   | [INFO] Running com.thealgorithms.strings.PalindromeTest
[b581f5cb-6931-4fd1-bcca-1387f934baa6/build]   | [INFO] Tests run: 1, Failures: 0, Errors: 0, Skipped: 0, Time elapsed: 0.001 s - in com.thealgorithms.strings.PalindromeTest
[b581f5cb-6931-4fd1-bcca-1387f934baa6/build]   | [INFO] Running com.thealgorithms.strings.CharacterSameTest
[b581f5cb-6931-4fd1-bcca-1387f934baa6/build]   | [INFO] Tests run: 1, Failures: 0, Errors: 0, Skipped: 0, Time elapsed: 0.001 s - in com.thealgorithms.strings.CharacterSameTest
[b581f5cb-6931-4fd1-bcca-1387f934baa6/build]   | [INFO] Running com.thealgorithms.strings.MyAtoiTest
[b581f5cb-6931-4fd1-bcca-1387f934baa6/build]   | [INFO] Tests run: 7, Failures: 0, Errors: 0, Skipped: 0, Time elapsed: 0.004 s - in com.thealgorithms.strings.MyAtoiTest
[b581f5cb-6931-4fd1-bcca-1387f934baa6/build]   | [INFO] Running com.thealgorithms.strings.HammingDistanceTest
[b581f5cb-6931-4fd1-bcca-1387f934baa6/build]   | [INFO] Tests run: 2, Failures: 0, Errors: 0, Skipped: 0, Time elapsed: 0 s - in com.thealgorithms.strings.HammingDistanceTest
[b581f5cb-6931-4fd1-bcca-1387f934baa6/build]   | [INFO] Running com.thealgorithms.strings.AnagramsTest
[b581f5cb-6931-4fd1-bcca-1387f934baa6/build]   | [INFO] Tests run: 1, Failures: 0, Errors: 0, Skipped: 0, Time elapsed: 0 s - in com.thealgorithms.strings.AnagramsTest
[b581f5cb-6931-4fd1-bcca-1387f934baa6/build]   | [INFO] Running com.thealgorithms.strings.longestNonRepeativeSubstringTest
[b581f5cb-6931-4fd1-bcca-1387f934baa6/build]   | [INFO] Tests run: 1, Failures: 0, Errors: 0, Skipped: 0, Time elapsed: 0 s - in com.thealgorithms.strings.longestNonRepeativeSubstringTest
[b581f5cb-6931-4fd1-bcca-1387f934baa6/build]   | [INFO] Running com.thealgorithms.strings.HorspoolSearchTest
[b581f5cb-6931-4fd1-bcca-1387f934baa6/build]   | [INFO] Tests run: 13, Failures: 0, Errors: 0, Skipped: 0, Time elapsed: 0.005 s - in com.thealgorithms.strings.HorspoolSearchTest
[b581f5cb-6931-4fd1-bcca-1387f934baa6/build]   | [INFO] Running com.thealgorithms.strings.ReverseStringRecursiveTest
[b581f5cb-6931-4fd1-bcca-1387f934baa6/build]   | [INFO] Tests run: 3, Failures: 0, Errors: 0, Skipped: 0, Time elapsed: 0.001 s - in com.thealgorithms.strings.ReverseStringRecursiveTest
[b581f5cb-6931-4fd1-bcca-1387f934baa6/build]   | [INFO] Running com.thealgorithms.strings.WordLadderTest
[b581f5cb-6931-4fd1-bcca-1387f934baa6/build]   | [INFO] Tests run: 1, Failures: 0, Errors: 0, Skipped: 0, Time elapsed: 0.001 s - in com.thealgorithms.strings.WordLadderTest
[b581f5cb-6931-4fd1-bcca-1387f934baa6/build]   | [INFO] Running com.thealgorithms.strings.LowerTest
[b581f5cb-6931-4fd1-bcca-1387f934baa6/build]   | [INFO] Tests run: 1, Failures: 0, Errors: 0, Skipped: 0, Time elapsed: 0 s - in com.thealgorithms.strings.LowerTest
[b581f5cb-6931-4fd1-bcca-1387f934baa6/build]   | [INFO] Running com.thealgorithms.strings.UpperTest
[b581f5cb-6931-4fd1-bcca-1387f934baa6/build]   | [INFO] Tests run: 1, Failures: 0, Errors: 0, Skipped: 0, Time elapsed: 0.001 s - in com.thealgorithms.strings.UpperTest
[b581f5cb-6931-4fd1-bcca-1387f934baa6/build]   | [INFO] Running com.thealgorithms.strings.zigZagPattern.zigZagPatternTest
[b581f5cb-6931-4fd1-bcca-1387f934baa6/build]   | [INFO] Tests run: 1, Failures: 0, Errors: 0, Skipped: 0, Time elapsed: 0.001 s - in com.thealgorithms.strings.zigZagPattern.zigZagPatternTest
[b581f5cb-6931-4fd1-bcca-1387f934baa6/build]   | [INFO] Running com.thealgorithms.strings.LetterCombinationsOfPhoneNumberTest
[b581f5cb-6931-4fd1-bcca-1387f934baa6/build]   | [INFO] Tests run: 1, Failures: 0, Errors: 0, Skipped: 0, Time elapsed: 0.001 s - in com.thealgorithms.strings.LetterCombinationsOfPhoneNumberTest
[b581f5cb-6931-4fd1-bcca-1387f934baa6/build]   | [INFO] Running com.thealgorithms.datastructures.buffers.CircularBufferTest
[b581f5cb-6931-4fd1-bcca-1387f934baa6/build]   | [INFO] Tests run: 1004, Failures: 0, Errors: 0, Skipped: 0, Time elapsed: 1.098 s - in com.thealgorithms.datastructures.buffers.CircularBufferTest
[b581f5cb-6931-4fd1-bcca-1387f934baa6/build]   | [INFO] Running com.thealgorithms.datastructures.bloomfilter.BloomFilterTest
[b581f5cb-6931-4fd1-bcca-1387f934baa6/build]   | [INFO] Tests run: 2, Failures: 0, Errors: 0, Skipped: 0, Time elapsed: 0 s - in com.thealgorithms.datastructures.bloomfilter.BloomFilterTest
[b581f5cb-6931-4fd1-bcca-1387f934baa6/build]   | [INFO] Running com.thealgorithms.datastructures.caches.LRUCacheTest
[b581f5cb-6931-4fd1-bcca-1387f934baa6/build]   | [INFO] Tests run: 4, Failures: 0, Errors: 0, Skipped: 0, Time elapsed: 0 s - in com.thealgorithms.datastructures.caches.LRUCacheTest
[b581f5cb-6931-4fd1-bcca-1387f934baa6/build]   | [INFO] Running com.thealgorithms.datastructures.caches.MRUCacheTest
[b581f5cb-6931-4fd1-bcca-1387f934baa6/build]   | [INFO] Tests run: 4, Failures: 0, Errors: 0, Skipped: 0, Time elapsed: 0 s - in com.thealgorithms.datastructures.caches.MRUCacheTest
[b581f5cb-6931-4fd1-bcca-1387f934baa6/build]   | [INFO] Running com.thealgorithms.datastructures.caches.LFUCacheTest
[b581f5cb-6931-4fd1-bcca-1387f934baa6/build]   | [INFO] Tests run: 3, Failures: 0, Errors: 0, Skipped: 0, Time elapsed: 0 s - in com.thealgorithms.datastructures.caches.LFUCacheTest
[b581f5cb-6931-4fd1-bcca-1387f934baa6/build]   | [INFO] Running com.thealgorithms.datastructures.queues.LinkedQueueTest
[b581f5cb-6931-4fd1-bcca-1387f934baa6/build]   | [INFO] Tests run: 1, Failures: 0, Errors: 0, Skipped: 0, Time elapsed: 0 s - in com.thealgorithms.datastructures.queues.LinkedQueueTest
[b581f5cb-6931-4fd1-bcca-1387f934baa6/build]   | [INFO] Running com.thealgorithms.datastructures.queues.PriorityQueuesTest
[b581f5cb-6931-4fd1-bcca-1387f934baa6/build]   | [INFO] Tests run: 3, Failures: 0, Errors: 0, Skipped: 0, Time elapsed: 0 s - in com.thealgorithms.datastructures.queues.PriorityQueuesTest
[b581f5cb-6931-4fd1-bcca-1387f934baa6/build]   | [INFO] Running com.thealgorithms.datastructures.heaps.FibonacciHeapTest
[b581f5cb-6931-4fd1-bcca-1387f934baa6/build]   | [INFO] Tests run: 1, Failures: 0, Errors: 0, Skipped: 0, Time elapsed: 0 s - in com.thealgorithms.datastructures.heaps.FibonacciHeapTest
[b581f5cb-6931-4fd1-bcca-1387f934baa6/build]   | [INFO] Running com.thealgorithms.datastructures.heaps.LeftistHeapTest
[b581f5cb-6931-4fd1-bcca-1387f934baa6/build]   | [INFO] Tests run: 1, Failures: 0, Errors: 0, Skipped: 0, Time elapsed: 0 s - in com.thealgorithms.datastructures.heaps.LeftistHeapTest
[b581f5cb-6931-4fd1-bcca-1387f934baa6/build]   | [INFO] Running com.thealgorithms.datastructures.lists.SinglyLinkedListTest
[b581f5cb-6931-4fd1-bcca-1387f934baa6/build]   | [INFO] Tests run: 9, Failures: 0, Errors: 0, Skipped: 0, Time elapsed: 0 s - in com.thealgorithms.datastructures.lists.SinglyLinkedListTest
[b581f5cb-6931-4fd1-bcca-1387f934baa6/build]   | [INFO] Running com.thealgorithms.datastructures.lists.SkipListTest
[b581f5cb-6931-4fd1-bcca-1387f934baa6/build]   | [ ] --- --- --- --- 
[b581f5cb-6931-4fd1-bcca-1387f934baa6/build]   | [ ] --- --- --- --- 
[b581f5cb-6931-4fd1-bcca-1387f934baa6/build]   | [ ] --- --- --- --- 
[b581f5cb-6931-4fd1-bcca-1387f934baa6/build]   | [ ] --- --- --- --- 
[b581f5cb-6931-4fd1-bcca-1387f934baa6/build]   | [ ] [ ] --- --- --- 
[b581f5cb-6931-4fd1-bcca-1387f934baa6/build]   | [ ] [ ] [ ] --- --- 
[b581f5cb-6931-4fd1-bcca-1387f934baa6/build]   | [ ] [ ] [ ] --- --- 
[b581f5cb-6931-4fd1-bcca-1387f934baa6/build]   | [ ] [ ] [ ] [ ] [ ] 
[b581f5cb-6931-4fd1-bcca-1387f934baa6/build]   |  H   0   1   2   3
[b581f5cb-6931-4fd1-bcca-1387f934baa6/build]   | 
[b581f5cb-6931-4fd1-bcca-1387f934baa6/build]   | [ ] --- --- --- --- --- --- --- --- --- --- --- 
[b581f5cb-6931-4fd1-bcca-1387f934baa6/build]   | [ ] --- --- --- --- --- --- --- --- --- --- --- 
[b581f5cb-6931-4fd1-bcca-1387f934baa6/build]   | [ ] --- --- --- --- --- --- --- --- --- --- --- 
[b581f5cb-6931-4fd1-bcca-1387f934baa6/build]   | [ ] --- --- --- [ ] --- --- [ ] --- --- --- --- 
[b581f5cb-6931-4fd1-bcca-1387f934baa6/build]   | [ ] --- [ ] --- [ ] --- --- [ ] --- --- --- --- 
[b581f5cb-6931-4fd1-bcca-1387f934baa6/build]   | [ ] --- [ ] --- [ ] --- --- [ ] --- --- --- --- 
[b581f5cb-6931-4fd1-bcca-1387f934baa6/build]   | [ ] --- [ ] [ ] [ ] [ ] [ ] [ ] --- [ ] --- --- 
[b581f5cb-6931-4fd1-bcca-1387f934baa6/build]   | [ ] [ ] [ ] [ ] [ ] [ ] [ ] [ ] [ ] [ ] [ ] [ ] 
[b581f5cb-6931-4fd1-bcca-1387f934baa6/build]   |  H   0   1   2   3   4   5   6   7   8   9  10
[b581f5cb-6931-4fd1-bcca-1387f934baa6/build]   | 
[b581f5cb-6931-4fd1-bcca-1387f934baa6/build]   | [ ] --- 
[b581f5cb-6931-4fd1-bcca-1387f934baa6/build]   | [ ] --- 
[b581f5cb-6931-4fd1-bcca-1387f934baa6/build]   | [ ] --- 
[b581f5cb-6931-4fd1-bcca-1387f934baa6/build]   | [ ] --- 
[b581f5cb-6931-4fd1-bcca-1387f934baa6/build]   | [ ] --- 
[b581f5cb-6931-4fd1-bcca-1387f934baa6/build]   | [ ] [ ] 
[b581f5cb-6931-4fd1-bcca-1387f934baa6/build]   | [ ] [ ] 
[b581f5cb-6931-4fd1-bcca-1387f934baa6/build]   | [ ] [ ] 
[b581f5cb-6931-4fd1-bcca-1387f934baa6/build]   |  H   0
[b581f5cb-6931-4fd1-bcca-1387f934baa6/build]   | 
[b581f5cb-6931-4fd1-bcca-1387f934baa6/build]   | [ ] --- 
[b581f5cb-6931-4fd1-bcca-1387f934baa6/build]   | [ ] --- 
[b581f5cb-6931-4fd1-bcca-1387f934baa6/build]   | [ ] --- 
[b581f5cb-6931-4fd1-bcca-1387f934baa6/build]   | [ ] --- 
[b581f5cb-6931-4fd1-bcca-1387f934baa6/build]   | [ ] --- 
[b581f5cb-6931-4fd1-bcca-1387f934baa6/build]   | [ ] --- 
[b581f5cb-6931-4fd1-bcca-1387f934baa6/build]   | [ ] --- 
[b581f5cb-6931-4fd1-bcca-1387f934baa6/build]   | [ ] [ ] 
[b581f5cb-6931-4fd1-bcca-1387f934baa6/build]   |  H   0
[b581f5cb-6931-4fd1-bcca-1387f934baa6/build]   | 
[b581f5cb-6931-4fd1-bcca-1387f934baa6/build]   | [ ] --- --- --- --- --- --- --- --- --- --- --- 
[b581f5cb-6931-4fd1-bcca-1387f934baa6/build]   | [ ] --- --- --- --- --- --- --- --- --- --- --- 
[b581f5cb-6931-4fd1-bcca-1387f934baa6/build]   | [ ] --- --- --- --- --- --- --- --- --- --- --- 
[b581f5cb-6931-4fd1-bcca-1387f934baa6/build]   | [ ] --- --- --- --- --- --- --- --- --- --- --- 
[b581f5cb-6931-4fd1-bcca-1387f934baa6/build]   | [ ] --- --- --- [ ] --- --- --- --- --- --- --- 
[b581f5cb-6931-4fd1-bcca-1387f934baa6/build]   | [ ] --- --- --- [ ] --- --- [ ] [ ] --- --- --- 
[b581f5cb-6931-4fd1-bcca-1387f934baa6/build]   | [ ] --- [ ] --- [ ] [ ] --- [ ] [ ] [ ] --- --- 
[b581f5cb-6931-4fd1-bcca-1387f934baa6/build]   | [ ] [ ] [ ] [ ] [ ] [ ] [ ] [ ] [ ] [ ] [ ] [ ] 
[b581f5cb-6931-4fd1-bcca-1387f934baa6/build]   |  H   0   1   2   3   4   5   6   7   8   9  10
[b581f5cb-6931-4fd1-bcca-1387f934baa6/build]   | 
[b581f5cb-6931-4fd1-bcca-1387f934baa6/build]   | [ ] --- --- --- --- --- --- --- --- --- --- 
[b581f5cb-6931-4fd1-bcca-1387f934baa6/build]   | [ ] --- --- --- --- --- --- --- --- --- --- 
[b581f5cb-6931-4fd1-bcca-1387f934baa6/build]   | [ ] --- --- --- --- --- --- --- --- --- --- 
[b581f5cb-6931-4fd1-bcca-1387f934baa6/build]   | [ ] --- --- --- --- --- --- --- --- --- --- 
[b581f5cb-6931-4fd1-bcca-1387f934baa6/build]   | [ ] --- --- [ ] --- --- --- --- --- --- --- 
[b581f5cb-6931-4fd1-bcca-1387f934baa6/build]   | [ ] --- --- [ ] --- --- [ ] [ ] --- --- --- 
[b581f5cb-6931-4fd1-bcca-1387f934baa6/build]   | [ ] [ ] --- [ ] [ ] --- [ ] [ ] [ ] --- --- 
[b581f5cb-6931-4fd1-bcca-1387f934baa6/build]   | [ ] [ ] [ ] [ ] [ ] [ ] [ ] [ ] [ ] [ ] [ ] 
[b581f5cb-6931-4fd1-bcca-1387f934baa6/build]   |  H   0   1   2   3   4   5   6   7   8   9
[b581f5cb-6931-4fd1-bcca-1387f934baa6/build]   | 
[b581f5cb-6931-4fd1-bcca-1387f934baa6/build]   | [ ] --- --- --- --- --- --- --- --- --- --- --- 
[b581f5cb-6931-4fd1-bcca-1387f934baa6/build]   | [ ] --- --- --- --- --- --- --- --- --- --- --- 
[b581f5cb-6931-4fd1-bcca-1387f934baa6/build]   | [ ] --- --- --- --- --- --- --- --- --- --- --- 
[b581f5cb-6931-4fd1-bcca-1387f934baa6/build]   | [ ] --- --- --- --- --- --- --- --- --- --- --- 
[b581f5cb-6931-4fd1-bcca-1387f934baa6/build]   | [ ] --- --- --- --- --- --- --- --- --- --- --- 
[b581f5cb-6931-4fd1-bcca-1387f934baa6/build]   | [ ] --- --- [ ] --- --- --- --- --- --- --- [ ] 
[b581f5cb-6931-4fd1-bcca-1387f934baa6/build]   | [ ] [ ] --- [ ] --- --- --- --- --- [ ] --- [ ] 
[b581f5cb-6931-4fd1-bcca-1387f934baa6/build]   | [ ] [ ] [ ] [ ] [ ] [ ] [ ] [ ] [ ] [ ] [ ] [ ] 
[b581f5cb-6931-4fd1-bcca-1387f934baa6/build]   |  H   0   1   2   3   4   5   6   7   8   9  10
[b581f5cb-6931-4fd1-bcca-1387f934baa6/build]   | 
[b581f5cb-6931-4fd1-bcca-1387f934baa6/build]   | [ ] --- --- --- --- --- --- --- --- --- --- 
[b581f5cb-6931-4fd1-bcca-1387f934baa6/build]   | [ ] --- --- --- --- --- --- --- --- --- --- 
[b581f5cb-6931-4fd1-bcca-1387f934baa6/build]   | [ ] --- --- --- --- --- --- --- --- --- --- 
[b581f5cb-6931-4fd1-bcca-1387f934baa6/build]   | [ ] --- --- --- --- --- --- --- --- --- --- 
[b581f5cb-6931-4fd1-bcca-1387f934baa6/build]   | [ ] --- --- --- --- --- --- --- --- --- --- 
[b581f5cb-6931-4fd1-bcca-1387f934baa6/build]   | [ ] --- --- [ ] --- --- --- --- --- --- --- 
[b581f5cb-6931-4fd1-bcca-1387f934baa6/build]   | [ ] [ ] --- [ ] --- --- --- --- --- [ ] --- 
[b581f5cb-6931-4fd1-bcca-1387f934baa6/build]   | [ ] [ ] [ ] [ ] [ ] [ ] [ ] [ ] [ ] [ ] [ ] 
[b581f5cb-6931-4fd1-bcca-1387f934baa6/build]   |  H   0   1   2   3   4   5   6   7   8   9
[b581f5cb-6931-4fd1-bcca-1387f934baa6/build]   | 
[b581f5cb-6931-4fd1-bcca-1387f934baa6/build]   | [INFO] Tests run: 6, Failures: 0, Errors: 0, Skipped: 0, Time elapsed: 0.001 s - in com.thealgorithms.datastructures.lists.SkipListTest
[b581f5cb-6931-4fd1-bcca-1387f934baa6/build]   | [INFO] Running com.thealgorithms.datastructures.trees.SameTreesCheckTest
[b581f5cb-6931-4fd1-bcca-1387f934baa6/build]   | [INFO] Tests run: 6, Failures: 0, Errors: 0, Skipped: 0, Time elapsed: 0 s - in com.thealgorithms.datastructures.trees.SameTreesCheckTest
[b581f5cb-6931-4fd1-bcca-1387f934baa6/build]   | [INFO] Running com.thealgorithms.datastructures.trees.CheckBinaryTreeIsValidBSTTest
[b581f5cb-6931-4fd1-bcca-1387f934baa6/build]   | [INFO] Tests run: 5, Failures: 0, Errors: 0, Skipped: 0, Time elapsed: 0 s - in com.thealgorithms.datastructures.trees.CheckBinaryTreeIsValidBSTTest
[b581f5cb-6931-4fd1-bcca-1387f934baa6/build]   | [INFO] Running com.thealgorithms.datastructures.trees.PostOrderTraversalTest
[b581f5cb-6931-4fd1-bcca-1387f934baa6/build]   | [INFO] Tests run: 3, Failures: 0, Errors: 0, Skipped: 0, Time elapsed: 0 s - in com.thealgorithms.datastructures.trees.PostOrderTraversalTest
[b581f5cb-6931-4fd1-bcca-1387f934baa6/build]   | [INFO] Running com.thealgorithms.datastructures.trees.BSTFromSortedArrayTest
[b581f5cb-6931-4fd1-bcca-1387f934baa6/build]   | [INFO] Tests run: 6, Failures: 0, Errors: 0, Skipped: 0, Time elapsed: 0.001 s - in com.thealgorithms.datastructures.trees.BSTFromSortedArrayTest
[b581f5cb-6931-4fd1-bcca-1387f934baa6/build]   | [INFO] Running com.thealgorithms.datastructures.trees.BSTRecursiveTest
[b581f5cb-6931-4fd1-bcca-1387f934baa6/build]   | [INFO] Tests run: 4, Failures: 0, Errors: 0, Skipped: 0, Time elapsed: 0 s - in com.thealgorithms.datastructures.trees.BSTRecursiveTest
[b581f5cb-6931-4fd1-bcca-1387f934baa6/build]   | [INFO] Running com.thealgorithms.datastructures.trees.LevelOrderTraversalTest
[b581f5cb-6931-4fd1-bcca-1387f934baa6/build]   | [INFO] Tests run: 4, Failures: 0, Errors: 0, Skipped: 0, Time elapsed: 0 s - in com.thealgorithms.datastructures.trees.LevelOrderTraversalTest
[b581f5cb-6931-4fd1-bcca-1387f934baa6/build]   | [INFO] Running com.thealgorithms.datastructures.trees.InorderTraversalTest
[b581f5cb-6931-4fd1-bcca-1387f934baa6/build]   | [INFO] Tests run: 3, Failures: 0, Errors: 0, Skipped: 0, Time elapsed: 0 s - in com.thealgorithms.datastructures.trees.InorderTraversalTest
[b581f5cb-6931-4fd1-bcca-1387f934baa6/build]   | [INFO] Running com.thealgorithms.datastructures.trees.CheckTreeIsSymmetricTest
[b581f5cb-6931-4fd1-bcca-1387f934baa6/build]   | [INFO] Tests run: 4, Failures: 0, Errors: 0, Skipped: 0, Time elapsed: 0.001 s - in com.thealgorithms.datastructures.trees.CheckTreeIsSymmetricTest
[b581f5cb-6931-4fd1-bcca-1387f934baa6/build]   | [INFO] Running com.thealgorithms.datastructures.trees.PreOrderTraversalTest
[b581f5cb-6931-4fd1-bcca-1387f934baa6/build]   | [INFO] Tests run: 3, Failures: 0, Errors: 0, Skipped: 0, Time elapsed: 0 s - in com.thealgorithms.datastructures.trees.PreOrderTraversalTest
[b581f5cb-6931-4fd1-bcca-1387f934baa6/build]   | [INFO] Running com.thealgorithms.datastructures.trees.BinaryTreeTest
[b581f5cb-6931-4fd1-bcca-1387f934baa6/build]   | 12 3 5 7 9 12 3 5 7 9 12 12 9 7 5 3 [INFO] Tests run: 4, Failures: 0, Errors: 0, Skipped: 0, Time elapsed: 0.001 s - in com.thealgorithms.datastructures.trees.BinaryTreeTest
[b581f5cb-6931-4fd1-bcca-1387f934baa6/build]   | [INFO] Running com.thealgorithms.datastructures.trees.BSTIterativeTest
[b581f5cb-6931-4fd1-bcca-1387f934baa6/build]   | [INFO] Tests run: 4, Failures: 0, Errors: 0, Skipped: 0, Time elapsed: 0 s - in com.thealgorithms.datastructures.trees.BSTIterativeTest
[b581f5cb-6931-4fd1-bcca-1387f934baa6/build]   | [INFO] Running com.thealgorithms.datastructures.trees.CheckIfBinaryTreeBalancedTest
[b581f5cb-6931-4fd1-bcca-1387f934baa6/build]   | [INFO] Tests run: 6, Failures: 0, Errors: 0, Skipped: 0, Time elapsed: 0 s - in com.thealgorithms.datastructures.trees.CheckIfBinaryTreeBalancedTest
[b581f5cb-6931-4fd1-bcca-1387f934baa6/build]   | [INFO] Running com.thealgorithms.datastructures.trees.KDTreeTest
[b581f5cb-6931-4fd1-bcca-1387f934baa6/build]   | [INFO] Tests run: 3, Failures: 0, Errors: 0, Skipped: 0, Time elapsed: 0.002 s - in com.thealgorithms.datastructures.trees.KDTreeTest
[b581f5cb-6931-4fd1-bcca-1387f934baa6/build]   | [INFO] Running com.thealgorithms.datastructures.trees.CreateBinaryTreeFromInorderPreorderTest
[b581f5cb-6931-4fd1-bcca-1387f934baa6/build]   | [INFO] Tests run: 6, Failures: 0, Errors: 0, Skipped: 0, Time elapsed: 0.001 s - in com.thealgorithms.datastructures.trees.CreateBinaryTreeFromInorderPreorderTest
[b581f5cb-6931-4fd1-bcca-1387f934baa6/build]   | [INFO] Running com.thealgorithms.datastructures.trees.LazySegmentTreeTest
[b581f5cb-6931-4fd1-bcca-1387f934baa6/build]   | [INFO] Tests run: 4, Failures: 0, Errors: 0, Skipped: 0, Time elapsed: 0.001 s - in com.thealgorithms.datastructures.trees.LazySegmentTreeTest
[b581f5cb-6931-4fd1-bcca-1387f934baa6/build]   | [INFO] Running com.thealgorithms.datastructures.trees.VerticalOrderTraversalTest
[b581f5cb-6931-4fd1-bcca-1387f934baa6/build]   | [INFO] Tests run: 4, Failures: 0, Errors: 0, Skipped: 0, Time elapsed: 0.001 s - in com.thealgorithms.datastructures.trees.VerticalOrderTraversalTest
[b581f5cb-6931-4fd1-bcca-1387f934baa6/build]   | [INFO] Running com.thealgorithms.datastructures.trees.ZigzagTraversalTest
[b581f5cb-6931-4fd1-bcca-1387f934baa6/build]   | [INFO] Tests run: 4, Failures: 0, Errors: 0, Skipped: 0, Time elapsed: 0 s - in com.thealgorithms.datastructures.trees.ZigzagTraversalTest
[b581f5cb-6931-4fd1-bcca-1387f934baa6/build]   | [INFO] Running com.thealgorithms.datastructures.trees.CeilInBinarySearchTreeTest
[b581f5cb-6931-4fd1-bcca-1387f934baa6/build]   | [INFO] Tests run: 7, Failures: 0, Errors: 0, Skipped: 0, Time elapsed: 0.001 s - in com.thealgorithms.datastructures.trees.CeilInBinarySearchTreeTest
[b581f5cb-6931-4fd1-bcca-1387f934baa6/build]   | [INFO] Running com.thealgorithms.datastructures.graphs.HamiltonianCycleTest
[b581f5cb-6931-4fd1-bcca-1387f934baa6/build]   | [INFO] Tests run: 2, Failures: 0, Errors: 0, Skipped: 0, Time elapsed: 0 s - in com.thealgorithms.datastructures.graphs.HamiltonianCycleTest
[b581f5cb-6931-4fd1-bcca-1387f934baa6/build]   | [INFO] Running com.thealgorithms.datastructures.graphs.TarjansAlgorithmTest
[b581f5cb-6931-4fd1-bcca-1387f934baa6/build]   | [INFO] Tests run: 2, Failures: 0, Errors: 0, Skipped: 0, Time elapsed: 0 s - in com.thealgorithms.datastructures.graphs.TarjansAlgorithmTest
[b581f5cb-6931-4fd1-bcca-1387f934baa6/build]   | [INFO] Running com.thealgorithms.datastructures.graphs.KosarajuTest
[b581f5cb-6931-4fd1-bcca-1387f934baa6/build]   | [INFO] Tests run: 2, Failures: 0, Errors: 0, Skipped: 0, Time elapsed: 0.001 s - in com.thealgorithms.datastructures.graphs.KosarajuTest
[b581f5cb-6931-4fd1-bcca-1387f934baa6/build]   | [INFO] Running com.thealgorithms.datastructures.hashmap.hashing.GenericHashMapUsingArrayTest
[b581f5cb-6931-4fd1-bcca-1387f934baa6/build]   | [INFO] Tests run: 3, Failures: 0, Errors: 0, Skipped: 0, Time elapsed: 0.001 s - in com.thealgorithms.datastructures.hashmap.hashing.GenericHashMapUsingArrayTest
[b581f5cb-6931-4fd1-bcca-1387f934baa6/build]   | [INFO] Running com.thealgorithms.datastructures.hashmap.hashing.MajorityElementTest
[b581f5cb-6931-4fd1-bcca-1387f934baa6/build]   | [INFO] Tests run: 4, Failures: 0, Errors: 0, Skipped: 0, Time elapsed: 0.001 s - in com.thealgorithms.datastructures.hashmap.hashing.MajorityElementTest
[b581f5cb-6931-4fd1-bcca-1387f934baa6/build]   | [INFO] Running com.thealgorithms.datastructures.hashmap.hashing.LinearProbingHashMapTest
[b581f5cb-6931-4fd1-bcca-1387f934baa6/build]   | [INFO] Tests run: 7, Failures: 0, Errors: 0, Skipped: 0, Time elapsed: 0.005 s - in com.thealgorithms.datastructures.hashmap.hashing.LinearProbingHashMapTest
[b581f5cb-6931-4fd1-bcca-1387f934baa6/build]   | [INFO] Running com.thealgorithms.datastructures.hashmap.hashing.GenericHashMapUsingArrayListTest
[b581f5cb-6931-4fd1-bcca-1387f934baa6/build]   | [INFO] Tests run: 3, Failures: 0, Errors: 0, Skipped: 0, Time elapsed: 0 s - in com.thealgorithms.datastructures.hashmap.hashing.GenericHashMapUsingArrayListTest
[b581f5cb-6931-4fd1-bcca-1387f934baa6/build]   | [INFO] Running com.thealgorithms.datastructures.hashmap.HashMapCuckooHashingTest
[b581f5cb-6931-4fd1-bcca-1387f934baa6/build]   | Infinite loop occurred, lengthening & rehashing table
[b581f5cb-6931-4fd1-bcca-1387f934baa6/build]   | Infinite loop occurred, lengthening & rehashing table
[b581f5cb-6931-4fd1-bcca-1387f934baa6/build]   | [INFO] Tests run: 8, Failures: 0, Errors: 0, Skipped: 0, Time elapsed: 0.001 s - in com.thealgorithms.datastructures.hashmap.HashMapCuckooHashingTest
[b581f5cb-6931-4fd1-bcca-1387f934baa6/build]   | [INFO] Running com.thealgorithms.io.BufferedReaderTest
[b581f5cb-6931-4fd1-bcca-1387f934baa6/build]   | [cached intentional error]
[b581f5cb-6931-4fd1-bcca-1387f934baa6/build]   | [INFO] Tests run: 3, Failures: 0, Errors: 0, Skipped: 0, Time elapsed: 0.001 s - in com.thealgorithms.io.BufferedReaderTest
[b581f5cb-6931-4fd1-bcca-1387f934baa6/build]   | [INFO] Running com.thealgorithms.divideandconquer.StrassenMatrixMultiplicationTest
[b581f5cb-6931-4fd1-bcca-1387f934baa6/build]   | [INFO] Tests run: 3, Failures: 0, Errors: 0, Skipped: 0, Time elapsed: 0.001 s - in com.thealgorithms.divideandconquer.StrassenMatrixMultiplicationTest
[b581f5cb-6931-4fd1-bcca-1387f934baa6/build]   | [INFO] Running com.thealgorithms.divideandconquer.BinaryExponentiationTest
[b581f5cb-6931-4fd1-bcca-1387f934baa6/build]   | [INFO] Tests run: 2, Failures: 0, Errors: 0, Skipped: 0, Time elapsed: 0 s - in com.thealgorithms.divideandconquer.BinaryExponentiationTest
[b581f5cb-6931-4fd1-bcca-1387f934baa6/build]   | [INFO] Running com.thealgorithms.sorts.BubbleSortTest
[b581f5cb-6931-4fd1-bcca-1387f934baa6/build]   | [INFO] Tests run: 5, Failures: 0, Errors: 0, Skipped: 0, Time elapsed: 0 s - in com.thealgorithms.sorts.BubbleSortTest
[b581f5cb-6931-4fd1-bcca-1387f934baa6/build]   | [INFO] Running com.thealgorithms.sorts.BinaryInsertionSortTest
[b581f5cb-6931-4fd1-bcca-1387f934baa6/build]   | [INFO] Tests run: 2, Failures: 0, Errors: 0, Skipped: 0, Time elapsed: 0 s - in com.thealgorithms.sorts.BinaryInsertionSortTest
[b581f5cb-6931-4fd1-bcca-1387f934baa6/build]   | [INFO] Running com.thealgorithms.sorts.WiggleSortTest
[b581f5cb-6931-4fd1-bcca-1387f934baa6/build]   | [2, 5, 1, 2, 1, 2]
[b581f5cb-6931-4fd1-bcca-1387f934baa6/build]   | [INFO] Tests run: 7, Failures: 0, Errors: 0, Skipped: 0, Time elapsed: 0.001 s - in com.thealgorithms.sorts.WiggleSortTest
[b581f5cb-6931-4fd1-bcca-1387f934baa6/build]   | [INFO] Running com.thealgorithms.sorts.TreeSortTest
[b581f5cb-6931-4fd1-bcca-1387f934baa6/build]   | [INFO] Tests run: 5, Failures: 0, Errors: 0, Skipped: 0, Time elapsed: 0.001 s - in com.thealgorithms.sorts.TreeSortTest
[b581f5cb-6931-4fd1-bcca-1387f934baa6/build]   | [INFO] Running com.thealgorithms.sorts.SelectionSortTest
[b581f5cb-6931-4fd1-bcca-1387f934baa6/build]   | [INFO] Tests run: 3, Failures: 0, Errors: 0, Skipped: 0, Time elapsed: 0.001 s - in com.thealgorithms.sorts.SelectionSortTest
[b581f5cb-6931-4fd1-bcca-1387f934baa6/build]   | [INFO] Running com.thealgorithms.sorts.TimSortTest
[b581f5cb-6931-4fd1-bcca-1387f934baa6/build]   | [INFO] Tests run: 16, Failures: 0, Errors: 0, Skipped: 0, Time elapsed: 0.023 s - in com.thealgorithms.sorts.TimSortTest
[b581f5cb-6931-4fd1-bcca-1387f934baa6/build]   | [INFO] Running com.thealgorithms.sorts.IntrospectiveSortTest
[b581f5cb-6931-4fd1-bcca-1387f934baa6/build]   | [INFO] Tests run: 7, Failures: 0, Errors: 0, Skipped: 0, Time elapsed: 0.001 s - in com.thealgorithms.sorts.IntrospectiveSortTest
[b581f5cb-6931-4fd1-bcca-1387f934baa6/build]   | [INFO] Running com.thealgorithms.sorts.QuickSortTest
[b581f5cb-6931-4fd1-bcca-1387f934baa6/build]   | [INFO] Tests run: 16, Failures: 0, Errors: 0, Skipped: 0, Time elapsed: 0.016 s - in com.thealgorithms.sorts.QuickSortTest
[b581f5cb-6931-4fd1-bcca-1387f934baa6/build]   | [INFO] Running com.thealgorithms.sorts.StrandSortTest
[b581f5cb-6931-4fd1-bcca-1387f934baa6/build]   | [INFO] Tests run: 2, Failures: 0, Errors: 0, Skipped: 0, Time elapsed: 0 s - in com.thealgorithms.sorts.StrandSortTest
[b581f5cb-6931-4fd1-bcca-1387f934baa6/build]   | [INFO] Running com.thealgorithms.sorts.SlowSortTest
[b581f5cb-6931-4fd1-bcca-1387f934baa6/build]   | [INFO] Tests run: 8, Failures: 0, Errors: 0, Skipped: 0, Time elapsed: 0.002 s - in com.thealgorithms.sorts.SlowSortTest
[b581f5cb-6931-4fd1-bcca-1387f934baa6/build]   | [INFO] Running com.thealgorithms.sorts.TopologicalSortTest
[b581f5cb-6931-4fd1-bcca-1387f934baa6/build]   | [INFO] Tests run: 2, Failures: 0, Errors: 0, Skipped: 0, Time elapsed: 0.004 s - in com.thealgorithms.sorts.TopologicalSortTest
[b581f5cb-6931-4fd1-bcca-1387f934baa6/build]   | [INFO] Running com.thealgorithms.sorts.BucketSortTest
[b581f5cb-6931-4fd1-bcca-1387f934baa6/build]   | [INFO] Tests run: 5, Failures: 0, Errors: 0, Skipped: 0, Time elapsed: 0.001 s - in com.thealgorithms.sorts.BucketSortTest
[b581f5cb-6931-4fd1-bcca-1387f934baa6/build]   | [INFO] Running com.thealgorithms.sorts.CombSortTest
[b581f5cb-6931-4fd1-bcca-1387f934baa6/build]   | [INFO] Tests run: 5, Failures: 0, Errors: 0, Skipped: 0, Time elapsed: 0 s - in com.thealgorithms.sorts.CombSortTest
[b581f5cb-6931-4fd1-bcca-1387f934baa6/build]   | [INFO] Running com.thealgorithms.sorts.DualPivotQuickSortTest
[b581f5cb-6931-4fd1-bcca-1387f934baa6/build]   | [INFO] Tests run: 6, Failures: 0, Errors: 0, Skipped: 0, Time elapsed: 0 s - in com.thealgorithms.sorts.DualPivotQuickSortTest
[b581f5cb-6931-4fd1-bcca-1387f934baa6/build]   | [INFO] Running com.thealgorithms.sorts.InsertionSortTest
[b581f5cb-6931-4fd1-bcca-1387f934baa6/build]   | [INFO] Tests run: 7, Failures: 0, Errors: 0, Skipped: 0, Time elapsed: 0.171 s - in com.thealgorithms.sorts.InsertionSortTest
[b581f5cb-6931-4fd1-bcca-1387f934baa6/build]   | [INFO] Running com.thealgorithms.sorts.SimpleSortTest
[b581f5cb-6931-4fd1-bcca-1387f934baa6/build]   | [INFO] Tests run: 7, Failures: 0, Errors: 0, Skipped: 0, Time elapsed: 0.001 s - in com.thealgorithms.sorts.SimpleSortTest
[b581f5cb-6931-4fd1-bcca-1387f934baa6/build]   | [INFO] Running com.thealgorithms.sorts.HeapSortTest
[b581f5cb-6931-4fd1-bcca-1387f934baa6/build]   | [INFO] Tests run: 16, Failures: 0, Errors: 0, Skipped: 0, Time elapsed: 0.021 s - in com.thealgorithms.sorts.HeapSortTest
[b581f5cb-6931-4fd1-bcca-1387f934baa6/build]   | [INFO] Running com.thealgorithms.sorts.SortUtilsTest
[b581f5cb-6931-4fd1-bcca-1387f934baa6/build]   | [INFO] Tests run: 6, Failures: 0, Errors: 0, Skipped: 0, Time elapsed: 0.001 s - in com.thealgorithms.sorts.SortUtilsTest
[b581f5cb-6931-4fd1-bcca-1387f934baa6/build]   | [INFO] Running com.thealgorithms.sorts.OddEvenSortTest
[b581f5cb-6931-4fd1-bcca-1387f934baa6/build]   | [INFO] Tests run: 3, Failures: 0, Errors: 0, Skipped: 0, Time elapsed: 0.001 s - in com.thealgorithms.sorts.OddEvenSortTest
[b581f5cb-6931-4fd1-bcca-1387f934baa6/build]   | [INFO] Running com.thealgorithms.sorts.ShellSortTest
[b581f5cb-6931-4fd1-bcca-1387f934baa6/build]   | [INFO] Tests run: 7, Failures: 0, Errors: 0, Skipped: 0, Time elapsed: 0.001 s - in com.thealgorithms.sorts.ShellSortTest
[b581f5cb-6931-4fd1-bcca-1387f934baa6/build]   | [INFO] Running com.thealgorithms.sorts.MergeSortRecursiveTest
[b581f5cb-6931-4fd1-bcca-1387f934baa6/build]   | [INFO] Tests run: 2, Failures: 0, Errors: 0, Skipped: 0, Time elapsed: 0.002 s - in com.thealgorithms.sorts.MergeSortRecursiveTest
[b581f5cb-6931-4fd1-bcca-1387f934baa6/build]   | [INFO] Running com.thealgorithms.sorts.BeadSortTest
[b581f5cb-6931-4fd1-bcca-1387f934baa6/build]   | [INFO] Tests run: 4, Failures: 0, Errors: 0, Skipped: 0, Time elapsed: 0.001 s - in com.thealgorithms.sorts.BeadSortTest
[b581f5cb-6931-4fd1-bcca-1387f934baa6/build]   | [INFO] Running com.thealgorithms.sorts.CocktailShakerSortTest
[b581f5cb-6931-4fd1-bcca-1387f934baa6/build]   | [INFO] Tests run: 4, Failures: 0, Errors: 0, Skipped: 0, Time elapsed: 0.001 s - in com.thealgorithms.sorts.CocktailShakerSortTest
[b581f5cb-6931-4fd1-bcca-1387f934baa6/build]   | [INFO] Running com.thealgorithms.sorts.MergeSortTest
[b581f5cb-6931-4fd1-bcca-1387f934baa6/build]   | [INFO] Tests run: 16, Failures: 0, Errors: 0, Skipped: 0, Time elapsed: 0.015 s - in com.thealgorithms.sorts.MergeSortTest
[b581f5cb-6931-4fd1-bcca-1387f934baa6/build]   | [INFO] Running com.thealgorithms.sorts.DutchNationalFlagSortTest
[b581f5cb-6931-4fd1-bcca-1387f934baa6/build]   | [INFO] Tests run: 8, Failures: 0, Errors: 0, Skipped: 0, Time elapsed: 0.001 s - in com.thealgorithms.sorts.DutchNationalFlagSortTest
[b581f5cb-6931-4fd1-bcca-1387f934baa6/build]   | [INFO] Running com.thealgorithms.sorts.BogoSortTest
[b581f5cb-6931-4fd1-bcca-1387f934baa6/build]   | [INFO] Tests run: 7, Failures: 0, Errors: 0, Skipped: 0, Time elapsed: 0.007 s - in com.thealgorithms.sorts.BogoSortTest
[b581f5cb-6931-4fd1-bcca-1387f934baa6/build]   | [INFO] Running com.thealgorithms.sorts.SortUtilsRandomGeneratorTest
[b581f5cb-6931-4fd1-bcca-1387f934baa6/build]   | [INFO] Tests run: 2001, Failures: 0, Errors: 0, Skipped: 0, Time elapsed: 0.483 s - in com.thealgorithms.sorts.SortUtilsRandomGeneratorTest
[b581f5cb-6931-4fd1-bcca-1387f934baa6/build]   | [INFO] Running com.thealgorithms.backtracking.AllPathsFromSourceToTargetTest
[b581f5cb-6931-4fd1-bcca-1387f934baa6/build]   | [INFO] Tests run: 4, Failures: 0, Errors: 0, Skipped: 0, Time elapsed: 0 s - in com.thealgorithms.backtracking.AllPathsFromSourceToTargetTest
[b581f5cb-6931-4fd1-bcca-1387f934baa6/build]   | [INFO] Running com.thealgorithms.backtracking.MazeRecursionTest
[b581f5cb-6931-4fd1-bcca-1387f934baa6/build]   | [INFO] Tests run: 1, Failures: 0, Errors: 0, Skipped: 0, Time elapsed: 0 s - in com.thealgorithms.backtracking.MazeRecursionTest
[b581f5cb-6931-4fd1-bcca-1387f934baa6/build]   | [INFO] Running com.thealgorithms.backtracking.CombinationTest
[b581f5cb-6931-4fd1-bcca-1387f934baa6/build]   | [INFO] Tests run: 3, Failures: 0, Errors: 0, Skipped: 0, Time elapsed: 0 s - in com.thealgorithms.backtracking.CombinationTest
[b581f5cb-6931-4fd1-bcca-1387f934baa6/build]   | [INFO] Running com.thealgorithms.backtracking.ArrayCombinationTest
[b581f5cb-6931-4fd1-bcca-1387f934baa6/build]   | [INFO] Tests run: 5, Failures: 0, Errors: 0, Skipped: 0, Time elapsed: 0 s - in com.thealgorithms.backtracking.ArrayCombinationTest
[b581f5cb-6931-4fd1-bcca-1387f934baa6/build]   | [INFO] Running com.thealgorithms.backtracking.WordSearchTest
[b581f5cb-6931-4fd1-bcca-1387f934baa6/build]   | [INFO] Tests run: 3, Failures: 0, Errors: 0, Skipped: 0, Time elapsed: 0 s - in com.thealgorithms.backtracking.WordSearchTest
[b581f5cb-6931-4fd1-bcca-1387f934baa6/build]   | [INFO] Running com.thealgorithms.backtracking.PowerSumTest
[b581f5cb-6931-4fd1-bcca-1387f934baa6/build]   | [INFO] Tests run: 3, Failures: 0, Errors: 0, Skipped: 0, Time elapsed: 0.001 s - in com.thealgorithms.backtracking.PowerSumTest
[b581f5cb-6931-4fd1-bcca-1387f934baa6/build]   | [INFO] Running com.thealgorithms.backtracking.FloodFillTest
[b581f5cb-6931-4fd1-bcca-1387f934baa6/build]   | [INFO] Tests run: 5, Failures: 0, Errors: 0, Skipped: 0, Time elapsed: 0 s - in com.thealgorithms.backtracking.FloodFillTest
[b581f5cb-6931-4fd1-bcca-1387f934baa6/build]   | [INFO] Running com.thealgorithms.backtracking.PermutationTest
[b581f5cb-6931-4fd1-bcca-1387f934baa6/build]   | [INFO] Tests run: 3, Failures: 0, Errors: 0, Skipped: 0, Time elapsed: 0 s - in com.thealgorithms.backtracking.PermutationTest
[b581f5cb-6931-4fd1-bcca-1387f934baa6/build]   | [INFO] Running com.thealgorithms.conversions.BinaryToOctalTest
[b581f5cb-6931-4fd1-bcca-1387f934baa6/build]   | [INFO] Tests run: 1, Failures: 0, Errors: 0, Skipped: 0, Time elapsed: 0 s - in com.thealgorithms.conversions.BinaryToOctalTest
[b581f5cb-6931-4fd1-bcca-1387f934baa6/build]   | [INFO] Running com.thealgorithms.conversions.HexToOctTest
[b581f5cb-6931-4fd1-bcca-1387f934baa6/build]   | [INFO] Tests run: 1, Failures: 0, Errors: 0, Skipped: 0, Time elapsed: 0 s - in com.thealgorithms.conversions.HexToOctTest
[b581f5cb-6931-4fd1-bcca-1387f934baa6/build]   | [INFO] Running com.thealgorithms.conversions.HexaDecimalToDecimalTest
[b581f5cb-6931-4fd1-bcca-1387f934baa6/build]   | [INFO] Tests run: 1, Failures: 0, Errors: 0, Skipped: 0, Time elapsed: 0 s - in com.thealgorithms.conversions.HexaDecimalToDecimalTest
[b581f5cb-6931-4fd1-bcca-1387f934baa6/build]   | [INFO] Running com.thealgorithms.conversions.BinaryToHexadecimalTest
[b581f5cb-6931-4fd1-bcca-1387f934baa6/build]   | [INFO] Tests run: 1, Failures: 0, Errors: 0, Skipped: 0, Time elapsed: 0 s - in com.thealgorithms.conversions.BinaryToHexadecimalTest
[b581f5cb-6931-4fd1-bcca-1387f934baa6/build]   | [INFO] Running com.thealgorithms.conversions.RomanToIntegerTest
[b581f5cb-6931-4fd1-bcca-1387f934baa6/build]   | [INFO] Tests run: 1, Failures: 0, Errors: 0, Skipped: 0, Time elapsed: 0 s - in com.thealgorithms.conversions.RomanToIntegerTest
[b581f5cb-6931-4fd1-bcca-1387f934baa6/build]   | [INFO] Running com.thealgorithms.conversions.OctalToHexadecimalTest
[b581f5cb-6931-4fd1-bcca-1387f934baa6/build]   | [INFO] Tests run: 1, Failures: 0, Errors: 0, Skipped: 0, Time elapsed: 0 s - in com.thealgorithms.conversions.OctalToHexadecimalTest
[b581f5cb-6931-4fd1-bcca-1387f934baa6/build]   | [INFO] Running com.thealgorithms.conversions.HexaDecimalToBinaryTest
[b581f5cb-6931-4fd1-bcca-1387f934baa6/build]   | [INFO] Tests run: 1, Failures: 0, Errors: 0, Skipped: 0, Time elapsed: 0 s - in com.thealgorithms.conversions.HexaDecimalToBinaryTest
[b581f5cb-6931-4fd1-bcca-1387f934baa6/build]   | [INFO] Running com.thealgorithms.conversions.BinaryToDecimalTest
[b581f5cb-6931-4fd1-bcca-1387f934baa6/build]   | [INFO] Tests run: 3, Failures: 0, Errors: 0, Skipped: 0, Time elapsed: 0 s - in com.thealgorithms.conversions.BinaryToDecimalTest
[b581f5cb-6931-4fd1-bcca-1387f934baa6/build]   | [INFO] Running com.thealgorithms.conversions.OctalToBinaryTest
[b581f5cb-6931-4fd1-bcca-1387f934baa6/build]   | [INFO] Tests run: 1, Failures: 0, Errors: 0, Skipped: 0, Time elapsed: 0 s - in com.thealgorithms.conversions.OctalToBinaryTest
[b581f5cb-6931-4fd1-bcca-1387f934baa6/build]   | [INFO] Running com.thealgorithms.conversions.DecimalToHexaDecimalTest
[b581f5cb-6931-4fd1-bcca-1387f934baa6/build]   | [INFO] Tests run: 1, Failures: 0, Errors: 0, Skipped: 0, Time elapsed: 0 s - in com.thealgorithms.conversions.DecimalToHexaDecimalTest
[b581f5cb-6931-4fd1-bcca-1387f934baa6/build]   | [INFO] Running com.thealgorithms.conversions.OctalToDecimalTest
[b581f5cb-6931-4fd1-bcca-1387f934baa6/build]   | [INFO] Tests run: 1, Failures: 0, Errors: 0, Skipped: 0, Time elapsed: 0 s - in com.thealgorithms.conversions.OctalToDecimalTest
[b581f5cb-6931-4fd1-bcca-1387f934baa6/build]   | [INFO] Running com.thealgorithms.conversions.IntegerToRomanTest
[b581f5cb-6931-4fd1-bcca-1387f934baa6/build]   | [INFO] Tests run: 1, Failures: 0, Errors: 0, Skipped: 0, Time elapsed: 0 s - in com.thealgorithms.conversions.IntegerToRomanTest
[b581f5cb-6931-4fd1-bcca-1387f934baa6/build]   | [INFO] Running com.thealgorithms.others.LineSweepTest
[b581f5cb-6931-4fd1-bcca-1387f934baa6/build]   | [INFO] Tests run: 4, Failures: 0, Errors: 0, Skipped: 0, Time elapsed: 0 s - in com.thealgorithms.others.LineSweepTest
[b581f5cb-6931-4fd1-bcca-1387f934baa6/build]   | [INFO] Running com.thealgorithms.others.LowestBasePalindromeTest
[b581f5cb-6931-4fd1-bcca-1387f934baa6/build]   | [INFO] Tests run: 7, Failures: 0, Errors: 0, Skipped: 0, Time elapsed: 0 s - in com.thealgorithms.others.LowestBasePalindromeTest
[b581f5cb-6931-4fd1-bcca-1387f934baa6/build]   | [INFO] Running com.thealgorithms.others.NewManShanksPrimeTest
[b581f5cb-6931-4fd1-bcca-1387f934baa6/build]   | [INFO] Tests run: 8, Failures: 0, Errors: 0, Skipped: 0, Time elapsed: 0.002 s - in com.thealgorithms.others.NewManShanksPrimeTest
[b581f5cb-6931-4fd1-bcca-1387f934baa6/build]   | [INFO] Running com.thealgorithms.others.KadaneAlogrithmTest
[b581f5cb-6931-4fd1-bcca-1387f934baa6/build]   | [INFO] Tests run: 8, Failures: 0, Errors: 0, Skipped: 0, Time elapsed: 0.001 s - in com.thealgorithms.others.KadaneAlogrithmTest
[b581f5cb-6931-4fd1-bcca-1387f934baa6/build]   | [INFO] Running com.thealgorithms.others.TestPrintMatrixInSpiralOrder
[b581f5cb-6931-4fd1-bcca-1387f934baa6/build]   | [INFO] Tests run: 2, Failures: 0, Errors: 0, Skipped: 0, Time elapsed: 0.001 s - in com.thealgorithms.others.TestPrintMatrixInSpiralOrder
[b581f5cb-6931-4fd1-bcca-1387f934baa6/build]   | [INFO] Running com.thealgorithms.others.FirstFitCPUTest
[b581f5cb-6931-4fd1-bcca-1387f934baa6/build]   | [INFO] Tests run: 5, Failures: 0, Errors: 0, Skipped: 0, Time elapsed: 0.001 s - in com.thealgorithms.others.FirstFitCPUTest
[b581f5cb-6931-4fd1-bcca-1387f934baa6/build]   | [INFO] Running com.thealgorithms.others.CRCAlgorithmTest
[b581f5cb-6931-4fd1-bcca-1387f934baa6/build]   | [INFO] Tests run: 2, Failures: 0, Errors: 0, Skipped: 0, Time elapsed: 0 s - in com.thealgorithms.others.CRCAlgorithmTest
[b581f5cb-6931-4fd1-bcca-1387f934baa6/build]   | [INFO] Running com.thealgorithms.others.BestFitCPUTest
[b581f5cb-6931-4fd1-bcca-1387f934baa6/build]   | [INFO] Tests run: 5, Failures: 0, Errors: 0, Skipped: 0, Time elapsed: 0.001 s - in com.thealgorithms.others.BestFitCPUTest
[b581f5cb-6931-4fd1-bcca-1387f934baa6/build]   | [INFO] Running com.thealgorithms.others.CRC16Test
[b581f5cb-6931-4fd1-bcca-1387f934baa6/build]   | [INFO] Tests run: 1, Failures: 0, Errors: 0, Skipped: 0, Time elapsed: 0 s - in com.thealgorithms.others.CRC16Test
[b581f5cb-6931-4fd1-bcca-1387f934baa6/build]   | [INFO] Running com.thealgorithms.others.PasswordGenTest
[b581f5cb-6931-4fd1-bcca-1387f934baa6/build]   | [INFO] Tests run: 4, Failures: 0, Errors: 0, Skipped: 0, Time elapsed: 0.008 s - in com.thealgorithms.others.PasswordGenTest
[b581f5cb-6931-4fd1-bcca-1387f934baa6/build]   | [INFO] Running com.thealgorithms.others.SieveOfEratosthenesTest
[b581f5cb-6931-4fd1-bcca-1387f934baa6/build]   | [INFO] Tests run: 6, Failures: 0, Errors: 0, Skipped: 0, Time elapsed: 0.004 s - in com.thealgorithms.others.SieveOfEratosthenesTest
[b581f5cb-6931-4fd1-bcca-1387f934baa6/build]   | [INFO] Running com.thealgorithms.others.CalculateMaxOfMinTest
[b581f5cb-6931-4fd1-bcca-1387f934baa6/build]   | [INFO] Tests run: 7, Failures: 0, Errors: 0, Skipped: 0, Time elapsed: 0.001 s - in com.thealgorithms.others.CalculateMaxOfMinTest
[b581f5cb-6931-4fd1-bcca-1387f934baa6/build]   | [INFO] Running com.thealgorithms.others.CountWordsTest
[b581f5cb-6931-4fd1-bcca-1387f934baa6/build]   | [INFO] Tests run: 2, Failures: 0, Errors: 0, Skipped: 0, Time elapsed: 0.001 s - in com.thealgorithms.others.CountWordsTest
[b581f5cb-6931-4fd1-bcca-1387f934baa6/build]   | [INFO] Running com.thealgorithms.others.cn.HammingDistanceTest
[b581f5cb-6931-4fd1-bcca-1387f934baa6/build]   | [INFO] Tests run: 10, Failures: 0, Errors: 0, Skipped: 0, Time elapsed: 0.006 s - in com.thealgorithms.others.cn.HammingDistanceTest
[b581f5cb-6931-4fd1-bcca-1387f934baa6/build]   | [INFO] Running com.thealgorithms.others.NextFitCPUTest
[b581f5cb-6931-4fd1-bcca-1387f934baa6/build]   | [INFO] Tests run: 5, Failures: 0, Errors: 0, Skipped: 0, Time elapsed: 0.001 s - in com.thealgorithms.others.NextFitCPUTest
[b581f5cb-6931-4fd1-bcca-1387f934baa6/build]   | [INFO] Running com.thealgorithms.others.UniquePathsTests
[b581f5cb-6931-4fd1-bcca-1387f934baa6/build]   | [INFO] Tests run: 8, Failures: 0, Errors: 0, Skipped: 0, Time elapsed: 0.001 s - in com.thealgorithms.others.UniquePathsTests
[b581f5cb-6931-4fd1-bcca-1387f934baa6/build]   | [INFO] Running com.thealgorithms.others.LinkListSortTest
[b581f5cb-6931-4fd1-bcca-1387f934baa6/build]   | [INFO] Tests run: 8, Failures: 0, Errors: 0, Skipped: 0, Time elapsed: 0.004 s - in com.thealgorithms.others.LinkListSortTest
[b581f5cb-6931-4fd1-bcca-1387f934baa6/build]   | [INFO] Running com.thealgorithms.others.WorstFitCPUTest
[b581f5cb-6931-4fd1-bcca-1387f934baa6/build]   | [INFO] Tests run: 6, Failures: 0, Errors: 0, Skipped: 0, Time elapsed: 0.001 s - in com.thealgorithms.others.WorstFitCPUTest
[b581f5cb-6931-4fd1-bcca-1387f934baa6/build]   | [INFO] Running com.thealgorithms.others.countSetBitsTest
[b581f5cb-6931-4fd1-bcca-1387f934baa6/build]   | [INFO] Tests run: 1, Failures: 0, Errors: 0, Skipped: 0, Time elapsed: 0 s - in com.thealgorithms.others.countSetBitsTest
[b581f5cb-6931-4fd1-bcca-1387f934baa6/build]   | [INFO] Running com.thealgorithms.others.ArrayLeftRotationTest
[b581f5cb-6931-4fd1-bcca-1387f934baa6/build]   | [INFO] Tests run: 5, Failures: 0, Errors: 0, Skipped: 0, Time elapsed: 0 s - in com.thealgorithms.others.ArrayLeftRotationTest
[b581f5cb-6931-4fd1-bcca-1387f934baa6/build]   | [INFO] Running com.thealgorithms.others.CountCharTest
[b581f5cb-6931-4fd1-bcca-1387f934baa6/build]   | [INFO] Tests run: 1, Failures: 0, Errors: 0, Skipped: 0, Time elapsed: 0 s - in com.thealgorithms.others.CountCharTest
[b581f5cb-6931-4fd1-bcca-1387f934baa6/build]   | [INFO] Running com.thealgorithms.others.TwoPointersTest
[b581f5cb-6931-4fd1-bcca-1387f934baa6/build]   | [INFO] Tests run: 5, Failures: 0, Errors: 0, Skipped: 0, Time elapsed: 0.002 s - in com.thealgorithms.others.TwoPointersTest
[b581f5cb-6931-4fd1-bcca-1387f934baa6/build]   | [INFO] Running com.thealgorithms.others.ConwayTest
[b581f5cb-6931-4fd1-bcca-1387f934baa6/build]   | [INFO] Tests run: 6, Failures: 0, Errors: 0, Skipped: 0, Time elapsed: 0.046 s - in com.thealgorithms.others.ConwayTest
[b581f5cb-6931-4fd1-bcca-1387f934baa6/build]   | [INFO] Running com.thealgorithms.others.StackPostfixNotationTest
[b581f5cb-6931-4fd1-bcca-1387f934baa6/build]   | [INFO] Tests run: 6, Failures: 0, Errors: 0, Skipped: 0, Time elapsed: 0.017 s - in com.thealgorithms.others.StackPostfixNotationTest
[b581f5cb-6931-4fd1-bcca-1387f934baa6/build]   | [INFO] Running com.thealgorithms.others.EulersFunctionTest
[b581f5cb-6931-4fd1-bcca-1387f934baa6/build]   | [INFO] Tests run: 2, Failures: 0, Errors: 0, Skipped: 0, Time elapsed: 0.001 s - in com.thealgorithms.others.EulersFunctionTest
[b581f5cb-6931-4fd1-bcca-1387f934baa6/build]   | [INFO] Running com.thealgorithms.others.CountFriendsPairingTest
[b581f5cb-6931-4fd1-bcca-1387f934baa6/build]   | [INFO] Tests run: 8, Failures: 0, Errors: 0, Skipped: 0, Time elapsed: 0.001 s - in com.thealgorithms.others.CountFriendsPairingTest
[b581f5cb-6931-4fd1-bcca-1387f934baa6/build]   | [INFO] Running com.thealgorithms.maths.HeronsFormulaTest
[b581f5cb-6931-4fd1-bcca-1387f934baa6/build]   | [INFO] Tests run: 4, Failures: 0, Errors: 0, Skipped: 0, Time elapsed: 0 s - in com.thealgorithms.maths.HeronsFormulaTest
[b581f5cb-6931-4fd1-bcca-1387f934baa6/build]   | [INFO] Running com.thealgorithms.maths.SquareFreeIntegerTest
[b581f5cb-6931-4fd1-bcca-1387f934baa6/build]   | [INFO] Tests run: 3, Failures: 0, Errors: 0, Skipped: 0, Time elapsed: 0.026 s - in com.thealgorithms.maths.SquareFreeIntegerTest
[b581f5cb-6931-4fd1-bcca-1387f934baa6/build]   | [INFO] Running com.thealgorithms.maths.StandardDeviationTest
[b581f5cb-6931-4fd1-bcca-1387f934baa6/build]   | [INFO] Tests run: 4, Failures: 0, Errors: 0, Skipped: 0, Time elapsed: 0 s - in com.thealgorithms.maths.StandardDeviationTest
[b581f5cb-6931-4fd1-bcca-1387f934baa6/build]   | [INFO] Running com.thealgorithms.maths.PrimeFactorizationTest
[b581f5cb-6931-4fd1-bcca-1387f934baa6/build]   | [INFO] Tests run: 2, Failures: 0, Errors: 0, Skipped: 0, Time elapsed: 0 s - in com.thealgorithms.maths.PrimeFactorizationTest
[b581f5cb-6931-4fd1-bcca-1387f934baa6/build]   | [INFO] Running com.thealgorithms.maths.PrimeCheckTest
[b581f5cb-6931-4fd1-bcca-1387f934baa6/build]   | [INFO] Tests run: 7, Failures: 0, Errors: 0, Skipped: 0, Time elapsed: 0 s - in com.thealgorithms.maths.PrimeCheckTest
[b581f5cb-6931-4fd1-bcca-1387f934baa6/build]   | [INFO] Running com.thealgorithms.maths.SumOfArithmeticSeriesTest
[b581f5cb-6931-4fd1-bcca-1387f934baa6/build]   | [INFO] Tests run: 9, Failures: 0, Errors: 0, Skipped: 0, Time elapsed: 0.001 s - in com.thealgorithms.maths.SumOfArithmeticSeriesTest
[b581f5cb-6931-4fd1-bcca-1387f934baa6/build]   | [INFO] Running com.thealgorithms.maths.DudeneyNumberTest
[b581f5cb-6931-4fd1-bcca-1387f934baa6/build]   | [INFO] Tests run: 1, Failures: 0, Errors: 0, Skipped: 0, Time elapsed: 0.001 s - in com.thealgorithms.maths.DudeneyNumberTest
[b581f5cb-6931-4fd1-bcca-1387f934baa6/build]   | [INFO] Running com.thealgorithms.maths.TestArmstrong
[b581f5cb-6931-4fd1-bcca-1387f934baa6/build]   | [INFO] Tests run: 1, Failures: 0, Errors: 0, Skipped: 0, Time elapsed: 0.001 s - in com.thealgorithms.maths.TestArmstrong
[b581f5cb-6931-4fd1-bcca-1387f934baa6/build]   | [INFO] Running com.thealgorithms.maths.DistanceFormulaTest
[b581f5cb-6931-4fd1-bcca-1387f934baa6/build]   | [INFO] Tests run: 13, Failures: 0, Errors: 0, Skipped: 0, Time elapsed: 0.001 s - in com.thealgorithms.maths.DistanceFormulaTest
[b581f5cb-6931-4fd1-bcca-1387f934baa6/build]   | [INFO] Running com.thealgorithms.maths.KaprekarNumbersTest
[b581f5cb-6931-4fd1-bcca-1387f934baa6/build]   | [INFO] Tests run: 9, Failures: 0, Errors: 0, Skipped: 0, Time elapsed: 0.279 s - in com.thealgorithms.maths.KaprekarNumbersTest
[b581f5cb-6931-4fd1-bcca-1387f934baa6/build]   | [INFO] Running com.thealgorithms.maths.AbsoluteValueTest
[b581f5cb-6931-4fd1-bcca-1387f934baa6/build]   | [INFO] Tests run: 1, Failures: 0, Errors: 0, Skipped: 0, Time elapsed: 0.005 s - in com.thealgorithms.maths.AbsoluteValueTest
[b581f5cb-6931-4fd1-bcca-1387f934baa6/build]   | [INFO] Running com.thealgorithms.maths.PerimeterTest
[b581f5cb-6931-4fd1-bcca-1387f934baa6/build]   | [INFO] Tests run: 8, Failures: 0, Errors: 0, Skipped: 0, Time elapsed: 0.001 s - in com.thealgorithms.maths.PerimeterTest
[b581f5cb-6931-4fd1-bcca-1387f934baa6/build]   | [INFO] Running com.thealgorithms.maths.PalindromeNumberTest
[b581f5cb-6931-4fd1-bcca-1387f934baa6/build]   | [INFO] Tests run: 3, Failures: 0, Errors: 0, Skipped: 0, Time elapsed: 0.001 s - in com.thealgorithms.maths.PalindromeNumberTest
[b581f5cb-6931-4fd1-bcca-1387f934baa6/build]   | [INFO] Running com.thealgorithms.maths.ADTFractionTest
[b581f5cb-6931-4fd1-bcca-1387f934baa6/build]   | [INFO] Tests run: 7, Failures: 0, Errors: 0, Skipped: 0, Time elapsed: 0.004 s - in com.thealgorithms.maths.ADTFractionTest
[b581f5cb-6931-4fd1-bcca-1387f934baa6/build]   | [INFO] Running com.thealgorithms.maths.FindMinTest
[b581f5cb-6931-4fd1-bcca-1387f934baa6/build]   | [INFO] Tests run: 5, Failures: 0, Errors: 0, Skipped: 0, Time elapsed: 0 s - in com.thealgorithms.maths.FindMinTest
[b581f5cb-6931-4fd1-bcca-1387f934baa6/build]   | [INFO] Running com.thealgorithms.maths.AbsoluteMaxTest
[b581f5cb-6931-4fd1-bcca-1387f934baa6/build]   | [INFO] Tests run: 2, Failures: 0, Errors: 0, Skipped: 0, Time elapsed: 0 s - in com.thealgorithms.maths.AbsoluteMaxTest
[b581f5cb-6931-4fd1-bcca-1387f934baa6/build]   | [INFO] Running com.thealgorithms.maths.AverageTest
[b581f5cb-6931-4fd1-bcca-1387f934baa6/build]   | [INFO] Tests run: 4, Failures: 0, Errors: 0, Skipped: 0, Time elapsed: 0 s - in com.thealgorithms.maths.AverageTest
[b581f5cb-6931-4fd1-bcca-1387f934baa6/build]   | [INFO] Running com.thealgorithms.maths.AbsoluteMinTest
[b581f5cb-6931-4fd1-bcca-1387f934baa6/build]   | [INFO] Tests run: 2, Failures: 0, Errors: 0, Skipped: 0, Time elapsed: 0.002 s - in com.thealgorithms.maths.AbsoluteMinTest
[b581f5cb-6931-4fd1-bcca-1387f934baa6/build]   | [INFO] Running com.thealgorithms.maths.FindMaxTest
[b581f5cb-6931-4fd1-bcca-1387f934baa6/build]   | [INFO] Tests run: 4, Failures: 0, Errors: 0, Skipped: 0, Time elapsed: 0 s - in com.thealgorithms.maths.FindMaxTest
[b581f5cb-6931-4fd1-bcca-1387f934baa6/build]   | [INFO] Running com.thealgorithms.maths.FFTTest
[b581f5cb-6931-4fd1-bcca-1387f934baa6/build]   | [INFO] Tests run: 12, Failures: 0, Errors: 0, Skipped: 0, Time elapsed: 0.001 s - in com.thealgorithms.maths.FFTTest
[b581f5cb-6931-4fd1-bcca-1387f934baa6/build]   | [INFO] Running com.thealgorithms.maths.PronicNumberTest
[b581f5cb-6931-4fd1-bcca-1387f934baa6/build]   | [INFO] Tests run: 2, Failures: 0, Errors: 0, Skipped: 0, Time elapsed: 0 s - in com.thealgorithms.maths.PronicNumberTest
[b581f5cb-6931-4fd1-bcca-1387f934baa6/build]   | [INFO] Running com.thealgorithms.maths.GaussianTest
[b581f5cb-6931-4fd1-bcca-1387f934baa6/build]   | [INFO] Tests run: 1, Failures: 0, Errors: 0, Skipped: 0, Time elapsed: 0 s - in com.thealgorithms.maths.GaussianTest
[b581f5cb-6931-4fd1-bcca-1387f934baa6/build]   | [INFO] Running com.thealgorithms.maths.LucasSeriesTest
[b581f5cb-6931-4fd1-bcca-1387f934baa6/build]   | [INFO] Tests run: 4, Failures: 0, Errors: 0, Skipped: 0, Time elapsed: 0 s - in com.thealgorithms.maths.LucasSeriesTest
[b581f5cb-6931-4fd1-bcca-1387f934baa6/build]   | [INFO] Running com.thealgorithms.maths.SumOfDigitsTest
[b581f5cb-6931-4fd1-bcca-1387f934baa6/build]   | [INFO] Tests run: 3, Failures: 0, Errors: 0, Skipped: 0, Time elapsed: 0 s - in com.thealgorithms.maths.SumOfDigitsTest
[b581f5cb-6931-4fd1-bcca-1387f934baa6/build]   | [INFO] Running com.thealgorithms.maths.PascalTriangleTest
[b581f5cb-6931-4fd1-bcca-1387f934baa6/build]   | [INFO] Tests run: 4, Failures: 0, Errors: 0, Skipped: 0, Time elapsed: 0 s - in com.thealgorithms.maths.PascalTriangleTest
[b581f5cb-6931-4fd1-bcca-1387f934baa6/build]   | [INFO] Running com.thealgorithms.maths.MedianTest
[b581f5cb-6931-4fd1-bcca-1387f934baa6/build]   | [INFO] Tests run: 5, Failures: 0, Errors: 0, Skipped: 0, Time elapsed: 0 s - in com.thealgorithms.maths.MedianTest
[b581f5cb-6931-4fd1-bcca-1387f934baa6/build]   | [INFO] Running com.thealgorithms.maths.VolumeTest
[b581f5cb-6931-4fd1-bcca-1387f934baa6/build]   | [INFO] Tests run: 1, Failures: 0, Errors: 0, Skipped: 0, Time elapsed: 0 s - in com.thealgorithms.maths.VolumeTest
[b581f5cb-6931-4fd1-bcca-1387f934baa6/build]   | [INFO] Running com.thealgorithms.maths.FrizzyNumberTest
[b581f5cb-6931-4fd1-bcca-1387f934baa6/build]   | [INFO] Tests run: 3, Failures: 0, Errors: 0, Skipped: 0, Time elapsed: 0 s - in com.thealgorithms.maths.FrizzyNumberTest
[b581f5cb-6931-4fd1-bcca-1387f934baa6/build]   | [INFO] Running com.thealgorithms.maths.PythagoreanTripleTest
[b581f5cb-6931-4fd1-bcca-1387f934baa6/build]   | [INFO] Tests run: 1, Failures: 0, Errors: 0, Skipped: 0, Time elapsed: 0 s - in com.thealgorithms.maths.PythagoreanTripleTest
[b581f5cb-6931-4fd1-bcca-1387f934baa6/build]   | [INFO] Running com.thealgorithms.maths.NthUglyNumberTest
[b581f5cb-6931-4fd1-bcca-1387f934baa6/build]   | [INFO] Tests run: 6, Failures: 0, Errors: 0, Skipped: 0, Time elapsed: 0.011 s - in com.thealgorithms.maths.NthUglyNumberTest
[b581f5cb-6931-4fd1-bcca-1387f934baa6/build]   | [INFO] Running com.thealgorithms.maths.MobiusFunctionTest
[b581f5cb-6931-4fd1-bcca-1387f934baa6/build]   | [INFO] Tests run: 3, Failures: 0, Errors: 0, Skipped: 0, Time elapsed: 0.001 s - in com.thealgorithms.maths.MobiusFunctionTest
[b581f5cb-6931-4fd1-bcca-1387f934baa6/build]   | [INFO] Running com.thealgorithms.maths.DigitalRootTest
[b581f5cb-6931-4fd1-bcca-1387f934baa6/build]   | [INFO] Tests run: 1, Failures: 0, Errors: 0, Skipped: 0, Time elapsed: 0 s - in com.thealgorithms.maths.DigitalRootTest
[b581f5cb-6931-4fd1-bcca-1387f934baa6/build]   | [INFO] Running com.thealgorithms.maths.SquareRootwithBabylonianMethodTest
[b581f5cb-6931-4fd1-bcca-1387f934baa6/build]   | [INFO] Tests run: 4, Failures: 0, Errors: 0, Skipped: 0, Time elapsed: 0 s - in com.thealgorithms.maths.SquareRootwithBabylonianMethodTest
[b581f5cb-6931-4fd1-bcca-1387f934baa6/build]   | [INFO] Running com.thealgorithms.maths.CollatzConjectureTest
[b581f5cb-6931-4fd1-bcca-1387f934baa6/build]   | [INFO] Tests run: 4, Failures: 0, Errors: 0, Skipped: 0, Time elapsed: 0.002 s - in com.thealgorithms.maths.CollatzConjectureTest
[b581f5cb-6931-4fd1-bcca-1387f934baa6/build]   | [INFO] Running com.thealgorithms.maths.GCDTest
[b581f5cb-6931-4fd1-bcca-1387f934baa6/build]   | [INFO] Tests run: 10, Failures: 0, Errors: 0, Skipped: 0, Time elapsed: 0.001 s - in com.thealgorithms.maths.GCDTest
[b581f5cb-6931-4fd1-bcca-1387f934baa6/build]   | [INFO] Running com.thealgorithms.maths.CeilTest
[b581f5cb-6931-4fd1-bcca-1387f934baa6/build]   | [INFO] Tests run: 1, Failures: 0, Errors: 0, Skipped: 0, Time elapsed: 0 s - in com.thealgorithms.maths.CeilTest
[b581f5cb-6931-4fd1-bcca-1387f934baa6/build]   | [INFO] Running com.thealgorithms.maths.LiouvilleLambdaFunctionTest
[b581f5cb-6931-4fd1-bcca-1387f934baa6/build]   | [INFO] Tests run: 4, Failures: 0, Errors: 0, Skipped: 0, Time elapsed: 0 s - in com.thealgorithms.maths.LiouvilleLambdaFunctionTest
[b581f5cb-6931-4fd1-bcca-1387f934baa6/build]   | [INFO] Running com.thealgorithms.maths.PerfectCubeTest
[b581f5cb-6931-4fd1-bcca-1387f934baa6/build]   | [INFO] Tests run: 1, Failures: 0, Errors: 0, Skipped: 0, Time elapsed: 0 s - in com.thealgorithms.maths.PerfectCubeTest
[b581f5cb-6931-4fd1-bcca-1387f934baa6/build]   | [INFO] Running com.thealgorithms.maths.AreaTest
[b581f5cb-6931-4fd1-bcca-1387f934baa6/build]   | [INFO] Tests run: 12, Failures: 0, Errors: 0, Skipped: 0, Time elapsed: 0.007 s - in com.thealgorithms.maths.AreaTest
[b581f5cb-6931-4fd1-bcca-1387f934baa6/build]   | [INFO] Running com.thealgorithms.maths.SumWithoutArithmeticOperatorsTest
[b581f5cb-6931-4fd1-bcca-1387f934baa6/build]   | [INFO] Tests run: 5, Failures: 0, Errors: 0, Skipped: 0, Time elapsed: 0 s - in com.thealgorithms.maths.SumWithoutArithmeticOperatorsTest
[b581f5cb-6931-4fd1-bcca-1387f934baa6/build]   | [INFO] Running com.thealgorithms.maths.FactorialTest
[b581f5cb-6931-4fd1-bcca-1387f934baa6/build]   | [INFO] Tests run: 1, Failures: 0, Errors: 0, Skipped: 0, Time elapsed: 0.001 s - in com.thealgorithms.maths.FactorialTest
[b581f5cb-6931-4fd1-bcca-1387f934baa6/build]   | [INFO] Running com.thealgorithms.maths.JosephusProblemTest
[b581f5cb-6931-4fd1-bcca-1387f934baa6/build]   | [INFO] Tests run: 1, Failures: 0, Errors: 0, Skipped: 0, Time elapsed: 0 s - in com.thealgorithms.maths.JosephusProblemTest
[b581f5cb-6931-4fd1-bcca-1387f934baa6/build]   | [INFO] Running com.thealgorithms.maths.LeonardoNumberTest
[b581f5cb-6931-4fd1-bcca-1387f934baa6/build]   | [INFO] Tests run: 5, Failures: 0, Errors: 0, Skipped: 0, Time elapsed: 0.002 s - in com.thealgorithms.maths.LeonardoNumberTest
[b581f5cb-6931-4fd1-bcca-1387f934baa6/build]   | [INFO] Running com.thealgorithms.maths.StandardScoreTest
[b581f5cb-6931-4fd1-bcca-1387f934baa6/build]   | [INFO] Tests run: 4, Failures: 0, Errors: 0, Skipped: 0, Time elapsed: 0 s - in com.thealgorithms.maths.StandardScoreTest
[b581f5cb-6931-4fd1-bcca-1387f934baa6/build]   | [INFO] Running com.thealgorithms.maths.ParseIntegerTest
[b581f5cb-6931-4fd1-bcca-1387f934baa6/build]   | [INFO] Tests run: 4, Failures: 0, Errors: 0, Skipped: 0, Time elapsed: 0.001 s - in com.thealgorithms.maths.ParseIntegerTest
[b581f5cb-6931-4fd1-bcca-1387f934baa6/build]   | [INFO] Running com.thealgorithms.maths.FibonacciNumberCheckTest
[b581f5cb-6931-4fd1-bcca-1387f934baa6/build]   | [INFO] Tests run: 2, Failures: 0, Errors: 0, Skipped: 0, Time elapsed: 0 s - in com.thealgorithms.maths.FibonacciNumberCheckTest
[b581f5cb-6931-4fd1-bcca-1387f934baa6/build]   | [INFO] Running com.thealgorithms.maths.FastInverseSqrtTests
[b581f5cb-6931-4fd1-bcca-1387f934baa6/build]   | [INFO] Tests run: 8, Failures: 0, Errors: 0, Skipped: 0, Time elapsed: 0.001 s - in com.thealgorithms.maths.FastInverseSqrtTests
[b581f5cb-6931-4fd1-bcca-1387f934baa6/build]   | [INFO] Running com.thealgorithms.maths.AliquotSumTest
[b581f5cb-6931-4fd1-bcca-1387f934baa6/build]   | [INFO] Tests run: 1, Failures: 0, Errors: 0, Skipped: 0, Time elapsed: 0.002 s - in com.thealgorithms.maths.AliquotSumTest
[b581f5cb-6931-4fd1-bcca-1387f934baa6/build]   | [INFO] Running com.thealgorithms.maths.PerfectSquareTest
[b581f5cb-6931-4fd1-bcca-1387f934baa6/build]   | [INFO] Tests run: 3, Failures: 0, Errors: 0, Skipped: 0, Time elapsed: 0 s - in com.thealgorithms.maths.PerfectSquareTest
[b581f5cb-6931-4fd1-bcca-1387f934baa6/build]   | [INFO] Running com.thealgorithms.maths.CombinationsTest
[b581f5cb-6931-4fd1-bcca-1387f934baa6/build]   | [INFO] Tests run: 2, Failures: 0, Errors: 0, Skipped: 0, Time elapsed: 0 s - in com.thealgorithms.maths.CombinationsTest
[b581f5cb-6931-4fd1-bcca-1387f934baa6/build]   | [INFO] Running com.thealgorithms.maths.PollardRhoTest
[b581f5cb-6931-4fd1-bcca-1387f934baa6/build]   | [INFO] Tests run: 3, Failures: 0, Errors: 0, Skipped: 0, Time elapsed: 0.001 s - in com.thealgorithms.maths.PollardRhoTest
[b581f5cb-6931-4fd1-bcca-1387f934baa6/build]   | [INFO] Running com.thealgorithms.maths.ArmstrongTest
[b581f5cb-6931-4fd1-bcca-1387f934baa6/build]   | [INFO] Tests run: 1, Failures: 0, Errors: 0, Skipped: 0, Time elapsed: 0 s - in com.thealgorithms.maths.ArmstrongTest
[b581f5cb-6931-4fd1-bcca-1387f934baa6/build]   | [INFO] Running com.thealgorithms.maths.HarshadNumberTest
[b581f5cb-6931-4fd1-bcca-1387f934baa6/build]   | [INFO] Tests run: 1, Failures: 0, Errors: 0, Skipped: 0, Time elapsed: 0 s - in com.thealgorithms.maths.HarshadNumberTest
[b581f5cb-6931-4fd1-bcca-1387f934baa6/build]   | [INFO] Running com.thealgorithms.maths.PerfectNumberTest
[b581f5cb-6931-4fd1-bcca-1387f934baa6/build]   | [INFO] Tests run: 1, Failures: 0, Errors: 0, Skipped: 0, Time elapsed: 0.155 s - in com.thealgorithms.maths.PerfectNumberTest
[b581f5cb-6931-4fd1-bcca-1387f934baa6/build]   | [INFO] Running com.thealgorithms.maths.AutomorphicNumberTest
[b581f5cb-6931-4fd1-bcca-1387f934baa6/build]   | [INFO] Tests run: 1, Failures: 0, Errors: 0, Skipped: 0, Time elapsed: 0.001 s - in com.thealgorithms.maths.AutomorphicNumberTest
[b581f5cb-6931-4fd1-bcca-1387f934baa6/build]   | [INFO] Running com.thealgorithms.maths.LeastCommonMultipleTest
[b581f5cb-6931-4fd1-bcca-1387f934baa6/build]   | [INFO] Tests run: 2, Failures: 0, Errors: 0, Skipped: 0, Time elapsed: 0 s - in com.thealgorithms.maths.LeastCommonMultipleTest
[b581f5cb-6931-4fd1-bcca-1387f934baa6/build]   | [INFO] Running com.thealgorithms.maths.LongDivisionTest
[b581f5cb-6931-4fd1-bcca-1387f934baa6/build]   | [INFO] Tests run: 7, Failures: 0, Errors: 0, Skipped: 0, Time elapsed: 0.001 s - in com.thealgorithms.maths.LongDivisionTest
[b581f5cb-6931-4fd1-bcca-1387f934baa6/build]   | [INFO] Running com.thealgorithms.maths.TwinPrimeTest
[b581f5cb-6931-4fd1-bcca-1387f934baa6/build]   | [INFO] Tests run: 4, Failures: 0, Errors: 0, Skipped: 0, Time elapsed: 0.001 s - in com.thealgorithms.maths.TwinPrimeTest
[b581f5cb-6931-4fd1-bcca-1387f934baa6/build]   | [INFO] Running com.thealgorithms.maths.BinomialCoefficientTest
[b581f5cb-6931-4fd1-bcca-1387f934baa6/build]   | [INFO] Tests run: 1, Failures: 0, Errors: 0, Skipped: 0, Time elapsed: 0 s - in com.thealgorithms.maths.BinomialCoefficientTest
[b581f5cb-6931-4fd1-bcca-1387f934baa6/build]   | [INFO] Running com.thealgorithms.maths.AmicableNumberTest
[b581f5cb-6931-4fd1-bcca-1387f934baa6/build]   | [INFO] Tests run: 4, Failures: 0, Errors: 0, Skipped: 0, Time elapsed: 25.26 s - in com.thealgorithms.maths.AmicableNumberTest
[b581f5cb-6931-4fd1-bcca-1387f934baa6/build]   | [INFO] Running com.thealgorithms.maths.FibonacciJavaStreamsTest
[b581f5cb-6931-4fd1-bcca-1387f934baa6/build]   | [INFO] Tests run: 9, Failures: 0, Errors: 0, Skipped: 0, Time elapsed: 0.004 s - in com.thealgorithms.maths.FibonacciJavaStreamsTest
[b581f5cb-6931-4fd1-bcca-1387f934baa6/build]   | [INFO] Running com.thealgorithms.maths.BinaryPowTest
[b581f5cb-6931-4fd1-bcca-1387f934baa6/build]   | [INFO] Tests run: 1, Failures: 0, Errors: 0, Skipped: 0, Time elapsed: 0 s - in com.thealgorithms.maths.BinaryPowTest
[b581f5cb-6931-4fd1-bcca-1387f934baa6/build]   | [INFO] Running com.thealgorithms.maths.ReverseNumberTest
[b581f5cb-6931-4fd1-bcca-1387f934baa6/build]   | [INFO] Tests run: 2, Failures: 0, Errors: 0, Skipped: 0, Time elapsed: 0 s - in com.thealgorithms.maths.ReverseNumberTest
[b581f5cb-6931-4fd1-bcca-1387f934baa6/build]   | [INFO] 
[b581f5cb-6931-4fd1-bcca-1387f934baa6/build]   | [INFO] Results:
[b581f5cb-6931-4fd1-bcca-1387f934baa6/build]   | [INFO] 
[b581f5cb-6931-4fd1-bcca-1387f934baa6/build]   | [INFO] Tests run: 3933, Failures: 0, Errors: 0, Skipped: 0
[b581f5cb-6931-4fd1-bcca-1387f934baa6/build]   | [INFO] 
[b581f5cb-6931-4fd1-bcca-1387f934baa6/build]   | [INFO] 
[b581f5cb-6931-4fd1-bcca-1387f934baa6/build]   | [INFO] --- maven-jar-plugin:2.4:jar (default-jar) @ Java ---
[b581f5cb-6931-4fd1-bcca-1387f934baa6/build]   | [INFO] Downloading from central: https://repo.maven.apache.org/maven2/org/apache/maven/maven-archiver/2.5/maven-archiver-2.5.pom
[b581f5cb-6931-4fd1-bcca-1387f934baa6/build]   | [INFO] Downloaded from central: https://repo.maven.apache.org/maven2/org/apache/maven/maven-archiver/2.5/maven-archiver-2.5.pom (4.5 kB at 504 kB/s)
[b581f5cb-6931-4fd1-bcca-1387f934baa6/build]   | [INFO] Downloading from central: https://repo.maven.apache.org/maven2/org/codehaus/plexus/plexus-archiver/2.1/plexus-archiver-2.1.pom
[b581f5cb-6931-4fd1-bcca-1387f934baa6/build]   | [INFO] Downloaded from central: https://repo.maven.apache.org/maven2/org/codehaus/plexus/plexus-archiver/2.1/plexus-archiver-2.1.pom (2.8 kB at 468 kB/s)
[b581f5cb-6931-4fd1-bcca-1387f934baa6/build]   | [INFO] Downloading from central: https://repo.maven.apache.org/maven2/org/sonatype/spice/spice-parent/17/spice-parent-17.pom
[b581f5cb-6931-4fd1-bcca-1387f934baa6/build]   | [INFO] Downloaded from central: https://repo.maven.apache.org/maven2/org/sonatype/spice/spice-parent/17/spice-parent-17.pom (6.8 kB at 1.4 MB/s)
[b581f5cb-6931-4fd1-bcca-1387f934baa6/build]   | [INFO] Downloading from central: https://repo.maven.apache.org/maven2/org/codehaus/plexus/plexus-utils/3.0/plexus-utils-3.0.pom
[b581f5cb-6931-4fd1-bcca-1387f934baa6/build]   | [INFO] Downloaded from central: https://repo.maven.apache.org/maven2/org/codehaus/plexus/plexus-utils/3.0/plexus-utils-3.0.pom (4.1 kB at 813 kB/s)
[b581f5cb-6931-4fd1-bcca-1387f934baa6/build]   | [INFO] Downloading from central: https://repo.maven.apache.org/maven2/org/sonatype/spice/spice-parent/16/spice-parent-16.pom
[b581f5cb-6931-4fd1-bcca-1387f934baa6/build]   | [INFO] Downloaded from central: https://repo.maven.apache.org/maven2/org/sonatype/spice/spice-parent/16/spice-parent-16.pom (8.4 kB at 1.7 MB/s)
[b581f5cb-6931-4fd1-bcca-1387f934baa6/build]   | [INFO] Downloading from central: https://repo.maven.apache.org/maven2/org/sonatype/forge/forge-parent/5/forge-parent-5.pom
[b581f5cb-6931-4fd1-bcca-1387f934baa6/build]   | [INFO] Downloaded from central: https://repo.maven.apache.org/maven2/org/sonatype/forge/forge-parent/5/forge-parent-5.pom (8.4 kB at 2.1 MB/s)
[b581f5cb-6931-4fd1-bcca-1387f934baa6/build]   | [INFO] Downloading from central: https://repo.maven.apache.org/maven2/org/codehaus/plexus/plexus-io/2.0.2/plexus-io-2.0.2.pom
[b581f5cb-6931-4fd1-bcca-1387f934baa6/build]   | [INFO] Downloaded from central: https://repo.maven.apache.org/maven2/org/codehaus/plexus/plexus-io/2.0.2/plexus-io-2.0.2.pom (1.7 kB at 248 kB/s)
[b581f5cb-6931-4fd1-bcca-1387f934baa6/build]   | [INFO] Downloading from central: https://repo.maven.apache.org/maven2/org/codehaus/plexus/plexus-components/1.1.19/plexus-components-1.1.19.pom
[b581f5cb-6931-4fd1-bcca-1387f934baa6/build]   | [INFO] Downloaded from central: https://repo.maven.apache.org/maven2/org/codehaus/plexus/plexus-components/1.1.19/plexus-components-1.1.19.pom (2.7 kB at 270 kB/s)
[b581f5cb-6931-4fd1-bcca-1387f934baa6/build]   | [INFO] Downloading from central: https://repo.maven.apache.org/maven2/org/codehaus/plexus/plexus/3.0.1/plexus-3.0.1.pom
[b581f5cb-6931-4fd1-bcca-1387f934baa6/build]   | [INFO] Downloaded from central: https://repo.maven.apache.org/maven2/org/codehaus/plexus/plexus/3.0.1/plexus-3.0.1.pom (19 kB at 980 kB/s)
[b581f5cb-6931-4fd1-bcca-1387f934baa6/build]   | [INFO] Downloading from central: https://repo.maven.apache.org/maven2/org/codehaus/plexus/plexus-interpolation/1.15/plexus-interpolation-1.15.pom
[b581f5cb-6931-4fd1-bcca-1387f934baa6/build]   | [INFO] Downloaded from central: https://repo.maven.apache.org/maven2/org/codehaus/plexus/plexus-interpolation/1.15/plexus-interpolation-1.15.pom (1.0 kB at 204 kB/s)
[b581f5cb-6931-4fd1-bcca-1387f934baa6/build]   | [INFO] Downloading from central: https://repo.maven.apache.org/maven2/commons-lang/commons-lang/2.1/commons-lang-2.1.pom
[b581f5cb-6931-4fd1-bcca-1387f934baa6/build]   | [INFO] Downloaded from central: https://repo.maven.apache.org/maven2/commons-lang/commons-lang/2.1/commons-lang-2.1.pom (9.9 kB at 1.4 MB/s)
[b581f5cb-6931-4fd1-bcca-1387f934baa6/build]   | [INFO] Downloading from central: https://repo.maven.apache.org/maven2/classworlds/classworlds/1.1-alpha-2/classworlds-1.1-alpha-2.jar
[b581f5cb-6931-4fd1-bcca-1387f934baa6/build]   | [INFO] Downloading from central: https://repo.maven.apache.org/maven2/org/apache/maven/maven-archiver/2.5/maven-archiver-2.5.jar
[b581f5cb-6931-4fd1-bcca-1387f934baa6/build]   | [INFO] Downloading from central: https://repo.maven.apache.org/maven2/org/codehaus/plexus/plexus-interpolation/1.15/plexus-interpolation-1.15.jar
[b581f5cb-6931-4fd1-bcca-1387f934baa6/build]   | [INFO] Downloading from central: https://repo.maven.apache.org/maven2/org/codehaus/plexus/plexus-archiver/2.1/plexus-archiver-2.1.jar
[b581f5cb-6931-4fd1-bcca-1387f934baa6/build]   | [INFO] Downloading from central: https://repo.maven.apache.org/maven2/org/codehaus/plexus/plexus-io/2.0.2/plexus-io-2.0.2.jar
[b581f5cb-6931-4fd1-bcca-1387f934baa6/build]   | [INFO] Downloaded from central: https://repo.maven.apache.org/maven2/classworlds/classworlds/1.1-alpha-2/classworlds-1.1-alpha-2.jar (38 kB at 4.7 MB/s)
[b581f5cb-6931-4fd1-bcca-1387f934baa6/build]   | [INFO] Downloading from central: https://repo.maven.apache.org/maven2/commons-lang/commons-lang/2.1/commons-lang-2.1.jar
[b581f5cb-6931-4fd1-bcca-1387f934baa6/build]   | [INFO] Downloaded from central: https://repo.maven.apache.org/maven2/org/codehaus/plexus/plexus-io/2.0.2/plexus-io-2.0.2.jar (58 kB at 7.3 MB/s)
[b581f5cb-6931-4fd1-bcca-1387f934baa6/build]   | [INFO] Downloading from central: https://repo.maven.apache.org/maven2/org/codehaus/plexus/plexus-utils/3.0/plexus-utils-3.0.jar
[b581f5cb-6931-4fd1-bcca-1387f934baa6/build]   | [INFO] Downloaded from central: https://repo.maven.apache.org/maven2/org/apache/maven/maven-archiver/2.5/maven-archiver-2.5.jar (22 kB at 2.4 MB/s)
[b581f5cb-6931-4fd1-bcca-1387f934baa6/build]   | [INFO] Downloaded from central: https://repo.maven.apache.org/maven2/org/codehaus/plexus/plexus-interpolation/1.15/plexus-interpolation-1.15.jar (60 kB at 6.0 MB/s)
[b581f5cb-6931-4fd1-bcca-1387f934baa6/build]   | [INFO] Downloaded from central: https://repo.maven.apache.org/maven2/org/codehaus/plexus/plexus-archiver/2.1/plexus-archiver-2.1.jar (184 kB at 12 MB/s)
[b581f5cb-6931-4fd1-bcca-1387f934baa6/build]   | [INFO] Downloaded from central: https://repo.maven.apache.org/maven2/commons-lang/commons-lang/2.1/commons-lang-2.1.jar (208 kB at 9.9 MB/s)
[b581f5cb-6931-4fd1-bcca-1387f934baa6/build]   | [INFO] Downloaded from central: https://repo.maven.apache.org/maven2/org/codehaus/plexus/plexus-utils/3.0/plexus-utils-3.0.jar (226 kB at 9.8 MB/s)
[b581f5cb-6931-4fd1-bcca-1387f934baa6/build]   | [INFO] Building jar: /tmp/15a1b9d4-edb6-40f8-99d6-c205bed039ce/target/Java-1.0-SNAPSHOT.jar
[b581f5cb-6931-4fd1-bcca-1387f934baa6/build]   | [INFO] ------------------------------------------------------------------------
[b581f5cb-6931-4fd1-bcca-1387f934baa6/build]   | [INFO] BUILD SUCCESS
[b581f5cb-6931-4fd1-bcca-1387f934baa6/build]   | [INFO] ------------------------------------------------------------------------
[b581f5cb-6931-4fd1-bcca-1387f934baa6/build]   | [INFO] Total time:  01:12 min
[b581f5cb-6931-4fd1-bcca-1387f934baa6/build]   | [INFO] Finished at: 2023-11-27T02:49:58Z
[b581f5cb-6931-4fd1-bcca-1387f934baa6/build]   | [INFO] ------------------------------------------------------------------------
[b581f5cb-6931-4fd1-bcca-1387f934baa6/build]   ‚úÖ  Success - Main Build with Maven
[b581f5cb-6931-4fd1-bcca-1387f934baa6/build] unable to get git ref: failed to identify reference (tag/branch) for the checked-out revision 'cc9afea03634099f464c8115cca5afe21fec2781'
[b581f5cb-6931-4fd1-bcca-1387f934baa6/build] unable to get git ref: failed to identify reference (tag/branch) for the checked-out revision 'cc9afea03634099f464c8115cca5afe21fec2781'
[b581f5cb-6931-4fd1-bcca-1387f934baa6/build] unable to get git ref: failed to identify reference (tag/branch) for the checked-out revision 'cc9afea03634099f464c8115cca5afe21fec2781'
[b581f5cb-6931-4fd1-bcca-1387f934baa6/build] unable to get git ref: failed to identify reference (tag/branch) for the checked-out revision 'cc9afea03634099f464c8115cca5afe21fec2781'
[b581f5cb-6931-4fd1-bcca-1387f934baa6/build] unable to get git ref: failed to identify reference (tag/branch) for the checked-out revision 'cc9afea03634099f464c8115cca5afe21fec2781'
[b581f5cb-6931-4fd1-bcca-1387f934baa6/build] ‚≠ê Run Post Set up JDK 17
[b581f5cb-6931-4fd1-bcca-1387f934baa6/build]   üê≥  docker exec cmd=[node /var/run/act/actions/actions-setup-java@v2/dist/cleanup/index.js] user= workdir=
[b581f5cb-6931-4fd1-bcca-1387f934baa6/build]   ‚úÖ  Success - Post Set up JDK 17
[b581f5cb-6931-4fd1-bcca-1387f934baa6/build] üèÅ  Job succeeded
[b581f5cb-6931-4fd1-bcca-1387f934baa6/build] unable to get git ref: failed to identify reference (tag/branch) for the checked-out revision 'cc9afea03634099f464c8115cca5afe21fec2781'
