[f1979121-4a11-4b1e-a300-ac55b4d1270a/build] üöÄ  Start image=gitbugactions:latest
[f1979121-4a11-4b1e-a300-ac55b4d1270a/build]   üê≥  docker pull image=gitbugactions:latest platform= username= forcePull=false
[f1979121-4a11-4b1e-a300-ac55b4d1270a/build]   üê≥  docker create image=gitbugactions:latest platform= entrypoint=["tail" "-f" "/dev/null"] cmd=[]
[f1979121-4a11-4b1e-a300-ac55b4d1270a/build]   üê≥  docker run image=gitbugactions:latest platform= entrypoint=["tail" "-f" "/dev/null"] cmd=[]
[f1979121-4a11-4b1e-a300-ac55b4d1270a/build]   üê≥  docker exec cmd=[chown -R 1012:1013 /tmp/431117c4-a8a4-462d-b4ef-9b283d6b2f87] user=0 workdir=
[f1979121-4a11-4b1e-a300-ac55b4d1270a/build] unable to get git ref: failed to identify reference (tag/branch) for the checked-out revision '7449db4901c1464177fc2835ad543abb51a0b7ad'
[f1979121-4a11-4b1e-a300-ac55b4d1270a/build] unable to get git ref: failed to identify reference (tag/branch) for the checked-out revision '7449db4901c1464177fc2835ad543abb51a0b7ad'
[f1979121-4a11-4b1e-a300-ac55b4d1270a/build] unable to get git ref: failed to identify reference (tag/branch) for the checked-out revision '7449db4901c1464177fc2835ad543abb51a0b7ad'
[f1979121-4a11-4b1e-a300-ac55b4d1270a/build] unable to get git ref: failed to identify reference (tag/branch) for the checked-out revision '7449db4901c1464177fc2835ad543abb51a0b7ad'
[f1979121-4a11-4b1e-a300-ac55b4d1270a/build] unable to get git ref: failed to identify reference (tag/branch) for the checked-out revision '7449db4901c1464177fc2835ad543abb51a0b7ad'
[f1979121-4a11-4b1e-a300-ac55b4d1270a/build] unable to get git ref: failed to identify reference (tag/branch) for the checked-out revision '7449db4901c1464177fc2835ad543abb51a0b7ad'
[f1979121-4a11-4b1e-a300-ac55b4d1270a/build] unable to get git ref: failed to identify reference (tag/branch) for the checked-out revision '7449db4901c1464177fc2835ad543abb51a0b7ad'
[f1979121-4a11-4b1e-a300-ac55b4d1270a/build] unable to get git ref: failed to identify reference (tag/branch) for the checked-out revision '7449db4901c1464177fc2835ad543abb51a0b7ad'
[f1979121-4a11-4b1e-a300-ac55b4d1270a/build] unable to get git ref: failed to identify reference (tag/branch) for the checked-out revision '7449db4901c1464177fc2835ad543abb51a0b7ad'
[f1979121-4a11-4b1e-a300-ac55b4d1270a/build] ‚≠ê Run Main actions/checkout@v3
[f1979121-4a11-4b1e-a300-ac55b4d1270a/build] unable to get git ref: failed to identify reference (tag/branch) for the checked-out revision '7449db4901c1464177fc2835ad543abb51a0b7ad'
[f1979121-4a11-4b1e-a300-ac55b4d1270a/build] unable to get git ref: failed to identify reference (tag/branch) for the checked-out revision '7449db4901c1464177fc2835ad543abb51a0b7ad'
[f1979121-4a11-4b1e-a300-ac55b4d1270a/build]   üê≥  docker cp src=/tmp/431117c4-a8a4-462d-b4ef-9b283d6b2f87/. dst=/tmp/431117c4-a8a4-462d-b4ef-9b283d6b2f87
[f1979121-4a11-4b1e-a300-ac55b4d1270a/build]   üê≥  docker exec cmd=[chown -R 1012:1013 /tmp/431117c4-a8a4-462d-b4ef-9b283d6b2f87] user=0 workdir=
[f1979121-4a11-4b1e-a300-ac55b4d1270a/build]   ‚úÖ  Success - Main actions/checkout@v3
[f1979121-4a11-4b1e-a300-ac55b4d1270a/build] unable to get git ref: failed to identify reference (tag/branch) for the checked-out revision '7449db4901c1464177fc2835ad543abb51a0b7ad'
[f1979121-4a11-4b1e-a300-ac55b4d1270a/build] unable to get git ref: failed to identify reference (tag/branch) for the checked-out revision '7449db4901c1464177fc2835ad543abb51a0b7ad'
[f1979121-4a11-4b1e-a300-ac55b4d1270a/build] unable to get git ref: failed to identify reference (tag/branch) for the checked-out revision '7449db4901c1464177fc2835ad543abb51a0b7ad'
[f1979121-4a11-4b1e-a300-ac55b4d1270a/build] unable to get git ref: failed to identify reference (tag/branch) for the checked-out revision '7449db4901c1464177fc2835ad543abb51a0b7ad'
[f1979121-4a11-4b1e-a300-ac55b4d1270a/build] unable to get git ref: failed to identify reference (tag/branch) for the checked-out revision '7449db4901c1464177fc2835ad543abb51a0b7ad'
[f1979121-4a11-4b1e-a300-ac55b4d1270a/build] ‚≠ê Run Main Set up JDK 11
[f1979121-4a11-4b1e-a300-ac55b4d1270a/build] unable to get git ref: failed to identify reference (tag/branch) for the checked-out revision '7449db4901c1464177fc2835ad543abb51a0b7ad'
[f1979121-4a11-4b1e-a300-ac55b4d1270a/build] unable to get git ref: failed to identify reference (tag/branch) for the checked-out revision '7449db4901c1464177fc2835ad543abb51a0b7ad'
[f1979121-4a11-4b1e-a300-ac55b4d1270a/build] unable to get git ref: failed to identify reference (tag/branch) for the checked-out revision '7449db4901c1464177fc2835ad543abb51a0b7ad'
[f1979121-4a11-4b1e-a300-ac55b4d1270a/build]   üê≥  docker cp src=/tmp/act-cache/e7b2b621-0841-42ea-9255-a102420e2b97/act/actions-setup-java@v3/ dst=/var/run/act/actions/actions-setup-java@v3/
[f1979121-4a11-4b1e-a300-ac55b4d1270a/build]   üê≥  docker exec cmd=[chown -R 1012:1013 /var/run/act/actions/actions-setup-java@v3/] user=0 workdir=
[f1979121-4a11-4b1e-a300-ac55b4d1270a/build]   üê≥  docker exec cmd=[node /var/run/act/actions/actions-setup-java@v3/dist/setup/index.js] user= workdir=
[f1979121-4a11-4b1e-a300-ac55b4d1270a/build]   ‚ùì  ::group::Installed distributions
[f1979121-4a11-4b1e-a300-ac55b4d1270a/build]   | Trying to resolve the latest version from remote
[f1979121-4a11-4b1e-a300-ac55b4d1270a/build]   | Resolved latest version as 11.0.21+9
[f1979121-4a11-4b1e-a300-ac55b4d1270a/build]   | Trying to download...
[f1979121-4a11-4b1e-a300-ac55b4d1270a/build]   | Downloading Java 11.0.21+9 (Adopt-Hotspot) from https://github.com/adoptium/temurin11-binaries/releases/download/jdk-11.0.21%2B9/OpenJDK11U-jdk_x64_linux_hotspot_11.0.21_9.tar.gz ...
[f1979121-4a11-4b1e-a300-ac55b4d1270a/build]   üí¨  ::debug::Downloading https://github.com/adoptium/temurin11-binaries/releases/download/jdk-11.0.21%252B9/OpenJDK11U-jdk_x64_linux_hotspot_11.0.21_9.tar.gz
[f1979121-4a11-4b1e-a300-ac55b4d1270a/build]   üí¨  ::debug::Destination /tmp/278eb4e9-69e4-4531-ab97-baf33c13d8c7
[f1979121-4a11-4b1e-a300-ac55b4d1270a/build]   üí¨  ::debug::download complete
[f1979121-4a11-4b1e-a300-ac55b4d1270a/build]   | Extracting Java archive...
[f1979121-4a11-4b1e-a300-ac55b4d1270a/build]   üí¨  ::debug::Checking tar --version
[f1979121-4a11-4b1e-a300-ac55b4d1270a/build]   üí¨  ::debug::tar (GNU tar) 1.34%0ACopyright (C) 2021 Free Software Foundation, Inc.%0ALicense GPLv3+: GNU GPL version 3 or later <https://gnu.org/licenses/gpl.html>.%0AThis is free software: you are free to change and redistribute it.%0AThere is NO WARRANTY, to the extent permitted by law.%0A%0AWritten by John Gilmore and Jay Fenlason.
[f1979121-4a11-4b1e-a300-ac55b4d1270a/build]   | [command]/usr/bin/tar xz --warning=no-unknown-keyword -C /tmp/67a397e1-d2c1-445c-b8a7-b04a8952c1c7 -f /tmp/278eb4e9-69e4-4531-ab97-baf33c13d8c7
[f1979121-4a11-4b1e-a300-ac55b4d1270a/build]   üí¨  ::debug::Caching tool Java_Adopt_jdk 11.0.21-9 x64
[f1979121-4a11-4b1e-a300-ac55b4d1270a/build]   üí¨  ::debug::source dir: /tmp/67a397e1-d2c1-445c-b8a7-b04a8952c1c7/jdk-11.0.21+9
[f1979121-4a11-4b1e-a300-ac55b4d1270a/build]   üí¨  ::debug::destination /opt/hostedtoolcache/Java_Adopt_jdk/11.0.21-9/x64
[f1979121-4a11-4b1e-a300-ac55b4d1270a/build]   üí¨  ::debug::finished caching tool
[f1979121-4a11-4b1e-a300-ac55b4d1270a/build]   | Java 11.0.21+9 was downloaded
[f1979121-4a11-4b1e-a300-ac55b4d1270a/build]   | Setting Java 11.0.21+9 as the default
[f1979121-4a11-4b1e-a300-ac55b4d1270a/build]   | Creating toolchains.xml for JDK version 11 from adopt
[f1979121-4a11-4b1e-a300-ac55b4d1270a/build]   | Writing to /home/runner/.m2/toolchains.xml
[f1979121-4a11-4b1e-a300-ac55b4d1270a/build]   | 
[f1979121-4a11-4b1e-a300-ac55b4d1270a/build]   | Java configuration:
[f1979121-4a11-4b1e-a300-ac55b4d1270a/build]   |   Distribution: adopt
[f1979121-4a11-4b1e-a300-ac55b4d1270a/build]   |   Version: 11.0.21+9
[f1979121-4a11-4b1e-a300-ac55b4d1270a/build]   |   Path: /opt/hostedtoolcache/Java_Adopt_jdk/11.0.21-9/x64
[f1979121-4a11-4b1e-a300-ac55b4d1270a/build]   | 
[f1979121-4a11-4b1e-a300-ac55b4d1270a/build]   ‚ùì  ::endgroup::
[f1979121-4a11-4b1e-a300-ac55b4d1270a/build]   ‚ùì add-matcher /run/act/actions/actions-setup-java@v3/.github/java.json
[f1979121-4a11-4b1e-a300-ac55b4d1270a/build]   | Creating settings.xml with server-id: github
[f1979121-4a11-4b1e-a300-ac55b4d1270a/build]   | Writing to /home/runner/.m2/settings.xml
[f1979121-4a11-4b1e-a300-ac55b4d1270a/build]   ‚úÖ  Success - Main Set up JDK 11
[f1979121-4a11-4b1e-a300-ac55b4d1270a/build]   ‚öô  ::set-env:: JAVA_HOME=/opt/hostedtoolcache/Java_Adopt_jdk/11.0.21-9/x64
[f1979121-4a11-4b1e-a300-ac55b4d1270a/build]   ‚öô  ::set-env:: JAVA_HOME_11_X64=/opt/hostedtoolcache/Java_Adopt_jdk/11.0.21-9/x64
[f1979121-4a11-4b1e-a300-ac55b4d1270a/build]   ‚öô  ::set-output:: version=11.0.21+9
[f1979121-4a11-4b1e-a300-ac55b4d1270a/build]   ‚öô  ::set-output:: distribution=Adopt-Hotspot
[f1979121-4a11-4b1e-a300-ac55b4d1270a/build]   ‚öô  ::set-output:: path=/opt/hostedtoolcache/Java_Adopt_jdk/11.0.21-9/x64
[f1979121-4a11-4b1e-a300-ac55b4d1270a/build]   ‚öô  ::add-path:: /opt/hostedtoolcache/Java_Adopt_jdk/11.0.21-9/x64/bin
[f1979121-4a11-4b1e-a300-ac55b4d1270a/build] unable to get git ref: failed to identify reference (tag/branch) for the checked-out revision '7449db4901c1464177fc2835ad543abb51a0b7ad'
[f1979121-4a11-4b1e-a300-ac55b4d1270a/build] unable to get git ref: failed to identify reference (tag/branch) for the checked-out revision '7449db4901c1464177fc2835ad543abb51a0b7ad'
[f1979121-4a11-4b1e-a300-ac55b4d1270a/build] unable to get git ref: failed to identify reference (tag/branch) for the checked-out revision '7449db4901c1464177fc2835ad543abb51a0b7ad'
[f1979121-4a11-4b1e-a300-ac55b4d1270a/build] unable to get git ref: failed to identify reference (tag/branch) for the checked-out revision '7449db4901c1464177fc2835ad543abb51a0b7ad'
[f1979121-4a11-4b1e-a300-ac55b4d1270a/build] unable to get git ref: failed to identify reference (tag/branch) for the checked-out revision '7449db4901c1464177fc2835ad543abb51a0b7ad'
[f1979121-4a11-4b1e-a300-ac55b4d1270a/build] ‚≠ê Run Main Build with Maven
[f1979121-4a11-4b1e-a300-ac55b4d1270a/build] unable to get git ref: failed to identify reference (tag/branch) for the checked-out revision '7449db4901c1464177fc2835ad543abb51a0b7ad'
[f1979121-4a11-4b1e-a300-ac55b4d1270a/build] unable to get git ref: failed to identify reference (tag/branch) for the checked-out revision '7449db4901c1464177fc2835ad543abb51a0b7ad'
[f1979121-4a11-4b1e-a300-ac55b4d1270a/build] unable to get git ref: failed to identify reference (tag/branch) for the checked-out revision '7449db4901c1464177fc2835ad543abb51a0b7ad'
[f1979121-4a11-4b1e-a300-ac55b4d1270a/build] unable to get git ref: failed to identify reference (tag/branch) for the checked-out revision '7449db4901c1464177fc2835ad543abb51a0b7ad'
[f1979121-4a11-4b1e-a300-ac55b4d1270a/build]   üê≥  docker exec cmd=[bash --noprofile --norc -e -o pipefail /var/run/act/workflow/2] user= workdir=
[f1979121-4a11-4b1e-a300-ac55b4d1270a/build]   | [INFO] Scanning for projects...
[f1979121-4a11-4b1e-a300-ac55b4d1270a/build]   | [INFO] 
[f1979121-4a11-4b1e-a300-ac55b4d1270a/build]   | [INFO] --------------------------< ch.jalu:configme >--------------------------
[f1979121-4a11-4b1e-a300-ac55b4d1270a/build]   | [INFO] Building ConfigMe 2.0.0-SNAPSHOT
[f1979121-4a11-4b1e-a300-ac55b4d1270a/build]   | [INFO]   from pom.xml
[f1979121-4a11-4b1e-a300-ac55b4d1270a/build]   | [INFO] --------------------------------[ jar ]---------------------------------
[f1979121-4a11-4b1e-a300-ac55b4d1270a/build]   | [INFO] Downloading from central: https://repo.maven.apache.org/maven2/org/jacoco/jacoco-maven-plugin/0.8.10/jacoco-maven-plugin-0.8.10.pom
[f1979121-4a11-4b1e-a300-ac55b4d1270a/build]   | [INFO] Downloaded from central: https://repo.maven.apache.org/maven2/org/jacoco/jacoco-maven-plugin/0.8.10/jacoco-maven-plugin-0.8.10.pom (3.8 kB at 9.2 kB/s)
[f1979121-4a11-4b1e-a300-ac55b4d1270a/build]   | [INFO] Downloading from central: https://repo.maven.apache.org/maven2/org/jacoco/org.jacoco.build/0.8.10/org.jacoco.build-0.8.10.pom
[f1979121-4a11-4b1e-a300-ac55b4d1270a/build]   | [INFO] Downloaded from central: https://repo.maven.apache.org/maven2/org/jacoco/org.jacoco.build/0.8.10/org.jacoco.build-0.8.10.pom (44 kB at 766 kB/s)
[f1979121-4a11-4b1e-a300-ac55b4d1270a/build]   | [INFO] Downloading from central: https://repo.maven.apache.org/maven2/org/ow2/asm/asm-bom/9.5/asm-bom-9.5.pom
[f1979121-4a11-4b1e-a300-ac55b4d1270a/build]   | [INFO] Downloaded from central: https://repo.maven.apache.org/maven2/org/ow2/asm/asm-bom/9.5/asm-bom-9.5.pom (3.2 kB at 85 kB/s)
[f1979121-4a11-4b1e-a300-ac55b4d1270a/build]   | [INFO] Downloading from central: https://repo.maven.apache.org/maven2/org/ow2/ow2/1.5.1/ow2-1.5.1.pom
[f1979121-4a11-4b1e-a300-ac55b4d1270a/build]   | [INFO] Downloaded from central: https://repo.maven.apache.org/maven2/org/ow2/ow2/1.5.1/ow2-1.5.1.pom (11 kB at 353 kB/s)
[f1979121-4a11-4b1e-a300-ac55b4d1270a/build]   | [INFO] Downloading from central: https://repo.maven.apache.org/maven2/org/jacoco/jacoco-maven-plugin/0.8.10/jacoco-maven-plugin-0.8.10.jar
[f1979121-4a11-4b1e-a300-ac55b4d1270a/build]   | [INFO] Downloaded from central: https://repo.maven.apache.org/maven2/org/jacoco/jacoco-maven-plugin/0.8.10/jacoco-maven-plugin-0.8.10.jar (56 kB at 1.3 MB/s)
[f1979121-4a11-4b1e-a300-ac55b4d1270a/build]   | [INFO] Downloading from central: https://repo.maven.apache.org/maven2/org/apache/maven/plugins/maven-resources-plugin/2.6/maven-resources-plugin-2.6.pom
[f1979121-4a11-4b1e-a300-ac55b4d1270a/build]   | [INFO] Downloaded from central: https://repo.maven.apache.org/maven2/org/apache/maven/plugins/maven-resources-plugin/2.6/maven-resources-plugin-2.6.pom (8.1 kB at 225 kB/s)
[f1979121-4a11-4b1e-a300-ac55b4d1270a/build]   | [INFO] Downloading from central: https://repo.maven.apache.org/maven2/org/apache/maven/plugins/maven-plugins/23/maven-plugins-23.pom
[f1979121-4a11-4b1e-a300-ac55b4d1270a/build]   | [INFO] Downloaded from central: https://repo.maven.apache.org/maven2/org/apache/maven/plugins/maven-plugins/23/maven-plugins-23.pom (9.2 kB at 418 kB/s)
[f1979121-4a11-4b1e-a300-ac55b4d1270a/build]   | [INFO] Downloading from central: https://repo.maven.apache.org/maven2/org/apache/maven/maven-parent/22/maven-parent-22.pom
[f1979121-4a11-4b1e-a300-ac55b4d1270a/build]   | [INFO] Downloaded from central: https://repo.maven.apache.org/maven2/org/apache/maven/maven-parent/22/maven-parent-22.pom (30 kB at 1.2 MB/s)
[f1979121-4a11-4b1e-a300-ac55b4d1270a/build]   | [INFO] Downloading from central: https://repo.maven.apache.org/maven2/org/apache/apache/11/apache-11.pom
[f1979121-4a11-4b1e-a300-ac55b4d1270a/build]   | [INFO] Downloaded from central: https://repo.maven.apache.org/maven2/org/apache/apache/11/apache-11.pom (15 kB at 529 kB/s)
[f1979121-4a11-4b1e-a300-ac55b4d1270a/build]   | [INFO] Downloading from central: https://repo.maven.apache.org/maven2/org/apache/maven/plugins/maven-resources-plugin/2.6/maven-resources-plugin-2.6.jar
[f1979121-4a11-4b1e-a300-ac55b4d1270a/build]   | [INFO] Downloaded from central: https://repo.maven.apache.org/maven2/org/apache/maven/plugins/maven-resources-plugin/2.6/maven-resources-plugin-2.6.jar (30 kB at 1.1 MB/s)
[f1979121-4a11-4b1e-a300-ac55b4d1270a/build]   | [INFO] Downloading from central: https://repo.maven.apache.org/maven2/org/apache/maven/plugins/maven-compiler-plugin/3.11.0/maven-compiler-plugin-3.11.0.pom
[f1979121-4a11-4b1e-a300-ac55b4d1270a/build]   | [INFO] Downloaded from central: https://repo.maven.apache.org/maven2/org/apache/maven/plugins/maven-compiler-plugin/3.11.0/maven-compiler-plugin-3.11.0.pom (9.8 kB at 327 kB/s)
[f1979121-4a11-4b1e-a300-ac55b4d1270a/build]   | [INFO] Downloading from central: https://repo.maven.apache.org/maven2/org/apache/maven/plugins/maven-plugins/39/maven-plugins-39.pom
[f1979121-4a11-4b1e-a300-ac55b4d1270a/build]   | [INFO] Downloaded from central: https://repo.maven.apache.org/maven2/org/apache/maven/plugins/maven-plugins/39/maven-plugins-39.pom (8.1 kB at 300 kB/s)
[f1979121-4a11-4b1e-a300-ac55b4d1270a/build]   | [INFO] Downloading from central: https://repo.maven.apache.org/maven2/org/apache/maven/maven-parent/39/maven-parent-39.pom
[f1979121-4a11-4b1e-a300-ac55b4d1270a/build]   | [INFO] Downloaded from central: https://repo.maven.apache.org/maven2/org/apache/maven/maven-parent/39/maven-parent-39.pom (48 kB at 1.1 MB/s)
[f1979121-4a11-4b1e-a300-ac55b4d1270a/build]   | [INFO] Downloading from central: https://repo.maven.apache.org/maven2/org/apache/apache/29/apache-29.pom
[f1979121-4a11-4b1e-a300-ac55b4d1270a/build]   | [INFO] Downloaded from central: https://repo.maven.apache.org/maven2/org/apache/apache/29/apache-29.pom (21 kB at 592 kB/s)
[f1979121-4a11-4b1e-a300-ac55b4d1270a/build]   | [INFO] Downloading from central: https://repo.maven.apache.org/maven2/org/apache/maven/plugins/maven-compiler-plugin/3.11.0/maven-compiler-plugin-3.11.0.jar
[f1979121-4a11-4b1e-a300-ac55b4d1270a/build]   | [INFO] Downloaded from central: https://repo.maven.apache.org/maven2/org/apache/maven/plugins/maven-compiler-plugin/3.11.0/maven-compiler-plugin-3.11.0.jar (66 kB at 1.5 MB/s)
[f1979121-4a11-4b1e-a300-ac55b4d1270a/build]   | [INFO] Downloading from central: https://repo.maven.apache.org/maven2/org/apache/maven/plugins/maven-surefire-plugin/3.1.2/maven-surefire-plugin-3.1.2.pom
[f1979121-4a11-4b1e-a300-ac55b4d1270a/build]   | [INFO] Downloaded from central: https://repo.maven.apache.org/maven2/org/apache/maven/plugins/maven-surefire-plugin/3.1.2/maven-surefire-plugin-3.1.2.pom (5.5 kB at 151 kB/s)
[f1979121-4a11-4b1e-a300-ac55b4d1270a/build]   | [INFO] Downloading from central: https://repo.maven.apache.org/maven2/org/apache/maven/surefire/surefire/3.1.2/surefire-3.1.2.pom
[f1979121-4a11-4b1e-a300-ac55b4d1270a/build]   | [INFO] Downloaded from central: https://repo.maven.apache.org/maven2/org/apache/maven/surefire/surefire/3.1.2/surefire-3.1.2.pom (22 kB at 712 kB/s)
[f1979121-4a11-4b1e-a300-ac55b4d1270a/build]   | [INFO] Downloading from central: https://repo.maven.apache.org/maven2/org/apache/maven/plugins/maven-surefire-plugin/3.1.2/maven-surefire-plugin-3.1.2.jar
[f1979121-4a11-4b1e-a300-ac55b4d1270a/build]   | [INFO] Downloaded from central: https://repo.maven.apache.org/maven2/org/apache/maven/plugins/maven-surefire-plugin/3.1.2/maven-surefire-plugin-3.1.2.jar (43 kB at 1.4 MB/s)
[f1979121-4a11-4b1e-a300-ac55b4d1270a/build]   | [INFO] Downloading from central: https://repo.maven.apache.org/maven2/org/apache/maven/plugins/maven-jar-plugin/2.4/maven-jar-plugin-2.4.pom
[f1979121-4a11-4b1e-a300-ac55b4d1270a/build]   | [INFO] Downloaded from central: https://repo.maven.apache.org/maven2/org/apache/maven/plugins/maven-jar-plugin/2.4/maven-jar-plugin-2.4.pom (5.8 kB at 224 kB/s)
[f1979121-4a11-4b1e-a300-ac55b4d1270a/build]   | [INFO] Downloading from central: https://repo.maven.apache.org/maven2/org/apache/maven/plugins/maven-plugins/22/maven-plugins-22.pom
[f1979121-4a11-4b1e-a300-ac55b4d1270a/build]   | [INFO] Downloaded from central: https://repo.maven.apache.org/maven2/org/apache/maven/plugins/maven-plugins/22/maven-plugins-22.pom (13 kB at 543 kB/s)
[f1979121-4a11-4b1e-a300-ac55b4d1270a/build]   | [INFO] Downloading from central: https://repo.maven.apache.org/maven2/org/apache/maven/maven-parent/21/maven-parent-21.pom
[f1979121-4a11-4b1e-a300-ac55b4d1270a/build]   | [INFO] Downloaded from central: https://repo.maven.apache.org/maven2/org/apache/maven/maven-parent/21/maven-parent-21.pom (26 kB at 2.2 MB/s)
[f1979121-4a11-4b1e-a300-ac55b4d1270a/build]   | [INFO] Downloading from central: https://repo.maven.apache.org/maven2/org/apache/apache/10/apache-10.pom
[f1979121-4a11-4b1e-a300-ac55b4d1270a/build]   | [INFO] Downloaded from central: https://repo.maven.apache.org/maven2/org/apache/apache/10/apache-10.pom (15 kB at 462 kB/s)
[f1979121-4a11-4b1e-a300-ac55b4d1270a/build]   | [INFO] Downloading from central: https://repo.maven.apache.org/maven2/org/apache/maven/plugins/maven-jar-plugin/2.4/maven-jar-plugin-2.4.jar
[f1979121-4a11-4b1e-a300-ac55b4d1270a/build]   | [INFO] Downloaded from central: https://repo.maven.apache.org/maven2/org/apache/maven/plugins/maven-jar-plugin/2.4/maven-jar-plugin-2.4.jar (34 kB at 1.2 MB/s)
[f1979121-4a11-4b1e-a300-ac55b4d1270a/build]   | [INFO] Downloading from central: https://repo.maven.apache.org/maven2/org/yaml/snakeyaml/2.2/snakeyaml-2.2.pom
[f1979121-4a11-4b1e-a300-ac55b4d1270a/build]   | [INFO] Downloaded from central: https://repo.maven.apache.org/maven2/org/yaml/snakeyaml/2.2/snakeyaml-2.2.pom (21 kB at 1.9 MB/s)
[f1979121-4a11-4b1e-a300-ac55b4d1270a/build]   | [INFO] Downloading from central: https://repo.maven.apache.org/maven2/ch/jalu/typeresolver/0.1.0/typeresolver-0.1.0.pom
[f1979121-4a11-4b1e-a300-ac55b4d1270a/build]   | [INFO] Downloaded from central: https://repo.maven.apache.org/maven2/ch/jalu/typeresolver/0.1.0/typeresolver-0.1.0.pom (7.1 kB at 544 kB/s)
[f1979121-4a11-4b1e-a300-ac55b4d1270a/build]   | [INFO] Downloading from central: https://repo.maven.apache.org/maven2/org/jetbrains/annotations/24.0.1/annotations-24.0.1.pom
[f1979121-4a11-4b1e-a300-ac55b4d1270a/build]   | [INFO] Downloaded from central: https://repo.maven.apache.org/maven2/org/jetbrains/annotations/24.0.1/annotations-24.0.1.pom (1.3 kB at 28 kB/s)
[f1979121-4a11-4b1e-a300-ac55b4d1270a/build]   | [INFO] Downloading from central: https://repo.maven.apache.org/maven2/org/junit/jupiter/junit-jupiter-engine/5.10.0/junit-jupiter-engine-5.10.0.pom
[f1979121-4a11-4b1e-a300-ac55b4d1270a/build]   | [INFO] Downloaded from central: https://repo.maven.apache.org/maven2/org/junit/jupiter/junit-jupiter-engine/5.10.0/junit-jupiter-engine-5.10.0.pom (3.2 kB at 89 kB/s)
[f1979121-4a11-4b1e-a300-ac55b4d1270a/build]   | [INFO] Downloading from central: https://repo.maven.apache.org/maven2/org/junit/junit-bom/5.10.0/junit-bom-5.10.0.pom
[f1979121-4a11-4b1e-a300-ac55b4d1270a/build]   | [INFO] Downloaded from central: https://repo.maven.apache.org/maven2/org/junit/junit-bom/5.10.0/junit-bom-5.10.0.pom (5.6 kB at 565 kB/s)
[f1979121-4a11-4b1e-a300-ac55b4d1270a/build]   | [INFO] Downloading from central: https://repo.maven.apache.org/maven2/org/junit/platform/junit-platform-engine/1.10.0/junit-platform-engine-1.10.0.pom
[f1979121-4a11-4b1e-a300-ac55b4d1270a/build]   | [INFO] Downloaded from central: https://repo.maven.apache.org/maven2/org/junit/platform/junit-platform-engine/1.10.0/junit-platform-engine-1.10.0.pom (3.2 kB at 247 kB/s)
[f1979121-4a11-4b1e-a300-ac55b4d1270a/build]   | [INFO] Downloading from central: https://repo.maven.apache.org/maven2/org/opentest4j/opentest4j/1.3.0/opentest4j-1.3.0.pom
[f1979121-4a11-4b1e-a300-ac55b4d1270a/build]   | [INFO] Downloaded from central: https://repo.maven.apache.org/maven2/org/opentest4j/opentest4j/1.3.0/opentest4j-1.3.0.pom (2.0 kB at 32 kB/s)
[f1979121-4a11-4b1e-a300-ac55b4d1270a/build]   | [INFO] Downloading from central: https://repo.maven.apache.org/maven2/org/junit/platform/junit-platform-commons/1.10.0/junit-platform-commons-1.10.0.pom
[f1979121-4a11-4b1e-a300-ac55b4d1270a/build]   | [INFO] Downloaded from central: https://repo.maven.apache.org/maven2/org/junit/platform/junit-platform-commons/1.10.0/junit-platform-commons-1.10.0.pom (2.8 kB at 101 kB/s)
[f1979121-4a11-4b1e-a300-ac55b4d1270a/build]   | [INFO] Downloading from central: https://repo.maven.apache.org/maven2/org/apiguardian/apiguardian-api/1.1.2/apiguardian-api-1.1.2.pom
[f1979121-4a11-4b1e-a300-ac55b4d1270a/build]   | [INFO] Downloaded from central: https://repo.maven.apache.org/maven2/org/apiguardian/apiguardian-api/1.1.2/apiguardian-api-1.1.2.pom (1.5 kB at 42 kB/s)
[f1979121-4a11-4b1e-a300-ac55b4d1270a/build]   | [INFO] Downloading from central: https://repo.maven.apache.org/maven2/org/junit/jupiter/junit-jupiter-api/5.10.0/junit-jupiter-api-5.10.0.pom
[f1979121-4a11-4b1e-a300-ac55b4d1270a/build]   | [INFO] Downloaded from central: https://repo.maven.apache.org/maven2/org/junit/jupiter/junit-jupiter-api/5.10.0/junit-jupiter-api-5.10.0.pom (3.2 kB at 245 kB/s)
[f1979121-4a11-4b1e-a300-ac55b4d1270a/build]   | [INFO] Downloading from central: https://repo.maven.apache.org/maven2/org/junit/jupiter/junit-jupiter-params/5.10.0/junit-jupiter-params-5.10.0.pom
[f1979121-4a11-4b1e-a300-ac55b4d1270a/build]   | [INFO] Downloaded from central: https://repo.maven.apache.org/maven2/org/junit/jupiter/junit-jupiter-params/5.10.0/junit-jupiter-params-5.10.0.pom (3.0 kB at 125 kB/s)
[f1979121-4a11-4b1e-a300-ac55b4d1270a/build]   | [INFO] Downloading from central: https://repo.maven.apache.org/maven2/org/hamcrest/java-hamcrest/2.0.0.0/java-hamcrest-2.0.0.0.pom
[f1979121-4a11-4b1e-a300-ac55b4d1270a/build]   | [INFO] Downloaded from central: https://repo.maven.apache.org/maven2/org/hamcrest/java-hamcrest/2.0.0.0/java-hamcrest-2.0.0.0.pom (1.3 kB at 110 kB/s)
[f1979121-4a11-4b1e-a300-ac55b4d1270a/build]   | [INFO] Downloading from central: https://repo.maven.apache.org/maven2/org/mockito/mockito-core/4.11.0/mockito-core-4.11.0.pom
[f1979121-4a11-4b1e-a300-ac55b4d1270a/build]   | [INFO] Downloaded from central: https://repo.maven.apache.org/maven2/org/mockito/mockito-core/4.11.0/mockito-core-4.11.0.pom (2.5 kB at 278 kB/s)
[f1979121-4a11-4b1e-a300-ac55b4d1270a/build]   | [INFO] Downloading from central: https://repo.maven.apache.org/maven2/net/bytebuddy/byte-buddy/1.12.19/byte-buddy-1.12.19.pom
[f1979121-4a11-4b1e-a300-ac55b4d1270a/build]   | [INFO] Downloaded from central: https://repo.maven.apache.org/maven2/net/bytebuddy/byte-buddy/1.12.19/byte-buddy-1.12.19.pom (16 kB at 1.2 MB/s)
[f1979121-4a11-4b1e-a300-ac55b4d1270a/build]   | [INFO] Downloading from central: https://repo.maven.apache.org/maven2/net/bytebuddy/byte-buddy-parent/1.12.19/byte-buddy-parent-1.12.19.pom
[f1979121-4a11-4b1e-a300-ac55b4d1270a/build]   | [INFO] Downloaded from central: https://repo.maven.apache.org/maven2/net/bytebuddy/byte-buddy-parent/1.12.19/byte-buddy-parent-1.12.19.pom (58 kB at 4.2 MB/s)
[f1979121-4a11-4b1e-a300-ac55b4d1270a/build]   | [INFO] Downloading from central: https://repo.maven.apache.org/maven2/net/bytebuddy/byte-buddy-agent/1.12.19/byte-buddy-agent-1.12.19.pom
[f1979121-4a11-4b1e-a300-ac55b4d1270a/build]   | [INFO] Downloaded from central: https://repo.maven.apache.org/maven2/net/bytebuddy/byte-buddy-agent/1.12.19/byte-buddy-agent-1.12.19.pom (10 kB at 1.2 MB/s)
[f1979121-4a11-4b1e-a300-ac55b4d1270a/build]   | [INFO] Downloading from central: https://repo.maven.apache.org/maven2/org/objenesis/objenesis/3.3/objenesis-3.3.pom
[f1979121-4a11-4b1e-a300-ac55b4d1270a/build]   | [INFO] Downloaded from central: https://repo.maven.apache.org/maven2/org/objenesis/objenesis/3.3/objenesis-3.3.pom (3.0 kB at 334 kB/s)
[f1979121-4a11-4b1e-a300-ac55b4d1270a/build]   | [INFO] Downloading from central: https://repo.maven.apache.org/maven2/org/objenesis/objenesis-parent/3.3/objenesis-parent-3.3.pom
[f1979121-4a11-4b1e-a300-ac55b4d1270a/build]   | [INFO] Downloaded from central: https://repo.maven.apache.org/maven2/org/objenesis/objenesis-parent/3.3/objenesis-parent-3.3.pom (19 kB at 737 kB/s)
[f1979121-4a11-4b1e-a300-ac55b4d1270a/build]   | [INFO] Downloading from central: https://repo.maven.apache.org/maven2/org/mockito/mockito-junit-jupiter/4.11.0/mockito-junit-jupiter-4.11.0.pom
[f1979121-4a11-4b1e-a300-ac55b4d1270a/build]   | [INFO] Downloaded from central: https://repo.maven.apache.org/maven2/org/mockito/mockito-junit-jupiter/4.11.0/mockito-junit-jupiter-4.11.0.pom (2.3 kB at 193 kB/s)
[f1979121-4a11-4b1e-a300-ac55b4d1270a/build]   | [INFO] Downloading from central: https://repo.maven.apache.org/maven2/org/junit/jupiter/junit-jupiter-api/5.9.1/junit-jupiter-api-5.9.1.pom
[f1979121-4a11-4b1e-a300-ac55b4d1270a/build]   | [INFO] Downloaded from central: https://repo.maven.apache.org/maven2/org/junit/jupiter/junit-jupiter-api/5.9.1/junit-jupiter-api-5.9.1.pom (3.2 kB at 245 kB/s)
[f1979121-4a11-4b1e-a300-ac55b4d1270a/build]   | [INFO] Downloading from central: https://repo.maven.apache.org/maven2/org/junit/junit-bom/5.9.1/junit-bom-5.9.1.pom
[f1979121-4a11-4b1e-a300-ac55b4d1270a/build]   | [INFO] Downloaded from central: https://repo.maven.apache.org/maven2/org/junit/junit-bom/5.9.1/junit-bom-5.9.1.pom (5.6 kB at 469 kB/s)
[f1979121-4a11-4b1e-a300-ac55b4d1270a/build]   | [INFO] Downloading from central: https://repo.maven.apache.org/maven2/org/opentest4j/opentest4j/1.2.0/opentest4j-1.2.0.pom
[f1979121-4a11-4b1e-a300-ac55b4d1270a/build]   | [INFO] Downloaded from central: https://repo.maven.apache.org/maven2/org/opentest4j/opentest4j/1.2.0/opentest4j-1.2.0.pom (1.7 kB at 168 kB/s)
[f1979121-4a11-4b1e-a300-ac55b4d1270a/build]   | [INFO] Downloading from central: https://repo.maven.apache.org/maven2/org/junit/platform/junit-platform-commons/1.9.1/junit-platform-commons-1.9.1.pom
[f1979121-4a11-4b1e-a300-ac55b4d1270a/build]   | [INFO] Downloaded from central: https://repo.maven.apache.org/maven2/org/junit/platform/junit-platform-commons/1.9.1/junit-platform-commons-1.9.1.pom (2.8 kB at 283 kB/s)
[f1979121-4a11-4b1e-a300-ac55b4d1270a/build]   | [INFO] Downloading from central: https://repo.maven.apache.org/maven2/org/yaml/snakeyaml/2.2/snakeyaml-2.2.jar
[f1979121-4a11-4b1e-a300-ac55b4d1270a/build]   | [INFO] Downloading from central: https://repo.maven.apache.org/maven2/org/junit/platform/junit-platform-engine/1.10.0/junit-platform-engine-1.10.0.jar
[f1979121-4a11-4b1e-a300-ac55b4d1270a/build]   | [INFO] Downloading from central: https://repo.maven.apache.org/maven2/org/junit/jupiter/junit-jupiter-engine/5.10.0/junit-jupiter-engine-5.10.0.jar
[f1979121-4a11-4b1e-a300-ac55b4d1270a/build]   | [INFO] Downloading from central: https://repo.maven.apache.org/maven2/org/jetbrains/annotations/24.0.1/annotations-24.0.1.jar
[f1979121-4a11-4b1e-a300-ac55b4d1270a/build]   | [INFO] Downloading from central: https://repo.maven.apache.org/maven2/ch/jalu/typeresolver/0.1.0/typeresolver-0.1.0.jar
[f1979121-4a11-4b1e-a300-ac55b4d1270a/build]   | [INFO] Downloaded from central: https://repo.maven.apache.org/maven2/org/jetbrains/annotations/24.0.1/annotations-24.0.1.jar (31 kB at 426 kB/s)
[f1979121-4a11-4b1e-a300-ac55b4d1270a/build]   | [INFO] Downloading from central: https://repo.maven.apache.org/maven2/org/opentest4j/opentest4j/1.3.0/opentest4j-1.3.0.jar
[f1979121-4a11-4b1e-a300-ac55b4d1270a/build]   | [INFO] Downloaded from central: https://repo.maven.apache.org/maven2/org/junit/platform/junit-platform-engine/1.10.0/junit-platform-engine-1.10.0.jar (205 kB at 1.4 MB/s)
[f1979121-4a11-4b1e-a300-ac55b4d1270a/build]   | [INFO] Downloading from central: https://repo.maven.apache.org/maven2/org/junit/platform/junit-platform-commons/1.10.0/junit-platform-commons-1.10.0.jar
[f1979121-4a11-4b1e-a300-ac55b4d1270a/build]   | [INFO] Downloaded from central: https://repo.maven.apache.org/maven2/org/opentest4j/opentest4j/1.3.0/opentest4j-1.3.0.jar (14 kB at 94 kB/s)
[f1979121-4a11-4b1e-a300-ac55b4d1270a/build]   | [INFO] Downloading from central: https://repo.maven.apache.org/maven2/org/junit/jupiter/junit-jupiter-api/5.10.0/junit-jupiter-api-5.10.0.jar
[f1979121-4a11-4b1e-a300-ac55b4d1270a/build]   | [INFO] Downloaded from central: https://repo.maven.apache.org/maven2/org/junit/jupiter/junit-jupiter-engine/5.10.0/junit-jupiter-engine-5.10.0.jar (244 kB at 1.4 MB/s)
[f1979121-4a11-4b1e-a300-ac55b4d1270a/build]   | [INFO] Downloading from central: https://repo.maven.apache.org/maven2/org/apiguardian/apiguardian-api/1.1.2/apiguardian-api-1.1.2.jar
[f1979121-4a11-4b1e-a300-ac55b4d1270a/build]   | [INFO] Downloaded from central: https://repo.maven.apache.org/maven2/ch/jalu/typeresolver/0.1.0/typeresolver-0.1.0.jar (76 kB at 426 kB/s)
[f1979121-4a11-4b1e-a300-ac55b4d1270a/build]   | [INFO] Downloading from central: https://repo.maven.apache.org/maven2/org/junit/jupiter/junit-jupiter-params/5.10.0/junit-jupiter-params-5.10.0.jar
[f1979121-4a11-4b1e-a300-ac55b4d1270a/build]   | [INFO] Downloaded from central: https://repo.maven.apache.org/maven2/org/yaml/snakeyaml/2.2/snakeyaml-2.2.jar (334 kB at 1.8 MB/s)
[f1979121-4a11-4b1e-a300-ac55b4d1270a/build]   | [INFO] Downloading from central: https://repo.maven.apache.org/maven2/org/hamcrest/java-hamcrest/2.0.0.0/java-hamcrest-2.0.0.0.jar
[f1979121-4a11-4b1e-a300-ac55b4d1270a/build]   | [INFO] Downloaded from central: https://repo.maven.apache.org/maven2/org/junit/platform/junit-platform-commons/1.10.0/junit-platform-commons-1.10.0.jar (106 kB at 571 kB/s)
[f1979121-4a11-4b1e-a300-ac55b4d1270a/build]   | [INFO] Downloading from central: https://repo.maven.apache.org/maven2/org/mockito/mockito-core/4.11.0/mockito-core-4.11.0.jar
[f1979121-4a11-4b1e-a300-ac55b4d1270a/build]   | [INFO] Downloaded from central: https://repo.maven.apache.org/maven2/org/junit/jupiter/junit-jupiter-api/5.10.0/junit-jupiter-api-5.10.0.jar (211 kB at 1.1 MB/s)
[f1979121-4a11-4b1e-a300-ac55b4d1270a/build]   | [INFO] Downloading from central: https://repo.maven.apache.org/maven2/net/bytebuddy/byte-buddy/1.12.19/byte-buddy-1.12.19.jar
[f1979121-4a11-4b1e-a300-ac55b4d1270a/build]   | [INFO] Downloaded from central: https://repo.maven.apache.org/maven2/org/apiguardian/apiguardian-api/1.1.2/apiguardian-api-1.1.2.jar (6.8 kB at 36 kB/s)
[f1979121-4a11-4b1e-a300-ac55b4d1270a/build]   | [INFO] Downloading from central: https://repo.maven.apache.org/maven2/net/bytebuddy/byte-buddy-agent/1.12.19/byte-buddy-agent-1.12.19.jar
[f1979121-4a11-4b1e-a300-ac55b4d1270a/build]   | [INFO] Downloaded from central: https://repo.maven.apache.org/maven2/org/hamcrest/java-hamcrest/2.0.0.0/java-hamcrest-2.0.0.0.jar (113 kB at 443 kB/s)
[f1979121-4a11-4b1e-a300-ac55b4d1270a/build]   | [INFO] Downloading from central: https://repo.maven.apache.org/maven2/org/objenesis/objenesis/3.3/objenesis-3.3.jar
[f1979121-4a11-4b1e-a300-ac55b4d1270a/build]   | [INFO] Downloaded from central: https://repo.maven.apache.org/maven2/org/junit/jupiter/junit-jupiter-params/5.10.0/junit-jupiter-params-5.10.0.jar (586 kB at 2.3 MB/s)
[f1979121-4a11-4b1e-a300-ac55b4d1270a/build]   | [INFO] Downloading from central: https://repo.maven.apache.org/maven2/org/mockito/mockito-junit-jupiter/4.11.0/mockito-junit-jupiter-4.11.0.jar
[f1979121-4a11-4b1e-a300-ac55b4d1270a/build]   | [INFO] Downloaded from central: https://repo.maven.apache.org/maven2/org/objenesis/objenesis/3.3/objenesis-3.3.jar (49 kB at 168 kB/s)
[f1979121-4a11-4b1e-a300-ac55b4d1270a/build]   | [INFO] Downloaded from central: https://repo.maven.apache.org/maven2/org/mockito/mockito-junit-jupiter/4.11.0/mockito-junit-jupiter-4.11.0.jar (5.4 kB at 18 kB/s)
[f1979121-4a11-4b1e-a300-ac55b4d1270a/build]   | [INFO] Downloaded from central: https://repo.maven.apache.org/maven2/net/bytebuddy/byte-buddy-agent/1.12.19/byte-buddy-agent-1.12.19.jar (256 kB at 768 kB/s)
[f1979121-4a11-4b1e-a300-ac55b4d1270a/build]   | [INFO] Downloaded from central: https://repo.maven.apache.org/maven2/org/mockito/mockito-core/4.11.0/mockito-core-4.11.0.jar (685 kB at 2.0 MB/s)
[f1979121-4a11-4b1e-a300-ac55b4d1270a/build]   | [INFO] Downloaded from central: https://repo.maven.apache.org/maven2/net/bytebuddy/byte-buddy/1.12.19/byte-buddy-1.12.19.jar (4.0 MB at 7.9 MB/s)
[f1979121-4a11-4b1e-a300-ac55b4d1270a/build]   | [INFO] 
[f1979121-4a11-4b1e-a300-ac55b4d1270a/build]   | [INFO] --- jacoco-maven-plugin:0.8.10:prepare-agent (prepare-agent) @ configme ---
[f1979121-4a11-4b1e-a300-ac55b4d1270a/build]   | [INFO] Downloading from central: https://repo.maven.apache.org/maven2/org/codehaus/plexus/plexus-utils/3.0.24/plexus-utils-3.0.24.pom
[f1979121-4a11-4b1e-a300-ac55b4d1270a/build]   | [INFO] Downloaded from central: https://repo.maven.apache.org/maven2/org/codehaus/plexus/plexus-utils/3.0.24/plexus-utils-3.0.24.pom (4.1 kB at 159 kB/s)
[f1979121-4a11-4b1e-a300-ac55b4d1270a/build]   | [INFO] Downloading from central: https://repo.maven.apache.org/maven2/org/codehaus/plexus/plexus/4.0/plexus-4.0.pom
[f1979121-4a11-4b1e-a300-ac55b4d1270a/build]   | [INFO] Downloaded from central: https://repo.maven.apache.org/maven2/org/codehaus/plexus/plexus/4.0/plexus-4.0.pom (22 kB at 717 kB/s)
[f1979121-4a11-4b1e-a300-ac55b4d1270a/build]   | [INFO] Downloading from central: https://repo.maven.apache.org/maven2/org/sonatype/forge/forge-parent/10/forge-parent-10.pom
[f1979121-4a11-4b1e-a300-ac55b4d1270a/build]   | [INFO] Downloaded from central: https://repo.maven.apache.org/maven2/org/sonatype/forge/forge-parent/10/forge-parent-10.pom (14 kB at 452 kB/s)
[f1979121-4a11-4b1e-a300-ac55b4d1270a/build]   | [INFO] Downloading from central: https://repo.maven.apache.org/maven2/org/apache/maven/shared/file-management/1.2.1/file-management-1.2.1.pom
[f1979121-4a11-4b1e-a300-ac55b4d1270a/build]   | [INFO] Downloaded from central: https://repo.maven.apache.org/maven2/org/apache/maven/shared/file-management/1.2.1/file-management-1.2.1.pom (3.9 kB at 388 kB/s)
[f1979121-4a11-4b1e-a300-ac55b4d1270a/build]   | [INFO] Downloading from central: https://repo.maven.apache.org/maven2/org/apache/maven/shared/maven-shared-components/10/maven-shared-components-10.pom
[f1979121-4a11-4b1e-a300-ac55b4d1270a/build]   | [INFO] Downloaded from central: https://repo.maven.apache.org/maven2/org/apache/maven/shared/maven-shared-components/10/maven-shared-components-10.pom (8.4 kB at 937 kB/s)
[f1979121-4a11-4b1e-a300-ac55b4d1270a/build]   | [INFO] Downloading from central: https://repo.maven.apache.org/maven2/org/apache/maven/maven-parent/9/maven-parent-9.pom
[f1979121-4a11-4b1e-a300-ac55b4d1270a/build]   | [INFO] Downloaded from central: https://repo.maven.apache.org/maven2/org/apache/maven/maven-parent/9/maven-parent-9.pom (33 kB at 4.1 MB/s)
[f1979121-4a11-4b1e-a300-ac55b4d1270a/build]   | [INFO] Downloading from central: https://repo.maven.apache.org/maven2/org/apache/apache/4/apache-4.pom
[f1979121-4a11-4b1e-a300-ac55b4d1270a/build]   | [INFO] Downloaded from central: https://repo.maven.apache.org/maven2/org/apache/apache/4/apache-4.pom (4.5 kB at 499 kB/s)
[f1979121-4a11-4b1e-a300-ac55b4d1270a/build]   | [INFO] Downloading from central: https://repo.maven.apache.org/maven2/org/apache/maven/maven-plugin-api/2.0.6/maven-plugin-api-2.0.6.pom
[f1979121-4a11-4b1e-a300-ac55b4d1270a/build]   | [INFO] Downloaded from central: https://repo.maven.apache.org/maven2/org/apache/maven/maven-plugin-api/2.0.6/maven-plugin-api-2.0.6.pom (1.5 kB at 182 kB/s)
[f1979121-4a11-4b1e-a300-ac55b4d1270a/build]   | [INFO] Downloading from central: https://repo.maven.apache.org/maven2/org/apache/maven/maven/2.0.6/maven-2.0.6.pom
[f1979121-4a11-4b1e-a300-ac55b4d1270a/build]   | [INFO] Downloaded from central: https://repo.maven.apache.org/maven2/org/apache/maven/maven/2.0.6/maven-2.0.6.pom (9.0 kB at 822 kB/s)
[f1979121-4a11-4b1e-a300-ac55b4d1270a/build]   | [INFO] Downloading from central: https://repo.maven.apache.org/maven2/org/apache/maven/maven-parent/5/maven-parent-5.pom
[f1979121-4a11-4b1e-a300-ac55b4d1270a/build]   | [INFO] Downloaded from central: https://repo.maven.apache.org/maven2/org/apache/maven/maven-parent/5/maven-parent-5.pom (15 kB at 2.2 MB/s)
[f1979121-4a11-4b1e-a300-ac55b4d1270a/build]   | [INFO] Downloading from central: https://repo.maven.apache.org/maven2/org/apache/apache/3/apache-3.pom
[f1979121-4a11-4b1e-a300-ac55b4d1270a/build]   | [INFO] Downloaded from central: https://repo.maven.apache.org/maven2/org/apache/apache/3/apache-3.pom (3.4 kB at 490 kB/s)
[f1979121-4a11-4b1e-a300-ac55b4d1270a/build]   | [INFO] Downloading from central: https://repo.maven.apache.org/maven2/org/apache/maven/shared/maven-shared-io/1.1/maven-shared-io-1.1.pom
[f1979121-4a11-4b1e-a300-ac55b4d1270a/build]   | [INFO] Downloaded from central: https://repo.maven.apache.org/maven2/org/apache/maven/shared/maven-shared-io/1.1/maven-shared-io-1.1.pom (4.1 kB at 369 kB/s)
[f1979121-4a11-4b1e-a300-ac55b4d1270a/build]   | [INFO] Downloading from central: https://repo.maven.apache.org/maven2/org/apache/maven/shared/maven-shared-components/8/maven-shared-components-8.pom
[f1979121-4a11-4b1e-a300-ac55b4d1270a/build]   | [INFO] Downloaded from central: https://repo.maven.apache.org/maven2/org/apache/maven/shared/maven-shared-components/8/maven-shared-components-8.pom (2.7 kB at 334 kB/s)
[f1979121-4a11-4b1e-a300-ac55b4d1270a/build]   | [INFO] Downloading from central: https://repo.maven.apache.org/maven2/org/apache/maven/maven-parent/7/maven-parent-7.pom
[f1979121-4a11-4b1e-a300-ac55b4d1270a/build]   | [INFO] Downloaded from central: https://repo.maven.apache.org/maven2/org/apache/maven/maven-parent/7/maven-parent-7.pom (21 kB at 1.9 MB/s)
[f1979121-4a11-4b1e-a300-ac55b4d1270a/build]   | [INFO] Downloading from central: https://repo.maven.apache.org/maven2/org/apache/maven/maven-artifact/2.0.2/maven-artifact-2.0.2.pom
[f1979121-4a11-4b1e-a300-ac55b4d1270a/build]   | [INFO] Downloaded from central: https://repo.maven.apache.org/maven2/org/apache/maven/maven-artifact/2.0.2/maven-artifact-2.0.2.pom (765 B at 85 kB/s)
[f1979121-4a11-4b1e-a300-ac55b4d1270a/build]   | [INFO] Downloading from central: https://repo.maven.apache.org/maven2/org/apache/maven/maven/2.0.2/maven-2.0.2.pom
[f1979121-4a11-4b1e-a300-ac55b4d1270a/build]   | [INFO] Downloaded from central: https://repo.maven.apache.org/maven2/org/apache/maven/maven/2.0.2/maven-2.0.2.pom (13 kB at 1.0 MB/s)
[f1979121-4a11-4b1e-a300-ac55b4d1270a/build]   | [INFO] Downloading from central: https://repo.maven.apache.org/maven2/org/codehaus/plexus/plexus-utils/1.1/plexus-utils-1.1.pom
[f1979121-4a11-4b1e-a300-ac55b4d1270a/build]   | [INFO] Downloaded from central: https://repo.maven.apache.org/maven2/org/codehaus/plexus/plexus-utils/1.1/plexus-utils-1.1.pom (767 B at 59 kB/s)
[f1979121-4a11-4b1e-a300-ac55b4d1270a/build]   | [INFO] Downloading from central: https://repo.maven.apache.org/maven2/org/codehaus/plexus/plexus/1.0.4/plexus-1.0.4.pom
[f1979121-4a11-4b1e-a300-ac55b4d1270a/build]   | [INFO] Downloaded from central: https://repo.maven.apache.org/maven2/org/codehaus/plexus/plexus/1.0.4/plexus-1.0.4.pom (5.7 kB at 820 kB/s)
[f1979121-4a11-4b1e-a300-ac55b4d1270a/build]   | [INFO] Downloading from central: https://repo.maven.apache.org/maven2/org/apache/maven/maven-artifact-manager/2.0.2/maven-artifact-manager-2.0.2.pom
[f1979121-4a11-4b1e-a300-ac55b4d1270a/build]   | [INFO] Downloaded from central: https://repo.maven.apache.org/maven2/org/apache/maven/maven-artifact-manager/2.0.2/maven-artifact-manager-2.0.2.pom (1.4 kB at 232 kB/s)
[f1979121-4a11-4b1e-a300-ac55b4d1270a/build]   | [INFO] Downloading from central: https://repo.maven.apache.org/maven2/org/apache/maven/maven-repository-metadata/2.0.2/maven-repository-metadata-2.0.2.pom
[f1979121-4a11-4b1e-a300-ac55b4d1270a/build]   | [INFO] Downloaded from central: https://repo.maven.apache.org/maven2/org/apache/maven/maven-repository-metadata/2.0.2/maven-repository-metadata-2.0.2.pom (1.3 kB at 131 kB/s)
[f1979121-4a11-4b1e-a300-ac55b4d1270a/build]   | [INFO] Downloading from central: https://repo.maven.apache.org/maven2/org/codehaus/plexus/plexus-container-default/1.0-alpha-9/plexus-container-default-1.0-alpha-9.pom
[f1979121-4a11-4b1e-a300-ac55b4d1270a/build]   | [INFO] Downloaded from central: https://repo.maven.apache.org/maven2/org/codehaus/plexus/plexus-container-default/1.0-alpha-9/plexus-container-default-1.0-alpha-9.pom (1.2 kB at 65 kB/s)
[f1979121-4a11-4b1e-a300-ac55b4d1270a/build]   | [INFO] Downloading from central: https://repo.maven.apache.org/maven2/org/codehaus/plexus/plexus-containers/1.0.3/plexus-containers-1.0.3.pom
[f1979121-4a11-4b1e-a300-ac55b4d1270a/build]   | [INFO] Downloaded from central: https://repo.maven.apache.org/maven2/org/codehaus/plexus/plexus-containers/1.0.3/plexus-containers-1.0.3.pom (492 B at 23 kB/s)
[f1979121-4a11-4b1e-a300-ac55b4d1270a/build]   | [INFO] Downloading from central: https://repo.maven.apache.org/maven2/junit/junit/4.13.1/junit-4.13.1.pom
[f1979121-4a11-4b1e-a300-ac55b4d1270a/build]   | [INFO] Downloaded from central: https://repo.maven.apache.org/maven2/junit/junit/4.13.1/junit-4.13.1.pom (25 kB at 2.8 MB/s)
[f1979121-4a11-4b1e-a300-ac55b4d1270a/build]   | [INFO] Downloading from central: https://repo.maven.apache.org/maven2/org/hamcrest/hamcrest-core/1.3/hamcrest-core-1.3.pom
[f1979121-4a11-4b1e-a300-ac55b4d1270a/build]   | [INFO] Downloaded from central: https://repo.maven.apache.org/maven2/org/hamcrest/hamcrest-core/1.3/hamcrest-core-1.3.pom (766 B at 64 kB/s)
[f1979121-4a11-4b1e-a300-ac55b4d1270a/build]   | [INFO] Downloading from central: https://repo.maven.apache.org/maven2/org/hamcrest/hamcrest-parent/1.3/hamcrest-parent-1.3.pom
[f1979121-4a11-4b1e-a300-ac55b4d1270a/build]   | [INFO] Downloaded from central: https://repo.maven.apache.org/maven2/org/hamcrest/hamcrest-parent/1.3/hamcrest-parent-1.3.pom (2.0 kB at 219 kB/s)
[f1979121-4a11-4b1e-a300-ac55b4d1270a/build]   | [INFO] Downloading from central: https://repo.maven.apache.org/maven2/org/codehaus/plexus/plexus-utils/1.0.4/plexus-utils-1.0.4.pom
[f1979121-4a11-4b1e-a300-ac55b4d1270a/build]   | [INFO] Downloaded from central: https://repo.maven.apache.org/maven2/org/codehaus/plexus/plexus-utils/1.0.4/plexus-utils-1.0.4.pom (6.9 kB at 571 kB/s)
[f1979121-4a11-4b1e-a300-ac55b4d1270a/build]   | [INFO] Downloading from central: https://repo.maven.apache.org/maven2/classworlds/classworlds/1.1-alpha-2/classworlds-1.1-alpha-2.pom
[f1979121-4a11-4b1e-a300-ac55b4d1270a/build]   | [INFO] Downloaded from central: https://repo.maven.apache.org/maven2/classworlds/classworlds/1.1-alpha-2/classworlds-1.1-alpha-2.pom (3.1 kB at 261 kB/s)
[f1979121-4a11-4b1e-a300-ac55b4d1270a/build]   | [INFO] Downloading from central: https://repo.maven.apache.org/maven2/org/apache/maven/wagon/wagon-provider-api/1.0-alpha-6/wagon-provider-api-1.0-alpha-6.pom
[f1979121-4a11-4b1e-a300-ac55b4d1270a/build]   | [INFO] Downloaded from central: https://repo.maven.apache.org/maven2/org/apache/maven/wagon/wagon-provider-api/1.0-alpha-6/wagon-provider-api-1.0-alpha-6.pom (588 B at 19 kB/s)
[f1979121-4a11-4b1e-a300-ac55b4d1270a/build]   | [INFO] Downloading from central: https://repo.maven.apache.org/maven2/org/apache/maven/wagon/wagon/1.0-alpha-6/wagon-1.0-alpha-6.pom
[f1979121-4a11-4b1e-a300-ac55b4d1270a/build]   | [INFO] Downloaded from central: https://repo.maven.apache.org/maven2/org/apache/maven/wagon/wagon/1.0-alpha-6/wagon-1.0-alpha-6.pom (6.4 kB at 712 kB/s)
[f1979121-4a11-4b1e-a300-ac55b4d1270a/build]   | [INFO] Downloading from central: https://repo.maven.apache.org/maven2/org/codehaus/plexus/plexus-utils/1.4.6/plexus-utils-1.4.6.pom
[f1979121-4a11-4b1e-a300-ac55b4d1270a/build]   | [INFO] Downloaded from central: https://repo.maven.apache.org/maven2/org/codehaus/plexus/plexus-utils/1.4.6/plexus-utils-1.4.6.pom (2.3 kB at 283 kB/s)
[f1979121-4a11-4b1e-a300-ac55b4d1270a/build]   | [INFO] Downloading from central: https://repo.maven.apache.org/maven2/org/codehaus/plexus/plexus/1.0.11/plexus-1.0.11.pom
[f1979121-4a11-4b1e-a300-ac55b4d1270a/build]   | [INFO] Downloaded from central: https://repo.maven.apache.org/maven2/org/codehaus/plexus/plexus/1.0.11/plexus-1.0.11.pom (9.0 kB at 1.1 MB/s)
[f1979121-4a11-4b1e-a300-ac55b4d1270a/build]   | [INFO] Downloading from central: https://repo.maven.apache.org/maven2/org/codehaus/plexus/plexus-utils/1.5.6/plexus-utils-1.5.6.pom
[f1979121-4a11-4b1e-a300-ac55b4d1270a/build]   | [INFO] Downloaded from central: https://repo.maven.apache.org/maven2/org/codehaus/plexus/plexus-utils/1.5.6/plexus-utils-1.5.6.pom (5.3 kB at 482 kB/s)
[f1979121-4a11-4b1e-a300-ac55b4d1270a/build]   | [INFO] Downloading from central: https://repo.maven.apache.org/maven2/org/codehaus/plexus/plexus/1.0.12/plexus-1.0.12.pom
[f1979121-4a11-4b1e-a300-ac55b4d1270a/build]   | [INFO] Downloaded from central: https://repo.maven.apache.org/maven2/org/codehaus/plexus/plexus/1.0.12/plexus-1.0.12.pom (9.8 kB at 980 kB/s)
[f1979121-4a11-4b1e-a300-ac55b4d1270a/build]   | [INFO] Downloading from central: https://repo.maven.apache.org/maven2/org/apache/maven/reporting/maven-reporting-api/3.0/maven-reporting-api-3.0.pom
[f1979121-4a11-4b1e-a300-ac55b4d1270a/build]   | [INFO] Downloaded from central: https://repo.maven.apache.org/maven2/org/apache/maven/reporting/maven-reporting-api/3.0/maven-reporting-api-3.0.pom (2.4 kB at 297 kB/s)
[f1979121-4a11-4b1e-a300-ac55b4d1270a/build]   | [INFO] Downloading from central: https://repo.maven.apache.org/maven2/org/apache/maven/shared/maven-shared-components/15/maven-shared-components-15.pom
[f1979121-4a11-4b1e-a300-ac55b4d1270a/build]   | [INFO] Downloaded from central: https://repo.maven.apache.org/maven2/org/apache/maven/shared/maven-shared-components/15/maven-shared-components-15.pom (9.3 kB at 1.0 MB/s)
[f1979121-4a11-4b1e-a300-ac55b4d1270a/build]   | [INFO] Downloading from central: https://repo.maven.apache.org/maven2/org/apache/maven/maven-parent/16/maven-parent-16.pom
[f1979121-4a11-4b1e-a300-ac55b4d1270a/build]   | [INFO] Downloaded from central: https://repo.maven.apache.org/maven2/org/apache/maven/maven-parent/16/maven-parent-16.pom (23 kB at 2.9 MB/s)
[f1979121-4a11-4b1e-a300-ac55b4d1270a/build]   | [INFO] Downloading from central: https://repo.maven.apache.org/maven2/org/apache/apache/7/apache-7.pom
[f1979121-4a11-4b1e-a300-ac55b4d1270a/build]   | [INFO] Downloaded from central: https://repo.maven.apache.org/maven2/org/apache/apache/7/apache-7.pom (14 kB at 1.8 MB/s)
[f1979121-4a11-4b1e-a300-ac55b4d1270a/build]   | [INFO] Downloading from central: https://repo.maven.apache.org/maven2/org/apache/maven/doxia/doxia-sink-api/1.0/doxia-sink-api-1.0.pom
[f1979121-4a11-4b1e-a300-ac55b4d1270a/build]   | [INFO] Downloaded from central: https://repo.maven.apache.org/maven2/org/apache/maven/doxia/doxia-sink-api/1.0/doxia-sink-api-1.0.pom (1.4 kB at 126 kB/s)
[f1979121-4a11-4b1e-a300-ac55b4d1270a/build]   | [INFO] Downloading from central: https://repo.maven.apache.org/maven2/org/apache/maven/doxia/doxia/1.0/doxia-1.0.pom
[f1979121-4a11-4b1e-a300-ac55b4d1270a/build]   | [INFO] Downloaded from central: https://repo.maven.apache.org/maven2/org/apache/maven/doxia/doxia/1.0/doxia-1.0.pom (9.6 kB at 1.2 MB/s)
[f1979121-4a11-4b1e-a300-ac55b4d1270a/build]   | [INFO] Downloading from central: https://repo.maven.apache.org/maven2/org/apache/maven/maven-parent/10/maven-parent-10.pom
[f1979121-4a11-4b1e-a300-ac55b4d1270a/build]   | [INFO] Downloaded from central: https://repo.maven.apache.org/maven2/org/apache/maven/maven-parent/10/maven-parent-10.pom (32 kB at 2.4 MB/s)
[f1979121-4a11-4b1e-a300-ac55b4d1270a/build]   | [INFO] Downloading from central: https://repo.maven.apache.org/maven2/org/jacoco/org.jacoco.agent/0.8.10/org.jacoco.agent-0.8.10.pom
[f1979121-4a11-4b1e-a300-ac55b4d1270a/build]   | [INFO] Downloaded from central: https://repo.maven.apache.org/maven2/org/jacoco/org.jacoco.agent/0.8.10/org.jacoco.agent-0.8.10.pom (3.5 kB at 500 kB/s)
[f1979121-4a11-4b1e-a300-ac55b4d1270a/build]   | [INFO] Downloading from central: https://repo.maven.apache.org/maven2/org/jacoco/org.jacoco.core/0.8.10/org.jacoco.core-0.8.10.pom
[f1979121-4a11-4b1e-a300-ac55b4d1270a/build]   | [INFO] Downloaded from central: https://repo.maven.apache.org/maven2/org/jacoco/org.jacoco.core/0.8.10/org.jacoco.core-0.8.10.pom (2.1 kB at 298 kB/s)
[f1979121-4a11-4b1e-a300-ac55b4d1270a/build]   | [INFO] Downloading from central: https://repo.maven.apache.org/maven2/org/ow2/asm/asm/9.5/asm-9.5.pom
[f1979121-4a11-4b1e-a300-ac55b4d1270a/build]   | [INFO] Downloaded from central: https://repo.maven.apache.org/maven2/org/ow2/asm/asm/9.5/asm-9.5.pom (2.4 kB at 395 kB/s)
[f1979121-4a11-4b1e-a300-ac55b4d1270a/build]   | [INFO] Downloading from central: https://repo.maven.apache.org/maven2/org/ow2/asm/asm-commons/9.5/asm-commons-9.5.pom
[f1979121-4a11-4b1e-a300-ac55b4d1270a/build]   | [INFO] Downloaded from central: https://repo.maven.apache.org/maven2/org/ow2/asm/asm-commons/9.5/asm-commons-9.5.pom (2.8 kB at 465 kB/s)
[f1979121-4a11-4b1e-a300-ac55b4d1270a/build]   | [INFO] Downloading from central: https://repo.maven.apache.org/maven2/org/ow2/asm/asm-tree/9.5/asm-tree-9.5.pom
[f1979121-4a11-4b1e-a300-ac55b4d1270a/build]   | [INFO] Downloaded from central: https://repo.maven.apache.org/maven2/org/ow2/asm/asm-tree/9.5/asm-tree-9.5.pom (2.6 kB at 370 kB/s)
[f1979121-4a11-4b1e-a300-ac55b4d1270a/build]   | [INFO] Downloading from central: https://repo.maven.apache.org/maven2/org/jacoco/org.jacoco.report/0.8.10/org.jacoco.report-0.8.10.pom
[f1979121-4a11-4b1e-a300-ac55b4d1270a/build]   | [INFO] Downloaded from central: https://repo.maven.apache.org/maven2/org/jacoco/org.jacoco.report/0.8.10/org.jacoco.report-0.8.10.pom (1.9 kB at 235 kB/s)
[f1979121-4a11-4b1e-a300-ac55b4d1270a/build]   | [INFO] Downloading from central: https://repo.maven.apache.org/maven2/org/apache/maven/shared/file-management/1.2.1/file-management-1.2.1.jar
[f1979121-4a11-4b1e-a300-ac55b4d1270a/build]   | [INFO] Downloading from central: https://repo.maven.apache.org/maven2/org/apache/maven/maven-plugin-api/2.0.6/maven-plugin-api-2.0.6.jar
[f1979121-4a11-4b1e-a300-ac55b4d1270a/build]   | [INFO] Downloading from central: https://repo.maven.apache.org/maven2/org/apache/maven/shared/maven-shared-io/1.1/maven-shared-io-1.1.jar
[f1979121-4a11-4b1e-a300-ac55b4d1270a/build]   | [INFO] Downloading from central: https://repo.maven.apache.org/maven2/org/apache/maven/maven-artifact/2.0.2/maven-artifact-2.0.2.jar
[f1979121-4a11-4b1e-a300-ac55b4d1270a/build]   | [INFO] Downloading from central: https://repo.maven.apache.org/maven2/org/codehaus/plexus/plexus-utils/3.0.24/plexus-utils-3.0.24.jar
[f1979121-4a11-4b1e-a300-ac55b4d1270a/build]   | [INFO] Downloaded from central: https://repo.maven.apache.org/maven2/org/apache/maven/shared/file-management/1.2.1/file-management-1.2.1.jar (38 kB at 1.4 MB/s)
[f1979121-4a11-4b1e-a300-ac55b4d1270a/build]   | [INFO] Downloaded from central: https://repo.maven.apache.org/maven2/org/apache/maven/maven-plugin-api/2.0.6/maven-plugin-api-2.0.6.jar (13 kB at 495 kB/s)
[f1979121-4a11-4b1e-a300-ac55b4d1270a/build]   | [INFO] Downloading from central: https://repo.maven.apache.org/maven2/org/apache/maven/maven-artifact-manager/2.0.2/maven-artifact-manager-2.0.2.jar
[f1979121-4a11-4b1e-a300-ac55b4d1270a/build]   | [INFO] Downloading from central: https://repo.maven.apache.org/maven2/org/apache/maven/maven-repository-metadata/2.0.2/maven-repository-metadata-2.0.2.jar
[f1979121-4a11-4b1e-a300-ac55b4d1270a/build]   | [INFO] Downloaded from central: https://repo.maven.apache.org/maven2/org/apache/maven/maven-artifact/2.0.2/maven-artifact-2.0.2.jar (78 kB at 2.5 MB/s)
[f1979121-4a11-4b1e-a300-ac55b4d1270a/build]   | [INFO] Downloading from central: https://repo.maven.apache.org/maven2/org/apache/maven/wagon/wagon-provider-api/1.0-alpha-6/wagon-provider-api-1.0-alpha-6.jar
[f1979121-4a11-4b1e-a300-ac55b4d1270a/build]   | [INFO] Downloaded from central: https://repo.maven.apache.org/maven2/org/apache/maven/shared/maven-shared-io/1.1/maven-shared-io-1.1.jar (39 kB at 1.2 MB/s)
[f1979121-4a11-4b1e-a300-ac55b4d1270a/build]   | [INFO] Downloading from central: https://repo.maven.apache.org/maven2/org/codehaus/plexus/plexus-container-default/1.0-alpha-9/plexus-container-default-1.0-alpha-9.jar
[f1979121-4a11-4b1e-a300-ac55b4d1270a/build]   | [INFO] Downloaded from central: https://repo.maven.apache.org/maven2/org/apache/maven/maven-repository-metadata/2.0.2/maven-repository-metadata-2.0.2.jar (20 kB at 505 kB/s)
[f1979121-4a11-4b1e-a300-ac55b4d1270a/build]   | [INFO] Downloading from central: https://repo.maven.apache.org/maven2/junit/junit/4.13.1/junit-4.13.1.jar
[f1979121-4a11-4b1e-a300-ac55b4d1270a/build]   | [INFO] Downloaded from central: https://repo.maven.apache.org/maven2/org/codehaus/plexus/plexus-utils/3.0.24/plexus-utils-3.0.24.jar (247 kB at 5.6 MB/s)
[f1979121-4a11-4b1e-a300-ac55b4d1270a/build]   | [INFO] Downloading from central: https://repo.maven.apache.org/maven2/org/hamcrest/hamcrest-core/1.3/hamcrest-core-1.3.jar
[f1979121-4a11-4b1e-a300-ac55b4d1270a/build]   | [INFO] Downloaded from central: https://repo.maven.apache.org/maven2/org/apache/maven/maven-artifact-manager/2.0.2/maven-artifact-manager-2.0.2.jar (49 kB at 1.1 MB/s)
[f1979121-4a11-4b1e-a300-ac55b4d1270a/build]   | [INFO] Downloading from central: https://repo.maven.apache.org/maven2/classworlds/classworlds/1.1-alpha-2/classworlds-1.1-alpha-2.jar
[f1979121-4a11-4b1e-a300-ac55b4d1270a/build]   | [INFO] Downloaded from central: https://repo.maven.apache.org/maven2/org/apache/maven/wagon/wagon-provider-api/1.0-alpha-6/wagon-provider-api-1.0-alpha-6.jar (43 kB at 909 kB/s)
[f1979121-4a11-4b1e-a300-ac55b4d1270a/build]   | [INFO] Downloading from central: https://repo.maven.apache.org/maven2/org/apache/maven/reporting/maven-reporting-api/3.0/maven-reporting-api-3.0.jar
[f1979121-4a11-4b1e-a300-ac55b4d1270a/build]   | [INFO] Downloaded from central: https://repo.maven.apache.org/maven2/org/hamcrest/hamcrest-core/1.3/hamcrest-core-1.3.jar (45 kB at 672 kB/s)
[f1979121-4a11-4b1e-a300-ac55b4d1270a/build]   | [INFO] Downloading from central: https://repo.maven.apache.org/maven2/org/apache/maven/doxia/doxia-sink-api/1.0/doxia-sink-api-1.0.jar
[f1979121-4a11-4b1e-a300-ac55b4d1270a/build]   | [INFO] Downloaded from central: https://repo.maven.apache.org/maven2/classworlds/classworlds/1.1-alpha-2/classworlds-1.1-alpha-2.jar (38 kB at 560 kB/s)
[f1979121-4a11-4b1e-a300-ac55b4d1270a/build]   | [INFO] Downloading from central: https://repo.maven.apache.org/maven2/org/jacoco/org.jacoco.agent/0.8.10/org.jacoco.agent-0.8.10-runtime.jar
[f1979121-4a11-4b1e-a300-ac55b4d1270a/build]   | [INFO] Downloaded from central: https://repo.maven.apache.org/maven2/org/apache/maven/reporting/maven-reporting-api/3.0/maven-reporting-api-3.0.jar (11 kB at 159 kB/s)
[f1979121-4a11-4b1e-a300-ac55b4d1270a/build]   | [INFO] Downloading from central: https://repo.maven.apache.org/maven2/org/jacoco/org.jacoco.core/0.8.10/org.jacoco.core-0.8.10.jar
[f1979121-4a11-4b1e-a300-ac55b4d1270a/build]   | [INFO] Downloaded from central: https://repo.maven.apache.org/maven2/org/apache/maven/doxia/doxia-sink-api/1.0/doxia-sink-api-1.0.jar (10 kB at 129 kB/s)
[f1979121-4a11-4b1e-a300-ac55b4d1270a/build]   | [INFO] Downloading from central: https://repo.maven.apache.org/maven2/org/ow2/asm/asm/9.5/asm-9.5.jar
[f1979121-4a11-4b1e-a300-ac55b4d1270a/build]   | [INFO] Downloaded from central: https://repo.maven.apache.org/maven2/org/codehaus/plexus/plexus-container-default/1.0-alpha-9/plexus-container-default-1.0-alpha-9.jar (195 kB at 2.3 MB/s)
[f1979121-4a11-4b1e-a300-ac55b4d1270a/build]   | [INFO] Downloading from central: https://repo.maven.apache.org/maven2/org/ow2/asm/asm-commons/9.5/asm-commons-9.5.jar
[f1979121-4a11-4b1e-a300-ac55b4d1270a/build]   | [INFO] Downloaded from central: https://repo.maven.apache.org/maven2/org/ow2/asm/asm/9.5/asm-9.5.jar (122 kB at 1.2 MB/s)
[f1979121-4a11-4b1e-a300-ac55b4d1270a/build]   | [INFO] Downloading from central: https://repo.maven.apache.org/maven2/org/ow2/asm/asm-tree/9.5/asm-tree-9.5.jar
[f1979121-4a11-4b1e-a300-ac55b4d1270a/build]   | [INFO] Downloaded from central: https://repo.maven.apache.org/maven2/org/jacoco/org.jacoco.core/0.8.10/org.jacoco.core-0.8.10.jar (204 kB at 1.8 MB/s)
[f1979121-4a11-4b1e-a300-ac55b4d1270a/build]   | [INFO] Downloading from central: https://repo.maven.apache.org/maven2/org/jacoco/org.jacoco.report/0.8.10/org.jacoco.report-0.8.10.jar
[f1979121-4a11-4b1e-a300-ac55b4d1270a/build]   | [INFO] Downloaded from central: https://repo.maven.apache.org/maven2/org/ow2/asm/asm-commons/9.5/asm-commons-9.5.jar (72 kB at 587 kB/s)
[f1979121-4a11-4b1e-a300-ac55b4d1270a/build]   | [INFO] Downloaded from central: https://repo.maven.apache.org/maven2/org/jacoco/org.jacoco.agent/0.8.10/org.jacoco.agent-0.8.10-runtime.jar (299 kB at 2.4 MB/s)
[f1979121-4a11-4b1e-a300-ac55b4d1270a/build]   | [INFO] Downloaded from central: https://repo.maven.apache.org/maven2/org/ow2/asm/asm-tree/9.5/asm-tree-9.5.jar (52 kB at 419 kB/s)
[f1979121-4a11-4b1e-a300-ac55b4d1270a/build]   | [INFO] Downloaded from central: https://repo.maven.apache.org/maven2/org/jacoco/org.jacoco.report/0.8.10/org.jacoco.report-0.8.10.jar (131 kB at 911 kB/s)
[f1979121-4a11-4b1e-a300-ac55b4d1270a/build]   | [INFO] Downloaded from central: https://repo.maven.apache.org/maven2/junit/junit/4.13.1/junit-4.13.1.jar (383 kB at 2.3 MB/s)
[f1979121-4a11-4b1e-a300-ac55b4d1270a/build]   | [INFO] argLine set to -javaagent:/home/runner/.m2/repository/org/jacoco/org.jacoco.agent/0.8.10/org.jacoco.agent-0.8.10-runtime.jar=destfile=/tmp/431117c4-a8a4-462d-b4ef-9b283d6b2f87/target/jacoco.exec
[f1979121-4a11-4b1e-a300-ac55b4d1270a/build]   | [INFO] 
[f1979121-4a11-4b1e-a300-ac55b4d1270a/build]   | [INFO] --- maven-resources-plugin:2.6:resources (default-resources) @ configme ---
[f1979121-4a11-4b1e-a300-ac55b4d1270a/build]   | [INFO] Downloading from central: https://repo.maven.apache.org/maven2/org/apache/maven/maven-project/2.0.6/maven-project-2.0.6.pom
[f1979121-4a11-4b1e-a300-ac55b4d1270a/build]   | [INFO] Downloaded from central: https://repo.maven.apache.org/maven2/org/apache/maven/maven-project/2.0.6/maven-project-2.0.6.pom (2.6 kB at 105 kB/s)
[f1979121-4a11-4b1e-a300-ac55b4d1270a/build]   | [INFO] Downloading from central: https://repo.maven.apache.org/maven2/org/apache/maven/maven-settings/2.0.6/maven-settings-2.0.6.pom
[f1979121-4a11-4b1e-a300-ac55b4d1270a/build]   | [INFO] Downloaded from central: https://repo.maven.apache.org/maven2/org/apache/maven/maven-settings/2.0.6/maven-settings-2.0.6.pom (2.0 kB at 95 kB/s)
[f1979121-4a11-4b1e-a300-ac55b4d1270a/build]   | [INFO] Downloading from central: https://repo.maven.apache.org/maven2/org/apache/maven/maven-model/2.0.6/maven-model-2.0.6.pom
[f1979121-4a11-4b1e-a300-ac55b4d1270a/build]   | [INFO] Downloaded from central: https://repo.maven.apache.org/maven2/org/apache/maven/maven-model/2.0.6/maven-model-2.0.6.pom (3.0 kB at 277 kB/s)
[f1979121-4a11-4b1e-a300-ac55b4d1270a/build]   | [INFO] Downloading from central: https://repo.maven.apache.org/maven2/org/codehaus/plexus/plexus-utils/1.4.1/plexus-utils-1.4.1.pom
[f1979121-4a11-4b1e-a300-ac55b4d1270a/build]   | [INFO] Downloaded from central: https://repo.maven.apache.org/maven2/org/codehaus/plexus/plexus-utils/1.4.1/plexus-utils-1.4.1.pom (1.9 kB at 106 kB/s)
[f1979121-4a11-4b1e-a300-ac55b4d1270a/build]   | [INFO] Downloading from central: https://repo.maven.apache.org/maven2/org/codehaus/plexus/plexus-container-default/1.0-alpha-9-stable-1/plexus-container-default-1.0-alpha-9-stable-1.pom
[f1979121-4a11-4b1e-a300-ac55b4d1270a/build]   | [INFO] Downloaded from central: https://repo.maven.apache.org/maven2/org/codehaus/plexus/plexus-container-default/1.0-alpha-9-stable-1/plexus-container-default-1.0-alpha-9-stable-1.pom (3.9 kB at 282 kB/s)
[f1979121-4a11-4b1e-a300-ac55b4d1270a/build]   | [INFO] Downloading from central: https://repo.maven.apache.org/maven2/junit/junit/3.8.1/junit-3.8.1.pom
[f1979121-4a11-4b1e-a300-ac55b4d1270a/build]   | [INFO] Downloaded from central: https://repo.maven.apache.org/maven2/junit/junit/3.8.1/junit-3.8.1.pom (998 B at 67 kB/s)
[f1979121-4a11-4b1e-a300-ac55b4d1270a/build]   | [INFO] Downloading from central: https://repo.maven.apache.org/maven2/org/apache/maven/maven-profile/2.0.6/maven-profile-2.0.6.pom
[f1979121-4a11-4b1e-a300-ac55b4d1270a/build]   | [INFO] Downloaded from central: https://repo.maven.apache.org/maven2/org/apache/maven/maven-profile/2.0.6/maven-profile-2.0.6.pom (2.0 kB at 198 kB/s)
[f1979121-4a11-4b1e-a300-ac55b4d1270a/build]   | [INFO] Downloading from central: https://repo.maven.apache.org/maven2/org/apache/maven/maven-artifact-manager/2.0.6/maven-artifact-manager-2.0.6.pom
[f1979121-4a11-4b1e-a300-ac55b4d1270a/build]   | [INFO] Downloaded from central: https://repo.maven.apache.org/maven2/org/apache/maven/maven-artifact-manager/2.0.6/maven-artifact-manager-2.0.6.pom (2.6 kB at 238 kB/s)
[f1979121-4a11-4b1e-a300-ac55b4d1270a/build]   | [INFO] Downloading from central: https://repo.maven.apache.org/maven2/org/apache/maven/maven-repository-metadata/2.0.6/maven-repository-metadata-2.0.6.pom
[f1979121-4a11-4b1e-a300-ac55b4d1270a/build]   | [INFO] Downloaded from central: https://repo.maven.apache.org/maven2/org/apache/maven/maven-repository-metadata/2.0.6/maven-repository-metadata-2.0.6.pom (1.9 kB at 185 kB/s)
[f1979121-4a11-4b1e-a300-ac55b4d1270a/build]   | [INFO] Downloading from central: https://repo.maven.apache.org/maven2/org/apache/maven/maven-artifact/2.0.6/maven-artifact-2.0.6.pom
[f1979121-4a11-4b1e-a300-ac55b4d1270a/build]   | [INFO] Downloaded from central: https://repo.maven.apache.org/maven2/org/apache/maven/maven-artifact/2.0.6/maven-artifact-2.0.6.pom (1.6 kB at 158 kB/s)
[f1979121-4a11-4b1e-a300-ac55b4d1270a/build]   | [INFO] Downloading from central: https://repo.maven.apache.org/maven2/org/apache/maven/maven-plugin-registry/2.0.6/maven-plugin-registry-2.0.6.pom
[f1979121-4a11-4b1e-a300-ac55b4d1270a/build]   | [INFO] Downloaded from central: https://repo.maven.apache.org/maven2/org/apache/maven/maven-plugin-registry/2.0.6/maven-plugin-registry-2.0.6.pom (1.9 kB at 108 kB/s)
[f1979121-4a11-4b1e-a300-ac55b4d1270a/build]   | [INFO] Downloading from central: https://repo.maven.apache.org/maven2/org/apache/maven/maven-core/2.0.6/maven-core-2.0.6.pom
[f1979121-4a11-4b1e-a300-ac55b4d1270a/build]   | [INFO] Downloaded from central: https://repo.maven.apache.org/maven2/org/apache/maven/maven-core/2.0.6/maven-core-2.0.6.pom (6.7 kB at 959 kB/s)
[f1979121-4a11-4b1e-a300-ac55b4d1270a/build]   | [INFO] Downloading from central: https://repo.maven.apache.org/maven2/org/apache/maven/maven-plugin-parameter-documenter/2.0.6/maven-plugin-parameter-documenter-2.0.6.pom
[f1979121-4a11-4b1e-a300-ac55b4d1270a/build]   | [INFO] Downloaded from central: https://repo.maven.apache.org/maven2/org/apache/maven/maven-plugin-parameter-documenter/2.0.6/maven-plugin-parameter-documenter-2.0.6.pom (1.9 kB at 191 kB/s)
[f1979121-4a11-4b1e-a300-ac55b4d1270a/build]   | [INFO] Downloading from central: https://repo.maven.apache.org/maven2/org/apache/maven/reporting/maven-reporting-api/2.0.6/maven-reporting-api-2.0.6.pom
[f1979121-4a11-4b1e-a300-ac55b4d1270a/build]   | [INFO] Downloaded from central: https://repo.maven.apache.org/maven2/org/apache/maven/reporting/maven-reporting-api/2.0.6/maven-reporting-api-2.0.6.pom (1.8 kB at 175 kB/s)
[f1979121-4a11-4b1e-a300-ac55b4d1270a/build]   | [INFO] Downloading from central: https://repo.maven.apache.org/maven2/org/apache/maven/reporting/maven-reporting/2.0.6/maven-reporting-2.0.6.pom
[f1979121-4a11-4b1e-a300-ac55b4d1270a/build]   | [INFO] Downloaded from central: https://repo.maven.apache.org/maven2/org/apache/maven/reporting/maven-reporting/2.0.6/maven-reporting-2.0.6.pom (1.4 kB at 160 kB/s)
[f1979121-4a11-4b1e-a300-ac55b4d1270a/build]   | [INFO] Downloading from central: https://repo.maven.apache.org/maven2/org/apache/maven/doxia/doxia-sink-api/1.0-alpha-7/doxia-sink-api-1.0-alpha-7.pom
[f1979121-4a11-4b1e-a300-ac55b4d1270a/build]   | [INFO] Downloaded from central: https://repo.maven.apache.org/maven2/org/apache/maven/doxia/doxia-sink-api/1.0-alpha-7/doxia-sink-api-1.0-alpha-7.pom (424 B at 47 kB/s)
[f1979121-4a11-4b1e-a300-ac55b4d1270a/build]   | [INFO] Downloading from central: https://repo.maven.apache.org/maven2/org/apache/maven/doxia/doxia/1.0-alpha-7/doxia-1.0-alpha-7.pom
[f1979121-4a11-4b1e-a300-ac55b4d1270a/build]   | [INFO] Downloaded from central: https://repo.maven.apache.org/maven2/org/apache/maven/doxia/doxia/1.0-alpha-7/doxia-1.0-alpha-7.pom (3.9 kB at 301 kB/s)
[f1979121-4a11-4b1e-a300-ac55b4d1270a/build]   | [INFO] Downloading from central: https://repo.maven.apache.org/maven2/org/apache/maven/maven-error-diagnostics/2.0.6/maven-error-diagnostics-2.0.6.pom
[f1979121-4a11-4b1e-a300-ac55b4d1270a/build]   | [INFO] Downloaded from central: https://repo.maven.apache.org/maven2/org/apache/maven/maven-error-diagnostics/2.0.6/maven-error-diagnostics-2.0.6.pom (1.7 kB at 142 kB/s)
[f1979121-4a11-4b1e-a300-ac55b4d1270a/build]   | [INFO] Downloading from central: https://repo.maven.apache.org/maven2/commons-cli/commons-cli/1.0/commons-cli-1.0.pom
[f1979121-4a11-4b1e-a300-ac55b4d1270a/build]   | [INFO] Downloaded from central: https://repo.maven.apache.org/maven2/commons-cli/commons-cli/1.0/commons-cli-1.0.pom (2.1 kB at 162 kB/s)
[f1979121-4a11-4b1e-a300-ac55b4d1270a/build]   | [INFO] Downloading from central: https://repo.maven.apache.org/maven2/org/apache/maven/maven-plugin-descriptor/2.0.6/maven-plugin-descriptor-2.0.6.pom
[f1979121-4a11-4b1e-a300-ac55b4d1270a/build]   | [INFO] Downloaded from central: https://repo.maven.apache.org/maven2/org/apache/maven/maven-plugin-descriptor/2.0.6/maven-plugin-descriptor-2.0.6.pom (2.0 kB at 288 kB/s)
[f1979121-4a11-4b1e-a300-ac55b4d1270a/build]   | [INFO] Downloading from central: https://repo.maven.apache.org/maven2/org/codehaus/plexus/plexus-interactivity-api/1.0-alpha-4/plexus-interactivity-api-1.0-alpha-4.pom
[f1979121-4a11-4b1e-a300-ac55b4d1270a/build]   | [INFO] Downloaded from central: https://repo.maven.apache.org/maven2/org/codehaus/plexus/plexus-interactivity-api/1.0-alpha-4/plexus-interactivity-api-1.0-alpha-4.pom (7.1 kB at 886 kB/s)
[f1979121-4a11-4b1e-a300-ac55b4d1270a/build]   | [INFO] Downloading from central: https://repo.maven.apache.org/maven2/org/apache/maven/maven-monitor/2.0.6/maven-monitor-2.0.6.pom
[f1979121-4a11-4b1e-a300-ac55b4d1270a/build]   | [INFO] Downloaded from central: https://repo.maven.apache.org/maven2/org/apache/maven/maven-monitor/2.0.6/maven-monitor-2.0.6.pom (1.3 kB at 209 kB/s)
[f1979121-4a11-4b1e-a300-ac55b4d1270a/build]   | [INFO] Downloading from central: https://repo.maven.apache.org/maven2/classworlds/classworlds/1.1/classworlds-1.1.pom
[f1979121-4a11-4b1e-a300-ac55b4d1270a/build]   | [INFO] Downloaded from central: https://repo.maven.apache.org/maven2/classworlds/classworlds/1.1/classworlds-1.1.pom (3.3 kB at 554 kB/s)
[f1979121-4a11-4b1e-a300-ac55b4d1270a/build]   | [INFO] Downloading from central: https://repo.maven.apache.org/maven2/org/codehaus/plexus/plexus-utils/2.0.5/plexus-utils-2.0.5.pom
[f1979121-4a11-4b1e-a300-ac55b4d1270a/build]   | [INFO] Downloaded from central: https://repo.maven.apache.org/maven2/org/codehaus/plexus/plexus-utils/2.0.5/plexus-utils-2.0.5.pom (3.3 kB at 556 kB/s)
[f1979121-4a11-4b1e-a300-ac55b4d1270a/build]   | [INFO] Downloading from central: https://repo.maven.apache.org/maven2/org/codehaus/plexus/plexus/2.0.6/plexus-2.0.6.pom
[f1979121-4a11-4b1e-a300-ac55b4d1270a/build]   | [INFO] Downloaded from central: https://repo.maven.apache.org/maven2/org/codehaus/plexus/plexus/2.0.6/plexus-2.0.6.pom (17 kB at 1.7 MB/s)
[f1979121-4a11-4b1e-a300-ac55b4d1270a/build]   | [INFO] Downloading from central: https://repo.maven.apache.org/maven2/org/apache/maven/shared/maven-filtering/1.1/maven-filtering-1.1.pom
[f1979121-4a11-4b1e-a300-ac55b4d1270a/build]   | [INFO] Downloaded from central: https://repo.maven.apache.org/maven2/org/apache/maven/shared/maven-filtering/1.1/maven-filtering-1.1.pom (5.8 kB at 386 kB/s)
[f1979121-4a11-4b1e-a300-ac55b4d1270a/build]   | [INFO] Downloading from central: https://repo.maven.apache.org/maven2/org/apache/maven/shared/maven-shared-components/17/maven-shared-components-17.pom
[f1979121-4a11-4b1e-a300-ac55b4d1270a/build]   | [INFO] Downloaded from central: https://repo.maven.apache.org/maven2/org/apache/maven/shared/maven-shared-components/17/maven-shared-components-17.pom (8.7 kB at 580 kB/s)
[f1979121-4a11-4b1e-a300-ac55b4d1270a/build]   | [INFO] Downloading from central: https://repo.maven.apache.org/maven2/org/codehaus/plexus/plexus-utils/1.5.15/plexus-utils-1.5.15.pom
[f1979121-4a11-4b1e-a300-ac55b4d1270a/build]   | [INFO] Downloaded from central: https://repo.maven.apache.org/maven2/org/codehaus/plexus/plexus-utils/1.5.15/plexus-utils-1.5.15.pom (6.8 kB at 978 kB/s)
[f1979121-4a11-4b1e-a300-ac55b4d1270a/build]   | [INFO] Downloading from central: https://repo.maven.apache.org/maven2/org/codehaus/plexus/plexus/2.0.2/plexus-2.0.2.pom
[f1979121-4a11-4b1e-a300-ac55b4d1270a/build]   | [INFO] Downloaded from central: https://repo.maven.apache.org/maven2/org/codehaus/plexus/plexus/2.0.2/plexus-2.0.2.pom (12 kB at 1.1 MB/s)
[f1979121-4a11-4b1e-a300-ac55b4d1270a/build]   | [INFO] Downloading from central: https://repo.maven.apache.org/maven2/org/codehaus/plexus/plexus-interpolation/1.12/plexus-interpolation-1.12.pom
[f1979121-4a11-4b1e-a300-ac55b4d1270a/build]   | [INFO] Downloaded from central: https://repo.maven.apache.org/maven2/org/codehaus/plexus/plexus-interpolation/1.12/plexus-interpolation-1.12.pom (889 B at 81 kB/s)
[f1979121-4a11-4b1e-a300-ac55b4d1270a/build]   | [INFO] Downloading from central: https://repo.maven.apache.org/maven2/org/codehaus/plexus/plexus-components/1.1.14/plexus-components-1.1.14.pom
[f1979121-4a11-4b1e-a300-ac55b4d1270a/build]   | [INFO] Downloaded from central: https://repo.maven.apache.org/maven2/org/codehaus/plexus/plexus-components/1.1.14/plexus-components-1.1.14.pom (5.8 kB at 531 kB/s)
[f1979121-4a11-4b1e-a300-ac55b4d1270a/build]   | [INFO] Downloading from central: https://repo.maven.apache.org/maven2/org/sonatype/plexus/plexus-build-api/0.0.4/plexus-build-api-0.0.4.pom
[f1979121-4a11-4b1e-a300-ac55b4d1270a/build]   | [INFO] Downloaded from central: https://repo.maven.apache.org/maven2/org/sonatype/plexus/plexus-build-api/0.0.4/plexus-build-api-0.0.4.pom (2.9 kB at 179 kB/s)
[f1979121-4a11-4b1e-a300-ac55b4d1270a/build]   | [INFO] Downloading from central: https://repo.maven.apache.org/maven2/org/sonatype/spice/spice-parent/10/spice-parent-10.pom
[f1979121-4a11-4b1e-a300-ac55b4d1270a/build]   | [INFO] Downloaded from central: https://repo.maven.apache.org/maven2/org/sonatype/spice/spice-parent/10/spice-parent-10.pom (3.0 kB at 215 kB/s)
[f1979121-4a11-4b1e-a300-ac55b4d1270a/build]   | [INFO] Downloading from central: https://repo.maven.apache.org/maven2/org/sonatype/forge/forge-parent/3/forge-parent-3.pom
[f1979121-4a11-4b1e-a300-ac55b4d1270a/build]   | [INFO] Downloaded from central: https://repo.maven.apache.org/maven2/org/sonatype/forge/forge-parent/3/forge-parent-3.pom (5.0 kB at 387 kB/s)
[f1979121-4a11-4b1e-a300-ac55b4d1270a/build]   | [INFO] Downloading from central: https://repo.maven.apache.org/maven2/org/codehaus/plexus/plexus-utils/1.5.8/plexus-utils-1.5.8.pom
[f1979121-4a11-4b1e-a300-ac55b4d1270a/build]   | [INFO] Downloaded from central: https://repo.maven.apache.org/maven2/org/codehaus/plexus/plexus-utils/1.5.8/plexus-utils-1.5.8.pom (8.1 kB at 1.0 MB/s)
[f1979121-4a11-4b1e-a300-ac55b4d1270a/build]   | [INFO] Downloading from central: https://repo.maven.apache.org/maven2/org/codehaus/plexus/plexus-interpolation/1.13/plexus-interpolation-1.13.pom
[f1979121-4a11-4b1e-a300-ac55b4d1270a/build]   | [INFO] Downloaded from central: https://repo.maven.apache.org/maven2/org/codehaus/plexus/plexus-interpolation/1.13/plexus-interpolation-1.13.pom (890 B at 111 kB/s)
[f1979121-4a11-4b1e-a300-ac55b4d1270a/build]   | [INFO] Downloading from central: https://repo.maven.apache.org/maven2/org/codehaus/plexus/plexus-components/1.1.15/plexus-components-1.1.15.pom
[f1979121-4a11-4b1e-a300-ac55b4d1270a/build]   | [INFO] Downloaded from central: https://repo.maven.apache.org/maven2/org/codehaus/plexus/plexus-components/1.1.15/plexus-components-1.1.15.pom (2.8 kB at 407 kB/s)
[f1979121-4a11-4b1e-a300-ac55b4d1270a/build]   | [INFO] Downloading from central: https://repo.maven.apache.org/maven2/org/codehaus/plexus/plexus/2.0.3/plexus-2.0.3.pom
[f1979121-4a11-4b1e-a300-ac55b4d1270a/build]   | [INFO] Downloaded from central: https://repo.maven.apache.org/maven2/org/codehaus/plexus/plexus/2.0.3/plexus-2.0.3.pom (15 kB at 1.7 MB/s)
[f1979121-4a11-4b1e-a300-ac55b4d1270a/build]   | [INFO] Downloading from central: https://repo.maven.apache.org/maven2/org/apache/maven/maven-project/2.0.6/maven-project-2.0.6.jar
[f1979121-4a11-4b1e-a300-ac55b4d1270a/build]   | [INFO] Downloading from central: https://repo.maven.apache.org/maven2/org/apache/maven/maven-profile/2.0.6/maven-profile-2.0.6.jar
[f1979121-4a11-4b1e-a300-ac55b4d1270a/build]   | [INFO] Downloading from central: https://repo.maven.apache.org/maven2/org/apache/maven/maven-plugin-registry/2.0.6/maven-plugin-registry-2.0.6.jar
[f1979121-4a11-4b1e-a300-ac55b4d1270a/build]   | [INFO] Downloading from central: https://repo.maven.apache.org/maven2/org/apache/maven/maven-artifact-manager/2.0.6/maven-artifact-manager-2.0.6.jar
[f1979121-4a11-4b1e-a300-ac55b4d1270a/build]   | [INFO] Downloading from central: https://repo.maven.apache.org/maven2/org/apache/maven/maven-core/2.0.6/maven-core-2.0.6.jar
[f1979121-4a11-4b1e-a300-ac55b4d1270a/build]   | [INFO] Downloaded from central: https://repo.maven.apache.org/maven2/org/apache/maven/maven-profile/2.0.6/maven-profile-2.0.6.jar (35 kB at 1.8 MB/s)
[f1979121-4a11-4b1e-a300-ac55b4d1270a/build]   | [INFO] Downloading from central: https://repo.maven.apache.org/maven2/org/apache/maven/maven-plugin-parameter-documenter/2.0.6/maven-plugin-parameter-documenter-2.0.6.jar
[f1979121-4a11-4b1e-a300-ac55b4d1270a/build]   | [INFO] Downloaded from central: https://repo.maven.apache.org/maven2/org/apache/maven/maven-artifact-manager/2.0.6/maven-artifact-manager-2.0.6.jar (57 kB at 2.8 MB/s)
[f1979121-4a11-4b1e-a300-ac55b4d1270a/build]   | [INFO] Downloading from central: https://repo.maven.apache.org/maven2/org/apache/maven/reporting/maven-reporting-api/2.0.6/maven-reporting-api-2.0.6.jar
[f1979121-4a11-4b1e-a300-ac55b4d1270a/build]   | [INFO] Downloaded from central: https://repo.maven.apache.org/maven2/org/apache/maven/maven-plugin-registry/2.0.6/maven-plugin-registry-2.0.6.jar (29 kB at 1.4 MB/s)
[f1979121-4a11-4b1e-a300-ac55b4d1270a/build]   | [INFO] Downloading from central: https://repo.maven.apache.org/maven2/org/apache/maven/doxia/doxia-sink-api/1.0-alpha-7/doxia-sink-api-1.0-alpha-7.jar
[f1979121-4a11-4b1e-a300-ac55b4d1270a/build]   | [INFO] Downloaded from central: https://repo.maven.apache.org/maven2/org/apache/maven/maven-project/2.0.6/maven-project-2.0.6.jar (116 kB at 5.1 MB/s)
[f1979121-4a11-4b1e-a300-ac55b4d1270a/build]   | [INFO] Downloading from central: https://repo.maven.apache.org/maven2/org/apache/maven/maven-repository-metadata/2.0.6/maven-repository-metadata-2.0.6.jar
[f1979121-4a11-4b1e-a300-ac55b4d1270a/build]   | [INFO] Downloaded from central: https://repo.maven.apache.org/maven2/org/apache/maven/maven-core/2.0.6/maven-core-2.0.6.jar (152 kB at 6.9 MB/s)
[f1979121-4a11-4b1e-a300-ac55b4d1270a/build]   | [INFO] Downloading from central: https://repo.maven.apache.org/maven2/org/apache/maven/maven-error-diagnostics/2.0.6/maven-error-diagnostics-2.0.6.jar
[f1979121-4a11-4b1e-a300-ac55b4d1270a/build]   | [INFO] Downloaded from central: https://repo.maven.apache.org/maven2/org/apache/maven/reporting/maven-reporting-api/2.0.6/maven-reporting-api-2.0.6.jar (9.9 kB at 311 kB/s)
[f1979121-4a11-4b1e-a300-ac55b4d1270a/build]   | [INFO] Downloading from central: https://repo.maven.apache.org/maven2/commons-cli/commons-cli/1.0/commons-cli-1.0.jar
[f1979121-4a11-4b1e-a300-ac55b4d1270a/build]   | [INFO] Downloaded from central: https://repo.maven.apache.org/maven2/org/apache/maven/maven-plugin-parameter-documenter/2.0.6/maven-plugin-parameter-documenter-2.0.6.jar (21 kB at 610 kB/s)
[f1979121-4a11-4b1e-a300-ac55b4d1270a/build]   | [INFO] Downloading from central: https://repo.maven.apache.org/maven2/org/apache/maven/maven-plugin-descriptor/2.0.6/maven-plugin-descriptor-2.0.6.jar
[f1979121-4a11-4b1e-a300-ac55b4d1270a/build]   | [INFO] Downloaded from central: https://repo.maven.apache.org/maven2/org/apache/maven/maven-error-diagnostics/2.0.6/maven-error-diagnostics-2.0.6.jar (14 kB at 400 kB/s)
[f1979121-4a11-4b1e-a300-ac55b4d1270a/build]   | [INFO] Downloading from central: https://repo.maven.apache.org/maven2/org/codehaus/plexus/plexus-interactivity-api/1.0-alpha-4/plexus-interactivity-api-1.0-alpha-4.jar
[f1979121-4a11-4b1e-a300-ac55b4d1270a/build]   | [INFO] Downloaded from central: https://repo.maven.apache.org/maven2/org/apache/maven/maven-repository-metadata/2.0.6/maven-repository-metadata-2.0.6.jar (24 kB at 699 kB/s)
[f1979121-4a11-4b1e-a300-ac55b4d1270a/build]   | [INFO] Downloading from central: https://repo.maven.apache.org/maven2/classworlds/classworlds/1.1/classworlds-1.1.jar
[f1979121-4a11-4b1e-a300-ac55b4d1270a/build]   | [INFO] Downloaded from central: https://repo.maven.apache.org/maven2/org/apache/maven/doxia/doxia-sink-api/1.0-alpha-7/doxia-sink-api-1.0-alpha-7.jar (5.9 kB at 148 kB/s)
[f1979121-4a11-4b1e-a300-ac55b4d1270a/build]   | [INFO] Downloading from central: https://repo.maven.apache.org/maven2/org/apache/maven/maven-artifact/2.0.6/maven-artifact-2.0.6.jar
[f1979121-4a11-4b1e-a300-ac55b4d1270a/build]   | [INFO] Downloaded from central: https://repo.maven.apache.org/maven2/org/codehaus/plexus/plexus-interactivity-api/1.0-alpha-4/plexus-interactivity-api-1.0-alpha-4.jar (13 kB at 335 kB/s)
[f1979121-4a11-4b1e-a300-ac55b4d1270a/build]   | [INFO] Downloading from central: https://repo.maven.apache.org/maven2/org/apache/maven/maven-settings/2.0.6/maven-settings-2.0.6.jar
[f1979121-4a11-4b1e-a300-ac55b4d1270a/build]   | [INFO] Downloaded from central: https://repo.maven.apache.org/maven2/org/apache/maven/maven-plugin-descriptor/2.0.6/maven-plugin-descriptor-2.0.6.jar (37 kB at 857 kB/s)
[f1979121-4a11-4b1e-a300-ac55b4d1270a/build]   | [INFO] Downloaded from central: https://repo.maven.apache.org/maven2/classworlds/classworlds/1.1/classworlds-1.1.jar (38 kB at 901 kB/s)
[f1979121-4a11-4b1e-a300-ac55b4d1270a/build]   | [INFO] Downloading from central: https://repo.maven.apache.org/maven2/org/apache/maven/maven-model/2.0.6/maven-model-2.0.6.jar
[f1979121-4a11-4b1e-a300-ac55b4d1270a/build]   | [INFO] Downloading from central: https://repo.maven.apache.org/maven2/org/apache/maven/maven-monitor/2.0.6/maven-monitor-2.0.6.jar
[f1979121-4a11-4b1e-a300-ac55b4d1270a/build]   | [INFO] Downloaded from central: https://repo.maven.apache.org/maven2/commons-cli/commons-cli/1.0/commons-cli-1.0.jar (30 kB at 602 kB/s)
[f1979121-4a11-4b1e-a300-ac55b4d1270a/build]   | [INFO] Downloading from central: https://repo.maven.apache.org/maven2/org/codehaus/plexus/plexus-container-default/1.0-alpha-9-stable-1/plexus-container-default-1.0-alpha-9-stable-1.jar
[f1979121-4a11-4b1e-a300-ac55b4d1270a/build]   | [INFO] Downloaded from central: https://repo.maven.apache.org/maven2/org/apache/maven/maven-monitor/2.0.6/maven-monitor-2.0.6.jar (10 kB at 193 kB/s)
[f1979121-4a11-4b1e-a300-ac55b4d1270a/build]   | [INFO] Downloading from central: https://repo.maven.apache.org/maven2/junit/junit/3.8.1/junit-3.8.1.jar
[f1979121-4a11-4b1e-a300-ac55b4d1270a/build]   | [INFO] Downloaded from central: https://repo.maven.apache.org/maven2/org/apache/maven/maven-artifact/2.0.6/maven-artifact-2.0.6.jar (87 kB at 1.6 MB/s)
[f1979121-4a11-4b1e-a300-ac55b4d1270a/build]   | [INFO] Downloading from central: https://repo.maven.apache.org/maven2/org/codehaus/plexus/plexus-utils/2.0.5/plexus-utils-2.0.5.jar
[f1979121-4a11-4b1e-a300-ac55b4d1270a/build]   | [INFO] Downloaded from central: https://repo.maven.apache.org/maven2/org/apache/maven/maven-settings/2.0.6/maven-settings-2.0.6.jar (49 kB at 877 kB/s)
[f1979121-4a11-4b1e-a300-ac55b4d1270a/build]   | [INFO] Downloading from central: https://repo.maven.apache.org/maven2/org/apache/maven/shared/maven-filtering/1.1/maven-filtering-1.1.jar
[f1979121-4a11-4b1e-a300-ac55b4d1270a/build]   | [INFO] Downloaded from central: https://repo.maven.apache.org/maven2/org/apache/maven/maven-model/2.0.6/maven-model-2.0.6.jar (86 kB at 1.5 MB/s)
[f1979121-4a11-4b1e-a300-ac55b4d1270a/build]   | [INFO] Downloading from central: https://repo.maven.apache.org/maven2/org/sonatype/plexus/plexus-build-api/0.0.4/plexus-build-api-0.0.4.jar
[f1979121-4a11-4b1e-a300-ac55b4d1270a/build]   | [INFO] Downloaded from central: https://repo.maven.apache.org/maven2/org/codehaus/plexus/plexus-container-default/1.0-alpha-9-stable-1/plexus-container-default-1.0-alpha-9-stable-1.jar (194 kB at 3.0 MB/s)
[f1979121-4a11-4b1e-a300-ac55b4d1270a/build]   | [INFO] Downloaded from central: https://repo.maven.apache.org/maven2/org/apache/maven/shared/maven-filtering/1.1/maven-filtering-1.1.jar (43 kB at 663 kB/s)
[f1979121-4a11-4b1e-a300-ac55b4d1270a/build]   | [INFO] Downloading from central: https://repo.maven.apache.org/maven2/org/codehaus/plexus/plexus-interpolation/1.13/plexus-interpolation-1.13.jar
[f1979121-4a11-4b1e-a300-ac55b4d1270a/build]   | [INFO] Downloaded from central: https://repo.maven.apache.org/maven2/org/sonatype/plexus/plexus-build-api/0.0.4/plexus-build-api-0.0.4.jar (6.8 kB at 103 kB/s)
[f1979121-4a11-4b1e-a300-ac55b4d1270a/build]   | [INFO] Downloaded from central: https://repo.maven.apache.org/maven2/org/codehaus/plexus/plexus-utils/2.0.5/plexus-utils-2.0.5.jar (223 kB at 3.1 MB/s)
[f1979121-4a11-4b1e-a300-ac55b4d1270a/build]   | [INFO] Downloaded from central: https://repo.maven.apache.org/maven2/junit/junit/3.8.1/junit-3.8.1.jar (121 kB at 1.7 MB/s)
[f1979121-4a11-4b1e-a300-ac55b4d1270a/build]   | [INFO] Downloaded from central: https://repo.maven.apache.org/maven2/org/codehaus/plexus/plexus-interpolation/1.13/plexus-interpolation-1.13.jar (61 kB at 836 kB/s)
[f1979121-4a11-4b1e-a300-ac55b4d1270a/build]   | [INFO] Using 'UTF-8' encoding to copy filtered resources.
[f1979121-4a11-4b1e-a300-ac55b4d1270a/build]   | [INFO] skip non existing resourceDirectory /tmp/431117c4-a8a4-462d-b4ef-9b283d6b2f87/src/main/resources
[f1979121-4a11-4b1e-a300-ac55b4d1270a/build]   | [INFO] 
[f1979121-4a11-4b1e-a300-ac55b4d1270a/build]   | [INFO] --- maven-compiler-plugin:3.11.0:compile (default-compile) @ configme ---
[f1979121-4a11-4b1e-a300-ac55b4d1270a/build]   | [INFO] Downloading from central: https://repo.maven.apache.org/maven2/org/apache/maven/shared/maven-shared-utils/3.3.4/maven-shared-utils-3.3.4.pom
[f1979121-4a11-4b1e-a300-ac55b4d1270a/build]   | [INFO] Downloaded from central: https://repo.maven.apache.org/maven2/org/apache/maven/shared/maven-shared-utils/3.3.4/maven-shared-utils-3.3.4.pom (5.8 kB at 583 kB/s)
[f1979121-4a11-4b1e-a300-ac55b4d1270a/build]   | [INFO] Downloading from central: https://repo.maven.apache.org/maven2/org/apache/maven/shared/maven-shared-components/34/maven-shared-components-34.pom
[f1979121-4a11-4b1e-a300-ac55b4d1270a/build]   | [INFO] Downloaded from central: https://repo.maven.apache.org/maven2/org/apache/maven/shared/maven-shared-components/34/maven-shared-components-34.pom (5.1 kB at 300 kB/s)
[f1979121-4a11-4b1e-a300-ac55b4d1270a/build]   | [INFO] Downloading from central: https://repo.maven.apache.org/maven2/org/apache/maven/maven-parent/34/maven-parent-34.pom
[f1979121-4a11-4b1e-a300-ac55b4d1270a/build]   | [INFO] Downloaded from central: https://repo.maven.apache.org/maven2/org/apache/maven/maven-parent/34/maven-parent-34.pom (43 kB at 2.7 MB/s)
[f1979121-4a11-4b1e-a300-ac55b4d1270a/build]   | [INFO] Downloading from central: https://repo.maven.apache.org/maven2/org/apache/apache/23/apache-23.pom
[f1979121-4a11-4b1e-a300-ac55b4d1270a/build]   | [INFO] Downloaded from central: https://repo.maven.apache.org/maven2/org/apache/apache/23/apache-23.pom (18 kB at 2.0 MB/s)
[f1979121-4a11-4b1e-a300-ac55b4d1270a/build]   | [INFO] Downloading from central: https://repo.maven.apache.org/maven2/commons-io/commons-io/2.6/commons-io-2.6.pom
[f1979121-4a11-4b1e-a300-ac55b4d1270a/build]   | [INFO] Downloaded from central: https://repo.maven.apache.org/maven2/commons-io/commons-io/2.6/commons-io-2.6.pom (14 kB at 460 kB/s)
[f1979121-4a11-4b1e-a300-ac55b4d1270a/build]   | [INFO] Downloading from central: https://repo.maven.apache.org/maven2/org/apache/commons/commons-parent/42/commons-parent-42.pom
[f1979121-4a11-4b1e-a300-ac55b4d1270a/build]   | [INFO] Downloaded from central: https://repo.maven.apache.org/maven2/org/apache/commons/commons-parent/42/commons-parent-42.pom (68 kB at 6.8 MB/s)
[f1979121-4a11-4b1e-a300-ac55b4d1270a/build]   | [INFO] Downloading from central: https://repo.maven.apache.org/maven2/org/apache/apache/18/apache-18.pom
[f1979121-4a11-4b1e-a300-ac55b4d1270a/build]   | [INFO] Downloaded from central: https://repo.maven.apache.org/maven2/org/apache/apache/18/apache-18.pom (16 kB at 2.2 MB/s)
[f1979121-4a11-4b1e-a300-ac55b4d1270a/build]   | [INFO] Downloading from central: https://repo.maven.apache.org/maven2/org/apache/maven/shared/maven-shared-incremental/1.1/maven-shared-incremental-1.1.pom
[f1979121-4a11-4b1e-a300-ac55b4d1270a/build]   | [INFO] Downloaded from central: https://repo.maven.apache.org/maven2/org/apache/maven/shared/maven-shared-incremental/1.1/maven-shared-incremental-1.1.pom (4.7 kB at 593 kB/s)
[f1979121-4a11-4b1e-a300-ac55b4d1270a/build]   | [INFO] Downloading from central: https://repo.maven.apache.org/maven2/org/apache/maven/shared/maven-shared-components/19/maven-shared-components-19.pom
[f1979121-4a11-4b1e-a300-ac55b4d1270a/build]   | [INFO] Downloaded from central: https://repo.maven.apache.org/maven2/org/apache/maven/shared/maven-shared-components/19/maven-shared-components-19.pom (6.4 kB at 1.1 MB/s)
[f1979121-4a11-4b1e-a300-ac55b4d1270a/build]   | [INFO] Downloading from central: https://repo.maven.apache.org/maven2/org/apache/maven/maven-parent/23/maven-parent-23.pom
[f1979121-4a11-4b1e-a300-ac55b4d1270a/build]   | [INFO] Downloaded from central: https://repo.maven.apache.org/maven2/org/apache/maven/maven-parent/23/maven-parent-23.pom (33 kB at 4.7 MB/s)
[f1979121-4a11-4b1e-a300-ac55b4d1270a/build]   | [INFO] Downloading from central: https://repo.maven.apache.org/maven2/org/apache/apache/13/apache-13.pom
[f1979121-4a11-4b1e-a300-ac55b4d1270a/build]   | [INFO] Downloaded from central: https://repo.maven.apache.org/maven2/org/apache/apache/13/apache-13.pom (14 kB at 2.0 MB/s)
[f1979121-4a11-4b1e-a300-ac55b4d1270a/build]   | [INFO] Downloading from central: https://repo.maven.apache.org/maven2/org/codehaus/plexus/plexus-component-annotations/1.5.5/plexus-component-annotations-1.5.5.pom
[f1979121-4a11-4b1e-a300-ac55b4d1270a/build]   | [INFO] Downloaded from central: https://repo.maven.apache.org/maven2/org/codehaus/plexus/plexus-component-annotations/1.5.5/plexus-component-annotations-1.5.5.pom (815 B at 136 kB/s)
[f1979121-4a11-4b1e-a300-ac55b4d1270a/build]   | [INFO] Downloading from central: https://repo.maven.apache.org/maven2/org/codehaus/plexus/plexus-containers/1.5.5/plexus-containers-1.5.5.pom
[f1979121-4a11-4b1e-a300-ac55b4d1270a/build]   | [INFO] Downloaded from central: https://repo.maven.apache.org/maven2/org/codehaus/plexus/plexus-containers/1.5.5/plexus-containers-1.5.5.pom (4.2 kB at 707 kB/s)
[f1979121-4a11-4b1e-a300-ac55b4d1270a/build]   | [INFO] Downloading from central: https://repo.maven.apache.org/maven2/org/codehaus/plexus/plexus/2.0.7/plexus-2.0.7.pom
[f1979121-4a11-4b1e-a300-ac55b4d1270a/build]   | [INFO] Downloaded from central: https://repo.maven.apache.org/maven2/org/codehaus/plexus/plexus/2.0.7/plexus-2.0.7.pom (17 kB at 1.9 MB/s)
[f1979121-4a11-4b1e-a300-ac55b4d1270a/build]   | [INFO] Downloading from central: https://repo.maven.apache.org/maven2/org/codehaus/plexus/plexus-java/1.1.2/plexus-java-1.1.2.pom
[f1979121-4a11-4b1e-a300-ac55b4d1270a/build]   | [INFO] Downloaded from central: https://repo.maven.apache.org/maven2/org/codehaus/plexus/plexus-java/1.1.2/plexus-java-1.1.2.pom (5.0 kB at 710 kB/s)
[f1979121-4a11-4b1e-a300-ac55b4d1270a/build]   | [INFO] Downloading from central: https://repo.maven.apache.org/maven2/org/codehaus/plexus/plexus-languages/1.1.2/plexus-languages-1.1.2.pom
[f1979121-4a11-4b1e-a300-ac55b4d1270a/build]   | [INFO] Downloaded from central: https://repo.maven.apache.org/maven2/org/codehaus/plexus/plexus-languages/1.1.2/plexus-languages-1.1.2.pom (4.1 kB at 592 kB/s)
[f1979121-4a11-4b1e-a300-ac55b4d1270a/build]   | [INFO] Downloading from central: https://repo.maven.apache.org/maven2/org/codehaus/plexus/plexus/10/plexus-10.pom
[f1979121-4a11-4b1e-a300-ac55b4d1270a/build]   | [INFO] Downloaded from central: https://repo.maven.apache.org/maven2/org/codehaus/plexus/plexus/10/plexus-10.pom (25 kB at 2.8 MB/s)
[f1979121-4a11-4b1e-a300-ac55b4d1270a/build]   | [INFO] Downloading from central: https://repo.maven.apache.org/maven2/org/ow2/asm/asm/9.4/asm-9.4.pom
[f1979121-4a11-4b1e-a300-ac55b4d1270a/build]   | [INFO] Downloaded from central: https://repo.maven.apache.org/maven2/org/ow2/asm/asm/9.4/asm-9.4.pom (2.4 kB at 339 kB/s)
[f1979121-4a11-4b1e-a300-ac55b4d1270a/build]   | [INFO] Downloading from central: https://repo.maven.apache.org/maven2/com/thoughtworks/qdox/qdox/2.0.3/qdox-2.0.3.pom
[f1979121-4a11-4b1e-a300-ac55b4d1270a/build]   | [INFO] Downloaded from central: https://repo.maven.apache.org/maven2/com/thoughtworks/qdox/qdox/2.0.3/qdox-2.0.3.pom (17 kB at 1.1 MB/s)
[f1979121-4a11-4b1e-a300-ac55b4d1270a/build]   | [INFO] Downloading from central: https://repo.maven.apache.org/maven2/org/sonatype/oss/oss-parent/9/oss-parent-9.pom
[f1979121-4a11-4b1e-a300-ac55b4d1270a/build]   | [INFO] Downloaded from central: https://repo.maven.apache.org/maven2/org/sonatype/oss/oss-parent/9/oss-parent-9.pom (6.6 kB at 469 kB/s)
[f1979121-4a11-4b1e-a300-ac55b4d1270a/build]   | [INFO] Downloading from central: https://repo.maven.apache.org/maven2/org/codehaus/plexus/plexus-compiler-api/2.13.0/plexus-compiler-api-2.13.0.pom
[f1979121-4a11-4b1e-a300-ac55b4d1270a/build]   | [INFO] Downloaded from central: https://repo.maven.apache.org/maven2/org/codehaus/plexus/plexus-compiler-api/2.13.0/plexus-compiler-api-2.13.0.pom (1.1 kB at 88 kB/s)
[f1979121-4a11-4b1e-a300-ac55b4d1270a/build]   | [INFO] Downloading from central: https://repo.maven.apache.org/maven2/org/codehaus/plexus/plexus-compiler/2.13.0/plexus-compiler-2.13.0.pom
[f1979121-4a11-4b1e-a300-ac55b4d1270a/build]   | [INFO] Downloaded from central: https://repo.maven.apache.org/maven2/org/codehaus/plexus/plexus-compiler/2.13.0/plexus-compiler-2.13.0.pom (8.4 kB at 1.2 MB/s)
[f1979121-4a11-4b1e-a300-ac55b4d1270a/build]   | [INFO] Downloading from central: https://repo.maven.apache.org/maven2/org/codehaus/plexus/plexus-components/10.0/plexus-components-10.0.pom
[f1979121-4a11-4b1e-a300-ac55b4d1270a/build]   | [INFO] Downloaded from central: https://repo.maven.apache.org/maven2/org/codehaus/plexus/plexus-components/10.0/plexus-components-10.0.pom (2.7 kB at 446 kB/s)
[f1979121-4a11-4b1e-a300-ac55b4d1270a/build]   | [INFO] Downloading from central: https://repo.maven.apache.org/maven2/org/codehaus/plexus/plexus-utils/3.5.0/plexus-utils-3.5.0.pom
[f1979121-4a11-4b1e-a300-ac55b4d1270a/build]   | [INFO] Downloaded from central: https://repo.maven.apache.org/maven2/org/codehaus/plexus/plexus-utils/3.5.0/plexus-utils-3.5.0.pom (8.0 kB at 1.3 MB/s)
[f1979121-4a11-4b1e-a300-ac55b4d1270a/build]   | [INFO] Downloading from central: https://repo.maven.apache.org/maven2/org/codehaus/plexus/plexus-compiler-manager/2.13.0/plexus-compiler-manager-2.13.0.pom
[f1979121-4a11-4b1e-a300-ac55b4d1270a/build]   | [INFO] Downloaded from central: https://repo.maven.apache.org/maven2/org/codehaus/plexus/plexus-compiler-manager/2.13.0/plexus-compiler-manager-2.13.0.pom (1.1 kB at 190 kB/s)
[f1979121-4a11-4b1e-a300-ac55b4d1270a/build]   | [INFO] Downloading from central: https://repo.maven.apache.org/maven2/org/codehaus/plexus/plexus-component-annotations/2.1.1/plexus-component-annotations-2.1.1.pom
[f1979121-4a11-4b1e-a300-ac55b4d1270a/build]   | [INFO] Downloaded from central: https://repo.maven.apache.org/maven2/org/codehaus/plexus/plexus-component-annotations/2.1.1/plexus-component-annotations-2.1.1.pom (770 B at 128 kB/s)
[f1979121-4a11-4b1e-a300-ac55b4d1270a/build]   | [INFO] Downloading from central: https://repo.maven.apache.org/maven2/org/codehaus/plexus/plexus-containers/2.1.1/plexus-containers-2.1.1.pom
[f1979121-4a11-4b1e-a300-ac55b4d1270a/build]   | [INFO] Downloaded from central: https://repo.maven.apache.org/maven2/org/codehaus/plexus/plexus-containers/2.1.1/plexus-containers-2.1.1.pom (6.0 kB at 755 kB/s)
[f1979121-4a11-4b1e-a300-ac55b4d1270a/build]   | [INFO] Downloading from central: https://repo.maven.apache.org/maven2/org/codehaus/plexus/plexus/6.5/plexus-6.5.pom
[f1979121-4a11-4b1e-a300-ac55b4d1270a/build]   | [INFO] Downloaded from central: https://repo.maven.apache.org/maven2/org/codehaus/plexus/plexus/6.5/plexus-6.5.pom (26 kB at 2.6 MB/s)
[f1979121-4a11-4b1e-a300-ac55b4d1270a/build]   | [INFO] Downloading from central: https://repo.maven.apache.org/maven2/org/codehaus/plexus/plexus-compiler-javac/2.13.0/plexus-compiler-javac-2.13.0.pom
[f1979121-4a11-4b1e-a300-ac55b4d1270a/build]   | [INFO] Downloaded from central: https://repo.maven.apache.org/maven2/org/codehaus/plexus/plexus-compiler-javac/2.13.0/plexus-compiler-javac-2.13.0.pom (1.2 kB at 172 kB/s)
[f1979121-4a11-4b1e-a300-ac55b4d1270a/build]   | [INFO] Downloading from central: https://repo.maven.apache.org/maven2/org/codehaus/plexus/plexus-compilers/2.13.0/plexus-compilers-2.13.0.pom
[f1979121-4a11-4b1e-a300-ac55b4d1270a/build]   | [INFO] Downloaded from central: https://repo.maven.apache.org/maven2/org/codehaus/plexus/plexus-compilers/2.13.0/plexus-compilers-2.13.0.pom (1.3 kB at 165 kB/s)
[f1979121-4a11-4b1e-a300-ac55b4d1270a/build]   | [INFO] Downloading from central: https://repo.maven.apache.org/maven2/org/apache/maven/shared/maven-shared-utils/3.3.4/maven-shared-utils-3.3.4.jar
[f1979121-4a11-4b1e-a300-ac55b4d1270a/build]   | [INFO] Downloading from central: https://repo.maven.apache.org/maven2/commons-io/commons-io/2.6/commons-io-2.6.jar
[f1979121-4a11-4b1e-a300-ac55b4d1270a/build]   | [INFO] Downloading from central: https://repo.maven.apache.org/maven2/org/apache/maven/shared/maven-shared-incremental/1.1/maven-shared-incremental-1.1.jar
[f1979121-4a11-4b1e-a300-ac55b4d1270a/build]   | [INFO] Downloading from central: https://repo.maven.apache.org/maven2/org/codehaus/plexus/plexus-component-annotations/1.5.5/plexus-component-annotations-1.5.5.jar
[f1979121-4a11-4b1e-a300-ac55b4d1270a/build]   | [INFO] Downloading from central: https://repo.maven.apache.org/maven2/org/codehaus/plexus/plexus-java/1.1.2/plexus-java-1.1.2.jar
[f1979121-4a11-4b1e-a300-ac55b4d1270a/build]   | [INFO] Downloaded from central: https://repo.maven.apache.org/maven2/org/codehaus/plexus/plexus-java/1.1.2/plexus-java-1.1.2.jar (55 kB at 3.0 MB/s)
[f1979121-4a11-4b1e-a300-ac55b4d1270a/build]   | [INFO] Downloading from central: https://repo.maven.apache.org/maven2/org/ow2/asm/asm/9.4/asm-9.4.jar
[f1979121-4a11-4b1e-a300-ac55b4d1270a/build]   | [INFO] Downloaded from central: https://repo.maven.apache.org/maven2/org/apache/maven/shared/maven-shared-utils/3.3.4/maven-shared-utils-3.3.4.jar (153 kB at 7.7 MB/s)
[f1979121-4a11-4b1e-a300-ac55b4d1270a/build]   | [INFO] Downloading from central: https://repo.maven.apache.org/maven2/com/thoughtworks/qdox/qdox/2.0.3/qdox-2.0.3.jar
[f1979121-4a11-4b1e-a300-ac55b4d1270a/build]   | [INFO] Downloaded from central: https://repo.maven.apache.org/maven2/org/apache/maven/shared/maven-shared-incremental/1.1/maven-shared-incremental-1.1.jar (14 kB at 615 kB/s)
[f1979121-4a11-4b1e-a300-ac55b4d1270a/build]   | [INFO] Downloading from central: https://repo.maven.apache.org/maven2/org/codehaus/plexus/plexus-compiler-api/2.13.0/plexus-compiler-api-2.13.0.jar
[f1979121-4a11-4b1e-a300-ac55b4d1270a/build]   | [INFO] Downloaded from central: https://repo.maven.apache.org/maven2/org/codehaus/plexus/plexus-component-annotations/1.5.5/plexus-component-annotations-1.5.5.jar (4.2 kB at 183 kB/s)
[f1979121-4a11-4b1e-a300-ac55b4d1270a/build]   | [INFO] Downloading from central: https://repo.maven.apache.org/maven2/org/codehaus/plexus/plexus-utils/3.5.0/plexus-utils-3.5.0.jar
[f1979121-4a11-4b1e-a300-ac55b4d1270a/build]   | [INFO] Downloaded from central: https://repo.maven.apache.org/maven2/commons-io/commons-io/2.6/commons-io-2.6.jar (215 kB at 6.9 MB/s)
[f1979121-4a11-4b1e-a300-ac55b4d1270a/build]   | [INFO] Downloading from central: https://repo.maven.apache.org/maven2/org/codehaus/plexus/plexus-compiler-manager/2.13.0/plexus-compiler-manager-2.13.0.jar
[f1979121-4a11-4b1e-a300-ac55b4d1270a/build]   | [INFO] Downloaded from central: https://repo.maven.apache.org/maven2/org/codehaus/plexus/plexus-compiler-api/2.13.0/plexus-compiler-api-2.13.0.jar (27 kB at 819 kB/s)
[f1979121-4a11-4b1e-a300-ac55b4d1270a/build]   | [INFO] Downloading from central: https://repo.maven.apache.org/maven2/org/codehaus/plexus/plexus-compiler-javac/2.13.0/plexus-compiler-javac-2.13.0.jar
[f1979121-4a11-4b1e-a300-ac55b4d1270a/build]   | [INFO] Downloaded from central: https://repo.maven.apache.org/maven2/com/thoughtworks/qdox/qdox/2.0.3/qdox-2.0.3.jar (334 kB at 8.6 MB/s)
[f1979121-4a11-4b1e-a300-ac55b4d1270a/build]   | [INFO] Downloaded from central: https://repo.maven.apache.org/maven2/org/ow2/asm/asm/9.4/asm-9.4.jar (122 kB at 3.1 MB/s)
[f1979121-4a11-4b1e-a300-ac55b4d1270a/build]   | [INFO] Downloaded from central: https://repo.maven.apache.org/maven2/org/codehaus/plexus/plexus-compiler-manager/2.13.0/plexus-compiler-manager-2.13.0.jar (4.7 kB at 116 kB/s)
[f1979121-4a11-4b1e-a300-ac55b4d1270a/build]   | [INFO] Downloaded from central: https://repo.maven.apache.org/maven2/org/codehaus/plexus/plexus-compiler-javac/2.13.0/plexus-compiler-javac-2.13.0.jar (23 kB at 530 kB/s)
[f1979121-4a11-4b1e-a300-ac55b4d1270a/build]   | [INFO] Downloaded from central: https://repo.maven.apache.org/maven2/org/codehaus/plexus/plexus-utils/3.5.0/plexus-utils-3.5.0.jar (267 kB at 5.9 MB/s)
[f1979121-4a11-4b1e-a300-ac55b4d1270a/build]   | [INFO] Changes detected - recompiling the module! :dependency
[f1979121-4a11-4b1e-a300-ac55b4d1270a/build]   | [INFO] Compiling 86 source files with javac [debug target 1.8] to target/classes
[f1979121-4a11-4b1e-a300-ac55b4d1270a/build]   | [WARNING] bootstrap class path not set in conjunction with -source 8
[f1979121-4a11-4b1e-a300-ac55b4d1270a/build]   | [INFO] /tmp/431117c4-a8a4-462d-b4ef-9b283d6b2f87/src/main/java/ch/jalu/configme/resource/MapNormalizer.java: Some input files use unchecked or unsafe operations.
[f1979121-4a11-4b1e-a300-ac55b4d1270a/build]   | [INFO] /tmp/431117c4-a8a4-462d-b4ef-9b283d6b2f87/src/main/java/ch/jalu/configme/resource/MapNormalizer.java: Recompile with -Xlint:unchecked for details.
[f1979121-4a11-4b1e-a300-ac55b4d1270a/build]   | [INFO] 
[f1979121-4a11-4b1e-a300-ac55b4d1270a/build]   | [INFO] --- maven-resources-plugin:2.6:testResources (default-testResources) @ configme ---
[f1979121-4a11-4b1e-a300-ac55b4d1270a/build]   | [INFO] Using 'UTF-8' encoding to copy filtered resources.
[f1979121-4a11-4b1e-a300-ac55b4d1270a/build]   | [INFO] Copying 23 resources
[f1979121-4a11-4b1e-a300-ac55b4d1270a/build]   | [INFO] 
[f1979121-4a11-4b1e-a300-ac55b4d1270a/build]   | [INFO] --- maven-compiler-plugin:3.11.0:testCompile (default-testCompile) @ configme ---
[f1979121-4a11-4b1e-a300-ac55b4d1270a/build]   | [INFO] Changes detected - recompiling the module! :dependency
[f1979121-4a11-4b1e-a300-ac55b4d1270a/build]   | [INFO] Compiling 132 source files with javac [debug target 1.8] to target/test-classes
[f1979121-4a11-4b1e-a300-ac55b4d1270a/build]   | [WARNING] bootstrap class path not set in conjunction with -source 8
[f1979121-4a11-4b1e-a300-ac55b4d1270a/build]   | [INFO] /tmp/431117c4-a8a4-462d-b4ef-9b283d6b2f87/src/test/java/ch/jalu/configme/resource/YamlFileReaderTest.java: /tmp/431117c4-a8a4-462d-b4ef-9b283d6b2f87/src/test/java/ch/jalu/configme/resource/YamlFileReaderTest.java uses or overrides a deprecated API.
[f1979121-4a11-4b1e-a300-ac55b4d1270a/build]   | [INFO] /tmp/431117c4-a8a4-462d-b4ef-9b283d6b2f87/src/test/java/ch/jalu/configme/resource/YamlFileReaderTest.java: Recompile with -Xlint:deprecation for details.
[f1979121-4a11-4b1e-a300-ac55b4d1270a/build]   | [INFO] /tmp/431117c4-a8a4-462d-b4ef-9b283d6b2f87/src/test/java/ch/jalu/configme/migration/PlainMigrationServiceTest.java: Some input files use unchecked or unsafe operations.
[f1979121-4a11-4b1e-a300-ac55b4d1270a/build]   | [INFO] /tmp/431117c4-a8a4-462d-b4ef-9b283d6b2f87/src/test/java/ch/jalu/configme/migration/PlainMigrationServiceTest.java: Recompile with -Xlint:unchecked for details.
[f1979121-4a11-4b1e-a300-ac55b4d1270a/build]   | [INFO] 
[f1979121-4a11-4b1e-a300-ac55b4d1270a/build]   | [INFO] --- maven-surefire-plugin:3.1.2:test (default-test) @ configme ---
[f1979121-4a11-4b1e-a300-ac55b4d1270a/build]   | [INFO] Downloading from central: https://repo.maven.apache.org/maven2/org/apache/maven/surefire/maven-surefire-common/3.1.2/maven-surefire-common-3.1.2.pom
[f1979121-4a11-4b1e-a300-ac55b4d1270a/build]   | [INFO] Downloaded from central: https://repo.maven.apache.org/maven2/org/apache/maven/surefire/maven-surefire-common/3.1.2/maven-surefire-common-3.1.2.pom (6.1 kB at 226 kB/s)
[f1979121-4a11-4b1e-a300-ac55b4d1270a/build]   | [INFO] Downloading from central: https://repo.maven.apache.org/maven2/org/apache/maven/surefire/surefire-api/3.1.2/surefire-api-3.1.2.pom
[f1979121-4a11-4b1e-a300-ac55b4d1270a/build]   | [INFO] Downloaded from central: https://repo.maven.apache.org/maven2/org/apache/maven/surefire/surefire-api/3.1.2/surefire-api-3.1.2.pom (3.5 kB at 186 kB/s)
[f1979121-4a11-4b1e-a300-ac55b4d1270a/build]   | [INFO] Downloading from central: https://repo.maven.apache.org/maven2/org/apache/maven/surefire/surefire-logger-api/3.1.2/surefire-logger-api-3.1.2.pom
[f1979121-4a11-4b1e-a300-ac55b4d1270a/build]   | [INFO] Downloaded from central: https://repo.maven.apache.org/maven2/org/apache/maven/surefire/surefire-logger-api/3.1.2/surefire-logger-api-3.1.2.pom (3.3 kB at 233 kB/s)
[f1979121-4a11-4b1e-a300-ac55b4d1270a/build]   | [INFO] Downloading from central: https://repo.maven.apache.org/maven2/org/apache/maven/surefire/surefire-shared-utils/3.1.2/surefire-shared-utils-3.1.2.pom
[f1979121-4a11-4b1e-a300-ac55b4d1270a/build]   | [INFO] Downloaded from central: https://repo.maven.apache.org/maven2/org/apache/maven/surefire/surefire-shared-utils/3.1.2/surefire-shared-utils-3.1.2.pom (4.1 kB at 271 kB/s)
[f1979121-4a11-4b1e-a300-ac55b4d1270a/build]   | [INFO] Downloading from central: https://repo.maven.apache.org/maven2/org/apache/maven/surefire/surefire-extensions-api/3.1.2/surefire-extensions-api-3.1.2.pom
[f1979121-4a11-4b1e-a300-ac55b4d1270a/build]   | [INFO] Downloaded from central: https://repo.maven.apache.org/maven2/org/apache/maven/surefire/surefire-extensions-api/3.1.2/surefire-extensions-api-3.1.2.pom (3.3 kB at 157 kB/s)
[f1979121-4a11-4b1e-a300-ac55b4d1270a/build]   | [INFO] Downloading from central: https://repo.maven.apache.org/maven2/org/apache/maven/surefire/surefire-booter/3.1.2/surefire-booter-3.1.2.pom
[f1979121-4a11-4b1e-a300-ac55b4d1270a/build]   | [INFO] Downloaded from central: https://repo.maven.apache.org/maven2/org/apache/maven/surefire/surefire-booter/3.1.2/surefire-booter-3.1.2.pom (4.5 kB at 87 kB/s)
[f1979121-4a11-4b1e-a300-ac55b4d1270a/build]   | [INFO] Downloading from central: https://repo.maven.apache.org/maven2/org/apache/maven/surefire/surefire-extensions-spi/3.1.2/surefire-extensions-spi-3.1.2.pom
[f1979121-4a11-4b1e-a300-ac55b4d1270a/build]   | [INFO] Downloaded from central: https://repo.maven.apache.org/maven2/org/apache/maven/surefire/surefire-extensions-spi/3.1.2/surefire-extensions-spi-3.1.2.pom (1.8 kB at 48 kB/s)
[f1979121-4a11-4b1e-a300-ac55b4d1270a/build]   | [INFO] Downloading from central: https://repo.maven.apache.org/maven2/org/eclipse/aether/aether-util/1.0.0.v20140518/aether-util-1.0.0.v20140518.pom
[f1979121-4a11-4b1e-a300-ac55b4d1270a/build]   | [INFO] Downloaded from central: https://repo.maven.apache.org/maven2/org/eclipse/aether/aether-util/1.0.0.v20140518/aether-util-1.0.0.v20140518.pom (2.2 kB at 54 kB/s)
[f1979121-4a11-4b1e-a300-ac55b4d1270a/build]   | [INFO] Downloading from central: https://repo.maven.apache.org/maven2/org/eclipse/aether/aether/1.0.0.v20140518/aether-1.0.0.v20140518.pom
[f1979121-4a11-4b1e-a300-ac55b4d1270a/build]   | [INFO] Downloaded from central: https://repo.maven.apache.org/maven2/org/eclipse/aether/aether/1.0.0.v20140518/aether-1.0.0.v20140518.pom (30 kB at 1.7 MB/s)
[f1979121-4a11-4b1e-a300-ac55b4d1270a/build]   | [INFO] Downloading from central: https://repo.maven.apache.org/maven2/org/eclipse/aether/aether-api/1.0.0.v20140518/aether-api-1.0.0.v20140518.pom
[f1979121-4a11-4b1e-a300-ac55b4d1270a/build]   | [INFO] Downloaded from central: https://repo.maven.apache.org/maven2/org/eclipse/aether/aether-api/1.0.0.v20140518/aether-api-1.0.0.v20140518.pom (1.9 kB at 63 kB/s)
[f1979121-4a11-4b1e-a300-ac55b4d1270a/build]   | [INFO] Downloading from central: https://repo.maven.apache.org/maven2/org/apache/maven/shared/maven-common-artifact-filters/3.1.1/maven-common-artifact-filters-3.1.1.pom
[f1979121-4a11-4b1e-a300-ac55b4d1270a/build]   | [INFO] Downloaded from central: https://repo.maven.apache.org/maven2/org/apache/maven/shared/maven-common-artifact-filters/3.1.1/maven-common-artifact-filters-3.1.1.pom (5.8 kB at 414 kB/s)
[f1979121-4a11-4b1e-a300-ac55b4d1270a/build]   | [INFO] Downloading from central: https://repo.maven.apache.org/maven2/org/apache/maven/maven-artifact/3.2.5/maven-artifact-3.2.5.pom
[f1979121-4a11-4b1e-a300-ac55b4d1270a/build]   | [INFO] Downloaded from central: https://repo.maven.apache.org/maven2/org/apache/maven/maven-artifact/3.2.5/maven-artifact-3.2.5.pom (2.3 kB at 94 kB/s)
[f1979121-4a11-4b1e-a300-ac55b4d1270a/build]   | [INFO] Downloading from central: https://repo.maven.apache.org/maven2/org/apache/maven/maven/3.2.5/maven-3.2.5.pom
[f1979121-4a11-4b1e-a300-ac55b4d1270a/build]   | [INFO] Downloaded from central: https://repo.maven.apache.org/maven2/org/apache/maven/maven/3.2.5/maven-3.2.5.pom (22 kB at 1.3 MB/s)
[f1979121-4a11-4b1e-a300-ac55b4d1270a/build]   | [INFO] Downloading from central: https://repo.maven.apache.org/maven2/org/apache/maven/maven-parent/25/maven-parent-25.pom
[f1979121-4a11-4b1e-a300-ac55b4d1270a/build]   | [INFO] Downloaded from central: https://repo.maven.apache.org/maven2/org/apache/maven/maven-parent/25/maven-parent-25.pom (37 kB at 3.4 MB/s)
[f1979121-4a11-4b1e-a300-ac55b4d1270a/build]   | [INFO] Downloading from central: https://repo.maven.apache.org/maven2/org/apache/apache/15/apache-15.pom
[f1979121-4a11-4b1e-a300-ac55b4d1270a/build]   | [INFO] Downloaded from central: https://repo.maven.apache.org/maven2/org/apache/apache/15/apache-15.pom (15 kB at 1.2 MB/s)
[f1979121-4a11-4b1e-a300-ac55b4d1270a/build]   | [INFO] Downloading from central: https://repo.maven.apache.org/maven2/org/apache/maven/maven-core/3.2.5/maven-core-3.2.5.pom
[f1979121-4a11-4b1e-a300-ac55b4d1270a/build]   | [INFO] Downloaded from central: https://repo.maven.apache.org/maven2/org/apache/maven/maven-core/3.2.5/maven-core-3.2.5.pom (8.1 kB at 384 kB/s)
[f1979121-4a11-4b1e-a300-ac55b4d1270a/build]   | [INFO] Downloading from central: https://repo.maven.apache.org/maven2/org/apache/maven/maven-settings/3.2.5/maven-settings-3.2.5.pom
[f1979121-4a11-4b1e-a300-ac55b4d1270a/build]   | [INFO] Downloaded from central: https://repo.maven.apache.org/maven2/org/apache/maven/maven-settings/3.2.5/maven-settings-3.2.5.pom (2.2 kB at 121 kB/s)
[f1979121-4a11-4b1e-a300-ac55b4d1270a/build]   | [INFO] Downloading from central: https://repo.maven.apache.org/maven2/org/apache/maven/maven-settings-builder/3.2.5/maven-settings-builder-3.2.5.pom
[f1979121-4a11-4b1e-a300-ac55b4d1270a/build]   | [INFO] Downloaded from central: https://repo.maven.apache.org/maven2/org/apache/maven/maven-settings-builder/3.2.5/maven-settings-builder-3.2.5.pom (2.6 kB at 260 kB/s)
[f1979121-4a11-4b1e-a300-ac55b4d1270a/build]   | [INFO] Downloading from central: https://repo.maven.apache.org/maven2/org/codehaus/plexus/plexus-interpolation/1.21/plexus-interpolation-1.21.pom
[f1979121-4a11-4b1e-a300-ac55b4d1270a/build]   | [INFO] Downloaded from central: https://repo.maven.apache.org/maven2/org/codehaus/plexus/plexus-interpolation/1.21/plexus-interpolation-1.21.pom (1.5 kB at 86 kB/s)
[f1979121-4a11-4b1e-a300-ac55b4d1270a/build]   | [INFO] Downloading from central: https://repo.maven.apache.org/maven2/org/codehaus/plexus/plexus-components/1.3.1/plexus-components-1.3.1.pom
[f1979121-4a11-4b1e-a300-ac55b4d1270a/build]   | [INFO] Downloaded from central: https://repo.maven.apache.org/maven2/org/codehaus/plexus/plexus-components/1.3.1/plexus-components-1.3.1.pom (3.1 kB at 139 kB/s)
[f1979121-4a11-4b1e-a300-ac55b4d1270a/build]   | [INFO] Downloading from central: https://repo.maven.apache.org/maven2/org/codehaus/plexus/plexus/3.3.1/plexus-3.3.1.pom
[f1979121-4a11-4b1e-a300-ac55b4d1270a/build]   | [INFO] Downloaded from central: https://repo.maven.apache.org/maven2/org/codehaus/plexus/plexus/3.3.1/plexus-3.3.1.pom (20 kB at 818 kB/s)
[f1979121-4a11-4b1e-a300-ac55b4d1270a/build]   | [INFO] Downloading from central: https://repo.maven.apache.org/maven2/org/sonatype/spice/spice-parent/17/spice-parent-17.pom
[f1979121-4a11-4b1e-a300-ac55b4d1270a/build]   | [INFO] Downloaded from central: https://repo.maven.apache.org/maven2/org/sonatype/spice/spice-parent/17/spice-parent-17.pom (6.8 kB at 356 kB/s)
[f1979121-4a11-4b1e-a300-ac55b4d1270a/build]   | [INFO] Downloading from central: https://repo.maven.apache.org/maven2/org/sonatype/plexus/plexus-sec-dispatcher/1.3/plexus-sec-dispatcher-1.3.pom
[f1979121-4a11-4b1e-a300-ac55b4d1270a/build]   | [INFO] Downloaded from central: https://repo.maven.apache.org/maven2/org/sonatype/plexus/plexus-sec-dispatcher/1.3/plexus-sec-dispatcher-1.3.pom (3.0 kB at 228 kB/s)
[f1979121-4a11-4b1e-a300-ac55b4d1270a/build]   | [INFO] Downloading from central: https://repo.maven.apache.org/maven2/org/sonatype/spice/spice-parent/12/spice-parent-12.pom
[f1979121-4a11-4b1e-a300-ac55b4d1270a/build]   | [INFO] Downloaded from central: https://repo.maven.apache.org/maven2/org/sonatype/spice/spice-parent/12/spice-parent-12.pom (6.8 kB at 324 kB/s)
[f1979121-4a11-4b1e-a300-ac55b4d1270a/build]   | [INFO] Downloading from central: https://repo.maven.apache.org/maven2/org/sonatype/forge/forge-parent/4/forge-parent-4.pom
[f1979121-4a11-4b1e-a300-ac55b4d1270a/build]   | [INFO] Downloaded from central: https://repo.maven.apache.org/maven2/org/sonatype/forge/forge-parent/4/forge-parent-4.pom (8.4 kB at 311 kB/s)
[f1979121-4a11-4b1e-a300-ac55b4d1270a/build]   | [INFO] Downloading from central: https://repo.maven.apache.org/maven2/org/sonatype/plexus/plexus-cipher/1.4/plexus-cipher-1.4.pom
[f1979121-4a11-4b1e-a300-ac55b4d1270a/build]   | [INFO] Downloaded from central: https://repo.maven.apache.org/maven2/org/sonatype/plexus/plexus-cipher/1.4/plexus-cipher-1.4.pom (2.1 kB at 69 kB/s)
[f1979121-4a11-4b1e-a300-ac55b4d1270a/build]   | [INFO] Downloading from central: https://repo.maven.apache.org/maven2/org/apache/maven/maven-repository-metadata/3.2.5/maven-repository-metadata-3.2.5.pom
[f1979121-4a11-4b1e-a300-ac55b4d1270a/build]   | [INFO] Downloaded from central: https://repo.maven.apache.org/maven2/org/apache/maven/maven-repository-metadata/3.2.5/maven-repository-metadata-3.2.5.pom (2.2 kB at 86 kB/s)
[f1979121-4a11-4b1e-a300-ac55b4d1270a/build]   | [INFO] Downloading from central: https://repo.maven.apache.org/maven2/org/apache/maven/maven-plugin-api/3.2.5/maven-plugin-api-3.2.5.pom
[f1979121-4a11-4b1e-a300-ac55b4d1270a/build]   | [INFO] Downloaded from central: https://repo.maven.apache.org/maven2/org/apache/maven/maven-plugin-api/3.2.5/maven-plugin-api-3.2.5.pom (3.0 kB at 178 kB/s)
[f1979121-4a11-4b1e-a300-ac55b4d1270a/build]   | [INFO] Downloading from central: https://repo.maven.apache.org/maven2/org/eclipse/sisu/org.eclipse.sisu.plexus/0.3.5/org.eclipse.sisu.plexus-0.3.5.pom
[f1979121-4a11-4b1e-a300-ac55b4d1270a/build]   | [INFO] Downloaded from central: https://repo.maven.apache.org/maven2/org/eclipse/sisu/org.eclipse.sisu.plexus/0.3.5/org.eclipse.sisu.plexus-0.3.5.pom (4.3 kB at 390 kB/s)
[f1979121-4a11-4b1e-a300-ac55b4d1270a/build]   | [INFO] Downloading from central: https://repo.maven.apache.org/maven2/org/eclipse/sisu/sisu-plexus/0.3.5/sisu-plexus-0.3.5.pom
[f1979121-4a11-4b1e-a300-ac55b4d1270a/build]   | [INFO] Downloaded from central: https://repo.maven.apache.org/maven2/org/eclipse/sisu/sisu-plexus/0.3.5/sisu-plexus-0.3.5.pom (14 kB at 654 kB/s)
[f1979121-4a11-4b1e-a300-ac55b4d1270a/build]   | [INFO] Downloading from central: https://repo.maven.apache.org/maven2/javax/annotation/javax.annotation-api/1.2/javax.annotation-api-1.2.pom
[f1979121-4a11-4b1e-a300-ac55b4d1270a/build]   | [INFO] Downloaded from central: https://repo.maven.apache.org/maven2/javax/annotation/javax.annotation-api/1.2/javax.annotation-api-1.2.pom (13 kB at 959 kB/s)
[f1979121-4a11-4b1e-a300-ac55b4d1270a/build]   | [INFO] Downloading from central: https://repo.maven.apache.org/maven2/net/java/jvnet-parent/3/jvnet-parent-3.pom
[f1979121-4a11-4b1e-a300-ac55b4d1270a/build]   | [INFO] Downloaded from central: https://repo.maven.apache.org/maven2/net/java/jvnet-parent/3/jvnet-parent-3.pom (4.8 kB at 342 kB/s)
[f1979121-4a11-4b1e-a300-ac55b4d1270a/build]   | [INFO] Downloading from central: https://repo.maven.apache.org/maven2/javax/enterprise/cdi-api/1.2/cdi-api-1.2.pom
[f1979121-4a11-4b1e-a300-ac55b4d1270a/build]   | [INFO] Downloaded from central: https://repo.maven.apache.org/maven2/javax/enterprise/cdi-api/1.2/cdi-api-1.2.pom (6.3 kB at 418 kB/s)
[f1979121-4a11-4b1e-a300-ac55b4d1270a/build]   | [INFO] Downloading from central: https://repo.maven.apache.org/maven2/org/jboss/weld/weld-parent/26/weld-parent-26.pom
[f1979121-4a11-4b1e-a300-ac55b4d1270a/build]   | [INFO] Downloaded from central: https://repo.maven.apache.org/maven2/org/jboss/weld/weld-parent/26/weld-parent-26.pom (32 kB at 2.2 MB/s)
[f1979121-4a11-4b1e-a300-ac55b4d1270a/build]   | [INFO] Downloading from central: https://repo.maven.apache.org/maven2/javax/inject/javax.inject/1/javax.inject-1.pom
[f1979121-4a11-4b1e-a300-ac55b4d1270a/build]   | [INFO] Downloaded from central: https://repo.maven.apache.org/maven2/javax/inject/javax.inject/1/javax.inject-1.pom (612 B at 28 kB/s)
[f1979121-4a11-4b1e-a300-ac55b4d1270a/build]   | [INFO] Downloading from central: https://repo.maven.apache.org/maven2/org/eclipse/sisu/org.eclipse.sisu.inject/0.3.5/org.eclipse.sisu.inject-0.3.5.pom
[f1979121-4a11-4b1e-a300-ac55b4d1270a/build]   | [INFO] Downloaded from central: https://repo.maven.apache.org/maven2/org/eclipse/sisu/org.eclipse.sisu.inject/0.3.5/org.eclipse.sisu.inject-0.3.5.pom (2.6 kB at 262 kB/s)
[f1979121-4a11-4b1e-a300-ac55b4d1270a/build]   | [INFO] Downloading from central: https://repo.maven.apache.org/maven2/org/eclipse/sisu/sisu-inject/0.3.5/sisu-inject-0.3.5.pom
[f1979121-4a11-4b1e-a300-ac55b4d1270a/build]   | [INFO] Downloaded from central: https://repo.maven.apache.org/maven2/org/eclipse/sisu/sisu-inject/0.3.5/sisu-inject-0.3.5.pom (14 kB at 847 kB/s)
[f1979121-4a11-4b1e-a300-ac55b4d1270a/build]   | [INFO] Downloading from central: https://repo.maven.apache.org/maven2/org/codehaus/plexus/plexus-classworlds/2.5.2/plexus-classworlds-2.5.2.pom
[f1979121-4a11-4b1e-a300-ac55b4d1270a/build]   | [INFO] Downloaded from central: https://repo.maven.apache.org/maven2/org/codehaus/plexus/plexus-classworlds/2.5.2/plexus-classworlds-2.5.2.pom (7.3 kB at 271 kB/s)
[f1979121-4a11-4b1e-a300-ac55b4d1270a/build]   | [INFO] Downloading from central: https://repo.maven.apache.org/maven2/org/apache/maven/maven-model-builder/3.2.5/maven-model-builder-3.2.5.pom
[f1979121-4a11-4b1e-a300-ac55b4d1270a/build]   | [INFO] Downloaded from central: https://repo.maven.apache.org/maven2/org/apache/maven/maven-model-builder/3.2.5/maven-model-builder-3.2.5.pom (3.0 kB at 120 kB/s)
[f1979121-4a11-4b1e-a300-ac55b4d1270a/build]   | [INFO] Downloading from central: https://repo.maven.apache.org/maven2/org/apache/maven/maven-aether-provider/3.2.5/maven-aether-provider-3.2.5.pom
[f1979121-4a11-4b1e-a300-ac55b4d1270a/build]   | [INFO] Downloaded from central: https://repo.maven.apache.org/maven2/org/apache/maven/maven-aether-provider/3.2.5/maven-aether-provider-3.2.5.pom (4.2 kB at 224 kB/s)
[f1979121-4a11-4b1e-a300-ac55b4d1270a/build]   | [INFO] Downloading from central: https://repo.maven.apache.org/maven2/org/eclipse/aether/aether-spi/1.0.0.v20140518/aether-spi-1.0.0.v20140518.pom
[f1979121-4a11-4b1e-a300-ac55b4d1270a/build]   | [INFO] Downloaded from central: https://repo.maven.apache.org/maven2/org/eclipse/aether/aether-spi/1.0.0.v20140518/aether-spi-1.0.0.v20140518.pom (2.1 kB at 76 kB/s)
[f1979121-4a11-4b1e-a300-ac55b4d1270a/build]   | [INFO] Downloading from central: https://repo.maven.apache.org/maven2/org/eclipse/aether/aether-impl/1.0.0.v20140518/aether-impl-1.0.0.v20140518.pom
[f1979121-4a11-4b1e-a300-ac55b4d1270a/build]   | [INFO] Downloaded from central: https://repo.maven.apache.org/maven2/org/eclipse/aether/aether-impl/1.0.0.v20140518/aether-impl-1.0.0.v20140518.pom (3.5 kB at 248 kB/s)
[f1979121-4a11-4b1e-a300-ac55b4d1270a/build]   | [INFO] Downloading from central: https://repo.maven.apache.org/maven2/org/sonatype/sisu/sisu-guice/3.2.3/sisu-guice-3.2.3.pom
[f1979121-4a11-4b1e-a300-ac55b4d1270a/build]   | [INFO] Downloaded from central: https://repo.maven.apache.org/maven2/org/sonatype/sisu/sisu-guice/3.2.3/sisu-guice-3.2.3.pom (11 kB at 643 kB/s)
[f1979121-4a11-4b1e-a300-ac55b4d1270a/build]   | [INFO] Downloading from central: https://repo.maven.apache.org/maven2/org/sonatype/sisu/inject/guice-parent/3.2.3/guice-parent-3.2.3.pom
[f1979121-4a11-4b1e-a300-ac55b4d1270a/build]   | [INFO] Downloaded from central: https://repo.maven.apache.org/maven2/org/sonatype/sisu/inject/guice-parent/3.2.3/guice-parent-3.2.3.pom (13 kB at 962 kB/s)
[f1979121-4a11-4b1e-a300-ac55b4d1270a/build]   | [INFO] Downloading from central: https://repo.maven.apache.org/maven2/org/sonatype/forge/forge-parent/38/forge-parent-38.pom
[f1979121-4a11-4b1e-a300-ac55b4d1270a/build]   | [INFO] Downloaded from central: https://repo.maven.apache.org/maven2/org/sonatype/forge/forge-parent/38/forge-parent-38.pom (19 kB at 399 kB/s)
[f1979121-4a11-4b1e-a300-ac55b4d1270a/build]   | [INFO] Downloading from central: https://repo.maven.apache.org/maven2/aopalliance/aopalliance/1.0/aopalliance-1.0.pom
[f1979121-4a11-4b1e-a300-ac55b4d1270a/build]   | [INFO] Downloaded from central: https://repo.maven.apache.org/maven2/aopalliance/aopalliance/1.0/aopalliance-1.0.pom (363 B at 16 kB/s)
[f1979121-4a11-4b1e-a300-ac55b4d1270a/build]   | [INFO] Downloading from central: https://repo.maven.apache.org/maven2/com/google/guava/guava/16.0.1/guava-16.0.1.pom
[f1979121-4a11-4b1e-a300-ac55b4d1270a/build]   | [INFO] Downloaded from central: https://repo.maven.apache.org/maven2/com/google/guava/guava/16.0.1/guava-16.0.1.pom (6.1 kB at 120 kB/s)
[f1979121-4a11-4b1e-a300-ac55b4d1270a/build]   | [INFO] Downloading from central: https://repo.maven.apache.org/maven2/com/google/guava/guava-parent/16.0.1/guava-parent-16.0.1.pom
[f1979121-4a11-4b1e-a300-ac55b4d1270a/build]   | [INFO] Downloaded from central: https://repo.maven.apache.org/maven2/com/google/guava/guava-parent/16.0.1/guava-parent-16.0.1.pom (7.3 kB at 293 kB/s)
[f1979121-4a11-4b1e-a300-ac55b4d1270a/build]   | [INFO] Downloading from central: https://repo.maven.apache.org/maven2/org/sonatype/oss/oss-parent/7/oss-parent-7.pom
[f1979121-4a11-4b1e-a300-ac55b4d1270a/build]   | [INFO] Downloaded from central: https://repo.maven.apache.org/maven2/org/sonatype/oss/oss-parent/7/oss-parent-7.pom (4.8 kB at 118 kB/s)
[f1979121-4a11-4b1e-a300-ac55b4d1270a/build]   | [INFO] Downloading from central: https://repo.maven.apache.org/maven2/commons-io/commons-io/2.12.0/commons-io-2.12.0.pom
[f1979121-4a11-4b1e-a300-ac55b4d1270a/build]   | [INFO] Downloaded from central: https://repo.maven.apache.org/maven2/commons-io/commons-io/2.12.0/commons-io-2.12.0.pom (20 kB at 1.1 MB/s)
[f1979121-4a11-4b1e-a300-ac55b4d1270a/build]   | [INFO] Downloading from central: https://repo.maven.apache.org/maven2/org/apache/commons/commons-parent/57/commons-parent-57.pom
[f1979121-4a11-4b1e-a300-ac55b4d1270a/build]   | [INFO] Downloaded from central: https://repo.maven.apache.org/maven2/org/apache/commons/commons-parent/57/commons-parent-57.pom (83 kB at 3.8 MB/s)
[f1979121-4a11-4b1e-a300-ac55b4d1270a/build]   | [INFO] Downloading from central: https://repo.maven.apache.org/maven2/org/junit/junit-bom/5.9.2/junit-bom-5.9.2.pom
[f1979121-4a11-4b1e-a300-ac55b4d1270a/build]   | [INFO] Downloaded from central: https://repo.maven.apache.org/maven2/org/junit/junit-bom/5.9.2/junit-bom-5.9.2.pom (5.6 kB at 804 kB/s)
[f1979121-4a11-4b1e-a300-ac55b4d1270a/build]   | [INFO] Downloading from central: https://repo.maven.apache.org/maven2/org/apache/maven/surefire/maven-surefire-common/3.1.2/maven-surefire-common-3.1.2.jar
[f1979121-4a11-4b1e-a300-ac55b4d1270a/build]   | [INFO] Downloading from central: https://repo.maven.apache.org/maven2/org/apache/maven/surefire/surefire-api/3.1.2/surefire-api-3.1.2.jar
[f1979121-4a11-4b1e-a300-ac55b4d1270a/build]   | [INFO] Downloading from central: https://repo.maven.apache.org/maven2/org/apache/maven/surefire/surefire-logger-api/3.1.2/surefire-logger-api-3.1.2.jar
[f1979121-4a11-4b1e-a300-ac55b4d1270a/build]   | [INFO] Downloading from central: https://repo.maven.apache.org/maven2/org/apache/maven/surefire/surefire-extensions-api/3.1.2/surefire-extensions-api-3.1.2.jar
[f1979121-4a11-4b1e-a300-ac55b4d1270a/build]   | [INFO] Downloading from central: https://repo.maven.apache.org/maven2/org/apache/maven/surefire/surefire-booter/3.1.2/surefire-booter-3.1.2.jar
[f1979121-4a11-4b1e-a300-ac55b4d1270a/build]   | [INFO] Downloaded from central: https://repo.maven.apache.org/maven2/org/apache/maven/surefire/surefire-logger-api/3.1.2/surefire-logger-api-3.1.2.jar (14 kB at 647 kB/s)
[f1979121-4a11-4b1e-a300-ac55b4d1270a/build]   | [INFO] Downloading from central: https://repo.maven.apache.org/maven2/org/apache/maven/surefire/surefire-extensions-spi/3.1.2/surefire-extensions-spi-3.1.2.jar
[f1979121-4a11-4b1e-a300-ac55b4d1270a/build]   | [INFO] Downloaded from central: https://repo.maven.apache.org/maven2/org/apache/maven/surefire/surefire-extensions-api/3.1.2/surefire-extensions-api-3.1.2.jar (26 kB at 1.1 MB/s)
[f1979121-4a11-4b1e-a300-ac55b4d1270a/build]   | [INFO] Downloading from central: https://repo.maven.apache.org/maven2/org/eclipse/aether/aether-util/1.0.0.v20140518/aether-util-1.0.0.v20140518.jar
[f1979121-4a11-4b1e-a300-ac55b4d1270a/build]   | [INFO] Downloaded from central: https://repo.maven.apache.org/maven2/org/apache/maven/surefire/surefire-api/3.1.2/surefire-api-3.1.2.jar (171 kB at 4.7 MB/s)
[f1979121-4a11-4b1e-a300-ac55b4d1270a/build]   | [INFO] Downloading from central: https://repo.maven.apache.org/maven2/org/eclipse/aether/aether-api/1.0.0.v20140518/aether-api-1.0.0.v20140518.jar
[f1979121-4a11-4b1e-a300-ac55b4d1270a/build]   | [INFO] Downloaded from central: https://repo.maven.apache.org/maven2/org/apache/maven/surefire/surefire-booter/3.1.2/surefire-booter-3.1.2.jar (118 kB at 3.7 MB/s)
[f1979121-4a11-4b1e-a300-ac55b4d1270a/build]   | [INFO] Downloading from central: https://repo.maven.apache.org/maven2/org/apache/maven/shared/maven-common-artifact-filters/3.1.1/maven-common-artifact-filters-3.1.1.jar
[f1979121-4a11-4b1e-a300-ac55b4d1270a/build]   | [INFO] Downloaded from central: https://repo.maven.apache.org/maven2/org/apache/maven/surefire/maven-surefire-common/3.1.2/maven-surefire-common-3.1.2.jar (306 kB at 7.5 MB/s)
[f1979121-4a11-4b1e-a300-ac55b4d1270a/build]   | [INFO] Downloading from central: https://repo.maven.apache.org/maven2/commons-io/commons-io/2.12.0/commons-io-2.12.0.jar
[f1979121-4a11-4b1e-a300-ac55b4d1270a/build]   | [INFO] Downloaded from central: https://repo.maven.apache.org/maven2/org/apache/maven/surefire/surefire-extensions-spi/3.1.2/surefire-extensions-spi-3.1.2.jar (8.2 kB at 204 kB/s)
[f1979121-4a11-4b1e-a300-ac55b4d1270a/build]   | [INFO] Downloading from central: https://repo.maven.apache.org/maven2/org/apache/maven/surefire/surefire-shared-utils/3.1.2/surefire-shared-utils-3.1.2.jar
[f1979121-4a11-4b1e-a300-ac55b4d1270a/build]   | [INFO] Downloaded from central: https://repo.maven.apache.org/maven2/org/eclipse/aether/aether-util/1.0.0.v20140518/aether-util-1.0.0.v20140518.jar (146 kB at 3.0 MB/s)
[f1979121-4a11-4b1e-a300-ac55b4d1270a/build]   | [INFO] Downloaded from central: https://repo.maven.apache.org/maven2/org/apache/maven/shared/maven-common-artifact-filters/3.1.1/maven-common-artifact-filters-3.1.1.jar (61 kB at 936 kB/s)
[f1979121-4a11-4b1e-a300-ac55b4d1270a/build]   | [INFO] Downloaded from central: https://repo.maven.apache.org/maven2/org/eclipse/aether/aether-api/1.0.0.v20140518/aether-api-1.0.0.v20140518.jar (136 kB at 2.1 MB/s)
[f1979121-4a11-4b1e-a300-ac55b4d1270a/build]   | [INFO] Downloaded from central: https://repo.maven.apache.org/maven2/commons-io/commons-io/2.12.0/commons-io-2.12.0.jar (474 kB at 6.5 MB/s)
[f1979121-4a11-4b1e-a300-ac55b4d1270a/build]   | [INFO] Downloaded from central: https://repo.maven.apache.org/maven2/org/apache/maven/surefire/surefire-shared-utils/3.1.2/surefire-shared-utils-3.1.2.jar (2.3 MB at 11 MB/s)
[f1979121-4a11-4b1e-a300-ac55b4d1270a/build]   | [INFO] Using auto detected provider org.apache.maven.surefire.junitplatform.JUnitPlatformProvider
[f1979121-4a11-4b1e-a300-ac55b4d1270a/build]   | [INFO] Downloading from central: https://repo.maven.apache.org/maven2/org/apache/maven/surefire/surefire-junit-platform/3.1.2/surefire-junit-platform-3.1.2.pom
[f1979121-4a11-4b1e-a300-ac55b4d1270a/build]   | [INFO] Downloaded from central: https://repo.maven.apache.org/maven2/org/apache/maven/surefire/surefire-junit-platform/3.1.2/surefire-junit-platform-3.1.2.pom (4.7 kB at 233 kB/s)
[f1979121-4a11-4b1e-a300-ac55b4d1270a/build]   | [INFO] Downloading from central: https://repo.maven.apache.org/maven2/org/apache/maven/surefire/surefire-providers/3.1.2/surefire-providers-3.1.2.pom
[f1979121-4a11-4b1e-a300-ac55b4d1270a/build]   | [INFO] Downloaded from central: https://repo.maven.apache.org/maven2/org/apache/maven/surefire/surefire-providers/3.1.2/surefire-providers-3.1.2.pom (2.6 kB at 326 kB/s)
[f1979121-4a11-4b1e-a300-ac55b4d1270a/build]   | [INFO] Downloading from central: https://repo.maven.apache.org/maven2/org/apache/maven/surefire/common-java5/3.1.2/common-java5-3.1.2.pom
[f1979121-4a11-4b1e-a300-ac55b4d1270a/build]   | [INFO] Downloaded from central: https://repo.maven.apache.org/maven2/org/apache/maven/surefire/common-java5/3.1.2/common-java5-3.1.2.pom (2.8 kB at 563 kB/s)
[f1979121-4a11-4b1e-a300-ac55b4d1270a/build]   | [INFO] Downloading from central: https://repo.maven.apache.org/maven2/org/junit/platform/junit-platform-launcher/1.9.2/junit-platform-launcher-1.9.2.pom
[f1979121-4a11-4b1e-a300-ac55b4d1270a/build]   | [INFO] Downloaded from central: https://repo.maven.apache.org/maven2/org/junit/platform/junit-platform-launcher/1.9.2/junit-platform-launcher-1.9.2.pom (3.0 kB at 605 kB/s)
[f1979121-4a11-4b1e-a300-ac55b4d1270a/build]   | [INFO] Downloading from central: https://repo.maven.apache.org/maven2/org/junit/platform/junit-platform-engine/1.9.2/junit-platform-engine-1.9.2.pom
[f1979121-4a11-4b1e-a300-ac55b4d1270a/build]   | [INFO] Downloaded from central: https://repo.maven.apache.org/maven2/org/junit/platform/junit-platform-engine/1.9.2/junit-platform-engine-1.9.2.pom (3.2 kB at 267 kB/s)
[f1979121-4a11-4b1e-a300-ac55b4d1270a/build]   | [INFO] Downloading from central: https://repo.maven.apache.org/maven2/org/junit/platform/junit-platform-commons/1.9.2/junit-platform-commons-1.9.2.pom
[f1979121-4a11-4b1e-a300-ac55b4d1270a/build]   | [INFO] Downloaded from central: https://repo.maven.apache.org/maven2/org/junit/platform/junit-platform-commons/1.9.2/junit-platform-commons-1.9.2.pom (2.8 kB at 354 kB/s)
[f1979121-4a11-4b1e-a300-ac55b4d1270a/build]   | [INFO] Downloading from central: https://repo.maven.apache.org/maven2/org/apache/maven/surefire/surefire-junit-platform/3.1.2/surefire-junit-platform-3.1.2.jar
[f1979121-4a11-4b1e-a300-ac55b4d1270a/build]   | [INFO] Downloading from central: https://repo.maven.apache.org/maven2/org/apache/maven/surefire/common-java5/3.1.2/common-java5-3.1.2.jar
[f1979121-4a11-4b1e-a300-ac55b4d1270a/build]   | [INFO] Downloading from central: https://repo.maven.apache.org/maven2/org/junit/platform/junit-platform-launcher/1.9.2/junit-platform-launcher-1.9.2.jar
[f1979121-4a11-4b1e-a300-ac55b4d1270a/build]   | [INFO] Downloading from central: https://repo.maven.apache.org/maven2/org/junit/platform/junit-platform-engine/1.9.2/junit-platform-engine-1.9.2.jar
[f1979121-4a11-4b1e-a300-ac55b4d1270a/build]   | [INFO] Downloading from central: https://repo.maven.apache.org/maven2/org/opentest4j/opentest4j/1.2.0/opentest4j-1.2.0.jar
[f1979121-4a11-4b1e-a300-ac55b4d1270a/build]   | [INFO] Downloaded from central: https://repo.maven.apache.org/maven2/org/apache/maven/surefire/common-java5/3.1.2/common-java5-3.1.2.jar (18 kB at 2.5 MB/s)
[f1979121-4a11-4b1e-a300-ac55b4d1270a/build]   | [INFO] Downloading from central: https://repo.maven.apache.org/maven2/org/junit/platform/junit-platform-commons/1.9.2/junit-platform-commons-1.9.2.jar
[f1979121-4a11-4b1e-a300-ac55b4d1270a/build]   | [INFO] Downloaded from central: https://repo.maven.apache.org/maven2/org/apache/maven/surefire/surefire-junit-platform/3.1.2/surefire-junit-platform-3.1.2.jar (27 kB at 3.0 MB/s)
[f1979121-4a11-4b1e-a300-ac55b4d1270a/build]   | [INFO] Downloaded from central: https://repo.maven.apache.org/maven2/org/opentest4j/opentest4j/1.2.0/opentest4j-1.2.0.jar (7.7 kB at 589 kB/s)
[f1979121-4a11-4b1e-a300-ac55b4d1270a/build]   | [INFO] Downloaded from central: https://repo.maven.apache.org/maven2/org/junit/platform/junit-platform-commons/1.9.2/junit-platform-commons-1.9.2.jar (103 kB at 6.9 MB/s)
[f1979121-4a11-4b1e-a300-ac55b4d1270a/build]   | [INFO] Downloaded from central: https://repo.maven.apache.org/maven2/org/junit/platform/junit-platform-launcher/1.9.2/junit-platform-launcher-1.9.2.jar (169 kB at 8.1 MB/s)
[f1979121-4a11-4b1e-a300-ac55b4d1270a/build]   | [INFO] Downloaded from central: https://repo.maven.apache.org/maven2/org/junit/platform/junit-platform-engine/1.9.2/junit-platform-engine-1.9.2.jar (189 kB at 9.5 MB/s)
[f1979121-4a11-4b1e-a300-ac55b4d1270a/build]   | [INFO] Downloading from central: https://repo.maven.apache.org/maven2/org/junit/platform/junit-platform-launcher/1.10.0/junit-platform-launcher-1.10.0.pom
[f1979121-4a11-4b1e-a300-ac55b4d1270a/build]   | [INFO] Downloaded from central: https://repo.maven.apache.org/maven2/org/junit/platform/junit-platform-launcher/1.10.0/junit-platform-launcher-1.10.0.pom (3.0 kB at 144 kB/s)
[f1979121-4a11-4b1e-a300-ac55b4d1270a/build]   | [INFO] Downloading from central: https://repo.maven.apache.org/maven2/org/junit/platform/junit-platform-launcher/1.10.0/junit-platform-launcher-1.10.0.jar
[f1979121-4a11-4b1e-a300-ac55b4d1270a/build]   | [INFO] Downloaded from central: https://repo.maven.apache.org/maven2/org/junit/platform/junit-platform-launcher/1.10.0/junit-platform-launcher-1.10.0.jar (184 kB at 13 MB/s)
[f1979121-4a11-4b1e-a300-ac55b4d1270a/build]   | [INFO] 
[f1979121-4a11-4b1e-a300-ac55b4d1270a/build]   | [INFO] -------------------------------------------------------
[f1979121-4a11-4b1e-a300-ac55b4d1270a/build]   | [INFO]  T E S T S
[f1979121-4a11-4b1e-a300-ac55b4d1270a/build]   | [INFO] -------------------------------------------------------
[f1979121-4a11-4b1e-a300-ac55b4d1270a/build]   | [INFO] Running ch.jalu.configme.BeanDemoTest
[f1979121-4a11-4b1e-a300-ac55b4d1270a/build]   | [INFO] Tests run: 1, Failures: 0, Errors: 0, Skipped: 0, Time elapsed: 0.712 s -- in ch.jalu.configme.BeanDemoTest
[f1979121-4a11-4b1e-a300-ac55b4d1270a/build]   | [INFO] Running ch.jalu.configme.ConfigDemoTest
[f1979121-4a11-4b1e-a300-ac55b4d1270a/build]   | [INFO] Tests run: 1, Failures: 0, Errors: 0, Skipped: 0, Time elapsed: 0.023 s -- in ch.jalu.configme.ConfigDemoTest
[f1979121-4a11-4b1e-a300-ac55b4d1270a/build]   | [INFO] Running ch.jalu.configme.SettingsManagerBuilderTest
[f1979121-4a11-4b1e-a300-ac55b4d1270a/build]   | [INFO] Tests run: 7, Failures: 0, Errors: 0, Skipped: 0, Time elapsed: 1.704 s -- in ch.jalu.configme.SettingsManagerBuilderTest
[f1979121-4a11-4b1e-a300-ac55b4d1270a/build]   | [INFO] Running ch.jalu.configme.SettingsManagerImplTest
[f1979121-4a11-4b1e-a300-ac55b4d1270a/build]   | [INFO] Tests run: 10, Failures: 0, Errors: 0, Skipped: 0, Time elapsed: 0.178 s -- in ch.jalu.configme.SettingsManagerImplTest
[f1979121-4a11-4b1e-a300-ac55b4d1270a/build]   | [INFO] Running ch.jalu.configme.configurationdata.PropertyValueTest
[f1979121-4a11-4b1e-a300-ac55b4d1270a/build]   | [INFO] Tests run: 3, Failures: 0, Errors: 0, Skipped: 0, Time elapsed: 0.006 s -- in ch.jalu.configme.configurationdata.PropertyValueTest
[f1979121-4a11-4b1e-a300-ac55b4d1270a/build]   | [INFO] Running ch.jalu.configme.configurationdata.ConfigurationDataBuilderTest
[f1979121-4a11-4b1e-a300-ac55b4d1270a/build]   | [WARNING] Tests run: 8, Failures: 0, Errors: 0, Skipped: 1, Time elapsed: 0.032 s -- in ch.jalu.configme.configurationdata.ConfigurationDataBuilderTest
[f1979121-4a11-4b1e-a300-ac55b4d1270a/build]   | [INFO] Running ch.jalu.configme.configurationdata.CommentsConfigurationTest
[f1979121-4a11-4b1e-a300-ac55b4d1270a/build]   | [INFO] Tests run: 3, Failures: 0, Errors: 0, Skipped: 0, Time elapsed: 0.010 s -- in ch.jalu.configme.configurationdata.CommentsConfigurationTest
[f1979121-4a11-4b1e-a300-ac55b4d1270a/build]   | [INFO] Running ch.jalu.configme.configurationdata.ConfigurationDataImplTest
[f1979121-4a11-4b1e-a300-ac55b4d1270a/build]   | [INFO] Tests run: 9, Failures: 0, Errors: 0, Skipped: 0, Time elapsed: 0.037 s -- in ch.jalu.configme.configurationdata.ConfigurationDataImplTest
[f1979121-4a11-4b1e-a300-ac55b4d1270a/build]   | [INFO] Running ch.jalu.configme.configurationdata.PropertyListBuilderTest
[f1979121-4a11-4b1e-a300-ac55b4d1270a/build]   | [INFO] Tests run: 12, Failures: 0, Errors: 0, Skipped: 0, Time elapsed: 0.092 s -- in ch.jalu.configme.configurationdata.PropertyListBuilderTest
[f1979121-4a11-4b1e-a300-ac55b4d1270a/build]   | [INFO] Running ch.jalu.configme.utils.MigrationUtilsTest
[f1979121-4a11-4b1e-a300-ac55b4d1270a/build]   | [INFO] Tests run: 3, Failures: 0, Errors: 0, Skipped: 0, Time elapsed: 0.013 s -- in ch.jalu.configme.utils.MigrationUtilsTest
[f1979121-4a11-4b1e-a300-ac55b4d1270a/build]   | [INFO] Running ch.jalu.configme.utils.SettingsHolderClassValidatorTest
[f1979121-4a11-4b1e-a300-ac55b4d1270a/build]   | [INFO] Tests run: 12, Failures: 0, Errors: 0, Skipped: 0, Time elapsed: 0.193 s -- in ch.jalu.configme.utils.SettingsHolderClassValidatorTest
[f1979121-4a11-4b1e-a300-ac55b4d1270a/build]   | [INFO] Running ch.jalu.configme.utils.PathUtilsTest
[f1979121-4a11-4b1e-a300-ac55b4d1270a/build]   | [INFO] Tests run: 5, Failures: 0, Errors: 0, Skipped: 0, Time elapsed: 0.009 s -- in ch.jalu.configme.utils.PathUtilsTest
[f1979121-4a11-4b1e-a300-ac55b4d1270a/build]   | [INFO] Running ch.jalu.configme.utils.UtilsTest
[f1979121-4a11-4b1e-a300-ac55b4d1270a/build]   | [INFO] Tests run: 4, Failures: 0, Errors: 0, Skipped: 0, Time elapsed: 0.296 s -- in ch.jalu.configme.utils.UtilsTest
[f1979121-4a11-4b1e-a300-ac55b4d1270a/build]   | [INFO] Running ch.jalu.configme.utils.StreamUtilsTest
[f1979121-4a11-4b1e-a300-ac55b4d1270a/build]   | [INFO] Tests run: 1, Failures: 0, Errors: 0, Skipped: 0, Time elapsed: 0.002 s -- in ch.jalu.configme.utils.StreamUtilsTest
[f1979121-4a11-4b1e-a300-ac55b4d1270a/build]   | [INFO] Running ch.jalu.configme.migration.version.VersionMigrationServiceTest
[f1979121-4a11-4b1e-a300-ac55b4d1270a/build]   | [INFO] Tests run: 17, Failures: 0, Errors: 0, Skipped: 0, Time elapsed: 0.057 s -- in ch.jalu.configme.migration.version.VersionMigrationServiceTest
[f1979121-4a11-4b1e-a300-ac55b4d1270a/build]   | [INFO] Running ch.jalu.configme.migration.PlainMigrationServiceTest
[f1979121-4a11-4b1e-a300-ac55b4d1270a/build]   | [INFO] Tests run: 4, Failures: 0, Errors: 0, Skipped: 0, Time elapsed: 0.148 s -- in ch.jalu.configme.migration.PlainMigrationServiceTest
[f1979121-4a11-4b1e-a300-ac55b4d1270a/build]   | [INFO] Running ch.jalu.configme.beanmapper.MappingContextImplTest
[f1979121-4a11-4b1e-a300-ac55b4d1270a/build]   | [INFO] Tests run: 8, Failures: 0, Errors: 0, Skipped: 0, Time elapsed: 0.040 s -- in ch.jalu.configme.beanmapper.MappingContextImplTest
[f1979121-4a11-4b1e-a300-ac55b4d1270a/build]   | [INFO] Running ch.jalu.configme.beanmapper.MapperExportValueTest
[f1979121-4a11-4b1e-a300-ac55b4d1270a/build]   | [INFO] Tests run: 3, Failures: 0, Errors: 0, Skipped: 0, Time elapsed: 0.025 s -- in ch.jalu.configme.beanmapper.MapperExportValueTest
[f1979121-4a11-4b1e-a300-ac55b4d1270a/build]   | [INFO] Running ch.jalu.configme.beanmapper.BeanWithCollectionOfBeanTypeTest
[f1979121-4a11-4b1e-a300-ac55b4d1270a/build]   | [INFO] Tests run: 3, Failures: 0, Errors: 0, Skipped: 0, Time elapsed: 0.046 s -- in ch.jalu.configme.beanmapper.BeanWithCollectionOfBeanTypeTest
[f1979121-4a11-4b1e-a300-ac55b4d1270a/build]   | [INFO] Running ch.jalu.configme.beanmapper.BeanWithCustomLeafTypeTest
[f1979121-4a11-4b1e-a300-ac55b4d1270a/build]   | [INFO] Tests run: 1, Failures: 0, Errors: 0, Skipped: 0, Time elapsed: 0.009 s -- in ch.jalu.configme.beanmapper.BeanWithCustomLeafTypeTest
[f1979121-4a11-4b1e-a300-ac55b4d1270a/build]   | [INFO] Running ch.jalu.configme.beanmapper.NestedMapPropertyDemoTest
[f1979121-4a11-4b1e-a300-ac55b4d1270a/build]   | [INFO] Tests run: 1, Failures: 0, Errors: 0, Skipped: 0, Time elapsed: 0.008 s -- in ch.jalu.configme.beanmapper.NestedMapPropertyDemoTest
[f1979121-4a11-4b1e-a300-ac55b4d1270a/build]   | [INFO] Running ch.jalu.configme.beanmapper.leafvaluehandler.LeafValueHandlerImplTest
[f1979121-4a11-4b1e-a300-ac55b4d1270a/build]   | [INFO] Tests run: 11, Failures: 0, Errors: 0, Skipped: 0, Time elapsed: 0.040 s -- in ch.jalu.configme.beanmapper.leafvaluehandler.LeafValueHandlerImplTest
[f1979121-4a11-4b1e-a300-ac55b4d1270a/build]   | [INFO] Running ch.jalu.configme.beanmapper.leafvaluehandler.EnumLeafTypeTest
[f1979121-4a11-4b1e-a300-ac55b4d1270a/build]   | [INFO] Tests run: 4, Failures: 0, Errors: 0, Skipped: 0, Time elapsed: 0.008 s -- in ch.jalu.configme.beanmapper.leafvaluehandler.EnumLeafTypeTest
[f1979121-4a11-4b1e-a300-ac55b4d1270a/build]   | [INFO] Running ch.jalu.configme.beanmapper.propertydescription.BeanDescriptionFactoryImplTest
[f1979121-4a11-4b1e-a300-ac55b4d1270a/build]   | [INFO] Tests run: 13, Failures: 0, Errors: 0, Skipped: 0, Time elapsed: 0.062 s -- in ch.jalu.configme.beanmapper.propertydescription.BeanDescriptionFactoryImplTest
[f1979121-4a11-4b1e-a300-ac55b4d1270a/build]   | [INFO] Running ch.jalu.configme.beanmapper.propertydescription.BeanPropertyDescriptionImplTest
[f1979121-4a11-4b1e-a300-ac55b4d1270a/build]   | [INFO] Tests run: 4, Failures: 0, Errors: 0, Skipped: 0, Time elapsed: 0.009 s -- in ch.jalu.configme.beanmapper.propertydescription.BeanPropertyDescriptionImplTest
[f1979121-4a11-4b1e-a300-ac55b4d1270a/build]   | [INFO] Running ch.jalu.configme.beanmapper.BeanMapOnRootLevelTest
[f1979121-4a11-4b1e-a300-ac55b4d1270a/build]   | [INFO] Tests run: 5, Failures: 0, Errors: 0, Skipped: 0, Time elapsed: 0.033 s -- in ch.jalu.configme.beanmapper.BeanMapOnRootLevelTest
[f1979121-4a11-4b1e-a300-ac55b4d1270a/build]   | [INFO] Running ch.jalu.configme.beanmapper.MapperTypeInfoWithNoClassEquivTest
[f1979121-4a11-4b1e-a300-ac55b4d1270a/build]   | [INFO] Tests run: 1, Failures: 0, Errors: 0, Skipped: 0, Time elapsed: 0.002 s -- in ch.jalu.configme.beanmapper.MapperTypeInfoWithNoClassEquivTest
[f1979121-4a11-4b1e-a300-ac55b4d1270a/build]   | [INFO] Running ch.jalu.configme.beanmapper.migratingbeanmapper.BeanExtensionTest
[f1979121-4a11-4b1e-a300-ac55b4d1270a/build]   | [INFO] Tests run: 1, Failures: 0, Errors: 0, Skipped: 0, Time elapsed: 0.007 s -- in ch.jalu.configme.beanmapper.migratingbeanmapper.BeanExtensionTest
[f1979121-4a11-4b1e-a300-ac55b4d1270a/build]   | [INFO] Running ch.jalu.configme.beanmapper.MapperImplCommentRepetitionTest
[f1979121-4a11-4b1e-a300-ac55b4d1270a/build]   | [INFO] Tests run: 1, Failures: 0, Errors: 0, Skipped: 0, Time elapsed: 0.003 s -- in ch.jalu.configme.beanmapper.MapperImplCommentRepetitionTest
[f1979121-4a11-4b1e-a300-ac55b4d1270a/build]   | [INFO] Running ch.jalu.configme.beanmapper.MapperImplTest
[f1979121-4a11-4b1e-a300-ac55b4d1270a/build]   | [INFO] Tests run: 22, Failures: 0, Errors: 0, Skipped: 0, Time elapsed: 0.135 s -- in ch.jalu.configme.beanmapper.MapperImplTest
[f1979121-4a11-4b1e-a300-ac55b4d1270a/build]   | [INFO] Running ch.jalu.configme.beanmapper.DefaultMapperTest
[f1979121-4a11-4b1e-a300-ac55b4d1270a/build]   | [INFO] Tests run: 1, Failures: 0, Errors: 0, Skipped: 0, Time elapsed: 0.002 s -- in ch.jalu.configme.beanmapper.DefaultMapperTest
[f1979121-4a11-4b1e-a300-ac55b4d1270a/build]   | [INFO] Running ch.jalu.configme.beanmapper.context.ExportContextTest
[f1979121-4a11-4b1e-a300-ac55b4d1270a/build]   | [INFO] Tests run: 5, Failures: 0, Errors: 0, Skipped: 0, Time elapsed: 0.004 s -- in ch.jalu.configme.beanmapper.context.ExportContextTest
[f1979121-4a11-4b1e-a300-ac55b4d1270a/build]   | [INFO] Running ch.jalu.configme.resource.YamlFileReaderTest
[f1979121-4a11-4b1e-a300-ac55b4d1270a/build]   | [INFO] Tests run: 18, Failures: 0, Errors: 0, Skipped: 0, Time elapsed: 0.160 s -- in ch.jalu.configme.resource.YamlFileReaderTest
[f1979121-4a11-4b1e-a300-ac55b4d1270a/build]   | [INFO] Running ch.jalu.configme.resource.YamlFileResourceOptionalInBeanPropertyTest
[f1979121-4a11-4b1e-a300-ac55b4d1270a/build]   | [INFO] Tests run: 1, Failures: 0, Errors: 0, Skipped: 0, Time elapsed: 0.027 s -- in ch.jalu.configme.resource.YamlFileResourceOptionalInBeanPropertyTest
[f1979121-4a11-4b1e-a300-ac55b4d1270a/build]   | [INFO] Running ch.jalu.configme.resource.UniqueCommentTest
[f1979121-4a11-4b1e-a300-ac55b4d1270a/build]   | [INFO] Tests run: 3, Failures: 0, Errors: 0, Skipped: 0, Time elapsed: 0.087 s -- in ch.jalu.configme.resource.UniqueCommentTest
[f1979121-4a11-4b1e-a300-ac55b4d1270a/build]   | [INFO] Running ch.jalu.configme.resource.YamlFileResourceTest
[f1979121-4a11-4b1e-a300-ac55b4d1270a/build]   | [INFO] Tests run: 12, Failures: 0, Errors: 0, Skipped: 0, Time elapsed: 0.350 s -- in ch.jalu.configme.resource.YamlFileResourceTest
[f1979121-4a11-4b1e-a300-ac55b4d1270a/build]   | [INFO] Running ch.jalu.configme.resource.YamlFileResourceCommentsExportTest
[f1979121-4a11-4b1e-a300-ac55b4d1270a/build]   | [INFO] Tests run: 3, Failures: 0, Errors: 0, Skipped: 0, Time elapsed: 0.063 s -- in ch.jalu.configme.resource.YamlFileResourceCommentsExportTest
[f1979121-4a11-4b1e-a300-ac55b4d1270a/build]   | [INFO] Running ch.jalu.configme.resource.YamlFileResourceOptionsTest
[f1979121-4a11-4b1e-a300-ac55b4d1270a/build]   | [INFO] Tests run: 2, Failures: 0, Errors: 0, Skipped: 0, Time elapsed: 0.007 s -- in ch.jalu.configme.resource.YamlFileResourceOptionsTest
[f1979121-4a11-4b1e-a300-ac55b4d1270a/build]   | [INFO] Running ch.jalu.configme.resource.yaml.SnakeYamlNodeContainerImplTest
[f1979121-4a11-4b1e-a300-ac55b4d1270a/build]   | [INFO] Tests run: 6, Failures: 0, Errors: 0, Skipped: 0, Time elapsed: 0.008 s -- in ch.jalu.configme.resource.yaml.SnakeYamlNodeContainerImplTest
[f1979121-4a11-4b1e-a300-ac55b4d1270a/build]   | [INFO] Running ch.jalu.configme.resource.yaml.SnakeYamlNodeBuilderImplTest
[f1979121-4a11-4b1e-a300-ac55b4d1270a/build]   | [INFO] Tests run: 18, Failures: 0, Errors: 0, Skipped: 0, Time elapsed: 0.047 s -- in ch.jalu.configme.resource.yaml.SnakeYamlNodeBuilderImplTest
[f1979121-4a11-4b1e-a300-ac55b4d1270a/build]   | [INFO] Running ch.jalu.configme.resource.PropertyPathTraverserTest
[f1979121-4a11-4b1e-a300-ac55b4d1270a/build]   | [INFO] Tests run: 4, Failures: 0, Errors: 0, Skipped: 0, Time elapsed: 0.002 s -- in ch.jalu.configme.resource.PropertyPathTraverserTest
[f1979121-4a11-4b1e-a300-ac55b4d1270a/build]   | [INFO] Running ch.jalu.configme.resource.YamlFileReaderPathsWithNumberTest
[f1979121-4a11-4b1e-a300-ac55b4d1270a/build]   | [INFO] Tests run: 1, Failures: 0, Errors: 0, Skipped: 0, Time elapsed: 0.005 s -- in ch.jalu.configme.resource.YamlFileReaderPathsWithNumberTest
[f1979121-4a11-4b1e-a300-ac55b4d1270a/build]   | [INFO] Running ch.jalu.configme.resource.YamlFileResourceNewLineTest
[f1979121-4a11-4b1e-a300-ac55b4d1270a/build]   | [INFO] Tests run: 5, Failures: 0, Errors: 0, Skipped: 0, Time elapsed: 0.105 s -- in ch.jalu.configme.resource.YamlFileResourceNewLineTest
[f1979121-4a11-4b1e-a300-ac55b4d1270a/build]   | [INFO] Running ch.jalu.configme.resource.YamlFileResourceNoSplitPathsTest
[f1979121-4a11-4b1e-a300-ac55b4d1270a/build]   | [INFO] Tests run: 2, Failures: 0, Errors: 0, Skipped: 0, Time elapsed: 0.009 s -- in ch.jalu.configme.resource.YamlFileResourceNoSplitPathsTest
[f1979121-4a11-4b1e-a300-ac55b4d1270a/build]   | [INFO] Running ch.jalu.configme.resource.YamlFileResourceEscapingTest
[f1979121-4a11-4b1e-a300-ac55b4d1270a/build]   | [INFO] Tests run: 2, Failures: 0, Errors: 0, Skipped: 0, Time elapsed: 0.024 s -- in ch.jalu.configme.resource.YamlFileResourceEscapingTest
[f1979121-4a11-4b1e-a300-ac55b4d1270a/build]   | [INFO] Running ch.jalu.configme.resource.YamlFileResourceTopCommentTest
[f1979121-4a11-4b1e-a300-ac55b4d1270a/build]   | [INFO] Tests run: 2, Failures: 0, Errors: 0, Skipped: 0, Time elapsed: 0.012 s -- in ch.jalu.configme.resource.YamlFileResourceTopCommentTest
[f1979121-4a11-4b1e-a300-ac55b4d1270a/build]   | [INFO] Running ch.jalu.configme.resource.YamlSetPropertyExportTest
[f1979121-4a11-4b1e-a300-ac55b4d1270a/build]   | [INFO] Tests run: 1, Failures: 0, Errors: 0, Skipped: 0, Time elapsed: 0.006 s -- in ch.jalu.configme.resource.YamlSetPropertyExportTest
[f1979121-4a11-4b1e-a300-ac55b4d1270a/build]   | [INFO] Running ch.jalu.configme.resource.MapNormalizerTest
[f1979121-4a11-4b1e-a300-ac55b4d1270a/build]   | [INFO] Tests run: 5, Failures: 0, Errors: 0, Skipped: 0, Time elapsed: 0.003 s -- in ch.jalu.configme.resource.MapNormalizerTest
[f1979121-4a11-4b1e-a300-ac55b4d1270a/build]   | [INFO] Running ch.jalu.configme.properties.StringPropertyTest
[f1979121-4a11-4b1e-a300-ac55b4d1270a/build]   | [INFO] Tests run: 5, Failures: 0, Errors: 0, Skipped: 0, Time elapsed: 0.008 s -- in ch.jalu.configme.properties.StringPropertyTest
[f1979121-4a11-4b1e-a300-ac55b4d1270a/build]   | [INFO] Running ch.jalu.configme.properties.OptionalPropertyTest
[f1979121-4a11-4b1e-a300-ac55b4d1270a/build]   | [INFO] Tests run: 6, Failures: 0, Errors: 0, Skipped: 0, Time elapsed: 0.043 s -- in ch.jalu.configme.properties.OptionalPropertyTest
[f1979121-4a11-4b1e-a300-ac55b4d1270a/build]   | [INFO] Running ch.jalu.configme.properties.ListPropertyTest
[f1979121-4a11-4b1e-a300-ac55b4d1270a/build]   | [INFO] Tests run: 3, Failures: 0, Errors: 0, Skipped: 0, Time elapsed: 0.006 s -- in ch.jalu.configme.properties.ListPropertyTest
[f1979121-4a11-4b1e-a300-ac55b4d1270a/build]   | [INFO] Running ch.jalu.configme.properties.InlineArrayPropertyTest
[f1979121-4a11-4b1e-a300-ac55b4d1270a/build]   | [INFO] Tests run: 2, Failures: 0, Errors: 0, Skipped: 0, Time elapsed: 0.025 s -- in ch.jalu.configme.properties.InlineArrayPropertyTest
[f1979121-4a11-4b1e-a300-ac55b4d1270a/build]   | [INFO] Running ch.jalu.configme.properties.LongPropertyTest
[f1979121-4a11-4b1e-a300-ac55b4d1270a/build]   | [INFO] Tests run: 3, Failures: 0, Errors: 0, Skipped: 0, Time elapsed: 0.005 s -- in ch.jalu.configme.properties.LongPropertyTest
[f1979121-4a11-4b1e-a300-ac55b4d1270a/build]   | [INFO] Running ch.jalu.configme.properties.MapPropertyTest
[f1979121-4a11-4b1e-a300-ac55b4d1270a/build]   | [INFO] Tests run: 5, Failures: 0, Errors: 0, Skipped: 0, Time elapsed: 0.021 s -- in ch.jalu.configme.properties.MapPropertyTest
[f1979121-4a11-4b1e-a300-ac55b4d1270a/build]   | [INFO] Running ch.jalu.configme.properties.TypeBasedPropertyTest
[f1979121-4a11-4b1e-a300-ac55b4d1270a/build]   | [INFO] Tests run: 4, Failures: 0, Errors: 0, Skipped: 0, Time elapsed: 0.003 s -- in ch.jalu.configme.properties.TypeBasedPropertyTest
[f1979121-4a11-4b1e-a300-ac55b4d1270a/build]   | [INFO] Running ch.jalu.configme.properties.LowercaseStringSetPropertyTest
[f1979121-4a11-4b1e-a300-ac55b4d1270a/build]   | [INFO] Tests run: 6, Failures: 0, Errors: 0, Skipped: 0, Time elapsed: 0.004 s -- in ch.jalu.configme.properties.LowercaseStringSetPropertyTest
[f1979121-4a11-4b1e-a300-ac55b4d1270a/build]   | [INFO] Running ch.jalu.configme.properties.RegexPropertyTest
[f1979121-4a11-4b1e-a300-ac55b4d1270a/build]   | [INFO] Tests run: 6, Failures: 0, Errors: 0, Skipped: 0, Time elapsed: 0.023 s -- in ch.jalu.configme.properties.RegexPropertyTest
[f1979121-4a11-4b1e-a300-ac55b4d1270a/build]   | [INFO] Running ch.jalu.configme.properties.convertresult.ValueWithCommentsTest
[f1979121-4a11-4b1e-a300-ac55b4d1270a/build]   | [INFO] Tests run: 3, Failures: 0, Errors: 0, Skipped: 0, Time elapsed: 0.001 s -- in ch.jalu.configme.properties.convertresult.ValueWithCommentsTest
[f1979121-4a11-4b1e-a300-ac55b4d1270a/build]   | [INFO] Running ch.jalu.configme.properties.EnumPropertyTest
[f1979121-4a11-4b1e-a300-ac55b4d1270a/build]   | [INFO] Tests run: 4, Failures: 0, Errors: 0, Skipped: 0, Time elapsed: 0.005 s -- in ch.jalu.configme.properties.EnumPropertyTest
[f1979121-4a11-4b1e-a300-ac55b4d1270a/build]   | [INFO] Running ch.jalu.configme.properties.StringListPropertyTest
[f1979121-4a11-4b1e-a300-ac55b4d1270a/build]   | [INFO] Tests run: 5, Failures: 0, Errors: 0, Skipped: 0, Time elapsed: 0.004 s -- in ch.jalu.configme.properties.StringListPropertyTest
[f1979121-4a11-4b1e-a300-ac55b4d1270a/build]   | [INFO] Running ch.jalu.configme.properties.BasePropertyTest
[f1979121-4a11-4b1e-a300-ac55b4d1270a/build]   | [INFO] Tests run: 4, Failures: 0, Errors: 0, Skipped: 0, Time elapsed: 0.006 s -- in ch.jalu.configme.properties.BasePropertyTest
[f1979121-4a11-4b1e-a300-ac55b4d1270a/build]   | [INFO] Running ch.jalu.configme.properties.PropertyBuilderTest
[f1979121-4a11-4b1e-a300-ac55b4d1270a/build]   | [INFO] Tests run: 13, Failures: 0, Errors: 0, Skipped: 0, Time elapsed: 0.015 s -- in ch.jalu.configme.properties.PropertyBuilderTest
[f1979121-4a11-4b1e-a300-ac55b4d1270a/build]   | [INFO] Running ch.jalu.configme.properties.ArrayPropertyTest
[f1979121-4a11-4b1e-a300-ac55b4d1270a/build]   | [INFO] Tests run: 5, Failures: 0, Errors: 0, Skipped: 0, Time elapsed: 0.009 s -- in ch.jalu.configme.properties.ArrayPropertyTest
[f1979121-4a11-4b1e-a300-ac55b4d1270a/build]   | [INFO] Running ch.jalu.configme.properties.StringSetPropertyTest
[f1979121-4a11-4b1e-a300-ac55b4d1270a/build]   | [INFO] Tests run: 5, Failures: 0, Errors: 0, Skipped: 0, Time elapsed: 0.007 s -- in ch.jalu.configme.properties.StringSetPropertyTest
[f1979121-4a11-4b1e-a300-ac55b4d1270a/build]   | [INFO] Running ch.jalu.configme.properties.SetPropertyTest
[f1979121-4a11-4b1e-a300-ac55b4d1270a/build]   | [INFO] Tests run: 3, Failures: 0, Errors: 0, Skipped: 0, Time elapsed: 0.004 s -- in ch.jalu.configme.properties.SetPropertyTest
[f1979121-4a11-4b1e-a300-ac55b4d1270a/build]   | [INFO] Running ch.jalu.configme.properties.BeanPropertyTest
[f1979121-4a11-4b1e-a300-ac55b4d1270a/build]   | [INFO] Tests run: 7, Failures: 0, Errors: 0, Skipped: 0, Time elapsed: 0.044 s -- in ch.jalu.configme.properties.BeanPropertyTest
[f1979121-4a11-4b1e-a300-ac55b4d1270a/build]   | [INFO] Running ch.jalu.configme.properties.FloatPropertyTest
[f1979121-4a11-4b1e-a300-ac55b4d1270a/build]   | [INFO] Tests run: 3, Failures: 0, Errors: 0, Skipped: 0, Time elapsed: 0.005 s -- in ch.jalu.configme.properties.FloatPropertyTest
[f1979121-4a11-4b1e-a300-ac55b4d1270a/build]   | [INFO] Running ch.jalu.configme.properties.BooleanPropertyTest
[f1979121-4a11-4b1e-a300-ac55b4d1270a/build]   | [INFO] Tests run: 3, Failures: 0, Errors: 0, Skipped: 0, Time elapsed: 0.003 s -- in ch.jalu.configme.properties.BooleanPropertyTest
[f1979121-4a11-4b1e-a300-ac55b4d1270a/build]   | [INFO] Running ch.jalu.configme.properties.PropertyInitializerTest
[f1979121-4a11-4b1e-a300-ac55b4d1270a/build]   | [INFO] Tests run: 3, Failures: 0, Errors: 0, Skipped: 0, Time elapsed: 0.003 s -- in ch.jalu.configme.properties.PropertyInitializerTest
[f1979121-4a11-4b1e-a300-ac55b4d1270a/build]   | [INFO] Running ch.jalu.configme.properties.IntegerPropertyTest
[f1979121-4a11-4b1e-a300-ac55b4d1270a/build]   | [INFO] Tests run: 3, Failures: 0, Errors: 0, Skipped: 0, Time elapsed: 0.004 s -- in ch.jalu.configme.properties.IntegerPropertyTest
[f1979121-4a11-4b1e-a300-ac55b4d1270a/build]   | [INFO] Running ch.jalu.configme.properties.DoublePropertyTest
[f1979121-4a11-4b1e-a300-ac55b4d1270a/build]   | [INFO] Tests run: 3, Failures: 0, Errors: 0, Skipped: 0, Time elapsed: 0.004 s -- in ch.jalu.configme.properties.DoublePropertyTest
[f1979121-4a11-4b1e-a300-ac55b4d1270a/build]   | [INFO] Running ch.jalu.configme.properties.inlinearray.StandardInlineArrayConvertersTest
[f1979121-4a11-4b1e-a300-ac55b4d1270a/build]   | [INFO] Tests run: 40, Failures: 0, Errors: 0, Skipped: 0, Time elapsed: 0.045 s -- in ch.jalu.configme.properties.inlinearray.StandardInlineArrayConvertersTest
[f1979121-4a11-4b1e-a300-ac55b4d1270a/build]   | [INFO] Running ch.jalu.configme.properties.ShortPropertyTest
[f1979121-4a11-4b1e-a300-ac55b4d1270a/build]   | [INFO] Tests run: 3, Failures: 0, Errors: 0, Skipped: 0, Time elapsed: 0.003 s -- in ch.jalu.configme.properties.ShortPropertyTest
[f1979121-4a11-4b1e-a300-ac55b4d1270a/build]   | [INFO] Running ch.jalu.configme.properties.types.StringTypeTest
[f1979121-4a11-4b1e-a300-ac55b4d1270a/build]   | [INFO] Tests run: 6, Failures: 0, Errors: 0, Skipped: 0, Time elapsed: 0.002 s -- in ch.jalu.configme.properties.types.StringTypeTest
[f1979121-4a11-4b1e-a300-ac55b4d1270a/build]   | [INFO] Running ch.jalu.configme.properties.types.RegexTypeTest
[f1979121-4a11-4b1e-a300-ac55b4d1270a/build]   | [INFO] Tests run: 6, Failures: 0, Errors: 0, Skipped: 0, Time elapsed: 0.003 s -- in ch.jalu.configme.properties.types.RegexTypeTest
[f1979121-4a11-4b1e-a300-ac55b4d1270a/build]   | [INFO] Running ch.jalu.configme.properties.types.NumberTypeTest
[f1979121-4a11-4b1e-a300-ac55b4d1270a/build]   | [INFO] Tests run: 67, Failures: 0, Errors: 0, Skipped: 0, Time elapsed: 0.052 s -- in ch.jalu.configme.properties.types.NumberTypeTest
[f1979121-4a11-4b1e-a300-ac55b4d1270a/build]   | [INFO] Running ch.jalu.configme.properties.types.BooleanTypeTest
[f1979121-4a11-4b1e-a300-ac55b4d1270a/build]   | [INFO] Tests run: 7, Failures: 0, Errors: 0, Skipped: 0, Time elapsed: 0.002 s -- in ch.jalu.configme.properties.types.BooleanTypeTest
[f1979121-4a11-4b1e-a300-ac55b4d1270a/build]   | [INFO] Running ch.jalu.configme.properties.type.BeanPropertyTypeTest
[f1979121-4a11-4b1e-a300-ac55b4d1270a/build]   | [INFO] Tests run: 3, Failures: 0, Errors: 0, Skipped: 0, Time elapsed: 0.002 s -- in ch.jalu.configme.properties.type.BeanPropertyTypeTest
[f1979121-4a11-4b1e-a300-ac55b4d1270a/build]   | [INFO] Running ch.jalu.configme.properties.type.EnumPropertyTypeTest
[f1979121-4a11-4b1e-a300-ac55b4d1270a/build]   | [INFO] Tests run: 7, Failures: 0, Errors: 0, Skipped: 0, Time elapsed: 0.001 s -- in ch.jalu.configme.properties.type.EnumPropertyTypeTest
[f1979121-4a11-4b1e-a300-ac55b4d1270a/build]   | [INFO] 
[f1979121-4a11-4b1e-a300-ac55b4d1270a/build]   | [INFO] Results:
[f1979121-4a11-4b1e-a300-ac55b4d1270a/build]   | [INFO] 
[f1979121-4a11-4b1e-a300-ac55b4d1270a/build]   | [WARNING] Tests run: 512, Failures: 0, Errors: 0, Skipped: 1
[f1979121-4a11-4b1e-a300-ac55b4d1270a/build]   | [INFO] 
[f1979121-4a11-4b1e-a300-ac55b4d1270a/build]   | [INFO] 
[f1979121-4a11-4b1e-a300-ac55b4d1270a/build]   | [INFO] --- maven-jar-plugin:2.4:jar (default-jar) @ configme ---
[f1979121-4a11-4b1e-a300-ac55b4d1270a/build]   | [INFO] Downloading from central: https://repo.maven.apache.org/maven2/org/apache/maven/maven-archiver/2.5/maven-archiver-2.5.pom
[f1979121-4a11-4b1e-a300-ac55b4d1270a/build]   | [INFO] Downloaded from central: https://repo.maven.apache.org/maven2/org/apache/maven/maven-archiver/2.5/maven-archiver-2.5.pom (4.5 kB at 151 kB/s)
[f1979121-4a11-4b1e-a300-ac55b4d1270a/build]   | [INFO] Downloading from central: https://repo.maven.apache.org/maven2/org/codehaus/plexus/plexus-archiver/2.1/plexus-archiver-2.1.pom
[f1979121-4a11-4b1e-a300-ac55b4d1270a/build]   | [INFO] Downloaded from central: https://repo.maven.apache.org/maven2/org/codehaus/plexus/plexus-archiver/2.1/plexus-archiver-2.1.pom (2.8 kB at 112 kB/s)
[f1979121-4a11-4b1e-a300-ac55b4d1270a/build]   | [INFO] Downloading from central: https://repo.maven.apache.org/maven2/org/codehaus/plexus/plexus-utils/3.0/plexus-utils-3.0.pom
[f1979121-4a11-4b1e-a300-ac55b4d1270a/build]   | [INFO] Downloaded from central: https://repo.maven.apache.org/maven2/org/codehaus/plexus/plexus-utils/3.0/plexus-utils-3.0.pom (4.1 kB at 271 kB/s)
[f1979121-4a11-4b1e-a300-ac55b4d1270a/build]   | [INFO] Downloading from central: https://repo.maven.apache.org/maven2/org/sonatype/spice/spice-parent/16/spice-parent-16.pom
[f1979121-4a11-4b1e-a300-ac55b4d1270a/build]   | [INFO] Downloaded from central: https://repo.maven.apache.org/maven2/org/sonatype/spice/spice-parent/16/spice-parent-16.pom (8.4 kB at 348 kB/s)
[f1979121-4a11-4b1e-a300-ac55b4d1270a/build]   | [INFO] Downloading from central: https://repo.maven.apache.org/maven2/org/sonatype/forge/forge-parent/5/forge-parent-5.pom
[f1979121-4a11-4b1e-a300-ac55b4d1270a/build]   | [INFO] Downloaded from central: https://repo.maven.apache.org/maven2/org/sonatype/forge/forge-parent/5/forge-parent-5.pom (8.4 kB at 380 kB/s)
[f1979121-4a11-4b1e-a300-ac55b4d1270a/build]   | [INFO] Downloading from central: https://repo.maven.apache.org/maven2/org/codehaus/plexus/plexus-io/2.0.2/plexus-io-2.0.2.pom
[f1979121-4a11-4b1e-a300-ac55b4d1270a/build]   | [INFO] Downloaded from central: https://repo.maven.apache.org/maven2/org/codehaus/plexus/plexus-io/2.0.2/plexus-io-2.0.2.pom (1.7 kB at 87 kB/s)
[f1979121-4a11-4b1e-a300-ac55b4d1270a/build]   | [INFO] Downloading from central: https://repo.maven.apache.org/maven2/org/codehaus/plexus/plexus-components/1.1.19/plexus-components-1.1.19.pom
[f1979121-4a11-4b1e-a300-ac55b4d1270a/build]   | [INFO] Downloaded from central: https://repo.maven.apache.org/maven2/org/codehaus/plexus/plexus-components/1.1.19/plexus-components-1.1.19.pom (2.7 kB at 169 kB/s)
[f1979121-4a11-4b1e-a300-ac55b4d1270a/build]   | [INFO] Downloading from central: https://repo.maven.apache.org/maven2/org/codehaus/plexus/plexus/3.0.1/plexus-3.0.1.pom
[f1979121-4a11-4b1e-a300-ac55b4d1270a/build]   | [INFO] Downloaded from central: https://repo.maven.apache.org/maven2/org/codehaus/plexus/plexus/3.0.1/plexus-3.0.1.pom (19 kB at 980 kB/s)
[f1979121-4a11-4b1e-a300-ac55b4d1270a/build]   | [INFO] Downloading from central: https://repo.maven.apache.org/maven2/org/codehaus/plexus/plexus-interpolation/1.15/plexus-interpolation-1.15.pom
[f1979121-4a11-4b1e-a300-ac55b4d1270a/build]   | [INFO] Downloaded from central: https://repo.maven.apache.org/maven2/org/codehaus/plexus/plexus-interpolation/1.15/plexus-interpolation-1.15.pom (1.0 kB at 60 kB/s)
[f1979121-4a11-4b1e-a300-ac55b4d1270a/build]   | [INFO] Downloading from central: https://repo.maven.apache.org/maven2/commons-lang/commons-lang/2.1/commons-lang-2.1.pom
[f1979121-4a11-4b1e-a300-ac55b4d1270a/build]   | [INFO] Downloaded from central: https://repo.maven.apache.org/maven2/commons-lang/commons-lang/2.1/commons-lang-2.1.pom (9.9 kB at 552 kB/s)
[f1979121-4a11-4b1e-a300-ac55b4d1270a/build]   | [INFO] Downloading from central: https://repo.maven.apache.org/maven2/org/apache/maven/maven-archiver/2.5/maven-archiver-2.5.jar
[f1979121-4a11-4b1e-a300-ac55b4d1270a/build]   | [INFO] Downloading from central: https://repo.maven.apache.org/maven2/org/codehaus/plexus/plexus-interpolation/1.15/plexus-interpolation-1.15.jar
[f1979121-4a11-4b1e-a300-ac55b4d1270a/build]   | [INFO] Downloading from central: https://repo.maven.apache.org/maven2/org/codehaus/plexus/plexus-archiver/2.1/plexus-archiver-2.1.jar
[f1979121-4a11-4b1e-a300-ac55b4d1270a/build]   | [INFO] Downloading from central: https://repo.maven.apache.org/maven2/org/codehaus/plexus/plexus-io/2.0.2/plexus-io-2.0.2.jar
[f1979121-4a11-4b1e-a300-ac55b4d1270a/build]   | [INFO] Downloading from central: https://repo.maven.apache.org/maven2/commons-lang/commons-lang/2.1/commons-lang-2.1.jar
[f1979121-4a11-4b1e-a300-ac55b4d1270a/build]   | [INFO] Downloaded from central: https://repo.maven.apache.org/maven2/org/apache/maven/maven-archiver/2.5/maven-archiver-2.5.jar (22 kB at 1.1 MB/s)
[f1979121-4a11-4b1e-a300-ac55b4d1270a/build]   | [INFO] Downloading from central: https://repo.maven.apache.org/maven2/org/codehaus/plexus/plexus-utils/3.0/plexus-utils-3.0.jar
[f1979121-4a11-4b1e-a300-ac55b4d1270a/build]   | [INFO] Downloaded from central: https://repo.maven.apache.org/maven2/org/codehaus/plexus/plexus-interpolation/1.15/plexus-interpolation-1.15.jar (60 kB at 2.9 MB/s)
[f1979121-4a11-4b1e-a300-ac55b4d1270a/build]   | [INFO] Downloaded from central: https://repo.maven.apache.org/maven2/org/codehaus/plexus/plexus-io/2.0.2/plexus-io-2.0.2.jar (58 kB at 2.5 MB/s)
[f1979121-4a11-4b1e-a300-ac55b4d1270a/build]   | [INFO] Downloaded from central: https://repo.maven.apache.org/maven2/commons-lang/commons-lang/2.1/commons-lang-2.1.jar (208 kB at 5.3 MB/s)
[f1979121-4a11-4b1e-a300-ac55b4d1270a/build]   | [INFO] Downloaded from central: https://repo.maven.apache.org/maven2/org/codehaus/plexus/plexus-archiver/2.1/plexus-archiver-2.1.jar (184 kB at 2.8 MB/s)
[f1979121-4a11-4b1e-a300-ac55b4d1270a/build]   | [INFO] Downloaded from central: https://repo.maven.apache.org/maven2/org/codehaus/plexus/plexus-utils/3.0/plexus-utils-3.0.jar (226 kB at 3.4 MB/s)
[f1979121-4a11-4b1e-a300-ac55b4d1270a/build]   | [INFO] Building jar: /tmp/431117c4-a8a4-462d-b4ef-9b283d6b2f87/target/ConfigMe-2.0.0-SNAPSHOT.jar
[f1979121-4a11-4b1e-a300-ac55b4d1270a/build]   | [INFO] ------------------------------------------------------------------------
[f1979121-4a11-4b1e-a300-ac55b4d1270a/build]   | [INFO] BUILD SUCCESS
[f1979121-4a11-4b1e-a300-ac55b4d1270a/build]   | [INFO] ------------------------------------------------------------------------
[f1979121-4a11-4b1e-a300-ac55b4d1270a/build]   | [INFO] Total time:  26.318 s
[f1979121-4a11-4b1e-a300-ac55b4d1270a/build]   | [INFO] Finished at: 2023-11-24T10:43:31Z
[f1979121-4a11-4b1e-a300-ac55b4d1270a/build]   | [INFO] ------------------------------------------------------------------------
[f1979121-4a11-4b1e-a300-ac55b4d1270a/build]   ‚úÖ  Success - Main Build with Maven
[f1979121-4a11-4b1e-a300-ac55b4d1270a/build] unable to get git ref: failed to identify reference (tag/branch) for the checked-out revision '7449db4901c1464177fc2835ad543abb51a0b7ad'
[f1979121-4a11-4b1e-a300-ac55b4d1270a/build] unable to get git ref: failed to identify reference (tag/branch) for the checked-out revision '7449db4901c1464177fc2835ad543abb51a0b7ad'
[f1979121-4a11-4b1e-a300-ac55b4d1270a/build] unable to get git ref: failed to identify reference (tag/branch) for the checked-out revision '7449db4901c1464177fc2835ad543abb51a0b7ad'
[f1979121-4a11-4b1e-a300-ac55b4d1270a/build] unable to get git ref: failed to identify reference (tag/branch) for the checked-out revision '7449db4901c1464177fc2835ad543abb51a0b7ad'
[f1979121-4a11-4b1e-a300-ac55b4d1270a/build] unable to get git ref: failed to identify reference (tag/branch) for the checked-out revision '7449db4901c1464177fc2835ad543abb51a0b7ad'
[f1979121-4a11-4b1e-a300-ac55b4d1270a/build] ‚≠ê Run Post Set up JDK 11
[f1979121-4a11-4b1e-a300-ac55b4d1270a/build]   üê≥  docker exec cmd=[node /var/run/act/actions/actions-setup-java@v3/dist/cleanup/index.js] user= workdir=
[f1979121-4a11-4b1e-a300-ac55b4d1270a/build]   ‚úÖ  Success - Post Set up JDK 11
[f1979121-4a11-4b1e-a300-ac55b4d1270a/build] üèÅ  Job succeeded
[f1979121-4a11-4b1e-a300-ac55b4d1270a/build] unable to get git ref: failed to identify reference (tag/branch) for the checked-out revision '7449db4901c1464177fc2835ad543abb51a0b7ad'
