[d4a2ef0d-b19a-43d9-bb2c-8bc6f443b22a/Test JDK 11, ubuntu-latest] üöÄ  Start image=crawlergpt:latest
[d4a2ef0d-b19a-43d9-bb2c-8bc6f443b22a/Test JDK 11, ubuntu-latest]   üê≥  docker pull image=crawlergpt:latest platform= username= forcePull=false
[d4a2ef0d-b19a-43d9-bb2c-8bc6f443b22a/Test JDK 11, ubuntu-latest]   üê≥  docker create image=crawlergpt:latest platform= entrypoint=["tail" "-f" "/dev/null"] cmd=[]
[d4a2ef0d-b19a-43d9-bb2c-8bc6f443b22a/Test JDK 11, ubuntu-latest]   üê≥  docker run image=crawlergpt:latest platform= entrypoint=["tail" "-f" "/dev/null"] cmd=[]
[d4a2ef0d-b19a-43d9-bb2c-8bc6f443b22a/Test JDK 11, ubuntu-latest]   üê≥  docker exec cmd=[chown -R 1012:1013 /tmp/ea08ba3a-ea04-443b-8702-e24da214962e] user=0 workdir=
[d4a2ef0d-b19a-43d9-bb2c-8bc6f443b22a/Test JDK 11, ubuntu-latest] unable to get git ref: failed to identify reference (tag/branch) for the checked-out revision '26d1ddbc102587c5c367284ae8b6b8178acde126'
[d4a2ef0d-b19a-43d9-bb2c-8bc6f443b22a/Test JDK 11, ubuntu-latest] unable to get git ref: failed to identify reference (tag/branch) for the checked-out revision '26d1ddbc102587c5c367284ae8b6b8178acde126'
[d4a2ef0d-b19a-43d9-bb2c-8bc6f443b22a/Test JDK 11, ubuntu-latest] unable to get git ref: failed to identify reference (tag/branch) for the checked-out revision '26d1ddbc102587c5c367284ae8b6b8178acde126'
[d4a2ef0d-b19a-43d9-bb2c-8bc6f443b22a/Test JDK 11, ubuntu-latest] üß™  Matrix: map[java:11 os:ubuntu-latest]
[d4a2ef0d-b19a-43d9-bb2c-8bc6f443b22a/Test JDK 11, ubuntu-latest] unable to get git ref: failed to identify reference (tag/branch) for the checked-out revision '26d1ddbc102587c5c367284ae8b6b8178acde126'
[d4a2ef0d-b19a-43d9-bb2c-8bc6f443b22a/Test JDK 11, ubuntu-latest] unable to get git ref: failed to identify reference (tag/branch) for the checked-out revision '26d1ddbc102587c5c367284ae8b6b8178acde126'
[d4a2ef0d-b19a-43d9-bb2c-8bc6f443b22a/Test JDK 11, ubuntu-latest] unable to get git ref: failed to identify reference (tag/branch) for the checked-out revision '26d1ddbc102587c5c367284ae8b6b8178acde126'
[d4a2ef0d-b19a-43d9-bb2c-8bc6f443b22a/Test JDK 11, ubuntu-latest] unable to get git ref: failed to identify reference (tag/branch) for the checked-out revision '26d1ddbc102587c5c367284ae8b6b8178acde126'
[d4a2ef0d-b19a-43d9-bb2c-8bc6f443b22a/Test JDK 11, ubuntu-latest] unable to get git ref: failed to identify reference (tag/branch) for the checked-out revision '26d1ddbc102587c5c367284ae8b6b8178acde126'
[d4a2ef0d-b19a-43d9-bb2c-8bc6f443b22a/Test JDK 11, ubuntu-latest] unable to get git ref: failed to identify reference (tag/branch) for the checked-out revision '26d1ddbc102587c5c367284ae8b6b8178acde126'
[d4a2ef0d-b19a-43d9-bb2c-8bc6f443b22a/Test JDK 11, ubuntu-latest] ‚≠ê Run Main actions/checkout@v1
[d4a2ef0d-b19a-43d9-bb2c-8bc6f443b22a/Test JDK 11, ubuntu-latest] unable to get git ref: failed to identify reference (tag/branch) for the checked-out revision '26d1ddbc102587c5c367284ae8b6b8178acde126'
[d4a2ef0d-b19a-43d9-bb2c-8bc6f443b22a/Test JDK 11, ubuntu-latest]   ‚úÖ  Success - Main actions/checkout@v1
[d4a2ef0d-b19a-43d9-bb2c-8bc6f443b22a/Test JDK 11, ubuntu-latest] unable to get git ref: failed to identify reference (tag/branch) for the checked-out revision '26d1ddbc102587c5c367284ae8b6b8178acde126'
[d4a2ef0d-b19a-43d9-bb2c-8bc6f443b22a/Test JDK 11, ubuntu-latest] unable to get git ref: failed to identify reference (tag/branch) for the checked-out revision '26d1ddbc102587c5c367284ae8b6b8178acde126'
[d4a2ef0d-b19a-43d9-bb2c-8bc6f443b22a/Test JDK 11, ubuntu-latest] unable to get git ref: failed to identify reference (tag/branch) for the checked-out revision '26d1ddbc102587c5c367284ae8b6b8178acde126'
[d4a2ef0d-b19a-43d9-bb2c-8bc6f443b22a/Test JDK 11, ubuntu-latest] unable to get git ref: failed to identify reference (tag/branch) for the checked-out revision '26d1ddbc102587c5c367284ae8b6b8178acde126'
[d4a2ef0d-b19a-43d9-bb2c-8bc6f443b22a/Test JDK 11, ubuntu-latest] unable to get git ref: failed to identify reference (tag/branch) for the checked-out revision '26d1ddbc102587c5c367284ae8b6b8178acde126'
[d4a2ef0d-b19a-43d9-bb2c-8bc6f443b22a/Test JDK 11, ubuntu-latest] ‚≠ê Run Main Set up JDK
[d4a2ef0d-b19a-43d9-bb2c-8bc6f443b22a/Test JDK 11, ubuntu-latest] unable to get git ref: failed to identify reference (tag/branch) for the checked-out revision '26d1ddbc102587c5c367284ae8b6b8178acde126'
[d4a2ef0d-b19a-43d9-bb2c-8bc6f443b22a/Test JDK 11, ubuntu-latest] unable to get git ref: failed to identify reference (tag/branch) for the checked-out revision '26d1ddbc102587c5c367284ae8b6b8178acde126'
[d4a2ef0d-b19a-43d9-bb2c-8bc6f443b22a/Test JDK 11, ubuntu-latest] unable to get git ref: failed to identify reference (tag/branch) for the checked-out revision '26d1ddbc102587c5c367284ae8b6b8178acde126'
[d4a2ef0d-b19a-43d9-bb2c-8bc6f443b22a/Test JDK 11, ubuntu-latest]   üê≥  docker cp src=/tmp/act-cache/dde933fb-da6e-424d-878b-b7d22236a500/act/actions-setup-java@v1/ dst=/var/run/act/actions/actions-setup-java@v1/
[d4a2ef0d-b19a-43d9-bb2c-8bc6f443b22a/Test JDK 11, ubuntu-latest]   üê≥  docker exec cmd=[chown -R 1012:1013 /var/run/act/actions/actions-setup-java@v1/] user=0 workdir=
[d4a2ef0d-b19a-43d9-bb2c-8bc6f443b22a/Test JDK 11, ubuntu-latest]   üê≥  docker exec cmd=[node /var/run/act/actions/actions-setup-java@v1/dist/setup/index.js] user= workdir=
[d4a2ef0d-b19a-43d9-bb2c-8bc6f443b22a/Test JDK 11, ubuntu-latest]   üí¨  ::debug::isExplicit: 
[d4a2ef0d-b19a-43d9-bb2c-8bc6f443b22a/Test JDK 11, ubuntu-latest]   üí¨  ::debug::explicit? false
[d4a2ef0d-b19a-43d9-bb2c-8bc6f443b22a/Test JDK 11, ubuntu-latest]   üí¨  ::debug::evaluating 0 versions
[d4a2ef0d-b19a-43d9-bb2c-8bc6f443b22a/Test JDK 11, ubuntu-latest]   üí¨  ::debug::match not found
[d4a2ef0d-b19a-43d9-bb2c-8bc6f443b22a/Test JDK 11, ubuntu-latest]   üí¨  ::debug::Downloading JDK from Azul
[d4a2ef0d-b19a-43d9-bb2c-8bc6f443b22a/Test JDK 11, ubuntu-latest]   üí¨  ::debug::Searching for files with extension: -linux_x64.tar.gz
[d4a2ef0d-b19a-43d9-bb2c-8bc6f443b22a/Test JDK 11, ubuntu-latest]   üí¨  ::debug::Downloading https://static.azul.com/zulu/bin/zulu11.64.19-ca-jdk11.0.19-linux_x64.tar.gz
[d4a2ef0d-b19a-43d9-bb2c-8bc6f443b22a/Test JDK 11, ubuntu-latest]   üí¨  ::debug::Downloading /tmp/bd52d9ae-f712-4bfa-9afc-c444434240a1
[d4a2ef0d-b19a-43d9-bb2c-8bc6f443b22a/Test JDK 11, ubuntu-latest]   üí¨  ::debug::download complete
[d4a2ef0d-b19a-43d9-bb2c-8bc6f443b22a/Test JDK 11, ubuntu-latest]   | [command]/usr/bin/tar --version
[d4a2ef0d-b19a-43d9-bb2c-8bc6f443b22a/Test JDK 11, ubuntu-latest]   | tar (GNU tar) 1.30
[d4a2ef0d-b19a-43d9-bb2c-8bc6f443b22a/Test JDK 11, ubuntu-latest]   | Copyright (C) 2017 Free Software Foundation, Inc.
[d4a2ef0d-b19a-43d9-bb2c-8bc6f443b22a/Test JDK 11, ubuntu-latest]   | License GPLv3+: GNU GPL version 3 or later <https://gnu.org/licenses/gpl.html>.
[d4a2ef0d-b19a-43d9-bb2c-8bc6f443b22a/Test JDK 11, ubuntu-latest]   | This is free software: you are free to change and redistribute it.
[d4a2ef0d-b19a-43d9-bb2c-8bc6f443b22a/Test JDK 11, ubuntu-latest]   | There is NO WARRANTY, to the extent permitted by law.
[d4a2ef0d-b19a-43d9-bb2c-8bc6f443b22a/Test JDK 11, ubuntu-latest]   | 
[d4a2ef0d-b19a-43d9-bb2c-8bc6f443b22a/Test JDK 11, ubuntu-latest]   | Written by John Gilmore and Jay Fenlason.
[d4a2ef0d-b19a-43d9-bb2c-8bc6f443b22a/Test JDK 11, ubuntu-latest]   | [command]/usr/bin/tar xz --warning=no-unknown-keyword -C /tmp/temp_711314739 -f /tmp/bd52d9ae-f712-4bfa-9afc-c444434240a1
[d4a2ef0d-b19a-43d9-bb2c-8bc6f443b22a/Test JDK 11, ubuntu-latest]   üí¨  ::debug::jdk extracted to /tmp/temp_711314739/zulu11.64.19-ca-jdk11.0.19-linux_x64
[d4a2ef0d-b19a-43d9-bb2c-8bc6f443b22a/Test JDK 11, ubuntu-latest]   üí¨  ::debug::Caching tool jdk 11.0.19 x64
[d4a2ef0d-b19a-43d9-bb2c-8bc6f443b22a/Test JDK 11, ubuntu-latest]   üí¨  ::debug::source dir: /tmp/temp_711314739/zulu11.64.19-ca-jdk11.0.19-linux_x64
[d4a2ef0d-b19a-43d9-bb2c-8bc6f443b22a/Test JDK 11, ubuntu-latest]   üí¨  ::debug::destination /opt/hostedtoolcache/jdk/11.0.19/x64
[d4a2ef0d-b19a-43d9-bb2c-8bc6f443b22a/Test JDK 11, ubuntu-latest]   üí¨  ::debug::finished caching tool
[d4a2ef0d-b19a-43d9-bb2c-8bc6f443b22a/Test JDK 11, ubuntu-latest]   ‚ùì add-matcher /run/act/actions/actions-setup-java@v1/.github/java.json
[d4a2ef0d-b19a-43d9-bb2c-8bc6f443b22a/Test JDK 11, ubuntu-latest]   | creating settings.xml with server-id: github; environment variables: username=$GITHUB_ACTOR, password=$GITHUB_TOKEN, and gpg-passphrase=null
[d4a2ef0d-b19a-43d9-bb2c-8bc6f443b22a/Test JDK 11, ubuntu-latest]   üí¨  ::debug::created directory /home/runneradmin/.m2
[d4a2ef0d-b19a-43d9-bb2c-8bc6f443b22a/Test JDK 11, ubuntu-latest]   | writing /home/runneradmin/.m2/settings.xml
[d4a2ef0d-b19a-43d9-bb2c-8bc6f443b22a/Test JDK 11, ubuntu-latest]   ‚úÖ  Success - Main Set up JDK
[d4a2ef0d-b19a-43d9-bb2c-8bc6f443b22a/Test JDK 11, ubuntu-latest]   ‚öô  ::set-env:: JAVA_HOME_11.0.19_x64=/opt/hostedtoolcache/jdk/11.0.19/x64
[d4a2ef0d-b19a-43d9-bb2c-8bc6f443b22a/Test JDK 11, ubuntu-latest]   ‚öô  ::set-env:: JAVA_HOME=/opt/hostedtoolcache/jdk/11.0.19/x64
[d4a2ef0d-b19a-43d9-bb2c-8bc6f443b22a/Test JDK 11, ubuntu-latest]   ‚öô  ::set-env:: JAVA_HOME_11_0_19_X64=/opt/hostedtoolcache/jdk/11.0.19/x64
[d4a2ef0d-b19a-43d9-bb2c-8bc6f443b22a/Test JDK 11, ubuntu-latest]   ‚öô  ::set-output:: path=/opt/hostedtoolcache/jdk/11.0.19/x64
[d4a2ef0d-b19a-43d9-bb2c-8bc6f443b22a/Test JDK 11, ubuntu-latest]   ‚öô  ::set-output:: version=11.0.19
[d4a2ef0d-b19a-43d9-bb2c-8bc6f443b22a/Test JDK 11, ubuntu-latest]   ‚öô  ::add-path:: /opt/hostedtoolcache/jdk/11.0.19/x64/bin
[d4a2ef0d-b19a-43d9-bb2c-8bc6f443b22a/Test JDK 11, ubuntu-latest] unable to get git ref: failed to identify reference (tag/branch) for the checked-out revision '26d1ddbc102587c5c367284ae8b6b8178acde126'
[d4a2ef0d-b19a-43d9-bb2c-8bc6f443b22a/Test JDK 11, ubuntu-latest] unable to get git ref: failed to identify reference (tag/branch) for the checked-out revision '26d1ddbc102587c5c367284ae8b6b8178acde126'
[d4a2ef0d-b19a-43d9-bb2c-8bc6f443b22a/Test JDK 11, ubuntu-latest] unable to get git ref: failed to identify reference (tag/branch) for the checked-out revision '26d1ddbc102587c5c367284ae8b6b8178acde126'
[d4a2ef0d-b19a-43d9-bb2c-8bc6f443b22a/Test JDK 11, ubuntu-latest] unable to get git ref: failed to identify reference (tag/branch) for the checked-out revision '26d1ddbc102587c5c367284ae8b6b8178acde126'
[d4a2ef0d-b19a-43d9-bb2c-8bc6f443b22a/Test JDK 11, ubuntu-latest] unable to get git ref: failed to identify reference (tag/branch) for the checked-out revision '26d1ddbc102587c5c367284ae8b6b8178acde126'
[d4a2ef0d-b19a-43d9-bb2c-8bc6f443b22a/Test JDK 11, ubuntu-latest] ‚≠ê Run Main Test with Maven
[d4a2ef0d-b19a-43d9-bb2c-8bc6f443b22a/Test JDK 11, ubuntu-latest] unable to get git ref: failed to identify reference (tag/branch) for the checked-out revision '26d1ddbc102587c5c367284ae8b6b8178acde126'
[d4a2ef0d-b19a-43d9-bb2c-8bc6f443b22a/Test JDK 11, ubuntu-latest] unable to get git ref: failed to identify reference (tag/branch) for the checked-out revision '26d1ddbc102587c5c367284ae8b6b8178acde126'
[d4a2ef0d-b19a-43d9-bb2c-8bc6f443b22a/Test JDK 11, ubuntu-latest] unable to get git ref: failed to identify reference (tag/branch) for the checked-out revision '26d1ddbc102587c5c367284ae8b6b8178acde126'
[d4a2ef0d-b19a-43d9-bb2c-8bc6f443b22a/Test JDK 11, ubuntu-latest] unable to get git ref: failed to identify reference (tag/branch) for the checked-out revision '26d1ddbc102587c5c367284ae8b6b8178acde126'
[d4a2ef0d-b19a-43d9-bb2c-8bc6f443b22a/Test JDK 11, ubuntu-latest]   üê≥  docker exec cmd=[bash --noprofile --norc -e -o pipefail /var/run/act/workflow/2] user= workdir=
[d4a2ef0d-b19a-43d9-bb2c-8bc6f443b22a/Test JDK 11, ubuntu-latest]   | [INFO] Scanning for projects...
[d4a2ef0d-b19a-43d9-bb2c-8bc6f443b22a/Test JDK 11, ubuntu-latest]   | [INFO] 
[d4a2ef0d-b19a-43d9-bb2c-8bc6f443b22a/Test JDK 11, ubuntu-latest]   | [INFO] ----------------------< org.jfree:org.jfree.svg >-----------------------
[d4a2ef0d-b19a-43d9-bb2c-8bc6f443b22a/Test JDK 11, ubuntu-latest]   | [INFO] Building JFreeSVG 5.0-SNAPSHOT
[d4a2ef0d-b19a-43d9-bb2c-8bc6f443b22a/Test JDK 11, ubuntu-latest]   | [INFO] --------------------------------[ jar ]---------------------------------
[d4a2ef0d-b19a-43d9-bb2c-8bc6f443b22a/Test JDK 11, ubuntu-latest]   | [INFO] Downloading from central: https://repo.maven.apache.org/maven2/org/apache/maven/plugins/maven-resources-plugin/3.2.0/maven-resources-plugin-3.2.0.pom
[d4a2ef0d-b19a-43d9-bb2c-8bc6f443b22a/Test JDK 11, ubuntu-latest]   | [INFO] Downloaded from central: https://repo.maven.apache.org/maven2/org/apache/maven/plugins/maven-resources-plugin/3.2.0/maven-resources-plugin-3.2.0.pom (8.1 kB at 22 kB/s)
[d4a2ef0d-b19a-43d9-bb2c-8bc6f443b22a/Test JDK 11, ubuntu-latest]   | [INFO] Downloading from central: https://repo.maven.apache.org/maven2/org/apache/maven/plugins/maven-plugins/34/maven-plugins-34.pom
[d4a2ef0d-b19a-43d9-bb2c-8bc6f443b22a/Test JDK 11, ubuntu-latest]   | [INFO] Downloaded from central: https://repo.maven.apache.org/maven2/org/apache/maven/plugins/maven-plugins/34/maven-plugins-34.pom (11 kB at 356 kB/s)
[d4a2ef0d-b19a-43d9-bb2c-8bc6f443b22a/Test JDK 11, ubuntu-latest]   | [INFO] Downloading from central: https://repo.maven.apache.org/maven2/org/apache/maven/maven-parent/34/maven-parent-34.pom
[d4a2ef0d-b19a-43d9-bb2c-8bc6f443b22a/Test JDK 11, ubuntu-latest]   | [INFO] Downloaded from central: https://repo.maven.apache.org/maven2/org/apache/maven/maven-parent/34/maven-parent-34.pom (43 kB at 1.0 MB/s)
[d4a2ef0d-b19a-43d9-bb2c-8bc6f443b22a/Test JDK 11, ubuntu-latest]   | [INFO] Downloading from central: https://repo.maven.apache.org/maven2/org/apache/apache/23/apache-23.pom
[d4a2ef0d-b19a-43d9-bb2c-8bc6f443b22a/Test JDK 11, ubuntu-latest]   | [INFO] Downloaded from central: https://repo.maven.apache.org/maven2/org/apache/apache/23/apache-23.pom (18 kB at 1.5 MB/s)
[d4a2ef0d-b19a-43d9-bb2c-8bc6f443b22a/Test JDK 11, ubuntu-latest]   | [INFO] Downloading from central: https://repo.maven.apache.org/maven2/org/apache/maven/plugins/maven-resources-plugin/3.2.0/maven-resources-plugin-3.2.0.jar
[d4a2ef0d-b19a-43d9-bb2c-8bc6f443b22a/Test JDK 11, ubuntu-latest]   | [INFO] Downloaded from central: https://repo.maven.apache.org/maven2/org/apache/maven/plugins/maven-resources-plugin/3.2.0/maven-resources-plugin-3.2.0.jar (33 kB at 499 kB/s)
[d4a2ef0d-b19a-43d9-bb2c-8bc6f443b22a/Test JDK 11, ubuntu-latest]   | [INFO] Downloading from central: https://repo.maven.apache.org/maven2/org/apache/maven/plugins/maven-compiler-plugin/3.8.1/maven-compiler-plugin-3.8.1.pom
[d4a2ef0d-b19a-43d9-bb2c-8bc6f443b22a/Test JDK 11, ubuntu-latest]   | [INFO] Downloaded from central: https://repo.maven.apache.org/maven2/org/apache/maven/plugins/maven-compiler-plugin/3.8.1/maven-compiler-plugin-3.8.1.pom (12 kB at 1.0 MB/s)
[d4a2ef0d-b19a-43d9-bb2c-8bc6f443b22a/Test JDK 11, ubuntu-latest]   | [INFO] Downloading from central: https://repo.maven.apache.org/maven2/org/apache/maven/plugins/maven-plugins/33/maven-plugins-33.pom
[d4a2ef0d-b19a-43d9-bb2c-8bc6f443b22a/Test JDK 11, ubuntu-latest]   | [INFO] Downloaded from central: https://repo.maven.apache.org/maven2/org/apache/maven/plugins/maven-plugins/33/maven-plugins-33.pom (11 kB at 972 kB/s)
[d4a2ef0d-b19a-43d9-bb2c-8bc6f443b22a/Test JDK 11, ubuntu-latest]   | [INFO] Downloading from central: https://repo.maven.apache.org/maven2/org/apache/maven/maven-parent/33/maven-parent-33.pom
[d4a2ef0d-b19a-43d9-bb2c-8bc6f443b22a/Test JDK 11, ubuntu-latest]   | [INFO] Downloaded from central: https://repo.maven.apache.org/maven2/org/apache/maven/maven-parent/33/maven-parent-33.pom (44 kB at 1.8 MB/s)
[d4a2ef0d-b19a-43d9-bb2c-8bc6f443b22a/Test JDK 11, ubuntu-latest]   | [INFO] Downloading from central: https://repo.maven.apache.org/maven2/org/apache/apache/21/apache-21.pom
[d4a2ef0d-b19a-43d9-bb2c-8bc6f443b22a/Test JDK 11, ubuntu-latest]   | [INFO] Downloaded from central: https://repo.maven.apache.org/maven2/org/apache/apache/21/apache-21.pom (17 kB at 1.0 MB/s)
[d4a2ef0d-b19a-43d9-bb2c-8bc6f443b22a/Test JDK 11, ubuntu-latest]   | [INFO] Downloading from central: https://repo.maven.apache.org/maven2/org/apache/maven/plugins/maven-compiler-plugin/3.8.1/maven-compiler-plugin-3.8.1.jar
[d4a2ef0d-b19a-43d9-bb2c-8bc6f443b22a/Test JDK 11, ubuntu-latest]   | [INFO] Downloaded from central: https://repo.maven.apache.org/maven2/org/apache/maven/plugins/maven-compiler-plugin/3.8.1/maven-compiler-plugin-3.8.1.jar (62 kB at 3.3 MB/s)
[d4a2ef0d-b19a-43d9-bb2c-8bc6f443b22a/Test JDK 11, ubuntu-latest]   | [INFO] Downloading from central: https://repo.maven.apache.org/maven2/org/apache/maven/plugins/maven-surefire-plugin/3.0.0-M5/maven-surefire-plugin-3.0.0-M5.pom
[d4a2ef0d-b19a-43d9-bb2c-8bc6f443b22a/Test JDK 11, ubuntu-latest]   | [INFO] Downloaded from central: https://repo.maven.apache.org/maven2/org/apache/maven/plugins/maven-surefire-plugin/3.0.0-M5/maven-surefire-plugin-3.0.0-M5.pom (8.0 kB at 894 kB/s)
[d4a2ef0d-b19a-43d9-bb2c-8bc6f443b22a/Test JDK 11, ubuntu-latest]   | [INFO] Downloading from central: https://repo.maven.apache.org/maven2/org/apache/maven/surefire/surefire/3.0.0-M5/surefire-3.0.0-M5.pom
[d4a2ef0d-b19a-43d9-bb2c-8bc6f443b22a/Test JDK 11, ubuntu-latest]   | [INFO] Downloaded from central: https://repo.maven.apache.org/maven2/org/apache/maven/surefire/surefire/3.0.0-M5/surefire-3.0.0-M5.pom (27 kB at 2.5 MB/s)
[d4a2ef0d-b19a-43d9-bb2c-8bc6f443b22a/Test JDK 11, ubuntu-latest]   | [INFO] Downloading from central: https://repo.maven.apache.org/maven2/org/apache/maven/plugins/maven-surefire-plugin/3.0.0-M5/maven-surefire-plugin-3.0.0-M5.jar
[d4a2ef0d-b19a-43d9-bb2c-8bc6f443b22a/Test JDK 11, ubuntu-latest]   | [INFO] Downloaded from central: https://repo.maven.apache.org/maven2/org/apache/maven/plugins/maven-surefire-plugin/3.0.0-M5/maven-surefire-plugin-3.0.0-M5.jar (43 kB at 3.1 MB/s)
[d4a2ef0d-b19a-43d9-bb2c-8bc6f443b22a/Test JDK 11, ubuntu-latest]   | [INFO] Downloading from central: https://repo.maven.apache.org/maven2/org/junit/jupiter/junit-jupiter-api/5.7.0/junit-jupiter-api-5.7.0.pom
[d4a2ef0d-b19a-43d9-bb2c-8bc6f443b22a/Test JDK 11, ubuntu-latest]   | [INFO] Downloaded from central: https://repo.maven.apache.org/maven2/org/junit/jupiter/junit-jupiter-api/5.7.0/junit-jupiter-api-5.7.0.pom (3.2 kB at 118 kB/s)
[d4a2ef0d-b19a-43d9-bb2c-8bc6f443b22a/Test JDK 11, ubuntu-latest]   | [INFO] Downloading from central: https://repo.maven.apache.org/maven2/org/junit/junit-bom/5.7.0/junit-bom-5.7.0.pom
[d4a2ef0d-b19a-43d9-bb2c-8bc6f443b22a/Test JDK 11, ubuntu-latest]   | [INFO] Downloaded from central: https://repo.maven.apache.org/maven2/org/junit/junit-bom/5.7.0/junit-bom-5.7.0.pom (5.1 kB at 113 kB/s)
[d4a2ef0d-b19a-43d9-bb2c-8bc6f443b22a/Test JDK 11, ubuntu-latest]   | [INFO] Downloading from central: https://repo.maven.apache.org/maven2/org/apiguardian/apiguardian-api/1.1.0/apiguardian-api-1.1.0.pom
[d4a2ef0d-b19a-43d9-bb2c-8bc6f443b22a/Test JDK 11, ubuntu-latest]   | [INFO] Downloaded from central: https://repo.maven.apache.org/maven2/org/apiguardian/apiguardian-api/1.1.0/apiguardian-api-1.1.0.pom (1.2 kB at 97 kB/s)
[d4a2ef0d-b19a-43d9-bb2c-8bc6f443b22a/Test JDK 11, ubuntu-latest]   | [INFO] Downloading from central: https://repo.maven.apache.org/maven2/org/opentest4j/opentest4j/1.2.0/opentest4j-1.2.0.pom
[d4a2ef0d-b19a-43d9-bb2c-8bc6f443b22a/Test JDK 11, ubuntu-latest]   | [INFO] Downloaded from central: https://repo.maven.apache.org/maven2/org/opentest4j/opentest4j/1.2.0/opentest4j-1.2.0.pom (1.7 kB at 153 kB/s)
[d4a2ef0d-b19a-43d9-bb2c-8bc6f443b22a/Test JDK 11, ubuntu-latest]   | [INFO] Downloading from central: https://repo.maven.apache.org/maven2/org/junit/platform/junit-platform-commons/1.7.0/junit-platform-commons-1.7.0.pom
[d4a2ef0d-b19a-43d9-bb2c-8bc6f443b22a/Test JDK 11, ubuntu-latest]   | [INFO] Downloaded from central: https://repo.maven.apache.org/maven2/org/junit/platform/junit-platform-commons/1.7.0/junit-platform-commons-1.7.0.pom (2.8 kB at 66 kB/s)
[d4a2ef0d-b19a-43d9-bb2c-8bc6f443b22a/Test JDK 11, ubuntu-latest]   | [INFO] Downloading from central: https://repo.maven.apache.org/maven2/org/junit/jupiter/junit-jupiter-engine/5.7.2/junit-jupiter-engine-5.7.2.pom
[d4a2ef0d-b19a-43d9-bb2c-8bc6f443b22a/Test JDK 11, ubuntu-latest]   | [INFO] Downloaded from central: https://repo.maven.apache.org/maven2/org/junit/jupiter/junit-jupiter-engine/5.7.2/junit-jupiter-engine-5.7.2.pom (3.2 kB at 246 kB/s)
[d4a2ef0d-b19a-43d9-bb2c-8bc6f443b22a/Test JDK 11, ubuntu-latest]   | [INFO] Downloading from central: https://repo.maven.apache.org/maven2/org/junit/junit-bom/5.7.2/junit-bom-5.7.2.pom
[d4a2ef0d-b19a-43d9-bb2c-8bc6f443b22a/Test JDK 11, ubuntu-latest]   | [INFO] Downloaded from central: https://repo.maven.apache.org/maven2/org/junit/junit-bom/5.7.2/junit-bom-5.7.2.pom (5.1 kB at 100 kB/s)
[d4a2ef0d-b19a-43d9-bb2c-8bc6f443b22a/Test JDK 11, ubuntu-latest]   | [INFO] Downloading from central: https://repo.maven.apache.org/maven2/org/junit/platform/junit-platform-engine/1.7.2/junit-platform-engine-1.7.2.pom
[d4a2ef0d-b19a-43d9-bb2c-8bc6f443b22a/Test JDK 11, ubuntu-latest]   | [INFO] Downloaded from central: https://repo.maven.apache.org/maven2/org/junit/platform/junit-platform-engine/1.7.2/junit-platform-engine-1.7.2.pom (3.2 kB at 139 kB/s)
[d4a2ef0d-b19a-43d9-bb2c-8bc6f443b22a/Test JDK 11, ubuntu-latest]   | [INFO] Downloading from central: https://repo.maven.apache.org/maven2/org/junit/platform/junit-platform-commons/1.7.2/junit-platform-commons-1.7.2.pom
[d4a2ef0d-b19a-43d9-bb2c-8bc6f443b22a/Test JDK 11, ubuntu-latest]   | [INFO] Downloaded from central: https://repo.maven.apache.org/maven2/org/junit/platform/junit-platform-commons/1.7.2/junit-platform-commons-1.7.2.pom (2.8 kB at 129 kB/s)
[d4a2ef0d-b19a-43d9-bb2c-8bc6f443b22a/Test JDK 11, ubuntu-latest]   | [INFO] Downloading from central: https://repo.maven.apache.org/maven2/org/junit/jupiter/junit-jupiter-api/5.7.2/junit-jupiter-api-5.7.2.pom
[d4a2ef0d-b19a-43d9-bb2c-8bc6f443b22a/Test JDK 11, ubuntu-latest]   | [INFO] Downloaded from central: https://repo.maven.apache.org/maven2/org/junit/jupiter/junit-jupiter-api/5.7.2/junit-jupiter-api-5.7.2.pom (3.2 kB at 177 kB/s)
[d4a2ef0d-b19a-43d9-bb2c-8bc6f443b22a/Test JDK 11, ubuntu-latest]   | [INFO] Downloading from central: https://repo.maven.apache.org/maven2/org/junit/jupiter/junit-jupiter-api/5.7.0/junit-jupiter-api-5.7.0.jar
[d4a2ef0d-b19a-43d9-bb2c-8bc6f443b22a/Test JDK 11, ubuntu-latest]   | [INFO] Downloading from central: https://repo.maven.apache.org/maven2/org/apiguardian/apiguardian-api/1.1.0/apiguardian-api-1.1.0.jar
[d4a2ef0d-b19a-43d9-bb2c-8bc6f443b22a/Test JDK 11, ubuntu-latest]   | [INFO] Downloading from central: https://repo.maven.apache.org/maven2/org/opentest4j/opentest4j/1.2.0/opentest4j-1.2.0.jar
[d4a2ef0d-b19a-43d9-bb2c-8bc6f443b22a/Test JDK 11, ubuntu-latest]   | [INFO] Downloading from central: https://repo.maven.apache.org/maven2/org/junit/platform/junit-platform-commons/1.7.0/junit-platform-commons-1.7.0.jar
[d4a2ef0d-b19a-43d9-bb2c-8bc6f443b22a/Test JDK 11, ubuntu-latest]   | [INFO] Downloading from central: https://repo.maven.apache.org/maven2/org/junit/jupiter/junit-jupiter-engine/5.7.2/junit-jupiter-engine-5.7.2.jar
[d4a2ef0d-b19a-43d9-bb2c-8bc6f443b22a/Test JDK 11, ubuntu-latest]   | [INFO] Downloaded from central: https://repo.maven.apache.org/maven2/org/apiguardian/apiguardian-api/1.1.0/apiguardian-api-1.1.0.jar (2.4 kB at 56 kB/s)
[d4a2ef0d-b19a-43d9-bb2c-8bc6f443b22a/Test JDK 11, ubuntu-latest]   | [INFO] Downloaded from central: https://repo.maven.apache.org/maven2/org/opentest4j/opentest4j/1.2.0/opentest4j-1.2.0.jar (7.7 kB at 182 kB/s)
[d4a2ef0d-b19a-43d9-bb2c-8bc6f443b22a/Test JDK 11, ubuntu-latest]   | [INFO] Downloading from central: https://repo.maven.apache.org/maven2/org/junit/platform/junit-platform-engine/1.7.2/junit-platform-engine-1.7.2.jar
[d4a2ef0d-b19a-43d9-bb2c-8bc6f443b22a/Test JDK 11, ubuntu-latest]   | [INFO] Downloaded from central: https://repo.maven.apache.org/maven2/org/junit/platform/junit-platform-commons/1.7.0/junit-platform-commons-1.7.0.jar (100 kB at 1.6 MB/s)
[d4a2ef0d-b19a-43d9-bb2c-8bc6f443b22a/Test JDK 11, ubuntu-latest]   | [INFO] Downloaded from central: https://repo.maven.apache.org/maven2/org/junit/jupiter/junit-jupiter-engine/5.7.2/junit-jupiter-engine-5.7.2.jar (213 kB at 3.2 MB/s)
[d4a2ef0d-b19a-43d9-bb2c-8bc6f443b22a/Test JDK 11, ubuntu-latest]   | [INFO] Downloaded from central: https://repo.maven.apache.org/maven2/org/junit/jupiter/junit-jupiter-api/5.7.0/junit-jupiter-api-5.7.0.jar (175 kB at 2.5 MB/s)
[d4a2ef0d-b19a-43d9-bb2c-8bc6f443b22a/Test JDK 11, ubuntu-latest]   | [INFO] Downloaded from central: https://repo.maven.apache.org/maven2/org/junit/platform/junit-platform-engine/1.7.2/junit-platform-engine-1.7.2.jar (181 kB at 2.4 MB/s)
[d4a2ef0d-b19a-43d9-bb2c-8bc6f443b22a/Test JDK 11, ubuntu-latest]   | [INFO] 
[d4a2ef0d-b19a-43d9-bb2c-8bc6f443b22a/Test JDK 11, ubuntu-latest]   | [INFO] --- maven-resources-plugin:3.2.0:resources (default-resources) @ org.jfree.svg ---
[d4a2ef0d-b19a-43d9-bb2c-8bc6f443b22a/Test JDK 11, ubuntu-latest]   | [INFO] Downloading from central: https://repo.maven.apache.org/maven2/org/apache/maven/maven-plugin-api/3.1.0/maven-plugin-api-3.1.0.pom
[d4a2ef0d-b19a-43d9-bb2c-8bc6f443b22a/Test JDK 11, ubuntu-latest]   | [INFO] Downloaded from central: https://repo.maven.apache.org/maven2/org/apache/maven/maven-plugin-api/3.1.0/maven-plugin-api-3.1.0.pom (3.0 kB at 169 kB/s)
[d4a2ef0d-b19a-43d9-bb2c-8bc6f443b22a/Test JDK 11, ubuntu-latest]   | [INFO] Downloading from central: https://repo.maven.apache.org/maven2/org/apache/maven/maven/3.1.0/maven-3.1.0.pom
[d4a2ef0d-b19a-43d9-bb2c-8bc6f443b22a/Test JDK 11, ubuntu-latest]   | [INFO] Downloaded from central: https://repo.maven.apache.org/maven2/org/apache/maven/maven/3.1.0/maven-3.1.0.pom (22 kB at 1.1 MB/s)
[d4a2ef0d-b19a-43d9-bb2c-8bc6f443b22a/Test JDK 11, ubuntu-latest]   | [INFO] Downloading from central: https://repo.maven.apache.org/maven2/org/apache/maven/maven-parent/23/maven-parent-23.pom
[d4a2ef0d-b19a-43d9-bb2c-8bc6f443b22a/Test JDK 11, ubuntu-latest]   | [INFO] Downloaded from central: https://repo.maven.apache.org/maven2/org/apache/maven/maven-parent/23/maven-parent-23.pom (33 kB at 2.2 MB/s)
[d4a2ef0d-b19a-43d9-bb2c-8bc6f443b22a/Test JDK 11, ubuntu-latest]   | [INFO] Downloading from central: https://repo.maven.apache.org/maven2/org/apache/apache/13/apache-13.pom
[d4a2ef0d-b19a-43d9-bb2c-8bc6f443b22a/Test JDK 11, ubuntu-latest]   | [INFO] Downloaded from central: https://repo.maven.apache.org/maven2/org/apache/apache/13/apache-13.pom (14 kB at 699 kB/s)
[d4a2ef0d-b19a-43d9-bb2c-8bc6f443b22a/Test JDK 11, ubuntu-latest]   | [INFO] Downloading from central: https://repo.maven.apache.org/maven2/org/apache/maven/maven-model/3.1.0/maven-model-3.1.0.pom
[d4a2ef0d-b19a-43d9-bb2c-8bc6f443b22a/Test JDK 11, ubuntu-latest]   | [INFO] Downloaded from central: https://repo.maven.apache.org/maven2/org/apache/maven/maven-model/3.1.0/maven-model-3.1.0.pom (3.8 kB at 181 kB/s)
[d4a2ef0d-b19a-43d9-bb2c-8bc6f443b22a/Test JDK 11, ubuntu-latest]   | [INFO] Downloading from central: https://repo.maven.apache.org/maven2/org/codehaus/plexus/plexus-utils/3.0.10/plexus-utils-3.0.10.pom
[d4a2ef0d-b19a-43d9-bb2c-8bc6f443b22a/Test JDK 11, ubuntu-latest]   | [INFO] Downloaded from central: https://repo.maven.apache.org/maven2/org/codehaus/plexus/plexus-utils/3.0.10/plexus-utils-3.0.10.pom (3.1 kB at 64 kB/s)
[d4a2ef0d-b19a-43d9-bb2c-8bc6f443b22a/Test JDK 11, ubuntu-latest]   | [INFO] Downloading from central: https://repo.maven.apache.org/maven2/org/codehaus/plexus/plexus/3.3/plexus-3.3.pom
[d4a2ef0d-b19a-43d9-bb2c-8bc6f443b22a/Test JDK 11, ubuntu-latest]   | [INFO] Downloaded from central: https://repo.maven.apache.org/maven2/org/codehaus/plexus/plexus/3.3/plexus-3.3.pom (20 kB at 1.3 MB/s)
[d4a2ef0d-b19a-43d9-bb2c-8bc6f443b22a/Test JDK 11, ubuntu-latest]   | [INFO] Downloading from central: https://repo.maven.apache.org/maven2/org/sonatype/spice/spice-parent/17/spice-parent-17.pom
[d4a2ef0d-b19a-43d9-bb2c-8bc6f443b22a/Test JDK 11, ubuntu-latest]   | [INFO] Downloaded from central: https://repo.maven.apache.org/maven2/org/sonatype/spice/spice-parent/17/spice-parent-17.pom (6.8 kB at 966 kB/s)
[d4a2ef0d-b19a-43d9-bb2c-8bc6f443b22a/Test JDK 11, ubuntu-latest]   | [INFO] Downloading from central: https://repo.maven.apache.org/maven2/org/sonatype/forge/forge-parent/10/forge-parent-10.pom
[d4a2ef0d-b19a-43d9-bb2c-8bc6f443b22a/Test JDK 11, ubuntu-latest]   | [INFO] Downloaded from central: https://repo.maven.apache.org/maven2/org/sonatype/forge/forge-parent/10/forge-parent-10.pom (14 kB at 1.1 MB/s)
[d4a2ef0d-b19a-43d9-bb2c-8bc6f443b22a/Test JDK 11, ubuntu-latest]   | [INFO] Downloading from central: https://repo.maven.apache.org/maven2/org/apache/maven/maven-artifact/3.1.0/maven-artifact-3.1.0.pom
[d4a2ef0d-b19a-43d9-bb2c-8bc6f443b22a/Test JDK 11, ubuntu-latest]   | [INFO] Downloaded from central: https://repo.maven.apache.org/maven2/org/apache/maven/maven-artifact/3.1.0/maven-artifact-3.1.0.pom (1.6 kB at 136 kB/s)
[d4a2ef0d-b19a-43d9-bb2c-8bc6f443b22a/Test JDK 11, ubuntu-latest]   | [INFO] Downloading from central: https://repo.maven.apache.org/maven2/org/eclipse/sisu/org.eclipse.sisu.plexus/0.0.0.M2a/org.eclipse.sisu.plexus-0.0.0.M2a.pom
[d4a2ef0d-b19a-43d9-bb2c-8bc6f443b22a/Test JDK 11, ubuntu-latest]   | [INFO] Downloaded from central: https://repo.maven.apache.org/maven2/org/eclipse/sisu/org.eclipse.sisu.plexus/0.0.0.M2a/org.eclipse.sisu.plexus-0.0.0.M2a.pom (5.9 kB at 327 kB/s)
[d4a2ef0d-b19a-43d9-bb2c-8bc6f443b22a/Test JDK 11, ubuntu-latest]   | [INFO] Downloading from central: https://repo.maven.apache.org/maven2/org/eclipse/sisu/sisu-plexus/0.0.0.M2a/sisu-plexus-0.0.0.M2a.pom
[d4a2ef0d-b19a-43d9-bb2c-8bc6f443b22a/Test JDK 11, ubuntu-latest]   | [INFO] Downloaded from central: https://repo.maven.apache.org/maven2/org/eclipse/sisu/sisu-plexus/0.0.0.M2a/sisu-plexus-0.0.0.M2a.pom (7.9 kB at 1.1 MB/s)
[d4a2ef0d-b19a-43d9-bb2c-8bc6f443b22a/Test JDK 11, ubuntu-latest]   | [INFO] Downloading from central: https://repo.maven.apache.org/maven2/org/sonatype/oss/oss-parent/7/oss-parent-7.pom
[d4a2ef0d-b19a-43d9-bb2c-8bc6f443b22a/Test JDK 11, ubuntu-latest]   | [INFO] Downloaded from central: https://repo.maven.apache.org/maven2/org/sonatype/oss/oss-parent/7/oss-parent-7.pom (4.8 kB at 402 kB/s)
[d4a2ef0d-b19a-43d9-bb2c-8bc6f443b22a/Test JDK 11, ubuntu-latest]   | [INFO] Downloading from central: https://repo.maven.apache.org/maven2/javax/enterprise/cdi-api/1.0/cdi-api-1.0.pom
[d4a2ef0d-b19a-43d9-bb2c-8bc6f443b22a/Test JDK 11, ubuntu-latest]   | [INFO] Downloaded from central: https://repo.maven.apache.org/maven2/javax/enterprise/cdi-api/1.0/cdi-api-1.0.pom (1.4 kB at 26 kB/s)
[d4a2ef0d-b19a-43d9-bb2c-8bc6f443b22a/Test JDK 11, ubuntu-latest]   | [INFO] Downloading from central: https://repo.maven.apache.org/maven2/org/jboss/weld/weld-api-parent/1.0/weld-api-parent-1.0.pom
[d4a2ef0d-b19a-43d9-bb2c-8bc6f443b22a/Test JDK 11, ubuntu-latest]   | [INFO] Downloaded from central: https://repo.maven.apache.org/maven2/org/jboss/weld/weld-api-parent/1.0/weld-api-parent-1.0.pom (2.4 kB at 157 kB/s)
[d4a2ef0d-b19a-43d9-bb2c-8bc6f443b22a/Test JDK 11, ubuntu-latest]   | [INFO] Downloading from central: https://repo.maven.apache.org/maven2/org/jboss/weld/weld-api-bom/1.0/weld-api-bom-1.0.pom
[d4a2ef0d-b19a-43d9-bb2c-8bc6f443b22a/Test JDK 11, ubuntu-latest]   | [INFO] Downloaded from central: https://repo.maven.apache.org/maven2/org/jboss/weld/weld-api-bom/1.0/weld-api-bom-1.0.pom (7.9 kB at 565 kB/s)
[d4a2ef0d-b19a-43d9-bb2c-8bc6f443b22a/Test JDK 11, ubuntu-latest]   | [INFO] Downloading from central: https://repo.maven.apache.org/maven2/org/jboss/weld/weld-parent/6/weld-parent-6.pom
[d4a2ef0d-b19a-43d9-bb2c-8bc6f443b22a/Test JDK 11, ubuntu-latest]   | [INFO] Downloaded from central: https://repo.maven.apache.org/maven2/org/jboss/weld/weld-parent/6/weld-parent-6.pom (21 kB at 545 kB/s)
[d4a2ef0d-b19a-43d9-bb2c-8bc6f443b22a/Test JDK 11, ubuntu-latest]   | [INFO] Downloading from central: https://repo.maven.apache.org/maven2/javax/annotation/jsr250-api/1.0/jsr250-api-1.0.pom
[d4a2ef0d-b19a-43d9-bb2c-8bc6f443b22a/Test JDK 11, ubuntu-latest]   | [INFO] Downloaded from central: https://repo.maven.apache.org/maven2/javax/annotation/jsr250-api/1.0/jsr250-api-1.0.pom (1.0 kB at 146 kB/s)
[d4a2ef0d-b19a-43d9-bb2c-8bc6f443b22a/Test JDK 11, ubuntu-latest]   | [INFO] Downloading from central: https://repo.maven.apache.org/maven2/javax/inject/javax.inject/1/javax.inject-1.pom
[d4a2ef0d-b19a-43d9-bb2c-8bc6f443b22a/Test JDK 11, ubuntu-latest]   | [INFO] Downloaded from central: https://repo.maven.apache.org/maven2/javax/inject/javax.inject/1/javax.inject-1.pom (612 B at 27 kB/s)
[d4a2ef0d-b19a-43d9-bb2c-8bc6f443b22a/Test JDK 11, ubuntu-latest]   | [INFO] Downloading from central: https://repo.maven.apache.org/maven2/com/google/guava/guava/10.0.1/guava-10.0.1.pom
[d4a2ef0d-b19a-43d9-bb2c-8bc6f443b22a/Test JDK 11, ubuntu-latest]   | [INFO] Downloaded from central: https://repo.maven.apache.org/maven2/com/google/guava/guava/10.0.1/guava-10.0.1.pom (5.4 kB at 163 kB/s)
[d4a2ef0d-b19a-43d9-bb2c-8bc6f443b22a/Test JDK 11, ubuntu-latest]   | [INFO] Downloading from central: https://repo.maven.apache.org/maven2/com/google/guava/guava-parent/10.0.1/guava-parent-10.0.1.pom
[d4a2ef0d-b19a-43d9-bb2c-8bc6f443b22a/Test JDK 11, ubuntu-latest]   | [INFO] Downloaded from central: https://repo.maven.apache.org/maven2/com/google/guava/guava-parent/10.0.1/guava-parent-10.0.1.pom (2.0 kB at 163 kB/s)
[d4a2ef0d-b19a-43d9-bb2c-8bc6f443b22a/Test JDK 11, ubuntu-latest]   | [INFO] Downloading from central: https://repo.maven.apache.org/maven2/com/google/code/findbugs/jsr305/1.3.9/jsr305-1.3.9.pom
[d4a2ef0d-b19a-43d9-bb2c-8bc6f443b22a/Test JDK 11, ubuntu-latest]   | [INFO] Downloaded from central: https://repo.maven.apache.org/maven2/com/google/code/findbugs/jsr305/1.3.9/jsr305-1.3.9.pom (965 B at 37 kB/s)
[d4a2ef0d-b19a-43d9-bb2c-8bc6f443b22a/Test JDK 11, ubuntu-latest]   | [INFO] Downloading from central: https://repo.maven.apache.org/maven2/org/sonatype/sisu/sisu-guice/3.1.0/sisu-guice-3.1.0.pom
[d4a2ef0d-b19a-43d9-bb2c-8bc6f443b22a/Test JDK 11, ubuntu-latest]   | [INFO] Downloaded from central: https://repo.maven.apache.org/maven2/org/sonatype/sisu/sisu-guice/3.1.0/sisu-guice-3.1.0.pom (10 kB at 846 kB/s)
[d4a2ef0d-b19a-43d9-bb2c-8bc6f443b22a/Test JDK 11, ubuntu-latest]   | [INFO] Downloading from central: https://repo.maven.apache.org/maven2/org/sonatype/sisu/inject/guice-parent/3.1.0/guice-parent-3.1.0.pom
[d4a2ef0d-b19a-43d9-bb2c-8bc6f443b22a/Test JDK 11, ubuntu-latest]   | [INFO] Downloaded from central: https://repo.maven.apache.org/maven2/org/sonatype/sisu/inject/guice-parent/3.1.0/guice-parent-3.1.0.pom (11 kB at 520 kB/s)
[d4a2ef0d-b19a-43d9-bb2c-8bc6f443b22a/Test JDK 11, ubuntu-latest]   | [INFO] Downloading from central: https://repo.maven.apache.org/maven2/aopalliance/aopalliance/1.0/aopalliance-1.0.pom
[d4a2ef0d-b19a-43d9-bb2c-8bc6f443b22a/Test JDK 11, ubuntu-latest]   | [INFO] Downloaded from central: https://repo.maven.apache.org/maven2/aopalliance/aopalliance/1.0/aopalliance-1.0.pom (363 B at 7.4 kB/s)
[d4a2ef0d-b19a-43d9-bb2c-8bc6f443b22a/Test JDK 11, ubuntu-latest]   | [INFO] Downloading from central: https://repo.maven.apache.org/maven2/org/eclipse/sisu/org.eclipse.sisu.inject/0.0.0.M2a/org.eclipse.sisu.inject-0.0.0.M2a.pom
[d4a2ef0d-b19a-43d9-bb2c-8bc6f443b22a/Test JDK 11, ubuntu-latest]   | [INFO] Downloaded from central: https://repo.maven.apache.org/maven2/org/eclipse/sisu/org.eclipse.sisu.inject/0.0.0.M2a/org.eclipse.sisu.inject-0.0.0.M2a.pom (5.0 kB at 497 kB/s)
[d4a2ef0d-b19a-43d9-bb2c-8bc6f443b22a/Test JDK 11, ubuntu-latest]   | [INFO] Downloading from central: https://repo.maven.apache.org/maven2/org/eclipse/sisu/sisu-inject/0.0.0.M2a/sisu-inject-0.0.0.M2a.pom
[d4a2ef0d-b19a-43d9-bb2c-8bc6f443b22a/Test JDK 11, ubuntu-latest]   | [INFO] Downloaded from central: https://repo.maven.apache.org/maven2/org/eclipse/sisu/sisu-inject/0.0.0.M2a/sisu-inject-0.0.0.M2a.pom (7.8 kB at 1.1 MB/s)
[d4a2ef0d-b19a-43d9-bb2c-8bc6f443b22a/Test JDK 11, ubuntu-latest]   | [INFO] Downloading from central: https://repo.maven.apache.org/maven2/asm/asm/3.3.1/asm-3.3.1.pom
[d4a2ef0d-b19a-43d9-bb2c-8bc6f443b22a/Test JDK 11, ubuntu-latest]   | [INFO] Downloaded from central: https://repo.maven.apache.org/maven2/asm/asm/3.3.1/asm-3.3.1.pom (266 B at 30 kB/s)
[d4a2ef0d-b19a-43d9-bb2c-8bc6f443b22a/Test JDK 11, ubuntu-latest]   | [INFO] Downloading from central: https://repo.maven.apache.org/maven2/asm/asm-parent/3.3.1/asm-parent-3.3.1.pom
[d4a2ef0d-b19a-43d9-bb2c-8bc6f443b22a/Test JDK 11, ubuntu-latest]   | [INFO] Downloaded from central: https://repo.maven.apache.org/maven2/asm/asm-parent/3.3.1/asm-parent-3.3.1.pom (4.3 kB at 271 kB/s)
[d4a2ef0d-b19a-43d9-bb2c-8bc6f443b22a/Test JDK 11, ubuntu-latest]   | [INFO] Downloading from central: https://repo.maven.apache.org/maven2/org/codehaus/plexus/plexus-component-annotations/2.0.0/plexus-component-annotations-2.0.0.pom
[d4a2ef0d-b19a-43d9-bb2c-8bc6f443b22a/Test JDK 11, ubuntu-latest]   | [INFO] Downloaded from central: https://repo.maven.apache.org/maven2/org/codehaus/plexus/plexus-component-annotations/2.0.0/plexus-component-annotations-2.0.0.pom (750 B at 44 kB/s)
[d4a2ef0d-b19a-43d9-bb2c-8bc6f443b22a/Test JDK 11, ubuntu-latest]   | [INFO] Downloading from central: https://repo.maven.apache.org/maven2/org/codehaus/plexus/plexus-containers/2.0.0/plexus-containers-2.0.0.pom
[d4a2ef0d-b19a-43d9-bb2c-8bc6f443b22a/Test JDK 11, ubuntu-latest]   | [INFO] Downloaded from central: https://repo.maven.apache.org/maven2/org/codehaus/plexus/plexus-containers/2.0.0/plexus-containers-2.0.0.pom (4.8 kB at 686 kB/s)
[d4a2ef0d-b19a-43d9-bb2c-8bc6f443b22a/Test JDK 11, ubuntu-latest]   | [INFO] Downloading from central: https://repo.maven.apache.org/maven2/org/codehaus/plexus/plexus/5.1/plexus-5.1.pom
[d4a2ef0d-b19a-43d9-bb2c-8bc6f443b22a/Test JDK 11, ubuntu-latest]   | [INFO] Downloaded from central: https://repo.maven.apache.org/maven2/org/codehaus/plexus/plexus/5.1/plexus-5.1.pom (23 kB at 2.3 MB/s)
[d4a2ef0d-b19a-43d9-bb2c-8bc6f443b22a/Test JDK 11, ubuntu-latest]   | [INFO] Downloading from central: https://repo.maven.apache.org/maven2/org/codehaus/plexus/plexus-classworlds/2.4/plexus-classworlds-2.4.pom
[d4a2ef0d-b19a-43d9-bb2c-8bc6f443b22a/Test JDK 11, ubuntu-latest]   | [INFO] Downloaded from central: https://repo.maven.apache.org/maven2/org/codehaus/plexus/plexus-classworlds/2.4/plexus-classworlds-2.4.pom (3.9 kB at 555 kB/s)
[d4a2ef0d-b19a-43d9-bb2c-8bc6f443b22a/Test JDK 11, ubuntu-latest]   | [INFO] Downloading from central: https://repo.maven.apache.org/maven2/org/codehaus/plexus/plexus/2.0.7/plexus-2.0.7.pom
[d4a2ef0d-b19a-43d9-bb2c-8bc6f443b22a/Test JDK 11, ubuntu-latest]   | [INFO] Downloaded from central: https://repo.maven.apache.org/maven2/org/codehaus/plexus/plexus/2.0.7/plexus-2.0.7.pom (17 kB at 1.7 MB/s)
[d4a2ef0d-b19a-43d9-bb2c-8bc6f443b22a/Test JDK 11, ubuntu-latest]   | [INFO] Downloading from central: https://repo.maven.apache.org/maven2/org/codehaus/plexus/plexus-utils/2.1/plexus-utils-2.1.pom
[d4a2ef0d-b19a-43d9-bb2c-8bc6f443b22a/Test JDK 11, ubuntu-latest]   | [INFO] Downloaded from central: https://repo.maven.apache.org/maven2/org/codehaus/plexus/plexus-utils/2.1/plexus-utils-2.1.pom (4.0 kB at 336 kB/s)
[d4a2ef0d-b19a-43d9-bb2c-8bc6f443b22a/Test JDK 11, ubuntu-latest]   | [INFO] Downloading from central: https://repo.maven.apache.org/maven2/org/sonatype/spice/spice-parent/16/spice-parent-16.pom
[d4a2ef0d-b19a-43d9-bb2c-8bc6f443b22a/Test JDK 11, ubuntu-latest]   | [INFO] Downloaded from central: https://repo.maven.apache.org/maven2/org/sonatype/spice/spice-parent/16/spice-parent-16.pom (8.4 kB at 1.0 MB/s)
[d4a2ef0d-b19a-43d9-bb2c-8bc6f443b22a/Test JDK 11, ubuntu-latest]   | [INFO] Downloading from central: https://repo.maven.apache.org/maven2/org/sonatype/forge/forge-parent/5/forge-parent-5.pom
[d4a2ef0d-b19a-43d9-bb2c-8bc6f443b22a/Test JDK 11, ubuntu-latest]   | [INFO] Downloaded from central: https://repo.maven.apache.org/maven2/org/sonatype/forge/forge-parent/5/forge-parent-5.pom (8.4 kB at 398 kB/s)
[d4a2ef0d-b19a-43d9-bb2c-8bc6f443b22a/Test JDK 11, ubuntu-latest]   | [INFO] Downloading from central: https://repo.maven.apache.org/maven2/org/apache/maven/maven-core/3.1.0/maven-core-3.1.0.pom
[d4a2ef0d-b19a-43d9-bb2c-8bc6f443b22a/Test JDK 11, ubuntu-latest]   | [INFO] Downloaded from central: https://repo.maven.apache.org/maven2/org/apache/maven/maven-core/3.1.0/maven-core-3.1.0.pom (6.9 kB at 692 kB/s)
[d4a2ef0d-b19a-43d9-bb2c-8bc6f443b22a/Test JDK 11, ubuntu-latest]   | [INFO] Downloading from central: https://repo.maven.apache.org/maven2/org/apache/maven/maven-settings/3.1.0/maven-settings-3.1.0.pom
[d4a2ef0d-b19a-43d9-bb2c-8bc6f443b22a/Test JDK 11, ubuntu-latest]   | [INFO] Downloaded from central: https://repo.maven.apache.org/maven2/org/apache/maven/maven-settings/3.1.0/maven-settings-3.1.0.pom (1.8 kB at 92 kB/s)
[d4a2ef0d-b19a-43d9-bb2c-8bc6f443b22a/Test JDK 11, ubuntu-latest]   | [INFO] Downloading from central: https://repo.maven.apache.org/maven2/org/apache/maven/maven-settings-builder/3.1.0/maven-settings-builder-3.1.0.pom
[d4a2ef0d-b19a-43d9-bb2c-8bc6f443b22a/Test JDK 11, ubuntu-latest]   | [INFO] Downloaded from central: https://repo.maven.apache.org/maven2/org/apache/maven/maven-settings-builder/3.1.0/maven-settings-builder-3.1.0.pom (2.3 kB at 226 kB/s)
[d4a2ef0d-b19a-43d9-bb2c-8bc6f443b22a/Test JDK 11, ubuntu-latest]   | [INFO] Downloading from central: https://repo.maven.apache.org/maven2/org/codehaus/plexus/plexus-interpolation/1.16/plexus-interpolation-1.16.pom
[d4a2ef0d-b19a-43d9-bb2c-8bc6f443b22a/Test JDK 11, ubuntu-latest]   | [INFO] Downloaded from central: https://repo.maven.apache.org/maven2/org/codehaus/plexus/plexus-interpolation/1.16/plexus-interpolation-1.16.pom (1.0 kB at 79 kB/s)
[d4a2ef0d-b19a-43d9-bb2c-8bc6f443b22a/Test JDK 11, ubuntu-latest]   | [INFO] Downloading from central: https://repo.maven.apache.org/maven2/org/codehaus/plexus/plexus-components/1.3/plexus-components-1.3.pom
[d4a2ef0d-b19a-43d9-bb2c-8bc6f443b22a/Test JDK 11, ubuntu-latest]   | [INFO] Downloaded from central: https://repo.maven.apache.org/maven2/org/codehaus/plexus/plexus-components/1.3/plexus-components-1.3.pom (3.1 kB at 180 kB/s)
[d4a2ef0d-b19a-43d9-bb2c-8bc6f443b22a/Test JDK 11, ubuntu-latest]   | [INFO] Downloading from central: https://repo.maven.apache.org/maven2/org/sonatype/plexus/plexus-sec-dispatcher/1.3/plexus-sec-dispatcher-1.3.pom
[d4a2ef0d-b19a-43d9-bb2c-8bc6f443b22a/Test JDK 11, ubuntu-latest]   | [INFO] Downloaded from central: https://repo.maven.apache.org/maven2/org/sonatype/plexus/plexus-sec-dispatcher/1.3/plexus-sec-dispatcher-1.3.pom (3.0 kB at 106 kB/s)
[d4a2ef0d-b19a-43d9-bb2c-8bc6f443b22a/Test JDK 11, ubuntu-latest]   | [INFO] Downloading from central: https://repo.maven.apache.org/maven2/org/sonatype/spice/spice-parent/12/spice-parent-12.pom
[d4a2ef0d-b19a-43d9-bb2c-8bc6f443b22a/Test JDK 11, ubuntu-latest]   | [INFO] Downloaded from central: https://repo.maven.apache.org/maven2/org/sonatype/spice/spice-parent/12/spice-parent-12.pom (6.8 kB at 971 kB/s)
[d4a2ef0d-b19a-43d9-bb2c-8bc6f443b22a/Test JDK 11, ubuntu-latest]   | [INFO] Downloading from central: https://repo.maven.apache.org/maven2/org/sonatype/forge/forge-parent/4/forge-parent-4.pom
[d4a2ef0d-b19a-43d9-bb2c-8bc6f443b22a/Test JDK 11, ubuntu-latest]   | [INFO] Downloaded from central: https://repo.maven.apache.org/maven2/org/sonatype/forge/forge-parent/4/forge-parent-4.pom (8.4 kB at 1.0 MB/s)
[d4a2ef0d-b19a-43d9-bb2c-8bc6f443b22a/Test JDK 11, ubuntu-latest]   | [INFO] Downloading from central: https://repo.maven.apache.org/maven2/org/codehaus/plexus/plexus-utils/1.5.5/plexus-utils-1.5.5.pom
[d4a2ef0d-b19a-43d9-bb2c-8bc6f443b22a/Test JDK 11, ubuntu-latest]   | [INFO] Downloaded from central: https://repo.maven.apache.org/maven2/org/codehaus/plexus/plexus-utils/1.5.5/plexus-utils-1.5.5.pom (5.1 kB at 161 kB/s)
[d4a2ef0d-b19a-43d9-bb2c-8bc6f443b22a/Test JDK 11, ubuntu-latest]   | [INFO] Downloading from central: https://repo.maven.apache.org/maven2/org/codehaus/plexus/plexus/1.0.11/plexus-1.0.11.pom
[d4a2ef0d-b19a-43d9-bb2c-8bc6f443b22a/Test JDK 11, ubuntu-latest]   | [INFO] Downloaded from central: https://repo.maven.apache.org/maven2/org/codehaus/plexus/plexus/1.0.11/plexus-1.0.11.pom (9.0 kB at 448 kB/s)
[d4a2ef0d-b19a-43d9-bb2c-8bc6f443b22a/Test JDK 11, ubuntu-latest]   | [INFO] Downloading from central: https://repo.maven.apache.org/maven2/org/sonatype/plexus/plexus-cipher/1.4/plexus-cipher-1.4.pom
[d4a2ef0d-b19a-43d9-bb2c-8bc6f443b22a/Test JDK 11, ubuntu-latest]   | [INFO] Downloaded from central: https://repo.maven.apache.org/maven2/org/sonatype/plexus/plexus-cipher/1.4/plexus-cipher-1.4.pom (2.1 kB at 54 kB/s)
[d4a2ef0d-b19a-43d9-bb2c-8bc6f443b22a/Test JDK 11, ubuntu-latest]   | [INFO] Downloading from central: https://repo.maven.apache.org/maven2/org/apache/maven/maven-repository-metadata/3.1.0/maven-repository-metadata-3.1.0.pom
[d4a2ef0d-b19a-43d9-bb2c-8bc6f443b22a/Test JDK 11, ubuntu-latest]   | [INFO] Downloaded from central: https://repo.maven.apache.org/maven2/org/apache/maven/maven-repository-metadata/3.1.0/maven-repository-metadata-3.1.0.pom (1.9 kB at 86 kB/s)
[d4a2ef0d-b19a-43d9-bb2c-8bc6f443b22a/Test JDK 11, ubuntu-latest]   | [INFO] Downloading from central: https://repo.maven.apache.org/maven2/org/apache/maven/maven-model-builder/3.1.0/maven-model-builder-3.1.0.pom
[d4a2ef0d-b19a-43d9-bb2c-8bc6f443b22a/Test JDK 11, ubuntu-latest]   | [INFO] Downloaded from central: https://repo.maven.apache.org/maven2/org/apache/maven/maven-model-builder/3.1.0/maven-model-builder-3.1.0.pom (2.5 kB at 353 kB/s)
[d4a2ef0d-b19a-43d9-bb2c-8bc6f443b22a/Test JDK 11, ubuntu-latest]   | [INFO] Downloading from central: https://repo.maven.apache.org/maven2/org/apache/maven/maven-aether-provider/3.1.0/maven-aether-provider-3.1.0.pom
[d4a2ef0d-b19a-43d9-bb2c-8bc6f443b22a/Test JDK 11, ubuntu-latest]   | [INFO] Downloaded from central: https://repo.maven.apache.org/maven2/org/apache/maven/maven-aether-provider/3.1.0/maven-aether-provider-3.1.0.pom (3.5 kB at 706 kB/s)
[d4a2ef0d-b19a-43d9-bb2c-8bc6f443b22a/Test JDK 11, ubuntu-latest]   | [INFO] Downloading from central: https://repo.maven.apache.org/maven2/org/eclipse/aether/aether-api/0.9.0.M2/aether-api-0.9.0.M2.pom
[d4a2ef0d-b19a-43d9-bb2c-8bc6f443b22a/Test JDK 11, ubuntu-latest]   | [INFO] Downloaded from central: https://repo.maven.apache.org/maven2/org/eclipse/aether/aether-api/0.9.0.M2/aether-api-0.9.0.M2.pom (1.7 kB at 248 kB/s)
[d4a2ef0d-b19a-43d9-bb2c-8bc6f443b22a/Test JDK 11, ubuntu-latest]   | [INFO] Downloading from central: https://repo.maven.apache.org/maven2/org/eclipse/aether/aether/0.9.0.M2/aether-0.9.0.M2.pom
[d4a2ef0d-b19a-43d9-bb2c-8bc6f443b22a/Test JDK 11, ubuntu-latest]   | [INFO] Downloaded from central: https://repo.maven.apache.org/maven2/org/eclipse/aether/aether/0.9.0.M2/aether-0.9.0.M2.pom (28 kB at 899 kB/s)
[d4a2ef0d-b19a-43d9-bb2c-8bc6f443b22a/Test JDK 11, ubuntu-latest]   | [INFO] Downloading from central: https://repo.maven.apache.org/maven2/org/eclipse/aether/aether-spi/0.9.0.M2/aether-spi-0.9.0.M2.pom
[d4a2ef0d-b19a-43d9-bb2c-8bc6f443b22a/Test JDK 11, ubuntu-latest]   | [INFO] Downloaded from central: https://repo.maven.apache.org/maven2/org/eclipse/aether/aether-spi/0.9.0.M2/aether-spi-0.9.0.M2.pom (1.8 kB at 126 kB/s)
[d4a2ef0d-b19a-43d9-bb2c-8bc6f443b22a/Test JDK 11, ubuntu-latest]   | [INFO] Downloading from central: https://repo.maven.apache.org/maven2/org/eclipse/aether/aether-util/0.9.0.M2/aether-util-0.9.0.M2.pom
[d4a2ef0d-b19a-43d9-bb2c-8bc6f443b22a/Test JDK 11, ubuntu-latest]   | [INFO] Downloaded from central: https://repo.maven.apache.org/maven2/org/eclipse/aether/aether-util/0.9.0.M2/aether-util-0.9.0.M2.pom (2.0 kB at 204 kB/s)
[d4a2ef0d-b19a-43d9-bb2c-8bc6f443b22a/Test JDK 11, ubuntu-latest]   | [INFO] Downloading from central: https://repo.maven.apache.org/maven2/org/eclipse/aether/aether-impl/0.9.0.M2/aether-impl-0.9.0.M2.pom
[d4a2ef0d-b19a-43d9-bb2c-8bc6f443b22a/Test JDK 11, ubuntu-latest]   | [INFO] Downloaded from central: https://repo.maven.apache.org/maven2/org/eclipse/aether/aether-impl/0.9.0.M2/aether-impl-0.9.0.M2.pom (3.3 kB at 45 kB/s)
[d4a2ef0d-b19a-43d9-bb2c-8bc6f443b22a/Test JDK 11, ubuntu-latest]   | [INFO] Downloading from central: https://repo.maven.apache.org/maven2/org/codehaus/plexus/plexus-classworlds/2.4.2/plexus-classworlds-2.4.2.pom
[d4a2ef0d-b19a-43d9-bb2c-8bc6f443b22a/Test JDK 11, ubuntu-latest]   | [INFO] Downloaded from central: https://repo.maven.apache.org/maven2/org/codehaus/plexus/plexus-classworlds/2.4.2/plexus-classworlds-2.4.2.pom (3.5 kB at 110 kB/s)
[d4a2ef0d-b19a-43d9-bb2c-8bc6f443b22a/Test JDK 11, ubuntu-latest]   | [INFO] Downloading from central: https://repo.maven.apache.org/maven2/org/codehaus/plexus/plexus/3.0.1/plexus-3.0.1.pom
[d4a2ef0d-b19a-43d9-bb2c-8bc6f443b22a/Test JDK 11, ubuntu-latest]   | [INFO] Downloaded from central: https://repo.maven.apache.org/maven2/org/codehaus/plexus/plexus/3.0.1/plexus-3.0.1.pom (19 kB at 1.3 MB/s)
[d4a2ef0d-b19a-43d9-bb2c-8bc6f443b22a/Test JDK 11, ubuntu-latest]   | [INFO] Downloading from central: https://repo.maven.apache.org/maven2/org/codehaus/plexus/plexus-interpolation/1.26/plexus-interpolation-1.26.pom
[d4a2ef0d-b19a-43d9-bb2c-8bc6f443b22a/Test JDK 11, ubuntu-latest]   | [INFO] Downloaded from central: https://repo.maven.apache.org/maven2/org/codehaus/plexus/plexus-interpolation/1.26/plexus-interpolation-1.26.pom (2.7 kB at 379 kB/s)
[d4a2ef0d-b19a-43d9-bb2c-8bc6f443b22a/Test JDK 11, ubuntu-latest]   | [INFO] Downloading from central: https://repo.maven.apache.org/maven2/org/apache/maven/shared/maven-filtering/3.2.0/maven-filtering-3.2.0.pom
[d4a2ef0d-b19a-43d9-bb2c-8bc6f443b22a/Test JDK 11, ubuntu-latest]   | [INFO] Downloaded from central: https://repo.maven.apache.org/maven2/org/apache/maven/shared/maven-filtering/3.2.0/maven-filtering-3.2.0.pom (6.8 kB at 567 kB/s)
[d4a2ef0d-b19a-43d9-bb2c-8bc6f443b22a/Test JDK 11, ubuntu-latest]   | [INFO] Downloading from central: https://repo.maven.apache.org/maven2/org/apache/maven/shared/maven-shared-components/34/maven-shared-components-34.pom
[d4a2ef0d-b19a-43d9-bb2c-8bc6f443b22a/Test JDK 11, ubuntu-latest]   | [INFO] Downloaded from central: https://repo.maven.apache.org/maven2/org/apache/maven/shared/maven-shared-components/34/maven-shared-components-34.pom (5.1 kB at 182 kB/s)
[d4a2ef0d-b19a-43d9-bb2c-8bc6f443b22a/Test JDK 11, ubuntu-latest]   | [INFO] Downloading from central: https://repo.maven.apache.org/maven2/org/apache/maven/shared/maven-shared-utils/3.3.3/maven-shared-utils-3.3.3.pom
[d4a2ef0d-b19a-43d9-bb2c-8bc6f443b22a/Test JDK 11, ubuntu-latest]   | [INFO] Downloaded from central: https://repo.maven.apache.org/maven2/org/apache/maven/shared/maven-shared-utils/3.3.3/maven-shared-utils-3.3.3.pom (5.8 kB at 180 kB/s)
[d4a2ef0d-b19a-43d9-bb2c-8bc6f443b22a/Test JDK 11, ubuntu-latest]   | [INFO] Downloading from central: https://repo.maven.apache.org/maven2/commons-io/commons-io/2.6/commons-io-2.6.pom
[d4a2ef0d-b19a-43d9-bb2c-8bc6f443b22a/Test JDK 11, ubuntu-latest]   | [INFO] Downloaded from central: https://repo.maven.apache.org/maven2/commons-io/commons-io/2.6/commons-io-2.6.pom (14 kB at 713 kB/s)
[d4a2ef0d-b19a-43d9-bb2c-8bc6f443b22a/Test JDK 11, ubuntu-latest]   | [INFO] Downloading from central: https://repo.maven.apache.org/maven2/org/apache/commons/commons-parent/42/commons-parent-42.pom
[d4a2ef0d-b19a-43d9-bb2c-8bc6f443b22a/Test JDK 11, ubuntu-latest]   | [INFO] Downloaded from central: https://repo.maven.apache.org/maven2/org/apache/commons/commons-parent/42/commons-parent-42.pom (68 kB at 1.8 MB/s)
[d4a2ef0d-b19a-43d9-bb2c-8bc6f443b22a/Test JDK 11, ubuntu-latest]   | [INFO] Downloading from central: https://repo.maven.apache.org/maven2/org/apache/apache/18/apache-18.pom
[d4a2ef0d-b19a-43d9-bb2c-8bc6f443b22a/Test JDK 11, ubuntu-latest]   | [INFO] Downloaded from central: https://repo.maven.apache.org/maven2/org/apache/apache/18/apache-18.pom (16 kB at 168 kB/s)
[d4a2ef0d-b19a-43d9-bb2c-8bc6f443b22a/Test JDK 11, ubuntu-latest]   | [INFO] Downloading from central: https://repo.maven.apache.org/maven2/org/codehaus/plexus/plexus-utils/3.3.0/plexus-utils-3.3.0.pom
[d4a2ef0d-b19a-43d9-bb2c-8bc6f443b22a/Test JDK 11, ubuntu-latest]   | [INFO] Downloaded from central: https://repo.maven.apache.org/maven2/org/codehaus/plexus/plexus-utils/3.3.0/plexus-utils-3.3.0.pom (5.2 kB at 85 kB/s)
[d4a2ef0d-b19a-43d9-bb2c-8bc6f443b22a/Test JDK 11, ubuntu-latest]   | [INFO] Downloading from central: https://repo.maven.apache.org/maven2/org/sonatype/plexus/plexus-build-api/0.0.7/plexus-build-api-0.0.7.pom
[d4a2ef0d-b19a-43d9-bb2c-8bc6f443b22a/Test JDK 11, ubuntu-latest]   | [INFO] Downloaded from central: https://repo.maven.apache.org/maven2/org/sonatype/plexus/plexus-build-api/0.0.7/plexus-build-api-0.0.7.pom (3.2 kB at 82 kB/s)
[d4a2ef0d-b19a-43d9-bb2c-8bc6f443b22a/Test JDK 11, ubuntu-latest]   | [INFO] Downloading from central: https://repo.maven.apache.org/maven2/org/sonatype/spice/spice-parent/15/spice-parent-15.pom
[d4a2ef0d-b19a-43d9-bb2c-8bc6f443b22a/Test JDK 11, ubuntu-latest]   | [INFO] Downloaded from central: https://repo.maven.apache.org/maven2/org/sonatype/spice/spice-parent/15/spice-parent-15.pom (8.4 kB at 334 kB/s)
[d4a2ef0d-b19a-43d9-bb2c-8bc6f443b22a/Test JDK 11, ubuntu-latest]   | [INFO] Downloading from central: https://repo.maven.apache.org/maven2/org/codehaus/plexus/plexus-utils/1.5.8/plexus-utils-1.5.8.pom
[d4a2ef0d-b19a-43d9-bb2c-8bc6f443b22a/Test JDK 11, ubuntu-latest]   | [INFO] Downloaded from central: https://repo.maven.apache.org/maven2/org/codehaus/plexus/plexus-utils/1.5.8/plexus-utils-1.5.8.pom (8.1 kB at 896 kB/s)
[d4a2ef0d-b19a-43d9-bb2c-8bc6f443b22a/Test JDK 11, ubuntu-latest]   | [INFO] Downloading from central: https://repo.maven.apache.org/maven2/org/codehaus/plexus/plexus/2.0.2/plexus-2.0.2.pom
[d4a2ef0d-b19a-43d9-bb2c-8bc6f443b22a/Test JDK 11, ubuntu-latest]   | [INFO] Downloaded from central: https://repo.maven.apache.org/maven2/org/codehaus/plexus/plexus/2.0.2/plexus-2.0.2.pom (12 kB at 726 kB/s)
[d4a2ef0d-b19a-43d9-bb2c-8bc6f443b22a/Test JDK 11, ubuntu-latest]   | [INFO] Downloading from central: https://repo.maven.apache.org/maven2/org/apache/commons/commons-lang3/3.8.1/commons-lang3-3.8.1.pom
[d4a2ef0d-b19a-43d9-bb2c-8bc6f443b22a/Test JDK 11, ubuntu-latest]   | [INFO] Downloaded from central: https://repo.maven.apache.org/maven2/org/apache/commons/commons-lang3/3.8.1/commons-lang3-3.8.1.pom (28 kB at 3.5 MB/s)
[d4a2ef0d-b19a-43d9-bb2c-8bc6f443b22a/Test JDK 11, ubuntu-latest]   | [INFO] Downloading from central: https://repo.maven.apache.org/maven2/org/apache/commons/commons-parent/47/commons-parent-47.pom
[d4a2ef0d-b19a-43d9-bb2c-8bc6f443b22a/Test JDK 11, ubuntu-latest]   | [INFO] Downloaded from central: https://repo.maven.apache.org/maven2/org/apache/commons/commons-parent/47/commons-parent-47.pom (78 kB at 2.4 MB/s)
[d4a2ef0d-b19a-43d9-bb2c-8bc6f443b22a/Test JDK 11, ubuntu-latest]   | [INFO] Downloading from central: https://repo.maven.apache.org/maven2/org/apache/apache/19/apache-19.pom
[d4a2ef0d-b19a-43d9-bb2c-8bc6f443b22a/Test JDK 11, ubuntu-latest]   | [INFO] Downloaded from central: https://repo.maven.apache.org/maven2/org/apache/apache/19/apache-19.pom (15 kB at 224 kB/s)
[d4a2ef0d-b19a-43d9-bb2c-8bc6f443b22a/Test JDK 11, ubuntu-latest]   | [INFO] Downloading from central: https://repo.maven.apache.org/maven2/org/apache/maven/maven-plugin-api/3.1.0/maven-plugin-api-3.1.0.jar
[d4a2ef0d-b19a-43d9-bb2c-8bc6f443b22a/Test JDK 11, ubuntu-latest]   | [INFO] Downloading from central: https://repo.maven.apache.org/maven2/org/apache/maven/maven-artifact/3.1.0/maven-artifact-3.1.0.jar
[d4a2ef0d-b19a-43d9-bb2c-8bc6f443b22a/Test JDK 11, ubuntu-latest]   | [INFO] Downloading from central: https://repo.maven.apache.org/maven2/org/apache/maven/maven-core/3.1.0/maven-core-3.1.0.jar
[d4a2ef0d-b19a-43d9-bb2c-8bc6f443b22a/Test JDK 11, ubuntu-latest]   | [INFO] Downloading from central: https://repo.maven.apache.org/maven2/org/apache/maven/maven-settings/3.1.0/maven-settings-3.1.0.jar
[d4a2ef0d-b19a-43d9-bb2c-8bc6f443b22a/Test JDK 11, ubuntu-latest]   | [INFO] Downloading from central: https://repo.maven.apache.org/maven2/org/apache/maven/maven-settings-builder/3.1.0/maven-settings-builder-3.1.0.jar
[d4a2ef0d-b19a-43d9-bb2c-8bc6f443b22a/Test JDK 11, ubuntu-latest]   | [INFO] Downloaded from central: https://repo.maven.apache.org/maven2/org/apache/maven/maven-settings-builder/3.1.0/maven-settings-builder-3.1.0.jar (41 kB at 1.4 MB/s)
[d4a2ef0d-b19a-43d9-bb2c-8bc6f443b22a/Test JDK 11, ubuntu-latest]   | [INFO] Downloading from central: https://repo.maven.apache.org/maven2/org/apache/maven/maven-repository-metadata/3.1.0/maven-repository-metadata-3.1.0.jar
[d4a2ef0d-b19a-43d9-bb2c-8bc6f443b22a/Test JDK 11, ubuntu-latest]   | [INFO] Downloaded from central: https://repo.maven.apache.org/maven2/org/apache/maven/maven-artifact/3.1.0/maven-artifact-3.1.0.jar (52 kB at 828 kB/s)
[d4a2ef0d-b19a-43d9-bb2c-8bc6f443b22a/Test JDK 11, ubuntu-latest]   | [INFO] Downloaded from central: https://repo.maven.apache.org/maven2/org/apache/maven/maven-plugin-api/3.1.0/maven-plugin-api-3.1.0.jar (50 kB at 656 kB/s)
[d4a2ef0d-b19a-43d9-bb2c-8bc6f443b22a/Test JDK 11, ubuntu-latest]   | [INFO] Downloading from central: https://repo.maven.apache.org/maven2/org/apache/maven/maven-aether-provider/3.1.0/maven-aether-provider-3.1.0.jar
[d4a2ef0d-b19a-43d9-bb2c-8bc6f443b22a/Test JDK 11, ubuntu-latest]   | [INFO] Downloading from central: https://repo.maven.apache.org/maven2/org/apache/maven/maven-model-builder/3.1.0/maven-model-builder-3.1.0.jar
[d4a2ef0d-b19a-43d9-bb2c-8bc6f443b22a/Test JDK 11, ubuntu-latest]   | [INFO] Downloaded from central: https://repo.maven.apache.org/maven2/org/apache/maven/maven-repository-metadata/3.1.0/maven-repository-metadata-3.1.0.jar (30 kB at 700 kB/s)
[d4a2ef0d-b19a-43d9-bb2c-8bc6f443b22a/Test JDK 11, ubuntu-latest]   | [INFO] Downloading from central: https://repo.maven.apache.org/maven2/org/eclipse/aether/aether-spi/0.9.0.M2/aether-spi-0.9.0.M2.jar
[d4a2ef0d-b19a-43d9-bb2c-8bc6f443b22a/Test JDK 11, ubuntu-latest]   | [INFO] Downloaded from central: https://repo.maven.apache.org/maven2/org/apache/maven/maven-settings/3.1.0/maven-settings-3.1.0.jar (47 kB at 687 kB/s)
[d4a2ef0d-b19a-43d9-bb2c-8bc6f443b22a/Test JDK 11, ubuntu-latest]   | [INFO] Downloading from central: https://repo.maven.apache.org/maven2/org/eclipse/aether/aether-impl/0.9.0.M2/aether-impl-0.9.0.M2.jar
[d4a2ef0d-b19a-43d9-bb2c-8bc6f443b22a/Test JDK 11, ubuntu-latest]   | [INFO] Downloaded from central: https://repo.maven.apache.org/maven2/org/eclipse/aether/aether-spi/0.9.0.M2/aether-spi-0.9.0.M2.jar (18 kB at 233 kB/s)
[d4a2ef0d-b19a-43d9-bb2c-8bc6f443b22a/Test JDK 11, ubuntu-latest]   | [INFO] Downloading from central: https://repo.maven.apache.org/maven2/org/eclipse/aether/aether-api/0.9.0.M2/aether-api-0.9.0.M2.jar
[d4a2ef0d-b19a-43d9-bb2c-8bc6f443b22a/Test JDK 11, ubuntu-latest]   | [INFO] Downloaded from central: https://repo.maven.apache.org/maven2/org/apache/maven/maven-core/3.1.0/maven-core-3.1.0.jar (563 kB at 7.0 MB/s)
[d4a2ef0d-b19a-43d9-bb2c-8bc6f443b22a/Test JDK 11, ubuntu-latest]   | [INFO] Downloading from central: https://repo.maven.apache.org/maven2/org/eclipse/aether/aether-util/0.9.0.M2/aether-util-0.9.0.M2.jar
[d4a2ef0d-b19a-43d9-bb2c-8bc6f443b22a/Test JDK 11, ubuntu-latest]   | [INFO] Downloaded from central: https://repo.maven.apache.org/maven2/org/apache/maven/maven-aether-provider/3.1.0/maven-aether-provider-3.1.0.jar (60 kB at 760 kB/s)
[d4a2ef0d-b19a-43d9-bb2c-8bc6f443b22a/Test JDK 11, ubuntu-latest]   | [INFO] Downloading from central: https://repo.maven.apache.org/maven2/org/codehaus/plexus/plexus-utils/3.0.10/plexus-utils-3.0.10.jar
[d4a2ef0d-b19a-43d9-bb2c-8bc6f443b22a/Test JDK 11, ubuntu-latest]   | [INFO] Downloaded from central: https://repo.maven.apache.org/maven2/org/apache/maven/maven-model-builder/3.1.0/maven-model-builder-3.1.0.jar (159 kB at 1.5 MB/s)
[d4a2ef0d-b19a-43d9-bb2c-8bc6f443b22a/Test JDK 11, ubuntu-latest]   | [INFO] Downloading from central: https://repo.maven.apache.org/maven2/org/codehaus/plexus/plexus-classworlds/2.4.2/plexus-classworlds-2.4.2.jar
[d4a2ef0d-b19a-43d9-bb2c-8bc6f443b22a/Test JDK 11, ubuntu-latest]   | [INFO] Downloaded from central: https://repo.maven.apache.org/maven2/org/eclipse/aether/aether-impl/0.9.0.M2/aether-impl-0.9.0.M2.jar (145 kB at 1.4 MB/s)
[d4a2ef0d-b19a-43d9-bb2c-8bc6f443b22a/Test JDK 11, ubuntu-latest]   | [INFO] Downloading from central: https://repo.maven.apache.org/maven2/org/sonatype/plexus/plexus-sec-dispatcher/1.3/plexus-sec-dispatcher-1.3.jar
[d4a2ef0d-b19a-43d9-bb2c-8bc6f443b22a/Test JDK 11, ubuntu-latest]   | [INFO] Downloaded from central: https://repo.maven.apache.org/maven2/org/eclipse/aether/aether-util/0.9.0.M2/aether-util-0.9.0.M2.jar (134 kB at 1.2 MB/s)
[d4a2ef0d-b19a-43d9-bb2c-8bc6f443b22a/Test JDK 11, ubuntu-latest]   | [INFO] Downloading from central: https://repo.maven.apache.org/maven2/org/sonatype/plexus/plexus-cipher/1.4/plexus-cipher-1.4.jar
[d4a2ef0d-b19a-43d9-bb2c-8bc6f443b22a/Test JDK 11, ubuntu-latest]   | [INFO] Downloaded from central: https://repo.maven.apache.org/maven2/org/codehaus/plexus/plexus-utils/3.0.10/plexus-utils-3.0.10.jar (231 kB at 1.7 MB/s)
[d4a2ef0d-b19a-43d9-bb2c-8bc6f443b22a/Test JDK 11, ubuntu-latest]   | [INFO] Downloaded from central: https://repo.maven.apache.org/maven2/org/eclipse/aether/aether-api/0.9.0.M2/aether-api-0.9.0.M2.jar (134 kB at 992 kB/s)
[d4a2ef0d-b19a-43d9-bb2c-8bc6f443b22a/Test JDK 11, ubuntu-latest]   | [INFO] Downloading from central: https://repo.maven.apache.org/maven2/org/apache/maven/maven-model/3.1.0/maven-model-3.1.0.jar
[d4a2ef0d-b19a-43d9-bb2c-8bc6f443b22a/Test JDK 11, ubuntu-latest]   | [INFO] Downloading from central: https://repo.maven.apache.org/maven2/org/codehaus/plexus/plexus-component-annotations/2.0.0/plexus-component-annotations-2.0.0.jar
[d4a2ef0d-b19a-43d9-bb2c-8bc6f443b22a/Test JDK 11, ubuntu-latest]   | [INFO] Downloaded from central: https://repo.maven.apache.org/maven2/org/sonatype/plexus/plexus-cipher/1.4/plexus-cipher-1.4.jar (13 kB at 98 kB/s)
[d4a2ef0d-b19a-43d9-bb2c-8bc6f443b22a/Test JDK 11, ubuntu-latest]   | [INFO] Downloaded from central: https://repo.maven.apache.org/maven2/org/sonatype/plexus/plexus-sec-dispatcher/1.3/plexus-sec-dispatcher-1.3.jar (29 kB at 207 kB/s)
[d4a2ef0d-b19a-43d9-bb2c-8bc6f443b22a/Test JDK 11, ubuntu-latest]   | [INFO] Downloading from central: https://repo.maven.apache.org/maven2/org/codehaus/plexus/plexus-interpolation/1.26/plexus-interpolation-1.26.jar
[d4a2ef0d-b19a-43d9-bb2c-8bc6f443b22a/Test JDK 11, ubuntu-latest]   | [INFO] Downloaded from central: https://repo.maven.apache.org/maven2/org/codehaus/plexus/plexus-classworlds/2.4.2/plexus-classworlds-2.4.2.jar (47 kB at 340 kB/s)
[d4a2ef0d-b19a-43d9-bb2c-8bc6f443b22a/Test JDK 11, ubuntu-latest]   | [INFO] Downloading from central: https://repo.maven.apache.org/maven2/org/eclipse/sisu/org.eclipse.sisu.plexus/0.0.0.M2a/org.eclipse.sisu.plexus-0.0.0.M2a.jar
[d4a2ef0d-b19a-43d9-bb2c-8bc6f443b22a/Test JDK 11, ubuntu-latest]   | [INFO] Downloading from central: https://repo.maven.apache.org/maven2/javax/enterprise/cdi-api/1.0/cdi-api-1.0.jar
[d4a2ef0d-b19a-43d9-bb2c-8bc6f443b22a/Test JDK 11, ubuntu-latest]   | [INFO] Downloaded from central: https://repo.maven.apache.org/maven2/org/codehaus/plexus/plexus-component-annotations/2.0.0/plexus-component-annotations-2.0.0.jar (4.2 kB at 30 kB/s)
[d4a2ef0d-b19a-43d9-bb2c-8bc6f443b22a/Test JDK 11, ubuntu-latest]   | [INFO] Downloading from central: https://repo.maven.apache.org/maven2/javax/annotation/jsr250-api/1.0/jsr250-api-1.0.jar
[d4a2ef0d-b19a-43d9-bb2c-8bc6f443b22a/Test JDK 11, ubuntu-latest]   | [INFO] Downloaded from central: https://repo.maven.apache.org/maven2/javax/enterprise/cdi-api/1.0/cdi-api-1.0.jar (45 kB at 299 kB/s)
[d4a2ef0d-b19a-43d9-bb2c-8bc6f443b22a/Test JDK 11, ubuntu-latest]   | [INFO] Downloading from central: https://repo.maven.apache.org/maven2/javax/inject/javax.inject/1/javax.inject-1.jar
[d4a2ef0d-b19a-43d9-bb2c-8bc6f443b22a/Test JDK 11, ubuntu-latest]   | [INFO] Downloaded from central: https://repo.maven.apache.org/maven2/org/codehaus/plexus/plexus-interpolation/1.26/plexus-interpolation-1.26.jar (85 kB at 499 kB/s)
[d4a2ef0d-b19a-43d9-bb2c-8bc6f443b22a/Test JDK 11, ubuntu-latest]   | [INFO] Downloaded from central: https://repo.maven.apache.org/maven2/javax/annotation/jsr250-api/1.0/jsr250-api-1.0.jar (5.8 kB at 34 kB/s)
[d4a2ef0d-b19a-43d9-bb2c-8bc6f443b22a/Test JDK 11, ubuntu-latest]   | [INFO] Downloading from central: https://repo.maven.apache.org/maven2/com/google/guava/guava/10.0.1/guava-10.0.1.jar
[d4a2ef0d-b19a-43d9-bb2c-8bc6f443b22a/Test JDK 11, ubuntu-latest]   | [INFO] Downloading from central: https://repo.maven.apache.org/maven2/com/google/code/findbugs/jsr305/1.3.9/jsr305-1.3.9.jar
[d4a2ef0d-b19a-43d9-bb2c-8bc6f443b22a/Test JDK 11, ubuntu-latest]   | [INFO] Downloaded from central: https://repo.maven.apache.org/maven2/org/apache/maven/maven-model/3.1.0/maven-model-3.1.0.jar (164 kB at 930 kB/s)
[d4a2ef0d-b19a-43d9-bb2c-8bc6f443b22a/Test JDK 11, ubuntu-latest]   | [INFO] Downloaded from central: https://repo.maven.apache.org/maven2/org/eclipse/sisu/org.eclipse.sisu.plexus/0.0.0.M2a/org.eclipse.sisu.plexus-0.0.0.M2a.jar (202 kB at 1.1 MB/s)
[d4a2ef0d-b19a-43d9-bb2c-8bc6f443b22a/Test JDK 11, ubuntu-latest]   | [INFO] Downloading from central: https://repo.maven.apache.org/maven2/org/sonatype/sisu/sisu-guice/3.1.0/sisu-guice-3.1.0-no_aop.jar
[d4a2ef0d-b19a-43d9-bb2c-8bc6f443b22a/Test JDK 11, ubuntu-latest]   | [INFO] Downloading from central: https://repo.maven.apache.org/maven2/aopalliance/aopalliance/1.0/aopalliance-1.0.jar
[d4a2ef0d-b19a-43d9-bb2c-8bc6f443b22a/Test JDK 11, ubuntu-latest]   | [INFO] Downloaded from central: https://repo.maven.apache.org/maven2/javax/inject/javax.inject/1/javax.inject-1.jar (2.5 kB at 14 kB/s)
[d4a2ef0d-b19a-43d9-bb2c-8bc6f443b22a/Test JDK 11, ubuntu-latest]   | [INFO] Downloading from central: https://repo.maven.apache.org/maven2/org/eclipse/sisu/org.eclipse.sisu.inject/0.0.0.M2a/org.eclipse.sisu.inject-0.0.0.M2a.jar
[d4a2ef0d-b19a-43d9-bb2c-8bc6f443b22a/Test JDK 11, ubuntu-latest]   | [INFO] Downloaded from central: https://repo.maven.apache.org/maven2/com/google/code/findbugs/jsr305/1.3.9/jsr305-1.3.9.jar (33 kB at 181 kB/s)
[d4a2ef0d-b19a-43d9-bb2c-8bc6f443b22a/Test JDK 11, ubuntu-latest]   | [INFO] Downloading from central: https://repo.maven.apache.org/maven2/asm/asm/3.3.1/asm-3.3.1.jar
[d4a2ef0d-b19a-43d9-bb2c-8bc6f443b22a/Test JDK 11, ubuntu-latest]   | [INFO] Downloaded from central: https://repo.maven.apache.org/maven2/aopalliance/aopalliance/1.0/aopalliance-1.0.jar (4.5 kB at 24 kB/s)
[d4a2ef0d-b19a-43d9-bb2c-8bc6f443b22a/Test JDK 11, ubuntu-latest]   | [INFO] Downloading from central: https://repo.maven.apache.org/maven2/org/apache/maven/shared/maven-filtering/3.2.0/maven-filtering-3.2.0.jar
[d4a2ef0d-b19a-43d9-bb2c-8bc6f443b22a/Test JDK 11, ubuntu-latest]   | [INFO] Downloaded from central: https://repo.maven.apache.org/maven2/org/apache/maven/shared/maven-filtering/3.2.0/maven-filtering-3.2.0.jar (52 kB at 256 kB/s)
[d4a2ef0d-b19a-43d9-bb2c-8bc6f443b22a/Test JDK 11, ubuntu-latest]   | [INFO] Downloaded from central: https://repo.maven.apache.org/maven2/org/sonatype/sisu/sisu-guice/3.1.0/sisu-guice-3.1.0-no_aop.jar (357 kB at 1.8 MB/s)
[d4a2ef0d-b19a-43d9-bb2c-8bc6f443b22a/Test JDK 11, ubuntu-latest]   | [INFO] Downloading from central: https://repo.maven.apache.org/maven2/org/apache/maven/shared/maven-shared-utils/3.3.3/maven-shared-utils-3.3.3.jar
[d4a2ef0d-b19a-43d9-bb2c-8bc6f443b22a/Test JDK 11, ubuntu-latest]   | [INFO] Downloading from central: https://repo.maven.apache.org/maven2/org/sonatype/plexus/plexus-build-api/0.0.7/plexus-build-api-0.0.7.jar
[d4a2ef0d-b19a-43d9-bb2c-8bc6f443b22a/Test JDK 11, ubuntu-latest]   | [INFO] Downloaded from central: https://repo.maven.apache.org/maven2/org/eclipse/sisu/org.eclipse.sisu.inject/0.0.0.M2a/org.eclipse.sisu.inject-0.0.0.M2a.jar (202 kB at 1.0 MB/s)
[d4a2ef0d-b19a-43d9-bb2c-8bc6f443b22a/Test JDK 11, ubuntu-latest]   | [INFO] Downloading from central: https://repo.maven.apache.org/maven2/commons-io/commons-io/2.6/commons-io-2.6.jar
[d4a2ef0d-b19a-43d9-bb2c-8bc6f443b22a/Test JDK 11, ubuntu-latest]   | [INFO] Downloaded from central: https://repo.maven.apache.org/maven2/asm/asm/3.3.1/asm-3.3.1.jar (44 kB at 215 kB/s)
[d4a2ef0d-b19a-43d9-bb2c-8bc6f443b22a/Test JDK 11, ubuntu-latest]   | [INFO] Downloading from central: https://repo.maven.apache.org/maven2/org/apache/commons/commons-lang3/3.8.1/commons-lang3-3.8.1.jar
[d4a2ef0d-b19a-43d9-bb2c-8bc6f443b22a/Test JDK 11, ubuntu-latest]   | [INFO] Downloaded from central: https://repo.maven.apache.org/maven2/org/apache/commons/commons-lang3/3.8.1/commons-lang3-3.8.1.jar (502 kB at 2.0 MB/s)
[d4a2ef0d-b19a-43d9-bb2c-8bc6f443b22a/Test JDK 11, ubuntu-latest]   | [INFO] Downloaded from central: https://repo.maven.apache.org/maven2/org/sonatype/plexus/plexus-build-api/0.0.7/plexus-build-api-0.0.7.jar (8.5 kB at 33 kB/s)
[d4a2ef0d-b19a-43d9-bb2c-8bc6f443b22a/Test JDK 11, ubuntu-latest]   | [INFO] Downloaded from central: https://repo.maven.apache.org/maven2/com/google/guava/guava/10.0.1/guava-10.0.1.jar (1.5 MB at 5.8 MB/s)
[d4a2ef0d-b19a-43d9-bb2c-8bc6f443b22a/Test JDK 11, ubuntu-latest]   | [INFO] Downloaded from central: https://repo.maven.apache.org/maven2/org/apache/maven/shared/maven-shared-utils/3.3.3/maven-shared-utils-3.3.3.jar (154 kB at 590 kB/s)
[d4a2ef0d-b19a-43d9-bb2c-8bc6f443b22a/Test JDK 11, ubuntu-latest]   | [INFO] Downloaded from central: https://repo.maven.apache.org/maven2/commons-io/commons-io/2.6/commons-io-2.6.jar (215 kB at 823 kB/s)
[d4a2ef0d-b19a-43d9-bb2c-8bc6f443b22a/Test JDK 11, ubuntu-latest]   | [INFO] Using 'UTF-8' encoding to copy filtered resources.
[d4a2ef0d-b19a-43d9-bb2c-8bc6f443b22a/Test JDK 11, ubuntu-latest]   | [INFO] Using 'UTF-8' encoding to copy filtered properties files.
[d4a2ef0d-b19a-43d9-bb2c-8bc6f443b22a/Test JDK 11, ubuntu-latest]   | [INFO] skip non existing resourceDirectory /tmp/ea08ba3a-ea04-443b-8702-e24da214962e/src/main/resources
[d4a2ef0d-b19a-43d9-bb2c-8bc6f443b22a/Test JDK 11, ubuntu-latest]   | [INFO] 
[d4a2ef0d-b19a-43d9-bb2c-8bc6f443b22a/Test JDK 11, ubuntu-latest]   | [INFO] --- maven-compiler-plugin:3.8.1:compile (default-compile) @ org.jfree.svg ---
[d4a2ef0d-b19a-43d9-bb2c-8bc6f443b22a/Test JDK 11, ubuntu-latest]   | [INFO] Downloading from central: https://repo.maven.apache.org/maven2/org/apache/maven/maven-plugin-api/3.0/maven-plugin-api-3.0.pom
[d4a2ef0d-b19a-43d9-bb2c-8bc6f443b22a/Test JDK 11, ubuntu-latest]   | [INFO] Downloaded from central: https://repo.maven.apache.org/maven2/org/apache/maven/maven-plugin-api/3.0/maven-plugin-api-3.0.pom (2.3 kB at 120 kB/s)
[d4a2ef0d-b19a-43d9-bb2c-8bc6f443b22a/Test JDK 11, ubuntu-latest]   | [INFO] Downloading from central: https://repo.maven.apache.org/maven2/org/apache/maven/maven/3.0/maven-3.0.pom
[d4a2ef0d-b19a-43d9-bb2c-8bc6f443b22a/Test JDK 11, ubuntu-latest]   | [INFO] Downloaded from central: https://repo.maven.apache.org/maven2/org/apache/maven/maven/3.0/maven-3.0.pom (22 kB at 1.7 MB/s)
[d4a2ef0d-b19a-43d9-bb2c-8bc6f443b22a/Test JDK 11, ubuntu-latest]   | [INFO] Downloading from central: https://repo.maven.apache.org/maven2/org/apache/maven/maven-parent/15/maven-parent-15.pom
[d4a2ef0d-b19a-43d9-bb2c-8bc6f443b22a/Test JDK 11, ubuntu-latest]   | [INFO] Downloaded from central: https://repo.maven.apache.org/maven2/org/apache/maven/maven-parent/15/maven-parent-15.pom (24 kB at 585 kB/s)
[d4a2ef0d-b19a-43d9-bb2c-8bc6f443b22a/Test JDK 11, ubuntu-latest]   | [INFO] Downloading from central: https://repo.maven.apache.org/maven2/org/apache/apache/6/apache-6.pom
[d4a2ef0d-b19a-43d9-bb2c-8bc6f443b22a/Test JDK 11, ubuntu-latest]   | [INFO] Downloaded from central: https://repo.maven.apache.org/maven2/org/apache/apache/6/apache-6.pom (13 kB at 914 kB/s)
[d4a2ef0d-b19a-43d9-bb2c-8bc6f443b22a/Test JDK 11, ubuntu-latest]   | [INFO] Downloading from central: https://repo.maven.apache.org/maven2/org/apache/maven/maven-model/3.0/maven-model-3.0.pom
[d4a2ef0d-b19a-43d9-bb2c-8bc6f443b22a/Test JDK 11, ubuntu-latest]   | [INFO] Downloaded from central: https://repo.maven.apache.org/maven2/org/apache/maven/maven-model/3.0/maven-model-3.0.pom (3.9 kB at 195 kB/s)
[d4a2ef0d-b19a-43d9-bb2c-8bc6f443b22a/Test JDK 11, ubuntu-latest]   | [INFO] Downloading from central: https://repo.maven.apache.org/maven2/org/codehaus/plexus/plexus-utils/2.0.4/plexus-utils-2.0.4.pom
[d4a2ef0d-b19a-43d9-bb2c-8bc6f443b22a/Test JDK 11, ubuntu-latest]   | [INFO] Downloaded from central: https://repo.maven.apache.org/maven2/org/codehaus/plexus/plexus-utils/2.0.4/plexus-utils-2.0.4.pom (3.3 kB at 90 kB/s)
[d4a2ef0d-b19a-43d9-bb2c-8bc6f443b22a/Test JDK 11, ubuntu-latest]   | [INFO] Downloading from central: https://repo.maven.apache.org/maven2/org/codehaus/plexus/plexus/2.0.6/plexus-2.0.6.pom
[d4a2ef0d-b19a-43d9-bb2c-8bc6f443b22a/Test JDK 11, ubuntu-latest]   | [INFO] Downloaded from central: https://repo.maven.apache.org/maven2/org/codehaus/plexus/plexus/2.0.6/plexus-2.0.6.pom (17 kB at 493 kB/s)
[d4a2ef0d-b19a-43d9-bb2c-8bc6f443b22a/Test JDK 11, ubuntu-latest]   | [INFO] Downloading from central: https://repo.maven.apache.org/maven2/org/apache/maven/maven-artifact/3.0/maven-artifact-3.0.pom
[d4a2ef0d-b19a-43d9-bb2c-8bc6f443b22a/Test JDK 11, ubuntu-latest]   | [INFO] Downloaded from central: https://repo.maven.apache.org/maven2/org/apache/maven/maven-artifact/3.0/maven-artifact-3.0.pom (1.9 kB at 46 kB/s)
[d4a2ef0d-b19a-43d9-bb2c-8bc6f443b22a/Test JDK 11, ubuntu-latest]   | [INFO] Downloading from central: https://repo.maven.apache.org/maven2/org/sonatype/sisu/sisu-inject-plexus/1.4.2/sisu-inject-plexus-1.4.2.pom
[d4a2ef0d-b19a-43d9-bb2c-8bc6f443b22a/Test JDK 11, ubuntu-latest]   | [INFO] Downloaded from central: https://repo.maven.apache.org/maven2/org/sonatype/sisu/sisu-inject-plexus/1.4.2/sisu-inject-plexus-1.4.2.pom (5.4 kB at 110 kB/s)
[d4a2ef0d-b19a-43d9-bb2c-8bc6f443b22a/Test JDK 11, ubuntu-latest]   | [INFO] Downloading from central: https://repo.maven.apache.org/maven2/org/sonatype/sisu/inject/guice-plexus/1.4.2/guice-plexus-1.4.2.pom
[d4a2ef0d-b19a-43d9-bb2c-8bc6f443b22a/Test JDK 11, ubuntu-latest]   | [INFO] Downloaded from central: https://repo.maven.apache.org/maven2/org/sonatype/sisu/inject/guice-plexus/1.4.2/guice-plexus-1.4.2.pom (3.1 kB at 125 kB/s)
[d4a2ef0d-b19a-43d9-bb2c-8bc6f443b22a/Test JDK 11, ubuntu-latest]   | [INFO] Downloading from central: https://repo.maven.apache.org/maven2/org/sonatype/sisu/inject/guice-bean/1.4.2/guice-bean-1.4.2.pom
[d4a2ef0d-b19a-43d9-bb2c-8bc6f443b22a/Test JDK 11, ubuntu-latest]   | [INFO] Downloaded from central: https://repo.maven.apache.org/maven2/org/sonatype/sisu/inject/guice-bean/1.4.2/guice-bean-1.4.2.pom (2.6 kB at 31 kB/s)
[d4a2ef0d-b19a-43d9-bb2c-8bc6f443b22a/Test JDK 11, ubuntu-latest]   | [INFO] Downloading from central: https://repo.maven.apache.org/maven2/org/sonatype/sisu/sisu-inject/1.4.2/sisu-inject-1.4.2.pom
[d4a2ef0d-b19a-43d9-bb2c-8bc6f443b22a/Test JDK 11, ubuntu-latest]   | [INFO] Downloaded from central: https://repo.maven.apache.org/maven2/org/sonatype/sisu/sisu-inject/1.4.2/sisu-inject-1.4.2.pom (1.2 kB at 89 kB/s)
[d4a2ef0d-b19a-43d9-bb2c-8bc6f443b22a/Test JDK 11, ubuntu-latest]   | [INFO] Downloading from central: https://repo.maven.apache.org/maven2/org/sonatype/sisu/sisu-parent/1.4.2/sisu-parent-1.4.2.pom
[d4a2ef0d-b19a-43d9-bb2c-8bc6f443b22a/Test JDK 11, ubuntu-latest]   | [INFO] Downloaded from central: https://repo.maven.apache.org/maven2/org/sonatype/sisu/sisu-parent/1.4.2/sisu-parent-1.4.2.pom (7.8 kB at 1.1 MB/s)
[d4a2ef0d-b19a-43d9-bb2c-8bc6f443b22a/Test JDK 11, ubuntu-latest]   | [INFO] Downloading from central: https://repo.maven.apache.org/maven2/org/sonatype/forge/forge-parent/6/forge-parent-6.pom
[d4a2ef0d-b19a-43d9-bb2c-8bc6f443b22a/Test JDK 11, ubuntu-latest]   | [INFO] Downloaded from central: https://repo.maven.apache.org/maven2/org/sonatype/forge/forge-parent/6/forge-parent-6.pom (11 kB at 717 kB/s)
[d4a2ef0d-b19a-43d9-bb2c-8bc6f443b22a/Test JDK 11, ubuntu-latest]   | [INFO] Downloading from central: https://repo.maven.apache.org/maven2/org/codehaus/plexus/plexus-component-annotations/1.7.1/plexus-component-annotations-1.7.1.pom
[d4a2ef0d-b19a-43d9-bb2c-8bc6f443b22a/Test JDK 11, ubuntu-latest]   | [INFO] Downloaded from central: https://repo.maven.apache.org/maven2/org/codehaus/plexus/plexus-component-annotations/1.7.1/plexus-component-annotations-1.7.1.pom (770 B at 12 kB/s)
[d4a2ef0d-b19a-43d9-bb2c-8bc6f443b22a/Test JDK 11, ubuntu-latest]   | [INFO] Downloading from central: https://repo.maven.apache.org/maven2/org/codehaus/plexus/plexus-containers/1.7.1/plexus-containers-1.7.1.pom
[d4a2ef0d-b19a-43d9-bb2c-8bc6f443b22a/Test JDK 11, ubuntu-latest]   | [INFO] Downloaded from central: https://repo.maven.apache.org/maven2/org/codehaus/plexus/plexus-containers/1.7.1/plexus-containers-1.7.1.pom (5.0 kB at 48 kB/s)
[d4a2ef0d-b19a-43d9-bb2c-8bc6f443b22a/Test JDK 11, ubuntu-latest]   | [INFO] Downloading from central: https://repo.maven.apache.org/maven2/org/codehaus/plexus/plexus/4.0/plexus-4.0.pom
[d4a2ef0d-b19a-43d9-bb2c-8bc6f443b22a/Test JDK 11, ubuntu-latest]   | [INFO] Downloaded from central: https://repo.maven.apache.org/maven2/org/codehaus/plexus/plexus/4.0/plexus-4.0.pom (22 kB at 2.4 MB/s)
[d4a2ef0d-b19a-43d9-bb2c-8bc6f443b22a/Test JDK 11, ubuntu-latest]   | [INFO] Downloading from central: https://repo.maven.apache.org/maven2/org/codehaus/plexus/plexus-classworlds/2.2.3/plexus-classworlds-2.2.3.pom
[d4a2ef0d-b19a-43d9-bb2c-8bc6f443b22a/Test JDK 11, ubuntu-latest]   | [INFO] Downloaded from central: https://repo.maven.apache.org/maven2/org/codehaus/plexus/plexus-classworlds/2.2.3/plexus-classworlds-2.2.3.pom (4.0 kB at 571 kB/s)
[d4a2ef0d-b19a-43d9-bb2c-8bc6f443b22a/Test JDK 11, ubuntu-latest]   | [INFO] Downloading from central: https://repo.maven.apache.org/maven2/org/codehaus/plexus/plexus-utils/2.0.5/plexus-utils-2.0.5.pom
[d4a2ef0d-b19a-43d9-bb2c-8bc6f443b22a/Test JDK 11, ubuntu-latest]   | [INFO] Downloaded from central: https://repo.maven.apache.org/maven2/org/codehaus/plexus/plexus-utils/2.0.5/plexus-utils-2.0.5.pom (3.3 kB at 48 kB/s)
[d4a2ef0d-b19a-43d9-bb2c-8bc6f443b22a/Test JDK 11, ubuntu-latest]   | [INFO] Downloading from central: https://repo.maven.apache.org/maven2/org/sonatype/sisu/sisu-inject-bean/1.4.2/sisu-inject-bean-1.4.2.pom
[d4a2ef0d-b19a-43d9-bb2c-8bc6f443b22a/Test JDK 11, ubuntu-latest]   | [INFO] Downloaded from central: https://repo.maven.apache.org/maven2/org/sonatype/sisu/sisu-inject-bean/1.4.2/sisu-inject-bean-1.4.2.pom (5.5 kB at 606 kB/s)
[d4a2ef0d-b19a-43d9-bb2c-8bc6f443b22a/Test JDK 11, ubuntu-latest]   | [INFO] Downloading from central: https://repo.maven.apache.org/maven2/org/sonatype/sisu/sisu-guice/2.1.7/sisu-guice-2.1.7.pom
[d4a2ef0d-b19a-43d9-bb2c-8bc6f443b22a/Test JDK 11, ubuntu-latest]   | [INFO] Downloaded from central: https://repo.maven.apache.org/maven2/org/sonatype/sisu/sisu-guice/2.1.7/sisu-guice-2.1.7.pom (11 kB at 1.0 MB/s)
[d4a2ef0d-b19a-43d9-bb2c-8bc6f443b22a/Test JDK 11, ubuntu-latest]   | [INFO] Downloading from central: https://repo.maven.apache.org/maven2/org/apache/maven/maven-core/3.0/maven-core-3.0.pom
[d4a2ef0d-b19a-43d9-bb2c-8bc6f443b22a/Test JDK 11, ubuntu-latest]   | [INFO] Downloaded from central: https://repo.maven.apache.org/maven2/org/apache/maven/maven-core/3.0/maven-core-3.0.pom (6.6 kB at 100 kB/s)
[d4a2ef0d-b19a-43d9-bb2c-8bc6f443b22a/Test JDK 11, ubuntu-latest]   | [INFO] Downloading from central: https://repo.maven.apache.org/maven2/org/apache/maven/maven-settings/3.0/maven-settings-3.0.pom
[d4a2ef0d-b19a-43d9-bb2c-8bc6f443b22a/Test JDK 11, ubuntu-latest]   | [INFO] Downloaded from central: https://repo.maven.apache.org/maven2/org/apache/maven/maven-settings/3.0/maven-settings-3.0.pom (1.9 kB at 104 kB/s)
[d4a2ef0d-b19a-43d9-bb2c-8bc6f443b22a/Test JDK 11, ubuntu-latest]   | [INFO] Downloading from central: https://repo.maven.apache.org/maven2/org/apache/maven/maven-settings-builder/3.0/maven-settings-builder-3.0.pom
[d4a2ef0d-b19a-43d9-bb2c-8bc6f443b22a/Test JDK 11, ubuntu-latest]   | [INFO] Downloaded from central: https://repo.maven.apache.org/maven2/org/apache/maven/maven-settings-builder/3.0/maven-settings-builder-3.0.pom (2.2 kB at 60 kB/s)
[d4a2ef0d-b19a-43d9-bb2c-8bc6f443b22a/Test JDK 11, ubuntu-latest]   | [INFO] Downloading from central: https://repo.maven.apache.org/maven2/org/codehaus/plexus/plexus-interpolation/1.14/plexus-interpolation-1.14.pom
[d4a2ef0d-b19a-43d9-bb2c-8bc6f443b22a/Test JDK 11, ubuntu-latest]   | [INFO] Downloaded from central: https://repo.maven.apache.org/maven2/org/codehaus/plexus/plexus-interpolation/1.14/plexus-interpolation-1.14.pom (910 B at 22 kB/s)
[d4a2ef0d-b19a-43d9-bb2c-8bc6f443b22a/Test JDK 11, ubuntu-latest]   | [INFO] Downloading from central: https://repo.maven.apache.org/maven2/org/codehaus/plexus/plexus-components/1.1.18/plexus-components-1.1.18.pom
[d4a2ef0d-b19a-43d9-bb2c-8bc6f443b22a/Test JDK 11, ubuntu-latest]   | [INFO] Downloaded from central: https://repo.maven.apache.org/maven2/org/codehaus/plexus/plexus-components/1.1.18/plexus-components-1.1.18.pom (5.4 kB at 335 kB/s)
[d4a2ef0d-b19a-43d9-bb2c-8bc6f443b22a/Test JDK 11, ubuntu-latest]   | [INFO] Downloading from central: https://repo.maven.apache.org/maven2/org/apache/maven/maven-repository-metadata/3.0/maven-repository-metadata-3.0.pom
[d4a2ef0d-b19a-43d9-bb2c-8bc6f443b22a/Test JDK 11, ubuntu-latest]   | [INFO] Downloaded from central: https://repo.maven.apache.org/maven2/org/apache/maven/maven-repository-metadata/3.0/maven-repository-metadata-3.0.pom (1.9 kB at 129 kB/s)
[d4a2ef0d-b19a-43d9-bb2c-8bc6f443b22a/Test JDK 11, ubuntu-latest]   | [INFO] Downloading from central: https://repo.maven.apache.org/maven2/org/apache/maven/maven-model-builder/3.0/maven-model-builder-3.0.pom
[d4a2ef0d-b19a-43d9-bb2c-8bc6f443b22a/Test JDK 11, ubuntu-latest]   | [INFO] Downloaded from central: https://repo.maven.apache.org/maven2/org/apache/maven/maven-model-builder/3.0/maven-model-builder-3.0.pom (2.2 kB at 35 kB/s)
[d4a2ef0d-b19a-43d9-bb2c-8bc6f443b22a/Test JDK 11, ubuntu-latest]   | [INFO] Downloading from central: https://repo.maven.apache.org/maven2/org/apache/maven/maven-aether-provider/3.0/maven-aether-provider-3.0.pom
[d4a2ef0d-b19a-43d9-bb2c-8bc6f443b22a/Test JDK 11, ubuntu-latest]   | [INFO] Downloaded from central: https://repo.maven.apache.org/maven2/org/apache/maven/maven-aether-provider/3.0/maven-aether-provider-3.0.pom (2.5 kB at 274 kB/s)
[d4a2ef0d-b19a-43d9-bb2c-8bc6f443b22a/Test JDK 11, ubuntu-latest]   | [INFO] Downloading from central: https://repo.maven.apache.org/maven2/org/sonatype/aether/aether-api/1.7/aether-api-1.7.pom
[d4a2ef0d-b19a-43d9-bb2c-8bc6f443b22a/Test JDK 11, ubuntu-latest]   | [INFO] Downloaded from central: https://repo.maven.apache.org/maven2/org/sonatype/aether/aether-api/1.7/aether-api-1.7.pom (1.7 kB at 31 kB/s)
[d4a2ef0d-b19a-43d9-bb2c-8bc6f443b22a/Test JDK 11, ubuntu-latest]   | [INFO] Downloading from central: https://repo.maven.apache.org/maven2/org/sonatype/aether/aether-parent/1.7/aether-parent-1.7.pom
[d4a2ef0d-b19a-43d9-bb2c-8bc6f443b22a/Test JDK 11, ubuntu-latest]   | [INFO] Downloaded from central: https://repo.maven.apache.org/maven2/org/sonatype/aether/aether-parent/1.7/aether-parent-1.7.pom (7.7 kB at 176 kB/s)
[d4a2ef0d-b19a-43d9-bb2c-8bc6f443b22a/Test JDK 11, ubuntu-latest]   | [INFO] Downloading from central: https://repo.maven.apache.org/maven2/org/sonatype/aether/aether-util/1.7/aether-util-1.7.pom
[d4a2ef0d-b19a-43d9-bb2c-8bc6f443b22a/Test JDK 11, ubuntu-latest]   | [INFO] Downloaded from central: https://repo.maven.apache.org/maven2/org/sonatype/aether/aether-util/1.7/aether-util-1.7.pom (2.1 kB at 129 kB/s)
[d4a2ef0d-b19a-43d9-bb2c-8bc6f443b22a/Test JDK 11, ubuntu-latest]   | [INFO] Downloading from central: https://repo.maven.apache.org/maven2/org/sonatype/aether/aether-impl/1.7/aether-impl-1.7.pom
[d4a2ef0d-b19a-43d9-bb2c-8bc6f443b22a/Test JDK 11, ubuntu-latest]   | [INFO] Downloaded from central: https://repo.maven.apache.org/maven2/org/sonatype/aether/aether-impl/1.7/aether-impl-1.7.pom (3.7 kB at 79 kB/s)
[d4a2ef0d-b19a-43d9-bb2c-8bc6f443b22a/Test JDK 11, ubuntu-latest]   | [INFO] Downloading from central: https://repo.maven.apache.org/maven2/org/sonatype/aether/aether-spi/1.7/aether-spi-1.7.pom
[d4a2ef0d-b19a-43d9-bb2c-8bc6f443b22a/Test JDK 11, ubuntu-latest]   | [INFO] Downloaded from central: https://repo.maven.apache.org/maven2/org/sonatype/aether/aether-spi/1.7/aether-spi-1.7.pom (1.7 kB at 40 kB/s)
[d4a2ef0d-b19a-43d9-bb2c-8bc6f443b22a/Test JDK 11, ubuntu-latest]   | [INFO] Downloading from central: https://repo.maven.apache.org/maven2/org/apache/maven/shared/maven-shared-utils/3.2.1/maven-shared-utils-3.2.1.pom
[d4a2ef0d-b19a-43d9-bb2c-8bc6f443b22a/Test JDK 11, ubuntu-latest]   | [INFO] Downloaded from central: https://repo.maven.apache.org/maven2/org/apache/maven/shared/maven-shared-utils/3.2.1/maven-shared-utils-3.2.1.pom (5.6 kB at 805 kB/s)
[d4a2ef0d-b19a-43d9-bb2c-8bc6f443b22a/Test JDK 11, ubuntu-latest]   | [INFO] Downloading from central: https://repo.maven.apache.org/maven2/org/apache/maven/shared/maven-shared-components/30/maven-shared-components-30.pom
[d4a2ef0d-b19a-43d9-bb2c-8bc6f443b22a/Test JDK 11, ubuntu-latest]   | [INFO] Downloaded from central: https://repo.maven.apache.org/maven2/org/apache/maven/shared/maven-shared-components/30/maven-shared-components-30.pom (4.6 kB at 655 kB/s)
[d4a2ef0d-b19a-43d9-bb2c-8bc6f443b22a/Test JDK 11, ubuntu-latest]   | [INFO] Downloading from central: https://repo.maven.apache.org/maven2/org/apache/maven/maven-parent/30/maven-parent-30.pom
[d4a2ef0d-b19a-43d9-bb2c-8bc6f443b22a/Test JDK 11, ubuntu-latest]   | [INFO] Downloaded from central: https://repo.maven.apache.org/maven2/org/apache/maven/maven-parent/30/maven-parent-30.pom (41 kB at 6.9 MB/s)
[d4a2ef0d-b19a-43d9-bb2c-8bc6f443b22a/Test JDK 11, ubuntu-latest]   | [INFO] Downloading from central: https://repo.maven.apache.org/maven2/commons-io/commons-io/2.5/commons-io-2.5.pom
[d4a2ef0d-b19a-43d9-bb2c-8bc6f443b22a/Test JDK 11, ubuntu-latest]   | [INFO] Downloaded from central: https://repo.maven.apache.org/maven2/commons-io/commons-io/2.5/commons-io-2.5.pom (13 kB at 214 kB/s)
[d4a2ef0d-b19a-43d9-bb2c-8bc6f443b22a/Test JDK 11, ubuntu-latest]   | [INFO] Downloading from central: https://repo.maven.apache.org/maven2/org/apache/commons/commons-parent/39/commons-parent-39.pom
[d4a2ef0d-b19a-43d9-bb2c-8bc6f443b22a/Test JDK 11, ubuntu-latest]   | [INFO] Downloaded from central: https://repo.maven.apache.org/maven2/org/apache/commons/commons-parent/39/commons-parent-39.pom (62 kB at 1.9 MB/s)
[d4a2ef0d-b19a-43d9-bb2c-8bc6f443b22a/Test JDK 11, ubuntu-latest]   | [INFO] Downloading from central: https://repo.maven.apache.org/maven2/org/apache/apache/16/apache-16.pom
[d4a2ef0d-b19a-43d9-bb2c-8bc6f443b22a/Test JDK 11, ubuntu-latest]   | [INFO] Downloaded from central: https://repo.maven.apache.org/maven2/org/apache/apache/16/apache-16.pom (15 kB at 1.4 MB/s)
[d4a2ef0d-b19a-43d9-bb2c-8bc6f443b22a/Test JDK 11, ubuntu-latest]   | [INFO] Downloading from central: https://repo.maven.apache.org/maven2/org/apache/maven/shared/maven-shared-incremental/1.1/maven-shared-incremental-1.1.pom
[d4a2ef0d-b19a-43d9-bb2c-8bc6f443b22a/Test JDK 11, ubuntu-latest]   | [INFO] Downloaded from central: https://repo.maven.apache.org/maven2/org/apache/maven/shared/maven-shared-incremental/1.1/maven-shared-incremental-1.1.pom (4.7 kB at 395 kB/s)
[d4a2ef0d-b19a-43d9-bb2c-8bc6f443b22a/Test JDK 11, ubuntu-latest]   | [INFO] Downloading from central: https://repo.maven.apache.org/maven2/org/apache/maven/shared/maven-shared-components/19/maven-shared-components-19.pom
[d4a2ef0d-b19a-43d9-bb2c-8bc6f443b22a/Test JDK 11, ubuntu-latest]   | [INFO] Downloaded from central: https://repo.maven.apache.org/maven2/org/apache/maven/shared/maven-shared-components/19/maven-shared-components-19.pom (6.4 kB at 908 kB/s)
[d4a2ef0d-b19a-43d9-bb2c-8bc6f443b22a/Test JDK 11, ubuntu-latest]   | [INFO] Downloading from central: https://repo.maven.apache.org/maven2/org/apache/maven/maven-plugin-api/2.2.1/maven-plugin-api-2.2.1.pom
[d4a2ef0d-b19a-43d9-bb2c-8bc6f443b22a/Test JDK 11, ubuntu-latest]   | [INFO] Downloaded from central: https://repo.maven.apache.org/maven2/org/apache/maven/maven-plugin-api/2.2.1/maven-plugin-api-2.2.1.pom (1.5 kB at 54 kB/s)
[d4a2ef0d-b19a-43d9-bb2c-8bc6f443b22a/Test JDK 11, ubuntu-latest]   | [INFO] Downloading from central: https://repo.maven.apache.org/maven2/org/apache/maven/maven/2.2.1/maven-2.2.1.pom
[d4a2ef0d-b19a-43d9-bb2c-8bc6f443b22a/Test JDK 11, ubuntu-latest]   | [INFO] Downloaded from central: https://repo.maven.apache.org/maven2/org/apache/maven/maven/2.2.1/maven-2.2.1.pom (22 kB at 1.9 MB/s)
[d4a2ef0d-b19a-43d9-bb2c-8bc6f443b22a/Test JDK 11, ubuntu-latest]   | [INFO] Downloading from central: https://repo.maven.apache.org/maven2/org/apache/maven/maven-parent/11/maven-parent-11.pom
[d4a2ef0d-b19a-43d9-bb2c-8bc6f443b22a/Test JDK 11, ubuntu-latest]   | [INFO] Downloaded from central: https://repo.maven.apache.org/maven2/org/apache/maven/maven-parent/11/maven-parent-11.pom (32 kB at 1.2 MB/s)
[d4a2ef0d-b19a-43d9-bb2c-8bc6f443b22a/Test JDK 11, ubuntu-latest]   | [INFO] Downloading from central: https://repo.maven.apache.org/maven2/org/apache/apache/5/apache-5.pom
[d4a2ef0d-b19a-43d9-bb2c-8bc6f443b22a/Test JDK 11, ubuntu-latest]   | [INFO] Downloaded from central: https://repo.maven.apache.org/maven2/org/apache/apache/5/apache-5.pom (4.1 kB at 77 kB/s)
[d4a2ef0d-b19a-43d9-bb2c-8bc6f443b22a/Test JDK 11, ubuntu-latest]   | [INFO] Downloading from central: https://repo.maven.apache.org/maven2/org/apache/maven/maven-core/2.2.1/maven-core-2.2.1.pom
[d4a2ef0d-b19a-43d9-bb2c-8bc6f443b22a/Test JDK 11, ubuntu-latest]   | [INFO] Downloaded from central: https://repo.maven.apache.org/maven2/org/apache/maven/maven-core/2.2.1/maven-core-2.2.1.pom (12 kB at 969 kB/s)
[d4a2ef0d-b19a-43d9-bb2c-8bc6f443b22a/Test JDK 11, ubuntu-latest]   | [INFO] Downloading from central: https://repo.maven.apache.org/maven2/org/apache/maven/maven-settings/2.2.1/maven-settings-2.2.1.pom
[d4a2ef0d-b19a-43d9-bb2c-8bc6f443b22a/Test JDK 11, ubuntu-latest]   | [INFO] Downloaded from central: https://repo.maven.apache.org/maven2/org/apache/maven/maven-settings/2.2.1/maven-settings-2.2.1.pom (2.2 kB at 38 kB/s)
[d4a2ef0d-b19a-43d9-bb2c-8bc6f443b22a/Test JDK 11, ubuntu-latest]   | [INFO] Downloading from central: https://repo.maven.apache.org/maven2/org/apache/maven/maven-model/2.2.1/maven-model-2.2.1.pom
[d4a2ef0d-b19a-43d9-bb2c-8bc6f443b22a/Test JDK 11, ubuntu-latest]   | [INFO] Downloaded from central: https://repo.maven.apache.org/maven2/org/apache/maven/maven-model/2.2.1/maven-model-2.2.1.pom (3.2 kB at 65 kB/s)
[d4a2ef0d-b19a-43d9-bb2c-8bc6f443b22a/Test JDK 11, ubuntu-latest]   | [INFO] Downloading from central: https://repo.maven.apache.org/maven2/org/codehaus/plexus/plexus-utils/1.5.15/plexus-utils-1.5.15.pom
[d4a2ef0d-b19a-43d9-bb2c-8bc6f443b22a/Test JDK 11, ubuntu-latest]   | [INFO] Downloaded from central: https://repo.maven.apache.org/maven2/org/codehaus/plexus/plexus-utils/1.5.15/plexus-utils-1.5.15.pom (6.8 kB at 254 kB/s)
[d4a2ef0d-b19a-43d9-bb2c-8bc6f443b22a/Test JDK 11, ubuntu-latest]   | [INFO] Downloading from central: https://repo.maven.apache.org/maven2/org/codehaus/plexus/plexus-interpolation/1.11/plexus-interpolation-1.11.pom
[d4a2ef0d-b19a-43d9-bb2c-8bc6f443b22a/Test JDK 11, ubuntu-latest]   | [INFO] Downloaded from central: https://repo.maven.apache.org/maven2/org/codehaus/plexus/plexus-interpolation/1.11/plexus-interpolation-1.11.pom (889 B at 127 kB/s)
[d4a2ef0d-b19a-43d9-bb2c-8bc6f443b22a/Test JDK 11, ubuntu-latest]   | [INFO] Downloading from central: https://repo.maven.apache.org/maven2/org/codehaus/plexus/plexus-components/1.1.14/plexus-components-1.1.14.pom
[d4a2ef0d-b19a-43d9-bb2c-8bc6f443b22a/Test JDK 11, ubuntu-latest]   | [INFO] Downloaded from central: https://repo.maven.apache.org/maven2/org/codehaus/plexus/plexus-components/1.1.14/plexus-components-1.1.14.pom (5.8 kB at 307 kB/s)
[d4a2ef0d-b19a-43d9-bb2c-8bc6f443b22a/Test JDK 11, ubuntu-latest]   | [INFO] Downloading from central: https://repo.maven.apache.org/maven2/org/apache/maven/maven-plugin-parameter-documenter/2.2.1/maven-plugin-parameter-documenter-2.2.1.pom
[d4a2ef0d-b19a-43d9-bb2c-8bc6f443b22a/Test JDK 11, ubuntu-latest]   | [INFO] Downloaded from central: https://repo.maven.apache.org/maven2/org/apache/maven/maven-plugin-parameter-documenter/2.2.1/maven-plugin-parameter-documenter-2.2.1.pom (2.0 kB at 122 kB/s)
[d4a2ef0d-b19a-43d9-bb2c-8bc6f443b22a/Test JDK 11, ubuntu-latest]   | [INFO] Downloading from central: https://repo.maven.apache.org/maven2/org/slf4j/slf4j-jdk14/1.5.6/slf4j-jdk14-1.5.6.pom
[d4a2ef0d-b19a-43d9-bb2c-8bc6f443b22a/Test JDK 11, ubuntu-latest]   | [INFO] Downloaded from central: https://repo.maven.apache.org/maven2/org/slf4j/slf4j-jdk14/1.5.6/slf4j-jdk14-1.5.6.pom (1.9 kB at 112 kB/s)
[d4a2ef0d-b19a-43d9-bb2c-8bc6f443b22a/Test JDK 11, ubuntu-latest]   | [INFO] Downloading from central: https://repo.maven.apache.org/maven2/org/slf4j/slf4j-parent/1.5.6/slf4j-parent-1.5.6.pom
[d4a2ef0d-b19a-43d9-bb2c-8bc6f443b22a/Test JDK 11, ubuntu-latest]   | [INFO] Downloaded from central: https://repo.maven.apache.org/maven2/org/slf4j/slf4j-parent/1.5.6/slf4j-parent-1.5.6.pom (7.9 kB at 880 kB/s)
[d4a2ef0d-b19a-43d9-bb2c-8bc6f443b22a/Test JDK 11, ubuntu-latest]   | [INFO] Downloading from central: https://repo.maven.apache.org/maven2/org/slf4j/slf4j-api/1.5.6/slf4j-api-1.5.6.pom
[d4a2ef0d-b19a-43d9-bb2c-8bc6f443b22a/Test JDK 11, ubuntu-latest]   | [INFO] Downloaded from central: https://repo.maven.apache.org/maven2/org/slf4j/slf4j-api/1.5.6/slf4j-api-1.5.6.pom (3.0 kB at 111 kB/s)
[d4a2ef0d-b19a-43d9-bb2c-8bc6f443b22a/Test JDK 11, ubuntu-latest]   | [INFO] Downloading from central: https://repo.maven.apache.org/maven2/org/slf4j/jcl-over-slf4j/1.5.6/jcl-over-slf4j-1.5.6.pom
[d4a2ef0d-b19a-43d9-bb2c-8bc6f443b22a/Test JDK 11, ubuntu-latest]   | [INFO] Downloaded from central: https://repo.maven.apache.org/maven2/org/slf4j/jcl-over-slf4j/1.5.6/jcl-over-slf4j-1.5.6.pom (2.2 kB at 197 kB/s)
[d4a2ef0d-b19a-43d9-bb2c-8bc6f443b22a/Test JDK 11, ubuntu-latest]   | [INFO] Downloading from central: https://repo.maven.apache.org/maven2/org/apache/maven/maven-profile/2.2.1/maven-profile-2.2.1.pom
[d4a2ef0d-b19a-43d9-bb2c-8bc6f443b22a/Test JDK 11, ubuntu-latest]   | [INFO] Downloaded from central: https://repo.maven.apache.org/maven2/org/apache/maven/maven-profile/2.2.1/maven-profile-2.2.1.pom (2.2 kB at 128 kB/s)
[d4a2ef0d-b19a-43d9-bb2c-8bc6f443b22a/Test JDK 11, ubuntu-latest]   | [INFO] Downloading from central: https://repo.maven.apache.org/maven2/org/apache/maven/maven-artifact/2.2.1/maven-artifact-2.2.1.pom
[d4a2ef0d-b19a-43d9-bb2c-8bc6f443b22a/Test JDK 11, ubuntu-latest]   | [INFO] Downloaded from central: https://repo.maven.apache.org/maven2/org/apache/maven/maven-artifact/2.2.1/maven-artifact-2.2.1.pom (1.6 kB at 226 kB/s)
[d4a2ef0d-b19a-43d9-bb2c-8bc6f443b22a/Test JDK 11, ubuntu-latest]   | [INFO] Downloading from central: https://repo.maven.apache.org/maven2/org/apache/maven/maven-repository-metadata/2.2.1/maven-repository-metadata-2.2.1.pom
[d4a2ef0d-b19a-43d9-bb2c-8bc6f443b22a/Test JDK 11, ubuntu-latest]   | [INFO] Downloaded from central: https://repo.maven.apache.org/maven2/org/apache/maven/maven-repository-metadata/2.2.1/maven-repository-metadata-2.2.1.pom (1.9 kB at 75 kB/s)
[d4a2ef0d-b19a-43d9-bb2c-8bc6f443b22a/Test JDK 11, ubuntu-latest]   | [INFO] Downloading from central: https://repo.maven.apache.org/maven2/org/apache/maven/maven-error-diagnostics/2.2.1/maven-error-diagnostics-2.2.1.pom
[d4a2ef0d-b19a-43d9-bb2c-8bc6f443b22a/Test JDK 11, ubuntu-latest]   | [INFO] Downloaded from central: https://repo.maven.apache.org/maven2/org/apache/maven/maven-error-diagnostics/2.2.1/maven-error-diagnostics-2.2.1.pom (1.7 kB at 285 kB/s)
[d4a2ef0d-b19a-43d9-bb2c-8bc6f443b22a/Test JDK 11, ubuntu-latest]   | [INFO] Downloading from central: https://repo.maven.apache.org/maven2/org/apache/maven/maven-project/2.2.1/maven-project-2.2.1.pom
[d4a2ef0d-b19a-43d9-bb2c-8bc6f443b22a/Test JDK 11, ubuntu-latest]   | [INFO] Downloaded from central: https://repo.maven.apache.org/maven2/org/apache/maven/maven-project/2.2.1/maven-project-2.2.1.pom (2.8 kB at 154 kB/s)
[d4a2ef0d-b19a-43d9-bb2c-8bc6f443b22a/Test JDK 11, ubuntu-latest]   | [INFO] Downloading from central: https://repo.maven.apache.org/maven2/org/apache/maven/maven-artifact-manager/2.2.1/maven-artifact-manager-2.2.1.pom
[d4a2ef0d-b19a-43d9-bb2c-8bc6f443b22a/Test JDK 11, ubuntu-latest]   | [INFO] Downloaded from central: https://repo.maven.apache.org/maven2/org/apache/maven/maven-artifact-manager/2.2.1/maven-artifact-manager-2.2.1.pom (3.1 kB at 517 kB/s)
[d4a2ef0d-b19a-43d9-bb2c-8bc6f443b22a/Test JDK 11, ubuntu-latest]   | [INFO] Downloading from central: https://repo.maven.apache.org/maven2/backport-util-concurrent/backport-util-concurrent/3.1/backport-util-concurrent-3.1.pom
[d4a2ef0d-b19a-43d9-bb2c-8bc6f443b22a/Test JDK 11, ubuntu-latest]   | [INFO] Downloaded from central: https://repo.maven.apache.org/maven2/backport-util-concurrent/backport-util-concurrent/3.1/backport-util-concurrent-3.1.pom (880 B at 46 kB/s)
[d4a2ef0d-b19a-43d9-bb2c-8bc6f443b22a/Test JDK 11, ubuntu-latest]   | [INFO] Downloading from central: https://repo.maven.apache.org/maven2/org/apache/maven/maven-plugin-registry/2.2.1/maven-plugin-registry-2.2.1.pom
[d4a2ef0d-b19a-43d9-bb2c-8bc6f443b22a/Test JDK 11, ubuntu-latest]   | [INFO] Downloaded from central: https://repo.maven.apache.org/maven2/org/apache/maven/maven-plugin-registry/2.2.1/maven-plugin-registry-2.2.1.pom (1.9 kB at 386 kB/s)
[d4a2ef0d-b19a-43d9-bb2c-8bc6f443b22a/Test JDK 11, ubuntu-latest]   | [INFO] Downloading from central: https://repo.maven.apache.org/maven2/org/apache/maven/maven-plugin-descriptor/2.2.1/maven-plugin-descriptor-2.2.1.pom
[d4a2ef0d-b19a-43d9-bb2c-8bc6f443b22a/Test JDK 11, ubuntu-latest]   | [INFO] Downloaded from central: https://repo.maven.apache.org/maven2/org/apache/maven/maven-plugin-descriptor/2.2.1/maven-plugin-descriptor-2.2.1.pom (2.1 kB at 94 kB/s)
[d4a2ef0d-b19a-43d9-bb2c-8bc6f443b22a/Test JDK 11, ubuntu-latest]   | [INFO] Downloading from central: https://repo.maven.apache.org/maven2/org/apache/maven/maven-monitor/2.2.1/maven-monitor-2.2.1.pom
[d4a2ef0d-b19a-43d9-bb2c-8bc6f443b22a/Test JDK 11, ubuntu-latest]   | [INFO] Downloaded from central: https://repo.maven.apache.org/maven2/org/apache/maven/maven-monitor/2.2.1/maven-monitor-2.2.1.pom (1.3 kB at 34 kB/s)
[d4a2ef0d-b19a-43d9-bb2c-8bc6f443b22a/Test JDK 11, ubuntu-latest]   | [INFO] Downloading from central: https://repo.maven.apache.org/maven2/org/apache/maven/shared/maven-shared-utils/0.1/maven-shared-utils-0.1.pom
[d4a2ef0d-b19a-43d9-bb2c-8bc6f443b22a/Test JDK 11, ubuntu-latest]   | [INFO] Downloaded from central: https://repo.maven.apache.org/maven2/org/apache/maven/shared/maven-shared-utils/0.1/maven-shared-utils-0.1.pom (4.0 kB at 62 kB/s)
[d4a2ef0d-b19a-43d9-bb2c-8bc6f443b22a/Test JDK 11, ubuntu-latest]   | [INFO] Downloading from central: https://repo.maven.apache.org/maven2/org/apache/maven/shared/maven-shared-components/18/maven-shared-components-18.pom
[d4a2ef0d-b19a-43d9-bb2c-8bc6f443b22a/Test JDK 11, ubuntu-latest]   | [INFO] Downloaded from central: https://repo.maven.apache.org/maven2/org/apache/maven/shared/maven-shared-components/18/maven-shared-components-18.pom (4.9 kB at 617 kB/s)
[d4a2ef0d-b19a-43d9-bb2c-8bc6f443b22a/Test JDK 11, ubuntu-latest]   | [INFO] Downloading from central: https://repo.maven.apache.org/maven2/org/apache/maven/maven-parent/22/maven-parent-22.pom
[d4a2ef0d-b19a-43d9-bb2c-8bc6f443b22a/Test JDK 11, ubuntu-latest]   | [INFO] Downloaded from central: https://repo.maven.apache.org/maven2/org/apache/maven/maven-parent/22/maven-parent-22.pom (30 kB at 3.0 MB/s)
[d4a2ef0d-b19a-43d9-bb2c-8bc6f443b22a/Test JDK 11, ubuntu-latest]   | [INFO] Downloading from central: https://repo.maven.apache.org/maven2/org/apache/apache/11/apache-11.pom
[d4a2ef0d-b19a-43d9-bb2c-8bc6f443b22a/Test JDK 11, ubuntu-latest]   | [INFO] Downloaded from central: https://repo.maven.apache.org/maven2/org/apache/apache/11/apache-11.pom (15 kB at 1.6 MB/s)
[d4a2ef0d-b19a-43d9-bb2c-8bc6f443b22a/Test JDK 11, ubuntu-latest]   | [INFO] Downloading from central: https://repo.maven.apache.org/maven2/com/google/code/findbugs/jsr305/2.0.1/jsr305-2.0.1.pom
[d4a2ef0d-b19a-43d9-bb2c-8bc6f443b22a/Test JDK 11, ubuntu-latest]   | [INFO] Downloaded from central: https://repo.maven.apache.org/maven2/com/google/code/findbugs/jsr305/2.0.1/jsr305-2.0.1.pom (965 B at 27 kB/s)
[d4a2ef0d-b19a-43d9-bb2c-8bc6f443b22a/Test JDK 11, ubuntu-latest]   | [INFO] Downloading from central: https://repo.maven.apache.org/maven2/org/codehaus/plexus/plexus-java/0.9.10/plexus-java-0.9.10.pom
[d4a2ef0d-b19a-43d9-bb2c-8bc6f443b22a/Test JDK 11, ubuntu-latest]   | [INFO] Downloaded from central: https://repo.maven.apache.org/maven2/org/codehaus/plexus/plexus-java/0.9.10/plexus-java-0.9.10.pom (5.1 kB at 300 kB/s)
[d4a2ef0d-b19a-43d9-bb2c-8bc6f443b22a/Test JDK 11, ubuntu-latest]   | [INFO] Downloading from central: https://repo.maven.apache.org/maven2/org/codehaus/plexus/plexus-languages/0.9.10/plexus-languages-0.9.10.pom
[d4a2ef0d-b19a-43d9-bb2c-8bc6f443b22a/Test JDK 11, ubuntu-latest]   | [INFO] Downloaded from central: https://repo.maven.apache.org/maven2/org/codehaus/plexus/plexus-languages/0.9.10/plexus-languages-0.9.10.pom (4.1 kB at 828 kB/s)
[d4a2ef0d-b19a-43d9-bb2c-8bc6f443b22a/Test JDK 11, ubuntu-latest]   | [INFO] Downloading from central: https://repo.maven.apache.org/maven2/org/ow2/asm/asm/6.2/asm-6.2.pom
[d4a2ef0d-b19a-43d9-bb2c-8bc6f443b22a/Test JDK 11, ubuntu-latest]   | [INFO] Downloaded from central: https://repo.maven.apache.org/maven2/org/ow2/asm/asm/6.2/asm-6.2.pom (2.9 kB at 98 kB/s)
[d4a2ef0d-b19a-43d9-bb2c-8bc6f443b22a/Test JDK 11, ubuntu-latest]   | [INFO] Downloading from central: https://repo.maven.apache.org/maven2/org/ow2/ow2/1.5/ow2-1.5.pom
[d4a2ef0d-b19a-43d9-bb2c-8bc6f443b22a/Test JDK 11, ubuntu-latest]   | [INFO] Downloaded from central: https://repo.maven.apache.org/maven2/org/ow2/ow2/1.5/ow2-1.5.pom (11 kB at 1.6 MB/s)
[d4a2ef0d-b19a-43d9-bb2c-8bc6f443b22a/Test JDK 11, ubuntu-latest]   | [INFO] Downloading from central: https://repo.maven.apache.org/maven2/com/thoughtworks/qdox/qdox/2.0-M9/qdox-2.0-M9.pom
[d4a2ef0d-b19a-43d9-bb2c-8bc6f443b22a/Test JDK 11, ubuntu-latest]   | [INFO] Downloaded from central: https://repo.maven.apache.org/maven2/com/thoughtworks/qdox/qdox/2.0-M9/qdox-2.0-M9.pom (16 kB at 1.3 MB/s)
[d4a2ef0d-b19a-43d9-bb2c-8bc6f443b22a/Test JDK 11, ubuntu-latest]   | [INFO] Downloading from central: https://repo.maven.apache.org/maven2/org/sonatype/oss/oss-parent/9/oss-parent-9.pom
[d4a2ef0d-b19a-43d9-bb2c-8bc6f443b22a/Test JDK 11, ubuntu-latest]   | [INFO] Downloaded from central: https://repo.maven.apache.org/maven2/org/sonatype/oss/oss-parent/9/oss-parent-9.pom (6.6 kB at 1.1 MB/s)
[d4a2ef0d-b19a-43d9-bb2c-8bc6f443b22a/Test JDK 11, ubuntu-latest]   | [INFO] Downloading from central: https://repo.maven.apache.org/maven2/org/codehaus/plexus/plexus-compiler-api/2.8.4/plexus-compiler-api-2.8.4.pom
[d4a2ef0d-b19a-43d9-bb2c-8bc6f443b22a/Test JDK 11, ubuntu-latest]   | [INFO] Downloaded from central: https://repo.maven.apache.org/maven2/org/codehaus/plexus/plexus-compiler-api/2.8.4/plexus-compiler-api-2.8.4.pom (867 B at 13 kB/s)
[d4a2ef0d-b19a-43d9-bb2c-8bc6f443b22a/Test JDK 11, ubuntu-latest]   | [INFO] Downloading from central: https://repo.maven.apache.org/maven2/org/codehaus/plexus/plexus-compiler/2.8.4/plexus-compiler-2.8.4.pom
[d4a2ef0d-b19a-43d9-bb2c-8bc6f443b22a/Test JDK 11, ubuntu-latest]   | [INFO] Downloaded from central: https://repo.maven.apache.org/maven2/org/codehaus/plexus/plexus-compiler/2.8.4/plexus-compiler-2.8.4.pom (6.0 kB at 215 kB/s)
[d4a2ef0d-b19a-43d9-bb2c-8bc6f443b22a/Test JDK 11, ubuntu-latest]   | [INFO] Downloading from central: https://repo.maven.apache.org/maven2/org/codehaus/plexus/plexus-components/4.0/plexus-components-4.0.pom
[d4a2ef0d-b19a-43d9-bb2c-8bc6f443b22a/Test JDK 11, ubuntu-latest]   | [INFO] Downloaded from central: https://repo.maven.apache.org/maven2/org/codehaus/plexus/plexus-components/4.0/plexus-components-4.0.pom (2.7 kB at 443 kB/s)
[d4a2ef0d-b19a-43d9-bb2c-8bc6f443b22a/Test JDK 11, ubuntu-latest]   | [INFO] Downloading from central: https://repo.maven.apache.org/maven2/org/codehaus/plexus/plexus-utils/3.0.22/plexus-utils-3.0.22.pom
[d4a2ef0d-b19a-43d9-bb2c-8bc6f443b22a/Test JDK 11, ubuntu-latest]   | [INFO] Downloaded from central: https://repo.maven.apache.org/maven2/org/codehaus/plexus/plexus-utils/3.0.22/plexus-utils-3.0.22.pom (3.8 kB at 147 kB/s)
[d4a2ef0d-b19a-43d9-bb2c-8bc6f443b22a/Test JDK 11, ubuntu-latest]   | [INFO] Downloading from central: https://repo.maven.apache.org/maven2/org/codehaus/plexus/plexus/3.3.1/plexus-3.3.1.pom
[d4a2ef0d-b19a-43d9-bb2c-8bc6f443b22a/Test JDK 11, ubuntu-latest]   | [INFO] Downloaded from central: https://repo.maven.apache.org/maven2/org/codehaus/plexus/plexus/3.3.1/plexus-3.3.1.pom (20 kB at 2.6 MB/s)
[d4a2ef0d-b19a-43d9-bb2c-8bc6f443b22a/Test JDK 11, ubuntu-latest]   | [INFO] Downloading from central: https://repo.maven.apache.org/maven2/org/codehaus/plexus/plexus-compiler-manager/2.8.4/plexus-compiler-manager-2.8.4.pom
[d4a2ef0d-b19a-43d9-bb2c-8bc6f443b22a/Test JDK 11, ubuntu-latest]   | [INFO] Downloaded from central: https://repo.maven.apache.org/maven2/org/codehaus/plexus/plexus-compiler-manager/2.8.4/plexus-compiler-manager-2.8.4.pom (692 B at 86 kB/s)
[d4a2ef0d-b19a-43d9-bb2c-8bc6f443b22a/Test JDK 11, ubuntu-latest]   | [INFO] Downloading from central: https://repo.maven.apache.org/maven2/org/codehaus/plexus/plexus-compiler-javac/2.8.4/plexus-compiler-javac-2.8.4.pom
[d4a2ef0d-b19a-43d9-bb2c-8bc6f443b22a/Test JDK 11, ubuntu-latest]   | [INFO] Downloaded from central: https://repo.maven.apache.org/maven2/org/codehaus/plexus/plexus-compiler-javac/2.8.4/plexus-compiler-javac-2.8.4.pom (771 B at 32 kB/s)
[d4a2ef0d-b19a-43d9-bb2c-8bc6f443b22a/Test JDK 11, ubuntu-latest]   | [INFO] Downloading from central: https://repo.maven.apache.org/maven2/org/codehaus/plexus/plexus-compilers/2.8.4/plexus-compilers-2.8.4.pom
[d4a2ef0d-b19a-43d9-bb2c-8bc6f443b22a/Test JDK 11, ubuntu-latest]   | [INFO] Downloaded from central: https://repo.maven.apache.org/maven2/org/codehaus/plexus/plexus-compilers/2.8.4/plexus-compilers-2.8.4.pom (1.3 kB at 79 kB/s)
[d4a2ef0d-b19a-43d9-bb2c-8bc6f443b22a/Test JDK 11, ubuntu-latest]   | [INFO] Downloading from central: https://repo.maven.apache.org/maven2/org/apache/maven/maven-plugin-api/3.0/maven-plugin-api-3.0.jar
[d4a2ef0d-b19a-43d9-bb2c-8bc6f443b22a/Test JDK 11, ubuntu-latest]   | [INFO] Downloading from central: https://repo.maven.apache.org/maven2/org/apache/maven/maven-model/3.0/maven-model-3.0.jar
[d4a2ef0d-b19a-43d9-bb2c-8bc6f443b22a/Test JDK 11, ubuntu-latest]   | [INFO] Downloading from central: https://repo.maven.apache.org/maven2/org/sonatype/sisu/sisu-inject-plexus/1.4.2/sisu-inject-plexus-1.4.2.jar
[d4a2ef0d-b19a-43d9-bb2c-8bc6f443b22a/Test JDK 11, ubuntu-latest]   | [INFO] Downloading from central: https://repo.maven.apache.org/maven2/org/sonatype/sisu/sisu-inject-bean/1.4.2/sisu-inject-bean-1.4.2.jar
[d4a2ef0d-b19a-43d9-bb2c-8bc6f443b22a/Test JDK 11, ubuntu-latest]   | [INFO] Downloading from central: https://repo.maven.apache.org/maven2/org/sonatype/sisu/sisu-guice/2.1.7/sisu-guice-2.1.7-noaop.jar
[d4a2ef0d-b19a-43d9-bb2c-8bc6f443b22a/Test JDK 11, ubuntu-latest]   | [INFO] Downloaded from central: https://repo.maven.apache.org/maven2/org/apache/maven/maven-plugin-api/3.0/maven-plugin-api-3.0.jar (49 kB at 401 kB/s)
[d4a2ef0d-b19a-43d9-bb2c-8bc6f443b22a/Test JDK 11, ubuntu-latest]   | [INFO] Downloading from central: https://repo.maven.apache.org/maven2/org/apache/maven/maven-artifact/3.0/maven-artifact-3.0.jar
[d4a2ef0d-b19a-43d9-bb2c-8bc6f443b22a/Test JDK 11, ubuntu-latest]   | [INFO] Downloaded from central: https://repo.maven.apache.org/maven2/org/sonatype/sisu/sisu-inject-plexus/1.4.2/sisu-inject-plexus-1.4.2.jar (202 kB at 3.5 MB/s)
[d4a2ef0d-b19a-43d9-bb2c-8bc6f443b22a/Test JDK 11, ubuntu-latest]   | [INFO] Downloading from central: https://repo.maven.apache.org/maven2/org/codehaus/plexus/plexus-utils/2.0.4/plexus-utils-2.0.4.jar
[d4a2ef0d-b19a-43d9-bb2c-8bc6f443b22a/Test JDK 11, ubuntu-latest]   | [INFO] Downloaded from central: https://repo.maven.apache.org/maven2/org/apache/maven/maven-model/3.0/maven-model-3.0.jar (165 kB at 2.8 MB/s)
[d4a2ef0d-b19a-43d9-bb2c-8bc6f443b22a/Test JDK 11, ubuntu-latest]   | [INFO] Downloaded from central: https://repo.maven.apache.org/maven2/org/sonatype/sisu/sisu-inject-bean/1.4.2/sisu-inject-bean-1.4.2.jar (153 kB at 2.6 MB/s)
[d4a2ef0d-b19a-43d9-bb2c-8bc6f443b22a/Test JDK 11, ubuntu-latest]   | [INFO] Downloading from central: https://repo.maven.apache.org/maven2/org/apache/maven/maven-core/3.0/maven-core-3.0.jar
[d4a2ef0d-b19a-43d9-bb2c-8bc6f443b22a/Test JDK 11, ubuntu-latest]   | [INFO] Downloading from central: https://repo.maven.apache.org/maven2/org/apache/maven/maven-settings/3.0/maven-settings-3.0.jar
[d4a2ef0d-b19a-43d9-bb2c-8bc6f443b22a/Test JDK 11, ubuntu-latest]   | [INFO] Downloaded from central: https://repo.maven.apache.org/maven2/org/apache/maven/maven-settings/3.0/maven-settings-3.0.jar (47 kB at 718 kB/s)
[d4a2ef0d-b19a-43d9-bb2c-8bc6f443b22a/Test JDK 11, ubuntu-latest]   | [INFO] Downloading from central: https://repo.maven.apache.org/maven2/org/apache/maven/maven-settings-builder/3.0/maven-settings-builder-3.0.jar
[d4a2ef0d-b19a-43d9-bb2c-8bc6f443b22a/Test JDK 11, ubuntu-latest]   | [INFO] Downloaded from central: https://repo.maven.apache.org/maven2/org/apache/maven/maven-artifact/3.0/maven-artifact-3.0.jar (52 kB at 786 kB/s)
[d4a2ef0d-b19a-43d9-bb2c-8bc6f443b22a/Test JDK 11, ubuntu-latest]   | [INFO] Downloading from central: https://repo.maven.apache.org/maven2/org/apache/maven/maven-repository-metadata/3.0/maven-repository-metadata-3.0.jar
[d4a2ef0d-b19a-43d9-bb2c-8bc6f443b22a/Test JDK 11, ubuntu-latest]   | [INFO] Downloaded from central: https://repo.maven.apache.org/maven2/org/apache/maven/maven-settings-builder/3.0/maven-settings-builder-3.0.jar (38 kB at 532 kB/s)
[d4a2ef0d-b19a-43d9-bb2c-8bc6f443b22a/Test JDK 11, ubuntu-latest]   | [INFO] Downloading from central: https://repo.maven.apache.org/maven2/org/apache/maven/maven-model-builder/3.0/maven-model-builder-3.0.jar
[d4a2ef0d-b19a-43d9-bb2c-8bc6f443b22a/Test JDK 11, ubuntu-latest]   | [INFO] Downloaded from central: https://repo.maven.apache.org/maven2/org/sonatype/sisu/sisu-guice/2.1.7/sisu-guice-2.1.7-noaop.jar (472 kB at 5.4 MB/s)
[d4a2ef0d-b19a-43d9-bb2c-8bc6f443b22a/Test JDK 11, ubuntu-latest]   | [INFO] Downloading from central: https://repo.maven.apache.org/maven2/org/apache/maven/maven-aether-provider/3.0/maven-aether-provider-3.0.jar
[d4a2ef0d-b19a-43d9-bb2c-8bc6f443b22a/Test JDK 11, ubuntu-latest]   | [INFO] Downloaded from central: https://repo.maven.apache.org/maven2/org/apache/maven/maven-core/3.0/maven-core-3.0.jar (527 kB at 6.0 MB/s)
[d4a2ef0d-b19a-43d9-bb2c-8bc6f443b22a/Test JDK 11, ubuntu-latest]   | [INFO] Downloaded from central: https://repo.maven.apache.org/maven2/org/apache/maven/maven-repository-metadata/3.0/maven-repository-metadata-3.0.jar (30 kB at 342 kB/s)
[d4a2ef0d-b19a-43d9-bb2c-8bc6f443b22a/Test JDK 11, ubuntu-latest]   | [INFO] Downloading from central: https://repo.maven.apache.org/maven2/org/sonatype/aether/aether-impl/1.7/aether-impl-1.7.jar
[d4a2ef0d-b19a-43d9-bb2c-8bc6f443b22a/Test JDK 11, ubuntu-latest]   | [INFO] Downloading from central: https://repo.maven.apache.org/maven2/org/sonatype/aether/aether-spi/1.7/aether-spi-1.7.jar
[d4a2ef0d-b19a-43d9-bb2c-8bc6f443b22a/Test JDK 11, ubuntu-latest]   | [INFO] Downloaded from central: https://repo.maven.apache.org/maven2/org/codehaus/plexus/plexus-utils/2.0.4/plexus-utils-2.0.4.jar (222 kB at 2.5 MB/s)
[d4a2ef0d-b19a-43d9-bb2c-8bc6f443b22a/Test JDK 11, ubuntu-latest]   | [INFO] Downloading from central: https://repo.maven.apache.org/maven2/org/sonatype/aether/aether-api/1.7/aether-api-1.7.jar
[d4a2ef0d-b19a-43d9-bb2c-8bc6f443b22a/Test JDK 11, ubuntu-latest]   | [INFO] Downloaded from central: https://repo.maven.apache.org/maven2/org/apache/maven/maven-model-builder/3.0/maven-model-builder-3.0.jar (148 kB at 1.7 MB/s)
[d4a2ef0d-b19a-43d9-bb2c-8bc6f443b22a/Test JDK 11, ubuntu-latest]   | [INFO] Downloading from central: https://repo.maven.apache.org/maven2/org/sonatype/aether/aether-util/1.7/aether-util-1.7.jar
[d4a2ef0d-b19a-43d9-bb2c-8bc6f443b22a/Test JDK 11, ubuntu-latest]   | [INFO] Downloaded from central: https://repo.maven.apache.org/maven2/org/apache/maven/maven-aether-provider/3.0/maven-aether-provider-3.0.jar (51 kB at 517 kB/s)
[d4a2ef0d-b19a-43d9-bb2c-8bc6f443b22a/Test JDK 11, ubuntu-latest]   | [INFO] Downloading from central: https://repo.maven.apache.org/maven2/org/codehaus/plexus/plexus-interpolation/1.14/plexus-interpolation-1.14.jar
[d4a2ef0d-b19a-43d9-bb2c-8bc6f443b22a/Test JDK 11, ubuntu-latest]   | [INFO] Downloaded from central: https://repo.maven.apache.org/maven2/org/sonatype/aether/aether-spi/1.7/aether-spi-1.7.jar (14 kB at 137 kB/s)
[d4a2ef0d-b19a-43d9-bb2c-8bc6f443b22a/Test JDK 11, ubuntu-latest]   | [INFO] Downloading from central: https://repo.maven.apache.org/maven2/org/codehaus/plexus/plexus-classworlds/2.2.3/plexus-classworlds-2.2.3.jar
[d4a2ef0d-b19a-43d9-bb2c-8bc6f443b22a/Test JDK 11, ubuntu-latest]   | [INFO] Downloaded from central: https://repo.maven.apache.org/maven2/org/sonatype/aether/aether-util/1.7/aether-util-1.7.jar (108 kB at 1.1 MB/s)
[d4a2ef0d-b19a-43d9-bb2c-8bc6f443b22a/Test JDK 11, ubuntu-latest]   | [INFO] Downloading from central: https://repo.maven.apache.org/maven2/org/codehaus/plexus/plexus-component-annotations/1.7.1/plexus-component-annotations-1.7.1.jar
[d4a2ef0d-b19a-43d9-bb2c-8bc6f443b22a/Test JDK 11, ubuntu-latest]   | [INFO] Downloaded from central: https://repo.maven.apache.org/maven2/org/sonatype/aether/aether-api/1.7/aether-api-1.7.jar (74 kB at 613 kB/s)
[d4a2ef0d-b19a-43d9-bb2c-8bc6f443b22a/Test JDK 11, ubuntu-latest]   | [INFO] Downloading from central: https://repo.maven.apache.org/maven2/org/apache/maven/shared/maven-shared-utils/3.2.1/maven-shared-utils-3.2.1.jar
[d4a2ef0d-b19a-43d9-bb2c-8bc6f443b22a/Test JDK 11, ubuntu-latest]   | [INFO] Downloaded from central: https://repo.maven.apache.org/maven2/org/sonatype/aether/aether-impl/1.7/aether-impl-1.7.jar (106 kB at 878 kB/s)
[d4a2ef0d-b19a-43d9-bb2c-8bc6f443b22a/Test JDK 11, ubuntu-latest]   | [INFO] Downloading from central: https://repo.maven.apache.org/maven2/commons-io/commons-io/2.5/commons-io-2.5.jar
[d4a2ef0d-b19a-43d9-bb2c-8bc6f443b22a/Test JDK 11, ubuntu-latest]   | [INFO] Downloaded from central: https://repo.maven.apache.org/maven2/org/codehaus/plexus/plexus-interpolation/1.14/plexus-interpolation-1.14.jar (61 kB at 501 kB/s)
[d4a2ef0d-b19a-43d9-bb2c-8bc6f443b22a/Test JDK 11, ubuntu-latest]   | [INFO] Downloading from central: https://repo.maven.apache.org/maven2/org/apache/maven/shared/maven-shared-incremental/1.1/maven-shared-incremental-1.1.jar
[d4a2ef0d-b19a-43d9-bb2c-8bc6f443b22a/Test JDK 11, ubuntu-latest]   | [INFO] Downloaded from central: https://repo.maven.apache.org/maven2/org/codehaus/plexus/plexus-classworlds/2.2.3/plexus-classworlds-2.2.3.jar (46 kB at 378 kB/s)
[d4a2ef0d-b19a-43d9-bb2c-8bc6f443b22a/Test JDK 11, ubuntu-latest]   | [INFO] Downloading from central: https://repo.maven.apache.org/maven2/org/codehaus/plexus/plexus-java/0.9.10/plexus-java-0.9.10.jar
[d4a2ef0d-b19a-43d9-bb2c-8bc6f443b22a/Test JDK 11, ubuntu-latest]   | [INFO] Downloaded from central: https://repo.maven.apache.org/maven2/org/codehaus/plexus/plexus-component-annotations/1.7.1/plexus-component-annotations-1.7.1.jar (4.3 kB at 35 kB/s)
[d4a2ef0d-b19a-43d9-bb2c-8bc6f443b22a/Test JDK 11, ubuntu-latest]   | [INFO] Downloading from central: https://repo.maven.apache.org/maven2/org/ow2/asm/asm/6.2/asm-6.2.jar
[d4a2ef0d-b19a-43d9-bb2c-8bc6f443b22a/Test JDK 11, ubuntu-latest]   | [INFO] Downloaded from central: https://repo.maven.apache.org/maven2/org/apache/maven/shared/maven-shared-incremental/1.1/maven-shared-incremental-1.1.jar (14 kB at 107 kB/s)
[d4a2ef0d-b19a-43d9-bb2c-8bc6f443b22a/Test JDK 11, ubuntu-latest]   | [INFO] Downloading from central: https://repo.maven.apache.org/maven2/com/thoughtworks/qdox/qdox/2.0-M9/qdox-2.0-M9.jar
[d4a2ef0d-b19a-43d9-bb2c-8bc6f443b22a/Test JDK 11, ubuntu-latest]   | [INFO] Downloaded from central: https://repo.maven.apache.org/maven2/org/codehaus/plexus/plexus-java/0.9.10/plexus-java-0.9.10.jar (39 kB at 308 kB/s)
[d4a2ef0d-b19a-43d9-bb2c-8bc6f443b22a/Test JDK 11, ubuntu-latest]   | [INFO] Downloading from central: https://repo.maven.apache.org/maven2/org/codehaus/plexus/plexus-compiler-api/2.8.4/plexus-compiler-api-2.8.4.jar
[d4a2ef0d-b19a-43d9-bb2c-8bc6f443b22a/Test JDK 11, ubuntu-latest]   | [INFO] Downloaded from central: https://repo.maven.apache.org/maven2/commons-io/commons-io/2.5/commons-io-2.5.jar (209 kB at 1.6 MB/s)
[d4a2ef0d-b19a-43d9-bb2c-8bc6f443b22a/Test JDK 11, ubuntu-latest]   | [INFO] Downloading from central: https://repo.maven.apache.org/maven2/org/codehaus/plexus/plexus-compiler-manager/2.8.4/plexus-compiler-manager-2.8.4.jar
[d4a2ef0d-b19a-43d9-bb2c-8bc6f443b22a/Test JDK 11, ubuntu-latest]   | [INFO] Downloaded from central: https://repo.maven.apache.org/maven2/org/ow2/asm/asm/6.2/asm-6.2.jar (111 kB at 836 kB/s)
[d4a2ef0d-b19a-43d9-bb2c-8bc6f443b22a/Test JDK 11, ubuntu-latest]   | [INFO] Downloading from central: https://repo.maven.apache.org/maven2/org/codehaus/plexus/plexus-compiler-javac/2.8.4/plexus-compiler-javac-2.8.4.jar
[d4a2ef0d-b19a-43d9-bb2c-8bc6f443b22a/Test JDK 11, ubuntu-latest]   | [INFO] Downloaded from central: https://repo.maven.apache.org/maven2/org/codehaus/plexus/plexus-compiler-api/2.8.4/plexus-compiler-api-2.8.4.jar (27 kB at 196 kB/s)
[d4a2ef0d-b19a-43d9-bb2c-8bc6f443b22a/Test JDK 11, ubuntu-latest]   | [INFO] Downloaded from central: https://repo.maven.apache.org/maven2/org/codehaus/plexus/plexus-compiler-javac/2.8.4/plexus-compiler-javac-2.8.4.jar (21 kB at 152 kB/s)
[d4a2ef0d-b19a-43d9-bb2c-8bc6f443b22a/Test JDK 11, ubuntu-latest]   | [INFO] Downloaded from central: https://repo.maven.apache.org/maven2/org/codehaus/plexus/plexus-compiler-manager/2.8.4/plexus-compiler-manager-2.8.4.jar (4.7 kB at 26 kB/s)
[d4a2ef0d-b19a-43d9-bb2c-8bc6f443b22a/Test JDK 11, ubuntu-latest]   | [INFO] Downloaded from central: https://repo.maven.apache.org/maven2/org/apache/maven/shared/maven-shared-utils/3.2.1/maven-shared-utils-3.2.1.jar (167 kB at 895 kB/s)
[d4a2ef0d-b19a-43d9-bb2c-8bc6f443b22a/Test JDK 11, ubuntu-latest]   | [INFO] Downloaded from central: https://repo.maven.apache.org/maven2/com/thoughtworks/qdox/qdox/2.0-M9/qdox-2.0-M9.jar (317 kB at 1.6 MB/s)
[d4a2ef0d-b19a-43d9-bb2c-8bc6f443b22a/Test JDK 11, ubuntu-latest]   | [INFO] Changes detected - recompiling the module!
[d4a2ef0d-b19a-43d9-bb2c-8bc6f443b22a/Test JDK 11, ubuntu-latest]   | [INFO] Compiling 22 source files to /tmp/ea08ba3a-ea04-443b-8702-e24da214962e/target/classes
[d4a2ef0d-b19a-43d9-bb2c-8bc6f443b22a/Test JDK 11, ubuntu-latest]   | [WARNING] /tmp/ea08ba3a-ea04-443b-8702-e24da214962e/src/main/java/org/jfree/svg/util/GraphicsUtils.java:[155,31] unchecked call to put(K,V) as a member of the raw type java.util.Hashtable
[d4a2ef0d-b19a-43d9-bb2c-8bc6f443b22a/Test JDK 11, ubuntu-latest]   | [INFO] 
[d4a2ef0d-b19a-43d9-bb2c-8bc6f443b22a/Test JDK 11, ubuntu-latest]   | [INFO] --- maven-resources-plugin:3.2.0:testResources (default-testResources) @ org.jfree.svg ---
[d4a2ef0d-b19a-43d9-bb2c-8bc6f443b22a/Test JDK 11, ubuntu-latest]   | [INFO] Using 'UTF-8' encoding to copy filtered resources.
[d4a2ef0d-b19a-43d9-bb2c-8bc6f443b22a/Test JDK 11, ubuntu-latest]   | [INFO] Using 'UTF-8' encoding to copy filtered properties files.
[d4a2ef0d-b19a-43d9-bb2c-8bc6f443b22a/Test JDK 11, ubuntu-latest]   | [INFO] skip non existing resourceDirectory /tmp/ea08ba3a-ea04-443b-8702-e24da214962e/src/test/resources
[d4a2ef0d-b19a-43d9-bb2c-8bc6f443b22a/Test JDK 11, ubuntu-latest]   | [INFO] 
[d4a2ef0d-b19a-43d9-bb2c-8bc6f443b22a/Test JDK 11, ubuntu-latest]   | [INFO] --- maven-compiler-plugin:3.8.1:testCompile (default-testCompile) @ org.jfree.svg ---
[d4a2ef0d-b19a-43d9-bb2c-8bc6f443b22a/Test JDK 11, ubuntu-latest]   | [INFO] Changes detected - recompiling the module!
[d4a2ef0d-b19a-43d9-bb2c-8bc6f443b22a/Test JDK 11, ubuntu-latest]   | [INFO] Compiling 4 source files to /tmp/ea08ba3a-ea04-443b-8702-e24da214962e/target/test-classes
[d4a2ef0d-b19a-43d9-bb2c-8bc6f443b22a/Test JDK 11, ubuntu-latest]   | [INFO] 
[d4a2ef0d-b19a-43d9-bb2c-8bc6f443b22a/Test JDK 11, ubuntu-latest]   | [INFO] --- maven-surefire-plugin:3.0.0-M5:test (default-test) @ org.jfree.svg ---
[d4a2ef0d-b19a-43d9-bb2c-8bc6f443b22a/Test JDK 11, ubuntu-latest]   | [INFO] Downloading from central: https://repo.maven.apache.org/maven2/org/apache/maven/surefire/maven-surefire-common/3.0.0-M5/maven-surefire-common-3.0.0-M5.pom
[d4a2ef0d-b19a-43d9-bb2c-8bc6f443b22a/Test JDK 11, ubuntu-latest]   | [INFO] Downloaded from central: https://repo.maven.apache.org/maven2/org/apache/maven/surefire/maven-surefire-common/3.0.0-M5/maven-surefire-common-3.0.0-M5.pom (9.6 kB at 345 kB/s)
[d4a2ef0d-b19a-43d9-bb2c-8bc6f443b22a/Test JDK 11, ubuntu-latest]   | [INFO] Downloading from central: https://repo.maven.apache.org/maven2/org/apache/maven/surefire/surefire-api/3.0.0-M5/surefire-api-3.0.0-M5.pom
[d4a2ef0d-b19a-43d9-bb2c-8bc6f443b22a/Test JDK 11, ubuntu-latest]   | [INFO] Downloaded from central: https://repo.maven.apache.org/maven2/org/apache/maven/surefire/surefire-api/3.0.0-M5/surefire-api-3.0.0-M5.pom (3.2 kB at 292 kB/s)
[d4a2ef0d-b19a-43d9-bb2c-8bc6f443b22a/Test JDK 11, ubuntu-latest]   | [INFO] Downloading from central: https://repo.maven.apache.org/maven2/org/apache/maven/surefire/surefire-logger-api/3.0.0-M5/surefire-logger-api-3.0.0-M5.pom
[d4a2ef0d-b19a-43d9-bb2c-8bc6f443b22a/Test JDK 11, ubuntu-latest]   | [INFO] Downloaded from central: https://repo.maven.apache.org/maven2/org/apache/maven/surefire/surefire-logger-api/3.0.0-M5/surefire-logger-api-3.0.0-M5.pom (3.7 kB at 154 kB/s)
[d4a2ef0d-b19a-43d9-bb2c-8bc6f443b22a/Test JDK 11, ubuntu-latest]   | [INFO] Downloading from central: https://repo.maven.apache.org/maven2/org/apache/maven/surefire/surefire-shared-utils/3.0.0-M4/surefire-shared-utils-3.0.0-M4.pom
[d4a2ef0d-b19a-43d9-bb2c-8bc6f443b22a/Test JDK 11, ubuntu-latest]   | [INFO] Downloaded from central: https://repo.maven.apache.org/maven2/org/apache/maven/surefire/surefire-shared-utils/3.0.0-M4/surefire-shared-utils-3.0.0-M4.pom (3.9 kB at 558 kB/s)
[d4a2ef0d-b19a-43d9-bb2c-8bc6f443b22a/Test JDK 11, ubuntu-latest]   | [INFO] Downloading from central: https://repo.maven.apache.org/maven2/org/apache/maven/surefire/surefire/3.0.0-M4/surefire-3.0.0-M4.pom
[d4a2ef0d-b19a-43d9-bb2c-8bc6f443b22a/Test JDK 11, ubuntu-latest]   | [INFO] Downloaded from central: https://repo.maven.apache.org/maven2/org/apache/maven/surefire/surefire/3.0.0-M4/surefire-3.0.0-M4.pom (27 kB at 1.6 MB/s)
[d4a2ef0d-b19a-43d9-bb2c-8bc6f443b22a/Test JDK 11, ubuntu-latest]   | [INFO] Downloading from central: https://repo.maven.apache.org/maven2/org/apache/maven/surefire/surefire-extensions-api/3.0.0-M5/surefire-extensions-api-3.0.0-M5.pom
[d4a2ef0d-b19a-43d9-bb2c-8bc6f443b22a/Test JDK 11, ubuntu-latest]   | [INFO] Downloaded from central: https://repo.maven.apache.org/maven2/org/apache/maven/surefire/surefire-extensions-api/3.0.0-M5/surefire-extensions-api-3.0.0-M5.pom (4.0 kB at 112 kB/s)
[d4a2ef0d-b19a-43d9-bb2c-8bc6f443b22a/Test JDK 11, ubuntu-latest]   | [INFO] Downloading from central: https://repo.maven.apache.org/maven2/org/apache/maven/surefire/surefire-booter/3.0.0-M5/surefire-booter-3.0.0-M5.pom
[d4a2ef0d-b19a-43d9-bb2c-8bc6f443b22a/Test JDK 11, ubuntu-latest]   | [INFO] Downloaded from central: https://repo.maven.apache.org/maven2/org/apache/maven/surefire/surefire-booter/3.0.0-M5/surefire-booter-3.0.0-M5.pom (4.8 kB at 231 kB/s)
[d4a2ef0d-b19a-43d9-bb2c-8bc6f443b22a/Test JDK 11, ubuntu-latest]   | [INFO] Downloading from central: https://repo.maven.apache.org/maven2/org/apache/maven/surefire/surefire-extensions-spi/3.0.0-M5/surefire-extensions-spi-3.0.0-M5.pom
[d4a2ef0d-b19a-43d9-bb2c-8bc6f443b22a/Test JDK 11, ubuntu-latest]   | [INFO] Downloaded from central: https://repo.maven.apache.org/maven2/org/apache/maven/surefire/surefire-extensions-spi/3.0.0-M5/surefire-extensions-spi-3.0.0-M5.pom (1.6 kB at 108 kB/s)
[d4a2ef0d-b19a-43d9-bb2c-8bc6f443b22a/Test JDK 11, ubuntu-latest]   | [INFO] Downloading from central: https://repo.maven.apache.org/maven2/org/apache/maven/maven-toolchain/3.0-alpha-2/maven-toolchain-3.0-alpha-2.pom
[d4a2ef0d-b19a-43d9-bb2c-8bc6f443b22a/Test JDK 11, ubuntu-latest]   | [INFO] Downloaded from central: https://repo.maven.apache.org/maven2/org/apache/maven/maven-toolchain/3.0-alpha-2/maven-toolchain-3.0-alpha-2.pom (2.2 kB at 66 kB/s)
[d4a2ef0d-b19a-43d9-bb2c-8bc6f443b22a/Test JDK 11, ubuntu-latest]   | [INFO] Downloading from central: https://repo.maven.apache.org/maven2/org/apache/maven/maven/3.0-alpha-2/maven-3.0-alpha-2.pom
[d4a2ef0d-b19a-43d9-bb2c-8bc6f443b22a/Test JDK 11, ubuntu-latest]   | [INFO] Downloaded from central: https://repo.maven.apache.org/maven2/org/apache/maven/maven/3.0-alpha-2/maven-3.0-alpha-2.pom (21 kB at 1.6 MB/s)
[d4a2ef0d-b19a-43d9-bb2c-8bc6f443b22a/Test JDK 11, ubuntu-latest]   | [INFO] Downloading from central: https://repo.maven.apache.org/maven2/org/apache/maven/maven-parent/10/maven-parent-10.pom
[d4a2ef0d-b19a-43d9-bb2c-8bc6f443b22a/Test JDK 11, ubuntu-latest]   | [INFO] Downloaded from central: https://repo.maven.apache.org/maven2/org/apache/maven/maven-parent/10/maven-parent-10.pom (32 kB at 1.2 MB/s)
[d4a2ef0d-b19a-43d9-bb2c-8bc6f443b22a/Test JDK 11, ubuntu-latest]   | [INFO] Downloading from central: https://repo.maven.apache.org/maven2/org/apache/apache/4/apache-4.pom
[d4a2ef0d-b19a-43d9-bb2c-8bc6f443b22a/Test JDK 11, ubuntu-latest]   | [INFO] Downloaded from central: https://repo.maven.apache.org/maven2/org/apache/apache/4/apache-4.pom (4.5 kB at 375 kB/s)
[d4a2ef0d-b19a-43d9-bb2c-8bc6f443b22a/Test JDK 11, ubuntu-latest]   | [INFO] Downloading from central: https://repo.maven.apache.org/maven2/org/apache/maven/shared/maven-artifact-transfer/0.11.0/maven-artifact-transfer-0.11.0.pom
[d4a2ef0d-b19a-43d9-bb2c-8bc6f443b22a/Test JDK 11, ubuntu-latest]   | [INFO] Downloaded from central: https://repo.maven.apache.org/maven2/org/apache/maven/shared/maven-artifact-transfer/0.11.0/maven-artifact-transfer-0.11.0.pom (11 kB at 286 kB/s)
[d4a2ef0d-b19a-43d9-bb2c-8bc6f443b22a/Test JDK 11, ubuntu-latest]   | [INFO] Downloading from central: https://repo.maven.apache.org/maven2/org/apache/maven/shared/maven-shared-components/33/maven-shared-components-33.pom
[d4a2ef0d-b19a-43d9-bb2c-8bc6f443b22a/Test JDK 11, ubuntu-latest]   | [INFO] Downloaded from central: https://repo.maven.apache.org/maven2/org/apache/maven/shared/maven-shared-components/33/maven-shared-components-33.pom (5.1 kB at 728 kB/s)
[d4a2ef0d-b19a-43d9-bb2c-8bc6f443b22a/Test JDK 11, ubuntu-latest]   | [INFO] Downloading from central: https://repo.maven.apache.org/maven2/org/apache/maven/shared/maven-common-artifact-filters/3.1.0/maven-common-artifact-filters-3.1.0.pom
[d4a2ef0d-b19a-43d9-bb2c-8bc6f443b22a/Test JDK 11, ubuntu-latest]   | [INFO] Downloaded from central: https://repo.maven.apache.org/maven2/org/apache/maven/shared/maven-common-artifact-filters/3.1.0/maven-common-artifact-filters-3.1.0.pom (5.3 kB at 211 kB/s)
[d4a2ef0d-b19a-43d9-bb2c-8bc6f443b22a/Test JDK 11, ubuntu-latest]   | [INFO] Downloading from central: https://repo.maven.apache.org/maven2/commons-codec/commons-codec/1.11/commons-codec-1.11.pom
[d4a2ef0d-b19a-43d9-bb2c-8bc6f443b22a/Test JDK 11, ubuntu-latest]   | [INFO] Downloaded from central: https://repo.maven.apache.org/maven2/commons-codec/commons-codec/1.11/commons-codec-1.11.pom (14 kB at 822 kB/s)
[d4a2ef0d-b19a-43d9-bb2c-8bc6f443b22a/Test JDK 11, ubuntu-latest]   | [INFO] Downloading from central: https://repo.maven.apache.org/maven2/org/codehaus/plexus/plexus-java/1.0.5/plexus-java-1.0.5.pom
[d4a2ef0d-b19a-43d9-bb2c-8bc6f443b22a/Test JDK 11, ubuntu-latest]   | [INFO] Downloaded from central: https://repo.maven.apache.org/maven2/org/codehaus/plexus/plexus-java/1.0.5/plexus-java-1.0.5.pom (4.6 kB at 419 kB/s)
[d4a2ef0d-b19a-43d9-bb2c-8bc6f443b22a/Test JDK 11, ubuntu-latest]   | [INFO] Downloading from central: https://repo.maven.apache.org/maven2/org/codehaus/plexus/plexus-languages/1.0.5/plexus-languages-1.0.5.pom
[d4a2ef0d-b19a-43d9-bb2c-8bc6f443b22a/Test JDK 11, ubuntu-latest]   | [INFO] Downloaded from central: https://repo.maven.apache.org/maven2/org/codehaus/plexus/plexus-languages/1.0.5/plexus-languages-1.0.5.pom (3.9 kB at 355 kB/s)
[d4a2ef0d-b19a-43d9-bb2c-8bc6f443b22a/Test JDK 11, ubuntu-latest]   | [INFO] Downloading from central: https://repo.maven.apache.org/maven2/org/codehaus/plexus/plexus/6.2/plexus-6.2.pom
[d4a2ef0d-b19a-43d9-bb2c-8bc6f443b22a/Test JDK 11, ubuntu-latest]   | [INFO] Downloaded from central: https://repo.maven.apache.org/maven2/org/codehaus/plexus/plexus/6.2/plexus-6.2.pom (24 kB at 1.4 MB/s)
[d4a2ef0d-b19a-43d9-bb2c-8bc6f443b22a/Test JDK 11, ubuntu-latest]   | [INFO] Downloading from central: https://repo.maven.apache.org/maven2/org/ow2/asm/asm/7.2/asm-7.2.pom
[d4a2ef0d-b19a-43d9-bb2c-8bc6f443b22a/Test JDK 11, ubuntu-latest]   | [INFO] Downloaded from central: https://repo.maven.apache.org/maven2/org/ow2/asm/asm/7.2/asm-7.2.pom (2.9 kB at 155 kB/s)
[d4a2ef0d-b19a-43d9-bb2c-8bc6f443b22a/Test JDK 11, ubuntu-latest]   | [INFO] Downloading from central: https://repo.maven.apache.org/maven2/org/apache/maven/surefire/maven-surefire-common/3.0.0-M5/maven-surefire-common-3.0.0-M5.jar
[d4a2ef0d-b19a-43d9-bb2c-8bc6f443b22a/Test JDK 11, ubuntu-latest]   | [INFO] Downloading from central: https://repo.maven.apache.org/maven2/org/apache/maven/surefire/surefire-api/3.0.0-M5/surefire-api-3.0.0-M5.jar
[d4a2ef0d-b19a-43d9-bb2c-8bc6f443b22a/Test JDK 11, ubuntu-latest]   | [INFO] Downloading from central: https://repo.maven.apache.org/maven2/org/apache/maven/surefire/surefire-logger-api/3.0.0-M5/surefire-logger-api-3.0.0-M5.jar
[d4a2ef0d-b19a-43d9-bb2c-8bc6f443b22a/Test JDK 11, ubuntu-latest]   | [INFO] Downloading from central: https://repo.maven.apache.org/maven2/org/apache/maven/surefire/surefire-extensions-api/3.0.0-M5/surefire-extensions-api-3.0.0-M5.jar
[d4a2ef0d-b19a-43d9-bb2c-8bc6f443b22a/Test JDK 11, ubuntu-latest]   | [INFO] Downloading from central: https://repo.maven.apache.org/maven2/org/apache/maven/surefire/surefire-booter/3.0.0-M5/surefire-booter-3.0.0-M5.jar
[d4a2ef0d-b19a-43d9-bb2c-8bc6f443b22a/Test JDK 11, ubuntu-latest]   | [INFO] Downloaded from central: https://repo.maven.apache.org/maven2/org/apache/maven/surefire/surefire-booter/3.0.0-M5/surefire-booter-3.0.0-M5.jar (106 kB at 3.2 MB/s)
[d4a2ef0d-b19a-43d9-bb2c-8bc6f443b22a/Test JDK 11, ubuntu-latest]   | [INFO] Downloading from central: https://repo.maven.apache.org/maven2/org/apache/maven/surefire/surefire-extensions-spi/3.0.0-M5/surefire-extensions-spi-3.0.0-M5.jar
[d4a2ef0d-b19a-43d9-bb2c-8bc6f443b22a/Test JDK 11, ubuntu-latest]   | [INFO] Downloaded from central: https://repo.maven.apache.org/maven2/org/apache/maven/surefire/surefire-extensions-api/3.0.0-M5/surefire-extensions-api-3.0.0-M5.jar (24 kB at 705 kB/s)
[d4a2ef0d-b19a-43d9-bb2c-8bc6f443b22a/Test JDK 11, ubuntu-latest]   | [INFO] Downloading from central: https://repo.maven.apache.org/maven2/org/apache/maven/maven-toolchain/3.0-alpha-2/maven-toolchain-3.0-alpha-2.jar
[d4a2ef0d-b19a-43d9-bb2c-8bc6f443b22a/Test JDK 11, ubuntu-latest]   | [INFO] Downloaded from central: https://repo.maven.apache.org/maven2/org/apache/maven/surefire/surefire-logger-api/3.0.0-M5/surefire-logger-api-3.0.0-M5.jar (14 kB at 379 kB/s)
[d4a2ef0d-b19a-43d9-bb2c-8bc6f443b22a/Test JDK 11, ubuntu-latest]   | [INFO] Downloading from central: https://repo.maven.apache.org/maven2/org/apache/maven/shared/maven-artifact-transfer/0.11.0/maven-artifact-transfer-0.11.0.jar
[d4a2ef0d-b19a-43d9-bb2c-8bc6f443b22a/Test JDK 11, ubuntu-latest]   | [INFO] Downloaded from central: https://repo.maven.apache.org/maven2/org/apache/maven/surefire/surefire-api/3.0.0-M5/surefire-api-3.0.0-M5.jar (144 kB at 3.8 MB/s)
[d4a2ef0d-b19a-43d9-bb2c-8bc6f443b22a/Test JDK 11, ubuntu-latest]   | [INFO] Downloading from central: https://repo.maven.apache.org/maven2/org/apache/maven/shared/maven-common-artifact-filters/3.1.0/maven-common-artifact-filters-3.1.0.jar
[d4a2ef0d-b19a-43d9-bb2c-8bc6f443b22a/Test JDK 11, ubuntu-latest]   | [INFO] Downloaded from central: https://repo.maven.apache.org/maven2/org/apache/maven/surefire/maven-surefire-common/3.0.0-M5/maven-surefire-common-3.0.0-M5.jar (311 kB at 8.2 MB/s)
[d4a2ef0d-b19a-43d9-bb2c-8bc6f443b22a/Test JDK 11, ubuntu-latest]   | [INFO] Downloading from central: https://repo.maven.apache.org/maven2/commons-codec/commons-codec/1.11/commons-codec-1.11.jar
[d4a2ef0d-b19a-43d9-bb2c-8bc6f443b22a/Test JDK 11, ubuntu-latest]   | [INFO] Downloaded from central: https://repo.maven.apache.org/maven2/org/apache/maven/surefire/surefire-extensions-spi/3.0.0-M5/surefire-extensions-spi-3.0.0-M5.jar (7.9 kB at 199 kB/s)
[d4a2ef0d-b19a-43d9-bb2c-8bc6f443b22a/Test JDK 11, ubuntu-latest]   | [INFO] Downloading from central: https://repo.maven.apache.org/maven2/org/codehaus/plexus/plexus-java/1.0.5/plexus-java-1.0.5.jar
[d4a2ef0d-b19a-43d9-bb2c-8bc6f443b22a/Test JDK 11, ubuntu-latest]   | [INFO] Downloaded from central: https://repo.maven.apache.org/maven2/org/apache/maven/maven-toolchain/3.0-alpha-2/maven-toolchain-3.0-alpha-2.jar (36 kB at 881 kB/s)
[d4a2ef0d-b19a-43d9-bb2c-8bc6f443b22a/Test JDK 11, ubuntu-latest]   | [INFO] Downloading from central: https://repo.maven.apache.org/maven2/org/ow2/asm/asm/7.2/asm-7.2.jar
[d4a2ef0d-b19a-43d9-bb2c-8bc6f443b22a/Test JDK 11, ubuntu-latest]   | [INFO] Downloaded from central: https://repo.maven.apache.org/maven2/org/apache/maven/shared/maven-common-artifact-filters/3.1.0/maven-common-artifact-filters-3.1.0.jar (61 kB at 1.3 MB/s)
[d4a2ef0d-b19a-43d9-bb2c-8bc6f443b22a/Test JDK 11, ubuntu-latest]   | [INFO] Downloading from central: https://repo.maven.apache.org/maven2/org/apache/maven/surefire/surefire-shared-utils/3.0.0-M4/surefire-shared-utils-3.0.0-M4.jar
[d4a2ef0d-b19a-43d9-bb2c-8bc6f443b22a/Test JDK 11, ubuntu-latest]   | [INFO] Downloaded from central: https://repo.maven.apache.org/maven2/org/codehaus/plexus/plexus-java/1.0.5/plexus-java-1.0.5.jar (52 kB at 1.1 MB/s)
[d4a2ef0d-b19a-43d9-bb2c-8bc6f443b22a/Test JDK 11, ubuntu-latest]   | [INFO] Downloading from central: https://repo.maven.apache.org/maven2/org/codehaus/plexus/plexus-utils/1.1/plexus-utils-1.1.jar
[d4a2ef0d-b19a-43d9-bb2c-8bc6f443b22a/Test JDK 11, ubuntu-latest]   | [INFO] Downloaded from central: https://repo.maven.apache.org/maven2/org/apache/maven/shared/maven-artifact-transfer/0.11.0/maven-artifact-transfer-0.11.0.jar (128 kB at 2.6 MB/s)
[d4a2ef0d-b19a-43d9-bb2c-8bc6f443b22a/Test JDK 11, ubuntu-latest]   | [INFO] Downloaded from central: https://repo.maven.apache.org/maven2/org/ow2/asm/asm/7.2/asm-7.2.jar (115 kB at 2.3 MB/s)
[d4a2ef0d-b19a-43d9-bb2c-8bc6f443b22a/Test JDK 11, ubuntu-latest]   | [INFO] Downloaded from central: https://repo.maven.apache.org/maven2/commons-codec/commons-codec/1.11/commons-codec-1.11.jar (335 kB at 2.4 MB/s)
[d4a2ef0d-b19a-43d9-bb2c-8bc6f443b22a/Test JDK 11, ubuntu-latest]   | [INFO] Downloaded from central: https://repo.maven.apache.org/maven2/org/codehaus/plexus/plexus-utils/1.1/plexus-utils-1.1.jar (169 kB at 1.2 MB/s)
[d4a2ef0d-b19a-43d9-bb2c-8bc6f443b22a/Test JDK 11, ubuntu-latest]   | [INFO] Downloaded from central: https://repo.maven.apache.org/maven2/org/apache/maven/surefire/surefire-shared-utils/3.0.0-M4/surefire-shared-utils-3.0.0-M4.jar (1.9 MB at 13 MB/s)
[d4a2ef0d-b19a-43d9-bb2c-8bc6f443b22a/Test JDK 11, ubuntu-latest]   | [INFO] Downloading from central: https://repo.maven.apache.org/maven2/org/apache/maven/surefire/surefire-junit-platform/3.0.0-M5/surefire-junit-platform-3.0.0-M5.jar
[d4a2ef0d-b19a-43d9-bb2c-8bc6f443b22a/Test JDK 11, ubuntu-latest]   | [INFO] Downloaded from central: https://repo.maven.apache.org/maven2/org/apache/maven/surefire/surefire-junit-platform/3.0.0-M5/surefire-junit-platform-3.0.0-M5.jar (23 kB at 3.3 MB/s)
[d4a2ef0d-b19a-43d9-bb2c-8bc6f443b22a/Test JDK 11, ubuntu-latest]   | [INFO] Downloading from central: https://repo.maven.apache.org/maven2/org/apache/maven/surefire/surefire-junit-platform/3.0.0-M5/surefire-junit-platform-3.0.0-M5.pom
[d4a2ef0d-b19a-43d9-bb2c-8bc6f443b22a/Test JDK 11, ubuntu-latest]   | [INFO] Downloaded from central: https://repo.maven.apache.org/maven2/org/apache/maven/surefire/surefire-junit-platform/3.0.0-M5/surefire-junit-platform-3.0.0-M5.pom (6.7 kB at 1.3 MB/s)
[d4a2ef0d-b19a-43d9-bb2c-8bc6f443b22a/Test JDK 11, ubuntu-latest]   | [INFO] Downloading from central: https://repo.maven.apache.org/maven2/org/apache/maven/surefire/surefire-providers/3.0.0-M5/surefire-providers-3.0.0-M5.pom
[d4a2ef0d-b19a-43d9-bb2c-8bc6f443b22a/Test JDK 11, ubuntu-latest]   | [INFO] Downloaded from central: https://repo.maven.apache.org/maven2/org/apache/maven/surefire/surefire-providers/3.0.0-M5/surefire-providers-3.0.0-M5.pom (2.5 kB at 98 kB/s)
[d4a2ef0d-b19a-43d9-bb2c-8bc6f443b22a/Test JDK 11, ubuntu-latest]   | [INFO] Downloading from central: https://repo.maven.apache.org/maven2/org/apache/maven/surefire/common-java5/3.0.0-M5/common-java5-3.0.0-M5.pom
[d4a2ef0d-b19a-43d9-bb2c-8bc6f443b22a/Test JDK 11, ubuntu-latest]   | [INFO] Downloaded from central: https://repo.maven.apache.org/maven2/org/apache/maven/surefire/common-java5/3.0.0-M5/common-java5-3.0.0-M5.pom (2.6 kB at 291 kB/s)
[d4a2ef0d-b19a-43d9-bb2c-8bc6f443b22a/Test JDK 11, ubuntu-latest]   | [INFO] Downloading from central: https://repo.maven.apache.org/maven2/org/junit/platform/junit-platform-launcher/1.3.2/junit-platform-launcher-1.3.2.pom
[d4a2ef0d-b19a-43d9-bb2c-8bc6f443b22a/Test JDK 11, ubuntu-latest]   | [INFO] Downloaded from central: https://repo.maven.apache.org/maven2/org/junit/platform/junit-platform-launcher/1.3.2/junit-platform-launcher-1.3.2.pom (2.2 kB at 171 kB/s)
[d4a2ef0d-b19a-43d9-bb2c-8bc6f443b22a/Test JDK 11, ubuntu-latest]   | [INFO] Downloading from central: https://repo.maven.apache.org/maven2/org/apiguardian/apiguardian-api/1.0.0/apiguardian-api-1.0.0.pom
[d4a2ef0d-b19a-43d9-bb2c-8bc6f443b22a/Test JDK 11, ubuntu-latest]   | [INFO] Downloaded from central: https://repo.maven.apache.org/maven2/org/apiguardian/apiguardian-api/1.0.0/apiguardian-api-1.0.0.pom (1.2 kB at 40 kB/s)
[d4a2ef0d-b19a-43d9-bb2c-8bc6f443b22a/Test JDK 11, ubuntu-latest]   | [INFO] Downloading from central: https://repo.maven.apache.org/maven2/org/junit/platform/junit-platform-engine/1.3.2/junit-platform-engine-1.3.2.pom
[d4a2ef0d-b19a-43d9-bb2c-8bc6f443b22a/Test JDK 11, ubuntu-latest]   | [INFO] Downloaded from central: https://repo.maven.apache.org/maven2/org/junit/platform/junit-platform-engine/1.3.2/junit-platform-engine-1.3.2.pom (2.4 kB at 85 kB/s)
[d4a2ef0d-b19a-43d9-bb2c-8bc6f443b22a/Test JDK 11, ubuntu-latest]   | [INFO] Downloading from central: https://repo.maven.apache.org/maven2/org/junit/platform/junit-platform-commons/1.3.2/junit-platform-commons-1.3.2.pom
[d4a2ef0d-b19a-43d9-bb2c-8bc6f443b22a/Test JDK 11, ubuntu-latest]   | [INFO] Downloaded from central: https://repo.maven.apache.org/maven2/org/junit/platform/junit-platform-commons/1.3.2/junit-platform-commons-1.3.2.pom (2.0 kB at 156 kB/s)
[d4a2ef0d-b19a-43d9-bb2c-8bc6f443b22a/Test JDK 11, ubuntu-latest]   | [INFO] Downloading from central: https://repo.maven.apache.org/maven2/org/opentest4j/opentest4j/1.1.1/opentest4j-1.1.1.pom
[d4a2ef0d-b19a-43d9-bb2c-8bc6f443b22a/Test JDK 11, ubuntu-latest]   | [INFO] Downloaded from central: https://repo.maven.apache.org/maven2/org/opentest4j/opentest4j/1.1.1/opentest4j-1.1.1.pom (1.7 kB at 210 kB/s)
[d4a2ef0d-b19a-43d9-bb2c-8bc6f443b22a/Test JDK 11, ubuntu-latest]   | [INFO] Downloading from central: https://repo.maven.apache.org/maven2/org/junit/jupiter/junit-jupiter-engine/5.3.2/junit-jupiter-engine-5.3.2.pom
[d4a2ef0d-b19a-43d9-bb2c-8bc6f443b22a/Test JDK 11, ubuntu-latest]   | [INFO] Downloaded from central: https://repo.maven.apache.org/maven2/org/junit/jupiter/junit-jupiter-engine/5.3.2/junit-jupiter-engine-5.3.2.pom (2.4 kB at 266 kB/s)
[d4a2ef0d-b19a-43d9-bb2c-8bc6f443b22a/Test JDK 11, ubuntu-latest]   | [INFO] Downloading from central: https://repo.maven.apache.org/maven2/org/junit/jupiter/junit-jupiter-api/5.3.2/junit-jupiter-api-5.3.2.pom
[d4a2ef0d-b19a-43d9-bb2c-8bc6f443b22a/Test JDK 11, ubuntu-latest]   | [INFO] Downloaded from central: https://repo.maven.apache.org/maven2/org/junit/jupiter/junit-jupiter-api/5.3.2/junit-jupiter-api-5.3.2.pom (2.4 kB at 198 kB/s)
[d4a2ef0d-b19a-43d9-bb2c-8bc6f443b22a/Test JDK 11, ubuntu-latest]   | [INFO] Downloading from central: https://repo.maven.apache.org/maven2/org/junit/jupiter/junit-jupiter-params/5.3.2/junit-jupiter-params-5.3.2.pom
[d4a2ef0d-b19a-43d9-bb2c-8bc6f443b22a/Test JDK 11, ubuntu-latest]   | [INFO] Downloaded from central: https://repo.maven.apache.org/maven2/org/junit/jupiter/junit-jupiter-params/5.3.2/junit-jupiter-params-5.3.2.pom (2.2 kB at 245 kB/s)
[d4a2ef0d-b19a-43d9-bb2c-8bc6f443b22a/Test JDK 11, ubuntu-latest]   | [INFO] Downloading from central: https://repo.maven.apache.org/maven2/org/mockito/mockito-core/2.28.2/mockito-core-2.28.2.pom
[d4a2ef0d-b19a-43d9-bb2c-8bc6f443b22a/Test JDK 11, ubuntu-latest]   | [INFO] Downloaded from central: https://repo.maven.apache.org/maven2/org/mockito/mockito-core/2.28.2/mockito-core-2.28.2.pom (20 kB at 1.8 MB/s)
[d4a2ef0d-b19a-43d9-bb2c-8bc6f443b22a/Test JDK 11, ubuntu-latest]   | [INFO] Downloading from central: https://repo.maven.apache.org/maven2/net/bytebuddy/byte-buddy/1.9.10/byte-buddy-1.9.10.pom
[d4a2ef0d-b19a-43d9-bb2c-8bc6f443b22a/Test JDK 11, ubuntu-latest]   | [INFO] Downloaded from central: https://repo.maven.apache.org/maven2/net/bytebuddy/byte-buddy/1.9.10/byte-buddy-1.9.10.pom (10 kB at 272 kB/s)
[d4a2ef0d-b19a-43d9-bb2c-8bc6f443b22a/Test JDK 11, ubuntu-latest]   | [INFO] Downloading from central: https://repo.maven.apache.org/maven2/net/bytebuddy/byte-buddy-parent/1.9.10/byte-buddy-parent-1.9.10.pom
[d4a2ef0d-b19a-43d9-bb2c-8bc6f443b22a/Test JDK 11, ubuntu-latest]   | [INFO] Downloaded from central: https://repo.maven.apache.org/maven2/net/bytebuddy/byte-buddy-parent/1.9.10/byte-buddy-parent-1.9.10.pom (36 kB at 1.6 MB/s)
[d4a2ef0d-b19a-43d9-bb2c-8bc6f443b22a/Test JDK 11, ubuntu-latest]   | [INFO] Downloading from central: https://repo.maven.apache.org/maven2/net/bytebuddy/byte-buddy-agent/1.9.10/byte-buddy-agent-1.9.10.pom
[d4a2ef0d-b19a-43d9-bb2c-8bc6f443b22a/Test JDK 11, ubuntu-latest]   | [INFO] Downloaded from central: https://repo.maven.apache.org/maven2/net/bytebuddy/byte-buddy-agent/1.9.10/byte-buddy-agent-1.9.10.pom (6.0 kB at 69 kB/s)
[d4a2ef0d-b19a-43d9-bb2c-8bc6f443b22a/Test JDK 11, ubuntu-latest]   | [INFO] Downloading from central: https://repo.maven.apache.org/maven2/org/objenesis/objenesis/2.6/objenesis-2.6.pom
[d4a2ef0d-b19a-43d9-bb2c-8bc6f443b22a/Test JDK 11, ubuntu-latest]   | [INFO] Downloaded from central: https://repo.maven.apache.org/maven2/org/objenesis/objenesis/2.6/objenesis-2.6.pom (2.8 kB at 164 kB/s)
[d4a2ef0d-b19a-43d9-bb2c-8bc6f443b22a/Test JDK 11, ubuntu-latest]   | [INFO] Downloading from central: https://repo.maven.apache.org/maven2/org/objenesis/objenesis-parent/2.6/objenesis-parent-2.6.pom
[d4a2ef0d-b19a-43d9-bb2c-8bc6f443b22a/Test JDK 11, ubuntu-latest]   | [INFO] Downloaded from central: https://repo.maven.apache.org/maven2/org/objenesis/objenesis-parent/2.6/objenesis-parent-2.6.pom (17 kB at 2.8 MB/s)
[d4a2ef0d-b19a-43d9-bb2c-8bc6f443b22a/Test JDK 11, ubuntu-latest]   | [INFO] Downloading from central: https://repo.maven.apache.org/maven2/org/powermock/powermock-reflect/2.0.5/powermock-reflect-2.0.5.pom
[d4a2ef0d-b19a-43d9-bb2c-8bc6f443b22a/Test JDK 11, ubuntu-latest]   | [INFO] Downloaded from central: https://repo.maven.apache.org/maven2/org/powermock/powermock-reflect/2.0.5/powermock-reflect-2.0.5.pom (7.2 kB at 1.2 MB/s)
[d4a2ef0d-b19a-43d9-bb2c-8bc6f443b22a/Test JDK 11, ubuntu-latest]   | [INFO] Downloading from central: https://repo.maven.apache.org/maven2/org/assertj/assertj-core/3.9.1/assertj-core-3.9.1.pom
[d4a2ef0d-b19a-43d9-bb2c-8bc6f443b22a/Test JDK 11, ubuntu-latest]   | [INFO] Downloaded from central: https://repo.maven.apache.org/maven2/org/assertj/assertj-core/3.9.1/assertj-core-3.9.1.pom (10 kB at 2.0 MB/s)
[d4a2ef0d-b19a-43d9-bb2c-8bc6f443b22a/Test JDK 11, ubuntu-latest]   | [INFO] Downloading from central: https://repo.maven.apache.org/maven2/org/assertj/assertj-parent-pom/2.1.9/assertj-parent-pom-2.1.9.pom
[d4a2ef0d-b19a-43d9-bb2c-8bc6f443b22a/Test JDK 11, ubuntu-latest]   | [INFO] Downloaded from central: https://repo.maven.apache.org/maven2/org/assertj/assertj-parent-pom/2.1.9/assertj-parent-pom-2.1.9.pom (15 kB at 2.6 MB/s)
[d4a2ef0d-b19a-43d9-bb2c-8bc6f443b22a/Test JDK 11, ubuntu-latest]   | [INFO] Downloading from central: https://repo.maven.apache.org/maven2/junit/junit/4.13/junit-4.13.pom
[d4a2ef0d-b19a-43d9-bb2c-8bc6f443b22a/Test JDK 11, ubuntu-latest]   | [INFO] Downloaded from central: https://repo.maven.apache.org/maven2/junit/junit/4.13/junit-4.13.pom (25 kB at 1.9 MB/s)
[d4a2ef0d-b19a-43d9-bb2c-8bc6f443b22a/Test JDK 11, ubuntu-latest]   | [INFO] Downloading from central: https://repo.maven.apache.org/maven2/org/hamcrest/hamcrest-library/1.3/hamcrest-library-1.3.pom
[d4a2ef0d-b19a-43d9-bb2c-8bc6f443b22a/Test JDK 11, ubuntu-latest]   | [INFO] Downloaded from central: https://repo.maven.apache.org/maven2/org/hamcrest/hamcrest-library/1.3/hamcrest-library-1.3.pom (820 B at 27 kB/s)
[d4a2ef0d-b19a-43d9-bb2c-8bc6f443b22a/Test JDK 11, ubuntu-latest]   | [INFO] Downloading from central: https://repo.maven.apache.org/maven2/org/hamcrest/hamcrest-parent/1.3/hamcrest-parent-1.3.pom
[d4a2ef0d-b19a-43d9-bb2c-8bc6f443b22a/Test JDK 11, ubuntu-latest]   | [INFO] Downloaded from central: https://repo.maven.apache.org/maven2/org/hamcrest/hamcrest-parent/1.3/hamcrest-parent-1.3.pom (2.0 kB at 282 kB/s)
[d4a2ef0d-b19a-43d9-bb2c-8bc6f443b22a/Test JDK 11, ubuntu-latest]   | [INFO] Downloading from central: https://repo.maven.apache.org/maven2/org/hamcrest/hamcrest-core/1.3/hamcrest-core-1.3.pom
[d4a2ef0d-b19a-43d9-bb2c-8bc6f443b22a/Test JDK 11, ubuntu-latest]   | [INFO] Downloaded from central: https://repo.maven.apache.org/maven2/org/hamcrest/hamcrest-core/1.3/hamcrest-core-1.3.pom (766 B at 35 kB/s)
[d4a2ef0d-b19a-43d9-bb2c-8bc6f443b22a/Test JDK 11, ubuntu-latest]   | [INFO] Downloading from central: https://repo.maven.apache.org/maven2/org/easytesting/fest-assert/1.4/fest-assert-1.4.pom
[d4a2ef0d-b19a-43d9-bb2c-8bc6f443b22a/Test JDK 11, ubuntu-latest]   | [INFO] Downloaded from central: https://repo.maven.apache.org/maven2/org/easytesting/fest-assert/1.4/fest-assert-1.4.pom (2.4 kB at 125 kB/s)
[d4a2ef0d-b19a-43d9-bb2c-8bc6f443b22a/Test JDK 11, ubuntu-latest]   | [INFO] Downloading from central: https://repo.maven.apache.org/maven2/org/easytesting/fest/1.0.8/fest-1.0.8.pom
[d4a2ef0d-b19a-43d9-bb2c-8bc6f443b22a/Test JDK 11, ubuntu-latest]   | [INFO] Downloaded from central: https://repo.maven.apache.org/maven2/org/easytesting/fest/1.0.8/fest-1.0.8.pom (12 kB at 712 kB/s)
[d4a2ef0d-b19a-43d9-bb2c-8bc6f443b22a/Test JDK 11, ubuntu-latest]   | [INFO] Downloading from central: https://repo.maven.apache.org/maven2/org/easytesting/fest-util/1.1.6/fest-util-1.1.6.pom
[d4a2ef0d-b19a-43d9-bb2c-8bc6f443b22a/Test JDK 11, ubuntu-latest]   | [INFO] Downloaded from central: https://repo.maven.apache.org/maven2/org/easytesting/fest-util/1.1.6/fest-util-1.1.6.pom (1.6 kB at 120 kB/s)
[d4a2ef0d-b19a-43d9-bb2c-8bc6f443b22a/Test JDK 11, ubuntu-latest]   | [INFO] Downloading from central: https://repo.maven.apache.org/maven2/org/apache/maven/surefire/common-java5/3.0.0-M5/common-java5-3.0.0-M5.jar
[d4a2ef0d-b19a-43d9-bb2c-8bc6f443b22a/Test JDK 11, ubuntu-latest]   | [INFO] Downloading from central: https://repo.maven.apache.org/maven2/org/junit/platform/junit-platform-engine/1.3.2/junit-platform-engine-1.3.2.jar
[d4a2ef0d-b19a-43d9-bb2c-8bc6f443b22a/Test JDK 11, ubuntu-latest]   | [INFO] Downloading from central: https://repo.maven.apache.org/maven2/org/apiguardian/apiguardian-api/1.0.0/apiguardian-api-1.0.0.jar
[d4a2ef0d-b19a-43d9-bb2c-8bc6f443b22a/Test JDK 11, ubuntu-latest]   | [INFO] Downloading from central: https://repo.maven.apache.org/maven2/org/junit/platform/junit-platform-launcher/1.3.2/junit-platform-launcher-1.3.2.jar
[d4a2ef0d-b19a-43d9-bb2c-8bc6f443b22a/Test JDK 11, ubuntu-latest]   | [INFO] Downloading from central: https://repo.maven.apache.org/maven2/org/junit/platform/junit-platform-commons/1.3.2/junit-platform-commons-1.3.2.jar
[d4a2ef0d-b19a-43d9-bb2c-8bc6f443b22a/Test JDK 11, ubuntu-latest]   | [INFO] Downloaded from central: https://repo.maven.apache.org/maven2/org/apache/maven/surefire/common-java5/3.0.0-M5/common-java5-3.0.0-M5.jar (16 kB at 925 kB/s)
[d4a2ef0d-b19a-43d9-bb2c-8bc6f443b22a/Test JDK 11, ubuntu-latest]   | [INFO] Downloaded from central: https://repo.maven.apache.org/maven2/org/junit/platform/junit-platform-engine/1.3.2/junit-platform-engine-1.3.2.jar (138 kB at 8.7 MB/s)
[d4a2ef0d-b19a-43d9-bb2c-8bc6f443b22a/Test JDK 11, ubuntu-latest]   | [INFO] Downloaded from central: https://repo.maven.apache.org/maven2/org/apiguardian/apiguardian-api/1.0.0/apiguardian-api-1.0.0.jar (2.2 kB at 135 kB/s)
[d4a2ef0d-b19a-43d9-bb2c-8bc6f443b22a/Test JDK 11, ubuntu-latest]   | [INFO] Downloading from central: https://repo.maven.apache.org/maven2/org/opentest4j/opentest4j/1.1.1/opentest4j-1.1.1.jar
[d4a2ef0d-b19a-43d9-bb2c-8bc6f443b22a/Test JDK 11, ubuntu-latest]   | [INFO] Downloaded from central: https://repo.maven.apache.org/maven2/org/junit/platform/junit-platform-launcher/1.3.2/junit-platform-launcher-1.3.2.jar (95 kB at 2.9 MB/s)
[d4a2ef0d-b19a-43d9-bb2c-8bc6f443b22a/Test JDK 11, ubuntu-latest]   | [INFO] Downloaded from central: https://repo.maven.apache.org/maven2/org/junit/platform/junit-platform-commons/1.3.2/junit-platform-commons-1.3.2.jar (78 kB at 2.4 MB/s)
[d4a2ef0d-b19a-43d9-bb2c-8bc6f443b22a/Test JDK 11, ubuntu-latest]   | [INFO] Downloaded from central: https://repo.maven.apache.org/maven2/org/opentest4j/opentest4j/1.1.1/opentest4j-1.1.1.jar (7.1 kB at 246 kB/s)
[d4a2ef0d-b19a-43d9-bb2c-8bc6f443b22a/Test JDK 11, ubuntu-latest]   | [INFO] Downloading from central: https://repo.maven.apache.org/maven2/org/junit/platform/junit-platform-launcher/1.7.0/junit-platform-launcher-1.7.0.jar
[d4a2ef0d-b19a-43d9-bb2c-8bc6f443b22a/Test JDK 11, ubuntu-latest]   | [INFO] Downloaded from central: https://repo.maven.apache.org/maven2/org/junit/platform/junit-platform-launcher/1.7.0/junit-platform-launcher-1.7.0.jar (137 kB at 1.6 MB/s)
[d4a2ef0d-b19a-43d9-bb2c-8bc6f443b22a/Test JDK 11, ubuntu-latest]   | [INFO] Downloading from central: https://repo.maven.apache.org/maven2/org/junit/platform/junit-platform-launcher/1.7.0/junit-platform-launcher-1.7.0.pom
[d4a2ef0d-b19a-43d9-bb2c-8bc6f443b22a/Test JDK 11, ubuntu-latest]   | [INFO] Downloaded from central: https://repo.maven.apache.org/maven2/org/junit/platform/junit-platform-launcher/1.7.0/junit-platform-launcher-1.7.0.pom (3.0 kB at 132 kB/s)
[d4a2ef0d-b19a-43d9-bb2c-8bc6f443b22a/Test JDK 11, ubuntu-latest]   | [INFO] Downloading from central: https://repo.maven.apache.org/maven2/org/junit/platform/junit-platform-engine/1.7.0/junit-platform-engine-1.7.0.pom
[d4a2ef0d-b19a-43d9-bb2c-8bc6f443b22a/Test JDK 11, ubuntu-latest]   | [INFO] Downloaded from central: https://repo.maven.apache.org/maven2/org/junit/platform/junit-platform-engine/1.7.0/junit-platform-engine-1.7.0.pom (3.2 kB at 128 kB/s)
[d4a2ef0d-b19a-43d9-bb2c-8bc6f443b22a/Test JDK 11, ubuntu-latest]   | [INFO] Downloading from central: https://repo.maven.apache.org/maven2/org/junit/platform/junit-platform-engine/1.7.0/junit-platform-engine-1.7.0.jar
[d4a2ef0d-b19a-43d9-bb2c-8bc6f443b22a/Test JDK 11, ubuntu-latest]   | [INFO] Downloaded from central: https://repo.maven.apache.org/maven2/org/junit/platform/junit-platform-engine/1.7.0/junit-platform-engine-1.7.0.jar (181 kB at 4.5 MB/s)
[d4a2ef0d-b19a-43d9-bb2c-8bc6f443b22a/Test JDK 11, ubuntu-latest]   | [INFO] 
[d4a2ef0d-b19a-43d9-bb2c-8bc6f443b22a/Test JDK 11, ubuntu-latest]   | [INFO] -------------------------------------------------------
[d4a2ef0d-b19a-43d9-bb2c-8bc6f443b22a/Test JDK 11, ubuntu-latest]   | [INFO]  T E S T S
[d4a2ef0d-b19a-43d9-bb2c-8bc6f443b22a/Test JDK 11, ubuntu-latest]   | [INFO] -------------------------------------------------------
[d4a2ef0d-b19a-43d9-bb2c-8bc6f443b22a/Test JDK 11, ubuntu-latest]   | [INFO] Running org.jfree.svg.TestDoubleConversion
[d4a2ef0d-b19a-43d9-bb2c-8bc6f443b22a/Test JDK 11, ubuntu-latest]   | [INFO] Tests run: 9, Failures: 0, Errors: 0, Skipped: 0, Time elapsed: 0.139 s - in org.jfree.svg.TestDoubleConversion
[d4a2ef0d-b19a-43d9-bb2c-8bc6f443b22a/Test JDK 11, ubuntu-latest]   | [INFO] Running org.jfree.svg.TestSVGGraphics2D
[d4a2ef0d-b19a-43d9-bb2c-8bc6f443b22a/Test JDK 11, ubuntu-latest]   | [INFO] Tests run: 60, Failures: 0, Errors: 0, Skipped: 0, Time elapsed: 0.478 s - in org.jfree.svg.TestSVGGraphics2D
[d4a2ef0d-b19a-43d9-bb2c-8bc6f443b22a/Test JDK 11, ubuntu-latest]   | [INFO] Running org.jfree.svg.TestGeneral
[d4a2ef0d-b19a-43d9-bb2c-8bc6f443b22a/Test JDK 11, ubuntu-latest]   | [INFO] Tests run: 8, Failures: 0, Errors: 0, Skipped: 0, Time elapsed: 0.012 s - in org.jfree.svg.TestGeneral
[d4a2ef0d-b19a-43d9-bb2c-8bc6f443b22a/Test JDK 11, ubuntu-latest]   | [INFO] Running org.jfree.svg.util.ArgsTest
[d4a2ef0d-b19a-43d9-bb2c-8bc6f443b22a/Test JDK 11, ubuntu-latest]   | [INFO] Tests run: 1, Failures: 0, Errors: 0, Skipped: 0, Time elapsed: 0.006 s - in org.jfree.svg.util.ArgsTest
[d4a2ef0d-b19a-43d9-bb2c-8bc6f443b22a/Test JDK 11, ubuntu-latest]   | [INFO] 
[d4a2ef0d-b19a-43d9-bb2c-8bc6f443b22a/Test JDK 11, ubuntu-latest]   | [INFO] Results:
[d4a2ef0d-b19a-43d9-bb2c-8bc6f443b22a/Test JDK 11, ubuntu-latest]   | [INFO] 
[d4a2ef0d-b19a-43d9-bb2c-8bc6f443b22a/Test JDK 11, ubuntu-latest]   | [INFO] Tests run: 78, Failures: 0, Errors: 0, Skipped: 0
[d4a2ef0d-b19a-43d9-bb2c-8bc6f443b22a/Test JDK 11, ubuntu-latest]   | [INFO] 
[d4a2ef0d-b19a-43d9-bb2c-8bc6f443b22a/Test JDK 11, ubuntu-latest]   | [INFO] ------------------------------------------------------------------------
[d4a2ef0d-b19a-43d9-bb2c-8bc6f443b22a/Test JDK 11, ubuntu-latest]   | [INFO] BUILD SUCCESS
[d4a2ef0d-b19a-43d9-bb2c-8bc6f443b22a/Test JDK 11, ubuntu-latest]   | [INFO] ------------------------------------------------------------------------
[d4a2ef0d-b19a-43d9-bb2c-8bc6f443b22a/Test JDK 11, ubuntu-latest]   | [INFO] Total time:  14.511 s
[d4a2ef0d-b19a-43d9-bb2c-8bc6f443b22a/Test JDK 11, ubuntu-latest]   | [INFO] Finished at: 2023-07-12T05:39:54Z
[d4a2ef0d-b19a-43d9-bb2c-8bc6f443b22a/Test JDK 11, ubuntu-latest]   | [INFO] ------------------------------------------------------------------------
[d4a2ef0d-b19a-43d9-bb2c-8bc6f443b22a/Test JDK 11, ubuntu-latest]   ‚úÖ  Success - Main Test with Maven
[d4a2ef0d-b19a-43d9-bb2c-8bc6f443b22a/Test JDK 11, ubuntu-latest] unable to get git ref: failed to identify reference (tag/branch) for the checked-out revision '26d1ddbc102587c5c367284ae8b6b8178acde126'
[d4a2ef0d-b19a-43d9-bb2c-8bc6f443b22a/Test JDK 11, ubuntu-latest] unable to get git ref: failed to identify reference (tag/branch) for the checked-out revision '26d1ddbc102587c5c367284ae8b6b8178acde126'
[d4a2ef0d-b19a-43d9-bb2c-8bc6f443b22a/Test JDK 11, ubuntu-latest] unable to get git ref: failed to identify reference (tag/branch) for the checked-out revision '26d1ddbc102587c5c367284ae8b6b8178acde126'
[d4a2ef0d-b19a-43d9-bb2c-8bc6f443b22a/Test JDK 11, ubuntu-latest] unable to get git ref: failed to identify reference (tag/branch) for the checked-out revision '26d1ddbc102587c5c367284ae8b6b8178acde126'
[d4a2ef0d-b19a-43d9-bb2c-8bc6f443b22a/Test JDK 11, ubuntu-latest] unable to get git ref: failed to identify reference (tag/branch) for the checked-out revision '26d1ddbc102587c5c367284ae8b6b8178acde126'
[d4a2ef0d-b19a-43d9-bb2c-8bc6f443b22a/Test JDK 11, ubuntu-latest] ‚≠ê Run Post Set up JDK
[d4a2ef0d-b19a-43d9-bb2c-8bc6f443b22a/Test JDK 11, ubuntu-latest]   üê≥  docker exec cmd=[node /var/run/act/actions/actions-setup-java@v1/dist/cleanup/index.js] user= workdir=
[d4a2ef0d-b19a-43d9-bb2c-8bc6f443b22a/Test JDK 11, ubuntu-latest]   ‚úÖ  Success - Post Set up JDK
[d4a2ef0d-b19a-43d9-bb2c-8bc6f443b22a/Test JDK 11, ubuntu-latest] üèÅ  Job succeeded
[d4a2ef0d-b19a-43d9-bb2c-8bc6f443b22a/Test JDK 11, ubuntu-latest] unable to get git ref: failed to identify reference (tag/branch) for the checked-out revision '26d1ddbc102587c5c367284ae8b6b8178acde126'
