[511d775a-6c88-4127-948c-ce9142478d81/build] üöÄ  Start image=crawlergpt:latest
[511d775a-6c88-4127-948c-ce9142478d81/build]   üê≥  docker pull image=crawlergpt:latest platform= username= forcePull=false
[511d775a-6c88-4127-948c-ce9142478d81/build]   üê≥  docker create image=crawlergpt:latest platform= entrypoint=["tail" "-f" "/dev/null"] cmd=[]
[511d775a-6c88-4127-948c-ce9142478d81/build]   üê≥  docker run image=crawlergpt:latest platform= entrypoint=["tail" "-f" "/dev/null"] cmd=[]
[511d775a-6c88-4127-948c-ce9142478d81/build]   üê≥  docker exec cmd=[chown -R 1012:1013 /tmp/f7baf3ce-9adb-4632-aeb3-b775f6ef6c39] user=0 workdir=
[511d775a-6c88-4127-948c-ce9142478d81/build] unable to get git ref: failed to identify reference (tag/branch) for the checked-out revision '84d7828573660d7c48aa041755ec203e09ed0d8f'
[511d775a-6c88-4127-948c-ce9142478d81/build] unable to get git ref: failed to identify reference (tag/branch) for the checked-out revision '84d7828573660d7c48aa041755ec203e09ed0d8f'
[511d775a-6c88-4127-948c-ce9142478d81/build] unable to get git ref: failed to identify reference (tag/branch) for the checked-out revision '84d7828573660d7c48aa041755ec203e09ed0d8f'
[511d775a-6c88-4127-948c-ce9142478d81/build] unable to get git ref: failed to identify reference (tag/branch) for the checked-out revision '84d7828573660d7c48aa041755ec203e09ed0d8f'
[511d775a-6c88-4127-948c-ce9142478d81/build] unable to get git ref: failed to identify reference (tag/branch) for the checked-out revision '84d7828573660d7c48aa041755ec203e09ed0d8f'
[511d775a-6c88-4127-948c-ce9142478d81/build] unable to get git ref: failed to identify reference (tag/branch) for the checked-out revision '84d7828573660d7c48aa041755ec203e09ed0d8f'
[511d775a-6c88-4127-948c-ce9142478d81/build] unable to get git ref: failed to identify reference (tag/branch) for the checked-out revision '84d7828573660d7c48aa041755ec203e09ed0d8f'
[511d775a-6c88-4127-948c-ce9142478d81/build] unable to get git ref: failed to identify reference (tag/branch) for the checked-out revision '84d7828573660d7c48aa041755ec203e09ed0d8f'
[511d775a-6c88-4127-948c-ce9142478d81/build] unable to get git ref: failed to identify reference (tag/branch) for the checked-out revision '84d7828573660d7c48aa041755ec203e09ed0d8f'
[511d775a-6c88-4127-948c-ce9142478d81/build] ‚≠ê Run Main actions/checkout@v2
[511d775a-6c88-4127-948c-ce9142478d81/build] unable to get git ref: failed to identify reference (tag/branch) for the checked-out revision '84d7828573660d7c48aa041755ec203e09ed0d8f'
[511d775a-6c88-4127-948c-ce9142478d81/build]   ‚úÖ  Success - Main actions/checkout@v2
[511d775a-6c88-4127-948c-ce9142478d81/build] unable to get git ref: failed to identify reference (tag/branch) for the checked-out revision '84d7828573660d7c48aa041755ec203e09ed0d8f'
[511d775a-6c88-4127-948c-ce9142478d81/build] unable to get git ref: failed to identify reference (tag/branch) for the checked-out revision '84d7828573660d7c48aa041755ec203e09ed0d8f'
[511d775a-6c88-4127-948c-ce9142478d81/build] unable to get git ref: failed to identify reference (tag/branch) for the checked-out revision '84d7828573660d7c48aa041755ec203e09ed0d8f'
[511d775a-6c88-4127-948c-ce9142478d81/build] unable to get git ref: failed to identify reference (tag/branch) for the checked-out revision '84d7828573660d7c48aa041755ec203e09ed0d8f'
[511d775a-6c88-4127-948c-ce9142478d81/build] unable to get git ref: failed to identify reference (tag/branch) for the checked-out revision '84d7828573660d7c48aa041755ec203e09ed0d8f'
[511d775a-6c88-4127-948c-ce9142478d81/build] ‚≠ê Run Main Set up JDK 1.8
[511d775a-6c88-4127-948c-ce9142478d81/build] unable to get git ref: failed to identify reference (tag/branch) for the checked-out revision '84d7828573660d7c48aa041755ec203e09ed0d8f'
[511d775a-6c88-4127-948c-ce9142478d81/build] unable to get git ref: failed to identify reference (tag/branch) for the checked-out revision '84d7828573660d7c48aa041755ec203e09ed0d8f'
[511d775a-6c88-4127-948c-ce9142478d81/build] unable to get git ref: failed to identify reference (tag/branch) for the checked-out revision '84d7828573660d7c48aa041755ec203e09ed0d8f'
[511d775a-6c88-4127-948c-ce9142478d81/build]   üê≥  docker cp src=/tmp/act-cache/ac2b90e7-1fd9-4808-8a76-f6cb0d4606b0/act/actions-setup-java@v1/ dst=/var/run/act/actions/actions-setup-java@v1/
[511d775a-6c88-4127-948c-ce9142478d81/build]   üê≥  docker exec cmd=[chown -R 1012:1013 /var/run/act/actions/actions-setup-java@v1/] user=0 workdir=
[511d775a-6c88-4127-948c-ce9142478d81/build]   üê≥  docker exec cmd=[node /var/run/act/actions/actions-setup-java@v1/dist/setup/index.js] user= workdir=
[511d775a-6c88-4127-948c-ce9142478d81/build]   üí¨  ::debug::isExplicit: 
[511d775a-6c88-4127-948c-ce9142478d81/build]   üí¨  ::debug::explicit? false
[511d775a-6c88-4127-948c-ce9142478d81/build]   üí¨  ::debug::evaluating 0 versions
[511d775a-6c88-4127-948c-ce9142478d81/build]   üí¨  ::debug::match not found
[511d775a-6c88-4127-948c-ce9142478d81/build]   üí¨  ::debug::Downloading JDK from Azul
[511d775a-6c88-4127-948c-ce9142478d81/build]   üí¨  ::debug::Searching for files with extension: -linux_x64.tar.gz
[511d775a-6c88-4127-948c-ce9142478d81/build]   üí¨  ::debug::Downloading https://static.azul.com/zulu/bin/zulu8.70.0.23-ca-jdk8.0.372-linux_x64.tar.gz
[511d775a-6c88-4127-948c-ce9142478d81/build]   üí¨  ::debug::Downloading /tmp/f36476f6-89c7-4bde-b263-65d8f953195a
[511d775a-6c88-4127-948c-ce9142478d81/build]   üí¨  ::debug::download complete
[511d775a-6c88-4127-948c-ce9142478d81/build]   | [command]/usr/bin/tar --version
[511d775a-6c88-4127-948c-ce9142478d81/build]   | tar (GNU tar) 1.30
[511d775a-6c88-4127-948c-ce9142478d81/build]   | Copyright (C) 2017 Free Software Foundation, Inc.
[511d775a-6c88-4127-948c-ce9142478d81/build]   | License GPLv3+: GNU GPL version 3 or later <https://gnu.org/licenses/gpl.html>.
[511d775a-6c88-4127-948c-ce9142478d81/build]   | This is free software: you are free to change and redistribute it.
[511d775a-6c88-4127-948c-ce9142478d81/build]   | There is NO WARRANTY, to the extent permitted by law.
[511d775a-6c88-4127-948c-ce9142478d81/build]   | 
[511d775a-6c88-4127-948c-ce9142478d81/build]   | Written by John Gilmore and Jay Fenlason.
[511d775a-6c88-4127-948c-ce9142478d81/build]   | [command]/usr/bin/tar xz --warning=no-unknown-keyword -C /tmp/temp_160759537 -f /tmp/f36476f6-89c7-4bde-b263-65d8f953195a
[511d775a-6c88-4127-948c-ce9142478d81/build]   üí¨  ::debug::jdk extracted to /tmp/temp_160759537/zulu8.70.0.23-ca-jdk8.0.372-linux_x64
[511d775a-6c88-4127-948c-ce9142478d81/build]   üí¨  ::debug::Caching tool jdk 8.0.372 x64
[511d775a-6c88-4127-948c-ce9142478d81/build]   üí¨  ::debug::source dir: /tmp/temp_160759537/zulu8.70.0.23-ca-jdk8.0.372-linux_x64
[511d775a-6c88-4127-948c-ce9142478d81/build]   üí¨  ::debug::destination /opt/hostedtoolcache/jdk/8.0.372/x64
[511d775a-6c88-4127-948c-ce9142478d81/build]   üí¨  ::debug::finished caching tool
[511d775a-6c88-4127-948c-ce9142478d81/build]   ‚ùì add-matcher /run/act/actions/actions-setup-java@v1/.github/java.json
[511d775a-6c88-4127-948c-ce9142478d81/build]   | creating settings.xml with server-id: github; environment variables: username=$GITHUB_ACTOR, password=$GITHUB_TOKEN, and gpg-passphrase=null
[511d775a-6c88-4127-948c-ce9142478d81/build]   üí¨  ::debug::created directory /home/runneradmin/.m2
[511d775a-6c88-4127-948c-ce9142478d81/build]   | writing /home/runneradmin/.m2/settings.xml
[511d775a-6c88-4127-948c-ce9142478d81/build]   ‚úÖ  Success - Main Set up JDK 1.8
[511d775a-6c88-4127-948c-ce9142478d81/build]   ‚öô  ::set-env:: JAVA_HOME_8_0_372_X64=/opt/hostedtoolcache/jdk/8.0.372/x64
[511d775a-6c88-4127-948c-ce9142478d81/build]   ‚öô  ::set-env:: JAVA_HOME_8.0.372_x64=/opt/hostedtoolcache/jdk/8.0.372/x64
[511d775a-6c88-4127-948c-ce9142478d81/build]   ‚öô  ::set-env:: JAVA_HOME=/opt/hostedtoolcache/jdk/8.0.372/x64
[511d775a-6c88-4127-948c-ce9142478d81/build]   ‚öô  ::set-output:: path=/opt/hostedtoolcache/jdk/8.0.372/x64
[511d775a-6c88-4127-948c-ce9142478d81/build]   ‚öô  ::set-output:: version=8.0.372
[511d775a-6c88-4127-948c-ce9142478d81/build]   ‚öô  ::add-path:: /opt/hostedtoolcache/jdk/8.0.372/x64/bin
[511d775a-6c88-4127-948c-ce9142478d81/build] unable to get git ref: failed to identify reference (tag/branch) for the checked-out revision '84d7828573660d7c48aa041755ec203e09ed0d8f'
[511d775a-6c88-4127-948c-ce9142478d81/build] unable to get git ref: failed to identify reference (tag/branch) for the checked-out revision '84d7828573660d7c48aa041755ec203e09ed0d8f'
[511d775a-6c88-4127-948c-ce9142478d81/build] unable to get git ref: failed to identify reference (tag/branch) for the checked-out revision '84d7828573660d7c48aa041755ec203e09ed0d8f'
[511d775a-6c88-4127-948c-ce9142478d81/build] unable to get git ref: failed to identify reference (tag/branch) for the checked-out revision '84d7828573660d7c48aa041755ec203e09ed0d8f'
[511d775a-6c88-4127-948c-ce9142478d81/build] unable to get git ref: failed to identify reference (tag/branch) for the checked-out revision '84d7828573660d7c48aa041755ec203e09ed0d8f'
[511d775a-6c88-4127-948c-ce9142478d81/build] ‚≠ê Run Main Build with Maven
[511d775a-6c88-4127-948c-ce9142478d81/build] unable to get git ref: failed to identify reference (tag/branch) for the checked-out revision '84d7828573660d7c48aa041755ec203e09ed0d8f'
[511d775a-6c88-4127-948c-ce9142478d81/build] unable to get git ref: failed to identify reference (tag/branch) for the checked-out revision '84d7828573660d7c48aa041755ec203e09ed0d8f'
[511d775a-6c88-4127-948c-ce9142478d81/build] unable to get git ref: failed to identify reference (tag/branch) for the checked-out revision '84d7828573660d7c48aa041755ec203e09ed0d8f'
[511d775a-6c88-4127-948c-ce9142478d81/build] unable to get git ref: failed to identify reference (tag/branch) for the checked-out revision '84d7828573660d7c48aa041755ec203e09ed0d8f'
[511d775a-6c88-4127-948c-ce9142478d81/build]   üê≥  docker exec cmd=[bash --noprofile --norc -e -o pipefail /var/run/act/workflow/2] user= workdir=
[511d775a-6c88-4127-948c-ce9142478d81/build]   | [INFO] Scanning for projects...
[511d775a-6c88-4127-948c-ce9142478d81/build]   | [INFO] Downloading from central: https://repo.maven.apache.org/maven2/com/walmartlabs/walmartlabs-pom/1/walmartlabs-pom-1.pom
[511d775a-6c88-4127-948c-ce9142478d81/build]   | [INFO] Downloaded from central: https://repo.maven.apache.org/maven2/com/walmartlabs/walmartlabs-pom/1/walmartlabs-pom-1.pom (2.6 kB at 2.1 kB/s)
[511d775a-6c88-4127-948c-ce9142478d81/build]   | [INFO] Downloading from central: https://repo.maven.apache.org/maven2/io/takari/takari/26/takari-26.pom
[511d775a-6c88-4127-948c-ce9142478d81/build]   | [INFO] Downloaded from central: https://repo.maven.apache.org/maven2/io/takari/takari/26/takari-26.pom (14 kB at 187 kB/s)
[511d775a-6c88-4127-948c-ce9142478d81/build]   | [INFO] Downloading from central: https://repo.maven.apache.org/maven2/io/takari/maven/plugins/takari-lifecycle-plugin/1.13.4/takari-lifecycle-plugin-1.13.4.pom
[511d775a-6c88-4127-948c-ce9142478d81/build]   | [INFO] Downloaded from central: https://repo.maven.apache.org/maven2/io/takari/maven/plugins/takari-lifecycle-plugin/1.13.4/takari-lifecycle-plugin-1.13.4.pom (11 kB at 345 kB/s)
[511d775a-6c88-4127-948c-ce9142478d81/build]   | [INFO] Downloading from central: https://repo.maven.apache.org/maven2/io/takari/maven/plugins/takari-lifecycle/1.13.4/takari-lifecycle-1.13.4.pom
[511d775a-6c88-4127-948c-ce9142478d81/build]   | [INFO] Downloaded from central: https://repo.maven.apache.org/maven2/io/takari/maven/plugins/takari-lifecycle/1.13.4/takari-lifecycle-1.13.4.pom (4.0 kB at 172 kB/s)
[511d775a-6c88-4127-948c-ce9142478d81/build]   | [INFO] Downloading from central: https://repo.maven.apache.org/maven2/io/takari/takari/25/takari-25.pom
[511d775a-6c88-4127-948c-ce9142478d81/build]   | [INFO] Downloaded from central: https://repo.maven.apache.org/maven2/io/takari/takari/25/takari-25.pom (14 kB at 490 kB/s)
[511d775a-6c88-4127-948c-ce9142478d81/build]   | [INFO] Downloading from central: https://repo.maven.apache.org/maven2/org/codehaus/plexus/plexus-utils/3.0.20/plexus-utils-3.0.20.pom
[511d775a-6c88-4127-948c-ce9142478d81/build]   | [INFO] Downloaded from central: https://repo.maven.apache.org/maven2/org/codehaus/plexus/plexus-utils/3.0.20/plexus-utils-3.0.20.pom (3.8 kB at 115 kB/s)
[511d775a-6c88-4127-948c-ce9142478d81/build]   | [INFO] Downloading from central: https://repo.maven.apache.org/maven2/org/codehaus/plexus/plexus/3.3.1/plexus-3.3.1.pom
[511d775a-6c88-4127-948c-ce9142478d81/build]   | [INFO] Downloaded from central: https://repo.maven.apache.org/maven2/org/codehaus/plexus/plexus/3.3.1/plexus-3.3.1.pom (20 kB at 386 kB/s)
[511d775a-6c88-4127-948c-ce9142478d81/build]   | [INFO] Downloading from central: https://repo.maven.apache.org/maven2/org/sonatype/spice/spice-parent/17/spice-parent-17.pom
[511d775a-6c88-4127-948c-ce9142478d81/build]   | [INFO] Downloaded from central: https://repo.maven.apache.org/maven2/org/sonatype/spice/spice-parent/17/spice-parent-17.pom (6.8 kB at 322 kB/s)
[511d775a-6c88-4127-948c-ce9142478d81/build]   | [INFO] Downloading from central: https://repo.maven.apache.org/maven2/org/sonatype/forge/forge-parent/10/forge-parent-10.pom
[511d775a-6c88-4127-948c-ce9142478d81/build]   | [INFO] Downloaded from central: https://repo.maven.apache.org/maven2/org/sonatype/forge/forge-parent/10/forge-parent-10.pom (14 kB at 714 kB/s)
[511d775a-6c88-4127-948c-ce9142478d81/build]   | [INFO] Downloading from central: https://repo.maven.apache.org/maven2/org/apache/maven/plugin-tools/maven-plugin-annotations/3.3/maven-plugin-annotations-3.3.pom
[511d775a-6c88-4127-948c-ce9142478d81/build]   | [INFO] Downloaded from central: https://repo.maven.apache.org/maven2/org/apache/maven/plugin-tools/maven-plugin-annotations/3.3/maven-plugin-annotations-3.3.pom (1.6 kB at 44 kB/s)
[511d775a-6c88-4127-948c-ce9142478d81/build]   | [INFO] Downloading from central: https://repo.maven.apache.org/maven2/org/apache/maven/plugin-tools/maven-plugin-tools/3.3/maven-plugin-tools-3.3.pom
[511d775a-6c88-4127-948c-ce9142478d81/build]   | [INFO] Downloaded from central: https://repo.maven.apache.org/maven2/org/apache/maven/plugin-tools/maven-plugin-tools/3.3/maven-plugin-tools-3.3.pom (13 kB at 1.1 MB/s)
[511d775a-6c88-4127-948c-ce9142478d81/build]   | [INFO] Downloading from central: https://repo.maven.apache.org/maven2/org/apache/maven/maven-parent/24/maven-parent-24.pom
[511d775a-6c88-4127-948c-ce9142478d81/build]   | [INFO] Downloaded from central: https://repo.maven.apache.org/maven2/org/apache/maven/maven-parent/24/maven-parent-24.pom (37 kB at 1.2 MB/s)
[511d775a-6c88-4127-948c-ce9142478d81/build]   | [INFO] Downloading from central: https://repo.maven.apache.org/maven2/org/apache/apache/14/apache-14.pom
[511d775a-6c88-4127-948c-ce9142478d81/build]   | [INFO] Downloaded from central: https://repo.maven.apache.org/maven2/org/apache/apache/14/apache-14.pom (15 kB at 565 kB/s)
[511d775a-6c88-4127-948c-ce9142478d81/build]   | [INFO] Downloading from central: https://repo.maven.apache.org/maven2/org/apache/maven/maven-artifact/3.0/maven-artifact-3.0.pom
[511d775a-6c88-4127-948c-ce9142478d81/build]   | [INFO] Downloaded from central: https://repo.maven.apache.org/maven2/org/apache/maven/maven-artifact/3.0/maven-artifact-3.0.pom (1.9 kB at 66 kB/s)
[511d775a-6c88-4127-948c-ce9142478d81/build]   | [INFO] Downloading from central: https://repo.maven.apache.org/maven2/org/apache/maven/maven/3.0/maven-3.0.pom
[511d775a-6c88-4127-948c-ce9142478d81/build]   | [INFO] Downloaded from central: https://repo.maven.apache.org/maven2/org/apache/maven/maven/3.0/maven-3.0.pom (22 kB at 875 kB/s)
[511d775a-6c88-4127-948c-ce9142478d81/build]   | [INFO] Downloading from central: https://repo.maven.apache.org/maven2/org/apache/maven/maven-parent/15/maven-parent-15.pom
[511d775a-6c88-4127-948c-ce9142478d81/build]   | [INFO] Downloaded from central: https://repo.maven.apache.org/maven2/org/apache/maven/maven-parent/15/maven-parent-15.pom (24 kB at 857 kB/s)
[511d775a-6c88-4127-948c-ce9142478d81/build]   | [INFO] Downloading from central: https://repo.maven.apache.org/maven2/org/apache/apache/6/apache-6.pom
[511d775a-6c88-4127-948c-ce9142478d81/build]   | [INFO] Downloaded from central: https://repo.maven.apache.org/maven2/org/apache/apache/6/apache-6.pom (13 kB at 512 kB/s)
[511d775a-6c88-4127-948c-ce9142478d81/build]   | [INFO] Downloading from central: https://repo.maven.apache.org/maven2/org/codehaus/plexus/plexus-utils/2.0.4/plexus-utils-2.0.4.pom
[511d775a-6c88-4127-948c-ce9142478d81/build]   | [INFO] Downloaded from central: https://repo.maven.apache.org/maven2/org/codehaus/plexus/plexus-utils/2.0.4/plexus-utils-2.0.4.pom (3.3 kB at 128 kB/s)
[511d775a-6c88-4127-948c-ce9142478d81/build]   | [INFO] Downloading from central: https://repo.maven.apache.org/maven2/org/codehaus/plexus/plexus/2.0.6/plexus-2.0.6.pom
[511d775a-6c88-4127-948c-ce9142478d81/build]   | [INFO] Downloaded from central: https://repo.maven.apache.org/maven2/org/codehaus/plexus/plexus/2.0.6/plexus-2.0.6.pom (17 kB at 559 kB/s)
[511d775a-6c88-4127-948c-ce9142478d81/build]   | [INFO] Downloading from central: https://repo.maven.apache.org/maven2/org/eclipse/aether/aether-api/1.0.2.v20150114/aether-api-1.0.2.v20150114.pom
[511d775a-6c88-4127-948c-ce9142478d81/build]   | [INFO] Downloaded from central: https://repo.maven.apache.org/maven2/org/eclipse/aether/aether-api/1.0.2.v20150114/aether-api-1.0.2.v20150114.pom (1.8 kB at 183 kB/s)
[511d775a-6c88-4127-948c-ce9142478d81/build]   | [INFO] Downloading from central: https://repo.maven.apache.org/maven2/org/eclipse/aether/aether/1.0.2.v20150114/aether-1.0.2.v20150114.pom
[511d775a-6c88-4127-948c-ce9142478d81/build]   | [INFO] Downloaded from central: https://repo.maven.apache.org/maven2/org/eclipse/aether/aether/1.0.2.v20150114/aether-1.0.2.v20150114.pom (29 kB at 734 kB/s)
[511d775a-6c88-4127-948c-ce9142478d81/build]   | [INFO] Downloading from central: https://repo.maven.apache.org/maven2/org/eclipse/aether/aether-util/1.0.2.v20150114/aether-util-1.0.2.v20150114.pom
[511d775a-6c88-4127-948c-ce9142478d81/build]   | [INFO] Downloaded from central: https://repo.maven.apache.org/maven2/org/eclipse/aether/aether-util/1.0.2.v20150114/aether-util-1.0.2.v20150114.pom (2.1 kB at 118 kB/s)
[511d775a-6c88-4127-948c-ce9142478d81/build]   | [INFO] Downloading from central: https://repo.maven.apache.org/maven2/io/takari/incrementalbuild/0.20.6/incrementalbuild-0.20.6.pom
[511d775a-6c88-4127-948c-ce9142478d81/build]   | [INFO] Downloaded from central: https://repo.maven.apache.org/maven2/io/takari/incrementalbuild/0.20.6/incrementalbuild-0.20.6.pom (3.6 kB at 165 kB/s)
[511d775a-6c88-4127-948c-ce9142478d81/build]   | [INFO] Downloading from central: https://repo.maven.apache.org/maven2/io/takari/io.takari.incrementalbuild/0.20.6/io.takari.incrementalbuild-0.20.6.pom
[511d775a-6c88-4127-948c-ce9142478d81/build]   | [INFO] Downloaded from central: https://repo.maven.apache.org/maven2/io/takari/io.takari.incrementalbuild/0.20.6/io.takari.incrementalbuild-0.20.6.pom (11 kB at 1.0 MB/s)
[511d775a-6c88-4127-948c-ce9142478d81/build]   | [INFO] Downloading from central: https://repo.maven.apache.org/maven2/io/takari/takari/24/takari-24.pom
[511d775a-6c88-4127-948c-ce9142478d81/build]   | [INFO] Downloaded from central: https://repo.maven.apache.org/maven2/io/takari/takari/24/takari-24.pom (14 kB at 1.1 MB/s)
[511d775a-6c88-4127-948c-ce9142478d81/build]   | [INFO] Downloading from central: https://repo.maven.apache.org/maven2/io/takari/incrementalbuild-workspace/0.20.5/incrementalbuild-workspace-0.20.5.pom
[511d775a-6c88-4127-948c-ce9142478d81/build]   | [INFO] Downloaded from central: https://repo.maven.apache.org/maven2/io/takari/incrementalbuild-workspace/0.20.5/incrementalbuild-workspace-0.20.5.pom (3.9 kB at 302 kB/s)
[511d775a-6c88-4127-948c-ce9142478d81/build]   | [INFO] Downloading from central: https://repo.maven.apache.org/maven2/io/takari/io.takari.incrementalbuild/0.20.5/io.takari.incrementalbuild-0.20.5.pom
[511d775a-6c88-4127-948c-ce9142478d81/build]   | [INFO] Downloaded from central: https://repo.maven.apache.org/maven2/io/takari/io.takari.incrementalbuild/0.20.5/io.takari.incrementalbuild-0.20.5.pom (11 kB at 259 kB/s)
[511d775a-6c88-4127-948c-ce9142478d81/build]   | [INFO] Downloading from central: https://repo.maven.apache.org/maven2/io/takari/builder/takari-builder-common/0.20.6/takari-builder-common-0.20.6.pom
[511d775a-6c88-4127-948c-ce9142478d81/build]   | [INFO] Downloaded from central: https://repo.maven.apache.org/maven2/io/takari/builder/takari-builder-common/0.20.6/takari-builder-common-0.20.6.pom (1.3 kB at 85 kB/s)
[511d775a-6c88-4127-948c-ce9142478d81/build]   | [INFO] Downloading from central: https://repo.maven.apache.org/maven2/javax/inject/javax.inject/1/javax.inject-1.pom
[511d775a-6c88-4127-948c-ce9142478d81/build]   | [INFO] Downloaded from central: https://repo.maven.apache.org/maven2/javax/inject/javax.inject/1/javax.inject-1.pom (612 B at 68 kB/s)
[511d775a-6c88-4127-948c-ce9142478d81/build]   | [INFO] Downloading from central: https://repo.maven.apache.org/maven2/org/slf4j/slf4j-api/1.7.5/slf4j-api-1.7.5.pom
[511d775a-6c88-4127-948c-ce9142478d81/build]   | [INFO] Downloaded from central: https://repo.maven.apache.org/maven2/org/slf4j/slf4j-api/1.7.5/slf4j-api-1.7.5.pom (2.7 kB at 207 kB/s)
[511d775a-6c88-4127-948c-ce9142478d81/build]   | [INFO] Downloading from central: https://repo.maven.apache.org/maven2/org/slf4j/slf4j-parent/1.7.5/slf4j-parent-1.7.5.pom
[511d775a-6c88-4127-948c-ce9142478d81/build]   | [INFO] Downloaded from central: https://repo.maven.apache.org/maven2/org/slf4j/slf4j-parent/1.7.5/slf4j-parent-1.7.5.pom (12 kB at 621 kB/s)
[511d775a-6c88-4127-948c-ce9142478d81/build]   | [INFO] Downloading from central: https://repo.maven.apache.org/maven2/org/eclipse/tycho/org.eclipse.jdt.core/3.14.0.v20171206-0802/org.eclipse.jdt.core-3.14.0.v20171206-0802.pom
[511d775a-6c88-4127-948c-ce9142478d81/build]   | [INFO] Downloaded from central: https://repo.maven.apache.org/maven2/org/eclipse/tycho/org.eclipse.jdt.core/3.14.0.v20171206-0802/org.eclipse.jdt.core-3.14.0.v20171206-0802.pom (1.0 kB at 34 kB/s)
[511d775a-6c88-4127-948c-ce9142478d81/build]   | [INFO] Downloading from central: https://repo.maven.apache.org/maven2/org/eclipse/tycho/org.eclipse.jdt.compiler.apt/1.3.100.v20171130-1050/org.eclipse.jdt.compiler.apt-1.3.100.v20171130-1050.pom
[511d775a-6c88-4127-948c-ce9142478d81/build]   | [INFO] Downloaded from central: https://repo.maven.apache.org/maven2/org/eclipse/tycho/org.eclipse.jdt.compiler.apt/1.3.100.v20171130-1050/org.eclipse.jdt.compiler.apt-1.3.100.v20171130-1050.pom (1.1 kB at 50 kB/s)
[511d775a-6c88-4127-948c-ce9142478d81/build]   | [INFO] Downloading from central: https://repo.maven.apache.org/maven2/org/eclipse/tycho/org.eclipse.osgi/3.13.0.v20171204-1916/org.eclipse.osgi-3.13.0.v20171204-1916.pom
[511d775a-6c88-4127-948c-ce9142478d81/build]   | [INFO] Downloaded from central: https://repo.maven.apache.org/maven2/org/eclipse/tycho/org.eclipse.osgi/3.13.0.v20171204-1916/org.eclipse.osgi-3.13.0.v20171204-1916.pom (1.0 kB at 41 kB/s)
[511d775a-6c88-4127-948c-ce9142478d81/build]   | [INFO] Downloading from central: https://repo.maven.apache.org/maven2/com/github/spullara/mustache/java/compiler/0.8.17/compiler-0.8.17.pom
[511d775a-6c88-4127-948c-ce9142478d81/build]   | [INFO] Downloaded from central: https://repo.maven.apache.org/maven2/com/github/spullara/mustache/java/compiler/0.8.17/compiler-0.8.17.pom (4.2 kB at 232 kB/s)
[511d775a-6c88-4127-948c-ce9142478d81/build]   | [INFO] Downloading from central: https://repo.maven.apache.org/maven2/com/github/spullara/mustache/java/mustache.java/0.8.17/mustache.java-0.8.17.pom
[511d775a-6c88-4127-948c-ce9142478d81/build]   | [INFO] Downloaded from central: https://repo.maven.apache.org/maven2/com/github/spullara/mustache/java/mustache.java/0.8.17/mustache.java-0.8.17.pom (3.7 kB at 136 kB/s)
[511d775a-6c88-4127-948c-ce9142478d81/build]   | [INFO] Downloading from central: https://repo.maven.apache.org/maven2/com/google/guava/guava/16.0.1/guava-16.0.1.pom
[511d775a-6c88-4127-948c-ce9142478d81/build]   | [INFO] Downloaded from central: https://repo.maven.apache.org/maven2/com/google/guava/guava/16.0.1/guava-16.0.1.pom (6.1 kB at 305 kB/s)
[511d775a-6c88-4127-948c-ce9142478d81/build]   | [INFO] Downloading from central: https://repo.maven.apache.org/maven2/com/google/guava/guava-parent/16.0.1/guava-parent-16.0.1.pom
[511d775a-6c88-4127-948c-ce9142478d81/build]   | [INFO] Downloaded from central: https://repo.maven.apache.org/maven2/com/google/guava/guava-parent/16.0.1/guava-parent-16.0.1.pom (7.3 kB at 319 kB/s)
[511d775a-6c88-4127-948c-ce9142478d81/build]   | [INFO] Downloading from central: https://repo.maven.apache.org/maven2/org/sonatype/oss/oss-parent/7/oss-parent-7.pom
[511d775a-6c88-4127-948c-ce9142478d81/build]   | [INFO] Downloaded from central: https://repo.maven.apache.org/maven2/org/sonatype/oss/oss-parent/7/oss-parent-7.pom (4.8 kB at 172 kB/s)
[511d775a-6c88-4127-948c-ce9142478d81/build]   | [INFO] Downloading from central: https://repo.maven.apache.org/maven2/com/google/guava/guava/18.0/guava-18.0.pom
[511d775a-6c88-4127-948c-ce9142478d81/build]   | [INFO] Downloaded from central: https://repo.maven.apache.org/maven2/com/google/guava/guava/18.0/guava-18.0.pom (5.7 kB at 210 kB/s)
[511d775a-6c88-4127-948c-ce9142478d81/build]   | [INFO] Downloading from central: https://repo.maven.apache.org/maven2/com/google/guava/guava-parent/18.0/guava-parent-18.0.pom
[511d775a-6c88-4127-948c-ce9142478d81/build]   | [INFO] Downloaded from central: https://repo.maven.apache.org/maven2/com/google/guava/guava-parent/18.0/guava-parent-18.0.pom (7.7 kB at 427 kB/s)
[511d775a-6c88-4127-948c-ce9142478d81/build]   | [INFO] Downloading from central: https://repo.maven.apache.org/maven2/io/takari/takari-archiver/0.1.11/takari-archiver-0.1.11.pom
[511d775a-6c88-4127-948c-ce9142478d81/build]   | [INFO] Downloaded from central: https://repo.maven.apache.org/maven2/io/takari/takari-archiver/0.1.11/takari-archiver-0.1.11.pom (1.8 kB at 41 kB/s)
[511d775a-6c88-4127-948c-ce9142478d81/build]   | [INFO] Downloading from central: https://repo.maven.apache.org/maven2/io/takari/takari/17/takari-17.pom
[511d775a-6c88-4127-948c-ce9142478d81/build]   | [INFO] Downloaded from central: https://repo.maven.apache.org/maven2/io/takari/takari/17/takari-17.pom (14 kB at 834 kB/s)
[511d775a-6c88-4127-948c-ce9142478d81/build]   | [INFO] Downloading from central: https://repo.maven.apache.org/maven2/com/google/guava/guava/14.0.1/guava-14.0.1.pom
[511d775a-6c88-4127-948c-ce9142478d81/build]   | [INFO] Downloaded from central: https://repo.maven.apache.org/maven2/com/google/guava/guava/14.0.1/guava-14.0.1.pom (5.4 kB at 199 kB/s)
[511d775a-6c88-4127-948c-ce9142478d81/build]   | [INFO] Downloading from central: https://repo.maven.apache.org/maven2/com/google/guava/guava-parent/14.0.1/guava-parent-14.0.1.pom
[511d775a-6c88-4127-948c-ce9142478d81/build]   | [INFO] Downloaded from central: https://repo.maven.apache.org/maven2/com/google/guava/guava-parent/14.0.1/guava-parent-14.0.1.pom (2.6 kB at 128 kB/s)
[511d775a-6c88-4127-948c-ce9142478d81/build]   | [INFO] Downloading from central: https://repo.maven.apache.org/maven2/org/apache/commons/commons-compress/1.8.1/commons-compress-1.8.1.pom
[511d775a-6c88-4127-948c-ce9142478d81/build]   | [INFO] Downloaded from central: https://repo.maven.apache.org/maven2/org/apache/commons/commons-compress/1.8.1/commons-compress-1.8.1.pom (11 kB at 293 kB/s)
[511d775a-6c88-4127-948c-ce9142478d81/build]   | [INFO] Downloading from central: https://repo.maven.apache.org/maven2/org/apache/commons/commons-parent/33/commons-parent-33.pom
[511d775a-6c88-4127-948c-ce9142478d81/build]   | [INFO] Downloaded from central: https://repo.maven.apache.org/maven2/org/apache/commons/commons-parent/33/commons-parent-33.pom (53 kB at 4.4 MB/s)
[511d775a-6c88-4127-948c-ce9142478d81/build]   | [INFO] Downloading from central: https://repo.maven.apache.org/maven2/org/apache/apache/13/apache-13.pom
[511d775a-6c88-4127-948c-ce9142478d81/build]   | [INFO] Downloaded from central: https://repo.maven.apache.org/maven2/org/apache/apache/13/apache-13.pom (14 kB at 518 kB/s)
[511d775a-6c88-4127-948c-ce9142478d81/build]   | [INFO] Downloading from central: https://repo.maven.apache.org/maven2/org/codehaus/plexus/plexus-utils/3.0.15/plexus-utils-3.0.15.pom
[511d775a-6c88-4127-948c-ce9142478d81/build]   | [INFO] Downloaded from central: https://repo.maven.apache.org/maven2/org/codehaus/plexus/plexus-utils/3.0.15/plexus-utils-3.0.15.pom (3.1 kB at 87 kB/s)
[511d775a-6c88-4127-948c-ce9142478d81/build]   | [INFO] Downloading from central: https://repo.maven.apache.org/maven2/com/google/code/gson/gson/2.2.4/gson-2.2.4.pom
[511d775a-6c88-4127-948c-ce9142478d81/build]   | [INFO] Downloaded from central: https://repo.maven.apache.org/maven2/com/google/code/gson/gson/2.2.4/gson-2.2.4.pom (8.0 kB at 298 kB/s)
[511d775a-6c88-4127-948c-ce9142478d81/build]   | [INFO] Downloading from central: https://repo.maven.apache.org/maven2/org/slf4j/slf4j-api/1.7.4/slf4j-api-1.7.4.pom
[511d775a-6c88-4127-948c-ce9142478d81/build]   | [INFO] Downloaded from central: https://repo.maven.apache.org/maven2/org/slf4j/slf4j-api/1.7.4/slf4j-api-1.7.4.pom (2.7 kB at 73 kB/s)
[511d775a-6c88-4127-948c-ce9142478d81/build]   | [INFO] Downloading from central: https://repo.maven.apache.org/maven2/org/slf4j/slf4j-parent/1.7.4/slf4j-parent-1.7.4.pom
[511d775a-6c88-4127-948c-ce9142478d81/build]   | [INFO] Downloaded from central: https://repo.maven.apache.org/maven2/org/slf4j/slf4j-parent/1.7.4/slf4j-parent-1.7.4.pom (12 kB at 407 kB/s)
[511d775a-6c88-4127-948c-ce9142478d81/build]   | [INFO] Downloading from central: https://repo.maven.apache.org/maven2/org/apache/commons/commons-exec/1.2/commons-exec-1.2.pom
[511d775a-6c88-4127-948c-ce9142478d81/build]   | [INFO] Downloaded from central: https://repo.maven.apache.org/maven2/org/apache/commons/commons-exec/1.2/commons-exec-1.2.pom (11 kB at 780 kB/s)
[511d775a-6c88-4127-948c-ce9142478d81/build]   | [INFO] Downloading from central: https://repo.maven.apache.org/maven2/org/apache/commons/commons-parent/32/commons-parent-32.pom
[511d775a-6c88-4127-948c-ce9142478d81/build]   | [INFO] Downloaded from central: https://repo.maven.apache.org/maven2/org/apache/commons/commons-parent/32/commons-parent-32.pom (53 kB at 2.4 MB/s)
[511d775a-6c88-4127-948c-ce9142478d81/build]   | [INFO] Downloading from central: https://repo.maven.apache.org/maven2/io/takari/m2e/workspace/org.eclipse.m2e.workspace.cli/0.4.0/org.eclipse.m2e.workspace.cli-0.4.0.pom
[511d775a-6c88-4127-948c-ce9142478d81/build]   | [INFO] Downloaded from central: https://repo.maven.apache.org/maven2/io/takari/m2e/workspace/org.eclipse.m2e.workspace.cli/0.4.0/org.eclipse.m2e.workspace.cli-0.4.0.pom (9.5 kB at 451 kB/s)
[511d775a-6c88-4127-948c-ce9142478d81/build]   | [INFO] Downloading from central: https://repo.maven.apache.org/maven2/org/codehaus/plexus/plexus-component-annotations/1.5.5/plexus-component-annotations-1.5.5.pom
[511d775a-6c88-4127-948c-ce9142478d81/build]   | [INFO] Downloaded from central: https://repo.maven.apache.org/maven2/org/codehaus/plexus/plexus-component-annotations/1.5.5/plexus-component-annotations-1.5.5.pom (815 B at 13 kB/s)
[511d775a-6c88-4127-948c-ce9142478d81/build]   | [INFO] Downloading from central: https://repo.maven.apache.org/maven2/org/codehaus/plexus/plexus-containers/1.5.5/plexus-containers-1.5.5.pom
[511d775a-6c88-4127-948c-ce9142478d81/build]   | [INFO] Downloaded from central: https://repo.maven.apache.org/maven2/org/codehaus/plexus/plexus-containers/1.5.5/plexus-containers-1.5.5.pom (4.2 kB at 236 kB/s)
[511d775a-6c88-4127-948c-ce9142478d81/build]   | [INFO] Downloading from central: https://repo.maven.apache.org/maven2/org/codehaus/plexus/plexus/2.0.7/plexus-2.0.7.pom
[511d775a-6c88-4127-948c-ce9142478d81/build]   | [INFO] Downloaded from central: https://repo.maven.apache.org/maven2/org/codehaus/plexus/plexus/2.0.7/plexus-2.0.7.pom (17 kB at 1.0 MB/s)
[511d775a-6c88-4127-948c-ce9142478d81/build]   | [INFO] Downloading from central: https://repo.maven.apache.org/maven2/xmlunit/xmlunit/1.5/xmlunit-1.5.pom
[511d775a-6c88-4127-948c-ce9142478d81/build]   | [INFO] Downloaded from central: https://repo.maven.apache.org/maven2/xmlunit/xmlunit/1.5/xmlunit-1.5.pom (3.0 kB at 133 kB/s)
[511d775a-6c88-4127-948c-ce9142478d81/build]   | [INFO] Downloading from central: https://repo.maven.apache.org/maven2/io/takari/maven/plugins/takari-lifecycle-plugin/1.13.4/takari-lifecycle-plugin-1.13.4.jar
[511d775a-6c88-4127-948c-ce9142478d81/build]   | [INFO] Downloading from central: https://repo.maven.apache.org/maven2/org/codehaus/plexus/plexus-utils/3.0.20/plexus-utils-3.0.20.jar
[511d775a-6c88-4127-948c-ce9142478d81/build]   | [INFO] Downloading from central: https://repo.maven.apache.org/maven2/org/apache/maven/plugin-tools/maven-plugin-annotations/3.3/maven-plugin-annotations-3.3.jar
[511d775a-6c88-4127-948c-ce9142478d81/build]   | [INFO] Downloading from central: https://repo.maven.apache.org/maven2/org/eclipse/aether/aether-api/1.0.2.v20150114/aether-api-1.0.2.v20150114.jar
[511d775a-6c88-4127-948c-ce9142478d81/build]   | [INFO] Downloading from central: https://repo.maven.apache.org/maven2/org/apache/maven/maven-artifact/3.0/maven-artifact-3.0.jar
[511d775a-6c88-4127-948c-ce9142478d81/build]   | [INFO] Downloaded from central: https://repo.maven.apache.org/maven2/org/apache/maven/maven-artifact/3.0/maven-artifact-3.0.jar (52 kB at 1.1 MB/s)
[511d775a-6c88-4127-948c-ce9142478d81/build]   | [INFO] Downloading from central: https://repo.maven.apache.org/maven2/org/eclipse/aether/aether-util/1.0.2.v20150114/aether-util-1.0.2.v20150114.jar
[511d775a-6c88-4127-948c-ce9142478d81/build]   | [INFO] Downloaded from central: https://repo.maven.apache.org/maven2/org/eclipse/aether/aether-api/1.0.2.v20150114/aether-api-1.0.2.v20150114.jar (136 kB at 2.6 MB/s)
[511d775a-6c88-4127-948c-ce9142478d81/build]   | [INFO] Downloading from central: https://repo.maven.apache.org/maven2/io/takari/incrementalbuild/0.20.6/incrementalbuild-0.20.6.jar
[511d775a-6c88-4127-948c-ce9142478d81/build]   | [INFO] Downloaded from central: https://repo.maven.apache.org/maven2/io/takari/maven/plugins/takari-lifecycle-plugin/1.13.4/takari-lifecycle-plugin-1.13.4.jar (291 kB at 5.3 MB/s)
[511d775a-6c88-4127-948c-ce9142478d81/build]   | [INFO] Downloading from central: https://repo.maven.apache.org/maven2/io/takari/incrementalbuild-workspace/0.20.5/incrementalbuild-workspace-0.20.5.jar
[511d775a-6c88-4127-948c-ce9142478d81/build]   | [INFO] Downloaded from central: https://repo.maven.apache.org/maven2/org/codehaus/plexus/plexus-utils/3.0.20/plexus-utils-3.0.20.jar (243 kB at 3.7 MB/s)
[511d775a-6c88-4127-948c-ce9142478d81/build]   | [INFO] Downloading from central: https://repo.maven.apache.org/maven2/io/takari/builder/takari-builder-common/0.20.6/takari-builder-common-0.20.6.jar
[511d775a-6c88-4127-948c-ce9142478d81/build]   | [INFO] Downloaded from central: https://repo.maven.apache.org/maven2/org/apache/maven/plugin-tools/maven-plugin-annotations/3.3/maven-plugin-annotations-3.3.jar (14 kB at 203 kB/s)
[511d775a-6c88-4127-948c-ce9142478d81/build]   | [INFO] Downloading from central: https://repo.maven.apache.org/maven2/org/eclipse/tycho/org.eclipse.jdt.core/3.14.0.v20171206-0802/org.eclipse.jdt.core-3.14.0.v20171206-0802.jar
[511d775a-6c88-4127-948c-ce9142478d81/build]   | [INFO] Downloaded from central: https://repo.maven.apache.org/maven2/org/eclipse/aether/aether-util/1.0.2.v20150114/aether-util-1.0.2.v20150114.jar (147 kB at 1.7 MB/s)
[511d775a-6c88-4127-948c-ce9142478d81/build]   | [INFO] Downloading from central: https://repo.maven.apache.org/maven2/org/eclipse/tycho/org.eclipse.jdt.compiler.apt/1.3.100.v20171130-1050/org.eclipse.jdt.compiler.apt-1.3.100.v20171130-1050.jar
[511d775a-6c88-4127-948c-ce9142478d81/build]   | [INFO] Downloaded from central: https://repo.maven.apache.org/maven2/io/takari/incrementalbuild/0.20.6/incrementalbuild-0.20.6.jar (96 kB at 1.1 MB/s)
[511d775a-6c88-4127-948c-ce9142478d81/build]   | [INFO] Downloading from central: https://repo.maven.apache.org/maven2/org/eclipse/tycho/org.eclipse.osgi/3.13.0.v20171204-1916/org.eclipse.osgi-3.13.0.v20171204-1916.jar
[511d775a-6c88-4127-948c-ce9142478d81/build]   | [INFO] Downloaded from central: https://repo.maven.apache.org/maven2/io/takari/incrementalbuild-workspace/0.20.5/incrementalbuild-workspace-0.20.5.jar (7.1 kB at 71 kB/s)
[511d775a-6c88-4127-948c-ce9142478d81/build]   | [INFO] Downloading from central: https://repo.maven.apache.org/maven2/com/github/spullara/mustache/java/compiler/0.8.17/compiler-0.8.17.jar
[511d775a-6c88-4127-948c-ce9142478d81/build]   | [INFO] Downloaded from central: https://repo.maven.apache.org/maven2/io/takari/builder/takari-builder-common/0.20.6/takari-builder-common-0.20.6.jar (48 kB at 471 kB/s)
[511d775a-6c88-4127-948c-ce9142478d81/build]   | [INFO] Downloading from central: https://repo.maven.apache.org/maven2/com/google/guava/guava/18.0/guava-18.0.jar
[511d775a-6c88-4127-948c-ce9142478d81/build]   | [INFO] Downloaded from central: https://repo.maven.apache.org/maven2/org/eclipse/tycho/org.eclipse.jdt.compiler.apt/1.3.100.v20171130-1050/org.eclipse.jdt.compiler.apt-1.3.100.v20171130-1050.jar (214 kB at 1.9 MB/s)
[511d775a-6c88-4127-948c-ce9142478d81/build]   | [INFO] Downloading from central: https://repo.maven.apache.org/maven2/io/takari/takari-archiver/0.1.11/takari-archiver-0.1.11.jar
[511d775a-6c88-4127-948c-ce9142478d81/build]   | [INFO] Downloaded from central: https://repo.maven.apache.org/maven2/com/github/spullara/mustache/java/compiler/0.8.17/compiler-0.8.17.jar (116 kB at 927 kB/s)
[511d775a-6c88-4127-948c-ce9142478d81/build]   | [INFO] Downloading from central: https://repo.maven.apache.org/maven2/org/apache/commons/commons-compress/1.8.1/commons-compress-1.8.1.jar
[511d775a-6c88-4127-948c-ce9142478d81/build]   | [INFO] Downloaded from central: https://repo.maven.apache.org/maven2/io/takari/takari-archiver/0.1.11/takari-archiver-0.1.11.jar (44 kB at 298 kB/s)
[511d775a-6c88-4127-948c-ce9142478d81/build]   | [INFO] Downloading from central: https://repo.maven.apache.org/maven2/javax/inject/javax.inject/1/javax.inject-1.jar
[511d775a-6c88-4127-948c-ce9142478d81/build]   | [INFO] Downloaded from central: https://repo.maven.apache.org/maven2/javax/inject/javax.inject/1/javax.inject-1.jar (2.5 kB at 15 kB/s)
[511d775a-6c88-4127-948c-ce9142478d81/build]   | [INFO] Downloading from central: https://repo.maven.apache.org/maven2/com/google/code/gson/gson/2.2.4/gson-2.2.4.jar
[511d775a-6c88-4127-948c-ce9142478d81/build]   | [INFO] Downloaded from central: https://repo.maven.apache.org/maven2/org/apache/commons/commons-compress/1.8.1/commons-compress-1.8.1.jar (366 kB at 2.0 MB/s)
[511d775a-6c88-4127-948c-ce9142478d81/build]   | [INFO] Downloading from central: https://repo.maven.apache.org/maven2/org/slf4j/slf4j-api/1.7.4/slf4j-api-1.7.4.jar
[511d775a-6c88-4127-948c-ce9142478d81/build]   | [INFO] Downloaded from central: https://repo.maven.apache.org/maven2/org/eclipse/tycho/org.eclipse.osgi/3.13.0.v20171204-1916/org.eclipse.osgi-3.13.0.v20171204-1916.jar (1.4 MB at 8.0 MB/s)
[511d775a-6c88-4127-948c-ce9142478d81/build]   | [INFO] Downloading from central: https://repo.maven.apache.org/maven2/org/apache/commons/commons-exec/1.2/commons-exec-1.2.jar
[511d775a-6c88-4127-948c-ce9142478d81/build]   | [INFO] Downloaded from central: https://repo.maven.apache.org/maven2/org/slf4j/slf4j-api/1.7.4/slf4j-api-1.7.4.jar (26 kB at 134 kB/s)
[511d775a-6c88-4127-948c-ce9142478d81/build]   | [INFO] Downloading from central: https://repo.maven.apache.org/maven2/io/takari/m2e/workspace/org.eclipse.m2e.workspace.cli/0.4.0/org.eclipse.m2e.workspace.cli-0.4.0.jar
[511d775a-6c88-4127-948c-ce9142478d81/build]   | [INFO] Downloaded from central: https://repo.maven.apache.org/maven2/com/google/code/gson/gson/2.2.4/gson-2.2.4.jar (190 kB at 967 kB/s)
[511d775a-6c88-4127-948c-ce9142478d81/build]   | [INFO] Downloading from central: https://repo.maven.apache.org/maven2/org/codehaus/plexus/plexus-component-annotations/1.5.5/plexus-component-annotations-1.5.5.jar
[511d775a-6c88-4127-948c-ce9142478d81/build]   | [INFO] Downloaded from central: https://repo.maven.apache.org/maven2/io/takari/m2e/workspace/org.eclipse.m2e.workspace.cli/0.4.0/org.eclipse.m2e.workspace.cli-0.4.0.jar (18 kB at 88 kB/s)
[511d775a-6c88-4127-948c-ce9142478d81/build]   | [INFO] Downloading from central: https://repo.maven.apache.org/maven2/xmlunit/xmlunit/1.5/xmlunit-1.5.jar
[511d775a-6c88-4127-948c-ce9142478d81/build]   | [INFO] Downloaded from central: https://repo.maven.apache.org/maven2/org/codehaus/plexus/plexus-component-annotations/1.5.5/plexus-component-annotations-1.5.5.jar (4.2 kB at 20 kB/s)
[511d775a-6c88-4127-948c-ce9142478d81/build]   | [INFO] Downloaded from central: https://repo.maven.apache.org/maven2/org/apache/commons/commons-exec/1.2/commons-exec-1.2.jar (54 kB at 245 kB/s)
[511d775a-6c88-4127-948c-ce9142478d81/build]   | [INFO] Downloaded from central: https://repo.maven.apache.org/maven2/xmlunit/xmlunit/1.5/xmlunit-1.5.jar (98 kB at 410 kB/s)
[511d775a-6c88-4127-948c-ce9142478d81/build]   | [INFO] Downloaded from central: https://repo.maven.apache.org/maven2/com/google/guava/guava/18.0/guava-18.0.jar (2.3 MB at 9.0 MB/s)
[511d775a-6c88-4127-948c-ce9142478d81/build]   | [INFO] Downloaded from central: https://repo.maven.apache.org/maven2/org/eclipse/tycho/org.eclipse.jdt.core/3.14.0.v20171206-0802/org.eclipse.jdt.core-3.14.0.v20171206-0802.jar (6.7 MB at 21 MB/s)
[511d775a-6c88-4127-948c-ce9142478d81/build]   | [INFO] 
[511d775a-6c88-4127-948c-ce9142478d81/build]   | [INFO] ---------------------< com.walmartlabs.x12:gozer >----------------------
[511d775a-6c88-4127-948c-ce9142478d81/build]   | [INFO] Building gozer 0.1.2-SNAPSHOT
[511d775a-6c88-4127-948c-ce9142478d81/build]   | [INFO] -----------------------------[ takari-jar ]-----------------------------
[511d775a-6c88-4127-948c-ce9142478d81/build]   | [INFO] Downloading from central: https://repo.maven.apache.org/maven2/org/apache/maven/plugins/maven-surefire-plugin/2.21.0/maven-surefire-plugin-2.21.0.pom
[511d775a-6c88-4127-948c-ce9142478d81/build]   | [INFO] Downloaded from central: https://repo.maven.apache.org/maven2/org/apache/maven/plugins/maven-surefire-plugin/2.21.0/maven-surefire-plugin-2.21.0.pom (5.2 kB at 237 kB/s)
[511d775a-6c88-4127-948c-ce9142478d81/build]   | [INFO] Downloading from central: https://repo.maven.apache.org/maven2/org/apache/maven/surefire/surefire/2.21.0/surefire-2.21.0.pom
[511d775a-6c88-4127-948c-ce9142478d81/build]   | [INFO] Downloaded from central: https://repo.maven.apache.org/maven2/org/apache/maven/surefire/surefire/2.21.0/surefire-2.21.0.pom (28 kB at 1.0 MB/s)
[511d775a-6c88-4127-948c-ce9142478d81/build]   | [INFO] Downloading from central: https://repo.maven.apache.org/maven2/org/apache/maven/maven-parent/30/maven-parent-30.pom
[511d775a-6c88-4127-948c-ce9142478d81/build]   | [INFO] Downloaded from central: https://repo.maven.apache.org/maven2/org/apache/maven/maven-parent/30/maven-parent-30.pom (41 kB at 2.3 MB/s)
[511d775a-6c88-4127-948c-ce9142478d81/build]   | [INFO] Downloading from central: https://repo.maven.apache.org/maven2/org/apache/apache/18/apache-18.pom
[511d775a-6c88-4127-948c-ce9142478d81/build]   | [INFO] Downloaded from central: https://repo.maven.apache.org/maven2/org/apache/apache/18/apache-18.pom (16 kB at 825 kB/s)
[511d775a-6c88-4127-948c-ce9142478d81/build]   | [INFO] Downloading from central: https://repo.maven.apache.org/maven2/org/apache/maven/plugins/maven-surefire-plugin/2.21.0/maven-surefire-plugin-2.21.0.jar
[511d775a-6c88-4127-948c-ce9142478d81/build]   | [INFO] Downloaded from central: https://repo.maven.apache.org/maven2/org/apache/maven/plugins/maven-surefire-plugin/2.21.0/maven-surefire-plugin-2.21.0.jar (40 kB at 3.4 MB/s)
[511d775a-6c88-4127-948c-ce9142478d81/build]   | [INFO] Downloading from central: https://repo.maven.apache.org/maven2/org/springframework/spring-core/4.3.12.RELEASE/spring-core-4.3.12.RELEASE.pom
[511d775a-6c88-4127-948c-ce9142478d81/build]   | [INFO] Downloaded from central: https://repo.maven.apache.org/maven2/org/springframework/spring-core/4.3.12.RELEASE/spring-core-4.3.12.RELEASE.pom (2.5 kB at 113 kB/s)
[511d775a-6c88-4127-948c-ce9142478d81/build]   | [INFO] Downloading from central: https://repo.maven.apache.org/maven2/commons-logging/commons-logging/1.2/commons-logging-1.2.pom
[511d775a-6c88-4127-948c-ce9142478d81/build]   | [INFO] Downloaded from central: https://repo.maven.apache.org/maven2/commons-logging/commons-logging/1.2/commons-logging-1.2.pom (19 kB at 2.1 MB/s)
[511d775a-6c88-4127-948c-ce9142478d81/build]   | [INFO] Downloading from central: https://repo.maven.apache.org/maven2/org/apache/commons/commons-parent/34/commons-parent-34.pom
[511d775a-6c88-4127-948c-ce9142478d81/build]   | [INFO] Downloaded from central: https://repo.maven.apache.org/maven2/org/apache/commons/commons-parent/34/commons-parent-34.pom (56 kB at 1.5 MB/s)
[511d775a-6c88-4127-948c-ce9142478d81/build]   | [INFO] Downloading from central: https://repo.maven.apache.org/maven2/org/slf4j/slf4j-api/1.7.21/slf4j-api-1.7.21.pom
[511d775a-6c88-4127-948c-ce9142478d81/build]   | [INFO] Downloaded from central: https://repo.maven.apache.org/maven2/org/slf4j/slf4j-api/1.7.21/slf4j-api-1.7.21.pom (2.8 kB at 185 kB/s)
[511d775a-6c88-4127-948c-ce9142478d81/build]   | [INFO] Downloading from central: https://repo.maven.apache.org/maven2/org/slf4j/slf4j-parent/1.7.21/slf4j-parent-1.7.21.pom
[511d775a-6c88-4127-948c-ce9142478d81/build]   | [INFO] Downloaded from central: https://repo.maven.apache.org/maven2/org/slf4j/slf4j-parent/1.7.21/slf4j-parent-1.7.21.pom (14 kB at 844 kB/s)
[511d775a-6c88-4127-948c-ce9142478d81/build]   | [INFO] Downloading from central: https://repo.maven.apache.org/maven2/org/slf4j/jcl-over-slf4j/1.7.21/jcl-over-slf4j-1.7.21.pom
[511d775a-6c88-4127-948c-ce9142478d81/build]   | [INFO] Downloaded from central: https://repo.maven.apache.org/maven2/org/slf4j/jcl-over-slf4j/1.7.21/jcl-over-slf4j-1.7.21.pom (963 B at 96 kB/s)
[511d775a-6c88-4127-948c-ce9142478d81/build]   | [INFO] Downloading from central: https://repo.maven.apache.org/maven2/ch/qos/logback/logback-classic/1.1.7/logback-classic-1.1.7.pom
[511d775a-6c88-4127-948c-ce9142478d81/build]   | [INFO] Downloaded from central: https://repo.maven.apache.org/maven2/ch/qos/logback/logback-classic/1.1.7/logback-classic-1.1.7.pom (13 kB at 1.3 MB/s)
[511d775a-6c88-4127-948c-ce9142478d81/build]   | [INFO] Downloading from central: https://repo.maven.apache.org/maven2/ch/qos/logback/logback-parent/1.1.7/logback-parent-1.1.7.pom
[511d775a-6c88-4127-948c-ce9142478d81/build]   | [INFO] Downloaded from central: https://repo.maven.apache.org/maven2/ch/qos/logback/logback-parent/1.1.7/logback-parent-1.1.7.pom (17 kB at 1.3 MB/s)
[511d775a-6c88-4127-948c-ce9142478d81/build]   | [INFO] Downloading from central: https://repo.maven.apache.org/maven2/ch/qos/logback/logback-core/1.1.7/logback-core-1.1.7.pom
[511d775a-6c88-4127-948c-ce9142478d81/build]   | [INFO] Downloaded from central: https://repo.maven.apache.org/maven2/ch/qos/logback/logback-core/1.1.7/logback-core-1.1.7.pom (4.4 kB at 315 kB/s)
[511d775a-6c88-4127-948c-ce9142478d81/build]   | [INFO] Downloading from central: https://repo.maven.apache.org/maven2/org/slf4j/slf4j-api/1.7.20/slf4j-api-1.7.20.pom
[511d775a-6c88-4127-948c-ce9142478d81/build]   | [INFO] Downloaded from central: https://repo.maven.apache.org/maven2/org/slf4j/slf4j-api/1.7.20/slf4j-api-1.7.20.pom (2.8 kB at 146 kB/s)
[511d775a-6c88-4127-948c-ce9142478d81/build]   | [INFO] Downloading from central: https://repo.maven.apache.org/maven2/org/slf4j/slf4j-parent/1.7.20/slf4j-parent-1.7.20.pom
[511d775a-6c88-4127-948c-ce9142478d81/build]   | [INFO] Downloaded from central: https://repo.maven.apache.org/maven2/org/slf4j/slf4j-parent/1.7.20/slf4j-parent-1.7.20.pom (14 kB at 386 kB/s)
[511d775a-6c88-4127-948c-ce9142478d81/build]   | [INFO] Downloading from central: https://repo.maven.apache.org/maven2/junit/junit/4.12/junit-4.12.pom
[511d775a-6c88-4127-948c-ce9142478d81/build]   | [INFO] Downloaded from central: https://repo.maven.apache.org/maven2/junit/junit/4.12/junit-4.12.pom (24 kB at 2.6 MB/s)
[511d775a-6c88-4127-948c-ce9142478d81/build]   | [INFO] Downloading from central: https://repo.maven.apache.org/maven2/org/hamcrest/hamcrest-core/1.3/hamcrest-core-1.3.pom
[511d775a-6c88-4127-948c-ce9142478d81/build]   | [INFO] Downloaded from central: https://repo.maven.apache.org/maven2/org/hamcrest/hamcrest-core/1.3/hamcrest-core-1.3.pom (766 B at 85 kB/s)
[511d775a-6c88-4127-948c-ce9142478d81/build]   | [INFO] Downloading from central: https://repo.maven.apache.org/maven2/org/hamcrest/hamcrest-parent/1.3/hamcrest-parent-1.3.pom
[511d775a-6c88-4127-948c-ce9142478d81/build]   | [INFO] Downloaded from central: https://repo.maven.apache.org/maven2/org/hamcrest/hamcrest-parent/1.3/hamcrest-parent-1.3.pom (2.0 kB at 68 kB/s)
[511d775a-6c88-4127-948c-ce9142478d81/build]   | [INFO] Downloading from central: https://repo.maven.apache.org/maven2/commons-logging/commons-logging/1.2/commons-logging-1.2.jar
[511d775a-6c88-4127-948c-ce9142478d81/build]   | [INFO] Downloading from central: https://repo.maven.apache.org/maven2/org/slf4j/slf4j-api/1.7.21/slf4j-api-1.7.21.jar
[511d775a-6c88-4127-948c-ce9142478d81/build]   | [INFO] Downloading from central: https://repo.maven.apache.org/maven2/org/springframework/spring-core/4.3.12.RELEASE/spring-core-4.3.12.RELEASE.jar
[511d775a-6c88-4127-948c-ce9142478d81/build]   | [INFO] Downloading from central: https://repo.maven.apache.org/maven2/org/slf4j/jcl-over-slf4j/1.7.21/jcl-over-slf4j-1.7.21.jar
[511d775a-6c88-4127-948c-ce9142478d81/build]   | [INFO] Downloading from central: https://repo.maven.apache.org/maven2/ch/qos/logback/logback-classic/1.1.7/logback-classic-1.1.7.jar
[511d775a-6c88-4127-948c-ce9142478d81/build]   | [INFO] Downloaded from central: https://repo.maven.apache.org/maven2/org/slf4j/slf4j-api/1.7.21/slf4j-api-1.7.21.jar (41 kB at 1.0 MB/s)
[511d775a-6c88-4127-948c-ce9142478d81/build]   | [INFO] Downloaded from central: https://repo.maven.apache.org/maven2/commons-logging/commons-logging/1.2/commons-logging-1.2.jar (62 kB at 1.5 MB/s)
[511d775a-6c88-4127-948c-ce9142478d81/build]   | [INFO] Downloading from central: https://repo.maven.apache.org/maven2/ch/qos/logback/logback-core/1.1.7/logback-core-1.1.7.jar
[511d775a-6c88-4127-948c-ce9142478d81/build]   | [INFO] Downloaded from central: https://repo.maven.apache.org/maven2/org/slf4j/jcl-over-slf4j/1.7.21/jcl-over-slf4j-1.7.21.jar (16 kB at 530 kB/s)
[511d775a-6c88-4127-948c-ce9142478d81/build]   | [INFO] Downloading from central: https://repo.maven.apache.org/maven2/org/hamcrest/hamcrest-core/1.3/hamcrest-core-1.3.jar
[511d775a-6c88-4127-948c-ce9142478d81/build]   | [INFO] Downloading from central: https://repo.maven.apache.org/maven2/junit/junit/4.12/junit-4.12.jar
[511d775a-6c88-4127-948c-ce9142478d81/build]   | [INFO] Downloaded from central: https://repo.maven.apache.org/maven2/org/hamcrest/hamcrest-core/1.3/hamcrest-core-1.3.jar (45 kB at 643 kB/s)
[511d775a-6c88-4127-948c-ce9142478d81/build]   | [INFO] Downloaded from central: https://repo.maven.apache.org/maven2/junit/junit/4.12/junit-4.12.jar (315 kB at 4.4 MB/s)
[511d775a-6c88-4127-948c-ce9142478d81/build]   | [INFO] Downloaded from central: https://repo.maven.apache.org/maven2/ch/qos/logback/logback-classic/1.1.7/logback-classic-1.1.7.jar (304 kB at 4.1 MB/s)
[511d775a-6c88-4127-948c-ce9142478d81/build]   | [INFO] Downloaded from central: https://repo.maven.apache.org/maven2/ch/qos/logback/logback-core/1.1.7/logback-core-1.1.7.jar (471 kB at 6.4 MB/s)
[511d775a-6c88-4127-948c-ce9142478d81/build]   | [INFO] Downloaded from central: https://repo.maven.apache.org/maven2/org/springframework/spring-core/4.3.12.RELEASE/spring-core-4.3.12.RELEASE.jar (1.1 MB at 12 MB/s)
[511d775a-6c88-4127-948c-ce9142478d81/build]   | [INFO] 
[511d775a-6c88-4127-948c-ce9142478d81/build]   | [INFO] --- takari-lifecycle-plugin:1.13.4:update-check (default-update-check) @ gozer ---
[511d775a-6c88-4127-948c-ce9142478d81/build]   | Jul 12, 2023 8:12:38 PM java.util.prefs.FileSystemPreferences$1 run
[511d775a-6c88-4127-948c-ce9142478d81/build]   | INFO: Created user preferences directory.
[511d775a-6c88-4127-948c-ce9142478d81/build]   | [INFO] 
[511d775a-6c88-4127-948c-ce9142478d81/build]   | [INFO] --- takari-lifecycle-plugin:1.13.4:process-resources (default-process-resources) @ gozer ---
[511d775a-6c88-4127-948c-ce9142478d81/build]   | [INFO] 
[511d775a-6c88-4127-948c-ce9142478d81/build]   | [INFO] --- takari-lifecycle-plugin:1.13.4:compile (default-compile) @ gozer ---
[511d775a-6c88-4127-948c-ce9142478d81/build]   | [INFO] Performing incremental build
[511d775a-6c88-4127-948c-ce9142478d81/build]   | [INFO] Compiling 18 sources to /tmp/f7baf3ce-9adb-4632-aeb3-b775f6ef6c39/target/classes
[511d775a-6c88-4127-948c-ce9142478d81/build]   | [parsing    /tmp/f7baf3ce-9adb-4632-aeb3-b775f6ef6c39/src/main/java/com/walmartlabs/x12/dex/dx894/DefaultDex894Validator.java - #1/1]
[511d775a-6c88-4127-948c-ce9142478d81/build]   | [reading    java/lang/Object.class]
[511d775a-6c88-4127-948c-ce9142478d81/build]   | [reading    com/walmartlabs/x12/X12Validator.class]
[511d775a-6c88-4127-948c-ce9142478d81/build]   | [reading    com/walmartlabs/x12/dex/dx894/Dex894.class]
[511d775a-6c88-4127-948c-ce9142478d81/build]   | [analyzing  /tmp/f7baf3ce-9adb-4632-aeb3-b775f6ef6c39/src/main/java/com/walmartlabs/x12/dex/dx894/DefaultDex894Validator.java - #1/1]
[511d775a-6c88-4127-948c-ce9142478d81/build]   | [reading    com/walmartlabs/x12/exceptions/X12ErrorDetail.class]
[511d775a-6c88-4127-948c-ce9142478d81/build]   | [reading    org/springframework/util/StringUtils.class]
[511d775a-6c88-4127-948c-ce9142478d81/build]   | [reading    java/util/HashSet.class]
[511d775a-6c88-4127-948c-ce9142478d81/build]   | [reading    java/util/List.class]
[511d775a-6c88-4127-948c-ce9142478d81/build]   | [reading    java/util/Set.class]
[511d775a-6c88-4127-948c-ce9142478d81/build]   | [reading    java/util/stream/Collectors.class]
[511d775a-6c88-4127-948c-ce9142478d81/build]   | [reading    java/lang/Integer.class]
[511d775a-6c88-4127-948c-ce9142478d81/build]   | [reading    com/walmartlabs/x12/dex/dx894/Dex894Allowance.class]
[511d775a-6c88-4127-948c-ce9142478d81/build]   | [reading    com/walmartlabs/x12/dex/dx894/Dex894Item.class]
[511d775a-6c88-4127-948c-ce9142478d81/build]   | [reading    com/walmartlabs/x12/dex/dx894/Dex894TransactionSet.class]
[511d775a-6c88-4127-948c-ce9142478d81/build]   | [reading    java/lang/Override.class]
[511d775a-6c88-4127-948c-ce9142478d81/build]   | [reading    java/util/Collection.class]
[511d775a-6c88-4127-948c-ce9142478d81/build]   | [reading    java/io/Serializable.class]
[511d775a-6c88-4127-948c-ce9142478d81/build]   | [reading    java/lang/Cloneable.class]
[511d775a-6c88-4127-948c-ce9142478d81/build]   | [reading    java/lang/Iterable.class]
[511d775a-6c88-4127-948c-ce9142478d81/build]   | [reading    java/util/AbstractSet.class]
[511d775a-6c88-4127-948c-ce9142478d81/build]   | [reading    java/util/AbstractCollection.class]
[511d775a-6c88-4127-948c-ce9142478d81/build]   | [reading    java/io/ObjectOutputStream.class]
[511d775a-6c88-4127-948c-ce9142478d81/build]   | [reading    java/io/IOException.class]
[511d775a-6c88-4127-948c-ce9142478d81/build]   | [reading    java/util/Spliterator.class]
[511d775a-6c88-4127-948c-ce9142478d81/build]   | [reading    java/io/ObjectInputStream.class]
[511d775a-6c88-4127-948c-ce9142478d81/build]   | [reading    java/lang/ClassNotFoundException.class]
[511d775a-6c88-4127-948c-ce9142478d81/build]   | [reading    java/util/Iterator.class]
[511d775a-6c88-4127-948c-ce9142478d81/build]   | [reading    java/lang/StringBuilder.class]
[511d775a-6c88-4127-948c-ce9142478d81/build]   | [reading    java/lang/String.class]
[511d775a-6c88-4127-948c-ce9142478d81/build]   | [reading    java/lang/StringBuffer.class]
[511d775a-6c88-4127-948c-ce9142478d81/build]   | [reading    java/lang/CharSequence.class]
[511d775a-6c88-4127-948c-ce9142478d81/build]   | [reading    java/lang/AbstractStringBuilder.class]
[511d775a-6c88-4127-948c-ce9142478d81/build]   | [reading    java/lang/Appendable.class]
[511d775a-6c88-4127-948c-ce9142478d81/build]   | [reading    java/lang/Number.class]
[511d775a-6c88-4127-948c-ce9142478d81/build]   | [reading    java/lang/Comparable.class]
[511d775a-6c88-4127-948c-ce9142478d81/build]   | [reading    com/walmartlabs/x12/dex/dx894/DefaultDex894Parser.class]
[511d775a-6c88-4127-948c-ce9142478d81/build]   | [reading    java/util/stream/Stream.class]
[511d775a-6c88-4127-948c-ce9142478d81/build]   | [reading    java/util/stream/Stream$Builder.class]
[511d775a-6c88-4127-948c-ce9142478d81/build]   | [reading    java/util/function/Function.class]
[511d775a-6c88-4127-948c-ce9142478d81/build]   | [reading    java/util/stream/BaseStream.class]
[511d775a-6c88-4127-948c-ce9142478d81/build]   | [reading    java/lang/AutoCloseable.class]
[511d775a-6c88-4127-948c-ce9142478d81/build]   | [reading    java/util/function/Predicate.class]
[511d775a-6c88-4127-948c-ce9142478d81/build]   | [reading    java/util/stream/Collector.class]
[511d775a-6c88-4127-948c-ce9142478d81/build]   | [reading    java/lang/Long.class]
[511d775a-6c88-4127-948c-ce9142478d81/build]   | [reading    java/util/Map.class]
[511d775a-6c88-4127-948c-ce9142478d81/build]   | [reading    java/util/Map$Entry.class]
[511d775a-6c88-4127-948c-ce9142478d81/build]   | [reading    java/util/function/BiConsumer.class]
[511d775a-6c88-4127-948c-ce9142478d81/build]   | [reading    java/util/function/Supplier.class]
[511d775a-6c88-4127-948c-ce9142478d81/build]   | [reading    java/math/BigDecimal.class]
[511d775a-6c88-4127-948c-ce9142478d81/build]   | [reading    com/walmartlabs/x12/dex/dx894/UnitMeasure.class]
[511d775a-6c88-4127-948c-ce9142478d81/build]   | [reading    java/lang/Enum.class]
[511d775a-6c88-4127-948c-ce9142478d81/build]   | [reading    com/walmartlabs/x12/dex/dx894/ProductQualifier.class]
[511d775a-6c88-4127-948c-ce9142478d81/build]   | [reading    java/lang/invoke/MethodHandles.class]
[511d775a-6c88-4127-948c-ce9142478d81/build]   | [reading    java/lang/invoke/MethodHandles$Lookup.class]
[511d775a-6c88-4127-948c-ce9142478d81/build]   | [reading    java/lang/invoke/LambdaMetafactory.class]
[511d775a-6c88-4127-948c-ce9142478d81/build]   | [completed  /tmp/f7baf3ce-9adb-4632-aeb3-b775f6ef6c39/src/main/java/com/walmartlabs/x12/dex/dx894/DefaultDex894Validator.java - #1/1]
[511d775a-6c88-4127-948c-ce9142478d81/build]   | [1 unit compiled]
[511d775a-6c88-4127-948c-ce9142478d81/build]   | [INFO] Compiled 1 out of 18 sources (1366 ms)
[511d775a-6c88-4127-948c-ce9142478d81/build]   | [INFO] Replaying recorded messages...
[511d775a-6c88-4127-948c-ce9142478d81/build]   | [WARNING] /tmp/f7baf3ce-9adb-4632-aeb3-b775f6ef6c39/src/main/java/com/walmartlabs/x12/dex/dx894/DefaultDex894Parser.java:[84,12] Type safety: The return type Dex894 for parse(String) from the type DefaultDex894Parser needs unchecked conversion to conform to T from the type X12Parser
[511d775a-6c88-4127-948c-ce9142478d81/build]   | [WARNING] /tmp/f7baf3ce-9adb-4632-aeb3-b775f6ef6c39/src/main/java/com/walmartlabs/x12/exceptions/X12ParserException.java:[21,14] The serializable class X12ParserException does not declare a static final serialVersionUID field of type long
[511d775a-6c88-4127-948c-ce9142478d81/build]   | [INFO] 
[511d775a-6c88-4127-948c-ce9142478d81/build]   | [INFO] --- takari-lifecycle-plugin:1.13.4:export-package (default-export-package) @ gozer ---
[511d775a-6c88-4127-948c-ce9142478d81/build]   | [INFO] Performing incremental build
[511d775a-6c88-4127-948c-ce9142478d81/build]   | [INFO] 
[511d775a-6c88-4127-948c-ce9142478d81/build]   | [INFO] --- takari-lifecycle-plugin:1.13.4:process-test-resources (default-process-test-resources) @ gozer ---
[511d775a-6c88-4127-948c-ce9142478d81/build]   | [INFO] Performing incremental build
[511d775a-6c88-4127-948c-ce9142478d81/build]   | [INFO] 
[511d775a-6c88-4127-948c-ce9142478d81/build]   | [INFO] --- takari-lifecycle-plugin:1.13.4:testCompile (default-testCompile) @ gozer ---
[511d775a-6c88-4127-948c-ce9142478d81/build]   | [INFO] Performing incremental build
[511d775a-6c88-4127-948c-ce9142478d81/build]   | [INFO] Compiling 11 sources to /tmp/f7baf3ce-9adb-4632-aeb3-b775f6ef6c39/target/test-classes
[511d775a-6c88-4127-948c-ce9142478d81/build]   | [parsing    /tmp/f7baf3ce-9adb-4632-aeb3-b775f6ef6c39/src/test/java/com/walmartlabs/x12/dex/dx894/DefaultDex894ValidatorTest.java - #1/1]
[511d775a-6c88-4127-948c-ce9142478d81/build]   | [reading    java/lang/Object.class]
[511d775a-6c88-4127-948c-ce9142478d81/build]   | [analyzing  /tmp/f7baf3ce-9adb-4632-aeb3-b775f6ef6c39/src/test/java/com/walmartlabs/x12/dex/dx894/DefaultDex894ValidatorTest.java - #1/1]
[511d775a-6c88-4127-948c-ce9142478d81/build]   | [reading    com/walmartlabs/x12/exceptions/X12ErrorDetail.class]
[511d775a-6c88-4127-948c-ce9142478d81/build]   | [reading    org/junit/Before.class]
[511d775a-6c88-4127-948c-ce9142478d81/build]   | [reading    org/junit/Test.class]
[511d775a-6c88-4127-948c-ce9142478d81/build]   | [reading    java/math/BigDecimal.class]
[511d775a-6c88-4127-948c-ce9142478d81/build]   | [reading    java/util/ArrayList.class]
[511d775a-6c88-4127-948c-ce9142478d81/build]   | [reading    java/util/List.class]
[511d775a-6c88-4127-948c-ce9142478d81/build]   | [reading    java/util/Set.class]
[511d775a-6c88-4127-948c-ce9142478d81/build]   | [reading    java/util/stream/Collectors.class]
[511d775a-6c88-4127-948c-ce9142478d81/build]   | [reading    org/junit/Assert.class]
[511d775a-6c88-4127-948c-ce9142478d81/build]   | [reading    java/lang/String.class]
[511d775a-6c88-4127-948c-ce9142478d81/build]   | [reading    com/walmartlabs/x12/dex/dx894/DefaultDex894Validator.class]
[511d775a-6c88-4127-948c-ce9142478d81/build]   | [reading    com/walmartlabs/x12/dex/dx894/UnitMeasure.class]
[511d775a-6c88-4127-948c-ce9142478d81/build]   | [reading    com/walmartlabs/x12/dex/dx894/Dex894Item.class]
[511d775a-6c88-4127-948c-ce9142478d81/build]   | [reading    com/walmartlabs/x12/dex/dx894/Dex894TransactionSet.class]
[511d775a-6c88-4127-948c-ce9142478d81/build]   | [reading    java/lang/Class.class]
[511d775a-6c88-4127-948c-ce9142478d81/build]   | [reading    java/lang/Class$ReflectionData.class]
[511d775a-6c88-4127-948c-ce9142478d81/build]   | [reading    java/lang/Throwable.class]
[511d775a-6c88-4127-948c-ce9142478d81/build]   | [reading    com/walmartlabs/x12/dex/dx894/Dex894.class]
[511d775a-6c88-4127-948c-ce9142478d81/build]   | [reading    java/lang/Integer.class]
[511d775a-6c88-4127-948c-ce9142478d81/build]   | [reading    java/util/Collection.class]
[511d775a-6c88-4127-948c-ce9142478d81/build]   | [reading    java/lang/Iterable.class]
[511d775a-6c88-4127-948c-ce9142478d81/build]   | [reading    java/util/stream/Stream.class]
[511d775a-6c88-4127-948c-ce9142478d81/build]   | [reading    java/util/stream/Stream$Builder.class]
[511d775a-6c88-4127-948c-ce9142478d81/build]   | [reading    java/util/Optional.class]
[511d775a-6c88-4127-948c-ce9142478d81/build]   | [reading    java/util/Comparator.class]
[511d775a-6c88-4127-948c-ce9142478d81/build]   | [reading    java/util/stream/BaseStream.class]
[511d775a-6c88-4127-948c-ce9142478d81/build]   | [reading    java/lang/AutoCloseable.class]
[511d775a-6c88-4127-948c-ce9142478d81/build]   | [reading    java/util/function/ToLongFunction.class]
[511d775a-6c88-4127-948c-ce9142478d81/build]   | [reading    java/util/function/ToIntFunction.class]
[511d775a-6c88-4127-948c-ce9142478d81/build]   | [reading    java/util/function/ToDoubleFunction.class]
[511d775a-6c88-4127-948c-ce9142478d81/build]   | [reading    java/util/function/Function.class]
[511d775a-6c88-4127-948c-ce9142478d81/build]   | [reading    java/lang/Comparable.class]
[511d775a-6c88-4127-948c-ce9142478d81/build]   | [reading    java/util/stream/Collector.class]
[511d775a-6c88-4127-948c-ce9142478d81/build]   | [reading    java/util/function/BiConsumer.class]
[511d775a-6c88-4127-948c-ce9142478d81/build]   | [reading    java/util/function/Supplier.class]
[511d775a-6c88-4127-948c-ce9142478d81/build]   | [reading    com/walmartlabs/x12/X12Validator.class]
[511d775a-6c88-4127-948c-ce9142478d81/build]   | [reading    com/walmartlabs/x12/dex/dx894/ProductQualifier.class]
[511d775a-6c88-4127-948c-ce9142478d81/build]   | [reading    com/walmartlabs/x12/dex/dx894/Dex894Allowance.class]
[511d775a-6c88-4127-948c-ce9142478d81/build]   | [reading    java/math/BigInteger.class]
[511d775a-6c88-4127-948c-ce9142478d81/build]   | [reading    java/io/Serializable.class]
[511d775a-6c88-4127-948c-ce9142478d81/build]   | [reading    java/lang/Cloneable.class]
[511d775a-6c88-4127-948c-ce9142478d81/build]   | [reading    java/util/RandomAccess.class]
[511d775a-6c88-4127-948c-ce9142478d81/build]   | [reading    java/util/AbstractList.class]
[511d775a-6c88-4127-948c-ce9142478d81/build]   | [reading    java/util/AbstractCollection.class]
[511d775a-6c88-4127-948c-ce9142478d81/build]   | [reading    java/io/ObjectOutputStream.class]
[511d775a-6c88-4127-948c-ce9142478d81/build]   | [reading    java/io/IOException.class]
[511d775a-6c88-4127-948c-ce9142478d81/build]   | [reading    java/util/Spliterator.class]
[511d775a-6c88-4127-948c-ce9142478d81/build]   | [reading    java/util/function/UnaryOperator.class]
[511d775a-6c88-4127-948c-ce9142478d81/build]   | [reading    java/util/function/Predicate.class]
[511d775a-6c88-4127-948c-ce9142478d81/build]   | [reading    java/io/ObjectInputStream.class]
[511d775a-6c88-4127-948c-ce9142478d81/build]   | [reading    java/lang/ClassNotFoundException.class]
[511d775a-6c88-4127-948c-ce9142478d81/build]   | [reading    java/util/ListIterator.class]
[511d775a-6c88-4127-948c-ce9142478d81/build]   | [reading    java/util/Iterator.class]
[511d775a-6c88-4127-948c-ce9142478d81/build]   | [reading    java/util/function/Consumer.class]
[511d775a-6c88-4127-948c-ce9142478d81/build]   | [reading    java/lang/Enum.class]
[511d775a-6c88-4127-948c-ce9142478d81/build]   | [reading    java/lang/CharSequence.class]
[511d775a-6c88-4127-948c-ce9142478d81/build]   | [reading    java/lang/Number.class]
[511d775a-6c88-4127-948c-ce9142478d81/build]   | [reading    java/lang/invoke/MethodHandles.class]
[511d775a-6c88-4127-948c-ce9142478d81/build]   | [reading    java/lang/invoke/MethodHandles$Lookup.class]
[511d775a-6c88-4127-948c-ce9142478d81/build]   | [reading    java/lang/invoke/LambdaMetafactory.class]
[511d775a-6c88-4127-948c-ce9142478d81/build]   | [completed  /tmp/f7baf3ce-9adb-4632-aeb3-b775f6ef6c39/src/test/java/com/walmartlabs/x12/dex/dx894/DefaultDex894ValidatorTest.java - #1/1]
[511d775a-6c88-4127-948c-ce9142478d81/build]   | [1 unit compiled]
[511d775a-6c88-4127-948c-ce9142478d81/build]   | [INFO] Compiled 1 out of 11 sources (223 ms)
[511d775a-6c88-4127-948c-ce9142478d81/build]   | [INFO] 
[511d775a-6c88-4127-948c-ce9142478d81/build]   | [INFO] --- maven-surefire-plugin:2.21.0:test (default-test) @ gozer ---
[511d775a-6c88-4127-948c-ce9142478d81/build]   | [INFO] Downloading from central: https://repo.maven.apache.org/maven2/org/apache/maven/surefire/maven-surefire-common/2.21.0/maven-surefire-common-2.21.0.pom
[511d775a-6c88-4127-948c-ce9142478d81/build]   | [INFO] Downloaded from central: https://repo.maven.apache.org/maven2/org/apache/maven/surefire/maven-surefire-common/2.21.0/maven-surefire-common-2.21.0.pom (11 kB at 252 kB/s)
[511d775a-6c88-4127-948c-ce9142478d81/build]   | [INFO] Downloading from central: https://repo.maven.apache.org/maven2/org/apache/maven/maven-plugin-api/2.2.1/maven-plugin-api-2.2.1.pom
[511d775a-6c88-4127-948c-ce9142478d81/build]   | [INFO] Downloaded from central: https://repo.maven.apache.org/maven2/org/apache/maven/maven-plugin-api/2.2.1/maven-plugin-api-2.2.1.pom (1.5 kB at 41 kB/s)
[511d775a-6c88-4127-948c-ce9142478d81/build]   | [INFO] Downloading from central: https://repo.maven.apache.org/maven2/org/apache/maven/maven/2.2.1/maven-2.2.1.pom
[511d775a-6c88-4127-948c-ce9142478d81/build]   | [INFO] Downloaded from central: https://repo.maven.apache.org/maven2/org/apache/maven/maven/2.2.1/maven-2.2.1.pom (22 kB at 303 kB/s)
[511d775a-6c88-4127-948c-ce9142478d81/build]   | [INFO] Downloading from central: https://repo.maven.apache.org/maven2/org/apache/maven/maven-parent/11/maven-parent-11.pom
[511d775a-6c88-4127-948c-ce9142478d81/build]   | [INFO] Downloaded from central: https://repo.maven.apache.org/maven2/org/apache/maven/maven-parent/11/maven-parent-11.pom (32 kB at 1.7 MB/s)
[511d775a-6c88-4127-948c-ce9142478d81/build]   | [INFO] Downloading from central: https://repo.maven.apache.org/maven2/org/apache/apache/5/apache-5.pom
[511d775a-6c88-4127-948c-ce9142478d81/build]   | [INFO] Downloaded from central: https://repo.maven.apache.org/maven2/org/apache/apache/5/apache-5.pom (4.1 kB at 178 kB/s)
[511d775a-6c88-4127-948c-ce9142478d81/build]   | [INFO] Downloading from central: https://repo.maven.apache.org/maven2/org/apache/maven/plugin-tools/maven-plugin-annotations/3.5/maven-plugin-annotations-3.5.pom
[511d775a-6c88-4127-948c-ce9142478d81/build]   | [INFO] Downloaded from central: https://repo.maven.apache.org/maven2/org/apache/maven/plugin-tools/maven-plugin-annotations/3.5/maven-plugin-annotations-3.5.pom (1.7 kB at 4.5 kB/s)
[511d775a-6c88-4127-948c-ce9142478d81/build]   | [INFO] Downloading from central: https://repo.maven.apache.org/maven2/org/apache/maven/plugin-tools/maven-plugin-tools/3.5/maven-plugin-tools-3.5.pom
[511d775a-6c88-4127-948c-ce9142478d81/build]   | [INFO] Downloaded from central: https://repo.maven.apache.org/maven2/org/apache/maven/plugin-tools/maven-plugin-tools/3.5/maven-plugin-tools-3.5.pom (16 kB at 51 kB/s)
[511d775a-6c88-4127-948c-ce9142478d81/build]   | [INFO] Downloading from central: https://repo.maven.apache.org/maven2/org/apache/maven/maven-artifact/2.2.1/maven-artifact-2.2.1.pom
[511d775a-6c88-4127-948c-ce9142478d81/build]   | [INFO] Downloaded from central: https://repo.maven.apache.org/maven2/org/apache/maven/maven-artifact/2.2.1/maven-artifact-2.2.1.pom (1.6 kB at 122 kB/s)
[511d775a-6c88-4127-948c-ce9142478d81/build]   | [INFO] Downloading from central: https://repo.maven.apache.org/maven2/org/codehaus/plexus/plexus-utils/1.5.15/plexus-utils-1.5.15.pom
[511d775a-6c88-4127-948c-ce9142478d81/build]   | [INFO] Downloaded from central: https://repo.maven.apache.org/maven2/org/codehaus/plexus/plexus-utils/1.5.15/plexus-utils-1.5.15.pom (6.8 kB at 457 kB/s)
[511d775a-6c88-4127-948c-ce9142478d81/build]   | [INFO] Downloading from central: https://repo.maven.apache.org/maven2/org/codehaus/plexus/plexus/2.0.2/plexus-2.0.2.pom
[511d775a-6c88-4127-948c-ce9142478d81/build]   | [INFO] Downloaded from central: https://repo.maven.apache.org/maven2/org/codehaus/plexus/plexus/2.0.2/plexus-2.0.2.pom (12 kB at 447 kB/s)
[511d775a-6c88-4127-948c-ce9142478d81/build]   | [INFO] Downloading from central: https://repo.maven.apache.org/maven2/org/apache/maven/surefire/surefire-api/2.21.0/surefire-api-2.21.0.pom
[511d775a-6c88-4127-948c-ce9142478d81/build]   | [INFO] Downloaded from central: https://repo.maven.apache.org/maven2/org/apache/maven/surefire/surefire-api/2.21.0/surefire-api-2.21.0.pom (3.5 kB at 50 kB/s)
[511d775a-6c88-4127-948c-ce9142478d81/build]   | [INFO] Downloading from central: https://repo.maven.apache.org/maven2/org/apache/maven/surefire/surefire-logger-api/2.21.0/surefire-logger-api-2.21.0.pom
[511d775a-6c88-4127-948c-ce9142478d81/build]   | [INFO] Downloaded from central: https://repo.maven.apache.org/maven2/org/apache/maven/surefire/surefire-logger-api/2.21.0/surefire-logger-api-2.21.0.pom (2.0 kB at 22 kB/s)
[511d775a-6c88-4127-948c-ce9142478d81/build]   | [INFO] Downloading from central: https://repo.maven.apache.org/maven2/org/apache/maven/surefire/surefire-booter/2.21.0/surefire-booter-2.21.0.pom
[511d775a-6c88-4127-948c-ce9142478d81/build]   | [INFO] Downloaded from central: https://repo.maven.apache.org/maven2/org/apache/maven/surefire/surefire-booter/2.21.0/surefire-booter-2.21.0.pom (7.4 kB at 171 kB/s)
[511d775a-6c88-4127-948c-ce9142478d81/build]   | [INFO] Downloading from central: https://repo.maven.apache.org/maven2/org/apache/maven/maven-plugin-descriptor/2.2.1/maven-plugin-descriptor-2.2.1.pom
[511d775a-6c88-4127-948c-ce9142478d81/build]   | [INFO] Downloaded from central: https://repo.maven.apache.org/maven2/org/apache/maven/maven-plugin-descriptor/2.2.1/maven-plugin-descriptor-2.2.1.pom (2.1 kB at 109 kB/s)
[511d775a-6c88-4127-948c-ce9142478d81/build]   | [INFO] Downloading from central: https://repo.maven.apache.org/maven2/org/codehaus/plexus/plexus-container-default/1.0-alpha-9-stable-1/plexus-container-default-1.0-alpha-9-stable-1.pom
[511d775a-6c88-4127-948c-ce9142478d81/build]   | [INFO] Downloaded from central: https://repo.maven.apache.org/maven2/org/codehaus/plexus/plexus-container-default/1.0-alpha-9-stable-1/plexus-container-default-1.0-alpha-9-stable-1.pom (3.9 kB at 71 kB/s)
[511d775a-6c88-4127-948c-ce9142478d81/build]   | [INFO] Downloading from central: https://repo.maven.apache.org/maven2/org/codehaus/plexus/plexus-containers/1.0.3/plexus-containers-1.0.3.pom
[511d775a-6c88-4127-948c-ce9142478d81/build]   | [INFO] Downloaded from central: https://repo.maven.apache.org/maven2/org/codehaus/plexus/plexus-containers/1.0.3/plexus-containers-1.0.3.pom (492 B at 26 kB/s)
[511d775a-6c88-4127-948c-ce9142478d81/build]   | [INFO] Downloading from central: https://repo.maven.apache.org/maven2/org/codehaus/plexus/plexus/1.0.4/plexus-1.0.4.pom
[511d775a-6c88-4127-948c-ce9142478d81/build]   | [INFO] Downloaded from central: https://repo.maven.apache.org/maven2/org/codehaus/plexus/plexus/1.0.4/plexus-1.0.4.pom (5.7 kB at 249 kB/s)
[511d775a-6c88-4127-948c-ce9142478d81/build]   | [INFO] Downloading from central: https://repo.maven.apache.org/maven2/org/codehaus/plexus/plexus-utils/1.0.4/plexus-utils-1.0.4.pom
[511d775a-6c88-4127-948c-ce9142478d81/build]   | [INFO] Downloaded from central: https://repo.maven.apache.org/maven2/org/codehaus/plexus/plexus-utils/1.0.4/plexus-utils-1.0.4.pom (6.9 kB at 264 kB/s)
[511d775a-6c88-4127-948c-ce9142478d81/build]   | [INFO] Downloading from central: https://repo.maven.apache.org/maven2/classworlds/classworlds/1.1-alpha-2/classworlds-1.1-alpha-2.pom
[511d775a-6c88-4127-948c-ce9142478d81/build]   | [INFO] Downloaded from central: https://repo.maven.apache.org/maven2/classworlds/classworlds/1.1-alpha-2/classworlds-1.1-alpha-2.pom (3.1 kB at 116 kB/s)
[511d775a-6c88-4127-948c-ce9142478d81/build]   | [INFO] Downloading from central: https://repo.maven.apache.org/maven2/org/apache/maven/maven-project/2.2.1/maven-project-2.2.1.pom
[511d775a-6c88-4127-948c-ce9142478d81/build]   | [INFO] Downloaded from central: https://repo.maven.apache.org/maven2/org/apache/maven/maven-project/2.2.1/maven-project-2.2.1.pom (2.8 kB at 3.6 kB/s)
[511d775a-6c88-4127-948c-ce9142478d81/build]   | [INFO] Downloading from central: https://repo.maven.apache.org/maven2/org/apache/maven/maven-settings/2.2.1/maven-settings-2.2.1.pom
[511d775a-6c88-4127-948c-ce9142478d81/build]   | [INFO] Downloaded from central: https://repo.maven.apache.org/maven2/org/apache/maven/maven-settings/2.2.1/maven-settings-2.2.1.pom (2.2 kB at 29 kB/s)
[511d775a-6c88-4127-948c-ce9142478d81/build]   | [INFO] Downloading from central: https://repo.maven.apache.org/maven2/org/apache/maven/maven-model/2.2.1/maven-model-2.2.1.pom
[511d775a-6c88-4127-948c-ce9142478d81/build]   | [INFO] Downloaded from central: https://repo.maven.apache.org/maven2/org/apache/maven/maven-model/2.2.1/maven-model-2.2.1.pom (3.2 kB at 43 kB/s)
[511d775a-6c88-4127-948c-ce9142478d81/build]   | [INFO] Downloading from central: https://repo.maven.apache.org/maven2/org/codehaus/plexus/plexus-interpolation/1.11/plexus-interpolation-1.11.pom
[511d775a-6c88-4127-948c-ce9142478d81/build]   | [INFO] Downloaded from central: https://repo.maven.apache.org/maven2/org/codehaus/plexus/plexus-interpolation/1.11/plexus-interpolation-1.11.pom (889 B at 15 kB/s)
[511d775a-6c88-4127-948c-ce9142478d81/build]   | [INFO] Downloading from central: https://repo.maven.apache.org/maven2/org/codehaus/plexus/plexus-components/1.1.14/plexus-components-1.1.14.pom
[511d775a-6c88-4127-948c-ce9142478d81/build]   | [INFO] Downloaded from central: https://repo.maven.apache.org/maven2/org/codehaus/plexus/plexus-components/1.1.14/plexus-components-1.1.14.pom (5.8 kB at 83 kB/s)
[511d775a-6c88-4127-948c-ce9142478d81/build]   | [INFO] Downloading from central: https://repo.maven.apache.org/maven2/org/apache/maven/maven-profile/2.2.1/maven-profile-2.2.1.pom
[511d775a-6c88-4127-948c-ce9142478d81/build]   | [INFO] Downloaded from central: https://repo.maven.apache.org/maven2/org/apache/maven/maven-profile/2.2.1/maven-profile-2.2.1.pom (2.2 kB at 78 kB/s)
[511d775a-6c88-4127-948c-ce9142478d81/build]   | [INFO] Downloading from central: https://repo.maven.apache.org/maven2/org/apache/maven/maven-artifact-manager/2.2.1/maven-artifact-manager-2.2.1.pom
[511d775a-6c88-4127-948c-ce9142478d81/build]   | [INFO] Downloaded from central: https://repo.maven.apache.org/maven2/org/apache/maven/maven-artifact-manager/2.2.1/maven-artifact-manager-2.2.1.pom (3.1 kB at 107 kB/s)
[511d775a-6c88-4127-948c-ce9142478d81/build]   | [INFO] Downloading from central: https://repo.maven.apache.org/maven2/org/apache/maven/maven-repository-metadata/2.2.1/maven-repository-metadata-2.2.1.pom
[511d775a-6c88-4127-948c-ce9142478d81/build]   | [INFO] Downloaded from central: https://repo.maven.apache.org/maven2/org/apache/maven/maven-repository-metadata/2.2.1/maven-repository-metadata-2.2.1.pom (1.9 kB at 31 kB/s)
[511d775a-6c88-4127-948c-ce9142478d81/build]   | [INFO] Downloading from central: https://repo.maven.apache.org/maven2/backport-util-concurrent/backport-util-concurrent/3.1/backport-util-concurrent-3.1.pom
[511d775a-6c88-4127-948c-ce9142478d81/build]   | [INFO] Downloaded from central: https://repo.maven.apache.org/maven2/backport-util-concurrent/backport-util-concurrent/3.1/backport-util-concurrent-3.1.pom (880 B at 1.7 kB/s)
[511d775a-6c88-4127-948c-ce9142478d81/build]   | [INFO] Downloading from central: https://repo.maven.apache.org/maven2/org/apache/maven/maven-plugin-registry/2.2.1/maven-plugin-registry-2.2.1.pom
[511d775a-6c88-4127-948c-ce9142478d81/build]   | [INFO] Downloaded from central: https://repo.maven.apache.org/maven2/org/apache/maven/maven-plugin-registry/2.2.1/maven-plugin-registry-2.2.1.pom (1.9 kB at 27 kB/s)
[511d775a-6c88-4127-948c-ce9142478d81/build]   | [INFO] Downloading from central: https://repo.maven.apache.org/maven2/org/apache/maven/maven-core/2.2.1/maven-core-2.2.1.pom
[511d775a-6c88-4127-948c-ce9142478d81/build]   | [INFO] Downloaded from central: https://repo.maven.apache.org/maven2/org/apache/maven/maven-core/2.2.1/maven-core-2.2.1.pom (12 kB at 32 kB/s)
[511d775a-6c88-4127-948c-ce9142478d81/build]   | [INFO] Downloading from central: https://repo.maven.apache.org/maven2/org/apache/maven/maven-plugin-parameter-documenter/2.2.1/maven-plugin-parameter-documenter-2.2.1.pom
[511d775a-6c88-4127-948c-ce9142478d81/build]   | [INFO] Downloaded from central: https://repo.maven.apache.org/maven2/org/apache/maven/maven-plugin-parameter-documenter/2.2.1/maven-plugin-parameter-documenter-2.2.1.pom (2.0 kB at 82 kB/s)
[511d775a-6c88-4127-948c-ce9142478d81/build]   | [INFO] Downloading from central: https://repo.maven.apache.org/maven2/org/slf4j/slf4j-jdk14/1.5.6/slf4j-jdk14-1.5.6.pom
[511d775a-6c88-4127-948c-ce9142478d81/build]   | [INFO] Downloaded from central: https://repo.maven.apache.org/maven2/org/slf4j/slf4j-jdk14/1.5.6/slf4j-jdk14-1.5.6.pom (1.9 kB at 90 kB/s)
[511d775a-6c88-4127-948c-ce9142478d81/build]   | [INFO] Downloading from central: https://repo.maven.apache.org/maven2/org/slf4j/slf4j-parent/1.5.6/slf4j-parent-1.5.6.pom
[511d775a-6c88-4127-948c-ce9142478d81/build]   | [INFO] Downloaded from central: https://repo.maven.apache.org/maven2/org/slf4j/slf4j-parent/1.5.6/slf4j-parent-1.5.6.pom (7.9 kB at 203 kB/s)
[511d775a-6c88-4127-948c-ce9142478d81/build]   | [INFO] Downloading from central: https://repo.maven.apache.org/maven2/org/slf4j/slf4j-api/1.5.6/slf4j-api-1.5.6.pom
[511d775a-6c88-4127-948c-ce9142478d81/build]   | [INFO] Downloaded from central: https://repo.maven.apache.org/maven2/org/slf4j/slf4j-api/1.5.6/slf4j-api-1.5.6.pom (3.0 kB at 103 kB/s)
[511d775a-6c88-4127-948c-ce9142478d81/build]   | [INFO] Downloading from central: https://repo.maven.apache.org/maven2/org/slf4j/jcl-over-slf4j/1.5.6/jcl-over-slf4j-1.5.6.pom
[511d775a-6c88-4127-948c-ce9142478d81/build]   | [INFO] Downloaded from central: https://repo.maven.apache.org/maven2/org/slf4j/jcl-over-slf4j/1.5.6/jcl-over-slf4j-1.5.6.pom (2.2 kB at 128 kB/s)
[511d775a-6c88-4127-948c-ce9142478d81/build]   | [INFO] Downloading from central: https://repo.maven.apache.org/maven2/org/apache/maven/reporting/maven-reporting-api/3.0/maven-reporting-api-3.0.pom
[511d775a-6c88-4127-948c-ce9142478d81/build]   | [INFO] Downloaded from central: https://repo.maven.apache.org/maven2/org/apache/maven/reporting/maven-reporting-api/3.0/maven-reporting-api-3.0.pom (2.4 kB at 58 kB/s)
[511d775a-6c88-4127-948c-ce9142478d81/build]   | [INFO] Downloading from central: https://repo.maven.apache.org/maven2/org/apache/maven/shared/maven-shared-components/15/maven-shared-components-15.pom
[511d775a-6c88-4127-948c-ce9142478d81/build]   | [INFO] Downloaded from central: https://repo.maven.apache.org/maven2/org/apache/maven/shared/maven-shared-components/15/maven-shared-components-15.pom (9.3 kB at 139 kB/s)
[511d775a-6c88-4127-948c-ce9142478d81/build]   | [INFO] Downloading from central: https://repo.maven.apache.org/maven2/org/apache/maven/maven-parent/16/maven-parent-16.pom
[511d775a-6c88-4127-948c-ce9142478d81/build]   | [INFO] Downloaded from central: https://repo.maven.apache.org/maven2/org/apache/maven/maven-parent/16/maven-parent-16.pom (23 kB at 180 kB/s)
[511d775a-6c88-4127-948c-ce9142478d81/build]   | [INFO] Downloading from central: https://repo.maven.apache.org/maven2/org/apache/apache/7/apache-7.pom
[511d775a-6c88-4127-948c-ce9142478d81/build]   | [INFO] Downloaded from central: https://repo.maven.apache.org/maven2/org/apache/apache/7/apache-7.pom (14 kB at 190 kB/s)
[511d775a-6c88-4127-948c-ce9142478d81/build]   | [INFO] Downloading from central: https://repo.maven.apache.org/maven2/org/apache/maven/maven-error-diagnostics/2.2.1/maven-error-diagnostics-2.2.1.pom
[511d775a-6c88-4127-948c-ce9142478d81/build]   | [INFO] Downloaded from central: https://repo.maven.apache.org/maven2/org/apache/maven/maven-error-diagnostics/2.2.1/maven-error-diagnostics-2.2.1.pom (1.7 kB at 53 kB/s)
[511d775a-6c88-4127-948c-ce9142478d81/build]   | [INFO] Downloading from central: https://repo.maven.apache.org/maven2/org/apache/maven/maven-monitor/2.2.1/maven-monitor-2.2.1.pom
[511d775a-6c88-4127-948c-ce9142478d81/build]   | [INFO] Downloaded from central: https://repo.maven.apache.org/maven2/org/apache/maven/maven-monitor/2.2.1/maven-monitor-2.2.1.pom (1.3 kB at 41 kB/s)
[511d775a-6c88-4127-948c-ce9142478d81/build]   | [INFO] Downloading from central: https://repo.maven.apache.org/maven2/classworlds/classworlds/1.1/classworlds-1.1.pom
[511d775a-6c88-4127-948c-ce9142478d81/build]   | [INFO] Downloaded from central: https://repo.maven.apache.org/maven2/classworlds/classworlds/1.1/classworlds-1.1.pom (3.3 kB at 26 kB/s)
[511d775a-6c88-4127-948c-ce9142478d81/build]   | [INFO] Downloading from central: https://repo.maven.apache.org/maven2/org/sonatype/plexus/plexus-sec-dispatcher/1.3/plexus-sec-dispatcher-1.3.pom
[511d775a-6c88-4127-948c-ce9142478d81/build]   | [INFO] Downloaded from central: https://repo.maven.apache.org/maven2/org/sonatype/plexus/plexus-sec-dispatcher/1.3/plexus-sec-dispatcher-1.3.pom (3.0 kB at 74 kB/s)
[511d775a-6c88-4127-948c-ce9142478d81/build]   | [INFO] Downloading from central: https://repo.maven.apache.org/maven2/org/sonatype/spice/spice-parent/12/spice-parent-12.pom
[511d775a-6c88-4127-948c-ce9142478d81/build]   | [INFO] Downloaded from central: https://repo.maven.apache.org/maven2/org/sonatype/spice/spice-parent/12/spice-parent-12.pom (6.8 kB at 61 kB/s)
[511d775a-6c88-4127-948c-ce9142478d81/build]   | [INFO] Downloading from central: https://repo.maven.apache.org/maven2/org/sonatype/forge/forge-parent/4/forge-parent-4.pom
[511d775a-6c88-4127-948c-ce9142478d81/build]   | [INFO] Downloaded from central: https://repo.maven.apache.org/maven2/org/sonatype/forge/forge-parent/4/forge-parent-4.pom (8.4 kB at 87 kB/s)
[511d775a-6c88-4127-948c-ce9142478d81/build]   | [INFO] Downloading from central: https://repo.maven.apache.org/maven2/org/codehaus/plexus/plexus-utils/1.5.5/plexus-utils-1.5.5.pom
[511d775a-6c88-4127-948c-ce9142478d81/build]   | [INFO] Downloaded from central: https://repo.maven.apache.org/maven2/org/codehaus/plexus/plexus-utils/1.5.5/plexus-utils-1.5.5.pom (5.1 kB at 65 kB/s)
[511d775a-6c88-4127-948c-ce9142478d81/build]   | [INFO] Downloading from central: https://repo.maven.apache.org/maven2/org/codehaus/plexus/plexus/1.0.11/plexus-1.0.11.pom
[511d775a-6c88-4127-948c-ce9142478d81/build]   | [INFO] Downloaded from central: https://repo.maven.apache.org/maven2/org/codehaus/plexus/plexus/1.0.11/plexus-1.0.11.pom (9.0 kB at 142 kB/s)
[511d775a-6c88-4127-948c-ce9142478d81/build]   | [INFO] Downloading from central: https://repo.maven.apache.org/maven2/org/sonatype/plexus/plexus-cipher/1.4/plexus-cipher-1.4.pom
[511d775a-6c88-4127-948c-ce9142478d81/build]   | [INFO] Downloaded from central: https://repo.maven.apache.org/maven2/org/sonatype/plexus/plexus-cipher/1.4/plexus-cipher-1.4.pom (2.1 kB at 65 kB/s)
[511d775a-6c88-4127-948c-ce9142478d81/build]   | [INFO] Downloading from central: https://repo.maven.apache.org/maven2/org/apache/maven/maven-toolchain/2.2.1/maven-toolchain-2.2.1.pom
[511d775a-6c88-4127-948c-ce9142478d81/build]   | [INFO] Downloaded from central: https://repo.maven.apache.org/maven2/org/apache/maven/maven-toolchain/2.2.1/maven-toolchain-2.2.1.pom (3.3 kB at 42 kB/s)
[511d775a-6c88-4127-948c-ce9142478d81/build]   | [INFO] Downloading from central: https://repo.maven.apache.org/maven2/org/codehaus/plexus/plexus-java/0.9.3/plexus-java-0.9.3.pom
[511d775a-6c88-4127-948c-ce9142478d81/build]   | [INFO] Downloaded from central: https://repo.maven.apache.org/maven2/org/codehaus/plexus/plexus-java/0.9.3/plexus-java-0.9.3.pom (2.4 kB at 48 kB/s)
[511d775a-6c88-4127-948c-ce9142478d81/build]   | [INFO] Downloading from central: https://repo.maven.apache.org/maven2/org/codehaus/plexus/plexus-languages/0.9.3/plexus-languages-0.9.3.pom
[511d775a-6c88-4127-948c-ce9142478d81/build]   | [INFO] Downloaded from central: https://repo.maven.apache.org/maven2/org/codehaus/plexus/plexus-languages/0.9.3/plexus-languages-0.9.3.pom (2.2 kB at 44 kB/s)
[511d775a-6c88-4127-948c-ce9142478d81/build]   | [INFO] Downloading from central: https://repo.maven.apache.org/maven2/org/codehaus/plexus/plexus/4.0/plexus-4.0.pom
[511d775a-6c88-4127-948c-ce9142478d81/build]   | [INFO] Downloaded from central: https://repo.maven.apache.org/maven2/org/codehaus/plexus/plexus/4.0/plexus-4.0.pom (22 kB at 62 kB/s)
[511d775a-6c88-4127-948c-ce9142478d81/build]   | [INFO] Downloading from central: https://repo.maven.apache.org/maven2/org/ow2/asm/asm/6.0_BETA/asm-6.0_BETA.pom
[511d775a-6c88-4127-948c-ce9142478d81/build]   | [INFO] Downloaded from central: https://repo.maven.apache.org/maven2/org/ow2/asm/asm/6.0_BETA/asm-6.0_BETA.pom (1.9 kB at 33 kB/s)
[511d775a-6c88-4127-948c-ce9142478d81/build]   | [INFO] Downloading from central: https://repo.maven.apache.org/maven2/org/ow2/asm/asm-parent/6.0_BETA/asm-parent-6.0_BETA.pom
[511d775a-6c88-4127-948c-ce9142478d81/build]   | [INFO] Downloaded from central: https://repo.maven.apache.org/maven2/org/ow2/asm/asm-parent/6.0_BETA/asm-parent-6.0_BETA.pom (5.5 kB at 59 kB/s)
[511d775a-6c88-4127-948c-ce9142478d81/build]   | [INFO] Downloading from central: https://repo.maven.apache.org/maven2/org/ow2/ow2/1.3/ow2-1.3.pom
[511d775a-6c88-4127-948c-ce9142478d81/build]   | [INFO] Downloaded from central: https://repo.maven.apache.org/maven2/org/ow2/ow2/1.3/ow2-1.3.pom (9.5 kB at 149 kB/s)
[511d775a-6c88-4127-948c-ce9142478d81/build]   | [INFO] Downloading from central: https://repo.maven.apache.org/maven2/com/thoughtworks/qdox/qdox/2.0-M7/qdox-2.0-M7.pom
[511d775a-6c88-4127-948c-ce9142478d81/build]   | [INFO] Downloaded from central: https://repo.maven.apache.org/maven2/com/thoughtworks/qdox/qdox/2.0-M7/qdox-2.0-M7.pom (16 kB at 344 kB/s)
[511d775a-6c88-4127-948c-ce9142478d81/build]   | [INFO] Downloading from central: https://repo.maven.apache.org/maven2/org/sonatype/oss/oss-parent/9/oss-parent-9.pom
[511d775a-6c88-4127-948c-ce9142478d81/build]   | [INFO] Downloaded from central: https://repo.maven.apache.org/maven2/org/sonatype/oss/oss-parent/9/oss-parent-9.pom (6.6 kB at 98 kB/s)
[511d775a-6c88-4127-948c-ce9142478d81/build]   | [INFO] Downloading from central: https://repo.maven.apache.org/maven2/org/apache/maven/surefire/maven-surefire-common/2.21.0/maven-surefire-common-2.21.0.jar
[511d775a-6c88-4127-948c-ce9142478d81/build]   | [INFO] Downloading from central: https://repo.maven.apache.org/maven2/org/apache/maven/maven-plugin-api/2.2.1/maven-plugin-api-2.2.1.jar
[511d775a-6c88-4127-948c-ce9142478d81/build]   | [INFO] Downloading from central: https://repo.maven.apache.org/maven2/org/apache/maven/plugin-tools/maven-plugin-annotations/3.5/maven-plugin-annotations-3.5.jar
[511d775a-6c88-4127-948c-ce9142478d81/build]   | [INFO] Downloading from central: https://repo.maven.apache.org/maven2/org/apache/maven/surefire/surefire-api/2.21.0/surefire-api-2.21.0.jar
[511d775a-6c88-4127-948c-ce9142478d81/build]   | [INFO] Downloading from central: https://repo.maven.apache.org/maven2/org/apache/maven/surefire/surefire-logger-api/2.21.0/surefire-logger-api-2.21.0.jar
[511d775a-6c88-4127-948c-ce9142478d81/build]   | [INFO] Downloaded from central: https://repo.maven.apache.org/maven2/org/apache/maven/plugin-tools/maven-plugin-annotations/3.5/maven-plugin-annotations-3.5.jar (14 kB at 447 kB/s)
[511d775a-6c88-4127-948c-ce9142478d81/build]   | [INFO] Downloading from central: https://repo.maven.apache.org/maven2/org/apache/maven/surefire/surefire-booter/2.21.0/surefire-booter-2.21.0.jar
[511d775a-6c88-4127-948c-ce9142478d81/build]   | [INFO] Downloaded from central: https://repo.maven.apache.org/maven2/org/apache/maven/surefire/surefire-api/2.21.0/surefire-api-2.21.0.jar (185 kB at 3.6 MB/s)
[511d775a-6c88-4127-948c-ce9142478d81/build]   | [INFO] Downloading from central: https://repo.maven.apache.org/maven2/org/apache/maven/maven-artifact/2.2.1/maven-artifact-2.2.1.jar
[511d775a-6c88-4127-948c-ce9142478d81/build]   | [INFO] Downloaded from central: https://repo.maven.apache.org/maven2/org/apache/maven/surefire/surefire-logger-api/2.21.0/surefire-logger-api-2.21.0.jar (13 kB at 258 kB/s)
[511d775a-6c88-4127-948c-ce9142478d81/build]   | [INFO] Downloading from central: https://repo.maven.apache.org/maven2/org/codehaus/plexus/plexus-utils/1.5.15/plexus-utils-1.5.15.jar
[511d775a-6c88-4127-948c-ce9142478d81/build]   | [INFO] Downloaded from central: https://repo.maven.apache.org/maven2/org/apache/maven/maven-plugin-api/2.2.1/maven-plugin-api-2.2.1.jar (12 kB at 163 kB/s)
[511d775a-6c88-4127-948c-ce9142478d81/build]   | [INFO] Downloading from central: https://repo.maven.apache.org/maven2/org/apache/maven/maven-plugin-descriptor/2.2.1/maven-plugin-descriptor-2.2.1.jar
[511d775a-6c88-4127-948c-ce9142478d81/build]   | [INFO] Downloaded from central: https://repo.maven.apache.org/maven2/org/apache/maven/maven-artifact/2.2.1/maven-artifact-2.2.1.jar (80 kB at 923 kB/s)
[511d775a-6c88-4127-948c-ce9142478d81/build]   | [INFO] Downloading from central: https://repo.maven.apache.org/maven2/org/codehaus/plexus/plexus-container-default/1.0-alpha-9-stable-1/plexus-container-default-1.0-alpha-9-stable-1.jar
[511d775a-6c88-4127-948c-ce9142478d81/build]   | [INFO] Downloaded from central: https://repo.maven.apache.org/maven2/org/apache/maven/maven-plugin-descriptor/2.2.1/maven-plugin-descriptor-2.2.1.jar (39 kB at 281 kB/s)
[511d775a-6c88-4127-948c-ce9142478d81/build]   | [INFO] Downloading from central: https://repo.maven.apache.org/maven2/org/apache/maven/maven-project/2.2.1/maven-project-2.2.1.jar
[511d775a-6c88-4127-948c-ce9142478d81/build]   | [INFO] Downloaded from central: https://repo.maven.apache.org/maven2/org/codehaus/plexus/plexus-utils/1.5.15/plexus-utils-1.5.15.jar (228 kB at 566 kB/s)
[511d775a-6c88-4127-948c-ce9142478d81/build]   | [INFO] Downloading from central: https://repo.maven.apache.org/maven2/org/apache/maven/maven-settings/2.2.1/maven-settings-2.2.1.jar
[511d775a-6c88-4127-948c-ce9142478d81/build]   | [INFO] Downloaded from central: https://repo.maven.apache.org/maven2/org/apache/maven/maven-settings/2.2.1/maven-settings-2.2.1.jar (49 kB at 93 kB/s)
[511d775a-6c88-4127-948c-ce9142478d81/build]   | [INFO] Downloading from central: https://repo.maven.apache.org/maven2/org/apache/maven/maven-profile/2.2.1/maven-profile-2.2.1.jar
[511d775a-6c88-4127-948c-ce9142478d81/build]   | [INFO] Downloaded from central: https://repo.maven.apache.org/maven2/org/apache/maven/maven-profile/2.2.1/maven-profile-2.2.1.jar (35 kB at 37 kB/s)
[511d775a-6c88-4127-948c-ce9142478d81/build]   | [INFO] Downloading from central: https://repo.maven.apache.org/maven2/org/apache/maven/maven-artifact-manager/2.2.1/maven-artifact-manager-2.2.1.jar
[511d775a-6c88-4127-948c-ce9142478d81/build]   | [INFO] Downloaded from central: https://repo.maven.apache.org/maven2/org/codehaus/plexus/plexus-container-default/1.0-alpha-9-stable-1/plexus-container-default-1.0-alpha-9-stable-1.jar (194 kB at 192 kB/s)
[511d775a-6c88-4127-948c-ce9142478d81/build]   | [INFO] Downloading from central: https://repo.maven.apache.org/maven2/backport-util-concurrent/backport-util-concurrent/3.1/backport-util-concurrent-3.1.jar
[511d775a-6c88-4127-948c-ce9142478d81/build]   | [INFO] Downloaded from central: https://repo.maven.apache.org/maven2/org/apache/maven/maven-project/2.2.1/maven-project-2.2.1.jar (156 kB at 86 kB/s)
[511d775a-6c88-4127-948c-ce9142478d81/build]   | [INFO] Downloading from central: https://repo.maven.apache.org/maven2/org/apache/maven/maven-plugin-registry/2.2.1/maven-plugin-registry-2.2.1.jar
[511d775a-6c88-4127-948c-ce9142478d81/build]   | [INFO] Downloaded from central: https://repo.maven.apache.org/maven2/org/apache/maven/maven-artifact-manager/2.2.1/maven-artifact-manager-2.2.1.jar (68 kB at 22 kB/s)
[511d775a-6c88-4127-948c-ce9142478d81/build]   | [INFO] Downloading from central: https://repo.maven.apache.org/maven2/org/codehaus/plexus/plexus-interpolation/1.11/plexus-interpolation-1.11.jar
[511d775a-6c88-4127-948c-ce9142478d81/build]   | [INFO] Downloaded from central: https://repo.maven.apache.org/maven2/org/apache/maven/maven-plugin-registry/2.2.1/maven-plugin-registry-2.2.1.jar (30 kB at 9.4 kB/s)
[511d775a-6c88-4127-948c-ce9142478d81/build]   | [INFO] Downloading from central: https://repo.maven.apache.org/maven2/org/apache/maven/maven-model/2.2.1/maven-model-2.2.1.jar
[511d775a-6c88-4127-948c-ce9142478d81/build]   | [INFO] Downloaded from central: https://repo.maven.apache.org/maven2/org/codehaus/plexus/plexus-interpolation/1.11/plexus-interpolation-1.11.jar (51 kB at 14 kB/s)
[511d775a-6c88-4127-948c-ce9142478d81/build]   | [INFO] Downloading from central: https://repo.maven.apache.org/maven2/org/apache/maven/maven-core/2.2.1/maven-core-2.2.1.jar
[511d775a-6c88-4127-948c-ce9142478d81/build]   | [INFO] Downloaded from central: https://repo.maven.apache.org/maven2/org/apache/maven/surefire/surefire-booter/2.21.0/surefire-booter-2.21.0.jar (273 kB at 76 kB/s)
[511d775a-6c88-4127-948c-ce9142478d81/build]   | [INFO] Downloading from central: https://repo.maven.apache.org/maven2/org/apache/maven/maven-plugin-parameter-documenter/2.2.1/maven-plugin-parameter-documenter-2.2.1.jar
[511d775a-6c88-4127-948c-ce9142478d81/build]   | [INFO] Downloaded from central: https://repo.maven.apache.org/maven2/org/apache/maven/maven-model/2.2.1/maven-model-2.2.1.jar (88 kB at 24 kB/s)
[511d775a-6c88-4127-948c-ce9142478d81/build]   | [INFO] Downloading from central: https://repo.maven.apache.org/maven2/org/slf4j/slf4j-jdk14/1.5.6/slf4j-jdk14-1.5.6.jar
[511d775a-6c88-4127-948c-ce9142478d81/build]   | [INFO] Downloaded from central: https://repo.maven.apache.org/maven2/org/slf4j/slf4j-jdk14/1.5.6/slf4j-jdk14-1.5.6.jar (8.8 kB at 2.4 kB/s)
[511d775a-6c88-4127-948c-ce9142478d81/build]   | [INFO] Downloading from central: https://repo.maven.apache.org/maven2/org/slf4j/slf4j-api/1.5.6/slf4j-api-1.5.6.jar
[511d775a-6c88-4127-948c-ce9142478d81/build]   | [INFO] Downloaded from central: https://repo.maven.apache.org/maven2/org/apache/maven/maven-plugin-parameter-documenter/2.2.1/maven-plugin-parameter-documenter-2.2.1.jar (22 kB at 5.5 kB/s)
[511d775a-6c88-4127-948c-ce9142478d81/build]   | [INFO] Downloading from central: https://repo.maven.apache.org/maven2/org/slf4j/jcl-over-slf4j/1.5.6/jcl-over-slf4j-1.5.6.jar
[511d775a-6c88-4127-948c-ce9142478d81/build]   | [INFO] Downloaded from central: https://repo.maven.apache.org/maven2/org/slf4j/jcl-over-slf4j/1.5.6/jcl-over-slf4j-1.5.6.jar (17 kB at 4.0 kB/s)
[511d775a-6c88-4127-948c-ce9142478d81/build]   | [INFO] Downloading from central: https://repo.maven.apache.org/maven2/org/apache/maven/reporting/maven-reporting-api/3.0/maven-reporting-api-3.0.jar
[511d775a-6c88-4127-948c-ce9142478d81/build]   | [INFO] Downloaded from central: https://repo.maven.apache.org/maven2/backport-util-concurrent/backport-util-concurrent/3.1/backport-util-concurrent-3.1.jar (332 kB at 77 kB/s)
[511d775a-6c88-4127-948c-ce9142478d81/build]   | [INFO] Downloading from central: https://repo.maven.apache.org/maven2/org/apache/maven/maven-repository-metadata/2.2.1/maven-repository-metadata-2.2.1.jar
[511d775a-6c88-4127-948c-ce9142478d81/build]   | [INFO] Downloaded from central: https://repo.maven.apache.org/maven2/org/slf4j/slf4j-api/1.5.6/slf4j-api-1.5.6.jar (22 kB at 5.0 kB/s)
[511d775a-6c88-4127-948c-ce9142478d81/build]   | [INFO] Downloading from central: https://repo.maven.apache.org/maven2/org/apache/maven/maven-error-diagnostics/2.2.1/maven-error-diagnostics-2.2.1.jar
[511d775a-6c88-4127-948c-ce9142478d81/build]   | [INFO] Downloaded from central: https://repo.maven.apache.org/maven2/org/apache/maven/maven-error-diagnostics/2.2.1/maven-error-diagnostics-2.2.1.jar (13 kB at 2.8 kB/s)
[511d775a-6c88-4127-948c-ce9142478d81/build]   | [INFO] Downloading from central: https://repo.maven.apache.org/maven2/org/apache/maven/maven-monitor/2.2.1/maven-monitor-2.2.1.jar
[511d775a-6c88-4127-948c-ce9142478d81/build]   | [INFO] Downloaded from central: https://repo.maven.apache.org/maven2/org/apache/maven/reporting/maven-reporting-api/3.0/maven-reporting-api-3.0.jar (11 kB at 2.4 kB/s)
[511d775a-6c88-4127-948c-ce9142478d81/build]   | [INFO] Downloading from central: https://repo.maven.apache.org/maven2/classworlds/classworlds/1.1/classworlds-1.1.jar
[511d775a-6c88-4127-948c-ce9142478d81/build]   | [INFO] Downloaded from central: https://repo.maven.apache.org/maven2/org/apache/maven/maven-repository-metadata/2.2.1/maven-repository-metadata-2.2.1.jar (26 kB at 5.5 kB/s)
[511d775a-6c88-4127-948c-ce9142478d81/build]   | [INFO] Downloading from central: https://repo.maven.apache.org/maven2/org/sonatype/plexus/plexus-sec-dispatcher/1.3/plexus-sec-dispatcher-1.3.jar
[511d775a-6c88-4127-948c-ce9142478d81/build]   | [INFO] Downloaded from central: https://repo.maven.apache.org/maven2/org/apache/maven/maven-monitor/2.2.1/maven-monitor-2.2.1.jar (10 kB at 2.2 kB/s)
[511d775a-6c88-4127-948c-ce9142478d81/build]   | [INFO] Downloading from central: https://repo.maven.apache.org/maven2/org/sonatype/plexus/plexus-cipher/1.4/plexus-cipher-1.4.jar
[511d775a-6c88-4127-948c-ce9142478d81/build]   | [INFO] Downloaded from central: https://repo.maven.apache.org/maven2/classworlds/classworlds/1.1/classworlds-1.1.jar (38 kB at 7.8 kB/s)
[511d775a-6c88-4127-948c-ce9142478d81/build]   | [INFO] Downloading from central: https://repo.maven.apache.org/maven2/org/apache/maven/maven-toolchain/2.2.1/maven-toolchain-2.2.1.jar
[511d775a-6c88-4127-948c-ce9142478d81/build]   | [INFO] Downloaded from central: https://repo.maven.apache.org/maven2/org/sonatype/plexus/plexus-sec-dispatcher/1.3/plexus-sec-dispatcher-1.3.jar (29 kB at 5.7 kB/s)
[511d775a-6c88-4127-948c-ce9142478d81/build]   | [INFO] Downloading from central: https://repo.maven.apache.org/maven2/org/codehaus/plexus/plexus-java/0.9.3/plexus-java-0.9.3.jar
[511d775a-6c88-4127-948c-ce9142478d81/build]   | [INFO] Downloaded from central: https://repo.maven.apache.org/maven2/org/sonatype/plexus/plexus-cipher/1.4/plexus-cipher-1.4.jar (13 kB at 2.7 kB/s)
[511d775a-6c88-4127-948c-ce9142478d81/build]   | [INFO] Downloading from central: https://repo.maven.apache.org/maven2/org/ow2/asm/asm/6.0_BETA/asm-6.0_BETA.jar
[511d775a-6c88-4127-948c-ce9142478d81/build]   | [INFO] Downloaded from central: https://repo.maven.apache.org/maven2/org/apache/maven/maven-toolchain/2.2.1/maven-toolchain-2.2.1.jar (38 kB at 7.4 kB/s)
[511d775a-6c88-4127-948c-ce9142478d81/build]   | [INFO] Downloading from central: https://repo.maven.apache.org/maven2/com/thoughtworks/qdox/qdox/2.0-M7/qdox-2.0-M7.jar
[511d775a-6c88-4127-948c-ce9142478d81/build]   | [INFO] Downloaded from central: https://repo.maven.apache.org/maven2/org/codehaus/plexus/plexus-java/0.9.3/plexus-java-0.9.3.jar (32 kB at 5.9 kB/s)
[511d775a-6c88-4127-948c-ce9142478d81/build]   | [INFO] Downloaded from central: https://repo.maven.apache.org/maven2/org/ow2/asm/asm/6.0_BETA/asm-6.0_BETA.jar (56 kB at 9.4 kB/s)
[511d775a-6c88-4127-948c-ce9142478d81/build]   | [INFO] Downloaded from central: https://repo.maven.apache.org/maven2/org/apache/maven/surefire/maven-surefire-common/2.21.0/maven-surefire-common-2.21.0.jar (521 kB at 76 kB/s)
[511d775a-6c88-4127-948c-ce9142478d81/build]   | [INFO] Downloaded from central: https://repo.maven.apache.org/maven2/org/apache/maven/maven-core/2.2.1/maven-core-2.2.1.jar (178 kB at 26 kB/s)
[511d775a-6c88-4127-948c-ce9142478d81/build]   | [INFO] Downloaded from central: https://repo.maven.apache.org/maven2/com/thoughtworks/qdox/qdox/2.0-M7/qdox-2.0-M7.jar (315 kB at 36 kB/s)
[511d775a-6c88-4127-948c-ce9142478d81/build]   | [INFO] Downloading from central: https://repo.maven.apache.org/maven2/org/apache/maven/surefire/surefire-junit4/2.21.0/surefire-junit4-2.21.0.pom
[511d775a-6c88-4127-948c-ce9142478d81/build]   | [INFO] Downloaded from central: https://repo.maven.apache.org/maven2/org/apache/maven/surefire/surefire-junit4/2.21.0/surefire-junit4-2.21.0.pom (3.1 kB at 38 kB/s)
[511d775a-6c88-4127-948c-ce9142478d81/build]   | [INFO] Downloading from central: https://repo.maven.apache.org/maven2/org/apache/maven/surefire/surefire-providers/2.21.0/surefire-providers-2.21.0.pom
[511d775a-6c88-4127-948c-ce9142478d81/build]   | [INFO] Downloaded from central: https://repo.maven.apache.org/maven2/org/apache/maven/surefire/surefire-providers/2.21.0/surefire-providers-2.21.0.pom (2.5 kB at 19 kB/s)
[511d775a-6c88-4127-948c-ce9142478d81/build]   | [INFO] Downloading from central: https://repo.maven.apache.org/maven2/org/apache/maven/surefire/surefire-junit4/2.21.0/surefire-junit4-2.21.0.jar
[511d775a-6c88-4127-948c-ce9142478d81/build]   | [INFO] Downloaded from central: https://repo.maven.apache.org/maven2/org/apache/maven/surefire/surefire-junit4/2.21.0/surefire-junit4-2.21.0.jar (85 kB at 64 kB/s)
[511d775a-6c88-4127-948c-ce9142478d81/build]   | [INFO] 
[511d775a-6c88-4127-948c-ce9142478d81/build]   | [INFO] -------------------------------------------------------
[511d775a-6c88-4127-948c-ce9142478d81/build]   | [INFO]  T E S T S
[511d775a-6c88-4127-948c-ce9142478d81/build]   | [INFO] -------------------------------------------------------
[511d775a-6c88-4127-948c-ce9142478d81/build]   | [INFO] Running com.walmartlabs.x12.checksum.LuhnMod10ChecksumTest
[511d775a-6c88-4127-948c-ce9142478d81/build]   | [INFO] Tests run: 7, Failures: 0, Errors: 0, Skipped: 0, Time elapsed: 0.046 s - in com.walmartlabs.x12.checksum.LuhnMod10ChecksumTest
[511d775a-6c88-4127-948c-ce9142478d81/build]   | [INFO] Running com.walmartlabs.x12.checksum.BarCodeMod10ChecksumTest
[511d775a-6c88-4127-948c-ce9142478d81/build]   | [INFO] Tests run: 7, Failures: 0, Errors: 0, Skipped: 0, Time elapsed: 0.001 s - in com.walmartlabs.x12.checksum.BarCodeMod10ChecksumTest
[511d775a-6c88-4127-948c-ce9142478d81/build]   | [INFO] Running com.walmartlabs.x12.dex.dx894.DefaultDex894ParserTest
[511d775a-6c88-4127-948c-ce9142478d81/build]   | 20:13:27.949 [main] DEBUG com.walmartlabs.x12.dex.dx894.DefaultDex894Parser - DXS
[511d775a-6c88-4127-948c-ce9142478d81/build]   | 20:13:27.953 [main] DEBUG com.walmartlabs.x12.dex.dx894.DefaultDex894Parser - parseDexTransaction:1
[511d775a-6c88-4127-948c-ce9142478d81/build]   | 20:13:27.953 [main] DEBUG com.walmartlabs.x12.dex.dx894.DefaultDex894Parser - ST
[511d775a-6c88-4127-948c-ce9142478d81/build]   | 20:13:27.953 [main] DEBUG com.walmartlabs.x12.dex.dx894.DefaultDex894Parser - G82
[511d775a-6c88-4127-948c-ce9142478d81/build]   | 20:13:27.954 [main] DEBUG com.walmartlabs.x12.dex.dx894.DefaultDex894Parser - parseDexTransactionLoop:3
[511d775a-6c88-4127-948c-ce9142478d81/build]   | 20:13:27.954 [main] DEBUG com.walmartlabs.x12.dex.dx894.DefaultDex894Parser - LS
[511d775a-6c88-4127-948c-ce9142478d81/build]   | 20:13:27.954 [main] DEBUG com.walmartlabs.x12.dex.dx894.DefaultDex894Parser - parseDexItem:4
[511d775a-6c88-4127-948c-ce9142478d81/build]   | 20:13:27.954 [main] DEBUG com.walmartlabs.x12.dex.dx894.DefaultDex894Parser - G83
[511d775a-6c88-4127-948c-ce9142478d81/build]   | 20:13:27.955 [main] DEBUG com.walmartlabs.x12.dex.dx894.DefaultDex894Parser - G72
[511d775a-6c88-4127-948c-ce9142478d81/build]   | 20:13:27.956 [main] DEBUG com.walmartlabs.x12.dex.dx894.DefaultDex894Parser - LE
[511d775a-6c88-4127-948c-ce9142478d81/build]   | 20:13:27.956 [main] DEBUG com.walmartlabs.x12.dex.dx894.DefaultDex894Parser - G84
[511d775a-6c88-4127-948c-ce9142478d81/build]   | 20:13:27.956 [main] DEBUG com.walmartlabs.x12.dex.dx894.DefaultDex894Parser - G86
[511d775a-6c88-4127-948c-ce9142478d81/build]   | 20:13:27.956 [main] DEBUG com.walmartlabs.x12.dex.dx894.DefaultDex894Parser - ST
[511d775a-6c88-4127-948c-ce9142478d81/build]   | [INFO] Tests run: 17, Failures: 0, Errors: 0, Skipped: 0, Time elapsed: 0.089 s - in com.walmartlabs.x12.dex.dx894.DefaultDex894ParserTest
[511d775a-6c88-4127-948c-ce9142478d81/build]   | [INFO] Running com.walmartlabs.x12.dex.dx894.UnitMeasureTest
[511d775a-6c88-4127-948c-ce9142478d81/build]   | [INFO] Tests run: 4, Failures: 0, Errors: 0, Skipped: 0, Time elapsed: 0 s - in com.walmartlabs.x12.dex.dx894.UnitMeasureTest
[511d775a-6c88-4127-948c-ce9142478d81/build]   | [INFO] Running com.walmartlabs.x12.dex.dx894.DefaultDex894ParserTransactionTest
[511d775a-6c88-4127-948c-ce9142478d81/build]   | 20:13:27.971 [main] DEBUG com.walmartlabs.x12.dex.dx894.DefaultDex894Parser - SE
[511d775a-6c88-4127-948c-ce9142478d81/build]   | 20:13:27.971 [main] DEBUG com.walmartlabs.x12.dex.dx894.DefaultDex894Parser - XX
[511d775a-6c88-4127-948c-ce9142478d81/build]   | 20:13:27.972 [main] DEBUG com.walmartlabs.x12.dex.dx894.DefaultDex894Parser - G82
[511d775a-6c88-4127-948c-ce9142478d81/build]   | 20:13:27.972 [main] DEBUG com.walmartlabs.x12.dex.dx894.DefaultDex894Parser - G89
[511d775a-6c88-4127-948c-ce9142478d81/build]   | 20:13:27.972 [main] DEBUG com.walmartlabs.x12.dex.dx894.DefaultDex894Parser - XX
[511d775a-6c88-4127-948c-ce9142478d81/build]   | 20:13:27.973 [main] DEBUG com.walmartlabs.x12.dex.dx894.DefaultDex894Parser - SE
[511d775a-6c88-4127-948c-ce9142478d81/build]   | 20:13:27.973 [main] DEBUG com.walmartlabs.x12.dex.dx894.DefaultDex894Parser - G83
[511d775a-6c88-4127-948c-ce9142478d81/build]   | 20:13:27.973 [main] DEBUG com.walmartlabs.x12.dex.dx894.DefaultDex894Parser - XX
[511d775a-6c88-4127-948c-ce9142478d81/build]   | 20:13:27.974 [main] DEBUG com.walmartlabs.x12.dex.dx894.DefaultDex894Parser - G83
[511d775a-6c88-4127-948c-ce9142478d81/build]   | 20:13:27.974 [main] DEBUG com.walmartlabs.x12.dex.dx894.DefaultDex894Parser - ST
[511d775a-6c88-4127-948c-ce9142478d81/build]   | 20:13:27.974 [main] DEBUG com.walmartlabs.x12.dex.dx894.DefaultDex894Parser - G83
[511d775a-6c88-4127-948c-ce9142478d81/build]   | 20:13:27.975 [main] DEBUG com.walmartlabs.x12.dex.dx894.DefaultDex894Parser - XX
[511d775a-6c88-4127-948c-ce9142478d81/build]   | 20:13:27.975 [main] DEBUG com.walmartlabs.x12.dex.dx894.DefaultDex894Parser - SE
[511d775a-6c88-4127-948c-ce9142478d81/build]   | 20:13:27.975 [main] DEBUG com.walmartlabs.x12.dex.dx894.DefaultDex894Parser - XX
[511d775a-6c88-4127-948c-ce9142478d81/build]   | 20:13:27.976 [main] DEBUG com.walmartlabs.x12.dex.dx894.DefaultDex894Parser - ST
[511d775a-6c88-4127-948c-ce9142478d81/build]   | 20:13:27.977 [main] DEBUG com.walmartlabs.x12.dex.dx894.DefaultDex894Parser - G82
[511d775a-6c88-4127-948c-ce9142478d81/build]   | 20:13:27.977 [main] DEBUG com.walmartlabs.x12.dex.dx894.DefaultDex894Parser - ST
[511d775a-6c88-4127-948c-ce9142478d81/build]   | 20:13:27.978 [main] DEBUG com.walmartlabs.x12.dex.dx894.DefaultDex894Parser - SE
[511d775a-6c88-4127-948c-ce9142478d81/build]   | 20:13:27.978 [main] DEBUG com.walmartlabs.x12.dex.dx894.DefaultDex894Parser - G82
[511d775a-6c88-4127-948c-ce9142478d81/build]   | 20:13:27.978 [main] DEBUG com.walmartlabs.x12.dex.dx894.DefaultDex894Parser - G85
[511d775a-6c88-4127-948c-ce9142478d81/build]   | 20:13:27.979 [main] DEBUG com.walmartlabs.x12.dex.dx894.DefaultDex894Parser - G86
[511d775a-6c88-4127-948c-ce9142478d81/build]   | 20:13:27.979 [main] DEBUG com.walmartlabs.x12.dex.dx894.DefaultDex894Parser - G82
[511d775a-6c88-4127-948c-ce9142478d81/build]   | [INFO] Tests run: 22, Failures: 0, Errors: 0, Skipped: 0, Time elapsed: 0.003 s - in com.walmartlabs.x12.dex.dx894.DefaultDex894ParserTransactionTest
[511d775a-6c88-4127-948c-ce9142478d81/build]   | [INFO] Running com.walmartlabs.x12.dex.dx894.DefaultDex894ValidatorTest
[511d775a-6c88-4127-948c-ce9142478d81/build]   | [INFO] Tests run: 60, Failures: 0, Errors: 0, Skipped: 0, Time elapsed: 0.027 s - in com.walmartlabs.x12.dex.dx894.DefaultDex894ValidatorTest
[511d775a-6c88-4127-948c-ce9142478d81/build]   | [INFO] Running com.walmartlabs.x12.dex.dx894.ProductQualifierTest
[511d775a-6c88-4127-948c-ce9142478d81/build]   | [INFO] Tests run: 4, Failures: 0, Errors: 0, Skipped: 0, Time elapsed: 0 s - in com.walmartlabs.x12.dex.dx894.ProductQualifierTest
[511d775a-6c88-4127-948c-ce9142478d81/build]   | [INFO] Running com.walmartlabs.x12.dex.dx894.DefaultDex894ParseValidateTest
[511d775a-6c88-4127-948c-ce9142478d81/build]   | 20:13:28.044 [main] DEBUG com.walmartlabs.x12.dex.dx894.DefaultDex894Parser - DXS
[511d775a-6c88-4127-948c-ce9142478d81/build]   | 20:13:28.044 [main] DEBUG com.walmartlabs.x12.dex.dx894.DefaultDex894Parser - parseDexTransaction:1
[511d775a-6c88-4127-948c-ce9142478d81/build]   | 20:13:28.044 [main] DEBUG com.walmartlabs.x12.dex.dx894.DefaultDex894Parser - ST
[511d775a-6c88-4127-948c-ce9142478d81/build]   | 20:13:28.044 [main] DEBUG com.walmartlabs.x12.dex.dx894.DefaultDex894Parser - G82
[511d775a-6c88-4127-948c-ce9142478d81/build]   | 20:13:28.044 [main] DEBUG com.walmartlabs.x12.dex.dx894.DefaultDex894Parser - parseDexTransactionLoop:3
[511d775a-6c88-4127-948c-ce9142478d81/build]   | 20:13:28.044 [main] DEBUG com.walmartlabs.x12.dex.dx894.DefaultDex894Parser - LS
[511d775a-6c88-4127-948c-ce9142478d81/build]   | 20:13:28.044 [main] DEBUG com.walmartlabs.x12.dex.dx894.DefaultDex894Parser - parseDexItem:4
[511d775a-6c88-4127-948c-ce9142478d81/build]   | 20:13:28.044 [main] DEBUG com.walmartlabs.x12.dex.dx894.DefaultDex894Parser - G83
[511d775a-6c88-4127-948c-ce9142478d81/build]   | 20:13:28.044 [main] DEBUG com.walmartlabs.x12.dex.dx894.DefaultDex894Parser - G72
[511d775a-6c88-4127-948c-ce9142478d81/build]   | 20:13:28.045 [main] DEBUG com.walmartlabs.x12.dex.dx894.DefaultDex894Parser - LE
[511d775a-6c88-4127-948c-ce9142478d81/build]   | 20:13:28.045 [main] DEBUG com.walmartlabs.x12.dex.dx894.DefaultDex894Parser - G84
[511d775a-6c88-4127-948c-ce9142478d81/build]   | 20:13:28.045 [main] DEBUG com.walmartlabs.x12.dex.dx894.DefaultDex894Parser - G86
[511d775a-6c88-4127-948c-ce9142478d81/build]   | 20:13:28.045 [main] DEBUG com.walmartlabs.x12.dex.dx894.DefaultDex894Parser - G85
[511d775a-6c88-4127-948c-ce9142478d81/build]   | 20:13:28.045 [main] DEBUG com.walmartlabs.x12.dex.dx894.DefaultDex894Parser - SE
[511d775a-6c88-4127-948c-ce9142478d81/build]   | 20:13:28.045 [main] DEBUG com.walmartlabs.x12.dex.dx894.DefaultDex894Parser - parseDexTransaction:11
[511d775a-6c88-4127-948c-ce9142478d81/build]   | 20:13:28.045 [main] DEBUG com.walmartlabs.x12.dex.dx894.DefaultDex894Parser - ST
[511d775a-6c88-4127-948c-ce9142478d81/build]   | 20:13:28.045 [main] DEBUG com.walmartlabs.x12.dex.dx894.DefaultDex894Parser - G82
[511d775a-6c88-4127-948c-ce9142478d81/build]   | 20:13:28.045 [main] DEBUG com.walmartlabs.x12.dex.dx894.DefaultDex894Parser - parseDexTransactionLoop:13
[511d775a-6c88-4127-948c-ce9142478d81/build]   | 20:13:28.045 [main] DEBUG com.walmartlabs.x12.dex.dx894.DefaultDex894Parser - LS
[511d775a-6c88-4127-948c-ce9142478d81/build]   | 20:13:28.045 [main] DEBUG com.walmartlabs.x12.dex.dx894.DefaultDex894Parser - parseDexItem:14
[511d775a-6c88-4127-948c-ce9142478d81/build]   | 20:13:28.046 [main] DEBUG com.walmartlabs.x12.dex.dx894.DefaultDex894Parser - G83
[511d775a-6c88-4127-948c-ce9142478d81/build]   | 20:13:28.046 [main] DEBUG com.walmartlabs.x12.dex.dx894.DefaultDex894Parser - G72
[511d775a-6c88-4127-948c-ce9142478d81/build]   | 20:13:28.046 [main] DEBUG com.walmartlabs.x12.dex.dx894.DefaultDex894Parser - LE
[511d775a-6c88-4127-948c-ce9142478d81/build]   | 20:13:28.046 [main] DEBUG com.walmartlabs.x12.dex.dx894.DefaultDex894Parser - G84
[511d775a-6c88-4127-948c-ce9142478d81/build]   | 20:13:28.046 [main] DEBUG com.walmartlabs.x12.dex.dx894.DefaultDex894Parser - G86
[511d775a-6c88-4127-948c-ce9142478d81/build]   | 20:13:28.046 [main] DEBUG com.walmartlabs.x12.dex.dx894.DefaultDex894Parser - G85
[511d775a-6c88-4127-948c-ce9142478d81/build]   | 20:13:28.046 [main] DEBUG com.walmartlabs.x12.dex.dx894.DefaultDex894Parser - SE
[511d775a-6c88-4127-948c-ce9142478d81/build]   | 20:13:28.046 [main] DEBUG com.walmartlabs.x12.dex.dx894.DefaultDex894Parser - DXE
[511d775a-6c88-4127-948c-ce9142478d81/build]   | 20:13:28.047 [main] DEBUG com.walmartlabs.x12.dex.dx894.DefaultDex894Parser - DXS
[511d775a-6c88-4127-948c-ce9142478d81/build]   | 20:13:28.048 [main] DEBUG com.walmartlabs.x12.dex.dx894.DefaultDex894Parser - parseDexTransaction:1
[511d775a-6c88-4127-948c-ce9142478d81/build]   | 20:13:28.048 [main] DEBUG com.walmartlabs.x12.dex.dx894.DefaultDex894Parser - ST
[511d775a-6c88-4127-948c-ce9142478d81/build]   | 20:13:28.048 [main] DEBUG com.walmartlabs.x12.dex.dx894.DefaultDex894Parser - G82
[511d775a-6c88-4127-948c-ce9142478d81/build]   | 20:13:28.048 [main] DEBUG com.walmartlabs.x12.dex.dx894.DefaultDex894Parser - parseDexTransactionLoop:3
[511d775a-6c88-4127-948c-ce9142478d81/build]   | 20:13:28.048 [main] DEBUG com.walmartlabs.x12.dex.dx894.DefaultDex894Parser - LS
[511d775a-6c88-4127-948c-ce9142478d81/build]   | 20:13:28.048 [main] DEBUG com.walmartlabs.x12.dex.dx894.DefaultDex894Parser - parseDexItem:4
[511d775a-6c88-4127-948c-ce9142478d81/build]   | 20:13:28.048 [main] DEBUG com.walmartlabs.x12.dex.dx894.DefaultDex894Parser - G83
[511d775a-6c88-4127-948c-ce9142478d81/build]   | 20:13:28.048 [main] DEBUG com.walmartlabs.x12.dex.dx894.DefaultDex894Parser - G72
[511d775a-6c88-4127-948c-ce9142478d81/build]   | 20:13:28.048 [main] DEBUG com.walmartlabs.x12.dex.dx894.DefaultDex894Parser - parseDexItem:6
[511d775a-6c88-4127-948c-ce9142478d81/build]   | 20:13:28.048 [main] DEBUG com.walmartlabs.x12.dex.dx894.DefaultDex894Parser - G83
[511d775a-6c88-4127-948c-ce9142478d81/build]   | 20:13:28.048 [main] DEBUG com.walmartlabs.x12.dex.dx894.DefaultDex894Parser - G72
[511d775a-6c88-4127-948c-ce9142478d81/build]   | 20:13:28.048 [main] DEBUG com.walmartlabs.x12.dex.dx894.DefaultDex894Parser - parseDexItem:8
[511d775a-6c88-4127-948c-ce9142478d81/build]   | 20:13:28.048 [main] DEBUG com.walmartlabs.x12.dex.dx894.DefaultDex894Parser - G83
[511d775a-6c88-4127-948c-ce9142478d81/build]   | 20:13:28.048 [main] DEBUG com.walmartlabs.x12.dex.dx894.DefaultDex894Parser - G72
[511d775a-6c88-4127-948c-ce9142478d81/build]   | 20:13:28.049 [main] DEBUG com.walmartlabs.x12.dex.dx894.DefaultDex894Parser - parseDexItem:10
[511d775a-6c88-4127-948c-ce9142478d81/build]   | 20:13:28.049 [main] DEBUG com.walmartlabs.x12.dex.dx894.DefaultDex894Parser - G83
[511d775a-6c88-4127-948c-ce9142478d81/build]   | 20:13:28.049 [main] DEBUG com.walmartlabs.x12.dex.dx894.DefaultDex894Parser - G72
[511d775a-6c88-4127-948c-ce9142478d81/build]   | 20:13:28.049 [main] DEBUG com.walmartlabs.x12.dex.dx894.DefaultDex894Parser - parseDexItem:12
[511d775a-6c88-4127-948c-ce9142478d81/build]   | 20:13:28.049 [main] DEBUG com.walmartlabs.x12.dex.dx894.DefaultDex894Parser - G83
[511d775a-6c88-4127-948c-ce9142478d81/build]   | 20:13:28.049 [main] DEBUG com.walmartlabs.x12.dex.dx894.DefaultDex894Parser - G72
[511d775a-6c88-4127-948c-ce9142478d81/build]   | 20:13:28.049 [main] DEBUG com.walmartlabs.x12.dex.dx894.DefaultDex894Parser - parseDexItem:14
[511d775a-6c88-4127-948c-ce9142478d81/build]   | 20:13:28.049 [main] DEBUG com.walmartlabs.x12.dex.dx894.DefaultDex894Parser - G83
[511d775a-6c88-4127-948c-ce9142478d81/build]   | 20:13:28.049 [main] DEBUG com.walmartlabs.x12.dex.dx894.DefaultDex894Parser - G72
[511d775a-6c88-4127-948c-ce9142478d81/build]   | 20:13:28.049 [main] DEBUG com.walmartlabs.x12.dex.dx894.DefaultDex894Parser - parseDexItem:16
[511d775a-6c88-4127-948c-ce9142478d81/build]   | 20:13:28.049 [main] DEBUG com.walmartlabs.x12.dex.dx894.DefaultDex894Parser - G83
[511d775a-6c88-4127-948c-ce9142478d81/build]   | 20:13:28.049 [main] DEBUG com.walmartlabs.x12.dex.dx894.DefaultDex894Parser - G72
[511d775a-6c88-4127-948c-ce9142478d81/build]   | 20:13:28.049 [main] DEBUG com.walmartlabs.x12.dex.dx894.DefaultDex894Parser - parseDexItem:18
[511d775a-6c88-4127-948c-ce9142478d81/build]   | 20:13:28.049 [main] DEBUG com.walmartlabs.x12.dex.dx894.DefaultDex894Parser - G83
[511d775a-6c88-4127-948c-ce9142478d81/build]   | 20:13:28.050 [main] DEBUG com.walmartlabs.x12.dex.dx894.DefaultDex894Parser - G72
[511d775a-6c88-4127-948c-ce9142478d81/build]   | 20:13:28.050 [main] DEBUG com.walmartlabs.x12.dex.dx894.DefaultDex894Parser - parseDexItem:20
[511d775a-6c88-4127-948c-ce9142478d81/build]   | 20:13:28.050 [main] DEBUG com.walmartlabs.x12.dex.dx894.DefaultDex894Parser - G83
[511d775a-6c88-4127-948c-ce9142478d81/build]   | 20:13:28.050 [main] DEBUG com.walmartlabs.x12.dex.dx894.DefaultDex894Parser - parseDexItem:21
[511d775a-6c88-4127-948c-ce9142478d81/build]   | 20:13:28.050 [main] DEBUG com.walmartlabs.x12.dex.dx894.DefaultDex894Parser - G83
[511d775a-6c88-4127-948c-ce9142478d81/build]   | 20:13:28.050 [main] DEBUG com.walmartlabs.x12.dex.dx894.DefaultDex894Parser - parseDexItem:22
[511d775a-6c88-4127-948c-ce9142478d81/build]   | 20:13:28.050 [main] DEBUG com.walmartlabs.x12.dex.dx894.DefaultDex894Parser - G83
[511d775a-6c88-4127-948c-ce9142478d81/build]   | 20:13:28.050 [main] DEBUG com.walmartlabs.x12.dex.dx894.DefaultDex894Parser - parseDexItem:23
[511d775a-6c88-4127-948c-ce9142478d81/build]   | 20:13:28.050 [main] DEBUG com.walmartlabs.x12.dex.dx894.DefaultDex894Parser - G83
[511d775a-6c88-4127-948c-ce9142478d81/build]   | 20:13:28.050 [main] DEBUG com.walmartlabs.x12.dex.dx894.DefaultDex894Parser - G72
[511d775a-6c88-4127-948c-ce9142478d81/build]   | 20:13:28.050 [main] DEBUG com.walmartlabs.x12.dex.dx894.DefaultDex894Parser - parseDexItem:25
[511d775a-6c88-4127-948c-ce9142478d81/build]   | 20:13:28.050 [main] DEBUG com.walmartlabs.x12.dex.dx894.DefaultDex894Parser - G83
[511d775a-6c88-4127-948c-ce9142478d81/build]   | 20:13:28.050 [main] DEBUG com.walmartlabs.x12.dex.dx894.DefaultDex894Parser - parseDexItem:26
[511d775a-6c88-4127-948c-ce9142478d81/build]   | 20:13:28.050 [main] DEBUG com.walmartlabs.x12.dex.dx894.DefaultDex894Parser - G83
[511d775a-6c88-4127-948c-ce9142478d81/build]   | 20:13:28.050 [main] DEBUG com.walmartlabs.x12.dex.dx894.DefaultDex894Parser - G72
[511d775a-6c88-4127-948c-ce9142478d81/build]   | 20:13:28.050 [main] DEBUG com.walmartlabs.x12.dex.dx894.DefaultDex894Parser - parseDexItem:28
[511d775a-6c88-4127-948c-ce9142478d81/build]   | 20:13:28.050 [main] DEBUG com.walmartlabs.x12.dex.dx894.DefaultDex894Parser - G83
[511d775a-6c88-4127-948c-ce9142478d81/build]   | 20:13:28.051 [main] DEBUG com.walmartlabs.x12.dex.dx894.DefaultDex894Parser - G72
[511d775a-6c88-4127-948c-ce9142478d81/build]   | 20:13:28.051 [main] DEBUG com.walmartlabs.x12.dex.dx894.DefaultDex894Parser - parseDexItem:30
[511d775a-6c88-4127-948c-ce9142478d81/build]   | 20:13:28.051 [main] DEBUG com.walmartlabs.x12.dex.dx894.DefaultDex894Parser - G83
[511d775a-6c88-4127-948c-ce9142478d81/build]   | 20:13:28.051 [main] DEBUG com.walmartlabs.x12.dex.dx894.DefaultDex894Parser - G72
[511d775a-6c88-4127-948c-ce9142478d81/build]   | 20:13:28.051 [main] DEBUG com.walmartlabs.x12.dex.dx894.DefaultDex894Parser - parseDexItem:32
[511d775a-6c88-4127-948c-ce9142478d81/build]   | 20:13:28.051 [main] DEBUG com.walmartlabs.x12.dex.dx894.DefaultDex894Parser - G83
[511d775a-6c88-4127-948c-ce9142478d81/build]   | 20:13:28.051 [main] DEBUG com.walmartlabs.x12.dex.dx894.DefaultDex894Parser - G72
[511d775a-6c88-4127-948c-ce9142478d81/build]   | 20:13:28.051 [main] DEBUG com.walmartlabs.x12.dex.dx894.DefaultDex894Parser - parseDexItem:34
[511d775a-6c88-4127-948c-ce9142478d81/build]   | 20:13:28.051 [main] DEBUG com.walmartlabs.x12.dex.dx894.DefaultDex894Parser - G83
[511d775a-6c88-4127-948c-ce9142478d81/build]   | 20:13:28.051 [main] DEBUG com.walmartlabs.x12.dex.dx894.DefaultDex894Parser - G72
[511d775a-6c88-4127-948c-ce9142478d81/build]   | 20:13:28.051 [main] DEBUG com.walmartlabs.x12.dex.dx894.DefaultDex894Parser - parseDexItem:36
[511d775a-6c88-4127-948c-ce9142478d81/build]   | 20:13:28.051 [main] DEBUG com.walmartlabs.x12.dex.dx894.DefaultDex894Parser - G83
[511d775a-6c88-4127-948c-ce9142478d81/build]   | 20:13:28.052 [main] DEBUG com.walmartlabs.x12.dex.dx894.DefaultDex894Parser - G72
[511d775a-6c88-4127-948c-ce9142478d81/build]   | 20:13:28.052 [main] DEBUG com.walmartlabs.x12.dex.dx894.DefaultDex894Parser - LE
[511d775a-6c88-4127-948c-ce9142478d81/build]   | 20:13:28.052 [main] DEBUG com.walmartlabs.x12.dex.dx894.DefaultDex894Parser - G84
[511d775a-6c88-4127-948c-ce9142478d81/build]   | 20:13:28.052 [main] DEBUG com.walmartlabs.x12.dex.dx894.DefaultDex894Parser - G86
[511d775a-6c88-4127-948c-ce9142478d81/build]   | 20:13:28.052 [main] DEBUG com.walmartlabs.x12.dex.dx894.DefaultDex894Parser - G85
[511d775a-6c88-4127-948c-ce9142478d81/build]   | 20:13:28.052 [main] DEBUG com.walmartlabs.x12.dex.dx894.DefaultDex894Parser - SE
[511d775a-6c88-4127-948c-ce9142478d81/build]   | 20:13:28.052 [main] DEBUG com.walmartlabs.x12.dex.dx894.DefaultDex894Parser - DXE
[511d775a-6c88-4127-948c-ce9142478d81/build]   | 20:13:28.054 [main] DEBUG com.walmartlabs.x12.dex.dx894.DefaultDex894Parser - DXS
[511d775a-6c88-4127-948c-ce9142478d81/build]   | 20:13:28.054 [main] DEBUG com.walmartlabs.x12.dex.dx894.DefaultDex894Parser - parseDexTransaction:1
[511d775a-6c88-4127-948c-ce9142478d81/build]   | 20:13:28.054 [main] DEBUG com.walmartlabs.x12.dex.dx894.DefaultDex894Parser - ST
[511d775a-6c88-4127-948c-ce9142478d81/build]   | 20:13:28.054 [main] DEBUG com.walmartlabs.x12.dex.dx894.DefaultDex894Parser - G82
[511d775a-6c88-4127-948c-ce9142478d81/build]   | 20:13:28.054 [main] DEBUG com.walmartlabs.x12.dex.dx894.DefaultDex894Parser - parseDexTransactionLoop:3
[511d775a-6c88-4127-948c-ce9142478d81/build]   | 20:13:28.054 [main] DEBUG com.walmartlabs.x12.dex.dx894.DefaultDex894Parser - LS
[511d775a-6c88-4127-948c-ce9142478d81/build]   | 20:13:28.054 [main] DEBUG com.walmartlabs.x12.dex.dx894.DefaultDex894Parser - parseDexItem:4
[511d775a-6c88-4127-948c-ce9142478d81/build]   | 20:13:28.054 [main] DEBUG com.walmartlabs.x12.dex.dx894.DefaultDex894Parser - G83
[511d775a-6c88-4127-948c-ce9142478d81/build]   | 20:13:28.054 [main] DEBUG com.walmartlabs.x12.dex.dx894.DefaultDex894Parser - LE
[511d775a-6c88-4127-948c-ce9142478d81/build]   | 20:13:28.054 [main] DEBUG com.walmartlabs.x12.dex.dx894.DefaultDex894Parser - G84
[511d775a-6c88-4127-948c-ce9142478d81/build]   | 20:13:28.054 [main] DEBUG com.walmartlabs.x12.dex.dx894.DefaultDex894Parser - G86
[511d775a-6c88-4127-948c-ce9142478d81/build]   | 20:13:28.054 [main] DEBUG com.walmartlabs.x12.dex.dx894.DefaultDex894Parser - G85
[511d775a-6c88-4127-948c-ce9142478d81/build]   | 20:13:28.055 [main] DEBUG com.walmartlabs.x12.dex.dx894.DefaultDex894Parser - SE
[511d775a-6c88-4127-948c-ce9142478d81/build]   | 20:13:28.055 [main] DEBUG com.walmartlabs.x12.dex.dx894.DefaultDex894Parser - DXE
[511d775a-6c88-4127-948c-ce9142478d81/build]   | 20:13:28.055 [main] DEBUG com.walmartlabs.x12.dex.dx894.DefaultDex894Parser - DXS
[511d775a-6c88-4127-948c-ce9142478d81/build]   | 20:13:28.055 [main] DEBUG com.walmartlabs.x12.dex.dx894.DefaultDex894Parser - parseDexTransaction:1
[511d775a-6c88-4127-948c-ce9142478d81/build]   | 20:13:28.055 [main] DEBUG com.walmartlabs.x12.dex.dx894.DefaultDex894Parser - ST
[511d775a-6c88-4127-948c-ce9142478d81/build]   | 20:13:28.055 [main] DEBUG com.walmartlabs.x12.dex.dx894.DefaultDex894Parser - G82
[511d775a-6c88-4127-948c-ce9142478d81/build]   | 20:13:28.056 [main] DEBUG com.walmartlabs.x12.dex.dx894.DefaultDex894Parser - parseDexTransactionLoop:3
[511d775a-6c88-4127-948c-ce9142478d81/build]   | 20:13:28.056 [main] DEBUG com.walmartlabs.x12.dex.dx894.DefaultDex894Parser - LS
[511d775a-6c88-4127-948c-ce9142478d81/build]   | 20:13:28.056 [main] DEBUG com.walmartlabs.x12.dex.dx894.DefaultDex894Parser - parseDexItem:4
[511d775a-6c88-4127-948c-ce9142478d81/build]   | 20:13:28.056 [main] DEBUG com.walmartlabs.x12.dex.dx894.DefaultDex894Parser - G83
[511d775a-6c88-4127-948c-ce9142478d81/build]   | 20:13:28.056 [main] DEBUG com.walmartlabs.x12.dex.dx894.DefaultDex894Parser - G22
[511d775a-6c88-4127-948c-ce9142478d81/build]   | 20:13:28.056 [main] DEBUG com.walmartlabs.x12.dex.dx894.DefaultDex894Parser - G72
[511d775a-6c88-4127-948c-ce9142478d81/build]   | 20:13:28.056 [main] DEBUG com.walmartlabs.x12.dex.dx894.DefaultDex894Parser - parseDexItem:7
[511d775a-6c88-4127-948c-ce9142478d81/build]   | 20:13:28.056 [main] DEBUG com.walmartlabs.x12.dex.dx894.DefaultDex894Parser - G83
[511d775a-6c88-4127-948c-ce9142478d81/build]   | 20:13:28.056 [main] DEBUG com.walmartlabs.x12.dex.dx894.DefaultDex894Parser - G22
[511d775a-6c88-4127-948c-ce9142478d81/build]   | 20:13:28.056 [main] DEBUG com.walmartlabs.x12.dex.dx894.DefaultDex894Parser - LE
[511d775a-6c88-4127-948c-ce9142478d81/build]   | 20:13:28.056 [main] DEBUG com.walmartlabs.x12.dex.dx894.DefaultDex894Parser - G84
[511d775a-6c88-4127-948c-ce9142478d81/build]   | 20:13:28.056 [main] DEBUG com.walmartlabs.x12.dex.dx894.DefaultDex894Parser - G86
[511d775a-6c88-4127-948c-ce9142478d81/build]   | 20:13:28.056 [main] DEBUG com.walmartlabs.x12.dex.dx894.DefaultDex894Parser - G85
[511d775a-6c88-4127-948c-ce9142478d81/build]   | 20:13:28.056 [main] DEBUG com.walmartlabs.x12.dex.dx894.DefaultDex894Parser - SE
[511d775a-6c88-4127-948c-ce9142478d81/build]   | 20:13:28.056 [main] DEBUG com.walmartlabs.x12.dex.dx894.DefaultDex894Parser - DXE
[511d775a-6c88-4127-948c-ce9142478d81/build]   | 20:13:28.057 [main] DEBUG com.walmartlabs.x12.dex.dx894.DefaultDex894Parser - DXS
[511d775a-6c88-4127-948c-ce9142478d81/build]   | 20:13:28.057 [main] DEBUG com.walmartlabs.x12.dex.dx894.DefaultDex894Parser - parseDexTransaction:1
[511d775a-6c88-4127-948c-ce9142478d81/build]   | 20:13:28.057 [main] DEBUG com.walmartlabs.x12.dex.dx894.DefaultDex894Parser - ST
[511d775a-6c88-4127-948c-ce9142478d81/build]   | 20:13:28.057 [main] DEBUG com.walmartlabs.x12.dex.dx894.DefaultDex894Parser - G82
[511d775a-6c88-4127-948c-ce9142478d81/build]   | 20:13:28.057 [main] DEBUG com.walmartlabs.x12.dex.dx894.DefaultDex894Parser - parseDexTransactionLoop:3
[511d775a-6c88-4127-948c-ce9142478d81/build]   | 20:13:28.057 [main] DEBUG com.walmartlabs.x12.dex.dx894.DefaultDex894Parser - LS
[511d775a-6c88-4127-948c-ce9142478d81/build]   | 20:13:28.057 [main] DEBUG com.walmartlabs.x12.dex.dx894.DefaultDex894Parser - parseDexItem:4
[511d775a-6c88-4127-948c-ce9142478d81/build]   | 20:13:28.057 [main] DEBUG com.walmartlabs.x12.dex.dx894.DefaultDex894Parser - G83
[511d775a-6c88-4127-948c-ce9142478d81/build]   | 20:13:28.058 [main] DEBUG com.walmartlabs.x12.dex.dx894.DefaultDex894Parser - LE
[511d775a-6c88-4127-948c-ce9142478d81/build]   | 20:13:28.058 [main] DEBUG com.walmartlabs.x12.dex.dx894.DefaultDex894Parser - G84
[511d775a-6c88-4127-948c-ce9142478d81/build]   | 20:13:28.062 [main] DEBUG com.walmartlabs.x12.dex.dx894.DefaultDex894Parser - G86
[511d775a-6c88-4127-948c-ce9142478d81/build]   | 20:13:28.062 [main] DEBUG com.walmartlabs.x12.dex.dx894.DefaultDex894Parser - G85
[511d775a-6c88-4127-948c-ce9142478d81/build]   | 20:13:28.062 [main] DEBUG com.walmartlabs.x12.dex.dx894.DefaultDex894Parser - SE
[511d775a-6c88-4127-948c-ce9142478d81/build]   | 20:13:28.062 [main] DEBUG com.walmartlabs.x12.dex.dx894.DefaultDex894Parser - DXE
[511d775a-6c88-4127-948c-ce9142478d81/build]   | [INFO] Tests run: 5, Failures: 0, Errors: 0, Skipped: 0, Time elapsed: 0.006 s - in com.walmartlabs.x12.dex.dx894.DefaultDex894ParseValidateTest
[511d775a-6c88-4127-948c-ce9142478d81/build]   | [INFO] Running com.walmartlabs.x12.dex.dx894.DefaultDex894ParserDxsSegmentTest
[511d775a-6c88-4127-948c-ce9142478d81/build]   | 20:13:28.066 [main] DEBUG com.walmartlabs.x12.dex.dx894.DefaultDex894Parser - DXE
[511d775a-6c88-4127-948c-ce9142478d81/build]   | 20:13:28.066 [main] DEBUG com.walmartlabs.x12.dex.dx894.DefaultDex894Parser - DXS
[511d775a-6c88-4127-948c-ce9142478d81/build]   | 20:13:28.066 [main] DEBUG com.walmartlabs.x12.dex.dx894.DefaultDex894Parser - DXE
[511d775a-6c88-4127-948c-ce9142478d81/build]   | 20:13:28.067 [main] DEBUG com.walmartlabs.x12.dex.dx894.DefaultDex894Parser - DXE
[511d775a-6c88-4127-948c-ce9142478d81/build]   | 20:13:28.067 [main] DEBUG com.walmartlabs.x12.dex.dx894.DefaultDex894Parser - DXS
[511d775a-6c88-4127-948c-ce9142478d81/build]   | 20:13:28.067 [main] DEBUG com.walmartlabs.x12.dex.dx894.DefaultDex894Parser - DXS
[511d775a-6c88-4127-948c-ce9142478d81/build]   | 20:13:28.068 [main] DEBUG com.walmartlabs.x12.dex.dx894.DefaultDex894Parser - DXS
[511d775a-6c88-4127-948c-ce9142478d81/build]   | 20:13:28.069 [main] DEBUG com.walmartlabs.x12.dex.dx894.DefaultDex894Parser - DXS
[511d775a-6c88-4127-948c-ce9142478d81/build]   | [INFO] Tests run: 8, Failures: 0, Errors: 0, Skipped: 0, Time elapsed: 0 s - in com.walmartlabs.x12.dex.dx894.DefaultDex894ParserDxsSegmentTest
[511d775a-6c88-4127-948c-ce9142478d81/build]   | [INFO] Running com.walmartlabs.x12.util.RetailSellingUnitUtilTest
[511d775a-6c88-4127-948c-ce9142478d81/build]   | [INFO] Tests run: 20, Failures: 0, Errors: 0, Skipped: 0, Time elapsed: 0 s - in com.walmartlabs.x12.util.RetailSellingUnitUtilTest
[511d775a-6c88-4127-948c-ce9142478d81/build]   | [INFO] Running com.walmartlabs.x12.util.VersionUtilTest
[511d775a-6c88-4127-948c-ce9142478d81/build]   | [INFO] Tests run: 3, Failures: 0, Errors: 0, Skipped: 0, Time elapsed: 0 s - in com.walmartlabs.x12.util.VersionUtilTest
[511d775a-6c88-4127-948c-ce9142478d81/build]   | [INFO] 
[511d775a-6c88-4127-948c-ce9142478d81/build]   | [INFO] Results:
[511d775a-6c88-4127-948c-ce9142478d81/build]   | [INFO] 
[511d775a-6c88-4127-948c-ce9142478d81/build]   | [INFO] Tests run: 157, Failures: 0, Errors: 0, Skipped: 0
[511d775a-6c88-4127-948c-ce9142478d81/build]   | [INFO] 
[511d775a-6c88-4127-948c-ce9142478d81/build]   | [INFO] 
[511d775a-6c88-4127-948c-ce9142478d81/build]   | [INFO] --- takari-lifecycle-plugin:1.13.4:jar (default-jar) @ gozer ---
[511d775a-6c88-4127-948c-ce9142478d81/build]   | [INFO] Performing incremental build
[511d775a-6c88-4127-948c-ce9142478d81/build]   | [INFO] Building main JAR.
[511d775a-6c88-4127-948c-ce9142478d81/build]   | [INFO] Building source JAR.
[511d775a-6c88-4127-948c-ce9142478d81/build]   | [INFO] ------------------------------------------------------------------------
[511d775a-6c88-4127-948c-ce9142478d81/build]   | [INFO] BUILD SUCCESS
[511d775a-6c88-4127-948c-ce9142478d81/build]   | [INFO] ------------------------------------------------------------------------
[511d775a-6c88-4127-948c-ce9142478d81/build]   | [INFO] Total time:  54.904 s
[511d775a-6c88-4127-948c-ce9142478d81/build]   | [INFO] Finished at: 2023-07-12T20:13:28Z
[511d775a-6c88-4127-948c-ce9142478d81/build]   | [INFO] ------------------------------------------------------------------------
[511d775a-6c88-4127-948c-ce9142478d81/build]   ‚úÖ  Success - Main Build with Maven
[511d775a-6c88-4127-948c-ce9142478d81/build] unable to get git ref: failed to identify reference (tag/branch) for the checked-out revision '84d7828573660d7c48aa041755ec203e09ed0d8f'
[511d775a-6c88-4127-948c-ce9142478d81/build] unable to get git ref: failed to identify reference (tag/branch) for the checked-out revision '84d7828573660d7c48aa041755ec203e09ed0d8f'
[511d775a-6c88-4127-948c-ce9142478d81/build] unable to get git ref: failed to identify reference (tag/branch) for the checked-out revision '84d7828573660d7c48aa041755ec203e09ed0d8f'
[511d775a-6c88-4127-948c-ce9142478d81/build] unable to get git ref: failed to identify reference (tag/branch) for the checked-out revision '84d7828573660d7c48aa041755ec203e09ed0d8f'
[511d775a-6c88-4127-948c-ce9142478d81/build] unable to get git ref: failed to identify reference (tag/branch) for the checked-out revision '84d7828573660d7c48aa041755ec203e09ed0d8f'
[511d775a-6c88-4127-948c-ce9142478d81/build] ‚≠ê Run Post Set up JDK 1.8
[511d775a-6c88-4127-948c-ce9142478d81/build]   üê≥  docker exec cmd=[node /var/run/act/actions/actions-setup-java@v1/dist/cleanup/index.js] user= workdir=
[511d775a-6c88-4127-948c-ce9142478d81/build]   ‚úÖ  Success - Post Set up JDK 1.8
[511d775a-6c88-4127-948c-ce9142478d81/build] üèÅ  Job succeeded
[511d775a-6c88-4127-948c-ce9142478d81/build] unable to get git ref: failed to identify reference (tag/branch) for the checked-out revision '84d7828573660d7c48aa041755ec203e09ed0d8f'
