[13c3297a-f060-4b41-9599-ef947d2277fe/build] üöÄ  Start image=crawlergpt:latest
[13c3297a-f060-4b41-9599-ef947d2277fe/build]   üê≥  docker pull image=crawlergpt:latest platform= username= forcePull=false
[13c3297a-f060-4b41-9599-ef947d2277fe/build]   üê≥  docker create image=crawlergpt:latest platform= entrypoint=["tail" "-f" "/dev/null"] cmd=[]
[13c3297a-f060-4b41-9599-ef947d2277fe/build]   üê≥  docker run image=crawlergpt:latest platform= entrypoint=["tail" "-f" "/dev/null"] cmd=[]
[13c3297a-f060-4b41-9599-ef947d2277fe/build]   üê≥  docker exec cmd=[chown -R 1012:1013 /tmp/f7baf3ce-9adb-4632-aeb3-b775f6ef6c39] user=0 workdir=
[13c3297a-f060-4b41-9599-ef947d2277fe/build] unable to get git ref: failed to identify reference (tag/branch) for the checked-out revision '591d1f8dd418f6bf1fd3947f427bc026549652a4'
[13c3297a-f060-4b41-9599-ef947d2277fe/build] unable to get git ref: failed to identify reference (tag/branch) for the checked-out revision '591d1f8dd418f6bf1fd3947f427bc026549652a4'
[13c3297a-f060-4b41-9599-ef947d2277fe/build] unable to get git ref: failed to identify reference (tag/branch) for the checked-out revision '591d1f8dd418f6bf1fd3947f427bc026549652a4'
[13c3297a-f060-4b41-9599-ef947d2277fe/build] unable to get git ref: failed to identify reference (tag/branch) for the checked-out revision '591d1f8dd418f6bf1fd3947f427bc026549652a4'
[13c3297a-f060-4b41-9599-ef947d2277fe/build] unable to get git ref: failed to identify reference (tag/branch) for the checked-out revision '591d1f8dd418f6bf1fd3947f427bc026549652a4'
[13c3297a-f060-4b41-9599-ef947d2277fe/build] unable to get git ref: failed to identify reference (tag/branch) for the checked-out revision '591d1f8dd418f6bf1fd3947f427bc026549652a4'
[13c3297a-f060-4b41-9599-ef947d2277fe/build] unable to get git ref: failed to identify reference (tag/branch) for the checked-out revision '591d1f8dd418f6bf1fd3947f427bc026549652a4'
[13c3297a-f060-4b41-9599-ef947d2277fe/build] unable to get git ref: failed to identify reference (tag/branch) for the checked-out revision '591d1f8dd418f6bf1fd3947f427bc026549652a4'
[13c3297a-f060-4b41-9599-ef947d2277fe/build] unable to get git ref: failed to identify reference (tag/branch) for the checked-out revision '591d1f8dd418f6bf1fd3947f427bc026549652a4'
[13c3297a-f060-4b41-9599-ef947d2277fe/build] ‚≠ê Run Main actions/checkout@v2
[13c3297a-f060-4b41-9599-ef947d2277fe/build] unable to get git ref: failed to identify reference (tag/branch) for the checked-out revision '591d1f8dd418f6bf1fd3947f427bc026549652a4'
[13c3297a-f060-4b41-9599-ef947d2277fe/build]   ‚úÖ  Success - Main actions/checkout@v2
[13c3297a-f060-4b41-9599-ef947d2277fe/build] unable to get git ref: failed to identify reference (tag/branch) for the checked-out revision '591d1f8dd418f6bf1fd3947f427bc026549652a4'
[13c3297a-f060-4b41-9599-ef947d2277fe/build] unable to get git ref: failed to identify reference (tag/branch) for the checked-out revision '591d1f8dd418f6bf1fd3947f427bc026549652a4'
[13c3297a-f060-4b41-9599-ef947d2277fe/build] unable to get git ref: failed to identify reference (tag/branch) for the checked-out revision '591d1f8dd418f6bf1fd3947f427bc026549652a4'
[13c3297a-f060-4b41-9599-ef947d2277fe/build] unable to get git ref: failed to identify reference (tag/branch) for the checked-out revision '591d1f8dd418f6bf1fd3947f427bc026549652a4'
[13c3297a-f060-4b41-9599-ef947d2277fe/build] unable to get git ref: failed to identify reference (tag/branch) for the checked-out revision '591d1f8dd418f6bf1fd3947f427bc026549652a4'
[13c3297a-f060-4b41-9599-ef947d2277fe/build] ‚≠ê Run Main Set up JDK 1.8
[13c3297a-f060-4b41-9599-ef947d2277fe/build] unable to get git ref: failed to identify reference (tag/branch) for the checked-out revision '591d1f8dd418f6bf1fd3947f427bc026549652a4'
[13c3297a-f060-4b41-9599-ef947d2277fe/build] unable to get git ref: failed to identify reference (tag/branch) for the checked-out revision '591d1f8dd418f6bf1fd3947f427bc026549652a4'
[13c3297a-f060-4b41-9599-ef947d2277fe/build] unable to get git ref: failed to identify reference (tag/branch) for the checked-out revision '591d1f8dd418f6bf1fd3947f427bc026549652a4'
[13c3297a-f060-4b41-9599-ef947d2277fe/build]   üê≥  docker cp src=/tmp/act-cache/ac2b90e7-1fd9-4808-8a76-f6cb0d4606b0/act/actions-setup-java@v1/ dst=/var/run/act/actions/actions-setup-java@v1/
[13c3297a-f060-4b41-9599-ef947d2277fe/build]   üê≥  docker exec cmd=[chown -R 1012:1013 /var/run/act/actions/actions-setup-java@v1/] user=0 workdir=
[13c3297a-f060-4b41-9599-ef947d2277fe/build]   üê≥  docker exec cmd=[node /var/run/act/actions/actions-setup-java@v1/dist/setup/index.js] user= workdir=
[13c3297a-f060-4b41-9599-ef947d2277fe/build]   üí¨  ::debug::isExplicit: 
[13c3297a-f060-4b41-9599-ef947d2277fe/build]   üí¨  ::debug::explicit? false
[13c3297a-f060-4b41-9599-ef947d2277fe/build]   üí¨  ::debug::evaluating 0 versions
[13c3297a-f060-4b41-9599-ef947d2277fe/build]   üí¨  ::debug::match not found
[13c3297a-f060-4b41-9599-ef947d2277fe/build]   üí¨  ::debug::Downloading JDK from Azul
[13c3297a-f060-4b41-9599-ef947d2277fe/build]   üí¨  ::debug::Searching for files with extension: -linux_x64.tar.gz
[13c3297a-f060-4b41-9599-ef947d2277fe/build]   üí¨  ::debug::Downloading https://static.azul.com/zulu/bin/zulu8.70.0.23-ca-jdk8.0.372-linux_x64.tar.gz
[13c3297a-f060-4b41-9599-ef947d2277fe/build]   üí¨  ::debug::Downloading /tmp/cec31559-f641-433c-b1a4-8b785cc458d2
[13c3297a-f060-4b41-9599-ef947d2277fe/build]   üí¨  ::debug::download complete
[13c3297a-f060-4b41-9599-ef947d2277fe/build]   | [command]/usr/bin/tar --version
[13c3297a-f060-4b41-9599-ef947d2277fe/build]   | tar (GNU tar) 1.30
[13c3297a-f060-4b41-9599-ef947d2277fe/build]   | Copyright (C) 2017 Free Software Foundation, Inc.
[13c3297a-f060-4b41-9599-ef947d2277fe/build]   | License GPLv3+: GNU GPL version 3 or later <https://gnu.org/licenses/gpl.html>.
[13c3297a-f060-4b41-9599-ef947d2277fe/build]   | This is free software: you are free to change and redistribute it.
[13c3297a-f060-4b41-9599-ef947d2277fe/build]   | There is NO WARRANTY, to the extent permitted by law.
[13c3297a-f060-4b41-9599-ef947d2277fe/build]   | 
[13c3297a-f060-4b41-9599-ef947d2277fe/build]   | Written by John Gilmore and Jay Fenlason.
[13c3297a-f060-4b41-9599-ef947d2277fe/build]   | [command]/usr/bin/tar xz --warning=no-unknown-keyword -C /tmp/temp_1685852299 -f /tmp/cec31559-f641-433c-b1a4-8b785cc458d2
[13c3297a-f060-4b41-9599-ef947d2277fe/build]   üí¨  ::debug::jdk extracted to /tmp/temp_1685852299/zulu8.70.0.23-ca-jdk8.0.372-linux_x64
[13c3297a-f060-4b41-9599-ef947d2277fe/build]   üí¨  ::debug::Caching tool jdk 8.0.372 x64
[13c3297a-f060-4b41-9599-ef947d2277fe/build]   üí¨  ::debug::source dir: /tmp/temp_1685852299/zulu8.70.0.23-ca-jdk8.0.372-linux_x64
[13c3297a-f060-4b41-9599-ef947d2277fe/build]   üí¨  ::debug::destination /opt/hostedtoolcache/jdk/8.0.372/x64
[13c3297a-f060-4b41-9599-ef947d2277fe/build]   üí¨  ::debug::finished caching tool
[13c3297a-f060-4b41-9599-ef947d2277fe/build]   ‚ùì add-matcher /run/act/actions/actions-setup-java@v1/.github/java.json
[13c3297a-f060-4b41-9599-ef947d2277fe/build]   | creating settings.xml with server-id: github; environment variables: username=$GITHUB_ACTOR, password=$GITHUB_TOKEN, and gpg-passphrase=null
[13c3297a-f060-4b41-9599-ef947d2277fe/build]   üí¨  ::debug::created directory /home/runneradmin/.m2
[13c3297a-f060-4b41-9599-ef947d2277fe/build]   | writing /home/runneradmin/.m2/settings.xml
[13c3297a-f060-4b41-9599-ef947d2277fe/build]   ‚úÖ  Success - Main Set up JDK 1.8
[13c3297a-f060-4b41-9599-ef947d2277fe/build]   ‚öô  ::set-env:: JAVA_HOME_8.0.372_x64=/opt/hostedtoolcache/jdk/8.0.372/x64
[13c3297a-f060-4b41-9599-ef947d2277fe/build]   ‚öô  ::set-env:: JAVA_HOME=/opt/hostedtoolcache/jdk/8.0.372/x64
[13c3297a-f060-4b41-9599-ef947d2277fe/build]   ‚öô  ::set-env:: JAVA_HOME_8_0_372_X64=/opt/hostedtoolcache/jdk/8.0.372/x64
[13c3297a-f060-4b41-9599-ef947d2277fe/build]   ‚öô  ::set-output:: path=/opt/hostedtoolcache/jdk/8.0.372/x64
[13c3297a-f060-4b41-9599-ef947d2277fe/build]   ‚öô  ::set-output:: version=8.0.372
[13c3297a-f060-4b41-9599-ef947d2277fe/build]   ‚öô  ::add-path:: /opt/hostedtoolcache/jdk/8.0.372/x64/bin
[13c3297a-f060-4b41-9599-ef947d2277fe/build] unable to get git ref: failed to identify reference (tag/branch) for the checked-out revision '591d1f8dd418f6bf1fd3947f427bc026549652a4'
[13c3297a-f060-4b41-9599-ef947d2277fe/build] unable to get git ref: failed to identify reference (tag/branch) for the checked-out revision '591d1f8dd418f6bf1fd3947f427bc026549652a4'
[13c3297a-f060-4b41-9599-ef947d2277fe/build] unable to get git ref: failed to identify reference (tag/branch) for the checked-out revision '591d1f8dd418f6bf1fd3947f427bc026549652a4'
[13c3297a-f060-4b41-9599-ef947d2277fe/build] unable to get git ref: failed to identify reference (tag/branch) for the checked-out revision '591d1f8dd418f6bf1fd3947f427bc026549652a4'
[13c3297a-f060-4b41-9599-ef947d2277fe/build] unable to get git ref: failed to identify reference (tag/branch) for the checked-out revision '591d1f8dd418f6bf1fd3947f427bc026549652a4'
[13c3297a-f060-4b41-9599-ef947d2277fe/build] ‚≠ê Run Main Build with Maven
[13c3297a-f060-4b41-9599-ef947d2277fe/build] unable to get git ref: failed to identify reference (tag/branch) for the checked-out revision '591d1f8dd418f6bf1fd3947f427bc026549652a4'
[13c3297a-f060-4b41-9599-ef947d2277fe/build] unable to get git ref: failed to identify reference (tag/branch) for the checked-out revision '591d1f8dd418f6bf1fd3947f427bc026549652a4'
[13c3297a-f060-4b41-9599-ef947d2277fe/build] unable to get git ref: failed to identify reference (tag/branch) for the checked-out revision '591d1f8dd418f6bf1fd3947f427bc026549652a4'
[13c3297a-f060-4b41-9599-ef947d2277fe/build] unable to get git ref: failed to identify reference (tag/branch) for the checked-out revision '591d1f8dd418f6bf1fd3947f427bc026549652a4'
[13c3297a-f060-4b41-9599-ef947d2277fe/build]   üê≥  docker exec cmd=[bash --noprofile --norc -e -o pipefail /var/run/act/workflow/2] user= workdir=
[13c3297a-f060-4b41-9599-ef947d2277fe/build]   | [INFO] Scanning for projects...
[13c3297a-f060-4b41-9599-ef947d2277fe/build]   | [INFO] Downloading from central: https://repo.maven.apache.org/maven2/com/walmartlabs/walmartlabs-pom/1/walmartlabs-pom-1.pom
[13c3297a-f060-4b41-9599-ef947d2277fe/build]   | [INFO] Downloaded from central: https://repo.maven.apache.org/maven2/com/walmartlabs/walmartlabs-pom/1/walmartlabs-pom-1.pom (2.6 kB at 897 B/s)
[13c3297a-f060-4b41-9599-ef947d2277fe/build]   | [INFO] Downloading from central: https://repo.maven.apache.org/maven2/io/takari/takari/26/takari-26.pom
[13c3297a-f060-4b41-9599-ef947d2277fe/build]   | [INFO] Downloaded from central: https://repo.maven.apache.org/maven2/io/takari/takari/26/takari-26.pom (14 kB at 395 kB/s)
[13c3297a-f060-4b41-9599-ef947d2277fe/build]   | [INFO] Downloading from central: https://repo.maven.apache.org/maven2/io/takari/maven/plugins/takari-lifecycle-plugin/1.13.4/takari-lifecycle-plugin-1.13.4.pom
[13c3297a-f060-4b41-9599-ef947d2277fe/build]   | [INFO] Downloaded from central: https://repo.maven.apache.org/maven2/io/takari/maven/plugins/takari-lifecycle-plugin/1.13.4/takari-lifecycle-plugin-1.13.4.pom (11 kB at 201 kB/s)
[13c3297a-f060-4b41-9599-ef947d2277fe/build]   | [INFO] Downloading from central: https://repo.maven.apache.org/maven2/io/takari/maven/plugins/takari-lifecycle/1.13.4/takari-lifecycle-1.13.4.pom
[13c3297a-f060-4b41-9599-ef947d2277fe/build]   | [INFO] Downloaded from central: https://repo.maven.apache.org/maven2/io/takari/maven/plugins/takari-lifecycle/1.13.4/takari-lifecycle-1.13.4.pom (4.0 kB at 158 kB/s)
[13c3297a-f060-4b41-9599-ef947d2277fe/build]   | [INFO] Downloading from central: https://repo.maven.apache.org/maven2/io/takari/takari/25/takari-25.pom
[13c3297a-f060-4b41-9599-ef947d2277fe/build]   | [INFO] Downloaded from central: https://repo.maven.apache.org/maven2/io/takari/takari/25/takari-25.pom (14 kB at 444 kB/s)
[13c3297a-f060-4b41-9599-ef947d2277fe/build]   | [INFO] Downloading from central: https://repo.maven.apache.org/maven2/org/codehaus/plexus/plexus-utils/3.0.20/plexus-utils-3.0.20.pom
[13c3297a-f060-4b41-9599-ef947d2277fe/build]   | [INFO] Downloaded from central: https://repo.maven.apache.org/maven2/org/codehaus/plexus/plexus-utils/3.0.20/plexus-utils-3.0.20.pom (3.8 kB at 119 kB/s)
[13c3297a-f060-4b41-9599-ef947d2277fe/build]   | [INFO] Downloading from central: https://repo.maven.apache.org/maven2/org/codehaus/plexus/plexus/3.3.1/plexus-3.3.1.pom
[13c3297a-f060-4b41-9599-ef947d2277fe/build]   | [INFO] Downloaded from central: https://repo.maven.apache.org/maven2/org/codehaus/plexus/plexus/3.3.1/plexus-3.3.1.pom (20 kB at 1.1 MB/s)
[13c3297a-f060-4b41-9599-ef947d2277fe/build]   | [INFO] Downloading from central: https://repo.maven.apache.org/maven2/org/sonatype/spice/spice-parent/17/spice-parent-17.pom
[13c3297a-f060-4b41-9599-ef947d2277fe/build]   | [INFO] Downloaded from central: https://repo.maven.apache.org/maven2/org/sonatype/spice/spice-parent/17/spice-parent-17.pom (6.8 kB at 322 kB/s)
[13c3297a-f060-4b41-9599-ef947d2277fe/build]   | [INFO] Downloading from central: https://repo.maven.apache.org/maven2/org/sonatype/forge/forge-parent/10/forge-parent-10.pom
[13c3297a-f060-4b41-9599-ef947d2277fe/build]   | [INFO] Downloaded from central: https://repo.maven.apache.org/maven2/org/sonatype/forge/forge-parent/10/forge-parent-10.pom (14 kB at 798 kB/s)
[13c3297a-f060-4b41-9599-ef947d2277fe/build]   | [INFO] Downloading from central: https://repo.maven.apache.org/maven2/org/apache/maven/plugin-tools/maven-plugin-annotations/3.3/maven-plugin-annotations-3.3.pom
[13c3297a-f060-4b41-9599-ef947d2277fe/build]   | [INFO] Downloaded from central: https://repo.maven.apache.org/maven2/org/apache/maven/plugin-tools/maven-plugin-annotations/3.3/maven-plugin-annotations-3.3.pom (1.6 kB at 51 kB/s)
[13c3297a-f060-4b41-9599-ef947d2277fe/build]   | [INFO] Downloading from central: https://repo.maven.apache.org/maven2/org/apache/maven/plugin-tools/maven-plugin-tools/3.3/maven-plugin-tools-3.3.pom
[13c3297a-f060-4b41-9599-ef947d2277fe/build]   | [INFO] Downloaded from central: https://repo.maven.apache.org/maven2/org/apache/maven/plugin-tools/maven-plugin-tools/3.3/maven-plugin-tools-3.3.pom (13 kB at 790 kB/s)
[13c3297a-f060-4b41-9599-ef947d2277fe/build]   | [INFO] Downloading from central: https://repo.maven.apache.org/maven2/org/apache/maven/maven-parent/24/maven-parent-24.pom
[13c3297a-f060-4b41-9599-ef947d2277fe/build]   | [INFO] Downloaded from central: https://repo.maven.apache.org/maven2/org/apache/maven/maven-parent/24/maven-parent-24.pom (37 kB at 753 kB/s)
[13c3297a-f060-4b41-9599-ef947d2277fe/build]   | [INFO] Downloading from central: https://repo.maven.apache.org/maven2/org/apache/apache/14/apache-14.pom
[13c3297a-f060-4b41-9599-ef947d2277fe/build]   | [INFO] Downloaded from central: https://repo.maven.apache.org/maven2/org/apache/apache/14/apache-14.pom (15 kB at 734 kB/s)
[13c3297a-f060-4b41-9599-ef947d2277fe/build]   | [INFO] Downloading from central: https://repo.maven.apache.org/maven2/org/apache/maven/maven-artifact/3.0/maven-artifact-3.0.pom
[13c3297a-f060-4b41-9599-ef947d2277fe/build]   | [INFO] Downloaded from central: https://repo.maven.apache.org/maven2/org/apache/maven/maven-artifact/3.0/maven-artifact-3.0.pom (1.9 kB at 46 kB/s)
[13c3297a-f060-4b41-9599-ef947d2277fe/build]   | [INFO] Downloading from central: https://repo.maven.apache.org/maven2/org/apache/maven/maven/3.0/maven-3.0.pom
[13c3297a-f060-4b41-9599-ef947d2277fe/build]   | [INFO] Downloaded from central: https://repo.maven.apache.org/maven2/org/apache/maven/maven/3.0/maven-3.0.pom (22 kB at 509 kB/s)
[13c3297a-f060-4b41-9599-ef947d2277fe/build]   | [INFO] Downloading from central: https://repo.maven.apache.org/maven2/org/apache/maven/maven-parent/15/maven-parent-15.pom
[13c3297a-f060-4b41-9599-ef947d2277fe/build]   | [INFO] Downloaded from central: https://repo.maven.apache.org/maven2/org/apache/maven/maven-parent/15/maven-parent-15.pom (24 kB at 511 kB/s)
[13c3297a-f060-4b41-9599-ef947d2277fe/build]   | [INFO] Downloading from central: https://repo.maven.apache.org/maven2/org/apache/apache/6/apache-6.pom
[13c3297a-f060-4b41-9599-ef947d2277fe/build]   | [INFO] Downloaded from central: https://repo.maven.apache.org/maven2/org/apache/apache/6/apache-6.pom (13 kB at 312 kB/s)
[13c3297a-f060-4b41-9599-ef947d2277fe/build]   | [INFO] Downloading from central: https://repo.maven.apache.org/maven2/org/codehaus/plexus/plexus-utils/2.0.4/plexus-utils-2.0.4.pom
[13c3297a-f060-4b41-9599-ef947d2277fe/build]   | [INFO] Downloaded from central: https://repo.maven.apache.org/maven2/org/codehaus/plexus/plexus-utils/2.0.4/plexus-utils-2.0.4.pom (3.3 kB at 111 kB/s)
[13c3297a-f060-4b41-9599-ef947d2277fe/build]   | [INFO] Downloading from central: https://repo.maven.apache.org/maven2/org/codehaus/plexus/plexus/2.0.6/plexus-2.0.6.pom
[13c3297a-f060-4b41-9599-ef947d2277fe/build]   | [INFO] Downloaded from central: https://repo.maven.apache.org/maven2/org/codehaus/plexus/plexus/2.0.6/plexus-2.0.6.pom (17 kB at 578 kB/s)
[13c3297a-f060-4b41-9599-ef947d2277fe/build]   | [INFO] Downloading from central: https://repo.maven.apache.org/maven2/org/eclipse/aether/aether-api/1.0.2.v20150114/aether-api-1.0.2.v20150114.pom
[13c3297a-f060-4b41-9599-ef947d2277fe/build]   | [INFO] Downloaded from central: https://repo.maven.apache.org/maven2/org/eclipse/aether/aether-api/1.0.2.v20150114/aether-api-1.0.2.v20150114.pom (1.8 kB at 52 kB/s)
[13c3297a-f060-4b41-9599-ef947d2277fe/build]   | [INFO] Downloading from central: https://repo.maven.apache.org/maven2/org/eclipse/aether/aether/1.0.2.v20150114/aether-1.0.2.v20150114.pom
[13c3297a-f060-4b41-9599-ef947d2277fe/build]   | [INFO] Downloaded from central: https://repo.maven.apache.org/maven2/org/eclipse/aether/aether/1.0.2.v20150114/aether-1.0.2.v20150114.pom (29 kB at 544 kB/s)
[13c3297a-f060-4b41-9599-ef947d2277fe/build]   | [INFO] Downloading from central: https://repo.maven.apache.org/maven2/org/eclipse/aether/aether-util/1.0.2.v20150114/aether-util-1.0.2.v20150114.pom
[13c3297a-f060-4b41-9599-ef947d2277fe/build]   | [INFO] Downloaded from central: https://repo.maven.apache.org/maven2/org/eclipse/aether/aether-util/1.0.2.v20150114/aether-util-1.0.2.v20150114.pom (2.1 kB at 79 kB/s)
[13c3297a-f060-4b41-9599-ef947d2277fe/build]   | [INFO] Downloading from central: https://repo.maven.apache.org/maven2/io/takari/incrementalbuild/0.20.6/incrementalbuild-0.20.6.pom
[13c3297a-f060-4b41-9599-ef947d2277fe/build]   | [INFO] Downloaded from central: https://repo.maven.apache.org/maven2/io/takari/incrementalbuild/0.20.6/incrementalbuild-0.20.6.pom (3.6 kB at 121 kB/s)
[13c3297a-f060-4b41-9599-ef947d2277fe/build]   | [INFO] Downloading from central: https://repo.maven.apache.org/maven2/io/takari/io.takari.incrementalbuild/0.20.6/io.takari.incrementalbuild-0.20.6.pom
[13c3297a-f060-4b41-9599-ef947d2277fe/build]   | [INFO] Downloaded from central: https://repo.maven.apache.org/maven2/io/takari/io.takari.incrementalbuild/0.20.6/io.takari.incrementalbuild-0.20.6.pom (11 kB at 478 kB/s)
[13c3297a-f060-4b41-9599-ef947d2277fe/build]   | [INFO] Downloading from central: https://repo.maven.apache.org/maven2/io/takari/takari/24/takari-24.pom
[13c3297a-f060-4b41-9599-ef947d2277fe/build]   | [INFO] Downloaded from central: https://repo.maven.apache.org/maven2/io/takari/takari/24/takari-24.pom (14 kB at 530 kB/s)
[13c3297a-f060-4b41-9599-ef947d2277fe/build]   | [INFO] Downloading from central: https://repo.maven.apache.org/maven2/io/takari/incrementalbuild-workspace/0.20.5/incrementalbuild-workspace-0.20.5.pom
[13c3297a-f060-4b41-9599-ef947d2277fe/build]   | [INFO] Downloaded from central: https://repo.maven.apache.org/maven2/io/takari/incrementalbuild-workspace/0.20.5/incrementalbuild-workspace-0.20.5.pom (3.9 kB at 157 kB/s)
[13c3297a-f060-4b41-9599-ef947d2277fe/build]   | [INFO] Downloading from central: https://repo.maven.apache.org/maven2/io/takari/io.takari.incrementalbuild/0.20.5/io.takari.incrementalbuild-0.20.5.pom
[13c3297a-f060-4b41-9599-ef947d2277fe/build]   | [INFO] Downloaded from central: https://repo.maven.apache.org/maven2/io/takari/io.takari.incrementalbuild/0.20.5/io.takari.incrementalbuild-0.20.5.pom (11 kB at 187 kB/s)
[13c3297a-f060-4b41-9599-ef947d2277fe/build]   | [INFO] Downloading from central: https://repo.maven.apache.org/maven2/io/takari/builder/takari-builder-common/0.20.6/takari-builder-common-0.20.6.pom
[13c3297a-f060-4b41-9599-ef947d2277fe/build]   | [INFO] Downloaded from central: https://repo.maven.apache.org/maven2/io/takari/builder/takari-builder-common/0.20.6/takari-builder-common-0.20.6.pom (1.3 kB at 53 kB/s)
[13c3297a-f060-4b41-9599-ef947d2277fe/build]   | [INFO] Downloading from central: https://repo.maven.apache.org/maven2/javax/inject/javax.inject/1/javax.inject-1.pom
[13c3297a-f060-4b41-9599-ef947d2277fe/build]   | [INFO] Downloaded from central: https://repo.maven.apache.org/maven2/javax/inject/javax.inject/1/javax.inject-1.pom (612 B at 31 kB/s)
[13c3297a-f060-4b41-9599-ef947d2277fe/build]   | [INFO] Downloading from central: https://repo.maven.apache.org/maven2/org/slf4j/slf4j-api/1.7.5/slf4j-api-1.7.5.pom
[13c3297a-f060-4b41-9599-ef947d2277fe/build]   | [INFO] Downloaded from central: https://repo.maven.apache.org/maven2/org/slf4j/slf4j-api/1.7.5/slf4j-api-1.7.5.pom (2.7 kB at 103 kB/s)
[13c3297a-f060-4b41-9599-ef947d2277fe/build]   | [INFO] Downloading from central: https://repo.maven.apache.org/maven2/org/slf4j/slf4j-parent/1.7.5/slf4j-parent-1.7.5.pom
[13c3297a-f060-4b41-9599-ef947d2277fe/build]   | [INFO] Downloaded from central: https://repo.maven.apache.org/maven2/org/slf4j/slf4j-parent/1.7.5/slf4j-parent-1.7.5.pom (12 kB at 738 kB/s)
[13c3297a-f060-4b41-9599-ef947d2277fe/build]   | [INFO] Downloading from central: https://repo.maven.apache.org/maven2/org/eclipse/tycho/org.eclipse.jdt.core/3.14.0.v20171206-0802/org.eclipse.jdt.core-3.14.0.v20171206-0802.pom
[13c3297a-f060-4b41-9599-ef947d2277fe/build]   | [INFO] Downloaded from central: https://repo.maven.apache.org/maven2/org/eclipse/tycho/org.eclipse.jdt.core/3.14.0.v20171206-0802/org.eclipse.jdt.core-3.14.0.v20171206-0802.pom (1.0 kB at 14 kB/s)
[13c3297a-f060-4b41-9599-ef947d2277fe/build]   | [INFO] Downloading from central: https://repo.maven.apache.org/maven2/org/eclipse/tycho/org.eclipse.jdt.compiler.apt/1.3.100.v20171130-1050/org.eclipse.jdt.compiler.apt-1.3.100.v20171130-1050.pom
[13c3297a-f060-4b41-9599-ef947d2277fe/build]   | [INFO] Downloaded from central: https://repo.maven.apache.org/maven2/org/eclipse/tycho/org.eclipse.jdt.compiler.apt/1.3.100.v20171130-1050/org.eclipse.jdt.compiler.apt-1.3.100.v20171130-1050.pom (1.1 kB at 33 kB/s)
[13c3297a-f060-4b41-9599-ef947d2277fe/build]   | [INFO] Downloading from central: https://repo.maven.apache.org/maven2/org/eclipse/tycho/org.eclipse.osgi/3.13.0.v20171204-1916/org.eclipse.osgi-3.13.0.v20171204-1916.pom
[13c3297a-f060-4b41-9599-ef947d2277fe/build]   | [INFO] Downloaded from central: https://repo.maven.apache.org/maven2/org/eclipse/tycho/org.eclipse.osgi/3.13.0.v20171204-1916/org.eclipse.osgi-3.13.0.v20171204-1916.pom (1.0 kB at 23 kB/s)
[13c3297a-f060-4b41-9599-ef947d2277fe/build]   | [INFO] Downloading from central: https://repo.maven.apache.org/maven2/com/github/spullara/mustache/java/compiler/0.8.17/compiler-0.8.17.pom
[13c3297a-f060-4b41-9599-ef947d2277fe/build]   | [INFO] Downloaded from central: https://repo.maven.apache.org/maven2/com/github/spullara/mustache/java/compiler/0.8.17/compiler-0.8.17.pom (4.2 kB at 116 kB/s)
[13c3297a-f060-4b41-9599-ef947d2277fe/build]   | [INFO] Downloading from central: https://repo.maven.apache.org/maven2/com/github/spullara/mustache/java/mustache.java/0.8.17/mustache.java-0.8.17.pom
[13c3297a-f060-4b41-9599-ef947d2277fe/build]   | [INFO] Downloaded from central: https://repo.maven.apache.org/maven2/com/github/spullara/mustache/java/mustache.java/0.8.17/mustache.java-0.8.17.pom (3.7 kB at 141 kB/s)
[13c3297a-f060-4b41-9599-ef947d2277fe/build]   | [INFO] Downloading from central: https://repo.maven.apache.org/maven2/com/google/guava/guava/16.0.1/guava-16.0.1.pom
[13c3297a-f060-4b41-9599-ef947d2277fe/build]   | [INFO] Downloaded from central: https://repo.maven.apache.org/maven2/com/google/guava/guava/16.0.1/guava-16.0.1.pom (6.1 kB at 139 kB/s)
[13c3297a-f060-4b41-9599-ef947d2277fe/build]   | [INFO] Downloading from central: https://repo.maven.apache.org/maven2/com/google/guava/guava-parent/16.0.1/guava-parent-16.0.1.pom
[13c3297a-f060-4b41-9599-ef947d2277fe/build]   | [INFO] Downloaded from central: https://repo.maven.apache.org/maven2/com/google/guava/guava-parent/16.0.1/guava-parent-16.0.1.pom (7.3 kB at 458 kB/s)
[13c3297a-f060-4b41-9599-ef947d2277fe/build]   | [INFO] Downloading from central: https://repo.maven.apache.org/maven2/org/sonatype/oss/oss-parent/7/oss-parent-7.pom
[13c3297a-f060-4b41-9599-ef947d2277fe/build]   | [INFO] Downloaded from central: https://repo.maven.apache.org/maven2/org/sonatype/oss/oss-parent/7/oss-parent-7.pom (4.8 kB at 121 kB/s)
[13c3297a-f060-4b41-9599-ef947d2277fe/build]   | [INFO] Downloading from central: https://repo.maven.apache.org/maven2/com/google/guava/guava/18.0/guava-18.0.pom
[13c3297a-f060-4b41-9599-ef947d2277fe/build]   | [INFO] Downloaded from central: https://repo.maven.apache.org/maven2/com/google/guava/guava/18.0/guava-18.0.pom (5.7 kB at 354 kB/s)
[13c3297a-f060-4b41-9599-ef947d2277fe/build]   | [INFO] Downloading from central: https://repo.maven.apache.org/maven2/com/google/guava/guava-parent/18.0/guava-parent-18.0.pom
[13c3297a-f060-4b41-9599-ef947d2277fe/build]   | [INFO] Downloaded from central: https://repo.maven.apache.org/maven2/com/google/guava/guava-parent/18.0/guava-parent-18.0.pom (7.7 kB at 640 kB/s)
[13c3297a-f060-4b41-9599-ef947d2277fe/build]   | [INFO] Downloading from central: https://repo.maven.apache.org/maven2/io/takari/takari-archiver/0.1.11/takari-archiver-0.1.11.pom
[13c3297a-f060-4b41-9599-ef947d2277fe/build]   | [INFO] Downloaded from central: https://repo.maven.apache.org/maven2/io/takari/takari-archiver/0.1.11/takari-archiver-0.1.11.pom (1.8 kB at 58 kB/s)
[13c3297a-f060-4b41-9599-ef947d2277fe/build]   | [INFO] Downloading from central: https://repo.maven.apache.org/maven2/io/takari/takari/17/takari-17.pom
[13c3297a-f060-4b41-9599-ef947d2277fe/build]   | [INFO] Downloaded from central: https://repo.maven.apache.org/maven2/io/takari/takari/17/takari-17.pom (14 kB at 429 kB/s)
[13c3297a-f060-4b41-9599-ef947d2277fe/build]   | [INFO] Downloading from central: https://repo.maven.apache.org/maven2/com/google/guava/guava/14.0.1/guava-14.0.1.pom
[13c3297a-f060-4b41-9599-ef947d2277fe/build]   | [INFO] Downloaded from central: https://repo.maven.apache.org/maven2/com/google/guava/guava/14.0.1/guava-14.0.1.pom (5.4 kB at 299 kB/s)
[13c3297a-f060-4b41-9599-ef947d2277fe/build]   | [INFO] Downloading from central: https://repo.maven.apache.org/maven2/com/google/guava/guava-parent/14.0.1/guava-parent-14.0.1.pom
[13c3297a-f060-4b41-9599-ef947d2277fe/build]   | [INFO] Downloaded from central: https://repo.maven.apache.org/maven2/com/google/guava/guava-parent/14.0.1/guava-parent-14.0.1.pom (2.6 kB at 88 kB/s)
[13c3297a-f060-4b41-9599-ef947d2277fe/build]   | [INFO] Downloading from central: https://repo.maven.apache.org/maven2/org/apache/commons/commons-compress/1.8.1/commons-compress-1.8.1.pom
[13c3297a-f060-4b41-9599-ef947d2277fe/build]   | [INFO] Downloaded from central: https://repo.maven.apache.org/maven2/org/apache/commons/commons-compress/1.8.1/commons-compress-1.8.1.pom (11 kB at 408 kB/s)
[13c3297a-f060-4b41-9599-ef947d2277fe/build]   | [INFO] Downloading from central: https://repo.maven.apache.org/maven2/org/apache/commons/commons-parent/33/commons-parent-33.pom
[13c3297a-f060-4b41-9599-ef947d2277fe/build]   | [INFO] Downloaded from central: https://repo.maven.apache.org/maven2/org/apache/commons/commons-parent/33/commons-parent-33.pom (53 kB at 1.3 MB/s)
[13c3297a-f060-4b41-9599-ef947d2277fe/build]   | [INFO] Downloading from central: https://repo.maven.apache.org/maven2/org/apache/apache/13/apache-13.pom
[13c3297a-f060-4b41-9599-ef947d2277fe/build]   | [INFO] Downloaded from central: https://repo.maven.apache.org/maven2/org/apache/apache/13/apache-13.pom (14 kB at 1.2 MB/s)
[13c3297a-f060-4b41-9599-ef947d2277fe/build]   | [INFO] Downloading from central: https://repo.maven.apache.org/maven2/org/codehaus/plexus/plexus-utils/3.0.15/plexus-utils-3.0.15.pom
[13c3297a-f060-4b41-9599-ef947d2277fe/build]   | [INFO] Downloaded from central: https://repo.maven.apache.org/maven2/org/codehaus/plexus/plexus-utils/3.0.15/plexus-utils-3.0.15.pom (3.1 kB at 225 kB/s)
[13c3297a-f060-4b41-9599-ef947d2277fe/build]   | [INFO] Downloading from central: https://repo.maven.apache.org/maven2/com/google/code/gson/gson/2.2.4/gson-2.2.4.pom
[13c3297a-f060-4b41-9599-ef947d2277fe/build]   | [INFO] Downloaded from central: https://repo.maven.apache.org/maven2/com/google/code/gson/gson/2.2.4/gson-2.2.4.pom (8.0 kB at 251 kB/s)
[13c3297a-f060-4b41-9599-ef947d2277fe/build]   | [INFO] Downloading from central: https://repo.maven.apache.org/maven2/org/slf4j/slf4j-api/1.7.4/slf4j-api-1.7.4.pom
[13c3297a-f060-4b41-9599-ef947d2277fe/build]   | [INFO] Downloaded from central: https://repo.maven.apache.org/maven2/org/slf4j/slf4j-api/1.7.4/slf4j-api-1.7.4.pom (2.7 kB at 64 kB/s)
[13c3297a-f060-4b41-9599-ef947d2277fe/build]   | [INFO] Downloading from central: https://repo.maven.apache.org/maven2/org/slf4j/slf4j-parent/1.7.4/slf4j-parent-1.7.4.pom
[13c3297a-f060-4b41-9599-ef947d2277fe/build]   | [INFO] Downloaded from central: https://repo.maven.apache.org/maven2/org/slf4j/slf4j-parent/1.7.4/slf4j-parent-1.7.4.pom (12 kB at 151 kB/s)
[13c3297a-f060-4b41-9599-ef947d2277fe/build]   | [INFO] Downloading from central: https://repo.maven.apache.org/maven2/org/apache/commons/commons-exec/1.2/commons-exec-1.2.pom
[13c3297a-f060-4b41-9599-ef947d2277fe/build]   | [INFO] Downloaded from central: https://repo.maven.apache.org/maven2/org/apache/commons/commons-exec/1.2/commons-exec-1.2.pom (11 kB at 546 kB/s)
[13c3297a-f060-4b41-9599-ef947d2277fe/build]   | [INFO] Downloading from central: https://repo.maven.apache.org/maven2/org/apache/commons/commons-parent/32/commons-parent-32.pom
[13c3297a-f060-4b41-9599-ef947d2277fe/build]   | [INFO] Downloaded from central: https://repo.maven.apache.org/maven2/org/apache/commons/commons-parent/32/commons-parent-32.pom (53 kB at 1.6 MB/s)
[13c3297a-f060-4b41-9599-ef947d2277fe/build]   | [INFO] Downloading from central: https://repo.maven.apache.org/maven2/io/takari/m2e/workspace/org.eclipse.m2e.workspace.cli/0.4.0/org.eclipse.m2e.workspace.cli-0.4.0.pom
[13c3297a-f060-4b41-9599-ef947d2277fe/build]   | [INFO] Downloaded from central: https://repo.maven.apache.org/maven2/io/takari/m2e/workspace/org.eclipse.m2e.workspace.cli/0.4.0/org.eclipse.m2e.workspace.cli-0.4.0.pom (9.5 kB at 395 kB/s)
[13c3297a-f060-4b41-9599-ef947d2277fe/build]   | [INFO] Downloading from central: https://repo.maven.apache.org/maven2/org/codehaus/plexus/plexus-component-annotations/1.5.5/plexus-component-annotations-1.5.5.pom
[13c3297a-f060-4b41-9599-ef947d2277fe/build]   | [INFO] Downloaded from central: https://repo.maven.apache.org/maven2/org/codehaus/plexus/plexus-component-annotations/1.5.5/plexus-component-annotations-1.5.5.pom (815 B at 15 kB/s)
[13c3297a-f060-4b41-9599-ef947d2277fe/build]   | [INFO] Downloading from central: https://repo.maven.apache.org/maven2/org/codehaus/plexus/plexus-containers/1.5.5/plexus-containers-1.5.5.pom
[13c3297a-f060-4b41-9599-ef947d2277fe/build]   | [INFO] Downloaded from central: https://repo.maven.apache.org/maven2/org/codehaus/plexus/plexus-containers/1.5.5/plexus-containers-1.5.5.pom (4.2 kB at 193 kB/s)
[13c3297a-f060-4b41-9599-ef947d2277fe/build]   | [INFO] Downloading from central: https://repo.maven.apache.org/maven2/org/codehaus/plexus/plexus/2.0.7/plexus-2.0.7.pom
[13c3297a-f060-4b41-9599-ef947d2277fe/build]   | [INFO] Downloaded from central: https://repo.maven.apache.org/maven2/org/codehaus/plexus/plexus/2.0.7/plexus-2.0.7.pom (17 kB at 540 kB/s)
[13c3297a-f060-4b41-9599-ef947d2277fe/build]   | [INFO] Downloading from central: https://repo.maven.apache.org/maven2/xmlunit/xmlunit/1.5/xmlunit-1.5.pom
[13c3297a-f060-4b41-9599-ef947d2277fe/build]   | [INFO] Downloaded from central: https://repo.maven.apache.org/maven2/xmlunit/xmlunit/1.5/xmlunit-1.5.pom (3.0 kB at 60 kB/s)
[13c3297a-f060-4b41-9599-ef947d2277fe/build]   | [INFO] Downloading from central: https://repo.maven.apache.org/maven2/io/takari/maven/plugins/takari-lifecycle-plugin/1.13.4/takari-lifecycle-plugin-1.13.4.jar
[13c3297a-f060-4b41-9599-ef947d2277fe/build]   | [INFO] Downloading from central: https://repo.maven.apache.org/maven2/org/codehaus/plexus/plexus-utils/3.0.20/plexus-utils-3.0.20.jar
[13c3297a-f060-4b41-9599-ef947d2277fe/build]   | [INFO] Downloading from central: https://repo.maven.apache.org/maven2/org/apache/maven/plugin-tools/maven-plugin-annotations/3.3/maven-plugin-annotations-3.3.jar
[13c3297a-f060-4b41-9599-ef947d2277fe/build]   | [INFO] Downloading from central: https://repo.maven.apache.org/maven2/org/eclipse/aether/aether-api/1.0.2.v20150114/aether-api-1.0.2.v20150114.jar
[13c3297a-f060-4b41-9599-ef947d2277fe/build]   | [INFO] Downloading from central: https://repo.maven.apache.org/maven2/org/apache/maven/maven-artifact/3.0/maven-artifact-3.0.jar
[13c3297a-f060-4b41-9599-ef947d2277fe/build]   | [INFO] Downloaded from central: https://repo.maven.apache.org/maven2/org/apache/maven/plugin-tools/maven-plugin-annotations/3.3/maven-plugin-annotations-3.3.jar (14 kB at 143 kB/s)
[13c3297a-f060-4b41-9599-ef947d2277fe/build]   | [INFO] Downloading from central: https://repo.maven.apache.org/maven2/org/eclipse/aether/aether-util/1.0.2.v20150114/aether-util-1.0.2.v20150114.jar
[13c3297a-f060-4b41-9599-ef947d2277fe/build]   | [INFO] Downloaded from central: https://repo.maven.apache.org/maven2/org/codehaus/plexus/plexus-utils/3.0.20/plexus-utils-3.0.20.jar (243 kB at 2.3 MB/s)
[13c3297a-f060-4b41-9599-ef947d2277fe/build]   | [INFO] Downloading from central: https://repo.maven.apache.org/maven2/io/takari/incrementalbuild/0.20.6/incrementalbuild-0.20.6.jar
[13c3297a-f060-4b41-9599-ef947d2277fe/build]   | [INFO] Downloaded from central: https://repo.maven.apache.org/maven2/io/takari/incrementalbuild/0.20.6/incrementalbuild-0.20.6.jar (96 kB at 621 kB/s)
[13c3297a-f060-4b41-9599-ef947d2277fe/build]   | [INFO] Downloading from central: https://repo.maven.apache.org/maven2/io/takari/incrementalbuild-workspace/0.20.5/incrementalbuild-workspace-0.20.5.jar
[13c3297a-f060-4b41-9599-ef947d2277fe/build]   | [INFO] Downloaded from central: https://repo.maven.apache.org/maven2/org/eclipse/aether/aether-util/1.0.2.v20150114/aether-util-1.0.2.v20150114.jar (147 kB at 773 kB/s)
[13c3297a-f060-4b41-9599-ef947d2277fe/build]   | [INFO] Downloading from central: https://repo.maven.apache.org/maven2/io/takari/builder/takari-builder-common/0.20.6/takari-builder-common-0.20.6.jar
[13c3297a-f060-4b41-9599-ef947d2277fe/build]   | [INFO] Downloaded from central: https://repo.maven.apache.org/maven2/io/takari/incrementalbuild-workspace/0.20.5/incrementalbuild-workspace-0.20.5.jar (7.1 kB at 32 kB/s)
[13c3297a-f060-4b41-9599-ef947d2277fe/build]   | [INFO] Downloading from central: https://repo.maven.apache.org/maven2/org/eclipse/tycho/org.eclipse.jdt.core/3.14.0.v20171206-0802/org.eclipse.jdt.core-3.14.0.v20171206-0802.jar
[13c3297a-f060-4b41-9599-ef947d2277fe/build]   | [INFO] Downloaded from central: https://repo.maven.apache.org/maven2/io/takari/builder/takari-builder-common/0.20.6/takari-builder-common-0.20.6.jar (48 kB at 215 kB/s)
[13c3297a-f060-4b41-9599-ef947d2277fe/build]   | [INFO] Downloading from central: https://repo.maven.apache.org/maven2/org/eclipse/tycho/org.eclipse.jdt.compiler.apt/1.3.100.v20171130-1050/org.eclipse.jdt.compiler.apt-1.3.100.v20171130-1050.jar
[13c3297a-f060-4b41-9599-ef947d2277fe/build]   | [INFO] Downloaded from central: https://repo.maven.apache.org/maven2/io/takari/maven/plugins/takari-lifecycle-plugin/1.13.4/takari-lifecycle-plugin-1.13.4.jar (291 kB at 966 kB/s)
[13c3297a-f060-4b41-9599-ef947d2277fe/build]   | [INFO] Downloading from central: https://repo.maven.apache.org/maven2/org/eclipse/tycho/org.eclipse.osgi/3.13.0.v20171204-1916/org.eclipse.osgi-3.13.0.v20171204-1916.jar
[13c3297a-f060-4b41-9599-ef947d2277fe/build]   | [INFO] Downloaded from central: https://repo.maven.apache.org/maven2/org/eclipse/tycho/org.eclipse.jdt.compiler.apt/1.3.100.v20171130-1050/org.eclipse.jdt.compiler.apt-1.3.100.v20171130-1050.jar (214 kB at 698 kB/s)
[13c3297a-f060-4b41-9599-ef947d2277fe/build]   | [INFO] Downloading from central: https://repo.maven.apache.org/maven2/com/github/spullara/mustache/java/compiler/0.8.17/compiler-0.8.17.jar
[13c3297a-f060-4b41-9599-ef947d2277fe/build]   | [INFO] Downloaded from central: https://repo.maven.apache.org/maven2/org/apache/maven/maven-artifact/3.0/maven-artifact-3.0.jar (52 kB at 152 kB/s)
[13c3297a-f060-4b41-9599-ef947d2277fe/build]   | [INFO] Downloading from central: https://repo.maven.apache.org/maven2/com/google/guava/guava/18.0/guava-18.0.jar
[13c3297a-f060-4b41-9599-ef947d2277fe/build]   | [INFO] Downloaded from central: https://repo.maven.apache.org/maven2/com/github/spullara/mustache/java/compiler/0.8.17/compiler-0.8.17.jar (116 kB at 318 kB/s)
[13c3297a-f060-4b41-9599-ef947d2277fe/build]   | [INFO] Downloading from central: https://repo.maven.apache.org/maven2/io/takari/takari-archiver/0.1.11/takari-archiver-0.1.11.jar
[13c3297a-f060-4b41-9599-ef947d2277fe/build]   | [INFO] Downloaded from central: https://repo.maven.apache.org/maven2/io/takari/takari-archiver/0.1.11/takari-archiver-0.1.11.jar (44 kB at 112 kB/s)
[13c3297a-f060-4b41-9599-ef947d2277fe/build]   | [INFO] Downloading from central: https://repo.maven.apache.org/maven2/org/apache/commons/commons-compress/1.8.1/commons-compress-1.8.1.jar
[13c3297a-f060-4b41-9599-ef947d2277fe/build]   | [INFO] Downloaded from central: https://repo.maven.apache.org/maven2/org/eclipse/aether/aether-api/1.0.2.v20150114/aether-api-1.0.2.v20150114.jar (136 kB at 128 kB/s)
[13c3297a-f060-4b41-9599-ef947d2277fe/build]   | [INFO] Downloading from central: https://repo.maven.apache.org/maven2/javax/inject/javax.inject/1/javax.inject-1.jar
[13c3297a-f060-4b41-9599-ef947d2277fe/build]   | [INFO] Downloaded from central: https://repo.maven.apache.org/maven2/javax/inject/javax.inject/1/javax.inject-1.jar (2.5 kB at 2.3 kB/s)
[13c3297a-f060-4b41-9599-ef947d2277fe/build]   | [INFO] Downloading from central: https://repo.maven.apache.org/maven2/com/google/code/gson/gson/2.2.4/gson-2.2.4.jar
[13c3297a-f060-4b41-9599-ef947d2277fe/build]   | [INFO] Downloaded from central: https://repo.maven.apache.org/maven2/com/google/code/gson/gson/2.2.4/gson-2.2.4.jar (190 kB at 170 kB/s)
[13c3297a-f060-4b41-9599-ef947d2277fe/build]   | [INFO] Downloading from central: https://repo.maven.apache.org/maven2/org/slf4j/slf4j-api/1.7.4/slf4j-api-1.7.4.jar
[13c3297a-f060-4b41-9599-ef947d2277fe/build]   | [INFO] Downloaded from central: https://repo.maven.apache.org/maven2/org/apache/commons/commons-compress/1.8.1/commons-compress-1.8.1.jar (366 kB at 315 kB/s)
[13c3297a-f060-4b41-9599-ef947d2277fe/build]   | [INFO] Downloading from central: https://repo.maven.apache.org/maven2/org/apache/commons/commons-exec/1.2/commons-exec-1.2.jar
[13c3297a-f060-4b41-9599-ef947d2277fe/build]   | [INFO] Downloaded from central: https://repo.maven.apache.org/maven2/org/slf4j/slf4j-api/1.7.4/slf4j-api-1.7.4.jar (26 kB at 22 kB/s)
[13c3297a-f060-4b41-9599-ef947d2277fe/build]   | [INFO] Downloading from central: https://repo.maven.apache.org/maven2/io/takari/m2e/workspace/org.eclipse.m2e.workspace.cli/0.4.0/org.eclipse.m2e.workspace.cli-0.4.0.jar
[13c3297a-f060-4b41-9599-ef947d2277fe/build]   | [INFO] Downloaded from central: https://repo.maven.apache.org/maven2/org/apache/commons/commons-exec/1.2/commons-exec-1.2.jar (54 kB at 46 kB/s)
[13c3297a-f060-4b41-9599-ef947d2277fe/build]   | [INFO] Downloading from central: https://repo.maven.apache.org/maven2/org/codehaus/plexus/plexus-component-annotations/1.5.5/plexus-component-annotations-1.5.5.jar
[13c3297a-f060-4b41-9599-ef947d2277fe/build]   | [INFO] Downloaded from central: https://repo.maven.apache.org/maven2/org/eclipse/tycho/org.eclipse.osgi/3.13.0.v20171204-1916/org.eclipse.osgi-3.13.0.v20171204-1916.jar (1.4 MB at 1.2 MB/s)
[13c3297a-f060-4b41-9599-ef947d2277fe/build]   | [INFO] Downloading from central: https://repo.maven.apache.org/maven2/xmlunit/xmlunit/1.5/xmlunit-1.5.jar
[13c3297a-f060-4b41-9599-ef947d2277fe/build]   | [INFO] Downloaded from central: https://repo.maven.apache.org/maven2/io/takari/m2e/workspace/org.eclipse.m2e.workspace.cli/0.4.0/org.eclipse.m2e.workspace.cli-0.4.0.jar (18 kB at 15 kB/s)
[13c3297a-f060-4b41-9599-ef947d2277fe/build]   | [INFO] Downloaded from central: https://repo.maven.apache.org/maven2/org/codehaus/plexus/plexus-component-annotations/1.5.5/plexus-component-annotations-1.5.5.jar (4.2 kB at 3.3 kB/s)
[13c3297a-f060-4b41-9599-ef947d2277fe/build]   | [INFO] Downloaded from central: https://repo.maven.apache.org/maven2/com/google/guava/guava/18.0/guava-18.0.jar (2.3 MB at 1.8 MB/s)
[13c3297a-f060-4b41-9599-ef947d2277fe/build]   | [INFO] Downloaded from central: https://repo.maven.apache.org/maven2/xmlunit/xmlunit/1.5/xmlunit-1.5.jar (98 kB at 75 kB/s)
[13c3297a-f060-4b41-9599-ef947d2277fe/build]   | [INFO] Downloaded from central: https://repo.maven.apache.org/maven2/org/eclipse/tycho/org.eclipse.jdt.core/3.14.0.v20171206-0802/org.eclipse.jdt.core-3.14.0.v20171206-0802.jar (6.7 MB at 4.7 MB/s)
[13c3297a-f060-4b41-9599-ef947d2277fe/build]   | [INFO] 
[13c3297a-f060-4b41-9599-ef947d2277fe/build]   | [INFO] ---------------------< com.walmartlabs.x12:gozer >----------------------
[13c3297a-f060-4b41-9599-ef947d2277fe/build]   | [INFO] Building gozer 0.1.2-SNAPSHOT
[13c3297a-f060-4b41-9599-ef947d2277fe/build]   | [INFO] -----------------------------[ takari-jar ]-----------------------------
[13c3297a-f060-4b41-9599-ef947d2277fe/build]   | [INFO] Downloading from central: https://repo.maven.apache.org/maven2/org/apache/maven/plugins/maven-surefire-plugin/2.21.0/maven-surefire-plugin-2.21.0.pom
[13c3297a-f060-4b41-9599-ef947d2277fe/build]   | [INFO] Downloaded from central: https://repo.maven.apache.org/maven2/org/apache/maven/plugins/maven-surefire-plugin/2.21.0/maven-surefire-plugin-2.21.0.pom (5.2 kB at 745 kB/s)
[13c3297a-f060-4b41-9599-ef947d2277fe/build]   | [INFO] Downloading from central: https://repo.maven.apache.org/maven2/org/apache/maven/surefire/surefire/2.21.0/surefire-2.21.0.pom
[13c3297a-f060-4b41-9599-ef947d2277fe/build]   | [INFO] Downloaded from central: https://repo.maven.apache.org/maven2/org/apache/maven/surefire/surefire/2.21.0/surefire-2.21.0.pom (28 kB at 1.9 MB/s)
[13c3297a-f060-4b41-9599-ef947d2277fe/build]   | [INFO] Downloading from central: https://repo.maven.apache.org/maven2/org/apache/maven/maven-parent/30/maven-parent-30.pom
[13c3297a-f060-4b41-9599-ef947d2277fe/build]   | [INFO] Downloaded from central: https://repo.maven.apache.org/maven2/org/apache/maven/maven-parent/30/maven-parent-30.pom (41 kB at 2.4 MB/s)
[13c3297a-f060-4b41-9599-ef947d2277fe/build]   | [INFO] Downloading from central: https://repo.maven.apache.org/maven2/org/apache/apache/18/apache-18.pom
[13c3297a-f060-4b41-9599-ef947d2277fe/build]   | [INFO] Downloaded from central: https://repo.maven.apache.org/maven2/org/apache/apache/18/apache-18.pom (16 kB at 783 kB/s)
[13c3297a-f060-4b41-9599-ef947d2277fe/build]   | [INFO] Downloading from central: https://repo.maven.apache.org/maven2/org/apache/maven/plugins/maven-surefire-plugin/2.21.0/maven-surefire-plugin-2.21.0.jar
[13c3297a-f060-4b41-9599-ef947d2277fe/build]   | [INFO] Downloaded from central: https://repo.maven.apache.org/maven2/org/apache/maven/plugins/maven-surefire-plugin/2.21.0/maven-surefire-plugin-2.21.0.jar (40 kB at 3.4 MB/s)
[13c3297a-f060-4b41-9599-ef947d2277fe/build]   | [INFO] Downloading from central: https://repo.maven.apache.org/maven2/org/springframework/spring-core/4.3.12.RELEASE/spring-core-4.3.12.RELEASE.pom
[13c3297a-f060-4b41-9599-ef947d2277fe/build]   | [INFO] Downloaded from central: https://repo.maven.apache.org/maven2/org/springframework/spring-core/4.3.12.RELEASE/spring-core-4.3.12.RELEASE.pom (2.5 kB at 108 kB/s)
[13c3297a-f060-4b41-9599-ef947d2277fe/build]   | [INFO] Downloading from central: https://repo.maven.apache.org/maven2/commons-logging/commons-logging/1.2/commons-logging-1.2.pom
[13c3297a-f060-4b41-9599-ef947d2277fe/build]   | [INFO] Downloaded from central: https://repo.maven.apache.org/maven2/commons-logging/commons-logging/1.2/commons-logging-1.2.pom (19 kB at 915 kB/s)
[13c3297a-f060-4b41-9599-ef947d2277fe/build]   | [INFO] Downloading from central: https://repo.maven.apache.org/maven2/org/apache/commons/commons-parent/34/commons-parent-34.pom
[13c3297a-f060-4b41-9599-ef947d2277fe/build]   | [INFO] Downloaded from central: https://repo.maven.apache.org/maven2/org/apache/commons/commons-parent/34/commons-parent-34.pom (56 kB at 3.5 MB/s)
[13c3297a-f060-4b41-9599-ef947d2277fe/build]   | [INFO] Downloading from central: https://repo.maven.apache.org/maven2/org/slf4j/slf4j-api/1.7.21/slf4j-api-1.7.21.pom
[13c3297a-f060-4b41-9599-ef947d2277fe/build]   | [INFO] Downloaded from central: https://repo.maven.apache.org/maven2/org/slf4j/slf4j-api/1.7.21/slf4j-api-1.7.21.pom (2.8 kB at 107 kB/s)
[13c3297a-f060-4b41-9599-ef947d2277fe/build]   | [INFO] Downloading from central: https://repo.maven.apache.org/maven2/org/slf4j/slf4j-parent/1.7.21/slf4j-parent-1.7.21.pom
[13c3297a-f060-4b41-9599-ef947d2277fe/build]   | [INFO] Downloaded from central: https://repo.maven.apache.org/maven2/org/slf4j/slf4j-parent/1.7.21/slf4j-parent-1.7.21.pom (14 kB at 711 kB/s)
[13c3297a-f060-4b41-9599-ef947d2277fe/build]   | [INFO] Downloading from central: https://repo.maven.apache.org/maven2/org/slf4j/jcl-over-slf4j/1.7.21/jcl-over-slf4j-1.7.21.pom
[13c3297a-f060-4b41-9599-ef947d2277fe/build]   | [INFO] Downloaded from central: https://repo.maven.apache.org/maven2/org/slf4j/jcl-over-slf4j/1.7.21/jcl-over-slf4j-1.7.21.pom (963 B at 46 kB/s)
[13c3297a-f060-4b41-9599-ef947d2277fe/build]   | [INFO] Downloading from central: https://repo.maven.apache.org/maven2/ch/qos/logback/logback-classic/1.1.7/logback-classic-1.1.7.pom
[13c3297a-f060-4b41-9599-ef947d2277fe/build]   | [INFO] Downloaded from central: https://repo.maven.apache.org/maven2/ch/qos/logback/logback-classic/1.1.7/logback-classic-1.1.7.pom (13 kB at 752 kB/s)
[13c3297a-f060-4b41-9599-ef947d2277fe/build]   | [INFO] Downloading from central: https://repo.maven.apache.org/maven2/ch/qos/logback/logback-parent/1.1.7/logback-parent-1.1.7.pom
[13c3297a-f060-4b41-9599-ef947d2277fe/build]   | [INFO] Downloaded from central: https://repo.maven.apache.org/maven2/ch/qos/logback/logback-parent/1.1.7/logback-parent-1.1.7.pom (17 kB at 1.5 MB/s)
[13c3297a-f060-4b41-9599-ef947d2277fe/build]   | [INFO] Downloading from central: https://repo.maven.apache.org/maven2/ch/qos/logback/logback-core/1.1.7/logback-core-1.1.7.pom
[13c3297a-f060-4b41-9599-ef947d2277fe/build]   | [INFO] Downloaded from central: https://repo.maven.apache.org/maven2/ch/qos/logback/logback-core/1.1.7/logback-core-1.1.7.pom (4.4 kB at 170 kB/s)
[13c3297a-f060-4b41-9599-ef947d2277fe/build]   | [INFO] Downloading from central: https://repo.maven.apache.org/maven2/org/slf4j/slf4j-api/1.7.20/slf4j-api-1.7.20.pom
[13c3297a-f060-4b41-9599-ef947d2277fe/build]   | [INFO] Downloaded from central: https://repo.maven.apache.org/maven2/org/slf4j/slf4j-api/1.7.20/slf4j-api-1.7.20.pom (2.8 kB at 185 kB/s)
[13c3297a-f060-4b41-9599-ef947d2277fe/build]   | [INFO] Downloading from central: https://repo.maven.apache.org/maven2/org/slf4j/slf4j-parent/1.7.20/slf4j-parent-1.7.20.pom
[13c3297a-f060-4b41-9599-ef947d2277fe/build]   | [INFO] Downloaded from central: https://repo.maven.apache.org/maven2/org/slf4j/slf4j-parent/1.7.20/slf4j-parent-1.7.20.pom (14 kB at 675 kB/s)
[13c3297a-f060-4b41-9599-ef947d2277fe/build]   | [INFO] Downloading from central: https://repo.maven.apache.org/maven2/junit/junit/4.12/junit-4.12.pom
[13c3297a-f060-4b41-9599-ef947d2277fe/build]   | [INFO] Downloaded from central: https://repo.maven.apache.org/maven2/junit/junit/4.12/junit-4.12.pom (24 kB at 592 kB/s)
[13c3297a-f060-4b41-9599-ef947d2277fe/build]   | [INFO] Downloading from central: https://repo.maven.apache.org/maven2/org/hamcrest/hamcrest-core/1.3/hamcrest-core-1.3.pom
[13c3297a-f060-4b41-9599-ef947d2277fe/build]   | [INFO] Downloaded from central: https://repo.maven.apache.org/maven2/org/hamcrest/hamcrest-core/1.3/hamcrest-core-1.3.pom (766 B at 33 kB/s)
[13c3297a-f060-4b41-9599-ef947d2277fe/build]   | [INFO] Downloading from central: https://repo.maven.apache.org/maven2/org/hamcrest/hamcrest-parent/1.3/hamcrest-parent-1.3.pom
[13c3297a-f060-4b41-9599-ef947d2277fe/build]   | [INFO] Downloaded from central: https://repo.maven.apache.org/maven2/org/hamcrest/hamcrest-parent/1.3/hamcrest-parent-1.3.pom (2.0 kB at 179 kB/s)
[13c3297a-f060-4b41-9599-ef947d2277fe/build]   | [INFO] Downloading from central: https://repo.maven.apache.org/maven2/org/springframework/spring-core/4.3.12.RELEASE/spring-core-4.3.12.RELEASE.jar
[13c3297a-f060-4b41-9599-ef947d2277fe/build]   | [INFO] Downloading from central: https://repo.maven.apache.org/maven2/commons-logging/commons-logging/1.2/commons-logging-1.2.jar
[13c3297a-f060-4b41-9599-ef947d2277fe/build]   | [INFO] Downloading from central: https://repo.maven.apache.org/maven2/org/slf4j/jcl-over-slf4j/1.7.21/jcl-over-slf4j-1.7.21.jar
[13c3297a-f060-4b41-9599-ef947d2277fe/build]   | [INFO] Downloading from central: https://repo.maven.apache.org/maven2/ch/qos/logback/logback-classic/1.1.7/logback-classic-1.1.7.jar
[13c3297a-f060-4b41-9599-ef947d2277fe/build]   | [INFO] Downloading from central: https://repo.maven.apache.org/maven2/org/slf4j/slf4j-api/1.7.21/slf4j-api-1.7.21.jar
[13c3297a-f060-4b41-9599-ef947d2277fe/build]   | [INFO] Downloaded from central: https://repo.maven.apache.org/maven2/commons-logging/commons-logging/1.2/commons-logging-1.2.jar (62 kB at 1.2 MB/s)
[13c3297a-f060-4b41-9599-ef947d2277fe/build]   | [INFO] Downloading from central: https://repo.maven.apache.org/maven2/ch/qos/logback/logback-core/1.1.7/logback-core-1.1.7.jar
[13c3297a-f060-4b41-9599-ef947d2277fe/build]   | [INFO] Downloaded from central: https://repo.maven.apache.org/maven2/org/slf4j/jcl-over-slf4j/1.7.21/jcl-over-slf4j-1.7.21.jar (16 kB at 567 kB/s)
[13c3297a-f060-4b41-9599-ef947d2277fe/build]   | [INFO] Downloading from central: https://repo.maven.apache.org/maven2/junit/junit/4.12/junit-4.12.jar
[13c3297a-f060-4b41-9599-ef947d2277fe/build]   | [INFO] Downloaded from central: https://repo.maven.apache.org/maven2/org/slf4j/slf4j-api/1.7.21/slf4j-api-1.7.21.jar (41 kB at 613 kB/s)
[13c3297a-f060-4b41-9599-ef947d2277fe/build]   | [INFO] Downloading from central: https://repo.maven.apache.org/maven2/org/hamcrest/hamcrest-core/1.3/hamcrest-core-1.3.jar
[13c3297a-f060-4b41-9599-ef947d2277fe/build]   | [INFO] Downloaded from central: https://repo.maven.apache.org/maven2/org/springframework/spring-core/4.3.12.RELEASE/spring-core-4.3.12.RELEASE.jar (1.1 MB at 16 MB/s)
[13c3297a-f060-4b41-9599-ef947d2277fe/build]   | [INFO] Downloaded from central: https://repo.maven.apache.org/maven2/ch/qos/logback/logback-classic/1.1.7/logback-classic-1.1.7.jar (304 kB at 4.8 MB/s)
[13c3297a-f060-4b41-9599-ef947d2277fe/build]   | [INFO] Downloaded from central: https://repo.maven.apache.org/maven2/org/hamcrest/hamcrest-core/1.3/hamcrest-core-1.3.jar (45 kB at 625 kB/s)
[13c3297a-f060-4b41-9599-ef947d2277fe/build]   | [INFO] Downloaded from central: https://repo.maven.apache.org/maven2/junit/junit/4.12/junit-4.12.jar (315 kB at 4.1 MB/s)
[13c3297a-f060-4b41-9599-ef947d2277fe/build]   | [INFO] Downloaded from central: https://repo.maven.apache.org/maven2/ch/qos/logback/logback-core/1.1.7/logback-core-1.1.7.jar (471 kB at 3.7 MB/s)
[13c3297a-f060-4b41-9599-ef947d2277fe/build]   | [INFO] 
[13c3297a-f060-4b41-9599-ef947d2277fe/build]   | [INFO] --- takari-lifecycle-plugin:1.13.4:update-check (default-update-check) @ gozer ---
[13c3297a-f060-4b41-9599-ef947d2277fe/build]   | Jul 12, 2023 8:06:01 PM java.util.prefs.FileSystemPreferences$1 run
[13c3297a-f060-4b41-9599-ef947d2277fe/build]   | INFO: Created user preferences directory.
[13c3297a-f060-4b41-9599-ef947d2277fe/build]   | [INFO] 
[13c3297a-f060-4b41-9599-ef947d2277fe/build]   | [INFO] --- takari-lifecycle-plugin:1.13.4:process-resources (default-process-resources) @ gozer ---
[13c3297a-f060-4b41-9599-ef947d2277fe/build]   | [INFO] 
[13c3297a-f060-4b41-9599-ef947d2277fe/build]   | [INFO] --- takari-lifecycle-plugin:1.13.4:compile (default-compile) @ gozer ---
[13c3297a-f060-4b41-9599-ef947d2277fe/build]   | [INFO] Previous incremental build state does not exist, performing full build
[13c3297a-f060-4b41-9599-ef947d2277fe/build]   | [INFO] Compiling 18 sources to /tmp/f7baf3ce-9adb-4632-aeb3-b775f6ef6c39/target/classes
[13c3297a-f060-4b41-9599-ef947d2277fe/build]   | [parsing    /tmp/f7baf3ce-9adb-4632-aeb3-b775f6ef6c39/src/main/java/com/walmartlabs/x12/exceptions/X12ParserException.java - #1/18]
[13c3297a-f060-4b41-9599-ef947d2277fe/build]   | [parsing    /tmp/f7baf3ce-9adb-4632-aeb3-b775f6ef6c39/src/main/java/com/walmartlabs/x12/exceptions/X12ErrorDetail.java - #2/18]
[13c3297a-f060-4b41-9599-ef947d2277fe/build]   | [parsing    /tmp/f7baf3ce-9adb-4632-aeb3-b775f6ef6c39/src/main/java/com/walmartlabs/x12/X12Parser.java - #3/18]
[13c3297a-f060-4b41-9599-ef947d2277fe/build]   | [parsing    /tmp/f7baf3ce-9adb-4632-aeb3-b775f6ef6c39/src/main/java/com/walmartlabs/x12/checksum/BarCodeMod10Checksum.java - #4/18]
[13c3297a-f060-4b41-9599-ef947d2277fe/build]   | [parsing    /tmp/f7baf3ce-9adb-4632-aeb3-b775f6ef6c39/src/main/java/com/walmartlabs/x12/checksum/LuhnMod10Checksum.java - #5/18]
[13c3297a-f060-4b41-9599-ef947d2277fe/build]   | [parsing    /tmp/f7baf3ce-9adb-4632-aeb3-b775f6ef6c39/src/main/java/com/walmartlabs/x12/checksum/Checksum.java - #6/18]
[13c3297a-f060-4b41-9599-ef947d2277fe/build]   | [parsing    /tmp/f7baf3ce-9adb-4632-aeb3-b775f6ef6c39/src/main/java/com/walmartlabs/x12/X12Validator.java - #7/18]
[13c3297a-f060-4b41-9599-ef947d2277fe/build]   | [parsing    /tmp/f7baf3ce-9adb-4632-aeb3-b775f6ef6c39/src/main/java/com/walmartlabs/x12/dex/dx894/Dex894.java - #8/18]
[13c3297a-f060-4b41-9599-ef947d2277fe/build]   | [parsing    /tmp/f7baf3ce-9adb-4632-aeb3-b775f6ef6c39/src/main/java/com/walmartlabs/x12/dex/dx894/DefaultDex894Parser.java - #9/18]
[13c3297a-f060-4b41-9599-ef947d2277fe/build]   | [parsing    /tmp/f7baf3ce-9adb-4632-aeb3-b775f6ef6c39/src/main/java/com/walmartlabs/x12/dex/dx894/ProductQualifier.java - #10/18]
[13c3297a-f060-4b41-9599-ef947d2277fe/build]   | [parsing    /tmp/f7baf3ce-9adb-4632-aeb3-b775f6ef6c39/src/main/java/com/walmartlabs/x12/dex/dx894/Dex894Item.java - #11/18]
[13c3297a-f060-4b41-9599-ef947d2277fe/build]   | [parsing    /tmp/f7baf3ce-9adb-4632-aeb3-b775f6ef6c39/src/main/java/com/walmartlabs/x12/dex/dx894/InvoiceType.java - #12/18]
[13c3297a-f060-4b41-9599-ef947d2277fe/build]   | [parsing    /tmp/f7baf3ce-9adb-4632-aeb3-b775f6ef6c39/src/main/java/com/walmartlabs/x12/dex/dx894/DefaultDex894Validator.java - #13/18]
[13c3297a-f060-4b41-9599-ef947d2277fe/build]   | [parsing    /tmp/f7baf3ce-9adb-4632-aeb3-b775f6ef6c39/src/main/java/com/walmartlabs/x12/dex/dx894/Dex894TransactionSet.java - #14/18]
[13c3297a-f060-4b41-9599-ef947d2277fe/build]   | [parsing    /tmp/f7baf3ce-9adb-4632-aeb3-b775f6ef6c39/src/main/java/com/walmartlabs/x12/dex/dx894/Dex894Allowance.java - #15/18]
[13c3297a-f060-4b41-9599-ef947d2277fe/build]   | [parsing    /tmp/f7baf3ce-9adb-4632-aeb3-b775f6ef6c39/src/main/java/com/walmartlabs/x12/dex/dx894/UnitMeasure.java - #16/18]
[13c3297a-f060-4b41-9599-ef947d2277fe/build]   | [parsing    /tmp/f7baf3ce-9adb-4632-aeb3-b775f6ef6c39/src/main/java/com/walmartlabs/x12/util/VersionUtil.java - #17/18]
[13c3297a-f060-4b41-9599-ef947d2277fe/build]   | [parsing    /tmp/f7baf3ce-9adb-4632-aeb3-b775f6ef6c39/src/main/java/com/walmartlabs/x12/util/RetailSellingUnitUtil.java - #18/18]
[13c3297a-f060-4b41-9599-ef947d2277fe/build]   | [reading    java/lang/RuntimeException.class]
[13c3297a-f060-4b41-9599-ef947d2277fe/build]   | [reading    java/lang/Exception.class]
[13c3297a-f060-4b41-9599-ef947d2277fe/build]   | [reading    java/lang/Throwable.class]
[13c3297a-f060-4b41-9599-ef947d2277fe/build]   | [reading    java/lang/Object.class]
[13c3297a-f060-4b41-9599-ef947d2277fe/build]   | [reading    java/io/Serializable.class]
[13c3297a-f060-4b41-9599-ef947d2277fe/build]   | [reading    java/lang/Enum.class]
[13c3297a-f060-4b41-9599-ef947d2277fe/build]   | [reading    java/lang/Comparable.class]
[13c3297a-f060-4b41-9599-ef947d2277fe/build]   | [reading    java/lang/String.class]
[13c3297a-f060-4b41-9599-ef947d2277fe/build]   | [analyzing  /tmp/f7baf3ce-9adb-4632-aeb3-b775f6ef6c39/src/main/java/com/walmartlabs/x12/exceptions/X12ParserException.java - #1/18]
[13c3297a-f060-4b41-9599-ef947d2277fe/build]   | [reading    java/io/ObjectOutputStream.class]
[13c3297a-f060-4b41-9599-ef947d2277fe/build]   | [reading    java/io/IOException.class]
[13c3297a-f060-4b41-9599-ef947d2277fe/build]   | [reading    java/io/ObjectInputStream.class]
[13c3297a-f060-4b41-9599-ef947d2277fe/build]   | [reading    java/lang/ClassNotFoundException.class]
[13c3297a-f060-4b41-9599-ef947d2277fe/build]   | [reading    javax/rmi/CORBA/Stub.class]
[13c3297a-f060-4b41-9599-ef947d2277fe/build]   | [reading    java/lang/CharSequence.class]
[13c3297a-f060-4b41-9599-ef947d2277fe/build]   | [WARNING] /tmp/f7baf3ce-9adb-4632-aeb3-b775f6ef6c39/src/main/java/com/walmartlabs/x12/exceptions/X12ParserException.java:[21,14] The serializable class X12ParserException does not declare a static final serialVersionUID field of type long
[13c3297a-f060-4b41-9599-ef947d2277fe/build]   | [completed  /tmp/f7baf3ce-9adb-4632-aeb3-b775f6ef6c39/src/main/java/com/walmartlabs/x12/exceptions/X12ParserException.java - #1/18]
[13c3297a-f060-4b41-9599-ef947d2277fe/build]   | [analyzing  /tmp/f7baf3ce-9adb-4632-aeb3-b775f6ef6c39/src/main/java/com/walmartlabs/x12/exceptions/X12ErrorDetail.java - #2/18]
[13c3297a-f060-4b41-9599-ef947d2277fe/build]   | [reading    java/lang/Integer.class]
[13c3297a-f060-4b41-9599-ef947d2277fe/build]   | [reading    java/lang/Override.class]
[13c3297a-f060-4b41-9599-ef947d2277fe/build]   | [reading    java/lang/StringBuilder.class]
[13c3297a-f060-4b41-9599-ef947d2277fe/build]   | [reading    java/lang/StringBuffer.class]
[13c3297a-f060-4b41-9599-ef947d2277fe/build]   | [reading    java/lang/AbstractStringBuilder.class]
[13c3297a-f060-4b41-9599-ef947d2277fe/build]   | [reading    java/lang/Appendable.class]
[13c3297a-f060-4b41-9599-ef947d2277fe/build]   | [reading    java/lang/Number.class]
[13c3297a-f060-4b41-9599-ef947d2277fe/build]   | [completed  /tmp/f7baf3ce-9adb-4632-aeb3-b775f6ef6c39/src/main/java/com/walmartlabs/x12/exceptions/X12ErrorDetail.java - #2/18]
[13c3297a-f060-4b41-9599-ef947d2277fe/build]   | [analyzing  /tmp/f7baf3ce-9adb-4632-aeb3-b775f6ef6c39/src/main/java/com/walmartlabs/x12/X12Parser.java - #3/18]
[13c3297a-f060-4b41-9599-ef947d2277fe/build]   | [completed  /tmp/f7baf3ce-9adb-4632-aeb3-b775f6ef6c39/src/main/java/com/walmartlabs/x12/X12Parser.java - #3/18]
[13c3297a-f060-4b41-9599-ef947d2277fe/build]   | [analyzing  /tmp/f7baf3ce-9adb-4632-aeb3-b775f6ef6c39/src/main/java/com/walmartlabs/x12/checksum/BarCodeMod10Checksum.java - #4/18]
[13c3297a-f060-4b41-9599-ef947d2277fe/build]   | [reading    java/lang/NumberFormatException.class]
[13c3297a-f060-4b41-9599-ef947d2277fe/build]   | [reading    java/lang/IllegalArgumentException.class]
[13c3297a-f060-4b41-9599-ef947d2277fe/build]   | [completed  /tmp/f7baf3ce-9adb-4632-aeb3-b775f6ef6c39/src/main/java/com/walmartlabs/x12/checksum/BarCodeMod10Checksum.java - #4/18]
[13c3297a-f060-4b41-9599-ef947d2277fe/build]   | [analyzing  /tmp/f7baf3ce-9adb-4632-aeb3-b775f6ef6c39/src/main/java/com/walmartlabs/x12/checksum/LuhnMod10Checksum.java - #5/18]
[13c3297a-f060-4b41-9599-ef947d2277fe/build]   | [completed  /tmp/f7baf3ce-9adb-4632-aeb3-b775f6ef6c39/src/main/java/com/walmartlabs/x12/checksum/LuhnMod10Checksum.java - #5/18]
[13c3297a-f060-4b41-9599-ef947d2277fe/build]   | [analyzing  /tmp/f7baf3ce-9adb-4632-aeb3-b775f6ef6c39/src/main/java/com/walmartlabs/x12/checksum/Checksum.java - #6/18]
[13c3297a-f060-4b41-9599-ef947d2277fe/build]   | [completed  /tmp/f7baf3ce-9adb-4632-aeb3-b775f6ef6c39/src/main/java/com/walmartlabs/x12/checksum/Checksum.java - #6/18]
[13c3297a-f060-4b41-9599-ef947d2277fe/build]   | [analyzing  /tmp/f7baf3ce-9adb-4632-aeb3-b775f6ef6c39/src/main/java/com/walmartlabs/x12/X12Validator.java - #7/18]
[13c3297a-f060-4b41-9599-ef947d2277fe/build]   | [reading    java/util/Set.class]
[13c3297a-f060-4b41-9599-ef947d2277fe/build]   | [completed  /tmp/f7baf3ce-9adb-4632-aeb3-b775f6ef6c39/src/main/java/com/walmartlabs/x12/X12Validator.java - #7/18]
[13c3297a-f060-4b41-9599-ef947d2277fe/build]   | [analyzing  /tmp/f7baf3ce-9adb-4632-aeb3-b775f6ef6c39/src/main/java/com/walmartlabs/x12/dex/dx894/Dex894.java - #8/18]
[13c3297a-f060-4b41-9599-ef947d2277fe/build]   | [reading    java/util/ArrayList.class]
[13c3297a-f060-4b41-9599-ef947d2277fe/build]   | [reading    java/util/List.class]
[13c3297a-f060-4b41-9599-ef947d2277fe/build]   | [reading    java/util/Collection.class]
[13c3297a-f060-4b41-9599-ef947d2277fe/build]   | [reading    java/lang/Cloneable.class]
[13c3297a-f060-4b41-9599-ef947d2277fe/build]   | [reading    java/util/RandomAccess.class]
[13c3297a-f060-4b41-9599-ef947d2277fe/build]   | [reading    java/lang/Iterable.class]
[13c3297a-f060-4b41-9599-ef947d2277fe/build]   | [reading    java/util/AbstractList.class]
[13c3297a-f060-4b41-9599-ef947d2277fe/build]   | [reading    java/util/AbstractCollection.class]
[13c3297a-f060-4b41-9599-ef947d2277fe/build]   | [reading    java/util/Spliterator.class]
[13c3297a-f060-4b41-9599-ef947d2277fe/build]   | [reading    java/util/Comparator.class]
[13c3297a-f060-4b41-9599-ef947d2277fe/build]   | [reading    java/util/function/UnaryOperator.class]
[13c3297a-f060-4b41-9599-ef947d2277fe/build]   | [reading    java/util/function/Predicate.class]
[13c3297a-f060-4b41-9599-ef947d2277fe/build]   | [reading    java/util/ListIterator.class]
[13c3297a-f060-4b41-9599-ef947d2277fe/build]   | [reading    java/util/Iterator.class]
[13c3297a-f060-4b41-9599-ef947d2277fe/build]   | [reading    java/util/function/Consumer.class]
[13c3297a-f060-4b41-9599-ef947d2277fe/build]   | [completed  /tmp/f7baf3ce-9adb-4632-aeb3-b775f6ef6c39/src/main/java/com/walmartlabs/x12/dex/dx894/Dex894.java - #8/18]
[13c3297a-f060-4b41-9599-ef947d2277fe/build]   | [analyzing  /tmp/f7baf3ce-9adb-4632-aeb3-b775f6ef6c39/src/main/java/com/walmartlabs/x12/dex/dx894/DefaultDex894Parser.java - #9/18]
[13c3297a-f060-4b41-9599-ef947d2277fe/build]   | [reading    org/slf4j/Logger.class]
[13c3297a-f060-4b41-9599-ef947d2277fe/build]   | [reading    org/slf4j/LoggerFactory.class]
[13c3297a-f060-4b41-9599-ef947d2277fe/build]   | [reading    org/springframework/util/StringUtils.class]
[13c3297a-f060-4b41-9599-ef947d2277fe/build]   | [reading    java/math/BigDecimal.class]
[13c3297a-f060-4b41-9599-ef947d2277fe/build]   | [reading    java/math/RoundingMode.class]
[13c3297a-f060-4b41-9599-ef947d2277fe/build]   | [reading    java/util/Arrays.class]
[13c3297a-f060-4b41-9599-ef947d2277fe/build]   | [reading    java/lang/Class.class]
[13c3297a-f060-4b41-9599-ef947d2277fe/build]   | [reading    java/lang/Class$ReflectionData.class]
[13c3297a-f060-4b41-9599-ef947d2277fe/build]   | [reading    java/lang/ArrayIndexOutOfBoundsException.class]
[13c3297a-f060-4b41-9599-ef947d2277fe/build]   | [reading    java/lang/IndexOutOfBoundsException.class]
[13c3297a-f060-4b41-9599-ef947d2277fe/build]   | [reading    java/lang/reflect/AnnotatedElement.class]
[13c3297a-f060-4b41-9599-ef947d2277fe/build]   | [reading    java/lang/reflect/Type.class]
[13c3297a-f060-4b41-9599-ef947d2277fe/build]   | [reading    java/lang/reflect/GenericDeclaration.class]
[13c3297a-f060-4b41-9599-ef947d2277fe/build]   | [WARNING] /tmp/f7baf3ce-9adb-4632-aeb3-b775f6ef6c39/src/main/java/com/walmartlabs/x12/dex/dx894/DefaultDex894Parser.java:[84,12] Type safety: The return type Dex894 for parse(String) from the type DefaultDex894Parser needs unchecked conversion to conform to T from the type X12Parser
[13c3297a-f060-4b41-9599-ef947d2277fe/build]   | [completed  /tmp/f7baf3ce-9adb-4632-aeb3-b775f6ef6c39/src/main/java/com/walmartlabs/x12/dex/dx894/DefaultDex894Parser.java - #9/18]
[13c3297a-f060-4b41-9599-ef947d2277fe/build]   | [analyzing  /tmp/f7baf3ce-9adb-4632-aeb3-b775f6ef6c39/src/main/java/com/walmartlabs/x12/dex/dx894/ProductQualifier.java - #10/18]
[13c3297a-f060-4b41-9599-ef947d2277fe/build]   | [reading    java/io/ObjectStreamException.class]
[13c3297a-f060-4b41-9599-ef947d2277fe/build]   | [reading    java/lang/CloneNotSupportedException.class]
[13c3297a-f060-4b41-9599-ef947d2277fe/build]   | [completed  /tmp/f7baf3ce-9adb-4632-aeb3-b775f6ef6c39/src/main/java/com/walmartlabs/x12/dex/dx894/ProductQualifier.java - #10/18]
[13c3297a-f060-4b41-9599-ef947d2277fe/build]   | [analyzing  /tmp/f7baf3ce-9adb-4632-aeb3-b775f6ef6c39/src/main/java/com/walmartlabs/x12/dex/dx894/Dex894Item.java - #11/18]
[13c3297a-f060-4b41-9599-ef947d2277fe/build]   | [completed  /tmp/f7baf3ce-9adb-4632-aeb3-b775f6ef6c39/src/main/java/com/walmartlabs/x12/dex/dx894/Dex894Item.java - #11/18]
[13c3297a-f060-4b41-9599-ef947d2277fe/build]   | [analyzing  /tmp/f7baf3ce-9adb-4632-aeb3-b775f6ef6c39/src/main/java/com/walmartlabs/x12/dex/dx894/InvoiceType.java - #12/18]
[13c3297a-f060-4b41-9599-ef947d2277fe/build]   | [completed  /tmp/f7baf3ce-9adb-4632-aeb3-b775f6ef6c39/src/main/java/com/walmartlabs/x12/dex/dx894/InvoiceType.java - #12/18]
[13c3297a-f060-4b41-9599-ef947d2277fe/build]   | [analyzing  /tmp/f7baf3ce-9adb-4632-aeb3-b775f6ef6c39/src/main/java/com/walmartlabs/x12/dex/dx894/DefaultDex894Validator.java - #13/18]
[13c3297a-f060-4b41-9599-ef947d2277fe/build]   | [reading    java/util/HashSet.class]
[13c3297a-f060-4b41-9599-ef947d2277fe/build]   | [reading    java/util/stream/Collectors.class]
[13c3297a-f060-4b41-9599-ef947d2277fe/build]   | [reading    java/util/AbstractSet.class]
[13c3297a-f060-4b41-9599-ef947d2277fe/build]   | [reading    java/util/stream/Stream.class]
[13c3297a-f060-4b41-9599-ef947d2277fe/build]   | [reading    java/util/stream/Stream$Builder.class]
[13c3297a-f060-4b41-9599-ef947d2277fe/build]   | [reading    java/util/function/Function.class]
[13c3297a-f060-4b41-9599-ef947d2277fe/build]   | [reading    java/util/stream/BaseStream.class]
[13c3297a-f060-4b41-9599-ef947d2277fe/build]   | [reading    java/lang/AutoCloseable.class]
[13c3297a-f060-4b41-9599-ef947d2277fe/build]   | [reading    java/util/stream/Collector.class]
[13c3297a-f060-4b41-9599-ef947d2277fe/build]   | [reading    java/lang/Long.class]
[13c3297a-f060-4b41-9599-ef947d2277fe/build]   | [reading    java/util/Map.class]
[13c3297a-f060-4b41-9599-ef947d2277fe/build]   | [reading    java/util/Map$Entry.class]
[13c3297a-f060-4b41-9599-ef947d2277fe/build]   | [reading    java/util/function/BiConsumer.class]
[13c3297a-f060-4b41-9599-ef947d2277fe/build]   | [reading    java/util/function/Supplier.class]
[13c3297a-f060-4b41-9599-ef947d2277fe/build]   | [reading    java/lang/invoke/MethodHandles.class]
[13c3297a-f060-4b41-9599-ef947d2277fe/build]   | [reading    java/lang/invoke/MethodHandles$Lookup.class]
[13c3297a-f060-4b41-9599-ef947d2277fe/build]   | [reading    java/lang/invoke/LambdaMetafactory.class]
[13c3297a-f060-4b41-9599-ef947d2277fe/build]   | [completed  /tmp/f7baf3ce-9adb-4632-aeb3-b775f6ef6c39/src/main/java/com/walmartlabs/x12/dex/dx894/DefaultDex894Validator.java - #13/18]
[13c3297a-f060-4b41-9599-ef947d2277fe/build]   | [analyzing  /tmp/f7baf3ce-9adb-4632-aeb3-b775f6ef6c39/src/main/java/com/walmartlabs/x12/dex/dx894/Dex894TransactionSet.java - #14/18]
[13c3297a-f060-4b41-9599-ef947d2277fe/build]   | [completed  /tmp/f7baf3ce-9adb-4632-aeb3-b775f6ef6c39/src/main/java/com/walmartlabs/x12/dex/dx894/Dex894TransactionSet.java - #14/18]
[13c3297a-f060-4b41-9599-ef947d2277fe/build]   | [analyzing  /tmp/f7baf3ce-9adb-4632-aeb3-b775f6ef6c39/src/main/java/com/walmartlabs/x12/dex/dx894/Dex894Allowance.java - #15/18]
[13c3297a-f060-4b41-9599-ef947d2277fe/build]   | [completed  /tmp/f7baf3ce-9adb-4632-aeb3-b775f6ef6c39/src/main/java/com/walmartlabs/x12/dex/dx894/Dex894Allowance.java - #15/18]
[13c3297a-f060-4b41-9599-ef947d2277fe/build]   | [analyzing  /tmp/f7baf3ce-9adb-4632-aeb3-b775f6ef6c39/src/main/java/com/walmartlabs/x12/dex/dx894/UnitMeasure.java - #16/18]
[13c3297a-f060-4b41-9599-ef947d2277fe/build]   | [completed  /tmp/f7baf3ce-9adb-4632-aeb3-b775f6ef6c39/src/main/java/com/walmartlabs/x12/dex/dx894/UnitMeasure.java - #16/18]
[13c3297a-f060-4b41-9599-ef947d2277fe/build]   | [analyzing  /tmp/f7baf3ce-9adb-4632-aeb3-b775f6ef6c39/src/main/java/com/walmartlabs/x12/util/VersionUtil.java - #17/18]
[13c3297a-f060-4b41-9599-ef947d2277fe/build]   | [completed  /tmp/f7baf3ce-9adb-4632-aeb3-b775f6ef6c39/src/main/java/com/walmartlabs/x12/util/VersionUtil.java - #17/18]
[13c3297a-f060-4b41-9599-ef947d2277fe/build]   | [analyzing  /tmp/f7baf3ce-9adb-4632-aeb3-b775f6ef6c39/src/main/java/com/walmartlabs/x12/util/RetailSellingUnitUtil.java - #18/18]
[13c3297a-f060-4b41-9599-ef947d2277fe/build]   | [completed  /tmp/f7baf3ce-9adb-4632-aeb3-b775f6ef6c39/src/main/java/com/walmartlabs/x12/util/RetailSellingUnitUtil.java - #18/18]
[13c3297a-f060-4b41-9599-ef947d2277fe/build]   | [18 units compiled]
[13c3297a-f060-4b41-9599-ef947d2277fe/build]   | [INFO] Compiled 18 out of 18 sources (1534 ms)
[13c3297a-f060-4b41-9599-ef947d2277fe/build]   | [INFO] 
[13c3297a-f060-4b41-9599-ef947d2277fe/build]   | [INFO] --- takari-lifecycle-plugin:1.13.4:export-package (default-export-package) @ gozer ---
[13c3297a-f060-4b41-9599-ef947d2277fe/build]   | [INFO] Previous incremental build state does not exist, performing full build
[13c3297a-f060-4b41-9599-ef947d2277fe/build]   | [INFO] 
[13c3297a-f060-4b41-9599-ef947d2277fe/build]   | [INFO] --- takari-lifecycle-plugin:1.13.4:process-test-resources (default-process-test-resources) @ gozer ---
[13c3297a-f060-4b41-9599-ef947d2277fe/build]   | [INFO] Previous incremental build state does not exist, performing full build
[13c3297a-f060-4b41-9599-ef947d2277fe/build]   | [INFO] 
[13c3297a-f060-4b41-9599-ef947d2277fe/build]   | [INFO] --- takari-lifecycle-plugin:1.13.4:testCompile (default-testCompile) @ gozer ---
[13c3297a-f060-4b41-9599-ef947d2277fe/build]   | [INFO] Previous incremental build state does not exist, performing full build
[13c3297a-f060-4b41-9599-ef947d2277fe/build]   | [INFO] Compiling 11 sources to /tmp/f7baf3ce-9adb-4632-aeb3-b775f6ef6c39/target/test-classes
[13c3297a-f060-4b41-9599-ef947d2277fe/build]   | [parsing    /tmp/f7baf3ce-9adb-4632-aeb3-b775f6ef6c39/src/test/java/com/walmartlabs/x12/checksum/BarCodeMod10ChecksumTest.java - #1/11]
[13c3297a-f060-4b41-9599-ef947d2277fe/build]   | [parsing    /tmp/f7baf3ce-9adb-4632-aeb3-b775f6ef6c39/src/test/java/com/walmartlabs/x12/checksum/LuhnMod10ChecksumTest.java - #2/11]
[13c3297a-f060-4b41-9599-ef947d2277fe/build]   | [parsing    /tmp/f7baf3ce-9adb-4632-aeb3-b775f6ef6c39/src/test/java/com/walmartlabs/x12/dex/dx894/DefaultDex894ParseValidateTest.java - #3/11]
[13c3297a-f060-4b41-9599-ef947d2277fe/build]   | [parsing    /tmp/f7baf3ce-9adb-4632-aeb3-b775f6ef6c39/src/test/java/com/walmartlabs/x12/dex/dx894/DefaultDex894ParserTransactionTest.java - #4/11]
[13c3297a-f060-4b41-9599-ef947d2277fe/build]   | [parsing    /tmp/f7baf3ce-9adb-4632-aeb3-b775f6ef6c39/src/test/java/com/walmartlabs/x12/dex/dx894/DefaultDex894ValidatorTest.java - #5/11]
[13c3297a-f060-4b41-9599-ef947d2277fe/build]   | [parsing    /tmp/f7baf3ce-9adb-4632-aeb3-b775f6ef6c39/src/test/java/com/walmartlabs/x12/dex/dx894/ProductQualifierTest.java - #6/11]
[13c3297a-f060-4b41-9599-ef947d2277fe/build]   | [parsing    /tmp/f7baf3ce-9adb-4632-aeb3-b775f6ef6c39/src/test/java/com/walmartlabs/x12/dex/dx894/DefaultDex894ParserDxsSegmentTest.java - #7/11]
[13c3297a-f060-4b41-9599-ef947d2277fe/build]   | [parsing    /tmp/f7baf3ce-9adb-4632-aeb3-b775f6ef6c39/src/test/java/com/walmartlabs/x12/dex/dx894/UnitMeasureTest.java - #8/11]
[13c3297a-f060-4b41-9599-ef947d2277fe/build]   | [parsing    /tmp/f7baf3ce-9adb-4632-aeb3-b775f6ef6c39/src/test/java/com/walmartlabs/x12/dex/dx894/DefaultDex894ParserTest.java - #9/11]
[13c3297a-f060-4b41-9599-ef947d2277fe/build]   | [parsing    /tmp/f7baf3ce-9adb-4632-aeb3-b775f6ef6c39/src/test/java/com/walmartlabs/x12/util/RetailSellingUnitUtilTest.java - #10/11]
[13c3297a-f060-4b41-9599-ef947d2277fe/build]   | [parsing    /tmp/f7baf3ce-9adb-4632-aeb3-b775f6ef6c39/src/test/java/com/walmartlabs/x12/util/VersionUtilTest.java - #11/11]
[13c3297a-f060-4b41-9599-ef947d2277fe/build]   | [reading    java/lang/Object.class]
[13c3297a-f060-4b41-9599-ef947d2277fe/build]   | [analyzing  /tmp/f7baf3ce-9adb-4632-aeb3-b775f6ef6c39/src/test/java/com/walmartlabs/x12/checksum/BarCodeMod10ChecksumTest.java - #1/11]
[13c3297a-f060-4b41-9599-ef947d2277fe/build]   | [reading    org/junit/Before.class]
[13c3297a-f060-4b41-9599-ef947d2277fe/build]   | [reading    org/junit/Test.class]
[13c3297a-f060-4b41-9599-ef947d2277fe/build]   | [reading    org/junit/Assert.class]
[13c3297a-f060-4b41-9599-ef947d2277fe/build]   | [reading    java/lang/String.class]
[13c3297a-f060-4b41-9599-ef947d2277fe/build]   | [reading    com/walmartlabs/x12/checksum/Checksum.class]
[13c3297a-f060-4b41-9599-ef947d2277fe/build]   | [reading    java/lang/Class.class]
[13c3297a-f060-4b41-9599-ef947d2277fe/build]   | [reading    java/lang/Class$ReflectionData.class]
[13c3297a-f060-4b41-9599-ef947d2277fe/build]   | [reading    java/lang/Throwable.class]
[13c3297a-f060-4b41-9599-ef947d2277fe/build]   | [reading    java/lang/NumberFormatException.class]
[13c3297a-f060-4b41-9599-ef947d2277fe/build]   | [reading    java/lang/IllegalArgumentException.class]
[13c3297a-f060-4b41-9599-ef947d2277fe/build]   | [reading    java/lang/RuntimeException.class]
[13c3297a-f060-4b41-9599-ef947d2277fe/build]   | [reading    java/lang/Exception.class]
[13c3297a-f060-4b41-9599-ef947d2277fe/build]   | [reading    java/io/Serializable.class]
[13c3297a-f060-4b41-9599-ef947d2277fe/build]   | [reading    com/walmartlabs/x12/checksum/BarCodeMod10Checksum.class]
[13c3297a-f060-4b41-9599-ef947d2277fe/build]   | [reading    java/lang/CharSequence.class]
[13c3297a-f060-4b41-9599-ef947d2277fe/build]   | [reading    java/lang/Comparable.class]
[13c3297a-f060-4b41-9599-ef947d2277fe/build]   | [reading    java/lang/reflect/AnnotatedElement.class]
[13c3297a-f060-4b41-9599-ef947d2277fe/build]   | [reading    java/lang/reflect/Type.class]
[13c3297a-f060-4b41-9599-ef947d2277fe/build]   | [reading    java/lang/reflect/GenericDeclaration.class]
[13c3297a-f060-4b41-9599-ef947d2277fe/build]   | [completed  /tmp/f7baf3ce-9adb-4632-aeb3-b775f6ef6c39/src/test/java/com/walmartlabs/x12/checksum/BarCodeMod10ChecksumTest.java - #1/11]
[13c3297a-f060-4b41-9599-ef947d2277fe/build]   | [analyzing  /tmp/f7baf3ce-9adb-4632-aeb3-b775f6ef6c39/src/test/java/com/walmartlabs/x12/checksum/LuhnMod10ChecksumTest.java - #2/11]
[13c3297a-f060-4b41-9599-ef947d2277fe/build]   | [reading    com/walmartlabs/x12/checksum/LuhnMod10Checksum.class]
[13c3297a-f060-4b41-9599-ef947d2277fe/build]   | [completed  /tmp/f7baf3ce-9adb-4632-aeb3-b775f6ef6c39/src/test/java/com/walmartlabs/x12/checksum/LuhnMod10ChecksumTest.java - #2/11]
[13c3297a-f060-4b41-9599-ef947d2277fe/build]   | [analyzing  /tmp/f7baf3ce-9adb-4632-aeb3-b775f6ef6c39/src/test/java/com/walmartlabs/x12/dex/dx894/DefaultDex894ParseValidateTest.java - #3/11]
[13c3297a-f060-4b41-9599-ef947d2277fe/build]   | [reading    com/walmartlabs/x12/exceptions/X12ErrorDetail.class]
[13c3297a-f060-4b41-9599-ef947d2277fe/build]   | [reading    java/io/IOException.class]
[13c3297a-f060-4b41-9599-ef947d2277fe/build]   | [reading    java/nio/file/Files.class]
[13c3297a-f060-4b41-9599-ef947d2277fe/build]   | [reading    java/nio/file/DirectoryStream$Filter.class]
[13c3297a-f060-4b41-9599-ef947d2277fe/build]   | [reading    java/nio/file/DirectoryStream.class]
[13c3297a-f060-4b41-9599-ef947d2277fe/build]   | [reading    java/nio/file/Paths.class]
[13c3297a-f060-4b41-9599-ef947d2277fe/build]   | [reading    java/util/List.class]
[13c3297a-f060-4b41-9599-ef947d2277fe/build]   | [reading    java/util/Set.class]
[13c3297a-f060-4b41-9599-ef947d2277fe/build]   | [reading    com/walmartlabs/x12/dex/dx894/DefaultDex894Parser.class]
[13c3297a-f060-4b41-9599-ef947d2277fe/build]   | [reading    com/walmartlabs/x12/dex/dx894/DefaultDex894Validator.class]
[13c3297a-f060-4b41-9599-ef947d2277fe/build]   | [reading    java/nio/file/Path.class]
[13c3297a-f060-4b41-9599-ef947d2277fe/build]   | [reading    java/nio/file/WatchEvent$Kind.class]
[13c3297a-f060-4b41-9599-ef947d2277fe/build]   | [reading    java/nio/file/WatchEvent.class]
[13c3297a-f060-4b41-9599-ef947d2277fe/build]   | [reading    java/nio/file/WatchEvent$Kind.class]
[13c3297a-f060-4b41-9599-ef947d2277fe/build]   | [reading    java/net/URI.class]
[13c3297a-f060-4b41-9599-ef947d2277fe/build]   | [reading    com/walmartlabs/x12/dex/dx894/Dex894.class]
[13c3297a-f060-4b41-9599-ef947d2277fe/build]   | [reading    java/lang/Integer.class]
[13c3297a-f060-4b41-9599-ef947d2277fe/build]   | [reading    com/walmartlabs/x12/dex/dx894/Dex894TransactionSet.class]
[13c3297a-f060-4b41-9599-ef947d2277fe/build]   | [reading    java/lang/Number.class]
[13c3297a-f060-4b41-9599-ef947d2277fe/build]   | [reading    com/walmartlabs/x12/dex/dx894/InvoiceType.class]
[13c3297a-f060-4b41-9599-ef947d2277fe/build]   | [reading    java/lang/Enum.class]
[13c3297a-f060-4b41-9599-ef947d2277fe/build]   | [reading    java/math/BigDecimal.class]
[13c3297a-f060-4b41-9599-ef947d2277fe/build]   | [reading    com/walmartlabs/x12/dex/dx894/Dex894Item.class]
[13c3297a-f060-4b41-9599-ef947d2277fe/build]   | [reading    com/walmartlabs/x12/dex/dx894/UnitMeasure.class]
[13c3297a-f060-4b41-9599-ef947d2277fe/build]   | [reading    com/walmartlabs/x12/dex/dx894/ProductQualifier.class]
[13c3297a-f060-4b41-9599-ef947d2277fe/build]   | [reading    com/walmartlabs/x12/dex/dx894/Dex894Allowance.class]
[13c3297a-f060-4b41-9599-ef947d2277fe/build]   | [reading    com/walmartlabs/x12/X12Parser.class]
[13c3297a-f060-4b41-9599-ef947d2277fe/build]   | [reading    com/walmartlabs/x12/X12Validator.class]
[13c3297a-f060-4b41-9599-ef947d2277fe/build]   | [reading    java/nio/file/Watchable.class]
[13c3297a-f060-4b41-9599-ef947d2277fe/build]   | [reading    java/lang/Iterable.class]
[13c3297a-f060-4b41-9599-ef947d2277fe/build]   | [reading    java/util/Collection.class]
[13c3297a-f060-4b41-9599-ef947d2277fe/build]   | [completed  /tmp/f7baf3ce-9adb-4632-aeb3-b775f6ef6c39/src/test/java/com/walmartlabs/x12/dex/dx894/DefaultDex894ParseValidateTest.java - #3/11]
[13c3297a-f060-4b41-9599-ef947d2277fe/build]   | [analyzing  /tmp/f7baf3ce-9adb-4632-aeb3-b775f6ef6c39/src/test/java/com/walmartlabs/x12/dex/dx894/DefaultDex894ParserTransactionTest.java - #4/11]
[13c3297a-f060-4b41-9599-ef947d2277fe/build]   | [reading    com/walmartlabs/x12/exceptions/X12ParserException.class]
[13c3297a-f060-4b41-9599-ef947d2277fe/build]   | [completed  /tmp/f7baf3ce-9adb-4632-aeb3-b775f6ef6c39/src/test/java/com/walmartlabs/x12/dex/dx894/DefaultDex894ParserTransactionTest.java - #4/11]
[13c3297a-f060-4b41-9599-ef947d2277fe/build]   | [analyzing  /tmp/f7baf3ce-9adb-4632-aeb3-b775f6ef6c39/src/test/java/com/walmartlabs/x12/dex/dx894/DefaultDex894ValidatorTest.java - #5/11]
[13c3297a-f060-4b41-9599-ef947d2277fe/build]   | [reading    java/util/ArrayList.class]
[13c3297a-f060-4b41-9599-ef947d2277fe/build]   | [reading    java/util/stream/Collectors.class]
[13c3297a-f060-4b41-9599-ef947d2277fe/build]   | [reading    java/util/stream/Stream.class]
[13c3297a-f060-4b41-9599-ef947d2277fe/build]   | [reading    java/util/stream/Stream$Builder.class]
[13c3297a-f060-4b41-9599-ef947d2277fe/build]   | [reading    java/util/Optional.class]
[13c3297a-f060-4b41-9599-ef947d2277fe/build]   | [reading    java/util/Comparator.class]
[13c3297a-f060-4b41-9599-ef947d2277fe/build]   | [reading    java/util/stream/BaseStream.class]
[13c3297a-f060-4b41-9599-ef947d2277fe/build]   | [reading    java/lang/AutoCloseable.class]
[13c3297a-f060-4b41-9599-ef947d2277fe/build]   | [reading    java/util/function/ToLongFunction.class]
[13c3297a-f060-4b41-9599-ef947d2277fe/build]   | [reading    java/util/function/ToIntFunction.class]
[13c3297a-f060-4b41-9599-ef947d2277fe/build]   | [reading    java/util/function/ToDoubleFunction.class]
[13c3297a-f060-4b41-9599-ef947d2277fe/build]   | [reading    java/util/function/Function.class]
[13c3297a-f060-4b41-9599-ef947d2277fe/build]   | [reading    java/util/stream/Collector.class]
[13c3297a-f060-4b41-9599-ef947d2277fe/build]   | [reading    java/util/function/BiConsumer.class]
[13c3297a-f060-4b41-9599-ef947d2277fe/build]   | [reading    java/util/function/Supplier.class]
[13c3297a-f060-4b41-9599-ef947d2277fe/build]   | [reading    java/math/BigInteger.class]
[13c3297a-f060-4b41-9599-ef947d2277fe/build]   | [reading    java/lang/Cloneable.class]
[13c3297a-f060-4b41-9599-ef947d2277fe/build]   | [reading    java/util/RandomAccess.class]
[13c3297a-f060-4b41-9599-ef947d2277fe/build]   | [reading    java/util/AbstractList.class]
[13c3297a-f060-4b41-9599-ef947d2277fe/build]   | [reading    java/util/AbstractCollection.class]
[13c3297a-f060-4b41-9599-ef947d2277fe/build]   | [reading    java/io/ObjectOutputStream.class]
[13c3297a-f060-4b41-9599-ef947d2277fe/build]   | [reading    java/util/Spliterator.class]
[13c3297a-f060-4b41-9599-ef947d2277fe/build]   | [reading    java/util/function/UnaryOperator.class]
[13c3297a-f060-4b41-9599-ef947d2277fe/build]   | [reading    java/util/function/Predicate.class]
[13c3297a-f060-4b41-9599-ef947d2277fe/build]   | [reading    java/io/ObjectInputStream.class]
[13c3297a-f060-4b41-9599-ef947d2277fe/build]   | [reading    java/lang/ClassNotFoundException.class]
[13c3297a-f060-4b41-9599-ef947d2277fe/build]   | [reading    java/util/ListIterator.class]
[13c3297a-f060-4b41-9599-ef947d2277fe/build]   | [reading    java/util/Iterator.class]
[13c3297a-f060-4b41-9599-ef947d2277fe/build]   | [reading    java/util/function/Consumer.class]
[13c3297a-f060-4b41-9599-ef947d2277fe/build]   | [reading    java/lang/invoke/MethodHandles.class]
[13c3297a-f060-4b41-9599-ef947d2277fe/build]   | [reading    java/lang/invoke/MethodHandles$Lookup.class]
[13c3297a-f060-4b41-9599-ef947d2277fe/build]   | [reading    java/lang/invoke/LambdaMetafactory.class]
[13c3297a-f060-4b41-9599-ef947d2277fe/build]   | [completed  /tmp/f7baf3ce-9adb-4632-aeb3-b775f6ef6c39/src/test/java/com/walmartlabs/x12/dex/dx894/DefaultDex894ValidatorTest.java - #5/11]
[13c3297a-f060-4b41-9599-ef947d2277fe/build]   | [analyzing  /tmp/f7baf3ce-9adb-4632-aeb3-b775f6ef6c39/src/test/java/com/walmartlabs/x12/dex/dx894/ProductQualifierTest.java - #6/11]
[13c3297a-f060-4b41-9599-ef947d2277fe/build]   | [completed  /tmp/f7baf3ce-9adb-4632-aeb3-b775f6ef6c39/src/test/java/com/walmartlabs/x12/dex/dx894/ProductQualifierTest.java - #6/11]
[13c3297a-f060-4b41-9599-ef947d2277fe/build]   | [analyzing  /tmp/f7baf3ce-9adb-4632-aeb3-b775f6ef6c39/src/test/java/com/walmartlabs/x12/dex/dx894/DefaultDex894ParserDxsSegmentTest.java - #7/11]
[13c3297a-f060-4b41-9599-ef947d2277fe/build]   | [completed  /tmp/f7baf3ce-9adb-4632-aeb3-b775f6ef6c39/src/test/java/com/walmartlabs/x12/dex/dx894/DefaultDex894ParserDxsSegmentTest.java - #7/11]
[13c3297a-f060-4b41-9599-ef947d2277fe/build]   | [analyzing  /tmp/f7baf3ce-9adb-4632-aeb3-b775f6ef6c39/src/test/java/com/walmartlabs/x12/dex/dx894/UnitMeasureTest.java - #8/11]
[13c3297a-f060-4b41-9599-ef947d2277fe/build]   | [completed  /tmp/f7baf3ce-9adb-4632-aeb3-b775f6ef6c39/src/test/java/com/walmartlabs/x12/dex/dx894/UnitMeasureTest.java - #8/11]
[13c3297a-f060-4b41-9599-ef947d2277fe/build]   | [analyzing  /tmp/f7baf3ce-9adb-4632-aeb3-b775f6ef6c39/src/test/java/com/walmartlabs/x12/dex/dx894/DefaultDex894ParserTest.java - #9/11]
[13c3297a-f060-4b41-9599-ef947d2277fe/build]   | [completed  /tmp/f7baf3ce-9adb-4632-aeb3-b775f6ef6c39/src/test/java/com/walmartlabs/x12/dex/dx894/DefaultDex894ParserTest.java - #9/11]
[13c3297a-f060-4b41-9599-ef947d2277fe/build]   | [analyzing  /tmp/f7baf3ce-9adb-4632-aeb3-b775f6ef6c39/src/test/java/com/walmartlabs/x12/util/RetailSellingUnitUtilTest.java - #10/11]
[13c3297a-f060-4b41-9599-ef947d2277fe/build]   | [reading    com/walmartlabs/x12/util/RetailSellingUnitUtil.class]
[13c3297a-f060-4b41-9599-ef947d2277fe/build]   | [completed  /tmp/f7baf3ce-9adb-4632-aeb3-b775f6ef6c39/src/test/java/com/walmartlabs/x12/util/RetailSellingUnitUtilTest.java - #10/11]
[13c3297a-f060-4b41-9599-ef947d2277fe/build]   | [analyzing  /tmp/f7baf3ce-9adb-4632-aeb3-b775f6ef6c39/src/test/java/com/walmartlabs/x12/util/VersionUtilTest.java - #11/11]
[13c3297a-f060-4b41-9599-ef947d2277fe/build]   | [reading    com/walmartlabs/x12/util/VersionUtil.class]
[13c3297a-f060-4b41-9599-ef947d2277fe/build]   | [completed  /tmp/f7baf3ce-9adb-4632-aeb3-b775f6ef6c39/src/test/java/com/walmartlabs/x12/util/VersionUtilTest.java - #11/11]
[13c3297a-f060-4b41-9599-ef947d2277fe/build]   | [11 units compiled]
[13c3297a-f060-4b41-9599-ef947d2277fe/build]   | [INFO] Compiled 11 out of 11 sources (230 ms)
[13c3297a-f060-4b41-9599-ef947d2277fe/build]   | [INFO] 
[13c3297a-f060-4b41-9599-ef947d2277fe/build]   | [INFO] --- maven-surefire-plugin:2.21.0:test (default-test) @ gozer ---
[13c3297a-f060-4b41-9599-ef947d2277fe/build]   | [INFO] Downloading from central: https://repo.maven.apache.org/maven2/org/apache/maven/surefire/maven-surefire-common/2.21.0/maven-surefire-common-2.21.0.pom
[13c3297a-f060-4b41-9599-ef947d2277fe/build]   | [INFO] Downloaded from central: https://repo.maven.apache.org/maven2/org/apache/maven/surefire/maven-surefire-common/2.21.0/maven-surefire-common-2.21.0.pom (11 kB at 223 kB/s)
[13c3297a-f060-4b41-9599-ef947d2277fe/build]   | [INFO] Downloading from central: https://repo.maven.apache.org/maven2/org/apache/maven/maven-plugin-api/2.2.1/maven-plugin-api-2.2.1.pom
[13c3297a-f060-4b41-9599-ef947d2277fe/build]   | [INFO] Downloaded from central: https://repo.maven.apache.org/maven2/org/apache/maven/maven-plugin-api/2.2.1/maven-plugin-api-2.2.1.pom (1.5 kB at 73 kB/s)
[13c3297a-f060-4b41-9599-ef947d2277fe/build]   | [INFO] Downloading from central: https://repo.maven.apache.org/maven2/org/apache/maven/maven/2.2.1/maven-2.2.1.pom
[13c3297a-f060-4b41-9599-ef947d2277fe/build]   | [INFO] Downloaded from central: https://repo.maven.apache.org/maven2/org/apache/maven/maven/2.2.1/maven-2.2.1.pom (22 kB at 830 kB/s)
[13c3297a-f060-4b41-9599-ef947d2277fe/build]   | [INFO] Downloading from central: https://repo.maven.apache.org/maven2/org/apache/maven/maven-parent/11/maven-parent-11.pom
[13c3297a-f060-4b41-9599-ef947d2277fe/build]   | [INFO] Downloaded from central: https://repo.maven.apache.org/maven2/org/apache/maven/maven-parent/11/maven-parent-11.pom (32 kB at 1.7 MB/s)
[13c3297a-f060-4b41-9599-ef947d2277fe/build]   | [INFO] Downloading from central: https://repo.maven.apache.org/maven2/org/apache/apache/5/apache-5.pom
[13c3297a-f060-4b41-9599-ef947d2277fe/build]   | [INFO] Downloaded from central: https://repo.maven.apache.org/maven2/org/apache/apache/5/apache-5.pom (4.1 kB at 228 kB/s)
[13c3297a-f060-4b41-9599-ef947d2277fe/build]   | [INFO] Downloading from central: https://repo.maven.apache.org/maven2/org/apache/maven/plugin-tools/maven-plugin-annotations/3.5/maven-plugin-annotations-3.5.pom
[13c3297a-f060-4b41-9599-ef947d2277fe/build]   | [INFO] Downloaded from central: https://repo.maven.apache.org/maven2/org/apache/maven/plugin-tools/maven-plugin-annotations/3.5/maven-plugin-annotations-3.5.pom (1.7 kB at 54 kB/s)
[13c3297a-f060-4b41-9599-ef947d2277fe/build]   | [INFO] Downloading from central: https://repo.maven.apache.org/maven2/org/apache/maven/plugin-tools/maven-plugin-tools/3.5/maven-plugin-tools-3.5.pom
[13c3297a-f060-4b41-9599-ef947d2277fe/build]   | [INFO] Downloaded from central: https://repo.maven.apache.org/maven2/org/apache/maven/plugin-tools/maven-plugin-tools/3.5/maven-plugin-tools-3.5.pom (16 kB at 59 kB/s)
[13c3297a-f060-4b41-9599-ef947d2277fe/build]   | [INFO] Downloading from central: https://repo.maven.apache.org/maven2/org/apache/maven/maven-artifact/2.2.1/maven-artifact-2.2.1.pom
[13c3297a-f060-4b41-9599-ef947d2277fe/build]   | [INFO] Downloaded from central: https://repo.maven.apache.org/maven2/org/apache/maven/maven-artifact/2.2.1/maven-artifact-2.2.1.pom (1.6 kB at 6.4 kB/s)
[13c3297a-f060-4b41-9599-ef947d2277fe/build]   | [INFO] Downloading from central: https://repo.maven.apache.org/maven2/org/codehaus/plexus/plexus-utils/1.5.15/plexus-utils-1.5.15.pom
[13c3297a-f060-4b41-9599-ef947d2277fe/build]   | [INFO] Downloaded from central: https://repo.maven.apache.org/maven2/org/codehaus/plexus/plexus-utils/1.5.15/plexus-utils-1.5.15.pom (6.8 kB at 22 kB/s)
[13c3297a-f060-4b41-9599-ef947d2277fe/build]   | [INFO] Downloading from central: https://repo.maven.apache.org/maven2/org/codehaus/plexus/plexus/2.0.2/plexus-2.0.2.pom
[13c3297a-f060-4b41-9599-ef947d2277fe/build]   | [INFO] Downloaded from central: https://repo.maven.apache.org/maven2/org/codehaus/plexus/plexus/2.0.2/plexus-2.0.2.pom (12 kB at 211 kB/s)
[13c3297a-f060-4b41-9599-ef947d2277fe/build]   | [INFO] Downloading from central: https://repo.maven.apache.org/maven2/org/apache/maven/surefire/surefire-api/2.21.0/surefire-api-2.21.0.pom
[13c3297a-f060-4b41-9599-ef947d2277fe/build]   | [INFO] Downloaded from central: https://repo.maven.apache.org/maven2/org/apache/maven/surefire/surefire-api/2.21.0/surefire-api-2.21.0.pom (3.5 kB at 89 kB/s)
[13c3297a-f060-4b41-9599-ef947d2277fe/build]   | [INFO] Downloading from central: https://repo.maven.apache.org/maven2/org/apache/maven/surefire/surefire-logger-api/2.21.0/surefire-logger-api-2.21.0.pom
[13c3297a-f060-4b41-9599-ef947d2277fe/build]   | [INFO] Downloaded from central: https://repo.maven.apache.org/maven2/org/apache/maven/surefire/surefire-logger-api/2.21.0/surefire-logger-api-2.21.0.pom (2.0 kB at 43 kB/s)
[13c3297a-f060-4b41-9599-ef947d2277fe/build]   | [INFO] Downloading from central: https://repo.maven.apache.org/maven2/org/apache/maven/surefire/surefire-booter/2.21.0/surefire-booter-2.21.0.pom
[13c3297a-f060-4b41-9599-ef947d2277fe/build]   | [INFO] Downloaded from central: https://repo.maven.apache.org/maven2/org/apache/maven/surefire/surefire-booter/2.21.0/surefire-booter-2.21.0.pom (7.4 kB at 142 kB/s)
[13c3297a-f060-4b41-9599-ef947d2277fe/build]   | [INFO] Downloading from central: https://repo.maven.apache.org/maven2/org/apache/maven/maven-plugin-descriptor/2.2.1/maven-plugin-descriptor-2.2.1.pom
[13c3297a-f060-4b41-9599-ef947d2277fe/build]   | [INFO] Downloaded from central: https://repo.maven.apache.org/maven2/org/apache/maven/maven-plugin-descriptor/2.2.1/maven-plugin-descriptor-2.2.1.pom (2.1 kB at 38 kB/s)
[13c3297a-f060-4b41-9599-ef947d2277fe/build]   | [INFO] Downloading from central: https://repo.maven.apache.org/maven2/org/codehaus/plexus/plexus-container-default/1.0-alpha-9-stable-1/plexus-container-default-1.0-alpha-9-stable-1.pom
[13c3297a-f060-4b41-9599-ef947d2277fe/build]   | [INFO] Downloaded from central: https://repo.maven.apache.org/maven2/org/codehaus/plexus/plexus-container-default/1.0-alpha-9-stable-1/plexus-container-default-1.0-alpha-9-stable-1.pom (3.9 kB at 107 kB/s)
[13c3297a-f060-4b41-9599-ef947d2277fe/build]   | [INFO] Downloading from central: https://repo.maven.apache.org/maven2/org/codehaus/plexus/plexus-containers/1.0.3/plexus-containers-1.0.3.pom
[13c3297a-f060-4b41-9599-ef947d2277fe/build]   | [INFO] Downloaded from central: https://repo.maven.apache.org/maven2/org/codehaus/plexus/plexus-containers/1.0.3/plexus-containers-1.0.3.pom (492 B at 23 kB/s)
[13c3297a-f060-4b41-9599-ef947d2277fe/build]   | [INFO] Downloading from central: https://repo.maven.apache.org/maven2/org/codehaus/plexus/plexus/1.0.4/plexus-1.0.4.pom
[13c3297a-f060-4b41-9599-ef947d2277fe/build]   | [INFO] Downloaded from central: https://repo.maven.apache.org/maven2/org/codehaus/plexus/plexus/1.0.4/plexus-1.0.4.pom (5.7 kB at 140 kB/s)
[13c3297a-f060-4b41-9599-ef947d2277fe/build]   | [INFO] Downloading from central: https://repo.maven.apache.org/maven2/org/codehaus/plexus/plexus-utils/1.0.4/plexus-utils-1.0.4.pom
[13c3297a-f060-4b41-9599-ef947d2277fe/build]   | [INFO] Downloaded from central: https://repo.maven.apache.org/maven2/org/codehaus/plexus/plexus-utils/1.0.4/plexus-utils-1.0.4.pom (6.9 kB at 88 kB/s)
[13c3297a-f060-4b41-9599-ef947d2277fe/build]   | [INFO] Downloading from central: https://repo.maven.apache.org/maven2/classworlds/classworlds/1.1-alpha-2/classworlds-1.1-alpha-2.pom
[13c3297a-f060-4b41-9599-ef947d2277fe/build]   | [INFO] Downloaded from central: https://repo.maven.apache.org/maven2/classworlds/classworlds/1.1-alpha-2/classworlds-1.1-alpha-2.pom (3.1 kB at 47 kB/s)
[13c3297a-f060-4b41-9599-ef947d2277fe/build]   | [INFO] Downloading from central: https://repo.maven.apache.org/maven2/org/apache/maven/maven-project/2.2.1/maven-project-2.2.1.pom
[13c3297a-f060-4b41-9599-ef947d2277fe/build]   | [INFO] Downloaded from central: https://repo.maven.apache.org/maven2/org/apache/maven/maven-project/2.2.1/maven-project-2.2.1.pom (2.8 kB at 87 kB/s)
[13c3297a-f060-4b41-9599-ef947d2277fe/build]   | [INFO] Downloading from central: https://repo.maven.apache.org/maven2/org/apache/maven/maven-settings/2.2.1/maven-settings-2.2.1.pom
[13c3297a-f060-4b41-9599-ef947d2277fe/build]   | [INFO] Downloaded from central: https://repo.maven.apache.org/maven2/org/apache/maven/maven-settings/2.2.1/maven-settings-2.2.1.pom (2.2 kB at 31 kB/s)
[13c3297a-f060-4b41-9599-ef947d2277fe/build]   | [INFO] Downloading from central: https://repo.maven.apache.org/maven2/org/apache/maven/maven-model/2.2.1/maven-model-2.2.1.pom
[13c3297a-f060-4b41-9599-ef947d2277fe/build]   | [INFO] Downloaded from central: https://repo.maven.apache.org/maven2/org/apache/maven/maven-model/2.2.1/maven-model-2.2.1.pom (3.2 kB at 108 kB/s)
[13c3297a-f060-4b41-9599-ef947d2277fe/build]   | [INFO] Downloading from central: https://repo.maven.apache.org/maven2/org/codehaus/plexus/plexus-interpolation/1.11/plexus-interpolation-1.11.pom
[13c3297a-f060-4b41-9599-ef947d2277fe/build]   | [INFO] Downloaded from central: https://repo.maven.apache.org/maven2/org/codehaus/plexus/plexus-interpolation/1.11/plexus-interpolation-1.11.pom (889 B at 27 kB/s)
[13c3297a-f060-4b41-9599-ef947d2277fe/build]   | [INFO] Downloading from central: https://repo.maven.apache.org/maven2/org/codehaus/plexus/plexus-components/1.1.14/plexus-components-1.1.14.pom
[13c3297a-f060-4b41-9599-ef947d2277fe/build]   | [INFO] Downloaded from central: https://repo.maven.apache.org/maven2/org/codehaus/plexus/plexus-components/1.1.14/plexus-components-1.1.14.pom (5.8 kB at 133 kB/s)
[13c3297a-f060-4b41-9599-ef947d2277fe/build]   | [INFO] Downloading from central: https://repo.maven.apache.org/maven2/org/apache/maven/maven-profile/2.2.1/maven-profile-2.2.1.pom
[13c3297a-f060-4b41-9599-ef947d2277fe/build]   | [INFO] Downloaded from central: https://repo.maven.apache.org/maven2/org/apache/maven/maven-profile/2.2.1/maven-profile-2.2.1.pom (2.2 kB at 32 kB/s)
[13c3297a-f060-4b41-9599-ef947d2277fe/build]   | [INFO] Downloading from central: https://repo.maven.apache.org/maven2/org/apache/maven/maven-artifact-manager/2.2.1/maven-artifact-manager-2.2.1.pom
[13c3297a-f060-4b41-9599-ef947d2277fe/build]   | [INFO] Downloaded from central: https://repo.maven.apache.org/maven2/org/apache/maven/maven-artifact-manager/2.2.1/maven-artifact-manager-2.2.1.pom (3.1 kB at 115 kB/s)
[13c3297a-f060-4b41-9599-ef947d2277fe/build]   | [INFO] Downloading from central: https://repo.maven.apache.org/maven2/org/apache/maven/maven-repository-metadata/2.2.1/maven-repository-metadata-2.2.1.pom
[13c3297a-f060-4b41-9599-ef947d2277fe/build]   | [INFO] Downloaded from central: https://repo.maven.apache.org/maven2/org/apache/maven/maven-repository-metadata/2.2.1/maven-repository-metadata-2.2.1.pom (1.9 kB at 78 kB/s)
[13c3297a-f060-4b41-9599-ef947d2277fe/build]   | [INFO] Downloading from central: https://repo.maven.apache.org/maven2/backport-util-concurrent/backport-util-concurrent/3.1/backport-util-concurrent-3.1.pom
[13c3297a-f060-4b41-9599-ef947d2277fe/build]   | [INFO] Downloaded from central: https://repo.maven.apache.org/maven2/backport-util-concurrent/backport-util-concurrent/3.1/backport-util-concurrent-3.1.pom (880 B at 37 kB/s)
[13c3297a-f060-4b41-9599-ef947d2277fe/build]   | [INFO] Downloading from central: https://repo.maven.apache.org/maven2/org/apache/maven/maven-plugin-registry/2.2.1/maven-plugin-registry-2.2.1.pom
[13c3297a-f060-4b41-9599-ef947d2277fe/build]   | [INFO] Downloaded from central: https://repo.maven.apache.org/maven2/org/apache/maven/maven-plugin-registry/2.2.1/maven-plugin-registry-2.2.1.pom (1.9 kB at 96 kB/s)
[13c3297a-f060-4b41-9599-ef947d2277fe/build]   | [INFO] Downloading from central: https://repo.maven.apache.org/maven2/org/apache/maven/maven-core/2.2.1/maven-core-2.2.1.pom
[13c3297a-f060-4b41-9599-ef947d2277fe/build]   | [INFO] Downloaded from central: https://repo.maven.apache.org/maven2/org/apache/maven/maven-core/2.2.1/maven-core-2.2.1.pom (12 kB at 208 kB/s)
[13c3297a-f060-4b41-9599-ef947d2277fe/build]   | [INFO] Downloading from central: https://repo.maven.apache.org/maven2/org/apache/maven/maven-plugin-parameter-documenter/2.2.1/maven-plugin-parameter-documenter-2.2.1.pom
[13c3297a-f060-4b41-9599-ef947d2277fe/build]   | [INFO] Downloaded from central: https://repo.maven.apache.org/maven2/org/apache/maven/maven-plugin-parameter-documenter/2.2.1/maven-plugin-parameter-documenter-2.2.1.pom (2.0 kB at 65 kB/s)
[13c3297a-f060-4b41-9599-ef947d2277fe/build]   | [INFO] Downloading from central: https://repo.maven.apache.org/maven2/org/slf4j/slf4j-jdk14/1.5.6/slf4j-jdk14-1.5.6.pom
[13c3297a-f060-4b41-9599-ef947d2277fe/build]   | [INFO] Downloaded from central: https://repo.maven.apache.org/maven2/org/slf4j/slf4j-jdk14/1.5.6/slf4j-jdk14-1.5.6.pom (1.9 kB at 32 kB/s)
[13c3297a-f060-4b41-9599-ef947d2277fe/build]   | [INFO] Downloading from central: https://repo.maven.apache.org/maven2/org/slf4j/slf4j-parent/1.5.6/slf4j-parent-1.5.6.pom
[13c3297a-f060-4b41-9599-ef947d2277fe/build]   | [INFO] Downloaded from central: https://repo.maven.apache.org/maven2/org/slf4j/slf4j-parent/1.5.6/slf4j-parent-1.5.6.pom (7.9 kB at 220 kB/s)
[13c3297a-f060-4b41-9599-ef947d2277fe/build]   | [INFO] Downloading from central: https://repo.maven.apache.org/maven2/org/slf4j/slf4j-api/1.5.6/slf4j-api-1.5.6.pom
[13c3297a-f060-4b41-9599-ef947d2277fe/build]   | [INFO] Downloaded from central: https://repo.maven.apache.org/maven2/org/slf4j/slf4j-api/1.5.6/slf4j-api-1.5.6.pom (3.0 kB at 90 kB/s)
[13c3297a-f060-4b41-9599-ef947d2277fe/build]   | [INFO] Downloading from central: https://repo.maven.apache.org/maven2/org/slf4j/jcl-over-slf4j/1.5.6/jcl-over-slf4j-1.5.6.pom
[13c3297a-f060-4b41-9599-ef947d2277fe/build]   | [INFO] Downloaded from central: https://repo.maven.apache.org/maven2/org/slf4j/jcl-over-slf4j/1.5.6/jcl-over-slf4j-1.5.6.pom (2.2 kB at 87 kB/s)
[13c3297a-f060-4b41-9599-ef947d2277fe/build]   | [INFO] Downloading from central: https://repo.maven.apache.org/maven2/org/apache/maven/reporting/maven-reporting-api/3.0/maven-reporting-api-3.0.pom
[13c3297a-f060-4b41-9599-ef947d2277fe/build]   | [INFO] Downloaded from central: https://repo.maven.apache.org/maven2/org/apache/maven/reporting/maven-reporting-api/3.0/maven-reporting-api-3.0.pom (2.4 kB at 148 kB/s)
[13c3297a-f060-4b41-9599-ef947d2277fe/build]   | [INFO] Downloading from central: https://repo.maven.apache.org/maven2/org/apache/maven/shared/maven-shared-components/15/maven-shared-components-15.pom
[13c3297a-f060-4b41-9599-ef947d2277fe/build]   | [INFO] Downloaded from central: https://repo.maven.apache.org/maven2/org/apache/maven/shared/maven-shared-components/15/maven-shared-components-15.pom (9.3 kB at 322 kB/s)
[13c3297a-f060-4b41-9599-ef947d2277fe/build]   | [INFO] Downloading from central: https://repo.maven.apache.org/maven2/org/apache/maven/maven-parent/16/maven-parent-16.pom
[13c3297a-f060-4b41-9599-ef947d2277fe/build]   | [INFO] Downloaded from central: https://repo.maven.apache.org/maven2/org/apache/maven/maven-parent/16/maven-parent-16.pom (23 kB at 382 kB/s)
[13c3297a-f060-4b41-9599-ef947d2277fe/build]   | [INFO] Downloading from central: https://repo.maven.apache.org/maven2/org/apache/apache/7/apache-7.pom
[13c3297a-f060-4b41-9599-ef947d2277fe/build]   | [INFO] Downloaded from central: https://repo.maven.apache.org/maven2/org/apache/apache/7/apache-7.pom (14 kB at 258 kB/s)
[13c3297a-f060-4b41-9599-ef947d2277fe/build]   | [INFO] Downloading from central: https://repo.maven.apache.org/maven2/org/apache/maven/maven-error-diagnostics/2.2.1/maven-error-diagnostics-2.2.1.pom
[13c3297a-f060-4b41-9599-ef947d2277fe/build]   | [INFO] Downloaded from central: https://repo.maven.apache.org/maven2/org/apache/maven/maven-error-diagnostics/2.2.1/maven-error-diagnostics-2.2.1.pom (1.7 kB at 30 kB/s)
[13c3297a-f060-4b41-9599-ef947d2277fe/build]   | [INFO] Downloading from central: https://repo.maven.apache.org/maven2/org/apache/maven/maven-monitor/2.2.1/maven-monitor-2.2.1.pom
[13c3297a-f060-4b41-9599-ef947d2277fe/build]   | [INFO] Downloaded from central: https://repo.maven.apache.org/maven2/org/apache/maven/maven-monitor/2.2.1/maven-monitor-2.2.1.pom (1.3 kB at 1.8 kB/s)
[13c3297a-f060-4b41-9599-ef947d2277fe/build]   | [INFO] Downloading from central: https://repo.maven.apache.org/maven2/classworlds/classworlds/1.1/classworlds-1.1.pom
[13c3297a-f060-4b41-9599-ef947d2277fe/build]   | [INFO] Downloaded from central: https://repo.maven.apache.org/maven2/classworlds/classworlds/1.1/classworlds-1.1.pom (3.3 kB at 54 kB/s)
[13c3297a-f060-4b41-9599-ef947d2277fe/build]   | [INFO] Downloading from central: https://repo.maven.apache.org/maven2/org/sonatype/plexus/plexus-sec-dispatcher/1.3/plexus-sec-dispatcher-1.3.pom
[13c3297a-f060-4b41-9599-ef947d2277fe/build]   | [INFO] Downloaded from central: https://repo.maven.apache.org/maven2/org/sonatype/plexus/plexus-sec-dispatcher/1.3/plexus-sec-dispatcher-1.3.pom (3.0 kB at 110 kB/s)
[13c3297a-f060-4b41-9599-ef947d2277fe/build]   | [INFO] Downloading from central: https://repo.maven.apache.org/maven2/org/sonatype/spice/spice-parent/12/spice-parent-12.pom
[13c3297a-f060-4b41-9599-ef947d2277fe/build]   | [INFO] Downloaded from central: https://repo.maven.apache.org/maven2/org/sonatype/spice/spice-parent/12/spice-parent-12.pom (6.8 kB at 20 kB/s)
[13c3297a-f060-4b41-9599-ef947d2277fe/build]   | [INFO] Downloading from central: https://repo.maven.apache.org/maven2/org/sonatype/forge/forge-parent/4/forge-parent-4.pom
[13c3297a-f060-4b41-9599-ef947d2277fe/build]   | [INFO] Downloaded from central: https://repo.maven.apache.org/maven2/org/sonatype/forge/forge-parent/4/forge-parent-4.pom (8.4 kB at 76 kB/s)
[13c3297a-f060-4b41-9599-ef947d2277fe/build]   | [INFO] Downloading from central: https://repo.maven.apache.org/maven2/org/codehaus/plexus/plexus-utils/1.5.5/plexus-utils-1.5.5.pom
[13c3297a-f060-4b41-9599-ef947d2277fe/build]   | [INFO] Downloaded from central: https://repo.maven.apache.org/maven2/org/codehaus/plexus/plexus-utils/1.5.5/plexus-utils-1.5.5.pom (5.1 kB at 129 kB/s)
[13c3297a-f060-4b41-9599-ef947d2277fe/build]   | [INFO] Downloading from central: https://repo.maven.apache.org/maven2/org/codehaus/plexus/plexus/1.0.11/plexus-1.0.11.pom
[13c3297a-f060-4b41-9599-ef947d2277fe/build]   | [INFO] Downloaded from central: https://repo.maven.apache.org/maven2/org/codehaus/plexus/plexus/1.0.11/plexus-1.0.11.pom (9.0 kB at 5.7 kB/s)
[13c3297a-f060-4b41-9599-ef947d2277fe/build]   | [INFO] Downloading from central: https://repo.maven.apache.org/maven2/org/sonatype/plexus/plexus-cipher/1.4/plexus-cipher-1.4.pom
[13c3297a-f060-4b41-9599-ef947d2277fe/build]   | [INFO] Downloaded from central: https://repo.maven.apache.org/maven2/org/sonatype/plexus/plexus-cipher/1.4/plexus-cipher-1.4.pom (2.1 kB at 38 kB/s)
[13c3297a-f060-4b41-9599-ef947d2277fe/build]   | [INFO] Downloading from central: https://repo.maven.apache.org/maven2/org/apache/maven/maven-toolchain/2.2.1/maven-toolchain-2.2.1.pom
[13c3297a-f060-4b41-9599-ef947d2277fe/build]   | [INFO] Downloaded from central: https://repo.maven.apache.org/maven2/org/apache/maven/maven-toolchain/2.2.1/maven-toolchain-2.2.1.pom (3.3 kB at 13 kB/s)
[13c3297a-f060-4b41-9599-ef947d2277fe/build]   | [INFO] Downloading from central: https://repo.maven.apache.org/maven2/org/codehaus/plexus/plexus-java/0.9.3/plexus-java-0.9.3.pom
[13c3297a-f060-4b41-9599-ef947d2277fe/build]   | [INFO] Downloaded from central: https://repo.maven.apache.org/maven2/org/codehaus/plexus/plexus-java/0.9.3/plexus-java-0.9.3.pom (2.4 kB at 7.9 kB/s)
[13c3297a-f060-4b41-9599-ef947d2277fe/build]   | [INFO] Downloading from central: https://repo.maven.apache.org/maven2/org/codehaus/plexus/plexus-languages/0.9.3/plexus-languages-0.9.3.pom
[13c3297a-f060-4b41-9599-ef947d2277fe/build]   | [INFO] Downloaded from central: https://repo.maven.apache.org/maven2/org/codehaus/plexus/plexus-languages/0.9.3/plexus-languages-0.9.3.pom (2.2 kB at 7.9 kB/s)
[13c3297a-f060-4b41-9599-ef947d2277fe/build]   | [INFO] Downloading from central: https://repo.maven.apache.org/maven2/org/codehaus/plexus/plexus/4.0/plexus-4.0.pom
[13c3297a-f060-4b41-9599-ef947d2277fe/build]   | [INFO] Downloaded from central: https://repo.maven.apache.org/maven2/org/codehaus/plexus/plexus/4.0/plexus-4.0.pom (22 kB at 291 kB/s)
[13c3297a-f060-4b41-9599-ef947d2277fe/build]   | [INFO] Downloading from central: https://repo.maven.apache.org/maven2/org/ow2/asm/asm/6.0_BETA/asm-6.0_BETA.pom
[13c3297a-f060-4b41-9599-ef947d2277fe/build]   | [INFO] Downloaded from central: https://repo.maven.apache.org/maven2/org/ow2/asm/asm/6.0_BETA/asm-6.0_BETA.pom (1.9 kB at 31 kB/s)
[13c3297a-f060-4b41-9599-ef947d2277fe/build]   | [INFO] Downloading from central: https://repo.maven.apache.org/maven2/org/ow2/asm/asm-parent/6.0_BETA/asm-parent-6.0_BETA.pom
[13c3297a-f060-4b41-9599-ef947d2277fe/build]   | [INFO] Downloaded from central: https://repo.maven.apache.org/maven2/org/ow2/asm/asm-parent/6.0_BETA/asm-parent-6.0_BETA.pom (5.5 kB at 83 kB/s)
[13c3297a-f060-4b41-9599-ef947d2277fe/build]   | [INFO] Downloading from central: https://repo.maven.apache.org/maven2/org/ow2/ow2/1.3/ow2-1.3.pom
[13c3297a-f060-4b41-9599-ef947d2277fe/build]   | [INFO] Downloaded from central: https://repo.maven.apache.org/maven2/org/ow2/ow2/1.3/ow2-1.3.pom (9.5 kB at 109 kB/s)
[13c3297a-f060-4b41-9599-ef947d2277fe/build]   | [INFO] Downloading from central: https://repo.maven.apache.org/maven2/com/thoughtworks/qdox/qdox/2.0-M7/qdox-2.0-M7.pom
[13c3297a-f060-4b41-9599-ef947d2277fe/build]   | [INFO] Downloaded from central: https://repo.maven.apache.org/maven2/com/thoughtworks/qdox/qdox/2.0-M7/qdox-2.0-M7.pom (16 kB at 141 kB/s)
[13c3297a-f060-4b41-9599-ef947d2277fe/build]   | [INFO] Downloading from central: https://repo.maven.apache.org/maven2/org/sonatype/oss/oss-parent/9/oss-parent-9.pom
[13c3297a-f060-4b41-9599-ef947d2277fe/build]   | [INFO] Downloaded from central: https://repo.maven.apache.org/maven2/org/sonatype/oss/oss-parent/9/oss-parent-9.pom (6.6 kB at 80 kB/s)
[13c3297a-f060-4b41-9599-ef947d2277fe/build]   | [INFO] Downloading from central: https://repo.maven.apache.org/maven2/org/apache/maven/surefire/maven-surefire-common/2.21.0/maven-surefire-common-2.21.0.jar
[13c3297a-f060-4b41-9599-ef947d2277fe/build]   | [INFO] Downloading from central: https://repo.maven.apache.org/maven2/org/apache/maven/maven-plugin-api/2.2.1/maven-plugin-api-2.2.1.jar
[13c3297a-f060-4b41-9599-ef947d2277fe/build]   | [INFO] Downloading from central: https://repo.maven.apache.org/maven2/org/apache/maven/plugin-tools/maven-plugin-annotations/3.5/maven-plugin-annotations-3.5.jar
[13c3297a-f060-4b41-9599-ef947d2277fe/build]   | [INFO] Downloading from central: https://repo.maven.apache.org/maven2/org/apache/maven/surefire/surefire-api/2.21.0/surefire-api-2.21.0.jar
[13c3297a-f060-4b41-9599-ef947d2277fe/build]   | [INFO] Downloading from central: https://repo.maven.apache.org/maven2/org/apache/maven/surefire/surefire-logger-api/2.21.0/surefire-logger-api-2.21.0.jar
[13c3297a-f060-4b41-9599-ef947d2277fe/build]   | [INFO] Downloaded from central: https://repo.maven.apache.org/maven2/org/apache/maven/surefire/surefire-api/2.21.0/surefire-api-2.21.0.jar (185 kB at 7.7 MB/s)
[13c3297a-f060-4b41-9599-ef947d2277fe/build]   | [INFO] Downloading from central: https://repo.maven.apache.org/maven2/org/apache/maven/surefire/surefire-booter/2.21.0/surefire-booter-2.21.0.jar
[13c3297a-f060-4b41-9599-ef947d2277fe/build]   | [INFO] Downloaded from central: https://repo.maven.apache.org/maven2/org/apache/maven/plugin-tools/maven-plugin-annotations/3.5/maven-plugin-annotations-3.5.jar (14 kB at 550 kB/s)
[13c3297a-f060-4b41-9599-ef947d2277fe/build]   | [INFO] Downloading from central: https://repo.maven.apache.org/maven2/org/apache/maven/maven-artifact/2.2.1/maven-artifact-2.2.1.jar
[13c3297a-f060-4b41-9599-ef947d2277fe/build]   | [INFO] Downloaded from central: https://repo.maven.apache.org/maven2/org/apache/maven/surefire/surefire-logger-api/2.21.0/surefire-logger-api-2.21.0.jar (13 kB at 353 kB/s)
[13c3297a-f060-4b41-9599-ef947d2277fe/build]   | [INFO] Downloading from central: https://repo.maven.apache.org/maven2/org/codehaus/plexus/plexus-utils/1.5.15/plexus-utils-1.5.15.jar
[13c3297a-f060-4b41-9599-ef947d2277fe/build]   | [INFO] Downloaded from central: https://repo.maven.apache.org/maven2/org/apache/maven/maven-plugin-api/2.2.1/maven-plugin-api-2.2.1.jar (12 kB at 263 kB/s)
[13c3297a-f060-4b41-9599-ef947d2277fe/build]   | [INFO] Downloading from central: https://repo.maven.apache.org/maven2/org/apache/maven/maven-plugin-descriptor/2.2.1/maven-plugin-descriptor-2.2.1.jar
[13c3297a-f060-4b41-9599-ef947d2277fe/build]   | [INFO] Downloaded from central: https://repo.maven.apache.org/maven2/org/apache/maven/maven-artifact/2.2.1/maven-artifact-2.2.1.jar (80 kB at 1.7 MB/s)
[13c3297a-f060-4b41-9599-ef947d2277fe/build]   | [INFO] Downloading from central: https://repo.maven.apache.org/maven2/org/codehaus/plexus/plexus-container-default/1.0-alpha-9-stable-1/plexus-container-default-1.0-alpha-9-stable-1.jar
[13c3297a-f060-4b41-9599-ef947d2277fe/build]   | [INFO] Downloaded from central: https://repo.maven.apache.org/maven2/org/apache/maven/maven-plugin-descriptor/2.2.1/maven-plugin-descriptor-2.2.1.jar (39 kB at 561 kB/s)
[13c3297a-f060-4b41-9599-ef947d2277fe/build]   | [INFO] Downloading from central: https://repo.maven.apache.org/maven2/org/apache/maven/maven-project/2.2.1/maven-project-2.2.1.jar
[13c3297a-f060-4b41-9599-ef947d2277fe/build]   | [INFO] Downloaded from central: https://repo.maven.apache.org/maven2/org/apache/maven/maven-project/2.2.1/maven-project-2.2.1.jar (156 kB at 1.6 MB/s)
[13c3297a-f060-4b41-9599-ef947d2277fe/build]   | [INFO] Downloading from central: https://repo.maven.apache.org/maven2/org/apache/maven/maven-settings/2.2.1/maven-settings-2.2.1.jar
[13c3297a-f060-4b41-9599-ef947d2277fe/build]   | [INFO] Downloaded from central: https://repo.maven.apache.org/maven2/org/apache/maven/surefire/surefire-booter/2.21.0/surefire-booter-2.21.0.jar (273 kB at 2.4 MB/s)
[13c3297a-f060-4b41-9599-ef947d2277fe/build]   | [INFO] Downloading from central: https://repo.maven.apache.org/maven2/org/apache/maven/maven-profile/2.2.1/maven-profile-2.2.1.jar
[13c3297a-f060-4b41-9599-ef947d2277fe/build]   | [INFO] Downloaded from central: https://repo.maven.apache.org/maven2/org/apache/maven/maven-settings/2.2.1/maven-settings-2.2.1.jar (49 kB at 423 kB/s)
[13c3297a-f060-4b41-9599-ef947d2277fe/build]   | [INFO] Downloading from central: https://repo.maven.apache.org/maven2/org/apache/maven/maven-artifact-manager/2.2.1/maven-artifact-manager-2.2.1.jar
[13c3297a-f060-4b41-9599-ef947d2277fe/build]   | [INFO] Downloaded from central: https://repo.maven.apache.org/maven2/org/codehaus/plexus/plexus-container-default/1.0-alpha-9-stable-1/plexus-container-default-1.0-alpha-9-stable-1.jar (194 kB at 1.6 MB/s)
[13c3297a-f060-4b41-9599-ef947d2277fe/build]   | [INFO] Downloading from central: https://repo.maven.apache.org/maven2/backport-util-concurrent/backport-util-concurrent/3.1/backport-util-concurrent-3.1.jar
[13c3297a-f060-4b41-9599-ef947d2277fe/build]   | [INFO] Downloaded from central: https://repo.maven.apache.org/maven2/org/apache/maven/surefire/maven-surefire-common/2.21.0/maven-surefire-common-2.21.0.jar (521 kB at 4.3 MB/s)
[13c3297a-f060-4b41-9599-ef947d2277fe/build]   | [INFO] Downloading from central: https://repo.maven.apache.org/maven2/org/apache/maven/maven-plugin-registry/2.2.1/maven-plugin-registry-2.2.1.jar
[13c3297a-f060-4b41-9599-ef947d2277fe/build]   | [INFO] Downloaded from central: https://repo.maven.apache.org/maven2/org/apache/maven/maven-profile/2.2.1/maven-profile-2.2.1.jar (35 kB at 285 kB/s)
[13c3297a-f060-4b41-9599-ef947d2277fe/build]   | [INFO] Downloading from central: https://repo.maven.apache.org/maven2/org/codehaus/plexus/plexus-interpolation/1.11/plexus-interpolation-1.11.jar
[13c3297a-f060-4b41-9599-ef947d2277fe/build]   | [INFO] Downloaded from central: https://repo.maven.apache.org/maven2/org/apache/maven/maven-plugin-registry/2.2.1/maven-plugin-registry-2.2.1.jar (30 kB at 215 kB/s)
[13c3297a-f060-4b41-9599-ef947d2277fe/build]   | [INFO] Downloading from central: https://repo.maven.apache.org/maven2/org/apache/maven/maven-model/2.2.1/maven-model-2.2.1.jar
[13c3297a-f060-4b41-9599-ef947d2277fe/build]   | [INFO] Downloaded from central: https://repo.maven.apache.org/maven2/backport-util-concurrent/backport-util-concurrent/3.1/backport-util-concurrent-3.1.jar (332 kB at 2.2 MB/s)
[13c3297a-f060-4b41-9599-ef947d2277fe/build]   | [INFO] Downloading from central: https://repo.maven.apache.org/maven2/org/apache/maven/maven-core/2.2.1/maven-core-2.2.1.jar
[13c3297a-f060-4b41-9599-ef947d2277fe/build]   | [INFO] Downloaded from central: https://repo.maven.apache.org/maven2/org/apache/maven/maven-artifact-manager/2.2.1/maven-artifact-manager-2.2.1.jar (68 kB at 400 kB/s)
[13c3297a-f060-4b41-9599-ef947d2277fe/build]   | [INFO] Downloading from central: https://repo.maven.apache.org/maven2/org/apache/maven/maven-plugin-parameter-documenter/2.2.1/maven-plugin-parameter-documenter-2.2.1.jar
[13c3297a-f060-4b41-9599-ef947d2277fe/build]   | [INFO] Downloaded from central: https://repo.maven.apache.org/maven2/org/apache/maven/maven-model/2.2.1/maven-model-2.2.1.jar (88 kB at 454 kB/s)
[13c3297a-f060-4b41-9599-ef947d2277fe/build]   | [INFO] Downloading from central: https://repo.maven.apache.org/maven2/org/slf4j/slf4j-jdk14/1.5.6/slf4j-jdk14-1.5.6.jar
[13c3297a-f060-4b41-9599-ef947d2277fe/build]   | [INFO] Downloaded from central: https://repo.maven.apache.org/maven2/org/apache/maven/maven-plugin-parameter-documenter/2.2.1/maven-plugin-parameter-documenter-2.2.1.jar (22 kB at 108 kB/s)
[13c3297a-f060-4b41-9599-ef947d2277fe/build]   | [INFO] Downloading from central: https://repo.maven.apache.org/maven2/org/slf4j/slf4j-api/1.5.6/slf4j-api-1.5.6.jar
[13c3297a-f060-4b41-9599-ef947d2277fe/build]   | [INFO] Downloaded from central: https://repo.maven.apache.org/maven2/org/slf4j/slf4j-jdk14/1.5.6/slf4j-jdk14-1.5.6.jar (8.8 kB at 42 kB/s)
[13c3297a-f060-4b41-9599-ef947d2277fe/build]   | [INFO] Downloading from central: https://repo.maven.apache.org/maven2/org/slf4j/jcl-over-slf4j/1.5.6/jcl-over-slf4j-1.5.6.jar
[13c3297a-f060-4b41-9599-ef947d2277fe/build]   | [INFO] Downloaded from central: https://repo.maven.apache.org/maven2/org/apache/maven/maven-core/2.2.1/maven-core-2.2.1.jar (178 kB at 784 kB/s)
[13c3297a-f060-4b41-9599-ef947d2277fe/build]   | [INFO] Downloading from central: https://repo.maven.apache.org/maven2/org/apache/maven/reporting/maven-reporting-api/3.0/maven-reporting-api-3.0.jar
[13c3297a-f060-4b41-9599-ef947d2277fe/build]   | [INFO] Downloaded from central: https://repo.maven.apache.org/maven2/org/slf4j/jcl-over-slf4j/1.5.6/jcl-over-slf4j-1.5.6.jar (17 kB at 66 kB/s)
[13c3297a-f060-4b41-9599-ef947d2277fe/build]   | [INFO] Downloading from central: https://repo.maven.apache.org/maven2/org/apache/maven/maven-repository-metadata/2.2.1/maven-repository-metadata-2.2.1.jar
[13c3297a-f060-4b41-9599-ef947d2277fe/build]   | [INFO] Downloaded from central: https://repo.maven.apache.org/maven2/org/apache/maven/reporting/maven-reporting-api/3.0/maven-reporting-api-3.0.jar (11 kB at 41 kB/s)
[13c3297a-f060-4b41-9599-ef947d2277fe/build]   | [INFO] Downloading from central: https://repo.maven.apache.org/maven2/org/apache/maven/maven-error-diagnostics/2.2.1/maven-error-diagnostics-2.2.1.jar
[13c3297a-f060-4b41-9599-ef947d2277fe/build]   | [INFO] Downloaded from central: https://repo.maven.apache.org/maven2/org/apache/maven/maven-error-diagnostics/2.2.1/maven-error-diagnostics-2.2.1.jar (13 kB at 40 kB/s)
[13c3297a-f060-4b41-9599-ef947d2277fe/build]   | [INFO] Downloading from central: https://repo.maven.apache.org/maven2/org/apache/maven/maven-monitor/2.2.1/maven-monitor-2.2.1.jar
[13c3297a-f060-4b41-9599-ef947d2277fe/build]   | [INFO] Downloaded from central: https://repo.maven.apache.org/maven2/org/apache/maven/maven-repository-metadata/2.2.1/maven-repository-metadata-2.2.1.jar (26 kB at 75 kB/s)
[13c3297a-f060-4b41-9599-ef947d2277fe/build]   | [INFO] Downloading from central: https://repo.maven.apache.org/maven2/classworlds/classworlds/1.1/classworlds-1.1.jar
[13c3297a-f060-4b41-9599-ef947d2277fe/build]   | [INFO] Downloaded from central: https://repo.maven.apache.org/maven2/classworlds/classworlds/1.1/classworlds-1.1.jar (38 kB at 105 kB/s)
[13c3297a-f060-4b41-9599-ef947d2277fe/build]   | [INFO] Downloading from central: https://repo.maven.apache.org/maven2/org/sonatype/plexus/plexus-sec-dispatcher/1.3/plexus-sec-dispatcher-1.3.jar
[13c3297a-f060-4b41-9599-ef947d2277fe/build]   | [INFO] Downloaded from central: https://repo.maven.apache.org/maven2/org/apache/maven/maven-monitor/2.2.1/maven-monitor-2.2.1.jar (10 kB at 27 kB/s)
[13c3297a-f060-4b41-9599-ef947d2277fe/build]   | [INFO] Downloading from central: https://repo.maven.apache.org/maven2/org/sonatype/plexus/plexus-cipher/1.4/plexus-cipher-1.4.jar
[13c3297a-f060-4b41-9599-ef947d2277fe/build]   | [INFO] Downloaded from central: https://repo.maven.apache.org/maven2/org/slf4j/slf4j-api/1.5.6/slf4j-api-1.5.6.jar (22 kB at 24 kB/s)
[13c3297a-f060-4b41-9599-ef947d2277fe/build]   | [INFO] Downloading from central: https://repo.maven.apache.org/maven2/org/apache/maven/maven-toolchain/2.2.1/maven-toolchain-2.2.1.jar
[13c3297a-f060-4b41-9599-ef947d2277fe/build]   | [INFO] Downloaded from central: https://repo.maven.apache.org/maven2/org/sonatype/plexus/plexus-sec-dispatcher/1.3/plexus-sec-dispatcher-1.3.jar (29 kB at 30 kB/s)
[13c3297a-f060-4b41-9599-ef947d2277fe/build]   | [INFO] Downloading from central: https://repo.maven.apache.org/maven2/org/codehaus/plexus/plexus-java/0.9.3/plexus-java-0.9.3.jar
[13c3297a-f060-4b41-9599-ef947d2277fe/build]   | [INFO] Downloaded from central: https://repo.maven.apache.org/maven2/org/apache/maven/maven-toolchain/2.2.1/maven-toolchain-2.2.1.jar (38 kB at 36 kB/s)
[13c3297a-f060-4b41-9599-ef947d2277fe/build]   | [INFO] Downloading from central: https://repo.maven.apache.org/maven2/org/ow2/asm/asm/6.0_BETA/asm-6.0_BETA.jar
[13c3297a-f060-4b41-9599-ef947d2277fe/build]   | [INFO] Downloaded from central: https://repo.maven.apache.org/maven2/org/codehaus/plexus/plexus-interpolation/1.11/plexus-interpolation-1.11.jar (51 kB at 35 kB/s)
[13c3297a-f060-4b41-9599-ef947d2277fe/build]   | [INFO] Downloading from central: https://repo.maven.apache.org/maven2/com/thoughtworks/qdox/qdox/2.0-M7/qdox-2.0-M7.jar
[13c3297a-f060-4b41-9599-ef947d2277fe/build]   | [INFO] Downloaded from central: https://repo.maven.apache.org/maven2/org/ow2/asm/asm/6.0_BETA/asm-6.0_BETA.jar (56 kB at 38 kB/s)
[13c3297a-f060-4b41-9599-ef947d2277fe/build]   | [INFO] Downloaded from central: https://repo.maven.apache.org/maven2/org/codehaus/plexus/plexus-java/0.9.3/plexus-java-0.9.3.jar (32 kB at 18 kB/s)
[13c3297a-f060-4b41-9599-ef947d2277fe/build]   | [INFO] Downloaded from central: https://repo.maven.apache.org/maven2/org/codehaus/plexus/plexus-utils/1.5.15/plexus-utils-1.5.15.jar (228 kB at 116 kB/s)
[13c3297a-f060-4b41-9599-ef947d2277fe/build]   | [INFO] Downloaded from central: https://repo.maven.apache.org/maven2/org/sonatype/plexus/plexus-cipher/1.4/plexus-cipher-1.4.jar (13 kB at 5.5 kB/s)
[13c3297a-f060-4b41-9599-ef947d2277fe/build]   | [INFO] Downloaded from central: https://repo.maven.apache.org/maven2/com/thoughtworks/qdox/qdox/2.0-M7/qdox-2.0-M7.jar (315 kB at 56 kB/s)
[13c3297a-f060-4b41-9599-ef947d2277fe/build]   | [INFO] Downloading from central: https://repo.maven.apache.org/maven2/org/apache/maven/surefire/surefire-junit4/2.21.0/surefire-junit4-2.21.0.pom
[13c3297a-f060-4b41-9599-ef947d2277fe/build]   | [INFO] Downloaded from central: https://repo.maven.apache.org/maven2/org/apache/maven/surefire/surefire-junit4/2.21.0/surefire-junit4-2.21.0.pom (3.1 kB at 96 kB/s)
[13c3297a-f060-4b41-9599-ef947d2277fe/build]   | [INFO] Downloading from central: https://repo.maven.apache.org/maven2/org/apache/maven/surefire/surefire-providers/2.21.0/surefire-providers-2.21.0.pom
[13c3297a-f060-4b41-9599-ef947d2277fe/build]   | [INFO] Downloaded from central: https://repo.maven.apache.org/maven2/org/apache/maven/surefire/surefire-providers/2.21.0/surefire-providers-2.21.0.pom (2.5 kB at 109 kB/s)
[13c3297a-f060-4b41-9599-ef947d2277fe/build]   | [INFO] Downloading from central: https://repo.maven.apache.org/maven2/org/apache/maven/surefire/surefire-junit4/2.21.0/surefire-junit4-2.21.0.jar
[13c3297a-f060-4b41-9599-ef947d2277fe/build]   | [INFO] Downloaded from central: https://repo.maven.apache.org/maven2/org/apache/maven/surefire/surefire-junit4/2.21.0/surefire-junit4-2.21.0.jar (85 kB at 121 kB/s)
[13c3297a-f060-4b41-9599-ef947d2277fe/build]   | [INFO] 
[13c3297a-f060-4b41-9599-ef947d2277fe/build]   | [INFO] -------------------------------------------------------
[13c3297a-f060-4b41-9599-ef947d2277fe/build]   | [INFO]  T E S T S
[13c3297a-f060-4b41-9599-ef947d2277fe/build]   | [INFO] -------------------------------------------------------
[13c3297a-f060-4b41-9599-ef947d2277fe/build]   | [INFO] Running com.walmartlabs.x12.checksum.LuhnMod10ChecksumTest
[13c3297a-f060-4b41-9599-ef947d2277fe/build]   | [INFO] Tests run: 7, Failures: 0, Errors: 0, Skipped: 0, Time elapsed: 0.046 s - in com.walmartlabs.x12.checksum.LuhnMod10ChecksumTest
[13c3297a-f060-4b41-9599-ef947d2277fe/build]   | [INFO] Running com.walmartlabs.x12.checksum.BarCodeMod10ChecksumTest
[13c3297a-f060-4b41-9599-ef947d2277fe/build]   | [INFO] Tests run: 7, Failures: 0, Errors: 0, Skipped: 0, Time elapsed: 0.001 s - in com.walmartlabs.x12.checksum.BarCodeMod10ChecksumTest
[13c3297a-f060-4b41-9599-ef947d2277fe/build]   | [INFO] Running com.walmartlabs.x12.dex.dx894.DefaultDex894ParserTest
[13c3297a-f060-4b41-9599-ef947d2277fe/build]   | 20:06:48.515 [main] DEBUG com.walmartlabs.x12.dex.dx894.DefaultDex894Parser - DXS
[13c3297a-f060-4b41-9599-ef947d2277fe/build]   | 20:06:48.519 [main] DEBUG com.walmartlabs.x12.dex.dx894.DefaultDex894Parser - parseDexTransaction:1
[13c3297a-f060-4b41-9599-ef947d2277fe/build]   | 20:06:48.520 [main] DEBUG com.walmartlabs.x12.dex.dx894.DefaultDex894Parser - ST
[13c3297a-f060-4b41-9599-ef947d2277fe/build]   | 20:06:48.520 [main] DEBUG com.walmartlabs.x12.dex.dx894.DefaultDex894Parser - G82
[13c3297a-f060-4b41-9599-ef947d2277fe/build]   | 20:06:48.520 [main] DEBUG com.walmartlabs.x12.dex.dx894.DefaultDex894Parser - parseDexTransactionLoop:3
[13c3297a-f060-4b41-9599-ef947d2277fe/build]   | 20:06:48.520 [main] DEBUG com.walmartlabs.x12.dex.dx894.DefaultDex894Parser - LS
[13c3297a-f060-4b41-9599-ef947d2277fe/build]   | 20:06:48.520 [main] DEBUG com.walmartlabs.x12.dex.dx894.DefaultDex894Parser - parseDexItem:4
[13c3297a-f060-4b41-9599-ef947d2277fe/build]   | 20:06:48.521 [main] DEBUG com.walmartlabs.x12.dex.dx894.DefaultDex894Parser - G83
[13c3297a-f060-4b41-9599-ef947d2277fe/build]   | 20:06:48.522 [main] DEBUG com.walmartlabs.x12.dex.dx894.DefaultDex894Parser - G72
[13c3297a-f060-4b41-9599-ef947d2277fe/build]   | 20:06:48.522 [main] DEBUG com.walmartlabs.x12.dex.dx894.DefaultDex894Parser - LE
[13c3297a-f060-4b41-9599-ef947d2277fe/build]   | 20:06:48.522 [main] DEBUG com.walmartlabs.x12.dex.dx894.DefaultDex894Parser - G84
[13c3297a-f060-4b41-9599-ef947d2277fe/build]   | 20:06:48.522 [main] DEBUG com.walmartlabs.x12.dex.dx894.DefaultDex894Parser - G86
[13c3297a-f060-4b41-9599-ef947d2277fe/build]   | 20:06:48.522 [main] DEBUG com.walmartlabs.x12.dex.dx894.DefaultDex894Parser - ST
[13c3297a-f060-4b41-9599-ef947d2277fe/build]   | [INFO] Tests run: 17, Failures: 0, Errors: 0, Skipped: 0, Time elapsed: 0.114 s - in com.walmartlabs.x12.dex.dx894.DefaultDex894ParserTest
[13c3297a-f060-4b41-9599-ef947d2277fe/build]   | [INFO] Running com.walmartlabs.x12.dex.dx894.UnitMeasureTest
[13c3297a-f060-4b41-9599-ef947d2277fe/build]   | [INFO] Tests run: 4, Failures: 0, Errors: 0, Skipped: 0, Time elapsed: 0.001 s - in com.walmartlabs.x12.dex.dx894.UnitMeasureTest
[13c3297a-f060-4b41-9599-ef947d2277fe/build]   | [INFO] Running com.walmartlabs.x12.dex.dx894.DefaultDex894ParserTransactionTest
[13c3297a-f060-4b41-9599-ef947d2277fe/build]   | 20:06:48.536 [main] DEBUG com.walmartlabs.x12.dex.dx894.DefaultDex894Parser - SE
[13c3297a-f060-4b41-9599-ef947d2277fe/build]   | 20:06:48.536 [main] DEBUG com.walmartlabs.x12.dex.dx894.DefaultDex894Parser - XX
[13c3297a-f060-4b41-9599-ef947d2277fe/build]   | 20:06:48.537 [main] DEBUG com.walmartlabs.x12.dex.dx894.DefaultDex894Parser - G82
[13c3297a-f060-4b41-9599-ef947d2277fe/build]   | 20:06:48.537 [main] DEBUG com.walmartlabs.x12.dex.dx894.DefaultDex894Parser - G89
[13c3297a-f060-4b41-9599-ef947d2277fe/build]   | 20:06:48.537 [main] DEBUG com.walmartlabs.x12.dex.dx894.DefaultDex894Parser - XX
[13c3297a-f060-4b41-9599-ef947d2277fe/build]   | 20:06:48.538 [main] DEBUG com.walmartlabs.x12.dex.dx894.DefaultDex894Parser - SE
[13c3297a-f060-4b41-9599-ef947d2277fe/build]   | 20:06:48.538 [main] DEBUG com.walmartlabs.x12.dex.dx894.DefaultDex894Parser - G83
[13c3297a-f060-4b41-9599-ef947d2277fe/build]   | 20:06:48.539 [main] DEBUG com.walmartlabs.x12.dex.dx894.DefaultDex894Parser - XX
[13c3297a-f060-4b41-9599-ef947d2277fe/build]   | 20:06:48.539 [main] DEBUG com.walmartlabs.x12.dex.dx894.DefaultDex894Parser - G83
[13c3297a-f060-4b41-9599-ef947d2277fe/build]   | 20:06:48.540 [main] DEBUG com.walmartlabs.x12.dex.dx894.DefaultDex894Parser - ST
[13c3297a-f060-4b41-9599-ef947d2277fe/build]   | 20:06:48.540 [main] DEBUG com.walmartlabs.x12.dex.dx894.DefaultDex894Parser - G83
[13c3297a-f060-4b41-9599-ef947d2277fe/build]   | 20:06:48.540 [main] DEBUG com.walmartlabs.x12.dex.dx894.DefaultDex894Parser - XX
[13c3297a-f060-4b41-9599-ef947d2277fe/build]   | 20:06:48.541 [main] DEBUG com.walmartlabs.x12.dex.dx894.DefaultDex894Parser - SE
[13c3297a-f060-4b41-9599-ef947d2277fe/build]   | 20:06:48.541 [main] DEBUG com.walmartlabs.x12.dex.dx894.DefaultDex894Parser - XX
[13c3297a-f060-4b41-9599-ef947d2277fe/build]   | 20:06:48.542 [main] DEBUG com.walmartlabs.x12.dex.dx894.DefaultDex894Parser - ST
[13c3297a-f060-4b41-9599-ef947d2277fe/build]   | 20:06:48.543 [main] DEBUG com.walmartlabs.x12.dex.dx894.DefaultDex894Parser - G82
[13c3297a-f060-4b41-9599-ef947d2277fe/build]   | 20:06:48.543 [main] DEBUG com.walmartlabs.x12.dex.dx894.DefaultDex894Parser - ST
[13c3297a-f060-4b41-9599-ef947d2277fe/build]   | 20:06:48.543 [main] DEBUG com.walmartlabs.x12.dex.dx894.DefaultDex894Parser - SE
[13c3297a-f060-4b41-9599-ef947d2277fe/build]   | 20:06:48.544 [main] DEBUG com.walmartlabs.x12.dex.dx894.DefaultDex894Parser - G82
[13c3297a-f060-4b41-9599-ef947d2277fe/build]   | 20:06:48.544 [main] DEBUG com.walmartlabs.x12.dex.dx894.DefaultDex894Parser - G85
[13c3297a-f060-4b41-9599-ef947d2277fe/build]   | 20:06:48.544 [main] DEBUG com.walmartlabs.x12.dex.dx894.DefaultDex894Parser - G86
[13c3297a-f060-4b41-9599-ef947d2277fe/build]   | 20:06:48.545 [main] DEBUG com.walmartlabs.x12.dex.dx894.DefaultDex894Parser - G82
[13c3297a-f060-4b41-9599-ef947d2277fe/build]   | [INFO] Tests run: 22, Failures: 0, Errors: 0, Skipped: 0, Time elapsed: 0.008 s - in com.walmartlabs.x12.dex.dx894.DefaultDex894ParserTransactionTest
[13c3297a-f060-4b41-9599-ef947d2277fe/build]   | [INFO] Running com.walmartlabs.x12.dex.dx894.DefaultDex894ValidatorTest
[13c3297a-f060-4b41-9599-ef947d2277fe/build]   | [INFO] Tests run: 60, Failures: 0, Errors: 0, Skipped: 0, Time elapsed: 0.056 s - in com.walmartlabs.x12.dex.dx894.DefaultDex894ValidatorTest
[13c3297a-f060-4b41-9599-ef947d2277fe/build]   | [INFO] Running com.walmartlabs.x12.dex.dx894.ProductQualifierTest
[13c3297a-f060-4b41-9599-ef947d2277fe/build]   | [INFO] Tests run: 4, Failures: 0, Errors: 0, Skipped: 0, Time elapsed: 0.001 s - in com.walmartlabs.x12.dex.dx894.ProductQualifierTest
[13c3297a-f060-4b41-9599-ef947d2277fe/build]   | [INFO] Running com.walmartlabs.x12.dex.dx894.DefaultDex894ParseValidateTest
[13c3297a-f060-4b41-9599-ef947d2277fe/build]   | 20:06:48.609 [main] DEBUG com.walmartlabs.x12.dex.dx894.DefaultDex894Parser - DXS
[13c3297a-f060-4b41-9599-ef947d2277fe/build]   | 20:06:48.609 [main] DEBUG com.walmartlabs.x12.dex.dx894.DefaultDex894Parser - parseDexTransaction:1
[13c3297a-f060-4b41-9599-ef947d2277fe/build]   | 20:06:48.609 [main] DEBUG com.walmartlabs.x12.dex.dx894.DefaultDex894Parser - ST
[13c3297a-f060-4b41-9599-ef947d2277fe/build]   | 20:06:48.609 [main] DEBUG com.walmartlabs.x12.dex.dx894.DefaultDex894Parser - G82
[13c3297a-f060-4b41-9599-ef947d2277fe/build]   | 20:06:48.609 [main] DEBUG com.walmartlabs.x12.dex.dx894.DefaultDex894Parser - parseDexTransactionLoop:3
[13c3297a-f060-4b41-9599-ef947d2277fe/build]   | 20:06:48.609 [main] DEBUG com.walmartlabs.x12.dex.dx894.DefaultDex894Parser - LS
[13c3297a-f060-4b41-9599-ef947d2277fe/build]   | 20:06:48.609 [main] DEBUG com.walmartlabs.x12.dex.dx894.DefaultDex894Parser - parseDexItem:4
[13c3297a-f060-4b41-9599-ef947d2277fe/build]   | 20:06:48.609 [main] DEBUG com.walmartlabs.x12.dex.dx894.DefaultDex894Parser - G83
[13c3297a-f060-4b41-9599-ef947d2277fe/build]   | 20:06:48.610 [main] DEBUG com.walmartlabs.x12.dex.dx894.DefaultDex894Parser - G72
[13c3297a-f060-4b41-9599-ef947d2277fe/build]   | 20:06:48.610 [main] DEBUG com.walmartlabs.x12.dex.dx894.DefaultDex894Parser - LE
[13c3297a-f060-4b41-9599-ef947d2277fe/build]   | 20:06:48.610 [main] DEBUG com.walmartlabs.x12.dex.dx894.DefaultDex894Parser - G84
[13c3297a-f060-4b41-9599-ef947d2277fe/build]   | 20:06:48.610 [main] DEBUG com.walmartlabs.x12.dex.dx894.DefaultDex894Parser - G86
[13c3297a-f060-4b41-9599-ef947d2277fe/build]   | 20:06:48.610 [main] DEBUG com.walmartlabs.x12.dex.dx894.DefaultDex894Parser - G85
[13c3297a-f060-4b41-9599-ef947d2277fe/build]   | 20:06:48.610 [main] DEBUG com.walmartlabs.x12.dex.dx894.DefaultDex894Parser - SE
[13c3297a-f060-4b41-9599-ef947d2277fe/build]   | 20:06:48.610 [main] DEBUG com.walmartlabs.x12.dex.dx894.DefaultDex894Parser - parseDexTransaction:11
[13c3297a-f060-4b41-9599-ef947d2277fe/build]   | 20:06:48.610 [main] DEBUG com.walmartlabs.x12.dex.dx894.DefaultDex894Parser - ST
[13c3297a-f060-4b41-9599-ef947d2277fe/build]   | 20:06:48.610 [main] DEBUG com.walmartlabs.x12.dex.dx894.DefaultDex894Parser - G82
[13c3297a-f060-4b41-9599-ef947d2277fe/build]   | 20:06:48.611 [main] DEBUG com.walmartlabs.x12.dex.dx894.DefaultDex894Parser - parseDexTransactionLoop:13
[13c3297a-f060-4b41-9599-ef947d2277fe/build]   | 20:06:48.611 [main] DEBUG com.walmartlabs.x12.dex.dx894.DefaultDex894Parser - LS
[13c3297a-f060-4b41-9599-ef947d2277fe/build]   | 20:06:48.611 [main] DEBUG com.walmartlabs.x12.dex.dx894.DefaultDex894Parser - parseDexItem:14
[13c3297a-f060-4b41-9599-ef947d2277fe/build]   | 20:06:48.611 [main] DEBUG com.walmartlabs.x12.dex.dx894.DefaultDex894Parser - G83
[13c3297a-f060-4b41-9599-ef947d2277fe/build]   | 20:06:48.611 [main] DEBUG com.walmartlabs.x12.dex.dx894.DefaultDex894Parser - G72
[13c3297a-f060-4b41-9599-ef947d2277fe/build]   | 20:06:48.611 [main] DEBUG com.walmartlabs.x12.dex.dx894.DefaultDex894Parser - LE
[13c3297a-f060-4b41-9599-ef947d2277fe/build]   | 20:06:48.611 [main] DEBUG com.walmartlabs.x12.dex.dx894.DefaultDex894Parser - G84
[13c3297a-f060-4b41-9599-ef947d2277fe/build]   | 20:06:48.611 [main] DEBUG com.walmartlabs.x12.dex.dx894.DefaultDex894Parser - G86
[13c3297a-f060-4b41-9599-ef947d2277fe/build]   | 20:06:48.611 [main] DEBUG com.walmartlabs.x12.dex.dx894.DefaultDex894Parser - G85
[13c3297a-f060-4b41-9599-ef947d2277fe/build]   | 20:06:48.611 [main] DEBUG com.walmartlabs.x12.dex.dx894.DefaultDex894Parser - SE
[13c3297a-f060-4b41-9599-ef947d2277fe/build]   | 20:06:48.611 [main] DEBUG com.walmartlabs.x12.dex.dx894.DefaultDex894Parser - DXE
[13c3297a-f060-4b41-9599-ef947d2277fe/build]   | 20:06:48.613 [main] DEBUG com.walmartlabs.x12.dex.dx894.DefaultDex894Parser - DXS
[13c3297a-f060-4b41-9599-ef947d2277fe/build]   | 20:06:48.613 [main] DEBUG com.walmartlabs.x12.dex.dx894.DefaultDex894Parser - parseDexTransaction:1
[13c3297a-f060-4b41-9599-ef947d2277fe/build]   | 20:06:48.613 [main] DEBUG com.walmartlabs.x12.dex.dx894.DefaultDex894Parser - ST
[13c3297a-f060-4b41-9599-ef947d2277fe/build]   | 20:06:48.613 [main] DEBUG com.walmartlabs.x12.dex.dx894.DefaultDex894Parser - G82
[13c3297a-f060-4b41-9599-ef947d2277fe/build]   | 20:06:48.613 [main] DEBUG com.walmartlabs.x12.dex.dx894.DefaultDex894Parser - parseDexTransactionLoop:3
[13c3297a-f060-4b41-9599-ef947d2277fe/build]   | 20:06:48.613 [main] DEBUG com.walmartlabs.x12.dex.dx894.DefaultDex894Parser - LS
[13c3297a-f060-4b41-9599-ef947d2277fe/build]   | 20:06:48.613 [main] DEBUG com.walmartlabs.x12.dex.dx894.DefaultDex894Parser - parseDexItem:4
[13c3297a-f060-4b41-9599-ef947d2277fe/build]   | 20:06:48.613 [main] DEBUG com.walmartlabs.x12.dex.dx894.DefaultDex894Parser - G83
[13c3297a-f060-4b41-9599-ef947d2277fe/build]   | 20:06:48.613 [main] DEBUG com.walmartlabs.x12.dex.dx894.DefaultDex894Parser - G72
[13c3297a-f060-4b41-9599-ef947d2277fe/build]   | 20:06:48.614 [main] DEBUG com.walmartlabs.x12.dex.dx894.DefaultDex894Parser - parseDexItem:6
[13c3297a-f060-4b41-9599-ef947d2277fe/build]   | 20:06:48.614 [main] DEBUG com.walmartlabs.x12.dex.dx894.DefaultDex894Parser - G83
[13c3297a-f060-4b41-9599-ef947d2277fe/build]   | 20:06:48.614 [main] DEBUG com.walmartlabs.x12.dex.dx894.DefaultDex894Parser - G72
[13c3297a-f060-4b41-9599-ef947d2277fe/build]   | 20:06:48.614 [main] DEBUG com.walmartlabs.x12.dex.dx894.DefaultDex894Parser - parseDexItem:8
[13c3297a-f060-4b41-9599-ef947d2277fe/build]   | 20:06:48.614 [main] DEBUG com.walmartlabs.x12.dex.dx894.DefaultDex894Parser - G83
[13c3297a-f060-4b41-9599-ef947d2277fe/build]   | 20:06:48.614 [main] DEBUG com.walmartlabs.x12.dex.dx894.DefaultDex894Parser - G72
[13c3297a-f060-4b41-9599-ef947d2277fe/build]   | 20:06:48.614 [main] DEBUG com.walmartlabs.x12.dex.dx894.DefaultDex894Parser - parseDexItem:10
[13c3297a-f060-4b41-9599-ef947d2277fe/build]   | 20:06:48.614 [main] DEBUG com.walmartlabs.x12.dex.dx894.DefaultDex894Parser - G83
[13c3297a-f060-4b41-9599-ef947d2277fe/build]   | 20:06:48.614 [main] DEBUG com.walmartlabs.x12.dex.dx894.DefaultDex894Parser - G72
[13c3297a-f060-4b41-9599-ef947d2277fe/build]   | 20:06:48.614 [main] DEBUG com.walmartlabs.x12.dex.dx894.DefaultDex894Parser - parseDexItem:12
[13c3297a-f060-4b41-9599-ef947d2277fe/build]   | 20:06:48.614 [main] DEBUG com.walmartlabs.x12.dex.dx894.DefaultDex894Parser - G83
[13c3297a-f060-4b41-9599-ef947d2277fe/build]   | 20:06:48.614 [main] DEBUG com.walmartlabs.x12.dex.dx894.DefaultDex894Parser - G72
[13c3297a-f060-4b41-9599-ef947d2277fe/build]   | 20:06:48.614 [main] DEBUG com.walmartlabs.x12.dex.dx894.DefaultDex894Parser - parseDexItem:14
[13c3297a-f060-4b41-9599-ef947d2277fe/build]   | 20:06:48.614 [main] DEBUG com.walmartlabs.x12.dex.dx894.DefaultDex894Parser - G83
[13c3297a-f060-4b41-9599-ef947d2277fe/build]   | 20:06:48.615 [main] DEBUG com.walmartlabs.x12.dex.dx894.DefaultDex894Parser - G72
[13c3297a-f060-4b41-9599-ef947d2277fe/build]   | 20:06:48.615 [main] DEBUG com.walmartlabs.x12.dex.dx894.DefaultDex894Parser - parseDexItem:16
[13c3297a-f060-4b41-9599-ef947d2277fe/build]   | 20:06:48.615 [main] DEBUG com.walmartlabs.x12.dex.dx894.DefaultDex894Parser - G83
[13c3297a-f060-4b41-9599-ef947d2277fe/build]   | 20:06:48.615 [main] DEBUG com.walmartlabs.x12.dex.dx894.DefaultDex894Parser - G72
[13c3297a-f060-4b41-9599-ef947d2277fe/build]   | 20:06:48.615 [main] DEBUG com.walmartlabs.x12.dex.dx894.DefaultDex894Parser - parseDexItem:18
[13c3297a-f060-4b41-9599-ef947d2277fe/build]   | 20:06:48.615 [main] DEBUG com.walmartlabs.x12.dex.dx894.DefaultDex894Parser - G83
[13c3297a-f060-4b41-9599-ef947d2277fe/build]   | 20:06:48.615 [main] DEBUG com.walmartlabs.x12.dex.dx894.DefaultDex894Parser - G72
[13c3297a-f060-4b41-9599-ef947d2277fe/build]   | 20:06:48.615 [main] DEBUG com.walmartlabs.x12.dex.dx894.DefaultDex894Parser - parseDexItem:20
[13c3297a-f060-4b41-9599-ef947d2277fe/build]   | 20:06:48.615 [main] DEBUG com.walmartlabs.x12.dex.dx894.DefaultDex894Parser - G83
[13c3297a-f060-4b41-9599-ef947d2277fe/build]   | 20:06:48.615 [main] DEBUG com.walmartlabs.x12.dex.dx894.DefaultDex894Parser - parseDexItem:21
[13c3297a-f060-4b41-9599-ef947d2277fe/build]   | 20:06:48.616 [main] DEBUG com.walmartlabs.x12.dex.dx894.DefaultDex894Parser - G83
[13c3297a-f060-4b41-9599-ef947d2277fe/build]   | 20:06:48.616 [main] DEBUG com.walmartlabs.x12.dex.dx894.DefaultDex894Parser - parseDexItem:22
[13c3297a-f060-4b41-9599-ef947d2277fe/build]   | 20:06:48.616 [main] DEBUG com.walmartlabs.x12.dex.dx894.DefaultDex894Parser - G83
[13c3297a-f060-4b41-9599-ef947d2277fe/build]   | 20:06:48.616 [main] DEBUG com.walmartlabs.x12.dex.dx894.DefaultDex894Parser - parseDexItem:23
[13c3297a-f060-4b41-9599-ef947d2277fe/build]   | 20:06:48.616 [main] DEBUG com.walmartlabs.x12.dex.dx894.DefaultDex894Parser - G83
[13c3297a-f060-4b41-9599-ef947d2277fe/build]   | 20:06:48.616 [main] DEBUG com.walmartlabs.x12.dex.dx894.DefaultDex894Parser - G72
[13c3297a-f060-4b41-9599-ef947d2277fe/build]   | 20:06:48.616 [main] DEBUG com.walmartlabs.x12.dex.dx894.DefaultDex894Parser - parseDexItem:25
[13c3297a-f060-4b41-9599-ef947d2277fe/build]   | 20:06:48.616 [main] DEBUG com.walmartlabs.x12.dex.dx894.DefaultDex894Parser - G83
[13c3297a-f060-4b41-9599-ef947d2277fe/build]   | 20:06:48.616 [main] DEBUG com.walmartlabs.x12.dex.dx894.DefaultDex894Parser - parseDexItem:26
[13c3297a-f060-4b41-9599-ef947d2277fe/build]   | 20:06:48.616 [main] DEBUG com.walmartlabs.x12.dex.dx894.DefaultDex894Parser - G83
[13c3297a-f060-4b41-9599-ef947d2277fe/build]   | 20:06:48.616 [main] DEBUG com.walmartlabs.x12.dex.dx894.DefaultDex894Parser - G72
[13c3297a-f060-4b41-9599-ef947d2277fe/build]   | 20:06:48.616 [main] DEBUG com.walmartlabs.x12.dex.dx894.DefaultDex894Parser - parseDexItem:28
[13c3297a-f060-4b41-9599-ef947d2277fe/build]   | 20:06:48.616 [main] DEBUG com.walmartlabs.x12.dex.dx894.DefaultDex894Parser - G83
[13c3297a-f060-4b41-9599-ef947d2277fe/build]   | 20:06:48.616 [main] DEBUG com.walmartlabs.x12.dex.dx894.DefaultDex894Parser - G72
[13c3297a-f060-4b41-9599-ef947d2277fe/build]   | 20:06:48.617 [main] DEBUG com.walmartlabs.x12.dex.dx894.DefaultDex894Parser - parseDexItem:30
[13c3297a-f060-4b41-9599-ef947d2277fe/build]   | 20:06:48.617 [main] DEBUG com.walmartlabs.x12.dex.dx894.DefaultDex894Parser - G83
[13c3297a-f060-4b41-9599-ef947d2277fe/build]   | 20:06:48.617 [main] DEBUG com.walmartlabs.x12.dex.dx894.DefaultDex894Parser - G72
[13c3297a-f060-4b41-9599-ef947d2277fe/build]   | 20:06:48.617 [main] DEBUG com.walmartlabs.x12.dex.dx894.DefaultDex894Parser - parseDexItem:32
[13c3297a-f060-4b41-9599-ef947d2277fe/build]   | 20:06:48.617 [main] DEBUG com.walmartlabs.x12.dex.dx894.DefaultDex894Parser - G83
[13c3297a-f060-4b41-9599-ef947d2277fe/build]   | 20:06:48.617 [main] DEBUG com.walmartlabs.x12.dex.dx894.DefaultDex894Parser - G72
[13c3297a-f060-4b41-9599-ef947d2277fe/build]   | 20:06:48.617 [main] DEBUG com.walmartlabs.x12.dex.dx894.DefaultDex894Parser - parseDexItem:34
[13c3297a-f060-4b41-9599-ef947d2277fe/build]   | 20:06:48.617 [main] DEBUG com.walmartlabs.x12.dex.dx894.DefaultDex894Parser - G83
[13c3297a-f060-4b41-9599-ef947d2277fe/build]   | 20:06:48.617 [main] DEBUG com.walmartlabs.x12.dex.dx894.DefaultDex894Parser - G72
[13c3297a-f060-4b41-9599-ef947d2277fe/build]   | 20:06:48.617 [main] DEBUG com.walmartlabs.x12.dex.dx894.DefaultDex894Parser - parseDexItem:36
[13c3297a-f060-4b41-9599-ef947d2277fe/build]   | 20:06:48.617 [main] DEBUG com.walmartlabs.x12.dex.dx894.DefaultDex894Parser - G83
[13c3297a-f060-4b41-9599-ef947d2277fe/build]   | 20:06:48.617 [main] DEBUG com.walmartlabs.x12.dex.dx894.DefaultDex894Parser - G72
[13c3297a-f060-4b41-9599-ef947d2277fe/build]   | 20:06:48.618 [main] DEBUG com.walmartlabs.x12.dex.dx894.DefaultDex894Parser - LE
[13c3297a-f060-4b41-9599-ef947d2277fe/build]   | 20:06:48.618 [main] DEBUG com.walmartlabs.x12.dex.dx894.DefaultDex894Parser - G84
[13c3297a-f060-4b41-9599-ef947d2277fe/build]   | 20:06:48.618 [main] DEBUG com.walmartlabs.x12.dex.dx894.DefaultDex894Parser - G86
[13c3297a-f060-4b41-9599-ef947d2277fe/build]   | 20:06:48.618 [main] DEBUG com.walmartlabs.x12.dex.dx894.DefaultDex894Parser - G85
[13c3297a-f060-4b41-9599-ef947d2277fe/build]   | 20:06:48.618 [main] DEBUG com.walmartlabs.x12.dex.dx894.DefaultDex894Parser - SE
[13c3297a-f060-4b41-9599-ef947d2277fe/build]   | 20:06:48.618 [main] DEBUG com.walmartlabs.x12.dex.dx894.DefaultDex894Parser - DXE
[13c3297a-f060-4b41-9599-ef947d2277fe/build]   | 20:06:48.619 [main] DEBUG com.walmartlabs.x12.dex.dx894.DefaultDex894Parser - DXS
[13c3297a-f060-4b41-9599-ef947d2277fe/build]   | 20:06:48.620 [main] DEBUG com.walmartlabs.x12.dex.dx894.DefaultDex894Parser - parseDexTransaction:1
[13c3297a-f060-4b41-9599-ef947d2277fe/build]   | 20:06:48.620 [main] DEBUG com.walmartlabs.x12.dex.dx894.DefaultDex894Parser - ST
[13c3297a-f060-4b41-9599-ef947d2277fe/build]   | 20:06:48.620 [main] DEBUG com.walmartlabs.x12.dex.dx894.DefaultDex894Parser - G82
[13c3297a-f060-4b41-9599-ef947d2277fe/build]   | 20:06:48.620 [main] DEBUG com.walmartlabs.x12.dex.dx894.DefaultDex894Parser - parseDexTransactionLoop:3
[13c3297a-f060-4b41-9599-ef947d2277fe/build]   | 20:06:48.620 [main] DEBUG com.walmartlabs.x12.dex.dx894.DefaultDex894Parser - LS
[13c3297a-f060-4b41-9599-ef947d2277fe/build]   | 20:06:48.620 [main] DEBUG com.walmartlabs.x12.dex.dx894.DefaultDex894Parser - parseDexItem:4
[13c3297a-f060-4b41-9599-ef947d2277fe/build]   | 20:06:48.620 [main] DEBUG com.walmartlabs.x12.dex.dx894.DefaultDex894Parser - G83
[13c3297a-f060-4b41-9599-ef947d2277fe/build]   | 20:06:48.620 [main] DEBUG com.walmartlabs.x12.dex.dx894.DefaultDex894Parser - LE
[13c3297a-f060-4b41-9599-ef947d2277fe/build]   | 20:06:48.620 [main] DEBUG com.walmartlabs.x12.dex.dx894.DefaultDex894Parser - G84
[13c3297a-f060-4b41-9599-ef947d2277fe/build]   | 20:06:48.620 [main] DEBUG com.walmartlabs.x12.dex.dx894.DefaultDex894Parser - G86
[13c3297a-f060-4b41-9599-ef947d2277fe/build]   | 20:06:48.620 [main] DEBUG com.walmartlabs.x12.dex.dx894.DefaultDex894Parser - G85
[13c3297a-f060-4b41-9599-ef947d2277fe/build]   | 20:06:48.620 [main] DEBUG com.walmartlabs.x12.dex.dx894.DefaultDex894Parser - SE
[13c3297a-f060-4b41-9599-ef947d2277fe/build]   | 20:06:48.620 [main] DEBUG com.walmartlabs.x12.dex.dx894.DefaultDex894Parser - DXE
[13c3297a-f060-4b41-9599-ef947d2277fe/build]   | 20:06:48.621 [main] DEBUG com.walmartlabs.x12.dex.dx894.DefaultDex894Parser - DXS
[13c3297a-f060-4b41-9599-ef947d2277fe/build]   | 20:06:48.621 [main] DEBUG com.walmartlabs.x12.dex.dx894.DefaultDex894Parser - parseDexTransaction:1
[13c3297a-f060-4b41-9599-ef947d2277fe/build]   | 20:06:48.621 [main] DEBUG com.walmartlabs.x12.dex.dx894.DefaultDex894Parser - ST
[13c3297a-f060-4b41-9599-ef947d2277fe/build]   | 20:06:48.621 [main] DEBUG com.walmartlabs.x12.dex.dx894.DefaultDex894Parser - G82
[13c3297a-f060-4b41-9599-ef947d2277fe/build]   | 20:06:48.621 [main] DEBUG com.walmartlabs.x12.dex.dx894.DefaultDex894Parser - parseDexTransactionLoop:3
[13c3297a-f060-4b41-9599-ef947d2277fe/build]   | 20:06:48.621 [main] DEBUG com.walmartlabs.x12.dex.dx894.DefaultDex894Parser - LS
[13c3297a-f060-4b41-9599-ef947d2277fe/build]   | 20:06:48.621 [main] DEBUG com.walmartlabs.x12.dex.dx894.DefaultDex894Parser - parseDexItem:4
[13c3297a-f060-4b41-9599-ef947d2277fe/build]   | 20:06:48.622 [main] DEBUG com.walmartlabs.x12.dex.dx894.DefaultDex894Parser - G83
[13c3297a-f060-4b41-9599-ef947d2277fe/build]   | 20:06:48.622 [main] DEBUG com.walmartlabs.x12.dex.dx894.DefaultDex894Parser - G22
[13c3297a-f060-4b41-9599-ef947d2277fe/build]   | 20:06:48.622 [main] DEBUG com.walmartlabs.x12.dex.dx894.DefaultDex894Parser - G72
[13c3297a-f060-4b41-9599-ef947d2277fe/build]   | 20:06:48.622 [main] DEBUG com.walmartlabs.x12.dex.dx894.DefaultDex894Parser - parseDexItem:7
[13c3297a-f060-4b41-9599-ef947d2277fe/build]   | 20:06:48.622 [main] DEBUG com.walmartlabs.x12.dex.dx894.DefaultDex894Parser - G83
[13c3297a-f060-4b41-9599-ef947d2277fe/build]   | 20:06:48.622 [main] DEBUG com.walmartlabs.x12.dex.dx894.DefaultDex894Parser - G22
[13c3297a-f060-4b41-9599-ef947d2277fe/build]   | 20:06:48.622 [main] DEBUG com.walmartlabs.x12.dex.dx894.DefaultDex894Parser - LE
[13c3297a-f060-4b41-9599-ef947d2277fe/build]   | 20:06:48.622 [main] DEBUG com.walmartlabs.x12.dex.dx894.DefaultDex894Parser - G84
[13c3297a-f060-4b41-9599-ef947d2277fe/build]   | 20:06:48.622 [main] DEBUG com.walmartlabs.x12.dex.dx894.DefaultDex894Parser - G86
[13c3297a-f060-4b41-9599-ef947d2277fe/build]   | 20:06:48.622 [main] DEBUG com.walmartlabs.x12.dex.dx894.DefaultDex894Parser - G85
[13c3297a-f060-4b41-9599-ef947d2277fe/build]   | 20:06:48.622 [main] DEBUG com.walmartlabs.x12.dex.dx894.DefaultDex894Parser - SE
[13c3297a-f060-4b41-9599-ef947d2277fe/build]   | 20:06:48.622 [main] DEBUG com.walmartlabs.x12.dex.dx894.DefaultDex894Parser - DXE
[13c3297a-f060-4b41-9599-ef947d2277fe/build]   | 20:06:48.623 [main] DEBUG com.walmartlabs.x12.dex.dx894.DefaultDex894Parser - DXS
[13c3297a-f060-4b41-9599-ef947d2277fe/build]   | 20:06:48.623 [main] DEBUG com.walmartlabs.x12.dex.dx894.DefaultDex894Parser - parseDexTransaction:1
[13c3297a-f060-4b41-9599-ef947d2277fe/build]   | 20:06:48.623 [main] DEBUG com.walmartlabs.x12.dex.dx894.DefaultDex894Parser - ST
[13c3297a-f060-4b41-9599-ef947d2277fe/build]   | 20:06:48.623 [main] DEBUG com.walmartlabs.x12.dex.dx894.DefaultDex894Parser - G82
[13c3297a-f060-4b41-9599-ef947d2277fe/build]   | 20:06:48.623 [main] DEBUG com.walmartlabs.x12.dex.dx894.DefaultDex894Parser - parseDexTransactionLoop:3
[13c3297a-f060-4b41-9599-ef947d2277fe/build]   | 20:06:48.623 [main] DEBUG com.walmartlabs.x12.dex.dx894.DefaultDex894Parser - LS
[13c3297a-f060-4b41-9599-ef947d2277fe/build]   | 20:06:48.623 [main] DEBUG com.walmartlabs.x12.dex.dx894.DefaultDex894Parser - parseDexItem:4
[13c3297a-f060-4b41-9599-ef947d2277fe/build]   | 20:06:48.623 [main] DEBUG com.walmartlabs.x12.dex.dx894.DefaultDex894Parser - G83
[13c3297a-f060-4b41-9599-ef947d2277fe/build]   | 20:06:48.624 [main] DEBUG com.walmartlabs.x12.dex.dx894.DefaultDex894Parser - LE
[13c3297a-f060-4b41-9599-ef947d2277fe/build]   | 20:06:48.624 [main] DEBUG com.walmartlabs.x12.dex.dx894.DefaultDex894Parser - G84
[13c3297a-f060-4b41-9599-ef947d2277fe/build]   | 20:06:48.628 [main] DEBUG com.walmartlabs.x12.dex.dx894.DefaultDex894Parser - G86
[13c3297a-f060-4b41-9599-ef947d2277fe/build]   | 20:06:48.628 [main] DEBUG com.walmartlabs.x12.dex.dx894.DefaultDex894Parser - G85
[13c3297a-f060-4b41-9599-ef947d2277fe/build]   | 20:06:48.628 [main] DEBUG com.walmartlabs.x12.dex.dx894.DefaultDex894Parser - SE
[13c3297a-f060-4b41-9599-ef947d2277fe/build]   | 20:06:48.628 [main] DEBUG com.walmartlabs.x12.dex.dx894.DefaultDex894Parser - DXE
[13c3297a-f060-4b41-9599-ef947d2277fe/build]   | [INFO] Tests run: 5, Failures: 0, Errors: 0, Skipped: 0, Time elapsed: 0.018 s - in com.walmartlabs.x12.dex.dx894.DefaultDex894ParseValidateTest
[13c3297a-f060-4b41-9599-ef947d2277fe/build]   | [INFO] Running com.walmartlabs.x12.dex.dx894.DefaultDex894ParserDxsSegmentTest
[13c3297a-f060-4b41-9599-ef947d2277fe/build]   | 20:06:48.631 [main] DEBUG com.walmartlabs.x12.dex.dx894.DefaultDex894Parser - DXE
[13c3297a-f060-4b41-9599-ef947d2277fe/build]   | 20:06:48.631 [main] DEBUG com.walmartlabs.x12.dex.dx894.DefaultDex894Parser - DXS
[13c3297a-f060-4b41-9599-ef947d2277fe/build]   | 20:06:48.632 [main] DEBUG com.walmartlabs.x12.dex.dx894.DefaultDex894Parser - DXE
[13c3297a-f060-4b41-9599-ef947d2277fe/build]   | 20:06:48.632 [main] DEBUG com.walmartlabs.x12.dex.dx894.DefaultDex894Parser - DXE
[13c3297a-f060-4b41-9599-ef947d2277fe/build]   | 20:06:48.633 [main] DEBUG com.walmartlabs.x12.dex.dx894.DefaultDex894Parser - DXS
[13c3297a-f060-4b41-9599-ef947d2277fe/build]   | 20:06:48.633 [main] DEBUG com.walmartlabs.x12.dex.dx894.DefaultDex894Parser - DXS
[13c3297a-f060-4b41-9599-ef947d2277fe/build]   | 20:06:48.634 [main] DEBUG com.walmartlabs.x12.dex.dx894.DefaultDex894Parser - DXS
[13c3297a-f060-4b41-9599-ef947d2277fe/build]   | 20:06:48.634 [main] DEBUG com.walmartlabs.x12.dex.dx894.DefaultDex894Parser - DXS
[13c3297a-f060-4b41-9599-ef947d2277fe/build]   | [INFO] Tests run: 8, Failures: 0, Errors: 0, Skipped: 0, Time elapsed: 0.005 s - in com.walmartlabs.x12.dex.dx894.DefaultDex894ParserDxsSegmentTest
[13c3297a-f060-4b41-9599-ef947d2277fe/build]   | [INFO] Running com.walmartlabs.x12.util.RetailSellingUnitUtilTest
[13c3297a-f060-4b41-9599-ef947d2277fe/build]   | [INFO] Tests run: 20, Failures: 0, Errors: 0, Skipped: 0, Time elapsed: 0.006 s - in com.walmartlabs.x12.util.RetailSellingUnitUtilTest
[13c3297a-f060-4b41-9599-ef947d2277fe/build]   | [INFO] Running com.walmartlabs.x12.util.VersionUtilTest
[13c3297a-f060-4b41-9599-ef947d2277fe/build]   | [INFO] Tests run: 3, Failures: 0, Errors: 0, Skipped: 0, Time elapsed: 0 s - in com.walmartlabs.x12.util.VersionUtilTest
[13c3297a-f060-4b41-9599-ef947d2277fe/build]   | [INFO] 
[13c3297a-f060-4b41-9599-ef947d2277fe/build]   | [INFO] Results:
[13c3297a-f060-4b41-9599-ef947d2277fe/build]   | [INFO] 
[13c3297a-f060-4b41-9599-ef947d2277fe/build]   | [INFO] Tests run: 157, Failures: 0, Errors: 0, Skipped: 0
[13c3297a-f060-4b41-9599-ef947d2277fe/build]   | [INFO] 
[13c3297a-f060-4b41-9599-ef947d2277fe/build]   | [INFO] 
[13c3297a-f060-4b41-9599-ef947d2277fe/build]   | [INFO] --- takari-lifecycle-plugin:1.13.4:jar (default-jar) @ gozer ---
[13c3297a-f060-4b41-9599-ef947d2277fe/build]   | [INFO] Previous incremental build state does not exist, performing full build
[13c3297a-f060-4b41-9599-ef947d2277fe/build]   | [INFO] Building main JAR.
[13c3297a-f060-4b41-9599-ef947d2277fe/build]   | [INFO] Building source JAR.
[13c3297a-f060-4b41-9599-ef947d2277fe/build]   | [INFO] ------------------------------------------------------------------------
[13c3297a-f060-4b41-9599-ef947d2277fe/build]   | [INFO] BUILD SUCCESS
[13c3297a-f060-4b41-9599-ef947d2277fe/build]   | [INFO] ------------------------------------------------------------------------
[13c3297a-f060-4b41-9599-ef947d2277fe/build]   | [INFO] Total time:  56.111 s
[13c3297a-f060-4b41-9599-ef947d2277fe/build]   | [INFO] Finished at: 2023-07-12T20:06:49Z
[13c3297a-f060-4b41-9599-ef947d2277fe/build]   | [INFO] ------------------------------------------------------------------------
[13c3297a-f060-4b41-9599-ef947d2277fe/build]   ‚úÖ  Success - Main Build with Maven
[13c3297a-f060-4b41-9599-ef947d2277fe/build] unable to get git ref: failed to identify reference (tag/branch) for the checked-out revision '591d1f8dd418f6bf1fd3947f427bc026549652a4'
[13c3297a-f060-4b41-9599-ef947d2277fe/build] unable to get git ref: failed to identify reference (tag/branch) for the checked-out revision '591d1f8dd418f6bf1fd3947f427bc026549652a4'
[13c3297a-f060-4b41-9599-ef947d2277fe/build] unable to get git ref: failed to identify reference (tag/branch) for the checked-out revision '591d1f8dd418f6bf1fd3947f427bc026549652a4'
[13c3297a-f060-4b41-9599-ef947d2277fe/build] unable to get git ref: failed to identify reference (tag/branch) for the checked-out revision '591d1f8dd418f6bf1fd3947f427bc026549652a4'
[13c3297a-f060-4b41-9599-ef947d2277fe/build] unable to get git ref: failed to identify reference (tag/branch) for the checked-out revision '591d1f8dd418f6bf1fd3947f427bc026549652a4'
[13c3297a-f060-4b41-9599-ef947d2277fe/build] ‚≠ê Run Post Set up JDK 1.8
[13c3297a-f060-4b41-9599-ef947d2277fe/build]   üê≥  docker exec cmd=[node /var/run/act/actions/actions-setup-java@v1/dist/cleanup/index.js] user= workdir=
[13c3297a-f060-4b41-9599-ef947d2277fe/build]   ‚úÖ  Success - Post Set up JDK 1.8
[13c3297a-f060-4b41-9599-ef947d2277fe/build] üèÅ  Job succeeded
[13c3297a-f060-4b41-9599-ef947d2277fe/build] unable to get git ref: failed to identify reference (tag/branch) for the checked-out revision '591d1f8dd418f6bf1fd3947f427bc026549652a4'
