[0362f0a8-c3a8-4779-a834-898f6bb0d569/build] 🚀  Start image=gitbugactions:latest
[0362f0a8-c3a8-4779-a834-898f6bb0d569/build]   🐳  docker pull image=gitbugactions:latest platform= username= forcePull=false
[0362f0a8-c3a8-4779-a834-898f6bb0d569/build]   🐳  docker create image=gitbugactions:latest platform= entrypoint=["tail" "-f" "/dev/null"] cmd=[]
[0362f0a8-c3a8-4779-a834-898f6bb0d569/build]   🐳  docker run image=gitbugactions:latest platform= entrypoint=["tail" "-f" "/dev/null"] cmd=[]
[0362f0a8-c3a8-4779-a834-898f6bb0d569/build]   🐳  docker exec cmd=[chown -R 1012:1013 /tmp/b61941d7-91d6-4b09-8e1b-1c379d96adef] user=0 workdir=
[0362f0a8-c3a8-4779-a834-898f6bb0d569/build] unable to get git ref: failed to identify reference (tag/branch) for the checked-out revision '2756287e64dacf48eea353e035e544ba21176558'
[0362f0a8-c3a8-4779-a834-898f6bb0d569/build] unable to get git ref: failed to identify reference (tag/branch) for the checked-out revision '2756287e64dacf48eea353e035e544ba21176558'
[0362f0a8-c3a8-4779-a834-898f6bb0d569/build] unable to get git ref: failed to identify reference (tag/branch) for the checked-out revision '2756287e64dacf48eea353e035e544ba21176558'
[0362f0a8-c3a8-4779-a834-898f6bb0d569/build] unable to get git ref: failed to identify reference (tag/branch) for the checked-out revision '2756287e64dacf48eea353e035e544ba21176558'
[0362f0a8-c3a8-4779-a834-898f6bb0d569/build] unable to get git ref: failed to identify reference (tag/branch) for the checked-out revision '2756287e64dacf48eea353e035e544ba21176558'
[0362f0a8-c3a8-4779-a834-898f6bb0d569/build] unable to get git ref: failed to identify reference (tag/branch) for the checked-out revision '2756287e64dacf48eea353e035e544ba21176558'
[0362f0a8-c3a8-4779-a834-898f6bb0d569/build] unable to get git ref: failed to identify reference (tag/branch) for the checked-out revision '2756287e64dacf48eea353e035e544ba21176558'
[0362f0a8-c3a8-4779-a834-898f6bb0d569/build] unable to get git ref: failed to identify reference (tag/branch) for the checked-out revision '2756287e64dacf48eea353e035e544ba21176558'
[0362f0a8-c3a8-4779-a834-898f6bb0d569/build] unable to get git ref: failed to identify reference (tag/branch) for the checked-out revision '2756287e64dacf48eea353e035e544ba21176558'
[0362f0a8-c3a8-4779-a834-898f6bb0d569/build] ⭐ Run Main actions/checkout@v3
[0362f0a8-c3a8-4779-a834-898f6bb0d569/build] unable to get git ref: failed to identify reference (tag/branch) for the checked-out revision '2756287e64dacf48eea353e035e544ba21176558'
[0362f0a8-c3a8-4779-a834-898f6bb0d569/build] unable to get git ref: failed to identify reference (tag/branch) for the checked-out revision '2756287e64dacf48eea353e035e544ba21176558'
[0362f0a8-c3a8-4779-a834-898f6bb0d569/build]   🐳  docker cp src=/tmp/b61941d7-91d6-4b09-8e1b-1c379d96adef/. dst=/tmp/b61941d7-91d6-4b09-8e1b-1c379d96adef
[0362f0a8-c3a8-4779-a834-898f6bb0d569/build]   🐳  docker exec cmd=[chown -R 1012:1013 /tmp/b61941d7-91d6-4b09-8e1b-1c379d96adef] user=0 workdir=
[0362f0a8-c3a8-4779-a834-898f6bb0d569/build]   ✅  Success - Main actions/checkout@v3
[0362f0a8-c3a8-4779-a834-898f6bb0d569/build] unable to get git ref: failed to identify reference (tag/branch) for the checked-out revision '2756287e64dacf48eea353e035e544ba21176558'
[0362f0a8-c3a8-4779-a834-898f6bb0d569/build] unable to get git ref: failed to identify reference (tag/branch) for the checked-out revision '2756287e64dacf48eea353e035e544ba21176558'
[0362f0a8-c3a8-4779-a834-898f6bb0d569/build] unable to get git ref: failed to identify reference (tag/branch) for the checked-out revision '2756287e64dacf48eea353e035e544ba21176558'
[0362f0a8-c3a8-4779-a834-898f6bb0d569/build] unable to get git ref: failed to identify reference (tag/branch) for the checked-out revision '2756287e64dacf48eea353e035e544ba21176558'
[0362f0a8-c3a8-4779-a834-898f6bb0d569/build] unable to get git ref: failed to identify reference (tag/branch) for the checked-out revision '2756287e64dacf48eea353e035e544ba21176558'
[0362f0a8-c3a8-4779-a834-898f6bb0d569/build] ⭐ Run Main Set up JDK 17
[0362f0a8-c3a8-4779-a834-898f6bb0d569/build] unable to get git ref: failed to identify reference (tag/branch) for the checked-out revision '2756287e64dacf48eea353e035e544ba21176558'
[0362f0a8-c3a8-4779-a834-898f6bb0d569/build] unable to get git ref: failed to identify reference (tag/branch) for the checked-out revision '2756287e64dacf48eea353e035e544ba21176558'
[0362f0a8-c3a8-4779-a834-898f6bb0d569/build] unable to get git ref: failed to identify reference (tag/branch) for the checked-out revision '2756287e64dacf48eea353e035e544ba21176558'
[0362f0a8-c3a8-4779-a834-898f6bb0d569/build]   🐳  docker cp src=/tmp/act-cache/206489bf-1188-4fb3-bc00-4e314264845f/act/actions-setup-java@v3/ dst=/var/run/act/actions/actions-setup-java@v3/
[0362f0a8-c3a8-4779-a834-898f6bb0d569/build]   🐳  docker exec cmd=[chown -R 1012:1013 /var/run/act/actions/actions-setup-java@v3/] user=0 workdir=
[0362f0a8-c3a8-4779-a834-898f6bb0d569/build]   🐳  docker exec cmd=[node /var/run/act/actions/actions-setup-java@v3/dist/setup/index.js] user= workdir=
[0362f0a8-c3a8-4779-a834-898f6bb0d569/build]   ❓  ::group::Installed distributions
[0362f0a8-c3a8-4779-a834-898f6bb0d569/build]   💬  ::debug::isExplicit: 11.0.20-1
[0362f0a8-c3a8-4779-a834-898f6bb0d569/build]   💬  ::debug::explicit? true
[0362f0a8-c3a8-4779-a834-898f6bb0d569/build]   💬  ::debug::isExplicit: 17.0.8-1
[0362f0a8-c3a8-4779-a834-898f6bb0d569/build]   💬  ::debug::explicit? true
[0362f0a8-c3a8-4779-a834-898f6bb0d569/build]   💬  ::debug::isExplicit: 21.0.0-35
[0362f0a8-c3a8-4779-a834-898f6bb0d569/build]   💬  ::debug::explicit? true
[0362f0a8-c3a8-4779-a834-898f6bb0d569/build]   💬  ::debug::isExplicit: 8.0.382-5
[0362f0a8-c3a8-4779-a834-898f6bb0d569/build]   💬  ::debug::explicit? true
[0362f0a8-c3a8-4779-a834-898f6bb0d569/build]   | Resolved Java 17.0.8+1 from tool-cache
[0362f0a8-c3a8-4779-a834-898f6bb0d569/build]   | Setting Java 17.0.8+1 as the default
[0362f0a8-c3a8-4779-a834-898f6bb0d569/build]   | Creating toolchains.xml for JDK version 17 from temurin
[0362f0a8-c3a8-4779-a834-898f6bb0d569/build]   | Writing to /home/runner/.m2/toolchains.xml
[0362f0a8-c3a8-4779-a834-898f6bb0d569/build]   | 
[0362f0a8-c3a8-4779-a834-898f6bb0d569/build]   | Java configuration:
[0362f0a8-c3a8-4779-a834-898f6bb0d569/build]   |   Distribution: temurin
[0362f0a8-c3a8-4779-a834-898f6bb0d569/build]   |   Version: 17.0.8+1
[0362f0a8-c3a8-4779-a834-898f6bb0d569/build]   |   Path: /opt/hostedtoolcache/Java_Temurin-Hotspot_jdk/17.0.8-1/x64
[0362f0a8-c3a8-4779-a834-898f6bb0d569/build]   | 
[0362f0a8-c3a8-4779-a834-898f6bb0d569/build]   ❓  ::endgroup::
[0362f0a8-c3a8-4779-a834-898f6bb0d569/build]   ❓ add-matcher /run/act/actions/actions-setup-java@v3/.github/java.json
[0362f0a8-c3a8-4779-a834-898f6bb0d569/build]   | Creating settings.xml with server-id: github
[0362f0a8-c3a8-4779-a834-898f6bb0d569/build]   | Writing to /home/runner/.m2/settings.xml
[0362f0a8-c3a8-4779-a834-898f6bb0d569/build]   ✅  Success - Main Set up JDK 17
[0362f0a8-c3a8-4779-a834-898f6bb0d569/build]   ⚙  ::set-env:: JAVA_HOME=/opt/hostedtoolcache/Java_Temurin-Hotspot_jdk/17.0.8-1/x64
[0362f0a8-c3a8-4779-a834-898f6bb0d569/build]   ⚙  ::set-env:: JAVA_HOME_17_X64=/opt/hostedtoolcache/Java_Temurin-Hotspot_jdk/17.0.8-1/x64
[0362f0a8-c3a8-4779-a834-898f6bb0d569/build]   ⚙  ::set-output:: distribution=Temurin-Hotspot
[0362f0a8-c3a8-4779-a834-898f6bb0d569/build]   ⚙  ::set-output:: path=/opt/hostedtoolcache/Java_Temurin-Hotspot_jdk/17.0.8-1/x64
[0362f0a8-c3a8-4779-a834-898f6bb0d569/build]   ⚙  ::set-output:: version=17.0.8+1
[0362f0a8-c3a8-4779-a834-898f6bb0d569/build]   ⚙  ::add-path:: /opt/hostedtoolcache/Java_Temurin-Hotspot_jdk/17.0.8-1/x64/bin
[0362f0a8-c3a8-4779-a834-898f6bb0d569/build] unable to get git ref: failed to identify reference (tag/branch) for the checked-out revision '2756287e64dacf48eea353e035e544ba21176558'
[0362f0a8-c3a8-4779-a834-898f6bb0d569/build] unable to get git ref: failed to identify reference (tag/branch) for the checked-out revision '2756287e64dacf48eea353e035e544ba21176558'
[0362f0a8-c3a8-4779-a834-898f6bb0d569/build] unable to get git ref: failed to identify reference (tag/branch) for the checked-out revision '2756287e64dacf48eea353e035e544ba21176558'
[0362f0a8-c3a8-4779-a834-898f6bb0d569/build] unable to get git ref: failed to identify reference (tag/branch) for the checked-out revision '2756287e64dacf48eea353e035e544ba21176558'
[0362f0a8-c3a8-4779-a834-898f6bb0d569/build] unable to get git ref: failed to identify reference (tag/branch) for the checked-out revision '2756287e64dacf48eea353e035e544ba21176558'
[0362f0a8-c3a8-4779-a834-898f6bb0d569/build] ⭐ Run Main Build with Maven
[0362f0a8-c3a8-4779-a834-898f6bb0d569/build] unable to get git ref: failed to identify reference (tag/branch) for the checked-out revision '2756287e64dacf48eea353e035e544ba21176558'
[0362f0a8-c3a8-4779-a834-898f6bb0d569/build] unable to get git ref: failed to identify reference (tag/branch) for the checked-out revision '2756287e64dacf48eea353e035e544ba21176558'
[0362f0a8-c3a8-4779-a834-898f6bb0d569/build] unable to get git ref: failed to identify reference (tag/branch) for the checked-out revision '2756287e64dacf48eea353e035e544ba21176558'
[0362f0a8-c3a8-4779-a834-898f6bb0d569/build] unable to get git ref: failed to identify reference (tag/branch) for the checked-out revision '2756287e64dacf48eea353e035e544ba21176558'
[0362f0a8-c3a8-4779-a834-898f6bb0d569/build]   🐳  docker exec cmd=[bash --noprofile --norc -e -o pipefail /var/run/act/workflow/2] user= workdir=
[0362f0a8-c3a8-4779-a834-898f6bb0d569/build]   | [INFO] Scanning for projects...
[0362f0a8-c3a8-4779-a834-898f6bb0d569/build]   | [INFO] 
[0362f0a8-c3a8-4779-a834-898f6bb0d569/build]   | [INFO] ------------------< net.e175.klaus:solarpositioning >-------------------
[0362f0a8-c3a8-4779-a834-898f6bb0d569/build]   | [INFO] Building solarpositioning 0.1.4-SNAPSHOT
[0362f0a8-c3a8-4779-a834-898f6bb0d569/build]   | [INFO]   from pom.xml
[0362f0a8-c3a8-4779-a834-898f6bb0d569/build]   | [INFO] --------------------------------[ jar ]---------------------------------
[0362f0a8-c3a8-4779-a834-898f6bb0d569/build]   | [INFO] Downloading from central: https://repo.maven.apache.org/maven2/org/apache/maven/plugins/maven-resources-plugin/2.6/maven-resources-plugin-2.6.pom
[0362f0a8-c3a8-4779-a834-898f6bb0d569/build]   | [INFO] Downloaded from central: https://repo.maven.apache.org/maven2/org/apache/maven/plugins/maven-resources-plugin/2.6/maven-resources-plugin-2.6.pom (8.1 kB at 23 kB/s)
[0362f0a8-c3a8-4779-a834-898f6bb0d569/build]   | [INFO] Downloading from central: https://repo.maven.apache.org/maven2/org/apache/maven/plugins/maven-plugins/23/maven-plugins-23.pom
[0362f0a8-c3a8-4779-a834-898f6bb0d569/build]   | [INFO] Downloaded from central: https://repo.maven.apache.org/maven2/org/apache/maven/plugins/maven-plugins/23/maven-plugins-23.pom (9.2 kB at 188 kB/s)
[0362f0a8-c3a8-4779-a834-898f6bb0d569/build]   | [INFO] Downloading from central: https://repo.maven.apache.org/maven2/org/apache/maven/maven-parent/22/maven-parent-22.pom
[0362f0a8-c3a8-4779-a834-898f6bb0d569/build]   | [INFO] Downloaded from central: https://repo.maven.apache.org/maven2/org/apache/maven/maven-parent/22/maven-parent-22.pom (30 kB at 647 kB/s)
[0362f0a8-c3a8-4779-a834-898f6bb0d569/build]   | [INFO] Downloading from central: https://repo.maven.apache.org/maven2/org/apache/apache/11/apache-11.pom
[0362f0a8-c3a8-4779-a834-898f6bb0d569/build]   | [INFO] Downloaded from central: https://repo.maven.apache.org/maven2/org/apache/apache/11/apache-11.pom (15 kB at 344 kB/s)
[0362f0a8-c3a8-4779-a834-898f6bb0d569/build]   | [INFO] Downloading from central: https://repo.maven.apache.org/maven2/org/apache/maven/plugins/maven-resources-plugin/2.6/maven-resources-plugin-2.6.jar
[0362f0a8-c3a8-4779-a834-898f6bb0d569/build]   | [INFO] Downloaded from central: https://repo.maven.apache.org/maven2/org/apache/maven/plugins/maven-resources-plugin/2.6/maven-resources-plugin-2.6.jar (30 kB at 537 kB/s)
[0362f0a8-c3a8-4779-a834-898f6bb0d569/build]   | [INFO] Downloading from central: https://repo.maven.apache.org/maven2/org/apache/maven/plugins/maven-compiler-plugin/3.10.1/maven-compiler-plugin-3.10.1.pom
[0362f0a8-c3a8-4779-a834-898f6bb0d569/build]   | [INFO] Downloaded from central: https://repo.maven.apache.org/maven2/org/apache/maven/plugins/maven-compiler-plugin/3.10.1/maven-compiler-plugin-3.10.1.pom (13 kB at 332 kB/s)
[0362f0a8-c3a8-4779-a834-898f6bb0d569/build]   | [INFO] Downloading from central: https://repo.maven.apache.org/maven2/org/apache/maven/plugins/maven-plugins/34/maven-plugins-34.pom
[0362f0a8-c3a8-4779-a834-898f6bb0d569/build]   | [INFO] Downloaded from central: https://repo.maven.apache.org/maven2/org/apache/maven/plugins/maven-plugins/34/maven-plugins-34.pom (11 kB at 445 kB/s)
[0362f0a8-c3a8-4779-a834-898f6bb0d569/build]   | [INFO] Downloading from central: https://repo.maven.apache.org/maven2/org/apache/maven/maven-parent/34/maven-parent-34.pom
[0362f0a8-c3a8-4779-a834-898f6bb0d569/build]   | [INFO] Downloaded from central: https://repo.maven.apache.org/maven2/org/apache/maven/maven-parent/34/maven-parent-34.pom (43 kB at 3.1 MB/s)
[0362f0a8-c3a8-4779-a834-898f6bb0d569/build]   | [INFO] Downloading from central: https://repo.maven.apache.org/maven2/org/apache/apache/23/apache-23.pom
[0362f0a8-c3a8-4779-a834-898f6bb0d569/build]   | [INFO] Downloaded from central: https://repo.maven.apache.org/maven2/org/apache/apache/23/apache-23.pom (18 kB at 921 kB/s)
[0362f0a8-c3a8-4779-a834-898f6bb0d569/build]   | [INFO] Downloading from central: https://repo.maven.apache.org/maven2/org/apache/maven/plugins/maven-compiler-plugin/3.10.1/maven-compiler-plugin-3.10.1.jar
[0362f0a8-c3a8-4779-a834-898f6bb0d569/build]   | [INFO] Downloaded from central: https://repo.maven.apache.org/maven2/org/apache/maven/plugins/maven-compiler-plugin/3.10.1/maven-compiler-plugin-3.10.1.jar (62 kB at 4.1 MB/s)
[0362f0a8-c3a8-4779-a834-898f6bb0d569/build]   | [INFO] Downloading from central: https://repo.maven.apache.org/maven2/org/apache/maven/plugins/maven-surefire-plugin/3.0.0-M7/maven-surefire-plugin-3.0.0-M7.pom
[0362f0a8-c3a8-4779-a834-898f6bb0d569/build]   | [INFO] Downloaded from central: https://repo.maven.apache.org/maven2/org/apache/maven/plugins/maven-surefire-plugin/3.0.0-M7/maven-surefire-plugin-3.0.0-M7.pom (7.2 kB at 278 kB/s)
[0362f0a8-c3a8-4779-a834-898f6bb0d569/build]   | [INFO] Downloading from central: https://repo.maven.apache.org/maven2/org/apache/maven/surefire/surefire/3.0.0-M7/surefire-3.0.0-M7.pom
[0362f0a8-c3a8-4779-a834-898f6bb0d569/build]   | [INFO] Downloaded from central: https://repo.maven.apache.org/maven2/org/apache/maven/surefire/surefire/3.0.0-M7/surefire-3.0.0-M7.pom (22 kB at 903 kB/s)
[0362f0a8-c3a8-4779-a834-898f6bb0d569/build]   | [INFO] Downloading from central: https://repo.maven.apache.org/maven2/org/apache/maven/maven-parent/36/maven-parent-36.pom
[0362f0a8-c3a8-4779-a834-898f6bb0d569/build]   | [INFO] Downloaded from central: https://repo.maven.apache.org/maven2/org/apache/maven/maven-parent/36/maven-parent-36.pom (45 kB at 1.5 MB/s)
[0362f0a8-c3a8-4779-a834-898f6bb0d569/build]   | [INFO] Downloading from central: https://repo.maven.apache.org/maven2/org/apache/apache/26/apache-26.pom
[0362f0a8-c3a8-4779-a834-898f6bb0d569/build]   | [INFO] Downloaded from central: https://repo.maven.apache.org/maven2/org/apache/apache/26/apache-26.pom (21 kB at 934 kB/s)
[0362f0a8-c3a8-4779-a834-898f6bb0d569/build]   | [INFO] Downloading from central: https://repo.maven.apache.org/maven2/org/apache/maven/plugins/maven-surefire-plugin/3.0.0-M7/maven-surefire-plugin-3.0.0-M7.jar
[0362f0a8-c3a8-4779-a834-898f6bb0d569/build]   | [INFO] Downloaded from central: https://repo.maven.apache.org/maven2/org/apache/maven/plugins/maven-surefire-plugin/3.0.0-M7/maven-surefire-plugin-3.0.0-M7.jar (44 kB at 1.2 MB/s)
[0362f0a8-c3a8-4779-a834-898f6bb0d569/build]   | [INFO] Downloading from central: https://repo.maven.apache.org/maven2/org/apache/maven/plugins/maven-jar-plugin/2.4/maven-jar-plugin-2.4.pom
[0362f0a8-c3a8-4779-a834-898f6bb0d569/build]   | [INFO] Downloaded from central: https://repo.maven.apache.org/maven2/org/apache/maven/plugins/maven-jar-plugin/2.4/maven-jar-plugin-2.4.pom (5.8 kB at 45 kB/s)
[0362f0a8-c3a8-4779-a834-898f6bb0d569/build]   | [INFO] Downloading from central: https://repo.maven.apache.org/maven2/org/apache/maven/plugins/maven-plugins/22/maven-plugins-22.pom
[0362f0a8-c3a8-4779-a834-898f6bb0d569/build]   | [INFO] Downloaded from central: https://repo.maven.apache.org/maven2/org/apache/maven/plugins/maven-plugins/22/maven-plugins-22.pom (13 kB at 435 kB/s)
[0362f0a8-c3a8-4779-a834-898f6bb0d569/build]   | [INFO] Downloading from central: https://repo.maven.apache.org/maven2/org/apache/maven/maven-parent/21/maven-parent-21.pom
[0362f0a8-c3a8-4779-a834-898f6bb0d569/build]   | [INFO] Downloaded from central: https://repo.maven.apache.org/maven2/org/apache/maven/maven-parent/21/maven-parent-21.pom (26 kB at 406 kB/s)
[0362f0a8-c3a8-4779-a834-898f6bb0d569/build]   | [INFO] Downloading from central: https://repo.maven.apache.org/maven2/org/apache/apache/10/apache-10.pom
[0362f0a8-c3a8-4779-a834-898f6bb0d569/build]   | [INFO] Downloaded from central: https://repo.maven.apache.org/maven2/org/apache/apache/10/apache-10.pom (15 kB at 221 kB/s)
[0362f0a8-c3a8-4779-a834-898f6bb0d569/build]   | [INFO] Downloading from central: https://repo.maven.apache.org/maven2/org/apache/maven/plugins/maven-jar-plugin/2.4/maven-jar-plugin-2.4.jar
[0362f0a8-c3a8-4779-a834-898f6bb0d569/build]   | [INFO] Downloaded from central: https://repo.maven.apache.org/maven2/org/apache/maven/plugins/maven-jar-plugin/2.4/maven-jar-plugin-2.4.jar (34 kB at 851 kB/s)
[0362f0a8-c3a8-4779-a834-898f6bb0d569/build]   | [INFO] Downloading from central: https://repo.maven.apache.org/maven2/org/junit/jupiter/junit-jupiter/5.9.1/junit-jupiter-5.9.1.pom
[0362f0a8-c3a8-4779-a834-898f6bb0d569/build]   | [INFO] Downloaded from central: https://repo.maven.apache.org/maven2/org/junit/jupiter/junit-jupiter/5.9.1/junit-jupiter-5.9.1.pom (3.2 kB at 114 kB/s)
[0362f0a8-c3a8-4779-a834-898f6bb0d569/build]   | [INFO] Downloading from central: https://repo.maven.apache.org/maven2/org/junit/junit-bom/5.9.1/junit-bom-5.9.1.pom
[0362f0a8-c3a8-4779-a834-898f6bb0d569/build]   | [INFO] Downloaded from central: https://repo.maven.apache.org/maven2/org/junit/junit-bom/5.9.1/junit-bom-5.9.1.pom (5.6 kB at 217 kB/s)
[0362f0a8-c3a8-4779-a834-898f6bb0d569/build]   | [INFO] Downloading from central: https://repo.maven.apache.org/maven2/org/junit/jupiter/junit-jupiter-api/5.9.1/junit-jupiter-api-5.9.1.pom
[0362f0a8-c3a8-4779-a834-898f6bb0d569/build]   | [INFO] Downloaded from central: https://repo.maven.apache.org/maven2/org/junit/jupiter/junit-jupiter-api/5.9.1/junit-jupiter-api-5.9.1.pom (3.2 kB at 133 kB/s)
[0362f0a8-c3a8-4779-a834-898f6bb0d569/build]   | [INFO] Downloading from central: https://repo.maven.apache.org/maven2/org/opentest4j/opentest4j/1.2.0/opentest4j-1.2.0.pom
[0362f0a8-c3a8-4779-a834-898f6bb0d569/build]   | [INFO] Downloaded from central: https://repo.maven.apache.org/maven2/org/opentest4j/opentest4j/1.2.0/opentest4j-1.2.0.pom (1.7 kB at 105 kB/s)
[0362f0a8-c3a8-4779-a834-898f6bb0d569/build]   | [INFO] Downloading from central: https://repo.maven.apache.org/maven2/org/junit/platform/junit-platform-commons/1.9.1/junit-platform-commons-1.9.1.pom
[0362f0a8-c3a8-4779-a834-898f6bb0d569/build]   | [INFO] Downloaded from central: https://repo.maven.apache.org/maven2/org/junit/platform/junit-platform-commons/1.9.1/junit-platform-commons-1.9.1.pom (2.8 kB at 88 kB/s)
[0362f0a8-c3a8-4779-a834-898f6bb0d569/build]   | [INFO] Downloading from central: https://repo.maven.apache.org/maven2/org/apiguardian/apiguardian-api/1.1.2/apiguardian-api-1.1.2.pom
[0362f0a8-c3a8-4779-a834-898f6bb0d569/build]   | [INFO] Downloaded from central: https://repo.maven.apache.org/maven2/org/apiguardian/apiguardian-api/1.1.2/apiguardian-api-1.1.2.pom (1.5 kB at 64 kB/s)
[0362f0a8-c3a8-4779-a834-898f6bb0d569/build]   | [INFO] Downloading from central: https://repo.maven.apache.org/maven2/org/junit/jupiter/junit-jupiter-params/5.9.1/junit-jupiter-params-5.9.1.pom
[0362f0a8-c3a8-4779-a834-898f6bb0d569/build]   | [INFO] Downloaded from central: https://repo.maven.apache.org/maven2/org/junit/jupiter/junit-jupiter-params/5.9.1/junit-jupiter-params-5.9.1.pom (3.0 kB at 177 kB/s)
[0362f0a8-c3a8-4779-a834-898f6bb0d569/build]   | [INFO] Downloading from central: https://repo.maven.apache.org/maven2/org/junit/jupiter/junit-jupiter-engine/5.9.1/junit-jupiter-engine-5.9.1.pom
[0362f0a8-c3a8-4779-a834-898f6bb0d569/build]   | [INFO] Downloaded from central: https://repo.maven.apache.org/maven2/org/junit/jupiter/junit-jupiter-engine/5.9.1/junit-jupiter-engine-5.9.1.pom (3.2 kB at 160 kB/s)
[0362f0a8-c3a8-4779-a834-898f6bb0d569/build]   | [INFO] Downloading from central: https://repo.maven.apache.org/maven2/org/junit/platform/junit-platform-engine/1.9.1/junit-platform-engine-1.9.1.pom
[0362f0a8-c3a8-4779-a834-898f6bb0d569/build]   | [INFO] Downloaded from central: https://repo.maven.apache.org/maven2/org/junit/platform/junit-platform-engine/1.9.1/junit-platform-engine-1.9.1.pom (3.2 kB at 114 kB/s)
[0362f0a8-c3a8-4779-a834-898f6bb0d569/build]   | [INFO] Downloading from central: https://repo.maven.apache.org/maven2/org/assertj/assertj-core/3.24.1/assertj-core-3.24.1.pom
[0362f0a8-c3a8-4779-a834-898f6bb0d569/build]   | [INFO] Downloaded from central: https://repo.maven.apache.org/maven2/org/assertj/assertj-core/3.24.1/assertj-core-3.24.1.pom (19 kB at 601 kB/s)
[0362f0a8-c3a8-4779-a834-898f6bb0d569/build]   | [INFO] Downloading from central: https://repo.maven.apache.org/maven2/org/assertj/assertj-parent/3.24.1/assertj-parent-3.24.1.pom
[0362f0a8-c3a8-4779-a834-898f6bb0d569/build]   | [INFO] Downloaded from central: https://repo.maven.apache.org/maven2/org/assertj/assertj-parent/3.24.1/assertj-parent-3.24.1.pom (13 kB at 432 kB/s)
[0362f0a8-c3a8-4779-a834-898f6bb0d569/build]   | [INFO] Downloading from central: https://repo.maven.apache.org/maven2/org/assertj/assertj-build/3.24.1/assertj-build-3.24.1.pom
[0362f0a8-c3a8-4779-a834-898f6bb0d569/build]   | [INFO] Downloaded from central: https://repo.maven.apache.org/maven2/org/assertj/assertj-build/3.24.1/assertj-build-3.24.1.pom (8.8 kB at 172 kB/s)
[0362f0a8-c3a8-4779-a834-898f6bb0d569/build]   | [INFO] Downloading from central: https://repo.maven.apache.org/maven2/org/mockito/mockito-bom/4.11.0/mockito-bom-4.11.0.pom
[0362f0a8-c3a8-4779-a834-898f6bb0d569/build]   | [INFO] Downloaded from central: https://repo.maven.apache.org/maven2/org/mockito/mockito-bom/4.11.0/mockito-bom-4.11.0.pom (3.2 kB at 210 kB/s)
[0362f0a8-c3a8-4779-a834-898f6bb0d569/build]   | [INFO] Downloading from central: https://repo.maven.apache.org/maven2/net/bytebuddy/byte-buddy/1.12.21/byte-buddy-1.12.21.pom
[0362f0a8-c3a8-4779-a834-898f6bb0d569/build]   | [INFO] Downloaded from central: https://repo.maven.apache.org/maven2/net/bytebuddy/byte-buddy/1.12.21/byte-buddy-1.12.21.pom (16 kB at 480 kB/s)
[0362f0a8-c3a8-4779-a834-898f6bb0d569/build]   | [INFO] Downloading from central: https://repo.maven.apache.org/maven2/net/bytebuddy/byte-buddy-parent/1.12.21/byte-buddy-parent-1.12.21.pom
[0362f0a8-c3a8-4779-a834-898f6bb0d569/build]   | [INFO] Downloaded from central: https://repo.maven.apache.org/maven2/net/bytebuddy/byte-buddy-parent/1.12.21/byte-buddy-parent-1.12.21.pom (58 kB at 2.2 MB/s)
[0362f0a8-c3a8-4779-a834-898f6bb0d569/build]   | [INFO] Downloading from central: https://repo.maven.apache.org/maven2/org/junit/jupiter/junit-jupiter/5.9.1/junit-jupiter-5.9.1.jar
[0362f0a8-c3a8-4779-a834-898f6bb0d569/build]   | [INFO] Downloading from central: https://repo.maven.apache.org/maven2/org/junit/jupiter/junit-jupiter-api/5.9.1/junit-jupiter-api-5.9.1.jar
[0362f0a8-c3a8-4779-a834-898f6bb0d569/build]   | [INFO] Downloading from central: https://repo.maven.apache.org/maven2/org/opentest4j/opentest4j/1.2.0/opentest4j-1.2.0.jar
[0362f0a8-c3a8-4779-a834-898f6bb0d569/build]   | [INFO] Downloaded from central: https://repo.maven.apache.org/maven2/org/junit/jupiter/junit-jupiter/5.9.1/junit-jupiter-5.9.1.jar (6.4 kB at 454 kB/s)
[0362f0a8-c3a8-4779-a834-898f6bb0d569/build]   | [INFO] Downloading from central: https://repo.maven.apache.org/maven2/org/junit/platform/junit-platform-commons/1.9.1/junit-platform-commons-1.9.1.jar
[0362f0a8-c3a8-4779-a834-898f6bb0d569/build]   | [INFO] Downloading from central: https://repo.maven.apache.org/maven2/org/apiguardian/apiguardian-api/1.1.2/apiguardian-api-1.1.2.jar
[0362f0a8-c3a8-4779-a834-898f6bb0d569/build]   | [INFO] Downloading from central: https://repo.maven.apache.org/maven2/org/junit/jupiter/junit-jupiter-params/5.9.1/junit-jupiter-params-5.9.1.jar
[0362f0a8-c3a8-4779-a834-898f6bb0d569/build]   | [INFO] Downloaded from central: https://repo.maven.apache.org/maven2/org/opentest4j/opentest4j/1.2.0/opentest4j-1.2.0.jar (7.7 kB at 182 kB/s)
[0362f0a8-c3a8-4779-a834-898f6bb0d569/build]   | [INFO] Downloading from central: https://repo.maven.apache.org/maven2/org/junit/jupiter/junit-jupiter-engine/5.9.1/junit-jupiter-engine-5.9.1.jar
[0362f0a8-c3a8-4779-a834-898f6bb0d569/build]   | [INFO] Downloaded from central: https://repo.maven.apache.org/maven2/org/junit/platform/junit-platform-commons/1.9.1/junit-platform-commons-1.9.1.jar (103 kB at 2.3 MB/s)
[0362f0a8-c3a8-4779-a834-898f6bb0d569/build]   | [INFO] Downloading from central: https://repo.maven.apache.org/maven2/org/junit/platform/junit-platform-engine/1.9.1/junit-platform-engine-1.9.1.jar
[0362f0a8-c3a8-4779-a834-898f6bb0d569/build]   | [INFO] Downloaded from central: https://repo.maven.apache.org/maven2/org/junit/jupiter/junit-jupiter-engine/5.9.1/junit-jupiter-engine-5.9.1.jar (247 kB at 4.9 MB/s)
[0362f0a8-c3a8-4779-a834-898f6bb0d569/build]   | [INFO] Downloading from central: https://repo.maven.apache.org/maven2/org/assertj/assertj-core/3.24.1/assertj-core-3.24.1.jar
[0362f0a8-c3a8-4779-a834-898f6bb0d569/build]   | [INFO] Downloaded from central: https://repo.maven.apache.org/maven2/org/apiguardian/apiguardian-api/1.1.2/apiguardian-api-1.1.2.jar (6.8 kB at 126 kB/s)
[0362f0a8-c3a8-4779-a834-898f6bb0d569/build]   | [INFO] Downloading from central: https://repo.maven.apache.org/maven2/net/bytebuddy/byte-buddy/1.12.21/byte-buddy-1.12.21.jar
[0362f0a8-c3a8-4779-a834-898f6bb0d569/build]   | [INFO] Downloaded from central: https://repo.maven.apache.org/maven2/org/junit/jupiter/junit-jupiter-api/5.9.1/junit-jupiter-api-5.9.1.jar (208 kB at 2.1 MB/s)
[0362f0a8-c3a8-4779-a834-898f6bb0d569/build]   | [INFO] Downloaded from central: https://repo.maven.apache.org/maven2/org/junit/platform/junit-platform-engine/1.9.1/junit-platform-engine-1.9.1.jar (188 kB at 1.3 MB/s)
[0362f0a8-c3a8-4779-a834-898f6bb0d569/build]   | [INFO] Downloaded from central: https://repo.maven.apache.org/maven2/org/junit/jupiter/junit-jupiter-params/5.9.1/junit-jupiter-params-5.9.1.jar (579 kB at 3.0 MB/s)
[0362f0a8-c3a8-4779-a834-898f6bb0d569/build]   | [INFO] Downloaded from central: https://repo.maven.apache.org/maven2/org/assertj/assertj-core/3.24.1/assertj-core-3.24.1.jar (1.3 MB at 6.0 MB/s)
[0362f0a8-c3a8-4779-a834-898f6bb0d569/build]   | [INFO] Downloaded from central: https://repo.maven.apache.org/maven2/net/bytebuddy/byte-buddy/1.12.21/byte-buddy-1.12.21.jar (3.9 MB at 16 MB/s)
[0362f0a8-c3a8-4779-a834-898f6bb0d569/build]   | [INFO] 
[0362f0a8-c3a8-4779-a834-898f6bb0d569/build]   | [INFO] --- maven-resources-plugin:2.6:resources (default-resources) @ solarpositioning ---
[0362f0a8-c3a8-4779-a834-898f6bb0d569/build]   | [INFO] Downloading from central: https://repo.maven.apache.org/maven2/org/apache/maven/maven-plugin-api/2.0.6/maven-plugin-api-2.0.6.pom
[0362f0a8-c3a8-4779-a834-898f6bb0d569/build]   | [INFO] Downloaded from central: https://repo.maven.apache.org/maven2/org/apache/maven/maven-plugin-api/2.0.6/maven-plugin-api-2.0.6.pom (1.5 kB at 104 kB/s)
[0362f0a8-c3a8-4779-a834-898f6bb0d569/build]   | [INFO] Downloading from central: https://repo.maven.apache.org/maven2/org/apache/maven/maven/2.0.6/maven-2.0.6.pom
[0362f0a8-c3a8-4779-a834-898f6bb0d569/build]   | [INFO] Downloaded from central: https://repo.maven.apache.org/maven2/org/apache/maven/maven/2.0.6/maven-2.0.6.pom (9.0 kB at 754 kB/s)
[0362f0a8-c3a8-4779-a834-898f6bb0d569/build]   | [INFO] Downloading from central: https://repo.maven.apache.org/maven2/org/apache/maven/maven-parent/5/maven-parent-5.pom
[0362f0a8-c3a8-4779-a834-898f6bb0d569/build]   | [INFO] Downloaded from central: https://repo.maven.apache.org/maven2/org/apache/maven/maven-parent/5/maven-parent-5.pom (15 kB at 846 kB/s)
[0362f0a8-c3a8-4779-a834-898f6bb0d569/build]   | [INFO] Downloading from central: https://repo.maven.apache.org/maven2/org/apache/apache/3/apache-3.pom
[0362f0a8-c3a8-4779-a834-898f6bb0d569/build]   | [INFO] Downloaded from central: https://repo.maven.apache.org/maven2/org/apache/apache/3/apache-3.pom (3.4 kB at 191 kB/s)
[0362f0a8-c3a8-4779-a834-898f6bb0d569/build]   | [INFO] Downloading from central: https://repo.maven.apache.org/maven2/org/apache/maven/maven-project/2.0.6/maven-project-2.0.6.pom
[0362f0a8-c3a8-4779-a834-898f6bb0d569/build]   | [INFO] Downloaded from central: https://repo.maven.apache.org/maven2/org/apache/maven/maven-project/2.0.6/maven-project-2.0.6.pom (2.6 kB at 88 kB/s)
[0362f0a8-c3a8-4779-a834-898f6bb0d569/build]   | [INFO] Downloading from central: https://repo.maven.apache.org/maven2/org/apache/maven/maven-settings/2.0.6/maven-settings-2.0.6.pom
[0362f0a8-c3a8-4779-a834-898f6bb0d569/build]   | [INFO] Downloaded from central: https://repo.maven.apache.org/maven2/org/apache/maven/maven-settings/2.0.6/maven-settings-2.0.6.pom (2.0 kB at 133 kB/s)
[0362f0a8-c3a8-4779-a834-898f6bb0d569/build]   | [INFO] Downloading from central: https://repo.maven.apache.org/maven2/org/apache/maven/maven-model/2.0.6/maven-model-2.0.6.pom
[0362f0a8-c3a8-4779-a834-898f6bb0d569/build]   | [INFO] Downloaded from central: https://repo.maven.apache.org/maven2/org/apache/maven/maven-model/2.0.6/maven-model-2.0.6.pom (3.0 kB at 169 kB/s)
[0362f0a8-c3a8-4779-a834-898f6bb0d569/build]   | [INFO] Downloading from central: https://repo.maven.apache.org/maven2/org/codehaus/plexus/plexus-utils/1.4.1/plexus-utils-1.4.1.pom
[0362f0a8-c3a8-4779-a834-898f6bb0d569/build]   | [INFO] Downloaded from central: https://repo.maven.apache.org/maven2/org/codehaus/plexus/plexus-utils/1.4.1/plexus-utils-1.4.1.pom (1.9 kB at 112 kB/s)
[0362f0a8-c3a8-4779-a834-898f6bb0d569/build]   | [INFO] Downloading from central: https://repo.maven.apache.org/maven2/org/codehaus/plexus/plexus/1.0.11/plexus-1.0.11.pom
[0362f0a8-c3a8-4779-a834-898f6bb0d569/build]   | [INFO] Downloaded from central: https://repo.maven.apache.org/maven2/org/codehaus/plexus/plexus/1.0.11/plexus-1.0.11.pom (9.0 kB at 448 kB/s)
[0362f0a8-c3a8-4779-a834-898f6bb0d569/build]   | [INFO] Downloading from central: https://repo.maven.apache.org/maven2/org/codehaus/plexus/plexus-container-default/1.0-alpha-9-stable-1/plexus-container-default-1.0-alpha-9-stable-1.pom
[0362f0a8-c3a8-4779-a834-898f6bb0d569/build]   | [INFO] Downloaded from central: https://repo.maven.apache.org/maven2/org/codehaus/plexus/plexus-container-default/1.0-alpha-9-stable-1/plexus-container-default-1.0-alpha-9-stable-1.pom (3.9 kB at 141 kB/s)
[0362f0a8-c3a8-4779-a834-898f6bb0d569/build]   | [INFO] Downloading from central: https://repo.maven.apache.org/maven2/org/codehaus/plexus/plexus-containers/1.0.3/plexus-containers-1.0.3.pom
[0362f0a8-c3a8-4779-a834-898f6bb0d569/build]   | [INFO] Downloaded from central: https://repo.maven.apache.org/maven2/org/codehaus/plexus/plexus-containers/1.0.3/plexus-containers-1.0.3.pom (492 B at 27 kB/s)
[0362f0a8-c3a8-4779-a834-898f6bb0d569/build]   | [INFO] Downloading from central: https://repo.maven.apache.org/maven2/org/codehaus/plexus/plexus/1.0.4/plexus-1.0.4.pom
[0362f0a8-c3a8-4779-a834-898f6bb0d569/build]   | [INFO] Downloaded from central: https://repo.maven.apache.org/maven2/org/codehaus/plexus/plexus/1.0.4/plexus-1.0.4.pom (5.7 kB at 382 kB/s)
[0362f0a8-c3a8-4779-a834-898f6bb0d569/build]   | [INFO] Downloading from central: https://repo.maven.apache.org/maven2/junit/junit/3.8.1/junit-3.8.1.pom
[0362f0a8-c3a8-4779-a834-898f6bb0d569/build]   | [INFO] Downloaded from central: https://repo.maven.apache.org/maven2/junit/junit/3.8.1/junit-3.8.1.pom (998 B at 42 kB/s)
[0362f0a8-c3a8-4779-a834-898f6bb0d569/build]   | [INFO] Downloading from central: https://repo.maven.apache.org/maven2/org/codehaus/plexus/plexus-utils/1.0.4/plexus-utils-1.0.4.pom
[0362f0a8-c3a8-4779-a834-898f6bb0d569/build]   | [INFO] Downloaded from central: https://repo.maven.apache.org/maven2/org/codehaus/plexus/plexus-utils/1.0.4/plexus-utils-1.0.4.pom (6.9 kB at 403 kB/s)
[0362f0a8-c3a8-4779-a834-898f6bb0d569/build]   | [INFO] Downloading from central: https://repo.maven.apache.org/maven2/classworlds/classworlds/1.1-alpha-2/classworlds-1.1-alpha-2.pom
[0362f0a8-c3a8-4779-a834-898f6bb0d569/build]   | [INFO] Downloaded from central: https://repo.maven.apache.org/maven2/classworlds/classworlds/1.1-alpha-2/classworlds-1.1-alpha-2.pom (3.1 kB at 223 kB/s)
[0362f0a8-c3a8-4779-a834-898f6bb0d569/build]   | [INFO] Downloading from central: https://repo.maven.apache.org/maven2/org/apache/maven/maven-profile/2.0.6/maven-profile-2.0.6.pom
[0362f0a8-c3a8-4779-a834-898f6bb0d569/build]   | [INFO] Downloaded from central: https://repo.maven.apache.org/maven2/org/apache/maven/maven-profile/2.0.6/maven-profile-2.0.6.pom (2.0 kB at 165 kB/s)
[0362f0a8-c3a8-4779-a834-898f6bb0d569/build]   | [INFO] Downloading from central: https://repo.maven.apache.org/maven2/org/apache/maven/maven-artifact-manager/2.0.6/maven-artifact-manager-2.0.6.pom
[0362f0a8-c3a8-4779-a834-898f6bb0d569/build]   | [INFO] Downloaded from central: https://repo.maven.apache.org/maven2/org/apache/maven/maven-artifact-manager/2.0.6/maven-artifact-manager-2.0.6.pom (2.6 kB at 218 kB/s)
[0362f0a8-c3a8-4779-a834-898f6bb0d569/build]   | [INFO] Downloading from central: https://repo.maven.apache.org/maven2/org/apache/maven/maven-repository-metadata/2.0.6/maven-repository-metadata-2.0.6.pom
[0362f0a8-c3a8-4779-a834-898f6bb0d569/build]   | [INFO] Downloaded from central: https://repo.maven.apache.org/maven2/org/apache/maven/maven-repository-metadata/2.0.6/maven-repository-metadata-2.0.6.pom (1.9 kB at 88 kB/s)
[0362f0a8-c3a8-4779-a834-898f6bb0d569/build]   | [INFO] Downloading from central: https://repo.maven.apache.org/maven2/org/apache/maven/maven-artifact/2.0.6/maven-artifact-2.0.6.pom
[0362f0a8-c3a8-4779-a834-898f6bb0d569/build]   | [INFO] Downloaded from central: https://repo.maven.apache.org/maven2/org/apache/maven/maven-artifact/2.0.6/maven-artifact-2.0.6.pom (1.6 kB at 93 kB/s)
[0362f0a8-c3a8-4779-a834-898f6bb0d569/build]   | [INFO] Downloading from central: https://repo.maven.apache.org/maven2/org/apache/maven/maven-plugin-registry/2.0.6/maven-plugin-registry-2.0.6.pom
[0362f0a8-c3a8-4779-a834-898f6bb0d569/build]   | [INFO] Downloaded from central: https://repo.maven.apache.org/maven2/org/apache/maven/maven-plugin-registry/2.0.6/maven-plugin-registry-2.0.6.pom (1.9 kB at 195 kB/s)
[0362f0a8-c3a8-4779-a834-898f6bb0d569/build]   | [INFO] Downloading from central: https://repo.maven.apache.org/maven2/org/apache/maven/maven-core/2.0.6/maven-core-2.0.6.pom
[0362f0a8-c3a8-4779-a834-898f6bb0d569/build]   | [INFO] Downloaded from central: https://repo.maven.apache.org/maven2/org/apache/maven/maven-core/2.0.6/maven-core-2.0.6.pom (6.7 kB at 559 kB/s)
[0362f0a8-c3a8-4779-a834-898f6bb0d569/build]   | [INFO] Downloading from central: https://repo.maven.apache.org/maven2/org/apache/maven/maven-plugin-parameter-documenter/2.0.6/maven-plugin-parameter-documenter-2.0.6.pom
[0362f0a8-c3a8-4779-a834-898f6bb0d569/build]   | [INFO] Downloaded from central: https://repo.maven.apache.org/maven2/org/apache/maven/maven-plugin-parameter-documenter/2.0.6/maven-plugin-parameter-documenter-2.0.6.pom (1.9 kB at 119 kB/s)
[0362f0a8-c3a8-4779-a834-898f6bb0d569/build]   | [INFO] Downloading from central: https://repo.maven.apache.org/maven2/org/apache/maven/reporting/maven-reporting-api/2.0.6/maven-reporting-api-2.0.6.pom
[0362f0a8-c3a8-4779-a834-898f6bb0d569/build]   | [INFO] Downloaded from central: https://repo.maven.apache.org/maven2/org/apache/maven/reporting/maven-reporting-api/2.0.6/maven-reporting-api-2.0.6.pom (1.8 kB at 125 kB/s)
[0362f0a8-c3a8-4779-a834-898f6bb0d569/build]   | [INFO] Downloading from central: https://repo.maven.apache.org/maven2/org/apache/maven/reporting/maven-reporting/2.0.6/maven-reporting-2.0.6.pom
[0362f0a8-c3a8-4779-a834-898f6bb0d569/build]   | [INFO] Downloaded from central: https://repo.maven.apache.org/maven2/org/apache/maven/reporting/maven-reporting/2.0.6/maven-reporting-2.0.6.pom (1.4 kB at 206 kB/s)
[0362f0a8-c3a8-4779-a834-898f6bb0d569/build]   | [INFO] Downloading from central: https://repo.maven.apache.org/maven2/org/apache/maven/doxia/doxia-sink-api/1.0-alpha-7/doxia-sink-api-1.0-alpha-7.pom
[0362f0a8-c3a8-4779-a834-898f6bb0d569/build]   | [INFO] Downloaded from central: https://repo.maven.apache.org/maven2/org/apache/maven/doxia/doxia-sink-api/1.0-alpha-7/doxia-sink-api-1.0-alpha-7.pom (424 B at 16 kB/s)
[0362f0a8-c3a8-4779-a834-898f6bb0d569/build]   | [INFO] Downloading from central: https://repo.maven.apache.org/maven2/org/apache/maven/doxia/doxia/1.0-alpha-7/doxia-1.0-alpha-7.pom
[0362f0a8-c3a8-4779-a834-898f6bb0d569/build]   | [INFO] Downloaded from central: https://repo.maven.apache.org/maven2/org/apache/maven/doxia/doxia/1.0-alpha-7/doxia-1.0-alpha-7.pom (3.9 kB at 280 kB/s)
[0362f0a8-c3a8-4779-a834-898f6bb0d569/build]   | [INFO] Downloading from central: https://repo.maven.apache.org/maven2/org/apache/maven/maven-error-diagnostics/2.0.6/maven-error-diagnostics-2.0.6.pom
[0362f0a8-c3a8-4779-a834-898f6bb0d569/build]   | [INFO] Downloaded from central: https://repo.maven.apache.org/maven2/org/apache/maven/maven-error-diagnostics/2.0.6/maven-error-diagnostics-2.0.6.pom (1.7 kB at 284 kB/s)
[0362f0a8-c3a8-4779-a834-898f6bb0d569/build]   | [INFO] Downloading from central: https://repo.maven.apache.org/maven2/commons-cli/commons-cli/1.0/commons-cli-1.0.pom
[0362f0a8-c3a8-4779-a834-898f6bb0d569/build]   | [INFO] Downloaded from central: https://repo.maven.apache.org/maven2/commons-cli/commons-cli/1.0/commons-cli-1.0.pom (2.1 kB at 162 kB/s)
[0362f0a8-c3a8-4779-a834-898f6bb0d569/build]   | [INFO] Downloading from central: https://repo.maven.apache.org/maven2/org/apache/maven/maven-plugin-descriptor/2.0.6/maven-plugin-descriptor-2.0.6.pom
[0362f0a8-c3a8-4779-a834-898f6bb0d569/build]   | [INFO] Downloaded from central: https://repo.maven.apache.org/maven2/org/apache/maven/maven-plugin-descriptor/2.0.6/maven-plugin-descriptor-2.0.6.pom (2.0 kB at 126 kB/s)
[0362f0a8-c3a8-4779-a834-898f6bb0d569/build]   | [INFO] Downloading from central: https://repo.maven.apache.org/maven2/org/codehaus/plexus/plexus-interactivity-api/1.0-alpha-4/plexus-interactivity-api-1.0-alpha-4.pom
[0362f0a8-c3a8-4779-a834-898f6bb0d569/build]   | [INFO] Downloaded from central: https://repo.maven.apache.org/maven2/org/codehaus/plexus/plexus-interactivity-api/1.0-alpha-4/plexus-interactivity-api-1.0-alpha-4.pom (7.1 kB at 209 kB/s)
[0362f0a8-c3a8-4779-a834-898f6bb0d569/build]   | [INFO] Downloading from central: https://repo.maven.apache.org/maven2/org/apache/maven/maven-monitor/2.0.6/maven-monitor-2.0.6.pom
[0362f0a8-c3a8-4779-a834-898f6bb0d569/build]   | [INFO] Downloaded from central: https://repo.maven.apache.org/maven2/org/apache/maven/maven-monitor/2.0.6/maven-monitor-2.0.6.pom (1.3 kB at 78 kB/s)
[0362f0a8-c3a8-4779-a834-898f6bb0d569/build]   | [INFO] Downloading from central: https://repo.maven.apache.org/maven2/classworlds/classworlds/1.1/classworlds-1.1.pom
[0362f0a8-c3a8-4779-a834-898f6bb0d569/build]   | [INFO] Downloaded from central: https://repo.maven.apache.org/maven2/classworlds/classworlds/1.1/classworlds-1.1.pom (3.3 kB at 107 kB/s)
[0362f0a8-c3a8-4779-a834-898f6bb0d569/build]   | [INFO] Downloading from central: https://repo.maven.apache.org/maven2/org/codehaus/plexus/plexus-utils/2.0.5/plexus-utils-2.0.5.pom
[0362f0a8-c3a8-4779-a834-898f6bb0d569/build]   | [INFO] Downloaded from central: https://repo.maven.apache.org/maven2/org/codehaus/plexus/plexus-utils/2.0.5/plexus-utils-2.0.5.pom (3.3 kB at 111 kB/s)
[0362f0a8-c3a8-4779-a834-898f6bb0d569/build]   | [INFO] Downloading from central: https://repo.maven.apache.org/maven2/org/codehaus/plexus/plexus/2.0.6/plexus-2.0.6.pom
[0362f0a8-c3a8-4779-a834-898f6bb0d569/build]   | [INFO] Downloaded from central: https://repo.maven.apache.org/maven2/org/codehaus/plexus/plexus/2.0.6/plexus-2.0.6.pom (17 kB at 838 kB/s)
[0362f0a8-c3a8-4779-a834-898f6bb0d569/build]   | [INFO] Downloading from central: https://repo.maven.apache.org/maven2/org/apache/maven/shared/maven-filtering/1.1/maven-filtering-1.1.pom
[0362f0a8-c3a8-4779-a834-898f6bb0d569/build]   | [INFO] Downloaded from central: https://repo.maven.apache.org/maven2/org/apache/maven/shared/maven-filtering/1.1/maven-filtering-1.1.pom (5.8 kB at 305 kB/s)
[0362f0a8-c3a8-4779-a834-898f6bb0d569/build]   | [INFO] Downloading from central: https://repo.maven.apache.org/maven2/org/apache/maven/shared/maven-shared-components/17/maven-shared-components-17.pom
[0362f0a8-c3a8-4779-a834-898f6bb0d569/build]   | [INFO] Downloaded from central: https://repo.maven.apache.org/maven2/org/apache/maven/shared/maven-shared-components/17/maven-shared-components-17.pom (8.7 kB at 348 kB/s)
[0362f0a8-c3a8-4779-a834-898f6bb0d569/build]   | [INFO] Downloading from central: https://repo.maven.apache.org/maven2/org/codehaus/plexus/plexus-utils/1.5.15/plexus-utils-1.5.15.pom
[0362f0a8-c3a8-4779-a834-898f6bb0d569/build]   | [INFO] Downloaded from central: https://repo.maven.apache.org/maven2/org/codehaus/plexus/plexus-utils/1.5.15/plexus-utils-1.5.15.pom (6.8 kB at 360 kB/s)
[0362f0a8-c3a8-4779-a834-898f6bb0d569/build]   | [INFO] Downloading from central: https://repo.maven.apache.org/maven2/org/codehaus/plexus/plexus/2.0.2/plexus-2.0.2.pom
[0362f0a8-c3a8-4779-a834-898f6bb0d569/build]   | [INFO] Downloaded from central: https://repo.maven.apache.org/maven2/org/codehaus/plexus/plexus/2.0.2/plexus-2.0.2.pom (12 kB at 611 kB/s)
[0362f0a8-c3a8-4779-a834-898f6bb0d569/build]   | [INFO] Downloading from central: https://repo.maven.apache.org/maven2/org/codehaus/plexus/plexus-interpolation/1.12/plexus-interpolation-1.12.pom
[0362f0a8-c3a8-4779-a834-898f6bb0d569/build]   | [INFO] Downloaded from central: https://repo.maven.apache.org/maven2/org/codehaus/plexus/plexus-interpolation/1.12/plexus-interpolation-1.12.pom (889 B at 39 kB/s)
[0362f0a8-c3a8-4779-a834-898f6bb0d569/build]   | [INFO] Downloading from central: https://repo.maven.apache.org/maven2/org/codehaus/plexus/plexus-components/1.1.14/plexus-components-1.1.14.pom
[0362f0a8-c3a8-4779-a834-898f6bb0d569/build]   | [INFO] Downloaded from central: https://repo.maven.apache.org/maven2/org/codehaus/plexus/plexus-components/1.1.14/plexus-components-1.1.14.pom (5.8 kB at 389 kB/s)
[0362f0a8-c3a8-4779-a834-898f6bb0d569/build]   | [INFO] Downloading from central: https://repo.maven.apache.org/maven2/org/sonatype/plexus/plexus-build-api/0.0.4/plexus-build-api-0.0.4.pom
[0362f0a8-c3a8-4779-a834-898f6bb0d569/build]   | [INFO] Downloaded from central: https://repo.maven.apache.org/maven2/org/sonatype/plexus/plexus-build-api/0.0.4/plexus-build-api-0.0.4.pom (2.9 kB at 92 kB/s)
[0362f0a8-c3a8-4779-a834-898f6bb0d569/build]   | [INFO] Downloading from central: https://repo.maven.apache.org/maven2/org/sonatype/spice/spice-parent/10/spice-parent-10.pom
[0362f0a8-c3a8-4779-a834-898f6bb0d569/build]   | [INFO] Downloaded from central: https://repo.maven.apache.org/maven2/org/sonatype/spice/spice-parent/10/spice-parent-10.pom (3.0 kB at 151 kB/s)
[0362f0a8-c3a8-4779-a834-898f6bb0d569/build]   | [INFO] Downloading from central: https://repo.maven.apache.org/maven2/org/sonatype/forge/forge-parent/3/forge-parent-3.pom
[0362f0a8-c3a8-4779-a834-898f6bb0d569/build]   | [INFO] Downloaded from central: https://repo.maven.apache.org/maven2/org/sonatype/forge/forge-parent/3/forge-parent-3.pom (5.0 kB at 503 kB/s)
[0362f0a8-c3a8-4779-a834-898f6bb0d569/build]   | [INFO] Downloading from central: https://repo.maven.apache.org/maven2/org/codehaus/plexus/plexus-utils/1.5.8/plexus-utils-1.5.8.pom
[0362f0a8-c3a8-4779-a834-898f6bb0d569/build]   | [INFO] Downloaded from central: https://repo.maven.apache.org/maven2/org/codehaus/plexus/plexus-utils/1.5.8/plexus-utils-1.5.8.pom (8.1 kB at 620 kB/s)
[0362f0a8-c3a8-4779-a834-898f6bb0d569/build]   | [INFO] Downloading from central: https://repo.maven.apache.org/maven2/org/codehaus/plexus/plexus-interpolation/1.13/plexus-interpolation-1.13.pom
[0362f0a8-c3a8-4779-a834-898f6bb0d569/build]   | [INFO] Downloaded from central: https://repo.maven.apache.org/maven2/org/codehaus/plexus/plexus-interpolation/1.13/plexus-interpolation-1.13.pom (890 B at 25 kB/s)
[0362f0a8-c3a8-4779-a834-898f6bb0d569/build]   | [INFO] Downloading from central: https://repo.maven.apache.org/maven2/org/codehaus/plexus/plexus-components/1.1.15/plexus-components-1.1.15.pom
[0362f0a8-c3a8-4779-a834-898f6bb0d569/build]   | [INFO] Downloaded from central: https://repo.maven.apache.org/maven2/org/codehaus/plexus/plexus-components/1.1.15/plexus-components-1.1.15.pom (2.8 kB at 136 kB/s)
[0362f0a8-c3a8-4779-a834-898f6bb0d569/build]   | [INFO] Downloading from central: https://repo.maven.apache.org/maven2/org/codehaus/plexus/plexus/2.0.3/plexus-2.0.3.pom
[0362f0a8-c3a8-4779-a834-898f6bb0d569/build]   | [INFO] Downloaded from central: https://repo.maven.apache.org/maven2/org/codehaus/plexus/plexus/2.0.3/plexus-2.0.3.pom (15 kB at 644 kB/s)
[0362f0a8-c3a8-4779-a834-898f6bb0d569/build]   | [INFO] Downloading from central: https://repo.maven.apache.org/maven2/org/apache/maven/maven-plugin-api/2.0.6/maven-plugin-api-2.0.6.jar
[0362f0a8-c3a8-4779-a834-898f6bb0d569/build]   | [INFO] Downloading from central: https://repo.maven.apache.org/maven2/org/apache/maven/maven-project/2.0.6/maven-project-2.0.6.jar
[0362f0a8-c3a8-4779-a834-898f6bb0d569/build]   | [INFO] Downloading from central: https://repo.maven.apache.org/maven2/org/apache/maven/maven-profile/2.0.6/maven-profile-2.0.6.jar
[0362f0a8-c3a8-4779-a834-898f6bb0d569/build]   | [INFO] Downloading from central: https://repo.maven.apache.org/maven2/org/apache/maven/maven-plugin-registry/2.0.6/maven-plugin-registry-2.0.6.jar
[0362f0a8-c3a8-4779-a834-898f6bb0d569/build]   | [INFO] Downloading from central: https://repo.maven.apache.org/maven2/org/apache/maven/maven-artifact-manager/2.0.6/maven-artifact-manager-2.0.6.jar
[0362f0a8-c3a8-4779-a834-898f6bb0d569/build]   | [INFO] Downloaded from central: https://repo.maven.apache.org/maven2/org/apache/maven/maven-project/2.0.6/maven-project-2.0.6.jar (116 kB at 6.1 MB/s)
[0362f0a8-c3a8-4779-a834-898f6bb0d569/build]   | [INFO] Downloaded from central: https://repo.maven.apache.org/maven2/org/apache/maven/maven-plugin-api/2.0.6/maven-plugin-api-2.0.6.jar (13 kB at 677 kB/s)
[0362f0a8-c3a8-4779-a834-898f6bb0d569/build]   | [INFO] Downloading from central: https://repo.maven.apache.org/maven2/org/apache/maven/maven-core/2.0.6/maven-core-2.0.6.jar
[0362f0a8-c3a8-4779-a834-898f6bb0d569/build]   | [INFO] Downloading from central: https://repo.maven.apache.org/maven2/org/apache/maven/maven-plugin-parameter-documenter/2.0.6/maven-plugin-parameter-documenter-2.0.6.jar
[0362f0a8-c3a8-4779-a834-898f6bb0d569/build]   | [INFO] Downloaded from central: https://repo.maven.apache.org/maven2/org/apache/maven/maven-profile/2.0.6/maven-profile-2.0.6.jar (35 kB at 1.5 MB/s)
[0362f0a8-c3a8-4779-a834-898f6bb0d569/build]   | [INFO] Downloading from central: https://repo.maven.apache.org/maven2/org/apache/maven/reporting/maven-reporting-api/2.0.6/maven-reporting-api-2.0.6.jar
[0362f0a8-c3a8-4779-a834-898f6bb0d569/build]   | [INFO] Downloaded from central: https://repo.maven.apache.org/maven2/org/apache/maven/maven-plugin-registry/2.0.6/maven-plugin-registry-2.0.6.jar (29 kB at 1.2 MB/s)
[0362f0a8-c3a8-4779-a834-898f6bb0d569/build]   | [INFO] Downloading from central: https://repo.maven.apache.org/maven2/org/apache/maven/doxia/doxia-sink-api/1.0-alpha-7/doxia-sink-api-1.0-alpha-7.jar
[0362f0a8-c3a8-4779-a834-898f6bb0d569/build]   | [INFO] Downloaded from central: https://repo.maven.apache.org/maven2/org/apache/maven/maven-artifact-manager/2.0.6/maven-artifact-manager-2.0.6.jar (57 kB at 2.0 MB/s)
[0362f0a8-c3a8-4779-a834-898f6bb0d569/build]   | [INFO] Downloading from central: https://repo.maven.apache.org/maven2/org/apache/maven/maven-repository-metadata/2.0.6/maven-repository-metadata-2.0.6.jar
[0362f0a8-c3a8-4779-a834-898f6bb0d569/build]   | [INFO] Downloaded from central: https://repo.maven.apache.org/maven2/org/apache/maven/maven-plugin-parameter-documenter/2.0.6/maven-plugin-parameter-documenter-2.0.6.jar (21 kB at 442 kB/s)
[0362f0a8-c3a8-4779-a834-898f6bb0d569/build]   | [INFO] Downloading from central: https://repo.maven.apache.org/maven2/org/apache/maven/maven-error-diagnostics/2.0.6/maven-error-diagnostics-2.0.6.jar
[0362f0a8-c3a8-4779-a834-898f6bb0d569/build]   | [INFO] Downloaded from central: https://repo.maven.apache.org/maven2/org/apache/maven/reporting/maven-reporting-api/2.0.6/maven-reporting-api-2.0.6.jar (9.9 kB at 212 kB/s)
[0362f0a8-c3a8-4779-a834-898f6bb0d569/build]   | [INFO] Downloading from central: https://repo.maven.apache.org/maven2/commons-cli/commons-cli/1.0/commons-cli-1.0.jar
[0362f0a8-c3a8-4779-a834-898f6bb0d569/build]   | [INFO] Downloaded from central: https://repo.maven.apache.org/maven2/org/apache/maven/doxia/doxia-sink-api/1.0-alpha-7/doxia-sink-api-1.0-alpha-7.jar (5.9 kB at 126 kB/s)
[0362f0a8-c3a8-4779-a834-898f6bb0d569/build]   | [INFO] Downloading from central: https://repo.maven.apache.org/maven2/org/apache/maven/maven-plugin-descriptor/2.0.6/maven-plugin-descriptor-2.0.6.jar
[0362f0a8-c3a8-4779-a834-898f6bb0d569/build]   | [INFO] Downloaded from central: https://repo.maven.apache.org/maven2/org/apache/maven/maven-core/2.0.6/maven-core-2.0.6.jar (152 kB at 3.0 MB/s)
[0362f0a8-c3a8-4779-a834-898f6bb0d569/build]   | [INFO] Downloading from central: https://repo.maven.apache.org/maven2/org/codehaus/plexus/plexus-interactivity-api/1.0-alpha-4/plexus-interactivity-api-1.0-alpha-4.jar
[0362f0a8-c3a8-4779-a834-898f6bb0d569/build]   | [INFO] Downloaded from central: https://repo.maven.apache.org/maven2/org/apache/maven/maven-repository-metadata/2.0.6/maven-repository-metadata-2.0.6.jar (24 kB at 471 kB/s)
[0362f0a8-c3a8-4779-a834-898f6bb0d569/build]   | [INFO] Downloading from central: https://repo.maven.apache.org/maven2/classworlds/classworlds/1.1/classworlds-1.1.jar
[0362f0a8-c3a8-4779-a834-898f6bb0d569/build]   | [INFO] Downloaded from central: https://repo.maven.apache.org/maven2/org/apache/maven/maven-plugin-descriptor/2.0.6/maven-plugin-descriptor-2.0.6.jar (37 kB at 576 kB/s)
[0362f0a8-c3a8-4779-a834-898f6bb0d569/build]   | [INFO] Downloading from central: https://repo.maven.apache.org/maven2/org/apache/maven/maven-artifact/2.0.6/maven-artifact-2.0.6.jar
[0362f0a8-c3a8-4779-a834-898f6bb0d569/build]   | [INFO] Downloaded from central: https://repo.maven.apache.org/maven2/commons-cli/commons-cli/1.0/commons-cli-1.0.jar (30 kB at 443 kB/s)
[0362f0a8-c3a8-4779-a834-898f6bb0d569/build]   | [INFO] Downloading from central: https://repo.maven.apache.org/maven2/org/apache/maven/maven-settings/2.0.6/maven-settings-2.0.6.jar
[0362f0a8-c3a8-4779-a834-898f6bb0d569/build]   | [INFO] Downloaded from central: https://repo.maven.apache.org/maven2/classworlds/classworlds/1.1/classworlds-1.1.jar (38 kB at 526 kB/s)
[0362f0a8-c3a8-4779-a834-898f6bb0d569/build]   | [INFO] Downloading from central: https://repo.maven.apache.org/maven2/org/apache/maven/maven-model/2.0.6/maven-model-2.0.6.jar
[0362f0a8-c3a8-4779-a834-898f6bb0d569/build]   | [INFO] Downloaded from central: https://repo.maven.apache.org/maven2/org/codehaus/plexus/plexus-interactivity-api/1.0-alpha-4/plexus-interactivity-api-1.0-alpha-4.jar (13 kB at 179 kB/s)
[0362f0a8-c3a8-4779-a834-898f6bb0d569/build]   | [INFO] Downloading from central: https://repo.maven.apache.org/maven2/org/apache/maven/maven-monitor/2.0.6/maven-monitor-2.0.6.jar
[0362f0a8-c3a8-4779-a834-898f6bb0d569/build]   | [INFO] Downloaded from central: https://repo.maven.apache.org/maven2/org/apache/maven/maven-error-diagnostics/2.0.6/maven-error-diagnostics-2.0.6.jar (14 kB at 170 kB/s)
[0362f0a8-c3a8-4779-a834-898f6bb0d569/build]   | [INFO] Downloading from central: https://repo.maven.apache.org/maven2/org/codehaus/plexus/plexus-container-default/1.0-alpha-9-stable-1/plexus-container-default-1.0-alpha-9-stable-1.jar
[0362f0a8-c3a8-4779-a834-898f6bb0d569/build]   | [INFO] Downloaded from central: https://repo.maven.apache.org/maven2/org/apache/maven/maven-artifact/2.0.6/maven-artifact-2.0.6.jar (87 kB at 1.0 MB/s)
[0362f0a8-c3a8-4779-a834-898f6bb0d569/build]   | [INFO] Downloading from central: https://repo.maven.apache.org/maven2/junit/junit/3.8.1/junit-3.8.1.jar
[0362f0a8-c3a8-4779-a834-898f6bb0d569/build]   | [INFO] Downloaded from central: https://repo.maven.apache.org/maven2/org/apache/maven/maven-model/2.0.6/maven-model-2.0.6.jar (86 kB at 831 kB/s)
[0362f0a8-c3a8-4779-a834-898f6bb0d569/build]   | [INFO] Downloading from central: https://repo.maven.apache.org/maven2/org/codehaus/plexus/plexus-utils/2.0.5/plexus-utils-2.0.5.jar
[0362f0a8-c3a8-4779-a834-898f6bb0d569/build]   | [INFO] Downloaded from central: https://repo.maven.apache.org/maven2/org/apache/maven/maven-settings/2.0.6/maven-settings-2.0.6.jar (49 kB at 468 kB/s)
[0362f0a8-c3a8-4779-a834-898f6bb0d569/build]   | [INFO] Downloading from central: https://repo.maven.apache.org/maven2/org/apache/maven/shared/maven-filtering/1.1/maven-filtering-1.1.jar
[0362f0a8-c3a8-4779-a834-898f6bb0d569/build]   | [INFO] Downloaded from central: https://repo.maven.apache.org/maven2/org/apache/maven/maven-monitor/2.0.6/maven-monitor-2.0.6.jar (10 kB at 94 kB/s)
[0362f0a8-c3a8-4779-a834-898f6bb0d569/build]   | [INFO] Downloading from central: https://repo.maven.apache.org/maven2/org/sonatype/plexus/plexus-build-api/0.0.4/plexus-build-api-0.0.4.jar
[0362f0a8-c3a8-4779-a834-898f6bb0d569/build]   | [INFO] Downloaded from central: https://repo.maven.apache.org/maven2/org/codehaus/plexus/plexus-container-default/1.0-alpha-9-stable-1/plexus-container-default-1.0-alpha-9-stable-1.jar (194 kB at 1.7 MB/s)
[0362f0a8-c3a8-4779-a834-898f6bb0d569/build]   | [INFO] Downloading from central: https://repo.maven.apache.org/maven2/org/codehaus/plexus/plexus-interpolation/1.13/plexus-interpolation-1.13.jar
[0362f0a8-c3a8-4779-a834-898f6bb0d569/build]   | [INFO] Downloaded from central: https://repo.maven.apache.org/maven2/junit/junit/3.8.1/junit-3.8.1.jar (121 kB at 1.0 MB/s)
[0362f0a8-c3a8-4779-a834-898f6bb0d569/build]   | [INFO] Downloaded from central: https://repo.maven.apache.org/maven2/org/apache/maven/shared/maven-filtering/1.1/maven-filtering-1.1.jar (43 kB at 350 kB/s)
[0362f0a8-c3a8-4779-a834-898f6bb0d569/build]   | [INFO] Downloaded from central: https://repo.maven.apache.org/maven2/org/codehaus/plexus/plexus-utils/2.0.5/plexus-utils-2.0.5.jar (223 kB at 1.8 MB/s)
[0362f0a8-c3a8-4779-a834-898f6bb0d569/build]   | [INFO] Downloaded from central: https://repo.maven.apache.org/maven2/org/codehaus/plexus/plexus-interpolation/1.13/plexus-interpolation-1.13.jar (61 kB at 456 kB/s)
[0362f0a8-c3a8-4779-a834-898f6bb0d569/build]   | [INFO] Downloaded from central: https://repo.maven.apache.org/maven2/org/sonatype/plexus/plexus-build-api/0.0.4/plexus-build-api-0.0.4.jar (6.8 kB at 49 kB/s)
[0362f0a8-c3a8-4779-a834-898f6bb0d569/build]   | [INFO] Using 'UTF-8' encoding to copy filtered resources.
[0362f0a8-c3a8-4779-a834-898f6bb0d569/build]   | [INFO] skip non existing resourceDirectory /tmp/b61941d7-91d6-4b09-8e1b-1c379d96adef/src/main/resources
[0362f0a8-c3a8-4779-a834-898f6bb0d569/build]   | [INFO] 
[0362f0a8-c3a8-4779-a834-898f6bb0d569/build]   | [INFO] --- maven-compiler-plugin:3.10.1:compile (default-compile) @ solarpositioning ---
[0362f0a8-c3a8-4779-a834-898f6bb0d569/build]   | [INFO] Downloading from central: https://repo.maven.apache.org/maven2/org/apache/maven/shared/maven-shared-utils/3.3.4/maven-shared-utils-3.3.4.pom
[0362f0a8-c3a8-4779-a834-898f6bb0d569/build]   | [INFO] Downloaded from central: https://repo.maven.apache.org/maven2/org/apache/maven/shared/maven-shared-utils/3.3.4/maven-shared-utils-3.3.4.pom (5.8 kB at 177 kB/s)
[0362f0a8-c3a8-4779-a834-898f6bb0d569/build]   | [INFO] Downloading from central: https://repo.maven.apache.org/maven2/org/apache/maven/shared/maven-shared-components/34/maven-shared-components-34.pom
[0362f0a8-c3a8-4779-a834-898f6bb0d569/build]   | [INFO] Downloaded from central: https://repo.maven.apache.org/maven2/org/apache/maven/shared/maven-shared-components/34/maven-shared-components-34.pom (5.1 kB at 189 kB/s)
[0362f0a8-c3a8-4779-a834-898f6bb0d569/build]   | [INFO] Downloading from central: https://repo.maven.apache.org/maven2/commons-io/commons-io/2.6/commons-io-2.6.pom
[0362f0a8-c3a8-4779-a834-898f6bb0d569/build]   | [INFO] Downloaded from central: https://repo.maven.apache.org/maven2/commons-io/commons-io/2.6/commons-io-2.6.pom (14 kB at 432 kB/s)
[0362f0a8-c3a8-4779-a834-898f6bb0d569/build]   | [INFO] Downloading from central: https://repo.maven.apache.org/maven2/org/apache/commons/commons-parent/42/commons-parent-42.pom
[0362f0a8-c3a8-4779-a834-898f6bb0d569/build]   | [INFO] Downloaded from central: https://repo.maven.apache.org/maven2/org/apache/commons/commons-parent/42/commons-parent-42.pom (68 kB at 2.5 MB/s)
[0362f0a8-c3a8-4779-a834-898f6bb0d569/build]   | [INFO] Downloading from central: https://repo.maven.apache.org/maven2/org/apache/apache/18/apache-18.pom
[0362f0a8-c3a8-4779-a834-898f6bb0d569/build]   | [INFO] Downloaded from central: https://repo.maven.apache.org/maven2/org/apache/apache/18/apache-18.pom (16 kB at 1.0 MB/s)
[0362f0a8-c3a8-4779-a834-898f6bb0d569/build]   | [INFO] Downloading from central: https://repo.maven.apache.org/maven2/org/apache/maven/shared/maven-shared-incremental/1.1/maven-shared-incremental-1.1.pom
[0362f0a8-c3a8-4779-a834-898f6bb0d569/build]   | [INFO] Downloaded from central: https://repo.maven.apache.org/maven2/org/apache/maven/shared/maven-shared-incremental/1.1/maven-shared-incremental-1.1.pom (4.7 kB at 316 kB/s)
[0362f0a8-c3a8-4779-a834-898f6bb0d569/build]   | [INFO] Downloading from central: https://repo.maven.apache.org/maven2/org/apache/maven/shared/maven-shared-components/19/maven-shared-components-19.pom
[0362f0a8-c3a8-4779-a834-898f6bb0d569/build]   | [INFO] Downloaded from central: https://repo.maven.apache.org/maven2/org/apache/maven/shared/maven-shared-components/19/maven-shared-components-19.pom (6.4 kB at 454 kB/s)
[0362f0a8-c3a8-4779-a834-898f6bb0d569/build]   | [INFO] Downloading from central: https://repo.maven.apache.org/maven2/org/apache/maven/maven-parent/23/maven-parent-23.pom
[0362f0a8-c3a8-4779-a834-898f6bb0d569/build]   | [INFO] Downloaded from central: https://repo.maven.apache.org/maven2/org/apache/maven/maven-parent/23/maven-parent-23.pom (33 kB at 1.7 MB/s)
[0362f0a8-c3a8-4779-a834-898f6bb0d569/build]   | [INFO] Downloading from central: https://repo.maven.apache.org/maven2/org/apache/apache/13/apache-13.pom
[0362f0a8-c3a8-4779-a834-898f6bb0d569/build]   | [INFO] Downloaded from central: https://repo.maven.apache.org/maven2/org/apache/apache/13/apache-13.pom (14 kB at 466 kB/s)
[0362f0a8-c3a8-4779-a834-898f6bb0d569/build]   | [INFO] Downloading from central: https://repo.maven.apache.org/maven2/org/codehaus/plexus/plexus-component-annotations/2.0.0/plexus-component-annotations-2.0.0.pom
[0362f0a8-c3a8-4779-a834-898f6bb0d569/build]   | [INFO] Downloaded from central: https://repo.maven.apache.org/maven2/org/codehaus/plexus/plexus-component-annotations/2.0.0/plexus-component-annotations-2.0.0.pom (750 B at 30 kB/s)
[0362f0a8-c3a8-4779-a834-898f6bb0d569/build]   | [INFO] Downloading from central: https://repo.maven.apache.org/maven2/org/codehaus/plexus/plexus-containers/2.0.0/plexus-containers-2.0.0.pom
[0362f0a8-c3a8-4779-a834-898f6bb0d569/build]   | [INFO] Downloaded from central: https://repo.maven.apache.org/maven2/org/codehaus/plexus/plexus-containers/2.0.0/plexus-containers-2.0.0.pom (4.8 kB at 200 kB/s)
[0362f0a8-c3a8-4779-a834-898f6bb0d569/build]   | [INFO] Downloading from central: https://repo.maven.apache.org/maven2/org/codehaus/plexus/plexus/5.1/plexus-5.1.pom
[0362f0a8-c3a8-4779-a834-898f6bb0d569/build]   | [INFO] Downloaded from central: https://repo.maven.apache.org/maven2/org/codehaus/plexus/plexus/5.1/plexus-5.1.pom (23 kB at 900 kB/s)
[0362f0a8-c3a8-4779-a834-898f6bb0d569/build]   | [INFO] Downloading from central: https://repo.maven.apache.org/maven2/org/codehaus/plexus/plexus-java/1.1.1/plexus-java-1.1.1.pom
[0362f0a8-c3a8-4779-a834-898f6bb0d569/build]   | [INFO] Downloaded from central: https://repo.maven.apache.org/maven2/org/codehaus/plexus/plexus-java/1.1.1/plexus-java-1.1.1.pom (5.0 kB at 191 kB/s)
[0362f0a8-c3a8-4779-a834-898f6bb0d569/build]   | [INFO] Downloading from central: https://repo.maven.apache.org/maven2/org/codehaus/plexus/plexus-languages/1.1.1/plexus-languages-1.1.1.pom
[0362f0a8-c3a8-4779-a834-898f6bb0d569/build]   | [INFO] Downloaded from central: https://repo.maven.apache.org/maven2/org/codehaus/plexus/plexus-languages/1.1.1/plexus-languages-1.1.1.pom (4.6 kB at 171 kB/s)
[0362f0a8-c3a8-4779-a834-898f6bb0d569/build]   | [INFO] Downloading from central: https://repo.maven.apache.org/maven2/org/codehaus/plexus/plexus/8/plexus-8.pom
[0362f0a8-c3a8-4779-a834-898f6bb0d569/build]   | [INFO] Downloaded from central: https://repo.maven.apache.org/maven2/org/codehaus/plexus/plexus/8/plexus-8.pom (25 kB at 1.7 MB/s)
[0362f0a8-c3a8-4779-a834-898f6bb0d569/build]   | [INFO] Downloading from central: https://repo.maven.apache.org/maven2/org/ow2/asm/asm/9.2/asm-9.2.pom
[0362f0a8-c3a8-4779-a834-898f6bb0d569/build]   | [INFO] Downloaded from central: https://repo.maven.apache.org/maven2/org/ow2/asm/asm/9.2/asm-9.2.pom (2.4 kB at 148 kB/s)
[0362f0a8-c3a8-4779-a834-898f6bb0d569/build]   | [INFO] Downloading from central: https://repo.maven.apache.org/maven2/org/ow2/ow2/1.5/ow2-1.5.pom
[0362f0a8-c3a8-4779-a834-898f6bb0d569/build]   | [INFO] Downloaded from central: https://repo.maven.apache.org/maven2/org/ow2/ow2/1.5/ow2-1.5.pom (11 kB at 488 kB/s)
[0362f0a8-c3a8-4779-a834-898f6bb0d569/build]   | [INFO] Downloading from central: https://repo.maven.apache.org/maven2/com/thoughtworks/qdox/qdox/2.0.1/qdox-2.0.1.pom
[0362f0a8-c3a8-4779-a834-898f6bb0d569/build]   | [INFO] Downloaded from central: https://repo.maven.apache.org/maven2/com/thoughtworks/qdox/qdox/2.0.1/qdox-2.0.1.pom (16 kB at 843 kB/s)
[0362f0a8-c3a8-4779-a834-898f6bb0d569/build]   | [INFO] Downloading from central: https://repo.maven.apache.org/maven2/org/sonatype/oss/oss-parent/9/oss-parent-9.pom
[0362f0a8-c3a8-4779-a834-898f6bb0d569/build]   | [INFO] Downloaded from central: https://repo.maven.apache.org/maven2/org/sonatype/oss/oss-parent/9/oss-parent-9.pom (6.6 kB at 243 kB/s)
[0362f0a8-c3a8-4779-a834-898f6bb0d569/build]   | [INFO] Downloading from central: https://repo.maven.apache.org/maven2/org/codehaus/plexus/plexus-compiler-api/2.11.1/plexus-compiler-api-2.11.1.pom
[0362f0a8-c3a8-4779-a834-898f6bb0d569/build]   | [INFO] Downloaded from central: https://repo.maven.apache.org/maven2/org/codehaus/plexus/plexus-compiler-api/2.11.1/plexus-compiler-api-2.11.1.pom (1.1 kB at 50 kB/s)
[0362f0a8-c3a8-4779-a834-898f6bb0d569/build]   | [INFO] Downloading from central: https://repo.maven.apache.org/maven2/org/codehaus/plexus/plexus-compiler/2.11.1/plexus-compiler-2.11.1.pom
[0362f0a8-c3a8-4779-a834-898f6bb0d569/build]   | [INFO] Downloaded from central: https://repo.maven.apache.org/maven2/org/codehaus/plexus/plexus-compiler/2.11.1/plexus-compiler-2.11.1.pom (8.1 kB at 406 kB/s)
[0362f0a8-c3a8-4779-a834-898f6bb0d569/build]   | [INFO] Downloading from central: https://repo.maven.apache.org/maven2/org/codehaus/plexus/plexus-components/6.6/plexus-components-6.6.pom
[0362f0a8-c3a8-4779-a834-898f6bb0d569/build]   | [INFO] Downloaded from central: https://repo.maven.apache.org/maven2/org/codehaus/plexus/plexus-components/6.6/plexus-components-6.6.pom (2.7 kB at 107 kB/s)
[0362f0a8-c3a8-4779-a834-898f6bb0d569/build]   | [INFO] Downloading from central: https://repo.maven.apache.org/maven2/org/junit/junit-bom/5.8.2/junit-bom-5.8.2.pom
[0362f0a8-c3a8-4779-a834-898f6bb0d569/build]   | [INFO] Downloaded from central: https://repo.maven.apache.org/maven2/org/junit/junit-bom/5.8.2/junit-bom-5.8.2.pom (5.6 kB at 268 kB/s)
[0362f0a8-c3a8-4779-a834-898f6bb0d569/build]   | [INFO] Downloading from central: https://repo.maven.apache.org/maven2/org/codehaus/plexus/plexus-utils/3.4.1/plexus-utils-3.4.1.pom
[0362f0a8-c3a8-4779-a834-898f6bb0d569/build]   | [INFO] Downloaded from central: https://repo.maven.apache.org/maven2/org/codehaus/plexus/plexus-utils/3.4.1/plexus-utils-3.4.1.pom (8.0 kB at 468 kB/s)
[0362f0a8-c3a8-4779-a834-898f6bb0d569/build]   | [INFO] Downloading from central: https://repo.maven.apache.org/maven2/org/codehaus/plexus/plexus-compiler-manager/2.11.1/plexus-compiler-manager-2.11.1.pom
[0362f0a8-c3a8-4779-a834-898f6bb0d569/build]   | [INFO] Downloaded from central: https://repo.maven.apache.org/maven2/org/codehaus/plexus/plexus-compiler-manager/2.11.1/plexus-compiler-manager-2.11.1.pom (1.1 kB at 71 kB/s)
[0362f0a8-c3a8-4779-a834-898f6bb0d569/build]   | [INFO] Downloading from central: https://repo.maven.apache.org/maven2/org/codehaus/plexus/plexus-compiler-javac/2.11.1/plexus-compiler-javac-2.11.1.pom
[0362f0a8-c3a8-4779-a834-898f6bb0d569/build]   | [INFO] Downloaded from central: https://repo.maven.apache.org/maven2/org/codehaus/plexus/plexus-compiler-javac/2.11.1/plexus-compiler-javac-2.11.1.pom (1.2 kB at 67 kB/s)
[0362f0a8-c3a8-4779-a834-898f6bb0d569/build]   | [INFO] Downloading from central: https://repo.maven.apache.org/maven2/org/codehaus/plexus/plexus-compilers/2.11.1/plexus-compilers-2.11.1.pom
[0362f0a8-c3a8-4779-a834-898f6bb0d569/build]   | [INFO] Downloaded from central: https://repo.maven.apache.org/maven2/org/codehaus/plexus/plexus-compilers/2.11.1/plexus-compilers-2.11.1.pom (1.3 kB at 70 kB/s)
[0362f0a8-c3a8-4779-a834-898f6bb0d569/build]   | [INFO] Downloading from central: https://repo.maven.apache.org/maven2/org/apache/maven/shared/maven-shared-utils/3.3.4/maven-shared-utils-3.3.4.jar
[0362f0a8-c3a8-4779-a834-898f6bb0d569/build]   | [INFO] Downloading from central: https://repo.maven.apache.org/maven2/commons-io/commons-io/2.6/commons-io-2.6.jar
[0362f0a8-c3a8-4779-a834-898f6bb0d569/build]   | [INFO] Downloading from central: https://repo.maven.apache.org/maven2/org/apache/maven/shared/maven-shared-incremental/1.1/maven-shared-incremental-1.1.jar
[0362f0a8-c3a8-4779-a834-898f6bb0d569/build]   | [INFO] Downloading from central: https://repo.maven.apache.org/maven2/org/codehaus/plexus/plexus-component-annotations/2.0.0/plexus-component-annotations-2.0.0.jar
[0362f0a8-c3a8-4779-a834-898f6bb0d569/build]   | [INFO] Downloading from central: https://repo.maven.apache.org/maven2/org/codehaus/plexus/plexus-java/1.1.1/plexus-java-1.1.1.jar
[0362f0a8-c3a8-4779-a834-898f6bb0d569/build]   | [INFO] Downloaded from central: https://repo.maven.apache.org/maven2/org/apache/maven/shared/maven-shared-utils/3.3.4/maven-shared-utils-3.3.4.jar (153 kB at 7.7 MB/s)
[0362f0a8-c3a8-4779-a834-898f6bb0d569/build]   | [INFO] Downloading from central: https://repo.maven.apache.org/maven2/org/ow2/asm/asm/9.2/asm-9.2.jar
[0362f0a8-c3a8-4779-a834-898f6bb0d569/build]   | [INFO] Downloaded from central: https://repo.maven.apache.org/maven2/org/codehaus/plexus/plexus-component-annotations/2.0.0/plexus-component-annotations-2.0.0.jar (4.2 kB at 352 kB/s)
[0362f0a8-c3a8-4779-a834-898f6bb0d569/build]   | [INFO] Downloading from central: https://repo.maven.apache.org/maven2/com/thoughtworks/qdox/qdox/2.0.1/qdox-2.0.1.jar
[0362f0a8-c3a8-4779-a834-898f6bb0d569/build]   | [INFO] Downloaded from central: https://repo.maven.apache.org/maven2/org/apache/maven/shared/maven-shared-incremental/1.1/maven-shared-incremental-1.1.jar (14 kB at 1.0 MB/s)
[0362f0a8-c3a8-4779-a834-898f6bb0d569/build]   | [INFO] Downloading from central: https://repo.maven.apache.org/maven2/org/codehaus/plexus/plexus-compiler-api/2.11.1/plexus-compiler-api-2.11.1.jar
[0362f0a8-c3a8-4779-a834-898f6bb0d569/build]   | [INFO] Downloaded from central: https://repo.maven.apache.org/maven2/org/codehaus/plexus/plexus-java/1.1.1/plexus-java-1.1.1.jar (54 kB at 3.6 MB/s)
[0362f0a8-c3a8-4779-a834-898f6bb0d569/build]   | [INFO] Downloading from central: https://repo.maven.apache.org/maven2/org/codehaus/plexus/plexus-utils/3.4.1/plexus-utils-3.4.1.jar
[0362f0a8-c3a8-4779-a834-898f6bb0d569/build]   | [INFO] Downloaded from central: https://repo.maven.apache.org/maven2/commons-io/commons-io/2.6/commons-io-2.6.jar (215 kB at 8.3 MB/s)
[0362f0a8-c3a8-4779-a834-898f6bb0d569/build]   | [INFO] Downloading from central: https://repo.maven.apache.org/maven2/org/codehaus/plexus/plexus-compiler-manager/2.11.1/plexus-compiler-manager-2.11.1.jar
[0362f0a8-c3a8-4779-a834-898f6bb0d569/build]   | [INFO] Downloaded from central: https://repo.maven.apache.org/maven2/org/codehaus/plexus/plexus-compiler-api/2.11.1/plexus-compiler-api-2.11.1.jar (27 kB at 1.2 MB/s)
[0362f0a8-c3a8-4779-a834-898f6bb0d569/build]   | [INFO] Downloading from central: https://repo.maven.apache.org/maven2/org/codehaus/plexus/plexus-compiler-javac/2.11.1/plexus-compiler-javac-2.11.1.jar
[0362f0a8-c3a8-4779-a834-898f6bb0d569/build]   | [INFO] Downloaded from central: https://repo.maven.apache.org/maven2/org/ow2/asm/asm/9.2/asm-9.2.jar (122 kB at 5.1 MB/s)
[0362f0a8-c3a8-4779-a834-898f6bb0d569/build]   | [INFO] Downloaded from central: https://repo.maven.apache.org/maven2/org/codehaus/plexus/plexus-compiler-manager/2.11.1/plexus-compiler-manager-2.11.1.jar (4.7 kB at 126 kB/s)
[0362f0a8-c3a8-4779-a834-898f6bb0d569/build]   | [INFO] Downloaded from central: https://repo.maven.apache.org/maven2/com/thoughtworks/qdox/qdox/2.0.1/qdox-2.0.1.jar (334 kB at 9.0 MB/s)
[0362f0a8-c3a8-4779-a834-898f6bb0d569/build]   | [INFO] Downloaded from central: https://repo.maven.apache.org/maven2/org/codehaus/plexus/plexus-compiler-javac/2.11.1/plexus-compiler-javac-2.11.1.jar (23 kB at 571 kB/s)
[0362f0a8-c3a8-4779-a834-898f6bb0d569/build]   | [INFO] Downloaded from central: https://repo.maven.apache.org/maven2/org/codehaus/plexus/plexus-utils/3.4.1/plexus-utils-3.4.1.jar (264 kB at 6.3 MB/s)
[0362f0a8-c3a8-4779-a834-898f6bb0d569/build]   | [INFO] Changes detected - recompiling the module!
[0362f0a8-c3a8-4779-a834-898f6bb0d569/build]   | [INFO] Compiling 6 source files to /tmp/b61941d7-91d6-4b09-8e1b-1c379d96adef/target/classes
[0362f0a8-c3a8-4779-a834-898f6bb0d569/build]   | [INFO] 
[0362f0a8-c3a8-4779-a834-898f6bb0d569/build]   | [INFO] --- maven-resources-plugin:2.6:testResources (default-testResources) @ solarpositioning ---
[0362f0a8-c3a8-4779-a834-898f6bb0d569/build]   | [INFO] Using 'UTF-8' encoding to copy filtered resources.
[0362f0a8-c3a8-4779-a834-898f6bb0d569/build]   | [INFO] Copying 10 resources
[0362f0a8-c3a8-4779-a834-898f6bb0d569/build]   | [INFO] 
[0362f0a8-c3a8-4779-a834-898f6bb0d569/build]   | [INFO] --- maven-compiler-plugin:3.10.1:testCompile (default-testCompile) @ solarpositioning ---
[0362f0a8-c3a8-4779-a834-898f6bb0d569/build]   | [INFO] Changes detected - recompiling the module!
[0362f0a8-c3a8-4779-a834-898f6bb0d569/build]   | [INFO] Compiling 5 source files to /tmp/b61941d7-91d6-4b09-8e1b-1c379d96adef/target/test-classes
[0362f0a8-c3a8-4779-a834-898f6bb0d569/build]   | [INFO] 
[0362f0a8-c3a8-4779-a834-898f6bb0d569/build]   | [INFO] --- maven-surefire-plugin:3.0.0-M7:test (default-test) @ solarpositioning ---
[0362f0a8-c3a8-4779-a834-898f6bb0d569/build]   | [INFO] Downloading from central: https://repo.maven.apache.org/maven2/org/apache/maven/surefire/maven-surefire-common/3.0.0-M7/maven-surefire-common-3.0.0-M7.pom
[0362f0a8-c3a8-4779-a834-898f6bb0d569/build]   | [INFO] Downloaded from central: https://repo.maven.apache.org/maven2/org/apache/maven/surefire/maven-surefire-common/3.0.0-M7/maven-surefire-common-3.0.0-M7.pom (6.5 kB at 462 kB/s)
[0362f0a8-c3a8-4779-a834-898f6bb0d569/build]   | [INFO] Downloading from central: https://repo.maven.apache.org/maven2/org/apache/maven/surefire/surefire-api/3.0.0-M7/surefire-api-3.0.0-M7.pom
[0362f0a8-c3a8-4779-a834-898f6bb0d569/build]   | [INFO] Downloaded from central: https://repo.maven.apache.org/maven2/org/apache/maven/surefire/surefire-api/3.0.0-M7/surefire-api-3.0.0-M7.pom (3.4 kB at 424 kB/s)
[0362f0a8-c3a8-4779-a834-898f6bb0d569/build]   | [INFO] Downloading from central: https://repo.maven.apache.org/maven2/org/apache/maven/surefire/surefire-logger-api/3.0.0-M7/surefire-logger-api-3.0.0-M7.pom
[0362f0a8-c3a8-4779-a834-898f6bb0d569/build]   | [INFO] Downloaded from central: https://repo.maven.apache.org/maven2/org/apache/maven/surefire/surefire-logger-api/3.0.0-M7/surefire-logger-api-3.0.0-M7.pom (3.6 kB at 89 kB/s)
[0362f0a8-c3a8-4779-a834-898f6bb0d569/build]   | [INFO] Downloading from central: https://repo.maven.apache.org/maven2/org/apache/maven/surefire/surefire-shared-utils/3.0.0-M7/surefire-shared-utils-3.0.0-M7.pom
[0362f0a8-c3a8-4779-a834-898f6bb0d569/build]   | [INFO] Downloaded from central: https://repo.maven.apache.org/maven2/org/apache/maven/surefire/surefire-shared-utils/3.0.0-M7/surefire-shared-utils-3.0.0-M7.pom (3.9 kB at 121 kB/s)
[0362f0a8-c3a8-4779-a834-898f6bb0d569/build]   | [INFO] Downloading from central: https://repo.maven.apache.org/maven2/org/apache/maven/surefire/surefire-extensions-api/3.0.0-M7/surefire-extensions-api-3.0.0-M7.pom
[0362f0a8-c3a8-4779-a834-898f6bb0d569/build]   | [INFO] Downloaded from central: https://repo.maven.apache.org/maven2/org/apache/maven/surefire/surefire-extensions-api/3.0.0-M7/surefire-extensions-api-3.0.0-M7.pom (3.6 kB at 33 kB/s)
[0362f0a8-c3a8-4779-a834-898f6bb0d569/build]   | [INFO] Downloading from central: https://repo.maven.apache.org/maven2/org/apache/maven/surefire/surefire-booter/3.0.0-M7/surefire-booter-3.0.0-M7.pom
[0362f0a8-c3a8-4779-a834-898f6bb0d569/build]   | [INFO] Downloaded from central: https://repo.maven.apache.org/maven2/org/apache/maven/surefire/surefire-booter/3.0.0-M7/surefire-booter-3.0.0-M7.pom (4.4 kB at 58 kB/s)
[0362f0a8-c3a8-4779-a834-898f6bb0d569/build]   | [INFO] Downloading from central: https://repo.maven.apache.org/maven2/org/apache/maven/surefire/surefire-extensions-spi/3.0.0-M7/surefire-extensions-spi-3.0.0-M7.pom
[0362f0a8-c3a8-4779-a834-898f6bb0d569/build]   | [INFO] Downloaded from central: https://repo.maven.apache.org/maven2/org/apache/maven/surefire/surefire-extensions-spi/3.0.0-M7/surefire-extensions-spi-3.0.0-M7.pom (1.8 kB at 95 kB/s)
[0362f0a8-c3a8-4779-a834-898f6bb0d569/build]   | [INFO] Downloading from central: https://repo.maven.apache.org/maven2/org/apache/maven/shared/maven-common-artifact-filters/3.1.1/maven-common-artifact-filters-3.1.1.pom
[0362f0a8-c3a8-4779-a834-898f6bb0d569/build]   | [INFO] Downloaded from central: https://repo.maven.apache.org/maven2/org/apache/maven/shared/maven-common-artifact-filters/3.1.1/maven-common-artifact-filters-3.1.1.pom (5.8 kB at 305 kB/s)
[0362f0a8-c3a8-4779-a834-898f6bb0d569/build]   | [INFO] Downloading from central: https://repo.maven.apache.org/maven2/org/apache/maven/maven-artifact/3.2.5/maven-artifact-3.2.5.pom
[0362f0a8-c3a8-4779-a834-898f6bb0d569/build]   | [INFO] Downloaded from central: https://repo.maven.apache.org/maven2/org/apache/maven/maven-artifact/3.2.5/maven-artifact-3.2.5.pom (2.3 kB at 470 kB/s)
[0362f0a8-c3a8-4779-a834-898f6bb0d569/build]   | [INFO] Downloading from central: https://repo.maven.apache.org/maven2/org/apache/maven/maven/3.2.5/maven-3.2.5.pom
[0362f0a8-c3a8-4779-a834-898f6bb0d569/build]   | [INFO] Downloaded from central: https://repo.maven.apache.org/maven2/org/apache/maven/maven/3.2.5/maven-3.2.5.pom (22 kB at 392 kB/s)
[0362f0a8-c3a8-4779-a834-898f6bb0d569/build]   | [INFO] Downloading from central: https://repo.maven.apache.org/maven2/org/apache/maven/maven-parent/25/maven-parent-25.pom
[0362f0a8-c3a8-4779-a834-898f6bb0d569/build]   | [INFO] Downloaded from central: https://repo.maven.apache.org/maven2/org/apache/maven/maven-parent/25/maven-parent-25.pom (37 kB at 1.1 MB/s)
[0362f0a8-c3a8-4779-a834-898f6bb0d569/build]   | [INFO] Downloading from central: https://repo.maven.apache.org/maven2/org/apache/apache/15/apache-15.pom
[0362f0a8-c3a8-4779-a834-898f6bb0d569/build]   | [INFO] Downloaded from central: https://repo.maven.apache.org/maven2/org/apache/apache/15/apache-15.pom (15 kB at 846 kB/s)
[0362f0a8-c3a8-4779-a834-898f6bb0d569/build]   | [INFO] Downloading from central: https://repo.maven.apache.org/maven2/org/codehaus/plexus/plexus-utils/3.3.0/plexus-utils-3.3.0.pom
[0362f0a8-c3a8-4779-a834-898f6bb0d569/build]   | [INFO] Downloaded from central: https://repo.maven.apache.org/maven2/org/codehaus/plexus/plexus-utils/3.3.0/plexus-utils-3.3.0.pom (5.2 kB at 518 kB/s)
[0362f0a8-c3a8-4779-a834-898f6bb0d569/build]   | [INFO] Downloading from central: https://repo.maven.apache.org/maven2/org/apache/maven/maven-core/3.2.5/maven-core-3.2.5.pom
[0362f0a8-c3a8-4779-a834-898f6bb0d569/build]   | [INFO] Downloaded from central: https://repo.maven.apache.org/maven2/org/apache/maven/maven-core/3.2.5/maven-core-3.2.5.pom (8.1 kB at 896 kB/s)
[0362f0a8-c3a8-4779-a834-898f6bb0d569/build]   | [INFO] Downloading from central: https://repo.maven.apache.org/maven2/org/apache/maven/maven-settings/3.2.5/maven-settings-3.2.5.pom
[0362f0a8-c3a8-4779-a834-898f6bb0d569/build]   | [INFO] Downloaded from central: https://repo.maven.apache.org/maven2/org/apache/maven/maven-settings/3.2.5/maven-settings-3.2.5.pom (2.2 kB at 362 kB/s)
[0362f0a8-c3a8-4779-a834-898f6bb0d569/build]   | [INFO] Downloading from central: https://repo.maven.apache.org/maven2/org/apache/maven/maven-settings-builder/3.2.5/maven-settings-builder-3.2.5.pom
[0362f0a8-c3a8-4779-a834-898f6bb0d569/build]   | [INFO] Downloaded from central: https://repo.maven.apache.org/maven2/org/apache/maven/maven-settings-builder/3.2.5/maven-settings-builder-3.2.5.pom (2.6 kB at 324 kB/s)
[0362f0a8-c3a8-4779-a834-898f6bb0d569/build]   | [INFO] Downloading from central: https://repo.maven.apache.org/maven2/org/codehaus/plexus/plexus-interpolation/1.21/plexus-interpolation-1.21.pom
[0362f0a8-c3a8-4779-a834-898f6bb0d569/build]   | [INFO] Downloaded from central: https://repo.maven.apache.org/maven2/org/codehaus/plexus/plexus-interpolation/1.21/plexus-interpolation-1.21.pom (1.5 kB at 110 kB/s)
[0362f0a8-c3a8-4779-a834-898f6bb0d569/build]   | [INFO] Downloading from central: https://repo.maven.apache.org/maven2/org/codehaus/plexus/plexus-components/1.3.1/plexus-components-1.3.1.pom
[0362f0a8-c3a8-4779-a834-898f6bb0d569/build]   | [INFO] Downloaded from central: https://repo.maven.apache.org/maven2/org/codehaus/plexus/plexus-components/1.3.1/plexus-components-1.3.1.pom (3.1 kB at 511 kB/s)
[0362f0a8-c3a8-4779-a834-898f6bb0d569/build]   | [INFO] Downloading from central: https://repo.maven.apache.org/maven2/org/codehaus/plexus/plexus/3.3.1/plexus-3.3.1.pom
[0362f0a8-c3a8-4779-a834-898f6bb0d569/build]   | [INFO] Downloaded from central: https://repo.maven.apache.org/maven2/org/codehaus/plexus/plexus/3.3.1/plexus-3.3.1.pom (20 kB at 1.4 MB/s)
[0362f0a8-c3a8-4779-a834-898f6bb0d569/build]   | [INFO] Downloading from central: https://repo.maven.apache.org/maven2/org/sonatype/spice/spice-parent/17/spice-parent-17.pom
[0362f0a8-c3a8-4779-a834-898f6bb0d569/build]   | [INFO] Downloaded from central: https://repo.maven.apache.org/maven2/org/sonatype/spice/spice-parent/17/spice-parent-17.pom (6.8 kB at 169 kB/s)
[0362f0a8-c3a8-4779-a834-898f6bb0d569/build]   | [INFO] Downloading from central: https://repo.maven.apache.org/maven2/org/sonatype/forge/forge-parent/10/forge-parent-10.pom
[0362f0a8-c3a8-4779-a834-898f6bb0d569/build]   | [INFO] Downloaded from central: https://repo.maven.apache.org/maven2/org/sonatype/forge/forge-parent/10/forge-parent-10.pom (14 kB at 2.3 MB/s)
[0362f0a8-c3a8-4779-a834-898f6bb0d569/build]   | [INFO] Downloading from central: https://repo.maven.apache.org/maven2/org/codehaus/plexus/plexus-component-annotations/2.1.1/plexus-component-annotations-2.1.1.pom
[0362f0a8-c3a8-4779-a834-898f6bb0d569/build]   | [INFO] Downloaded from central: https://repo.maven.apache.org/maven2/org/codehaus/plexus/plexus-component-annotations/2.1.1/plexus-component-annotations-2.1.1.pom (770 B at 41 kB/s)
[0362f0a8-c3a8-4779-a834-898f6bb0d569/build]   | [INFO] Downloading from central: https://repo.maven.apache.org/maven2/org/codehaus/plexus/plexus-containers/2.1.1/plexus-containers-2.1.1.pom
[0362f0a8-c3a8-4779-a834-898f6bb0d569/build]   | [INFO] Downloaded from central: https://repo.maven.apache.org/maven2/org/codehaus/plexus/plexus-containers/2.1.1/plexus-containers-2.1.1.pom (6.0 kB at 377 kB/s)
[0362f0a8-c3a8-4779-a834-898f6bb0d569/build]   | [INFO] Downloading from central: https://repo.maven.apache.org/maven2/org/codehaus/plexus/plexus/6.5/plexus-6.5.pom
[0362f0a8-c3a8-4779-a834-898f6bb0d569/build]   | [INFO] Downloaded from central: https://repo.maven.apache.org/maven2/org/codehaus/plexus/plexus/6.5/plexus-6.5.pom (26 kB at 2.6 MB/s)
[0362f0a8-c3a8-4779-a834-898f6bb0d569/build]   | [INFO] Downloading from central: https://repo.maven.apache.org/maven2/org/sonatype/plexus/plexus-sec-dispatcher/1.3/plexus-sec-dispatcher-1.3.pom
[0362f0a8-c3a8-4779-a834-898f6bb0d569/build]   | [INFO] Downloaded from central: https://repo.maven.apache.org/maven2/org/sonatype/plexus/plexus-sec-dispatcher/1.3/plexus-sec-dispatcher-1.3.pom (3.0 kB at 423 kB/s)
[0362f0a8-c3a8-4779-a834-898f6bb0d569/build]   | [INFO] Downloading from central: https://repo.maven.apache.org/maven2/org/sonatype/spice/spice-parent/12/spice-parent-12.pom
[0362f0a8-c3a8-4779-a834-898f6bb0d569/build]   | [INFO] Downloaded from central: https://repo.maven.apache.org/maven2/org/sonatype/spice/spice-parent/12/spice-parent-12.pom (6.8 kB at 755 kB/s)
[0362f0a8-c3a8-4779-a834-898f6bb0d569/build]   | [INFO] Downloading from central: https://repo.maven.apache.org/maven2/org/sonatype/forge/forge-parent/4/forge-parent-4.pom
[0362f0a8-c3a8-4779-a834-898f6bb0d569/build]   | [INFO] Downloaded from central: https://repo.maven.apache.org/maven2/org/sonatype/forge/forge-parent/4/forge-parent-4.pom (8.4 kB at 1.4 MB/s)
[0362f0a8-c3a8-4779-a834-898f6bb0d569/build]   | [INFO] Downloading from central: https://repo.maven.apache.org/maven2/org/sonatype/plexus/plexus-cipher/1.4/plexus-cipher-1.4.pom
[0362f0a8-c3a8-4779-a834-898f6bb0d569/build]   | [INFO] Downloaded from central: https://repo.maven.apache.org/maven2/org/sonatype/plexus/plexus-cipher/1.4/plexus-cipher-1.4.pom (2.1 kB at 172 kB/s)
[0362f0a8-c3a8-4779-a834-898f6bb0d569/build]   | [INFO] Downloading from central: https://repo.maven.apache.org/maven2/org/apache/maven/maven-repository-metadata/3.2.5/maven-repository-metadata-3.2.5.pom
[0362f0a8-c3a8-4779-a834-898f6bb0d569/build]   | [INFO] Downloaded from central: https://repo.maven.apache.org/maven2/org/apache/maven/maven-repository-metadata/3.2.5/maven-repository-metadata-3.2.5.pom (2.2 kB at 223 kB/s)
[0362f0a8-c3a8-4779-a834-898f6bb0d569/build]   | [INFO] Downloading from central: https://repo.maven.apache.org/maven2/org/apache/maven/maven-plugin-api/3.2.5/maven-plugin-api-3.2.5.pom
[0362f0a8-c3a8-4779-a834-898f6bb0d569/build]   | [INFO] Downloaded from central: https://repo.maven.apache.org/maven2/org/apache/maven/maven-plugin-api/3.2.5/maven-plugin-api-3.2.5.pom (3.0 kB at 303 kB/s)
[0362f0a8-c3a8-4779-a834-898f6bb0d569/build]   | [INFO] Downloading from central: https://repo.maven.apache.org/maven2/org/eclipse/sisu/org.eclipse.sisu.plexus/0.3.5/org.eclipse.sisu.plexus-0.3.5.pom
[0362f0a8-c3a8-4779-a834-898f6bb0d569/build]   | [INFO] Downloaded from central: https://repo.maven.apache.org/maven2/org/eclipse/sisu/org.eclipse.sisu.plexus/0.3.5/org.eclipse.sisu.plexus-0.3.5.pom (4.3 kB at 612 kB/s)
[0362f0a8-c3a8-4779-a834-898f6bb0d569/build]   | [INFO] Downloading from central: https://repo.maven.apache.org/maven2/org/eclipse/sisu/sisu-plexus/0.3.5/sisu-plexus-0.3.5.pom
[0362f0a8-c3a8-4779-a834-898f6bb0d569/build]   | [INFO] Downloaded from central: https://repo.maven.apache.org/maven2/org/eclipse/sisu/sisu-plexus/0.3.5/sisu-plexus-0.3.5.pom (14 kB at 2.0 MB/s)
[0362f0a8-c3a8-4779-a834-898f6bb0d569/build]   | [INFO] Downloading from central: https://repo.maven.apache.org/maven2/javax/annotation/javax.annotation-api/1.2/javax.annotation-api-1.2.pom
[0362f0a8-c3a8-4779-a834-898f6bb0d569/build]   | [INFO] Downloaded from central: https://repo.maven.apache.org/maven2/javax/annotation/javax.annotation-api/1.2/javax.annotation-api-1.2.pom (13 kB at 1.0 MB/s)
[0362f0a8-c3a8-4779-a834-898f6bb0d569/build]   | [INFO] Downloading from central: https://repo.maven.apache.org/maven2/net/java/jvnet-parent/3/jvnet-parent-3.pom
[0362f0a8-c3a8-4779-a834-898f6bb0d569/build]   | [INFO] Downloaded from central: https://repo.maven.apache.org/maven2/net/java/jvnet-parent/3/jvnet-parent-3.pom (4.8 kB at 368 kB/s)
[0362f0a8-c3a8-4779-a834-898f6bb0d569/build]   | [INFO] Downloading from central: https://repo.maven.apache.org/maven2/javax/enterprise/cdi-api/1.2/cdi-api-1.2.pom
[0362f0a8-c3a8-4779-a834-898f6bb0d569/build]   | [INFO] Downloaded from central: https://repo.maven.apache.org/maven2/javax/enterprise/cdi-api/1.2/cdi-api-1.2.pom (6.3 kB at 697 kB/s)
[0362f0a8-c3a8-4779-a834-898f6bb0d569/build]   | [INFO] Downloading from central: https://repo.maven.apache.org/maven2/org/jboss/weld/weld-parent/26/weld-parent-26.pom
[0362f0a8-c3a8-4779-a834-898f6bb0d569/build]   | [INFO] Downloaded from central: https://repo.maven.apache.org/maven2/org/jboss/weld/weld-parent/26/weld-parent-26.pom (32 kB at 3.6 MB/s)
[0362f0a8-c3a8-4779-a834-898f6bb0d569/build]   | [INFO] Downloading from central: https://repo.maven.apache.org/maven2/javax/inject/javax.inject/1/javax.inject-1.pom
[0362f0a8-c3a8-4779-a834-898f6bb0d569/build]   | [INFO] Downloaded from central: https://repo.maven.apache.org/maven2/javax/inject/javax.inject/1/javax.inject-1.pom (612 B at 51 kB/s)
[0362f0a8-c3a8-4779-a834-898f6bb0d569/build]   | [INFO] Downloading from central: https://repo.maven.apache.org/maven2/org/eclipse/sisu/org.eclipse.sisu.inject/0.3.5/org.eclipse.sisu.inject-0.3.5.pom
[0362f0a8-c3a8-4779-a834-898f6bb0d569/build]   | [INFO] Downloaded from central: https://repo.maven.apache.org/maven2/org/eclipse/sisu/org.eclipse.sisu.inject/0.3.5/org.eclipse.sisu.inject-0.3.5.pom (2.6 kB at 175 kB/s)
[0362f0a8-c3a8-4779-a834-898f6bb0d569/build]   | [INFO] Downloading from central: https://repo.maven.apache.org/maven2/org/eclipse/sisu/sisu-inject/0.3.5/sisu-inject-0.3.5.pom
[0362f0a8-c3a8-4779-a834-898f6bb0d569/build]   | [INFO] Downloaded from central: https://repo.maven.apache.org/maven2/org/eclipse/sisu/sisu-inject/0.3.5/sisu-inject-0.3.5.pom (14 kB at 1.4 MB/s)
[0362f0a8-c3a8-4779-a834-898f6bb0d569/build]   | [INFO] Downloading from central: https://repo.maven.apache.org/maven2/org/codehaus/plexus/plexus-classworlds/2.5.2/plexus-classworlds-2.5.2.pom
[0362f0a8-c3a8-4779-a834-898f6bb0d569/build]   | [INFO] Downloaded from central: https://repo.maven.apache.org/maven2/org/codehaus/plexus/plexus-classworlds/2.5.2/plexus-classworlds-2.5.2.pom (7.3 kB at 430 kB/s)
[0362f0a8-c3a8-4779-a834-898f6bb0d569/build]   | [INFO] Downloading from central: https://repo.maven.apache.org/maven2/org/apache/maven/maven-model-builder/3.2.5/maven-model-builder-3.2.5.pom
[0362f0a8-c3a8-4779-a834-898f6bb0d569/build]   | [INFO] Downloaded from central: https://repo.maven.apache.org/maven2/org/apache/maven/maven-model-builder/3.2.5/maven-model-builder-3.2.5.pom (3.0 kB at 333 kB/s)
[0362f0a8-c3a8-4779-a834-898f6bb0d569/build]   | [INFO] Downloading from central: https://repo.maven.apache.org/maven2/org/apache/maven/maven-aether-provider/3.2.5/maven-aether-provider-3.2.5.pom
[0362f0a8-c3a8-4779-a834-898f6bb0d569/build]   | [INFO] Downloaded from central: https://repo.maven.apache.org/maven2/org/apache/maven/maven-aether-provider/3.2.5/maven-aether-provider-3.2.5.pom (4.2 kB at 386 kB/s)
[0362f0a8-c3a8-4779-a834-898f6bb0d569/build]   | [INFO] Downloading from central: https://repo.maven.apache.org/maven2/org/eclipse/aether/aether-api/1.0.0.v20140518/aether-api-1.0.0.v20140518.pom
[0362f0a8-c3a8-4779-a834-898f6bb0d569/build]   | [INFO] Downloaded from central: https://repo.maven.apache.org/maven2/org/eclipse/aether/aether-api/1.0.0.v20140518/aether-api-1.0.0.v20140518.pom (1.9 kB at 316 kB/s)
[0362f0a8-c3a8-4779-a834-898f6bb0d569/build]   | [INFO] Downloading from central: https://repo.maven.apache.org/maven2/org/eclipse/aether/aether/1.0.0.v20140518/aether-1.0.0.v20140518.pom
[0362f0a8-c3a8-4779-a834-898f6bb0d569/build]   | [INFO] Downloaded from central: https://repo.maven.apache.org/maven2/org/eclipse/aether/aether/1.0.0.v20140518/aether-1.0.0.v20140518.pom (30 kB at 2.7 MB/s)
[0362f0a8-c3a8-4779-a834-898f6bb0d569/build]   | [INFO] Downloading from central: https://repo.maven.apache.org/maven2/org/eclipse/aether/aether-spi/1.0.0.v20140518/aether-spi-1.0.0.v20140518.pom
[0362f0a8-c3a8-4779-a834-898f6bb0d569/build]   | [INFO] Downloaded from central: https://repo.maven.apache.org/maven2/org/eclipse/aether/aether-spi/1.0.0.v20140518/aether-spi-1.0.0.v20140518.pom (2.1 kB at 256 kB/s)
[0362f0a8-c3a8-4779-a834-898f6bb0d569/build]   | [INFO] Downloading from central: https://repo.maven.apache.org/maven2/org/eclipse/aether/aether-util/1.0.0.v20140518/aether-util-1.0.0.v20140518.pom
[0362f0a8-c3a8-4779-a834-898f6bb0d569/build]   | [INFO] Downloaded from central: https://repo.maven.apache.org/maven2/org/eclipse/aether/aether-util/1.0.0.v20140518/aether-util-1.0.0.v20140518.pom (2.2 kB at 366 kB/s)
[0362f0a8-c3a8-4779-a834-898f6bb0d569/build]   | [INFO] Downloading from central: https://repo.maven.apache.org/maven2/org/eclipse/aether/aether-impl/1.0.0.v20140518/aether-impl-1.0.0.v20140518.pom
[0362f0a8-c3a8-4779-a834-898f6bb0d569/build]   | [INFO] Downloaded from central: https://repo.maven.apache.org/maven2/org/eclipse/aether/aether-impl/1.0.0.v20140518/aether-impl-1.0.0.v20140518.pom (3.5 kB at 434 kB/s)
[0362f0a8-c3a8-4779-a834-898f6bb0d569/build]   | [INFO] Downloading from central: https://repo.maven.apache.org/maven2/org/sonatype/sisu/sisu-guice/3.2.3/sisu-guice-3.2.3.pom
[0362f0a8-c3a8-4779-a834-898f6bb0d569/build]   | [INFO] Downloaded from central: https://repo.maven.apache.org/maven2/org/sonatype/sisu/sisu-guice/3.2.3/sisu-guice-3.2.3.pom (11 kB at 1.8 MB/s)
[0362f0a8-c3a8-4779-a834-898f6bb0d569/build]   | [INFO] Downloading from central: https://repo.maven.apache.org/maven2/org/sonatype/sisu/inject/guice-parent/3.2.3/guice-parent-3.2.3.pom
[0362f0a8-c3a8-4779-a834-898f6bb0d569/build]   | [INFO] Downloaded from central: https://repo.maven.apache.org/maven2/org/sonatype/sisu/inject/guice-parent/3.2.3/guice-parent-3.2.3.pom (13 kB at 1.9 MB/s)
[0362f0a8-c3a8-4779-a834-898f6bb0d569/build]   | [INFO] Downloading from central: https://repo.maven.apache.org/maven2/org/sonatype/forge/forge-parent/38/forge-parent-38.pom
[0362f0a8-c3a8-4779-a834-898f6bb0d569/build]   | [INFO] Downloaded from central: https://repo.maven.apache.org/maven2/org/sonatype/forge/forge-parent/38/forge-parent-38.pom (19 kB at 2.7 MB/s)
[0362f0a8-c3a8-4779-a834-898f6bb0d569/build]   | [INFO] Downloading from central: https://repo.maven.apache.org/maven2/aopalliance/aopalliance/1.0/aopalliance-1.0.pom
[0362f0a8-c3a8-4779-a834-898f6bb0d569/build]   | [INFO] Downloaded from central: https://repo.maven.apache.org/maven2/aopalliance/aopalliance/1.0/aopalliance-1.0.pom (363 B at 52 kB/s)
[0362f0a8-c3a8-4779-a834-898f6bb0d569/build]   | [INFO] Downloading from central: https://repo.maven.apache.org/maven2/com/google/guava/guava/16.0.1/guava-16.0.1.pom
[0362f0a8-c3a8-4779-a834-898f6bb0d569/build]   | [INFO] Downloaded from central: https://repo.maven.apache.org/maven2/com/google/guava/guava/16.0.1/guava-16.0.1.pom (6.1 kB at 763 kB/s)
[0362f0a8-c3a8-4779-a834-898f6bb0d569/build]   | [INFO] Downloading from central: https://repo.maven.apache.org/maven2/com/google/guava/guava-parent/16.0.1/guava-parent-16.0.1.pom
[0362f0a8-c3a8-4779-a834-898f6bb0d569/build]   | [INFO] Downloaded from central: https://repo.maven.apache.org/maven2/com/google/guava/guava-parent/16.0.1/guava-parent-16.0.1.pom (7.3 kB at 1.2 MB/s)
[0362f0a8-c3a8-4779-a834-898f6bb0d569/build]   | [INFO] Downloading from central: https://repo.maven.apache.org/maven2/org/sonatype/oss/oss-parent/7/oss-parent-7.pom
[0362f0a8-c3a8-4779-a834-898f6bb0d569/build]   | [INFO] Downloaded from central: https://repo.maven.apache.org/maven2/org/sonatype/oss/oss-parent/7/oss-parent-7.pom (4.8 kB at 804 kB/s)
[0362f0a8-c3a8-4779-a834-898f6bb0d569/build]   | [INFO] Downloading from central: https://repo.maven.apache.org/maven2/commons-io/commons-io/2.11.0/commons-io-2.11.0.pom
[0362f0a8-c3a8-4779-a834-898f6bb0d569/build]   | [INFO] Downloaded from central: https://repo.maven.apache.org/maven2/commons-io/commons-io/2.11.0/commons-io-2.11.0.pom (20 kB at 3.9 MB/s)
[0362f0a8-c3a8-4779-a834-898f6bb0d569/build]   | [INFO] Downloading from central: https://repo.maven.apache.org/maven2/org/apache/commons/commons-parent/52/commons-parent-52.pom
[0362f0a8-c3a8-4779-a834-898f6bb0d569/build]   | [INFO] Downloaded from central: https://repo.maven.apache.org/maven2/org/apache/commons/commons-parent/52/commons-parent-52.pom (79 kB at 11 MB/s)
[0362f0a8-c3a8-4779-a834-898f6bb0d569/build]   | [INFO] Downloading from central: https://repo.maven.apache.org/maven2/org/junit/junit-bom/5.7.2/junit-bom-5.7.2.pom
[0362f0a8-c3a8-4779-a834-898f6bb0d569/build]   | [INFO] Downloaded from central: https://repo.maven.apache.org/maven2/org/junit/junit-bom/5.7.2/junit-bom-5.7.2.pom (5.1 kB at 510 kB/s)
[0362f0a8-c3a8-4779-a834-898f6bb0d569/build]   | [INFO] Downloading from central: https://repo.maven.apache.org/maven2/org/apache/maven/surefire/maven-surefire-common/3.0.0-M7/maven-surefire-common-3.0.0-M7.jar
[0362f0a8-c3a8-4779-a834-898f6bb0d569/build]   | [INFO] Downloading from central: https://repo.maven.apache.org/maven2/org/apache/maven/surefire/surefire-api/3.0.0-M7/surefire-api-3.0.0-M7.jar
[0362f0a8-c3a8-4779-a834-898f6bb0d569/build]   | [INFO] Downloading from central: https://repo.maven.apache.org/maven2/org/apache/maven/surefire/surefire-logger-api/3.0.0-M7/surefire-logger-api-3.0.0-M7.jar
[0362f0a8-c3a8-4779-a834-898f6bb0d569/build]   | [INFO] Downloading from central: https://repo.maven.apache.org/maven2/org/apache/maven/surefire/surefire-extensions-api/3.0.0-M7/surefire-extensions-api-3.0.0-M7.jar
[0362f0a8-c3a8-4779-a834-898f6bb0d569/build]   | [INFO] Downloading from central: https://repo.maven.apache.org/maven2/org/apache/maven/surefire/surefire-booter/3.0.0-M7/surefire-booter-3.0.0-M7.jar
[0362f0a8-c3a8-4779-a834-898f6bb0d569/build]   | [INFO] Downloaded from central: https://repo.maven.apache.org/maven2/org/apache/maven/surefire/surefire-booter/3.0.0-M7/surefire-booter-3.0.0-M7.jar (117 kB at 7.8 MB/s)
[0362f0a8-c3a8-4779-a834-898f6bb0d569/build]   | [INFO] Downloading from central: https://repo.maven.apache.org/maven2/org/apache/maven/surefire/surefire-extensions-spi/3.0.0-M7/surefire-extensions-spi-3.0.0-M7.jar
[0362f0a8-c3a8-4779-a834-898f6bb0d569/build]   | [INFO] Downloaded from central: https://repo.maven.apache.org/maven2/org/apache/maven/surefire/surefire-extensions-api/3.0.0-M7/surefire-extensions-api-3.0.0-M7.jar (25 kB at 1.3 MB/s)
[0362f0a8-c3a8-4779-a834-898f6bb0d569/build]   | [INFO] Downloading from central: https://repo.maven.apache.org/maven2/org/apache/maven/shared/maven-common-artifact-filters/3.1.1/maven-common-artifact-filters-3.1.1.jar
[0362f0a8-c3a8-4779-a834-898f6bb0d569/build]   | [INFO] Downloaded from central: https://repo.maven.apache.org/maven2/org/apache/maven/surefire/surefire-logger-api/3.0.0-M7/surefire-logger-api-3.0.0-M7.jar (14 kB at 678 kB/s)
[0362f0a8-c3a8-4779-a834-898f6bb0d569/build]   | [INFO] Downloading from central: https://repo.maven.apache.org/maven2/commons-io/commons-io/2.11.0/commons-io-2.11.0.jar
[0362f0a8-c3a8-4779-a834-898f6bb0d569/build]   | [INFO] Downloaded from central: https://repo.maven.apache.org/maven2/org/apache/maven/surefire/maven-surefire-common/3.0.0-M7/maven-surefire-common-3.0.0-M7.jar (305 kB at 15 MB/s)
[0362f0a8-c3a8-4779-a834-898f6bb0d569/build]   | [INFO] Downloading from central: https://repo.maven.apache.org/maven2/org/apache/maven/surefire/surefire-shared-utils/3.0.0-M7/surefire-shared-utils-3.0.0-M7.jar
[0362f0a8-c3a8-4779-a834-898f6bb0d569/build]   | [INFO] Downloaded from central: https://repo.maven.apache.org/maven2/org/apache/maven/surefire/surefire-api/3.0.0-M7/surefire-api-3.0.0-M7.jar (169 kB at 5.0 MB/s)
[0362f0a8-c3a8-4779-a834-898f6bb0d569/build]   | [INFO] Downloaded from central: https://repo.maven.apache.org/maven2/org/apache/maven/surefire/surefire-extensions-spi/3.0.0-M7/surefire-extensions-spi-3.0.0-M7.jar (8.1 kB at 237 kB/s)
[0362f0a8-c3a8-4779-a834-898f6bb0d569/build]   | [INFO] Downloaded from central: https://repo.maven.apache.org/maven2/org/apache/maven/shared/maven-common-artifact-filters/3.1.1/maven-common-artifact-filters-3.1.1.jar (61 kB at 1.6 MB/s)
[0362f0a8-c3a8-4779-a834-898f6bb0d569/build]   | [INFO] Downloaded from central: https://repo.maven.apache.org/maven2/commons-io/commons-io/2.11.0/commons-io-2.11.0.jar (327 kB at 6.4 MB/s)
[0362f0a8-c3a8-4779-a834-898f6bb0d569/build]   | [INFO] Downloaded from central: https://repo.maven.apache.org/maven2/org/apache/maven/surefire/surefire-shared-utils/3.0.0-M7/surefire-shared-utils-3.0.0-M7.jar (2.1 MB at 23 MB/s)
[0362f0a8-c3a8-4779-a834-898f6bb0d569/build]   | [INFO] Using auto detected provider org.apache.maven.surefire.junitplatform.JUnitPlatformProvider
[0362f0a8-c3a8-4779-a834-898f6bb0d569/build]   | [INFO] Downloading from central: https://repo.maven.apache.org/maven2/org/apache/maven/surefire/surefire-junit-platform/3.0.0-M7/surefire-junit-platform-3.0.0-M7.jar
[0362f0a8-c3a8-4779-a834-898f6bb0d569/build]   | [INFO] Downloaded from central: https://repo.maven.apache.org/maven2/org/apache/maven/surefire/surefire-junit-platform/3.0.0-M7/surefire-junit-platform-3.0.0-M7.jar (26 kB at 2.4 MB/s)
[0362f0a8-c3a8-4779-a834-898f6bb0d569/build]   | [INFO] Downloading from central: https://repo.maven.apache.org/maven2/org/apache/maven/surefire/surefire-junit-platform/3.0.0-M7/surefire-junit-platform-3.0.0-M7.pom
[0362f0a8-c3a8-4779-a834-898f6bb0d569/build]   | [INFO] Downloaded from central: https://repo.maven.apache.org/maven2/org/apache/maven/surefire/surefire-junit-platform/3.0.0-M7/surefire-junit-platform-3.0.0-M7.pom (5.3 kB at 529 kB/s)
[0362f0a8-c3a8-4779-a834-898f6bb0d569/build]   | [INFO] Downloading from central: https://repo.maven.apache.org/maven2/org/apache/maven/surefire/surefire-providers/3.0.0-M7/surefire-providers-3.0.0-M7.pom
[0362f0a8-c3a8-4779-a834-898f6bb0d569/build]   | [INFO] Downloaded from central: https://repo.maven.apache.org/maven2/org/apache/maven/surefire/surefire-providers/3.0.0-M7/surefire-providers-3.0.0-M7.pom (2.5 kB at 282 kB/s)
[0362f0a8-c3a8-4779-a834-898f6bb0d569/build]   | [INFO] Downloading from central: https://repo.maven.apache.org/maven2/org/apache/maven/surefire/common-java5/3.0.0-M7/common-java5-3.0.0-M7.pom
[0362f0a8-c3a8-4779-a834-898f6bb0d569/build]   | [INFO] Downloaded from central: https://repo.maven.apache.org/maven2/org/apache/maven/surefire/common-java5/3.0.0-M7/common-java5-3.0.0-M7.pom (2.7 kB at 207 kB/s)
[0362f0a8-c3a8-4779-a834-898f6bb0d569/build]   | [INFO] Downloading from central: https://repo.maven.apache.org/maven2/org/junit/platform/junit-platform-launcher/1.3.2/junit-platform-launcher-1.3.2.pom
[0362f0a8-c3a8-4779-a834-898f6bb0d569/build]   | [INFO] Downloaded from central: https://repo.maven.apache.org/maven2/org/junit/platform/junit-platform-launcher/1.3.2/junit-platform-launcher-1.3.2.pom (2.2 kB at 277 kB/s)
[0362f0a8-c3a8-4779-a834-898f6bb0d569/build]   | [INFO] Downloading from central: https://repo.maven.apache.org/maven2/org/apiguardian/apiguardian-api/1.0.0/apiguardian-api-1.0.0.pom
[0362f0a8-c3a8-4779-a834-898f6bb0d569/build]   | [INFO] Downloaded from central: https://repo.maven.apache.org/maven2/org/apiguardian/apiguardian-api/1.0.0/apiguardian-api-1.0.0.pom (1.2 kB at 117 kB/s)
[0362f0a8-c3a8-4779-a834-898f6bb0d569/build]   | [INFO] Downloading from central: https://repo.maven.apache.org/maven2/org/junit/platform/junit-platform-engine/1.3.2/junit-platform-engine-1.3.2.pom
[0362f0a8-c3a8-4779-a834-898f6bb0d569/build]   | [INFO] Downloaded from central: https://repo.maven.apache.org/maven2/org/junit/platform/junit-platform-engine/1.3.2/junit-platform-engine-1.3.2.pom (2.4 kB at 299 kB/s)
[0362f0a8-c3a8-4779-a834-898f6bb0d569/build]   | [INFO] Downloading from central: https://repo.maven.apache.org/maven2/org/junit/platform/junit-platform-commons/1.3.2/junit-platform-commons-1.3.2.pom
[0362f0a8-c3a8-4779-a834-898f6bb0d569/build]   | [INFO] Downloaded from central: https://repo.maven.apache.org/maven2/org/junit/platform/junit-platform-commons/1.3.2/junit-platform-commons-1.3.2.pom (2.0 kB at 225 kB/s)
[0362f0a8-c3a8-4779-a834-898f6bb0d569/build]   | [INFO] Downloading from central: https://repo.maven.apache.org/maven2/org/opentest4j/opentest4j/1.1.1/opentest4j-1.1.1.pom
[0362f0a8-c3a8-4779-a834-898f6bb0d569/build]   | [INFO] Downloaded from central: https://repo.maven.apache.org/maven2/org/opentest4j/opentest4j/1.1.1/opentest4j-1.1.1.pom (1.7 kB at 240 kB/s)
[0362f0a8-c3a8-4779-a834-898f6bb0d569/build]   | [INFO] Downloading from central: https://repo.maven.apache.org/maven2/org/junit/jupiter/junit-jupiter-engine/5.3.2/junit-jupiter-engine-5.3.2.pom
[0362f0a8-c3a8-4779-a834-898f6bb0d569/build]   | [INFO] Downloaded from central: https://repo.maven.apache.org/maven2/org/junit/jupiter/junit-jupiter-engine/5.3.2/junit-jupiter-engine-5.3.2.pom (2.4 kB at 299 kB/s)
[0362f0a8-c3a8-4779-a834-898f6bb0d569/build]   | [INFO] Downloading from central: https://repo.maven.apache.org/maven2/org/junit/jupiter/junit-jupiter-api/5.3.2/junit-jupiter-api-5.3.2.pom
[0362f0a8-c3a8-4779-a834-898f6bb0d569/build]   | [INFO] Downloaded from central: https://repo.maven.apache.org/maven2/org/junit/jupiter/junit-jupiter-api/5.3.2/junit-jupiter-api-5.3.2.pom (2.4 kB at 264 kB/s)
[0362f0a8-c3a8-4779-a834-898f6bb0d569/build]   | [INFO] Downloading from central: https://repo.maven.apache.org/maven2/org/junit/jupiter/junit-jupiter-params/5.3.2/junit-jupiter-params-5.3.2.pom
[0362f0a8-c3a8-4779-a834-898f6bb0d569/build]   | [INFO] Downloaded from central: https://repo.maven.apache.org/maven2/org/junit/jupiter/junit-jupiter-params/5.3.2/junit-jupiter-params-5.3.2.pom (2.2 kB at 275 kB/s)
[0362f0a8-c3a8-4779-a834-898f6bb0d569/build]   | [INFO] Downloading from central: https://repo.maven.apache.org/maven2/org/mockito/mockito-core/2.28.2/mockito-core-2.28.2.pom
[0362f0a8-c3a8-4779-a834-898f6bb0d569/build]   | [INFO] Downloaded from central: https://repo.maven.apache.org/maven2/org/mockito/mockito-core/2.28.2/mockito-core-2.28.2.pom (20 kB at 2.0 MB/s)
[0362f0a8-c3a8-4779-a834-898f6bb0d569/build]   | [INFO] Downloading from central: https://repo.maven.apache.org/maven2/net/bytebuddy/byte-buddy/1.9.10/byte-buddy-1.9.10.pom
[0362f0a8-c3a8-4779-a834-898f6bb0d569/build]   | [INFO] Downloaded from central: https://repo.maven.apache.org/maven2/net/bytebuddy/byte-buddy/1.9.10/byte-buddy-1.9.10.pom (10 kB at 1.3 MB/s)
[0362f0a8-c3a8-4779-a834-898f6bb0d569/build]   | [INFO] Downloading from central: https://repo.maven.apache.org/maven2/net/bytebuddy/byte-buddy-parent/1.9.10/byte-buddy-parent-1.9.10.pom
[0362f0a8-c3a8-4779-a834-898f6bb0d569/build]   | [INFO] Downloaded from central: https://repo.maven.apache.org/maven2/net/bytebuddy/byte-buddy-parent/1.9.10/byte-buddy-parent-1.9.10.pom (36 kB at 4.5 MB/s)
[0362f0a8-c3a8-4779-a834-898f6bb0d569/build]   | [INFO] Downloading from central: https://repo.maven.apache.org/maven2/net/bytebuddy/byte-buddy-agent/1.9.10/byte-buddy-agent-1.9.10.pom
[0362f0a8-c3a8-4779-a834-898f6bb0d569/build]   | [INFO] Downloaded from central: https://repo.maven.apache.org/maven2/net/bytebuddy/byte-buddy-agent/1.9.10/byte-buddy-agent-1.9.10.pom (6.0 kB at 603 kB/s)
[0362f0a8-c3a8-4779-a834-898f6bb0d569/build]   | [INFO] Downloading from central: https://repo.maven.apache.org/maven2/org/objenesis/objenesis/2.6/objenesis-2.6.pom
[0362f0a8-c3a8-4779-a834-898f6bb0d569/build]   | [INFO] Downloaded from central: https://repo.maven.apache.org/maven2/org/objenesis/objenesis/2.6/objenesis-2.6.pom (2.8 kB at 253 kB/s)
[0362f0a8-c3a8-4779-a834-898f6bb0d569/build]   | [INFO] Downloading from central: https://repo.maven.apache.org/maven2/org/objenesis/objenesis-parent/2.6/objenesis-parent-2.6.pom
[0362f0a8-c3a8-4779-a834-898f6bb0d569/build]   | [INFO] Downloaded from central: https://repo.maven.apache.org/maven2/org/objenesis/objenesis-parent/2.6/objenesis-parent-2.6.pom (17 kB at 1.4 MB/s)
[0362f0a8-c3a8-4779-a834-898f6bb0d569/build]   | [INFO] Downloading from central: https://repo.maven.apache.org/maven2/org/powermock/powermock-reflect/2.0.9/powermock-reflect-2.0.9.pom
[0362f0a8-c3a8-4779-a834-898f6bb0d569/build]   | [INFO] Downloaded from central: https://repo.maven.apache.org/maven2/org/powermock/powermock-reflect/2.0.9/powermock-reflect-2.0.9.pom (7.9 kB at 656 kB/s)
[0362f0a8-c3a8-4779-a834-898f6bb0d569/build]   | [INFO] Downloading from central: https://repo.maven.apache.org/maven2/net/bytebuddy/byte-buddy/1.10.14/byte-buddy-1.10.14.pom
[0362f0a8-c3a8-4779-a834-898f6bb0d569/build]   | [INFO] Downloaded from central: https://repo.maven.apache.org/maven2/net/bytebuddy/byte-buddy/1.10.14/byte-buddy-1.10.14.pom (11 kB at 920 kB/s)
[0362f0a8-c3a8-4779-a834-898f6bb0d569/build]   | [INFO] Downloading from central: https://repo.maven.apache.org/maven2/net/bytebuddy/byte-buddy-parent/1.10.14/byte-buddy-parent-1.10.14.pom
[0362f0a8-c3a8-4779-a834-898f6bb0d569/build]   | [INFO] Downloaded from central: https://repo.maven.apache.org/maven2/net/bytebuddy/byte-buddy-parent/1.10.14/byte-buddy-parent-1.10.14.pom (41 kB at 3.1 MB/s)
[0362f0a8-c3a8-4779-a834-898f6bb0d569/build]   | [INFO] Downloading from central: https://repo.maven.apache.org/maven2/net/bytebuddy/byte-buddy-agent/1.10.14/byte-buddy-agent-1.10.14.pom
[0362f0a8-c3a8-4779-a834-898f6bb0d569/build]   | [INFO] Downloaded from central: https://repo.maven.apache.org/maven2/net/bytebuddy/byte-buddy-agent/1.10.14/byte-buddy-agent-1.10.14.pom (9.6 kB at 870 kB/s)
[0362f0a8-c3a8-4779-a834-898f6bb0d569/build]   | [INFO] Downloading from central: https://repo.maven.apache.org/maven2/junit/junit/4.13.2/junit-4.13.2.pom
[0362f0a8-c3a8-4779-a834-898f6bb0d569/build]   | [INFO] Downloaded from central: https://repo.maven.apache.org/maven2/junit/junit/4.13.2/junit-4.13.2.pom (27 kB at 1.8 MB/s)
[0362f0a8-c3a8-4779-a834-898f6bb0d569/build]   | [INFO] Downloading from central: https://repo.maven.apache.org/maven2/org/hamcrest/hamcrest-library/1.3/hamcrest-library-1.3.pom
[0362f0a8-c3a8-4779-a834-898f6bb0d569/build]   | [INFO] Downloaded from central: https://repo.maven.apache.org/maven2/org/hamcrest/hamcrest-library/1.3/hamcrest-library-1.3.pom (820 B at 51 kB/s)
[0362f0a8-c3a8-4779-a834-898f6bb0d569/build]   | [INFO] Downloading from central: https://repo.maven.apache.org/maven2/org/hamcrest/hamcrest-parent/1.3/hamcrest-parent-1.3.pom
[0362f0a8-c3a8-4779-a834-898f6bb0d569/build]   | [INFO] Downloaded from central: https://repo.maven.apache.org/maven2/org/hamcrest/hamcrest-parent/1.3/hamcrest-parent-1.3.pom (2.0 kB at 164 kB/s)
[0362f0a8-c3a8-4779-a834-898f6bb0d569/build]   | [INFO] Downloading from central: https://repo.maven.apache.org/maven2/org/hamcrest/hamcrest-core/1.3/hamcrest-core-1.3.pom
[0362f0a8-c3a8-4779-a834-898f6bb0d569/build]   | [INFO] Downloaded from central: https://repo.maven.apache.org/maven2/org/hamcrest/hamcrest-core/1.3/hamcrest-core-1.3.pom (766 B at 48 kB/s)
[0362f0a8-c3a8-4779-a834-898f6bb0d569/build]   | [INFO] Downloading from central: https://repo.maven.apache.org/maven2/org/assertj/assertj-core/3.22.0/assertj-core-3.22.0.pom
[0362f0a8-c3a8-4779-a834-898f6bb0d569/build]   | [INFO] Downloaded from central: https://repo.maven.apache.org/maven2/org/assertj/assertj-core/3.22.0/assertj-core-3.22.0.pom (31 kB at 2.6 MB/s)
[0362f0a8-c3a8-4779-a834-898f6bb0d569/build]   | [INFO] Downloading from central: https://repo.maven.apache.org/maven2/org/assertj/assertj-parent-pom/2.2.14/assertj-parent-pom-2.2.14.pom
[0362f0a8-c3a8-4779-a834-898f6bb0d569/build]   | [INFO] Downloaded from central: https://repo.maven.apache.org/maven2/org/assertj/assertj-parent-pom/2.2.14/assertj-parent-pom-2.2.14.pom (25 kB at 2.0 MB/s)
[0362f0a8-c3a8-4779-a834-898f6bb0d569/build]   | [INFO] Downloading from central: https://repo.maven.apache.org/maven2/org/junit/junit-bom/5.8.0/junit-bom-5.8.0.pom
[0362f0a8-c3a8-4779-a834-898f6bb0d569/build]   | [INFO] Downloaded from central: https://repo.maven.apache.org/maven2/org/junit/junit-bom/5.8.0/junit-bom-5.8.0.pom (5.6 kB at 563 kB/s)
[0362f0a8-c3a8-4779-a834-898f6bb0d569/build]   | [INFO] Downloading from central: https://repo.maven.apache.org/maven2/org/junit/platform/junit-platform-launcher/1.3.2/junit-platform-launcher-1.3.2.jar
[0362f0a8-c3a8-4779-a834-898f6bb0d569/build]   | [INFO] Downloading from central: https://repo.maven.apache.org/maven2/org/apiguardian/apiguardian-api/1.0.0/apiguardian-api-1.0.0.jar
[0362f0a8-c3a8-4779-a834-898f6bb0d569/build]   | [INFO] Downloading from central: https://repo.maven.apache.org/maven2/org/apache/maven/surefire/common-java5/3.0.0-M7/common-java5-3.0.0-M7.jar
[0362f0a8-c3a8-4779-a834-898f6bb0d569/build]   | [INFO] Downloading from central: https://repo.maven.apache.org/maven2/org/junit/platform/junit-platform-engine/1.3.2/junit-platform-engine-1.3.2.jar
[0362f0a8-c3a8-4779-a834-898f6bb0d569/build]   | [INFO] Downloading from central: https://repo.maven.apache.org/maven2/org/junit/platform/junit-platform-commons/1.3.2/junit-platform-commons-1.3.2.jar
[0362f0a8-c3a8-4779-a834-898f6bb0d569/build]   | [INFO] Downloaded from central: https://repo.maven.apache.org/maven2/org/apiguardian/apiguardian-api/1.0.0/apiguardian-api-1.0.0.jar (2.2 kB at 166 kB/s)
[0362f0a8-c3a8-4779-a834-898f6bb0d569/build]   | [INFO] Downloading from central: https://repo.maven.apache.org/maven2/org/opentest4j/opentest4j/1.1.1/opentest4j-1.1.1.jar
[0362f0a8-c3a8-4779-a834-898f6bb0d569/build]   | [INFO] Downloaded from central: https://repo.maven.apache.org/maven2/org/apache/maven/surefire/common-java5/3.0.0-M7/common-java5-3.0.0-M7.jar (17 kB at 1.2 MB/s)
[0362f0a8-c3a8-4779-a834-898f6bb0d569/build]   | [INFO] Downloaded from central: https://repo.maven.apache.org/maven2/org/junit/platform/junit-platform-commons/1.3.2/junit-platform-commons-1.3.2.jar (78 kB at 4.6 MB/s)
[0362f0a8-c3a8-4779-a834-898f6bb0d569/build]   | [INFO] Downloaded from central: https://repo.maven.apache.org/maven2/org/opentest4j/opentest4j/1.1.1/opentest4j-1.1.1.jar (7.1 kB at 647 kB/s)
[0362f0a8-c3a8-4779-a834-898f6bb0d569/build]   | [INFO] Downloaded from central: https://repo.maven.apache.org/maven2/org/junit/platform/junit-platform-launcher/1.3.2/junit-platform-launcher-1.3.2.jar (95 kB at 2.8 MB/s)
[0362f0a8-c3a8-4779-a834-898f6bb0d569/build]   | [INFO] Downloaded from central: https://repo.maven.apache.org/maven2/org/junit/platform/junit-platform-engine/1.3.2/junit-platform-engine-1.3.2.jar (138 kB at 3.6 MB/s)
[0362f0a8-c3a8-4779-a834-898f6bb0d569/build]   | [INFO] Downloading from central: https://repo.maven.apache.org/maven2/org/junit/platform/junit-platform-launcher/1.9.1/junit-platform-launcher-1.9.1.jar
[0362f0a8-c3a8-4779-a834-898f6bb0d569/build]   | [INFO] Downloaded from central: https://repo.maven.apache.org/maven2/org/junit/platform/junit-platform-launcher/1.9.1/junit-platform-launcher-1.9.1.jar (169 kB at 8.1 MB/s)
[0362f0a8-c3a8-4779-a834-898f6bb0d569/build]   | [INFO] Downloading from central: https://repo.maven.apache.org/maven2/org/junit/platform/junit-platform-launcher/1.9.1/junit-platform-launcher-1.9.1.pom
[0362f0a8-c3a8-4779-a834-898f6bb0d569/build]   | [INFO] Downloaded from central: https://repo.maven.apache.org/maven2/org/junit/platform/junit-platform-launcher/1.9.1/junit-platform-launcher-1.9.1.pom (3.0 kB at 252 kB/s)
[0362f0a8-c3a8-4779-a834-898f6bb0d569/build]   | [INFO] 
[0362f0a8-c3a8-4779-a834-898f6bb0d569/build]   | [INFO] -------------------------------------------------------
[0362f0a8-c3a8-4779-a834-898f6bb0d569/build]   | [INFO]  T E S T S
[0362f0a8-c3a8-4779-a834-898f6bb0d569/build]   | [INFO] -------------------------------------------------------
[0362f0a8-c3a8-4779-a834-898f6bb0d569/build]   | [INFO] Running net.e175.klaus.solarpositioning.JulianDateTest
[0362f0a8-c3a8-4779-a834-898f6bb0d569/build]   | [INFO] Tests run: 8, Failures: 0, Errors: 0, Skipped: 0, Time elapsed: 0.098 s - in net.e175.klaus.solarpositioning.JulianDateTest
[0362f0a8-c3a8-4779-a834-898f6bb0d569/build]   | [INFO] Running net.e175.klaus.solarpositioning.DeltaTTest
[0362f0a8-c3a8-4779-a834-898f6bb0d569/build]   | [INFO] Tests run: 2, Failures: 0, Errors: 0, Skipped: 0, Time elapsed: 0.013 s - in net.e175.klaus.solarpositioning.DeltaTTest
[0362f0a8-c3a8-4779-a834-898f6bb0d569/build]   | [INFO] Running net.e175.klaus.solarpositioning.SPASunriseTransitSetTest
[0362f0a8-c3a8-4779-a834-898f6bb0d569/build]   | [INFO] Tests run: 352, Failures: 0, Errors: 0, Skipped: 0, Time elapsed: 1.558 s - in net.e175.klaus.solarpositioning.SPASunriseTransitSetTest
[0362f0a8-c3a8-4779-a834-898f6bb0d569/build]   | [INFO] Running net.e175.klaus.solarpositioning.Grena3Test
[0362f0a8-c3a8-4779-a834-898f6bb0d569/build]   | [WARNING] Tests run: 516, Failures: 0, Errors: 0, Skipped: 256, Time elapsed: 0.655 s - in net.e175.klaus.solarpositioning.Grena3Test
[0362f0a8-c3a8-4779-a834-898f6bb0d569/build]   | [INFO] Running net.e175.klaus.solarpositioning.SPATest
[0362f0a8-c3a8-4779-a834-898f6bb0d569/build]   | [INFO] Tests run: 515, Failures: 0, Errors: 0, Skipped: 0, Time elapsed: 0.284 s - in net.e175.klaus.solarpositioning.SPATest
[0362f0a8-c3a8-4779-a834-898f6bb0d569/build]   | [INFO] 
[0362f0a8-c3a8-4779-a834-898f6bb0d569/build]   | [INFO] Results:
[0362f0a8-c3a8-4779-a834-898f6bb0d569/build]   | [INFO] 
[0362f0a8-c3a8-4779-a834-898f6bb0d569/build]   | [WARNING] Tests run: 1393, Failures: 0, Errors: 0, Skipped: 256
[0362f0a8-c3a8-4779-a834-898f6bb0d569/build]   | [INFO] 
[0362f0a8-c3a8-4779-a834-898f6bb0d569/build]   | [INFO] 
[0362f0a8-c3a8-4779-a834-898f6bb0d569/build]   | [INFO] --- maven-jar-plugin:2.4:jar (default-jar) @ solarpositioning ---
[0362f0a8-c3a8-4779-a834-898f6bb0d569/build]   | [INFO] Downloading from central: https://repo.maven.apache.org/maven2/org/apache/maven/maven-archiver/2.5/maven-archiver-2.5.pom
[0362f0a8-c3a8-4779-a834-898f6bb0d569/build]   | [INFO] Downloaded from central: https://repo.maven.apache.org/maven2/org/apache/maven/maven-archiver/2.5/maven-archiver-2.5.pom (4.5 kB at 133 kB/s)
[0362f0a8-c3a8-4779-a834-898f6bb0d569/build]   | [INFO] Downloading from central: https://repo.maven.apache.org/maven2/org/codehaus/plexus/plexus-archiver/2.1/plexus-archiver-2.1.pom
[0362f0a8-c3a8-4779-a834-898f6bb0d569/build]   | [INFO] Downloaded from central: https://repo.maven.apache.org/maven2/org/codehaus/plexus/plexus-archiver/2.1/plexus-archiver-2.1.pom (2.8 kB at 108 kB/s)
[0362f0a8-c3a8-4779-a834-898f6bb0d569/build]   | [INFO] Downloading from central: https://repo.maven.apache.org/maven2/org/codehaus/plexus/plexus-utils/3.0/plexus-utils-3.0.pom
[0362f0a8-c3a8-4779-a834-898f6bb0d569/build]   | [INFO] Downloaded from central: https://repo.maven.apache.org/maven2/org/codehaus/plexus/plexus-utils/3.0/plexus-utils-3.0.pom (4.1 kB at 104 kB/s)
[0362f0a8-c3a8-4779-a834-898f6bb0d569/build]   | [INFO] Downloading from central: https://repo.maven.apache.org/maven2/org/sonatype/spice/spice-parent/16/spice-parent-16.pom
[0362f0a8-c3a8-4779-a834-898f6bb0d569/build]   | [INFO] Downloaded from central: https://repo.maven.apache.org/maven2/org/sonatype/spice/spice-parent/16/spice-parent-16.pom (8.4 kB at 190 kB/s)
[0362f0a8-c3a8-4779-a834-898f6bb0d569/build]   | [INFO] Downloading from central: https://repo.maven.apache.org/maven2/org/sonatype/forge/forge-parent/5/forge-parent-5.pom
[0362f0a8-c3a8-4779-a834-898f6bb0d569/build]   | [INFO] Downloaded from central: https://repo.maven.apache.org/maven2/org/sonatype/forge/forge-parent/5/forge-parent-5.pom (8.4 kB at 322 kB/s)
[0362f0a8-c3a8-4779-a834-898f6bb0d569/build]   | [INFO] Downloading from central: https://repo.maven.apache.org/maven2/org/codehaus/plexus/plexus-io/2.0.2/plexus-io-2.0.2.pom
[0362f0a8-c3a8-4779-a834-898f6bb0d569/build]   | [INFO] Downloaded from central: https://repo.maven.apache.org/maven2/org/codehaus/plexus/plexus-io/2.0.2/plexus-io-2.0.2.pom (1.7 kB at 60 kB/s)
[0362f0a8-c3a8-4779-a834-898f6bb0d569/build]   | [INFO] Downloading from central: https://repo.maven.apache.org/maven2/org/codehaus/plexus/plexus-components/1.1.19/plexus-components-1.1.19.pom
[0362f0a8-c3a8-4779-a834-898f6bb0d569/build]   | [INFO] Downloaded from central: https://repo.maven.apache.org/maven2/org/codehaus/plexus/plexus-components/1.1.19/plexus-components-1.1.19.pom (2.7 kB at 142 kB/s)
[0362f0a8-c3a8-4779-a834-898f6bb0d569/build]   | [INFO] Downloading from central: https://repo.maven.apache.org/maven2/org/codehaus/plexus/plexus/3.0.1/plexus-3.0.1.pom
[0362f0a8-c3a8-4779-a834-898f6bb0d569/build]   | [INFO] Downloaded from central: https://repo.maven.apache.org/maven2/org/codehaus/plexus/plexus/3.0.1/plexus-3.0.1.pom (19 kB at 689 kB/s)
[0362f0a8-c3a8-4779-a834-898f6bb0d569/build]   | [INFO] Downloading from central: https://repo.maven.apache.org/maven2/org/codehaus/plexus/plexus-interpolation/1.15/plexus-interpolation-1.15.pom
[0362f0a8-c3a8-4779-a834-898f6bb0d569/build]   | [INFO] Downloaded from central: https://repo.maven.apache.org/maven2/org/codehaus/plexus/plexus-interpolation/1.15/plexus-interpolation-1.15.pom (1.0 kB at 44 kB/s)
[0362f0a8-c3a8-4779-a834-898f6bb0d569/build]   | [INFO] Downloading from central: https://repo.maven.apache.org/maven2/commons-lang/commons-lang/2.1/commons-lang-2.1.pom
[0362f0a8-c3a8-4779-a834-898f6bb0d569/build]   | [INFO] Downloaded from central: https://repo.maven.apache.org/maven2/commons-lang/commons-lang/2.1/commons-lang-2.1.pom (9.9 kB at 211 kB/s)
[0362f0a8-c3a8-4779-a834-898f6bb0d569/build]   | [INFO] Downloading from central: https://repo.maven.apache.org/maven2/classworlds/classworlds/1.1-alpha-2/classworlds-1.1-alpha-2.jar
[0362f0a8-c3a8-4779-a834-898f6bb0d569/build]   | [INFO] Downloading from central: https://repo.maven.apache.org/maven2/org/apache/maven/maven-archiver/2.5/maven-archiver-2.5.jar
[0362f0a8-c3a8-4779-a834-898f6bb0d569/build]   | [INFO] Downloading from central: https://repo.maven.apache.org/maven2/org/codehaus/plexus/plexus-interpolation/1.15/plexus-interpolation-1.15.jar
[0362f0a8-c3a8-4779-a834-898f6bb0d569/build]   | [INFO] Downloading from central: https://repo.maven.apache.org/maven2/org/codehaus/plexus/plexus-archiver/2.1/plexus-archiver-2.1.jar
[0362f0a8-c3a8-4779-a834-898f6bb0d569/build]   | [INFO] Downloading from central: https://repo.maven.apache.org/maven2/org/codehaus/plexus/plexus-io/2.0.2/plexus-io-2.0.2.jar
[0362f0a8-c3a8-4779-a834-898f6bb0d569/build]   | [INFO] Downloaded from central: https://repo.maven.apache.org/maven2/classworlds/classworlds/1.1-alpha-2/classworlds-1.1-alpha-2.jar (38 kB at 1.2 MB/s)
[0362f0a8-c3a8-4779-a834-898f6bb0d569/build]   | [INFO] Downloading from central: https://repo.maven.apache.org/maven2/commons-lang/commons-lang/2.1/commons-lang-2.1.jar
[0362f0a8-c3a8-4779-a834-898f6bb0d569/build]   | [INFO] Downloaded from central: https://repo.maven.apache.org/maven2/org/apache/maven/maven-archiver/2.5/maven-archiver-2.5.jar (22 kB at 661 kB/s)
[0362f0a8-c3a8-4779-a834-898f6bb0d569/build]   | [INFO] Downloading from central: https://repo.maven.apache.org/maven2/org/codehaus/plexus/plexus-utils/3.0/plexus-utils-3.0.jar
[0362f0a8-c3a8-4779-a834-898f6bb0d569/build]   | [INFO] Downloaded from central: https://repo.maven.apache.org/maven2/org/codehaus/plexus/plexus-io/2.0.2/plexus-io-2.0.2.jar (58 kB at 1.5 MB/s)
[0362f0a8-c3a8-4779-a834-898f6bb0d569/build]   | [INFO] Downloaded from central: https://repo.maven.apache.org/maven2/org/codehaus/plexus/plexus-interpolation/1.15/plexus-interpolation-1.15.jar (60 kB at 1.2 MB/s)
[0362f0a8-c3a8-4779-a834-898f6bb0d569/build]   | [INFO] Downloaded from central: https://repo.maven.apache.org/maven2/org/codehaus/plexus/plexus-archiver/2.1/plexus-archiver-2.1.jar (184 kB at 3.4 MB/s)
[0362f0a8-c3a8-4779-a834-898f6bb0d569/build]   | [INFO] Downloaded from central: https://repo.maven.apache.org/maven2/commons-lang/commons-lang/2.1/commons-lang-2.1.jar (208 kB at 2.8 MB/s)
[0362f0a8-c3a8-4779-a834-898f6bb0d569/build]   | [INFO] Downloaded from central: https://repo.maven.apache.org/maven2/org/codehaus/plexus/plexus-utils/3.0/plexus-utils-3.0.jar (226 kB at 3.0 MB/s)
[0362f0a8-c3a8-4779-a834-898f6bb0d569/build]   | [INFO] Building jar: /tmp/b61941d7-91d6-4b09-8e1b-1c379d96adef/target/solarpositioning-0.1.4-SNAPSHOT.jar
[0362f0a8-c3a8-4779-a834-898f6bb0d569/build]   | [INFO] ------------------------------------------------------------------------
[0362f0a8-c3a8-4779-a834-898f6bb0d569/build]   | [INFO] BUILD SUCCESS
[0362f0a8-c3a8-4779-a834-898f6bb0d569/build]   | [INFO] ------------------------------------------------------------------------
[0362f0a8-c3a8-4779-a834-898f6bb0d569/build]   | [INFO] Total time:  14.693 s
[0362f0a8-c3a8-4779-a834-898f6bb0d569/build]   | [INFO] Finished at: 2023-11-24T17:07:30Z
[0362f0a8-c3a8-4779-a834-898f6bb0d569/build]   | [INFO] ------------------------------------------------------------------------
[0362f0a8-c3a8-4779-a834-898f6bb0d569/build]   ✅  Success - Main Build with Maven
[0362f0a8-c3a8-4779-a834-898f6bb0d569/build] unable to get git ref: failed to identify reference (tag/branch) for the checked-out revision '2756287e64dacf48eea353e035e544ba21176558'
[0362f0a8-c3a8-4779-a834-898f6bb0d569/build] unable to get git ref: failed to identify reference (tag/branch) for the checked-out revision '2756287e64dacf48eea353e035e544ba21176558'
[0362f0a8-c3a8-4779-a834-898f6bb0d569/build] unable to get git ref: failed to identify reference (tag/branch) for the checked-out revision '2756287e64dacf48eea353e035e544ba21176558'
[0362f0a8-c3a8-4779-a834-898f6bb0d569/build] unable to get git ref: failed to identify reference (tag/branch) for the checked-out revision '2756287e64dacf48eea353e035e544ba21176558'
[0362f0a8-c3a8-4779-a834-898f6bb0d569/build] unable to get git ref: failed to identify reference (tag/branch) for the checked-out revision '2756287e64dacf48eea353e035e544ba21176558'
[0362f0a8-c3a8-4779-a834-898f6bb0d569/build] ⭐ Run Post Set up JDK 17
[0362f0a8-c3a8-4779-a834-898f6bb0d569/build]   🐳  docker exec cmd=[node /var/run/act/actions/actions-setup-java@v3/dist/cleanup/index.js] user= workdir=
[0362f0a8-c3a8-4779-a834-898f6bb0d569/build]   ✅  Success - Post Set up JDK 17
[0362f0a8-c3a8-4779-a834-898f6bb0d569/build] 🏁  Job succeeded
[0362f0a8-c3a8-4779-a834-898f6bb0d569/build] unable to get git ref: failed to identify reference (tag/branch) for the checked-out revision '2756287e64dacf48eea353e035e544ba21176558'
