[0d738628-8205-4fb7-9063-0c64b85c2225/build] üöÄ  Start image=gitbugactions:latest
[0d738628-8205-4fb7-9063-0c64b85c2225/build]   üê≥  docker pull image=gitbugactions:latest platform= username= forcePull=false
[0d738628-8205-4fb7-9063-0c64b85c2225/build]   üê≥  docker create image=gitbugactions:latest platform= entrypoint=["tail" "-f" "/dev/null"] cmd=[]
[0d738628-8205-4fb7-9063-0c64b85c2225/build]   üê≥  docker run image=gitbugactions:latest platform= entrypoint=["tail" "-f" "/dev/null"] cmd=[]
[0d738628-8205-4fb7-9063-0c64b85c2225/build]   üê≥  docker exec cmd=[chown -R 1012:1013 /tmp/1c9a75b4-2007-484f-a945-d6781567f72b] user=0 workdir=
[0d738628-8205-4fb7-9063-0c64b85c2225/build] unable to get git ref: failed to identify reference (tag/branch) for the checked-out revision 'ee8d5c62f4fbba1b975a1e8675abb5dff3ef4cb6'
[0d738628-8205-4fb7-9063-0c64b85c2225/build] unable to get git ref: failed to identify reference (tag/branch) for the checked-out revision 'ee8d5c62f4fbba1b975a1e8675abb5dff3ef4cb6'
[0d738628-8205-4fb7-9063-0c64b85c2225/build] unable to get git ref: failed to identify reference (tag/branch) for the checked-out revision 'ee8d5c62f4fbba1b975a1e8675abb5dff3ef4cb6'
[0d738628-8205-4fb7-9063-0c64b85c2225/build] üß™  Matrix: map[java-version:8]
[0d738628-8205-4fb7-9063-0c64b85c2225/build] unable to get git ref: failed to identify reference (tag/branch) for the checked-out revision 'ee8d5c62f4fbba1b975a1e8675abb5dff3ef4cb6'
[0d738628-8205-4fb7-9063-0c64b85c2225/build] unable to get git ref: failed to identify reference (tag/branch) for the checked-out revision 'ee8d5c62f4fbba1b975a1e8675abb5dff3ef4cb6'
[0d738628-8205-4fb7-9063-0c64b85c2225/build] unable to get git ref: failed to identify reference (tag/branch) for the checked-out revision 'ee8d5c62f4fbba1b975a1e8675abb5dff3ef4cb6'
[0d738628-8205-4fb7-9063-0c64b85c2225/build] unable to get git ref: failed to identify reference (tag/branch) for the checked-out revision 'ee8d5c62f4fbba1b975a1e8675abb5dff3ef4cb6'
[0d738628-8205-4fb7-9063-0c64b85c2225/build] unable to get git ref: failed to identify reference (tag/branch) for the checked-out revision 'ee8d5c62f4fbba1b975a1e8675abb5dff3ef4cb6'
[0d738628-8205-4fb7-9063-0c64b85c2225/build] unable to get git ref: failed to identify reference (tag/branch) for the checked-out revision 'ee8d5c62f4fbba1b975a1e8675abb5dff3ef4cb6'
[0d738628-8205-4fb7-9063-0c64b85c2225/build] ‚≠ê Run Main actions/checkout@v3
[0d738628-8205-4fb7-9063-0c64b85c2225/build] unable to get git ref: failed to identify reference (tag/branch) for the checked-out revision 'ee8d5c62f4fbba1b975a1e8675abb5dff3ef4cb6'
[0d738628-8205-4fb7-9063-0c64b85c2225/build] unable to get git ref: failed to identify reference (tag/branch) for the checked-out revision 'ee8d5c62f4fbba1b975a1e8675abb5dff3ef4cb6'
[0d738628-8205-4fb7-9063-0c64b85c2225/build]   üê≥  docker cp src=/tmp/1c9a75b4-2007-484f-a945-d6781567f72b/. dst=/tmp/1c9a75b4-2007-484f-a945-d6781567f72b
[0d738628-8205-4fb7-9063-0c64b85c2225/build]   üê≥  docker exec cmd=[chown -R 1012:1013 /tmp/1c9a75b4-2007-484f-a945-d6781567f72b] user=0 workdir=
[0d738628-8205-4fb7-9063-0c64b85c2225/build]   ‚úÖ  Success - Main actions/checkout@v3
[0d738628-8205-4fb7-9063-0c64b85c2225/build] unable to get git ref: failed to identify reference (tag/branch) for the checked-out revision 'ee8d5c62f4fbba1b975a1e8675abb5dff3ef4cb6'
[0d738628-8205-4fb7-9063-0c64b85c2225/build] unable to get git ref: failed to identify reference (tag/branch) for the checked-out revision 'ee8d5c62f4fbba1b975a1e8675abb5dff3ef4cb6'
[0d738628-8205-4fb7-9063-0c64b85c2225/build] unable to get git ref: failed to identify reference (tag/branch) for the checked-out revision 'ee8d5c62f4fbba1b975a1e8675abb5dff3ef4cb6'
[0d738628-8205-4fb7-9063-0c64b85c2225/build] unable to get git ref: failed to identify reference (tag/branch) for the checked-out revision 'ee8d5c62f4fbba1b975a1e8675abb5dff3ef4cb6'
[0d738628-8205-4fb7-9063-0c64b85c2225/build] unable to get git ref: failed to identify reference (tag/branch) for the checked-out revision 'ee8d5c62f4fbba1b975a1e8675abb5dff3ef4cb6'
[0d738628-8205-4fb7-9063-0c64b85c2225/build] ‚≠ê Run Main actions/setup-java@v3
[0d738628-8205-4fb7-9063-0c64b85c2225/build] unable to get git ref: failed to identify reference (tag/branch) for the checked-out revision 'ee8d5c62f4fbba1b975a1e8675abb5dff3ef4cb6'
[0d738628-8205-4fb7-9063-0c64b85c2225/build] unable to get git ref: failed to identify reference (tag/branch) for the checked-out revision 'ee8d5c62f4fbba1b975a1e8675abb5dff3ef4cb6'
[0d738628-8205-4fb7-9063-0c64b85c2225/build] unable to get git ref: failed to identify reference (tag/branch) for the checked-out revision 'ee8d5c62f4fbba1b975a1e8675abb5dff3ef4cb6'
[0d738628-8205-4fb7-9063-0c64b85c2225/build]   üê≥  docker cp src=/tmp/act-cache/27c48a5b-2ef1-42b5-adfd-cea03259e653/act/actions-setup-java@v3/ dst=/var/run/act/actions/actions-setup-java@v3/
[0d738628-8205-4fb7-9063-0c64b85c2225/build]   üê≥  docker exec cmd=[chown -R 1012:1013 /var/run/act/actions/actions-setup-java@v3/] user=0 workdir=
[0d738628-8205-4fb7-9063-0c64b85c2225/build]   üê≥  docker exec cmd=[node /var/run/act/actions/actions-setup-java@v3/dist/setup/index.js] user= workdir=
[0d738628-8205-4fb7-9063-0c64b85c2225/build]   ‚ùì  ::group::Installed distributions
[0d738628-8205-4fb7-9063-0c64b85c2225/build]   üí¨  ::debug::isExplicit: 11.0.20-1
[0d738628-8205-4fb7-9063-0c64b85c2225/build]   üí¨  ::debug::explicit? true
[0d738628-8205-4fb7-9063-0c64b85c2225/build]   üí¨  ::debug::isExplicit: 17.0.8-1
[0d738628-8205-4fb7-9063-0c64b85c2225/build]   üí¨  ::debug::explicit? true
[0d738628-8205-4fb7-9063-0c64b85c2225/build]   üí¨  ::debug::isExplicit: 21.0.0-35
[0d738628-8205-4fb7-9063-0c64b85c2225/build]   üí¨  ::debug::explicit? true
[0d738628-8205-4fb7-9063-0c64b85c2225/build]   üí¨  ::debug::isExplicit: 8.0.382-5
[0d738628-8205-4fb7-9063-0c64b85c2225/build]   üí¨  ::debug::explicit? true
[0d738628-8205-4fb7-9063-0c64b85c2225/build]   | Resolved Java 8.0.382+5 from tool-cache
[0d738628-8205-4fb7-9063-0c64b85c2225/build]   | Setting Java 8.0.382+5 as the default
[0d738628-8205-4fb7-9063-0c64b85c2225/build]   | Creating toolchains.xml for JDK version 8 from temurin
[0d738628-8205-4fb7-9063-0c64b85c2225/build]   | Writing to /home/runner/.m2/toolchains.xml
[0d738628-8205-4fb7-9063-0c64b85c2225/build]   | 
[0d738628-8205-4fb7-9063-0c64b85c2225/build]   | Java configuration:
[0d738628-8205-4fb7-9063-0c64b85c2225/build]   |   Distribution: temurin
[0d738628-8205-4fb7-9063-0c64b85c2225/build]   |   Version: 8.0.382+5
[0d738628-8205-4fb7-9063-0c64b85c2225/build]   |   Path: /opt/hostedtoolcache/Java_Temurin-Hotspot_jdk/8.0.382-5/x64
[0d738628-8205-4fb7-9063-0c64b85c2225/build]   | 
[0d738628-8205-4fb7-9063-0c64b85c2225/build]   ‚ùì  ::endgroup::
[0d738628-8205-4fb7-9063-0c64b85c2225/build]   ‚ùì add-matcher /run/act/actions/actions-setup-java@v3/.github/java.json
[0d738628-8205-4fb7-9063-0c64b85c2225/build]   | Creating settings.xml with server-id: github
[0d738628-8205-4fb7-9063-0c64b85c2225/build]   | Writing to /home/runner/.m2/settings.xml
[0d738628-8205-4fb7-9063-0c64b85c2225/build]   ‚úÖ  Success - Main actions/setup-java@v3
[0d738628-8205-4fb7-9063-0c64b85c2225/build]   ‚öô  ::set-env:: JAVA_HOME_8_X64=/opt/hostedtoolcache/Java_Temurin-Hotspot_jdk/8.0.382-5/x64
[0d738628-8205-4fb7-9063-0c64b85c2225/build]   ‚öô  ::set-env:: JAVA_HOME=/opt/hostedtoolcache/Java_Temurin-Hotspot_jdk/8.0.382-5/x64
[0d738628-8205-4fb7-9063-0c64b85c2225/build]   ‚öô  ::set-output:: distribution=Temurin-Hotspot
[0d738628-8205-4fb7-9063-0c64b85c2225/build]   ‚öô  ::set-output:: path=/opt/hostedtoolcache/Java_Temurin-Hotspot_jdk/8.0.382-5/x64
[0d738628-8205-4fb7-9063-0c64b85c2225/build]   ‚öô  ::set-output:: version=8.0.382+5
[0d738628-8205-4fb7-9063-0c64b85c2225/build]   ‚öô  ::add-path:: /opt/hostedtoolcache/Java_Temurin-Hotspot_jdk/8.0.382-5/x64/bin
[0d738628-8205-4fb7-9063-0c64b85c2225/build] unable to get git ref: failed to identify reference (tag/branch) for the checked-out revision 'ee8d5c62f4fbba1b975a1e8675abb5dff3ef4cb6'
[0d738628-8205-4fb7-9063-0c64b85c2225/build] unable to get git ref: failed to identify reference (tag/branch) for the checked-out revision 'ee8d5c62f4fbba1b975a1e8675abb5dff3ef4cb6'
[0d738628-8205-4fb7-9063-0c64b85c2225/build] unable to get git ref: failed to identify reference (tag/branch) for the checked-out revision 'ee8d5c62f4fbba1b975a1e8675abb5dff3ef4cb6'
[0d738628-8205-4fb7-9063-0c64b85c2225/build] unable to get git ref: failed to identify reference (tag/branch) for the checked-out revision 'ee8d5c62f4fbba1b975a1e8675abb5dff3ef4cb6'
[0d738628-8205-4fb7-9063-0c64b85c2225/build] unable to get git ref: failed to identify reference (tag/branch) for the checked-out revision 'ee8d5c62f4fbba1b975a1e8675abb5dff3ef4cb6'
[0d738628-8205-4fb7-9063-0c64b85c2225/build] ‚≠ê Run Main mvn -B install --no-transfer-progress
[0d738628-8205-4fb7-9063-0c64b85c2225/build] unable to get git ref: failed to identify reference (tag/branch) for the checked-out revision 'ee8d5c62f4fbba1b975a1e8675abb5dff3ef4cb6'
[0d738628-8205-4fb7-9063-0c64b85c2225/build] unable to get git ref: failed to identify reference (tag/branch) for the checked-out revision 'ee8d5c62f4fbba1b975a1e8675abb5dff3ef4cb6'
[0d738628-8205-4fb7-9063-0c64b85c2225/build] unable to get git ref: failed to identify reference (tag/branch) for the checked-out revision 'ee8d5c62f4fbba1b975a1e8675abb5dff3ef4cb6'
[0d738628-8205-4fb7-9063-0c64b85c2225/build] unable to get git ref: failed to identify reference (tag/branch) for the checked-out revision 'ee8d5c62f4fbba1b975a1e8675abb5dff3ef4cb6'
[0d738628-8205-4fb7-9063-0c64b85c2225/build]   üê≥  docker exec cmd=[bash --noprofile --norc -e -o pipefail /var/run/act/workflow/2] user= workdir=
[0d738628-8205-4fb7-9063-0c64b85c2225/build]   | [INFO] Scanning for projects...
[0d738628-8205-4fb7-9063-0c64b85c2225/build]   | [WARNING] 
[0d738628-8205-4fb7-9063-0c64b85c2225/build]   | [WARNING] Some problems were encountered while building the effective model for me.gosimple:nbvcxz:jar:1.5.1
[0d738628-8205-4fb7-9063-0c64b85c2225/build]   | [WARNING] 'build.plugins.plugin.(groupId:artifactId)' must be unique but found duplicate declaration of plugin org.apache.maven.plugins:maven-jar-plugin @ line 129, column 21
[0d738628-8205-4fb7-9063-0c64b85c2225/build]   | [WARNING] 
[0d738628-8205-4fb7-9063-0c64b85c2225/build]   | [WARNING] It is highly recommended to fix these problems because they threaten the stability of your build.
[0d738628-8205-4fb7-9063-0c64b85c2225/build]   | [WARNING] 
[0d738628-8205-4fb7-9063-0c64b85c2225/build]   | [WARNING] For this reason, future Maven versions might no longer support building such malformed projects.
[0d738628-8205-4fb7-9063-0c64b85c2225/build]   | [WARNING] 
[0d738628-8205-4fb7-9063-0c64b85c2225/build]   | [INFO] Inspecting build with total of 1 modules...
[0d738628-8205-4fb7-9063-0c64b85c2225/build]   | [INFO] Not installing Nexus Staging features:
[0d738628-8205-4fb7-9063-0c64b85c2225/build]   | [INFO]  * Preexisting staging related goal bindings found in 1 modules.
[0d738628-8205-4fb7-9063-0c64b85c2225/build]   | [WARNING] The project me.gosimple:nbvcxz:jar:1.5.1 uses prerequisites which is only intended for maven-plugin projects but not for non maven-plugin projects. For such purposes you should use the maven-enforcer-plugin. See https://maven.apache.org/enforcer/enforcer-rules/requireMavenVersion.html
[0d738628-8205-4fb7-9063-0c64b85c2225/build]   | [INFO] 
[0d738628-8205-4fb7-9063-0c64b85c2225/build]   | [INFO] -------------------------< me.gosimple:nbvcxz >-------------------------
[0d738628-8205-4fb7-9063-0c64b85c2225/build]   | [INFO] Building nbvcxz 1.5.1
[0d738628-8205-4fb7-9063-0c64b85c2225/build]   | [INFO]   from pom.xml
[0d738628-8205-4fb7-9063-0c64b85c2225/build]   | [INFO] --------------------------------[ jar ]---------------------------------
[0d738628-8205-4fb7-9063-0c64b85c2225/build]   | [INFO] 
[0d738628-8205-4fb7-9063-0c64b85c2225/build]   | [INFO] --- maven-resources-plugin:3.1.0:resources (default-resources) @ nbvcxz ---
[0d738628-8205-4fb7-9063-0c64b85c2225/build]   | [INFO] Using 'UTF-8' encoding to copy filtered resources.
[0d738628-8205-4fb7-9063-0c64b85c2225/build]   | [INFO] Copying 36 resources
[0d738628-8205-4fb7-9063-0c64b85c2225/build]   | [INFO] 
[0d738628-8205-4fb7-9063-0c64b85c2225/build]   | [INFO] --- maven-compiler-plugin:3.8.1:compile (default-compile) @ nbvcxz ---
[0d738628-8205-4fb7-9063-0c64b85c2225/build]   | [INFO] Changes detected - recompiling the module!
[0d738628-8205-4fb7-9063-0c64b85c2225/build]   | [INFO] Compiling 34 source files to /tmp/1c9a75b4-2007-484f-a945-d6781567f72b/target/classes
[0d738628-8205-4fb7-9063-0c64b85c2225/build]   | [INFO] /tmp/1c9a75b4-2007-484f-a945-d6781567f72b/src/main/java/me/gosimple/nbvcxz/matching/DictionaryMatcher.java: Some input files use unchecked or unsafe operations.
[0d738628-8205-4fb7-9063-0c64b85c2225/build]   | [INFO] /tmp/1c9a75b4-2007-484f-a945-d6781567f72b/src/main/java/me/gosimple/nbvcxz/matching/DictionaryMatcher.java: Recompile with -Xlint:unchecked for details.
[0d738628-8205-4fb7-9063-0c64b85c2225/build]   | [INFO] 
[0d738628-8205-4fb7-9063-0c64b85c2225/build]   | [INFO] --- maven-resources-plugin:3.1.0:testResources (default-testResources) @ nbvcxz ---
[0d738628-8205-4fb7-9063-0c64b85c2225/build]   | [INFO] Using 'UTF-8' encoding to copy filtered resources.
[0d738628-8205-4fb7-9063-0c64b85c2225/build]   | [INFO] skip non existing resourceDirectory /tmp/1c9a75b4-2007-484f-a945-d6781567f72b/src/test/resources
[0d738628-8205-4fb7-9063-0c64b85c2225/build]   | [INFO] 
[0d738628-8205-4fb7-9063-0c64b85c2225/build]   | [INFO] --- maven-compiler-plugin:3.8.1:testCompile (default-testCompile) @ nbvcxz ---
[0d738628-8205-4fb7-9063-0c64b85c2225/build]   | [INFO] Changes detected - recompiling the module!
[0d738628-8205-4fb7-9063-0c64b85c2225/build]   | [INFO] Compiling 20 source files to /tmp/1c9a75b4-2007-484f-a945-d6781567f72b/target/test-classes
[0d738628-8205-4fb7-9063-0c64b85c2225/build]   | [INFO] /tmp/1c9a75b4-2007-484f-a945-d6781567f72b/src/test/java/me/gosimple/nbvcxz/matching/match/BaseMatchTest.java: Some input files use or override a deprecated API.
[0d738628-8205-4fb7-9063-0c64b85c2225/build]   | [INFO] /tmp/1c9a75b4-2007-484f-a945-d6781567f72b/src/test/java/me/gosimple/nbvcxz/matching/match/BaseMatchTest.java: Recompile with -Xlint:deprecation for details.
[0d738628-8205-4fb7-9063-0c64b85c2225/build]   | [INFO] 
[0d738628-8205-4fb7-9063-0c64b85c2225/build]   | [INFO] --- maven-surefire-plugin:2.12.4:test (default-test) @ nbvcxz ---
[0d738628-8205-4fb7-9063-0c64b85c2225/build]   | [INFO] Surefire report directory: /tmp/1c9a75b4-2007-484f-a945-d6781567f72b/target/surefire-reports
[0d738628-8205-4fb7-9063-0c64b85c2225/build]   | 
[0d738628-8205-4fb7-9063-0c64b85c2225/build]   | -------------------------------------------------------
[0d738628-8205-4fb7-9063-0c64b85c2225/build]   |  T E S T S
[0d738628-8205-4fb7-9063-0c64b85c2225/build]   | -------------------------------------------------------
[0d738628-8205-4fb7-9063-0c64b85c2225/build]   | Running me.gosimple.nbvcxz.NbvcxzTest
[0d738628-8205-4fb7-9063-0c64b85c2225/build]   | Tests run: 4, Failures: 0, Errors: 0, Skipped: 0, Time elapsed: 2.447 sec
[0d738628-8205-4fb7-9063-0c64b85c2225/build]   | Running me.gosimple.nbvcxz.resources.DictionaryUtilTest
[0d738628-8205-4fb7-9063-0c64b85c2225/build]   | Test of loadFile method, of class DictionaryUtil
[0d738628-8205-4fb7-9063-0c64b85c2225/build]   | Tests run: 1, Failures: 0, Errors: 0, Skipped: 0, Time elapsed: 0.069 sec
[0d738628-8205-4fb7-9063-0c64b85c2225/build]   | Running me.gosimple.nbvcxz.resources.AdjacencyGraphUtilTest
[0d738628-8205-4fb7-9063-0c64b85c2225/build]   | Test of calcAverageDegree method, of class AdjacencyGraphUtil
[0d738628-8205-4fb7-9063-0c64b85c2225/build]   | Test of neighborsNumber method, of class AdjacencyGraphUtil
[0d738628-8205-4fb7-9063-0c64b85c2225/build]   | Tests run: 2, Failures: 0, Errors: 0, Skipped: 0, Time elapsed: 0 sec
[0d738628-8205-4fb7-9063-0c64b85c2225/build]   | Running me.gosimple.nbvcxz.resources.CharacterCaseUtilTest
[0d738628-8205-4fb7-9063-0c64b85c2225/build]   | Tests run: 2, Failures: 0, Errors: 0, Skipped: 0, Time elapsed: 0.003 sec
[0d738628-8205-4fb7-9063-0c64b85c2225/build]   | Running me.gosimple.nbvcxz.scoring.TimeEstimateTest
[0d738628-8205-4fb7-9063-0c64b85c2225/build]   | Tests run: 1, Failures: 0, Errors: 0, Skipped: 0, Time elapsed: 0.112 sec
[0d738628-8205-4fb7-9063-0c64b85c2225/build]   | Running me.gosimple.nbvcxz.scoring.ScoreTest
[0d738628-8205-4fb7-9063-0c64b85c2225/build]   | Tests run: 1, Failures: 0, Errors: 0, Skipped: 0, Time elapsed: 0.118 sec
[0d738628-8205-4fb7-9063-0c64b85c2225/build]   | Running me.gosimple.nbvcxz.scoring.BruteForceUtilTest
[0d738628-8205-4fb7-9063-0c64b85c2225/build]   | Test of calculateBrutForceCardinality method, of class BruteForceUtil
[0d738628-8205-4fb7-9063-0c64b85c2225/build]   | Tests run: 1, Failures: 0, Errors: 0, Skipped: 0, Time elapsed: 0 sec
[0d738628-8205-4fb7-9063-0c64b85c2225/build]   | Running me.gosimple.nbvcxz.matching.RepeatMatcherTest
[0d738628-8205-4fb7-9063-0c64b85c2225/build]   | Tests run: 1, Failures: 0, Errors: 0, Skipped: 0, Time elapsed: 0 sec
[0d738628-8205-4fb7-9063-0c64b85c2225/build]   | Running me.gosimple.nbvcxz.matching.YearMatcherTest
[0d738628-8205-4fb7-9063-0c64b85c2225/build]   | Tests run: 1, Failures: 0, Errors: 0, Skipped: 0, Time elapsed: 0.001 sec
[0d738628-8205-4fb7-9063-0c64b85c2225/build]   | Running me.gosimple.nbvcxz.matching.DateMatcherTest
[0d738628-8205-4fb7-9063-0c64b85c2225/build]   | Tests run: 1, Failures: 0, Errors: 0, Skipped: 0, Time elapsed: 0.003 sec
[0d738628-8205-4fb7-9063-0c64b85c2225/build]   | Running me.gosimple.nbvcxz.matching.SequenceMatcherTest
[0d738628-8205-4fb7-9063-0c64b85c2225/build]   | Tests run: 1, Failures: 0, Errors: 0, Skipped: 0, Time elapsed: 0 sec
[0d738628-8205-4fb7-9063-0c64b85c2225/build]   | Running me.gosimple.nbvcxz.matching.SpacialMatcherTest
[0d738628-8205-4fb7-9063-0c64b85c2225/build]   | Tests run: 1, Failures: 0, Errors: 0, Skipped: 0, Time elapsed: 0.001 sec
[0d738628-8205-4fb7-9063-0c64b85c2225/build]   | Running me.gosimple.nbvcxz.matching.DictionaryMatcherTest
[0d738628-8205-4fb7-9063-0c64b85c2225/build]   | Test of dictionaryMatch method (without leet value), of class DictionaryMatcher
[0d738628-8205-4fb7-9063-0c64b85c2225/build]   | Test of dictionaryMatch method (with LD calculation), of class DictionaryMatcher
[0d738628-8205-4fb7-9063-0c64b85c2225/build]   | Test of dictionaryMatch method (with leet value), of class DictionaryMatcher
[0d738628-8205-4fb7-9063-0c64b85c2225/build]   | Tests run: 3, Failures: 0, Errors: 0, Skipped: 0, Time elapsed: 0.088 sec
[0d738628-8205-4fb7-9063-0c64b85c2225/build]   | Running me.gosimple.nbvcxz.matching.match.RepeatMatchTest
[0d738628-8205-4fb7-9063-0c64b85c2225/build]   | Test of guessEntropy method, of class RepeatMatch
[0d738628-8205-4fb7-9063-0c64b85c2225/build]   | Tests run: 1, Failures: 0, Errors: 0, Skipped: 0, Time elapsed: 0 sec
[0d738628-8205-4fb7-9063-0c64b85c2225/build]   | Running me.gosimple.nbvcxz.matching.match.SpacialMatchTest
[0d738628-8205-4fb7-9063-0c64b85c2225/build]   | Test of guessEntropy method, of class SpacialMatch
[0d738628-8205-4fb7-9063-0c64b85c2225/build]   | Tests run: 1, Failures: 0, Errors: 0, Skipped: 0, Time elapsed: 0.001 sec
[0d738628-8205-4fb7-9063-0c64b85c2225/build]   | Running me.gosimple.nbvcxz.matching.match.YearMatchTest
[0d738628-8205-4fb7-9063-0c64b85c2225/build]   | Test of guessEntropy method, of class YearMatch
[0d738628-8205-4fb7-9063-0c64b85c2225/build]   | Tests run: 1, Failures: 0, Errors: 0, Skipped: 0, Time elapsed: 0.002 sec
[0d738628-8205-4fb7-9063-0c64b85c2225/build]   | Running me.gosimple.nbvcxz.matching.match.DateMatchTest
[0d738628-8205-4fb7-9063-0c64b85c2225/build]   | Test of guessEntropy method, of class DateMatch
[0d738628-8205-4fb7-9063-0c64b85c2225/build]   | Tests run: 1, Failures: 0, Errors: 0, Skipped: 0, Time elapsed: 0 sec
[0d738628-8205-4fb7-9063-0c64b85c2225/build]   | Running me.gosimple.nbvcxz.matching.match.SequenceMatchTest
[0d738628-8205-4fb7-9063-0c64b85c2225/build]   | Test of guessEntropy method, of class SequenceMatch
[0d738628-8205-4fb7-9063-0c64b85c2225/build]   | Tests run: 1, Failures: 0, Errors: 0, Skipped: 0, Time elapsed: 0.001 sec
[0d738628-8205-4fb7-9063-0c64b85c2225/build]   | Running me.gosimple.nbvcxz.matching.match.BaseMatchTest
[0d738628-8205-4fb7-9063-0c64b85c2225/build]   | Test of getToken method, of class BaseMatch
[0d738628-8205-4fb7-9063-0c64b85c2225/build]   | Test of nCk method, of class BaseMatch.
[0d738628-8205-4fb7-9063-0c64b85c2225/build]   | Test of log2 method, of class BaseMatch
[0d738628-8205-4fb7-9063-0c64b85c2225/build]   | Test of the constructor of class BaseMatch
[0d738628-8205-4fb7-9063-0c64b85c2225/build]   | Tests run: 4, Failures: 0, Errors: 0, Skipped: 0, Time elapsed: 0.009 sec
[0d738628-8205-4fb7-9063-0c64b85c2225/build]   | Running me.gosimple.nbvcxz.matching.match.DictionaryMatchTest
[0d738628-8205-4fb7-9063-0c64b85c2225/build]   | Test of guessEntropy method, of class DictionaryMatch
[0d738628-8205-4fb7-9063-0c64b85c2225/build]   | Tests run: 1, Failures: 0, Errors: 0, Skipped: 0, Time elapsed: 0 sec
[0d738628-8205-4fb7-9063-0c64b85c2225/build]   | 
[0d738628-8205-4fb7-9063-0c64b85c2225/build]   | Results :
[0d738628-8205-4fb7-9063-0c64b85c2225/build]   | 
[0d738628-8205-4fb7-9063-0c64b85c2225/build]   | Tests run: 30, Failures: 0, Errors: 0, Skipped: 0
[0d738628-8205-4fb7-9063-0c64b85c2225/build]   | 
[0d738628-8205-4fb7-9063-0c64b85c2225/build]   | [INFO] 
[0d738628-8205-4fb7-9063-0c64b85c2225/build]   | [INFO] --- maven-jar-plugin:3.2.0:jar (default-jar) @ nbvcxz ---
[0d738628-8205-4fb7-9063-0c64b85c2225/build]   | [INFO] Building jar: /tmp/1c9a75b4-2007-484f-a945-d6781567f72b/target/nbvcxz-1.5.1.jar
[0d738628-8205-4fb7-9063-0c64b85c2225/build]   | [INFO] 
[0d738628-8205-4fb7-9063-0c64b85c2225/build]   | [INFO] >>> maven-source-plugin:3.2.1:jar (attach-sources) > generate-sources @ nbvcxz >>>
[0d738628-8205-4fb7-9063-0c64b85c2225/build]   | [INFO] 
[0d738628-8205-4fb7-9063-0c64b85c2225/build]   | [INFO] <<< maven-source-plugin:3.2.1:jar (attach-sources) < generate-sources @ nbvcxz <<<
[0d738628-8205-4fb7-9063-0c64b85c2225/build]   | [INFO] 
[0d738628-8205-4fb7-9063-0c64b85c2225/build]   | [INFO] 
[0d738628-8205-4fb7-9063-0c64b85c2225/build]   | [INFO] --- maven-source-plugin:3.2.1:jar (attach-sources) @ nbvcxz ---
[0d738628-8205-4fb7-9063-0c64b85c2225/build]   | [INFO] Building jar: /tmp/1c9a75b4-2007-484f-a945-d6781567f72b/target/nbvcxz-1.5.1-sources.jar
[0d738628-8205-4fb7-9063-0c64b85c2225/build]   | [INFO] 
[0d738628-8205-4fb7-9063-0c64b85c2225/build]   | [INFO] --- maven-javadoc-plugin:3.1.1:jar (attach-javadocs) @ nbvcxz ---
[0d738628-8205-4fb7-9063-0c64b85c2225/build]   | [INFO] 
[0d738628-8205-4fb7-9063-0c64b85c2225/build]   | Loading source files for package me.gosimple.nbvcxz.scoring...
[0d738628-8205-4fb7-9063-0c64b85c2225/build]   | Loading source files for package me.gosimple.nbvcxz.resources...
[0d738628-8205-4fb7-9063-0c64b85c2225/build]   | Loading source files for package me.gosimple.nbvcxz.matching.match...
[0d738628-8205-4fb7-9063-0c64b85c2225/build]   | Loading source files for package me.gosimple.nbvcxz.matching...
[0d738628-8205-4fb7-9063-0c64b85c2225/build]   | Loading source files for package me.gosimple.nbvcxz...
[0d738628-8205-4fb7-9063-0c64b85c2225/build]   | Constructing Javadoc information...
[0d738628-8205-4fb7-9063-0c64b85c2225/build]   | Standard Doclet version 1.8.0_382
[0d738628-8205-4fb7-9063-0c64b85c2225/build]   | Building tree for all the packages and classes...
[0d738628-8205-4fb7-9063-0c64b85c2225/build]   | Generating /tmp/1c9a75b4-2007-484f-a945-d6781567f72b/target/apidocs/me/gosimple/nbvcxz/scoring/Result.html...
[0d738628-8205-4fb7-9063-0c64b85c2225/build]   | Generating /tmp/1c9a75b4-2007-484f-a945-d6781567f72b/target/apidocs/me/gosimple/nbvcxz/scoring/TimeEstimate.html...
[0d738628-8205-4fb7-9063-0c64b85c2225/build]   | Generating /tmp/1c9a75b4-2007-484f-a945-d6781567f72b/target/apidocs/me/gosimple/nbvcxz/resources/AdjacencyGraph.html...
[0d738628-8205-4fb7-9063-0c64b85c2225/build]   | Generating /tmp/1c9a75b4-2007-484f-a945-d6781567f72b/target/apidocs/me/gosimple/nbvcxz/resources/AdjacencyGraphUtil.html...
[0d738628-8205-4fb7-9063-0c64b85c2225/build]   | Generating /tmp/1c9a75b4-2007-484f-a945-d6781567f72b/target/apidocs/me/gosimple/nbvcxz/resources/BestMatches.html...
[0d738628-8205-4fb7-9063-0c64b85c2225/build]   | Generating /tmp/1c9a75b4-2007-484f-a945-d6781567f72b/target/apidocs/me/gosimple/nbvcxz/resources/BruteForceUtil.html...
[0d738628-8205-4fb7-9063-0c64b85c2225/build]   | Generating /tmp/1c9a75b4-2007-484f-a945-d6781567f72b/target/apidocs/me/gosimple/nbvcxz/resources/CharacterCaseUtil.html...
[0d738628-8205-4fb7-9063-0c64b85c2225/build]   | Generating /tmp/1c9a75b4-2007-484f-a945-d6781567f72b/target/apidocs/me/gosimple/nbvcxz/resources/Configuration.html...
[0d738628-8205-4fb7-9063-0c64b85c2225/build]   | Generating /tmp/1c9a75b4-2007-484f-a945-d6781567f72b/target/apidocs/me/gosimple/nbvcxz/resources/ConfigurationBuilder.html...
[0d738628-8205-4fb7-9063-0c64b85c2225/build]   | Generating /tmp/1c9a75b4-2007-484f-a945-d6781567f72b/target/apidocs/me/gosimple/nbvcxz/resources/Dictionary.html...
[0d738628-8205-4fb7-9063-0c64b85c2225/build]   | Generating /tmp/1c9a75b4-2007-484f-a945-d6781567f72b/target/apidocs/me/gosimple/nbvcxz/resources/DictionaryBuilder.html...
[0d738628-8205-4fb7-9063-0c64b85c2225/build]   | Generating /tmp/1c9a75b4-2007-484f-a945-d6781567f72b/target/apidocs/me/gosimple/nbvcxz/resources/DictionaryUtil.html...
[0d738628-8205-4fb7-9063-0c64b85c2225/build]   | Generating /tmp/1c9a75b4-2007-484f-a945-d6781567f72b/target/apidocs/me/gosimple/nbvcxz/resources/Feedback.html...
[0d738628-8205-4fb7-9063-0c64b85c2225/build]   | Generating /tmp/1c9a75b4-2007-484f-a945-d6781567f72b/target/apidocs/me/gosimple/nbvcxz/resources/FeedbackUtil.html...
[0d738628-8205-4fb7-9063-0c64b85c2225/build]   | Generating /tmp/1c9a75b4-2007-484f-a945-d6781567f72b/target/apidocs/me/gosimple/nbvcxz/resources/Generator.html...
[0d738628-8205-4fb7-9063-0c64b85c2225/build]   | Generating /tmp/1c9a75b4-2007-484f-a945-d6781567f72b/target/apidocs/me/gosimple/nbvcxz/resources/Generator.CharacterTypes.html...
[0d738628-8205-4fb7-9063-0c64b85c2225/build]   | Generating /tmp/1c9a75b4-2007-484f-a945-d6781567f72b/target/apidocs/me/gosimple/nbvcxz/matching/match/BaseMatch.html...
[0d738628-8205-4fb7-9063-0c64b85c2225/build]   | Generating /tmp/1c9a75b4-2007-484f-a945-d6781567f72b/target/apidocs/me/gosimple/nbvcxz/matching/match/BruteForceMatch.html...
[0d738628-8205-4fb7-9063-0c64b85c2225/build]   | Generating /tmp/1c9a75b4-2007-484f-a945-d6781567f72b/target/apidocs/me/gosimple/nbvcxz/matching/match/DateMatch.html...
[0d738628-8205-4fb7-9063-0c64b85c2225/build]   | Generating /tmp/1c9a75b4-2007-484f-a945-d6781567f72b/target/apidocs/me/gosimple/nbvcxz/matching/match/DictionaryMatch.html...
[0d738628-8205-4fb7-9063-0c64b85c2225/build]   | Generating /tmp/1c9a75b4-2007-484f-a945-d6781567f72b/target/apidocs/me/gosimple/nbvcxz/matching/match/Match.html...
[0d738628-8205-4fb7-9063-0c64b85c2225/build]   | Generating /tmp/1c9a75b4-2007-484f-a945-d6781567f72b/target/apidocs/me/gosimple/nbvcxz/matching/match/RepeatMatch.html...
[0d738628-8205-4fb7-9063-0c64b85c2225/build]   | Generating /tmp/1c9a75b4-2007-484f-a945-d6781567f72b/target/apidocs/me/gosimple/nbvcxz/matching/match/SeparatorMatch.html...
[0d738628-8205-4fb7-9063-0c64b85c2225/build]   | Generating /tmp/1c9a75b4-2007-484f-a945-d6781567f72b/target/apidocs/me/gosimple/nbvcxz/matching/match/SequenceMatch.html...
[0d738628-8205-4fb7-9063-0c64b85c2225/build]   | Generating /tmp/1c9a75b4-2007-484f-a945-d6781567f72b/target/apidocs/me/gosimple/nbvcxz/matching/match/SpacialMatch.html...
[0d738628-8205-4fb7-9063-0c64b85c2225/build]   | Generating /tmp/1c9a75b4-2007-484f-a945-d6781567f72b/target/apidocs/me/gosimple/nbvcxz/matching/match/YearMatch.html...
[0d738628-8205-4fb7-9063-0c64b85c2225/build]   | Generating /tmp/1c9a75b4-2007-484f-a945-d6781567f72b/target/apidocs/me/gosimple/nbvcxz/matching/DateMatcher.html...
[0d738628-8205-4fb7-9063-0c64b85c2225/build]   | Generating /tmp/1c9a75b4-2007-484f-a945-d6781567f72b/target/apidocs/me/gosimple/nbvcxz/matching/DictionaryMatcher.html...
[0d738628-8205-4fb7-9063-0c64b85c2225/build]   | Generating /tmp/1c9a75b4-2007-484f-a945-d6781567f72b/target/apidocs/me/gosimple/nbvcxz/matching/PasswordMatcher.html...
[0d738628-8205-4fb7-9063-0c64b85c2225/build]   | Generating /tmp/1c9a75b4-2007-484f-a945-d6781567f72b/target/apidocs/me/gosimple/nbvcxz/matching/RepeatMatcher.html...
[0d738628-8205-4fb7-9063-0c64b85c2225/build]   | Generating /tmp/1c9a75b4-2007-484f-a945-d6781567f72b/target/apidocs/me/gosimple/nbvcxz/matching/SeparatorMatcher.html...
[0d738628-8205-4fb7-9063-0c64b85c2225/build]   | Generating /tmp/1c9a75b4-2007-484f-a945-d6781567f72b/target/apidocs/me/gosimple/nbvcxz/matching/SequenceMatcher.html...
[0d738628-8205-4fb7-9063-0c64b85c2225/build]   | Generating /tmp/1c9a75b4-2007-484f-a945-d6781567f72b/target/apidocs/me/gosimple/nbvcxz/matching/SpacialMatcher.html...
[0d738628-8205-4fb7-9063-0c64b85c2225/build]   | Generating /tmp/1c9a75b4-2007-484f-a945-d6781567f72b/target/apidocs/me/gosimple/nbvcxz/matching/YearMatcher.html...
[0d738628-8205-4fb7-9063-0c64b85c2225/build]   | Generating /tmp/1c9a75b4-2007-484f-a945-d6781567f72b/target/apidocs/me/gosimple/nbvcxz/Nbvcxz.html...
[0d738628-8205-4fb7-9063-0c64b85c2225/build]   | Generating /tmp/1c9a75b4-2007-484f-a945-d6781567f72b/target/apidocs/overview-frame.html...
[0d738628-8205-4fb7-9063-0c64b85c2225/build]   | Generating /tmp/1c9a75b4-2007-484f-a945-d6781567f72b/target/apidocs/me/gosimple/nbvcxz/package-frame.html...
[0d738628-8205-4fb7-9063-0c64b85c2225/build]   | Generating /tmp/1c9a75b4-2007-484f-a945-d6781567f72b/target/apidocs/me/gosimple/nbvcxz/package-summary.html...
[0d738628-8205-4fb7-9063-0c64b85c2225/build]   | Generating /tmp/1c9a75b4-2007-484f-a945-d6781567f72b/target/apidocs/me/gosimple/nbvcxz/package-tree.html...
[0d738628-8205-4fb7-9063-0c64b85c2225/build]   | Generating /tmp/1c9a75b4-2007-484f-a945-d6781567f72b/target/apidocs/me/gosimple/nbvcxz/matching/package-frame.html...
[0d738628-8205-4fb7-9063-0c64b85c2225/build]   | Generating /tmp/1c9a75b4-2007-484f-a945-d6781567f72b/target/apidocs/me/gosimple/nbvcxz/matching/package-summary.html...
[0d738628-8205-4fb7-9063-0c64b85c2225/build]   | Generating /tmp/1c9a75b4-2007-484f-a945-d6781567f72b/target/apidocs/me/gosimple/nbvcxz/matching/package-tree.html...
[0d738628-8205-4fb7-9063-0c64b85c2225/build]   | Generating /tmp/1c9a75b4-2007-484f-a945-d6781567f72b/target/apidocs/me/gosimple/nbvcxz/matching/match/package-frame.html...
[0d738628-8205-4fb7-9063-0c64b85c2225/build]   | Generating /tmp/1c9a75b4-2007-484f-a945-d6781567f72b/target/apidocs/me/gosimple/nbvcxz/matching/match/package-summary.html...
[0d738628-8205-4fb7-9063-0c64b85c2225/build]   | Generating /tmp/1c9a75b4-2007-484f-a945-d6781567f72b/target/apidocs/me/gosimple/nbvcxz/matching/match/package-tree.html...
[0d738628-8205-4fb7-9063-0c64b85c2225/build]   | Generating /tmp/1c9a75b4-2007-484f-a945-d6781567f72b/target/apidocs/me/gosimple/nbvcxz/resources/package-frame.html...
[0d738628-8205-4fb7-9063-0c64b85c2225/build]   | Generating /tmp/1c9a75b4-2007-484f-a945-d6781567f72b/target/apidocs/me/gosimple/nbvcxz/resources/package-summary.html...
[0d738628-8205-4fb7-9063-0c64b85c2225/build]   | Generating /tmp/1c9a75b4-2007-484f-a945-d6781567f72b/target/apidocs/me/gosimple/nbvcxz/resources/package-tree.html...
[0d738628-8205-4fb7-9063-0c64b85c2225/build]   | Generating /tmp/1c9a75b4-2007-484f-a945-d6781567f72b/target/apidocs/me/gosimple/nbvcxz/scoring/package-frame.html...
[0d738628-8205-4fb7-9063-0c64b85c2225/build]   | Generating /tmp/1c9a75b4-2007-484f-a945-d6781567f72b/target/apidocs/me/gosimple/nbvcxz/scoring/package-summary.html...
[0d738628-8205-4fb7-9063-0c64b85c2225/build]   | Generating /tmp/1c9a75b4-2007-484f-a945-d6781567f72b/target/apidocs/me/gosimple/nbvcxz/scoring/package-tree.html...
[0d738628-8205-4fb7-9063-0c64b85c2225/build]   | Generating /tmp/1c9a75b4-2007-484f-a945-d6781567f72b/target/apidocs/constant-values.html...
[0d738628-8205-4fb7-9063-0c64b85c2225/build]   | Generating /tmp/1c9a75b4-2007-484f-a945-d6781567f72b/target/apidocs/me/gosimple/nbvcxz/scoring/class-use/Result.html...
[0d738628-8205-4fb7-9063-0c64b85c2225/build]   | Generating /tmp/1c9a75b4-2007-484f-a945-d6781567f72b/target/apidocs/me/gosimple/nbvcxz/scoring/class-use/TimeEstimate.html...
[0d738628-8205-4fb7-9063-0c64b85c2225/build]   | Generating /tmp/1c9a75b4-2007-484f-a945-d6781567f72b/target/apidocs/me/gosimple/nbvcxz/resources/class-use/AdjacencyGraph.html...
[0d738628-8205-4fb7-9063-0c64b85c2225/build]   | Generating /tmp/1c9a75b4-2007-484f-a945-d6781567f72b/target/apidocs/me/gosimple/nbvcxz/resources/class-use/AdjacencyGraphUtil.html...
[0d738628-8205-4fb7-9063-0c64b85c2225/build]   | Generating /tmp/1c9a75b4-2007-484f-a945-d6781567f72b/target/apidocs/me/gosimple/nbvcxz/resources/class-use/BestMatches.html...
[0d738628-8205-4fb7-9063-0c64b85c2225/build]   | Generating /tmp/1c9a75b4-2007-484f-a945-d6781567f72b/target/apidocs/me/gosimple/nbvcxz/resources/class-use/BruteForceUtil.html...
[0d738628-8205-4fb7-9063-0c64b85c2225/build]   | Generating /tmp/1c9a75b4-2007-484f-a945-d6781567f72b/target/apidocs/me/gosimple/nbvcxz/resources/class-use/CharacterCaseUtil.html...
[0d738628-8205-4fb7-9063-0c64b85c2225/build]   | Generating /tmp/1c9a75b4-2007-484f-a945-d6781567f72b/target/apidocs/me/gosimple/nbvcxz/resources/class-use/Configuration.html...
[0d738628-8205-4fb7-9063-0c64b85c2225/build]   | Generating /tmp/1c9a75b4-2007-484f-a945-d6781567f72b/target/apidocs/me/gosimple/nbvcxz/resources/class-use/ConfigurationBuilder.html...
[0d738628-8205-4fb7-9063-0c64b85c2225/build]   | Generating /tmp/1c9a75b4-2007-484f-a945-d6781567f72b/target/apidocs/me/gosimple/nbvcxz/resources/class-use/Dictionary.html...
[0d738628-8205-4fb7-9063-0c64b85c2225/build]   | Generating /tmp/1c9a75b4-2007-484f-a945-d6781567f72b/target/apidocs/me/gosimple/nbvcxz/resources/class-use/DictionaryBuilder.html...
[0d738628-8205-4fb7-9063-0c64b85c2225/build]   | Generating /tmp/1c9a75b4-2007-484f-a945-d6781567f72b/target/apidocs/me/gosimple/nbvcxz/resources/class-use/DictionaryUtil.html...
[0d738628-8205-4fb7-9063-0c64b85c2225/build]   | Generating /tmp/1c9a75b4-2007-484f-a945-d6781567f72b/target/apidocs/me/gosimple/nbvcxz/resources/class-use/Feedback.html...
[0d738628-8205-4fb7-9063-0c64b85c2225/build]   | Generating /tmp/1c9a75b4-2007-484f-a945-d6781567f72b/target/apidocs/me/gosimple/nbvcxz/resources/class-use/FeedbackUtil.html...
[0d738628-8205-4fb7-9063-0c64b85c2225/build]   | Generating /tmp/1c9a75b4-2007-484f-a945-d6781567f72b/target/apidocs/me/gosimple/nbvcxz/resources/class-use/Generator.html...
[0d738628-8205-4fb7-9063-0c64b85c2225/build]   | Generating /tmp/1c9a75b4-2007-484f-a945-d6781567f72b/target/apidocs/me/gosimple/nbvcxz/resources/class-use/Generator.CharacterTypes.html...
[0d738628-8205-4fb7-9063-0c64b85c2225/build]   | Generating /tmp/1c9a75b4-2007-484f-a945-d6781567f72b/target/apidocs/me/gosimple/nbvcxz/matching/match/class-use/BaseMatch.html...
[0d738628-8205-4fb7-9063-0c64b85c2225/build]   | Generating /tmp/1c9a75b4-2007-484f-a945-d6781567f72b/target/apidocs/me/gosimple/nbvcxz/matching/match/class-use/BruteForceMatch.html...
[0d738628-8205-4fb7-9063-0c64b85c2225/build]   | Generating /tmp/1c9a75b4-2007-484f-a945-d6781567f72b/target/apidocs/me/gosimple/nbvcxz/matching/match/class-use/DateMatch.html...
[0d738628-8205-4fb7-9063-0c64b85c2225/build]   | Generating /tmp/1c9a75b4-2007-484f-a945-d6781567f72b/target/apidocs/me/gosimple/nbvcxz/matching/match/class-use/DictionaryMatch.html...
[0d738628-8205-4fb7-9063-0c64b85c2225/build]   | Generating /tmp/1c9a75b4-2007-484f-a945-d6781567f72b/target/apidocs/me/gosimple/nbvcxz/matching/match/class-use/Match.html...
[0d738628-8205-4fb7-9063-0c64b85c2225/build]   | Generating /tmp/1c9a75b4-2007-484f-a945-d6781567f72b/target/apidocs/me/gosimple/nbvcxz/matching/match/class-use/RepeatMatch.html...
[0d738628-8205-4fb7-9063-0c64b85c2225/build]   | Generating /tmp/1c9a75b4-2007-484f-a945-d6781567f72b/target/apidocs/me/gosimple/nbvcxz/matching/match/class-use/SeparatorMatch.html...
[0d738628-8205-4fb7-9063-0c64b85c2225/build]   | Generating /tmp/1c9a75b4-2007-484f-a945-d6781567f72b/target/apidocs/me/gosimple/nbvcxz/matching/match/class-use/SequenceMatch.html...
[0d738628-8205-4fb7-9063-0c64b85c2225/build]   | Generating /tmp/1c9a75b4-2007-484f-a945-d6781567f72b/target/apidocs/me/gosimple/nbvcxz/matching/match/class-use/SpacialMatch.html...
[0d738628-8205-4fb7-9063-0c64b85c2225/build]   | Generating /tmp/1c9a75b4-2007-484f-a945-d6781567f72b/target/apidocs/me/gosimple/nbvcxz/matching/match/class-use/YearMatch.html...
[0d738628-8205-4fb7-9063-0c64b85c2225/build]   | Generating /tmp/1c9a75b4-2007-484f-a945-d6781567f72b/target/apidocs/me/gosimple/nbvcxz/matching/class-use/DateMatcher.html...
[0d738628-8205-4fb7-9063-0c64b85c2225/build]   | Generating /tmp/1c9a75b4-2007-484f-a945-d6781567f72b/target/apidocs/me/gosimple/nbvcxz/matching/class-use/DictionaryMatcher.html...
[0d738628-8205-4fb7-9063-0c64b85c2225/build]   | Generating /tmp/1c9a75b4-2007-484f-a945-d6781567f72b/target/apidocs/me/gosimple/nbvcxz/matching/class-use/PasswordMatcher.html...
[0d738628-8205-4fb7-9063-0c64b85c2225/build]   | Generating /tmp/1c9a75b4-2007-484f-a945-d6781567f72b/target/apidocs/me/gosimple/nbvcxz/matching/class-use/RepeatMatcher.html...
[0d738628-8205-4fb7-9063-0c64b85c2225/build]   | Generating /tmp/1c9a75b4-2007-484f-a945-d6781567f72b/target/apidocs/me/gosimple/nbvcxz/matching/class-use/SeparatorMatcher.html...
[0d738628-8205-4fb7-9063-0c64b85c2225/build]   | Generating /tmp/1c9a75b4-2007-484f-a945-d6781567f72b/target/apidocs/me/gosimple/nbvcxz/matching/class-use/SequenceMatcher.html...
[0d738628-8205-4fb7-9063-0c64b85c2225/build]   | Generating /tmp/1c9a75b4-2007-484f-a945-d6781567f72b/target/apidocs/me/gosimple/nbvcxz/matching/class-use/SpacialMatcher.html...
[0d738628-8205-4fb7-9063-0c64b85c2225/build]   | Generating /tmp/1c9a75b4-2007-484f-a945-d6781567f72b/target/apidocs/me/gosimple/nbvcxz/matching/class-use/YearMatcher.html...
[0d738628-8205-4fb7-9063-0c64b85c2225/build]   | Generating /tmp/1c9a75b4-2007-484f-a945-d6781567f72b/target/apidocs/me/gosimple/nbvcxz/class-use/Nbvcxz.html...
[0d738628-8205-4fb7-9063-0c64b85c2225/build]   | Generating /tmp/1c9a75b4-2007-484f-a945-d6781567f72b/target/apidocs/me/gosimple/nbvcxz/package-use.html...
[0d738628-8205-4fb7-9063-0c64b85c2225/build]   | Generating /tmp/1c9a75b4-2007-484f-a945-d6781567f72b/target/apidocs/me/gosimple/nbvcxz/matching/package-use.html...
[0d738628-8205-4fb7-9063-0c64b85c2225/build]   | Generating /tmp/1c9a75b4-2007-484f-a945-d6781567f72b/target/apidocs/me/gosimple/nbvcxz/matching/match/package-use.html...
[0d738628-8205-4fb7-9063-0c64b85c2225/build]   | Generating /tmp/1c9a75b4-2007-484f-a945-d6781567f72b/target/apidocs/me/gosimple/nbvcxz/resources/package-use.html...
[0d738628-8205-4fb7-9063-0c64b85c2225/build]   | Generating /tmp/1c9a75b4-2007-484f-a945-d6781567f72b/target/apidocs/me/gosimple/nbvcxz/scoring/package-use.html...
[0d738628-8205-4fb7-9063-0c64b85c2225/build]   | Building index for all the packages and classes...
[0d738628-8205-4fb7-9063-0c64b85c2225/build]   | Generating /tmp/1c9a75b4-2007-484f-a945-d6781567f72b/target/apidocs/overview-tree.html...
[0d738628-8205-4fb7-9063-0c64b85c2225/build]   | Generating /tmp/1c9a75b4-2007-484f-a945-d6781567f72b/target/apidocs/index-all.html...
[0d738628-8205-4fb7-9063-0c64b85c2225/build]   | Generating /tmp/1c9a75b4-2007-484f-a945-d6781567f72b/target/apidocs/deprecated-list.html...
[0d738628-8205-4fb7-9063-0c64b85c2225/build]   | Building index for all classes...
[0d738628-8205-4fb7-9063-0c64b85c2225/build]   | Generating /tmp/1c9a75b4-2007-484f-a945-d6781567f72b/target/apidocs/allclasses-frame.html...
[0d738628-8205-4fb7-9063-0c64b85c2225/build]   | Generating /tmp/1c9a75b4-2007-484f-a945-d6781567f72b/target/apidocs/allclasses-noframe.html...
[0d738628-8205-4fb7-9063-0c64b85c2225/build]   | Generating /tmp/1c9a75b4-2007-484f-a945-d6781567f72b/target/apidocs/index.html...
[0d738628-8205-4fb7-9063-0c64b85c2225/build]   | Generating /tmp/1c9a75b4-2007-484f-a945-d6781567f72b/target/apidocs/overview-summary.html...
[0d738628-8205-4fb7-9063-0c64b85c2225/build]   | Generating /tmp/1c9a75b4-2007-484f-a945-d6781567f72b/target/apidocs/help-doc.html...
[0d738628-8205-4fb7-9063-0c64b85c2225/build]   | 2 warnings
[0d738628-8205-4fb7-9063-0c64b85c2225/build]   | [WARNING] Javadoc Warnings
[0d738628-8205-4fb7-9063-0c64b85c2225/build]   | [WARNING] /tmp/1c9a75b4-2007-484f-a945-d6781567f72b/src/main/java/me/gosimple/nbvcxz/scoring/Result.java:31: warning: no @param for full_password
[0d738628-8205-4fb7-9063-0c64b85c2225/build]   | [WARNING] public Result(final Configuration configuration, final String password, final String full_password, final List<Match> matches) throws IllegalStateException
[0d738628-8205-4fb7-9063-0c64b85c2225/build]   | [WARNING] ^
[0d738628-8205-4fb7-9063-0c64b85c2225/build]   | [WARNING] /tmp/1c9a75b4-2007-484f-a945-d6781567f72b/src/main/java/me/gosimple/nbvcxz/resources/Configuration.java:47: warning: no @param for maxLength
[0d738628-8205-4fb7-9063-0c64b85c2225/build]   | [WARNING] public Configuration(List<PasswordMatcher> passwordMatchers, Map<String, Long> guessTypes, List<Dictionary> dictionaries, List<AdjacencyGraph> adjacencyGraphs, Map<Character, Character[]> leetTable, Pattern yearPattern, Double minimumEntropy, Integer maxLength, Locale locale, boolean distanceCalc, long combinationAlgorithmTimeout)
[0d738628-8205-4fb7-9063-0c64b85c2225/build]   | [WARNING] ^
[0d738628-8205-4fb7-9063-0c64b85c2225/build]   | [INFO] Building jar: /tmp/1c9a75b4-2007-484f-a945-d6781567f72b/target/nbvcxz-1.5.1-javadoc.jar
[0d738628-8205-4fb7-9063-0c64b85c2225/build]   | [INFO] 
[0d738628-8205-4fb7-9063-0c64b85c2225/build]   | [INFO] --- maven-install-plugin:2.4:install (default-install) @ nbvcxz ---
[0d738628-8205-4fb7-9063-0c64b85c2225/build]   | [INFO] Installing /tmp/1c9a75b4-2007-484f-a945-d6781567f72b/target/nbvcxz-1.5.1.jar to /home/runner/.m2/repository/me/gosimple/nbvcxz/1.5.1/nbvcxz-1.5.1.jar
[0d738628-8205-4fb7-9063-0c64b85c2225/build]   | [INFO] Installing /tmp/1c9a75b4-2007-484f-a945-d6781567f72b/pom.xml to /home/runner/.m2/repository/me/gosimple/nbvcxz/1.5.1/nbvcxz-1.5.1.pom
[0d738628-8205-4fb7-9063-0c64b85c2225/build]   | [INFO] Installing /tmp/1c9a75b4-2007-484f-a945-d6781567f72b/target/nbvcxz-1.5.1-sources.jar to /home/runner/.m2/repository/me/gosimple/nbvcxz/1.5.1/nbvcxz-1.5.1-sources.jar
[0d738628-8205-4fb7-9063-0c64b85c2225/build]   | [INFO] Installing /tmp/1c9a75b4-2007-484f-a945-d6781567f72b/target/nbvcxz-1.5.1-javadoc.jar to /home/runner/.m2/repository/me/gosimple/nbvcxz/1.5.1/nbvcxz-1.5.1-javadoc.jar
[0d738628-8205-4fb7-9063-0c64b85c2225/build]   | [INFO] ------------------------------------------------------------------------
[0d738628-8205-4fb7-9063-0c64b85c2225/build]   | [INFO] BUILD SUCCESS
[0d738628-8205-4fb7-9063-0c64b85c2225/build]   | [INFO] ------------------------------------------------------------------------
[0d738628-8205-4fb7-9063-0c64b85c2225/build]   | [INFO] Total time:  30.762 s
[0d738628-8205-4fb7-9063-0c64b85c2225/build]   | [INFO] Finished at: 2023-11-23T23:35:50Z
[0d738628-8205-4fb7-9063-0c64b85c2225/build]   | [INFO] ------------------------------------------------------------------------
[0d738628-8205-4fb7-9063-0c64b85c2225/build]   ‚úÖ  Success - Main mvn -B install --no-transfer-progress
[0d738628-8205-4fb7-9063-0c64b85c2225/build] unable to get git ref: failed to identify reference (tag/branch) for the checked-out revision 'ee8d5c62f4fbba1b975a1e8675abb5dff3ef4cb6'
[0d738628-8205-4fb7-9063-0c64b85c2225/build] unable to get git ref: failed to identify reference (tag/branch) for the checked-out revision 'ee8d5c62f4fbba1b975a1e8675abb5dff3ef4cb6'
[0d738628-8205-4fb7-9063-0c64b85c2225/build] unable to get git ref: failed to identify reference (tag/branch) for the checked-out revision 'ee8d5c62f4fbba1b975a1e8675abb5dff3ef4cb6'
[0d738628-8205-4fb7-9063-0c64b85c2225/build] unable to get git ref: failed to identify reference (tag/branch) for the checked-out revision 'ee8d5c62f4fbba1b975a1e8675abb5dff3ef4cb6'
[0d738628-8205-4fb7-9063-0c64b85c2225/build] unable to get git ref: failed to identify reference (tag/branch) for the checked-out revision 'ee8d5c62f4fbba1b975a1e8675abb5dff3ef4cb6'
[0d738628-8205-4fb7-9063-0c64b85c2225/build] ‚≠ê Run Post actions/setup-java@v3
[0d738628-8205-4fb7-9063-0c64b85c2225/build]   üê≥  docker exec cmd=[node /var/run/act/actions/actions-setup-java@v3/dist/cleanup/index.js] user= workdir=
[0d738628-8205-4fb7-9063-0c64b85c2225/build]   ‚úÖ  Success - Post actions/setup-java@v3
[0d738628-8205-4fb7-9063-0c64b85c2225/build] üèÅ  Job succeeded
[0d738628-8205-4fb7-9063-0c64b85c2225/build] unable to get git ref: failed to identify reference (tag/branch) for the checked-out revision 'ee8d5c62f4fbba1b975a1e8675abb5dff3ef4cb6'
