[59835e56-a643-41ff-b076-6d990acd68dd/build] üöÄ  Start image=gitbugactions:latest
[59835e56-a643-41ff-b076-6d990acd68dd/build]   üê≥  docker pull image=gitbugactions:latest platform= username= forcePull=false
[59835e56-a643-41ff-b076-6d990acd68dd/build]   üê≥  docker create image=gitbugactions:latest platform= entrypoint=["tail" "-f" "/dev/null"] cmd=[]
[59835e56-a643-41ff-b076-6d990acd68dd/build]   üê≥  docker run image=gitbugactions:latest platform= entrypoint=["tail" "-f" "/dev/null"] cmd=[]
[59835e56-a643-41ff-b076-6d990acd68dd/build]   üê≥  docker exec cmd=[chown -R 1012:1013 /tmp/1c9a75b4-2007-484f-a945-d6781567f72b] user=0 workdir=
[59835e56-a643-41ff-b076-6d990acd68dd/build] unable to get git ref: failed to identify reference (tag/branch) for the checked-out revision '122c97d9eb71575bd12cf5c22e2ccd70ce826e62'
[59835e56-a643-41ff-b076-6d990acd68dd/build] unable to get git ref: failed to identify reference (tag/branch) for the checked-out revision '122c97d9eb71575bd12cf5c22e2ccd70ce826e62'
[59835e56-a643-41ff-b076-6d990acd68dd/build] unable to get git ref: failed to identify reference (tag/branch) for the checked-out revision '122c97d9eb71575bd12cf5c22e2ccd70ce826e62'
[59835e56-a643-41ff-b076-6d990acd68dd/build] üß™  Matrix: map[java-version:8]
[59835e56-a643-41ff-b076-6d990acd68dd/build] unable to get git ref: failed to identify reference (tag/branch) for the checked-out revision '122c97d9eb71575bd12cf5c22e2ccd70ce826e62'
[59835e56-a643-41ff-b076-6d990acd68dd/build] unable to get git ref: failed to identify reference (tag/branch) for the checked-out revision '122c97d9eb71575bd12cf5c22e2ccd70ce826e62'
[59835e56-a643-41ff-b076-6d990acd68dd/build] unable to get git ref: failed to identify reference (tag/branch) for the checked-out revision '122c97d9eb71575bd12cf5c22e2ccd70ce826e62'
[59835e56-a643-41ff-b076-6d990acd68dd/build] unable to get git ref: failed to identify reference (tag/branch) for the checked-out revision '122c97d9eb71575bd12cf5c22e2ccd70ce826e62'
[59835e56-a643-41ff-b076-6d990acd68dd/build] unable to get git ref: failed to identify reference (tag/branch) for the checked-out revision '122c97d9eb71575bd12cf5c22e2ccd70ce826e62'
[59835e56-a643-41ff-b076-6d990acd68dd/build] unable to get git ref: failed to identify reference (tag/branch) for the checked-out revision '122c97d9eb71575bd12cf5c22e2ccd70ce826e62'
[59835e56-a643-41ff-b076-6d990acd68dd/build] ‚≠ê Run Main actions/checkout@v3
[59835e56-a643-41ff-b076-6d990acd68dd/build] unable to get git ref: failed to identify reference (tag/branch) for the checked-out revision '122c97d9eb71575bd12cf5c22e2ccd70ce826e62'
[59835e56-a643-41ff-b076-6d990acd68dd/build] unable to get git ref: failed to identify reference (tag/branch) for the checked-out revision '122c97d9eb71575bd12cf5c22e2ccd70ce826e62'
[59835e56-a643-41ff-b076-6d990acd68dd/build]   üê≥  docker cp src=/tmp/1c9a75b4-2007-484f-a945-d6781567f72b/. dst=/tmp/1c9a75b4-2007-484f-a945-d6781567f72b
[59835e56-a643-41ff-b076-6d990acd68dd/build]   üê≥  docker exec cmd=[chown -R 1012:1013 /tmp/1c9a75b4-2007-484f-a945-d6781567f72b] user=0 workdir=
[59835e56-a643-41ff-b076-6d990acd68dd/build]   ‚úÖ  Success - Main actions/checkout@v3
[59835e56-a643-41ff-b076-6d990acd68dd/build] unable to get git ref: failed to identify reference (tag/branch) for the checked-out revision '122c97d9eb71575bd12cf5c22e2ccd70ce826e62'
[59835e56-a643-41ff-b076-6d990acd68dd/build] unable to get git ref: failed to identify reference (tag/branch) for the checked-out revision '122c97d9eb71575bd12cf5c22e2ccd70ce826e62'
[59835e56-a643-41ff-b076-6d990acd68dd/build] unable to get git ref: failed to identify reference (tag/branch) for the checked-out revision '122c97d9eb71575bd12cf5c22e2ccd70ce826e62'
[59835e56-a643-41ff-b076-6d990acd68dd/build] unable to get git ref: failed to identify reference (tag/branch) for the checked-out revision '122c97d9eb71575bd12cf5c22e2ccd70ce826e62'
[59835e56-a643-41ff-b076-6d990acd68dd/build] unable to get git ref: failed to identify reference (tag/branch) for the checked-out revision '122c97d9eb71575bd12cf5c22e2ccd70ce826e62'
[59835e56-a643-41ff-b076-6d990acd68dd/build] ‚≠ê Run Main actions/setup-java@v3
[59835e56-a643-41ff-b076-6d990acd68dd/build] unable to get git ref: failed to identify reference (tag/branch) for the checked-out revision '122c97d9eb71575bd12cf5c22e2ccd70ce826e62'
[59835e56-a643-41ff-b076-6d990acd68dd/build] unable to get git ref: failed to identify reference (tag/branch) for the checked-out revision '122c97d9eb71575bd12cf5c22e2ccd70ce826e62'
[59835e56-a643-41ff-b076-6d990acd68dd/build] unable to get git ref: failed to identify reference (tag/branch) for the checked-out revision '122c97d9eb71575bd12cf5c22e2ccd70ce826e62'
[59835e56-a643-41ff-b076-6d990acd68dd/build]   üê≥  docker cp src=/tmp/act-cache/27c48a5b-2ef1-42b5-adfd-cea03259e653/act/actions-setup-java@v3/ dst=/var/run/act/actions/actions-setup-java@v3/
[59835e56-a643-41ff-b076-6d990acd68dd/build]   üê≥  docker exec cmd=[chown -R 1012:1013 /var/run/act/actions/actions-setup-java@v3/] user=0 workdir=
[59835e56-a643-41ff-b076-6d990acd68dd/build]   üê≥  docker exec cmd=[node /var/run/act/actions/actions-setup-java@v3/dist/setup/index.js] user= workdir=
[59835e56-a643-41ff-b076-6d990acd68dd/build]   ‚ùì  ::group::Installed distributions
[59835e56-a643-41ff-b076-6d990acd68dd/build]   üí¨  ::debug::isExplicit: 11.0.20-1
[59835e56-a643-41ff-b076-6d990acd68dd/build]   üí¨  ::debug::explicit? true
[59835e56-a643-41ff-b076-6d990acd68dd/build]   üí¨  ::debug::isExplicit: 17.0.8-1
[59835e56-a643-41ff-b076-6d990acd68dd/build]   üí¨  ::debug::explicit? true
[59835e56-a643-41ff-b076-6d990acd68dd/build]   üí¨  ::debug::isExplicit: 21.0.0-35
[59835e56-a643-41ff-b076-6d990acd68dd/build]   üí¨  ::debug::explicit? true
[59835e56-a643-41ff-b076-6d990acd68dd/build]   üí¨  ::debug::isExplicit: 8.0.382-5
[59835e56-a643-41ff-b076-6d990acd68dd/build]   üí¨  ::debug::explicit? true
[59835e56-a643-41ff-b076-6d990acd68dd/build]   | Resolved Java 8.0.382+5 from tool-cache
[59835e56-a643-41ff-b076-6d990acd68dd/build]   | Setting Java 8.0.382+5 as the default
[59835e56-a643-41ff-b076-6d990acd68dd/build]   | Creating toolchains.xml for JDK version 8 from temurin
[59835e56-a643-41ff-b076-6d990acd68dd/build]   | Writing to /home/runner/.m2/toolchains.xml
[59835e56-a643-41ff-b076-6d990acd68dd/build]   | 
[59835e56-a643-41ff-b076-6d990acd68dd/build]   | Java configuration:
[59835e56-a643-41ff-b076-6d990acd68dd/build]   |   Distribution: temurin
[59835e56-a643-41ff-b076-6d990acd68dd/build]   |   Version: 8.0.382+5
[59835e56-a643-41ff-b076-6d990acd68dd/build]   |   Path: /opt/hostedtoolcache/Java_Temurin-Hotspot_jdk/8.0.382-5/x64
[59835e56-a643-41ff-b076-6d990acd68dd/build]   | 
[59835e56-a643-41ff-b076-6d990acd68dd/build]   ‚ùì  ::endgroup::
[59835e56-a643-41ff-b076-6d990acd68dd/build]   ‚ùì add-matcher /run/act/actions/actions-setup-java@v3/.github/java.json
[59835e56-a643-41ff-b076-6d990acd68dd/build]   | Creating settings.xml with server-id: github
[59835e56-a643-41ff-b076-6d990acd68dd/build]   | Writing to /home/runner/.m2/settings.xml
[59835e56-a643-41ff-b076-6d990acd68dd/build]   ‚úÖ  Success - Main actions/setup-java@v3
[59835e56-a643-41ff-b076-6d990acd68dd/build]   ‚öô  ::set-env:: JAVA_HOME=/opt/hostedtoolcache/Java_Temurin-Hotspot_jdk/8.0.382-5/x64
[59835e56-a643-41ff-b076-6d990acd68dd/build]   ‚öô  ::set-env:: JAVA_HOME_8_X64=/opt/hostedtoolcache/Java_Temurin-Hotspot_jdk/8.0.382-5/x64
[59835e56-a643-41ff-b076-6d990acd68dd/build]   ‚öô  ::set-output:: distribution=Temurin-Hotspot
[59835e56-a643-41ff-b076-6d990acd68dd/build]   ‚öô  ::set-output:: path=/opt/hostedtoolcache/Java_Temurin-Hotspot_jdk/8.0.382-5/x64
[59835e56-a643-41ff-b076-6d990acd68dd/build]   ‚öô  ::set-output:: version=8.0.382+5
[59835e56-a643-41ff-b076-6d990acd68dd/build]   ‚öô  ::add-path:: /opt/hostedtoolcache/Java_Temurin-Hotspot_jdk/8.0.382-5/x64/bin
[59835e56-a643-41ff-b076-6d990acd68dd/build] unable to get git ref: failed to identify reference (tag/branch) for the checked-out revision '122c97d9eb71575bd12cf5c22e2ccd70ce826e62'
[59835e56-a643-41ff-b076-6d990acd68dd/build] unable to get git ref: failed to identify reference (tag/branch) for the checked-out revision '122c97d9eb71575bd12cf5c22e2ccd70ce826e62'
[59835e56-a643-41ff-b076-6d990acd68dd/build] unable to get git ref: failed to identify reference (tag/branch) for the checked-out revision '122c97d9eb71575bd12cf5c22e2ccd70ce826e62'
[59835e56-a643-41ff-b076-6d990acd68dd/build] unable to get git ref: failed to identify reference (tag/branch) for the checked-out revision '122c97d9eb71575bd12cf5c22e2ccd70ce826e62'
[59835e56-a643-41ff-b076-6d990acd68dd/build] unable to get git ref: failed to identify reference (tag/branch) for the checked-out revision '122c97d9eb71575bd12cf5c22e2ccd70ce826e62'
[59835e56-a643-41ff-b076-6d990acd68dd/build] ‚≠ê Run Main mvn -B install --no-transfer-progress
[59835e56-a643-41ff-b076-6d990acd68dd/build] unable to get git ref: failed to identify reference (tag/branch) for the checked-out revision '122c97d9eb71575bd12cf5c22e2ccd70ce826e62'
[59835e56-a643-41ff-b076-6d990acd68dd/build] unable to get git ref: failed to identify reference (tag/branch) for the checked-out revision '122c97d9eb71575bd12cf5c22e2ccd70ce826e62'
[59835e56-a643-41ff-b076-6d990acd68dd/build] unable to get git ref: failed to identify reference (tag/branch) for the checked-out revision '122c97d9eb71575bd12cf5c22e2ccd70ce826e62'
[59835e56-a643-41ff-b076-6d990acd68dd/build] unable to get git ref: failed to identify reference (tag/branch) for the checked-out revision '122c97d9eb71575bd12cf5c22e2ccd70ce826e62'
[59835e56-a643-41ff-b076-6d990acd68dd/build]   üê≥  docker exec cmd=[bash --noprofile --norc -e -o pipefail /var/run/act/workflow/2] user= workdir=
[59835e56-a643-41ff-b076-6d990acd68dd/build]   | [INFO] Scanning for projects...
[59835e56-a643-41ff-b076-6d990acd68dd/build]   | [WARNING] 
[59835e56-a643-41ff-b076-6d990acd68dd/build]   | [WARNING] Some problems were encountered while building the effective model for me.gosimple:nbvcxz:jar:1.5.1
[59835e56-a643-41ff-b076-6d990acd68dd/build]   | [WARNING] 'build.plugins.plugin.(groupId:artifactId)' must be unique but found duplicate declaration of plugin org.apache.maven.plugins:maven-jar-plugin @ line 129, column 21
[59835e56-a643-41ff-b076-6d990acd68dd/build]   | [WARNING] 
[59835e56-a643-41ff-b076-6d990acd68dd/build]   | [WARNING] It is highly recommended to fix these problems because they threaten the stability of your build.
[59835e56-a643-41ff-b076-6d990acd68dd/build]   | [WARNING] 
[59835e56-a643-41ff-b076-6d990acd68dd/build]   | [WARNING] For this reason, future Maven versions might no longer support building such malformed projects.
[59835e56-a643-41ff-b076-6d990acd68dd/build]   | [WARNING] 
[59835e56-a643-41ff-b076-6d990acd68dd/build]   | [INFO] Inspecting build with total of 1 modules...
[59835e56-a643-41ff-b076-6d990acd68dd/build]   | [INFO] Not installing Nexus Staging features:
[59835e56-a643-41ff-b076-6d990acd68dd/build]   | [INFO]  * Preexisting staging related goal bindings found in 1 modules.
[59835e56-a643-41ff-b076-6d990acd68dd/build]   | [WARNING] The project me.gosimple:nbvcxz:jar:1.5.1 uses prerequisites which is only intended for maven-plugin projects but not for non maven-plugin projects. For such purposes you should use the maven-enforcer-plugin. See https://maven.apache.org/enforcer/enforcer-rules/requireMavenVersion.html
[59835e56-a643-41ff-b076-6d990acd68dd/build]   | [INFO] 
[59835e56-a643-41ff-b076-6d990acd68dd/build]   | [INFO] -------------------------< me.gosimple:nbvcxz >-------------------------
[59835e56-a643-41ff-b076-6d990acd68dd/build]   | [INFO] Building nbvcxz 1.5.1
[59835e56-a643-41ff-b076-6d990acd68dd/build]   | [INFO]   from pom.xml
[59835e56-a643-41ff-b076-6d990acd68dd/build]   | [INFO] --------------------------------[ jar ]---------------------------------
[59835e56-a643-41ff-b076-6d990acd68dd/build]   | [INFO] 
[59835e56-a643-41ff-b076-6d990acd68dd/build]   | [INFO] --- maven-resources-plugin:3.1.0:resources (default-resources) @ nbvcxz ---
[59835e56-a643-41ff-b076-6d990acd68dd/build]   | [INFO] Using 'UTF-8' encoding to copy filtered resources.
[59835e56-a643-41ff-b076-6d990acd68dd/build]   | [INFO] Copying 36 resources
[59835e56-a643-41ff-b076-6d990acd68dd/build]   | [INFO] 
[59835e56-a643-41ff-b076-6d990acd68dd/build]   | [INFO] --- maven-compiler-plugin:3.8.1:compile (default-compile) @ nbvcxz ---
[59835e56-a643-41ff-b076-6d990acd68dd/build]   | [INFO] Changes detected - recompiling the module!
[59835e56-a643-41ff-b076-6d990acd68dd/build]   | [INFO] Compiling 34 source files to /tmp/1c9a75b4-2007-484f-a945-d6781567f72b/target/classes
[59835e56-a643-41ff-b076-6d990acd68dd/build]   | [INFO] /tmp/1c9a75b4-2007-484f-a945-d6781567f72b/src/main/java/me/gosimple/nbvcxz/matching/DictionaryMatcher.java: Some input files use unchecked or unsafe operations.
[59835e56-a643-41ff-b076-6d990acd68dd/build]   | [INFO] /tmp/1c9a75b4-2007-484f-a945-d6781567f72b/src/main/java/me/gosimple/nbvcxz/matching/DictionaryMatcher.java: Recompile with -Xlint:unchecked for details.
[59835e56-a643-41ff-b076-6d990acd68dd/build]   | [INFO] 
[59835e56-a643-41ff-b076-6d990acd68dd/build]   | [INFO] --- maven-resources-plugin:3.1.0:testResources (default-testResources) @ nbvcxz ---
[59835e56-a643-41ff-b076-6d990acd68dd/build]   | [INFO] Using 'UTF-8' encoding to copy filtered resources.
[59835e56-a643-41ff-b076-6d990acd68dd/build]   | [INFO] skip non existing resourceDirectory /tmp/1c9a75b4-2007-484f-a945-d6781567f72b/src/test/resources
[59835e56-a643-41ff-b076-6d990acd68dd/build]   | [INFO] 
[59835e56-a643-41ff-b076-6d990acd68dd/build]   | [INFO] --- maven-compiler-plugin:3.8.1:testCompile (default-testCompile) @ nbvcxz ---
[59835e56-a643-41ff-b076-6d990acd68dd/build]   | [INFO] Changes detected - recompiling the module!
[59835e56-a643-41ff-b076-6d990acd68dd/build]   | [INFO] Compiling 20 source files to /tmp/1c9a75b4-2007-484f-a945-d6781567f72b/target/test-classes
[59835e56-a643-41ff-b076-6d990acd68dd/build]   | [INFO] /tmp/1c9a75b4-2007-484f-a945-d6781567f72b/src/test/java/me/gosimple/nbvcxz/matching/match/BaseMatchTest.java: Some input files use or override a deprecated API.
[59835e56-a643-41ff-b076-6d990acd68dd/build]   | [INFO] /tmp/1c9a75b4-2007-484f-a945-d6781567f72b/src/test/java/me/gosimple/nbvcxz/matching/match/BaseMatchTest.java: Recompile with -Xlint:deprecation for details.
[59835e56-a643-41ff-b076-6d990acd68dd/build]   | [INFO] 
[59835e56-a643-41ff-b076-6d990acd68dd/build]   | [INFO] --- maven-surefire-plugin:2.12.4:test (default-test) @ nbvcxz ---
[59835e56-a643-41ff-b076-6d990acd68dd/build]   | [INFO] Surefire report directory: /tmp/1c9a75b4-2007-484f-a945-d6781567f72b/target/surefire-reports
[59835e56-a643-41ff-b076-6d990acd68dd/build]   | 
[59835e56-a643-41ff-b076-6d990acd68dd/build]   | -------------------------------------------------------
[59835e56-a643-41ff-b076-6d990acd68dd/build]   |  T E S T S
[59835e56-a643-41ff-b076-6d990acd68dd/build]   | -------------------------------------------------------
[59835e56-a643-41ff-b076-6d990acd68dd/build]   | Running me.gosimple.nbvcxz.NbvcxzTest
[59835e56-a643-41ff-b076-6d990acd68dd/build]   | Tests run: 4, Failures: 0, Errors: 0, Skipped: 0, Time elapsed: 4.009 sec
[59835e56-a643-41ff-b076-6d990acd68dd/build]   | Running me.gosimple.nbvcxz.resources.DictionaryUtilTest
[59835e56-a643-41ff-b076-6d990acd68dd/build]   | Test of loadFile method, of class DictionaryUtil
[59835e56-a643-41ff-b076-6d990acd68dd/build]   | Tests run: 1, Failures: 0, Errors: 0, Skipped: 0, Time elapsed: 0.261 sec
[59835e56-a643-41ff-b076-6d990acd68dd/build]   | Running me.gosimple.nbvcxz.resources.AdjacencyGraphUtilTest
[59835e56-a643-41ff-b076-6d990acd68dd/build]   | Test of calcAverageDegree method, of class AdjacencyGraphUtil
[59835e56-a643-41ff-b076-6d990acd68dd/build]   | Test of neighborsNumber method, of class AdjacencyGraphUtil
[59835e56-a643-41ff-b076-6d990acd68dd/build]   | Tests run: 2, Failures: 0, Errors: 0, Skipped: 0, Time elapsed: 0.004 sec
[59835e56-a643-41ff-b076-6d990acd68dd/build]   | Running me.gosimple.nbvcxz.resources.CharacterCaseUtilTest
[59835e56-a643-41ff-b076-6d990acd68dd/build]   | Tests run: 2, Failures: 0, Errors: 0, Skipped: 0, Time elapsed: 0.002 sec
[59835e56-a643-41ff-b076-6d990acd68dd/build]   | Running me.gosimple.nbvcxz.scoring.TimeEstimateTest
[59835e56-a643-41ff-b076-6d990acd68dd/build]   | Tests run: 1, Failures: 0, Errors: 0, Skipped: 0, Time elapsed: 0.132 sec
[59835e56-a643-41ff-b076-6d990acd68dd/build]   | Running me.gosimple.nbvcxz.scoring.ScoreTest
[59835e56-a643-41ff-b076-6d990acd68dd/build]   | Tests run: 1, Failures: 0, Errors: 0, Skipped: 0, Time elapsed: 0.123 sec
[59835e56-a643-41ff-b076-6d990acd68dd/build]   | Running me.gosimple.nbvcxz.scoring.BruteForceUtilTest
[59835e56-a643-41ff-b076-6d990acd68dd/build]   | Test of calculateBrutForceCardinality method, of class BruteForceUtil
[59835e56-a643-41ff-b076-6d990acd68dd/build]   | Tests run: 1, Failures: 0, Errors: 0, Skipped: 0, Time elapsed: 0.002 sec
[59835e56-a643-41ff-b076-6d990acd68dd/build]   | Running me.gosimple.nbvcxz.matching.RepeatMatcherTest
[59835e56-a643-41ff-b076-6d990acd68dd/build]   | Tests run: 1, Failures: 0, Errors: 0, Skipped: 0, Time elapsed: 0.002 sec
[59835e56-a643-41ff-b076-6d990acd68dd/build]   | Running me.gosimple.nbvcxz.matching.YearMatcherTest
[59835e56-a643-41ff-b076-6d990acd68dd/build]   | Tests run: 1, Failures: 0, Errors: 0, Skipped: 0, Time elapsed: 0.001 sec
[59835e56-a643-41ff-b076-6d990acd68dd/build]   | Running me.gosimple.nbvcxz.matching.DateMatcherTest
[59835e56-a643-41ff-b076-6d990acd68dd/build]   | Tests run: 1, Failures: 0, Errors: 0, Skipped: 0, Time elapsed: 0.003 sec
[59835e56-a643-41ff-b076-6d990acd68dd/build]   | Running me.gosimple.nbvcxz.matching.SequenceMatcherTest
[59835e56-a643-41ff-b076-6d990acd68dd/build]   | Tests run: 1, Failures: 0, Errors: 0, Skipped: 0, Time elapsed: 0.013 sec
[59835e56-a643-41ff-b076-6d990acd68dd/build]   | Running me.gosimple.nbvcxz.matching.SpacialMatcherTest
[59835e56-a643-41ff-b076-6d990acd68dd/build]   | Tests run: 1, Failures: 0, Errors: 0, Skipped: 0, Time elapsed: 0.002 sec
[59835e56-a643-41ff-b076-6d990acd68dd/build]   | Running me.gosimple.nbvcxz.matching.DictionaryMatcherTest
[59835e56-a643-41ff-b076-6d990acd68dd/build]   | Test of dictionaryMatch method (without leet value), of class DictionaryMatcher
[59835e56-a643-41ff-b076-6d990acd68dd/build]   | Test of dictionaryMatch method (with LD calculation), of class DictionaryMatcher
[59835e56-a643-41ff-b076-6d990acd68dd/build]   | Test of dictionaryMatch method (with leet value), of class DictionaryMatcher
[59835e56-a643-41ff-b076-6d990acd68dd/build]   | Tests run: 3, Failures: 0, Errors: 0, Skipped: 0, Time elapsed: 0.077 sec
[59835e56-a643-41ff-b076-6d990acd68dd/build]   | Running me.gosimple.nbvcxz.matching.match.RepeatMatchTest
[59835e56-a643-41ff-b076-6d990acd68dd/build]   | Test of guessEntropy method, of class RepeatMatch
[59835e56-a643-41ff-b076-6d990acd68dd/build]   | Tests run: 1, Failures: 0, Errors: 0, Skipped: 0, Time elapsed: 0.002 sec
[59835e56-a643-41ff-b076-6d990acd68dd/build]   | Running me.gosimple.nbvcxz.matching.match.SpacialMatchTest
[59835e56-a643-41ff-b076-6d990acd68dd/build]   | Test of guessEntropy method, of class SpacialMatch
[59835e56-a643-41ff-b076-6d990acd68dd/build]   | Tests run: 1, Failures: 0, Errors: 0, Skipped: 0, Time elapsed: 0.002 sec
[59835e56-a643-41ff-b076-6d990acd68dd/build]   | Running me.gosimple.nbvcxz.matching.match.YearMatchTest
[59835e56-a643-41ff-b076-6d990acd68dd/build]   | Test of guessEntropy method, of class YearMatch
[59835e56-a643-41ff-b076-6d990acd68dd/build]   | Tests run: 1, Failures: 0, Errors: 0, Skipped: 0, Time elapsed: 0.011 sec
[59835e56-a643-41ff-b076-6d990acd68dd/build]   | Running me.gosimple.nbvcxz.matching.match.DateMatchTest
[59835e56-a643-41ff-b076-6d990acd68dd/build]   | Test of guessEntropy method, of class DateMatch
[59835e56-a643-41ff-b076-6d990acd68dd/build]   | Tests run: 1, Failures: 0, Errors: 0, Skipped: 0, Time elapsed: 0.002 sec
[59835e56-a643-41ff-b076-6d990acd68dd/build]   | Running me.gosimple.nbvcxz.matching.match.SequenceMatchTest
[59835e56-a643-41ff-b076-6d990acd68dd/build]   | Test of guessEntropy method, of class SequenceMatch
[59835e56-a643-41ff-b076-6d990acd68dd/build]   | Tests run: 1, Failures: 0, Errors: 0, Skipped: 0, Time elapsed: 0.002 sec
[59835e56-a643-41ff-b076-6d990acd68dd/build]   | Running me.gosimple.nbvcxz.matching.match.BaseMatchTest
[59835e56-a643-41ff-b076-6d990acd68dd/build]   | Test of getToken method, of class BaseMatch
[59835e56-a643-41ff-b076-6d990acd68dd/build]   | Test of nCk method, of class BaseMatch.
[59835e56-a643-41ff-b076-6d990acd68dd/build]   | Test of log2 method, of class BaseMatch
[59835e56-a643-41ff-b076-6d990acd68dd/build]   | Test of the constructor of class BaseMatch
[59835e56-a643-41ff-b076-6d990acd68dd/build]   | Tests run: 4, Failures: 0, Errors: 0, Skipped: 0, Time elapsed: 0.024 sec
[59835e56-a643-41ff-b076-6d990acd68dd/build]   | Running me.gosimple.nbvcxz.matching.match.DictionaryMatchTest
[59835e56-a643-41ff-b076-6d990acd68dd/build]   | Test of guessEntropy method, of class DictionaryMatch
[59835e56-a643-41ff-b076-6d990acd68dd/build]   | Tests run: 1, Failures: 0, Errors: 0, Skipped: 0, Time elapsed: 0.002 sec
[59835e56-a643-41ff-b076-6d990acd68dd/build]   | 
[59835e56-a643-41ff-b076-6d990acd68dd/build]   | Results :
[59835e56-a643-41ff-b076-6d990acd68dd/build]   | 
[59835e56-a643-41ff-b076-6d990acd68dd/build]   | Tests run: 30, Failures: 0, Errors: 0, Skipped: 0
[59835e56-a643-41ff-b076-6d990acd68dd/build]   | 
[59835e56-a643-41ff-b076-6d990acd68dd/build]   | [INFO] 
[59835e56-a643-41ff-b076-6d990acd68dd/build]   | [INFO] --- maven-jar-plugin:3.2.0:jar (default-jar) @ nbvcxz ---
[59835e56-a643-41ff-b076-6d990acd68dd/build]   | [INFO] Building jar: /tmp/1c9a75b4-2007-484f-a945-d6781567f72b/target/nbvcxz-1.5.1.jar
[59835e56-a643-41ff-b076-6d990acd68dd/build]   | [INFO] 
[59835e56-a643-41ff-b076-6d990acd68dd/build]   | [INFO] >>> maven-source-plugin:3.2.1:jar (attach-sources) > generate-sources @ nbvcxz >>>
[59835e56-a643-41ff-b076-6d990acd68dd/build]   | [INFO] 
[59835e56-a643-41ff-b076-6d990acd68dd/build]   | [INFO] <<< maven-source-plugin:3.2.1:jar (attach-sources) < generate-sources @ nbvcxz <<<
[59835e56-a643-41ff-b076-6d990acd68dd/build]   | [INFO] 
[59835e56-a643-41ff-b076-6d990acd68dd/build]   | [INFO] 
[59835e56-a643-41ff-b076-6d990acd68dd/build]   | [INFO] --- maven-source-plugin:3.2.1:jar (attach-sources) @ nbvcxz ---
[59835e56-a643-41ff-b076-6d990acd68dd/build]   | [INFO] Building jar: /tmp/1c9a75b4-2007-484f-a945-d6781567f72b/target/nbvcxz-1.5.1-sources.jar
[59835e56-a643-41ff-b076-6d990acd68dd/build]   | [INFO] 
[59835e56-a643-41ff-b076-6d990acd68dd/build]   | [INFO] --- maven-javadoc-plugin:3.1.1:jar (attach-javadocs) @ nbvcxz ---
[59835e56-a643-41ff-b076-6d990acd68dd/build]   | [INFO] 
[59835e56-a643-41ff-b076-6d990acd68dd/build]   | Loading source files for package me.gosimple.nbvcxz.scoring...
[59835e56-a643-41ff-b076-6d990acd68dd/build]   | Loading source files for package me.gosimple.nbvcxz.resources...
[59835e56-a643-41ff-b076-6d990acd68dd/build]   | Loading source files for package me.gosimple.nbvcxz.matching.match...
[59835e56-a643-41ff-b076-6d990acd68dd/build]   | Loading source files for package me.gosimple.nbvcxz.matching...
[59835e56-a643-41ff-b076-6d990acd68dd/build]   | Loading source files for package me.gosimple.nbvcxz...
[59835e56-a643-41ff-b076-6d990acd68dd/build]   | Constructing Javadoc information...
[59835e56-a643-41ff-b076-6d990acd68dd/build]   | Standard Doclet version 1.8.0_382
[59835e56-a643-41ff-b076-6d990acd68dd/build]   | Building tree for all the packages and classes...
[59835e56-a643-41ff-b076-6d990acd68dd/build]   | Generating /tmp/1c9a75b4-2007-484f-a945-d6781567f72b/target/apidocs/me/gosimple/nbvcxz/scoring/Result.html...
[59835e56-a643-41ff-b076-6d990acd68dd/build]   | Generating /tmp/1c9a75b4-2007-484f-a945-d6781567f72b/target/apidocs/me/gosimple/nbvcxz/scoring/TimeEstimate.html...
[59835e56-a643-41ff-b076-6d990acd68dd/build]   | Generating /tmp/1c9a75b4-2007-484f-a945-d6781567f72b/target/apidocs/me/gosimple/nbvcxz/resources/AdjacencyGraph.html...
[59835e56-a643-41ff-b076-6d990acd68dd/build]   | Generating /tmp/1c9a75b4-2007-484f-a945-d6781567f72b/target/apidocs/me/gosimple/nbvcxz/resources/AdjacencyGraphUtil.html...
[59835e56-a643-41ff-b076-6d990acd68dd/build]   | Generating /tmp/1c9a75b4-2007-484f-a945-d6781567f72b/target/apidocs/me/gosimple/nbvcxz/resources/BestMatches.html...
[59835e56-a643-41ff-b076-6d990acd68dd/build]   | Generating /tmp/1c9a75b4-2007-484f-a945-d6781567f72b/target/apidocs/me/gosimple/nbvcxz/resources/BruteForceUtil.html...
[59835e56-a643-41ff-b076-6d990acd68dd/build]   | Generating /tmp/1c9a75b4-2007-484f-a945-d6781567f72b/target/apidocs/me/gosimple/nbvcxz/resources/CharacterCaseUtil.html...
[59835e56-a643-41ff-b076-6d990acd68dd/build]   | Generating /tmp/1c9a75b4-2007-484f-a945-d6781567f72b/target/apidocs/me/gosimple/nbvcxz/resources/Configuration.html...
[59835e56-a643-41ff-b076-6d990acd68dd/build]   | Generating /tmp/1c9a75b4-2007-484f-a945-d6781567f72b/target/apidocs/me/gosimple/nbvcxz/resources/ConfigurationBuilder.html...
[59835e56-a643-41ff-b076-6d990acd68dd/build]   | Generating /tmp/1c9a75b4-2007-484f-a945-d6781567f72b/target/apidocs/me/gosimple/nbvcxz/resources/Dictionary.html...
[59835e56-a643-41ff-b076-6d990acd68dd/build]   | Generating /tmp/1c9a75b4-2007-484f-a945-d6781567f72b/target/apidocs/me/gosimple/nbvcxz/resources/DictionaryBuilder.html...
[59835e56-a643-41ff-b076-6d990acd68dd/build]   | Generating /tmp/1c9a75b4-2007-484f-a945-d6781567f72b/target/apidocs/me/gosimple/nbvcxz/resources/DictionaryUtil.html...
[59835e56-a643-41ff-b076-6d990acd68dd/build]   | Generating /tmp/1c9a75b4-2007-484f-a945-d6781567f72b/target/apidocs/me/gosimple/nbvcxz/resources/Feedback.html...
[59835e56-a643-41ff-b076-6d990acd68dd/build]   | Generating /tmp/1c9a75b4-2007-484f-a945-d6781567f72b/target/apidocs/me/gosimple/nbvcxz/resources/FeedbackUtil.html...
[59835e56-a643-41ff-b076-6d990acd68dd/build]   | Generating /tmp/1c9a75b4-2007-484f-a945-d6781567f72b/target/apidocs/me/gosimple/nbvcxz/resources/Generator.html...
[59835e56-a643-41ff-b076-6d990acd68dd/build]   | Generating /tmp/1c9a75b4-2007-484f-a945-d6781567f72b/target/apidocs/me/gosimple/nbvcxz/resources/Generator.CharacterTypes.html...
[59835e56-a643-41ff-b076-6d990acd68dd/build]   | Generating /tmp/1c9a75b4-2007-484f-a945-d6781567f72b/target/apidocs/me/gosimple/nbvcxz/matching/match/BaseMatch.html...
[59835e56-a643-41ff-b076-6d990acd68dd/build]   | Generating /tmp/1c9a75b4-2007-484f-a945-d6781567f72b/target/apidocs/me/gosimple/nbvcxz/matching/match/BruteForceMatch.html...
[59835e56-a643-41ff-b076-6d990acd68dd/build]   | Generating /tmp/1c9a75b4-2007-484f-a945-d6781567f72b/target/apidocs/me/gosimple/nbvcxz/matching/match/DateMatch.html...
[59835e56-a643-41ff-b076-6d990acd68dd/build]   | Generating /tmp/1c9a75b4-2007-484f-a945-d6781567f72b/target/apidocs/me/gosimple/nbvcxz/matching/match/DictionaryMatch.html...
[59835e56-a643-41ff-b076-6d990acd68dd/build]   | Generating /tmp/1c9a75b4-2007-484f-a945-d6781567f72b/target/apidocs/me/gosimple/nbvcxz/matching/match/Match.html...
[59835e56-a643-41ff-b076-6d990acd68dd/build]   | Generating /tmp/1c9a75b4-2007-484f-a945-d6781567f72b/target/apidocs/me/gosimple/nbvcxz/matching/match/RepeatMatch.html...
[59835e56-a643-41ff-b076-6d990acd68dd/build]   | Generating /tmp/1c9a75b4-2007-484f-a945-d6781567f72b/target/apidocs/me/gosimple/nbvcxz/matching/match/SeparatorMatch.html...
[59835e56-a643-41ff-b076-6d990acd68dd/build]   | Generating /tmp/1c9a75b4-2007-484f-a945-d6781567f72b/target/apidocs/me/gosimple/nbvcxz/matching/match/SequenceMatch.html...
[59835e56-a643-41ff-b076-6d990acd68dd/build]   | Generating /tmp/1c9a75b4-2007-484f-a945-d6781567f72b/target/apidocs/me/gosimple/nbvcxz/matching/match/SpacialMatch.html...
[59835e56-a643-41ff-b076-6d990acd68dd/build]   | Generating /tmp/1c9a75b4-2007-484f-a945-d6781567f72b/target/apidocs/me/gosimple/nbvcxz/matching/match/YearMatch.html...
[59835e56-a643-41ff-b076-6d990acd68dd/build]   | Generating /tmp/1c9a75b4-2007-484f-a945-d6781567f72b/target/apidocs/me/gosimple/nbvcxz/matching/DateMatcher.html...
[59835e56-a643-41ff-b076-6d990acd68dd/build]   | Generating /tmp/1c9a75b4-2007-484f-a945-d6781567f72b/target/apidocs/me/gosimple/nbvcxz/matching/DictionaryMatcher.html...
[59835e56-a643-41ff-b076-6d990acd68dd/build]   | Generating /tmp/1c9a75b4-2007-484f-a945-d6781567f72b/target/apidocs/me/gosimple/nbvcxz/matching/PasswordMatcher.html...
[59835e56-a643-41ff-b076-6d990acd68dd/build]   | Generating /tmp/1c9a75b4-2007-484f-a945-d6781567f72b/target/apidocs/me/gosimple/nbvcxz/matching/RepeatMatcher.html...
[59835e56-a643-41ff-b076-6d990acd68dd/build]   | Generating /tmp/1c9a75b4-2007-484f-a945-d6781567f72b/target/apidocs/me/gosimple/nbvcxz/matching/SeparatorMatcher.html...
[59835e56-a643-41ff-b076-6d990acd68dd/build]   | Generating /tmp/1c9a75b4-2007-484f-a945-d6781567f72b/target/apidocs/me/gosimple/nbvcxz/matching/SequenceMatcher.html...
[59835e56-a643-41ff-b076-6d990acd68dd/build]   | Generating /tmp/1c9a75b4-2007-484f-a945-d6781567f72b/target/apidocs/me/gosimple/nbvcxz/matching/SpacialMatcher.html...
[59835e56-a643-41ff-b076-6d990acd68dd/build]   | Generating /tmp/1c9a75b4-2007-484f-a945-d6781567f72b/target/apidocs/me/gosimple/nbvcxz/matching/YearMatcher.html...
[59835e56-a643-41ff-b076-6d990acd68dd/build]   | Generating /tmp/1c9a75b4-2007-484f-a945-d6781567f72b/target/apidocs/me/gosimple/nbvcxz/Nbvcxz.html...
[59835e56-a643-41ff-b076-6d990acd68dd/build]   | Generating /tmp/1c9a75b4-2007-484f-a945-d6781567f72b/target/apidocs/overview-frame.html...
[59835e56-a643-41ff-b076-6d990acd68dd/build]   | Generating /tmp/1c9a75b4-2007-484f-a945-d6781567f72b/target/apidocs/me/gosimple/nbvcxz/package-frame.html...
[59835e56-a643-41ff-b076-6d990acd68dd/build]   | Generating /tmp/1c9a75b4-2007-484f-a945-d6781567f72b/target/apidocs/me/gosimple/nbvcxz/package-summary.html...
[59835e56-a643-41ff-b076-6d990acd68dd/build]   | Generating /tmp/1c9a75b4-2007-484f-a945-d6781567f72b/target/apidocs/me/gosimple/nbvcxz/package-tree.html...
[59835e56-a643-41ff-b076-6d990acd68dd/build]   | Generating /tmp/1c9a75b4-2007-484f-a945-d6781567f72b/target/apidocs/me/gosimple/nbvcxz/matching/package-frame.html...
[59835e56-a643-41ff-b076-6d990acd68dd/build]   | Generating /tmp/1c9a75b4-2007-484f-a945-d6781567f72b/target/apidocs/me/gosimple/nbvcxz/matching/package-summary.html...
[59835e56-a643-41ff-b076-6d990acd68dd/build]   | Generating /tmp/1c9a75b4-2007-484f-a945-d6781567f72b/target/apidocs/me/gosimple/nbvcxz/matching/package-tree.html...
[59835e56-a643-41ff-b076-6d990acd68dd/build]   | Generating /tmp/1c9a75b4-2007-484f-a945-d6781567f72b/target/apidocs/me/gosimple/nbvcxz/matching/match/package-frame.html...
[59835e56-a643-41ff-b076-6d990acd68dd/build]   | Generating /tmp/1c9a75b4-2007-484f-a945-d6781567f72b/target/apidocs/me/gosimple/nbvcxz/matching/match/package-summary.html...
[59835e56-a643-41ff-b076-6d990acd68dd/build]   | Generating /tmp/1c9a75b4-2007-484f-a945-d6781567f72b/target/apidocs/me/gosimple/nbvcxz/matching/match/package-tree.html...
[59835e56-a643-41ff-b076-6d990acd68dd/build]   | Generating /tmp/1c9a75b4-2007-484f-a945-d6781567f72b/target/apidocs/me/gosimple/nbvcxz/resources/package-frame.html...
[59835e56-a643-41ff-b076-6d990acd68dd/build]   | Generating /tmp/1c9a75b4-2007-484f-a945-d6781567f72b/target/apidocs/me/gosimple/nbvcxz/resources/package-summary.html...
[59835e56-a643-41ff-b076-6d990acd68dd/build]   | Generating /tmp/1c9a75b4-2007-484f-a945-d6781567f72b/target/apidocs/me/gosimple/nbvcxz/resources/package-tree.html...
[59835e56-a643-41ff-b076-6d990acd68dd/build]   | Generating /tmp/1c9a75b4-2007-484f-a945-d6781567f72b/target/apidocs/me/gosimple/nbvcxz/scoring/package-frame.html...
[59835e56-a643-41ff-b076-6d990acd68dd/build]   | Generating /tmp/1c9a75b4-2007-484f-a945-d6781567f72b/target/apidocs/me/gosimple/nbvcxz/scoring/package-summary.html...
[59835e56-a643-41ff-b076-6d990acd68dd/build]   | Generating /tmp/1c9a75b4-2007-484f-a945-d6781567f72b/target/apidocs/me/gosimple/nbvcxz/scoring/package-tree.html...
[59835e56-a643-41ff-b076-6d990acd68dd/build]   | Generating /tmp/1c9a75b4-2007-484f-a945-d6781567f72b/target/apidocs/constant-values.html...
[59835e56-a643-41ff-b076-6d990acd68dd/build]   | Generating /tmp/1c9a75b4-2007-484f-a945-d6781567f72b/target/apidocs/me/gosimple/nbvcxz/scoring/class-use/Result.html...
[59835e56-a643-41ff-b076-6d990acd68dd/build]   | Generating /tmp/1c9a75b4-2007-484f-a945-d6781567f72b/target/apidocs/me/gosimple/nbvcxz/scoring/class-use/TimeEstimate.html...
[59835e56-a643-41ff-b076-6d990acd68dd/build]   | Generating /tmp/1c9a75b4-2007-484f-a945-d6781567f72b/target/apidocs/me/gosimple/nbvcxz/resources/class-use/AdjacencyGraph.html...
[59835e56-a643-41ff-b076-6d990acd68dd/build]   | Generating /tmp/1c9a75b4-2007-484f-a945-d6781567f72b/target/apidocs/me/gosimple/nbvcxz/resources/class-use/AdjacencyGraphUtil.html...
[59835e56-a643-41ff-b076-6d990acd68dd/build]   | Generating /tmp/1c9a75b4-2007-484f-a945-d6781567f72b/target/apidocs/me/gosimple/nbvcxz/resources/class-use/BestMatches.html...
[59835e56-a643-41ff-b076-6d990acd68dd/build]   | Generating /tmp/1c9a75b4-2007-484f-a945-d6781567f72b/target/apidocs/me/gosimple/nbvcxz/resources/class-use/BruteForceUtil.html...
[59835e56-a643-41ff-b076-6d990acd68dd/build]   | Generating /tmp/1c9a75b4-2007-484f-a945-d6781567f72b/target/apidocs/me/gosimple/nbvcxz/resources/class-use/CharacterCaseUtil.html...
[59835e56-a643-41ff-b076-6d990acd68dd/build]   | Generating /tmp/1c9a75b4-2007-484f-a945-d6781567f72b/target/apidocs/me/gosimple/nbvcxz/resources/class-use/Configuration.html...
[59835e56-a643-41ff-b076-6d990acd68dd/build]   | Generating /tmp/1c9a75b4-2007-484f-a945-d6781567f72b/target/apidocs/me/gosimple/nbvcxz/resources/class-use/ConfigurationBuilder.html...
[59835e56-a643-41ff-b076-6d990acd68dd/build]   | Generating /tmp/1c9a75b4-2007-484f-a945-d6781567f72b/target/apidocs/me/gosimple/nbvcxz/resources/class-use/Dictionary.html...
[59835e56-a643-41ff-b076-6d990acd68dd/build]   | Generating /tmp/1c9a75b4-2007-484f-a945-d6781567f72b/target/apidocs/me/gosimple/nbvcxz/resources/class-use/DictionaryBuilder.html...
[59835e56-a643-41ff-b076-6d990acd68dd/build]   | Generating /tmp/1c9a75b4-2007-484f-a945-d6781567f72b/target/apidocs/me/gosimple/nbvcxz/resources/class-use/DictionaryUtil.html...
[59835e56-a643-41ff-b076-6d990acd68dd/build]   | Generating /tmp/1c9a75b4-2007-484f-a945-d6781567f72b/target/apidocs/me/gosimple/nbvcxz/resources/class-use/Feedback.html...
[59835e56-a643-41ff-b076-6d990acd68dd/build]   | Generating /tmp/1c9a75b4-2007-484f-a945-d6781567f72b/target/apidocs/me/gosimple/nbvcxz/resources/class-use/FeedbackUtil.html...
[59835e56-a643-41ff-b076-6d990acd68dd/build]   | Generating /tmp/1c9a75b4-2007-484f-a945-d6781567f72b/target/apidocs/me/gosimple/nbvcxz/resources/class-use/Generator.html...
[59835e56-a643-41ff-b076-6d990acd68dd/build]   | Generating /tmp/1c9a75b4-2007-484f-a945-d6781567f72b/target/apidocs/me/gosimple/nbvcxz/resources/class-use/Generator.CharacterTypes.html...
[59835e56-a643-41ff-b076-6d990acd68dd/build]   | Generating /tmp/1c9a75b4-2007-484f-a945-d6781567f72b/target/apidocs/me/gosimple/nbvcxz/matching/match/class-use/BaseMatch.html...
[59835e56-a643-41ff-b076-6d990acd68dd/build]   | Generating /tmp/1c9a75b4-2007-484f-a945-d6781567f72b/target/apidocs/me/gosimple/nbvcxz/matching/match/class-use/BruteForceMatch.html...
[59835e56-a643-41ff-b076-6d990acd68dd/build]   | Generating /tmp/1c9a75b4-2007-484f-a945-d6781567f72b/target/apidocs/me/gosimple/nbvcxz/matching/match/class-use/DateMatch.html...
[59835e56-a643-41ff-b076-6d990acd68dd/build]   | Generating /tmp/1c9a75b4-2007-484f-a945-d6781567f72b/target/apidocs/me/gosimple/nbvcxz/matching/match/class-use/DictionaryMatch.html...
[59835e56-a643-41ff-b076-6d990acd68dd/build]   | Generating /tmp/1c9a75b4-2007-484f-a945-d6781567f72b/target/apidocs/me/gosimple/nbvcxz/matching/match/class-use/Match.html...
[59835e56-a643-41ff-b076-6d990acd68dd/build]   | Generating /tmp/1c9a75b4-2007-484f-a945-d6781567f72b/target/apidocs/me/gosimple/nbvcxz/matching/match/class-use/RepeatMatch.html...
[59835e56-a643-41ff-b076-6d990acd68dd/build]   | Generating /tmp/1c9a75b4-2007-484f-a945-d6781567f72b/target/apidocs/me/gosimple/nbvcxz/matching/match/class-use/SeparatorMatch.html...
[59835e56-a643-41ff-b076-6d990acd68dd/build]   | Generating /tmp/1c9a75b4-2007-484f-a945-d6781567f72b/target/apidocs/me/gosimple/nbvcxz/matching/match/class-use/SequenceMatch.html...
[59835e56-a643-41ff-b076-6d990acd68dd/build]   | Generating /tmp/1c9a75b4-2007-484f-a945-d6781567f72b/target/apidocs/me/gosimple/nbvcxz/matching/match/class-use/SpacialMatch.html...
[59835e56-a643-41ff-b076-6d990acd68dd/build]   | Generating /tmp/1c9a75b4-2007-484f-a945-d6781567f72b/target/apidocs/me/gosimple/nbvcxz/matching/match/class-use/YearMatch.html...
[59835e56-a643-41ff-b076-6d990acd68dd/build]   | Generating /tmp/1c9a75b4-2007-484f-a945-d6781567f72b/target/apidocs/me/gosimple/nbvcxz/matching/class-use/DateMatcher.html...
[59835e56-a643-41ff-b076-6d990acd68dd/build]   | Generating /tmp/1c9a75b4-2007-484f-a945-d6781567f72b/target/apidocs/me/gosimple/nbvcxz/matching/class-use/DictionaryMatcher.html...
[59835e56-a643-41ff-b076-6d990acd68dd/build]   | Generating /tmp/1c9a75b4-2007-484f-a945-d6781567f72b/target/apidocs/me/gosimple/nbvcxz/matching/class-use/PasswordMatcher.html...
[59835e56-a643-41ff-b076-6d990acd68dd/build]   | Generating /tmp/1c9a75b4-2007-484f-a945-d6781567f72b/target/apidocs/me/gosimple/nbvcxz/matching/class-use/RepeatMatcher.html...
[59835e56-a643-41ff-b076-6d990acd68dd/build]   | Generating /tmp/1c9a75b4-2007-484f-a945-d6781567f72b/target/apidocs/me/gosimple/nbvcxz/matching/class-use/SeparatorMatcher.html...
[59835e56-a643-41ff-b076-6d990acd68dd/build]   | Generating /tmp/1c9a75b4-2007-484f-a945-d6781567f72b/target/apidocs/me/gosimple/nbvcxz/matching/class-use/SequenceMatcher.html...
[59835e56-a643-41ff-b076-6d990acd68dd/build]   | Generating /tmp/1c9a75b4-2007-484f-a945-d6781567f72b/target/apidocs/me/gosimple/nbvcxz/matching/class-use/SpacialMatcher.html...
[59835e56-a643-41ff-b076-6d990acd68dd/build]   | Generating /tmp/1c9a75b4-2007-484f-a945-d6781567f72b/target/apidocs/me/gosimple/nbvcxz/matching/class-use/YearMatcher.html...
[59835e56-a643-41ff-b076-6d990acd68dd/build]   | Generating /tmp/1c9a75b4-2007-484f-a945-d6781567f72b/target/apidocs/me/gosimple/nbvcxz/class-use/Nbvcxz.html...
[59835e56-a643-41ff-b076-6d990acd68dd/build]   | Generating /tmp/1c9a75b4-2007-484f-a945-d6781567f72b/target/apidocs/me/gosimple/nbvcxz/package-use.html...
[59835e56-a643-41ff-b076-6d990acd68dd/build]   | Generating /tmp/1c9a75b4-2007-484f-a945-d6781567f72b/target/apidocs/me/gosimple/nbvcxz/matching/package-use.html...
[59835e56-a643-41ff-b076-6d990acd68dd/build]   | Generating /tmp/1c9a75b4-2007-484f-a945-d6781567f72b/target/apidocs/me/gosimple/nbvcxz/matching/match/package-use.html...
[59835e56-a643-41ff-b076-6d990acd68dd/build]   | Generating /tmp/1c9a75b4-2007-484f-a945-d6781567f72b/target/apidocs/me/gosimple/nbvcxz/resources/package-use.html...
[59835e56-a643-41ff-b076-6d990acd68dd/build]   | Generating /tmp/1c9a75b4-2007-484f-a945-d6781567f72b/target/apidocs/me/gosimple/nbvcxz/scoring/package-use.html...
[59835e56-a643-41ff-b076-6d990acd68dd/build]   | Building index for all the packages and classes...
[59835e56-a643-41ff-b076-6d990acd68dd/build]   | Generating /tmp/1c9a75b4-2007-484f-a945-d6781567f72b/target/apidocs/overview-tree.html...
[59835e56-a643-41ff-b076-6d990acd68dd/build]   | Generating /tmp/1c9a75b4-2007-484f-a945-d6781567f72b/target/apidocs/index-all.html...
[59835e56-a643-41ff-b076-6d990acd68dd/build]   | Generating /tmp/1c9a75b4-2007-484f-a945-d6781567f72b/target/apidocs/deprecated-list.html...
[59835e56-a643-41ff-b076-6d990acd68dd/build]   | Building index for all classes...
[59835e56-a643-41ff-b076-6d990acd68dd/build]   | Generating /tmp/1c9a75b4-2007-484f-a945-d6781567f72b/target/apidocs/allclasses-frame.html...
[59835e56-a643-41ff-b076-6d990acd68dd/build]   | Generating /tmp/1c9a75b4-2007-484f-a945-d6781567f72b/target/apidocs/allclasses-noframe.html...
[59835e56-a643-41ff-b076-6d990acd68dd/build]   | Generating /tmp/1c9a75b4-2007-484f-a945-d6781567f72b/target/apidocs/index.html...
[59835e56-a643-41ff-b076-6d990acd68dd/build]   | Generating /tmp/1c9a75b4-2007-484f-a945-d6781567f72b/target/apidocs/overview-summary.html...
[59835e56-a643-41ff-b076-6d990acd68dd/build]   | Generating /tmp/1c9a75b4-2007-484f-a945-d6781567f72b/target/apidocs/help-doc.html...
[59835e56-a643-41ff-b076-6d990acd68dd/build]   | 2 warnings
[59835e56-a643-41ff-b076-6d990acd68dd/build]   | [WARNING] Javadoc Warnings
[59835e56-a643-41ff-b076-6d990acd68dd/build]   | [WARNING] /tmp/1c9a75b4-2007-484f-a945-d6781567f72b/src/main/java/me/gosimple/nbvcxz/scoring/Result.java:31: warning: no @param for full_password
[59835e56-a643-41ff-b076-6d990acd68dd/build]   | [WARNING] public Result(final Configuration configuration, final String password, final String full_password, final List<Match> matches) throws IllegalStateException
[59835e56-a643-41ff-b076-6d990acd68dd/build]   | [WARNING] ^
[59835e56-a643-41ff-b076-6d990acd68dd/build]   | [WARNING] /tmp/1c9a75b4-2007-484f-a945-d6781567f72b/src/main/java/me/gosimple/nbvcxz/resources/Configuration.java:47: warning: no @param for maxLength
[59835e56-a643-41ff-b076-6d990acd68dd/build]   | [WARNING] public Configuration(List<PasswordMatcher> passwordMatchers, Map<String, Long> guessTypes, List<Dictionary> dictionaries, List<AdjacencyGraph> adjacencyGraphs, Map<Character, Character[]> leetTable, Pattern yearPattern, Double minimumEntropy, Integer maxLength, Locale locale, boolean distanceCalc, long combinationAlgorithmTimeout)
[59835e56-a643-41ff-b076-6d990acd68dd/build]   | [WARNING] ^
[59835e56-a643-41ff-b076-6d990acd68dd/build]   | [INFO] Building jar: /tmp/1c9a75b4-2007-484f-a945-d6781567f72b/target/nbvcxz-1.5.1-javadoc.jar
[59835e56-a643-41ff-b076-6d990acd68dd/build]   | [INFO] 
[59835e56-a643-41ff-b076-6d990acd68dd/build]   | [INFO] --- maven-install-plugin:2.4:install (default-install) @ nbvcxz ---
[59835e56-a643-41ff-b076-6d990acd68dd/build]   | [INFO] Installing /tmp/1c9a75b4-2007-484f-a945-d6781567f72b/target/nbvcxz-1.5.1.jar to /home/runner/.m2/repository/me/gosimple/nbvcxz/1.5.1/nbvcxz-1.5.1.jar
[59835e56-a643-41ff-b076-6d990acd68dd/build]   | [INFO] Installing /tmp/1c9a75b4-2007-484f-a945-d6781567f72b/pom.xml to /home/runner/.m2/repository/me/gosimple/nbvcxz/1.5.1/nbvcxz-1.5.1.pom
[59835e56-a643-41ff-b076-6d990acd68dd/build]   | [INFO] Installing /tmp/1c9a75b4-2007-484f-a945-d6781567f72b/target/nbvcxz-1.5.1-sources.jar to /home/runner/.m2/repository/me/gosimple/nbvcxz/1.5.1/nbvcxz-1.5.1-sources.jar
[59835e56-a643-41ff-b076-6d990acd68dd/build]   | [INFO] Installing /tmp/1c9a75b4-2007-484f-a945-d6781567f72b/target/nbvcxz-1.5.1-javadoc.jar to /home/runner/.m2/repository/me/gosimple/nbvcxz/1.5.1/nbvcxz-1.5.1-javadoc.jar
[59835e56-a643-41ff-b076-6d990acd68dd/build]   | [INFO] ------------------------------------------------------------------------
[59835e56-a643-41ff-b076-6d990acd68dd/build]   | [INFO] BUILD SUCCESS
[59835e56-a643-41ff-b076-6d990acd68dd/build]   | [INFO] ------------------------------------------------------------------------
[59835e56-a643-41ff-b076-6d990acd68dd/build]   | [INFO] Total time:  34.030 s
[59835e56-a643-41ff-b076-6d990acd68dd/build]   | [INFO] Finished at: 2023-11-23T23:34:26Z
[59835e56-a643-41ff-b076-6d990acd68dd/build]   | [INFO] ------------------------------------------------------------------------
[59835e56-a643-41ff-b076-6d990acd68dd/build]   ‚úÖ  Success - Main mvn -B install --no-transfer-progress
[59835e56-a643-41ff-b076-6d990acd68dd/build] unable to get git ref: failed to identify reference (tag/branch) for the checked-out revision '122c97d9eb71575bd12cf5c22e2ccd70ce826e62'
[59835e56-a643-41ff-b076-6d990acd68dd/build] unable to get git ref: failed to identify reference (tag/branch) for the checked-out revision '122c97d9eb71575bd12cf5c22e2ccd70ce826e62'
[59835e56-a643-41ff-b076-6d990acd68dd/build] unable to get git ref: failed to identify reference (tag/branch) for the checked-out revision '122c97d9eb71575bd12cf5c22e2ccd70ce826e62'
[59835e56-a643-41ff-b076-6d990acd68dd/build] unable to get git ref: failed to identify reference (tag/branch) for the checked-out revision '122c97d9eb71575bd12cf5c22e2ccd70ce826e62'
[59835e56-a643-41ff-b076-6d990acd68dd/build] unable to get git ref: failed to identify reference (tag/branch) for the checked-out revision '122c97d9eb71575bd12cf5c22e2ccd70ce826e62'
[59835e56-a643-41ff-b076-6d990acd68dd/build] ‚≠ê Run Post actions/setup-java@v3
[59835e56-a643-41ff-b076-6d990acd68dd/build]   üê≥  docker exec cmd=[node /var/run/act/actions/actions-setup-java@v3/dist/cleanup/index.js] user= workdir=
[59835e56-a643-41ff-b076-6d990acd68dd/build]   ‚úÖ  Success - Post actions/setup-java@v3
[59835e56-a643-41ff-b076-6d990acd68dd/build] üèÅ  Job succeeded
[59835e56-a643-41ff-b076-6d990acd68dd/build] unable to get git ref: failed to identify reference (tag/branch) for the checked-out revision '122c97d9eb71575bd12cf5c22e2ccd70ce826e62'
