[f992860a-3869-4cc6-951a-f961d4b4992a/build] üöÄ  Start image=gitbugactions:latest
[f992860a-3869-4cc6-951a-f961d4b4992a/build]   üê≥  docker pull image=gitbugactions:latest platform= username= forcePull=false
[f992860a-3869-4cc6-951a-f961d4b4992a/build]   üê≥  docker create image=gitbugactions:latest platform= entrypoint=["tail" "-f" "/dev/null"] cmd=[]
[f992860a-3869-4cc6-951a-f961d4b4992a/build]   üê≥  docker run image=gitbugactions:latest platform= entrypoint=["tail" "-f" "/dev/null"] cmd=[]
[f992860a-3869-4cc6-951a-f961d4b4992a/build]   üê≥  docker exec cmd=[chown -R 1012:1013 /tmp/2fee7f4f-9072-4780-9d9d-7491fcf5e56b] user=0 workdir=
[f992860a-3869-4cc6-951a-f961d4b4992a/build] unable to get git ref: failed to identify reference (tag/branch) for the checked-out revision '7bf10c51347958ead6d2d8d11e6077dbc35c980e'
[f992860a-3869-4cc6-951a-f961d4b4992a/build] unable to get git ref: failed to identify reference (tag/branch) for the checked-out revision '7bf10c51347958ead6d2d8d11e6077dbc35c980e'
[f992860a-3869-4cc6-951a-f961d4b4992a/build] unable to get git ref: failed to identify reference (tag/branch) for the checked-out revision '7bf10c51347958ead6d2d8d11e6077dbc35c980e'
[f992860a-3869-4cc6-951a-f961d4b4992a/build] unable to get git ref: failed to identify reference (tag/branch) for the checked-out revision '7bf10c51347958ead6d2d8d11e6077dbc35c980e'
[f992860a-3869-4cc6-951a-f961d4b4992a/build] unable to get git ref: failed to identify reference (tag/branch) for the checked-out revision '7bf10c51347958ead6d2d8d11e6077dbc35c980e'
[f992860a-3869-4cc6-951a-f961d4b4992a/build] unable to get git ref: failed to identify reference (tag/branch) for the checked-out revision '7bf10c51347958ead6d2d8d11e6077dbc35c980e'
[f992860a-3869-4cc6-951a-f961d4b4992a/build] unable to get git ref: failed to identify reference (tag/branch) for the checked-out revision '7bf10c51347958ead6d2d8d11e6077dbc35c980e'
[f992860a-3869-4cc6-951a-f961d4b4992a/build] unable to get git ref: failed to identify reference (tag/branch) for the checked-out revision '7bf10c51347958ead6d2d8d11e6077dbc35c980e'
[f992860a-3869-4cc6-951a-f961d4b4992a/build] unable to get git ref: failed to identify reference (tag/branch) for the checked-out revision '7bf10c51347958ead6d2d8d11e6077dbc35c980e'
[f992860a-3869-4cc6-951a-f961d4b4992a/build] ‚≠ê Run Main actions/checkout@v3
[f992860a-3869-4cc6-951a-f961d4b4992a/build] unable to get git ref: failed to identify reference (tag/branch) for the checked-out revision '7bf10c51347958ead6d2d8d11e6077dbc35c980e'
[f992860a-3869-4cc6-951a-f961d4b4992a/build] unable to get git ref: failed to identify reference (tag/branch) for the checked-out revision '7bf10c51347958ead6d2d8d11e6077dbc35c980e'
[f992860a-3869-4cc6-951a-f961d4b4992a/build]   üê≥  docker cp src=/tmp/2fee7f4f-9072-4780-9d9d-7491fcf5e56b/. dst=/tmp/2fee7f4f-9072-4780-9d9d-7491fcf5e56b
[f992860a-3869-4cc6-951a-f961d4b4992a/build]   üê≥  docker exec cmd=[chown -R 1012:1013 /tmp/2fee7f4f-9072-4780-9d9d-7491fcf5e56b] user=0 workdir=
[f992860a-3869-4cc6-951a-f961d4b4992a/build]   ‚úÖ  Success - Main actions/checkout@v3
[f992860a-3869-4cc6-951a-f961d4b4992a/build] unable to get git ref: failed to identify reference (tag/branch) for the checked-out revision '7bf10c51347958ead6d2d8d11e6077dbc35c980e'
[f992860a-3869-4cc6-951a-f961d4b4992a/build] unable to get git ref: failed to identify reference (tag/branch) for the checked-out revision '7bf10c51347958ead6d2d8d11e6077dbc35c980e'
[f992860a-3869-4cc6-951a-f961d4b4992a/build] unable to get git ref: failed to identify reference (tag/branch) for the checked-out revision '7bf10c51347958ead6d2d8d11e6077dbc35c980e'
[f992860a-3869-4cc6-951a-f961d4b4992a/build] unable to get git ref: failed to identify reference (tag/branch) for the checked-out revision '7bf10c51347958ead6d2d8d11e6077dbc35c980e'
[f992860a-3869-4cc6-951a-f961d4b4992a/build] unable to get git ref: failed to identify reference (tag/branch) for the checked-out revision '7bf10c51347958ead6d2d8d11e6077dbc35c980e'
[f992860a-3869-4cc6-951a-f961d4b4992a/build] ‚≠ê Run Main Set up JDK 11
[f992860a-3869-4cc6-951a-f961d4b4992a/build] unable to get git ref: failed to identify reference (tag/branch) for the checked-out revision '7bf10c51347958ead6d2d8d11e6077dbc35c980e'
[f992860a-3869-4cc6-951a-f961d4b4992a/build] unable to get git ref: failed to identify reference (tag/branch) for the checked-out revision '7bf10c51347958ead6d2d8d11e6077dbc35c980e'
[f992860a-3869-4cc6-951a-f961d4b4992a/build] unable to get git ref: failed to identify reference (tag/branch) for the checked-out revision '7bf10c51347958ead6d2d8d11e6077dbc35c980e'
[f992860a-3869-4cc6-951a-f961d4b4992a/build]   üê≥  docker cp src=/tmp/act-cache/e4b04cf7-4a55-49de-a912-145f3d16b8ca/act/actions-setup-java@v3/ dst=/var/run/act/actions/actions-setup-java@v3/
[f992860a-3869-4cc6-951a-f961d4b4992a/build]   üê≥  docker exec cmd=[chown -R 1012:1013 /var/run/act/actions/actions-setup-java@v3/] user=0 workdir=
[f992860a-3869-4cc6-951a-f961d4b4992a/build]   üê≥  docker exec cmd=[node /var/run/act/actions/actions-setup-java@v3/dist/setup/index.js] user= workdir=
[f992860a-3869-4cc6-951a-f961d4b4992a/build]   ‚ùì  ::group::Installed distributions
[f992860a-3869-4cc6-951a-f961d4b4992a/build]   | Trying to resolve the latest version from remote
[f992860a-3869-4cc6-951a-f961d4b4992a/build]   | Resolved latest version as 11.0.21+9
[f992860a-3869-4cc6-951a-f961d4b4992a/build]   | Trying to download...
[f992860a-3869-4cc6-951a-f961d4b4992a/build]   | Downloading Java 11.0.21+9 (Adopt-Hotspot) from https://github.com/adoptium/temurin11-binaries/releases/download/jdk-11.0.21%2B9/OpenJDK11U-jdk_x64_linux_hotspot_11.0.21_9.tar.gz ...
[f992860a-3869-4cc6-951a-f961d4b4992a/build]   üí¨  ::debug::Downloading https://github.com/adoptium/temurin11-binaries/releases/download/jdk-11.0.21%252B9/OpenJDK11U-jdk_x64_linux_hotspot_11.0.21_9.tar.gz
[f992860a-3869-4cc6-951a-f961d4b4992a/build]   üí¨  ::debug::Destination /tmp/f66bc76c-1868-4ea2-9308-295fc4eba538
[f992860a-3869-4cc6-951a-f961d4b4992a/build]   üí¨  ::debug::download complete
[f992860a-3869-4cc6-951a-f961d4b4992a/build]   | Extracting Java archive...
[f992860a-3869-4cc6-951a-f961d4b4992a/build]   üí¨  ::debug::Checking tar --version
[f992860a-3869-4cc6-951a-f961d4b4992a/build]   üí¨  ::debug::tar (GNU tar) 1.34%0ACopyright (C) 2021 Free Software Foundation, Inc.%0ALicense GPLv3+: GNU GPL version 3 or later <https://gnu.org/licenses/gpl.html>.%0AThis is free software: you are free to change and redistribute it.%0AThere is NO WARRANTY, to the extent permitted by law.%0A%0AWritten by John Gilmore and Jay Fenlason.
[f992860a-3869-4cc6-951a-f961d4b4992a/build]   | [command]/usr/bin/tar xz --warning=no-unknown-keyword -C /tmp/4823393d-bbfc-4e9e-9abb-5c4c6a63350b -f /tmp/f66bc76c-1868-4ea2-9308-295fc4eba538
[f992860a-3869-4cc6-951a-f961d4b4992a/build]   üí¨  ::debug::Caching tool Java_Adopt_jdk 11.0.21-9 x64
[f992860a-3869-4cc6-951a-f961d4b4992a/build]   üí¨  ::debug::source dir: /tmp/4823393d-bbfc-4e9e-9abb-5c4c6a63350b/jdk-11.0.21+9
[f992860a-3869-4cc6-951a-f961d4b4992a/build]   üí¨  ::debug::destination /opt/hostedtoolcache/Java_Adopt_jdk/11.0.21-9/x64
[f992860a-3869-4cc6-951a-f961d4b4992a/build]   üí¨  ::debug::finished caching tool
[f992860a-3869-4cc6-951a-f961d4b4992a/build]   | Java 11.0.21+9 was downloaded
[f992860a-3869-4cc6-951a-f961d4b4992a/build]   | Setting Java 11.0.21+9 as the default
[f992860a-3869-4cc6-951a-f961d4b4992a/build]   | Creating toolchains.xml for JDK version 11 from adopt
[f992860a-3869-4cc6-951a-f961d4b4992a/build]   | Writing to /home/runner/.m2/toolchains.xml
[f992860a-3869-4cc6-951a-f961d4b4992a/build]   | 
[f992860a-3869-4cc6-951a-f961d4b4992a/build]   | Java configuration:
[f992860a-3869-4cc6-951a-f961d4b4992a/build]   |   Distribution: adopt
[f992860a-3869-4cc6-951a-f961d4b4992a/build]   |   Version: 11.0.21+9
[f992860a-3869-4cc6-951a-f961d4b4992a/build]   |   Path: /opt/hostedtoolcache/Java_Adopt_jdk/11.0.21-9/x64
[f992860a-3869-4cc6-951a-f961d4b4992a/build]   | 
[f992860a-3869-4cc6-951a-f961d4b4992a/build]   ‚ùì  ::endgroup::
[f992860a-3869-4cc6-951a-f961d4b4992a/build]   ‚ùì add-matcher /run/act/actions/actions-setup-java@v3/.github/java.json
[f992860a-3869-4cc6-951a-f961d4b4992a/build]   | Creating settings.xml with server-id: github
[f992860a-3869-4cc6-951a-f961d4b4992a/build]   | Writing to /home/runner/.m2/settings.xml
[f992860a-3869-4cc6-951a-f961d4b4992a/build]   ‚úÖ  Success - Main Set up JDK 11
[f992860a-3869-4cc6-951a-f961d4b4992a/build]   ‚öô  ::set-env:: JAVA_HOME_11_X64=/opt/hostedtoolcache/Java_Adopt_jdk/11.0.21-9/x64
[f992860a-3869-4cc6-951a-f961d4b4992a/build]   ‚öô  ::set-env:: JAVA_HOME=/opt/hostedtoolcache/Java_Adopt_jdk/11.0.21-9/x64
[f992860a-3869-4cc6-951a-f961d4b4992a/build]   ‚öô  ::set-output:: distribution=Adopt-Hotspot
[f992860a-3869-4cc6-951a-f961d4b4992a/build]   ‚öô  ::set-output:: path=/opt/hostedtoolcache/Java_Adopt_jdk/11.0.21-9/x64
[f992860a-3869-4cc6-951a-f961d4b4992a/build]   ‚öô  ::set-output:: version=11.0.21+9
[f992860a-3869-4cc6-951a-f961d4b4992a/build]   ‚öô  ::add-path:: /opt/hostedtoolcache/Java_Adopt_jdk/11.0.21-9/x64/bin
[f992860a-3869-4cc6-951a-f961d4b4992a/build] unable to get git ref: failed to identify reference (tag/branch) for the checked-out revision '7bf10c51347958ead6d2d8d11e6077dbc35c980e'
[f992860a-3869-4cc6-951a-f961d4b4992a/build] unable to get git ref: failed to identify reference (tag/branch) for the checked-out revision '7bf10c51347958ead6d2d8d11e6077dbc35c980e'
[f992860a-3869-4cc6-951a-f961d4b4992a/build] unable to get git ref: failed to identify reference (tag/branch) for the checked-out revision '7bf10c51347958ead6d2d8d11e6077dbc35c980e'
[f992860a-3869-4cc6-951a-f961d4b4992a/build] unable to get git ref: failed to identify reference (tag/branch) for the checked-out revision '7bf10c51347958ead6d2d8d11e6077dbc35c980e'
[f992860a-3869-4cc6-951a-f961d4b4992a/build] unable to get git ref: failed to identify reference (tag/branch) for the checked-out revision '7bf10c51347958ead6d2d8d11e6077dbc35c980e'
[f992860a-3869-4cc6-951a-f961d4b4992a/build] ‚≠ê Run Main Build with Maven
[f992860a-3869-4cc6-951a-f961d4b4992a/build] unable to get git ref: failed to identify reference (tag/branch) for the checked-out revision '7bf10c51347958ead6d2d8d11e6077dbc35c980e'
[f992860a-3869-4cc6-951a-f961d4b4992a/build] unable to get git ref: failed to identify reference (tag/branch) for the checked-out revision '7bf10c51347958ead6d2d8d11e6077dbc35c980e'
[f992860a-3869-4cc6-951a-f961d4b4992a/build] unable to get git ref: failed to identify reference (tag/branch) for the checked-out revision '7bf10c51347958ead6d2d8d11e6077dbc35c980e'
[f992860a-3869-4cc6-951a-f961d4b4992a/build] unable to get git ref: failed to identify reference (tag/branch) for the checked-out revision '7bf10c51347958ead6d2d8d11e6077dbc35c980e'
[f992860a-3869-4cc6-951a-f961d4b4992a/build]   üê≥  docker exec cmd=[bash --noprofile --norc -e -o pipefail /var/run/act/workflow/2] user= workdir=
[f992860a-3869-4cc6-951a-f961d4b4992a/build]   | [INFO] Scanning for projects...
[f992860a-3869-4cc6-951a-f961d4b4992a/build]   | [INFO] 
[f992860a-3869-4cc6-951a-f961d4b4992a/build]   | [INFO] --------------------------< ch.jalu:configme >--------------------------
[f992860a-3869-4cc6-951a-f961d4b4992a/build]   | [INFO] Building ConfigMe 1.4.1-SNAPSHOT
[f992860a-3869-4cc6-951a-f961d4b4992a/build]   | [INFO]   from pom.xml
[f992860a-3869-4cc6-951a-f961d4b4992a/build]   | [INFO] --------------------------------[ jar ]---------------------------------
[f992860a-3869-4cc6-951a-f961d4b4992a/build]   | [INFO] Downloading from central: https://repo.maven.apache.org/maven2/org/jacoco/jacoco-maven-plugin/0.8.10/jacoco-maven-plugin-0.8.10.pom
[f992860a-3869-4cc6-951a-f961d4b4992a/build]   | [INFO] Downloaded from central: https://repo.maven.apache.org/maven2/org/jacoco/jacoco-maven-plugin/0.8.10/jacoco-maven-plugin-0.8.10.pom (3.8 kB at 10 kB/s)
[f992860a-3869-4cc6-951a-f961d4b4992a/build]   | [INFO] Downloading from central: https://repo.maven.apache.org/maven2/org/jacoco/org.jacoco.build/0.8.10/org.jacoco.build-0.8.10.pom
[f992860a-3869-4cc6-951a-f961d4b4992a/build]   | [INFO] Downloaded from central: https://repo.maven.apache.org/maven2/org/jacoco/org.jacoco.build/0.8.10/org.jacoco.build-0.8.10.pom (44 kB at 992 kB/s)
[f992860a-3869-4cc6-951a-f961d4b4992a/build]   | [INFO] Downloading from central: https://repo.maven.apache.org/maven2/org/ow2/asm/asm-bom/9.5/asm-bom-9.5.pom
[f992860a-3869-4cc6-951a-f961d4b4992a/build]   | [INFO] Downloaded from central: https://repo.maven.apache.org/maven2/org/ow2/asm/asm-bom/9.5/asm-bom-9.5.pom (3.2 kB at 190 kB/s)
[f992860a-3869-4cc6-951a-f961d4b4992a/build]   | [INFO] Downloading from central: https://repo.maven.apache.org/maven2/org/ow2/ow2/1.5.1/ow2-1.5.1.pom
[f992860a-3869-4cc6-951a-f961d4b4992a/build]   | [INFO] Downloaded from central: https://repo.maven.apache.org/maven2/org/ow2/ow2/1.5.1/ow2-1.5.1.pom (11 kB at 806 kB/s)
[f992860a-3869-4cc6-951a-f961d4b4992a/build]   | [INFO] Downloading from central: https://repo.maven.apache.org/maven2/org/jacoco/jacoco-maven-plugin/0.8.10/jacoco-maven-plugin-0.8.10.jar
[f992860a-3869-4cc6-951a-f961d4b4992a/build]   | [INFO] Downloaded from central: https://repo.maven.apache.org/maven2/org/jacoco/jacoco-maven-plugin/0.8.10/jacoco-maven-plugin-0.8.10.jar (56 kB at 2.4 MB/s)
[f992860a-3869-4cc6-951a-f961d4b4992a/build]   | [INFO] Downloading from central: https://repo.maven.apache.org/maven2/org/apache/maven/plugins/maven-resources-plugin/2.6/maven-resources-plugin-2.6.pom
[f992860a-3869-4cc6-951a-f961d4b4992a/build]   | [INFO] Downloaded from central: https://repo.maven.apache.org/maven2/org/apache/maven/plugins/maven-resources-plugin/2.6/maven-resources-plugin-2.6.pom (8.1 kB at 541 kB/s)
[f992860a-3869-4cc6-951a-f961d4b4992a/build]   | [INFO] Downloading from central: https://repo.maven.apache.org/maven2/org/apache/maven/plugins/maven-plugins/23/maven-plugins-23.pom
[f992860a-3869-4cc6-951a-f961d4b4992a/build]   | [INFO] Downloaded from central: https://repo.maven.apache.org/maven2/org/apache/maven/plugins/maven-plugins/23/maven-plugins-23.pom (9.2 kB at 484 kB/s)
[f992860a-3869-4cc6-951a-f961d4b4992a/build]   | [INFO] Downloading from central: https://repo.maven.apache.org/maven2/org/apache/maven/maven-parent/22/maven-parent-22.pom
[f992860a-3869-4cc6-951a-f961d4b4992a/build]   | [INFO] Downloaded from central: https://repo.maven.apache.org/maven2/org/apache/maven/maven-parent/22/maven-parent-22.pom (30 kB at 2.1 MB/s)
[f992860a-3869-4cc6-951a-f961d4b4992a/build]   | [INFO] Downloading from central: https://repo.maven.apache.org/maven2/org/apache/apache/11/apache-11.pom
[f992860a-3869-4cc6-951a-f961d4b4992a/build]   | [INFO] Downloaded from central: https://repo.maven.apache.org/maven2/org/apache/apache/11/apache-11.pom (15 kB at 1.1 MB/s)
[f992860a-3869-4cc6-951a-f961d4b4992a/build]   | [INFO] Downloading from central: https://repo.maven.apache.org/maven2/org/apache/maven/plugins/maven-resources-plugin/2.6/maven-resources-plugin-2.6.jar
[f992860a-3869-4cc6-951a-f961d4b4992a/build]   | [INFO] Downloaded from central: https://repo.maven.apache.org/maven2/org/apache/maven/plugins/maven-resources-plugin/2.6/maven-resources-plugin-2.6.jar (30 kB at 2.0 MB/s)
[f992860a-3869-4cc6-951a-f961d4b4992a/build]   | [INFO] Downloading from central: https://repo.maven.apache.org/maven2/org/apache/maven/plugins/maven-compiler-plugin/3.11.0/maven-compiler-plugin-3.11.0.pom
[f992860a-3869-4cc6-951a-f961d4b4992a/build]   | [INFO] Downloaded from central: https://repo.maven.apache.org/maven2/org/apache/maven/plugins/maven-compiler-plugin/3.11.0/maven-compiler-plugin-3.11.0.pom (9.8 kB at 892 kB/s)
[f992860a-3869-4cc6-951a-f961d4b4992a/build]   | [INFO] Downloading from central: https://repo.maven.apache.org/maven2/org/apache/maven/plugins/maven-plugins/39/maven-plugins-39.pom
[f992860a-3869-4cc6-951a-f961d4b4992a/build]   | [INFO] Downloaded from central: https://repo.maven.apache.org/maven2/org/apache/maven/plugins/maven-plugins/39/maven-plugins-39.pom (8.1 kB at 674 kB/s)
[f992860a-3869-4cc6-951a-f961d4b4992a/build]   | [INFO] Downloading from central: https://repo.maven.apache.org/maven2/org/apache/maven/maven-parent/39/maven-parent-39.pom
[f992860a-3869-4cc6-951a-f961d4b4992a/build]   | [INFO] Downloaded from central: https://repo.maven.apache.org/maven2/org/apache/maven/maven-parent/39/maven-parent-39.pom (48 kB at 3.4 MB/s)
[f992860a-3869-4cc6-951a-f961d4b4992a/build]   | [INFO] Downloading from central: https://repo.maven.apache.org/maven2/org/apache/apache/29/apache-29.pom
[f992860a-3869-4cc6-951a-f961d4b4992a/build]   | [INFO] Downloaded from central: https://repo.maven.apache.org/maven2/org/apache/apache/29/apache-29.pom (21 kB at 1.5 MB/s)
[f992860a-3869-4cc6-951a-f961d4b4992a/build]   | [INFO] Downloading from central: https://repo.maven.apache.org/maven2/org/apache/maven/plugins/maven-compiler-plugin/3.11.0/maven-compiler-plugin-3.11.0.jar
[f992860a-3869-4cc6-951a-f961d4b4992a/build]   | [INFO] Downloaded from central: https://repo.maven.apache.org/maven2/org/apache/maven/plugins/maven-compiler-plugin/3.11.0/maven-compiler-plugin-3.11.0.jar (66 kB at 5.5 MB/s)
[f992860a-3869-4cc6-951a-f961d4b4992a/build]   | [INFO] Downloading from central: https://repo.maven.apache.org/maven2/org/apache/maven/plugins/maven-surefire-plugin/3.1.2/maven-surefire-plugin-3.1.2.pom
[f992860a-3869-4cc6-951a-f961d4b4992a/build]   | [INFO] Downloaded from central: https://repo.maven.apache.org/maven2/org/apache/maven/plugins/maven-surefire-plugin/3.1.2/maven-surefire-plugin-3.1.2.pom (5.5 kB at 496 kB/s)
[f992860a-3869-4cc6-951a-f961d4b4992a/build]   | [INFO] Downloading from central: https://repo.maven.apache.org/maven2/org/apache/maven/surefire/surefire/3.1.2/surefire-3.1.2.pom
[f992860a-3869-4cc6-951a-f961d4b4992a/build]   | [INFO] Downloaded from central: https://repo.maven.apache.org/maven2/org/apache/maven/surefire/surefire/3.1.2/surefire-3.1.2.pom (22 kB at 2.0 MB/s)
[f992860a-3869-4cc6-951a-f961d4b4992a/build]   | [INFO] Downloading from central: https://repo.maven.apache.org/maven2/org/apache/maven/plugins/maven-surefire-plugin/3.1.2/maven-surefire-plugin-3.1.2.jar
[f992860a-3869-4cc6-951a-f961d4b4992a/build]   | [INFO] Downloaded from central: https://repo.maven.apache.org/maven2/org/apache/maven/plugins/maven-surefire-plugin/3.1.2/maven-surefire-plugin-3.1.2.jar (43 kB at 3.6 MB/s)
[f992860a-3869-4cc6-951a-f961d4b4992a/build]   | [INFO] Downloading from central: https://repo.maven.apache.org/maven2/org/apache/maven/plugins/maven-jar-plugin/2.4/maven-jar-plugin-2.4.pom
[f992860a-3869-4cc6-951a-f961d4b4992a/build]   | [INFO] Downloaded from central: https://repo.maven.apache.org/maven2/org/apache/maven/plugins/maven-jar-plugin/2.4/maven-jar-plugin-2.4.pom (5.8 kB at 583 kB/s)
[f992860a-3869-4cc6-951a-f961d4b4992a/build]   | [INFO] Downloading from central: https://repo.maven.apache.org/maven2/org/apache/maven/plugins/maven-plugins/22/maven-plugins-22.pom
[f992860a-3869-4cc6-951a-f961d4b4992a/build]   | [INFO] Downloaded from central: https://repo.maven.apache.org/maven2/org/apache/maven/plugins/maven-plugins/22/maven-plugins-22.pom (13 kB at 1.6 MB/s)
[f992860a-3869-4cc6-951a-f961d4b4992a/build]   | [INFO] Downloading from central: https://repo.maven.apache.org/maven2/org/apache/maven/maven-parent/21/maven-parent-21.pom
[f992860a-3869-4cc6-951a-f961d4b4992a/build]   | [INFO] Downloaded from central: https://repo.maven.apache.org/maven2/org/apache/maven/maven-parent/21/maven-parent-21.pom (26 kB at 2.6 MB/s)
[f992860a-3869-4cc6-951a-f961d4b4992a/build]   | [INFO] Downloading from central: https://repo.maven.apache.org/maven2/org/apache/apache/10/apache-10.pom
[f992860a-3869-4cc6-951a-f961d4b4992a/build]   | [INFO] Downloaded from central: https://repo.maven.apache.org/maven2/org/apache/apache/10/apache-10.pom (15 kB at 1.6 MB/s)
[f992860a-3869-4cc6-951a-f961d4b4992a/build]   | [INFO] Downloading from central: https://repo.maven.apache.org/maven2/org/apache/maven/plugins/maven-jar-plugin/2.4/maven-jar-plugin-2.4.jar
[f992860a-3869-4cc6-951a-f961d4b4992a/build]   | [INFO] Downloaded from central: https://repo.maven.apache.org/maven2/org/apache/maven/plugins/maven-jar-plugin/2.4/maven-jar-plugin-2.4.jar (34 kB at 2.8 MB/s)
[f992860a-3869-4cc6-951a-f961d4b4992a/build]   | [INFO] Downloading from central: https://repo.maven.apache.org/maven2/org/yaml/snakeyaml/2.1/snakeyaml-2.1.pom
[f992860a-3869-4cc6-951a-f961d4b4992a/build]   | [INFO] Downloaded from central: https://repo.maven.apache.org/maven2/org/yaml/snakeyaml/2.1/snakeyaml-2.1.pom (21 kB at 2.7 MB/s)
[f992860a-3869-4cc6-951a-f961d4b4992a/build]   | [INFO] Downloading from central: https://repo.maven.apache.org/maven2/org/jetbrains/annotations/24.0.1/annotations-24.0.1.pom
[f992860a-3869-4cc6-951a-f961d4b4992a/build]   | [INFO] Downloaded from central: https://repo.maven.apache.org/maven2/org/jetbrains/annotations/24.0.1/annotations-24.0.1.pom (1.3 kB at 132 kB/s)
[f992860a-3869-4cc6-951a-f961d4b4992a/build]   | [INFO] Downloading from central: https://repo.maven.apache.org/maven2/org/junit/jupiter/junit-jupiter-engine/5.10.0/junit-jupiter-engine-5.10.0.pom
[f992860a-3869-4cc6-951a-f961d4b4992a/build]   | [INFO] Downloaded from central: https://repo.maven.apache.org/maven2/org/junit/jupiter/junit-jupiter-engine/5.10.0/junit-jupiter-engine-5.10.0.pom (3.2 kB at 320 kB/s)
[f992860a-3869-4cc6-951a-f961d4b4992a/build]   | [INFO] Downloading from central: https://repo.maven.apache.org/maven2/org/junit/junit-bom/5.10.0/junit-bom-5.10.0.pom
[f992860a-3869-4cc6-951a-f961d4b4992a/build]   | [INFO] Downloaded from central: https://repo.maven.apache.org/maven2/org/junit/junit-bom/5.10.0/junit-bom-5.10.0.pom (5.6 kB at 471 kB/s)
[f992860a-3869-4cc6-951a-f961d4b4992a/build]   | [INFO] Downloading from central: https://repo.maven.apache.org/maven2/org/junit/platform/junit-platform-engine/1.10.0/junit-platform-engine-1.10.0.pom
[f992860a-3869-4cc6-951a-f961d4b4992a/build]   | [INFO] Downloaded from central: https://repo.maven.apache.org/maven2/org/junit/platform/junit-platform-engine/1.10.0/junit-platform-engine-1.10.0.pom (3.2 kB at 291 kB/s)
[f992860a-3869-4cc6-951a-f961d4b4992a/build]   | [INFO] Downloading from central: https://repo.maven.apache.org/maven2/org/opentest4j/opentest4j/1.3.0/opentest4j-1.3.0.pom
[f992860a-3869-4cc6-951a-f961d4b4992a/build]   | [INFO] Downloaded from central: https://repo.maven.apache.org/maven2/org/opentest4j/opentest4j/1.3.0/opentest4j-1.3.0.pom (2.0 kB at 145 kB/s)
[f992860a-3869-4cc6-951a-f961d4b4992a/build]   | [INFO] Downloading from central: https://repo.maven.apache.org/maven2/org/junit/platform/junit-platform-commons/1.10.0/junit-platform-commons-1.10.0.pom
[f992860a-3869-4cc6-951a-f961d4b4992a/build]   | [INFO] Downloaded from central: https://repo.maven.apache.org/maven2/org/junit/platform/junit-platform-commons/1.10.0/junit-platform-commons-1.10.0.pom (2.8 kB at 405 kB/s)
[f992860a-3869-4cc6-951a-f961d4b4992a/build]   | [INFO] Downloading from central: https://repo.maven.apache.org/maven2/org/apiguardian/apiguardian-api/1.1.2/apiguardian-api-1.1.2.pom
[f992860a-3869-4cc6-951a-f961d4b4992a/build]   | [INFO] Downloaded from central: https://repo.maven.apache.org/maven2/org/apiguardian/apiguardian-api/1.1.2/apiguardian-api-1.1.2.pom (1.5 kB at 254 kB/s)
[f992860a-3869-4cc6-951a-f961d4b4992a/build]   | [INFO] Downloading from central: https://repo.maven.apache.org/maven2/org/junit/jupiter/junit-jupiter-api/5.10.0/junit-jupiter-api-5.10.0.pom
[f992860a-3869-4cc6-951a-f961d4b4992a/build]   | [INFO] Downloaded from central: https://repo.maven.apache.org/maven2/org/junit/jupiter/junit-jupiter-api/5.10.0/junit-jupiter-api-5.10.0.pom (3.2 kB at 289 kB/s)
[f992860a-3869-4cc6-951a-f961d4b4992a/build]   | [INFO] Downloading from central: https://repo.maven.apache.org/maven2/org/junit/jupiter/junit-jupiter-params/5.10.0/junit-jupiter-params-5.10.0.pom
[f992860a-3869-4cc6-951a-f961d4b4992a/build]   | [INFO] Downloaded from central: https://repo.maven.apache.org/maven2/org/junit/jupiter/junit-jupiter-params/5.10.0/junit-jupiter-params-5.10.0.pom (3.0 kB at 201 kB/s)
[f992860a-3869-4cc6-951a-f961d4b4992a/build]   | [INFO] Downloading from central: https://repo.maven.apache.org/maven2/org/hamcrest/java-hamcrest/2.0.0.0/java-hamcrest-2.0.0.0.pom
[f992860a-3869-4cc6-951a-f961d4b4992a/build]   | [INFO] Downloaded from central: https://repo.maven.apache.org/maven2/org/hamcrest/java-hamcrest/2.0.0.0/java-hamcrest-2.0.0.0.pom (1.3 kB at 146 kB/s)
[f992860a-3869-4cc6-951a-f961d4b4992a/build]   | [INFO] Downloading from central: https://repo.maven.apache.org/maven2/org/mockito/mockito-core/4.11.0/mockito-core-4.11.0.pom
[f992860a-3869-4cc6-951a-f961d4b4992a/build]   | [INFO] Downloaded from central: https://repo.maven.apache.org/maven2/org/mockito/mockito-core/4.11.0/mockito-core-4.11.0.pom (2.5 kB at 147 kB/s)
[f992860a-3869-4cc6-951a-f961d4b4992a/build]   | [INFO] Downloading from central: https://repo.maven.apache.org/maven2/net/bytebuddy/byte-buddy/1.12.19/byte-buddy-1.12.19.pom
[f992860a-3869-4cc6-951a-f961d4b4992a/build]   | [INFO] Downloaded from central: https://repo.maven.apache.org/maven2/net/bytebuddy/byte-buddy/1.12.19/byte-buddy-1.12.19.pom (16 kB at 1.3 MB/s)
[f992860a-3869-4cc6-951a-f961d4b4992a/build]   | [INFO] Downloading from central: https://repo.maven.apache.org/maven2/net/bytebuddy/byte-buddy-parent/1.12.19/byte-buddy-parent-1.12.19.pom
[f992860a-3869-4cc6-951a-f961d4b4992a/build]   | [INFO] Downloaded from central: https://repo.maven.apache.org/maven2/net/bytebuddy/byte-buddy-parent/1.12.19/byte-buddy-parent-1.12.19.pom (58 kB at 5.8 MB/s)
[f992860a-3869-4cc6-951a-f961d4b4992a/build]   | [INFO] Downloading from central: https://repo.maven.apache.org/maven2/net/bytebuddy/byte-buddy-agent/1.12.19/byte-buddy-agent-1.12.19.pom
[f992860a-3869-4cc6-951a-f961d4b4992a/build]   | [INFO] Downloaded from central: https://repo.maven.apache.org/maven2/net/bytebuddy/byte-buddy-agent/1.12.19/byte-buddy-agent-1.12.19.pom (10 kB at 746 kB/s)
[f992860a-3869-4cc6-951a-f961d4b4992a/build]   | [INFO] Downloading from central: https://repo.maven.apache.org/maven2/org/objenesis/objenesis/3.3/objenesis-3.3.pom
[f992860a-3869-4cc6-951a-f961d4b4992a/build]   | [INFO] Downloaded from central: https://repo.maven.apache.org/maven2/org/objenesis/objenesis/3.3/objenesis-3.3.pom (3.0 kB at 167 kB/s)
[f992860a-3869-4cc6-951a-f961d4b4992a/build]   | [INFO] Downloading from central: https://repo.maven.apache.org/maven2/org/objenesis/objenesis-parent/3.3/objenesis-parent-3.3.pom
[f992860a-3869-4cc6-951a-f961d4b4992a/build]   | [INFO] Downloaded from central: https://repo.maven.apache.org/maven2/org/objenesis/objenesis-parent/3.3/objenesis-parent-3.3.pom (19 kB at 1.5 MB/s)
[f992860a-3869-4cc6-951a-f961d4b4992a/build]   | [INFO] Downloading from central: https://repo.maven.apache.org/maven2/org/mockito/mockito-junit-jupiter/4.11.0/mockito-junit-jupiter-4.11.0.pom
[f992860a-3869-4cc6-951a-f961d4b4992a/build]   | [INFO] Downloaded from central: https://repo.maven.apache.org/maven2/org/mockito/mockito-junit-jupiter/4.11.0/mockito-junit-jupiter-4.11.0.pom (2.3 kB at 178 kB/s)
[f992860a-3869-4cc6-951a-f961d4b4992a/build]   | [INFO] Downloading from central: https://repo.maven.apache.org/maven2/org/junit/jupiter/junit-jupiter-api/5.9.1/junit-jupiter-api-5.9.1.pom
[f992860a-3869-4cc6-951a-f961d4b4992a/build]   | [INFO] Downloaded from central: https://repo.maven.apache.org/maven2/org/junit/jupiter/junit-jupiter-api/5.9.1/junit-jupiter-api-5.9.1.pom (3.2 kB at 398 kB/s)
[f992860a-3869-4cc6-951a-f961d4b4992a/build]   | [INFO] Downloading from central: https://repo.maven.apache.org/maven2/org/junit/junit-bom/5.9.1/junit-bom-5.9.1.pom
[f992860a-3869-4cc6-951a-f961d4b4992a/build]   | [INFO] Downloaded from central: https://repo.maven.apache.org/maven2/org/junit/junit-bom/5.9.1/junit-bom-5.9.1.pom (5.6 kB at 375 kB/s)
[f992860a-3869-4cc6-951a-f961d4b4992a/build]   | [INFO] Downloading from central: https://repo.maven.apache.org/maven2/org/opentest4j/opentest4j/1.2.0/opentest4j-1.2.0.pom
[f992860a-3869-4cc6-951a-f961d4b4992a/build]   | [INFO] Downloaded from central: https://repo.maven.apache.org/maven2/org/opentest4j/opentest4j/1.2.0/opentest4j-1.2.0.pom (1.7 kB at 210 kB/s)
[f992860a-3869-4cc6-951a-f961d4b4992a/build]   | [INFO] Downloading from central: https://repo.maven.apache.org/maven2/org/junit/platform/junit-platform-commons/1.9.1/junit-platform-commons-1.9.1.pom
[f992860a-3869-4cc6-951a-f961d4b4992a/build]   | [INFO] Downloaded from central: https://repo.maven.apache.org/maven2/org/junit/platform/junit-platform-commons/1.9.1/junit-platform-commons-1.9.1.pom (2.8 kB at 354 kB/s)
[f992860a-3869-4cc6-951a-f961d4b4992a/build]   | [INFO] Downloading from central: https://repo.maven.apache.org/maven2/org/yaml/snakeyaml/2.1/snakeyaml-2.1.jar
[f992860a-3869-4cc6-951a-f961d4b4992a/build]   | [INFO] Downloading from central: https://repo.maven.apache.org/maven2/org/jetbrains/annotations/24.0.1/annotations-24.0.1.jar
[f992860a-3869-4cc6-951a-f961d4b4992a/build]   | [INFO] Downloading from central: https://repo.maven.apache.org/maven2/org/junit/jupiter/junit-jupiter-engine/5.10.0/junit-jupiter-engine-5.10.0.jar
[f992860a-3869-4cc6-951a-f961d4b4992a/build]   | [INFO] Downloading from central: https://repo.maven.apache.org/maven2/org/junit/platform/junit-platform-engine/1.10.0/junit-platform-engine-1.10.0.jar
[f992860a-3869-4cc6-951a-f961d4b4992a/build]   | [INFO] Downloading from central: https://repo.maven.apache.org/maven2/org/opentest4j/opentest4j/1.3.0/opentest4j-1.3.0.jar
[f992860a-3869-4cc6-951a-f961d4b4992a/build]   | [INFO] Downloaded from central: https://repo.maven.apache.org/maven2/org/yaml/snakeyaml/2.1/snakeyaml-2.1.jar (334 kB at 8.8 MB/s)
[f992860a-3869-4cc6-951a-f961d4b4992a/build]   | [INFO] Downloading from central: https://repo.maven.apache.org/maven2/org/junit/platform/junit-platform-commons/1.10.0/junit-platform-commons-1.10.0.jar
[f992860a-3869-4cc6-951a-f961d4b4992a/build]   | [INFO] Downloaded from central: https://repo.maven.apache.org/maven2/org/opentest4j/opentest4j/1.3.0/opentest4j-1.3.0.jar (14 kB at 511 kB/s)
[f992860a-3869-4cc6-951a-f961d4b4992a/build]   | [INFO] Downloading from central: https://repo.maven.apache.org/maven2/org/junit/jupiter/junit-jupiter-api/5.10.0/junit-jupiter-api-5.10.0.jar
[f992860a-3869-4cc6-951a-f961d4b4992a/build]   | [INFO] Downloaded from central: https://repo.maven.apache.org/maven2/org/junit/platform/junit-platform-commons/1.10.0/junit-platform-commons-1.10.0.jar (106 kB at 3.7 MB/s)
[f992860a-3869-4cc6-951a-f961d4b4992a/build]   | [INFO] Downloading from central: https://repo.maven.apache.org/maven2/org/apiguardian/apiguardian-api/1.1.2/apiguardian-api-1.1.2.jar
[f992860a-3869-4cc6-951a-f961d4b4992a/build]   | [INFO] Downloaded from central: https://repo.maven.apache.org/maven2/org/jetbrains/annotations/24.0.1/annotations-24.0.1.jar (31 kB at 786 kB/s)
[f992860a-3869-4cc6-951a-f961d4b4992a/build]   | [INFO] Downloading from central: https://repo.maven.apache.org/maven2/org/junit/jupiter/junit-jupiter-params/5.10.0/junit-jupiter-params-5.10.0.jar
[f992860a-3869-4cc6-951a-f961d4b4992a/build]   | [INFO] Downloaded from central: https://repo.maven.apache.org/maven2/org/junit/platform/junit-platform-engine/1.10.0/junit-platform-engine-1.10.0.jar (205 kB at 4.8 MB/s)
[f992860a-3869-4cc6-951a-f961d4b4992a/build]   | [INFO] Downloading from central: https://repo.maven.apache.org/maven2/org/hamcrest/java-hamcrest/2.0.0.0/java-hamcrest-2.0.0.0.jar
[f992860a-3869-4cc6-951a-f961d4b4992a/build]   | [INFO] Downloaded from central: https://repo.maven.apache.org/maven2/org/junit/jupiter/junit-jupiter-engine/5.10.0/junit-jupiter-engine-5.10.0.jar (244 kB at 5.5 MB/s)
[f992860a-3869-4cc6-951a-f961d4b4992a/build]   | [INFO] Downloading from central: https://repo.maven.apache.org/maven2/org/mockito/mockito-core/4.11.0/mockito-core-4.11.0.jar
[f992860a-3869-4cc6-951a-f961d4b4992a/build]   | [INFO] Downloaded from central: https://repo.maven.apache.org/maven2/org/apiguardian/apiguardian-api/1.1.2/apiguardian-api-1.1.2.jar (6.8 kB at 128 kB/s)
[f992860a-3869-4cc6-951a-f961d4b4992a/build]   | [INFO] Downloading from central: https://repo.maven.apache.org/maven2/net/bytebuddy/byte-buddy/1.12.19/byte-buddy-1.12.19.jar
[f992860a-3869-4cc6-951a-f961d4b4992a/build]   | [INFO] Downloaded from central: https://repo.maven.apache.org/maven2/org/junit/jupiter/junit-jupiter-api/5.10.0/junit-jupiter-api-5.10.0.jar (211 kB at 3.6 MB/s)
[f992860a-3869-4cc6-951a-f961d4b4992a/build]   | [INFO] Downloading from central: https://repo.maven.apache.org/maven2/net/bytebuddy/byte-buddy-agent/1.12.19/byte-buddy-agent-1.12.19.jar
[f992860a-3869-4cc6-951a-f961d4b4992a/build]   | [INFO] Downloaded from central: https://repo.maven.apache.org/maven2/org/junit/jupiter/junit-jupiter-params/5.10.0/junit-jupiter-params-5.10.0.jar (586 kB at 9.8 MB/s)
[f992860a-3869-4cc6-951a-f961d4b4992a/build]   | [INFO] Downloading from central: https://repo.maven.apache.org/maven2/org/objenesis/objenesis/3.3/objenesis-3.3.jar
[f992860a-3869-4cc6-951a-f961d4b4992a/build]   | [INFO] Downloaded from central: https://repo.maven.apache.org/maven2/org/hamcrest/java-hamcrest/2.0.0.0/java-hamcrest-2.0.0.0.jar (113 kB at 1.2 MB/s)
[f992860a-3869-4cc6-951a-f961d4b4992a/build]   | [INFO] Downloading from central: https://repo.maven.apache.org/maven2/org/mockito/mockito-junit-jupiter/4.11.0/mockito-junit-jupiter-4.11.0.jar
[f992860a-3869-4cc6-951a-f961d4b4992a/build]   | [INFO] Downloaded from central: https://repo.maven.apache.org/maven2/org/mockito/mockito-core/4.11.0/mockito-core-4.11.0.jar (685 kB at 7.4 MB/s)
[f992860a-3869-4cc6-951a-f961d4b4992a/build]   | [INFO] Downloaded from central: https://repo.maven.apache.org/maven2/org/objenesis/objenesis/3.3/objenesis-3.3.jar (49 kB at 494 kB/s)
[f992860a-3869-4cc6-951a-f961d4b4992a/build]   | [INFO] Downloaded from central: https://repo.maven.apache.org/maven2/net/bytebuddy/byte-buddy-agent/1.12.19/byte-buddy-agent-1.12.19.jar (256 kB at 2.6 MB/s)
[f992860a-3869-4cc6-951a-f961d4b4992a/build]   | [INFO] Downloaded from central: https://repo.maven.apache.org/maven2/org/mockito/mockito-junit-jupiter/4.11.0/mockito-junit-jupiter-4.11.0.jar (5.4 kB at 54 kB/s)
[f992860a-3869-4cc6-951a-f961d4b4992a/build]   | [INFO] Downloaded from central: https://repo.maven.apache.org/maven2/net/bytebuddy/byte-buddy/1.12.19/byte-buddy-1.12.19.jar (4.0 MB at 23 MB/s)
[f992860a-3869-4cc6-951a-f961d4b4992a/build]   | [INFO] 
[f992860a-3869-4cc6-951a-f961d4b4992a/build]   | [INFO] --- jacoco-maven-plugin:0.8.10:prepare-agent (prepare-agent) @ configme ---
[f992860a-3869-4cc6-951a-f961d4b4992a/build]   | [INFO] Downloading from central: https://repo.maven.apache.org/maven2/org/codehaus/plexus/plexus-utils/3.0.24/plexus-utils-3.0.24.pom
[f992860a-3869-4cc6-951a-f961d4b4992a/build]   | [INFO] Downloaded from central: https://repo.maven.apache.org/maven2/org/codehaus/plexus/plexus-utils/3.0.24/plexus-utils-3.0.24.pom (4.1 kB at 590 kB/s)
[f992860a-3869-4cc6-951a-f961d4b4992a/build]   | [INFO] Downloading from central: https://repo.maven.apache.org/maven2/org/codehaus/plexus/plexus/4.0/plexus-4.0.pom
[f992860a-3869-4cc6-951a-f961d4b4992a/build]   | [INFO] Downloaded from central: https://repo.maven.apache.org/maven2/org/codehaus/plexus/plexus/4.0/plexus-4.0.pom (22 kB at 3.6 MB/s)
[f992860a-3869-4cc6-951a-f961d4b4992a/build]   | [INFO] Downloading from central: https://repo.maven.apache.org/maven2/org/sonatype/forge/forge-parent/10/forge-parent-10.pom
[f992860a-3869-4cc6-951a-f961d4b4992a/build]   | [INFO] Downloaded from central: https://repo.maven.apache.org/maven2/org/sonatype/forge/forge-parent/10/forge-parent-10.pom (14 kB at 1.2 MB/s)
[f992860a-3869-4cc6-951a-f961d4b4992a/build]   | [INFO] Downloading from central: https://repo.maven.apache.org/maven2/org/apache/maven/shared/file-management/1.2.1/file-management-1.2.1.pom
[f992860a-3869-4cc6-951a-f961d4b4992a/build]   | [INFO] Downloaded from central: https://repo.maven.apache.org/maven2/org/apache/maven/shared/file-management/1.2.1/file-management-1.2.1.pom (3.9 kB at 259 kB/s)
[f992860a-3869-4cc6-951a-f961d4b4992a/build]   | [INFO] Downloading from central: https://repo.maven.apache.org/maven2/org/apache/maven/shared/maven-shared-components/10/maven-shared-components-10.pom
[f992860a-3869-4cc6-951a-f961d4b4992a/build]   | [INFO] Downloaded from central: https://repo.maven.apache.org/maven2/org/apache/maven/shared/maven-shared-components/10/maven-shared-components-10.pom (8.4 kB at 937 kB/s)
[f992860a-3869-4cc6-951a-f961d4b4992a/build]   | [INFO] Downloading from central: https://repo.maven.apache.org/maven2/org/apache/maven/maven-parent/9/maven-parent-9.pom
[f992860a-3869-4cc6-951a-f961d4b4992a/build]   | [INFO] Downloaded from central: https://repo.maven.apache.org/maven2/org/apache/maven/maven-parent/9/maven-parent-9.pom (33 kB at 5.5 MB/s)
[f992860a-3869-4cc6-951a-f961d4b4992a/build]   | [INFO] Downloading from central: https://repo.maven.apache.org/maven2/org/apache/apache/4/apache-4.pom
[f992860a-3869-4cc6-951a-f961d4b4992a/build]   | [INFO] Downloaded from central: https://repo.maven.apache.org/maven2/org/apache/apache/4/apache-4.pom (4.5 kB at 899 kB/s)
[f992860a-3869-4cc6-951a-f961d4b4992a/build]   | [INFO] Downloading from central: https://repo.maven.apache.org/maven2/org/apache/maven/maven-plugin-api/2.0.6/maven-plugin-api-2.0.6.pom
[f992860a-3869-4cc6-951a-f961d4b4992a/build]   | [INFO] Downloaded from central: https://repo.maven.apache.org/maven2/org/apache/maven/maven-plugin-api/2.0.6/maven-plugin-api-2.0.6.pom (1.5 kB at 242 kB/s)
[f992860a-3869-4cc6-951a-f961d4b4992a/build]   | [INFO] Downloading from central: https://repo.maven.apache.org/maven2/org/apache/maven/maven/2.0.6/maven-2.0.6.pom
[f992860a-3869-4cc6-951a-f961d4b4992a/build]   | [INFO] Downloaded from central: https://repo.maven.apache.org/maven2/org/apache/maven/maven/2.0.6/maven-2.0.6.pom (9.0 kB at 1.0 MB/s)
[f992860a-3869-4cc6-951a-f961d4b4992a/build]   | [INFO] Downloading from central: https://repo.maven.apache.org/maven2/org/apache/maven/maven-parent/5/maven-parent-5.pom
[f992860a-3869-4cc6-951a-f961d4b4992a/build]   | [INFO] Downloaded from central: https://repo.maven.apache.org/maven2/org/apache/maven/maven-parent/5/maven-parent-5.pom (15 kB at 2.2 MB/s)
[f992860a-3869-4cc6-951a-f961d4b4992a/build]   | [INFO] Downloading from central: https://repo.maven.apache.org/maven2/org/apache/apache/3/apache-3.pom
[f992860a-3869-4cc6-951a-f961d4b4992a/build]   | [INFO] Downloaded from central: https://repo.maven.apache.org/maven2/org/apache/apache/3/apache-3.pom (3.4 kB at 245 kB/s)
[f992860a-3869-4cc6-951a-f961d4b4992a/build]   | [INFO] Downloading from central: https://repo.maven.apache.org/maven2/org/apache/maven/shared/maven-shared-io/1.1/maven-shared-io-1.1.pom
[f992860a-3869-4cc6-951a-f961d4b4992a/build]   | [INFO] Downloaded from central: https://repo.maven.apache.org/maven2/org/apache/maven/shared/maven-shared-io/1.1/maven-shared-io-1.1.pom (4.1 kB at 580 kB/s)
[f992860a-3869-4cc6-951a-f961d4b4992a/build]   | [INFO] Downloading from central: https://repo.maven.apache.org/maven2/org/apache/maven/shared/maven-shared-components/8/maven-shared-components-8.pom
[f992860a-3869-4cc6-951a-f961d4b4992a/build]   | [INFO] Downloaded from central: https://repo.maven.apache.org/maven2/org/apache/maven/shared/maven-shared-components/8/maven-shared-components-8.pom (2.7 kB at 334 kB/s)
[f992860a-3869-4cc6-951a-f961d4b4992a/build]   | [INFO] Downloading from central: https://repo.maven.apache.org/maven2/org/apache/maven/maven-parent/7/maven-parent-7.pom
[f992860a-3869-4cc6-951a-f961d4b4992a/build]   | [INFO] Downloaded from central: https://repo.maven.apache.org/maven2/org/apache/maven/maven-parent/7/maven-parent-7.pom (21 kB at 2.4 MB/s)
[f992860a-3869-4cc6-951a-f961d4b4992a/build]   | [INFO] Downloading from central: https://repo.maven.apache.org/maven2/org/apache/maven/maven-artifact/2.0.2/maven-artifact-2.0.2.pom
[f992860a-3869-4cc6-951a-f961d4b4992a/build]   | [INFO] Downloaded from central: https://repo.maven.apache.org/maven2/org/apache/maven/maven-artifact/2.0.2/maven-artifact-2.0.2.pom (765 B at 64 kB/s)
[f992860a-3869-4cc6-951a-f961d4b4992a/build]   | [INFO] Downloading from central: https://repo.maven.apache.org/maven2/org/apache/maven/maven/2.0.2/maven-2.0.2.pom
[f992860a-3869-4cc6-951a-f961d4b4992a/build]   | [INFO] Downloaded from central: https://repo.maven.apache.org/maven2/org/apache/maven/maven/2.0.2/maven-2.0.2.pom (13 kB at 1.9 MB/s)
[f992860a-3869-4cc6-951a-f961d4b4992a/build]   | [INFO] Downloading from central: https://repo.maven.apache.org/maven2/org/codehaus/plexus/plexus-utils/1.1/plexus-utils-1.1.pom
[f992860a-3869-4cc6-951a-f961d4b4992a/build]   | [INFO] Downloaded from central: https://repo.maven.apache.org/maven2/org/codehaus/plexus/plexus-utils/1.1/plexus-utils-1.1.pom (767 B at 110 kB/s)
[f992860a-3869-4cc6-951a-f961d4b4992a/build]   | [INFO] Downloading from central: https://repo.maven.apache.org/maven2/org/codehaus/plexus/plexus/1.0.4/plexus-1.0.4.pom
[f992860a-3869-4cc6-951a-f961d4b4992a/build]   | [INFO] Downloaded from central: https://repo.maven.apache.org/maven2/org/codehaus/plexus/plexus/1.0.4/plexus-1.0.4.pom (5.7 kB at 820 kB/s)
[f992860a-3869-4cc6-951a-f961d4b4992a/build]   | [INFO] Downloading from central: https://repo.maven.apache.org/maven2/org/apache/maven/maven-artifact-manager/2.0.2/maven-artifact-manager-2.0.2.pom
[f992860a-3869-4cc6-951a-f961d4b4992a/build]   | [INFO] Downloaded from central: https://repo.maven.apache.org/maven2/org/apache/maven/maven-artifact-manager/2.0.2/maven-artifact-manager-2.0.2.pom (1.4 kB at 174 kB/s)
[f992860a-3869-4cc6-951a-f961d4b4992a/build]   | [INFO] Downloading from central: https://repo.maven.apache.org/maven2/org/apache/maven/maven-repository-metadata/2.0.2/maven-repository-metadata-2.0.2.pom
[f992860a-3869-4cc6-951a-f961d4b4992a/build]   | [INFO] Downloaded from central: https://repo.maven.apache.org/maven2/org/apache/maven/maven-repository-metadata/2.0.2/maven-repository-metadata-2.0.2.pom (1.3 kB at 145 kB/s)
[f992860a-3869-4cc6-951a-f961d4b4992a/build]   | [INFO] Downloading from central: https://repo.maven.apache.org/maven2/org/codehaus/plexus/plexus-container-default/1.0-alpha-9/plexus-container-default-1.0-alpha-9.pom
[f992860a-3869-4cc6-951a-f961d4b4992a/build]   | [INFO] Downloaded from central: https://repo.maven.apache.org/maven2/org/codehaus/plexus/plexus-container-default/1.0-alpha-9/plexus-container-default-1.0-alpha-9.pom (1.2 kB at 177 kB/s)
[f992860a-3869-4cc6-951a-f961d4b4992a/build]   | [INFO] Downloading from central: https://repo.maven.apache.org/maven2/org/codehaus/plexus/plexus-containers/1.0.3/plexus-containers-1.0.3.pom
[f992860a-3869-4cc6-951a-f961d4b4992a/build]   | [INFO] Downloaded from central: https://repo.maven.apache.org/maven2/org/codehaus/plexus/plexus-containers/1.0.3/plexus-containers-1.0.3.pom (492 B at 70 kB/s)
[f992860a-3869-4cc6-951a-f961d4b4992a/build]   | [INFO] Downloading from central: https://repo.maven.apache.org/maven2/junit/junit/4.13.1/junit-4.13.1.pom
[f992860a-3869-4cc6-951a-f961d4b4992a/build]   | [INFO] Downloaded from central: https://repo.maven.apache.org/maven2/junit/junit/4.13.1/junit-4.13.1.pom (25 kB at 3.6 MB/s)
[f992860a-3869-4cc6-951a-f961d4b4992a/build]   | [INFO] Downloading from central: https://repo.maven.apache.org/maven2/org/hamcrest/hamcrest-core/1.3/hamcrest-core-1.3.pom
[f992860a-3869-4cc6-951a-f961d4b4992a/build]   | [INFO] Downloaded from central: https://repo.maven.apache.org/maven2/org/hamcrest/hamcrest-core/1.3/hamcrest-core-1.3.pom (766 B at 96 kB/s)
[f992860a-3869-4cc6-951a-f961d4b4992a/build]   | [INFO] Downloading from central: https://repo.maven.apache.org/maven2/org/hamcrest/hamcrest-parent/1.3/hamcrest-parent-1.3.pom
[f992860a-3869-4cc6-951a-f961d4b4992a/build]   | [INFO] Downloaded from central: https://repo.maven.apache.org/maven2/org/hamcrest/hamcrest-parent/1.3/hamcrest-parent-1.3.pom (2.0 kB at 282 kB/s)
[f992860a-3869-4cc6-951a-f961d4b4992a/build]   | [INFO] Downloading from central: https://repo.maven.apache.org/maven2/org/codehaus/plexus/plexus-utils/1.0.4/plexus-utils-1.0.4.pom
[f992860a-3869-4cc6-951a-f961d4b4992a/build]   | [INFO] Downloaded from central: https://repo.maven.apache.org/maven2/org/codehaus/plexus/plexus-utils/1.0.4/plexus-utils-1.0.4.pom (6.9 kB at 857 kB/s)
[f992860a-3869-4cc6-951a-f961d4b4992a/build]   | [INFO] Downloading from central: https://repo.maven.apache.org/maven2/classworlds/classworlds/1.1-alpha-2/classworlds-1.1-alpha-2.pom
[f992860a-3869-4cc6-951a-f961d4b4992a/build]   | [INFO] Downloaded from central: https://repo.maven.apache.org/maven2/classworlds/classworlds/1.1-alpha-2/classworlds-1.1-alpha-2.pom (3.1 kB at 521 kB/s)
[f992860a-3869-4cc6-951a-f961d4b4992a/build]   | [INFO] Downloading from central: https://repo.maven.apache.org/maven2/org/apache/maven/wagon/wagon-provider-api/1.0-alpha-6/wagon-provider-api-1.0-alpha-6.pom
[f992860a-3869-4cc6-951a-f961d4b4992a/build]   | [INFO] Downloaded from central: https://repo.maven.apache.org/maven2/org/apache/maven/wagon/wagon-provider-api/1.0-alpha-6/wagon-provider-api-1.0-alpha-6.pom (588 B at 74 kB/s)
[f992860a-3869-4cc6-951a-f961d4b4992a/build]   | [INFO] Downloading from central: https://repo.maven.apache.org/maven2/org/apache/maven/wagon/wagon/1.0-alpha-6/wagon-1.0-alpha-6.pom
[f992860a-3869-4cc6-951a-f961d4b4992a/build]   | [INFO] Downloaded from central: https://repo.maven.apache.org/maven2/org/apache/maven/wagon/wagon/1.0-alpha-6/wagon-1.0-alpha-6.pom (6.4 kB at 915 kB/s)
[f992860a-3869-4cc6-951a-f961d4b4992a/build]   | [INFO] Downloading from central: https://repo.maven.apache.org/maven2/org/codehaus/plexus/plexus-utils/1.4.6/plexus-utils-1.4.6.pom
[f992860a-3869-4cc6-951a-f961d4b4992a/build]   | [INFO] Downloaded from central: https://repo.maven.apache.org/maven2/org/codehaus/plexus/plexus-utils/1.4.6/plexus-utils-1.4.6.pom (2.3 kB at 324 kB/s)
[f992860a-3869-4cc6-951a-f961d4b4992a/build]   | [INFO] Downloading from central: https://repo.maven.apache.org/maven2/org/codehaus/plexus/plexus/1.0.11/plexus-1.0.11.pom
[f992860a-3869-4cc6-951a-f961d4b4992a/build]   | [INFO] Downloaded from central: https://repo.maven.apache.org/maven2/org/codehaus/plexus/plexus/1.0.11/plexus-1.0.11.pom (9.0 kB at 1.3 MB/s)
[f992860a-3869-4cc6-951a-f961d4b4992a/build]   | [INFO] Downloading from central: https://repo.maven.apache.org/maven2/org/codehaus/plexus/plexus-utils/1.5.6/plexus-utils-1.5.6.pom
[f992860a-3869-4cc6-951a-f961d4b4992a/build]   | [INFO] Downloaded from central: https://repo.maven.apache.org/maven2/org/codehaus/plexus/plexus-utils/1.5.6/plexus-utils-1.5.6.pom (5.3 kB at 757 kB/s)
[f992860a-3869-4cc6-951a-f961d4b4992a/build]   | [INFO] Downloading from central: https://repo.maven.apache.org/maven2/org/codehaus/plexus/plexus/1.0.12/plexus-1.0.12.pom
[f992860a-3869-4cc6-951a-f961d4b4992a/build]   | [INFO] Downloaded from central: https://repo.maven.apache.org/maven2/org/codehaus/plexus/plexus/1.0.12/plexus-1.0.12.pom (9.8 kB at 1.4 MB/s)
[f992860a-3869-4cc6-951a-f961d4b4992a/build]   | [INFO] Downloading from central: https://repo.maven.apache.org/maven2/org/apache/maven/reporting/maven-reporting-api/3.0/maven-reporting-api-3.0.pom
[f992860a-3869-4cc6-951a-f961d4b4992a/build]   | [INFO] Downloaded from central: https://repo.maven.apache.org/maven2/org/apache/maven/reporting/maven-reporting-api/3.0/maven-reporting-api-3.0.pom (2.4 kB at 297 kB/s)
[f992860a-3869-4cc6-951a-f961d4b4992a/build]   | [INFO] Downloading from central: https://repo.maven.apache.org/maven2/org/apache/maven/shared/maven-shared-components/15/maven-shared-components-15.pom
[f992860a-3869-4cc6-951a-f961d4b4992a/build]   | [INFO] Downloaded from central: https://repo.maven.apache.org/maven2/org/apache/maven/shared/maven-shared-components/15/maven-shared-components-15.pom (9.3 kB at 1.3 MB/s)
[f992860a-3869-4cc6-951a-f961d4b4992a/build]   | [INFO] Downloading from central: https://repo.maven.apache.org/maven2/org/apache/maven/maven-parent/16/maven-parent-16.pom
[f992860a-3869-4cc6-951a-f961d4b4992a/build]   | [INFO] Downloaded from central: https://repo.maven.apache.org/maven2/org/apache/maven/maven-parent/16/maven-parent-16.pom (23 kB at 2.9 MB/s)
[f992860a-3869-4cc6-951a-f961d4b4992a/build]   | [INFO] Downloading from central: https://repo.maven.apache.org/maven2/org/apache/apache/7/apache-7.pom
[f992860a-3869-4cc6-951a-f961d4b4992a/build]   | [INFO] Downloaded from central: https://repo.maven.apache.org/maven2/org/apache/apache/7/apache-7.pom (14 kB at 1.8 MB/s)
[f992860a-3869-4cc6-951a-f961d4b4992a/build]   | [INFO] Downloading from central: https://repo.maven.apache.org/maven2/org/apache/maven/doxia/doxia-sink-api/1.0/doxia-sink-api-1.0.pom
[f992860a-3869-4cc6-951a-f961d4b4992a/build]   | [INFO] Downloaded from central: https://repo.maven.apache.org/maven2/org/apache/maven/doxia/doxia-sink-api/1.0/doxia-sink-api-1.0.pom (1.4 kB at 198 kB/s)
[f992860a-3869-4cc6-951a-f961d4b4992a/build]   | [INFO] Downloading from central: https://repo.maven.apache.org/maven2/org/apache/maven/doxia/doxia/1.0/doxia-1.0.pom
[f992860a-3869-4cc6-951a-f961d4b4992a/build]   | [INFO] Downloaded from central: https://repo.maven.apache.org/maven2/org/apache/maven/doxia/doxia/1.0/doxia-1.0.pom (9.6 kB at 1.4 MB/s)
[f992860a-3869-4cc6-951a-f961d4b4992a/build]   | [INFO] Downloading from central: https://repo.maven.apache.org/maven2/org/apache/maven/maven-parent/10/maven-parent-10.pom
[f992860a-3869-4cc6-951a-f961d4b4992a/build]   | [INFO] Downloaded from central: https://repo.maven.apache.org/maven2/org/apache/maven/maven-parent/10/maven-parent-10.pom (32 kB at 4.0 MB/s)
[f992860a-3869-4cc6-951a-f961d4b4992a/build]   | [INFO] Downloading from central: https://repo.maven.apache.org/maven2/org/jacoco/org.jacoco.agent/0.8.10/org.jacoco.agent-0.8.10.pom
[f992860a-3869-4cc6-951a-f961d4b4992a/build]   | [INFO] Downloaded from central: https://repo.maven.apache.org/maven2/org/jacoco/org.jacoco.agent/0.8.10/org.jacoco.agent-0.8.10.pom (3.5 kB at 500 kB/s)
[f992860a-3869-4cc6-951a-f961d4b4992a/build]   | [INFO] Downloading from central: https://repo.maven.apache.org/maven2/org/jacoco/org.jacoco.core/0.8.10/org.jacoco.core-0.8.10.pom
[f992860a-3869-4cc6-951a-f961d4b4992a/build]   | [INFO] Downloaded from central: https://repo.maven.apache.org/maven2/org/jacoco/org.jacoco.core/0.8.10/org.jacoco.core-0.8.10.pom (2.1 kB at 261 kB/s)
[f992860a-3869-4cc6-951a-f961d4b4992a/build]   | [INFO] Downloading from central: https://repo.maven.apache.org/maven2/org/ow2/asm/asm/9.5/asm-9.5.pom
[f992860a-3869-4cc6-951a-f961d4b4992a/build]   | [INFO] Downloaded from central: https://repo.maven.apache.org/maven2/org/ow2/asm/asm/9.5/asm-9.5.pom (2.4 kB at 395 kB/s)
[f992860a-3869-4cc6-951a-f961d4b4992a/build]   | [INFO] Downloading from central: https://repo.maven.apache.org/maven2/org/ow2/asm/asm-commons/9.5/asm-commons-9.5.pom
[f992860a-3869-4cc6-951a-f961d4b4992a/build]   | [INFO] Downloaded from central: https://repo.maven.apache.org/maven2/org/ow2/asm/asm-commons/9.5/asm-commons-9.5.pom (2.8 kB at 398 kB/s)
[f992860a-3869-4cc6-951a-f961d4b4992a/build]   | [INFO] Downloading from central: https://repo.maven.apache.org/maven2/org/ow2/asm/asm-tree/9.5/asm-tree-9.5.pom
[f992860a-3869-4cc6-951a-f961d4b4992a/build]   | [INFO] Downloaded from central: https://repo.maven.apache.org/maven2/org/ow2/asm/asm-tree/9.5/asm-tree-9.5.pom (2.6 kB at 370 kB/s)
[f992860a-3869-4cc6-951a-f961d4b4992a/build]   | [INFO] Downloading from central: https://repo.maven.apache.org/maven2/org/jacoco/org.jacoco.report/0.8.10/org.jacoco.report-0.8.10.pom
[f992860a-3869-4cc6-951a-f961d4b4992a/build]   | [INFO] Downloaded from central: https://repo.maven.apache.org/maven2/org/jacoco/org.jacoco.report/0.8.10/org.jacoco.report-0.8.10.pom (1.9 kB at 314 kB/s)
[f992860a-3869-4cc6-951a-f961d4b4992a/build]   | [INFO] Downloading from central: https://repo.maven.apache.org/maven2/org/codehaus/plexus/plexus-utils/3.0.24/plexus-utils-3.0.24.jar
[f992860a-3869-4cc6-951a-f961d4b4992a/build]   | [INFO] Downloading from central: https://repo.maven.apache.org/maven2/org/apache/maven/shared/file-management/1.2.1/file-management-1.2.1.jar
[f992860a-3869-4cc6-951a-f961d4b4992a/build]   | [INFO] Downloading from central: https://repo.maven.apache.org/maven2/org/apache/maven/maven-plugin-api/2.0.6/maven-plugin-api-2.0.6.jar
[f992860a-3869-4cc6-951a-f961d4b4992a/build]   | [INFO] Downloading from central: https://repo.maven.apache.org/maven2/org/apache/maven/shared/maven-shared-io/1.1/maven-shared-io-1.1.jar
[f992860a-3869-4cc6-951a-f961d4b4992a/build]   | [INFO] Downloading from central: https://repo.maven.apache.org/maven2/org/apache/maven/maven-artifact/2.0.2/maven-artifact-2.0.2.jar
[f992860a-3869-4cc6-951a-f961d4b4992a/build]   | [INFO] Downloaded from central: https://repo.maven.apache.org/maven2/org/apache/maven/maven-artifact/2.0.2/maven-artifact-2.0.2.jar (78 kB at 8.7 MB/s)
[f992860a-3869-4cc6-951a-f961d4b4992a/build]   | [INFO] Downloading from central: https://repo.maven.apache.org/maven2/org/apache/maven/maven-artifact-manager/2.0.2/maven-artifact-manager-2.0.2.jar
[f992860a-3869-4cc6-951a-f961d4b4992a/build]   | [INFO] Downloaded from central: https://repo.maven.apache.org/maven2/org/apache/maven/shared/file-management/1.2.1/file-management-1.2.1.jar (38 kB at 3.1 MB/s)
[f992860a-3869-4cc6-951a-f961d4b4992a/build]   | [INFO] Downloading from central: https://repo.maven.apache.org/maven2/org/apache/maven/maven-repository-metadata/2.0.2/maven-repository-metadata-2.0.2.jar
[f992860a-3869-4cc6-951a-f961d4b4992a/build]   | [INFO] Downloaded from central: https://repo.maven.apache.org/maven2/org/apache/maven/shared/maven-shared-io/1.1/maven-shared-io-1.1.jar (39 kB at 3.6 MB/s)
[f992860a-3869-4cc6-951a-f961d4b4992a/build]   | [INFO] Downloading from central: https://repo.maven.apache.org/maven2/org/apache/maven/wagon/wagon-provider-api/1.0-alpha-6/wagon-provider-api-1.0-alpha-6.jar
[f992860a-3869-4cc6-951a-f961d4b4992a/build]   | [INFO] Downloaded from central: https://repo.maven.apache.org/maven2/org/codehaus/plexus/plexus-utils/3.0.24/plexus-utils-3.0.24.jar (247 kB at 18 MB/s)
[f992860a-3869-4cc6-951a-f961d4b4992a/build]   | [INFO] Downloading from central: https://repo.maven.apache.org/maven2/org/codehaus/plexus/plexus-container-default/1.0-alpha-9/plexus-container-default-1.0-alpha-9.jar
[f992860a-3869-4cc6-951a-f961d4b4992a/build]   | [INFO] Downloaded from central: https://repo.maven.apache.org/maven2/org/apache/maven/maven-repository-metadata/2.0.2/maven-repository-metadata-2.0.2.jar (20 kB at 1.0 MB/s)
[f992860a-3869-4cc6-951a-f961d4b4992a/build]   | [INFO] Downloading from central: https://repo.maven.apache.org/maven2/junit/junit/4.13.1/junit-4.13.1.jar
[f992860a-3869-4cc6-951a-f961d4b4992a/build]   | [INFO] Downloaded from central: https://repo.maven.apache.org/maven2/org/apache/maven/maven-artifact-manager/2.0.2/maven-artifact-manager-2.0.2.jar (49 kB at 2.3 MB/s)
[f992860a-3869-4cc6-951a-f961d4b4992a/build]   | [INFO] Downloading from central: https://repo.maven.apache.org/maven2/org/hamcrest/hamcrest-core/1.3/hamcrest-core-1.3.jar
[f992860a-3869-4cc6-951a-f961d4b4992a/build]   | [INFO] Downloaded from central: https://repo.maven.apache.org/maven2/org/apache/maven/maven-plugin-api/2.0.6/maven-plugin-api-2.0.6.jar (13 kB at 559 kB/s)
[f992860a-3869-4cc6-951a-f961d4b4992a/build]   | [INFO] Downloaded from central: https://repo.maven.apache.org/maven2/org/apache/maven/wagon/wagon-provider-api/1.0-alpha-6/wagon-provider-api-1.0-alpha-6.jar (43 kB at 1.9 MB/s)
[f992860a-3869-4cc6-951a-f961d4b4992a/build]   | [INFO] Downloading from central: https://repo.maven.apache.org/maven2/classworlds/classworlds/1.1-alpha-2/classworlds-1.1-alpha-2.jar
[f992860a-3869-4cc6-951a-f961d4b4992a/build]   | [INFO] Downloading from central: https://repo.maven.apache.org/maven2/org/apache/maven/reporting/maven-reporting-api/3.0/maven-reporting-api-3.0.jar
[f992860a-3869-4cc6-951a-f961d4b4992a/build]   | [INFO] Downloaded from central: https://repo.maven.apache.org/maven2/org/codehaus/plexus/plexus-container-default/1.0-alpha-9/plexus-container-default-1.0-alpha-9.jar (195 kB at 7.2 MB/s)
[f992860a-3869-4cc6-951a-f961d4b4992a/build]   | [INFO] Downloading from central: https://repo.maven.apache.org/maven2/org/apache/maven/doxia/doxia-sink-api/1.0/doxia-sink-api-1.0.jar
[f992860a-3869-4cc6-951a-f961d4b4992a/build]   | [INFO] Downloaded from central: https://repo.maven.apache.org/maven2/org/apache/maven/reporting/maven-reporting-api/3.0/maven-reporting-api-3.0.jar (11 kB at 377 kB/s)
[f992860a-3869-4cc6-951a-f961d4b4992a/build]   | [INFO] Downloading from central: https://repo.maven.apache.org/maven2/org/jacoco/org.jacoco.agent/0.8.10/org.jacoco.agent-0.8.10-runtime.jar
[f992860a-3869-4cc6-951a-f961d4b4992a/build]   | [INFO] Downloaded from central: https://repo.maven.apache.org/maven2/org/hamcrest/hamcrest-core/1.3/hamcrest-core-1.3.jar (45 kB at 1.6 MB/s)
[f992860a-3869-4cc6-951a-f961d4b4992a/build]   | [INFO] Downloading from central: https://repo.maven.apache.org/maven2/org/jacoco/org.jacoco.core/0.8.10/org.jacoco.core-0.8.10.jar
[f992860a-3869-4cc6-951a-f961d4b4992a/build]   | [INFO] Downloaded from central: https://repo.maven.apache.org/maven2/classworlds/classworlds/1.1-alpha-2/classworlds-1.1-alpha-2.jar (38 kB at 1.2 MB/s)
[f992860a-3869-4cc6-951a-f961d4b4992a/build]   | [INFO] Downloading from central: https://repo.maven.apache.org/maven2/org/ow2/asm/asm/9.5/asm-9.5.jar
[f992860a-3869-4cc6-951a-f961d4b4992a/build]   | [INFO] Downloaded from central: https://repo.maven.apache.org/maven2/org/apache/maven/doxia/doxia-sink-api/1.0/doxia-sink-api-1.0.jar (10 kB at 272 kB/s)
[f992860a-3869-4cc6-951a-f961d4b4992a/build]   | [INFO] Downloading from central: https://repo.maven.apache.org/maven2/org/ow2/asm/asm-commons/9.5/asm-commons-9.5.jar
[f992860a-3869-4cc6-951a-f961d4b4992a/build]   | [INFO] Downloaded from central: https://repo.maven.apache.org/maven2/junit/junit/4.13.1/junit-4.13.1.jar (383 kB at 9.6 MB/s)
[f992860a-3869-4cc6-951a-f961d4b4992a/build]   | [INFO] Downloaded from central: https://repo.maven.apache.org/maven2/org/jacoco/org.jacoco.core/0.8.10/org.jacoco.core-0.8.10.jar (204 kB at 5.2 MB/s)
[f992860a-3869-4cc6-951a-f961d4b4992a/build]   | [INFO] Downloading from central: https://repo.maven.apache.org/maven2/org/jacoco/org.jacoco.report/0.8.10/org.jacoco.report-0.8.10.jar
[f992860a-3869-4cc6-951a-f961d4b4992a/build]   | [INFO] Downloaded from central: https://repo.maven.apache.org/maven2/org/ow2/asm/asm/9.5/asm-9.5.jar (122 kB at 2.8 MB/s)
[f992860a-3869-4cc6-951a-f961d4b4992a/build]   | [INFO] Downloading from central: https://repo.maven.apache.org/maven2/org/ow2/asm/asm-tree/9.5/asm-tree-9.5.jar
[f992860a-3869-4cc6-951a-f961d4b4992a/build]   | [INFO] Downloaded from central: https://repo.maven.apache.org/maven2/org/jacoco/org.jacoco.agent/0.8.10/org.jacoco.agent-0.8.10-runtime.jar (299 kB at 6.8 MB/s)
[f992860a-3869-4cc6-951a-f961d4b4992a/build]   | [INFO] Downloaded from central: https://repo.maven.apache.org/maven2/org/ow2/asm/asm-commons/9.5/asm-commons-9.5.jar (72 kB at 1.6 MB/s)
[f992860a-3869-4cc6-951a-f961d4b4992a/build]   | [INFO] Downloaded from central: https://repo.maven.apache.org/maven2/org/jacoco/org.jacoco.report/0.8.10/org.jacoco.report-0.8.10.jar (131 kB at 2.5 MB/s)
[f992860a-3869-4cc6-951a-f961d4b4992a/build]   | [INFO] Downloaded from central: https://repo.maven.apache.org/maven2/org/ow2/asm/asm-tree/9.5/asm-tree-9.5.jar (52 kB at 980 kB/s)
[f992860a-3869-4cc6-951a-f961d4b4992a/build]   | [INFO] argLine set to -javaagent:/home/runner/.m2/repository/org/jacoco/org.jacoco.agent/0.8.10/org.jacoco.agent-0.8.10-runtime.jar=destfile=/tmp/2fee7f4f-9072-4780-9d9d-7491fcf5e56b/target/jacoco.exec
[f992860a-3869-4cc6-951a-f961d4b4992a/build]   | [INFO] 
[f992860a-3869-4cc6-951a-f961d4b4992a/build]   | [INFO] --- maven-resources-plugin:2.6:resources (default-resources) @ configme ---
[f992860a-3869-4cc6-951a-f961d4b4992a/build]   | [INFO] Downloading from central: https://repo.maven.apache.org/maven2/org/apache/maven/maven-project/2.0.6/maven-project-2.0.6.pom
[f992860a-3869-4cc6-951a-f961d4b4992a/build]   | [INFO] Downloaded from central: https://repo.maven.apache.org/maven2/org/apache/maven/maven-project/2.0.6/maven-project-2.0.6.pom (2.6 kB at 377 kB/s)
[f992860a-3869-4cc6-951a-f961d4b4992a/build]   | [INFO] Downloading from central: https://repo.maven.apache.org/maven2/org/apache/maven/maven-settings/2.0.6/maven-settings-2.0.6.pom
[f992860a-3869-4cc6-951a-f961d4b4992a/build]   | [INFO] Downloaded from central: https://repo.maven.apache.org/maven2/org/apache/maven/maven-settings/2.0.6/maven-settings-2.0.6.pom (2.0 kB at 154 kB/s)
[f992860a-3869-4cc6-951a-f961d4b4992a/build]   | [INFO] Downloading from central: https://repo.maven.apache.org/maven2/org/apache/maven/maven-model/2.0.6/maven-model-2.0.6.pom
[f992860a-3869-4cc6-951a-f961d4b4992a/build]   | [INFO] Downloaded from central: https://repo.maven.apache.org/maven2/org/apache/maven/maven-model/2.0.6/maven-model-2.0.6.pom (3.0 kB at 339 kB/s)
[f992860a-3869-4cc6-951a-f961d4b4992a/build]   | [INFO] Downloading from central: https://repo.maven.apache.org/maven2/org/codehaus/plexus/plexus-utils/1.4.1/plexus-utils-1.4.1.pom
[f992860a-3869-4cc6-951a-f961d4b4992a/build]   | [INFO] Downloaded from central: https://repo.maven.apache.org/maven2/org/codehaus/plexus/plexus-utils/1.4.1/plexus-utils-1.4.1.pom (1.9 kB at 273 kB/s)
[f992860a-3869-4cc6-951a-f961d4b4992a/build]   | [INFO] Downloading from central: https://repo.maven.apache.org/maven2/org/codehaus/plexus/plexus-container-default/1.0-alpha-9-stable-1/plexus-container-default-1.0-alpha-9-stable-1.pom
[f992860a-3869-4cc6-951a-f961d4b4992a/build]   | [INFO] Downloaded from central: https://repo.maven.apache.org/maven2/org/codehaus/plexus/plexus-container-default/1.0-alpha-9-stable-1/plexus-container-default-1.0-alpha-9-stable-1.pom (3.9 kB at 439 kB/s)
[f992860a-3869-4cc6-951a-f961d4b4992a/build]   | [INFO] Downloading from central: https://repo.maven.apache.org/maven2/junit/junit/3.8.1/junit-3.8.1.pom
[f992860a-3869-4cc6-951a-f961d4b4992a/build]   | [INFO] Downloaded from central: https://repo.maven.apache.org/maven2/junit/junit/3.8.1/junit-3.8.1.pom (998 B at 125 kB/s)
[f992860a-3869-4cc6-951a-f961d4b4992a/build]   | [INFO] Downloading from central: https://repo.maven.apache.org/maven2/org/apache/maven/maven-profile/2.0.6/maven-profile-2.0.6.pom
[f992860a-3869-4cc6-951a-f961d4b4992a/build]   | [INFO] Downloaded from central: https://repo.maven.apache.org/maven2/org/apache/maven/maven-profile/2.0.6/maven-profile-2.0.6.pom (2.0 kB at 330 kB/s)
[f992860a-3869-4cc6-951a-f961d4b4992a/build]   | [INFO] Downloading from central: https://repo.maven.apache.org/maven2/org/apache/maven/maven-artifact-manager/2.0.6/maven-artifact-manager-2.0.6.pom
[f992860a-3869-4cc6-951a-f961d4b4992a/build]   | [INFO] Downloaded from central: https://repo.maven.apache.org/maven2/org/apache/maven/maven-artifact-manager/2.0.6/maven-artifact-manager-2.0.6.pom (2.6 kB at 437 kB/s)
[f992860a-3869-4cc6-951a-f961d4b4992a/build]   | [INFO] Downloading from central: https://repo.maven.apache.org/maven2/org/apache/maven/maven-repository-metadata/2.0.6/maven-repository-metadata-2.0.6.pom
[f992860a-3869-4cc6-951a-f961d4b4992a/build]   | [INFO] Downloaded from central: https://repo.maven.apache.org/maven2/org/apache/maven/maven-repository-metadata/2.0.6/maven-repository-metadata-2.0.6.pom (1.9 kB at 308 kB/s)
[f992860a-3869-4cc6-951a-f961d4b4992a/build]   | [INFO] Downloading from central: https://repo.maven.apache.org/maven2/org/apache/maven/maven-artifact/2.0.6/maven-artifact-2.0.6.pom
[f992860a-3869-4cc6-951a-f961d4b4992a/build]   | [INFO] Downloaded from central: https://repo.maven.apache.org/maven2/org/apache/maven/maven-artifact/2.0.6/maven-artifact-2.0.6.pom (1.6 kB at 315 kB/s)
[f992860a-3869-4cc6-951a-f961d4b4992a/build]   | [INFO] Downloading from central: https://repo.maven.apache.org/maven2/org/apache/maven/maven-plugin-registry/2.0.6/maven-plugin-registry-2.0.6.pom
[f992860a-3869-4cc6-951a-f961d4b4992a/build]   | [INFO] Downloaded from central: https://repo.maven.apache.org/maven2/org/apache/maven/maven-plugin-registry/2.0.6/maven-plugin-registry-2.0.6.pom (1.9 kB at 177 kB/s)
[f992860a-3869-4cc6-951a-f961d4b4992a/build]   | [INFO] Downloading from central: https://repo.maven.apache.org/maven2/org/apache/maven/maven-core/2.0.6/maven-core-2.0.6.pom
[f992860a-3869-4cc6-951a-f961d4b4992a/build]   | [INFO] Downloaded from central: https://repo.maven.apache.org/maven2/org/apache/maven/maven-core/2.0.6/maven-core-2.0.6.pom (6.7 kB at 959 kB/s)
[f992860a-3869-4cc6-951a-f961d4b4992a/build]   | [INFO] Downloading from central: https://repo.maven.apache.org/maven2/org/apache/maven/maven-plugin-parameter-documenter/2.0.6/maven-plugin-parameter-documenter-2.0.6.pom
[f992860a-3869-4cc6-951a-f961d4b4992a/build]   | [INFO] Downloaded from central: https://repo.maven.apache.org/maven2/org/apache/maven/maven-plugin-parameter-documenter/2.0.6/maven-plugin-parameter-documenter-2.0.6.pom (1.9 kB at 174 kB/s)
[f992860a-3869-4cc6-951a-f961d4b4992a/build]   | [INFO] Downloading from central: https://repo.maven.apache.org/maven2/org/apache/maven/reporting/maven-reporting-api/2.0.6/maven-reporting-api-2.0.6.pom
[f992860a-3869-4cc6-951a-f961d4b4992a/build]   | [INFO] Downloaded from central: https://repo.maven.apache.org/maven2/org/apache/maven/reporting/maven-reporting-api/2.0.6/maven-reporting-api-2.0.6.pom (1.8 kB at 292 kB/s)
[f992860a-3869-4cc6-951a-f961d4b4992a/build]   | [INFO] Downloading from central: https://repo.maven.apache.org/maven2/org/apache/maven/reporting/maven-reporting/2.0.6/maven-reporting-2.0.6.pom
[f992860a-3869-4cc6-951a-f961d4b4992a/build]   | [INFO] Downloaded from central: https://repo.maven.apache.org/maven2/org/apache/maven/reporting/maven-reporting/2.0.6/maven-reporting-2.0.6.pom (1.4 kB at 240 kB/s)
[f992860a-3869-4cc6-951a-f961d4b4992a/build]   | [INFO] Downloading from central: https://repo.maven.apache.org/maven2/org/apache/maven/doxia/doxia-sink-api/1.0-alpha-7/doxia-sink-api-1.0-alpha-7.pom
[f992860a-3869-4cc6-951a-f961d4b4992a/build]   | [INFO] Downloaded from central: https://repo.maven.apache.org/maven2/org/apache/maven/doxia/doxia-sink-api/1.0-alpha-7/doxia-sink-api-1.0-alpha-7.pom (424 B at 71 kB/s)
[f992860a-3869-4cc6-951a-f961d4b4992a/build]   | [INFO] Downloading from central: https://repo.maven.apache.org/maven2/org/apache/maven/doxia/doxia/1.0-alpha-7/doxia-1.0-alpha-7.pom
[f992860a-3869-4cc6-951a-f961d4b4992a/build]   | [INFO] Downloaded from central: https://repo.maven.apache.org/maven2/org/apache/maven/doxia/doxia/1.0-alpha-7/doxia-1.0-alpha-7.pom (3.9 kB at 559 kB/s)
[f992860a-3869-4cc6-951a-f961d4b4992a/build]   | [INFO] Downloading from central: https://repo.maven.apache.org/maven2/org/apache/maven/maven-error-diagnostics/2.0.6/maven-error-diagnostics-2.0.6.pom
[f992860a-3869-4cc6-951a-f961d4b4992a/build]   | [INFO] Downloaded from central: https://repo.maven.apache.org/maven2/org/apache/maven/maven-error-diagnostics/2.0.6/maven-error-diagnostics-2.0.6.pom (1.7 kB at 341 kB/s)
[f992860a-3869-4cc6-951a-f961d4b4992a/build]   | [INFO] Downloading from central: https://repo.maven.apache.org/maven2/commons-cli/commons-cli/1.0/commons-cli-1.0.pom
[f992860a-3869-4cc6-951a-f961d4b4992a/build]   | [INFO] Downloaded from central: https://repo.maven.apache.org/maven2/commons-cli/commons-cli/1.0/commons-cli-1.0.pom (2.1 kB at 351 kB/s)
[f992860a-3869-4cc6-951a-f961d4b4992a/build]   | [INFO] Downloading from central: https://repo.maven.apache.org/maven2/org/apache/maven/maven-plugin-descriptor/2.0.6/maven-plugin-descriptor-2.0.6.pom
[f992860a-3869-4cc6-951a-f961d4b4992a/build]   | [INFO] Downloaded from central: https://repo.maven.apache.org/maven2/org/apache/maven/maven-plugin-descriptor/2.0.6/maven-plugin-descriptor-2.0.6.pom (2.0 kB at 336 kB/s)
[f992860a-3869-4cc6-951a-f961d4b4992a/build]   | [INFO] Downloading from central: https://repo.maven.apache.org/maven2/org/codehaus/plexus/plexus-interactivity-api/1.0-alpha-4/plexus-interactivity-api-1.0-alpha-4.pom
[f992860a-3869-4cc6-951a-f961d4b4992a/build]   | [INFO] Downloaded from central: https://repo.maven.apache.org/maven2/org/codehaus/plexus/plexus-interactivity-api/1.0-alpha-4/plexus-interactivity-api-1.0-alpha-4.pom (7.1 kB at 1.2 MB/s)
[f992860a-3869-4cc6-951a-f961d4b4992a/build]   | [INFO] Downloading from central: https://repo.maven.apache.org/maven2/org/apache/maven/maven-monitor/2.0.6/maven-monitor-2.0.6.pom
[f992860a-3869-4cc6-951a-f961d4b4992a/build]   | [INFO] Downloaded from central: https://repo.maven.apache.org/maven2/org/apache/maven/maven-monitor/2.0.6/maven-monitor-2.0.6.pom (1.3 kB at 179 kB/s)
[f992860a-3869-4cc6-951a-f961d4b4992a/build]   | [INFO] Downloading from central: https://repo.maven.apache.org/maven2/classworlds/classworlds/1.1/classworlds-1.1.pom
[f992860a-3869-4cc6-951a-f961d4b4992a/build]   | [INFO] Downloaded from central: https://repo.maven.apache.org/maven2/classworlds/classworlds/1.1/classworlds-1.1.pom (3.3 kB at 475 kB/s)
[f992860a-3869-4cc6-951a-f961d4b4992a/build]   | [INFO] Downloading from central: https://repo.maven.apache.org/maven2/org/codehaus/plexus/plexus-utils/2.0.5/plexus-utils-2.0.5.pom
[f992860a-3869-4cc6-951a-f961d4b4992a/build]   | [INFO] Downloaded from central: https://repo.maven.apache.org/maven2/org/codehaus/plexus/plexus-utils/2.0.5/plexus-utils-2.0.5.pom (3.3 kB at 476 kB/s)
[f992860a-3869-4cc6-951a-f961d4b4992a/build]   | [INFO] Downloading from central: https://repo.maven.apache.org/maven2/org/codehaus/plexus/plexus/2.0.6/plexus-2.0.6.pom
[f992860a-3869-4cc6-951a-f961d4b4992a/build]   | [INFO] Downloaded from central: https://repo.maven.apache.org/maven2/org/codehaus/plexus/plexus/2.0.6/plexus-2.0.6.pom (17 kB at 2.8 MB/s)
[f992860a-3869-4cc6-951a-f961d4b4992a/build]   | [INFO] Downloading from central: https://repo.maven.apache.org/maven2/org/apache/maven/shared/maven-filtering/1.1/maven-filtering-1.1.pom
[f992860a-3869-4cc6-951a-f961d4b4992a/build]   | [INFO] Downloaded from central: https://repo.maven.apache.org/maven2/org/apache/maven/shared/maven-filtering/1.1/maven-filtering-1.1.pom (5.8 kB at 827 kB/s)
[f992860a-3869-4cc6-951a-f961d4b4992a/build]   | [INFO] Downloading from central: https://repo.maven.apache.org/maven2/org/apache/maven/shared/maven-shared-components/17/maven-shared-components-17.pom
[f992860a-3869-4cc6-951a-f961d4b4992a/build]   | [INFO] Downloaded from central: https://repo.maven.apache.org/maven2/org/apache/maven/shared/maven-shared-components/17/maven-shared-components-17.pom (8.7 kB at 1.2 MB/s)
[f992860a-3869-4cc6-951a-f961d4b4992a/build]   | [INFO] Downloading from central: https://repo.maven.apache.org/maven2/org/codehaus/plexus/plexus-utils/1.5.15/plexus-utils-1.5.15.pom
[f992860a-3869-4cc6-951a-f961d4b4992a/build]   | [INFO] Downloaded from central: https://repo.maven.apache.org/maven2/org/codehaus/plexus/plexus-utils/1.5.15/plexus-utils-1.5.15.pom (6.8 kB at 1.1 MB/s)
[f992860a-3869-4cc6-951a-f961d4b4992a/build]   | [INFO] Downloading from central: https://repo.maven.apache.org/maven2/org/codehaus/plexus/plexus/2.0.2/plexus-2.0.2.pom
[f992860a-3869-4cc6-951a-f961d4b4992a/build]   | [INFO] Downloaded from central: https://repo.maven.apache.org/maven2/org/codehaus/plexus/plexus/2.0.2/plexus-2.0.2.pom (12 kB at 1.5 MB/s)
[f992860a-3869-4cc6-951a-f961d4b4992a/build]   | [INFO] Downloading from central: https://repo.maven.apache.org/maven2/org/codehaus/plexus/plexus-interpolation/1.12/plexus-interpolation-1.12.pom
[f992860a-3869-4cc6-951a-f961d4b4992a/build]   | [INFO] Downloaded from central: https://repo.maven.apache.org/maven2/org/codehaus/plexus/plexus-interpolation/1.12/plexus-interpolation-1.12.pom (889 B at 148 kB/s)
[f992860a-3869-4cc6-951a-f961d4b4992a/build]   | [INFO] Downloading from central: https://repo.maven.apache.org/maven2/org/codehaus/plexus/plexus-components/1.1.14/plexus-components-1.1.14.pom
[f992860a-3869-4cc6-951a-f961d4b4992a/build]   | [INFO] Downloaded from central: https://repo.maven.apache.org/maven2/org/codehaus/plexus/plexus-components/1.1.14/plexus-components-1.1.14.pom (5.8 kB at 835 kB/s)
[f992860a-3869-4cc6-951a-f961d4b4992a/build]   | [INFO] Downloading from central: https://repo.maven.apache.org/maven2/org/sonatype/plexus/plexus-build-api/0.0.4/plexus-build-api-0.0.4.pom
[f992860a-3869-4cc6-951a-f961d4b4992a/build]   | [INFO] Downloaded from central: https://repo.maven.apache.org/maven2/org/sonatype/plexus/plexus-build-api/0.0.4/plexus-build-api-0.0.4.pom (2.9 kB at 409 kB/s)
[f992860a-3869-4cc6-951a-f961d4b4992a/build]   | [INFO] Downloading from central: https://repo.maven.apache.org/maven2/org/sonatype/spice/spice-parent/10/spice-parent-10.pom
[f992860a-3869-4cc6-951a-f961d4b4992a/build]   | [INFO] Downloaded from central: https://repo.maven.apache.org/maven2/org/sonatype/spice/spice-parent/10/spice-parent-10.pom (3.0 kB at 431 kB/s)
[f992860a-3869-4cc6-951a-f961d4b4992a/build]   | [INFO] Downloading from central: https://repo.maven.apache.org/maven2/org/sonatype/forge/forge-parent/3/forge-parent-3.pom
[f992860a-3869-4cc6-951a-f961d4b4992a/build]   | [INFO] Downloaded from central: https://repo.maven.apache.org/maven2/org/sonatype/forge/forge-parent/3/forge-parent-3.pom (5.0 kB at 839 kB/s)
[f992860a-3869-4cc6-951a-f961d4b4992a/build]   | [INFO] Downloading from central: https://repo.maven.apache.org/maven2/org/codehaus/plexus/plexus-utils/1.5.8/plexus-utils-1.5.8.pom
[f992860a-3869-4cc6-951a-f961d4b4992a/build]   | [INFO] Downloaded from central: https://repo.maven.apache.org/maven2/org/codehaus/plexus/plexus-utils/1.5.8/plexus-utils-1.5.8.pom (8.1 kB at 1.2 MB/s)
[f992860a-3869-4cc6-951a-f961d4b4992a/build]   | [INFO] Downloading from central: https://repo.maven.apache.org/maven2/org/codehaus/plexus/plexus-interpolation/1.13/plexus-interpolation-1.13.pom
[f992860a-3869-4cc6-951a-f961d4b4992a/build]   | [INFO] Downloaded from central: https://repo.maven.apache.org/maven2/org/codehaus/plexus/plexus-interpolation/1.13/plexus-interpolation-1.13.pom (890 B at 99 kB/s)
[f992860a-3869-4cc6-951a-f961d4b4992a/build]   | [INFO] Downloading from central: https://repo.maven.apache.org/maven2/org/codehaus/plexus/plexus-components/1.1.15/plexus-components-1.1.15.pom
[f992860a-3869-4cc6-951a-f961d4b4992a/build]   | [INFO] Downloaded from central: https://repo.maven.apache.org/maven2/org/codehaus/plexus/plexus-components/1.1.15/plexus-components-1.1.15.pom (2.8 kB at 178 kB/s)
[f992860a-3869-4cc6-951a-f961d4b4992a/build]   | [INFO] Downloading from central: https://repo.maven.apache.org/maven2/org/codehaus/plexus/plexus/2.0.3/plexus-2.0.3.pom
[f992860a-3869-4cc6-951a-f961d4b4992a/build]   | [INFO] Downloaded from central: https://repo.maven.apache.org/maven2/org/codehaus/plexus/plexus/2.0.3/plexus-2.0.3.pom (15 kB at 1.4 MB/s)
[f992860a-3869-4cc6-951a-f961d4b4992a/build]   | [INFO] Downloading from central: https://repo.maven.apache.org/maven2/org/apache/maven/maven-project/2.0.6/maven-project-2.0.6.jar
[f992860a-3869-4cc6-951a-f961d4b4992a/build]   | [INFO] Downloading from central: https://repo.maven.apache.org/maven2/org/apache/maven/maven-profile/2.0.6/maven-profile-2.0.6.jar
[f992860a-3869-4cc6-951a-f961d4b4992a/build]   | [INFO] Downloading from central: https://repo.maven.apache.org/maven2/org/apache/maven/maven-artifact-manager/2.0.6/maven-artifact-manager-2.0.6.jar
[f992860a-3869-4cc6-951a-f961d4b4992a/build]   | [INFO] Downloading from central: https://repo.maven.apache.org/maven2/org/apache/maven/maven-plugin-registry/2.0.6/maven-plugin-registry-2.0.6.jar
[f992860a-3869-4cc6-951a-f961d4b4992a/build]   | [INFO] Downloading from central: https://repo.maven.apache.org/maven2/org/apache/maven/maven-core/2.0.6/maven-core-2.0.6.jar
[f992860a-3869-4cc6-951a-f961d4b4992a/build]   | [INFO] Downloaded from central: https://repo.maven.apache.org/maven2/org/apache/maven/maven-plugin-registry/2.0.6/maven-plugin-registry-2.0.6.jar (29 kB at 3.2 MB/s)
[f992860a-3869-4cc6-951a-f961d4b4992a/build]   | [INFO] Downloading from central: https://repo.maven.apache.org/maven2/org/apache/maven/maven-plugin-parameter-documenter/2.0.6/maven-plugin-parameter-documenter-2.0.6.jar
[f992860a-3869-4cc6-951a-f961d4b4992a/build]   | [INFO] Downloaded from central: https://repo.maven.apache.org/maven2/org/apache/maven/maven-profile/2.0.6/maven-profile-2.0.6.jar (35 kB at 3.2 MB/s)
[f992860a-3869-4cc6-951a-f961d4b4992a/build]   | [INFO] Downloading from central: https://repo.maven.apache.org/maven2/org/apache/maven/reporting/maven-reporting-api/2.0.6/maven-reporting-api-2.0.6.jar
[f992860a-3869-4cc6-951a-f961d4b4992a/build]   | [INFO] Downloaded from central: https://repo.maven.apache.org/maven2/org/apache/maven/maven-project/2.0.6/maven-project-2.0.6.jar (116 kB at 8.9 MB/s)
[f992860a-3869-4cc6-951a-f961d4b4992a/build]   | [INFO] Downloading from central: https://repo.maven.apache.org/maven2/org/apache/maven/doxia/doxia-sink-api/1.0-alpha-7/doxia-sink-api-1.0-alpha-7.jar
[f992860a-3869-4cc6-951a-f961d4b4992a/build]   | [INFO] Downloaded from central: https://repo.maven.apache.org/maven2/org/apache/maven/maven-artifact-manager/2.0.6/maven-artifact-manager-2.0.6.jar (57 kB at 3.3 MB/s)
[f992860a-3869-4cc6-951a-f961d4b4992a/build]   | [INFO] Downloaded from central: https://repo.maven.apache.org/maven2/org/apache/maven/reporting/maven-reporting-api/2.0.6/maven-reporting-api-2.0.6.jar (9.9 kB at 621 kB/s)
[f992860a-3869-4cc6-951a-f961d4b4992a/build]   | [INFO] Downloading from central: https://repo.maven.apache.org/maven2/org/apache/maven/maven-repository-metadata/2.0.6/maven-repository-metadata-2.0.6.jar
[f992860a-3869-4cc6-951a-f961d4b4992a/build]   | [INFO] Downloading from central: https://repo.maven.apache.org/maven2/org/apache/maven/maven-error-diagnostics/2.0.6/maven-error-diagnostics-2.0.6.jar
[f992860a-3869-4cc6-951a-f961d4b4992a/build]   | [INFO] Downloaded from central: https://repo.maven.apache.org/maven2/org/apache/maven/maven-core/2.0.6/maven-core-2.0.6.jar (152 kB at 8.0 MB/s)
[f992860a-3869-4cc6-951a-f961d4b4992a/build]   | [INFO] Downloading from central: https://repo.maven.apache.org/maven2/commons-cli/commons-cli/1.0/commons-cli-1.0.jar
[f992860a-3869-4cc6-951a-f961d4b4992a/build]   | [INFO] Downloaded from central: https://repo.maven.apache.org/maven2/org/apache/maven/doxia/doxia-sink-api/1.0-alpha-7/doxia-sink-api-1.0-alpha-7.jar (5.9 kB at 312 kB/s)
[f992860a-3869-4cc6-951a-f961d4b4992a/build]   | [INFO] Downloading from central: https://repo.maven.apache.org/maven2/org/apache/maven/maven-plugin-descriptor/2.0.6/maven-plugin-descriptor-2.0.6.jar
[f992860a-3869-4cc6-951a-f961d4b4992a/build]   | [INFO] Downloaded from central: https://repo.maven.apache.org/maven2/org/apache/maven/maven-plugin-parameter-documenter/2.0.6/maven-plugin-parameter-documenter-2.0.6.jar (21 kB at 902 kB/s)
[f992860a-3869-4cc6-951a-f961d4b4992a/build]   | [INFO] Downloading from central: https://repo.maven.apache.org/maven2/org/codehaus/plexus/plexus-interactivity-api/1.0-alpha-4/plexus-interactivity-api-1.0-alpha-4.jar
[f992860a-3869-4cc6-951a-f961d4b4992a/build]   | [INFO] Downloaded from central: https://repo.maven.apache.org/maven2/org/apache/maven/maven-error-diagnostics/2.0.6/maven-error-diagnostics-2.0.6.jar (14 kB at 389 kB/s)
[f992860a-3869-4cc6-951a-f961d4b4992a/build]   | [INFO] Downloading from central: https://repo.maven.apache.org/maven2/classworlds/classworlds/1.1/classworlds-1.1.jar
[f992860a-3869-4cc6-951a-f961d4b4992a/build]   | [INFO] Downloaded from central: https://repo.maven.apache.org/maven2/org/apache/maven/maven-repository-metadata/2.0.6/maven-repository-metadata-2.0.6.jar (24 kB at 680 kB/s)
[f992860a-3869-4cc6-951a-f961d4b4992a/build]   | [INFO] Downloading from central: https://repo.maven.apache.org/maven2/org/apache/maven/maven-artifact/2.0.6/maven-artifact-2.0.6.jar
[f992860a-3869-4cc6-951a-f961d4b4992a/build]   | [INFO] Downloaded from central: https://repo.maven.apache.org/maven2/org/apache/maven/maven-plugin-descriptor/2.0.6/maven-plugin-descriptor-2.0.6.jar (37 kB at 922 kB/s)
[f992860a-3869-4cc6-951a-f961d4b4992a/build]   | [INFO] Downloaded from central: https://repo.maven.apache.org/maven2/commons-cli/commons-cli/1.0/commons-cli-1.0.jar (30 kB at 753 kB/s)
[f992860a-3869-4cc6-951a-f961d4b4992a/build]   | [INFO] Downloading from central: https://repo.maven.apache.org/maven2/org/apache/maven/maven-settings/2.0.6/maven-settings-2.0.6.jar
[f992860a-3869-4cc6-951a-f961d4b4992a/build]   | [INFO] Downloading from central: https://repo.maven.apache.org/maven2/org/apache/maven/maven-model/2.0.6/maven-model-2.0.6.jar
[f992860a-3869-4cc6-951a-f961d4b4992a/build]   | [INFO] Downloaded from central: https://repo.maven.apache.org/maven2/org/codehaus/plexus/plexus-interactivity-api/1.0-alpha-4/plexus-interactivity-api-1.0-alpha-4.jar (13 kB at 279 kB/s)
[f992860a-3869-4cc6-951a-f961d4b4992a/build]   | [INFO] Downloading from central: https://repo.maven.apache.org/maven2/org/apache/maven/maven-monitor/2.0.6/maven-monitor-2.0.6.jar
[f992860a-3869-4cc6-951a-f961d4b4992a/build]   | [INFO] Downloaded from central: https://repo.maven.apache.org/maven2/classworlds/classworlds/1.1/classworlds-1.1.jar (38 kB at 773 kB/s)
[f992860a-3869-4cc6-951a-f961d4b4992a/build]   | [INFO] Downloading from central: https://repo.maven.apache.org/maven2/org/codehaus/plexus/plexus-container-default/1.0-alpha-9-stable-1/plexus-container-default-1.0-alpha-9-stable-1.jar
[f992860a-3869-4cc6-951a-f961d4b4992a/build]   | [INFO] Downloaded from central: https://repo.maven.apache.org/maven2/org/apache/maven/maven-settings/2.0.6/maven-settings-2.0.6.jar (49 kB at 982 kB/s)
[f992860a-3869-4cc6-951a-f961d4b4992a/build]   | [INFO] Downloading from central: https://repo.maven.apache.org/maven2/junit/junit/3.8.1/junit-3.8.1.jar
[f992860a-3869-4cc6-951a-f961d4b4992a/build]   | [INFO] Downloaded from central: https://repo.maven.apache.org/maven2/org/apache/maven/maven-artifact/2.0.6/maven-artifact-2.0.6.jar (87 kB at 1.3 MB/s)
[f992860a-3869-4cc6-951a-f961d4b4992a/build]   | [INFO] Downloading from central: https://repo.maven.apache.org/maven2/org/codehaus/plexus/plexus-utils/2.0.5/plexus-utils-2.0.5.jar
[f992860a-3869-4cc6-951a-f961d4b4992a/build]   | [INFO] Downloaded from central: https://repo.maven.apache.org/maven2/org/apache/maven/maven-model/2.0.6/maven-model-2.0.6.jar (86 kB at 1.3 MB/s)
[f992860a-3869-4cc6-951a-f961d4b4992a/build]   | [INFO] Downloading from central: https://repo.maven.apache.org/maven2/org/apache/maven/shared/maven-filtering/1.1/maven-filtering-1.1.jar
[f992860a-3869-4cc6-951a-f961d4b4992a/build]   | [INFO] Downloaded from central: https://repo.maven.apache.org/maven2/org/apache/maven/maven-monitor/2.0.6/maven-monitor-2.0.6.jar (10 kB at 138 kB/s)
[f992860a-3869-4cc6-951a-f961d4b4992a/build]   | [INFO] Downloading from central: https://repo.maven.apache.org/maven2/org/sonatype/plexus/plexus-build-api/0.0.4/plexus-build-api-0.0.4.jar
[f992860a-3869-4cc6-951a-f961d4b4992a/build]   | [INFO] Downloaded from central: https://repo.maven.apache.org/maven2/org/codehaus/plexus/plexus-container-default/1.0-alpha-9-stable-1/plexus-container-default-1.0-alpha-9-stable-1.jar (194 kB at 2.4 MB/s)
[f992860a-3869-4cc6-951a-f961d4b4992a/build]   | [INFO] Downloading from central: https://repo.maven.apache.org/maven2/org/codehaus/plexus/plexus-interpolation/1.13/plexus-interpolation-1.13.jar
[f992860a-3869-4cc6-951a-f961d4b4992a/build]   | [INFO] Downloaded from central: https://repo.maven.apache.org/maven2/junit/junit/3.8.1/junit-3.8.1.jar (121 kB at 1.5 MB/s)
[f992860a-3869-4cc6-951a-f961d4b4992a/build]   | [INFO] Downloaded from central: https://repo.maven.apache.org/maven2/org/apache/maven/shared/maven-filtering/1.1/maven-filtering-1.1.jar (43 kB at 464 kB/s)
[f992860a-3869-4cc6-951a-f961d4b4992a/build]   | [INFO] Downloaded from central: https://repo.maven.apache.org/maven2/org/sonatype/plexus/plexus-build-api/0.0.4/plexus-build-api-0.0.4.jar (6.8 kB at 73 kB/s)
[f992860a-3869-4cc6-951a-f961d4b4992a/build]   | [INFO] Downloaded from central: https://repo.maven.apache.org/maven2/org/codehaus/plexus/plexus-utils/2.0.5/plexus-utils-2.0.5.jar (223 kB at 2.4 MB/s)
[f992860a-3869-4cc6-951a-f961d4b4992a/build]   | [INFO] Downloaded from central: https://repo.maven.apache.org/maven2/org/codehaus/plexus/plexus-interpolation/1.13/plexus-interpolation-1.13.jar (61 kB at 560 kB/s)
[f992860a-3869-4cc6-951a-f961d4b4992a/build]   | [INFO] Using 'UTF-8' encoding to copy filtered resources.
[f992860a-3869-4cc6-951a-f961d4b4992a/build]   | [INFO] skip non existing resourceDirectory /tmp/2fee7f4f-9072-4780-9d9d-7491fcf5e56b/src/main/resources
[f992860a-3869-4cc6-951a-f961d4b4992a/build]   | [INFO] 
[f992860a-3869-4cc6-951a-f961d4b4992a/build]   | [INFO] --- maven-compiler-plugin:3.11.0:compile (default-compile) @ configme ---
[f992860a-3869-4cc6-951a-f961d4b4992a/build]   | [INFO] Downloading from central: https://repo.maven.apache.org/maven2/org/apache/maven/shared/maven-shared-utils/3.3.4/maven-shared-utils-3.3.4.pom
[f992860a-3869-4cc6-951a-f961d4b4992a/build]   | [INFO] Downloaded from central: https://repo.maven.apache.org/maven2/org/apache/maven/shared/maven-shared-utils/3.3.4/maven-shared-utils-3.3.4.pom (5.8 kB at 343 kB/s)
[f992860a-3869-4cc6-951a-f961d4b4992a/build]   | [INFO] Downloading from central: https://repo.maven.apache.org/maven2/org/apache/maven/shared/maven-shared-components/34/maven-shared-components-34.pom
[f992860a-3869-4cc6-951a-f961d4b4992a/build]   | [INFO] Downloaded from central: https://repo.maven.apache.org/maven2/org/apache/maven/shared/maven-shared-components/34/maven-shared-components-34.pom (5.1 kB at 255 kB/s)
[f992860a-3869-4cc6-951a-f961d4b4992a/build]   | [INFO] Downloading from central: https://repo.maven.apache.org/maven2/org/apache/maven/maven-parent/34/maven-parent-34.pom
[f992860a-3869-4cc6-951a-f961d4b4992a/build]   | [INFO] Downloaded from central: https://repo.maven.apache.org/maven2/org/apache/maven/maven-parent/34/maven-parent-34.pom (43 kB at 952 kB/s)
[f992860a-3869-4cc6-951a-f961d4b4992a/build]   | [INFO] Downloading from central: https://repo.maven.apache.org/maven2/org/apache/apache/23/apache-23.pom
[f992860a-3869-4cc6-951a-f961d4b4992a/build]   | [INFO] Downloaded from central: https://repo.maven.apache.org/maven2/org/apache/apache/23/apache-23.pom (18 kB at 526 kB/s)
[f992860a-3869-4cc6-951a-f961d4b4992a/build]   | [INFO] Downloading from central: https://repo.maven.apache.org/maven2/commons-io/commons-io/2.6/commons-io-2.6.pom
[f992860a-3869-4cc6-951a-f961d4b4992a/build]   | [INFO] Downloaded from central: https://repo.maven.apache.org/maven2/commons-io/commons-io/2.6/commons-io-2.6.pom (14 kB at 891 kB/s)
[f992860a-3869-4cc6-951a-f961d4b4992a/build]   | [INFO] Downloading from central: https://repo.maven.apache.org/maven2/org/apache/commons/commons-parent/42/commons-parent-42.pom
[f992860a-3869-4cc6-951a-f961d4b4992a/build]   | [INFO] Downloaded from central: https://repo.maven.apache.org/maven2/org/apache/commons/commons-parent/42/commons-parent-42.pom (68 kB at 8.5 MB/s)
[f992860a-3869-4cc6-951a-f961d4b4992a/build]   | [INFO] Downloading from central: https://repo.maven.apache.org/maven2/org/apache/apache/18/apache-18.pom
[f992860a-3869-4cc6-951a-f961d4b4992a/build]   | [INFO] Downloaded from central: https://repo.maven.apache.org/maven2/org/apache/apache/18/apache-18.pom (16 kB at 522 kB/s)
[f992860a-3869-4cc6-951a-f961d4b4992a/build]   | [INFO] Downloading from central: https://repo.maven.apache.org/maven2/org/apache/maven/shared/maven-shared-incremental/1.1/maven-shared-incremental-1.1.pom
[f992860a-3869-4cc6-951a-f961d4b4992a/build]   | [INFO] Downloaded from central: https://repo.maven.apache.org/maven2/org/apache/maven/shared/maven-shared-incremental/1.1/maven-shared-incremental-1.1.pom (4.7 kB at 316 kB/s)
[f992860a-3869-4cc6-951a-f961d4b4992a/build]   | [INFO] Downloading from central: https://repo.maven.apache.org/maven2/org/apache/maven/shared/maven-shared-components/19/maven-shared-components-19.pom
[f992860a-3869-4cc6-951a-f961d4b4992a/build]   | [INFO] Downloaded from central: https://repo.maven.apache.org/maven2/org/apache/maven/shared/maven-shared-components/19/maven-shared-components-19.pom (6.4 kB at 578 kB/s)
[f992860a-3869-4cc6-951a-f961d4b4992a/build]   | [INFO] Downloading from central: https://repo.maven.apache.org/maven2/org/apache/maven/maven-parent/23/maven-parent-23.pom
[f992860a-3869-4cc6-951a-f961d4b4992a/build]   | [INFO] Downloaded from central: https://repo.maven.apache.org/maven2/org/apache/maven/maven-parent/23/maven-parent-23.pom (33 kB at 1.6 MB/s)
[f992860a-3869-4cc6-951a-f961d4b4992a/build]   | [INFO] Downloading from central: https://repo.maven.apache.org/maven2/org/apache/apache/13/apache-13.pom
[f992860a-3869-4cc6-951a-f961d4b4992a/build]   | [INFO] Downloaded from central: https://repo.maven.apache.org/maven2/org/apache/apache/13/apache-13.pom (14 kB at 325 kB/s)
[f992860a-3869-4cc6-951a-f961d4b4992a/build]   | [INFO] Downloading from central: https://repo.maven.apache.org/maven2/org/codehaus/plexus/plexus-component-annotations/1.5.5/plexus-component-annotations-1.5.5.pom
[f992860a-3869-4cc6-951a-f961d4b4992a/build]   | [INFO] Downloaded from central: https://repo.maven.apache.org/maven2/org/codehaus/plexus/plexus-component-annotations/1.5.5/plexus-component-annotations-1.5.5.pom (815 B at 43 kB/s)
[f992860a-3869-4cc6-951a-f961d4b4992a/build]   | [INFO] Downloading from central: https://repo.maven.apache.org/maven2/org/codehaus/plexus/plexus-containers/1.5.5/plexus-containers-1.5.5.pom
[f992860a-3869-4cc6-951a-f961d4b4992a/build]   | [INFO] Downloaded from central: https://repo.maven.apache.org/maven2/org/codehaus/plexus/plexus-containers/1.5.5/plexus-containers-1.5.5.pom (4.2 kB at 283 kB/s)
[f992860a-3869-4cc6-951a-f961d4b4992a/build]   | [INFO] Downloading from central: https://repo.maven.apache.org/maven2/org/codehaus/plexus/plexus/2.0.7/plexus-2.0.7.pom
[f992860a-3869-4cc6-951a-f961d4b4992a/build]   | [INFO] Downloaded from central: https://repo.maven.apache.org/maven2/org/codehaus/plexus/plexus/2.0.7/plexus-2.0.7.pom (17 kB at 1.6 MB/s)
[f992860a-3869-4cc6-951a-f961d4b4992a/build]   | [INFO] Downloading from central: https://repo.maven.apache.org/maven2/org/codehaus/plexus/plexus-java/1.1.2/plexus-java-1.1.2.pom
[f992860a-3869-4cc6-951a-f961d4b4992a/build]   | [INFO] Downloaded from central: https://repo.maven.apache.org/maven2/org/codehaus/plexus/plexus-java/1.1.2/plexus-java-1.1.2.pom (5.0 kB at 331 kB/s)
[f992860a-3869-4cc6-951a-f961d4b4992a/build]   | [INFO] Downloading from central: https://repo.maven.apache.org/maven2/org/codehaus/plexus/plexus-languages/1.1.2/plexus-languages-1.1.2.pom
[f992860a-3869-4cc6-951a-f961d4b4992a/build]   | [INFO] Downloaded from central: https://repo.maven.apache.org/maven2/org/codehaus/plexus/plexus-languages/1.1.2/plexus-languages-1.1.2.pom (4.1 kB at 197 kB/s)
[f992860a-3869-4cc6-951a-f961d4b4992a/build]   | [INFO] Downloading from central: https://repo.maven.apache.org/maven2/org/codehaus/plexus/plexus/10/plexus-10.pom
[f992860a-3869-4cc6-951a-f961d4b4992a/build]   | [INFO] Downloaded from central: https://repo.maven.apache.org/maven2/org/codehaus/plexus/plexus/10/plexus-10.pom (25 kB at 2.3 MB/s)
[f992860a-3869-4cc6-951a-f961d4b4992a/build]   | [INFO] Downloading from central: https://repo.maven.apache.org/maven2/org/ow2/asm/asm/9.4/asm-9.4.pom
[f992860a-3869-4cc6-951a-f961d4b4992a/build]   | [INFO] Downloaded from central: https://repo.maven.apache.org/maven2/org/ow2/asm/asm/9.4/asm-9.4.pom (2.4 kB at 263 kB/s)
[f992860a-3869-4cc6-951a-f961d4b4992a/build]   | [INFO] Downloading from central: https://repo.maven.apache.org/maven2/com/thoughtworks/qdox/qdox/2.0.3/qdox-2.0.3.pom
[f992860a-3869-4cc6-951a-f961d4b4992a/build]   | [INFO] Downloaded from central: https://repo.maven.apache.org/maven2/com/thoughtworks/qdox/qdox/2.0.3/qdox-2.0.3.pom (17 kB at 1.9 MB/s)
[f992860a-3869-4cc6-951a-f961d4b4992a/build]   | [INFO] Downloading from central: https://repo.maven.apache.org/maven2/org/sonatype/oss/oss-parent/9/oss-parent-9.pom
[f992860a-3869-4cc6-951a-f961d4b4992a/build]   | [INFO] Downloaded from central: https://repo.maven.apache.org/maven2/org/sonatype/oss/oss-parent/9/oss-parent-9.pom (6.6 kB at 657 kB/s)
[f992860a-3869-4cc6-951a-f961d4b4992a/build]   | [INFO] Downloading from central: https://repo.maven.apache.org/maven2/org/codehaus/plexus/plexus-compiler-api/2.13.0/plexus-compiler-api-2.13.0.pom
[f992860a-3869-4cc6-951a-f961d4b4992a/build]   | [INFO] Downloaded from central: https://repo.maven.apache.org/maven2/org/codehaus/plexus/plexus-compiler-api/2.13.0/plexus-compiler-api-2.13.0.pom (1.1 kB at 151 kB/s)
[f992860a-3869-4cc6-951a-f961d4b4992a/build]   | [INFO] Downloading from central: https://repo.maven.apache.org/maven2/org/codehaus/plexus/plexus-compiler/2.13.0/plexus-compiler-2.13.0.pom
[f992860a-3869-4cc6-951a-f961d4b4992a/build]   | [INFO] Downloaded from central: https://repo.maven.apache.org/maven2/org/codehaus/plexus/plexus-compiler/2.13.0/plexus-compiler-2.13.0.pom (8.4 kB at 1.0 MB/s)
[f992860a-3869-4cc6-951a-f961d4b4992a/build]   | [INFO] Downloading from central: https://repo.maven.apache.org/maven2/org/codehaus/plexus/plexus-components/10.0/plexus-components-10.0.pom
[f992860a-3869-4cc6-951a-f961d4b4992a/build]   | [INFO] Downloaded from central: https://repo.maven.apache.org/maven2/org/codehaus/plexus/plexus-components/10.0/plexus-components-10.0.pom (2.7 kB at 244 kB/s)
[f992860a-3869-4cc6-951a-f961d4b4992a/build]   | [INFO] Downloading from central: https://repo.maven.apache.org/maven2/org/codehaus/plexus/plexus-utils/3.5.0/plexus-utils-3.5.0.pom
[f992860a-3869-4cc6-951a-f961d4b4992a/build]   | [INFO] Downloaded from central: https://repo.maven.apache.org/maven2/org/codehaus/plexus/plexus-utils/3.5.0/plexus-utils-3.5.0.pom (8.0 kB at 1.3 MB/s)
[f992860a-3869-4cc6-951a-f961d4b4992a/build]   | [INFO] Downloading from central: https://repo.maven.apache.org/maven2/org/codehaus/plexus/plexus-compiler-manager/2.13.0/plexus-compiler-manager-2.13.0.pom
[f992860a-3869-4cc6-951a-f961d4b4992a/build]   | [INFO] Downloaded from central: https://repo.maven.apache.org/maven2/org/codehaus/plexus/plexus-compiler-manager/2.13.0/plexus-compiler-manager-2.13.0.pom (1.1 kB at 142 kB/s)
[f992860a-3869-4cc6-951a-f961d4b4992a/build]   | [INFO] Downloading from central: https://repo.maven.apache.org/maven2/org/codehaus/plexus/plexus-component-annotations/2.1.1/plexus-component-annotations-2.1.1.pom
[f992860a-3869-4cc6-951a-f961d4b4992a/build]   | [INFO] Downloaded from central: https://repo.maven.apache.org/maven2/org/codehaus/plexus/plexus-component-annotations/2.1.1/plexus-component-annotations-2.1.1.pom (770 B at 128 kB/s)
[f992860a-3869-4cc6-951a-f961d4b4992a/build]   | [INFO] Downloading from central: https://repo.maven.apache.org/maven2/org/codehaus/plexus/plexus-containers/2.1.1/plexus-containers-2.1.1.pom
[f992860a-3869-4cc6-951a-f961d4b4992a/build]   | [INFO] Downloaded from central: https://repo.maven.apache.org/maven2/org/codehaus/plexus/plexus-containers/2.1.1/plexus-containers-2.1.1.pom (6.0 kB at 755 kB/s)
[f992860a-3869-4cc6-951a-f961d4b4992a/build]   | [INFO] Downloading from central: https://repo.maven.apache.org/maven2/org/codehaus/plexus/plexus/6.5/plexus-6.5.pom
[f992860a-3869-4cc6-951a-f961d4b4992a/build]   | [INFO] Downloaded from central: https://repo.maven.apache.org/maven2/org/codehaus/plexus/plexus/6.5/plexus-6.5.pom (26 kB at 4.3 MB/s)
[f992860a-3869-4cc6-951a-f961d4b4992a/build]   | [INFO] Downloading from central: https://repo.maven.apache.org/maven2/org/codehaus/plexus/plexus-compiler-javac/2.13.0/plexus-compiler-javac-2.13.0.pom
[f992860a-3869-4cc6-951a-f961d4b4992a/build]   | [INFO] Downloaded from central: https://repo.maven.apache.org/maven2/org/codehaus/plexus/plexus-compiler-javac/2.13.0/plexus-compiler-javac-2.13.0.pom (1.2 kB at 172 kB/s)
[f992860a-3869-4cc6-951a-f961d4b4992a/build]   | [INFO] Downloading from central: https://repo.maven.apache.org/maven2/org/codehaus/plexus/plexus-compilers/2.13.0/plexus-compilers-2.13.0.pom
[f992860a-3869-4cc6-951a-f961d4b4992a/build]   | [INFO] Downloaded from central: https://repo.maven.apache.org/maven2/org/codehaus/plexus/plexus-compilers/2.13.0/plexus-compilers-2.13.0.pom (1.3 kB at 220 kB/s)
[f992860a-3869-4cc6-951a-f961d4b4992a/build]   | [INFO] Downloading from central: https://repo.maven.apache.org/maven2/org/apache/maven/shared/maven-shared-utils/3.3.4/maven-shared-utils-3.3.4.jar
[f992860a-3869-4cc6-951a-f961d4b4992a/build]   | [INFO] Downloading from central: https://repo.maven.apache.org/maven2/commons-io/commons-io/2.6/commons-io-2.6.jar
[f992860a-3869-4cc6-951a-f961d4b4992a/build]   | [INFO] Downloading from central: https://repo.maven.apache.org/maven2/org/apache/maven/shared/maven-shared-incremental/1.1/maven-shared-incremental-1.1.jar
[f992860a-3869-4cc6-951a-f961d4b4992a/build]   | [INFO] Downloading from central: https://repo.maven.apache.org/maven2/org/codehaus/plexus/plexus-component-annotations/1.5.5/plexus-component-annotations-1.5.5.jar
[f992860a-3869-4cc6-951a-f961d4b4992a/build]   | [INFO] Downloading from central: https://repo.maven.apache.org/maven2/org/codehaus/plexus/plexus-java/1.1.2/plexus-java-1.1.2.jar
[f992860a-3869-4cc6-951a-f961d4b4992a/build]   | [INFO] Downloaded from central: https://repo.maven.apache.org/maven2/org/codehaus/plexus/plexus-java/1.1.2/plexus-java-1.1.2.jar (55 kB at 6.1 MB/s)
[f992860a-3869-4cc6-951a-f961d4b4992a/build]   | [INFO] Downloaded from central: https://repo.maven.apache.org/maven2/org/codehaus/plexus/plexus-component-annotations/1.5.5/plexus-component-annotations-1.5.5.jar (4.2 kB at 468 kB/s)
[f992860a-3869-4cc6-951a-f961d4b4992a/build]   | [INFO] Downloading from central: https://repo.maven.apache.org/maven2/org/ow2/asm/asm/9.4/asm-9.4.jar
[f992860a-3869-4cc6-951a-f961d4b4992a/build]   | [INFO] Downloading from central: https://repo.maven.apache.org/maven2/com/thoughtworks/qdox/qdox/2.0.3/qdox-2.0.3.jar
[f992860a-3869-4cc6-951a-f961d4b4992a/build]   | [INFO] Downloaded from central: https://repo.maven.apache.org/maven2/org/apache/maven/shared/maven-shared-utils/3.3.4/maven-shared-utils-3.3.4.jar (153 kB at 13 MB/s)
[f992860a-3869-4cc6-951a-f961d4b4992a/build]   | [INFO] Downloading from central: https://repo.maven.apache.org/maven2/org/codehaus/plexus/plexus-compiler-api/2.13.0/plexus-compiler-api-2.13.0.jar
[f992860a-3869-4cc6-951a-f961d4b4992a/build]   | [INFO] Downloaded from central: https://repo.maven.apache.org/maven2/org/apache/maven/shared/maven-shared-incremental/1.1/maven-shared-incremental-1.1.jar (14 kB at 967 kB/s)
[f992860a-3869-4cc6-951a-f961d4b4992a/build]   | [INFO] Downloading from central: https://repo.maven.apache.org/maven2/org/codehaus/plexus/plexus-utils/3.5.0/plexus-utils-3.5.0.jar
[f992860a-3869-4cc6-951a-f961d4b4992a/build]   | [INFO] Downloaded from central: https://repo.maven.apache.org/maven2/commons-io/commons-io/2.6/commons-io-2.6.jar (215 kB at 14 MB/s)
[f992860a-3869-4cc6-951a-f961d4b4992a/build]   | [INFO] Downloading from central: https://repo.maven.apache.org/maven2/org/codehaus/plexus/plexus-compiler-manager/2.13.0/plexus-compiler-manager-2.13.0.jar
[f992860a-3869-4cc6-951a-f961d4b4992a/build]   | [INFO] Downloaded from central: https://repo.maven.apache.org/maven2/org/ow2/asm/asm/9.4/asm-9.4.jar (122 kB at 6.4 MB/s)
[f992860a-3869-4cc6-951a-f961d4b4992a/build]   | [INFO] Downloading from central: https://repo.maven.apache.org/maven2/org/codehaus/plexus/plexus-compiler-javac/2.13.0/plexus-compiler-javac-2.13.0.jar
[f992860a-3869-4cc6-951a-f961d4b4992a/build]   | [INFO] Downloaded from central: https://repo.maven.apache.org/maven2/org/codehaus/plexus/plexus-compiler-api/2.13.0/plexus-compiler-api-2.13.0.jar (27 kB at 1.4 MB/s)
[f992860a-3869-4cc6-951a-f961d4b4992a/build]   | [INFO] Downloaded from central: https://repo.maven.apache.org/maven2/org/codehaus/plexus/plexus-compiler-manager/2.13.0/plexus-compiler-manager-2.13.0.jar (4.7 kB at 212 kB/s)
[f992860a-3869-4cc6-951a-f961d4b4992a/build]   | [INFO] Downloaded from central: https://repo.maven.apache.org/maven2/com/thoughtworks/qdox/qdox/2.0.3/qdox-2.0.3.jar (334 kB at 15 MB/s)
[f992860a-3869-4cc6-951a-f961d4b4992a/build]   | [INFO] Downloaded from central: https://repo.maven.apache.org/maven2/org/codehaus/plexus/plexus-utils/3.5.0/plexus-utils-3.5.0.jar (267 kB at 11 MB/s)
[f992860a-3869-4cc6-951a-f961d4b4992a/build]   | [INFO] Downloaded from central: https://repo.maven.apache.org/maven2/org/codehaus/plexus/plexus-compiler-javac/2.13.0/plexus-compiler-javac-2.13.0.jar (23 kB at 876 kB/s)
[f992860a-3869-4cc6-951a-f961d4b4992a/build]   | [INFO] Changes detected - recompiling the module! :dependency
[f992860a-3869-4cc6-951a-f961d4b4992a/build]   | [INFO] Compiling 86 source files with javac [debug target 1.8] to target/classes
[f992860a-3869-4cc6-951a-f961d4b4992a/build]   | [WARNING] bootstrap class path not set in conjunction with -source 8
[f992860a-3869-4cc6-951a-f961d4b4992a/build]   | [INFO] /tmp/2fee7f4f-9072-4780-9d9d-7491fcf5e56b/src/main/java/ch/jalu/configme/resource/MapNormalizer.java: Some input files use unchecked or unsafe operations.
[f992860a-3869-4cc6-951a-f961d4b4992a/build]   | [INFO] /tmp/2fee7f4f-9072-4780-9d9d-7491fcf5e56b/src/main/java/ch/jalu/configme/resource/MapNormalizer.java: Recompile with -Xlint:unchecked for details.
[f992860a-3869-4cc6-951a-f961d4b4992a/build]   | [INFO] 
[f992860a-3869-4cc6-951a-f961d4b4992a/build]   | [INFO] --- maven-resources-plugin:2.6:testResources (default-testResources) @ configme ---
[f992860a-3869-4cc6-951a-f961d4b4992a/build]   | [INFO] Using 'UTF-8' encoding to copy filtered resources.
[f992860a-3869-4cc6-951a-f961d4b4992a/build]   | [INFO] Copying 23 resources
[f992860a-3869-4cc6-951a-f961d4b4992a/build]   | [INFO] 
[f992860a-3869-4cc6-951a-f961d4b4992a/build]   | [INFO] --- maven-compiler-plugin:3.11.0:testCompile (default-testCompile) @ configme ---
[f992860a-3869-4cc6-951a-f961d4b4992a/build]   | [INFO] Changes detected - recompiling the module! :dependency
[f992860a-3869-4cc6-951a-f961d4b4992a/build]   | [INFO] Compiling 130 source files with javac [debug target 1.8] to target/test-classes
[f992860a-3869-4cc6-951a-f961d4b4992a/build]   | [WARNING] bootstrap class path not set in conjunction with -source 8
[f992860a-3869-4cc6-951a-f961d4b4992a/build]   | [INFO] /tmp/2fee7f4f-9072-4780-9d9d-7491fcf5e56b/src/test/java/ch/jalu/configme/beanmapper/propertydescription/BeanPropertyDescriptionImplTest.java: Some input files use or override a deprecated API.
[f992860a-3869-4cc6-951a-f961d4b4992a/build]   | [INFO] /tmp/2fee7f4f-9072-4780-9d9d-7491fcf5e56b/src/test/java/ch/jalu/configme/beanmapper/propertydescription/BeanPropertyDescriptionImplTest.java: Recompile with -Xlint:deprecation for details.
[f992860a-3869-4cc6-951a-f961d4b4992a/build]   | [INFO] /tmp/2fee7f4f-9072-4780-9d9d-7491fcf5e56b/src/test/java/ch/jalu/configme/properties/inlinearray/StandardInlineArrayConvertersTest.java: Some input files use unchecked or unsafe operations.
[f992860a-3869-4cc6-951a-f961d4b4992a/build]   | [INFO] /tmp/2fee7f4f-9072-4780-9d9d-7491fcf5e56b/src/test/java/ch/jalu/configme/properties/inlinearray/StandardInlineArrayConvertersTest.java: Recompile with -Xlint:unchecked for details.
[f992860a-3869-4cc6-951a-f961d4b4992a/build]   | [INFO] 
[f992860a-3869-4cc6-951a-f961d4b4992a/build]   | [INFO] --- maven-surefire-plugin:3.1.2:test (default-test) @ configme ---
[f992860a-3869-4cc6-951a-f961d4b4992a/build]   | [INFO] Downloading from central: https://repo.maven.apache.org/maven2/org/apache/maven/surefire/maven-surefire-common/3.1.2/maven-surefire-common-3.1.2.pom
[f992860a-3869-4cc6-951a-f961d4b4992a/build]   | [INFO] Downloaded from central: https://repo.maven.apache.org/maven2/org/apache/maven/surefire/maven-surefire-common/3.1.2/maven-surefire-common-3.1.2.pom (6.1 kB at 149 kB/s)
[f992860a-3869-4cc6-951a-f961d4b4992a/build]   | [INFO] Downloading from central: https://repo.maven.apache.org/maven2/org/apache/maven/surefire/surefire-api/3.1.2/surefire-api-3.1.2.pom
[f992860a-3869-4cc6-951a-f961d4b4992a/build]   | [INFO] Downloaded from central: https://repo.maven.apache.org/maven2/org/apache/maven/surefire/surefire-api/3.1.2/surefire-api-3.1.2.pom (3.5 kB at 153 kB/s)
[f992860a-3869-4cc6-951a-f961d4b4992a/build]   | [INFO] Downloading from central: https://repo.maven.apache.org/maven2/org/apache/maven/surefire/surefire-logger-api/3.1.2/surefire-logger-api-3.1.2.pom
[f992860a-3869-4cc6-951a-f961d4b4992a/build]   | [INFO] Downloaded from central: https://repo.maven.apache.org/maven2/org/apache/maven/surefire/surefire-logger-api/3.1.2/surefire-logger-api-3.1.2.pom (3.3 kB at 125 kB/s)
[f992860a-3869-4cc6-951a-f961d4b4992a/build]   | [INFO] Downloading from central: https://repo.maven.apache.org/maven2/org/apache/maven/surefire/surefire-shared-utils/3.1.2/surefire-shared-utils-3.1.2.pom
[f992860a-3869-4cc6-951a-f961d4b4992a/build]   | [INFO] Downloaded from central: https://repo.maven.apache.org/maven2/org/apache/maven/surefire/surefire-shared-utils/3.1.2/surefire-shared-utils-3.1.2.pom (4.1 kB at 131 kB/s)
[f992860a-3869-4cc6-951a-f961d4b4992a/build]   | [INFO] Downloading from central: https://repo.maven.apache.org/maven2/org/apache/maven/surefire/surefire-extensions-api/3.1.2/surefire-extensions-api-3.1.2.pom
[f992860a-3869-4cc6-951a-f961d4b4992a/build]   | [INFO] Downloaded from central: https://repo.maven.apache.org/maven2/org/apache/maven/surefire/surefire-extensions-api/3.1.2/surefire-extensions-api-3.1.2.pom (3.3 kB at 110 kB/s)
[f992860a-3869-4cc6-951a-f961d4b4992a/build]   | [INFO] Downloading from central: https://repo.maven.apache.org/maven2/org/apache/maven/surefire/surefire-booter/3.1.2/surefire-booter-3.1.2.pom
[f992860a-3869-4cc6-951a-f961d4b4992a/build]   | [INFO] Downloaded from central: https://repo.maven.apache.org/maven2/org/apache/maven/surefire/surefire-booter/3.1.2/surefire-booter-3.1.2.pom (4.5 kB at 171 kB/s)
[f992860a-3869-4cc6-951a-f961d4b4992a/build]   | [INFO] Downloading from central: https://repo.maven.apache.org/maven2/org/apache/maven/surefire/surefire-extensions-spi/3.1.2/surefire-extensions-spi-3.1.2.pom
[f992860a-3869-4cc6-951a-f961d4b4992a/build]   | [INFO] Downloaded from central: https://repo.maven.apache.org/maven2/org/apache/maven/surefire/surefire-extensions-spi/3.1.2/surefire-extensions-spi-3.1.2.pom (1.8 kB at 68 kB/s)
[f992860a-3869-4cc6-951a-f961d4b4992a/build]   | [INFO] Downloading from central: https://repo.maven.apache.org/maven2/org/eclipse/aether/aether-util/1.0.0.v20140518/aether-util-1.0.0.v20140518.pom
[f992860a-3869-4cc6-951a-f961d4b4992a/build]   | [INFO] Downloaded from central: https://repo.maven.apache.org/maven2/org/eclipse/aether/aether-util/1.0.0.v20140518/aether-util-1.0.0.v20140518.pom (2.2 kB at 73 kB/s)
[f992860a-3869-4cc6-951a-f961d4b4992a/build]   | [INFO] Downloading from central: https://repo.maven.apache.org/maven2/org/eclipse/aether/aether/1.0.0.v20140518/aether-1.0.0.v20140518.pom
[f992860a-3869-4cc6-951a-f961d4b4992a/build]   | [INFO] Downloaded from central: https://repo.maven.apache.org/maven2/org/eclipse/aether/aether/1.0.0.v20140518/aether-1.0.0.v20140518.pom (30 kB at 443 kB/s)
[f992860a-3869-4cc6-951a-f961d4b4992a/build]   | [INFO] Downloading from central: https://repo.maven.apache.org/maven2/org/eclipse/aether/aether-api/1.0.0.v20140518/aether-api-1.0.0.v20140518.pom
[f992860a-3869-4cc6-951a-f961d4b4992a/build]   | [INFO] Downloaded from central: https://repo.maven.apache.org/maven2/org/eclipse/aether/aether-api/1.0.0.v20140518/aether-api-1.0.0.v20140518.pom (1.9 kB at 32 kB/s)
[f992860a-3869-4cc6-951a-f961d4b4992a/build]   | [INFO] Downloading from central: https://repo.maven.apache.org/maven2/org/apache/maven/shared/maven-common-artifact-filters/3.1.1/maven-common-artifact-filters-3.1.1.pom
[f992860a-3869-4cc6-951a-f961d4b4992a/build]   | [INFO] Downloaded from central: https://repo.maven.apache.org/maven2/org/apache/maven/shared/maven-common-artifact-filters/3.1.1/maven-common-artifact-filters-3.1.1.pom (5.8 kB at 215 kB/s)
[f992860a-3869-4cc6-951a-f961d4b4992a/build]   | [INFO] Downloading from central: https://repo.maven.apache.org/maven2/org/apache/maven/maven-artifact/3.2.5/maven-artifact-3.2.5.pom
[f992860a-3869-4cc6-951a-f961d4b4992a/build]   | [INFO] Downloaded from central: https://repo.maven.apache.org/maven2/org/apache/maven/maven-artifact/3.2.5/maven-artifact-3.2.5.pom (2.3 kB at 62 kB/s)
[f992860a-3869-4cc6-951a-f961d4b4992a/build]   | [INFO] Downloading from central: https://repo.maven.apache.org/maven2/org/apache/maven/maven/3.2.5/maven-3.2.5.pom
[f992860a-3869-4cc6-951a-f961d4b4992a/build]   | [INFO] Downloaded from central: https://repo.maven.apache.org/maven2/org/apache/maven/maven/3.2.5/maven-3.2.5.pom (22 kB at 746 kB/s)
[f992860a-3869-4cc6-951a-f961d4b4992a/build]   | [INFO] Downloading from central: https://repo.maven.apache.org/maven2/org/apache/maven/maven-parent/25/maven-parent-25.pom
[f992860a-3869-4cc6-951a-f961d4b4992a/build]   | [INFO] Downloaded from central: https://repo.maven.apache.org/maven2/org/apache/maven/maven-parent/25/maven-parent-25.pom (37 kB at 1.6 MB/s)
[f992860a-3869-4cc6-951a-f961d4b4992a/build]   | [INFO] Downloading from central: https://repo.maven.apache.org/maven2/org/apache/apache/15/apache-15.pom
[f992860a-3869-4cc6-951a-f961d4b4992a/build]   | [INFO] Downloaded from central: https://repo.maven.apache.org/maven2/org/apache/apache/15/apache-15.pom (15 kB at 693 kB/s)
[f992860a-3869-4cc6-951a-f961d4b4992a/build]   | [INFO] Downloading from central: https://repo.maven.apache.org/maven2/org/apache/maven/maven-core/3.2.5/maven-core-3.2.5.pom
[f992860a-3869-4cc6-951a-f961d4b4992a/build]   | [INFO] Downloaded from central: https://repo.maven.apache.org/maven2/org/apache/maven/maven-core/3.2.5/maven-core-3.2.5.pom (8.1 kB at 336 kB/s)
[f992860a-3869-4cc6-951a-f961d4b4992a/build]   | [INFO] Downloading from central: https://repo.maven.apache.org/maven2/org/apache/maven/maven-settings/3.2.5/maven-settings-3.2.5.pom
[f992860a-3869-4cc6-951a-f961d4b4992a/build]   | [INFO] Downloaded from central: https://repo.maven.apache.org/maven2/org/apache/maven/maven-settings/3.2.5/maven-settings-3.2.5.pom (2.2 kB at 94 kB/s)
[f992860a-3869-4cc6-951a-f961d4b4992a/build]   | [INFO] Downloading from central: https://repo.maven.apache.org/maven2/org/apache/maven/maven-settings-builder/3.2.5/maven-settings-builder-3.2.5.pom
[f992860a-3869-4cc6-951a-f961d4b4992a/build]   | [INFO] Downloaded from central: https://repo.maven.apache.org/maven2/org/apache/maven/maven-settings-builder/3.2.5/maven-settings-builder-3.2.5.pom (2.6 kB at 118 kB/s)
[f992860a-3869-4cc6-951a-f961d4b4992a/build]   | [INFO] Downloading from central: https://repo.maven.apache.org/maven2/org/codehaus/plexus/plexus-interpolation/1.21/plexus-interpolation-1.21.pom
[f992860a-3869-4cc6-951a-f961d4b4992a/build]   | [INFO] Downloaded from central: https://repo.maven.apache.org/maven2/org/codehaus/plexus/plexus-interpolation/1.21/plexus-interpolation-1.21.pom (1.5 kB at 35 kB/s)
[f992860a-3869-4cc6-951a-f961d4b4992a/build]   | [INFO] Downloading from central: https://repo.maven.apache.org/maven2/org/codehaus/plexus/plexus-components/1.3.1/plexus-components-1.3.1.pom
[f992860a-3869-4cc6-951a-f961d4b4992a/build]   | [INFO] Downloaded from central: https://repo.maven.apache.org/maven2/org/codehaus/plexus/plexus-components/1.3.1/plexus-components-1.3.1.pom (3.1 kB at 139 kB/s)
[f992860a-3869-4cc6-951a-f961d4b4992a/build]   | [INFO] Downloading from central: https://repo.maven.apache.org/maven2/org/codehaus/plexus/plexus/3.3.1/plexus-3.3.1.pom
[f992860a-3869-4cc6-951a-f961d4b4992a/build]   | [INFO] Downloaded from central: https://repo.maven.apache.org/maven2/org/codehaus/plexus/plexus/3.3.1/plexus-3.3.1.pom (20 kB at 929 kB/s)
[f992860a-3869-4cc6-951a-f961d4b4992a/build]   | [INFO] Downloading from central: https://repo.maven.apache.org/maven2/org/sonatype/spice/spice-parent/17/spice-parent-17.pom
[f992860a-3869-4cc6-951a-f961d4b4992a/build]   | [INFO] Downloaded from central: https://repo.maven.apache.org/maven2/org/sonatype/spice/spice-parent/17/spice-parent-17.pom (6.8 kB at 307 kB/s)
[f992860a-3869-4cc6-951a-f961d4b4992a/build]   | [INFO] Downloading from central: https://repo.maven.apache.org/maven2/org/sonatype/plexus/plexus-sec-dispatcher/1.3/plexus-sec-dispatcher-1.3.pom
[f992860a-3869-4cc6-951a-f961d4b4992a/build]   | [INFO] Downloaded from central: https://repo.maven.apache.org/maven2/org/sonatype/plexus/plexus-sec-dispatcher/1.3/plexus-sec-dispatcher-1.3.pom (3.0 kB at 93 kB/s)
[f992860a-3869-4cc6-951a-f961d4b4992a/build]   | [INFO] Downloading from central: https://repo.maven.apache.org/maven2/org/sonatype/spice/spice-parent/12/spice-parent-12.pom
[f992860a-3869-4cc6-951a-f961d4b4992a/build]   | [INFO] Downloaded from central: https://repo.maven.apache.org/maven2/org/sonatype/spice/spice-parent/12/spice-parent-12.pom (6.8 kB at 340 kB/s)
[f992860a-3869-4cc6-951a-f961d4b4992a/build]   | [INFO] Downloading from central: https://repo.maven.apache.org/maven2/org/sonatype/forge/forge-parent/4/forge-parent-4.pom
[f992860a-3869-4cc6-951a-f961d4b4992a/build]   | [INFO] Downloaded from central: https://repo.maven.apache.org/maven2/org/sonatype/forge/forge-parent/4/forge-parent-4.pom (8.4 kB at 420 kB/s)
[f992860a-3869-4cc6-951a-f961d4b4992a/build]   | [INFO] Downloading from central: https://repo.maven.apache.org/maven2/org/sonatype/plexus/plexus-cipher/1.4/plexus-cipher-1.4.pom
[f992860a-3869-4cc6-951a-f961d4b4992a/build]   | [INFO] Downloaded from central: https://repo.maven.apache.org/maven2/org/sonatype/plexus/plexus-cipher/1.4/plexus-cipher-1.4.pom (2.1 kB at 83 kB/s)
[f992860a-3869-4cc6-951a-f961d4b4992a/build]   | [INFO] Downloading from central: https://repo.maven.apache.org/maven2/org/apache/maven/maven-repository-metadata/3.2.5/maven-repository-metadata-3.2.5.pom
[f992860a-3869-4cc6-951a-f961d4b4992a/build]   | [INFO] Downloaded from central: https://repo.maven.apache.org/maven2/org/apache/maven/maven-repository-metadata/3.2.5/maven-repository-metadata-3.2.5.pom (2.2 kB at 80 kB/s)
[f992860a-3869-4cc6-951a-f961d4b4992a/build]   | [INFO] Downloading from central: https://repo.maven.apache.org/maven2/org/apache/maven/maven-plugin-api/3.2.5/maven-plugin-api-3.2.5.pom
[f992860a-3869-4cc6-951a-f961d4b4992a/build]   | [INFO] Downloaded from central: https://repo.maven.apache.org/maven2/org/apache/maven/maven-plugin-api/3.2.5/maven-plugin-api-3.2.5.pom (3.0 kB at 121 kB/s)
[f992860a-3869-4cc6-951a-f961d4b4992a/build]   | [INFO] Downloading from central: https://repo.maven.apache.org/maven2/org/eclipse/sisu/org.eclipse.sisu.plexus/0.3.5/org.eclipse.sisu.plexus-0.3.5.pom
[f992860a-3869-4cc6-951a-f961d4b4992a/build]   | [INFO] Downloaded from central: https://repo.maven.apache.org/maven2/org/eclipse/sisu/org.eclipse.sisu.plexus/0.3.5/org.eclipse.sisu.plexus-0.3.5.pom (4.3 kB at 195 kB/s)
[f992860a-3869-4cc6-951a-f961d4b4992a/build]   | [INFO] Downloading from central: https://repo.maven.apache.org/maven2/org/eclipse/sisu/sisu-plexus/0.3.5/sisu-plexus-0.3.5.pom
[f992860a-3869-4cc6-951a-f961d4b4992a/build]   | [INFO] Downloaded from central: https://repo.maven.apache.org/maven2/org/eclipse/sisu/sisu-plexus/0.3.5/sisu-plexus-0.3.5.pom (14 kB at 722 kB/s)
[f992860a-3869-4cc6-951a-f961d4b4992a/build]   | [INFO] Downloading from central: https://repo.maven.apache.org/maven2/javax/annotation/javax.annotation-api/1.2/javax.annotation-api-1.2.pom
[f992860a-3869-4cc6-951a-f961d4b4992a/build]   | [INFO] Downloaded from central: https://repo.maven.apache.org/maven2/javax/annotation/javax.annotation-api/1.2/javax.annotation-api-1.2.pom (13 kB at 611 kB/s)
[f992860a-3869-4cc6-951a-f961d4b4992a/build]   | [INFO] Downloading from central: https://repo.maven.apache.org/maven2/net/java/jvnet-parent/3/jvnet-parent-3.pom
[f992860a-3869-4cc6-951a-f961d4b4992a/build]   | [INFO] Downloaded from central: https://repo.maven.apache.org/maven2/net/java/jvnet-parent/3/jvnet-parent-3.pom (4.8 kB at 239 kB/s)
[f992860a-3869-4cc6-951a-f961d4b4992a/build]   | [INFO] Downloading from central: https://repo.maven.apache.org/maven2/javax/enterprise/cdi-api/1.2/cdi-api-1.2.pom
[f992860a-3869-4cc6-951a-f961d4b4992a/build]   | [INFO] Downloaded from central: https://repo.maven.apache.org/maven2/javax/enterprise/cdi-api/1.2/cdi-api-1.2.pom (6.3 kB at 299 kB/s)
[f992860a-3869-4cc6-951a-f961d4b4992a/build]   | [INFO] Downloading from central: https://repo.maven.apache.org/maven2/org/jboss/weld/weld-parent/26/weld-parent-26.pom
[f992860a-3869-4cc6-951a-f961d4b4992a/build]   | [INFO] Downloaded from central: https://repo.maven.apache.org/maven2/org/jboss/weld/weld-parent/26/weld-parent-26.pom (32 kB at 1.5 MB/s)
[f992860a-3869-4cc6-951a-f961d4b4992a/build]   | [INFO] Downloading from central: https://repo.maven.apache.org/maven2/javax/inject/javax.inject/1/javax.inject-1.pom
[f992860a-3869-4cc6-951a-f961d4b4992a/build]   | [INFO] Downloaded from central: https://repo.maven.apache.org/maven2/javax/inject/javax.inject/1/javax.inject-1.pom (612 B at 26 kB/s)
[f992860a-3869-4cc6-951a-f961d4b4992a/build]   | [INFO] Downloading from central: https://repo.maven.apache.org/maven2/org/eclipse/sisu/org.eclipse.sisu.inject/0.3.5/org.eclipse.sisu.inject-0.3.5.pom
[f992860a-3869-4cc6-951a-f961d4b4992a/build]   | [INFO] Downloaded from central: https://repo.maven.apache.org/maven2/org/eclipse/sisu/org.eclipse.sisu.inject/0.3.5/org.eclipse.sisu.inject-0.3.5.pom (2.6 kB at 114 kB/s)
[f992860a-3869-4cc6-951a-f961d4b4992a/build]   | [INFO] Downloading from central: https://repo.maven.apache.org/maven2/org/eclipse/sisu/sisu-inject/0.3.5/sisu-inject-0.3.5.pom
[f992860a-3869-4cc6-951a-f961d4b4992a/build]   | [INFO] Downloaded from central: https://repo.maven.apache.org/maven2/org/eclipse/sisu/sisu-inject/0.3.5/sisu-inject-0.3.5.pom (14 kB at 626 kB/s)
[f992860a-3869-4cc6-951a-f961d4b4992a/build]   | [INFO] Downloading from central: https://repo.maven.apache.org/maven2/org/codehaus/plexus/plexus-classworlds/2.5.2/plexus-classworlds-2.5.2.pom
[f992860a-3869-4cc6-951a-f961d4b4992a/build]   | [INFO] Downloaded from central: https://repo.maven.apache.org/maven2/org/codehaus/plexus/plexus-classworlds/2.5.2/plexus-classworlds-2.5.2.pom (7.3 kB at 332 kB/s)
[f992860a-3869-4cc6-951a-f961d4b4992a/build]   | [INFO] Downloading from central: https://repo.maven.apache.org/maven2/org/apache/maven/maven-model-builder/3.2.5/maven-model-builder-3.2.5.pom
[f992860a-3869-4cc6-951a-f961d4b4992a/build]   | [INFO] Downloaded from central: https://repo.maven.apache.org/maven2/org/apache/maven/maven-model-builder/3.2.5/maven-model-builder-3.2.5.pom (3.0 kB at 136 kB/s)
[f992860a-3869-4cc6-951a-f961d4b4992a/build]   | [INFO] Downloading from central: https://repo.maven.apache.org/maven2/org/apache/maven/maven-aether-provider/3.2.5/maven-aether-provider-3.2.5.pom
[f992860a-3869-4cc6-951a-f961d4b4992a/build]   | [INFO] Downloaded from central: https://repo.maven.apache.org/maven2/org/apache/maven/maven-aether-provider/3.2.5/maven-aether-provider-3.2.5.pom (4.2 kB at 177 kB/s)
[f992860a-3869-4cc6-951a-f961d4b4992a/build]   | [INFO] Downloading from central: https://repo.maven.apache.org/maven2/org/eclipse/aether/aether-spi/1.0.0.v20140518/aether-spi-1.0.0.v20140518.pom
[f992860a-3869-4cc6-951a-f961d4b4992a/build]   | [INFO] Downloaded from central: https://repo.maven.apache.org/maven2/org/eclipse/aether/aether-spi/1.0.0.v20140518/aether-spi-1.0.0.v20140518.pom (2.1 kB at 98 kB/s)
[f992860a-3869-4cc6-951a-f961d4b4992a/build]   | [INFO] Downloading from central: https://repo.maven.apache.org/maven2/org/eclipse/aether/aether-impl/1.0.0.v20140518/aether-impl-1.0.0.v20140518.pom
[f992860a-3869-4cc6-951a-f961d4b4992a/build]   | [INFO] Downloaded from central: https://repo.maven.apache.org/maven2/org/eclipse/aether/aether-impl/1.0.0.v20140518/aether-impl-1.0.0.v20140518.pom (3.5 kB at 124 kB/s)
[f992860a-3869-4cc6-951a-f961d4b4992a/build]   | [INFO] Downloading from central: https://repo.maven.apache.org/maven2/org/sonatype/sisu/sisu-guice/3.2.3/sisu-guice-3.2.3.pom
[f992860a-3869-4cc6-951a-f961d4b4992a/build]   | [INFO] Downloaded from central: https://repo.maven.apache.org/maven2/org/sonatype/sisu/sisu-guice/3.2.3/sisu-guice-3.2.3.pom (11 kB at 437 kB/s)
[f992860a-3869-4cc6-951a-f961d4b4992a/build]   | [INFO] Downloading from central: https://repo.maven.apache.org/maven2/org/sonatype/sisu/inject/guice-parent/3.2.3/guice-parent-3.2.3.pom
[f992860a-3869-4cc6-951a-f961d4b4992a/build]   | [INFO] Downloaded from central: https://repo.maven.apache.org/maven2/org/sonatype/sisu/inject/guice-parent/3.2.3/guice-parent-3.2.3.pom (13 kB at 612 kB/s)
[f992860a-3869-4cc6-951a-f961d4b4992a/build]   | [INFO] Downloading from central: https://repo.maven.apache.org/maven2/org/sonatype/forge/forge-parent/38/forge-parent-38.pom
[f992860a-3869-4cc6-951a-f961d4b4992a/build]   | [INFO] Downloaded from central: https://repo.maven.apache.org/maven2/org/sonatype/forge/forge-parent/38/forge-parent-38.pom (19 kB at 1.0 MB/s)
[f992860a-3869-4cc6-951a-f961d4b4992a/build]   | [INFO] Downloading from central: https://repo.maven.apache.org/maven2/aopalliance/aopalliance/1.0/aopalliance-1.0.pom
[f992860a-3869-4cc6-951a-f961d4b4992a/build]   | [INFO] Downloaded from central: https://repo.maven.apache.org/maven2/aopalliance/aopalliance/1.0/aopalliance-1.0.pom (363 B at 20 kB/s)
[f992860a-3869-4cc6-951a-f961d4b4992a/build]   | [INFO] Downloading from central: https://repo.maven.apache.org/maven2/com/google/guava/guava/16.0.1/guava-16.0.1.pom
[f992860a-3869-4cc6-951a-f961d4b4992a/build]   | [INFO] Downloaded from central: https://repo.maven.apache.org/maven2/com/google/guava/guava/16.0.1/guava-16.0.1.pom (6.1 kB at 305 kB/s)
[f992860a-3869-4cc6-951a-f961d4b4992a/build]   | [INFO] Downloading from central: https://repo.maven.apache.org/maven2/com/google/guava/guava-parent/16.0.1/guava-parent-16.0.1.pom
[f992860a-3869-4cc6-951a-f961d4b4992a/build]   | [INFO] Downloaded from central: https://repo.maven.apache.org/maven2/com/google/guava/guava-parent/16.0.1/guava-parent-16.0.1.pom (7.3 kB at 349 kB/s)
[f992860a-3869-4cc6-951a-f961d4b4992a/build]   | [INFO] Downloading from central: https://repo.maven.apache.org/maven2/org/sonatype/oss/oss-parent/7/oss-parent-7.pom
[f992860a-3869-4cc6-951a-f961d4b4992a/build]   | [INFO] Downloaded from central: https://repo.maven.apache.org/maven2/org/sonatype/oss/oss-parent/7/oss-parent-7.pom (4.8 kB at 201 kB/s)
[f992860a-3869-4cc6-951a-f961d4b4992a/build]   | [INFO] Downloading from central: https://repo.maven.apache.org/maven2/commons-io/commons-io/2.12.0/commons-io-2.12.0.pom
[f992860a-3869-4cc6-951a-f961d4b4992a/build]   | [INFO] Downloaded from central: https://repo.maven.apache.org/maven2/commons-io/commons-io/2.12.0/commons-io-2.12.0.pom (20 kB at 726 kB/s)
[f992860a-3869-4cc6-951a-f961d4b4992a/build]   | [INFO] Downloading from central: https://repo.maven.apache.org/maven2/org/apache/commons/commons-parent/57/commons-parent-57.pom
[f992860a-3869-4cc6-951a-f961d4b4992a/build]   | [INFO] Downloaded from central: https://repo.maven.apache.org/maven2/org/apache/commons/commons-parent/57/commons-parent-57.pom (83 kB at 2.3 MB/s)
[f992860a-3869-4cc6-951a-f961d4b4992a/build]   | [INFO] Downloading from central: https://repo.maven.apache.org/maven2/org/junit/junit-bom/5.9.2/junit-bom-5.9.2.pom
[f992860a-3869-4cc6-951a-f961d4b4992a/build]   | [INFO] Downloaded from central: https://repo.maven.apache.org/maven2/org/junit/junit-bom/5.9.2/junit-bom-5.9.2.pom (5.6 kB at 256 kB/s)
[f992860a-3869-4cc6-951a-f961d4b4992a/build]   | [INFO] Downloading from central: https://repo.maven.apache.org/maven2/org/apache/maven/surefire/maven-surefire-common/3.1.2/maven-surefire-common-3.1.2.jar
[f992860a-3869-4cc6-951a-f961d4b4992a/build]   | [INFO] Downloading from central: https://repo.maven.apache.org/maven2/org/apache/maven/surefire/surefire-api/3.1.2/surefire-api-3.1.2.jar
[f992860a-3869-4cc6-951a-f961d4b4992a/build]   | [INFO] Downloading from central: https://repo.maven.apache.org/maven2/org/apache/maven/surefire/surefire-logger-api/3.1.2/surefire-logger-api-3.1.2.jar
[f992860a-3869-4cc6-951a-f961d4b4992a/build]   | [INFO] Downloading from central: https://repo.maven.apache.org/maven2/org/apache/maven/surefire/surefire-extensions-api/3.1.2/surefire-extensions-api-3.1.2.jar
[f992860a-3869-4cc6-951a-f961d4b4992a/build]   | [INFO] Downloading from central: https://repo.maven.apache.org/maven2/org/apache/maven/surefire/surefire-booter/3.1.2/surefire-booter-3.1.2.jar
[f992860a-3869-4cc6-951a-f961d4b4992a/build]   | [INFO] Downloaded from central: https://repo.maven.apache.org/maven2/org/apache/maven/surefire/surefire-logger-api/3.1.2/surefire-logger-api-3.1.2.jar (14 kB at 523 kB/s)
[f992860a-3869-4cc6-951a-f961d4b4992a/build]   | [INFO] Downloading from central: https://repo.maven.apache.org/maven2/org/apache/maven/surefire/surefire-extensions-spi/3.1.2/surefire-extensions-spi-3.1.2.jar
[f992860a-3869-4cc6-951a-f961d4b4992a/build]   | [INFO] Downloaded from central: https://repo.maven.apache.org/maven2/org/apache/maven/surefire/surefire-extensions-api/3.1.2/surefire-extensions-api-3.1.2.jar (26 kB at 957 kB/s)
[f992860a-3869-4cc6-951a-f961d4b4992a/build]   | [INFO] Downloading from central: https://repo.maven.apache.org/maven2/org/eclipse/aether/aether-util/1.0.0.v20140518/aether-util-1.0.0.v20140518.jar
[f992860a-3869-4cc6-951a-f961d4b4992a/build]   | [INFO] Downloaded from central: https://repo.maven.apache.org/maven2/org/apache/maven/surefire/surefire-booter/3.1.2/surefire-booter-3.1.2.jar (118 kB at 4.1 MB/s)
[f992860a-3869-4cc6-951a-f961d4b4992a/build]   | [INFO] Downloading from central: https://repo.maven.apache.org/maven2/org/eclipse/aether/aether-api/1.0.0.v20140518/aether-api-1.0.0.v20140518.jar
[f992860a-3869-4cc6-951a-f961d4b4992a/build]   | [INFO] Downloaded from central: https://repo.maven.apache.org/maven2/org/apache/maven/surefire/surefire-extensions-spi/3.1.2/surefire-extensions-spi-3.1.2.jar (8.2 kB at 154 kB/s)
[f992860a-3869-4cc6-951a-f961d4b4992a/build]   | [INFO] Downloading from central: https://repo.maven.apache.org/maven2/org/apache/maven/shared/maven-common-artifact-filters/3.1.1/maven-common-artifact-filters-3.1.1.jar
[f992860a-3869-4cc6-951a-f961d4b4992a/build]   | [INFO] Downloaded from central: https://repo.maven.apache.org/maven2/org/apache/maven/surefire/surefire-api/3.1.2/surefire-api-3.1.2.jar (171 kB at 3.2 MB/s)
[f992860a-3869-4cc6-951a-f961d4b4992a/build]   | [INFO] Downloading from central: https://repo.maven.apache.org/maven2/commons-io/commons-io/2.12.0/commons-io-2.12.0.jar
[f992860a-3869-4cc6-951a-f961d4b4992a/build]   | [INFO] Downloaded from central: https://repo.maven.apache.org/maven2/org/eclipse/aether/aether-util/1.0.0.v20140518/aether-util-1.0.0.v20140518.jar (146 kB at 2.6 MB/s)
[f992860a-3869-4cc6-951a-f961d4b4992a/build]   | [INFO] Downloading from central: https://repo.maven.apache.org/maven2/org/apache/maven/surefire/surefire-shared-utils/3.1.2/surefire-shared-utils-3.1.2.jar
[f992860a-3869-4cc6-951a-f961d4b4992a/build]   | [INFO] Downloaded from central: https://repo.maven.apache.org/maven2/org/eclipse/aether/aether-api/1.0.0.v20140518/aether-api-1.0.0.v20140518.jar (136 kB at 2.5 MB/s)
[f992860a-3869-4cc6-951a-f961d4b4992a/build]   | [INFO] Downloaded from central: https://repo.maven.apache.org/maven2/org/apache/maven/surefire/maven-surefire-common/3.1.2/maven-surefire-common-3.1.2.jar (306 kB at 4.5 MB/s)
[f992860a-3869-4cc6-951a-f961d4b4992a/build]   | [INFO] Downloaded from central: https://repo.maven.apache.org/maven2/org/apache/maven/shared/maven-common-artifact-filters/3.1.1/maven-common-artifact-filters-3.1.1.jar (61 kB at 822 kB/s)
[f992860a-3869-4cc6-951a-f961d4b4992a/build]   | [INFO] Downloaded from central: https://repo.maven.apache.org/maven2/commons-io/commons-io/2.12.0/commons-io-2.12.0.jar (474 kB at 5.3 MB/s)
[f992860a-3869-4cc6-951a-f961d4b4992a/build]   | [INFO] Downloaded from central: https://repo.maven.apache.org/maven2/org/apache/maven/surefire/surefire-shared-utils/3.1.2/surefire-shared-utils-3.1.2.jar (2.3 MB at 12 MB/s)
[f992860a-3869-4cc6-951a-f961d4b4992a/build]   | [INFO] Using auto detected provider org.apache.maven.surefire.junitplatform.JUnitPlatformProvider
[f992860a-3869-4cc6-951a-f961d4b4992a/build]   | [INFO] Downloading from central: https://repo.maven.apache.org/maven2/org/apache/maven/surefire/surefire-junit-platform/3.1.2/surefire-junit-platform-3.1.2.pom
[f992860a-3869-4cc6-951a-f961d4b4992a/build]   | [INFO] Downloaded from central: https://repo.maven.apache.org/maven2/org/apache/maven/surefire/surefire-junit-platform/3.1.2/surefire-junit-platform-3.1.2.pom (4.7 kB at 222 kB/s)
[f992860a-3869-4cc6-951a-f961d4b4992a/build]   | [INFO] Downloading from central: https://repo.maven.apache.org/maven2/org/apache/maven/surefire/surefire-providers/3.1.2/surefire-providers-3.1.2.pom
[f992860a-3869-4cc6-951a-f961d4b4992a/build]   | [INFO] Downloaded from central: https://repo.maven.apache.org/maven2/org/apache/maven/surefire/surefire-providers/3.1.2/surefire-providers-3.1.2.pom (2.6 kB at 119 kB/s)
[f992860a-3869-4cc6-951a-f961d4b4992a/build]   | [INFO] Downloading from central: https://repo.maven.apache.org/maven2/org/apache/maven/surefire/common-java5/3.1.2/common-java5-3.1.2.pom
[f992860a-3869-4cc6-951a-f961d4b4992a/build]   | [INFO] Downloaded from central: https://repo.maven.apache.org/maven2/org/apache/maven/surefire/common-java5/3.1.2/common-java5-3.1.2.pom (2.8 kB at 134 kB/s)
[f992860a-3869-4cc6-951a-f961d4b4992a/build]   | [INFO] Downloading from central: https://repo.maven.apache.org/maven2/org/junit/platform/junit-platform-launcher/1.9.2/junit-platform-launcher-1.9.2.pom
[f992860a-3869-4cc6-951a-f961d4b4992a/build]   | [INFO] Downloaded from central: https://repo.maven.apache.org/maven2/org/junit/platform/junit-platform-launcher/1.9.2/junit-platform-launcher-1.9.2.pom (3.0 kB at 138 kB/s)
[f992860a-3869-4cc6-951a-f961d4b4992a/build]   | [INFO] Downloading from central: https://repo.maven.apache.org/maven2/org/junit/platform/junit-platform-engine/1.9.2/junit-platform-engine-1.9.2.pom
[f992860a-3869-4cc6-951a-f961d4b4992a/build]   | [INFO] Downloaded from central: https://repo.maven.apache.org/maven2/org/junit/platform/junit-platform-engine/1.9.2/junit-platform-engine-1.9.2.pom (3.2 kB at 139 kB/s)
[f992860a-3869-4cc6-951a-f961d4b4992a/build]   | [INFO] Downloading from central: https://repo.maven.apache.org/maven2/org/junit/platform/junit-platform-commons/1.9.2/junit-platform-commons-1.9.2.pom
[f992860a-3869-4cc6-951a-f961d4b4992a/build]   | [INFO] Downloaded from central: https://repo.maven.apache.org/maven2/org/junit/platform/junit-platform-commons/1.9.2/junit-platform-commons-1.9.2.pom (2.8 kB at 129 kB/s)
[f992860a-3869-4cc6-951a-f961d4b4992a/build]   | [INFO] Downloading from central: https://repo.maven.apache.org/maven2/org/apache/maven/surefire/surefire-junit-platform/3.1.2/surefire-junit-platform-3.1.2.jar
[f992860a-3869-4cc6-951a-f961d4b4992a/build]   | [INFO] Downloading from central: https://repo.maven.apache.org/maven2/org/apache/maven/surefire/common-java5/3.1.2/common-java5-3.1.2.jar
[f992860a-3869-4cc6-951a-f961d4b4992a/build]   | [INFO] Downloading from central: https://repo.maven.apache.org/maven2/org/junit/platform/junit-platform-launcher/1.9.2/junit-platform-launcher-1.9.2.jar
[f992860a-3869-4cc6-951a-f961d4b4992a/build]   | [INFO] Downloading from central: https://repo.maven.apache.org/maven2/org/junit/platform/junit-platform-engine/1.9.2/junit-platform-engine-1.9.2.jar
[f992860a-3869-4cc6-951a-f961d4b4992a/build]   | [INFO] Downloading from central: https://repo.maven.apache.org/maven2/org/opentest4j/opentest4j/1.2.0/opentest4j-1.2.0.jar
[f992860a-3869-4cc6-951a-f961d4b4992a/build]   | [INFO] Downloaded from central: https://repo.maven.apache.org/maven2/org/apache/maven/surefire/common-java5/3.1.2/common-java5-3.1.2.jar (18 kB at 763 kB/s)
[f992860a-3869-4cc6-951a-f961d4b4992a/build]   | [INFO] Downloaded from central: https://repo.maven.apache.org/maven2/org/apache/maven/surefire/surefire-junit-platform/3.1.2/surefire-junit-platform-3.1.2.jar (27 kB at 1.2 MB/s)
[f992860a-3869-4cc6-951a-f961d4b4992a/build]   | [INFO] Downloading from central: https://repo.maven.apache.org/maven2/org/junit/platform/junit-platform-commons/1.9.2/junit-platform-commons-1.9.2.jar
[f992860a-3869-4cc6-951a-f961d4b4992a/build]   | [INFO] Downloaded from central: https://repo.maven.apache.org/maven2/org/opentest4j/opentest4j/1.2.0/opentest4j-1.2.0.jar (7.7 kB at 333 kB/s)
[f992860a-3869-4cc6-951a-f961d4b4992a/build]   | [INFO] Downloaded from central: https://repo.maven.apache.org/maven2/org/junit/platform/junit-platform-commons/1.9.2/junit-platform-commons-1.9.2.jar (103 kB at 2.1 MB/s)
[f992860a-3869-4cc6-951a-f961d4b4992a/build]   | [INFO] Downloaded from central: https://repo.maven.apache.org/maven2/org/junit/platform/junit-platform-engine/1.9.2/junit-platform-engine-1.9.2.jar (189 kB at 3.8 MB/s)
[f992860a-3869-4cc6-951a-f961d4b4992a/build]   | [INFO] Downloaded from central: https://repo.maven.apache.org/maven2/org/junit/platform/junit-platform-launcher/1.9.2/junit-platform-launcher-1.9.2.jar (169 kB at 2.8 MB/s)
[f992860a-3869-4cc6-951a-f961d4b4992a/build]   | [INFO] Downloading from central: https://repo.maven.apache.org/maven2/org/junit/platform/junit-platform-launcher/1.10.0/junit-platform-launcher-1.10.0.pom
[f992860a-3869-4cc6-951a-f961d4b4992a/build]   | [INFO] Downloaded from central: https://repo.maven.apache.org/maven2/org/junit/platform/junit-platform-launcher/1.10.0/junit-platform-launcher-1.10.0.pom (3.0 kB at 98 kB/s)
[f992860a-3869-4cc6-951a-f961d4b4992a/build]   | [INFO] Downloading from central: https://repo.maven.apache.org/maven2/org/junit/platform/junit-platform-launcher/1.10.0/junit-platform-launcher-1.10.0.jar
[f992860a-3869-4cc6-951a-f961d4b4992a/build]   | [INFO] Downloaded from central: https://repo.maven.apache.org/maven2/org/junit/platform/junit-platform-launcher/1.10.0/junit-platform-launcher-1.10.0.jar (184 kB at 3.1 MB/s)
[f992860a-3869-4cc6-951a-f961d4b4992a/build]   | [INFO] 
[f992860a-3869-4cc6-951a-f961d4b4992a/build]   | [INFO] -------------------------------------------------------
[f992860a-3869-4cc6-951a-f961d4b4992a/build]   | [INFO]  T E S T S
[f992860a-3869-4cc6-951a-f961d4b4992a/build]   | [INFO] -------------------------------------------------------
[f992860a-3869-4cc6-951a-f961d4b4992a/build]   | [INFO] Running ch.jalu.configme.SettingsManagerImplTest
[f992860a-3869-4cc6-951a-f961d4b4992a/build]   | [INFO] Tests run: 10, Failures: 0, Errors: 0, Skipped: 0, Time elapsed: 1.052 s -- in ch.jalu.configme.SettingsManagerImplTest
[f992860a-3869-4cc6-951a-f961d4b4992a/build]   | [INFO] Running ch.jalu.configme.ConfigDemoTest
[f992860a-3869-4cc6-951a-f961d4b4992a/build]   | [INFO] Tests run: 1, Failures: 0, Errors: 0, Skipped: 0, Time elapsed: 0.009 s -- in ch.jalu.configme.ConfigDemoTest
[f992860a-3869-4cc6-951a-f961d4b4992a/build]   | [INFO] Running ch.jalu.configme.SettingsManagerBuilderTest
[f992860a-3869-4cc6-951a-f961d4b4992a/build]   | [INFO] Tests run: 7, Failures: 0, Errors: 0, Skipped: 0, Time elapsed: 0.214 s -- in ch.jalu.configme.SettingsManagerBuilderTest
[f992860a-3869-4cc6-951a-f961d4b4992a/build]   | [INFO] Running ch.jalu.configme.BeanDemoTest
[f992860a-3869-4cc6-951a-f961d4b4992a/build]   | [INFO] Tests run: 1, Failures: 0, Errors: 0, Skipped: 0, Time elapsed: 0.016 s -- in ch.jalu.configme.BeanDemoTest
[f992860a-3869-4cc6-951a-f961d4b4992a/build]   | [INFO] Running ch.jalu.configme.migration.PlainMigrationServiceTest
[f992860a-3869-4cc6-951a-f961d4b4992a/build]   | [INFO] Tests run: 4, Failures: 0, Errors: 0, Skipped: 0, Time elapsed: 0.161 s -- in ch.jalu.configme.migration.PlainMigrationServiceTest
[f992860a-3869-4cc6-951a-f961d4b4992a/build]   | [INFO] Running ch.jalu.configme.migration.version.VersionMigrationServiceTest
[f992860a-3869-4cc6-951a-f961d4b4992a/build]   | [INFO] Tests run: 17, Failures: 0, Errors: 0, Skipped: 0, Time elapsed: 0.067 s -- in ch.jalu.configme.migration.version.VersionMigrationServiceTest
[f992860a-3869-4cc6-951a-f961d4b4992a/build]   | [INFO] Running ch.jalu.configme.utils.SettingsHolderClassValidatorTest
[f992860a-3869-4cc6-951a-f961d4b4992a/build]   | [INFO] Tests run: 12, Failures: 0, Errors: 0, Skipped: 0, Time elapsed: 0.074 s -- in ch.jalu.configme.utils.SettingsHolderClassValidatorTest
[f992860a-3869-4cc6-951a-f961d4b4992a/build]   | [INFO] Running ch.jalu.configme.utils.TypeInformationTest
[f992860a-3869-4cc6-951a-f961d4b4992a/build]   | [INFO] Tests run: 12, Failures: 0, Errors: 0, Skipped: 0, Time elapsed: 0.026 s -- in ch.jalu.configme.utils.TypeInformationTest
[f992860a-3869-4cc6-951a-f961d4b4992a/build]   | [INFO] Running ch.jalu.configme.utils.MigrationUtilsTest
[f992860a-3869-4cc6-951a-f961d4b4992a/build]   | [INFO] Tests run: 3, Failures: 0, Errors: 0, Skipped: 0, Time elapsed: 0.005 s -- in ch.jalu.configme.utils.MigrationUtilsTest
[f992860a-3869-4cc6-951a-f961d4b4992a/build]   | [INFO] Running ch.jalu.configme.utils.StreamUtilsTest
[f992860a-3869-4cc6-951a-f961d4b4992a/build]   | [INFO] Tests run: 1, Failures: 0, Errors: 0, Skipped: 0, Time elapsed: 0.002 s -- in ch.jalu.configme.utils.StreamUtilsTest
[f992860a-3869-4cc6-951a-f961d4b4992a/build]   | [INFO] Running ch.jalu.configme.utils.UtilsTest
[f992860a-3869-4cc6-951a-f961d4b4992a/build]   | [INFO] Tests run: 4, Failures: 0, Errors: 0, Skipped: 0, Time elapsed: 0.165 s -- in ch.jalu.configme.utils.UtilsTest
[f992860a-3869-4cc6-951a-f961d4b4992a/build]   | [INFO] Running ch.jalu.configme.configurationdata.ConfigurationDataImplTest
[f992860a-3869-4cc6-951a-f961d4b4992a/build]   | [INFO] Tests run: 9, Failures: 0, Errors: 0, Skipped: 0, Time elapsed: 0.018 s -- in ch.jalu.configme.configurationdata.ConfigurationDataImplTest
[f992860a-3869-4cc6-951a-f961d4b4992a/build]   | [INFO] Running ch.jalu.configme.configurationdata.ConfigurationDataBuilderTest
[f992860a-3869-4cc6-951a-f961d4b4992a/build]   | [WARNING] Tests run: 8, Failures: 0, Errors: 0, Skipped: 1, Time elapsed: 0.027 s -- in ch.jalu.configme.configurationdata.ConfigurationDataBuilderTest
[f992860a-3869-4cc6-951a-f961d4b4992a/build]   | [INFO] Running ch.jalu.configme.configurationdata.CommentsConfigurationTest
[f992860a-3869-4cc6-951a-f961d4b4992a/build]   | [INFO] Tests run: 3, Failures: 0, Errors: 0, Skipped: 0, Time elapsed: 0.006 s -- in ch.jalu.configme.configurationdata.CommentsConfigurationTest
[f992860a-3869-4cc6-951a-f961d4b4992a/build]   | [INFO] Running ch.jalu.configme.configurationdata.PropertyValueTest
[f992860a-3869-4cc6-951a-f961d4b4992a/build]   | [INFO] Tests run: 3, Failures: 0, Errors: 0, Skipped: 0, Time elapsed: 0.003 s -- in ch.jalu.configme.configurationdata.PropertyValueTest
[f992860a-3869-4cc6-951a-f961d4b4992a/build]   | [INFO] Running ch.jalu.configme.configurationdata.PropertyListBuilderTest
[f992860a-3869-4cc6-951a-f961d4b4992a/build]   | [INFO] Tests run: 12, Failures: 0, Errors: 0, Skipped: 0, Time elapsed: 0.020 s -- in ch.jalu.configme.configurationdata.PropertyListBuilderTest
[f992860a-3869-4cc6-951a-f961d4b4992a/build]   | [INFO] Running ch.jalu.configme.properties.MapPropertyTest
[f992860a-3869-4cc6-951a-f961d4b4992a/build]   | [INFO] Tests run: 5, Failures: 0, Errors: 0, Skipped: 0, Time elapsed: 0.021 s -- in ch.jalu.configme.properties.MapPropertyTest
[f992860a-3869-4cc6-951a-f961d4b4992a/build]   | [INFO] Running ch.jalu.configme.properties.ArrayPropertyTest
[f992860a-3869-4cc6-951a-f961d4b4992a/build]   | [INFO] Tests run: 5, Failures: 0, Errors: 0, Skipped: 0, Time elapsed: 0.015 s -- in ch.jalu.configme.properties.ArrayPropertyTest
[f992860a-3869-4cc6-951a-f961d4b4992a/build]   | [INFO] Running ch.jalu.configme.properties.OptionalPropertyTest
[f992860a-3869-4cc6-951a-f961d4b4992a/build]   | [INFO] Tests run: 6, Failures: 0, Errors: 0, Skipped: 0, Time elapsed: 0.056 s -- in ch.jalu.configme.properties.OptionalPropertyTest
[f992860a-3869-4cc6-951a-f961d4b4992a/build]   | [INFO] Running ch.jalu.configme.properties.EnumPropertyTest
[f992860a-3869-4cc6-951a-f961d4b4992a/build]   | [INFO] Tests run: 4, Failures: 0, Errors: 0, Skipped: 0, Time elapsed: 0.006 s -- in ch.jalu.configme.properties.EnumPropertyTest
[f992860a-3869-4cc6-951a-f961d4b4992a/build]   | [INFO] Running ch.jalu.configme.properties.InlineArrayPropertyTest
[f992860a-3869-4cc6-951a-f961d4b4992a/build]   | [INFO] Tests run: 2, Failures: 0, Errors: 0, Skipped: 0, Time elapsed: 0.011 s -- in ch.jalu.configme.properties.InlineArrayPropertyTest
[f992860a-3869-4cc6-951a-f961d4b4992a/build]   | [INFO] Running ch.jalu.configme.properties.RegexPropertyTest
[f992860a-3869-4cc6-951a-f961d4b4992a/build]   | [INFO] Tests run: 6, Failures: 0, Errors: 0, Skipped: 0, Time elapsed: 0.030 s -- in ch.jalu.configme.properties.RegexPropertyTest
[f992860a-3869-4cc6-951a-f961d4b4992a/build]   | [INFO] Running ch.jalu.configme.properties.LowercaseStringSetPropertyTest
[f992860a-3869-4cc6-951a-f961d4b4992a/build]   | [INFO] Tests run: 6, Failures: 0, Errors: 0, Skipped: 0, Time elapsed: 0.010 s -- in ch.jalu.configme.properties.LowercaseStringSetPropertyTest
[f992860a-3869-4cc6-951a-f961d4b4992a/build]   | [INFO] Running ch.jalu.configme.properties.LongPropertyTest
[f992860a-3869-4cc6-951a-f961d4b4992a/build]   | [INFO] Tests run: 3, Failures: 0, Errors: 0, Skipped: 0, Time elapsed: 0.005 s -- in ch.jalu.configme.properties.LongPropertyTest
[f992860a-3869-4cc6-951a-f961d4b4992a/build]   | [INFO] Running ch.jalu.configme.properties.TypeBasedPropertyTest
[f992860a-3869-4cc6-951a-f961d4b4992a/build]   | [INFO] Tests run: 4, Failures: 0, Errors: 0, Skipped: 0, Time elapsed: 0.007 s -- in ch.jalu.configme.properties.TypeBasedPropertyTest
[f992860a-3869-4cc6-951a-f961d4b4992a/build]   | [INFO] Running ch.jalu.configme.properties.ShortPropertyTest
[f992860a-3869-4cc6-951a-f961d4b4992a/build]   | [INFO] Tests run: 3, Failures: 0, Errors: 0, Skipped: 0, Time elapsed: 0.005 s -- in ch.jalu.configme.properties.ShortPropertyTest
[f992860a-3869-4cc6-951a-f961d4b4992a/build]   | [INFO] Running ch.jalu.configme.properties.BeanPropertyTest
[f992860a-3869-4cc6-951a-f961d4b4992a/build]   | [INFO] Tests run: 5, Failures: 0, Errors: 0, Skipped: 0, Time elapsed: 0.116 s -- in ch.jalu.configme.properties.BeanPropertyTest
[f992860a-3869-4cc6-951a-f961d4b4992a/build]   | [INFO] Running ch.jalu.configme.properties.DoublePropertyTest
[f992860a-3869-4cc6-951a-f961d4b4992a/build]   | [INFO] Tests run: 3, Failures: 0, Errors: 0, Skipped: 0, Time elapsed: 0.006 s -- in ch.jalu.configme.properties.DoublePropertyTest
[f992860a-3869-4cc6-951a-f961d4b4992a/build]   | [INFO] Running ch.jalu.configme.properties.ListPropertyTest
[f992860a-3869-4cc6-951a-f961d4b4992a/build]   | [INFO] Tests run: 3, Failures: 0, Errors: 0, Skipped: 0, Time elapsed: 0.005 s -- in ch.jalu.configme.properties.ListPropertyTest
[f992860a-3869-4cc6-951a-f961d4b4992a/build]   | [INFO] Running ch.jalu.configme.properties.BooleanPropertyTest
[f992860a-3869-4cc6-951a-f961d4b4992a/build]   | [INFO] Tests run: 3, Failures: 0, Errors: 0, Skipped: 0, Time elapsed: 0.003 s -- in ch.jalu.configme.properties.BooleanPropertyTest
[f992860a-3869-4cc6-951a-f961d4b4992a/build]   | [INFO] Running ch.jalu.configme.properties.SetPropertyTest
[f992860a-3869-4cc6-951a-f961d4b4992a/build]   | [INFO] Tests run: 3, Failures: 0, Errors: 0, Skipped: 0, Time elapsed: 0.004 s -- in ch.jalu.configme.properties.SetPropertyTest
[f992860a-3869-4cc6-951a-f961d4b4992a/build]   | [INFO] Running ch.jalu.configme.properties.PropertyInitializerTest
[f992860a-3869-4cc6-951a-f961d4b4992a/build]   | [INFO] Tests run: 3, Failures: 0, Errors: 0, Skipped: 0, Time elapsed: 0.010 s -- in ch.jalu.configme.properties.PropertyInitializerTest
[f992860a-3869-4cc6-951a-f961d4b4992a/build]   | [INFO] Running ch.jalu.configme.properties.StringPropertyTest
[f992860a-3869-4cc6-951a-f961d4b4992a/build]   | [INFO] Tests run: 5, Failures: 0, Errors: 0, Skipped: 0, Time elapsed: 0.006 s -- in ch.jalu.configme.properties.StringPropertyTest
[f992860a-3869-4cc6-951a-f961d4b4992a/build]   | [INFO] Running ch.jalu.configme.properties.BasePropertyTest
[f992860a-3869-4cc6-951a-f961d4b4992a/build]   | [INFO] Tests run: 4, Failures: 0, Errors: 0, Skipped: 0, Time elapsed: 0.006 s -- in ch.jalu.configme.properties.BasePropertyTest
[f992860a-3869-4cc6-951a-f961d4b4992a/build]   | [INFO] Running ch.jalu.configme.properties.convertresult.ValueWithCommentsTest
[f992860a-3869-4cc6-951a-f961d4b4992a/build]   | [INFO] Tests run: 2, Failures: 0, Errors: 0, Skipped: 0, Time elapsed: 0.002 s -- in ch.jalu.configme.properties.convertresult.ValueWithCommentsTest
[f992860a-3869-4cc6-951a-f961d4b4992a/build]   | [INFO] Running ch.jalu.configme.properties.inlinearray.StandardInlineArrayConvertersTest
[f992860a-3869-4cc6-951a-f961d4b4992a/build]   | [INFO] Tests run: 40, Failures: 0, Errors: 0, Skipped: 0, Time elapsed: 0.086 s -- in ch.jalu.configme.properties.inlinearray.StandardInlineArrayConvertersTest
[f992860a-3869-4cc6-951a-f961d4b4992a/build]   | [INFO] Running ch.jalu.configme.properties.FloatPropertyTest
[f992860a-3869-4cc6-951a-f961d4b4992a/build]   | [INFO] Tests run: 3, Failures: 0, Errors: 0, Skipped: 0, Time elapsed: 0.005 s -- in ch.jalu.configme.properties.FloatPropertyTest
[f992860a-3869-4cc6-951a-f961d4b4992a/build]   | [INFO] Running ch.jalu.configme.properties.StringListPropertyTest
[f992860a-3869-4cc6-951a-f961d4b4992a/build]   | [INFO] Tests run: 5, Failures: 0, Errors: 0, Skipped: 0, Time elapsed: 0.007 s -- in ch.jalu.configme.properties.StringListPropertyTest
[f992860a-3869-4cc6-951a-f961d4b4992a/build]   | [INFO] Running ch.jalu.configme.properties.PropertyBuilderTest
[f992860a-3869-4cc6-951a-f961d4b4992a/build]   | [INFO] Tests run: 13, Failures: 0, Errors: 0, Skipped: 0, Time elapsed: 0.015 s -- in ch.jalu.configme.properties.PropertyBuilderTest
[f992860a-3869-4cc6-951a-f961d4b4992a/build]   | [INFO] Running ch.jalu.configme.properties.IntegerPropertyTest
[f992860a-3869-4cc6-951a-f961d4b4992a/build]   | [INFO] Tests run: 3, Failures: 0, Errors: 0, Skipped: 0, Time elapsed: 0.005 s -- in ch.jalu.configme.properties.IntegerPropertyTest
[f992860a-3869-4cc6-951a-f961d4b4992a/build]   | [INFO] Running ch.jalu.configme.properties.type.EnumPropertyTypeTest
[f992860a-3869-4cc6-951a-f961d4b4992a/build]   | [INFO] Tests run: 6, Failures: 0, Errors: 0, Skipped: 0, Time elapsed: 0.004 s -- in ch.jalu.configme.properties.type.EnumPropertyTypeTest
[f992860a-3869-4cc6-951a-f961d4b4992a/build]   | [INFO] Running ch.jalu.configme.properties.type.BeanPropertyTypeTest
[f992860a-3869-4cc6-951a-f961d4b4992a/build]   | [INFO] Tests run: 3, Failures: 0, Errors: 0, Skipped: 0, Time elapsed: 0.003 s -- in ch.jalu.configme.properties.type.BeanPropertyTypeTest
[f992860a-3869-4cc6-951a-f961d4b4992a/build]   | [INFO] Running ch.jalu.configme.properties.type.PrimitivePropertyTypeTest
[f992860a-3869-4cc6-951a-f961d4b4992a/build]   | [INFO] Tests run: 36, Failures: 0, Errors: 0, Skipped: 0, Time elapsed: 0.045 s -- in ch.jalu.configme.properties.type.PrimitivePropertyTypeTest
[f992860a-3869-4cc6-951a-f961d4b4992a/build]   | [INFO] Running ch.jalu.configme.properties.StringSetPropertyTest
[f992860a-3869-4cc6-951a-f961d4b4992a/build]   | [INFO] Tests run: 5, Failures: 0, Errors: 0, Skipped: 0, Time elapsed: 0.005 s -- in ch.jalu.configme.properties.StringSetPropertyTest
[f992860a-3869-4cc6-951a-f961d4b4992a/build]   | [INFO] Running ch.jalu.configme.beanmapper.BeanMapOnRootLevelTest
[f992860a-3869-4cc6-951a-f961d4b4992a/build]   | [INFO] Tests run: 5, Failures: 0, Errors: 0, Skipped: 0, Time elapsed: 0.019 s -- in ch.jalu.configme.beanmapper.BeanMapOnRootLevelTest
[f992860a-3869-4cc6-951a-f961d4b4992a/build]   | [INFO] Running ch.jalu.configme.beanmapper.DefaultMapperTest
[f992860a-3869-4cc6-951a-f961d4b4992a/build]   | [INFO] Tests run: 1, Failures: 0, Errors: 0, Skipped: 0, Time elapsed: 0.001 s -- in ch.jalu.configme.beanmapper.DefaultMapperTest
[f992860a-3869-4cc6-951a-f961d4b4992a/build]   | [INFO] Running ch.jalu.configme.beanmapper.BeanWithCustomTypeHandlerTest
[f992860a-3869-4cc6-951a-f961d4b4992a/build]   | [INFO] Tests run: 1, Failures: 0, Errors: 0, Skipped: 0, Time elapsed: 0.008 s -- in ch.jalu.configme.beanmapper.BeanWithCustomTypeHandlerTest
[f992860a-3869-4cc6-951a-f961d4b4992a/build]   | [INFO] Running ch.jalu.configme.beanmapper.MapperImplTest
[f992860a-3869-4cc6-951a-f961d4b4992a/build]   | [INFO] Tests run: 22, Failures: 0, Errors: 0, Skipped: 0, Time elapsed: 0.094 s -- in ch.jalu.configme.beanmapper.MapperImplTest
[f992860a-3869-4cc6-951a-f961d4b4992a/build]   | [INFO] Running ch.jalu.configme.beanmapper.NestedMapPropertyDemoTest
[f992860a-3869-4cc6-951a-f961d4b4992a/build]   | [INFO] Tests run: 1, Failures: 0, Errors: 0, Skipped: 0, Time elapsed: 0.042 s -- in ch.jalu.configme.beanmapper.NestedMapPropertyDemoTest
[f992860a-3869-4cc6-951a-f961d4b4992a/build]   | [INFO] Running ch.jalu.configme.beanmapper.BeanWithCollectionOfBeanTypeTest
[f992860a-3869-4cc6-951a-f961d4b4992a/build]   | [INFO] Tests run: 3, Failures: 0, Errors: 0, Skipped: 0, Time elapsed: 0.052 s -- in ch.jalu.configme.beanmapper.BeanWithCollectionOfBeanTypeTest
[f992860a-3869-4cc6-951a-f961d4b4992a/build]   | [INFO] Running ch.jalu.configme.beanmapper.MapperImplCommentRepetitionTest
[f992860a-3869-4cc6-951a-f961d4b4992a/build]   | [INFO] Tests run: 1, Failures: 0, Errors: 0, Skipped: 0, Time elapsed: 0.004 s -- in ch.jalu.configme.beanmapper.MapperImplCommentRepetitionTest
[f992860a-3869-4cc6-951a-f961d4b4992a/build]   | [INFO] Running ch.jalu.configme.beanmapper.MappingContextImplTest
[f992860a-3869-4cc6-951a-f961d4b4992a/build]   | [INFO] Tests run: 3, Failures: 0, Errors: 0, Skipped: 0, Time elapsed: 0.016 s -- in ch.jalu.configme.beanmapper.MappingContextImplTest
[f992860a-3869-4cc6-951a-f961d4b4992a/build]   | [INFO] Running ch.jalu.configme.beanmapper.migratingbeanmapper.BeanExtensionTest
[f992860a-3869-4cc6-951a-f961d4b4992a/build]   | [INFO] Tests run: 1, Failures: 0, Errors: 0, Skipped: 0, Time elapsed: 0.009 s -- in ch.jalu.configme.beanmapper.migratingbeanmapper.BeanExtensionTest
[f992860a-3869-4cc6-951a-f961d4b4992a/build]   | [INFO] Running ch.jalu.configme.beanmapper.leafvaluehandler.BooleanLeafValueHandlerTest
[f992860a-3869-4cc6-951a-f961d4b4992a/build]   | [INFO] Tests run: 3, Failures: 0, Errors: 0, Skipped: 0, Time elapsed: 0.003 s -- in ch.jalu.configme.beanmapper.leafvaluehandler.BooleanLeafValueHandlerTest
[f992860a-3869-4cc6-951a-f961d4b4992a/build]   | [INFO] Running ch.jalu.configme.beanmapper.leafvaluehandler.ObjectLeafValueHandlerTest
[f992860a-3869-4cc6-951a-f961d4b4992a/build]   | [INFO] Tests run: 2, Failures: 0, Errors: 0, Skipped: 0, Time elapsed: 0.001 s -- in ch.jalu.configme.beanmapper.leafvaluehandler.ObjectLeafValueHandlerTest
[f992860a-3869-4cc6-951a-f961d4b4992a/build]   | [INFO] Running ch.jalu.configme.beanmapper.leafvaluehandler.BigNumberLeafValueHandlerTest
[f992860a-3869-4cc6-951a-f961d4b4992a/build]   | [INFO] Tests run: 9, Failures: 0, Errors: 0, Skipped: 0, Time elapsed: 0.010 s -- in ch.jalu.configme.beanmapper.leafvaluehandler.BigNumberLeafValueHandlerTest
[f992860a-3869-4cc6-951a-f961d4b4992a/build]   | [INFO] Running ch.jalu.configme.beanmapper.leafvaluehandler.NumberLeafValueHandlerTest
[f992860a-3869-4cc6-951a-f961d4b4992a/build]   | [INFO] Tests run: 9, Failures: 0, Errors: 0, Skipped: 0, Time elapsed: 0.016 s -- in ch.jalu.configme.beanmapper.leafvaluehandler.NumberLeafValueHandlerTest
[f992860a-3869-4cc6-951a-f961d4b4992a/build]   | [INFO] Running ch.jalu.configme.beanmapper.leafvaluehandler.StringLeafValueHandlerTest
[f992860a-3869-4cc6-951a-f961d4b4992a/build]   | [INFO] Tests run: 3, Failures: 0, Errors: 0, Skipped: 0, Time elapsed: 0.002 s -- in ch.jalu.configme.beanmapper.leafvaluehandler.StringLeafValueHandlerTest
[f992860a-3869-4cc6-951a-f961d4b4992a/build]   | [INFO] Running ch.jalu.configme.beanmapper.leafvaluehandler.EnumLeafValueHandlerTest
[f992860a-3869-4cc6-951a-f961d4b4992a/build]   | [INFO] Tests run: 3, Failures: 0, Errors: 0, Skipped: 0, Time elapsed: 0.003 s -- in ch.jalu.configme.beanmapper.leafvaluehandler.EnumLeafValueHandlerTest
[f992860a-3869-4cc6-951a-f961d4b4992a/build]   | [INFO] Running ch.jalu.configme.beanmapper.leafvaluehandler.CombiningLeafValueHandlerTest
[f992860a-3869-4cc6-951a-f961d4b4992a/build]   | [INFO] Tests run: 2, Failures: 0, Errors: 0, Skipped: 0, Time elapsed: 0.002 s -- in ch.jalu.configme.beanmapper.leafvaluehandler.CombiningLeafValueHandlerTest
[f992860a-3869-4cc6-951a-f961d4b4992a/build]   | [INFO] Running ch.jalu.configme.beanmapper.leafvaluehandler.StandardLeafValueHandlersTest
[f992860a-3869-4cc6-951a-f961d4b4992a/build]   | [INFO] Tests run: 6, Failures: 0, Errors: 0, Skipped: 0, Time elapsed: 0.005 s -- in ch.jalu.configme.beanmapper.leafvaluehandler.StandardLeafValueHandlersTest
[f992860a-3869-4cc6-951a-f961d4b4992a/build]   | [INFO] Running ch.jalu.configme.beanmapper.MapperExportValueTest
[f992860a-3869-4cc6-951a-f961d4b4992a/build]   | [INFO] Tests run: 3, Failures: 0, Errors: 0, Skipped: 0, Time elapsed: 0.004 s -- in ch.jalu.configme.beanmapper.MapperExportValueTest
[f992860a-3869-4cc6-951a-f961d4b4992a/build]   | [INFO] Running ch.jalu.configme.beanmapper.propertydescription.BeanDescriptionFactoryImplTest
[f992860a-3869-4cc6-951a-f961d4b4992a/build]   | [INFO] Tests run: 11, Failures: 0, Errors: 0, Skipped: 0, Time elapsed: 0.039 s -- in ch.jalu.configme.beanmapper.propertydescription.BeanDescriptionFactoryImplTest
[f992860a-3869-4cc6-951a-f961d4b4992a/build]   | [INFO] Running ch.jalu.configme.beanmapper.propertydescription.BeanPropertyDescriptionImplTest
[f992860a-3869-4cc6-951a-f961d4b4992a/build]   | [INFO] Tests run: 5, Failures: 0, Errors: 0, Skipped: 0, Time elapsed: 0.007 s -- in ch.jalu.configme.beanmapper.propertydescription.BeanPropertyDescriptionImplTest
[f992860a-3869-4cc6-951a-f961d4b4992a/build]   | [INFO] Running ch.jalu.configme.resource.YamlFileResourceCommentsExportTest
[f992860a-3869-4cc6-951a-f961d4b4992a/build]   | [INFO] Tests run: 3, Failures: 0, Errors: 0, Skipped: 0, Time elapsed: 0.055 s -- in ch.jalu.configme.resource.YamlFileResourceCommentsExportTest
[f992860a-3869-4cc6-951a-f961d4b4992a/build]   | [INFO] Running ch.jalu.configme.resource.YamlFileResourceOptionsTest
[f992860a-3869-4cc6-951a-f961d4b4992a/build]   | [INFO] Tests run: 2, Failures: 0, Errors: 0, Skipped: 0, Time elapsed: 0.002 s -- in ch.jalu.configme.resource.YamlFileResourceOptionsTest
[f992860a-3869-4cc6-951a-f961d4b4992a/build]   | [INFO] Running ch.jalu.configme.resource.MapNormalizerTest
[f992860a-3869-4cc6-951a-f961d4b4992a/build]   | [INFO] Tests run: 8, Failures: 0, Errors: 0, Skipped: 0, Time elapsed: 0.005 s -- in ch.jalu.configme.resource.MapNormalizerTest
[f992860a-3869-4cc6-951a-f961d4b4992a/build]   | [INFO] Running ch.jalu.configme.resource.YamlFileReaderTest
[f992860a-3869-4cc6-951a-f961d4b4992a/build]   | [INFO] Tests run: 18, Failures: 0, Errors: 0, Skipped: 0, Time elapsed: 0.090 s -- in ch.jalu.configme.resource.YamlFileReaderTest
[f992860a-3869-4cc6-951a-f961d4b4992a/build]   | [INFO] Running ch.jalu.configme.resource.PropertyPathTraverserTest
[f992860a-3869-4cc6-951a-f961d4b4992a/build]   | [INFO] Tests run: 4, Failures: 0, Errors: 0, Skipped: 0, Time elapsed: 0.002 s -- in ch.jalu.configme.resource.PropertyPathTraverserTest
[f992860a-3869-4cc6-951a-f961d4b4992a/build]   | [INFO] Running ch.jalu.configme.resource.YamlFileResourceEscapingTest
[f992860a-3869-4cc6-951a-f961d4b4992a/build]   | [INFO] Tests run: 2, Failures: 0, Errors: 0, Skipped: 0, Time elapsed: 0.017 s -- in ch.jalu.configme.resource.YamlFileResourceEscapingTest
[f992860a-3869-4cc6-951a-f961d4b4992a/build]   | [INFO] Running ch.jalu.configme.resource.YamlSetPropertyExportTest
[f992860a-3869-4cc6-951a-f961d4b4992a/build]   | [INFO] Tests run: 1, Failures: 0, Errors: 0, Skipped: 0, Time elapsed: 0.006 s -- in ch.jalu.configme.resource.YamlSetPropertyExportTest
[f992860a-3869-4cc6-951a-f961d4b4992a/build]   | [INFO] Running ch.jalu.configme.resource.yaml.SnakeYamlNodeContainerImplTest
[f992860a-3869-4cc6-951a-f961d4b4992a/build]   | [INFO] Tests run: 6, Failures: 0, Errors: 0, Skipped: 0, Time elapsed: 0.009 s -- in ch.jalu.configme.resource.yaml.SnakeYamlNodeContainerImplTest
[f992860a-3869-4cc6-951a-f961d4b4992a/build]   | [INFO] Running ch.jalu.configme.resource.yaml.SnakeYamlNodeBuilderImplTest
[f992860a-3869-4cc6-951a-f961d4b4992a/build]   | [INFO] Tests run: 17, Failures: 0, Errors: 0, Skipped: 0, Time elapsed: 0.021 s -- in ch.jalu.configme.resource.yaml.SnakeYamlNodeBuilderImplTest
[f992860a-3869-4cc6-951a-f961d4b4992a/build]   | [INFO] Running ch.jalu.configme.resource.YamlFileResourceNoSplitPathsTest
[f992860a-3869-4cc6-951a-f961d4b4992a/build]   | [INFO] Tests run: 2, Failures: 0, Errors: 0, Skipped: 0, Time elapsed: 0.007 s -- in ch.jalu.configme.resource.YamlFileResourceNoSplitPathsTest
[f992860a-3869-4cc6-951a-f961d4b4992a/build]   | [INFO] Running ch.jalu.configme.resource.YamlFileResourceTopCommentTest
[f992860a-3869-4cc6-951a-f961d4b4992a/build]   | [INFO] Tests run: 2, Failures: 0, Errors: 0, Skipped: 0, Time elapsed: 0.008 s -- in ch.jalu.configme.resource.YamlFileResourceTopCommentTest
[f992860a-3869-4cc6-951a-f961d4b4992a/build]   | [INFO] Running ch.jalu.configme.resource.YamlFileResourceNewLineTest
[f992860a-3869-4cc6-951a-f961d4b4992a/build]   | [INFO] Tests run: 5, Failures: 0, Errors: 0, Skipped: 0, Time elapsed: 0.026 s -- in ch.jalu.configme.resource.YamlFileResourceNewLineTest
[f992860a-3869-4cc6-951a-f961d4b4992a/build]   | [INFO] Running ch.jalu.configme.resource.YamlFileReaderPathsWithNumberTest
[f992860a-3869-4cc6-951a-f961d4b4992a/build]   | [INFO] Tests run: 1, Failures: 0, Errors: 0, Skipped: 0, Time elapsed: 0.005 s -- in ch.jalu.configme.resource.YamlFileReaderPathsWithNumberTest
[f992860a-3869-4cc6-951a-f961d4b4992a/build]   | [INFO] Running ch.jalu.configme.resource.YamlFileResourceOptionalInBeanPropertyTest
[f992860a-3869-4cc6-951a-f961d4b4992a/build]   | [INFO] Tests run: 1, Failures: 0, Errors: 0, Skipped: 0, Time elapsed: 0.020 s -- in ch.jalu.configme.resource.YamlFileResourceOptionalInBeanPropertyTest
[f992860a-3869-4cc6-951a-f961d4b4992a/build]   | [INFO] Running ch.jalu.configme.resource.YamlFileResourceTest
[f992860a-3869-4cc6-951a-f961d4b4992a/build]   | [INFO] Tests run: 12, Failures: 0, Errors: 0, Skipped: 0, Time elapsed: 0.264 s -- in ch.jalu.configme.resource.YamlFileResourceTest
[f992860a-3869-4cc6-951a-f961d4b4992a/build]   | [INFO] 
[f992860a-3869-4cc6-951a-f961d4b4992a/build]   | [INFO] Results:
[f992860a-3869-4cc6-951a-f961d4b4992a/build]   | [INFO] 
[f992860a-3869-4cc6-951a-f961d4b4992a/build]   | [WARNING] Tests run: 474, Failures: 0, Errors: 0, Skipped: 1
[f992860a-3869-4cc6-951a-f961d4b4992a/build]   | [INFO] 
[f992860a-3869-4cc6-951a-f961d4b4992a/build]   | [INFO] 
[f992860a-3869-4cc6-951a-f961d4b4992a/build]   | [INFO] --- maven-jar-plugin:2.4:jar (default-jar) @ configme ---
[f992860a-3869-4cc6-951a-f961d4b4992a/build]   | [INFO] Downloading from central: https://repo.maven.apache.org/maven2/org/apache/maven/maven-archiver/2.5/maven-archiver-2.5.pom
[f992860a-3869-4cc6-951a-f961d4b4992a/build]   | [INFO] Downloaded from central: https://repo.maven.apache.org/maven2/org/apache/maven/maven-archiver/2.5/maven-archiver-2.5.pom (4.5 kB at 206 kB/s)
[f992860a-3869-4cc6-951a-f961d4b4992a/build]   | [INFO] Downloading from central: https://repo.maven.apache.org/maven2/org/codehaus/plexus/plexus-archiver/2.1/plexus-archiver-2.1.pom
[f992860a-3869-4cc6-951a-f961d4b4992a/build]   | [INFO] Downloaded from central: https://repo.maven.apache.org/maven2/org/codehaus/plexus/plexus-archiver/2.1/plexus-archiver-2.1.pom (2.8 kB at 128 kB/s)
[f992860a-3869-4cc6-951a-f961d4b4992a/build]   | [INFO] Downloading from central: https://repo.maven.apache.org/maven2/org/codehaus/plexus/plexus-utils/3.0/plexus-utils-3.0.pom
[f992860a-3869-4cc6-951a-f961d4b4992a/build]   | [INFO] Downloaded from central: https://repo.maven.apache.org/maven2/org/codehaus/plexus/plexus-utils/3.0/plexus-utils-3.0.pom (4.1 kB at 116 kB/s)
[f992860a-3869-4cc6-951a-f961d4b4992a/build]   | [INFO] Downloading from central: https://repo.maven.apache.org/maven2/org/sonatype/spice/spice-parent/16/spice-parent-16.pom
[f992860a-3869-4cc6-951a-f961d4b4992a/build]   | [INFO] Downloaded from central: https://repo.maven.apache.org/maven2/org/sonatype/spice/spice-parent/16/spice-parent-16.pom (8.4 kB at 363 kB/s)
[f992860a-3869-4cc6-951a-f961d4b4992a/build]   | [INFO] Downloading from central: https://repo.maven.apache.org/maven2/org/sonatype/forge/forge-parent/5/forge-parent-5.pom
[f992860a-3869-4cc6-951a-f961d4b4992a/build]   | [INFO] Downloaded from central: https://repo.maven.apache.org/maven2/org/sonatype/forge/forge-parent/5/forge-parent-5.pom (8.4 kB at 364 kB/s)
[f992860a-3869-4cc6-951a-f961d4b4992a/build]   | [INFO] Downloading from central: https://repo.maven.apache.org/maven2/org/codehaus/plexus/plexus-io/2.0.2/plexus-io-2.0.2.pom
[f992860a-3869-4cc6-951a-f961d4b4992a/build]   | [INFO] Downloaded from central: https://repo.maven.apache.org/maven2/org/codehaus/plexus/plexus-io/2.0.2/plexus-io-2.0.2.pom (1.7 kB at 79 kB/s)
[f992860a-3869-4cc6-951a-f961d4b4992a/build]   | [INFO] Downloading from central: https://repo.maven.apache.org/maven2/org/codehaus/plexus/plexus-components/1.1.19/plexus-components-1.1.19.pom
[f992860a-3869-4cc6-951a-f961d4b4992a/build]   | [INFO] Downloaded from central: https://repo.maven.apache.org/maven2/org/codehaus/plexus/plexus-components/1.1.19/plexus-components-1.1.19.pom (2.7 kB at 123 kB/s)
[f992860a-3869-4cc6-951a-f961d4b4992a/build]   | [INFO] Downloading from central: https://repo.maven.apache.org/maven2/org/codehaus/plexus/plexus/3.0.1/plexus-3.0.1.pom
[f992860a-3869-4cc6-951a-f961d4b4992a/build]   | [INFO] Downloaded from central: https://repo.maven.apache.org/maven2/org/codehaus/plexus/plexus/3.0.1/plexus-3.0.1.pom (19 kB at 745 kB/s)
[f992860a-3869-4cc6-951a-f961d4b4992a/build]   | [INFO] Downloading from central: https://repo.maven.apache.org/maven2/org/codehaus/plexus/plexus-interpolation/1.15/plexus-interpolation-1.15.pom
[f992860a-3869-4cc6-951a-f961d4b4992a/build]   | [INFO] Downloaded from central: https://repo.maven.apache.org/maven2/org/codehaus/plexus/plexus-interpolation/1.15/plexus-interpolation-1.15.pom (1.0 kB at 46 kB/s)
[f992860a-3869-4cc6-951a-f961d4b4992a/build]   | [INFO] Downloading from central: https://repo.maven.apache.org/maven2/commons-lang/commons-lang/2.1/commons-lang-2.1.pom
[f992860a-3869-4cc6-951a-f961d4b4992a/build]   | [INFO] Downloaded from central: https://repo.maven.apache.org/maven2/commons-lang/commons-lang/2.1/commons-lang-2.1.pom (9.9 kB at 414 kB/s)
[f992860a-3869-4cc6-951a-f961d4b4992a/build]   | [INFO] Downloading from central: https://repo.maven.apache.org/maven2/org/apache/maven/maven-archiver/2.5/maven-archiver-2.5.jar
[f992860a-3869-4cc6-951a-f961d4b4992a/build]   | [INFO] Downloading from central: https://repo.maven.apache.org/maven2/org/codehaus/plexus/plexus-interpolation/1.15/plexus-interpolation-1.15.jar
[f992860a-3869-4cc6-951a-f961d4b4992a/build]   | [INFO] Downloading from central: https://repo.maven.apache.org/maven2/org/codehaus/plexus/plexus-archiver/2.1/plexus-archiver-2.1.jar
[f992860a-3869-4cc6-951a-f961d4b4992a/build]   | [INFO] Downloading from central: https://repo.maven.apache.org/maven2/org/codehaus/plexus/plexus-io/2.0.2/plexus-io-2.0.2.jar
[f992860a-3869-4cc6-951a-f961d4b4992a/build]   | [INFO] Downloading from central: https://repo.maven.apache.org/maven2/commons-lang/commons-lang/2.1/commons-lang-2.1.jar
[f992860a-3869-4cc6-951a-f961d4b4992a/build]   | [INFO] Downloaded from central: https://repo.maven.apache.org/maven2/org/apache/maven/maven-archiver/2.5/maven-archiver-2.5.jar (22 kB at 839 kB/s)
[f992860a-3869-4cc6-951a-f961d4b4992a/build]   | [INFO] Downloading from central: https://repo.maven.apache.org/maven2/org/codehaus/plexus/plexus-utils/3.0/plexus-utils-3.0.jar
[f992860a-3869-4cc6-951a-f961d4b4992a/build]   | [INFO] Downloaded from central: https://repo.maven.apache.org/maven2/org/codehaus/plexus/plexus-interpolation/1.15/plexus-interpolation-1.15.jar (60 kB at 2.3 MB/s)
[f992860a-3869-4cc6-951a-f961d4b4992a/build]   | [INFO] Downloaded from central: https://repo.maven.apache.org/maven2/org/codehaus/plexus/plexus-io/2.0.2/plexus-io-2.0.2.jar (58 kB at 2.2 MB/s)
[f992860a-3869-4cc6-951a-f961d4b4992a/build]   | [INFO] Downloaded from central: https://repo.maven.apache.org/maven2/org/codehaus/plexus/plexus-archiver/2.1/plexus-archiver-2.1.jar (184 kB at 5.0 MB/s)
[f992860a-3869-4cc6-951a-f961d4b4992a/build]   | [INFO] Downloaded from central: https://repo.maven.apache.org/maven2/commons-lang/commons-lang/2.1/commons-lang-2.1.jar (208 kB at 5.1 MB/s)
[f992860a-3869-4cc6-951a-f961d4b4992a/build]   | [INFO] Downloaded from central: https://repo.maven.apache.org/maven2/org/codehaus/plexus/plexus-utils/3.0/plexus-utils-3.0.jar (226 kB at 2.6 MB/s)
[f992860a-3869-4cc6-951a-f961d4b4992a/build]   | [INFO] Building jar: /tmp/2fee7f4f-9072-4780-9d9d-7491fcf5e56b/target/ConfigMe-1.4.1-SNAPSHOT.jar
[f992860a-3869-4cc6-951a-f961d4b4992a/build]   | [INFO] ------------------------------------------------------------------------
[f992860a-3869-4cc6-951a-f961d4b4992a/build]   | [INFO] BUILD SUCCESS
[f992860a-3869-4cc6-951a-f961d4b4992a/build]   | [INFO] ------------------------------------------------------------------------
[f992860a-3869-4cc6-951a-f961d4b4992a/build]   | [INFO] Total time:  16.207 s
[f992860a-3869-4cc6-951a-f961d4b4992a/build]   | [INFO] Finished at: 2023-11-24T10:44:13Z
[f992860a-3869-4cc6-951a-f961d4b4992a/build]   | [INFO] ------------------------------------------------------------------------
[f992860a-3869-4cc6-951a-f961d4b4992a/build]   ‚úÖ  Success - Main Build with Maven
[f992860a-3869-4cc6-951a-f961d4b4992a/build] unable to get git ref: failed to identify reference (tag/branch) for the checked-out revision '7bf10c51347958ead6d2d8d11e6077dbc35c980e'
[f992860a-3869-4cc6-951a-f961d4b4992a/build] unable to get git ref: failed to identify reference (tag/branch) for the checked-out revision '7bf10c51347958ead6d2d8d11e6077dbc35c980e'
[f992860a-3869-4cc6-951a-f961d4b4992a/build] unable to get git ref: failed to identify reference (tag/branch) for the checked-out revision '7bf10c51347958ead6d2d8d11e6077dbc35c980e'
[f992860a-3869-4cc6-951a-f961d4b4992a/build] unable to get git ref: failed to identify reference (tag/branch) for the checked-out revision '7bf10c51347958ead6d2d8d11e6077dbc35c980e'
[f992860a-3869-4cc6-951a-f961d4b4992a/build] unable to get git ref: failed to identify reference (tag/branch) for the checked-out revision '7bf10c51347958ead6d2d8d11e6077dbc35c980e'
[f992860a-3869-4cc6-951a-f961d4b4992a/build] ‚≠ê Run Post Set up JDK 11
[f992860a-3869-4cc6-951a-f961d4b4992a/build]   üê≥  docker exec cmd=[node /var/run/act/actions/actions-setup-java@v3/dist/cleanup/index.js] user= workdir=
[f992860a-3869-4cc6-951a-f961d4b4992a/build]   ‚úÖ  Success - Post Set up JDK 11
[f992860a-3869-4cc6-951a-f961d4b4992a/build] üèÅ  Job succeeded
[f992860a-3869-4cc6-951a-f961d4b4992a/build] unable to get git ref: failed to identify reference (tag/branch) for the checked-out revision '7bf10c51347958ead6d2d8d11e6077dbc35c980e'
