[9dfc6403-bc38-46ad-8d50-6f892f3fb09c/build] üöÄ  Start image=gitbugactions:latest
[9dfc6403-bc38-46ad-8d50-6f892f3fb09c/build]   üê≥  docker pull image=gitbugactions:latest platform= username= forcePull=false
[9dfc6403-bc38-46ad-8d50-6f892f3fb09c/build]   üê≥  docker create image=gitbugactions:latest platform= entrypoint=["tail" "-f" "/dev/null"] cmd=[]
[9dfc6403-bc38-46ad-8d50-6f892f3fb09c/build]   üê≥  docker run image=gitbugactions:latest platform= entrypoint=["tail" "-f" "/dev/null"] cmd=[]
[9dfc6403-bc38-46ad-8d50-6f892f3fb09c/build]   üê≥  docker exec cmd=[chown -R 1012:1013 /tmp/edbb904f-deac-4494-ba55-bf0baa0a075a] user=0 workdir=
[9dfc6403-bc38-46ad-8d50-6f892f3fb09c/build] ‚≠ê Run Main actions/checkout@v2
[9dfc6403-bc38-46ad-8d50-6f892f3fb09c/build]   üê≥  docker cp src=/tmp/edbb904f-deac-4494-ba55-bf0baa0a075a/. dst=/tmp/edbb904f-deac-4494-ba55-bf0baa0a075a
[9dfc6403-bc38-46ad-8d50-6f892f3fb09c/build]   üê≥  docker exec cmd=[chown -R 1012:1013 /tmp/edbb904f-deac-4494-ba55-bf0baa0a075a] user=0 workdir=
[9dfc6403-bc38-46ad-8d50-6f892f3fb09c/build]   ‚úÖ  Success - Main actions/checkout@v2
[9dfc6403-bc38-46ad-8d50-6f892f3fb09c/build] ‚≠ê Run Main Set up JDK 11
[9dfc6403-bc38-46ad-8d50-6f892f3fb09c/build]   üê≥  docker cp src=/tmp/act-cache/fbf6d1dd-6b80-4626-9633-dac92bd57da5/act/actions-setup-java@v2/ dst=/var/run/act/actions/actions-setup-java@v2/
[9dfc6403-bc38-46ad-8d50-6f892f3fb09c/build]   üê≥  docker exec cmd=[chown -R 1012:1013 /var/run/act/actions/actions-setup-java@v2/] user=0 workdir=
[9dfc6403-bc38-46ad-8d50-6f892f3fb09c/build]   üê≥  docker exec cmd=[node /var/run/act/actions/actions-setup-java@v2/dist/setup/index.js] user= workdir=
[9dfc6403-bc38-46ad-8d50-6f892f3fb09c/build]   üí¨  ::debug::isExplicit: 11.0.20-1
[9dfc6403-bc38-46ad-8d50-6f892f3fb09c/build]   üí¨  ::debug::explicit? true
[9dfc6403-bc38-46ad-8d50-6f892f3fb09c/build]   üí¨  ::debug::isExplicit: 17.0.8-1
[9dfc6403-bc38-46ad-8d50-6f892f3fb09c/build]   üí¨  ::debug::explicit? true
[9dfc6403-bc38-46ad-8d50-6f892f3fb09c/build]   üí¨  ::debug::isExplicit: 21.0.0-35
[9dfc6403-bc38-46ad-8d50-6f892f3fb09c/build]   üí¨  ::debug::explicit? true
[9dfc6403-bc38-46ad-8d50-6f892f3fb09c/build]   üí¨  ::debug::isExplicit: 8.0.382-5
[9dfc6403-bc38-46ad-8d50-6f892f3fb09c/build]   üí¨  ::debug::explicit? true
[9dfc6403-bc38-46ad-8d50-6f892f3fb09c/build]   | Resolved Java 11.0.20+1 from tool-cache
[9dfc6403-bc38-46ad-8d50-6f892f3fb09c/build]   | Setting Java 11.0.20+1 as the default
[9dfc6403-bc38-46ad-8d50-6f892f3fb09c/build]   | 
[9dfc6403-bc38-46ad-8d50-6f892f3fb09c/build]   | Java configuration:
[9dfc6403-bc38-46ad-8d50-6f892f3fb09c/build]   |   Distribution: temurin
[9dfc6403-bc38-46ad-8d50-6f892f3fb09c/build]   |   Version: 11.0.20+1
[9dfc6403-bc38-46ad-8d50-6f892f3fb09c/build]   |   Path: /opt/hostedtoolcache/Java_Temurin-Hotspot_jdk/11.0.20-1/x64
[9dfc6403-bc38-46ad-8d50-6f892f3fb09c/build]   | 
[9dfc6403-bc38-46ad-8d50-6f892f3fb09c/build]   ‚ùì add-matcher /run/act/actions/actions-setup-java@v2/.github/java.json
[9dfc6403-bc38-46ad-8d50-6f892f3fb09c/build]   | Creating settings.xml with server-id: github
[9dfc6403-bc38-46ad-8d50-6f892f3fb09c/build]   | Writing to /home/runner/.m2/settings.xml
[9dfc6403-bc38-46ad-8d50-6f892f3fb09c/build]   ‚úÖ  Success - Main Set up JDK 11
[9dfc6403-bc38-46ad-8d50-6f892f3fb09c/build]   ‚öô  ::set-env:: JAVA_HOME=/opt/hostedtoolcache/Java_Temurin-Hotspot_jdk/11.0.20-1/x64
[9dfc6403-bc38-46ad-8d50-6f892f3fb09c/build]   ‚öô  ::set-output:: distribution=Temurin-Hotspot
[9dfc6403-bc38-46ad-8d50-6f892f3fb09c/build]   ‚öô  ::set-output:: path=/opt/hostedtoolcache/Java_Temurin-Hotspot_jdk/11.0.20-1/x64
[9dfc6403-bc38-46ad-8d50-6f892f3fb09c/build]   ‚öô  ::set-output:: version=11.0.20+1
[9dfc6403-bc38-46ad-8d50-6f892f3fb09c/build]   ‚öô  ::add-path:: /opt/hostedtoolcache/Java_Temurin-Hotspot_jdk/11.0.20-1/x64/bin
[9dfc6403-bc38-46ad-8d50-6f892f3fb09c/build] ‚≠ê Run Main Build with Maven
[9dfc6403-bc38-46ad-8d50-6f892f3fb09c/build]   üê≥  docker exec cmd=[bash --noprofile --norc -e -o pipefail /var/run/act/workflow/2] user= workdir=
[9dfc6403-bc38-46ad-8d50-6f892f3fb09c/build]   | [INFO] Scanning for projects...
[9dfc6403-bc38-46ad-8d50-6f892f3fb09c/build]   | [INFO] 
[9dfc6403-bc38-46ad-8d50-6f892f3fb09c/build]   | [INFO] -----------------------< org.netpreserve:jwarc >------------------------
[9dfc6403-bc38-46ad-8d50-6f892f3fb09c/build]   | [INFO] Building jwarc 0.27.0
[9dfc6403-bc38-46ad-8d50-6f892f3fb09c/build]   | [INFO]   from pom.xml
[9dfc6403-bc38-46ad-8d50-6f892f3fb09c/build]   | [INFO] --------------------------------[ jar ]---------------------------------
[9dfc6403-bc38-46ad-8d50-6f892f3fb09c/build]   | [INFO] Downloading from central: https://repo.maven.apache.org/maven2/org/apache/maven/plugins/maven-resources-plugin/2.6/maven-resources-plugin-2.6.pom
[9dfc6403-bc38-46ad-8d50-6f892f3fb09c/build]   | [INFO] Downloaded from central: https://repo.maven.apache.org/maven2/org/apache/maven/plugins/maven-resources-plugin/2.6/maven-resources-plugin-2.6.pom (8.1 kB at 23 kB/s)
[9dfc6403-bc38-46ad-8d50-6f892f3fb09c/build]   | [INFO] Downloading from central: https://repo.maven.apache.org/maven2/org/apache/maven/plugins/maven-plugins/23/maven-plugins-23.pom
[9dfc6403-bc38-46ad-8d50-6f892f3fb09c/build]   | [INFO] Downloaded from central: https://repo.maven.apache.org/maven2/org/apache/maven/plugins/maven-plugins/23/maven-plugins-23.pom (9.2 kB at 328 kB/s)
[9dfc6403-bc38-46ad-8d50-6f892f3fb09c/build]   | [INFO] Downloading from central: https://repo.maven.apache.org/maven2/org/apache/maven/maven-parent/22/maven-parent-22.pom
[9dfc6403-bc38-46ad-8d50-6f892f3fb09c/build]   | [INFO] Downloaded from central: https://repo.maven.apache.org/maven2/org/apache/maven/maven-parent/22/maven-parent-22.pom (30 kB at 850 kB/s)
[9dfc6403-bc38-46ad-8d50-6f892f3fb09c/build]   | [INFO] Downloading from central: https://repo.maven.apache.org/maven2/org/apache/apache/11/apache-11.pom
[9dfc6403-bc38-46ad-8d50-6f892f3fb09c/build]   | [INFO] Downloaded from central: https://repo.maven.apache.org/maven2/org/apache/apache/11/apache-11.pom (15 kB at 1.2 MB/s)
[9dfc6403-bc38-46ad-8d50-6f892f3fb09c/build]   | [INFO] Downloading from central: https://repo.maven.apache.org/maven2/org/apache/maven/plugins/maven-resources-plugin/2.6/maven-resources-plugin-2.6.jar
[9dfc6403-bc38-46ad-8d50-6f892f3fb09c/build]   | [INFO] Downloaded from central: https://repo.maven.apache.org/maven2/org/apache/maven/plugins/maven-resources-plugin/2.6/maven-resources-plugin-2.6.jar (30 kB at 1.1 MB/s)
[9dfc6403-bc38-46ad-8d50-6f892f3fb09c/build]   | [INFO] Downloading from central: https://repo.maven.apache.org/maven2/org/apache/maven/plugins/maven-compiler-plugin/3.1/maven-compiler-plugin-3.1.pom
[9dfc6403-bc38-46ad-8d50-6f892f3fb09c/build]   | [INFO] Downloaded from central: https://repo.maven.apache.org/maven2/org/apache/maven/plugins/maven-compiler-plugin/3.1/maven-compiler-plugin-3.1.pom (10 kB at 510 kB/s)
[9dfc6403-bc38-46ad-8d50-6f892f3fb09c/build]   | [INFO] Downloading from central: https://repo.maven.apache.org/maven2/org/apache/maven/plugins/maven-plugins/24/maven-plugins-24.pom
[9dfc6403-bc38-46ad-8d50-6f892f3fb09c/build]   | [INFO] Downloaded from central: https://repo.maven.apache.org/maven2/org/apache/maven/plugins/maven-plugins/24/maven-plugins-24.pom (11 kB at 416 kB/s)
[9dfc6403-bc38-46ad-8d50-6f892f3fb09c/build]   | [INFO] Downloading from central: https://repo.maven.apache.org/maven2/org/apache/maven/maven-parent/23/maven-parent-23.pom
[9dfc6403-bc38-46ad-8d50-6f892f3fb09c/build]   | [INFO] Downloaded from central: https://repo.maven.apache.org/maven2/org/apache/maven/maven-parent/23/maven-parent-23.pom (33 kB at 795 kB/s)
[9dfc6403-bc38-46ad-8d50-6f892f3fb09c/build]   | [INFO] Downloading from central: https://repo.maven.apache.org/maven2/org/apache/apache/13/apache-13.pom
[9dfc6403-bc38-46ad-8d50-6f892f3fb09c/build]   | [INFO] Downloaded from central: https://repo.maven.apache.org/maven2/org/apache/apache/13/apache-13.pom (14 kB at 665 kB/s)
[9dfc6403-bc38-46ad-8d50-6f892f3fb09c/build]   | [INFO] Downloading from central: https://repo.maven.apache.org/maven2/org/apache/maven/plugins/maven-compiler-plugin/3.1/maven-compiler-plugin-3.1.jar
[9dfc6403-bc38-46ad-8d50-6f892f3fb09c/build]   | [INFO] Downloaded from central: https://repo.maven.apache.org/maven2/org/apache/maven/plugins/maven-compiler-plugin/3.1/maven-compiler-plugin-3.1.jar (43 kB at 2.0 MB/s)
[9dfc6403-bc38-46ad-8d50-6f892f3fb09c/build]   | [INFO] Downloading from central: https://repo.maven.apache.org/maven2/org/apache/maven/plugins/maven-surefire-plugin/2.12.4/maven-surefire-plugin-2.12.4.pom
[9dfc6403-bc38-46ad-8d50-6f892f3fb09c/build]   | [INFO] Downloaded from central: https://repo.maven.apache.org/maven2/org/apache/maven/plugins/maven-surefire-plugin/2.12.4/maven-surefire-plugin-2.12.4.pom (10 kB at 419 kB/s)
[9dfc6403-bc38-46ad-8d50-6f892f3fb09c/build]   | [INFO] Downloading from central: https://repo.maven.apache.org/maven2/org/apache/maven/surefire/surefire/2.12.4/surefire-2.12.4.pom
[9dfc6403-bc38-46ad-8d50-6f892f3fb09c/build]   | [INFO] Downloaded from central: https://repo.maven.apache.org/maven2/org/apache/maven/surefire/surefire/2.12.4/surefire-2.12.4.pom (14 kB at 862 kB/s)
[9dfc6403-bc38-46ad-8d50-6f892f3fb09c/build]   | [INFO] Downloading from central: https://repo.maven.apache.org/maven2/org/apache/maven/plugins/maven-surefire-plugin/2.12.4/maven-surefire-plugin-2.12.4.jar
[9dfc6403-bc38-46ad-8d50-6f892f3fb09c/build]   | [INFO] Downloaded from central: https://repo.maven.apache.org/maven2/org/apache/maven/plugins/maven-surefire-plugin/2.12.4/maven-surefire-plugin-2.12.4.jar (30 kB at 2.2 MB/s)
[9dfc6403-bc38-46ad-8d50-6f892f3fb09c/build]   | [INFO] Downloading from central: https://repo.maven.apache.org/maven2/org/apache/maven/plugins/maven-jar-plugin/3.2.2/maven-jar-plugin-3.2.2.pom
[9dfc6403-bc38-46ad-8d50-6f892f3fb09c/build]   | [INFO] Downloaded from central: https://repo.maven.apache.org/maven2/org/apache/maven/plugins/maven-jar-plugin/3.2.2/maven-jar-plugin-3.2.2.pom (7.5 kB at 623 kB/s)
[9dfc6403-bc38-46ad-8d50-6f892f3fb09c/build]   | [INFO] Downloading from central: https://repo.maven.apache.org/maven2/org/apache/maven/plugins/maven-plugins/34/maven-plugins-34.pom
[9dfc6403-bc38-46ad-8d50-6f892f3fb09c/build]   | [INFO] Downloaded from central: https://repo.maven.apache.org/maven2/org/apache/maven/plugins/maven-plugins/34/maven-plugins-34.pom (11 kB at 972 kB/s)
[9dfc6403-bc38-46ad-8d50-6f892f3fb09c/build]   | [INFO] Downloading from central: https://repo.maven.apache.org/maven2/org/apache/maven/maven-parent/34/maven-parent-34.pom
[9dfc6403-bc38-46ad-8d50-6f892f3fb09c/build]   | [INFO] Downloaded from central: https://repo.maven.apache.org/maven2/org/apache/maven/maven-parent/34/maven-parent-34.pom (43 kB at 3.3 MB/s)
[9dfc6403-bc38-46ad-8d50-6f892f3fb09c/build]   | [INFO] Downloading from central: https://repo.maven.apache.org/maven2/org/apache/apache/23/apache-23.pom
[9dfc6403-bc38-46ad-8d50-6f892f3fb09c/build]   | [INFO] Downloaded from central: https://repo.maven.apache.org/maven2/org/apache/apache/23/apache-23.pom (18 kB at 1.4 MB/s)
[9dfc6403-bc38-46ad-8d50-6f892f3fb09c/build]   | [INFO] Downloading from central: https://repo.maven.apache.org/maven2/org/apache/maven/plugins/maven-jar-plugin/3.2.2/maven-jar-plugin-3.2.2.jar
[9dfc6403-bc38-46ad-8d50-6f892f3fb09c/build]   | [INFO] Downloaded from central: https://repo.maven.apache.org/maven2/org/apache/maven/plugins/maven-jar-plugin/3.2.2/maven-jar-plugin-3.2.2.jar (29 kB at 1.4 MB/s)
[9dfc6403-bc38-46ad-8d50-6f892f3fb09c/build]   | [INFO] Downloading from central: https://repo.maven.apache.org/maven2/junit/junit/4.13.2/junit-4.13.2.pom
[9dfc6403-bc38-46ad-8d50-6f892f3fb09c/build]   | [INFO] Downloaded from central: https://repo.maven.apache.org/maven2/junit/junit/4.13.2/junit-4.13.2.pom (27 kB at 1.0 MB/s)
[9dfc6403-bc38-46ad-8d50-6f892f3fb09c/build]   | [INFO] Downloading from central: https://repo.maven.apache.org/maven2/org/hamcrest/hamcrest-core/1.3/hamcrest-core-1.3.pom
[9dfc6403-bc38-46ad-8d50-6f892f3fb09c/build]   | [INFO] Downloaded from central: https://repo.maven.apache.org/maven2/org/hamcrest/hamcrest-core/1.3/hamcrest-core-1.3.pom (766 B at 51 kB/s)
[9dfc6403-bc38-46ad-8d50-6f892f3fb09c/build]   | [INFO] Downloading from central: https://repo.maven.apache.org/maven2/org/hamcrest/hamcrest-parent/1.3/hamcrest-parent-1.3.pom
[9dfc6403-bc38-46ad-8d50-6f892f3fb09c/build]   | [INFO] Downloaded from central: https://repo.maven.apache.org/maven2/org/hamcrest/hamcrest-parent/1.3/hamcrest-parent-1.3.pom (2.0 kB at 123 kB/s)
[9dfc6403-bc38-46ad-8d50-6f892f3fb09c/build]   | [INFO] Downloading from central: https://repo.maven.apache.org/maven2/junit/junit/4.13.2/junit-4.13.2.jar
[9dfc6403-bc38-46ad-8d50-6f892f3fb09c/build]   | [INFO] Downloading from central: https://repo.maven.apache.org/maven2/org/hamcrest/hamcrest-core/1.3/hamcrest-core-1.3.jar
[9dfc6403-bc38-46ad-8d50-6f892f3fb09c/build]   | [INFO] Downloaded from central: https://repo.maven.apache.org/maven2/org/hamcrest/hamcrest-core/1.3/hamcrest-core-1.3.jar (45 kB at 1.2 MB/s)
[9dfc6403-bc38-46ad-8d50-6f892f3fb09c/build]   | [INFO] Downloaded from central: https://repo.maven.apache.org/maven2/junit/junit/4.13.2/junit-4.13.2.jar (385 kB at 3.7 MB/s)
[9dfc6403-bc38-46ad-8d50-6f892f3fb09c/build]   | [INFO] 
[9dfc6403-bc38-46ad-8d50-6f892f3fb09c/build]   | [INFO] --- maven-resources-plugin:2.6:resources (default-resources) @ jwarc ---
[9dfc6403-bc38-46ad-8d50-6f892f3fb09c/build]   | [INFO] Downloading from central: https://repo.maven.apache.org/maven2/org/apache/maven/maven-plugin-api/2.0.6/maven-plugin-api-2.0.6.pom
[9dfc6403-bc38-46ad-8d50-6f892f3fb09c/build]   | [INFO] Downloaded from central: https://repo.maven.apache.org/maven2/org/apache/maven/maven-plugin-api/2.0.6/maven-plugin-api-2.0.6.pom (1.5 kB at 91 kB/s)
[9dfc6403-bc38-46ad-8d50-6f892f3fb09c/build]   | [INFO] Downloading from central: https://repo.maven.apache.org/maven2/org/apache/maven/maven/2.0.6/maven-2.0.6.pom
[9dfc6403-bc38-46ad-8d50-6f892f3fb09c/build]   | [INFO] Downloaded from central: https://repo.maven.apache.org/maven2/org/apache/maven/maven/2.0.6/maven-2.0.6.pom (9.0 kB at 565 kB/s)
[9dfc6403-bc38-46ad-8d50-6f892f3fb09c/build]   | [INFO] Downloading from central: https://repo.maven.apache.org/maven2/org/apache/maven/maven-parent/5/maven-parent-5.pom
[9dfc6403-bc38-46ad-8d50-6f892f3fb09c/build]   | [INFO] Downloaded from central: https://repo.maven.apache.org/maven2/org/apache/maven/maven-parent/5/maven-parent-5.pom (15 kB at 1.1 MB/s)
[9dfc6403-bc38-46ad-8d50-6f892f3fb09c/build]   | [INFO] Downloading from central: https://repo.maven.apache.org/maven2/org/apache/apache/3/apache-3.pom
[9dfc6403-bc38-46ad-8d50-6f892f3fb09c/build]   | [INFO] Downloaded from central: https://repo.maven.apache.org/maven2/org/apache/apache/3/apache-3.pom (3.4 kB at 286 kB/s)
[9dfc6403-bc38-46ad-8d50-6f892f3fb09c/build]   | [INFO] Downloading from central: https://repo.maven.apache.org/maven2/org/apache/maven/maven-project/2.0.6/maven-project-2.0.6.pom
[9dfc6403-bc38-46ad-8d50-6f892f3fb09c/build]   | [INFO] Downloaded from central: https://repo.maven.apache.org/maven2/org/apache/maven/maven-project/2.0.6/maven-project-2.0.6.pom (2.6 kB at 220 kB/s)
[9dfc6403-bc38-46ad-8d50-6f892f3fb09c/build]   | [INFO] Downloading from central: https://repo.maven.apache.org/maven2/org/apache/maven/maven-settings/2.0.6/maven-settings-2.0.6.pom
[9dfc6403-bc38-46ad-8d50-6f892f3fb09c/build]   | [INFO] Downloaded from central: https://repo.maven.apache.org/maven2/org/apache/maven/maven-settings/2.0.6/maven-settings-2.0.6.pom (2.0 kB at 125 kB/s)
[9dfc6403-bc38-46ad-8d50-6f892f3fb09c/build]   | [INFO] Downloading from central: https://repo.maven.apache.org/maven2/org/apache/maven/maven-model/2.0.6/maven-model-2.0.6.pom
[9dfc6403-bc38-46ad-8d50-6f892f3fb09c/build]   | [INFO] Downloaded from central: https://repo.maven.apache.org/maven2/org/apache/maven/maven-model/2.0.6/maven-model-2.0.6.pom (3.0 kB at 203 kB/s)
[9dfc6403-bc38-46ad-8d50-6f892f3fb09c/build]   | [INFO] Downloading from central: https://repo.maven.apache.org/maven2/org/codehaus/plexus/plexus-utils/1.4.1/plexus-utils-1.4.1.pom
[9dfc6403-bc38-46ad-8d50-6f892f3fb09c/build]   | [INFO] Downloaded from central: https://repo.maven.apache.org/maven2/org/codehaus/plexus/plexus-utils/1.4.1/plexus-utils-1.4.1.pom (1.9 kB at 83 kB/s)
[9dfc6403-bc38-46ad-8d50-6f892f3fb09c/build]   | [INFO] Downloading from central: https://repo.maven.apache.org/maven2/org/codehaus/plexus/plexus/1.0.11/plexus-1.0.11.pom
[9dfc6403-bc38-46ad-8d50-6f892f3fb09c/build]   | [INFO] Downloaded from central: https://repo.maven.apache.org/maven2/org/codehaus/plexus/plexus/1.0.11/plexus-1.0.11.pom (9.0 kB at 997 kB/s)
[9dfc6403-bc38-46ad-8d50-6f892f3fb09c/build]   | [INFO] Downloading from central: https://repo.maven.apache.org/maven2/org/codehaus/plexus/plexus-container-default/1.0-alpha-9-stable-1/plexus-container-default-1.0-alpha-9-stable-1.pom
[9dfc6403-bc38-46ad-8d50-6f892f3fb09c/build]   | [INFO] Downloaded from central: https://repo.maven.apache.org/maven2/org/codehaus/plexus/plexus-container-default/1.0-alpha-9-stable-1/plexus-container-default-1.0-alpha-9-stable-1.pom (3.9 kB at 439 kB/s)
[9dfc6403-bc38-46ad-8d50-6f892f3fb09c/build]   | [INFO] Downloading from central: https://repo.maven.apache.org/maven2/org/codehaus/plexus/plexus-containers/1.0.3/plexus-containers-1.0.3.pom
[9dfc6403-bc38-46ad-8d50-6f892f3fb09c/build]   | [INFO] Downloaded from central: https://repo.maven.apache.org/maven2/org/codehaus/plexus/plexus-containers/1.0.3/plexus-containers-1.0.3.pom (492 B at 62 kB/s)
[9dfc6403-bc38-46ad-8d50-6f892f3fb09c/build]   | [INFO] Downloading from central: https://repo.maven.apache.org/maven2/org/codehaus/plexus/plexus/1.0.4/plexus-1.0.4.pom
[9dfc6403-bc38-46ad-8d50-6f892f3fb09c/build]   | [INFO] Downloaded from central: https://repo.maven.apache.org/maven2/org/codehaus/plexus/plexus/1.0.4/plexus-1.0.4.pom (5.7 kB at 717 kB/s)
[9dfc6403-bc38-46ad-8d50-6f892f3fb09c/build]   | [INFO] Downloading from central: https://repo.maven.apache.org/maven2/junit/junit/3.8.1/junit-3.8.1.pom
[9dfc6403-bc38-46ad-8d50-6f892f3fb09c/build]   | [INFO] Downloaded from central: https://repo.maven.apache.org/maven2/junit/junit/3.8.1/junit-3.8.1.pom (998 B at 62 kB/s)
[9dfc6403-bc38-46ad-8d50-6f892f3fb09c/build]   | [INFO] Downloading from central: https://repo.maven.apache.org/maven2/org/codehaus/plexus/plexus-utils/1.0.4/plexus-utils-1.0.4.pom
[9dfc6403-bc38-46ad-8d50-6f892f3fb09c/build]   | [INFO] Downloaded from central: https://repo.maven.apache.org/maven2/org/codehaus/plexus/plexus-utils/1.0.4/plexus-utils-1.0.4.pom (6.9 kB at 857 kB/s)
[9dfc6403-bc38-46ad-8d50-6f892f3fb09c/build]   | [INFO] Downloading from central: https://repo.maven.apache.org/maven2/classworlds/classworlds/1.1-alpha-2/classworlds-1.1-alpha-2.pom
[9dfc6403-bc38-46ad-8d50-6f892f3fb09c/build]   | [INFO] Downloaded from central: https://repo.maven.apache.org/maven2/classworlds/classworlds/1.1-alpha-2/classworlds-1.1-alpha-2.pom (3.1 kB at 196 kB/s)
[9dfc6403-bc38-46ad-8d50-6f892f3fb09c/build]   | [INFO] Downloading from central: https://repo.maven.apache.org/maven2/org/apache/maven/maven-profile/2.0.6/maven-profile-2.0.6.pom
[9dfc6403-bc38-46ad-8d50-6f892f3fb09c/build]   | [INFO] Downloaded from central: https://repo.maven.apache.org/maven2/org/apache/maven/maven-profile/2.0.6/maven-profile-2.0.6.pom (2.0 kB at 283 kB/s)
[9dfc6403-bc38-46ad-8d50-6f892f3fb09c/build]   | [INFO] Downloading from central: https://repo.maven.apache.org/maven2/org/apache/maven/maven-artifact-manager/2.0.6/maven-artifact-manager-2.0.6.pom
[9dfc6403-bc38-46ad-8d50-6f892f3fb09c/build]   | [INFO] Downloaded from central: https://repo.maven.apache.org/maven2/org/apache/maven/maven-artifact-manager/2.0.6/maven-artifact-manager-2.0.6.pom (2.6 kB at 164 kB/s)
[9dfc6403-bc38-46ad-8d50-6f892f3fb09c/build]   | [INFO] Downloading from central: https://repo.maven.apache.org/maven2/org/apache/maven/maven-repository-metadata/2.0.6/maven-repository-metadata-2.0.6.pom
[9dfc6403-bc38-46ad-8d50-6f892f3fb09c/build]   | [INFO] Downloaded from central: https://repo.maven.apache.org/maven2/org/apache/maven/maven-repository-metadata/2.0.6/maven-repository-metadata-2.0.6.pom (1.9 kB at 109 kB/s)
[9dfc6403-bc38-46ad-8d50-6f892f3fb09c/build]   | [INFO] Downloading from central: https://repo.maven.apache.org/maven2/org/apache/maven/maven-artifact/2.0.6/maven-artifact-2.0.6.pom
[9dfc6403-bc38-46ad-8d50-6f892f3fb09c/build]   | [INFO] Downloaded from central: https://repo.maven.apache.org/maven2/org/apache/maven/maven-artifact/2.0.6/maven-artifact-2.0.6.pom (1.6 kB at 158 kB/s)
[9dfc6403-bc38-46ad-8d50-6f892f3fb09c/build]   | [INFO] Downloading from central: https://repo.maven.apache.org/maven2/org/apache/maven/maven-plugin-registry/2.0.6/maven-plugin-registry-2.0.6.pom
[9dfc6403-bc38-46ad-8d50-6f892f3fb09c/build]   | [INFO] Downloaded from central: https://repo.maven.apache.org/maven2/org/apache/maven/maven-plugin-registry/2.0.6/maven-plugin-registry-2.0.6.pom (1.9 kB at 102 kB/s)
[9dfc6403-bc38-46ad-8d50-6f892f3fb09c/build]   | [INFO] Downloading from central: https://repo.maven.apache.org/maven2/org/apache/maven/maven-core/2.0.6/maven-core-2.0.6.pom
[9dfc6403-bc38-46ad-8d50-6f892f3fb09c/build]   | [INFO] Downloaded from central: https://repo.maven.apache.org/maven2/org/apache/maven/maven-core/2.0.6/maven-core-2.0.6.pom (6.7 kB at 559 kB/s)
[9dfc6403-bc38-46ad-8d50-6f892f3fb09c/build]   | [INFO] Downloading from central: https://repo.maven.apache.org/maven2/org/apache/maven/maven-plugin-parameter-documenter/2.0.6/maven-plugin-parameter-documenter-2.0.6.pom
[9dfc6403-bc38-46ad-8d50-6f892f3fb09c/build]   | [INFO] Downloaded from central: https://repo.maven.apache.org/maven2/org/apache/maven/maven-plugin-parameter-documenter/2.0.6/maven-plugin-parameter-documenter-2.0.6.pom (1.9 kB at 239 kB/s)
[9dfc6403-bc38-46ad-8d50-6f892f3fb09c/build]   | [INFO] Downloading from central: https://repo.maven.apache.org/maven2/org/apache/maven/reporting/maven-reporting-api/2.0.6/maven-reporting-api-2.0.6.pom
[9dfc6403-bc38-46ad-8d50-6f892f3fb09c/build]   | [INFO] Downloaded from central: https://repo.maven.apache.org/maven2/org/apache/maven/reporting/maven-reporting-api/2.0.6/maven-reporting-api-2.0.6.pom (1.8 kB at 146 kB/s)
[9dfc6403-bc38-46ad-8d50-6f892f3fb09c/build]   | [INFO] Downloading from central: https://repo.maven.apache.org/maven2/org/apache/maven/reporting/maven-reporting/2.0.6/maven-reporting-2.0.6.pom
[9dfc6403-bc38-46ad-8d50-6f892f3fb09c/build]   | [INFO] Downloaded from central: https://repo.maven.apache.org/maven2/org/apache/maven/reporting/maven-reporting/2.0.6/maven-reporting-2.0.6.pom (1.4 kB at 180 kB/s)
[9dfc6403-bc38-46ad-8d50-6f892f3fb09c/build]   | [INFO] Downloading from central: https://repo.maven.apache.org/maven2/org/apache/maven/doxia/doxia-sink-api/1.0-alpha-7/doxia-sink-api-1.0-alpha-7.pom
[9dfc6403-bc38-46ad-8d50-6f892f3fb09c/build]   | [INFO] Downloaded from central: https://repo.maven.apache.org/maven2/org/apache/maven/doxia/doxia-sink-api/1.0-alpha-7/doxia-sink-api-1.0-alpha-7.pom (424 B at 39 kB/s)
[9dfc6403-bc38-46ad-8d50-6f892f3fb09c/build]   | [INFO] Downloading from central: https://repo.maven.apache.org/maven2/org/apache/maven/doxia/doxia/1.0-alpha-7/doxia-1.0-alpha-7.pom
[9dfc6403-bc38-46ad-8d50-6f892f3fb09c/build]   | [INFO] Downloaded from central: https://repo.maven.apache.org/maven2/org/apache/maven/doxia/doxia/1.0-alpha-7/doxia-1.0-alpha-7.pom (3.9 kB at 391 kB/s)
[9dfc6403-bc38-46ad-8d50-6f892f3fb09c/build]   | [INFO] Downloading from central: https://repo.maven.apache.org/maven2/org/apache/maven/maven-error-diagnostics/2.0.6/maven-error-diagnostics-2.0.6.pom
[9dfc6403-bc38-46ad-8d50-6f892f3fb09c/build]   | [INFO] Downloaded from central: https://repo.maven.apache.org/maven2/org/apache/maven/maven-error-diagnostics/2.0.6/maven-error-diagnostics-2.0.6.pom (1.7 kB at 155 kB/s)
[9dfc6403-bc38-46ad-8d50-6f892f3fb09c/build]   | [INFO] Downloading from central: https://repo.maven.apache.org/maven2/commons-cli/commons-cli/1.0/commons-cli-1.0.pom
[9dfc6403-bc38-46ad-8d50-6f892f3fb09c/build]   | [INFO] Downloaded from central: https://repo.maven.apache.org/maven2/commons-cli/commons-cli/1.0/commons-cli-1.0.pom (2.1 kB at 263 kB/s)
[9dfc6403-bc38-46ad-8d50-6f892f3fb09c/build]   | [INFO] Downloading from central: https://repo.maven.apache.org/maven2/org/apache/maven/maven-plugin-descriptor/2.0.6/maven-plugin-descriptor-2.0.6.pom
[9dfc6403-bc38-46ad-8d50-6f892f3fb09c/build]   | [INFO] Downloaded from central: https://repo.maven.apache.org/maven2/org/apache/maven/maven-plugin-descriptor/2.0.6/maven-plugin-descriptor-2.0.6.pom (2.0 kB at 106 kB/s)
[9dfc6403-bc38-46ad-8d50-6f892f3fb09c/build]   | [INFO] Downloading from central: https://repo.maven.apache.org/maven2/org/codehaus/plexus/plexus-interactivity-api/1.0-alpha-4/plexus-interactivity-api-1.0-alpha-4.pom
[9dfc6403-bc38-46ad-8d50-6f892f3fb09c/build]   | [INFO] Downloaded from central: https://repo.maven.apache.org/maven2/org/codehaus/plexus/plexus-interactivity-api/1.0-alpha-4/plexus-interactivity-api-1.0-alpha-4.pom (7.1 kB at 709 kB/s)
[9dfc6403-bc38-46ad-8d50-6f892f3fb09c/build]   | [INFO] Downloading from central: https://repo.maven.apache.org/maven2/org/apache/maven/maven-monitor/2.0.6/maven-monitor-2.0.6.pom
[9dfc6403-bc38-46ad-8d50-6f892f3fb09c/build]   | [INFO] Downloaded from central: https://repo.maven.apache.org/maven2/org/apache/maven/maven-monitor/2.0.6/maven-monitor-2.0.6.pom (1.3 kB at 157 kB/s)
[9dfc6403-bc38-46ad-8d50-6f892f3fb09c/build]   | [INFO] Downloading from central: https://repo.maven.apache.org/maven2/classworlds/classworlds/1.1/classworlds-1.1.pom
[9dfc6403-bc38-46ad-8d50-6f892f3fb09c/build]   | [INFO] Downloaded from central: https://repo.maven.apache.org/maven2/classworlds/classworlds/1.1/classworlds-1.1.pom (3.3 kB at 256 kB/s)
[9dfc6403-bc38-46ad-8d50-6f892f3fb09c/build]   | [INFO] Downloading from central: https://repo.maven.apache.org/maven2/org/codehaus/plexus/plexus-utils/2.0.5/plexus-utils-2.0.5.pom
[9dfc6403-bc38-46ad-8d50-6f892f3fb09c/build]   | [INFO] Downloaded from central: https://repo.maven.apache.org/maven2/org/codehaus/plexus/plexus-utils/2.0.5/plexus-utils-2.0.5.pom (3.3 kB at 256 kB/s)
[9dfc6403-bc38-46ad-8d50-6f892f3fb09c/build]   | [INFO] Downloading from central: https://repo.maven.apache.org/maven2/org/codehaus/plexus/plexus/2.0.6/plexus-2.0.6.pom
[9dfc6403-bc38-46ad-8d50-6f892f3fb09c/build]   | [INFO] Downloaded from central: https://repo.maven.apache.org/maven2/org/codehaus/plexus/plexus/2.0.6/plexus-2.0.6.pom (17 kB at 1.3 MB/s)
[9dfc6403-bc38-46ad-8d50-6f892f3fb09c/build]   | [INFO] Downloading from central: https://repo.maven.apache.org/maven2/org/apache/maven/shared/maven-filtering/1.1/maven-filtering-1.1.pom
[9dfc6403-bc38-46ad-8d50-6f892f3fb09c/build]   | [INFO] Downloaded from central: https://repo.maven.apache.org/maven2/org/apache/maven/shared/maven-filtering/1.1/maven-filtering-1.1.pom (5.8 kB at 643 kB/s)
[9dfc6403-bc38-46ad-8d50-6f892f3fb09c/build]   | [INFO] Downloading from central: https://repo.maven.apache.org/maven2/org/apache/maven/shared/maven-shared-components/17/maven-shared-components-17.pom
[9dfc6403-bc38-46ad-8d50-6f892f3fb09c/build]   | [INFO] Downloaded from central: https://repo.maven.apache.org/maven2/org/apache/maven/shared/maven-shared-components/17/maven-shared-components-17.pom (8.7 kB at 967 kB/s)
[9dfc6403-bc38-46ad-8d50-6f892f3fb09c/build]   | [INFO] Downloading from central: https://repo.maven.apache.org/maven2/org/apache/maven/maven-parent/21/maven-parent-21.pom
[9dfc6403-bc38-46ad-8d50-6f892f3fb09c/build]   | [INFO] Downloaded from central: https://repo.maven.apache.org/maven2/org/apache/maven/maven-parent/21/maven-parent-21.pom (26 kB at 2.2 MB/s)
[9dfc6403-bc38-46ad-8d50-6f892f3fb09c/build]   | [INFO] Downloading from central: https://repo.maven.apache.org/maven2/org/apache/apache/10/apache-10.pom
[9dfc6403-bc38-46ad-8d50-6f892f3fb09c/build]   | [INFO] Downloaded from central: https://repo.maven.apache.org/maven2/org/apache/apache/10/apache-10.pom (15 kB at 411 kB/s)
[9dfc6403-bc38-46ad-8d50-6f892f3fb09c/build]   | [INFO] Downloading from central: https://repo.maven.apache.org/maven2/org/codehaus/plexus/plexus-utils/1.5.15/plexus-utils-1.5.15.pom
[9dfc6403-bc38-46ad-8d50-6f892f3fb09c/build]   | [INFO] Downloaded from central: https://repo.maven.apache.org/maven2/org/codehaus/plexus/plexus-utils/1.5.15/plexus-utils-1.5.15.pom (6.8 kB at 263 kB/s)
[9dfc6403-bc38-46ad-8d50-6f892f3fb09c/build]   | [INFO] Downloading from central: https://repo.maven.apache.org/maven2/org/codehaus/plexus/plexus/2.0.2/plexus-2.0.2.pom
[9dfc6403-bc38-46ad-8d50-6f892f3fb09c/build]   | [INFO] Downloaded from central: https://repo.maven.apache.org/maven2/org/codehaus/plexus/plexus/2.0.2/plexus-2.0.2.pom (12 kB at 580 kB/s)
[9dfc6403-bc38-46ad-8d50-6f892f3fb09c/build]   | [INFO] Downloading from central: https://repo.maven.apache.org/maven2/org/codehaus/plexus/plexus-interpolation/1.12/plexus-interpolation-1.12.pom
[9dfc6403-bc38-46ad-8d50-6f892f3fb09c/build]   | [INFO] Downloaded from central: https://repo.maven.apache.org/maven2/org/codehaus/plexus/plexus-interpolation/1.12/plexus-interpolation-1.12.pom (889 B at 33 kB/s)
[9dfc6403-bc38-46ad-8d50-6f892f3fb09c/build]   | [INFO] Downloading from central: https://repo.maven.apache.org/maven2/org/codehaus/plexus/plexus-components/1.1.14/plexus-components-1.1.14.pom
[9dfc6403-bc38-46ad-8d50-6f892f3fb09c/build]   | [INFO] Downloaded from central: https://repo.maven.apache.org/maven2/org/codehaus/plexus/plexus-components/1.1.14/plexus-components-1.1.14.pom (5.8 kB at 177 kB/s)
[9dfc6403-bc38-46ad-8d50-6f892f3fb09c/build]   | [INFO] Downloading from central: https://repo.maven.apache.org/maven2/org/sonatype/plexus/plexus-build-api/0.0.4/plexus-build-api-0.0.4.pom
[9dfc6403-bc38-46ad-8d50-6f892f3fb09c/build]   | [INFO] Downloaded from central: https://repo.maven.apache.org/maven2/org/sonatype/plexus/plexus-build-api/0.0.4/plexus-build-api-0.0.4.pom (2.9 kB at 57 kB/s)
[9dfc6403-bc38-46ad-8d50-6f892f3fb09c/build]   | [INFO] Downloading from central: https://repo.maven.apache.org/maven2/org/sonatype/spice/spice-parent/10/spice-parent-10.pom
[9dfc6403-bc38-46ad-8d50-6f892f3fb09c/build]   | [INFO] Downloaded from central: https://repo.maven.apache.org/maven2/org/sonatype/spice/spice-parent/10/spice-parent-10.pom (3.0 kB at 97 kB/s)
[9dfc6403-bc38-46ad-8d50-6f892f3fb09c/build]   | [INFO] Downloading from central: https://repo.maven.apache.org/maven2/org/sonatype/forge/forge-parent/3/forge-parent-3.pom
[9dfc6403-bc38-46ad-8d50-6f892f3fb09c/build]   | [INFO] Downloaded from central: https://repo.maven.apache.org/maven2/org/sonatype/forge/forge-parent/3/forge-parent-3.pom (5.0 kB at 201 kB/s)
[9dfc6403-bc38-46ad-8d50-6f892f3fb09c/build]   | [INFO] Downloading from central: https://repo.maven.apache.org/maven2/org/codehaus/plexus/plexus-utils/1.5.8/plexus-utils-1.5.8.pom
[9dfc6403-bc38-46ad-8d50-6f892f3fb09c/build]   | [INFO] Downloaded from central: https://repo.maven.apache.org/maven2/org/codehaus/plexus/plexus-utils/1.5.8/plexus-utils-1.5.8.pom (8.1 kB at 269 kB/s)
[9dfc6403-bc38-46ad-8d50-6f892f3fb09c/build]   | [INFO] Downloading from central: https://repo.maven.apache.org/maven2/org/codehaus/plexus/plexus-interpolation/1.13/plexus-interpolation-1.13.pom
[9dfc6403-bc38-46ad-8d50-6f892f3fb09c/build]   | [INFO] Downloaded from central: https://repo.maven.apache.org/maven2/org/codehaus/plexus/plexus-interpolation/1.13/plexus-interpolation-1.13.pom (890 B at 40 kB/s)
[9dfc6403-bc38-46ad-8d50-6f892f3fb09c/build]   | [INFO] Downloading from central: https://repo.maven.apache.org/maven2/org/codehaus/plexus/plexus-components/1.1.15/plexus-components-1.1.15.pom
[9dfc6403-bc38-46ad-8d50-6f892f3fb09c/build]   | [INFO] Downloaded from central: https://repo.maven.apache.org/maven2/org/codehaus/plexus/plexus-components/1.1.15/plexus-components-1.1.15.pom (2.8 kB at 105 kB/s)
[9dfc6403-bc38-46ad-8d50-6f892f3fb09c/build]   | [INFO] Downloading from central: https://repo.maven.apache.org/maven2/org/codehaus/plexus/plexus/2.0.3/plexus-2.0.3.pom
[9dfc6403-bc38-46ad-8d50-6f892f3fb09c/build]   | [INFO] Downloaded from central: https://repo.maven.apache.org/maven2/org/codehaus/plexus/plexus/2.0.3/plexus-2.0.3.pom (15 kB at 533 kB/s)
[9dfc6403-bc38-46ad-8d50-6f892f3fb09c/build]   | [INFO] Downloading from central: https://repo.maven.apache.org/maven2/org/apache/maven/maven-plugin-api/2.0.6/maven-plugin-api-2.0.6.jar
[9dfc6403-bc38-46ad-8d50-6f892f3fb09c/build]   | [INFO] Downloading from central: https://repo.maven.apache.org/maven2/org/apache/maven/maven-project/2.0.6/maven-project-2.0.6.jar
[9dfc6403-bc38-46ad-8d50-6f892f3fb09c/build]   | [INFO] Downloading from central: https://repo.maven.apache.org/maven2/org/apache/maven/maven-profile/2.0.6/maven-profile-2.0.6.jar
[9dfc6403-bc38-46ad-8d50-6f892f3fb09c/build]   | [INFO] Downloading from central: https://repo.maven.apache.org/maven2/org/apache/maven/maven-artifact-manager/2.0.6/maven-artifact-manager-2.0.6.jar
[9dfc6403-bc38-46ad-8d50-6f892f3fb09c/build]   | [INFO] Downloading from central: https://repo.maven.apache.org/maven2/org/apache/maven/maven-plugin-registry/2.0.6/maven-plugin-registry-2.0.6.jar
[9dfc6403-bc38-46ad-8d50-6f892f3fb09c/build]   | [INFO] Downloaded from central: https://repo.maven.apache.org/maven2/org/apache/maven/maven-profile/2.0.6/maven-profile-2.0.6.jar (35 kB at 1.0 MB/s)
[9dfc6403-bc38-46ad-8d50-6f892f3fb09c/build]   | [INFO] Downloading from central: https://repo.maven.apache.org/maven2/org/apache/maven/maven-core/2.0.6/maven-core-2.0.6.jar
[9dfc6403-bc38-46ad-8d50-6f892f3fb09c/build]   | [INFO] Downloaded from central: https://repo.maven.apache.org/maven2/org/apache/maven/maven-plugin-api/2.0.6/maven-plugin-api-2.0.6.jar (13 kB at 129 kB/s)
[9dfc6403-bc38-46ad-8d50-6f892f3fb09c/build]   | [INFO] Downloading from central: https://repo.maven.apache.org/maven2/org/apache/maven/maven-plugin-parameter-documenter/2.0.6/maven-plugin-parameter-documenter-2.0.6.jar
[9dfc6403-bc38-46ad-8d50-6f892f3fb09c/build]   | [INFO] Downloaded from central: https://repo.maven.apache.org/maven2/org/apache/maven/maven-plugin-registry/2.0.6/maven-plugin-registry-2.0.6.jar (29 kB at 445 kB/s)
[9dfc6403-bc38-46ad-8d50-6f892f3fb09c/build]   | [INFO] Downloading from central: https://repo.maven.apache.org/maven2/org/apache/maven/reporting/maven-reporting-api/2.0.6/maven-reporting-api-2.0.6.jar
[9dfc6403-bc38-46ad-8d50-6f892f3fb09c/build]   | [INFO] Downloaded from central: https://repo.maven.apache.org/maven2/org/apache/maven/reporting/maven-reporting-api/2.0.6/maven-reporting-api-2.0.6.jar (9.9 kB at 116 kB/s)
[9dfc6403-bc38-46ad-8d50-6f892f3fb09c/build]   | [INFO] Downloading from central: https://repo.maven.apache.org/maven2/org/apache/maven/doxia/doxia-sink-api/1.0-alpha-7/doxia-sink-api-1.0-alpha-7.jar
[9dfc6403-bc38-46ad-8d50-6f892f3fb09c/build]   | [INFO] Downloaded from central: https://repo.maven.apache.org/maven2/org/apache/maven/maven-project/2.0.6/maven-project-2.0.6.jar (116 kB at 1.1 MB/s)
[9dfc6403-bc38-46ad-8d50-6f892f3fb09c/build]   | [INFO] Downloading from central: https://repo.maven.apache.org/maven2/org/apache/maven/maven-repository-metadata/2.0.6/maven-repository-metadata-2.0.6.jar
[9dfc6403-bc38-46ad-8d50-6f892f3fb09c/build]   | [INFO] Downloaded from central: https://repo.maven.apache.org/maven2/org/apache/maven/maven-artifact-manager/2.0.6/maven-artifact-manager-2.0.6.jar (57 kB at 533 kB/s)
[9dfc6403-bc38-46ad-8d50-6f892f3fb09c/build]   | [INFO] Downloading from central: https://repo.maven.apache.org/maven2/org/apache/maven/maven-error-diagnostics/2.0.6/maven-error-diagnostics-2.0.6.jar
[9dfc6403-bc38-46ad-8d50-6f892f3fb09c/build]   | [INFO] Downloaded from central: https://repo.maven.apache.org/maven2/org/apache/maven/maven-plugin-parameter-documenter/2.0.6/maven-plugin-parameter-documenter-2.0.6.jar (21 kB at 202 kB/s)
[9dfc6403-bc38-46ad-8d50-6f892f3fb09c/build]   | [INFO] Downloading from central: https://repo.maven.apache.org/maven2/commons-cli/commons-cli/1.0/commons-cli-1.0.jar
[9dfc6403-bc38-46ad-8d50-6f892f3fb09c/build]   | [INFO] Downloaded from central: https://repo.maven.apache.org/maven2/org/apache/maven/doxia/doxia-sink-api/1.0-alpha-7/doxia-sink-api-1.0-alpha-7.jar (5.9 kB at 45 kB/s)
[9dfc6403-bc38-46ad-8d50-6f892f3fb09c/build]   | [INFO] Downloading from central: https://repo.maven.apache.org/maven2/org/apache/maven/maven-plugin-descriptor/2.0.6/maven-plugin-descriptor-2.0.6.jar
[9dfc6403-bc38-46ad-8d50-6f892f3fb09c/build]   | [INFO] Downloaded from central: https://repo.maven.apache.org/maven2/org/apache/maven/maven-error-diagnostics/2.0.6/maven-error-diagnostics-2.0.6.jar (14 kB at 96 kB/s)
[9dfc6403-bc38-46ad-8d50-6f892f3fb09c/build]   | [INFO] Downloading from central: https://repo.maven.apache.org/maven2/org/codehaus/plexus/plexus-interactivity-api/1.0-alpha-4/plexus-interactivity-api-1.0-alpha-4.jar
[9dfc6403-bc38-46ad-8d50-6f892f3fb09c/build]   | [INFO] Downloaded from central: https://repo.maven.apache.org/maven2/commons-cli/commons-cli/1.0/commons-cli-1.0.jar (30 kB at 203 kB/s)
[9dfc6403-bc38-46ad-8d50-6f892f3fb09c/build]   | [INFO] Downloading from central: https://repo.maven.apache.org/maven2/classworlds/classworlds/1.1/classworlds-1.1.jar
[9dfc6403-bc38-46ad-8d50-6f892f3fb09c/build]   | [INFO] Downloaded from central: https://repo.maven.apache.org/maven2/org/apache/maven/maven-core/2.0.6/maven-core-2.0.6.jar (152 kB at 1.0 MB/s)
[9dfc6403-bc38-46ad-8d50-6f892f3fb09c/build]   | [INFO] Downloading from central: https://repo.maven.apache.org/maven2/org/apache/maven/maven-artifact/2.0.6/maven-artifact-2.0.6.jar
[9dfc6403-bc38-46ad-8d50-6f892f3fb09c/build]   | [INFO] Downloaded from central: https://repo.maven.apache.org/maven2/org/apache/maven/maven-repository-metadata/2.0.6/maven-repository-metadata-2.0.6.jar (24 kB at 153 kB/s)
[9dfc6403-bc38-46ad-8d50-6f892f3fb09c/build]   | [INFO] Downloading from central: https://repo.maven.apache.org/maven2/org/apache/maven/maven-settings/2.0.6/maven-settings-2.0.6.jar
[9dfc6403-bc38-46ad-8d50-6f892f3fb09c/build]   | [INFO] Downloaded from central: https://repo.maven.apache.org/maven2/org/apache/maven/maven-plugin-descriptor/2.0.6/maven-plugin-descriptor-2.0.6.jar (37 kB at 183 kB/s)
[9dfc6403-bc38-46ad-8d50-6f892f3fb09c/build]   | [INFO] Downloading from central: https://repo.maven.apache.org/maven2/org/apache/maven/maven-model/2.0.6/maven-model-2.0.6.jar
[9dfc6403-bc38-46ad-8d50-6f892f3fb09c/build]   | [INFO] Downloaded from central: https://repo.maven.apache.org/maven2/org/codehaus/plexus/plexus-interactivity-api/1.0-alpha-4/plexus-interactivity-api-1.0-alpha-4.jar (13 kB at 67 kB/s)
[9dfc6403-bc38-46ad-8d50-6f892f3fb09c/build]   | [INFO] Downloading from central: https://repo.maven.apache.org/maven2/org/apache/maven/maven-monitor/2.0.6/maven-monitor-2.0.6.jar
[9dfc6403-bc38-46ad-8d50-6f892f3fb09c/build]   | [INFO] Downloaded from central: https://repo.maven.apache.org/maven2/classworlds/classworlds/1.1/classworlds-1.1.jar (38 kB at 184 kB/s)
[9dfc6403-bc38-46ad-8d50-6f892f3fb09c/build]   | [INFO] Downloading from central: https://repo.maven.apache.org/maven2/org/codehaus/plexus/plexus-container-default/1.0-alpha-9-stable-1/plexus-container-default-1.0-alpha-9-stable-1.jar
[9dfc6403-bc38-46ad-8d50-6f892f3fb09c/build]   | [INFO] Downloaded from central: https://repo.maven.apache.org/maven2/org/apache/maven/maven-artifact/2.0.6/maven-artifact-2.0.6.jar (87 kB at 422 kB/s)
[9dfc6403-bc38-46ad-8d50-6f892f3fb09c/build]   | [INFO] Downloading from central: https://repo.maven.apache.org/maven2/junit/junit/3.8.1/junit-3.8.1.jar
[9dfc6403-bc38-46ad-8d50-6f892f3fb09c/build]   | [INFO] Downloaded from central: https://repo.maven.apache.org/maven2/org/apache/maven/maven-settings/2.0.6/maven-settings-2.0.6.jar (49 kB at 227 kB/s)
[9dfc6403-bc38-46ad-8d50-6f892f3fb09c/build]   | [INFO] Downloading from central: https://repo.maven.apache.org/maven2/org/codehaus/plexus/plexus-utils/2.0.5/plexus-utils-2.0.5.jar
[9dfc6403-bc38-46ad-8d50-6f892f3fb09c/build]   | [INFO] Downloaded from central: https://repo.maven.apache.org/maven2/org/apache/maven/maven-monitor/2.0.6/maven-monitor-2.0.6.jar (10 kB at 45 kB/s)
[9dfc6403-bc38-46ad-8d50-6f892f3fb09c/build]   | [INFO] Downloading from central: https://repo.maven.apache.org/maven2/org/apache/maven/shared/maven-filtering/1.1/maven-filtering-1.1.jar
[9dfc6403-bc38-46ad-8d50-6f892f3fb09c/build]   | [INFO] Downloaded from central: https://repo.maven.apache.org/maven2/org/apache/maven/maven-model/2.0.6/maven-model-2.0.6.jar (86 kB at 316 kB/s)
[9dfc6403-bc38-46ad-8d50-6f892f3fb09c/build]   | [INFO] Downloading from central: https://repo.maven.apache.org/maven2/org/sonatype/plexus/plexus-build-api/0.0.4/plexus-build-api-0.0.4.jar
[9dfc6403-bc38-46ad-8d50-6f892f3fb09c/build]   | [INFO] Downloaded from central: https://repo.maven.apache.org/maven2/org/sonatype/plexus/plexus-build-api/0.0.4/plexus-build-api-0.0.4.jar (6.8 kB at 22 kB/s)
[9dfc6403-bc38-46ad-8d50-6f892f3fb09c/build]   | [INFO] Downloading from central: https://repo.maven.apache.org/maven2/org/codehaus/plexus/plexus-interpolation/1.13/plexus-interpolation-1.13.jar
[9dfc6403-bc38-46ad-8d50-6f892f3fb09c/build]   | [INFO] Downloaded from central: https://repo.maven.apache.org/maven2/org/codehaus/plexus/plexus-interpolation/1.13/plexus-interpolation-1.13.jar (61 kB at 177 kB/s)
[9dfc6403-bc38-46ad-8d50-6f892f3fb09c/build]   | [INFO] Downloaded from central: https://repo.maven.apache.org/maven2/org/apache/maven/shared/maven-filtering/1.1/maven-filtering-1.1.jar (43 kB at 124 kB/s)
[9dfc6403-bc38-46ad-8d50-6f892f3fb09c/build]   | [INFO] Downloaded from central: https://repo.maven.apache.org/maven2/org/codehaus/plexus/plexus-container-default/1.0-alpha-9-stable-1/plexus-container-default-1.0-alpha-9-stable-1.jar (194 kB at 383 kB/s)
[9dfc6403-bc38-46ad-8d50-6f892f3fb09c/build]   | [INFO] Downloaded from central: https://repo.maven.apache.org/maven2/junit/junit/3.8.1/junit-3.8.1.jar (121 kB at 236 kB/s)
[9dfc6403-bc38-46ad-8d50-6f892f3fb09c/build]   | [INFO] Downloaded from central: https://repo.maven.apache.org/maven2/org/codehaus/plexus/plexus-utils/2.0.5/plexus-utils-2.0.5.jar (223 kB at 398 kB/s)
[9dfc6403-bc38-46ad-8d50-6f892f3fb09c/build]   | [INFO] Using 'UTF-8' encoding to copy filtered resources.
[9dfc6403-bc38-46ad-8d50-6f892f3fb09c/build]   | [INFO] Copying 2 resources
[9dfc6403-bc38-46ad-8d50-6f892f3fb09c/build]   | [INFO] 
[9dfc6403-bc38-46ad-8d50-6f892f3fb09c/build]   | [INFO] --- maven-compiler-plugin:3.1:compile (default-compile) @ jwarc ---
[9dfc6403-bc38-46ad-8d50-6f892f3fb09c/build]   | [INFO] Downloading from central: https://repo.maven.apache.org/maven2/org/apache/maven/maven-plugin-api/2.0.9/maven-plugin-api-2.0.9.pom
[9dfc6403-bc38-46ad-8d50-6f892f3fb09c/build]   | [INFO] Downloaded from central: https://repo.maven.apache.org/maven2/org/apache/maven/maven-plugin-api/2.0.9/maven-plugin-api-2.0.9.pom (1.5 kB at 107 kB/s)
[9dfc6403-bc38-46ad-8d50-6f892f3fb09c/build]   | [INFO] Downloading from central: https://repo.maven.apache.org/maven2/org/apache/maven/maven/2.0.9/maven-2.0.9.pom
[9dfc6403-bc38-46ad-8d50-6f892f3fb09c/build]   | [INFO] Downloaded from central: https://repo.maven.apache.org/maven2/org/apache/maven/maven/2.0.9/maven-2.0.9.pom (19 kB at 995 kB/s)
[9dfc6403-bc38-46ad-8d50-6f892f3fb09c/build]   | [INFO] Downloading from central: https://repo.maven.apache.org/maven2/org/apache/maven/maven-parent/8/maven-parent-8.pom
[9dfc6403-bc38-46ad-8d50-6f892f3fb09c/build]   | [INFO] Downloaded from central: https://repo.maven.apache.org/maven2/org/apache/maven/maven-parent/8/maven-parent-8.pom (24 kB at 754 kB/s)
[9dfc6403-bc38-46ad-8d50-6f892f3fb09c/build]   | [INFO] Downloading from central: https://repo.maven.apache.org/maven2/org/apache/apache/4/apache-4.pom
[9dfc6403-bc38-46ad-8d50-6f892f3fb09c/build]   | [INFO] Downloaded from central: https://repo.maven.apache.org/maven2/org/apache/apache/4/apache-4.pom (4.5 kB at 250 kB/s)
[9dfc6403-bc38-46ad-8d50-6f892f3fb09c/build]   | [INFO] Downloading from central: https://repo.maven.apache.org/maven2/org/apache/maven/maven-artifact/2.0.9/maven-artifact-2.0.9.pom
[9dfc6403-bc38-46ad-8d50-6f892f3fb09c/build]   | [INFO] Downloaded from central: https://repo.maven.apache.org/maven2/org/apache/maven/maven-artifact/2.0.9/maven-artifact-2.0.9.pom (1.6 kB at 135 kB/s)
[9dfc6403-bc38-46ad-8d50-6f892f3fb09c/build]   | [INFO] Downloading from central: https://repo.maven.apache.org/maven2/org/codehaus/plexus/plexus-utils/1.5.1/plexus-utils-1.5.1.pom
[9dfc6403-bc38-46ad-8d50-6f892f3fb09c/build]   | [INFO] Downloaded from central: https://repo.maven.apache.org/maven2/org/codehaus/plexus/plexus-utils/1.5.1/plexus-utils-1.5.1.pom (2.3 kB at 144 kB/s)
[9dfc6403-bc38-46ad-8d50-6f892f3fb09c/build]   | [INFO] Downloading from central: https://repo.maven.apache.org/maven2/org/apache/maven/maven-core/2.0.9/maven-core-2.0.9.pom
[9dfc6403-bc38-46ad-8d50-6f892f3fb09c/build]   | [INFO] Downloaded from central: https://repo.maven.apache.org/maven2/org/apache/maven/maven-core/2.0.9/maven-core-2.0.9.pom (7.8 kB at 324 kB/s)
[9dfc6403-bc38-46ad-8d50-6f892f3fb09c/build]   | [INFO] Downloading from central: https://repo.maven.apache.org/maven2/org/apache/maven/maven-settings/2.0.9/maven-settings-2.0.9.pom
[9dfc6403-bc38-46ad-8d50-6f892f3fb09c/build]   | [INFO] Downloaded from central: https://repo.maven.apache.org/maven2/org/apache/maven/maven-settings/2.0.9/maven-settings-2.0.9.pom (2.1 kB at 229 kB/s)
[9dfc6403-bc38-46ad-8d50-6f892f3fb09c/build]   | [INFO] Downloading from central: https://repo.maven.apache.org/maven2/org/apache/maven/maven-model/2.0.9/maven-model-2.0.9.pom
[9dfc6403-bc38-46ad-8d50-6f892f3fb09c/build]   | [INFO] Downloaded from central: https://repo.maven.apache.org/maven2/org/apache/maven/maven-model/2.0.9/maven-model-2.0.9.pom (3.1 kB at 523 kB/s)
[9dfc6403-bc38-46ad-8d50-6f892f3fb09c/build]   | [INFO] Downloading from central: https://repo.maven.apache.org/maven2/org/apache/maven/maven-plugin-parameter-documenter/2.0.9/maven-plugin-parameter-documenter-2.0.9.pom
[9dfc6403-bc38-46ad-8d50-6f892f3fb09c/build]   | [INFO] Downloaded from central: https://repo.maven.apache.org/maven2/org/apache/maven/maven-plugin-parameter-documenter/2.0.9/maven-plugin-parameter-documenter-2.0.9.pom (2.0 kB at 246 kB/s)
[9dfc6403-bc38-46ad-8d50-6f892f3fb09c/build]   | [INFO] Downloading from central: https://repo.maven.apache.org/maven2/org/apache/maven/maven-profile/2.0.9/maven-profile-2.0.9.pom
[9dfc6403-bc38-46ad-8d50-6f892f3fb09c/build]   | [INFO] Downloaded from central: https://repo.maven.apache.org/maven2/org/apache/maven/maven-profile/2.0.9/maven-profile-2.0.9.pom (2.0 kB at 410 kB/s)
[9dfc6403-bc38-46ad-8d50-6f892f3fb09c/build]   | [INFO] Downloading from central: https://repo.maven.apache.org/maven2/org/apache/maven/maven-repository-metadata/2.0.9/maven-repository-metadata-2.0.9.pom
[9dfc6403-bc38-46ad-8d50-6f892f3fb09c/build]   | [INFO] Downloaded from central: https://repo.maven.apache.org/maven2/org/apache/maven/maven-repository-metadata/2.0.9/maven-repository-metadata-2.0.9.pom (1.9 kB at 317 kB/s)
[9dfc6403-bc38-46ad-8d50-6f892f3fb09c/build]   | [INFO] Downloading from central: https://repo.maven.apache.org/maven2/org/apache/maven/maven-error-diagnostics/2.0.9/maven-error-diagnostics-2.0.9.pom
[9dfc6403-bc38-46ad-8d50-6f892f3fb09c/build]   | [INFO] Downloaded from central: https://repo.maven.apache.org/maven2/org/apache/maven/maven-error-diagnostics/2.0.9/maven-error-diagnostics-2.0.9.pom (1.7 kB at 218 kB/s)
[9dfc6403-bc38-46ad-8d50-6f892f3fb09c/build]   | [INFO] Downloading from central: https://repo.maven.apache.org/maven2/org/apache/maven/maven-project/2.0.9/maven-project-2.0.9.pom
[9dfc6403-bc38-46ad-8d50-6f892f3fb09c/build]   | [INFO] Downloaded from central: https://repo.maven.apache.org/maven2/org/apache/maven/maven-project/2.0.9/maven-project-2.0.9.pom (2.7 kB at 271 kB/s)
[9dfc6403-bc38-46ad-8d50-6f892f3fb09c/build]   | [INFO] Downloading from central: https://repo.maven.apache.org/maven2/org/apache/maven/maven-artifact-manager/2.0.9/maven-artifact-manager-2.0.9.pom
[9dfc6403-bc38-46ad-8d50-6f892f3fb09c/build]   | [INFO] Downloaded from central: https://repo.maven.apache.org/maven2/org/apache/maven/maven-artifact-manager/2.0.9/maven-artifact-manager-2.0.9.pom (2.7 kB at 104 kB/s)
[9dfc6403-bc38-46ad-8d50-6f892f3fb09c/build]   | [INFO] Downloading from central: https://repo.maven.apache.org/maven2/org/apache/maven/maven-plugin-registry/2.0.9/maven-plugin-registry-2.0.9.pom
[9dfc6403-bc38-46ad-8d50-6f892f3fb09c/build]   | [INFO] Downloaded from central: https://repo.maven.apache.org/maven2/org/apache/maven/maven-plugin-registry/2.0.9/maven-plugin-registry-2.0.9.pom (2.0 kB at 86 kB/s)
[9dfc6403-bc38-46ad-8d50-6f892f3fb09c/build]   | [INFO] Downloading from central: https://repo.maven.apache.org/maven2/org/apache/maven/maven-plugin-descriptor/2.0.9/maven-plugin-descriptor-2.0.9.pom
[9dfc6403-bc38-46ad-8d50-6f892f3fb09c/build]   | [INFO] Downloaded from central: https://repo.maven.apache.org/maven2/org/apache/maven/maven-plugin-descriptor/2.0.9/maven-plugin-descriptor-2.0.9.pom (2.1 kB at 63 kB/s)
[9dfc6403-bc38-46ad-8d50-6f892f3fb09c/build]   | [INFO] Downloading from central: https://repo.maven.apache.org/maven2/org/apache/maven/maven-monitor/2.0.9/maven-monitor-2.0.9.pom
[9dfc6403-bc38-46ad-8d50-6f892f3fb09c/build]   | [INFO] Downloaded from central: https://repo.maven.apache.org/maven2/org/apache/maven/maven-monitor/2.0.9/maven-monitor-2.0.9.pom (1.3 kB at 48 kB/s)
[9dfc6403-bc38-46ad-8d50-6f892f3fb09c/build]   | [INFO] Downloading from central: https://repo.maven.apache.org/maven2/org/apache/maven/maven-toolchain/1.0/maven-toolchain-1.0.pom
[9dfc6403-bc38-46ad-8d50-6f892f3fb09c/build]   | [INFO] Downloaded from central: https://repo.maven.apache.org/maven2/org/apache/maven/maven-toolchain/1.0/maven-toolchain-1.0.pom (3.4 kB at 171 kB/s)
[9dfc6403-bc38-46ad-8d50-6f892f3fb09c/build]   | [INFO] Downloading from central: https://repo.maven.apache.org/maven2/org/apache/maven/shared/maven-shared-utils/0.1/maven-shared-utils-0.1.pom
[9dfc6403-bc38-46ad-8d50-6f892f3fb09c/build]   | [INFO] Downloaded from central: https://repo.maven.apache.org/maven2/org/apache/maven/shared/maven-shared-utils/0.1/maven-shared-utils-0.1.pom (4.0 kB at 213 kB/s)
[9dfc6403-bc38-46ad-8d50-6f892f3fb09c/build]   | [INFO] Downloading from central: https://repo.maven.apache.org/maven2/org/apache/maven/shared/maven-shared-components/18/maven-shared-components-18.pom
[9dfc6403-bc38-46ad-8d50-6f892f3fb09c/build]   | [INFO] Downloaded from central: https://repo.maven.apache.org/maven2/org/apache/maven/shared/maven-shared-components/18/maven-shared-components-18.pom (4.9 kB at 260 kB/s)
[9dfc6403-bc38-46ad-8d50-6f892f3fb09c/build]   | [INFO] Downloading from central: https://repo.maven.apache.org/maven2/com/google/code/findbugs/jsr305/2.0.1/jsr305-2.0.1.pom
[9dfc6403-bc38-46ad-8d50-6f892f3fb09c/build]   | [INFO] Downloaded from central: https://repo.maven.apache.org/maven2/com/google/code/findbugs/jsr305/2.0.1/jsr305-2.0.1.pom (965 B at 31 kB/s)
[9dfc6403-bc38-46ad-8d50-6f892f3fb09c/build]   | [INFO] Downloading from central: https://repo.maven.apache.org/maven2/org/apache/maven/shared/maven-shared-incremental/1.1/maven-shared-incremental-1.1.pom
[9dfc6403-bc38-46ad-8d50-6f892f3fb09c/build]   | [INFO] Downloaded from central: https://repo.maven.apache.org/maven2/org/apache/maven/shared/maven-shared-incremental/1.1/maven-shared-incremental-1.1.pom (4.7 kB at 237 kB/s)
[9dfc6403-bc38-46ad-8d50-6f892f3fb09c/build]   | [INFO] Downloading from central: https://repo.maven.apache.org/maven2/org/apache/maven/shared/maven-shared-components/19/maven-shared-components-19.pom
[9dfc6403-bc38-46ad-8d50-6f892f3fb09c/build]   | [INFO] Downloaded from central: https://repo.maven.apache.org/maven2/org/apache/maven/shared/maven-shared-components/19/maven-shared-components-19.pom (6.4 kB at 335 kB/s)
[9dfc6403-bc38-46ad-8d50-6f892f3fb09c/build]   | [INFO] Downloading from central: https://repo.maven.apache.org/maven2/org/apache/maven/maven-plugin-api/2.2.1/maven-plugin-api-2.2.1.pom
[9dfc6403-bc38-46ad-8d50-6f892f3fb09c/build]   | [INFO] Downloaded from central: https://repo.maven.apache.org/maven2/org/apache/maven/maven-plugin-api/2.2.1/maven-plugin-api-2.2.1.pom (1.5 kB at 66 kB/s)
[9dfc6403-bc38-46ad-8d50-6f892f3fb09c/build]   | [INFO] Downloading from central: https://repo.maven.apache.org/maven2/org/apache/maven/maven/2.2.1/maven-2.2.1.pom
[9dfc6403-bc38-46ad-8d50-6f892f3fb09c/build]   | [INFO] Downloaded from central: https://repo.maven.apache.org/maven2/org/apache/maven/maven/2.2.1/maven-2.2.1.pom (22 kB at 773 kB/s)
[9dfc6403-bc38-46ad-8d50-6f892f3fb09c/build]   | [INFO] Downloading from central: https://repo.maven.apache.org/maven2/org/apache/maven/maven-parent/11/maven-parent-11.pom
[9dfc6403-bc38-46ad-8d50-6f892f3fb09c/build]   | [INFO] Downloaded from central: https://repo.maven.apache.org/maven2/org/apache/maven/maven-parent/11/maven-parent-11.pom (32 kB at 1.5 MB/s)
[9dfc6403-bc38-46ad-8d50-6f892f3fb09c/build]   | [INFO] Downloading from central: https://repo.maven.apache.org/maven2/org/apache/apache/5/apache-5.pom
[9dfc6403-bc38-46ad-8d50-6f892f3fb09c/build]   | [INFO] Downloaded from central: https://repo.maven.apache.org/maven2/org/apache/apache/5/apache-5.pom (4.1 kB at 372 kB/s)
[9dfc6403-bc38-46ad-8d50-6f892f3fb09c/build]   | [INFO] Downloading from central: https://repo.maven.apache.org/maven2/org/apache/maven/maven-core/2.2.1/maven-core-2.2.1.pom
[9dfc6403-bc38-46ad-8d50-6f892f3fb09c/build]   | [INFO] Downloaded from central: https://repo.maven.apache.org/maven2/org/apache/maven/maven-core/2.2.1/maven-core-2.2.1.pom (12 kB at 1.1 MB/s)
[9dfc6403-bc38-46ad-8d50-6f892f3fb09c/build]   | [INFO] Downloading from central: https://repo.maven.apache.org/maven2/org/apache/maven/maven-settings/2.2.1/maven-settings-2.2.1.pom
[9dfc6403-bc38-46ad-8d50-6f892f3fb09c/build]   | [INFO] Downloaded from central: https://repo.maven.apache.org/maven2/org/apache/maven/maven-settings/2.2.1/maven-settings-2.2.1.pom (2.2 kB at 128 kB/s)
[9dfc6403-bc38-46ad-8d50-6f892f3fb09c/build]   | [INFO] Downloading from central: https://repo.maven.apache.org/maven2/org/apache/maven/maven-model/2.2.1/maven-model-2.2.1.pom
[9dfc6403-bc38-46ad-8d50-6f892f3fb09c/build]   | [INFO] Downloaded from central: https://repo.maven.apache.org/maven2/org/apache/maven/maven-model/2.2.1/maven-model-2.2.1.pom (3.2 kB at 270 kB/s)
[9dfc6403-bc38-46ad-8d50-6f892f3fb09c/build]   | [INFO] Downloading from central: https://repo.maven.apache.org/maven2/org/codehaus/plexus/plexus-interpolation/1.11/plexus-interpolation-1.11.pom
[9dfc6403-bc38-46ad-8d50-6f892f3fb09c/build]   | [INFO] Downloaded from central: https://repo.maven.apache.org/maven2/org/codehaus/plexus/plexus-interpolation/1.11/plexus-interpolation-1.11.pom (889 B at 49 kB/s)
[9dfc6403-bc38-46ad-8d50-6f892f3fb09c/build]   | [INFO] Downloading from central: https://repo.maven.apache.org/maven2/org/apache/maven/maven-plugin-parameter-documenter/2.2.1/maven-plugin-parameter-documenter-2.2.1.pom
[9dfc6403-bc38-46ad-8d50-6f892f3fb09c/build]   | [INFO] Downloaded from central: https://repo.maven.apache.org/maven2/org/apache/maven/maven-plugin-parameter-documenter/2.2.1/maven-plugin-parameter-documenter-2.2.1.pom (2.0 kB at 53 kB/s)
[9dfc6403-bc38-46ad-8d50-6f892f3fb09c/build]   | [INFO] Downloading from central: https://repo.maven.apache.org/maven2/org/slf4j/slf4j-jdk14/1.5.6/slf4j-jdk14-1.5.6.pom
[9dfc6403-bc38-46ad-8d50-6f892f3fb09c/build]   | [INFO] Downloaded from central: https://repo.maven.apache.org/maven2/org/slf4j/slf4j-jdk14/1.5.6/slf4j-jdk14-1.5.6.pom (1.9 kB at 79 kB/s)
[9dfc6403-bc38-46ad-8d50-6f892f3fb09c/build]   | [INFO] Downloading from central: https://repo.maven.apache.org/maven2/org/slf4j/slf4j-parent/1.5.6/slf4j-parent-1.5.6.pom
[9dfc6403-bc38-46ad-8d50-6f892f3fb09c/build]   | [INFO] Downloaded from central: https://repo.maven.apache.org/maven2/org/slf4j/slf4j-parent/1.5.6/slf4j-parent-1.5.6.pom (7.9 kB at 220 kB/s)
[9dfc6403-bc38-46ad-8d50-6f892f3fb09c/build]   | [INFO] Downloading from central: https://repo.maven.apache.org/maven2/org/slf4j/slf4j-api/1.5.6/slf4j-api-1.5.6.pom
[9dfc6403-bc38-46ad-8d50-6f892f3fb09c/build]   | [INFO] Downloaded from central: https://repo.maven.apache.org/maven2/org/slf4j/slf4j-api/1.5.6/slf4j-api-1.5.6.pom (3.0 kB at 142 kB/s)
[9dfc6403-bc38-46ad-8d50-6f892f3fb09c/build]   | [INFO] Downloading from central: https://repo.maven.apache.org/maven2/org/slf4j/jcl-over-slf4j/1.5.6/jcl-over-slf4j-1.5.6.pom
[9dfc6403-bc38-46ad-8d50-6f892f3fb09c/build]   | [INFO] Downloaded from central: https://repo.maven.apache.org/maven2/org/slf4j/jcl-over-slf4j/1.5.6/jcl-over-slf4j-1.5.6.pom (2.2 kB at 136 kB/s)
[9dfc6403-bc38-46ad-8d50-6f892f3fb09c/build]   | [INFO] Downloading from central: https://repo.maven.apache.org/maven2/org/apache/maven/maven-profile/2.2.1/maven-profile-2.2.1.pom
[9dfc6403-bc38-46ad-8d50-6f892f3fb09c/build]   | [INFO] Downloaded from central: https://repo.maven.apache.org/maven2/org/apache/maven/maven-profile/2.2.1/maven-profile-2.2.1.pom (2.2 kB at 109 kB/s)
[9dfc6403-bc38-46ad-8d50-6f892f3fb09c/build]   | [INFO] Downloading from central: https://repo.maven.apache.org/maven2/org/apache/maven/maven-artifact/2.2.1/maven-artifact-2.2.1.pom
[9dfc6403-bc38-46ad-8d50-6f892f3fb09c/build]   | [INFO] Downloaded from central: https://repo.maven.apache.org/maven2/org/apache/maven/maven-artifact/2.2.1/maven-artifact-2.2.1.pom (1.6 kB at 93 kB/s)
[9dfc6403-bc38-46ad-8d50-6f892f3fb09c/build]   | [INFO] Downloading from central: https://repo.maven.apache.org/maven2/org/apache/maven/maven-repository-metadata/2.2.1/maven-repository-metadata-2.2.1.pom
[9dfc6403-bc38-46ad-8d50-6f892f3fb09c/build]   | [INFO] Downloaded from central: https://repo.maven.apache.org/maven2/org/apache/maven/maven-repository-metadata/2.2.1/maven-repository-metadata-2.2.1.pom (1.9 kB at 110 kB/s)
[9dfc6403-bc38-46ad-8d50-6f892f3fb09c/build]   | [INFO] Downloading from central: https://repo.maven.apache.org/maven2/org/apache/maven/maven-error-diagnostics/2.2.1/maven-error-diagnostics-2.2.1.pom
[9dfc6403-bc38-46ad-8d50-6f892f3fb09c/build]   | [INFO] Downloaded from central: https://repo.maven.apache.org/maven2/org/apache/maven/maven-error-diagnostics/2.2.1/maven-error-diagnostics-2.2.1.pom (1.7 kB at 114 kB/s)
[9dfc6403-bc38-46ad-8d50-6f892f3fb09c/build]   | [INFO] Downloading from central: https://repo.maven.apache.org/maven2/org/apache/maven/maven-project/2.2.1/maven-project-2.2.1.pom
[9dfc6403-bc38-46ad-8d50-6f892f3fb09c/build]   | [INFO] Downloaded from central: https://repo.maven.apache.org/maven2/org/apache/maven/maven-project/2.2.1/maven-project-2.2.1.pom (2.8 kB at 185 kB/s)
[9dfc6403-bc38-46ad-8d50-6f892f3fb09c/build]   | [INFO] Downloading from central: https://repo.maven.apache.org/maven2/org/apache/maven/maven-artifact-manager/2.2.1/maven-artifact-manager-2.2.1.pom
[9dfc6403-bc38-46ad-8d50-6f892f3fb09c/build]   | [INFO] Downloaded from central: https://repo.maven.apache.org/maven2/org/apache/maven/maven-artifact-manager/2.2.1/maven-artifact-manager-2.2.1.pom (3.1 kB at 194 kB/s)
[9dfc6403-bc38-46ad-8d50-6f892f3fb09c/build]   | [INFO] Downloading from central: https://repo.maven.apache.org/maven2/backport-util-concurrent/backport-util-concurrent/3.1/backport-util-concurrent-3.1.pom
[9dfc6403-bc38-46ad-8d50-6f892f3fb09c/build]   | [INFO] Downloaded from central: https://repo.maven.apache.org/maven2/backport-util-concurrent/backport-util-concurrent/3.1/backport-util-concurrent-3.1.pom (880 B at 59 kB/s)
[9dfc6403-bc38-46ad-8d50-6f892f3fb09c/build]   | [INFO] Downloading from central: https://repo.maven.apache.org/maven2/org/apache/maven/maven-plugin-registry/2.2.1/maven-plugin-registry-2.2.1.pom
[9dfc6403-bc38-46ad-8d50-6f892f3fb09c/build]   | [INFO] Downloaded from central: https://repo.maven.apache.org/maven2/org/apache/maven/maven-plugin-registry/2.2.1/maven-plugin-registry-2.2.1.pom (1.9 kB at 121 kB/s)
[9dfc6403-bc38-46ad-8d50-6f892f3fb09c/build]   | [INFO] Downloading from central: https://repo.maven.apache.org/maven2/org/apache/maven/maven-plugin-descriptor/2.2.1/maven-plugin-descriptor-2.2.1.pom
[9dfc6403-bc38-46ad-8d50-6f892f3fb09c/build]   | [INFO] Downloaded from central: https://repo.maven.apache.org/maven2/org/apache/maven/maven-plugin-descriptor/2.2.1/maven-plugin-descriptor-2.2.1.pom (2.1 kB at 147 kB/s)
[9dfc6403-bc38-46ad-8d50-6f892f3fb09c/build]   | [INFO] Downloading from central: https://repo.maven.apache.org/maven2/org/apache/maven/maven-monitor/2.2.1/maven-monitor-2.2.1.pom
[9dfc6403-bc38-46ad-8d50-6f892f3fb09c/build]   | [INFO] Downloaded from central: https://repo.maven.apache.org/maven2/org/apache/maven/maven-monitor/2.2.1/maven-monitor-2.2.1.pom (1.3 kB at 97 kB/s)
[9dfc6403-bc38-46ad-8d50-6f892f3fb09c/build]   | [INFO] Downloading from central: https://repo.maven.apache.org/maven2/org/sonatype/plexus/plexus-sec-dispatcher/1.3/plexus-sec-dispatcher-1.3.pom
[9dfc6403-bc38-46ad-8d50-6f892f3fb09c/build]   | [INFO] Downloaded from central: https://repo.maven.apache.org/maven2/org/sonatype/plexus/plexus-sec-dispatcher/1.3/plexus-sec-dispatcher-1.3.pom (3.0 kB at 212 kB/s)
[9dfc6403-bc38-46ad-8d50-6f892f3fb09c/build]   | [INFO] Downloading from central: https://repo.maven.apache.org/maven2/org/sonatype/spice/spice-parent/12/spice-parent-12.pom
[9dfc6403-bc38-46ad-8d50-6f892f3fb09c/build]   | [INFO] Downloaded from central: https://repo.maven.apache.org/maven2/org/sonatype/spice/spice-parent/12/spice-parent-12.pom (6.8 kB at 378 kB/s)
[9dfc6403-bc38-46ad-8d50-6f892f3fb09c/build]   | [INFO] Downloading from central: https://repo.maven.apache.org/maven2/org/sonatype/forge/forge-parent/4/forge-parent-4.pom
[9dfc6403-bc38-46ad-8d50-6f892f3fb09c/build]   | [INFO] Downloaded from central: https://repo.maven.apache.org/maven2/org/sonatype/forge/forge-parent/4/forge-parent-4.pom (8.4 kB at 560 kB/s)
[9dfc6403-bc38-46ad-8d50-6f892f3fb09c/build]   | [INFO] Downloading from central: https://repo.maven.apache.org/maven2/org/codehaus/plexus/plexus-utils/1.5.5/plexus-utils-1.5.5.pom
[9dfc6403-bc38-46ad-8d50-6f892f3fb09c/build]   | [INFO] Downloaded from central: https://repo.maven.apache.org/maven2/org/codehaus/plexus/plexus-utils/1.5.5/plexus-utils-1.5.5.pom (5.1 kB at 396 kB/s)
[9dfc6403-bc38-46ad-8d50-6f892f3fb09c/build]   | [INFO] Downloading from central: https://repo.maven.apache.org/maven2/org/sonatype/plexus/plexus-cipher/1.4/plexus-cipher-1.4.pom
[9dfc6403-bc38-46ad-8d50-6f892f3fb09c/build]   | [INFO] Downloaded from central: https://repo.maven.apache.org/maven2/org/sonatype/plexus/plexus-cipher/1.4/plexus-cipher-1.4.pom (2.1 kB at 159 kB/s)
[9dfc6403-bc38-46ad-8d50-6f892f3fb09c/build]   | [INFO] Downloading from central: https://repo.maven.apache.org/maven2/org/codehaus/plexus/plexus-component-annotations/1.5.5/plexus-component-annotations-1.5.5.pom
[9dfc6403-bc38-46ad-8d50-6f892f3fb09c/build]   | [INFO] Downloaded from central: https://repo.maven.apache.org/maven2/org/codehaus/plexus/plexus-component-annotations/1.5.5/plexus-component-annotations-1.5.5.pom (815 B at 82 kB/s)
[9dfc6403-bc38-46ad-8d50-6f892f3fb09c/build]   | [INFO] Downloading from central: https://repo.maven.apache.org/maven2/org/codehaus/plexus/plexus-containers/1.5.5/plexus-containers-1.5.5.pom
[9dfc6403-bc38-46ad-8d50-6f892f3fb09c/build]   | [INFO] Downloaded from central: https://repo.maven.apache.org/maven2/org/codehaus/plexus/plexus-containers/1.5.5/plexus-containers-1.5.5.pom (4.2 kB at 848 kB/s)
[9dfc6403-bc38-46ad-8d50-6f892f3fb09c/build]   | [INFO] Downloading from central: https://repo.maven.apache.org/maven2/org/codehaus/plexus/plexus/2.0.7/plexus-2.0.7.pom
[9dfc6403-bc38-46ad-8d50-6f892f3fb09c/build]   | [INFO] Downloaded from central: https://repo.maven.apache.org/maven2/org/codehaus/plexus/plexus/2.0.7/plexus-2.0.7.pom (17 kB at 1.7 MB/s)
[9dfc6403-bc38-46ad-8d50-6f892f3fb09c/build]   | [INFO] Downloading from central: https://repo.maven.apache.org/maven2/org/codehaus/plexus/plexus-compiler-api/2.2/plexus-compiler-api-2.2.pom
[9dfc6403-bc38-46ad-8d50-6f892f3fb09c/build]   | [INFO] Downloaded from central: https://repo.maven.apache.org/maven2/org/codehaus/plexus/plexus-compiler-api/2.2/plexus-compiler-api-2.2.pom (865 B at 48 kB/s)
[9dfc6403-bc38-46ad-8d50-6f892f3fb09c/build]   | [INFO] Downloading from central: https://repo.maven.apache.org/maven2/org/codehaus/plexus/plexus-compiler/2.2/plexus-compiler-2.2.pom
[9dfc6403-bc38-46ad-8d50-6f892f3fb09c/build]   | [INFO] Downloaded from central: https://repo.maven.apache.org/maven2/org/codehaus/plexus/plexus-compiler/2.2/plexus-compiler-2.2.pom (3.6 kB at 602 kB/s)
[9dfc6403-bc38-46ad-8d50-6f892f3fb09c/build]   | [INFO] Downloading from central: https://repo.maven.apache.org/maven2/org/codehaus/plexus/plexus-components/1.3.1/plexus-components-1.3.1.pom
[9dfc6403-bc38-46ad-8d50-6f892f3fb09c/build]   | [INFO] Downloaded from central: https://repo.maven.apache.org/maven2/org/codehaus/plexus/plexus-components/1.3.1/plexus-components-1.3.1.pom (3.1 kB at 438 kB/s)
[9dfc6403-bc38-46ad-8d50-6f892f3fb09c/build]   | [INFO] Downloading from central: https://repo.maven.apache.org/maven2/org/codehaus/plexus/plexus/3.3.1/plexus-3.3.1.pom
[9dfc6403-bc38-46ad-8d50-6f892f3fb09c/build]   | [INFO] Downloaded from central: https://repo.maven.apache.org/maven2/org/codehaus/plexus/plexus/3.3.1/plexus-3.3.1.pom (20 kB at 2.3 MB/s)
[9dfc6403-bc38-46ad-8d50-6f892f3fb09c/build]   | [INFO] Downloading from central: https://repo.maven.apache.org/maven2/org/sonatype/spice/spice-parent/17/spice-parent-17.pom
[9dfc6403-bc38-46ad-8d50-6f892f3fb09c/build]   | [INFO] Downloaded from central: https://repo.maven.apache.org/maven2/org/sonatype/spice/spice-parent/17/spice-parent-17.pom (6.8 kB at 845 kB/s)
[9dfc6403-bc38-46ad-8d50-6f892f3fb09c/build]   | [INFO] Downloading from central: https://repo.maven.apache.org/maven2/org/sonatype/forge/forge-parent/10/forge-parent-10.pom
[9dfc6403-bc38-46ad-8d50-6f892f3fb09c/build]   | [INFO] Downloaded from central: https://repo.maven.apache.org/maven2/org/sonatype/forge/forge-parent/10/forge-parent-10.pom (14 kB at 1.9 MB/s)
[9dfc6403-bc38-46ad-8d50-6f892f3fb09c/build]   | [INFO] Downloading from central: https://repo.maven.apache.org/maven2/org/codehaus/plexus/plexus-utils/3.0.8/plexus-utils-3.0.8.pom
[9dfc6403-bc38-46ad-8d50-6f892f3fb09c/build]   | [INFO] Downloaded from central: https://repo.maven.apache.org/maven2/org/codehaus/plexus/plexus-utils/3.0.8/plexus-utils-3.0.8.pom (3.1 kB at 449 kB/s)
[9dfc6403-bc38-46ad-8d50-6f892f3fb09c/build]   | [INFO] Downloading from central: https://repo.maven.apache.org/maven2/org/codehaus/plexus/plexus/3.2/plexus-3.2.pom
[9dfc6403-bc38-46ad-8d50-6f892f3fb09c/build]   | [INFO] Downloaded from central: https://repo.maven.apache.org/maven2/org/codehaus/plexus/plexus/3.2/plexus-3.2.pom (19 kB at 2.1 MB/s)
[9dfc6403-bc38-46ad-8d50-6f892f3fb09c/build]   | [INFO] Downloading from central: https://repo.maven.apache.org/maven2/org/codehaus/plexus/plexus-compiler-manager/2.2/plexus-compiler-manager-2.2.pom
[9dfc6403-bc38-46ad-8d50-6f892f3fb09c/build]   | [INFO] Downloaded from central: https://repo.maven.apache.org/maven2/org/codehaus/plexus/plexus-compiler-manager/2.2/plexus-compiler-manager-2.2.pom (690 B at 115 kB/s)
[9dfc6403-bc38-46ad-8d50-6f892f3fb09c/build]   | [INFO] Downloading from central: https://repo.maven.apache.org/maven2/org/codehaus/plexus/plexus-compiler-javac/2.2/plexus-compiler-javac-2.2.pom
[9dfc6403-bc38-46ad-8d50-6f892f3fb09c/build]   | [INFO] Downloaded from central: https://repo.maven.apache.org/maven2/org/codehaus/plexus/plexus-compiler-javac/2.2/plexus-compiler-javac-2.2.pom (769 B at 96 kB/s)
[9dfc6403-bc38-46ad-8d50-6f892f3fb09c/build]   | [INFO] Downloading from central: https://repo.maven.apache.org/maven2/org/codehaus/plexus/plexus-compilers/2.2/plexus-compilers-2.2.pom
[9dfc6403-bc38-46ad-8d50-6f892f3fb09c/build]   | [INFO] Downloaded from central: https://repo.maven.apache.org/maven2/org/codehaus/plexus/plexus-compilers/2.2/plexus-compilers-2.2.pom (1.2 kB at 177 kB/s)
[9dfc6403-bc38-46ad-8d50-6f892f3fb09c/build]   | [INFO] Downloading from central: https://repo.maven.apache.org/maven2/org/codehaus/plexus/plexus-container-default/1.5.5/plexus-container-default-1.5.5.pom
[9dfc6403-bc38-46ad-8d50-6f892f3fb09c/build]   | [INFO] Downloaded from central: https://repo.maven.apache.org/maven2/org/codehaus/plexus/plexus-container-default/1.5.5/plexus-container-default-1.5.5.pom (2.8 kB at 551 kB/s)
[9dfc6403-bc38-46ad-8d50-6f892f3fb09c/build]   | [INFO] Downloading from central: https://repo.maven.apache.org/maven2/org/codehaus/plexus/plexus-utils/1.4.5/plexus-utils-1.4.5.pom
[9dfc6403-bc38-46ad-8d50-6f892f3fb09c/build]   | [INFO] Downloaded from central: https://repo.maven.apache.org/maven2/org/codehaus/plexus/plexus-utils/1.4.5/plexus-utils-1.4.5.pom (2.3 kB at 324 kB/s)
[9dfc6403-bc38-46ad-8d50-6f892f3fb09c/build]   | [INFO] Downloading from central: https://repo.maven.apache.org/maven2/org/codehaus/plexus/plexus-classworlds/2.2.2/plexus-classworlds-2.2.2.pom
[9dfc6403-bc38-46ad-8d50-6f892f3fb09c/build]   | [INFO] Downloaded from central: https://repo.maven.apache.org/maven2/org/codehaus/plexus/plexus-classworlds/2.2.2/plexus-classworlds-2.2.2.pom (4.0 kB at 807 kB/s)
[9dfc6403-bc38-46ad-8d50-6f892f3fb09c/build]   | [INFO] Downloading from central: https://repo.maven.apache.org/maven2/org/apache/xbean/xbean-reflect/3.4/xbean-reflect-3.4.pom
[9dfc6403-bc38-46ad-8d50-6f892f3fb09c/build]   | [INFO] Downloaded from central: https://repo.maven.apache.org/maven2/org/apache/xbean/xbean-reflect/3.4/xbean-reflect-3.4.pom (2.8 kB at 562 kB/s)
[9dfc6403-bc38-46ad-8d50-6f892f3fb09c/build]   | [INFO] Downloading from central: https://repo.maven.apache.org/maven2/org/apache/xbean/xbean/3.4/xbean-3.4.pom
[9dfc6403-bc38-46ad-8d50-6f892f3fb09c/build]   | [INFO] Downloaded from central: https://repo.maven.apache.org/maven2/org/apache/xbean/xbean/3.4/xbean-3.4.pom (19 kB at 2.6 MB/s)
[9dfc6403-bc38-46ad-8d50-6f892f3fb09c/build]   | [INFO] Downloading from central: https://repo.maven.apache.org/maven2/log4j/log4j/1.2.12/log4j-1.2.12.pom
[9dfc6403-bc38-46ad-8d50-6f892f3fb09c/build]   | [INFO] Downloaded from central: https://repo.maven.apache.org/maven2/log4j/log4j/1.2.12/log4j-1.2.12.pom (145 B at 24 kB/s)
[9dfc6403-bc38-46ad-8d50-6f892f3fb09c/build]   | [INFO] Downloading from central: https://repo.maven.apache.org/maven2/commons-logging/commons-logging-api/1.1/commons-logging-api-1.1.pom
[9dfc6403-bc38-46ad-8d50-6f892f3fb09c/build]   | [INFO] Downloaded from central: https://repo.maven.apache.org/maven2/commons-logging/commons-logging-api/1.1/commons-logging-api-1.1.pom (5.3 kB at 891 kB/s)
[9dfc6403-bc38-46ad-8d50-6f892f3fb09c/build]   | [INFO] Downloading from central: https://repo.maven.apache.org/maven2/com/google/collections/google-collections/1.0/google-collections-1.0.pom
[9dfc6403-bc38-46ad-8d50-6f892f3fb09c/build]   | [INFO] Downloaded from central: https://repo.maven.apache.org/maven2/com/google/collections/google-collections/1.0/google-collections-1.0.pom (2.5 kB at 64 kB/s)
[9dfc6403-bc38-46ad-8d50-6f892f3fb09c/build]   | [INFO] Downloading from central: https://repo.maven.apache.org/maven2/com/google/google/1/google-1.pom
[9dfc6403-bc38-46ad-8d50-6f892f3fb09c/build]   | [INFO] Downloaded from central: https://repo.maven.apache.org/maven2/com/google/google/1/google-1.pom (1.6 kB at 311 kB/s)
[9dfc6403-bc38-46ad-8d50-6f892f3fb09c/build]   | [INFO] Downloading from central: https://repo.maven.apache.org/maven2/junit/junit/3.8.2/junit-3.8.2.pom
[9dfc6403-bc38-46ad-8d50-6f892f3fb09c/build]   | [INFO] Downloaded from central: https://repo.maven.apache.org/maven2/junit/junit/3.8.2/junit-3.8.2.pom (747 B at 124 kB/s)
[9dfc6403-bc38-46ad-8d50-6f892f3fb09c/build]   | [INFO] Downloading from central: https://repo.maven.apache.org/maven2/org/apache/maven/maven-plugin-api/2.0.9/maven-plugin-api-2.0.9.jar
[9dfc6403-bc38-46ad-8d50-6f892f3fb09c/build]   | [INFO] Downloading from central: https://repo.maven.apache.org/maven2/org/apache/maven/maven-artifact/2.0.9/maven-artifact-2.0.9.jar
[9dfc6403-bc38-46ad-8d50-6f892f3fb09c/build]   | [INFO] Downloading from central: https://repo.maven.apache.org/maven2/org/codehaus/plexus/plexus-utils/1.5.1/plexus-utils-1.5.1.jar
[9dfc6403-bc38-46ad-8d50-6f892f3fb09c/build]   | [INFO] Downloading from central: https://repo.maven.apache.org/maven2/org/apache/maven/maven-core/2.0.9/maven-core-2.0.9.jar
[9dfc6403-bc38-46ad-8d50-6f892f3fb09c/build]   | [INFO] Downloading from central: https://repo.maven.apache.org/maven2/org/apache/maven/maven-settings/2.0.9/maven-settings-2.0.9.jar
[9dfc6403-bc38-46ad-8d50-6f892f3fb09c/build]   | [INFO] Downloaded from central: https://repo.maven.apache.org/maven2/org/apache/maven/maven-settings/2.0.9/maven-settings-2.0.9.jar (49 kB at 6.1 MB/s)
[9dfc6403-bc38-46ad-8d50-6f892f3fb09c/build]   | [INFO] Downloading from central: https://repo.maven.apache.org/maven2/org/apache/maven/maven-plugin-parameter-documenter/2.0.9/maven-plugin-parameter-documenter-2.0.9.jar
[9dfc6403-bc38-46ad-8d50-6f892f3fb09c/build]   | [INFO] Downloaded from central: https://repo.maven.apache.org/maven2/org/apache/maven/maven-plugin-api/2.0.9/maven-plugin-api-2.0.9.jar (13 kB at 1.2 MB/s)
[9dfc6403-bc38-46ad-8d50-6f892f3fb09c/build]   | [INFO] Downloading from central: https://repo.maven.apache.org/maven2/org/apache/maven/maven-profile/2.0.9/maven-profile-2.0.9.jar
[9dfc6403-bc38-46ad-8d50-6f892f3fb09c/build]   | [INFO] Downloaded from central: https://repo.maven.apache.org/maven2/org/apache/maven/maven-core/2.0.9/maven-core-2.0.9.jar (160 kB at 3.1 MB/s)
[9dfc6403-bc38-46ad-8d50-6f892f3fb09c/build]   | [INFO] Downloading from central: https://repo.maven.apache.org/maven2/org/apache/maven/maven-model/2.0.9/maven-model-2.0.9.jar
[9dfc6403-bc38-46ad-8d50-6f892f3fb09c/build]   | [INFO] Downloaded from central: https://repo.maven.apache.org/maven2/org/apache/maven/maven-profile/2.0.9/maven-profile-2.0.9.jar (35 kB at 693 kB/s)
[9dfc6403-bc38-46ad-8d50-6f892f3fb09c/build]   | [INFO] Downloading from central: https://repo.maven.apache.org/maven2/org/apache/maven/maven-repository-metadata/2.0.9/maven-repository-metadata-2.0.9.jar
[9dfc6403-bc38-46ad-8d50-6f892f3fb09c/build]   | [INFO] Downloaded from central: https://repo.maven.apache.org/maven2/org/apache/maven/maven-plugin-parameter-documenter/2.0.9/maven-plugin-parameter-documenter-2.0.9.jar (21 kB at 394 kB/s)
[9dfc6403-bc38-46ad-8d50-6f892f3fb09c/build]   | [INFO] Downloading from central: https://repo.maven.apache.org/maven2/org/apache/maven/maven-error-diagnostics/2.0.9/maven-error-diagnostics-2.0.9.jar
[9dfc6403-bc38-46ad-8d50-6f892f3fb09c/build]   | [INFO] Downloaded from central: https://repo.maven.apache.org/maven2/org/apache/maven/maven-artifact/2.0.9/maven-artifact-2.0.9.jar (89 kB at 1.6 MB/s)
[9dfc6403-bc38-46ad-8d50-6f892f3fb09c/build]   | [INFO] Downloading from central: https://repo.maven.apache.org/maven2/org/apache/maven/maven-project/2.0.9/maven-project-2.0.9.jar
[9dfc6403-bc38-46ad-8d50-6f892f3fb09c/build]   | [INFO] Downloaded from central: https://repo.maven.apache.org/maven2/org/codehaus/plexus/plexus-utils/1.5.1/plexus-utils-1.5.1.jar (211 kB at 3.3 MB/s)
[9dfc6403-bc38-46ad-8d50-6f892f3fb09c/build]   | [INFO] Downloading from central: https://repo.maven.apache.org/maven2/org/apache/maven/maven-plugin-registry/2.0.9/maven-plugin-registry-2.0.9.jar
[9dfc6403-bc38-46ad-8d50-6f892f3fb09c/build]   | [INFO] Downloaded from central: https://repo.maven.apache.org/maven2/org/apache/maven/maven-model/2.0.9/maven-model-2.0.9.jar (87 kB at 1.2 MB/s)
[9dfc6403-bc38-46ad-8d50-6f892f3fb09c/build]   | [INFO] Downloading from central: https://repo.maven.apache.org/maven2/org/apache/maven/maven-plugin-descriptor/2.0.9/maven-plugin-descriptor-2.0.9.jar
[9dfc6403-bc38-46ad-8d50-6f892f3fb09c/build]   | [INFO] Downloaded from central: https://repo.maven.apache.org/maven2/org/apache/maven/maven-repository-metadata/2.0.9/maven-repository-metadata-2.0.9.jar (25 kB at 351 kB/s)
[9dfc6403-bc38-46ad-8d50-6f892f3fb09c/build]   | [INFO] Downloading from central: https://repo.maven.apache.org/maven2/org/apache/maven/maven-artifact-manager/2.0.9/maven-artifact-manager-2.0.9.jar
[9dfc6403-bc38-46ad-8d50-6f892f3fb09c/build]   | [INFO] Downloaded from central: https://repo.maven.apache.org/maven2/org/apache/maven/maven-error-diagnostics/2.0.9/maven-error-diagnostics-2.0.9.jar (14 kB at 191 kB/s)
[9dfc6403-bc38-46ad-8d50-6f892f3fb09c/build]   | [INFO] Downloading from central: https://repo.maven.apache.org/maven2/org/apache/maven/maven-monitor/2.0.9/maven-monitor-2.0.9.jar
[9dfc6403-bc38-46ad-8d50-6f892f3fb09c/build]   | [INFO] Downloaded from central: https://repo.maven.apache.org/maven2/org/apache/maven/maven-plugin-registry/2.0.9/maven-plugin-registry-2.0.9.jar (29 kB at 338 kB/s)
[9dfc6403-bc38-46ad-8d50-6f892f3fb09c/build]   | [INFO] Downloading from central: https://repo.maven.apache.org/maven2/org/apache/maven/maven-toolchain/1.0/maven-toolchain-1.0.jar
[9dfc6403-bc38-46ad-8d50-6f892f3fb09c/build]   | [INFO] Downloaded from central: https://repo.maven.apache.org/maven2/org/apache/maven/maven-plugin-descriptor/2.0.9/maven-plugin-descriptor-2.0.9.jar (37 kB at 431 kB/s)
[9dfc6403-bc38-46ad-8d50-6f892f3fb09c/build]   | [INFO] Downloaded from central: https://repo.maven.apache.org/maven2/org/apache/maven/maven-project/2.0.9/maven-project-2.0.9.jar (122 kB at 1.4 MB/s)
[9dfc6403-bc38-46ad-8d50-6f892f3fb09c/build]   | [INFO] Downloading from central: https://repo.maven.apache.org/maven2/org/apache/maven/shared/maven-shared-utils/0.1/maven-shared-utils-0.1.jar
[9dfc6403-bc38-46ad-8d50-6f892f3fb09c/build]   | [INFO] Downloaded from central: https://repo.maven.apache.org/maven2/org/apache/maven/maven-monitor/2.0.9/maven-monitor-2.0.9.jar (10 kB at 114 kB/s)
[9dfc6403-bc38-46ad-8d50-6f892f3fb09c/build]   | [INFO] Downloading from central: https://repo.maven.apache.org/maven2/com/google/code/findbugs/jsr305/2.0.1/jsr305-2.0.1.jar
[9dfc6403-bc38-46ad-8d50-6f892f3fb09c/build]   | [INFO] Downloading from central: https://repo.maven.apache.org/maven2/org/apache/maven/shared/maven-shared-incremental/1.1/maven-shared-incremental-1.1.jar
[9dfc6403-bc38-46ad-8d50-6f892f3fb09c/build]   | [INFO] Downloaded from central: https://repo.maven.apache.org/maven2/org/apache/maven/maven-artifact-manager/2.0.9/maven-artifact-manager-2.0.9.jar (58 kB at 584 kB/s)
[9dfc6403-bc38-46ad-8d50-6f892f3fb09c/build]   | [INFO] Downloading from central: https://repo.maven.apache.org/maven2/org/codehaus/plexus/plexus-component-annotations/1.5.5/plexus-component-annotations-1.5.5.jar
[9dfc6403-bc38-46ad-8d50-6f892f3fb09c/build]   | [INFO] Downloaded from central: https://repo.maven.apache.org/maven2/org/apache/maven/maven-toolchain/1.0/maven-toolchain-1.0.jar (33 kB at 294 kB/s)
[9dfc6403-bc38-46ad-8d50-6f892f3fb09c/build]   | [INFO] Downloading from central: https://repo.maven.apache.org/maven2/org/codehaus/plexus/plexus-compiler-api/2.2/plexus-compiler-api-2.2.jar
[9dfc6403-bc38-46ad-8d50-6f892f3fb09c/build]   | [INFO] Downloaded from central: https://repo.maven.apache.org/maven2/org/codehaus/plexus/plexus-component-annotations/1.5.5/plexus-component-annotations-1.5.5.jar (4.2 kB at 37 kB/s)
[9dfc6403-bc38-46ad-8d50-6f892f3fb09c/build]   | [INFO] Downloaded from central: https://repo.maven.apache.org/maven2/org/apache/maven/shared/maven-shared-incremental/1.1/maven-shared-incremental-1.1.jar (14 kB at 118 kB/s)
[9dfc6403-bc38-46ad-8d50-6f892f3fb09c/build]   | [INFO] Downloading from central: https://repo.maven.apache.org/maven2/org/codehaus/plexus/plexus-compiler-javac/2.2/plexus-compiler-javac-2.2.jar
[9dfc6403-bc38-46ad-8d50-6f892f3fb09c/build]   | [INFO] Downloading from central: https://repo.maven.apache.org/maven2/org/codehaus/plexus/plexus-compiler-manager/2.2/plexus-compiler-manager-2.2.jar
[9dfc6403-bc38-46ad-8d50-6f892f3fb09c/build]   | [INFO] Downloaded from central: https://repo.maven.apache.org/maven2/org/apache/maven/shared/maven-shared-utils/0.1/maven-shared-utils-0.1.jar (155 kB at 1.3 MB/s)
[9dfc6403-bc38-46ad-8d50-6f892f3fb09c/build]   | [INFO] Downloaded from central: https://repo.maven.apache.org/maven2/com/google/code/findbugs/jsr305/2.0.1/jsr305-2.0.1.jar (32 kB at 272 kB/s)
[9dfc6403-bc38-46ad-8d50-6f892f3fb09c/build]   | [INFO] Downloading from central: https://repo.maven.apache.org/maven2/org/codehaus/plexus/plexus-container-default/1.5.5/plexus-container-default-1.5.5.jar
[9dfc6403-bc38-46ad-8d50-6f892f3fb09c/build]   | [INFO] Downloading from central: https://repo.maven.apache.org/maven2/org/codehaus/plexus/plexus-classworlds/2.2.2/plexus-classworlds-2.2.2.jar
[9dfc6403-bc38-46ad-8d50-6f892f3fb09c/build]   | [INFO] Downloaded from central: https://repo.maven.apache.org/maven2/org/codehaus/plexus/plexus-compiler-api/2.2/plexus-compiler-api-2.2.jar (25 kB at 188 kB/s)
[9dfc6403-bc38-46ad-8d50-6f892f3fb09c/build]   | [INFO] Downloaded from central: https://repo.maven.apache.org/maven2/org/codehaus/plexus/plexus-classworlds/2.2.2/plexus-classworlds-2.2.2.jar (46 kB at 347 kB/s)
[9dfc6403-bc38-46ad-8d50-6f892f3fb09c/build]   | [INFO] Downloading from central: https://repo.maven.apache.org/maven2/org/apache/xbean/xbean-reflect/3.4/xbean-reflect-3.4.jar
[9dfc6403-bc38-46ad-8d50-6f892f3fb09c/build]   | [INFO] Downloaded from central: https://repo.maven.apache.org/maven2/org/codehaus/plexus/plexus-compiler-javac/2.2/plexus-compiler-javac-2.2.jar (19 kB at 143 kB/s)
[9dfc6403-bc38-46ad-8d50-6f892f3fb09c/build]   | [INFO] Downloading from central: https://repo.maven.apache.org/maven2/log4j/log4j/1.2.12/log4j-1.2.12.jar
[9dfc6403-bc38-46ad-8d50-6f892f3fb09c/build]   | [INFO] Downloading from central: https://repo.maven.apache.org/maven2/commons-logging/commons-logging-api/1.1/commons-logging-api-1.1.jar
[9dfc6403-bc38-46ad-8d50-6f892f3fb09c/build]   | [INFO] Downloaded from central: https://repo.maven.apache.org/maven2/org/codehaus/plexus/plexus-compiler-manager/2.2/plexus-compiler-manager-2.2.jar (4.6 kB at 32 kB/s)
[9dfc6403-bc38-46ad-8d50-6f892f3fb09c/build]   | [INFO] Downloading from central: https://repo.maven.apache.org/maven2/com/google/collections/google-collections/1.0/google-collections-1.0.jar
[9dfc6403-bc38-46ad-8d50-6f892f3fb09c/build]   | [INFO] Downloaded from central: https://repo.maven.apache.org/maven2/org/codehaus/plexus/plexus-container-default/1.5.5/plexus-container-default-1.5.5.jar (217 kB at 1.5 MB/s)
[9dfc6403-bc38-46ad-8d50-6f892f3fb09c/build]   | [INFO] Downloading from central: https://repo.maven.apache.org/maven2/junit/junit/3.8.2/junit-3.8.2.jar
[9dfc6403-bc38-46ad-8d50-6f892f3fb09c/build]   | [INFO] Downloaded from central: https://repo.maven.apache.org/maven2/commons-logging/commons-logging-api/1.1/commons-logging-api-1.1.jar (45 kB at 284 kB/s)
[9dfc6403-bc38-46ad-8d50-6f892f3fb09c/build]   | [INFO] Downloaded from central: https://repo.maven.apache.org/maven2/org/apache/xbean/xbean-reflect/3.4/xbean-reflect-3.4.jar (134 kB at 831 kB/s)
[9dfc6403-bc38-46ad-8d50-6f892f3fb09c/build]   | [INFO] Downloaded from central: https://repo.maven.apache.org/maven2/log4j/log4j/1.2.12/log4j-1.2.12.jar (358 kB at 2.2 MB/s)
[9dfc6403-bc38-46ad-8d50-6f892f3fb09c/build]   | [INFO] Downloaded from central: https://repo.maven.apache.org/maven2/com/google/collections/google-collections/1.0/google-collections-1.0.jar (640 kB at 3.7 MB/s)
[9dfc6403-bc38-46ad-8d50-6f892f3fb09c/build]   | [INFO] Downloaded from central: https://repo.maven.apache.org/maven2/junit/junit/3.8.2/junit-3.8.2.jar (121 kB at 685 kB/s)
[9dfc6403-bc38-46ad-8d50-6f892f3fb09c/build]   | [INFO] Changes detected - recompiling the module!
[9dfc6403-bc38-46ad-8d50-6f892f3fb09c/build]   | [INFO] Compiling 83 source files to /tmp/edbb904f-deac-4494-ba55-bf0baa0a075a/target/classes
[9dfc6403-bc38-46ad-8d50-6f892f3fb09c/build]   | [INFO] 
[9dfc6403-bc38-46ad-8d50-6f892f3fb09c/build]   | [INFO] --- maven-resources-plugin:2.6:testResources (default-testResources) @ jwarc ---
[9dfc6403-bc38-46ad-8d50-6f892f3fb09c/build]   | [INFO] Using 'UTF-8' encoding to copy filtered resources.
[9dfc6403-bc38-46ad-8d50-6f892f3fb09c/build]   | [INFO] Copying 2 resources
[9dfc6403-bc38-46ad-8d50-6f892f3fb09c/build]   | [INFO] 
[9dfc6403-bc38-46ad-8d50-6f892f3fb09c/build]   | [INFO] --- maven-compiler-plugin:3.1:testCompile (default-testCompile) @ jwarc ---
[9dfc6403-bc38-46ad-8d50-6f892f3fb09c/build]   | [INFO] Changes detected - recompiling the module!
[9dfc6403-bc38-46ad-8d50-6f892f3fb09c/build]   | [INFO] Compiling 34 source files to /tmp/edbb904f-deac-4494-ba55-bf0baa0a075a/target/test-classes
[9dfc6403-bc38-46ad-8d50-6f892f3fb09c/build]   | [INFO] 
[9dfc6403-bc38-46ad-8d50-6f892f3fb09c/build]   | [INFO] --- maven-surefire-plugin:2.12.4:test (default-test) @ jwarc ---
[9dfc6403-bc38-46ad-8d50-6f892f3fb09c/build]   | [INFO] Downloading from central: https://repo.maven.apache.org/maven2/org/apache/maven/surefire/surefire-booter/2.12.4/surefire-booter-2.12.4.pom
[9dfc6403-bc38-46ad-8d50-6f892f3fb09c/build]   | [INFO] Downloaded from central: https://repo.maven.apache.org/maven2/org/apache/maven/surefire/surefire-booter/2.12.4/surefire-booter-2.12.4.pom (3.0 kB at 105 kB/s)
[9dfc6403-bc38-46ad-8d50-6f892f3fb09c/build]   | [INFO] Downloading from central: https://repo.maven.apache.org/maven2/org/apache/maven/surefire/surefire-api/2.12.4/surefire-api-2.12.4.pom
[9dfc6403-bc38-46ad-8d50-6f892f3fb09c/build]   | [INFO] Downloaded from central: https://repo.maven.apache.org/maven2/org/apache/maven/surefire/surefire-api/2.12.4/surefire-api-2.12.4.pom (2.5 kB at 156 kB/s)
[9dfc6403-bc38-46ad-8d50-6f892f3fb09c/build]   | [INFO] Downloading from central: https://repo.maven.apache.org/maven2/org/apache/maven/surefire/maven-surefire-common/2.12.4/maven-surefire-common-2.12.4.pom
[9dfc6403-bc38-46ad-8d50-6f892f3fb09c/build]   | [INFO] Downloaded from central: https://repo.maven.apache.org/maven2/org/apache/maven/surefire/maven-surefire-common/2.12.4/maven-surefire-common-2.12.4.pom (5.5 kB at 251 kB/s)
[9dfc6403-bc38-46ad-8d50-6f892f3fb09c/build]   | [INFO] Downloading from central: https://repo.maven.apache.org/maven2/org/apache/maven/plugin-tools/maven-plugin-annotations/3.1/maven-plugin-annotations-3.1.pom
[9dfc6403-bc38-46ad-8d50-6f892f3fb09c/build]   | [INFO] Downloaded from central: https://repo.maven.apache.org/maven2/org/apache/maven/plugin-tools/maven-plugin-annotations/3.1/maven-plugin-annotations-3.1.pom (1.6 kB at 135 kB/s)
[9dfc6403-bc38-46ad-8d50-6f892f3fb09c/build]   | [INFO] Downloading from central: https://repo.maven.apache.org/maven2/org/apache/maven/plugin-tools/maven-plugin-tools/3.1/maven-plugin-tools-3.1.pom
[9dfc6403-bc38-46ad-8d50-6f892f3fb09c/build]   | [INFO] Downloaded from central: https://repo.maven.apache.org/maven2/org/apache/maven/plugin-tools/maven-plugin-tools/3.1/maven-plugin-tools-3.1.pom (16 kB at 771 kB/s)
[9dfc6403-bc38-46ad-8d50-6f892f3fb09c/build]   | [INFO] Downloading from central: https://repo.maven.apache.org/maven2/org/apache/maven/reporting/maven-reporting-api/2.0.9/maven-reporting-api-2.0.9.pom
[9dfc6403-bc38-46ad-8d50-6f892f3fb09c/build]   | [INFO] Downloaded from central: https://repo.maven.apache.org/maven2/org/apache/maven/reporting/maven-reporting-api/2.0.9/maven-reporting-api-2.0.9.pom (1.8 kB at 86 kB/s)
[9dfc6403-bc38-46ad-8d50-6f892f3fb09c/build]   | [INFO] Downloading from central: https://repo.maven.apache.org/maven2/org/apache/maven/reporting/maven-reporting/2.0.9/maven-reporting-2.0.9.pom
[9dfc6403-bc38-46ad-8d50-6f892f3fb09c/build]   | [INFO] Downloaded from central: https://repo.maven.apache.org/maven2/org/apache/maven/reporting/maven-reporting/2.0.9/maven-reporting-2.0.9.pom (1.5 kB at 164 kB/s)
[9dfc6403-bc38-46ad-8d50-6f892f3fb09c/build]   | [INFO] Downloading from central: https://repo.maven.apache.org/maven2/org/apache/maven/maven-toolchain/2.0.9/maven-toolchain-2.0.9.pom
[9dfc6403-bc38-46ad-8d50-6f892f3fb09c/build]   | [INFO] Downloaded from central: https://repo.maven.apache.org/maven2/org/apache/maven/maven-toolchain/2.0.9/maven-toolchain-2.0.9.pom (3.5 kB at 193 kB/s)
[9dfc6403-bc38-46ad-8d50-6f892f3fb09c/build]   | [INFO] Downloading from central: https://repo.maven.apache.org/maven2/org/apache/commons/commons-lang3/3.1/commons-lang3-3.1.pom
[9dfc6403-bc38-46ad-8d50-6f892f3fb09c/build]   | [INFO] Downloaded from central: https://repo.maven.apache.org/maven2/org/apache/commons/commons-lang3/3.1/commons-lang3-3.1.pom (17 kB at 796 kB/s)
[9dfc6403-bc38-46ad-8d50-6f892f3fb09c/build]   | [INFO] Downloading from central: https://repo.maven.apache.org/maven2/org/apache/commons/commons-parent/22/commons-parent-22.pom
[9dfc6403-bc38-46ad-8d50-6f892f3fb09c/build]   | [INFO] Downloaded from central: https://repo.maven.apache.org/maven2/org/apache/commons/commons-parent/22/commons-parent-22.pom (42 kB at 3.8 MB/s)
[9dfc6403-bc38-46ad-8d50-6f892f3fb09c/build]   | [INFO] Downloading from central: https://repo.maven.apache.org/maven2/org/apache/apache/9/apache-9.pom
[9dfc6403-bc38-46ad-8d50-6f892f3fb09c/build]   | [INFO] Downloaded from central: https://repo.maven.apache.org/maven2/org/apache/apache/9/apache-9.pom (15 kB at 842 kB/s)
[9dfc6403-bc38-46ad-8d50-6f892f3fb09c/build]   | [INFO] Downloading from central: https://repo.maven.apache.org/maven2/org/apache/maven/shared/maven-common-artifact-filters/1.3/maven-common-artifact-filters-1.3.pom
[9dfc6403-bc38-46ad-8d50-6f892f3fb09c/build]   | [INFO] Downloaded from central: https://repo.maven.apache.org/maven2/org/apache/maven/shared/maven-common-artifact-filters/1.3/maven-common-artifact-filters-1.3.pom (3.7 kB at 337 kB/s)
[9dfc6403-bc38-46ad-8d50-6f892f3fb09c/build]   | [INFO] Downloading from central: https://repo.maven.apache.org/maven2/org/apache/maven/shared/maven-shared-components/12/maven-shared-components-12.pom
[9dfc6403-bc38-46ad-8d50-6f892f3fb09c/build]   | [INFO] Downloaded from central: https://repo.maven.apache.org/maven2/org/apache/maven/shared/maven-shared-components/12/maven-shared-components-12.pom (9.3 kB at 233 kB/s)
[9dfc6403-bc38-46ad-8d50-6f892f3fb09c/build]   | [INFO] Downloading from central: https://repo.maven.apache.org/maven2/org/apache/maven/maven-parent/13/maven-parent-13.pom
[9dfc6403-bc38-46ad-8d50-6f892f3fb09c/build]   | [INFO] Downloaded from central: https://repo.maven.apache.org/maven2/org/apache/maven/maven-parent/13/maven-parent-13.pom (23 kB at 1.7 MB/s)
[9dfc6403-bc38-46ad-8d50-6f892f3fb09c/build]   | [INFO] Downloading from central: https://repo.maven.apache.org/maven2/org/apache/apache/6/apache-6.pom
[9dfc6403-bc38-46ad-8d50-6f892f3fb09c/build]   | [INFO] Downloaded from central: https://repo.maven.apache.org/maven2/org/apache/apache/6/apache-6.pom (13 kB at 533 kB/s)
[9dfc6403-bc38-46ad-8d50-6f892f3fb09c/build]   | [INFO] Downloading from central: https://repo.maven.apache.org/maven2/org/codehaus/plexus/plexus-container-default/1.0-alpha-9/plexus-container-default-1.0-alpha-9.pom
[9dfc6403-bc38-46ad-8d50-6f892f3fb09c/build]   | [INFO] Downloaded from central: https://repo.maven.apache.org/maven2/org/codehaus/plexus/plexus-container-default/1.0-alpha-9/plexus-container-default-1.0-alpha-9.pom (1.2 kB at 49 kB/s)
[9dfc6403-bc38-46ad-8d50-6f892f3fb09c/build]   | [INFO] Downloading from central: https://repo.maven.apache.org/maven2/org/apache/maven/surefire/surefire-booter/2.12.4/surefire-booter-2.12.4.jar
[9dfc6403-bc38-46ad-8d50-6f892f3fb09c/build]   | [INFO] Downloading from central: https://repo.maven.apache.org/maven2/org/apache/maven/surefire/surefire-api/2.12.4/surefire-api-2.12.4.jar
[9dfc6403-bc38-46ad-8d50-6f892f3fb09c/build]   | [INFO] Downloading from central: https://repo.maven.apache.org/maven2/org/apache/maven/surefire/maven-surefire-common/2.12.4/maven-surefire-common-2.12.4.jar
[9dfc6403-bc38-46ad-8d50-6f892f3fb09c/build]   | [INFO] Downloading from central: https://repo.maven.apache.org/maven2/org/apache/commons/commons-lang3/3.1/commons-lang3-3.1.jar
[9dfc6403-bc38-46ad-8d50-6f892f3fb09c/build]   | [INFO] Downloading from central: https://repo.maven.apache.org/maven2/org/apache/maven/shared/maven-common-artifact-filters/1.3/maven-common-artifact-filters-1.3.jar
[9dfc6403-bc38-46ad-8d50-6f892f3fb09c/build]   | [INFO] Downloaded from central: https://repo.maven.apache.org/maven2/org/apache/maven/surefire/surefire-booter/2.12.4/surefire-booter-2.12.4.jar (35 kB at 1.7 MB/s)
[9dfc6403-bc38-46ad-8d50-6f892f3fb09c/build]   | [INFO] Downloading from central: https://repo.maven.apache.org/maven2/org/codehaus/plexus/plexus-utils/3.0.8/plexus-utils-3.0.8.jar
[9dfc6403-bc38-46ad-8d50-6f892f3fb09c/build]   | [INFO] Downloaded from central: https://repo.maven.apache.org/maven2/org/apache/maven/surefire/surefire-api/2.12.4/surefire-api-2.12.4.jar (118 kB at 3.8 MB/s)
[9dfc6403-bc38-46ad-8d50-6f892f3fb09c/build]   | [INFO] Downloading from central: https://repo.maven.apache.org/maven2/org/apache/maven/reporting/maven-reporting-api/2.0.9/maven-reporting-api-2.0.9.jar
[9dfc6403-bc38-46ad-8d50-6f892f3fb09c/build]   | [INFO] Downloaded from central: https://repo.maven.apache.org/maven2/org/apache/maven/shared/maven-common-artifact-filters/1.3/maven-common-artifact-filters-1.3.jar (31 kB at 1.0 MB/s)
[9dfc6403-bc38-46ad-8d50-6f892f3fb09c/build]   | [INFO] Downloading from central: https://repo.maven.apache.org/maven2/org/apache/maven/maven-toolchain/2.0.9/maven-toolchain-2.0.9.jar
[9dfc6403-bc38-46ad-8d50-6f892f3fb09c/build]   | [INFO] Downloaded from central: https://repo.maven.apache.org/maven2/org/apache/maven/surefire/maven-surefire-common/2.12.4/maven-surefire-common-2.12.4.jar (263 kB at 6.0 MB/s)
[9dfc6403-bc38-46ad-8d50-6f892f3fb09c/build]   | [INFO] Downloading from central: https://repo.maven.apache.org/maven2/org/apache/maven/plugin-tools/maven-plugin-annotations/3.1/maven-plugin-annotations-3.1.jar
[9dfc6403-bc38-46ad-8d50-6f892f3fb09c/build]   | [INFO] Downloaded from central: https://repo.maven.apache.org/maven2/org/apache/commons/commons-lang3/3.1/commons-lang3-3.1.jar (316 kB at 7.2 MB/s)
[9dfc6403-bc38-46ad-8d50-6f892f3fb09c/build]   | [INFO] Downloaded from central: https://repo.maven.apache.org/maven2/org/codehaus/plexus/plexus-utils/3.0.8/plexus-utils-3.0.8.jar (232 kB at 4.5 MB/s)
[9dfc6403-bc38-46ad-8d50-6f892f3fb09c/build]   | [INFO] Downloaded from central: https://repo.maven.apache.org/maven2/org/apache/maven/reporting/maven-reporting-api/2.0.9/maven-reporting-api-2.0.9.jar (10 kB at 181 kB/s)
[9dfc6403-bc38-46ad-8d50-6f892f3fb09c/build]   | [INFO] Downloaded from central: https://repo.maven.apache.org/maven2/org/apache/maven/plugin-tools/maven-plugin-annotations/3.1/maven-plugin-annotations-3.1.jar (14 kB at 238 kB/s)
[9dfc6403-bc38-46ad-8d50-6f892f3fb09c/build]   | [INFO] Downloaded from central: https://repo.maven.apache.org/maven2/org/apache/maven/maven-toolchain/2.0.9/maven-toolchain-2.0.9.jar (38 kB at 584 kB/s)
[9dfc6403-bc38-46ad-8d50-6f892f3fb09c/build]   | [INFO] Surefire report directory: /tmp/edbb904f-deac-4494-ba55-bf0baa0a075a/target/surefire-reports
[9dfc6403-bc38-46ad-8d50-6f892f3fb09c/build]   | [INFO] Downloading from central: https://repo.maven.apache.org/maven2/org/apache/maven/surefire/surefire-junit4/2.12.4/surefire-junit4-2.12.4.pom
[9dfc6403-bc38-46ad-8d50-6f892f3fb09c/build]   | [INFO] Downloaded from central: https://repo.maven.apache.org/maven2/org/apache/maven/surefire/surefire-junit4/2.12.4/surefire-junit4-2.12.4.pom (2.4 kB at 78 kB/s)
[9dfc6403-bc38-46ad-8d50-6f892f3fb09c/build]   | [INFO] Downloading from central: https://repo.maven.apache.org/maven2/org/apache/maven/surefire/surefire-providers/2.12.4/surefire-providers-2.12.4.pom
[9dfc6403-bc38-46ad-8d50-6f892f3fb09c/build]   | [INFO] Downloaded from central: https://repo.maven.apache.org/maven2/org/apache/maven/surefire/surefire-providers/2.12.4/surefire-providers-2.12.4.pom (2.3 kB at 84 kB/s)
[9dfc6403-bc38-46ad-8d50-6f892f3fb09c/build]   | [INFO] Downloading from central: https://repo.maven.apache.org/maven2/org/apache/maven/surefire/surefire-junit4/2.12.4/surefire-junit4-2.12.4.jar
[9dfc6403-bc38-46ad-8d50-6f892f3fb09c/build]   | [INFO] Downloaded from central: https://repo.maven.apache.org/maven2/org/apache/maven/surefire/surefire-junit4/2.12.4/surefire-junit4-2.12.4.jar (37 kB at 1.6 MB/s)
[9dfc6403-bc38-46ad-8d50-6f892f3fb09c/build]   | 
[9dfc6403-bc38-46ad-8d50-6f892f3fb09c/build]   | -------------------------------------------------------
[9dfc6403-bc38-46ad-8d50-6f892f3fb09c/build]   |  T E S T S
[9dfc6403-bc38-46ad-8d50-6f892f3fb09c/build]   | -------------------------------------------------------
[9dfc6403-bc38-46ad-8d50-6f892f3fb09c/build]   | Running org.netpreserve.jwarc.LengthedBodyTest
[9dfc6403-bc38-46ad-8d50-6f892f3fb09c/build]   | Tests run: 1, Failures: 0, Errors: 0, Skipped: 0, Time elapsed: 0.12 sec
[9dfc6403-bc38-46ad-8d50-6f892f3fb09c/build]   | Running org.netpreserve.jwarc.GzipChannelTest
[9dfc6403-bc38-46ad-8d50-6f892f3fb09c/build]   | Tests run: 4, Failures: 0, Errors: 0, Skipped: 0, Time elapsed: 0.002 sec
[9dfc6403-bc38-46ad-8d50-6f892f3fb09c/build]   | Running org.netpreserve.jwarc.HttpRequestTest
[9dfc6403-bc38-46ad-8d50-6f892f3fb09c/build]   | Tests run: 2, Failures: 0, Errors: 0, Skipped: 0, Time elapsed: 0.021 sec
[9dfc6403-bc38-46ad-8d50-6f892f3fb09c/build]   | Running org.netpreserve.jwarc.URIsTest
[9dfc6403-bc38-46ad-8d50-6f892f3fb09c/build]   | Tests run: 1, Failures: 0, Errors: 0, Skipped: 0, Time elapsed: 0.009 sec
[9dfc6403-bc38-46ad-8d50-6f892f3fb09c/build]   | Running org.netpreserve.jwarc.HttpResponseTest
[9dfc6403-bc38-46ad-8d50-6f892f3fb09c/build]   | Tests run: 1, Failures: 0, Errors: 0, Skipped: 0, Time elapsed: 0.005 sec
[9dfc6403-bc38-46ad-8d50-6f892f3fb09c/build]   | Running org.netpreserve.jwarc.net.WarcServerTest
[9dfc6403-bc38-46ad-8d50-6f892f3fb09c/build]   | Tests run: 1, Failures: 0, Errors: 0, Skipped: 0, Time elapsed: 0.16 sec
[9dfc6403-bc38-46ad-8d50-6f892f3fb09c/build]   | Running org.netpreserve.jwarc.MessageHeadersTest
[9dfc6403-bc38-46ad-8d50-6f892f3fb09c/build]   | Tests run: 1, Failures: 0, Errors: 0, Skipped: 0, Time elapsed: 0.002 sec
[9dfc6403-bc38-46ad-8d50-6f892f3fb09c/build]   | Running org.netpreserve.jwarc.HttpParserTest
[9dfc6403-bc38-46ad-8d50-6f892f3fb09c/build]   | Tests run: 6, Failures: 0, Errors: 0, Skipped: 0, Time elapsed: 0.009 sec
[9dfc6403-bc38-46ad-8d50-6f892f3fb09c/build]   | Running org.netpreserve.jwarc.WarcDigestTest
[9dfc6403-bc38-46ad-8d50-6f892f3fb09c/build]   | Tests run: 10, Failures: 0, Errors: 0, Skipped: 0, Time elapsed: 0.027 sec
[9dfc6403-bc38-46ad-8d50-6f892f3fb09c/build]   | Running org.netpreserve.jwarc.WarcRecordTest
[9dfc6403-bc38-46ad-8d50-6f892f3fb09c/build]   | Tests run: 2, Failures: 0, Errors: 0, Skipped: 0, Time elapsed: 0.016 sec
[9dfc6403-bc38-46ad-8d50-6f892f3fb09c/build]   | Running org.netpreserve.jwarc.WarcTargetRecordTest
[9dfc6403-bc38-46ad-8d50-6f892f3fb09c/build]   | Tests run: 2, Failures: 0, Errors: 0, Skipped: 0, Time elapsed: 0.002 sec
[9dfc6403-bc38-46ad-8d50-6f892f3fb09c/build]   | Running org.netpreserve.jwarc.ChunkedBodyTest
[9dfc6403-bc38-46ad-8d50-6f892f3fb09c/build]   | Tests run: 6, Failures: 0, Errors: 0, Skipped: 0, Time elapsed: 0.016 sec
[9dfc6403-bc38-46ad-8d50-6f892f3fb09c/build]   | Running org.netpreserve.jwarc.apitests.WarcConversionTest
[9dfc6403-bc38-46ad-8d50-6f892f3fb09c/build]   | Tests run: 2, Failures: 0, Errors: 0, Skipped: 0, Time elapsed: 0.013 sec
[9dfc6403-bc38-46ad-8d50-6f892f3fb09c/build]   | Running org.netpreserve.jwarc.apitests.WarcResponseTest
[9dfc6403-bc38-46ad-8d50-6f892f3fb09c/build]   | Tests run: 6, Failures: 0, Errors: 0, Skipped: 0, Time elapsed: 0.021 sec
[9dfc6403-bc38-46ad-8d50-6f892f3fb09c/build]   | Running org.netpreserve.jwarc.apitests.WarcRevisitTest
[9dfc6403-bc38-46ad-8d50-6f892f3fb09c/build]   | Tests run: 3, Failures: 0, Errors: 0, Skipped: 0, Time elapsed: 0.007 sec
[9dfc6403-bc38-46ad-8d50-6f892f3fb09c/build]   | Running org.netpreserve.jwarc.apitests.WarcinfoTest
[9dfc6403-bc38-46ad-8d50-6f892f3fb09c/build]   | Tests run: 2, Failures: 0, Errors: 0, Skipped: 0, Time elapsed: 0.03 sec
[9dfc6403-bc38-46ad-8d50-6f892f3fb09c/build]   | Running org.netpreserve.jwarc.apitests.WarcResourceTest
[9dfc6403-bc38-46ad-8d50-6f892f3fb09c/build]   | Tests run: 1, Failures: 0, Errors: 0, Skipped: 0, Time elapsed: 0.002 sec
[9dfc6403-bc38-46ad-8d50-6f892f3fb09c/build]   | Running org.netpreserve.jwarc.apitests.MessageVersionTest
[9dfc6403-bc38-46ad-8d50-6f892f3fb09c/build]   | Tests run: 1, Failures: 0, Errors: 0, Skipped: 0, Time elapsed: 0.001 sec
[9dfc6403-bc38-46ad-8d50-6f892f3fb09c/build]   | Running org.netpreserve.jwarc.apitests.MediaTypeTest
[9dfc6403-bc38-46ad-8d50-6f892f3fb09c/build]   | Tests run: 1, Failures: 0, Errors: 0, Skipped: 0, Time elapsed: 0.004 sec
[9dfc6403-bc38-46ad-8d50-6f892f3fb09c/build]   | Running org.netpreserve.jwarc.apitests.WarcWriterTest
[9dfc6403-bc38-46ad-8d50-6f892f3fb09c/build]   | Tests run: 2, Failures: 0, Errors: 0, Skipped: 0, Time elapsed: 0.249 sec
[9dfc6403-bc38-46ad-8d50-6f892f3fb09c/build]   | Running org.netpreserve.jwarc.apitests.WarcFilterTest
[9dfc6403-bc38-46ad-8d50-6f892f3fb09c/build]   | Tests run: 1, Failures: 0, Errors: 0, Skipped: 0, Time elapsed: 0.02 sec
[9dfc6403-bc38-46ad-8d50-6f892f3fb09c/build]   | Running org.netpreserve.jwarc.apitests.ArcTest
[9dfc6403-bc38-46ad-8d50-6f892f3fb09c/build]   | Tests run: 1, Failures: 0, Errors: 0, Skipped: 0, Time elapsed: 0.009 sec
[9dfc6403-bc38-46ad-8d50-6f892f3fb09c/build]   | Running org.netpreserve.jwarc.apitests.WarcContinuationTest
[9dfc6403-bc38-46ad-8d50-6f892f3fb09c/build]   | Tests run: 2, Failures: 0, Errors: 0, Skipped: 0, Time elapsed: 0.005 sec
[9dfc6403-bc38-46ad-8d50-6f892f3fb09c/build]   | Running org.netpreserve.jwarc.apitests.WarcReaderTest
[9dfc6403-bc38-46ad-8d50-6f892f3fb09c/build]   | Failed testing pre-populated buffer of 4844 bytes length
[9dfc6403-bc38-46ad-8d50-6f892f3fb09c/build]   | Tests run: 9, Failures: 0, Errors: 0, Skipped: 1, Time elapsed: 0.903 sec
[9dfc6403-bc38-46ad-8d50-6f892f3fb09c/build]   | Running org.netpreserve.jwarc.apitests.WarcRequestTest
[9dfc6403-bc38-46ad-8d50-6f892f3fb09c/build]   | Tests run: 4, Failures: 0, Errors: 0, Skipped: 0, Time elapsed: 0.012 sec
[9dfc6403-bc38-46ad-8d50-6f892f3fb09c/build]   | Running org.netpreserve.jwarc.apitests.WarcMetadataTest
[9dfc6403-bc38-46ad-8d50-6f892f3fb09c/build]   | Tests run: 2, Failures: 0, Errors: 0, Skipped: 0, Time elapsed: 0.01 sec
[9dfc6403-bc38-46ad-8d50-6f892f3fb09c/build]   | Running org.netpreserve.jwarc.WarcParserTest
[9dfc6403-bc38-46ad-8d50-6f892f3fb09c/build]   | Tests run: 1, Failures: 0, Errors: 0, Skipped: 0, Time elapsed: 0.003 sec
[9dfc6403-bc38-46ad-8d50-6f892f3fb09c/build]   | Running org.netpreserve.jwarc.GunzipChannelTest
[9dfc6403-bc38-46ad-8d50-6f892f3fb09c/build]   | Tests run: 6, Failures: 0, Errors: 0, Skipped: 1, Time elapsed: 0.004 sec
[9dfc6403-bc38-46ad-8d50-6f892f3fb09c/build]   | Running org.netpreserve.jwarc.cdx.CdxFormatTest
[9dfc6403-bc38-46ad-8d50-6f892f3fb09c/build]   | Tests run: 4, Failures: 0, Errors: 0, Skipped: 0, Time elapsed: 0.023 sec
[9dfc6403-bc38-46ad-8d50-6f892f3fb09c/build]   | Running org.netpreserve.jwarc.cdx.JsonTokenizerTest
[9dfc6403-bc38-46ad-8d50-6f892f3fb09c/build]   | Tests run: 1, Failures: 0, Errors: 0, Skipped: 0, Time elapsed: 0.009 sec
[9dfc6403-bc38-46ad-8d50-6f892f3fb09c/build]   | Running org.netpreserve.jwarc.cdx.CdxReaderTest
[9dfc6403-bc38-46ad-8d50-6f892f3fb09c/build]   | Tests run: 1, Failures: 0, Errors: 0, Skipped: 0, Time elapsed: 0.007 sec
[9dfc6403-bc38-46ad-8d50-6f892f3fb09c/build]   | Running org.netpreserve.jwarc.cdx.CdxRequestEncoderTest
[9dfc6403-bc38-46ad-8d50-6f892f3fb09c/build]   | Tests run: 2, Failures: 0, Errors: 0, Skipped: 1, Time elapsed: 0.041 sec
[9dfc6403-bc38-46ad-8d50-6f892f3fb09c/build]   | Running org.netpreserve.jwarc.cdx.CdxWriterTest
[9dfc6403-bc38-46ad-8d50-6f892f3fb09c/build]   | Tests run: 1, Failures: 0, Errors: 0, Skipped: 0, Time elapsed: 0.007 sec
[9dfc6403-bc38-46ad-8d50-6f892f3fb09c/build]   | 
[9dfc6403-bc38-46ad-8d50-6f892f3fb09c/build]   | Results :
[9dfc6403-bc38-46ad-8d50-6f892f3fb09c/build]   | 
[9dfc6403-bc38-46ad-8d50-6f892f3fb09c/build]   | Tests run: 90, Failures: 0, Errors: 0, Skipped: 3
[9dfc6403-bc38-46ad-8d50-6f892f3fb09c/build]   | 
[9dfc6403-bc38-46ad-8d50-6f892f3fb09c/build]   | [INFO] 
[9dfc6403-bc38-46ad-8d50-6f892f3fb09c/build]   | [INFO] --- maven-jar-plugin:3.2.2:jar (default-jar) @ jwarc ---
[9dfc6403-bc38-46ad-8d50-6f892f3fb09c/build]   | [INFO] Downloading from central: https://repo.maven.apache.org/maven2/org/apache/maven/maven-plugin-api/3.1.0/maven-plugin-api-3.1.0.pom
[9dfc6403-bc38-46ad-8d50-6f892f3fb09c/build]   | [INFO] Downloaded from central: https://repo.maven.apache.org/maven2/org/apache/maven/maven-plugin-api/3.1.0/maven-plugin-api-3.1.0.pom (3.0 kB at 203 kB/s)
[9dfc6403-bc38-46ad-8d50-6f892f3fb09c/build]   | [INFO] Downloading from central: https://repo.maven.apache.org/maven2/org/apache/maven/maven/3.1.0/maven-3.1.0.pom
[9dfc6403-bc38-46ad-8d50-6f892f3fb09c/build]   | [INFO] Downloaded from central: https://repo.maven.apache.org/maven2/org/apache/maven/maven/3.1.0/maven-3.1.0.pom (22 kB at 1.5 MB/s)
[9dfc6403-bc38-46ad-8d50-6f892f3fb09c/build]   | [INFO] Downloading from central: https://repo.maven.apache.org/maven2/org/apache/maven/maven-model/3.1.0/maven-model-3.1.0.pom
[9dfc6403-bc38-46ad-8d50-6f892f3fb09c/build]   | [INFO] Downloaded from central: https://repo.maven.apache.org/maven2/org/apache/maven/maven-model/3.1.0/maven-model-3.1.0.pom (3.8 kB at 317 kB/s)
[9dfc6403-bc38-46ad-8d50-6f892f3fb09c/build]   | [INFO] Downloading from central: https://repo.maven.apache.org/maven2/org/codehaus/plexus/plexus-utils/3.0.10/plexus-utils-3.0.10.pom
[9dfc6403-bc38-46ad-8d50-6f892f3fb09c/build]   | [INFO] Downloaded from central: https://repo.maven.apache.org/maven2/org/codehaus/plexus/plexus-utils/3.0.10/plexus-utils-3.0.10.pom (3.1 kB at 449 kB/s)
[9dfc6403-bc38-46ad-8d50-6f892f3fb09c/build]   | [INFO] Downloading from central: https://repo.maven.apache.org/maven2/org/codehaus/plexus/plexus/3.3/plexus-3.3.pom
[9dfc6403-bc38-46ad-8d50-6f892f3fb09c/build]   | [INFO] Downloaded from central: https://repo.maven.apache.org/maven2/org/codehaus/plexus/plexus/3.3/plexus-3.3.pom (20 kB at 1.5 MB/s)
[9dfc6403-bc38-46ad-8d50-6f892f3fb09c/build]   | [INFO] Downloading from central: https://repo.maven.apache.org/maven2/org/apache/maven/maven-artifact/3.1.0/maven-artifact-3.1.0.pom
[9dfc6403-bc38-46ad-8d50-6f892f3fb09c/build]   | [INFO] Downloaded from central: https://repo.maven.apache.org/maven2/org/apache/maven/maven-artifact/3.1.0/maven-artifact-3.1.0.pom (1.6 kB at 136 kB/s)
[9dfc6403-bc38-46ad-8d50-6f892f3fb09c/build]   | [INFO] Downloading from central: https://repo.maven.apache.org/maven2/org/eclipse/sisu/org.eclipse.sisu.plexus/0.0.0.M2a/org.eclipse.sisu.plexus-0.0.0.M2a.pom
[9dfc6403-bc38-46ad-8d50-6f892f3fb09c/build]   | [INFO] Downloaded from central: https://repo.maven.apache.org/maven2/org/eclipse/sisu/org.eclipse.sisu.plexus/0.0.0.M2a/org.eclipse.sisu.plexus-0.0.0.M2a.pom (5.9 kB at 536 kB/s)
[9dfc6403-bc38-46ad-8d50-6f892f3fb09c/build]   | [INFO] Downloading from central: https://repo.maven.apache.org/maven2/org/eclipse/sisu/sisu-plexus/0.0.0.M2a/sisu-plexus-0.0.0.M2a.pom
[9dfc6403-bc38-46ad-8d50-6f892f3fb09c/build]   | [INFO] Downloaded from central: https://repo.maven.apache.org/maven2/org/eclipse/sisu/sisu-plexus/0.0.0.M2a/sisu-plexus-0.0.0.M2a.pom (7.9 kB at 879 kB/s)
[9dfc6403-bc38-46ad-8d50-6f892f3fb09c/build]   | [INFO] Downloading from central: https://repo.maven.apache.org/maven2/org/sonatype/oss/oss-parent/7/oss-parent-7.pom
[9dfc6403-bc38-46ad-8d50-6f892f3fb09c/build]   | [INFO] Downloaded from central: https://repo.maven.apache.org/maven2/org/sonatype/oss/oss-parent/7/oss-parent-7.pom (4.8 kB at 689 kB/s)
[9dfc6403-bc38-46ad-8d50-6f892f3fb09c/build]   | [INFO] Downloading from central: https://repo.maven.apache.org/maven2/javax/enterprise/cdi-api/1.0/cdi-api-1.0.pom
[9dfc6403-bc38-46ad-8d50-6f892f3fb09c/build]   | [INFO] Downloaded from central: https://repo.maven.apache.org/maven2/javax/enterprise/cdi-api/1.0/cdi-api-1.0.pom (1.4 kB at 120 kB/s)
[9dfc6403-bc38-46ad-8d50-6f892f3fb09c/build]   | [INFO] Downloading from central: https://repo.maven.apache.org/maven2/org/jboss/weld/weld-api-parent/1.0/weld-api-parent-1.0.pom
[9dfc6403-bc38-46ad-8d50-6f892f3fb09c/build]   | [INFO] Downloaded from central: https://repo.maven.apache.org/maven2/org/jboss/weld/weld-api-parent/1.0/weld-api-parent-1.0.pom (2.4 kB at 262 kB/s)
[9dfc6403-bc38-46ad-8d50-6f892f3fb09c/build]   | [INFO] Downloading from central: https://repo.maven.apache.org/maven2/org/jboss/weld/weld-api-bom/1.0/weld-api-bom-1.0.pom
[9dfc6403-bc38-46ad-8d50-6f892f3fb09c/build]   | [INFO] Downloaded from central: https://repo.maven.apache.org/maven2/org/jboss/weld/weld-api-bom/1.0/weld-api-bom-1.0.pom (7.9 kB at 879 kB/s)
[9dfc6403-bc38-46ad-8d50-6f892f3fb09c/build]   | [INFO] Downloading from central: https://repo.maven.apache.org/maven2/org/jboss/weld/weld-parent/6/weld-parent-6.pom
[9dfc6403-bc38-46ad-8d50-6f892f3fb09c/build]   | [INFO] Downloaded from central: https://repo.maven.apache.org/maven2/org/jboss/weld/weld-parent/6/weld-parent-6.pom (21 kB at 2.1 MB/s)
[9dfc6403-bc38-46ad-8d50-6f892f3fb09c/build]   | [INFO] Downloading from central: https://repo.maven.apache.org/maven2/javax/annotation/jsr250-api/1.0/jsr250-api-1.0.pom
[9dfc6403-bc38-46ad-8d50-6f892f3fb09c/build]   | [INFO] Downloaded from central: https://repo.maven.apache.org/maven2/javax/annotation/jsr250-api/1.0/jsr250-api-1.0.pom (1.0 kB at 57 kB/s)
[9dfc6403-bc38-46ad-8d50-6f892f3fb09c/build]   | [INFO] Downloading from central: https://repo.maven.apache.org/maven2/javax/inject/javax.inject/1/javax.inject-1.pom
[9dfc6403-bc38-46ad-8d50-6f892f3fb09c/build]   | [INFO] Downloaded from central: https://repo.maven.apache.org/maven2/javax/inject/javax.inject/1/javax.inject-1.pom (612 B at 24 kB/s)
[9dfc6403-bc38-46ad-8d50-6f892f3fb09c/build]   | [INFO] Downloading from central: https://repo.maven.apache.org/maven2/com/google/guava/guava/10.0.1/guava-10.0.1.pom
[9dfc6403-bc38-46ad-8d50-6f892f3fb09c/build]   | [INFO] Downloaded from central: https://repo.maven.apache.org/maven2/com/google/guava/guava/10.0.1/guava-10.0.1.pom (5.4 kB at 898 kB/s)
[9dfc6403-bc38-46ad-8d50-6f892f3fb09c/build]   | [INFO] Downloading from central: https://repo.maven.apache.org/maven2/com/google/guava/guava-parent/10.0.1/guava-parent-10.0.1.pom
[9dfc6403-bc38-46ad-8d50-6f892f3fb09c/build]   | [INFO] Downloaded from central: https://repo.maven.apache.org/maven2/com/google/guava/guava-parent/10.0.1/guava-parent-10.0.1.pom (2.0 kB at 280 kB/s)
[9dfc6403-bc38-46ad-8d50-6f892f3fb09c/build]   | [INFO] Downloading from central: https://repo.maven.apache.org/maven2/com/google/code/findbugs/jsr305/1.3.9/jsr305-1.3.9.pom
[9dfc6403-bc38-46ad-8d50-6f892f3fb09c/build]   | [INFO] Downloaded from central: https://repo.maven.apache.org/maven2/com/google/code/findbugs/jsr305/1.3.9/jsr305-1.3.9.pom (965 B at 88 kB/s)
[9dfc6403-bc38-46ad-8d50-6f892f3fb09c/build]   | [INFO] Downloading from central: https://repo.maven.apache.org/maven2/org/sonatype/sisu/sisu-guice/3.1.0/sisu-guice-3.1.0.pom
[9dfc6403-bc38-46ad-8d50-6f892f3fb09c/build]   | [INFO] Downloaded from central: https://repo.maven.apache.org/maven2/org/sonatype/sisu/sisu-guice/3.1.0/sisu-guice-3.1.0.pom (10 kB at 1.4 MB/s)
[9dfc6403-bc38-46ad-8d50-6f892f3fb09c/build]   | [INFO] Downloading from central: https://repo.maven.apache.org/maven2/org/sonatype/sisu/inject/guice-parent/3.1.0/guice-parent-3.1.0.pom
[9dfc6403-bc38-46ad-8d50-6f892f3fb09c/build]   | [INFO] Downloaded from central: https://repo.maven.apache.org/maven2/org/sonatype/sisu/inject/guice-parent/3.1.0/guice-parent-3.1.0.pom (11 kB at 1.6 MB/s)
[9dfc6403-bc38-46ad-8d50-6f892f3fb09c/build]   | [INFO] Downloading from central: https://repo.maven.apache.org/maven2/aopalliance/aopalliance/1.0/aopalliance-1.0.pom
[9dfc6403-bc38-46ad-8d50-6f892f3fb09c/build]   | [INFO] Downloaded from central: https://repo.maven.apache.org/maven2/aopalliance/aopalliance/1.0/aopalliance-1.0.pom (363 B at 36 kB/s)
[9dfc6403-bc38-46ad-8d50-6f892f3fb09c/build]   | [INFO] Downloading from central: https://repo.maven.apache.org/maven2/org/eclipse/sisu/org.eclipse.sisu.inject/0.0.0.M2a/org.eclipse.sisu.inject-0.0.0.M2a.pom
[9dfc6403-bc38-46ad-8d50-6f892f3fb09c/build]   | [INFO] Downloaded from central: https://repo.maven.apache.org/maven2/org/eclipse/sisu/org.eclipse.sisu.inject/0.0.0.M2a/org.eclipse.sisu.inject-0.0.0.M2a.pom (5.0 kB at 710 kB/s)
[9dfc6403-bc38-46ad-8d50-6f892f3fb09c/build]   | [INFO] Downloading from central: https://repo.maven.apache.org/maven2/org/eclipse/sisu/sisu-inject/0.0.0.M2a/sisu-inject-0.0.0.M2a.pom
[9dfc6403-bc38-46ad-8d50-6f892f3fb09c/build]   | [INFO] Downloaded from central: https://repo.maven.apache.org/maven2/org/eclipse/sisu/sisu-inject/0.0.0.M2a/sisu-inject-0.0.0.M2a.pom (7.8 kB at 867 kB/s)
[9dfc6403-bc38-46ad-8d50-6f892f3fb09c/build]   | [INFO] Downloading from central: https://repo.maven.apache.org/maven2/asm/asm/3.3.1/asm-3.3.1.pom
[9dfc6403-bc38-46ad-8d50-6f892f3fb09c/build]   | [INFO] Downloaded from central: https://repo.maven.apache.org/maven2/asm/asm/3.3.1/asm-3.3.1.pom (266 B at 44 kB/s)
[9dfc6403-bc38-46ad-8d50-6f892f3fb09c/build]   | [INFO] Downloading from central: https://repo.maven.apache.org/maven2/asm/asm-parent/3.3.1/asm-parent-3.3.1.pom
[9dfc6403-bc38-46ad-8d50-6f892f3fb09c/build]   | [INFO] Downloaded from central: https://repo.maven.apache.org/maven2/asm/asm-parent/3.3.1/asm-parent-3.3.1.pom (4.3 kB at 271 kB/s)
[9dfc6403-bc38-46ad-8d50-6f892f3fb09c/build]   | [INFO] Downloading from central: https://repo.maven.apache.org/maven2/org/codehaus/plexus/plexus-component-annotations/2.0.0/plexus-component-annotations-2.0.0.pom
[9dfc6403-bc38-46ad-8d50-6f892f3fb09c/build]   | [INFO] Downloaded from central: https://repo.maven.apache.org/maven2/org/codehaus/plexus/plexus-component-annotations/2.0.0/plexus-component-annotations-2.0.0.pom (750 B at 36 kB/s)
[9dfc6403-bc38-46ad-8d50-6f892f3fb09c/build]   | [INFO] Downloading from central: https://repo.maven.apache.org/maven2/org/codehaus/plexus/plexus-containers/2.0.0/plexus-containers-2.0.0.pom
[9dfc6403-bc38-46ad-8d50-6f892f3fb09c/build]   | [INFO] Downloaded from central: https://repo.maven.apache.org/maven2/org/codehaus/plexus/plexus-containers/2.0.0/plexus-containers-2.0.0.pom (4.8 kB at 343 kB/s)
[9dfc6403-bc38-46ad-8d50-6f892f3fb09c/build]   | [INFO] Downloading from central: https://repo.maven.apache.org/maven2/org/codehaus/plexus/plexus/5.1/plexus-5.1.pom
[9dfc6403-bc38-46ad-8d50-6f892f3fb09c/build]   | [INFO] Downloaded from central: https://repo.maven.apache.org/maven2/org/codehaus/plexus/plexus/5.1/plexus-5.1.pom (23 kB at 3.2 MB/s)
[9dfc6403-bc38-46ad-8d50-6f892f3fb09c/build]   | [INFO] Downloading from central: https://repo.maven.apache.org/maven2/org/codehaus/plexus/plexus-classworlds/2.4/plexus-classworlds-2.4.pom
[9dfc6403-bc38-46ad-8d50-6f892f3fb09c/build]   | [INFO] Downloaded from central: https://repo.maven.apache.org/maven2/org/codehaus/plexus/plexus-classworlds/2.4/plexus-classworlds-2.4.pom (3.9 kB at 277 kB/s)
[9dfc6403-bc38-46ad-8d50-6f892f3fb09c/build]   | [INFO] Downloading from central: https://repo.maven.apache.org/maven2/org/codehaus/plexus/plexus-utils/2.1/plexus-utils-2.1.pom
[9dfc6403-bc38-46ad-8d50-6f892f3fb09c/build]   | [INFO] Downloaded from central: https://repo.maven.apache.org/maven2/org/codehaus/plexus/plexus-utils/2.1/plexus-utils-2.1.pom (4.0 kB at 672 kB/s)
[9dfc6403-bc38-46ad-8d50-6f892f3fb09c/build]   | [INFO] Downloading from central: https://repo.maven.apache.org/maven2/org/sonatype/spice/spice-parent/16/spice-parent-16.pom
[9dfc6403-bc38-46ad-8d50-6f892f3fb09c/build]   | [INFO] Downloaded from central: https://repo.maven.apache.org/maven2/org/sonatype/spice/spice-parent/16/spice-parent-16.pom (8.4 kB at 557 kB/s)
[9dfc6403-bc38-46ad-8d50-6f892f3fb09c/build]   | [INFO] Downloading from central: https://repo.maven.apache.org/maven2/org/sonatype/forge/forge-parent/5/forge-parent-5.pom
[9dfc6403-bc38-46ad-8d50-6f892f3fb09c/build]   | [INFO] Downloaded from central: https://repo.maven.apache.org/maven2/org/sonatype/forge/forge-parent/5/forge-parent-5.pom (8.4 kB at 558 kB/s)
[9dfc6403-bc38-46ad-8d50-6f892f3fb09c/build]   | [INFO] Downloading from central: https://repo.maven.apache.org/maven2/org/apache/maven/maven-core/3.1.0/maven-core-3.1.0.pom
[9dfc6403-bc38-46ad-8d50-6f892f3fb09c/build]   | [INFO] Downloaded from central: https://repo.maven.apache.org/maven2/org/apache/maven/maven-core/3.1.0/maven-core-3.1.0.pom (6.9 kB at 577 kB/s)
[9dfc6403-bc38-46ad-8d50-6f892f3fb09c/build]   | [INFO] Downloading from central: https://repo.maven.apache.org/maven2/org/apache/maven/maven-settings/3.1.0/maven-settings-3.1.0.pom
[9dfc6403-bc38-46ad-8d50-6f892f3fb09c/build]   | [INFO] Downloaded from central: https://repo.maven.apache.org/maven2/org/apache/maven/maven-settings/3.1.0/maven-settings-3.1.0.pom (1.8 kB at 367 kB/s)
[9dfc6403-bc38-46ad-8d50-6f892f3fb09c/build]   | [INFO] Downloading from central: https://repo.maven.apache.org/maven2/org/apache/maven/maven-settings-builder/3.1.0/maven-settings-builder-3.1.0.pom
[9dfc6403-bc38-46ad-8d50-6f892f3fb09c/build]   | [INFO] Downloaded from central: https://repo.maven.apache.org/maven2/org/apache/maven/maven-settings-builder/3.1.0/maven-settings-builder-3.1.0.pom (2.3 kB at 376 kB/s)
[9dfc6403-bc38-46ad-8d50-6f892f3fb09c/build]   | [INFO] Downloading from central: https://repo.maven.apache.org/maven2/org/codehaus/plexus/plexus-interpolation/1.16/plexus-interpolation-1.16.pom
[9dfc6403-bc38-46ad-8d50-6f892f3fb09c/build]   | [INFO] Downloaded from central: https://repo.maven.apache.org/maven2/org/codehaus/plexus/plexus-interpolation/1.16/plexus-interpolation-1.16.pom (1.0 kB at 171 kB/s)
[9dfc6403-bc38-46ad-8d50-6f892f3fb09c/build]   | [INFO] Downloading from central: https://repo.maven.apache.org/maven2/org/codehaus/plexus/plexus-components/1.3/plexus-components-1.3.pom
[9dfc6403-bc38-46ad-8d50-6f892f3fb09c/build]   | [INFO] Downloaded from central: https://repo.maven.apache.org/maven2/org/codehaus/plexus/plexus-components/1.3/plexus-components-1.3.pom (3.1 kB at 437 kB/s)
[9dfc6403-bc38-46ad-8d50-6f892f3fb09c/build]   | [INFO] Downloading from central: https://repo.maven.apache.org/maven2/org/apache/maven/maven-repository-metadata/3.1.0/maven-repository-metadata-3.1.0.pom
[9dfc6403-bc38-46ad-8d50-6f892f3fb09c/build]   | [INFO] Downloaded from central: https://repo.maven.apache.org/maven2/org/apache/maven/maven-repository-metadata/3.1.0/maven-repository-metadata-3.1.0.pom (1.9 kB at 315 kB/s)
[9dfc6403-bc38-46ad-8d50-6f892f3fb09c/build]   | [INFO] Downloading from central: https://repo.maven.apache.org/maven2/org/apache/maven/maven-model-builder/3.1.0/maven-model-builder-3.1.0.pom
[9dfc6403-bc38-46ad-8d50-6f892f3fb09c/build]   | [INFO] Downloaded from central: https://repo.maven.apache.org/maven2/org/apache/maven/maven-model-builder/3.1.0/maven-model-builder-3.1.0.pom (2.5 kB at 412 kB/s)
[9dfc6403-bc38-46ad-8d50-6f892f3fb09c/build]   | [INFO] Downloading from central: https://repo.maven.apache.org/maven2/org/apache/maven/maven-aether-provider/3.1.0/maven-aether-provider-3.1.0.pom
[9dfc6403-bc38-46ad-8d50-6f892f3fb09c/build]   | [INFO] Downloaded from central: https://repo.maven.apache.org/maven2/org/apache/maven/maven-aether-provider/3.1.0/maven-aether-provider-3.1.0.pom (3.5 kB at 589 kB/s)
[9dfc6403-bc38-46ad-8d50-6f892f3fb09c/build]   | [INFO] Downloading from central: https://repo.maven.apache.org/maven2/org/eclipse/aether/aether-api/0.9.0.M2/aether-api-0.9.0.M2.pom
[9dfc6403-bc38-46ad-8d50-6f892f3fb09c/build]   | [INFO] Downloaded from central: https://repo.maven.apache.org/maven2/org/eclipse/aether/aether-api/0.9.0.M2/aether-api-0.9.0.M2.pom (1.7 kB at 217 kB/s)
[9dfc6403-bc38-46ad-8d50-6f892f3fb09c/build]   | [INFO] Downloading from central: https://repo.maven.apache.org/maven2/org/eclipse/aether/aether/0.9.0.M2/aether-0.9.0.M2.pom
[9dfc6403-bc38-46ad-8d50-6f892f3fb09c/build]   | [INFO] Downloaded from central: https://repo.maven.apache.org/maven2/org/eclipse/aether/aether/0.9.0.M2/aether-0.9.0.M2.pom (28 kB at 2.5 MB/s)
[9dfc6403-bc38-46ad-8d50-6f892f3fb09c/build]   | [INFO] Downloading from central: https://repo.maven.apache.org/maven2/org/eclipse/aether/aether-spi/0.9.0.M2/aether-spi-0.9.0.M2.pom
[9dfc6403-bc38-46ad-8d50-6f892f3fb09c/build]   | [INFO] Downloaded from central: https://repo.maven.apache.org/maven2/org/eclipse/aether/aether-spi/0.9.0.M2/aether-spi-0.9.0.M2.pom (1.8 kB at 195 kB/s)
[9dfc6403-bc38-46ad-8d50-6f892f3fb09c/build]   | [INFO] Downloading from central: https://repo.maven.apache.org/maven2/org/eclipse/aether/aether-util/0.9.0.M2/aether-util-0.9.0.M2.pom
[9dfc6403-bc38-46ad-8d50-6f892f3fb09c/build]   | [INFO] Downloaded from central: https://repo.maven.apache.org/maven2/org/eclipse/aether/aether-util/0.9.0.M2/aether-util-0.9.0.M2.pom (2.0 kB at 291 kB/s)
[9dfc6403-bc38-46ad-8d50-6f892f3fb09c/build]   | [INFO] Downloading from central: https://repo.maven.apache.org/maven2/org/eclipse/aether/aether-impl/0.9.0.M2/aether-impl-0.9.0.M2.pom
[9dfc6403-bc38-46ad-8d50-6f892f3fb09c/build]   | [INFO] Downloaded from central: https://repo.maven.apache.org/maven2/org/eclipse/aether/aether-impl/0.9.0.M2/aether-impl-0.9.0.M2.pom (3.3 kB at 478 kB/s)
[9dfc6403-bc38-46ad-8d50-6f892f3fb09c/build]   | [INFO] Downloading from central: https://repo.maven.apache.org/maven2/org/codehaus/plexus/plexus-classworlds/2.4.2/plexus-classworlds-2.4.2.pom
[9dfc6403-bc38-46ad-8d50-6f892f3fb09c/build]   | [INFO] Downloaded from central: https://repo.maven.apache.org/maven2/org/codehaus/plexus/plexus-classworlds/2.4.2/plexus-classworlds-2.4.2.pom (3.5 kB at 501 kB/s)
[9dfc6403-bc38-46ad-8d50-6f892f3fb09c/build]   | [INFO] Downloading from central: https://repo.maven.apache.org/maven2/org/codehaus/plexus/plexus/3.0.1/plexus-3.0.1.pom
[9dfc6403-bc38-46ad-8d50-6f892f3fb09c/build]   | [INFO] Downloaded from central: https://repo.maven.apache.org/maven2/org/codehaus/plexus/plexus/3.0.1/plexus-3.0.1.pom (19 kB at 3.1 MB/s)
[9dfc6403-bc38-46ad-8d50-6f892f3fb09c/build]   | [INFO] Downloading from central: https://repo.maven.apache.org/maven2/org/apache/maven/shared/file-management/3.0.0/file-management-3.0.0.pom
[9dfc6403-bc38-46ad-8d50-6f892f3fb09c/build]   | [INFO] Downloaded from central: https://repo.maven.apache.org/maven2/org/apache/maven/shared/file-management/3.0.0/file-management-3.0.0.pom (4.7 kB at 781 kB/s)
[9dfc6403-bc38-46ad-8d50-6f892f3fb09c/build]   | [INFO] Downloading from central: https://repo.maven.apache.org/maven2/org/apache/maven/shared/maven-shared-components/22/maven-shared-components-22.pom
[9dfc6403-bc38-46ad-8d50-6f892f3fb09c/build]   | [INFO] Downloaded from central: https://repo.maven.apache.org/maven2/org/apache/maven/shared/maven-shared-components/22/maven-shared-components-22.pom (5.1 kB at 731 kB/s)
[9dfc6403-bc38-46ad-8d50-6f892f3fb09c/build]   | [INFO] Downloading from central: https://repo.maven.apache.org/maven2/org/apache/maven/maven-parent/27/maven-parent-27.pom
[9dfc6403-bc38-46ad-8d50-6f892f3fb09c/build]   | [INFO] Downloaded from central: https://repo.maven.apache.org/maven2/org/apache/maven/maven-parent/27/maven-parent-27.pom (41 kB at 4.5 MB/s)
[9dfc6403-bc38-46ad-8d50-6f892f3fb09c/build]   | [INFO] Downloading from central: https://repo.maven.apache.org/maven2/org/apache/apache/17/apache-17.pom
[9dfc6403-bc38-46ad-8d50-6f892f3fb09c/build]   | [INFO] Downloaded from central: https://repo.maven.apache.org/maven2/org/apache/apache/17/apache-17.pom (16 kB at 1.1 MB/s)
[9dfc6403-bc38-46ad-8d50-6f892f3fb09c/build]   | [INFO] Downloading from central: https://repo.maven.apache.org/maven2/org/apache/maven/maven-plugin-api/3.0/maven-plugin-api-3.0.pom
[9dfc6403-bc38-46ad-8d50-6f892f3fb09c/build]   | [INFO] Downloaded from central: https://repo.maven.apache.org/maven2/org/apache/maven/maven-plugin-api/3.0/maven-plugin-api-3.0.pom (2.3 kB at 327 kB/s)
[9dfc6403-bc38-46ad-8d50-6f892f3fb09c/build]   | [INFO] Downloading from central: https://repo.maven.apache.org/maven2/org/apache/maven/maven/3.0/maven-3.0.pom
[9dfc6403-bc38-46ad-8d50-6f892f3fb09c/build]   | [INFO] Downloaded from central: https://repo.maven.apache.org/maven2/org/apache/maven/maven/3.0/maven-3.0.pom (22 kB at 1.8 MB/s)
[9dfc6403-bc38-46ad-8d50-6f892f3fb09c/build]   | [INFO] Downloading from central: https://repo.maven.apache.org/maven2/org/apache/maven/maven-parent/15/maven-parent-15.pom
[9dfc6403-bc38-46ad-8d50-6f892f3fb09c/build]   | [INFO] Downloaded from central: https://repo.maven.apache.org/maven2/org/apache/maven/maven-parent/15/maven-parent-15.pom (24 kB at 2.2 MB/s)
[9dfc6403-bc38-46ad-8d50-6f892f3fb09c/build]   | [INFO] Downloading from central: https://repo.maven.apache.org/maven2/org/apache/maven/maven-model/3.0/maven-model-3.0.pom
[9dfc6403-bc38-46ad-8d50-6f892f3fb09c/build]   | [INFO] Downloaded from central: https://repo.maven.apache.org/maven2/org/apache/maven/maven-model/3.0/maven-model-3.0.pom (3.9 kB at 299 kB/s)
[9dfc6403-bc38-46ad-8d50-6f892f3fb09c/build]   | [INFO] Downloading from central: https://repo.maven.apache.org/maven2/org/codehaus/plexus/plexus-utils/2.0.4/plexus-utils-2.0.4.pom
[9dfc6403-bc38-46ad-8d50-6f892f3fb09c/build]   | [INFO] Downloaded from central: https://repo.maven.apache.org/maven2/org/codehaus/plexus/plexus-utils/2.0.4/plexus-utils-2.0.4.pom (3.3 kB at 278 kB/s)
[9dfc6403-bc38-46ad-8d50-6f892f3fb09c/build]   | [INFO] Downloading from central: https://repo.maven.apache.org/maven2/org/apache/maven/maven-artifact/3.0/maven-artifact-3.0.pom
[9dfc6403-bc38-46ad-8d50-6f892f3fb09c/build]   | [INFO] Downloaded from central: https://repo.maven.apache.org/maven2/org/apache/maven/maven-artifact/3.0/maven-artifact-3.0.pom (1.9 kB at 138 kB/s)
[9dfc6403-bc38-46ad-8d50-6f892f3fb09c/build]   | [INFO] Downloading from central: https://repo.maven.apache.org/maven2/org/sonatype/sisu/sisu-inject-plexus/1.4.2/sisu-inject-plexus-1.4.2.pom
[9dfc6403-bc38-46ad-8d50-6f892f3fb09c/build]   | [INFO] Downloaded from central: https://repo.maven.apache.org/maven2/org/sonatype/sisu/sisu-inject-plexus/1.4.2/sisu-inject-plexus-1.4.2.pom (5.4 kB at 384 kB/s)
[9dfc6403-bc38-46ad-8d50-6f892f3fb09c/build]   | [INFO] Downloading from central: https://repo.maven.apache.org/maven2/org/sonatype/sisu/inject/guice-plexus/1.4.2/guice-plexus-1.4.2.pom
[9dfc6403-bc38-46ad-8d50-6f892f3fb09c/build]   | [INFO] Downloaded from central: https://repo.maven.apache.org/maven2/org/sonatype/sisu/inject/guice-plexus/1.4.2/guice-plexus-1.4.2.pom (3.1 kB at 209 kB/s)
[9dfc6403-bc38-46ad-8d50-6f892f3fb09c/build]   | [INFO] Downloading from central: https://repo.maven.apache.org/maven2/org/sonatype/sisu/inject/guice-bean/1.4.2/guice-bean-1.4.2.pom
[9dfc6403-bc38-46ad-8d50-6f892f3fb09c/build]   | [INFO] Downloaded from central: https://repo.maven.apache.org/maven2/org/sonatype/sisu/inject/guice-bean/1.4.2/guice-bean-1.4.2.pom (2.6 kB at 217 kB/s)
[9dfc6403-bc38-46ad-8d50-6f892f3fb09c/build]   | [INFO] Downloading from central: https://repo.maven.apache.org/maven2/org/sonatype/sisu/sisu-inject/1.4.2/sisu-inject-1.4.2.pom
[9dfc6403-bc38-46ad-8d50-6f892f3fb09c/build]   | [INFO] Downloaded from central: https://repo.maven.apache.org/maven2/org/sonatype/sisu/sisu-inject/1.4.2/sisu-inject-1.4.2.pom (1.2 kB at 114 kB/s)
[9dfc6403-bc38-46ad-8d50-6f892f3fb09c/build]   | [INFO] Downloading from central: https://repo.maven.apache.org/maven2/org/sonatype/sisu/sisu-parent/1.4.2/sisu-parent-1.4.2.pom
[9dfc6403-bc38-46ad-8d50-6f892f3fb09c/build]   | [INFO] Downloaded from central: https://repo.maven.apache.org/maven2/org/sonatype/sisu/sisu-parent/1.4.2/sisu-parent-1.4.2.pom (7.8 kB at 389 kB/s)
[9dfc6403-bc38-46ad-8d50-6f892f3fb09c/build]   | [INFO] Downloading from central: https://repo.maven.apache.org/maven2/org/sonatype/forge/forge-parent/6/forge-parent-6.pom
[9dfc6403-bc38-46ad-8d50-6f892f3fb09c/build]   | [INFO] Downloaded from central: https://repo.maven.apache.org/maven2/org/sonatype/forge/forge-parent/6/forge-parent-6.pom (11 kB at 307 kB/s)
[9dfc6403-bc38-46ad-8d50-6f892f3fb09c/build]   | [INFO] Downloading from central: https://repo.maven.apache.org/maven2/org/codehaus/plexus/plexus-classworlds/2.2.3/plexus-classworlds-2.2.3.pom
[9dfc6403-bc38-46ad-8d50-6f892f3fb09c/build]   | [INFO] Downloaded from central: https://repo.maven.apache.org/maven2/org/codehaus/plexus/plexus-classworlds/2.2.3/plexus-classworlds-2.2.3.pom (4.0 kB at 148 kB/s)
[9dfc6403-bc38-46ad-8d50-6f892f3fb09c/build]   | [INFO] Downloading from central: https://repo.maven.apache.org/maven2/org/sonatype/sisu/sisu-inject-bean/1.4.2/sisu-inject-bean-1.4.2.pom
[9dfc6403-bc38-46ad-8d50-6f892f3fb09c/build]   | [INFO] Downloaded from central: https://repo.maven.apache.org/maven2/org/sonatype/sisu/sisu-inject-bean/1.4.2/sisu-inject-bean-1.4.2.pom (5.5 kB at 188 kB/s)
[9dfc6403-bc38-46ad-8d50-6f892f3fb09c/build]   | [INFO] Downloading from central: https://repo.maven.apache.org/maven2/org/sonatype/sisu/sisu-guice/2.1.7/sisu-guice-2.1.7.pom
[9dfc6403-bc38-46ad-8d50-6f892f3fb09c/build]   | [INFO] Downloaded from central: https://repo.maven.apache.org/maven2/org/sonatype/sisu/sisu-guice/2.1.7/sisu-guice-2.1.7.pom (11 kB at 851 kB/s)
[9dfc6403-bc38-46ad-8d50-6f892f3fb09c/build]   | [INFO] Downloading from central: https://repo.maven.apache.org/maven2/org/apache/maven/shared/maven-shared-io/3.0.0/maven-shared-io-3.0.0.pom
[9dfc6403-bc38-46ad-8d50-6f892f3fb09c/build]   | [INFO] Downloaded from central: https://repo.maven.apache.org/maven2/org/apache/maven/shared/maven-shared-io/3.0.0/maven-shared-io-3.0.0.pom (4.2 kB at 297 kB/s)
[9dfc6403-bc38-46ad-8d50-6f892f3fb09c/build]   | [INFO] Downloading from central: https://repo.maven.apache.org/maven2/org/apache/maven/maven-compat/3.0/maven-compat-3.0.pom
[9dfc6403-bc38-46ad-8d50-6f892f3fb09c/build]   | [INFO] Downloaded from central: https://repo.maven.apache.org/maven2/org/apache/maven/maven-compat/3.0/maven-compat-3.0.pom (4.0 kB at 309 kB/s)
[9dfc6403-bc38-46ad-8d50-6f892f3fb09c/build]   | [INFO] Downloading from central: https://repo.maven.apache.org/maven2/org/apache/maven/maven-model-builder/3.0/maven-model-builder-3.0.pom
[9dfc6403-bc38-46ad-8d50-6f892f3fb09c/build]   | [INFO] Downloaded from central: https://repo.maven.apache.org/maven2/org/apache/maven/maven-model-builder/3.0/maven-model-builder-3.0.pom (2.2 kB at 150 kB/s)
[9dfc6403-bc38-46ad-8d50-6f892f3fb09c/build]   | [INFO] Downloading from central: https://repo.maven.apache.org/maven2/org/codehaus/plexus/plexus-interpolation/1.14/plexus-interpolation-1.14.pom
[9dfc6403-bc38-46ad-8d50-6f892f3fb09c/build]   | [INFO] Downloaded from central: https://repo.maven.apache.org/maven2/org/codehaus/plexus/plexus-interpolation/1.14/plexus-interpolation-1.14.pom (910 B at 76 kB/s)
[9dfc6403-bc38-46ad-8d50-6f892f3fb09c/build]   | [INFO] Downloading from central: https://repo.maven.apache.org/maven2/org/codehaus/plexus/plexus-components/1.1.18/plexus-components-1.1.18.pom
[9dfc6403-bc38-46ad-8d50-6f892f3fb09c/build]   | [INFO] Downloaded from central: https://repo.maven.apache.org/maven2/org/codehaus/plexus/plexus-components/1.1.18/plexus-components-1.1.18.pom (5.4 kB at 382 kB/s)
[9dfc6403-bc38-46ad-8d50-6f892f3fb09c/build]   | [INFO] Downloading from central: https://repo.maven.apache.org/maven2/org/apache/maven/maven-settings/3.0/maven-settings-3.0.pom
[9dfc6403-bc38-46ad-8d50-6f892f3fb09c/build]   | [INFO] Downloaded from central: https://repo.maven.apache.org/maven2/org/apache/maven/maven-settings/3.0/maven-settings-3.0.pom (1.9 kB at 70 kB/s)
[9dfc6403-bc38-46ad-8d50-6f892f3fb09c/build]   | [INFO] Downloading from central: https://repo.maven.apache.org/maven2/org/apache/maven/maven-core/3.0/maven-core-3.0.pom
[9dfc6403-bc38-46ad-8d50-6f892f3fb09c/build]   | [INFO] Downloaded from central: https://repo.maven.apache.org/maven2/org/apache/maven/maven-core/3.0/maven-core-3.0.pom (6.6 kB at 331 kB/s)
[9dfc6403-bc38-46ad-8d50-6f892f3fb09c/build]   | [INFO] Downloading from central: https://repo.maven.apache.org/maven2/org/apache/maven/maven-settings-builder/3.0/maven-settings-builder-3.0.pom
[9dfc6403-bc38-46ad-8d50-6f892f3fb09c/build]   | [INFO] Downloaded from central: https://repo.maven.apache.org/maven2/org/apache/maven/maven-settings-builder/3.0/maven-settings-builder-3.0.pom (2.2 kB at 139 kB/s)
[9dfc6403-bc38-46ad-8d50-6f892f3fb09c/build]   | [INFO] Downloading from central: https://repo.maven.apache.org/maven2/org/apache/maven/maven-repository-metadata/3.0/maven-repository-metadata-3.0.pom
[9dfc6403-bc38-46ad-8d50-6f892f3fb09c/build]   | [INFO] Downloaded from central: https://repo.maven.apache.org/maven2/org/apache/maven/maven-repository-metadata/3.0/maven-repository-metadata-3.0.pom (1.9 kB at 138 kB/s)
[9dfc6403-bc38-46ad-8d50-6f892f3fb09c/build]   | [INFO] Downloading from central: https://repo.maven.apache.org/maven2/org/apache/maven/maven-aether-provider/3.0/maven-aether-provider-3.0.pom
[9dfc6403-bc38-46ad-8d50-6f892f3fb09c/build]   | [INFO] Downloaded from central: https://repo.maven.apache.org/maven2/org/apache/maven/maven-aether-provider/3.0/maven-aether-provider-3.0.pom (2.5 kB at 176 kB/s)
[9dfc6403-bc38-46ad-8d50-6f892f3fb09c/build]   | [INFO] Downloading from central: https://repo.maven.apache.org/maven2/org/sonatype/aether/aether-api/1.7/aether-api-1.7.pom
[9dfc6403-bc38-46ad-8d50-6f892f3fb09c/build]   | [INFO] Downloaded from central: https://repo.maven.apache.org/maven2/org/sonatype/aether/aether-api/1.7/aether-api-1.7.pom (1.7 kB at 120 kB/s)
[9dfc6403-bc38-46ad-8d50-6f892f3fb09c/build]   | [INFO] Downloading from central: https://repo.maven.apache.org/maven2/org/sonatype/aether/aether-parent/1.7/aether-parent-1.7.pom
[9dfc6403-bc38-46ad-8d50-6f892f3fb09c/build]   | [INFO] Downloaded from central: https://repo.maven.apache.org/maven2/org/sonatype/aether/aether-parent/1.7/aether-parent-1.7.pom (7.7 kB at 368 kB/s)
[9dfc6403-bc38-46ad-8d50-6f892f3fb09c/build]   | [INFO] Downloading from central: https://repo.maven.apache.org/maven2/org/sonatype/aether/aether-util/1.7/aether-util-1.7.pom
[9dfc6403-bc38-46ad-8d50-6f892f3fb09c/build]   | [INFO] Downloaded from central: https://repo.maven.apache.org/maven2/org/sonatype/aether/aether-util/1.7/aether-util-1.7.pom (2.1 kB at 129 kB/s)
[9dfc6403-bc38-46ad-8d50-6f892f3fb09c/build]   | [INFO] Downloading from central: https://repo.maven.apache.org/maven2/org/sonatype/aether/aether-impl/1.7/aether-impl-1.7.pom
[9dfc6403-bc38-46ad-8d50-6f892f3fb09c/build]   | [INFO] Downloaded from central: https://repo.maven.apache.org/maven2/org/sonatype/aether/aether-impl/1.7/aether-impl-1.7.pom (3.7 kB at 264 kB/s)
[9dfc6403-bc38-46ad-8d50-6f892f3fb09c/build]   | [INFO] Downloading from central: https://repo.maven.apache.org/maven2/org/sonatype/aether/aether-spi/1.7/aether-spi-1.7.pom
[9dfc6403-bc38-46ad-8d50-6f892f3fb09c/build]   | [INFO] Downloaded from central: https://repo.maven.apache.org/maven2/org/sonatype/aether/aether-spi/1.7/aether-spi-1.7.pom (1.7 kB at 109 kB/s)
[9dfc6403-bc38-46ad-8d50-6f892f3fb09c/build]   | [INFO] Downloading from central: https://repo.maven.apache.org/maven2/org/apache/maven/wagon/wagon-provider-api/1.0-beta-6/wagon-provider-api-1.0-beta-6.pom
[9dfc6403-bc38-46ad-8d50-6f892f3fb09c/build]   | [INFO] Downloaded from central: https://repo.maven.apache.org/maven2/org/apache/maven/wagon/wagon-provider-api/1.0-beta-6/wagon-provider-api-1.0-beta-6.pom (1.8 kB at 40 kB/s)
[9dfc6403-bc38-46ad-8d50-6f892f3fb09c/build]   | [INFO] Downloading from central: https://repo.maven.apache.org/maven2/org/apache/maven/wagon/wagon/1.0-beta-6/wagon-1.0-beta-6.pom
[9dfc6403-bc38-46ad-8d50-6f892f3fb09c/build]   | [INFO] Downloaded from central: https://repo.maven.apache.org/maven2/org/apache/maven/wagon/wagon/1.0-beta-6/wagon-1.0-beta-6.pom (12 kB at 442 kB/s)
[9dfc6403-bc38-46ad-8d50-6f892f3fb09c/build]   | [INFO] Downloading from central: https://repo.maven.apache.org/maven2/org/codehaus/plexus/plexus-utils/1.4.2/plexus-utils-1.4.2.pom
[9dfc6403-bc38-46ad-8d50-6f892f3fb09c/build]   | [INFO] Downloaded from central: https://repo.maven.apache.org/maven2/org/codehaus/plexus/plexus-utils/1.4.2/plexus-utils-1.4.2.pom (2.0 kB at 78 kB/s)
[9dfc6403-bc38-46ad-8d50-6f892f3fb09c/build]   | [INFO] Downloading from central: https://repo.maven.apache.org/maven2/org/apache/maven/wagon/wagon-provider-api/2.10/wagon-provider-api-2.10.pom
[9dfc6403-bc38-46ad-8d50-6f892f3fb09c/build]   | [INFO] Downloaded from central: https://repo.maven.apache.org/maven2/org/apache/maven/wagon/wagon-provider-api/2.10/wagon-provider-api-2.10.pom (1.7 kB at 173 kB/s)
[9dfc6403-bc38-46ad-8d50-6f892f3fb09c/build]   | [INFO] Downloading from central: https://repo.maven.apache.org/maven2/org/apache/maven/wagon/wagon/2.10/wagon-2.10.pom
[9dfc6403-bc38-46ad-8d50-6f892f3fb09c/build]   | [INFO] Downloaded from central: https://repo.maven.apache.org/maven2/org/apache/maven/wagon/wagon/2.10/wagon-2.10.pom (21 kB at 1.9 MB/s)
[9dfc6403-bc38-46ad-8d50-6f892f3fb09c/build]   | [INFO] Downloading from central: https://repo.maven.apache.org/maven2/org/apache/maven/maven-parent/26/maven-parent-26.pom
[9dfc6403-bc38-46ad-8d50-6f892f3fb09c/build]   | [INFO] Downloaded from central: https://repo.maven.apache.org/maven2/org/apache/maven/maven-parent/26/maven-parent-26.pom (40 kB at 4.4 MB/s)
[9dfc6403-bc38-46ad-8d50-6f892f3fb09c/build]   | [INFO] Downloading from central: https://repo.maven.apache.org/maven2/org/apache/apache/16/apache-16.pom
[9dfc6403-bc38-46ad-8d50-6f892f3fb09c/build]   | [INFO] Downloaded from central: https://repo.maven.apache.org/maven2/org/apache/apache/16/apache-16.pom (15 kB at 1.5 MB/s)
[9dfc6403-bc38-46ad-8d50-6f892f3fb09c/build]   | [INFO] Downloading from central: https://repo.maven.apache.org/maven2/org/codehaus/plexus/plexus-utils/3.0.15/plexus-utils-3.0.15.pom
[9dfc6403-bc38-46ad-8d50-6f892f3fb09c/build]   | [INFO] Downloaded from central: https://repo.maven.apache.org/maven2/org/codehaus/plexus/plexus-utils/3.0.15/plexus-utils-3.0.15.pom (3.1 kB at 210 kB/s)
[9dfc6403-bc38-46ad-8d50-6f892f3fb09c/build]   | [INFO] Downloading from central: https://repo.maven.apache.org/maven2/org/apache/maven/shared/maven-shared-utils/3.0.0/maven-shared-utils-3.0.0.pom
[9dfc6403-bc38-46ad-8d50-6f892f3fb09c/build]   | [INFO] Downloaded from central: https://repo.maven.apache.org/maven2/org/apache/maven/shared/maven-shared-utils/3.0.0/maven-shared-utils-3.0.0.pom (5.6 kB at 372 kB/s)
[9dfc6403-bc38-46ad-8d50-6f892f3fb09c/build]   | [INFO] Downloading from central: https://repo.maven.apache.org/maven2/org/apache/maven/shared/maven-shared-components/21/maven-shared-components-21.pom
[9dfc6403-bc38-46ad-8d50-6f892f3fb09c/build]   | [INFO] Downloaded from central: https://repo.maven.apache.org/maven2/org/apache/maven/shared/maven-shared-components/21/maven-shared-components-21.pom (5.1 kB at 365 kB/s)
[9dfc6403-bc38-46ad-8d50-6f892f3fb09c/build]   | [INFO] Downloading from central: https://repo.maven.apache.org/maven2/org/apache/maven/maven-parent/25/maven-parent-25.pom
[9dfc6403-bc38-46ad-8d50-6f892f3fb09c/build]   | [INFO] Downloaded from central: https://repo.maven.apache.org/maven2/org/apache/maven/maven-parent/25/maven-parent-25.pom (37 kB at 2.3 MB/s)
[9dfc6403-bc38-46ad-8d50-6f892f3fb09c/build]   | [INFO] Downloading from central: https://repo.maven.apache.org/maven2/org/apache/apache/15/apache-15.pom
[9dfc6403-bc38-46ad-8d50-6f892f3fb09c/build]   | [INFO] Downloaded from central: https://repo.maven.apache.org/maven2/org/apache/apache/15/apache-15.pom (15 kB at 952 kB/s)
[9dfc6403-bc38-46ad-8d50-6f892f3fb09c/build]   | [INFO] Downloading from central: https://repo.maven.apache.org/maven2/commons-io/commons-io/2.4/commons-io-2.4.pom
[9dfc6403-bc38-46ad-8d50-6f892f3fb09c/build]   | [INFO] Downloaded from central: https://repo.maven.apache.org/maven2/commons-io/commons-io/2.4/commons-io-2.4.pom (10 kB at 598 kB/s)
[9dfc6403-bc38-46ad-8d50-6f892f3fb09c/build]   | [INFO] Downloading from central: https://repo.maven.apache.org/maven2/org/apache/commons/commons-parent/25/commons-parent-25.pom
[9dfc6403-bc38-46ad-8d50-6f892f3fb09c/build]   | [INFO] Downloaded from central: https://repo.maven.apache.org/maven2/org/apache/commons/commons-parent/25/commons-parent-25.pom (48 kB at 2.7 MB/s)
[9dfc6403-bc38-46ad-8d50-6f892f3fb09c/build]   | [INFO] Downloading from central: https://repo.maven.apache.org/maven2/org/codehaus/plexus/plexus-utils/3.0.22/plexus-utils-3.0.22.pom
[9dfc6403-bc38-46ad-8d50-6f892f3fb09c/build]   | [INFO] Downloaded from central: https://repo.maven.apache.org/maven2/org/codehaus/plexus/plexus-utils/3.0.22/plexus-utils-3.0.22.pom (3.8 kB at 167 kB/s)
[9dfc6403-bc38-46ad-8d50-6f892f3fb09c/build]   | [INFO] Downloading from central: https://repo.maven.apache.org/maven2/org/apache/maven/maven-archiver/3.5.2/maven-archiver-3.5.2.pom
[9dfc6403-bc38-46ad-8d50-6f892f3fb09c/build]   | [INFO] Downloaded from central: https://repo.maven.apache.org/maven2/org/apache/maven/maven-archiver/3.5.2/maven-archiver-3.5.2.pom (5.5 kB at 154 kB/s)
[9dfc6403-bc38-46ad-8d50-6f892f3fb09c/build]   | [INFO] Downloading from central: https://repo.maven.apache.org/maven2/org/apache/maven/shared/maven-shared-components/34/maven-shared-components-34.pom
[9dfc6403-bc38-46ad-8d50-6f892f3fb09c/build]   | [INFO] Downloaded from central: https://repo.maven.apache.org/maven2/org/apache/maven/shared/maven-shared-components/34/maven-shared-components-34.pom (5.1 kB at 318 kB/s)
[9dfc6403-bc38-46ad-8d50-6f892f3fb09c/build]   | [INFO] Downloading from central: https://repo.maven.apache.org/maven2/org/apache/maven/maven-artifact/3.1.1/maven-artifact-3.1.1.pom
[9dfc6403-bc38-46ad-8d50-6f892f3fb09c/build]   | [INFO] Downloaded from central: https://repo.maven.apache.org/maven2/org/apache/maven/maven-artifact/3.1.1/maven-artifact-3.1.1.pom (2.0 kB at 98 kB/s)
[9dfc6403-bc38-46ad-8d50-6f892f3fb09c/build]   | [INFO] Downloading from central: https://repo.maven.apache.org/maven2/org/apache/maven/maven/3.1.1/maven-3.1.1.pom
[9dfc6403-bc38-46ad-8d50-6f892f3fb09c/build]   | [INFO] Downloaded from central: https://repo.maven.apache.org/maven2/org/apache/maven/maven/3.1.1/maven-3.1.1.pom (22 kB at 1.2 MB/s)
[9dfc6403-bc38-46ad-8d50-6f892f3fb09c/build]   | [INFO] Downloading from central: https://repo.maven.apache.org/maven2/org/apache/maven/maven-model/3.1.1/maven-model-3.1.1.pom
[9dfc6403-bc38-46ad-8d50-6f892f3fb09c/build]   | [INFO] Downloaded from central: https://repo.maven.apache.org/maven2/org/apache/maven/maven-model/3.1.1/maven-model-3.1.1.pom (4.1 kB at 122 kB/s)
[9dfc6403-bc38-46ad-8d50-6f892f3fb09c/build]   | [INFO] Downloading from central: https://repo.maven.apache.org/maven2/org/apache/maven/maven-core/3.1.1/maven-core-3.1.1.pom
[9dfc6403-bc38-46ad-8d50-6f892f3fb09c/build]   | [INFO] Downloaded from central: https://repo.maven.apache.org/maven2/org/apache/maven/maven-core/3.1.1/maven-core-3.1.1.pom (7.3 kB at 346 kB/s)
[9dfc6403-bc38-46ad-8d50-6f892f3fb09c/build]   | [INFO] Downloading from central: https://repo.maven.apache.org/maven2/org/apache/maven/maven-settings/3.1.1/maven-settings-3.1.1.pom
[9dfc6403-bc38-46ad-8d50-6f892f3fb09c/build]   | [INFO] Downloaded from central: https://repo.maven.apache.org/maven2/org/apache/maven/maven-settings/3.1.1/maven-settings-3.1.1.pom (2.2 kB at 128 kB/s)
[9dfc6403-bc38-46ad-8d50-6f892f3fb09c/build]   | [INFO] Downloading from central: https://repo.maven.apache.org/maven2/org/apache/maven/maven-settings-builder/3.1.1/maven-settings-builder-3.1.1.pom
[9dfc6403-bc38-46ad-8d50-6f892f3fb09c/build]   | [INFO] Downloaded from central: https://repo.maven.apache.org/maven2/org/apache/maven/maven-settings-builder/3.1.1/maven-settings-builder-3.1.1.pom (2.6 kB at 162 kB/s)
[9dfc6403-bc38-46ad-8d50-6f892f3fb09c/build]   | [INFO] Downloading from central: https://repo.maven.apache.org/maven2/org/codehaus/plexus/plexus-interpolation/1.19/plexus-interpolation-1.19.pom
[9dfc6403-bc38-46ad-8d50-6f892f3fb09c/build]   | [INFO] Downloaded from central: https://repo.maven.apache.org/maven2/org/codehaus/plexus/plexus-interpolation/1.19/plexus-interpolation-1.19.pom (1.0 kB at 64 kB/s)
[9dfc6403-bc38-46ad-8d50-6f892f3fb09c/build]   | [INFO] Downloading from central: https://repo.maven.apache.org/maven2/org/apache/maven/maven-repository-metadata/3.1.1/maven-repository-metadata-3.1.1.pom
[9dfc6403-bc38-46ad-8d50-6f892f3fb09c/build]   | [INFO] Downloaded from central: https://repo.maven.apache.org/maven2/org/apache/maven/maven-repository-metadata/3.1.1/maven-repository-metadata-3.1.1.pom (2.2 kB at 139 kB/s)
[9dfc6403-bc38-46ad-8d50-6f892f3fb09c/build]   | [INFO] Downloading from central: https://repo.maven.apache.org/maven2/org/apache/maven/maven-plugin-api/3.1.1/maven-plugin-api-3.1.1.pom
[9dfc6403-bc38-46ad-8d50-6f892f3fb09c/build]   | [INFO] Downloaded from central: https://repo.maven.apache.org/maven2/org/apache/maven/maven-plugin-api/3.1.1/maven-plugin-api-3.1.1.pom (3.4 kB at 376 kB/s)
[9dfc6403-bc38-46ad-8d50-6f892f3fb09c/build]   | [INFO] Downloading from central: https://repo.maven.apache.org/maven2/org/eclipse/sisu/org.eclipse.sisu.plexus/0.0.0.M5/org.eclipse.sisu.plexus-0.0.0.M5.pom
[9dfc6403-bc38-46ad-8d50-6f892f3fb09c/build]   | [INFO] Downloaded from central: https://repo.maven.apache.org/maven2/org/eclipse/sisu/org.eclipse.sisu.plexus/0.0.0.M5/org.eclipse.sisu.plexus-0.0.0.M5.pom (4.8 kB at 345 kB/s)
[9dfc6403-bc38-46ad-8d50-6f892f3fb09c/build]   | [INFO] Downloading from central: https://repo.maven.apache.org/maven2/org/eclipse/sisu/sisu-plexus/0.0.0.M5/sisu-plexus-0.0.0.M5.pom
[9dfc6403-bc38-46ad-8d50-6f892f3fb09c/build]   | [INFO] Downloaded from central: https://repo.maven.apache.org/maven2/org/eclipse/sisu/sisu-plexus/0.0.0.M5/sisu-plexus-0.0.0.M5.pom (13 kB at 1.5 MB/s)
[9dfc6403-bc38-46ad-8d50-6f892f3fb09c/build]   | [INFO] Downloading from central: https://repo.maven.apache.org/maven2/org/eclipse/sisu/org.eclipse.sisu.inject/0.0.0.M5/org.eclipse.sisu.inject-0.0.0.M5.pom
[9dfc6403-bc38-46ad-8d50-6f892f3fb09c/build]   | [INFO] Downloaded from central: https://repo.maven.apache.org/maven2/org/eclipse/sisu/org.eclipse.sisu.inject/0.0.0.M5/org.eclipse.sisu.inject-0.0.0.M5.pom (2.5 kB at 360 kB/s)
[9dfc6403-bc38-46ad-8d50-6f892f3fb09c/build]   | [INFO] Downloading from central: https://repo.maven.apache.org/maven2/org/eclipse/sisu/sisu-inject/0.0.0.M5/sisu-inject-0.0.0.M5.pom
[9dfc6403-bc38-46ad-8d50-6f892f3fb09c/build]   | [INFO] Downloaded from central: https://repo.maven.apache.org/maven2/org/eclipse/sisu/sisu-inject/0.0.0.M5/sisu-inject-0.0.0.M5.pom (14 kB at 1.3 MB/s)
[9dfc6403-bc38-46ad-8d50-6f892f3fb09c/build]   | [INFO] Downloading from central: https://repo.maven.apache.org/maven2/org/apache/maven/maven-model-builder/3.1.1/maven-model-builder-3.1.1.pom
[9dfc6403-bc38-46ad-8d50-6f892f3fb09c/build]   | [INFO] Downloaded from central: https://repo.maven.apache.org/maven2/org/apache/maven/maven-model-builder/3.1.1/maven-model-builder-3.1.1.pom (2.8 kB at 201 kB/s)
[9dfc6403-bc38-46ad-8d50-6f892f3fb09c/build]   | [INFO] Downloading from central: https://repo.maven.apache.org/maven2/org/apache/maven/maven-aether-provider/3.1.1/maven-aether-provider-3.1.1.pom
[9dfc6403-bc38-46ad-8d50-6f892f3fb09c/build]   | [INFO] Downloaded from central: https://repo.maven.apache.org/maven2/org/apache/maven/maven-aether-provider/3.1.1/maven-aether-provider-3.1.1.pom (4.1 kB at 315 kB/s)
[9dfc6403-bc38-46ad-8d50-6f892f3fb09c/build]   | [INFO] Downloading from central: https://repo.maven.apache.org/maven2/org/codehaus/plexus/plexus-classworlds/2.5.1/plexus-classworlds-2.5.1.pom
[9dfc6403-bc38-46ad-8d50-6f892f3fb09c/build]   | [INFO] Downloaded from central: https://repo.maven.apache.org/maven2/org/codehaus/plexus/plexus-classworlds/2.5.1/plexus-classworlds-2.5.1.pom (5.0 kB at 716 kB/s)
[9dfc6403-bc38-46ad-8d50-6f892f3fb09c/build]   | [INFO] Downloading from central: https://repo.maven.apache.org/maven2/org/apache/maven/shared/maven-shared-utils/3.3.3/maven-shared-utils-3.3.3.pom
[9dfc6403-bc38-46ad-8d50-6f892f3fb09c/build]   | [INFO] Downloaded from central: https://repo.maven.apache.org/maven2/org/apache/maven/shared/maven-shared-utils/3.3.3/maven-shared-utils-3.3.3.pom (5.8 kB at 412 kB/s)
[9dfc6403-bc38-46ad-8d50-6f892f3fb09c/build]   | [INFO] Downloading from central: https://repo.maven.apache.org/maven2/commons-io/commons-io/2.6/commons-io-2.6.pom
[9dfc6403-bc38-46ad-8d50-6f892f3fb09c/build]   | [INFO] Downloaded from central: https://repo.maven.apache.org/maven2/commons-io/commons-io/2.6/commons-io-2.6.pom (14 kB at 1.4 MB/s)
[9dfc6403-bc38-46ad-8d50-6f892f3fb09c/build]   | [INFO] Downloading from central: https://repo.maven.apache.org/maven2/org/apache/commons/commons-parent/42/commons-parent-42.pom
[9dfc6403-bc38-46ad-8d50-6f892f3fb09c/build]   | [INFO] Downloaded from central: https://repo.maven.apache.org/maven2/org/apache/commons/commons-parent/42/commons-parent-42.pom (68 kB at 4.9 MB/s)
[9dfc6403-bc38-46ad-8d50-6f892f3fb09c/build]   | [INFO] Downloading from central: https://repo.maven.apache.org/maven2/org/apache/apache/18/apache-18.pom
[9dfc6403-bc38-46ad-8d50-6f892f3fb09c/build]   | [INFO] Downloaded from central: https://repo.maven.apache.org/maven2/org/apache/apache/18/apache-18.pom (16 kB at 1.4 MB/s)
[9dfc6403-bc38-46ad-8d50-6f892f3fb09c/build]   | [INFO] Downloading from central: https://repo.maven.apache.org/maven2/org/apache/commons/commons-compress/1.20/commons-compress-1.20.pom
[9dfc6403-bc38-46ad-8d50-6f892f3fb09c/build]   | [INFO] Downloaded from central: https://repo.maven.apache.org/maven2/org/apache/commons/commons-compress/1.20/commons-compress-1.20.pom (18 kB at 522 kB/s)
[9dfc6403-bc38-46ad-8d50-6f892f3fb09c/build]   | [INFO] Downloading from central: https://repo.maven.apache.org/maven2/org/apache/commons/commons-parent/48/commons-parent-48.pom
[9dfc6403-bc38-46ad-8d50-6f892f3fb09c/build]   | [INFO] Downloaded from central: https://repo.maven.apache.org/maven2/org/apache/commons/commons-parent/48/commons-parent-48.pom (72 kB at 5.1 MB/s)
[9dfc6403-bc38-46ad-8d50-6f892f3fb09c/build]   | [INFO] Downloading from central: https://repo.maven.apache.org/maven2/org/apache/apache/21/apache-21.pom
[9dfc6403-bc38-46ad-8d50-6f892f3fb09c/build]   | [INFO] Downloaded from central: https://repo.maven.apache.org/maven2/org/apache/apache/21/apache-21.pom (17 kB at 1.6 MB/s)
[9dfc6403-bc38-46ad-8d50-6f892f3fb09c/build]   | [INFO] Downloading from central: https://repo.maven.apache.org/maven2/org/codehaus/plexus/plexus-archiver/4.2.7/plexus-archiver-4.2.7.pom
[9dfc6403-bc38-46ad-8d50-6f892f3fb09c/build]   | [INFO] Downloaded from central: https://repo.maven.apache.org/maven2/org/codehaus/plexus/plexus-archiver/4.2.7/plexus-archiver-4.2.7.pom (4.9 kB at 446 kB/s)
[9dfc6403-bc38-46ad-8d50-6f892f3fb09c/build]   | [INFO] Downloading from central: https://repo.maven.apache.org/maven2/org/codehaus/plexus/plexus/8/plexus-8.pom
[9dfc6403-bc38-46ad-8d50-6f892f3fb09c/build]   | [INFO] Downloaded from central: https://repo.maven.apache.org/maven2/org/codehaus/plexus/plexus/8/plexus-8.pom (25 kB at 2.3 MB/s)
[9dfc6403-bc38-46ad-8d50-6f892f3fb09c/build]   | [INFO] Downloading from central: https://repo.maven.apache.org/maven2/org/codehaus/plexus/plexus-utils/3.4.1/plexus-utils-3.4.1.pom
[9dfc6403-bc38-46ad-8d50-6f892f3fb09c/build]   | [INFO] Downloaded from central: https://repo.maven.apache.org/maven2/org/codehaus/plexus/plexus-utils/3.4.1/plexus-utils-3.4.1.pom (8.0 kB at 531 kB/s)
[9dfc6403-bc38-46ad-8d50-6f892f3fb09c/build]   | [INFO] Downloading from central: https://repo.maven.apache.org/maven2/org/codehaus/plexus/plexus-io/3.2.0/plexus-io-3.2.0.pom
[9dfc6403-bc38-46ad-8d50-6f892f3fb09c/build]   | [INFO] Downloaded from central: https://repo.maven.apache.org/maven2/org/codehaus/plexus/plexus-io/3.2.0/plexus-io-3.2.0.pom (4.5 kB at 505 kB/s)
[9dfc6403-bc38-46ad-8d50-6f892f3fb09c/build]   | [INFO] Downloading from central: https://repo.maven.apache.org/maven2/org/codehaus/plexus/plexus-utils/3.3.0/plexus-utils-3.3.0.pom
[9dfc6403-bc38-46ad-8d50-6f892f3fb09c/build]   | [INFO] Downloaded from central: https://repo.maven.apache.org/maven2/org/codehaus/plexus/plexus-utils/3.3.0/plexus-utils-3.3.0.pom (5.2 kB at 576 kB/s)
[9dfc6403-bc38-46ad-8d50-6f892f3fb09c/build]   | [INFO] Downloading from central: https://repo.maven.apache.org/maven2/org/apache/commons/commons-compress/1.21/commons-compress-1.21.pom
[9dfc6403-bc38-46ad-8d50-6f892f3fb09c/build]   | [INFO] Downloaded from central: https://repo.maven.apache.org/maven2/org/apache/commons/commons-compress/1.21/commons-compress-1.21.pom (20 kB at 2.5 MB/s)
[9dfc6403-bc38-46ad-8d50-6f892f3fb09c/build]   | [INFO] Downloading from central: https://repo.maven.apache.org/maven2/org/apache/commons/commons-parent/52/commons-parent-52.pom
[9dfc6403-bc38-46ad-8d50-6f892f3fb09c/build]   | [INFO] Downloaded from central: https://repo.maven.apache.org/maven2/org/apache/commons/commons-parent/52/commons-parent-52.pom (79 kB at 3.6 MB/s)
[9dfc6403-bc38-46ad-8d50-6f892f3fb09c/build]   | [INFO] Downloading from central: https://repo.maven.apache.org/maven2/org/iq80/snappy/snappy/0.4/snappy-0.4.pom
[9dfc6403-bc38-46ad-8d50-6f892f3fb09c/build]   | [INFO] Downloaded from central: https://repo.maven.apache.org/maven2/org/iq80/snappy/snappy/0.4/snappy-0.4.pom (15 kB at 1.3 MB/s)
[9dfc6403-bc38-46ad-8d50-6f892f3fb09c/build]   | [INFO] Downloading from central: https://repo.maven.apache.org/maven2/org/tukaani/xz/1.9/xz-1.9.pom
[9dfc6403-bc38-46ad-8d50-6f892f3fb09c/build]   | [INFO] Downloaded from central: https://repo.maven.apache.org/maven2/org/tukaani/xz/1.9/xz-1.9.pom (2.0 kB at 157 kB/s)
[9dfc6403-bc38-46ad-8d50-6f892f3fb09c/build]   | [INFO] Downloading from central: https://repo.maven.apache.org/maven2/org/codehaus/plexus/plexus-interpolation/1.26/plexus-interpolation-1.26.pom
[9dfc6403-bc38-46ad-8d50-6f892f3fb09c/build]   | [INFO] Downloaded from central: https://repo.maven.apache.org/maven2/org/codehaus/plexus/plexus-interpolation/1.26/plexus-interpolation-1.26.pom (2.7 kB at 295 kB/s)
[9dfc6403-bc38-46ad-8d50-6f892f3fb09c/build]   | [INFO] Downloading from central: https://repo.maven.apache.org/maven2/org/apache/maven/shared/maven-shared-utils/3.3.4/maven-shared-utils-3.3.4.pom
[9dfc6403-bc38-46ad-8d50-6f892f3fb09c/build]   | [INFO] Downloaded from central: https://repo.maven.apache.org/maven2/org/apache/maven/shared/maven-shared-utils/3.3.4/maven-shared-utils-3.3.4.pom (5.8 kB at 648 kB/s)
[9dfc6403-bc38-46ad-8d50-6f892f3fb09c/build]   | [INFO] Downloading from central: https://repo.maven.apache.org/maven2/org/codehaus/plexus/plexus-utils/3.3.1/plexus-utils-3.3.1.pom
[9dfc6403-bc38-46ad-8d50-6f892f3fb09c/build]   | [INFO] Downloaded from central: https://repo.maven.apache.org/maven2/org/codehaus/plexus/plexus-utils/3.3.1/plexus-utils-3.3.1.pom (5.3 kB at 445 kB/s)
[9dfc6403-bc38-46ad-8d50-6f892f3fb09c/build]   | [INFO] Downloading from central: https://repo.maven.apache.org/maven2/org/apache/maven/maven-plugin-api/3.1.0/maven-plugin-api-3.1.0.jar
[9dfc6403-bc38-46ad-8d50-6f892f3fb09c/build]   | [INFO] Downloading from central: https://repo.maven.apache.org/maven2/org/apache/maven/maven-model/3.1.0/maven-model-3.1.0.jar
[9dfc6403-bc38-46ad-8d50-6f892f3fb09c/build]   | [INFO] Downloading from central: https://repo.maven.apache.org/maven2/org/eclipse/sisu/org.eclipse.sisu.plexus/0.0.0.M2a/org.eclipse.sisu.plexus-0.0.0.M2a.jar
[9dfc6403-bc38-46ad-8d50-6f892f3fb09c/build]   | [INFO] Downloading from central: https://repo.maven.apache.org/maven2/javax/enterprise/cdi-api/1.0/cdi-api-1.0.jar
[9dfc6403-bc38-46ad-8d50-6f892f3fb09c/build]   | [INFO] Downloading from central: https://repo.maven.apache.org/maven2/javax/annotation/jsr250-api/1.0/jsr250-api-1.0.jar
[9dfc6403-bc38-46ad-8d50-6f892f3fb09c/build]   | [INFO] Downloaded from central: https://repo.maven.apache.org/maven2/org/apache/maven/maven-plugin-api/3.1.0/maven-plugin-api-3.1.0.jar (50 kB at 1.5 MB/s)
[9dfc6403-bc38-46ad-8d50-6f892f3fb09c/build]   | [INFO] Downloading from central: https://repo.maven.apache.org/maven2/javax/inject/javax.inject/1/javax.inject-1.jar
[9dfc6403-bc38-46ad-8d50-6f892f3fb09c/build]   | [INFO] Downloaded from central: https://repo.maven.apache.org/maven2/javax/enterprise/cdi-api/1.0/cdi-api-1.0.jar (45 kB at 1.2 MB/s)
[9dfc6403-bc38-46ad-8d50-6f892f3fb09c/build]   | [INFO] Downloading from central: https://repo.maven.apache.org/maven2/com/google/guava/guava/10.0.1/guava-10.0.1.jar
[9dfc6403-bc38-46ad-8d50-6f892f3fb09c/build]   | [INFO] Downloaded from central: https://repo.maven.apache.org/maven2/javax/inject/javax.inject/1/javax.inject-1.jar (2.5 kB at 114 kB/s)
[9dfc6403-bc38-46ad-8d50-6f892f3fb09c/build]   | [INFO] Downloading from central: https://repo.maven.apache.org/maven2/com/google/code/findbugs/jsr305/1.3.9/jsr305-1.3.9.jar
[9dfc6403-bc38-46ad-8d50-6f892f3fb09c/build]   | [INFO] Downloaded from central: https://repo.maven.apache.org/maven2/javax/annotation/jsr250-api/1.0/jsr250-api-1.0.jar (5.8 kB at 146 kB/s)
[9dfc6403-bc38-46ad-8d50-6f892f3fb09c/build]   | [INFO] Downloading from central: https://repo.maven.apache.org/maven2/org/sonatype/sisu/sisu-guice/3.1.0/sisu-guice-3.1.0-no_aop.jar
[9dfc6403-bc38-46ad-8d50-6f892f3fb09c/build]   | [INFO] Downloaded from central: https://repo.maven.apache.org/maven2/org/eclipse/sisu/org.eclipse.sisu.plexus/0.0.0.M2a/org.eclipse.sisu.plexus-0.0.0.M2a.jar (202 kB at 4.7 MB/s)
[9dfc6403-bc38-46ad-8d50-6f892f3fb09c/build]   | [INFO] Downloading from central: https://repo.maven.apache.org/maven2/aopalliance/aopalliance/1.0/aopalliance-1.0.jar
[9dfc6403-bc38-46ad-8d50-6f892f3fb09c/build]   | [INFO] Downloaded from central: https://repo.maven.apache.org/maven2/com/google/code/findbugs/jsr305/1.3.9/jsr305-1.3.9.jar (33 kB at 917 kB/s)
[9dfc6403-bc38-46ad-8d50-6f892f3fb09c/build]   | [INFO] Downloading from central: https://repo.maven.apache.org/maven2/org/eclipse/sisu/org.eclipse.sisu.inject/0.0.0.M2a/org.eclipse.sisu.inject-0.0.0.M2a.jar
[9dfc6403-bc38-46ad-8d50-6f892f3fb09c/build]   | [INFO] Downloaded from central: https://repo.maven.apache.org/maven2/aopalliance/aopalliance/1.0/aopalliance-1.0.jar (4.5 kB at 104 kB/s)
[9dfc6403-bc38-46ad-8d50-6f892f3fb09c/build]   | [INFO] Downloading from central: https://repo.maven.apache.org/maven2/asm/asm/3.3.1/asm-3.3.1.jar
[9dfc6403-bc38-46ad-8d50-6f892f3fb09c/build]   | [INFO] Downloaded from central: https://repo.maven.apache.org/maven2/org/apache/maven/maven-model/3.1.0/maven-model-3.1.0.jar (164 kB at 2.4 MB/s)
[9dfc6403-bc38-46ad-8d50-6f892f3fb09c/build]   | [INFO] Downloading from central: https://repo.maven.apache.org/maven2/org/apache/maven/maven-core/3.1.0/maven-core-3.1.0.jar
[9dfc6403-bc38-46ad-8d50-6f892f3fb09c/build]   | [INFO] Downloaded from central: https://repo.maven.apache.org/maven2/asm/asm/3.3.1/asm-3.3.1.jar (44 kB at 726 kB/s)
[9dfc6403-bc38-46ad-8d50-6f892f3fb09c/build]   | [INFO] Downloading from central: https://repo.maven.apache.org/maven2/org/apache/maven/maven-settings/3.1.0/maven-settings-3.1.0.jar
[9dfc6403-bc38-46ad-8d50-6f892f3fb09c/build]   | [INFO] Downloaded from central: https://repo.maven.apache.org/maven2/org/sonatype/sisu/sisu-guice/3.1.0/sisu-guice-3.1.0-no_aop.jar (357 kB at 5.9 MB/s)
[9dfc6403-bc38-46ad-8d50-6f892f3fb09c/build]   | [INFO] Downloading from central: https://repo.maven.apache.org/maven2/org/apache/maven/maven-settings-builder/3.1.0/maven-settings-builder-3.1.0.jar
[9dfc6403-bc38-46ad-8d50-6f892f3fb09c/build]   | [INFO] Downloaded from central: https://repo.maven.apache.org/maven2/org/eclipse/sisu/org.eclipse.sisu.inject/0.0.0.M2a/org.eclipse.sisu.inject-0.0.0.M2a.jar (202 kB at 3.2 MB/s)
[9dfc6403-bc38-46ad-8d50-6f892f3fb09c/build]   | [INFO] Downloading from central: https://repo.maven.apache.org/maven2/org/apache/maven/maven-repository-metadata/3.1.0/maven-repository-metadata-3.1.0.jar
[9dfc6403-bc38-46ad-8d50-6f892f3fb09c/build]   | [INFO] Downloaded from central: https://repo.maven.apache.org/maven2/org/apache/maven/maven-settings-builder/3.1.0/maven-settings-builder-3.1.0.jar (41 kB at 567 kB/s)
[9dfc6403-bc38-46ad-8d50-6f892f3fb09c/build]   | [INFO] Downloading from central: https://repo.maven.apache.org/maven2/org/apache/maven/maven-model-builder/3.1.0/maven-model-builder-3.1.0.jar
[9dfc6403-bc38-46ad-8d50-6f892f3fb09c/build]   | [INFO] Downloaded from central: https://repo.maven.apache.org/maven2/org/apache/maven/maven-repository-metadata/3.1.0/maven-repository-metadata-3.1.0.jar (30 kB at 372 kB/s)
[9dfc6403-bc38-46ad-8d50-6f892f3fb09c/build]   | [INFO] Downloading from central: https://repo.maven.apache.org/maven2/org/apache/maven/maven-aether-provider/3.1.0/maven-aether-provider-3.1.0.jar
[9dfc6403-bc38-46ad-8d50-6f892f3fb09c/build]   | [INFO] Downloaded from central: https://repo.maven.apache.org/maven2/org/apache/maven/maven-settings/3.1.0/maven-settings-3.1.0.jar (47 kB at 492 kB/s)
[9dfc6403-bc38-46ad-8d50-6f892f3fb09c/build]   | [INFO] Downloading from central: https://repo.maven.apache.org/maven2/org/eclipse/aether/aether-spi/0.9.0.M2/aether-spi-0.9.0.M2.jar
[9dfc6403-bc38-46ad-8d50-6f892f3fb09c/build]   | [INFO] Downloaded from central: https://repo.maven.apache.org/maven2/org/apache/maven/maven-model-builder/3.1.0/maven-model-builder-3.1.0.jar (159 kB at 1.6 MB/s)
[9dfc6403-bc38-46ad-8d50-6f892f3fb09c/build]   | [INFO] Downloading from central: https://repo.maven.apache.org/maven2/org/eclipse/aether/aether-impl/0.9.0.M2/aether-impl-0.9.0.M2.jar
[9dfc6403-bc38-46ad-8d50-6f892f3fb09c/build]   | [INFO] Downloaded from central: https://repo.maven.apache.org/maven2/org/apache/maven/maven-core/3.1.0/maven-core-3.1.0.jar (563 kB at 5.5 MB/s)
[9dfc6403-bc38-46ad-8d50-6f892f3fb09c/build]   | [INFO] Downloading from central: https://repo.maven.apache.org/maven2/org/eclipse/aether/aether-api/0.9.0.M2/aether-api-0.9.0.M2.jar
[9dfc6403-bc38-46ad-8d50-6f892f3fb09c/build]   | [INFO] Downloaded from central: https://repo.maven.apache.org/maven2/org/apache/maven/maven-aether-provider/3.1.0/maven-aether-provider-3.1.0.jar (60 kB at 518 kB/s)
[9dfc6403-bc38-46ad-8d50-6f892f3fb09c/build]   | [INFO] Downloading from central: https://repo.maven.apache.org/maven2/org/eclipse/aether/aether-util/0.9.0.M2/aether-util-0.9.0.M2.jar
[9dfc6403-bc38-46ad-8d50-6f892f3fb09c/build]   | [INFO] Downloaded from central: https://repo.maven.apache.org/maven2/org/eclipse/aether/aether-api/0.9.0.M2/aether-api-0.9.0.M2.jar (134 kB at 1.1 MB/s)
[9dfc6403-bc38-46ad-8d50-6f892f3fb09c/build]   | [INFO] Downloading from central: https://repo.maven.apache.org/maven2/org/codehaus/plexus/plexus-interpolation/1.16/plexus-interpolation-1.16.jar
[9dfc6403-bc38-46ad-8d50-6f892f3fb09c/build]   | [INFO] Downloaded from central: https://repo.maven.apache.org/maven2/org/eclipse/aether/aether-spi/0.9.0.M2/aether-spi-0.9.0.M2.jar (18 kB at 142 kB/s)
[9dfc6403-bc38-46ad-8d50-6f892f3fb09c/build]   | [INFO] Downloading from central: https://repo.maven.apache.org/maven2/org/codehaus/plexus/plexus-classworlds/2.4.2/plexus-classworlds-2.4.2.jar
[9dfc6403-bc38-46ad-8d50-6f892f3fb09c/build]   | [INFO] Downloaded from central: https://repo.maven.apache.org/maven2/org/codehaus/plexus/plexus-classworlds/2.4.2/plexus-classworlds-2.4.2.jar (47 kB at 351 kB/s)
[9dfc6403-bc38-46ad-8d50-6f892f3fb09c/build]   | [INFO] Downloading from central: https://repo.maven.apache.org/maven2/org/codehaus/plexus/plexus-component-annotations/2.0.0/plexus-component-annotations-2.0.0.jar
[9dfc6403-bc38-46ad-8d50-6f892f3fb09c/build]   | [INFO] Downloaded from central: https://repo.maven.apache.org/maven2/org/codehaus/plexus/plexus-interpolation/1.16/plexus-interpolation-1.16.jar (61 kB at 454 kB/s)
[9dfc6403-bc38-46ad-8d50-6f892f3fb09c/build]   | [INFO] Downloading from central: https://repo.maven.apache.org/maven2/org/sonatype/plexus/plexus-sec-dispatcher/1.3/plexus-sec-dispatcher-1.3.jar
[9dfc6403-bc38-46ad-8d50-6f892f3fb09c/build]   | [INFO] Downloaded from central: https://repo.maven.apache.org/maven2/org/eclipse/aether/aether-impl/0.9.0.M2/aether-impl-0.9.0.M2.jar (145 kB at 1.0 MB/s)
[9dfc6403-bc38-46ad-8d50-6f892f3fb09c/build]   | [INFO] Downloading from central: https://repo.maven.apache.org/maven2/org/sonatype/plexus/plexus-cipher/1.4/plexus-cipher-1.4.jar
[9dfc6403-bc38-46ad-8d50-6f892f3fb09c/build]   | [INFO] Downloaded from central: https://repo.maven.apache.org/maven2/org/eclipse/aether/aether-util/0.9.0.M2/aether-util-0.9.0.M2.jar (134 kB at 947 kB/s)
[9dfc6403-bc38-46ad-8d50-6f892f3fb09c/build]   | [INFO] Downloading from central: https://repo.maven.apache.org/maven2/org/apache/maven/maven-artifact/3.1.0/maven-artifact-3.1.0.jar
[9dfc6403-bc38-46ad-8d50-6f892f3fb09c/build]   | [INFO] Downloaded from central: https://repo.maven.apache.org/maven2/org/codehaus/plexus/plexus-component-annotations/2.0.0/plexus-component-annotations-2.0.0.jar (4.2 kB at 30 kB/s)
[9dfc6403-bc38-46ad-8d50-6f892f3fb09c/build]   | [INFO] Downloading from central: https://repo.maven.apache.org/maven2/org/apache/maven/shared/file-management/3.0.0/file-management-3.0.0.jar
[9dfc6403-bc38-46ad-8d50-6f892f3fb09c/build]   | [INFO] Downloaded from central: https://repo.maven.apache.org/maven2/org/sonatype/plexus/plexus-cipher/1.4/plexus-cipher-1.4.jar (13 kB at 93 kB/s)
[9dfc6403-bc38-46ad-8d50-6f892f3fb09c/build]   | [INFO] Downloading from central: https://repo.maven.apache.org/maven2/org/apache/maven/shared/maven-shared-io/3.0.0/maven-shared-io-3.0.0.jar
[9dfc6403-bc38-46ad-8d50-6f892f3fb09c/build]   | [INFO] Downloaded from central: https://repo.maven.apache.org/maven2/org/apache/maven/shared/file-management/3.0.0/file-management-3.0.0.jar (35 kB at 237 kB/s)
[9dfc6403-bc38-46ad-8d50-6f892f3fb09c/build]   | [INFO] Downloading from central: https://repo.maven.apache.org/maven2/org/apache/maven/maven-compat/3.0/maven-compat-3.0.jar
[9dfc6403-bc38-46ad-8d50-6f892f3fb09c/build]   | [INFO] Downloaded from central: https://repo.maven.apache.org/maven2/org/apache/maven/shared/maven-shared-io/3.0.0/maven-shared-io-3.0.0.jar (41 kB at 271 kB/s)
[9dfc6403-bc38-46ad-8d50-6f892f3fb09c/build]   | [INFO] Downloading from central: https://repo.maven.apache.org/maven2/org/sonatype/sisu/sisu-inject-plexus/1.4.2/sisu-inject-plexus-1.4.2.jar
[9dfc6403-bc38-46ad-8d50-6f892f3fb09c/build]   | [INFO] Downloaded from central: https://repo.maven.apache.org/maven2/org/apache/maven/maven-artifact/3.1.0/maven-artifact-3.1.0.jar (52 kB at 341 kB/s)
[9dfc6403-bc38-46ad-8d50-6f892f3fb09c/build]   | [INFO] Downloading from central: https://repo.maven.apache.org/maven2/org/sonatype/sisu/sisu-inject-bean/1.4.2/sisu-inject-bean-1.4.2.jar
[9dfc6403-bc38-46ad-8d50-6f892f3fb09c/build]   | [INFO] Downloaded from central: https://repo.maven.apache.org/maven2/org/sonatype/plexus/plexus-sec-dispatcher/1.3/plexus-sec-dispatcher-1.3.jar (29 kB at 185 kB/s)
[9dfc6403-bc38-46ad-8d50-6f892f3fb09c/build]   | [INFO] Downloading from central: https://repo.maven.apache.org/maven2/org/sonatype/sisu/sisu-guice/2.1.7/sisu-guice-2.1.7-noaop.jar
[9dfc6403-bc38-46ad-8d50-6f892f3fb09c/build]   | [INFO] Downloaded from central: https://repo.maven.apache.org/maven2/org/sonatype/sisu/sisu-guice/2.1.7/sisu-guice-2.1.7-noaop.jar (472 kB at 2.7 MB/s)
[9dfc6403-bc38-46ad-8d50-6f892f3fb09c/build]   | [INFO] Downloading from central: https://repo.maven.apache.org/maven2/org/apache/maven/wagon/wagon-provider-api/2.10/wagon-provider-api-2.10.jar
[9dfc6403-bc38-46ad-8d50-6f892f3fb09c/build]   | [INFO] Downloaded from central: https://repo.maven.apache.org/maven2/org/apache/maven/maven-compat/3.0/maven-compat-3.0.jar (285 kB at 1.6 MB/s)
[9dfc6403-bc38-46ad-8d50-6f892f3fb09c/build]   | [INFO] Downloading from central: https://repo.maven.apache.org/maven2/org/apache/maven/maven-archiver/3.5.2/maven-archiver-3.5.2.jar
[9dfc6403-bc38-46ad-8d50-6f892f3fb09c/build]   | [INFO] Downloaded from central: https://repo.maven.apache.org/maven2/org/sonatype/sisu/sisu-inject-bean/1.4.2/sisu-inject-bean-1.4.2.jar (153 kB at 850 kB/s)
[9dfc6403-bc38-46ad-8d50-6f892f3fb09c/build]   | [INFO] Downloading from central: https://repo.maven.apache.org/maven2/commons-io/commons-io/2.6/commons-io-2.6.jar
[9dfc6403-bc38-46ad-8d50-6f892f3fb09c/build]   | [INFO] Downloaded from central: https://repo.maven.apache.org/maven2/org/sonatype/sisu/sisu-inject-plexus/1.4.2/sisu-inject-plexus-1.4.2.jar (202 kB at 1.1 MB/s)
[9dfc6403-bc38-46ad-8d50-6f892f3fb09c/build]   | [INFO] Downloading from central: https://repo.maven.apache.org/maven2/org/apache/commons/commons-compress/1.20/commons-compress-1.20.jar
[9dfc6403-bc38-46ad-8d50-6f892f3fb09c/build]   | [INFO] Downloaded from central: https://repo.maven.apache.org/maven2/org/apache/maven/wagon/wagon-provider-api/2.10/wagon-provider-api-2.10.jar (54 kB at 294 kB/s)
[9dfc6403-bc38-46ad-8d50-6f892f3fb09c/build]   | [INFO] Downloading from central: https://repo.maven.apache.org/maven2/org/codehaus/plexus/plexus-archiver/4.2.7/plexus-archiver-4.2.7.jar
[9dfc6403-bc38-46ad-8d50-6f892f3fb09c/build]   | [INFO] Downloaded from central: https://repo.maven.apache.org/maven2/com/google/guava/guava/10.0.1/guava-10.0.1.jar (1.5 MB at 8.1 MB/s)
[9dfc6403-bc38-46ad-8d50-6f892f3fb09c/build]   | [INFO] Downloading from central: https://repo.maven.apache.org/maven2/org/codehaus/plexus/plexus-io/3.2.0/plexus-io-3.2.0.jar
[9dfc6403-bc38-46ad-8d50-6f892f3fb09c/build]   | [INFO] Downloaded from central: https://repo.maven.apache.org/maven2/org/apache/maven/maven-archiver/3.5.2/maven-archiver-3.5.2.jar (26 kB at 136 kB/s)
[9dfc6403-bc38-46ad-8d50-6f892f3fb09c/build]   | [INFO] Downloading from central: https://repo.maven.apache.org/maven2/org/iq80/snappy/snappy/0.4/snappy-0.4.jar
[9dfc6403-bc38-46ad-8d50-6f892f3fb09c/build]   | [INFO] Downloaded from central: https://repo.maven.apache.org/maven2/commons-io/commons-io/2.6/commons-io-2.6.jar (215 kB at 1.0 MB/s)
[9dfc6403-bc38-46ad-8d50-6f892f3fb09c/build]   | [INFO] Downloading from central: https://repo.maven.apache.org/maven2/org/tukaani/xz/1.9/xz-1.9.jar
[9dfc6403-bc38-46ad-8d50-6f892f3fb09c/build]   | [INFO] Downloaded from central: https://repo.maven.apache.org/maven2/org/codehaus/plexus/plexus-io/3.2.0/plexus-io-3.2.0.jar (76 kB at 362 kB/s)
[9dfc6403-bc38-46ad-8d50-6f892f3fb09c/build]   | [INFO] Downloading from central: https://repo.maven.apache.org/maven2/org/apache/maven/shared/maven-shared-utils/3.3.4/maven-shared-utils-3.3.4.jar
[9dfc6403-bc38-46ad-8d50-6f892f3fb09c/build]   | [INFO] Downloaded from central: https://repo.maven.apache.org/maven2/org/iq80/snappy/snappy/0.4/snappy-0.4.jar (58 kB at 275 kB/s)
[9dfc6403-bc38-46ad-8d50-6f892f3fb09c/build]   | [INFO] Downloading from central: https://repo.maven.apache.org/maven2/org/codehaus/plexus/plexus-utils/3.3.1/plexus-utils-3.3.1.jar
[9dfc6403-bc38-46ad-8d50-6f892f3fb09c/build]   | [INFO] Downloaded from central: https://repo.maven.apache.org/maven2/org/codehaus/plexus/plexus-archiver/4.2.7/plexus-archiver-4.2.7.jar (195 kB at 902 kB/s)
[9dfc6403-bc38-46ad-8d50-6f892f3fb09c/build]   | [INFO] Downloaded from central: https://repo.maven.apache.org/maven2/org/tukaani/xz/1.9/xz-1.9.jar (116 kB at 502 kB/s)
[9dfc6403-bc38-46ad-8d50-6f892f3fb09c/build]   | [INFO] Downloaded from central: https://repo.maven.apache.org/maven2/org/apache/maven/shared/maven-shared-utils/3.3.4/maven-shared-utils-3.3.4.jar (153 kB at 635 kB/s)
[9dfc6403-bc38-46ad-8d50-6f892f3fb09c/build]   | [INFO] Downloaded from central: https://repo.maven.apache.org/maven2/org/codehaus/plexus/plexus-utils/3.3.1/plexus-utils-3.3.1.jar (262 kB at 1.1 MB/s)
[9dfc6403-bc38-46ad-8d50-6f892f3fb09c/build]   | [INFO] Downloaded from central: https://repo.maven.apache.org/maven2/org/apache/commons/commons-compress/1.20/commons-compress-1.20.jar (632 kB at 2.6 MB/s)
[9dfc6403-bc38-46ad-8d50-6f892f3fb09c/build]   | [INFO] Building jar: /tmp/edbb904f-deac-4494-ba55-bf0baa0a075a/target/jwarc-0.27.0.jar
[9dfc6403-bc38-46ad-8d50-6f892f3fb09c/build]   | [INFO] ------------------------------------------------------------------------
[9dfc6403-bc38-46ad-8d50-6f892f3fb09c/build]   | [INFO] BUILD SUCCESS
[9dfc6403-bc38-46ad-8d50-6f892f3fb09c/build]   | [INFO] ------------------------------------------------------------------------
[9dfc6403-bc38-46ad-8d50-6f892f3fb09c/build]   | [INFO] Total time:  17.716 s
[9dfc6403-bc38-46ad-8d50-6f892f3fb09c/build]   | [INFO] Finished at: 2023-11-24T13:58:49Z
[9dfc6403-bc38-46ad-8d50-6f892f3fb09c/build]   | [INFO] ------------------------------------------------------------------------
[9dfc6403-bc38-46ad-8d50-6f892f3fb09c/build]   ‚úÖ  Success - Main Build with Maven
[9dfc6403-bc38-46ad-8d50-6f892f3fb09c/build] ‚≠ê Run Post Set up JDK 11
[9dfc6403-bc38-46ad-8d50-6f892f3fb09c/build]   üê≥  docker exec cmd=[node /var/run/act/actions/actions-setup-java@v2/dist/cleanup/index.js] user= workdir=
[9dfc6403-bc38-46ad-8d50-6f892f3fb09c/build]   ‚úÖ  Success - Post Set up JDK 11
[9dfc6403-bc38-46ad-8d50-6f892f3fb09c/build] üèÅ  Job succeeded
