[bdb427fb-b2b6-41a4-a554-6ce691635a39/build] üöÄ  Start image=gitbugactions:latest
[bdb427fb-b2b6-41a4-a554-6ce691635a39/build]   üê≥  docker pull image=gitbugactions:latest platform= username= forcePull=false
[bdb427fb-b2b6-41a4-a554-6ce691635a39/build]   üê≥  docker create image=gitbugactions:latest platform= entrypoint=["tail" "-f" "/dev/null"] cmd=[]
[bdb427fb-b2b6-41a4-a554-6ce691635a39/build]   üê≥  docker run image=gitbugactions:latest platform= entrypoint=["tail" "-f" "/dev/null"] cmd=[]
[bdb427fb-b2b6-41a4-a554-6ce691635a39/build]   üê≥  docker exec cmd=[chown -R 1012:1013 /tmp/9a02aa7e-01a1-43a6-83f0-da3ea250e82d] user=0 workdir=
[bdb427fb-b2b6-41a4-a554-6ce691635a39/build] unable to get git ref: failed to identify reference (tag/branch) for the checked-out revision 'e14b30b88c0de95186fe1937f795b7d8fd3fa8aa'
[bdb427fb-b2b6-41a4-a554-6ce691635a39/build] unable to get git ref: failed to identify reference (tag/branch) for the checked-out revision 'e14b30b88c0de95186fe1937f795b7d8fd3fa8aa'
[bdb427fb-b2b6-41a4-a554-6ce691635a39/build] unable to get git ref: failed to identify reference (tag/branch) for the checked-out revision 'e14b30b88c0de95186fe1937f795b7d8fd3fa8aa'
[bdb427fb-b2b6-41a4-a554-6ce691635a39/build] unable to get git ref: failed to identify reference (tag/branch) for the checked-out revision 'e14b30b88c0de95186fe1937f795b7d8fd3fa8aa'
[bdb427fb-b2b6-41a4-a554-6ce691635a39/build] unable to get git ref: failed to identify reference (tag/branch) for the checked-out revision 'e14b30b88c0de95186fe1937f795b7d8fd3fa8aa'
[bdb427fb-b2b6-41a4-a554-6ce691635a39/build] unable to get git ref: failed to identify reference (tag/branch) for the checked-out revision 'e14b30b88c0de95186fe1937f795b7d8fd3fa8aa'
[bdb427fb-b2b6-41a4-a554-6ce691635a39/build] unable to get git ref: failed to identify reference (tag/branch) for the checked-out revision 'e14b30b88c0de95186fe1937f795b7d8fd3fa8aa'
[bdb427fb-b2b6-41a4-a554-6ce691635a39/build] unable to get git ref: failed to identify reference (tag/branch) for the checked-out revision 'e14b30b88c0de95186fe1937f795b7d8fd3fa8aa'
[bdb427fb-b2b6-41a4-a554-6ce691635a39/build] unable to get git ref: failed to identify reference (tag/branch) for the checked-out revision 'e14b30b88c0de95186fe1937f795b7d8fd3fa8aa'
[bdb427fb-b2b6-41a4-a554-6ce691635a39/build] ‚≠ê Run Main actions/checkout@v2
[bdb427fb-b2b6-41a4-a554-6ce691635a39/build] unable to get git ref: failed to identify reference (tag/branch) for the checked-out revision 'e14b30b88c0de95186fe1937f795b7d8fd3fa8aa'
[bdb427fb-b2b6-41a4-a554-6ce691635a39/build] unable to get git ref: failed to identify reference (tag/branch) for the checked-out revision 'e14b30b88c0de95186fe1937f795b7d8fd3fa8aa'
[bdb427fb-b2b6-41a4-a554-6ce691635a39/build]   üê≥  docker cp src=/tmp/9a02aa7e-01a1-43a6-83f0-da3ea250e82d/. dst=/tmp/9a02aa7e-01a1-43a6-83f0-da3ea250e82d
[bdb427fb-b2b6-41a4-a554-6ce691635a39/build]   üê≥  docker exec cmd=[chown -R 1012:1013 /tmp/9a02aa7e-01a1-43a6-83f0-da3ea250e82d] user=0 workdir=
[bdb427fb-b2b6-41a4-a554-6ce691635a39/build]   ‚úÖ  Success - Main actions/checkout@v2
[bdb427fb-b2b6-41a4-a554-6ce691635a39/build] unable to get git ref: failed to identify reference (tag/branch) for the checked-out revision 'e14b30b88c0de95186fe1937f795b7d8fd3fa8aa'
[bdb427fb-b2b6-41a4-a554-6ce691635a39/build] unable to get git ref: failed to identify reference (tag/branch) for the checked-out revision 'e14b30b88c0de95186fe1937f795b7d8fd3fa8aa'
[bdb427fb-b2b6-41a4-a554-6ce691635a39/build] unable to get git ref: failed to identify reference (tag/branch) for the checked-out revision 'e14b30b88c0de95186fe1937f795b7d8fd3fa8aa'
[bdb427fb-b2b6-41a4-a554-6ce691635a39/build] unable to get git ref: failed to identify reference (tag/branch) for the checked-out revision 'e14b30b88c0de95186fe1937f795b7d8fd3fa8aa'
[bdb427fb-b2b6-41a4-a554-6ce691635a39/build] unable to get git ref: failed to identify reference (tag/branch) for the checked-out revision 'e14b30b88c0de95186fe1937f795b7d8fd3fa8aa'
[bdb427fb-b2b6-41a4-a554-6ce691635a39/build] ‚≠ê Run Main Set up JDK 17
[bdb427fb-b2b6-41a4-a554-6ce691635a39/build] unable to get git ref: failed to identify reference (tag/branch) for the checked-out revision 'e14b30b88c0de95186fe1937f795b7d8fd3fa8aa'
[bdb427fb-b2b6-41a4-a554-6ce691635a39/build] unable to get git ref: failed to identify reference (tag/branch) for the checked-out revision 'e14b30b88c0de95186fe1937f795b7d8fd3fa8aa'
[bdb427fb-b2b6-41a4-a554-6ce691635a39/build] unable to get git ref: failed to identify reference (tag/branch) for the checked-out revision 'e14b30b88c0de95186fe1937f795b7d8fd3fa8aa'
[bdb427fb-b2b6-41a4-a554-6ce691635a39/build]   üê≥  docker cp src=/tmp/act-cache/279a65d3-a090-4e2c-aa88-00b40ef5dc4d/act/actions-setup-java@v2/ dst=/var/run/act/actions/actions-setup-java@v2/
[bdb427fb-b2b6-41a4-a554-6ce691635a39/build]   üê≥  docker exec cmd=[chown -R 1012:1013 /var/run/act/actions/actions-setup-java@v2/] user=0 workdir=
[bdb427fb-b2b6-41a4-a554-6ce691635a39/build]   üê≥  docker exec cmd=[node /var/run/act/actions/actions-setup-java@v2/dist/setup/index.js] user= workdir=
[bdb427fb-b2b6-41a4-a554-6ce691635a39/build]   | Trying to resolve the latest version from remote
[bdb427fb-b2b6-41a4-a554-6ce691635a39/build]   | Resolved latest version as 17.0.9+9
[bdb427fb-b2b6-41a4-a554-6ce691635a39/build]   | Trying to download...
[bdb427fb-b2b6-41a4-a554-6ce691635a39/build]   | Downloading Java 17.0.9+9 (Adopt-Hotspot) from https://github.com/adoptium/temurin17-binaries/releases/download/jdk-17.0.9%2B9/OpenJDK17U-jdk_x64_linux_hotspot_17.0.9_9.tar.gz ...
[bdb427fb-b2b6-41a4-a554-6ce691635a39/build]   üí¨  ::debug::Downloading https://github.com/adoptium/temurin17-binaries/releases/download/jdk-17.0.9%252B9/OpenJDK17U-jdk_x64_linux_hotspot_17.0.9_9.tar.gz
[bdb427fb-b2b6-41a4-a554-6ce691635a39/build]   üí¨  ::debug::Destination /tmp/38b22561-1777-4ba3-a82c-2fef11d89a4c
[bdb427fb-b2b6-41a4-a554-6ce691635a39/build]   üí¨  ::debug::download complete
[bdb427fb-b2b6-41a4-a554-6ce691635a39/build]   | Extracting Java archive...
[bdb427fb-b2b6-41a4-a554-6ce691635a39/build]   üí¨  ::debug::Checking tar --version
[bdb427fb-b2b6-41a4-a554-6ce691635a39/build]   üí¨  ::debug::tar (GNU tar) 1.34%0ACopyright (C) 2021 Free Software Foundation, Inc.%0ALicense GPLv3+: GNU GPL version 3 or later <https://gnu.org/licenses/gpl.html>.%0AThis is free software: you are free to change and redistribute it.%0AThere is NO WARRANTY, to the extent permitted by law.%0A%0AWritten by John Gilmore and Jay Fenlason.
[bdb427fb-b2b6-41a4-a554-6ce691635a39/build]   | [command]/usr/bin/tar xz --warning=no-unknown-keyword -C /tmp/4873c2fc-a59b-4220-8db9-74c2d58b1928 -f /tmp/38b22561-1777-4ba3-a82c-2fef11d89a4c
[bdb427fb-b2b6-41a4-a554-6ce691635a39/build]   üí¨  ::debug::Caching tool Java_Adopt_jdk 17.0.9-9 x64
[bdb427fb-b2b6-41a4-a554-6ce691635a39/build]   üí¨  ::debug::source dir: /tmp/4873c2fc-a59b-4220-8db9-74c2d58b1928/jdk-17.0.9+9
[bdb427fb-b2b6-41a4-a554-6ce691635a39/build]   üí¨  ::debug::destination /opt/hostedtoolcache/Java_Adopt_jdk/17.0.9-9/x64
[bdb427fb-b2b6-41a4-a554-6ce691635a39/build]   üí¨  ::debug::finished caching tool
[bdb427fb-b2b6-41a4-a554-6ce691635a39/build]   | Java 17.0.9+9 was downloaded
[bdb427fb-b2b6-41a4-a554-6ce691635a39/build]   | Setting Java 17.0.9+9 as the default
[bdb427fb-b2b6-41a4-a554-6ce691635a39/build]   | 
[bdb427fb-b2b6-41a4-a554-6ce691635a39/build]   | Java configuration:
[bdb427fb-b2b6-41a4-a554-6ce691635a39/build]   |   Distribution: adopt
[bdb427fb-b2b6-41a4-a554-6ce691635a39/build]   |   Version: 17.0.9+9
[bdb427fb-b2b6-41a4-a554-6ce691635a39/build]   |   Path: /opt/hostedtoolcache/Java_Adopt_jdk/17.0.9-9/x64
[bdb427fb-b2b6-41a4-a554-6ce691635a39/build]   | 
[bdb427fb-b2b6-41a4-a554-6ce691635a39/build]   ‚ùì add-matcher /run/act/actions/actions-setup-java@v2/.github/java.json
[bdb427fb-b2b6-41a4-a554-6ce691635a39/build]   | Creating settings.xml with server-id: github
[bdb427fb-b2b6-41a4-a554-6ce691635a39/build]   | Writing to /home/runner/.m2/settings.xml
[bdb427fb-b2b6-41a4-a554-6ce691635a39/build]   ‚úÖ  Success - Main Set up JDK 17
[bdb427fb-b2b6-41a4-a554-6ce691635a39/build]   ‚öô  ::set-env:: JAVA_HOME=/opt/hostedtoolcache/Java_Adopt_jdk/17.0.9-9/x64
[bdb427fb-b2b6-41a4-a554-6ce691635a39/build]   ‚öô  ::set-output:: distribution=Adopt-Hotspot
[bdb427fb-b2b6-41a4-a554-6ce691635a39/build]   ‚öô  ::set-output:: path=/opt/hostedtoolcache/Java_Adopt_jdk/17.0.9-9/x64
[bdb427fb-b2b6-41a4-a554-6ce691635a39/build]   ‚öô  ::set-output:: version=17.0.9+9
[bdb427fb-b2b6-41a4-a554-6ce691635a39/build]   ‚öô  ::add-path:: /opt/hostedtoolcache/Java_Adopt_jdk/17.0.9-9/x64/bin
[bdb427fb-b2b6-41a4-a554-6ce691635a39/build] unable to get git ref: failed to identify reference (tag/branch) for the checked-out revision 'e14b30b88c0de95186fe1937f795b7d8fd3fa8aa'
[bdb427fb-b2b6-41a4-a554-6ce691635a39/build] unable to get git ref: failed to identify reference (tag/branch) for the checked-out revision 'e14b30b88c0de95186fe1937f795b7d8fd3fa8aa'
[bdb427fb-b2b6-41a4-a554-6ce691635a39/build] unable to get git ref: failed to identify reference (tag/branch) for the checked-out revision 'e14b30b88c0de95186fe1937f795b7d8fd3fa8aa'
[bdb427fb-b2b6-41a4-a554-6ce691635a39/build] unable to get git ref: failed to identify reference (tag/branch) for the checked-out revision 'e14b30b88c0de95186fe1937f795b7d8fd3fa8aa'
[bdb427fb-b2b6-41a4-a554-6ce691635a39/build] unable to get git ref: failed to identify reference (tag/branch) for the checked-out revision 'e14b30b88c0de95186fe1937f795b7d8fd3fa8aa'
[bdb427fb-b2b6-41a4-a554-6ce691635a39/build] ‚≠ê Run Main Build with Maven
[bdb427fb-b2b6-41a4-a554-6ce691635a39/build] unable to get git ref: failed to identify reference (tag/branch) for the checked-out revision 'e14b30b88c0de95186fe1937f795b7d8fd3fa8aa'
[bdb427fb-b2b6-41a4-a554-6ce691635a39/build] unable to get git ref: failed to identify reference (tag/branch) for the checked-out revision 'e14b30b88c0de95186fe1937f795b7d8fd3fa8aa'
[bdb427fb-b2b6-41a4-a554-6ce691635a39/build] unable to get git ref: failed to identify reference (tag/branch) for the checked-out revision 'e14b30b88c0de95186fe1937f795b7d8fd3fa8aa'
[bdb427fb-b2b6-41a4-a554-6ce691635a39/build] unable to get git ref: failed to identify reference (tag/branch) for the checked-out revision 'e14b30b88c0de95186fe1937f795b7d8fd3fa8aa'
[bdb427fb-b2b6-41a4-a554-6ce691635a39/build]   üê≥  docker exec cmd=[bash --noprofile --norc -e -o pipefail /var/run/act/workflow/2] user= workdir=
[bdb427fb-b2b6-41a4-a554-6ce691635a39/build]   | [INFO] Scanning for projects...
[bdb427fb-b2b6-41a4-a554-6ce691635a39/build]   | [INFO] Downloading from central: https://repo.maven.apache.org/maven2/org/junit/junit-bom/5.8.2/junit-bom-5.8.2.pom
[bdb427fb-b2b6-41a4-a554-6ce691635a39/build]   | [INFO] Downloaded from central: https://repo.maven.apache.org/maven2/org/junit/junit-bom/5.8.2/junit-bom-5.8.2.pom (5.6 kB at 17 kB/s)
[bdb427fb-b2b6-41a4-a554-6ce691635a39/build]   | [INFO] 
[bdb427fb-b2b6-41a4-a554-6ce691635a39/build]   | [INFO] -----------------------< com.thealgorithms:Java >-----------------------
[bdb427fb-b2b6-41a4-a554-6ce691635a39/build]   | [INFO] Building Java 1.0-SNAPSHOT
[bdb427fb-b2b6-41a4-a554-6ce691635a39/build]   | [INFO]   from pom.xml
[bdb427fb-b2b6-41a4-a554-6ce691635a39/build]   | [INFO] --------------------------------[ jar ]---------------------------------
[bdb427fb-b2b6-41a4-a554-6ce691635a39/build]   | [INFO] Downloading from central: https://repo.maven.apache.org/maven2/org/apache/maven/plugins/maven-resources-plugin/2.6/maven-resources-plugin-2.6.pom
[bdb427fb-b2b6-41a4-a554-6ce691635a39/build]   | [INFO] Downloaded from central: https://repo.maven.apache.org/maven2/org/apache/maven/plugins/maven-resources-plugin/2.6/maven-resources-plugin-2.6.pom (8.1 kB at 386 kB/s)
[bdb427fb-b2b6-41a4-a554-6ce691635a39/build]   | [INFO] Downloading from central: https://repo.maven.apache.org/maven2/org/apache/maven/plugins/maven-plugins/23/maven-plugins-23.pom
[bdb427fb-b2b6-41a4-a554-6ce691635a39/build]   | [INFO] Downloaded from central: https://repo.maven.apache.org/maven2/org/apache/maven/plugins/maven-plugins/23/maven-plugins-23.pom (9.2 kB at 541 kB/s)
[bdb427fb-b2b6-41a4-a554-6ce691635a39/build]   | [INFO] Downloading from central: https://repo.maven.apache.org/maven2/org/apache/maven/maven-parent/22/maven-parent-22.pom
[bdb427fb-b2b6-41a4-a554-6ce691635a39/build]   | [INFO] Downloaded from central: https://repo.maven.apache.org/maven2/org/apache/maven/maven-parent/22/maven-parent-22.pom (30 kB at 1.5 MB/s)
[bdb427fb-b2b6-41a4-a554-6ce691635a39/build]   | [INFO] Downloading from central: https://repo.maven.apache.org/maven2/org/apache/apache/11/apache-11.pom
[bdb427fb-b2b6-41a4-a554-6ce691635a39/build]   | [INFO] Downloaded from central: https://repo.maven.apache.org/maven2/org/apache/apache/11/apache-11.pom (15 kB at 1.5 MB/s)
[bdb427fb-b2b6-41a4-a554-6ce691635a39/build]   | [INFO] Downloading from central: https://repo.maven.apache.org/maven2/org/apache/maven/plugins/maven-resources-plugin/2.6/maven-resources-plugin-2.6.jar
[bdb427fb-b2b6-41a4-a554-6ce691635a39/build]   | [INFO] Downloaded from central: https://repo.maven.apache.org/maven2/org/apache/maven/plugins/maven-resources-plugin/2.6/maven-resources-plugin-2.6.jar (30 kB at 1.5 MB/s)
[bdb427fb-b2b6-41a4-a554-6ce691635a39/build]   | [INFO] Downloading from central: https://repo.maven.apache.org/maven2/org/apache/maven/plugins/maven-compiler-plugin/3.10.1/maven-compiler-plugin-3.10.1.pom
[bdb427fb-b2b6-41a4-a554-6ce691635a39/build]   | [INFO] Downloaded from central: https://repo.maven.apache.org/maven2/org/apache/maven/plugins/maven-compiler-plugin/3.10.1/maven-compiler-plugin-3.10.1.pom (13 kB at 1.1 MB/s)
[bdb427fb-b2b6-41a4-a554-6ce691635a39/build]   | [INFO] Downloading from central: https://repo.maven.apache.org/maven2/org/apache/maven/plugins/maven-plugins/34/maven-plugins-34.pom
[bdb427fb-b2b6-41a4-a554-6ce691635a39/build]   | [INFO] Downloaded from central: https://repo.maven.apache.org/maven2/org/apache/maven/plugins/maven-plugins/34/maven-plugins-34.pom (11 kB at 891 kB/s)
[bdb427fb-b2b6-41a4-a554-6ce691635a39/build]   | [INFO] Downloading from central: https://repo.maven.apache.org/maven2/org/apache/maven/maven-parent/34/maven-parent-34.pom
[bdb427fb-b2b6-41a4-a554-6ce691635a39/build]   | [INFO] Downloaded from central: https://repo.maven.apache.org/maven2/org/apache/maven/maven-parent/34/maven-parent-34.pom (43 kB at 3.9 MB/s)
[bdb427fb-b2b6-41a4-a554-6ce691635a39/build]   | [INFO] Downloading from central: https://repo.maven.apache.org/maven2/org/apache/apache/23/apache-23.pom
[bdb427fb-b2b6-41a4-a554-6ce691635a39/build]   | [INFO] Downloaded from central: https://repo.maven.apache.org/maven2/org/apache/apache/23/apache-23.pom (18 kB at 2.0 MB/s)
[bdb427fb-b2b6-41a4-a554-6ce691635a39/build]   | [INFO] Downloading from central: https://repo.maven.apache.org/maven2/org/apache/maven/plugins/maven-compiler-plugin/3.10.1/maven-compiler-plugin-3.10.1.jar
[bdb427fb-b2b6-41a4-a554-6ce691635a39/build]   | [INFO] Downloaded from central: https://repo.maven.apache.org/maven2/org/apache/maven/plugins/maven-compiler-plugin/3.10.1/maven-compiler-plugin-3.10.1.jar (62 kB at 5.2 MB/s)
[bdb427fb-b2b6-41a4-a554-6ce691635a39/build]   | [INFO] Downloading from central: https://repo.maven.apache.org/maven2/org/apache/maven/plugins/maven-surefire-plugin/2.22.2/maven-surefire-plugin-2.22.2.pom
[bdb427fb-b2b6-41a4-a554-6ce691635a39/build]   | [INFO] Downloaded from central: https://repo.maven.apache.org/maven2/org/apache/maven/plugins/maven-surefire-plugin/2.22.2/maven-surefire-plugin-2.22.2.pom (5.0 kB at 624 kB/s)
[bdb427fb-b2b6-41a4-a554-6ce691635a39/build]   | [INFO] Downloading from central: https://repo.maven.apache.org/maven2/org/apache/maven/surefire/surefire/2.22.2/surefire-2.22.2.pom
[bdb427fb-b2b6-41a4-a554-6ce691635a39/build]   | [INFO] Downloaded from central: https://repo.maven.apache.org/maven2/org/apache/maven/surefire/surefire/2.22.2/surefire-2.22.2.pom (26 kB at 2.0 MB/s)
[bdb427fb-b2b6-41a4-a554-6ce691635a39/build]   | [INFO] Downloading from central: https://repo.maven.apache.org/maven2/org/apache/maven/maven-parent/33/maven-parent-33.pom
[bdb427fb-b2b6-41a4-a554-6ce691635a39/build]   | [INFO] Downloaded from central: https://repo.maven.apache.org/maven2/org/apache/maven/maven-parent/33/maven-parent-33.pom (44 kB at 2.6 MB/s)
[bdb427fb-b2b6-41a4-a554-6ce691635a39/build]   | [INFO] Downloading from central: https://repo.maven.apache.org/maven2/org/apache/apache/21/apache-21.pom
[bdb427fb-b2b6-41a4-a554-6ce691635a39/build]   | [INFO] Downloaded from central: https://repo.maven.apache.org/maven2/org/apache/apache/21/apache-21.pom (17 kB at 1.6 MB/s)
[bdb427fb-b2b6-41a4-a554-6ce691635a39/build]   | [INFO] Downloading from central: https://repo.maven.apache.org/maven2/org/apache/maven/plugins/maven-surefire-plugin/2.22.2/maven-surefire-plugin-2.22.2.jar
[bdb427fb-b2b6-41a4-a554-6ce691635a39/build]   | [INFO] Downloaded from central: https://repo.maven.apache.org/maven2/org/apache/maven/plugins/maven-surefire-plugin/2.22.2/maven-surefire-plugin-2.22.2.jar (41 kB at 1.8 MB/s)
[bdb427fb-b2b6-41a4-a554-6ce691635a39/build]   | [INFO] Downloading from central: https://repo.maven.apache.org/maven2/org/apache/maven/plugins/maven-jar-plugin/2.4/maven-jar-plugin-2.4.pom
[bdb427fb-b2b6-41a4-a554-6ce691635a39/build]   | [INFO] Downloaded from central: https://repo.maven.apache.org/maven2/org/apache/maven/plugins/maven-jar-plugin/2.4/maven-jar-plugin-2.4.pom (5.8 kB at 389 kB/s)
[bdb427fb-b2b6-41a4-a554-6ce691635a39/build]   | [INFO] Downloading from central: https://repo.maven.apache.org/maven2/org/apache/maven/plugins/maven-plugins/22/maven-plugins-22.pom
[bdb427fb-b2b6-41a4-a554-6ce691635a39/build]   | [INFO] Downloaded from central: https://repo.maven.apache.org/maven2/org/apache/maven/plugins/maven-plugins/22/maven-plugins-22.pom (13 kB at 1.2 MB/s)
[bdb427fb-b2b6-41a4-a554-6ce691635a39/build]   | [INFO] Downloading from central: https://repo.maven.apache.org/maven2/org/apache/maven/maven-parent/21/maven-parent-21.pom
[bdb427fb-b2b6-41a4-a554-6ce691635a39/build]   | [INFO] Downloaded from central: https://repo.maven.apache.org/maven2/org/apache/maven/maven-parent/21/maven-parent-21.pom (26 kB at 2.4 MB/s)
[bdb427fb-b2b6-41a4-a554-6ce691635a39/build]   | [INFO] Downloading from central: https://repo.maven.apache.org/maven2/org/apache/apache/10/apache-10.pom
[bdb427fb-b2b6-41a4-a554-6ce691635a39/build]   | [INFO] Downloaded from central: https://repo.maven.apache.org/maven2/org/apache/apache/10/apache-10.pom (15 kB at 1.5 MB/s)
[bdb427fb-b2b6-41a4-a554-6ce691635a39/build]   | [INFO] Downloading from central: https://repo.maven.apache.org/maven2/org/apache/maven/plugins/maven-jar-plugin/2.4/maven-jar-plugin-2.4.jar
[bdb427fb-b2b6-41a4-a554-6ce691635a39/build]   | [INFO] Downloaded from central: https://repo.maven.apache.org/maven2/org/apache/maven/plugins/maven-jar-plugin/2.4/maven-jar-plugin-2.4.jar (34 kB at 1.9 MB/s)
[bdb427fb-b2b6-41a4-a554-6ce691635a39/build]   | [INFO] Downloading from central: https://repo.maven.apache.org/maven2/org/junit/jupiter/junit-jupiter/5.9.0/junit-jupiter-5.9.0.pom
[bdb427fb-b2b6-41a4-a554-6ce691635a39/build]   | [INFO] Downloaded from central: https://repo.maven.apache.org/maven2/org/junit/jupiter/junit-jupiter/5.9.0/junit-jupiter-5.9.0.pom (3.2 kB at 320 kB/s)
[bdb427fb-b2b6-41a4-a554-6ce691635a39/build]   | [INFO] Downloading from central: https://repo.maven.apache.org/maven2/org/junit/junit-bom/5.9.0/junit-bom-5.9.0.pom
[bdb427fb-b2b6-41a4-a554-6ce691635a39/build]   | [INFO] Downloaded from central: https://repo.maven.apache.org/maven2/org/junit/junit-bom/5.9.0/junit-bom-5.9.0.pom (5.6 kB at 704 kB/s)
[bdb427fb-b2b6-41a4-a554-6ce691635a39/build]   | [INFO] Downloading from central: https://repo.maven.apache.org/maven2/org/junit/jupiter/junit-jupiter-api/5.8.2/junit-jupiter-api-5.8.2.pom
[bdb427fb-b2b6-41a4-a554-6ce691635a39/build]   | [INFO] Downloaded from central: https://repo.maven.apache.org/maven2/org/junit/jupiter/junit-jupiter-api/5.8.2/junit-jupiter-api-5.8.2.pom (3.2 kB at 454 kB/s)
[bdb427fb-b2b6-41a4-a554-6ce691635a39/build]   | [INFO] Downloading from central: https://repo.maven.apache.org/maven2/org/opentest4j/opentest4j/1.2.0/opentest4j-1.2.0.pom
[bdb427fb-b2b6-41a4-a554-6ce691635a39/build]   | [INFO] Downloaded from central: https://repo.maven.apache.org/maven2/org/opentest4j/opentest4j/1.2.0/opentest4j-1.2.0.pom (1.7 kB at 187 kB/s)
[bdb427fb-b2b6-41a4-a554-6ce691635a39/build]   | [INFO] Downloading from central: https://repo.maven.apache.org/maven2/org/junit/platform/junit-platform-commons/1.8.2/junit-platform-commons-1.8.2.pom
[bdb427fb-b2b6-41a4-a554-6ce691635a39/build]   | [INFO] Downloaded from central: https://repo.maven.apache.org/maven2/org/junit/platform/junit-platform-commons/1.8.2/junit-platform-commons-1.8.2.pom (2.8 kB at 354 kB/s)
[bdb427fb-b2b6-41a4-a554-6ce691635a39/build]   | [INFO] Downloading from central: https://repo.maven.apache.org/maven2/org/apiguardian/apiguardian-api/1.1.2/apiguardian-api-1.1.2.pom
[bdb427fb-b2b6-41a4-a554-6ce691635a39/build]   | [INFO] Downloaded from central: https://repo.maven.apache.org/maven2/org/apiguardian/apiguardian-api/1.1.2/apiguardian-api-1.1.2.pom (1.5 kB at 254 kB/s)
[bdb427fb-b2b6-41a4-a554-6ce691635a39/build]   | [INFO] Downloading from central: https://repo.maven.apache.org/maven2/org/junit/jupiter/junit-jupiter-params/5.8.2/junit-jupiter-params-5.8.2.pom
[bdb427fb-b2b6-41a4-a554-6ce691635a39/build]   | [INFO] Downloaded from central: https://repo.maven.apache.org/maven2/org/junit/jupiter/junit-jupiter-params/5.8.2/junit-jupiter-params-5.8.2.pom (3.0 kB at 501 kB/s)
[bdb427fb-b2b6-41a4-a554-6ce691635a39/build]   | [INFO] Downloading from central: https://repo.maven.apache.org/maven2/org/junit/jupiter/junit-jupiter-engine/5.8.2/junit-jupiter-engine-5.8.2.pom
[bdb427fb-b2b6-41a4-a554-6ce691635a39/build]   | [INFO] Downloaded from central: https://repo.maven.apache.org/maven2/org/junit/jupiter/junit-jupiter-engine/5.8.2/junit-jupiter-engine-5.8.2.pom (3.2 kB at 400 kB/s)
[bdb427fb-b2b6-41a4-a554-6ce691635a39/build]   | [INFO] Downloading from central: https://repo.maven.apache.org/maven2/org/junit/platform/junit-platform-engine/1.8.2/junit-platform-engine-1.8.2.pom
[bdb427fb-b2b6-41a4-a554-6ce691635a39/build]   | [INFO] Downloaded from central: https://repo.maven.apache.org/maven2/org/junit/platform/junit-platform-engine/1.8.2/junit-platform-engine-1.8.2.pom (3.2 kB at 457 kB/s)
[bdb427fb-b2b6-41a4-a554-6ce691635a39/build]   | [INFO] Downloading from central: https://repo.maven.apache.org/maven2/org/assertj/assertj-core/3.23.1/assertj-core-3.23.1.pom
[bdb427fb-b2b6-41a4-a554-6ce691635a39/build]   | [INFO] Downloaded from central: https://repo.maven.apache.org/maven2/org/assertj/assertj-core/3.23.1/assertj-core-3.23.1.pom (24 kB at 2.6 MB/s)
[bdb427fb-b2b6-41a4-a554-6ce691635a39/build]   | [INFO] Downloading from central: https://repo.maven.apache.org/maven2/org/assertj/assertj-parent-pom/2.2.17/assertj-parent-pom-2.2.17.pom
[bdb427fb-b2b6-41a4-a554-6ce691635a39/build]   | [INFO] Downloaded from central: https://repo.maven.apache.org/maven2/org/assertj/assertj-parent-pom/2.2.17/assertj-parent-pom-2.2.17.pom (24 kB at 2.4 MB/s)
[bdb427fb-b2b6-41a4-a554-6ce691635a39/build]   | [INFO] Downloading from central: https://repo.maven.apache.org/maven2/org/mockito/mockito-bom/4.5.1/mockito-bom-4.5.1.pom
[bdb427fb-b2b6-41a4-a554-6ce691635a39/build]   | [INFO] Downloaded from central: https://repo.maven.apache.org/maven2/org/mockito/mockito-bom/4.5.1/mockito-bom-4.5.1.pom (3.0 kB at 426 kB/s)
[bdb427fb-b2b6-41a4-a554-6ce691635a39/build]   | [INFO] Downloading from central: https://repo.maven.apache.org/maven2/net/bytebuddy/byte-buddy/1.12.10/byte-buddy-1.12.10.pom
[bdb427fb-b2b6-41a4-a554-6ce691635a39/build]   | [INFO] Downloaded from central: https://repo.maven.apache.org/maven2/net/bytebuddy/byte-buddy/1.12.10/byte-buddy-1.12.10.pom (17 kB at 1.2 MB/s)
[bdb427fb-b2b6-41a4-a554-6ce691635a39/build]   | [INFO] Downloading from central: https://repo.maven.apache.org/maven2/net/bytebuddy/byte-buddy-parent/1.12.10/byte-buddy-parent-1.12.10.pom
[bdb427fb-b2b6-41a4-a554-6ce691635a39/build]   | [INFO] Downloaded from central: https://repo.maven.apache.org/maven2/net/bytebuddy/byte-buddy-parent/1.12.10/byte-buddy-parent-1.12.10.pom (45 kB at 6.4 MB/s)
[bdb427fb-b2b6-41a4-a554-6ce691635a39/build]   | [INFO] Downloading from central: https://repo.maven.apache.org/maven2/org/junit/jupiter/junit-jupiter-api/5.9.0/junit-jupiter-api-5.9.0.pom
[bdb427fb-b2b6-41a4-a554-6ce691635a39/build]   | [INFO] Downloaded from central: https://repo.maven.apache.org/maven2/org/junit/jupiter/junit-jupiter-api/5.9.0/junit-jupiter-api-5.9.0.pom (3.2 kB at 398 kB/s)
[bdb427fb-b2b6-41a4-a554-6ce691635a39/build]   | [INFO] Downloading from central: https://repo.maven.apache.org/maven2/org/junit/jupiter/junit-jupiter/5.9.0/junit-jupiter-5.9.0.jar
[bdb427fb-b2b6-41a4-a554-6ce691635a39/build]   | [INFO] Downloading from central: https://repo.maven.apache.org/maven2/org/junit/jupiter/junit-jupiter-params/5.8.2/junit-jupiter-params-5.8.2.jar
[bdb427fb-b2b6-41a4-a554-6ce691635a39/build]   | [INFO] Downloading from central: https://repo.maven.apache.org/maven2/org/junit/jupiter/junit-jupiter-engine/5.8.2/junit-jupiter-engine-5.8.2.jar
[bdb427fb-b2b6-41a4-a554-6ce691635a39/build]   | [INFO] Downloading from central: https://repo.maven.apache.org/maven2/org/junit/platform/junit-platform-engine/1.8.2/junit-platform-engine-1.8.2.jar
[bdb427fb-b2b6-41a4-a554-6ce691635a39/build]   | [INFO] Downloading from central: https://repo.maven.apache.org/maven2/org/assertj/assertj-core/3.23.1/assertj-core-3.23.1.jar
[bdb427fb-b2b6-41a4-a554-6ce691635a39/build]   | [INFO] Downloaded from central: https://repo.maven.apache.org/maven2/org/junit/jupiter/junit-jupiter/5.9.0/junit-jupiter-5.9.0.jar (6.4 kB at 636 kB/s)
[bdb427fb-b2b6-41a4-a554-6ce691635a39/build]   | [INFO] Downloading from central: https://repo.maven.apache.org/maven2/net/bytebuddy/byte-buddy/1.12.10/byte-buddy-1.12.10.jar
[bdb427fb-b2b6-41a4-a554-6ce691635a39/build]   | [INFO] Downloaded from central: https://repo.maven.apache.org/maven2/org/junit/platform/junit-platform-engine/1.8.2/junit-platform-engine-1.8.2.jar (186 kB at 2.1 MB/s)
[bdb427fb-b2b6-41a4-a554-6ce691635a39/build]   | [INFO] Downloading from central: https://repo.maven.apache.org/maven2/org/junit/jupiter/junit-jupiter-api/5.9.0/junit-jupiter-api-5.9.0.jar
[bdb427fb-b2b6-41a4-a554-6ce691635a39/build]   | [INFO] Downloaded from central: https://repo.maven.apache.org/maven2/org/junit/jupiter/junit-jupiter-engine/5.8.2/junit-jupiter-engine-5.8.2.jar (230 kB at 2.3 MB/s)
[bdb427fb-b2b6-41a4-a554-6ce691635a39/build]   | [INFO] Downloading from central: https://repo.maven.apache.org/maven2/org/opentest4j/opentest4j/1.2.0/opentest4j-1.2.0.jar
[bdb427fb-b2b6-41a4-a554-6ce691635a39/build]   | [INFO] Downloaded from central: https://repo.maven.apache.org/maven2/org/opentest4j/opentest4j/1.2.0/opentest4j-1.2.0.jar (7.7 kB at 62 kB/s)
[bdb427fb-b2b6-41a4-a554-6ce691635a39/build]   | [INFO] Downloading from central: https://repo.maven.apache.org/maven2/org/junit/platform/junit-platform-commons/1.8.2/junit-platform-commons-1.8.2.jar
[bdb427fb-b2b6-41a4-a554-6ce691635a39/build]   | [INFO] Downloaded from central: https://repo.maven.apache.org/maven2/org/junit/jupiter/junit-jupiter-api/5.9.0/junit-jupiter-api-5.9.0.jar (203 kB at 1.6 MB/s)
[bdb427fb-b2b6-41a4-a554-6ce691635a39/build]   | [INFO] Downloading from central: https://repo.maven.apache.org/maven2/org/apiguardian/apiguardian-api/1.1.2/apiguardian-api-1.1.2.jar
[bdb427fb-b2b6-41a4-a554-6ce691635a39/build]   | [INFO] Downloaded from central: https://repo.maven.apache.org/maven2/org/assertj/assertj-core/3.23.1/assertj-core-3.23.1.jar (1.2 MB at 9.0 MB/s)
[bdb427fb-b2b6-41a4-a554-6ce691635a39/build]   | [INFO] Downloaded from central: https://repo.maven.apache.org/maven2/net/bytebuddy/byte-buddy/1.12.10/byte-buddy-1.12.10.jar (3.8 MB at 28 MB/s)
[bdb427fb-b2b6-41a4-a554-6ce691635a39/build]   | [INFO] Downloaded from central: https://repo.maven.apache.org/maven2/org/junit/jupiter/junit-jupiter-params/5.8.2/junit-jupiter-params-5.8.2.jar (577 kB at 4.1 MB/s)
[bdb427fb-b2b6-41a4-a554-6ce691635a39/build]   | [INFO] Downloaded from central: https://repo.maven.apache.org/maven2/org/junit/platform/junit-platform-commons/1.8.2/junit-platform-commons-1.8.2.jar (100 kB at 698 kB/s)
[bdb427fb-b2b6-41a4-a554-6ce691635a39/build]   | [INFO] Downloaded from central: https://repo.maven.apache.org/maven2/org/apiguardian/apiguardian-api/1.1.2/apiguardian-api-1.1.2.jar (6.8 kB at 47 kB/s)
[bdb427fb-b2b6-41a4-a554-6ce691635a39/build]   | [INFO] 
[bdb427fb-b2b6-41a4-a554-6ce691635a39/build]   | [INFO] --- maven-resources-plugin:2.6:resources (default-resources) @ Java ---
[bdb427fb-b2b6-41a4-a554-6ce691635a39/build]   | [INFO] Downloading from central: https://repo.maven.apache.org/maven2/org/apache/maven/maven-plugin-api/2.0.6/maven-plugin-api-2.0.6.pom
[bdb427fb-b2b6-41a4-a554-6ce691635a39/build]   | [INFO] Downloaded from central: https://repo.maven.apache.org/maven2/org/apache/maven/maven-plugin-api/2.0.6/maven-plugin-api-2.0.6.pom (1.5 kB at 132 kB/s)
[bdb427fb-b2b6-41a4-a554-6ce691635a39/build]   | [INFO] Downloading from central: https://repo.maven.apache.org/maven2/org/apache/maven/maven/2.0.6/maven-2.0.6.pom
[bdb427fb-b2b6-41a4-a554-6ce691635a39/build]   | [INFO] Downloaded from central: https://repo.maven.apache.org/maven2/org/apache/maven/maven/2.0.6/maven-2.0.6.pom (9.0 kB at 822 kB/s)
[bdb427fb-b2b6-41a4-a554-6ce691635a39/build]   | [INFO] Downloading from central: https://repo.maven.apache.org/maven2/org/apache/maven/maven-parent/5/maven-parent-5.pom
[bdb427fb-b2b6-41a4-a554-6ce691635a39/build]   | [INFO] Downloaded from central: https://repo.maven.apache.org/maven2/org/apache/maven/maven-parent/5/maven-parent-5.pom (15 kB at 1.0 MB/s)
[bdb427fb-b2b6-41a4-a554-6ce691635a39/build]   | [INFO] Downloading from central: https://repo.maven.apache.org/maven2/org/apache/apache/3/apache-3.pom
[bdb427fb-b2b6-41a4-a554-6ce691635a39/build]   | [INFO] Downloaded from central: https://repo.maven.apache.org/maven2/org/apache/apache/3/apache-3.pom (3.4 kB at 343 kB/s)
[bdb427fb-b2b6-41a4-a554-6ce691635a39/build]   | [INFO] Downloading from central: https://repo.maven.apache.org/maven2/org/apache/maven/maven-project/2.0.6/maven-project-2.0.6.pom
[bdb427fb-b2b6-41a4-a554-6ce691635a39/build]   | [INFO] Downloaded from central: https://repo.maven.apache.org/maven2/org/apache/maven/maven-project/2.0.6/maven-project-2.0.6.pom (2.6 kB at 330 kB/s)
[bdb427fb-b2b6-41a4-a554-6ce691635a39/build]   | [INFO] Downloading from central: https://repo.maven.apache.org/maven2/org/apache/maven/maven-settings/2.0.6/maven-settings-2.0.6.pom
[bdb427fb-b2b6-41a4-a554-6ce691635a39/build]   | [INFO] Downloaded from central: https://repo.maven.apache.org/maven2/org/apache/maven/maven-settings/2.0.6/maven-settings-2.0.6.pom (2.0 kB at 154 kB/s)
[bdb427fb-b2b6-41a4-a554-6ce691635a39/build]   | [INFO] Downloading from central: https://repo.maven.apache.org/maven2/org/apache/maven/maven-model/2.0.6/maven-model-2.0.6.pom
[bdb427fb-b2b6-41a4-a554-6ce691635a39/build]   | [INFO] Downloaded from central: https://repo.maven.apache.org/maven2/org/apache/maven/maven-model/2.0.6/maven-model-2.0.6.pom (3.0 kB at 381 kB/s)
[bdb427fb-b2b6-41a4-a554-6ce691635a39/build]   | [INFO] Downloading from central: https://repo.maven.apache.org/maven2/org/codehaus/plexus/plexus-utils/1.4.1/plexus-utils-1.4.1.pom
[bdb427fb-b2b6-41a4-a554-6ce691635a39/build]   | [INFO] Downloaded from central: https://repo.maven.apache.org/maven2/org/codehaus/plexus/plexus-utils/1.4.1/plexus-utils-1.4.1.pom (1.9 kB at 239 kB/s)
[bdb427fb-b2b6-41a4-a554-6ce691635a39/build]   | [INFO] Downloading from central: https://repo.maven.apache.org/maven2/org/codehaus/plexus/plexus/1.0.11/plexus-1.0.11.pom
[bdb427fb-b2b6-41a4-a554-6ce691635a39/build]   | [INFO] Downloaded from central: https://repo.maven.apache.org/maven2/org/codehaus/plexus/plexus/1.0.11/plexus-1.0.11.pom (9.0 kB at 997 kB/s)
[bdb427fb-b2b6-41a4-a554-6ce691635a39/build]   | [INFO] Downloading from central: https://repo.maven.apache.org/maven2/org/codehaus/plexus/plexus-container-default/1.0-alpha-9-stable-1/plexus-container-default-1.0-alpha-9-stable-1.pom
[bdb427fb-b2b6-41a4-a554-6ce691635a39/build]   | [INFO] Downloaded from central: https://repo.maven.apache.org/maven2/org/codehaus/plexus/plexus-container-default/1.0-alpha-9-stable-1/plexus-container-default-1.0-alpha-9-stable-1.pom (3.9 kB at 494 kB/s)
[bdb427fb-b2b6-41a4-a554-6ce691635a39/build]   | [INFO] Downloading from central: https://repo.maven.apache.org/maven2/org/codehaus/plexus/plexus-containers/1.0.3/plexus-containers-1.0.3.pom
[bdb427fb-b2b6-41a4-a554-6ce691635a39/build]   | [INFO] Downloaded from central: https://repo.maven.apache.org/maven2/org/codehaus/plexus/plexus-containers/1.0.3/plexus-containers-1.0.3.pom (492 B at 45 kB/s)
[bdb427fb-b2b6-41a4-a554-6ce691635a39/build]   | [INFO] Downloading from central: https://repo.maven.apache.org/maven2/org/codehaus/plexus/plexus/1.0.4/plexus-1.0.4.pom
[bdb427fb-b2b6-41a4-a554-6ce691635a39/build]   | [INFO] Downloaded from central: https://repo.maven.apache.org/maven2/org/codehaus/plexus/plexus/1.0.4/plexus-1.0.4.pom (5.7 kB at 522 kB/s)
[bdb427fb-b2b6-41a4-a554-6ce691635a39/build]   | [INFO] Downloading from central: https://repo.maven.apache.org/maven2/junit/junit/3.8.1/junit-3.8.1.pom
[bdb427fb-b2b6-41a4-a554-6ce691635a39/build]   | [INFO] Downloaded from central: https://repo.maven.apache.org/maven2/junit/junit/3.8.1/junit-3.8.1.pom (998 B at 125 kB/s)
[bdb427fb-b2b6-41a4-a554-6ce691635a39/build]   | [INFO] Downloading from central: https://repo.maven.apache.org/maven2/org/codehaus/plexus/plexus-utils/1.0.4/plexus-utils-1.0.4.pom
[bdb427fb-b2b6-41a4-a554-6ce691635a39/build]   | [INFO] Downloaded from central: https://repo.maven.apache.org/maven2/org/codehaus/plexus/plexus-utils/1.0.4/plexus-utils-1.0.4.pom (6.9 kB at 857 kB/s)
[bdb427fb-b2b6-41a4-a554-6ce691635a39/build]   | [INFO] Downloading from central: https://repo.maven.apache.org/maven2/classworlds/classworlds/1.1-alpha-2/classworlds-1.1-alpha-2.pom
[bdb427fb-b2b6-41a4-a554-6ce691635a39/build]   | [INFO] Downloaded from central: https://repo.maven.apache.org/maven2/classworlds/classworlds/1.1-alpha-2/classworlds-1.1-alpha-2.pom (3.1 kB at 447 kB/s)
[bdb427fb-b2b6-41a4-a554-6ce691635a39/build]   | [INFO] Downloading from central: https://repo.maven.apache.org/maven2/org/apache/maven/maven-profile/2.0.6/maven-profile-2.0.6.pom
[bdb427fb-b2b6-41a4-a554-6ce691635a39/build]   | [INFO] Downloaded from central: https://repo.maven.apache.org/maven2/org/apache/maven/maven-profile/2.0.6/maven-profile-2.0.6.pom (2.0 kB at 283 kB/s)
[bdb427fb-b2b6-41a4-a554-6ce691635a39/build]   | [INFO] Downloading from central: https://repo.maven.apache.org/maven2/org/apache/maven/maven-artifact-manager/2.0.6/maven-artifact-manager-2.0.6.pom
[bdb427fb-b2b6-41a4-a554-6ce691635a39/build]   | [INFO] Downloaded from central: https://repo.maven.apache.org/maven2/org/apache/maven/maven-artifact-manager/2.0.6/maven-artifact-manager-2.0.6.pom (2.6 kB at 328 kB/s)
[bdb427fb-b2b6-41a4-a554-6ce691635a39/build]   | [INFO] Downloading from central: https://repo.maven.apache.org/maven2/org/apache/maven/maven-repository-metadata/2.0.6/maven-repository-metadata-2.0.6.pom
[bdb427fb-b2b6-41a4-a554-6ce691635a39/build]   | [INFO] Downloaded from central: https://repo.maven.apache.org/maven2/org/apache/maven/maven-repository-metadata/2.0.6/maven-repository-metadata-2.0.6.pom (1.9 kB at 103 kB/s)
[bdb427fb-b2b6-41a4-a554-6ce691635a39/build]   | [INFO] Downloading from central: https://repo.maven.apache.org/maven2/org/apache/maven/maven-artifact/2.0.6/maven-artifact-2.0.6.pom
[bdb427fb-b2b6-41a4-a554-6ce691635a39/build]   | [INFO] Downloaded from central: https://repo.maven.apache.org/maven2/org/apache/maven/maven-artifact/2.0.6/maven-artifact-2.0.6.pom (1.6 kB at 175 kB/s)
[bdb427fb-b2b6-41a4-a554-6ce691635a39/build]   | [INFO] Downloading from central: https://repo.maven.apache.org/maven2/org/apache/maven/maven-plugin-registry/2.0.6/maven-plugin-registry-2.0.6.pom
[bdb427fb-b2b6-41a4-a554-6ce691635a39/build]   | [INFO] Downloaded from central: https://repo.maven.apache.org/maven2/org/apache/maven/maven-plugin-registry/2.0.6/maven-plugin-registry-2.0.6.pom (1.9 kB at 278 kB/s)
[bdb427fb-b2b6-41a4-a554-6ce691635a39/build]   | [INFO] Downloading from central: https://repo.maven.apache.org/maven2/org/apache/maven/maven-core/2.0.6/maven-core-2.0.6.pom
[bdb427fb-b2b6-41a4-a554-6ce691635a39/build]   | [INFO] Downloaded from central: https://repo.maven.apache.org/maven2/org/apache/maven/maven-core/2.0.6/maven-core-2.0.6.pom (6.7 kB at 959 kB/s)
[bdb427fb-b2b6-41a4-a554-6ce691635a39/build]   | [INFO] Downloading from central: https://repo.maven.apache.org/maven2/org/apache/maven/maven-plugin-parameter-documenter/2.0.6/maven-plugin-parameter-documenter-2.0.6.pom
[bdb427fb-b2b6-41a4-a554-6ce691635a39/build]   | [INFO] Downloaded from central: https://repo.maven.apache.org/maven2/org/apache/maven/maven-plugin-parameter-documenter/2.0.6/maven-plugin-parameter-documenter-2.0.6.pom (1.9 kB at 318 kB/s)
[bdb427fb-b2b6-41a4-a554-6ce691635a39/build]   | [INFO] Downloading from central: https://repo.maven.apache.org/maven2/org/apache/maven/reporting/maven-reporting-api/2.0.6/maven-reporting-api-2.0.6.pom
[bdb427fb-b2b6-41a4-a554-6ce691635a39/build]   | [INFO] Downloaded from central: https://repo.maven.apache.org/maven2/org/apache/maven/reporting/maven-reporting-api/2.0.6/maven-reporting-api-2.0.6.pom (1.8 kB at 292 kB/s)
[bdb427fb-b2b6-41a4-a554-6ce691635a39/build]   | [INFO] Downloading from central: https://repo.maven.apache.org/maven2/org/apache/maven/reporting/maven-reporting/2.0.6/maven-reporting-2.0.6.pom
[bdb427fb-b2b6-41a4-a554-6ce691635a39/build]   | [INFO] Downloaded from central: https://repo.maven.apache.org/maven2/org/apache/maven/reporting/maven-reporting/2.0.6/maven-reporting-2.0.6.pom (1.4 kB at 144 kB/s)
[bdb427fb-b2b6-41a4-a554-6ce691635a39/build]   | [INFO] Downloading from central: https://repo.maven.apache.org/maven2/org/apache/maven/doxia/doxia-sink-api/1.0-alpha-7/doxia-sink-api-1.0-alpha-7.pom
[bdb427fb-b2b6-41a4-a554-6ce691635a39/build]   | [INFO] Downloaded from central: https://repo.maven.apache.org/maven2/org/apache/maven/doxia/doxia-sink-api/1.0-alpha-7/doxia-sink-api-1.0-alpha-7.pom (424 B at 61 kB/s)
[bdb427fb-b2b6-41a4-a554-6ce691635a39/build]   | [INFO] Downloading from central: https://repo.maven.apache.org/maven2/org/apache/maven/doxia/doxia/1.0-alpha-7/doxia-1.0-alpha-7.pom
[bdb427fb-b2b6-41a4-a554-6ce691635a39/build]   | [INFO] Downloaded from central: https://repo.maven.apache.org/maven2/org/apache/maven/doxia/doxia/1.0-alpha-7/doxia-1.0-alpha-7.pom (3.9 kB at 435 kB/s)
[bdb427fb-b2b6-41a4-a554-6ce691635a39/build]   | [INFO] Downloading from central: https://repo.maven.apache.org/maven2/org/apache/maven/maven-error-diagnostics/2.0.6/maven-error-diagnostics-2.0.6.pom
[bdb427fb-b2b6-41a4-a554-6ce691635a39/build]   | [INFO] Downloaded from central: https://repo.maven.apache.org/maven2/org/apache/maven/maven-error-diagnostics/2.0.6/maven-error-diagnostics-2.0.6.pom (1.7 kB at 122 kB/s)
[bdb427fb-b2b6-41a4-a554-6ce691635a39/build]   | [INFO] Downloading from central: https://repo.maven.apache.org/maven2/commons-cli/commons-cli/1.0/commons-cli-1.0.pom
[bdb427fb-b2b6-41a4-a554-6ce691635a39/build]   | [INFO] Downloaded from central: https://repo.maven.apache.org/maven2/commons-cli/commons-cli/1.0/commons-cli-1.0.pom (2.1 kB at 301 kB/s)
[bdb427fb-b2b6-41a4-a554-6ce691635a39/build]   | [INFO] Downloading from central: https://repo.maven.apache.org/maven2/org/apache/maven/maven-plugin-descriptor/2.0.6/maven-plugin-descriptor-2.0.6.pom
[bdb427fb-b2b6-41a4-a554-6ce691635a39/build]   | [INFO] Downloaded from central: https://repo.maven.apache.org/maven2/org/apache/maven/maven-plugin-descriptor/2.0.6/maven-plugin-descriptor-2.0.6.pom (2.0 kB at 336 kB/s)
[bdb427fb-b2b6-41a4-a554-6ce691635a39/build]   | [INFO] Downloading from central: https://repo.maven.apache.org/maven2/org/codehaus/plexus/plexus-interactivity-api/1.0-alpha-4/plexus-interactivity-api-1.0-alpha-4.pom
[bdb427fb-b2b6-41a4-a554-6ce691635a39/build]   | [INFO] Downloaded from central: https://repo.maven.apache.org/maven2/org/codehaus/plexus/plexus-interactivity-api/1.0-alpha-4/plexus-interactivity-api-1.0-alpha-4.pom (7.1 kB at 709 kB/s)
[bdb427fb-b2b6-41a4-a554-6ce691635a39/build]   | [INFO] Downloading from central: https://repo.maven.apache.org/maven2/org/apache/maven/maven-monitor/2.0.6/maven-monitor-2.0.6.pom
[bdb427fb-b2b6-41a4-a554-6ce691635a39/build]   | [INFO] Downloaded from central: https://repo.maven.apache.org/maven2/org/apache/maven/maven-monitor/2.0.6/maven-monitor-2.0.6.pom (1.3 kB at 179 kB/s)
[bdb427fb-b2b6-41a4-a554-6ce691635a39/build]   | [INFO] Downloading from central: https://repo.maven.apache.org/maven2/classworlds/classworlds/1.1/classworlds-1.1.pom
[bdb427fb-b2b6-41a4-a554-6ce691635a39/build]   | [INFO] Downloaded from central: https://repo.maven.apache.org/maven2/classworlds/classworlds/1.1/classworlds-1.1.pom (3.3 kB at 256 kB/s)
[bdb427fb-b2b6-41a4-a554-6ce691635a39/build]   | [INFO] Downloading from central: https://repo.maven.apache.org/maven2/org/codehaus/plexus/plexus-utils/2.0.5/plexus-utils-2.0.5.pom
[bdb427fb-b2b6-41a4-a554-6ce691635a39/build]   | [INFO] Downloaded from central: https://repo.maven.apache.org/maven2/org/codehaus/plexus/plexus-utils/2.0.5/plexus-utils-2.0.5.pom (3.3 kB at 476 kB/s)
[bdb427fb-b2b6-41a4-a554-6ce691635a39/build]   | [INFO] Downloading from central: https://repo.maven.apache.org/maven2/org/codehaus/plexus/plexus/2.0.6/plexus-2.0.6.pom
[bdb427fb-b2b6-41a4-a554-6ce691635a39/build]   | [INFO] Downloaded from central: https://repo.maven.apache.org/maven2/org/codehaus/plexus/plexus/2.0.6/plexus-2.0.6.pom (17 kB at 2.8 MB/s)
[bdb427fb-b2b6-41a4-a554-6ce691635a39/build]   | [INFO] Downloading from central: https://repo.maven.apache.org/maven2/org/apache/maven/shared/maven-filtering/1.1/maven-filtering-1.1.pom
[bdb427fb-b2b6-41a4-a554-6ce691635a39/build]   | [INFO] Downloaded from central: https://repo.maven.apache.org/maven2/org/apache/maven/shared/maven-filtering/1.1/maven-filtering-1.1.pom (5.8 kB at 579 kB/s)
[bdb427fb-b2b6-41a4-a554-6ce691635a39/build]   | [INFO] Downloading from central: https://repo.maven.apache.org/maven2/org/apache/maven/shared/maven-shared-components/17/maven-shared-components-17.pom
[bdb427fb-b2b6-41a4-a554-6ce691635a39/build]   | [INFO] Downloaded from central: https://repo.maven.apache.org/maven2/org/apache/maven/shared/maven-shared-components/17/maven-shared-components-17.pom (8.7 kB at 967 kB/s)
[bdb427fb-b2b6-41a4-a554-6ce691635a39/build]   | [INFO] Downloading from central: https://repo.maven.apache.org/maven2/org/codehaus/plexus/plexus-utils/1.5.15/plexus-utils-1.5.15.pom
[bdb427fb-b2b6-41a4-a554-6ce691635a39/build]   | [INFO] Downloaded from central: https://repo.maven.apache.org/maven2/org/codehaus/plexus/plexus-utils/1.5.15/plexus-utils-1.5.15.pom (6.8 kB at 1.1 MB/s)
[bdb427fb-b2b6-41a4-a554-6ce691635a39/build]   | [INFO] Downloading from central: https://repo.maven.apache.org/maven2/org/codehaus/plexus/plexus/2.0.2/plexus-2.0.2.pom
[bdb427fb-b2b6-41a4-a554-6ce691635a39/build]   | [INFO] Downloaded from central: https://repo.maven.apache.org/maven2/org/codehaus/plexus/plexus/2.0.2/plexus-2.0.2.pom (12 kB at 1.9 MB/s)
[bdb427fb-b2b6-41a4-a554-6ce691635a39/build]   | [INFO] Downloading from central: https://repo.maven.apache.org/maven2/org/codehaus/plexus/plexus-interpolation/1.12/plexus-interpolation-1.12.pom
[bdb427fb-b2b6-41a4-a554-6ce691635a39/build]   | [INFO] Downloaded from central: https://repo.maven.apache.org/maven2/org/codehaus/plexus/plexus-interpolation/1.12/plexus-interpolation-1.12.pom (889 B at 127 kB/s)
[bdb427fb-b2b6-41a4-a554-6ce691635a39/build]   | [INFO] Downloading from central: https://repo.maven.apache.org/maven2/org/codehaus/plexus/plexus-components/1.1.14/plexus-components-1.1.14.pom
[bdb427fb-b2b6-41a4-a554-6ce691635a39/build]   | [INFO] Downloaded from central: https://repo.maven.apache.org/maven2/org/codehaus/plexus/plexus-components/1.1.14/plexus-components-1.1.14.pom (5.8 kB at 835 kB/s)
[bdb427fb-b2b6-41a4-a554-6ce691635a39/build]   | [INFO] Downloading from central: https://repo.maven.apache.org/maven2/org/sonatype/plexus/plexus-build-api/0.0.4/plexus-build-api-0.0.4.pom
[bdb427fb-b2b6-41a4-a554-6ce691635a39/build]   | [INFO] Downloaded from central: https://repo.maven.apache.org/maven2/org/sonatype/plexus/plexus-build-api/0.0.4/plexus-build-api-0.0.4.pom (2.9 kB at 409 kB/s)
[bdb427fb-b2b6-41a4-a554-6ce691635a39/build]   | [INFO] Downloading from central: https://repo.maven.apache.org/maven2/org/sonatype/spice/spice-parent/10/spice-parent-10.pom
[bdb427fb-b2b6-41a4-a554-6ce691635a39/build]   | [INFO] Downloaded from central: https://repo.maven.apache.org/maven2/org/sonatype/spice/spice-parent/10/spice-parent-10.pom (3.0 kB at 431 kB/s)
[bdb427fb-b2b6-41a4-a554-6ce691635a39/build]   | [INFO] Downloading from central: https://repo.maven.apache.org/maven2/org/sonatype/forge/forge-parent/3/forge-parent-3.pom
[bdb427fb-b2b6-41a4-a554-6ce691635a39/build]   | [INFO] Downloaded from central: https://repo.maven.apache.org/maven2/org/sonatype/forge/forge-parent/3/forge-parent-3.pom (5.0 kB at 629 kB/s)
[bdb427fb-b2b6-41a4-a554-6ce691635a39/build]   | [INFO] Downloading from central: https://repo.maven.apache.org/maven2/org/codehaus/plexus/plexus-utils/1.5.8/plexus-utils-1.5.8.pom
[bdb427fb-b2b6-41a4-a554-6ce691635a39/build]   | [INFO] Downloaded from central: https://repo.maven.apache.org/maven2/org/codehaus/plexus/plexus-utils/1.5.8/plexus-utils-1.5.8.pom (8.1 kB at 1.3 MB/s)
[bdb427fb-b2b6-41a4-a554-6ce691635a39/build]   | [INFO] Downloading from central: https://repo.maven.apache.org/maven2/org/codehaus/plexus/plexus-interpolation/1.13/plexus-interpolation-1.13.pom
[bdb427fb-b2b6-41a4-a554-6ce691635a39/build]   | [INFO] Downloaded from central: https://repo.maven.apache.org/maven2/org/codehaus/plexus/plexus-interpolation/1.13/plexus-interpolation-1.13.pom (890 B at 148 kB/s)
[bdb427fb-b2b6-41a4-a554-6ce691635a39/build]   | [INFO] Downloading from central: https://repo.maven.apache.org/maven2/org/codehaus/plexus/plexus-components/1.1.15/plexus-components-1.1.15.pom
[bdb427fb-b2b6-41a4-a554-6ce691635a39/build]   | [INFO] Downloaded from central: https://repo.maven.apache.org/maven2/org/codehaus/plexus/plexus-components/1.1.15/plexus-components-1.1.15.pom (2.8 kB at 285 kB/s)
[bdb427fb-b2b6-41a4-a554-6ce691635a39/build]   | [INFO] Downloading from central: https://repo.maven.apache.org/maven2/org/codehaus/plexus/plexus/2.0.3/plexus-2.0.3.pom
[bdb427fb-b2b6-41a4-a554-6ce691635a39/build]   | [INFO] Downloaded from central: https://repo.maven.apache.org/maven2/org/codehaus/plexus/plexus/2.0.3/plexus-2.0.3.pom (15 kB at 1.9 MB/s)
[bdb427fb-b2b6-41a4-a554-6ce691635a39/build]   | [INFO] Downloading from central: https://repo.maven.apache.org/maven2/org/apache/maven/maven-plugin-api/2.0.6/maven-plugin-api-2.0.6.jar
[bdb427fb-b2b6-41a4-a554-6ce691635a39/build]   | [INFO] Downloading from central: https://repo.maven.apache.org/maven2/org/apache/maven/maven-project/2.0.6/maven-project-2.0.6.jar
[bdb427fb-b2b6-41a4-a554-6ce691635a39/build]   | [INFO] Downloading from central: https://repo.maven.apache.org/maven2/org/apache/maven/maven-profile/2.0.6/maven-profile-2.0.6.jar
[bdb427fb-b2b6-41a4-a554-6ce691635a39/build]   | [INFO] Downloading from central: https://repo.maven.apache.org/maven2/org/apache/maven/maven-artifact-manager/2.0.6/maven-artifact-manager-2.0.6.jar
[bdb427fb-b2b6-41a4-a554-6ce691635a39/build]   | [INFO] Downloading from central: https://repo.maven.apache.org/maven2/org/apache/maven/maven-plugin-registry/2.0.6/maven-plugin-registry-2.0.6.jar
[bdb427fb-b2b6-41a4-a554-6ce691635a39/build]   | [INFO] Downloaded from central: https://repo.maven.apache.org/maven2/org/apache/maven/maven-plugin-api/2.0.6/maven-plugin-api-2.0.6.jar (13 kB at 1.2 MB/s)
[bdb427fb-b2b6-41a4-a554-6ce691635a39/build]   | [INFO] Downloading from central: https://repo.maven.apache.org/maven2/org/apache/maven/maven-core/2.0.6/maven-core-2.0.6.jar
[bdb427fb-b2b6-41a4-a554-6ce691635a39/build]   | [INFO] Downloaded from central: https://repo.maven.apache.org/maven2/org/apache/maven/maven-artifact-manager/2.0.6/maven-artifact-manager-2.0.6.jar (57 kB at 4.7 MB/s)
[bdb427fb-b2b6-41a4-a554-6ce691635a39/build]   | [INFO] Downloading from central: https://repo.maven.apache.org/maven2/org/apache/maven/maven-plugin-parameter-documenter/2.0.6/maven-plugin-parameter-documenter-2.0.6.jar
[bdb427fb-b2b6-41a4-a554-6ce691635a39/build]   | [INFO] Downloaded from central: https://repo.maven.apache.org/maven2/org/apache/maven/maven-profile/2.0.6/maven-profile-2.0.6.jar (35 kB at 2.7 MB/s)
[bdb427fb-b2b6-41a4-a554-6ce691635a39/build]   | [INFO] Downloaded from central: https://repo.maven.apache.org/maven2/org/apache/maven/maven-project/2.0.6/maven-project-2.0.6.jar (116 kB at 8.3 MB/s)
[bdb427fb-b2b6-41a4-a554-6ce691635a39/build]   | [INFO] Downloading from central: https://repo.maven.apache.org/maven2/org/apache/maven/reporting/maven-reporting-api/2.0.6/maven-reporting-api-2.0.6.jar
[bdb427fb-b2b6-41a4-a554-6ce691635a39/build]   | [INFO] Downloading from central: https://repo.maven.apache.org/maven2/org/apache/maven/doxia/doxia-sink-api/1.0-alpha-7/doxia-sink-api-1.0-alpha-7.jar
[bdb427fb-b2b6-41a4-a554-6ce691635a39/build]   | [INFO] Downloaded from central: https://repo.maven.apache.org/maven2/org/apache/maven/maven-plugin-registry/2.0.6/maven-plugin-registry-2.0.6.jar (29 kB at 2.1 MB/s)
[bdb427fb-b2b6-41a4-a554-6ce691635a39/build]   | [INFO] Downloading from central: https://repo.maven.apache.org/maven2/org/apache/maven/maven-repository-metadata/2.0.6/maven-repository-metadata-2.0.6.jar
[bdb427fb-b2b6-41a4-a554-6ce691635a39/build]   | [INFO] Downloaded from central: https://repo.maven.apache.org/maven2/org/apache/maven/maven-plugin-parameter-documenter/2.0.6/maven-plugin-parameter-documenter-2.0.6.jar (21 kB at 769 kB/s)
[bdb427fb-b2b6-41a4-a554-6ce691635a39/build]   | [INFO] Downloading from central: https://repo.maven.apache.org/maven2/org/apache/maven/maven-error-diagnostics/2.0.6/maven-error-diagnostics-2.0.6.jar
[bdb427fb-b2b6-41a4-a554-6ce691635a39/build]   | [INFO] Downloaded from central: https://repo.maven.apache.org/maven2/org/apache/maven/reporting/maven-reporting-api/2.0.6/maven-reporting-api-2.0.6.jar (9.9 kB at 331 kB/s)
[bdb427fb-b2b6-41a4-a554-6ce691635a39/build]   | [INFO] Downloading from central: https://repo.maven.apache.org/maven2/commons-cli/commons-cli/1.0/commons-cli-1.0.jar
[bdb427fb-b2b6-41a4-a554-6ce691635a39/build]   | [INFO] Downloaded from central: https://repo.maven.apache.org/maven2/org/apache/maven/maven-repository-metadata/2.0.6/maven-repository-metadata-2.0.6.jar (24 kB at 816 kB/s)
[bdb427fb-b2b6-41a4-a554-6ce691635a39/build]   | [INFO] Downloading from central: https://repo.maven.apache.org/maven2/org/apache/maven/maven-plugin-descriptor/2.0.6/maven-plugin-descriptor-2.0.6.jar
[bdb427fb-b2b6-41a4-a554-6ce691635a39/build]   | [INFO] Downloaded from central: https://repo.maven.apache.org/maven2/org/apache/maven/maven-core/2.0.6/maven-core-2.0.6.jar (152 kB at 4.9 MB/s)
[bdb427fb-b2b6-41a4-a554-6ce691635a39/build]   | [INFO] Downloaded from central: https://repo.maven.apache.org/maven2/org/apache/maven/doxia/doxia-sink-api/1.0-alpha-7/doxia-sink-api-1.0-alpha-7.jar (5.9 kB at 191 kB/s)
[bdb427fb-b2b6-41a4-a554-6ce691635a39/build]   | [INFO] Downloading from central: https://repo.maven.apache.org/maven2/org/codehaus/plexus/plexus-interactivity-api/1.0-alpha-4/plexus-interactivity-api-1.0-alpha-4.jar
[bdb427fb-b2b6-41a4-a554-6ce691635a39/build]   | [INFO] Downloading from central: https://repo.maven.apache.org/maven2/classworlds/classworlds/1.1/classworlds-1.1.jar
[bdb427fb-b2b6-41a4-a554-6ce691635a39/build]   | [INFO] Downloaded from central: https://repo.maven.apache.org/maven2/org/apache/maven/maven-error-diagnostics/2.0.6/maven-error-diagnostics-2.0.6.jar (14 kB at 317 kB/s)
[bdb427fb-b2b6-41a4-a554-6ce691635a39/build]   | [INFO] Downloading from central: https://repo.maven.apache.org/maven2/org/apache/maven/maven-artifact/2.0.6/maven-artifact-2.0.6.jar
[bdb427fb-b2b6-41a4-a554-6ce691635a39/build]   | [INFO] Downloaded from central: https://repo.maven.apache.org/maven2/commons-cli/commons-cli/1.0/commons-cli-1.0.jar (30 kB at 641 kB/s)
[bdb427fb-b2b6-41a4-a554-6ce691635a39/build]   | [INFO] Downloading from central: https://repo.maven.apache.org/maven2/org/apache/maven/maven-settings/2.0.6/maven-settings-2.0.6.jar
[bdb427fb-b2b6-41a4-a554-6ce691635a39/build]   | [INFO] Downloaded from central: https://repo.maven.apache.org/maven2/org/codehaus/plexus/plexus-interactivity-api/1.0-alpha-4/plexus-interactivity-api-1.0-alpha-4.jar (13 kB at 279 kB/s)
[bdb427fb-b2b6-41a4-a554-6ce691635a39/build]   | [INFO] Downloading from central: https://repo.maven.apache.org/maven2/org/apache/maven/maven-model/2.0.6/maven-model-2.0.6.jar
[bdb427fb-b2b6-41a4-a554-6ce691635a39/build]   | [INFO] Downloaded from central: https://repo.maven.apache.org/maven2/classworlds/classworlds/1.1/classworlds-1.1.jar (38 kB at 757 kB/s)
[bdb427fb-b2b6-41a4-a554-6ce691635a39/build]   | [INFO] Downloading from central: https://repo.maven.apache.org/maven2/org/apache/maven/maven-monitor/2.0.6/maven-monitor-2.0.6.jar
[bdb427fb-b2b6-41a4-a554-6ce691635a39/build]   | [INFO] Downloaded from central: https://repo.maven.apache.org/maven2/org/apache/maven/maven-plugin-descriptor/2.0.6/maven-plugin-descriptor-2.0.6.jar (37 kB at 723 kB/s)
[bdb427fb-b2b6-41a4-a554-6ce691635a39/build]   | [INFO] Downloading from central: https://repo.maven.apache.org/maven2/org/codehaus/plexus/plexus-container-default/1.0-alpha-9-stable-1/plexus-container-default-1.0-alpha-9-stable-1.jar
[bdb427fb-b2b6-41a4-a554-6ce691635a39/build]   | [INFO] Downloaded from central: https://repo.maven.apache.org/maven2/org/apache/maven/maven-artifact/2.0.6/maven-artifact-2.0.6.jar (87 kB at 1.3 MB/s)
[bdb427fb-b2b6-41a4-a554-6ce691635a39/build]   | [INFO] Downloading from central: https://repo.maven.apache.org/maven2/junit/junit/3.8.1/junit-3.8.1.jar
[bdb427fb-b2b6-41a4-a554-6ce691635a39/build]   | [INFO] Downloaded from central: https://repo.maven.apache.org/maven2/org/apache/maven/maven-model/2.0.6/maven-model-2.0.6.jar (86 kB at 1.2 MB/s)
[bdb427fb-b2b6-41a4-a554-6ce691635a39/build]   | [INFO] Downloading from central: https://repo.maven.apache.org/maven2/org/codehaus/plexus/plexus-utils/2.0.5/plexus-utils-2.0.5.jar
[bdb427fb-b2b6-41a4-a554-6ce691635a39/build]   | [INFO] Downloaded from central: https://repo.maven.apache.org/maven2/org/apache/maven/maven-settings/2.0.6/maven-settings-2.0.6.jar (49 kB at 664 kB/s)
[bdb427fb-b2b6-41a4-a554-6ce691635a39/build]   | [INFO] Downloading from central: https://repo.maven.apache.org/maven2/org/apache/maven/shared/maven-filtering/1.1/maven-filtering-1.1.jar
[bdb427fb-b2b6-41a4-a554-6ce691635a39/build]   | [INFO] Downloaded from central: https://repo.maven.apache.org/maven2/org/apache/maven/maven-monitor/2.0.6/maven-monitor-2.0.6.jar (10 kB at 138 kB/s)
[bdb427fb-b2b6-41a4-a554-6ce691635a39/build]   | [INFO] Downloading from central: https://repo.maven.apache.org/maven2/org/sonatype/plexus/plexus-build-api/0.0.4/plexus-build-api-0.0.4.jar
[bdb427fb-b2b6-41a4-a554-6ce691635a39/build]   | [INFO] Downloaded from central: https://repo.maven.apache.org/maven2/org/codehaus/plexus/plexus-container-default/1.0-alpha-9-stable-1/plexus-container-default-1.0-alpha-9-stable-1.jar (194 kB at 2.2 MB/s)
[bdb427fb-b2b6-41a4-a554-6ce691635a39/build]   | [INFO] Downloading from central: https://repo.maven.apache.org/maven2/org/codehaus/plexus/plexus-interpolation/1.13/plexus-interpolation-1.13.jar
[bdb427fb-b2b6-41a4-a554-6ce691635a39/build]   | [INFO] Downloaded from central: https://repo.maven.apache.org/maven2/junit/junit/3.8.1/junit-3.8.1.jar (121 kB at 1.3 MB/s)
[bdb427fb-b2b6-41a4-a554-6ce691635a39/build]   | [INFO] Downloaded from central: https://repo.maven.apache.org/maven2/org/codehaus/plexus/plexus-interpolation/1.13/plexus-interpolation-1.13.jar (61 kB at 565 kB/s)
[bdb427fb-b2b6-41a4-a554-6ce691635a39/build]   | [INFO] Downloaded from central: https://repo.maven.apache.org/maven2/org/sonatype/plexus/plexus-build-api/0.0.4/plexus-build-api-0.0.4.jar (6.8 kB at 59 kB/s)
[bdb427fb-b2b6-41a4-a554-6ce691635a39/build]   | [INFO] Downloaded from central: https://repo.maven.apache.org/maven2/org/apache/maven/shared/maven-filtering/1.1/maven-filtering-1.1.jar (43 kB at 365 kB/s)
[bdb427fb-b2b6-41a4-a554-6ce691635a39/build]   | [INFO] Downloaded from central: https://repo.maven.apache.org/maven2/org/codehaus/plexus/plexus-utils/2.0.5/plexus-utils-2.0.5.jar (223 kB at 1.8 MB/s)
[bdb427fb-b2b6-41a4-a554-6ce691635a39/build]   | [INFO] Using 'UTF-8' encoding to copy filtered resources.
[bdb427fb-b2b6-41a4-a554-6ce691635a39/build]   | [INFO] skip non existing resourceDirectory /tmp/9a02aa7e-01a1-43a6-83f0-da3ea250e82d/src/main/resources
[bdb427fb-b2b6-41a4-a554-6ce691635a39/build]   | [INFO] 
[bdb427fb-b2b6-41a4-a554-6ce691635a39/build]   | [INFO] --- maven-compiler-plugin:3.10.1:compile (default-compile) @ Java ---
[bdb427fb-b2b6-41a4-a554-6ce691635a39/build]   | [INFO] Downloading from central: https://repo.maven.apache.org/maven2/org/apache/maven/shared/maven-shared-utils/3.3.4/maven-shared-utils-3.3.4.pom
[bdb427fb-b2b6-41a4-a554-6ce691635a39/build]   | [INFO] Downloaded from central: https://repo.maven.apache.org/maven2/org/apache/maven/shared/maven-shared-utils/3.3.4/maven-shared-utils-3.3.4.pom (5.8 kB at 389 kB/s)
[bdb427fb-b2b6-41a4-a554-6ce691635a39/build]   | [INFO] Downloading from central: https://repo.maven.apache.org/maven2/org/apache/maven/shared/maven-shared-components/34/maven-shared-components-34.pom
[bdb427fb-b2b6-41a4-a554-6ce691635a39/build]   | [INFO] Downloaded from central: https://repo.maven.apache.org/maven2/org/apache/maven/shared/maven-shared-components/34/maven-shared-components-34.pom (5.1 kB at 222 kB/s)
[bdb427fb-b2b6-41a4-a554-6ce691635a39/build]   | [INFO] Downloading from central: https://repo.maven.apache.org/maven2/commons-io/commons-io/2.6/commons-io-2.6.pom
[bdb427fb-b2b6-41a4-a554-6ce691635a39/build]   | [INFO] Downloaded from central: https://repo.maven.apache.org/maven2/commons-io/commons-io/2.6/commons-io-2.6.pom (14 kB at 950 kB/s)
[bdb427fb-b2b6-41a4-a554-6ce691635a39/build]   | [INFO] Downloading from central: https://repo.maven.apache.org/maven2/org/apache/commons/commons-parent/42/commons-parent-42.pom
[bdb427fb-b2b6-41a4-a554-6ce691635a39/build]   | [INFO] Downloaded from central: https://repo.maven.apache.org/maven2/org/apache/commons/commons-parent/42/commons-parent-42.pom (68 kB at 5.7 MB/s)
[bdb427fb-b2b6-41a4-a554-6ce691635a39/build]   | [INFO] Downloading from central: https://repo.maven.apache.org/maven2/org/apache/apache/18/apache-18.pom
[bdb427fb-b2b6-41a4-a554-6ce691635a39/build]   | [INFO] Downloaded from central: https://repo.maven.apache.org/maven2/org/apache/apache/18/apache-18.pom (16 kB at 1.7 MB/s)
[bdb427fb-b2b6-41a4-a554-6ce691635a39/build]   | [INFO] Downloading from central: https://repo.maven.apache.org/maven2/org/apache/maven/shared/maven-shared-incremental/1.1/maven-shared-incremental-1.1.pom
[bdb427fb-b2b6-41a4-a554-6ce691635a39/build]   | [INFO] Downloaded from central: https://repo.maven.apache.org/maven2/org/apache/maven/shared/maven-shared-incremental/1.1/maven-shared-incremental-1.1.pom (4.7 kB at 527 kB/s)
[bdb427fb-b2b6-41a4-a554-6ce691635a39/build]   | [INFO] Downloading from central: https://repo.maven.apache.org/maven2/org/apache/maven/shared/maven-shared-components/19/maven-shared-components-19.pom
[bdb427fb-b2b6-41a4-a554-6ce691635a39/build]   | [INFO] Downloaded from central: https://repo.maven.apache.org/maven2/org/apache/maven/shared/maven-shared-components/19/maven-shared-components-19.pom (6.4 kB at 707 kB/s)
[bdb427fb-b2b6-41a4-a554-6ce691635a39/build]   | [INFO] Downloading from central: https://repo.maven.apache.org/maven2/org/apache/maven/maven-parent/23/maven-parent-23.pom
[bdb427fb-b2b6-41a4-a554-6ce691635a39/build]   | [INFO] Downloaded from central: https://repo.maven.apache.org/maven2/org/apache/maven/maven-parent/23/maven-parent-23.pom (33 kB at 2.5 MB/s)
[bdb427fb-b2b6-41a4-a554-6ce691635a39/build]   | [INFO] Downloading from central: https://repo.maven.apache.org/maven2/org/apache/apache/13/apache-13.pom
[bdb427fb-b2b6-41a4-a554-6ce691635a39/build]   | [INFO] Downloaded from central: https://repo.maven.apache.org/maven2/org/apache/apache/13/apache-13.pom (14 kB at 998 kB/s)
[bdb427fb-b2b6-41a4-a554-6ce691635a39/build]   | [INFO] Downloading from central: https://repo.maven.apache.org/maven2/org/codehaus/plexus/plexus-component-annotations/2.0.0/plexus-component-annotations-2.0.0.pom
[bdb427fb-b2b6-41a4-a554-6ce691635a39/build]   | [INFO] Downloaded from central: https://repo.maven.apache.org/maven2/org/codehaus/plexus/plexus-component-annotations/2.0.0/plexus-component-annotations-2.0.0.pom (750 B at 75 kB/s)
[bdb427fb-b2b6-41a4-a554-6ce691635a39/build]   | [INFO] Downloading from central: https://repo.maven.apache.org/maven2/org/codehaus/plexus/plexus-containers/2.0.0/plexus-containers-2.0.0.pom
[bdb427fb-b2b6-41a4-a554-6ce691635a39/build]   | [INFO] Downloaded from central: https://repo.maven.apache.org/maven2/org/codehaus/plexus/plexus-containers/2.0.0/plexus-containers-2.0.0.pom (4.8 kB at 601 kB/s)
[bdb427fb-b2b6-41a4-a554-6ce691635a39/build]   | [INFO] Downloading from central: https://repo.maven.apache.org/maven2/org/codehaus/plexus/plexus/5.1/plexus-5.1.pom
[bdb427fb-b2b6-41a4-a554-6ce691635a39/build]   | [INFO] Downloaded from central: https://repo.maven.apache.org/maven2/org/codehaus/plexus/plexus/5.1/plexus-5.1.pom (23 kB at 2.8 MB/s)
[bdb427fb-b2b6-41a4-a554-6ce691635a39/build]   | [INFO] Downloading from central: https://repo.maven.apache.org/maven2/org/codehaus/plexus/plexus-java/1.1.1/plexus-java-1.1.1.pom
[bdb427fb-b2b6-41a4-a554-6ce691635a39/build]   | [INFO] Downloaded from central: https://repo.maven.apache.org/maven2/org/codehaus/plexus/plexus-java/1.1.1/plexus-java-1.1.1.pom (5.0 kB at 497 kB/s)
[bdb427fb-b2b6-41a4-a554-6ce691635a39/build]   | [INFO] Downloading from central: https://repo.maven.apache.org/maven2/org/codehaus/plexus/plexus-languages/1.1.1/plexus-languages-1.1.1.pom
[bdb427fb-b2b6-41a4-a554-6ce691635a39/build]   | [INFO] Downloaded from central: https://repo.maven.apache.org/maven2/org/codehaus/plexus/plexus-languages/1.1.1/plexus-languages-1.1.1.pom (4.6 kB at 513 kB/s)
[bdb427fb-b2b6-41a4-a554-6ce691635a39/build]   | [INFO] Downloading from central: https://repo.maven.apache.org/maven2/org/codehaus/plexus/plexus/8/plexus-8.pom
[bdb427fb-b2b6-41a4-a554-6ce691635a39/build]   | [INFO] Downloaded from central: https://repo.maven.apache.org/maven2/org/codehaus/plexus/plexus/8/plexus-8.pom (25 kB at 2.3 MB/s)
[bdb427fb-b2b6-41a4-a554-6ce691635a39/build]   | [INFO] Downloading from central: https://repo.maven.apache.org/maven2/org/ow2/asm/asm/9.2/asm-9.2.pom
[bdb427fb-b2b6-41a4-a554-6ce691635a39/build]   | [INFO] Downloaded from central: https://repo.maven.apache.org/maven2/org/ow2/asm/asm/9.2/asm-9.2.pom (2.4 kB at 338 kB/s)
[bdb427fb-b2b6-41a4-a554-6ce691635a39/build]   | [INFO] Downloading from central: https://repo.maven.apache.org/maven2/org/ow2/ow2/1.5/ow2-1.5.pom
[bdb427fb-b2b6-41a4-a554-6ce691635a39/build]   | [INFO] Downloaded from central: https://repo.maven.apache.org/maven2/org/ow2/ow2/1.5/ow2-1.5.pom (11 kB at 1.4 MB/s)
[bdb427fb-b2b6-41a4-a554-6ce691635a39/build]   | [INFO] Downloading from central: https://repo.maven.apache.org/maven2/com/thoughtworks/qdox/qdox/2.0.1/qdox-2.0.1.pom
[bdb427fb-b2b6-41a4-a554-6ce691635a39/build]   | [INFO] Downloaded from central: https://repo.maven.apache.org/maven2/com/thoughtworks/qdox/qdox/2.0.1/qdox-2.0.1.pom (16 kB at 1.8 MB/s)
[bdb427fb-b2b6-41a4-a554-6ce691635a39/build]   | [INFO] Downloading from central: https://repo.maven.apache.org/maven2/org/sonatype/oss/oss-parent/9/oss-parent-9.pom
[bdb427fb-b2b6-41a4-a554-6ce691635a39/build]   | [INFO] Downloaded from central: https://repo.maven.apache.org/maven2/org/sonatype/oss/oss-parent/9/oss-parent-9.pom (6.6 kB at 938 kB/s)
[bdb427fb-b2b6-41a4-a554-6ce691635a39/build]   | [INFO] Downloading from central: https://repo.maven.apache.org/maven2/org/codehaus/plexus/plexus-compiler-api/2.11.1/plexus-compiler-api-2.11.1.pom
[bdb427fb-b2b6-41a4-a554-6ce691635a39/build]   | [INFO] Downloaded from central: https://repo.maven.apache.org/maven2/org/codehaus/plexus/plexus-compiler-api/2.11.1/plexus-compiler-api-2.11.1.pom (1.1 kB at 151 kB/s)
[bdb427fb-b2b6-41a4-a554-6ce691635a39/build]   | [INFO] Downloading from central: https://repo.maven.apache.org/maven2/org/codehaus/plexus/plexus-compiler/2.11.1/plexus-compiler-2.11.1.pom
[bdb427fb-b2b6-41a4-a554-6ce691635a39/build]   | [INFO] Downloaded from central: https://repo.maven.apache.org/maven2/org/codehaus/plexus/plexus-compiler/2.11.1/plexus-compiler-2.11.1.pom (8.1 kB at 1.2 MB/s)
[bdb427fb-b2b6-41a4-a554-6ce691635a39/build]   | [INFO] Downloading from central: https://repo.maven.apache.org/maven2/org/codehaus/plexus/plexus-components/6.6/plexus-components-6.6.pom
[bdb427fb-b2b6-41a4-a554-6ce691635a39/build]   | [INFO] Downloaded from central: https://repo.maven.apache.org/maven2/org/codehaus/plexus/plexus-components/6.6/plexus-components-6.6.pom (2.7 kB at 382 kB/s)
[bdb427fb-b2b6-41a4-a554-6ce691635a39/build]   | [INFO] Downloading from central: https://repo.maven.apache.org/maven2/org/codehaus/plexus/plexus-utils/3.4.1/plexus-utils-3.4.1.pom
[bdb427fb-b2b6-41a4-a554-6ce691635a39/build]   | [INFO] Downloaded from central: https://repo.maven.apache.org/maven2/org/codehaus/plexus/plexus-utils/3.4.1/plexus-utils-3.4.1.pom (8.0 kB at 1.1 MB/s)
[bdb427fb-b2b6-41a4-a554-6ce691635a39/build]   | [INFO] Downloading from central: https://repo.maven.apache.org/maven2/org/codehaus/plexus/plexus-compiler-manager/2.11.1/plexus-compiler-manager-2.11.1.pom
[bdb427fb-b2b6-41a4-a554-6ce691635a39/build]   | [INFO] Downloaded from central: https://repo.maven.apache.org/maven2/org/codehaus/plexus/plexus-compiler-manager/2.11.1/plexus-compiler-manager-2.11.1.pom (1.1 kB at 163 kB/s)
[bdb427fb-b2b6-41a4-a554-6ce691635a39/build]   | [INFO] Downloading from central: https://repo.maven.apache.org/maven2/org/codehaus/plexus/plexus-compiler-javac/2.11.1/plexus-compiler-javac-2.11.1.pom
[bdb427fb-b2b6-41a4-a554-6ce691635a39/build]   | [INFO] Downloaded from central: https://repo.maven.apache.org/maven2/org/codehaus/plexus/plexus-compiler-javac/2.11.1/plexus-compiler-javac-2.11.1.pom (1.2 kB at 150 kB/s)
[bdb427fb-b2b6-41a4-a554-6ce691635a39/build]   | [INFO] Downloading from central: https://repo.maven.apache.org/maven2/org/codehaus/plexus/plexus-compilers/2.11.1/plexus-compilers-2.11.1.pom
[bdb427fb-b2b6-41a4-a554-6ce691635a39/build]   | [INFO] Downloaded from central: https://repo.maven.apache.org/maven2/org/codehaus/plexus/plexus-compilers/2.11.1/plexus-compilers-2.11.1.pom (1.3 kB at 165 kB/s)
[bdb427fb-b2b6-41a4-a554-6ce691635a39/build]   | [INFO] Downloading from central: https://repo.maven.apache.org/maven2/org/apache/maven/shared/maven-shared-utils/3.3.4/maven-shared-utils-3.3.4.jar
[bdb427fb-b2b6-41a4-a554-6ce691635a39/build]   | [INFO] Downloading from central: https://repo.maven.apache.org/maven2/commons-io/commons-io/2.6/commons-io-2.6.jar
[bdb427fb-b2b6-41a4-a554-6ce691635a39/build]   | [INFO] Downloading from central: https://repo.maven.apache.org/maven2/org/apache/maven/shared/maven-shared-incremental/1.1/maven-shared-incremental-1.1.jar
[bdb427fb-b2b6-41a4-a554-6ce691635a39/build]   | [INFO] Downloading from central: https://repo.maven.apache.org/maven2/org/codehaus/plexus/plexus-component-annotations/2.0.0/plexus-component-annotations-2.0.0.jar
[bdb427fb-b2b6-41a4-a554-6ce691635a39/build]   | [INFO] Downloading from central: https://repo.maven.apache.org/maven2/org/codehaus/plexus/plexus-java/1.1.1/plexus-java-1.1.1.jar
[bdb427fb-b2b6-41a4-a554-6ce691635a39/build]   | [INFO] Downloaded from central: https://repo.maven.apache.org/maven2/org/codehaus/plexus/plexus-component-annotations/2.0.0/plexus-component-annotations-2.0.0.jar (4.2 kB at 222 kB/s)
[bdb427fb-b2b6-41a4-a554-6ce691635a39/build]   | [INFO] Downloading from central: https://repo.maven.apache.org/maven2/org/ow2/asm/asm/9.2/asm-9.2.jar
[bdb427fb-b2b6-41a4-a554-6ce691635a39/build]   | [INFO] Downloaded from central: https://repo.maven.apache.org/maven2/org/apache/maven/shared/maven-shared-incremental/1.1/maven-shared-incremental-1.1.jar (14 kB at 677 kB/s)
[bdb427fb-b2b6-41a4-a554-6ce691635a39/build]   | [INFO] Downloading from central: https://repo.maven.apache.org/maven2/com/thoughtworks/qdox/qdox/2.0.1/qdox-2.0.1.jar
[bdb427fb-b2b6-41a4-a554-6ce691635a39/build]   | [INFO] Downloaded from central: https://repo.maven.apache.org/maven2/org/codehaus/plexus/plexus-java/1.1.1/plexus-java-1.1.1.jar (54 kB at 2.7 MB/s)
[bdb427fb-b2b6-41a4-a554-6ce691635a39/build]   | [INFO] Downloading from central: https://repo.maven.apache.org/maven2/org/codehaus/plexus/plexus-compiler-api/2.11.1/plexus-compiler-api-2.11.1.jar
[bdb427fb-b2b6-41a4-a554-6ce691635a39/build]   | [INFO] Downloaded from central: https://repo.maven.apache.org/maven2/org/apache/maven/shared/maven-shared-utils/3.3.4/maven-shared-utils-3.3.4.jar (153 kB at 4.5 MB/s)
[bdb427fb-b2b6-41a4-a554-6ce691635a39/build]   | [INFO] Downloaded from central: https://repo.maven.apache.org/maven2/commons-io/commons-io/2.6/commons-io-2.6.jar (215 kB at 6.3 MB/s)
[bdb427fb-b2b6-41a4-a554-6ce691635a39/build]   | [INFO] Downloading from central: https://repo.maven.apache.org/maven2/org/codehaus/plexus/plexus-utils/3.4.1/plexus-utils-3.4.1.jar
[bdb427fb-b2b6-41a4-a554-6ce691635a39/build]   | [INFO] Downloading from central: https://repo.maven.apache.org/maven2/org/codehaus/plexus/plexus-compiler-manager/2.11.1/plexus-compiler-manager-2.11.1.jar
[bdb427fb-b2b6-41a4-a554-6ce691635a39/build]   | [INFO] Downloaded from central: https://repo.maven.apache.org/maven2/org/codehaus/plexus/plexus-compiler-api/2.11.1/plexus-compiler-api-2.11.1.jar (27 kB at 709 kB/s)
[bdb427fb-b2b6-41a4-a554-6ce691635a39/build]   | [INFO] Downloading from central: https://repo.maven.apache.org/maven2/org/codehaus/plexus/plexus-compiler-javac/2.11.1/plexus-compiler-javac-2.11.1.jar
[bdb427fb-b2b6-41a4-a554-6ce691635a39/build]   | [INFO] Downloaded from central: https://repo.maven.apache.org/maven2/org/ow2/asm/asm/9.2/asm-9.2.jar (122 kB at 2.8 MB/s)
[bdb427fb-b2b6-41a4-a554-6ce691635a39/build]   | [INFO] Downloaded from central: https://repo.maven.apache.org/maven2/com/thoughtworks/qdox/qdox/2.0.1/qdox-2.0.1.jar (334 kB at 7.3 MB/s)
[bdb427fb-b2b6-41a4-a554-6ce691635a39/build]   | [INFO] Downloaded from central: https://repo.maven.apache.org/maven2/org/codehaus/plexus/plexus-compiler-manager/2.11.1/plexus-compiler-manager-2.11.1.jar (4.7 kB at 93 kB/s)
[bdb427fb-b2b6-41a4-a554-6ce691635a39/build]   | [INFO] Downloaded from central: https://repo.maven.apache.org/maven2/org/codehaus/plexus/plexus-compiler-javac/2.11.1/plexus-compiler-javac-2.11.1.jar (23 kB at 431 kB/s)
[bdb427fb-b2b6-41a4-a554-6ce691635a39/build]   | [INFO] Downloaded from central: https://repo.maven.apache.org/maven2/org/codehaus/plexus/plexus-utils/3.4.1/plexus-utils-3.4.1.jar (264 kB at 3.7 MB/s)
[bdb427fb-b2b6-41a4-a554-6ce691635a39/build]   | [INFO] Changes detected - recompiling the module!
[bdb427fb-b2b6-41a4-a554-6ce691635a39/build]   | [INFO] Compiling 468 source files to /tmp/9a02aa7e-01a1-43a6-83f0-da3ea250e82d/target/classes
[bdb427fb-b2b6-41a4-a554-6ce691635a39/build]   | [INFO] /tmp/9a02aa7e-01a1-43a6-83f0-da3ea250e82d/src/main/java/com/thealgorithms/strings/WordLadder.java: Some input files use unchecked or unsafe operations.
[bdb427fb-b2b6-41a4-a554-6ce691635a39/build]   | [INFO] /tmp/9a02aa7e-01a1-43a6-83f0-da3ea250e82d/src/main/java/com/thealgorithms/strings/WordLadder.java: Recompile with -Xlint:unchecked for details.
[bdb427fb-b2b6-41a4-a554-6ce691635a39/build]   | [INFO] 
[bdb427fb-b2b6-41a4-a554-6ce691635a39/build]   | [INFO] --- maven-resources-plugin:2.6:testResources (default-testResources) @ Java ---
[bdb427fb-b2b6-41a4-a554-6ce691635a39/build]   | [INFO] Using 'UTF-8' encoding to copy filtered resources.
[bdb427fb-b2b6-41a4-a554-6ce691635a39/build]   | [INFO] skip non existing resourceDirectory /tmp/9a02aa7e-01a1-43a6-83f0-da3ea250e82d/src/test/resources
[bdb427fb-b2b6-41a4-a554-6ce691635a39/build]   | [INFO] 
[bdb427fb-b2b6-41a4-a554-6ce691635a39/build]   | [INFO] --- maven-compiler-plugin:3.10.1:testCompile (default-testCompile) @ Java ---
[bdb427fb-b2b6-41a4-a554-6ce691635a39/build]   | [INFO] Changes detected - recompiling the module!
[bdb427fb-b2b6-41a4-a554-6ce691635a39/build]   | [INFO] Compiling 219 source files to /tmp/9a02aa7e-01a1-43a6-83f0-da3ea250e82d/target/test-classes
[bdb427fb-b2b6-41a4-a554-6ce691635a39/build]   | [INFO] 
[bdb427fb-b2b6-41a4-a554-6ce691635a39/build]   | [INFO] --- maven-surefire-plugin:2.22.2:test (default-test) @ Java ---
[bdb427fb-b2b6-41a4-a554-6ce691635a39/build]   | [INFO] Downloading from central: https://repo.maven.apache.org/maven2/org/apache/maven/surefire/maven-surefire-common/2.22.2/maven-surefire-common-2.22.2.pom
[bdb427fb-b2b6-41a4-a554-6ce691635a39/build]   | [INFO] Downloaded from central: https://repo.maven.apache.org/maven2/org/apache/maven/surefire/maven-surefire-common/2.22.2/maven-surefire-common-2.22.2.pom (11 kB at 498 kB/s)
[bdb427fb-b2b6-41a4-a554-6ce691635a39/build]   | [INFO] Downloading from central: https://repo.maven.apache.org/maven2/org/apache/maven/maven-plugin-api/2.2.1/maven-plugin-api-2.2.1.pom
[bdb427fb-b2b6-41a4-a554-6ce691635a39/build]   | [INFO] Downloaded from central: https://repo.maven.apache.org/maven2/org/apache/maven/maven-plugin-api/2.2.1/maven-plugin-api-2.2.1.pom (1.5 kB at 292 kB/s)
[bdb427fb-b2b6-41a4-a554-6ce691635a39/build]   | [INFO] Downloading from central: https://repo.maven.apache.org/maven2/org/apache/maven/maven/2.2.1/maven-2.2.1.pom
[bdb427fb-b2b6-41a4-a554-6ce691635a39/build]   | [INFO] Downloaded from central: https://repo.maven.apache.org/maven2/org/apache/maven/maven/2.2.1/maven-2.2.1.pom (22 kB at 1.7 MB/s)
[bdb427fb-b2b6-41a4-a554-6ce691635a39/build]   | [INFO] Downloading from central: https://repo.maven.apache.org/maven2/org/apache/maven/maven-parent/11/maven-parent-11.pom
[bdb427fb-b2b6-41a4-a554-6ce691635a39/build]   | [INFO] Downloaded from central: https://repo.maven.apache.org/maven2/org/apache/maven/maven-parent/11/maven-parent-11.pom (32 kB at 3.2 MB/s)
[bdb427fb-b2b6-41a4-a554-6ce691635a39/build]   | [INFO] Downloading from central: https://repo.maven.apache.org/maven2/org/apache/apache/5/apache-5.pom
[bdb427fb-b2b6-41a4-a554-6ce691635a39/build]   | [INFO] Downloaded from central: https://repo.maven.apache.org/maven2/org/apache/apache/5/apache-5.pom (4.1 kB at 85 kB/s)
[bdb427fb-b2b6-41a4-a554-6ce691635a39/build]   | [INFO] Downloading from central: https://repo.maven.apache.org/maven2/org/apache/maven/plugin-tools/maven-plugin-annotations/3.5.2/maven-plugin-annotations-3.5.2.pom
[bdb427fb-b2b6-41a4-a554-6ce691635a39/build]   | [INFO] Downloaded from central: https://repo.maven.apache.org/maven2/org/apache/maven/plugin-tools/maven-plugin-annotations/3.5.2/maven-plugin-annotations-3.5.2.pom (1.6 kB at 136 kB/s)
[bdb427fb-b2b6-41a4-a554-6ce691635a39/build]   | [INFO] Downloading from central: https://repo.maven.apache.org/maven2/org/apache/maven/plugin-tools/maven-plugin-tools/3.5.2/maven-plugin-tools-3.5.2.pom
[bdb427fb-b2b6-41a4-a554-6ce691635a39/build]   | [INFO] Downloaded from central: https://repo.maven.apache.org/maven2/org/apache/maven/plugin-tools/maven-plugin-tools/3.5.2/maven-plugin-tools-3.5.2.pom (15 kB at 1.7 MB/s)
[bdb427fb-b2b6-41a4-a554-6ce691635a39/build]   | [INFO] Downloading from central: https://repo.maven.apache.org/maven2/org/apache/maven/maven-parent/31/maven-parent-31.pom
[bdb427fb-b2b6-41a4-a554-6ce691635a39/build]   | [INFO] Downloaded from central: https://repo.maven.apache.org/maven2/org/apache/maven/maven-parent/31/maven-parent-31.pom (43 kB at 5.4 MB/s)
[bdb427fb-b2b6-41a4-a554-6ce691635a39/build]   | [INFO] Downloading from central: https://repo.maven.apache.org/maven2/org/apache/apache/19/apache-19.pom
[bdb427fb-b2b6-41a4-a554-6ce691635a39/build]   | [INFO] Downloaded from central: https://repo.maven.apache.org/maven2/org/apache/apache/19/apache-19.pom (15 kB at 1.7 MB/s)
[bdb427fb-b2b6-41a4-a554-6ce691635a39/build]   | [INFO] Downloading from central: https://repo.maven.apache.org/maven2/org/apache/maven/maven-artifact/2.2.1/maven-artifact-2.2.1.pom
[bdb427fb-b2b6-41a4-a554-6ce691635a39/build]   | [INFO] Downloaded from central: https://repo.maven.apache.org/maven2/org/apache/maven/maven-artifact/2.2.1/maven-artifact-2.2.1.pom (1.6 kB at 45 kB/s)
[bdb427fb-b2b6-41a4-a554-6ce691635a39/build]   | [INFO] Downloading from central: https://repo.maven.apache.org/maven2/org/apache/maven/surefire/surefire-api/2.22.2/surefire-api-2.22.2.pom
[bdb427fb-b2b6-41a4-a554-6ce691635a39/build]   | [INFO] Downloaded from central: https://repo.maven.apache.org/maven2/org/apache/maven/surefire/surefire-api/2.22.2/surefire-api-2.22.2.pom (3.5 kB at 84 kB/s)
[bdb427fb-b2b6-41a4-a554-6ce691635a39/build]   | [INFO] Downloading from central: https://repo.maven.apache.org/maven2/org/apache/maven/surefire/surefire-logger-api/2.22.2/surefire-logger-api-2.22.2.pom
[bdb427fb-b2b6-41a4-a554-6ce691635a39/build]   | [INFO] Downloaded from central: https://repo.maven.apache.org/maven2/org/apache/maven/surefire/surefire-logger-api/2.22.2/surefire-logger-api-2.22.2.pom (2.0 kB at 151 kB/s)
[bdb427fb-b2b6-41a4-a554-6ce691635a39/build]   | [INFO] Downloading from central: https://repo.maven.apache.org/maven2/org/apache/maven/surefire/surefire-booter/2.22.2/surefire-booter-2.22.2.pom
[bdb427fb-b2b6-41a4-a554-6ce691635a39/build]   | [INFO] Downloaded from central: https://repo.maven.apache.org/maven2/org/apache/maven/surefire/surefire-booter/2.22.2/surefire-booter-2.22.2.pom (7.5 kB at 828 kB/s)
[bdb427fb-b2b6-41a4-a554-6ce691635a39/build]   | [INFO] Downloading from central: https://repo.maven.apache.org/maven2/org/apache/maven/maven-plugin-descriptor/2.2.1/maven-plugin-descriptor-2.2.1.pom
[bdb427fb-b2b6-41a4-a554-6ce691635a39/build]   | [INFO] Downloaded from central: https://repo.maven.apache.org/maven2/org/apache/maven/maven-plugin-descriptor/2.2.1/maven-plugin-descriptor-2.2.1.pom (2.1 kB at 86 kB/s)
[bdb427fb-b2b6-41a4-a554-6ce691635a39/build]   | [INFO] Downloading from central: https://repo.maven.apache.org/maven2/junit/junit/4.12/junit-4.12.pom
[bdb427fb-b2b6-41a4-a554-6ce691635a39/build]   | [INFO] Downloaded from central: https://repo.maven.apache.org/maven2/junit/junit/4.12/junit-4.12.pom (24 kB at 1.6 MB/s)
[bdb427fb-b2b6-41a4-a554-6ce691635a39/build]   | [INFO] Downloading from central: https://repo.maven.apache.org/maven2/org/hamcrest/hamcrest-core/1.3/hamcrest-core-1.3.pom
[bdb427fb-b2b6-41a4-a554-6ce691635a39/build]   | [INFO] Downloaded from central: https://repo.maven.apache.org/maven2/org/hamcrest/hamcrest-core/1.3/hamcrest-core-1.3.pom (766 B at 17 kB/s)
[bdb427fb-b2b6-41a4-a554-6ce691635a39/build]   | [INFO] Downloading from central: https://repo.maven.apache.org/maven2/org/hamcrest/hamcrest-parent/1.3/hamcrest-parent-1.3.pom
[bdb427fb-b2b6-41a4-a554-6ce691635a39/build]   | [INFO] Downloaded from central: https://repo.maven.apache.org/maven2/org/hamcrest/hamcrest-parent/1.3/hamcrest-parent-1.3.pom (2.0 kB at 46 kB/s)
[bdb427fb-b2b6-41a4-a554-6ce691635a39/build]   | [INFO] Downloading from central: https://repo.maven.apache.org/maven2/org/apache/maven/maven-project/2.2.1/maven-project-2.2.1.pom
[bdb427fb-b2b6-41a4-a554-6ce691635a39/build]   | [INFO] Downloaded from central: https://repo.maven.apache.org/maven2/org/apache/maven/maven-project/2.2.1/maven-project-2.2.1.pom (2.8 kB at 277 kB/s)
[bdb427fb-b2b6-41a4-a554-6ce691635a39/build]   | [INFO] Downloading from central: https://repo.maven.apache.org/maven2/org/apache/maven/maven-settings/2.2.1/maven-settings-2.2.1.pom
[bdb427fb-b2b6-41a4-a554-6ce691635a39/build]   | [INFO] Downloaded from central: https://repo.maven.apache.org/maven2/org/apache/maven/maven-settings/2.2.1/maven-settings-2.2.1.pom (2.2 kB at 218 kB/s)
[bdb427fb-b2b6-41a4-a554-6ce691635a39/build]   | [INFO] Downloading from central: https://repo.maven.apache.org/maven2/org/apache/maven/maven-model/2.2.1/maven-model-2.2.1.pom
[bdb427fb-b2b6-41a4-a554-6ce691635a39/build]   | [INFO] Downloaded from central: https://repo.maven.apache.org/maven2/org/apache/maven/maven-model/2.2.1/maven-model-2.2.1.pom (3.2 kB at 540 kB/s)
[bdb427fb-b2b6-41a4-a554-6ce691635a39/build]   | [INFO] Downloading from central: https://repo.maven.apache.org/maven2/org/codehaus/plexus/plexus-interpolation/1.11/plexus-interpolation-1.11.pom
[bdb427fb-b2b6-41a4-a554-6ce691635a39/build]   | [INFO] Downloaded from central: https://repo.maven.apache.org/maven2/org/codehaus/plexus/plexus-interpolation/1.11/plexus-interpolation-1.11.pom (889 B at 68 kB/s)
[bdb427fb-b2b6-41a4-a554-6ce691635a39/build]   | [INFO] Downloading from central: https://repo.maven.apache.org/maven2/org/apache/maven/maven-profile/2.2.1/maven-profile-2.2.1.pom
[bdb427fb-b2b6-41a4-a554-6ce691635a39/build]   | [INFO] Downloaded from central: https://repo.maven.apache.org/maven2/org/apache/maven/maven-profile/2.2.1/maven-profile-2.2.1.pom (2.2 kB at 271 kB/s)
[bdb427fb-b2b6-41a4-a554-6ce691635a39/build]   | [INFO] Downloading from central: https://repo.maven.apache.org/maven2/org/apache/maven/maven-artifact-manager/2.2.1/maven-artifact-manager-2.2.1.pom
[bdb427fb-b2b6-41a4-a554-6ce691635a39/build]   | [INFO] Downloaded from central: https://repo.maven.apache.org/maven2/org/apache/maven/maven-artifact-manager/2.2.1/maven-artifact-manager-2.2.1.pom (3.1 kB at 443 kB/s)
[bdb427fb-b2b6-41a4-a554-6ce691635a39/build]   | [INFO] Downloading from central: https://repo.maven.apache.org/maven2/org/apache/maven/maven-repository-metadata/2.2.1/maven-repository-metadata-2.2.1.pom
[bdb427fb-b2b6-41a4-a554-6ce691635a39/build]   | [INFO] Downloaded from central: https://repo.maven.apache.org/maven2/org/apache/maven/maven-repository-metadata/2.2.1/maven-repository-metadata-2.2.1.pom (1.9 kB at 125 kB/s)
[bdb427fb-b2b6-41a4-a554-6ce691635a39/build]   | [INFO] Downloading from central: https://repo.maven.apache.org/maven2/backport-util-concurrent/backport-util-concurrent/3.1/backport-util-concurrent-3.1.pom
[bdb427fb-b2b6-41a4-a554-6ce691635a39/build]   | [INFO] Downloaded from central: https://repo.maven.apache.org/maven2/backport-util-concurrent/backport-util-concurrent/3.1/backport-util-concurrent-3.1.pom (880 B at 80 kB/s)
[bdb427fb-b2b6-41a4-a554-6ce691635a39/build]   | [INFO] Downloading from central: https://repo.maven.apache.org/maven2/org/apache/maven/maven-plugin-registry/2.2.1/maven-plugin-registry-2.2.1.pom
[bdb427fb-b2b6-41a4-a554-6ce691635a39/build]   | [INFO] Downloaded from central: https://repo.maven.apache.org/maven2/org/apache/maven/maven-plugin-registry/2.2.1/maven-plugin-registry-2.2.1.pom (1.9 kB at 214 kB/s)
[bdb427fb-b2b6-41a4-a554-6ce691635a39/build]   | [INFO] Downloading from central: https://repo.maven.apache.org/maven2/org/apache/maven/maven-core/2.2.1/maven-core-2.2.1.pom
[bdb427fb-b2b6-41a4-a554-6ce691635a39/build]   | [INFO] Downloaded from central: https://repo.maven.apache.org/maven2/org/apache/maven/maven-core/2.2.1/maven-core-2.2.1.pom (12 kB at 1.9 MB/s)
[bdb427fb-b2b6-41a4-a554-6ce691635a39/build]   | [INFO] Downloading from central: https://repo.maven.apache.org/maven2/org/apache/maven/maven-plugin-parameter-documenter/2.2.1/maven-plugin-parameter-documenter-2.2.1.pom
[bdb427fb-b2b6-41a4-a554-6ce691635a39/build]   | [INFO] Downloaded from central: https://repo.maven.apache.org/maven2/org/apache/maven/maven-plugin-parameter-documenter/2.2.1/maven-plugin-parameter-documenter-2.2.1.pom (2.0 kB at 178 kB/s)
[bdb427fb-b2b6-41a4-a554-6ce691635a39/build]   | [INFO] Downloading from central: https://repo.maven.apache.org/maven2/org/slf4j/slf4j-jdk14/1.5.6/slf4j-jdk14-1.5.6.pom
[bdb427fb-b2b6-41a4-a554-6ce691635a39/build]   | [INFO] Downloaded from central: https://repo.maven.apache.org/maven2/org/slf4j/slf4j-jdk14/1.5.6/slf4j-jdk14-1.5.6.pom (1.9 kB at 119 kB/s)
[bdb427fb-b2b6-41a4-a554-6ce691635a39/build]   | [INFO] Downloading from central: https://repo.maven.apache.org/maven2/org/slf4j/slf4j-parent/1.5.6/slf4j-parent-1.5.6.pom
[bdb427fb-b2b6-41a4-a554-6ce691635a39/build]   | [INFO] Downloaded from central: https://repo.maven.apache.org/maven2/org/slf4j/slf4j-parent/1.5.6/slf4j-parent-1.5.6.pom (7.9 kB at 1.3 MB/s)
[bdb427fb-b2b6-41a4-a554-6ce691635a39/build]   | [INFO] Downloading from central: https://repo.maven.apache.org/maven2/org/slf4j/slf4j-api/1.5.6/slf4j-api-1.5.6.pom
[bdb427fb-b2b6-41a4-a554-6ce691635a39/build]   | [INFO] Downloaded from central: https://repo.maven.apache.org/maven2/org/slf4j/slf4j-api/1.5.6/slf4j-api-1.5.6.pom (3.0 kB at 597 kB/s)
[bdb427fb-b2b6-41a4-a554-6ce691635a39/build]   | [INFO] Downloading from central: https://repo.maven.apache.org/maven2/org/slf4j/jcl-over-slf4j/1.5.6/jcl-over-slf4j-1.5.6.pom
[bdb427fb-b2b6-41a4-a554-6ce691635a39/build]   | [INFO] Downloaded from central: https://repo.maven.apache.org/maven2/org/slf4j/jcl-over-slf4j/1.5.6/jcl-over-slf4j-1.5.6.pom (2.2 kB at 434 kB/s)
[bdb427fb-b2b6-41a4-a554-6ce691635a39/build]   | [INFO] Downloading from central: https://repo.maven.apache.org/maven2/org/apache/maven/reporting/maven-reporting-api/3.0/maven-reporting-api-3.0.pom
[bdb427fb-b2b6-41a4-a554-6ce691635a39/build]   | [INFO] Downloaded from central: https://repo.maven.apache.org/maven2/org/apache/maven/reporting/maven-reporting-api/3.0/maven-reporting-api-3.0.pom (2.4 kB at 396 kB/s)
[bdb427fb-b2b6-41a4-a554-6ce691635a39/build]   | [INFO] Downloading from central: https://repo.maven.apache.org/maven2/org/apache/maven/shared/maven-shared-components/15/maven-shared-components-15.pom
[bdb427fb-b2b6-41a4-a554-6ce691635a39/build]   | [INFO] Downloaded from central: https://repo.maven.apache.org/maven2/org/apache/maven/shared/maven-shared-components/15/maven-shared-components-15.pom (9.3 kB at 1.2 MB/s)
[bdb427fb-b2b6-41a4-a554-6ce691635a39/build]   | [INFO] Downloading from central: https://repo.maven.apache.org/maven2/org/apache/maven/maven-parent/16/maven-parent-16.pom
[bdb427fb-b2b6-41a4-a554-6ce691635a39/build]   | [INFO] Downloaded from central: https://repo.maven.apache.org/maven2/org/apache/maven/maven-parent/16/maven-parent-16.pom (23 kB at 3.9 MB/s)
[bdb427fb-b2b6-41a4-a554-6ce691635a39/build]   | [INFO] Downloading from central: https://repo.maven.apache.org/maven2/org/apache/apache/7/apache-7.pom
[bdb427fb-b2b6-41a4-a554-6ce691635a39/build]   | [INFO] Downloaded from central: https://repo.maven.apache.org/maven2/org/apache/apache/7/apache-7.pom (14 kB at 2.9 MB/s)
[bdb427fb-b2b6-41a4-a554-6ce691635a39/build]   | [INFO] Downloading from central: https://repo.maven.apache.org/maven2/org/apache/maven/maven-error-diagnostics/2.2.1/maven-error-diagnostics-2.2.1.pom
[bdb427fb-b2b6-41a4-a554-6ce691635a39/build]   | [INFO] Downloaded from central: https://repo.maven.apache.org/maven2/org/apache/maven/maven-error-diagnostics/2.2.1/maven-error-diagnostics-2.2.1.pom (1.7 kB at 285 kB/s)
[bdb427fb-b2b6-41a4-a554-6ce691635a39/build]   | [INFO] Downloading from central: https://repo.maven.apache.org/maven2/org/apache/maven/maven-monitor/2.2.1/maven-monitor-2.2.1.pom
[bdb427fb-b2b6-41a4-a554-6ce691635a39/build]   | [INFO] Downloaded from central: https://repo.maven.apache.org/maven2/org/apache/maven/maven-monitor/2.2.1/maven-monitor-2.2.1.pom (1.3 kB at 47 kB/s)
[bdb427fb-b2b6-41a4-a554-6ce691635a39/build]   | [INFO] Downloading from central: https://repo.maven.apache.org/maven2/org/sonatype/plexus/plexus-sec-dispatcher/1.3/plexus-sec-dispatcher-1.3.pom
[bdb427fb-b2b6-41a4-a554-6ce691635a39/build]   | [INFO] Downloaded from central: https://repo.maven.apache.org/maven2/org/sonatype/plexus/plexus-sec-dispatcher/1.3/plexus-sec-dispatcher-1.3.pom (3.0 kB at 123 kB/s)
[bdb427fb-b2b6-41a4-a554-6ce691635a39/build]   | [INFO] Downloading from central: https://repo.maven.apache.org/maven2/org/sonatype/spice/spice-parent/12/spice-parent-12.pom
[bdb427fb-b2b6-41a4-a554-6ce691635a39/build]   | [INFO] Downloaded from central: https://repo.maven.apache.org/maven2/org/sonatype/spice/spice-parent/12/spice-parent-12.pom (6.8 kB at 1.4 MB/s)
[bdb427fb-b2b6-41a4-a554-6ce691635a39/build]   | [INFO] Downloading from central: https://repo.maven.apache.org/maven2/org/sonatype/forge/forge-parent/4/forge-parent-4.pom
[bdb427fb-b2b6-41a4-a554-6ce691635a39/build]   | [INFO] Downloaded from central: https://repo.maven.apache.org/maven2/org/sonatype/forge/forge-parent/4/forge-parent-4.pom (8.4 kB at 1.4 MB/s)
[bdb427fb-b2b6-41a4-a554-6ce691635a39/build]   | [INFO] Downloading from central: https://repo.maven.apache.org/maven2/org/codehaus/plexus/plexus-utils/1.5.5/plexus-utils-1.5.5.pom
[bdb427fb-b2b6-41a4-a554-6ce691635a39/build]   | [INFO] Downloaded from central: https://repo.maven.apache.org/maven2/org/codehaus/plexus/plexus-utils/1.5.5/plexus-utils-1.5.5.pom (5.1 kB at 858 kB/s)
[bdb427fb-b2b6-41a4-a554-6ce691635a39/build]   | [INFO] Downloading from central: https://repo.maven.apache.org/maven2/org/sonatype/plexus/plexus-cipher/1.4/plexus-cipher-1.4.pom
[bdb427fb-b2b6-41a4-a554-6ce691635a39/build]   | [INFO] Downloaded from central: https://repo.maven.apache.org/maven2/org/sonatype/plexus/plexus-cipher/1.4/plexus-cipher-1.4.pom (2.1 kB at 229 kB/s)
[bdb427fb-b2b6-41a4-a554-6ce691635a39/build]   | [INFO] Downloading from central: https://repo.maven.apache.org/maven2/org/apache/maven/maven-toolchain/2.2.1/maven-toolchain-2.2.1.pom
[bdb427fb-b2b6-41a4-a554-6ce691635a39/build]   | [INFO] Downloaded from central: https://repo.maven.apache.org/maven2/org/apache/maven/maven-toolchain/2.2.1/maven-toolchain-2.2.1.pom (3.3 kB at 478 kB/s)
[bdb427fb-b2b6-41a4-a554-6ce691635a39/build]   | [INFO] Downloading from central: https://repo.maven.apache.org/maven2/org/codehaus/plexus/plexus-java/0.9.10/plexus-java-0.9.10.pom
[bdb427fb-b2b6-41a4-a554-6ce691635a39/build]   | [INFO] Downloaded from central: https://repo.maven.apache.org/maven2/org/codehaus/plexus/plexus-java/0.9.10/plexus-java-0.9.10.pom (5.1 kB at 730 kB/s)
[bdb427fb-b2b6-41a4-a554-6ce691635a39/build]   | [INFO] Downloading from central: https://repo.maven.apache.org/maven2/org/codehaus/plexus/plexus-languages/0.9.10/plexus-languages-0.9.10.pom
[bdb427fb-b2b6-41a4-a554-6ce691635a39/build]   | [INFO] Downloaded from central: https://repo.maven.apache.org/maven2/org/codehaus/plexus/plexus-languages/0.9.10/plexus-languages-0.9.10.pom (4.1 kB at 690 kB/s)
[bdb427fb-b2b6-41a4-a554-6ce691635a39/build]   | [INFO] Downloading from central: https://repo.maven.apache.org/maven2/org/codehaus/plexus/plexus/4.0/plexus-4.0.pom
[bdb427fb-b2b6-41a4-a554-6ce691635a39/build]   | [INFO] Downloaded from central: https://repo.maven.apache.org/maven2/org/codehaus/plexus/plexus/4.0/plexus-4.0.pom (22 kB at 5.4 MB/s)
[bdb427fb-b2b6-41a4-a554-6ce691635a39/build]   | [INFO] Downloading from central: https://repo.maven.apache.org/maven2/org/sonatype/forge/forge-parent/10/forge-parent-10.pom
[bdb427fb-b2b6-41a4-a554-6ce691635a39/build]   | [INFO] Downloaded from central: https://repo.maven.apache.org/maven2/org/sonatype/forge/forge-parent/10/forge-parent-10.pom (14 kB at 2.7 MB/s)
[bdb427fb-b2b6-41a4-a554-6ce691635a39/build]   | [INFO] Downloading from central: https://repo.maven.apache.org/maven2/org/ow2/asm/asm/6.2/asm-6.2.pom
[bdb427fb-b2b6-41a4-a554-6ce691635a39/build]   | [INFO] Downloaded from central: https://repo.maven.apache.org/maven2/org/ow2/asm/asm/6.2/asm-6.2.pom (2.9 kB at 587 kB/s)
[bdb427fb-b2b6-41a4-a554-6ce691635a39/build]   | [INFO] Downloading from central: https://repo.maven.apache.org/maven2/com/thoughtworks/qdox/qdox/2.0-M8/qdox-2.0-M8.pom
[bdb427fb-b2b6-41a4-a554-6ce691635a39/build]   | [INFO] Downloaded from central: https://repo.maven.apache.org/maven2/com/thoughtworks/qdox/qdox/2.0-M8/qdox-2.0-M8.pom (16 kB at 4.0 MB/s)
[bdb427fb-b2b6-41a4-a554-6ce691635a39/build]   | [INFO] Downloading from central: https://repo.maven.apache.org/maven2/org/apache/maven/surefire/maven-surefire-common/2.22.2/maven-surefire-common-2.22.2.jar
[bdb427fb-b2b6-41a4-a554-6ce691635a39/build]   | [INFO] Downloading from central: https://repo.maven.apache.org/maven2/org/apache/maven/maven-plugin-api/2.2.1/maven-plugin-api-2.2.1.jar
[bdb427fb-b2b6-41a4-a554-6ce691635a39/build]   | [INFO] Downloading from central: https://repo.maven.apache.org/maven2/org/apache/maven/plugin-tools/maven-plugin-annotations/3.5.2/maven-plugin-annotations-3.5.2.jar
[bdb427fb-b2b6-41a4-a554-6ce691635a39/build]   | [INFO] Downloading from central: https://repo.maven.apache.org/maven2/org/apache/maven/surefire/surefire-api/2.22.2/surefire-api-2.22.2.jar
[bdb427fb-b2b6-41a4-a554-6ce691635a39/build]   | [INFO] Downloading from central: https://repo.maven.apache.org/maven2/org/apache/maven/surefire/surefire-logger-api/2.22.2/surefire-logger-api-2.22.2.jar
[bdb427fb-b2b6-41a4-a554-6ce691635a39/build]   | [INFO] Downloaded from central: https://repo.maven.apache.org/maven2/org/apache/maven/surefire/surefire-logger-api/2.22.2/surefire-logger-api-2.22.2.jar (13 kB at 1.7 MB/s)
[bdb427fb-b2b6-41a4-a554-6ce691635a39/build]   | [INFO] Downloading from central: https://repo.maven.apache.org/maven2/org/apache/maven/surefire/surefire-booter/2.22.2/surefire-booter-2.22.2.jar
[bdb427fb-b2b6-41a4-a554-6ce691635a39/build]   | [INFO] Downloaded from central: https://repo.maven.apache.org/maven2/org/apache/maven/maven-plugin-api/2.2.1/maven-plugin-api-2.2.1.jar (12 kB at 1.5 MB/s)
[bdb427fb-b2b6-41a4-a554-6ce691635a39/build]   | [INFO] Downloading from central: https://repo.maven.apache.org/maven2/org/apache/maven/maven-artifact/2.2.1/maven-artifact-2.2.1.jar
[bdb427fb-b2b6-41a4-a554-6ce691635a39/build]   | [INFO] Downloaded from central: https://repo.maven.apache.org/maven2/org/apache/maven/plugin-tools/maven-plugin-annotations/3.5.2/maven-plugin-annotations-3.5.2.jar (14 kB at 1.8 MB/s)
[bdb427fb-b2b6-41a4-a554-6ce691635a39/build]   | [INFO] Downloading from central: https://repo.maven.apache.org/maven2/org/codehaus/plexus/plexus-utils/1.5.15/plexus-utils-1.5.15.jar
[bdb427fb-b2b6-41a4-a554-6ce691635a39/build]   | [INFO] Downloaded from central: https://repo.maven.apache.org/maven2/org/apache/maven/surefire/surefire-api/2.22.2/surefire-api-2.22.2.jar (186 kB at 12 MB/s)
[bdb427fb-b2b6-41a4-a554-6ce691635a39/build]   | [INFO] Downloading from central: https://repo.maven.apache.org/maven2/org/apache/maven/maven-plugin-descriptor/2.2.1/maven-plugin-descriptor-2.2.1.jar
[bdb427fb-b2b6-41a4-a554-6ce691635a39/build]   | [INFO] Downloaded from central: https://repo.maven.apache.org/maven2/org/apache/maven/maven-artifact/2.2.1/maven-artifact-2.2.1.jar (80 kB at 5.4 MB/s)
[bdb427fb-b2b6-41a4-a554-6ce691635a39/build]   | [INFO] Downloading from central: https://repo.maven.apache.org/maven2/junit/junit/4.12/junit-4.12.jar
[bdb427fb-b2b6-41a4-a554-6ce691635a39/build]   | [INFO] Downloaded from central: https://repo.maven.apache.org/maven2/org/apache/maven/surefire/maven-surefire-common/2.22.2/maven-surefire-common-2.22.2.jar (528 kB at 31 MB/s)
[bdb427fb-b2b6-41a4-a554-6ce691635a39/build]   | [INFO] Downloading from central: https://repo.maven.apache.org/maven2/org/hamcrest/hamcrest-core/1.3/hamcrest-core-1.3.jar
[bdb427fb-b2b6-41a4-a554-6ce691635a39/build]   | [INFO] Downloaded from central: https://repo.maven.apache.org/maven2/org/codehaus/plexus/plexus-utils/1.5.15/plexus-utils-1.5.15.jar (228 kB at 11 MB/s)
[bdb427fb-b2b6-41a4-a554-6ce691635a39/build]   | [INFO] Downloading from central: https://repo.maven.apache.org/maven2/org/apache/maven/maven-project/2.2.1/maven-project-2.2.1.jar
[bdb427fb-b2b6-41a4-a554-6ce691635a39/build]   | [INFO] Downloaded from central: https://repo.maven.apache.org/maven2/org/apache/maven/maven-plugin-descriptor/2.2.1/maven-plugin-descriptor-2.2.1.jar (39 kB at 1.9 MB/s)
[bdb427fb-b2b6-41a4-a554-6ce691635a39/build]   | [INFO] Downloading from central: https://repo.maven.apache.org/maven2/org/apache/maven/maven-settings/2.2.1/maven-settings-2.2.1.jar
[bdb427fb-b2b6-41a4-a554-6ce691635a39/build]   | [INFO] Downloaded from central: https://repo.maven.apache.org/maven2/org/apache/maven/surefire/surefire-booter/2.22.2/surefire-booter-2.22.2.jar (274 kB at 12 MB/s)
[bdb427fb-b2b6-41a4-a554-6ce691635a39/build]   | [INFO] Downloading from central: https://repo.maven.apache.org/maven2/org/apache/maven/maven-profile/2.2.1/maven-profile-2.2.1.jar
[bdb427fb-b2b6-41a4-a554-6ce691635a39/build]   | [INFO] Downloaded from central: https://repo.maven.apache.org/maven2/org/hamcrest/hamcrest-core/1.3/hamcrest-core-1.3.jar (45 kB at 2.0 MB/s)
[bdb427fb-b2b6-41a4-a554-6ce691635a39/build]   | [INFO] Downloading from central: https://repo.maven.apache.org/maven2/org/apache/maven/maven-artifact-manager/2.2.1/maven-artifact-manager-2.2.1.jar
[bdb427fb-b2b6-41a4-a554-6ce691635a39/build]   | [INFO] Downloaded from central: https://repo.maven.apache.org/maven2/junit/junit/4.12/junit-4.12.jar (315 kB at 12 MB/s)
[bdb427fb-b2b6-41a4-a554-6ce691635a39/build]   | [INFO] Downloading from central: https://repo.maven.apache.org/maven2/backport-util-concurrent/backport-util-concurrent/3.1/backport-util-concurrent-3.1.jar
[bdb427fb-b2b6-41a4-a554-6ce691635a39/build]   | [INFO] Downloaded from central: https://repo.maven.apache.org/maven2/org/apache/maven/maven-profile/2.2.1/maven-profile-2.2.1.jar (35 kB at 1.3 MB/s)
[bdb427fb-b2b6-41a4-a554-6ce691635a39/build]   | [INFO] Downloading from central: https://repo.maven.apache.org/maven2/org/apache/maven/maven-plugin-registry/2.2.1/maven-plugin-registry-2.2.1.jar
[bdb427fb-b2b6-41a4-a554-6ce691635a39/build]   | [INFO] Downloaded from central: https://repo.maven.apache.org/maven2/org/apache/maven/maven-settings/2.2.1/maven-settings-2.2.1.jar (49 kB at 1.8 MB/s)
[bdb427fb-b2b6-41a4-a554-6ce691635a39/build]   | [INFO] Downloading from central: https://repo.maven.apache.org/maven2/org/codehaus/plexus/plexus-interpolation/1.11/plexus-interpolation-1.11.jar
[bdb427fb-b2b6-41a4-a554-6ce691635a39/build]   | [INFO] Downloaded from central: https://repo.maven.apache.org/maven2/org/apache/maven/maven-artifact-manager/2.2.1/maven-artifact-manager-2.2.1.jar (68 kB at 2.4 MB/s)
[bdb427fb-b2b6-41a4-a554-6ce691635a39/build]   | [INFO] Downloading from central: https://repo.maven.apache.org/maven2/org/apache/maven/maven-model/2.2.1/maven-model-2.2.1.jar
[bdb427fb-b2b6-41a4-a554-6ce691635a39/build]   | [INFO] Downloaded from central: https://repo.maven.apache.org/maven2/org/apache/maven/maven-project/2.2.1/maven-project-2.2.1.jar (156 kB at 5.4 MB/s)
[bdb427fb-b2b6-41a4-a554-6ce691635a39/build]   | [INFO] Downloading from central: https://repo.maven.apache.org/maven2/org/apache/maven/maven-core/2.2.1/maven-core-2.2.1.jar
[bdb427fb-b2b6-41a4-a554-6ce691635a39/build]   | [INFO] Downloaded from central: https://repo.maven.apache.org/maven2/org/apache/maven/maven-plugin-registry/2.2.1/maven-plugin-registry-2.2.1.jar (30 kB at 928 kB/s)
[bdb427fb-b2b6-41a4-a554-6ce691635a39/build]   | [INFO] Downloading from central: https://repo.maven.apache.org/maven2/org/apache/maven/maven-plugin-parameter-documenter/2.2.1/maven-plugin-parameter-documenter-2.2.1.jar
[bdb427fb-b2b6-41a4-a554-6ce691635a39/build]   | [INFO] Downloaded from central: https://repo.maven.apache.org/maven2/org/codehaus/plexus/plexus-interpolation/1.11/plexus-interpolation-1.11.jar (51 kB at 1.5 MB/s)
[bdb427fb-b2b6-41a4-a554-6ce691635a39/build]   | [INFO] Downloaded from central: https://repo.maven.apache.org/maven2/org/apache/maven/maven-model/2.2.1/maven-model-2.2.1.jar (88 kB at 2.5 MB/s)
[bdb427fb-b2b6-41a4-a554-6ce691635a39/build]   | [INFO] Downloading from central: https://repo.maven.apache.org/maven2/org/slf4j/slf4j-jdk14/1.5.6/slf4j-jdk14-1.5.6.jar
[bdb427fb-b2b6-41a4-a554-6ce691635a39/build]   | [INFO] Downloading from central: https://repo.maven.apache.org/maven2/org/slf4j/slf4j-api/1.5.6/slf4j-api-1.5.6.jar
[bdb427fb-b2b6-41a4-a554-6ce691635a39/build]   | [INFO] Downloaded from central: https://repo.maven.apache.org/maven2/backport-util-concurrent/backport-util-concurrent/3.1/backport-util-concurrent-3.1.jar (332 kB at 8.7 MB/s)
[bdb427fb-b2b6-41a4-a554-6ce691635a39/build]   | [INFO] Downloading from central: https://repo.maven.apache.org/maven2/org/slf4j/jcl-over-slf4j/1.5.6/jcl-over-slf4j-1.5.6.jar
[bdb427fb-b2b6-41a4-a554-6ce691635a39/build]   | [INFO] Downloaded from central: https://repo.maven.apache.org/maven2/org/apache/maven/maven-plugin-parameter-documenter/2.2.1/maven-plugin-parameter-documenter-2.2.1.jar (22 kB at 584 kB/s)
[bdb427fb-b2b6-41a4-a554-6ce691635a39/build]   | [INFO] Downloading from central: https://repo.maven.apache.org/maven2/org/apache/maven/reporting/maven-reporting-api/3.0/maven-reporting-api-3.0.jar
[bdb427fb-b2b6-41a4-a554-6ce691635a39/build]   | [INFO] Downloaded from central: https://repo.maven.apache.org/maven2/org/apache/maven/maven-core/2.2.1/maven-core-2.2.1.jar (178 kB at 4.6 MB/s)
[bdb427fb-b2b6-41a4-a554-6ce691635a39/build]   | [INFO] Downloading from central: https://repo.maven.apache.org/maven2/org/apache/maven/maven-repository-metadata/2.2.1/maven-repository-metadata-2.2.1.jar
[bdb427fb-b2b6-41a4-a554-6ce691635a39/build]   | [INFO] Downloaded from central: https://repo.maven.apache.org/maven2/org/slf4j/slf4j-jdk14/1.5.6/slf4j-jdk14-1.5.6.jar (8.8 kB at 220 kB/s)
[bdb427fb-b2b6-41a4-a554-6ce691635a39/build]   | [INFO] Downloading from central: https://repo.maven.apache.org/maven2/org/apache/maven/maven-error-diagnostics/2.2.1/maven-error-diagnostics-2.2.1.jar
[bdb427fb-b2b6-41a4-a554-6ce691635a39/build]   | [INFO] Downloaded from central: https://repo.maven.apache.org/maven2/org/slf4j/slf4j-api/1.5.6/slf4j-api-1.5.6.jar (22 kB at 545 kB/s)
[bdb427fb-b2b6-41a4-a554-6ce691635a39/build]   | [INFO] Downloading from central: https://repo.maven.apache.org/maven2/org/apache/maven/maven-monitor/2.2.1/maven-monitor-2.2.1.jar
[bdb427fb-b2b6-41a4-a554-6ce691635a39/build]   | [INFO] Downloaded from central: https://repo.maven.apache.org/maven2/org/slf4j/jcl-over-slf4j/1.5.6/jcl-over-slf4j-1.5.6.jar (17 kB at 408 kB/s)
[bdb427fb-b2b6-41a4-a554-6ce691635a39/build]   | [INFO] Downloading from central: https://repo.maven.apache.org/maven2/org/sonatype/plexus/plexus-sec-dispatcher/1.3/plexus-sec-dispatcher-1.3.jar
[bdb427fb-b2b6-41a4-a554-6ce691635a39/build]   | [INFO] Downloaded from central: https://repo.maven.apache.org/maven2/org/apache/maven/reporting/maven-reporting-api/3.0/maven-reporting-api-3.0.jar (11 kB at 260 kB/s)
[bdb427fb-b2b6-41a4-a554-6ce691635a39/build]   | [INFO] Downloading from central: https://repo.maven.apache.org/maven2/org/sonatype/plexus/plexus-cipher/1.4/plexus-cipher-1.4.jar
[bdb427fb-b2b6-41a4-a554-6ce691635a39/build]   | [INFO] Downloaded from central: https://repo.maven.apache.org/maven2/org/apache/maven/maven-repository-metadata/2.2.1/maven-repository-metadata-2.2.1.jar (26 kB at 570 kB/s)
[bdb427fb-b2b6-41a4-a554-6ce691635a39/build]   | [INFO] Downloading from central: https://repo.maven.apache.org/maven2/org/apache/maven/maven-toolchain/2.2.1/maven-toolchain-2.2.1.jar
[bdb427fb-b2b6-41a4-a554-6ce691635a39/build]   | [INFO] Downloaded from central: https://repo.maven.apache.org/maven2/org/apache/maven/maven-monitor/2.2.1/maven-monitor-2.2.1.jar (10 kB at 232 kB/s)
[bdb427fb-b2b6-41a4-a554-6ce691635a39/build]   | [INFO] Downloaded from central: https://repo.maven.apache.org/maven2/org/apache/maven/maven-error-diagnostics/2.2.1/maven-error-diagnostics-2.2.1.jar (13 kB at 289 kB/s)
[bdb427fb-b2b6-41a4-a554-6ce691635a39/build]   | [INFO] Downloading from central: https://repo.maven.apache.org/maven2/org/codehaus/plexus/plexus-java/0.9.10/plexus-java-0.9.10.jar
[bdb427fb-b2b6-41a4-a554-6ce691635a39/build]   | [INFO] Downloading from central: https://repo.maven.apache.org/maven2/org/ow2/asm/asm/6.2/asm-6.2.jar
[bdb427fb-b2b6-41a4-a554-6ce691635a39/build]   | [INFO] Downloaded from central: https://repo.maven.apache.org/maven2/org/sonatype/plexus/plexus-cipher/1.4/plexus-cipher-1.4.jar (13 kB at 293 kB/s)
[bdb427fb-b2b6-41a4-a554-6ce691635a39/build]   | [INFO] Downloading from central: https://repo.maven.apache.org/maven2/com/thoughtworks/qdox/qdox/2.0-M8/qdox-2.0-M8.jar
[bdb427fb-b2b6-41a4-a554-6ce691635a39/build]   | [INFO] Downloaded from central: https://repo.maven.apache.org/maven2/org/sonatype/plexus/plexus-sec-dispatcher/1.3/plexus-sec-dispatcher-1.3.jar (29 kB at 621 kB/s)
[bdb427fb-b2b6-41a4-a554-6ce691635a39/build]   | [INFO] Downloaded from central: https://repo.maven.apache.org/maven2/org/codehaus/plexus/plexus-java/0.9.10/plexus-java-0.9.10.jar (39 kB at 789 kB/s)
[bdb427fb-b2b6-41a4-a554-6ce691635a39/build]   | [INFO] Downloaded from central: https://repo.maven.apache.org/maven2/org/apache/maven/maven-toolchain/2.2.1/maven-toolchain-2.2.1.jar (38 kB at 724 kB/s)
[bdb427fb-b2b6-41a4-a554-6ce691635a39/build]   | [INFO] Downloaded from central: https://repo.maven.apache.org/maven2/org/ow2/asm/asm/6.2/asm-6.2.jar (111 kB at 2.1 MB/s)
[bdb427fb-b2b6-41a4-a554-6ce691635a39/build]   | [INFO] Downloaded from central: https://repo.maven.apache.org/maven2/com/thoughtworks/qdox/qdox/2.0-M8/qdox-2.0-M8.jar (316 kB at 5.3 MB/s)
[bdb427fb-b2b6-41a4-a554-6ce691635a39/build]   | [INFO] Downloading from central: https://repo.maven.apache.org/maven2/org/apache/maven/surefire/surefire-junit-platform/2.22.2/surefire-junit-platform-2.22.2.pom
[bdb427fb-b2b6-41a4-a554-6ce691635a39/build]   | [INFO] Downloaded from central: https://repo.maven.apache.org/maven2/org/apache/maven/surefire/surefire-junit-platform/2.22.2/surefire-junit-platform-2.22.2.pom (7.0 kB at 1.4 MB/s)
[bdb427fb-b2b6-41a4-a554-6ce691635a39/build]   | [INFO] Downloading from central: https://repo.maven.apache.org/maven2/org/apache/maven/surefire/surefire-providers/2.22.2/surefire-providers-2.22.2.pom
[bdb427fb-b2b6-41a4-a554-6ce691635a39/build]   | [INFO] Downloaded from central: https://repo.maven.apache.org/maven2/org/apache/maven/surefire/surefire-providers/2.22.2/surefire-providers-2.22.2.pom (2.5 kB at 622 kB/s)
[bdb427fb-b2b6-41a4-a554-6ce691635a39/build]   | [INFO] Downloading from central: https://repo.maven.apache.org/maven2/org/junit/platform/junit-platform-launcher/1.3.1/junit-platform-launcher-1.3.1.pom
[bdb427fb-b2b6-41a4-a554-6ce691635a39/build]   | [INFO] Downloaded from central: https://repo.maven.apache.org/maven2/org/junit/platform/junit-platform-launcher/1.3.1/junit-platform-launcher-1.3.1.pom (2.2 kB at 443 kB/s)
[bdb427fb-b2b6-41a4-a554-6ce691635a39/build]   | [INFO] Downloading from central: https://repo.maven.apache.org/maven2/org/apiguardian/apiguardian-api/1.0.0/apiguardian-api-1.0.0.pom
[bdb427fb-b2b6-41a4-a554-6ce691635a39/build]   | [INFO] Downloaded from central: https://repo.maven.apache.org/maven2/org/apiguardian/apiguardian-api/1.0.0/apiguardian-api-1.0.0.pom (1.2 kB at 292 kB/s)
[bdb427fb-b2b6-41a4-a554-6ce691635a39/build]   | [INFO] Downloading from central: https://repo.maven.apache.org/maven2/org/junit/platform/junit-platform-engine/1.3.1/junit-platform-engine-1.3.1.pom
[bdb427fb-b2b6-41a4-a554-6ce691635a39/build]   | [INFO] Downloaded from central: https://repo.maven.apache.org/maven2/org/junit/platform/junit-platform-engine/1.3.1/junit-platform-engine-1.3.1.pom (2.4 kB at 479 kB/s)
[bdb427fb-b2b6-41a4-a554-6ce691635a39/build]   | [INFO] Downloading from central: https://repo.maven.apache.org/maven2/org/junit/platform/junit-platform-commons/1.3.1/junit-platform-commons-1.3.1.pom
[bdb427fb-b2b6-41a4-a554-6ce691635a39/build]   | [INFO] Downloaded from central: https://repo.maven.apache.org/maven2/org/junit/platform/junit-platform-commons/1.3.1/junit-platform-commons-1.3.1.pom (2.0 kB at 404 kB/s)
[bdb427fb-b2b6-41a4-a554-6ce691635a39/build]   | [INFO] Downloading from central: https://repo.maven.apache.org/maven2/org/opentest4j/opentest4j/1.1.1/opentest4j-1.1.1.pom
[bdb427fb-b2b6-41a4-a554-6ce691635a39/build]   | [INFO] Downloaded from central: https://repo.maven.apache.org/maven2/org/opentest4j/opentest4j/1.1.1/opentest4j-1.1.1.pom (1.7 kB at 421 kB/s)
[bdb427fb-b2b6-41a4-a554-6ce691635a39/build]   | [INFO] Downloading from central: https://repo.maven.apache.org/maven2/org/apache/maven/surefire/surefire-junit-platform/2.22.2/surefire-junit-platform-2.22.2.jar
[bdb427fb-b2b6-41a4-a554-6ce691635a39/build]   | [INFO] Downloading from central: https://repo.maven.apache.org/maven2/org/junit/platform/junit-platform-engine/1.3.1/junit-platform-engine-1.3.1.jar
[bdb427fb-b2b6-41a4-a554-6ce691635a39/build]   | [INFO] Downloading from central: https://repo.maven.apache.org/maven2/org/junit/platform/junit-platform-launcher/1.3.1/junit-platform-launcher-1.3.1.jar
[bdb427fb-b2b6-41a4-a554-6ce691635a39/build]   | [INFO] Downloading from central: https://repo.maven.apache.org/maven2/org/apiguardian/apiguardian-api/1.0.0/apiguardian-api-1.0.0.jar
[bdb427fb-b2b6-41a4-a554-6ce691635a39/build]   | [INFO] Downloading from central: https://repo.maven.apache.org/maven2/org/junit/platform/junit-platform-commons/1.3.1/junit-platform-commons-1.3.1.jar
[bdb427fb-b2b6-41a4-a554-6ce691635a39/build]   | [INFO] Downloaded from central: https://repo.maven.apache.org/maven2/org/apache/maven/surefire/surefire-junit-platform/2.22.2/surefire-junit-platform-2.22.2.jar (66 kB at 8.2 MB/s)
[bdb427fb-b2b6-41a4-a554-6ce691635a39/build]   | [INFO] Downloaded from central: https://repo.maven.apache.org/maven2/org/apiguardian/apiguardian-api/1.0.0/apiguardian-api-1.0.0.jar (2.2 kB at 433 kB/s)
[bdb427fb-b2b6-41a4-a554-6ce691635a39/build]   | [INFO] Downloaded from central: https://repo.maven.apache.org/maven2/org/junit/platform/junit-platform-launcher/1.3.1/junit-platform-launcher-1.3.1.jar (95 kB at 14 MB/s)
[bdb427fb-b2b6-41a4-a554-6ce691635a39/build]   | [INFO] Downloading from central: https://repo.maven.apache.org/maven2/org/opentest4j/opentest4j/1.1.1/opentest4j-1.1.1.jar
[bdb427fb-b2b6-41a4-a554-6ce691635a39/build]   | [INFO] Downloaded from central: https://repo.maven.apache.org/maven2/org/junit/platform/junit-platform-commons/1.3.1/junit-platform-commons-1.3.1.jar (78 kB at 11 MB/s)
[bdb427fb-b2b6-41a4-a554-6ce691635a39/build]   | [INFO] Downloaded from central: https://repo.maven.apache.org/maven2/org/junit/platform/junit-platform-engine/1.3.1/junit-platform-engine-1.3.1.jar (135 kB at 12 MB/s)
[bdb427fb-b2b6-41a4-a554-6ce691635a39/build]   | [INFO] Downloaded from central: https://repo.maven.apache.org/maven2/org/opentest4j/opentest4j/1.1.1/opentest4j-1.1.1.jar (7.1 kB at 1.2 MB/s)
[bdb427fb-b2b6-41a4-a554-6ce691635a39/build]   | [INFO] 
[bdb427fb-b2b6-41a4-a554-6ce691635a39/build]   | [INFO] -------------------------------------------------------
[bdb427fb-b2b6-41a4-a554-6ce691635a39/build]   | [INFO]  T E S T S
[bdb427fb-b2b6-41a4-a554-6ce691635a39/build]   | [INFO] -------------------------------------------------------
[bdb427fb-b2b6-41a4-a554-6ce691635a39/build]   | [INFO] Running com.thealgorithms.io.BufferedReaderTest
[bdb427fb-b2b6-41a4-a554-6ce691635a39/build]   | [cached intentional error]
[bdb427fb-b2b6-41a4-a554-6ce691635a39/build]   | [INFO] Tests run: 3, Failures: 0, Errors: 0, Skipped: 0, Time elapsed: 0.039 s - in com.thealgorithms.io.BufferedReaderTest
[bdb427fb-b2b6-41a4-a554-6ce691635a39/build]   | [INFO] Running com.thealgorithms.searches.sortOrderAgnosticBinarySearchTest
[bdb427fb-b2b6-41a4-a554-6ce691635a39/build]   | [INFO] Tests run: 2, Failures: 0, Errors: 0, Skipped: 0, Time elapsed: 0 s - in com.thealgorithms.searches.sortOrderAgnosticBinarySearchTest
[bdb427fb-b2b6-41a4-a554-6ce691635a39/build]   | [INFO] Running com.thealgorithms.searches.BinarySearch2dArrayTest
[bdb427fb-b2b6-41a4-a554-6ce691635a39/build]   | [1, 2]
[bdb427fb-b2b6-41a4-a554-6ce691635a39/build]   | [1, 3]
[bdb427fb-b2b6-41a4-a554-6ce691635a39/build]   | [2, 1]
[bdb427fb-b2b6-41a4-a554-6ce691635a39/build]   | [0, 1]
[bdb427fb-b2b6-41a4-a554-6ce691635a39/build]   | [1, 1]
[bdb427fb-b2b6-41a4-a554-6ce691635a39/build]   | [0, 1]
[bdb427fb-b2b6-41a4-a554-6ce691635a39/build]   | [-1, -1]
[bdb427fb-b2b6-41a4-a554-6ce691635a39/build]   | [2, 2]
[bdb427fb-b2b6-41a4-a554-6ce691635a39/build]   | [0, 2]
[bdb427fb-b2b6-41a4-a554-6ce691635a39/build]   | [0, 0]
[bdb427fb-b2b6-41a4-a554-6ce691635a39/build]   | [INFO] Tests run: 11, Failures: 0, Errors: 0, Skipped: 0, Time elapsed: 0.001 s - in com.thealgorithms.searches.BinarySearch2dArrayTest
[bdb427fb-b2b6-41a4-a554-6ce691635a39/build]   | [INFO] Running com.thealgorithms.searches.OrderAgnosticBinarySearchTest
[bdb427fb-b2b6-41a4-a554-6ce691635a39/build]   | 4
[bdb427fb-b2b6-41a4-a554-6ce691635a39/build]   | 2
[bdb427fb-b2b6-41a4-a554-6ce691635a39/build]   | 4
[bdb427fb-b2b6-41a4-a554-6ce691635a39/build]   | 0
[bdb427fb-b2b6-41a4-a554-6ce691635a39/build]   | 0
[bdb427fb-b2b6-41a4-a554-6ce691635a39/build]   | -1
[bdb427fb-b2b6-41a4-a554-6ce691635a39/build]   | [INFO] Tests run: 6, Failures: 0, Errors: 0, Skipped: 0, Time elapsed: 0.001 s - in com.thealgorithms.searches.OrderAgnosticBinarySearchTest
[bdb427fb-b2b6-41a4-a554-6ce691635a39/build]   | [INFO] Running com.thealgorithms.searches.RowColumnWiseSorted2dArrayBinarySearchTest
[bdb427fb-b2b6-41a4-a554-6ce691635a39/build]   | [INFO] Tests run: 7, Failures: 0, Errors: 0, Skipped: 0, Time elapsed: 0 s - in com.thealgorithms.searches.RowColumnWiseSorted2dArrayBinarySearchTest
[bdb427fb-b2b6-41a4-a554-6ce691635a39/build]   | [INFO] Running com.thealgorithms.searches.BreadthFirstSearchTest
[bdb427fb-b2b6-41a4-a554-6ce691635a39/build]   | [INFO] Tests run: 3, Failures: 0, Errors: 0, Skipped: 0, Time elapsed: 0.001 s - in com.thealgorithms.searches.BreadthFirstSearchTest
[bdb427fb-b2b6-41a4-a554-6ce691635a39/build]   | [INFO] Running com.thealgorithms.searches.KMPSearchTest
[bdb427fb-b2b6-41a4-a554-6ce691635a39/build]   | Found pattern at index 10
[bdb427fb-b2b6-41a4-a554-6ce691635a39/build]   | 10
[bdb427fb-b2b6-41a4-a554-6ce691635a39/build]   | No pattern found
[bdb427fb-b2b6-41a4-a554-6ce691635a39/build]   | -1
[bdb427fb-b2b6-41a4-a554-6ce691635a39/build]   | Found pattern at index 4
[bdb427fb-b2b6-41a4-a554-6ce691635a39/build]   | 4
[bdb427fb-b2b6-41a4-a554-6ce691635a39/build]   | Found pattern at index 0
[bdb427fb-b2b6-41a4-a554-6ce691635a39/build]   | 0
[bdb427fb-b2b6-41a4-a554-6ce691635a39/build]   | Found pattern at index 4
[bdb427fb-b2b6-41a4-a554-6ce691635a39/build]   | 4
[bdb427fb-b2b6-41a4-a554-6ce691635a39/build]   | [INFO] Tests run: 5, Failures: 0, Errors: 0, Skipped: 0, Time elapsed: 0.003 s - in com.thealgorithms.searches.KMPSearchTest
[bdb427fb-b2b6-41a4-a554-6ce691635a39/build]   | [INFO] Running com.thealgorithms.searches.HowManyTimesRotatedTest
[bdb427fb-b2b6-41a4-a554-6ce691635a39/build]   | [INFO] Tests run: 1, Failures: 0, Errors: 0, Skipped: 0, Time elapsed: 0 s - in com.thealgorithms.searches.HowManyTimesRotatedTest
[bdb427fb-b2b6-41a4-a554-6ce691635a39/build]   | [INFO] Running com.thealgorithms.searches.QuickSelectTest
[bdb427fb-b2b6-41a4-a554-6ce691635a39/build]   | [INFO] Tests run: 21, Failures: 0, Errors: 0, Skipped: 0, Time elapsed: 0.029 s - in com.thealgorithms.searches.QuickSelectTest
[bdb427fb-b2b6-41a4-a554-6ce691635a39/build]   | [INFO] Running com.thealgorithms.searches.TestSearchInARowAndColWiseSortedMatrix
[bdb427fb-b2b6-41a4-a554-6ce691635a39/build]   | [INFO] Tests run: 2, Failures: 0, Errors: 0, Skipped: 0, Time elapsed: 0.001 s - in com.thealgorithms.searches.TestSearchInARowAndColWiseSortedMatrix
[bdb427fb-b2b6-41a4-a554-6ce691635a39/build]   | [INFO] Running com.thealgorithms.searches.RabinKarpAlgorithmTest
[bdb427fb-b2b6-41a4-a554-6ce691635a39/build]   | Pattern found at index 34
[bdb427fb-b2b6-41a4-a554-6ce691635a39/build]   | Pattern found at index 8
[bdb427fb-b2b6-41a4-a554-6ce691635a39/build]   | Pattern found at index 3
[bdb427fb-b2b6-41a4-a554-6ce691635a39/build]   | Pattern found at index 0
[bdb427fb-b2b6-41a4-a554-6ce691635a39/build]   | [INFO] Tests run: 5, Failures: 0, Errors: 0, Skipped: 0, Time elapsed: 0.005 s - in com.thealgorithms.searches.RabinKarpAlgorithmTest
[bdb427fb-b2b6-41a4-a554-6ce691635a39/build]   | [INFO] Running com.thealgorithms.geometry.GrahamScanTest
[bdb427fb-b2b6-41a4-a554-6ce691635a39/build]   | [INFO] Tests run: 1, Failures: 0, Errors: 0, Skipped: 0, Time elapsed: 0.022 s - in com.thealgorithms.geometry.GrahamScanTest
[bdb427fb-b2b6-41a4-a554-6ce691635a39/build]   | [INFO] Running com.thealgorithms.others.WorstFitCPUTest
[bdb427fb-b2b6-41a4-a554-6ce691635a39/build]   | [INFO] Tests run: 6, Failures: 0, Errors: 0, Skipped: 0, Time elapsed: 0.006 s - in com.thealgorithms.others.WorstFitCPUTest
[bdb427fb-b2b6-41a4-a554-6ce691635a39/build]   | [INFO] Running com.thealgorithms.others.TestPrintMatrixInSpiralOrder
[bdb427fb-b2b6-41a4-a554-6ce691635a39/build]   | [INFO] Tests run: 2, Failures: 0, Errors: 0, Skipped: 0, Time elapsed: 0 s - in com.thealgorithms.others.TestPrintMatrixInSpiralOrder
[bdb427fb-b2b6-41a4-a554-6ce691635a39/build]   | [INFO] Running com.thealgorithms.others.ConwayTest
[bdb427fb-b2b6-41a4-a554-6ce691635a39/build]   | [INFO] Tests run: 6, Failures: 0, Errors: 0, Skipped: 0, Time elapsed: 0.042 s - in com.thealgorithms.others.ConwayTest
[bdb427fb-b2b6-41a4-a554-6ce691635a39/build]   | [INFO] Running com.thealgorithms.others.CountCharTest
[bdb427fb-b2b6-41a4-a554-6ce691635a39/build]   | [INFO] Tests run: 1, Failures: 0, Errors: 0, Skipped: 0, Time elapsed: 0 s - in com.thealgorithms.others.CountCharTest
[bdb427fb-b2b6-41a4-a554-6ce691635a39/build]   | [INFO] Running com.thealgorithms.others.KadaneAlogrithmTest
[bdb427fb-b2b6-41a4-a554-6ce691635a39/build]   | [INFO] Tests run: 8, Failures: 0, Errors: 0, Skipped: 0, Time elapsed: 0.005 s - in com.thealgorithms.others.KadaneAlogrithmTest
[bdb427fb-b2b6-41a4-a554-6ce691635a39/build]   | [INFO] Running com.thealgorithms.others.TwoPointersTest
[bdb427fb-b2b6-41a4-a554-6ce691635a39/build]   | [INFO] Tests run: 5, Failures: 0, Errors: 0, Skipped: 0, Time elapsed: 0.003 s - in com.thealgorithms.others.TwoPointersTest
[bdb427fb-b2b6-41a4-a554-6ce691635a39/build]   | [INFO] Running com.thealgorithms.others.LinkListSortTest
[bdb427fb-b2b6-41a4-a554-6ce691635a39/build]   | [INFO] Tests run: 8, Failures: 0, Errors: 0, Skipped: 0, Time elapsed: 0.006 s - in com.thealgorithms.others.LinkListSortTest
[bdb427fb-b2b6-41a4-a554-6ce691635a39/build]   | [INFO] Running com.thealgorithms.others.LineSweepTest
[bdb427fb-b2b6-41a4-a554-6ce691635a39/build]   | [INFO] Tests run: 4, Failures: 0, Errors: 0, Skipped: 0, Time elapsed: 0.003 s - in com.thealgorithms.others.LineSweepTest
[bdb427fb-b2b6-41a4-a554-6ce691635a39/build]   | [INFO] Running com.thealgorithms.others.CountFriendsPairingTest
[bdb427fb-b2b6-41a4-a554-6ce691635a39/build]   | [INFO] Tests run: 8, Failures: 0, Errors: 0, Skipped: 0, Time elapsed: 0.004 s - in com.thealgorithms.others.CountFriendsPairingTest
[bdb427fb-b2b6-41a4-a554-6ce691635a39/build]   | [INFO] Running com.thealgorithms.others.BestFitCPUTest
[bdb427fb-b2b6-41a4-a554-6ce691635a39/build]   | [INFO] Tests run: 5, Failures: 0, Errors: 0, Skipped: 0, Time elapsed: 0.002 s - in com.thealgorithms.others.BestFitCPUTest
[bdb427fb-b2b6-41a4-a554-6ce691635a39/build]   | [INFO] Running com.thealgorithms.others.countSetBitsTest
[bdb427fb-b2b6-41a4-a554-6ce691635a39/build]   | [INFO] Tests run: 1, Failures: 0, Errors: 0, Skipped: 0, Time elapsed: 0 s - in com.thealgorithms.others.countSetBitsTest
[bdb427fb-b2b6-41a4-a554-6ce691635a39/build]   | [INFO] Running com.thealgorithms.others.NewManShanksPrimeTest
[bdb427fb-b2b6-41a4-a554-6ce691635a39/build]   | [INFO] Tests run: 8, Failures: 0, Errors: 0, Skipped: 0, Time elapsed: 0.005 s - in com.thealgorithms.others.NewManShanksPrimeTest
[bdb427fb-b2b6-41a4-a554-6ce691635a39/build]   | [INFO] Running com.thealgorithms.others.UniquePathsTests
[bdb427fb-b2b6-41a4-a554-6ce691635a39/build]   | [INFO] Tests run: 8, Failures: 0, Errors: 0, Skipped: 0, Time elapsed: 0.004 s - in com.thealgorithms.others.UniquePathsTests
[bdb427fb-b2b6-41a4-a554-6ce691635a39/build]   | [INFO] Running com.thealgorithms.others.PasswordGenTest
[bdb427fb-b2b6-41a4-a554-6ce691635a39/build]   | [INFO] Tests run: 4, Failures: 0, Errors: 0, Skipped: 0, Time elapsed: 0.011 s - in com.thealgorithms.others.PasswordGenTest
[bdb427fb-b2b6-41a4-a554-6ce691635a39/build]   | [INFO] Running com.thealgorithms.others.FirstFitCPUTest
[bdb427fb-b2b6-41a4-a554-6ce691635a39/build]   | [INFO] Tests run: 5, Failures: 0, Errors: 0, Skipped: 0, Time elapsed: 0.002 s - in com.thealgorithms.others.FirstFitCPUTest
[bdb427fb-b2b6-41a4-a554-6ce691635a39/build]   | [INFO] Running com.thealgorithms.others.ArrayLeftRotationTest
[bdb427fb-b2b6-41a4-a554-6ce691635a39/build]   | [INFO] Tests run: 5, Failures: 0, Errors: 0, Skipped: 0, Time elapsed: 0.002 s - in com.thealgorithms.others.ArrayLeftRotationTest
[bdb427fb-b2b6-41a4-a554-6ce691635a39/build]   | [INFO] Running com.thealgorithms.others.NextFitCPUTest
[bdb427fb-b2b6-41a4-a554-6ce691635a39/build]   | [INFO] Tests run: 5, Failures: 0, Errors: 0, Skipped: 0, Time elapsed: 0.002 s - in com.thealgorithms.others.NextFitCPUTest
[bdb427fb-b2b6-41a4-a554-6ce691635a39/build]   | [INFO] Running com.thealgorithms.others.CRCAlgorithmTest
[bdb427fb-b2b6-41a4-a554-6ce691635a39/build]   | [INFO] Tests run: 2, Failures: 0, Errors: 0, Skipped: 0, Time elapsed: 0.001 s - in com.thealgorithms.others.CRCAlgorithmTest
[bdb427fb-b2b6-41a4-a554-6ce691635a39/build]   | [INFO] Running com.thealgorithms.others.cn.HammingDistanceTest
[bdb427fb-b2b6-41a4-a554-6ce691635a39/build]   | Total Error bit count 2
[bdb427fb-b2b6-41a4-a554-6ce691635a39/build]   | Total Error bit count 7
[bdb427fb-b2b6-41a4-a554-6ce691635a39/build]   | Total Error bit count 3
[bdb427fb-b2b6-41a4-a554-6ce691635a39/build]   | No Error bit in data segments
[bdb427fb-b2b6-41a4-a554-6ce691635a39/build]   | No Error bit in data segments
[bdb427fb-b2b6-41a4-a554-6ce691635a39/build]   | [INFO] Tests run: 6, Failures: 0, Errors: 0, Skipped: 0, Time elapsed: 0.075 s - in com.thealgorithms.others.cn.HammingDistanceTest
[bdb427fb-b2b6-41a4-a554-6ce691635a39/build]   | [INFO] Running com.thealgorithms.others.CalculateMaxOfMinTest
[bdb427fb-b2b6-41a4-a554-6ce691635a39/build]   | [INFO] Tests run: 7, Failures: 0, Errors: 0, Skipped: 0, Time elapsed: 0.003 s - in com.thealgorithms.others.CalculateMaxOfMinTest
[bdb427fb-b2b6-41a4-a554-6ce691635a39/build]   | [INFO] Running com.thealgorithms.others.CRC16Test
[bdb427fb-b2b6-41a4-a554-6ce691635a39/build]   | [INFO] Tests run: 1, Failures: 0, Errors: 0, Skipped: 0, Time elapsed: 0 s - in com.thealgorithms.others.CRC16Test
[bdb427fb-b2b6-41a4-a554-6ce691635a39/build]   | [INFO] Running com.thealgorithms.conversions.HexaDecimalToDecimalTest
[bdb427fb-b2b6-41a4-a554-6ce691635a39/build]   | [INFO] Tests run: 1, Failures: 0, Errors: 0, Skipped: 0, Time elapsed: 0.001 s - in com.thealgorithms.conversions.HexaDecimalToDecimalTest
[bdb427fb-b2b6-41a4-a554-6ce691635a39/build]   | [INFO] Running com.thealgorithms.conversions.HexToOctTest
[bdb427fb-b2b6-41a4-a554-6ce691635a39/build]   | [INFO] Tests run: 1, Failures: 0, Errors: 0, Skipped: 0, Time elapsed: 0.001 s - in com.thealgorithms.conversions.HexToOctTest
[bdb427fb-b2b6-41a4-a554-6ce691635a39/build]   | [INFO] Running com.thealgorithms.conversions.HexaDecimalToBinaryTest
[bdb427fb-b2b6-41a4-a554-6ce691635a39/build]   | [INFO] Tests run: 1, Failures: 0, Errors: 0, Skipped: 0, Time elapsed: 0 s - in com.thealgorithms.conversions.HexaDecimalToBinaryTest
[bdb427fb-b2b6-41a4-a554-6ce691635a39/build]   | [INFO] Running com.thealgorithms.conversions.OctalToHexadecimalTest
[bdb427fb-b2b6-41a4-a554-6ce691635a39/build]   | [INFO] Tests run: 1, Failures: 0, Errors: 0, Skipped: 0, Time elapsed: 0.004 s - in com.thealgorithms.conversions.OctalToHexadecimalTest
[bdb427fb-b2b6-41a4-a554-6ce691635a39/build]   | [INFO] Running com.thealgorithms.conversions.BinaryToHexadecimalTest
[bdb427fb-b2b6-41a4-a554-6ce691635a39/build]   | [INFO] Tests run: 1, Failures: 0, Errors: 0, Skipped: 0, Time elapsed: 0.001 s - in com.thealgorithms.conversions.BinaryToHexadecimalTest
[bdb427fb-b2b6-41a4-a554-6ce691635a39/build]   | [INFO] Running com.thealgorithms.conversions.RomanToIntegerTest
[bdb427fb-b2b6-41a4-a554-6ce691635a39/build]   | [INFO] Tests run: 1, Failures: 0, Errors: 0, Skipped: 0, Time elapsed: 0.001 s - in com.thealgorithms.conversions.RomanToIntegerTest
[bdb427fb-b2b6-41a4-a554-6ce691635a39/build]   | [INFO] Running com.thealgorithms.conversions.IntegerToRomanTest
[bdb427fb-b2b6-41a4-a554-6ce691635a39/build]   | [INFO] Tests run: 1, Failures: 0, Errors: 0, Skipped: 0, Time elapsed: 0.001 s - in com.thealgorithms.conversions.IntegerToRomanTest
[bdb427fb-b2b6-41a4-a554-6ce691635a39/build]   | [INFO] Running com.thealgorithms.conversions.DecimalToHexaDecimalTest
[bdb427fb-b2b6-41a4-a554-6ce691635a39/build]   | [INFO] Tests run: 1, Failures: 0, Errors: 0, Skipped: 0, Time elapsed: 0.001 s - in com.thealgorithms.conversions.DecimalToHexaDecimalTest
[bdb427fb-b2b6-41a4-a554-6ce691635a39/build]   | [INFO] Running com.thealgorithms.conversions.BinaryToOctalTest
[bdb427fb-b2b6-41a4-a554-6ce691635a39/build]   | [INFO] Tests run: 1, Failures: 0, Errors: 0, Skipped: 0, Time elapsed: 0.001 s - in com.thealgorithms.conversions.BinaryToOctalTest
[bdb427fb-b2b6-41a4-a554-6ce691635a39/build]   | [INFO] Running com.thealgorithms.conversions.OctalToDecimalTest
[bdb427fb-b2b6-41a4-a554-6ce691635a39/build]   | [INFO] Tests run: 1, Failures: 0, Errors: 0, Skipped: 0, Time elapsed: 0.001 s - in com.thealgorithms.conversions.OctalToDecimalTest
[bdb427fb-b2b6-41a4-a554-6ce691635a39/build]   | [INFO] Running com.thealgorithms.conversions.BinaryToDecimalTest
[bdb427fb-b2b6-41a4-a554-6ce691635a39/build]   | [INFO] Tests run: 3, Failures: 0, Errors: 0, Skipped: 0, Time elapsed: 0.001 s - in com.thealgorithms.conversions.BinaryToDecimalTest
[bdb427fb-b2b6-41a4-a554-6ce691635a39/build]   | [INFO] Running com.thealgorithms.ciphers.BlowfishTest
[bdb427fb-b2b6-41a4-a554-6ce691635a39/build]   | [INFO] Tests run: 2, Failures: 0, Errors: 0, Skipped: 0, Time elapsed: 0.024 s - in com.thealgorithms.ciphers.BlowfishTest
[bdb427fb-b2b6-41a4-a554-6ce691635a39/build]   | [INFO] Running com.thealgorithms.ciphers.a5.LFSRTest
[bdb427fb-b2b6-41a4-a554-6ce691635a39/build]   | [INFO] Tests run: 3, Failures: 0, Errors: 0, Skipped: 0, Time elapsed: 0.006 s - in com.thealgorithms.ciphers.a5.LFSRTest
[bdb427fb-b2b6-41a4-a554-6ce691635a39/build]   | [INFO] Running com.thealgorithms.ciphers.SimpleSubstitutionCipherTest
[bdb427fb-b2b6-41a4-a554-6ce691635a39/build]   | [INFO] Tests run: 3, Failures: 0, Errors: 0, Skipped: 0, Time elapsed: 0.001 s - in com.thealgorithms.ciphers.SimpleSubstitutionCipherTest
[bdb427fb-b2b6-41a4-a554-6ce691635a39/build]   | [INFO] Running com.thealgorithms.ciphers.DESTest
[bdb427fb-b2b6-41a4-a554-6ce691635a39/build]   | [INFO] Tests run: 2, Failures: 0, Errors: 0, Skipped: 0, Time elapsed: 0.006 s - in com.thealgorithms.ciphers.DESTest
[bdb427fb-b2b6-41a4-a554-6ce691635a39/build]   | [INFO] Running com.thealgorithms.ciphers.SimpleSubCipherTest
[bdb427fb-b2b6-41a4-a554-6ce691635a39/build]   | [INFO] Tests run: 2, Failures: 0, Errors: 0, Skipped: 0, Time elapsed: 0 s - in com.thealgorithms.ciphers.SimpleSubCipherTest
[bdb427fb-b2b6-41a4-a554-6ce691635a39/build]   | [INFO] Running com.thealgorithms.ciphers.RSATest
[bdb427fb-b2b6-41a4-a554-6ce691635a39/build]   | [INFO] Tests run: 1, Failures: 0, Errors: 0, Skipped: 0, Time elapsed: 0.087 s - in com.thealgorithms.ciphers.RSATest
[bdb427fb-b2b6-41a4-a554-6ce691635a39/build]   | [INFO] Running com.thealgorithms.ciphers.VigenereTest
[bdb427fb-b2b6-41a4-a554-6ce691635a39/build]   | [INFO] Tests run: 2, Failures: 0, Errors: 0, Skipped: 0, Time elapsed: 0 s - in com.thealgorithms.ciphers.VigenereTest
[bdb427fb-b2b6-41a4-a554-6ce691635a39/build]   | [INFO] Running com.thealgorithms.ciphers.PolybiusTest
[bdb427fb-b2b6-41a4-a554-6ce691635a39/build]   | [INFO] Tests run: 3, Failures: 0, Errors: 0, Skipped: 0, Time elapsed: 0 s - in com.thealgorithms.ciphers.PolybiusTest
[bdb427fb-b2b6-41a4-a554-6ce691635a39/build]   | [INFO] Running com.thealgorithms.ciphers.CaesarTest
[bdb427fb-b2b6-41a4-a554-6ce691635a39/build]   | [INFO] Tests run: 3, Failures: 0, Errors: 0, Skipped: 0, Time elapsed: 0 s - in com.thealgorithms.ciphers.CaesarTest
[bdb427fb-b2b6-41a4-a554-6ce691635a39/build]   | [INFO] Running com.thealgorithms.backtracking.WordSearchTest
[bdb427fb-b2b6-41a4-a554-6ce691635a39/build]   | [INFO] Tests run: 3, Failures: 0, Errors: 0, Skipped: 0, Time elapsed: 0 s - in com.thealgorithms.backtracking.WordSearchTest
[bdb427fb-b2b6-41a4-a554-6ce691635a39/build]   | [INFO] Running com.thealgorithms.backtracking.FloodFillTest
[bdb427fb-b2b6-41a4-a554-6ce691635a39/build]   | [INFO] Tests run: 5, Failures: 0, Errors: 0, Skipped: 0, Time elapsed: 0.001 s - in com.thealgorithms.backtracking.FloodFillTest
[bdb427fb-b2b6-41a4-a554-6ce691635a39/build]   | [INFO] Running com.thealgorithms.backtracking.AllPathsFromSourceToTargetTest
[bdb427fb-b2b6-41a4-a554-6ce691635a39/build]   | [INFO] Tests run: 4, Failures: 0, Errors: 0, Skipped: 0, Time elapsed: 0.001 s - in com.thealgorithms.backtracking.AllPathsFromSourceToTargetTest
[bdb427fb-b2b6-41a4-a554-6ce691635a39/build]   | [INFO] Running com.thealgorithms.backtracking.PermutationTest
[bdb427fb-b2b6-41a4-a554-6ce691635a39/build]   | [INFO] Tests run: 3, Failures: 0, Errors: 0, Skipped: 0, Time elapsed: 0.001 s - in com.thealgorithms.backtracking.PermutationTest
[bdb427fb-b2b6-41a4-a554-6ce691635a39/build]   | [INFO] Running com.thealgorithms.backtracking.ArrayCombinationTest
[bdb427fb-b2b6-41a4-a554-6ce691635a39/build]   | [INFO] Tests run: 5, Failures: 0, Errors: 0, Skipped: 0, Time elapsed: 0.006 s - in com.thealgorithms.backtracking.ArrayCombinationTest
[bdb427fb-b2b6-41a4-a554-6ce691635a39/build]   | [INFO] Running com.thealgorithms.backtracking.MazeRecursionTest
[bdb427fb-b2b6-41a4-a554-6ce691635a39/build]   | [INFO] Tests run: 1, Failures: 0, Errors: 0, Skipped: 0, Time elapsed: 0 s - in com.thealgorithms.backtracking.MazeRecursionTest
[bdb427fb-b2b6-41a4-a554-6ce691635a39/build]   | [INFO] Running com.thealgorithms.backtracking.CombinationTest
[bdb427fb-b2b6-41a4-a554-6ce691635a39/build]   | [INFO] Tests run: 3, Failures: 0, Errors: 0, Skipped: 0, Time elapsed: 0 s - in com.thealgorithms.backtracking.CombinationTest
[bdb427fb-b2b6-41a4-a554-6ce691635a39/build]   | [INFO] Running com.thealgorithms.backtracking.PowerSumTest
[bdb427fb-b2b6-41a4-a554-6ce691635a39/build]   | [INFO] Tests run: 3, Failures: 0, Errors: 0, Skipped: 0, Time elapsed: 0.001 s - in com.thealgorithms.backtracking.PowerSumTest
[bdb427fb-b2b6-41a4-a554-6ce691635a39/build]   | [INFO] Running com.thealgorithms.maths.SumWithoutArithmeticOperatorsTest
[bdb427fb-b2b6-41a4-a554-6ce691635a39/build]   | [INFO] Tests run: 5, Failures: 0, Errors: 0, Skipped: 0, Time elapsed: 0.001 s - in com.thealgorithms.maths.SumWithoutArithmeticOperatorsTest
[bdb427fb-b2b6-41a4-a554-6ce691635a39/build]   | [INFO] Running com.thealgorithms.maths.AbsoluteMinTest
[bdb427fb-b2b6-41a4-a554-6ce691635a39/build]   | [INFO] Tests run: 2, Failures: 0, Errors: 0, Skipped: 0, Time elapsed: 0.003 s - in com.thealgorithms.maths.AbsoluteMinTest
[bdb427fb-b2b6-41a4-a554-6ce691635a39/build]   | [INFO] Running com.thealgorithms.maths.BinomialCoefficientTest
[bdb427fb-b2b6-41a4-a554-6ce691635a39/build]   | [INFO] Tests run: 1, Failures: 0, Errors: 0, Skipped: 0, Time elapsed: 0 s - in com.thealgorithms.maths.BinomialCoefficientTest
[bdb427fb-b2b6-41a4-a554-6ce691635a39/build]   | [INFO] Running com.thealgorithms.maths.HeronsFormulaTest
[bdb427fb-b2b6-41a4-a554-6ce691635a39/build]   | [INFO] Tests run: 4, Failures: 0, Errors: 0, Skipped: 0, Time elapsed: 0.001 s - in com.thealgorithms.maths.HeronsFormulaTest
[bdb427fb-b2b6-41a4-a554-6ce691635a39/build]   | [INFO] Running com.thealgorithms.maths.JosephusProblemTest
[bdb427fb-b2b6-41a4-a554-6ce691635a39/build]   | [INFO] Tests run: 1, Failures: 0, Errors: 0, Skipped: 0, Time elapsed: 0 s - in com.thealgorithms.maths.JosephusProblemTest
[bdb427fb-b2b6-41a4-a554-6ce691635a39/build]   | [INFO] Running com.thealgorithms.maths.LucasSeriesTest
[bdb427fb-b2b6-41a4-a554-6ce691635a39/build]   | [INFO] Tests run: 4, Failures: 0, Errors: 0, Skipped: 0, Time elapsed: 0.002 s - in com.thealgorithms.maths.LucasSeriesTest
[bdb427fb-b2b6-41a4-a554-6ce691635a39/build]   | [INFO] Running com.thealgorithms.maths.BinaryPowTest
[bdb427fb-b2b6-41a4-a554-6ce691635a39/build]   | [INFO] Tests run: 1, Failures: 0, Errors: 0, Skipped: 0, Time elapsed: 0 s - in com.thealgorithms.maths.BinaryPowTest
[bdb427fb-b2b6-41a4-a554-6ce691635a39/build]   | [INFO] Running com.thealgorithms.maths.DudeneyNumberTest
[bdb427fb-b2b6-41a4-a554-6ce691635a39/build]   | [INFO] Tests run: 1, Failures: 0, Errors: 0, Skipped: 0, Time elapsed: 0.002 s - in com.thealgorithms.maths.DudeneyNumberTest
[bdb427fb-b2b6-41a4-a554-6ce691635a39/build]   | [INFO] Running com.thealgorithms.maths.FactorialTest
[bdb427fb-b2b6-41a4-a554-6ce691635a39/build]   | [INFO] Tests run: 1, Failures: 0, Errors: 0, Skipped: 0, Time elapsed: 0 s - in com.thealgorithms.maths.FactorialTest
[bdb427fb-b2b6-41a4-a554-6ce691635a39/build]   | [INFO] Running com.thealgorithms.maths.SumOfDigitsTest
[bdb427fb-b2b6-41a4-a554-6ce691635a39/build]   | [INFO] Tests run: 3, Failures: 0, Errors: 0, Skipped: 0, Time elapsed: 0.001 s - in com.thealgorithms.maths.SumOfDigitsTest
[bdb427fb-b2b6-41a4-a554-6ce691635a39/build]   | [INFO] Running com.thealgorithms.maths.TwinPrimeTest
[bdb427fb-b2b6-41a4-a554-6ce691635a39/build]   | [INFO] Tests run: 4, Failures: 0, Errors: 0, Skipped: 0, Time elapsed: 0.001 s - in com.thealgorithms.maths.TwinPrimeTest
[bdb427fb-b2b6-41a4-a554-6ce691635a39/build]   | [INFO] Running com.thealgorithms.maths.DigitalRootTest
[bdb427fb-b2b6-41a4-a554-6ce691635a39/build]   | [INFO] Tests run: 1, Failures: 0, Errors: 0, Skipped: 0, Time elapsed: 0 s - in com.thealgorithms.maths.DigitalRootTest
[bdb427fb-b2b6-41a4-a554-6ce691635a39/build]   | [INFO] Running com.thealgorithms.maths.CeilTest
[bdb427fb-b2b6-41a4-a554-6ce691635a39/build]   | [INFO] Tests run: 1, Failures: 0, Errors: 0, Skipped: 0, Time elapsed: 0 s - in com.thealgorithms.maths.CeilTest
[bdb427fb-b2b6-41a4-a554-6ce691635a39/build]   | [INFO] Running com.thealgorithms.maths.MobiusFunctionTest
[bdb427fb-b2b6-41a4-a554-6ce691635a39/build]   | [INFO] Tests run: 3, Failures: 0, Errors: 0, Skipped: 0, Time elapsed: 0.001 s - in com.thealgorithms.maths.MobiusFunctionTest
[bdb427fb-b2b6-41a4-a554-6ce691635a39/build]   | [INFO] Running com.thealgorithms.maths.PascalTriangleTest
[bdb427fb-b2b6-41a4-a554-6ce691635a39/build]   | [INFO] Tests run: 4, Failures: 0, Errors: 0, Skipped: 0, Time elapsed: 0 s - in com.thealgorithms.maths.PascalTriangleTest
[bdb427fb-b2b6-41a4-a554-6ce691635a39/build]   | [INFO] Running com.thealgorithms.maths.AreaTest
[bdb427fb-b2b6-41a4-a554-6ce691635a39/build]   | [INFO] Tests run: 12, Failures: 0, Errors: 0, Skipped: 0, Time elapsed: 0.009 s - in com.thealgorithms.maths.AreaTest
[bdb427fb-b2b6-41a4-a554-6ce691635a39/build]   | [INFO] Running com.thealgorithms.maths.CollatzConjectureTest
[bdb427fb-b2b6-41a4-a554-6ce691635a39/build]   | [INFO] Tests run: 4, Failures: 0, Errors: 0, Skipped: 0, Time elapsed: 0.004 s - in com.thealgorithms.maths.CollatzConjectureTest
[bdb427fb-b2b6-41a4-a554-6ce691635a39/build]   | [INFO] Running com.thealgorithms.maths.AliquotSumTest
[bdb427fb-b2b6-41a4-a554-6ce691635a39/build]   | [INFO] Tests run: 1, Failures: 0, Errors: 0, Skipped: 0, Time elapsed: 0.001 s - in com.thealgorithms.maths.AliquotSumTest
[bdb427fb-b2b6-41a4-a554-6ce691635a39/build]   | [INFO] Running com.thealgorithms.maths.ArmstrongTest
[bdb427fb-b2b6-41a4-a554-6ce691635a39/build]   | [INFO] Tests run: 1, Failures: 0, Errors: 0, Skipped: 0, Time elapsed: 0 s - in com.thealgorithms.maths.ArmstrongTest
[bdb427fb-b2b6-41a4-a554-6ce691635a39/build]   | [INFO] Running com.thealgorithms.maths.FastInverseSqrtTests
[bdb427fb-b2b6-41a4-a554-6ce691635a39/build]   | [INFO] Tests run: 8, Failures: 0, Errors: 0, Skipped: 0, Time elapsed: 0.001 s - in com.thealgorithms.maths.FastInverseSqrtTests
[bdb427fb-b2b6-41a4-a554-6ce691635a39/build]   | [INFO] Running com.thealgorithms.maths.AmicableNumberTest
[bdb427fb-b2b6-41a4-a554-6ce691635a39/build]   | [INFO] Tests run: 1, Failures: 0, Errors: 0, Skipped: 0, Time elapsed: 0 s - in com.thealgorithms.maths.AmicableNumberTest
[bdb427fb-b2b6-41a4-a554-6ce691635a39/build]   | [INFO] Running com.thealgorithms.maths.PerimeterTest
[bdb427fb-b2b6-41a4-a554-6ce691635a39/build]   | [INFO] Tests run: 8, Failures: 0, Errors: 0, Skipped: 0, Time elapsed: 0.006 s - in com.thealgorithms.maths.PerimeterTest
[bdb427fb-b2b6-41a4-a554-6ce691635a39/build]   | [INFO] Running com.thealgorithms.maths.PollardRhoTest
[bdb427fb-b2b6-41a4-a554-6ce691635a39/build]   | [INFO] Tests run: 3, Failures: 0, Errors: 0, Skipped: 0, Time elapsed: 0.002 s - in com.thealgorithms.maths.PollardRhoTest
[bdb427fb-b2b6-41a4-a554-6ce691635a39/build]   | [INFO] Running com.thealgorithms.maths.StandardScoreTest
[bdb427fb-b2b6-41a4-a554-6ce691635a39/build]   | [INFO] Tests run: 4, Failures: 0, Errors: 0, Skipped: 0, Time elapsed: 0.001 s - in com.thealgorithms.maths.StandardScoreTest
[bdb427fb-b2b6-41a4-a554-6ce691635a39/build]   | [INFO] Running com.thealgorithms.maths.FFTTest
[bdb427fb-b2b6-41a4-a554-6ce691635a39/build]   | [INFO] Tests run: 12, Failures: 0, Errors: 0, Skipped: 0, Time elapsed: 0.002 s - in com.thealgorithms.maths.FFTTest
[bdb427fb-b2b6-41a4-a554-6ce691635a39/build]   | [INFO] Running com.thealgorithms.maths.HarshadNumberTest
[bdb427fb-b2b6-41a4-a554-6ce691635a39/build]   | [INFO] Tests run: 1, Failures: 0, Errors: 0, Skipped: 0, Time elapsed: 0 s - in com.thealgorithms.maths.HarshadNumberTest
[bdb427fb-b2b6-41a4-a554-6ce691635a39/build]   | [INFO] Running com.thealgorithms.maths.ADTFractionTest
[bdb427fb-b2b6-41a4-a554-6ce691635a39/build]   | [INFO] Tests run: 7, Failures: 0, Errors: 0, Skipped: 0, Time elapsed: 0.004 s - in com.thealgorithms.maths.ADTFractionTest
[bdb427fb-b2b6-41a4-a554-6ce691635a39/build]   | [INFO] Running com.thealgorithms.maths.LongDivisionTest
[bdb427fb-b2b6-41a4-a554-6ce691635a39/build]   | [INFO] Tests run: 7, Failures: 0, Errors: 0, Skipped: 0, Time elapsed: 0 s - in com.thealgorithms.maths.LongDivisionTest
[bdb427fb-b2b6-41a4-a554-6ce691635a39/build]   | [INFO] Running com.thealgorithms.maths.LeonardoNumberTest
[bdb427fb-b2b6-41a4-a554-6ce691635a39/build]   | [INFO] Tests run: 5, Failures: 0, Errors: 0, Skipped: 0, Time elapsed: 0.001 s - in com.thealgorithms.maths.LeonardoNumberTest
[bdb427fb-b2b6-41a4-a554-6ce691635a39/build]   | [INFO] Running com.thealgorithms.maths.DistanceFormulaTest
[bdb427fb-b2b6-41a4-a554-6ce691635a39/build]   | [INFO] Tests run: 13, Failures: 0, Errors: 0, Skipped: 0, Time elapsed: 0.002 s - in com.thealgorithms.maths.DistanceFormulaTest
[bdb427fb-b2b6-41a4-a554-6ce691635a39/build]   | [INFO] Running com.thealgorithms.maths.PrimeCheckTest
[bdb427fb-b2b6-41a4-a554-6ce691635a39/build]   | [INFO] Tests run: 7, Failures: 0, Errors: 0, Skipped: 0, Time elapsed: 0.001 s - in com.thealgorithms.maths.PrimeCheckTest
[bdb427fb-b2b6-41a4-a554-6ce691635a39/build]   | [INFO] Running com.thealgorithms.maths.SquareFreeIntegerTest
[bdb427fb-b2b6-41a4-a554-6ce691635a39/build]   | [INFO] Tests run: 3, Failures: 0, Errors: 0, Skipped: 0, Time elapsed: 0.021 s - in com.thealgorithms.maths.SquareFreeIntegerTest
[bdb427fb-b2b6-41a4-a554-6ce691635a39/build]   | [INFO] Running com.thealgorithms.maths.KaprekarNumbersTest
[bdb427fb-b2b6-41a4-a554-6ce691635a39/build]   | [INFO] Tests run: 9, Failures: 0, Errors: 0, Skipped: 0, Time elapsed: 0.301 s - in com.thealgorithms.maths.KaprekarNumbersTest
[bdb427fb-b2b6-41a4-a554-6ce691635a39/build]   | [INFO] Running com.thealgorithms.maths.StandardDeviationTest
[bdb427fb-b2b6-41a4-a554-6ce691635a39/build]   | [INFO] Tests run: 4, Failures: 0, Errors: 0, Skipped: 0, Time elapsed: 0 s - in com.thealgorithms.maths.StandardDeviationTest
[bdb427fb-b2b6-41a4-a554-6ce691635a39/build]   | [INFO] Running com.thealgorithms.maths.TestArmstrong
[bdb427fb-b2b6-41a4-a554-6ce691635a39/build]   | [INFO] Tests run: 1, Failures: 0, Errors: 0, Skipped: 0, Time elapsed: 0.001 s - in com.thealgorithms.maths.TestArmstrong
[bdb427fb-b2b6-41a4-a554-6ce691635a39/build]   | [INFO] Running com.thealgorithms.maths.GaussianTest
[bdb427fb-b2b6-41a4-a554-6ce691635a39/build]   | [INFO] Tests run: 1, Failures: 0, Errors: 0, Skipped: 0, Time elapsed: 0 s - in com.thealgorithms.maths.GaussianTest
[bdb427fb-b2b6-41a4-a554-6ce691635a39/build]   | [INFO] Running com.thealgorithms.maths.LiouvilleLambdaFunctionTest
[bdb427fb-b2b6-41a4-a554-6ce691635a39/build]   | [INFO] Tests run: 4, Failures: 0, Errors: 0, Skipped: 0, Time elapsed: 0.003 s - in com.thealgorithms.maths.LiouvilleLambdaFunctionTest
[bdb427fb-b2b6-41a4-a554-6ce691635a39/build]   | [INFO] Running com.thealgorithms.maths.AutomorphicNumberTest
[bdb427fb-b2b6-41a4-a554-6ce691635a39/build]   | [INFO] Tests run: 1, Failures: 0, Errors: 0, Skipped: 0, Time elapsed: 0.001 s - in com.thealgorithms.maths.AutomorphicNumberTest
[bdb427fb-b2b6-41a4-a554-6ce691635a39/build]   | [INFO] Running com.thealgorithms.maths.SquareRootwithBabylonianMethodTest
[bdb427fb-b2b6-41a4-a554-6ce691635a39/build]   | [INFO] Tests run: 4, Failures: 0, Errors: 0, Skipped: 0, Time elapsed: 0.001 s - in com.thealgorithms.maths.SquareRootwithBabylonianMethodTest
[bdb427fb-b2b6-41a4-a554-6ce691635a39/build]   | [INFO] Running com.thealgorithms.maths.PerfectNumberTest
[bdb427fb-b2b6-41a4-a554-6ce691635a39/build]   | [INFO] Tests run: 1, Failures: 0, Errors: 0, Skipped: 0, Time elapsed: 0.151 s - in com.thealgorithms.maths.PerfectNumberTest
[bdb427fb-b2b6-41a4-a554-6ce691635a39/build]   | [INFO] Running com.thealgorithms.maths.GCDTest
[bdb427fb-b2b6-41a4-a554-6ce691635a39/build]   | [INFO] Tests run: 10, Failures: 0, Errors: 0, Skipped: 0, Time elapsed: 0.001 s - in com.thealgorithms.maths.GCDTest
[bdb427fb-b2b6-41a4-a554-6ce691635a39/build]   | [INFO] Running com.thealgorithms.maths.FindMaxTest
[bdb427fb-b2b6-41a4-a554-6ce691635a39/build]   | [INFO] Tests run: 1, Failures: 0, Errors: 0, Skipped: 0, Time elapsed: 0 s - in com.thealgorithms.maths.FindMaxTest
[bdb427fb-b2b6-41a4-a554-6ce691635a39/build]   | [INFO] Running com.thealgorithms.maths.PrimeFactorizationTest
[bdb427fb-b2b6-41a4-a554-6ce691635a39/build]   | [INFO] Tests run: 2, Failures: 0, Errors: 0, Skipped: 0, Time elapsed: 0.001 s - in com.thealgorithms.maths.PrimeFactorizationTest
[bdb427fb-b2b6-41a4-a554-6ce691635a39/build]   | [INFO] Running com.thealgorithms.maths.FrizzyNumberTest
[bdb427fb-b2b6-41a4-a554-6ce691635a39/build]   | [INFO] Tests run: 3, Failures: 0, Errors: 0, Skipped: 0, Time elapsed: 0 s - in com.thealgorithms.maths.FrizzyNumberTest
[bdb427fb-b2b6-41a4-a554-6ce691635a39/build]   | [INFO] Running com.thealgorithms.maths.LeastCommonMultipleTest
[bdb427fb-b2b6-41a4-a554-6ce691635a39/build]   | [INFO] Tests run: 2, Failures: 0, Errors: 0, Skipped: 0, Time elapsed: 0 s - in com.thealgorithms.maths.LeastCommonMultipleTest
[bdb427fb-b2b6-41a4-a554-6ce691635a39/build]   | [INFO] Running com.thealgorithms.maths.PythagoreanTripleTest
[bdb427fb-b2b6-41a4-a554-6ce691635a39/build]   | [INFO] Tests run: 1, Failures: 0, Errors: 0, Skipped: 0, Time elapsed: 0 s - in com.thealgorithms.maths.PythagoreanTripleTest
[bdb427fb-b2b6-41a4-a554-6ce691635a39/build]   | [INFO] Running com.thealgorithms.maths.PerfectSquareTest
[bdb427fb-b2b6-41a4-a554-6ce691635a39/build]   | [INFO] Tests run: 3, Failures: 0, Errors: 0, Skipped: 0, Time elapsed: 0 s - in com.thealgorithms.maths.PerfectSquareTest
[bdb427fb-b2b6-41a4-a554-6ce691635a39/build]   | [INFO] Running com.thealgorithms.maths.PerfectCubeTest
[bdb427fb-b2b6-41a4-a554-6ce691635a39/build]   | [INFO] Tests run: 1, Failures: 0, Errors: 0, Skipped: 0, Time elapsed: 0 s - in com.thealgorithms.maths.PerfectCubeTest
[bdb427fb-b2b6-41a4-a554-6ce691635a39/build]   | [INFO] Running com.thealgorithms.maths.CombinationsTest
[bdb427fb-b2b6-41a4-a554-6ce691635a39/build]   | [INFO] Tests run: 2, Failures: 0, Errors: 0, Skipped: 0, Time elapsed: 0 s - in com.thealgorithms.maths.CombinationsTest
[bdb427fb-b2b6-41a4-a554-6ce691635a39/build]   | [INFO] Running com.thealgorithms.maths.MedianTest
[bdb427fb-b2b6-41a4-a554-6ce691635a39/build]   | [INFO] Tests run: 5, Failures: 0, Errors: 0, Skipped: 0, Time elapsed: 0 s - in com.thealgorithms.maths.MedianTest
[bdb427fb-b2b6-41a4-a554-6ce691635a39/build]   | [INFO] Running com.thealgorithms.maths.AverageTest
[bdb427fb-b2b6-41a4-a554-6ce691635a39/build]   | [INFO] Tests run: 4, Failures: 0, Errors: 0, Skipped: 0, Time elapsed: 0 s - in com.thealgorithms.maths.AverageTest
[bdb427fb-b2b6-41a4-a554-6ce691635a39/build]   | [INFO] Running com.thealgorithms.maths.VolumeTest
[bdb427fb-b2b6-41a4-a554-6ce691635a39/build]   | [INFO] Tests run: 1, Failures: 0, Errors: 0, Skipped: 0, Time elapsed: 0.001 s - in com.thealgorithms.maths.VolumeTest
[bdb427fb-b2b6-41a4-a554-6ce691635a39/build]   | [INFO] Running com.thealgorithms.maths.AbsoluteValueTest
[bdb427fb-b2b6-41a4-a554-6ce691635a39/build]   | [INFO] Tests run: 1, Failures: 0, Errors: 0, Skipped: 0, Time elapsed: 0.001 s - in com.thealgorithms.maths.AbsoluteValueTest
[bdb427fb-b2b6-41a4-a554-6ce691635a39/build]   | [INFO] Running com.thealgorithms.maths.FindMinTest
[bdb427fb-b2b6-41a4-a554-6ce691635a39/build]   | [INFO] Tests run: 3, Failures: 0, Errors: 0, Skipped: 0, Time elapsed: 0.001 s - in com.thealgorithms.maths.FindMinTest
[bdb427fb-b2b6-41a4-a554-6ce691635a39/build]   | [INFO] Running com.thealgorithms.maths.AbsoluteMaxTest
[bdb427fb-b2b6-41a4-a554-6ce691635a39/build]   | [INFO] Tests run: 2, Failures: 0, Errors: 0, Skipped: 0, Time elapsed: 0 s - in com.thealgorithms.maths.AbsoluteMaxTest
[bdb427fb-b2b6-41a4-a554-6ce691635a39/build]   | [INFO] Running com.thealgorithms.maths.PronicNumberTest
[bdb427fb-b2b6-41a4-a554-6ce691635a39/build]   | [INFO] Tests run: 2, Failures: 0, Errors: 0, Skipped: 0, Time elapsed: 0 s - in com.thealgorithms.maths.PronicNumberTest
[bdb427fb-b2b6-41a4-a554-6ce691635a39/build]   | [INFO] Running com.thealgorithms.scheduling.FCFSSchedulingTest
[bdb427fb-b2b6-41a4-a554-6ce691635a39/build]   | [INFO] Tests run: 1, Failures: 0, Errors: 0, Skipped: 0, Time elapsed: 0 s - in com.thealgorithms.scheduling.FCFSSchedulingTest
[bdb427fb-b2b6-41a4-a554-6ce691635a39/build]   | [INFO] Running com.thealgorithms.scheduling.RRSchedulingTest
[bdb427fb-b2b6-41a4-a554-6ce691635a39/build]   | [INFO] Tests run: 1, Failures: 0, Errors: 0, Skipped: 0, Time elapsed: 0 s - in com.thealgorithms.scheduling.RRSchedulingTest
[bdb427fb-b2b6-41a4-a554-6ce691635a39/build]   | [INFO] Running com.thealgorithms.scheduling.SJFSchedulingTest
[bdb427fb-b2b6-41a4-a554-6ce691635a39/build]   | [INFO] Tests run: 7, Failures: 0, Errors: 0, Skipped: 0, Time elapsed: 0 s - in com.thealgorithms.scheduling.SJFSchedulingTest
[bdb427fb-b2b6-41a4-a554-6ce691635a39/build]   | [INFO] Running com.thealgorithms.sorts.MergeSortRecursiveTest
[bdb427fb-b2b6-41a4-a554-6ce691635a39/build]   | [INFO] Tests run: 2, Failures: 0, Errors: 0, Skipped: 0, Time elapsed: 0 s - in com.thealgorithms.sorts.MergeSortRecursiveTest
[bdb427fb-b2b6-41a4-a554-6ce691635a39/build]   | [INFO] Running com.thealgorithms.sorts.SortUtilsRandomGeneratorTest
[bdb427fb-b2b6-41a4-a554-6ce691635a39/build]   | [INFO] Tests run: 2001, Failures: 0, Errors: 0, Skipped: 0, Time elapsed: 0.382 s - in com.thealgorithms.sorts.SortUtilsRandomGeneratorTest
[bdb427fb-b2b6-41a4-a554-6ce691635a39/build]   | [INFO] Running com.thealgorithms.sorts.BucketSortTest
[bdb427fb-b2b6-41a4-a554-6ce691635a39/build]   | [INFO] Tests run: 5, Failures: 0, Errors: 0, Skipped: 0, Time elapsed: 0.001 s - in com.thealgorithms.sorts.BucketSortTest
[bdb427fb-b2b6-41a4-a554-6ce691635a39/build]   | [INFO] Running com.thealgorithms.sorts.ShellSortTest
[bdb427fb-b2b6-41a4-a554-6ce691635a39/build]   | [INFO] Tests run: 7, Failures: 0, Errors: 0, Skipped: 0, Time elapsed: 0 s - in com.thealgorithms.sorts.ShellSortTest
[bdb427fb-b2b6-41a4-a554-6ce691635a39/build]   | [INFO] Running com.thealgorithms.sorts.TimSortTest
[bdb427fb-b2b6-41a4-a554-6ce691635a39/build]   | [INFO] Tests run: 16, Failures: 0, Errors: 0, Skipped: 0, Time elapsed: 0 s - in com.thealgorithms.sorts.TimSortTest
[bdb427fb-b2b6-41a4-a554-6ce691635a39/build]   | [INFO] Running com.thealgorithms.sorts.SortUtilsTest
[bdb427fb-b2b6-41a4-a554-6ce691635a39/build]   | [INFO] Tests run: 6, Failures: 0, Errors: 0, Skipped: 0, Time elapsed: 0 s - in com.thealgorithms.sorts.SortUtilsTest
[bdb427fb-b2b6-41a4-a554-6ce691635a39/build]   | [INFO] Running com.thealgorithms.sorts.CocktailShakerSortTest
[bdb427fb-b2b6-41a4-a554-6ce691635a39/build]   | [INFO] Tests run: 4, Failures: 0, Errors: 0, Skipped: 0, Time elapsed: 0 s - in com.thealgorithms.sorts.CocktailShakerSortTest
[bdb427fb-b2b6-41a4-a554-6ce691635a39/build]   | [INFO] Running com.thealgorithms.sorts.TreeSortTest
[bdb427fb-b2b6-41a4-a554-6ce691635a39/build]   | [INFO] Tests run: 5, Failures: 0, Errors: 0, Skipped: 0, Time elapsed: 0 s - in com.thealgorithms.sorts.TreeSortTest
[bdb427fb-b2b6-41a4-a554-6ce691635a39/build]   | [INFO] Running com.thealgorithms.sorts.InsertionSortTest
[bdb427fb-b2b6-41a4-a554-6ce691635a39/build]   | [INFO] Tests run: 7, Failures: 0, Errors: 0, Skipped: 0, Time elapsed: 0.14 s - in com.thealgorithms.sorts.InsertionSortTest
[bdb427fb-b2b6-41a4-a554-6ce691635a39/build]   | [INFO] Running com.thealgorithms.sorts.TopologicalSortTest
[bdb427fb-b2b6-41a4-a554-6ce691635a39/build]   | [INFO] Tests run: 2, Failures: 0, Errors: 0, Skipped: 0, Time elapsed: 0.003 s - in com.thealgorithms.sorts.TopologicalSortTest
[bdb427fb-b2b6-41a4-a554-6ce691635a39/build]   | [INFO] Running com.thealgorithms.sorts.OddEvenSortTest
[bdb427fb-b2b6-41a4-a554-6ce691635a39/build]   | [INFO] Tests run: 3, Failures: 0, Errors: 0, Skipped: 0, Time elapsed: 0.001 s - in com.thealgorithms.sorts.OddEvenSortTest
[bdb427fb-b2b6-41a4-a554-6ce691635a39/build]   | [INFO] Running com.thealgorithms.sorts.HeapSortTest
[bdb427fb-b2b6-41a4-a554-6ce691635a39/build]   | [INFO] Tests run: 16, Failures: 0, Errors: 0, Skipped: 0, Time elapsed: 0.023 s - in com.thealgorithms.sorts.HeapSortTest
[bdb427fb-b2b6-41a4-a554-6ce691635a39/build]   | [INFO] Running com.thealgorithms.sorts.SelectionSortTest
[bdb427fb-b2b6-41a4-a554-6ce691635a39/build]   | [INFO] Tests run: 3, Failures: 0, Errors: 0, Skipped: 0, Time elapsed: 0 s - in com.thealgorithms.sorts.SelectionSortTest
[bdb427fb-b2b6-41a4-a554-6ce691635a39/build]   | [INFO] Running com.thealgorithms.sorts.BubbleSortTest
[bdb427fb-b2b6-41a4-a554-6ce691635a39/build]   | [INFO] Tests run: 5, Failures: 0, Errors: 0, Skipped: 0, Time elapsed: 0.002 s - in com.thealgorithms.sorts.BubbleSortTest
[bdb427fb-b2b6-41a4-a554-6ce691635a39/build]   | [INFO] Running com.thealgorithms.sorts.BogoSortTest
[bdb427fb-b2b6-41a4-a554-6ce691635a39/build]   | [INFO] Tests run: 7, Failures: 0, Errors: 0, Skipped: 0, Time elapsed: 0.016 s - in com.thealgorithms.sorts.BogoSortTest
[bdb427fb-b2b6-41a4-a554-6ce691635a39/build]   | [INFO] Running com.thealgorithms.sorts.CombSortTest
[bdb427fb-b2b6-41a4-a554-6ce691635a39/build]   | [INFO] Tests run: 5, Failures: 0, Errors: 0, Skipped: 0, Time elapsed: 0.002 s - in com.thealgorithms.sorts.CombSortTest
[bdb427fb-b2b6-41a4-a554-6ce691635a39/build]   | [INFO] Running com.thealgorithms.sorts.BinaryInsertionSortTest
[bdb427fb-b2b6-41a4-a554-6ce691635a39/build]   | [INFO] Tests run: 2, Failures: 0, Errors: 0, Skipped: 0, Time elapsed: 0.001 s - in com.thealgorithms.sorts.BinaryInsertionSortTest
[bdb427fb-b2b6-41a4-a554-6ce691635a39/build]   | [INFO] Running com.thealgorithms.sorts.WiggleSortTest
[bdb427fb-b2b6-41a4-a554-6ce691635a39/build]   | [2, 5, 1, 2, 1, 2]
[bdb427fb-b2b6-41a4-a554-6ce691635a39/build]   | [INFO] Tests run: 7, Failures: 0, Errors: 0, Skipped: 0, Time elapsed: 0.003 s - in com.thealgorithms.sorts.WiggleSortTest
[bdb427fb-b2b6-41a4-a554-6ce691635a39/build]   | [INFO] Running com.thealgorithms.sorts.QuickSortTest
[bdb427fb-b2b6-41a4-a554-6ce691635a39/build]   | [INFO] Tests run: 16, Failures: 0, Errors: 0, Skipped: 0, Time elapsed: 0.019 s - in com.thealgorithms.sorts.QuickSortTest
[bdb427fb-b2b6-41a4-a554-6ce691635a39/build]   | [INFO] Running com.thealgorithms.sorts.MergeSortTest
[bdb427fb-b2b6-41a4-a554-6ce691635a39/build]   | [INFO] Tests run: 16, Failures: 0, Errors: 0, Skipped: 0, Time elapsed: 0.043 s - in com.thealgorithms.sorts.MergeSortTest
[bdb427fb-b2b6-41a4-a554-6ce691635a39/build]   | [INFO] Running com.thealgorithms.sorts.DutchNationalFlagSortTest
[bdb427fb-b2b6-41a4-a554-6ce691635a39/build]   | [INFO] Tests run: 8, Failures: 0, Errors: 0, Skipped: 0, Time elapsed: 0.001 s - in com.thealgorithms.sorts.DutchNationalFlagSortTest
[bdb427fb-b2b6-41a4-a554-6ce691635a39/build]   | [INFO] Running com.thealgorithms.sorts.BeadSortTest
[bdb427fb-b2b6-41a4-a554-6ce691635a39/build]   | [INFO] Tests run: 4, Failures: 0, Errors: 0, Skipped: 0, Time elapsed: 0 s - in com.thealgorithms.sorts.BeadSortTest
[bdb427fb-b2b6-41a4-a554-6ce691635a39/build]   | [INFO] Running com.thealgorithms.sorts.StrandSortTest
[bdb427fb-b2b6-41a4-a554-6ce691635a39/build]   | [INFO] Tests run: 2, Failures: 0, Errors: 0, Skipped: 0, Time elapsed: 0.001 s - in com.thealgorithms.sorts.StrandSortTest
[bdb427fb-b2b6-41a4-a554-6ce691635a39/build]   | [INFO] Running com.thealgorithms.sorts.IntrospectiveSortTest
[bdb427fb-b2b6-41a4-a554-6ce691635a39/build]   | [INFO] Tests run: 7, Failures: 0, Errors: 0, Skipped: 0, Time elapsed: 0.002 s - in com.thealgorithms.sorts.IntrospectiveSortTest
[bdb427fb-b2b6-41a4-a554-6ce691635a39/build]   | [INFO] Running com.thealgorithms.sorts.SimpleSortTest
[bdb427fb-b2b6-41a4-a554-6ce691635a39/build]   | [INFO] Tests run: 7, Failures: 0, Errors: 0, Skipped: 0, Time elapsed: 0.001 s - in com.thealgorithms.sorts.SimpleSortTest
[bdb427fb-b2b6-41a4-a554-6ce691635a39/build]   | [INFO] Running com.thealgorithms.sorts.DualPivotQuickSortTest
[bdb427fb-b2b6-41a4-a554-6ce691635a39/build]   | [INFO] Tests run: 6, Failures: 0, Errors: 0, Skipped: 0, Time elapsed: 0.001 s - in com.thealgorithms.sorts.DualPivotQuickSortTest
[bdb427fb-b2b6-41a4-a554-6ce691635a39/build]   | [INFO] Running com.thealgorithms.sorts.SlowSortTest
[bdb427fb-b2b6-41a4-a554-6ce691635a39/build]   | [INFO] Tests run: 8, Failures: 0, Errors: 0, Skipped: 0, Time elapsed: 0.002 s - in com.thealgorithms.sorts.SlowSortTest
[bdb427fb-b2b6-41a4-a554-6ce691635a39/build]   | [INFO] Running com.thealgorithms.divideandconquer.StrassenMatrixMultiplicationTest
[bdb427fb-b2b6-41a4-a554-6ce691635a39/build]   | [INFO] Tests run: 3, Failures: 0, Errors: 0, Skipped: 0, Time elapsed: 0.001 s - in com.thealgorithms.divideandconquer.StrassenMatrixMultiplicationTest
[bdb427fb-b2b6-41a4-a554-6ce691635a39/build]   | [INFO] Running com.thealgorithms.divideandconquer.BinaryExponentiationTest
[bdb427fb-b2b6-41a4-a554-6ce691635a39/build]   | [INFO] Tests run: 2, Failures: 0, Errors: 0, Skipped: 0, Time elapsed: 0 s - in com.thealgorithms.divideandconquer.BinaryExponentiationTest
[bdb427fb-b2b6-41a4-a554-6ce691635a39/build]   | [INFO] Running com.thealgorithms.strings.HammingDistanceTest
[bdb427fb-b2b6-41a4-a554-6ce691635a39/build]   | [INFO] Tests run: 2, Failures: 0, Errors: 0, Skipped: 0, Time elapsed: 0.001 s - in com.thealgorithms.strings.HammingDistanceTest
[bdb427fb-b2b6-41a4-a554-6ce691635a39/build]   | [INFO] Running com.thealgorithms.strings.WordLadderTest
[bdb427fb-b2b6-41a4-a554-6ce691635a39/build]   | [INFO] Tests run: 1, Failures: 0, Errors: 0, Skipped: 0, Time elapsed: 0.001 s - in com.thealgorithms.strings.WordLadderTest
[bdb427fb-b2b6-41a4-a554-6ce691635a39/build]   | [INFO] Running com.thealgorithms.strings.StringCompressionTest
[bdb427fb-b2b6-41a4-a554-6ce691635a39/build]   | [INFO] Tests run: 4, Failures: 0, Errors: 0, Skipped: 0, Time elapsed: 0.068 s - in com.thealgorithms.strings.StringCompressionTest
[bdb427fb-b2b6-41a4-a554-6ce691635a39/build]   | [INFO] Running com.thealgorithms.strings.CharacterSameTest
[bdb427fb-b2b6-41a4-a554-6ce691635a39/build]   | [INFO] Tests run: 1, Failures: 0, Errors: 0, Skipped: 0, Time elapsed: 0.001 s - in com.thealgorithms.strings.CharacterSameTest
[bdb427fb-b2b6-41a4-a554-6ce691635a39/build]   | [INFO] Running com.thealgorithms.strings.longestNonRepeativeSubstringTest
[bdb427fb-b2b6-41a4-a554-6ce691635a39/build]   | [INFO] Tests run: 1, Failures: 0, Errors: 0, Skipped: 0, Time elapsed: 0.001 s - in com.thealgorithms.strings.longestNonRepeativeSubstringTest
[bdb427fb-b2b6-41a4-a554-6ce691635a39/build]   | [INFO] Running com.thealgorithms.strings.RotationTest
[bdb427fb-b2b6-41a4-a554-6ce691635a39/build]   | [INFO] Tests run: 1, Failures: 0, Errors: 0, Skipped: 0, Time elapsed: 0 s - in com.thealgorithms.strings.RotationTest
[bdb427fb-b2b6-41a4-a554-6ce691635a39/build]   | [INFO] Running com.thealgorithms.strings.AnagramsTest
[bdb427fb-b2b6-41a4-a554-6ce691635a39/build]   | [INFO] Tests run: 1, Failures: 0, Errors: 0, Skipped: 0, Time elapsed: 0.001 s - in com.thealgorithms.strings.AnagramsTest
[bdb427fb-b2b6-41a4-a554-6ce691635a39/build]   | [INFO] Running com.thealgorithms.strings.MyAtoiTest
[bdb427fb-b2b6-41a4-a554-6ce691635a39/build]   | [INFO] Tests run: 7, Failures: 0, Errors: 0, Skipped: 0, Time elapsed: 0.001 s - in com.thealgorithms.strings.MyAtoiTest
[bdb427fb-b2b6-41a4-a554-6ce691635a39/build]   | [INFO] Running com.thealgorithms.strings.AlphabeticalTest
[bdb427fb-b2b6-41a4-a554-6ce691635a39/build]   | [INFO] Tests run: 1, Failures: 0, Errors: 0, Skipped: 0, Time elapsed: 0.001 s - in com.thealgorithms.strings.AlphabeticalTest
[bdb427fb-b2b6-41a4-a554-6ce691635a39/build]   | [INFO] Running com.thealgorithms.strings.LowerTest
[bdb427fb-b2b6-41a4-a554-6ce691635a39/build]   | [INFO] Tests run: 1, Failures: 0, Errors: 0, Skipped: 0, Time elapsed: 0 s - in com.thealgorithms.strings.LowerTest
[bdb427fb-b2b6-41a4-a554-6ce691635a39/build]   | [INFO] Running com.thealgorithms.strings.CheckAnagramsTest
[bdb427fb-b2b6-41a4-a554-6ce691635a39/build]   | [INFO] Tests run: 4, Failures: 0, Errors: 0, Skipped: 0, Time elapsed: 0 s - in com.thealgorithms.strings.CheckAnagramsTest
[bdb427fb-b2b6-41a4-a554-6ce691635a39/build]   | [INFO] Running com.thealgorithms.strings.ReverseStringRecursiveTest
[bdb427fb-b2b6-41a4-a554-6ce691635a39/build]   | [INFO] Tests run: 3, Failures: 0, Errors: 0, Skipped: 0, Time elapsed: 0.001 s - in com.thealgorithms.strings.ReverseStringRecursiveTest
[bdb427fb-b2b6-41a4-a554-6ce691635a39/build]   | [INFO] Running com.thealgorithms.strings.UpperTest
[bdb427fb-b2b6-41a4-a554-6ce691635a39/build]   | [INFO] Tests run: 1, Failures: 0, Errors: 0, Skipped: 0, Time elapsed: 0 s - in com.thealgorithms.strings.UpperTest
[bdb427fb-b2b6-41a4-a554-6ce691635a39/build]   | [INFO] Running com.thealgorithms.strings.LetterCombinationsOfPhoneNumberTest
[bdb427fb-b2b6-41a4-a554-6ce691635a39/build]   | [INFO] Tests run: 1, Failures: 0, Errors: 0, Skipped: 0, Time elapsed: 0 s - in com.thealgorithms.strings.LetterCombinationsOfPhoneNumberTest
[bdb427fb-b2b6-41a4-a554-6ce691635a39/build]   | [INFO] Running com.thealgorithms.strings.zigZagPattern.zigZagPatternTest
[bdb427fb-b2b6-41a4-a554-6ce691635a39/build]   | [INFO] Tests run: 1, Failures: 0, Errors: 0, Skipped: 0, Time elapsed: 0 s - in com.thealgorithms.strings.zigZagPattern.zigZagPatternTest
[bdb427fb-b2b6-41a4-a554-6ce691635a39/build]   | [INFO] Running com.thealgorithms.strings.ReverseStringTest
[bdb427fb-b2b6-41a4-a554-6ce691635a39/build]   | [INFO] Tests run: 1, Failures: 0, Errors: 0, Skipped: 0, Time elapsed: 0.001 s - in com.thealgorithms.strings.ReverseStringTest
[bdb427fb-b2b6-41a4-a554-6ce691635a39/build]   | [INFO] Running com.thealgorithms.strings.PalindromeTest
[bdb427fb-b2b6-41a4-a554-6ce691635a39/build]   | [INFO] Tests run: 1, Failures: 0, Errors: 0, Skipped: 0, Time elapsed: 0 s - in com.thealgorithms.strings.PalindromeTest
[bdb427fb-b2b6-41a4-a554-6ce691635a39/build]   | [INFO] Running com.thealgorithms.strings.PangramTest
[bdb427fb-b2b6-41a4-a554-6ce691635a39/build]   | [INFO] Tests run: 1, Failures: 0, Errors: 0, Skipped: 0, Time elapsed: 0 s - in com.thealgorithms.strings.PangramTest
[bdb427fb-b2b6-41a4-a554-6ce691635a39/build]   | [INFO] Running com.thealgorithms.strings.CheckVowelsTest
[bdb427fb-b2b6-41a4-a554-6ce691635a39/build]   | [INFO] Tests run: 1, Failures: 0, Errors: 0, Skipped: 0, Time elapsed: 0 s - in com.thealgorithms.strings.CheckVowelsTest
[bdb427fb-b2b6-41a4-a554-6ce691635a39/build]   | [INFO] Running com.thealgorithms.strings.ValidParenthesesTest
[bdb427fb-b2b6-41a4-a554-6ce691635a39/build]   | [INFO] Tests run: 3, Failures: 0, Errors: 0, Skipped: 0, Time elapsed: 0 s - in com.thealgorithms.strings.ValidParenthesesTest
[bdb427fb-b2b6-41a4-a554-6ce691635a39/build]   | [INFO] Running com.thealgorithms.strings.HorspoolSearchTest
[bdb427fb-b2b6-41a4-a554-6ce691635a39/build]   | [INFO] Tests run: 13, Failures: 0, Errors: 0, Skipped: 0, Time elapsed: 0.002 s - in com.thealgorithms.strings.HorspoolSearchTest
[bdb427fb-b2b6-41a4-a554-6ce691635a39/build]   | [INFO] Running com.thealgorithms.dynamicprogramming.PartitionProblemTest
[bdb427fb-b2b6-41a4-a554-6ce691635a39/build]   | [INFO] Tests run: 4, Failures: 0, Errors: 0, Skipped: 0, Time elapsed: 0.001 s - in com.thealgorithms.dynamicprogramming.PartitionProblemTest
[bdb427fb-b2b6-41a4-a554-6ce691635a39/build]   | [INFO] Running com.thealgorithms.dynamicprogramming.OptimalJobSchedulingTest
[bdb427fb-b2b6-41a4-a554-6ce691635a39/build]   | 5 1 3 2 
[bdb427fb-b2b6-41a4-a554-6ce691635a39/build]   | 6 3 4 5 
[bdb427fb-b2b6-41a4-a554-6ce691635a39/build]   | 5 8 6 6 
[bdb427fb-b2b6-41a4-a554-6ce691635a39/build]   | 7 9 10 8 
[bdb427fb-b2b6-41a4-a554-6ce691635a39/build]   | 8 9 12 9 
[bdb427fb-b2b6-41a4-a554-6ce691635a39/build]   | 
[bdb427fb-b2b6-41a4-a554-6ce691635a39/build]   | 5 1 3 
[bdb427fb-b2b6-41a4-a554-6ce691635a39/build]   | 6 3 4 
[bdb427fb-b2b6-41a4-a554-6ce691635a39/build]   | 5 8 6 
[bdb427fb-b2b6-41a4-a554-6ce691635a39/build]   | 
[bdb427fb-b2b6-41a4-a554-6ce691635a39/build]   | 5 1 3 2 
[bdb427fb-b2b6-41a4-a554-6ce691635a39/build]   | 6 3 4 3 
[bdb427fb-b2b6-41a4-a554-6ce691635a39/build]   | 5 8 6 9 
[bdb427fb-b2b6-41a4-a554-6ce691635a39/build]   | 6 7 8 9 
[bdb427fb-b2b6-41a4-a554-6ce691635a39/build]   | 8 8 12 13 
[bdb427fb-b2b6-41a4-a554-6ce691635a39/build]   | 11 10 12 12 
[bdb427fb-b2b6-41a4-a554-6ce691635a39/build]   | 
[bdb427fb-b2b6-41a4-a554-6ce691635a39/build]   | [INFO] Tests run: 3, Failures: 0, Errors: 0, Skipped: 0, Time elapsed: 0.003 s - in com.thealgorithms.dynamicprogramming.OptimalJobSchedulingTest
[bdb427fb-b2b6-41a4-a554-6ce691635a39/build]   | [INFO] Running com.thealgorithms.dynamicprogramming.LevenshteinDistanceTests
[bdb427fb-b2b6-41a4-a554-6ce691635a39/build]   | [INFO] Tests run: 4, Failures: 0, Errors: 0, Skipped: 0, Time elapsed: 0.005 s - in com.thealgorithms.dynamicprogramming.LevenshteinDistanceTests
[bdb427fb-b2b6-41a4-a554-6ce691635a39/build]   | [INFO] Running com.thealgorithms.dynamicprogramming.SubsetCountTest
[bdb427fb-b2b6-41a4-a554-6ce691635a39/build]   | [INFO] Tests run: 4, Failures: 0, Errors: 0, Skipped: 0, Time elapsed: 0 s - in com.thealgorithms.dynamicprogramming.SubsetCountTest
[bdb427fb-b2b6-41a4-a554-6ce691635a39/build]   | [INFO] Running com.thealgorithms.dynamicprogramming.climbStairsTest
[bdb427fb-b2b6-41a4-a554-6ce691635a39/build]   | [INFO] Tests run: 5, Failures: 0, Errors: 0, Skipped: 0, Time elapsed: 0 s - in com.thealgorithms.dynamicprogramming.climbStairsTest
[bdb427fb-b2b6-41a4-a554-6ce691635a39/build]   | [INFO] Running com.thealgorithms.dynamicprogramming.KnapsackMemoizationTest
[bdb427fb-b2b6-41a4-a554-6ce691635a39/build]   | [INFO] Tests run: 3, Failures: 0, Errors: 0, Skipped: 0, Time elapsed: 0.001 s - in com.thealgorithms.dynamicprogramming.KnapsackMemoizationTest
[bdb427fb-b2b6-41a4-a554-6ce691635a39/build]   | [INFO] Running com.thealgorithms.dynamicprogramming.EggDroppingTest
[bdb427fb-b2b6-41a4-a554-6ce691635a39/build]   | [INFO] Tests run: 4, Failures: 0, Errors: 0, Skipped: 0, Time elapsed: 0.016 s - in com.thealgorithms.dynamicprogramming.EggDroppingTest
[bdb427fb-b2b6-41a4-a554-6ce691635a39/build]   | [INFO] Running com.thealgorithms.dynamicprogramming.CatalanNumberTest
[bdb427fb-b2b6-41a4-a554-6ce691635a39/build]   | [INFO] Tests run: 1, Failures: 0, Errors: 0, Skipped: 0, Time elapsed: 0 s - in com.thealgorithms.dynamicprogramming.CatalanNumberTest
[bdb427fb-b2b6-41a4-a554-6ce691635a39/build]   | [INFO] Running com.thealgorithms.datastructures.buffers.CircularBufferTest
[bdb427fb-b2b6-41a4-a554-6ce691635a39/build]   | [INFO] Tests run: 1004, Failures: 0, Errors: 0, Skipped: 0, Time elapsed: 1.172 s - in com.thealgorithms.datastructures.buffers.CircularBufferTest
[bdb427fb-b2b6-41a4-a554-6ce691635a39/build]   | [INFO] Running com.thealgorithms.datastructures.lists.SinglyLinkedListTest
[bdb427fb-b2b6-41a4-a554-6ce691635a39/build]   | [INFO] Tests run: 9, Failures: 0, Errors: 0, Skipped: 0, Time elapsed: 0 s - in com.thealgorithms.datastructures.lists.SinglyLinkedListTest
[bdb427fb-b2b6-41a4-a554-6ce691635a39/build]   | [INFO] Running com.thealgorithms.datastructures.lists.SkipListTest
[bdb427fb-b2b6-41a4-a554-6ce691635a39/build]   | [ ] --- --- --- --- 
[bdb427fb-b2b6-41a4-a554-6ce691635a39/build]   | [ ] --- --- --- --- 
[bdb427fb-b2b6-41a4-a554-6ce691635a39/build]   | [ ] --- --- --- --- 
[bdb427fb-b2b6-41a4-a554-6ce691635a39/build]   | [ ] --- --- --- --- 
[bdb427fb-b2b6-41a4-a554-6ce691635a39/build]   | [ ] --- --- --- --- 
[bdb427fb-b2b6-41a4-a554-6ce691635a39/build]   | [ ] --- --- --- --- 
[bdb427fb-b2b6-41a4-a554-6ce691635a39/build]   | [ ] --- [ ] --- --- 
[bdb427fb-b2b6-41a4-a554-6ce691635a39/build]   | [ ] [ ] [ ] [ ] [ ] 
[bdb427fb-b2b6-41a4-a554-6ce691635a39/build]   |  H   0   1   2   3
[bdb427fb-b2b6-41a4-a554-6ce691635a39/build]   | 
[bdb427fb-b2b6-41a4-a554-6ce691635a39/build]   | [ ] --- --- --- --- --- --- --- --- --- --- --- 
[bdb427fb-b2b6-41a4-a554-6ce691635a39/build]   | [ ] --- --- --- --- --- --- --- --- --- --- --- 
[bdb427fb-b2b6-41a4-a554-6ce691635a39/build]   | [ ] --- --- --- --- --- --- --- --- [ ] --- --- 
[bdb427fb-b2b6-41a4-a554-6ce691635a39/build]   | [ ] [ ] --- --- --- --- --- --- --- [ ] --- --- 
[bdb427fb-b2b6-41a4-a554-6ce691635a39/build]   | [ ] [ ] --- --- --- --- --- --- --- [ ] --- --- 
[bdb427fb-b2b6-41a4-a554-6ce691635a39/build]   | [ ] [ ] --- --- --- --- --- --- --- [ ] [ ] --- 
[bdb427fb-b2b6-41a4-a554-6ce691635a39/build]   | [ ] [ ] --- --- --- --- --- --- [ ] [ ] [ ] [ ] 
[bdb427fb-b2b6-41a4-a554-6ce691635a39/build]   | [ ] [ ] [ ] [ ] [ ] [ ] [ ] [ ] [ ] [ ] [ ] [ ] 
[bdb427fb-b2b6-41a4-a554-6ce691635a39/build]   |  H   0   1   2   3   4   5   6   7   8   9  10
[bdb427fb-b2b6-41a4-a554-6ce691635a39/build]   | 
[bdb427fb-b2b6-41a4-a554-6ce691635a39/build]   | [ ] --- 
[bdb427fb-b2b6-41a4-a554-6ce691635a39/build]   | [ ] --- 
[bdb427fb-b2b6-41a4-a554-6ce691635a39/build]   | [ ] --- 
[bdb427fb-b2b6-41a4-a554-6ce691635a39/build]   | [ ] --- 
[bdb427fb-b2b6-41a4-a554-6ce691635a39/build]   | [ ] --- 
[bdb427fb-b2b6-41a4-a554-6ce691635a39/build]   | [ ] --- 
[bdb427fb-b2b6-41a4-a554-6ce691635a39/build]   | [ ] [ ] 
[bdb427fb-b2b6-41a4-a554-6ce691635a39/build]   | [ ] [ ] 
[bdb427fb-b2b6-41a4-a554-6ce691635a39/build]   |  H   0
[bdb427fb-b2b6-41a4-a554-6ce691635a39/build]   | 
[bdb427fb-b2b6-41a4-a554-6ce691635a39/build]   | [ ] --- 
[bdb427fb-b2b6-41a4-a554-6ce691635a39/build]   | [ ] --- 
[bdb427fb-b2b6-41a4-a554-6ce691635a39/build]   | [ ] --- 
[bdb427fb-b2b6-41a4-a554-6ce691635a39/build]   | [ ] --- 
[bdb427fb-b2b6-41a4-a554-6ce691635a39/build]   | [ ] --- 
[bdb427fb-b2b6-41a4-a554-6ce691635a39/build]   | [ ] --- 
[bdb427fb-b2b6-41a4-a554-6ce691635a39/build]   | [ ] --- 
[bdb427fb-b2b6-41a4-a554-6ce691635a39/build]   | [ ] [ ] 
[bdb427fb-b2b6-41a4-a554-6ce691635a39/build]   |  H   0
[bdb427fb-b2b6-41a4-a554-6ce691635a39/build]   | 
[bdb427fb-b2b6-41a4-a554-6ce691635a39/build]   | [ ] --- --- --- --- --- --- --- --- --- --- --- 
[bdb427fb-b2b6-41a4-a554-6ce691635a39/build]   | [ ] --- --- --- --- --- --- --- --- --- --- --- 
[bdb427fb-b2b6-41a4-a554-6ce691635a39/build]   | [ ] --- --- --- --- --- --- --- --- --- --- --- 
[bdb427fb-b2b6-41a4-a554-6ce691635a39/build]   | [ ] --- --- --- --- --- --- --- --- --- --- --- 
[bdb427fb-b2b6-41a4-a554-6ce691635a39/build]   | [ ] --- --- --- --- --- --- --- --- --- --- --- 
[bdb427fb-b2b6-41a4-a554-6ce691635a39/build]   | [ ] [ ] --- --- --- [ ] --- --- --- [ ] --- --- 
[bdb427fb-b2b6-41a4-a554-6ce691635a39/build]   | [ ] [ ] [ ] [ ] [ ] [ ] --- --- [ ] [ ] [ ] --- 
[bdb427fb-b2b6-41a4-a554-6ce691635a39/build]   | [ ] [ ] [ ] [ ] [ ] [ ] [ ] [ ] [ ] [ ] [ ] [ ] 
[bdb427fb-b2b6-41a4-a554-6ce691635a39/build]   |  H   0   1   2   3   4   5   6   7   8   9  10
[bdb427fb-b2b6-41a4-a554-6ce691635a39/build]   | 
[bdb427fb-b2b6-41a4-a554-6ce691635a39/build]   | [ ] --- --- --- --- --- --- --- --- --- --- 
[bdb427fb-b2b6-41a4-a554-6ce691635a39/build]   | [ ] --- --- --- --- --- --- --- --- --- --- 
[bdb427fb-b2b6-41a4-a554-6ce691635a39/build]   | [ ] --- --- --- --- --- --- --- --- --- --- 
[bdb427fb-b2b6-41a4-a554-6ce691635a39/build]   | [ ] --- --- --- --- --- --- --- --- --- --- 
[bdb427fb-b2b6-41a4-a554-6ce691635a39/build]   | [ ] --- --- --- --- --- --- --- --- --- --- 
[bdb427fb-b2b6-41a4-a554-6ce691635a39/build]   | [ ] --- --- --- [ ] --- --- --- [ ] --- --- 
[bdb427fb-b2b6-41a4-a554-6ce691635a39/build]   | [ ] [ ] [ ] [ ] [ ] --- --- [ ] [ ] [ ] --- 
[bdb427fb-b2b6-41a4-a554-6ce691635a39/build]   | [ ] [ ] [ ] [ ] [ ] [ ] [ ] [ ] [ ] [ ] [ ] 
[bdb427fb-b2b6-41a4-a554-6ce691635a39/build]   |  H   0   1   2   3   4   5   6   7   8   9
[bdb427fb-b2b6-41a4-a554-6ce691635a39/build]   | 
[bdb427fb-b2b6-41a4-a554-6ce691635a39/build]   | [ ] --- --- --- --- --- --- --- --- --- --- --- 
[bdb427fb-b2b6-41a4-a554-6ce691635a39/build]   | [ ] --- --- --- --- --- --- --- --- --- --- --- 
[bdb427fb-b2b6-41a4-a554-6ce691635a39/build]   | [ ] --- --- --- --- --- --- --- --- --- --- --- 
[bdb427fb-b2b6-41a4-a554-6ce691635a39/build]   | [ ] --- --- --- --- --- --- --- --- --- --- --- 
[bdb427fb-b2b6-41a4-a554-6ce691635a39/build]   | [ ] --- --- [ ] --- --- --- [ ] --- --- --- --- 
[bdb427fb-b2b6-41a4-a554-6ce691635a39/build]   | [ ] --- --- [ ] --- --- --- [ ] --- [ ] --- --- 
[bdb427fb-b2b6-41a4-a554-6ce691635a39/build]   | [ ] [ ] --- [ ] [ ] --- --- [ ] --- [ ] [ ] --- 
[bdb427fb-b2b6-41a4-a554-6ce691635a39/build]   | [ ] [ ] [ ] [ ] [ ] [ ] [ ] [ ] [ ] [ ] [ ] [ ] 
[bdb427fb-b2b6-41a4-a554-6ce691635a39/build]   |  H   0   1   2   3   4   5   6   7   8   9  10
[bdb427fb-b2b6-41a4-a554-6ce691635a39/build]   | 
[bdb427fb-b2b6-41a4-a554-6ce691635a39/build]   | [ ] --- --- --- --- --- --- --- --- --- --- 
[bdb427fb-b2b6-41a4-a554-6ce691635a39/build]   | [ ] --- --- --- --- --- --- --- --- --- --- 
[bdb427fb-b2b6-41a4-a554-6ce691635a39/build]   | [ ] --- --- --- --- --- --- --- --- --- --- 
[bdb427fb-b2b6-41a4-a554-6ce691635a39/build]   | [ ] --- --- --- --- --- --- --- --- --- --- 
[bdb427fb-b2b6-41a4-a554-6ce691635a39/build]   | [ ] --- --- [ ] --- --- --- [ ] --- --- --- 
[bdb427fb-b2b6-41a4-a554-6ce691635a39/build]   | [ ] --- --- [ ] --- --- --- [ ] --- [ ] --- 
[bdb427fb-b2b6-41a4-a554-6ce691635a39/build]   | [ ] [ ] --- [ ] [ ] --- --- [ ] --- [ ] [ ] 
[bdb427fb-b2b6-41a4-a554-6ce691635a39/build]   | [ ] [ ] [ ] [ ] [ ] [ ] [ ] [ ] [ ] [ ] [ ] 
[bdb427fb-b2b6-41a4-a554-6ce691635a39/build]   |  H   0   1   2   3   4   5   6   7   8   9
[bdb427fb-b2b6-41a4-a554-6ce691635a39/build]   | 
[bdb427fb-b2b6-41a4-a554-6ce691635a39/build]   | [INFO] Tests run: 6, Failures: 0, Errors: 0, Skipped: 0, Time elapsed: 0.007 s - in com.thealgorithms.datastructures.lists.SkipListTest
[bdb427fb-b2b6-41a4-a554-6ce691635a39/build]   | [INFO] Running com.thealgorithms.datastructures.bloomfilter.BloomFilterTest
[bdb427fb-b2b6-41a4-a554-6ce691635a39/build]   | [INFO] Tests run: 2, Failures: 0, Errors: 0, Skipped: 0, Time elapsed: 0.001 s - in com.thealgorithms.datastructures.bloomfilter.BloomFilterTest
[bdb427fb-b2b6-41a4-a554-6ce691635a39/build]   | [INFO] Running com.thealgorithms.datastructures.queues.PriorityQueuesTest
[bdb427fb-b2b6-41a4-a554-6ce691635a39/build]   | [INFO] Tests run: 3, Failures: 0, Errors: 0, Skipped: 0, Time elapsed: 0.001 s - in com.thealgorithms.datastructures.queues.PriorityQueuesTest
[bdb427fb-b2b6-41a4-a554-6ce691635a39/build]   | [INFO] Running com.thealgorithms.datastructures.queues.LinkedQueueTest
[bdb427fb-b2b6-41a4-a554-6ce691635a39/build]   | [INFO] Tests run: 1, Failures: 0, Errors: 0, Skipped: 0, Time elapsed: 0.001 s - in com.thealgorithms.datastructures.queues.LinkedQueueTest
[bdb427fb-b2b6-41a4-a554-6ce691635a39/build]   | [INFO] Running com.thealgorithms.datastructures.heaps.LeftistHeapTest
[bdb427fb-b2b6-41a4-a554-6ce691635a39/build]   | [INFO] Tests run: 1, Failures: 0, Errors: 0, Skipped: 0, Time elapsed: 0 s - in com.thealgorithms.datastructures.heaps.LeftistHeapTest
[bdb427fb-b2b6-41a4-a554-6ce691635a39/build]   | [INFO] Running com.thealgorithms.datastructures.heaps.FibonacciHeapTest
[bdb427fb-b2b6-41a4-a554-6ce691635a39/build]   | [INFO] Tests run: 1, Failures: 0, Errors: 0, Skipped: 0, Time elapsed: 0.001 s - in com.thealgorithms.datastructures.heaps.FibonacciHeapTest
[bdb427fb-b2b6-41a4-a554-6ce691635a39/build]   | [INFO] Running com.thealgorithms.datastructures.graphs.TarjansAlgorithmTest
[bdb427fb-b2b6-41a4-a554-6ce691635a39/build]   | [INFO] Tests run: 2, Failures: 0, Errors: 0, Skipped: 0, Time elapsed: 0.001 s - in com.thealgorithms.datastructures.graphs.TarjansAlgorithmTest
[bdb427fb-b2b6-41a4-a554-6ce691635a39/build]   | [INFO] Running com.thealgorithms.datastructures.graphs.KosarajuTest
[bdb427fb-b2b6-41a4-a554-6ce691635a39/build]   | [INFO] Tests run: 2, Failures: 0, Errors: 0, Skipped: 0, Time elapsed: 0.001 s - in com.thealgorithms.datastructures.graphs.KosarajuTest
[bdb427fb-b2b6-41a4-a554-6ce691635a39/build]   | [INFO] Running com.thealgorithms.datastructures.graphs.HamiltonianCycleTest
[bdb427fb-b2b6-41a4-a554-6ce691635a39/build]   | [INFO] Tests run: 2, Failures: 0, Errors: 0, Skipped: 0, Time elapsed: 0.001 s - in com.thealgorithms.datastructures.graphs.HamiltonianCycleTest
[bdb427fb-b2b6-41a4-a554-6ce691635a39/build]   | [INFO] Running com.thealgorithms.datastructures.caches.LFUCacheTest
[bdb427fb-b2b6-41a4-a554-6ce691635a39/build]   | [INFO] Tests run: 3, Failures: 0, Errors: 0, Skipped: 0, Time elapsed: 0.001 s - in com.thealgorithms.datastructures.caches.LFUCacheTest
[bdb427fb-b2b6-41a4-a554-6ce691635a39/build]   | [INFO] Running com.thealgorithms.datastructures.caches.LRUCacheTest
[bdb427fb-b2b6-41a4-a554-6ce691635a39/build]   | [INFO] Tests run: 4, Failures: 0, Errors: 0, Skipped: 0, Time elapsed: 0.002 s - in com.thealgorithms.datastructures.caches.LRUCacheTest
[bdb427fb-b2b6-41a4-a554-6ce691635a39/build]   | [INFO] Running com.thealgorithms.datastructures.caches.MRUCacheTest
[bdb427fb-b2b6-41a4-a554-6ce691635a39/build]   | [INFO] Tests run: 4, Failures: 0, Errors: 0, Skipped: 0, Time elapsed: 0.002 s - in com.thealgorithms.datastructures.caches.MRUCacheTest
[bdb427fb-b2b6-41a4-a554-6ce691635a39/build]   | [INFO] Running com.thealgorithms.datastructures.hashmap.HashMapCuckooHashingTest
[bdb427fb-b2b6-41a4-a554-6ce691635a39/build]   | Infinite loop occurred, lengthening & rehashing table
[bdb427fb-b2b6-41a4-a554-6ce691635a39/build]   | Infinite loop occurred, lengthening & rehashing table
[bdb427fb-b2b6-41a4-a554-6ce691635a39/build]   | [INFO] Tests run: 8, Failures: 0, Errors: 0, Skipped: 0, Time elapsed: 0 s - in com.thealgorithms.datastructures.hashmap.HashMapCuckooHashingTest
[bdb427fb-b2b6-41a4-a554-6ce691635a39/build]   | [INFO] Running com.thealgorithms.datastructures.hashmap.hashing.GenericHashMapUsingArrayListTest
[bdb427fb-b2b6-41a4-a554-6ce691635a39/build]   | [INFO] Tests run: 3, Failures: 0, Errors: 0, Skipped: 0, Time elapsed: 0.001 s - in com.thealgorithms.datastructures.hashmap.hashing.GenericHashMapUsingArrayListTest
[bdb427fb-b2b6-41a4-a554-6ce691635a39/build]   | [INFO] Running com.thealgorithms.datastructures.hashmap.hashing.MajorityElementTest
[bdb427fb-b2b6-41a4-a554-6ce691635a39/build]   | [INFO] Tests run: 4, Failures: 0, Errors: 0, Skipped: 0, Time elapsed: 0 s - in com.thealgorithms.datastructures.hashmap.hashing.MajorityElementTest
[bdb427fb-b2b6-41a4-a554-6ce691635a39/build]   | [INFO] Running com.thealgorithms.datastructures.hashmap.hashing.LinearProbingHashMapTest
[bdb427fb-b2b6-41a4-a554-6ce691635a39/build]   | [INFO] Tests run: 7, Failures: 0, Errors: 0, Skipped: 0, Time elapsed: 0.008 s - in com.thealgorithms.datastructures.hashmap.hashing.LinearProbingHashMapTest
[bdb427fb-b2b6-41a4-a554-6ce691635a39/build]   | [INFO] Running com.thealgorithms.datastructures.hashmap.hashing.GenericHashMapUsingArrayTest
[bdb427fb-b2b6-41a4-a554-6ce691635a39/build]   | [INFO] Tests run: 3, Failures: 0, Errors: 0, Skipped: 0, Time elapsed: 0.001 s - in com.thealgorithms.datastructures.hashmap.hashing.GenericHashMapUsingArrayTest
[bdb427fb-b2b6-41a4-a554-6ce691635a39/build]   | [INFO] Running com.thealgorithms.datastructures.trees.BSTFromSortedArrayTest
[bdb427fb-b2b6-41a4-a554-6ce691635a39/build]   | [INFO] Tests run: 6, Failures: 0, Errors: 0, Skipped: 0, Time elapsed: 0.001 s - in com.thealgorithms.datastructures.trees.BSTFromSortedArrayTest
[bdb427fb-b2b6-41a4-a554-6ce691635a39/build]   | [INFO] Running com.thealgorithms.datastructures.trees.KDTreeTest
[bdb427fb-b2b6-41a4-a554-6ce691635a39/build]   | [INFO] Tests run: 3, Failures: 0, Errors: 0, Skipped: 0, Time elapsed: 0.003 s - in com.thealgorithms.datastructures.trees.KDTreeTest
[bdb427fb-b2b6-41a4-a554-6ce691635a39/build]   | [INFO] Running com.thealgorithms.datastructures.trees.InorderTraversalTest
[bdb427fb-b2b6-41a4-a554-6ce691635a39/build]   | [INFO] Tests run: 3, Failures: 0, Errors: 0, Skipped: 0, Time elapsed: 0.001 s - in com.thealgorithms.datastructures.trees.InorderTraversalTest
[bdb427fb-b2b6-41a4-a554-6ce691635a39/build]   | [INFO] Running com.thealgorithms.datastructures.trees.PostOrderTraversalTest
[bdb427fb-b2b6-41a4-a554-6ce691635a39/build]   | [INFO] Tests run: 3, Failures: 0, Errors: 0, Skipped: 0, Time elapsed: 0.001 s - in com.thealgorithms.datastructures.trees.PostOrderTraversalTest
[bdb427fb-b2b6-41a4-a554-6ce691635a39/build]   | [INFO] Running com.thealgorithms.datastructures.trees.CeilInBinarySearchTreeTest
[bdb427fb-b2b6-41a4-a554-6ce691635a39/build]   | [INFO] Tests run: 7, Failures: 0, Errors: 0, Skipped: 0, Time elapsed: 0.001 s - in com.thealgorithms.datastructures.trees.CeilInBinarySearchTreeTest
[bdb427fb-b2b6-41a4-a554-6ce691635a39/build]   | [INFO] Running com.thealgorithms.datastructures.trees.LevelOrderTraversalTest
[bdb427fb-b2b6-41a4-a554-6ce691635a39/build]   | [INFO] Tests run: 4, Failures: 0, Errors: 0, Skipped: 0, Time elapsed: 0.001 s - in com.thealgorithms.datastructures.trees.LevelOrderTraversalTest
[bdb427fb-b2b6-41a4-a554-6ce691635a39/build]   | [INFO] Running com.thealgorithms.datastructures.trees.SameTreesCheckTest
[bdb427fb-b2b6-41a4-a554-6ce691635a39/build]   | [INFO] Tests run: 6, Failures: 0, Errors: 0, Skipped: 0, Time elapsed: 0.001 s - in com.thealgorithms.datastructures.trees.SameTreesCheckTest
[bdb427fb-b2b6-41a4-a554-6ce691635a39/build]   | [INFO] Running com.thealgorithms.datastructures.trees.CheckTreeIsSymmetricTest
[bdb427fb-b2b6-41a4-a554-6ce691635a39/build]   | [INFO] Tests run: 4, Failures: 0, Errors: 0, Skipped: 0, Time elapsed: 0 s - in com.thealgorithms.datastructures.trees.CheckTreeIsSymmetricTest
[bdb427fb-b2b6-41a4-a554-6ce691635a39/build]   | [INFO] Running com.thealgorithms.datastructures.trees.LazySegmentTreeTest
[bdb427fb-b2b6-41a4-a554-6ce691635a39/build]   | [INFO] Tests run: 4, Failures: 0, Errors: 0, Skipped: 0, Time elapsed: 0.001 s - in com.thealgorithms.datastructures.trees.LazySegmentTreeTest
[bdb427fb-b2b6-41a4-a554-6ce691635a39/build]   | [INFO] Running com.thealgorithms.datastructures.trees.BinaryTreeTest
[bdb427fb-b2b6-41a4-a554-6ce691635a39/build]   | 12 3 5 7 9 12 3 5 7 9 12 12 9 7 5 3 [INFO] Tests run: 4, Failures: 0, Errors: 0, Skipped: 0, Time elapsed: 0.002 s - in com.thealgorithms.datastructures.trees.BinaryTreeTest
[bdb427fb-b2b6-41a4-a554-6ce691635a39/build]   | [INFO] Running com.thealgorithms.datastructures.trees.VerticalOrderTraversalTest
[bdb427fb-b2b6-41a4-a554-6ce691635a39/build]   | [INFO] Tests run: 4, Failures: 0, Errors: 0, Skipped: 0, Time elapsed: 0.001 s - in com.thealgorithms.datastructures.trees.VerticalOrderTraversalTest
[bdb427fb-b2b6-41a4-a554-6ce691635a39/build]   | [INFO] Running com.thealgorithms.datastructures.trees.CreateBinaryTreeFromInorderPreorderTest
[bdb427fb-b2b6-41a4-a554-6ce691635a39/build]   | [INFO] Tests run: 6, Failures: 0, Errors: 0, Skipped: 0, Time elapsed: 0.001 s - in com.thealgorithms.datastructures.trees.CreateBinaryTreeFromInorderPreorderTest
[bdb427fb-b2b6-41a4-a554-6ce691635a39/build]   | [INFO] Running com.thealgorithms.datastructures.trees.CheckBinaryTreeIsValidBSTTest
[bdb427fb-b2b6-41a4-a554-6ce691635a39/build]   | [INFO] Tests run: 5, Failures: 0, Errors: 0, Skipped: 0, Time elapsed: 0 s - in com.thealgorithms.datastructures.trees.CheckBinaryTreeIsValidBSTTest
[bdb427fb-b2b6-41a4-a554-6ce691635a39/build]   | [INFO] Running com.thealgorithms.datastructures.trees.BSTIterativeTest
[bdb427fb-b2b6-41a4-a554-6ce691635a39/build]   | [INFO] Tests run: 4, Failures: 0, Errors: 0, Skipped: 0, Time elapsed: 0.001 s - in com.thealgorithms.datastructures.trees.BSTIterativeTest
[bdb427fb-b2b6-41a4-a554-6ce691635a39/build]   | [INFO] Running com.thealgorithms.datastructures.trees.PreOrderTraversalTest
[bdb427fb-b2b6-41a4-a554-6ce691635a39/build]   | [INFO] Tests run: 3, Failures: 0, Errors: 0, Skipped: 0, Time elapsed: 0 s - in com.thealgorithms.datastructures.trees.PreOrderTraversalTest
[bdb427fb-b2b6-41a4-a554-6ce691635a39/build]   | [INFO] Running com.thealgorithms.datastructures.trees.BSTRecursiveTest
[bdb427fb-b2b6-41a4-a554-6ce691635a39/build]   | [INFO] Tests run: 4, Failures: 0, Errors: 0, Skipped: 0, Time elapsed: 0.001 s - in com.thealgorithms.datastructures.trees.BSTRecursiveTest
[bdb427fb-b2b6-41a4-a554-6ce691635a39/build]   | [INFO] Running com.thealgorithms.datastructures.trees.ZigzagTraversalTest
[bdb427fb-b2b6-41a4-a554-6ce691635a39/build]   | [INFO] Tests run: 4, Failures: 0, Errors: 0, Skipped: 0, Time elapsed: 0.001 s - in com.thealgorithms.datastructures.trees.ZigzagTraversalTest
[bdb427fb-b2b6-41a4-a554-6ce691635a39/build]   | [INFO] 
[bdb427fb-b2b6-41a4-a554-6ce691635a39/build]   | [INFO] Results:
[bdb427fb-b2b6-41a4-a554-6ce691635a39/build]   | [INFO] 
[bdb427fb-b2b6-41a4-a554-6ce691635a39/build]   | [INFO] Tests run: 3846, Failures: 0, Errors: 0, Skipped: 0
[bdb427fb-b2b6-41a4-a554-6ce691635a39/build]   | [INFO] 
[bdb427fb-b2b6-41a4-a554-6ce691635a39/build]   | [INFO] 
[bdb427fb-b2b6-41a4-a554-6ce691635a39/build]   | [INFO] --- maven-jar-plugin:2.4:jar (default-jar) @ Java ---
[bdb427fb-b2b6-41a4-a554-6ce691635a39/build]   | [INFO] Downloading from central: https://repo.maven.apache.org/maven2/org/apache/maven/maven-archiver/2.5/maven-archiver-2.5.pom
[bdb427fb-b2b6-41a4-a554-6ce691635a39/build]   | [INFO] Downloaded from central: https://repo.maven.apache.org/maven2/org/apache/maven/maven-archiver/2.5/maven-archiver-2.5.pom (4.5 kB at 91 kB/s)
[bdb427fb-b2b6-41a4-a554-6ce691635a39/build]   | [INFO] Downloading from central: https://repo.maven.apache.org/maven2/org/codehaus/plexus/plexus-archiver/2.1/plexus-archiver-2.1.pom
[bdb427fb-b2b6-41a4-a554-6ce691635a39/build]   | [INFO] Downloaded from central: https://repo.maven.apache.org/maven2/org/codehaus/plexus/plexus-archiver/2.1/plexus-archiver-2.1.pom (2.8 kB at 76 kB/s)
[bdb427fb-b2b6-41a4-a554-6ce691635a39/build]   | [INFO] Downloading from central: https://repo.maven.apache.org/maven2/org/sonatype/spice/spice-parent/17/spice-parent-17.pom
[bdb427fb-b2b6-41a4-a554-6ce691635a39/build]   | [INFO] Downloaded from central: https://repo.maven.apache.org/maven2/org/sonatype/spice/spice-parent/17/spice-parent-17.pom (6.8 kB at 225 kB/s)
[bdb427fb-b2b6-41a4-a554-6ce691635a39/build]   | [INFO] Downloading from central: https://repo.maven.apache.org/maven2/org/codehaus/plexus/plexus-utils/3.0/plexus-utils-3.0.pom
[bdb427fb-b2b6-41a4-a554-6ce691635a39/build]   | [INFO] Downloaded from central: https://repo.maven.apache.org/maven2/org/codehaus/plexus/plexus-utils/3.0/plexus-utils-3.0.pom (4.1 kB at 140 kB/s)
[bdb427fb-b2b6-41a4-a554-6ce691635a39/build]   | [INFO] Downloading from central: https://repo.maven.apache.org/maven2/org/sonatype/spice/spice-parent/16/spice-parent-16.pom
[bdb427fb-b2b6-41a4-a554-6ce691635a39/build]   | [INFO] Downloaded from central: https://repo.maven.apache.org/maven2/org/sonatype/spice/spice-parent/16/spice-parent-16.pom (8.4 kB at 209 kB/s)
[bdb427fb-b2b6-41a4-a554-6ce691635a39/build]   | [INFO] Downloading from central: https://repo.maven.apache.org/maven2/org/sonatype/forge/forge-parent/5/forge-parent-5.pom
[bdb427fb-b2b6-41a4-a554-6ce691635a39/build]   | [INFO] Downloaded from central: https://repo.maven.apache.org/maven2/org/sonatype/forge/forge-parent/5/forge-parent-5.pom (8.4 kB at 149 kB/s)
[bdb427fb-b2b6-41a4-a554-6ce691635a39/build]   | [INFO] Downloading from central: https://repo.maven.apache.org/maven2/org/codehaus/plexus/plexus-io/2.0.2/plexus-io-2.0.2.pom
[bdb427fb-b2b6-41a4-a554-6ce691635a39/build]   | [INFO] Downloaded from central: https://repo.maven.apache.org/maven2/org/codehaus/plexus/plexus-io/2.0.2/plexus-io-2.0.2.pom (1.7 kB at 38 kB/s)
[bdb427fb-b2b6-41a4-a554-6ce691635a39/build]   | [INFO] Downloading from central: https://repo.maven.apache.org/maven2/org/codehaus/plexus/plexus-components/1.1.19/plexus-components-1.1.19.pom
[bdb427fb-b2b6-41a4-a554-6ce691635a39/build]   | [INFO] Downloaded from central: https://repo.maven.apache.org/maven2/org/codehaus/plexus/plexus-components/1.1.19/plexus-components-1.1.19.pom (2.7 kB at 63 kB/s)
[bdb427fb-b2b6-41a4-a554-6ce691635a39/build]   | [INFO] Downloading from central: https://repo.maven.apache.org/maven2/org/codehaus/plexus/plexus/3.0.1/plexus-3.0.1.pom
[bdb427fb-b2b6-41a4-a554-6ce691635a39/build]   | [INFO] Downloaded from central: https://repo.maven.apache.org/maven2/org/codehaus/plexus/plexus/3.0.1/plexus-3.0.1.pom (19 kB at 465 kB/s)
[bdb427fb-b2b6-41a4-a554-6ce691635a39/build]   | [INFO] Downloading from central: https://repo.maven.apache.org/maven2/org/codehaus/plexus/plexus-interpolation/1.15/plexus-interpolation-1.15.pom
[bdb427fb-b2b6-41a4-a554-6ce691635a39/build]   | [INFO] Downloaded from central: https://repo.maven.apache.org/maven2/org/codehaus/plexus/plexus-interpolation/1.15/plexus-interpolation-1.15.pom (1.0 kB at 34 kB/s)
[bdb427fb-b2b6-41a4-a554-6ce691635a39/build]   | [INFO] Downloading from central: https://repo.maven.apache.org/maven2/commons-lang/commons-lang/2.1/commons-lang-2.1.pom
[bdb427fb-b2b6-41a4-a554-6ce691635a39/build]   | [INFO] Downloaded from central: https://repo.maven.apache.org/maven2/commons-lang/commons-lang/2.1/commons-lang-2.1.pom (9.9 kB at 709 kB/s)
[bdb427fb-b2b6-41a4-a554-6ce691635a39/build]   | [INFO] Downloading from central: https://repo.maven.apache.org/maven2/classworlds/classworlds/1.1-alpha-2/classworlds-1.1-alpha-2.jar
[bdb427fb-b2b6-41a4-a554-6ce691635a39/build]   | [INFO] Downloading from central: https://repo.maven.apache.org/maven2/org/apache/maven/maven-archiver/2.5/maven-archiver-2.5.jar
[bdb427fb-b2b6-41a4-a554-6ce691635a39/build]   | [INFO] Downloading from central: https://repo.maven.apache.org/maven2/org/codehaus/plexus/plexus-interpolation/1.15/plexus-interpolation-1.15.jar
[bdb427fb-b2b6-41a4-a554-6ce691635a39/build]   | [INFO] Downloading from central: https://repo.maven.apache.org/maven2/org/codehaus/plexus/plexus-archiver/2.1/plexus-archiver-2.1.jar
[bdb427fb-b2b6-41a4-a554-6ce691635a39/build]   | [INFO] Downloading from central: https://repo.maven.apache.org/maven2/org/codehaus/plexus/plexus-io/2.0.2/plexus-io-2.0.2.jar
[bdb427fb-b2b6-41a4-a554-6ce691635a39/build]   | [INFO] Downloaded from central: https://repo.maven.apache.org/maven2/org/apache/maven/maven-archiver/2.5/maven-archiver-2.5.jar (22 kB at 445 kB/s)
[bdb427fb-b2b6-41a4-a554-6ce691635a39/build]   | [INFO] Downloaded from central: https://repo.maven.apache.org/maven2/classworlds/classworlds/1.1-alpha-2/classworlds-1.1-alpha-2.jar (38 kB at 766 kB/s)
[bdb427fb-b2b6-41a4-a554-6ce691635a39/build]   | [INFO] Downloading from central: https://repo.maven.apache.org/maven2/commons-lang/commons-lang/2.1/commons-lang-2.1.jar
[bdb427fb-b2b6-41a4-a554-6ce691635a39/build]   | [INFO] Downloading from central: https://repo.maven.apache.org/maven2/org/codehaus/plexus/plexus-utils/3.0/plexus-utils-3.0.jar
[bdb427fb-b2b6-41a4-a554-6ce691635a39/build]   | [INFO] Downloaded from central: https://repo.maven.apache.org/maven2/org/codehaus/plexus/plexus-interpolation/1.15/plexus-interpolation-1.15.jar (60 kB at 1.3 MB/s)
[bdb427fb-b2b6-41a4-a554-6ce691635a39/build]   | [INFO] Downloaded from central: https://repo.maven.apache.org/maven2/org/codehaus/plexus/plexus-io/2.0.2/plexus-io-2.0.2.jar (58 kB at 1.1 MB/s)
[bdb427fb-b2b6-41a4-a554-6ce691635a39/build]   | [INFO] Downloaded from central: https://repo.maven.apache.org/maven2/org/codehaus/plexus/plexus-archiver/2.1/plexus-archiver-2.1.jar (184 kB at 3.4 MB/s)
[bdb427fb-b2b6-41a4-a554-6ce691635a39/build]   | [INFO] Downloaded from central: https://repo.maven.apache.org/maven2/commons-lang/commons-lang/2.1/commons-lang-2.1.jar (208 kB at 2.3 MB/s)
[bdb427fb-b2b6-41a4-a554-6ce691635a39/build]   | [INFO] Downloaded from central: https://repo.maven.apache.org/maven2/org/codehaus/plexus/plexus-utils/3.0/plexus-utils-3.0.jar (226 kB at 2.4 MB/s)
[bdb427fb-b2b6-41a4-a554-6ce691635a39/build]   | [INFO] Building jar: /tmp/9a02aa7e-01a1-43a6-83f0-da3ea250e82d/target/Java-1.0-SNAPSHOT.jar
[bdb427fb-b2b6-41a4-a554-6ce691635a39/build]   | [INFO] ------------------------------------------------------------------------
[bdb427fb-b2b6-41a4-a554-6ce691635a39/build]   | [INFO] BUILD SUCCESS
[bdb427fb-b2b6-41a4-a554-6ce691635a39/build]   | [INFO] ------------------------------------------------------------------------
[bdb427fb-b2b6-41a4-a554-6ce691635a39/build]   | [INFO] Total time:  47.221 s
[bdb427fb-b2b6-41a4-a554-6ce691635a39/build]   | [INFO] Finished at: 2023-11-27T02:46:54Z
[bdb427fb-b2b6-41a4-a554-6ce691635a39/build]   | [INFO] ------------------------------------------------------------------------
[bdb427fb-b2b6-41a4-a554-6ce691635a39/build]   ‚úÖ  Success - Main Build with Maven
[bdb427fb-b2b6-41a4-a554-6ce691635a39/build] unable to get git ref: failed to identify reference (tag/branch) for the checked-out revision 'e14b30b88c0de95186fe1937f795b7d8fd3fa8aa'
[bdb427fb-b2b6-41a4-a554-6ce691635a39/build] unable to get git ref: failed to identify reference (tag/branch) for the checked-out revision 'e14b30b88c0de95186fe1937f795b7d8fd3fa8aa'
[bdb427fb-b2b6-41a4-a554-6ce691635a39/build] unable to get git ref: failed to identify reference (tag/branch) for the checked-out revision 'e14b30b88c0de95186fe1937f795b7d8fd3fa8aa'
[bdb427fb-b2b6-41a4-a554-6ce691635a39/build] unable to get git ref: failed to identify reference (tag/branch) for the checked-out revision 'e14b30b88c0de95186fe1937f795b7d8fd3fa8aa'
[bdb427fb-b2b6-41a4-a554-6ce691635a39/build] unable to get git ref: failed to identify reference (tag/branch) for the checked-out revision 'e14b30b88c0de95186fe1937f795b7d8fd3fa8aa'
[bdb427fb-b2b6-41a4-a554-6ce691635a39/build] ‚≠ê Run Post Set up JDK 17
[bdb427fb-b2b6-41a4-a554-6ce691635a39/build]   üê≥  docker exec cmd=[node /var/run/act/actions/actions-setup-java@v2/dist/cleanup/index.js] user= workdir=
[bdb427fb-b2b6-41a4-a554-6ce691635a39/build]   ‚úÖ  Success - Post Set up JDK 17
[bdb427fb-b2b6-41a4-a554-6ce691635a39/build] üèÅ  Job succeeded
[bdb427fb-b2b6-41a4-a554-6ce691635a39/build] unable to get git ref: failed to identify reference (tag/branch) for the checked-out revision 'e14b30b88c0de95186fe1937f795b7d8fd3fa8aa'
