[2ca50e80-4351-4800-9464-f81dd142723b/build] üöÄ  Start image=crawlergpt:latest
[2ca50e80-4351-4800-9464-f81dd142723b/build]   üê≥  docker pull image=crawlergpt:latest platform= username= forcePull=false
[2ca50e80-4351-4800-9464-f81dd142723b/build]   üê≥  docker create image=crawlergpt:latest platform= entrypoint=["tail" "-f" "/dev/null"] cmd=[]
[2ca50e80-4351-4800-9464-f81dd142723b/build]   üê≥  docker run image=crawlergpt:latest platform= entrypoint=["tail" "-f" "/dev/null"] cmd=[]
[2ca50e80-4351-4800-9464-f81dd142723b/build]   üê≥  docker exec cmd=[chown -R 1012:1013 /tmp/dcf2de27-a8db-4b3d-bb21-a92ec5a0d400] user=0 workdir=
[2ca50e80-4351-4800-9464-f81dd142723b/build] unable to get git ref: failed to identify reference (tag/branch) for the checked-out revision '07d1a06eb7297f6c6f197f482d6d8891d5db6b2c'
[2ca50e80-4351-4800-9464-f81dd142723b/build] unable to get git ref: failed to identify reference (tag/branch) for the checked-out revision '07d1a06eb7297f6c6f197f482d6d8891d5db6b2c'
[2ca50e80-4351-4800-9464-f81dd142723b/build] unable to get git ref: failed to identify reference (tag/branch) for the checked-out revision '07d1a06eb7297f6c6f197f482d6d8891d5db6b2c'
[2ca50e80-4351-4800-9464-f81dd142723b/build] unable to get git ref: failed to identify reference (tag/branch) for the checked-out revision '07d1a06eb7297f6c6f197f482d6d8891d5db6b2c'
[2ca50e80-4351-4800-9464-f81dd142723b/build] unable to get git ref: failed to identify reference (tag/branch) for the checked-out revision '07d1a06eb7297f6c6f197f482d6d8891d5db6b2c'
[2ca50e80-4351-4800-9464-f81dd142723b/build] unable to get git ref: failed to identify reference (tag/branch) for the checked-out revision '07d1a06eb7297f6c6f197f482d6d8891d5db6b2c'
[2ca50e80-4351-4800-9464-f81dd142723b/build] unable to get git ref: failed to identify reference (tag/branch) for the checked-out revision '07d1a06eb7297f6c6f197f482d6d8891d5db6b2c'
[2ca50e80-4351-4800-9464-f81dd142723b/build] unable to get git ref: failed to identify reference (tag/branch) for the checked-out revision '07d1a06eb7297f6c6f197f482d6d8891d5db6b2c'
[2ca50e80-4351-4800-9464-f81dd142723b/build] unable to get git ref: failed to identify reference (tag/branch) for the checked-out revision '07d1a06eb7297f6c6f197f482d6d8891d5db6b2c'
[2ca50e80-4351-4800-9464-f81dd142723b/build] ‚≠ê Run Main actions/checkout@v2
[2ca50e80-4351-4800-9464-f81dd142723b/build] unable to get git ref: failed to identify reference (tag/branch) for the checked-out revision '07d1a06eb7297f6c6f197f482d6d8891d5db6b2c'
[2ca50e80-4351-4800-9464-f81dd142723b/build]   ‚úÖ  Success - Main actions/checkout@v2
[2ca50e80-4351-4800-9464-f81dd142723b/build] unable to get git ref: failed to identify reference (tag/branch) for the checked-out revision '07d1a06eb7297f6c6f197f482d6d8891d5db6b2c'
[2ca50e80-4351-4800-9464-f81dd142723b/build] unable to get git ref: failed to identify reference (tag/branch) for the checked-out revision '07d1a06eb7297f6c6f197f482d6d8891d5db6b2c'
[2ca50e80-4351-4800-9464-f81dd142723b/build] unable to get git ref: failed to identify reference (tag/branch) for the checked-out revision '07d1a06eb7297f6c6f197f482d6d8891d5db6b2c'
[2ca50e80-4351-4800-9464-f81dd142723b/build] unable to get git ref: failed to identify reference (tag/branch) for the checked-out revision '07d1a06eb7297f6c6f197f482d6d8891d5db6b2c'
[2ca50e80-4351-4800-9464-f81dd142723b/build] unable to get git ref: failed to identify reference (tag/branch) for the checked-out revision '07d1a06eb7297f6c6f197f482d6d8891d5db6b2c'
[2ca50e80-4351-4800-9464-f81dd142723b/build] ‚≠ê Run Main Set up JDK 1.8
[2ca50e80-4351-4800-9464-f81dd142723b/build] unable to get git ref: failed to identify reference (tag/branch) for the checked-out revision '07d1a06eb7297f6c6f197f482d6d8891d5db6b2c'
[2ca50e80-4351-4800-9464-f81dd142723b/build] unable to get git ref: failed to identify reference (tag/branch) for the checked-out revision '07d1a06eb7297f6c6f197f482d6d8891d5db6b2c'
[2ca50e80-4351-4800-9464-f81dd142723b/build] unable to get git ref: failed to identify reference (tag/branch) for the checked-out revision '07d1a06eb7297f6c6f197f482d6d8891d5db6b2c'
[2ca50e80-4351-4800-9464-f81dd142723b/build]   üê≥  docker cp src=/tmp/act-cache/bffb7485-4716-472b-885d-1d2e736129b8/act/actions-setup-java@v1/ dst=/var/run/act/actions/actions-setup-java@v1/
[2ca50e80-4351-4800-9464-f81dd142723b/build]   üê≥  docker exec cmd=[chown -R 1012:1013 /var/run/act/actions/actions-setup-java@v1/] user=0 workdir=
[2ca50e80-4351-4800-9464-f81dd142723b/build]   üê≥  docker exec cmd=[node /var/run/act/actions/actions-setup-java@v1/dist/setup/index.js] user= workdir=
[2ca50e80-4351-4800-9464-f81dd142723b/build]   üí¨  ::debug::isExplicit: 
[2ca50e80-4351-4800-9464-f81dd142723b/build]   üí¨  ::debug::explicit? false
[2ca50e80-4351-4800-9464-f81dd142723b/build]   üí¨  ::debug::evaluating 0 versions
[2ca50e80-4351-4800-9464-f81dd142723b/build]   üí¨  ::debug::match not found
[2ca50e80-4351-4800-9464-f81dd142723b/build]   üí¨  ::debug::Downloading JDK from Azul
[2ca50e80-4351-4800-9464-f81dd142723b/build]   üí¨  ::debug::Searching for files with extension: -linux_x64.tar.gz
[2ca50e80-4351-4800-9464-f81dd142723b/build]   üí¨  ::debug::Downloading https://static.azul.com/zulu/bin/zulu8.70.0.23-ca-jdk8.0.372-linux_x64.tar.gz
[2ca50e80-4351-4800-9464-f81dd142723b/build]   üí¨  ::debug::Downloading /tmp/59bcfde5-dbfd-408f-b0fa-e7ba2aa660ed
[2ca50e80-4351-4800-9464-f81dd142723b/build]   üí¨  ::debug::download complete
[2ca50e80-4351-4800-9464-f81dd142723b/build]   | [command]/usr/bin/tar --version
[2ca50e80-4351-4800-9464-f81dd142723b/build]   | tar (GNU tar) 1.30
[2ca50e80-4351-4800-9464-f81dd142723b/build]   | Copyright (C) 2017 Free Software Foundation, Inc.
[2ca50e80-4351-4800-9464-f81dd142723b/build]   | License GPLv3+: GNU GPL version 3 or later <https://gnu.org/licenses/gpl.html>.
[2ca50e80-4351-4800-9464-f81dd142723b/build]   | This is free software: you are free to change and redistribute it.
[2ca50e80-4351-4800-9464-f81dd142723b/build]   | There is NO WARRANTY, to the extent permitted by law.
[2ca50e80-4351-4800-9464-f81dd142723b/build]   | 
[2ca50e80-4351-4800-9464-f81dd142723b/build]   | Written by John Gilmore and Jay Fenlason.
[2ca50e80-4351-4800-9464-f81dd142723b/build]   | [command]/usr/bin/tar xz --warning=no-unknown-keyword -C /tmp/temp_1114556029 -f /tmp/59bcfde5-dbfd-408f-b0fa-e7ba2aa660ed
[2ca50e80-4351-4800-9464-f81dd142723b/build]   üí¨  ::debug::jdk extracted to /tmp/temp_1114556029/zulu8.70.0.23-ca-jdk8.0.372-linux_x64
[2ca50e80-4351-4800-9464-f81dd142723b/build]   üí¨  ::debug::Caching tool jdk 8.0.372 x64
[2ca50e80-4351-4800-9464-f81dd142723b/build]   üí¨  ::debug::source dir: /tmp/temp_1114556029/zulu8.70.0.23-ca-jdk8.0.372-linux_x64
[2ca50e80-4351-4800-9464-f81dd142723b/build]   üí¨  ::debug::destination /opt/hostedtoolcache/jdk/8.0.372/x64
[2ca50e80-4351-4800-9464-f81dd142723b/build]   üí¨  ::debug::finished caching tool
[2ca50e80-4351-4800-9464-f81dd142723b/build]   ‚ùì add-matcher /run/act/actions/actions-setup-java@v1/.github/java.json
[2ca50e80-4351-4800-9464-f81dd142723b/build]   | creating settings.xml with server-id: github; environment variables: username=$GITHUB_ACTOR, password=$GITHUB_TOKEN, and gpg-passphrase=null
[2ca50e80-4351-4800-9464-f81dd142723b/build]   üí¨  ::debug::created directory /home/runneradmin/.m2
[2ca50e80-4351-4800-9464-f81dd142723b/build]   | writing /home/runneradmin/.m2/settings.xml
[2ca50e80-4351-4800-9464-f81dd142723b/build]   ‚úÖ  Success - Main Set up JDK 1.8
[2ca50e80-4351-4800-9464-f81dd142723b/build]   ‚öô  ::set-env:: JAVA_HOME_8.0.372_x64=/opt/hostedtoolcache/jdk/8.0.372/x64
[2ca50e80-4351-4800-9464-f81dd142723b/build]   ‚öô  ::set-env:: JAVA_HOME=/opt/hostedtoolcache/jdk/8.0.372/x64
[2ca50e80-4351-4800-9464-f81dd142723b/build]   ‚öô  ::set-env:: JAVA_HOME_8_0_372_X64=/opt/hostedtoolcache/jdk/8.0.372/x64
[2ca50e80-4351-4800-9464-f81dd142723b/build]   ‚öô  ::set-output:: path=/opt/hostedtoolcache/jdk/8.0.372/x64
[2ca50e80-4351-4800-9464-f81dd142723b/build]   ‚öô  ::set-output:: version=8.0.372
[2ca50e80-4351-4800-9464-f81dd142723b/build]   ‚öô  ::add-path:: /opt/hostedtoolcache/jdk/8.0.372/x64/bin
[2ca50e80-4351-4800-9464-f81dd142723b/build] unable to get git ref: failed to identify reference (tag/branch) for the checked-out revision '07d1a06eb7297f6c6f197f482d6d8891d5db6b2c'
[2ca50e80-4351-4800-9464-f81dd142723b/build] unable to get git ref: failed to identify reference (tag/branch) for the checked-out revision '07d1a06eb7297f6c6f197f482d6d8891d5db6b2c'
[2ca50e80-4351-4800-9464-f81dd142723b/build] unable to get git ref: failed to identify reference (tag/branch) for the checked-out revision '07d1a06eb7297f6c6f197f482d6d8891d5db6b2c'
[2ca50e80-4351-4800-9464-f81dd142723b/build] unable to get git ref: failed to identify reference (tag/branch) for the checked-out revision '07d1a06eb7297f6c6f197f482d6d8891d5db6b2c'
[2ca50e80-4351-4800-9464-f81dd142723b/build] unable to get git ref: failed to identify reference (tag/branch) for the checked-out revision '07d1a06eb7297f6c6f197f482d6d8891d5db6b2c'
[2ca50e80-4351-4800-9464-f81dd142723b/build] ‚≠ê Run Main Build with Maven
[2ca50e80-4351-4800-9464-f81dd142723b/build] unable to get git ref: failed to identify reference (tag/branch) for the checked-out revision '07d1a06eb7297f6c6f197f482d6d8891d5db6b2c'
[2ca50e80-4351-4800-9464-f81dd142723b/build] unable to get git ref: failed to identify reference (tag/branch) for the checked-out revision '07d1a06eb7297f6c6f197f482d6d8891d5db6b2c'
[2ca50e80-4351-4800-9464-f81dd142723b/build] unable to get git ref: failed to identify reference (tag/branch) for the checked-out revision '07d1a06eb7297f6c6f197f482d6d8891d5db6b2c'
[2ca50e80-4351-4800-9464-f81dd142723b/build] unable to get git ref: failed to identify reference (tag/branch) for the checked-out revision '07d1a06eb7297f6c6f197f482d6d8891d5db6b2c'
[2ca50e80-4351-4800-9464-f81dd142723b/build]   üê≥  docker exec cmd=[bash --noprofile --norc -e -o pipefail /var/run/act/workflow/2] user= workdir=
[2ca50e80-4351-4800-9464-f81dd142723b/build]   | [INFO] Scanning for projects...
[2ca50e80-4351-4800-9464-f81dd142723b/build]   | [INFO] 
[2ca50e80-4351-4800-9464-f81dd142723b/build]   | [INFO] ----------------------< com.walmartlabs.x12:zuul >----------------------
[2ca50e80-4351-4800-9464-f81dd142723b/build]   | [INFO] Building zuul 0.0.0.0-SNAPSHOT
[2ca50e80-4351-4800-9464-f81dd142723b/build]   | [INFO] --------------------------------[ jar ]---------------------------------
[2ca50e80-4351-4800-9464-f81dd142723b/build]   | [INFO] Downloading from central: https://repo.maven.apache.org/maven2/org/apache/maven/plugins/maven-resources-plugin/2.6/maven-resources-plugin-2.6.pom
[2ca50e80-4351-4800-9464-f81dd142723b/build]   | [INFO] Downloaded from central: https://repo.maven.apache.org/maven2/org/apache/maven/plugins/maven-resources-plugin/2.6/maven-resources-plugin-2.6.pom (8.1 kB at 4.3 kB/s)
[2ca50e80-4351-4800-9464-f81dd142723b/build]   | [INFO] Downloading from central: https://repo.maven.apache.org/maven2/org/apache/maven/plugins/maven-plugins/23/maven-plugins-23.pom
[2ca50e80-4351-4800-9464-f81dd142723b/build]   | [INFO] Downloaded from central: https://repo.maven.apache.org/maven2/org/apache/maven/plugins/maven-plugins/23/maven-plugins-23.pom (9.2 kB at 192 kB/s)
[2ca50e80-4351-4800-9464-f81dd142723b/build]   | [INFO] Downloading from central: https://repo.maven.apache.org/maven2/org/apache/maven/maven-parent/22/maven-parent-22.pom
[2ca50e80-4351-4800-9464-f81dd142723b/build]   | [INFO] Downloaded from central: https://repo.maven.apache.org/maven2/org/apache/maven/maven-parent/22/maven-parent-22.pom (30 kB at 294 kB/s)
[2ca50e80-4351-4800-9464-f81dd142723b/build]   | [INFO] Downloading from central: https://repo.maven.apache.org/maven2/org/apache/apache/11/apache-11.pom
[2ca50e80-4351-4800-9464-f81dd142723b/build]   | [INFO] Downloaded from central: https://repo.maven.apache.org/maven2/org/apache/apache/11/apache-11.pom (15 kB at 279 kB/s)
[2ca50e80-4351-4800-9464-f81dd142723b/build]   | [INFO] Downloading from central: https://repo.maven.apache.org/maven2/org/apache/maven/plugins/maven-resources-plugin/2.6/maven-resources-plugin-2.6.jar
[2ca50e80-4351-4800-9464-f81dd142723b/build]   | [INFO] Downloaded from central: https://repo.maven.apache.org/maven2/org/apache/maven/plugins/maven-resources-plugin/2.6/maven-resources-plugin-2.6.jar (30 kB at 671 kB/s)
[2ca50e80-4351-4800-9464-f81dd142723b/build]   | [INFO] Downloading from central: https://repo.maven.apache.org/maven2/org/apache/maven/plugins/maven-compiler-plugin/3.5.1/maven-compiler-plugin-3.5.1.pom
[2ca50e80-4351-4800-9464-f81dd142723b/build]   | [INFO] Downloaded from central: https://repo.maven.apache.org/maven2/org/apache/maven/plugins/maven-compiler-plugin/3.5.1/maven-compiler-plugin-3.5.1.pom (10 kB at 376 kB/s)
[2ca50e80-4351-4800-9464-f81dd142723b/build]   | [INFO] Downloading from central: https://repo.maven.apache.org/maven2/org/apache/maven/plugins/maven-plugins/28/maven-plugins-28.pom
[2ca50e80-4351-4800-9464-f81dd142723b/build]   | [INFO] Downloaded from central: https://repo.maven.apache.org/maven2/org/apache/maven/plugins/maven-plugins/28/maven-plugins-28.pom (12 kB at 251 kB/s)
[2ca50e80-4351-4800-9464-f81dd142723b/build]   | [INFO] Downloading from central: https://repo.maven.apache.org/maven2/org/apache/maven/maven-parent/27/maven-parent-27.pom
[2ca50e80-4351-4800-9464-f81dd142723b/build]   | [INFO] Downloaded from central: https://repo.maven.apache.org/maven2/org/apache/maven/maven-parent/27/maven-parent-27.pom (41 kB at 1.4 MB/s)
[2ca50e80-4351-4800-9464-f81dd142723b/build]   | [INFO] Downloading from central: https://repo.maven.apache.org/maven2/org/apache/apache/17/apache-17.pom
[2ca50e80-4351-4800-9464-f81dd142723b/build]   | [INFO] Downloaded from central: https://repo.maven.apache.org/maven2/org/apache/apache/17/apache-17.pom (16 kB at 459 kB/s)
[2ca50e80-4351-4800-9464-f81dd142723b/build]   | [INFO] Downloading from central: https://repo.maven.apache.org/maven2/org/apache/maven/plugins/maven-compiler-plugin/3.5.1/maven-compiler-plugin-3.5.1.jar
[2ca50e80-4351-4800-9464-f81dd142723b/build]   | [INFO] Downloaded from central: https://repo.maven.apache.org/maven2/org/apache/maven/plugins/maven-compiler-plugin/3.5.1/maven-compiler-plugin-3.5.1.jar (50 kB at 866 kB/s)
[2ca50e80-4351-4800-9464-f81dd142723b/build]   | [INFO] Downloading from central: https://repo.maven.apache.org/maven2/org/apache/maven/plugins/maven-surefire-plugin/2.12.4/maven-surefire-plugin-2.12.4.pom
[2ca50e80-4351-4800-9464-f81dd142723b/build]   | [INFO] Downloaded from central: https://repo.maven.apache.org/maven2/org/apache/maven/plugins/maven-surefire-plugin/2.12.4/maven-surefire-plugin-2.12.4.pom (10 kB at 233 kB/s)
[2ca50e80-4351-4800-9464-f81dd142723b/build]   | [INFO] Downloading from central: https://repo.maven.apache.org/maven2/org/apache/maven/surefire/surefire/2.12.4/surefire-2.12.4.pom
[2ca50e80-4351-4800-9464-f81dd142723b/build]   | [INFO] Downloaded from central: https://repo.maven.apache.org/maven2/org/apache/maven/surefire/surefire/2.12.4/surefire-2.12.4.pom (14 kB at 690 kB/s)
[2ca50e80-4351-4800-9464-f81dd142723b/build]   | [INFO] Downloading from central: https://repo.maven.apache.org/maven2/org/apache/maven/plugins/maven-surefire-plugin/2.12.4/maven-surefire-plugin-2.12.4.jar
[2ca50e80-4351-4800-9464-f81dd142723b/build]   | [INFO] Downloaded from central: https://repo.maven.apache.org/maven2/org/apache/maven/plugins/maven-surefire-plugin/2.12.4/maven-surefire-plugin-2.12.4.jar (30 kB at 635 kB/s)
[2ca50e80-4351-4800-9464-f81dd142723b/build]   | [INFO] Downloading from central: https://repo.maven.apache.org/maven2/org/apache/maven/plugins/maven-jar-plugin/2.4/maven-jar-plugin-2.4.pom
[2ca50e80-4351-4800-9464-f81dd142723b/build]   | [INFO] Downloaded from central: https://repo.maven.apache.org/maven2/org/apache/maven/plugins/maven-jar-plugin/2.4/maven-jar-plugin-2.4.pom (5.8 kB at 122 kB/s)
[2ca50e80-4351-4800-9464-f81dd142723b/build]   | [INFO] Downloading from central: https://repo.maven.apache.org/maven2/org/apache/maven/plugins/maven-plugins/22/maven-plugins-22.pom
[2ca50e80-4351-4800-9464-f81dd142723b/build]   | [INFO] Downloaded from central: https://repo.maven.apache.org/maven2/org/apache/maven/plugins/maven-plugins/22/maven-plugins-22.pom (13 kB at 204 kB/s)
[2ca50e80-4351-4800-9464-f81dd142723b/build]   | [INFO] Downloading from central: https://repo.maven.apache.org/maven2/org/apache/maven/maven-parent/21/maven-parent-21.pom
[2ca50e80-4351-4800-9464-f81dd142723b/build]   | [INFO] Downloaded from central: https://repo.maven.apache.org/maven2/org/apache/maven/maven-parent/21/maven-parent-21.pom (26 kB at 338 kB/s)
[2ca50e80-4351-4800-9464-f81dd142723b/build]   | [INFO] Downloading from central: https://repo.maven.apache.org/maven2/org/apache/apache/10/apache-10.pom
[2ca50e80-4351-4800-9464-f81dd142723b/build]   | [INFO] Downloaded from central: https://repo.maven.apache.org/maven2/org/apache/apache/10/apache-10.pom (15 kB at 260 kB/s)
[2ca50e80-4351-4800-9464-f81dd142723b/build]   | [INFO] Downloading from central: https://repo.maven.apache.org/maven2/org/apache/maven/plugins/maven-jar-plugin/2.4/maven-jar-plugin-2.4.jar
[2ca50e80-4351-4800-9464-f81dd142723b/build]   | [INFO] Downloaded from central: https://repo.maven.apache.org/maven2/org/apache/maven/plugins/maven-jar-plugin/2.4/maven-jar-plugin-2.4.jar (34 kB at 619 kB/s)
[2ca50e80-4351-4800-9464-f81dd142723b/build]   | [INFO] Downloading from central: https://repo.maven.apache.org/maven2/org/springframework/spring-core/4.3.12.RELEASE/spring-core-4.3.12.RELEASE.pom
[2ca50e80-4351-4800-9464-f81dd142723b/build]   | [INFO] Downloaded from central: https://repo.maven.apache.org/maven2/org/springframework/spring-core/4.3.12.RELEASE/spring-core-4.3.12.RELEASE.pom (2.5 kB at 103 kB/s)
[2ca50e80-4351-4800-9464-f81dd142723b/build]   | [INFO] Downloading from central: https://repo.maven.apache.org/maven2/commons-logging/commons-logging/1.2/commons-logging-1.2.pom
[2ca50e80-4351-4800-9464-f81dd142723b/build]   | [INFO] Downloaded from central: https://repo.maven.apache.org/maven2/commons-logging/commons-logging/1.2/commons-logging-1.2.pom (19 kB at 274 kB/s)
[2ca50e80-4351-4800-9464-f81dd142723b/build]   | [INFO] Downloading from central: https://repo.maven.apache.org/maven2/org/apache/commons/commons-parent/34/commons-parent-34.pom
[2ca50e80-4351-4800-9464-f81dd142723b/build]   | [INFO] Downloaded from central: https://repo.maven.apache.org/maven2/org/apache/commons/commons-parent/34/commons-parent-34.pom (56 kB at 999 kB/s)
[2ca50e80-4351-4800-9464-f81dd142723b/build]   | [INFO] Downloading from central: https://repo.maven.apache.org/maven2/org/apache/apache/13/apache-13.pom
[2ca50e80-4351-4800-9464-f81dd142723b/build]   | [INFO] Downloaded from central: https://repo.maven.apache.org/maven2/org/apache/apache/13/apache-13.pom (14 kB at 518 kB/s)
[2ca50e80-4351-4800-9464-f81dd142723b/build]   | [INFO] Downloading from central: https://repo.maven.apache.org/maven2/org/slf4j/slf4j-api/1.7.21/slf4j-api-1.7.21.pom
[2ca50e80-4351-4800-9464-f81dd142723b/build]   | [INFO] Downloaded from central: https://repo.maven.apache.org/maven2/org/slf4j/slf4j-api/1.7.21/slf4j-api-1.7.21.pom (2.8 kB at 44 kB/s)
[2ca50e80-4351-4800-9464-f81dd142723b/build]   | [INFO] Downloading from central: https://repo.maven.apache.org/maven2/org/slf4j/slf4j-parent/1.7.21/slf4j-parent-1.7.21.pom
[2ca50e80-4351-4800-9464-f81dd142723b/build]   | [INFO] Downloaded from central: https://repo.maven.apache.org/maven2/org/slf4j/slf4j-parent/1.7.21/slf4j-parent-1.7.21.pom (14 kB at 844 kB/s)
[2ca50e80-4351-4800-9464-f81dd142723b/build]   | [INFO] Downloading from central: https://repo.maven.apache.org/maven2/org/slf4j/jcl-over-slf4j/1.7.21/jcl-over-slf4j-1.7.21.pom
[2ca50e80-4351-4800-9464-f81dd142723b/build]   | [INFO] Downloaded from central: https://repo.maven.apache.org/maven2/org/slf4j/jcl-over-slf4j/1.7.21/jcl-over-slf4j-1.7.21.pom (963 B at 25 kB/s)
[2ca50e80-4351-4800-9464-f81dd142723b/build]   | [INFO] Downloading from central: https://repo.maven.apache.org/maven2/ch/qos/logback/logback-classic/1.1.7/logback-classic-1.1.7.pom
[2ca50e80-4351-4800-9464-f81dd142723b/build]   | [INFO] Downloaded from central: https://repo.maven.apache.org/maven2/ch/qos/logback/logback-classic/1.1.7/logback-classic-1.1.7.pom (13 kB at 191 kB/s)
[2ca50e80-4351-4800-9464-f81dd142723b/build]   | [INFO] Downloading from central: https://repo.maven.apache.org/maven2/ch/qos/logback/logback-parent/1.1.7/logback-parent-1.1.7.pom
[2ca50e80-4351-4800-9464-f81dd142723b/build]   | [INFO] Downloaded from central: https://repo.maven.apache.org/maven2/ch/qos/logback/logback-parent/1.1.7/logback-parent-1.1.7.pom (17 kB at 1.0 MB/s)
[2ca50e80-4351-4800-9464-f81dd142723b/build]   | [INFO] Downloading from central: https://repo.maven.apache.org/maven2/ch/qos/logback/logback-core/1.1.7/logback-core-1.1.7.pom
[2ca50e80-4351-4800-9464-f81dd142723b/build]   | [INFO] Downloaded from central: https://repo.maven.apache.org/maven2/ch/qos/logback/logback-core/1.1.7/logback-core-1.1.7.pom (4.4 kB at 126 kB/s)
[2ca50e80-4351-4800-9464-f81dd142723b/build]   | [INFO] Downloading from central: https://repo.maven.apache.org/maven2/org/slf4j/slf4j-api/1.7.20/slf4j-api-1.7.20.pom
[2ca50e80-4351-4800-9464-f81dd142723b/build]   | [INFO] Downloaded from central: https://repo.maven.apache.org/maven2/org/slf4j/slf4j-api/1.7.20/slf4j-api-1.7.20.pom (2.8 kB at 50 kB/s)
[2ca50e80-4351-4800-9464-f81dd142723b/build]   | [INFO] Downloading from central: https://repo.maven.apache.org/maven2/org/slf4j/slf4j-parent/1.7.20/slf4j-parent-1.7.20.pom
[2ca50e80-4351-4800-9464-f81dd142723b/build]   | [INFO] Downloaded from central: https://repo.maven.apache.org/maven2/org/slf4j/slf4j-parent/1.7.20/slf4j-parent-1.7.20.pom (14 kB at 422 kB/s)
[2ca50e80-4351-4800-9464-f81dd142723b/build]   | [INFO] Downloading from central: https://repo.maven.apache.org/maven2/junit/junit/4.12/junit-4.12.pom
[2ca50e80-4351-4800-9464-f81dd142723b/build]   | [INFO] Downloaded from central: https://repo.maven.apache.org/maven2/junit/junit/4.12/junit-4.12.pom (24 kB at 1.3 MB/s)
[2ca50e80-4351-4800-9464-f81dd142723b/build]   | [INFO] Downloading from central: https://repo.maven.apache.org/maven2/org/hamcrest/hamcrest-core/1.3/hamcrest-core-1.3.pom
[2ca50e80-4351-4800-9464-f81dd142723b/build]   | [INFO] Downloaded from central: https://repo.maven.apache.org/maven2/org/hamcrest/hamcrest-core/1.3/hamcrest-core-1.3.pom (766 B at 40 kB/s)
[2ca50e80-4351-4800-9464-f81dd142723b/build]   | [INFO] Downloading from central: https://repo.maven.apache.org/maven2/org/hamcrest/hamcrest-parent/1.3/hamcrest-parent-1.3.pom
[2ca50e80-4351-4800-9464-f81dd142723b/build]   | [INFO] Downloaded from central: https://repo.maven.apache.org/maven2/org/hamcrest/hamcrest-parent/1.3/hamcrest-parent-1.3.pom (2.0 kB at 17 kB/s)
[2ca50e80-4351-4800-9464-f81dd142723b/build]   | [INFO] Downloading from central: https://repo.maven.apache.org/maven2/org/springframework/spring-core/4.3.12.RELEASE/spring-core-4.3.12.RELEASE.jar
[2ca50e80-4351-4800-9464-f81dd142723b/build]   | [INFO] Downloading from central: https://repo.maven.apache.org/maven2/commons-logging/commons-logging/1.2/commons-logging-1.2.jar
[2ca50e80-4351-4800-9464-f81dd142723b/build]   | [INFO] Downloading from central: https://repo.maven.apache.org/maven2/org/slf4j/slf4j-api/1.7.21/slf4j-api-1.7.21.jar
[2ca50e80-4351-4800-9464-f81dd142723b/build]   | [INFO] Downloading from central: https://repo.maven.apache.org/maven2/org/slf4j/jcl-over-slf4j/1.7.21/jcl-over-slf4j-1.7.21.jar
[2ca50e80-4351-4800-9464-f81dd142723b/build]   | [INFO] Downloading from central: https://repo.maven.apache.org/maven2/ch/qos/logback/logback-classic/1.1.7/logback-classic-1.1.7.jar
[2ca50e80-4351-4800-9464-f81dd142723b/build]   | [INFO] Downloaded from central: https://repo.maven.apache.org/maven2/commons-logging/commons-logging/1.2/commons-logging-1.2.jar (62 kB at 909 kB/s)
[2ca50e80-4351-4800-9464-f81dd142723b/build]   | [INFO] Downloaded from central: https://repo.maven.apache.org/maven2/org/slf4j/jcl-over-slf4j/1.7.21/jcl-over-slf4j-1.7.21.jar (16 kB at 249 kB/s)
[2ca50e80-4351-4800-9464-f81dd142723b/build]   | [INFO] Downloading from central: https://repo.maven.apache.org/maven2/ch/qos/logback/logback-core/1.1.7/logback-core-1.1.7.jar
[2ca50e80-4351-4800-9464-f81dd142723b/build]   | [INFO] Downloading from central: https://repo.maven.apache.org/maven2/junit/junit/4.12/junit-4.12.jar
[2ca50e80-4351-4800-9464-f81dd142723b/build]   | [INFO] Downloaded from central: https://repo.maven.apache.org/maven2/org/slf4j/slf4j-api/1.7.21/slf4j-api-1.7.21.jar (41 kB at 461 kB/s)
[2ca50e80-4351-4800-9464-f81dd142723b/build]   | [INFO] Downloading from central: https://repo.maven.apache.org/maven2/org/hamcrest/hamcrest-core/1.3/hamcrest-core-1.3.jar
[2ca50e80-4351-4800-9464-f81dd142723b/build]   | [INFO] Downloaded from central: https://repo.maven.apache.org/maven2/org/hamcrest/hamcrest-core/1.3/hamcrest-core-1.3.jar (45 kB at 283 kB/s)
[2ca50e80-4351-4800-9464-f81dd142723b/build]   | [INFO] Downloaded from central: https://repo.maven.apache.org/maven2/junit/junit/4.12/junit-4.12.jar (315 kB at 1.9 MB/s)
[2ca50e80-4351-4800-9464-f81dd142723b/build]   | [INFO] Downloaded from central: https://repo.maven.apache.org/maven2/ch/qos/logback/logback-classic/1.1.7/logback-classic-1.1.7.jar (304 kB at 1.8 MB/s)
[2ca50e80-4351-4800-9464-f81dd142723b/build]   | [INFO] Downloaded from central: https://repo.maven.apache.org/maven2/ch/qos/logback/logback-core/1.1.7/logback-core-1.1.7.jar (471 kB at 2.6 MB/s)
[2ca50e80-4351-4800-9464-f81dd142723b/build]   | [INFO] Downloaded from central: https://repo.maven.apache.org/maven2/org/springframework/spring-core/4.3.12.RELEASE/spring-core-4.3.12.RELEASE.jar (1.1 MB at 3.2 MB/s)
[2ca50e80-4351-4800-9464-f81dd142723b/build]   | [INFO] 
[2ca50e80-4351-4800-9464-f81dd142723b/build]   | [INFO] --- maven-resources-plugin:2.6:resources (default-resources) @ zuul ---
[2ca50e80-4351-4800-9464-f81dd142723b/build]   | [INFO] Downloading from central: https://repo.maven.apache.org/maven2/org/apache/maven/maven-plugin-api/2.0.6/maven-plugin-api-2.0.6.pom
[2ca50e80-4351-4800-9464-f81dd142723b/build]   | [INFO] Downloaded from central: https://repo.maven.apache.org/maven2/org/apache/maven/maven-plugin-api/2.0.6/maven-plugin-api-2.0.6.pom (1.5 kB at 146 kB/s)
[2ca50e80-4351-4800-9464-f81dd142723b/build]   | [INFO] Downloading from central: https://repo.maven.apache.org/maven2/org/apache/maven/maven/2.0.6/maven-2.0.6.pom
[2ca50e80-4351-4800-9464-f81dd142723b/build]   | [INFO] Downloaded from central: https://repo.maven.apache.org/maven2/org/apache/maven/maven/2.0.6/maven-2.0.6.pom (9.0 kB at 822 kB/s)
[2ca50e80-4351-4800-9464-f81dd142723b/build]   | [INFO] Downloading from central: https://repo.maven.apache.org/maven2/org/apache/maven/maven-parent/5/maven-parent-5.pom
[2ca50e80-4351-4800-9464-f81dd142723b/build]   | [INFO] Downloaded from central: https://repo.maven.apache.org/maven2/org/apache/maven/maven-parent/5/maven-parent-5.pom (15 kB at 1.5 MB/s)
[2ca50e80-4351-4800-9464-f81dd142723b/build]   | [INFO] Downloading from central: https://repo.maven.apache.org/maven2/org/apache/apache/3/apache-3.pom
[2ca50e80-4351-4800-9464-f81dd142723b/build]   | [INFO] Downloaded from central: https://repo.maven.apache.org/maven2/org/apache/apache/3/apache-3.pom (3.4 kB at 214 kB/s)
[2ca50e80-4351-4800-9464-f81dd142723b/build]   | [INFO] Downloading from central: https://repo.maven.apache.org/maven2/org/apache/maven/maven-project/2.0.6/maven-project-2.0.6.pom
[2ca50e80-4351-4800-9464-f81dd142723b/build]   | [INFO] Downloaded from central: https://repo.maven.apache.org/maven2/org/apache/maven/maven-project/2.0.6/maven-project-2.0.6.pom (2.6 kB at 94 kB/s)
[2ca50e80-4351-4800-9464-f81dd142723b/build]   | [INFO] Downloading from central: https://repo.maven.apache.org/maven2/org/apache/maven/maven-settings/2.0.6/maven-settings-2.0.6.pom
[2ca50e80-4351-4800-9464-f81dd142723b/build]   | [INFO] Downloaded from central: https://repo.maven.apache.org/maven2/org/apache/maven/maven-settings/2.0.6/maven-settings-2.0.6.pom (2.0 kB at 80 kB/s)
[2ca50e80-4351-4800-9464-f81dd142723b/build]   | [INFO] Downloading from central: https://repo.maven.apache.org/maven2/org/apache/maven/maven-model/2.0.6/maven-model-2.0.6.pom
[2ca50e80-4351-4800-9464-f81dd142723b/build]   | [INFO] Downloaded from central: https://repo.maven.apache.org/maven2/org/apache/maven/maven-model/2.0.6/maven-model-2.0.6.pom (3.0 kB at 190 kB/s)
[2ca50e80-4351-4800-9464-f81dd142723b/build]   | [INFO] Downloading from central: https://repo.maven.apache.org/maven2/org/codehaus/plexus/plexus-utils/1.4.1/plexus-utils-1.4.1.pom
[2ca50e80-4351-4800-9464-f81dd142723b/build]   | [INFO] Downloaded from central: https://repo.maven.apache.org/maven2/org/codehaus/plexus/plexus-utils/1.4.1/plexus-utils-1.4.1.pom (1.9 kB at 119 kB/s)
[2ca50e80-4351-4800-9464-f81dd142723b/build]   | [INFO] Downloading from central: https://repo.maven.apache.org/maven2/org/codehaus/plexus/plexus/1.0.11/plexus-1.0.11.pom
[2ca50e80-4351-4800-9464-f81dd142723b/build]   | [INFO] Downloaded from central: https://repo.maven.apache.org/maven2/org/codehaus/plexus/plexus/1.0.11/plexus-1.0.11.pom (9.0 kB at 561 kB/s)
[2ca50e80-4351-4800-9464-f81dd142723b/build]   | [INFO] Downloading from central: https://repo.maven.apache.org/maven2/org/codehaus/plexus/plexus-container-default/1.0-alpha-9-stable-1/plexus-container-default-1.0-alpha-9-stable-1.pom
[2ca50e80-4351-4800-9464-f81dd142723b/build]   | [INFO] Downloaded from central: https://repo.maven.apache.org/maven2/org/codehaus/plexus/plexus-container-default/1.0-alpha-9-stable-1/plexus-container-default-1.0-alpha-9-stable-1.pom (3.9 kB at 172 kB/s)
[2ca50e80-4351-4800-9464-f81dd142723b/build]   | [INFO] Downloading from central: https://repo.maven.apache.org/maven2/org/codehaus/plexus/plexus-containers/1.0.3/plexus-containers-1.0.3.pom
[2ca50e80-4351-4800-9464-f81dd142723b/build]   | [INFO] Downloaded from central: https://repo.maven.apache.org/maven2/org/codehaus/plexus/plexus-containers/1.0.3/plexus-containers-1.0.3.pom (492 B at 1.9 kB/s)
[2ca50e80-4351-4800-9464-f81dd142723b/build]   | [INFO] Downloading from central: https://repo.maven.apache.org/maven2/org/codehaus/plexus/plexus/1.0.4/plexus-1.0.4.pom
[2ca50e80-4351-4800-9464-f81dd142723b/build]   | [INFO] Downloaded from central: https://repo.maven.apache.org/maven2/org/codehaus/plexus/plexus/1.0.4/plexus-1.0.4.pom (5.7 kB at 130 kB/s)
[2ca50e80-4351-4800-9464-f81dd142723b/build]   | [INFO] Downloading from central: https://repo.maven.apache.org/maven2/junit/junit/3.8.1/junit-3.8.1.pom
[2ca50e80-4351-4800-9464-f81dd142723b/build]   | [INFO] Downloaded from central: https://repo.maven.apache.org/maven2/junit/junit/3.8.1/junit-3.8.1.pom (998 B at 143 kB/s)
[2ca50e80-4351-4800-9464-f81dd142723b/build]   | [INFO] Downloading from central: https://repo.maven.apache.org/maven2/org/codehaus/plexus/plexus-utils/1.0.4/plexus-utils-1.0.4.pom
[2ca50e80-4351-4800-9464-f81dd142723b/build]   | [INFO] Downloaded from central: https://repo.maven.apache.org/maven2/org/codehaus/plexus/plexus-utils/1.0.4/plexus-utils-1.0.4.pom (6.9 kB at 527 kB/s)
[2ca50e80-4351-4800-9464-f81dd142723b/build]   | [INFO] Downloading from central: https://repo.maven.apache.org/maven2/classworlds/classworlds/1.1-alpha-2/classworlds-1.1-alpha-2.pom
[2ca50e80-4351-4800-9464-f81dd142723b/build]   | [INFO] Downloaded from central: https://repo.maven.apache.org/maven2/classworlds/classworlds/1.1-alpha-2/classworlds-1.1-alpha-2.pom (3.1 kB at 348 kB/s)
[2ca50e80-4351-4800-9464-f81dd142723b/build]   | [INFO] Downloading from central: https://repo.maven.apache.org/maven2/org/apache/maven/maven-profile/2.0.6/maven-profile-2.0.6.pom
[2ca50e80-4351-4800-9464-f81dd142723b/build]   | [INFO] Downloaded from central: https://repo.maven.apache.org/maven2/org/apache/maven/maven-profile/2.0.6/maven-profile-2.0.6.pom (2.0 kB at 198 kB/s)
[2ca50e80-4351-4800-9464-f81dd142723b/build]   | [INFO] Downloading from central: https://repo.maven.apache.org/maven2/org/apache/maven/maven-artifact-manager/2.0.6/maven-artifact-manager-2.0.6.pom
[2ca50e80-4351-4800-9464-f81dd142723b/build]   | [INFO] Downloaded from central: https://repo.maven.apache.org/maven2/org/apache/maven/maven-artifact-manager/2.0.6/maven-artifact-manager-2.0.6.pom (2.6 kB at 187 kB/s)
[2ca50e80-4351-4800-9464-f81dd142723b/build]   | [INFO] Downloading from central: https://repo.maven.apache.org/maven2/org/apache/maven/maven-repository-metadata/2.0.6/maven-repository-metadata-2.0.6.pom
[2ca50e80-4351-4800-9464-f81dd142723b/build]   | [INFO] Downloaded from central: https://repo.maven.apache.org/maven2/org/apache/maven/maven-repository-metadata/2.0.6/maven-repository-metadata-2.0.6.pom (1.9 kB at 231 kB/s)
[2ca50e80-4351-4800-9464-f81dd142723b/build]   | [INFO] Downloading from central: https://repo.maven.apache.org/maven2/org/apache/maven/maven-artifact/2.0.6/maven-artifact-2.0.6.pom
[2ca50e80-4351-4800-9464-f81dd142723b/build]   | [INFO] Downloaded from central: https://repo.maven.apache.org/maven2/org/apache/maven/maven-artifact/2.0.6/maven-artifact-2.0.6.pom (1.6 kB at 113 kB/s)
[2ca50e80-4351-4800-9464-f81dd142723b/build]   | [INFO] Downloading from central: https://repo.maven.apache.org/maven2/org/apache/maven/maven-plugin-registry/2.0.6/maven-plugin-registry-2.0.6.pom
[2ca50e80-4351-4800-9464-f81dd142723b/build]   | [INFO] Downloaded from central: https://repo.maven.apache.org/maven2/org/apache/maven/maven-plugin-registry/2.0.6/maven-plugin-registry-2.0.6.pom (1.9 kB at 243 kB/s)
[2ca50e80-4351-4800-9464-f81dd142723b/build]   | [INFO] Downloading from central: https://repo.maven.apache.org/maven2/org/apache/maven/maven-core/2.0.6/maven-core-2.0.6.pom
[2ca50e80-4351-4800-9464-f81dd142723b/build]   | [INFO] Downloaded from central: https://repo.maven.apache.org/maven2/org/apache/maven/maven-core/2.0.6/maven-core-2.0.6.pom (6.7 kB at 447 kB/s)
[2ca50e80-4351-4800-9464-f81dd142723b/build]   | [INFO] Downloading from central: https://repo.maven.apache.org/maven2/org/apache/maven/maven-plugin-parameter-documenter/2.0.6/maven-plugin-parameter-documenter-2.0.6.pom
[2ca50e80-4351-4800-9464-f81dd142723b/build]   | [INFO] Downloaded from central: https://repo.maven.apache.org/maven2/org/apache/maven/maven-plugin-parameter-documenter/2.0.6/maven-plugin-parameter-documenter-2.0.6.pom (1.9 kB at 76 kB/s)
[2ca50e80-4351-4800-9464-f81dd142723b/build]   | [INFO] Downloading from central: https://repo.maven.apache.org/maven2/org/apache/maven/reporting/maven-reporting-api/2.0.6/maven-reporting-api-2.0.6.pom
[2ca50e80-4351-4800-9464-f81dd142723b/build]   | [INFO] Downloaded from central: https://repo.maven.apache.org/maven2/org/apache/maven/reporting/maven-reporting-api/2.0.6/maven-reporting-api-2.0.6.pom (1.8 kB at 67 kB/s)
[2ca50e80-4351-4800-9464-f81dd142723b/build]   | [INFO] Downloading from central: https://repo.maven.apache.org/maven2/org/apache/maven/reporting/maven-reporting/2.0.6/maven-reporting-2.0.6.pom
[2ca50e80-4351-4800-9464-f81dd142723b/build]   | [INFO] Downloaded from central: https://repo.maven.apache.org/maven2/org/apache/maven/reporting/maven-reporting/2.0.6/maven-reporting-2.0.6.pom (1.4 kB at 160 kB/s)
[2ca50e80-4351-4800-9464-f81dd142723b/build]   | [INFO] Downloading from central: https://repo.maven.apache.org/maven2/org/apache/maven/doxia/doxia-sink-api/1.0-alpha-7/doxia-sink-api-1.0-alpha-7.pom
[2ca50e80-4351-4800-9464-f81dd142723b/build]   | [INFO] Downloaded from central: https://repo.maven.apache.org/maven2/org/apache/maven/doxia/doxia-sink-api/1.0-alpha-7/doxia-sink-api-1.0-alpha-7.pom (424 B at 11 kB/s)
[2ca50e80-4351-4800-9464-f81dd142723b/build]   | [INFO] Downloading from central: https://repo.maven.apache.org/maven2/org/apache/maven/doxia/doxia/1.0-alpha-7/doxia-1.0-alpha-7.pom
[2ca50e80-4351-4800-9464-f81dd142723b/build]   | [INFO] Downloaded from central: https://repo.maven.apache.org/maven2/org/apache/maven/doxia/doxia/1.0-alpha-7/doxia-1.0-alpha-7.pom (3.9 kB at 170 kB/s)
[2ca50e80-4351-4800-9464-f81dd142723b/build]   | [INFO] Downloading from central: https://repo.maven.apache.org/maven2/org/apache/maven/maven-error-diagnostics/2.0.6/maven-error-diagnostics-2.0.6.pom
[2ca50e80-4351-4800-9464-f81dd142723b/build]   | [INFO] Downloaded from central: https://repo.maven.apache.org/maven2/org/apache/maven/maven-error-diagnostics/2.0.6/maven-error-diagnostics-2.0.6.pom (1.7 kB at 155 kB/s)
[2ca50e80-4351-4800-9464-f81dd142723b/build]   | [INFO] Downloading from central: https://repo.maven.apache.org/maven2/commons-cli/commons-cli/1.0/commons-cli-1.0.pom
[2ca50e80-4351-4800-9464-f81dd142723b/build]   | [INFO] Downloaded from central: https://repo.maven.apache.org/maven2/commons-cli/commons-cli/1.0/commons-cli-1.0.pom (2.1 kB at 81 kB/s)
[2ca50e80-4351-4800-9464-f81dd142723b/build]   | [INFO] Downloading from central: https://repo.maven.apache.org/maven2/org/apache/maven/maven-plugin-descriptor/2.0.6/maven-plugin-descriptor-2.0.6.pom
[2ca50e80-4351-4800-9464-f81dd142723b/build]   | [INFO] Downloaded from central: https://repo.maven.apache.org/maven2/org/apache/maven/maven-plugin-descriptor/2.0.6/maven-plugin-descriptor-2.0.6.pom (2.0 kB at 135 kB/s)
[2ca50e80-4351-4800-9464-f81dd142723b/build]   | [INFO] Downloading from central: https://repo.maven.apache.org/maven2/org/codehaus/plexus/plexus-interactivity-api/1.0-alpha-4/plexus-interactivity-api-1.0-alpha-4.pom
[2ca50e80-4351-4800-9464-f81dd142723b/build]   | [INFO] Downloaded from central: https://repo.maven.apache.org/maven2/org/codehaus/plexus/plexus-interactivity-api/1.0-alpha-4/plexus-interactivity-api-1.0-alpha-4.pom (7.1 kB at 443 kB/s)
[2ca50e80-4351-4800-9464-f81dd142723b/build]   | [INFO] Downloading from central: https://repo.maven.apache.org/maven2/org/apache/maven/maven-monitor/2.0.6/maven-monitor-2.0.6.pom
[2ca50e80-4351-4800-9464-f81dd142723b/build]   | [INFO] Downloaded from central: https://repo.maven.apache.org/maven2/org/apache/maven/maven-monitor/2.0.6/maven-monitor-2.0.6.pom (1.3 kB at 90 kB/s)
[2ca50e80-4351-4800-9464-f81dd142723b/build]   | [INFO] Downloading from central: https://repo.maven.apache.org/maven2/classworlds/classworlds/1.1/classworlds-1.1.pom
[2ca50e80-4351-4800-9464-f81dd142723b/build]   | [INFO] Downloaded from central: https://repo.maven.apache.org/maven2/classworlds/classworlds/1.1/classworlds-1.1.pom (3.3 kB at 222 kB/s)
[2ca50e80-4351-4800-9464-f81dd142723b/build]   | [INFO] Downloading from central: https://repo.maven.apache.org/maven2/org/codehaus/plexus/plexus-utils/2.0.5/plexus-utils-2.0.5.pom
[2ca50e80-4351-4800-9464-f81dd142723b/build]   | [INFO] Downloaded from central: https://repo.maven.apache.org/maven2/org/codehaus/plexus/plexus-utils/2.0.5/plexus-utils-2.0.5.pom (3.3 kB at 90 kB/s)
[2ca50e80-4351-4800-9464-f81dd142723b/build]   | [INFO] Downloading from central: https://repo.maven.apache.org/maven2/org/codehaus/plexus/plexus/2.0.6/plexus-2.0.6.pom
[2ca50e80-4351-4800-9464-f81dd142723b/build]   | [INFO] Downloaded from central: https://repo.maven.apache.org/maven2/org/codehaus/plexus/plexus/2.0.6/plexus-2.0.6.pom (17 kB at 986 kB/s)
[2ca50e80-4351-4800-9464-f81dd142723b/build]   | [INFO] Downloading from central: https://repo.maven.apache.org/maven2/org/apache/maven/shared/maven-filtering/1.1/maven-filtering-1.1.pom
[2ca50e80-4351-4800-9464-f81dd142723b/build]   | [INFO] Downloaded from central: https://repo.maven.apache.org/maven2/org/apache/maven/shared/maven-filtering/1.1/maven-filtering-1.1.pom (5.8 kB at 386 kB/s)
[2ca50e80-4351-4800-9464-f81dd142723b/build]   | [INFO] Downloading from central: https://repo.maven.apache.org/maven2/org/apache/maven/shared/maven-shared-components/17/maven-shared-components-17.pom
[2ca50e80-4351-4800-9464-f81dd142723b/build]   | [INFO] Downloaded from central: https://repo.maven.apache.org/maven2/org/apache/maven/shared/maven-shared-components/17/maven-shared-components-17.pom (8.7 kB at 363 kB/s)
[2ca50e80-4351-4800-9464-f81dd142723b/build]   | [INFO] Downloading from central: https://repo.maven.apache.org/maven2/org/codehaus/plexus/plexus-utils/1.5.15/plexus-utils-1.5.15.pom
[2ca50e80-4351-4800-9464-f81dd142723b/build]   | [INFO] Downloaded from central: https://repo.maven.apache.org/maven2/org/codehaus/plexus/plexus-utils/1.5.15/plexus-utils-1.5.15.pom (6.8 kB at 298 kB/s)
[2ca50e80-4351-4800-9464-f81dd142723b/build]   | [INFO] Downloading from central: https://repo.maven.apache.org/maven2/org/codehaus/plexus/plexus/2.0.2/plexus-2.0.2.pom
[2ca50e80-4351-4800-9464-f81dd142723b/build]   | [INFO] Downloaded from central: https://repo.maven.apache.org/maven2/org/codehaus/plexus/plexus/2.0.2/plexus-2.0.2.pom (12 kB at 1.2 MB/s)
[2ca50e80-4351-4800-9464-f81dd142723b/build]   | [INFO] Downloading from central: https://repo.maven.apache.org/maven2/org/codehaus/plexus/plexus-interpolation/1.12/plexus-interpolation-1.12.pom
[2ca50e80-4351-4800-9464-f81dd142723b/build]   | [INFO] Downloaded from central: https://repo.maven.apache.org/maven2/org/codehaus/plexus/plexus-interpolation/1.12/plexus-interpolation-1.12.pom (889 B at 99 kB/s)
[2ca50e80-4351-4800-9464-f81dd142723b/build]   | [INFO] Downloading from central: https://repo.maven.apache.org/maven2/org/codehaus/plexus/plexus-components/1.1.14/plexus-components-1.1.14.pom
[2ca50e80-4351-4800-9464-f81dd142723b/build]   | [INFO] Downloaded from central: https://repo.maven.apache.org/maven2/org/codehaus/plexus/plexus-components/1.1.14/plexus-components-1.1.14.pom (5.8 kB at 389 kB/s)
[2ca50e80-4351-4800-9464-f81dd142723b/build]   | [INFO] Downloading from central: https://repo.maven.apache.org/maven2/org/sonatype/plexus/plexus-build-api/0.0.4/plexus-build-api-0.0.4.pom
[2ca50e80-4351-4800-9464-f81dd142723b/build]   | [INFO] Downloaded from central: https://repo.maven.apache.org/maven2/org/sonatype/plexus/plexus-build-api/0.0.4/plexus-build-api-0.0.4.pom (2.9 kB at 220 kB/s)
[2ca50e80-4351-4800-9464-f81dd142723b/build]   | [INFO] Downloading from central: https://repo.maven.apache.org/maven2/org/sonatype/spice/spice-parent/10/spice-parent-10.pom
[2ca50e80-4351-4800-9464-f81dd142723b/build]   | [INFO] Downloaded from central: https://repo.maven.apache.org/maven2/org/sonatype/spice/spice-parent/10/spice-parent-10.pom (3.0 kB at 232 kB/s)
[2ca50e80-4351-4800-9464-f81dd142723b/build]   | [INFO] Downloading from central: https://repo.maven.apache.org/maven2/org/sonatype/forge/forge-parent/3/forge-parent-3.pom
[2ca50e80-4351-4800-9464-f81dd142723b/build]   | [INFO] Downloaded from central: https://repo.maven.apache.org/maven2/org/sonatype/forge/forge-parent/3/forge-parent-3.pom (5.0 kB at 503 kB/s)
[2ca50e80-4351-4800-9464-f81dd142723b/build]   | [INFO] Downloading from central: https://repo.maven.apache.org/maven2/org/codehaus/plexus/plexus-utils/1.5.8/plexus-utils-1.5.8.pom
[2ca50e80-4351-4800-9464-f81dd142723b/build]   | [INFO] Downloaded from central: https://repo.maven.apache.org/maven2/org/codehaus/plexus/plexus-utils/1.5.8/plexus-utils-1.5.8.pom (8.1 kB at 733 kB/s)
[2ca50e80-4351-4800-9464-f81dd142723b/build]   | [INFO] Downloading from central: https://repo.maven.apache.org/maven2/org/codehaus/plexus/plexus-interpolation/1.13/plexus-interpolation-1.13.pom
[2ca50e80-4351-4800-9464-f81dd142723b/build]   | [INFO] Downloaded from central: https://repo.maven.apache.org/maven2/org/codehaus/plexus/plexus-interpolation/1.13/plexus-interpolation-1.13.pom (890 B at 99 kB/s)
[2ca50e80-4351-4800-9464-f81dd142723b/build]   | [INFO] Downloading from central: https://repo.maven.apache.org/maven2/org/codehaus/plexus/plexus-components/1.1.15/plexus-components-1.1.15.pom
[2ca50e80-4351-4800-9464-f81dd142723b/build]   | [INFO] Downloaded from central: https://repo.maven.apache.org/maven2/org/codehaus/plexus/plexus-components/1.1.15/plexus-components-1.1.15.pom (2.8 kB at 237 kB/s)
[2ca50e80-4351-4800-9464-f81dd142723b/build]   | [INFO] Downloading from central: https://repo.maven.apache.org/maven2/org/codehaus/plexus/plexus/2.0.3/plexus-2.0.3.pom
[2ca50e80-4351-4800-9464-f81dd142723b/build]   | [INFO] Downloaded from central: https://repo.maven.apache.org/maven2/org/codehaus/plexus/plexus/2.0.3/plexus-2.0.3.pom (15 kB at 1.7 MB/s)
[2ca50e80-4351-4800-9464-f81dd142723b/build]   | [INFO] Downloading from central: https://repo.maven.apache.org/maven2/org/apache/maven/maven-plugin-api/2.0.6/maven-plugin-api-2.0.6.jar
[2ca50e80-4351-4800-9464-f81dd142723b/build]   | [INFO] Downloading from central: https://repo.maven.apache.org/maven2/org/apache/maven/maven-project/2.0.6/maven-project-2.0.6.jar
[2ca50e80-4351-4800-9464-f81dd142723b/build]   | [INFO] Downloading from central: https://repo.maven.apache.org/maven2/org/apache/maven/maven-profile/2.0.6/maven-profile-2.0.6.jar
[2ca50e80-4351-4800-9464-f81dd142723b/build]   | [INFO] Downloading from central: https://repo.maven.apache.org/maven2/org/apache/maven/maven-plugin-registry/2.0.6/maven-plugin-registry-2.0.6.jar
[2ca50e80-4351-4800-9464-f81dd142723b/build]   | [INFO] Downloading from central: https://repo.maven.apache.org/maven2/org/apache/maven/maven-artifact-manager/2.0.6/maven-artifact-manager-2.0.6.jar
[2ca50e80-4351-4800-9464-f81dd142723b/build]   | [INFO] Downloaded from central: https://repo.maven.apache.org/maven2/org/apache/maven/maven-plugin-api/2.0.6/maven-plugin-api-2.0.6.jar (13 kB at 514 kB/s)
[2ca50e80-4351-4800-9464-f81dd142723b/build]   | [INFO] Downloading from central: https://repo.maven.apache.org/maven2/org/apache/maven/maven-core/2.0.6/maven-core-2.0.6.jar
[2ca50e80-4351-4800-9464-f81dd142723b/build]   | [INFO] Downloaded from central: https://repo.maven.apache.org/maven2/org/apache/maven/maven-profile/2.0.6/maven-profile-2.0.6.jar (35 kB at 1.5 MB/s)
[2ca50e80-4351-4800-9464-f81dd142723b/build]   | [INFO] Downloading from central: https://repo.maven.apache.org/maven2/org/apache/maven/maven-plugin-parameter-documenter/2.0.6/maven-plugin-parameter-documenter-2.0.6.jar
[2ca50e80-4351-4800-9464-f81dd142723b/build]   | [INFO] Downloaded from central: https://repo.maven.apache.org/maven2/org/apache/maven/maven-project/2.0.6/maven-project-2.0.6.jar (116 kB at 3.3 MB/s)
[2ca50e80-4351-4800-9464-f81dd142723b/build]   | [INFO] Downloading from central: https://repo.maven.apache.org/maven2/org/apache/maven/reporting/maven-reporting-api/2.0.6/maven-reporting-api-2.0.6.jar
[2ca50e80-4351-4800-9464-f81dd142723b/build]   | [INFO] Downloaded from central: https://repo.maven.apache.org/maven2/org/apache/maven/maven-artifact-manager/2.0.6/maven-artifact-manager-2.0.6.jar (57 kB at 1.7 MB/s)
[2ca50e80-4351-4800-9464-f81dd142723b/build]   | [INFO] Downloading from central: https://repo.maven.apache.org/maven2/org/apache/maven/doxia/doxia-sink-api/1.0-alpha-7/doxia-sink-api-1.0-alpha-7.jar
[2ca50e80-4351-4800-9464-f81dd142723b/build]   | [INFO] Downloaded from central: https://repo.maven.apache.org/maven2/org/apache/maven/maven-plugin-registry/2.0.6/maven-plugin-registry-2.0.6.jar (29 kB at 723 kB/s)
[2ca50e80-4351-4800-9464-f81dd142723b/build]   | [INFO] Downloading from central: https://repo.maven.apache.org/maven2/org/apache/maven/maven-repository-metadata/2.0.6/maven-repository-metadata-2.0.6.jar
[2ca50e80-4351-4800-9464-f81dd142723b/build]   | [INFO] Downloaded from central: https://repo.maven.apache.org/maven2/org/apache/maven/maven-core/2.0.6/maven-core-2.0.6.jar (152 kB at 3.2 MB/s)
[2ca50e80-4351-4800-9464-f81dd142723b/build]   | [INFO] Downloading from central: https://repo.maven.apache.org/maven2/org/apache/maven/maven-error-diagnostics/2.0.6/maven-error-diagnostics-2.0.6.jar
[2ca50e80-4351-4800-9464-f81dd142723b/build]   | [INFO] Downloaded from central: https://repo.maven.apache.org/maven2/org/apache/maven/maven-plugin-parameter-documenter/2.0.6/maven-plugin-parameter-documenter-2.0.6.jar (21 kB at 424 kB/s)
[2ca50e80-4351-4800-9464-f81dd142723b/build]   | [INFO] Downloading from central: https://repo.maven.apache.org/maven2/commons-cli/commons-cli/1.0/commons-cli-1.0.jar
[2ca50e80-4351-4800-9464-f81dd142723b/build]   | [INFO] Downloaded from central: https://repo.maven.apache.org/maven2/org/apache/maven/reporting/maven-reporting-api/2.0.6/maven-reporting-api-2.0.6.jar (9.9 kB at 188 kB/s)
[2ca50e80-4351-4800-9464-f81dd142723b/build]   | [INFO] Downloading from central: https://repo.maven.apache.org/maven2/org/apache/maven/maven-plugin-descriptor/2.0.6/maven-plugin-descriptor-2.0.6.jar
[2ca50e80-4351-4800-9464-f81dd142723b/build]   | [INFO] Downloaded from central: https://repo.maven.apache.org/maven2/org/apache/maven/maven-repository-metadata/2.0.6/maven-repository-metadata-2.0.6.jar (24 kB at 445 kB/s)
[2ca50e80-4351-4800-9464-f81dd142723b/build]   | [INFO] Downloading from central: https://repo.maven.apache.org/maven2/org/codehaus/plexus/plexus-interactivity-api/1.0-alpha-4/plexus-interactivity-api-1.0-alpha-4.jar
[2ca50e80-4351-4800-9464-f81dd142723b/build]   | [INFO] Downloaded from central: https://repo.maven.apache.org/maven2/commons-cli/commons-cli/1.0/commons-cli-1.0.jar (30 kB at 528 kB/s)
[2ca50e80-4351-4800-9464-f81dd142723b/build]   | [INFO] Downloading from central: https://repo.maven.apache.org/maven2/classworlds/classworlds/1.1/classworlds-1.1.jar
[2ca50e80-4351-4800-9464-f81dd142723b/build]   | [INFO] Downloaded from central: https://repo.maven.apache.org/maven2/org/apache/maven/doxia/doxia-sink-api/1.0-alpha-7/doxia-sink-api-1.0-alpha-7.jar (5.9 kB at 104 kB/s)
[2ca50e80-4351-4800-9464-f81dd142723b/build]   | [INFO] Downloading from central: https://repo.maven.apache.org/maven2/org/apache/maven/maven-artifact/2.0.6/maven-artifact-2.0.6.jar
[2ca50e80-4351-4800-9464-f81dd142723b/build]   | [INFO] Downloaded from central: https://repo.maven.apache.org/maven2/org/apache/maven/maven-error-diagnostics/2.0.6/maven-error-diagnostics-2.0.6.jar (14 kB at 235 kB/s)
[2ca50e80-4351-4800-9464-f81dd142723b/build]   | [INFO] Downloading from central: https://repo.maven.apache.org/maven2/org/apache/maven/maven-settings/2.0.6/maven-settings-2.0.6.jar
[2ca50e80-4351-4800-9464-f81dd142723b/build]   | [INFO] Downloaded from central: https://repo.maven.apache.org/maven2/org/apache/maven/maven-plugin-descriptor/2.0.6/maven-plugin-descriptor-2.0.6.jar (37 kB at 585 kB/s)
[2ca50e80-4351-4800-9464-f81dd142723b/build]   | [INFO] Downloading from central: https://repo.maven.apache.org/maven2/org/apache/maven/maven-model/2.0.6/maven-model-2.0.6.jar
[2ca50e80-4351-4800-9464-f81dd142723b/build]   | [INFO] Downloaded from central: https://repo.maven.apache.org/maven2/classworlds/classworlds/1.1/classworlds-1.1.jar (38 kB at 574 kB/s)
[2ca50e80-4351-4800-9464-f81dd142723b/build]   | [INFO] Downloading from central: https://repo.maven.apache.org/maven2/org/apache/maven/maven-monitor/2.0.6/maven-monitor-2.0.6.jar
[2ca50e80-4351-4800-9464-f81dd142723b/build]   | [INFO] Downloaded from central: https://repo.maven.apache.org/maven2/org/apache/maven/maven-settings/2.0.6/maven-settings-2.0.6.jar (49 kB at 733 kB/s)
[2ca50e80-4351-4800-9464-f81dd142723b/build]   | [INFO] Downloading from central: https://repo.maven.apache.org/maven2/org/codehaus/plexus/plexus-container-default/1.0-alpha-9-stable-1/plexus-container-default-1.0-alpha-9-stable-1.jar
[2ca50e80-4351-4800-9464-f81dd142723b/build]   | [INFO] Downloaded from central: https://repo.maven.apache.org/maven2/org/apache/maven/maven-monitor/2.0.6/maven-monitor-2.0.6.jar (10 kB at 137 kB/s)
[2ca50e80-4351-4800-9464-f81dd142723b/build]   | [INFO] Downloading from central: https://repo.maven.apache.org/maven2/junit/junit/3.8.1/junit-3.8.1.jar
[2ca50e80-4351-4800-9464-f81dd142723b/build]   | [INFO] Downloaded from central: https://repo.maven.apache.org/maven2/org/codehaus/plexus/plexus-interactivity-api/1.0-alpha-4/plexus-interactivity-api-1.0-alpha-4.jar (13 kB at 176 kB/s)
[2ca50e80-4351-4800-9464-f81dd142723b/build]   | [INFO] Downloading from central: https://repo.maven.apache.org/maven2/org/codehaus/plexus/plexus-utils/2.0.5/plexus-utils-2.0.5.jar
[2ca50e80-4351-4800-9464-f81dd142723b/build]   | [INFO] Downloaded from central: https://repo.maven.apache.org/maven2/org/apache/maven/maven-model/2.0.6/maven-model-2.0.6.jar (86 kB at 982 kB/s)
[2ca50e80-4351-4800-9464-f81dd142723b/build]   | [INFO] Downloading from central: https://repo.maven.apache.org/maven2/org/apache/maven/shared/maven-filtering/1.1/maven-filtering-1.1.jar
[2ca50e80-4351-4800-9464-f81dd142723b/build]   | [INFO] Downloaded from central: https://repo.maven.apache.org/maven2/org/codehaus/plexus/plexus-container-default/1.0-alpha-9-stable-1/plexus-container-default-1.0-alpha-9-stable-1.jar (194 kB at 2.0 MB/s)
[2ca50e80-4351-4800-9464-f81dd142723b/build]   | [INFO] Downloading from central: https://repo.maven.apache.org/maven2/org/sonatype/plexus/plexus-build-api/0.0.4/plexus-build-api-0.0.4.jar
[2ca50e80-4351-4800-9464-f81dd142723b/build]   | [INFO] Downloaded from central: https://repo.maven.apache.org/maven2/org/apache/maven/maven-artifact/2.0.6/maven-artifact-2.0.6.jar (87 kB at 856 kB/s)
[2ca50e80-4351-4800-9464-f81dd142723b/build]   | [INFO] Downloading from central: https://repo.maven.apache.org/maven2/org/codehaus/plexus/plexus-interpolation/1.13/plexus-interpolation-1.13.jar
[2ca50e80-4351-4800-9464-f81dd142723b/build]   | [INFO] Downloaded from central: https://repo.maven.apache.org/maven2/junit/junit/3.8.1/junit-3.8.1.jar (121 kB at 1.1 MB/s)
[2ca50e80-4351-4800-9464-f81dd142723b/build]   | [INFO] Downloaded from central: https://repo.maven.apache.org/maven2/org/apache/maven/shared/maven-filtering/1.1/maven-filtering-1.1.jar (43 kB at 392 kB/s)
[2ca50e80-4351-4800-9464-f81dd142723b/build]   | [INFO] Downloaded from central: https://repo.maven.apache.org/maven2/org/codehaus/plexus/plexus-utils/2.0.5/plexus-utils-2.0.5.jar (223 kB at 2.0 MB/s)
[2ca50e80-4351-4800-9464-f81dd142723b/build]   | [INFO] Downloaded from central: https://repo.maven.apache.org/maven2/org/sonatype/plexus/plexus-build-api/0.0.4/plexus-build-api-0.0.4.jar (6.8 kB at 59 kB/s)
[2ca50e80-4351-4800-9464-f81dd142723b/build]   | [INFO] Downloaded from central: https://repo.maven.apache.org/maven2/org/codehaus/plexus/plexus-interpolation/1.13/plexus-interpolation-1.13.jar (61 kB at 526 kB/s)
[2ca50e80-4351-4800-9464-f81dd142723b/build]   | [WARNING] Using platform encoding (UTF-8 actually) to copy filtered resources, i.e. build is platform dependent!
[2ca50e80-4351-4800-9464-f81dd142723b/build]   | [INFO] skip non existing resourceDirectory /tmp/dcf2de27-a8db-4b3d-bb21-a92ec5a0d400/src/main/resources
[2ca50e80-4351-4800-9464-f81dd142723b/build]   | [INFO] 
[2ca50e80-4351-4800-9464-f81dd142723b/build]   | [INFO] --- maven-compiler-plugin:3.5.1:compile (default-compile) @ zuul ---
[2ca50e80-4351-4800-9464-f81dd142723b/build]   | [INFO] Downloading from central: https://repo.maven.apache.org/maven2/org/apache/maven/maven-plugin-api/3.0/maven-plugin-api-3.0.pom
[2ca50e80-4351-4800-9464-f81dd142723b/build]   | [INFO] Downloaded from central: https://repo.maven.apache.org/maven2/org/apache/maven/maven-plugin-api/3.0/maven-plugin-api-3.0.pom (2.3 kB at 254 kB/s)
[2ca50e80-4351-4800-9464-f81dd142723b/build]   | [INFO] Downloading from central: https://repo.maven.apache.org/maven2/org/apache/maven/maven/3.0/maven-3.0.pom
[2ca50e80-4351-4800-9464-f81dd142723b/build]   | [INFO] Downloaded from central: https://repo.maven.apache.org/maven2/org/apache/maven/maven/3.0/maven-3.0.pom (22 kB at 1.7 MB/s)
[2ca50e80-4351-4800-9464-f81dd142723b/build]   | [INFO] Downloading from central: https://repo.maven.apache.org/maven2/org/apache/maven/maven-parent/15/maven-parent-15.pom
[2ca50e80-4351-4800-9464-f81dd142723b/build]   | [INFO] Downloaded from central: https://repo.maven.apache.org/maven2/org/apache/maven/maven-parent/15/maven-parent-15.pom (24 kB at 1.6 MB/s)
[2ca50e80-4351-4800-9464-f81dd142723b/build]   | [INFO] Downloading from central: https://repo.maven.apache.org/maven2/org/apache/apache/6/apache-6.pom
[2ca50e80-4351-4800-9464-f81dd142723b/build]   | [INFO] Downloaded from central: https://repo.maven.apache.org/maven2/org/apache/apache/6/apache-6.pom (13 kB at 984 kB/s)
[2ca50e80-4351-4800-9464-f81dd142723b/build]   | [INFO] Downloading from central: https://repo.maven.apache.org/maven2/org/apache/maven/maven-model/3.0/maven-model-3.0.pom
[2ca50e80-4351-4800-9464-f81dd142723b/build]   | [INFO] Downloaded from central: https://repo.maven.apache.org/maven2/org/apache/maven/maven-model/3.0/maven-model-3.0.pom (3.9 kB at 169 kB/s)
[2ca50e80-4351-4800-9464-f81dd142723b/build]   | [INFO] Downloading from central: https://repo.maven.apache.org/maven2/org/codehaus/plexus/plexus-utils/2.0.4/plexus-utils-2.0.4.pom
[2ca50e80-4351-4800-9464-f81dd142723b/build]   | [INFO] Downloaded from central: https://repo.maven.apache.org/maven2/org/codehaus/plexus/plexus-utils/2.0.4/plexus-utils-2.0.4.pom (3.3 kB at 49 kB/s)
[2ca50e80-4351-4800-9464-f81dd142723b/build]   | [INFO] Downloading from central: https://repo.maven.apache.org/maven2/org/apache/maven/maven-artifact/3.0/maven-artifact-3.0.pom
[2ca50e80-4351-4800-9464-f81dd142723b/build]   | [INFO] Downloaded from central: https://repo.maven.apache.org/maven2/org/apache/maven/maven-artifact/3.0/maven-artifact-3.0.pom (1.9 kB at 161 kB/s)
[2ca50e80-4351-4800-9464-f81dd142723b/build]   | [INFO] Downloading from central: https://repo.maven.apache.org/maven2/org/sonatype/sisu/sisu-inject-plexus/1.4.2/sisu-inject-plexus-1.4.2.pom
[2ca50e80-4351-4800-9464-f81dd142723b/build]   | [INFO] Downloaded from central: https://repo.maven.apache.org/maven2/org/sonatype/sisu/sisu-inject-plexus/1.4.2/sisu-inject-plexus-1.4.2.pom (5.4 kB at 96 kB/s)
[2ca50e80-4351-4800-9464-f81dd142723b/build]   | [INFO] Downloading from central: https://repo.maven.apache.org/maven2/org/sonatype/sisu/inject/guice-plexus/1.4.2/guice-plexus-1.4.2.pom
[2ca50e80-4351-4800-9464-f81dd142723b/build]   | [INFO] Downloaded from central: https://repo.maven.apache.org/maven2/org/sonatype/sisu/inject/guice-plexus/1.4.2/guice-plexus-1.4.2.pom (3.1 kB at 184 kB/s)
[2ca50e80-4351-4800-9464-f81dd142723b/build]   | [INFO] Downloading from central: https://repo.maven.apache.org/maven2/org/sonatype/sisu/inject/guice-bean/1.4.2/guice-bean-1.4.2.pom
[2ca50e80-4351-4800-9464-f81dd142723b/build]   | [INFO] Downloaded from central: https://repo.maven.apache.org/maven2/org/sonatype/sisu/inject/guice-bean/1.4.2/guice-bean-1.4.2.pom (2.6 kB at 52 kB/s)
[2ca50e80-4351-4800-9464-f81dd142723b/build]   | [INFO] Downloading from central: https://repo.maven.apache.org/maven2/org/sonatype/sisu/sisu-inject/1.4.2/sisu-inject-1.4.2.pom
[2ca50e80-4351-4800-9464-f81dd142723b/build]   | [INFO] Downloaded from central: https://repo.maven.apache.org/maven2/org/sonatype/sisu/sisu-inject/1.4.2/sisu-inject-1.4.2.pom (1.2 kB at 23 kB/s)
[2ca50e80-4351-4800-9464-f81dd142723b/build]   | [INFO] Downloading from central: https://repo.maven.apache.org/maven2/org/sonatype/sisu/sisu-parent/1.4.2/sisu-parent-1.4.2.pom
[2ca50e80-4351-4800-9464-f81dd142723b/build]   | [INFO] Downloaded from central: https://repo.maven.apache.org/maven2/org/sonatype/sisu/sisu-parent/1.4.2/sisu-parent-1.4.2.pom (7.8 kB at 123 kB/s)
[2ca50e80-4351-4800-9464-f81dd142723b/build]   | [INFO] Downloading from central: https://repo.maven.apache.org/maven2/org/sonatype/forge/forge-parent/6/forge-parent-6.pom
[2ca50e80-4351-4800-9464-f81dd142723b/build]   | [INFO] Downloaded from central: https://repo.maven.apache.org/maven2/org/sonatype/forge/forge-parent/6/forge-parent-6.pom (11 kB at 633 kB/s)
[2ca50e80-4351-4800-9464-f81dd142723b/build]   | [INFO] Downloading from central: https://repo.maven.apache.org/maven2/org/codehaus/plexus/plexus-component-annotations/1.5.5/plexus-component-annotations-1.5.5.pom
[2ca50e80-4351-4800-9464-f81dd142723b/build]   | [INFO] Downloaded from central: https://repo.maven.apache.org/maven2/org/codehaus/plexus/plexus-component-annotations/1.5.5/plexus-component-annotations-1.5.5.pom (815 B at 33 kB/s)
[2ca50e80-4351-4800-9464-f81dd142723b/build]   | [INFO] Downloading from central: https://repo.maven.apache.org/maven2/org/codehaus/plexus/plexus-containers/1.5.5/plexus-containers-1.5.5.pom
[2ca50e80-4351-4800-9464-f81dd142723b/build]   | [INFO] Downloaded from central: https://repo.maven.apache.org/maven2/org/codehaus/plexus/plexus-containers/1.5.5/plexus-containers-1.5.5.pom (4.2 kB at 99 kB/s)
[2ca50e80-4351-4800-9464-f81dd142723b/build]   | [INFO] Downloading from central: https://repo.maven.apache.org/maven2/org/codehaus/plexus/plexus/2.0.7/plexus-2.0.7.pom
[2ca50e80-4351-4800-9464-f81dd142723b/build]   | [INFO] Downloaded from central: https://repo.maven.apache.org/maven2/org/codehaus/plexus/plexus/2.0.7/plexus-2.0.7.pom (17 kB at 576 kB/s)
[2ca50e80-4351-4800-9464-f81dd142723b/build]   | [INFO] Downloading from central: https://repo.maven.apache.org/maven2/org/codehaus/plexus/plexus-classworlds/2.2.3/plexus-classworlds-2.2.3.pom
[2ca50e80-4351-4800-9464-f81dd142723b/build]   | [INFO] Downloaded from central: https://repo.maven.apache.org/maven2/org/codehaus/plexus/plexus-classworlds/2.2.3/plexus-classworlds-2.2.3.pom (4.0 kB at 114 kB/s)
[2ca50e80-4351-4800-9464-f81dd142723b/build]   | [INFO] Downloading from central: https://repo.maven.apache.org/maven2/org/sonatype/sisu/sisu-inject-bean/1.4.2/sisu-inject-bean-1.4.2.pom
[2ca50e80-4351-4800-9464-f81dd142723b/build]   | [INFO] Downloaded from central: https://repo.maven.apache.org/maven2/org/sonatype/sisu/sisu-inject-bean/1.4.2/sisu-inject-bean-1.4.2.pom (5.5 kB at 606 kB/s)
[2ca50e80-4351-4800-9464-f81dd142723b/build]   | [INFO] Downloading from central: https://repo.maven.apache.org/maven2/org/sonatype/sisu/sisu-guice/2.1.7/sisu-guice-2.1.7.pom
[2ca50e80-4351-4800-9464-f81dd142723b/build]   | [INFO] Downloaded from central: https://repo.maven.apache.org/maven2/org/sonatype/sisu/sisu-guice/2.1.7/sisu-guice-2.1.7.pom (11 kB at 737 kB/s)
[2ca50e80-4351-4800-9464-f81dd142723b/build]   | [INFO] Downloading from central: https://repo.maven.apache.org/maven2/org/apache/maven/maven-core/3.0/maven-core-3.0.pom
[2ca50e80-4351-4800-9464-f81dd142723b/build]   | [INFO] Downloaded from central: https://repo.maven.apache.org/maven2/org/apache/maven/maven-core/3.0/maven-core-3.0.pom (6.6 kB at 947 kB/s)
[2ca50e80-4351-4800-9464-f81dd142723b/build]   | [INFO] Downloading from central: https://repo.maven.apache.org/maven2/org/apache/maven/maven-settings/3.0/maven-settings-3.0.pom
[2ca50e80-4351-4800-9464-f81dd142723b/build]   | [INFO] Downloaded from central: https://repo.maven.apache.org/maven2/org/apache/maven/maven-settings/3.0/maven-settings-3.0.pom (1.9 kB at 235 kB/s)
[2ca50e80-4351-4800-9464-f81dd142723b/build]   | [INFO] Downloading from central: https://repo.maven.apache.org/maven2/org/apache/maven/maven-settings-builder/3.0/maven-settings-builder-3.0.pom
[2ca50e80-4351-4800-9464-f81dd142723b/build]   | [INFO] Downloaded from central: https://repo.maven.apache.org/maven2/org/apache/maven/maven-settings-builder/3.0/maven-settings-builder-3.0.pom (2.2 kB at 222 kB/s)
[2ca50e80-4351-4800-9464-f81dd142723b/build]   | [INFO] Downloading from central: https://repo.maven.apache.org/maven2/org/codehaus/plexus/plexus-interpolation/1.14/plexus-interpolation-1.14.pom
[2ca50e80-4351-4800-9464-f81dd142723b/build]   | [INFO] Downloaded from central: https://repo.maven.apache.org/maven2/org/codehaus/plexus/plexus-interpolation/1.14/plexus-interpolation-1.14.pom (910 B at 114 kB/s)
[2ca50e80-4351-4800-9464-f81dd142723b/build]   | [INFO] Downloading from central: https://repo.maven.apache.org/maven2/org/codehaus/plexus/plexus-components/1.1.18/plexus-components-1.1.18.pom
[2ca50e80-4351-4800-9464-f81dd142723b/build]   | [INFO] Downloaded from central: https://repo.maven.apache.org/maven2/org/codehaus/plexus/plexus-components/1.1.18/plexus-components-1.1.18.pom (5.4 kB at 536 kB/s)
[2ca50e80-4351-4800-9464-f81dd142723b/build]   | [INFO] Downloading from central: https://repo.maven.apache.org/maven2/org/sonatype/plexus/plexus-sec-dispatcher/1.3/plexus-sec-dispatcher-1.3.pom
[2ca50e80-4351-4800-9464-f81dd142723b/build]   | [INFO] Downloaded from central: https://repo.maven.apache.org/maven2/org/sonatype/plexus/plexus-sec-dispatcher/1.3/plexus-sec-dispatcher-1.3.pom (3.0 kB at 329 kB/s)
[2ca50e80-4351-4800-9464-f81dd142723b/build]   | [INFO] Downloading from central: https://repo.maven.apache.org/maven2/org/sonatype/spice/spice-parent/12/spice-parent-12.pom
[2ca50e80-4351-4800-9464-f81dd142723b/build]   | [INFO] Downloaded from central: https://repo.maven.apache.org/maven2/org/sonatype/spice/spice-parent/12/spice-parent-12.pom (6.8 kB at 680 kB/s)
[2ca50e80-4351-4800-9464-f81dd142723b/build]   | [INFO] Downloading from central: https://repo.maven.apache.org/maven2/org/sonatype/forge/forge-parent/4/forge-parent-4.pom
[2ca50e80-4351-4800-9464-f81dd142723b/build]   | [INFO] Downloaded from central: https://repo.maven.apache.org/maven2/org/sonatype/forge/forge-parent/4/forge-parent-4.pom (8.4 kB at 840 kB/s)
[2ca50e80-4351-4800-9464-f81dd142723b/build]   | [INFO] Downloading from central: https://repo.maven.apache.org/maven2/org/codehaus/plexus/plexus-utils/1.5.5/plexus-utils-1.5.5.pom
[2ca50e80-4351-4800-9464-f81dd142723b/build]   | [INFO] Downloaded from central: https://repo.maven.apache.org/maven2/org/codehaus/plexus/plexus-utils/1.5.5/plexus-utils-1.5.5.pom (5.1 kB at 515 kB/s)
[2ca50e80-4351-4800-9464-f81dd142723b/build]   | [INFO] Downloading from central: https://repo.maven.apache.org/maven2/org/sonatype/plexus/plexus-cipher/1.4/plexus-cipher-1.4.pom
[2ca50e80-4351-4800-9464-f81dd142723b/build]   | [INFO] Downloaded from central: https://repo.maven.apache.org/maven2/org/sonatype/plexus/plexus-cipher/1.4/plexus-cipher-1.4.pom (2.1 kB at 138 kB/s)
[2ca50e80-4351-4800-9464-f81dd142723b/build]   | [INFO] Downloading from central: https://repo.maven.apache.org/maven2/org/apache/maven/maven-repository-metadata/3.0/maven-repository-metadata-3.0.pom
[2ca50e80-4351-4800-9464-f81dd142723b/build]   | [INFO] Downloaded from central: https://repo.maven.apache.org/maven2/org/apache/maven/maven-repository-metadata/3.0/maven-repository-metadata-3.0.pom (1.9 kB at 121 kB/s)
[2ca50e80-4351-4800-9464-f81dd142723b/build]   | [INFO] Downloading from central: https://repo.maven.apache.org/maven2/org/apache/maven/maven-model-builder/3.0/maven-model-builder-3.0.pom
[2ca50e80-4351-4800-9464-f81dd142723b/build]   | [INFO] Downloaded from central: https://repo.maven.apache.org/maven2/org/apache/maven/maven-model-builder/3.0/maven-model-builder-3.0.pom (2.2 kB at 250 kB/s)
[2ca50e80-4351-4800-9464-f81dd142723b/build]   | [INFO] Downloading from central: https://repo.maven.apache.org/maven2/org/apache/maven/maven-aether-provider/3.0/maven-aether-provider-3.0.pom
[2ca50e80-4351-4800-9464-f81dd142723b/build]   | [INFO] Downloaded from central: https://repo.maven.apache.org/maven2/org/apache/maven/maven-aether-provider/3.0/maven-aether-provider-3.0.pom (2.5 kB at 309 kB/s)
[2ca50e80-4351-4800-9464-f81dd142723b/build]   | [INFO] Downloading from central: https://repo.maven.apache.org/maven2/org/sonatype/aether/aether-api/1.7/aether-api-1.7.pom
[2ca50e80-4351-4800-9464-f81dd142723b/build]   | [INFO] Downloaded from central: https://repo.maven.apache.org/maven2/org/sonatype/aether/aether-api/1.7/aether-api-1.7.pom (1.7 kB at 186 kB/s)
[2ca50e80-4351-4800-9464-f81dd142723b/build]   | [INFO] Downloading from central: https://repo.maven.apache.org/maven2/org/sonatype/aether/aether-parent/1.7/aether-parent-1.7.pom
[2ca50e80-4351-4800-9464-f81dd142723b/build]   | [INFO] Downloaded from central: https://repo.maven.apache.org/maven2/org/sonatype/aether/aether-parent/1.7/aether-parent-1.7.pom (7.7 kB at 702 kB/s)
[2ca50e80-4351-4800-9464-f81dd142723b/build]   | [INFO] Downloading from central: https://repo.maven.apache.org/maven2/org/sonatype/aether/aether-util/1.7/aether-util-1.7.pom
[2ca50e80-4351-4800-9464-f81dd142723b/build]   | [INFO] Downloaded from central: https://repo.maven.apache.org/maven2/org/sonatype/aether/aether-util/1.7/aether-util-1.7.pom (2.1 kB at 229 kB/s)
[2ca50e80-4351-4800-9464-f81dd142723b/build]   | [INFO] Downloading from central: https://repo.maven.apache.org/maven2/org/sonatype/aether/aether-impl/1.7/aether-impl-1.7.pom
[2ca50e80-4351-4800-9464-f81dd142723b/build]   | [INFO] Downloaded from central: https://repo.maven.apache.org/maven2/org/sonatype/aether/aether-impl/1.7/aether-impl-1.7.pom (3.7 kB at 462 kB/s)
[2ca50e80-4351-4800-9464-f81dd142723b/build]   | [INFO] Downloading from central: https://repo.maven.apache.org/maven2/org/sonatype/aether/aether-spi/1.7/aether-spi-1.7.pom
[2ca50e80-4351-4800-9464-f81dd142723b/build]   | [INFO] Downloaded from central: https://repo.maven.apache.org/maven2/org/sonatype/aether/aether-spi/1.7/aether-spi-1.7.pom (1.7 kB at 193 kB/s)
[2ca50e80-4351-4800-9464-f81dd142723b/build]   | [INFO] Downloading from central: https://repo.maven.apache.org/maven2/org/apache/maven/maven-toolchain/2.2.1/maven-toolchain-2.2.1.pom
[2ca50e80-4351-4800-9464-f81dd142723b/build]   | [INFO] Downloaded from central: https://repo.maven.apache.org/maven2/org/apache/maven/maven-toolchain/2.2.1/maven-toolchain-2.2.1.pom (3.3 kB at 279 kB/s)
[2ca50e80-4351-4800-9464-f81dd142723b/build]   | [INFO] Downloading from central: https://repo.maven.apache.org/maven2/org/apache/maven/maven/2.2.1/maven-2.2.1.pom
[2ca50e80-4351-4800-9464-f81dd142723b/build]   | [INFO] Downloaded from central: https://repo.maven.apache.org/maven2/org/apache/maven/maven/2.2.1/maven-2.2.1.pom (22 kB at 1.2 MB/s)
[2ca50e80-4351-4800-9464-f81dd142723b/build]   | [INFO] Downloading from central: https://repo.maven.apache.org/maven2/org/apache/maven/maven-parent/11/maven-parent-11.pom
[2ca50e80-4351-4800-9464-f81dd142723b/build]   | [INFO] Downloaded from central: https://repo.maven.apache.org/maven2/org/apache/maven/maven-parent/11/maven-parent-11.pom (32 kB at 1.6 MB/s)
[2ca50e80-4351-4800-9464-f81dd142723b/build]   | [INFO] Downloading from central: https://repo.maven.apache.org/maven2/org/apache/apache/5/apache-5.pom
[2ca50e80-4351-4800-9464-f81dd142723b/build]   | [INFO] Downloaded from central: https://repo.maven.apache.org/maven2/org/apache/apache/5/apache-5.pom (4.1 kB at 683 kB/s)
[2ca50e80-4351-4800-9464-f81dd142723b/build]   | [INFO] Downloading from central: https://repo.maven.apache.org/maven2/org/apache/maven/maven-core/2.2.1/maven-core-2.2.1.pom
[2ca50e80-4351-4800-9464-f81dd142723b/build]   | [INFO] Downloaded from central: https://repo.maven.apache.org/maven2/org/apache/maven/maven-core/2.2.1/maven-core-2.2.1.pom (12 kB at 1.1 MB/s)
[2ca50e80-4351-4800-9464-f81dd142723b/build]   | [INFO] Downloading from central: https://repo.maven.apache.org/maven2/org/apache/maven/maven-settings/2.2.1/maven-settings-2.2.1.pom
[2ca50e80-4351-4800-9464-f81dd142723b/build]   | [INFO] Downloaded from central: https://repo.maven.apache.org/maven2/org/apache/maven/maven-settings/2.2.1/maven-settings-2.2.1.pom (2.2 kB at 198 kB/s)
[2ca50e80-4351-4800-9464-f81dd142723b/build]   | [INFO] Downloading from central: https://repo.maven.apache.org/maven2/org/apache/maven/maven-model/2.2.1/maven-model-2.2.1.pom
[2ca50e80-4351-4800-9464-f81dd142723b/build]   | [INFO] Downloaded from central: https://repo.maven.apache.org/maven2/org/apache/maven/maven-model/2.2.1/maven-model-2.2.1.pom (3.2 kB at 360 kB/s)
[2ca50e80-4351-4800-9464-f81dd142723b/build]   | [INFO] Downloading from central: https://repo.maven.apache.org/maven2/org/codehaus/plexus/plexus-interpolation/1.11/plexus-interpolation-1.11.pom
[2ca50e80-4351-4800-9464-f81dd142723b/build]   | [INFO] Downloaded from central: https://repo.maven.apache.org/maven2/org/codehaus/plexus/plexus-interpolation/1.11/plexus-interpolation-1.11.pom (889 B at 89 kB/s)
[2ca50e80-4351-4800-9464-f81dd142723b/build]   | [INFO] Downloading from central: https://repo.maven.apache.org/maven2/org/apache/maven/maven-plugin-parameter-documenter/2.2.1/maven-plugin-parameter-documenter-2.2.1.pom
[2ca50e80-4351-4800-9464-f81dd142723b/build]   | [INFO] Downloaded from central: https://repo.maven.apache.org/maven2/org/apache/maven/maven-plugin-parameter-documenter/2.2.1/maven-plugin-parameter-documenter-2.2.1.pom (2.0 kB at 130 kB/s)
[2ca50e80-4351-4800-9464-f81dd142723b/build]   | [INFO] Downloading from central: https://repo.maven.apache.org/maven2/org/slf4j/slf4j-jdk14/1.5.6/slf4j-jdk14-1.5.6.pom
[2ca50e80-4351-4800-9464-f81dd142723b/build]   | [INFO] Downloaded from central: https://repo.maven.apache.org/maven2/org/slf4j/slf4j-jdk14/1.5.6/slf4j-jdk14-1.5.6.pom (1.9 kB at 58 kB/s)
[2ca50e80-4351-4800-9464-f81dd142723b/build]   | [INFO] Downloading from central: https://repo.maven.apache.org/maven2/org/slf4j/slf4j-parent/1.5.6/slf4j-parent-1.5.6.pom
[2ca50e80-4351-4800-9464-f81dd142723b/build]   | [INFO] Downloaded from central: https://repo.maven.apache.org/maven2/org/slf4j/slf4j-parent/1.5.6/slf4j-parent-1.5.6.pom (7.9 kB at 344 kB/s)
[2ca50e80-4351-4800-9464-f81dd142723b/build]   | [INFO] Downloading from central: https://repo.maven.apache.org/maven2/org/slf4j/slf4j-api/1.5.6/slf4j-api-1.5.6.pom
[2ca50e80-4351-4800-9464-f81dd142723b/build]   | [INFO] Downloaded from central: https://repo.maven.apache.org/maven2/org/slf4j/slf4j-api/1.5.6/slf4j-api-1.5.6.pom (3.0 kB at 79 kB/s)
[2ca50e80-4351-4800-9464-f81dd142723b/build]   | [INFO] Downloading from central: https://repo.maven.apache.org/maven2/org/slf4j/jcl-over-slf4j/1.5.6/jcl-over-slf4j-1.5.6.pom
[2ca50e80-4351-4800-9464-f81dd142723b/build]   | [INFO] Downloaded from central: https://repo.maven.apache.org/maven2/org/slf4j/jcl-over-slf4j/1.5.6/jcl-over-slf4j-1.5.6.pom (2.2 kB at 362 kB/s)
[2ca50e80-4351-4800-9464-f81dd142723b/build]   | [INFO] Downloading from central: https://repo.maven.apache.org/maven2/org/apache/maven/reporting/maven-reporting-api/2.2.1/maven-reporting-api-2.2.1.pom
[2ca50e80-4351-4800-9464-f81dd142723b/build]   | [INFO] Downloaded from central: https://repo.maven.apache.org/maven2/org/apache/maven/reporting/maven-reporting-api/2.2.1/maven-reporting-api-2.2.1.pom (1.9 kB at 62 kB/s)
[2ca50e80-4351-4800-9464-f81dd142723b/build]   | [INFO] Downloading from central: https://repo.maven.apache.org/maven2/org/apache/maven/reporting/maven-reporting/2.2.1/maven-reporting-2.2.1.pom
[2ca50e80-4351-4800-9464-f81dd142723b/build]   | [INFO] Downloaded from central: https://repo.maven.apache.org/maven2/org/apache/maven/reporting/maven-reporting/2.2.1/maven-reporting-2.2.1.pom (1.4 kB at 36 kB/s)
[2ca50e80-4351-4800-9464-f81dd142723b/build]   | [INFO] Downloading from central: https://repo.maven.apache.org/maven2/org/apache/maven/doxia/doxia-sink-api/1.1/doxia-sink-api-1.1.pom
[2ca50e80-4351-4800-9464-f81dd142723b/build]   | [INFO] Downloaded from central: https://repo.maven.apache.org/maven2/org/apache/maven/doxia/doxia-sink-api/1.1/doxia-sink-api-1.1.pom (2.0 kB at 157 kB/s)
[2ca50e80-4351-4800-9464-f81dd142723b/build]   | [INFO] Downloading from central: https://repo.maven.apache.org/maven2/org/apache/maven/doxia/doxia/1.1/doxia-1.1.pom
[2ca50e80-4351-4800-9464-f81dd142723b/build]   | [INFO] Downloaded from central: https://repo.maven.apache.org/maven2/org/apache/maven/doxia/doxia/1.1/doxia-1.1.pom (15 kB at 893 kB/s)
[2ca50e80-4351-4800-9464-f81dd142723b/build]   | [INFO] Downloading from central: https://repo.maven.apache.org/maven2/org/apache/maven/doxia/doxia-logging-api/1.1/doxia-logging-api-1.1.pom
[2ca50e80-4351-4800-9464-f81dd142723b/build]   | [INFO] Downloaded from central: https://repo.maven.apache.org/maven2/org/apache/maven/doxia/doxia-logging-api/1.1/doxia-logging-api-1.1.pom (1.6 kB at 143 kB/s)
[2ca50e80-4351-4800-9464-f81dd142723b/build]   | [INFO] Downloading from central: https://repo.maven.apache.org/maven2/org/codehaus/plexus/plexus-container-default/1.0-alpha-30/plexus-container-default-1.0-alpha-30.pom
[2ca50e80-4351-4800-9464-f81dd142723b/build]   | [INFO] Downloaded from central: https://repo.maven.apache.org/maven2/org/codehaus/plexus/plexus-container-default/1.0-alpha-30/plexus-container-default-1.0-alpha-30.pom (3.5 kB at 435 kB/s)
[2ca50e80-4351-4800-9464-f81dd142723b/build]   | [INFO] Downloading from central: https://repo.maven.apache.org/maven2/org/codehaus/plexus/plexus-containers/1.0-alpha-30/plexus-containers-1.0-alpha-30.pom
[2ca50e80-4351-4800-9464-f81dd142723b/build]   | [INFO] Downloaded from central: https://repo.maven.apache.org/maven2/org/codehaus/plexus/plexus-containers/1.0-alpha-30/plexus-containers-1.0-alpha-30.pom (1.9 kB at 271 kB/s)
[2ca50e80-4351-4800-9464-f81dd142723b/build]   | [INFO] Downloading from central: https://repo.maven.apache.org/maven2/org/codehaus/plexus/plexus-utils/1.4.5/plexus-utils-1.4.5.pom
[2ca50e80-4351-4800-9464-f81dd142723b/build]   | [INFO] Downloaded from central: https://repo.maven.apache.org/maven2/org/codehaus/plexus/plexus-utils/1.4.5/plexus-utils-1.4.5.pom (2.3 kB at 206 kB/s)
[2ca50e80-4351-4800-9464-f81dd142723b/build]   | [INFO] Downloading from central: https://repo.maven.apache.org/maven2/org/codehaus/plexus/plexus-classworlds/1.2-alpha-9/plexus-classworlds-1.2-alpha-9.pom
[2ca50e80-4351-4800-9464-f81dd142723b/build]   | [INFO] Downloaded from central: https://repo.maven.apache.org/maven2/org/codehaus/plexus/plexus-classworlds/1.2-alpha-9/plexus-classworlds-1.2-alpha-9.pom (3.2 kB at 460 kB/s)
[2ca50e80-4351-4800-9464-f81dd142723b/build]   | [INFO] Downloading from central: https://repo.maven.apache.org/maven2/org/codehaus/plexus/plexus/1.0.10/plexus-1.0.10.pom
[2ca50e80-4351-4800-9464-f81dd142723b/build]   | [INFO] Downloaded from central: https://repo.maven.apache.org/maven2/org/codehaus/plexus/plexus/1.0.10/plexus-1.0.10.pom (8.2 kB at 516 kB/s)
[2ca50e80-4351-4800-9464-f81dd142723b/build]   | [INFO] Downloading from central: https://repo.maven.apache.org/maven2/org/apache/maven/maven-profile/2.2.1/maven-profile-2.2.1.pom
[2ca50e80-4351-4800-9464-f81dd142723b/build]   | [INFO] Downloaded from central: https://repo.maven.apache.org/maven2/org/apache/maven/maven-profile/2.2.1/maven-profile-2.2.1.pom (2.2 kB at 167 kB/s)
[2ca50e80-4351-4800-9464-f81dd142723b/build]   | [INFO] Downloading from central: https://repo.maven.apache.org/maven2/org/apache/maven/maven-artifact/2.2.1/maven-artifact-2.2.1.pom
[2ca50e80-4351-4800-9464-f81dd142723b/build]   | [INFO] Downloaded from central: https://repo.maven.apache.org/maven2/org/apache/maven/maven-artifact/2.2.1/maven-artifact-2.2.1.pom (1.6 kB at 132 kB/s)
[2ca50e80-4351-4800-9464-f81dd142723b/build]   | [INFO] Downloading from central: https://repo.maven.apache.org/maven2/org/apache/maven/maven-repository-metadata/2.2.1/maven-repository-metadata-2.2.1.pom
[2ca50e80-4351-4800-9464-f81dd142723b/build]   | [INFO] Downloaded from central: https://repo.maven.apache.org/maven2/org/apache/maven/maven-repository-metadata/2.2.1/maven-repository-metadata-2.2.1.pom (1.9 kB at 234 kB/s)
[2ca50e80-4351-4800-9464-f81dd142723b/build]   | [INFO] Downloading from central: https://repo.maven.apache.org/maven2/org/apache/maven/maven-error-diagnostics/2.2.1/maven-error-diagnostics-2.2.1.pom
[2ca50e80-4351-4800-9464-f81dd142723b/build]   | [INFO] Downloaded from central: https://repo.maven.apache.org/maven2/org/apache/maven/maven-error-diagnostics/2.2.1/maven-error-diagnostics-2.2.1.pom (1.7 kB at 131 kB/s)
[2ca50e80-4351-4800-9464-f81dd142723b/build]   | [INFO] Downloading from central: https://repo.maven.apache.org/maven2/org/apache/maven/maven-project/2.2.1/maven-project-2.2.1.pom
[2ca50e80-4351-4800-9464-f81dd142723b/build]   | [INFO] Downloaded from central: https://repo.maven.apache.org/maven2/org/apache/maven/maven-project/2.2.1/maven-project-2.2.1.pom (2.8 kB at 77 kB/s)
[2ca50e80-4351-4800-9464-f81dd142723b/build]   | [INFO] Downloading from central: https://repo.maven.apache.org/maven2/org/apache/maven/maven-artifact-manager/2.2.1/maven-artifact-manager-2.2.1.pom
[2ca50e80-4351-4800-9464-f81dd142723b/build]   | [INFO] Downloaded from central: https://repo.maven.apache.org/maven2/org/apache/maven/maven-artifact-manager/2.2.1/maven-artifact-manager-2.2.1.pom (3.1 kB at 239 kB/s)
[2ca50e80-4351-4800-9464-f81dd142723b/build]   | [INFO] Downloading from central: https://repo.maven.apache.org/maven2/backport-util-concurrent/backport-util-concurrent/3.1/backport-util-concurrent-3.1.pom
[2ca50e80-4351-4800-9464-f81dd142723b/build]   | [INFO] Downloaded from central: https://repo.maven.apache.org/maven2/backport-util-concurrent/backport-util-concurrent/3.1/backport-util-concurrent-3.1.pom (880 B at 59 kB/s)
[2ca50e80-4351-4800-9464-f81dd142723b/build]   | [INFO] Downloading from central: https://repo.maven.apache.org/maven2/org/apache/maven/maven-plugin-registry/2.2.1/maven-plugin-registry-2.2.1.pom
[2ca50e80-4351-4800-9464-f81dd142723b/build]   | [INFO] Downloaded from central: https://repo.maven.apache.org/maven2/org/apache/maven/maven-plugin-registry/2.2.1/maven-plugin-registry-2.2.1.pom (1.9 kB at 322 kB/s)
[2ca50e80-4351-4800-9464-f81dd142723b/build]   | [INFO] Downloading from central: https://repo.maven.apache.org/maven2/commons-cli/commons-cli/1.2/commons-cli-1.2.pom
[2ca50e80-4351-4800-9464-f81dd142723b/build]   | [INFO] Downloaded from central: https://repo.maven.apache.org/maven2/commons-cli/commons-cli/1.2/commons-cli-1.2.pom (8.0 kB at 665 kB/s)
[2ca50e80-4351-4800-9464-f81dd142723b/build]   | [INFO] Downloading from central: https://repo.maven.apache.org/maven2/org/apache/commons/commons-parent/11/commons-parent-11.pom
[2ca50e80-4351-4800-9464-f81dd142723b/build]   | [INFO] Downloaded from central: https://repo.maven.apache.org/maven2/org/apache/commons/commons-parent/11/commons-parent-11.pom (25 kB at 1.3 MB/s)
[2ca50e80-4351-4800-9464-f81dd142723b/build]   | [INFO] Downloading from central: https://repo.maven.apache.org/maven2/org/apache/apache/4/apache-4.pom
[2ca50e80-4351-4800-9464-f81dd142723b/build]   | [INFO] Downloaded from central: https://repo.maven.apache.org/maven2/org/apache/apache/4/apache-4.pom (4.5 kB at 562 kB/s)
[2ca50e80-4351-4800-9464-f81dd142723b/build]   | [INFO] Downloading from central: https://repo.maven.apache.org/maven2/org/apache/maven/maven-plugin-api/2.2.1/maven-plugin-api-2.2.1.pom
[2ca50e80-4351-4800-9464-f81dd142723b/build]   | [INFO] Downloaded from central: https://repo.maven.apache.org/maven2/org/apache/maven/maven-plugin-api/2.2.1/maven-plugin-api-2.2.1.pom (1.5 kB at 97 kB/s)
[2ca50e80-4351-4800-9464-f81dd142723b/build]   | [INFO] Downloading from central: https://repo.maven.apache.org/maven2/org/apache/maven/maven-plugin-descriptor/2.2.1/maven-plugin-descriptor-2.2.1.pom
[2ca50e80-4351-4800-9464-f81dd142723b/build]   | [INFO] Downloaded from central: https://repo.maven.apache.org/maven2/org/apache/maven/maven-plugin-descriptor/2.2.1/maven-plugin-descriptor-2.2.1.pom (2.1 kB at 206 kB/s)
[2ca50e80-4351-4800-9464-f81dd142723b/build]   | [INFO] Downloading from central: https://repo.maven.apache.org/maven2/org/apache/maven/maven-monitor/2.2.1/maven-monitor-2.2.1.pom
[2ca50e80-4351-4800-9464-f81dd142723b/build]   | [INFO] Downloaded from central: https://repo.maven.apache.org/maven2/org/apache/maven/maven-monitor/2.2.1/maven-monitor-2.2.1.pom (1.3 kB at 66 kB/s)
[2ca50e80-4351-4800-9464-f81dd142723b/build]   | [INFO] Downloading from central: https://repo.maven.apache.org/maven2/org/apache/maven/shared/maven-shared-utils/3.0.0/maven-shared-utils-3.0.0.pom
[2ca50e80-4351-4800-9464-f81dd142723b/build]   | [INFO] Downloaded from central: https://repo.maven.apache.org/maven2/org/apache/maven/shared/maven-shared-utils/3.0.0/maven-shared-utils-3.0.0.pom (5.6 kB at 349 kB/s)
[2ca50e80-4351-4800-9464-f81dd142723b/build]   | [INFO] Downloading from central: https://repo.maven.apache.org/maven2/org/apache/maven/shared/maven-shared-components/21/maven-shared-components-21.pom
[2ca50e80-4351-4800-9464-f81dd142723b/build]   | [INFO] Downloaded from central: https://repo.maven.apache.org/maven2/org/apache/maven/shared/maven-shared-components/21/maven-shared-components-21.pom (5.1 kB at 426 kB/s)
[2ca50e80-4351-4800-9464-f81dd142723b/build]   | [INFO] Downloading from central: https://repo.maven.apache.org/maven2/org/apache/maven/maven-parent/25/maven-parent-25.pom
[2ca50e80-4351-4800-9464-f81dd142723b/build]   | [INFO] Downloaded from central: https://repo.maven.apache.org/maven2/org/apache/maven/maven-parent/25/maven-parent-25.pom (37 kB at 1.6 MB/s)
[2ca50e80-4351-4800-9464-f81dd142723b/build]   | [INFO] Downloading from central: https://repo.maven.apache.org/maven2/org/apache/apache/15/apache-15.pom
[2ca50e80-4351-4800-9464-f81dd142723b/build]   | [INFO] Downloaded from central: https://repo.maven.apache.org/maven2/org/apache/apache/15/apache-15.pom (15 kB at 896 kB/s)
[2ca50e80-4351-4800-9464-f81dd142723b/build]   | [INFO] Downloading from central: https://repo.maven.apache.org/maven2/commons-io/commons-io/2.4/commons-io-2.4.pom
[2ca50e80-4351-4800-9464-f81dd142723b/build]   | [INFO] Downloaded from central: https://repo.maven.apache.org/maven2/commons-io/commons-io/2.4/commons-io-2.4.pom (10 kB at 226 kB/s)
[2ca50e80-4351-4800-9464-f81dd142723b/build]   | [INFO] Downloading from central: https://repo.maven.apache.org/maven2/org/apache/commons/commons-parent/25/commons-parent-25.pom
[2ca50e80-4351-4800-9464-f81dd142723b/build]   | [INFO] Downloaded from central: https://repo.maven.apache.org/maven2/org/apache/commons/commons-parent/25/commons-parent-25.pom (48 kB at 2.0 MB/s)
[2ca50e80-4351-4800-9464-f81dd142723b/build]   | [INFO] Downloading from central: https://repo.maven.apache.org/maven2/org/apache/apache/9/apache-9.pom
[2ca50e80-4351-4800-9464-f81dd142723b/build]   | [INFO] Downloaded from central: https://repo.maven.apache.org/maven2/org/apache/apache/9/apache-9.pom (15 kB at 1.2 MB/s)
[2ca50e80-4351-4800-9464-f81dd142723b/build]   | [INFO] Downloading from central: https://repo.maven.apache.org/maven2/com/google/code/findbugs/jsr305/2.0.1/jsr305-2.0.1.pom
[2ca50e80-4351-4800-9464-f81dd142723b/build]   | [INFO] Downloaded from central: https://repo.maven.apache.org/maven2/com/google/code/findbugs/jsr305/2.0.1/jsr305-2.0.1.pom (965 B at 3.7 kB/s)
[2ca50e80-4351-4800-9464-f81dd142723b/build]   | [INFO] Downloading from central: https://repo.maven.apache.org/maven2/org/apache/maven/shared/maven-shared-incremental/1.1/maven-shared-incremental-1.1.pom
[2ca50e80-4351-4800-9464-f81dd142723b/build]   | [INFO] Downloaded from central: https://repo.maven.apache.org/maven2/org/apache/maven/shared/maven-shared-incremental/1.1/maven-shared-incremental-1.1.pom (4.7 kB at 316 kB/s)
[2ca50e80-4351-4800-9464-f81dd142723b/build]   | [INFO] Downloading from central: https://repo.maven.apache.org/maven2/org/apache/maven/shared/maven-shared-components/19/maven-shared-components-19.pom
[2ca50e80-4351-4800-9464-f81dd142723b/build]   | [INFO] Downloaded from central: https://repo.maven.apache.org/maven2/org/apache/maven/shared/maven-shared-components/19/maven-shared-components-19.pom (6.4 kB at 141 kB/s)
[2ca50e80-4351-4800-9464-f81dd142723b/build]   | [INFO] Downloading from central: https://repo.maven.apache.org/maven2/org/apache/maven/maven-parent/23/maven-parent-23.pom
[2ca50e80-4351-4800-9464-f81dd142723b/build]   | [INFO] Downloaded from central: https://repo.maven.apache.org/maven2/org/apache/maven/maven-parent/23/maven-parent-23.pom (33 kB at 1.6 MB/s)
[2ca50e80-4351-4800-9464-f81dd142723b/build]   | [INFO] Downloading from central: https://repo.maven.apache.org/maven2/org/apache/maven/shared/maven-shared-utils/0.1/maven-shared-utils-0.1.pom
[2ca50e80-4351-4800-9464-f81dd142723b/build]   | [INFO] Downloaded from central: https://repo.maven.apache.org/maven2/org/apache/maven/shared/maven-shared-utils/0.1/maven-shared-utils-0.1.pom (4.0 kB at 126 kB/s)
[2ca50e80-4351-4800-9464-f81dd142723b/build]   | [INFO] Downloading from central: https://repo.maven.apache.org/maven2/org/apache/maven/shared/maven-shared-components/18/maven-shared-components-18.pom
[2ca50e80-4351-4800-9464-f81dd142723b/build]   | [INFO] Downloaded from central: https://repo.maven.apache.org/maven2/org/apache/maven/shared/maven-shared-components/18/maven-shared-components-18.pom (4.9 kB at 127 kB/s)
[2ca50e80-4351-4800-9464-f81dd142723b/build]   | [INFO] Downloading from central: https://repo.maven.apache.org/maven2/org/codehaus/plexus/plexus-compiler-api/2.7/plexus-compiler-api-2.7.pom
[2ca50e80-4351-4800-9464-f81dd142723b/build]   | [INFO] Downloaded from central: https://repo.maven.apache.org/maven2/org/codehaus/plexus/plexus-compiler-api/2.7/plexus-compiler-api-2.7.pom (891 B at 29 kB/s)
[2ca50e80-4351-4800-9464-f81dd142723b/build]   | [INFO] Downloading from central: https://repo.maven.apache.org/maven2/org/codehaus/plexus/plexus-compiler/2.7/plexus-compiler-2.7.pom
[2ca50e80-4351-4800-9464-f81dd142723b/build]   | [INFO] Downloaded from central: https://repo.maven.apache.org/maven2/org/codehaus/plexus/plexus-compiler/2.7/plexus-compiler-2.7.pom (4.9 kB at 290 kB/s)
[2ca50e80-4351-4800-9464-f81dd142723b/build]   | [INFO] Downloading from central: https://repo.maven.apache.org/maven2/org/codehaus/plexus/plexus-components/4.0/plexus-components-4.0.pom
[2ca50e80-4351-4800-9464-f81dd142723b/build]   | [INFO] Downloaded from central: https://repo.maven.apache.org/maven2/org/codehaus/plexus/plexus-components/4.0/plexus-components-4.0.pom (2.7 kB at 42 kB/s)
[2ca50e80-4351-4800-9464-f81dd142723b/build]   | [INFO] Downloading from central: https://repo.maven.apache.org/maven2/org/codehaus/plexus/plexus/4.0/plexus-4.0.pom
[2ca50e80-4351-4800-9464-f81dd142723b/build]   | [INFO] Downloaded from central: https://repo.maven.apache.org/maven2/org/codehaus/plexus/plexus/4.0/plexus-4.0.pom (22 kB at 1.1 MB/s)
[2ca50e80-4351-4800-9464-f81dd142723b/build]   | [INFO] Downloading from central: https://repo.maven.apache.org/maven2/org/sonatype/forge/forge-parent/10/forge-parent-10.pom
[2ca50e80-4351-4800-9464-f81dd142723b/build]   | [INFO] Downloaded from central: https://repo.maven.apache.org/maven2/org/sonatype/forge/forge-parent/10/forge-parent-10.pom (14 kB at 242 kB/s)
[2ca50e80-4351-4800-9464-f81dd142723b/build]   | [INFO] Downloading from central: https://repo.maven.apache.org/maven2/org/codehaus/plexus/plexus-utils/3.0.22/plexus-utils-3.0.22.pom
[2ca50e80-4351-4800-9464-f81dd142723b/build]   | [INFO] Downloaded from central: https://repo.maven.apache.org/maven2/org/codehaus/plexus/plexus-utils/3.0.22/plexus-utils-3.0.22.pom (3.8 kB at 14 kB/s)
[2ca50e80-4351-4800-9464-f81dd142723b/build]   | [INFO] Downloading from central: https://repo.maven.apache.org/maven2/org/codehaus/plexus/plexus/3.3.1/plexus-3.3.1.pom
[2ca50e80-4351-4800-9464-f81dd142723b/build]   | [INFO] Downloaded from central: https://repo.maven.apache.org/maven2/org/codehaus/plexus/plexus/3.3.1/plexus-3.3.1.pom (20 kB at 372 kB/s)
[2ca50e80-4351-4800-9464-f81dd142723b/build]   | [INFO] Downloading from central: https://repo.maven.apache.org/maven2/org/sonatype/spice/spice-parent/17/spice-parent-17.pom
[2ca50e80-4351-4800-9464-f81dd142723b/build]   | [INFO] Downloaded from central: https://repo.maven.apache.org/maven2/org/sonatype/spice/spice-parent/17/spice-parent-17.pom (6.8 kB at 520 kB/s)
[2ca50e80-4351-4800-9464-f81dd142723b/build]   | [INFO] Downloading from central: https://repo.maven.apache.org/maven2/org/codehaus/plexus/plexus-compiler-manager/2.7/plexus-compiler-manager-2.7.pom
[2ca50e80-4351-4800-9464-f81dd142723b/build]   | [INFO] Downloaded from central: https://repo.maven.apache.org/maven2/org/codehaus/plexus/plexus-compiler-manager/2.7/plexus-compiler-manager-2.7.pom (711 B at 15 kB/s)
[2ca50e80-4351-4800-9464-f81dd142723b/build]   | [INFO] Downloading from central: https://repo.maven.apache.org/maven2/org/codehaus/plexus/plexus-compiler-javac/2.7/plexus-compiler-javac-2.7.pom
[2ca50e80-4351-4800-9464-f81dd142723b/build]   | [INFO] Downloaded from central: https://repo.maven.apache.org/maven2/org/codehaus/plexus/plexus-compiler-javac/2.7/plexus-compiler-javac-2.7.pom (792 B at 3.2 kB/s)
[2ca50e80-4351-4800-9464-f81dd142723b/build]   | [INFO] Downloading from central: https://repo.maven.apache.org/maven2/org/codehaus/plexus/plexus-compilers/2.7/plexus-compilers-2.7.pom
[2ca50e80-4351-4800-9464-f81dd142723b/build]   | [INFO] Downloaded from central: https://repo.maven.apache.org/maven2/org/codehaus/plexus/plexus-compilers/2.7/plexus-compilers-2.7.pom (1.4 kB at 34 kB/s)
[2ca50e80-4351-4800-9464-f81dd142723b/build]   | [INFO] Downloading from central: https://repo.maven.apache.org/maven2/org/apache/maven/maven-plugin-api/3.0/maven-plugin-api-3.0.jar
[2ca50e80-4351-4800-9464-f81dd142723b/build]   | [INFO] Downloading from central: https://repo.maven.apache.org/maven2/org/apache/maven/maven-model/3.0/maven-model-3.0.jar
[2ca50e80-4351-4800-9464-f81dd142723b/build]   | [INFO] Downloading from central: https://repo.maven.apache.org/maven2/org/sonatype/sisu/sisu-inject-plexus/1.4.2/sisu-inject-plexus-1.4.2.jar
[2ca50e80-4351-4800-9464-f81dd142723b/build]   | [INFO] Downloading from central: https://repo.maven.apache.org/maven2/org/sonatype/sisu/sisu-inject-bean/1.4.2/sisu-inject-bean-1.4.2.jar
[2ca50e80-4351-4800-9464-f81dd142723b/build]   | [INFO] Downloading from central: https://repo.maven.apache.org/maven2/org/sonatype/sisu/sisu-guice/2.1.7/sisu-guice-2.1.7-noaop.jar
[2ca50e80-4351-4800-9464-f81dd142723b/build]   | [INFO] Downloaded from central: https://repo.maven.apache.org/maven2/org/sonatype/sisu/sisu-inject-plexus/1.4.2/sisu-inject-plexus-1.4.2.jar (202 kB at 3.3 MB/s)
[2ca50e80-4351-4800-9464-f81dd142723b/build]   | [INFO] Downloading from central: https://repo.maven.apache.org/maven2/org/apache/maven/maven-artifact/3.0/maven-artifact-3.0.jar
[2ca50e80-4351-4800-9464-f81dd142723b/build]   | [INFO] Downloaded from central: https://repo.maven.apache.org/maven2/org/apache/maven/maven-model/3.0/maven-model-3.0.jar (165 kB at 2.5 MB/s)
[2ca50e80-4351-4800-9464-f81dd142723b/build]   | [INFO] Downloading from central: https://repo.maven.apache.org/maven2/org/codehaus/plexus/plexus-utils/2.0.4/plexus-utils-2.0.4.jar
[2ca50e80-4351-4800-9464-f81dd142723b/build]   | [INFO] Downloaded from central: https://repo.maven.apache.org/maven2/org/sonatype/sisu/sisu-inject-bean/1.4.2/sisu-inject-bean-1.4.2.jar (153 kB at 2.0 MB/s)
[2ca50e80-4351-4800-9464-f81dd142723b/build]   | [INFO] Downloading from central: https://repo.maven.apache.org/maven2/org/apache/maven/maven-core/3.0/maven-core-3.0.jar
[2ca50e80-4351-4800-9464-f81dd142723b/build]   | [INFO] Downloaded from central: https://repo.maven.apache.org/maven2/org/apache/maven/maven-artifact/3.0/maven-artifact-3.0.jar (52 kB at 683 kB/s)
[2ca50e80-4351-4800-9464-f81dd142723b/build]   | [INFO] Downloading from central: https://repo.maven.apache.org/maven2/org/apache/maven/maven-settings/3.0/maven-settings-3.0.jar
[2ca50e80-4351-4800-9464-f81dd142723b/build]   | [INFO] Downloaded from central: https://repo.maven.apache.org/maven2/org/apache/maven/maven-settings/3.0/maven-settings-3.0.jar (47 kB at 507 kB/s)
[2ca50e80-4351-4800-9464-f81dd142723b/build]   | [INFO] Downloading from central: https://repo.maven.apache.org/maven2/org/apache/maven/maven-settings-builder/3.0/maven-settings-builder-3.0.jar
[2ca50e80-4351-4800-9464-f81dd142723b/build]   | [INFO] Downloaded from central: https://repo.maven.apache.org/maven2/org/apache/maven/maven-settings-builder/3.0/maven-settings-builder-3.0.jar (38 kB at 363 kB/s)
[2ca50e80-4351-4800-9464-f81dd142723b/build]   | [INFO] Downloading from central: https://repo.maven.apache.org/maven2/org/apache/maven/maven-repository-metadata/3.0/maven-repository-metadata-3.0.jar
[2ca50e80-4351-4800-9464-f81dd142723b/build]   | [INFO] Downloaded from central: https://repo.maven.apache.org/maven2/org/apache/maven/maven-core/3.0/maven-core-3.0.jar (527 kB at 2.0 MB/s)
[2ca50e80-4351-4800-9464-f81dd142723b/build]   | [INFO] Downloading from central: https://repo.maven.apache.org/maven2/org/apache/maven/maven-model-builder/3.0/maven-model-builder-3.0.jar
[2ca50e80-4351-4800-9464-f81dd142723b/build]   | [INFO] Downloaded from central: https://repo.maven.apache.org/maven2/org/codehaus/plexus/plexus-utils/2.0.4/plexus-utils-2.0.4.jar (222 kB at 604 kB/s)
[2ca50e80-4351-4800-9464-f81dd142723b/build]   | [INFO] Downloading from central: https://repo.maven.apache.org/maven2/org/apache/maven/maven-aether-provider/3.0/maven-aether-provider-3.0.jar
[2ca50e80-4351-4800-9464-f81dd142723b/build]   | [INFO] Downloaded from central: https://repo.maven.apache.org/maven2/org/apache/maven/maven-repository-metadata/3.0/maven-repository-metadata-3.0.jar (30 kB at 71 kB/s)
[2ca50e80-4351-4800-9464-f81dd142723b/build]   | [INFO] Downloading from central: https://repo.maven.apache.org/maven2/org/sonatype/aether/aether-impl/1.7/aether-impl-1.7.jar
[2ca50e80-4351-4800-9464-f81dd142723b/build]   | [INFO] Downloaded from central: https://repo.maven.apache.org/maven2/org/sonatype/aether/aether-impl/1.7/aether-impl-1.7.jar (106 kB at 186 kB/s)
[2ca50e80-4351-4800-9464-f81dd142723b/build]   | [INFO] Downloading from central: https://repo.maven.apache.org/maven2/org/sonatype/aether/aether-spi/1.7/aether-spi-1.7.jar
[2ca50e80-4351-4800-9464-f81dd142723b/build]   | [INFO] Downloaded from central: https://repo.maven.apache.org/maven2/org/sonatype/aether/aether-spi/1.7/aether-spi-1.7.jar (14 kB at 21 kB/s)
[2ca50e80-4351-4800-9464-f81dd142723b/build]   | [INFO] Downloading from central: https://repo.maven.apache.org/maven2/org/sonatype/aether/aether-api/1.7/aether-api-1.7.jar
[2ca50e80-4351-4800-9464-f81dd142723b/build]   | [INFO] Downloaded from central: https://repo.maven.apache.org/maven2/org/sonatype/sisu/sisu-guice/2.1.7/sisu-guice-2.1.7-noaop.jar (472 kB at 735 kB/s)
[2ca50e80-4351-4800-9464-f81dd142723b/build]   | [INFO] Downloading from central: https://repo.maven.apache.org/maven2/org/sonatype/aether/aether-util/1.7/aether-util-1.7.jar
[2ca50e80-4351-4800-9464-f81dd142723b/build]   | [INFO] Downloaded from central: https://repo.maven.apache.org/maven2/org/apache/maven/maven-model-builder/3.0/maven-model-builder-3.0.jar (148 kB at 231 kB/s)
[2ca50e80-4351-4800-9464-f81dd142723b/build]   | [INFO] Downloading from central: https://repo.maven.apache.org/maven2/org/codehaus/plexus/plexus-interpolation/1.14/plexus-interpolation-1.14.jar
[2ca50e80-4351-4800-9464-f81dd142723b/build]   | [INFO] Downloaded from central: https://repo.maven.apache.org/maven2/org/sonatype/aether/aether-api/1.7/aether-api-1.7.jar (74 kB at 110 kB/s)
[2ca50e80-4351-4800-9464-f81dd142723b/build]   | [INFO] Downloading from central: https://repo.maven.apache.org/maven2/org/codehaus/plexus/plexus-classworlds/2.2.3/plexus-classworlds-2.2.3.jar
[2ca50e80-4351-4800-9464-f81dd142723b/build]   | [INFO] Downloaded from central: https://repo.maven.apache.org/maven2/org/codehaus/plexus/plexus-interpolation/1.14/plexus-interpolation-1.14.jar (61 kB at 89 kB/s)
[2ca50e80-4351-4800-9464-f81dd142723b/build]   | [INFO] Downloading from central: https://repo.maven.apache.org/maven2/org/codehaus/plexus/plexus-component-annotations/1.5.5/plexus-component-annotations-1.5.5.jar
[2ca50e80-4351-4800-9464-f81dd142723b/build]   | [INFO] Downloaded from central: https://repo.maven.apache.org/maven2/org/codehaus/plexus/plexus-classworlds/2.2.3/plexus-classworlds-2.2.3.jar (46 kB at 67 kB/s)
[2ca50e80-4351-4800-9464-f81dd142723b/build]   | [INFO] Downloading from central: https://repo.maven.apache.org/maven2/org/sonatype/plexus/plexus-sec-dispatcher/1.3/plexus-sec-dispatcher-1.3.jar
[2ca50e80-4351-4800-9464-f81dd142723b/build]   | [INFO] Downloaded from central: https://repo.maven.apache.org/maven2/org/sonatype/aether/aether-util/1.7/aether-util-1.7.jar (108 kB at 156 kB/s)
[2ca50e80-4351-4800-9464-f81dd142723b/build]   | [INFO] Downloading from central: https://repo.maven.apache.org/maven2/org/sonatype/plexus/plexus-cipher/1.4/plexus-cipher-1.4.jar
[2ca50e80-4351-4800-9464-f81dd142723b/build]   | [INFO] Downloaded from central: https://repo.maven.apache.org/maven2/org/codehaus/plexus/plexus-component-annotations/1.5.5/plexus-component-annotations-1.5.5.jar (4.2 kB at 6.0 kB/s)
[2ca50e80-4351-4800-9464-f81dd142723b/build]   | [INFO] Downloading from central: https://repo.maven.apache.org/maven2/org/apache/maven/maven-toolchain/2.2.1/maven-toolchain-2.2.1.jar
[2ca50e80-4351-4800-9464-f81dd142723b/build]   | [INFO] Downloaded from central: https://repo.maven.apache.org/maven2/org/sonatype/plexus/plexus-sec-dispatcher/1.3/plexus-sec-dispatcher-1.3.jar (29 kB at 40 kB/s)
[2ca50e80-4351-4800-9464-f81dd142723b/build]   | [INFO] Downloading from central: https://repo.maven.apache.org/maven2/org/apache/maven/shared/maven-shared-utils/3.0.0/maven-shared-utils-3.0.0.jar
[2ca50e80-4351-4800-9464-f81dd142723b/build]   | [INFO] Downloaded from central: https://repo.maven.apache.org/maven2/org/apache/maven/maven-toolchain/2.2.1/maven-toolchain-2.2.1.jar (38 kB at 52 kB/s)
[2ca50e80-4351-4800-9464-f81dd142723b/build]   | [INFO] Downloading from central: https://repo.maven.apache.org/maven2/commons-io/commons-io/2.4/commons-io-2.4.jar
[2ca50e80-4351-4800-9464-f81dd142723b/build]   | [INFO] Downloaded from central: https://repo.maven.apache.org/maven2/org/sonatype/plexus/plexus-cipher/1.4/plexus-cipher-1.4.jar (13 kB at 18 kB/s)
[2ca50e80-4351-4800-9464-f81dd142723b/build]   | [INFO] Downloading from central: https://repo.maven.apache.org/maven2/com/google/code/findbugs/jsr305/2.0.1/jsr305-2.0.1.jar
[2ca50e80-4351-4800-9464-f81dd142723b/build]   | [INFO] Downloaded from central: https://repo.maven.apache.org/maven2/org/apache/maven/maven-aether-provider/3.0/maven-aether-provider-3.0.jar (51 kB at 69 kB/s)
[2ca50e80-4351-4800-9464-f81dd142723b/build]   | [INFO] Downloading from central: https://repo.maven.apache.org/maven2/org/apache/maven/shared/maven-shared-incremental/1.1/maven-shared-incremental-1.1.jar
[2ca50e80-4351-4800-9464-f81dd142723b/build]   | [INFO] Downloaded from central: https://repo.maven.apache.org/maven2/org/apache/maven/shared/maven-shared-utils/3.0.0/maven-shared-utils-3.0.0.jar (155 kB at 208 kB/s)
[2ca50e80-4351-4800-9464-f81dd142723b/build]   | [INFO] Downloading from central: https://repo.maven.apache.org/maven2/org/codehaus/plexus/plexus-compiler-api/2.7/plexus-compiler-api-2.7.jar
[2ca50e80-4351-4800-9464-f81dd142723b/build]   | [INFO] Downloaded from central: https://repo.maven.apache.org/maven2/org/codehaus/plexus/plexus-compiler-api/2.7/plexus-compiler-api-2.7.jar (26 kB at 34 kB/s)
[2ca50e80-4351-4800-9464-f81dd142723b/build]   | [INFO] Downloaded from central: https://repo.maven.apache.org/maven2/org/apache/maven/shared/maven-shared-incremental/1.1/maven-shared-incremental-1.1.jar (14 kB at 18 kB/s)
[2ca50e80-4351-4800-9464-f81dd142723b/build]   | [INFO] Downloading from central: https://repo.maven.apache.org/maven2/org/codehaus/plexus/plexus-compiler-javac/2.7/plexus-compiler-javac-2.7.jar
[2ca50e80-4351-4800-9464-f81dd142723b/build]   | [INFO] Downloading from central: https://repo.maven.apache.org/maven2/org/codehaus/plexus/plexus-compiler-manager/2.7/plexus-compiler-manager-2.7.jar
[2ca50e80-4351-4800-9464-f81dd142723b/build]   | [INFO] Downloaded from central: https://repo.maven.apache.org/maven2/com/google/code/findbugs/jsr305/2.0.1/jsr305-2.0.1.jar (32 kB at 41 kB/s)
[2ca50e80-4351-4800-9464-f81dd142723b/build]   | [INFO] Downloaded from central: https://repo.maven.apache.org/maven2/org/codehaus/plexus/plexus-compiler-javac/2.7/plexus-compiler-javac-2.7.jar (19 kB at 25 kB/s)
[2ca50e80-4351-4800-9464-f81dd142723b/build]   | [INFO] Downloaded from central: https://repo.maven.apache.org/maven2/org/codehaus/plexus/plexus-compiler-manager/2.7/plexus-compiler-manager-2.7.jar (4.7 kB at 5.8 kB/s)
[2ca50e80-4351-4800-9464-f81dd142723b/build]   | [INFO] Downloaded from central: https://repo.maven.apache.org/maven2/commons-io/commons-io/2.4/commons-io-2.4.jar (185 kB at 227 kB/s)
[2ca50e80-4351-4800-9464-f81dd142723b/build]   | [INFO] Downloaded from central: https://repo.maven.apache.org/maven2/org/apache/maven/maven-plugin-api/3.0/maven-plugin-api-3.0.jar (49 kB at 27 kB/s)
[2ca50e80-4351-4800-9464-f81dd142723b/build]   | [INFO] Changes detected - recompiling the module!
[2ca50e80-4351-4800-9464-f81dd142723b/build]   | [INFO] Compiling 16 source files to /tmp/dcf2de27-a8db-4b3d-bb21-a92ec5a0d400/target/classes
[2ca50e80-4351-4800-9464-f81dd142723b/build]   | [WARNING] /tmp/dcf2de27-a8db-4b3d-bb21-a92ec5a0d400/src/main/java/com/walmartlabs/x12/exceptions/X12ParserException.java:[21,8] serializable class com.walmartlabs.x12.exceptions.X12ParserException has no definition of serialVersionUID
[2ca50e80-4351-4800-9464-f81dd142723b/build]   | [INFO] 
[2ca50e80-4351-4800-9464-f81dd142723b/build]   | [INFO] --- maven-resources-plugin:2.6:testResources (default-testResources) @ zuul ---
[2ca50e80-4351-4800-9464-f81dd142723b/build]   | [WARNING] Using platform encoding (UTF-8 actually) to copy filtered resources, i.e. build is platform dependent!
[2ca50e80-4351-4800-9464-f81dd142723b/build]   | [INFO] Copying 6 resources
[2ca50e80-4351-4800-9464-f81dd142723b/build]   | [INFO] 
[2ca50e80-4351-4800-9464-f81dd142723b/build]   | [INFO] --- maven-compiler-plugin:3.5.1:testCompile (default-testCompile) @ zuul ---
[2ca50e80-4351-4800-9464-f81dd142723b/build]   | [INFO] Changes detected - recompiling the module!
[2ca50e80-4351-4800-9464-f81dd142723b/build]   | [INFO] Compiling 9 source files to /tmp/dcf2de27-a8db-4b3d-bb21-a92ec5a0d400/target/test-classes
[2ca50e80-4351-4800-9464-f81dd142723b/build]   | [INFO] 
[2ca50e80-4351-4800-9464-f81dd142723b/build]   | [INFO] --- maven-surefire-plugin:2.12.4:test (default-test) @ zuul ---
[2ca50e80-4351-4800-9464-f81dd142723b/build]   | [INFO] Downloading from central: https://repo.maven.apache.org/maven2/org/apache/maven/maven-plugin-api/2.0.9/maven-plugin-api-2.0.9.pom
[2ca50e80-4351-4800-9464-f81dd142723b/build]   | [INFO] Downloaded from central: https://repo.maven.apache.org/maven2/org/apache/maven/maven-plugin-api/2.0.9/maven-plugin-api-2.0.9.pom (1.5 kB at 32 kB/s)
[2ca50e80-4351-4800-9464-f81dd142723b/build]   | [INFO] Downloading from central: https://repo.maven.apache.org/maven2/org/apache/maven/maven/2.0.9/maven-2.0.9.pom
[2ca50e80-4351-4800-9464-f81dd142723b/build]   | [INFO] Downloaded from central: https://repo.maven.apache.org/maven2/org/apache/maven/maven/2.0.9/maven-2.0.9.pom (19 kB at 338 kB/s)
[2ca50e80-4351-4800-9464-f81dd142723b/build]   | [INFO] Downloading from central: https://repo.maven.apache.org/maven2/org/apache/maven/maven-parent/8/maven-parent-8.pom
[2ca50e80-4351-4800-9464-f81dd142723b/build]   | [INFO] Downloaded from central: https://repo.maven.apache.org/maven2/org/apache/maven/maven-parent/8/maven-parent-8.pom (24 kB at 1.0 MB/s)
[2ca50e80-4351-4800-9464-f81dd142723b/build]   | [INFO] Downloading from central: https://repo.maven.apache.org/maven2/org/apache/maven/surefire/surefire-booter/2.12.4/surefire-booter-2.12.4.pom
[2ca50e80-4351-4800-9464-f81dd142723b/build]   | [INFO] Downloaded from central: https://repo.maven.apache.org/maven2/org/apache/maven/surefire/surefire-booter/2.12.4/surefire-booter-2.12.4.pom (3.0 kB at 505 kB/s)
[2ca50e80-4351-4800-9464-f81dd142723b/build]   | [INFO] Downloading from central: https://repo.maven.apache.org/maven2/org/apache/maven/surefire/surefire-api/2.12.4/surefire-api-2.12.4.pom
[2ca50e80-4351-4800-9464-f81dd142723b/build]   | [INFO] Downloaded from central: https://repo.maven.apache.org/maven2/org/apache/maven/surefire/surefire-api/2.12.4/surefire-api-2.12.4.pom (2.5 kB at 41 kB/s)
[2ca50e80-4351-4800-9464-f81dd142723b/build]   | [INFO] Downloading from central: https://repo.maven.apache.org/maven2/org/apache/maven/surefire/maven-surefire-common/2.12.4/maven-surefire-common-2.12.4.pom
[2ca50e80-4351-4800-9464-f81dd142723b/build]   | [INFO] Downloaded from central: https://repo.maven.apache.org/maven2/org/apache/maven/surefire/maven-surefire-common/2.12.4/maven-surefire-common-2.12.4.pom (5.5 kB at 790 kB/s)
[2ca50e80-4351-4800-9464-f81dd142723b/build]   | [INFO] Downloading from central: https://repo.maven.apache.org/maven2/org/apache/maven/plugin-tools/maven-plugin-annotations/3.1/maven-plugin-annotations-3.1.pom
[2ca50e80-4351-4800-9464-f81dd142723b/build]   | [INFO] Downloaded from central: https://repo.maven.apache.org/maven2/org/apache/maven/plugin-tools/maven-plugin-annotations/3.1/maven-plugin-annotations-3.1.pom (1.6 kB at 44 kB/s)
[2ca50e80-4351-4800-9464-f81dd142723b/build]   | [INFO] Downloading from central: https://repo.maven.apache.org/maven2/org/apache/maven/plugin-tools/maven-plugin-tools/3.1/maven-plugin-tools-3.1.pom
[2ca50e80-4351-4800-9464-f81dd142723b/build]   | [INFO] Downloaded from central: https://repo.maven.apache.org/maven2/org/apache/maven/plugin-tools/maven-plugin-tools/3.1/maven-plugin-tools-3.1.pom (16 kB at 952 kB/s)
[2ca50e80-4351-4800-9464-f81dd142723b/build]   | [INFO] Downloading from central: https://repo.maven.apache.org/maven2/org/apache/maven/maven-artifact/2.0.9/maven-artifact-2.0.9.pom
[2ca50e80-4351-4800-9464-f81dd142723b/build]   | [INFO] Downloaded from central: https://repo.maven.apache.org/maven2/org/apache/maven/maven-artifact/2.0.9/maven-artifact-2.0.9.pom (1.6 kB at 231 kB/s)
[2ca50e80-4351-4800-9464-f81dd142723b/build]   | [INFO] Downloading from central: https://repo.maven.apache.org/maven2/org/codehaus/plexus/plexus-utils/3.0.8/plexus-utils-3.0.8.pom
[2ca50e80-4351-4800-9464-f81dd142723b/build]   | [INFO] Downloaded from central: https://repo.maven.apache.org/maven2/org/codehaus/plexus/plexus-utils/3.0.8/plexus-utils-3.0.8.pom (3.1 kB at 449 kB/s)
[2ca50e80-4351-4800-9464-f81dd142723b/build]   | [INFO] Downloading from central: https://repo.maven.apache.org/maven2/org/codehaus/plexus/plexus/3.2/plexus-3.2.pom
[2ca50e80-4351-4800-9464-f81dd142723b/build]   | [INFO] Downloaded from central: https://repo.maven.apache.org/maven2/org/codehaus/plexus/plexus/3.2/plexus-3.2.pom (19 kB at 852 kB/s)
[2ca50e80-4351-4800-9464-f81dd142723b/build]   | [INFO] Downloading from central: https://repo.maven.apache.org/maven2/org/apache/maven/maven-project/2.0.9/maven-project-2.0.9.pom
[2ca50e80-4351-4800-9464-f81dd142723b/build]   | [INFO] Downloaded from central: https://repo.maven.apache.org/maven2/org/apache/maven/maven-project/2.0.9/maven-project-2.0.9.pom (2.7 kB at 452 kB/s)
[2ca50e80-4351-4800-9464-f81dd142723b/build]   | [INFO] Downloading from central: https://repo.maven.apache.org/maven2/org/apache/maven/maven-settings/2.0.9/maven-settings-2.0.9.pom
[2ca50e80-4351-4800-9464-f81dd142723b/build]   | [INFO] Downloaded from central: https://repo.maven.apache.org/maven2/org/apache/maven/maven-settings/2.0.9/maven-settings-2.0.9.pom (2.1 kB at 343 kB/s)
[2ca50e80-4351-4800-9464-f81dd142723b/build]   | [INFO] Downloading from central: https://repo.maven.apache.org/maven2/org/apache/maven/maven-model/2.0.9/maven-model-2.0.9.pom
[2ca50e80-4351-4800-9464-f81dd142723b/build]   | [INFO] Downloaded from central: https://repo.maven.apache.org/maven2/org/apache/maven/maven-model/2.0.9/maven-model-2.0.9.pom (3.1 kB at 157 kB/s)
[2ca50e80-4351-4800-9464-f81dd142723b/build]   | [INFO] Downloading from central: https://repo.maven.apache.org/maven2/org/apache/maven/maven-profile/2.0.9/maven-profile-2.0.9.pom
[2ca50e80-4351-4800-9464-f81dd142723b/build]   | [INFO] Downloaded from central: https://repo.maven.apache.org/maven2/org/apache/maven/maven-profile/2.0.9/maven-profile-2.0.9.pom (2.0 kB at 171 kB/s)
[2ca50e80-4351-4800-9464-f81dd142723b/build]   | [INFO] Downloading from central: https://repo.maven.apache.org/maven2/org/apache/maven/maven-artifact-manager/2.0.9/maven-artifact-manager-2.0.9.pom
[2ca50e80-4351-4800-9464-f81dd142723b/build]   | [INFO] Downloaded from central: https://repo.maven.apache.org/maven2/org/apache/maven/maven-artifact-manager/2.0.9/maven-artifact-manager-2.0.9.pom (2.7 kB at 300 kB/s)
[2ca50e80-4351-4800-9464-f81dd142723b/build]   | [INFO] Downloading from central: https://repo.maven.apache.org/maven2/org/apache/maven/maven-repository-metadata/2.0.9/maven-repository-metadata-2.0.9.pom
[2ca50e80-4351-4800-9464-f81dd142723b/build]   | [INFO] Downloaded from central: https://repo.maven.apache.org/maven2/org/apache/maven/maven-repository-metadata/2.0.9/maven-repository-metadata-2.0.9.pom (1.9 kB at 158 kB/s)
[2ca50e80-4351-4800-9464-f81dd142723b/build]   | [INFO] Downloading from central: https://repo.maven.apache.org/maven2/org/apache/maven/maven-plugin-registry/2.0.9/maven-plugin-registry-2.0.9.pom
[2ca50e80-4351-4800-9464-f81dd142723b/build]   | [INFO] Downloaded from central: https://repo.maven.apache.org/maven2/org/apache/maven/maven-plugin-registry/2.0.9/maven-plugin-registry-2.0.9.pom (2.0 kB at 86 kB/s)
[2ca50e80-4351-4800-9464-f81dd142723b/build]   | [INFO] Downloading from central: https://repo.maven.apache.org/maven2/org/apache/maven/maven-core/2.0.9/maven-core-2.0.9.pom
[2ca50e80-4351-4800-9464-f81dd142723b/build]   | [INFO] Downloaded from central: https://repo.maven.apache.org/maven2/org/apache/maven/maven-core/2.0.9/maven-core-2.0.9.pom (7.8 kB at 778 kB/s)
[2ca50e80-4351-4800-9464-f81dd142723b/build]   | [INFO] Downloading from central: https://repo.maven.apache.org/maven2/org/apache/maven/maven-plugin-parameter-documenter/2.0.9/maven-plugin-parameter-documenter-2.0.9.pom
[2ca50e80-4351-4800-9464-f81dd142723b/build]   | [INFO] Downloaded from central: https://repo.maven.apache.org/maven2/org/apache/maven/maven-plugin-parameter-documenter/2.0.9/maven-plugin-parameter-documenter-2.0.9.pom (2.0 kB at 68 kB/s)
[2ca50e80-4351-4800-9464-f81dd142723b/build]   | [INFO] Downloading from central: https://repo.maven.apache.org/maven2/org/apache/maven/reporting/maven-reporting-api/2.0.9/maven-reporting-api-2.0.9.pom
[2ca50e80-4351-4800-9464-f81dd142723b/build]   | [INFO] Downloaded from central: https://repo.maven.apache.org/maven2/org/apache/maven/reporting/maven-reporting-api/2.0.9/maven-reporting-api-2.0.9.pom (1.8 kB at 225 kB/s)
[2ca50e80-4351-4800-9464-f81dd142723b/build]   | [INFO] Downloading from central: https://repo.maven.apache.org/maven2/org/apache/maven/reporting/maven-reporting/2.0.9/maven-reporting-2.0.9.pom
[2ca50e80-4351-4800-9464-f81dd142723b/build]   | [INFO] Downloaded from central: https://repo.maven.apache.org/maven2/org/apache/maven/reporting/maven-reporting/2.0.9/maven-reporting-2.0.9.pom (1.5 kB at 246 kB/s)
[2ca50e80-4351-4800-9464-f81dd142723b/build]   | [INFO] Downloading from central: https://repo.maven.apache.org/maven2/org/apache/maven/maven-error-diagnostics/2.0.9/maven-error-diagnostics-2.0.9.pom
[2ca50e80-4351-4800-9464-f81dd142723b/build]   | [INFO] Downloaded from central: https://repo.maven.apache.org/maven2/org/apache/maven/maven-error-diagnostics/2.0.9/maven-error-diagnostics-2.0.9.pom (1.7 kB at 436 kB/s)
[2ca50e80-4351-4800-9464-f81dd142723b/build]   | [INFO] Downloading from central: https://repo.maven.apache.org/maven2/org/apache/maven/maven-plugin-descriptor/2.0.9/maven-plugin-descriptor-2.0.9.pom
[2ca50e80-4351-4800-9464-f81dd142723b/build]   | [INFO] Downloaded from central: https://repo.maven.apache.org/maven2/org/apache/maven/maven-plugin-descriptor/2.0.9/maven-plugin-descriptor-2.0.9.pom (2.1 kB at 208 kB/s)
[2ca50e80-4351-4800-9464-f81dd142723b/build]   | [INFO] Downloading from central: https://repo.maven.apache.org/maven2/org/apache/maven/maven-monitor/2.0.9/maven-monitor-2.0.9.pom
[2ca50e80-4351-4800-9464-f81dd142723b/build]   | [INFO] Downloaded from central: https://repo.maven.apache.org/maven2/org/apache/maven/maven-monitor/2.0.9/maven-monitor-2.0.9.pom (1.3 kB at 71 kB/s)
[2ca50e80-4351-4800-9464-f81dd142723b/build]   | [INFO] Downloading from central: https://repo.maven.apache.org/maven2/org/apache/maven/maven-toolchain/2.0.9/maven-toolchain-2.0.9.pom
[2ca50e80-4351-4800-9464-f81dd142723b/build]   | [INFO] Downloaded from central: https://repo.maven.apache.org/maven2/org/apache/maven/maven-toolchain/2.0.9/maven-toolchain-2.0.9.pom (3.5 kB at 232 kB/s)
[2ca50e80-4351-4800-9464-f81dd142723b/build]   | [INFO] Downloading from central: https://repo.maven.apache.org/maven2/org/apache/commons/commons-lang3/3.1/commons-lang3-3.1.pom
[2ca50e80-4351-4800-9464-f81dd142723b/build]   | [INFO] Downloaded from central: https://repo.maven.apache.org/maven2/org/apache/commons/commons-lang3/3.1/commons-lang3-3.1.pom (17 kB at 1.7 MB/s)
[2ca50e80-4351-4800-9464-f81dd142723b/build]   | [INFO] Downloading from central: https://repo.maven.apache.org/maven2/org/apache/commons/commons-parent/22/commons-parent-22.pom
[2ca50e80-4351-4800-9464-f81dd142723b/build]   | [INFO] Downloaded from central: https://repo.maven.apache.org/maven2/org/apache/commons/commons-parent/22/commons-parent-22.pom (42 kB at 1.5 MB/s)
[2ca50e80-4351-4800-9464-f81dd142723b/build]   | [INFO] Downloading from central: https://repo.maven.apache.org/maven2/org/apache/maven/shared/maven-common-artifact-filters/1.3/maven-common-artifact-filters-1.3.pom
[2ca50e80-4351-4800-9464-f81dd142723b/build]   | [INFO] Downloaded from central: https://repo.maven.apache.org/maven2/org/apache/maven/shared/maven-common-artifact-filters/1.3/maven-common-artifact-filters-1.3.pom (3.7 kB at 247 kB/s)
[2ca50e80-4351-4800-9464-f81dd142723b/build]   | [INFO] Downloading from central: https://repo.maven.apache.org/maven2/org/apache/maven/shared/maven-shared-components/12/maven-shared-components-12.pom
[2ca50e80-4351-4800-9464-f81dd142723b/build]   | [INFO] Downloaded from central: https://repo.maven.apache.org/maven2/org/apache/maven/shared/maven-shared-components/12/maven-shared-components-12.pom (9.3 kB at 259 kB/s)
[2ca50e80-4351-4800-9464-f81dd142723b/build]   | [INFO] Downloading from central: https://repo.maven.apache.org/maven2/org/apache/maven/maven-parent/13/maven-parent-13.pom
[2ca50e80-4351-4800-9464-f81dd142723b/build]   | [INFO] Downloaded from central: https://repo.maven.apache.org/maven2/org/apache/maven/maven-parent/13/maven-parent-13.pom (23 kB at 984 kB/s)
[2ca50e80-4351-4800-9464-f81dd142723b/build]   | [INFO] Downloading from central: https://repo.maven.apache.org/maven2/org/codehaus/plexus/plexus-container-default/1.0-alpha-9/plexus-container-default-1.0-alpha-9.pom
[2ca50e80-4351-4800-9464-f81dd142723b/build]   | [INFO] Downloaded from central: https://repo.maven.apache.org/maven2/org/codehaus/plexus/plexus-container-default/1.0-alpha-9/plexus-container-default-1.0-alpha-9.pom (1.2 kB at 65 kB/s)
[2ca50e80-4351-4800-9464-f81dd142723b/build]   | [INFO] Downloading from central: https://repo.maven.apache.org/maven2/org/apache/maven/maven-plugin-api/2.0.9/maven-plugin-api-2.0.9.jar
[2ca50e80-4351-4800-9464-f81dd142723b/build]   | [INFO] Downloading from central: https://repo.maven.apache.org/maven2/org/apache/maven/surefire/surefire-booter/2.12.4/surefire-booter-2.12.4.jar
[2ca50e80-4351-4800-9464-f81dd142723b/build]   | [INFO] Downloading from central: https://repo.maven.apache.org/maven2/org/apache/maven/surefire/surefire-api/2.12.4/surefire-api-2.12.4.jar
[2ca50e80-4351-4800-9464-f81dd142723b/build]   | [INFO] Downloading from central: https://repo.maven.apache.org/maven2/org/apache/maven/surefire/maven-surefire-common/2.12.4/maven-surefire-common-2.12.4.jar
[2ca50e80-4351-4800-9464-f81dd142723b/build]   | [INFO] Downloading from central: https://repo.maven.apache.org/maven2/org/apache/commons/commons-lang3/3.1/commons-lang3-3.1.jar
[2ca50e80-4351-4800-9464-f81dd142723b/build]   | [INFO] Downloaded from central: https://repo.maven.apache.org/maven2/org/apache/maven/maven-plugin-api/2.0.9/maven-plugin-api-2.0.9.jar (13 kB at 758 kB/s)
[2ca50e80-4351-4800-9464-f81dd142723b/build]   | [INFO] Downloading from central: https://repo.maven.apache.org/maven2/org/apache/maven/shared/maven-common-artifact-filters/1.3/maven-common-artifact-filters-1.3.jar
[2ca50e80-4351-4800-9464-f81dd142723b/build]   | [INFO] Downloaded from central: https://repo.maven.apache.org/maven2/org/apache/maven/surefire/surefire-booter/2.12.4/surefire-booter-2.12.4.jar (35 kB at 867 kB/s)
[2ca50e80-4351-4800-9464-f81dd142723b/build]   | [INFO] Downloading from central: https://repo.maven.apache.org/maven2/org/codehaus/plexus/plexus-utils/3.0.8/plexus-utils-3.0.8.jar
[2ca50e80-4351-4800-9464-f81dd142723b/build]   | [INFO] Downloaded from central: https://repo.maven.apache.org/maven2/org/apache/maven/shared/maven-common-artifact-filters/1.3/maven-common-artifact-filters-1.3.jar (31 kB at 647 kB/s)
[2ca50e80-4351-4800-9464-f81dd142723b/build]   | [INFO] Downloading from central: https://repo.maven.apache.org/maven2/org/apache/maven/maven-artifact/2.0.9/maven-artifact-2.0.9.jar
[2ca50e80-4351-4800-9464-f81dd142723b/build]   | [INFO] Downloaded from central: https://repo.maven.apache.org/maven2/org/apache/maven/surefire/surefire-api/2.12.4/surefire-api-2.12.4.jar (118 kB at 2.0 MB/s)
[2ca50e80-4351-4800-9464-f81dd142723b/build]   | [INFO] Downloading from central: https://repo.maven.apache.org/maven2/org/apache/maven/maven-project/2.0.9/maven-project-2.0.9.jar
[2ca50e80-4351-4800-9464-f81dd142723b/build]   | [INFO] Downloaded from central: https://repo.maven.apache.org/maven2/org/apache/commons/commons-lang3/3.1/commons-lang3-3.1.jar (316 kB at 5.4 MB/s)
[2ca50e80-4351-4800-9464-f81dd142723b/build]   | [INFO] Downloading from central: https://repo.maven.apache.org/maven2/org/apache/maven/maven-settings/2.0.9/maven-settings-2.0.9.jar
[2ca50e80-4351-4800-9464-f81dd142723b/build]   | [INFO] Downloaded from central: https://repo.maven.apache.org/maven2/org/apache/maven/surefire/maven-surefire-common/2.12.4/maven-surefire-common-2.12.4.jar (263 kB at 3.1 MB/s)
[2ca50e80-4351-4800-9464-f81dd142723b/build]   | [INFO] Downloading from central: https://repo.maven.apache.org/maven2/org/apache/maven/maven-profile/2.0.9/maven-profile-2.0.9.jar
[2ca50e80-4351-4800-9464-f81dd142723b/build]   | [INFO] Downloaded from central: https://repo.maven.apache.org/maven2/org/apache/maven/maven-settings/2.0.9/maven-settings-2.0.9.jar (49 kB at 592 kB/s)
[2ca50e80-4351-4800-9464-f81dd142723b/build]   | [INFO] Downloading from central: https://repo.maven.apache.org/maven2/org/apache/maven/maven-model/2.0.9/maven-model-2.0.9.jar
[2ca50e80-4351-4800-9464-f81dd142723b/build]   | [INFO] Downloaded from central: https://repo.maven.apache.org/maven2/org/apache/maven/maven-artifact/2.0.9/maven-artifact-2.0.9.jar (89 kB at 1.0 MB/s)
[2ca50e80-4351-4800-9464-f81dd142723b/build]   | [INFO] Downloading from central: https://repo.maven.apache.org/maven2/org/apache/maven/maven-artifact-manager/2.0.9/maven-artifact-manager-2.0.9.jar
[2ca50e80-4351-4800-9464-f81dd142723b/build]   | [INFO] Downloaded from central: https://repo.maven.apache.org/maven2/org/apache/maven/maven-project/2.0.9/maven-project-2.0.9.jar (122 kB at 1.3 MB/s)
[2ca50e80-4351-4800-9464-f81dd142723b/build]   | [INFO] Downloading from central: https://repo.maven.apache.org/maven2/org/apache/maven/maven-plugin-registry/2.0.9/maven-plugin-registry-2.0.9.jar
[2ca50e80-4351-4800-9464-f81dd142723b/build]   | [INFO] Downloaded from central: https://repo.maven.apache.org/maven2/org/apache/maven/maven-model/2.0.9/maven-model-2.0.9.jar (87 kB at 728 kB/s)
[2ca50e80-4351-4800-9464-f81dd142723b/build]   | [INFO] Downloading from central: https://repo.maven.apache.org/maven2/org/apache/maven/maven-core/2.0.9/maven-core-2.0.9.jar
[2ca50e80-4351-4800-9464-f81dd142723b/build]   | [INFO] Downloaded from central: https://repo.maven.apache.org/maven2/org/apache/maven/maven-profile/2.0.9/maven-profile-2.0.9.jar (35 kB at 295 kB/s)
[2ca50e80-4351-4800-9464-f81dd142723b/build]   | [INFO] Downloading from central: https://repo.maven.apache.org/maven2/org/apache/maven/maven-plugin-parameter-documenter/2.0.9/maven-plugin-parameter-documenter-2.0.9.jar
[2ca50e80-4351-4800-9464-f81dd142723b/build]   | [INFO] Downloaded from central: https://repo.maven.apache.org/maven2/org/apache/maven/maven-plugin-registry/2.0.9/maven-plugin-registry-2.0.9.jar (29 kB at 233 kB/s)
[2ca50e80-4351-4800-9464-f81dd142723b/build]   | [INFO] Downloading from central: https://repo.maven.apache.org/maven2/org/apache/maven/reporting/maven-reporting-api/2.0.9/maven-reporting-api-2.0.9.jar
[2ca50e80-4351-4800-9464-f81dd142723b/build]   | [INFO] Downloaded from central: https://repo.maven.apache.org/maven2/org/apache/maven/maven-artifact-manager/2.0.9/maven-artifact-manager-2.0.9.jar (58 kB at 455 kB/s)
[2ca50e80-4351-4800-9464-f81dd142723b/build]   | [INFO] Downloading from central: https://repo.maven.apache.org/maven2/org/apache/maven/maven-repository-metadata/2.0.9/maven-repository-metadata-2.0.9.jar
[2ca50e80-4351-4800-9464-f81dd142723b/build]   | [INFO] Downloaded from central: https://repo.maven.apache.org/maven2/org/codehaus/plexus/plexus-utils/3.0.8/plexus-utils-3.0.8.jar (232 kB at 1.7 MB/s)
[2ca50e80-4351-4800-9464-f81dd142723b/build]   | [INFO] Downloading from central: https://repo.maven.apache.org/maven2/org/apache/maven/maven-error-diagnostics/2.0.9/maven-error-diagnostics-2.0.9.jar
[2ca50e80-4351-4800-9464-f81dd142723b/build]   | [INFO] Downloaded from central: https://repo.maven.apache.org/maven2/org/apache/maven/maven-plugin-parameter-documenter/2.0.9/maven-plugin-parameter-documenter-2.0.9.jar (21 kB at 141 kB/s)
[2ca50e80-4351-4800-9464-f81dd142723b/build]   | [INFO] Downloading from central: https://repo.maven.apache.org/maven2/org/apache/maven/maven-plugin-descriptor/2.0.9/maven-plugin-descriptor-2.0.9.jar
[2ca50e80-4351-4800-9464-f81dd142723b/build]   | [INFO] Downloaded from central: https://repo.maven.apache.org/maven2/org/apache/maven/reporting/maven-reporting-api/2.0.9/maven-reporting-api-2.0.9.jar (10 kB at 68 kB/s)
[2ca50e80-4351-4800-9464-f81dd142723b/build]   | [INFO] Downloading from central: https://repo.maven.apache.org/maven2/org/apache/maven/maven-monitor/2.0.9/maven-monitor-2.0.9.jar
[2ca50e80-4351-4800-9464-f81dd142723b/build]   | [INFO] Downloaded from central: https://repo.maven.apache.org/maven2/org/apache/maven/maven-repository-metadata/2.0.9/maven-repository-metadata-2.0.9.jar (25 kB at 162 kB/s)
[2ca50e80-4351-4800-9464-f81dd142723b/build]   | [INFO] Downloading from central: https://repo.maven.apache.org/maven2/org/apache/maven/maven-toolchain/2.0.9/maven-toolchain-2.0.9.jar
[2ca50e80-4351-4800-9464-f81dd142723b/build]   | [INFO] Downloaded from central: https://repo.maven.apache.org/maven2/org/apache/maven/maven-core/2.0.9/maven-core-2.0.9.jar (160 kB at 939 kB/s)
[2ca50e80-4351-4800-9464-f81dd142723b/build]   | [INFO] Downloading from central: https://repo.maven.apache.org/maven2/org/apache/maven/plugin-tools/maven-plugin-annotations/3.1/maven-plugin-annotations-3.1.jar
[2ca50e80-4351-4800-9464-f81dd142723b/build]   | [INFO] Downloaded from central: https://repo.maven.apache.org/maven2/org/apache/maven/maven-error-diagnostics/2.0.9/maven-error-diagnostics-2.0.9.jar (14 kB at 79 kB/s)
[2ca50e80-4351-4800-9464-f81dd142723b/build]   | [INFO] Downloaded from central: https://repo.maven.apache.org/maven2/org/apache/maven/maven-monitor/2.0.9/maven-monitor-2.0.9.jar (10 kB at 58 kB/s)
[2ca50e80-4351-4800-9464-f81dd142723b/build]   | [INFO] Downloaded from central: https://repo.maven.apache.org/maven2/org/apache/maven/maven-toolchain/2.0.9/maven-toolchain-2.0.9.jar (38 kB at 213 kB/s)
[2ca50e80-4351-4800-9464-f81dd142723b/build]   | [INFO] Downloaded from central: https://repo.maven.apache.org/maven2/org/apache/maven/maven-plugin-descriptor/2.0.9/maven-plugin-descriptor-2.0.9.jar (37 kB at 206 kB/s)
[2ca50e80-4351-4800-9464-f81dd142723b/build]   | [INFO] Downloaded from central: https://repo.maven.apache.org/maven2/org/apache/maven/plugin-tools/maven-plugin-annotations/3.1/maven-plugin-annotations-3.1.jar (14 kB at 68 kB/s)
[2ca50e80-4351-4800-9464-f81dd142723b/build]   | [INFO] Surefire report directory: /tmp/dcf2de27-a8db-4b3d-bb21-a92ec5a0d400/target/surefire-reports
[2ca50e80-4351-4800-9464-f81dd142723b/build]   | [INFO] Downloading from central: https://repo.maven.apache.org/maven2/org/apache/maven/surefire/surefire-junit4/2.12.4/surefire-junit4-2.12.4.pom
[2ca50e80-4351-4800-9464-f81dd142723b/build]   | [INFO] Downloaded from central: https://repo.maven.apache.org/maven2/org/apache/maven/surefire/surefire-junit4/2.12.4/surefire-junit4-2.12.4.pom (2.4 kB at 42 kB/s)
[2ca50e80-4351-4800-9464-f81dd142723b/build]   | [INFO] Downloading from central: https://repo.maven.apache.org/maven2/org/apache/maven/surefire/surefire-providers/2.12.4/surefire-providers-2.12.4.pom
[2ca50e80-4351-4800-9464-f81dd142723b/build]   | [INFO] Downloaded from central: https://repo.maven.apache.org/maven2/org/apache/maven/surefire/surefire-providers/2.12.4/surefire-providers-2.12.4.pom (2.3 kB at 147 kB/s)
[2ca50e80-4351-4800-9464-f81dd142723b/build]   | [INFO] Downloading from central: https://repo.maven.apache.org/maven2/org/apache/maven/surefire/surefire-junit4/2.12.4/surefire-junit4-2.12.4.jar
[2ca50e80-4351-4800-9464-f81dd142723b/build]   | [INFO] Downloaded from central: https://repo.maven.apache.org/maven2/org/apache/maven/surefire/surefire-junit4/2.12.4/surefire-junit4-2.12.4.jar (37 kB at 1.0 MB/s)
[2ca50e80-4351-4800-9464-f81dd142723b/build]   | 
[2ca50e80-4351-4800-9464-f81dd142723b/build]   | -------------------------------------------------------
[2ca50e80-4351-4800-9464-f81dd142723b/build]   |  T E S T S
[2ca50e80-4351-4800-9464-f81dd142723b/build]   | -------------------------------------------------------
[2ca50e80-4351-4800-9464-f81dd142723b/build]   | Running com.walmartlabs.x12.dex.dx894.DefaultDex894ParserTest
[2ca50e80-4351-4800-9464-f81dd142723b/build]   | [DXS*9251230013*DX*004010UCS*1*9254850000, ST*894*569145629, G82*D*569145629*051957769*002703*001184472*0000*20170822, LS*0100, G83*1*48*EA*001410008547****1.83, G72*090*02***-0.27*48*EA, LE*0100, G84*48*7488, G86*D91456290976, G85*8EC2, SE*10*569145629, ST*894*569145630, G82*D*569145630*051957769*002703*001184472*0000*20170822, LS*0100, G83*1*2*EA*001410004616****5.17, G72*090*02***-0.89*2*EA, LE*0100, G84*2*856, G86*C91456300976, G85*284B, SE*10*569145630, DXE*1*2]
[2ca50e80-4351-4800-9464-f81dd142723b/build]   | 20:09:13.714 [main] DEBUG com.walmartlabs.x12.dex.dx894.DefaultDex894Parser - DXS
[2ca50e80-4351-4800-9464-f81dd142723b/build]   | 20:09:13.718 [main] DEBUG com.walmartlabs.x12.dex.dx894.DefaultDex894Parser - parseDexTransaction:1
[2ca50e80-4351-4800-9464-f81dd142723b/build]   | 20:09:13.718 [main] DEBUG com.walmartlabs.x12.dex.dx894.DefaultDex894Parser - ST
[2ca50e80-4351-4800-9464-f81dd142723b/build]   | 20:09:13.718 [main] DEBUG com.walmartlabs.x12.dex.dx894.DefaultDex894Parser - G82
[2ca50e80-4351-4800-9464-f81dd142723b/build]   | 20:09:13.718 [main] DEBUG com.walmartlabs.x12.dex.dx894.DefaultDex894Parser - parseDexTransactionLoop:3
[2ca50e80-4351-4800-9464-f81dd142723b/build]   | 20:09:13.718 [main] DEBUG com.walmartlabs.x12.dex.dx894.DefaultDex894Parser - LS
[2ca50e80-4351-4800-9464-f81dd142723b/build]   | 20:09:13.718 [main] DEBUG com.walmartlabs.x12.dex.dx894.DefaultDex894Parser - parseDexItem:4
[2ca50e80-4351-4800-9464-f81dd142723b/build]   | 20:09:13.718 [main] DEBUG com.walmartlabs.x12.dex.dx894.DefaultDex894Parser - G83
[2ca50e80-4351-4800-9464-f81dd142723b/build]   | 20:09:13.722 [main] DEBUG com.walmartlabs.x12.dex.dx894.DefaultDex894Parser - G72
[2ca50e80-4351-4800-9464-f81dd142723b/build]   | 20:09:13.722 [main] DEBUG com.walmartlabs.x12.dex.dx894.DefaultDex894Parser - LE
[2ca50e80-4351-4800-9464-f81dd142723b/build]   | 20:09:13.722 [main] DEBUG com.walmartlabs.x12.dex.dx894.DefaultDex894Parser - G84
[2ca50e80-4351-4800-9464-f81dd142723b/build]   | 20:09:13.722 [main] DEBUG com.walmartlabs.x12.dex.dx894.DefaultDex894Parser - G86
[2ca50e80-4351-4800-9464-f81dd142723b/build]   | 20:09:13.722 [main] DEBUG com.walmartlabs.x12.dex.dx894.DefaultDex894Parser - G85
[2ca50e80-4351-4800-9464-f81dd142723b/build]   | 20:09:13.722 [main] DEBUG com.walmartlabs.x12.dex.dx894.DefaultDex894Parser - SE
[2ca50e80-4351-4800-9464-f81dd142723b/build]   | 20:09:13.722 [main] DEBUG com.walmartlabs.x12.dex.dx894.DefaultDex894Parser - parseDexTransaction:11
[2ca50e80-4351-4800-9464-f81dd142723b/build]   | 20:09:13.722 [main] DEBUG com.walmartlabs.x12.dex.dx894.DefaultDex894Parser - ST
[2ca50e80-4351-4800-9464-f81dd142723b/build]   | 20:09:13.722 [main] DEBUG com.walmartlabs.x12.dex.dx894.DefaultDex894Parser - G82
[2ca50e80-4351-4800-9464-f81dd142723b/build]   | 20:09:13.722 [main] DEBUG com.walmartlabs.x12.dex.dx894.DefaultDex894Parser - parseDexTransactionLoop:13
[2ca50e80-4351-4800-9464-f81dd142723b/build]   | 20:09:13.723 [main] DEBUG com.walmartlabs.x12.dex.dx894.DefaultDex894Parser - LS
[2ca50e80-4351-4800-9464-f81dd142723b/build]   | 20:09:13.723 [main] DEBUG com.walmartlabs.x12.dex.dx894.DefaultDex894Parser - parseDexItem:14
[2ca50e80-4351-4800-9464-f81dd142723b/build]   | 20:09:13.723 [main] DEBUG com.walmartlabs.x12.dex.dx894.DefaultDex894Parser - G83
[2ca50e80-4351-4800-9464-f81dd142723b/build]   | 20:09:13.723 [main] DEBUG com.walmartlabs.x12.dex.dx894.DefaultDex894Parser - G72
[2ca50e80-4351-4800-9464-f81dd142723b/build]   | 20:09:13.723 [main] DEBUG com.walmartlabs.x12.dex.dx894.DefaultDex894Parser - LE
[2ca50e80-4351-4800-9464-f81dd142723b/build]   | 20:09:13.723 [main] DEBUG com.walmartlabs.x12.dex.dx894.DefaultDex894Parser - G84
[2ca50e80-4351-4800-9464-f81dd142723b/build]   | 20:09:13.723 [main] DEBUG com.walmartlabs.x12.dex.dx894.DefaultDex894Parser - G86
[2ca50e80-4351-4800-9464-f81dd142723b/build]   | 20:09:13.723 [main] DEBUG com.walmartlabs.x12.dex.dx894.DefaultDex894Parser - G85
[2ca50e80-4351-4800-9464-f81dd142723b/build]   | 20:09:13.723 [main] DEBUG com.walmartlabs.x12.dex.dx894.DefaultDex894Parser - SE
[2ca50e80-4351-4800-9464-f81dd142723b/build]   | 20:09:13.723 [main] DEBUG com.walmartlabs.x12.dex.dx894.DefaultDex894Parser - DXE
[2ca50e80-4351-4800-9464-f81dd142723b/build]   | [DXS*9251230013*DX*004010UCS*1*9254850000, ST*894*148303793, G82*D*148303793*051957769*6966*001184472*0013*20171109, LS*0100, G83*1*4*EA*001410008782****4.80, G72*090*02***-1.03*4*EA, G83*2*4*EA*001410008783****4.80, G72*090*02***-1.03*4*EA, G83*3*6*EA*001410007708****2.58, G72*090*02***-0.24*6*EA, G83*4*6*EA*001410007712****2.58, G72*090*02***-0.24*6*EA, G83*5*6*EA*001410007884****2.58, G72*090*02***-0.24*6*EA, G83*6*4*EA*001410009997****2.73, G72*090*02***-0.39*4*EA, G83*7*4*EA*001410007472****2.73, G72*090*02***-0.39*4*EA, G83*8*4*EA*001410007952****2.58, G72*090*02***-0.24*4*EA, G83*9*6*EA*001410008609****3.83, G83*10*6*EA*001410008610****3.83, G83*11*4*EA*001410008611****3.83, G83*12*8*EA*001410008548****1.83, G72*090*02***-0.27*8*EA, G83*13*8*EA*001410008835****2.28, G83*14*24*EA*001410008547****1.83, G72*090*02***-0.27*24*EA, G83*15*8*EA*001410008561****1.83, G72*090*02***-0.27*8*EA, G83*16*8*EA*001410008562****1.83, G72*090*02***-0.27*8*EA, G83*17*9*EA*001410008539****1.83, G72*090*02***-0.27*9*EA, G83*18*12*EA*001410009655****6.66, G72*090*02***-0.76*12*EA, G83*19*12*EA*001410009656****6.66, G72*090*02***-0.76*12*EA, LE*0100, G84*143*41040, G86*D83037938029, G85*A238, SE*42*148303793, DXE*1*1]
[2ca50e80-4351-4800-9464-f81dd142723b/build]   | 20:09:13.726 [main] DEBUG com.walmartlabs.x12.dex.dx894.DefaultDex894Parser - DXS
[2ca50e80-4351-4800-9464-f81dd142723b/build]   | 20:09:13.726 [main] DEBUG com.walmartlabs.x12.dex.dx894.DefaultDex894Parser - parseDexTransaction:1
[2ca50e80-4351-4800-9464-f81dd142723b/build]   | 20:09:13.726 [main] DEBUG com.walmartlabs.x12.dex.dx894.DefaultDex894Parser - ST
[2ca50e80-4351-4800-9464-f81dd142723b/build]   | 20:09:13.726 [main] DEBUG com.walmartlabs.x12.dex.dx894.DefaultDex894Parser - G82
[2ca50e80-4351-4800-9464-f81dd142723b/build]   | 20:09:13.726 [main] DEBUG com.walmartlabs.x12.dex.dx894.DefaultDex894Parser - parseDexTransactionLoop:3
[2ca50e80-4351-4800-9464-f81dd142723b/build]   | 20:09:13.726 [main] DEBUG com.walmartlabs.x12.dex.dx894.DefaultDex894Parser - LS
[2ca50e80-4351-4800-9464-f81dd142723b/build]   | 20:09:13.726 [main] DEBUG com.walmartlabs.x12.dex.dx894.DefaultDex894Parser - parseDexItem:4
[2ca50e80-4351-4800-9464-f81dd142723b/build]   | 20:09:13.726 [main] DEBUG com.walmartlabs.x12.dex.dx894.DefaultDex894Parser - G83
[2ca50e80-4351-4800-9464-f81dd142723b/build]   | 20:09:13.726 [main] DEBUG com.walmartlabs.x12.dex.dx894.DefaultDex894Parser - G72
[2ca50e80-4351-4800-9464-f81dd142723b/build]   | 20:09:13.726 [main] DEBUG com.walmartlabs.x12.dex.dx894.DefaultDex894Parser - parseDexItem:6
[2ca50e80-4351-4800-9464-f81dd142723b/build]   | 20:09:13.727 [main] DEBUG com.walmartlabs.x12.dex.dx894.DefaultDex894Parser - G83
[2ca50e80-4351-4800-9464-f81dd142723b/build]   | 20:09:13.727 [main] DEBUG com.walmartlabs.x12.dex.dx894.DefaultDex894Parser - G72
[2ca50e80-4351-4800-9464-f81dd142723b/build]   | 20:09:13.727 [main] DEBUG com.walmartlabs.x12.dex.dx894.DefaultDex894Parser - parseDexItem:8
[2ca50e80-4351-4800-9464-f81dd142723b/build]   | 20:09:13.727 [main] DEBUG com.walmartlabs.x12.dex.dx894.DefaultDex894Parser - G83
[2ca50e80-4351-4800-9464-f81dd142723b/build]   | 20:09:13.727 [main] DEBUG com.walmartlabs.x12.dex.dx894.DefaultDex894Parser - G72
[2ca50e80-4351-4800-9464-f81dd142723b/build]   | 20:09:13.727 [main] DEBUG com.walmartlabs.x12.dex.dx894.DefaultDex894Parser - parseDexItem:10
[2ca50e80-4351-4800-9464-f81dd142723b/build]   | 20:09:13.727 [main] DEBUG com.walmartlabs.x12.dex.dx894.DefaultDex894Parser - G83
[2ca50e80-4351-4800-9464-f81dd142723b/build]   | 20:09:13.727 [main] DEBUG com.walmartlabs.x12.dex.dx894.DefaultDex894Parser - G72
[2ca50e80-4351-4800-9464-f81dd142723b/build]   | 20:09:13.727 [main] DEBUG com.walmartlabs.x12.dex.dx894.DefaultDex894Parser - parseDexItem:12
[2ca50e80-4351-4800-9464-f81dd142723b/build]   | 20:09:13.727 [main] DEBUG com.walmartlabs.x12.dex.dx894.DefaultDex894Parser - G83
[2ca50e80-4351-4800-9464-f81dd142723b/build]   | 20:09:13.727 [main] DEBUG com.walmartlabs.x12.dex.dx894.DefaultDex894Parser - G72
[2ca50e80-4351-4800-9464-f81dd142723b/build]   | 20:09:13.727 [main] DEBUG com.walmartlabs.x12.dex.dx894.DefaultDex894Parser - parseDexItem:14
[2ca50e80-4351-4800-9464-f81dd142723b/build]   | 20:09:13.727 [main] DEBUG com.walmartlabs.x12.dex.dx894.DefaultDex894Parser - G83
[2ca50e80-4351-4800-9464-f81dd142723b/build]   | 20:09:13.727 [main] DEBUG com.walmartlabs.x12.dex.dx894.DefaultDex894Parser - G72
[2ca50e80-4351-4800-9464-f81dd142723b/build]   | 20:09:13.727 [main] DEBUG com.walmartlabs.x12.dex.dx894.DefaultDex894Parser - parseDexItem:16
[2ca50e80-4351-4800-9464-f81dd142723b/build]   | 20:09:13.727 [main] DEBUG com.walmartlabs.x12.dex.dx894.DefaultDex894Parser - G83
[2ca50e80-4351-4800-9464-f81dd142723b/build]   | 20:09:13.727 [main] DEBUG com.walmartlabs.x12.dex.dx894.DefaultDex894Parser - G72
[2ca50e80-4351-4800-9464-f81dd142723b/build]   | 20:09:13.728 [main] DEBUG com.walmartlabs.x12.dex.dx894.DefaultDex894Parser - parseDexItem:18
[2ca50e80-4351-4800-9464-f81dd142723b/build]   | 20:09:13.728 [main] DEBUG com.walmartlabs.x12.dex.dx894.DefaultDex894Parser - G83
[2ca50e80-4351-4800-9464-f81dd142723b/build]   | 20:09:13.728 [main] DEBUG com.walmartlabs.x12.dex.dx894.DefaultDex894Parser - G72
[2ca50e80-4351-4800-9464-f81dd142723b/build]   | 20:09:13.728 [main] DEBUG com.walmartlabs.x12.dex.dx894.DefaultDex894Parser - parseDexItem:20
[2ca50e80-4351-4800-9464-f81dd142723b/build]   | 20:09:13.728 [main] DEBUG com.walmartlabs.x12.dex.dx894.DefaultDex894Parser - G83
[2ca50e80-4351-4800-9464-f81dd142723b/build]   | 20:09:13.728 [main] DEBUG com.walmartlabs.x12.dex.dx894.DefaultDex894Parser - parseDexItem:21
[2ca50e80-4351-4800-9464-f81dd142723b/build]   | 20:09:13.728 [main] DEBUG com.walmartlabs.x12.dex.dx894.DefaultDex894Parser - G83
[2ca50e80-4351-4800-9464-f81dd142723b/build]   | 20:09:13.728 [main] DEBUG com.walmartlabs.x12.dex.dx894.DefaultDex894Parser - parseDexItem:22
[2ca50e80-4351-4800-9464-f81dd142723b/build]   | 20:09:13.728 [main] DEBUG com.walmartlabs.x12.dex.dx894.DefaultDex894Parser - G83
[2ca50e80-4351-4800-9464-f81dd142723b/build]   | 20:09:13.729 [main] DEBUG com.walmartlabs.x12.dex.dx894.DefaultDex894Parser - parseDexItem:23
[2ca50e80-4351-4800-9464-f81dd142723b/build]   | 20:09:13.729 [main] DEBUG com.walmartlabs.x12.dex.dx894.DefaultDex894Parser - G83
[2ca50e80-4351-4800-9464-f81dd142723b/build]   | 20:09:13.729 [main] DEBUG com.walmartlabs.x12.dex.dx894.DefaultDex894Parser - G72
[2ca50e80-4351-4800-9464-f81dd142723b/build]   | 20:09:13.729 [main] DEBUG com.walmartlabs.x12.dex.dx894.DefaultDex894Parser - parseDexItem:25
[2ca50e80-4351-4800-9464-f81dd142723b/build]   | 20:09:13.729 [main] DEBUG com.walmartlabs.x12.dex.dx894.DefaultDex894Parser - G83
[2ca50e80-4351-4800-9464-f81dd142723b/build]   | 20:09:13.729 [main] DEBUG com.walmartlabs.x12.dex.dx894.DefaultDex894Parser - parseDexItem:26
[2ca50e80-4351-4800-9464-f81dd142723b/build]   | 20:09:13.729 [main] DEBUG com.walmartlabs.x12.dex.dx894.DefaultDex894Parser - G83
[2ca50e80-4351-4800-9464-f81dd142723b/build]   | 20:09:13.729 [main] DEBUG com.walmartlabs.x12.dex.dx894.DefaultDex894Parser - G72
[2ca50e80-4351-4800-9464-f81dd142723b/build]   | 20:09:13.729 [main] DEBUG com.walmartlabs.x12.dex.dx894.DefaultDex894Parser - parseDexItem:28
[2ca50e80-4351-4800-9464-f81dd142723b/build]   | 20:09:13.729 [main] DEBUG com.walmartlabs.x12.dex.dx894.DefaultDex894Parser - G83
[2ca50e80-4351-4800-9464-f81dd142723b/build]   | 20:09:13.729 [main] DEBUG com.walmartlabs.x12.dex.dx894.DefaultDex894Parser - G72
[2ca50e80-4351-4800-9464-f81dd142723b/build]   | 20:09:13.729 [main] DEBUG com.walmartlabs.x12.dex.dx894.DefaultDex894Parser - parseDexItem:30
[2ca50e80-4351-4800-9464-f81dd142723b/build]   | 20:09:13.729 [main] DEBUG com.walmartlabs.x12.dex.dx894.DefaultDex894Parser - G83
[2ca50e80-4351-4800-9464-f81dd142723b/build]   | 20:09:13.730 [main] DEBUG com.walmartlabs.x12.dex.dx894.DefaultDex894Parser - G72
[2ca50e80-4351-4800-9464-f81dd142723b/build]   | 20:09:13.730 [main] DEBUG com.walmartlabs.x12.dex.dx894.DefaultDex894Parser - parseDexItem:32
[2ca50e80-4351-4800-9464-f81dd142723b/build]   | 20:09:13.730 [main] DEBUG com.walmartlabs.x12.dex.dx894.DefaultDex894Parser - G83
[2ca50e80-4351-4800-9464-f81dd142723b/build]   | 20:09:13.730 [main] DEBUG com.walmartlabs.x12.dex.dx894.DefaultDex894Parser - G72
[2ca50e80-4351-4800-9464-f81dd142723b/build]   | 20:09:13.730 [main] DEBUG com.walmartlabs.x12.dex.dx894.DefaultDex894Parser - parseDexItem:34
[2ca50e80-4351-4800-9464-f81dd142723b/build]   | 20:09:13.730 [main] DEBUG com.walmartlabs.x12.dex.dx894.DefaultDex894Parser - G83
[2ca50e80-4351-4800-9464-f81dd142723b/build]   | 20:09:13.730 [main] DEBUG com.walmartlabs.x12.dex.dx894.DefaultDex894Parser - G72
[2ca50e80-4351-4800-9464-f81dd142723b/build]   | 20:09:13.730 [main] DEBUG com.walmartlabs.x12.dex.dx894.DefaultDex894Parser - parseDexItem:36
[2ca50e80-4351-4800-9464-f81dd142723b/build]   | 20:09:13.730 [main] DEBUG com.walmartlabs.x12.dex.dx894.DefaultDex894Parser - G83
[2ca50e80-4351-4800-9464-f81dd142723b/build]   | 20:09:13.730 [main] DEBUG com.walmartlabs.x12.dex.dx894.DefaultDex894Parser - G72
[2ca50e80-4351-4800-9464-f81dd142723b/build]   | 20:09:13.730 [main] DEBUG com.walmartlabs.x12.dex.dx894.DefaultDex894Parser - LE
[2ca50e80-4351-4800-9464-f81dd142723b/build]   | 20:09:13.730 [main] DEBUG com.walmartlabs.x12.dex.dx894.DefaultDex894Parser - G84
[2ca50e80-4351-4800-9464-f81dd142723b/build]   | 20:09:13.730 [main] DEBUG com.walmartlabs.x12.dex.dx894.DefaultDex894Parser - G86
[2ca50e80-4351-4800-9464-f81dd142723b/build]   | 20:09:13.730 [main] DEBUG com.walmartlabs.x12.dex.dx894.DefaultDex894Parser - G85
[2ca50e80-4351-4800-9464-f81dd142723b/build]   | 20:09:13.730 [main] DEBUG com.walmartlabs.x12.dex.dx894.DefaultDex894Parser - SE
[2ca50e80-4351-4800-9464-f81dd142723b/build]   | 20:09:13.730 [main] DEBUG com.walmartlabs.x12.dex.dx894.DefaultDex894Parser - DXE
[2ca50e80-4351-4800-9464-f81dd142723b/build]   | 20:09:13.733 [main] DEBUG com.walmartlabs.x12.dex.dx894.DefaultDex894Parser - DXS
[2ca50e80-4351-4800-9464-f81dd142723b/build]   | 20:09:13.733 [main] DEBUG com.walmartlabs.x12.dex.dx894.DefaultDex894Parser - parseDexTransaction:1
[2ca50e80-4351-4800-9464-f81dd142723b/build]   | 20:09:13.733 [main] DEBUG com.walmartlabs.x12.dex.dx894.DefaultDex894Parser - ST
[2ca50e80-4351-4800-9464-f81dd142723b/build]   | 20:09:13.733 [main] DEBUG com.walmartlabs.x12.dex.dx894.DefaultDex894Parser - G82
[2ca50e80-4351-4800-9464-f81dd142723b/build]   | 20:09:13.733 [main] DEBUG com.walmartlabs.x12.dex.dx894.DefaultDex894Parser - parseDexTransactionLoop:3
[2ca50e80-4351-4800-9464-f81dd142723b/build]   | 20:09:13.733 [main] DEBUG com.walmartlabs.x12.dex.dx894.DefaultDex894Parser - LS
[2ca50e80-4351-4800-9464-f81dd142723b/build]   | 20:09:13.733 [main] DEBUG com.walmartlabs.x12.dex.dx894.DefaultDex894Parser - parseDexItem:4
[2ca50e80-4351-4800-9464-f81dd142723b/build]   | 20:09:13.733 [main] DEBUG com.walmartlabs.x12.dex.dx894.DefaultDex894Parser - G83
[2ca50e80-4351-4800-9464-f81dd142723b/build]   | 20:09:13.733 [main] DEBUG com.walmartlabs.x12.dex.dx894.DefaultDex894Parser - G72
[2ca50e80-4351-4800-9464-f81dd142723b/build]   | 20:09:13.733 [main] DEBUG com.walmartlabs.x12.dex.dx894.DefaultDex894Parser - LE
[2ca50e80-4351-4800-9464-f81dd142723b/build]   | 20:09:13.733 [main] DEBUG com.walmartlabs.x12.dex.dx894.DefaultDex894Parser - G84
[2ca50e80-4351-4800-9464-f81dd142723b/build]   | 20:09:13.733 [main] DEBUG com.walmartlabs.x12.dex.dx894.DefaultDex894Parser - G86
[2ca50e80-4351-4800-9464-f81dd142723b/build]   | 20:09:13.733 [main] DEBUG com.walmartlabs.x12.dex.dx894.DefaultDex894Parser - ST
[2ca50e80-4351-4800-9464-f81dd142723b/build]   | Tests run: 18, Failures: 0, Errors: 0, Skipped: 0, Time elapsed: 0.138 sec
[2ca50e80-4351-4800-9464-f81dd142723b/build]   | Running com.walmartlabs.x12.dex.dx894.UnitMeasureTest
[2ca50e80-4351-4800-9464-f81dd142723b/build]   | Tests run: 4, Failures: 0, Errors: 0, Skipped: 0, Time elapsed: 0.001 sec
[2ca50e80-4351-4800-9464-f81dd142723b/build]   | Running com.walmartlabs.x12.dex.dx894.DefaultDex894ParserTransactionTest
[2ca50e80-4351-4800-9464-f81dd142723b/build]   | 20:09:13.745 [main] DEBUG com.walmartlabs.x12.dex.dx894.DefaultDex894Parser - SE
[2ca50e80-4351-4800-9464-f81dd142723b/build]   | 20:09:13.746 [main] DEBUG com.walmartlabs.x12.dex.dx894.DefaultDex894Parser - XX
[2ca50e80-4351-4800-9464-f81dd142723b/build]   | 20:09:13.746 [main] DEBUG com.walmartlabs.x12.dex.dx894.DefaultDex894Parser - G89
[2ca50e80-4351-4800-9464-f81dd142723b/build]   | 20:09:13.746 [main] DEBUG com.walmartlabs.x12.dex.dx894.DefaultDex894Parser - XX
[2ca50e80-4351-4800-9464-f81dd142723b/build]   | 20:09:13.746 [main] DEBUG com.walmartlabs.x12.dex.dx894.DefaultDex894Parser - SE
[2ca50e80-4351-4800-9464-f81dd142723b/build]   | 20:09:13.747 [main] DEBUG com.walmartlabs.x12.dex.dx894.DefaultDex894Parser - G83
[2ca50e80-4351-4800-9464-f81dd142723b/build]   | 20:09:13.747 [main] DEBUG com.walmartlabs.x12.dex.dx894.DefaultDex894Parser - XX
[2ca50e80-4351-4800-9464-f81dd142723b/build]   | 20:09:13.747 [main] DEBUG com.walmartlabs.x12.dex.dx894.DefaultDex894Parser - G83
[2ca50e80-4351-4800-9464-f81dd142723b/build]   | 20:09:13.748 [main] DEBUG com.walmartlabs.x12.dex.dx894.DefaultDex894Parser - ST
[2ca50e80-4351-4800-9464-f81dd142723b/build]   | 20:09:13.748 [main] DEBUG com.walmartlabs.x12.dex.dx894.DefaultDex894Parser - G83
[2ca50e80-4351-4800-9464-f81dd142723b/build]   | 20:09:13.748 [main] DEBUG com.walmartlabs.x12.dex.dx894.DefaultDex894Parser - XX
[2ca50e80-4351-4800-9464-f81dd142723b/build]   | 20:09:13.749 [main] DEBUG com.walmartlabs.x12.dex.dx894.DefaultDex894Parser - SE
[2ca50e80-4351-4800-9464-f81dd142723b/build]   | 20:09:13.749 [main] DEBUG com.walmartlabs.x12.dex.dx894.DefaultDex894Parser - XX
[2ca50e80-4351-4800-9464-f81dd142723b/build]   | 20:09:13.749 [main] DEBUG com.walmartlabs.x12.dex.dx894.DefaultDex894Parser - ST
[2ca50e80-4351-4800-9464-f81dd142723b/build]   | 20:09:13.749 [main] DEBUG com.walmartlabs.x12.dex.dx894.DefaultDex894Parser - ST
[2ca50e80-4351-4800-9464-f81dd142723b/build]   | 20:09:13.750 [main] DEBUG com.walmartlabs.x12.dex.dx894.DefaultDex894Parser - SE
[2ca50e80-4351-4800-9464-f81dd142723b/build]   | 20:09:13.751 [main] DEBUG com.walmartlabs.x12.dex.dx894.DefaultDex894Parser - G82
[2ca50e80-4351-4800-9464-f81dd142723b/build]   | 20:09:13.751 [main] DEBUG com.walmartlabs.x12.dex.dx894.DefaultDex894Parser - G85
[2ca50e80-4351-4800-9464-f81dd142723b/build]   | 20:09:13.751 [main] DEBUG com.walmartlabs.x12.dex.dx894.DefaultDex894Parser - G86
[2ca50e80-4351-4800-9464-f81dd142723b/build]   | 20:09:13.751 [main] DEBUG com.walmartlabs.x12.dex.dx894.DefaultDex894Parser - G82
[2ca50e80-4351-4800-9464-f81dd142723b/build]   | Tests run: 20, Failures: 0, Errors: 0, Skipped: 0, Time elapsed: 0.002 sec
[2ca50e80-4351-4800-9464-f81dd142723b/build]   | Running com.walmartlabs.x12.dex.dx894.DefaultDex894ValidatorTest
[2ca50e80-4351-4800-9464-f81dd142723b/build]   | Tests run: 17, Failures: 0, Errors: 0, Skipped: 0, Time elapsed: 0.067 sec
[2ca50e80-4351-4800-9464-f81dd142723b/build]   | Running com.walmartlabs.x12.dex.dx894.ProductQualifierTest
[2ca50e80-4351-4800-9464-f81dd142723b/build]   | Tests run: 4, Failures: 0, Errors: 0, Skipped: 0, Time elapsed: 0.001 sec
[2ca50e80-4351-4800-9464-f81dd142723b/build]   | Running com.walmartlabs.x12.dex.dx894.DefaultDex894ParserDxsSegmentTest
[2ca50e80-4351-4800-9464-f81dd142723b/build]   | 20:09:13.828 [main] DEBUG com.walmartlabs.x12.dex.dx894.DefaultDex894Parser - DXE
[2ca50e80-4351-4800-9464-f81dd142723b/build]   | 20:09:13.828 [main] DEBUG com.walmartlabs.x12.dex.dx894.DefaultDex894Parser - DXS
[2ca50e80-4351-4800-9464-f81dd142723b/build]   | 20:09:13.829 [main] DEBUG com.walmartlabs.x12.dex.dx894.DefaultDex894Parser - DXE
[2ca50e80-4351-4800-9464-f81dd142723b/build]   | 20:09:13.829 [main] DEBUG com.walmartlabs.x12.dex.dx894.DefaultDex894Parser - DXE
[2ca50e80-4351-4800-9464-f81dd142723b/build]   | 20:09:13.830 [main] DEBUG com.walmartlabs.x12.dex.dx894.DefaultDex894Parser - DXS
[2ca50e80-4351-4800-9464-f81dd142723b/build]   | 20:09:13.830 [main] DEBUG com.walmartlabs.x12.dex.dx894.DefaultDex894Parser - DXS
[2ca50e80-4351-4800-9464-f81dd142723b/build]   | 20:09:13.831 [main] DEBUG com.walmartlabs.x12.dex.dx894.DefaultDex894Parser - DXS
[2ca50e80-4351-4800-9464-f81dd142723b/build]   | 20:09:13.832 [main] DEBUG com.walmartlabs.x12.dex.dx894.DefaultDex894Parser - DXS
[2ca50e80-4351-4800-9464-f81dd142723b/build]   | Tests run: 8, Failures: 0, Errors: 0, Skipped: 0, Time elapsed: 0.005 sec
[2ca50e80-4351-4800-9464-f81dd142723b/build]   | Running com.walmartlabs.x12.util.LuhnMod10ChecksumTest
[2ca50e80-4351-4800-9464-f81dd142723b/build]   | Tests run: 6, Failures: 0, Errors: 0, Skipped: 0, Time elapsed: 0.001 sec
[2ca50e80-4351-4800-9464-f81dd142723b/build]   | Running com.walmartlabs.x12.util.BarCodeMod10ChecksumTest
[2ca50e80-4351-4800-9464-f81dd142723b/build]   | Tests run: 6, Failures: 0, Errors: 0, Skipped: 0, Time elapsed: 0.003 sec
[2ca50e80-4351-4800-9464-f81dd142723b/build]   | Running com.walmartlabs.x12.util.RetailSellingUnitUtilTest
[2ca50e80-4351-4800-9464-f81dd142723b/build]   | Tests run: 19, Failures: 0, Errors: 0, Skipped: 0, Time elapsed: 0.016 sec
[2ca50e80-4351-4800-9464-f81dd142723b/build]   | 
[2ca50e80-4351-4800-9464-f81dd142723b/build]   | Results :
[2ca50e80-4351-4800-9464-f81dd142723b/build]   | 
[2ca50e80-4351-4800-9464-f81dd142723b/build]   | Tests run: 102, Failures: 0, Errors: 0, Skipped: 0
[2ca50e80-4351-4800-9464-f81dd142723b/build]   | 
[2ca50e80-4351-4800-9464-f81dd142723b/build]   | [INFO] 
[2ca50e80-4351-4800-9464-f81dd142723b/build]   | [INFO] --- maven-jar-plugin:2.4:jar (default-jar) @ zuul ---
[2ca50e80-4351-4800-9464-f81dd142723b/build]   | [INFO] Downloading from central: https://repo.maven.apache.org/maven2/org/apache/maven/maven-archiver/2.5/maven-archiver-2.5.pom
[2ca50e80-4351-4800-9464-f81dd142723b/build]   | [INFO] Downloaded from central: https://repo.maven.apache.org/maven2/org/apache/maven/maven-archiver/2.5/maven-archiver-2.5.pom (4.5 kB at 378 kB/s)
[2ca50e80-4351-4800-9464-f81dd142723b/build]   | [INFO] Downloading from central: https://repo.maven.apache.org/maven2/org/codehaus/plexus/plexus-archiver/2.1/plexus-archiver-2.1.pom
[2ca50e80-4351-4800-9464-f81dd142723b/build]   | [INFO] Downloaded from central: https://repo.maven.apache.org/maven2/org/codehaus/plexus/plexus-archiver/2.1/plexus-archiver-2.1.pom (2.8 kB at 234 kB/s)
[2ca50e80-4351-4800-9464-f81dd142723b/build]   | [INFO] Downloading from central: https://repo.maven.apache.org/maven2/org/codehaus/plexus/plexus-utils/3.0/plexus-utils-3.0.pom
[2ca50e80-4351-4800-9464-f81dd142723b/build]   | [INFO] Downloaded from central: https://repo.maven.apache.org/maven2/org/codehaus/plexus/plexus-utils/3.0/plexus-utils-3.0.pom (4.1 kB at 97 kB/s)
[2ca50e80-4351-4800-9464-f81dd142723b/build]   | [INFO] Downloading from central: https://repo.maven.apache.org/maven2/org/sonatype/spice/spice-parent/16/spice-parent-16.pom
[2ca50e80-4351-4800-9464-f81dd142723b/build]   | [INFO] Downloaded from central: https://repo.maven.apache.org/maven2/org/sonatype/spice/spice-parent/16/spice-parent-16.pom (8.4 kB at 696 kB/s)
[2ca50e80-4351-4800-9464-f81dd142723b/build]   | [INFO] Downloading from central: https://repo.maven.apache.org/maven2/org/sonatype/forge/forge-parent/5/forge-parent-5.pom
[2ca50e80-4351-4800-9464-f81dd142723b/build]   | [INFO] Downloaded from central: https://repo.maven.apache.org/maven2/org/sonatype/forge/forge-parent/5/forge-parent-5.pom (8.4 kB at 836 kB/s)
[2ca50e80-4351-4800-9464-f81dd142723b/build]   | [INFO] Downloading from central: https://repo.maven.apache.org/maven2/org/codehaus/plexus/plexus-io/2.0.2/plexus-io-2.0.2.pom
[2ca50e80-4351-4800-9464-f81dd142723b/build]   | [INFO] Downloaded from central: https://repo.maven.apache.org/maven2/org/codehaus/plexus/plexus-io/2.0.2/plexus-io-2.0.2.pom (1.7 kB at 108 kB/s)
[2ca50e80-4351-4800-9464-f81dd142723b/build]   | [INFO] Downloading from central: https://repo.maven.apache.org/maven2/org/codehaus/plexus/plexus-components/1.1.19/plexus-components-1.1.19.pom
[2ca50e80-4351-4800-9464-f81dd142723b/build]   | [INFO] Downloaded from central: https://repo.maven.apache.org/maven2/org/codehaus/plexus/plexus-components/1.1.19/plexus-components-1.1.19.pom (2.7 kB at 385 kB/s)
[2ca50e80-4351-4800-9464-f81dd142723b/build]   | [INFO] Downloading from central: https://repo.maven.apache.org/maven2/org/codehaus/plexus/plexus/3.0.1/plexus-3.0.1.pom
[2ca50e80-4351-4800-9464-f81dd142723b/build]   | [INFO] Downloaded from central: https://repo.maven.apache.org/maven2/org/codehaus/plexus/plexus/3.0.1/plexus-3.0.1.pom (19 kB at 3.1 MB/s)
[2ca50e80-4351-4800-9464-f81dd142723b/build]   | [INFO] Downloading from central: https://repo.maven.apache.org/maven2/org/codehaus/plexus/plexus-interpolation/1.15/plexus-interpolation-1.15.pom
[2ca50e80-4351-4800-9464-f81dd142723b/build]   | [INFO] Downloaded from central: https://repo.maven.apache.org/maven2/org/codehaus/plexus/plexus-interpolation/1.15/plexus-interpolation-1.15.pom (1.0 kB at 145 kB/s)
[2ca50e80-4351-4800-9464-f81dd142723b/build]   | [INFO] Downloading from central: https://repo.maven.apache.org/maven2/commons-lang/commons-lang/2.1/commons-lang-2.1.pom
[2ca50e80-4351-4800-9464-f81dd142723b/build]   | [INFO] Downloaded from central: https://repo.maven.apache.org/maven2/commons-lang/commons-lang/2.1/commons-lang-2.1.pom (9.9 kB at 1.2 MB/s)
[2ca50e80-4351-4800-9464-f81dd142723b/build]   | [INFO] Downloading from central: https://repo.maven.apache.org/maven2/classworlds/classworlds/1.1-alpha-2/classworlds-1.1-alpha-2.jar
[2ca50e80-4351-4800-9464-f81dd142723b/build]   | [INFO] Downloading from central: https://repo.maven.apache.org/maven2/org/apache/maven/maven-archiver/2.5/maven-archiver-2.5.jar
[2ca50e80-4351-4800-9464-f81dd142723b/build]   | [INFO] Downloading from central: https://repo.maven.apache.org/maven2/org/codehaus/plexus/plexus-interpolation/1.15/plexus-interpolation-1.15.jar
[2ca50e80-4351-4800-9464-f81dd142723b/build]   | [INFO] Downloading from central: https://repo.maven.apache.org/maven2/org/codehaus/plexus/plexus-archiver/2.1/plexus-archiver-2.1.jar
[2ca50e80-4351-4800-9464-f81dd142723b/build]   | [INFO] Downloading from central: https://repo.maven.apache.org/maven2/org/codehaus/plexus/plexus-io/2.0.2/plexus-io-2.0.2.jar
[2ca50e80-4351-4800-9464-f81dd142723b/build]   | [INFO] Downloaded from central: https://repo.maven.apache.org/maven2/org/codehaus/plexus/plexus-interpolation/1.15/plexus-interpolation-1.15.jar (60 kB at 4.7 MB/s)
[2ca50e80-4351-4800-9464-f81dd142723b/build]   | [INFO] Downloading from central: https://repo.maven.apache.org/maven2/commons-lang/commons-lang/2.1/commons-lang-2.1.jar
[2ca50e80-4351-4800-9464-f81dd142723b/build]   | [INFO] Downloaded from central: https://repo.maven.apache.org/maven2/org/codehaus/plexus/plexus-io/2.0.2/plexus-io-2.0.2.jar (58 kB at 4.2 MB/s)
[2ca50e80-4351-4800-9464-f81dd142723b/build]   | [INFO] Downloading from central: https://repo.maven.apache.org/maven2/org/codehaus/plexus/plexus-utils/3.0/plexus-utils-3.0.jar
[2ca50e80-4351-4800-9464-f81dd142723b/build]   | [INFO] Downloaded from central: https://repo.maven.apache.org/maven2/org/apache/maven/maven-archiver/2.5/maven-archiver-2.5.jar (22 kB at 1.6 MB/s)
[2ca50e80-4351-4800-9464-f81dd142723b/build]   | [INFO] Downloaded from central: https://repo.maven.apache.org/maven2/classworlds/classworlds/1.1-alpha-2/classworlds-1.1-alpha-2.jar (38 kB at 2.0 MB/s)
[2ca50e80-4351-4800-9464-f81dd142723b/build]   | [INFO] Downloaded from central: https://repo.maven.apache.org/maven2/commons-lang/commons-lang/2.1/commons-lang-2.1.jar (208 kB at 2.7 MB/s)
[2ca50e80-4351-4800-9464-f81dd142723b/build]   | [INFO] Downloaded from central: https://repo.maven.apache.org/maven2/org/codehaus/plexus/plexus-utils/3.0/plexus-utils-3.0.jar (226 kB at 2.9 MB/s)
[2ca50e80-4351-4800-9464-f81dd142723b/build]   | [INFO] Downloaded from central: https://repo.maven.apache.org/maven2/org/codehaus/plexus/plexus-archiver/2.1/plexus-archiver-2.1.jar (184 kB at 1.7 MB/s)
[2ca50e80-4351-4800-9464-f81dd142723b/build]   | [INFO] Building jar: /tmp/dcf2de27-a8db-4b3d-bb21-a92ec5a0d400/target/zuul-0.0.0.0-SNAPSHOT.jar
[2ca50e80-4351-4800-9464-f81dd142723b/build]   | [INFO] ------------------------------------------------------------------------
[2ca50e80-4351-4800-9464-f81dd142723b/build]   | [INFO] BUILD SUCCESS
[2ca50e80-4351-4800-9464-f81dd142723b/build]   | [INFO] ------------------------------------------------------------------------
[2ca50e80-4351-4800-9464-f81dd142723b/build]   | [INFO] Total time:  15.546 s
[2ca50e80-4351-4800-9464-f81dd142723b/build]   | [INFO] Finished at: 2023-07-12T20:09:14Z
[2ca50e80-4351-4800-9464-f81dd142723b/build]   | [INFO] ------------------------------------------------------------------------
[2ca50e80-4351-4800-9464-f81dd142723b/build]   ‚úÖ  Success - Main Build with Maven
[2ca50e80-4351-4800-9464-f81dd142723b/build] unable to get git ref: failed to identify reference (tag/branch) for the checked-out revision '07d1a06eb7297f6c6f197f482d6d8891d5db6b2c'
[2ca50e80-4351-4800-9464-f81dd142723b/build] unable to get git ref: failed to identify reference (tag/branch) for the checked-out revision '07d1a06eb7297f6c6f197f482d6d8891d5db6b2c'
[2ca50e80-4351-4800-9464-f81dd142723b/build] unable to get git ref: failed to identify reference (tag/branch) for the checked-out revision '07d1a06eb7297f6c6f197f482d6d8891d5db6b2c'
[2ca50e80-4351-4800-9464-f81dd142723b/build] unable to get git ref: failed to identify reference (tag/branch) for the checked-out revision '07d1a06eb7297f6c6f197f482d6d8891d5db6b2c'
[2ca50e80-4351-4800-9464-f81dd142723b/build] unable to get git ref: failed to identify reference (tag/branch) for the checked-out revision '07d1a06eb7297f6c6f197f482d6d8891d5db6b2c'
[2ca50e80-4351-4800-9464-f81dd142723b/build] ‚≠ê Run Post Set up JDK 1.8
[2ca50e80-4351-4800-9464-f81dd142723b/build]   üê≥  docker exec cmd=[node /var/run/act/actions/actions-setup-java@v1/dist/cleanup/index.js] user= workdir=
[2ca50e80-4351-4800-9464-f81dd142723b/build]   ‚úÖ  Success - Post Set up JDK 1.8
[2ca50e80-4351-4800-9464-f81dd142723b/build] üèÅ  Job succeeded
[2ca50e80-4351-4800-9464-f81dd142723b/build] unable to get git ref: failed to identify reference (tag/branch) for the checked-out revision '07d1a06eb7297f6c6f197f482d6d8891d5db6b2c'
