[85c18b35-dbe4-4237-ab32-e8801356534d/build] üöÄ  Start image=crawlergpt:latest
[85c18b35-dbe4-4237-ab32-e8801356534d/build]   üê≥  docker pull image=crawlergpt:latest platform= username= forcePull=false
[85c18b35-dbe4-4237-ab32-e8801356534d/build]   üê≥  docker create image=crawlergpt:latest platform= entrypoint=["tail" "-f" "/dev/null"] cmd=[]
[85c18b35-dbe4-4237-ab32-e8801356534d/build]   üê≥  docker run image=crawlergpt:latest platform= entrypoint=["tail" "-f" "/dev/null"] cmd=[]
[85c18b35-dbe4-4237-ab32-e8801356534d/build]   üê≥  docker exec cmd=[chown -R 1012:1013 /tmp/dcf2de27-a8db-4b3d-bb21-a92ec5a0d400] user=0 workdir=
[85c18b35-dbe4-4237-ab32-e8801356534d/build] unable to get git ref: failed to identify reference (tag/branch) for the checked-out revision '29b4bdbbe9ffda2747bfa8bf2f65d071c7d470b0'
[85c18b35-dbe4-4237-ab32-e8801356534d/build] unable to get git ref: failed to identify reference (tag/branch) for the checked-out revision '29b4bdbbe9ffda2747bfa8bf2f65d071c7d470b0'
[85c18b35-dbe4-4237-ab32-e8801356534d/build] unable to get git ref: failed to identify reference (tag/branch) for the checked-out revision '29b4bdbbe9ffda2747bfa8bf2f65d071c7d470b0'
[85c18b35-dbe4-4237-ab32-e8801356534d/build] unable to get git ref: failed to identify reference (tag/branch) for the checked-out revision '29b4bdbbe9ffda2747bfa8bf2f65d071c7d470b0'
[85c18b35-dbe4-4237-ab32-e8801356534d/build] unable to get git ref: failed to identify reference (tag/branch) for the checked-out revision '29b4bdbbe9ffda2747bfa8bf2f65d071c7d470b0'
[85c18b35-dbe4-4237-ab32-e8801356534d/build] unable to get git ref: failed to identify reference (tag/branch) for the checked-out revision '29b4bdbbe9ffda2747bfa8bf2f65d071c7d470b0'
[85c18b35-dbe4-4237-ab32-e8801356534d/build] unable to get git ref: failed to identify reference (tag/branch) for the checked-out revision '29b4bdbbe9ffda2747bfa8bf2f65d071c7d470b0'
[85c18b35-dbe4-4237-ab32-e8801356534d/build] unable to get git ref: failed to identify reference (tag/branch) for the checked-out revision '29b4bdbbe9ffda2747bfa8bf2f65d071c7d470b0'
[85c18b35-dbe4-4237-ab32-e8801356534d/build] unable to get git ref: failed to identify reference (tag/branch) for the checked-out revision '29b4bdbbe9ffda2747bfa8bf2f65d071c7d470b0'
[85c18b35-dbe4-4237-ab32-e8801356534d/build] ‚≠ê Run Main actions/checkout@v2
[85c18b35-dbe4-4237-ab32-e8801356534d/build] unable to get git ref: failed to identify reference (tag/branch) for the checked-out revision '29b4bdbbe9ffda2747bfa8bf2f65d071c7d470b0'
[85c18b35-dbe4-4237-ab32-e8801356534d/build]   ‚úÖ  Success - Main actions/checkout@v2
[85c18b35-dbe4-4237-ab32-e8801356534d/build] unable to get git ref: failed to identify reference (tag/branch) for the checked-out revision '29b4bdbbe9ffda2747bfa8bf2f65d071c7d470b0'
[85c18b35-dbe4-4237-ab32-e8801356534d/build] unable to get git ref: failed to identify reference (tag/branch) for the checked-out revision '29b4bdbbe9ffda2747bfa8bf2f65d071c7d470b0'
[85c18b35-dbe4-4237-ab32-e8801356534d/build] unable to get git ref: failed to identify reference (tag/branch) for the checked-out revision '29b4bdbbe9ffda2747bfa8bf2f65d071c7d470b0'
[85c18b35-dbe4-4237-ab32-e8801356534d/build] unable to get git ref: failed to identify reference (tag/branch) for the checked-out revision '29b4bdbbe9ffda2747bfa8bf2f65d071c7d470b0'
[85c18b35-dbe4-4237-ab32-e8801356534d/build] unable to get git ref: failed to identify reference (tag/branch) for the checked-out revision '29b4bdbbe9ffda2747bfa8bf2f65d071c7d470b0'
[85c18b35-dbe4-4237-ab32-e8801356534d/build] ‚≠ê Run Main Set up JDK 1.8
[85c18b35-dbe4-4237-ab32-e8801356534d/build] unable to get git ref: failed to identify reference (tag/branch) for the checked-out revision '29b4bdbbe9ffda2747bfa8bf2f65d071c7d470b0'
[85c18b35-dbe4-4237-ab32-e8801356534d/build] unable to get git ref: failed to identify reference (tag/branch) for the checked-out revision '29b4bdbbe9ffda2747bfa8bf2f65d071c7d470b0'
[85c18b35-dbe4-4237-ab32-e8801356534d/build] unable to get git ref: failed to identify reference (tag/branch) for the checked-out revision '29b4bdbbe9ffda2747bfa8bf2f65d071c7d470b0'
[85c18b35-dbe4-4237-ab32-e8801356534d/build]   üê≥  docker cp src=/tmp/act-cache/bffb7485-4716-472b-885d-1d2e736129b8/act/actions-setup-java@v1/ dst=/var/run/act/actions/actions-setup-java@v1/
[85c18b35-dbe4-4237-ab32-e8801356534d/build]   üê≥  docker exec cmd=[chown -R 1012:1013 /var/run/act/actions/actions-setup-java@v1/] user=0 workdir=
[85c18b35-dbe4-4237-ab32-e8801356534d/build]   üê≥  docker exec cmd=[node /var/run/act/actions/actions-setup-java@v1/dist/setup/index.js] user= workdir=
[85c18b35-dbe4-4237-ab32-e8801356534d/build]   üí¨  ::debug::isExplicit: 
[85c18b35-dbe4-4237-ab32-e8801356534d/build]   üí¨  ::debug::explicit? false
[85c18b35-dbe4-4237-ab32-e8801356534d/build]   üí¨  ::debug::evaluating 0 versions
[85c18b35-dbe4-4237-ab32-e8801356534d/build]   üí¨  ::debug::match not found
[85c18b35-dbe4-4237-ab32-e8801356534d/build]   üí¨  ::debug::Downloading JDK from Azul
[85c18b35-dbe4-4237-ab32-e8801356534d/build]   üí¨  ::debug::Searching for files with extension: -linux_x64.tar.gz
[85c18b35-dbe4-4237-ab32-e8801356534d/build]   üí¨  ::debug::Downloading https://static.azul.com/zulu/bin/zulu8.70.0.23-ca-jdk8.0.372-linux_x64.tar.gz
[85c18b35-dbe4-4237-ab32-e8801356534d/build]   üí¨  ::debug::Downloading /tmp/ca44b949-5c4d-4699-a759-2beb4844246b
[85c18b35-dbe4-4237-ab32-e8801356534d/build]   üí¨  ::debug::download complete
[85c18b35-dbe4-4237-ab32-e8801356534d/build]   | [command]/usr/bin/tar --version
[85c18b35-dbe4-4237-ab32-e8801356534d/build]   | tar (GNU tar) 1.30
[85c18b35-dbe4-4237-ab32-e8801356534d/build]   | Copyright (C) 2017 Free Software Foundation, Inc.
[85c18b35-dbe4-4237-ab32-e8801356534d/build]   | License GPLv3+: GNU GPL version 3 or later <https://gnu.org/licenses/gpl.html>.
[85c18b35-dbe4-4237-ab32-e8801356534d/build]   | This is free software: you are free to change and redistribute it.
[85c18b35-dbe4-4237-ab32-e8801356534d/build]   | There is NO WARRANTY, to the extent permitted by law.
[85c18b35-dbe4-4237-ab32-e8801356534d/build]   | 
[85c18b35-dbe4-4237-ab32-e8801356534d/build]   | Written by John Gilmore and Jay Fenlason.
[85c18b35-dbe4-4237-ab32-e8801356534d/build]   | [command]/usr/bin/tar xz --warning=no-unknown-keyword -C /tmp/temp_134927143 -f /tmp/ca44b949-5c4d-4699-a759-2beb4844246b
[85c18b35-dbe4-4237-ab32-e8801356534d/build]   üí¨  ::debug::jdk extracted to /tmp/temp_134927143/zulu8.70.0.23-ca-jdk8.0.372-linux_x64
[85c18b35-dbe4-4237-ab32-e8801356534d/build]   üí¨  ::debug::Caching tool jdk 8.0.372 x64
[85c18b35-dbe4-4237-ab32-e8801356534d/build]   üí¨  ::debug::source dir: /tmp/temp_134927143/zulu8.70.0.23-ca-jdk8.0.372-linux_x64
[85c18b35-dbe4-4237-ab32-e8801356534d/build]   üí¨  ::debug::destination /opt/hostedtoolcache/jdk/8.0.372/x64
[85c18b35-dbe4-4237-ab32-e8801356534d/build]   üí¨  ::debug::finished caching tool
[85c18b35-dbe4-4237-ab32-e8801356534d/build]   ‚ùì add-matcher /run/act/actions/actions-setup-java@v1/.github/java.json
[85c18b35-dbe4-4237-ab32-e8801356534d/build]   | creating settings.xml with server-id: github; environment variables: username=$GITHUB_ACTOR, password=$GITHUB_TOKEN, and gpg-passphrase=null
[85c18b35-dbe4-4237-ab32-e8801356534d/build]   üí¨  ::debug::created directory /home/runneradmin/.m2
[85c18b35-dbe4-4237-ab32-e8801356534d/build]   | writing /home/runneradmin/.m2/settings.xml
[85c18b35-dbe4-4237-ab32-e8801356534d/build]   ‚úÖ  Success - Main Set up JDK 1.8
[85c18b35-dbe4-4237-ab32-e8801356534d/build]   ‚öô  ::set-env:: JAVA_HOME_8.0.372_x64=/opt/hostedtoolcache/jdk/8.0.372/x64
[85c18b35-dbe4-4237-ab32-e8801356534d/build]   ‚öô  ::set-env:: JAVA_HOME=/opt/hostedtoolcache/jdk/8.0.372/x64
[85c18b35-dbe4-4237-ab32-e8801356534d/build]   ‚öô  ::set-env:: JAVA_HOME_8_0_372_X64=/opt/hostedtoolcache/jdk/8.0.372/x64
[85c18b35-dbe4-4237-ab32-e8801356534d/build]   ‚öô  ::set-output:: path=/opt/hostedtoolcache/jdk/8.0.372/x64
[85c18b35-dbe4-4237-ab32-e8801356534d/build]   ‚öô  ::set-output:: version=8.0.372
[85c18b35-dbe4-4237-ab32-e8801356534d/build]   ‚öô  ::add-path:: /opt/hostedtoolcache/jdk/8.0.372/x64/bin
[85c18b35-dbe4-4237-ab32-e8801356534d/build] unable to get git ref: failed to identify reference (tag/branch) for the checked-out revision '29b4bdbbe9ffda2747bfa8bf2f65d071c7d470b0'
[85c18b35-dbe4-4237-ab32-e8801356534d/build] unable to get git ref: failed to identify reference (tag/branch) for the checked-out revision '29b4bdbbe9ffda2747bfa8bf2f65d071c7d470b0'
[85c18b35-dbe4-4237-ab32-e8801356534d/build] unable to get git ref: failed to identify reference (tag/branch) for the checked-out revision '29b4bdbbe9ffda2747bfa8bf2f65d071c7d470b0'
[85c18b35-dbe4-4237-ab32-e8801356534d/build] unable to get git ref: failed to identify reference (tag/branch) for the checked-out revision '29b4bdbbe9ffda2747bfa8bf2f65d071c7d470b0'
[85c18b35-dbe4-4237-ab32-e8801356534d/build] unable to get git ref: failed to identify reference (tag/branch) for the checked-out revision '29b4bdbbe9ffda2747bfa8bf2f65d071c7d470b0'
[85c18b35-dbe4-4237-ab32-e8801356534d/build] ‚≠ê Run Main Build with Maven
[85c18b35-dbe4-4237-ab32-e8801356534d/build] unable to get git ref: failed to identify reference (tag/branch) for the checked-out revision '29b4bdbbe9ffda2747bfa8bf2f65d071c7d470b0'
[85c18b35-dbe4-4237-ab32-e8801356534d/build] unable to get git ref: failed to identify reference (tag/branch) for the checked-out revision '29b4bdbbe9ffda2747bfa8bf2f65d071c7d470b0'
[85c18b35-dbe4-4237-ab32-e8801356534d/build] unable to get git ref: failed to identify reference (tag/branch) for the checked-out revision '29b4bdbbe9ffda2747bfa8bf2f65d071c7d470b0'
[85c18b35-dbe4-4237-ab32-e8801356534d/build] unable to get git ref: failed to identify reference (tag/branch) for the checked-out revision '29b4bdbbe9ffda2747bfa8bf2f65d071c7d470b0'
[85c18b35-dbe4-4237-ab32-e8801356534d/build]   üê≥  docker exec cmd=[bash --noprofile --norc -e -o pipefail /var/run/act/workflow/2] user= workdir=
[85c18b35-dbe4-4237-ab32-e8801356534d/build]   | [INFO] Scanning for projects...
[85c18b35-dbe4-4237-ab32-e8801356534d/build]   | [INFO] 
[85c18b35-dbe4-4237-ab32-e8801356534d/build]   | [INFO] ----------------------< com.walmartlabs.x12:zuul >----------------------
[85c18b35-dbe4-4237-ab32-e8801356534d/build]   | [INFO] Building zuul 0.0.0.0-SNAPSHOT
[85c18b35-dbe4-4237-ab32-e8801356534d/build]   | [INFO] --------------------------------[ jar ]---------------------------------
[85c18b35-dbe4-4237-ab32-e8801356534d/build]   | [INFO] Downloading from central: https://repo.maven.apache.org/maven2/org/apache/maven/plugins/maven-resources-plugin/2.6/maven-resources-plugin-2.6.pom
[85c18b35-dbe4-4237-ab32-e8801356534d/build]   | [INFO] Downloaded from central: https://repo.maven.apache.org/maven2/org/apache/maven/plugins/maven-resources-plugin/2.6/maven-resources-plugin-2.6.pom (8.1 kB at 5.7 kB/s)
[85c18b35-dbe4-4237-ab32-e8801356534d/build]   | [INFO] Downloading from central: https://repo.maven.apache.org/maven2/org/apache/maven/plugins/maven-plugins/23/maven-plugins-23.pom
[85c18b35-dbe4-4237-ab32-e8801356534d/build]   | [INFO] Downloaded from central: https://repo.maven.apache.org/maven2/org/apache/maven/plugins/maven-plugins/23/maven-plugins-23.pom (9.2 kB at 196 kB/s)
[85c18b35-dbe4-4237-ab32-e8801356534d/build]   | [INFO] Downloading from central: https://repo.maven.apache.org/maven2/org/apache/maven/maven-parent/22/maven-parent-22.pom
[85c18b35-dbe4-4237-ab32-e8801356534d/build]   | [INFO] Downloaded from central: https://repo.maven.apache.org/maven2/org/apache/maven/maven-parent/22/maven-parent-22.pom (30 kB at 346 kB/s)
[85c18b35-dbe4-4237-ab32-e8801356534d/build]   | [INFO] Downloading from central: https://repo.maven.apache.org/maven2/org/apache/apache/11/apache-11.pom
[85c18b35-dbe4-4237-ab32-e8801356534d/build]   | [INFO] Downloaded from central: https://repo.maven.apache.org/maven2/org/apache/apache/11/apache-11.pom (15 kB at 478 kB/s)
[85c18b35-dbe4-4237-ab32-e8801356534d/build]   | [INFO] Downloading from central: https://repo.maven.apache.org/maven2/org/apache/maven/plugins/maven-resources-plugin/2.6/maven-resources-plugin-2.6.jar
[85c18b35-dbe4-4237-ab32-e8801356534d/build]   | [INFO] Downloaded from central: https://repo.maven.apache.org/maven2/org/apache/maven/plugins/maven-resources-plugin/2.6/maven-resources-plugin-2.6.jar (30 kB at 868 kB/s)
[85c18b35-dbe4-4237-ab32-e8801356534d/build]   | [INFO] Downloading from central: https://repo.maven.apache.org/maven2/org/apache/maven/plugins/maven-compiler-plugin/3.5.1/maven-compiler-plugin-3.5.1.pom
[85c18b35-dbe4-4237-ab32-e8801356534d/build]   | [INFO] Downloaded from central: https://repo.maven.apache.org/maven2/org/apache/maven/plugins/maven-compiler-plugin/3.5.1/maven-compiler-plugin-3.5.1.pom (10 kB at 242 kB/s)
[85c18b35-dbe4-4237-ab32-e8801356534d/build]   | [INFO] Downloading from central: https://repo.maven.apache.org/maven2/org/apache/maven/plugins/maven-plugins/28/maven-plugins-28.pom
[85c18b35-dbe4-4237-ab32-e8801356534d/build]   | [INFO] Downloaded from central: https://repo.maven.apache.org/maven2/org/apache/maven/plugins/maven-plugins/28/maven-plugins-28.pom (12 kB at 481 kB/s)
[85c18b35-dbe4-4237-ab32-e8801356534d/build]   | [INFO] Downloading from central: https://repo.maven.apache.org/maven2/org/apache/maven/maven-parent/27/maven-parent-27.pom
[85c18b35-dbe4-4237-ab32-e8801356534d/build]   | [INFO] Downloaded from central: https://repo.maven.apache.org/maven2/org/apache/maven/maven-parent/27/maven-parent-27.pom (41 kB at 2.4 MB/s)
[85c18b35-dbe4-4237-ab32-e8801356534d/build]   | [INFO] Downloading from central: https://repo.maven.apache.org/maven2/org/apache/apache/17/apache-17.pom
[85c18b35-dbe4-4237-ab32-e8801356534d/build]   | [INFO] Downloaded from central: https://repo.maven.apache.org/maven2/org/apache/apache/17/apache-17.pom (16 kB at 1.0 MB/s)
[85c18b35-dbe4-4237-ab32-e8801356534d/build]   | [INFO] Downloading from central: https://repo.maven.apache.org/maven2/org/apache/maven/plugins/maven-compiler-plugin/3.5.1/maven-compiler-plugin-3.5.1.jar
[85c18b35-dbe4-4237-ab32-e8801356534d/build]   | [INFO] Downloaded from central: https://repo.maven.apache.org/maven2/org/apache/maven/plugins/maven-compiler-plugin/3.5.1/maven-compiler-plugin-3.5.1.jar (50 kB at 1.0 MB/s)
[85c18b35-dbe4-4237-ab32-e8801356534d/build]   | [INFO] Downloading from central: https://repo.maven.apache.org/maven2/org/apache/maven/plugins/maven-surefire-plugin/2.12.4/maven-surefire-plugin-2.12.4.pom
[85c18b35-dbe4-4237-ab32-e8801356534d/build]   | [INFO] Downloaded from central: https://repo.maven.apache.org/maven2/org/apache/maven/plugins/maven-surefire-plugin/2.12.4/maven-surefire-plugin-2.12.4.pom (10 kB at 476 kB/s)
[85c18b35-dbe4-4237-ab32-e8801356534d/build]   | [INFO] Downloading from central: https://repo.maven.apache.org/maven2/org/apache/maven/surefire/surefire/2.12.4/surefire-2.12.4.pom
[85c18b35-dbe4-4237-ab32-e8801356534d/build]   | [INFO] Downloaded from central: https://repo.maven.apache.org/maven2/org/apache/maven/surefire/surefire/2.12.4/surefire-2.12.4.pom (14 kB at 575 kB/s)
[85c18b35-dbe4-4237-ab32-e8801356534d/build]   | [INFO] Downloading from central: https://repo.maven.apache.org/maven2/org/apache/maven/plugins/maven-surefire-plugin/2.12.4/maven-surefire-plugin-2.12.4.jar
[85c18b35-dbe4-4237-ab32-e8801356534d/build]   | [INFO] Downloaded from central: https://repo.maven.apache.org/maven2/org/apache/maven/plugins/maven-surefire-plugin/2.12.4/maven-surefire-plugin-2.12.4.jar (30 kB at 1.1 MB/s)
[85c18b35-dbe4-4237-ab32-e8801356534d/build]   | [INFO] Downloading from central: https://repo.maven.apache.org/maven2/org/apache/maven/plugins/maven-jar-plugin/2.4/maven-jar-plugin-2.4.pom
[85c18b35-dbe4-4237-ab32-e8801356534d/build]   | [INFO] Downloaded from central: https://repo.maven.apache.org/maven2/org/apache/maven/plugins/maven-jar-plugin/2.4/maven-jar-plugin-2.4.pom (5.8 kB at 233 kB/s)
[85c18b35-dbe4-4237-ab32-e8801356534d/build]   | [INFO] Downloading from central: https://repo.maven.apache.org/maven2/org/apache/maven/plugins/maven-plugins/22/maven-plugins-22.pom
[85c18b35-dbe4-4237-ab32-e8801356534d/build]   | [INFO] Downloaded from central: https://repo.maven.apache.org/maven2/org/apache/maven/plugins/maven-plugins/22/maven-plugins-22.pom (13 kB at 502 kB/s)
[85c18b35-dbe4-4237-ab32-e8801356534d/build]   | [INFO] Downloading from central: https://repo.maven.apache.org/maven2/org/apache/maven/maven-parent/21/maven-parent-21.pom
[85c18b35-dbe4-4237-ab32-e8801356534d/build]   | [INFO] Downloaded from central: https://repo.maven.apache.org/maven2/org/apache/maven/maven-parent/21/maven-parent-21.pom (26 kB at 775 kB/s)
[85c18b35-dbe4-4237-ab32-e8801356534d/build]   | [INFO] Downloading from central: https://repo.maven.apache.org/maven2/org/apache/apache/10/apache-10.pom
[85c18b35-dbe4-4237-ab32-e8801356534d/build]   | [INFO] Downloaded from central: https://repo.maven.apache.org/maven2/org/apache/apache/10/apache-10.pom (15 kB at 296 kB/s)
[85c18b35-dbe4-4237-ab32-e8801356534d/build]   | [INFO] Downloading from central: https://repo.maven.apache.org/maven2/org/apache/maven/plugins/maven-jar-plugin/2.4/maven-jar-plugin-2.4.jar
[85c18b35-dbe4-4237-ab32-e8801356534d/build]   | [INFO] Downloaded from central: https://repo.maven.apache.org/maven2/org/apache/maven/plugins/maven-jar-plugin/2.4/maven-jar-plugin-2.4.jar (34 kB at 1.2 MB/s)
[85c18b35-dbe4-4237-ab32-e8801356534d/build]   | [INFO] Downloading from central: https://repo.maven.apache.org/maven2/org/springframework/spring-core/4.3.12.RELEASE/spring-core-4.3.12.RELEASE.pom
[85c18b35-dbe4-4237-ab32-e8801356534d/build]   | [INFO] Downloaded from central: https://repo.maven.apache.org/maven2/org/springframework/spring-core/4.3.12.RELEASE/spring-core-4.3.12.RELEASE.pom (2.5 kB at 113 kB/s)
[85c18b35-dbe4-4237-ab32-e8801356534d/build]   | [INFO] Downloading from central: https://repo.maven.apache.org/maven2/commons-logging/commons-logging/1.2/commons-logging-1.2.pom
[85c18b35-dbe4-4237-ab32-e8801356534d/build]   | [INFO] Downloaded from central: https://repo.maven.apache.org/maven2/commons-logging/commons-logging/1.2/commons-logging-1.2.pom (19 kB at 600 kB/s)
[85c18b35-dbe4-4237-ab32-e8801356534d/build]   | [INFO] Downloading from central: https://repo.maven.apache.org/maven2/org/apache/commons/commons-parent/34/commons-parent-34.pom
[85c18b35-dbe4-4237-ab32-e8801356534d/build]   | [INFO] Downloaded from central: https://repo.maven.apache.org/maven2/org/apache/commons/commons-parent/34/commons-parent-34.pom (56 kB at 1.7 MB/s)
[85c18b35-dbe4-4237-ab32-e8801356534d/build]   | [INFO] Downloading from central: https://repo.maven.apache.org/maven2/org/apache/apache/13/apache-13.pom
[85c18b35-dbe4-4237-ab32-e8801356534d/build]   | [INFO] Downloaded from central: https://repo.maven.apache.org/maven2/org/apache/apache/13/apache-13.pom (14 kB at 582 kB/s)
[85c18b35-dbe4-4237-ab32-e8801356534d/build]   | [INFO] Downloading from central: https://repo.maven.apache.org/maven2/org/slf4j/slf4j-api/1.7.21/slf4j-api-1.7.21.pom
[85c18b35-dbe4-4237-ab32-e8801356534d/build]   | [INFO] Downloaded from central: https://repo.maven.apache.org/maven2/org/slf4j/slf4j-api/1.7.21/slf4j-api-1.7.21.pom (2.8 kB at 87 kB/s)
[85c18b35-dbe4-4237-ab32-e8801356534d/build]   | [INFO] Downloading from central: https://repo.maven.apache.org/maven2/org/slf4j/slf4j-parent/1.7.21/slf4j-parent-1.7.21.pom
[85c18b35-dbe4-4237-ab32-e8801356534d/build]   | [INFO] Downloaded from central: https://repo.maven.apache.org/maven2/org/slf4j/slf4j-parent/1.7.21/slf4j-parent-1.7.21.pom (14 kB at 300 kB/s)
[85c18b35-dbe4-4237-ab32-e8801356534d/build]   | [INFO] Downloading from central: https://repo.maven.apache.org/maven2/org/slf4j/jcl-over-slf4j/1.7.21/jcl-over-slf4j-1.7.21.pom
[85c18b35-dbe4-4237-ab32-e8801356534d/build]   | [INFO] Downloaded from central: https://repo.maven.apache.org/maven2/org/slf4j/jcl-over-slf4j/1.7.21/jcl-over-slf4j-1.7.21.pom (963 B at 51 kB/s)
[85c18b35-dbe4-4237-ab32-e8801356534d/build]   | [INFO] Downloading from central: https://repo.maven.apache.org/maven2/ch/qos/logback/logback-classic/1.1.7/logback-classic-1.1.7.pom
[85c18b35-dbe4-4237-ab32-e8801356534d/build]   | [INFO] Downloaded from central: https://repo.maven.apache.org/maven2/ch/qos/logback/logback-classic/1.1.7/logback-classic-1.1.7.pom (13 kB at 346 kB/s)
[85c18b35-dbe4-4237-ab32-e8801356534d/build]   | [INFO] Downloading from central: https://repo.maven.apache.org/maven2/ch/qos/logback/logback-parent/1.1.7/logback-parent-1.1.7.pom
[85c18b35-dbe4-4237-ab32-e8801356534d/build]   | [INFO] Downloaded from central: https://repo.maven.apache.org/maven2/ch/qos/logback/logback-parent/1.1.7/logback-parent-1.1.7.pom (17 kB at 795 kB/s)
[85c18b35-dbe4-4237-ab32-e8801356534d/build]   | [INFO] Downloading from central: https://repo.maven.apache.org/maven2/ch/qos/logback/logback-core/1.1.7/logback-core-1.1.7.pom
[85c18b35-dbe4-4237-ab32-e8801356534d/build]   | [INFO] Downloaded from central: https://repo.maven.apache.org/maven2/ch/qos/logback/logback-core/1.1.7/logback-core-1.1.7.pom (4.4 kB at 184 kB/s)
[85c18b35-dbe4-4237-ab32-e8801356534d/build]   | [INFO] Downloading from central: https://repo.maven.apache.org/maven2/org/slf4j/slf4j-api/1.7.20/slf4j-api-1.7.20.pom
[85c18b35-dbe4-4237-ab32-e8801356534d/build]   | [INFO] Downloaded from central: https://repo.maven.apache.org/maven2/org/slf4j/slf4j-api/1.7.20/slf4j-api-1.7.20.pom (2.8 kB at 99 kB/s)
[85c18b35-dbe4-4237-ab32-e8801356534d/build]   | [INFO] Downloading from central: https://repo.maven.apache.org/maven2/org/slf4j/slf4j-parent/1.7.20/slf4j-parent-1.7.20.pom
[85c18b35-dbe4-4237-ab32-e8801356534d/build]   | [INFO] Downloaded from central: https://repo.maven.apache.org/maven2/org/slf4j/slf4j-parent/1.7.20/slf4j-parent-1.7.20.pom (14 kB at 540 kB/s)
[85c18b35-dbe4-4237-ab32-e8801356534d/build]   | [INFO] Downloading from central: https://repo.maven.apache.org/maven2/junit/junit/4.12/junit-4.12.pom
[85c18b35-dbe4-4237-ab32-e8801356534d/build]   | [INFO] Downloaded from central: https://repo.maven.apache.org/maven2/junit/junit/4.12/junit-4.12.pom (24 kB at 658 kB/s)
[85c18b35-dbe4-4237-ab32-e8801356534d/build]   | [INFO] Downloading from central: https://repo.maven.apache.org/maven2/org/hamcrest/hamcrest-core/1.3/hamcrest-core-1.3.pom
[85c18b35-dbe4-4237-ab32-e8801356534d/build]   | [INFO] Downloaded from central: https://repo.maven.apache.org/maven2/org/hamcrest/hamcrest-core/1.3/hamcrest-core-1.3.pom (766 B at 36 kB/s)
[85c18b35-dbe4-4237-ab32-e8801356534d/build]   | [INFO] Downloading from central: https://repo.maven.apache.org/maven2/org/hamcrest/hamcrest-parent/1.3/hamcrest-parent-1.3.pom
[85c18b35-dbe4-4237-ab32-e8801356534d/build]   | [INFO] Downloaded from central: https://repo.maven.apache.org/maven2/org/hamcrest/hamcrest-parent/1.3/hamcrest-parent-1.3.pom (2.0 kB at 52 kB/s)
[85c18b35-dbe4-4237-ab32-e8801356534d/build]   | [INFO] Downloading from central: https://repo.maven.apache.org/maven2/org/springframework/spring-core/4.3.12.RELEASE/spring-core-4.3.12.RELEASE.jar
[85c18b35-dbe4-4237-ab32-e8801356534d/build]   | [INFO] Downloading from central: https://repo.maven.apache.org/maven2/org/slf4j/slf4j-api/1.7.21/slf4j-api-1.7.21.jar
[85c18b35-dbe4-4237-ab32-e8801356534d/build]   | [INFO] Downloading from central: https://repo.maven.apache.org/maven2/org/slf4j/jcl-over-slf4j/1.7.21/jcl-over-slf4j-1.7.21.jar
[85c18b35-dbe4-4237-ab32-e8801356534d/build]   | [INFO] Downloading from central: https://repo.maven.apache.org/maven2/ch/qos/logback/logback-classic/1.1.7/logback-classic-1.1.7.jar
[85c18b35-dbe4-4237-ab32-e8801356534d/build]   | [INFO] Downloading from central: https://repo.maven.apache.org/maven2/commons-logging/commons-logging/1.2/commons-logging-1.2.jar
[85c18b35-dbe4-4237-ab32-e8801356534d/build]   | [INFO] Downloaded from central: https://repo.maven.apache.org/maven2/org/slf4j/slf4j-api/1.7.21/slf4j-api-1.7.21.jar (41 kB at 1.3 MB/s)
[85c18b35-dbe4-4237-ab32-e8801356534d/build]   | [INFO] Downloading from central: https://repo.maven.apache.org/maven2/ch/qos/logback/logback-core/1.1.7/logback-core-1.1.7.jar
[85c18b35-dbe4-4237-ab32-e8801356534d/build]   | [INFO] Downloaded from central: https://repo.maven.apache.org/maven2/org/slf4j/jcl-over-slf4j/1.7.21/jcl-over-slf4j-1.7.21.jar (16 kB at 257 kB/s)
[85c18b35-dbe4-4237-ab32-e8801356534d/build]   | [INFO] Downloading from central: https://repo.maven.apache.org/maven2/junit/junit/4.12/junit-4.12.jar
[85c18b35-dbe4-4237-ab32-e8801356534d/build]   | [INFO] Downloaded from central: https://repo.maven.apache.org/maven2/commons-logging/commons-logging/1.2/commons-logging-1.2.jar (62 kB at 439 kB/s)
[85c18b35-dbe4-4237-ab32-e8801356534d/build]   | [INFO] Downloading from central: https://repo.maven.apache.org/maven2/org/hamcrest/hamcrest-core/1.3/hamcrest-core-1.3.jar
[85c18b35-dbe4-4237-ab32-e8801356534d/build]   | [INFO] Downloaded from central: https://repo.maven.apache.org/maven2/ch/qos/logback/logback-core/1.1.7/logback-core-1.1.7.jar (471 kB at 3.8 MB/s)
[85c18b35-dbe4-4237-ab32-e8801356534d/build]   | [INFO] Downloaded from central: https://repo.maven.apache.org/maven2/org/springframework/spring-core/4.3.12.RELEASE/spring-core-4.3.12.RELEASE.jar (1.1 MB at 7.2 MB/s)
[85c18b35-dbe4-4237-ab32-e8801356534d/build]   | [INFO] Downloaded from central: https://repo.maven.apache.org/maven2/org/hamcrest/hamcrest-core/1.3/hamcrest-core-1.3.jar (45 kB at 329 kB/s)
[85c18b35-dbe4-4237-ab32-e8801356534d/build]   | [INFO] Downloaded from central: https://repo.maven.apache.org/maven2/junit/junit/4.12/junit-4.12.jar (315 kB at 2.2 MB/s)
[85c18b35-dbe4-4237-ab32-e8801356534d/build]   | [INFO] Downloaded from central: https://repo.maven.apache.org/maven2/ch/qos/logback/logback-classic/1.1.7/logback-classic-1.1.7.jar (304 kB at 1.2 MB/s)
[85c18b35-dbe4-4237-ab32-e8801356534d/build]   | [INFO] 
[85c18b35-dbe4-4237-ab32-e8801356534d/build]   | [INFO] --- maven-resources-plugin:2.6:resources (default-resources) @ zuul ---
[85c18b35-dbe4-4237-ab32-e8801356534d/build]   | [INFO] Downloading from central: https://repo.maven.apache.org/maven2/org/apache/maven/maven-plugin-api/2.0.6/maven-plugin-api-2.0.6.pom
[85c18b35-dbe4-4237-ab32-e8801356534d/build]   | [INFO] Downloaded from central: https://repo.maven.apache.org/maven2/org/apache/maven/maven-plugin-api/2.0.6/maven-plugin-api-2.0.6.pom (1.5 kB at 10 kB/s)
[85c18b35-dbe4-4237-ab32-e8801356534d/build]   | [INFO] Downloading from central: https://repo.maven.apache.org/maven2/org/apache/maven/maven/2.0.6/maven-2.0.6.pom
[85c18b35-dbe4-4237-ab32-e8801356534d/build]   | [INFO] Downloaded from central: https://repo.maven.apache.org/maven2/org/apache/maven/maven/2.0.6/maven-2.0.6.pom (9.0 kB at 85 kB/s)
[85c18b35-dbe4-4237-ab32-e8801356534d/build]   | [INFO] Downloading from central: https://repo.maven.apache.org/maven2/org/apache/maven/maven-parent/5/maven-parent-5.pom
[85c18b35-dbe4-4237-ab32-e8801356534d/build]   | [INFO] Downloaded from central: https://repo.maven.apache.org/maven2/org/apache/maven/maven-parent/5/maven-parent-5.pom (15 kB at 231 kB/s)
[85c18b35-dbe4-4237-ab32-e8801356534d/build]   | [INFO] Downloading from central: https://repo.maven.apache.org/maven2/org/apache/apache/3/apache-3.pom
[85c18b35-dbe4-4237-ab32-e8801356534d/build]   | [INFO] Downloaded from central: https://repo.maven.apache.org/maven2/org/apache/apache/3/apache-3.pom (3.4 kB at 59 kB/s)
[85c18b35-dbe4-4237-ab32-e8801356534d/build]   | [INFO] Downloading from central: https://repo.maven.apache.org/maven2/org/apache/maven/maven-project/2.0.6/maven-project-2.0.6.pom
[85c18b35-dbe4-4237-ab32-e8801356534d/build]   | [INFO] Downloaded from central: https://repo.maven.apache.org/maven2/org/apache/maven/maven-project/2.0.6/maven-project-2.0.6.pom (2.6 kB at 39 kB/s)
[85c18b35-dbe4-4237-ab32-e8801356534d/build]   | [INFO] Downloading from central: https://repo.maven.apache.org/maven2/org/apache/maven/maven-settings/2.0.6/maven-settings-2.0.6.pom
[85c18b35-dbe4-4237-ab32-e8801356534d/build]   | [INFO] Downloaded from central: https://repo.maven.apache.org/maven2/org/apache/maven/maven-settings/2.0.6/maven-settings-2.0.6.pom (2.0 kB at 29 kB/s)
[85c18b35-dbe4-4237-ab32-e8801356534d/build]   | [INFO] Downloading from central: https://repo.maven.apache.org/maven2/org/apache/maven/maven-model/2.0.6/maven-model-2.0.6.pom
[85c18b35-dbe4-4237-ab32-e8801356534d/build]   | [INFO] Downloaded from central: https://repo.maven.apache.org/maven2/org/apache/maven/maven-model/2.0.6/maven-model-2.0.6.pom (3.0 kB at 113 kB/s)
[85c18b35-dbe4-4237-ab32-e8801356534d/build]   | [INFO] Downloading from central: https://repo.maven.apache.org/maven2/org/codehaus/plexus/plexus-utils/1.4.1/plexus-utils-1.4.1.pom
[85c18b35-dbe4-4237-ab32-e8801356534d/build]   | [INFO] Downloaded from central: https://repo.maven.apache.org/maven2/org/codehaus/plexus/plexus-utils/1.4.1/plexus-utils-1.4.1.pom (1.9 kB at 68 kB/s)
[85c18b35-dbe4-4237-ab32-e8801356534d/build]   | [INFO] Downloading from central: https://repo.maven.apache.org/maven2/org/codehaus/plexus/plexus/1.0.11/plexus-1.0.11.pom
[85c18b35-dbe4-4237-ab32-e8801356534d/build]   | [INFO] Downloaded from central: https://repo.maven.apache.org/maven2/org/codehaus/plexus/plexus/1.0.11/plexus-1.0.11.pom (9.0 kB at 145 kB/s)
[85c18b35-dbe4-4237-ab32-e8801356534d/build]   | [INFO] Downloading from central: https://repo.maven.apache.org/maven2/org/codehaus/plexus/plexus-container-default/1.0-alpha-9-stable-1/plexus-container-default-1.0-alpha-9-stable-1.pom
[85c18b35-dbe4-4237-ab32-e8801356534d/build]   | [INFO] Downloaded from central: https://repo.maven.apache.org/maven2/org/codehaus/plexus/plexus-container-default/1.0-alpha-9-stable-1/plexus-container-default-1.0-alpha-9-stable-1.pom (3.9 kB at 127 kB/s)
[85c18b35-dbe4-4237-ab32-e8801356534d/build]   | [INFO] Downloading from central: https://repo.maven.apache.org/maven2/org/codehaus/plexus/plexus-containers/1.0.3/plexus-containers-1.0.3.pom
[85c18b35-dbe4-4237-ab32-e8801356534d/build]   | [INFO] Downloaded from central: https://repo.maven.apache.org/maven2/org/codehaus/plexus/plexus-containers/1.0.3/plexus-containers-1.0.3.pom (492 B at 10 kB/s)
[85c18b35-dbe4-4237-ab32-e8801356534d/build]   | [INFO] Downloading from central: https://repo.maven.apache.org/maven2/org/codehaus/plexus/plexus/1.0.4/plexus-1.0.4.pom
[85c18b35-dbe4-4237-ab32-e8801356534d/build]   | [INFO] Downloaded from central: https://repo.maven.apache.org/maven2/org/codehaus/plexus/plexus/1.0.4/plexus-1.0.4.pom (5.7 kB at 169 kB/s)
[85c18b35-dbe4-4237-ab32-e8801356534d/build]   | [INFO] Downloading from central: https://repo.maven.apache.org/maven2/junit/junit/3.8.1/junit-3.8.1.pom
[85c18b35-dbe4-4237-ab32-e8801356534d/build]   | [INFO] Downloaded from central: https://repo.maven.apache.org/maven2/junit/junit/3.8.1/junit-3.8.1.pom (998 B at 30 kB/s)
[85c18b35-dbe4-4237-ab32-e8801356534d/build]   | [INFO] Downloading from central: https://repo.maven.apache.org/maven2/org/codehaus/plexus/plexus-utils/1.0.4/plexus-utils-1.0.4.pom
[85c18b35-dbe4-4237-ab32-e8801356534d/build]   | [INFO] Downloaded from central: https://repo.maven.apache.org/maven2/org/codehaus/plexus/plexus-utils/1.0.4/plexus-utils-1.0.4.pom (6.9 kB at 132 kB/s)
[85c18b35-dbe4-4237-ab32-e8801356534d/build]   | [INFO] Downloading from central: https://repo.maven.apache.org/maven2/classworlds/classworlds/1.1-alpha-2/classworlds-1.1-alpha-2.pom
[85c18b35-dbe4-4237-ab32-e8801356534d/build]   | [INFO] Downloaded from central: https://repo.maven.apache.org/maven2/classworlds/classworlds/1.1-alpha-2/classworlds-1.1-alpha-2.pom (3.1 kB at 165 kB/s)
[85c18b35-dbe4-4237-ab32-e8801356534d/build]   | [INFO] Downloading from central: https://repo.maven.apache.org/maven2/org/apache/maven/maven-profile/2.0.6/maven-profile-2.0.6.pom
[85c18b35-dbe4-4237-ab32-e8801356534d/build]   | [INFO] Downloaded from central: https://repo.maven.apache.org/maven2/org/apache/maven/maven-profile/2.0.6/maven-profile-2.0.6.pom (2.0 kB at 124 kB/s)
[85c18b35-dbe4-4237-ab32-e8801356534d/build]   | [INFO] Downloading from central: https://repo.maven.apache.org/maven2/org/apache/maven/maven-artifact-manager/2.0.6/maven-artifact-manager-2.0.6.pom
[85c18b35-dbe4-4237-ab32-e8801356534d/build]   | [INFO] Downloaded from central: https://repo.maven.apache.org/maven2/org/apache/maven/maven-artifact-manager/2.0.6/maven-artifact-manager-2.0.6.pom (2.6 kB at 146 kB/s)
[85c18b35-dbe4-4237-ab32-e8801356534d/build]   | [INFO] Downloading from central: https://repo.maven.apache.org/maven2/org/apache/maven/maven-repository-metadata/2.0.6/maven-repository-metadata-2.0.6.pom
[85c18b35-dbe4-4237-ab32-e8801356534d/build]   | [INFO] Downloaded from central: https://repo.maven.apache.org/maven2/org/apache/maven/maven-repository-metadata/2.0.6/maven-repository-metadata-2.0.6.pom (1.9 kB at 47 kB/s)
[85c18b35-dbe4-4237-ab32-e8801356534d/build]   | [INFO] Downloading from central: https://repo.maven.apache.org/maven2/org/apache/maven/maven-artifact/2.0.6/maven-artifact-2.0.6.pom
[85c18b35-dbe4-4237-ab32-e8801356534d/build]   | [INFO] Downloaded from central: https://repo.maven.apache.org/maven2/org/apache/maven/maven-artifact/2.0.6/maven-artifact-2.0.6.pom (1.6 kB at 105 kB/s)
[85c18b35-dbe4-4237-ab32-e8801356534d/build]   | [INFO] Downloading from central: https://repo.maven.apache.org/maven2/org/apache/maven/maven-plugin-registry/2.0.6/maven-plugin-registry-2.0.6.pom
[85c18b35-dbe4-4237-ab32-e8801356534d/build]   | [INFO] Downloaded from central: https://repo.maven.apache.org/maven2/org/apache/maven/maven-plugin-registry/2.0.6/maven-plugin-registry-2.0.6.pom (1.9 kB at 122 kB/s)
[85c18b35-dbe4-4237-ab32-e8801356534d/build]   | [INFO] Downloading from central: https://repo.maven.apache.org/maven2/org/apache/maven/maven-core/2.0.6/maven-core-2.0.6.pom
[85c18b35-dbe4-4237-ab32-e8801356534d/build]   | [INFO] Downloaded from central: https://repo.maven.apache.org/maven2/org/apache/maven/maven-core/2.0.6/maven-core-2.0.6.pom (6.7 kB at 203 kB/s)
[85c18b35-dbe4-4237-ab32-e8801356534d/build]   | [INFO] Downloading from central: https://repo.maven.apache.org/maven2/org/apache/maven/maven-plugin-parameter-documenter/2.0.6/maven-plugin-parameter-documenter-2.0.6.pom
[85c18b35-dbe4-4237-ab32-e8801356534d/build]   | [INFO] Downloaded from central: https://repo.maven.apache.org/maven2/org/apache/maven/maven-plugin-parameter-documenter/2.0.6/maven-plugin-parameter-documenter-2.0.6.pom (1.9 kB at 83 kB/s)
[85c18b35-dbe4-4237-ab32-e8801356534d/build]   | [INFO] Downloading from central: https://repo.maven.apache.org/maven2/org/apache/maven/reporting/maven-reporting-api/2.0.6/maven-reporting-api-2.0.6.pom
[85c18b35-dbe4-4237-ab32-e8801356534d/build]   | [INFO] Downloaded from central: https://repo.maven.apache.org/maven2/org/apache/maven/reporting/maven-reporting-api/2.0.6/maven-reporting-api-2.0.6.pom (1.8 kB at 44 kB/s)
[85c18b35-dbe4-4237-ab32-e8801356534d/build]   | [INFO] Downloading from central: https://repo.maven.apache.org/maven2/org/apache/maven/reporting/maven-reporting/2.0.6/maven-reporting-2.0.6.pom
[85c18b35-dbe4-4237-ab32-e8801356534d/build]   | [INFO] Downloaded from central: https://repo.maven.apache.org/maven2/org/apache/maven/reporting/maven-reporting/2.0.6/maven-reporting-2.0.6.pom (1.4 kB at 40 kB/s)
[85c18b35-dbe4-4237-ab32-e8801356534d/build]   | [INFO] Downloading from central: https://repo.maven.apache.org/maven2/org/apache/maven/doxia/doxia-sink-api/1.0-alpha-7/doxia-sink-api-1.0-alpha-7.pom
[85c18b35-dbe4-4237-ab32-e8801356534d/build]   | [INFO] Downloaded from central: https://repo.maven.apache.org/maven2/org/apache/maven/doxia/doxia-sink-api/1.0-alpha-7/doxia-sink-api-1.0-alpha-7.pom (424 B at 21 kB/s)
[85c18b35-dbe4-4237-ab32-e8801356534d/build]   | [INFO] Downloading from central: https://repo.maven.apache.org/maven2/org/apache/maven/doxia/doxia/1.0-alpha-7/doxia-1.0-alpha-7.pom
[85c18b35-dbe4-4237-ab32-e8801356534d/build]   | [INFO] Downloaded from central: https://repo.maven.apache.org/maven2/org/apache/maven/doxia/doxia/1.0-alpha-7/doxia-1.0-alpha-7.pom (3.9 kB at 150 kB/s)
[85c18b35-dbe4-4237-ab32-e8801356534d/build]   | [INFO] Downloading from central: https://repo.maven.apache.org/maven2/org/apache/maven/maven-error-diagnostics/2.0.6/maven-error-diagnostics-2.0.6.pom
[85c18b35-dbe4-4237-ab32-e8801356534d/build]   | [INFO] Downloaded from central: https://repo.maven.apache.org/maven2/org/apache/maven/maven-error-diagnostics/2.0.6/maven-error-diagnostics-2.0.6.pom (1.7 kB at 106 kB/s)
[85c18b35-dbe4-4237-ab32-e8801356534d/build]   | [INFO] Downloading from central: https://repo.maven.apache.org/maven2/commons-cli/commons-cli/1.0/commons-cli-1.0.pom
[85c18b35-dbe4-4237-ab32-e8801356534d/build]   | [INFO] Downloaded from central: https://repo.maven.apache.org/maven2/commons-cli/commons-cli/1.0/commons-cli-1.0.pom (2.1 kB at 191 kB/s)
[85c18b35-dbe4-4237-ab32-e8801356534d/build]   | [INFO] Downloading from central: https://repo.maven.apache.org/maven2/org/apache/maven/maven-plugin-descriptor/2.0.6/maven-plugin-descriptor-2.0.6.pom
[85c18b35-dbe4-4237-ab32-e8801356534d/build]   | [INFO] Downloaded from central: https://repo.maven.apache.org/maven2/org/apache/maven/maven-plugin-descriptor/2.0.6/maven-plugin-descriptor-2.0.6.pom (2.0 kB at 88 kB/s)
[85c18b35-dbe4-4237-ab32-e8801356534d/build]   | [INFO] Downloading from central: https://repo.maven.apache.org/maven2/org/codehaus/plexus/plexus-interactivity-api/1.0-alpha-4/plexus-interactivity-api-1.0-alpha-4.pom
[85c18b35-dbe4-4237-ab32-e8801356534d/build]   | [INFO] Downloaded from central: https://repo.maven.apache.org/maven2/org/codehaus/plexus/plexus-interactivity-api/1.0-alpha-4/plexus-interactivity-api-1.0-alpha-4.pom (7.1 kB at 338 kB/s)
[85c18b35-dbe4-4237-ab32-e8801356534d/build]   | [INFO] Downloading from central: https://repo.maven.apache.org/maven2/org/apache/maven/maven-monitor/2.0.6/maven-monitor-2.0.6.pom
[85c18b35-dbe4-4237-ab32-e8801356534d/build]   | [INFO] Downloaded from central: https://repo.maven.apache.org/maven2/org/apache/maven/maven-monitor/2.0.6/maven-monitor-2.0.6.pom (1.3 kB at 46 kB/s)
[85c18b35-dbe4-4237-ab32-e8801356534d/build]   | [INFO] Downloading from central: https://repo.maven.apache.org/maven2/classworlds/classworlds/1.1/classworlds-1.1.pom
[85c18b35-dbe4-4237-ab32-e8801356534d/build]   | [INFO] Downloaded from central: https://repo.maven.apache.org/maven2/classworlds/classworlds/1.1/classworlds-1.1.pom (3.3 kB at 123 kB/s)
[85c18b35-dbe4-4237-ab32-e8801356534d/build]   | [INFO] Downloading from central: https://repo.maven.apache.org/maven2/org/codehaus/plexus/plexus-utils/2.0.5/plexus-utils-2.0.5.pom
[85c18b35-dbe4-4237-ab32-e8801356534d/build]   | [INFO] Downloaded from central: https://repo.maven.apache.org/maven2/org/codehaus/plexus/plexus-utils/2.0.5/plexus-utils-2.0.5.pom (3.3 kB at 98 kB/s)
[85c18b35-dbe4-4237-ab32-e8801356534d/build]   | [INFO] Downloading from central: https://repo.maven.apache.org/maven2/org/codehaus/plexus/plexus/2.0.6/plexus-2.0.6.pom
[85c18b35-dbe4-4237-ab32-e8801356534d/build]   | [INFO] Downloaded from central: https://repo.maven.apache.org/maven2/org/codehaus/plexus/plexus/2.0.6/plexus-2.0.6.pom (17 kB at 838 kB/s)
[85c18b35-dbe4-4237-ab32-e8801356534d/build]   | [INFO] Downloading from central: https://repo.maven.apache.org/maven2/org/apache/maven/shared/maven-filtering/1.1/maven-filtering-1.1.pom
[85c18b35-dbe4-4237-ab32-e8801356534d/build]   | [INFO] Downloaded from central: https://repo.maven.apache.org/maven2/org/apache/maven/shared/maven-filtering/1.1/maven-filtering-1.1.pom (5.8 kB at 579 kB/s)
[85c18b35-dbe4-4237-ab32-e8801356534d/build]   | [INFO] Downloading from central: https://repo.maven.apache.org/maven2/org/apache/maven/shared/maven-shared-components/17/maven-shared-components-17.pom
[85c18b35-dbe4-4237-ab32-e8801356534d/build]   | [INFO] Downloaded from central: https://repo.maven.apache.org/maven2/org/apache/maven/shared/maven-shared-components/17/maven-shared-components-17.pom (8.7 kB at 378 kB/s)
[85c18b35-dbe4-4237-ab32-e8801356534d/build]   | [INFO] Downloading from central: https://repo.maven.apache.org/maven2/org/codehaus/plexus/plexus-utils/1.5.15/plexus-utils-1.5.15.pom
[85c18b35-dbe4-4237-ab32-e8801356534d/build]   | [INFO] Downloaded from central: https://repo.maven.apache.org/maven2/org/codehaus/plexus/plexus-utils/1.5.15/plexus-utils-1.5.15.pom (6.8 kB at 245 kB/s)
[85c18b35-dbe4-4237-ab32-e8801356534d/build]   | [INFO] Downloading from central: https://repo.maven.apache.org/maven2/org/codehaus/plexus/plexus/2.0.2/plexus-2.0.2.pom
[85c18b35-dbe4-4237-ab32-e8801356534d/build]   | [INFO] Downloaded from central: https://repo.maven.apache.org/maven2/org/codehaus/plexus/plexus/2.0.2/plexus-2.0.2.pom (12 kB at 528 kB/s)
[85c18b35-dbe4-4237-ab32-e8801356534d/build]   | [INFO] Downloading from central: https://repo.maven.apache.org/maven2/org/codehaus/plexus/plexus-interpolation/1.12/plexus-interpolation-1.12.pom
[85c18b35-dbe4-4237-ab32-e8801356534d/build]   | [INFO] Downloaded from central: https://repo.maven.apache.org/maven2/org/codehaus/plexus/plexus-interpolation/1.12/plexus-interpolation-1.12.pom (889 B at 22 kB/s)
[85c18b35-dbe4-4237-ab32-e8801356534d/build]   | [INFO] Downloading from central: https://repo.maven.apache.org/maven2/org/codehaus/plexus/plexus-components/1.1.14/plexus-components-1.1.14.pom
[85c18b35-dbe4-4237-ab32-e8801356534d/build]   | [INFO] Downloaded from central: https://repo.maven.apache.org/maven2/org/codehaus/plexus/plexus-components/1.1.14/plexus-components-1.1.14.pom (5.8 kB at 449 kB/s)
[85c18b35-dbe4-4237-ab32-e8801356534d/build]   | [INFO] Downloading from central: https://repo.maven.apache.org/maven2/org/sonatype/plexus/plexus-build-api/0.0.4/plexus-build-api-0.0.4.pom
[85c18b35-dbe4-4237-ab32-e8801356534d/build]   | [INFO] Downloaded from central: https://repo.maven.apache.org/maven2/org/sonatype/plexus/plexus-build-api/0.0.4/plexus-build-api-0.0.4.pom (2.9 kB at 87 kB/s)
[85c18b35-dbe4-4237-ab32-e8801356534d/build]   | [INFO] Downloading from central: https://repo.maven.apache.org/maven2/org/sonatype/spice/spice-parent/10/spice-parent-10.pom
[85c18b35-dbe4-4237-ab32-e8801356534d/build]   | [INFO] Downloaded from central: https://repo.maven.apache.org/maven2/org/sonatype/spice/spice-parent/10/spice-parent-10.pom (3.0 kB at 215 kB/s)
[85c18b35-dbe4-4237-ab32-e8801356534d/build]   | [INFO] Downloading from central: https://repo.maven.apache.org/maven2/org/sonatype/forge/forge-parent/3/forge-parent-3.pom
[85c18b35-dbe4-4237-ab32-e8801356534d/build]   | [INFO] Downloaded from central: https://repo.maven.apache.org/maven2/org/sonatype/forge/forge-parent/3/forge-parent-3.pom (5.0 kB at 194 kB/s)
[85c18b35-dbe4-4237-ab32-e8801356534d/build]   | [INFO] Downloading from central: https://repo.maven.apache.org/maven2/org/codehaus/plexus/plexus-utils/1.5.8/plexus-utils-1.5.8.pom
[85c18b35-dbe4-4237-ab32-e8801356534d/build]   | [INFO] Downloaded from central: https://repo.maven.apache.org/maven2/org/codehaus/plexus/plexus-utils/1.5.8/plexus-utils-1.5.8.pom (8.1 kB at 218 kB/s)
[85c18b35-dbe4-4237-ab32-e8801356534d/build]   | [INFO] Downloading from central: https://repo.maven.apache.org/maven2/org/codehaus/plexus/plexus-interpolation/1.13/plexus-interpolation-1.13.pom
[85c18b35-dbe4-4237-ab32-e8801356534d/build]   | [INFO] Downloaded from central: https://repo.maven.apache.org/maven2/org/codehaus/plexus/plexus-interpolation/1.13/plexus-interpolation-1.13.pom (890 B at 47 kB/s)
[85c18b35-dbe4-4237-ab32-e8801356534d/build]   | [INFO] Downloading from central: https://repo.maven.apache.org/maven2/org/codehaus/plexus/plexus-components/1.1.15/plexus-components-1.1.15.pom
[85c18b35-dbe4-4237-ab32-e8801356534d/build]   | [INFO] Downloaded from central: https://repo.maven.apache.org/maven2/org/codehaus/plexus/plexus-components/1.1.15/plexus-components-1.1.15.pom (2.8 kB at 124 kB/s)
[85c18b35-dbe4-4237-ab32-e8801356534d/build]   | [INFO] Downloading from central: https://repo.maven.apache.org/maven2/org/codehaus/plexus/plexus/2.0.3/plexus-2.0.3.pom
[85c18b35-dbe4-4237-ab32-e8801356534d/build]   | [INFO] Downloaded from central: https://repo.maven.apache.org/maven2/org/codehaus/plexus/plexus/2.0.3/plexus-2.0.3.pom (15 kB at 909 kB/s)
[85c18b35-dbe4-4237-ab32-e8801356534d/build]   | [INFO] Downloading from central: https://repo.maven.apache.org/maven2/org/apache/maven/maven-plugin-api/2.0.6/maven-plugin-api-2.0.6.jar
[85c18b35-dbe4-4237-ab32-e8801356534d/build]   | [INFO] Downloading from central: https://repo.maven.apache.org/maven2/org/apache/maven/maven-project/2.0.6/maven-project-2.0.6.jar
[85c18b35-dbe4-4237-ab32-e8801356534d/build]   | [INFO] Downloading from central: https://repo.maven.apache.org/maven2/org/apache/maven/maven-profile/2.0.6/maven-profile-2.0.6.jar
[85c18b35-dbe4-4237-ab32-e8801356534d/build]   | [INFO] Downloading from central: https://repo.maven.apache.org/maven2/org/apache/maven/maven-artifact-manager/2.0.6/maven-artifact-manager-2.0.6.jar
[85c18b35-dbe4-4237-ab32-e8801356534d/build]   | [INFO] Downloading from central: https://repo.maven.apache.org/maven2/org/apache/maven/maven-plugin-registry/2.0.6/maven-plugin-registry-2.0.6.jar
[85c18b35-dbe4-4237-ab32-e8801356534d/build]   | [INFO] Downloaded from central: https://repo.maven.apache.org/maven2/org/apache/maven/maven-plugin-api/2.0.6/maven-plugin-api-2.0.6.jar (13 kB at 286 kB/s)
[85c18b35-dbe4-4237-ab32-e8801356534d/build]   | [INFO] Downloading from central: https://repo.maven.apache.org/maven2/org/apache/maven/maven-core/2.0.6/maven-core-2.0.6.jar
[85c18b35-dbe4-4237-ab32-e8801356534d/build]   | [INFO] Downloaded from central: https://repo.maven.apache.org/maven2/org/apache/maven/maven-profile/2.0.6/maven-profile-2.0.6.jar (35 kB at 1.0 MB/s)
[85c18b35-dbe4-4237-ab32-e8801356534d/build]   | [INFO] Downloading from central: https://repo.maven.apache.org/maven2/org/apache/maven/maven-plugin-parameter-documenter/2.0.6/maven-plugin-parameter-documenter-2.0.6.jar
[85c18b35-dbe4-4237-ab32-e8801356534d/build]   | [INFO] Downloaded from central: https://repo.maven.apache.org/maven2/org/apache/maven/maven-artifact-manager/2.0.6/maven-artifact-manager-2.0.6.jar (57 kB at 1.2 MB/s)
[85c18b35-dbe4-4237-ab32-e8801356534d/build]   | [INFO] Downloading from central: https://repo.maven.apache.org/maven2/org/apache/maven/reporting/maven-reporting-api/2.0.6/maven-reporting-api-2.0.6.jar
[85c18b35-dbe4-4237-ab32-e8801356534d/build]   | [INFO] Downloaded from central: https://repo.maven.apache.org/maven2/org/apache/maven/maven-project/2.0.6/maven-project-2.0.6.jar (116 kB at 1.8 MB/s)
[85c18b35-dbe4-4237-ab32-e8801356534d/build]   | [INFO] Downloading from central: https://repo.maven.apache.org/maven2/org/apache/maven/doxia/doxia-sink-api/1.0-alpha-7/doxia-sink-api-1.0-alpha-7.jar
[85c18b35-dbe4-4237-ab32-e8801356534d/build]   | [INFO] Downloaded from central: https://repo.maven.apache.org/maven2/org/apache/maven/maven-plugin-registry/2.0.6/maven-plugin-registry-2.0.6.jar (29 kB at 507 kB/s)
[85c18b35-dbe4-4237-ab32-e8801356534d/build]   | [INFO] Downloading from central: https://repo.maven.apache.org/maven2/org/apache/maven/maven-repository-metadata/2.0.6/maven-repository-metadata-2.0.6.jar
[85c18b35-dbe4-4237-ab32-e8801356534d/build]   | [INFO] Downloaded from central: https://repo.maven.apache.org/maven2/org/apache/maven/maven-plugin-parameter-documenter/2.0.6/maven-plugin-parameter-documenter-2.0.6.jar (21 kB at 364 kB/s)
[85c18b35-dbe4-4237-ab32-e8801356534d/build]   | [INFO] Downloading from central: https://repo.maven.apache.org/maven2/org/apache/maven/maven-error-diagnostics/2.0.6/maven-error-diagnostics-2.0.6.jar
[85c18b35-dbe4-4237-ab32-e8801356534d/build]   | [INFO] Downloaded from central: https://repo.maven.apache.org/maven2/org/apache/maven/maven-repository-metadata/2.0.6/maven-repository-metadata-2.0.6.jar (24 kB at 285 kB/s)
[85c18b35-dbe4-4237-ab32-e8801356534d/build]   | [INFO] Downloading from central: https://repo.maven.apache.org/maven2/commons-cli/commons-cli/1.0/commons-cli-1.0.jar
[85c18b35-dbe4-4237-ab32-e8801356534d/build]   | [INFO] Downloaded from central: https://repo.maven.apache.org/maven2/org/apache/maven/maven-error-diagnostics/2.0.6/maven-error-diagnostics-2.0.6.jar (14 kB at 155 kB/s)
[85c18b35-dbe4-4237-ab32-e8801356534d/build]   | [INFO] Downloaded from central: https://repo.maven.apache.org/maven2/org/apache/maven/reporting/maven-reporting-api/2.0.6/maven-reporting-api-2.0.6.jar (9.9 kB at 113 kB/s)
[85c18b35-dbe4-4237-ab32-e8801356534d/build]   | [INFO] Downloading from central: https://repo.maven.apache.org/maven2/org/codehaus/plexus/plexus-interactivity-api/1.0-alpha-4/plexus-interactivity-api-1.0-alpha-4.jar
[85c18b35-dbe4-4237-ab32-e8801356534d/build]   | [INFO] Downloading from central: https://repo.maven.apache.org/maven2/org/apache/maven/maven-plugin-descriptor/2.0.6/maven-plugin-descriptor-2.0.6.jar
[85c18b35-dbe4-4237-ab32-e8801356534d/build]   | [INFO] Downloaded from central: https://repo.maven.apache.org/maven2/org/apache/maven/maven-core/2.0.6/maven-core-2.0.6.jar (152 kB at 1.5 MB/s)
[85c18b35-dbe4-4237-ab32-e8801356534d/build]   | [INFO] Downloading from central: https://repo.maven.apache.org/maven2/classworlds/classworlds/1.1/classworlds-1.1.jar
[85c18b35-dbe4-4237-ab32-e8801356534d/build]   | [INFO] Downloaded from central: https://repo.maven.apache.org/maven2/org/apache/maven/doxia/doxia-sink-api/1.0-alpha-7/doxia-sink-api-1.0-alpha-7.jar (5.9 kB at 60 kB/s)
[85c18b35-dbe4-4237-ab32-e8801356534d/build]   | [INFO] Downloading from central: https://repo.maven.apache.org/maven2/org/apache/maven/maven-artifact/2.0.6/maven-artifact-2.0.6.jar
[85c18b35-dbe4-4237-ab32-e8801356534d/build]   | [INFO] Downloaded from central: https://repo.maven.apache.org/maven2/org/codehaus/plexus/plexus-interactivity-api/1.0-alpha-4/plexus-interactivity-api-1.0-alpha-4.jar (13 kB at 133 kB/s)
[85c18b35-dbe4-4237-ab32-e8801356534d/build]   | [INFO] Downloading from central: https://repo.maven.apache.org/maven2/org/apache/maven/maven-settings/2.0.6/maven-settings-2.0.6.jar
[85c18b35-dbe4-4237-ab32-e8801356534d/build]   | [INFO] Downloaded from central: https://repo.maven.apache.org/maven2/commons-cli/commons-cli/1.0/commons-cli-1.0.jar (30 kB at 281 kB/s)
[85c18b35-dbe4-4237-ab32-e8801356534d/build]   | [INFO] Downloading from central: https://repo.maven.apache.org/maven2/org/apache/maven/maven-model/2.0.6/maven-model-2.0.6.jar
[85c18b35-dbe4-4237-ab32-e8801356534d/build]   | [INFO] Downloaded from central: https://repo.maven.apache.org/maven2/org/apache/maven/maven-plugin-descriptor/2.0.6/maven-plugin-descriptor-2.0.6.jar (37 kB at 338 kB/s)
[85c18b35-dbe4-4237-ab32-e8801356534d/build]   | [INFO] Downloading from central: https://repo.maven.apache.org/maven2/org/apache/maven/maven-monitor/2.0.6/maven-monitor-2.0.6.jar
[85c18b35-dbe4-4237-ab32-e8801356534d/build]   | [INFO] Downloaded from central: https://repo.maven.apache.org/maven2/org/apache/maven/maven-artifact/2.0.6/maven-artifact-2.0.6.jar (87 kB at 598 kB/s)
[85c18b35-dbe4-4237-ab32-e8801356534d/build]   | [INFO] Downloading from central: https://repo.maven.apache.org/maven2/org/codehaus/plexus/plexus-container-default/1.0-alpha-9-stable-1/plexus-container-default-1.0-alpha-9-stable-1.jar
[85c18b35-dbe4-4237-ab32-e8801356534d/build]   | [INFO] Downloaded from central: https://repo.maven.apache.org/maven2/classworlds/classworlds/1.1/classworlds-1.1.jar (38 kB at 244 kB/s)
[85c18b35-dbe4-4237-ab32-e8801356534d/build]   | [INFO] Downloading from central: https://repo.maven.apache.org/maven2/junit/junit/3.8.1/junit-3.8.1.jar
[85c18b35-dbe4-4237-ab32-e8801356534d/build]   | [INFO] Downloaded from central: https://repo.maven.apache.org/maven2/org/apache/maven/maven-monitor/2.0.6/maven-monitor-2.0.6.jar (10 kB at 64 kB/s)
[85c18b35-dbe4-4237-ab32-e8801356534d/build]   | [INFO] Downloading from central: https://repo.maven.apache.org/maven2/org/codehaus/plexus/plexus-utils/2.0.5/plexus-utils-2.0.5.jar
[85c18b35-dbe4-4237-ab32-e8801356534d/build]   | [INFO] Downloaded from central: https://repo.maven.apache.org/maven2/org/apache/maven/maven-settings/2.0.6/maven-settings-2.0.6.jar (49 kB at 307 kB/s)
[85c18b35-dbe4-4237-ab32-e8801356534d/build]   | [INFO] Downloading from central: https://repo.maven.apache.org/maven2/org/apache/maven/shared/maven-filtering/1.1/maven-filtering-1.1.jar
[85c18b35-dbe4-4237-ab32-e8801356534d/build]   | [INFO] Downloaded from central: https://repo.maven.apache.org/maven2/org/apache/maven/maven-model/2.0.6/maven-model-2.0.6.jar (86 kB at 494 kB/s)
[85c18b35-dbe4-4237-ab32-e8801356534d/build]   | [INFO] Downloading from central: https://repo.maven.apache.org/maven2/org/sonatype/plexus/plexus-build-api/0.0.4/plexus-build-api-0.0.4.jar
[85c18b35-dbe4-4237-ab32-e8801356534d/build]   | [INFO] Downloaded from central: https://repo.maven.apache.org/maven2/junit/junit/3.8.1/junit-3.8.1.jar (121 kB at 654 kB/s)
[85c18b35-dbe4-4237-ab32-e8801356534d/build]   | [INFO] Downloading from central: https://repo.maven.apache.org/maven2/org/codehaus/plexus/plexus-interpolation/1.13/plexus-interpolation-1.13.jar
[85c18b35-dbe4-4237-ab32-e8801356534d/build]   | [INFO] Downloaded from central: https://repo.maven.apache.org/maven2/org/codehaus/plexus/plexus-utils/2.0.5/plexus-utils-2.0.5.jar (223 kB at 1.1 MB/s)
[85c18b35-dbe4-4237-ab32-e8801356534d/build]   | [INFO] Downloaded from central: https://repo.maven.apache.org/maven2/org/apache/maven/shared/maven-filtering/1.1/maven-filtering-1.1.jar (43 kB at 220 kB/s)
[85c18b35-dbe4-4237-ab32-e8801356534d/build]   | [INFO] Downloaded from central: https://repo.maven.apache.org/maven2/org/codehaus/plexus/plexus-container-default/1.0-alpha-9-stable-1/plexus-container-default-1.0-alpha-9-stable-1.jar (194 kB at 976 kB/s)
[85c18b35-dbe4-4237-ab32-e8801356534d/build]   | [INFO] Downloaded from central: https://repo.maven.apache.org/maven2/org/sonatype/plexus/plexus-build-api/0.0.4/plexus-build-api-0.0.4.jar (6.8 kB at 34 kB/s)
[85c18b35-dbe4-4237-ab32-e8801356534d/build]   | [INFO] Downloaded from central: https://repo.maven.apache.org/maven2/org/codehaus/plexus/plexus-interpolation/1.13/plexus-interpolation-1.13.jar (61 kB at 299 kB/s)
[85c18b35-dbe4-4237-ab32-e8801356534d/build]   | [WARNING] Using platform encoding (UTF-8 actually) to copy filtered resources, i.e. build is platform dependent!
[85c18b35-dbe4-4237-ab32-e8801356534d/build]   | [INFO] skip non existing resourceDirectory /tmp/dcf2de27-a8db-4b3d-bb21-a92ec5a0d400/src/main/resources
[85c18b35-dbe4-4237-ab32-e8801356534d/build]   | [INFO] 
[85c18b35-dbe4-4237-ab32-e8801356534d/build]   | [INFO] --- maven-compiler-plugin:3.5.1:compile (default-compile) @ zuul ---
[85c18b35-dbe4-4237-ab32-e8801356534d/build]   | [INFO] Downloading from central: https://repo.maven.apache.org/maven2/org/apache/maven/maven-plugin-api/3.0/maven-plugin-api-3.0.pom
[85c18b35-dbe4-4237-ab32-e8801356534d/build]   | [INFO] Downloaded from central: https://repo.maven.apache.org/maven2/org/apache/maven/maven-plugin-api/3.0/maven-plugin-api-3.0.pom (2.3 kB at 65 kB/s)
[85c18b35-dbe4-4237-ab32-e8801356534d/build]   | [INFO] Downloading from central: https://repo.maven.apache.org/maven2/org/apache/maven/maven/3.0/maven-3.0.pom
[85c18b35-dbe4-4237-ab32-e8801356534d/build]   | [INFO] Downloaded from central: https://repo.maven.apache.org/maven2/org/apache/maven/maven/3.0/maven-3.0.pom (22 kB at 755 kB/s)
[85c18b35-dbe4-4237-ab32-e8801356534d/build]   | [INFO] Downloading from central: https://repo.maven.apache.org/maven2/org/apache/maven/maven-parent/15/maven-parent-15.pom
[85c18b35-dbe4-4237-ab32-e8801356534d/build]   | [INFO] Downloaded from central: https://repo.maven.apache.org/maven2/org/apache/maven/maven-parent/15/maven-parent-15.pom (24 kB at 1.4 MB/s)
[85c18b35-dbe4-4237-ab32-e8801356534d/build]   | [INFO] Downloading from central: https://repo.maven.apache.org/maven2/org/apache/apache/6/apache-6.pom
[85c18b35-dbe4-4237-ab32-e8801356534d/build]   | [INFO] Downloaded from central: https://repo.maven.apache.org/maven2/org/apache/apache/6/apache-6.pom (13 kB at 673 kB/s)
[85c18b35-dbe4-4237-ab32-e8801356534d/build]   | [INFO] Downloading from central: https://repo.maven.apache.org/maven2/org/apache/maven/maven-model/3.0/maven-model-3.0.pom
[85c18b35-dbe4-4237-ab32-e8801356534d/build]   | [INFO] Downloaded from central: https://repo.maven.apache.org/maven2/org/apache/maven/maven-model/3.0/maven-model-3.0.pom (3.9 kB at 229 kB/s)
[85c18b35-dbe4-4237-ab32-e8801356534d/build]   | [INFO] Downloading from central: https://repo.maven.apache.org/maven2/org/codehaus/plexus/plexus-utils/2.0.4/plexus-utils-2.0.4.pom
[85c18b35-dbe4-4237-ab32-e8801356534d/build]   | [INFO] Downloaded from central: https://repo.maven.apache.org/maven2/org/codehaus/plexus/plexus-utils/2.0.4/plexus-utils-2.0.4.pom (3.3 kB at 303 kB/s)
[85c18b35-dbe4-4237-ab32-e8801356534d/build]   | [INFO] Downloading from central: https://repo.maven.apache.org/maven2/org/apache/maven/maven-artifact/3.0/maven-artifact-3.0.pom
[85c18b35-dbe4-4237-ab32-e8801356534d/build]   | [INFO] Downloaded from central: https://repo.maven.apache.org/maven2/org/apache/maven/maven-artifact/3.0/maven-artifact-3.0.pom (1.9 kB at 74 kB/s)
[85c18b35-dbe4-4237-ab32-e8801356534d/build]   | [INFO] Downloading from central: https://repo.maven.apache.org/maven2/org/sonatype/sisu/sisu-inject-plexus/1.4.2/sisu-inject-plexus-1.4.2.pom
[85c18b35-dbe4-4237-ab32-e8801356534d/build]   | [INFO] Downloaded from central: https://repo.maven.apache.org/maven2/org/sonatype/sisu/sisu-inject-plexus/1.4.2/sisu-inject-plexus-1.4.2.pom (5.4 kB at 233 kB/s)
[85c18b35-dbe4-4237-ab32-e8801356534d/build]   | [INFO] Downloading from central: https://repo.maven.apache.org/maven2/org/sonatype/sisu/inject/guice-plexus/1.4.2/guice-plexus-1.4.2.pom
[85c18b35-dbe4-4237-ab32-e8801356534d/build]   | [INFO] Downloaded from central: https://repo.maven.apache.org/maven2/org/sonatype/sisu/inject/guice-plexus/1.4.2/guice-plexus-1.4.2.pom (3.1 kB at 149 kB/s)
[85c18b35-dbe4-4237-ab32-e8801356534d/build]   | [INFO] Downloading from central: https://repo.maven.apache.org/maven2/org/sonatype/sisu/inject/guice-bean/1.4.2/guice-bean-1.4.2.pom
[85c18b35-dbe4-4237-ab32-e8801356534d/build]   | [INFO] Downloaded from central: https://repo.maven.apache.org/maven2/org/sonatype/sisu/inject/guice-bean/1.4.2/guice-bean-1.4.2.pom (2.6 kB at 145 kB/s)
[85c18b35-dbe4-4237-ab32-e8801356534d/build]   | [INFO] Downloading from central: https://repo.maven.apache.org/maven2/org/sonatype/sisu/sisu-inject/1.4.2/sisu-inject-1.4.2.pom
[85c18b35-dbe4-4237-ab32-e8801356534d/build]   | [INFO] Downloaded from central: https://repo.maven.apache.org/maven2/org/sonatype/sisu/sisu-inject/1.4.2/sisu-inject-1.4.2.pom (1.2 kB at 54 kB/s)
[85c18b35-dbe4-4237-ab32-e8801356534d/build]   | [INFO] Downloading from central: https://repo.maven.apache.org/maven2/org/sonatype/sisu/sisu-parent/1.4.2/sisu-parent-1.4.2.pom
[85c18b35-dbe4-4237-ab32-e8801356534d/build]   | [INFO] Downloaded from central: https://repo.maven.apache.org/maven2/org/sonatype/sisu/sisu-parent/1.4.2/sisu-parent-1.4.2.pom (7.8 kB at 389 kB/s)
[85c18b35-dbe4-4237-ab32-e8801356534d/build]   | [INFO] Downloading from central: https://repo.maven.apache.org/maven2/org/sonatype/forge/forge-parent/6/forge-parent-6.pom
[85c18b35-dbe4-4237-ab32-e8801356534d/build]   | [INFO] Downloaded from central: https://repo.maven.apache.org/maven2/org/sonatype/forge/forge-parent/6/forge-parent-6.pom (11 kB at 512 kB/s)
[85c18b35-dbe4-4237-ab32-e8801356534d/build]   | [INFO] Downloading from central: https://repo.maven.apache.org/maven2/org/codehaus/plexus/plexus-component-annotations/1.5.5/plexus-component-annotations-1.5.5.pom
[85c18b35-dbe4-4237-ab32-e8801356534d/build]   | [INFO] Downloaded from central: https://repo.maven.apache.org/maven2/org/codehaus/plexus/plexus-component-annotations/1.5.5/plexus-component-annotations-1.5.5.pom (815 B at 30 kB/s)
[85c18b35-dbe4-4237-ab32-e8801356534d/build]   | [INFO] Downloading from central: https://repo.maven.apache.org/maven2/org/codehaus/plexus/plexus-containers/1.5.5/plexus-containers-1.5.5.pom
[85c18b35-dbe4-4237-ab32-e8801356534d/build]   | [INFO] Downloaded from central: https://repo.maven.apache.org/maven2/org/codehaus/plexus/plexus-containers/1.5.5/plexus-containers-1.5.5.pom (4.2 kB at 92 kB/s)
[85c18b35-dbe4-4237-ab32-e8801356534d/build]   | [INFO] Downloading from central: https://repo.maven.apache.org/maven2/org/codehaus/plexus/plexus/2.0.7/plexus-2.0.7.pom
[85c18b35-dbe4-4237-ab32-e8801356534d/build]   | [INFO] Downloaded from central: https://repo.maven.apache.org/maven2/org/codehaus/plexus/plexus/2.0.7/plexus-2.0.7.pom (17 kB at 1.0 MB/s)
[85c18b35-dbe4-4237-ab32-e8801356534d/build]   | [INFO] Downloading from central: https://repo.maven.apache.org/maven2/org/codehaus/plexus/plexus-classworlds/2.2.3/plexus-classworlds-2.2.3.pom
[85c18b35-dbe4-4237-ab32-e8801356534d/build]   | [INFO] Downloaded from central: https://repo.maven.apache.org/maven2/org/codehaus/plexus/plexus-classworlds/2.2.3/plexus-classworlds-2.2.3.pom (4.0 kB at 167 kB/s)
[85c18b35-dbe4-4237-ab32-e8801356534d/build]   | [INFO] Downloading from central: https://repo.maven.apache.org/maven2/org/sonatype/sisu/sisu-inject-bean/1.4.2/sisu-inject-bean-1.4.2.pom
[85c18b35-dbe4-4237-ab32-e8801356534d/build]   | [INFO] Downloaded from central: https://repo.maven.apache.org/maven2/org/sonatype/sisu/sisu-inject-bean/1.4.2/sisu-inject-bean-1.4.2.pom (5.5 kB at 364 kB/s)
[85c18b35-dbe4-4237-ab32-e8801356534d/build]   | [INFO] Downloading from central: https://repo.maven.apache.org/maven2/org/sonatype/sisu/sisu-guice/2.1.7/sisu-guice-2.1.7.pom
[85c18b35-dbe4-4237-ab32-e8801356534d/build]   | [INFO] Downloaded from central: https://repo.maven.apache.org/maven2/org/sonatype/sisu/sisu-guice/2.1.7/sisu-guice-2.1.7.pom (11 kB at 614 kB/s)
[85c18b35-dbe4-4237-ab32-e8801356534d/build]   | [INFO] Downloading from central: https://repo.maven.apache.org/maven2/org/apache/maven/maven-core/3.0/maven-core-3.0.pom
[85c18b35-dbe4-4237-ab32-e8801356534d/build]   | [INFO] Downloaded from central: https://repo.maven.apache.org/maven2/org/apache/maven/maven-core/3.0/maven-core-3.0.pom (6.6 kB at 288 kB/s)
[85c18b35-dbe4-4237-ab32-e8801356534d/build]   | [INFO] Downloading from central: https://repo.maven.apache.org/maven2/org/apache/maven/maven-settings/3.0/maven-settings-3.0.pom
[85c18b35-dbe4-4237-ab32-e8801356534d/build]   | [INFO] Downloaded from central: https://repo.maven.apache.org/maven2/org/apache/maven/maven-settings/3.0/maven-settings-3.0.pom (1.9 kB at 145 kB/s)
[85c18b35-dbe4-4237-ab32-e8801356534d/build]   | [INFO] Downloading from central: https://repo.maven.apache.org/maven2/org/apache/maven/maven-settings-builder/3.0/maven-settings-builder-3.0.pom
[85c18b35-dbe4-4237-ab32-e8801356534d/build]   | [INFO] Downloaded from central: https://repo.maven.apache.org/maven2/org/apache/maven/maven-settings-builder/3.0/maven-settings-builder-3.0.pom (2.2 kB at 247 kB/s)
[85c18b35-dbe4-4237-ab32-e8801356534d/build]   | [INFO] Downloading from central: https://repo.maven.apache.org/maven2/org/codehaus/plexus/plexus-interpolation/1.14/plexus-interpolation-1.14.pom
[85c18b35-dbe4-4237-ab32-e8801356534d/build]   | [INFO] Downloaded from central: https://repo.maven.apache.org/maven2/org/codehaus/plexus/plexus-interpolation/1.14/plexus-interpolation-1.14.pom (910 B at 91 kB/s)
[85c18b35-dbe4-4237-ab32-e8801356534d/build]   | [INFO] Downloading from central: https://repo.maven.apache.org/maven2/org/codehaus/plexus/plexus-components/1.1.18/plexus-components-1.1.18.pom
[85c18b35-dbe4-4237-ab32-e8801356534d/build]   | [INFO] Downloaded from central: https://repo.maven.apache.org/maven2/org/codehaus/plexus/plexus-components/1.1.18/plexus-components-1.1.18.pom (5.4 kB at 487 kB/s)
[85c18b35-dbe4-4237-ab32-e8801356534d/build]   | [INFO] Downloading from central: https://repo.maven.apache.org/maven2/org/sonatype/plexus/plexus-sec-dispatcher/1.3/plexus-sec-dispatcher-1.3.pom
[85c18b35-dbe4-4237-ab32-e8801356534d/build]   | [INFO] Downloaded from central: https://repo.maven.apache.org/maven2/org/sonatype/plexus/plexus-sec-dispatcher/1.3/plexus-sec-dispatcher-1.3.pom (3.0 kB at 423 kB/s)
[85c18b35-dbe4-4237-ab32-e8801356534d/build]   | [INFO] Downloading from central: https://repo.maven.apache.org/maven2/org/sonatype/spice/spice-parent/12/spice-parent-12.pom
[85c18b35-dbe4-4237-ab32-e8801356534d/build]   | [INFO] Downloaded from central: https://repo.maven.apache.org/maven2/org/sonatype/spice/spice-parent/12/spice-parent-12.pom (6.8 kB at 194 kB/s)
[85c18b35-dbe4-4237-ab32-e8801356534d/build]   | [INFO] Downloading from central: https://repo.maven.apache.org/maven2/org/sonatype/forge/forge-parent/4/forge-parent-4.pom
[85c18b35-dbe4-4237-ab32-e8801356534d/build]   | [INFO] Downloaded from central: https://repo.maven.apache.org/maven2/org/sonatype/forge/forge-parent/4/forge-parent-4.pom (8.4 kB at 466 kB/s)
[85c18b35-dbe4-4237-ab32-e8801356534d/build]   | [INFO] Downloading from central: https://repo.maven.apache.org/maven2/org/codehaus/plexus/plexus-utils/1.5.5/plexus-utils-1.5.5.pom
[85c18b35-dbe4-4237-ab32-e8801356534d/build]   | [INFO] Downloaded from central: https://repo.maven.apache.org/maven2/org/codehaus/plexus/plexus-utils/1.5.5/plexus-utils-1.5.5.pom (5.1 kB at 303 kB/s)
[85c18b35-dbe4-4237-ab32-e8801356534d/build]   | [INFO] Downloading from central: https://repo.maven.apache.org/maven2/org/sonatype/plexus/plexus-cipher/1.4/plexus-cipher-1.4.pom
[85c18b35-dbe4-4237-ab32-e8801356534d/build]   | [INFO] Downloaded from central: https://repo.maven.apache.org/maven2/org/sonatype/plexus/plexus-cipher/1.4/plexus-cipher-1.4.pom (2.1 kB at 103 kB/s)
[85c18b35-dbe4-4237-ab32-e8801356534d/build]   | [INFO] Downloading from central: https://repo.maven.apache.org/maven2/org/apache/maven/maven-repository-metadata/3.0/maven-repository-metadata-3.0.pom
[85c18b35-dbe4-4237-ab32-e8801356534d/build]   | [INFO] Downloaded from central: https://repo.maven.apache.org/maven2/org/apache/maven/maven-repository-metadata/3.0/maven-repository-metadata-3.0.pom (1.9 kB at 113 kB/s)
[85c18b35-dbe4-4237-ab32-e8801356534d/build]   | [INFO] Downloading from central: https://repo.maven.apache.org/maven2/org/apache/maven/maven-model-builder/3.0/maven-model-builder-3.0.pom
[85c18b35-dbe4-4237-ab32-e8801356534d/build]   | [INFO] Downloaded from central: https://repo.maven.apache.org/maven2/org/apache/maven/maven-model-builder/3.0/maven-model-builder-3.0.pom (2.2 kB at 125 kB/s)
[85c18b35-dbe4-4237-ab32-e8801356534d/build]   | [INFO] Downloading from central: https://repo.maven.apache.org/maven2/org/apache/maven/maven-aether-provider/3.0/maven-aether-provider-3.0.pom
[85c18b35-dbe4-4237-ab32-e8801356534d/build]   | [INFO] Downloaded from central: https://repo.maven.apache.org/maven2/org/apache/maven/maven-aether-provider/3.0/maven-aether-provider-3.0.pom (2.5 kB at 145 kB/s)
[85c18b35-dbe4-4237-ab32-e8801356534d/build]   | [INFO] Downloading from central: https://repo.maven.apache.org/maven2/org/sonatype/aether/aether-api/1.7/aether-api-1.7.pom
[85c18b35-dbe4-4237-ab32-e8801356534d/build]   | [INFO] Downloaded from central: https://repo.maven.apache.org/maven2/org/sonatype/aether/aether-api/1.7/aether-api-1.7.pom (1.7 kB at 105 kB/s)
[85c18b35-dbe4-4237-ab32-e8801356534d/build]   | [INFO] Downloading from central: https://repo.maven.apache.org/maven2/org/sonatype/aether/aether-parent/1.7/aether-parent-1.7.pom
[85c18b35-dbe4-4237-ab32-e8801356534d/build]   | [INFO] Downloaded from central: https://repo.maven.apache.org/maven2/org/sonatype/aether/aether-parent/1.7/aether-parent-1.7.pom (7.7 kB at 594 kB/s)
[85c18b35-dbe4-4237-ab32-e8801356534d/build]   | [INFO] Downloading from central: https://repo.maven.apache.org/maven2/org/sonatype/aether/aether-util/1.7/aether-util-1.7.pom
[85c18b35-dbe4-4237-ab32-e8801356534d/build]   | [INFO] Downloaded from central: https://repo.maven.apache.org/maven2/org/sonatype/aether/aether-util/1.7/aether-util-1.7.pom (2.1 kB at 147 kB/s)
[85c18b35-dbe4-4237-ab32-e8801356534d/build]   | [INFO] Downloading from central: https://repo.maven.apache.org/maven2/org/sonatype/aether/aether-impl/1.7/aether-impl-1.7.pom
[85c18b35-dbe4-4237-ab32-e8801356534d/build]   | [INFO] Downloaded from central: https://repo.maven.apache.org/maven2/org/sonatype/aether/aether-impl/1.7/aether-impl-1.7.pom (3.7 kB at 176 kB/s)
[85c18b35-dbe4-4237-ab32-e8801356534d/build]   | [INFO] Downloading from central: https://repo.maven.apache.org/maven2/org/sonatype/aether/aether-spi/1.7/aether-spi-1.7.pom
[85c18b35-dbe4-4237-ab32-e8801356534d/build]   | [INFO] Downloaded from central: https://repo.maven.apache.org/maven2/org/sonatype/aether/aether-spi/1.7/aether-spi-1.7.pom (1.7 kB at 134 kB/s)
[85c18b35-dbe4-4237-ab32-e8801356534d/build]   | [INFO] Downloading from central: https://repo.maven.apache.org/maven2/org/apache/maven/maven-toolchain/2.2.1/maven-toolchain-2.2.1.pom
[85c18b35-dbe4-4237-ab32-e8801356534d/build]   | [INFO] Downloaded from central: https://repo.maven.apache.org/maven2/org/apache/maven/maven-toolchain/2.2.1/maven-toolchain-2.2.1.pom (3.3 kB at 93 kB/s)
[85c18b35-dbe4-4237-ab32-e8801356534d/build]   | [INFO] Downloading from central: https://repo.maven.apache.org/maven2/org/apache/maven/maven/2.2.1/maven-2.2.1.pom
[85c18b35-dbe4-4237-ab32-e8801356534d/build]   | [INFO] Downloaded from central: https://repo.maven.apache.org/maven2/org/apache/maven/maven/2.2.1/maven-2.2.1.pom (22 kB at 2.0 MB/s)
[85c18b35-dbe4-4237-ab32-e8801356534d/build]   | [INFO] Downloading from central: https://repo.maven.apache.org/maven2/org/apache/maven/maven-parent/11/maven-parent-11.pom
[85c18b35-dbe4-4237-ab32-e8801356534d/build]   | [INFO] Downloaded from central: https://repo.maven.apache.org/maven2/org/apache/maven/maven-parent/11/maven-parent-11.pom (32 kB at 2.3 MB/s)
[85c18b35-dbe4-4237-ab32-e8801356534d/build]   | [INFO] Downloading from central: https://repo.maven.apache.org/maven2/org/apache/apache/5/apache-5.pom
[85c18b35-dbe4-4237-ab32-e8801356534d/build]   | [INFO] Downloaded from central: https://repo.maven.apache.org/maven2/org/apache/apache/5/apache-5.pom (4.1 kB at 341 kB/s)
[85c18b35-dbe4-4237-ab32-e8801356534d/build]   | [INFO] Downloading from central: https://repo.maven.apache.org/maven2/org/apache/maven/maven-core/2.2.1/maven-core-2.2.1.pom
[85c18b35-dbe4-4237-ab32-e8801356534d/build]   | [INFO] Downloaded from central: https://repo.maven.apache.org/maven2/org/apache/maven/maven-core/2.2.1/maven-core-2.2.1.pom (12 kB at 831 kB/s)
[85c18b35-dbe4-4237-ab32-e8801356534d/build]   | [INFO] Downloading from central: https://repo.maven.apache.org/maven2/org/apache/maven/maven-settings/2.2.1/maven-settings-2.2.1.pom
[85c18b35-dbe4-4237-ab32-e8801356534d/build]   | [INFO] Downloaded from central: https://repo.maven.apache.org/maven2/org/apache/maven/maven-settings/2.2.1/maven-settings-2.2.1.pom (2.2 kB at 182 kB/s)
[85c18b35-dbe4-4237-ab32-e8801356534d/build]   | [INFO] Downloading from central: https://repo.maven.apache.org/maven2/org/apache/maven/maven-model/2.2.1/maven-model-2.2.1.pom
[85c18b35-dbe4-4237-ab32-e8801356534d/build]   | [INFO] Downloaded from central: https://repo.maven.apache.org/maven2/org/apache/maven/maven-model/2.2.1/maven-model-2.2.1.pom (3.2 kB at 191 kB/s)
[85c18b35-dbe4-4237-ab32-e8801356534d/build]   | [INFO] Downloading from central: https://repo.maven.apache.org/maven2/org/codehaus/plexus/plexus-interpolation/1.11/plexus-interpolation-1.11.pom
[85c18b35-dbe4-4237-ab32-e8801356534d/build]   | [INFO] Downloaded from central: https://repo.maven.apache.org/maven2/org/codehaus/plexus/plexus-interpolation/1.11/plexus-interpolation-1.11.pom (889 B at 47 kB/s)
[85c18b35-dbe4-4237-ab32-e8801356534d/build]   | [INFO] Downloading from central: https://repo.maven.apache.org/maven2/org/apache/maven/maven-plugin-parameter-documenter/2.2.1/maven-plugin-parameter-documenter-2.2.1.pom
[85c18b35-dbe4-4237-ab32-e8801356534d/build]   | [INFO] Downloaded from central: https://repo.maven.apache.org/maven2/org/apache/maven/maven-plugin-parameter-documenter/2.2.1/maven-plugin-parameter-documenter-2.2.1.pom (2.0 kB at 115 kB/s)
[85c18b35-dbe4-4237-ab32-e8801356534d/build]   | [INFO] Downloading from central: https://repo.maven.apache.org/maven2/org/slf4j/slf4j-jdk14/1.5.6/slf4j-jdk14-1.5.6.pom
[85c18b35-dbe4-4237-ab32-e8801356534d/build]   | [INFO] Downloaded from central: https://repo.maven.apache.org/maven2/org/slf4j/slf4j-jdk14/1.5.6/slf4j-jdk14-1.5.6.pom (1.9 kB at 127 kB/s)
[85c18b35-dbe4-4237-ab32-e8801356534d/build]   | [INFO] Downloading from central: https://repo.maven.apache.org/maven2/org/slf4j/slf4j-parent/1.5.6/slf4j-parent-1.5.6.pom
[85c18b35-dbe4-4237-ab32-e8801356534d/build]   | [INFO] Downloaded from central: https://repo.maven.apache.org/maven2/org/slf4j/slf4j-parent/1.5.6/slf4j-parent-1.5.6.pom (7.9 kB at 283 kB/s)
[85c18b35-dbe4-4237-ab32-e8801356534d/build]   | [INFO] Downloading from central: https://repo.maven.apache.org/maven2/org/slf4j/slf4j-api/1.5.6/slf4j-api-1.5.6.pom
[85c18b35-dbe4-4237-ab32-e8801356534d/build]   | [INFO] Downloaded from central: https://repo.maven.apache.org/maven2/org/slf4j/slf4j-api/1.5.6/slf4j-api-1.5.6.pom (3.0 kB at 115 kB/s)
[85c18b35-dbe4-4237-ab32-e8801356534d/build]   | [INFO] Downloading from central: https://repo.maven.apache.org/maven2/org/slf4j/jcl-over-slf4j/1.5.6/jcl-over-slf4j-1.5.6.pom
[85c18b35-dbe4-4237-ab32-e8801356534d/build]   | [INFO] Downloaded from central: https://repo.maven.apache.org/maven2/org/slf4j/jcl-over-slf4j/1.5.6/jcl-over-slf4j-1.5.6.pom (2.2 kB at 241 kB/s)
[85c18b35-dbe4-4237-ab32-e8801356534d/build]   | [INFO] Downloading from central: https://repo.maven.apache.org/maven2/org/apache/maven/reporting/maven-reporting-api/2.2.1/maven-reporting-api-2.2.1.pom
[85c18b35-dbe4-4237-ab32-e8801356534d/build]   | [INFO] Downloaded from central: https://repo.maven.apache.org/maven2/org/apache/maven/reporting/maven-reporting-api/2.2.1/maven-reporting-api-2.2.1.pom (1.9 kB at 88 kB/s)
[85c18b35-dbe4-4237-ab32-e8801356534d/build]   | [INFO] Downloading from central: https://repo.maven.apache.org/maven2/org/apache/maven/reporting/maven-reporting/2.2.1/maven-reporting-2.2.1.pom
[85c18b35-dbe4-4237-ab32-e8801356534d/build]   | [INFO] Downloaded from central: https://repo.maven.apache.org/maven2/org/apache/maven/reporting/maven-reporting/2.2.1/maven-reporting-2.2.1.pom (1.4 kB at 72 kB/s)
[85c18b35-dbe4-4237-ab32-e8801356534d/build]   | [INFO] Downloading from central: https://repo.maven.apache.org/maven2/org/apache/maven/doxia/doxia-sink-api/1.1/doxia-sink-api-1.1.pom
[85c18b35-dbe4-4237-ab32-e8801356534d/build]   | [INFO] Downloaded from central: https://repo.maven.apache.org/maven2/org/apache/maven/doxia/doxia-sink-api/1.1/doxia-sink-api-1.1.pom (2.0 kB at 127 kB/s)
[85c18b35-dbe4-4237-ab32-e8801356534d/build]   | [INFO] Downloading from central: https://repo.maven.apache.org/maven2/org/apache/maven/doxia/doxia/1.1/doxia-1.1.pom
[85c18b35-dbe4-4237-ab32-e8801356534d/build]   | [INFO] Downloaded from central: https://repo.maven.apache.org/maven2/org/apache/maven/doxia/doxia/1.1/doxia-1.1.pom (15 kB at 1.5 MB/s)
[85c18b35-dbe4-4237-ab32-e8801356534d/build]   | [INFO] Downloading from central: https://repo.maven.apache.org/maven2/org/apache/maven/doxia/doxia-logging-api/1.1/doxia-logging-api-1.1.pom
[85c18b35-dbe4-4237-ab32-e8801356534d/build]   | [INFO] Downloaded from central: https://repo.maven.apache.org/maven2/org/apache/maven/doxia/doxia-logging-api/1.1/doxia-logging-api-1.1.pom (1.6 kB at 131 kB/s)
[85c18b35-dbe4-4237-ab32-e8801356534d/build]   | [INFO] Downloading from central: https://repo.maven.apache.org/maven2/org/codehaus/plexus/plexus-container-default/1.0-alpha-30/plexus-container-default-1.0-alpha-30.pom
[85c18b35-dbe4-4237-ab32-e8801356534d/build]   | [INFO] Downloaded from central: https://repo.maven.apache.org/maven2/org/codehaus/plexus/plexus-container-default/1.0-alpha-30/plexus-container-default-1.0-alpha-30.pom (3.5 kB at 232 kB/s)
[85c18b35-dbe4-4237-ab32-e8801356534d/build]   | [INFO] Downloading from central: https://repo.maven.apache.org/maven2/org/codehaus/plexus/plexus-containers/1.0-alpha-30/plexus-containers-1.0-alpha-30.pom
[85c18b35-dbe4-4237-ab32-e8801356534d/build]   | [INFO] Downloaded from central: https://repo.maven.apache.org/maven2/org/codehaus/plexus/plexus-containers/1.0-alpha-30/plexus-containers-1.0-alpha-30.pom (1.9 kB at 172 kB/s)
[85c18b35-dbe4-4237-ab32-e8801356534d/build]   | [INFO] Downloading from central: https://repo.maven.apache.org/maven2/org/codehaus/plexus/plexus-utils/1.4.5/plexus-utils-1.4.5.pom
[85c18b35-dbe4-4237-ab32-e8801356534d/build]   | [INFO] Downloaded from central: https://repo.maven.apache.org/maven2/org/codehaus/plexus/plexus-utils/1.4.5/plexus-utils-1.4.5.pom (2.3 kB at 162 kB/s)
[85c18b35-dbe4-4237-ab32-e8801356534d/build]   | [INFO] Downloading from central: https://repo.maven.apache.org/maven2/org/codehaus/plexus/plexus-classworlds/1.2-alpha-9/plexus-classworlds-1.2-alpha-9.pom
[85c18b35-dbe4-4237-ab32-e8801356534d/build]   | [INFO] Downloaded from central: https://repo.maven.apache.org/maven2/org/codehaus/plexus/plexus-classworlds/1.2-alpha-9/plexus-classworlds-1.2-alpha-9.pom (3.2 kB at 146 kB/s)
[85c18b35-dbe4-4237-ab32-e8801356534d/build]   | [INFO] Downloading from central: https://repo.maven.apache.org/maven2/org/codehaus/plexus/plexus/1.0.10/plexus-1.0.10.pom
[85c18b35-dbe4-4237-ab32-e8801356534d/build]   | [INFO] Downloaded from central: https://repo.maven.apache.org/maven2/org/codehaus/plexus/plexus/1.0.10/plexus-1.0.10.pom (8.2 kB at 434 kB/s)
[85c18b35-dbe4-4237-ab32-e8801356534d/build]   | [INFO] Downloading from central: https://repo.maven.apache.org/maven2/org/apache/maven/maven-profile/2.2.1/maven-profile-2.2.1.pom
[85c18b35-dbe4-4237-ab32-e8801356534d/build]   | [INFO] Downloaded from central: https://repo.maven.apache.org/maven2/org/apache/maven/maven-profile/2.2.1/maven-profile-2.2.1.pom (2.2 kB at 155 kB/s)
[85c18b35-dbe4-4237-ab32-e8801356534d/build]   | [INFO] Downloading from central: https://repo.maven.apache.org/maven2/org/apache/maven/maven-artifact/2.2.1/maven-artifact-2.2.1.pom
[85c18b35-dbe4-4237-ab32-e8801356534d/build]   | [INFO] Downloaded from central: https://repo.maven.apache.org/maven2/org/apache/maven/maven-artifact/2.2.1/maven-artifact-2.2.1.pom (1.6 kB at 88 kB/s)
[85c18b35-dbe4-4237-ab32-e8801356534d/build]   | [INFO] Downloading from central: https://repo.maven.apache.org/maven2/org/apache/maven/maven-repository-metadata/2.2.1/maven-repository-metadata-2.2.1.pom
[85c18b35-dbe4-4237-ab32-e8801356534d/build]   | [INFO] Downloaded from central: https://repo.maven.apache.org/maven2/org/apache/maven/maven-repository-metadata/2.2.1/maven-repository-metadata-2.2.1.pom (1.9 kB at 98 kB/s)
[85c18b35-dbe4-4237-ab32-e8801356534d/build]   | [INFO] Downloading from central: https://repo.maven.apache.org/maven2/org/apache/maven/maven-error-diagnostics/2.2.1/maven-error-diagnostics-2.2.1.pom
[85c18b35-dbe4-4237-ab32-e8801356534d/build]   | [INFO] Downloaded from central: https://repo.maven.apache.org/maven2/org/apache/maven/maven-error-diagnostics/2.2.1/maven-error-diagnostics-2.2.1.pom (1.7 kB at 107 kB/s)
[85c18b35-dbe4-4237-ab32-e8801356534d/build]   | [INFO] Downloading from central: https://repo.maven.apache.org/maven2/org/apache/maven/maven-project/2.2.1/maven-project-2.2.1.pom
[85c18b35-dbe4-4237-ab32-e8801356534d/build]   | [INFO] Downloaded from central: https://repo.maven.apache.org/maven2/org/apache/maven/maven-project/2.2.1/maven-project-2.2.1.pom (2.8 kB at 139 kB/s)
[85c18b35-dbe4-4237-ab32-e8801356534d/build]   | [INFO] Downloading from central: https://repo.maven.apache.org/maven2/org/apache/maven/maven-artifact-manager/2.2.1/maven-artifact-manager-2.2.1.pom
[85c18b35-dbe4-4237-ab32-e8801356534d/build]   | [INFO] Downloaded from central: https://repo.maven.apache.org/maven2/org/apache/maven/maven-artifact-manager/2.2.1/maven-artifact-manager-2.2.1.pom (3.1 kB at 135 kB/s)
[85c18b35-dbe4-4237-ab32-e8801356534d/build]   | [INFO] Downloading from central: https://repo.maven.apache.org/maven2/backport-util-concurrent/backport-util-concurrent/3.1/backport-util-concurrent-3.1.pom
[85c18b35-dbe4-4237-ab32-e8801356534d/build]   | [INFO] Downloaded from central: https://repo.maven.apache.org/maven2/backport-util-concurrent/backport-util-concurrent/3.1/backport-util-concurrent-3.1.pom (880 B at 68 kB/s)
[85c18b35-dbe4-4237-ab32-e8801356534d/build]   | [INFO] Downloading from central: https://repo.maven.apache.org/maven2/org/apache/maven/maven-plugin-registry/2.2.1/maven-plugin-registry-2.2.1.pom
[85c18b35-dbe4-4237-ab32-e8801356534d/build]   | [INFO] Downloaded from central: https://repo.maven.apache.org/maven2/org/apache/maven/maven-plugin-registry/2.2.1/maven-plugin-registry-2.2.1.pom (1.9 kB at 102 kB/s)
[85c18b35-dbe4-4237-ab32-e8801356534d/build]   | [INFO] Downloading from central: https://repo.maven.apache.org/maven2/commons-cli/commons-cli/1.2/commons-cli-1.2.pom
[85c18b35-dbe4-4237-ab32-e8801356534d/build]   | [INFO] Downloaded from central: https://repo.maven.apache.org/maven2/commons-cli/commons-cli/1.2/commons-cli-1.2.pom (8.0 kB at 469 kB/s)
[85c18b35-dbe4-4237-ab32-e8801356534d/build]   | [INFO] Downloading from central: https://repo.maven.apache.org/maven2/org/apache/commons/commons-parent/11/commons-parent-11.pom
[85c18b35-dbe4-4237-ab32-e8801356534d/build]   | [INFO] Downloaded from central: https://repo.maven.apache.org/maven2/org/apache/commons/commons-parent/11/commons-parent-11.pom (25 kB at 1.6 MB/s)
[85c18b35-dbe4-4237-ab32-e8801356534d/build]   | [INFO] Downloading from central: https://repo.maven.apache.org/maven2/org/apache/apache/4/apache-4.pom
[85c18b35-dbe4-4237-ab32-e8801356534d/build]   | [INFO] Downloaded from central: https://repo.maven.apache.org/maven2/org/apache/apache/4/apache-4.pom (4.5 kB at 346 kB/s)
[85c18b35-dbe4-4237-ab32-e8801356534d/build]   | [INFO] Downloading from central: https://repo.maven.apache.org/maven2/org/apache/maven/maven-plugin-api/2.2.1/maven-plugin-api-2.2.1.pom
[85c18b35-dbe4-4237-ab32-e8801356534d/build]   | [INFO] Downloaded from central: https://repo.maven.apache.org/maven2/org/apache/maven/maven-plugin-api/2.2.1/maven-plugin-api-2.2.1.pom (1.5 kB at 81 kB/s)
[85c18b35-dbe4-4237-ab32-e8801356534d/build]   | [INFO] Downloading from central: https://repo.maven.apache.org/maven2/org/apache/maven/maven-plugin-descriptor/2.2.1/maven-plugin-descriptor-2.2.1.pom
[85c18b35-dbe4-4237-ab32-e8801356534d/build]   | [INFO] Downloaded from central: https://repo.maven.apache.org/maven2/org/apache/maven/maven-plugin-descriptor/2.2.1/maven-plugin-descriptor-2.2.1.pom (2.1 kB at 159 kB/s)
[85c18b35-dbe4-4237-ab32-e8801356534d/build]   | [INFO] Downloading from central: https://repo.maven.apache.org/maven2/org/apache/maven/maven-monitor/2.2.1/maven-monitor-2.2.1.pom
[85c18b35-dbe4-4237-ab32-e8801356534d/build]   | [INFO] Downloaded from central: https://repo.maven.apache.org/maven2/org/apache/maven/maven-monitor/2.2.1/maven-monitor-2.2.1.pom (1.3 kB at 126 kB/s)
[85c18b35-dbe4-4237-ab32-e8801356534d/build]   | [INFO] Downloading from central: https://repo.maven.apache.org/maven2/org/apache/maven/shared/maven-shared-utils/3.0.0/maven-shared-utils-3.0.0.pom
[85c18b35-dbe4-4237-ab32-e8801356534d/build]   | [INFO] Downloaded from central: https://repo.maven.apache.org/maven2/org/apache/maven/shared/maven-shared-utils/3.0.0/maven-shared-utils-3.0.0.pom (5.6 kB at 349 kB/s)
[85c18b35-dbe4-4237-ab32-e8801356534d/build]   | [INFO] Downloading from central: https://repo.maven.apache.org/maven2/org/apache/maven/shared/maven-shared-components/21/maven-shared-components-21.pom
[85c18b35-dbe4-4237-ab32-e8801356534d/build]   | [INFO] Downloaded from central: https://repo.maven.apache.org/maven2/org/apache/maven/shared/maven-shared-components/21/maven-shared-components-21.pom (5.1 kB at 464 kB/s)
[85c18b35-dbe4-4237-ab32-e8801356534d/build]   | [INFO] Downloading from central: https://repo.maven.apache.org/maven2/org/apache/maven/maven-parent/25/maven-parent-25.pom
[85c18b35-dbe4-4237-ab32-e8801356534d/build]   | [INFO] Downloaded from central: https://repo.maven.apache.org/maven2/org/apache/maven/maven-parent/25/maven-parent-25.pom (37 kB at 1.5 MB/s)
[85c18b35-dbe4-4237-ab32-e8801356534d/build]   | [INFO] Downloading from central: https://repo.maven.apache.org/maven2/org/apache/apache/15/apache-15.pom
[85c18b35-dbe4-4237-ab32-e8801356534d/build]   | [INFO] Downloaded from central: https://repo.maven.apache.org/maven2/org/apache/apache/15/apache-15.pom (15 kB at 609 kB/s)
[85c18b35-dbe4-4237-ab32-e8801356534d/build]   | [INFO] Downloading from central: https://repo.maven.apache.org/maven2/commons-io/commons-io/2.4/commons-io-2.4.pom
[85c18b35-dbe4-4237-ab32-e8801356534d/build]   | [INFO] Downloaded from central: https://repo.maven.apache.org/maven2/commons-io/commons-io/2.4/commons-io-2.4.pom (10 kB at 1.0 MB/s)
[85c18b35-dbe4-4237-ab32-e8801356534d/build]   | [INFO] Downloading from central: https://repo.maven.apache.org/maven2/org/apache/commons/commons-parent/25/commons-parent-25.pom
[85c18b35-dbe4-4237-ab32-e8801356534d/build]   | [INFO] Downloaded from central: https://repo.maven.apache.org/maven2/org/apache/commons/commons-parent/25/commons-parent-25.pom (48 kB at 2.8 MB/s)
[85c18b35-dbe4-4237-ab32-e8801356534d/build]   | [INFO] Downloading from central: https://repo.maven.apache.org/maven2/org/apache/apache/9/apache-9.pom
[85c18b35-dbe4-4237-ab32-e8801356534d/build]   | [INFO] Downloaded from central: https://repo.maven.apache.org/maven2/org/apache/apache/9/apache-9.pom (15 kB at 892 kB/s)
[85c18b35-dbe4-4237-ab32-e8801356534d/build]   | [INFO] Downloading from central: https://repo.maven.apache.org/maven2/com/google/code/findbugs/jsr305/2.0.1/jsr305-2.0.1.pom
[85c18b35-dbe4-4237-ab32-e8801356534d/build]   | [INFO] Downloaded from central: https://repo.maven.apache.org/maven2/com/google/code/findbugs/jsr305/2.0.1/jsr305-2.0.1.pom (965 B at 60 kB/s)
[85c18b35-dbe4-4237-ab32-e8801356534d/build]   | [INFO] Downloading from central: https://repo.maven.apache.org/maven2/org/apache/maven/shared/maven-shared-incremental/1.1/maven-shared-incremental-1.1.pom
[85c18b35-dbe4-4237-ab32-e8801356534d/build]   | [INFO] Downloaded from central: https://repo.maven.apache.org/maven2/org/apache/maven/shared/maven-shared-incremental/1.1/maven-shared-incremental-1.1.pom (4.7 kB at 339 kB/s)
[85c18b35-dbe4-4237-ab32-e8801356534d/build]   | [INFO] Downloading from central: https://repo.maven.apache.org/maven2/org/apache/maven/shared/maven-shared-components/19/maven-shared-components-19.pom
[85c18b35-dbe4-4237-ab32-e8801356534d/build]   | [INFO] Downloaded from central: https://repo.maven.apache.org/maven2/org/apache/maven/shared/maven-shared-components/19/maven-shared-components-19.pom (6.4 kB at 530 kB/s)
[85c18b35-dbe4-4237-ab32-e8801356534d/build]   | [INFO] Downloading from central: https://repo.maven.apache.org/maven2/org/apache/maven/maven-parent/23/maven-parent-23.pom
[85c18b35-dbe4-4237-ab32-e8801356534d/build]   | [INFO] Downloaded from central: https://repo.maven.apache.org/maven2/org/apache/maven/maven-parent/23/maven-parent-23.pom (33 kB at 2.3 MB/s)
[85c18b35-dbe4-4237-ab32-e8801356534d/build]   | [INFO] Downloading from central: https://repo.maven.apache.org/maven2/org/apache/maven/shared/maven-shared-utils/0.1/maven-shared-utils-0.1.pom
[85c18b35-dbe4-4237-ab32-e8801356534d/build]   | [INFO] Downloaded from central: https://repo.maven.apache.org/maven2/org/apache/maven/shared/maven-shared-utils/0.1/maven-shared-utils-0.1.pom (4.0 kB at 337 kB/s)
[85c18b35-dbe4-4237-ab32-e8801356534d/build]   | [INFO] Downloading from central: https://repo.maven.apache.org/maven2/org/apache/maven/shared/maven-shared-components/18/maven-shared-components-18.pom
[85c18b35-dbe4-4237-ab32-e8801356534d/build]   | [INFO] Downloaded from central: https://repo.maven.apache.org/maven2/org/apache/maven/shared/maven-shared-components/18/maven-shared-components-18.pom (4.9 kB at 352 kB/s)
[85c18b35-dbe4-4237-ab32-e8801356534d/build]   | [INFO] Downloading from central: https://repo.maven.apache.org/maven2/org/codehaus/plexus/plexus-compiler-api/2.7/plexus-compiler-api-2.7.pom
[85c18b35-dbe4-4237-ab32-e8801356534d/build]   | [INFO] Downloaded from central: https://repo.maven.apache.org/maven2/org/codehaus/plexus/plexus-compiler-api/2.7/plexus-compiler-api-2.7.pom (891 B at 56 kB/s)
[85c18b35-dbe4-4237-ab32-e8801356534d/build]   | [INFO] Downloading from central: https://repo.maven.apache.org/maven2/org/codehaus/plexus/plexus-compiler/2.7/plexus-compiler-2.7.pom
[85c18b35-dbe4-4237-ab32-e8801356534d/build]   | [INFO] Downloaded from central: https://repo.maven.apache.org/maven2/org/codehaus/plexus/plexus-compiler/2.7/plexus-compiler-2.7.pom (4.9 kB at 548 kB/s)
[85c18b35-dbe4-4237-ab32-e8801356534d/build]   | [INFO] Downloading from central: https://repo.maven.apache.org/maven2/org/codehaus/plexus/plexus-components/4.0/plexus-components-4.0.pom
[85c18b35-dbe4-4237-ab32-e8801356534d/build]   | [INFO] Downloaded from central: https://repo.maven.apache.org/maven2/org/codehaus/plexus/plexus-components/4.0/plexus-components-4.0.pom (2.7 kB at 221 kB/s)
[85c18b35-dbe4-4237-ab32-e8801356534d/build]   | [INFO] Downloading from central: https://repo.maven.apache.org/maven2/org/codehaus/plexus/plexus/4.0/plexus-4.0.pom
[85c18b35-dbe4-4237-ab32-e8801356534d/build]   | [INFO] Downloaded from central: https://repo.maven.apache.org/maven2/org/codehaus/plexus/plexus/4.0/plexus-4.0.pom (22 kB at 1.8 MB/s)
[85c18b35-dbe4-4237-ab32-e8801356534d/build]   | [INFO] Downloading from central: https://repo.maven.apache.org/maven2/org/sonatype/forge/forge-parent/10/forge-parent-10.pom
[85c18b35-dbe4-4237-ab32-e8801356534d/build]   | [INFO] Downloaded from central: https://repo.maven.apache.org/maven2/org/sonatype/forge/forge-parent/10/forge-parent-10.pom (14 kB at 1.7 MB/s)
[85c18b35-dbe4-4237-ab32-e8801356534d/build]   | [INFO] Downloading from central: https://repo.maven.apache.org/maven2/org/codehaus/plexus/plexus-utils/3.0.22/plexus-utils-3.0.22.pom
[85c18b35-dbe4-4237-ab32-e8801356534d/build]   | [INFO] Downloaded from central: https://repo.maven.apache.org/maven2/org/codehaus/plexus/plexus-utils/3.0.22/plexus-utils-3.0.22.pom (3.8 kB at 547 kB/s)
[85c18b35-dbe4-4237-ab32-e8801356534d/build]   | [INFO] Downloading from central: https://repo.maven.apache.org/maven2/org/codehaus/plexus/plexus/3.3.1/plexus-3.3.1.pom
[85c18b35-dbe4-4237-ab32-e8801356534d/build]   | [INFO] Downloaded from central: https://repo.maven.apache.org/maven2/org/codehaus/plexus/plexus/3.3.1/plexus-3.3.1.pom (20 kB at 1.3 MB/s)
[85c18b35-dbe4-4237-ab32-e8801356534d/build]   | [INFO] Downloading from central: https://repo.maven.apache.org/maven2/org/sonatype/spice/spice-parent/17/spice-parent-17.pom
[85c18b35-dbe4-4237-ab32-e8801356534d/build]   | [INFO] Downloaded from central: https://repo.maven.apache.org/maven2/org/sonatype/spice/spice-parent/17/spice-parent-17.pom (6.8 kB at 483 kB/s)
[85c18b35-dbe4-4237-ab32-e8801356534d/build]   | [INFO] Downloading from central: https://repo.maven.apache.org/maven2/org/codehaus/plexus/plexus-compiler-manager/2.7/plexus-compiler-manager-2.7.pom
[85c18b35-dbe4-4237-ab32-e8801356534d/build]   | [INFO] Downloaded from central: https://repo.maven.apache.org/maven2/org/codehaus/plexus/plexus-compiler-manager/2.7/plexus-compiler-manager-2.7.pom (711 B at 42 kB/s)
[85c18b35-dbe4-4237-ab32-e8801356534d/build]   | [INFO] Downloading from central: https://repo.maven.apache.org/maven2/org/codehaus/plexus/plexus-compiler-javac/2.7/plexus-compiler-javac-2.7.pom
[85c18b35-dbe4-4237-ab32-e8801356534d/build]   | [INFO] Downloaded from central: https://repo.maven.apache.org/maven2/org/codehaus/plexus/plexus-compiler-javac/2.7/plexus-compiler-javac-2.7.pom (792 B at 42 kB/s)
[85c18b35-dbe4-4237-ab32-e8801356534d/build]   | [INFO] Downloading from central: https://repo.maven.apache.org/maven2/org/codehaus/plexus/plexus-compilers/2.7/plexus-compilers-2.7.pom
[85c18b35-dbe4-4237-ab32-e8801356534d/build]   | [INFO] Downloaded from central: https://repo.maven.apache.org/maven2/org/codehaus/plexus/plexus-compilers/2.7/plexus-compilers-2.7.pom (1.4 kB at 126 kB/s)
[85c18b35-dbe4-4237-ab32-e8801356534d/build]   | [INFO] Downloading from central: https://repo.maven.apache.org/maven2/org/apache/maven/maven-plugin-api/3.0/maven-plugin-api-3.0.jar
[85c18b35-dbe4-4237-ab32-e8801356534d/build]   | [INFO] Downloading from central: https://repo.maven.apache.org/maven2/org/apache/maven/maven-model/3.0/maven-model-3.0.jar
[85c18b35-dbe4-4237-ab32-e8801356534d/build]   | [INFO] Downloading from central: https://repo.maven.apache.org/maven2/org/sonatype/sisu/sisu-inject-bean/1.4.2/sisu-inject-bean-1.4.2.jar
[85c18b35-dbe4-4237-ab32-e8801356534d/build]   | [INFO] Downloading from central: https://repo.maven.apache.org/maven2/org/sonatype/sisu/sisu-inject-plexus/1.4.2/sisu-inject-plexus-1.4.2.jar
[85c18b35-dbe4-4237-ab32-e8801356534d/build]   | [INFO] Downloading from central: https://repo.maven.apache.org/maven2/org/sonatype/sisu/sisu-guice/2.1.7/sisu-guice-2.1.7-noaop.jar
[85c18b35-dbe4-4237-ab32-e8801356534d/build]   | [INFO] Downloaded from central: https://repo.maven.apache.org/maven2/org/apache/maven/maven-model/3.0/maven-model-3.0.jar (165 kB at 4.2 MB/s)
[85c18b35-dbe4-4237-ab32-e8801356534d/build]   | [INFO] Downloading from central: https://repo.maven.apache.org/maven2/org/apache/maven/maven-artifact/3.0/maven-artifact-3.0.jar
[85c18b35-dbe4-4237-ab32-e8801356534d/build]   | [INFO] Downloaded from central: https://repo.maven.apache.org/maven2/org/sonatype/sisu/sisu-inject-bean/1.4.2/sisu-inject-bean-1.4.2.jar (153 kB at 4.1 MB/s)
[85c18b35-dbe4-4237-ab32-e8801356534d/build]   | [INFO] Downloading from central: https://repo.maven.apache.org/maven2/org/codehaus/plexus/plexus-utils/2.0.4/plexus-utils-2.0.4.jar
[85c18b35-dbe4-4237-ab32-e8801356534d/build]   | [INFO] Downloaded from central: https://repo.maven.apache.org/maven2/org/sonatype/sisu/sisu-inject-plexus/1.4.2/sisu-inject-plexus-1.4.2.jar (202 kB at 4.9 MB/s)
[85c18b35-dbe4-4237-ab32-e8801356534d/build]   | [INFO] Downloading from central: https://repo.maven.apache.org/maven2/org/apache/maven/maven-core/3.0/maven-core-3.0.jar
[85c18b35-dbe4-4237-ab32-e8801356534d/build]   | [INFO] Downloaded from central: https://repo.maven.apache.org/maven2/org/sonatype/sisu/sisu-guice/2.1.7/sisu-guice-2.1.7-noaop.jar (472 kB at 12 MB/s)
[85c18b35-dbe4-4237-ab32-e8801356534d/build]   | [INFO] Downloading from central: https://repo.maven.apache.org/maven2/org/apache/maven/maven-settings/3.0/maven-settings-3.0.jar
[85c18b35-dbe4-4237-ab32-e8801356534d/build]   | [INFO] Downloaded from central: https://repo.maven.apache.org/maven2/org/apache/maven/maven-plugin-api/3.0/maven-plugin-api-3.0.jar (49 kB at 923 kB/s)
[85c18b35-dbe4-4237-ab32-e8801356534d/build]   | [INFO] Downloading from central: https://repo.maven.apache.org/maven2/org/apache/maven/maven-settings-builder/3.0/maven-settings-builder-3.0.jar
[85c18b35-dbe4-4237-ab32-e8801356534d/build]   | [INFO] Downloaded from central: https://repo.maven.apache.org/maven2/org/apache/maven/maven-artifact/3.0/maven-artifact-3.0.jar (52 kB at 1.2 MB/s)
[85c18b35-dbe4-4237-ab32-e8801356534d/build]   | [INFO] Downloading from central: https://repo.maven.apache.org/maven2/org/apache/maven/maven-repository-metadata/3.0/maven-repository-metadata-3.0.jar
[85c18b35-dbe4-4237-ab32-e8801356534d/build]   | [INFO] Downloaded from central: https://repo.maven.apache.org/maven2/org/apache/maven/maven-settings-builder/3.0/maven-settings-builder-3.0.jar (38 kB at 675 kB/s)
[85c18b35-dbe4-4237-ab32-e8801356534d/build]   | [INFO] Downloading from central: https://repo.maven.apache.org/maven2/org/apache/maven/maven-model-builder/3.0/maven-model-builder-3.0.jar
[85c18b35-dbe4-4237-ab32-e8801356534d/build]   | [INFO] Downloaded from central: https://repo.maven.apache.org/maven2/org/apache/maven/maven-repository-metadata/3.0/maven-repository-metadata-3.0.jar (30 kB at 519 kB/s)
[85c18b35-dbe4-4237-ab32-e8801356534d/build]   | [INFO] Downloaded from central: https://repo.maven.apache.org/maven2/org/codehaus/plexus/plexus-utils/2.0.4/plexus-utils-2.0.4.jar (222 kB at 3.8 MB/s)
[85c18b35-dbe4-4237-ab32-e8801356534d/build]   | [INFO] Downloading from central: https://repo.maven.apache.org/maven2/org/apache/maven/maven-aether-provider/3.0/maven-aether-provider-3.0.jar
[85c18b35-dbe4-4237-ab32-e8801356534d/build]   | [INFO] Downloading from central: https://repo.maven.apache.org/maven2/org/sonatype/aether/aether-impl/1.7/aether-impl-1.7.jar
[85c18b35-dbe4-4237-ab32-e8801356534d/build]   | [INFO] Downloaded from central: https://repo.maven.apache.org/maven2/org/apache/maven/maven-settings/3.0/maven-settings-3.0.jar (47 kB at 729 kB/s)
[85c18b35-dbe4-4237-ab32-e8801356534d/build]   | [INFO] Downloading from central: https://repo.maven.apache.org/maven2/org/sonatype/aether/aether-spi/1.7/aether-spi-1.7.jar
[85c18b35-dbe4-4237-ab32-e8801356534d/build]   | [INFO] Downloaded from central: https://repo.maven.apache.org/maven2/org/apache/maven/maven-core/3.0/maven-core-3.0.jar (527 kB at 6.9 MB/s)
[85c18b35-dbe4-4237-ab32-e8801356534d/build]   | [INFO] Downloading from central: https://repo.maven.apache.org/maven2/org/sonatype/aether/aether-api/1.7/aether-api-1.7.jar
[85c18b35-dbe4-4237-ab32-e8801356534d/build]   | [INFO] Downloaded from central: https://repo.maven.apache.org/maven2/org/apache/maven/maven-model-builder/3.0/maven-model-builder-3.0.jar (148 kB at 1.9 MB/s)
[85c18b35-dbe4-4237-ab32-e8801356534d/build]   | [INFO] Downloading from central: https://repo.maven.apache.org/maven2/org/sonatype/aether/aether-util/1.7/aether-util-1.7.jar
[85c18b35-dbe4-4237-ab32-e8801356534d/build]   | [INFO] Downloaded from central: https://repo.maven.apache.org/maven2/org/sonatype/aether/aether-impl/1.7/aether-impl-1.7.jar (106 kB at 1.3 MB/s)
[85c18b35-dbe4-4237-ab32-e8801356534d/build]   | [INFO] Downloading from central: https://repo.maven.apache.org/maven2/org/codehaus/plexus/plexus-interpolation/1.14/plexus-interpolation-1.14.jar
[85c18b35-dbe4-4237-ab32-e8801356534d/build]   | [INFO] Downloaded from central: https://repo.maven.apache.org/maven2/org/sonatype/aether/aether-spi/1.7/aether-spi-1.7.jar (14 kB at 151 kB/s)
[85c18b35-dbe4-4237-ab32-e8801356534d/build]   | [INFO] Downloading from central: https://repo.maven.apache.org/maven2/org/codehaus/plexus/plexus-classworlds/2.2.3/plexus-classworlds-2.2.3.jar
[85c18b35-dbe4-4237-ab32-e8801356534d/build]   | [INFO] Downloaded from central: https://repo.maven.apache.org/maven2/org/apache/maven/maven-aether-provider/3.0/maven-aether-provider-3.0.jar (51 kB at 569 kB/s)
[85c18b35-dbe4-4237-ab32-e8801356534d/build]   | [INFO] Downloading from central: https://repo.maven.apache.org/maven2/org/codehaus/plexus/plexus-component-annotations/1.5.5/plexus-component-annotations-1.5.5.jar
[85c18b35-dbe4-4237-ab32-e8801356534d/build]   | [INFO] Downloaded from central: https://repo.maven.apache.org/maven2/org/codehaus/plexus/plexus-interpolation/1.14/plexus-interpolation-1.14.jar (61 kB at 630 kB/s)
[85c18b35-dbe4-4237-ab32-e8801356534d/build]   | [INFO] Downloading from central: https://repo.maven.apache.org/maven2/org/sonatype/plexus/plexus-sec-dispatcher/1.3/plexus-sec-dispatcher-1.3.jar
[85c18b35-dbe4-4237-ab32-e8801356534d/build]   | [INFO] Downloaded from central: https://repo.maven.apache.org/maven2/org/sonatype/aether/aether-api/1.7/aether-api-1.7.jar (74 kB at 742 kB/s)
[85c18b35-dbe4-4237-ab32-e8801356534d/build]   | [INFO] Downloading from central: https://repo.maven.apache.org/maven2/org/sonatype/plexus/plexus-cipher/1.4/plexus-cipher-1.4.jar
[85c18b35-dbe4-4237-ab32-e8801356534d/build]   | [INFO] Downloaded from central: https://repo.maven.apache.org/maven2/org/sonatype/aether/aether-util/1.7/aether-util-1.7.jar (108 kB at 1.0 MB/s)
[85c18b35-dbe4-4237-ab32-e8801356534d/build]   | [INFO] Downloading from central: https://repo.maven.apache.org/maven2/org/apache/maven/maven-toolchain/2.2.1/maven-toolchain-2.2.1.jar
[85c18b35-dbe4-4237-ab32-e8801356534d/build]   | [INFO] Downloaded from central: https://repo.maven.apache.org/maven2/org/sonatype/plexus/plexus-sec-dispatcher/1.3/plexus-sec-dispatcher-1.3.jar (29 kB at 248 kB/s)
[85c18b35-dbe4-4237-ab32-e8801356534d/build]   | [INFO] Downloading from central: https://repo.maven.apache.org/maven2/org/apache/maven/shared/maven-shared-utils/3.0.0/maven-shared-utils-3.0.0.jar
[85c18b35-dbe4-4237-ab32-e8801356534d/build]   | [INFO] Downloaded from central: https://repo.maven.apache.org/maven2/org/codehaus/plexus/plexus-component-annotations/1.5.5/plexus-component-annotations-1.5.5.jar (4.2 kB at 37 kB/s)
[85c18b35-dbe4-4237-ab32-e8801356534d/build]   | [INFO] Downloading from central: https://repo.maven.apache.org/maven2/commons-io/commons-io/2.4/commons-io-2.4.jar
[85c18b35-dbe4-4237-ab32-e8801356534d/build]   | [INFO] Downloaded from central: https://repo.maven.apache.org/maven2/org/codehaus/plexus/plexus-classworlds/2.2.3/plexus-classworlds-2.2.3.jar (46 kB at 384 kB/s)
[85c18b35-dbe4-4237-ab32-e8801356534d/build]   | [INFO] Downloading from central: https://repo.maven.apache.org/maven2/com/google/code/findbugs/jsr305/2.0.1/jsr305-2.0.1.jar
[85c18b35-dbe4-4237-ab32-e8801356534d/build]   | [INFO] Downloaded from central: https://repo.maven.apache.org/maven2/org/sonatype/plexus/plexus-cipher/1.4/plexus-cipher-1.4.jar (13 kB at 110 kB/s)
[85c18b35-dbe4-4237-ab32-e8801356534d/build]   | [INFO] Downloading from central: https://repo.maven.apache.org/maven2/org/apache/maven/shared/maven-shared-incremental/1.1/maven-shared-incremental-1.1.jar
[85c18b35-dbe4-4237-ab32-e8801356534d/build]   | [INFO] Downloaded from central: https://repo.maven.apache.org/maven2/org/apache/maven/maven-toolchain/2.2.1/maven-toolchain-2.2.1.jar (38 kB at 299 kB/s)
[85c18b35-dbe4-4237-ab32-e8801356534d/build]   | [INFO] Downloading from central: https://repo.maven.apache.org/maven2/org/codehaus/plexus/plexus-compiler-api/2.7/plexus-compiler-api-2.7.jar
[85c18b35-dbe4-4237-ab32-e8801356534d/build]   | [INFO] Downloaded from central: https://repo.maven.apache.org/maven2/org/apache/maven/shared/maven-shared-incremental/1.1/maven-shared-incremental-1.1.jar (14 kB at 100 kB/s)
[85c18b35-dbe4-4237-ab32-e8801356534d/build]   | [INFO] Downloading from central: https://repo.maven.apache.org/maven2/org/codehaus/plexus/plexus-compiler-manager/2.7/plexus-compiler-manager-2.7.jar
[85c18b35-dbe4-4237-ab32-e8801356534d/build]   | [INFO] Downloaded from central: https://repo.maven.apache.org/maven2/com/google/code/findbugs/jsr305/2.0.1/jsr305-2.0.1.jar (32 kB at 228 kB/s)
[85c18b35-dbe4-4237-ab32-e8801356534d/build]   | [INFO] Downloading from central: https://repo.maven.apache.org/maven2/org/codehaus/plexus/plexus-compiler-javac/2.7/plexus-compiler-javac-2.7.jar
[85c18b35-dbe4-4237-ab32-e8801356534d/build]   | [INFO] Downloaded from central: https://repo.maven.apache.org/maven2/org/apache/maven/shared/maven-shared-utils/3.0.0/maven-shared-utils-3.0.0.jar (155 kB at 1.1 MB/s)
[85c18b35-dbe4-4237-ab32-e8801356534d/build]   | [INFO] Downloaded from central: https://repo.maven.apache.org/maven2/org/codehaus/plexus/plexus-compiler-api/2.7/plexus-compiler-api-2.7.jar (26 kB at 174 kB/s)
[85c18b35-dbe4-4237-ab32-e8801356534d/build]   | [INFO] Downloaded from central: https://repo.maven.apache.org/maven2/commons-io/commons-io/2.4/commons-io-2.4.jar (185 kB at 1.2 MB/s)
[85c18b35-dbe4-4237-ab32-e8801356534d/build]   | [INFO] Downloaded from central: https://repo.maven.apache.org/maven2/org/codehaus/plexus/plexus-compiler-manager/2.7/plexus-compiler-manager-2.7.jar (4.7 kB at 30 kB/s)
[85c18b35-dbe4-4237-ab32-e8801356534d/build]   | [INFO] Downloaded from central: https://repo.maven.apache.org/maven2/org/codehaus/plexus/plexus-compiler-javac/2.7/plexus-compiler-javac-2.7.jar (19 kB at 124 kB/s)
[85c18b35-dbe4-4237-ab32-e8801356534d/build]   | [INFO] Changes detected - recompiling the module!
[85c18b35-dbe4-4237-ab32-e8801356534d/build]   | [INFO] Compiling 16 source files to /tmp/dcf2de27-a8db-4b3d-bb21-a92ec5a0d400/target/classes
[85c18b35-dbe4-4237-ab32-e8801356534d/build]   | [WARNING] /tmp/dcf2de27-a8db-4b3d-bb21-a92ec5a0d400/src/main/java/com/walmartlabs/x12/exceptions/X12ParserException.java:[21,8] serializable class com.walmartlabs.x12.exceptions.X12ParserException has no definition of serialVersionUID
[85c18b35-dbe4-4237-ab32-e8801356534d/build]   | [INFO] 
[85c18b35-dbe4-4237-ab32-e8801356534d/build]   | [INFO] --- maven-resources-plugin:2.6:testResources (default-testResources) @ zuul ---
[85c18b35-dbe4-4237-ab32-e8801356534d/build]   | [WARNING] Using platform encoding (UTF-8 actually) to copy filtered resources, i.e. build is platform dependent!
[85c18b35-dbe4-4237-ab32-e8801356534d/build]   | [INFO] Copying 6 resources
[85c18b35-dbe4-4237-ab32-e8801356534d/build]   | [INFO] 
[85c18b35-dbe4-4237-ab32-e8801356534d/build]   | [INFO] --- maven-compiler-plugin:3.5.1:testCompile (default-testCompile) @ zuul ---
[85c18b35-dbe4-4237-ab32-e8801356534d/build]   | [INFO] Changes detected - recompiling the module!
[85c18b35-dbe4-4237-ab32-e8801356534d/build]   | [INFO] Compiling 9 source files to /tmp/dcf2de27-a8db-4b3d-bb21-a92ec5a0d400/target/test-classes
[85c18b35-dbe4-4237-ab32-e8801356534d/build]   | [INFO] 
[85c18b35-dbe4-4237-ab32-e8801356534d/build]   | [INFO] --- maven-surefire-plugin:2.12.4:test (default-test) @ zuul ---
[85c18b35-dbe4-4237-ab32-e8801356534d/build]   | [INFO] Downloading from central: https://repo.maven.apache.org/maven2/org/apache/maven/maven-plugin-api/2.0.9/maven-plugin-api-2.0.9.pom
[85c18b35-dbe4-4237-ab32-e8801356534d/build]   | [INFO] Downloaded from central: https://repo.maven.apache.org/maven2/org/apache/maven/maven-plugin-api/2.0.9/maven-plugin-api-2.0.9.pom (1.5 kB at 83 kB/s)
[85c18b35-dbe4-4237-ab32-e8801356534d/build]   | [INFO] Downloading from central: https://repo.maven.apache.org/maven2/org/apache/maven/maven/2.0.9/maven-2.0.9.pom
[85c18b35-dbe4-4237-ab32-e8801356534d/build]   | [INFO] Downloaded from central: https://repo.maven.apache.org/maven2/org/apache/maven/maven/2.0.9/maven-2.0.9.pom (19 kB at 1.5 MB/s)
[85c18b35-dbe4-4237-ab32-e8801356534d/build]   | [INFO] Downloading from central: https://repo.maven.apache.org/maven2/org/apache/maven/maven-parent/8/maven-parent-8.pom
[85c18b35-dbe4-4237-ab32-e8801356534d/build]   | [INFO] Downloaded from central: https://repo.maven.apache.org/maven2/org/apache/maven/maven-parent/8/maven-parent-8.pom (24 kB at 894 kB/s)
[85c18b35-dbe4-4237-ab32-e8801356534d/build]   | [INFO] Downloading from central: https://repo.maven.apache.org/maven2/org/apache/maven/surefire/surefire-booter/2.12.4/surefire-booter-2.12.4.pom
[85c18b35-dbe4-4237-ab32-e8801356534d/build]   | [INFO] Downloaded from central: https://repo.maven.apache.org/maven2/org/apache/maven/surefire/surefire-booter/2.12.4/surefire-booter-2.12.4.pom (3.0 kB at 112 kB/s)
[85c18b35-dbe4-4237-ab32-e8801356534d/build]   | [INFO] Downloading from central: https://repo.maven.apache.org/maven2/org/apache/maven/surefire/surefire-api/2.12.4/surefire-api-2.12.4.pom
[85c18b35-dbe4-4237-ab32-e8801356534d/build]   | [INFO] Downloaded from central: https://repo.maven.apache.org/maven2/org/apache/maven/surefire/surefire-api/2.12.4/surefire-api-2.12.4.pom (2.5 kB at 311 kB/s)
[85c18b35-dbe4-4237-ab32-e8801356534d/build]   | [INFO] Downloading from central: https://repo.maven.apache.org/maven2/org/apache/maven/surefire/maven-surefire-common/2.12.4/maven-surefire-common-2.12.4.pom
[85c18b35-dbe4-4237-ab32-e8801356534d/build]   | [INFO] Downloaded from central: https://repo.maven.apache.org/maven2/org/apache/maven/surefire/maven-surefire-common/2.12.4/maven-surefire-common-2.12.4.pom (5.5 kB at 291 kB/s)
[85c18b35-dbe4-4237-ab32-e8801356534d/build]   | [INFO] Downloading from central: https://repo.maven.apache.org/maven2/org/apache/maven/plugin-tools/maven-plugin-annotations/3.1/maven-plugin-annotations-3.1.pom
[85c18b35-dbe4-4237-ab32-e8801356534d/build]   | [INFO] Downloaded from central: https://repo.maven.apache.org/maven2/org/apache/maven/plugin-tools/maven-plugin-annotations/3.1/maven-plugin-annotations-3.1.pom (1.6 kB at 125 kB/s)
[85c18b35-dbe4-4237-ab32-e8801356534d/build]   | [INFO] Downloading from central: https://repo.maven.apache.org/maven2/org/apache/maven/plugin-tools/maven-plugin-tools/3.1/maven-plugin-tools-3.1.pom
[85c18b35-dbe4-4237-ab32-e8801356534d/build]   | [INFO] Downloaded from central: https://repo.maven.apache.org/maven2/org/apache/maven/plugin-tools/maven-plugin-tools/3.1/maven-plugin-tools-3.1.pom (16 kB at 1.0 MB/s)
[85c18b35-dbe4-4237-ab32-e8801356534d/build]   | [INFO] Downloading from central: https://repo.maven.apache.org/maven2/org/apache/maven/maven-artifact/2.0.9/maven-artifact-2.0.9.pom
[85c18b35-dbe4-4237-ab32-e8801356534d/build]   | [INFO] Downloaded from central: https://repo.maven.apache.org/maven2/org/apache/maven/maven-artifact/2.0.9/maven-artifact-2.0.9.pom (1.6 kB at 147 kB/s)
[85c18b35-dbe4-4237-ab32-e8801356534d/build]   | [INFO] Downloading from central: https://repo.maven.apache.org/maven2/org/codehaus/plexus/plexus-utils/3.0.8/plexus-utils-3.0.8.pom
[85c18b35-dbe4-4237-ab32-e8801356534d/build]   | [INFO] Downloaded from central: https://repo.maven.apache.org/maven2/org/codehaus/plexus/plexus-utils/3.0.8/plexus-utils-3.0.8.pom (3.1 kB at 90 kB/s)
[85c18b35-dbe4-4237-ab32-e8801356534d/build]   | [INFO] Downloading from central: https://repo.maven.apache.org/maven2/org/codehaus/plexus/plexus/3.2/plexus-3.2.pom
[85c18b35-dbe4-4237-ab32-e8801356534d/build]   | [INFO] Downloaded from central: https://repo.maven.apache.org/maven2/org/codehaus/plexus/plexus/3.2/plexus-3.2.pom (19 kB at 1.7 MB/s)
[85c18b35-dbe4-4237-ab32-e8801356534d/build]   | [INFO] Downloading from central: https://repo.maven.apache.org/maven2/org/apache/maven/maven-project/2.0.9/maven-project-2.0.9.pom
[85c18b35-dbe4-4237-ab32-e8801356534d/build]   | [INFO] Downloaded from central: https://repo.maven.apache.org/maven2/org/apache/maven/maven-project/2.0.9/maven-project-2.0.9.pom (2.7 kB at 90 kB/s)
[85c18b35-dbe4-4237-ab32-e8801356534d/build]   | [INFO] Downloading from central: https://repo.maven.apache.org/maven2/org/apache/maven/maven-settings/2.0.9/maven-settings-2.0.9.pom
[85c18b35-dbe4-4237-ab32-e8801356534d/build]   | [INFO] Downloaded from central: https://repo.maven.apache.org/maven2/org/apache/maven/maven-settings/2.0.9/maven-settings-2.0.9.pom (2.1 kB at 147 kB/s)
[85c18b35-dbe4-4237-ab32-e8801356534d/build]   | [INFO] Downloading from central: https://repo.maven.apache.org/maven2/org/apache/maven/maven-model/2.0.9/maven-model-2.0.9.pom
[85c18b35-dbe4-4237-ab32-e8801356534d/build]   | [INFO] Downloaded from central: https://repo.maven.apache.org/maven2/org/apache/maven/maven-model/2.0.9/maven-model-2.0.9.pom (3.1 kB at 196 kB/s)
[85c18b35-dbe4-4237-ab32-e8801356534d/build]   | [INFO] Downloading from central: https://repo.maven.apache.org/maven2/org/apache/maven/maven-profile/2.0.9/maven-profile-2.0.9.pom
[85c18b35-dbe4-4237-ab32-e8801356534d/build]   | [INFO] Downloaded from central: https://repo.maven.apache.org/maven2/org/apache/maven/maven-profile/2.0.9/maven-profile-2.0.9.pom (2.0 kB at 137 kB/s)
[85c18b35-dbe4-4237-ab32-e8801356534d/build]   | [INFO] Downloading from central: https://repo.maven.apache.org/maven2/org/apache/maven/maven-artifact-manager/2.0.9/maven-artifact-manager-2.0.9.pom
[85c18b35-dbe4-4237-ab32-e8801356534d/build]   | [INFO] Downloaded from central: https://repo.maven.apache.org/maven2/org/apache/maven/maven-artifact-manager/2.0.9/maven-artifact-manager-2.0.9.pom (2.7 kB at 386 kB/s)
[85c18b35-dbe4-4237-ab32-e8801356534d/build]   | [INFO] Downloading from central: https://repo.maven.apache.org/maven2/org/apache/maven/maven-repository-metadata/2.0.9/maven-repository-metadata-2.0.9.pom
[85c18b35-dbe4-4237-ab32-e8801356534d/build]   | [INFO] Downloaded from central: https://repo.maven.apache.org/maven2/org/apache/maven/maven-repository-metadata/2.0.9/maven-repository-metadata-2.0.9.pom (1.9 kB at 61 kB/s)
[85c18b35-dbe4-4237-ab32-e8801356534d/build]   | [INFO] Downloading from central: https://repo.maven.apache.org/maven2/org/apache/maven/maven-plugin-registry/2.0.9/maven-plugin-registry-2.0.9.pom
[85c18b35-dbe4-4237-ab32-e8801356534d/build]   | [INFO] Downloaded from central: https://repo.maven.apache.org/maven2/org/apache/maven/maven-plugin-registry/2.0.9/maven-plugin-registry-2.0.9.pom (2.0 kB at 152 kB/s)
[85c18b35-dbe4-4237-ab32-e8801356534d/build]   | [INFO] Downloading from central: https://repo.maven.apache.org/maven2/org/apache/maven/maven-core/2.0.9/maven-core-2.0.9.pom
[85c18b35-dbe4-4237-ab32-e8801356534d/build]   | [INFO] Downloaded from central: https://repo.maven.apache.org/maven2/org/apache/maven/maven-core/2.0.9/maven-core-2.0.9.pom (7.8 kB at 865 kB/s)
[85c18b35-dbe4-4237-ab32-e8801356534d/build]   | [INFO] Downloading from central: https://repo.maven.apache.org/maven2/org/apache/maven/maven-plugin-parameter-documenter/2.0.9/maven-plugin-parameter-documenter-2.0.9.pom
[85c18b35-dbe4-4237-ab32-e8801356534d/build]   | [INFO] Downloaded from central: https://repo.maven.apache.org/maven2/org/apache/maven/maven-plugin-parameter-documenter/2.0.9/maven-plugin-parameter-documenter-2.0.9.pom (2.0 kB at 63 kB/s)
[85c18b35-dbe4-4237-ab32-e8801356534d/build]   | [INFO] Downloading from central: https://repo.maven.apache.org/maven2/org/apache/maven/reporting/maven-reporting-api/2.0.9/maven-reporting-api-2.0.9.pom
[85c18b35-dbe4-4237-ab32-e8801356534d/build]   | [INFO] Downloaded from central: https://repo.maven.apache.org/maven2/org/apache/maven/reporting/maven-reporting-api/2.0.9/maven-reporting-api-2.0.9.pom (1.8 kB at 78 kB/s)
[85c18b35-dbe4-4237-ab32-e8801356534d/build]   | [INFO] Downloading from central: https://repo.maven.apache.org/maven2/org/apache/maven/reporting/maven-reporting/2.0.9/maven-reporting-2.0.9.pom
[85c18b35-dbe4-4237-ab32-e8801356534d/build]   | [INFO] Downloaded from central: https://repo.maven.apache.org/maven2/org/apache/maven/reporting/maven-reporting/2.0.9/maven-reporting-2.0.9.pom (1.5 kB at 184 kB/s)
[85c18b35-dbe4-4237-ab32-e8801356534d/build]   | [INFO] Downloading from central: https://repo.maven.apache.org/maven2/org/apache/maven/maven-error-diagnostics/2.0.9/maven-error-diagnostics-2.0.9.pom
[85c18b35-dbe4-4237-ab32-e8801356534d/build]   | [INFO] Downloaded from central: https://repo.maven.apache.org/maven2/org/apache/maven/maven-error-diagnostics/2.0.9/maven-error-diagnostics-2.0.9.pom (1.7 kB at 116 kB/s)
[85c18b35-dbe4-4237-ab32-e8801356534d/build]   | [INFO] Downloading from central: https://repo.maven.apache.org/maven2/org/apache/maven/maven-plugin-descriptor/2.0.9/maven-plugin-descriptor-2.0.9.pom
[85c18b35-dbe4-4237-ab32-e8801356534d/build]   | [INFO] Downloaded from central: https://repo.maven.apache.org/maven2/org/apache/maven/maven-plugin-descriptor/2.0.9/maven-plugin-descriptor-2.0.9.pom (2.1 kB at 74 kB/s)
[85c18b35-dbe4-4237-ab32-e8801356534d/build]   | [INFO] Downloading from central: https://repo.maven.apache.org/maven2/org/apache/maven/maven-monitor/2.0.9/maven-monitor-2.0.9.pom
[85c18b35-dbe4-4237-ab32-e8801356534d/build]   | [INFO] Downloaded from central: https://repo.maven.apache.org/maven2/org/apache/maven/maven-monitor/2.0.9/maven-monitor-2.0.9.pom (1.3 kB at 99 kB/s)
[85c18b35-dbe4-4237-ab32-e8801356534d/build]   | [INFO] Downloading from central: https://repo.maven.apache.org/maven2/org/apache/maven/maven-toolchain/2.0.9/maven-toolchain-2.0.9.pom
[85c18b35-dbe4-4237-ab32-e8801356534d/build]   | [INFO] Downloaded from central: https://repo.maven.apache.org/maven2/org/apache/maven/maven-toolchain/2.0.9/maven-toolchain-2.0.9.pom (3.5 kB at 204 kB/s)
[85c18b35-dbe4-4237-ab32-e8801356534d/build]   | [INFO] Downloading from central: https://repo.maven.apache.org/maven2/org/apache/commons/commons-lang3/3.1/commons-lang3-3.1.pom
[85c18b35-dbe4-4237-ab32-e8801356534d/build]   | [INFO] Downloaded from central: https://repo.maven.apache.org/maven2/org/apache/commons/commons-lang3/3.1/commons-lang3-3.1.pom (17 kB at 1.7 MB/s)
[85c18b35-dbe4-4237-ab32-e8801356534d/build]   | [INFO] Downloading from central: https://repo.maven.apache.org/maven2/org/apache/commons/commons-parent/22/commons-parent-22.pom
[85c18b35-dbe4-4237-ab32-e8801356534d/build]   | [INFO] Downloaded from central: https://repo.maven.apache.org/maven2/org/apache/commons/commons-parent/22/commons-parent-22.pom (42 kB at 3.0 MB/s)
[85c18b35-dbe4-4237-ab32-e8801356534d/build]   | [INFO] Downloading from central: https://repo.maven.apache.org/maven2/org/apache/maven/shared/maven-common-artifact-filters/1.3/maven-common-artifact-filters-1.3.pom
[85c18b35-dbe4-4237-ab32-e8801356534d/build]   | [INFO] Downloaded from central: https://repo.maven.apache.org/maven2/org/apache/maven/shared/maven-common-artifact-filters/1.3/maven-common-artifact-filters-1.3.pom (3.7 kB at 206 kB/s)
[85c18b35-dbe4-4237-ab32-e8801356534d/build]   | [INFO] Downloading from central: https://repo.maven.apache.org/maven2/org/apache/maven/shared/maven-shared-components/12/maven-shared-components-12.pom
[85c18b35-dbe4-4237-ab32-e8801356534d/build]   | [INFO] Downloaded from central: https://repo.maven.apache.org/maven2/org/apache/maven/shared/maven-shared-components/12/maven-shared-components-12.pom (9.3 kB at 934 kB/s)
[85c18b35-dbe4-4237-ab32-e8801356534d/build]   | [INFO] Downloading from central: https://repo.maven.apache.org/maven2/org/apache/maven/maven-parent/13/maven-parent-13.pom
[85c18b35-dbe4-4237-ab32-e8801356534d/build]   | [INFO] Downloaded from central: https://repo.maven.apache.org/maven2/org/apache/maven/maven-parent/13/maven-parent-13.pom (23 kB at 1.6 MB/s)
[85c18b35-dbe4-4237-ab32-e8801356534d/build]   | [INFO] Downloading from central: https://repo.maven.apache.org/maven2/org/codehaus/plexus/plexus-container-default/1.0-alpha-9/plexus-container-default-1.0-alpha-9.pom
[85c18b35-dbe4-4237-ab32-e8801356534d/build]   | [INFO] Downloaded from central: https://repo.maven.apache.org/maven2/org/codehaus/plexus/plexus-container-default/1.0-alpha-9/plexus-container-default-1.0-alpha-9.pom (1.2 kB at 124 kB/s)
[85c18b35-dbe4-4237-ab32-e8801356534d/build]   | [INFO] Downloading from central: https://repo.maven.apache.org/maven2/org/apache/maven/maven-plugin-api/2.0.9/maven-plugin-api-2.0.9.jar
[85c18b35-dbe4-4237-ab32-e8801356534d/build]   | [INFO] Downloading from central: https://repo.maven.apache.org/maven2/org/apache/maven/surefire/surefire-booter/2.12.4/surefire-booter-2.12.4.jar
[85c18b35-dbe4-4237-ab32-e8801356534d/build]   | [INFO] Downloading from central: https://repo.maven.apache.org/maven2/org/apache/maven/surefire/maven-surefire-common/2.12.4/maven-surefire-common-2.12.4.jar
[85c18b35-dbe4-4237-ab32-e8801356534d/build]   | [INFO] Downloading from central: https://repo.maven.apache.org/maven2/org/apache/commons/commons-lang3/3.1/commons-lang3-3.1.jar
[85c18b35-dbe4-4237-ab32-e8801356534d/build]   | [INFO] Downloading from central: https://repo.maven.apache.org/maven2/org/apache/maven/surefire/surefire-api/2.12.4/surefire-api-2.12.4.jar
[85c18b35-dbe4-4237-ab32-e8801356534d/build]   | [INFO] Downloaded from central: https://repo.maven.apache.org/maven2/org/apache/maven/surefire/surefire-booter/2.12.4/surefire-booter-2.12.4.jar (35 kB at 867 kB/s)
[85c18b35-dbe4-4237-ab32-e8801356534d/build]   | [INFO] Downloading from central: https://repo.maven.apache.org/maven2/org/apache/maven/shared/maven-common-artifact-filters/1.3/maven-common-artifact-filters-1.3.jar
[85c18b35-dbe4-4237-ab32-e8801356534d/build]   | [INFO] Downloaded from central: https://repo.maven.apache.org/maven2/org/apache/maven/maven-plugin-api/2.0.9/maven-plugin-api-2.0.9.jar (13 kB at 286 kB/s)
[85c18b35-dbe4-4237-ab32-e8801356534d/build]   | [INFO] Downloading from central: https://repo.maven.apache.org/maven2/org/codehaus/plexus/plexus-utils/3.0.8/plexus-utils-3.0.8.jar
[85c18b35-dbe4-4237-ab32-e8801356534d/build]   | [INFO] Downloaded from central: https://repo.maven.apache.org/maven2/org/apache/maven/surefire/surefire-api/2.12.4/surefire-api-2.12.4.jar (118 kB at 2.3 MB/s)
[85c18b35-dbe4-4237-ab32-e8801356534d/build]   | [INFO] Downloading from central: https://repo.maven.apache.org/maven2/org/apache/maven/maven-artifact/2.0.9/maven-artifact-2.0.9.jar
[85c18b35-dbe4-4237-ab32-e8801356534d/build]   | [INFO] Downloaded from central: https://repo.maven.apache.org/maven2/org/apache/maven/shared/maven-common-artifact-filters/1.3/maven-common-artifact-filters-1.3.jar (31 kB at 1.4 MB/s)
[85c18b35-dbe4-4237-ab32-e8801356534d/build]   | [INFO] Downloading from central: https://repo.maven.apache.org/maven2/org/apache/maven/maven-project/2.0.9/maven-project-2.0.9.jar
[85c18b35-dbe4-4237-ab32-e8801356534d/build]   | [INFO] Downloaded from central: https://repo.maven.apache.org/maven2/org/apache/maven/surefire/maven-surefire-common/2.12.4/maven-surefire-common-2.12.4.jar (263 kB at 7.3 MB/s)
[85c18b35-dbe4-4237-ab32-e8801356534d/build]   | [INFO] Downloading from central: https://repo.maven.apache.org/maven2/org/apache/maven/maven-settings/2.0.9/maven-settings-2.0.9.jar
[85c18b35-dbe4-4237-ab32-e8801356534d/build]   | [INFO] Downloaded from central: https://repo.maven.apache.org/maven2/org/apache/maven/maven-artifact/2.0.9/maven-artifact-2.0.9.jar (89 kB at 3.3 MB/s)
[85c18b35-dbe4-4237-ab32-e8801356534d/build]   | [INFO] Downloading from central: https://repo.maven.apache.org/maven2/org/apache/maven/maven-profile/2.0.9/maven-profile-2.0.9.jar
[85c18b35-dbe4-4237-ab32-e8801356534d/build]   | [INFO] Downloaded from central: https://repo.maven.apache.org/maven2/org/codehaus/plexus/plexus-utils/3.0.8/plexus-utils-3.0.8.jar (232 kB at 5.0 MB/s)
[85c18b35-dbe4-4237-ab32-e8801356534d/build]   | [INFO] Downloading from central: https://repo.maven.apache.org/maven2/org/apache/maven/maven-model/2.0.9/maven-model-2.0.9.jar
[85c18b35-dbe4-4237-ab32-e8801356534d/build]   | [INFO] Downloaded from central: https://repo.maven.apache.org/maven2/org/apache/maven/maven-settings/2.0.9/maven-settings-2.0.9.jar (49 kB at 862 kB/s)
[85c18b35-dbe4-4237-ab32-e8801356534d/build]   | [INFO] Downloading from central: https://repo.maven.apache.org/maven2/org/apache/maven/maven-artifact-manager/2.0.9/maven-artifact-manager-2.0.9.jar
[85c18b35-dbe4-4237-ab32-e8801356534d/build]   | [INFO] Downloaded from central: https://repo.maven.apache.org/maven2/org/apache/maven/maven-project/2.0.9/maven-project-2.0.9.jar (122 kB at 1.9 MB/s)
[85c18b35-dbe4-4237-ab32-e8801356534d/build]   | [INFO] Downloading from central: https://repo.maven.apache.org/maven2/org/apache/maven/maven-plugin-registry/2.0.9/maven-plugin-registry-2.0.9.jar
[85c18b35-dbe4-4237-ab32-e8801356534d/build]   | [INFO] Downloaded from central: https://repo.maven.apache.org/maven2/org/apache/commons/commons-lang3/3.1/commons-lang3-3.1.jar (316 kB at 4.3 MB/s)
[85c18b35-dbe4-4237-ab32-e8801356534d/build]   | [INFO] Downloading from central: https://repo.maven.apache.org/maven2/org/apache/maven/maven-core/2.0.9/maven-core-2.0.9.jar
[85c18b35-dbe4-4237-ab32-e8801356534d/build]   | [INFO] Downloaded from central: https://repo.maven.apache.org/maven2/org/apache/maven/maven-artifact-manager/2.0.9/maven-artifact-manager-2.0.9.jar (58 kB at 771 kB/s)
[85c18b35-dbe4-4237-ab32-e8801356534d/build]   | [INFO] Downloaded from central: https://repo.maven.apache.org/maven2/org/apache/maven/maven-plugin-registry/2.0.9/maven-plugin-registry-2.0.9.jar (29 kB at 342 kB/s)
[85c18b35-dbe4-4237-ab32-e8801356534d/build]   | [INFO] Downloaded from central: https://repo.maven.apache.org/maven2/org/apache/maven/maven-model/2.0.9/maven-model-2.0.9.jar (87 kB at 1.0 MB/s)
[85c18b35-dbe4-4237-ab32-e8801356534d/build]   | [INFO] Downloading from central: https://repo.maven.apache.org/maven2/org/apache/maven/maven-plugin-parameter-documenter/2.0.9/maven-plugin-parameter-documenter-2.0.9.jar
[85c18b35-dbe4-4237-ab32-e8801356534d/build]   | [INFO] Downloading from central: https://repo.maven.apache.org/maven2/org/apache/maven/reporting/maven-reporting-api/2.0.9/maven-reporting-api-2.0.9.jar
[85c18b35-dbe4-4237-ab32-e8801356534d/build]   | [INFO] Downloading from central: https://repo.maven.apache.org/maven2/org/apache/maven/maven-repository-metadata/2.0.9/maven-repository-metadata-2.0.9.jar
[85c18b35-dbe4-4237-ab32-e8801356534d/build]   | [INFO] Downloaded from central: https://repo.maven.apache.org/maven2/org/apache/maven/maven-core/2.0.9/maven-core-2.0.9.jar (160 kB at 1.9 MB/s)
[85c18b35-dbe4-4237-ab32-e8801356534d/build]   | [INFO] Downloading from central: https://repo.maven.apache.org/maven2/org/apache/maven/maven-error-diagnostics/2.0.9/maven-error-diagnostics-2.0.9.jar
[85c18b35-dbe4-4237-ab32-e8801356534d/build]   | [INFO] Downloaded from central: https://repo.maven.apache.org/maven2/org/apache/maven/maven-profile/2.0.9/maven-profile-2.0.9.jar (35 kB at 376 kB/s)
[85c18b35-dbe4-4237-ab32-e8801356534d/build]   | [INFO] Downloading from central: https://repo.maven.apache.org/maven2/org/apache/maven/maven-plugin-descriptor/2.0.9/maven-plugin-descriptor-2.0.9.jar
[85c18b35-dbe4-4237-ab32-e8801356534d/build]   | [INFO] Downloaded from central: https://repo.maven.apache.org/maven2/org/apache/maven/maven-plugin-parameter-documenter/2.0.9/maven-plugin-parameter-documenter-2.0.9.jar (21 kB at 215 kB/s)
[85c18b35-dbe4-4237-ab32-e8801356534d/build]   | [INFO] Downloading from central: https://repo.maven.apache.org/maven2/org/apache/maven/maven-monitor/2.0.9/maven-monitor-2.0.9.jar
[85c18b35-dbe4-4237-ab32-e8801356534d/build]   | [INFO] Downloaded from central: https://repo.maven.apache.org/maven2/org/apache/maven/maven-error-diagnostics/2.0.9/maven-error-diagnostics-2.0.9.jar (14 kB at 129 kB/s)
[85c18b35-dbe4-4237-ab32-e8801356534d/build]   | [INFO] Downloading from central: https://repo.maven.apache.org/maven2/org/apache/maven/maven-toolchain/2.0.9/maven-toolchain-2.0.9.jar
[85c18b35-dbe4-4237-ab32-e8801356534d/build]   | [INFO] Downloaded from central: https://repo.maven.apache.org/maven2/org/apache/maven/maven-plugin-descriptor/2.0.9/maven-plugin-descriptor-2.0.9.jar (37 kB at 325 kB/s)
[85c18b35-dbe4-4237-ab32-e8801356534d/build]   | [INFO] Downloading from central: https://repo.maven.apache.org/maven2/org/apache/maven/plugin-tools/maven-plugin-annotations/3.1/maven-plugin-annotations-3.1.jar
[85c18b35-dbe4-4237-ab32-e8801356534d/build]   | [INFO] Downloaded from central: https://repo.maven.apache.org/maven2/org/apache/maven/maven-repository-metadata/2.0.9/maven-repository-metadata-2.0.9.jar (25 kB at 214 kB/s)
[85c18b35-dbe4-4237-ab32-e8801356534d/build]   | [INFO] Downloaded from central: https://repo.maven.apache.org/maven2/org/apache/maven/maven-monitor/2.0.9/maven-monitor-2.0.9.jar (10 kB at 89 kB/s)
[85c18b35-dbe4-4237-ab32-e8801356534d/build]   | [INFO] Downloaded from central: https://repo.maven.apache.org/maven2/org/apache/maven/reporting/maven-reporting-api/2.0.9/maven-reporting-api-2.0.9.jar (10 kB at 82 kB/s)
[85c18b35-dbe4-4237-ab32-e8801356534d/build]   | [INFO] Downloaded from central: https://repo.maven.apache.org/maven2/org/apache/maven/plugin-tools/maven-plugin-annotations/3.1/maven-plugin-annotations-3.1.jar (14 kB at 117 kB/s)
[85c18b35-dbe4-4237-ab32-e8801356534d/build]   | [INFO] Downloaded from central: https://repo.maven.apache.org/maven2/org/apache/maven/maven-toolchain/2.0.9/maven-toolchain-2.0.9.jar (38 kB at 273 kB/s)
[85c18b35-dbe4-4237-ab32-e8801356534d/build]   | [INFO] Surefire report directory: /tmp/dcf2de27-a8db-4b3d-bb21-a92ec5a0d400/target/surefire-reports
[85c18b35-dbe4-4237-ab32-e8801356534d/build]   | [INFO] Downloading from central: https://repo.maven.apache.org/maven2/org/apache/maven/surefire/surefire-junit4/2.12.4/surefire-junit4-2.12.4.pom
[85c18b35-dbe4-4237-ab32-e8801356534d/build]   | [INFO] Downloaded from central: https://repo.maven.apache.org/maven2/org/apache/maven/surefire/surefire-junit4/2.12.4/surefire-junit4-2.12.4.pom (2.4 kB at 56 kB/s)
[85c18b35-dbe4-4237-ab32-e8801356534d/build]   | [INFO] Downloading from central: https://repo.maven.apache.org/maven2/org/apache/maven/surefire/surefire-providers/2.12.4/surefire-providers-2.12.4.pom
[85c18b35-dbe4-4237-ab32-e8801356534d/build]   | [INFO] Downloaded from central: https://repo.maven.apache.org/maven2/org/apache/maven/surefire/surefire-providers/2.12.4/surefire-providers-2.12.4.pom (2.3 kB at 94 kB/s)
[85c18b35-dbe4-4237-ab32-e8801356534d/build]   | [INFO] Downloading from central: https://repo.maven.apache.org/maven2/org/apache/maven/surefire/surefire-junit4/2.12.4/surefire-junit4-2.12.4.jar
[85c18b35-dbe4-4237-ab32-e8801356534d/build]   | [INFO] Downloaded from central: https://repo.maven.apache.org/maven2/org/apache/maven/surefire/surefire-junit4/2.12.4/surefire-junit4-2.12.4.jar (37 kB at 1.4 MB/s)
[85c18b35-dbe4-4237-ab32-e8801356534d/build]   | 
[85c18b35-dbe4-4237-ab32-e8801356534d/build]   | -------------------------------------------------------
[85c18b35-dbe4-4237-ab32-e8801356534d/build]   |  T E S T S
[85c18b35-dbe4-4237-ab32-e8801356534d/build]   | -------------------------------------------------------
[85c18b35-dbe4-4237-ab32-e8801356534d/build]   | Running com.walmartlabs.x12.dex.dx894.DefaultDex894ParserTest
[85c18b35-dbe4-4237-ab32-e8801356534d/build]   | [DXS*9251230013*DX*004010UCS*1*9254850000, ST*894*569145629, G82*D*569145629*051957769*002703*001184472*0000*20170822, LS*0100, G83*1*48*EA*001410008547****1.83, G72*090*02***-0.27*48*EA, LE*0100, G84*48*7488, G86*D91456290976, G85*8EC2, SE*10*569145629, ST*894*569145630, G82*D*569145630*051957769*002703*001184472*0000*20170822, LS*0100, G83*1*2*EA*001410004616****5.17, G72*090*02***-0.89*2*EA, LE*0100, G84*2*856, G86*C91456300976, G85*284B, SE*10*569145630, DXE*1*2]
[85c18b35-dbe4-4237-ab32-e8801356534d/build]   | 20:05:53.276 [main] DEBUG com.walmartlabs.x12.dex.dx894.DefaultDex894Parser - DXS
[85c18b35-dbe4-4237-ab32-e8801356534d/build]   | 20:05:53.280 [main] DEBUG com.walmartlabs.x12.dex.dx894.DefaultDex894Parser - parseDexTransaction:1
[85c18b35-dbe4-4237-ab32-e8801356534d/build]   | 20:05:53.280 [main] DEBUG com.walmartlabs.x12.dex.dx894.DefaultDex894Parser - ST
[85c18b35-dbe4-4237-ab32-e8801356534d/build]   | 20:05:53.280 [main] DEBUG com.walmartlabs.x12.dex.dx894.DefaultDex894Parser - G82
[85c18b35-dbe4-4237-ab32-e8801356534d/build]   | 20:05:53.280 [main] DEBUG com.walmartlabs.x12.dex.dx894.DefaultDex894Parser - parseDexTransactionLoop:3
[85c18b35-dbe4-4237-ab32-e8801356534d/build]   | 20:05:53.280 [main] DEBUG com.walmartlabs.x12.dex.dx894.DefaultDex894Parser - LS
[85c18b35-dbe4-4237-ab32-e8801356534d/build]   | 20:05:53.280 [main] DEBUG com.walmartlabs.x12.dex.dx894.DefaultDex894Parser - parseDexItem:4
[85c18b35-dbe4-4237-ab32-e8801356534d/build]   | 20:05:53.281 [main] DEBUG com.walmartlabs.x12.dex.dx894.DefaultDex894Parser - G83
[85c18b35-dbe4-4237-ab32-e8801356534d/build]   | 20:05:53.285 [main] DEBUG com.walmartlabs.x12.dex.dx894.DefaultDex894Parser - G72
[85c18b35-dbe4-4237-ab32-e8801356534d/build]   | 20:05:53.285 [main] DEBUG com.walmartlabs.x12.dex.dx894.DefaultDex894Parser - LE
[85c18b35-dbe4-4237-ab32-e8801356534d/build]   | 20:05:53.286 [main] DEBUG com.walmartlabs.x12.dex.dx894.DefaultDex894Parser - G84
[85c18b35-dbe4-4237-ab32-e8801356534d/build]   | 20:05:53.286 [main] DEBUG com.walmartlabs.x12.dex.dx894.DefaultDex894Parser - G86
[85c18b35-dbe4-4237-ab32-e8801356534d/build]   | 20:05:53.286 [main] DEBUG com.walmartlabs.x12.dex.dx894.DefaultDex894Parser - G85
[85c18b35-dbe4-4237-ab32-e8801356534d/build]   | 20:05:53.286 [main] DEBUG com.walmartlabs.x12.dex.dx894.DefaultDex894Parser - SE
[85c18b35-dbe4-4237-ab32-e8801356534d/build]   | 20:05:53.286 [main] DEBUG com.walmartlabs.x12.dex.dx894.DefaultDex894Parser - parseDexTransaction:11
[85c18b35-dbe4-4237-ab32-e8801356534d/build]   | 20:05:53.286 [main] DEBUG com.walmartlabs.x12.dex.dx894.DefaultDex894Parser - ST
[85c18b35-dbe4-4237-ab32-e8801356534d/build]   | 20:05:53.287 [main] DEBUG com.walmartlabs.x12.dex.dx894.DefaultDex894Parser - G82
[85c18b35-dbe4-4237-ab32-e8801356534d/build]   | 20:05:53.287 [main] DEBUG com.walmartlabs.x12.dex.dx894.DefaultDex894Parser - parseDexTransactionLoop:13
[85c18b35-dbe4-4237-ab32-e8801356534d/build]   | 20:05:53.287 [main] DEBUG com.walmartlabs.x12.dex.dx894.DefaultDex894Parser - LS
[85c18b35-dbe4-4237-ab32-e8801356534d/build]   | 20:05:53.287 [main] DEBUG com.walmartlabs.x12.dex.dx894.DefaultDex894Parser - parseDexItem:14
[85c18b35-dbe4-4237-ab32-e8801356534d/build]   | 20:05:53.287 [main] DEBUG com.walmartlabs.x12.dex.dx894.DefaultDex894Parser - G83
[85c18b35-dbe4-4237-ab32-e8801356534d/build]   | 20:05:53.287 [main] DEBUG com.walmartlabs.x12.dex.dx894.DefaultDex894Parser - G72
[85c18b35-dbe4-4237-ab32-e8801356534d/build]   | 20:05:53.287 [main] DEBUG com.walmartlabs.x12.dex.dx894.DefaultDex894Parser - LE
[85c18b35-dbe4-4237-ab32-e8801356534d/build]   | 20:05:53.287 [main] DEBUG com.walmartlabs.x12.dex.dx894.DefaultDex894Parser - G84
[85c18b35-dbe4-4237-ab32-e8801356534d/build]   | 20:05:53.288 [main] DEBUG com.walmartlabs.x12.dex.dx894.DefaultDex894Parser - G86
[85c18b35-dbe4-4237-ab32-e8801356534d/build]   | 20:05:53.288 [main] DEBUG com.walmartlabs.x12.dex.dx894.DefaultDex894Parser - G85
[85c18b35-dbe4-4237-ab32-e8801356534d/build]   | 20:05:53.288 [main] DEBUG com.walmartlabs.x12.dex.dx894.DefaultDex894Parser - SE
[85c18b35-dbe4-4237-ab32-e8801356534d/build]   | 20:05:53.288 [main] DEBUG com.walmartlabs.x12.dex.dx894.DefaultDex894Parser - DXE
[85c18b35-dbe4-4237-ab32-e8801356534d/build]   | [DXS*9251230013*DX*004010UCS*1*9254850000, ST*894*148303793, G82*D*148303793*051957769*6966*001184472*0013*20171109, LS*0100, G83*1*4*EA*001410008782****4.80, G72*090*02***-1.03*4*EA, G83*2*4*EA*001410008783****4.80, G72*090*02***-1.03*4*EA, G83*3*6*EA*001410007708****2.58, G72*090*02***-0.24*6*EA, G83*4*6*EA*001410007712****2.58, G72*090*02***-0.24*6*EA, G83*5*6*EA*001410007884****2.58, G72*090*02***-0.24*6*EA, G83*6*4*EA*001410009997****2.73, G72*090*02***-0.39*4*EA, G83*7*4*EA*001410007472****2.73, G72*090*02***-0.39*4*EA, G83*8*4*EA*001410007952****2.58, G72*090*02***-0.24*4*EA, G83*9*6*EA*001410008609****3.83, G83*10*6*EA*001410008610****3.83, G83*11*4*EA*001410008611****3.83, G83*12*8*EA*001410008548****1.83, G72*090*02***-0.27*8*EA, G83*13*8*EA*001410008835****2.28, G83*14*24*EA*001410008547****1.83, G72*090*02***-0.27*24*EA, G83*15*8*EA*001410008561****1.83, G72*090*02***-0.27*8*EA, G83*16*8*EA*001410008562****1.83, G72*090*02***-0.27*8*EA, G83*17*9*EA*001410008539****1.83, G72*090*02***-0.27*9*EA, G83*18*12*EA*001410009655****6.66, G72*090*02***-0.76*12*EA, G83*19*12*EA*001410009656****6.66, G72*090*02***-0.76*12*EA, LE*0100, G84*143*41040, G86*D83037938029, G85*A238, SE*42*148303793, DXE*1*1]
[85c18b35-dbe4-4237-ab32-e8801356534d/build]   | 20:05:53.290 [main] DEBUG com.walmartlabs.x12.dex.dx894.DefaultDex894Parser - DXS
[85c18b35-dbe4-4237-ab32-e8801356534d/build]   | 20:05:53.291 [main] DEBUG com.walmartlabs.x12.dex.dx894.DefaultDex894Parser - parseDexTransaction:1
[85c18b35-dbe4-4237-ab32-e8801356534d/build]   | 20:05:53.291 [main] DEBUG com.walmartlabs.x12.dex.dx894.DefaultDex894Parser - ST
[85c18b35-dbe4-4237-ab32-e8801356534d/build]   | 20:05:53.291 [main] DEBUG com.walmartlabs.x12.dex.dx894.DefaultDex894Parser - G82
[85c18b35-dbe4-4237-ab32-e8801356534d/build]   | 20:05:53.291 [main] DEBUG com.walmartlabs.x12.dex.dx894.DefaultDex894Parser - parseDexTransactionLoop:3
[85c18b35-dbe4-4237-ab32-e8801356534d/build]   | 20:05:53.291 [main] DEBUG com.walmartlabs.x12.dex.dx894.DefaultDex894Parser - LS
[85c18b35-dbe4-4237-ab32-e8801356534d/build]   | 20:05:53.291 [main] DEBUG com.walmartlabs.x12.dex.dx894.DefaultDex894Parser - parseDexItem:4
[85c18b35-dbe4-4237-ab32-e8801356534d/build]   | 20:05:53.291 [main] DEBUG com.walmartlabs.x12.dex.dx894.DefaultDex894Parser - G83
[85c18b35-dbe4-4237-ab32-e8801356534d/build]   | 20:05:53.292 [main] DEBUG com.walmartlabs.x12.dex.dx894.DefaultDex894Parser - G72
[85c18b35-dbe4-4237-ab32-e8801356534d/build]   | 20:05:53.292 [main] DEBUG com.walmartlabs.x12.dex.dx894.DefaultDex894Parser - parseDexItem:6
[85c18b35-dbe4-4237-ab32-e8801356534d/build]   | 20:05:53.292 [main] DEBUG com.walmartlabs.x12.dex.dx894.DefaultDex894Parser - G83
[85c18b35-dbe4-4237-ab32-e8801356534d/build]   | 20:05:53.292 [main] DEBUG com.walmartlabs.x12.dex.dx894.DefaultDex894Parser - G72
[85c18b35-dbe4-4237-ab32-e8801356534d/build]   | 20:05:53.292 [main] DEBUG com.walmartlabs.x12.dex.dx894.DefaultDex894Parser - parseDexItem:8
[85c18b35-dbe4-4237-ab32-e8801356534d/build]   | 20:05:53.293 [main] DEBUG com.walmartlabs.x12.dex.dx894.DefaultDex894Parser - G83
[85c18b35-dbe4-4237-ab32-e8801356534d/build]   | 20:05:53.293 [main] DEBUG com.walmartlabs.x12.dex.dx894.DefaultDex894Parser - G72
[85c18b35-dbe4-4237-ab32-e8801356534d/build]   | 20:05:53.293 [main] DEBUG com.walmartlabs.x12.dex.dx894.DefaultDex894Parser - parseDexItem:10
[85c18b35-dbe4-4237-ab32-e8801356534d/build]   | 20:05:53.293 [main] DEBUG com.walmartlabs.x12.dex.dx894.DefaultDex894Parser - G83
[85c18b35-dbe4-4237-ab32-e8801356534d/build]   | 20:05:53.293 [main] DEBUG com.walmartlabs.x12.dex.dx894.DefaultDex894Parser - G72
[85c18b35-dbe4-4237-ab32-e8801356534d/build]   | 20:05:53.293 [main] DEBUG com.walmartlabs.x12.dex.dx894.DefaultDex894Parser - parseDexItem:12
[85c18b35-dbe4-4237-ab32-e8801356534d/build]   | 20:05:53.294 [main] DEBUG com.walmartlabs.x12.dex.dx894.DefaultDex894Parser - G83
[85c18b35-dbe4-4237-ab32-e8801356534d/build]   | 20:05:53.294 [main] DEBUG com.walmartlabs.x12.dex.dx894.DefaultDex894Parser - G72
[85c18b35-dbe4-4237-ab32-e8801356534d/build]   | 20:05:53.294 [main] DEBUG com.walmartlabs.x12.dex.dx894.DefaultDex894Parser - parseDexItem:14
[85c18b35-dbe4-4237-ab32-e8801356534d/build]   | 20:05:53.294 [main] DEBUG com.walmartlabs.x12.dex.dx894.DefaultDex894Parser - G83
[85c18b35-dbe4-4237-ab32-e8801356534d/build]   | 20:05:53.294 [main] DEBUG com.walmartlabs.x12.dex.dx894.DefaultDex894Parser - G72
[85c18b35-dbe4-4237-ab32-e8801356534d/build]   | 20:05:53.294 [main] DEBUG com.walmartlabs.x12.dex.dx894.DefaultDex894Parser - parseDexItem:16
[85c18b35-dbe4-4237-ab32-e8801356534d/build]   | 20:05:53.295 [main] DEBUG com.walmartlabs.x12.dex.dx894.DefaultDex894Parser - G83
[85c18b35-dbe4-4237-ab32-e8801356534d/build]   | 20:05:53.295 [main] DEBUG com.walmartlabs.x12.dex.dx894.DefaultDex894Parser - G72
[85c18b35-dbe4-4237-ab32-e8801356534d/build]   | 20:05:53.295 [main] DEBUG com.walmartlabs.x12.dex.dx894.DefaultDex894Parser - parseDexItem:18
[85c18b35-dbe4-4237-ab32-e8801356534d/build]   | 20:05:53.295 [main] DEBUG com.walmartlabs.x12.dex.dx894.DefaultDex894Parser - G83
[85c18b35-dbe4-4237-ab32-e8801356534d/build]   | 20:05:53.295 [main] DEBUG com.walmartlabs.x12.dex.dx894.DefaultDex894Parser - G72
[85c18b35-dbe4-4237-ab32-e8801356534d/build]   | 20:05:53.295 [main] DEBUG com.walmartlabs.x12.dex.dx894.DefaultDex894Parser - parseDexItem:20
[85c18b35-dbe4-4237-ab32-e8801356534d/build]   | 20:05:53.296 [main] DEBUG com.walmartlabs.x12.dex.dx894.DefaultDex894Parser - G83
[85c18b35-dbe4-4237-ab32-e8801356534d/build]   | 20:05:53.296 [main] DEBUG com.walmartlabs.x12.dex.dx894.DefaultDex894Parser - parseDexItem:21
[85c18b35-dbe4-4237-ab32-e8801356534d/build]   | 20:05:53.296 [main] DEBUG com.walmartlabs.x12.dex.dx894.DefaultDex894Parser - G83
[85c18b35-dbe4-4237-ab32-e8801356534d/build]   | 20:05:53.296 [main] DEBUG com.walmartlabs.x12.dex.dx894.DefaultDex894Parser - parseDexItem:22
[85c18b35-dbe4-4237-ab32-e8801356534d/build]   | 20:05:53.296 [main] DEBUG com.walmartlabs.x12.dex.dx894.DefaultDex894Parser - G83
[85c18b35-dbe4-4237-ab32-e8801356534d/build]   | 20:05:53.297 [main] DEBUG com.walmartlabs.x12.dex.dx894.DefaultDex894Parser - parseDexItem:23
[85c18b35-dbe4-4237-ab32-e8801356534d/build]   | 20:05:53.297 [main] DEBUG com.walmartlabs.x12.dex.dx894.DefaultDex894Parser - G83
[85c18b35-dbe4-4237-ab32-e8801356534d/build]   | 20:05:53.297 [main] DEBUG com.walmartlabs.x12.dex.dx894.DefaultDex894Parser - G72
[85c18b35-dbe4-4237-ab32-e8801356534d/build]   | 20:05:53.297 [main] DEBUG com.walmartlabs.x12.dex.dx894.DefaultDex894Parser - parseDexItem:25
[85c18b35-dbe4-4237-ab32-e8801356534d/build]   | 20:05:53.297 [main] DEBUG com.walmartlabs.x12.dex.dx894.DefaultDex894Parser - G83
[85c18b35-dbe4-4237-ab32-e8801356534d/build]   | 20:05:53.297 [main] DEBUG com.walmartlabs.x12.dex.dx894.DefaultDex894Parser - parseDexItem:26
[85c18b35-dbe4-4237-ab32-e8801356534d/build]   | 20:05:53.297 [main] DEBUG com.walmartlabs.x12.dex.dx894.DefaultDex894Parser - G83
[85c18b35-dbe4-4237-ab32-e8801356534d/build]   | 20:05:53.298 [main] DEBUG com.walmartlabs.x12.dex.dx894.DefaultDex894Parser - G72
[85c18b35-dbe4-4237-ab32-e8801356534d/build]   | 20:05:53.298 [main] DEBUG com.walmartlabs.x12.dex.dx894.DefaultDex894Parser - parseDexItem:28
[85c18b35-dbe4-4237-ab32-e8801356534d/build]   | 20:05:53.298 [main] DEBUG com.walmartlabs.x12.dex.dx894.DefaultDex894Parser - G83
[85c18b35-dbe4-4237-ab32-e8801356534d/build]   | 20:05:53.298 [main] DEBUG com.walmartlabs.x12.dex.dx894.DefaultDex894Parser - G72
[85c18b35-dbe4-4237-ab32-e8801356534d/build]   | 20:05:53.298 [main] DEBUG com.walmartlabs.x12.dex.dx894.DefaultDex894Parser - parseDexItem:30
[85c18b35-dbe4-4237-ab32-e8801356534d/build]   | 20:05:53.298 [main] DEBUG com.walmartlabs.x12.dex.dx894.DefaultDex894Parser - G83
[85c18b35-dbe4-4237-ab32-e8801356534d/build]   | 20:05:53.299 [main] DEBUG com.walmartlabs.x12.dex.dx894.DefaultDex894Parser - G72
[85c18b35-dbe4-4237-ab32-e8801356534d/build]   | 20:05:53.299 [main] DEBUG com.walmartlabs.x12.dex.dx894.DefaultDex894Parser - parseDexItem:32
[85c18b35-dbe4-4237-ab32-e8801356534d/build]   | 20:05:53.299 [main] DEBUG com.walmartlabs.x12.dex.dx894.DefaultDex894Parser - G83
[85c18b35-dbe4-4237-ab32-e8801356534d/build]   | 20:05:53.299 [main] DEBUG com.walmartlabs.x12.dex.dx894.DefaultDex894Parser - G72
[85c18b35-dbe4-4237-ab32-e8801356534d/build]   | 20:05:53.299 [main] DEBUG com.walmartlabs.x12.dex.dx894.DefaultDex894Parser - parseDexItem:34
[85c18b35-dbe4-4237-ab32-e8801356534d/build]   | 20:05:53.299 [main] DEBUG com.walmartlabs.x12.dex.dx894.DefaultDex894Parser - G83
[85c18b35-dbe4-4237-ab32-e8801356534d/build]   | 20:05:53.300 [main] DEBUG com.walmartlabs.x12.dex.dx894.DefaultDex894Parser - G72
[85c18b35-dbe4-4237-ab32-e8801356534d/build]   | 20:05:53.300 [main] DEBUG com.walmartlabs.x12.dex.dx894.DefaultDex894Parser - parseDexItem:36
[85c18b35-dbe4-4237-ab32-e8801356534d/build]   | 20:05:53.300 [main] DEBUG com.walmartlabs.x12.dex.dx894.DefaultDex894Parser - G83
[85c18b35-dbe4-4237-ab32-e8801356534d/build]   | 20:05:53.300 [main] DEBUG com.walmartlabs.x12.dex.dx894.DefaultDex894Parser - G72
[85c18b35-dbe4-4237-ab32-e8801356534d/build]   | 20:05:53.300 [main] DEBUG com.walmartlabs.x12.dex.dx894.DefaultDex894Parser - LE
[85c18b35-dbe4-4237-ab32-e8801356534d/build]   | 20:05:53.300 [main] DEBUG com.walmartlabs.x12.dex.dx894.DefaultDex894Parser - G84
[85c18b35-dbe4-4237-ab32-e8801356534d/build]   | 20:05:53.301 [main] DEBUG com.walmartlabs.x12.dex.dx894.DefaultDex894Parser - G86
[85c18b35-dbe4-4237-ab32-e8801356534d/build]   | 20:05:53.301 [main] DEBUG com.walmartlabs.x12.dex.dx894.DefaultDex894Parser - G85
[85c18b35-dbe4-4237-ab32-e8801356534d/build]   | 20:05:53.301 [main] DEBUG com.walmartlabs.x12.dex.dx894.DefaultDex894Parser - SE
[85c18b35-dbe4-4237-ab32-e8801356534d/build]   | 20:05:53.301 [main] DEBUG com.walmartlabs.x12.dex.dx894.DefaultDex894Parser - DXE
[85c18b35-dbe4-4237-ab32-e8801356534d/build]   | 20:05:53.304 [main] DEBUG com.walmartlabs.x12.dex.dx894.DefaultDex894Parser - DXS
[85c18b35-dbe4-4237-ab32-e8801356534d/build]   | 20:05:53.305 [main] DEBUG com.walmartlabs.x12.dex.dx894.DefaultDex894Parser - parseDexTransaction:1
[85c18b35-dbe4-4237-ab32-e8801356534d/build]   | 20:05:53.305 [main] DEBUG com.walmartlabs.x12.dex.dx894.DefaultDex894Parser - ST
[85c18b35-dbe4-4237-ab32-e8801356534d/build]   | 20:05:53.305 [main] DEBUG com.walmartlabs.x12.dex.dx894.DefaultDex894Parser - G82
[85c18b35-dbe4-4237-ab32-e8801356534d/build]   | 20:05:53.305 [main] DEBUG com.walmartlabs.x12.dex.dx894.DefaultDex894Parser - parseDexTransactionLoop:3
[85c18b35-dbe4-4237-ab32-e8801356534d/build]   | 20:05:53.305 [main] DEBUG com.walmartlabs.x12.dex.dx894.DefaultDex894Parser - LS
[85c18b35-dbe4-4237-ab32-e8801356534d/build]   | 20:05:53.306 [main] DEBUG com.walmartlabs.x12.dex.dx894.DefaultDex894Parser - parseDexItem:4
[85c18b35-dbe4-4237-ab32-e8801356534d/build]   | 20:05:53.306 [main] DEBUG com.walmartlabs.x12.dex.dx894.DefaultDex894Parser - G83
[85c18b35-dbe4-4237-ab32-e8801356534d/build]   | 20:05:53.306 [main] DEBUG com.walmartlabs.x12.dex.dx894.DefaultDex894Parser - G72
[85c18b35-dbe4-4237-ab32-e8801356534d/build]   | 20:05:53.306 [main] DEBUG com.walmartlabs.x12.dex.dx894.DefaultDex894Parser - LE
[85c18b35-dbe4-4237-ab32-e8801356534d/build]   | 20:05:53.306 [main] DEBUG com.walmartlabs.x12.dex.dx894.DefaultDex894Parser - G84
[85c18b35-dbe4-4237-ab32-e8801356534d/build]   | 20:05:53.307 [main] DEBUG com.walmartlabs.x12.dex.dx894.DefaultDex894Parser - G86
[85c18b35-dbe4-4237-ab32-e8801356534d/build]   | 20:05:53.307 [main] DEBUG com.walmartlabs.x12.dex.dx894.DefaultDex894Parser - ST
[85c18b35-dbe4-4237-ab32-e8801356534d/build]   | Tests run: 15, Failures: 0, Errors: 0, Skipped: 0, Time elapsed: 0.3 sec
[85c18b35-dbe4-4237-ab32-e8801356534d/build]   | Running com.walmartlabs.x12.dex.dx894.UnitMeasureTest
[85c18b35-dbe4-4237-ab32-e8801356534d/build]   | Tests run: 4, Failures: 0, Errors: 0, Skipped: 0, Time elapsed: 0.003 sec
[85c18b35-dbe4-4237-ab32-e8801356534d/build]   | Running com.walmartlabs.x12.dex.dx894.DefaultDex894ParserTransactionTest
[85c18b35-dbe4-4237-ab32-e8801356534d/build]   | 20:05:53.338 [main] DEBUG com.walmartlabs.x12.dex.dx894.DefaultDex894Parser - SE
[85c18b35-dbe4-4237-ab32-e8801356534d/build]   | 20:05:53.339 [main] DEBUG com.walmartlabs.x12.dex.dx894.DefaultDex894Parser - XX
[85c18b35-dbe4-4237-ab32-e8801356534d/build]   | 20:05:53.339 [main] DEBUG com.walmartlabs.x12.dex.dx894.DefaultDex894Parser - G89
[85c18b35-dbe4-4237-ab32-e8801356534d/build]   | 20:05:53.340 [main] DEBUG com.walmartlabs.x12.dex.dx894.DefaultDex894Parser - XX
[85c18b35-dbe4-4237-ab32-e8801356534d/build]   | 20:05:53.341 [main] DEBUG com.walmartlabs.x12.dex.dx894.DefaultDex894Parser - SE
[85c18b35-dbe4-4237-ab32-e8801356534d/build]   | 20:05:53.341 [main] DEBUG com.walmartlabs.x12.dex.dx894.DefaultDex894Parser - G83
[85c18b35-dbe4-4237-ab32-e8801356534d/build]   | 20:05:53.341 [main] DEBUG com.walmartlabs.x12.dex.dx894.DefaultDex894Parser - XX
[85c18b35-dbe4-4237-ab32-e8801356534d/build]   | 20:05:53.342 [main] DEBUG com.walmartlabs.x12.dex.dx894.DefaultDex894Parser - G83
[85c18b35-dbe4-4237-ab32-e8801356534d/build]   | 20:05:53.342 [main] DEBUG com.walmartlabs.x12.dex.dx894.DefaultDex894Parser - ST
[85c18b35-dbe4-4237-ab32-e8801356534d/build]   | 20:05:53.342 [main] DEBUG com.walmartlabs.x12.dex.dx894.DefaultDex894Parser - G83
[85c18b35-dbe4-4237-ab32-e8801356534d/build]   | 20:05:53.342 [main] DEBUG com.walmartlabs.x12.dex.dx894.DefaultDex894Parser - XX
[85c18b35-dbe4-4237-ab32-e8801356534d/build]   | 20:05:53.343 [main] DEBUG com.walmartlabs.x12.dex.dx894.DefaultDex894Parser - SE
[85c18b35-dbe4-4237-ab32-e8801356534d/build]   | 20:05:53.344 [main] DEBUG com.walmartlabs.x12.dex.dx894.DefaultDex894Parser - XX
[85c18b35-dbe4-4237-ab32-e8801356534d/build]   | 20:05:53.344 [main] DEBUG com.walmartlabs.x12.dex.dx894.DefaultDex894Parser - ST
[85c18b35-dbe4-4237-ab32-e8801356534d/build]   | 20:05:53.345 [main] DEBUG com.walmartlabs.x12.dex.dx894.DefaultDex894Parser - ST
[85c18b35-dbe4-4237-ab32-e8801356534d/build]   | 20:05:53.347 [main] DEBUG com.walmartlabs.x12.dex.dx894.DefaultDex894Parser - SE
[85c18b35-dbe4-4237-ab32-e8801356534d/build]   | 20:05:53.347 [main] DEBUG com.walmartlabs.x12.dex.dx894.DefaultDex894Parser - G82
[85c18b35-dbe4-4237-ab32-e8801356534d/build]   | 20:05:53.348 [main] DEBUG com.walmartlabs.x12.dex.dx894.DefaultDex894Parser - G85
[85c18b35-dbe4-4237-ab32-e8801356534d/build]   | 20:05:53.350 [main] DEBUG com.walmartlabs.x12.dex.dx894.DefaultDex894Parser - G86
[85c18b35-dbe4-4237-ab32-e8801356534d/build]   | 20:05:53.351 [main] DEBUG com.walmartlabs.x12.dex.dx894.DefaultDex894Parser - G82
[85c18b35-dbe4-4237-ab32-e8801356534d/build]   | Tests run: 20, Failures: 0, Errors: 0, Skipped: 0, Time elapsed: 0.021 sec
[85c18b35-dbe4-4237-ab32-e8801356534d/build]   | Running com.walmartlabs.x12.dex.dx894.DefaultDex894ValidatorTest
[85c18b35-dbe4-4237-ab32-e8801356534d/build]   | Tests run: 17, Failures: 0, Errors: 0, Skipped: 0, Time elapsed: 0.122 sec
[85c18b35-dbe4-4237-ab32-e8801356534d/build]   | Running com.walmartlabs.x12.dex.dx894.ProductQualifierTest
[85c18b35-dbe4-4237-ab32-e8801356534d/build]   | Tests run: 4, Failures: 0, Errors: 0, Skipped: 0, Time elapsed: 0 sec
[85c18b35-dbe4-4237-ab32-e8801356534d/build]   | Running com.walmartlabs.x12.dex.dx894.DefaultDex894ParserDxsSegmentTest
[85c18b35-dbe4-4237-ab32-e8801356534d/build]   | 20:05:53.481 [main] DEBUG com.walmartlabs.x12.dex.dx894.DefaultDex894Parser - DXE
[85c18b35-dbe4-4237-ab32-e8801356534d/build]   | 20:05:53.481 [main] DEBUG com.walmartlabs.x12.dex.dx894.DefaultDex894Parser - DXS
[85c18b35-dbe4-4237-ab32-e8801356534d/build]   | 20:05:53.486 [main] DEBUG com.walmartlabs.x12.dex.dx894.DefaultDex894Parser - DXE
[85c18b35-dbe4-4237-ab32-e8801356534d/build]   | 20:05:53.487 [main] DEBUG com.walmartlabs.x12.dex.dx894.DefaultDex894Parser - DXE
[85c18b35-dbe4-4237-ab32-e8801356534d/build]   | 20:05:53.487 [main] DEBUG com.walmartlabs.x12.dex.dx894.DefaultDex894Parser - DXS
[85c18b35-dbe4-4237-ab32-e8801356534d/build]   | 20:05:53.487 [main] DEBUG com.walmartlabs.x12.dex.dx894.DefaultDex894Parser - DXS
[85c18b35-dbe4-4237-ab32-e8801356534d/build]   | 20:05:53.488 [main] DEBUG com.walmartlabs.x12.dex.dx894.DefaultDex894Parser - DXS
[85c18b35-dbe4-4237-ab32-e8801356534d/build]   | 20:05:53.488 [main] DEBUG com.walmartlabs.x12.dex.dx894.DefaultDex894Parser - DXS
[85c18b35-dbe4-4237-ab32-e8801356534d/build]   | Tests run: 8, Failures: 0, Errors: 0, Skipped: 0, Time elapsed: 0.009 sec
[85c18b35-dbe4-4237-ab32-e8801356534d/build]   | Running com.walmartlabs.x12.util.LuhnMod10ChecksumTest
[85c18b35-dbe4-4237-ab32-e8801356534d/build]   | Tests run: 6, Failures: 0, Errors: 0, Skipped: 0, Time elapsed: 0.005 sec
[85c18b35-dbe4-4237-ab32-e8801356534d/build]   | Running com.walmartlabs.x12.util.BarCodeMod10ChecksumTest
[85c18b35-dbe4-4237-ab32-e8801356534d/build]   | Tests run: 6, Failures: 0, Errors: 0, Skipped: 0, Time elapsed: 0.003 sec
[85c18b35-dbe4-4237-ab32-e8801356534d/build]   | Running com.walmartlabs.x12.util.RetailSellingUnitUtilTest
[85c18b35-dbe4-4237-ab32-e8801356534d/build]   | Tests run: 19, Failures: 0, Errors: 0, Skipped: 0, Time elapsed: 0.015 sec
[85c18b35-dbe4-4237-ab32-e8801356534d/build]   | 
[85c18b35-dbe4-4237-ab32-e8801356534d/build]   | Results :
[85c18b35-dbe4-4237-ab32-e8801356534d/build]   | 
[85c18b35-dbe4-4237-ab32-e8801356534d/build]   | Tests run: 99, Failures: 0, Errors: 0, Skipped: 0
[85c18b35-dbe4-4237-ab32-e8801356534d/build]   | 
[85c18b35-dbe4-4237-ab32-e8801356534d/build]   | [INFO] 
[85c18b35-dbe4-4237-ab32-e8801356534d/build]   | [INFO] --- maven-jar-plugin:2.4:jar (default-jar) @ zuul ---
[85c18b35-dbe4-4237-ab32-e8801356534d/build]   | [INFO] Downloading from central: https://repo.maven.apache.org/maven2/org/apache/maven/maven-archiver/2.5/maven-archiver-2.5.pom
[85c18b35-dbe4-4237-ab32-e8801356534d/build]   | [INFO] Downloaded from central: https://repo.maven.apache.org/maven2/org/apache/maven/maven-archiver/2.5/maven-archiver-2.5.pom (4.5 kB at 284 kB/s)
[85c18b35-dbe4-4237-ab32-e8801356534d/build]   | [INFO] Downloading from central: https://repo.maven.apache.org/maven2/org/codehaus/plexus/plexus-archiver/2.1/plexus-archiver-2.1.pom
[85c18b35-dbe4-4237-ab32-e8801356534d/build]   | [INFO] Downloaded from central: https://repo.maven.apache.org/maven2/org/codehaus/plexus/plexus-archiver/2.1/plexus-archiver-2.1.pom (2.8 kB at 97 kB/s)
[85c18b35-dbe4-4237-ab32-e8801356534d/build]   | [INFO] Downloading from central: https://repo.maven.apache.org/maven2/org/codehaus/plexus/plexus-utils/3.0/plexus-utils-3.0.pom
[85c18b35-dbe4-4237-ab32-e8801356534d/build]   | [INFO] Downloaded from central: https://repo.maven.apache.org/maven2/org/codehaus/plexus/plexus-utils/3.0/plexus-utils-3.0.pom (4.1 kB at 185 kB/s)
[85c18b35-dbe4-4237-ab32-e8801356534d/build]   | [INFO] Downloading from central: https://repo.maven.apache.org/maven2/org/sonatype/spice/spice-parent/16/spice-parent-16.pom
[85c18b35-dbe4-4237-ab32-e8801356534d/build]   | [INFO] Downloaded from central: https://repo.maven.apache.org/maven2/org/sonatype/spice/spice-parent/16/spice-parent-16.pom (8.4 kB at 348 kB/s)
[85c18b35-dbe4-4237-ab32-e8801356534d/build]   | [INFO] Downloading from central: https://repo.maven.apache.org/maven2/org/sonatype/forge/forge-parent/5/forge-parent-5.pom
[85c18b35-dbe4-4237-ab32-e8801356534d/build]   | [INFO] Downloaded from central: https://repo.maven.apache.org/maven2/org/sonatype/forge/forge-parent/5/forge-parent-5.pom (8.4 kB at 597 kB/s)
[85c18b35-dbe4-4237-ab32-e8801356534d/build]   | [INFO] Downloading from central: https://repo.maven.apache.org/maven2/org/codehaus/plexus/plexus-io/2.0.2/plexus-io-2.0.2.pom
[85c18b35-dbe4-4237-ab32-e8801356534d/build]   | [INFO] Downloaded from central: https://repo.maven.apache.org/maven2/org/codehaus/plexus/plexus-io/2.0.2/plexus-io-2.0.2.pom (1.7 kB at 108 kB/s)
[85c18b35-dbe4-4237-ab32-e8801356534d/build]   | [INFO] Downloading from central: https://repo.maven.apache.org/maven2/org/codehaus/plexus/plexus-components/1.1.19/plexus-components-1.1.19.pom
[85c18b35-dbe4-4237-ab32-e8801356534d/build]   | [INFO] Downloaded from central: https://repo.maven.apache.org/maven2/org/codehaus/plexus/plexus-components/1.1.19/plexus-components-1.1.19.pom (2.7 kB at 33 kB/s)
[85c18b35-dbe4-4237-ab32-e8801356534d/build]   | [INFO] Downloading from central: https://repo.maven.apache.org/maven2/org/codehaus/plexus/plexus/3.0.1/plexus-3.0.1.pom
[85c18b35-dbe4-4237-ab32-e8801356534d/build]   | [INFO] Downloaded from central: https://repo.maven.apache.org/maven2/org/codehaus/plexus/plexus/3.0.1/plexus-3.0.1.pom (19 kB at 1.6 MB/s)
[85c18b35-dbe4-4237-ab32-e8801356534d/build]   | [INFO] Downloading from central: https://repo.maven.apache.org/maven2/org/codehaus/plexus/plexus-interpolation/1.15/plexus-interpolation-1.15.pom
[85c18b35-dbe4-4237-ab32-e8801356534d/build]   | [INFO] Downloaded from central: https://repo.maven.apache.org/maven2/org/codehaus/plexus/plexus-interpolation/1.15/plexus-interpolation-1.15.pom (1.0 kB at 68 kB/s)
[85c18b35-dbe4-4237-ab32-e8801356534d/build]   | [INFO] Downloading from central: https://repo.maven.apache.org/maven2/commons-lang/commons-lang/2.1/commons-lang-2.1.pom
[85c18b35-dbe4-4237-ab32-e8801356534d/build]   | [INFO] Downloaded from central: https://repo.maven.apache.org/maven2/commons-lang/commons-lang/2.1/commons-lang-2.1.pom (9.9 kB at 236 kB/s)
[85c18b35-dbe4-4237-ab32-e8801356534d/build]   | [INFO] Downloading from central: https://repo.maven.apache.org/maven2/classworlds/classworlds/1.1-alpha-2/classworlds-1.1-alpha-2.jar
[85c18b35-dbe4-4237-ab32-e8801356534d/build]   | [INFO] Downloading from central: https://repo.maven.apache.org/maven2/org/apache/maven/maven-archiver/2.5/maven-archiver-2.5.jar
[85c18b35-dbe4-4237-ab32-e8801356534d/build]   | [INFO] Downloading from central: https://repo.maven.apache.org/maven2/org/codehaus/plexus/plexus-interpolation/1.15/plexus-interpolation-1.15.jar
[85c18b35-dbe4-4237-ab32-e8801356534d/build]   | [INFO] Downloading from central: https://repo.maven.apache.org/maven2/org/codehaus/plexus/plexus-archiver/2.1/plexus-archiver-2.1.jar
[85c18b35-dbe4-4237-ab32-e8801356534d/build]   | [INFO] Downloading from central: https://repo.maven.apache.org/maven2/org/codehaus/plexus/plexus-io/2.0.2/plexus-io-2.0.2.jar
[85c18b35-dbe4-4237-ab32-e8801356534d/build]   | [INFO] Downloaded from central: https://repo.maven.apache.org/maven2/org/codehaus/plexus/plexus-io/2.0.2/plexus-io-2.0.2.jar (58 kB at 3.2 MB/s)
[85c18b35-dbe4-4237-ab32-e8801356534d/build]   | [INFO] Downloading from central: https://repo.maven.apache.org/maven2/commons-lang/commons-lang/2.1/commons-lang-2.1.jar
[85c18b35-dbe4-4237-ab32-e8801356534d/build]   | [INFO] Downloaded from central: https://repo.maven.apache.org/maven2/classworlds/classworlds/1.1-alpha-2/classworlds-1.1-alpha-2.jar (38 kB at 1.8 MB/s)
[85c18b35-dbe4-4237-ab32-e8801356534d/build]   | [INFO] Downloading from central: https://repo.maven.apache.org/maven2/org/codehaus/plexus/plexus-utils/3.0/plexus-utils-3.0.jar
[85c18b35-dbe4-4237-ab32-e8801356534d/build]   | [INFO] Downloaded from central: https://repo.maven.apache.org/maven2/org/codehaus/plexus/plexus-archiver/2.1/plexus-archiver-2.1.jar (184 kB at 8.4 MB/s)
[85c18b35-dbe4-4237-ab32-e8801356534d/build]   | [INFO] Downloaded from central: https://repo.maven.apache.org/maven2/org/apache/maven/maven-archiver/2.5/maven-archiver-2.5.jar (22 kB at 873 kB/s)
[85c18b35-dbe4-4237-ab32-e8801356534d/build]   | [INFO] Downloaded from central: https://repo.maven.apache.org/maven2/org/codehaus/plexus/plexus-interpolation/1.15/plexus-interpolation-1.15.jar (60 kB at 2.5 MB/s)
[85c18b35-dbe4-4237-ab32-e8801356534d/build]   | [INFO] Downloaded from central: https://repo.maven.apache.org/maven2/commons-lang/commons-lang/2.1/commons-lang-2.1.jar (208 kB at 3.0 MB/s)
[85c18b35-dbe4-4237-ab32-e8801356534d/build]   | [INFO] Downloaded from central: https://repo.maven.apache.org/maven2/org/codehaus/plexus/plexus-utils/3.0/plexus-utils-3.0.jar (226 kB at 2.9 MB/s)
[85c18b35-dbe4-4237-ab32-e8801356534d/build]   | [INFO] Building jar: /tmp/dcf2de27-a8db-4b3d-bb21-a92ec5a0d400/target/zuul-0.0.0.0-SNAPSHOT.jar
[85c18b35-dbe4-4237-ab32-e8801356534d/build]   | [INFO] ------------------------------------------------------------------------
[85c18b35-dbe4-4237-ab32-e8801356534d/build]   | [INFO] BUILD SUCCESS
[85c18b35-dbe4-4237-ab32-e8801356534d/build]   | [INFO] ------------------------------------------------------------------------
[85c18b35-dbe4-4237-ab32-e8801356534d/build]   | [INFO] Total time:  14.439 s
[85c18b35-dbe4-4237-ab32-e8801356534d/build]   | [INFO] Finished at: 2023-07-12T20:05:55Z
[85c18b35-dbe4-4237-ab32-e8801356534d/build]   | [INFO] ------------------------------------------------------------------------
[85c18b35-dbe4-4237-ab32-e8801356534d/build]   ‚úÖ  Success - Main Build with Maven
[85c18b35-dbe4-4237-ab32-e8801356534d/build] unable to get git ref: failed to identify reference (tag/branch) for the checked-out revision '29b4bdbbe9ffda2747bfa8bf2f65d071c7d470b0'
[85c18b35-dbe4-4237-ab32-e8801356534d/build] unable to get git ref: failed to identify reference (tag/branch) for the checked-out revision '29b4bdbbe9ffda2747bfa8bf2f65d071c7d470b0'
[85c18b35-dbe4-4237-ab32-e8801356534d/build] unable to get git ref: failed to identify reference (tag/branch) for the checked-out revision '29b4bdbbe9ffda2747bfa8bf2f65d071c7d470b0'
[85c18b35-dbe4-4237-ab32-e8801356534d/build] unable to get git ref: failed to identify reference (tag/branch) for the checked-out revision '29b4bdbbe9ffda2747bfa8bf2f65d071c7d470b0'
[85c18b35-dbe4-4237-ab32-e8801356534d/build] unable to get git ref: failed to identify reference (tag/branch) for the checked-out revision '29b4bdbbe9ffda2747bfa8bf2f65d071c7d470b0'
[85c18b35-dbe4-4237-ab32-e8801356534d/build] ‚≠ê Run Post Set up JDK 1.8
[85c18b35-dbe4-4237-ab32-e8801356534d/build]   üê≥  docker exec cmd=[node /var/run/act/actions/actions-setup-java@v1/dist/cleanup/index.js] user= workdir=
[85c18b35-dbe4-4237-ab32-e8801356534d/build]   ‚úÖ  Success - Post Set up JDK 1.8
[85c18b35-dbe4-4237-ab32-e8801356534d/build] üèÅ  Job succeeded
[85c18b35-dbe4-4237-ab32-e8801356534d/build] unable to get git ref: failed to identify reference (tag/branch) for the checked-out revision '29b4bdbbe9ffda2747bfa8bf2f65d071c7d470b0'
