[de8a65b6-6884-4106-8be0-7ff341d289c2/build] üöÄ  Start image=crawlergpt:latest
[de8a65b6-6884-4106-8be0-7ff341d289c2/build]   üê≥  docker pull image=crawlergpt:latest platform= username= forcePull=false
[de8a65b6-6884-4106-8be0-7ff341d289c2/build]   üê≥  docker create image=crawlergpt:latest platform= entrypoint=["tail" "-f" "/dev/null"] cmd=[]
[de8a65b6-6884-4106-8be0-7ff341d289c2/build]   üê≥  docker run image=crawlergpt:latest platform= entrypoint=["tail" "-f" "/dev/null"] cmd=[]
[de8a65b6-6884-4106-8be0-7ff341d289c2/build]   üê≥  docker exec cmd=[chown -R 1012:1013 /tmp/3c408385-4f15-4b73-993c-634a941b343d] user=0 workdir=
[de8a65b6-6884-4106-8be0-7ff341d289c2/build] unable to get git ref: failed to identify reference (tag/branch) for the checked-out revision 'f0574eb42e92e9834ffbcf34713825f8ef4bec24'
[de8a65b6-6884-4106-8be0-7ff341d289c2/build] unable to get git ref: failed to identify reference (tag/branch) for the checked-out revision 'f0574eb42e92e9834ffbcf34713825f8ef4bec24'
[de8a65b6-6884-4106-8be0-7ff341d289c2/build] unable to get git ref: failed to identify reference (tag/branch) for the checked-out revision 'f0574eb42e92e9834ffbcf34713825f8ef4bec24'
[de8a65b6-6884-4106-8be0-7ff341d289c2/build] unable to get git ref: failed to identify reference (tag/branch) for the checked-out revision 'f0574eb42e92e9834ffbcf34713825f8ef4bec24'
[de8a65b6-6884-4106-8be0-7ff341d289c2/build] unable to get git ref: failed to identify reference (tag/branch) for the checked-out revision 'f0574eb42e92e9834ffbcf34713825f8ef4bec24'
[de8a65b6-6884-4106-8be0-7ff341d289c2/build] unable to get git ref: failed to identify reference (tag/branch) for the checked-out revision 'f0574eb42e92e9834ffbcf34713825f8ef4bec24'
[de8a65b6-6884-4106-8be0-7ff341d289c2/build] unable to get git ref: failed to identify reference (tag/branch) for the checked-out revision 'f0574eb42e92e9834ffbcf34713825f8ef4bec24'
[de8a65b6-6884-4106-8be0-7ff341d289c2/build] unable to get git ref: failed to identify reference (tag/branch) for the checked-out revision 'f0574eb42e92e9834ffbcf34713825f8ef4bec24'
[de8a65b6-6884-4106-8be0-7ff341d289c2/build] unable to get git ref: failed to identify reference (tag/branch) for the checked-out revision 'f0574eb42e92e9834ffbcf34713825f8ef4bec24'
[de8a65b6-6884-4106-8be0-7ff341d289c2/build] ‚≠ê Run Main actions/checkout@v2
[de8a65b6-6884-4106-8be0-7ff341d289c2/build] unable to get git ref: failed to identify reference (tag/branch) for the checked-out revision 'f0574eb42e92e9834ffbcf34713825f8ef4bec24'
[de8a65b6-6884-4106-8be0-7ff341d289c2/build]   ‚úÖ  Success - Main actions/checkout@v2
[de8a65b6-6884-4106-8be0-7ff341d289c2/build] unable to get git ref: failed to identify reference (tag/branch) for the checked-out revision 'f0574eb42e92e9834ffbcf34713825f8ef4bec24'
[de8a65b6-6884-4106-8be0-7ff341d289c2/build] unable to get git ref: failed to identify reference (tag/branch) for the checked-out revision 'f0574eb42e92e9834ffbcf34713825f8ef4bec24'
[de8a65b6-6884-4106-8be0-7ff341d289c2/build] unable to get git ref: failed to identify reference (tag/branch) for the checked-out revision 'f0574eb42e92e9834ffbcf34713825f8ef4bec24'
[de8a65b6-6884-4106-8be0-7ff341d289c2/build] unable to get git ref: failed to identify reference (tag/branch) for the checked-out revision 'f0574eb42e92e9834ffbcf34713825f8ef4bec24'
[de8a65b6-6884-4106-8be0-7ff341d289c2/build] unable to get git ref: failed to identify reference (tag/branch) for the checked-out revision 'f0574eb42e92e9834ffbcf34713825f8ef4bec24'
[de8a65b6-6884-4106-8be0-7ff341d289c2/build] ‚≠ê Run Main Set up JDK 1.8
[de8a65b6-6884-4106-8be0-7ff341d289c2/build] unable to get git ref: failed to identify reference (tag/branch) for the checked-out revision 'f0574eb42e92e9834ffbcf34713825f8ef4bec24'
[de8a65b6-6884-4106-8be0-7ff341d289c2/build] unable to get git ref: failed to identify reference (tag/branch) for the checked-out revision 'f0574eb42e92e9834ffbcf34713825f8ef4bec24'
[de8a65b6-6884-4106-8be0-7ff341d289c2/build] unable to get git ref: failed to identify reference (tag/branch) for the checked-out revision 'f0574eb42e92e9834ffbcf34713825f8ef4bec24'
[de8a65b6-6884-4106-8be0-7ff341d289c2/build]   üê≥  docker cp src=/tmp/act-cache/10f0f006-dfc0-4de1-bb05-eb660ce52cfe/act/actions-setup-java@v1/ dst=/var/run/act/actions/actions-setup-java@v1/
[de8a65b6-6884-4106-8be0-7ff341d289c2/build]   üê≥  docker exec cmd=[chown -R 1012:1013 /var/run/act/actions/actions-setup-java@v1/] user=0 workdir=
[de8a65b6-6884-4106-8be0-7ff341d289c2/build]   üê≥  docker exec cmd=[node /var/run/act/actions/actions-setup-java@v1/dist/setup/index.js] user= workdir=
[de8a65b6-6884-4106-8be0-7ff341d289c2/build]   üí¨  ::debug::isExplicit: 
[de8a65b6-6884-4106-8be0-7ff341d289c2/build]   üí¨  ::debug::explicit? false
[de8a65b6-6884-4106-8be0-7ff341d289c2/build]   üí¨  ::debug::evaluating 0 versions
[de8a65b6-6884-4106-8be0-7ff341d289c2/build]   üí¨  ::debug::match not found
[de8a65b6-6884-4106-8be0-7ff341d289c2/build]   üí¨  ::debug::Downloading JDK from Azul
[de8a65b6-6884-4106-8be0-7ff341d289c2/build]   üí¨  ::debug::Searching for files with extension: -linux_x64.tar.gz
[de8a65b6-6884-4106-8be0-7ff341d289c2/build]   üí¨  ::debug::Downloading https://static.azul.com/zulu/bin/zulu8.70.0.23-ca-jdk8.0.372-linux_x64.tar.gz
[de8a65b6-6884-4106-8be0-7ff341d289c2/build]   üí¨  ::debug::Downloading /tmp/1d779f13-558b-4c5c-b5a0-d50d7ceffdb9
[de8a65b6-6884-4106-8be0-7ff341d289c2/build]   üí¨  ::debug::download complete
[de8a65b6-6884-4106-8be0-7ff341d289c2/build]   | [command]/usr/bin/tar --version
[de8a65b6-6884-4106-8be0-7ff341d289c2/build]   | tar (GNU tar) 1.30
[de8a65b6-6884-4106-8be0-7ff341d289c2/build]   | Copyright (C) 2017 Free Software Foundation, Inc.
[de8a65b6-6884-4106-8be0-7ff341d289c2/build]   | License GPLv3+: GNU GPL version 3 or later <https://gnu.org/licenses/gpl.html>.
[de8a65b6-6884-4106-8be0-7ff341d289c2/build]   | This is free software: you are free to change and redistribute it.
[de8a65b6-6884-4106-8be0-7ff341d289c2/build]   | There is NO WARRANTY, to the extent permitted by law.
[de8a65b6-6884-4106-8be0-7ff341d289c2/build]   | 
[de8a65b6-6884-4106-8be0-7ff341d289c2/build]   | Written by John Gilmore and Jay Fenlason.
[de8a65b6-6884-4106-8be0-7ff341d289c2/build]   | [command]/usr/bin/tar xz --warning=no-unknown-keyword -C /tmp/temp_307827959 -f /tmp/1d779f13-558b-4c5c-b5a0-d50d7ceffdb9
[de8a65b6-6884-4106-8be0-7ff341d289c2/build]   üí¨  ::debug::jdk extracted to /tmp/temp_307827959/zulu8.70.0.23-ca-jdk8.0.372-linux_x64
[de8a65b6-6884-4106-8be0-7ff341d289c2/build]   üí¨  ::debug::Caching tool jdk 8.0.372 x64
[de8a65b6-6884-4106-8be0-7ff341d289c2/build]   üí¨  ::debug::source dir: /tmp/temp_307827959/zulu8.70.0.23-ca-jdk8.0.372-linux_x64
[de8a65b6-6884-4106-8be0-7ff341d289c2/build]   üí¨  ::debug::destination /opt/hostedtoolcache/jdk/8.0.372/x64
[de8a65b6-6884-4106-8be0-7ff341d289c2/build]   üí¨  ::debug::finished caching tool
[de8a65b6-6884-4106-8be0-7ff341d289c2/build]   ‚ùì add-matcher /run/act/actions/actions-setup-java@v1/.github/java.json
[de8a65b6-6884-4106-8be0-7ff341d289c2/build]   | creating settings.xml with server-id: github; environment variables: username=$GITHUB_ACTOR, password=$GITHUB_TOKEN, and gpg-passphrase=null
[de8a65b6-6884-4106-8be0-7ff341d289c2/build]   üí¨  ::debug::created directory /home/runneradmin/.m2
[de8a65b6-6884-4106-8be0-7ff341d289c2/build]   | writing /home/runneradmin/.m2/settings.xml
[de8a65b6-6884-4106-8be0-7ff341d289c2/build]   ‚úÖ  Success - Main Set up JDK 1.8
[de8a65b6-6884-4106-8be0-7ff341d289c2/build]   ‚öô  ::set-env:: JAVA_HOME_8.0.372_x64=/opt/hostedtoolcache/jdk/8.0.372/x64
[de8a65b6-6884-4106-8be0-7ff341d289c2/build]   ‚öô  ::set-env:: JAVA_HOME=/opt/hostedtoolcache/jdk/8.0.372/x64
[de8a65b6-6884-4106-8be0-7ff341d289c2/build]   ‚öô  ::set-env:: JAVA_HOME_8_0_372_X64=/opt/hostedtoolcache/jdk/8.0.372/x64
[de8a65b6-6884-4106-8be0-7ff341d289c2/build]   ‚öô  ::set-output:: path=/opt/hostedtoolcache/jdk/8.0.372/x64
[de8a65b6-6884-4106-8be0-7ff341d289c2/build]   ‚öô  ::set-output:: version=8.0.372
[de8a65b6-6884-4106-8be0-7ff341d289c2/build]   ‚öô  ::add-path:: /opt/hostedtoolcache/jdk/8.0.372/x64/bin
[de8a65b6-6884-4106-8be0-7ff341d289c2/build] unable to get git ref: failed to identify reference (tag/branch) for the checked-out revision 'f0574eb42e92e9834ffbcf34713825f8ef4bec24'
[de8a65b6-6884-4106-8be0-7ff341d289c2/build] unable to get git ref: failed to identify reference (tag/branch) for the checked-out revision 'f0574eb42e92e9834ffbcf34713825f8ef4bec24'
[de8a65b6-6884-4106-8be0-7ff341d289c2/build] unable to get git ref: failed to identify reference (tag/branch) for the checked-out revision 'f0574eb42e92e9834ffbcf34713825f8ef4bec24'
[de8a65b6-6884-4106-8be0-7ff341d289c2/build] unable to get git ref: failed to identify reference (tag/branch) for the checked-out revision 'f0574eb42e92e9834ffbcf34713825f8ef4bec24'
[de8a65b6-6884-4106-8be0-7ff341d289c2/build] unable to get git ref: failed to identify reference (tag/branch) for the checked-out revision 'f0574eb42e92e9834ffbcf34713825f8ef4bec24'
[de8a65b6-6884-4106-8be0-7ff341d289c2/build] ‚≠ê Run Main Build with Maven
[de8a65b6-6884-4106-8be0-7ff341d289c2/build] unable to get git ref: failed to identify reference (tag/branch) for the checked-out revision 'f0574eb42e92e9834ffbcf34713825f8ef4bec24'
[de8a65b6-6884-4106-8be0-7ff341d289c2/build] unable to get git ref: failed to identify reference (tag/branch) for the checked-out revision 'f0574eb42e92e9834ffbcf34713825f8ef4bec24'
[de8a65b6-6884-4106-8be0-7ff341d289c2/build] unable to get git ref: failed to identify reference (tag/branch) for the checked-out revision 'f0574eb42e92e9834ffbcf34713825f8ef4bec24'
[de8a65b6-6884-4106-8be0-7ff341d289c2/build] unable to get git ref: failed to identify reference (tag/branch) for the checked-out revision 'f0574eb42e92e9834ffbcf34713825f8ef4bec24'
[de8a65b6-6884-4106-8be0-7ff341d289c2/build]   üê≥  docker exec cmd=[bash --noprofile --norc -e -o pipefail /var/run/act/workflow/2] user= workdir=
[de8a65b6-6884-4106-8be0-7ff341d289c2/build]   | [INFO] Scanning for projects...
[de8a65b6-6884-4106-8be0-7ff341d289c2/build]   | [INFO] 
[de8a65b6-6884-4106-8be0-7ff341d289c2/build]   | [INFO] ------------------< net.e175.klaus:solarpositioning >-------------------
[de8a65b6-6884-4106-8be0-7ff341d289c2/build]   | [INFO] Building solarpositioning 0.0.9-SNAPSHOT
[de8a65b6-6884-4106-8be0-7ff341d289c2/build]   | [INFO] --------------------------------[ jar ]---------------------------------
[de8a65b6-6884-4106-8be0-7ff341d289c2/build]   | [INFO] Downloading from central: https://repo.maven.apache.org/maven2/org/apache/maven/plugins/maven-resources-plugin/2.6/maven-resources-plugin-2.6.pom
[de8a65b6-6884-4106-8be0-7ff341d289c2/build]   | [INFO] Downloaded from central: https://repo.maven.apache.org/maven2/org/apache/maven/plugins/maven-resources-plugin/2.6/maven-resources-plugin-2.6.pom (8.1 kB at 9.7 kB/s)
[de8a65b6-6884-4106-8be0-7ff341d289c2/build]   | [INFO] Downloading from central: https://repo.maven.apache.org/maven2/org/apache/maven/plugins/maven-plugins/23/maven-plugins-23.pom
[de8a65b6-6884-4106-8be0-7ff341d289c2/build]   | [INFO] Downloaded from central: https://repo.maven.apache.org/maven2/org/apache/maven/plugins/maven-plugins/23/maven-plugins-23.pom (9.2 kB at 146 kB/s)
[de8a65b6-6884-4106-8be0-7ff341d289c2/build]   | [INFO] Downloading from central: https://repo.maven.apache.org/maven2/org/apache/maven/maven-parent/22/maven-parent-22.pom
[de8a65b6-6884-4106-8be0-7ff341d289c2/build]   | [INFO] Downloaded from central: https://repo.maven.apache.org/maven2/org/apache/maven/maven-parent/22/maven-parent-22.pom (30 kB at 227 kB/s)
[de8a65b6-6884-4106-8be0-7ff341d289c2/build]   | [INFO] Downloading from central: https://repo.maven.apache.org/maven2/org/apache/apache/11/apache-11.pom
[de8a65b6-6884-4106-8be0-7ff341d289c2/build]   | [INFO] Downloaded from central: https://repo.maven.apache.org/maven2/org/apache/apache/11/apache-11.pom (15 kB at 361 kB/s)
[de8a65b6-6884-4106-8be0-7ff341d289c2/build]   | [INFO] Downloading from central: https://repo.maven.apache.org/maven2/org/apache/maven/plugins/maven-resources-plugin/2.6/maven-resources-plugin-2.6.jar
[de8a65b6-6884-4106-8be0-7ff341d289c2/build]   | [INFO] Downloaded from central: https://repo.maven.apache.org/maven2/org/apache/maven/plugins/maven-resources-plugin/2.6/maven-resources-plugin-2.6.jar (30 kB at 259 kB/s)
[de8a65b6-6884-4106-8be0-7ff341d289c2/build]   | [INFO] Downloading from central: https://repo.maven.apache.org/maven2/org/apache/maven/plugins/maven-compiler-plugin/3.3/maven-compiler-plugin-3.3.pom
[de8a65b6-6884-4106-8be0-7ff341d289c2/build]   | [INFO] Downloaded from central: https://repo.maven.apache.org/maven2/org/apache/maven/plugins/maven-compiler-plugin/3.3/maven-compiler-plugin-3.3.pom (11 kB at 174 kB/s)
[de8a65b6-6884-4106-8be0-7ff341d289c2/build]   | [INFO] Downloading from central: https://repo.maven.apache.org/maven2/org/apache/maven/plugins/maven-plugins/27/maven-plugins-27.pom
[de8a65b6-6884-4106-8be0-7ff341d289c2/build]   | [INFO] Downloaded from central: https://repo.maven.apache.org/maven2/org/apache/maven/plugins/maven-plugins/27/maven-plugins-27.pom (11 kB at 180 kB/s)
[de8a65b6-6884-4106-8be0-7ff341d289c2/build]   | [INFO] Downloading from central: https://repo.maven.apache.org/maven2/org/apache/maven/maven-parent/26/maven-parent-26.pom
[de8a65b6-6884-4106-8be0-7ff341d289c2/build]   | [INFO] Downloaded from central: https://repo.maven.apache.org/maven2/org/apache/maven/maven-parent/26/maven-parent-26.pom (40 kB at 947 kB/s)
[de8a65b6-6884-4106-8be0-7ff341d289c2/build]   | [INFO] Downloading from central: https://repo.maven.apache.org/maven2/org/apache/apache/16/apache-16.pom
[de8a65b6-6884-4106-8be0-7ff341d289c2/build]   | [INFO] Downloaded from central: https://repo.maven.apache.org/maven2/org/apache/apache/16/apache-16.pom (15 kB at 616 kB/s)
[de8a65b6-6884-4106-8be0-7ff341d289c2/build]   | [INFO] Downloading from central: https://repo.maven.apache.org/maven2/org/apache/maven/plugins/maven-compiler-plugin/3.3/maven-compiler-plugin-3.3.jar
[de8a65b6-6884-4106-8be0-7ff341d289c2/build]   | [INFO] Downloaded from central: https://repo.maven.apache.org/maven2/org/apache/maven/plugins/maven-compiler-plugin/3.3/maven-compiler-plugin-3.3.jar (46 kB at 1.4 MB/s)
[de8a65b6-6884-4106-8be0-7ff341d289c2/build]   | [INFO] Downloading from central: https://repo.maven.apache.org/maven2/org/apache/maven/plugins/maven-surefire-plugin/2.12.4/maven-surefire-plugin-2.12.4.pom
[de8a65b6-6884-4106-8be0-7ff341d289c2/build]   | [INFO] Downloaded from central: https://repo.maven.apache.org/maven2/org/apache/maven/plugins/maven-surefire-plugin/2.12.4/maven-surefire-plugin-2.12.4.pom (10 kB at 403 kB/s)
[de8a65b6-6884-4106-8be0-7ff341d289c2/build]   | [INFO] Downloading from central: https://repo.maven.apache.org/maven2/org/apache/maven/surefire/surefire/2.12.4/surefire-2.12.4.pom
[de8a65b6-6884-4106-8be0-7ff341d289c2/build]   | [INFO] Downloaded from central: https://repo.maven.apache.org/maven2/org/apache/maven/surefire/surefire/2.12.4/surefire-2.12.4.pom (14 kB at 919 kB/s)
[de8a65b6-6884-4106-8be0-7ff341d289c2/build]   | [INFO] Downloading from central: https://repo.maven.apache.org/maven2/org/apache/maven/plugins/maven-surefire-plugin/2.12.4/maven-surefire-plugin-2.12.4.jar
[de8a65b6-6884-4106-8be0-7ff341d289c2/build]   | [INFO] Downloaded from central: https://repo.maven.apache.org/maven2/org/apache/maven/plugins/maven-surefire-plugin/2.12.4/maven-surefire-plugin-2.12.4.jar (30 kB at 846 kB/s)
[de8a65b6-6884-4106-8be0-7ff341d289c2/build]   | [INFO] Downloading from central: https://repo.maven.apache.org/maven2/org/codehaus/mojo/animal-sniffer-maven-plugin/1.14/animal-sniffer-maven-plugin-1.14.pom
[de8a65b6-6884-4106-8be0-7ff341d289c2/build]   | [INFO] Downloaded from central: https://repo.maven.apache.org/maven2/org/codehaus/mojo/animal-sniffer-maven-plugin/1.14/animal-sniffer-maven-plugin-1.14.pom (5.8 kB at 263 kB/s)
[de8a65b6-6884-4106-8be0-7ff341d289c2/build]   | [INFO] Downloading from central: https://repo.maven.apache.org/maven2/org/codehaus/mojo/animal-sniffer-parent/1.14/animal-sniffer-parent-1.14.pom
[de8a65b6-6884-4106-8be0-7ff341d289c2/build]   | [INFO] Downloaded from central: https://repo.maven.apache.org/maven2/org/codehaus/mojo/animal-sniffer-parent/1.14/animal-sniffer-parent-1.14.pom (4.4 kB at 219 kB/s)
[de8a65b6-6884-4106-8be0-7ff341d289c2/build]   | [INFO] Downloading from central: https://repo.maven.apache.org/maven2/org/codehaus/mojo/mojo-parent/34/mojo-parent-34.pom
[de8a65b6-6884-4106-8be0-7ff341d289c2/build]   | [INFO] Downloaded from central: https://repo.maven.apache.org/maven2/org/codehaus/mojo/mojo-parent/34/mojo-parent-34.pom (24 kB at 1.2 MB/s)
[de8a65b6-6884-4106-8be0-7ff341d289c2/build]   | [INFO] Downloading from central: https://repo.maven.apache.org/maven2/org/codehaus/codehaus-parent/4/codehaus-parent-4.pom
[de8a65b6-6884-4106-8be0-7ff341d289c2/build]   | [INFO] Downloaded from central: https://repo.maven.apache.org/maven2/org/codehaus/codehaus-parent/4/codehaus-parent-4.pom (4.8 kB at 134 kB/s)
[de8a65b6-6884-4106-8be0-7ff341d289c2/build]   | [INFO] Downloading from central: https://repo.maven.apache.org/maven2/org/codehaus/mojo/animal-sniffer-maven-plugin/1.14/animal-sniffer-maven-plugin-1.14.jar
[de8a65b6-6884-4106-8be0-7ff341d289c2/build]   | [INFO] Downloaded from central: https://repo.maven.apache.org/maven2/org/codehaus/mojo/animal-sniffer-maven-plugin/1.14/animal-sniffer-maven-plugin-1.14.jar (32 kB at 484 kB/s)
[de8a65b6-6884-4106-8be0-7ff341d289c2/build]   | [INFO] Downloading from central: https://repo.maven.apache.org/maven2/org/apache/maven/plugins/maven-jar-plugin/2.4/maven-jar-plugin-2.4.pom
[de8a65b6-6884-4106-8be0-7ff341d289c2/build]   | [INFO] Downloaded from central: https://repo.maven.apache.org/maven2/org/apache/maven/plugins/maven-jar-plugin/2.4/maven-jar-plugin-2.4.pom (5.8 kB at 233 kB/s)
[de8a65b6-6884-4106-8be0-7ff341d289c2/build]   | [INFO] Downloading from central: https://repo.maven.apache.org/maven2/org/apache/maven/plugins/maven-plugins/22/maven-plugins-22.pom
[de8a65b6-6884-4106-8be0-7ff341d289c2/build]   | [INFO] Downloaded from central: https://repo.maven.apache.org/maven2/org/apache/maven/plugins/maven-plugins/22/maven-plugins-22.pom (13 kB at 931 kB/s)
[de8a65b6-6884-4106-8be0-7ff341d289c2/build]   | [INFO] Downloading from central: https://repo.maven.apache.org/maven2/org/apache/maven/maven-parent/21/maven-parent-21.pom
[de8a65b6-6884-4106-8be0-7ff341d289c2/build]   | [INFO] Downloaded from central: https://repo.maven.apache.org/maven2/org/apache/maven/maven-parent/21/maven-parent-21.pom (26 kB at 628 kB/s)
[de8a65b6-6884-4106-8be0-7ff341d289c2/build]   | [INFO] Downloading from central: https://repo.maven.apache.org/maven2/org/apache/apache/10/apache-10.pom
[de8a65b6-6884-4106-8be0-7ff341d289c2/build]   | [INFO] Downloaded from central: https://repo.maven.apache.org/maven2/org/apache/apache/10/apache-10.pom (15 kB at 871 kB/s)
[de8a65b6-6884-4106-8be0-7ff341d289c2/build]   | [INFO] Downloading from central: https://repo.maven.apache.org/maven2/org/apache/maven/plugins/maven-jar-plugin/2.4/maven-jar-plugin-2.4.jar
[de8a65b6-6884-4106-8be0-7ff341d289c2/build]   | [INFO] Downloaded from central: https://repo.maven.apache.org/maven2/org/apache/maven/plugins/maven-jar-plugin/2.4/maven-jar-plugin-2.4.jar (34 kB at 577 kB/s)
[de8a65b6-6884-4106-8be0-7ff341d289c2/build]   | [INFO] Downloading from central: https://repo.maven.apache.org/maven2/junit/junit/4.12/junit-4.12.pom
[de8a65b6-6884-4106-8be0-7ff341d289c2/build]   | [INFO] Downloaded from central: https://repo.maven.apache.org/maven2/junit/junit/4.12/junit-4.12.pom (24 kB at 1.2 MB/s)
[de8a65b6-6884-4106-8be0-7ff341d289c2/build]   | [INFO] Downloading from central: https://repo.maven.apache.org/maven2/org/hamcrest/hamcrest-core/1.3/hamcrest-core-1.3.pom
[de8a65b6-6884-4106-8be0-7ff341d289c2/build]   | [INFO] Downloaded from central: https://repo.maven.apache.org/maven2/org/hamcrest/hamcrest-core/1.3/hamcrest-core-1.3.pom (766 B at 28 kB/s)
[de8a65b6-6884-4106-8be0-7ff341d289c2/build]   | [INFO] Downloading from central: https://repo.maven.apache.org/maven2/org/hamcrest/hamcrest-parent/1.3/hamcrest-parent-1.3.pom
[de8a65b6-6884-4106-8be0-7ff341d289c2/build]   | [INFO] Downloaded from central: https://repo.maven.apache.org/maven2/org/hamcrest/hamcrest-parent/1.3/hamcrest-parent-1.3.pom (2.0 kB at 68 kB/s)
[de8a65b6-6884-4106-8be0-7ff341d289c2/build]   | [INFO] Downloading from central: https://repo.maven.apache.org/maven2/junit/junit/4.12/junit-4.12.jar
[de8a65b6-6884-4106-8be0-7ff341d289c2/build]   | [INFO] Downloading from central: https://repo.maven.apache.org/maven2/org/hamcrest/hamcrest-core/1.3/hamcrest-core-1.3.jar
[de8a65b6-6884-4106-8be0-7ff341d289c2/build]   | [INFO] Downloaded from central: https://repo.maven.apache.org/maven2/org/hamcrest/hamcrest-core/1.3/hamcrest-core-1.3.jar (45 kB at 643 kB/s)
[de8a65b6-6884-4106-8be0-7ff341d289c2/build]   | [INFO] Downloaded from central: https://repo.maven.apache.org/maven2/junit/junit/4.12/junit-4.12.jar (315 kB at 4.3 MB/s)
[de8a65b6-6884-4106-8be0-7ff341d289c2/build]   | [INFO] 
[de8a65b6-6884-4106-8be0-7ff341d289c2/build]   | [INFO] --- maven-resources-plugin:2.6:resources (default-resources) @ solarpositioning ---
[de8a65b6-6884-4106-8be0-7ff341d289c2/build]   | [INFO] Downloading from central: https://repo.maven.apache.org/maven2/org/apache/maven/maven-plugin-api/2.0.6/maven-plugin-api-2.0.6.pom
[de8a65b6-6884-4106-8be0-7ff341d289c2/build]   | [INFO] Downloaded from central: https://repo.maven.apache.org/maven2/org/apache/maven/maven-plugin-api/2.0.6/maven-plugin-api-2.0.6.pom (1.5 kB at 146 kB/s)
[de8a65b6-6884-4106-8be0-7ff341d289c2/build]   | [INFO] Downloading from central: https://repo.maven.apache.org/maven2/org/apache/maven/maven/2.0.6/maven-2.0.6.pom
[de8a65b6-6884-4106-8be0-7ff341d289c2/build]   | [INFO] Downloaded from central: https://repo.maven.apache.org/maven2/org/apache/maven/maven/2.0.6/maven-2.0.6.pom (9.0 kB at 754 kB/s)
[de8a65b6-6884-4106-8be0-7ff341d289c2/build]   | [INFO] Downloading from central: https://repo.maven.apache.org/maven2/org/apache/maven/maven-parent/5/maven-parent-5.pom
[de8a65b6-6884-4106-8be0-7ff341d289c2/build]   | [INFO] Downloaded from central: https://repo.maven.apache.org/maven2/org/apache/maven/maven-parent/5/maven-parent-5.pom (15 kB at 311 kB/s)
[de8a65b6-6884-4106-8be0-7ff341d289c2/build]   | [INFO] Downloading from central: https://repo.maven.apache.org/maven2/org/apache/apache/3/apache-3.pom
[de8a65b6-6884-4106-8be0-7ff341d289c2/build]   | [INFO] Downloaded from central: https://repo.maven.apache.org/maven2/org/apache/apache/3/apache-3.pom (3.4 kB at 286 kB/s)
[de8a65b6-6884-4106-8be0-7ff341d289c2/build]   | [INFO] Downloading from central: https://repo.maven.apache.org/maven2/org/apache/maven/maven-project/2.0.6/maven-project-2.0.6.pom
[de8a65b6-6884-4106-8be0-7ff341d289c2/build]   | [INFO] Downloaded from central: https://repo.maven.apache.org/maven2/org/apache/maven/maven-project/2.0.6/maven-project-2.0.6.pom (2.6 kB at 88 kB/s)
[de8a65b6-6884-4106-8be0-7ff341d289c2/build]   | [INFO] Downloading from central: https://repo.maven.apache.org/maven2/org/apache/maven/maven-settings/2.0.6/maven-settings-2.0.6.pom
[de8a65b6-6884-4106-8be0-7ff341d289c2/build]   | [INFO] Downloaded from central: https://repo.maven.apache.org/maven2/org/apache/maven/maven-settings/2.0.6/maven-settings-2.0.6.pom (2.0 kB at 44 kB/s)
[de8a65b6-6884-4106-8be0-7ff341d289c2/build]   | [INFO] Downloading from central: https://repo.maven.apache.org/maven2/org/apache/maven/maven-model/2.0.6/maven-model-2.0.6.pom
[de8a65b6-6884-4106-8be0-7ff341d289c2/build]   | [INFO] Downloaded from central: https://repo.maven.apache.org/maven2/org/apache/maven/maven-model/2.0.6/maven-model-2.0.6.pom (3.0 kB at 218 kB/s)
[de8a65b6-6884-4106-8be0-7ff341d289c2/build]   | [INFO] Downloading from central: https://repo.maven.apache.org/maven2/org/codehaus/plexus/plexus-utils/1.4.1/plexus-utils-1.4.1.pom
[de8a65b6-6884-4106-8be0-7ff341d289c2/build]   | [INFO] Downloaded from central: https://repo.maven.apache.org/maven2/org/codehaus/plexus/plexus-utils/1.4.1/plexus-utils-1.4.1.pom (1.9 kB at 273 kB/s)
[de8a65b6-6884-4106-8be0-7ff341d289c2/build]   | [INFO] Downloading from central: https://repo.maven.apache.org/maven2/org/codehaus/plexus/plexus/1.0.11/plexus-1.0.11.pom
[de8a65b6-6884-4106-8be0-7ff341d289c2/build]   | [INFO] Downloaded from central: https://repo.maven.apache.org/maven2/org/codehaus/plexus/plexus/1.0.11/plexus-1.0.11.pom (9.0 kB at 997 kB/s)
[de8a65b6-6884-4106-8be0-7ff341d289c2/build]   | [INFO] Downloading from central: https://repo.maven.apache.org/maven2/org/codehaus/plexus/plexus-container-default/1.0-alpha-9-stable-1/plexus-container-default-1.0-alpha-9-stable-1.pom
[de8a65b6-6884-4106-8be0-7ff341d289c2/build]   | [INFO] Downloaded from central: https://repo.maven.apache.org/maven2/org/codehaus/plexus/plexus-container-default/1.0-alpha-9-stable-1/plexus-container-default-1.0-alpha-9-stable-1.pom (3.9 kB at 439 kB/s)
[de8a65b6-6884-4106-8be0-7ff341d289c2/build]   | [INFO] Downloading from central: https://repo.maven.apache.org/maven2/org/codehaus/plexus/plexus-containers/1.0.3/plexus-containers-1.0.3.pom
[de8a65b6-6884-4106-8be0-7ff341d289c2/build]   | [INFO] Downloaded from central: https://repo.maven.apache.org/maven2/org/codehaus/plexus/plexus-containers/1.0.3/plexus-containers-1.0.3.pom (492 B at 82 kB/s)
[de8a65b6-6884-4106-8be0-7ff341d289c2/build]   | [INFO] Downloading from central: https://repo.maven.apache.org/maven2/org/codehaus/plexus/plexus/1.0.4/plexus-1.0.4.pom
[de8a65b6-6884-4106-8be0-7ff341d289c2/build]   | [INFO] Downloaded from central: https://repo.maven.apache.org/maven2/org/codehaus/plexus/plexus/1.0.4/plexus-1.0.4.pom (5.7 kB at 956 kB/s)
[de8a65b6-6884-4106-8be0-7ff341d289c2/build]   | [INFO] Downloading from central: https://repo.maven.apache.org/maven2/junit/junit/3.8.1/junit-3.8.1.pom
[de8a65b6-6884-4106-8be0-7ff341d289c2/build]   | [INFO] Downloaded from central: https://repo.maven.apache.org/maven2/junit/junit/3.8.1/junit-3.8.1.pom (998 B at 143 kB/s)
[de8a65b6-6884-4106-8be0-7ff341d289c2/build]   | [INFO] Downloading from central: https://repo.maven.apache.org/maven2/org/codehaus/plexus/plexus-utils/1.0.4/plexus-utils-1.0.4.pom
[de8a65b6-6884-4106-8be0-7ff341d289c2/build]   | [INFO] Downloaded from central: https://repo.maven.apache.org/maven2/org/codehaus/plexus/plexus-utils/1.0.4/plexus-utils-1.0.4.pom (6.9 kB at 623 kB/s)
[de8a65b6-6884-4106-8be0-7ff341d289c2/build]   | [INFO] Downloading from central: https://repo.maven.apache.org/maven2/classworlds/classworlds/1.1-alpha-2/classworlds-1.1-alpha-2.pom
[de8a65b6-6884-4106-8be0-7ff341d289c2/build]   | [INFO] Downloaded from central: https://repo.maven.apache.org/maven2/classworlds/classworlds/1.1-alpha-2/classworlds-1.1-alpha-2.pom (3.1 kB at 447 kB/s)
[de8a65b6-6884-4106-8be0-7ff341d289c2/build]   | [INFO] Downloading from central: https://repo.maven.apache.org/maven2/org/apache/maven/maven-profile/2.0.6/maven-profile-2.0.6.pom
[de8a65b6-6884-4106-8be0-7ff341d289c2/build]   | [INFO] Downloaded from central: https://repo.maven.apache.org/maven2/org/apache/maven/maven-profile/2.0.6/maven-profile-2.0.6.pom (2.0 kB at 330 kB/s)
[de8a65b6-6884-4106-8be0-7ff341d289c2/build]   | [INFO] Downloading from central: https://repo.maven.apache.org/maven2/org/apache/maven/maven-artifact-manager/2.0.6/maven-artifact-manager-2.0.6.pom
[de8a65b6-6884-4106-8be0-7ff341d289c2/build]   | [INFO] Downloaded from central: https://repo.maven.apache.org/maven2/org/apache/maven/maven-artifact-manager/2.0.6/maven-artifact-manager-2.0.6.pom (2.6 kB at 375 kB/s)
[de8a65b6-6884-4106-8be0-7ff341d289c2/build]   | [INFO] Downloading from central: https://repo.maven.apache.org/maven2/org/apache/maven/maven-repository-metadata/2.0.6/maven-repository-metadata-2.0.6.pom
[de8a65b6-6884-4106-8be0-7ff341d289c2/build]   | [INFO] Downloaded from central: https://repo.maven.apache.org/maven2/org/apache/maven/maven-repository-metadata/2.0.6/maven-repository-metadata-2.0.6.pom (1.9 kB at 84 kB/s)
[de8a65b6-6884-4106-8be0-7ff341d289c2/build]   | [INFO] Downloading from central: https://repo.maven.apache.org/maven2/org/apache/maven/maven-artifact/2.0.6/maven-artifact-2.0.6.pom
[de8a65b6-6884-4106-8be0-7ff341d289c2/build]   | [INFO] Downloaded from central: https://repo.maven.apache.org/maven2/org/apache/maven/maven-artifact/2.0.6/maven-artifact-2.0.6.pom (1.6 kB at 79 kB/s)
[de8a65b6-6884-4106-8be0-7ff341d289c2/build]   | [INFO] Downloading from central: https://repo.maven.apache.org/maven2/org/apache/maven/maven-plugin-registry/2.0.6/maven-plugin-registry-2.0.6.pom
[de8a65b6-6884-4106-8be0-7ff341d289c2/build]   | [INFO] Downloaded from central: https://repo.maven.apache.org/maven2/org/apache/maven/maven-plugin-registry/2.0.6/maven-plugin-registry-2.0.6.pom (1.9 kB at 72 kB/s)
[de8a65b6-6884-4106-8be0-7ff341d289c2/build]   | [INFO] Downloading from central: https://repo.maven.apache.org/maven2/org/apache/maven/maven-core/2.0.6/maven-core-2.0.6.pom
[de8a65b6-6884-4106-8be0-7ff341d289c2/build]   | [INFO] Downloaded from central: https://repo.maven.apache.org/maven2/org/apache/maven/maven-core/2.0.6/maven-core-2.0.6.pom (6.7 kB at 516 kB/s)
[de8a65b6-6884-4106-8be0-7ff341d289c2/build]   | [INFO] Downloading from central: https://repo.maven.apache.org/maven2/org/apache/maven/maven-plugin-parameter-documenter/2.0.6/maven-plugin-parameter-documenter-2.0.6.pom
[de8a65b6-6884-4106-8be0-7ff341d289c2/build]   | [INFO] Downloaded from central: https://repo.maven.apache.org/maven2/org/apache/maven/maven-plugin-parameter-documenter/2.0.6/maven-plugin-parameter-documenter-2.0.6.pom (1.9 kB at 55 kB/s)
[de8a65b6-6884-4106-8be0-7ff341d289c2/build]   | [INFO] Downloading from central: https://repo.maven.apache.org/maven2/org/apache/maven/reporting/maven-reporting-api/2.0.6/maven-reporting-api-2.0.6.pom
[de8a65b6-6884-4106-8be0-7ff341d289c2/build]   | [INFO] Downloaded from central: https://repo.maven.apache.org/maven2/org/apache/maven/reporting/maven-reporting-api/2.0.6/maven-reporting-api-2.0.6.pom (1.8 kB at 117 kB/s)
[de8a65b6-6884-4106-8be0-7ff341d289c2/build]   | [INFO] Downloading from central: https://repo.maven.apache.org/maven2/org/apache/maven/reporting/maven-reporting/2.0.6/maven-reporting-2.0.6.pom
[de8a65b6-6884-4106-8be0-7ff341d289c2/build]   | [INFO] Downloaded from central: https://repo.maven.apache.org/maven2/org/apache/maven/reporting/maven-reporting/2.0.6/maven-reporting-2.0.6.pom (1.4 kB at 80 kB/s)
[de8a65b6-6884-4106-8be0-7ff341d289c2/build]   | [INFO] Downloading from central: https://repo.maven.apache.org/maven2/org/apache/maven/doxia/doxia-sink-api/1.0-alpha-7/doxia-sink-api-1.0-alpha-7.pom
[de8a65b6-6884-4106-8be0-7ff341d289c2/build]   | [INFO] Downloaded from central: https://repo.maven.apache.org/maven2/org/apache/maven/doxia/doxia-sink-api/1.0-alpha-7/doxia-sink-api-1.0-alpha-7.pom (424 B at 28 kB/s)
[de8a65b6-6884-4106-8be0-7ff341d289c2/build]   | [INFO] Downloading from central: https://repo.maven.apache.org/maven2/org/apache/maven/doxia/doxia/1.0-alpha-7/doxia-1.0-alpha-7.pom
[de8a65b6-6884-4106-8be0-7ff341d289c2/build]   | [INFO] Downloaded from central: https://repo.maven.apache.org/maven2/org/apache/maven/doxia/doxia/1.0-alpha-7/doxia-1.0-alpha-7.pom (3.9 kB at 65 kB/s)
[de8a65b6-6884-4106-8be0-7ff341d289c2/build]   | [INFO] Downloading from central: https://repo.maven.apache.org/maven2/org/apache/maven/maven-error-diagnostics/2.0.6/maven-error-diagnostics-2.0.6.pom
[de8a65b6-6884-4106-8be0-7ff341d289c2/build]   | [INFO] Downloaded from central: https://repo.maven.apache.org/maven2/org/apache/maven/maven-error-diagnostics/2.0.6/maven-error-diagnostics-2.0.6.pom (1.7 kB at 189 kB/s)
[de8a65b6-6884-4106-8be0-7ff341d289c2/build]   | [INFO] Downloading from central: https://repo.maven.apache.org/maven2/commons-cli/commons-cli/1.0/commons-cli-1.0.pom
[de8a65b6-6884-4106-8be0-7ff341d289c2/build]   | [INFO] Downloaded from central: https://repo.maven.apache.org/maven2/commons-cli/commons-cli/1.0/commons-cli-1.0.pom (2.1 kB at 111 kB/s)
[de8a65b6-6884-4106-8be0-7ff341d289c2/build]   | [INFO] Downloading from central: https://repo.maven.apache.org/maven2/org/apache/maven/maven-plugin-descriptor/2.0.6/maven-plugin-descriptor-2.0.6.pom
[de8a65b6-6884-4106-8be0-7ff341d289c2/build]   | [INFO] Downloaded from central: https://repo.maven.apache.org/maven2/org/apache/maven/maven-plugin-descriptor/2.0.6/maven-plugin-descriptor-2.0.6.pom (2.0 kB at 78 kB/s)
[de8a65b6-6884-4106-8be0-7ff341d289c2/build]   | [INFO] Downloading from central: https://repo.maven.apache.org/maven2/org/codehaus/plexus/plexus-interactivity-api/1.0-alpha-4/plexus-interactivity-api-1.0-alpha-4.pom
[de8a65b6-6884-4106-8be0-7ff341d289c2/build]   | [INFO] Downloaded from central: https://repo.maven.apache.org/maven2/org/codehaus/plexus/plexus-interactivity-api/1.0-alpha-4/plexus-interactivity-api-1.0-alpha-4.pom (7.1 kB at 373 kB/s)
[de8a65b6-6884-4106-8be0-7ff341d289c2/build]   | [INFO] Downloading from central: https://repo.maven.apache.org/maven2/org/apache/maven/maven-monitor/2.0.6/maven-monitor-2.0.6.pom
[de8a65b6-6884-4106-8be0-7ff341d289c2/build]   | [INFO] Downloaded from central: https://repo.maven.apache.org/maven2/org/apache/maven/maven-monitor/2.0.6/maven-monitor-2.0.6.pom (1.3 kB at 70 kB/s)
[de8a65b6-6884-4106-8be0-7ff341d289c2/build]   | [INFO] Downloading from central: https://repo.maven.apache.org/maven2/classworlds/classworlds/1.1/classworlds-1.1.pom
[de8a65b6-6884-4106-8be0-7ff341d289c2/build]   | [INFO] Downloaded from central: https://repo.maven.apache.org/maven2/classworlds/classworlds/1.1/classworlds-1.1.pom (3.3 kB at 208 kB/s)
[de8a65b6-6884-4106-8be0-7ff341d289c2/build]   | [INFO] Downloading from central: https://repo.maven.apache.org/maven2/org/codehaus/plexus/plexus-utils/2.0.5/plexus-utils-2.0.5.pom
[de8a65b6-6884-4106-8be0-7ff341d289c2/build]   | [INFO] Downloaded from central: https://repo.maven.apache.org/maven2/org/codehaus/plexus/plexus-utils/2.0.5/plexus-utils-2.0.5.pom (3.3 kB at 145 kB/s)
[de8a65b6-6884-4106-8be0-7ff341d289c2/build]   | [INFO] Downloading from central: https://repo.maven.apache.org/maven2/org/codehaus/plexus/plexus/2.0.6/plexus-2.0.6.pom
[de8a65b6-6884-4106-8be0-7ff341d289c2/build]   | [INFO] Downloaded from central: https://repo.maven.apache.org/maven2/org/codehaus/plexus/plexus/2.0.6/plexus-2.0.6.pom (17 kB at 762 kB/s)
[de8a65b6-6884-4106-8be0-7ff341d289c2/build]   | [INFO] Downloading from central: https://repo.maven.apache.org/maven2/org/apache/maven/shared/maven-filtering/1.1/maven-filtering-1.1.pom
[de8a65b6-6884-4106-8be0-7ff341d289c2/build]   | [INFO] Downloaded from central: https://repo.maven.apache.org/maven2/org/apache/maven/shared/maven-filtering/1.1/maven-filtering-1.1.pom (5.8 kB at 414 kB/s)
[de8a65b6-6884-4106-8be0-7ff341d289c2/build]   | [INFO] Downloading from central: https://repo.maven.apache.org/maven2/org/apache/maven/shared/maven-shared-components/17/maven-shared-components-17.pom
[de8a65b6-6884-4106-8be0-7ff341d289c2/build]   | [INFO] Downloaded from central: https://repo.maven.apache.org/maven2/org/apache/maven/shared/maven-shared-components/17/maven-shared-components-17.pom (8.7 kB at 281 kB/s)
[de8a65b6-6884-4106-8be0-7ff341d289c2/build]   | [INFO] Downloading from central: https://repo.maven.apache.org/maven2/org/codehaus/plexus/plexus-utils/1.5.15/plexus-utils-1.5.15.pom
[de8a65b6-6884-4106-8be0-7ff341d289c2/build]   | [INFO] Downloaded from central: https://repo.maven.apache.org/maven2/org/codehaus/plexus/plexus-utils/1.5.15/plexus-utils-1.5.15.pom (6.8 kB at 380 kB/s)
[de8a65b6-6884-4106-8be0-7ff341d289c2/build]   | [INFO] Downloading from central: https://repo.maven.apache.org/maven2/org/codehaus/plexus/plexus/2.0.2/plexus-2.0.2.pom
[de8a65b6-6884-4106-8be0-7ff341d289c2/build]   | [INFO] Downloaded from central: https://repo.maven.apache.org/maven2/org/codehaus/plexus/plexus/2.0.2/plexus-2.0.2.pom (12 kB at 204 kB/s)
[de8a65b6-6884-4106-8be0-7ff341d289c2/build]   | [INFO] Downloading from central: https://repo.maven.apache.org/maven2/org/codehaus/plexus/plexus-interpolation/1.12/plexus-interpolation-1.12.pom
[de8a65b6-6884-4106-8be0-7ff341d289c2/build]   | [INFO] Downloaded from central: https://repo.maven.apache.org/maven2/org/codehaus/plexus/plexus-interpolation/1.12/plexus-interpolation-1.12.pom (889 B at 37 kB/s)
[de8a65b6-6884-4106-8be0-7ff341d289c2/build]   | [INFO] Downloading from central: https://repo.maven.apache.org/maven2/org/codehaus/plexus/plexus-components/1.1.14/plexus-components-1.1.14.pom
[de8a65b6-6884-4106-8be0-7ff341d289c2/build]   | [INFO] Downloaded from central: https://repo.maven.apache.org/maven2/org/codehaus/plexus/plexus-components/1.1.14/plexus-components-1.1.14.pom (5.8 kB at 307 kB/s)
[de8a65b6-6884-4106-8be0-7ff341d289c2/build]   | [INFO] Downloading from central: https://repo.maven.apache.org/maven2/org/sonatype/plexus/plexus-build-api/0.0.4/plexus-build-api-0.0.4.pom
[de8a65b6-6884-4106-8be0-7ff341d289c2/build]   | [INFO] Downloaded from central: https://repo.maven.apache.org/maven2/org/sonatype/plexus/plexus-build-api/0.0.4/plexus-build-api-0.0.4.pom (2.9 kB at 179 kB/s)
[de8a65b6-6884-4106-8be0-7ff341d289c2/build]   | [INFO] Downloading from central: https://repo.maven.apache.org/maven2/org/sonatype/spice/spice-parent/10/spice-parent-10.pom
[de8a65b6-6884-4106-8be0-7ff341d289c2/build]   | [INFO] Downloaded from central: https://repo.maven.apache.org/maven2/org/sonatype/spice/spice-parent/10/spice-parent-10.pom (3.0 kB at 201 kB/s)
[de8a65b6-6884-4106-8be0-7ff341d289c2/build]   | [INFO] Downloading from central: https://repo.maven.apache.org/maven2/org/sonatype/forge/forge-parent/3/forge-parent-3.pom
[de8a65b6-6884-4106-8be0-7ff341d289c2/build]   | [INFO] Downloaded from central: https://repo.maven.apache.org/maven2/org/sonatype/forge/forge-parent/3/forge-parent-3.pom (5.0 kB at 174 kB/s)
[de8a65b6-6884-4106-8be0-7ff341d289c2/build]   | [INFO] Downloading from central: https://repo.maven.apache.org/maven2/org/codehaus/plexus/plexus-utils/1.5.8/plexus-utils-1.5.8.pom
[de8a65b6-6884-4106-8be0-7ff341d289c2/build]   | [INFO] Downloaded from central: https://repo.maven.apache.org/maven2/org/codehaus/plexus/plexus-utils/1.5.8/plexus-utils-1.5.8.pom (8.1 kB at 260 kB/s)
[de8a65b6-6884-4106-8be0-7ff341d289c2/build]   | [INFO] Downloading from central: https://repo.maven.apache.org/maven2/org/codehaus/plexus/plexus-interpolation/1.13/plexus-interpolation-1.13.pom
[de8a65b6-6884-4106-8be0-7ff341d289c2/build]   | [INFO] Downloaded from central: https://repo.maven.apache.org/maven2/org/codehaus/plexus/plexus-interpolation/1.13/plexus-interpolation-1.13.pom (890 B at 68 kB/s)
[de8a65b6-6884-4106-8be0-7ff341d289c2/build]   | [INFO] Downloading from central: https://repo.maven.apache.org/maven2/org/codehaus/plexus/plexus-components/1.1.15/plexus-components-1.1.15.pom
[de8a65b6-6884-4106-8be0-7ff341d289c2/build]   | [INFO] Downloaded from central: https://repo.maven.apache.org/maven2/org/codehaus/plexus/plexus-components/1.1.15/plexus-components-1.1.15.pom (2.8 kB at 203 kB/s)
[de8a65b6-6884-4106-8be0-7ff341d289c2/build]   | [INFO] Downloading from central: https://repo.maven.apache.org/maven2/org/codehaus/plexus/plexus/2.0.3/plexus-2.0.3.pom
[de8a65b6-6884-4106-8be0-7ff341d289c2/build]   | [INFO] Downloaded from central: https://repo.maven.apache.org/maven2/org/codehaus/plexus/plexus/2.0.3/plexus-2.0.3.pom (15 kB at 377 kB/s)
[de8a65b6-6884-4106-8be0-7ff341d289c2/build]   | [INFO] Downloading from central: https://repo.maven.apache.org/maven2/org/apache/maven/maven-plugin-api/2.0.6/maven-plugin-api-2.0.6.jar
[de8a65b6-6884-4106-8be0-7ff341d289c2/build]   | [INFO] Downloading from central: https://repo.maven.apache.org/maven2/org/apache/maven/maven-project/2.0.6/maven-project-2.0.6.jar
[de8a65b6-6884-4106-8be0-7ff341d289c2/build]   | [INFO] Downloading from central: https://repo.maven.apache.org/maven2/org/apache/maven/maven-profile/2.0.6/maven-profile-2.0.6.jar
[de8a65b6-6884-4106-8be0-7ff341d289c2/build]   | [INFO] Downloading from central: https://repo.maven.apache.org/maven2/org/apache/maven/maven-artifact-manager/2.0.6/maven-artifact-manager-2.0.6.jar
[de8a65b6-6884-4106-8be0-7ff341d289c2/build]   | [INFO] Downloading from central: https://repo.maven.apache.org/maven2/org/apache/maven/maven-plugin-registry/2.0.6/maven-plugin-registry-2.0.6.jar
[de8a65b6-6884-4106-8be0-7ff341d289c2/build]   | [INFO] Downloaded from central: https://repo.maven.apache.org/maven2/org/apache/maven/maven-plugin-api/2.0.6/maven-plugin-api-2.0.6.jar (13 kB at 585 kB/s)
[de8a65b6-6884-4106-8be0-7ff341d289c2/build]   | [INFO] Downloading from central: https://repo.maven.apache.org/maven2/org/apache/maven/maven-core/2.0.6/maven-core-2.0.6.jar
[de8a65b6-6884-4106-8be0-7ff341d289c2/build]   | [INFO] Downloaded from central: https://repo.maven.apache.org/maven2/org/apache/maven/maven-plugin-registry/2.0.6/maven-plugin-registry-2.0.6.jar (29 kB at 723 kB/s)
[de8a65b6-6884-4106-8be0-7ff341d289c2/build]   | [INFO] Downloading from central: https://repo.maven.apache.org/maven2/org/apache/maven/maven-plugin-parameter-documenter/2.0.6/maven-plugin-parameter-documenter-2.0.6.jar
[de8a65b6-6884-4106-8be0-7ff341d289c2/build]   | [INFO] Downloaded from central: https://repo.maven.apache.org/maven2/org/apache/maven/maven-project/2.0.6/maven-project-2.0.6.jar (116 kB at 2.8 MB/s)
[de8a65b6-6884-4106-8be0-7ff341d289c2/build]   | [INFO] Downloading from central: https://repo.maven.apache.org/maven2/org/apache/maven/reporting/maven-reporting-api/2.0.6/maven-reporting-api-2.0.6.jar
[de8a65b6-6884-4106-8be0-7ff341d289c2/build]   | [INFO] Downloaded from central: https://repo.maven.apache.org/maven2/org/apache/maven/maven-profile/2.0.6/maven-profile-2.0.6.jar (35 kB at 839 kB/s)
[de8a65b6-6884-4106-8be0-7ff341d289c2/build]   | [INFO] Downloading from central: https://repo.maven.apache.org/maven2/org/apache/maven/doxia/doxia-sink-api/1.0-alpha-7/doxia-sink-api-1.0-alpha-7.jar
[de8a65b6-6884-4106-8be0-7ff341d289c2/build]   | [INFO] Downloaded from central: https://repo.maven.apache.org/maven2/org/apache/maven/maven-artifact-manager/2.0.6/maven-artifact-manager-2.0.6.jar (57 kB at 1.2 MB/s)
[de8a65b6-6884-4106-8be0-7ff341d289c2/build]   | [INFO] Downloading from central: https://repo.maven.apache.org/maven2/org/apache/maven/maven-repository-metadata/2.0.6/maven-repository-metadata-2.0.6.jar
[de8a65b6-6884-4106-8be0-7ff341d289c2/build]   | [INFO] Downloaded from central: https://repo.maven.apache.org/maven2/org/apache/maven/maven-core/2.0.6/maven-core-2.0.6.jar (152 kB at 2.7 MB/s)
[de8a65b6-6884-4106-8be0-7ff341d289c2/build]   | [INFO] Downloading from central: https://repo.maven.apache.org/maven2/org/apache/maven/maven-error-diagnostics/2.0.6/maven-error-diagnostics-2.0.6.jar
[de8a65b6-6884-4106-8be0-7ff341d289c2/build]   | [INFO] Downloaded from central: https://repo.maven.apache.org/maven2/org/apache/maven/doxia/doxia-sink-api/1.0-alpha-7/doxia-sink-api-1.0-alpha-7.jar (5.9 kB at 93 kB/s)
[de8a65b6-6884-4106-8be0-7ff341d289c2/build]   | [INFO] Downloaded from central: https://repo.maven.apache.org/maven2/org/apache/maven/reporting/maven-reporting-api/2.0.6/maven-reporting-api-2.0.6.jar (9.9 kB at 155 kB/s)
[de8a65b6-6884-4106-8be0-7ff341d289c2/build]   | [INFO] Downloading from central: https://repo.maven.apache.org/maven2/commons-cli/commons-cli/1.0/commons-cli-1.0.jar
[de8a65b6-6884-4106-8be0-7ff341d289c2/build]   | [INFO] Downloading from central: https://repo.maven.apache.org/maven2/org/apache/maven/maven-plugin-descriptor/2.0.6/maven-plugin-descriptor-2.0.6.jar
[de8a65b6-6884-4106-8be0-7ff341d289c2/build]   | [INFO] Downloaded from central: https://repo.maven.apache.org/maven2/org/apache/maven/maven-plugin-parameter-documenter/2.0.6/maven-plugin-parameter-documenter-2.0.6.jar (21 kB at 305 kB/s)
[de8a65b6-6884-4106-8be0-7ff341d289c2/build]   | [INFO] Downloading from central: https://repo.maven.apache.org/maven2/org/codehaus/plexus/plexus-interactivity-api/1.0-alpha-4/plexus-interactivity-api-1.0-alpha-4.jar
[de8a65b6-6884-4106-8be0-7ff341d289c2/build]   | [INFO] Downloaded from central: https://repo.maven.apache.org/maven2/org/apache/maven/maven-repository-metadata/2.0.6/maven-repository-metadata-2.0.6.jar (24 kB at 331 kB/s)
[de8a65b6-6884-4106-8be0-7ff341d289c2/build]   | [INFO] Downloading from central: https://repo.maven.apache.org/maven2/classworlds/classworlds/1.1/classworlds-1.1.jar
[de8a65b6-6884-4106-8be0-7ff341d289c2/build]   | [INFO] Downloaded from central: https://repo.maven.apache.org/maven2/org/apache/maven/maven-error-diagnostics/2.0.6/maven-error-diagnostics-2.0.6.jar (14 kB at 184 kB/s)
[de8a65b6-6884-4106-8be0-7ff341d289c2/build]   | [INFO] Downloading from central: https://repo.maven.apache.org/maven2/org/apache/maven/maven-artifact/2.0.6/maven-artifact-2.0.6.jar
[de8a65b6-6884-4106-8be0-7ff341d289c2/build]   | [INFO] Downloaded from central: https://repo.maven.apache.org/maven2/commons-cli/commons-cli/1.0/commons-cli-1.0.jar (30 kB at 359 kB/s)
[de8a65b6-6884-4106-8be0-7ff341d289c2/build]   | [INFO] Downloading from central: https://repo.maven.apache.org/maven2/org/apache/maven/maven-settings/2.0.6/maven-settings-2.0.6.jar
[de8a65b6-6884-4106-8be0-7ff341d289c2/build]   | [INFO] Downloaded from central: https://repo.maven.apache.org/maven2/org/codehaus/plexus/plexus-interactivity-api/1.0-alpha-4/plexus-interactivity-api-1.0-alpha-4.jar (13 kB at 160 kB/s)
[de8a65b6-6884-4106-8be0-7ff341d289c2/build]   | [INFO] Downloading from central: https://repo.maven.apache.org/maven2/org/apache/maven/maven-model/2.0.6/maven-model-2.0.6.jar
[de8a65b6-6884-4106-8be0-7ff341d289c2/build]   | [INFO] Downloaded from central: https://repo.maven.apache.org/maven2/org/apache/maven/maven-plugin-descriptor/2.0.6/maven-plugin-descriptor-2.0.6.jar (37 kB at 414 kB/s)
[de8a65b6-6884-4106-8be0-7ff341d289c2/build]   | [INFO] Downloading from central: https://repo.maven.apache.org/maven2/org/apache/maven/maven-monitor/2.0.6/maven-monitor-2.0.6.jar
[de8a65b6-6884-4106-8be0-7ff341d289c2/build]   | [INFO] Downloaded from central: https://repo.maven.apache.org/maven2/classworlds/classworlds/1.1/classworlds-1.1.jar (38 kB at 416 kB/s)
[de8a65b6-6884-4106-8be0-7ff341d289c2/build]   | [INFO] Downloading from central: https://repo.maven.apache.org/maven2/org/codehaus/plexus/plexus-container-default/1.0-alpha-9-stable-1/plexus-container-default-1.0-alpha-9-stable-1.jar
[de8a65b6-6884-4106-8be0-7ff341d289c2/build]   | [INFO] Downloaded from central: https://repo.maven.apache.org/maven2/org/apache/maven/maven-artifact/2.0.6/maven-artifact-2.0.6.jar (87 kB at 929 kB/s)
[de8a65b6-6884-4106-8be0-7ff341d289c2/build]   | [INFO] Downloading from central: https://repo.maven.apache.org/maven2/junit/junit/3.8.1/junit-3.8.1.jar
[de8a65b6-6884-4106-8be0-7ff341d289c2/build]   | [INFO] Downloaded from central: https://repo.maven.apache.org/maven2/org/apache/maven/maven-settings/2.0.6/maven-settings-2.0.6.jar (49 kB at 491 kB/s)
[de8a65b6-6884-4106-8be0-7ff341d289c2/build]   | [INFO] Downloading from central: https://repo.maven.apache.org/maven2/org/codehaus/plexus/plexus-utils/2.0.5/plexus-utils-2.0.5.jar
[de8a65b6-6884-4106-8be0-7ff341d289c2/build]   | [INFO] Downloaded from central: https://repo.maven.apache.org/maven2/org/apache/maven/maven-monitor/2.0.6/maven-monitor-2.0.6.jar (10 kB at 98 kB/s)
[de8a65b6-6884-4106-8be0-7ff341d289c2/build]   | [INFO] Downloading from central: https://repo.maven.apache.org/maven2/org/apache/maven/shared/maven-filtering/1.1/maven-filtering-1.1.jar
[de8a65b6-6884-4106-8be0-7ff341d289c2/build]   | [INFO] Downloaded from central: https://repo.maven.apache.org/maven2/org/apache/maven/maven-model/2.0.6/maven-model-2.0.6.jar (86 kB at 778 kB/s)
[de8a65b6-6884-4106-8be0-7ff341d289c2/build]   | [INFO] Downloading from central: https://repo.maven.apache.org/maven2/org/sonatype/plexus/plexus-build-api/0.0.4/plexus-build-api-0.0.4.jar
[de8a65b6-6884-4106-8be0-7ff341d289c2/build]   | [INFO] Downloaded from central: https://repo.maven.apache.org/maven2/junit/junit/3.8.1/junit-3.8.1.jar (121 kB at 1.1 MB/s)
[de8a65b6-6884-4106-8be0-7ff341d289c2/build]   | [INFO] Downloading from central: https://repo.maven.apache.org/maven2/org/codehaus/plexus/plexus-interpolation/1.13/plexus-interpolation-1.13.jar
[de8a65b6-6884-4106-8be0-7ff341d289c2/build]   | [INFO] Downloaded from central: https://repo.maven.apache.org/maven2/org/apache/maven/shared/maven-filtering/1.1/maven-filtering-1.1.jar (43 kB at 372 kB/s)
[de8a65b6-6884-4106-8be0-7ff341d289c2/build]   | [INFO] Downloaded from central: https://repo.maven.apache.org/maven2/org/sonatype/plexus/plexus-build-api/0.0.4/plexus-build-api-0.0.4.jar (6.8 kB at 55 kB/s)
[de8a65b6-6884-4106-8be0-7ff341d289c2/build]   | [INFO] Downloaded from central: https://repo.maven.apache.org/maven2/org/codehaus/plexus/plexus-utils/2.0.5/plexus-utils-2.0.5.jar (223 kB at 1.8 MB/s)
[de8a65b6-6884-4106-8be0-7ff341d289c2/build]   | [INFO] Downloaded from central: https://repo.maven.apache.org/maven2/org/codehaus/plexus/plexus-interpolation/1.13/plexus-interpolation-1.13.jar (61 kB at 488 kB/s)
[de8a65b6-6884-4106-8be0-7ff341d289c2/build]   | [INFO] Downloaded from central: https://repo.maven.apache.org/maven2/org/codehaus/plexus/plexus-container-default/1.0-alpha-9-stable-1/plexus-container-default-1.0-alpha-9-stable-1.jar (194 kB at 1.3 MB/s)
[de8a65b6-6884-4106-8be0-7ff341d289c2/build]   | [INFO] Using 'UTF-8' encoding to copy filtered resources.
[de8a65b6-6884-4106-8be0-7ff341d289c2/build]   | [INFO] skip non existing resourceDirectory /tmp/3c408385-4f15-4b73-993c-634a941b343d/src/main/resources
[de8a65b6-6884-4106-8be0-7ff341d289c2/build]   | [INFO] 
[de8a65b6-6884-4106-8be0-7ff341d289c2/build]   | [INFO] --- maven-compiler-plugin:3.3:compile (default-compile) @ solarpositioning ---
[de8a65b6-6884-4106-8be0-7ff341d289c2/build]   | [INFO] Downloading from central: https://repo.maven.apache.org/maven2/org/apache/maven/maven-plugin-api/2.2.1/maven-plugin-api-2.2.1.pom
[de8a65b6-6884-4106-8be0-7ff341d289c2/build]   | [INFO] Downloaded from central: https://repo.maven.apache.org/maven2/org/apache/maven/maven-plugin-api/2.2.1/maven-plugin-api-2.2.1.pom (1.5 kB at 81 kB/s)
[de8a65b6-6884-4106-8be0-7ff341d289c2/build]   | [INFO] Downloading from central: https://repo.maven.apache.org/maven2/org/apache/maven/maven/2.2.1/maven-2.2.1.pom
[de8a65b6-6884-4106-8be0-7ff341d289c2/build]   | [INFO] Downloaded from central: https://repo.maven.apache.org/maven2/org/apache/maven/maven/2.2.1/maven-2.2.1.pom (22 kB at 1.3 MB/s)
[de8a65b6-6884-4106-8be0-7ff341d289c2/build]   | [INFO] Downloading from central: https://repo.maven.apache.org/maven2/org/apache/maven/maven-parent/11/maven-parent-11.pom
[de8a65b6-6884-4106-8be0-7ff341d289c2/build]   | [INFO] Downloaded from central: https://repo.maven.apache.org/maven2/org/apache/maven/maven-parent/11/maven-parent-11.pom (32 kB at 3.2 MB/s)
[de8a65b6-6884-4106-8be0-7ff341d289c2/build]   | [INFO] Downloading from central: https://repo.maven.apache.org/maven2/org/apache/apache/5/apache-5.pom
[de8a65b6-6884-4106-8be0-7ff341d289c2/build]   | [INFO] Downloaded from central: https://repo.maven.apache.org/maven2/org/apache/apache/5/apache-5.pom (4.1 kB at 256 kB/s)
[de8a65b6-6884-4106-8be0-7ff341d289c2/build]   | [INFO] Downloading from central: https://repo.maven.apache.org/maven2/org/apache/maven/maven-artifact/2.2.1/maven-artifact-2.2.1.pom
[de8a65b6-6884-4106-8be0-7ff341d289c2/build]   | [INFO] Downloaded from central: https://repo.maven.apache.org/maven2/org/apache/maven/maven-artifact/2.2.1/maven-artifact-2.2.1.pom (1.6 kB at 158 kB/s)
[de8a65b6-6884-4106-8be0-7ff341d289c2/build]   | [INFO] Downloading from central: https://repo.maven.apache.org/maven2/org/apache/maven/maven-core/2.2.1/maven-core-2.2.1.pom
[de8a65b6-6884-4106-8be0-7ff341d289c2/build]   | [INFO] Downloaded from central: https://repo.maven.apache.org/maven2/org/apache/maven/maven-core/2.2.1/maven-core-2.2.1.pom (12 kB at 506 kB/s)
[de8a65b6-6884-4106-8be0-7ff341d289c2/build]   | [INFO] Downloading from central: https://repo.maven.apache.org/maven2/org/apache/maven/maven-settings/2.2.1/maven-settings-2.2.1.pom
[de8a65b6-6884-4106-8be0-7ff341d289c2/build]   | [INFO] Downloaded from central: https://repo.maven.apache.org/maven2/org/apache/maven/maven-settings/2.2.1/maven-settings-2.2.1.pom (2.2 kB at 91 kB/s)
[de8a65b6-6884-4106-8be0-7ff341d289c2/build]   | [INFO] Downloading from central: https://repo.maven.apache.org/maven2/org/apache/maven/maven-model/2.2.1/maven-model-2.2.1.pom
[de8a65b6-6884-4106-8be0-7ff341d289c2/build]   | [INFO] Downloaded from central: https://repo.maven.apache.org/maven2/org/apache/maven/maven-model/2.2.1/maven-model-2.2.1.pom (3.2 kB at 98 kB/s)
[de8a65b6-6884-4106-8be0-7ff341d289c2/build]   | [INFO] Downloading from central: https://repo.maven.apache.org/maven2/org/codehaus/plexus/plexus-interpolation/1.11/plexus-interpolation-1.11.pom
[de8a65b6-6884-4106-8be0-7ff341d289c2/build]   | [INFO] Downloaded from central: https://repo.maven.apache.org/maven2/org/codehaus/plexus/plexus-interpolation/1.11/plexus-interpolation-1.11.pom (889 B at 52 kB/s)
[de8a65b6-6884-4106-8be0-7ff341d289c2/build]   | [INFO] Downloading from central: https://repo.maven.apache.org/maven2/org/apache/maven/maven-plugin-parameter-documenter/2.2.1/maven-plugin-parameter-documenter-2.2.1.pom
[de8a65b6-6884-4106-8be0-7ff341d289c2/build]   | [INFO] Downloaded from central: https://repo.maven.apache.org/maven2/org/apache/maven/maven-plugin-parameter-documenter/2.2.1/maven-plugin-parameter-documenter-2.2.1.pom (2.0 kB at 151 kB/s)
[de8a65b6-6884-4106-8be0-7ff341d289c2/build]   | [INFO] Downloading from central: https://repo.maven.apache.org/maven2/org/slf4j/slf4j-jdk14/1.5.6/slf4j-jdk14-1.5.6.pom
[de8a65b6-6884-4106-8be0-7ff341d289c2/build]   | [INFO] Downloaded from central: https://repo.maven.apache.org/maven2/org/slf4j/slf4j-jdk14/1.5.6/slf4j-jdk14-1.5.6.pom (1.9 kB at 237 kB/s)
[de8a65b6-6884-4106-8be0-7ff341d289c2/build]   | [INFO] Downloading from central: https://repo.maven.apache.org/maven2/org/slf4j/slf4j-parent/1.5.6/slf4j-parent-1.5.6.pom
[de8a65b6-6884-4106-8be0-7ff341d289c2/build]   | [INFO] Downloaded from central: https://repo.maven.apache.org/maven2/org/slf4j/slf4j-parent/1.5.6/slf4j-parent-1.5.6.pom (7.9 kB at 214 kB/s)
[de8a65b6-6884-4106-8be0-7ff341d289c2/build]   | [INFO] Downloading from central: https://repo.maven.apache.org/maven2/org/slf4j/slf4j-api/1.5.6/slf4j-api-1.5.6.pom
[de8a65b6-6884-4106-8be0-7ff341d289c2/build]   | [INFO] Downloaded from central: https://repo.maven.apache.org/maven2/org/slf4j/slf4j-api/1.5.6/slf4j-api-1.5.6.pom (3.0 kB at 88 kB/s)
[de8a65b6-6884-4106-8be0-7ff341d289c2/build]   | [INFO] Downloading from central: https://repo.maven.apache.org/maven2/org/slf4j/jcl-over-slf4j/1.5.6/jcl-over-slf4j-1.5.6.pom
[de8a65b6-6884-4106-8be0-7ff341d289c2/build]   | [INFO] Downloaded from central: https://repo.maven.apache.org/maven2/org/slf4j/jcl-over-slf4j/1.5.6/jcl-over-slf4j-1.5.6.pom (2.2 kB at 52 kB/s)
[de8a65b6-6884-4106-8be0-7ff341d289c2/build]   | [INFO] Downloading from central: https://repo.maven.apache.org/maven2/org/apache/maven/maven-profile/2.2.1/maven-profile-2.2.1.pom
[de8a65b6-6884-4106-8be0-7ff341d289c2/build]   | [INFO] Downloaded from central: https://repo.maven.apache.org/maven2/org/apache/maven/maven-profile/2.2.1/maven-profile-2.2.1.pom (2.2 kB at 128 kB/s)
[de8a65b6-6884-4106-8be0-7ff341d289c2/build]   | [INFO] Downloading from central: https://repo.maven.apache.org/maven2/org/apache/maven/maven-repository-metadata/2.2.1/maven-repository-metadata-2.2.1.pom
[de8a65b6-6884-4106-8be0-7ff341d289c2/build]   | [INFO] Downloaded from central: https://repo.maven.apache.org/maven2/org/apache/maven/maven-repository-metadata/2.2.1/maven-repository-metadata-2.2.1.pom (1.9 kB at 104 kB/s)
[de8a65b6-6884-4106-8be0-7ff341d289c2/build]   | [INFO] Downloading from central: https://repo.maven.apache.org/maven2/org/apache/maven/maven-error-diagnostics/2.2.1/maven-error-diagnostics-2.2.1.pom
[de8a65b6-6884-4106-8be0-7ff341d289c2/build]   | [INFO] Downloaded from central: https://repo.maven.apache.org/maven2/org/apache/maven/maven-error-diagnostics/2.2.1/maven-error-diagnostics-2.2.1.pom (1.7 kB at 71 kB/s)
[de8a65b6-6884-4106-8be0-7ff341d289c2/build]   | [INFO] Downloading from central: https://repo.maven.apache.org/maven2/org/apache/maven/maven-project/2.2.1/maven-project-2.2.1.pom
[de8a65b6-6884-4106-8be0-7ff341d289c2/build]   | [INFO] Downloaded from central: https://repo.maven.apache.org/maven2/org/apache/maven/maven-project/2.2.1/maven-project-2.2.1.pom (2.8 kB at 126 kB/s)
[de8a65b6-6884-4106-8be0-7ff341d289c2/build]   | [INFO] Downloading from central: https://repo.maven.apache.org/maven2/org/apache/maven/maven-artifact-manager/2.2.1/maven-artifact-manager-2.2.1.pom
[de8a65b6-6884-4106-8be0-7ff341d289c2/build]   | [INFO] Downloaded from central: https://repo.maven.apache.org/maven2/org/apache/maven/maven-artifact-manager/2.2.1/maven-artifact-manager-2.2.1.pom (3.1 kB at 141 kB/s)
[de8a65b6-6884-4106-8be0-7ff341d289c2/build]   | [INFO] Downloading from central: https://repo.maven.apache.org/maven2/backport-util-concurrent/backport-util-concurrent/3.1/backport-util-concurrent-3.1.pom
[de8a65b6-6884-4106-8be0-7ff341d289c2/build]   | [INFO] Downloaded from central: https://repo.maven.apache.org/maven2/backport-util-concurrent/backport-util-concurrent/3.1/backport-util-concurrent-3.1.pom (880 B at 42 kB/s)
[de8a65b6-6884-4106-8be0-7ff341d289c2/build]   | [INFO] Downloading from central: https://repo.maven.apache.org/maven2/org/apache/maven/maven-plugin-registry/2.2.1/maven-plugin-registry-2.2.1.pom
[de8a65b6-6884-4106-8be0-7ff341d289c2/build]   | [INFO] Downloaded from central: https://repo.maven.apache.org/maven2/org/apache/maven/maven-plugin-registry/2.2.1/maven-plugin-registry-2.2.1.pom (1.9 kB at 121 kB/s)
[de8a65b6-6884-4106-8be0-7ff341d289c2/build]   | [INFO] Downloading from central: https://repo.maven.apache.org/maven2/org/apache/maven/maven-plugin-descriptor/2.2.1/maven-plugin-descriptor-2.2.1.pom
[de8a65b6-6884-4106-8be0-7ff341d289c2/build]   | [INFO] Downloaded from central: https://repo.maven.apache.org/maven2/org/apache/maven/maven-plugin-descriptor/2.2.1/maven-plugin-descriptor-2.2.1.pom (2.1 kB at 147 kB/s)
[de8a65b6-6884-4106-8be0-7ff341d289c2/build]   | [INFO] Downloading from central: https://repo.maven.apache.org/maven2/org/apache/maven/maven-monitor/2.2.1/maven-monitor-2.2.1.pom
[de8a65b6-6884-4106-8be0-7ff341d289c2/build]   | [INFO] Downloaded from central: https://repo.maven.apache.org/maven2/org/apache/maven/maven-monitor/2.2.1/maven-monitor-2.2.1.pom (1.3 kB at 97 kB/s)
[de8a65b6-6884-4106-8be0-7ff341d289c2/build]   | [INFO] Downloading from central: https://repo.maven.apache.org/maven2/org/sonatype/plexus/plexus-sec-dispatcher/1.3/plexus-sec-dispatcher-1.3.pom
[de8a65b6-6884-4106-8be0-7ff341d289c2/build]   | [INFO] Downloaded from central: https://repo.maven.apache.org/maven2/org/sonatype/plexus/plexus-sec-dispatcher/1.3/plexus-sec-dispatcher-1.3.pom (3.0 kB at 164 kB/s)
[de8a65b6-6884-4106-8be0-7ff341d289c2/build]   | [INFO] Downloading from central: https://repo.maven.apache.org/maven2/org/sonatype/spice/spice-parent/12/spice-parent-12.pom
[de8a65b6-6884-4106-8be0-7ff341d289c2/build]   | [INFO] Downloaded from central: https://repo.maven.apache.org/maven2/org/sonatype/spice/spice-parent/12/spice-parent-12.pom (6.8 kB at 425 kB/s)
[de8a65b6-6884-4106-8be0-7ff341d289c2/build]   | [INFO] Downloading from central: https://repo.maven.apache.org/maven2/org/sonatype/forge/forge-parent/4/forge-parent-4.pom
[de8a65b6-6884-4106-8be0-7ff341d289c2/build]   | [INFO] Downloaded from central: https://repo.maven.apache.org/maven2/org/sonatype/forge/forge-parent/4/forge-parent-4.pom (8.4 kB at 560 kB/s)
[de8a65b6-6884-4106-8be0-7ff341d289c2/build]   | [INFO] Downloading from central: https://repo.maven.apache.org/maven2/org/codehaus/plexus/plexus-utils/1.5.5/plexus-utils-1.5.5.pom
[de8a65b6-6884-4106-8be0-7ff341d289c2/build]   | [INFO] Downloaded from central: https://repo.maven.apache.org/maven2/org/codehaus/plexus/plexus-utils/1.5.5/plexus-utils-1.5.5.pom (5.1 kB at 234 kB/s)
[de8a65b6-6884-4106-8be0-7ff341d289c2/build]   | [INFO] Downloading from central: https://repo.maven.apache.org/maven2/org/sonatype/plexus/plexus-cipher/1.4/plexus-cipher-1.4.pom
[de8a65b6-6884-4106-8be0-7ff341d289c2/build]   | [INFO] Downloaded from central: https://repo.maven.apache.org/maven2/org/sonatype/plexus/plexus-cipher/1.4/plexus-cipher-1.4.pom (2.1 kB at 86 kB/s)
[de8a65b6-6884-4106-8be0-7ff341d289c2/build]   | [INFO] Downloading from central: https://repo.maven.apache.org/maven2/org/apache/maven/maven-toolchain/2.2.1/maven-toolchain-2.2.1.pom
[de8a65b6-6884-4106-8be0-7ff341d289c2/build]   | [INFO] Downloaded from central: https://repo.maven.apache.org/maven2/org/apache/maven/maven-toolchain/2.2.1/maven-toolchain-2.2.1.pom (3.3 kB at 134 kB/s)
[de8a65b6-6884-4106-8be0-7ff341d289c2/build]   | [INFO] Downloading from central: https://repo.maven.apache.org/maven2/org/apache/maven/reporting/maven-reporting-api/2.2.1/maven-reporting-api-2.2.1.pom
[de8a65b6-6884-4106-8be0-7ff341d289c2/build]   | [INFO] Downloaded from central: https://repo.maven.apache.org/maven2/org/apache/maven/reporting/maven-reporting-api/2.2.1/maven-reporting-api-2.2.1.pom (1.9 kB at 142 kB/s)
[de8a65b6-6884-4106-8be0-7ff341d289c2/build]   | [INFO] Downloading from central: https://repo.maven.apache.org/maven2/org/apache/maven/reporting/maven-reporting/2.2.1/maven-reporting-2.2.1.pom
[de8a65b6-6884-4106-8be0-7ff341d289c2/build]   | [INFO] Downloaded from central: https://repo.maven.apache.org/maven2/org/apache/maven/reporting/maven-reporting/2.2.1/maven-reporting-2.2.1.pom (1.4 kB at 160 kB/s)
[de8a65b6-6884-4106-8be0-7ff341d289c2/build]   | [INFO] Downloading from central: https://repo.maven.apache.org/maven2/org/apache/maven/doxia/doxia-sink-api/1.1/doxia-sink-api-1.1.pom
[de8a65b6-6884-4106-8be0-7ff341d289c2/build]   | [INFO] Downloaded from central: https://repo.maven.apache.org/maven2/org/apache/maven/doxia/doxia-sink-api/1.1/doxia-sink-api-1.1.pom (2.0 kB at 102 kB/s)
[de8a65b6-6884-4106-8be0-7ff341d289c2/build]   | [INFO] Downloading from central: https://repo.maven.apache.org/maven2/org/apache/maven/doxia/doxia/1.1/doxia-1.1.pom
[de8a65b6-6884-4106-8be0-7ff341d289c2/build]   | [INFO] Downloaded from central: https://repo.maven.apache.org/maven2/org/apache/maven/doxia/doxia/1.1/doxia-1.1.pom (15 kB at 523 kB/s)
[de8a65b6-6884-4106-8be0-7ff341d289c2/build]   | [INFO] Downloading from central: https://repo.maven.apache.org/maven2/org/apache/maven/doxia/doxia-logging-api/1.1/doxia-logging-api-1.1.pom
[de8a65b6-6884-4106-8be0-7ff341d289c2/build]   | [INFO] Downloaded from central: https://repo.maven.apache.org/maven2/org/apache/maven/doxia/doxia-logging-api/1.1/doxia-logging-api-1.1.pom (1.6 kB at 51 kB/s)
[de8a65b6-6884-4106-8be0-7ff341d289c2/build]   | [INFO] Downloading from central: https://repo.maven.apache.org/maven2/org/codehaus/plexus/plexus-container-default/1.0-alpha-30/plexus-container-default-1.0-alpha-30.pom
[de8a65b6-6884-4106-8be0-7ff341d289c2/build]   | [INFO] Downloaded from central: https://repo.maven.apache.org/maven2/org/codehaus/plexus/plexus-container-default/1.0-alpha-30/plexus-container-default-1.0-alpha-30.pom (3.5 kB at 166 kB/s)
[de8a65b6-6884-4106-8be0-7ff341d289c2/build]   | [INFO] Downloading from central: https://repo.maven.apache.org/maven2/org/codehaus/plexus/plexus-containers/1.0-alpha-30/plexus-containers-1.0-alpha-30.pom
[de8a65b6-6884-4106-8be0-7ff341d289c2/build]   | [INFO] Downloaded from central: https://repo.maven.apache.org/maven2/org/codehaus/plexus/plexus-containers/1.0-alpha-30/plexus-containers-1.0-alpha-30.pom (1.9 kB at 135 kB/s)
[de8a65b6-6884-4106-8be0-7ff341d289c2/build]   | [INFO] Downloading from central: https://repo.maven.apache.org/maven2/org/codehaus/plexus/plexus-utils/1.4.5/plexus-utils-1.4.5.pom
[de8a65b6-6884-4106-8be0-7ff341d289c2/build]   | [INFO] Downloaded from central: https://repo.maven.apache.org/maven2/org/codehaus/plexus/plexus-utils/1.4.5/plexus-utils-1.4.5.pom (2.3 kB at 126 kB/s)
[de8a65b6-6884-4106-8be0-7ff341d289c2/build]   | [INFO] Downloading from central: https://repo.maven.apache.org/maven2/org/codehaus/plexus/plexus-classworlds/1.2-alpha-9/plexus-classworlds-1.2-alpha-9.pom
[de8a65b6-6884-4106-8be0-7ff341d289c2/build]   | [INFO] Downloaded from central: https://repo.maven.apache.org/maven2/org/codehaus/plexus/plexus-classworlds/1.2-alpha-9/plexus-classworlds-1.2-alpha-9.pom (3.2 kB at 153 kB/s)
[de8a65b6-6884-4106-8be0-7ff341d289c2/build]   | [INFO] Downloading from central: https://repo.maven.apache.org/maven2/org/codehaus/plexus/plexus/1.0.10/plexus-1.0.10.pom
[de8a65b6-6884-4106-8be0-7ff341d289c2/build]   | [INFO] Downloaded from central: https://repo.maven.apache.org/maven2/org/codehaus/plexus/plexus/1.0.10/plexus-1.0.10.pom (8.2 kB at 825 kB/s)
[de8a65b6-6884-4106-8be0-7ff341d289c2/build]   | [INFO] Downloading from central: https://repo.maven.apache.org/maven2/commons-cli/commons-cli/1.2/commons-cli-1.2.pom
[de8a65b6-6884-4106-8be0-7ff341d289c2/build]   | [INFO] Downloaded from central: https://repo.maven.apache.org/maven2/commons-cli/commons-cli/1.2/commons-cli-1.2.pom (8.0 kB at 443 kB/s)
[de8a65b6-6884-4106-8be0-7ff341d289c2/build]   | [INFO] Downloading from central: https://repo.maven.apache.org/maven2/org/apache/commons/commons-parent/11/commons-parent-11.pom
[de8a65b6-6884-4106-8be0-7ff341d289c2/build]   | [INFO] Downloaded from central: https://repo.maven.apache.org/maven2/org/apache/commons/commons-parent/11/commons-parent-11.pom (25 kB at 1.2 MB/s)
[de8a65b6-6884-4106-8be0-7ff341d289c2/build]   | [INFO] Downloading from central: https://repo.maven.apache.org/maven2/org/apache/apache/4/apache-4.pom
[de8a65b6-6884-4106-8be0-7ff341d289c2/build]   | [INFO] Downloaded from central: https://repo.maven.apache.org/maven2/org/apache/apache/4/apache-4.pom (4.5 kB at 375 kB/s)
[de8a65b6-6884-4106-8be0-7ff341d289c2/build]   | [INFO] Downloading from central: https://repo.maven.apache.org/maven2/org/apache/maven/shared/maven-shared-utils/0.7/maven-shared-utils-0.7.pom
[de8a65b6-6884-4106-8be0-7ff341d289c2/build]   | [INFO] Downloaded from central: https://repo.maven.apache.org/maven2/org/apache/maven/shared/maven-shared-utils/0.7/maven-shared-utils-0.7.pom (5.0 kB at 239 kB/s)
[de8a65b6-6884-4106-8be0-7ff341d289c2/build]   | [INFO] Downloading from central: https://repo.maven.apache.org/maven2/org/apache/maven/shared/maven-shared-components/20/maven-shared-components-20.pom
[de8a65b6-6884-4106-8be0-7ff341d289c2/build]   | [INFO] Downloaded from central: https://repo.maven.apache.org/maven2/org/apache/maven/shared/maven-shared-components/20/maven-shared-components-20.pom (5.1 kB at 319 kB/s)
[de8a65b6-6884-4106-8be0-7ff341d289c2/build]   | [INFO] Downloading from central: https://repo.maven.apache.org/maven2/org/apache/maven/maven-parent/24/maven-parent-24.pom
[de8a65b6-6884-4106-8be0-7ff341d289c2/build]   | [INFO] Downloaded from central: https://repo.maven.apache.org/maven2/org/apache/maven/maven-parent/24/maven-parent-24.pom (37 kB at 1.6 MB/s)
[de8a65b6-6884-4106-8be0-7ff341d289c2/build]   | [INFO] Downloading from central: https://repo.maven.apache.org/maven2/org/apache/apache/14/apache-14.pom
[de8a65b6-6884-4106-8be0-7ff341d289c2/build]   | [INFO] Downloaded from central: https://repo.maven.apache.org/maven2/org/apache/apache/14/apache-14.pom (15 kB at 1.2 MB/s)
[de8a65b6-6884-4106-8be0-7ff341d289c2/build]   | [INFO] Downloading from central: https://repo.maven.apache.org/maven2/com/google/code/findbugs/jsr305/2.0.1/jsr305-2.0.1.pom
[de8a65b6-6884-4106-8be0-7ff341d289c2/build]   | [INFO] Downloaded from central: https://repo.maven.apache.org/maven2/com/google/code/findbugs/jsr305/2.0.1/jsr305-2.0.1.pom (965 B at 48 kB/s)
[de8a65b6-6884-4106-8be0-7ff341d289c2/build]   | [INFO] Downloading from central: https://repo.maven.apache.org/maven2/org/apache/maven/shared/maven-shared-incremental/1.1/maven-shared-incremental-1.1.pom
[de8a65b6-6884-4106-8be0-7ff341d289c2/build]   | [INFO] Downloaded from central: https://repo.maven.apache.org/maven2/org/apache/maven/shared/maven-shared-incremental/1.1/maven-shared-incremental-1.1.pom (4.7 kB at 263 kB/s)
[de8a65b6-6884-4106-8be0-7ff341d289c2/build]   | [INFO] Downloading from central: https://repo.maven.apache.org/maven2/org/apache/maven/shared/maven-shared-components/19/maven-shared-components-19.pom
[de8a65b6-6884-4106-8be0-7ff341d289c2/build]   | [INFO] Downloaded from central: https://repo.maven.apache.org/maven2/org/apache/maven/shared/maven-shared-components/19/maven-shared-components-19.pom (6.4 kB at 397 kB/s)
[de8a65b6-6884-4106-8be0-7ff341d289c2/build]   | [INFO] Downloading from central: https://repo.maven.apache.org/maven2/org/apache/maven/maven-parent/23/maven-parent-23.pom
[de8a65b6-6884-4106-8be0-7ff341d289c2/build]   | [INFO] Downloaded from central: https://repo.maven.apache.org/maven2/org/apache/maven/maven-parent/23/maven-parent-23.pom (33 kB at 1.4 MB/s)
[de8a65b6-6884-4106-8be0-7ff341d289c2/build]   | [INFO] Downloading from central: https://repo.maven.apache.org/maven2/org/apache/apache/13/apache-13.pom
[de8a65b6-6884-4106-8be0-7ff341d289c2/build]   | [INFO] Downloaded from central: https://repo.maven.apache.org/maven2/org/apache/apache/13/apache-13.pom (14 kB at 735 kB/s)
[de8a65b6-6884-4106-8be0-7ff341d289c2/build]   | [INFO] Downloading from central: https://repo.maven.apache.org/maven2/org/apache/maven/shared/maven-shared-utils/0.1/maven-shared-utils-0.1.pom
[de8a65b6-6884-4106-8be0-7ff341d289c2/build]   | [INFO] Downloaded from central: https://repo.maven.apache.org/maven2/org/apache/maven/shared/maven-shared-utils/0.1/maven-shared-utils-0.1.pom (4.0 kB at 337 kB/s)
[de8a65b6-6884-4106-8be0-7ff341d289c2/build]   | [INFO] Downloading from central: https://repo.maven.apache.org/maven2/org/apache/maven/shared/maven-shared-components/18/maven-shared-components-18.pom
[de8a65b6-6884-4106-8be0-7ff341d289c2/build]   | [INFO] Downloaded from central: https://repo.maven.apache.org/maven2/org/apache/maven/shared/maven-shared-components/18/maven-shared-components-18.pom (4.9 kB at 247 kB/s)
[de8a65b6-6884-4106-8be0-7ff341d289c2/build]   | [INFO] Downloading from central: https://repo.maven.apache.org/maven2/org/codehaus/plexus/plexus-component-annotations/1.5.5/plexus-component-annotations-1.5.5.pom
[de8a65b6-6884-4106-8be0-7ff341d289c2/build]   | [INFO] Downloaded from central: https://repo.maven.apache.org/maven2/org/codehaus/plexus/plexus-component-annotations/1.5.5/plexus-component-annotations-1.5.5.pom (815 B at 37 kB/s)
[de8a65b6-6884-4106-8be0-7ff341d289c2/build]   | [INFO] Downloading from central: https://repo.maven.apache.org/maven2/org/codehaus/plexus/plexus-containers/1.5.5/plexus-containers-1.5.5.pom
[de8a65b6-6884-4106-8be0-7ff341d289c2/build]   | [INFO] Downloaded from central: https://repo.maven.apache.org/maven2/org/codehaus/plexus/plexus-containers/1.5.5/plexus-containers-1.5.5.pom (4.2 kB at 265 kB/s)
[de8a65b6-6884-4106-8be0-7ff341d289c2/build]   | [INFO] Downloading from central: https://repo.maven.apache.org/maven2/org/codehaus/plexus/plexus/2.0.7/plexus-2.0.7.pom
[de8a65b6-6884-4106-8be0-7ff341d289c2/build]   | [INFO] Downloaded from central: https://repo.maven.apache.org/maven2/org/codehaus/plexus/plexus/2.0.7/plexus-2.0.7.pom (17 kB at 1.7 MB/s)
[de8a65b6-6884-4106-8be0-7ff341d289c2/build]   | [INFO] Downloading from central: https://repo.maven.apache.org/maven2/org/codehaus/plexus/plexus-compiler-api/2.5/plexus-compiler-api-2.5.pom
[de8a65b6-6884-4106-8be0-7ff341d289c2/build]   | [INFO] Downloaded from central: https://repo.maven.apache.org/maven2/org/codehaus/plexus/plexus-compiler-api/2.5/plexus-compiler-api-2.5.pom (865 B at 72 kB/s)
[de8a65b6-6884-4106-8be0-7ff341d289c2/build]   | [INFO] Downloading from central: https://repo.maven.apache.org/maven2/org/codehaus/plexus/plexus-compiler/2.5/plexus-compiler-2.5.pom
[de8a65b6-6884-4106-8be0-7ff341d289c2/build]   | [INFO] Downloaded from central: https://repo.maven.apache.org/maven2/org/codehaus/plexus/plexus-compiler/2.5/plexus-compiler-2.5.pom (5.3 kB at 190 kB/s)
[de8a65b6-6884-4106-8be0-7ff341d289c2/build]   | [INFO] Downloading from central: https://repo.maven.apache.org/maven2/org/codehaus/plexus/plexus-components/1.3.1/plexus-components-1.3.1.pom
[de8a65b6-6884-4106-8be0-7ff341d289c2/build]   | [INFO] Downloaded from central: https://repo.maven.apache.org/maven2/org/codehaus/plexus/plexus-components/1.3.1/plexus-components-1.3.1.pom (3.1 kB at 219 kB/s)
[de8a65b6-6884-4106-8be0-7ff341d289c2/build]   | [INFO] Downloading from central: https://repo.maven.apache.org/maven2/org/codehaus/plexus/plexus/3.3.1/plexus-3.3.1.pom
[de8a65b6-6884-4106-8be0-7ff341d289c2/build]   | [INFO] Downloaded from central: https://repo.maven.apache.org/maven2/org/codehaus/plexus/plexus/3.3.1/plexus-3.3.1.pom (20 kB at 1.0 MB/s)
[de8a65b6-6884-4106-8be0-7ff341d289c2/build]   | [INFO] Downloading from central: https://repo.maven.apache.org/maven2/org/sonatype/spice/spice-parent/17/spice-parent-17.pom
[de8a65b6-6884-4106-8be0-7ff341d289c2/build]   | [INFO] Downloaded from central: https://repo.maven.apache.org/maven2/org/sonatype/spice/spice-parent/17/spice-parent-17.pom (6.8 kB at 966 kB/s)
[de8a65b6-6884-4106-8be0-7ff341d289c2/build]   | [INFO] Downloading from central: https://repo.maven.apache.org/maven2/org/sonatype/forge/forge-parent/10/forge-parent-10.pom
[de8a65b6-6884-4106-8be0-7ff341d289c2/build]   | [INFO] Downloaded from central: https://repo.maven.apache.org/maven2/org/sonatype/forge/forge-parent/10/forge-parent-10.pom (14 kB at 2.3 MB/s)
[de8a65b6-6884-4106-8be0-7ff341d289c2/build]   | [INFO] Downloading from central: https://repo.maven.apache.org/maven2/org/codehaus/plexus/plexus-utils/3.0.10/plexus-utils-3.0.10.pom
[de8a65b6-6884-4106-8be0-7ff341d289c2/build]   | [INFO] Downloaded from central: https://repo.maven.apache.org/maven2/org/codehaus/plexus/plexus-utils/3.0.10/plexus-utils-3.0.10.pom (3.1 kB at 393 kB/s)
[de8a65b6-6884-4106-8be0-7ff341d289c2/build]   | [INFO] Downloading from central: https://repo.maven.apache.org/maven2/org/codehaus/plexus/plexus/3.3/plexus-3.3.pom
[de8a65b6-6884-4106-8be0-7ff341d289c2/build]   | [INFO] Downloaded from central: https://repo.maven.apache.org/maven2/org/codehaus/plexus/plexus/3.3/plexus-3.3.pom (20 kB at 3.3 MB/s)
[de8a65b6-6884-4106-8be0-7ff341d289c2/build]   | [INFO] Downloading from central: https://repo.maven.apache.org/maven2/org/codehaus/plexus/plexus-compiler-manager/2.5/plexus-compiler-manager-2.5.pom
[de8a65b6-6884-4106-8be0-7ff341d289c2/build]   | [INFO] Downloaded from central: https://repo.maven.apache.org/maven2/org/codehaus/plexus/plexus-compiler-manager/2.5/plexus-compiler-manager-2.5.pom (690 B at 63 kB/s)
[de8a65b6-6884-4106-8be0-7ff341d289c2/build]   | [INFO] Downloading from central: https://repo.maven.apache.org/maven2/org/codehaus/plexus/plexus-compiler-javac/2.5/plexus-compiler-javac-2.5.pom
[de8a65b6-6884-4106-8be0-7ff341d289c2/build]   | [INFO] Downloaded from central: https://repo.maven.apache.org/maven2/org/codehaus/plexus/plexus-compiler-javac/2.5/plexus-compiler-javac-2.5.pom (769 B at 59 kB/s)
[de8a65b6-6884-4106-8be0-7ff341d289c2/build]   | [INFO] Downloading from central: https://repo.maven.apache.org/maven2/org/codehaus/plexus/plexus-compilers/2.5/plexus-compilers-2.5.pom
[de8a65b6-6884-4106-8be0-7ff341d289c2/build]   | [INFO] Downloaded from central: https://repo.maven.apache.org/maven2/org/codehaus/plexus/plexus-compilers/2.5/plexus-compilers-2.5.pom (1.3 kB at 118 kB/s)
[de8a65b6-6884-4106-8be0-7ff341d289c2/build]   | [INFO] Downloading from central: https://repo.maven.apache.org/maven2/org/codehaus/plexus/plexus-container-default/1.5.5/plexus-container-default-1.5.5.pom
[de8a65b6-6884-4106-8be0-7ff341d289c2/build]   | [INFO] Downloaded from central: https://repo.maven.apache.org/maven2/org/codehaus/plexus/plexus-container-default/1.5.5/plexus-container-default-1.5.5.pom (2.8 kB at 230 kB/s)
[de8a65b6-6884-4106-8be0-7ff341d289c2/build]   | [INFO] Downloading from central: https://repo.maven.apache.org/maven2/org/codehaus/plexus/plexus-classworlds/2.2.2/plexus-classworlds-2.2.2.pom
[de8a65b6-6884-4106-8be0-7ff341d289c2/build]   | [INFO] Downloaded from central: https://repo.maven.apache.org/maven2/org/codehaus/plexus/plexus-classworlds/2.2.2/plexus-classworlds-2.2.2.pom (4.0 kB at 269 kB/s)
[de8a65b6-6884-4106-8be0-7ff341d289c2/build]   | [INFO] Downloading from central: https://repo.maven.apache.org/maven2/org/apache/xbean/xbean-reflect/3.4/xbean-reflect-3.4.pom
[de8a65b6-6884-4106-8be0-7ff341d289c2/build]   | [INFO] Downloaded from central: https://repo.maven.apache.org/maven2/org/apache/xbean/xbean-reflect/3.4/xbean-reflect-3.4.pom (2.8 kB at 255 kB/s)
[de8a65b6-6884-4106-8be0-7ff341d289c2/build]   | [INFO] Downloading from central: https://repo.maven.apache.org/maven2/org/apache/xbean/xbean/3.4/xbean-3.4.pom
[de8a65b6-6884-4106-8be0-7ff341d289c2/build]   | [INFO] Downloaded from central: https://repo.maven.apache.org/maven2/org/apache/xbean/xbean/3.4/xbean-3.4.pom (19 kB at 1.3 MB/s)
[de8a65b6-6884-4106-8be0-7ff341d289c2/build]   | [INFO] Downloading from central: https://repo.maven.apache.org/maven2/log4j/log4j/1.2.12/log4j-1.2.12.pom
[de8a65b6-6884-4106-8be0-7ff341d289c2/build]   | [INFO] Downloaded from central: https://repo.maven.apache.org/maven2/log4j/log4j/1.2.12/log4j-1.2.12.pom (145 B at 18 kB/s)
[de8a65b6-6884-4106-8be0-7ff341d289c2/build]   | [INFO] Downloading from central: https://repo.maven.apache.org/maven2/commons-logging/commons-logging-api/1.1/commons-logging-api-1.1.pom
[de8a65b6-6884-4106-8be0-7ff341d289c2/build]   | [INFO] Downloaded from central: https://repo.maven.apache.org/maven2/commons-logging/commons-logging-api/1.1/commons-logging-api-1.1.pom (5.3 kB at 356 kB/s)
[de8a65b6-6884-4106-8be0-7ff341d289c2/build]   | [INFO] Downloading from central: https://repo.maven.apache.org/maven2/com/google/collections/google-collections/1.0/google-collections-1.0.pom
[de8a65b6-6884-4106-8be0-7ff341d289c2/build]   | [INFO] Downloaded from central: https://repo.maven.apache.org/maven2/com/google/collections/google-collections/1.0/google-collections-1.0.pom (2.5 kB at 206 kB/s)
[de8a65b6-6884-4106-8be0-7ff341d289c2/build]   | [INFO] Downloading from central: https://repo.maven.apache.org/maven2/com/google/google/1/google-1.pom
[de8a65b6-6884-4106-8be0-7ff341d289c2/build]   | [INFO] Downloaded from central: https://repo.maven.apache.org/maven2/com/google/google/1/google-1.pom (1.6 kB at 120 kB/s)
[de8a65b6-6884-4106-8be0-7ff341d289c2/build]   | [INFO] Downloading from central: https://repo.maven.apache.org/maven2/junit/junit/3.8.2/junit-3.8.2.pom
[de8a65b6-6884-4106-8be0-7ff341d289c2/build]   | [INFO] Downloaded from central: https://repo.maven.apache.org/maven2/junit/junit/3.8.2/junit-3.8.2.pom (747 B at 68 kB/s)
[de8a65b6-6884-4106-8be0-7ff341d289c2/build]   | [INFO] Downloading from central: https://repo.maven.apache.org/maven2/org/apache/maven/maven-plugin-api/2.2.1/maven-plugin-api-2.2.1.jar
[de8a65b6-6884-4106-8be0-7ff341d289c2/build]   | [INFO] Downloading from central: https://repo.maven.apache.org/maven2/org/apache/maven/maven-artifact/2.2.1/maven-artifact-2.2.1.jar
[de8a65b6-6884-4106-8be0-7ff341d289c2/build]   | [INFO] Downloading from central: https://repo.maven.apache.org/maven2/org/codehaus/plexus/plexus-utils/1.5.15/plexus-utils-1.5.15.jar
[de8a65b6-6884-4106-8be0-7ff341d289c2/build]   | [INFO] Downloading from central: https://repo.maven.apache.org/maven2/org/apache/maven/maven-core/2.2.1/maven-core-2.2.1.jar
[de8a65b6-6884-4106-8be0-7ff341d289c2/build]   | [INFO] Downloading from central: https://repo.maven.apache.org/maven2/org/apache/maven/maven-settings/2.2.1/maven-settings-2.2.1.jar
[de8a65b6-6884-4106-8be0-7ff341d289c2/build]   | [INFO] Downloaded from central: https://repo.maven.apache.org/maven2/org/apache/maven/maven-artifact/2.2.1/maven-artifact-2.2.1.jar (80 kB at 5.0 MB/s)
[de8a65b6-6884-4106-8be0-7ff341d289c2/build]   | [INFO] Downloading from central: https://repo.maven.apache.org/maven2/org/codehaus/plexus/plexus-interpolation/1.11/plexus-interpolation-1.11.jar
[de8a65b6-6884-4106-8be0-7ff341d289c2/build]   | [INFO] Downloaded from central: https://repo.maven.apache.org/maven2/org/codehaus/plexus/plexus-interpolation/1.11/plexus-interpolation-1.11.jar (51 kB at 728 kB/s)
[de8a65b6-6884-4106-8be0-7ff341d289c2/build]   | [INFO] Downloaded from central: https://repo.maven.apache.org/maven2/org/apache/maven/maven-settings/2.2.1/maven-settings-2.2.1.jar (49 kB at 691 kB/s)
[de8a65b6-6884-4106-8be0-7ff341d289c2/build]   | [INFO] Downloading from central: https://repo.maven.apache.org/maven2/org/apache/maven/maven-plugin-parameter-documenter/2.2.1/maven-plugin-parameter-documenter-2.2.1.jar
[de8a65b6-6884-4106-8be0-7ff341d289c2/build]   | [INFO] Downloaded from central: https://repo.maven.apache.org/maven2/org/apache/maven/maven-plugin-api/2.2.1/maven-plugin-api-2.2.1.jar (12 kB at 172 kB/s)
[de8a65b6-6884-4106-8be0-7ff341d289c2/build]   | [INFO] Downloading from central: https://repo.maven.apache.org/maven2/org/slf4j/slf4j-jdk14/1.5.6/slf4j-jdk14-1.5.6.jar
[de8a65b6-6884-4106-8be0-7ff341d289c2/build]   | [INFO] Downloading from central: https://repo.maven.apache.org/maven2/org/slf4j/slf4j-api/1.5.6/slf4j-api-1.5.6.jar
[de8a65b6-6884-4106-8be0-7ff341d289c2/build]   | [INFO] Downloaded from central: https://repo.maven.apache.org/maven2/org/codehaus/plexus/plexus-utils/1.5.15/plexus-utils-1.5.15.jar (228 kB at 2.9 MB/s)
[de8a65b6-6884-4106-8be0-7ff341d289c2/build]   | [INFO] Downloading from central: https://repo.maven.apache.org/maven2/org/slf4j/jcl-over-slf4j/1.5.6/jcl-over-slf4j-1.5.6.jar
[de8a65b6-6884-4106-8be0-7ff341d289c2/build]   | [INFO] Downloaded from central: https://repo.maven.apache.org/maven2/org/apache/maven/maven-core/2.2.1/maven-core-2.2.1.jar (178 kB at 2.2 MB/s)
[de8a65b6-6884-4106-8be0-7ff341d289c2/build]   | [INFO] Downloading from central: https://repo.maven.apache.org/maven2/org/apache/maven/maven-profile/2.2.1/maven-profile-2.2.1.jar
[de8a65b6-6884-4106-8be0-7ff341d289c2/build]   | [INFO] Downloaded from central: https://repo.maven.apache.org/maven2/org/slf4j/slf4j-jdk14/1.5.6/slf4j-jdk14-1.5.6.jar (8.8 kB at 97 kB/s)
[de8a65b6-6884-4106-8be0-7ff341d289c2/build]   | [INFO] Downloaded from central: https://repo.maven.apache.org/maven2/org/slf4j/slf4j-api/1.5.6/slf4j-api-1.5.6.jar (22 kB at 245 kB/s)
[de8a65b6-6884-4106-8be0-7ff341d289c2/build]   | [INFO] Downloading from central: https://repo.maven.apache.org/maven2/org/apache/maven/maven-repository-metadata/2.2.1/maven-repository-metadata-2.2.1.jar
[de8a65b6-6884-4106-8be0-7ff341d289c2/build]   | [INFO] Downloaded from central: https://repo.maven.apache.org/maven2/org/apache/maven/maven-plugin-parameter-documenter/2.2.1/maven-plugin-parameter-documenter-2.2.1.jar (22 kB at 244 kB/s)
[de8a65b6-6884-4106-8be0-7ff341d289c2/build]   | [INFO] Downloading from central: https://repo.maven.apache.org/maven2/org/apache/maven/maven-model/2.2.1/maven-model-2.2.1.jar
[de8a65b6-6884-4106-8be0-7ff341d289c2/build]   | [INFO] Downloading from central: https://repo.maven.apache.org/maven2/org/apache/maven/maven-error-diagnostics/2.2.1/maven-error-diagnostics-2.2.1.jar
[de8a65b6-6884-4106-8be0-7ff341d289c2/build]   | [INFO] Downloaded from central: https://repo.maven.apache.org/maven2/org/apache/maven/maven-error-diagnostics/2.2.1/maven-error-diagnostics-2.2.1.jar (13 kB at 121 kB/s)
[de8a65b6-6884-4106-8be0-7ff341d289c2/build]   | [INFO] Downloaded from central: https://repo.maven.apache.org/maven2/org/apache/maven/maven-profile/2.2.1/maven-profile-2.2.1.jar (35 kB at 327 kB/s)
[de8a65b6-6884-4106-8be0-7ff341d289c2/build]   | [INFO] Downloading from central: https://repo.maven.apache.org/maven2/org/apache/maven/maven-project/2.2.1/maven-project-2.2.1.jar
[de8a65b6-6884-4106-8be0-7ff341d289c2/build]   | [INFO] Downloading from central: https://repo.maven.apache.org/maven2/org/apache/maven/maven-plugin-registry/2.2.1/maven-plugin-registry-2.2.1.jar
[de8a65b6-6884-4106-8be0-7ff341d289c2/build]   | [INFO] Downloaded from central: https://repo.maven.apache.org/maven2/org/apache/maven/maven-repository-metadata/2.2.1/maven-repository-metadata-2.2.1.jar (26 kB at 238 kB/s)
[de8a65b6-6884-4106-8be0-7ff341d289c2/build]   | [INFO] Downloading from central: https://repo.maven.apache.org/maven2/org/apache/maven/maven-plugin-descriptor/2.2.1/maven-plugin-descriptor-2.2.1.jar
[de8a65b6-6884-4106-8be0-7ff341d289c2/build]   | [INFO] Downloaded from central: https://repo.maven.apache.org/maven2/org/slf4j/jcl-over-slf4j/1.5.6/jcl-over-slf4j-1.5.6.jar (17 kB at 143 kB/s)
[de8a65b6-6884-4106-8be0-7ff341d289c2/build]   | [INFO] Downloading from central: https://repo.maven.apache.org/maven2/org/apache/maven/maven-artifact-manager/2.2.1/maven-artifact-manager-2.2.1.jar
[de8a65b6-6884-4106-8be0-7ff341d289c2/build]   | [INFO] Downloaded from central: https://repo.maven.apache.org/maven2/org/apache/maven/maven-model/2.2.1/maven-model-2.2.1.jar (88 kB at 749 kB/s)
[de8a65b6-6884-4106-8be0-7ff341d289c2/build]   | [INFO] Downloading from central: https://repo.maven.apache.org/maven2/backport-util-concurrent/backport-util-concurrent/3.1/backport-util-concurrent-3.1.jar
[de8a65b6-6884-4106-8be0-7ff341d289c2/build]   | [INFO] Downloaded from central: https://repo.maven.apache.org/maven2/org/apache/maven/maven-plugin-registry/2.2.1/maven-plugin-registry-2.2.1.jar (30 kB at 232 kB/s)
[de8a65b6-6884-4106-8be0-7ff341d289c2/build]   | [INFO] Downloaded from central: https://repo.maven.apache.org/maven2/org/apache/maven/maven-plugin-descriptor/2.2.1/maven-plugin-descriptor-2.2.1.jar (39 kB at 307 kB/s)
[de8a65b6-6884-4106-8be0-7ff341d289c2/build]   | [INFO] Downloading from central: https://repo.maven.apache.org/maven2/org/apache/maven/maven-monitor/2.2.1/maven-monitor-2.2.1.jar
[de8a65b6-6884-4106-8be0-7ff341d289c2/build]   | [INFO] Downloading from central: https://repo.maven.apache.org/maven2/org/sonatype/plexus/plexus-sec-dispatcher/1.3/plexus-sec-dispatcher-1.3.jar
[de8a65b6-6884-4106-8be0-7ff341d289c2/build]   | [INFO] Downloaded from central: https://repo.maven.apache.org/maven2/org/apache/maven/maven-project/2.2.1/maven-project-2.2.1.jar (156 kB at 1.2 MB/s)
[de8a65b6-6884-4106-8be0-7ff341d289c2/build]   | [INFO] Downloading from central: https://repo.maven.apache.org/maven2/org/sonatype/plexus/plexus-cipher/1.4/plexus-cipher-1.4.jar
[de8a65b6-6884-4106-8be0-7ff341d289c2/build]   | [INFO] Downloaded from central: https://repo.maven.apache.org/maven2/org/apache/maven/maven-artifact-manager/2.2.1/maven-artifact-manager-2.2.1.jar (68 kB at 508 kB/s)
[de8a65b6-6884-4106-8be0-7ff341d289c2/build]   | [INFO] Downloading from central: https://repo.maven.apache.org/maven2/org/apache/maven/maven-toolchain/2.2.1/maven-toolchain-2.2.1.jar
[de8a65b6-6884-4106-8be0-7ff341d289c2/build]   | [INFO] Downloaded from central: https://repo.maven.apache.org/maven2/org/apache/maven/maven-monitor/2.2.1/maven-monitor-2.2.1.jar (10 kB at 76 kB/s)
[de8a65b6-6884-4106-8be0-7ff341d289c2/build]   | [INFO] Downloading from central: https://repo.maven.apache.org/maven2/org/apache/maven/shared/maven-shared-utils/0.7/maven-shared-utils-0.7.jar
[de8a65b6-6884-4106-8be0-7ff341d289c2/build]   | [INFO] Downloaded from central: https://repo.maven.apache.org/maven2/backport-util-concurrent/backport-util-concurrent/3.1/backport-util-concurrent-3.1.jar (332 kB at 2.4 MB/s)
[de8a65b6-6884-4106-8be0-7ff341d289c2/build]   | [INFO] Downloading from central: https://repo.maven.apache.org/maven2/com/google/code/findbugs/jsr305/2.0.1/jsr305-2.0.1.jar
[de8a65b6-6884-4106-8be0-7ff341d289c2/build]   | [INFO] Downloaded from central: https://repo.maven.apache.org/maven2/org/sonatype/plexus/plexus-cipher/1.4/plexus-cipher-1.4.jar (13 kB at 97 kB/s)
[de8a65b6-6884-4106-8be0-7ff341d289c2/build]   | [INFO] Downloading from central: https://repo.maven.apache.org/maven2/org/apache/maven/shared/maven-shared-incremental/1.1/maven-shared-incremental-1.1.jar
[de8a65b6-6884-4106-8be0-7ff341d289c2/build]   | [INFO] Downloaded from central: https://repo.maven.apache.org/maven2/org/sonatype/plexus/plexus-sec-dispatcher/1.3/plexus-sec-dispatcher-1.3.jar (29 kB at 203 kB/s)
[de8a65b6-6884-4106-8be0-7ff341d289c2/build]   | [INFO] Downloading from central: https://repo.maven.apache.org/maven2/org/codehaus/plexus/plexus-component-annotations/1.5.5/plexus-component-annotations-1.5.5.jar
[de8a65b6-6884-4106-8be0-7ff341d289c2/build]   | [INFO] Downloaded from central: https://repo.maven.apache.org/maven2/org/apache/maven/maven-toolchain/2.2.1/maven-toolchain-2.2.1.jar (38 kB at 263 kB/s)
[de8a65b6-6884-4106-8be0-7ff341d289c2/build]   | [INFO] Downloading from central: https://repo.maven.apache.org/maven2/org/codehaus/plexus/plexus-compiler-api/2.5/plexus-compiler-api-2.5.jar
[de8a65b6-6884-4106-8be0-7ff341d289c2/build]   | [INFO] Downloaded from central: https://repo.maven.apache.org/maven2/org/apache/maven/shared/maven-shared-incremental/1.1/maven-shared-incremental-1.1.jar (14 kB at 90 kB/s)
[de8a65b6-6884-4106-8be0-7ff341d289c2/build]   | [INFO] Downloading from central: https://repo.maven.apache.org/maven2/org/codehaus/plexus/plexus-compiler-manager/2.5/plexus-compiler-manager-2.5.jar
[de8a65b6-6884-4106-8be0-7ff341d289c2/build]   | [INFO] Downloaded from central: https://repo.maven.apache.org/maven2/com/google/code/findbugs/jsr305/2.0.1/jsr305-2.0.1.jar (32 kB at 208 kB/s)
[de8a65b6-6884-4106-8be0-7ff341d289c2/build]   | [INFO] Downloading from central: https://repo.maven.apache.org/maven2/org/codehaus/plexus/plexus-compiler-javac/2.5/plexus-compiler-javac-2.5.jar
[de8a65b6-6884-4106-8be0-7ff341d289c2/build]   | [INFO] Downloaded from central: https://repo.maven.apache.org/maven2/org/codehaus/plexus/plexus-component-annotations/1.5.5/plexus-component-annotations-1.5.5.jar (4.2 kB at 27 kB/s)
[de8a65b6-6884-4106-8be0-7ff341d289c2/build]   | [INFO] Downloading from central: https://repo.maven.apache.org/maven2/org/codehaus/plexus/plexus-container-default/1.5.5/plexus-container-default-1.5.5.jar
[de8a65b6-6884-4106-8be0-7ff341d289c2/build]   | [INFO] Downloaded from central: https://repo.maven.apache.org/maven2/org/codehaus/plexus/plexus-compiler-manager/2.5/plexus-compiler-manager-2.5.jar (4.6 kB at 28 kB/s)
[de8a65b6-6884-4106-8be0-7ff341d289c2/build]   | [INFO] Downloading from central: https://repo.maven.apache.org/maven2/org/codehaus/plexus/plexus-classworlds/2.2.2/plexus-classworlds-2.2.2.jar
[de8a65b6-6884-4106-8be0-7ff341d289c2/build]   | [INFO] Downloaded from central: https://repo.maven.apache.org/maven2/org/codehaus/plexus/plexus-compiler-api/2.5/plexus-compiler-api-2.5.jar (25 kB at 152 kB/s)
[de8a65b6-6884-4106-8be0-7ff341d289c2/build]   | [INFO] Downloading from central: https://repo.maven.apache.org/maven2/org/apache/xbean/xbean-reflect/3.4/xbean-reflect-3.4.jar
[de8a65b6-6884-4106-8be0-7ff341d289c2/build]   | [INFO] Downloaded from central: https://repo.maven.apache.org/maven2/org/codehaus/plexus/plexus-compiler-javac/2.5/plexus-compiler-javac-2.5.jar (19 kB at 112 kB/s)
[de8a65b6-6884-4106-8be0-7ff341d289c2/build]   | [INFO] Downloading from central: https://repo.maven.apache.org/maven2/log4j/log4j/1.2.12/log4j-1.2.12.jar
[de8a65b6-6884-4106-8be0-7ff341d289c2/build]   | [INFO] Downloaded from central: https://repo.maven.apache.org/maven2/org/apache/maven/shared/maven-shared-utils/0.7/maven-shared-utils-0.7.jar (170 kB at 961 kB/s)
[de8a65b6-6884-4106-8be0-7ff341d289c2/build]   | [INFO] Downloading from central: https://repo.maven.apache.org/maven2/commons-logging/commons-logging-api/1.1/commons-logging-api-1.1.jar
[de8a65b6-6884-4106-8be0-7ff341d289c2/build]   | [INFO] Downloaded from central: https://repo.maven.apache.org/maven2/org/codehaus/plexus/plexus-classworlds/2.2.2/plexus-classworlds-2.2.2.jar (46 kB at 253 kB/s)
[de8a65b6-6884-4106-8be0-7ff341d289c2/build]   | [INFO] Downloading from central: https://repo.maven.apache.org/maven2/com/google/collections/google-collections/1.0/google-collections-1.0.jar
[de8a65b6-6884-4106-8be0-7ff341d289c2/build]   | [INFO] Downloaded from central: https://repo.maven.apache.org/maven2/org/codehaus/plexus/plexus-container-default/1.5.5/plexus-container-default-1.5.5.jar (217 kB at 1.2 MB/s)
[de8a65b6-6884-4106-8be0-7ff341d289c2/build]   | [INFO] Downloading from central: https://repo.maven.apache.org/maven2/junit/junit/3.8.2/junit-3.8.2.jar
[de8a65b6-6884-4106-8be0-7ff341d289c2/build]   | [INFO] Downloaded from central: https://repo.maven.apache.org/maven2/org/apache/xbean/xbean-reflect/3.4/xbean-reflect-3.4.jar (134 kB at 719 kB/s)
[de8a65b6-6884-4106-8be0-7ff341d289c2/build]   | [INFO] Downloaded from central: https://repo.maven.apache.org/maven2/commons-logging/commons-logging-api/1.1/commons-logging-api-1.1.jar (45 kB at 229 kB/s)
[de8a65b6-6884-4106-8be0-7ff341d289c2/build]   | [INFO] Downloaded from central: https://repo.maven.apache.org/maven2/junit/junit/3.8.2/junit-3.8.2.jar (121 kB at 619 kB/s)
[de8a65b6-6884-4106-8be0-7ff341d289c2/build]   | [INFO] Downloaded from central: https://repo.maven.apache.org/maven2/log4j/log4j/1.2.12/log4j-1.2.12.jar (358 kB at 1.8 MB/s)
[de8a65b6-6884-4106-8be0-7ff341d289c2/build]   | [INFO] Downloaded from central: https://repo.maven.apache.org/maven2/com/google/collections/google-collections/1.0/google-collections-1.0.jar (640 kB at 2.5 MB/s)
[de8a65b6-6884-4106-8be0-7ff341d289c2/build]   | [INFO] Changes detected - recompiling the module!
[de8a65b6-6884-4106-8be0-7ff341d289c2/build]   | [INFO] Compiling 6 source files to /tmp/3c408385-4f15-4b73-993c-634a941b343d/target/classes
[de8a65b6-6884-4106-8be0-7ff341d289c2/build]   | [INFO] 
[de8a65b6-6884-4106-8be0-7ff341d289c2/build]   | [INFO] --- maven-resources-plugin:2.6:testResources (default-testResources) @ solarpositioning ---
[de8a65b6-6884-4106-8be0-7ff341d289c2/build]   | [INFO] Using 'UTF-8' encoding to copy filtered resources.
[de8a65b6-6884-4106-8be0-7ff341d289c2/build]   | [INFO] skip non existing resourceDirectory /tmp/3c408385-4f15-4b73-993c-634a941b343d/src/test/resources
[de8a65b6-6884-4106-8be0-7ff341d289c2/build]   | [INFO] 
[de8a65b6-6884-4106-8be0-7ff341d289c2/build]   | [INFO] --- maven-compiler-plugin:3.3:testCompile (default-testCompile) @ solarpositioning ---
[de8a65b6-6884-4106-8be0-7ff341d289c2/build]   | [INFO] Changes detected - recompiling the module!
[de8a65b6-6884-4106-8be0-7ff341d289c2/build]   | [INFO] Compiling 6 source files to /tmp/3c408385-4f15-4b73-993c-634a941b343d/target/test-classes
[de8a65b6-6884-4106-8be0-7ff341d289c2/build]   | [INFO] /tmp/3c408385-4f15-4b73-993c-634a941b343d/src/test/java/net/e175/klaus/solarpositioning/PSATest.java: /tmp/3c408385-4f15-4b73-993c-634a941b343d/src/test/java/net/e175/klaus/solarpositioning/PSATest.java uses or overrides a deprecated API.
[de8a65b6-6884-4106-8be0-7ff341d289c2/build]   | [INFO] /tmp/3c408385-4f15-4b73-993c-634a941b343d/src/test/java/net/e175/klaus/solarpositioning/PSATest.java: Recompile with -Xlint:deprecation for details.
[de8a65b6-6884-4106-8be0-7ff341d289c2/build]   | [INFO] 
[de8a65b6-6884-4106-8be0-7ff341d289c2/build]   | [INFO] --- maven-surefire-plugin:2.12.4:test (default-test) @ solarpositioning ---
[de8a65b6-6884-4106-8be0-7ff341d289c2/build]   | [INFO] Downloading from central: https://repo.maven.apache.org/maven2/org/apache/maven/maven-plugin-api/2.0.9/maven-plugin-api-2.0.9.pom
[de8a65b6-6884-4106-8be0-7ff341d289c2/build]   | [INFO] Downloaded from central: https://repo.maven.apache.org/maven2/org/apache/maven/maven-plugin-api/2.0.9/maven-plugin-api-2.0.9.pom (1.5 kB at 48 kB/s)
[de8a65b6-6884-4106-8be0-7ff341d289c2/build]   | [INFO] Downloading from central: https://repo.maven.apache.org/maven2/org/apache/maven/maven/2.0.9/maven-2.0.9.pom
[de8a65b6-6884-4106-8be0-7ff341d289c2/build]   | [INFO] Downloaded from central: https://repo.maven.apache.org/maven2/org/apache/maven/maven/2.0.9/maven-2.0.9.pom (19 kB at 556 kB/s)
[de8a65b6-6884-4106-8be0-7ff341d289c2/build]   | [INFO] Downloading from central: https://repo.maven.apache.org/maven2/org/apache/maven/maven-parent/8/maven-parent-8.pom
[de8a65b6-6884-4106-8be0-7ff341d289c2/build]   | [INFO] Downloaded from central: https://repo.maven.apache.org/maven2/org/apache/maven/maven-parent/8/maven-parent-8.pom (24 kB at 1.1 MB/s)
[de8a65b6-6884-4106-8be0-7ff341d289c2/build]   | [INFO] Downloading from central: https://repo.maven.apache.org/maven2/org/apache/maven/surefire/surefire-booter/2.12.4/surefire-booter-2.12.4.pom
[de8a65b6-6884-4106-8be0-7ff341d289c2/build]   | [INFO] Downloaded from central: https://repo.maven.apache.org/maven2/org/apache/maven/surefire/surefire-booter/2.12.4/surefire-booter-2.12.4.pom (3.0 kB at 144 kB/s)
[de8a65b6-6884-4106-8be0-7ff341d289c2/build]   | [INFO] Downloading from central: https://repo.maven.apache.org/maven2/org/apache/maven/surefire/surefire-api/2.12.4/surefire-api-2.12.4.pom
[de8a65b6-6884-4106-8be0-7ff341d289c2/build]   | [INFO] Downloaded from central: https://repo.maven.apache.org/maven2/org/apache/maven/surefire/surefire-api/2.12.4/surefire-api-2.12.4.pom (2.5 kB at 83 kB/s)
[de8a65b6-6884-4106-8be0-7ff341d289c2/build]   | [INFO] Downloading from central: https://repo.maven.apache.org/maven2/org/apache/maven/surefire/maven-surefire-common/2.12.4/maven-surefire-common-2.12.4.pom
[de8a65b6-6884-4106-8be0-7ff341d289c2/build]   | [INFO] Downloaded from central: https://repo.maven.apache.org/maven2/org/apache/maven/surefire/maven-surefire-common/2.12.4/maven-surefire-common-2.12.4.pom (5.5 kB at 461 kB/s)
[de8a65b6-6884-4106-8be0-7ff341d289c2/build]   | [INFO] Downloading from central: https://repo.maven.apache.org/maven2/org/apache/maven/plugin-tools/maven-plugin-annotations/3.1/maven-plugin-annotations-3.1.pom
[de8a65b6-6884-4106-8be0-7ff341d289c2/build]   | [INFO] Downloaded from central: https://repo.maven.apache.org/maven2/org/apache/maven/plugin-tools/maven-plugin-annotations/3.1/maven-plugin-annotations-3.1.pom (1.6 kB at 162 kB/s)
[de8a65b6-6884-4106-8be0-7ff341d289c2/build]   | [INFO] Downloading from central: https://repo.maven.apache.org/maven2/org/apache/maven/plugin-tools/maven-plugin-tools/3.1/maven-plugin-tools-3.1.pom
[de8a65b6-6884-4106-8be0-7ff341d289c2/build]   | [INFO] Downloaded from central: https://repo.maven.apache.org/maven2/org/apache/maven/plugin-tools/maven-plugin-tools/3.1/maven-plugin-tools-3.1.pom (16 kB at 674 kB/s)
[de8a65b6-6884-4106-8be0-7ff341d289c2/build]   | [INFO] Downloading from central: https://repo.maven.apache.org/maven2/org/apache/maven/maven-artifact/2.0.9/maven-artifact-2.0.9.pom
[de8a65b6-6884-4106-8be0-7ff341d289c2/build]   | [INFO] Downloaded from central: https://repo.maven.apache.org/maven2/org/apache/maven/maven-artifact/2.0.9/maven-artifact-2.0.9.pom (1.6 kB at 231 kB/s)
[de8a65b6-6884-4106-8be0-7ff341d289c2/build]   | [INFO] Downloading from central: https://repo.maven.apache.org/maven2/org/codehaus/plexus/plexus-utils/3.0.8/plexus-utils-3.0.8.pom
[de8a65b6-6884-4106-8be0-7ff341d289c2/build]   | [INFO] Downloaded from central: https://repo.maven.apache.org/maven2/org/codehaus/plexus/plexus-utils/3.0.8/plexus-utils-3.0.8.pom (3.1 kB at 165 kB/s)
[de8a65b6-6884-4106-8be0-7ff341d289c2/build]   | [INFO] Downloading from central: https://repo.maven.apache.org/maven2/org/codehaus/plexus/plexus/3.2/plexus-3.2.pom
[de8a65b6-6884-4106-8be0-7ff341d289c2/build]   | [INFO] Downloaded from central: https://repo.maven.apache.org/maven2/org/codehaus/plexus/plexus/3.2/plexus-3.2.pom (19 kB at 383 kB/s)
[de8a65b6-6884-4106-8be0-7ff341d289c2/build]   | [INFO] Downloading from central: https://repo.maven.apache.org/maven2/org/apache/maven/maven-project/2.0.9/maven-project-2.0.9.pom
[de8a65b6-6884-4106-8be0-7ff341d289c2/build]   | [INFO] Downloaded from central: https://repo.maven.apache.org/maven2/org/apache/maven/maven-project/2.0.9/maven-project-2.0.9.pom (2.7 kB at 60 kB/s)
[de8a65b6-6884-4106-8be0-7ff341d289c2/build]   | [INFO] Downloading from central: https://repo.maven.apache.org/maven2/org/apache/maven/maven-settings/2.0.9/maven-settings-2.0.9.pom
[de8a65b6-6884-4106-8be0-7ff341d289c2/build]   | [INFO] Downloaded from central: https://repo.maven.apache.org/maven2/org/apache/maven/maven-settings/2.0.9/maven-settings-2.0.9.pom (2.1 kB at 86 kB/s)
[de8a65b6-6884-4106-8be0-7ff341d289c2/build]   | [INFO] Downloading from central: https://repo.maven.apache.org/maven2/org/apache/maven/maven-model/2.0.9/maven-model-2.0.9.pom
[de8a65b6-6884-4106-8be0-7ff341d289c2/build]   | [INFO] Downloaded from central: https://repo.maven.apache.org/maven2/org/apache/maven/maven-model/2.0.9/maven-model-2.0.9.pom (3.1 kB at 12 kB/s)
[de8a65b6-6884-4106-8be0-7ff341d289c2/build]   | [INFO] Downloading from central: https://repo.maven.apache.org/maven2/org/apache/maven/maven-profile/2.0.9/maven-profile-2.0.9.pom
[de8a65b6-6884-4106-8be0-7ff341d289c2/build]   | [INFO] Downloaded from central: https://repo.maven.apache.org/maven2/org/apache/maven/maven-profile/2.0.9/maven-profile-2.0.9.pom (2.0 kB at 121 kB/s)
[de8a65b6-6884-4106-8be0-7ff341d289c2/build]   | [INFO] Downloading from central: https://repo.maven.apache.org/maven2/org/apache/maven/maven-artifact-manager/2.0.9/maven-artifact-manager-2.0.9.pom
[de8a65b6-6884-4106-8be0-7ff341d289c2/build]   | [INFO] Downloaded from central: https://repo.maven.apache.org/maven2/org/apache/maven/maven-artifact-manager/2.0.9/maven-artifact-manager-2.0.9.pom (2.7 kB at 142 kB/s)
[de8a65b6-6884-4106-8be0-7ff341d289c2/build]   | [INFO] Downloading from central: https://repo.maven.apache.org/maven2/org/apache/maven/maven-repository-metadata/2.0.9/maven-repository-metadata-2.0.9.pom
[de8a65b6-6884-4106-8be0-7ff341d289c2/build]   | [INFO] Downloaded from central: https://repo.maven.apache.org/maven2/org/apache/maven/maven-repository-metadata/2.0.9/maven-repository-metadata-2.0.9.pom (1.9 kB at 7.0 kB/s)
[de8a65b6-6884-4106-8be0-7ff341d289c2/build]   | [INFO] Downloading from central: https://repo.maven.apache.org/maven2/org/apache/maven/maven-plugin-registry/2.0.9/maven-plugin-registry-2.0.9.pom
[de8a65b6-6884-4106-8be0-7ff341d289c2/build]   | [INFO] Downloaded from central: https://repo.maven.apache.org/maven2/org/apache/maven/maven-plugin-registry/2.0.9/maven-plugin-registry-2.0.9.pom (2.0 kB at 90 kB/s)
[de8a65b6-6884-4106-8be0-7ff341d289c2/build]   | [INFO] Downloading from central: https://repo.maven.apache.org/maven2/org/apache/maven/maven-core/2.0.9/maven-core-2.0.9.pom
[de8a65b6-6884-4106-8be0-7ff341d289c2/build]   | [INFO] Downloaded from central: https://repo.maven.apache.org/maven2/org/apache/maven/maven-core/2.0.9/maven-core-2.0.9.pom (7.8 kB at 28 kB/s)
[de8a65b6-6884-4106-8be0-7ff341d289c2/build]   | [INFO] Downloading from central: https://repo.maven.apache.org/maven2/org/apache/maven/maven-plugin-parameter-documenter/2.0.9/maven-plugin-parameter-documenter-2.0.9.pom
[de8a65b6-6884-4106-8be0-7ff341d289c2/build]   | [INFO] Downloaded from central: https://repo.maven.apache.org/maven2/org/apache/maven/maven-plugin-parameter-documenter/2.0.9/maven-plugin-parameter-documenter-2.0.9.pom (2.0 kB at 98 kB/s)
[de8a65b6-6884-4106-8be0-7ff341d289c2/build]   | [INFO] Downloading from central: https://repo.maven.apache.org/maven2/org/apache/maven/reporting/maven-reporting-api/2.0.9/maven-reporting-api-2.0.9.pom
[de8a65b6-6884-4106-8be0-7ff341d289c2/build]   | [INFO] Downloaded from central: https://repo.maven.apache.org/maven2/org/apache/maven/reporting/maven-reporting-api/2.0.9/maven-reporting-api-2.0.9.pom (1.8 kB at 6.7 kB/s)
[de8a65b6-6884-4106-8be0-7ff341d289c2/build]   | [INFO] Downloading from central: https://repo.maven.apache.org/maven2/org/apache/maven/reporting/maven-reporting/2.0.9/maven-reporting-2.0.9.pom
[de8a65b6-6884-4106-8be0-7ff341d289c2/build]   | [INFO] Downloaded from central: https://repo.maven.apache.org/maven2/org/apache/maven/reporting/maven-reporting/2.0.9/maven-reporting-2.0.9.pom (1.5 kB at 42 kB/s)
[de8a65b6-6884-4106-8be0-7ff341d289c2/build]   | [INFO] Downloading from central: https://repo.maven.apache.org/maven2/org/apache/maven/maven-error-diagnostics/2.0.9/maven-error-diagnostics-2.0.9.pom
[de8a65b6-6884-4106-8be0-7ff341d289c2/build]   | [INFO] Downloaded from central: https://repo.maven.apache.org/maven2/org/apache/maven/maven-error-diagnostics/2.0.9/maven-error-diagnostics-2.0.9.pom (1.7 kB at 32 kB/s)
[de8a65b6-6884-4106-8be0-7ff341d289c2/build]   | [INFO] Downloading from central: https://repo.maven.apache.org/maven2/org/apache/maven/maven-plugin-descriptor/2.0.9/maven-plugin-descriptor-2.0.9.pom
[de8a65b6-6884-4106-8be0-7ff341d289c2/build]   | [INFO] Downloaded from central: https://repo.maven.apache.org/maven2/org/apache/maven/maven-plugin-descriptor/2.0.9/maven-plugin-descriptor-2.0.9.pom (2.1 kB at 6.2 kB/s)
[de8a65b6-6884-4106-8be0-7ff341d289c2/build]   | [INFO] Downloading from central: https://repo.maven.apache.org/maven2/org/apache/maven/maven-monitor/2.0.9/maven-monitor-2.0.9.pom
[de8a65b6-6884-4106-8be0-7ff341d289c2/build]   | [INFO] Downloaded from central: https://repo.maven.apache.org/maven2/org/apache/maven/maven-monitor/2.0.9/maven-monitor-2.0.9.pom (1.3 kB at 54 kB/s)
[de8a65b6-6884-4106-8be0-7ff341d289c2/build]   | [INFO] Downloading from central: https://repo.maven.apache.org/maven2/org/apache/maven/maven-toolchain/2.0.9/maven-toolchain-2.0.9.pom
[de8a65b6-6884-4106-8be0-7ff341d289c2/build]   | [INFO] Downloaded from central: https://repo.maven.apache.org/maven2/org/apache/maven/maven-toolchain/2.0.9/maven-toolchain-2.0.9.pom (3.5 kB at 54 kB/s)
[de8a65b6-6884-4106-8be0-7ff341d289c2/build]   | [INFO] Downloading from central: https://repo.maven.apache.org/maven2/org/apache/commons/commons-lang3/3.1/commons-lang3-3.1.pom
[de8a65b6-6884-4106-8be0-7ff341d289c2/build]   | [INFO] Downloaded from central: https://repo.maven.apache.org/maven2/org/apache/commons/commons-lang3/3.1/commons-lang3-3.1.pom (17 kB at 20 kB/s)
[de8a65b6-6884-4106-8be0-7ff341d289c2/build]   | [INFO] Downloading from central: https://repo.maven.apache.org/maven2/org/apache/commons/commons-parent/22/commons-parent-22.pom
[de8a65b6-6884-4106-8be0-7ff341d289c2/build]   | [INFO] Downloaded from central: https://repo.maven.apache.org/maven2/org/apache/commons/commons-parent/22/commons-parent-22.pom (42 kB at 107 kB/s)
[de8a65b6-6884-4106-8be0-7ff341d289c2/build]   | [INFO] Downloading from central: https://repo.maven.apache.org/maven2/org/apache/apache/9/apache-9.pom
[de8a65b6-6884-4106-8be0-7ff341d289c2/build]   | [INFO] Downloaded from central: https://repo.maven.apache.org/maven2/org/apache/apache/9/apache-9.pom (15 kB at 370 kB/s)
[de8a65b6-6884-4106-8be0-7ff341d289c2/build]   | [INFO] Downloading from central: https://repo.maven.apache.org/maven2/org/apache/maven/shared/maven-common-artifact-filters/1.3/maven-common-artifact-filters-1.3.pom
[de8a65b6-6884-4106-8be0-7ff341d289c2/build]   | [INFO] Downloaded from central: https://repo.maven.apache.org/maven2/org/apache/maven/shared/maven-common-artifact-filters/1.3/maven-common-artifact-filters-1.3.pom (3.7 kB at 132 kB/s)
[de8a65b6-6884-4106-8be0-7ff341d289c2/build]   | [INFO] Downloading from central: https://repo.maven.apache.org/maven2/org/apache/maven/shared/maven-shared-components/12/maven-shared-components-12.pom
[de8a65b6-6884-4106-8be0-7ff341d289c2/build]   | [INFO] Downloaded from central: https://repo.maven.apache.org/maven2/org/apache/maven/shared/maven-shared-components/12/maven-shared-components-12.pom (9.3 kB at 292 kB/s)
[de8a65b6-6884-4106-8be0-7ff341d289c2/build]   | [INFO] Downloading from central: https://repo.maven.apache.org/maven2/org/apache/maven/maven-parent/13/maven-parent-13.pom
[de8a65b6-6884-4106-8be0-7ff341d289c2/build]   | [INFO] Downloaded from central: https://repo.maven.apache.org/maven2/org/apache/maven/maven-parent/13/maven-parent-13.pom (23 kB at 444 kB/s)
[de8a65b6-6884-4106-8be0-7ff341d289c2/build]   | [INFO] Downloading from central: https://repo.maven.apache.org/maven2/org/apache/apache/6/apache-6.pom
[de8a65b6-6884-4106-8be0-7ff341d289c2/build]   | [INFO] Downloaded from central: https://repo.maven.apache.org/maven2/org/apache/apache/6/apache-6.pom (13 kB at 267 kB/s)
[de8a65b6-6884-4106-8be0-7ff341d289c2/build]   | [INFO] Downloading from central: https://repo.maven.apache.org/maven2/org/codehaus/plexus/plexus-container-default/1.0-alpha-9/plexus-container-default-1.0-alpha-9.pom
[de8a65b6-6884-4106-8be0-7ff341d289c2/build]   | [INFO] Downloaded from central: https://repo.maven.apache.org/maven2/org/codehaus/plexus/plexus-container-default/1.0-alpha-9/plexus-container-default-1.0-alpha-9.pom (1.2 kB at 48 kB/s)
[de8a65b6-6884-4106-8be0-7ff341d289c2/build]   | [INFO] Downloading from central: https://repo.maven.apache.org/maven2/org/apache/maven/maven-plugin-api/2.0.9/maven-plugin-api-2.0.9.jar
[de8a65b6-6884-4106-8be0-7ff341d289c2/build]   | [INFO] Downloading from central: https://repo.maven.apache.org/maven2/org/apache/maven/surefire/surefire-booter/2.12.4/surefire-booter-2.12.4.jar
[de8a65b6-6884-4106-8be0-7ff341d289c2/build]   | [INFO] Downloading from central: https://repo.maven.apache.org/maven2/org/apache/maven/surefire/surefire-api/2.12.4/surefire-api-2.12.4.jar
[de8a65b6-6884-4106-8be0-7ff341d289c2/build]   | [INFO] Downloading from central: https://repo.maven.apache.org/maven2/org/apache/maven/surefire/maven-surefire-common/2.12.4/maven-surefire-common-2.12.4.jar
[de8a65b6-6884-4106-8be0-7ff341d289c2/build]   | [INFO] Downloading from central: https://repo.maven.apache.org/maven2/org/apache/commons/commons-lang3/3.1/commons-lang3-3.1.jar
[de8a65b6-6884-4106-8be0-7ff341d289c2/build]   | [INFO] Downloaded from central: https://repo.maven.apache.org/maven2/org/apache/maven/surefire/surefire-booter/2.12.4/surefire-booter-2.12.4.jar (35 kB at 1.1 MB/s)
[de8a65b6-6884-4106-8be0-7ff341d289c2/build]   | [INFO] Downloading from central: https://repo.maven.apache.org/maven2/org/apache/maven/shared/maven-common-artifact-filters/1.3/maven-common-artifact-filters-1.3.jar
[de8a65b6-6884-4106-8be0-7ff341d289c2/build]   | [INFO] Downloaded from central: https://repo.maven.apache.org/maven2/org/apache/maven/maven-plugin-api/2.0.9/maven-plugin-api-2.0.9.jar (13 kB at 190 kB/s)
[de8a65b6-6884-4106-8be0-7ff341d289c2/build]   | [INFO] Downloading from central: https://repo.maven.apache.org/maven2/org/codehaus/plexus/plexus-utils/3.0.8/plexus-utils-3.0.8.jar
[de8a65b6-6884-4106-8be0-7ff341d289c2/build]   | [INFO] Downloaded from central: https://repo.maven.apache.org/maven2/org/apache/maven/surefire/maven-surefire-common/2.12.4/maven-surefire-common-2.12.4.jar (263 kB at 931 kB/s)
[de8a65b6-6884-4106-8be0-7ff341d289c2/build]   | [INFO] Downloading from central: https://repo.maven.apache.org/maven2/org/apache/maven/maven-artifact/2.0.9/maven-artifact-2.0.9.jar
[de8a65b6-6884-4106-8be0-7ff341d289c2/build]   | [INFO] Downloaded from central: https://repo.maven.apache.org/maven2/org/apache/maven/shared/maven-common-artifact-filters/1.3/maven-common-artifact-filters-1.3.jar (31 kB at 105 kB/s)
[de8a65b6-6884-4106-8be0-7ff341d289c2/build]   | [INFO] Downloading from central: https://repo.maven.apache.org/maven2/org/apache/maven/maven-project/2.0.9/maven-project-2.0.9.jar
[de8a65b6-6884-4106-8be0-7ff341d289c2/build]   | [INFO] Downloaded from central: https://repo.maven.apache.org/maven2/org/apache/maven/maven-project/2.0.9/maven-project-2.0.9.jar (122 kB at 365 kB/s)
[de8a65b6-6884-4106-8be0-7ff341d289c2/build]   | [INFO] Downloading from central: https://repo.maven.apache.org/maven2/org/apache/maven/maven-settings/2.0.9/maven-settings-2.0.9.jar
[de8a65b6-6884-4106-8be0-7ff341d289c2/build]   | [INFO] Downloaded from central: https://repo.maven.apache.org/maven2/org/apache/maven/maven-settings/2.0.9/maven-settings-2.0.9.jar (49 kB at 138 kB/s)
[de8a65b6-6884-4106-8be0-7ff341d289c2/build]   | [INFO] Downloading from central: https://repo.maven.apache.org/maven2/org/apache/maven/maven-profile/2.0.9/maven-profile-2.0.9.jar
[de8a65b6-6884-4106-8be0-7ff341d289c2/build]   | [INFO] Downloaded from central: https://repo.maven.apache.org/maven2/org/apache/maven/maven-profile/2.0.9/maven-profile-2.0.9.jar (35 kB at 92 kB/s)
[de8a65b6-6884-4106-8be0-7ff341d289c2/build]   | [INFO] Downloading from central: https://repo.maven.apache.org/maven2/org/apache/maven/maven-model/2.0.9/maven-model-2.0.9.jar
[de8a65b6-6884-4106-8be0-7ff341d289c2/build]   | [INFO] Downloaded from central: https://repo.maven.apache.org/maven2/org/apache/maven/maven-model/2.0.9/maven-model-2.0.9.jar (87 kB at 215 kB/s)
[de8a65b6-6884-4106-8be0-7ff341d289c2/build]   | [INFO] Downloading from central: https://repo.maven.apache.org/maven2/org/apache/maven/maven-artifact-manager/2.0.9/maven-artifact-manager-2.0.9.jar
[de8a65b6-6884-4106-8be0-7ff341d289c2/build]   | [INFO] Downloaded from central: https://repo.maven.apache.org/maven2/org/apache/maven/maven-artifact-manager/2.0.9/maven-artifact-manager-2.0.9.jar (58 kB at 137 kB/s)
[de8a65b6-6884-4106-8be0-7ff341d289c2/build]   | [INFO] Downloading from central: https://repo.maven.apache.org/maven2/org/apache/maven/maven-plugin-registry/2.0.9/maven-plugin-registry-2.0.9.jar
[de8a65b6-6884-4106-8be0-7ff341d289c2/build]   | [INFO] Downloaded from central: https://repo.maven.apache.org/maven2/org/apache/maven/maven-plugin-registry/2.0.9/maven-plugin-registry-2.0.9.jar (29 kB at 68 kB/s)
[de8a65b6-6884-4106-8be0-7ff341d289c2/build]   | [INFO] Downloading from central: https://repo.maven.apache.org/maven2/org/apache/maven/maven-core/2.0.9/maven-core-2.0.9.jar
[de8a65b6-6884-4106-8be0-7ff341d289c2/build]   | [INFO] Downloaded from central: https://repo.maven.apache.org/maven2/org/apache/maven/maven-core/2.0.9/maven-core-2.0.9.jar (160 kB at 351 kB/s)
[de8a65b6-6884-4106-8be0-7ff341d289c2/build]   | [INFO] Downloading from central: https://repo.maven.apache.org/maven2/org/apache/maven/maven-plugin-parameter-documenter/2.0.9/maven-plugin-parameter-documenter-2.0.9.jar
[de8a65b6-6884-4106-8be0-7ff341d289c2/build]   | [INFO] Downloaded from central: https://repo.maven.apache.org/maven2/org/apache/maven/maven-plugin-parameter-documenter/2.0.9/maven-plugin-parameter-documenter-2.0.9.jar (21 kB at 45 kB/s)
[de8a65b6-6884-4106-8be0-7ff341d289c2/build]   | [INFO] Downloading from central: https://repo.maven.apache.org/maven2/org/apache/maven/reporting/maven-reporting-api/2.0.9/maven-reporting-api-2.0.9.jar
[de8a65b6-6884-4106-8be0-7ff341d289c2/build]   | [INFO] Downloaded from central: https://repo.maven.apache.org/maven2/org/apache/maven/reporting/maven-reporting-api/2.0.9/maven-reporting-api-2.0.9.jar (10 kB at 21 kB/s)
[de8a65b6-6884-4106-8be0-7ff341d289c2/build]   | [INFO] Downloading from central: https://repo.maven.apache.org/maven2/org/apache/maven/maven-repository-metadata/2.0.9/maven-repository-metadata-2.0.9.jar
[de8a65b6-6884-4106-8be0-7ff341d289c2/build]   | [INFO] Downloaded from central: https://repo.maven.apache.org/maven2/org/apache/maven/maven-repository-metadata/2.0.9/maven-repository-metadata-2.0.9.jar (25 kB at 50 kB/s)
[de8a65b6-6884-4106-8be0-7ff341d289c2/build]   | [INFO] Downloading from central: https://repo.maven.apache.org/maven2/org/apache/maven/maven-error-diagnostics/2.0.9/maven-error-diagnostics-2.0.9.jar
[de8a65b6-6884-4106-8be0-7ff341d289c2/build]   | [INFO] Downloaded from central: https://repo.maven.apache.org/maven2/org/apache/maven/maven-error-diagnostics/2.0.9/maven-error-diagnostics-2.0.9.jar (14 kB at 28 kB/s)
[de8a65b6-6884-4106-8be0-7ff341d289c2/build]   | [INFO] Downloading from central: https://repo.maven.apache.org/maven2/org/apache/maven/maven-plugin-descriptor/2.0.9/maven-plugin-descriptor-2.0.9.jar
[de8a65b6-6884-4106-8be0-7ff341d289c2/build]   | [INFO] Downloaded from central: https://repo.maven.apache.org/maven2/org/codehaus/plexus/plexus-utils/3.0.8/plexus-utils-3.0.8.jar (232 kB at 457 kB/s)
[de8a65b6-6884-4106-8be0-7ff341d289c2/build]   | [INFO] Downloading from central: https://repo.maven.apache.org/maven2/org/apache/maven/maven-monitor/2.0.9/maven-monitor-2.0.9.jar
[de8a65b6-6884-4106-8be0-7ff341d289c2/build]   | [INFO] Downloaded from central: https://repo.maven.apache.org/maven2/org/apache/maven/surefire/surefire-api/2.12.4/surefire-api-2.12.4.jar (118 kB at 229 kB/s)
[de8a65b6-6884-4106-8be0-7ff341d289c2/build]   | [INFO] Downloaded from central: https://repo.maven.apache.org/maven2/org/apache/maven/maven-plugin-descriptor/2.0.9/maven-plugin-descriptor-2.0.9.jar (37 kB at 73 kB/s)
[de8a65b6-6884-4106-8be0-7ff341d289c2/build]   | [INFO] Downloading from central: https://repo.maven.apache.org/maven2/org/apache/maven/maven-toolchain/2.0.9/maven-toolchain-2.0.9.jar
[de8a65b6-6884-4106-8be0-7ff341d289c2/build]   | [INFO] Downloading from central: https://repo.maven.apache.org/maven2/org/apache/maven/plugin-tools/maven-plugin-annotations/3.1/maven-plugin-annotations-3.1.jar
[de8a65b6-6884-4106-8be0-7ff341d289c2/build]   | [INFO] Downloaded from central: https://repo.maven.apache.org/maven2/org/apache/maven/maven-monitor/2.0.9/maven-monitor-2.0.9.jar (10 kB at 20 kB/s)
[de8a65b6-6884-4106-8be0-7ff341d289c2/build]   | [INFO] Downloaded from central: https://repo.maven.apache.org/maven2/org/apache/maven/maven-toolchain/2.0.9/maven-toolchain-2.0.9.jar (38 kB at 72 kB/s)
[de8a65b6-6884-4106-8be0-7ff341d289c2/build]   | [INFO] Downloaded from central: https://repo.maven.apache.org/maven2/org/apache/maven/plugin-tools/maven-plugin-annotations/3.1/maven-plugin-annotations-3.1.jar (14 kB at 26 kB/s)
[de8a65b6-6884-4106-8be0-7ff341d289c2/build]   | [INFO] Downloaded from central: https://repo.maven.apache.org/maven2/org/apache/maven/maven-artifact/2.0.9/maven-artifact-2.0.9.jar (89 kB at 164 kB/s)
[de8a65b6-6884-4106-8be0-7ff341d289c2/build]   | [INFO] Downloaded from central: https://repo.maven.apache.org/maven2/org/apache/commons/commons-lang3/3.1/commons-lang3-3.1.jar (316 kB at 447 kB/s)
[de8a65b6-6884-4106-8be0-7ff341d289c2/build]   | [INFO] Surefire report directory: /tmp/3c408385-4f15-4b73-993c-634a941b343d/target/surefire-reports
[de8a65b6-6884-4106-8be0-7ff341d289c2/build]   | [INFO] Downloading from central: https://repo.maven.apache.org/maven2/org/apache/maven/surefire/surefire-junit4/2.12.4/surefire-junit4-2.12.4.pom
[de8a65b6-6884-4106-8be0-7ff341d289c2/build]   | [INFO] Downloaded from central: https://repo.maven.apache.org/maven2/org/apache/maven/surefire/surefire-junit4/2.12.4/surefire-junit4-2.12.4.pom (2.4 kB at 78 kB/s)
[de8a65b6-6884-4106-8be0-7ff341d289c2/build]   | [INFO] Downloading from central: https://repo.maven.apache.org/maven2/org/apache/maven/surefire/surefire-providers/2.12.4/surefire-providers-2.12.4.pom
[de8a65b6-6884-4106-8be0-7ff341d289c2/build]   | [INFO] Downloaded from central: https://repo.maven.apache.org/maven2/org/apache/maven/surefire/surefire-providers/2.12.4/surefire-providers-2.12.4.pom (2.3 kB at 196 kB/s)
[de8a65b6-6884-4106-8be0-7ff341d289c2/build]   | [INFO] Downloading from central: https://repo.maven.apache.org/maven2/org/apache/maven/surefire/surefire-junit4/2.12.4/surefire-junit4-2.12.4.jar
[de8a65b6-6884-4106-8be0-7ff341d289c2/build]   | [INFO] Downloaded from central: https://repo.maven.apache.org/maven2/org/apache/maven/surefire/surefire-junit4/2.12.4/surefire-junit4-2.12.4.jar (37 kB at 1.5 MB/s)
[de8a65b6-6884-4106-8be0-7ff341d289c2/build]   | 
[de8a65b6-6884-4106-8be0-7ff341d289c2/build]   | -------------------------------------------------------
[de8a65b6-6884-4106-8be0-7ff341d289c2/build]   |  T E S T S
[de8a65b6-6884-4106-8be0-7ff341d289c2/build]   | -------------------------------------------------------
[de8a65b6-6884-4106-8be0-7ff341d289c2/build]   | Running net.e175.klaus.solarpositioning.SPATest
[de8a65b6-6884-4106-8be0-7ff341d289c2/build]   | Tests run: 10, Failures: 0, Errors: 0, Skipped: 0, Time elapsed: 0.094 sec
[de8a65b6-6884-4106-8be0-7ff341d289c2/build]   | Running net.e175.klaus.solarpositioning.PSATest
[de8a65b6-6884-4106-8be0-7ff341d289c2/build]   | Tests run: 1, Failures: 0, Errors: 0, Skipped: 0, Time elapsed: 0 sec
[de8a65b6-6884-4106-8be0-7ff341d289c2/build]   | Running net.e175.klaus.solarpositioning.JulianDateTest
[de8a65b6-6884-4106-8be0-7ff341d289c2/build]   | Tests run: 8, Failures: 0, Errors: 0, Skipped: 0, Time elapsed: 0.001 sec
[de8a65b6-6884-4106-8be0-7ff341d289c2/build]   | Running net.e175.klaus.solarpositioning.Grena3Test
[de8a65b6-6884-4106-8be0-7ff341d289c2/build]   | Tests run: 5, Failures: 0, Errors: 0, Skipped: 0, Time elapsed: 0 sec
[de8a65b6-6884-4106-8be0-7ff341d289c2/build]   | Running net.e175.klaus.solarpositioning.DeltaTTest
[de8a65b6-6884-4106-8be0-7ff341d289c2/build]   | Tests run: 2, Failures: 0, Errors: 0, Skipped: 0, Time elapsed: 0 sec
[de8a65b6-6884-4106-8be0-7ff341d289c2/build]   | 
[de8a65b6-6884-4106-8be0-7ff341d289c2/build]   | Results :
[de8a65b6-6884-4106-8be0-7ff341d289c2/build]   | 
[de8a65b6-6884-4106-8be0-7ff341d289c2/build]   | Tests run: 26, Failures: 0, Errors: 0, Skipped: 0
[de8a65b6-6884-4106-8be0-7ff341d289c2/build]   | 
[de8a65b6-6884-4106-8be0-7ff341d289c2/build]   | [INFO] 
[de8a65b6-6884-4106-8be0-7ff341d289c2/build]   | [INFO] --- animal-sniffer-maven-plugin:1.14:check (ensure-class-library-version) @ solarpositioning ---
[de8a65b6-6884-4106-8be0-7ff341d289c2/build]   | [INFO] Downloading from central: https://repo.maven.apache.org/maven2/org/codehaus/mojo/animal-sniffer/1.14/animal-sniffer-1.14.pom
[de8a65b6-6884-4106-8be0-7ff341d289c2/build]   | [INFO] Downloaded from central: https://repo.maven.apache.org/maven2/org/codehaus/mojo/animal-sniffer/1.14/animal-sniffer-1.14.pom (2.3 kB at 292 kB/s)
[de8a65b6-6884-4106-8be0-7ff341d289c2/build]   | [INFO] Downloading from central: https://repo.maven.apache.org/maven2/org/ow2/asm/asm-all/5.0.3/asm-all-5.0.3.pom
[de8a65b6-6884-4106-8be0-7ff341d289c2/build]   | [INFO] Downloaded from central: https://repo.maven.apache.org/maven2/org/ow2/asm/asm-all/5.0.3/asm-all-5.0.3.pom (2.0 kB at 152 kB/s)
[de8a65b6-6884-4106-8be0-7ff341d289c2/build]   | [INFO] Downloading from central: https://repo.maven.apache.org/maven2/org/ow2/asm/asm-parent/5.0.3/asm-parent-5.0.3.pom
[de8a65b6-6884-4106-8be0-7ff341d289c2/build]   | [INFO] Downloaded from central: https://repo.maven.apache.org/maven2/org/ow2/asm/asm-parent/5.0.3/asm-parent-5.0.3.pom (5.5 kB at 687 kB/s)
[de8a65b6-6884-4106-8be0-7ff341d289c2/build]   | [INFO] Downloading from central: https://repo.maven.apache.org/maven2/org/ow2/ow2/1.3/ow2-1.3.pom
[de8a65b6-6884-4106-8be0-7ff341d289c2/build]   | [INFO] Downloaded from central: https://repo.maven.apache.org/maven2/org/ow2/ow2/1.3/ow2-1.3.pom (9.5 kB at 731 kB/s)
[de8a65b6-6884-4106-8be0-7ff341d289c2/build]   | [INFO] Downloading from central: https://repo.maven.apache.org/maven2/org/codehaus/mojo/java-boot-classpath-detector/1.14/java-boot-classpath-detector-1.14.pom
[de8a65b6-6884-4106-8be0-7ff341d289c2/build]   | [INFO] Downloaded from central: https://repo.maven.apache.org/maven2/org/codehaus/mojo/java-boot-classpath-detector/1.14/java-boot-classpath-detector-1.14.pom (2.4 kB at 305 kB/s)
[de8a65b6-6884-4106-8be0-7ff341d289c2/build]   | [INFO] Downloading from central: https://repo.maven.apache.org/maven2/org/apache/maven/maven-plugin-api/2.0.1/maven-plugin-api-2.0.1.pom
[de8a65b6-6884-4106-8be0-7ff341d289c2/build]   | [INFO] Downloaded from central: https://repo.maven.apache.org/maven2/org/apache/maven/maven-plugin-api/2.0.1/maven-plugin-api-2.0.1.pom (643 B at 58 kB/s)
[de8a65b6-6884-4106-8be0-7ff341d289c2/build]   | [INFO] Downloading from central: https://repo.maven.apache.org/maven2/org/apache/maven/maven/2.0.1/maven-2.0.1.pom
[de8a65b6-6884-4106-8be0-7ff341d289c2/build]   | [INFO] Downloaded from central: https://repo.maven.apache.org/maven2/org/apache/maven/maven/2.0.1/maven-2.0.1.pom (11 kB at 523 kB/s)
[de8a65b6-6884-4106-8be0-7ff341d289c2/build]   | [INFO] Downloading from central: https://repo.maven.apache.org/maven2/org/apache/maven/maven-core/2.0.1/maven-core-2.0.1.pom
[de8a65b6-6884-4106-8be0-7ff341d289c2/build]   | [INFO] Downloaded from central: https://repo.maven.apache.org/maven2/org/apache/maven/maven-core/2.0.1/maven-core-2.0.1.pom (5.2 kB at 435 kB/s)
[de8a65b6-6884-4106-8be0-7ff341d289c2/build]   | [INFO] Downloading from central: https://repo.maven.apache.org/maven2/org/apache/maven/maven-settings/2.0.1/maven-settings-2.0.1.pom
[de8a65b6-6884-4106-8be0-7ff341d289c2/build]   | [INFO] Downloaded from central: https://repo.maven.apache.org/maven2/org/apache/maven/maven-settings/2.0.1/maven-settings-2.0.1.pom (1.4 kB at 145 kB/s)
[de8a65b6-6884-4106-8be0-7ff341d289c2/build]   | [INFO] Downloading from central: https://repo.maven.apache.org/maven2/org/apache/maven/maven-model/2.0.1/maven-model-2.0.1.pom
[de8a65b6-6884-4106-8be0-7ff341d289c2/build]   | [INFO] Downloaded from central: https://repo.maven.apache.org/maven2/org/apache/maven/maven-model/2.0.1/maven-model-2.0.1.pom (2.5 kB at 59 kB/s)
[de8a65b6-6884-4106-8be0-7ff341d289c2/build]   | [INFO] Downloading from central: https://repo.maven.apache.org/maven2/org/codehaus/plexus/plexus-utils/1.0.5/plexus-utils-1.0.5.pom
[de8a65b6-6884-4106-8be0-7ff341d289c2/build]   | [INFO] Downloaded from central: https://repo.maven.apache.org/maven2/org/codehaus/plexus/plexus-utils/1.0.5/plexus-utils-1.0.5.pom (918 B at 26 kB/s)
[de8a65b6-6884-4106-8be0-7ff341d289c2/build]   | [INFO] Downloading from central: https://repo.maven.apache.org/maven2/junit/junit/4.11/junit-4.11.pom
[de8a65b6-6884-4106-8be0-7ff341d289c2/build]   | [INFO] Downloaded from central: https://repo.maven.apache.org/maven2/junit/junit/4.11/junit-4.11.pom (2.3 kB at 335 kB/s)
[de8a65b6-6884-4106-8be0-7ff341d289c2/build]   | [INFO] Downloading from central: https://repo.maven.apache.org/maven2/org/apache/maven/maven-plugin-parameter-documenter/2.0.1/maven-plugin-parameter-documenter-2.0.1.pom
[de8a65b6-6884-4106-8be0-7ff341d289c2/build]   | [INFO] Downloaded from central: https://repo.maven.apache.org/maven2/org/apache/maven/maven-plugin-parameter-documenter/2.0.1/maven-plugin-parameter-documenter-2.0.1.pom (1.6 kB at 89 kB/s)
[de8a65b6-6884-4106-8be0-7ff341d289c2/build]   | [INFO] Downloading from central: https://repo.maven.apache.org/maven2/org/apache/maven/reporting/maven-reporting-api/2.0.1/maven-reporting-api-2.0.1.pom
[de8a65b6-6884-4106-8be0-7ff341d289c2/build]   | [INFO] Downloaded from central: https://repo.maven.apache.org/maven2/org/apache/maven/reporting/maven-reporting-api/2.0.1/maven-reporting-api-2.0.1.pom (902 B at 90 kB/s)
[de8a65b6-6884-4106-8be0-7ff341d289c2/build]   | [INFO] Downloading from central: https://repo.maven.apache.org/maven2/org/apache/maven/reporting/maven-reporting/2.0.1/maven-reporting-2.0.1.pom
[de8a65b6-6884-4106-8be0-7ff341d289c2/build]   | [INFO] Downloaded from central: https://repo.maven.apache.org/maven2/org/apache/maven/reporting/maven-reporting/2.0.1/maven-reporting-2.0.1.pom (546 B at 61 kB/s)
[de8a65b6-6884-4106-8be0-7ff341d289c2/build]   | [INFO] Downloading from central: https://repo.maven.apache.org/maven2/org/apache/maven/doxia/doxia-sink-api/1.0-alpha-6/doxia-sink-api-1.0-alpha-6.pom
[de8a65b6-6884-4106-8be0-7ff341d289c2/build]   | [INFO] Downloaded from central: https://repo.maven.apache.org/maven2/org/apache/maven/doxia/doxia-sink-api/1.0-alpha-6/doxia-sink-api-1.0-alpha-6.pom (386 B at 7.9 kB/s)
[de8a65b6-6884-4106-8be0-7ff341d289c2/build]   | [INFO] Downloading from central: https://repo.maven.apache.org/maven2/org/apache/maven/doxia/doxia/1.0-alpha-6/doxia-1.0-alpha-6.pom
[de8a65b6-6884-4106-8be0-7ff341d289c2/build]   | [INFO] Downloaded from central: https://repo.maven.apache.org/maven2/org/apache/maven/doxia/doxia/1.0-alpha-6/doxia-1.0-alpha-6.pom (3.8 kB at 197 kB/s)
[de8a65b6-6884-4106-8be0-7ff341d289c2/build]   | [INFO] Downloading from central: https://repo.maven.apache.org/maven2/org/apache/maven/maven-profile/2.0.1/maven-profile-2.0.1.pom
[de8a65b6-6884-4106-8be0-7ff341d289c2/build]   | [INFO] Downloaded from central: https://repo.maven.apache.org/maven2/org/apache/maven/maven-profile/2.0.1/maven-profile-2.0.1.pom (1.5 kB at 25 kB/s)
[de8a65b6-6884-4106-8be0-7ff341d289c2/build]   | [INFO] Downloading from central: https://repo.maven.apache.org/maven2/org/apache/maven/maven-artifact/2.0.1/maven-artifact-2.0.1.pom
[de8a65b6-6884-4106-8be0-7ff341d289c2/build]   | [INFO] Downloaded from central: https://repo.maven.apache.org/maven2/org/apache/maven/maven-artifact/2.0.1/maven-artifact-2.0.1.pom (765 B at 15 kB/s)
[de8a65b6-6884-4106-8be0-7ff341d289c2/build]   | [INFO] Downloading from central: https://repo.maven.apache.org/maven2/org/apache/maven/maven-repository-metadata/2.0.1/maven-repository-metadata-2.0.1.pom
[de8a65b6-6884-4106-8be0-7ff341d289c2/build]   | [INFO] Downloaded from central: https://repo.maven.apache.org/maven2/org/apache/maven/maven-repository-metadata/2.0.1/maven-repository-metadata-2.0.1.pom (1.3 kB at 12 kB/s)
[de8a65b6-6884-4106-8be0-7ff341d289c2/build]   | [INFO] Downloading from central: https://repo.maven.apache.org/maven2/org/apache/maven/maven-error-diagnostics/2.0.1/maven-error-diagnostics-2.0.1.pom
[de8a65b6-6884-4106-8be0-7ff341d289c2/build]   | [INFO] Downloaded from central: https://repo.maven.apache.org/maven2/org/apache/maven/maven-error-diagnostics/2.0.1/maven-error-diagnostics-2.0.1.pom (854 B at 43 kB/s)
[de8a65b6-6884-4106-8be0-7ff341d289c2/build]   | [INFO] Downloading from central: https://repo.maven.apache.org/maven2/org/apache/maven/maven-project/2.0.1/maven-project-2.0.1.pom
[de8a65b6-6884-4106-8be0-7ff341d289c2/build]   | [INFO] Downloaded from central: https://repo.maven.apache.org/maven2/org/apache/maven/maven-project/2.0.1/maven-project-2.0.1.pom (1.7 kB at 65 kB/s)
[de8a65b6-6884-4106-8be0-7ff341d289c2/build]   | [INFO] Downloading from central: https://repo.maven.apache.org/maven2/org/apache/maven/maven-artifact-manager/2.0.1/maven-artifact-manager-2.0.1.pom
[de8a65b6-6884-4106-8be0-7ff341d289c2/build]   | [INFO] Downloaded from central: https://repo.maven.apache.org/maven2/org/apache/maven/maven-artifact-manager/2.0.1/maven-artifact-manager-2.0.1.pom (1.4 kB at 78 kB/s)
[de8a65b6-6884-4106-8be0-7ff341d289c2/build]   | [INFO] Downloading from central: https://repo.maven.apache.org/maven2/org/apache/maven/maven-plugin-registry/2.0.1/maven-plugin-registry-2.0.1.pom
[de8a65b6-6884-4106-8be0-7ff341d289c2/build]   | [INFO] Downloaded from central: https://repo.maven.apache.org/maven2/org/apache/maven/maven-plugin-registry/2.0.1/maven-plugin-registry-2.0.1.pom (1.4 kB at 65 kB/s)
[de8a65b6-6884-4106-8be0-7ff341d289c2/build]   | [INFO] Downloading from central: https://repo.maven.apache.org/maven2/org/apache/maven/maven-plugin-descriptor/2.0.1/maven-plugin-descriptor-2.0.1.pom
[de8a65b6-6884-4106-8be0-7ff341d289c2/build]   | [INFO] Downloaded from central: https://repo.maven.apache.org/maven2/org/apache/maven/maven-plugin-descriptor/2.0.1/maven-plugin-descriptor-2.0.1.pom (1.5 kB at 2.1 kB/s)
[de8a65b6-6884-4106-8be0-7ff341d289c2/build]   | [INFO] Downloading from central: https://repo.maven.apache.org/maven2/org/apache/maven/maven-monitor/2.0.1/maven-monitor-2.0.1.pom
[de8a65b6-6884-4106-8be0-7ff341d289c2/build]   | [INFO] Downloaded from central: https://repo.maven.apache.org/maven2/org/apache/maven/maven-monitor/2.0.1/maven-monitor-2.0.1.pom (442 B at 18 kB/s)
[de8a65b6-6884-4106-8be0-7ff341d289c2/build]   | [INFO] Downloading from central: https://repo.maven.apache.org/maven2/org/apache/maven/shared/maven-common-artifact-filters/1.4/maven-common-artifact-filters-1.4.pom
[de8a65b6-6884-4106-8be0-7ff341d289c2/build]   | [INFO] Downloaded from central: https://repo.maven.apache.org/maven2/org/apache/maven/shared/maven-common-artifact-filters/1.4/maven-common-artifact-filters-1.4.pom (3.8 kB at 38 kB/s)
[de8a65b6-6884-4106-8be0-7ff341d289c2/build]   | [INFO] Downloading from central: https://repo.maven.apache.org/maven2/org/apache/maven/maven-artifact/2.0.8/maven-artifact-2.0.8.pom
[de8a65b6-6884-4106-8be0-7ff341d289c2/build]   | [INFO] Downloaded from central: https://repo.maven.apache.org/maven2/org/apache/maven/maven-artifact/2.0.8/maven-artifact-2.0.8.pom (1.6 kB at 17 kB/s)
[de8a65b6-6884-4106-8be0-7ff341d289c2/build]   | [INFO] Downloading from central: https://repo.maven.apache.org/maven2/org/apache/maven/maven/2.0.8/maven-2.0.8.pom
[de8a65b6-6884-4106-8be0-7ff341d289c2/build]   | [INFO] Downloaded from central: https://repo.maven.apache.org/maven2/org/apache/maven/maven/2.0.8/maven-2.0.8.pom (12 kB at 216 kB/s)
[de8a65b6-6884-4106-8be0-7ff341d289c2/build]   | [INFO] Downloading from central: https://repo.maven.apache.org/maven2/org/apache/maven/maven-parent/6/maven-parent-6.pom
[de8a65b6-6884-4106-8be0-7ff341d289c2/build]   | [INFO] Downloaded from central: https://repo.maven.apache.org/maven2/org/apache/maven/maven-parent/6/maven-parent-6.pom (20 kB at 24 kB/s)
[de8a65b6-6884-4106-8be0-7ff341d289c2/build]   | [INFO] Downloading from central: https://repo.maven.apache.org/maven2/org/codehaus/plexus/plexus-utils/1.4.6/plexus-utils-1.4.6.pom
[de8a65b6-6884-4106-8be0-7ff341d289c2/build]   | [INFO] Downloaded from central: https://repo.maven.apache.org/maven2/org/codehaus/plexus/plexus-utils/1.4.6/plexus-utils-1.4.6.pom (2.3 kB at 7.8 kB/s)
[de8a65b6-6884-4106-8be0-7ff341d289c2/build]   | [INFO] Downloading from central: https://repo.maven.apache.org/maven2/org/apache/maven/maven-model/2.0.8/maven-model-2.0.8.pom
[de8a65b6-6884-4106-8be0-7ff341d289c2/build]   | [INFO] Downloaded from central: https://repo.maven.apache.org/maven2/org/apache/maven/maven-model/2.0.8/maven-model-2.0.8.pom (3.1 kB at 4.0 kB/s)
[de8a65b6-6884-4106-8be0-7ff341d289c2/build]   | [INFO] Downloading from central: https://repo.maven.apache.org/maven2/org/apache/maven/maven-project/2.0.8/maven-project-2.0.8.pom
[de8a65b6-6884-4106-8be0-7ff341d289c2/build]   | [INFO] Downloaded from central: https://repo.maven.apache.org/maven2/org/apache/maven/maven-project/2.0.8/maven-project-2.0.8.pom (2.7 kB at 34 kB/s)
[de8a65b6-6884-4106-8be0-7ff341d289c2/build]   | [INFO] Downloading from central: https://repo.maven.apache.org/maven2/org/apache/maven/maven-settings/2.0.8/maven-settings-2.0.8.pom
[de8a65b6-6884-4106-8be0-7ff341d289c2/build]   | [INFO] Downloaded from central: https://repo.maven.apache.org/maven2/org/apache/maven/maven-settings/2.0.8/maven-settings-2.0.8.pom (2.1 kB at 41 kB/s)
[de8a65b6-6884-4106-8be0-7ff341d289c2/build]   | [INFO] Downloading from central: https://repo.maven.apache.org/maven2/org/apache/maven/maven-profile/2.0.8/maven-profile-2.0.8.pom
[de8a65b6-6884-4106-8be0-7ff341d289c2/build]   | [INFO] Downloaded from central: https://repo.maven.apache.org/maven2/org/apache/maven/maven-profile/2.0.8/maven-profile-2.0.8.pom (2.0 kB at 30 kB/s)
[de8a65b6-6884-4106-8be0-7ff341d289c2/build]   | [INFO] Downloading from central: https://repo.maven.apache.org/maven2/org/apache/maven/maven-artifact-manager/2.0.8/maven-artifact-manager-2.0.8.pom
[de8a65b6-6884-4106-8be0-7ff341d289c2/build]   | [INFO] Downloaded from central: https://repo.maven.apache.org/maven2/org/apache/maven/maven-artifact-manager/2.0.8/maven-artifact-manager-2.0.8.pom (2.7 kB at 96 kB/s)
[de8a65b6-6884-4106-8be0-7ff341d289c2/build]   | [INFO] Downloading from central: https://repo.maven.apache.org/maven2/org/apache/maven/maven-repository-metadata/2.0.8/maven-repository-metadata-2.0.8.pom
[de8a65b6-6884-4106-8be0-7ff341d289c2/build]   | [INFO] Downloaded from central: https://repo.maven.apache.org/maven2/org/apache/maven/maven-repository-metadata/2.0.8/maven-repository-metadata-2.0.8.pom (1.9 kB at 6.4 kB/s)
[de8a65b6-6884-4106-8be0-7ff341d289c2/build]   | [INFO] Downloading from central: https://repo.maven.apache.org/maven2/org/apache/maven/maven-plugin-registry/2.0.8/maven-plugin-registry-2.0.8.pom
[de8a65b6-6884-4106-8be0-7ff341d289c2/build]   | [INFO] Downloaded from central: https://repo.maven.apache.org/maven2/org/apache/maven/maven-plugin-registry/2.0.8/maven-plugin-registry-2.0.8.pom (2.0 kB at 61 kB/s)
[de8a65b6-6884-4106-8be0-7ff341d289c2/build]   | [INFO] Downloading from central: https://repo.maven.apache.org/maven2/org/codehaus/plexus/plexus-utils/2.1/plexus-utils-2.1.pom
[de8a65b6-6884-4106-8be0-7ff341d289c2/build]   | [INFO] Downloaded from central: https://repo.maven.apache.org/maven2/org/codehaus/plexus/plexus-utils/2.1/plexus-utils-2.1.pom (4.0 kB at 42 kB/s)
[de8a65b6-6884-4106-8be0-7ff341d289c2/build]   | [INFO] Downloading from central: https://repo.maven.apache.org/maven2/org/sonatype/spice/spice-parent/16/spice-parent-16.pom
[de8a65b6-6884-4106-8be0-7ff341d289c2/build]   | [INFO] Downloaded from central: https://repo.maven.apache.org/maven2/org/sonatype/spice/spice-parent/16/spice-parent-16.pom (8.4 kB at 158 kB/s)
[de8a65b6-6884-4106-8be0-7ff341d289c2/build]   | [INFO] Downloading from central: https://repo.maven.apache.org/maven2/org/sonatype/forge/forge-parent/5/forge-parent-5.pom
[de8a65b6-6884-4106-8be0-7ff341d289c2/build]   | [INFO] Downloaded from central: https://repo.maven.apache.org/maven2/org/sonatype/forge/forge-parent/5/forge-parent-5.pom (8.4 kB at 12 kB/s)
[de8a65b6-6884-4106-8be0-7ff341d289c2/build]   | [INFO] Downloading from central: https://repo.maven.apache.org/maven2/org/codehaus/plexus/plexus-utils/1.5.6/plexus-utils-1.5.6.pom
[de8a65b6-6884-4106-8be0-7ff341d289c2/build]   | [INFO] Downloaded from central: https://repo.maven.apache.org/maven2/org/codehaus/plexus/plexus-utils/1.5.6/plexus-utils-1.5.6.pom (5.3 kB at 102 kB/s)
[de8a65b6-6884-4106-8be0-7ff341d289c2/build]   | [INFO] Downloading from central: https://repo.maven.apache.org/maven2/org/codehaus/plexus/plexus/1.0.12/plexus-1.0.12.pom
[de8a65b6-6884-4106-8be0-7ff341d289c2/build]   | [INFO] Downloaded from central: https://repo.maven.apache.org/maven2/org/codehaus/plexus/plexus/1.0.12/plexus-1.0.12.pom (9.8 kB at 228 kB/s)
[de8a65b6-6884-4106-8be0-7ff341d289c2/build]   | [INFO] Downloading from central: https://repo.maven.apache.org/maven2/org/codehaus/mojo/animal-sniffer/1.14/animal-sniffer-1.14.jar
[de8a65b6-6884-4106-8be0-7ff341d289c2/build]   | [INFO] Downloading from central: https://repo.maven.apache.org/maven2/org/ow2/asm/asm-all/5.0.3/asm-all-5.0.3.jar
[de8a65b6-6884-4106-8be0-7ff341d289c2/build]   | [INFO] Downloading from central: https://repo.maven.apache.org/maven2/org/codehaus/mojo/java-boot-classpath-detector/1.14/java-boot-classpath-detector-1.14.jar
[de8a65b6-6884-4106-8be0-7ff341d289c2/build]   | [INFO] Downloading from central: https://repo.maven.apache.org/maven2/org/apache/maven/maven-plugin-api/2.0.1/maven-plugin-api-2.0.1.jar
[de8a65b6-6884-4106-8be0-7ff341d289c2/build]   | [INFO] Downloading from central: https://repo.maven.apache.org/maven2/org/apache/maven/maven-core/2.0.1/maven-core-2.0.1.jar
[de8a65b6-6884-4106-8be0-7ff341d289c2/build]   | [INFO] Downloaded from central: https://repo.maven.apache.org/maven2/org/apache/maven/maven-plugin-api/2.0.1/maven-plugin-api-2.0.1.jar (8.2 kB at 137 kB/s)
[de8a65b6-6884-4106-8be0-7ff341d289c2/build]   | [INFO] Downloading from central: https://repo.maven.apache.org/maven2/org/apache/maven/maven-settings/2.0.1/maven-settings-2.0.1.jar
[de8a65b6-6884-4106-8be0-7ff341d289c2/build]   | [INFO] Downloaded from central: https://repo.maven.apache.org/maven2/org/codehaus/mojo/animal-sniffer/1.14/animal-sniffer-1.14.jar (34 kB at 351 kB/s)
[de8a65b6-6884-4106-8be0-7ff341d289c2/build]   | [INFO] Downloading from central: https://repo.maven.apache.org/maven2/org/apache/maven/maven-plugin-parameter-documenter/2.0.1/maven-plugin-parameter-documenter-2.0.1.jar
[de8a65b6-6884-4106-8be0-7ff341d289c2/build]   | [INFO] Downloaded from central: https://repo.maven.apache.org/maven2/org/apache/maven/maven-settings/2.0.1/maven-settings-2.0.1.jar (44 kB at 234 kB/s)
[de8a65b6-6884-4106-8be0-7ff341d289c2/build]   | [INFO] Downloading from central: https://repo.maven.apache.org/maven2/org/apache/maven/reporting/maven-reporting-api/2.0.1/maven-reporting-api-2.0.1.jar
[de8a65b6-6884-4106-8be0-7ff341d289c2/build]   | [INFO] Downloaded from central: https://repo.maven.apache.org/maven2/org/apache/maven/reporting/maven-reporting-api/2.0.1/maven-reporting-api-2.0.1.jar (5.5 kB at 21 kB/s)
[de8a65b6-6884-4106-8be0-7ff341d289c2/build]   | [INFO] Downloading from central: https://repo.maven.apache.org/maven2/org/apache/maven/doxia/doxia-sink-api/1.0-alpha-6/doxia-sink-api-1.0-alpha-6.jar
[de8a65b6-6884-4106-8be0-7ff341d289c2/build]   | [INFO] Downloaded from central: https://repo.maven.apache.org/maven2/org/apache/maven/doxia/doxia-sink-api/1.0-alpha-6/doxia-sink-api-1.0-alpha-6.jar (4.0 kB at 13 kB/s)
[de8a65b6-6884-4106-8be0-7ff341d289c2/build]   | [INFO] Downloading from central: https://repo.maven.apache.org/maven2/org/apache/maven/maven-profile/2.0.1/maven-profile-2.0.1.jar
[de8a65b6-6884-4106-8be0-7ff341d289c2/build]   | [INFO] Downloaded from central: https://repo.maven.apache.org/maven2/org/apache/maven/maven-core/2.0.1/maven-core-2.0.1.jar (134 kB at 446 kB/s)
[de8a65b6-6884-4106-8be0-7ff341d289c2/build]   | [INFO] Downloading from central: https://repo.maven.apache.org/maven2/org/apache/maven/maven-model/2.0.1/maven-model-2.0.1.jar
[de8a65b6-6884-4106-8be0-7ff341d289c2/build]   | [INFO] Downloaded from central: https://repo.maven.apache.org/maven2/org/codehaus/mojo/java-boot-classpath-detector/1.14/java-boot-classpath-detector-1.14.jar (5.0 kB at 16 kB/s)
[de8a65b6-6884-4106-8be0-7ff341d289c2/build]   | [INFO] Downloading from central: https://repo.maven.apache.org/maven2/org/codehaus/plexus/plexus-container-default/1.0-alpha-9/plexus-container-default-1.0-alpha-9.jar
[de8a65b6-6884-4106-8be0-7ff341d289c2/build]   | [INFO] Downloaded from central: https://repo.maven.apache.org/maven2/org/apache/maven/maven-profile/2.0.1/maven-profile-2.0.1.jar (30 kB at 91 kB/s)
[de8a65b6-6884-4106-8be0-7ff341d289c2/build]   | [INFO] Downloading from central: https://repo.maven.apache.org/maven2/classworlds/classworlds/1.1-alpha-2/classworlds-1.1-alpha-2.jar
[de8a65b6-6884-4106-8be0-7ff341d289c2/build]   | [INFO] Downloaded from central: https://repo.maven.apache.org/maven2/classworlds/classworlds/1.1-alpha-2/classworlds-1.1-alpha-2.jar (38 kB at 101 kB/s)
[de8a65b6-6884-4106-8be0-7ff341d289c2/build]   | [INFO] Downloading from central: https://repo.maven.apache.org/maven2/org/apache/maven/maven-repository-metadata/2.0.1/maven-repository-metadata-2.0.1.jar
[de8a65b6-6884-4106-8be0-7ff341d289c2/build]   | [INFO] Downloaded from central: https://repo.maven.apache.org/maven2/org/apache/maven/maven-model/2.0.1/maven-model-2.0.1.jar (80 kB at 202 kB/s)
[de8a65b6-6884-4106-8be0-7ff341d289c2/build]   | [INFO] Downloading from central: https://repo.maven.apache.org/maven2/org/apache/maven/maven-error-diagnostics/2.0.1/maven-error-diagnostics-2.0.1.jar
[de8a65b6-6884-4106-8be0-7ff341d289c2/build]   | [INFO] Downloaded from central: https://repo.maven.apache.org/maven2/org/apache/maven/maven-plugin-parameter-documenter/2.0.1/maven-plugin-parameter-documenter-2.0.1.jar (16 kB at 40 kB/s)
[de8a65b6-6884-4106-8be0-7ff341d289c2/build]   | [INFO] Downloading from central: https://repo.maven.apache.org/maven2/org/apache/maven/maven-plugin-registry/2.0.1/maven-plugin-registry-2.0.1.jar
[de8a65b6-6884-4106-8be0-7ff341d289c2/build]   | [INFO] Downloaded from central: https://repo.maven.apache.org/maven2/org/ow2/asm/asm-all/5.0.3/asm-all-5.0.3.jar (242 kB at 573 kB/s)
[de8a65b6-6884-4106-8be0-7ff341d289c2/build]   | [INFO] Downloaded from central: https://repo.maven.apache.org/maven2/org/apache/maven/maven-repository-metadata/2.0.1/maven-repository-metadata-2.0.1.jar (20 kB at 47 kB/s)
[de8a65b6-6884-4106-8be0-7ff341d289c2/build]   | [INFO] Downloading from central: https://repo.maven.apache.org/maven2/org/apache/maven/maven-plugin-descriptor/2.0.1/maven-plugin-descriptor-2.0.1.jar
[de8a65b6-6884-4106-8be0-7ff341d289c2/build]   | [INFO] Downloading from central: https://repo.maven.apache.org/maven2/org/apache/maven/maven-artifact-manager/2.0.1/maven-artifact-manager-2.0.1.jar
[de8a65b6-6884-4106-8be0-7ff341d289c2/build]   | [INFO] Downloaded from central: https://repo.maven.apache.org/maven2/org/apache/maven/maven-error-diagnostics/2.0.1/maven-error-diagnostics-2.0.1.jar (8.5 kB at 19 kB/s)
[de8a65b6-6884-4106-8be0-7ff341d289c2/build]   | [INFO] Downloading from central: https://repo.maven.apache.org/maven2/org/apache/maven/maven-monitor/2.0.1/maven-monitor-2.0.1.jar
[de8a65b6-6884-4106-8be0-7ff341d289c2/build]   | [INFO] Downloaded from central: https://repo.maven.apache.org/maven2/org/apache/maven/maven-plugin-descriptor/2.0.1/maven-plugin-descriptor-2.0.1.jar (32 kB at 67 kB/s)
[de8a65b6-6884-4106-8be0-7ff341d289c2/build]   | [INFO] Downloaded from central: https://repo.maven.apache.org/maven2/org/apache/maven/maven-artifact-manager/2.0.1/maven-artifact-manager-2.0.1.jar (49 kB at 104 kB/s)
[de8a65b6-6884-4106-8be0-7ff341d289c2/build]   | [INFO] Downloading from central: https://repo.maven.apache.org/maven2/org/apache/maven/maven-project/2.0.1/maven-project-2.0.1.jar
[de8a65b6-6884-4106-8be0-7ff341d289c2/build]   | [INFO] Downloaded from central: https://repo.maven.apache.org/maven2/org/apache/maven/maven-plugin-registry/2.0.1/maven-plugin-registry-2.0.1.jar (24 kB at 50 kB/s)
[de8a65b6-6884-4106-8be0-7ff341d289c2/build]   | [INFO] Downloading from central: https://repo.maven.apache.org/maven2/org/apache/maven/maven-artifact/2.0.1/maven-artifact-2.0.1.jar
[de8a65b6-6884-4106-8be0-7ff341d289c2/build]   | [INFO] Downloading from central: https://repo.maven.apache.org/maven2/org/apache/maven/shared/maven-common-artifact-filters/1.4/maven-common-artifact-filters-1.4.jar
[de8a65b6-6884-4106-8be0-7ff341d289c2/build]   | [INFO] Downloaded from central: https://repo.maven.apache.org/maven2/org/apache/maven/maven-monitor/2.0.1/maven-monitor-2.0.1.jar (5.6 kB at 11 kB/s)
[de8a65b6-6884-4106-8be0-7ff341d289c2/build]   | [INFO] Downloading from central: https://repo.maven.apache.org/maven2/org/codehaus/plexus/plexus-utils/1.5.6/plexus-utils-1.5.6.jar
[de8a65b6-6884-4106-8be0-7ff341d289c2/build]   | [INFO] Downloaded from central: https://repo.maven.apache.org/maven2/org/apache/maven/shared/maven-common-artifact-filters/1.4/maven-common-artifact-filters-1.4.jar (32 kB at 60 kB/s)
[de8a65b6-6884-4106-8be0-7ff341d289c2/build]   | [INFO] Downloaded from central: https://repo.maven.apache.org/maven2/org/codehaus/plexus/plexus-container-default/1.0-alpha-9/plexus-container-default-1.0-alpha-9.jar (195 kB at 363 kB/s)
[de8a65b6-6884-4106-8be0-7ff341d289c2/build]   | [INFO] Downloaded from central: https://repo.maven.apache.org/maven2/org/apache/maven/maven-project/2.0.1/maven-project-2.0.1.jar (105 kB at 180 kB/s)
[de8a65b6-6884-4106-8be0-7ff341d289c2/build]   | [INFO] Downloaded from central: https://repo.maven.apache.org/maven2/org/codehaus/plexus/plexus-utils/1.5.6/plexus-utils-1.5.6.jar (251 kB at 341 kB/s)
[de8a65b6-6884-4106-8be0-7ff341d289c2/build]   | [INFO] Downloaded from central: https://repo.maven.apache.org/maven2/org/apache/maven/maven-artifact/2.0.1/maven-artifact-2.0.1.jar (78 kB at 106 kB/s)
[de8a65b6-6884-4106-8be0-7ff341d289c2/build]   | [INFO] Checking unresolved references to org.codehaus.mojo.signature:java16:1.0
[de8a65b6-6884-4106-8be0-7ff341d289c2/build]   | [INFO] Downloading from central: https://repo.maven.apache.org/maven2/org/codehaus/mojo/signature/java16/1.0/java16-1.0.signature
[de8a65b6-6884-4106-8be0-7ff341d289c2/build]   | [INFO] Downloaded from central: https://repo.maven.apache.org/maven2/org/codehaus/mojo/signature/java16/1.0/java16-1.0.signature (593 kB at 4.3 MB/s)
[de8a65b6-6884-4106-8be0-7ff341d289c2/build]   | [INFO] 
[de8a65b6-6884-4106-8be0-7ff341d289c2/build]   | [INFO] --- maven-jar-plugin:2.4:jar (default-jar) @ solarpositioning ---
[de8a65b6-6884-4106-8be0-7ff341d289c2/build]   | [INFO] Downloading from central: https://repo.maven.apache.org/maven2/org/apache/maven/maven-archiver/2.5/maven-archiver-2.5.pom
[de8a65b6-6884-4106-8be0-7ff341d289c2/build]   | [INFO] Downloaded from central: https://repo.maven.apache.org/maven2/org/apache/maven/maven-archiver/2.5/maven-archiver-2.5.pom (4.5 kB at 378 kB/s)
[de8a65b6-6884-4106-8be0-7ff341d289c2/build]   | [INFO] Downloading from central: https://repo.maven.apache.org/maven2/org/codehaus/plexus/plexus-archiver/2.1/plexus-archiver-2.1.pom
[de8a65b6-6884-4106-8be0-7ff341d289c2/build]   | [INFO] Downloaded from central: https://repo.maven.apache.org/maven2/org/codehaus/plexus/plexus-archiver/2.1/plexus-archiver-2.1.pom (2.8 kB at 281 kB/s)
[de8a65b6-6884-4106-8be0-7ff341d289c2/build]   | [INFO] Downloading from central: https://repo.maven.apache.org/maven2/org/codehaus/plexus/plexus-utils/3.0/plexus-utils-3.0.pom
[de8a65b6-6884-4106-8be0-7ff341d289c2/build]   | [INFO] Downloaded from central: https://repo.maven.apache.org/maven2/org/codehaus/plexus/plexus-utils/3.0/plexus-utils-3.0.pom (4.1 kB at 407 kB/s)
[de8a65b6-6884-4106-8be0-7ff341d289c2/build]   | [INFO] Downloading from central: https://repo.maven.apache.org/maven2/org/codehaus/plexus/plexus-io/2.0.2/plexus-io-2.0.2.pom
[de8a65b6-6884-4106-8be0-7ff341d289c2/build]   | [INFO] Downloaded from central: https://repo.maven.apache.org/maven2/org/codehaus/plexus/plexus-io/2.0.2/plexus-io-2.0.2.pom (1.7 kB at 32 kB/s)
[de8a65b6-6884-4106-8be0-7ff341d289c2/build]   | [INFO] Downloading from central: https://repo.maven.apache.org/maven2/org/codehaus/plexus/plexus-components/1.1.19/plexus-components-1.1.19.pom
[de8a65b6-6884-4106-8be0-7ff341d289c2/build]   | [INFO] Downloaded from central: https://repo.maven.apache.org/maven2/org/codehaus/plexus/plexus-components/1.1.19/plexus-components-1.1.19.pom (2.7 kB at 82 kB/s)
[de8a65b6-6884-4106-8be0-7ff341d289c2/build]   | [INFO] Downloading from central: https://repo.maven.apache.org/maven2/org/codehaus/plexus/plexus/3.0.1/plexus-3.0.1.pom
[de8a65b6-6884-4106-8be0-7ff341d289c2/build]   | [INFO] Downloaded from central: https://repo.maven.apache.org/maven2/org/codehaus/plexus/plexus/3.0.1/plexus-3.0.1.pom (19 kB at 665 kB/s)
[de8a65b6-6884-4106-8be0-7ff341d289c2/build]   | [INFO] Downloading from central: https://repo.maven.apache.org/maven2/org/codehaus/plexus/plexus-interpolation/1.15/plexus-interpolation-1.15.pom
[de8a65b6-6884-4106-8be0-7ff341d289c2/build]   | [INFO] Downloaded from central: https://repo.maven.apache.org/maven2/org/codehaus/plexus/plexus-interpolation/1.15/plexus-interpolation-1.15.pom (1.0 kB at 42 kB/s)
[de8a65b6-6884-4106-8be0-7ff341d289c2/build]   | [INFO] Downloading from central: https://repo.maven.apache.org/maven2/commons-lang/commons-lang/2.1/commons-lang-2.1.pom
[de8a65b6-6884-4106-8be0-7ff341d289c2/build]   | [INFO] Downloaded from central: https://repo.maven.apache.org/maven2/commons-lang/commons-lang/2.1/commons-lang-2.1.pom (9.9 kB at 236 kB/s)
[de8a65b6-6884-4106-8be0-7ff341d289c2/build]   | [INFO] Downloading from central: https://repo.maven.apache.org/maven2/org/apache/maven/maven-archiver/2.5/maven-archiver-2.5.jar
[de8a65b6-6884-4106-8be0-7ff341d289c2/build]   | [INFO] Downloading from central: https://repo.maven.apache.org/maven2/org/codehaus/plexus/plexus-interpolation/1.15/plexus-interpolation-1.15.jar
[de8a65b6-6884-4106-8be0-7ff341d289c2/build]   | [INFO] Downloading from central: https://repo.maven.apache.org/maven2/org/codehaus/plexus/plexus-archiver/2.1/plexus-archiver-2.1.jar
[de8a65b6-6884-4106-8be0-7ff341d289c2/build]   | [INFO] Downloading from central: https://repo.maven.apache.org/maven2/commons-lang/commons-lang/2.1/commons-lang-2.1.jar
[de8a65b6-6884-4106-8be0-7ff341d289c2/build]   | [INFO] Downloading from central: https://repo.maven.apache.org/maven2/org/codehaus/plexus/plexus-io/2.0.2/plexus-io-2.0.2.jar
[de8a65b6-6884-4106-8be0-7ff341d289c2/build]   | [INFO] Downloaded from central: https://repo.maven.apache.org/maven2/org/codehaus/plexus/plexus-interpolation/1.15/plexus-interpolation-1.15.jar (60 kB at 1.6 MB/s)
[de8a65b6-6884-4106-8be0-7ff341d289c2/build]   | [INFO] Downloading from central: https://repo.maven.apache.org/maven2/org/codehaus/plexus/plexus-utils/3.0/plexus-utils-3.0.jar
[de8a65b6-6884-4106-8be0-7ff341d289c2/build]   | [INFO] Downloaded from central: https://repo.maven.apache.org/maven2/org/apache/maven/maven-archiver/2.5/maven-archiver-2.5.jar (22 kB at 507 kB/s)
[de8a65b6-6884-4106-8be0-7ff341d289c2/build]   | [INFO] Downloaded from central: https://repo.maven.apache.org/maven2/org/codehaus/plexus/plexus-io/2.0.2/plexus-io-2.0.2.jar (58 kB at 1.3 MB/s)
[de8a65b6-6884-4106-8be0-7ff341d289c2/build]   | [INFO] Downloaded from central: https://repo.maven.apache.org/maven2/commons-lang/commons-lang/2.1/commons-lang-2.1.jar (208 kB at 2.4 MB/s)
[de8a65b6-6884-4106-8be0-7ff341d289c2/build]   | [INFO] Downloaded from central: https://repo.maven.apache.org/maven2/org/codehaus/plexus/plexus-archiver/2.1/plexus-archiver-2.1.jar (184 kB at 1.3 MB/s)
[de8a65b6-6884-4106-8be0-7ff341d289c2/build]   | [INFO] Downloaded from central: https://repo.maven.apache.org/maven2/org/codehaus/plexus/plexus-utils/3.0/plexus-utils-3.0.jar (226 kB at 1.6 MB/s)
[de8a65b6-6884-4106-8be0-7ff341d289c2/build]   | [INFO] Building jar: /tmp/3c408385-4f15-4b73-993c-634a941b343d/target/solarpositioning-0.0.9-SNAPSHOT.jar
[de8a65b6-6884-4106-8be0-7ff341d289c2/build]   | [INFO] ------------------------------------------------------------------------
[de8a65b6-6884-4106-8be0-7ff341d289c2/build]   | [INFO] BUILD SUCCESS
[de8a65b6-6884-4106-8be0-7ff341d289c2/build]   | [INFO] ------------------------------------------------------------------------
[de8a65b6-6884-4106-8be0-7ff341d289c2/build]   | [INFO] Total time:  19.866 s
[de8a65b6-6884-4106-8be0-7ff341d289c2/build]   | [INFO] Finished at: 2023-07-12T15:29:09Z
[de8a65b6-6884-4106-8be0-7ff341d289c2/build]   | [INFO] ------------------------------------------------------------------------
[de8a65b6-6884-4106-8be0-7ff341d289c2/build]   ‚úÖ  Success - Main Build with Maven
[de8a65b6-6884-4106-8be0-7ff341d289c2/build] unable to get git ref: failed to identify reference (tag/branch) for the checked-out revision 'f0574eb42e92e9834ffbcf34713825f8ef4bec24'
[de8a65b6-6884-4106-8be0-7ff341d289c2/build] unable to get git ref: failed to identify reference (tag/branch) for the checked-out revision 'f0574eb42e92e9834ffbcf34713825f8ef4bec24'
[de8a65b6-6884-4106-8be0-7ff341d289c2/build] unable to get git ref: failed to identify reference (tag/branch) for the checked-out revision 'f0574eb42e92e9834ffbcf34713825f8ef4bec24'
[de8a65b6-6884-4106-8be0-7ff341d289c2/build] unable to get git ref: failed to identify reference (tag/branch) for the checked-out revision 'f0574eb42e92e9834ffbcf34713825f8ef4bec24'
[de8a65b6-6884-4106-8be0-7ff341d289c2/build] unable to get git ref: failed to identify reference (tag/branch) for the checked-out revision 'f0574eb42e92e9834ffbcf34713825f8ef4bec24'
[de8a65b6-6884-4106-8be0-7ff341d289c2/build] ‚≠ê Run Post Set up JDK 1.8
[de8a65b6-6884-4106-8be0-7ff341d289c2/build]   üê≥  docker exec cmd=[node /var/run/act/actions/actions-setup-java@v1/dist/cleanup/index.js] user= workdir=
[de8a65b6-6884-4106-8be0-7ff341d289c2/build]   ‚úÖ  Success - Post Set up JDK 1.8
[de8a65b6-6884-4106-8be0-7ff341d289c2/build] üèÅ  Job succeeded
[de8a65b6-6884-4106-8be0-7ff341d289c2/build] unable to get git ref: failed to identify reference (tag/branch) for the checked-out revision 'f0574eb42e92e9834ffbcf34713825f8ef4bec24'
