[e4d78a1e-9cde-481f-86ba-3dfb015f0362/run_tests] üöÄ  Start image=gitbugactions:latest
[e4d78a1e-9cde-481f-86ba-3dfb015f0362/run_tests]   üê≥  docker pull image=gitbugactions:latest platform= username= forcePull=false
[e4d78a1e-9cde-481f-86ba-3dfb015f0362/run_tests]   üê≥  docker create image=gitbugactions:latest platform= entrypoint=["tail" "-f" "/dev/null"] cmd=[]
[e4d78a1e-9cde-481f-86ba-3dfb015f0362/run_tests]   üê≥  docker run image=gitbugactions:latest platform= entrypoint=["tail" "-f" "/dev/null"] cmd=[]
[e4d78a1e-9cde-481f-86ba-3dfb015f0362/run_tests]   üê≥  docker exec cmd=[chown -R 1012:1013 /tmp/8f50300a-0456-4519-85d3-ebf12f552732] user=0 workdir=
[e4d78a1e-9cde-481f-86ba-3dfb015f0362/run_tests] unable to get git ref: failed to identify reference (tag/branch) for the checked-out revision '1dce2997df7f55536293234a04b666de3d6b2a85'
[e4d78a1e-9cde-481f-86ba-3dfb015f0362/run_tests] unable to get git ref: failed to identify reference (tag/branch) for the checked-out revision '1dce2997df7f55536293234a04b666de3d6b2a85'
[e4d78a1e-9cde-481f-86ba-3dfb015f0362/run_tests] unable to get git ref: failed to identify reference (tag/branch) for the checked-out revision '1dce2997df7f55536293234a04b666de3d6b2a85'
[e4d78a1e-9cde-481f-86ba-3dfb015f0362/run_tests] unable to get git ref: failed to identify reference (tag/branch) for the checked-out revision '1dce2997df7f55536293234a04b666de3d6b2a85'
[e4d78a1e-9cde-481f-86ba-3dfb015f0362/run_tests] unable to get git ref: failed to identify reference (tag/branch) for the checked-out revision '1dce2997df7f55536293234a04b666de3d6b2a85'
[e4d78a1e-9cde-481f-86ba-3dfb015f0362/run_tests] unable to get git ref: failed to identify reference (tag/branch) for the checked-out revision '1dce2997df7f55536293234a04b666de3d6b2a85'
[e4d78a1e-9cde-481f-86ba-3dfb015f0362/run_tests] unable to get git ref: failed to identify reference (tag/branch) for the checked-out revision '1dce2997df7f55536293234a04b666de3d6b2a85'
[e4d78a1e-9cde-481f-86ba-3dfb015f0362/run_tests] unable to get git ref: failed to identify reference (tag/branch) for the checked-out revision '1dce2997df7f55536293234a04b666de3d6b2a85'
[e4d78a1e-9cde-481f-86ba-3dfb015f0362/run_tests] unable to get git ref: failed to identify reference (tag/branch) for the checked-out revision '1dce2997df7f55536293234a04b666de3d6b2a85'
[e4d78a1e-9cde-481f-86ba-3dfb015f0362/run_tests] ‚≠ê Run Main Checkout the repository
[e4d78a1e-9cde-481f-86ba-3dfb015f0362/run_tests] unable to get git ref: failed to identify reference (tag/branch) for the checked-out revision '1dce2997df7f55536293234a04b666de3d6b2a85'
[e4d78a1e-9cde-481f-86ba-3dfb015f0362/run_tests] unable to get git ref: failed to identify reference (tag/branch) for the checked-out revision '1dce2997df7f55536293234a04b666de3d6b2a85'
[e4d78a1e-9cde-481f-86ba-3dfb015f0362/run_tests]   üê≥  docker cp src=/tmp/8f50300a-0456-4519-85d3-ebf12f552732/. dst=/tmp/8f50300a-0456-4519-85d3-ebf12f552732
[e4d78a1e-9cde-481f-86ba-3dfb015f0362/run_tests]   üê≥  docker exec cmd=[chown -R 1012:1013 /tmp/8f50300a-0456-4519-85d3-ebf12f552732] user=0 workdir=
[e4d78a1e-9cde-481f-86ba-3dfb015f0362/run_tests]   ‚úÖ  Success - Main Checkout the repository
[e4d78a1e-9cde-481f-86ba-3dfb015f0362/run_tests] unable to get git ref: failed to identify reference (tag/branch) for the checked-out revision '1dce2997df7f55536293234a04b666de3d6b2a85'
[e4d78a1e-9cde-481f-86ba-3dfb015f0362/run_tests] unable to get git ref: failed to identify reference (tag/branch) for the checked-out revision '1dce2997df7f55536293234a04b666de3d6b2a85'
[e4d78a1e-9cde-481f-86ba-3dfb015f0362/run_tests] unable to get git ref: failed to identify reference (tag/branch) for the checked-out revision '1dce2997df7f55536293234a04b666de3d6b2a85'
[e4d78a1e-9cde-481f-86ba-3dfb015f0362/run_tests] unable to get git ref: failed to identify reference (tag/branch) for the checked-out revision '1dce2997df7f55536293234a04b666de3d6b2a85'
[e4d78a1e-9cde-481f-86ba-3dfb015f0362/run_tests] unable to get git ref: failed to identify reference (tag/branch) for the checked-out revision '1dce2997df7f55536293234a04b666de3d6b2a85'
[e4d78a1e-9cde-481f-86ba-3dfb015f0362/run_tests] ‚≠ê Run Main Set up JDK 17
[e4d78a1e-9cde-481f-86ba-3dfb015f0362/run_tests] unable to get git ref: failed to identify reference (tag/branch) for the checked-out revision '1dce2997df7f55536293234a04b666de3d6b2a85'
[e4d78a1e-9cde-481f-86ba-3dfb015f0362/run_tests] unable to get git ref: failed to identify reference (tag/branch) for the checked-out revision '1dce2997df7f55536293234a04b666de3d6b2a85'
[e4d78a1e-9cde-481f-86ba-3dfb015f0362/run_tests] unable to get git ref: failed to identify reference (tag/branch) for the checked-out revision '1dce2997df7f55536293234a04b666de3d6b2a85'
[e4d78a1e-9cde-481f-86ba-3dfb015f0362/run_tests]   üê≥  docker cp src=/tmp/act-cache/2c720674-79af-48bf-9c43-1dfcc903cc88/act/actions-setup-java@v1/ dst=/var/run/act/actions/actions-setup-java@v1/
[e4d78a1e-9cde-481f-86ba-3dfb015f0362/run_tests]   üê≥  docker exec cmd=[chown -R 1012:1013 /var/run/act/actions/actions-setup-java@v1/] user=0 workdir=
[e4d78a1e-9cde-481f-86ba-3dfb015f0362/run_tests]   üê≥  docker exec cmd=[node /var/run/act/actions/actions-setup-java@v1/dist/setup/index.js] user= workdir=
[e4d78a1e-9cde-481f-86ba-3dfb015f0362/run_tests]   üí¨  ::debug::isExplicit: 
[e4d78a1e-9cde-481f-86ba-3dfb015f0362/run_tests]   üí¨  ::debug::explicit? false
[e4d78a1e-9cde-481f-86ba-3dfb015f0362/run_tests]   üí¨  ::debug::evaluating 0 versions
[e4d78a1e-9cde-481f-86ba-3dfb015f0362/run_tests]   üí¨  ::debug::match not found
[e4d78a1e-9cde-481f-86ba-3dfb015f0362/run_tests]   üí¨  ::debug::Downloading JDK from Azul
[e4d78a1e-9cde-481f-86ba-3dfb015f0362/run_tests]   üí¨  ::debug::Searching for files with extension: -linux_x64.tar.gz
[e4d78a1e-9cde-481f-86ba-3dfb015f0362/run_tests]   üí¨  ::debug::Downloading https://static.azul.com/zulu/bin/zulu17.46.27_1-ca-crac-jdk17.0.9-linux_x64.tar.gz
[e4d78a1e-9cde-481f-86ba-3dfb015f0362/run_tests]   üí¨  ::debug::Downloading /tmp/5c7d6008-d689-48a1-8442-d33ebc67f535
[e4d78a1e-9cde-481f-86ba-3dfb015f0362/run_tests]   üí¨  ::debug::download complete
[e4d78a1e-9cde-481f-86ba-3dfb015f0362/run_tests]   | [command]/usr/bin/tar --version
[e4d78a1e-9cde-481f-86ba-3dfb015f0362/run_tests]   | tar (GNU tar) 1.34
[e4d78a1e-9cde-481f-86ba-3dfb015f0362/run_tests]   | Copyright (C) 2021 Free Software Foundation, Inc.
[e4d78a1e-9cde-481f-86ba-3dfb015f0362/run_tests]   | License GPLv3+: GNU GPL version 3 or later <https://gnu.org/licenses/gpl.html>.
[e4d78a1e-9cde-481f-86ba-3dfb015f0362/run_tests]   | This is free software: you are free to change and redistribute it.
[e4d78a1e-9cde-481f-86ba-3dfb015f0362/run_tests]   | There is NO WARRANTY, to the extent permitted by law.
[e4d78a1e-9cde-481f-86ba-3dfb015f0362/run_tests]   | 
[e4d78a1e-9cde-481f-86ba-3dfb015f0362/run_tests]   | Written by John Gilmore and Jay Fenlason.
[e4d78a1e-9cde-481f-86ba-3dfb015f0362/run_tests]   | [command]/usr/bin/tar xz --warning=no-unknown-keyword -C /tmp/temp_1929297489 -f /tmp/5c7d6008-d689-48a1-8442-d33ebc67f535
[e4d78a1e-9cde-481f-86ba-3dfb015f0362/run_tests]   üí¨  ::debug::jdk extracted to /tmp/temp_1929297489/zulu17.46.27_1-ca-crac-jdk17.0.9-linux_x64
[e4d78a1e-9cde-481f-86ba-3dfb015f0362/run_tests]   üí¨  ::debug::Caching tool jdk 17.0.9 x64
[e4d78a1e-9cde-481f-86ba-3dfb015f0362/run_tests]   üí¨  ::debug::source dir: /tmp/temp_1929297489/zulu17.46.27_1-ca-crac-jdk17.0.9-linux_x64
[e4d78a1e-9cde-481f-86ba-3dfb015f0362/run_tests]   üí¨  ::debug::destination /opt/hostedtoolcache/jdk/17.0.9/x64
[e4d78a1e-9cde-481f-86ba-3dfb015f0362/run_tests]   üí¨  ::debug::finished caching tool
[e4d78a1e-9cde-481f-86ba-3dfb015f0362/run_tests]   ‚ùì add-matcher /run/act/actions/actions-setup-java@v1/.github/java.json
[e4d78a1e-9cde-481f-86ba-3dfb015f0362/run_tests]   | creating settings.xml with server-id: github; environment variables: username=$GITHUB_ACTOR, password=$GITHUB_TOKEN, and gpg-passphrase=null
[e4d78a1e-9cde-481f-86ba-3dfb015f0362/run_tests]   üí¨  ::debug::created directory /home/runner/.m2
[e4d78a1e-9cde-481f-86ba-3dfb015f0362/run_tests]   | writing /home/runner/.m2/settings.xml
[e4d78a1e-9cde-481f-86ba-3dfb015f0362/run_tests]   ‚úÖ  Success - Main Set up JDK 17
[e4d78a1e-9cde-481f-86ba-3dfb015f0362/run_tests]   ‚öô  ::set-env:: JAVA_HOME_17.0.9_x64=/opt/hostedtoolcache/jdk/17.0.9/x64
[e4d78a1e-9cde-481f-86ba-3dfb015f0362/run_tests]   ‚öô  ::set-env:: JAVA_HOME=/opt/hostedtoolcache/jdk/17.0.9/x64
[e4d78a1e-9cde-481f-86ba-3dfb015f0362/run_tests]   ‚öô  ::set-env:: JAVA_HOME_17_0_9_X64=/opt/hostedtoolcache/jdk/17.0.9/x64
[e4d78a1e-9cde-481f-86ba-3dfb015f0362/run_tests]   ‚öô  ::set-output:: path=/opt/hostedtoolcache/jdk/17.0.9/x64
[e4d78a1e-9cde-481f-86ba-3dfb015f0362/run_tests]   ‚öô  ::set-output:: version=17.0.9
[e4d78a1e-9cde-481f-86ba-3dfb015f0362/run_tests]   ‚öô  ::add-path:: /opt/hostedtoolcache/jdk/17.0.9/x64/bin
[e4d78a1e-9cde-481f-86ba-3dfb015f0362/run_tests] unable to get git ref: failed to identify reference (tag/branch) for the checked-out revision '1dce2997df7f55536293234a04b666de3d6b2a85'
[e4d78a1e-9cde-481f-86ba-3dfb015f0362/run_tests] unable to get git ref: failed to identify reference (tag/branch) for the checked-out revision '1dce2997df7f55536293234a04b666de3d6b2a85'
[e4d78a1e-9cde-481f-86ba-3dfb015f0362/run_tests] unable to get git ref: failed to identify reference (tag/branch) for the checked-out revision '1dce2997df7f55536293234a04b666de3d6b2a85'
[e4d78a1e-9cde-481f-86ba-3dfb015f0362/run_tests] unable to get git ref: failed to identify reference (tag/branch) for the checked-out revision '1dce2997df7f55536293234a04b666de3d6b2a85'
[e4d78a1e-9cde-481f-86ba-3dfb015f0362/run_tests] unable to get git ref: failed to identify reference (tag/branch) for the checked-out revision '1dce2997df7f55536293234a04b666de3d6b2a85'
[e4d78a1e-9cde-481f-86ba-3dfb015f0362/run_tests] ‚≠ê Run Main Run tests with Maven
[e4d78a1e-9cde-481f-86ba-3dfb015f0362/run_tests] unable to get git ref: failed to identify reference (tag/branch) for the checked-out revision '1dce2997df7f55536293234a04b666de3d6b2a85'
[e4d78a1e-9cde-481f-86ba-3dfb015f0362/run_tests] unable to get git ref: failed to identify reference (tag/branch) for the checked-out revision '1dce2997df7f55536293234a04b666de3d6b2a85'
[e4d78a1e-9cde-481f-86ba-3dfb015f0362/run_tests] unable to get git ref: failed to identify reference (tag/branch) for the checked-out revision '1dce2997df7f55536293234a04b666de3d6b2a85'
[e4d78a1e-9cde-481f-86ba-3dfb015f0362/run_tests] unable to get git ref: failed to identify reference (tag/branch) for the checked-out revision '1dce2997df7f55536293234a04b666de3d6b2a85'
[e4d78a1e-9cde-481f-86ba-3dfb015f0362/run_tests]   üê≥  docker exec cmd=[bash --noprofile --norc -e -o pipefail /var/run/act/workflow/2] user= workdir=
[e4d78a1e-9cde-481f-86ba-3dfb015f0362/run_tests]   | [INFO] Scanning for projects...
[e4d78a1e-9cde-481f-86ba-3dfb015f0362/run_tests]   | [INFO] 
[e4d78a1e-9cde-481f-86ba-3dfb015f0362/run_tests]   | [INFO] ---------------------< org.byteskript:byteskript >----------------------
[e4d78a1e-9cde-481f-86ba-3dfb015f0362/run_tests]   | [INFO] Building ByteSkript 1.0.40
[e4d78a1e-9cde-481f-86ba-3dfb015f0362/run_tests]   | [INFO]   from pom.xml
[e4d78a1e-9cde-481f-86ba-3dfb015f0362/run_tests]   | [INFO] --------------------------------[ jar ]---------------------------------
[e4d78a1e-9cde-481f-86ba-3dfb015f0362/run_tests]   | [INFO] Downloading from central: https://repo.maven.apache.org/maven2/org/apache/maven/plugins/maven-resources-plugin/2.6/maven-resources-plugin-2.6.pom
[e4d78a1e-9cde-481f-86ba-3dfb015f0362/run_tests]   | [INFO] Downloaded from central: https://repo.maven.apache.org/maven2/org/apache/maven/plugins/maven-resources-plugin/2.6/maven-resources-plugin-2.6.pom (8.1 kB at 31 kB/s)
[e4d78a1e-9cde-481f-86ba-3dfb015f0362/run_tests]   | [INFO] Downloading from central: https://repo.maven.apache.org/maven2/org/apache/maven/plugins/maven-plugins/23/maven-plugins-23.pom
[e4d78a1e-9cde-481f-86ba-3dfb015f0362/run_tests]   | [INFO] Downloaded from central: https://repo.maven.apache.org/maven2/org/apache/maven/plugins/maven-plugins/23/maven-plugins-23.pom (9.2 kB at 219 kB/s)
[e4d78a1e-9cde-481f-86ba-3dfb015f0362/run_tests]   | [INFO] Downloading from central: https://repo.maven.apache.org/maven2/org/apache/maven/maven-parent/22/maven-parent-22.pom
[e4d78a1e-9cde-481f-86ba-3dfb015f0362/run_tests]   | [INFO] Downloaded from central: https://repo.maven.apache.org/maven2/org/apache/maven/maven-parent/22/maven-parent-22.pom (30 kB at 458 kB/s)
[e4d78a1e-9cde-481f-86ba-3dfb015f0362/run_tests]   | [INFO] Downloading from central: https://repo.maven.apache.org/maven2/org/apache/apache/11/apache-11.pom
[e4d78a1e-9cde-481f-86ba-3dfb015f0362/run_tests]   | [INFO] Downloaded from central: https://repo.maven.apache.org/maven2/org/apache/apache/11/apache-11.pom (15 kB at 183 kB/s)
[e4d78a1e-9cde-481f-86ba-3dfb015f0362/run_tests]   | [INFO] Downloading from central: https://repo.maven.apache.org/maven2/org/apache/maven/plugins/maven-resources-plugin/2.6/maven-resources-plugin-2.6.jar
[e4d78a1e-9cde-481f-86ba-3dfb015f0362/run_tests]   | [INFO] Downloaded from central: https://repo.maven.apache.org/maven2/org/apache/maven/plugins/maven-resources-plugin/2.6/maven-resources-plugin-2.6.jar (30 kB at 399 kB/s)
[e4d78a1e-9cde-481f-86ba-3dfb015f0362/run_tests]   | [INFO] Downloading from central: https://repo.maven.apache.org/maven2/org/apache/maven/plugins/maven-compiler-plugin/3.1/maven-compiler-plugin-3.1.pom
[e4d78a1e-9cde-481f-86ba-3dfb015f0362/run_tests]   | [INFO] Downloaded from central: https://repo.maven.apache.org/maven2/org/apache/maven/plugins/maven-compiler-plugin/3.1/maven-compiler-plugin-3.1.pom (10 kB at 150 kB/s)
[e4d78a1e-9cde-481f-86ba-3dfb015f0362/run_tests]   | [INFO] Downloading from central: https://repo.maven.apache.org/maven2/org/apache/maven/plugins/maven-plugins/24/maven-plugins-24.pom
[e4d78a1e-9cde-481f-86ba-3dfb015f0362/run_tests]   | [INFO] Downloaded from central: https://repo.maven.apache.org/maven2/org/apache/maven/plugins/maven-plugins/24/maven-plugins-24.pom (11 kB at 235 kB/s)
[e4d78a1e-9cde-481f-86ba-3dfb015f0362/run_tests]   | [INFO] Downloading from central: https://repo.maven.apache.org/maven2/org/apache/maven/maven-parent/23/maven-parent-23.pom
[e4d78a1e-9cde-481f-86ba-3dfb015f0362/run_tests]   | [INFO] Downloaded from central: https://repo.maven.apache.org/maven2/org/apache/maven/maven-parent/23/maven-parent-23.pom (33 kB at 472 kB/s)
[e4d78a1e-9cde-481f-86ba-3dfb015f0362/run_tests]   | [INFO] Downloading from central: https://repo.maven.apache.org/maven2/org/apache/apache/13/apache-13.pom
[e4d78a1e-9cde-481f-86ba-3dfb015f0362/run_tests]   | [INFO] Downloaded from central: https://repo.maven.apache.org/maven2/org/apache/apache/13/apache-13.pom (14 kB at 341 kB/s)
[e4d78a1e-9cde-481f-86ba-3dfb015f0362/run_tests]   | [INFO] Downloading from central: https://repo.maven.apache.org/maven2/org/apache/maven/plugins/maven-compiler-plugin/3.1/maven-compiler-plugin-3.1.jar
[e4d78a1e-9cde-481f-86ba-3dfb015f0362/run_tests]   | [INFO] Downloaded from central: https://repo.maven.apache.org/maven2/org/apache/maven/plugins/maven-compiler-plugin/3.1/maven-compiler-plugin-3.1.jar (43 kB at 1.2 MB/s)
[e4d78a1e-9cde-481f-86ba-3dfb015f0362/run_tests]   | [INFO] Downloading from central: https://repo.maven.apache.org/maven2/org/apache/maven/plugins/maven-surefire-plugin/2.12.4/maven-surefire-plugin-2.12.4.pom
[e4d78a1e-9cde-481f-86ba-3dfb015f0362/run_tests]   | [INFO] Downloaded from central: https://repo.maven.apache.org/maven2/org/apache/maven/plugins/maven-surefire-plugin/2.12.4/maven-surefire-plugin-2.12.4.pom (10 kB at 374 kB/s)
[e4d78a1e-9cde-481f-86ba-3dfb015f0362/run_tests]   | [INFO] Downloading from central: https://repo.maven.apache.org/maven2/org/apache/maven/surefire/surefire/2.12.4/surefire-2.12.4.pom
[e4d78a1e-9cde-481f-86ba-3dfb015f0362/run_tests]   | [INFO] Downloaded from central: https://repo.maven.apache.org/maven2/org/apache/maven/surefire/surefire/2.12.4/surefire-2.12.4.pom (14 kB at 431 kB/s)
[e4d78a1e-9cde-481f-86ba-3dfb015f0362/run_tests]   | [INFO] Downloading from central: https://repo.maven.apache.org/maven2/org/apache/maven/plugins/maven-surefire-plugin/2.12.4/maven-surefire-plugin-2.12.4.jar
[e4d78a1e-9cde-481f-86ba-3dfb015f0362/run_tests]   | [INFO] Downloaded from central: https://repo.maven.apache.org/maven2/org/apache/maven/plugins/maven-surefire-plugin/2.12.4/maven-surefire-plugin-2.12.4.jar (30 kB at 781 kB/s)
[e4d78a1e-9cde-481f-86ba-3dfb015f0362/run_tests]   | [INFO] Downloading from kenzie: https://repo.kenzie.mx/releases/mx/kenzie/foundation/1.1.7/foundation-1.1.7.pom
[e4d78a1e-9cde-481f-86ba-3dfb015f0362/run_tests]   | [INFO] Downloaded from kenzie: https://repo.kenzie.mx/releases/mx/kenzie/foundation/1.1.7/foundation-1.1.7.pom (2.8 kB at 13 kB/s)
[e4d78a1e-9cde-481f-86ba-3dfb015f0362/run_tests]   | [INFO] Downloading from kenzie: https://repo.kenzie.mx/releases/org/ow2/asm/asm/9.3/asm-9.3.pom
[e4d78a1e-9cde-481f-86ba-3dfb015f0362/run_tests]   | [INFO] Downloading from central: https://repo.maven.apache.org/maven2/org/ow2/asm/asm/9.3/asm-9.3.pom
[e4d78a1e-9cde-481f-86ba-3dfb015f0362/run_tests]   | [INFO] Downloaded from central: https://repo.maven.apache.org/maven2/org/ow2/asm/asm/9.3/asm-9.3.pom (2.4 kB at 95 kB/s)
[e4d78a1e-9cde-481f-86ba-3dfb015f0362/run_tests]   | [INFO] Downloading from kenzie: https://repo.kenzie.mx/releases/org/ow2/ow2/1.5/ow2-1.5.pom
[e4d78a1e-9cde-481f-86ba-3dfb015f0362/run_tests]   | [INFO] Downloading from central: https://repo.maven.apache.org/maven2/org/ow2/ow2/1.5/ow2-1.5.pom
[e4d78a1e-9cde-481f-86ba-3dfb015f0362/run_tests]   | [INFO] Downloaded from central: https://repo.maven.apache.org/maven2/org/ow2/ow2/1.5/ow2-1.5.pom (11 kB at 936 kB/s)
[e4d78a1e-9cde-481f-86ba-3dfb015f0362/run_tests]   | [INFO] Downloading from kenzie: https://repo.kenzie.mx/releases/mx/kenzie/mimic/1.0.0/mimic-1.0.0.pom
[e4d78a1e-9cde-481f-86ba-3dfb015f0362/run_tests]   | [INFO] Downloaded from kenzie: https://repo.kenzie.mx/releases/mx/kenzie/mimic/1.0.0/mimic-1.0.0.pom (1.7 kB at 11 kB/s)
[e4d78a1e-9cde-481f-86ba-3dfb015f0362/run_tests]   | [INFO] Downloading from kenzie: https://repo.kenzie.mx/releases/mx/kenzie/mirror/5.0.3/mirror-5.0.3.pom
[e4d78a1e-9cde-481f-86ba-3dfb015f0362/run_tests]   | [INFO] Downloaded from kenzie: https://repo.kenzie.mx/releases/mx/kenzie/mirror/5.0.3/mirror-5.0.3.pom (3.3 kB at 27 kB/s)
[e4d78a1e-9cde-481f-86ba-3dfb015f0362/run_tests]   | [INFO] Downloading from kenzie: https://repo.kenzie.mx/releases/org/ow2/asm/asm/9.2/asm-9.2.pom
[e4d78a1e-9cde-481f-86ba-3dfb015f0362/run_tests]   | [INFO] Downloading from central: https://repo.maven.apache.org/maven2/org/ow2/asm/asm/9.2/asm-9.2.pom
[e4d78a1e-9cde-481f-86ba-3dfb015f0362/run_tests]   | [INFO] Downloaded from central: https://repo.maven.apache.org/maven2/org/ow2/asm/asm/9.2/asm-9.2.pom (2.4 kB at 72 kB/s)
[e4d78a1e-9cde-481f-86ba-3dfb015f0362/run_tests]   | [INFO] Downloading from kenzie: https://repo.kenzie.mx/releases/mx/kenzie/jupiter/1.0.2/jupiter-1.0.2.pom
[e4d78a1e-9cde-481f-86ba-3dfb015f0362/run_tests]   | [INFO] Downloaded from kenzie: https://repo.kenzie.mx/releases/mx/kenzie/jupiter/1.0.2/jupiter-1.0.2.pom (1.6 kB at 13 kB/s)
[e4d78a1e-9cde-481f-86ba-3dfb015f0362/run_tests]   | [INFO] Downloading from kenzie: https://repo.kenzie.mx/releases/mx/kenzie/autodocs/1.0.2/autodocs-1.0.2.pom
[e4d78a1e-9cde-481f-86ba-3dfb015f0362/run_tests]   | [INFO] Downloaded from kenzie: https://repo.kenzie.mx/releases/mx/kenzie/autodocs/1.0.2/autodocs-1.0.2.pom (2.0 kB at 15 kB/s)
[e4d78a1e-9cde-481f-86ba-3dfb015f0362/run_tests]   | [INFO] Downloading from kenzie: https://repo.kenzie.mx/releases/org/commonmark/commonmark/0.18.1/commonmark-0.18.1.pom
[e4d78a1e-9cde-481f-86ba-3dfb015f0362/run_tests]   | [INFO] Downloading from central: https://repo.maven.apache.org/maven2/org/commonmark/commonmark/0.18.1/commonmark-0.18.1.pom
[e4d78a1e-9cde-481f-86ba-3dfb015f0362/run_tests]   | [INFO] Downloaded from central: https://repo.maven.apache.org/maven2/org/commonmark/commonmark/0.18.1/commonmark-0.18.1.pom (2.7 kB at 73 kB/s)
[e4d78a1e-9cde-481f-86ba-3dfb015f0362/run_tests]   | [INFO] Downloading from kenzie: https://repo.kenzie.mx/releases/org/commonmark/commonmark-parent/0.18.1/commonmark-parent-0.18.1.pom
[e4d78a1e-9cde-481f-86ba-3dfb015f0362/run_tests]   | [INFO] Downloading from central: https://repo.maven.apache.org/maven2/org/commonmark/commonmark-parent/0.18.1/commonmark-parent-0.18.1.pom
[e4d78a1e-9cde-481f-86ba-3dfb015f0362/run_tests]   | [INFO] Downloaded from central: https://repo.maven.apache.org/maven2/org/commonmark/commonmark-parent/0.18.1/commonmark-parent-0.18.1.pom (12 kB at 301 kB/s)
[e4d78a1e-9cde-481f-86ba-3dfb015f0362/run_tests]   | [INFO] Downloading from kenzie: https://repo.kenzie.mx/releases/org/jetbrains/annotations/23.0.0/annotations-23.0.0.pom
[e4d78a1e-9cde-481f-86ba-3dfb015f0362/run_tests]   | [INFO] Downloading from central: https://repo.maven.apache.org/maven2/org/jetbrains/annotations/23.0.0/annotations-23.0.0.pom
[e4d78a1e-9cde-481f-86ba-3dfb015f0362/run_tests]   | [INFO] Downloaded from central: https://repo.maven.apache.org/maven2/org/jetbrains/annotations/23.0.0/annotations-23.0.0.pom (1.4 kB at 37 kB/s)
[e4d78a1e-9cde-481f-86ba-3dfb015f0362/run_tests]   | [INFO] Downloading from kenzie: https://repo.kenzie.mx/releases/junit/junit/4.13.2/junit-4.13.2.pom
[e4d78a1e-9cde-481f-86ba-3dfb015f0362/run_tests]   | [INFO] Downloading from central: https://repo.maven.apache.org/maven2/junit/junit/4.13.2/junit-4.13.2.pom
[e4d78a1e-9cde-481f-86ba-3dfb015f0362/run_tests]   | [INFO] Downloaded from central: https://repo.maven.apache.org/maven2/junit/junit/4.13.2/junit-4.13.2.pom (27 kB at 932 kB/s)
[e4d78a1e-9cde-481f-86ba-3dfb015f0362/run_tests]   | [INFO] Downloading from kenzie: https://repo.kenzie.mx/releases/org/hamcrest/hamcrest-core/1.3/hamcrest-core-1.3.pom
[e4d78a1e-9cde-481f-86ba-3dfb015f0362/run_tests]   | [INFO] Downloading from central: https://repo.maven.apache.org/maven2/org/hamcrest/hamcrest-core/1.3/hamcrest-core-1.3.pom
[e4d78a1e-9cde-481f-86ba-3dfb015f0362/run_tests]   | [INFO] Downloaded from central: https://repo.maven.apache.org/maven2/org/hamcrest/hamcrest-core/1.3/hamcrest-core-1.3.pom (766 B at 33 kB/s)
[e4d78a1e-9cde-481f-86ba-3dfb015f0362/run_tests]   | [INFO] Downloading from kenzie: https://repo.kenzie.mx/releases/org/hamcrest/hamcrest-parent/1.3/hamcrest-parent-1.3.pom
[e4d78a1e-9cde-481f-86ba-3dfb015f0362/run_tests]   | [INFO] Downloading from central: https://repo.maven.apache.org/maven2/org/hamcrest/hamcrest-parent/1.3/hamcrest-parent-1.3.pom
[e4d78a1e-9cde-481f-86ba-3dfb015f0362/run_tests]   | [INFO] Downloaded from central: https://repo.maven.apache.org/maven2/org/hamcrest/hamcrest-parent/1.3/hamcrest-parent-1.3.pom (2.0 kB at 56 kB/s)
[e4d78a1e-9cde-481f-86ba-3dfb015f0362/run_tests]   | [INFO] Downloading from kenzie: https://repo.kenzie.mx/releases/mx/kenzie/foundation/1.1.7/foundation-1.1.7.jar
[e4d78a1e-9cde-481f-86ba-3dfb015f0362/run_tests]   | [INFO] Downloading from kenzie: https://repo.kenzie.mx/releases/org/ow2/asm/asm/9.3/asm-9.3.jar
[e4d78a1e-9cde-481f-86ba-3dfb015f0362/run_tests]   | [INFO] Downloading from kenzie: https://repo.kenzie.mx/releases/mx/kenzie/mimic/1.0.0/mimic-1.0.0.jar
[e4d78a1e-9cde-481f-86ba-3dfb015f0362/run_tests]   | [INFO] Downloading from kenzie: https://repo.kenzie.mx/releases/mx/kenzie/mirror/5.0.3/mirror-5.0.3.jar
[e4d78a1e-9cde-481f-86ba-3dfb015f0362/run_tests]   | [INFO] Downloading from kenzie: https://repo.kenzie.mx/releases/mx/kenzie/jupiter/1.0.2/jupiter-1.0.2.jar
[e4d78a1e-9cde-481f-86ba-3dfb015f0362/run_tests]   | [INFO] Downloading from kenzie: https://repo.kenzie.mx/releases/mx/kenzie/autodocs/1.0.2/autodocs-1.0.2.jar
[e4d78a1e-9cde-481f-86ba-3dfb015f0362/run_tests]   | [INFO] Downloaded from kenzie: https://repo.kenzie.mx/releases/mx/kenzie/foundation/1.1.7/foundation-1.1.7.jar (69 kB at 624 kB/s)
[e4d78a1e-9cde-481f-86ba-3dfb015f0362/run_tests]   | [INFO] Downloading from kenzie: https://repo.kenzie.mx/releases/org/commonmark/commonmark/0.18.1/commonmark-0.18.1.jar
[e4d78a1e-9cde-481f-86ba-3dfb015f0362/run_tests]   | [INFO] Downloading from kenzie: https://repo.kenzie.mx/releases/org/jetbrains/annotations/23.0.0/annotations-23.0.0.jar
[e4d78a1e-9cde-481f-86ba-3dfb015f0362/run_tests]   | [INFO] Downloading from kenzie: https://repo.kenzie.mx/releases/junit/junit/4.13.2/junit-4.13.2.jar
[e4d78a1e-9cde-481f-86ba-3dfb015f0362/run_tests]   | [INFO] Downloaded from kenzie: https://repo.kenzie.mx/releases/mx/kenzie/jupiter/1.0.2/jupiter-1.0.2.jar (34 kB at 210 kB/s)
[e4d78a1e-9cde-481f-86ba-3dfb015f0362/run_tests]   | [INFO] Downloading from kenzie: https://repo.kenzie.mx/releases/org/hamcrest/hamcrest-core/1.3/hamcrest-core-1.3.jar
[e4d78a1e-9cde-481f-86ba-3dfb015f0362/run_tests]   | [INFO] Downloaded from kenzie: https://repo.kenzie.mx/releases/mx/kenzie/mimic/1.0.0/mimic-1.0.0.jar (14 kB at 78 kB/s)
[e4d78a1e-9cde-481f-86ba-3dfb015f0362/run_tests]   | [INFO] Downloaded from kenzie: https://repo.kenzie.mx/releases/mx/kenzie/mirror/5.0.3/mirror-5.0.3.jar (46 kB at 208 kB/s)
[e4d78a1e-9cde-481f-86ba-3dfb015f0362/run_tests]   | [INFO] Downloaded from kenzie: https://repo.kenzie.mx/releases/mx/kenzie/autodocs/1.0.2/autodocs-1.0.2.jar (98 kB at 440 kB/s)
[e4d78a1e-9cde-481f-86ba-3dfb015f0362/run_tests]   | [INFO] Downloading from central: https://repo.maven.apache.org/maven2/org/ow2/asm/asm/9.3/asm-9.3.jar
[e4d78a1e-9cde-481f-86ba-3dfb015f0362/run_tests]   | [INFO] Downloading from central: https://repo.maven.apache.org/maven2/org/commonmark/commonmark/0.18.1/commonmark-0.18.1.jar
[e4d78a1e-9cde-481f-86ba-3dfb015f0362/run_tests]   | [INFO] Downloading from central: https://repo.maven.apache.org/maven2/org/jetbrains/annotations/23.0.0/annotations-23.0.0.jar
[e4d78a1e-9cde-481f-86ba-3dfb015f0362/run_tests]   | [INFO] Downloading from central: https://repo.maven.apache.org/maven2/junit/junit/4.13.2/junit-4.13.2.jar
[e4d78a1e-9cde-481f-86ba-3dfb015f0362/run_tests]   | [INFO] Downloading from central: https://repo.maven.apache.org/maven2/org/hamcrest/hamcrest-core/1.3/hamcrest-core-1.3.jar
[e4d78a1e-9cde-481f-86ba-3dfb015f0362/run_tests]   | [INFO] Downloaded from central: https://repo.maven.apache.org/maven2/org/jetbrains/annotations/23.0.0/annotations-23.0.0.jar (29 kB at 554 kB/s)
[e4d78a1e-9cde-481f-86ba-3dfb015f0362/run_tests]   | [INFO] Downloaded from central: https://repo.maven.apache.org/maven2/org/ow2/asm/asm/9.3/asm-9.3.jar (122 kB at 2.0 MB/s)
[e4d78a1e-9cde-481f-86ba-3dfb015f0362/run_tests]   | [INFO] Downloaded from central: https://repo.maven.apache.org/maven2/org/hamcrest/hamcrest-core/1.3/hamcrest-core-1.3.jar (45 kB at 750 kB/s)
[e4d78a1e-9cde-481f-86ba-3dfb015f0362/run_tests]   | [INFO] Downloaded from central: https://repo.maven.apache.org/maven2/junit/junit/4.13.2/junit-4.13.2.jar (385 kB at 6.3 MB/s)
[e4d78a1e-9cde-481f-86ba-3dfb015f0362/run_tests]   | [INFO] Downloaded from central: https://repo.maven.apache.org/maven2/org/commonmark/commonmark/0.18.1/commonmark-0.18.1.jar (168 kB at 2.6 MB/s)
[e4d78a1e-9cde-481f-86ba-3dfb015f0362/run_tests]   | [INFO] 
[e4d78a1e-9cde-481f-86ba-3dfb015f0362/run_tests]   | [INFO] --- maven-resources-plugin:2.6:resources (default-resources) @ byteskript ---
[e4d78a1e-9cde-481f-86ba-3dfb015f0362/run_tests]   | [INFO] Downloading from central: https://repo.maven.apache.org/maven2/org/apache/maven/maven-plugin-api/2.0.6/maven-plugin-api-2.0.6.pom
[e4d78a1e-9cde-481f-86ba-3dfb015f0362/run_tests]   | [INFO] Downloaded from central: https://repo.maven.apache.org/maven2/org/apache/maven/maven-plugin-api/2.0.6/maven-plugin-api-2.0.6.pom (1.5 kB at 73 kB/s)
[e4d78a1e-9cde-481f-86ba-3dfb015f0362/run_tests]   | [INFO] Downloading from central: https://repo.maven.apache.org/maven2/org/apache/maven/maven/2.0.6/maven-2.0.6.pom
[e4d78a1e-9cde-481f-86ba-3dfb015f0362/run_tests]   | [INFO] Downloaded from central: https://repo.maven.apache.org/maven2/org/apache/maven/maven/2.0.6/maven-2.0.6.pom (9.0 kB at 452 kB/s)
[e4d78a1e-9cde-481f-86ba-3dfb015f0362/run_tests]   | [INFO] Downloading from central: https://repo.maven.apache.org/maven2/org/apache/maven/maven-parent/5/maven-parent-5.pom
[e4d78a1e-9cde-481f-86ba-3dfb015f0362/run_tests]   | [INFO] Downloaded from central: https://repo.maven.apache.org/maven2/org/apache/maven/maven-parent/5/maven-parent-5.pom (15 kB at 693 kB/s)
[e4d78a1e-9cde-481f-86ba-3dfb015f0362/run_tests]   | [INFO] Downloading from central: https://repo.maven.apache.org/maven2/org/apache/apache/3/apache-3.pom
[e4d78a1e-9cde-481f-86ba-3dfb015f0362/run_tests]   | [INFO] Downloaded from central: https://repo.maven.apache.org/maven2/org/apache/apache/3/apache-3.pom (3.4 kB at 181 kB/s)
[e4d78a1e-9cde-481f-86ba-3dfb015f0362/run_tests]   | [INFO] Downloading from central: https://repo.maven.apache.org/maven2/org/apache/maven/maven-project/2.0.6/maven-project-2.0.6.pom
[e4d78a1e-9cde-481f-86ba-3dfb015f0362/run_tests]   | [INFO] Downloaded from central: https://repo.maven.apache.org/maven2/org/apache/maven/maven-project/2.0.6/maven-project-2.0.6.pom (2.6 kB at 155 kB/s)
[e4d78a1e-9cde-481f-86ba-3dfb015f0362/run_tests]   | [INFO] Downloading from central: https://repo.maven.apache.org/maven2/org/apache/maven/maven-settings/2.0.6/maven-settings-2.0.6.pom
[e4d78a1e-9cde-481f-86ba-3dfb015f0362/run_tests]   | [INFO] Downloaded from central: https://repo.maven.apache.org/maven2/org/apache/maven/maven-settings/2.0.6/maven-settings-2.0.6.pom (2.0 kB at 125 kB/s)
[e4d78a1e-9cde-481f-86ba-3dfb015f0362/run_tests]   | [INFO] Downloading from central: https://repo.maven.apache.org/maven2/org/apache/maven/maven-model/2.0.6/maven-model-2.0.6.pom
[e4d78a1e-9cde-481f-86ba-3dfb015f0362/run_tests]   | [INFO] Downloaded from central: https://repo.maven.apache.org/maven2/org/apache/maven/maven-model/2.0.6/maven-model-2.0.6.pom (3.0 kB at 218 kB/s)
[e4d78a1e-9cde-481f-86ba-3dfb015f0362/run_tests]   | [INFO] Downloading from central: https://repo.maven.apache.org/maven2/org/codehaus/plexus/plexus-utils/1.4.1/plexus-utils-1.4.1.pom
[e4d78a1e-9cde-481f-86ba-3dfb015f0362/run_tests]   | [INFO] Downloaded from central: https://repo.maven.apache.org/maven2/org/codehaus/plexus/plexus-utils/1.4.1/plexus-utils-1.4.1.pom (1.9 kB at 212 kB/s)
[e4d78a1e-9cde-481f-86ba-3dfb015f0362/run_tests]   | [INFO] Downloading from central: https://repo.maven.apache.org/maven2/org/codehaus/plexus/plexus/1.0.11/plexus-1.0.11.pom
[e4d78a1e-9cde-481f-86ba-3dfb015f0362/run_tests]   | [INFO] Downloaded from central: https://repo.maven.apache.org/maven2/org/codehaus/plexus/plexus/1.0.11/plexus-1.0.11.pom (9.0 kB at 472 kB/s)
[e4d78a1e-9cde-481f-86ba-3dfb015f0362/run_tests]   | [INFO] Downloading from central: https://repo.maven.apache.org/maven2/org/codehaus/plexus/plexus-container-default/1.0-alpha-9-stable-1/plexus-container-default-1.0-alpha-9-stable-1.pom
[e4d78a1e-9cde-481f-86ba-3dfb015f0362/run_tests]   | [INFO] Downloaded from central: https://repo.maven.apache.org/maven2/org/codehaus/plexus/plexus-container-default/1.0-alpha-9-stable-1/plexus-container-default-1.0-alpha-9-stable-1.pom (3.9 kB at 329 kB/s)
[e4d78a1e-9cde-481f-86ba-3dfb015f0362/run_tests]   | [INFO] Downloading from central: https://repo.maven.apache.org/maven2/org/codehaus/plexus/plexus-containers/1.0.3/plexus-containers-1.0.3.pom
[e4d78a1e-9cde-481f-86ba-3dfb015f0362/run_tests]   | [INFO] Downloaded from central: https://repo.maven.apache.org/maven2/org/codehaus/plexus/plexus-containers/1.0.3/plexus-containers-1.0.3.pom (492 B at 31 kB/s)
[e4d78a1e-9cde-481f-86ba-3dfb015f0362/run_tests]   | [INFO] Downloading from central: https://repo.maven.apache.org/maven2/org/codehaus/plexus/plexus/1.0.4/plexus-1.0.4.pom
[e4d78a1e-9cde-481f-86ba-3dfb015f0362/run_tests]   | [INFO] Downloaded from central: https://repo.maven.apache.org/maven2/org/codehaus/plexus/plexus/1.0.4/plexus-1.0.4.pom (5.7 kB at 441 kB/s)
[e4d78a1e-9cde-481f-86ba-3dfb015f0362/run_tests]   | [INFO] Downloading from central: https://repo.maven.apache.org/maven2/junit/junit/3.8.1/junit-3.8.1.pom
[e4d78a1e-9cde-481f-86ba-3dfb015f0362/run_tests]   | [INFO] Downloaded from central: https://repo.maven.apache.org/maven2/junit/junit/3.8.1/junit-3.8.1.pom (998 B at 59 kB/s)
[e4d78a1e-9cde-481f-86ba-3dfb015f0362/run_tests]   | [INFO] Downloading from central: https://repo.maven.apache.org/maven2/org/codehaus/plexus/plexus-utils/1.0.4/plexus-utils-1.0.4.pom
[e4d78a1e-9cde-481f-86ba-3dfb015f0362/run_tests]   | [INFO] Downloaded from central: https://repo.maven.apache.org/maven2/org/codehaus/plexus/plexus-utils/1.0.4/plexus-utils-1.0.4.pom (6.9 kB at 361 kB/s)
[e4d78a1e-9cde-481f-86ba-3dfb015f0362/run_tests]   | [INFO] Downloading from central: https://repo.maven.apache.org/maven2/classworlds/classworlds/1.1-alpha-2/classworlds-1.1-alpha-2.pom
[e4d78a1e-9cde-481f-86ba-3dfb015f0362/run_tests]   | [INFO] Downloaded from central: https://repo.maven.apache.org/maven2/classworlds/classworlds/1.1-alpha-2/classworlds-1.1-alpha-2.pom (3.1 kB at 165 kB/s)
[e4d78a1e-9cde-481f-86ba-3dfb015f0362/run_tests]   | [INFO] Downloading from central: https://repo.maven.apache.org/maven2/org/apache/maven/maven-profile/2.0.6/maven-profile-2.0.6.pom
[e4d78a1e-9cde-481f-86ba-3dfb015f0362/run_tests]   | [INFO] Downloaded from central: https://repo.maven.apache.org/maven2/org/apache/maven/maven-profile/2.0.6/maven-profile-2.0.6.pom (2.0 kB at 124 kB/s)
[e4d78a1e-9cde-481f-86ba-3dfb015f0362/run_tests]   | [INFO] Downloading from central: https://repo.maven.apache.org/maven2/org/apache/maven/maven-artifact-manager/2.0.6/maven-artifact-manager-2.0.6.pom
[e4d78a1e-9cde-481f-86ba-3dfb015f0362/run_tests]   | [INFO] Downloaded from central: https://repo.maven.apache.org/maven2/org/apache/maven/maven-artifact-manager/2.0.6/maven-artifact-manager-2.0.6.pom (2.6 kB at 164 kB/s)
[e4d78a1e-9cde-481f-86ba-3dfb015f0362/run_tests]   | [INFO] Downloading from central: https://repo.maven.apache.org/maven2/org/apache/maven/maven-repository-metadata/2.0.6/maven-repository-metadata-2.0.6.pom
[e4d78a1e-9cde-481f-86ba-3dfb015f0362/run_tests]   | [INFO] Downloaded from central: https://repo.maven.apache.org/maven2/org/apache/maven/maven-repository-metadata/2.0.6/maven-repository-metadata-2.0.6.pom (1.9 kB at 51 kB/s)
[e4d78a1e-9cde-481f-86ba-3dfb015f0362/run_tests]   | [INFO] Downloading from central: https://repo.maven.apache.org/maven2/org/apache/maven/maven-artifact/2.0.6/maven-artifact-2.0.6.pom
[e4d78a1e-9cde-481f-86ba-3dfb015f0362/run_tests]   | [INFO] Downloaded from central: https://repo.maven.apache.org/maven2/org/apache/maven/maven-artifact/2.0.6/maven-artifact-2.0.6.pom (1.6 kB at 34 kB/s)
[e4d78a1e-9cde-481f-86ba-3dfb015f0362/run_tests]   | [INFO] Downloading from central: https://repo.maven.apache.org/maven2/org/apache/maven/maven-plugin-registry/2.0.6/maven-plugin-registry-2.0.6.pom
[e4d78a1e-9cde-481f-86ba-3dfb015f0362/run_tests]   | [INFO] Downloaded from central: https://repo.maven.apache.org/maven2/org/apache/maven/maven-plugin-registry/2.0.6/maven-plugin-registry-2.0.6.pom (1.9 kB at 72 kB/s)
[e4d78a1e-9cde-481f-86ba-3dfb015f0362/run_tests]   | [INFO] Downloading from central: https://repo.maven.apache.org/maven2/org/apache/maven/maven-core/2.0.6/maven-core-2.0.6.pom
[e4d78a1e-9cde-481f-86ba-3dfb015f0362/run_tests]   | [INFO] Downloaded from central: https://repo.maven.apache.org/maven2/org/apache/maven/maven-core/2.0.6/maven-core-2.0.6.pom (6.7 kB at 305 kB/s)
[e4d78a1e-9cde-481f-86ba-3dfb015f0362/run_tests]   | [INFO] Downloading from central: https://repo.maven.apache.org/maven2/org/apache/maven/maven-plugin-parameter-documenter/2.0.6/maven-plugin-parameter-documenter-2.0.6.pom
[e4d78a1e-9cde-481f-86ba-3dfb015f0362/run_tests]   | [INFO] Downloaded from central: https://repo.maven.apache.org/maven2/org/apache/maven/maven-plugin-parameter-documenter/2.0.6/maven-plugin-parameter-documenter-2.0.6.pom (1.9 kB at 96 kB/s)
[e4d78a1e-9cde-481f-86ba-3dfb015f0362/run_tests]   | [INFO] Downloading from central: https://repo.maven.apache.org/maven2/org/apache/maven/reporting/maven-reporting-api/2.0.6/maven-reporting-api-2.0.6.pom
[e4d78a1e-9cde-481f-86ba-3dfb015f0362/run_tests]   | [INFO] Downloaded from central: https://repo.maven.apache.org/maven2/org/apache/maven/reporting/maven-reporting-api/2.0.6/maven-reporting-api-2.0.6.pom (1.8 kB at 103 kB/s)
[e4d78a1e-9cde-481f-86ba-3dfb015f0362/run_tests]   | [INFO] Downloading from central: https://repo.maven.apache.org/maven2/org/apache/maven/reporting/maven-reporting/2.0.6/maven-reporting-2.0.6.pom
[e4d78a1e-9cde-481f-86ba-3dfb015f0362/run_tests]   | [INFO] Downloaded from central: https://repo.maven.apache.org/maven2/org/apache/maven/reporting/maven-reporting/2.0.6/maven-reporting-2.0.6.pom (1.4 kB at 131 kB/s)
[e4d78a1e-9cde-481f-86ba-3dfb015f0362/run_tests]   | [INFO] Downloading from central: https://repo.maven.apache.org/maven2/org/apache/maven/doxia/doxia-sink-api/1.0-alpha-7/doxia-sink-api-1.0-alpha-7.pom
[e4d78a1e-9cde-481f-86ba-3dfb015f0362/run_tests]   | [INFO] Downloaded from central: https://repo.maven.apache.org/maven2/org/apache/maven/doxia/doxia-sink-api/1.0-alpha-7/doxia-sink-api-1.0-alpha-7.pom (424 B at 35 kB/s)
[e4d78a1e-9cde-481f-86ba-3dfb015f0362/run_tests]   | [INFO] Downloading from central: https://repo.maven.apache.org/maven2/org/apache/maven/doxia/doxia/1.0-alpha-7/doxia-1.0-alpha-7.pom
[e4d78a1e-9cde-481f-86ba-3dfb015f0362/run_tests]   | [INFO] Downloaded from central: https://repo.maven.apache.org/maven2/org/apache/maven/doxia/doxia/1.0-alpha-7/doxia-1.0-alpha-7.pom (3.9 kB at 280 kB/s)
[e4d78a1e-9cde-481f-86ba-3dfb015f0362/run_tests]   | [INFO] Downloading from central: https://repo.maven.apache.org/maven2/org/apache/maven/maven-error-diagnostics/2.0.6/maven-error-diagnostics-2.0.6.pom
[e4d78a1e-9cde-481f-86ba-3dfb015f0362/run_tests]   | [INFO] Downloaded from central: https://repo.maven.apache.org/maven2/org/apache/maven/maven-error-diagnostics/2.0.6/maven-error-diagnostics-2.0.6.pom (1.7 kB at 71 kB/s)
[e4d78a1e-9cde-481f-86ba-3dfb015f0362/run_tests]   | [INFO] Downloading from central: https://repo.maven.apache.org/maven2/commons-cli/commons-cli/1.0/commons-cli-1.0.pom
[e4d78a1e-9cde-481f-86ba-3dfb015f0362/run_tests]   | [INFO] Downloaded from central: https://repo.maven.apache.org/maven2/commons-cli/commons-cli/1.0/commons-cli-1.0.pom (2.1 kB at 55 kB/s)
[e4d78a1e-9cde-481f-86ba-3dfb015f0362/run_tests]   | [INFO] Downloading from central: https://repo.maven.apache.org/maven2/org/apache/maven/maven-plugin-descriptor/2.0.6/maven-plugin-descriptor-2.0.6.pom
[e4d78a1e-9cde-481f-86ba-3dfb015f0362/run_tests]   | [INFO] Downloaded from central: https://repo.maven.apache.org/maven2/org/apache/maven/maven-plugin-descriptor/2.0.6/maven-plugin-descriptor-2.0.6.pom (2.0 kB at 144 kB/s)
[e4d78a1e-9cde-481f-86ba-3dfb015f0362/run_tests]   | [INFO] Downloading from central: https://repo.maven.apache.org/maven2/org/codehaus/plexus/plexus-interactivity-api/1.0-alpha-4/plexus-interactivity-api-1.0-alpha-4.pom
[e4d78a1e-9cde-481f-86ba-3dfb015f0362/run_tests]   | [INFO] Downloaded from central: https://repo.maven.apache.org/maven2/org/codehaus/plexus/plexus-interactivity-api/1.0-alpha-4/plexus-interactivity-api-1.0-alpha-4.pom (7.1 kB at 443 kB/s)
[e4d78a1e-9cde-481f-86ba-3dfb015f0362/run_tests]   | [INFO] Downloading from central: https://repo.maven.apache.org/maven2/org/apache/maven/maven-monitor/2.0.6/maven-monitor-2.0.6.pom
[e4d78a1e-9cde-481f-86ba-3dfb015f0362/run_tests]   | [INFO] Downloaded from central: https://repo.maven.apache.org/maven2/org/apache/maven/maven-monitor/2.0.6/maven-monitor-2.0.6.pom (1.3 kB at 96 kB/s)
[e4d78a1e-9cde-481f-86ba-3dfb015f0362/run_tests]   | [INFO] Downloading from central: https://repo.maven.apache.org/maven2/classworlds/classworlds/1.1/classworlds-1.1.pom
[e4d78a1e-9cde-481f-86ba-3dfb015f0362/run_tests]   | [INFO] Downloaded from central: https://repo.maven.apache.org/maven2/classworlds/classworlds/1.1/classworlds-1.1.pom (3.3 kB at 175 kB/s)
[e4d78a1e-9cde-481f-86ba-3dfb015f0362/run_tests]   | [INFO] Downloading from central: https://repo.maven.apache.org/maven2/org/codehaus/plexus/plexus-utils/2.0.5/plexus-utils-2.0.5.pom
[e4d78a1e-9cde-481f-86ba-3dfb015f0362/run_tests]   | [INFO] Downloaded from central: https://repo.maven.apache.org/maven2/org/codehaus/plexus/plexus-utils/2.0.5/plexus-utils-2.0.5.pom (3.3 kB at 123 kB/s)
[e4d78a1e-9cde-481f-86ba-3dfb015f0362/run_tests]   | [INFO] Downloading from central: https://repo.maven.apache.org/maven2/org/codehaus/plexus/plexus/2.0.6/plexus-2.0.6.pom
[e4d78a1e-9cde-481f-86ba-3dfb015f0362/run_tests]   | [INFO] Downloaded from central: https://repo.maven.apache.org/maven2/org/codehaus/plexus/plexus/2.0.6/plexus-2.0.6.pom (17 kB at 1.9 MB/s)
[e4d78a1e-9cde-481f-86ba-3dfb015f0362/run_tests]   | [INFO] Downloading from central: https://repo.maven.apache.org/maven2/org/apache/maven/shared/maven-filtering/1.1/maven-filtering-1.1.pom
[e4d78a1e-9cde-481f-86ba-3dfb015f0362/run_tests]   | [INFO] Downloaded from central: https://repo.maven.apache.org/maven2/org/apache/maven/shared/maven-filtering/1.1/maven-filtering-1.1.pom (5.8 kB at 322 kB/s)
[e4d78a1e-9cde-481f-86ba-3dfb015f0362/run_tests]   | [INFO] Downloading from central: https://repo.maven.apache.org/maven2/org/apache/maven/shared/maven-shared-components/17/maven-shared-components-17.pom
[e4d78a1e-9cde-481f-86ba-3dfb015f0362/run_tests]   | [INFO] Downloaded from central: https://repo.maven.apache.org/maven2/org/apache/maven/shared/maven-shared-components/17/maven-shared-components-17.pom (8.7 kB at 363 kB/s)
[e4d78a1e-9cde-481f-86ba-3dfb015f0362/run_tests]   | [INFO] Downloading from central: https://repo.maven.apache.org/maven2/org/apache/maven/maven-parent/21/maven-parent-21.pom
[e4d78a1e-9cde-481f-86ba-3dfb015f0362/run_tests]   | [INFO] Downloaded from central: https://repo.maven.apache.org/maven2/org/apache/maven/maven-parent/21/maven-parent-21.pom (26 kB at 879 kB/s)
[e4d78a1e-9cde-481f-86ba-3dfb015f0362/run_tests]   | [INFO] Downloading from central: https://repo.maven.apache.org/maven2/org/apache/apache/10/apache-10.pom
[e4d78a1e-9cde-481f-86ba-3dfb015f0362/run_tests]   | [INFO] Downloaded from central: https://repo.maven.apache.org/maven2/org/apache/apache/10/apache-10.pom (15 kB at 344 kB/s)
[e4d78a1e-9cde-481f-86ba-3dfb015f0362/run_tests]   | [INFO] Downloading from central: https://repo.maven.apache.org/maven2/org/codehaus/plexus/plexus-utils/1.5.15/plexus-utils-1.5.15.pom
[e4d78a1e-9cde-481f-86ba-3dfb015f0362/run_tests]   | [INFO] Downloaded from central: https://repo.maven.apache.org/maven2/org/codehaus/plexus/plexus-utils/1.5.15/plexus-utils-1.5.15.pom (6.8 kB at 125 kB/s)
[e4d78a1e-9cde-481f-86ba-3dfb015f0362/run_tests]   | [INFO] Downloading from central: https://repo.maven.apache.org/maven2/org/codehaus/plexus/plexus/2.0.2/plexus-2.0.2.pom
[e4d78a1e-9cde-481f-86ba-3dfb015f0362/run_tests]   | [INFO] Downloaded from central: https://repo.maven.apache.org/maven2/org/codehaus/plexus/plexus/2.0.2/plexus-2.0.2.pom (12 kB at 415 kB/s)
[e4d78a1e-9cde-481f-86ba-3dfb015f0362/run_tests]   | [INFO] Downloading from central: https://repo.maven.apache.org/maven2/org/codehaus/plexus/plexus-interpolation/1.12/plexus-interpolation-1.12.pom
[e4d78a1e-9cde-481f-86ba-3dfb015f0362/run_tests]   | [INFO] Downloaded from central: https://repo.maven.apache.org/maven2/org/codehaus/plexus/plexus-interpolation/1.12/plexus-interpolation-1.12.pom (889 B at 10 kB/s)
[e4d78a1e-9cde-481f-86ba-3dfb015f0362/run_tests]   | [INFO] Downloading from central: https://repo.maven.apache.org/maven2/org/codehaus/plexus/plexus-components/1.1.14/plexus-components-1.1.14.pom
[e4d78a1e-9cde-481f-86ba-3dfb015f0362/run_tests]   | [INFO] Downloaded from central: https://repo.maven.apache.org/maven2/org/codehaus/plexus/plexus-components/1.1.14/plexus-components-1.1.14.pom (5.8 kB at 91 kB/s)
[e4d78a1e-9cde-481f-86ba-3dfb015f0362/run_tests]   | [INFO] Downloading from central: https://repo.maven.apache.org/maven2/org/sonatype/plexus/plexus-build-api/0.0.4/plexus-build-api-0.0.4.pom
[e4d78a1e-9cde-481f-86ba-3dfb015f0362/run_tests]   | [INFO] Downloaded from central: https://repo.maven.apache.org/maven2/org/sonatype/plexus/plexus-build-api/0.0.4/plexus-build-api-0.0.4.pom (2.9 kB at 80 kB/s)
[e4d78a1e-9cde-481f-86ba-3dfb015f0362/run_tests]   | [INFO] Downloading from central: https://repo.maven.apache.org/maven2/org/sonatype/spice/spice-parent/10/spice-parent-10.pom
[e4d78a1e-9cde-481f-86ba-3dfb015f0362/run_tests]   | [INFO] Downloaded from central: https://repo.maven.apache.org/maven2/org/sonatype/spice/spice-parent/10/spice-parent-10.pom (3.0 kB at 116 kB/s)
[e4d78a1e-9cde-481f-86ba-3dfb015f0362/run_tests]   | [INFO] Downloading from central: https://repo.maven.apache.org/maven2/org/sonatype/forge/forge-parent/3/forge-parent-3.pom
[e4d78a1e-9cde-481f-86ba-3dfb015f0362/run_tests]   | [INFO] Downloaded from central: https://repo.maven.apache.org/maven2/org/sonatype/forge/forge-parent/3/forge-parent-3.pom (5.0 kB at 252 kB/s)
[e4d78a1e-9cde-481f-86ba-3dfb015f0362/run_tests]   | [INFO] Downloading from central: https://repo.maven.apache.org/maven2/org/codehaus/plexus/plexus-utils/1.5.8/plexus-utils-1.5.8.pom
[e4d78a1e-9cde-481f-86ba-3dfb015f0362/run_tests]   | [INFO] Downloaded from central: https://repo.maven.apache.org/maven2/org/codehaus/plexus/plexus-utils/1.5.8/plexus-utils-1.5.8.pom (8.1 kB at 278 kB/s)
[e4d78a1e-9cde-481f-86ba-3dfb015f0362/run_tests]   | [INFO] Downloading from central: https://repo.maven.apache.org/maven2/org/codehaus/plexus/plexus-interpolation/1.13/plexus-interpolation-1.13.pom
[e4d78a1e-9cde-481f-86ba-3dfb015f0362/run_tests]   | [INFO] Downloaded from central: https://repo.maven.apache.org/maven2/org/codehaus/plexus/plexus-interpolation/1.13/plexus-interpolation-1.13.pom (890 B at 30 kB/s)
[e4d78a1e-9cde-481f-86ba-3dfb015f0362/run_tests]   | [INFO] Downloading from central: https://repo.maven.apache.org/maven2/org/codehaus/plexus/plexus-components/1.1.15/plexus-components-1.1.15.pom
[e4d78a1e-9cde-481f-86ba-3dfb015f0362/run_tests]   | [INFO] Downloaded from central: https://repo.maven.apache.org/maven2/org/codehaus/plexus/plexus-components/1.1.15/plexus-components-1.1.15.pom (2.8 kB at 62 kB/s)
[e4d78a1e-9cde-481f-86ba-3dfb015f0362/run_tests]   | [INFO] Downloading from central: https://repo.maven.apache.org/maven2/org/codehaus/plexus/plexus/2.0.3/plexus-2.0.3.pom
[e4d78a1e-9cde-481f-86ba-3dfb015f0362/run_tests]   | [INFO] Downloaded from central: https://repo.maven.apache.org/maven2/org/codehaus/plexus/plexus/2.0.3/plexus-2.0.3.pom (15 kB at 814 kB/s)
[e4d78a1e-9cde-481f-86ba-3dfb015f0362/run_tests]   | [INFO] Downloading from central: https://repo.maven.apache.org/maven2/org/apache/maven/maven-plugin-api/2.0.6/maven-plugin-api-2.0.6.jar
[e4d78a1e-9cde-481f-86ba-3dfb015f0362/run_tests]   | [INFO] Downloading from central: https://repo.maven.apache.org/maven2/org/apache/maven/maven-project/2.0.6/maven-project-2.0.6.jar
[e4d78a1e-9cde-481f-86ba-3dfb015f0362/run_tests]   | [INFO] Downloading from central: https://repo.maven.apache.org/maven2/org/apache/maven/maven-profile/2.0.6/maven-profile-2.0.6.jar
[e4d78a1e-9cde-481f-86ba-3dfb015f0362/run_tests]   | [INFO] Downloading from central: https://repo.maven.apache.org/maven2/org/apache/maven/maven-artifact-manager/2.0.6/maven-artifact-manager-2.0.6.jar
[e4d78a1e-9cde-481f-86ba-3dfb015f0362/run_tests]   | [INFO] Downloading from central: https://repo.maven.apache.org/maven2/org/apache/maven/maven-plugin-registry/2.0.6/maven-plugin-registry-2.0.6.jar
[e4d78a1e-9cde-481f-86ba-3dfb015f0362/run_tests]   | [INFO] Downloaded from central: https://repo.maven.apache.org/maven2/org/apache/maven/maven-profile/2.0.6/maven-profile-2.0.6.jar (35 kB at 1.9 MB/s)
[e4d78a1e-9cde-481f-86ba-3dfb015f0362/run_tests]   | [INFO] Downloading from central: https://repo.maven.apache.org/maven2/org/apache/maven/maven-core/2.0.6/maven-core-2.0.6.jar
[e4d78a1e-9cde-481f-86ba-3dfb015f0362/run_tests]   | [INFO] Downloaded from central: https://repo.maven.apache.org/maven2/org/apache/maven/maven-plugin-api/2.0.6/maven-plugin-api-2.0.6.jar (13 kB at 612 kB/s)
[e4d78a1e-9cde-481f-86ba-3dfb015f0362/run_tests]   | [INFO] Downloaded from central: https://repo.maven.apache.org/maven2/org/apache/maven/maven-artifact-manager/2.0.6/maven-artifact-manager-2.0.6.jar (57 kB at 2.8 MB/s)
[e4d78a1e-9cde-481f-86ba-3dfb015f0362/run_tests]   | [INFO] Downloading from central: https://repo.maven.apache.org/maven2/org/apache/maven/maven-plugin-parameter-documenter/2.0.6/maven-plugin-parameter-documenter-2.0.6.jar
[e4d78a1e-9cde-481f-86ba-3dfb015f0362/run_tests]   | [INFO] Downloading from central: https://repo.maven.apache.org/maven2/org/apache/maven/reporting/maven-reporting-api/2.0.6/maven-reporting-api-2.0.6.jar
[e4d78a1e-9cde-481f-86ba-3dfb015f0362/run_tests]   | [INFO] Downloaded from central: https://repo.maven.apache.org/maven2/org/apache/maven/maven-project/2.0.6/maven-project-2.0.6.jar (116 kB at 5.1 MB/s)
[e4d78a1e-9cde-481f-86ba-3dfb015f0362/run_tests]   | [INFO] Downloading from central: https://repo.maven.apache.org/maven2/org/apache/maven/doxia/doxia-sink-api/1.0-alpha-7/doxia-sink-api-1.0-alpha-7.jar
[e4d78a1e-9cde-481f-86ba-3dfb015f0362/run_tests]   | [INFO] Downloaded from central: https://repo.maven.apache.org/maven2/org/apache/maven/maven-plugin-registry/2.0.6/maven-plugin-registry-2.0.6.jar (29 kB at 1.2 MB/s)
[e4d78a1e-9cde-481f-86ba-3dfb015f0362/run_tests]   | [INFO] Downloading from central: https://repo.maven.apache.org/maven2/org/apache/maven/maven-repository-metadata/2.0.6/maven-repository-metadata-2.0.6.jar
[e4d78a1e-9cde-481f-86ba-3dfb015f0362/run_tests]   | [INFO] Downloaded from central: https://repo.maven.apache.org/maven2/org/apache/maven/maven-repository-metadata/2.0.6/maven-repository-metadata-2.0.6.jar (24 kB at 644 kB/s)
[e4d78a1e-9cde-481f-86ba-3dfb015f0362/run_tests]   | [INFO] Downloading from central: https://repo.maven.apache.org/maven2/org/apache/maven/maven-error-diagnostics/2.0.6/maven-error-diagnostics-2.0.6.jar
[e4d78a1e-9cde-481f-86ba-3dfb015f0362/run_tests]   | [INFO] Downloaded from central: https://repo.maven.apache.org/maven2/org/apache/maven/maven-plugin-parameter-documenter/2.0.6/maven-plugin-parameter-documenter-2.0.6.jar (21 kB at 546 kB/s)
[e4d78a1e-9cde-481f-86ba-3dfb015f0362/run_tests]   | [INFO] Downloading from central: https://repo.maven.apache.org/maven2/commons-cli/commons-cli/1.0/commons-cli-1.0.jar
[e4d78a1e-9cde-481f-86ba-3dfb015f0362/run_tests]   | [INFO] Downloaded from central: https://repo.maven.apache.org/maven2/org/apache/maven/reporting/maven-reporting-api/2.0.6/maven-reporting-api-2.0.6.jar (9.9 kB at 255 kB/s)
[e4d78a1e-9cde-481f-86ba-3dfb015f0362/run_tests]   | [INFO] Downloading from central: https://repo.maven.apache.org/maven2/org/apache/maven/maven-plugin-descriptor/2.0.6/maven-plugin-descriptor-2.0.6.jar
[e4d78a1e-9cde-481f-86ba-3dfb015f0362/run_tests]   | [INFO] Downloaded from central: https://repo.maven.apache.org/maven2/org/apache/maven/doxia/doxia-sink-api/1.0-alpha-7/doxia-sink-api-1.0-alpha-7.jar (5.9 kB at 145 kB/s)
[e4d78a1e-9cde-481f-86ba-3dfb015f0362/run_tests]   | [INFO] Downloading from central: https://repo.maven.apache.org/maven2/org/codehaus/plexus/plexus-interactivity-api/1.0-alpha-4/plexus-interactivity-api-1.0-alpha-4.jar
[e4d78a1e-9cde-481f-86ba-3dfb015f0362/run_tests]   | [INFO] Downloaded from central: https://repo.maven.apache.org/maven2/org/apache/maven/maven-core/2.0.6/maven-core-2.0.6.jar (152 kB at 3.6 MB/s)
[e4d78a1e-9cde-481f-86ba-3dfb015f0362/run_tests]   | [INFO] Downloading from central: https://repo.maven.apache.org/maven2/classworlds/classworlds/1.1/classworlds-1.1.jar
[e4d78a1e-9cde-481f-86ba-3dfb015f0362/run_tests]   | [INFO] Downloaded from central: https://repo.maven.apache.org/maven2/org/apache/maven/maven-error-diagnostics/2.0.6/maven-error-diagnostics-2.0.6.jar (14 kB at 243 kB/s)
[e4d78a1e-9cde-481f-86ba-3dfb015f0362/run_tests]   | [INFO] Downloading from central: https://repo.maven.apache.org/maven2/org/apache/maven/maven-artifact/2.0.6/maven-artifact-2.0.6.jar
[e4d78a1e-9cde-481f-86ba-3dfb015f0362/run_tests]   | [INFO] Downloaded from central: https://repo.maven.apache.org/maven2/commons-cli/commons-cli/1.0/commons-cli-1.0.jar (30 kB at 494 kB/s)
[e4d78a1e-9cde-481f-86ba-3dfb015f0362/run_tests]   | [INFO] Downloading from central: https://repo.maven.apache.org/maven2/org/apache/maven/maven-settings/2.0.6/maven-settings-2.0.6.jar
[e4d78a1e-9cde-481f-86ba-3dfb015f0362/run_tests]   | [INFO] Downloaded from central: https://repo.maven.apache.org/maven2/org/codehaus/plexus/plexus-interactivity-api/1.0-alpha-4/plexus-interactivity-api-1.0-alpha-4.jar (13 kB at 203 kB/s)
[e4d78a1e-9cde-481f-86ba-3dfb015f0362/run_tests]   | [INFO] Downloading from central: https://repo.maven.apache.org/maven2/org/apache/maven/maven-model/2.0.6/maven-model-2.0.6.jar
[e4d78a1e-9cde-481f-86ba-3dfb015f0362/run_tests]   | [INFO] Downloaded from central: https://repo.maven.apache.org/maven2/org/apache/maven/maven-plugin-descriptor/2.0.6/maven-plugin-descriptor-2.0.6.jar (37 kB at 527 kB/s)
[e4d78a1e-9cde-481f-86ba-3dfb015f0362/run_tests]   | [INFO] Downloading from central: https://repo.maven.apache.org/maven2/org/apache/maven/maven-monitor/2.0.6/maven-monitor-2.0.6.jar
[e4d78a1e-9cde-481f-86ba-3dfb015f0362/run_tests]   | [INFO] Downloaded from central: https://repo.maven.apache.org/maven2/classworlds/classworlds/1.1/classworlds-1.1.jar (38 kB at 549 kB/s)
[e4d78a1e-9cde-481f-86ba-3dfb015f0362/run_tests]   | [INFO] Downloading from central: https://repo.maven.apache.org/maven2/org/codehaus/plexus/plexus-container-default/1.0-alpha-9-stable-1/plexus-container-default-1.0-alpha-9-stable-1.jar
[e4d78a1e-9cde-481f-86ba-3dfb015f0362/run_tests]   | [INFO] Downloaded from central: https://repo.maven.apache.org/maven2/org/apache/maven/maven-settings/2.0.6/maven-settings-2.0.6.jar (49 kB at 511 kB/s)
[e4d78a1e-9cde-481f-86ba-3dfb015f0362/run_tests]   | [INFO] Downloading from central: https://repo.maven.apache.org/maven2/junit/junit/3.8.1/junit-3.8.1.jar
[e4d78a1e-9cde-481f-86ba-3dfb015f0362/run_tests]   | [INFO] Downloaded from central: https://repo.maven.apache.org/maven2/org/apache/maven/maven-monitor/2.0.6/maven-monitor-2.0.6.jar (10 kB at 97 kB/s)
[e4d78a1e-9cde-481f-86ba-3dfb015f0362/run_tests]   | [INFO] Downloading from central: https://repo.maven.apache.org/maven2/org/codehaus/plexus/plexus-utils/2.0.5/plexus-utils-2.0.5.jar
[e4d78a1e-9cde-481f-86ba-3dfb015f0362/run_tests]   | [INFO] Downloaded from central: https://repo.maven.apache.org/maven2/org/codehaus/plexus/plexus-container-default/1.0-alpha-9-stable-1/plexus-container-default-1.0-alpha-9-stable-1.jar (194 kB at 1.7 MB/s)
[e4d78a1e-9cde-481f-86ba-3dfb015f0362/run_tests]   | [INFO] Downloading from central: https://repo.maven.apache.org/maven2/org/apache/maven/shared/maven-filtering/1.1/maven-filtering-1.1.jar
[e4d78a1e-9cde-481f-86ba-3dfb015f0362/run_tests]   | [INFO] Downloaded from central: https://repo.maven.apache.org/maven2/org/apache/maven/maven-model/2.0.6/maven-model-2.0.6.jar (86 kB at 726 kB/s)
[e4d78a1e-9cde-481f-86ba-3dfb015f0362/run_tests]   | [INFO] Downloading from central: https://repo.maven.apache.org/maven2/org/sonatype/plexus/plexus-build-api/0.0.4/plexus-build-api-0.0.4.jar
[e4d78a1e-9cde-481f-86ba-3dfb015f0362/run_tests]   | [INFO] Downloaded from central: https://repo.maven.apache.org/maven2/org/apache/maven/maven-artifact/2.0.6/maven-artifact-2.0.6.jar (87 kB at 705 kB/s)
[e4d78a1e-9cde-481f-86ba-3dfb015f0362/run_tests]   | [INFO] Downloading from central: https://repo.maven.apache.org/maven2/org/codehaus/plexus/plexus-interpolation/1.13/plexus-interpolation-1.13.jar
[e4d78a1e-9cde-481f-86ba-3dfb015f0362/run_tests]   | [INFO] Downloaded from central: https://repo.maven.apache.org/maven2/org/sonatype/plexus/plexus-build-api/0.0.4/plexus-build-api-0.0.4.jar (6.8 kB at 47 kB/s)
[e4d78a1e-9cde-481f-86ba-3dfb015f0362/run_tests]   | [INFO] Downloaded from central: https://repo.maven.apache.org/maven2/junit/junit/3.8.1/junit-3.8.1.jar (121 kB at 824 kB/s)
[e4d78a1e-9cde-481f-86ba-3dfb015f0362/run_tests]   | [INFO] Downloaded from central: https://repo.maven.apache.org/maven2/org/apache/maven/shared/maven-filtering/1.1/maven-filtering-1.1.jar (43 kB at 291 kB/s)
[e4d78a1e-9cde-481f-86ba-3dfb015f0362/run_tests]   | [INFO] Downloaded from central: https://repo.maven.apache.org/maven2/org/codehaus/plexus/plexus-interpolation/1.13/plexus-interpolation-1.13.jar (61 kB at 391 kB/s)
[e4d78a1e-9cde-481f-86ba-3dfb015f0362/run_tests]   | [INFO] Downloaded from central: https://repo.maven.apache.org/maven2/org/codehaus/plexus/plexus-utils/2.0.5/plexus-utils-2.0.5.jar (223 kB at 1.4 MB/s)
[e4d78a1e-9cde-481f-86ba-3dfb015f0362/run_tests]   | [INFO] Using 'UTF-8' encoding to copy filtered resources.
[e4d78a1e-9cde-481f-86ba-3dfb015f0362/run_tests]   | [INFO] skip non existing resourceDirectory /tmp/8f50300a-0456-4519-85d3-ebf12f552732/src/main/resources
[e4d78a1e-9cde-481f-86ba-3dfb015f0362/run_tests]   | [INFO] 
[e4d78a1e-9cde-481f-86ba-3dfb015f0362/run_tests]   | [INFO] --- maven-compiler-plugin:3.1:compile (default-compile) @ byteskript ---
[e4d78a1e-9cde-481f-86ba-3dfb015f0362/run_tests]   | [INFO] Downloading from central: https://repo.maven.apache.org/maven2/org/apache/maven/maven-plugin-api/2.0.9/maven-plugin-api-2.0.9.pom
[e4d78a1e-9cde-481f-86ba-3dfb015f0362/run_tests]   | [INFO] Downloaded from central: https://repo.maven.apache.org/maven2/org/apache/maven/maven-plugin-api/2.0.9/maven-plugin-api-2.0.9.pom (1.5 kB at 38 kB/s)
[e4d78a1e-9cde-481f-86ba-3dfb015f0362/run_tests]   | [INFO] Downloading from central: https://repo.maven.apache.org/maven2/org/apache/maven/maven/2.0.9/maven-2.0.9.pom
[e4d78a1e-9cde-481f-86ba-3dfb015f0362/run_tests]   | [INFO] Downloaded from central: https://repo.maven.apache.org/maven2/org/apache/maven/maven/2.0.9/maven-2.0.9.pom (19 kB at 675 kB/s)
[e4d78a1e-9cde-481f-86ba-3dfb015f0362/run_tests]   | [INFO] Downloading from central: https://repo.maven.apache.org/maven2/org/apache/maven/maven-parent/8/maven-parent-8.pom
[e4d78a1e-9cde-481f-86ba-3dfb015f0362/run_tests]   | [INFO] Downloaded from central: https://repo.maven.apache.org/maven2/org/apache/maven/maven-parent/8/maven-parent-8.pom (24 kB at 1.0 MB/s)
[e4d78a1e-9cde-481f-86ba-3dfb015f0362/run_tests]   | [INFO] Downloading from central: https://repo.maven.apache.org/maven2/org/apache/apache/4/apache-4.pom
[e4d78a1e-9cde-481f-86ba-3dfb015f0362/run_tests]   | [INFO] Downloaded from central: https://repo.maven.apache.org/maven2/org/apache/apache/4/apache-4.pom (4.5 kB at 187 kB/s)
[e4d78a1e-9cde-481f-86ba-3dfb015f0362/run_tests]   | [INFO] Downloading from central: https://repo.maven.apache.org/maven2/org/apache/maven/maven-artifact/2.0.9/maven-artifact-2.0.9.pom
[e4d78a1e-9cde-481f-86ba-3dfb015f0362/run_tests]   | [INFO] Downloaded from central: https://repo.maven.apache.org/maven2/org/apache/maven/maven-artifact/2.0.9/maven-artifact-2.0.9.pom (1.6 kB at 49 kB/s)
[e4d78a1e-9cde-481f-86ba-3dfb015f0362/run_tests]   | [INFO] Downloading from central: https://repo.maven.apache.org/maven2/org/codehaus/plexus/plexus-utils/1.5.1/plexus-utils-1.5.1.pom
[e4d78a1e-9cde-481f-86ba-3dfb015f0362/run_tests]   | [INFO] Downloaded from central: https://repo.maven.apache.org/maven2/org/codehaus/plexus/plexus-utils/1.5.1/plexus-utils-1.5.1.pom (2.3 kB at 92 kB/s)
[e4d78a1e-9cde-481f-86ba-3dfb015f0362/run_tests]   | [INFO] Downloading from central: https://repo.maven.apache.org/maven2/org/apache/maven/maven-core/2.0.9/maven-core-2.0.9.pom
[e4d78a1e-9cde-481f-86ba-3dfb015f0362/run_tests]   | [INFO] Downloaded from central: https://repo.maven.apache.org/maven2/org/apache/maven/maven-core/2.0.9/maven-core-2.0.9.pom (7.8 kB at 278 kB/s)
[e4d78a1e-9cde-481f-86ba-3dfb015f0362/run_tests]   | [INFO] Downloading from central: https://repo.maven.apache.org/maven2/org/apache/maven/maven-settings/2.0.9/maven-settings-2.0.9.pom
[e4d78a1e-9cde-481f-86ba-3dfb015f0362/run_tests]   | [INFO] Downloaded from central: https://repo.maven.apache.org/maven2/org/apache/maven/maven-settings/2.0.9/maven-settings-2.0.9.pom (2.1 kB at 89 kB/s)
[e4d78a1e-9cde-481f-86ba-3dfb015f0362/run_tests]   | [INFO] Downloading from central: https://repo.maven.apache.org/maven2/org/apache/maven/maven-model/2.0.9/maven-model-2.0.9.pom
[e4d78a1e-9cde-481f-86ba-3dfb015f0362/run_tests]   | [INFO] Downloaded from central: https://repo.maven.apache.org/maven2/org/apache/maven/maven-model/2.0.9/maven-model-2.0.9.pom (3.1 kB at 157 kB/s)
[e4d78a1e-9cde-481f-86ba-3dfb015f0362/run_tests]   | [INFO] Downloading from central: https://repo.maven.apache.org/maven2/org/apache/maven/maven-plugin-parameter-documenter/2.0.9/maven-plugin-parameter-documenter-2.0.9.pom
[e4d78a1e-9cde-481f-86ba-3dfb015f0362/run_tests]   | [INFO] Downloaded from central: https://repo.maven.apache.org/maven2/org/apache/maven/maven-plugin-parameter-documenter/2.0.9/maven-plugin-parameter-documenter-2.0.9.pom (2.0 kB at 85 kB/s)
[e4d78a1e-9cde-481f-86ba-3dfb015f0362/run_tests]   | [INFO] Downloading from central: https://repo.maven.apache.org/maven2/org/apache/maven/maven-profile/2.0.9/maven-profile-2.0.9.pom
[e4d78a1e-9cde-481f-86ba-3dfb015f0362/run_tests]   | [INFO] Downloaded from central: https://repo.maven.apache.org/maven2/org/apache/maven/maven-profile/2.0.9/maven-profile-2.0.9.pom (2.0 kB at 79 kB/s)
[e4d78a1e-9cde-481f-86ba-3dfb015f0362/run_tests]   | [INFO] Downloading from central: https://repo.maven.apache.org/maven2/org/apache/maven/maven-repository-metadata/2.0.9/maven-repository-metadata-2.0.9.pom
[e4d78a1e-9cde-481f-86ba-3dfb015f0362/run_tests]   | [INFO] Downloaded from central: https://repo.maven.apache.org/maven2/org/apache/maven/maven-repository-metadata/2.0.9/maven-repository-metadata-2.0.9.pom (1.9 kB at 79 kB/s)
[e4d78a1e-9cde-481f-86ba-3dfb015f0362/run_tests]   | [INFO] Downloading from central: https://repo.maven.apache.org/maven2/org/apache/maven/maven-error-diagnostics/2.0.9/maven-error-diagnostics-2.0.9.pom
[e4d78a1e-9cde-481f-86ba-3dfb015f0362/run_tests]   | [INFO] Downloaded from central: https://repo.maven.apache.org/maven2/org/apache/maven/maven-error-diagnostics/2.0.9/maven-error-diagnostics-2.0.9.pom (1.7 kB at 174 kB/s)
[e4d78a1e-9cde-481f-86ba-3dfb015f0362/run_tests]   | [INFO] Downloading from central: https://repo.maven.apache.org/maven2/org/apache/maven/maven-project/2.0.9/maven-project-2.0.9.pom
[e4d78a1e-9cde-481f-86ba-3dfb015f0362/run_tests]   | [INFO] Downloaded from central: https://repo.maven.apache.org/maven2/org/apache/maven/maven-project/2.0.9/maven-project-2.0.9.pom (2.7 kB at 50 kB/s)
[e4d78a1e-9cde-481f-86ba-3dfb015f0362/run_tests]   | [INFO] Downloading from central: https://repo.maven.apache.org/maven2/org/apache/maven/maven-artifact-manager/2.0.9/maven-artifact-manager-2.0.9.pom
[e4d78a1e-9cde-481f-86ba-3dfb015f0362/run_tests]   | [INFO] Downloaded from central: https://repo.maven.apache.org/maven2/org/apache/maven/maven-artifact-manager/2.0.9/maven-artifact-manager-2.0.9.pom (2.7 kB at 112 kB/s)
[e4d78a1e-9cde-481f-86ba-3dfb015f0362/run_tests]   | [INFO] Downloading from central: https://repo.maven.apache.org/maven2/org/apache/maven/maven-plugin-registry/2.0.9/maven-plugin-registry-2.0.9.pom
[e4d78a1e-9cde-481f-86ba-3dfb015f0362/run_tests]   | [INFO] Downloaded from central: https://repo.maven.apache.org/maven2/org/apache/maven/maven-plugin-registry/2.0.9/maven-plugin-registry-2.0.9.pom (2.0 kB at 60 kB/s)
[e4d78a1e-9cde-481f-86ba-3dfb015f0362/run_tests]   | [INFO] Downloading from central: https://repo.maven.apache.org/maven2/org/apache/maven/maven-plugin-descriptor/2.0.9/maven-plugin-descriptor-2.0.9.pom
[e4d78a1e-9cde-481f-86ba-3dfb015f0362/run_tests]   | [INFO] Downloaded from central: https://repo.maven.apache.org/maven2/org/apache/maven/maven-plugin-descriptor/2.0.9/maven-plugin-descriptor-2.0.9.pom (2.1 kB at 122 kB/s)
[e4d78a1e-9cde-481f-86ba-3dfb015f0362/run_tests]   | [INFO] Downloading from central: https://repo.maven.apache.org/maven2/org/apache/maven/maven-monitor/2.0.9/maven-monitor-2.0.9.pom
[e4d78a1e-9cde-481f-86ba-3dfb015f0362/run_tests]   | [INFO] Downloaded from central: https://repo.maven.apache.org/maven2/org/apache/maven/maven-monitor/2.0.9/maven-monitor-2.0.9.pom (1.3 kB at 46 kB/s)
[e4d78a1e-9cde-481f-86ba-3dfb015f0362/run_tests]   | [INFO] Downloading from central: https://repo.maven.apache.org/maven2/org/apache/maven/maven-toolchain/1.0/maven-toolchain-1.0.pom
[e4d78a1e-9cde-481f-86ba-3dfb015f0362/run_tests]   | [INFO] Downloaded from central: https://repo.maven.apache.org/maven2/org/apache/maven/maven-toolchain/1.0/maven-toolchain-1.0.pom (3.4 kB at 190 kB/s)
[e4d78a1e-9cde-481f-86ba-3dfb015f0362/run_tests]   | [INFO] Downloading from central: https://repo.maven.apache.org/maven2/org/apache/maven/shared/maven-shared-utils/0.1/maven-shared-utils-0.1.pom
[e4d78a1e-9cde-481f-86ba-3dfb015f0362/run_tests]   | [INFO] Downloaded from central: https://repo.maven.apache.org/maven2/org/apache/maven/shared/maven-shared-utils/0.1/maven-shared-utils-0.1.pom (4.0 kB at 337 kB/s)
[e4d78a1e-9cde-481f-86ba-3dfb015f0362/run_tests]   | [INFO] Downloading from central: https://repo.maven.apache.org/maven2/org/apache/maven/shared/maven-shared-components/18/maven-shared-components-18.pom
[e4d78a1e-9cde-481f-86ba-3dfb015f0362/run_tests]   | [INFO] Downloaded from central: https://repo.maven.apache.org/maven2/org/apache/maven/shared/maven-shared-components/18/maven-shared-components-18.pom (4.9 kB at 617 kB/s)
[e4d78a1e-9cde-481f-86ba-3dfb015f0362/run_tests]   | [INFO] Downloading from central: https://repo.maven.apache.org/maven2/com/google/code/findbugs/jsr305/2.0.1/jsr305-2.0.1.pom
[e4d78a1e-9cde-481f-86ba-3dfb015f0362/run_tests]   | [INFO] Downloaded from central: https://repo.maven.apache.org/maven2/com/google/code/findbugs/jsr305/2.0.1/jsr305-2.0.1.pom (965 B at 39 kB/s)
[e4d78a1e-9cde-481f-86ba-3dfb015f0362/run_tests]   | [INFO] Downloading from central: https://repo.maven.apache.org/maven2/org/apache/maven/shared/maven-shared-incremental/1.1/maven-shared-incremental-1.1.pom
[e4d78a1e-9cde-481f-86ba-3dfb015f0362/run_tests]   | [INFO] Downloaded from central: https://repo.maven.apache.org/maven2/org/apache/maven/shared/maven-shared-incremental/1.1/maven-shared-incremental-1.1.pom (4.7 kB at 296 kB/s)
[e4d78a1e-9cde-481f-86ba-3dfb015f0362/run_tests]   | [INFO] Downloading from central: https://repo.maven.apache.org/maven2/org/apache/maven/shared/maven-shared-components/19/maven-shared-components-19.pom
[e4d78a1e-9cde-481f-86ba-3dfb015f0362/run_tests]   | [INFO] Downloaded from central: https://repo.maven.apache.org/maven2/org/apache/maven/shared/maven-shared-components/19/maven-shared-components-19.pom (6.4 kB at 454 kB/s)
[e4d78a1e-9cde-481f-86ba-3dfb015f0362/run_tests]   | [INFO] Downloading from central: https://repo.maven.apache.org/maven2/org/apache/maven/maven-plugin-api/2.2.1/maven-plugin-api-2.2.1.pom
[e4d78a1e-9cde-481f-86ba-3dfb015f0362/run_tests]   | [INFO] Downloaded from central: https://repo.maven.apache.org/maven2/org/apache/maven/maven-plugin-api/2.2.1/maven-plugin-api-2.2.1.pom (1.5 kB at 133 kB/s)
[e4d78a1e-9cde-481f-86ba-3dfb015f0362/run_tests]   | [INFO] Downloading from central: https://repo.maven.apache.org/maven2/org/apache/maven/maven/2.2.1/maven-2.2.1.pom
[e4d78a1e-9cde-481f-86ba-3dfb015f0362/run_tests]   | [INFO] Downloaded from central: https://repo.maven.apache.org/maven2/org/apache/maven/maven/2.2.1/maven-2.2.1.pom (22 kB at 1.5 MB/s)
[e4d78a1e-9cde-481f-86ba-3dfb015f0362/run_tests]   | [INFO] Downloading from central: https://repo.maven.apache.org/maven2/org/apache/maven/maven-parent/11/maven-parent-11.pom
[e4d78a1e-9cde-481f-86ba-3dfb015f0362/run_tests]   | [INFO] Downloaded from central: https://repo.maven.apache.org/maven2/org/apache/maven/maven-parent/11/maven-parent-11.pom (32 kB at 4.1 MB/s)
[e4d78a1e-9cde-481f-86ba-3dfb015f0362/run_tests]   | [INFO] Downloading from central: https://repo.maven.apache.org/maven2/org/apache/apache/5/apache-5.pom
[e4d78a1e-9cde-481f-86ba-3dfb015f0362/run_tests]   | [INFO] Downloaded from central: https://repo.maven.apache.org/maven2/org/apache/apache/5/apache-5.pom (4.1 kB at 455 kB/s)
[e4d78a1e-9cde-481f-86ba-3dfb015f0362/run_tests]   | [INFO] Downloading from central: https://repo.maven.apache.org/maven2/org/apache/maven/maven-core/2.2.1/maven-core-2.2.1.pom
[e4d78a1e-9cde-481f-86ba-3dfb015f0362/run_tests]   | [INFO] Downloaded from central: https://repo.maven.apache.org/maven2/org/apache/maven/maven-core/2.2.1/maven-core-2.2.1.pom (12 kB at 1.3 MB/s)
[e4d78a1e-9cde-481f-86ba-3dfb015f0362/run_tests]   | [INFO] Downloading from central: https://repo.maven.apache.org/maven2/org/apache/maven/maven-settings/2.2.1/maven-settings-2.2.1.pom
[e4d78a1e-9cde-481f-86ba-3dfb015f0362/run_tests]   | [INFO] Downloaded from central: https://repo.maven.apache.org/maven2/org/apache/maven/maven-settings/2.2.1/maven-settings-2.2.1.pom (2.2 kB at 311 kB/s)
[e4d78a1e-9cde-481f-86ba-3dfb015f0362/run_tests]   | [INFO] Downloading from central: https://repo.maven.apache.org/maven2/org/apache/maven/maven-model/2.2.1/maven-model-2.2.1.pom
[e4d78a1e-9cde-481f-86ba-3dfb015f0362/run_tests]   | [INFO] Downloaded from central: https://repo.maven.apache.org/maven2/org/apache/maven/maven-model/2.2.1/maven-model-2.2.1.pom (3.2 kB at 463 kB/s)
[e4d78a1e-9cde-481f-86ba-3dfb015f0362/run_tests]   | [INFO] Downloading from central: https://repo.maven.apache.org/maven2/org/codehaus/plexus/plexus-interpolation/1.11/plexus-interpolation-1.11.pom
[e4d78a1e-9cde-481f-86ba-3dfb015f0362/run_tests]   | [INFO] Downloaded from central: https://repo.maven.apache.org/maven2/org/codehaus/plexus/plexus-interpolation/1.11/plexus-interpolation-1.11.pom (889 B at 74 kB/s)
[e4d78a1e-9cde-481f-86ba-3dfb015f0362/run_tests]   | [INFO] Downloading from central: https://repo.maven.apache.org/maven2/org/apache/maven/maven-plugin-parameter-documenter/2.2.1/maven-plugin-parameter-documenter-2.2.1.pom
[e4d78a1e-9cde-481f-86ba-3dfb015f0362/run_tests]   | [INFO] Downloaded from central: https://repo.maven.apache.org/maven2/org/apache/maven/maven-plugin-parameter-documenter/2.2.1/maven-plugin-parameter-documenter-2.2.1.pom (2.0 kB at 391 kB/s)
[e4d78a1e-9cde-481f-86ba-3dfb015f0362/run_tests]   | [INFO] Downloading from central: https://repo.maven.apache.org/maven2/org/slf4j/slf4j-jdk14/1.5.6/slf4j-jdk14-1.5.6.pom
[e4d78a1e-9cde-481f-86ba-3dfb015f0362/run_tests]   | [INFO] Downloaded from central: https://repo.maven.apache.org/maven2/org/slf4j/slf4j-jdk14/1.5.6/slf4j-jdk14-1.5.6.pom (1.9 kB at 380 kB/s)
[e4d78a1e-9cde-481f-86ba-3dfb015f0362/run_tests]   | [INFO] Downloading from central: https://repo.maven.apache.org/maven2/org/slf4j/slf4j-parent/1.5.6/slf4j-parent-1.5.6.pom
[e4d78a1e-9cde-481f-86ba-3dfb015f0362/run_tests]   | [INFO] Downloaded from central: https://repo.maven.apache.org/maven2/org/slf4j/slf4j-parent/1.5.6/slf4j-parent-1.5.6.pom (7.9 kB at 2.0 MB/s)
[e4d78a1e-9cde-481f-86ba-3dfb015f0362/run_tests]   | [INFO] Downloading from central: https://repo.maven.apache.org/maven2/org/slf4j/slf4j-api/1.5.6/slf4j-api-1.5.6.pom
[e4d78a1e-9cde-481f-86ba-3dfb015f0362/run_tests]   | [INFO] Downloaded from central: https://repo.maven.apache.org/maven2/org/slf4j/slf4j-api/1.5.6/slf4j-api-1.5.6.pom (3.0 kB at 597 kB/s)
[e4d78a1e-9cde-481f-86ba-3dfb015f0362/run_tests]   | [INFO] Downloading from central: https://repo.maven.apache.org/maven2/org/slf4j/jcl-over-slf4j/1.5.6/jcl-over-slf4j-1.5.6.pom
[e4d78a1e-9cde-481f-86ba-3dfb015f0362/run_tests]   | [INFO] Downloaded from central: https://repo.maven.apache.org/maven2/org/slf4j/jcl-over-slf4j/1.5.6/jcl-over-slf4j-1.5.6.pom (2.2 kB at 310 kB/s)
[e4d78a1e-9cde-481f-86ba-3dfb015f0362/run_tests]   | [INFO] Downloading from central: https://repo.maven.apache.org/maven2/org/apache/maven/maven-profile/2.2.1/maven-profile-2.2.1.pom
[e4d78a1e-9cde-481f-86ba-3dfb015f0362/run_tests]   | [INFO] Downloaded from central: https://repo.maven.apache.org/maven2/org/apache/maven/maven-profile/2.2.1/maven-profile-2.2.1.pom (2.2 kB at 362 kB/s)
[e4d78a1e-9cde-481f-86ba-3dfb015f0362/run_tests]   | [INFO] Downloading from central: https://repo.maven.apache.org/maven2/org/apache/maven/maven-artifact/2.2.1/maven-artifact-2.2.1.pom
[e4d78a1e-9cde-481f-86ba-3dfb015f0362/run_tests]   | [INFO] Downloaded from central: https://repo.maven.apache.org/maven2/org/apache/maven/maven-artifact/2.2.1/maven-artifact-2.2.1.pom (1.6 kB at 226 kB/s)
[e4d78a1e-9cde-481f-86ba-3dfb015f0362/run_tests]   | [INFO] Downloading from central: https://repo.maven.apache.org/maven2/org/apache/maven/maven-repository-metadata/2.2.1/maven-repository-metadata-2.2.1.pom
[e4d78a1e-9cde-481f-86ba-3dfb015f0362/run_tests]   | [INFO] Downloaded from central: https://repo.maven.apache.org/maven2/org/apache/maven/maven-repository-metadata/2.2.1/maven-repository-metadata-2.2.1.pom (1.9 kB at 234 kB/s)
[e4d78a1e-9cde-481f-86ba-3dfb015f0362/run_tests]   | [INFO] Downloading from central: https://repo.maven.apache.org/maven2/org/apache/maven/maven-error-diagnostics/2.2.1/maven-error-diagnostics-2.2.1.pom
[e4d78a1e-9cde-481f-86ba-3dfb015f0362/run_tests]   | [INFO] Downloaded from central: https://repo.maven.apache.org/maven2/org/apache/maven/maven-error-diagnostics/2.2.1/maven-error-diagnostics-2.2.1.pom (1.7 kB at 244 kB/s)
[e4d78a1e-9cde-481f-86ba-3dfb015f0362/run_tests]   | [INFO] Downloading from central: https://repo.maven.apache.org/maven2/org/apache/maven/maven-project/2.2.1/maven-project-2.2.1.pom
[e4d78a1e-9cde-481f-86ba-3dfb015f0362/run_tests]   | [INFO] Downloaded from central: https://repo.maven.apache.org/maven2/org/apache/maven/maven-project/2.2.1/maven-project-2.2.1.pom (2.8 kB at 396 kB/s)
[e4d78a1e-9cde-481f-86ba-3dfb015f0362/run_tests]   | [INFO] Downloading from central: https://repo.maven.apache.org/maven2/org/apache/maven/maven-artifact-manager/2.2.1/maven-artifact-manager-2.2.1.pom
[e4d78a1e-9cde-481f-86ba-3dfb015f0362/run_tests]   | [INFO] Downloaded from central: https://repo.maven.apache.org/maven2/org/apache/maven/maven-artifact-manager/2.2.1/maven-artifact-manager-2.2.1.pom (3.1 kB at 517 kB/s)
[e4d78a1e-9cde-481f-86ba-3dfb015f0362/run_tests]   | [INFO] Downloading from central: https://repo.maven.apache.org/maven2/backport-util-concurrent/backport-util-concurrent/3.1/backport-util-concurrent-3.1.pom
[e4d78a1e-9cde-481f-86ba-3dfb015f0362/run_tests]   | [INFO] Downloaded from central: https://repo.maven.apache.org/maven2/backport-util-concurrent/backport-util-concurrent/3.1/backport-util-concurrent-3.1.pom (880 B at 126 kB/s)
[e4d78a1e-9cde-481f-86ba-3dfb015f0362/run_tests]   | [INFO] Downloading from central: https://repo.maven.apache.org/maven2/org/apache/maven/maven-plugin-registry/2.2.1/maven-plugin-registry-2.2.1.pom
[e4d78a1e-9cde-481f-86ba-3dfb015f0362/run_tests]   | [INFO] Downloaded from central: https://repo.maven.apache.org/maven2/org/apache/maven/maven-plugin-registry/2.2.1/maven-plugin-registry-2.2.1.pom (1.9 kB at 322 kB/s)
[e4d78a1e-9cde-481f-86ba-3dfb015f0362/run_tests]   | [INFO] Downloading from central: https://repo.maven.apache.org/maven2/org/apache/maven/maven-plugin-descriptor/2.2.1/maven-plugin-descriptor-2.2.1.pom
[e4d78a1e-9cde-481f-86ba-3dfb015f0362/run_tests]   | [INFO] Downloaded from central: https://repo.maven.apache.org/maven2/org/apache/maven/maven-plugin-descriptor/2.2.1/maven-plugin-descriptor-2.2.1.pom (2.1 kB at 344 kB/s)
[e4d78a1e-9cde-481f-86ba-3dfb015f0362/run_tests]   | [INFO] Downloading from central: https://repo.maven.apache.org/maven2/org/apache/maven/maven-monitor/2.2.1/maven-monitor-2.2.1.pom
[e4d78a1e-9cde-481f-86ba-3dfb015f0362/run_tests]   | [INFO] Downloaded from central: https://repo.maven.apache.org/maven2/org/apache/maven/maven-monitor/2.2.1/maven-monitor-2.2.1.pom (1.3 kB at 210 kB/s)
[e4d78a1e-9cde-481f-86ba-3dfb015f0362/run_tests]   | [INFO] Downloading from central: https://repo.maven.apache.org/maven2/org/sonatype/plexus/plexus-sec-dispatcher/1.3/plexus-sec-dispatcher-1.3.pom
[e4d78a1e-9cde-481f-86ba-3dfb015f0362/run_tests]   | [INFO] Downloaded from central: https://repo.maven.apache.org/maven2/org/sonatype/plexus/plexus-sec-dispatcher/1.3/plexus-sec-dispatcher-1.3.pom (3.0 kB at 592 kB/s)
[e4d78a1e-9cde-481f-86ba-3dfb015f0362/run_tests]   | [INFO] Downloading from central: https://repo.maven.apache.org/maven2/org/sonatype/spice/spice-parent/12/spice-parent-12.pom
[e4d78a1e-9cde-481f-86ba-3dfb015f0362/run_tests]   | [INFO] Downloaded from central: https://repo.maven.apache.org/maven2/org/sonatype/spice/spice-parent/12/spice-parent-12.pom (6.8 kB at 272 kB/s)
[e4d78a1e-9cde-481f-86ba-3dfb015f0362/run_tests]   | [INFO] Downloading from central: https://repo.maven.apache.org/maven2/org/sonatype/forge/forge-parent/4/forge-parent-4.pom
[e4d78a1e-9cde-481f-86ba-3dfb015f0362/run_tests]   | [INFO] Downloaded from central: https://repo.maven.apache.org/maven2/org/sonatype/forge/forge-parent/4/forge-parent-4.pom (8.4 kB at 150 kB/s)
[e4d78a1e-9cde-481f-86ba-3dfb015f0362/run_tests]   | [INFO] Downloading from central: https://repo.maven.apache.org/maven2/org/codehaus/plexus/plexus-utils/1.5.5/plexus-utils-1.5.5.pom
[e4d78a1e-9cde-481f-86ba-3dfb015f0362/run_tests]   | [INFO] Downloaded from central: https://repo.maven.apache.org/maven2/org/codehaus/plexus/plexus-utils/1.5.5/plexus-utils-1.5.5.pom (5.1 kB at 643 kB/s)
[e4d78a1e-9cde-481f-86ba-3dfb015f0362/run_tests]   | [INFO] Downloading from central: https://repo.maven.apache.org/maven2/org/sonatype/plexus/plexus-cipher/1.4/plexus-cipher-1.4.pom
[e4d78a1e-9cde-481f-86ba-3dfb015f0362/run_tests]   | [INFO] Downloaded from central: https://repo.maven.apache.org/maven2/org/sonatype/plexus/plexus-cipher/1.4/plexus-cipher-1.4.pom (2.1 kB at 295 kB/s)
[e4d78a1e-9cde-481f-86ba-3dfb015f0362/run_tests]   | [INFO] Downloading from central: https://repo.maven.apache.org/maven2/org/codehaus/plexus/plexus-component-annotations/1.5.5/plexus-component-annotations-1.5.5.pom
[e4d78a1e-9cde-481f-86ba-3dfb015f0362/run_tests]   | [INFO] Downloaded from central: https://repo.maven.apache.org/maven2/org/codehaus/plexus/plexus-component-annotations/1.5.5/plexus-component-annotations-1.5.5.pom (815 B at 91 kB/s)
[e4d78a1e-9cde-481f-86ba-3dfb015f0362/run_tests]   | [INFO] Downloading from central: https://repo.maven.apache.org/maven2/org/codehaus/plexus/plexus-containers/1.5.5/plexus-containers-1.5.5.pom
[e4d78a1e-9cde-481f-86ba-3dfb015f0362/run_tests]   | [INFO] Downloaded from central: https://repo.maven.apache.org/maven2/org/codehaus/plexus/plexus-containers/1.5.5/plexus-containers-1.5.5.pom (4.2 kB at 385 kB/s)
[e4d78a1e-9cde-481f-86ba-3dfb015f0362/run_tests]   | [INFO] Downloading from central: https://repo.maven.apache.org/maven2/org/codehaus/plexus/plexus/2.0.7/plexus-2.0.7.pom
[e4d78a1e-9cde-481f-86ba-3dfb015f0362/run_tests]   | [INFO] Downloaded from central: https://repo.maven.apache.org/maven2/org/codehaus/plexus/plexus/2.0.7/plexus-2.0.7.pom (17 kB at 3.5 MB/s)
[e4d78a1e-9cde-481f-86ba-3dfb015f0362/run_tests]   | [INFO] Downloading from central: https://repo.maven.apache.org/maven2/org/codehaus/plexus/plexus-compiler-api/2.2/plexus-compiler-api-2.2.pom
[e4d78a1e-9cde-481f-86ba-3dfb015f0362/run_tests]   | [INFO] Downloaded from central: https://repo.maven.apache.org/maven2/org/codehaus/plexus/plexus-compiler-api/2.2/plexus-compiler-api-2.2.pom (865 B at 173 kB/s)
[e4d78a1e-9cde-481f-86ba-3dfb015f0362/run_tests]   | [INFO] Downloading from central: https://repo.maven.apache.org/maven2/org/codehaus/plexus/plexus-compiler/2.2/plexus-compiler-2.2.pom
[e4d78a1e-9cde-481f-86ba-3dfb015f0362/run_tests]   | [INFO] Downloaded from central: https://repo.maven.apache.org/maven2/org/codehaus/plexus/plexus-compiler/2.2/plexus-compiler-2.2.pom (3.6 kB at 602 kB/s)
[e4d78a1e-9cde-481f-86ba-3dfb015f0362/run_tests]   | [INFO] Downloading from central: https://repo.maven.apache.org/maven2/org/codehaus/plexus/plexus-components/1.3.1/plexus-components-1.3.1.pom
[e4d78a1e-9cde-481f-86ba-3dfb015f0362/run_tests]   | [INFO] Downloaded from central: https://repo.maven.apache.org/maven2/org/codehaus/plexus/plexus-components/1.3.1/plexus-components-1.3.1.pom (3.1 kB at 511 kB/s)
[e4d78a1e-9cde-481f-86ba-3dfb015f0362/run_tests]   | [INFO] Downloading from central: https://repo.maven.apache.org/maven2/org/codehaus/plexus/plexus/3.3.1/plexus-3.3.1.pom
[e4d78a1e-9cde-481f-86ba-3dfb015f0362/run_tests]   | [INFO] Downloaded from central: https://repo.maven.apache.org/maven2/org/codehaus/plexus/plexus/3.3.1/plexus-3.3.1.pom (20 kB at 4.1 MB/s)
[e4d78a1e-9cde-481f-86ba-3dfb015f0362/run_tests]   | [INFO] Downloading from central: https://repo.maven.apache.org/maven2/org/sonatype/spice/spice-parent/17/spice-parent-17.pom
[e4d78a1e-9cde-481f-86ba-3dfb015f0362/run_tests]   | [INFO] Downloaded from central: https://repo.maven.apache.org/maven2/org/sonatype/spice/spice-parent/17/spice-parent-17.pom (6.8 kB at 751 kB/s)
[e4d78a1e-9cde-481f-86ba-3dfb015f0362/run_tests]   | [INFO] Downloading from central: https://repo.maven.apache.org/maven2/org/sonatype/forge/forge-parent/10/forge-parent-10.pom
[e4d78a1e-9cde-481f-86ba-3dfb015f0362/run_tests]   | [INFO] Downloaded from central: https://repo.maven.apache.org/maven2/org/sonatype/forge/forge-parent/10/forge-parent-10.pom (14 kB at 2.3 MB/s)
[e4d78a1e-9cde-481f-86ba-3dfb015f0362/run_tests]   | [INFO] Downloading from central: https://repo.maven.apache.org/maven2/org/codehaus/plexus/plexus-utils/3.0.8/plexus-utils-3.0.8.pom
[e4d78a1e-9cde-481f-86ba-3dfb015f0362/run_tests]   | [INFO] Downloaded from central: https://repo.maven.apache.org/maven2/org/codehaus/plexus/plexus-utils/3.0.8/plexus-utils-3.0.8.pom (3.1 kB at 524 kB/s)
[e4d78a1e-9cde-481f-86ba-3dfb015f0362/run_tests]   | [INFO] Downloading from central: https://repo.maven.apache.org/maven2/org/codehaus/plexus/plexus/3.2/plexus-3.2.pom
[e4d78a1e-9cde-481f-86ba-3dfb015f0362/run_tests]   | [INFO] Downloaded from central: https://repo.maven.apache.org/maven2/org/codehaus/plexus/plexus/3.2/plexus-3.2.pom (19 kB at 3.1 MB/s)
[e4d78a1e-9cde-481f-86ba-3dfb015f0362/run_tests]   | [INFO] Downloading from central: https://repo.maven.apache.org/maven2/org/codehaus/plexus/plexus-compiler-manager/2.2/plexus-compiler-manager-2.2.pom
[e4d78a1e-9cde-481f-86ba-3dfb015f0362/run_tests]   | [INFO] Downloaded from central: https://repo.maven.apache.org/maven2/org/codehaus/plexus/plexus-compiler-manager/2.2/plexus-compiler-manager-2.2.pom (690 B at 99 kB/s)
[e4d78a1e-9cde-481f-86ba-3dfb015f0362/run_tests]   | [INFO] Downloading from central: https://repo.maven.apache.org/maven2/org/codehaus/plexus/plexus-compiler-javac/2.2/plexus-compiler-javac-2.2.pom
[e4d78a1e-9cde-481f-86ba-3dfb015f0362/run_tests]   | [INFO] Downloaded from central: https://repo.maven.apache.org/maven2/org/codehaus/plexus/plexus-compiler-javac/2.2/plexus-compiler-javac-2.2.pom (769 B at 154 kB/s)
[e4d78a1e-9cde-481f-86ba-3dfb015f0362/run_tests]   | [INFO] Downloading from central: https://repo.maven.apache.org/maven2/org/codehaus/plexus/plexus-compilers/2.2/plexus-compilers-2.2.pom
[e4d78a1e-9cde-481f-86ba-3dfb015f0362/run_tests]   | [INFO] Downloaded from central: https://repo.maven.apache.org/maven2/org/codehaus/plexus/plexus-compilers/2.2/plexus-compilers-2.2.pom (1.2 kB at 46 kB/s)
[e4d78a1e-9cde-481f-86ba-3dfb015f0362/run_tests]   | [INFO] Downloading from central: https://repo.maven.apache.org/maven2/org/codehaus/plexus/plexus-container-default/1.5.5/plexus-container-default-1.5.5.pom
[e4d78a1e-9cde-481f-86ba-3dfb015f0362/run_tests]   | [INFO] Downloaded from central: https://repo.maven.apache.org/maven2/org/codehaus/plexus/plexus-container-default/1.5.5/plexus-container-default-1.5.5.pom (2.8 kB at 394 kB/s)
[e4d78a1e-9cde-481f-86ba-3dfb015f0362/run_tests]   | [INFO] Downloading from central: https://repo.maven.apache.org/maven2/org/codehaus/plexus/plexus-utils/1.4.5/plexus-utils-1.4.5.pom
[e4d78a1e-9cde-481f-86ba-3dfb015f0362/run_tests]   | [INFO] Downloaded from central: https://repo.maven.apache.org/maven2/org/codehaus/plexus/plexus-utils/1.4.5/plexus-utils-1.4.5.pom (2.3 kB at 252 kB/s)
[e4d78a1e-9cde-481f-86ba-3dfb015f0362/run_tests]   | [INFO] Downloading from central: https://repo.maven.apache.org/maven2/org/codehaus/plexus/plexus-classworlds/2.2.2/plexus-classworlds-2.2.2.pom
[e4d78a1e-9cde-481f-86ba-3dfb015f0362/run_tests]   | [INFO] Downloaded from central: https://repo.maven.apache.org/maven2/org/codehaus/plexus/plexus-classworlds/2.2.2/plexus-classworlds-2.2.2.pom (4.0 kB at 448 kB/s)
[e4d78a1e-9cde-481f-86ba-3dfb015f0362/run_tests]   | [INFO] Downloading from central: https://repo.maven.apache.org/maven2/org/apache/xbean/xbean-reflect/3.4/xbean-reflect-3.4.pom
[e4d78a1e-9cde-481f-86ba-3dfb015f0362/run_tests]   | [INFO] Downloaded from central: https://repo.maven.apache.org/maven2/org/apache/xbean/xbean-reflect/3.4/xbean-reflect-3.4.pom (2.8 kB at 201 kB/s)
[e4d78a1e-9cde-481f-86ba-3dfb015f0362/run_tests]   | [INFO] Downloading from central: https://repo.maven.apache.org/maven2/org/apache/xbean/xbean/3.4/xbean-3.4.pom
[e4d78a1e-9cde-481f-86ba-3dfb015f0362/run_tests]   | [INFO] Downloaded from central: https://repo.maven.apache.org/maven2/org/apache/xbean/xbean/3.4/xbean-3.4.pom (19 kB at 1.5 MB/s)
[e4d78a1e-9cde-481f-86ba-3dfb015f0362/run_tests]   | [INFO] Downloading from central: https://repo.maven.apache.org/maven2/log4j/log4j/1.2.12/log4j-1.2.12.pom
[e4d78a1e-9cde-481f-86ba-3dfb015f0362/run_tests]   | [INFO] Downloaded from central: https://repo.maven.apache.org/maven2/log4j/log4j/1.2.12/log4j-1.2.12.pom (145 B at 11 kB/s)
[e4d78a1e-9cde-481f-86ba-3dfb015f0362/run_tests]   | [INFO] Downloading from central: https://repo.maven.apache.org/maven2/commons-logging/commons-logging-api/1.1/commons-logging-api-1.1.pom
[e4d78a1e-9cde-481f-86ba-3dfb015f0362/run_tests]   | [INFO] Downloaded from central: https://repo.maven.apache.org/maven2/commons-logging/commons-logging-api/1.1/commons-logging-api-1.1.pom (5.3 kB at 411 kB/s)
[e4d78a1e-9cde-481f-86ba-3dfb015f0362/run_tests]   | [INFO] Downloading from central: https://repo.maven.apache.org/maven2/com/google/collections/google-collections/1.0/google-collections-1.0.pom
[e4d78a1e-9cde-481f-86ba-3dfb015f0362/run_tests]   | [INFO] Downloaded from central: https://repo.maven.apache.org/maven2/com/google/collections/google-collections/1.0/google-collections-1.0.pom (2.5 kB at 108 kB/s)
[e4d78a1e-9cde-481f-86ba-3dfb015f0362/run_tests]   | [INFO] Downloading from central: https://repo.maven.apache.org/maven2/com/google/google/1/google-1.pom
[e4d78a1e-9cde-481f-86ba-3dfb015f0362/run_tests]   | [INFO] Downloaded from central: https://repo.maven.apache.org/maven2/com/google/google/1/google-1.pom (1.6 kB at 141 kB/s)
[e4d78a1e-9cde-481f-86ba-3dfb015f0362/run_tests]   | [INFO] Downloading from central: https://repo.maven.apache.org/maven2/junit/junit/3.8.2/junit-3.8.2.pom
[e4d78a1e-9cde-481f-86ba-3dfb015f0362/run_tests]   | [INFO] Downloaded from central: https://repo.maven.apache.org/maven2/junit/junit/3.8.2/junit-3.8.2.pom (747 B at 68 kB/s)
[e4d78a1e-9cde-481f-86ba-3dfb015f0362/run_tests]   | [INFO] Downloading from central: https://repo.maven.apache.org/maven2/org/apache/maven/maven-plugin-api/2.0.9/maven-plugin-api-2.0.9.jar
[e4d78a1e-9cde-481f-86ba-3dfb015f0362/run_tests]   | [INFO] Downloading from central: https://repo.maven.apache.org/maven2/org/apache/maven/maven-artifact/2.0.9/maven-artifact-2.0.9.jar
[e4d78a1e-9cde-481f-86ba-3dfb015f0362/run_tests]   | [INFO] Downloading from central: https://repo.maven.apache.org/maven2/org/codehaus/plexus/plexus-utils/1.5.1/plexus-utils-1.5.1.jar
[e4d78a1e-9cde-481f-86ba-3dfb015f0362/run_tests]   | [INFO] Downloaded from central: https://repo.maven.apache.org/maven2/org/apache/maven/maven-plugin-api/2.0.9/maven-plugin-api-2.0.9.jar (13 kB at 195 kB/s)
[e4d78a1e-9cde-481f-86ba-3dfb015f0362/run_tests]   | [INFO] Downloading from central: https://repo.maven.apache.org/maven2/org/apache/maven/maven-core/2.0.9/maven-core-2.0.9.jar
[e4d78a1e-9cde-481f-86ba-3dfb015f0362/run_tests]   | [INFO] Downloading from central: https://repo.maven.apache.org/maven2/org/apache/maven/maven-plugin-parameter-documenter/2.0.9/maven-plugin-parameter-documenter-2.0.9.jar
[e4d78a1e-9cde-481f-86ba-3dfb015f0362/run_tests]   | [INFO] Downloading from central: https://repo.maven.apache.org/maven2/org/apache/maven/maven-settings/2.0.9/maven-settings-2.0.9.jar
[e4d78a1e-9cde-481f-86ba-3dfb015f0362/run_tests]   | [INFO] Downloaded from central: https://repo.maven.apache.org/maven2/org/apache/maven/maven-artifact/2.0.9/maven-artifact-2.0.9.jar (89 kB at 4.2 MB/s)
[e4d78a1e-9cde-481f-86ba-3dfb015f0362/run_tests]   | [INFO] Downloading from central: https://repo.maven.apache.org/maven2/org/apache/maven/maven-profile/2.0.9/maven-profile-2.0.9.jar
[e4d78a1e-9cde-481f-86ba-3dfb015f0362/run_tests]   | [INFO] Downloaded from central: https://repo.maven.apache.org/maven2/org/codehaus/plexus/plexus-utils/1.5.1/plexus-utils-1.5.1.jar (211 kB at 8.8 MB/s)
[e4d78a1e-9cde-481f-86ba-3dfb015f0362/run_tests]   | [INFO] Downloading from central: https://repo.maven.apache.org/maven2/org/apache/maven/maven-model/2.0.9/maven-model-2.0.9.jar
[e4d78a1e-9cde-481f-86ba-3dfb015f0362/run_tests]   | [INFO] Downloaded from central: https://repo.maven.apache.org/maven2/org/apache/maven/maven-core/2.0.9/maven-core-2.0.9.jar (160 kB at 10.0 MB/s)
[e4d78a1e-9cde-481f-86ba-3dfb015f0362/run_tests]   | [INFO] Downloading from central: https://repo.maven.apache.org/maven2/org/apache/maven/maven-repository-metadata/2.0.9/maven-repository-metadata-2.0.9.jar
[e4d78a1e-9cde-481f-86ba-3dfb015f0362/run_tests]   | [INFO] Downloaded from central: https://repo.maven.apache.org/maven2/org/apache/maven/maven-plugin-parameter-documenter/2.0.9/maven-plugin-parameter-documenter-2.0.9.jar (21 kB at 2.1 MB/s)
[e4d78a1e-9cde-481f-86ba-3dfb015f0362/run_tests]   | [INFO] Downloading from central: https://repo.maven.apache.org/maven2/org/apache/maven/maven-error-diagnostics/2.0.9/maven-error-diagnostics-2.0.9.jar
[e4d78a1e-9cde-481f-86ba-3dfb015f0362/run_tests]   | [INFO] Downloaded from central: https://repo.maven.apache.org/maven2/org/apache/maven/maven-repository-metadata/2.0.9/maven-repository-metadata-2.0.9.jar (25 kB at 1.3 MB/s)
[e4d78a1e-9cde-481f-86ba-3dfb015f0362/run_tests]   | [INFO] Downloading from central: https://repo.maven.apache.org/maven2/org/apache/maven/maven-project/2.0.9/maven-project-2.0.9.jar
[e4d78a1e-9cde-481f-86ba-3dfb015f0362/run_tests]   | [INFO] Downloaded from central: https://repo.maven.apache.org/maven2/org/apache/maven/maven-error-diagnostics/2.0.9/maven-error-diagnostics-2.0.9.jar (14 kB at 627 kB/s)
[e4d78a1e-9cde-481f-86ba-3dfb015f0362/run_tests]   | [INFO] Downloading from central: https://repo.maven.apache.org/maven2/org/apache/maven/maven-plugin-registry/2.0.9/maven-plugin-registry-2.0.9.jar
[e4d78a1e-9cde-481f-86ba-3dfb015f0362/run_tests]   | [INFO] Downloaded from central: https://repo.maven.apache.org/maven2/org/apache/maven/maven-model/2.0.9/maven-model-2.0.9.jar (87 kB at 3.6 MB/s)
[e4d78a1e-9cde-481f-86ba-3dfb015f0362/run_tests]   | [INFO] Downloading from central: https://repo.maven.apache.org/maven2/org/apache/maven/maven-plugin-descriptor/2.0.9/maven-plugin-descriptor-2.0.9.jar
[e4d78a1e-9cde-481f-86ba-3dfb015f0362/run_tests]   | [INFO] Downloaded from central: https://repo.maven.apache.org/maven2/org/apache/maven/maven-project/2.0.9/maven-project-2.0.9.jar (122 kB at 4.7 MB/s)
[e4d78a1e-9cde-481f-86ba-3dfb015f0362/run_tests]   | [INFO] Downloading from central: https://repo.maven.apache.org/maven2/org/apache/maven/maven-artifact-manager/2.0.9/maven-artifact-manager-2.0.9.jar
[e4d78a1e-9cde-481f-86ba-3dfb015f0362/run_tests]   | [INFO] Downloaded from central: https://repo.maven.apache.org/maven2/org/apache/maven/maven-plugin-registry/2.0.9/maven-plugin-registry-2.0.9.jar (29 kB at 1.0 MB/s)
[e4d78a1e-9cde-481f-86ba-3dfb015f0362/run_tests]   | [INFO] Downloading from central: https://repo.maven.apache.org/maven2/org/apache/maven/maven-monitor/2.0.9/maven-monitor-2.0.9.jar
[e4d78a1e-9cde-481f-86ba-3dfb015f0362/run_tests]   | [INFO] Downloaded from central: https://repo.maven.apache.org/maven2/org/apache/maven/maven-settings/2.0.9/maven-settings-2.0.9.jar (49 kB at 1.5 MB/s)
[e4d78a1e-9cde-481f-86ba-3dfb015f0362/run_tests]   | [INFO] Downloading from central: https://repo.maven.apache.org/maven2/org/apache/maven/maven-toolchain/1.0/maven-toolchain-1.0.jar
[e4d78a1e-9cde-481f-86ba-3dfb015f0362/run_tests]   | [INFO] Downloaded from central: https://repo.maven.apache.org/maven2/org/apache/maven/maven-profile/2.0.9/maven-profile-2.0.9.jar (35 kB at 1.1 MB/s)
[e4d78a1e-9cde-481f-86ba-3dfb015f0362/run_tests]   | [INFO] Downloading from central: https://repo.maven.apache.org/maven2/org/apache/maven/shared/maven-shared-utils/0.1/maven-shared-utils-0.1.jar
[e4d78a1e-9cde-481f-86ba-3dfb015f0362/run_tests]   | [INFO] Downloaded from central: https://repo.maven.apache.org/maven2/org/apache/maven/maven-artifact-manager/2.0.9/maven-artifact-manager-2.0.9.jar (58 kB at 1.7 MB/s)
[e4d78a1e-9cde-481f-86ba-3dfb015f0362/run_tests]   | [INFO] Downloading from central: https://repo.maven.apache.org/maven2/com/google/code/findbugs/jsr305/2.0.1/jsr305-2.0.1.jar
[e4d78a1e-9cde-481f-86ba-3dfb015f0362/run_tests]   | [INFO] Downloaded from central: https://repo.maven.apache.org/maven2/org/apache/maven/maven-monitor/2.0.9/maven-monitor-2.0.9.jar (10 kB at 278 kB/s)
[e4d78a1e-9cde-481f-86ba-3dfb015f0362/run_tests]   | [INFO] Downloading from central: https://repo.maven.apache.org/maven2/org/apache/maven/shared/maven-shared-incremental/1.1/maven-shared-incremental-1.1.jar
[e4d78a1e-9cde-481f-86ba-3dfb015f0362/run_tests]   | [INFO] Downloaded from central: https://repo.maven.apache.org/maven2/org/apache/maven/maven-plugin-descriptor/2.0.9/maven-plugin-descriptor-2.0.9.jar (37 kB at 926 kB/s)
[e4d78a1e-9cde-481f-86ba-3dfb015f0362/run_tests]   | [INFO] Downloading from central: https://repo.maven.apache.org/maven2/org/codehaus/plexus/plexus-component-annotations/1.5.5/plexus-component-annotations-1.5.5.jar
[e4d78a1e-9cde-481f-86ba-3dfb015f0362/run_tests]   | [INFO] Downloaded from central: https://repo.maven.apache.org/maven2/org/apache/maven/shared/maven-shared-utils/0.1/maven-shared-utils-0.1.jar (155 kB at 3.5 MB/s)
[e4d78a1e-9cde-481f-86ba-3dfb015f0362/run_tests]   | [INFO] Downloading from central: https://repo.maven.apache.org/maven2/org/codehaus/plexus/plexus-compiler-api/2.2/plexus-compiler-api-2.2.jar
[e4d78a1e-9cde-481f-86ba-3dfb015f0362/run_tests]   | [INFO] Downloaded from central: https://repo.maven.apache.org/maven2/com/google/code/findbugs/jsr305/2.0.1/jsr305-2.0.1.jar (32 kB at 708 kB/s)
[e4d78a1e-9cde-481f-86ba-3dfb015f0362/run_tests]   | [INFO] Downloading from central: https://repo.maven.apache.org/maven2/org/codehaus/plexus/plexus-compiler-manager/2.2/plexus-compiler-manager-2.2.jar
[e4d78a1e-9cde-481f-86ba-3dfb015f0362/run_tests]   | [INFO] Downloaded from central: https://repo.maven.apache.org/maven2/org/apache/maven/shared/maven-shared-incremental/1.1/maven-shared-incremental-1.1.jar (14 kB at 294 kB/s)
[e4d78a1e-9cde-481f-86ba-3dfb015f0362/run_tests]   | [INFO] Downloading from central: https://repo.maven.apache.org/maven2/org/codehaus/plexus/plexus-compiler-javac/2.2/plexus-compiler-javac-2.2.jar
[e4d78a1e-9cde-481f-86ba-3dfb015f0362/run_tests]   | [INFO] Downloaded from central: https://repo.maven.apache.org/maven2/org/codehaus/plexus/plexus-component-annotations/1.5.5/plexus-component-annotations-1.5.5.jar (4.2 kB at 88 kB/s)
[e4d78a1e-9cde-481f-86ba-3dfb015f0362/run_tests]   | [INFO] Downloading from central: https://repo.maven.apache.org/maven2/org/codehaus/plexus/plexus-container-default/1.5.5/plexus-container-default-1.5.5.jar
[e4d78a1e-9cde-481f-86ba-3dfb015f0362/run_tests]   | [INFO] Downloaded from central: https://repo.maven.apache.org/maven2/org/apache/maven/maven-toolchain/1.0/maven-toolchain-1.0.jar (33 kB at 658 kB/s)
[e4d78a1e-9cde-481f-86ba-3dfb015f0362/run_tests]   | [INFO] Downloading from central: https://repo.maven.apache.org/maven2/org/codehaus/plexus/plexus-classworlds/2.2.2/plexus-classworlds-2.2.2.jar
[e4d78a1e-9cde-481f-86ba-3dfb015f0362/run_tests]   | [INFO] Downloaded from central: https://repo.maven.apache.org/maven2/org/codehaus/plexus/plexus-compiler-api/2.2/plexus-compiler-api-2.2.jar (25 kB at 472 kB/s)
[e4d78a1e-9cde-481f-86ba-3dfb015f0362/run_tests]   | [INFO] Downloading from central: https://repo.maven.apache.org/maven2/org/apache/xbean/xbean-reflect/3.4/xbean-reflect-3.4.jar
[e4d78a1e-9cde-481f-86ba-3dfb015f0362/run_tests]   | [INFO] Downloaded from central: https://repo.maven.apache.org/maven2/org/codehaus/plexus/plexus-compiler-manager/2.2/plexus-compiler-manager-2.2.jar (4.6 kB at 80 kB/s)
[e4d78a1e-9cde-481f-86ba-3dfb015f0362/run_tests]   | [INFO] Downloading from central: https://repo.maven.apache.org/maven2/log4j/log4j/1.2.12/log4j-1.2.12.jar
[e4d78a1e-9cde-481f-86ba-3dfb015f0362/run_tests]   | [INFO] Downloaded from central: https://repo.maven.apache.org/maven2/org/codehaus/plexus/plexus-container-default/1.5.5/plexus-container-default-1.5.5.jar (217 kB at 3.7 MB/s)
[e4d78a1e-9cde-481f-86ba-3dfb015f0362/run_tests]   | [INFO] Downloading from central: https://repo.maven.apache.org/maven2/commons-logging/commons-logging-api/1.1/commons-logging-api-1.1.jar
[e4d78a1e-9cde-481f-86ba-3dfb015f0362/run_tests]   | [INFO] Downloaded from central: https://repo.maven.apache.org/maven2/org/codehaus/plexus/plexus-classworlds/2.2.2/plexus-classworlds-2.2.2.jar (46 kB at 781 kB/s)
[e4d78a1e-9cde-481f-86ba-3dfb015f0362/run_tests]   | [INFO] Downloading from central: https://repo.maven.apache.org/maven2/com/google/collections/google-collections/1.0/google-collections-1.0.jar
[e4d78a1e-9cde-481f-86ba-3dfb015f0362/run_tests]   | [INFO] Downloaded from central: https://repo.maven.apache.org/maven2/commons-logging/commons-logging-api/1.1/commons-logging-api-1.1.jar (45 kB at 686 kB/s)
[e4d78a1e-9cde-481f-86ba-3dfb015f0362/run_tests]   | [INFO] Downloading from central: https://repo.maven.apache.org/maven2/junit/junit/3.8.2/junit-3.8.2.jar
[e4d78a1e-9cde-481f-86ba-3dfb015f0362/run_tests]   | [INFO] Downloaded from central: https://repo.maven.apache.org/maven2/log4j/log4j/1.2.12/log4j-1.2.12.jar (358 kB at 5.0 MB/s)
[e4d78a1e-9cde-481f-86ba-3dfb015f0362/run_tests]   | [INFO] Downloaded from central: https://repo.maven.apache.org/maven2/org/codehaus/plexus/plexus-compiler-javac/2.2/plexus-compiler-javac-2.2.jar (19 kB at 250 kB/s)
[e4d78a1e-9cde-481f-86ba-3dfb015f0362/run_tests]   | [INFO] Downloaded from central: https://repo.maven.apache.org/maven2/junit/junit/3.8.2/junit-3.8.2.jar (121 kB at 1.6 MB/s)
[e4d78a1e-9cde-481f-86ba-3dfb015f0362/run_tests]   | [INFO] Downloaded from central: https://repo.maven.apache.org/maven2/com/google/collections/google-collections/1.0/google-collections-1.0.jar (640 kB at 8.2 MB/s)
[e4d78a1e-9cde-481f-86ba-3dfb015f0362/run_tests]   | [INFO] Downloaded from central: https://repo.maven.apache.org/maven2/org/apache/xbean/xbean-reflect/3.4/xbean-reflect-3.4.jar (134 kB at 1.6 MB/s)
[e4d78a1e-9cde-481f-86ba-3dfb015f0362/run_tests]   | [INFO] Changes detected - recompiling the module!
[e4d78a1e-9cde-481f-86ba-3dfb015f0362/run_tests]   | [INFO] Compiling 297 source files to /tmp/8f50300a-0456-4519-85d3-ebf12f552732/target/classes
[e4d78a1e-9cde-481f-86ba-3dfb015f0362/run_tests]   | [WARNING] /tmp/8f50300a-0456-4519-85d3-ebf12f552732/src/main/java/org/byteskript/skript/runtime/UnsafeAccessor.java:[11,16] sun.misc.Unsafe is internal proprietary API and may be removed in a future release
[e4d78a1e-9cde-481f-86ba-3dfb015f0362/run_tests]   | [WARNING] /tmp/8f50300a-0456-4519-85d3-ebf12f552732/src/main/java/org/byteskript/skript/runtime/UnsafeAccessor.java:[23,28] sun.misc.Unsafe is internal proprietary API and may be removed in a future release
[e4d78a1e-9cde-481f-86ba-3dfb015f0362/run_tests]   | [WARNING] /tmp/8f50300a-0456-4519-85d3-ebf12f552732/src/main/java/org/byteskript/skript/runtime/UnsafeAccessor.java:[27,93] sun.misc.Unsafe is internal proprietary API and may be removed in a future release
[e4d78a1e-9cde-481f-86ba-3dfb015f0362/run_tests]   | [WARNING] /tmp/8f50300a-0456-4519-85d3-ebf12f552732/src/main/java/org/byteskript/skript/runtime/UnsafeAccessor.java:[28,37] sun.misc.Unsafe is internal proprietary API and may be removed in a future release
[e4d78a1e-9cde-481f-86ba-3dfb015f0362/run_tests]   | [WARNING] /tmp/8f50300a-0456-4519-85d3-ebf12f552732/src/main/java/org/byteskript/skript/runtime/UnsafeAccessor.java:[30,25] sun.misc.Unsafe is internal proprietary API and may be removed in a future release
[e4d78a1e-9cde-481f-86ba-3dfb015f0362/run_tests]   | [WARNING] /tmp/8f50300a-0456-4519-85d3-ebf12f552732/src/main/java/org/byteskript/skript/runtime/UnsafeAccessor.java:[37,22] sun.misc.Unsafe is internal proprietary API and may be removed in a future release
[e4d78a1e-9cde-481f-86ba-3dfb015f0362/run_tests]   | [WARNING] /tmp/8f50300a-0456-4519-85d3-ebf12f552732/src/main/java/org/byteskript/skript/compiler/SkriptLangSpec.java: Some input files use or override a deprecated API.
[e4d78a1e-9cde-481f-86ba-3dfb015f0362/run_tests]   | [WARNING] /tmp/8f50300a-0456-4519-85d3-ebf12f552732/src/main/java/org/byteskript/skript/compiler/SkriptLangSpec.java: Recompile with -Xlint:deprecation for details.
[e4d78a1e-9cde-481f-86ba-3dfb015f0362/run_tests]   | [WARNING] /tmp/8f50300a-0456-4519-85d3-ebf12f552732/src/main/java/org/byteskript/skript/compiler/SkriptLangSpec.java: Some input files use or override a deprecated API that is marked for removal.
[e4d78a1e-9cde-481f-86ba-3dfb015f0362/run_tests]   | [WARNING] /tmp/8f50300a-0456-4519-85d3-ebf12f552732/src/main/java/org/byteskript/skript/compiler/SkriptLangSpec.java: Recompile with -Xlint:removal for details.
[e4d78a1e-9cde-481f-86ba-3dfb015f0362/run_tests]   | [WARNING] /tmp/8f50300a-0456-4519-85d3-ebf12f552732/src/main/java/org/byteskript/skript/compiler/ElementTree.java: Some input files use unchecked or unsafe operations.
[e4d78a1e-9cde-481f-86ba-3dfb015f0362/run_tests]   | [WARNING] /tmp/8f50300a-0456-4519-85d3-ebf12f552732/src/main/java/org/byteskript/skript/compiler/ElementTree.java: Recompile with -Xlint:unchecked for details.
[e4d78a1e-9cde-481f-86ba-3dfb015f0362/run_tests]   | [INFO] 
[e4d78a1e-9cde-481f-86ba-3dfb015f0362/run_tests]   | [INFO] --- maven-resources-plugin:2.6:testResources (default-testResources) @ byteskript ---
[e4d78a1e-9cde-481f-86ba-3dfb015f0362/run_tests]   | [INFO] Using 'UTF-8' encoding to copy filtered resources.
[e4d78a1e-9cde-481f-86ba-3dfb015f0362/run_tests]   | [INFO] Copying 99 resources
[e4d78a1e-9cde-481f-86ba-3dfb015f0362/run_tests]   | [INFO] 
[e4d78a1e-9cde-481f-86ba-3dfb015f0362/run_tests]   | [INFO] --- maven-compiler-plugin:3.1:testCompile (default-testCompile) @ byteskript ---
[e4d78a1e-9cde-481f-86ba-3dfb015f0362/run_tests]   | [INFO] Changes detected - recompiling the module!
[e4d78a1e-9cde-481f-86ba-3dfb015f0362/run_tests]   | [INFO] Compiling 11 source files to /tmp/8f50300a-0456-4519-85d3-ebf12f552732/target/test-classes
[e4d78a1e-9cde-481f-86ba-3dfb015f0362/run_tests]   | [INFO] 
[e4d78a1e-9cde-481f-86ba-3dfb015f0362/run_tests]   | [INFO] --- maven-surefire-plugin:2.12.4:test (default-test) @ byteskript ---
[e4d78a1e-9cde-481f-86ba-3dfb015f0362/run_tests]   | [INFO] Downloading from central: https://repo.maven.apache.org/maven2/org/apache/maven/surefire/surefire-booter/2.12.4/surefire-booter-2.12.4.pom
[e4d78a1e-9cde-481f-86ba-3dfb015f0362/run_tests]   | [INFO] Downloaded from central: https://repo.maven.apache.org/maven2/org/apache/maven/surefire/surefire-booter/2.12.4/surefire-booter-2.12.4.pom (3.0 kB at 112 kB/s)
[e4d78a1e-9cde-481f-86ba-3dfb015f0362/run_tests]   | [INFO] Downloading from central: https://repo.maven.apache.org/maven2/org/apache/maven/surefire/surefire-api/2.12.4/surefire-api-2.12.4.pom
[e4d78a1e-9cde-481f-86ba-3dfb015f0362/run_tests]   | [INFO] Downloaded from central: https://repo.maven.apache.org/maven2/org/apache/maven/surefire/surefire-api/2.12.4/surefire-api-2.12.4.pom (2.5 kB at 100 kB/s)
[e4d78a1e-9cde-481f-86ba-3dfb015f0362/run_tests]   | [INFO] Downloading from central: https://repo.maven.apache.org/maven2/org/apache/maven/surefire/maven-surefire-common/2.12.4/maven-surefire-common-2.12.4.pom
[e4d78a1e-9cde-481f-86ba-3dfb015f0362/run_tests]   | [INFO] Downloaded from central: https://repo.maven.apache.org/maven2/org/apache/maven/surefire/maven-surefire-common/2.12.4/maven-surefire-common-2.12.4.pom (5.5 kB at 149 kB/s)
[e4d78a1e-9cde-481f-86ba-3dfb015f0362/run_tests]   | [INFO] Downloading from central: https://repo.maven.apache.org/maven2/org/apache/maven/plugin-tools/maven-plugin-annotations/3.1/maven-plugin-annotations-3.1.pom
[e4d78a1e-9cde-481f-86ba-3dfb015f0362/run_tests]   | [INFO] Downloaded from central: https://repo.maven.apache.org/maven2/org/apache/maven/plugin-tools/maven-plugin-annotations/3.1/maven-plugin-annotations-3.1.pom (1.6 kB at 68 kB/s)
[e4d78a1e-9cde-481f-86ba-3dfb015f0362/run_tests]   | [INFO] Downloading from central: https://repo.maven.apache.org/maven2/org/apache/maven/plugin-tools/maven-plugin-tools/3.1/maven-plugin-tools-3.1.pom
[e4d78a1e-9cde-481f-86ba-3dfb015f0362/run_tests]   | [INFO] Downloaded from central: https://repo.maven.apache.org/maven2/org/apache/maven/plugin-tools/maven-plugin-tools/3.1/maven-plugin-tools-3.1.pom (16 kB at 578 kB/s)
[e4d78a1e-9cde-481f-86ba-3dfb015f0362/run_tests]   | [INFO] Downloading from central: https://repo.maven.apache.org/maven2/org/apache/maven/reporting/maven-reporting-api/2.0.9/maven-reporting-api-2.0.9.pom
[e4d78a1e-9cde-481f-86ba-3dfb015f0362/run_tests]   | [INFO] Downloaded from central: https://repo.maven.apache.org/maven2/org/apache/maven/reporting/maven-reporting-api/2.0.9/maven-reporting-api-2.0.9.pom (1.8 kB at 43 kB/s)
[e4d78a1e-9cde-481f-86ba-3dfb015f0362/run_tests]   | [INFO] Downloading from central: https://repo.maven.apache.org/maven2/org/apache/maven/reporting/maven-reporting/2.0.9/maven-reporting-2.0.9.pom
[e4d78a1e-9cde-481f-86ba-3dfb015f0362/run_tests]   | [INFO] Downloaded from central: https://repo.maven.apache.org/maven2/org/apache/maven/reporting/maven-reporting/2.0.9/maven-reporting-2.0.9.pom (1.5 kB at 41 kB/s)
[e4d78a1e-9cde-481f-86ba-3dfb015f0362/run_tests]   | [INFO] Downloading from central: https://repo.maven.apache.org/maven2/org/apache/maven/maven-toolchain/2.0.9/maven-toolchain-2.0.9.pom
[e4d78a1e-9cde-481f-86ba-3dfb015f0362/run_tests]   | [INFO] Downloaded from central: https://repo.maven.apache.org/maven2/org/apache/maven/maven-toolchain/2.0.9/maven-toolchain-2.0.9.pom (3.5 kB at 158 kB/s)
[e4d78a1e-9cde-481f-86ba-3dfb015f0362/run_tests]   | [INFO] Downloading from central: https://repo.maven.apache.org/maven2/org/apache/commons/commons-lang3/3.1/commons-lang3-3.1.pom
[e4d78a1e-9cde-481f-86ba-3dfb015f0362/run_tests]   | [INFO] Downloaded from central: https://repo.maven.apache.org/maven2/org/apache/commons/commons-lang3/3.1/commons-lang3-3.1.pom (17 kB at 760 kB/s)
[e4d78a1e-9cde-481f-86ba-3dfb015f0362/run_tests]   | [INFO] Downloading from central: https://repo.maven.apache.org/maven2/org/apache/commons/commons-parent/22/commons-parent-22.pom
[e4d78a1e-9cde-481f-86ba-3dfb015f0362/run_tests]   | [INFO] Downloaded from central: https://repo.maven.apache.org/maven2/org/apache/commons/commons-parent/22/commons-parent-22.pom (42 kB at 1.4 MB/s)
[e4d78a1e-9cde-481f-86ba-3dfb015f0362/run_tests]   | [INFO] Downloading from central: https://repo.maven.apache.org/maven2/org/apache/apache/9/apache-9.pom
[e4d78a1e-9cde-481f-86ba-3dfb015f0362/run_tests]   | [INFO] Downloaded from central: https://repo.maven.apache.org/maven2/org/apache/apache/9/apache-9.pom (15 kB at 523 kB/s)
[e4d78a1e-9cde-481f-86ba-3dfb015f0362/run_tests]   | [INFO] Downloading from central: https://repo.maven.apache.org/maven2/org/apache/maven/shared/maven-common-artifact-filters/1.3/maven-common-artifact-filters-1.3.pom
[e4d78a1e-9cde-481f-86ba-3dfb015f0362/run_tests]   | [INFO] Downloaded from central: https://repo.maven.apache.org/maven2/org/apache/maven/shared/maven-common-artifact-filters/1.3/maven-common-artifact-filters-1.3.pom (3.7 kB at 128 kB/s)
[e4d78a1e-9cde-481f-86ba-3dfb015f0362/run_tests]   | [INFO] Downloading from central: https://repo.maven.apache.org/maven2/org/apache/maven/shared/maven-shared-components/12/maven-shared-components-12.pom
[e4d78a1e-9cde-481f-86ba-3dfb015f0362/run_tests]   | [INFO] Downloaded from central: https://repo.maven.apache.org/maven2/org/apache/maven/shared/maven-shared-components/12/maven-shared-components-12.pom (9.3 kB at 212 kB/s)
[e4d78a1e-9cde-481f-86ba-3dfb015f0362/run_tests]   | [INFO] Downloading from central: https://repo.maven.apache.org/maven2/org/apache/maven/maven-parent/13/maven-parent-13.pom
[e4d78a1e-9cde-481f-86ba-3dfb015f0362/run_tests]   | [INFO] Downloaded from central: https://repo.maven.apache.org/maven2/org/apache/maven/maven-parent/13/maven-parent-13.pom (23 kB at 871 kB/s)
[e4d78a1e-9cde-481f-86ba-3dfb015f0362/run_tests]   | [INFO] Downloading from central: https://repo.maven.apache.org/maven2/org/apache/apache/6/apache-6.pom
[e4d78a1e-9cde-481f-86ba-3dfb015f0362/run_tests]   | [INFO] Downloaded from central: https://repo.maven.apache.org/maven2/org/apache/apache/6/apache-6.pom (13 kB at 533 kB/s)
[e4d78a1e-9cde-481f-86ba-3dfb015f0362/run_tests]   | [INFO] Downloading from central: https://repo.maven.apache.org/maven2/org/codehaus/plexus/plexus-container-default/1.0-alpha-9/plexus-container-default-1.0-alpha-9.pom
[e4d78a1e-9cde-481f-86ba-3dfb015f0362/run_tests]   | [INFO] Downloaded from central: https://repo.maven.apache.org/maven2/org/codehaus/plexus/plexus-container-default/1.0-alpha-9/plexus-container-default-1.0-alpha-9.pom (1.2 kB at 26 kB/s)
[e4d78a1e-9cde-481f-86ba-3dfb015f0362/run_tests]   | [INFO] Downloading from central: https://repo.maven.apache.org/maven2/org/apache/maven/surefire/surefire-booter/2.12.4/surefire-booter-2.12.4.jar
[e4d78a1e-9cde-481f-86ba-3dfb015f0362/run_tests]   | [INFO] Downloading from central: https://repo.maven.apache.org/maven2/org/apache/maven/surefire/surefire-api/2.12.4/surefire-api-2.12.4.jar
[e4d78a1e-9cde-481f-86ba-3dfb015f0362/run_tests]   | [INFO] Downloading from central: https://repo.maven.apache.org/maven2/org/apache/maven/surefire/maven-surefire-common/2.12.4/maven-surefire-common-2.12.4.jar
[e4d78a1e-9cde-481f-86ba-3dfb015f0362/run_tests]   | [INFO] Downloading from central: https://repo.maven.apache.org/maven2/org/apache/commons/commons-lang3/3.1/commons-lang3-3.1.jar
[e4d78a1e-9cde-481f-86ba-3dfb015f0362/run_tests]   | [INFO] Downloading from central: https://repo.maven.apache.org/maven2/org/apache/maven/shared/maven-common-artifact-filters/1.3/maven-common-artifact-filters-1.3.jar
[e4d78a1e-9cde-481f-86ba-3dfb015f0362/run_tests]   | [INFO] Downloaded from central: https://repo.maven.apache.org/maven2/org/apache/maven/surefire/surefire-booter/2.12.4/surefire-booter-2.12.4.jar (35 kB at 1.4 MB/s)
[e4d78a1e-9cde-481f-86ba-3dfb015f0362/run_tests]   | [INFO] Downloading from central: https://repo.maven.apache.org/maven2/org/codehaus/plexus/plexus-utils/3.0.8/plexus-utils-3.0.8.jar
[e4d78a1e-9cde-481f-86ba-3dfb015f0362/run_tests]   | [INFO] Downloaded from central: https://repo.maven.apache.org/maven2/org/apache/maven/surefire/surefire-api/2.12.4/surefire-api-2.12.4.jar (118 kB at 2.4 MB/s)
[e4d78a1e-9cde-481f-86ba-3dfb015f0362/run_tests]   | [INFO] Downloading from central: https://repo.maven.apache.org/maven2/org/apache/maven/reporting/maven-reporting-api/2.0.9/maven-reporting-api-2.0.9.jar
[e4d78a1e-9cde-481f-86ba-3dfb015f0362/run_tests]   | [INFO] Downloaded from central: https://repo.maven.apache.org/maven2/org/apache/maven/surefire/maven-surefire-common/2.12.4/maven-surefire-common-2.12.4.jar (263 kB at 5.4 MB/s)
[e4d78a1e-9cde-481f-86ba-3dfb015f0362/run_tests]   | [INFO] Downloading from central: https://repo.maven.apache.org/maven2/org/apache/maven/maven-toolchain/2.0.9/maven-toolchain-2.0.9.jar
[e4d78a1e-9cde-481f-86ba-3dfb015f0362/run_tests]   | [INFO] Downloaded from central: https://repo.maven.apache.org/maven2/org/apache/commons/commons-lang3/3.1/commons-lang3-3.1.jar (316 kB at 6.2 MB/s)
[e4d78a1e-9cde-481f-86ba-3dfb015f0362/run_tests]   | [INFO] Downloading from central: https://repo.maven.apache.org/maven2/org/apache/maven/plugin-tools/maven-plugin-annotations/3.1/maven-plugin-annotations-3.1.jar
[e4d78a1e-9cde-481f-86ba-3dfb015f0362/run_tests]   | [INFO] Downloaded from central: https://repo.maven.apache.org/maven2/org/apache/maven/shared/maven-common-artifact-filters/1.3/maven-common-artifact-filters-1.3.jar (31 kB at 575 kB/s)
[e4d78a1e-9cde-481f-86ba-3dfb015f0362/run_tests]   | [INFO] Downloaded from central: https://repo.maven.apache.org/maven2/org/codehaus/plexus/plexus-utils/3.0.8/plexus-utils-3.0.8.jar (232 kB at 4.1 MB/s)
[e4d78a1e-9cde-481f-86ba-3dfb015f0362/run_tests]   | [INFO] Downloaded from central: https://repo.maven.apache.org/maven2/org/apache/maven/reporting/maven-reporting-api/2.0.9/maven-reporting-api-2.0.9.jar (10 kB at 175 kB/s)
[e4d78a1e-9cde-481f-86ba-3dfb015f0362/run_tests]   | [INFO] Downloaded from central: https://repo.maven.apache.org/maven2/org/apache/maven/maven-toolchain/2.0.9/maven-toolchain-2.0.9.jar (38 kB at 633 kB/s)
[e4d78a1e-9cde-481f-86ba-3dfb015f0362/run_tests]   | [INFO] Downloaded from central: https://repo.maven.apache.org/maven2/org/apache/maven/plugin-tools/maven-plugin-annotations/3.1/maven-plugin-annotations-3.1.jar (14 kB at 226 kB/s)
[e4d78a1e-9cde-481f-86ba-3dfb015f0362/run_tests]   | [INFO] Surefire report directory: /tmp/8f50300a-0456-4519-85d3-ebf12f552732/target/surefire-reports
[e4d78a1e-9cde-481f-86ba-3dfb015f0362/run_tests]   | [INFO] Downloading from central: https://repo.maven.apache.org/maven2/org/apache/maven/surefire/surefire-junit4/2.12.4/surefire-junit4-2.12.4.pom
[e4d78a1e-9cde-481f-86ba-3dfb015f0362/run_tests]   | [INFO] Downloaded from central: https://repo.maven.apache.org/maven2/org/apache/maven/surefire/surefire-junit4/2.12.4/surefire-junit4-2.12.4.pom (2.4 kB at 49 kB/s)
[e4d78a1e-9cde-481f-86ba-3dfb015f0362/run_tests]   | [INFO] Downloading from central: https://repo.maven.apache.org/maven2/org/apache/maven/surefire/surefire-providers/2.12.4/surefire-providers-2.12.4.pom
[e4d78a1e-9cde-481f-86ba-3dfb015f0362/run_tests]   | [INFO] Downloaded from central: https://repo.maven.apache.org/maven2/org/apache/maven/surefire/surefire-providers/2.12.4/surefire-providers-2.12.4.pom (2.3 kB at 36 kB/s)
[e4d78a1e-9cde-481f-86ba-3dfb015f0362/run_tests]   | [INFO] Downloading from central: https://repo.maven.apache.org/maven2/org/apache/maven/surefire/surefire-junit4/2.12.4/surefire-junit4-2.12.4.jar
[e4d78a1e-9cde-481f-86ba-3dfb015f0362/run_tests]   | [INFO] Downloaded from central: https://repo.maven.apache.org/maven2/org/apache/maven/surefire/surefire-junit4/2.12.4/surefire-junit4-2.12.4.jar (37 kB at 1.4 MB/s)
[e4d78a1e-9cde-481f-86ba-3dfb015f0362/run_tests]   | 
[e4d78a1e-9cde-481f-86ba-3dfb015f0362/run_tests]   | -------------------------------------------------------
[e4d78a1e-9cde-481f-86ba-3dfb015f0362/run_tests]   |  T E S T S
[e4d78a1e-9cde-481f-86ba-3dfb015f0362/run_tests]   | -------------------------------------------------------
[e4d78a1e-9cde-481f-86ba-3dfb015f0362/run_tests]   | Running org.byteskript.skript.test.ConfigTest
[e4d78a1e-9cde-481f-86ba-3dfb015f0362/run_tests]   | Tests run: 2, Failures: 0, Errors: 0, Skipped: 0, Time elapsed: 0.051 sec
[e4d78a1e-9cde-481f-86ba-3dfb015f0362/run_tests]   | Running org.byteskript.skript.test.RecompileTest
[e4d78a1e-9cde-481f-86ba-3dfb015f0362/run_tests]   | Tests run: 1, Failures: 0, Errors: 0, Skipped: 0, Time elapsed: 0.275 sec
[e4d78a1e-9cde-481f-86ba-3dfb015f0362/run_tests]   | Running org.byteskript.skript.test.SyntaxTest
[e4d78a1e-9cde-481f-86ba-3dfb015f0362/run_tests]   | Running test 'addeffect':
[e4d78a1e-9cde-481f-86ba-3dfb015f0362/run_tests]   | 	‚úì Parsed in 33 milliseconds.
[e4d78a1e-9cde-481f-86ba-3dfb015f0362/run_tests]   | 	‚úì Run in 2 milliseconds.
[e4d78a1e-9cde-481f-86ba-3dfb015f0362/run_tests]   | Running test 'anyloadevent':
[e4d78a1e-9cde-481f-86ba-3dfb015f0362/run_tests]   | 	‚úì Parsed in 13 milliseconds.
[e4d78a1e-9cde-481f-86ba-3dfb015f0362/run_tests]   | 	‚úì Run in 0 milliseconds.
[e4d78a1e-9cde-481f-86ba-3dfb015f0362/run_tests]   | Running test 'asserteffect':
[e4d78a1e-9cde-481f-86ba-3dfb015f0362/run_tests]   | 	‚úì Parsed in 3 milliseconds.
[e4d78a1e-9cde-481f-86ba-3dfb015f0362/run_tests]   | 	‚úì Run in 0 milliseconds.
[e4d78a1e-9cde-481f-86ba-3dfb015f0362/run_tests]   | Running test 'atomicvariable':
[e4d78a1e-9cde-481f-86ba-3dfb015f0362/run_tests]   | 	‚úì Parsed in 33 milliseconds.
[e4d78a1e-9cde-481f-86ba-3dfb015f0362/run_tests]   | 	‚úì Run in 4 milliseconds.
[e4d78a1e-9cde-481f-86ba-3dfb015f0362/run_tests]   | Running test 'binaryotherwise':
[e4d78a1e-9cde-481f-86ba-3dfb015f0362/run_tests]   | 	‚úì Parsed in 17 milliseconds.
[e4d78a1e-9cde-481f-86ba-3dfb015f0362/run_tests]   | 	‚úì Run in 1 milliseconds.
[e4d78a1e-9cde-481f-86ba-3dfb015f0362/run_tests]   | Running test 'bracket':
[e4d78a1e-9cde-481f-86ba-3dfb015f0362/run_tests]   | 	‚úì Parsed in 4 milliseconds.
[e4d78a1e-9cde-481f-86ba-3dfb015f0362/run_tests]   | 	‚úì Run in 1 milliseconds.
[e4d78a1e-9cde-481f-86ba-3dfb015f0362/run_tests]   | Running test 'breakeffect':
[e4d78a1e-9cde-481f-86ba-3dfb015f0362/run_tests]   | 	‚úì Parsed in 3 milliseconds.
[e4d78a1e-9cde-481f-86ba-3dfb015f0362/run_tests]   | 	‚úì Run in 0 milliseconds.
[e4d78a1e-9cde-481f-86ba-3dfb015f0362/run_tests]   | Running test 'breakifeffect':
[e4d78a1e-9cde-481f-86ba-3dfb015f0362/run_tests]   | 	‚úì Parsed in 3 milliseconds.
[e4d78a1e-9cde-481f-86ba-3dfb015f0362/run_tests]   | 	‚úì Run in 0 milliseconds.
[e4d78a1e-9cde-481f-86ba-3dfb015f0362/run_tests]   | Running test 'breakloopeffect':
[e4d78a1e-9cde-481f-86ba-3dfb015f0362/run_tests]   | 	‚úì Parsed in 7 milliseconds.
[e4d78a1e-9cde-481f-86ba-3dfb015f0362/run_tests]   | 	‚úì Run in 1 milliseconds.
[e4d78a1e-9cde-481f-86ba-3dfb015f0362/run_tests]   | Running test 'clearlist':
[e4d78a1e-9cde-481f-86ba-3dfb015f0362/run_tests]   | 	‚úì Parsed in 5 milliseconds.
[e4d78a1e-9cde-481f-86ba-3dfb015f0362/run_tests]   | 	‚úì Run in 0 milliseconds.
[e4d78a1e-9cde-481f-86ba-3dfb015f0362/run_tests]   | Running test 'compiler':
[e4d78a1e-9cde-481f-86ba-3dfb015f0362/run_tests]   | 	‚úì Parsed in 0 milliseconds.
[e4d78a1e-9cde-481f-86ba-3dfb015f0362/run_tests]   | 	‚úì Run in 1 milliseconds.
[e4d78a1e-9cde-481f-86ba-3dfb015f0362/run_tests]   | Running test 'configcreator':
[e4d78a1e-9cde-481f-86ba-3dfb015f0362/run_tests]   | 	‚úì Parsed in 2 milliseconds.
[e4d78a1e-9cde-481f-86ba-3dfb015f0362/run_tests]   | 	‚úì Run in 1 milliseconds.
[e4d78a1e-9cde-481f-86ba-3dfb015f0362/run_tests]   | Running test 'configfile':
[e4d78a1e-9cde-481f-86ba-3dfb015f0362/run_tests]   | 	‚úì Parsed in 7 milliseconds.
[e4d78a1e-9cde-481f-86ba-3dfb015f0362/run_tests]   | 	‚úì Run in 1 milliseconds.
[e4d78a1e-9cde-481f-86ba-3dfb015f0362/run_tests]   | Running test 'contains':
[e4d78a1e-9cde-481f-86ba-3dfb015f0362/run_tests]   | 	‚úì Parsed in 5 milliseconds.
[e4d78a1e-9cde-481f-86ba-3dfb015f0362/run_tests]   | 	‚úì Run in 0 milliseconds.
[e4d78a1e-9cde-481f-86ba-3dfb015f0362/run_tests]   | Running test 'continueeffect':
[e4d78a1e-9cde-481f-86ba-3dfb015f0362/run_tests]   | 	‚úì Parsed in 2 milliseconds.
[e4d78a1e-9cde-481f-86ba-3dfb015f0362/run_tests]   | 	‚úì Run in 0 milliseconds.
[e4d78a1e-9cde-481f-86ba-3dfb015f0362/run_tests]   | Running test 'conversion':
[e4d78a1e-9cde-481f-86ba-3dfb015f0362/run_tests]   | 	‚úì Parsed in 3 milliseconds.
[e4d78a1e-9cde-481f-86ba-3dfb015f0362/run_tests]   | 	‚úì Run in 2 milliseconds.
[e4d78a1e-9cde-481f-86ba-3dfb015f0362/run_tests]   | Running test 'currentevent':
[e4d78a1e-9cde-481f-86ba-3dfb015f0362/run_tests]   | 	‚úì Parsed in 6 milliseconds.
[e4d78a1e-9cde-481f-86ba-3dfb015f0362/run_tests]   | 	‚úì Run in 0 milliseconds.
[e4d78a1e-9cde-481f-86ba-3dfb015f0362/run_tests]   | Running test 'currentscript':
[e4d78a1e-9cde-481f-86ba-3dfb015f0362/run_tests]   | 	‚úì Parsed in 2 milliseconds.
[e4d78a1e-9cde-481f-86ba-3dfb015f0362/run_tests]   | 	‚úì Run in 1 milliseconds.
[e4d78a1e-9cde-481f-86ba-3dfb015f0362/run_tests]   | Running test 'customsyntax':
[e4d78a1e-9cde-481f-86ba-3dfb015f0362/run_tests]   | 	‚úì Parsed in 4 milliseconds.
[e4d78a1e-9cde-481f-86ba-3dfb015f0362/run_tests]   | 	‚úì Run in 1 milliseconds.
[e4d78a1e-9cde-481f-86ba-3dfb015f0362/run_tests]   | Running test 'deleteeffect':
[e4d78a1e-9cde-481f-86ba-3dfb015f0362/run_tests]   | 	‚úì Parsed in 3 milliseconds.
[e4d78a1e-9cde-481f-86ba-3dfb015f0362/run_tests]   | 	‚úì Run in 0 milliseconds.
[e4d78a1e-9cde-481f-86ba-3dfb015f0362/run_tests]   | Running test 'dictionary':
[e4d78a1e-9cde-481f-86ba-3dfb015f0362/run_tests]   | 	‚úì Parsed in 5 milliseconds.
[e4d78a1e-9cde-481f-86ba-3dfb015f0362/run_tests]   | 	‚úì Run in 3 milliseconds.
[e4d78a1e-9cde-481f-86ba-3dfb015f0362/run_tests]   | Running test 'dynamicfunction':
[e4d78a1e-9cde-481f-86ba-3dfb015f0362/run_tests]   | 	‚úì Parsed in 7 milliseconds.
[e4d78a1e-9cde-481f-86ba-3dfb015f0362/run_tests]   | 	‚úì Run in 3 milliseconds.
[e4d78a1e-9cde-481f-86ba-3dfb015f0362/run_tests]   | Running test 'every':
[e4d78a1e-9cde-481f-86ba-3dfb015f0362/run_tests]   | 	‚úì Parsed in 4 milliseconds.
[e4d78a1e-9cde-481f-86ba-3dfb015f0362/run_tests]   | 	‚úì Run in 0 milliseconds.
[e4d78a1e-9cde-481f-86ba-3dfb015f0362/run_tests]   | Running test 'exists':
[e4d78a1e-9cde-481f-86ba-3dfb015f0362/run_tests]   | 	‚úì Parsed in 3 milliseconds.
[e4d78a1e-9cde-481f-86ba-3dfb015f0362/run_tests]   | 	‚úì Run in 0 milliseconds.
[e4d78a1e-9cde-481f-86ba-3dfb015f0362/run_tests]   | Running test 'extends':
[e4d78a1e-9cde-481f-86ba-3dfb015f0362/run_tests]   | 	‚úì Parsed in 6 milliseconds.
[e4d78a1e-9cde-481f-86ba-3dfb015f0362/run_tests]   | 	‚úì Run in 1 milliseconds.
[e4d78a1e-9cde-481f-86ba-3dfb015f0362/run_tests]   | Running test 'externalfunction':
[e4d78a1e-9cde-481f-86ba-3dfb015f0362/run_tests]   | 	‚úì Parsed in 3 milliseconds.
[e4d78a1e-9cde-481f-86ba-3dfb015f0362/run_tests]   | 	‚úì Run in 1 milliseconds.
[e4d78a1e-9cde-481f-86ba-3dfb015f0362/run_tests]   | Running test 'finalmember':
[e4d78a1e-9cde-481f-86ba-3dfb015f0362/run_tests]   | 	‚úì Parsed in 5 milliseconds.
[e4d78a1e-9cde-481f-86ba-3dfb015f0362/run_tests]   | 	‚úì Run in 3 milliseconds.
[e4d78a1e-9cde-481f-86ba-3dfb015f0362/run_tests]   | Running test 'functionexpression':
[e4d78a1e-9cde-481f-86ba-3dfb015f0362/run_tests]   | 	‚úì Parsed in 5 milliseconds.
[e4d78a1e-9cde-481f-86ba-3dfb015f0362/run_tests]   | 	‚úì Run in 2 milliseconds.
[e4d78a1e-9cde-481f-86ba-3dfb015f0362/run_tests]   | Running test 'functionmember':
[e4d78a1e-9cde-481f-86ba-3dfb015f0362/run_tests]   | 	‚úì Parsed in 3 milliseconds.
[e4d78a1e-9cde-481f-86ba-3dfb015f0362/run_tests]   | 	‚úì Run in 2 milliseconds.
[e4d78a1e-9cde-481f-86ba-3dfb015f0362/run_tests]   | Running test 'globalvariable':
[e4d78a1e-9cde-481f-86ba-3dfb015f0362/run_tests]   | 	‚úì Parsed in 6 milliseconds.
[e4d78a1e-9cde-481f-86ba-3dfb015f0362/run_tests]   | 	‚úì Run in 4 milliseconds.
[e4d78a1e-9cde-481f-86ba-3dfb015f0362/run_tests]   | Running test 'greaterthan':
[e4d78a1e-9cde-481f-86ba-3dfb015f0362/run_tests]   | 	‚úì Parsed in 2 milliseconds.
[e4d78a1e-9cde-481f-86ba-3dfb015f0362/run_tests]   | 	‚úì Run in 0 milliseconds.
[e4d78a1e-9cde-481f-86ba-3dfb015f0362/run_tests]   | Running test 'greaterthanequalto':
[e4d78a1e-9cde-481f-86ba-3dfb015f0362/run_tests]   | 	‚úì Parsed in 3 milliseconds.
[e4d78a1e-9cde-481f-86ba-3dfb015f0362/run_tests]   | 	‚úì Run in 1 milliseconds.
[e4d78a1e-9cde-481f-86ba-3dfb015f0362/run_tests]   | Running test 'if':
[e4d78a1e-9cde-481f-86ba-3dfb015f0362/run_tests]   | 	‚úì Parsed in 5 milliseconds.
[e4d78a1e-9cde-481f-86ba-3dfb015f0362/run_tests]   | 	‚úì Run in 0 milliseconds.
[e4d78a1e-9cde-481f-86ba-3dfb015f0362/run_tests]   | Running test 'implicitarray':
[e4d78a1e-9cde-481f-86ba-3dfb015f0362/run_tests]   | 	‚úì Parsed in 4 milliseconds.
[e4d78a1e-9cde-481f-86ba-3dfb015f0362/run_tests]   | 	‚úì Run in 1 milliseconds.
[e4d78a1e-9cde-481f-86ba-3dfb015f0362/run_tests]   | Running test 'importfunction':
[e4d78a1e-9cde-481f-86ba-3dfb015f0362/run_tests]   | 	‚úì Parsed in 3 milliseconds.
[e4d78a1e-9cde-481f-86ba-3dfb015f0362/run_tests]   | 	‚úì Run in 1 milliseconds.
[e4d78a1e-9cde-481f-86ba-3dfb015f0362/run_tests]   | Running test 'importtype':
[e4d78a1e-9cde-481f-86ba-3dfb015f0362/run_tests]   | 	‚úì Parsed in 2 milliseconds.
[e4d78a1e-9cde-481f-86ba-3dfb015f0362/run_tests]   | 	‚úì Run in 2 milliseconds.
[e4d78a1e-9cde-481f-86ba-3dfb015f0362/run_tests]   | Running test 'indexinlist':
[e4d78a1e-9cde-481f-86ba-3dfb015f0362/run_tests]   | 	‚úì Parsed in 2 milliseconds.
[e4d78a1e-9cde-481f-86ba-3dfb015f0362/run_tests]   | 	‚úì Run in 0 milliseconds.
[e4d78a1e-9cde-481f-86ba-3dfb015f0362/run_tests]   | Running test 'io':
[e4d78a1e-9cde-481f-86ba-3dfb015f0362/run_tests]   | 	‚úì Parsed in 7 milliseconds.
[e4d78a1e-9cde-481f-86ba-3dfb015f0362/run_tests]   | 	‚úì Run in 1 milliseconds.
[e4d78a1e-9cde-481f-86ba-3dfb015f0362/run_tests]   | Running test 'isarray':
[e4d78a1e-9cde-481f-86ba-3dfb015f0362/run_tests]   | 	‚úì Parsed in 3 milliseconds.
[e4d78a1e-9cde-481f-86ba-3dfb015f0362/run_tests]   | 	‚úì Run in 1 milliseconds.
[e4d78a1e-9cde-481f-86ba-3dfb015f0362/run_tests]   | Running test 'isequal':
[e4d78a1e-9cde-481f-86ba-3dfb015f0362/run_tests]   | 	‚úì Parsed in 4 milliseconds.
[e4d78a1e-9cde-481f-86ba-3dfb015f0362/run_tests]   | 	‚úì Run in 1 milliseconds.
[e4d78a1e-9cde-481f-86ba-3dfb015f0362/run_tests]   | Running test 'isoftype':
[e4d78a1e-9cde-481f-86ba-3dfb015f0362/run_tests]   | 	‚úì Parsed in 4 milliseconds.
[e4d78a1e-9cde-481f-86ba-3dfb015f0362/run_tests]   | 	‚úì Run in 0 milliseconds.
[e4d78a1e-9cde-481f-86ba-3dfb015f0362/run_tests]   | Running test 'javaversion':
[e4d78a1e-9cde-481f-86ba-3dfb015f0362/run_tests]   | 	‚úì Parsed in 1 milliseconds.
[e4d78a1e-9cde-481f-86ba-3dfb015f0362/run_tests]   | 	‚úì Run in 1 milliseconds.
[e4d78a1e-9cde-481f-86ba-3dfb015f0362/run_tests]   | Running test 'keyinconfig':
[e4d78a1e-9cde-481f-86ba-3dfb015f0362/run_tests]   | 	‚úì Parsed in 2 milliseconds.
[e4d78a1e-9cde-481f-86ba-3dfb015f0362/run_tests]   | 	‚úì Run in 1 milliseconds.
[e4d78a1e-9cde-481f-86ba-3dfb015f0362/run_tests]   | Running test 'keyinmap':
[e4d78a1e-9cde-481f-86ba-3dfb015f0362/run_tests]   | 	‚úì Parsed in 3 milliseconds.
[e4d78a1e-9cde-481f-86ba-3dfb015f0362/run_tests]   | 	‚úì Run in 0 milliseconds.
[e4d78a1e-9cde-481f-86ba-3dfb015f0362/run_tests]   | Running test 'lemma':
[e4d78a1e-9cde-481f-86ba-3dfb015f0362/run_tests]   | 	‚úì Parsed in 1 milliseconds.
[e4d78a1e-9cde-481f-86ba-3dfb015f0362/run_tests]   | 	‚úì Run in 1 milliseconds.
[e4d78a1e-9cde-481f-86ba-3dfb015f0362/run_tests]   | Running test 'lessthan':
[e4d78a1e-9cde-481f-86ba-3dfb015f0362/run_tests]   | 	‚úì Parsed in 2 milliseconds.
[e4d78a1e-9cde-481f-86ba-3dfb015f0362/run_tests]   | 	‚úì Run in 0 milliseconds.
[e4d78a1e-9cde-481f-86ba-3dfb015f0362/run_tests]   | Running test 'lessthanequalto':
[e4d78a1e-9cde-481f-86ba-3dfb015f0362/run_tests]   | 	‚úì Parsed in 3 milliseconds.
[e4d78a1e-9cde-481f-86ba-3dfb015f0362/run_tests]   | 	‚úì Run in 1 milliseconds.
[e4d78a1e-9cde-481f-86ba-3dfb015f0362/run_tests]   | Running test 'literals':
[e4d78a1e-9cde-481f-86ba-3dfb015f0362/run_tests]   | 	‚úì Parsed in 5 milliseconds.
[e4d78a1e-9cde-481f-86ba-3dfb015f0362/run_tests]   | 	‚úì Run in 1 milliseconds.
[e4d78a1e-9cde-481f-86ba-3dfb015f0362/run_tests]   | Running test 'loadedscripts':
[e4d78a1e-9cde-481f-86ba-3dfb015f0362/run_tests]   | 	‚úì Parsed in 2 milliseconds.
[e4d78a1e-9cde-481f-86ba-3dfb015f0362/run_tests]   | 	‚úì Run in 0 milliseconds.
[e4d78a1e-9cde-481f-86ba-3dfb015f0362/run_tests]   | Running test 'loadevent':
[e4d78a1e-9cde-481f-86ba-3dfb015f0362/run_tests]   | 	‚úì Parsed in 2 milliseconds.
[e4d78a1e-9cde-481f-86ba-3dfb015f0362/run_tests]   | 	‚úì Run in 1 milliseconds.
[e4d78a1e-9cde-481f-86ba-3dfb015f0362/run_tests]   | Running test 'loadscript':
[e4d78a1e-9cde-481f-86ba-3dfb015f0362/run_tests]   | 	‚úì Parsed in 3 milliseconds.
[e4d78a1e-9cde-481f-86ba-3dfb015f0362/run_tests]   | 	‚úì Run in 2 milliseconds.
[e4d78a1e-9cde-481f-86ba-3dfb015f0362/run_tests]   | Running test 'localmember':
[e4d78a1e-9cde-481f-86ba-3dfb015f0362/run_tests]   | 	‚úì Parsed in 1 milliseconds.
[e4d78a1e-9cde-481f-86ba-3dfb015f0362/run_tests]   | 	‚úì Run in 1 milliseconds.
[e4d78a1e-9cde-481f-86ba-3dfb015f0362/run_tests]   | Running test 'localvariable':
[e4d78a1e-9cde-481f-86ba-3dfb015f0362/run_tests]   | 	‚úì Parsed in 2 milliseconds.
[e4d78a1e-9cde-481f-86ba-3dfb015f0362/run_tests]   | 	‚úì Run in 1 milliseconds.
[e4d78a1e-9cde-481f-86ba-3dfb015f0362/run_tests]   | Running test 'loopin':
[e4d78a1e-9cde-481f-86ba-3dfb015f0362/run_tests]   | 	‚úì Parsed in 4 milliseconds.
[e4d78a1e-9cde-481f-86ba-3dfb015f0362/run_tests]   | 	‚úì Run in 2 milliseconds.
[e4d78a1e-9cde-481f-86ba-3dfb015f0362/run_tests]   | Running test 'looptimes':
[e4d78a1e-9cde-481f-86ba-3dfb015f0362/run_tests]   | 	‚úì Parsed in 2 milliseconds.
[e4d78a1e-9cde-481f-86ba-3dfb015f0362/run_tests]   | 	‚úì Run in 3 milliseconds.
[e4d78a1e-9cde-481f-86ba-3dfb015f0362/run_tests]   | Running test 'matches':
[e4d78a1e-9cde-481f-86ba-3dfb015f0362/run_tests]   | 	‚úì Parsed in 3 milliseconds.
[e4d78a1e-9cde-481f-86ba-3dfb015f0362/run_tests]   | 	‚úì Run in 1 milliseconds.
[e4d78a1e-9cde-481f-86ba-3dfb015f0362/run_tests]   | Running test 'maths':
[e4d78a1e-9cde-481f-86ba-3dfb015f0362/run_tests]   | 	‚úì Parsed in 6 milliseconds.
[e4d78a1e-9cde-481f-86ba-3dfb015f0362/run_tests]   | 	‚úì Run in 2 milliseconds.
[e4d78a1e-9cde-481f-86ba-3dfb015f0362/run_tests]   | Running test 'monitor':
[e4d78a1e-9cde-481f-86ba-3dfb015f0362/run_tests]   | 	‚úì Parsed in 12 milliseconds.
[e4d78a1e-9cde-481f-86ba-3dfb015f0362/run_tests]   | 	‚úì Run in 2 milliseconds.
[e4d78a1e-9cde-481f-86ba-3dfb015f0362/run_tests]   | Running test 'namespaceskript':
[e4d78a1e-9cde-481f-86ba-3dfb015f0362/run_tests]   | 	‚úì Parsed in 20 milliseconds.
[e4d78a1e-9cde-481f-86ba-3dfb015f0362/run_tests]   | 	‚úì Run in 14 milliseconds.
[e4d78a1e-9cde-481f-86ba-3dfb015f0362/run_tests]   | Running test 'newline':
[e4d78a1e-9cde-481f-86ba-3dfb015f0362/run_tests]   | 	‚úì Parsed in 1 milliseconds.
[e4d78a1e-9cde-481f-86ba-3dfb015f0362/run_tests]   | 	‚úì Run in 1 milliseconds.
[e4d78a1e-9cde-481f-86ba-3dfb015f0362/run_tests]   | Running test 'notequal':
[e4d78a1e-9cde-481f-86ba-3dfb015f0362/run_tests]   | 	‚úì Parsed in 4 milliseconds.
[e4d78a1e-9cde-481f-86ba-3dfb015f0362/run_tests]   | 	‚úì Run in 3 milliseconds.
[e4d78a1e-9cde-481f-86ba-3dfb015f0362/run_tests]   | Running test 'parameters':
[e4d78a1e-9cde-481f-86ba-3dfb015f0362/run_tests]   | 	‚úì Parsed in 3 milliseconds.
[e4d78a1e-9cde-481f-86ba-3dfb015f0362/run_tests]   | 	‚úì Run in 3 milliseconds.
[e4d78a1e-9cde-481f-86ba-3dfb015f0362/run_tests]   | Running test 'print':
[e4d78a1e-9cde-481f-86ba-3dfb015f0362/run_tests]   | 	‚úì Parsed in 1 milliseconds.
[e4d78a1e-9cde-481f-86ba-3dfb015f0362/run_tests]   | 	‚úì Run in 1 milliseconds.
[e4d78a1e-9cde-481f-86ba-3dfb015f0362/run_tests]   | Running test 'properties':
[e4d78a1e-9cde-481f-86ba-3dfb015f0362/run_tests]   | 	‚úì Parsed in 11 milliseconds.
[e4d78a1e-9cde-481f-86ba-3dfb015f0362/run_tests]   | 	‚úì Run in 23 milliseconds.
[e4d78a1e-9cde-481f-86ba-3dfb015f0362/run_tests]   | Running test 'propertyfunction':
[e4d78a1e-9cde-481f-86ba-3dfb015f0362/run_tests]   | 	‚úì Parsed in 4 milliseconds.
[e4d78a1e-9cde-481f-86ba-3dfb015f0362/run_tests]   | 	‚úì Run in 2 milliseconds.
[e4d78a1e-9cde-481f-86ba-3dfb015f0362/run_tests]   | Running test 'propertymember':
[e4d78a1e-9cde-481f-86ba-3dfb015f0362/run_tests]   | 	‚úì Parsed in 3 milliseconds.
[e4d78a1e-9cde-481f-86ba-3dfb015f0362/run_tests]   | 	‚úì Run in 5 milliseconds.
[e4d78a1e-9cde-481f-86ba-3dfb015f0362/run_tests]   | Running test 'removeeffect':
[e4d78a1e-9cde-481f-86ba-3dfb015f0362/run_tests]   | 	‚úì Parsed in 3 milliseconds.
[e4d78a1e-9cde-481f-86ba-3dfb015f0362/run_tests]   | 	‚úì Run in 0 milliseconds.
[e4d78a1e-9cde-481f-86ba-3dfb015f0362/run_tests]   | Running test 'resultof':
[e4d78a1e-9cde-481f-86ba-3dfb015f0362/run_tests]   | 	‚úì Parsed in 2 milliseconds.
[e4d78a1e-9cde-481f-86ba-3dfb015f0362/run_tests]   | 	‚úì Run in 2 milliseconds.
[e4d78a1e-9cde-481f-86ba-3dfb015f0362/run_tests]   | Running test 'returneffect':
[e4d78a1e-9cde-481f-86ba-3dfb015f0362/run_tests]   | 	‚úì Parsed in 1 milliseconds.
[e4d78a1e-9cde-481f-86ba-3dfb015f0362/run_tests]   | 	‚úì Run in 0 milliseconds.
[e4d78a1e-9cde-481f-86ba-3dfb015f0362/run_tests]   | Running test 'returntype':
[e4d78a1e-9cde-481f-86ba-3dfb015f0362/run_tests]   | 	‚úì Parsed in 2 milliseconds.
[e4d78a1e-9cde-481f-86ba-3dfb015f0362/run_tests]   | 	‚úì Run in 1 milliseconds.
[e4d78a1e-9cde-481f-86ba-3dfb015f0362/run_tests]   | Running test 'run':
[e4d78a1e-9cde-481f-86ba-3dfb015f0362/run_tests]   | 	‚úì Parsed in 2 milliseconds.
[e4d78a1e-9cde-481f-86ba-3dfb015f0362/run_tests]   | 	‚úì Run in 2 milliseconds.
[e4d78a1e-9cde-481f-86ba-3dfb015f0362/run_tests]   | Running test 'runasync':
[e4d78a1e-9cde-481f-86ba-3dfb015f0362/run_tests]   | 	‚úì Parsed in 7 milliseconds.
[e4d78a1e-9cde-481f-86ba-3dfb015f0362/run_tests]   | 	‚úì Run in 5 milliseconds.
[e4d78a1e-9cde-481f-86ba-3dfb015f0362/run_tests]   | Running test 'runnable':
[e4d78a1e-9cde-481f-86ba-3dfb015f0362/run_tests]   | 	‚úì Parsed in 6 milliseconds.
[e4d78a1e-9cde-481f-86ba-3dfb015f0362/run_tests]   | 	‚úì Run in 4 milliseconds.
[e4d78a1e-9cde-481f-86ba-3dfb015f0362/run_tests]   | Running test 'runwith':
[e4d78a1e-9cde-481f-86ba-3dfb015f0362/run_tests]   | 	‚úì Parsed in 3 milliseconds.
[e4d78a1e-9cde-481f-86ba-3dfb015f0362/run_tests]   | 	‚úì Run in 2 milliseconds.
[e4d78a1e-9cde-481f-86ba-3dfb015f0362/run_tests]   | Running test 'runwithasync':
[e4d78a1e-9cde-481f-86ba-3dfb015f0362/run_tests]   | 	‚úì Parsed in 3 milliseconds.
[e4d78a1e-9cde-481f-86ba-3dfb015f0362/run_tests]   | 	‚úì Run in 3 milliseconds.
[e4d78a1e-9cde-481f-86ba-3dfb015f0362/run_tests]   | Running test 'saveconfig':
[e4d78a1e-9cde-481f-86ba-3dfb015f0362/run_tests]   | 	‚úì Parsed in 2 milliseconds.
[e4d78a1e-9cde-481f-86ba-3dfb015f0362/run_tests]   | 	‚úì Run in 1 milliseconds.
[e4d78a1e-9cde-481f-86ba-3dfb015f0362/run_tests]   | Running test 'seteffect':
[e4d78a1e-9cde-481f-86ba-3dfb015f0362/run_tests]   | 	‚úì Parsed in 1 milliseconds.
[e4d78a1e-9cde-481f-86ba-3dfb015f0362/run_tests]   | 	‚úì Run in 1 milliseconds.
[e4d78a1e-9cde-481f-86ba-3dfb015f0362/run_tests]   | Running test 'sizeoflist':
[e4d78a1e-9cde-481f-86ba-3dfb015f0362/run_tests]   | 	‚úì Parsed in 2 milliseconds.
[e4d78a1e-9cde-481f-86ba-3dfb015f0362/run_tests]   | 	‚úì Run in 0 milliseconds.
[e4d78a1e-9cde-481f-86ba-3dfb015f0362/run_tests]   | Running test 'sleep':
[e4d78a1e-9cde-481f-86ba-3dfb015f0362/run_tests]   | 	‚úì Parsed in 3 milliseconds.
[e4d78a1e-9cde-481f-86ba-3dfb015f0362/run_tests]   | 	‚úì Run in 5 milliseconds.
[e4d78a1e-9cde-481f-86ba-3dfb015f0362/run_tests]   | Running test 'supplier':
[e4d78a1e-9cde-481f-86ba-3dfb015f0362/run_tests]   | 	‚úì Parsed in 2 milliseconds.
[e4d78a1e-9cde-481f-86ba-3dfb015f0362/run_tests]   | 	‚úì Run in 5 milliseconds.
[e4d78a1e-9cde-481f-86ba-3dfb015f0362/run_tests]   | Running test 'systemproperty':
[e4d78a1e-9cde-481f-86ba-3dfb015f0362/run_tests]   | 	‚úì Parsed in 2 milliseconds.
[e4d78a1e-9cde-481f-86ba-3dfb015f0362/run_tests]   | 	‚úì Run in 1 milliseconds.
[e4d78a1e-9cde-481f-86ba-3dfb015f0362/run_tests]   | Running test 'template':
[e4d78a1e-9cde-481f-86ba-3dfb015f0362/run_tests]   | 	‚úì Parsed in 4 milliseconds.
[e4d78a1e-9cde-481f-86ba-3dfb015f0362/run_tests]   | 	‚úì Run in 1 milliseconds.
[e4d78a1e-9cde-481f-86ba-3dfb015f0362/run_tests]   | Running test 'templatetype':
[e4d78a1e-9cde-481f-86ba-3dfb015f0362/run_tests]   | 	‚úì Parsed in 4 milliseconds.
[e4d78a1e-9cde-481f-86ba-3dfb015f0362/run_tests]   | 	‚úì Run in 5 milliseconds.
[e4d78a1e-9cde-481f-86ba-3dfb015f0362/run_tests]   | Running test 'ternaryotherwise':
[e4d78a1e-9cde-481f-86ba-3dfb015f0362/run_tests]   | 	‚úì Parsed in 5 milliseconds.
[e4d78a1e-9cde-481f-86ba-3dfb015f0362/run_tests]   | 	‚úì Run in 4 milliseconds.
[e4d78a1e-9cde-481f-86ba-3dfb015f0362/run_tests]   | Running test 'testeffect':
[e4d78a1e-9cde-481f-86ba-3dfb015f0362/run_tests]   | 	‚úì Parsed in 3 milliseconds.
[e4d78a1e-9cde-481f-86ba-3dfb015f0362/run_tests]   | 	‚úì Run in 0 milliseconds.
[e4d78a1e-9cde-481f-86ba-3dfb015f0362/run_tests]   | Running test 'threadexpression':
[e4d78a1e-9cde-481f-86ba-3dfb015f0362/run_tests]   | 	‚úì Parsed in 3 milliseconds.
[e4d78a1e-9cde-481f-86ba-3dfb015f0362/run_tests]   | 	‚úì Run in 3 milliseconds.
[e4d78a1e-9cde-481f-86ba-3dfb015f0362/run_tests]   | Running test 'threadvariable':
[e4d78a1e-9cde-481f-86ba-3dfb015f0362/run_tests]   | 	‚úì Parsed in 4 milliseconds.
[e4d78a1e-9cde-481f-86ba-3dfb015f0362/run_tests]   | 	‚úì Run in 2 milliseconds.
[e4d78a1e-9cde-481f-86ba-3dfb015f0362/run_tests]   | Running test 'timespans':
[e4d78a1e-9cde-481f-86ba-3dfb015f0362/run_tests]   | 	‚úì Parsed in 7 milliseconds.
[e4d78a1e-9cde-481f-86ba-3dfb015f0362/run_tests]   | 	‚úì Run in 1 milliseconds.
[e4d78a1e-9cde-481f-86ba-3dfb015f0362/run_tests]   | Running test 'trigger':
[e4d78a1e-9cde-481f-86ba-3dfb015f0362/run_tests]   | 	‚úì Parsed in 3 milliseconds.
[e4d78a1e-9cde-481f-86ba-3dfb015f0362/run_tests]   | 	‚úì Run in 4 milliseconds.
[e4d78a1e-9cde-481f-86ba-3dfb015f0362/run_tests]   | Running test 'trycatch':
[e4d78a1e-9cde-481f-86ba-3dfb015f0362/run_tests]   | 	‚úì Parsed in 4 milliseconds.
[e4d78a1e-9cde-481f-86ba-3dfb015f0362/run_tests]   | 	‚úì Run in 2 milliseconds.
[e4d78a1e-9cde-481f-86ba-3dfb015f0362/run_tests]   | Running test 'tryeffect':
[e4d78a1e-9cde-481f-86ba-3dfb015f0362/run_tests]   | 	‚úì Parsed in 1 milliseconds.
[e4d78a1e-9cde-481f-86ba-3dfb015f0362/run_tests]   | 	‚úì Run in 4 milliseconds.
[e4d78a1e-9cde-481f-86ba-3dfb015f0362/run_tests]   | Running test 'typecreator':
[e4d78a1e-9cde-481f-86ba-3dfb015f0362/run_tests]   | 	‚úì Parsed in 5 milliseconds.
[e4d78a1e-9cde-481f-86ba-3dfb015f0362/run_tests]   | 	‚úì Run in 2 milliseconds.
[e4d78a1e-9cde-481f-86ba-3dfb015f0362/run_tests]   | Running test 'typemember':
[e4d78a1e-9cde-481f-86ba-3dfb015f0362/run_tests]   | 	‚úì Parsed in 25 milliseconds.
[e4d78a1e-9cde-481f-86ba-3dfb015f0362/run_tests]   | 	‚úì Run in 12 milliseconds.
[e4d78a1e-9cde-481f-86ba-3dfb015f0362/run_tests]   | Running test 'unloadscript':
[e4d78a1e-9cde-481f-86ba-3dfb015f0362/run_tests]   | 	‚úì Parsed in 4 milliseconds.
[e4d78a1e-9cde-481f-86ba-3dfb015f0362/run_tests]   | 	‚úì Run in 5 milliseconds.
[e4d78a1e-9cde-481f-86ba-3dfb015f0362/run_tests]   | Running test 'verify':
[e4d78a1e-9cde-481f-86ba-3dfb015f0362/run_tests]   | 	‚úì Parsed in 3 milliseconds.
[e4d78a1e-9cde-481f-86ba-3dfb015f0362/run_tests]   | 	‚úì Run in 3 milliseconds.
[e4d78a1e-9cde-481f-86ba-3dfb015f0362/run_tests]   | Running test 'waitfor':
[e4d78a1e-9cde-481f-86ba-3dfb015f0362/run_tests]   | 	‚úì Parsed in 5 milliseconds.
[e4d78a1e-9cde-481f-86ba-3dfb015f0362/run_tests]   | 	‚úì Run in 5 milliseconds.
[e4d78a1e-9cde-481f-86ba-3dfb015f0362/run_tests]   | Running test 'wake':
[e4d78a1e-9cde-481f-86ba-3dfb015f0362/run_tests]   | 	‚úì Parsed in 4 milliseconds.
[e4d78a1e-9cde-481f-86ba-3dfb015f0362/run_tests]   | 	‚úì Run in 3 milliseconds.
[e4d78a1e-9cde-481f-86ba-3dfb015f0362/run_tests]   | Running test 'while':
[e4d78a1e-9cde-481f-86ba-3dfb015f0362/run_tests]   | 	‚úì Parsed in 6 milliseconds.
[e4d78a1e-9cde-481f-86ba-3dfb015f0362/run_tests]   | 	‚úì Run in 6 milliseconds.
[e4d78a1e-9cde-481f-86ba-3dfb015f0362/run_tests]   | Tests run: 1, Failures: 0, Errors: 0, Skipped: 0, Time elapsed: 0.998 sec
[e4d78a1e-9cde-481f-86ba-3dfb015f0362/run_tests]   | Running org.byteskript.skript.test.AsyncCompileTest
[e4d78a1e-9cde-481f-86ba-3dfb015f0362/run_tests]   | Tests run: 2, Failures: 0, Errors: 0, Skipped: 0, Time elapsed: 0.067 sec
[e4d78a1e-9cde-481f-86ba-3dfb015f0362/run_tests]   | Running org.byteskript.skript.test.SyntaxTreeTest
[e4d78a1e-9cde-481f-86ba-3dfb015f0362/run_tests]   | Tests run: 1, Failures: 0, Errors: 0, Skipped: 0, Time elapsed: 0.005 sec
[e4d78a1e-9cde-481f-86ba-3dfb015f0362/run_tests]   | Running org.byteskript.skript.test.ThreadingTest
[e4d78a1e-9cde-481f-86ba-3dfb015f0362/run_tests]   | Tests run: 1, Failures: 0, Errors: 0, Skipped: 0, Time elapsed: 0.016 sec
[e4d78a1e-9cde-481f-86ba-3dfb015f0362/run_tests]   | 
[e4d78a1e-9cde-481f-86ba-3dfb015f0362/run_tests]   | Results :
[e4d78a1e-9cde-481f-86ba-3dfb015f0362/run_tests]   | 
[e4d78a1e-9cde-481f-86ba-3dfb015f0362/run_tests]   | Tests run: 8, Failures: 0, Errors: 0, Skipped: 0
[e4d78a1e-9cde-481f-86ba-3dfb015f0362/run_tests]   | 
[e4d78a1e-9cde-481f-86ba-3dfb015f0362/run_tests]   | [INFO] ------------------------------------------------------------------------
[e4d78a1e-9cde-481f-86ba-3dfb015f0362/run_tests]   | [INFO] BUILD SUCCESS
[e4d78a1e-9cde-481f-86ba-3dfb015f0362/run_tests]   | [INFO] ------------------------------------------------------------------------
[e4d78a1e-9cde-481f-86ba-3dfb015f0362/run_tests]   | [INFO] Total time:  19.970 s
[e4d78a1e-9cde-481f-86ba-3dfb015f0362/run_tests]   | [INFO] Finished at: 2023-11-23T10:11:02Z
[e4d78a1e-9cde-481f-86ba-3dfb015f0362/run_tests]   | [INFO] ------------------------------------------------------------------------
[e4d78a1e-9cde-481f-86ba-3dfb015f0362/run_tests]   ‚úÖ  Success - Main Run tests with Maven
[e4d78a1e-9cde-481f-86ba-3dfb015f0362/run_tests] unable to get git ref: failed to identify reference (tag/branch) for the checked-out revision '1dce2997df7f55536293234a04b666de3d6b2a85'
[e4d78a1e-9cde-481f-86ba-3dfb015f0362/run_tests] unable to get git ref: failed to identify reference (tag/branch) for the checked-out revision '1dce2997df7f55536293234a04b666de3d6b2a85'
[e4d78a1e-9cde-481f-86ba-3dfb015f0362/run_tests] unable to get git ref: failed to identify reference (tag/branch) for the checked-out revision '1dce2997df7f55536293234a04b666de3d6b2a85'
[e4d78a1e-9cde-481f-86ba-3dfb015f0362/run_tests] unable to get git ref: failed to identify reference (tag/branch) for the checked-out revision '1dce2997df7f55536293234a04b666de3d6b2a85'
[e4d78a1e-9cde-481f-86ba-3dfb015f0362/run_tests] unable to get git ref: failed to identify reference (tag/branch) for the checked-out revision '1dce2997df7f55536293234a04b666de3d6b2a85'
[e4d78a1e-9cde-481f-86ba-3dfb015f0362/run_tests] ‚≠ê Run Post Set up JDK 17
[e4d78a1e-9cde-481f-86ba-3dfb015f0362/run_tests]   üê≥  docker exec cmd=[node /var/run/act/actions/actions-setup-java@v1/dist/cleanup/index.js] user= workdir=
[e4d78a1e-9cde-481f-86ba-3dfb015f0362/run_tests]   ‚úÖ  Success - Post Set up JDK 17
[e4d78a1e-9cde-481f-86ba-3dfb015f0362/run_tests] üèÅ  Job succeeded
[e4d78a1e-9cde-481f-86ba-3dfb015f0362/run_tests] unable to get git ref: failed to identify reference (tag/branch) for the checked-out revision '1dce2997df7f55536293234a04b666de3d6b2a85'
