[1585a644-9088-47fb-9a74-1a0d28f723f6/run_tests] 🚀  Start image=gitbugactions:latest
[1585a644-9088-47fb-9a74-1a0d28f723f6/run_tests]   🐳  docker pull image=gitbugactions:latest platform= username= forcePull=false
[1585a644-9088-47fb-9a74-1a0d28f723f6/run_tests]   🐳  docker create image=gitbugactions:latest platform= entrypoint=["tail" "-f" "/dev/null"] cmd=[]
[1585a644-9088-47fb-9a74-1a0d28f723f6/run_tests]   🐳  docker run image=gitbugactions:latest platform= entrypoint=["tail" "-f" "/dev/null"] cmd=[]
[1585a644-9088-47fb-9a74-1a0d28f723f6/run_tests]   🐳  docker exec cmd=[chown -R 1012:1013 /tmp/8f50300a-0456-4519-85d3-ebf12f552732] user=0 workdir=
[1585a644-9088-47fb-9a74-1a0d28f723f6/run_tests] unable to get git ref: failed to identify reference (tag/branch) for the checked-out revision '65ea545567a680bc0062572f48500d9e061e1b35'
[1585a644-9088-47fb-9a74-1a0d28f723f6/run_tests] unable to get git ref: failed to identify reference (tag/branch) for the checked-out revision '65ea545567a680bc0062572f48500d9e061e1b35'
[1585a644-9088-47fb-9a74-1a0d28f723f6/run_tests] unable to get git ref: failed to identify reference (tag/branch) for the checked-out revision '65ea545567a680bc0062572f48500d9e061e1b35'
[1585a644-9088-47fb-9a74-1a0d28f723f6/run_tests] unable to get git ref: failed to identify reference (tag/branch) for the checked-out revision '65ea545567a680bc0062572f48500d9e061e1b35'
[1585a644-9088-47fb-9a74-1a0d28f723f6/run_tests] unable to get git ref: failed to identify reference (tag/branch) for the checked-out revision '65ea545567a680bc0062572f48500d9e061e1b35'
[1585a644-9088-47fb-9a74-1a0d28f723f6/run_tests] unable to get git ref: failed to identify reference (tag/branch) for the checked-out revision '65ea545567a680bc0062572f48500d9e061e1b35'
[1585a644-9088-47fb-9a74-1a0d28f723f6/run_tests] unable to get git ref: failed to identify reference (tag/branch) for the checked-out revision '65ea545567a680bc0062572f48500d9e061e1b35'
[1585a644-9088-47fb-9a74-1a0d28f723f6/run_tests] unable to get git ref: failed to identify reference (tag/branch) for the checked-out revision '65ea545567a680bc0062572f48500d9e061e1b35'
[1585a644-9088-47fb-9a74-1a0d28f723f6/run_tests] unable to get git ref: failed to identify reference (tag/branch) for the checked-out revision '65ea545567a680bc0062572f48500d9e061e1b35'
[1585a644-9088-47fb-9a74-1a0d28f723f6/run_tests] ⭐ Run Main Checkout the repository
[1585a644-9088-47fb-9a74-1a0d28f723f6/run_tests] unable to get git ref: failed to identify reference (tag/branch) for the checked-out revision '65ea545567a680bc0062572f48500d9e061e1b35'
[1585a644-9088-47fb-9a74-1a0d28f723f6/run_tests] unable to get git ref: failed to identify reference (tag/branch) for the checked-out revision '65ea545567a680bc0062572f48500d9e061e1b35'
[1585a644-9088-47fb-9a74-1a0d28f723f6/run_tests]   🐳  docker cp src=/tmp/8f50300a-0456-4519-85d3-ebf12f552732/. dst=/tmp/8f50300a-0456-4519-85d3-ebf12f552732
[1585a644-9088-47fb-9a74-1a0d28f723f6/run_tests]   🐳  docker exec cmd=[chown -R 1012:1013 /tmp/8f50300a-0456-4519-85d3-ebf12f552732] user=0 workdir=
[1585a644-9088-47fb-9a74-1a0d28f723f6/run_tests]   ✅  Success - Main Checkout the repository
[1585a644-9088-47fb-9a74-1a0d28f723f6/run_tests] unable to get git ref: failed to identify reference (tag/branch) for the checked-out revision '65ea545567a680bc0062572f48500d9e061e1b35'
[1585a644-9088-47fb-9a74-1a0d28f723f6/run_tests] unable to get git ref: failed to identify reference (tag/branch) for the checked-out revision '65ea545567a680bc0062572f48500d9e061e1b35'
[1585a644-9088-47fb-9a74-1a0d28f723f6/run_tests] unable to get git ref: failed to identify reference (tag/branch) for the checked-out revision '65ea545567a680bc0062572f48500d9e061e1b35'
[1585a644-9088-47fb-9a74-1a0d28f723f6/run_tests] unable to get git ref: failed to identify reference (tag/branch) for the checked-out revision '65ea545567a680bc0062572f48500d9e061e1b35'
[1585a644-9088-47fb-9a74-1a0d28f723f6/run_tests] unable to get git ref: failed to identify reference (tag/branch) for the checked-out revision '65ea545567a680bc0062572f48500d9e061e1b35'
[1585a644-9088-47fb-9a74-1a0d28f723f6/run_tests] ⭐ Run Main Set up JDK 17
[1585a644-9088-47fb-9a74-1a0d28f723f6/run_tests] unable to get git ref: failed to identify reference (tag/branch) for the checked-out revision '65ea545567a680bc0062572f48500d9e061e1b35'
[1585a644-9088-47fb-9a74-1a0d28f723f6/run_tests] unable to get git ref: failed to identify reference (tag/branch) for the checked-out revision '65ea545567a680bc0062572f48500d9e061e1b35'
[1585a644-9088-47fb-9a74-1a0d28f723f6/run_tests] unable to get git ref: failed to identify reference (tag/branch) for the checked-out revision '65ea545567a680bc0062572f48500d9e061e1b35'
[1585a644-9088-47fb-9a74-1a0d28f723f6/run_tests]   🐳  docker cp src=/tmp/act-cache/2c720674-79af-48bf-9c43-1dfcc903cc88/act/actions-setup-java@v1/ dst=/var/run/act/actions/actions-setup-java@v1/
[1585a644-9088-47fb-9a74-1a0d28f723f6/run_tests]   🐳  docker exec cmd=[chown -R 1012:1013 /var/run/act/actions/actions-setup-java@v1/] user=0 workdir=
[1585a644-9088-47fb-9a74-1a0d28f723f6/run_tests]   🐳  docker exec cmd=[node /var/run/act/actions/actions-setup-java@v1/dist/setup/index.js] user= workdir=
[1585a644-9088-47fb-9a74-1a0d28f723f6/run_tests]   💬  ::debug::isExplicit: 
[1585a644-9088-47fb-9a74-1a0d28f723f6/run_tests]   💬  ::debug::explicit? false
[1585a644-9088-47fb-9a74-1a0d28f723f6/run_tests]   💬  ::debug::evaluating 0 versions
[1585a644-9088-47fb-9a74-1a0d28f723f6/run_tests]   💬  ::debug::match not found
[1585a644-9088-47fb-9a74-1a0d28f723f6/run_tests]   💬  ::debug::Downloading JDK from Azul
[1585a644-9088-47fb-9a74-1a0d28f723f6/run_tests]   💬  ::debug::Searching for files with extension: -linux_x64.tar.gz
[1585a644-9088-47fb-9a74-1a0d28f723f6/run_tests]   💬  ::debug::Downloading https://static.azul.com/zulu/bin/zulu17.46.27_1-ca-crac-jdk17.0.9-linux_x64.tar.gz
[1585a644-9088-47fb-9a74-1a0d28f723f6/run_tests]   💬  ::debug::Downloading /tmp/638864c2-06e1-4d70-9840-89801187f039
[1585a644-9088-47fb-9a74-1a0d28f723f6/run_tests]   💬  ::debug::download complete
[1585a644-9088-47fb-9a74-1a0d28f723f6/run_tests]   | [command]/usr/bin/tar --version
[1585a644-9088-47fb-9a74-1a0d28f723f6/run_tests]   | tar (GNU tar) 1.34
[1585a644-9088-47fb-9a74-1a0d28f723f6/run_tests]   | Copyright (C) 2021 Free Software Foundation, Inc.
[1585a644-9088-47fb-9a74-1a0d28f723f6/run_tests]   | License GPLv3+: GNU GPL version 3 or later <https://gnu.org/licenses/gpl.html>.
[1585a644-9088-47fb-9a74-1a0d28f723f6/run_tests]   | This is free software: you are free to change and redistribute it.
[1585a644-9088-47fb-9a74-1a0d28f723f6/run_tests]   | There is NO WARRANTY, to the extent permitted by law.
[1585a644-9088-47fb-9a74-1a0d28f723f6/run_tests]   | 
[1585a644-9088-47fb-9a74-1a0d28f723f6/run_tests]   | Written by John Gilmore and Jay Fenlason.
[1585a644-9088-47fb-9a74-1a0d28f723f6/run_tests]   | [command]/usr/bin/tar xz --warning=no-unknown-keyword -C /tmp/temp_1332238920 -f /tmp/638864c2-06e1-4d70-9840-89801187f039
[1585a644-9088-47fb-9a74-1a0d28f723f6/run_tests]   💬  ::debug::jdk extracted to /tmp/temp_1332238920/zulu17.46.27_1-ca-crac-jdk17.0.9-linux_x64
[1585a644-9088-47fb-9a74-1a0d28f723f6/run_tests]   💬  ::debug::Caching tool jdk 17.0.9 x64
[1585a644-9088-47fb-9a74-1a0d28f723f6/run_tests]   💬  ::debug::source dir: /tmp/temp_1332238920/zulu17.46.27_1-ca-crac-jdk17.0.9-linux_x64
[1585a644-9088-47fb-9a74-1a0d28f723f6/run_tests]   💬  ::debug::destination /opt/hostedtoolcache/jdk/17.0.9/x64
[1585a644-9088-47fb-9a74-1a0d28f723f6/run_tests]   💬  ::debug::finished caching tool
[1585a644-9088-47fb-9a74-1a0d28f723f6/run_tests]   ❓ add-matcher /run/act/actions/actions-setup-java@v1/.github/java.json
[1585a644-9088-47fb-9a74-1a0d28f723f6/run_tests]   | creating settings.xml with server-id: github; environment variables: username=$GITHUB_ACTOR, password=$GITHUB_TOKEN, and gpg-passphrase=null
[1585a644-9088-47fb-9a74-1a0d28f723f6/run_tests]   💬  ::debug::created directory /home/runner/.m2
[1585a644-9088-47fb-9a74-1a0d28f723f6/run_tests]   | writing /home/runner/.m2/settings.xml
[1585a644-9088-47fb-9a74-1a0d28f723f6/run_tests]   ✅  Success - Main Set up JDK 17
[1585a644-9088-47fb-9a74-1a0d28f723f6/run_tests]   ⚙  ::set-env:: JAVA_HOME_17_0_9_X64=/opt/hostedtoolcache/jdk/17.0.9/x64
[1585a644-9088-47fb-9a74-1a0d28f723f6/run_tests]   ⚙  ::set-env:: JAVA_HOME_17.0.9_x64=/opt/hostedtoolcache/jdk/17.0.9/x64
[1585a644-9088-47fb-9a74-1a0d28f723f6/run_tests]   ⚙  ::set-env:: JAVA_HOME=/opt/hostedtoolcache/jdk/17.0.9/x64
[1585a644-9088-47fb-9a74-1a0d28f723f6/run_tests]   ⚙  ::set-output:: path=/opt/hostedtoolcache/jdk/17.0.9/x64
[1585a644-9088-47fb-9a74-1a0d28f723f6/run_tests]   ⚙  ::set-output:: version=17.0.9
[1585a644-9088-47fb-9a74-1a0d28f723f6/run_tests]   ⚙  ::add-path:: /opt/hostedtoolcache/jdk/17.0.9/x64/bin
[1585a644-9088-47fb-9a74-1a0d28f723f6/run_tests] unable to get git ref: failed to identify reference (tag/branch) for the checked-out revision '65ea545567a680bc0062572f48500d9e061e1b35'
[1585a644-9088-47fb-9a74-1a0d28f723f6/run_tests] unable to get git ref: failed to identify reference (tag/branch) for the checked-out revision '65ea545567a680bc0062572f48500d9e061e1b35'
[1585a644-9088-47fb-9a74-1a0d28f723f6/run_tests] unable to get git ref: failed to identify reference (tag/branch) for the checked-out revision '65ea545567a680bc0062572f48500d9e061e1b35'
[1585a644-9088-47fb-9a74-1a0d28f723f6/run_tests] unable to get git ref: failed to identify reference (tag/branch) for the checked-out revision '65ea545567a680bc0062572f48500d9e061e1b35'
[1585a644-9088-47fb-9a74-1a0d28f723f6/run_tests] unable to get git ref: failed to identify reference (tag/branch) for the checked-out revision '65ea545567a680bc0062572f48500d9e061e1b35'
[1585a644-9088-47fb-9a74-1a0d28f723f6/run_tests] ⭐ Run Main Run tests with Maven
[1585a644-9088-47fb-9a74-1a0d28f723f6/run_tests] unable to get git ref: failed to identify reference (tag/branch) for the checked-out revision '65ea545567a680bc0062572f48500d9e061e1b35'
[1585a644-9088-47fb-9a74-1a0d28f723f6/run_tests] unable to get git ref: failed to identify reference (tag/branch) for the checked-out revision '65ea545567a680bc0062572f48500d9e061e1b35'
[1585a644-9088-47fb-9a74-1a0d28f723f6/run_tests] unable to get git ref: failed to identify reference (tag/branch) for the checked-out revision '65ea545567a680bc0062572f48500d9e061e1b35'
[1585a644-9088-47fb-9a74-1a0d28f723f6/run_tests] unable to get git ref: failed to identify reference (tag/branch) for the checked-out revision '65ea545567a680bc0062572f48500d9e061e1b35'
[1585a644-9088-47fb-9a74-1a0d28f723f6/run_tests]   🐳  docker exec cmd=[bash --noprofile --norc -e -o pipefail /var/run/act/workflow/2] user= workdir=
[1585a644-9088-47fb-9a74-1a0d28f723f6/run_tests]   | [INFO] Scanning for projects...
[1585a644-9088-47fb-9a74-1a0d28f723f6/run_tests]   | [INFO] 
[1585a644-9088-47fb-9a74-1a0d28f723f6/run_tests]   | [INFO] ---------------------< org.byteskript:byteskript >----------------------
[1585a644-9088-47fb-9a74-1a0d28f723f6/run_tests]   | [INFO] Building ByteSkript 1.0.40
[1585a644-9088-47fb-9a74-1a0d28f723f6/run_tests]   | [INFO]   from pom.xml
[1585a644-9088-47fb-9a74-1a0d28f723f6/run_tests]   | [INFO] --------------------------------[ jar ]---------------------------------
[1585a644-9088-47fb-9a74-1a0d28f723f6/run_tests]   | [INFO] Downloading from central: https://repo.maven.apache.org/maven2/org/apache/maven/plugins/maven-resources-plugin/2.6/maven-resources-plugin-2.6.pom
[1585a644-9088-47fb-9a74-1a0d28f723f6/run_tests]   | [INFO] Downloaded from central: https://repo.maven.apache.org/maven2/org/apache/maven/plugins/maven-resources-plugin/2.6/maven-resources-plugin-2.6.pom (8.1 kB at 29 kB/s)
[1585a644-9088-47fb-9a74-1a0d28f723f6/run_tests]   | [INFO] Downloading from central: https://repo.maven.apache.org/maven2/org/apache/maven/plugins/maven-plugins/23/maven-plugins-23.pom
[1585a644-9088-47fb-9a74-1a0d28f723f6/run_tests]   | [INFO] Downloaded from central: https://repo.maven.apache.org/maven2/org/apache/maven/plugins/maven-plugins/23/maven-plugins-23.pom (9.2 kB at 511 kB/s)
[1585a644-9088-47fb-9a74-1a0d28f723f6/run_tests]   | [INFO] Downloading from central: https://repo.maven.apache.org/maven2/org/apache/maven/maven-parent/22/maven-parent-22.pom
[1585a644-9088-47fb-9a74-1a0d28f723f6/run_tests]   | [INFO] Downloaded from central: https://repo.maven.apache.org/maven2/org/apache/maven/maven-parent/22/maven-parent-22.pom (30 kB at 1.3 MB/s)
[1585a644-9088-47fb-9a74-1a0d28f723f6/run_tests]   | [INFO] Downloading from central: https://repo.maven.apache.org/maven2/org/apache/apache/11/apache-11.pom
[1585a644-9088-47fb-9a74-1a0d28f723f6/run_tests]   | [INFO] Downloaded from central: https://repo.maven.apache.org/maven2/org/apache/apache/11/apache-11.pom (15 kB at 1.1 MB/s)
[1585a644-9088-47fb-9a74-1a0d28f723f6/run_tests]   | [INFO] Downloading from central: https://repo.maven.apache.org/maven2/org/apache/maven/plugins/maven-resources-plugin/2.6/maven-resources-plugin-2.6.jar
[1585a644-9088-47fb-9a74-1a0d28f723f6/run_tests]   | [INFO] Downloaded from central: https://repo.maven.apache.org/maven2/org/apache/maven/plugins/maven-resources-plugin/2.6/maven-resources-plugin-2.6.jar (30 kB at 1.7 MB/s)
[1585a644-9088-47fb-9a74-1a0d28f723f6/run_tests]   | [INFO] Downloading from central: https://repo.maven.apache.org/maven2/org/apache/maven/plugins/maven-compiler-plugin/3.1/maven-compiler-plugin-3.1.pom
[1585a644-9088-47fb-9a74-1a0d28f723f6/run_tests]   | [INFO] Downloaded from central: https://repo.maven.apache.org/maven2/org/apache/maven/plugins/maven-compiler-plugin/3.1/maven-compiler-plugin-3.1.pom (10 kB at 1.1 MB/s)
[1585a644-9088-47fb-9a74-1a0d28f723f6/run_tests]   | [INFO] Downloading from central: https://repo.maven.apache.org/maven2/org/apache/maven/plugins/maven-plugins/24/maven-plugins-24.pom
[1585a644-9088-47fb-9a74-1a0d28f723f6/run_tests]   | [INFO] Downloaded from central: https://repo.maven.apache.org/maven2/org/apache/maven/plugins/maven-plugins/24/maven-plugins-24.pom (11 kB at 982 kB/s)
[1585a644-9088-47fb-9a74-1a0d28f723f6/run_tests]   | [INFO] Downloading from central: https://repo.maven.apache.org/maven2/org/apache/maven/maven-parent/23/maven-parent-23.pom
[1585a644-9088-47fb-9a74-1a0d28f723f6/run_tests]   | [INFO] Downloaded from central: https://repo.maven.apache.org/maven2/org/apache/maven/maven-parent/23/maven-parent-23.pom (33 kB at 4.1 MB/s)
[1585a644-9088-47fb-9a74-1a0d28f723f6/run_tests]   | [INFO] Downloading from central: https://repo.maven.apache.org/maven2/org/apache/apache/13/apache-13.pom
[1585a644-9088-47fb-9a74-1a0d28f723f6/run_tests]   | [INFO] Downloaded from central: https://repo.maven.apache.org/maven2/org/apache/apache/13/apache-13.pom (14 kB at 2.0 MB/s)
[1585a644-9088-47fb-9a74-1a0d28f723f6/run_tests]   | [INFO] Downloading from central: https://repo.maven.apache.org/maven2/org/apache/maven/plugins/maven-compiler-plugin/3.1/maven-compiler-plugin-3.1.jar
[1585a644-9088-47fb-9a74-1a0d28f723f6/run_tests]   | [INFO] Downloaded from central: https://repo.maven.apache.org/maven2/org/apache/maven/plugins/maven-compiler-plugin/3.1/maven-compiler-plugin-3.1.jar (43 kB at 3.6 MB/s)
[1585a644-9088-47fb-9a74-1a0d28f723f6/run_tests]   | [INFO] Downloading from central: https://repo.maven.apache.org/maven2/org/apache/maven/plugins/maven-surefire-plugin/2.12.4/maven-surefire-plugin-2.12.4.pom
[1585a644-9088-47fb-9a74-1a0d28f723f6/run_tests]   | [INFO] Downloaded from central: https://repo.maven.apache.org/maven2/org/apache/maven/plugins/maven-surefire-plugin/2.12.4/maven-surefire-plugin-2.12.4.pom (10 kB at 1.0 MB/s)
[1585a644-9088-47fb-9a74-1a0d28f723f6/run_tests]   | [INFO] Downloading from central: https://repo.maven.apache.org/maven2/org/apache/maven/surefire/surefire/2.12.4/surefire-2.12.4.pom
[1585a644-9088-47fb-9a74-1a0d28f723f6/run_tests]   | [INFO] Downloaded from central: https://repo.maven.apache.org/maven2/org/apache/maven/surefire/surefire/2.12.4/surefire-2.12.4.pom (14 kB at 1.4 MB/s)
[1585a644-9088-47fb-9a74-1a0d28f723f6/run_tests]   | [INFO] Downloading from central: https://repo.maven.apache.org/maven2/org/apache/maven/plugins/maven-surefire-plugin/2.12.4/maven-surefire-plugin-2.12.4.jar
[1585a644-9088-47fb-9a74-1a0d28f723f6/run_tests]   | [INFO] Downloaded from central: https://repo.maven.apache.org/maven2/org/apache/maven/plugins/maven-surefire-plugin/2.12.4/maven-surefire-plugin-2.12.4.jar (30 kB at 2.5 MB/s)
[1585a644-9088-47fb-9a74-1a0d28f723f6/run_tests]   | [INFO] Downloading from kenzie: https://repo.kenzie.mx/releases/mx/kenzie/foundation/1.1.7/foundation-1.1.7.pom
[1585a644-9088-47fb-9a74-1a0d28f723f6/run_tests]   | [INFO] Downloaded from kenzie: https://repo.kenzie.mx/releases/mx/kenzie/foundation/1.1.7/foundation-1.1.7.pom (2.8 kB at 2.2 kB/s)
[1585a644-9088-47fb-9a74-1a0d28f723f6/run_tests]   | [INFO] Downloading from kenzie: https://repo.kenzie.mx/releases/org/ow2/asm/asm/9.3/asm-9.3.pom
[1585a644-9088-47fb-9a74-1a0d28f723f6/run_tests]   | [INFO] Downloading from central: https://repo.maven.apache.org/maven2/org/ow2/asm/asm/9.3/asm-9.3.pom
[1585a644-9088-47fb-9a74-1a0d28f723f6/run_tests]   | [INFO] Downloaded from central: https://repo.maven.apache.org/maven2/org/ow2/asm/asm/9.3/asm-9.3.pom (2.4 kB at 237 kB/s)
[1585a644-9088-47fb-9a74-1a0d28f723f6/run_tests]   | [INFO] Downloading from kenzie: https://repo.kenzie.mx/releases/org/ow2/ow2/1.5/ow2-1.5.pom
[1585a644-9088-47fb-9a74-1a0d28f723f6/run_tests]   | [INFO] Downloading from central: https://repo.maven.apache.org/maven2/org/ow2/ow2/1.5/ow2-1.5.pom
[1585a644-9088-47fb-9a74-1a0d28f723f6/run_tests]   | [INFO] Downloaded from central: https://repo.maven.apache.org/maven2/org/ow2/ow2/1.5/ow2-1.5.pom (11 kB at 488 kB/s)
[1585a644-9088-47fb-9a74-1a0d28f723f6/run_tests]   | [INFO] Downloading from kenzie: https://repo.kenzie.mx/releases/mx/kenzie/mimic/1.0.0/mimic-1.0.0.pom
[1585a644-9088-47fb-9a74-1a0d28f723f6/run_tests]   | [INFO] Downloaded from kenzie: https://repo.kenzie.mx/releases/mx/kenzie/mimic/1.0.0/mimic-1.0.0.pom (1.7 kB at 17 kB/s)
[1585a644-9088-47fb-9a74-1a0d28f723f6/run_tests]   | [INFO] Downloading from kenzie: https://repo.kenzie.mx/releases/mx/kenzie/mirror/5.0.3/mirror-5.0.3.pom
[1585a644-9088-47fb-9a74-1a0d28f723f6/run_tests]   | [INFO] Downloaded from kenzie: https://repo.kenzie.mx/releases/mx/kenzie/mirror/5.0.3/mirror-5.0.3.pom (3.3 kB at 32 kB/s)
[1585a644-9088-47fb-9a74-1a0d28f723f6/run_tests]   | [INFO] Downloading from kenzie: https://repo.kenzie.mx/releases/org/ow2/asm/asm/9.2/asm-9.2.pom
[1585a644-9088-47fb-9a74-1a0d28f723f6/run_tests]   | [INFO] Downloading from central: https://repo.maven.apache.org/maven2/org/ow2/asm/asm/9.2/asm-9.2.pom
[1585a644-9088-47fb-9a74-1a0d28f723f6/run_tests]   | [INFO] Downloaded from central: https://repo.maven.apache.org/maven2/org/ow2/asm/asm/9.2/asm-9.2.pom (2.4 kB at 215 kB/s)
[1585a644-9088-47fb-9a74-1a0d28f723f6/run_tests]   | [INFO] Downloading from kenzie: https://repo.kenzie.mx/releases/mx/kenzie/jupiter/1.0.2/jupiter-1.0.2.pom
[1585a644-9088-47fb-9a74-1a0d28f723f6/run_tests]   | [INFO] Downloaded from kenzie: https://repo.kenzie.mx/releases/mx/kenzie/jupiter/1.0.2/jupiter-1.0.2.pom (1.6 kB at 16 kB/s)
[1585a644-9088-47fb-9a74-1a0d28f723f6/run_tests]   | [INFO] Downloading from kenzie: https://repo.kenzie.mx/releases/mx/kenzie/autodocs/1.0.2/autodocs-1.0.2.pom
[1585a644-9088-47fb-9a74-1a0d28f723f6/run_tests]   | [INFO] Downloaded from kenzie: https://repo.kenzie.mx/releases/mx/kenzie/autodocs/1.0.2/autodocs-1.0.2.pom (2.0 kB at 19 kB/s)
[1585a644-9088-47fb-9a74-1a0d28f723f6/run_tests]   | [INFO] Downloading from kenzie: https://repo.kenzie.mx/releases/org/commonmark/commonmark/0.18.1/commonmark-0.18.1.pom
[1585a644-9088-47fb-9a74-1a0d28f723f6/run_tests]   | [INFO] Downloading from central: https://repo.maven.apache.org/maven2/org/commonmark/commonmark/0.18.1/commonmark-0.18.1.pom
[1585a644-9088-47fb-9a74-1a0d28f723f6/run_tests]   | [INFO] Downloaded from central: https://repo.maven.apache.org/maven2/org/commonmark/commonmark/0.18.1/commonmark-0.18.1.pom (2.7 kB at 25 kB/s)
[1585a644-9088-47fb-9a74-1a0d28f723f6/run_tests]   | [INFO] Downloading from kenzie: https://repo.kenzie.mx/releases/org/commonmark/commonmark-parent/0.18.1/commonmark-parent-0.18.1.pom
[1585a644-9088-47fb-9a74-1a0d28f723f6/run_tests]   | [INFO] Downloading from central: https://repo.maven.apache.org/maven2/org/commonmark/commonmark-parent/0.18.1/commonmark-parent-0.18.1.pom
[1585a644-9088-47fb-9a74-1a0d28f723f6/run_tests]   | [INFO] Downloaded from central: https://repo.maven.apache.org/maven2/org/commonmark/commonmark-parent/0.18.1/commonmark-parent-0.18.1.pom (12 kB at 457 kB/s)
[1585a644-9088-47fb-9a74-1a0d28f723f6/run_tests]   | [INFO] Downloading from kenzie: https://repo.kenzie.mx/releases/org/jetbrains/annotations/23.0.0/annotations-23.0.0.pom
[1585a644-9088-47fb-9a74-1a0d28f723f6/run_tests]   | [INFO] Downloading from central: https://repo.maven.apache.org/maven2/org/jetbrains/annotations/23.0.0/annotations-23.0.0.pom
[1585a644-9088-47fb-9a74-1a0d28f723f6/run_tests]   | [INFO] Downloaded from central: https://repo.maven.apache.org/maven2/org/jetbrains/annotations/23.0.0/annotations-23.0.0.pom (1.4 kB at 123 kB/s)
[1585a644-9088-47fb-9a74-1a0d28f723f6/run_tests]   | [INFO] Downloading from kenzie: https://repo.kenzie.mx/releases/junit/junit/4.13.2/junit-4.13.2.pom
[1585a644-9088-47fb-9a74-1a0d28f723f6/run_tests]   | [INFO] Downloading from central: https://repo.maven.apache.org/maven2/junit/junit/4.13.2/junit-4.13.2.pom
[1585a644-9088-47fb-9a74-1a0d28f723f6/run_tests]   | [INFO] Downloaded from central: https://repo.maven.apache.org/maven2/junit/junit/4.13.2/junit-4.13.2.pom (27 kB at 3.0 MB/s)
[1585a644-9088-47fb-9a74-1a0d28f723f6/run_tests]   | [INFO] Downloading from kenzie: https://repo.kenzie.mx/releases/org/hamcrest/hamcrest-core/1.3/hamcrest-core-1.3.pom
[1585a644-9088-47fb-9a74-1a0d28f723f6/run_tests]   | [INFO] Downloading from central: https://repo.maven.apache.org/maven2/org/hamcrest/hamcrest-core/1.3/hamcrest-core-1.3.pom
[1585a644-9088-47fb-9a74-1a0d28f723f6/run_tests]   | [INFO] Downloaded from central: https://repo.maven.apache.org/maven2/org/hamcrest/hamcrest-core/1.3/hamcrest-core-1.3.pom (766 B at 48 kB/s)
[1585a644-9088-47fb-9a74-1a0d28f723f6/run_tests]   | [INFO] Downloading from kenzie: https://repo.kenzie.mx/releases/org/hamcrest/hamcrest-parent/1.3/hamcrest-parent-1.3.pom
[1585a644-9088-47fb-9a74-1a0d28f723f6/run_tests]   | [INFO] Downloading from central: https://repo.maven.apache.org/maven2/org/hamcrest/hamcrest-parent/1.3/hamcrest-parent-1.3.pom
[1585a644-9088-47fb-9a74-1a0d28f723f6/run_tests]   | [INFO] Downloaded from central: https://repo.maven.apache.org/maven2/org/hamcrest/hamcrest-parent/1.3/hamcrest-parent-1.3.pom (2.0 kB at 282 kB/s)
[1585a644-9088-47fb-9a74-1a0d28f723f6/run_tests]   | [INFO] Downloading from kenzie: https://repo.kenzie.mx/releases/mx/kenzie/foundation/1.1.7/foundation-1.1.7.jar
[1585a644-9088-47fb-9a74-1a0d28f723f6/run_tests]   | [INFO] Downloading from kenzie: https://repo.kenzie.mx/releases/org/ow2/asm/asm/9.3/asm-9.3.jar
[1585a644-9088-47fb-9a74-1a0d28f723f6/run_tests]   | [INFO] Downloading from kenzie: https://repo.kenzie.mx/releases/mx/kenzie/mimic/1.0.0/mimic-1.0.0.jar
[1585a644-9088-47fb-9a74-1a0d28f723f6/run_tests]   | [INFO] Downloading from kenzie: https://repo.kenzie.mx/releases/mx/kenzie/mirror/5.0.3/mirror-5.0.3.jar
[1585a644-9088-47fb-9a74-1a0d28f723f6/run_tests]   | [INFO] Downloading from kenzie: https://repo.kenzie.mx/releases/mx/kenzie/jupiter/1.0.2/jupiter-1.0.2.jar
[1585a644-9088-47fb-9a74-1a0d28f723f6/run_tests]   | [INFO] Downloaded from kenzie: https://repo.kenzie.mx/releases/mx/kenzie/mimic/1.0.0/mimic-1.0.0.jar (14 kB at 72 kB/s)
[1585a644-9088-47fb-9a74-1a0d28f723f6/run_tests]   | [INFO] Downloading from kenzie: https://repo.kenzie.mx/releases/mx/kenzie/autodocs/1.0.2/autodocs-1.0.2.jar
[1585a644-9088-47fb-9a74-1a0d28f723f6/run_tests]   | [INFO] Downloading from kenzie: https://repo.kenzie.mx/releases/org/commonmark/commonmark/0.18.1/commonmark-0.18.1.jar
[1585a644-9088-47fb-9a74-1a0d28f723f6/run_tests]   | [INFO] Downloaded from kenzie: https://repo.kenzie.mx/releases/mx/kenzie/jupiter/1.0.2/jupiter-1.0.2.jar (34 kB at 120 kB/s)
[1585a644-9088-47fb-9a74-1a0d28f723f6/run_tests]   | [INFO] Downloading from kenzie: https://repo.kenzie.mx/releases/org/jetbrains/annotations/23.0.0/annotations-23.0.0.jar
[1585a644-9088-47fb-9a74-1a0d28f723f6/run_tests]   | [INFO] Downloaded from kenzie: https://repo.kenzie.mx/releases/mx/kenzie/mirror/5.0.3/mirror-5.0.3.jar (46 kB at 129 kB/s)
[1585a644-9088-47fb-9a74-1a0d28f723f6/run_tests]   | [INFO] Downloading from kenzie: https://repo.kenzie.mx/releases/junit/junit/4.13.2/junit-4.13.2.jar
[1585a644-9088-47fb-9a74-1a0d28f723f6/run_tests]   | [INFO] Downloaded from kenzie: https://repo.kenzie.mx/releases/mx/kenzie/autodocs/1.0.2/autodocs-1.0.2.jar (98 kB at 215 kB/s)
[1585a644-9088-47fb-9a74-1a0d28f723f6/run_tests]   | [INFO] Downloading from kenzie: https://repo.kenzie.mx/releases/org/hamcrest/hamcrest-core/1.3/hamcrest-core-1.3.jar
[1585a644-9088-47fb-9a74-1a0d28f723f6/run_tests]   | [INFO] Downloaded from kenzie: https://repo.kenzie.mx/releases/mx/kenzie/foundation/1.1.7/foundation-1.1.7.jar (69 kB at 42 kB/s)
[1585a644-9088-47fb-9a74-1a0d28f723f6/run_tests]   | [INFO] Downloading from central: https://repo.maven.apache.org/maven2/org/ow2/asm/asm/9.3/asm-9.3.jar
[1585a644-9088-47fb-9a74-1a0d28f723f6/run_tests]   | [INFO] Downloading from central: https://repo.maven.apache.org/maven2/org/commonmark/commonmark/0.18.1/commonmark-0.18.1.jar
[1585a644-9088-47fb-9a74-1a0d28f723f6/run_tests]   | [INFO] Downloading from central: https://repo.maven.apache.org/maven2/org/jetbrains/annotations/23.0.0/annotations-23.0.0.jar
[1585a644-9088-47fb-9a74-1a0d28f723f6/run_tests]   | [INFO] Downloading from central: https://repo.maven.apache.org/maven2/junit/junit/4.13.2/junit-4.13.2.jar
[1585a644-9088-47fb-9a74-1a0d28f723f6/run_tests]   | [INFO] Downloading from central: https://repo.maven.apache.org/maven2/org/hamcrest/hamcrest-core/1.3/hamcrest-core-1.3.jar
[1585a644-9088-47fb-9a74-1a0d28f723f6/run_tests]   | [INFO] Downloaded from central: https://repo.maven.apache.org/maven2/org/ow2/asm/asm/9.3/asm-9.3.jar (122 kB at 6.4 MB/s)
[1585a644-9088-47fb-9a74-1a0d28f723f6/run_tests]   | [INFO] Downloaded from central: https://repo.maven.apache.org/maven2/org/jetbrains/annotations/23.0.0/annotations-23.0.0.jar (29 kB at 979 kB/s)
[1585a644-9088-47fb-9a74-1a0d28f723f6/run_tests]   | [INFO] Downloaded from central: https://repo.maven.apache.org/maven2/org/hamcrest/hamcrest-core/1.3/hamcrest-core-1.3.jar (45 kB at 1.3 MB/s)
[1585a644-9088-47fb-9a74-1a0d28f723f6/run_tests]   | [INFO] Downloaded from central: https://repo.maven.apache.org/maven2/junit/junit/4.13.2/junit-4.13.2.jar (385 kB at 4.9 MB/s)
[1585a644-9088-47fb-9a74-1a0d28f723f6/run_tests]   | [INFO] Downloaded from central: https://repo.maven.apache.org/maven2/org/commonmark/commonmark/0.18.1/commonmark-0.18.1.jar (168 kB at 2.0 MB/s)
[1585a644-9088-47fb-9a74-1a0d28f723f6/run_tests]   | [INFO] 
[1585a644-9088-47fb-9a74-1a0d28f723f6/run_tests]   | [INFO] --- maven-resources-plugin:2.6:resources (default-resources) @ byteskript ---
[1585a644-9088-47fb-9a74-1a0d28f723f6/run_tests]   | [INFO] Downloading from central: https://repo.maven.apache.org/maven2/org/apache/maven/maven-plugin-api/2.0.6/maven-plugin-api-2.0.6.pom
[1585a644-9088-47fb-9a74-1a0d28f723f6/run_tests]   | [INFO] Downloaded from central: https://repo.maven.apache.org/maven2/org/apache/maven/maven-plugin-api/2.0.6/maven-plugin-api-2.0.6.pom (1.5 kB at 242 kB/s)
[1585a644-9088-47fb-9a74-1a0d28f723f6/run_tests]   | [INFO] Downloading from central: https://repo.maven.apache.org/maven2/org/apache/maven/maven/2.0.6/maven-2.0.6.pom
[1585a644-9088-47fb-9a74-1a0d28f723f6/run_tests]   | [INFO] Downloaded from central: https://repo.maven.apache.org/maven2/org/apache/maven/maven/2.0.6/maven-2.0.6.pom (9.0 kB at 266 kB/s)
[1585a644-9088-47fb-9a74-1a0d28f723f6/run_tests]   | [INFO] Downloading from central: https://repo.maven.apache.org/maven2/org/apache/maven/maven-parent/5/maven-parent-5.pom
[1585a644-9088-47fb-9a74-1a0d28f723f6/run_tests]   | [INFO] Downloaded from central: https://repo.maven.apache.org/maven2/org/apache/maven/maven-parent/5/maven-parent-5.pom (15 kB at 1.9 MB/s)
[1585a644-9088-47fb-9a74-1a0d28f723f6/run_tests]   | [INFO] Downloading from central: https://repo.maven.apache.org/maven2/org/apache/apache/3/apache-3.pom
[1585a644-9088-47fb-9a74-1a0d28f723f6/run_tests]   | [INFO] Downloaded from central: https://repo.maven.apache.org/maven2/org/apache/apache/3/apache-3.pom (3.4 kB at 490 kB/s)
[1585a644-9088-47fb-9a74-1a0d28f723f6/run_tests]   | [INFO] Downloading from central: https://repo.maven.apache.org/maven2/org/apache/maven/maven-project/2.0.6/maven-project-2.0.6.pom
[1585a644-9088-47fb-9a74-1a0d28f723f6/run_tests]   | [INFO] Downloaded from central: https://repo.maven.apache.org/maven2/org/apache/maven/maven-project/2.0.6/maven-project-2.0.6.pom (2.6 kB at 139 kB/s)
[1585a644-9088-47fb-9a74-1a0d28f723f6/run_tests]   | [INFO] Downloading from central: https://repo.maven.apache.org/maven2/org/apache/maven/maven-settings/2.0.6/maven-settings-2.0.6.pom
[1585a644-9088-47fb-9a74-1a0d28f723f6/run_tests]   | [INFO] Downloaded from central: https://repo.maven.apache.org/maven2/org/apache/maven/maven-settings/2.0.6/maven-settings-2.0.6.pom (2.0 kB at 222 kB/s)
[1585a644-9088-47fb-9a74-1a0d28f723f6/run_tests]   | [INFO] Downloading from central: https://repo.maven.apache.org/maven2/org/apache/maven/maven-model/2.0.6/maven-model-2.0.6.pom
[1585a644-9088-47fb-9a74-1a0d28f723f6/run_tests]   | [INFO] Downloaded from central: https://repo.maven.apache.org/maven2/org/apache/maven/maven-model/2.0.6/maven-model-2.0.6.pom (3.0 kB at 435 kB/s)
[1585a644-9088-47fb-9a74-1a0d28f723f6/run_tests]   | [INFO] Downloading from central: https://repo.maven.apache.org/maven2/org/codehaus/plexus/plexus-utils/1.4.1/plexus-utils-1.4.1.pom
[1585a644-9088-47fb-9a74-1a0d28f723f6/run_tests]   | [INFO] Downloaded from central: https://repo.maven.apache.org/maven2/org/codehaus/plexus/plexus-utils/1.4.1/plexus-utils-1.4.1.pom (1.9 kB at 106 kB/s)
[1585a644-9088-47fb-9a74-1a0d28f723f6/run_tests]   | [INFO] Downloading from central: https://repo.maven.apache.org/maven2/org/codehaus/plexus/plexus/1.0.11/plexus-1.0.11.pom
[1585a644-9088-47fb-9a74-1a0d28f723f6/run_tests]   | [INFO] Downloaded from central: https://repo.maven.apache.org/maven2/org/codehaus/plexus/plexus/1.0.11/plexus-1.0.11.pom (9.0 kB at 1.3 MB/s)
[1585a644-9088-47fb-9a74-1a0d28f723f6/run_tests]   | [INFO] Downloading from central: https://repo.maven.apache.org/maven2/org/codehaus/plexus/plexus-container-default/1.0-alpha-9-stable-1/plexus-container-default-1.0-alpha-9-stable-1.pom
[1585a644-9088-47fb-9a74-1a0d28f723f6/run_tests]   | [INFO] Downloaded from central: https://repo.maven.apache.org/maven2/org/codehaus/plexus/plexus-container-default/1.0-alpha-9-stable-1/plexus-container-default-1.0-alpha-9-stable-1.pom (3.9 kB at 282 kB/s)
[1585a644-9088-47fb-9a74-1a0d28f723f6/run_tests]   | [INFO] Downloading from central: https://repo.maven.apache.org/maven2/org/codehaus/plexus/plexus-containers/1.0.3/plexus-containers-1.0.3.pom
[1585a644-9088-47fb-9a74-1a0d28f723f6/run_tests]   | [INFO] Downloaded from central: https://repo.maven.apache.org/maven2/org/codehaus/plexus/plexus-containers/1.0.3/plexus-containers-1.0.3.pom (492 B at 70 kB/s)
[1585a644-9088-47fb-9a74-1a0d28f723f6/run_tests]   | [INFO] Downloading from central: https://repo.maven.apache.org/maven2/org/codehaus/plexus/plexus/1.0.4/plexus-1.0.4.pom
[1585a644-9088-47fb-9a74-1a0d28f723f6/run_tests]   | [INFO] Downloaded from central: https://repo.maven.apache.org/maven2/org/codehaus/plexus/plexus/1.0.4/plexus-1.0.4.pom (5.7 kB at 820 kB/s)
[1585a644-9088-47fb-9a74-1a0d28f723f6/run_tests]   | [INFO] Downloading from central: https://repo.maven.apache.org/maven2/junit/junit/3.8.1/junit-3.8.1.pom
[1585a644-9088-47fb-9a74-1a0d28f723f6/run_tests]   | [INFO] Downloaded from central: https://repo.maven.apache.org/maven2/junit/junit/3.8.1/junit-3.8.1.pom (998 B at 143 kB/s)
[1585a644-9088-47fb-9a74-1a0d28f723f6/run_tests]   | [INFO] Downloading from central: https://repo.maven.apache.org/maven2/org/codehaus/plexus/plexus-utils/1.0.4/plexus-utils-1.0.4.pom
[1585a644-9088-47fb-9a74-1a0d28f723f6/run_tests]   | [INFO] Downloaded from central: https://repo.maven.apache.org/maven2/org/codehaus/plexus/plexus-utils/1.0.4/plexus-utils-1.0.4.pom (6.9 kB at 286 kB/s)
[1585a644-9088-47fb-9a74-1a0d28f723f6/run_tests]   | [INFO] Downloading from central: https://repo.maven.apache.org/maven2/classworlds/classworlds/1.1-alpha-2/classworlds-1.1-alpha-2.pom
[1585a644-9088-47fb-9a74-1a0d28f723f6/run_tests]   | [INFO] Downloaded from central: https://repo.maven.apache.org/maven2/classworlds/classworlds/1.1-alpha-2/classworlds-1.1-alpha-2.pom (3.1 kB at 447 kB/s)
[1585a644-9088-47fb-9a74-1a0d28f723f6/run_tests]   | [INFO] Downloading from central: https://repo.maven.apache.org/maven2/org/apache/maven/maven-profile/2.0.6/maven-profile-2.0.6.pom
[1585a644-9088-47fb-9a74-1a0d28f723f6/run_tests]   | [INFO] Downloaded from central: https://repo.maven.apache.org/maven2/org/apache/maven/maven-profile/2.0.6/maven-profile-2.0.6.pom (2.0 kB at 248 kB/s)
[1585a644-9088-47fb-9a74-1a0d28f723f6/run_tests]   | [INFO] Downloading from central: https://repo.maven.apache.org/maven2/org/apache/maven/maven-artifact-manager/2.0.6/maven-artifact-manager-2.0.6.pom
[1585a644-9088-47fb-9a74-1a0d28f723f6/run_tests]   | [INFO] Downloaded from central: https://repo.maven.apache.org/maven2/org/apache/maven/maven-artifact-manager/2.0.6/maven-artifact-manager-2.0.6.pom (2.6 kB at 375 kB/s)
[1585a644-9088-47fb-9a74-1a0d28f723f6/run_tests]   | [INFO] Downloading from central: https://repo.maven.apache.org/maven2/org/apache/maven/maven-repository-metadata/2.0.6/maven-repository-metadata-2.0.6.pom
[1585a644-9088-47fb-9a74-1a0d28f723f6/run_tests]   | [INFO] Downloaded from central: https://repo.maven.apache.org/maven2/org/apache/maven/maven-repository-metadata/2.0.6/maven-repository-metadata-2.0.6.pom (1.9 kB at 231 kB/s)
[1585a644-9088-47fb-9a74-1a0d28f723f6/run_tests]   | [INFO] Downloading from central: https://repo.maven.apache.org/maven2/org/apache/maven/maven-artifact/2.0.6/maven-artifact-2.0.6.pom
[1585a644-9088-47fb-9a74-1a0d28f723f6/run_tests]   | [INFO] Downloaded from central: https://repo.maven.apache.org/maven2/org/apache/maven/maven-artifact/2.0.6/maven-artifact-2.0.6.pom (1.6 kB at 197 kB/s)
[1585a644-9088-47fb-9a74-1a0d28f723f6/run_tests]   | [INFO] Downloading from central: https://repo.maven.apache.org/maven2/org/apache/maven/maven-plugin-registry/2.0.6/maven-plugin-registry-2.0.6.pom
[1585a644-9088-47fb-9a74-1a0d28f723f6/run_tests]   | [INFO] Downloaded from central: https://repo.maven.apache.org/maven2/org/apache/maven/maven-plugin-registry/2.0.6/maven-plugin-registry-2.0.6.pom (1.9 kB at 177 kB/s)
[1585a644-9088-47fb-9a74-1a0d28f723f6/run_tests]   | [INFO] Downloading from central: https://repo.maven.apache.org/maven2/org/apache/maven/maven-core/2.0.6/maven-core-2.0.6.pom
[1585a644-9088-47fb-9a74-1a0d28f723f6/run_tests]   | [INFO] Downloaded from central: https://repo.maven.apache.org/maven2/org/apache/maven/maven-core/2.0.6/maven-core-2.0.6.pom (6.7 kB at 671 kB/s)
[1585a644-9088-47fb-9a74-1a0d28f723f6/run_tests]   | [INFO] Downloading from central: https://repo.maven.apache.org/maven2/org/apache/maven/maven-plugin-parameter-documenter/2.0.6/maven-plugin-parameter-documenter-2.0.6.pom
[1585a644-9088-47fb-9a74-1a0d28f723f6/run_tests]   | [INFO] Downloaded from central: https://repo.maven.apache.org/maven2/org/apache/maven/maven-plugin-parameter-documenter/2.0.6/maven-plugin-parameter-documenter-2.0.6.pom (1.9 kB at 212 kB/s)
[1585a644-9088-47fb-9a74-1a0d28f723f6/run_tests]   | [INFO] Downloading from central: https://repo.maven.apache.org/maven2/org/apache/maven/reporting/maven-reporting-api/2.0.6/maven-reporting-api-2.0.6.pom
[1585a644-9088-47fb-9a74-1a0d28f723f6/run_tests]   | [INFO] Downloaded from central: https://repo.maven.apache.org/maven2/org/apache/maven/reporting/maven-reporting-api/2.0.6/maven-reporting-api-2.0.6.pom (1.8 kB at 195 kB/s)
[1585a644-9088-47fb-9a74-1a0d28f723f6/run_tests]   | [INFO] Downloading from central: https://repo.maven.apache.org/maven2/org/apache/maven/reporting/maven-reporting/2.0.6/maven-reporting-2.0.6.pom
[1585a644-9088-47fb-9a74-1a0d28f723f6/run_tests]   | [INFO] Downloaded from central: https://repo.maven.apache.org/maven2/org/apache/maven/reporting/maven-reporting/2.0.6/maven-reporting-2.0.6.pom (1.4 kB at 180 kB/s)
[1585a644-9088-47fb-9a74-1a0d28f723f6/run_tests]   | [INFO] Downloading from central: https://repo.maven.apache.org/maven2/org/apache/maven/doxia/doxia-sink-api/1.0-alpha-7/doxia-sink-api-1.0-alpha-7.pom
[1585a644-9088-47fb-9a74-1a0d28f723f6/run_tests]   | [INFO] Downloaded from central: https://repo.maven.apache.org/maven2/org/apache/maven/doxia/doxia-sink-api/1.0-alpha-7/doxia-sink-api-1.0-alpha-7.pom (424 B at 61 kB/s)
[1585a644-9088-47fb-9a74-1a0d28f723f6/run_tests]   | [INFO] Downloading from central: https://repo.maven.apache.org/maven2/org/apache/maven/doxia/doxia/1.0-alpha-7/doxia-1.0-alpha-7.pom
[1585a644-9088-47fb-9a74-1a0d28f723f6/run_tests]   | [INFO] Downloaded from central: https://repo.maven.apache.org/maven2/org/apache/maven/doxia/doxia/1.0-alpha-7/doxia-1.0-alpha-7.pom (3.9 kB at 356 kB/s)
[1585a644-9088-47fb-9a74-1a0d28f723f6/run_tests]   | [INFO] Downloading from central: https://repo.maven.apache.org/maven2/org/apache/maven/maven-error-diagnostics/2.0.6/maven-error-diagnostics-2.0.6.pom
[1585a644-9088-47fb-9a74-1a0d28f723f6/run_tests]   | [INFO] Downloaded from central: https://repo.maven.apache.org/maven2/org/apache/maven/maven-error-diagnostics/2.0.6/maven-error-diagnostics-2.0.6.pom (1.7 kB at 243 kB/s)
[1585a644-9088-47fb-9a74-1a0d28f723f6/run_tests]   | [INFO] Downloading from central: https://repo.maven.apache.org/maven2/commons-cli/commons-cli/1.0/commons-cli-1.0.pom
[1585a644-9088-47fb-9a74-1a0d28f723f6/run_tests]   | [INFO] Downloaded from central: https://repo.maven.apache.org/maven2/commons-cli/commons-cli/1.0/commons-cli-1.0.pom (2.1 kB at 263 kB/s)
[1585a644-9088-47fb-9a74-1a0d28f723f6/run_tests]   | [INFO] Downloading from central: https://repo.maven.apache.org/maven2/org/apache/maven/maven-plugin-descriptor/2.0.6/maven-plugin-descriptor-2.0.6.pom
[1585a644-9088-47fb-9a74-1a0d28f723f6/run_tests]   | [INFO] Downloaded from central: https://repo.maven.apache.org/maven2/org/apache/maven/maven-plugin-descriptor/2.0.6/maven-plugin-descriptor-2.0.6.pom (2.0 kB at 224 kB/s)
[1585a644-9088-47fb-9a74-1a0d28f723f6/run_tests]   | [INFO] Downloading from central: https://repo.maven.apache.org/maven2/org/codehaus/plexus/plexus-interactivity-api/1.0-alpha-4/plexus-interactivity-api-1.0-alpha-4.pom
[1585a644-9088-47fb-9a74-1a0d28f723f6/run_tests]   | [INFO] Downloaded from central: https://repo.maven.apache.org/maven2/org/codehaus/plexus/plexus-interactivity-api/1.0-alpha-4/plexus-interactivity-api-1.0-alpha-4.pom (7.1 kB at 591 kB/s)
[1585a644-9088-47fb-9a74-1a0d28f723f6/run_tests]   | [INFO] Downloading from central: https://repo.maven.apache.org/maven2/org/apache/maven/maven-monitor/2.0.6/maven-monitor-2.0.6.pom
[1585a644-9088-47fb-9a74-1a0d28f723f6/run_tests]   | [INFO] Downloaded from central: https://repo.maven.apache.org/maven2/org/apache/maven/maven-monitor/2.0.6/maven-monitor-2.0.6.pom (1.3 kB at 179 kB/s)
[1585a644-9088-47fb-9a74-1a0d28f723f6/run_tests]   | [INFO] Downloading from central: https://repo.maven.apache.org/maven2/classworlds/classworlds/1.1/classworlds-1.1.pom
[1585a644-9088-47fb-9a74-1a0d28f723f6/run_tests]   | [INFO] Downloaded from central: https://repo.maven.apache.org/maven2/classworlds/classworlds/1.1/classworlds-1.1.pom (3.3 kB at 475 kB/s)
[1585a644-9088-47fb-9a74-1a0d28f723f6/run_tests]   | [INFO] Downloading from central: https://repo.maven.apache.org/maven2/org/codehaus/plexus/plexus-utils/2.0.5/plexus-utils-2.0.5.pom
[1585a644-9088-47fb-9a74-1a0d28f723f6/run_tests]   | [INFO] Downloaded from central: https://repo.maven.apache.org/maven2/org/codehaus/plexus/plexus-utils/2.0.5/plexus-utils-2.0.5.pom (3.3 kB at 370 kB/s)
[1585a644-9088-47fb-9a74-1a0d28f723f6/run_tests]   | [INFO] Downloading from central: https://repo.maven.apache.org/maven2/org/codehaus/plexus/plexus/2.0.6/plexus-2.0.6.pom
[1585a644-9088-47fb-9a74-1a0d28f723f6/run_tests]   | [INFO] Downloaded from central: https://repo.maven.apache.org/maven2/org/codehaus/plexus/plexus/2.0.6/plexus-2.0.6.pom (17 kB at 541 kB/s)
[1585a644-9088-47fb-9a74-1a0d28f723f6/run_tests]   | [INFO] Downloading from central: https://repo.maven.apache.org/maven2/org/apache/maven/shared/maven-filtering/1.1/maven-filtering-1.1.pom
[1585a644-9088-47fb-9a74-1a0d28f723f6/run_tests]   | [INFO] Downloaded from central: https://repo.maven.apache.org/maven2/org/apache/maven/shared/maven-filtering/1.1/maven-filtering-1.1.pom (5.8 kB at 643 kB/s)
[1585a644-9088-47fb-9a74-1a0d28f723f6/run_tests]   | [INFO] Downloading from central: https://repo.maven.apache.org/maven2/org/apache/maven/shared/maven-shared-components/17/maven-shared-components-17.pom
[1585a644-9088-47fb-9a74-1a0d28f723f6/run_tests]   | [INFO] Downloaded from central: https://repo.maven.apache.org/maven2/org/apache/maven/shared/maven-shared-components/17/maven-shared-components-17.pom (8.7 kB at 1.1 MB/s)
[1585a644-9088-47fb-9a74-1a0d28f723f6/run_tests]   | [INFO] Downloading from central: https://repo.maven.apache.org/maven2/org/apache/maven/maven-parent/21/maven-parent-21.pom
[1585a644-9088-47fb-9a74-1a0d28f723f6/run_tests]   | [INFO] Downloaded from central: https://repo.maven.apache.org/maven2/org/apache/maven/maven-parent/21/maven-parent-21.pom (26 kB at 2.4 MB/s)
[1585a644-9088-47fb-9a74-1a0d28f723f6/run_tests]   | [INFO] Downloading from central: https://repo.maven.apache.org/maven2/org/apache/apache/10/apache-10.pom
[1585a644-9088-47fb-9a74-1a0d28f723f6/run_tests]   | [INFO] Downloaded from central: https://repo.maven.apache.org/maven2/org/apache/apache/10/apache-10.pom (15 kB at 1.8 MB/s)
[1585a644-9088-47fb-9a74-1a0d28f723f6/run_tests]   | [INFO] Downloading from central: https://repo.maven.apache.org/maven2/org/codehaus/plexus/plexus-utils/1.5.15/plexus-utils-1.5.15.pom
[1585a644-9088-47fb-9a74-1a0d28f723f6/run_tests]   | [INFO] Downloaded from central: https://repo.maven.apache.org/maven2/org/codehaus/plexus/plexus-utils/1.5.15/plexus-utils-1.5.15.pom (6.8 kB at 1.1 MB/s)
[1585a644-9088-47fb-9a74-1a0d28f723f6/run_tests]   | [INFO] Downloading from central: https://repo.maven.apache.org/maven2/org/codehaus/plexus/plexus/2.0.2/plexus-2.0.2.pom
[1585a644-9088-47fb-9a74-1a0d28f723f6/run_tests]   | [INFO] Downloaded from central: https://repo.maven.apache.org/maven2/org/codehaus/plexus/plexus/2.0.2/plexus-2.0.2.pom (12 kB at 1.5 MB/s)
[1585a644-9088-47fb-9a74-1a0d28f723f6/run_tests]   | [INFO] Downloading from central: https://repo.maven.apache.org/maven2/org/codehaus/plexus/plexus-interpolation/1.12/plexus-interpolation-1.12.pom
[1585a644-9088-47fb-9a74-1a0d28f723f6/run_tests]   | [INFO] Downloaded from central: https://repo.maven.apache.org/maven2/org/codehaus/plexus/plexus-interpolation/1.12/plexus-interpolation-1.12.pom (889 B at 148 kB/s)
[1585a644-9088-47fb-9a74-1a0d28f723f6/run_tests]   | [INFO] Downloading from central: https://repo.maven.apache.org/maven2/org/codehaus/plexus/plexus-components/1.1.14/plexus-components-1.1.14.pom
[1585a644-9088-47fb-9a74-1a0d28f723f6/run_tests]   | [INFO] Downloaded from central: https://repo.maven.apache.org/maven2/org/codehaus/plexus/plexus-components/1.1.14/plexus-components-1.1.14.pom (5.8 kB at 974 kB/s)
[1585a644-9088-47fb-9a74-1a0d28f723f6/run_tests]   | [INFO] Downloading from central: https://repo.maven.apache.org/maven2/org/sonatype/plexus/plexus-build-api/0.0.4/plexus-build-api-0.0.4.pom
[1585a644-9088-47fb-9a74-1a0d28f723f6/run_tests]   | [INFO] Downloaded from central: https://repo.maven.apache.org/maven2/org/sonatype/plexus/plexus-build-api/0.0.4/plexus-build-api-0.0.4.pom (2.9 kB at 358 kB/s)
[1585a644-9088-47fb-9a74-1a0d28f723f6/run_tests]   | [INFO] Downloading from central: https://repo.maven.apache.org/maven2/org/sonatype/spice/spice-parent/10/spice-parent-10.pom
[1585a644-9088-47fb-9a74-1a0d28f723f6/run_tests]   | [INFO] Downloaded from central: https://repo.maven.apache.org/maven2/org/sonatype/spice/spice-parent/10/spice-parent-10.pom (3.0 kB at 302 kB/s)
[1585a644-9088-47fb-9a74-1a0d28f723f6/run_tests]   | [INFO] Downloading from central: https://repo.maven.apache.org/maven2/org/sonatype/forge/forge-parent/3/forge-parent-3.pom
[1585a644-9088-47fb-9a74-1a0d28f723f6/run_tests]   | [INFO] Downloaded from central: https://repo.maven.apache.org/maven2/org/sonatype/forge/forge-parent/3/forge-parent-3.pom (5.0 kB at 629 kB/s)
[1585a644-9088-47fb-9a74-1a0d28f723f6/run_tests]   | [INFO] Downloading from central: https://repo.maven.apache.org/maven2/org/codehaus/plexus/plexus-utils/1.5.8/plexus-utils-1.5.8.pom
[1585a644-9088-47fb-9a74-1a0d28f723f6/run_tests]   | [INFO] Downloaded from central: https://repo.maven.apache.org/maven2/org/codehaus/plexus/plexus-utils/1.5.8/plexus-utils-1.5.8.pom (8.1 kB at 1.0 MB/s)
[1585a644-9088-47fb-9a74-1a0d28f723f6/run_tests]   | [INFO] Downloading from central: https://repo.maven.apache.org/maven2/org/codehaus/plexus/plexus-interpolation/1.13/plexus-interpolation-1.13.pom
[1585a644-9088-47fb-9a74-1a0d28f723f6/run_tests]   | [INFO] Downloaded from central: https://repo.maven.apache.org/maven2/org/codehaus/plexus/plexus-interpolation/1.13/plexus-interpolation-1.13.pom (890 B at 44 kB/s)
[1585a644-9088-47fb-9a74-1a0d28f723f6/run_tests]   | [INFO] Downloading from central: https://repo.maven.apache.org/maven2/org/codehaus/plexus/plexus-components/1.1.15/plexus-components-1.1.15.pom
[1585a644-9088-47fb-9a74-1a0d28f723f6/run_tests]   | [INFO] Downloaded from central: https://repo.maven.apache.org/maven2/org/codehaus/plexus/plexus-components/1.1.15/plexus-components-1.1.15.pom (2.8 kB at 475 kB/s)
[1585a644-9088-47fb-9a74-1a0d28f723f6/run_tests]   | [INFO] Downloading from central: https://repo.maven.apache.org/maven2/org/codehaus/plexus/plexus/2.0.3/plexus-2.0.3.pom
[1585a644-9088-47fb-9a74-1a0d28f723f6/run_tests]   | [INFO] Downloaded from central: https://repo.maven.apache.org/maven2/org/codehaus/plexus/plexus/2.0.3/plexus-2.0.3.pom (15 kB at 2.2 MB/s)
[1585a644-9088-47fb-9a74-1a0d28f723f6/run_tests]   | [INFO] Downloading from central: https://repo.maven.apache.org/maven2/org/apache/maven/maven-plugin-api/2.0.6/maven-plugin-api-2.0.6.jar
[1585a644-9088-47fb-9a74-1a0d28f723f6/run_tests]   | [INFO] Downloading from central: https://repo.maven.apache.org/maven2/org/apache/maven/maven-project/2.0.6/maven-project-2.0.6.jar
[1585a644-9088-47fb-9a74-1a0d28f723f6/run_tests]   | [INFO] Downloading from central: https://repo.maven.apache.org/maven2/org/apache/maven/maven-profile/2.0.6/maven-profile-2.0.6.jar
[1585a644-9088-47fb-9a74-1a0d28f723f6/run_tests]   | [INFO] Downloading from central: https://repo.maven.apache.org/maven2/org/apache/maven/maven-artifact-manager/2.0.6/maven-artifact-manager-2.0.6.jar
[1585a644-9088-47fb-9a74-1a0d28f723f6/run_tests]   | [INFO] Downloading from central: https://repo.maven.apache.org/maven2/org/apache/maven/maven-plugin-registry/2.0.6/maven-plugin-registry-2.0.6.jar
[1585a644-9088-47fb-9a74-1a0d28f723f6/run_tests]   | [INFO] Downloaded from central: https://repo.maven.apache.org/maven2/org/apache/maven/maven-profile/2.0.6/maven-profile-2.0.6.jar (35 kB at 5.0 MB/s)
[1585a644-9088-47fb-9a74-1a0d28f723f6/run_tests]   | [INFO] Downloading from central: https://repo.maven.apache.org/maven2/org/apache/maven/maven-core/2.0.6/maven-core-2.0.6.jar
[1585a644-9088-47fb-9a74-1a0d28f723f6/run_tests]   | [INFO] Downloaded from central: https://repo.maven.apache.org/maven2/org/apache/maven/maven-plugin-api/2.0.6/maven-plugin-api-2.0.6.jar (13 kB at 1.3 MB/s)
[1585a644-9088-47fb-9a74-1a0d28f723f6/run_tests]   | [INFO] Downloading from central: https://repo.maven.apache.org/maven2/org/apache/maven/maven-plugin-parameter-documenter/2.0.6/maven-plugin-parameter-documenter-2.0.6.jar
[1585a644-9088-47fb-9a74-1a0d28f723f6/run_tests]   | [INFO] Downloaded from central: https://repo.maven.apache.org/maven2/org/apache/maven/maven-project/2.0.6/maven-project-2.0.6.jar (116 kB at 12 MB/s)
[1585a644-9088-47fb-9a74-1a0d28f723f6/run_tests]   | [INFO] Downloading from central: https://repo.maven.apache.org/maven2/org/apache/maven/reporting/maven-reporting-api/2.0.6/maven-reporting-api-2.0.6.jar
[1585a644-9088-47fb-9a74-1a0d28f723f6/run_tests]   | [INFO] Downloaded from central: https://repo.maven.apache.org/maven2/org/apache/maven/maven-artifact-manager/2.0.6/maven-artifact-manager-2.0.6.jar (57 kB at 6.3 MB/s)
[1585a644-9088-47fb-9a74-1a0d28f723f6/run_tests]   | [INFO] Downloading from central: https://repo.maven.apache.org/maven2/org/apache/maven/doxia/doxia-sink-api/1.0-alpha-7/doxia-sink-api-1.0-alpha-7.jar
[1585a644-9088-47fb-9a74-1a0d28f723f6/run_tests]   | [INFO] Downloaded from central: https://repo.maven.apache.org/maven2/org/apache/maven/maven-plugin-registry/2.0.6/maven-plugin-registry-2.0.6.jar (29 kB at 1.9 MB/s)
[1585a644-9088-47fb-9a74-1a0d28f723f6/run_tests]   | [INFO] Downloading from central: https://repo.maven.apache.org/maven2/org/apache/maven/maven-repository-metadata/2.0.6/maven-repository-metadata-2.0.6.jar
[1585a644-9088-47fb-9a74-1a0d28f723f6/run_tests]   | [INFO] Downloaded from central: https://repo.maven.apache.org/maven2/org/apache/maven/maven-plugin-parameter-documenter/2.0.6/maven-plugin-parameter-documenter-2.0.6.jar (21 kB at 1.2 MB/s)
[1585a644-9088-47fb-9a74-1a0d28f723f6/run_tests]   | [INFO] Downloaded from central: https://repo.maven.apache.org/maven2/org/apache/maven/maven-core/2.0.6/maven-core-2.0.6.jar (152 kB at 8.9 MB/s)
[1585a644-9088-47fb-9a74-1a0d28f723f6/run_tests]   | [INFO] Downloading from central: https://repo.maven.apache.org/maven2/org/apache/maven/maven-error-diagnostics/2.0.6/maven-error-diagnostics-2.0.6.jar
[1585a644-9088-47fb-9a74-1a0d28f723f6/run_tests]   | [INFO] Downloading from central: https://repo.maven.apache.org/maven2/commons-cli/commons-cli/1.0/commons-cli-1.0.jar
[1585a644-9088-47fb-9a74-1a0d28f723f6/run_tests]   | [INFO] Downloaded from central: https://repo.maven.apache.org/maven2/org/apache/maven/doxia/doxia-sink-api/1.0-alpha-7/doxia-sink-api-1.0-alpha-7.jar (5.9 kB at 330 kB/s)
[1585a644-9088-47fb-9a74-1a0d28f723f6/run_tests]   | [INFO] Downloading from central: https://repo.maven.apache.org/maven2/org/apache/maven/maven-plugin-descriptor/2.0.6/maven-plugin-descriptor-2.0.6.jar
[1585a644-9088-47fb-9a74-1a0d28f723f6/run_tests]   | [INFO] Downloaded from central: https://repo.maven.apache.org/maven2/commons-cli/commons-cli/1.0/commons-cli-1.0.jar (30 kB at 1.4 MB/s)
[1585a644-9088-47fb-9a74-1a0d28f723f6/run_tests]   | [INFO] Downloading from central: https://repo.maven.apache.org/maven2/org/codehaus/plexus/plexus-interactivity-api/1.0-alpha-4/plexus-interactivity-api-1.0-alpha-4.jar
[1585a644-9088-47fb-9a74-1a0d28f723f6/run_tests]   | [INFO] Downloaded from central: https://repo.maven.apache.org/maven2/org/apache/maven/maven-repository-metadata/2.0.6/maven-repository-metadata-2.0.6.jar (24 kB at 1.1 MB/s)
[1585a644-9088-47fb-9a74-1a0d28f723f6/run_tests]   | [INFO] Downloading from central: https://repo.maven.apache.org/maven2/classworlds/classworlds/1.1/classworlds-1.1.jar
[1585a644-9088-47fb-9a74-1a0d28f723f6/run_tests]   | [INFO] Downloaded from central: https://repo.maven.apache.org/maven2/org/apache/maven/maven-error-diagnostics/2.0.6/maven-error-diagnostics-2.0.6.jar (14 kB at 567 kB/s)
[1585a644-9088-47fb-9a74-1a0d28f723f6/run_tests]   | [INFO] Downloading from central: https://repo.maven.apache.org/maven2/org/apache/maven/maven-artifact/2.0.6/maven-artifact-2.0.6.jar
[1585a644-9088-47fb-9a74-1a0d28f723f6/run_tests]   | [INFO] Downloaded from central: https://repo.maven.apache.org/maven2/org/apache/maven/maven-plugin-descriptor/2.0.6/maven-plugin-descriptor-2.0.6.jar (37 kB at 1.4 MB/s)
[1585a644-9088-47fb-9a74-1a0d28f723f6/run_tests]   | [INFO] Downloading from central: https://repo.maven.apache.org/maven2/org/apache/maven/maven-settings/2.0.6/maven-settings-2.0.6.jar
[1585a644-9088-47fb-9a74-1a0d28f723f6/run_tests]   | [INFO] Downloaded from central: https://repo.maven.apache.org/maven2/org/codehaus/plexus/plexus-interactivity-api/1.0-alpha-4/plexus-interactivity-api-1.0-alpha-4.jar (13 kB at 497 kB/s)
[1585a644-9088-47fb-9a74-1a0d28f723f6/run_tests]   | [INFO] Downloading from central: https://repo.maven.apache.org/maven2/org/apache/maven/maven-model/2.0.6/maven-model-2.0.6.jar
[1585a644-9088-47fb-9a74-1a0d28f723f6/run_tests]   | [INFO] Downloaded from central: https://repo.maven.apache.org/maven2/classworlds/classworlds/1.1/classworlds-1.1.jar (38 kB at 1.2 MB/s)
[1585a644-9088-47fb-9a74-1a0d28f723f6/run_tests]   | [INFO] Downloading from central: https://repo.maven.apache.org/maven2/org/apache/maven/maven-monitor/2.0.6/maven-monitor-2.0.6.jar
[1585a644-9088-47fb-9a74-1a0d28f723f6/run_tests]   | [INFO] Downloaded from central: https://repo.maven.apache.org/maven2/org/apache/maven/maven-settings/2.0.6/maven-settings-2.0.6.jar (49 kB at 1.5 MB/s)
[1585a644-9088-47fb-9a74-1a0d28f723f6/run_tests]   | [INFO] Downloading from central: https://repo.maven.apache.org/maven2/org/codehaus/plexus/plexus-container-default/1.0-alpha-9-stable-1/plexus-container-default-1.0-alpha-9-stable-1.jar
[1585a644-9088-47fb-9a74-1a0d28f723f6/run_tests]   | [INFO] Downloaded from central: https://repo.maven.apache.org/maven2/org/apache/maven/reporting/maven-reporting-api/2.0.6/maven-reporting-api-2.0.6.jar (9.9 kB at 292 kB/s)
[1585a644-9088-47fb-9a74-1a0d28f723f6/run_tests]   | [INFO] Downloading from central: https://repo.maven.apache.org/maven2/junit/junit/3.8.1/junit-3.8.1.jar
[1585a644-9088-47fb-9a74-1a0d28f723f6/run_tests]   | [INFO] Downloaded from central: https://repo.maven.apache.org/maven2/org/apache/maven/maven-model/2.0.6/maven-model-2.0.6.jar (86 kB at 2.5 MB/s)
[1585a644-9088-47fb-9a74-1a0d28f723f6/run_tests]   | [INFO] Downloading from central: https://repo.maven.apache.org/maven2/org/codehaus/plexus/plexus-utils/2.0.5/plexus-utils-2.0.5.jar
[1585a644-9088-47fb-9a74-1a0d28f723f6/run_tests]   | [INFO] Downloaded from central: https://repo.maven.apache.org/maven2/org/apache/maven/maven-monitor/2.0.6/maven-monitor-2.0.6.jar (10 kB at 256 kB/s)
[1585a644-9088-47fb-9a74-1a0d28f723f6/run_tests]   | [INFO] Downloading from central: https://repo.maven.apache.org/maven2/org/apache/maven/shared/maven-filtering/1.1/maven-filtering-1.1.jar
[1585a644-9088-47fb-9a74-1a0d28f723f6/run_tests]   | [INFO] Downloaded from central: https://repo.maven.apache.org/maven2/org/codehaus/plexus/plexus-container-default/1.0-alpha-9-stable-1/plexus-container-default-1.0-alpha-9-stable-1.jar (194 kB at 4.3 MB/s)
[1585a644-9088-47fb-9a74-1a0d28f723f6/run_tests]   | [INFO] Downloading from central: https://repo.maven.apache.org/maven2/org/sonatype/plexus/plexus-build-api/0.0.4/plexus-build-api-0.0.4.jar
[1585a644-9088-47fb-9a74-1a0d28f723f6/run_tests]   | [INFO] Downloaded from central: https://repo.maven.apache.org/maven2/junit/junit/3.8.1/junit-3.8.1.jar (121 kB at 2.7 MB/s)
[1585a644-9088-47fb-9a74-1a0d28f723f6/run_tests]   | [INFO] Downloading from central: https://repo.maven.apache.org/maven2/org/codehaus/plexus/plexus-interpolation/1.13/plexus-interpolation-1.13.jar
[1585a644-9088-47fb-9a74-1a0d28f723f6/run_tests]   | [INFO] Downloaded from central: https://repo.maven.apache.org/maven2/org/apache/maven/maven-artifact/2.0.6/maven-artifact-2.0.6.jar (87 kB at 1.8 MB/s)
[1585a644-9088-47fb-9a74-1a0d28f723f6/run_tests]   | [INFO] Downloaded from central: https://repo.maven.apache.org/maven2/org/codehaus/plexus/plexus-utils/2.0.5/plexus-utils-2.0.5.jar (223 kB at 4.5 MB/s)
[1585a644-9088-47fb-9a74-1a0d28f723f6/run_tests]   | [INFO] Downloaded from central: https://repo.maven.apache.org/maven2/org/sonatype/plexus/plexus-build-api/0.0.4/plexus-build-api-0.0.4.jar (6.8 kB at 134 kB/s)
[1585a644-9088-47fb-9a74-1a0d28f723f6/run_tests]   | [INFO] Downloaded from central: https://repo.maven.apache.org/maven2/org/apache/maven/shared/maven-filtering/1.1/maven-filtering-1.1.jar (43 kB at 845 kB/s)
[1585a644-9088-47fb-9a74-1a0d28f723f6/run_tests]   | [INFO] Downloaded from central: https://repo.maven.apache.org/maven2/org/codehaus/plexus/plexus-interpolation/1.13/plexus-interpolation-1.13.jar (61 kB at 1.1 MB/s)
[1585a644-9088-47fb-9a74-1a0d28f723f6/run_tests]   | [INFO] Using 'UTF-8' encoding to copy filtered resources.
[1585a644-9088-47fb-9a74-1a0d28f723f6/run_tests]   | [INFO] skip non existing resourceDirectory /tmp/8f50300a-0456-4519-85d3-ebf12f552732/src/main/resources
[1585a644-9088-47fb-9a74-1a0d28f723f6/run_tests]   | [INFO] 
[1585a644-9088-47fb-9a74-1a0d28f723f6/run_tests]   | [INFO] --- maven-compiler-plugin:3.1:compile (default-compile) @ byteskript ---
[1585a644-9088-47fb-9a74-1a0d28f723f6/run_tests]   | [INFO] Downloading from central: https://repo.maven.apache.org/maven2/org/apache/maven/maven-plugin-api/2.0.9/maven-plugin-api-2.0.9.pom
[1585a644-9088-47fb-9a74-1a0d28f723f6/run_tests]   | [INFO] Downloaded from central: https://repo.maven.apache.org/maven2/org/apache/maven/maven-plugin-api/2.0.9/maven-plugin-api-2.0.9.pom (1.5 kB at 213 kB/s)
[1585a644-9088-47fb-9a74-1a0d28f723f6/run_tests]   | [INFO] Downloading from central: https://repo.maven.apache.org/maven2/org/apache/maven/maven/2.0.9/maven-2.0.9.pom
[1585a644-9088-47fb-9a74-1a0d28f723f6/run_tests]   | [INFO] Downloaded from central: https://repo.maven.apache.org/maven2/org/apache/maven/maven/2.0.9/maven-2.0.9.pom (19 kB at 2.7 MB/s)
[1585a644-9088-47fb-9a74-1a0d28f723f6/run_tests]   | [INFO] Downloading from central: https://repo.maven.apache.org/maven2/org/apache/maven/maven-parent/8/maven-parent-8.pom
[1585a644-9088-47fb-9a74-1a0d28f723f6/run_tests]   | [INFO] Downloaded from central: https://repo.maven.apache.org/maven2/org/apache/maven/maven-parent/8/maven-parent-8.pom (24 kB at 3.4 MB/s)
[1585a644-9088-47fb-9a74-1a0d28f723f6/run_tests]   | [INFO] Downloading from central: https://repo.maven.apache.org/maven2/org/apache/apache/4/apache-4.pom
[1585a644-9088-47fb-9a74-1a0d28f723f6/run_tests]   | [INFO] Downloaded from central: https://repo.maven.apache.org/maven2/org/apache/apache/4/apache-4.pom (4.5 kB at 642 kB/s)
[1585a644-9088-47fb-9a74-1a0d28f723f6/run_tests]   | [INFO] Downloading from central: https://repo.maven.apache.org/maven2/org/apache/maven/maven-artifact/2.0.9/maven-artifact-2.0.9.pom
[1585a644-9088-47fb-9a74-1a0d28f723f6/run_tests]   | [INFO] Downloaded from central: https://repo.maven.apache.org/maven2/org/apache/maven/maven-artifact/2.0.9/maven-artifact-2.0.9.pom (1.6 kB at 231 kB/s)
[1585a644-9088-47fb-9a74-1a0d28f723f6/run_tests]   | [INFO] Downloading from central: https://repo.maven.apache.org/maven2/org/codehaus/plexus/plexus-utils/1.5.1/plexus-utils-1.5.1.pom
[1585a644-9088-47fb-9a74-1a0d28f723f6/run_tests]   | [INFO] Downloaded from central: https://repo.maven.apache.org/maven2/org/codehaus/plexus/plexus-utils/1.5.1/plexus-utils-1.5.1.pom (2.3 kB at 328 kB/s)
[1585a644-9088-47fb-9a74-1a0d28f723f6/run_tests]   | [INFO] Downloading from central: https://repo.maven.apache.org/maven2/org/apache/maven/maven-core/2.0.9/maven-core-2.0.9.pom
[1585a644-9088-47fb-9a74-1a0d28f723f6/run_tests]   | [INFO] Downloaded from central: https://repo.maven.apache.org/maven2/org/apache/maven/maven-core/2.0.9/maven-core-2.0.9.pom (7.8 kB at 519 kB/s)
[1585a644-9088-47fb-9a74-1a0d28f723f6/run_tests]   | [INFO] Downloading from central: https://repo.maven.apache.org/maven2/org/apache/maven/maven-settings/2.0.9/maven-settings-2.0.9.pom
[1585a644-9088-47fb-9a74-1a0d28f723f6/run_tests]   | [INFO] Downloaded from central: https://repo.maven.apache.org/maven2/org/apache/maven/maven-settings/2.0.9/maven-settings-2.0.9.pom (2.1 kB at 294 kB/s)
[1585a644-9088-47fb-9a74-1a0d28f723f6/run_tests]   | [INFO] Downloading from central: https://repo.maven.apache.org/maven2/org/apache/maven/maven-model/2.0.9/maven-model-2.0.9.pom
[1585a644-9088-47fb-9a74-1a0d28f723f6/run_tests]   | [INFO] Downloaded from central: https://repo.maven.apache.org/maven2/org/apache/maven/maven-model/2.0.9/maven-model-2.0.9.pom (3.1 kB at 242 kB/s)
[1585a644-9088-47fb-9a74-1a0d28f723f6/run_tests]   | [INFO] Downloading from central: https://repo.maven.apache.org/maven2/org/apache/maven/maven-plugin-parameter-documenter/2.0.9/maven-plugin-parameter-documenter-2.0.9.pom
[1585a644-9088-47fb-9a74-1a0d28f723f6/run_tests]   | [INFO] Downloaded from central: https://repo.maven.apache.org/maven2/org/apache/maven/maven-plugin-parameter-documenter/2.0.9/maven-plugin-parameter-documenter-2.0.9.pom (2.0 kB at 116 kB/s)
[1585a644-9088-47fb-9a74-1a0d28f723f6/run_tests]   | [INFO] Downloading from central: https://repo.maven.apache.org/maven2/org/apache/maven/maven-profile/2.0.9/maven-profile-2.0.9.pom
[1585a644-9088-47fb-9a74-1a0d28f723f6/run_tests]   | [INFO] Downloaded from central: https://repo.maven.apache.org/maven2/org/apache/maven/maven-profile/2.0.9/maven-profile-2.0.9.pom (2.0 kB at 158 kB/s)
[1585a644-9088-47fb-9a74-1a0d28f723f6/run_tests]   | [INFO] Downloading from central: https://repo.maven.apache.org/maven2/org/apache/maven/maven-repository-metadata/2.0.9/maven-repository-metadata-2.0.9.pom
[1585a644-9088-47fb-9a74-1a0d28f723f6/run_tests]   | [INFO] Downloaded from central: https://repo.maven.apache.org/maven2/org/apache/maven/maven-repository-metadata/2.0.9/maven-repository-metadata-2.0.9.pom (1.9 kB at 173 kB/s)
[1585a644-9088-47fb-9a74-1a0d28f723f6/run_tests]   | [INFO] Downloading from central: https://repo.maven.apache.org/maven2/org/apache/maven/maven-error-diagnostics/2.0.9/maven-error-diagnostics-2.0.9.pom
[1585a644-9088-47fb-9a74-1a0d28f723f6/run_tests]   | [INFO] Downloaded from central: https://repo.maven.apache.org/maven2/org/apache/maven/maven-error-diagnostics/2.0.9/maven-error-diagnostics-2.0.9.pom (1.7 kB at 249 kB/s)
[1585a644-9088-47fb-9a74-1a0d28f723f6/run_tests]   | [INFO] Downloading from central: https://repo.maven.apache.org/maven2/org/apache/maven/maven-project/2.0.9/maven-project-2.0.9.pom
[1585a644-9088-47fb-9a74-1a0d28f723f6/run_tests]   | [INFO] Downloaded from central: https://repo.maven.apache.org/maven2/org/apache/maven/maven-project/2.0.9/maven-project-2.0.9.pom (2.7 kB at 387 kB/s)
[1585a644-9088-47fb-9a74-1a0d28f723f6/run_tests]   | [INFO] Downloading from central: https://repo.maven.apache.org/maven2/org/apache/maven/maven-artifact-manager/2.0.9/maven-artifact-manager-2.0.9.pom
[1585a644-9088-47fb-9a74-1a0d28f723f6/run_tests]   | [INFO] Downloaded from central: https://repo.maven.apache.org/maven2/org/apache/maven/maven-artifact-manager/2.0.9/maven-artifact-manager-2.0.9.pom (2.7 kB at 300 kB/s)
[1585a644-9088-47fb-9a74-1a0d28f723f6/run_tests]   | [INFO] Downloading from central: https://repo.maven.apache.org/maven2/org/apache/maven/maven-plugin-registry/2.0.9/maven-plugin-registry-2.0.9.pom
[1585a644-9088-47fb-9a74-1a0d28f723f6/run_tests]   | [INFO] Downloaded from central: https://repo.maven.apache.org/maven2/org/apache/maven/maven-plugin-registry/2.0.9/maven-plugin-registry-2.0.9.pom (2.0 kB at 164 kB/s)
[1585a644-9088-47fb-9a74-1a0d28f723f6/run_tests]   | [INFO] Downloading from central: https://repo.maven.apache.org/maven2/org/apache/maven/maven-plugin-descriptor/2.0.9/maven-plugin-descriptor-2.0.9.pom
[1585a644-9088-47fb-9a74-1a0d28f723f6/run_tests]   | [INFO] Downloaded from central: https://repo.maven.apache.org/maven2/org/apache/maven/maven-plugin-descriptor/2.0.9/maven-plugin-descriptor-2.0.9.pom (2.1 kB at 90 kB/s)
[1585a644-9088-47fb-9a74-1a0d28f723f6/run_tests]   | [INFO] Downloading from central: https://repo.maven.apache.org/maven2/org/apache/maven/maven-monitor/2.0.9/maven-monitor-2.0.9.pom
[1585a644-9088-47fb-9a74-1a0d28f723f6/run_tests]   | [INFO] Downloaded from central: https://repo.maven.apache.org/maven2/org/apache/maven/maven-monitor/2.0.9/maven-monitor-2.0.9.pom (1.3 kB at 161 kB/s)
[1585a644-9088-47fb-9a74-1a0d28f723f6/run_tests]   | [INFO] Downloading from central: https://repo.maven.apache.org/maven2/org/apache/maven/maven-toolchain/1.0/maven-toolchain-1.0.pom
[1585a644-9088-47fb-9a74-1a0d28f723f6/run_tests]   | [INFO] Downloaded from central: https://repo.maven.apache.org/maven2/org/apache/maven/maven-toolchain/1.0/maven-toolchain-1.0.pom (3.4 kB at 488 kB/s)
[1585a644-9088-47fb-9a74-1a0d28f723f6/run_tests]   | [INFO] Downloading from central: https://repo.maven.apache.org/maven2/org/apache/maven/shared/maven-shared-utils/0.1/maven-shared-utils-0.1.pom
[1585a644-9088-47fb-9a74-1a0d28f723f6/run_tests]   | [INFO] Downloaded from central: https://repo.maven.apache.org/maven2/org/apache/maven/shared/maven-shared-utils/0.1/maven-shared-utils-0.1.pom (4.0 kB at 674 kB/s)
[1585a644-9088-47fb-9a74-1a0d28f723f6/run_tests]   | [INFO] Downloading from central: https://repo.maven.apache.org/maven2/org/apache/maven/shared/maven-shared-components/18/maven-shared-components-18.pom
[1585a644-9088-47fb-9a74-1a0d28f723f6/run_tests]   | [INFO] Downloaded from central: https://repo.maven.apache.org/maven2/org/apache/maven/shared/maven-shared-components/18/maven-shared-components-18.pom (4.9 kB at 617 kB/s)
[1585a644-9088-47fb-9a74-1a0d28f723f6/run_tests]   | [INFO] Downloading from central: https://repo.maven.apache.org/maven2/com/google/code/findbugs/jsr305/2.0.1/jsr305-2.0.1.pom
[1585a644-9088-47fb-9a74-1a0d28f723f6/run_tests]   | [INFO] Downloaded from central: https://repo.maven.apache.org/maven2/com/google/code/findbugs/jsr305/2.0.1/jsr305-2.0.1.pom (965 B at 138 kB/s)
[1585a644-9088-47fb-9a74-1a0d28f723f6/run_tests]   | [INFO] Downloading from central: https://repo.maven.apache.org/maven2/org/apache/maven/shared/maven-shared-incremental/1.1/maven-shared-incremental-1.1.pom
[1585a644-9088-47fb-9a74-1a0d28f723f6/run_tests]   | [INFO] Downloaded from central: https://repo.maven.apache.org/maven2/org/apache/maven/shared/maven-shared-incremental/1.1/maven-shared-incremental-1.1.pom (4.7 kB at 790 kB/s)
[1585a644-9088-47fb-9a74-1a0d28f723f6/run_tests]   | [INFO] Downloading from central: https://repo.maven.apache.org/maven2/org/apache/maven/shared/maven-shared-components/19/maven-shared-components-19.pom
[1585a644-9088-47fb-9a74-1a0d28f723f6/run_tests]   | [INFO] Downloaded from central: https://repo.maven.apache.org/maven2/org/apache/maven/shared/maven-shared-components/19/maven-shared-components-19.pom (6.4 kB at 908 kB/s)
[1585a644-9088-47fb-9a74-1a0d28f723f6/run_tests]   | [INFO] Downloading from central: https://repo.maven.apache.org/maven2/org/apache/maven/maven-plugin-api/2.2.1/maven-plugin-api-2.2.1.pom
[1585a644-9088-47fb-9a74-1a0d28f723f6/run_tests]   | [INFO] Downloaded from central: https://repo.maven.apache.org/maven2/org/apache/maven/maven-plugin-api/2.2.1/maven-plugin-api-2.2.1.pom (1.5 kB at 208 kB/s)
[1585a644-9088-47fb-9a74-1a0d28f723f6/run_tests]   | [INFO] Downloading from central: https://repo.maven.apache.org/maven2/org/apache/maven/maven/2.2.1/maven-2.2.1.pom
[1585a644-9088-47fb-9a74-1a0d28f723f6/run_tests]   | [INFO] Downloaded from central: https://repo.maven.apache.org/maven2/org/apache/maven/maven/2.2.1/maven-2.2.1.pom (22 kB at 2.2 MB/s)
[1585a644-9088-47fb-9a74-1a0d28f723f6/run_tests]   | [INFO] Downloading from central: https://repo.maven.apache.org/maven2/org/apache/maven/maven-parent/11/maven-parent-11.pom
[1585a644-9088-47fb-9a74-1a0d28f723f6/run_tests]   | [INFO] Downloaded from central: https://repo.maven.apache.org/maven2/org/apache/maven/maven-parent/11/maven-parent-11.pom (32 kB at 2.9 MB/s)
[1585a644-9088-47fb-9a74-1a0d28f723f6/run_tests]   | [INFO] Downloading from central: https://repo.maven.apache.org/maven2/org/apache/apache/5/apache-5.pom
[1585a644-9088-47fb-9a74-1a0d28f723f6/run_tests]   | [INFO] Downloaded from central: https://repo.maven.apache.org/maven2/org/apache/apache/5/apache-5.pom (4.1 kB at 152 kB/s)
[1585a644-9088-47fb-9a74-1a0d28f723f6/run_tests]   | [INFO] Downloading from central: https://repo.maven.apache.org/maven2/org/apache/maven/maven-core/2.2.1/maven-core-2.2.1.pom
[1585a644-9088-47fb-9a74-1a0d28f723f6/run_tests]   | [INFO] Downloaded from central: https://repo.maven.apache.org/maven2/org/apache/maven/maven-core/2.2.1/maven-core-2.2.1.pom (12 kB at 1.3 MB/s)
[1585a644-9088-47fb-9a74-1a0d28f723f6/run_tests]   | [INFO] Downloading from central: https://repo.maven.apache.org/maven2/org/apache/maven/maven-settings/2.2.1/maven-settings-2.2.1.pom
[1585a644-9088-47fb-9a74-1a0d28f723f6/run_tests]   | [INFO] Downloaded from central: https://repo.maven.apache.org/maven2/org/apache/maven/maven-settings/2.2.1/maven-settings-2.2.1.pom (2.2 kB at 311 kB/s)
[1585a644-9088-47fb-9a74-1a0d28f723f6/run_tests]   | [INFO] Downloading from central: https://repo.maven.apache.org/maven2/org/apache/maven/maven-model/2.2.1/maven-model-2.2.1.pom
[1585a644-9088-47fb-9a74-1a0d28f723f6/run_tests]   | [INFO] Downloaded from central: https://repo.maven.apache.org/maven2/org/apache/maven/maven-model/2.2.1/maven-model-2.2.1.pom (3.2 kB at 130 kB/s)
[1585a644-9088-47fb-9a74-1a0d28f723f6/run_tests]   | [INFO] Downloading from central: https://repo.maven.apache.org/maven2/org/codehaus/plexus/plexus-interpolation/1.11/plexus-interpolation-1.11.pom
[1585a644-9088-47fb-9a74-1a0d28f723f6/run_tests]   | [INFO] Downloaded from central: https://repo.maven.apache.org/maven2/org/codehaus/plexus/plexus-interpolation/1.11/plexus-interpolation-1.11.pom (889 B at 74 kB/s)
[1585a644-9088-47fb-9a74-1a0d28f723f6/run_tests]   | [INFO] Downloading from central: https://repo.maven.apache.org/maven2/org/apache/maven/maven-plugin-parameter-documenter/2.2.1/maven-plugin-parameter-documenter-2.2.1.pom
[1585a644-9088-47fb-9a74-1a0d28f723f6/run_tests]   | [INFO] Downloaded from central: https://repo.maven.apache.org/maven2/org/apache/maven/maven-plugin-parameter-documenter/2.2.1/maven-plugin-parameter-documenter-2.2.1.pom (2.0 kB at 280 kB/s)
[1585a644-9088-47fb-9a74-1a0d28f723f6/run_tests]   | [INFO] Downloading from central: https://repo.maven.apache.org/maven2/org/slf4j/slf4j-jdk14/1.5.6/slf4j-jdk14-1.5.6.pom
[1585a644-9088-47fb-9a74-1a0d28f723f6/run_tests]   | [INFO] Downloaded from central: https://repo.maven.apache.org/maven2/org/slf4j/slf4j-jdk14/1.5.6/slf4j-jdk14-1.5.6.pom (1.9 kB at 127 kB/s)
[1585a644-9088-47fb-9a74-1a0d28f723f6/run_tests]   | [INFO] Downloading from central: https://repo.maven.apache.org/maven2/org/slf4j/slf4j-parent/1.5.6/slf4j-parent-1.5.6.pom
[1585a644-9088-47fb-9a74-1a0d28f723f6/run_tests]   | [INFO] Downloaded from central: https://repo.maven.apache.org/maven2/org/slf4j/slf4j-parent/1.5.6/slf4j-parent-1.5.6.pom (7.9 kB at 566 kB/s)
[1585a644-9088-47fb-9a74-1a0d28f723f6/run_tests]   | [INFO] Downloading from central: https://repo.maven.apache.org/maven2/org/slf4j/slf4j-api/1.5.6/slf4j-api-1.5.6.pom
[1585a644-9088-47fb-9a74-1a0d28f723f6/run_tests]   | [INFO] Downloaded from central: https://repo.maven.apache.org/maven2/org/slf4j/slf4j-api/1.5.6/slf4j-api-1.5.6.pom (3.0 kB at 149 kB/s)
[1585a644-9088-47fb-9a74-1a0d28f723f6/run_tests]   | [INFO] Downloading from central: https://repo.maven.apache.org/maven2/org/slf4j/jcl-over-slf4j/1.5.6/jcl-over-slf4j-1.5.6.pom
[1585a644-9088-47fb-9a74-1a0d28f723f6/run_tests]   | [INFO] Downloaded from central: https://repo.maven.apache.org/maven2/org/slf4j/jcl-over-slf4j/1.5.6/jcl-over-slf4j-1.5.6.pom (2.2 kB at 145 kB/s)
[1585a644-9088-47fb-9a74-1a0d28f723f6/run_tests]   | [INFO] Downloading from central: https://repo.maven.apache.org/maven2/org/apache/maven/maven-profile/2.2.1/maven-profile-2.2.1.pom
[1585a644-9088-47fb-9a74-1a0d28f723f6/run_tests]   | [INFO] Downloaded from central: https://repo.maven.apache.org/maven2/org/apache/maven/maven-profile/2.2.1/maven-profile-2.2.1.pom (2.2 kB at 167 kB/s)
[1585a644-9088-47fb-9a74-1a0d28f723f6/run_tests]   | [INFO] Downloading from central: https://repo.maven.apache.org/maven2/org/apache/maven/maven-artifact/2.2.1/maven-artifact-2.2.1.pom
[1585a644-9088-47fb-9a74-1a0d28f723f6/run_tests]   | [INFO] Downloaded from central: https://repo.maven.apache.org/maven2/org/apache/maven/maven-artifact/2.2.1/maven-artifact-2.2.1.pom (1.6 kB at 264 kB/s)
[1585a644-9088-47fb-9a74-1a0d28f723f6/run_tests]   | [INFO] Downloading from central: https://repo.maven.apache.org/maven2/org/apache/maven/maven-repository-metadata/2.2.1/maven-repository-metadata-2.2.1.pom
[1585a644-9088-47fb-9a74-1a0d28f723f6/run_tests]   | [INFO] Downloaded from central: https://repo.maven.apache.org/maven2/org/apache/maven/maven-repository-metadata/2.2.1/maven-repository-metadata-2.2.1.pom (1.9 kB at 208 kB/s)
[1585a644-9088-47fb-9a74-1a0d28f723f6/run_tests]   | [INFO] Downloading from central: https://repo.maven.apache.org/maven2/org/apache/maven/maven-error-diagnostics/2.2.1/maven-error-diagnostics-2.2.1.pom
[1585a644-9088-47fb-9a74-1a0d28f723f6/run_tests]   | [INFO] Downloaded from central: https://repo.maven.apache.org/maven2/org/apache/maven/maven-error-diagnostics/2.2.1/maven-error-diagnostics-2.2.1.pom (1.7 kB at 214 kB/s)
[1585a644-9088-47fb-9a74-1a0d28f723f6/run_tests]   | [INFO] Downloading from central: https://repo.maven.apache.org/maven2/org/apache/maven/maven-project/2.2.1/maven-project-2.2.1.pom
[1585a644-9088-47fb-9a74-1a0d28f723f6/run_tests]   | [INFO] Downloaded from central: https://repo.maven.apache.org/maven2/org/apache/maven/maven-project/2.2.1/maven-project-2.2.1.pom (2.8 kB at 185 kB/s)
[1585a644-9088-47fb-9a74-1a0d28f723f6/run_tests]   | [INFO] Downloading from central: https://repo.maven.apache.org/maven2/org/apache/maven/maven-artifact-manager/2.2.1/maven-artifact-manager-2.2.1.pom
[1585a644-9088-47fb-9a74-1a0d28f723f6/run_tests]   | [INFO] Downloaded from central: https://repo.maven.apache.org/maven2/org/apache/maven/maven-artifact-manager/2.2.1/maven-artifact-manager-2.2.1.pom (3.1 kB at 282 kB/s)
[1585a644-9088-47fb-9a74-1a0d28f723f6/run_tests]   | [INFO] Downloading from central: https://repo.maven.apache.org/maven2/backport-util-concurrent/backport-util-concurrent/3.1/backport-util-concurrent-3.1.pom
[1585a644-9088-47fb-9a74-1a0d28f723f6/run_tests]   | [INFO] Downloaded from central: https://repo.maven.apache.org/maven2/backport-util-concurrent/backport-util-concurrent/3.1/backport-util-concurrent-3.1.pom (880 B at 63 kB/s)
[1585a644-9088-47fb-9a74-1a0d28f723f6/run_tests]   | [INFO] Downloading from central: https://repo.maven.apache.org/maven2/org/apache/maven/maven-plugin-registry/2.2.1/maven-plugin-registry-2.2.1.pom
[1585a644-9088-47fb-9a74-1a0d28f723f6/run_tests]   | [INFO] Downloaded from central: https://repo.maven.apache.org/maven2/org/apache/maven/maven-plugin-registry/2.2.1/maven-plugin-registry-2.2.1.pom (1.9 kB at 214 kB/s)
[1585a644-9088-47fb-9a74-1a0d28f723f6/run_tests]   | [INFO] Downloading from central: https://repo.maven.apache.org/maven2/org/apache/maven/maven-plugin-descriptor/2.2.1/maven-plugin-descriptor-2.2.1.pom
[1585a644-9088-47fb-9a74-1a0d28f723f6/run_tests]   | [INFO] Downloaded from central: https://repo.maven.apache.org/maven2/org/apache/maven/maven-plugin-descriptor/2.2.1/maven-plugin-descriptor-2.2.1.pom (2.1 kB at 295 kB/s)
[1585a644-9088-47fb-9a74-1a0d28f723f6/run_tests]   | [INFO] Downloading from central: https://repo.maven.apache.org/maven2/org/apache/maven/maven-monitor/2.2.1/maven-monitor-2.2.1.pom
[1585a644-9088-47fb-9a74-1a0d28f723f6/run_tests]   | [INFO] Downloaded from central: https://repo.maven.apache.org/maven2/org/apache/maven/maven-monitor/2.2.1/maven-monitor-2.2.1.pom (1.3 kB at 105 kB/s)
[1585a644-9088-47fb-9a74-1a0d28f723f6/run_tests]   | [INFO] Downloading from central: https://repo.maven.apache.org/maven2/org/sonatype/plexus/plexus-sec-dispatcher/1.3/plexus-sec-dispatcher-1.3.pom
[1585a644-9088-47fb-9a74-1a0d28f723f6/run_tests]   | [INFO] Downloaded from central: https://repo.maven.apache.org/maven2/org/sonatype/plexus/plexus-sec-dispatcher/1.3/plexus-sec-dispatcher-1.3.pom (3.0 kB at 269 kB/s)
[1585a644-9088-47fb-9a74-1a0d28f723f6/run_tests]   | [INFO] Downloading from central: https://repo.maven.apache.org/maven2/org/sonatype/spice/spice-parent/12/spice-parent-12.pom
[1585a644-9088-47fb-9a74-1a0d28f723f6/run_tests]   | [INFO] Downloaded from central: https://repo.maven.apache.org/maven2/org/sonatype/spice/spice-parent/12/spice-parent-12.pom (6.8 kB at 971 kB/s)
[1585a644-9088-47fb-9a74-1a0d28f723f6/run_tests]   | [INFO] Downloading from central: https://repo.maven.apache.org/maven2/org/sonatype/forge/forge-parent/4/forge-parent-4.pom
[1585a644-9088-47fb-9a74-1a0d28f723f6/run_tests]   | [INFO] Downloaded from central: https://repo.maven.apache.org/maven2/org/sonatype/forge/forge-parent/4/forge-parent-4.pom (8.4 kB at 525 kB/s)
[1585a644-9088-47fb-9a74-1a0d28f723f6/run_tests]   | [INFO] Downloading from central: https://repo.maven.apache.org/maven2/org/codehaus/plexus/plexus-utils/1.5.5/plexus-utils-1.5.5.pom
[1585a644-9088-47fb-9a74-1a0d28f723f6/run_tests]   | [INFO] Downloaded from central: https://repo.maven.apache.org/maven2/org/codehaus/plexus/plexus-utils/1.5.5/plexus-utils-1.5.5.pom (5.1 kB at 245 kB/s)
[1585a644-9088-47fb-9a74-1a0d28f723f6/run_tests]   | [INFO] Downloading from central: https://repo.maven.apache.org/maven2/org/sonatype/plexus/plexus-cipher/1.4/plexus-cipher-1.4.pom
[1585a644-9088-47fb-9a74-1a0d28f723f6/run_tests]   | [INFO] Downloaded from central: https://repo.maven.apache.org/maven2/org/sonatype/plexus/plexus-cipher/1.4/plexus-cipher-1.4.pom (2.1 kB at 258 kB/s)
[1585a644-9088-47fb-9a74-1a0d28f723f6/run_tests]   | [INFO] Downloading from central: https://repo.maven.apache.org/maven2/org/codehaus/plexus/plexus-component-annotations/1.5.5/plexus-component-annotations-1.5.5.pom
[1585a644-9088-47fb-9a74-1a0d28f723f6/run_tests]   | [INFO] Downloaded from central: https://repo.maven.apache.org/maven2/org/codehaus/plexus/plexus-component-annotations/1.5.5/plexus-component-annotations-1.5.5.pom (815 B at 91 kB/s)
[1585a644-9088-47fb-9a74-1a0d28f723f6/run_tests]   | [INFO] Downloading from central: https://repo.maven.apache.org/maven2/org/codehaus/plexus/plexus-containers/1.5.5/plexus-containers-1.5.5.pom
[1585a644-9088-47fb-9a74-1a0d28f723f6/run_tests]   | [INFO] Downloaded from central: https://repo.maven.apache.org/maven2/org/codehaus/plexus/plexus-containers/1.5.5/plexus-containers-1.5.5.pom (4.2 kB at 530 kB/s)
[1585a644-9088-47fb-9a74-1a0d28f723f6/run_tests]   | [INFO] Downloading from central: https://repo.maven.apache.org/maven2/org/codehaus/plexus/plexus/2.0.7/plexus-2.0.7.pom
[1585a644-9088-47fb-9a74-1a0d28f723f6/run_tests]   | [INFO] Downloaded from central: https://repo.maven.apache.org/maven2/org/codehaus/plexus/plexus/2.0.7/plexus-2.0.7.pom (17 kB at 2.5 MB/s)
[1585a644-9088-47fb-9a74-1a0d28f723f6/run_tests]   | [INFO] Downloading from central: https://repo.maven.apache.org/maven2/org/codehaus/plexus/plexus-compiler-api/2.2/plexus-compiler-api-2.2.pom
[1585a644-9088-47fb-9a74-1a0d28f723f6/run_tests]   | [INFO] Downloaded from central: https://repo.maven.apache.org/maven2/org/codehaus/plexus/plexus-compiler-api/2.2/plexus-compiler-api-2.2.pom (865 B at 86 kB/s)
[1585a644-9088-47fb-9a74-1a0d28f723f6/run_tests]   | [INFO] Downloading from central: https://repo.maven.apache.org/maven2/org/codehaus/plexus/plexus-compiler/2.2/plexus-compiler-2.2.pom
[1585a644-9088-47fb-9a74-1a0d28f723f6/run_tests]   | [INFO] Downloaded from central: https://repo.maven.apache.org/maven2/org/codehaus/plexus/plexus-compiler/2.2/plexus-compiler-2.2.pom (3.6 kB at 516 kB/s)
[1585a644-9088-47fb-9a74-1a0d28f723f6/run_tests]   | [INFO] Downloading from central: https://repo.maven.apache.org/maven2/org/codehaus/plexus/plexus-components/1.3.1/plexus-components-1.3.1.pom
[1585a644-9088-47fb-9a74-1a0d28f723f6/run_tests]   | [INFO] Downloaded from central: https://repo.maven.apache.org/maven2/org/codehaus/plexus/plexus-components/1.3.1/plexus-components-1.3.1.pom (3.1 kB at 438 kB/s)
[1585a644-9088-47fb-9a74-1a0d28f723f6/run_tests]   | [INFO] Downloading from central: https://repo.maven.apache.org/maven2/org/codehaus/plexus/plexus/3.3.1/plexus-3.3.1.pom
[1585a644-9088-47fb-9a74-1a0d28f723f6/run_tests]   | [INFO] Downloaded from central: https://repo.maven.apache.org/maven2/org/codehaus/plexus/plexus/3.3.1/plexus-3.3.1.pom (20 kB at 2.0 MB/s)
[1585a644-9088-47fb-9a74-1a0d28f723f6/run_tests]   | [INFO] Downloading from central: https://repo.maven.apache.org/maven2/org/sonatype/spice/spice-parent/17/spice-parent-17.pom
[1585a644-9088-47fb-9a74-1a0d28f723f6/run_tests]   | [INFO] Downloaded from central: https://repo.maven.apache.org/maven2/org/sonatype/spice/spice-parent/17/spice-parent-17.pom (6.8 kB at 845 kB/s)
[1585a644-9088-47fb-9a74-1a0d28f723f6/run_tests]   | [INFO] Downloading from central: https://repo.maven.apache.org/maven2/org/sonatype/forge/forge-parent/10/forge-parent-10.pom
[1585a644-9088-47fb-9a74-1a0d28f723f6/run_tests]   | [INFO] Downloaded from central: https://repo.maven.apache.org/maven2/org/sonatype/forge/forge-parent/10/forge-parent-10.pom (14 kB at 565 kB/s)
[1585a644-9088-47fb-9a74-1a0d28f723f6/run_tests]   | [INFO] Downloading from central: https://repo.maven.apache.org/maven2/org/codehaus/plexus/plexus-utils/3.0.8/plexus-utils-3.0.8.pom
[1585a644-9088-47fb-9a74-1a0d28f723f6/run_tests]   | [INFO] Downloaded from central: https://repo.maven.apache.org/maven2/org/codehaus/plexus/plexus-utils/3.0.8/plexus-utils-3.0.8.pom (3.1 kB at 121 kB/s)
[1585a644-9088-47fb-9a74-1a0d28f723f6/run_tests]   | [INFO] Downloading from central: https://repo.maven.apache.org/maven2/org/codehaus/plexus/plexus/3.2/plexus-3.2.pom
[1585a644-9088-47fb-9a74-1a0d28f723f6/run_tests]   | [INFO] Downloaded from central: https://repo.maven.apache.org/maven2/org/codehaus/plexus/plexus/3.2/plexus-3.2.pom (19 kB at 670 kB/s)
[1585a644-9088-47fb-9a74-1a0d28f723f6/run_tests]   | [INFO] Downloading from central: https://repo.maven.apache.org/maven2/org/codehaus/plexus/plexus-compiler-manager/2.2/plexus-compiler-manager-2.2.pom
[1585a644-9088-47fb-9a74-1a0d28f723f6/run_tests]   | [INFO] Downloaded from central: https://repo.maven.apache.org/maven2/org/codehaus/plexus/plexus-compiler-manager/2.2/plexus-compiler-manager-2.2.pom (690 B at 99 kB/s)
[1585a644-9088-47fb-9a74-1a0d28f723f6/run_tests]   | [INFO] Downloading from central: https://repo.maven.apache.org/maven2/org/codehaus/plexus/plexus-compiler-javac/2.2/plexus-compiler-javac-2.2.pom
[1585a644-9088-47fb-9a74-1a0d28f723f6/run_tests]   | [INFO] Downloaded from central: https://repo.maven.apache.org/maven2/org/codehaus/plexus/plexus-compiler-javac/2.2/plexus-compiler-javac-2.2.pom (769 B at 85 kB/s)
[1585a644-9088-47fb-9a74-1a0d28f723f6/run_tests]   | [INFO] Downloading from central: https://repo.maven.apache.org/maven2/org/codehaus/plexus/plexus-compilers/2.2/plexus-compilers-2.2.pom
[1585a644-9088-47fb-9a74-1a0d28f723f6/run_tests]   | [INFO] Downloaded from central: https://repo.maven.apache.org/maven2/org/codehaus/plexus/plexus-compilers/2.2/plexus-compilers-2.2.pom (1.2 kB at 207 kB/s)
[1585a644-9088-47fb-9a74-1a0d28f723f6/run_tests]   | [INFO] Downloading from central: https://repo.maven.apache.org/maven2/org/codehaus/plexus/plexus-container-default/1.5.5/plexus-container-default-1.5.5.pom
[1585a644-9088-47fb-9a74-1a0d28f723f6/run_tests]   | [INFO] Downloaded from central: https://repo.maven.apache.org/maven2/org/codehaus/plexus/plexus-container-default/1.5.5/plexus-container-default-1.5.5.pom (2.8 kB at 172 kB/s)
[1585a644-9088-47fb-9a74-1a0d28f723f6/run_tests]   | [INFO] Downloading from central: https://repo.maven.apache.org/maven2/org/codehaus/plexus/plexus-utils/1.4.5/plexus-utils-1.4.5.pom
[1585a644-9088-47fb-9a74-1a0d28f723f6/run_tests]   | [INFO] Downloaded from central: https://repo.maven.apache.org/maven2/org/codehaus/plexus/plexus-utils/1.4.5/plexus-utils-1.4.5.pom (2.3 kB at 48 kB/s)
[1585a644-9088-47fb-9a74-1a0d28f723f6/run_tests]   | [INFO] Downloading from central: https://repo.maven.apache.org/maven2/org/codehaus/plexus/plexus-classworlds/2.2.2/plexus-classworlds-2.2.2.pom
[1585a644-9088-47fb-9a74-1a0d28f723f6/run_tests]   | [INFO] Downloaded from central: https://repo.maven.apache.org/maven2/org/codehaus/plexus/plexus-classworlds/2.2.2/plexus-classworlds-2.2.2.pom (4.0 kB at 576 kB/s)
[1585a644-9088-47fb-9a74-1a0d28f723f6/run_tests]   | [INFO] Downloading from central: https://repo.maven.apache.org/maven2/org/apache/xbean/xbean-reflect/3.4/xbean-reflect-3.4.pom
[1585a644-9088-47fb-9a74-1a0d28f723f6/run_tests]   | [INFO] Downloaded from central: https://repo.maven.apache.org/maven2/org/apache/xbean/xbean-reflect/3.4/xbean-reflect-3.4.pom (2.8 kB at 401 kB/s)
[1585a644-9088-47fb-9a74-1a0d28f723f6/run_tests]   | [INFO] Downloading from central: https://repo.maven.apache.org/maven2/org/apache/xbean/xbean/3.4/xbean-3.4.pom
[1585a644-9088-47fb-9a74-1a0d28f723f6/run_tests]   | [INFO] Downloaded from central: https://repo.maven.apache.org/maven2/org/apache/xbean/xbean/3.4/xbean-3.4.pom (19 kB at 2.6 MB/s)
[1585a644-9088-47fb-9a74-1a0d28f723f6/run_tests]   | [INFO] Downloading from central: https://repo.maven.apache.org/maven2/log4j/log4j/1.2.12/log4j-1.2.12.pom
[1585a644-9088-47fb-9a74-1a0d28f723f6/run_tests]   | [INFO] Downloaded from central: https://repo.maven.apache.org/maven2/log4j/log4j/1.2.12/log4j-1.2.12.pom (145 B at 24 kB/s)
[1585a644-9088-47fb-9a74-1a0d28f723f6/run_tests]   | [INFO] Downloading from central: https://repo.maven.apache.org/maven2/commons-logging/commons-logging-api/1.1/commons-logging-api-1.1.pom
[1585a644-9088-47fb-9a74-1a0d28f723f6/run_tests]   | [INFO] Downloaded from central: https://repo.maven.apache.org/maven2/commons-logging/commons-logging-api/1.1/commons-logging-api-1.1.pom (5.3 kB at 891 kB/s)
[1585a644-9088-47fb-9a74-1a0d28f723f6/run_tests]   | [INFO] Downloading from central: https://repo.maven.apache.org/maven2/com/google/collections/google-collections/1.0/google-collections-1.0.pom
[1585a644-9088-47fb-9a74-1a0d28f723f6/run_tests]   | [INFO] Downloaded from central: https://repo.maven.apache.org/maven2/com/google/collections/google-collections/1.0/google-collections-1.0.pom (2.5 kB at 354 kB/s)
[1585a644-9088-47fb-9a74-1a0d28f723f6/run_tests]   | [INFO] Downloading from central: https://repo.maven.apache.org/maven2/com/google/google/1/google-1.pom
[1585a644-9088-47fb-9a74-1a0d28f723f6/run_tests]   | [INFO] Downloaded from central: https://repo.maven.apache.org/maven2/com/google/google/1/google-1.pom (1.6 kB at 222 kB/s)
[1585a644-9088-47fb-9a74-1a0d28f723f6/run_tests]   | [INFO] Downloading from central: https://repo.maven.apache.org/maven2/junit/junit/3.8.2/junit-3.8.2.pom
[1585a644-9088-47fb-9a74-1a0d28f723f6/run_tests]   | [INFO] Downloaded from central: https://repo.maven.apache.org/maven2/junit/junit/3.8.2/junit-3.8.2.pom (747 B at 107 kB/s)
[1585a644-9088-47fb-9a74-1a0d28f723f6/run_tests]   | [INFO] Downloading from central: https://repo.maven.apache.org/maven2/org/apache/maven/maven-plugin-api/2.0.9/maven-plugin-api-2.0.9.jar
[1585a644-9088-47fb-9a74-1a0d28f723f6/run_tests]   | [INFO] Downloading from central: https://repo.maven.apache.org/maven2/org/apache/maven/maven-artifact/2.0.9/maven-artifact-2.0.9.jar
[1585a644-9088-47fb-9a74-1a0d28f723f6/run_tests]   | [INFO] Downloading from central: https://repo.maven.apache.org/maven2/org/codehaus/plexus/plexus-utils/1.5.1/plexus-utils-1.5.1.jar
[1585a644-9088-47fb-9a74-1a0d28f723f6/run_tests]   | [INFO] Downloading from central: https://repo.maven.apache.org/maven2/org/apache/maven/maven-core/2.0.9/maven-core-2.0.9.jar
[1585a644-9088-47fb-9a74-1a0d28f723f6/run_tests]   | [INFO] Downloading from central: https://repo.maven.apache.org/maven2/org/apache/maven/maven-settings/2.0.9/maven-settings-2.0.9.jar
[1585a644-9088-47fb-9a74-1a0d28f723f6/run_tests]   | [INFO] Downloaded from central: https://repo.maven.apache.org/maven2/org/codehaus/plexus/plexus-utils/1.5.1/plexus-utils-1.5.1.jar (211 kB at 6.4 MB/s)
[1585a644-9088-47fb-9a74-1a0d28f723f6/run_tests]   | [INFO] Downloading from central: https://repo.maven.apache.org/maven2/org/apache/maven/maven-plugin-parameter-documenter/2.0.9/maven-plugin-parameter-documenter-2.0.9.jar
[1585a644-9088-47fb-9a74-1a0d28f723f6/run_tests]   | [INFO] Downloaded from central: https://repo.maven.apache.org/maven2/org/apache/maven/maven-plugin-api/2.0.9/maven-plugin-api-2.0.9.jar (13 kB at 379 kB/s)
[1585a644-9088-47fb-9a74-1a0d28f723f6/run_tests]   | [INFO] Downloading from central: https://repo.maven.apache.org/maven2/org/apache/maven/maven-profile/2.0.9/maven-profile-2.0.9.jar
[1585a644-9088-47fb-9a74-1a0d28f723f6/run_tests]   | [INFO] Downloaded from central: https://repo.maven.apache.org/maven2/org/apache/maven/maven-artifact/2.0.9/maven-artifact-2.0.9.jar (89 kB at 2.5 MB/s)
[1585a644-9088-47fb-9a74-1a0d28f723f6/run_tests]   | [INFO] Downloading from central: https://repo.maven.apache.org/maven2/org/apache/maven/maven-model/2.0.9/maven-model-2.0.9.jar
[1585a644-9088-47fb-9a74-1a0d28f723f6/run_tests]   | [INFO] Downloaded from central: https://repo.maven.apache.org/maven2/org/apache/maven/maven-settings/2.0.9/maven-settings-2.0.9.jar (49 kB at 1.4 MB/s)
[1585a644-9088-47fb-9a74-1a0d28f723f6/run_tests]   | [INFO] Downloading from central: https://repo.maven.apache.org/maven2/org/apache/maven/maven-repository-metadata/2.0.9/maven-repository-metadata-2.0.9.jar
[1585a644-9088-47fb-9a74-1a0d28f723f6/run_tests]   | [INFO] Downloaded from central: https://repo.maven.apache.org/maven2/org/apache/maven/maven-core/2.0.9/maven-core-2.0.9.jar (160 kB at 4.0 MB/s)
[1585a644-9088-47fb-9a74-1a0d28f723f6/run_tests]   | [INFO] Downloading from central: https://repo.maven.apache.org/maven2/org/apache/maven/maven-error-diagnostics/2.0.9/maven-error-diagnostics-2.0.9.jar
[1585a644-9088-47fb-9a74-1a0d28f723f6/run_tests]   | [INFO] Downloaded from central: https://repo.maven.apache.org/maven2/org/apache/maven/maven-profile/2.0.9/maven-profile-2.0.9.jar (35 kB at 804 kB/s)
[1585a644-9088-47fb-9a74-1a0d28f723f6/run_tests]   | [INFO] Downloading from central: https://repo.maven.apache.org/maven2/org/apache/maven/maven-project/2.0.9/maven-project-2.0.9.jar
[1585a644-9088-47fb-9a74-1a0d28f723f6/run_tests]   | [INFO] Downloaded from central: https://repo.maven.apache.org/maven2/org/apache/maven/maven-plugin-parameter-documenter/2.0.9/maven-plugin-parameter-documenter-2.0.9.jar (21 kB at 474 kB/s)
[1585a644-9088-47fb-9a74-1a0d28f723f6/run_tests]   | [INFO] Downloading from central: https://repo.maven.apache.org/maven2/org/apache/maven/maven-plugin-registry/2.0.9/maven-plugin-registry-2.0.9.jar
[1585a644-9088-47fb-9a74-1a0d28f723f6/run_tests]   | [INFO] Downloaded from central: https://repo.maven.apache.org/maven2/org/apache/maven/maven-model/2.0.9/maven-model-2.0.9.jar (87 kB at 1.9 MB/s)
[1585a644-9088-47fb-9a74-1a0d28f723f6/run_tests]   | [INFO] Downloading from central: https://repo.maven.apache.org/maven2/org/apache/maven/maven-plugin-descriptor/2.0.9/maven-plugin-descriptor-2.0.9.jar
[1585a644-9088-47fb-9a74-1a0d28f723f6/run_tests]   | [INFO] Downloaded from central: https://repo.maven.apache.org/maven2/org/apache/maven/maven-error-diagnostics/2.0.9/maven-error-diagnostics-2.0.9.jar (14 kB at 281 kB/s)
[1585a644-9088-47fb-9a74-1a0d28f723f6/run_tests]   | [INFO] Downloading from central: https://repo.maven.apache.org/maven2/org/apache/maven/maven-artifact-manager/2.0.9/maven-artifact-manager-2.0.9.jar
[1585a644-9088-47fb-9a74-1a0d28f723f6/run_tests]   | [INFO] Downloaded from central: https://repo.maven.apache.org/maven2/org/apache/maven/maven-plugin-registry/2.0.9/maven-plugin-registry-2.0.9.jar (29 kB at 559 kB/s)
[1585a644-9088-47fb-9a74-1a0d28f723f6/run_tests]   | [INFO] Downloading from central: https://repo.maven.apache.org/maven2/org/apache/maven/maven-monitor/2.0.9/maven-monitor-2.0.9.jar
[1585a644-9088-47fb-9a74-1a0d28f723f6/run_tests]   | [INFO] Downloaded from central: https://repo.maven.apache.org/maven2/org/apache/maven/maven-repository-metadata/2.0.9/maven-repository-metadata-2.0.9.jar (25 kB at 455 kB/s)
[1585a644-9088-47fb-9a74-1a0d28f723f6/run_tests]   | [INFO] Downloading from central: https://repo.maven.apache.org/maven2/org/apache/maven/maven-toolchain/1.0/maven-toolchain-1.0.jar
[1585a644-9088-47fb-9a74-1a0d28f723f6/run_tests]   | [INFO] Downloaded from central: https://repo.maven.apache.org/maven2/org/apache/maven/maven-project/2.0.9/maven-project-2.0.9.jar (122 kB at 2.2 MB/s)
[1585a644-9088-47fb-9a74-1a0d28f723f6/run_tests]   | [INFO] Downloading from central: https://repo.maven.apache.org/maven2/org/apache/maven/shared/maven-shared-utils/0.1/maven-shared-utils-0.1.jar
[1585a644-9088-47fb-9a74-1a0d28f723f6/run_tests]   | [INFO] Downloaded from central: https://repo.maven.apache.org/maven2/org/apache/maven/maven-artifact-manager/2.0.9/maven-artifact-manager-2.0.9.jar (58 kB at 1.0 MB/s)
[1585a644-9088-47fb-9a74-1a0d28f723f6/run_tests]   | [INFO] Downloading from central: https://repo.maven.apache.org/maven2/com/google/code/findbugs/jsr305/2.0.1/jsr305-2.0.1.jar
[1585a644-9088-47fb-9a74-1a0d28f723f6/run_tests]   | [INFO] Downloaded from central: https://repo.maven.apache.org/maven2/org/apache/maven/maven-monitor/2.0.9/maven-monitor-2.0.9.jar (10 kB at 145 kB/s)
[1585a644-9088-47fb-9a74-1a0d28f723f6/run_tests]   | [INFO] Downloading from central: https://repo.maven.apache.org/maven2/org/apache/maven/shared/maven-shared-incremental/1.1/maven-shared-incremental-1.1.jar
[1585a644-9088-47fb-9a74-1a0d28f723f6/run_tests]   | [INFO] Downloaded from central: https://repo.maven.apache.org/maven2/org/apache/maven/maven-plugin-descriptor/2.0.9/maven-plugin-descriptor-2.0.9.jar (37 kB at 522 kB/s)
[1585a644-9088-47fb-9a74-1a0d28f723f6/run_tests]   | [INFO] Downloading from central: https://repo.maven.apache.org/maven2/org/codehaus/plexus/plexus-component-annotations/1.5.5/plexus-component-annotations-1.5.5.jar
[1585a644-9088-47fb-9a74-1a0d28f723f6/run_tests]   | [INFO] Downloaded from central: https://repo.maven.apache.org/maven2/com/google/code/findbugs/jsr305/2.0.1/jsr305-2.0.1.jar (32 kB at 379 kB/s)
[1585a644-9088-47fb-9a74-1a0d28f723f6/run_tests]   | [INFO] Downloading from central: https://repo.maven.apache.org/maven2/org/codehaus/plexus/plexus-compiler-api/2.2/plexus-compiler-api-2.2.jar
[1585a644-9088-47fb-9a74-1a0d28f723f6/run_tests]   | [INFO] Downloaded from central: https://repo.maven.apache.org/maven2/org/apache/maven/maven-toolchain/1.0/maven-toolchain-1.0.jar (33 kB at 374 kB/s)
[1585a644-9088-47fb-9a74-1a0d28f723f6/run_tests]   | [INFO] Downloading from central: https://repo.maven.apache.org/maven2/org/codehaus/plexus/plexus-compiler-manager/2.2/plexus-compiler-manager-2.2.jar
[1585a644-9088-47fb-9a74-1a0d28f723f6/run_tests]   | [INFO] Downloaded from central: https://repo.maven.apache.org/maven2/org/codehaus/plexus/plexus-component-annotations/1.5.5/plexus-component-annotations-1.5.5.jar (4.2 kB at 48 kB/s)
[1585a644-9088-47fb-9a74-1a0d28f723f6/run_tests]   | [INFO] Downloading from central: https://repo.maven.apache.org/maven2/org/codehaus/plexus/plexus-compiler-javac/2.2/plexus-compiler-javac-2.2.jar
[1585a644-9088-47fb-9a74-1a0d28f723f6/run_tests]   | [INFO] Downloaded from central: https://repo.maven.apache.org/maven2/org/apache/maven/shared/maven-shared-utils/0.1/maven-shared-utils-0.1.jar (155 kB at 1.8 MB/s)
[1585a644-9088-47fb-9a74-1a0d28f723f6/run_tests]   | [INFO] Downloading from central: https://repo.maven.apache.org/maven2/org/codehaus/plexus/plexus-container-default/1.5.5/plexus-container-default-1.5.5.jar
[1585a644-9088-47fb-9a74-1a0d28f723f6/run_tests]   | [INFO] Downloaded from central: https://repo.maven.apache.org/maven2/org/codehaus/plexus/plexus-compiler-api/2.2/plexus-compiler-api-2.2.jar (25 kB at 269 kB/s)
[1585a644-9088-47fb-9a74-1a0d28f723f6/run_tests]   | [INFO] Downloading from central: https://repo.maven.apache.org/maven2/org/codehaus/plexus/plexus-classworlds/2.2.2/plexus-classworlds-2.2.2.jar
[1585a644-9088-47fb-9a74-1a0d28f723f6/run_tests]   | [INFO] Downloaded from central: https://repo.maven.apache.org/maven2/org/apache/maven/shared/maven-shared-incremental/1.1/maven-shared-incremental-1.1.jar (14 kB at 143 kB/s)
[1585a644-9088-47fb-9a74-1a0d28f723f6/run_tests]   | [INFO] Downloading from central: https://repo.maven.apache.org/maven2/org/apache/xbean/xbean-reflect/3.4/xbean-reflect-3.4.jar
[1585a644-9088-47fb-9a74-1a0d28f723f6/run_tests]   | [INFO] Downloaded from central: https://repo.maven.apache.org/maven2/org/codehaus/plexus/plexus-compiler-javac/2.2/plexus-compiler-javac-2.2.jar (19 kB at 192 kB/s)
[1585a644-9088-47fb-9a74-1a0d28f723f6/run_tests]   | [INFO] Downloading from central: https://repo.maven.apache.org/maven2/log4j/log4j/1.2.12/log4j-1.2.12.jar
[1585a644-9088-47fb-9a74-1a0d28f723f6/run_tests]   | [INFO] Downloaded from central: https://repo.maven.apache.org/maven2/org/codehaus/plexus/plexus-compiler-manager/2.2/plexus-compiler-manager-2.2.jar (4.6 kB at 46 kB/s)
[1585a644-9088-47fb-9a74-1a0d28f723f6/run_tests]   | [INFO] Downloading from central: https://repo.maven.apache.org/maven2/commons-logging/commons-logging-api/1.1/commons-logging-api-1.1.jar
[1585a644-9088-47fb-9a74-1a0d28f723f6/run_tests]   | [INFO] Downloaded from central: https://repo.maven.apache.org/maven2/org/codehaus/plexus/plexus-container-default/1.5.5/plexus-container-default-1.5.5.jar (217 kB at 2.0 MB/s)
[1585a644-9088-47fb-9a74-1a0d28f723f6/run_tests]   | [INFO] Downloading from central: https://repo.maven.apache.org/maven2/com/google/collections/google-collections/1.0/google-collections-1.0.jar
[1585a644-9088-47fb-9a74-1a0d28f723f6/run_tests]   | [INFO] Downloaded from central: https://repo.maven.apache.org/maven2/org/codehaus/plexus/plexus-classworlds/2.2.2/plexus-classworlds-2.2.2.jar (46 kB at 423 kB/s)
[1585a644-9088-47fb-9a74-1a0d28f723f6/run_tests]   | [INFO] Downloading from central: https://repo.maven.apache.org/maven2/junit/junit/3.8.2/junit-3.8.2.jar
[1585a644-9088-47fb-9a74-1a0d28f723f6/run_tests]   | [INFO] Downloaded from central: https://repo.maven.apache.org/maven2/commons-logging/commons-logging-api/1.1/commons-logging-api-1.1.jar (45 kB at 391 kB/s)
[1585a644-9088-47fb-9a74-1a0d28f723f6/run_tests]   | [INFO] Downloaded from central: https://repo.maven.apache.org/maven2/org/apache/xbean/xbean-reflect/3.4/xbean-reflect-3.4.jar (134 kB at 1.1 MB/s)
[1585a644-9088-47fb-9a74-1a0d28f723f6/run_tests]   | [INFO] Downloaded from central: https://repo.maven.apache.org/maven2/junit/junit/3.8.2/junit-3.8.2.jar (121 kB at 973 kB/s)
[1585a644-9088-47fb-9a74-1a0d28f723f6/run_tests]   | [INFO] Downloaded from central: https://repo.maven.apache.org/maven2/log4j/log4j/1.2.12/log4j-1.2.12.jar (358 kB at 2.9 MB/s)
[1585a644-9088-47fb-9a74-1a0d28f723f6/run_tests]   | [INFO] Downloaded from central: https://repo.maven.apache.org/maven2/com/google/collections/google-collections/1.0/google-collections-1.0.jar (640 kB at 4.7 MB/s)
[1585a644-9088-47fb-9a74-1a0d28f723f6/run_tests]   | [INFO] Changes detected - recompiling the module!
[1585a644-9088-47fb-9a74-1a0d28f723f6/run_tests]   | [INFO] Compiling 297 source files to /tmp/8f50300a-0456-4519-85d3-ebf12f552732/target/classes
[1585a644-9088-47fb-9a74-1a0d28f723f6/run_tests]   | [WARNING] /tmp/8f50300a-0456-4519-85d3-ebf12f552732/src/main/java/org/byteskript/skript/runtime/UnsafeAccessor.java:[11,16] sun.misc.Unsafe is internal proprietary API and may be removed in a future release
[1585a644-9088-47fb-9a74-1a0d28f723f6/run_tests]   | [WARNING] /tmp/8f50300a-0456-4519-85d3-ebf12f552732/src/main/java/org/byteskript/skript/runtime/UnsafeAccessor.java:[23,28] sun.misc.Unsafe is internal proprietary API and may be removed in a future release
[1585a644-9088-47fb-9a74-1a0d28f723f6/run_tests]   | [WARNING] /tmp/8f50300a-0456-4519-85d3-ebf12f552732/src/main/java/org/byteskript/skript/runtime/UnsafeAccessor.java:[27,93] sun.misc.Unsafe is internal proprietary API and may be removed in a future release
[1585a644-9088-47fb-9a74-1a0d28f723f6/run_tests]   | [WARNING] /tmp/8f50300a-0456-4519-85d3-ebf12f552732/src/main/java/org/byteskript/skript/runtime/UnsafeAccessor.java:[28,37] sun.misc.Unsafe is internal proprietary API and may be removed in a future release
[1585a644-9088-47fb-9a74-1a0d28f723f6/run_tests]   | [WARNING] /tmp/8f50300a-0456-4519-85d3-ebf12f552732/src/main/java/org/byteskript/skript/runtime/UnsafeAccessor.java:[30,25] sun.misc.Unsafe is internal proprietary API and may be removed in a future release
[1585a644-9088-47fb-9a74-1a0d28f723f6/run_tests]   | [WARNING] /tmp/8f50300a-0456-4519-85d3-ebf12f552732/src/main/java/org/byteskript/skript/runtime/UnsafeAccessor.java:[37,22] sun.misc.Unsafe is internal proprietary API and may be removed in a future release
[1585a644-9088-47fb-9a74-1a0d28f723f6/run_tests]   | [WARNING] /tmp/8f50300a-0456-4519-85d3-ebf12f552732/src/main/java/org/byteskript/skript/compiler/SkriptLangSpec.java: Some input files use or override a deprecated API.
[1585a644-9088-47fb-9a74-1a0d28f723f6/run_tests]   | [WARNING] /tmp/8f50300a-0456-4519-85d3-ebf12f552732/src/main/java/org/byteskript/skript/compiler/SkriptLangSpec.java: Recompile with -Xlint:deprecation for details.
[1585a644-9088-47fb-9a74-1a0d28f723f6/run_tests]   | [WARNING] /tmp/8f50300a-0456-4519-85d3-ebf12f552732/src/main/java/org/byteskript/skript/compiler/SkriptLangSpec.java: Some input files use or override a deprecated API that is marked for removal.
[1585a644-9088-47fb-9a74-1a0d28f723f6/run_tests]   | [WARNING] /tmp/8f50300a-0456-4519-85d3-ebf12f552732/src/main/java/org/byteskript/skript/compiler/SkriptLangSpec.java: Recompile with -Xlint:removal for details.
[1585a644-9088-47fb-9a74-1a0d28f723f6/run_tests]   | [WARNING] /tmp/8f50300a-0456-4519-85d3-ebf12f552732/src/main/java/org/byteskript/skript/compiler/ElementTree.java: Some input files use unchecked or unsafe operations.
[1585a644-9088-47fb-9a74-1a0d28f723f6/run_tests]   | [WARNING] /tmp/8f50300a-0456-4519-85d3-ebf12f552732/src/main/java/org/byteskript/skript/compiler/ElementTree.java: Recompile with -Xlint:unchecked for details.
[1585a644-9088-47fb-9a74-1a0d28f723f6/run_tests]   | [INFO] 
[1585a644-9088-47fb-9a74-1a0d28f723f6/run_tests]   | [INFO] --- maven-resources-plugin:2.6:testResources (default-testResources) @ byteskript ---
[1585a644-9088-47fb-9a74-1a0d28f723f6/run_tests]   | [INFO] Using 'UTF-8' encoding to copy filtered resources.
[1585a644-9088-47fb-9a74-1a0d28f723f6/run_tests]   | [INFO] Copying 99 resources
[1585a644-9088-47fb-9a74-1a0d28f723f6/run_tests]   | [INFO] 
[1585a644-9088-47fb-9a74-1a0d28f723f6/run_tests]   | [INFO] --- maven-compiler-plugin:3.1:testCompile (default-testCompile) @ byteskript ---
[1585a644-9088-47fb-9a74-1a0d28f723f6/run_tests]   | [INFO] Changes detected - recompiling the module!
[1585a644-9088-47fb-9a74-1a0d28f723f6/run_tests]   | [INFO] Compiling 11 source files to /tmp/8f50300a-0456-4519-85d3-ebf12f552732/target/test-classes
[1585a644-9088-47fb-9a74-1a0d28f723f6/run_tests]   | [INFO] 
[1585a644-9088-47fb-9a74-1a0d28f723f6/run_tests]   | [INFO] --- maven-surefire-plugin:2.12.4:test (default-test) @ byteskript ---
[1585a644-9088-47fb-9a74-1a0d28f723f6/run_tests]   | [INFO] Downloading from central: https://repo.maven.apache.org/maven2/org/apache/maven/surefire/surefire-booter/2.12.4/surefire-booter-2.12.4.pom
[1585a644-9088-47fb-9a74-1a0d28f723f6/run_tests]   | [INFO] Downloaded from central: https://repo.maven.apache.org/maven2/org/apache/maven/surefire/surefire-booter/2.12.4/surefire-booter-2.12.4.pom (3.0 kB at 66 kB/s)
[1585a644-9088-47fb-9a74-1a0d28f723f6/run_tests]   | [INFO] Downloading from central: https://repo.maven.apache.org/maven2/org/apache/maven/surefire/surefire-api/2.12.4/surefire-api-2.12.4.pom
[1585a644-9088-47fb-9a74-1a0d28f723f6/run_tests]   | [INFO] Downloaded from central: https://repo.maven.apache.org/maven2/org/apache/maven/surefire/surefire-api/2.12.4/surefire-api-2.12.4.pom (2.5 kB at 86 kB/s)
[1585a644-9088-47fb-9a74-1a0d28f723f6/run_tests]   | [INFO] Downloading from central: https://repo.maven.apache.org/maven2/org/apache/maven/surefire/maven-surefire-common/2.12.4/maven-surefire-common-2.12.4.pom
[1585a644-9088-47fb-9a74-1a0d28f723f6/run_tests]   | [INFO] Downloaded from central: https://repo.maven.apache.org/maven2/org/apache/maven/surefire/maven-surefire-common/2.12.4/maven-surefire-common-2.12.4.pom (5.5 kB at 173 kB/s)
[1585a644-9088-47fb-9a74-1a0d28f723f6/run_tests]   | [INFO] Downloading from central: https://repo.maven.apache.org/maven2/org/apache/maven/plugin-tools/maven-plugin-annotations/3.1/maven-plugin-annotations-3.1.pom
[1585a644-9088-47fb-9a74-1a0d28f723f6/run_tests]   | [INFO] Downloaded from central: https://repo.maven.apache.org/maven2/org/apache/maven/plugin-tools/maven-plugin-annotations/3.1/maven-plugin-annotations-3.1.pom (1.6 kB at 56 kB/s)
[1585a644-9088-47fb-9a74-1a0d28f723f6/run_tests]   | [INFO] Downloading from central: https://repo.maven.apache.org/maven2/org/apache/maven/plugin-tools/maven-plugin-tools/3.1/maven-plugin-tools-3.1.pom
[1585a644-9088-47fb-9a74-1a0d28f723f6/run_tests]   | [INFO] Downloaded from central: https://repo.maven.apache.org/maven2/org/apache/maven/plugin-tools/maven-plugin-tools/3.1/maven-plugin-tools-3.1.pom (16 kB at 558 kB/s)
[1585a644-9088-47fb-9a74-1a0d28f723f6/run_tests]   | [INFO] Downloading from central: https://repo.maven.apache.org/maven2/org/apache/maven/reporting/maven-reporting-api/2.0.9/maven-reporting-api-2.0.9.pom
[1585a644-9088-47fb-9a74-1a0d28f723f6/run_tests]   | [INFO] Downloaded from central: https://repo.maven.apache.org/maven2/org/apache/maven/reporting/maven-reporting-api/2.0.9/maven-reporting-api-2.0.9.pom (1.8 kB at 69 kB/s)
[1585a644-9088-47fb-9a74-1a0d28f723f6/run_tests]   | [INFO] Downloading from central: https://repo.maven.apache.org/maven2/org/apache/maven/reporting/maven-reporting/2.0.9/maven-reporting-2.0.9.pom
[1585a644-9088-47fb-9a74-1a0d28f723f6/run_tests]   | [INFO] Downloaded from central: https://repo.maven.apache.org/maven2/org/apache/maven/reporting/maven-reporting/2.0.9/maven-reporting-2.0.9.pom (1.5 kB at 59 kB/s)
[1585a644-9088-47fb-9a74-1a0d28f723f6/run_tests]   | [INFO] Downloading from central: https://repo.maven.apache.org/maven2/org/apache/maven/maven-toolchain/2.0.9/maven-toolchain-2.0.9.pom
[1585a644-9088-47fb-9a74-1a0d28f723f6/run_tests]   | [INFO] Downloaded from central: https://repo.maven.apache.org/maven2/org/apache/maven/maven-toolchain/2.0.9/maven-toolchain-2.0.9.pom (3.5 kB at 151 kB/s)
[1585a644-9088-47fb-9a74-1a0d28f723f6/run_tests]   | [INFO] Downloading from central: https://repo.maven.apache.org/maven2/org/apache/commons/commons-lang3/3.1/commons-lang3-3.1.pom
[1585a644-9088-47fb-9a74-1a0d28f723f6/run_tests]   | [INFO] Downloaded from central: https://repo.maven.apache.org/maven2/org/apache/commons/commons-lang3/3.1/commons-lang3-3.1.pom (17 kB at 576 kB/s)
[1585a644-9088-47fb-9a74-1a0d28f723f6/run_tests]   | [INFO] Downloading from central: https://repo.maven.apache.org/maven2/org/apache/commons/commons-parent/22/commons-parent-22.pom
[1585a644-9088-47fb-9a74-1a0d28f723f6/run_tests]   | [INFO] Downloaded from central: https://repo.maven.apache.org/maven2/org/apache/commons/commons-parent/22/commons-parent-22.pom (42 kB at 1.1 MB/s)
[1585a644-9088-47fb-9a74-1a0d28f723f6/run_tests]   | [INFO] Downloading from central: https://repo.maven.apache.org/maven2/org/apache/apache/9/apache-9.pom
[1585a644-9088-47fb-9a74-1a0d28f723f6/run_tests]   | [INFO] Downloaded from central: https://repo.maven.apache.org/maven2/org/apache/apache/9/apache-9.pom (15 kB at 583 kB/s)
[1585a644-9088-47fb-9a74-1a0d28f723f6/run_tests]   | [INFO] Downloading from central: https://repo.maven.apache.org/maven2/org/apache/maven/shared/maven-common-artifact-filters/1.3/maven-common-artifact-filters-1.3.pom
[1585a644-9088-47fb-9a74-1a0d28f723f6/run_tests]   | [INFO] Downloaded from central: https://repo.maven.apache.org/maven2/org/apache/maven/shared/maven-common-artifact-filters/1.3/maven-common-artifact-filters-1.3.pom (3.7 kB at 168 kB/s)
[1585a644-9088-47fb-9a74-1a0d28f723f6/run_tests]   | [INFO] Downloading from central: https://repo.maven.apache.org/maven2/org/apache/maven/shared/maven-shared-components/12/maven-shared-components-12.pom
[1585a644-9088-47fb-9a74-1a0d28f723f6/run_tests]   | [INFO] Downloaded from central: https://repo.maven.apache.org/maven2/org/apache/maven/shared/maven-shared-components/12/maven-shared-components-12.pom (9.3 kB at 467 kB/s)
[1585a644-9088-47fb-9a74-1a0d28f723f6/run_tests]   | [INFO] Downloading from central: https://repo.maven.apache.org/maven2/org/apache/maven/maven-parent/13/maven-parent-13.pom
[1585a644-9088-47fb-9a74-1a0d28f723f6/run_tests]   | [INFO] Downloaded from central: https://repo.maven.apache.org/maven2/org/apache/maven/maven-parent/13/maven-parent-13.pom (23 kB at 838 kB/s)
[1585a644-9088-47fb-9a74-1a0d28f723f6/run_tests]   | [INFO] Downloading from central: https://repo.maven.apache.org/maven2/org/apache/apache/6/apache-6.pom
[1585a644-9088-47fb-9a74-1a0d28f723f6/run_tests]   | [INFO] Downloaded from central: https://repo.maven.apache.org/maven2/org/apache/apache/6/apache-6.pom (13 kB at 609 kB/s)
[1585a644-9088-47fb-9a74-1a0d28f723f6/run_tests]   | [INFO] Downloading from central: https://repo.maven.apache.org/maven2/org/codehaus/plexus/plexus-container-default/1.0-alpha-9/plexus-container-default-1.0-alpha-9.pom
[1585a644-9088-47fb-9a74-1a0d28f723f6/run_tests]   | [INFO] Downloaded from central: https://repo.maven.apache.org/maven2/org/codehaus/plexus/plexus-container-default/1.0-alpha-9/plexus-container-default-1.0-alpha-9.pom (1.2 kB at 52 kB/s)
[1585a644-9088-47fb-9a74-1a0d28f723f6/run_tests]   | [INFO] Downloading from central: https://repo.maven.apache.org/maven2/org/apache/maven/surefire/surefire-booter/2.12.4/surefire-booter-2.12.4.jar
[1585a644-9088-47fb-9a74-1a0d28f723f6/run_tests]   | [INFO] Downloading from central: https://repo.maven.apache.org/maven2/org/apache/maven/surefire/surefire-api/2.12.4/surefire-api-2.12.4.jar
[1585a644-9088-47fb-9a74-1a0d28f723f6/run_tests]   | [INFO] Downloading from central: https://repo.maven.apache.org/maven2/org/apache/maven/surefire/maven-surefire-common/2.12.4/maven-surefire-common-2.12.4.jar
[1585a644-9088-47fb-9a74-1a0d28f723f6/run_tests]   | [INFO] Downloading from central: https://repo.maven.apache.org/maven2/org/apache/commons/commons-lang3/3.1/commons-lang3-3.1.jar
[1585a644-9088-47fb-9a74-1a0d28f723f6/run_tests]   | [INFO] Downloading from central: https://repo.maven.apache.org/maven2/org/apache/maven/shared/maven-common-artifact-filters/1.3/maven-common-artifact-filters-1.3.jar
[1585a644-9088-47fb-9a74-1a0d28f723f6/run_tests]   | [INFO] Downloaded from central: https://repo.maven.apache.org/maven2/org/apache/maven/surefire/surefire-booter/2.12.4/surefire-booter-2.12.4.jar (35 kB at 1.3 MB/s)
[1585a644-9088-47fb-9a74-1a0d28f723f6/run_tests]   | [INFO] Downloaded from central: https://repo.maven.apache.org/maven2/org/apache/maven/shared/maven-common-artifact-filters/1.3/maven-common-artifact-filters-1.3.jar (31 kB at 1.2 MB/s)
[1585a644-9088-47fb-9a74-1a0d28f723f6/run_tests]   | [INFO] Downloading from central: https://repo.maven.apache.org/maven2/org/codehaus/plexus/plexus-utils/3.0.8/plexus-utils-3.0.8.jar
[1585a644-9088-47fb-9a74-1a0d28f723f6/run_tests]   | [INFO] Downloading from central: https://repo.maven.apache.org/maven2/org/apache/maven/reporting/maven-reporting-api/2.0.9/maven-reporting-api-2.0.9.jar
[1585a644-9088-47fb-9a74-1a0d28f723f6/run_tests]   | [INFO] Downloaded from central: https://repo.maven.apache.org/maven2/org/apache/maven/surefire/surefire-api/2.12.4/surefire-api-2.12.4.jar (118 kB at 4.2 MB/s)
[1585a644-9088-47fb-9a74-1a0d28f723f6/run_tests]   | [INFO] Downloading from central: https://repo.maven.apache.org/maven2/org/apache/maven/maven-toolchain/2.0.9/maven-toolchain-2.0.9.jar
[1585a644-9088-47fb-9a74-1a0d28f723f6/run_tests]   | [INFO] Downloaded from central: https://repo.maven.apache.org/maven2/org/apache/commons/commons-lang3/3.1/commons-lang3-3.1.jar (316 kB at 6.9 MB/s)
[1585a644-9088-47fb-9a74-1a0d28f723f6/run_tests]   | [INFO] Downloading from central: https://repo.maven.apache.org/maven2/org/apache/maven/plugin-tools/maven-plugin-annotations/3.1/maven-plugin-annotations-3.1.jar
[1585a644-9088-47fb-9a74-1a0d28f723f6/run_tests]   | [INFO] Downloaded from central: https://repo.maven.apache.org/maven2/org/apache/maven/surefire/maven-surefire-common/2.12.4/maven-surefire-common-2.12.4.jar (263 kB at 5.4 MB/s)
[1585a644-9088-47fb-9a74-1a0d28f723f6/run_tests]   | [INFO] Downloaded from central: https://repo.maven.apache.org/maven2/org/apache/maven/maven-toolchain/2.0.9/maven-toolchain-2.0.9.jar (38 kB at 775 kB/s)
[1585a644-9088-47fb-9a74-1a0d28f723f6/run_tests]   | [INFO] Downloaded from central: https://repo.maven.apache.org/maven2/org/codehaus/plexus/plexus-utils/3.0.8/plexus-utils-3.0.8.jar (232 kB at 4.5 MB/s)
[1585a644-9088-47fb-9a74-1a0d28f723f6/run_tests]   | [INFO] Downloaded from central: https://repo.maven.apache.org/maven2/org/apache/maven/reporting/maven-reporting-api/2.0.9/maven-reporting-api-2.0.9.jar (10 kB at 195 kB/s)
[1585a644-9088-47fb-9a74-1a0d28f723f6/run_tests]   | [INFO] Downloaded from central: https://repo.maven.apache.org/maven2/org/apache/maven/plugin-tools/maven-plugin-annotations/3.1/maven-plugin-annotations-3.1.jar (14 kB at 223 kB/s)
[1585a644-9088-47fb-9a74-1a0d28f723f6/run_tests]   | [INFO] Surefire report directory: /tmp/8f50300a-0456-4519-85d3-ebf12f552732/target/surefire-reports
[1585a644-9088-47fb-9a74-1a0d28f723f6/run_tests]   | [INFO] Downloading from central: https://repo.maven.apache.org/maven2/org/apache/maven/surefire/surefire-junit4/2.12.4/surefire-junit4-2.12.4.pom
[1585a644-9088-47fb-9a74-1a0d28f723f6/run_tests]   | [INFO] Downloaded from central: https://repo.maven.apache.org/maven2/org/apache/maven/surefire/surefire-junit4/2.12.4/surefire-junit4-2.12.4.pom (2.4 kB at 134 kB/s)
[1585a644-9088-47fb-9a74-1a0d28f723f6/run_tests]   | [INFO] Downloading from central: https://repo.maven.apache.org/maven2/org/apache/maven/surefire/surefire-providers/2.12.4/surefire-providers-2.12.4.pom
[1585a644-9088-47fb-9a74-1a0d28f723f6/run_tests]   | [INFO] Downloaded from central: https://repo.maven.apache.org/maven2/org/apache/maven/surefire/surefire-providers/2.12.4/surefire-providers-2.12.4.pom (2.3 kB at 138 kB/s)
[1585a644-9088-47fb-9a74-1a0d28f723f6/run_tests]   | [INFO] Downloading from central: https://repo.maven.apache.org/maven2/org/apache/maven/surefire/surefire-junit4/2.12.4/surefire-junit4-2.12.4.jar
[1585a644-9088-47fb-9a74-1a0d28f723f6/run_tests]   | [INFO] Downloaded from central: https://repo.maven.apache.org/maven2/org/apache/maven/surefire/surefire-junit4/2.12.4/surefire-junit4-2.12.4.jar (37 kB at 1.1 MB/s)
[1585a644-9088-47fb-9a74-1a0d28f723f6/run_tests]   | 
[1585a644-9088-47fb-9a74-1a0d28f723f6/run_tests]   | -------------------------------------------------------
[1585a644-9088-47fb-9a74-1a0d28f723f6/run_tests]   |  T E S T S
[1585a644-9088-47fb-9a74-1a0d28f723f6/run_tests]   | -------------------------------------------------------
[1585a644-9088-47fb-9a74-1a0d28f723f6/run_tests]   | Running org.byteskript.skript.test.ConfigTest
[1585a644-9088-47fb-9a74-1a0d28f723f6/run_tests]   | Tests run: 2, Failures: 0, Errors: 0, Skipped: 0, Time elapsed: 0.059 sec
[1585a644-9088-47fb-9a74-1a0d28f723f6/run_tests]   | Running org.byteskript.skript.test.RecompileTest
[1585a644-9088-47fb-9a74-1a0d28f723f6/run_tests]   | Tests run: 1, Failures: 0, Errors: 0, Skipped: 0, Time elapsed: 0.195 sec
[1585a644-9088-47fb-9a74-1a0d28f723f6/run_tests]   | Running org.byteskript.skript.test.SyntaxTest
[1585a644-9088-47fb-9a74-1a0d28f723f6/run_tests]   | Running test 'addeffect':
[1585a644-9088-47fb-9a74-1a0d28f723f6/run_tests]   | 	✓ Parsed in 30 milliseconds.
[1585a644-9088-47fb-9a74-1a0d28f723f6/run_tests]   | 	✓ Run in 2 milliseconds.
[1585a644-9088-47fb-9a74-1a0d28f723f6/run_tests]   | Running test 'anyloadevent':
[1585a644-9088-47fb-9a74-1a0d28f723f6/run_tests]   | 	✓ Parsed in 12 milliseconds.
[1585a644-9088-47fb-9a74-1a0d28f723f6/run_tests]   | 	✓ Run in 0 milliseconds.
[1585a644-9088-47fb-9a74-1a0d28f723f6/run_tests]   | Running test 'asserteffect':
[1585a644-9088-47fb-9a74-1a0d28f723f6/run_tests]   | 	✓ Parsed in 4 milliseconds.
[1585a644-9088-47fb-9a74-1a0d28f723f6/run_tests]   | 	✓ Run in 0 milliseconds.
[1585a644-9088-47fb-9a74-1a0d28f723f6/run_tests]   | Running test 'atomicvariable':
[1585a644-9088-47fb-9a74-1a0d28f723f6/run_tests]   | 	✓ Parsed in 32 milliseconds.
[1585a644-9088-47fb-9a74-1a0d28f723f6/run_tests]   | 	✓ Run in 5 milliseconds.
[1585a644-9088-47fb-9a74-1a0d28f723f6/run_tests]   | Running test 'binaryotherwise':
[1585a644-9088-47fb-9a74-1a0d28f723f6/run_tests]   | 	✓ Parsed in 17 milliseconds.
[1585a644-9088-47fb-9a74-1a0d28f723f6/run_tests]   | 	✓ Run in 0 milliseconds.
[1585a644-9088-47fb-9a74-1a0d28f723f6/run_tests]   | Running test 'bracket':
[1585a644-9088-47fb-9a74-1a0d28f723f6/run_tests]   | 	✓ Parsed in 5 milliseconds.
[1585a644-9088-47fb-9a74-1a0d28f723f6/run_tests]   | 	✓ Run in 1 milliseconds.
[1585a644-9088-47fb-9a74-1a0d28f723f6/run_tests]   | Running test 'breakeffect':
[1585a644-9088-47fb-9a74-1a0d28f723f6/run_tests]   | 	✓ Parsed in 5 milliseconds.
[1585a644-9088-47fb-9a74-1a0d28f723f6/run_tests]   | 	✓ Run in 1 milliseconds.
[1585a644-9088-47fb-9a74-1a0d28f723f6/run_tests]   | Running test 'breakifeffect':
[1585a644-9088-47fb-9a74-1a0d28f723f6/run_tests]   | 	✓ Parsed in 3 milliseconds.
[1585a644-9088-47fb-9a74-1a0d28f723f6/run_tests]   | 	✓ Run in 0 milliseconds.
[1585a644-9088-47fb-9a74-1a0d28f723f6/run_tests]   | Running test 'breakloopeffect':
[1585a644-9088-47fb-9a74-1a0d28f723f6/run_tests]   | 	✓ Parsed in 8 milliseconds.
[1585a644-9088-47fb-9a74-1a0d28f723f6/run_tests]   | 	✓ Run in 1 milliseconds.
[1585a644-9088-47fb-9a74-1a0d28f723f6/run_tests]   | Running test 'clearlist':
[1585a644-9088-47fb-9a74-1a0d28f723f6/run_tests]   | 	✓ Parsed in 6 milliseconds.
[1585a644-9088-47fb-9a74-1a0d28f723f6/run_tests]   | 	✓ Run in 0 milliseconds.
[1585a644-9088-47fb-9a74-1a0d28f723f6/run_tests]   | Running test 'compiler':
[1585a644-9088-47fb-9a74-1a0d28f723f6/run_tests]   | 	✓ Parsed in 1 milliseconds.
[1585a644-9088-47fb-9a74-1a0d28f723f6/run_tests]   | 	✓ Run in 0 milliseconds.
[1585a644-9088-47fb-9a74-1a0d28f723f6/run_tests]   | Running test 'configcreator':
[1585a644-9088-47fb-9a74-1a0d28f723f6/run_tests]   | 	✓ Parsed in 3 milliseconds.
[1585a644-9088-47fb-9a74-1a0d28f723f6/run_tests]   | 	✓ Run in 1 milliseconds.
[1585a644-9088-47fb-9a74-1a0d28f723f6/run_tests]   | Running test 'configfile':
[1585a644-9088-47fb-9a74-1a0d28f723f6/run_tests]   | 	✓ Parsed in 8 milliseconds.
[1585a644-9088-47fb-9a74-1a0d28f723f6/run_tests]   | 	✓ Run in 3 milliseconds.
[1585a644-9088-47fb-9a74-1a0d28f723f6/run_tests]   | Running test 'contains':
[1585a644-9088-47fb-9a74-1a0d28f723f6/run_tests]   | 	✓ Parsed in 6 milliseconds.
[1585a644-9088-47fb-9a74-1a0d28f723f6/run_tests]   | 	✓ Run in 0 milliseconds.
[1585a644-9088-47fb-9a74-1a0d28f723f6/run_tests]   | Running test 'continueeffect':
[1585a644-9088-47fb-9a74-1a0d28f723f6/run_tests]   | 	✓ Parsed in 3 milliseconds.
[1585a644-9088-47fb-9a74-1a0d28f723f6/run_tests]   | 	✓ Run in 0 milliseconds.
[1585a644-9088-47fb-9a74-1a0d28f723f6/run_tests]   | Running test 'conversion':
[1585a644-9088-47fb-9a74-1a0d28f723f6/run_tests]   | 	✓ Parsed in 4 milliseconds.
[1585a644-9088-47fb-9a74-1a0d28f723f6/run_tests]   | 	✓ Run in 2 milliseconds.
[1585a644-9088-47fb-9a74-1a0d28f723f6/run_tests]   | Running test 'currentevent':
[1585a644-9088-47fb-9a74-1a0d28f723f6/run_tests]   | 	✓ Parsed in 7 milliseconds.
[1585a644-9088-47fb-9a74-1a0d28f723f6/run_tests]   | 	✓ Run in 1 milliseconds.
[1585a644-9088-47fb-9a74-1a0d28f723f6/run_tests]   | Running test 'currentscript':
[1585a644-9088-47fb-9a74-1a0d28f723f6/run_tests]   | 	✓ Parsed in 2 milliseconds.
[1585a644-9088-47fb-9a74-1a0d28f723f6/run_tests]   | 	✓ Run in 0 milliseconds.
[1585a644-9088-47fb-9a74-1a0d28f723f6/run_tests]   | Running test 'customsyntax':
[1585a644-9088-47fb-9a74-1a0d28f723f6/run_tests]   | 	✓ Parsed in 4 milliseconds.
[1585a644-9088-47fb-9a74-1a0d28f723f6/run_tests]   | 	✓ Run in 0 milliseconds.
[1585a644-9088-47fb-9a74-1a0d28f723f6/run_tests]   | Running test 'deleteeffect':
[1585a644-9088-47fb-9a74-1a0d28f723f6/run_tests]   | 	✓ Parsed in 3 milliseconds.
[1585a644-9088-47fb-9a74-1a0d28f723f6/run_tests]   | 	✓ Run in 1 milliseconds.
[1585a644-9088-47fb-9a74-1a0d28f723f6/run_tests]   | Running test 'dictionary':
[1585a644-9088-47fb-9a74-1a0d28f723f6/run_tests]   | 	✓ Parsed in 4 milliseconds.
[1585a644-9088-47fb-9a74-1a0d28f723f6/run_tests]   | 	✓ Run in 2 milliseconds.
[1585a644-9088-47fb-9a74-1a0d28f723f6/run_tests]   | Running test 'dynamicfunction':
[1585a644-9088-47fb-9a74-1a0d28f723f6/run_tests]   | 	✓ Parsed in 5 milliseconds.
[1585a644-9088-47fb-9a74-1a0d28f723f6/run_tests]   | 	✓ Run in 3 milliseconds.
[1585a644-9088-47fb-9a74-1a0d28f723f6/run_tests]   | Running test 'every':
[1585a644-9088-47fb-9a74-1a0d28f723f6/run_tests]   | 	✓ Parsed in 3 milliseconds.
[1585a644-9088-47fb-9a74-1a0d28f723f6/run_tests]   | 	✓ Run in 0 milliseconds.
[1585a644-9088-47fb-9a74-1a0d28f723f6/run_tests]   | Running test 'exists':
[1585a644-9088-47fb-9a74-1a0d28f723f6/run_tests]   | 	✓ Parsed in 3 milliseconds.
[1585a644-9088-47fb-9a74-1a0d28f723f6/run_tests]   | 	✓ Run in 0 milliseconds.
[1585a644-9088-47fb-9a74-1a0d28f723f6/run_tests]   | Running test 'extends':
[1585a644-9088-47fb-9a74-1a0d28f723f6/run_tests]   | 	✓ Parsed in 6 milliseconds.
[1585a644-9088-47fb-9a74-1a0d28f723f6/run_tests]   | 	✓ Run in 1 milliseconds.
[1585a644-9088-47fb-9a74-1a0d28f723f6/run_tests]   | Running test 'externalfunction':
[1585a644-9088-47fb-9a74-1a0d28f723f6/run_tests]   | 	✓ Parsed in 3 milliseconds.
[1585a644-9088-47fb-9a74-1a0d28f723f6/run_tests]   | 	✓ Run in 1 milliseconds.
[1585a644-9088-47fb-9a74-1a0d28f723f6/run_tests]   | Running test 'finalmember':
[1585a644-9088-47fb-9a74-1a0d28f723f6/run_tests]   | 	✓ Parsed in 5 milliseconds.
[1585a644-9088-47fb-9a74-1a0d28f723f6/run_tests]   | 	✓ Run in 3 milliseconds.
[1585a644-9088-47fb-9a74-1a0d28f723f6/run_tests]   | Running test 'functionexpression':
[1585a644-9088-47fb-9a74-1a0d28f723f6/run_tests]   | 	✓ Parsed in 5 milliseconds.
[1585a644-9088-47fb-9a74-1a0d28f723f6/run_tests]   | 	✓ Run in 3 milliseconds.
[1585a644-9088-47fb-9a74-1a0d28f723f6/run_tests]   | Running test 'functionmember':
[1585a644-9088-47fb-9a74-1a0d28f723f6/run_tests]   | 	✓ Parsed in 4 milliseconds.
[1585a644-9088-47fb-9a74-1a0d28f723f6/run_tests]   | 	✓ Run in 1 milliseconds.
[1585a644-9088-47fb-9a74-1a0d28f723f6/run_tests]   | Running test 'globalvariable':
[1585a644-9088-47fb-9a74-1a0d28f723f6/run_tests]   | 	✓ Parsed in 7 milliseconds.
[1585a644-9088-47fb-9a74-1a0d28f723f6/run_tests]   | 	✓ Run in 3 milliseconds.
[1585a644-9088-47fb-9a74-1a0d28f723f6/run_tests]   | Running test 'greaterthan':
[1585a644-9088-47fb-9a74-1a0d28f723f6/run_tests]   | 	✓ Parsed in 2 milliseconds.
[1585a644-9088-47fb-9a74-1a0d28f723f6/run_tests]   | 	✓ Run in 1 milliseconds.
[1585a644-9088-47fb-9a74-1a0d28f723f6/run_tests]   | Running test 'greaterthanequalto':
[1585a644-9088-47fb-9a74-1a0d28f723f6/run_tests]   | 	✓ Parsed in 2 milliseconds.
[1585a644-9088-47fb-9a74-1a0d28f723f6/run_tests]   | 	✓ Run in 1 milliseconds.
[1585a644-9088-47fb-9a74-1a0d28f723f6/run_tests]   | Running test 'if':
[1585a644-9088-47fb-9a74-1a0d28f723f6/run_tests]   | 	✓ Parsed in 6 milliseconds.
[1585a644-9088-47fb-9a74-1a0d28f723f6/run_tests]   | 	✓ Run in 0 milliseconds.
[1585a644-9088-47fb-9a74-1a0d28f723f6/run_tests]   | Running test 'implicitarray':
[1585a644-9088-47fb-9a74-1a0d28f723f6/run_tests]   | 	✓ Parsed in 2 milliseconds.
[1585a644-9088-47fb-9a74-1a0d28f723f6/run_tests]   | 	✓ Run in 1 milliseconds.
[1585a644-9088-47fb-9a74-1a0d28f723f6/run_tests]   | Running test 'importfunction':
[1585a644-9088-47fb-9a74-1a0d28f723f6/run_tests]   | 	✓ Parsed in 2 milliseconds.
[1585a644-9088-47fb-9a74-1a0d28f723f6/run_tests]   | 	✓ Run in 1 milliseconds.
[1585a644-9088-47fb-9a74-1a0d28f723f6/run_tests]   | Running test 'importtype':
[1585a644-9088-47fb-9a74-1a0d28f723f6/run_tests]   | 	✓ Parsed in 3 milliseconds.
[1585a644-9088-47fb-9a74-1a0d28f723f6/run_tests]   | 	✓ Run in 1 milliseconds.
[1585a644-9088-47fb-9a74-1a0d28f723f6/run_tests]   | Running test 'indexinlist':
[1585a644-9088-47fb-9a74-1a0d28f723f6/run_tests]   | 	✓ Parsed in 2 milliseconds.
[1585a644-9088-47fb-9a74-1a0d28f723f6/run_tests]   | 	✓ Run in 1 milliseconds.
[1585a644-9088-47fb-9a74-1a0d28f723f6/run_tests]   | Running test 'io':
[1585a644-9088-47fb-9a74-1a0d28f723f6/run_tests]   | 	✓ Parsed in 3 milliseconds.
[1585a644-9088-47fb-9a74-1a0d28f723f6/run_tests]   | 	✓ Run in 0 milliseconds.
[1585a644-9088-47fb-9a74-1a0d28f723f6/run_tests]   | Running test 'isarray':
[1585a644-9088-47fb-9a74-1a0d28f723f6/run_tests]   | 	✓ Parsed in 1 milliseconds.
[1585a644-9088-47fb-9a74-1a0d28f723f6/run_tests]   | 	✓ Run in 1 milliseconds.
[1585a644-9088-47fb-9a74-1a0d28f723f6/run_tests]   | Running test 'isequal':
[1585a644-9088-47fb-9a74-1a0d28f723f6/run_tests]   | 	✓ Parsed in 4 milliseconds.
[1585a644-9088-47fb-9a74-1a0d28f723f6/run_tests]   | 	✓ Run in 0 milliseconds.
[1585a644-9088-47fb-9a74-1a0d28f723f6/run_tests]   | Running test 'isoftype':
[1585a644-9088-47fb-9a74-1a0d28f723f6/run_tests]   | 	✓ Parsed in 4 milliseconds.
[1585a644-9088-47fb-9a74-1a0d28f723f6/run_tests]   | 	✓ Run in 1 milliseconds.
[1585a644-9088-47fb-9a74-1a0d28f723f6/run_tests]   | Running test 'javaversion':
[1585a644-9088-47fb-9a74-1a0d28f723f6/run_tests]   | 	✓ Parsed in 1 milliseconds.
[1585a644-9088-47fb-9a74-1a0d28f723f6/run_tests]   | 	✓ Run in 1 milliseconds.
[1585a644-9088-47fb-9a74-1a0d28f723f6/run_tests]   | Running test 'keyinconfig':
[1585a644-9088-47fb-9a74-1a0d28f723f6/run_tests]   | 	✓ Parsed in 2 milliseconds.
[1585a644-9088-47fb-9a74-1a0d28f723f6/run_tests]   | 	✓ Run in 1 milliseconds.
[1585a644-9088-47fb-9a74-1a0d28f723f6/run_tests]   | Running test 'keyinmap':
[1585a644-9088-47fb-9a74-1a0d28f723f6/run_tests]   | 	✓ Parsed in 2 milliseconds.
[1585a644-9088-47fb-9a74-1a0d28f723f6/run_tests]   | 	✓ Run in 1 milliseconds.
[1585a644-9088-47fb-9a74-1a0d28f723f6/run_tests]   | Running test 'lemma':
[1585a644-9088-47fb-9a74-1a0d28f723f6/run_tests]   | 	✓ Parsed in 0 milliseconds.
[1585a644-9088-47fb-9a74-1a0d28f723f6/run_tests]   | 	✓ Run in 1 milliseconds.
[1585a644-9088-47fb-9a74-1a0d28f723f6/run_tests]   | Running test 'lessthan':
[1585a644-9088-47fb-9a74-1a0d28f723f6/run_tests]   | 	✓ Parsed in 2 milliseconds.
[1585a644-9088-47fb-9a74-1a0d28f723f6/run_tests]   | 	✓ Run in 1 milliseconds.
[1585a644-9088-47fb-9a74-1a0d28f723f6/run_tests]   | Running test 'lessthanequalto':
[1585a644-9088-47fb-9a74-1a0d28f723f6/run_tests]   | 	✓ Parsed in 2 milliseconds.
[1585a644-9088-47fb-9a74-1a0d28f723f6/run_tests]   | 	✓ Run in 0 milliseconds.
[1585a644-9088-47fb-9a74-1a0d28f723f6/run_tests]   | Running test 'literals':
[1585a644-9088-47fb-9a74-1a0d28f723f6/run_tests]   | 	✓ Parsed in 4 milliseconds.
[1585a644-9088-47fb-9a74-1a0d28f723f6/run_tests]   | 	✓ Run in 1 milliseconds.
[1585a644-9088-47fb-9a74-1a0d28f723f6/run_tests]   | Running test 'loadedscripts':
[1585a644-9088-47fb-9a74-1a0d28f723f6/run_tests]   | 	✓ Parsed in 1 milliseconds.
[1585a644-9088-47fb-9a74-1a0d28f723f6/run_tests]   | 	✓ Run in 1 milliseconds.
[1585a644-9088-47fb-9a74-1a0d28f723f6/run_tests]   | Running test 'loadevent':
[1585a644-9088-47fb-9a74-1a0d28f723f6/run_tests]   | 	✓ Parsed in 2 milliseconds.
[1585a644-9088-47fb-9a74-1a0d28f723f6/run_tests]   | 	✓ Run in 1 milliseconds.
[1585a644-9088-47fb-9a74-1a0d28f723f6/run_tests]   | Running test 'loadscript':
[1585a644-9088-47fb-9a74-1a0d28f723f6/run_tests]   | 	✓ Parsed in 3 milliseconds.
[1585a644-9088-47fb-9a74-1a0d28f723f6/run_tests]   | 	✓ Run in 14 milliseconds.
[1585a644-9088-47fb-9a74-1a0d28f723f6/run_tests]   | Running test 'localmember':
[1585a644-9088-47fb-9a74-1a0d28f723f6/run_tests]   | 	✓ Parsed in 2 milliseconds.
[1585a644-9088-47fb-9a74-1a0d28f723f6/run_tests]   | 	✓ Run in 0 milliseconds.
[1585a644-9088-47fb-9a74-1a0d28f723f6/run_tests]   | Running test 'localvariable':
[1585a644-9088-47fb-9a74-1a0d28f723f6/run_tests]   | 	✓ Parsed in 2 milliseconds.
[1585a644-9088-47fb-9a74-1a0d28f723f6/run_tests]   | 	✓ Run in 1 milliseconds.
[1585a644-9088-47fb-9a74-1a0d28f723f6/run_tests]   | Running test 'loopin':
[1585a644-9088-47fb-9a74-1a0d28f723f6/run_tests]   | 	✓ Parsed in 4 milliseconds.
[1585a644-9088-47fb-9a74-1a0d28f723f6/run_tests]   | 	✓ Run in 1 milliseconds.
[1585a644-9088-47fb-9a74-1a0d28f723f6/run_tests]   | Running test 'looptimes':
[1585a644-9088-47fb-9a74-1a0d28f723f6/run_tests]   | 	✓ Parsed in 1 milliseconds.
[1585a644-9088-47fb-9a74-1a0d28f723f6/run_tests]   | 	✓ Run in 1 milliseconds.
[1585a644-9088-47fb-9a74-1a0d28f723f6/run_tests]   | Running test 'matches':
[1585a644-9088-47fb-9a74-1a0d28f723f6/run_tests]   | 	✓ Parsed in 2 milliseconds.
[1585a644-9088-47fb-9a74-1a0d28f723f6/run_tests]   | 	✓ Run in 1 milliseconds.
[1585a644-9088-47fb-9a74-1a0d28f723f6/run_tests]   | Running test 'maths':
[1585a644-9088-47fb-9a74-1a0d28f723f6/run_tests]   | 	✓ Parsed in 4 milliseconds.
[1585a644-9088-47fb-9a74-1a0d28f723f6/run_tests]   | 	✓ Run in 2 milliseconds.
[1585a644-9088-47fb-9a74-1a0d28f723f6/run_tests]   | Running test 'monitor':
[1585a644-9088-47fb-9a74-1a0d28f723f6/run_tests]   | 	✓ Parsed in 8 milliseconds.
[1585a644-9088-47fb-9a74-1a0d28f723f6/run_tests]   | 	✓ Run in 2 milliseconds.
[1585a644-9088-47fb-9a74-1a0d28f723f6/run_tests]   | Running test 'namespaceskript':
[1585a644-9088-47fb-9a74-1a0d28f723f6/run_tests]   | 	✓ Parsed in 14 milliseconds.
[1585a644-9088-47fb-9a74-1a0d28f723f6/run_tests]   | 	✓ Run in 21 milliseconds.
[1585a644-9088-47fb-9a74-1a0d28f723f6/run_tests]   | Running test 'newline':
[1585a644-9088-47fb-9a74-1a0d28f723f6/run_tests]   | 	✓ Parsed in 1 milliseconds.
[1585a644-9088-47fb-9a74-1a0d28f723f6/run_tests]   | 	✓ Run in 0 milliseconds.
[1585a644-9088-47fb-9a74-1a0d28f723f6/run_tests]   | Running test 'notequal':
[1585a644-9088-47fb-9a74-1a0d28f723f6/run_tests]   | 	✓ Parsed in 3 milliseconds.
[1585a644-9088-47fb-9a74-1a0d28f723f6/run_tests]   | 	✓ Run in 1 milliseconds.
[1585a644-9088-47fb-9a74-1a0d28f723f6/run_tests]   | Running test 'parameters':
[1585a644-9088-47fb-9a74-1a0d28f723f6/run_tests]   | 	✓ Parsed in 3 milliseconds.
[1585a644-9088-47fb-9a74-1a0d28f723f6/run_tests]   | 	✓ Run in 2 milliseconds.
[1585a644-9088-47fb-9a74-1a0d28f723f6/run_tests]   | Running test 'print':
[1585a644-9088-47fb-9a74-1a0d28f723f6/run_tests]   | 	✓ Parsed in 1 milliseconds.
[1585a644-9088-47fb-9a74-1a0d28f723f6/run_tests]   | 	✓ Run in 0 milliseconds.
[1585a644-9088-47fb-9a74-1a0d28f723f6/run_tests]   | Running test 'properties':
[1585a644-9088-47fb-9a74-1a0d28f723f6/run_tests]   | 	✓ Parsed in 9 milliseconds.
[1585a644-9088-47fb-9a74-1a0d28f723f6/run_tests]   | 	✓ Run in 17 milliseconds.
[1585a644-9088-47fb-9a74-1a0d28f723f6/run_tests]   | Running test 'propertyfunction':
[1585a644-9088-47fb-9a74-1a0d28f723f6/run_tests]   | 	✓ Parsed in 2 milliseconds.
[1585a644-9088-47fb-9a74-1a0d28f723f6/run_tests]   | 	✓ Run in 2 milliseconds.
[1585a644-9088-47fb-9a74-1a0d28f723f6/run_tests]   | Running test 'propertymember':
[1585a644-9088-47fb-9a74-1a0d28f723f6/run_tests]   | 	✓ Parsed in 3 milliseconds.
[1585a644-9088-47fb-9a74-1a0d28f723f6/run_tests]   | 	✓ Run in 3 milliseconds.
[1585a644-9088-47fb-9a74-1a0d28f723f6/run_tests]   | Running test 'removeeffect':
[1585a644-9088-47fb-9a74-1a0d28f723f6/run_tests]   | 	✓ Parsed in 3 milliseconds.
[1585a644-9088-47fb-9a74-1a0d28f723f6/run_tests]   | 	✓ Run in 0 milliseconds.
[1585a644-9088-47fb-9a74-1a0d28f723f6/run_tests]   | Running test 'resultof':
[1585a644-9088-47fb-9a74-1a0d28f723f6/run_tests]   | 	✓ Parsed in 3 milliseconds.
[1585a644-9088-47fb-9a74-1a0d28f723f6/run_tests]   | 	✓ Run in 1 milliseconds.
[1585a644-9088-47fb-9a74-1a0d28f723f6/run_tests]   | Running test 'returneffect':
[1585a644-9088-47fb-9a74-1a0d28f723f6/run_tests]   | 	✓ Parsed in 1 milliseconds.
[1585a644-9088-47fb-9a74-1a0d28f723f6/run_tests]   | 	✓ Run in 0 milliseconds.
[1585a644-9088-47fb-9a74-1a0d28f723f6/run_tests]   | Running test 'returntype':
[1585a644-9088-47fb-9a74-1a0d28f723f6/run_tests]   | 	✓ Parsed in 2 milliseconds.
[1585a644-9088-47fb-9a74-1a0d28f723f6/run_tests]   | 	✓ Run in 1 milliseconds.
[1585a644-9088-47fb-9a74-1a0d28f723f6/run_tests]   | Running test 'run':
[1585a644-9088-47fb-9a74-1a0d28f723f6/run_tests]   | 	✓ Parsed in 3 milliseconds.
[1585a644-9088-47fb-9a74-1a0d28f723f6/run_tests]   | 	✓ Run in 1 milliseconds.
[1585a644-9088-47fb-9a74-1a0d28f723f6/run_tests]   | Running test 'runasync':
[1585a644-9088-47fb-9a74-1a0d28f723f6/run_tests]   | 	✓ Parsed in 6 milliseconds.
[1585a644-9088-47fb-9a74-1a0d28f723f6/run_tests]   | 	✓ Run in 6 milliseconds.
[1585a644-9088-47fb-9a74-1a0d28f723f6/run_tests]   | Running test 'runnable':
[1585a644-9088-47fb-9a74-1a0d28f723f6/run_tests]   | 	✓ Parsed in 6 milliseconds.
[1585a644-9088-47fb-9a74-1a0d28f723f6/run_tests]   | 	✓ Run in 4 milliseconds.
[1585a644-9088-47fb-9a74-1a0d28f723f6/run_tests]   | Running test 'runwith':
[1585a644-9088-47fb-9a74-1a0d28f723f6/run_tests]   | 	✓ Parsed in 2 milliseconds.
[1585a644-9088-47fb-9a74-1a0d28f723f6/run_tests]   | 	✓ Run in 2 milliseconds.
[1585a644-9088-47fb-9a74-1a0d28f723f6/run_tests]   | Running test 'runwithasync':
[1585a644-9088-47fb-9a74-1a0d28f723f6/run_tests]   | 	✓ Parsed in 4 milliseconds.
[1585a644-9088-47fb-9a74-1a0d28f723f6/run_tests]   | 	✓ Run in 4 milliseconds.
[1585a644-9088-47fb-9a74-1a0d28f723f6/run_tests]   | Running test 'saveconfig':
[1585a644-9088-47fb-9a74-1a0d28f723f6/run_tests]   | 	✓ Parsed in 1 milliseconds.
[1585a644-9088-47fb-9a74-1a0d28f723f6/run_tests]   | 	✓ Run in 0 milliseconds.
[1585a644-9088-47fb-9a74-1a0d28f723f6/run_tests]   | Running test 'seteffect':
[1585a644-9088-47fb-9a74-1a0d28f723f6/run_tests]   | 	✓ Parsed in 1 milliseconds.
[1585a644-9088-47fb-9a74-1a0d28f723f6/run_tests]   | 	✓ Run in 1 milliseconds.
[1585a644-9088-47fb-9a74-1a0d28f723f6/run_tests]   | Running test 'sizeoflist':
[1585a644-9088-47fb-9a74-1a0d28f723f6/run_tests]   | 	✓ Parsed in 2 milliseconds.
[1585a644-9088-47fb-9a74-1a0d28f723f6/run_tests]   | 	✓ Run in 0 milliseconds.
[1585a644-9088-47fb-9a74-1a0d28f723f6/run_tests]   | Running test 'sleep':
[1585a644-9088-47fb-9a74-1a0d28f723f6/run_tests]   | 	✓ Parsed in 3 milliseconds.
[1585a644-9088-47fb-9a74-1a0d28f723f6/run_tests]   | 	✓ Run in 3 milliseconds.
[1585a644-9088-47fb-9a74-1a0d28f723f6/run_tests]   | Running test 'supplier':
[1585a644-9088-47fb-9a74-1a0d28f723f6/run_tests]   | 	✓ Parsed in 3 milliseconds.
[1585a644-9088-47fb-9a74-1a0d28f723f6/run_tests]   | 	✓ Run in 2 milliseconds.
[1585a644-9088-47fb-9a74-1a0d28f723f6/run_tests]   | Running test 'systemproperty':
[1585a644-9088-47fb-9a74-1a0d28f723f6/run_tests]   | 	✓ Parsed in 2 milliseconds.
[1585a644-9088-47fb-9a74-1a0d28f723f6/run_tests]   | 	✓ Run in 0 milliseconds.
[1585a644-9088-47fb-9a74-1a0d28f723f6/run_tests]   | Running test 'template':
[1585a644-9088-47fb-9a74-1a0d28f723f6/run_tests]   | 	✓ Parsed in 3 milliseconds.
[1585a644-9088-47fb-9a74-1a0d28f723f6/run_tests]   | 	✓ Run in 1 milliseconds.
[1585a644-9088-47fb-9a74-1a0d28f723f6/run_tests]   | Running test 'templatetype':
[1585a644-9088-47fb-9a74-1a0d28f723f6/run_tests]   | 	✓ Parsed in 3 milliseconds.
[1585a644-9088-47fb-9a74-1a0d28f723f6/run_tests]   | 	✓ Run in 5 milliseconds.
[1585a644-9088-47fb-9a74-1a0d28f723f6/run_tests]   | Running test 'ternaryotherwise':
[1585a644-9088-47fb-9a74-1a0d28f723f6/run_tests]   | 	✓ Parsed in 4 milliseconds.
[1585a644-9088-47fb-9a74-1a0d28f723f6/run_tests]   | 	✓ Run in 0 milliseconds.
[1585a644-9088-47fb-9a74-1a0d28f723f6/run_tests]   | Running test 'testeffect':
[1585a644-9088-47fb-9a74-1a0d28f723f6/run_tests]   | 	✓ Parsed in 3 milliseconds.
[1585a644-9088-47fb-9a74-1a0d28f723f6/run_tests]   | 	✓ Run in 0 milliseconds.
[1585a644-9088-47fb-9a74-1a0d28f723f6/run_tests]   | Running test 'threadexpression':
[1585a644-9088-47fb-9a74-1a0d28f723f6/run_tests]   | 	✓ Parsed in 3 milliseconds.
[1585a644-9088-47fb-9a74-1a0d28f723f6/run_tests]   | 	✓ Run in 2 milliseconds.
[1585a644-9088-47fb-9a74-1a0d28f723f6/run_tests]   | Running test 'threadvariable':
[1585a644-9088-47fb-9a74-1a0d28f723f6/run_tests]   | 	✓ Parsed in 4 milliseconds.
[1585a644-9088-47fb-9a74-1a0d28f723f6/run_tests]   | 	✓ Run in 3 milliseconds.
[1585a644-9088-47fb-9a74-1a0d28f723f6/run_tests]   | Running test 'timespans':
[1585a644-9088-47fb-9a74-1a0d28f723f6/run_tests]   | 	✓ Parsed in 5 milliseconds.
[1585a644-9088-47fb-9a74-1a0d28f723f6/run_tests]   | 	✓ Run in 1 milliseconds.
[1585a644-9088-47fb-9a74-1a0d28f723f6/run_tests]   | Running test 'trigger':
[1585a644-9088-47fb-9a74-1a0d28f723f6/run_tests]   | 	✓ Parsed in 2 milliseconds.
[1585a644-9088-47fb-9a74-1a0d28f723f6/run_tests]   | 	✓ Run in 4 milliseconds.
[1585a644-9088-47fb-9a74-1a0d28f723f6/run_tests]   | Running test 'trycatch':
[1585a644-9088-47fb-9a74-1a0d28f723f6/run_tests]   | 	✓ Parsed in 3 milliseconds.
[1585a644-9088-47fb-9a74-1a0d28f723f6/run_tests]   | 	✓ Run in 1 milliseconds.
[1585a644-9088-47fb-9a74-1a0d28f723f6/run_tests]   | Running test 'tryeffect':
[1585a644-9088-47fb-9a74-1a0d28f723f6/run_tests]   | 	✓ Parsed in 1 milliseconds.
[1585a644-9088-47fb-9a74-1a0d28f723f6/run_tests]   | 	✓ Run in 1 milliseconds.
[1585a644-9088-47fb-9a74-1a0d28f723f6/run_tests]   | Running test 'typecreator':
[1585a644-9088-47fb-9a74-1a0d28f723f6/run_tests]   | 	✓ Parsed in 1 milliseconds.
[1585a644-9088-47fb-9a74-1a0d28f723f6/run_tests]   | 	✓ Run in 2 milliseconds.
[1585a644-9088-47fb-9a74-1a0d28f723f6/run_tests]   | Running test 'typemember':
[1585a644-9088-47fb-9a74-1a0d28f723f6/run_tests]   | 	✓ Parsed in 14 milliseconds.
[1585a644-9088-47fb-9a74-1a0d28f723f6/run_tests]   | 	✓ Run in 16 milliseconds.
[1585a644-9088-47fb-9a74-1a0d28f723f6/run_tests]   | Running test 'unloadscript':
[1585a644-9088-47fb-9a74-1a0d28f723f6/run_tests]   | 	✓ Parsed in 2 milliseconds.
[1585a644-9088-47fb-9a74-1a0d28f723f6/run_tests]   | 	✓ Run in 2 milliseconds.
[1585a644-9088-47fb-9a74-1a0d28f723f6/run_tests]   | Running test 'verify':
[1585a644-9088-47fb-9a74-1a0d28f723f6/run_tests]   | 	✓ Parsed in 2 milliseconds.
[1585a644-9088-47fb-9a74-1a0d28f723f6/run_tests]   | 	✓ Run in 1 milliseconds.
[1585a644-9088-47fb-9a74-1a0d28f723f6/run_tests]   | Running test 'waitfor':
[1585a644-9088-47fb-9a74-1a0d28f723f6/run_tests]   | 	✓ Parsed in 3 milliseconds.
[1585a644-9088-47fb-9a74-1a0d28f723f6/run_tests]   | 	✓ Run in 6 milliseconds.
[1585a644-9088-47fb-9a74-1a0d28f723f6/run_tests]   | Running test 'wake':
[1585a644-9088-47fb-9a74-1a0d28f723f6/run_tests]   | 	✓ Parsed in 5 milliseconds.
[1585a644-9088-47fb-9a74-1a0d28f723f6/run_tests]   | 	✓ Run in 3 milliseconds.
[1585a644-9088-47fb-9a74-1a0d28f723f6/run_tests]   | Running test 'while':
[1585a644-9088-47fb-9a74-1a0d28f723f6/run_tests]   | 	✓ Parsed in 1 milliseconds.
[1585a644-9088-47fb-9a74-1a0d28f723f6/run_tests]   | 	✓ Run in 0 milliseconds.
[1585a644-9088-47fb-9a74-1a0d28f723f6/run_tests]   | Tests run: 1, Failures: 0, Errors: 0, Skipped: 0, Time elapsed: 0.871 sec
[1585a644-9088-47fb-9a74-1a0d28f723f6/run_tests]   | Running org.byteskript.skript.test.AsyncCompileTest
[1585a644-9088-47fb-9a74-1a0d28f723f6/run_tests]   | Tests run: 2, Failures: 0, Errors: 0, Skipped: 0, Time elapsed: 0.069 sec
[1585a644-9088-47fb-9a74-1a0d28f723f6/run_tests]   | Running org.byteskript.skript.test.SyntaxTreeTest
[1585a644-9088-47fb-9a74-1a0d28f723f6/run_tests]   | Tests run: 1, Failures: 0, Errors: 0, Skipped: 0, Time elapsed: 0.004 sec
[1585a644-9088-47fb-9a74-1a0d28f723f6/run_tests]   | Running org.byteskript.skript.test.ThreadingTest
[1585a644-9088-47fb-9a74-1a0d28f723f6/run_tests]   | Tests run: 1, Failures: 0, Errors: 0, Skipped: 0, Time elapsed: 0.009 sec
[1585a644-9088-47fb-9a74-1a0d28f723f6/run_tests]   | 
[1585a644-9088-47fb-9a74-1a0d28f723f6/run_tests]   | Results :
[1585a644-9088-47fb-9a74-1a0d28f723f6/run_tests]   | 
[1585a644-9088-47fb-9a74-1a0d28f723f6/run_tests]   | Tests run: 8, Failures: 0, Errors: 0, Skipped: 0
[1585a644-9088-47fb-9a74-1a0d28f723f6/run_tests]   | 
[1585a644-9088-47fb-9a74-1a0d28f723f6/run_tests]   | [INFO] ------------------------------------------------------------------------
[1585a644-9088-47fb-9a74-1a0d28f723f6/run_tests]   | [INFO] BUILD SUCCESS
[1585a644-9088-47fb-9a74-1a0d28f723f6/run_tests]   | [INFO] ------------------------------------------------------------------------
[1585a644-9088-47fb-9a74-1a0d28f723f6/run_tests]   | [INFO] Total time:  17.828 s
[1585a644-9088-47fb-9a74-1a0d28f723f6/run_tests]   | [INFO] Finished at: 2023-11-23T10:08:57Z
[1585a644-9088-47fb-9a74-1a0d28f723f6/run_tests]   | [INFO] ------------------------------------------------------------------------
[1585a644-9088-47fb-9a74-1a0d28f723f6/run_tests]   ✅  Success - Main Run tests with Maven
[1585a644-9088-47fb-9a74-1a0d28f723f6/run_tests] unable to get git ref: failed to identify reference (tag/branch) for the checked-out revision '65ea545567a680bc0062572f48500d9e061e1b35'
[1585a644-9088-47fb-9a74-1a0d28f723f6/run_tests] unable to get git ref: failed to identify reference (tag/branch) for the checked-out revision '65ea545567a680bc0062572f48500d9e061e1b35'
[1585a644-9088-47fb-9a74-1a0d28f723f6/run_tests] unable to get git ref: failed to identify reference (tag/branch) for the checked-out revision '65ea545567a680bc0062572f48500d9e061e1b35'
[1585a644-9088-47fb-9a74-1a0d28f723f6/run_tests] unable to get git ref: failed to identify reference (tag/branch) for the checked-out revision '65ea545567a680bc0062572f48500d9e061e1b35'
[1585a644-9088-47fb-9a74-1a0d28f723f6/run_tests] unable to get git ref: failed to identify reference (tag/branch) for the checked-out revision '65ea545567a680bc0062572f48500d9e061e1b35'
[1585a644-9088-47fb-9a74-1a0d28f723f6/run_tests] ⭐ Run Post Set up JDK 17
[1585a644-9088-47fb-9a74-1a0d28f723f6/run_tests]   🐳  docker exec cmd=[node /var/run/act/actions/actions-setup-java@v1/dist/cleanup/index.js] user= workdir=
[1585a644-9088-47fb-9a74-1a0d28f723f6/run_tests]   ✅  Success - Post Set up JDK 17
[1585a644-9088-47fb-9a74-1a0d28f723f6/run_tests] 🏁  Job succeeded
[1585a644-9088-47fb-9a74-1a0d28f723f6/run_tests] unable to get git ref: failed to identify reference (tag/branch) for the checked-out revision '65ea545567a680bc0062572f48500d9e061e1b35'
