[69386919-cc0b-4e16-a419-bb64cb818ccf/build] üöÄ  Start image=gitbugactions:latest
[69386919-cc0b-4e16-a419-bb64cb818ccf/build]   üê≥  docker pull image=gitbugactions:latest platform= username= forcePull=false
[69386919-cc0b-4e16-a419-bb64cb818ccf/build]   üê≥  docker create image=gitbugactions:latest platform= entrypoint=["tail" "-f" "/dev/null"] cmd=[]
[69386919-cc0b-4e16-a419-bb64cb818ccf/build]   üê≥  docker run image=gitbugactions:latest platform= entrypoint=["tail" "-f" "/dev/null"] cmd=[]
[69386919-cc0b-4e16-a419-bb64cb818ccf/build]   üê≥  docker exec cmd=[chown -R 1012:1013 /tmp/b61941d7-91d6-4b09-8e1b-1c379d96adef] user=0 workdir=
[69386919-cc0b-4e16-a419-bb64cb818ccf/build] unable to get git ref: failed to identify reference (tag/branch) for the checked-out revision '79c0044373b483e625b42fa8513000cb719651b9'
[69386919-cc0b-4e16-a419-bb64cb818ccf/build] unable to get git ref: failed to identify reference (tag/branch) for the checked-out revision '79c0044373b483e625b42fa8513000cb719651b9'
[69386919-cc0b-4e16-a419-bb64cb818ccf/build] unable to get git ref: failed to identify reference (tag/branch) for the checked-out revision '79c0044373b483e625b42fa8513000cb719651b9'
[69386919-cc0b-4e16-a419-bb64cb818ccf/build] unable to get git ref: failed to identify reference (tag/branch) for the checked-out revision '79c0044373b483e625b42fa8513000cb719651b9'
[69386919-cc0b-4e16-a419-bb64cb818ccf/build] unable to get git ref: failed to identify reference (tag/branch) for the checked-out revision '79c0044373b483e625b42fa8513000cb719651b9'
[69386919-cc0b-4e16-a419-bb64cb818ccf/build] unable to get git ref: failed to identify reference (tag/branch) for the checked-out revision '79c0044373b483e625b42fa8513000cb719651b9'
[69386919-cc0b-4e16-a419-bb64cb818ccf/build] unable to get git ref: failed to identify reference (tag/branch) for the checked-out revision '79c0044373b483e625b42fa8513000cb719651b9'
[69386919-cc0b-4e16-a419-bb64cb818ccf/build] unable to get git ref: failed to identify reference (tag/branch) for the checked-out revision '79c0044373b483e625b42fa8513000cb719651b9'
[69386919-cc0b-4e16-a419-bb64cb818ccf/build] unable to get git ref: failed to identify reference (tag/branch) for the checked-out revision '79c0044373b483e625b42fa8513000cb719651b9'
[69386919-cc0b-4e16-a419-bb64cb818ccf/build] ‚≠ê Run Main actions/checkout@v3
[69386919-cc0b-4e16-a419-bb64cb818ccf/build] unable to get git ref: failed to identify reference (tag/branch) for the checked-out revision '79c0044373b483e625b42fa8513000cb719651b9'
[69386919-cc0b-4e16-a419-bb64cb818ccf/build] unable to get git ref: failed to identify reference (tag/branch) for the checked-out revision '79c0044373b483e625b42fa8513000cb719651b9'
[69386919-cc0b-4e16-a419-bb64cb818ccf/build]   üê≥  docker cp src=/tmp/b61941d7-91d6-4b09-8e1b-1c379d96adef/. dst=/tmp/b61941d7-91d6-4b09-8e1b-1c379d96adef
[69386919-cc0b-4e16-a419-bb64cb818ccf/build]   üê≥  docker exec cmd=[chown -R 1012:1013 /tmp/b61941d7-91d6-4b09-8e1b-1c379d96adef] user=0 workdir=
[69386919-cc0b-4e16-a419-bb64cb818ccf/build]   ‚úÖ  Success - Main actions/checkout@v3
[69386919-cc0b-4e16-a419-bb64cb818ccf/build] unable to get git ref: failed to identify reference (tag/branch) for the checked-out revision '79c0044373b483e625b42fa8513000cb719651b9'
[69386919-cc0b-4e16-a419-bb64cb818ccf/build] unable to get git ref: failed to identify reference (tag/branch) for the checked-out revision '79c0044373b483e625b42fa8513000cb719651b9'
[69386919-cc0b-4e16-a419-bb64cb818ccf/build] unable to get git ref: failed to identify reference (tag/branch) for the checked-out revision '79c0044373b483e625b42fa8513000cb719651b9'
[69386919-cc0b-4e16-a419-bb64cb818ccf/build] unable to get git ref: failed to identify reference (tag/branch) for the checked-out revision '79c0044373b483e625b42fa8513000cb719651b9'
[69386919-cc0b-4e16-a419-bb64cb818ccf/build] unable to get git ref: failed to identify reference (tag/branch) for the checked-out revision '79c0044373b483e625b42fa8513000cb719651b9'
[69386919-cc0b-4e16-a419-bb64cb818ccf/build] ‚≠ê Run Main Set up JDK 17
[69386919-cc0b-4e16-a419-bb64cb818ccf/build] unable to get git ref: failed to identify reference (tag/branch) for the checked-out revision '79c0044373b483e625b42fa8513000cb719651b9'
[69386919-cc0b-4e16-a419-bb64cb818ccf/build] unable to get git ref: failed to identify reference (tag/branch) for the checked-out revision '79c0044373b483e625b42fa8513000cb719651b9'
[69386919-cc0b-4e16-a419-bb64cb818ccf/build] unable to get git ref: failed to identify reference (tag/branch) for the checked-out revision '79c0044373b483e625b42fa8513000cb719651b9'
[69386919-cc0b-4e16-a419-bb64cb818ccf/build]   üê≥  docker cp src=/tmp/act-cache/206489bf-1188-4fb3-bc00-4e314264845f/act/actions-setup-java@v3/ dst=/var/run/act/actions/actions-setup-java@v3/
[69386919-cc0b-4e16-a419-bb64cb818ccf/build]   üê≥  docker exec cmd=[chown -R 1012:1013 /var/run/act/actions/actions-setup-java@v3/] user=0 workdir=
[69386919-cc0b-4e16-a419-bb64cb818ccf/build]   üê≥  docker exec cmd=[node /var/run/act/actions/actions-setup-java@v3/dist/setup/index.js] user= workdir=
[69386919-cc0b-4e16-a419-bb64cb818ccf/build]   ‚ùì  ::group::Installed distributions
[69386919-cc0b-4e16-a419-bb64cb818ccf/build]   üí¨  ::debug::isExplicit: 11.0.20-1
[69386919-cc0b-4e16-a419-bb64cb818ccf/build]   üí¨  ::debug::explicit? true
[69386919-cc0b-4e16-a419-bb64cb818ccf/build]   üí¨  ::debug::isExplicit: 17.0.8-1
[69386919-cc0b-4e16-a419-bb64cb818ccf/build]   üí¨  ::debug::explicit? true
[69386919-cc0b-4e16-a419-bb64cb818ccf/build]   üí¨  ::debug::isExplicit: 21.0.0-35
[69386919-cc0b-4e16-a419-bb64cb818ccf/build]   üí¨  ::debug::explicit? true
[69386919-cc0b-4e16-a419-bb64cb818ccf/build]   üí¨  ::debug::isExplicit: 8.0.382-5
[69386919-cc0b-4e16-a419-bb64cb818ccf/build]   üí¨  ::debug::explicit? true
[69386919-cc0b-4e16-a419-bb64cb818ccf/build]   | Resolved Java 17.0.8+1 from tool-cache
[69386919-cc0b-4e16-a419-bb64cb818ccf/build]   | Setting Java 17.0.8+1 as the default
[69386919-cc0b-4e16-a419-bb64cb818ccf/build]   | Creating toolchains.xml for JDK version 17 from temurin
[69386919-cc0b-4e16-a419-bb64cb818ccf/build]   | Writing to /home/runner/.m2/toolchains.xml
[69386919-cc0b-4e16-a419-bb64cb818ccf/build]   | 
[69386919-cc0b-4e16-a419-bb64cb818ccf/build]   | Java configuration:
[69386919-cc0b-4e16-a419-bb64cb818ccf/build]   |   Distribution: temurin
[69386919-cc0b-4e16-a419-bb64cb818ccf/build]   |   Version: 17.0.8+1
[69386919-cc0b-4e16-a419-bb64cb818ccf/build]   |   Path: /opt/hostedtoolcache/Java_Temurin-Hotspot_jdk/17.0.8-1/x64
[69386919-cc0b-4e16-a419-bb64cb818ccf/build]   | 
[69386919-cc0b-4e16-a419-bb64cb818ccf/build]   ‚ùì  ::endgroup::
[69386919-cc0b-4e16-a419-bb64cb818ccf/build]   ‚ùì add-matcher /run/act/actions/actions-setup-java@v3/.github/java.json
[69386919-cc0b-4e16-a419-bb64cb818ccf/build]   | Creating settings.xml with server-id: github
[69386919-cc0b-4e16-a419-bb64cb818ccf/build]   | Writing to /home/runner/.m2/settings.xml
[69386919-cc0b-4e16-a419-bb64cb818ccf/build]   ‚úÖ  Success - Main Set up JDK 17
[69386919-cc0b-4e16-a419-bb64cb818ccf/build]   ‚öô  ::set-env:: JAVA_HOME=/opt/hostedtoolcache/Java_Temurin-Hotspot_jdk/17.0.8-1/x64
[69386919-cc0b-4e16-a419-bb64cb818ccf/build]   ‚öô  ::set-env:: JAVA_HOME_17_X64=/opt/hostedtoolcache/Java_Temurin-Hotspot_jdk/17.0.8-1/x64
[69386919-cc0b-4e16-a419-bb64cb818ccf/build]   ‚öô  ::set-output:: distribution=Temurin-Hotspot
[69386919-cc0b-4e16-a419-bb64cb818ccf/build]   ‚öô  ::set-output:: path=/opt/hostedtoolcache/Java_Temurin-Hotspot_jdk/17.0.8-1/x64
[69386919-cc0b-4e16-a419-bb64cb818ccf/build]   ‚öô  ::set-output:: version=17.0.8+1
[69386919-cc0b-4e16-a419-bb64cb818ccf/build]   ‚öô  ::add-path:: /opt/hostedtoolcache/Java_Temurin-Hotspot_jdk/17.0.8-1/x64/bin
[69386919-cc0b-4e16-a419-bb64cb818ccf/build] unable to get git ref: failed to identify reference (tag/branch) for the checked-out revision '79c0044373b483e625b42fa8513000cb719651b9'
[69386919-cc0b-4e16-a419-bb64cb818ccf/build] unable to get git ref: failed to identify reference (tag/branch) for the checked-out revision '79c0044373b483e625b42fa8513000cb719651b9'
[69386919-cc0b-4e16-a419-bb64cb818ccf/build] unable to get git ref: failed to identify reference (tag/branch) for the checked-out revision '79c0044373b483e625b42fa8513000cb719651b9'
[69386919-cc0b-4e16-a419-bb64cb818ccf/build] unable to get git ref: failed to identify reference (tag/branch) for the checked-out revision '79c0044373b483e625b42fa8513000cb719651b9'
[69386919-cc0b-4e16-a419-bb64cb818ccf/build] unable to get git ref: failed to identify reference (tag/branch) for the checked-out revision '79c0044373b483e625b42fa8513000cb719651b9'
[69386919-cc0b-4e16-a419-bb64cb818ccf/build] ‚≠ê Run Main Build with Maven
[69386919-cc0b-4e16-a419-bb64cb818ccf/build] unable to get git ref: failed to identify reference (tag/branch) for the checked-out revision '79c0044373b483e625b42fa8513000cb719651b9'
[69386919-cc0b-4e16-a419-bb64cb818ccf/build] unable to get git ref: failed to identify reference (tag/branch) for the checked-out revision '79c0044373b483e625b42fa8513000cb719651b9'
[69386919-cc0b-4e16-a419-bb64cb818ccf/build] unable to get git ref: failed to identify reference (tag/branch) for the checked-out revision '79c0044373b483e625b42fa8513000cb719651b9'
[69386919-cc0b-4e16-a419-bb64cb818ccf/build] unable to get git ref: failed to identify reference (tag/branch) for the checked-out revision '79c0044373b483e625b42fa8513000cb719651b9'
[69386919-cc0b-4e16-a419-bb64cb818ccf/build]   üê≥  docker exec cmd=[bash --noprofile --norc -e -o pipefail /var/run/act/workflow/2] user= workdir=
[69386919-cc0b-4e16-a419-bb64cb818ccf/build]   | [INFO] Scanning for projects...
[69386919-cc0b-4e16-a419-bb64cb818ccf/build]   | [INFO] 
[69386919-cc0b-4e16-a419-bb64cb818ccf/build]   | [INFO] ------------------< net.e175.klaus:solarpositioning >-------------------
[69386919-cc0b-4e16-a419-bb64cb818ccf/build]   | [INFO] Building solarpositioning 0.1.4-SNAPSHOT
[69386919-cc0b-4e16-a419-bb64cb818ccf/build]   | [INFO]   from pom.xml
[69386919-cc0b-4e16-a419-bb64cb818ccf/build]   | [INFO] --------------------------------[ jar ]---------------------------------
[69386919-cc0b-4e16-a419-bb64cb818ccf/build]   | [INFO] Downloading from central: https://repo.maven.apache.org/maven2/org/apache/maven/plugins/maven-resources-plugin/2.6/maven-resources-plugin-2.6.pom
[69386919-cc0b-4e16-a419-bb64cb818ccf/build]   | [INFO] Downloaded from central: https://repo.maven.apache.org/maven2/org/apache/maven/plugins/maven-resources-plugin/2.6/maven-resources-plugin-2.6.pom (8.1 kB at 21 kB/s)
[69386919-cc0b-4e16-a419-bb64cb818ccf/build]   | [INFO] Downloading from central: https://repo.maven.apache.org/maven2/org/apache/maven/plugins/maven-plugins/23/maven-plugins-23.pom
[69386919-cc0b-4e16-a419-bb64cb818ccf/build]   | [INFO] Downloaded from central: https://repo.maven.apache.org/maven2/org/apache/maven/plugins/maven-plugins/23/maven-plugins-23.pom (9.2 kB at 196 kB/s)
[69386919-cc0b-4e16-a419-bb64cb818ccf/build]   | [INFO] Downloading from central: https://repo.maven.apache.org/maven2/org/apache/maven/maven-parent/22/maven-parent-22.pom
[69386919-cc0b-4e16-a419-bb64cb818ccf/build]   | [INFO] Downloaded from central: https://repo.maven.apache.org/maven2/org/apache/maven/maven-parent/22/maven-parent-22.pom (30 kB at 437 kB/s)
[69386919-cc0b-4e16-a419-bb64cb818ccf/build]   | [INFO] Downloading from central: https://repo.maven.apache.org/maven2/org/apache/apache/11/apache-11.pom
[69386919-cc0b-4e16-a419-bb64cb818ccf/build]   | [INFO] Downloaded from central: https://repo.maven.apache.org/maven2/org/apache/apache/11/apache-11.pom (15 kB at 617 kB/s)
[69386919-cc0b-4e16-a419-bb64cb818ccf/build]   | [INFO] Downloading from central: https://repo.maven.apache.org/maven2/org/apache/maven/plugins/maven-resources-plugin/2.6/maven-resources-plugin-2.6.jar
[69386919-cc0b-4e16-a419-bb64cb818ccf/build]   | [INFO] Downloaded from central: https://repo.maven.apache.org/maven2/org/apache/maven/plugins/maven-resources-plugin/2.6/maven-resources-plugin-2.6.jar (30 kB at 922 kB/s)
[69386919-cc0b-4e16-a419-bb64cb818ccf/build]   | [INFO] Downloading from central: https://repo.maven.apache.org/maven2/org/apache/maven/plugins/maven-compiler-plugin/3.10.1/maven-compiler-plugin-3.10.1.pom
[69386919-cc0b-4e16-a419-bb64cb818ccf/build]   | [INFO] Downloaded from central: https://repo.maven.apache.org/maven2/org/apache/maven/plugins/maven-compiler-plugin/3.10.1/maven-compiler-plugin-3.10.1.pom (13 kB at 450 kB/s)
[69386919-cc0b-4e16-a419-bb64cb818ccf/build]   | [INFO] Downloading from central: https://repo.maven.apache.org/maven2/org/apache/maven/plugins/maven-plugins/34/maven-plugins-34.pom
[69386919-cc0b-4e16-a419-bb64cb818ccf/build]   | [INFO] Downloaded from central: https://repo.maven.apache.org/maven2/org/apache/maven/plugins/maven-plugins/34/maven-plugins-34.pom (11 kB at 486 kB/s)
[69386919-cc0b-4e16-a419-bb64cb818ccf/build]   | [INFO] Downloading from central: https://repo.maven.apache.org/maven2/org/apache/maven/maven-parent/34/maven-parent-34.pom
[69386919-cc0b-4e16-a419-bb64cb818ccf/build]   | [INFO] Downloaded from central: https://repo.maven.apache.org/maven2/org/apache/maven/maven-parent/34/maven-parent-34.pom (43 kB at 2.3 MB/s)
[69386919-cc0b-4e16-a419-bb64cb818ccf/build]   | [INFO] Downloading from central: https://repo.maven.apache.org/maven2/org/apache/apache/23/apache-23.pom
[69386919-cc0b-4e16-a419-bb64cb818ccf/build]   | [INFO] Downloaded from central: https://repo.maven.apache.org/maven2/org/apache/apache/23/apache-23.pom (18 kB at 1.1 MB/s)
[69386919-cc0b-4e16-a419-bb64cb818ccf/build]   | [INFO] Downloading from central: https://repo.maven.apache.org/maven2/org/apache/maven/plugins/maven-compiler-plugin/3.10.1/maven-compiler-plugin-3.10.1.jar
[69386919-cc0b-4e16-a419-bb64cb818ccf/build]   | [INFO] Downloaded from central: https://repo.maven.apache.org/maven2/org/apache/maven/plugins/maven-compiler-plugin/3.10.1/maven-compiler-plugin-3.10.1.jar (62 kB at 3.1 MB/s)
[69386919-cc0b-4e16-a419-bb64cb818ccf/build]   | [INFO] Downloading from central: https://repo.maven.apache.org/maven2/org/apache/maven/plugins/maven-surefire-plugin/3.0.0-M7/maven-surefire-plugin-3.0.0-M7.pom
[69386919-cc0b-4e16-a419-bb64cb818ccf/build]   | [INFO] Downloaded from central: https://repo.maven.apache.org/maven2/org/apache/maven/plugins/maven-surefire-plugin/3.0.0-M7/maven-surefire-plugin-3.0.0-M7.pom (7.2 kB at 656 kB/s)
[69386919-cc0b-4e16-a419-bb64cb818ccf/build]   | [INFO] Downloading from central: https://repo.maven.apache.org/maven2/org/apache/maven/surefire/surefire/3.0.0-M7/surefire-3.0.0-M7.pom
[69386919-cc0b-4e16-a419-bb64cb818ccf/build]   | [INFO] Downloaded from central: https://repo.maven.apache.org/maven2/org/apache/maven/surefire/surefire/3.0.0-M7/surefire-3.0.0-M7.pom (22 kB at 1.8 MB/s)
[69386919-cc0b-4e16-a419-bb64cb818ccf/build]   | [INFO] Downloading from central: https://repo.maven.apache.org/maven2/org/apache/maven/maven-parent/36/maven-parent-36.pom
[69386919-cc0b-4e16-a419-bb64cb818ccf/build]   | [INFO] Downloaded from central: https://repo.maven.apache.org/maven2/org/apache/maven/maven-parent/36/maven-parent-36.pom (45 kB at 2.4 MB/s)
[69386919-cc0b-4e16-a419-bb64cb818ccf/build]   | [INFO] Downloading from central: https://repo.maven.apache.org/maven2/org/apache/apache/26/apache-26.pom
[69386919-cc0b-4e16-a419-bb64cb818ccf/build]   | [INFO] Downloaded from central: https://repo.maven.apache.org/maven2/org/apache/apache/26/apache-26.pom (21 kB at 1.0 MB/s)
[69386919-cc0b-4e16-a419-bb64cb818ccf/build]   | [INFO] Downloading from central: https://repo.maven.apache.org/maven2/org/apache/maven/plugins/maven-surefire-plugin/3.0.0-M7/maven-surefire-plugin-3.0.0-M7.jar
[69386919-cc0b-4e16-a419-bb64cb818ccf/build]   | [INFO] Downloaded from central: https://repo.maven.apache.org/maven2/org/apache/maven/plugins/maven-surefire-plugin/3.0.0-M7/maven-surefire-plugin-3.0.0-M7.jar (44 kB at 3.1 MB/s)
[69386919-cc0b-4e16-a419-bb64cb818ccf/build]   | [INFO] Downloading from central: https://repo.maven.apache.org/maven2/org/apache/maven/plugins/maven-jar-plugin/2.4/maven-jar-plugin-2.4.pom
[69386919-cc0b-4e16-a419-bb64cb818ccf/build]   | [INFO] Downloaded from central: https://repo.maven.apache.org/maven2/org/apache/maven/plugins/maven-jar-plugin/2.4/maven-jar-plugin-2.4.pom (5.8 kB at 278 kB/s)
[69386919-cc0b-4e16-a419-bb64cb818ccf/build]   | [INFO] Downloading from central: https://repo.maven.apache.org/maven2/org/apache/maven/plugins/maven-plugins/22/maven-plugins-22.pom
[69386919-cc0b-4e16-a419-bb64cb818ccf/build]   | [INFO] Downloaded from central: https://repo.maven.apache.org/maven2/org/apache/maven/plugins/maven-plugins/22/maven-plugins-22.pom (13 kB at 931 kB/s)
[69386919-cc0b-4e16-a419-bb64cb818ccf/build]   | [INFO] Downloading from central: https://repo.maven.apache.org/maven2/org/apache/maven/maven-parent/21/maven-parent-21.pom
[69386919-cc0b-4e16-a419-bb64cb818ccf/build]   | [INFO] Downloaded from central: https://repo.maven.apache.org/maven2/org/apache/maven/maven-parent/21/maven-parent-21.pom (26 kB at 1.6 MB/s)
[69386919-cc0b-4e16-a419-bb64cb818ccf/build]   | [INFO] Downloading from central: https://repo.maven.apache.org/maven2/org/apache/apache/10/apache-10.pom
[69386919-cc0b-4e16-a419-bb64cb818ccf/build]   | [INFO] Downloaded from central: https://repo.maven.apache.org/maven2/org/apache/apache/10/apache-10.pom (15 kB at 871 kB/s)
[69386919-cc0b-4e16-a419-bb64cb818ccf/build]   | [INFO] Downloading from central: https://repo.maven.apache.org/maven2/org/apache/maven/plugins/maven-jar-plugin/2.4/maven-jar-plugin-2.4.jar
[69386919-cc0b-4e16-a419-bb64cb818ccf/build]   | [INFO] Downloaded from central: https://repo.maven.apache.org/maven2/org/apache/maven/plugins/maven-jar-plugin/2.4/maven-jar-plugin-2.4.jar (34 kB at 2.4 MB/s)
[69386919-cc0b-4e16-a419-bb64cb818ccf/build]   | [INFO] Downloading from central: https://repo.maven.apache.org/maven2/org/junit/jupiter/junit-jupiter/5.9.1/junit-jupiter-5.9.1.pom
[69386919-cc0b-4e16-a419-bb64cb818ccf/build]   | [INFO] Downloaded from central: https://repo.maven.apache.org/maven2/org/junit/jupiter/junit-jupiter/5.9.1/junit-jupiter-5.9.1.pom (3.2 kB at 188 kB/s)
[69386919-cc0b-4e16-a419-bb64cb818ccf/build]   | [INFO] Downloading from central: https://repo.maven.apache.org/maven2/org/junit/junit-bom/5.9.1/junit-bom-5.9.1.pom
[69386919-cc0b-4e16-a419-bb64cb818ccf/build]   | [INFO] Downloaded from central: https://repo.maven.apache.org/maven2/org/junit/junit-bom/5.9.1/junit-bom-5.9.1.pom (5.6 kB at 433 kB/s)
[69386919-cc0b-4e16-a419-bb64cb818ccf/build]   | [INFO] Downloading from central: https://repo.maven.apache.org/maven2/org/junit/jupiter/junit-jupiter-api/5.9.1/junit-jupiter-api-5.9.1.pom
[69386919-cc0b-4e16-a419-bb64cb818ccf/build]   | [INFO] Downloaded from central: https://repo.maven.apache.org/maven2/org/junit/jupiter/junit-jupiter-api/5.9.1/junit-jupiter-api-5.9.1.pom (3.2 kB at 265 kB/s)
[69386919-cc0b-4e16-a419-bb64cb818ccf/build]   | [INFO] Downloading from central: https://repo.maven.apache.org/maven2/org/opentest4j/opentest4j/1.2.0/opentest4j-1.2.0.pom
[69386919-cc0b-4e16-a419-bb64cb818ccf/build]   | [INFO] Downloaded from central: https://repo.maven.apache.org/maven2/org/opentest4j/opentest4j/1.2.0/opentest4j-1.2.0.pom (1.7 kB at 210 kB/s)
[69386919-cc0b-4e16-a419-bb64cb818ccf/build]   | [INFO] Downloading from central: https://repo.maven.apache.org/maven2/org/junit/platform/junit-platform-commons/1.9.1/junit-platform-commons-1.9.1.pom
[69386919-cc0b-4e16-a419-bb64cb818ccf/build]   | [INFO] Downloaded from central: https://repo.maven.apache.org/maven2/org/junit/platform/junit-platform-commons/1.9.1/junit-platform-commons-1.9.1.pom (2.8 kB at 257 kB/s)
[69386919-cc0b-4e16-a419-bb64cb818ccf/build]   | [INFO] Downloading from central: https://repo.maven.apache.org/maven2/org/apiguardian/apiguardian-api/1.1.2/apiguardian-api-1.1.2.pom
[69386919-cc0b-4e16-a419-bb64cb818ccf/build]   | [INFO] Downloaded from central: https://repo.maven.apache.org/maven2/org/apiguardian/apiguardian-api/1.1.2/apiguardian-api-1.1.2.pom (1.5 kB at 117 kB/s)
[69386919-cc0b-4e16-a419-bb64cb818ccf/build]   | [INFO] Downloading from central: https://repo.maven.apache.org/maven2/org/junit/jupiter/junit-jupiter-params/5.9.1/junit-jupiter-params-5.9.1.pom
[69386919-cc0b-4e16-a419-bb64cb818ccf/build]   | [INFO] Downloaded from central: https://repo.maven.apache.org/maven2/org/junit/jupiter/junit-jupiter-params/5.9.1/junit-jupiter-params-5.9.1.pom (3.0 kB at 334 kB/s)
[69386919-cc0b-4e16-a419-bb64cb818ccf/build]   | [INFO] Downloading from central: https://repo.maven.apache.org/maven2/org/junit/jupiter/junit-jupiter-engine/5.9.1/junit-jupiter-engine-5.9.1.pom
[69386919-cc0b-4e16-a419-bb64cb818ccf/build]   | [INFO] Downloaded from central: https://repo.maven.apache.org/maven2/org/junit/jupiter/junit-jupiter-engine/5.9.1/junit-jupiter-engine-5.9.1.pom (3.2 kB at 355 kB/s)
[69386919-cc0b-4e16-a419-bb64cb818ccf/build]   | [INFO] Downloading from central: https://repo.maven.apache.org/maven2/org/junit/platform/junit-platform-engine/1.9.1/junit-platform-engine-1.9.1.pom
[69386919-cc0b-4e16-a419-bb64cb818ccf/build]   | [INFO] Downloaded from central: https://repo.maven.apache.org/maven2/org/junit/platform/junit-platform-engine/1.9.1/junit-platform-engine-1.9.1.pom (3.2 kB at 178 kB/s)
[69386919-cc0b-4e16-a419-bb64cb818ccf/build]   | [INFO] Downloading from central: https://repo.maven.apache.org/maven2/org/assertj/assertj-core/3.24.1/assertj-core-3.24.1.pom
[69386919-cc0b-4e16-a419-bb64cb818ccf/build]   | [INFO] Downloaded from central: https://repo.maven.apache.org/maven2/org/assertj/assertj-core/3.24.1/assertj-core-3.24.1.pom (19 kB at 1.3 MB/s)
[69386919-cc0b-4e16-a419-bb64cb818ccf/build]   | [INFO] Downloading from central: https://repo.maven.apache.org/maven2/org/assertj/assertj-parent/3.24.1/assertj-parent-3.24.1.pom
[69386919-cc0b-4e16-a419-bb64cb818ccf/build]   | [INFO] Downloaded from central: https://repo.maven.apache.org/maven2/org/assertj/assertj-parent/3.24.1/assertj-parent-3.24.1.pom (13 kB at 1.3 MB/s)
[69386919-cc0b-4e16-a419-bb64cb818ccf/build]   | [INFO] Downloading from central: https://repo.maven.apache.org/maven2/org/assertj/assertj-build/3.24.1/assertj-build-3.24.1.pom
[69386919-cc0b-4e16-a419-bb64cb818ccf/build]   | [INFO] Downloaded from central: https://repo.maven.apache.org/maven2/org/assertj/assertj-build/3.24.1/assertj-build-3.24.1.pom (8.8 kB at 462 kB/s)
[69386919-cc0b-4e16-a419-bb64cb818ccf/build]   | [INFO] Downloading from central: https://repo.maven.apache.org/maven2/org/mockito/mockito-bom/4.11.0/mockito-bom-4.11.0.pom
[69386919-cc0b-4e16-a419-bb64cb818ccf/build]   | [INFO] Downloaded from central: https://repo.maven.apache.org/maven2/org/mockito/mockito-bom/4.11.0/mockito-bom-4.11.0.pom (3.2 kB at 315 kB/s)
[69386919-cc0b-4e16-a419-bb64cb818ccf/build]   | [INFO] Downloading from central: https://repo.maven.apache.org/maven2/net/bytebuddy/byte-buddy/1.12.21/byte-buddy-1.12.21.pom
[69386919-cc0b-4e16-a419-bb64cb818ccf/build]   | [INFO] Downloaded from central: https://repo.maven.apache.org/maven2/net/bytebuddy/byte-buddy/1.12.21/byte-buddy-1.12.21.pom (16 kB at 880 kB/s)
[69386919-cc0b-4e16-a419-bb64cb818ccf/build]   | [INFO] Downloading from central: https://repo.maven.apache.org/maven2/net/bytebuddy/byte-buddy-parent/1.12.21/byte-buddy-parent-1.12.21.pom
[69386919-cc0b-4e16-a419-bb64cb818ccf/build]   | [INFO] Downloaded from central: https://repo.maven.apache.org/maven2/net/bytebuddy/byte-buddy-parent/1.12.21/byte-buddy-parent-1.12.21.pom (58 kB at 4.2 MB/s)
[69386919-cc0b-4e16-a419-bb64cb818ccf/build]   | [INFO] Downloading from central: https://repo.maven.apache.org/maven2/org/junit/jupiter/junit-jupiter/5.9.1/junit-jupiter-5.9.1.jar
[69386919-cc0b-4e16-a419-bb64cb818ccf/build]   | [INFO] Downloading from central: https://repo.maven.apache.org/maven2/org/junit/jupiter/junit-jupiter-api/5.9.1/junit-jupiter-api-5.9.1.jar
[69386919-cc0b-4e16-a419-bb64cb818ccf/build]   | [INFO] Downloading from central: https://repo.maven.apache.org/maven2/org/opentest4j/opentest4j/1.2.0/opentest4j-1.2.0.jar
[69386919-cc0b-4e16-a419-bb64cb818ccf/build]   | [INFO] Downloading from central: https://repo.maven.apache.org/maven2/org/junit/platform/junit-platform-commons/1.9.1/junit-platform-commons-1.9.1.jar
[69386919-cc0b-4e16-a419-bb64cb818ccf/build]   | [INFO] Downloading from central: https://repo.maven.apache.org/maven2/org/apiguardian/apiguardian-api/1.1.2/apiguardian-api-1.1.2.jar
[69386919-cc0b-4e16-a419-bb64cb818ccf/build]   | [INFO] Downloaded from central: https://repo.maven.apache.org/maven2/org/junit/jupiter/junit-jupiter/5.9.1/junit-jupiter-5.9.1.jar (6.4 kB at 636 kB/s)
[69386919-cc0b-4e16-a419-bb64cb818ccf/build]   | [INFO] Downloading from central: https://repo.maven.apache.org/maven2/org/junit/jupiter/junit-jupiter-params/5.9.1/junit-jupiter-params-5.9.1.jar
[69386919-cc0b-4e16-a419-bb64cb818ccf/build]   | [INFO] Downloaded from central: https://repo.maven.apache.org/maven2/org/opentest4j/opentest4j/1.2.0/opentest4j-1.2.0.jar (7.7 kB at 196 kB/s)
[69386919-cc0b-4e16-a419-bb64cb818ccf/build]   | [INFO] Downloading from central: https://repo.maven.apache.org/maven2/org/junit/jupiter/junit-jupiter-engine/5.9.1/junit-jupiter-engine-5.9.1.jar
[69386919-cc0b-4e16-a419-bb64cb818ccf/build]   | [INFO] Downloaded from central: https://repo.maven.apache.org/maven2/org/junit/platform/junit-platform-commons/1.9.1/junit-platform-commons-1.9.1.jar (103 kB at 1.5 MB/s)
[69386919-cc0b-4e16-a419-bb64cb818ccf/build]   | [INFO] Downloaded from central: https://repo.maven.apache.org/maven2/org/junit/jupiter/junit-jupiter-api/5.9.1/junit-jupiter-api-5.9.1.jar (208 kB at 3.1 MB/s)
[69386919-cc0b-4e16-a419-bb64cb818ccf/build]   | [INFO] Downloading from central: https://repo.maven.apache.org/maven2/org/assertj/assertj-core/3.24.1/assertj-core-3.24.1.jar
[69386919-cc0b-4e16-a419-bb64cb818ccf/build]   | [INFO] Downloading from central: https://repo.maven.apache.org/maven2/org/junit/platform/junit-platform-engine/1.9.1/junit-platform-engine-1.9.1.jar
[69386919-cc0b-4e16-a419-bb64cb818ccf/build]   | [INFO] Downloaded from central: https://repo.maven.apache.org/maven2/org/apiguardian/apiguardian-api/1.1.2/apiguardian-api-1.1.2.jar (6.8 kB at 99 kB/s)
[69386919-cc0b-4e16-a419-bb64cb818ccf/build]   | [INFO] Downloading from central: https://repo.maven.apache.org/maven2/net/bytebuddy/byte-buddy/1.12.21/byte-buddy-1.12.21.jar
[69386919-cc0b-4e16-a419-bb64cb818ccf/build]   | [INFO] Downloaded from central: https://repo.maven.apache.org/maven2/org/junit/jupiter/junit-jupiter-params/5.9.1/junit-jupiter-params-5.9.1.jar (579 kB at 6.7 MB/s)
[69386919-cc0b-4e16-a419-bb64cb818ccf/build]   | [INFO] Downloaded from central: https://repo.maven.apache.org/maven2/org/junit/jupiter/junit-jupiter-engine/5.9.1/junit-jupiter-engine-5.9.1.jar (247 kB at 2.2 MB/s)
[69386919-cc0b-4e16-a419-bb64cb818ccf/build]   | [INFO] Downloaded from central: https://repo.maven.apache.org/maven2/org/assertj/assertj-core/3.24.1/assertj-core-3.24.1.jar (1.3 MB at 11 MB/s)
[69386919-cc0b-4e16-a419-bb64cb818ccf/build]   | [INFO] Downloaded from central: https://repo.maven.apache.org/maven2/org/junit/platform/junit-platform-engine/1.9.1/junit-platform-engine-1.9.1.jar (188 kB at 1.5 MB/s)
[69386919-cc0b-4e16-a419-bb64cb818ccf/build]   | [INFO] Downloaded from central: https://repo.maven.apache.org/maven2/net/bytebuddy/byte-buddy/1.12.21/byte-buddy-1.12.21.jar (3.9 MB at 18 MB/s)
[69386919-cc0b-4e16-a419-bb64cb818ccf/build]   | [INFO] 
[69386919-cc0b-4e16-a419-bb64cb818ccf/build]   | [INFO] --- maven-resources-plugin:2.6:resources (default-resources) @ solarpositioning ---
[69386919-cc0b-4e16-a419-bb64cb818ccf/build]   | [INFO] Downloading from central: https://repo.maven.apache.org/maven2/org/apache/maven/maven-plugin-api/2.0.6/maven-plugin-api-2.0.6.pom
[69386919-cc0b-4e16-a419-bb64cb818ccf/build]   | [INFO] Downloaded from central: https://repo.maven.apache.org/maven2/org/apache/maven/maven-plugin-api/2.0.6/maven-plugin-api-2.0.6.pom (1.5 kB at 162 kB/s)
[69386919-cc0b-4e16-a419-bb64cb818ccf/build]   | [INFO] Downloading from central: https://repo.maven.apache.org/maven2/org/apache/maven/maven/2.0.6/maven-2.0.6.pom
[69386919-cc0b-4e16-a419-bb64cb818ccf/build]   | [INFO] Downloaded from central: https://repo.maven.apache.org/maven2/org/apache/maven/maven/2.0.6/maven-2.0.6.pom (9.0 kB at 1.1 MB/s)
[69386919-cc0b-4e16-a419-bb64cb818ccf/build]   | [INFO] Downloading from central: https://repo.maven.apache.org/maven2/org/apache/maven/maven-parent/5/maven-parent-5.pom
[69386919-cc0b-4e16-a419-bb64cb818ccf/build]   | [INFO] Downloaded from central: https://repo.maven.apache.org/maven2/org/apache/maven/maven-parent/5/maven-parent-5.pom (15 kB at 2.2 MB/s)
[69386919-cc0b-4e16-a419-bb64cb818ccf/build]   | [INFO] Downloading from central: https://repo.maven.apache.org/maven2/org/apache/apache/3/apache-3.pom
[69386919-cc0b-4e16-a419-bb64cb818ccf/build]   | [INFO] Downloaded from central: https://repo.maven.apache.org/maven2/org/apache/apache/3/apache-3.pom (3.4 kB at 429 kB/s)
[69386919-cc0b-4e16-a419-bb64cb818ccf/build]   | [INFO] Downloading from central: https://repo.maven.apache.org/maven2/org/apache/maven/maven-project/2.0.6/maven-project-2.0.6.pom
[69386919-cc0b-4e16-a419-bb64cb818ccf/build]   | [INFO] Downloaded from central: https://repo.maven.apache.org/maven2/org/apache/maven/maven-project/2.0.6/maven-project-2.0.6.pom (2.6 kB at 440 kB/s)
[69386919-cc0b-4e16-a419-bb64cb818ccf/build]   | [INFO] Downloading from central: https://repo.maven.apache.org/maven2/org/apache/maven/maven-settings/2.0.6/maven-settings-2.0.6.pom
[69386919-cc0b-4e16-a419-bb64cb818ccf/build]   | [INFO] Downloaded from central: https://repo.maven.apache.org/maven2/org/apache/maven/maven-settings/2.0.6/maven-settings-2.0.6.pom (2.0 kB at 250 kB/s)
[69386919-cc0b-4e16-a419-bb64cb818ccf/build]   | [INFO] Downloading from central: https://repo.maven.apache.org/maven2/org/apache/maven/maven-model/2.0.6/maven-model-2.0.6.pom
[69386919-cc0b-4e16-a419-bb64cb818ccf/build]   | [INFO] Downloaded from central: https://repo.maven.apache.org/maven2/org/apache/maven/maven-model/2.0.6/maven-model-2.0.6.pom (3.0 kB at 339 kB/s)
[69386919-cc0b-4e16-a419-bb64cb818ccf/build]   | [INFO] Downloading from central: https://repo.maven.apache.org/maven2/org/codehaus/plexus/plexus-utils/1.4.1/plexus-utils-1.4.1.pom
[69386919-cc0b-4e16-a419-bb64cb818ccf/build]   | [INFO] Downloaded from central: https://repo.maven.apache.org/maven2/org/codehaus/plexus/plexus-utils/1.4.1/plexus-utils-1.4.1.pom (1.9 kB at 212 kB/s)
[69386919-cc0b-4e16-a419-bb64cb818ccf/build]   | [INFO] Downloading from central: https://repo.maven.apache.org/maven2/org/codehaus/plexus/plexus/1.0.11/plexus-1.0.11.pom
[69386919-cc0b-4e16-a419-bb64cb818ccf/build]   | [INFO] Downloaded from central: https://repo.maven.apache.org/maven2/org/codehaus/plexus/plexus/1.0.11/plexus-1.0.11.pom (9.0 kB at 561 kB/s)
[69386919-cc0b-4e16-a419-bb64cb818ccf/build]   | [INFO] Downloading from central: https://repo.maven.apache.org/maven2/org/codehaus/plexus/plexus-container-default/1.0-alpha-9-stable-1/plexus-container-default-1.0-alpha-9-stable-1.pom
[69386919-cc0b-4e16-a419-bb64cb818ccf/build]   | [INFO] Downloaded from central: https://repo.maven.apache.org/maven2/org/codehaus/plexus/plexus-container-default/1.0-alpha-9-stable-1/plexus-container-default-1.0-alpha-9-stable-1.pom (3.9 kB at 494 kB/s)
[69386919-cc0b-4e16-a419-bb64cb818ccf/build]   | [INFO] Downloading from central: https://repo.maven.apache.org/maven2/org/codehaus/plexus/plexus-containers/1.0.3/plexus-containers-1.0.3.pom
[69386919-cc0b-4e16-a419-bb64cb818ccf/build]   | [INFO] Downloaded from central: https://repo.maven.apache.org/maven2/org/codehaus/plexus/plexus-containers/1.0.3/plexus-containers-1.0.3.pom (492 B at 55 kB/s)
[69386919-cc0b-4e16-a419-bb64cb818ccf/build]   | [INFO] Downloading from central: https://repo.maven.apache.org/maven2/org/codehaus/plexus/plexus/1.0.4/plexus-1.0.4.pom
[69386919-cc0b-4e16-a419-bb64cb818ccf/build]   | [INFO] Downloaded from central: https://repo.maven.apache.org/maven2/org/codehaus/plexus/plexus/1.0.4/plexus-1.0.4.pom (5.7 kB at 249 kB/s)
[69386919-cc0b-4e16-a419-bb64cb818ccf/build]   | [INFO] Downloading from central: https://repo.maven.apache.org/maven2/junit/junit/3.8.1/junit-3.8.1.pom
[69386919-cc0b-4e16-a419-bb64cb818ccf/build]   | [INFO] Downloaded from central: https://repo.maven.apache.org/maven2/junit/junit/3.8.1/junit-3.8.1.pom (998 B at 143 kB/s)
[69386919-cc0b-4e16-a419-bb64cb818ccf/build]   | [INFO] Downloading from central: https://repo.maven.apache.org/maven2/org/codehaus/plexus/plexus-utils/1.0.4/plexus-utils-1.0.4.pom
[69386919-cc0b-4e16-a419-bb64cb818ccf/build]   | [INFO] Downloaded from central: https://repo.maven.apache.org/maven2/org/codehaus/plexus/plexus-utils/1.0.4/plexus-utils-1.0.4.pom (6.9 kB at 857 kB/s)
[69386919-cc0b-4e16-a419-bb64cb818ccf/build]   | [INFO] Downloading from central: https://repo.maven.apache.org/maven2/classworlds/classworlds/1.1-alpha-2/classworlds-1.1-alpha-2.pom
[69386919-cc0b-4e16-a419-bb64cb818ccf/build]   | [INFO] Downloaded from central: https://repo.maven.apache.org/maven2/classworlds/classworlds/1.1-alpha-2/classworlds-1.1-alpha-2.pom (3.1 kB at 447 kB/s)
[69386919-cc0b-4e16-a419-bb64cb818ccf/build]   | [INFO] Downloading from central: https://repo.maven.apache.org/maven2/org/apache/maven/maven-profile/2.0.6/maven-profile-2.0.6.pom
[69386919-cc0b-4e16-a419-bb64cb818ccf/build]   | [INFO] Downloaded from central: https://repo.maven.apache.org/maven2/org/apache/maven/maven-profile/2.0.6/maven-profile-2.0.6.pom (2.0 kB at 248 kB/s)
[69386919-cc0b-4e16-a419-bb64cb818ccf/build]   | [INFO] Downloading from central: https://repo.maven.apache.org/maven2/org/apache/maven/maven-artifact-manager/2.0.6/maven-artifact-manager-2.0.6.pom
[69386919-cc0b-4e16-a419-bb64cb818ccf/build]   | [INFO] Downloaded from central: https://repo.maven.apache.org/maven2/org/apache/maven/maven-artifact-manager/2.0.6/maven-artifact-manager-2.0.6.pom (2.6 kB at 375 kB/s)
[69386919-cc0b-4e16-a419-bb64cb818ccf/build]   | [INFO] Downloading from central: https://repo.maven.apache.org/maven2/org/apache/maven/maven-repository-metadata/2.0.6/maven-repository-metadata-2.0.6.pom
[69386919-cc0b-4e16-a419-bb64cb818ccf/build]   | [INFO] Downloaded from central: https://repo.maven.apache.org/maven2/org/apache/maven/maven-repository-metadata/2.0.6/maven-repository-metadata-2.0.6.pom (1.9 kB at 206 kB/s)
[69386919-cc0b-4e16-a419-bb64cb818ccf/build]   | [INFO] Downloading from central: https://repo.maven.apache.org/maven2/org/apache/maven/maven-artifact/2.0.6/maven-artifact-2.0.6.pom
[69386919-cc0b-4e16-a419-bb64cb818ccf/build]   | [INFO] Downloaded from central: https://repo.maven.apache.org/maven2/org/apache/maven/maven-artifact/2.0.6/maven-artifact-2.0.6.pom (1.6 kB at 75 kB/s)
[69386919-cc0b-4e16-a419-bb64cb818ccf/build]   | [INFO] Downloading from central: https://repo.maven.apache.org/maven2/org/apache/maven/maven-plugin-registry/2.0.6/maven-plugin-registry-2.0.6.pom
[69386919-cc0b-4e16-a419-bb64cb818ccf/build]   | [INFO] Downloaded from central: https://repo.maven.apache.org/maven2/org/apache/maven/maven-plugin-registry/2.0.6/maven-plugin-registry-2.0.6.pom (1.9 kB at 216 kB/s)
[69386919-cc0b-4e16-a419-bb64cb818ccf/build]   | [INFO] Downloading from central: https://repo.maven.apache.org/maven2/org/apache/maven/maven-core/2.0.6/maven-core-2.0.6.pom
[69386919-cc0b-4e16-a419-bb64cb818ccf/build]   | [INFO] Downloaded from central: https://repo.maven.apache.org/maven2/org/apache/maven/maven-core/2.0.6/maven-core-2.0.6.pom (6.7 kB at 746 kB/s)
[69386919-cc0b-4e16-a419-bb64cb818ccf/build]   | [INFO] Downloading from central: https://repo.maven.apache.org/maven2/org/apache/maven/maven-plugin-parameter-documenter/2.0.6/maven-plugin-parameter-documenter-2.0.6.pom
[69386919-cc0b-4e16-a419-bb64cb818ccf/build]   | [INFO] Downloaded from central: https://repo.maven.apache.org/maven2/org/apache/maven/maven-plugin-parameter-documenter/2.0.6/maven-plugin-parameter-documenter-2.0.6.pom (1.9 kB at 239 kB/s)
[69386919-cc0b-4e16-a419-bb64cb818ccf/build]   | [INFO] Downloading from central: https://repo.maven.apache.org/maven2/org/apache/maven/reporting/maven-reporting-api/2.0.6/maven-reporting-api-2.0.6.pom
[69386919-cc0b-4e16-a419-bb64cb818ccf/build]   | [INFO] Downloaded from central: https://repo.maven.apache.org/maven2/org/apache/maven/reporting/maven-reporting-api/2.0.6/maven-reporting-api-2.0.6.pom (1.8 kB at 97 kB/s)
[69386919-cc0b-4e16-a419-bb64cb818ccf/build]   | [INFO] Downloading from central: https://repo.maven.apache.org/maven2/org/apache/maven/reporting/maven-reporting/2.0.6/maven-reporting-2.0.6.pom
[69386919-cc0b-4e16-a419-bb64cb818ccf/build]   | [INFO] Downloaded from central: https://repo.maven.apache.org/maven2/org/apache/maven/reporting/maven-reporting/2.0.6/maven-reporting-2.0.6.pom (1.4 kB at 180 kB/s)
[69386919-cc0b-4e16-a419-bb64cb818ccf/build]   | [INFO] Downloading from central: https://repo.maven.apache.org/maven2/org/apache/maven/doxia/doxia-sink-api/1.0-alpha-7/doxia-sink-api-1.0-alpha-7.pom
[69386919-cc0b-4e16-a419-bb64cb818ccf/build]   | [INFO] Downloaded from central: https://repo.maven.apache.org/maven2/org/apache/maven/doxia/doxia-sink-api/1.0-alpha-7/doxia-sink-api-1.0-alpha-7.pom (424 B at 35 kB/s)
[69386919-cc0b-4e16-a419-bb64cb818ccf/build]   | [INFO] Downloading from central: https://repo.maven.apache.org/maven2/org/apache/maven/doxia/doxia/1.0-alpha-7/doxia-1.0-alpha-7.pom
[69386919-cc0b-4e16-a419-bb64cb818ccf/build]   | [INFO] Downloaded from central: https://repo.maven.apache.org/maven2/org/apache/maven/doxia/doxia/1.0-alpha-7/doxia-1.0-alpha-7.pom (3.9 kB at 559 kB/s)
[69386919-cc0b-4e16-a419-bb64cb818ccf/build]   | [INFO] Downloading from central: https://repo.maven.apache.org/maven2/org/apache/maven/maven-error-diagnostics/2.0.6/maven-error-diagnostics-2.0.6.pom
[69386919-cc0b-4e16-a419-bb64cb818ccf/build]   | [INFO] Downloaded from central: https://repo.maven.apache.org/maven2/org/apache/maven/maven-error-diagnostics/2.0.6/maven-error-diagnostics-2.0.6.pom (1.7 kB at 213 kB/s)
[69386919-cc0b-4e16-a419-bb64cb818ccf/build]   | [INFO] Downloading from central: https://repo.maven.apache.org/maven2/commons-cli/commons-cli/1.0/commons-cli-1.0.pom
[69386919-cc0b-4e16-a419-bb64cb818ccf/build]   | [INFO] Downloaded from central: https://repo.maven.apache.org/maven2/commons-cli/commons-cli/1.0/commons-cli-1.0.pom (2.1 kB at 301 kB/s)
[69386919-cc0b-4e16-a419-bb64cb818ccf/build]   | [INFO] Downloading from central: https://repo.maven.apache.org/maven2/org/apache/maven/maven-plugin-descriptor/2.0.6/maven-plugin-descriptor-2.0.6.pom
[69386919-cc0b-4e16-a419-bb64cb818ccf/build]   | [INFO] Downloaded from central: https://repo.maven.apache.org/maven2/org/apache/maven/maven-plugin-descriptor/2.0.6/maven-plugin-descriptor-2.0.6.pom (2.0 kB at 252 kB/s)
[69386919-cc0b-4e16-a419-bb64cb818ccf/build]   | [INFO] Downloading from central: https://repo.maven.apache.org/maven2/org/codehaus/plexus/plexus-interactivity-api/1.0-alpha-4/plexus-interactivity-api-1.0-alpha-4.pom
[69386919-cc0b-4e16-a419-bb64cb818ccf/build]   | [INFO] Downloaded from central: https://repo.maven.apache.org/maven2/org/codehaus/plexus/plexus-interactivity-api/1.0-alpha-4/plexus-interactivity-api-1.0-alpha-4.pom (7.1 kB at 1.0 MB/s)
[69386919-cc0b-4e16-a419-bb64cb818ccf/build]   | [INFO] Downloading from central: https://repo.maven.apache.org/maven2/org/apache/maven/maven-monitor/2.0.6/maven-monitor-2.0.6.pom
[69386919-cc0b-4e16-a419-bb64cb818ccf/build]   | [INFO] Downloaded from central: https://repo.maven.apache.org/maven2/org/apache/maven/maven-monitor/2.0.6/maven-monitor-2.0.6.pom (1.3 kB at 179 kB/s)
[69386919-cc0b-4e16-a419-bb64cb818ccf/build]   | [INFO] Downloading from central: https://repo.maven.apache.org/maven2/classworlds/classworlds/1.1/classworlds-1.1.pom
[69386919-cc0b-4e16-a419-bb64cb818ccf/build]   | [INFO] Downloaded from central: https://repo.maven.apache.org/maven2/classworlds/classworlds/1.1/classworlds-1.1.pom (3.3 kB at 237 kB/s)
[69386919-cc0b-4e16-a419-bb64cb818ccf/build]   | [INFO] Downloading from central: https://repo.maven.apache.org/maven2/org/codehaus/plexus/plexus-utils/2.0.5/plexus-utils-2.0.5.pom
[69386919-cc0b-4e16-a419-bb64cb818ccf/build]   | [INFO] Downloaded from central: https://repo.maven.apache.org/maven2/org/codehaus/plexus/plexus-utils/2.0.5/plexus-utils-2.0.5.pom (3.3 kB at 333 kB/s)
[69386919-cc0b-4e16-a419-bb64cb818ccf/build]   | [INFO] Downloading from central: https://repo.maven.apache.org/maven2/org/codehaus/plexus/plexus/2.0.6/plexus-2.0.6.pom
[69386919-cc0b-4e16-a419-bb64cb818ccf/build]   | [INFO] Downloaded from central: https://repo.maven.apache.org/maven2/org/codehaus/plexus/plexus/2.0.6/plexus-2.0.6.pom (17 kB at 2.1 MB/s)
[69386919-cc0b-4e16-a419-bb64cb818ccf/build]   | [INFO] Downloading from central: https://repo.maven.apache.org/maven2/org/apache/maven/shared/maven-filtering/1.1/maven-filtering-1.1.pom
[69386919-cc0b-4e16-a419-bb64cb818ccf/build]   | [INFO] Downloaded from central: https://repo.maven.apache.org/maven2/org/apache/maven/shared/maven-filtering/1.1/maven-filtering-1.1.pom (5.8 kB at 175 kB/s)
[69386919-cc0b-4e16-a419-bb64cb818ccf/build]   | [INFO] Downloading from central: https://repo.maven.apache.org/maven2/org/apache/maven/shared/maven-shared-components/17/maven-shared-components-17.pom
[69386919-cc0b-4e16-a419-bb64cb818ccf/build]   | [INFO] Downloaded from central: https://repo.maven.apache.org/maven2/org/apache/maven/shared/maven-shared-components/17/maven-shared-components-17.pom (8.7 kB at 669 kB/s)
[69386919-cc0b-4e16-a419-bb64cb818ccf/build]   | [INFO] Downloading from central: https://repo.maven.apache.org/maven2/org/codehaus/plexus/plexus-utils/1.5.15/plexus-utils-1.5.15.pom
[69386919-cc0b-4e16-a419-bb64cb818ccf/build]   | [INFO] Downloaded from central: https://repo.maven.apache.org/maven2/org/codehaus/plexus/plexus-utils/1.5.15/plexus-utils-1.5.15.pom (6.8 kB at 623 kB/s)
[69386919-cc0b-4e16-a419-bb64cb818ccf/build]   | [INFO] Downloading from central: https://repo.maven.apache.org/maven2/org/codehaus/plexus/plexus/2.0.2/plexus-2.0.2.pom
[69386919-cc0b-4e16-a419-bb64cb818ccf/build]   | [INFO] Downloaded from central: https://repo.maven.apache.org/maven2/org/codehaus/plexus/plexus/2.0.2/plexus-2.0.2.pom (12 kB at 726 kB/s)
[69386919-cc0b-4e16-a419-bb64cb818ccf/build]   | [INFO] Downloading from central: https://repo.maven.apache.org/maven2/org/codehaus/plexus/plexus-interpolation/1.12/plexus-interpolation-1.12.pom
[69386919-cc0b-4e16-a419-bb64cb818ccf/build]   | [INFO] Downloaded from central: https://repo.maven.apache.org/maven2/org/codehaus/plexus/plexus-interpolation/1.12/plexus-interpolation-1.12.pom (889 B at 127 kB/s)
[69386919-cc0b-4e16-a419-bb64cb818ccf/build]   | [INFO] Downloading from central: https://repo.maven.apache.org/maven2/org/codehaus/plexus/plexus-components/1.1.14/plexus-components-1.1.14.pom
[69386919-cc0b-4e16-a419-bb64cb818ccf/build]   | [INFO] Downloaded from central: https://repo.maven.apache.org/maven2/org/codehaus/plexus/plexus-components/1.1.14/plexus-components-1.1.14.pom (5.8 kB at 649 kB/s)
[69386919-cc0b-4e16-a419-bb64cb818ccf/build]   | [INFO] Downloading from central: https://repo.maven.apache.org/maven2/org/sonatype/plexus/plexus-build-api/0.0.4/plexus-build-api-0.0.4.pom
[69386919-cc0b-4e16-a419-bb64cb818ccf/build]   | [INFO] Downloaded from central: https://repo.maven.apache.org/maven2/org/sonatype/plexus/plexus-build-api/0.0.4/plexus-build-api-0.0.4.pom (2.9 kB at 358 kB/s)
[69386919-cc0b-4e16-a419-bb64cb818ccf/build]   | [INFO] Downloading from central: https://repo.maven.apache.org/maven2/org/sonatype/spice/spice-parent/10/spice-parent-10.pom
[69386919-cc0b-4e16-a419-bb64cb818ccf/build]   | [INFO] Downloaded from central: https://repo.maven.apache.org/maven2/org/sonatype/spice/spice-parent/10/spice-parent-10.pom (3.0 kB at 302 kB/s)
[69386919-cc0b-4e16-a419-bb64cb818ccf/build]   | [INFO] Downloading from central: https://repo.maven.apache.org/maven2/org/sonatype/forge/forge-parent/3/forge-parent-3.pom
[69386919-cc0b-4e16-a419-bb64cb818ccf/build]   | [INFO] Downloaded from central: https://repo.maven.apache.org/maven2/org/sonatype/forge/forge-parent/3/forge-parent-3.pom (5.0 kB at 559 kB/s)
[69386919-cc0b-4e16-a419-bb64cb818ccf/build]   | [INFO] Downloading from central: https://repo.maven.apache.org/maven2/org/codehaus/plexus/plexus-utils/1.5.8/plexus-utils-1.5.8.pom
[69386919-cc0b-4e16-a419-bb64cb818ccf/build]   | [INFO] Downloaded from central: https://repo.maven.apache.org/maven2/org/codehaus/plexus/plexus-utils/1.5.8/plexus-utils-1.5.8.pom (8.1 kB at 1.3 MB/s)
[69386919-cc0b-4e16-a419-bb64cb818ccf/build]   | [INFO] Downloading from central: https://repo.maven.apache.org/maven2/org/codehaus/plexus/plexus-interpolation/1.13/plexus-interpolation-1.13.pom
[69386919-cc0b-4e16-a419-bb64cb818ccf/build]   | [INFO] Downloaded from central: https://repo.maven.apache.org/maven2/org/codehaus/plexus/plexus-interpolation/1.13/plexus-interpolation-1.13.pom (890 B at 52 kB/s)
[69386919-cc0b-4e16-a419-bb64cb818ccf/build]   | [INFO] Downloading from central: https://repo.maven.apache.org/maven2/org/codehaus/plexus/plexus-components/1.1.15/plexus-components-1.1.15.pom
[69386919-cc0b-4e16-a419-bb64cb818ccf/build]   | [INFO] Downloaded from central: https://repo.maven.apache.org/maven2/org/codehaus/plexus/plexus-components/1.1.15/plexus-components-1.1.15.pom (2.8 kB at 259 kB/s)
[69386919-cc0b-4e16-a419-bb64cb818ccf/build]   | [INFO] Downloading from central: https://repo.maven.apache.org/maven2/org/codehaus/plexus/plexus/2.0.3/plexus-2.0.3.pom
[69386919-cc0b-4e16-a419-bb64cb818ccf/build]   | [INFO] Downloaded from central: https://repo.maven.apache.org/maven2/org/codehaus/plexus/plexus/2.0.3/plexus-2.0.3.pom (15 kB at 2.6 MB/s)
[69386919-cc0b-4e16-a419-bb64cb818ccf/build]   | [INFO] Downloading from central: https://repo.maven.apache.org/maven2/org/apache/maven/maven-plugin-api/2.0.6/maven-plugin-api-2.0.6.jar
[69386919-cc0b-4e16-a419-bb64cb818ccf/build]   | [INFO] Downloading from central: https://repo.maven.apache.org/maven2/org/apache/maven/maven-project/2.0.6/maven-project-2.0.6.jar
[69386919-cc0b-4e16-a419-bb64cb818ccf/build]   | [INFO] Downloading from central: https://repo.maven.apache.org/maven2/org/apache/maven/maven-profile/2.0.6/maven-profile-2.0.6.jar
[69386919-cc0b-4e16-a419-bb64cb818ccf/build]   | [INFO] Downloading from central: https://repo.maven.apache.org/maven2/org/apache/maven/maven-artifact-manager/2.0.6/maven-artifact-manager-2.0.6.jar
[69386919-cc0b-4e16-a419-bb64cb818ccf/build]   | [INFO] Downloading from central: https://repo.maven.apache.org/maven2/org/apache/maven/maven-plugin-registry/2.0.6/maven-plugin-registry-2.0.6.jar
[69386919-cc0b-4e16-a419-bb64cb818ccf/build]   | [INFO] Downloaded from central: https://repo.maven.apache.org/maven2/org/apache/maven/maven-project/2.0.6/maven-project-2.0.6.jar (116 kB at 9.7 MB/s)
[69386919-cc0b-4e16-a419-bb64cb818ccf/build]   | [INFO] Downloading from central: https://repo.maven.apache.org/maven2/org/apache/maven/maven-core/2.0.6/maven-core-2.0.6.jar
[69386919-cc0b-4e16-a419-bb64cb818ccf/build]   | [INFO] Downloaded from central: https://repo.maven.apache.org/maven2/org/apache/maven/maven-profile/2.0.6/maven-profile-2.0.6.jar (35 kB at 2.5 MB/s)
[69386919-cc0b-4e16-a419-bb64cb818ccf/build]   | [INFO] Downloading from central: https://repo.maven.apache.org/maven2/org/apache/maven/maven-plugin-parameter-documenter/2.0.6/maven-plugin-parameter-documenter-2.0.6.jar
[69386919-cc0b-4e16-a419-bb64cb818ccf/build]   | [INFO] Downloaded from central: https://repo.maven.apache.org/maven2/org/apache/maven/maven-artifact-manager/2.0.6/maven-artifact-manager-2.0.6.jar (57 kB at 4.0 MB/s)
[69386919-cc0b-4e16-a419-bb64cb818ccf/build]   | [INFO] Downloading from central: https://repo.maven.apache.org/maven2/org/apache/maven/reporting/maven-reporting-api/2.0.6/maven-reporting-api-2.0.6.jar
[69386919-cc0b-4e16-a419-bb64cb818ccf/build]   | [INFO] Downloaded from central: https://repo.maven.apache.org/maven2/org/apache/maven/maven-plugin-api/2.0.6/maven-plugin-api-2.0.6.jar (13 kB at 714 kB/s)
[69386919-cc0b-4e16-a419-bb64cb818ccf/build]   | [INFO] Downloading from central: https://repo.maven.apache.org/maven2/org/apache/maven/doxia/doxia-sink-api/1.0-alpha-7/doxia-sink-api-1.0-alpha-7.jar
[69386919-cc0b-4e16-a419-bb64cb818ccf/build]   | [INFO] Downloaded from central: https://repo.maven.apache.org/maven2/org/apache/maven/maven-plugin-registry/2.0.6/maven-plugin-registry-2.0.6.jar (29 kB at 1.9 MB/s)
[69386919-cc0b-4e16-a419-bb64cb818ccf/build]   | [INFO] Downloading from central: https://repo.maven.apache.org/maven2/org/apache/maven/maven-repository-metadata/2.0.6/maven-repository-metadata-2.0.6.jar
[69386919-cc0b-4e16-a419-bb64cb818ccf/build]   | [INFO] Downloaded from central: https://repo.maven.apache.org/maven2/org/apache/maven/maven-plugin-parameter-documenter/2.0.6/maven-plugin-parameter-documenter-2.0.6.jar (21 kB at 1.1 MB/s)
[69386919-cc0b-4e16-a419-bb64cb818ccf/build]   | [INFO] Downloading from central: https://repo.maven.apache.org/maven2/org/apache/maven/maven-error-diagnostics/2.0.6/maven-error-diagnostics-2.0.6.jar
[69386919-cc0b-4e16-a419-bb64cb818ccf/build]   | [INFO] Downloaded from central: https://repo.maven.apache.org/maven2/org/apache/maven/maven-repository-metadata/2.0.6/maven-repository-metadata-2.0.6.jar (24 kB at 1.1 MB/s)
[69386919-cc0b-4e16-a419-bb64cb818ccf/build]   | [INFO] Downloading from central: https://repo.maven.apache.org/maven2/commons-cli/commons-cli/1.0/commons-cli-1.0.jar
[69386919-cc0b-4e16-a419-bb64cb818ccf/build]   | [INFO] Downloaded from central: https://repo.maven.apache.org/maven2/org/apache/maven/doxia/doxia-sink-api/1.0-alpha-7/doxia-sink-api-1.0-alpha-7.jar (5.9 kB at 247 kB/s)
[69386919-cc0b-4e16-a419-bb64cb818ccf/build]   | [INFO] Downloading from central: https://repo.maven.apache.org/maven2/org/apache/maven/maven-plugin-descriptor/2.0.6/maven-plugin-descriptor-2.0.6.jar
[69386919-cc0b-4e16-a419-bb64cb818ccf/build]   | [INFO] Downloaded from central: https://repo.maven.apache.org/maven2/org/apache/maven/reporting/maven-reporting-api/2.0.6/maven-reporting-api-2.0.6.jar (9.9 kB at 331 kB/s)
[69386919-cc0b-4e16-a419-bb64cb818ccf/build]   | [INFO] Downloading from central: https://repo.maven.apache.org/maven2/org/codehaus/plexus/plexus-interactivity-api/1.0-alpha-4/plexus-interactivity-api-1.0-alpha-4.jar
[69386919-cc0b-4e16-a419-bb64cb818ccf/build]   | [INFO] Downloaded from central: https://repo.maven.apache.org/maven2/org/apache/maven/maven-plugin-descriptor/2.0.6/maven-plugin-descriptor-2.0.6.jar (37 kB at 1.0 MB/s)
[69386919-cc0b-4e16-a419-bb64cb818ccf/build]   | [INFO] Downloading from central: https://repo.maven.apache.org/maven2/classworlds/classworlds/1.1/classworlds-1.1.jar
[69386919-cc0b-4e16-a419-bb64cb818ccf/build]   | [INFO] Downloaded from central: https://repo.maven.apache.org/maven2/org/apache/maven/maven-core/2.0.6/maven-core-2.0.6.jar (152 kB at 4.0 MB/s)
[69386919-cc0b-4e16-a419-bb64cb818ccf/build]   | [INFO] Downloading from central: https://repo.maven.apache.org/maven2/org/apache/maven/maven-artifact/2.0.6/maven-artifact-2.0.6.jar
[69386919-cc0b-4e16-a419-bb64cb818ccf/build]   | [INFO] Downloaded from central: https://repo.maven.apache.org/maven2/org/codehaus/plexus/plexus-interactivity-api/1.0-alpha-4/plexus-interactivity-api-1.0-alpha-4.jar (13 kB at 344 kB/s)
[69386919-cc0b-4e16-a419-bb64cb818ccf/build]   | [INFO] Downloading from central: https://repo.maven.apache.org/maven2/org/apache/maven/maven-settings/2.0.6/maven-settings-2.0.6.jar
[69386919-cc0b-4e16-a419-bb64cb818ccf/build]   | [INFO] Downloaded from central: https://repo.maven.apache.org/maven2/commons-cli/commons-cli/1.0/commons-cli-1.0.jar (30 kB at 735 kB/s)
[69386919-cc0b-4e16-a419-bb64cb818ccf/build]   | [INFO] Downloading from central: https://repo.maven.apache.org/maven2/org/apache/maven/maven-model/2.0.6/maven-model-2.0.6.jar
[69386919-cc0b-4e16-a419-bb64cb818ccf/build]   | [INFO] Downloaded from central: https://repo.maven.apache.org/maven2/classworlds/classworlds/1.1/classworlds-1.1.jar (38 kB at 757 kB/s)
[69386919-cc0b-4e16-a419-bb64cb818ccf/build]   | [INFO] Downloading from central: https://repo.maven.apache.org/maven2/org/apache/maven/maven-monitor/2.0.6/maven-monitor-2.0.6.jar
[69386919-cc0b-4e16-a419-bb64cb818ccf/build]   | [INFO] Downloaded from central: https://repo.maven.apache.org/maven2/org/apache/maven/maven-settings/2.0.6/maven-settings-2.0.6.jar (49 kB at 909 kB/s)
[69386919-cc0b-4e16-a419-bb64cb818ccf/build]   | [INFO] Downloading from central: https://repo.maven.apache.org/maven2/org/codehaus/plexus/plexus-container-default/1.0-alpha-9-stable-1/plexus-container-default-1.0-alpha-9-stable-1.jar
[69386919-cc0b-4e16-a419-bb64cb818ccf/build]   | [INFO] Downloaded from central: https://repo.maven.apache.org/maven2/org/apache/maven/maven-error-diagnostics/2.0.6/maven-error-diagnostics-2.0.6.jar (14 kB at 247 kB/s)
[69386919-cc0b-4e16-a419-bb64cb818ccf/build]   | [INFO] Downloading from central: https://repo.maven.apache.org/maven2/junit/junit/3.8.1/junit-3.8.1.jar
[69386919-cc0b-4e16-a419-bb64cb818ccf/build]   | [INFO] Downloaded from central: https://repo.maven.apache.org/maven2/org/apache/maven/maven-artifact/2.0.6/maven-artifact-2.0.6.jar (87 kB at 1.6 MB/s)
[69386919-cc0b-4e16-a419-bb64cb818ccf/build]   | [INFO] Downloading from central: https://repo.maven.apache.org/maven2/org/codehaus/plexus/plexus-utils/2.0.5/plexus-utils-2.0.5.jar
[69386919-cc0b-4e16-a419-bb64cb818ccf/build]   | [INFO] Downloaded from central: https://repo.maven.apache.org/maven2/org/apache/maven/maven-monitor/2.0.6/maven-monitor-2.0.6.jar (10 kB at 177 kB/s)
[69386919-cc0b-4e16-a419-bb64cb818ccf/build]   | [INFO] Downloading from central: https://repo.maven.apache.org/maven2/org/apache/maven/shared/maven-filtering/1.1/maven-filtering-1.1.jar
[69386919-cc0b-4e16-a419-bb64cb818ccf/build]   | [INFO] Downloaded from central: https://repo.maven.apache.org/maven2/org/apache/maven/maven-model/2.0.6/maven-model-2.0.6.jar (86 kB at 1.4 MB/s)
[69386919-cc0b-4e16-a419-bb64cb818ccf/build]   | [INFO] Downloading from central: https://repo.maven.apache.org/maven2/org/sonatype/plexus/plexus-build-api/0.0.4/plexus-build-api-0.0.4.jar
[69386919-cc0b-4e16-a419-bb64cb818ccf/build]   | [INFO] Downloaded from central: https://repo.maven.apache.org/maven2/org/codehaus/plexus/plexus-container-default/1.0-alpha-9-stable-1/plexus-container-default-1.0-alpha-9-stable-1.jar (194 kB at 2.9 MB/s)
[69386919-cc0b-4e16-a419-bb64cb818ccf/build]   | [INFO] Downloading from central: https://repo.maven.apache.org/maven2/org/codehaus/plexus/plexus-interpolation/1.13/plexus-interpolation-1.13.jar
[69386919-cc0b-4e16-a419-bb64cb818ccf/build]   | [INFO] Downloaded from central: https://repo.maven.apache.org/maven2/org/apache/maven/shared/maven-filtering/1.1/maven-filtering-1.1.jar (43 kB at 625 kB/s)
[69386919-cc0b-4e16-a419-bb64cb818ccf/build]   | [INFO] Downloaded from central: https://repo.maven.apache.org/maven2/org/codehaus/plexus/plexus-utils/2.0.5/plexus-utils-2.0.5.jar (223 kB at 3.2 MB/s)
[69386919-cc0b-4e16-a419-bb64cb818ccf/build]   | [INFO] Downloaded from central: https://repo.maven.apache.org/maven2/org/sonatype/plexus/plexus-build-api/0.0.4/plexus-build-api-0.0.4.jar (6.8 kB at 97 kB/s)
[69386919-cc0b-4e16-a419-bb64cb818ccf/build]   | [INFO] Downloaded from central: https://repo.maven.apache.org/maven2/junit/junit/3.8.1/junit-3.8.1.jar (121 kB at 1.6 MB/s)
[69386919-cc0b-4e16-a419-bb64cb818ccf/build]   | [INFO] Downloaded from central: https://repo.maven.apache.org/maven2/org/codehaus/plexus/plexus-interpolation/1.13/plexus-interpolation-1.13.jar (61 kB at 793 kB/s)
[69386919-cc0b-4e16-a419-bb64cb818ccf/build]   | [INFO] Using 'UTF-8' encoding to copy filtered resources.
[69386919-cc0b-4e16-a419-bb64cb818ccf/build]   | [INFO] skip non existing resourceDirectory /tmp/b61941d7-91d6-4b09-8e1b-1c379d96adef/src/main/resources
[69386919-cc0b-4e16-a419-bb64cb818ccf/build]   | [INFO] 
[69386919-cc0b-4e16-a419-bb64cb818ccf/build]   | [INFO] --- maven-compiler-plugin:3.10.1:compile (default-compile) @ solarpositioning ---
[69386919-cc0b-4e16-a419-bb64cb818ccf/build]   | [INFO] Downloading from central: https://repo.maven.apache.org/maven2/org/apache/maven/shared/maven-shared-utils/3.3.4/maven-shared-utils-3.3.4.pom
[69386919-cc0b-4e16-a419-bb64cb818ccf/build]   | [INFO] Downloaded from central: https://repo.maven.apache.org/maven2/org/apache/maven/shared/maven-shared-utils/3.3.4/maven-shared-utils-3.3.4.pom (5.8 kB at 729 kB/s)
[69386919-cc0b-4e16-a419-bb64cb818ccf/build]   | [INFO] Downloading from central: https://repo.maven.apache.org/maven2/org/apache/maven/shared/maven-shared-components/34/maven-shared-components-34.pom
[69386919-cc0b-4e16-a419-bb64cb818ccf/build]   | [INFO] Downloaded from central: https://repo.maven.apache.org/maven2/org/apache/maven/shared/maven-shared-components/34/maven-shared-components-34.pom (5.1 kB at 392 kB/s)
[69386919-cc0b-4e16-a419-bb64cb818ccf/build]   | [INFO] Downloading from central: https://repo.maven.apache.org/maven2/commons-io/commons-io/2.6/commons-io-2.6.pom
[69386919-cc0b-4e16-a419-bb64cb818ccf/build]   | [INFO] Downloaded from central: https://repo.maven.apache.org/maven2/commons-io/commons-io/2.6/commons-io-2.6.pom (14 kB at 648 kB/s)
[69386919-cc0b-4e16-a419-bb64cb818ccf/build]   | [INFO] Downloading from central: https://repo.maven.apache.org/maven2/org/apache/commons/commons-parent/42/commons-parent-42.pom
[69386919-cc0b-4e16-a419-bb64cb818ccf/build]   | [INFO] Downloaded from central: https://repo.maven.apache.org/maven2/org/apache/commons/commons-parent/42/commons-parent-42.pom (68 kB at 5.7 MB/s)
[69386919-cc0b-4e16-a419-bb64cb818ccf/build]   | [INFO] Downloading from central: https://repo.maven.apache.org/maven2/org/apache/apache/18/apache-18.pom
[69386919-cc0b-4e16-a419-bb64cb818ccf/build]   | [INFO] Downloaded from central: https://repo.maven.apache.org/maven2/org/apache/apache/18/apache-18.pom (16 kB at 1.0 MB/s)
[69386919-cc0b-4e16-a419-bb64cb818ccf/build]   | [INFO] Downloading from central: https://repo.maven.apache.org/maven2/org/apache/maven/shared/maven-shared-incremental/1.1/maven-shared-incremental-1.1.pom
[69386919-cc0b-4e16-a419-bb64cb818ccf/build]   | [INFO] Downloaded from central: https://repo.maven.apache.org/maven2/org/apache/maven/shared/maven-shared-incremental/1.1/maven-shared-incremental-1.1.pom (4.7 kB at 395 kB/s)
[69386919-cc0b-4e16-a419-bb64cb818ccf/build]   | [INFO] Downloading from central: https://repo.maven.apache.org/maven2/org/apache/maven/shared/maven-shared-components/19/maven-shared-components-19.pom
[69386919-cc0b-4e16-a419-bb64cb818ccf/build]   | [INFO] Downloaded from central: https://repo.maven.apache.org/maven2/org/apache/maven/shared/maven-shared-components/19/maven-shared-components-19.pom (6.4 kB at 795 kB/s)
[69386919-cc0b-4e16-a419-bb64cb818ccf/build]   | [INFO] Downloading from central: https://repo.maven.apache.org/maven2/org/apache/maven/maven-parent/23/maven-parent-23.pom
[69386919-cc0b-4e16-a419-bb64cb818ccf/build]   | [INFO] Downloaded from central: https://repo.maven.apache.org/maven2/org/apache/maven/maven-parent/23/maven-parent-23.pom (33 kB at 4.7 MB/s)
[69386919-cc0b-4e16-a419-bb64cb818ccf/build]   | [INFO] Downloading from central: https://repo.maven.apache.org/maven2/org/apache/apache/13/apache-13.pom
[69386919-cc0b-4e16-a419-bb64cb818ccf/build]   | [INFO] Downloaded from central: https://repo.maven.apache.org/maven2/org/apache/apache/13/apache-13.pom (14 kB at 518 kB/s)
[69386919-cc0b-4e16-a419-bb64cb818ccf/build]   | [INFO] Downloading from central: https://repo.maven.apache.org/maven2/org/codehaus/plexus/plexus-component-annotations/2.0.0/plexus-component-annotations-2.0.0.pom
[69386919-cc0b-4e16-a419-bb64cb818ccf/build]   | [INFO] Downloaded from central: https://repo.maven.apache.org/maven2/org/codehaus/plexus/plexus-component-annotations/2.0.0/plexus-component-annotations-2.0.0.pom (750 B at 44 kB/s)
[69386919-cc0b-4e16-a419-bb64cb818ccf/build]   | [INFO] Downloading from central: https://repo.maven.apache.org/maven2/org/codehaus/plexus/plexus-containers/2.0.0/plexus-containers-2.0.0.pom
[69386919-cc0b-4e16-a419-bb64cb818ccf/build]   | [INFO] Downloaded from central: https://repo.maven.apache.org/maven2/org/codehaus/plexus/plexus-containers/2.0.0/plexus-containers-2.0.0.pom (4.8 kB at 218 kB/s)
[69386919-cc0b-4e16-a419-bb64cb818ccf/build]   | [INFO] Downloading from central: https://repo.maven.apache.org/maven2/org/codehaus/plexus/plexus/5.1/plexus-5.1.pom
[69386919-cc0b-4e16-a419-bb64cb818ccf/build]   | [INFO] Downloaded from central: https://repo.maven.apache.org/maven2/org/codehaus/plexus/plexus/5.1/plexus-5.1.pom (23 kB at 978 kB/s)
[69386919-cc0b-4e16-a419-bb64cb818ccf/build]   | [INFO] Downloading from central: https://repo.maven.apache.org/maven2/org/codehaus/plexus/plexus-java/1.1.1/plexus-java-1.1.1.pom
[69386919-cc0b-4e16-a419-bb64cb818ccf/build]   | [INFO] Downloaded from central: https://repo.maven.apache.org/maven2/org/codehaus/plexus/plexus-java/1.1.1/plexus-java-1.1.1.pom (5.0 kB at 497 kB/s)
[69386919-cc0b-4e16-a419-bb64cb818ccf/build]   | [INFO] Downloading from central: https://repo.maven.apache.org/maven2/org/codehaus/plexus/plexus-languages/1.1.1/plexus-languages-1.1.1.pom
[69386919-cc0b-4e16-a419-bb64cb818ccf/build]   | [INFO] Downloaded from central: https://repo.maven.apache.org/maven2/org/codehaus/plexus/plexus-languages/1.1.1/plexus-languages-1.1.1.pom (4.6 kB at 659 kB/s)
[69386919-cc0b-4e16-a419-bb64cb818ccf/build]   | [INFO] Downloading from central: https://repo.maven.apache.org/maven2/org/codehaus/plexus/plexus/8/plexus-8.pom
[69386919-cc0b-4e16-a419-bb64cb818ccf/build]   | [INFO] Downloaded from central: https://repo.maven.apache.org/maven2/org/codehaus/plexus/plexus/8/plexus-8.pom (25 kB at 1.3 MB/s)
[69386919-cc0b-4e16-a419-bb64cb818ccf/build]   | [INFO] Downloading from central: https://repo.maven.apache.org/maven2/org/ow2/asm/asm/9.2/asm-9.2.pom
[69386919-cc0b-4e16-a419-bb64cb818ccf/build]   | [INFO] Downloaded from central: https://repo.maven.apache.org/maven2/org/ow2/asm/asm/9.2/asm-9.2.pom (2.4 kB at 338 kB/s)
[69386919-cc0b-4e16-a419-bb64cb818ccf/build]   | [INFO] Downloading from central: https://repo.maven.apache.org/maven2/org/ow2/ow2/1.5/ow2-1.5.pom
[69386919-cc0b-4e16-a419-bb64cb818ccf/build]   | [INFO] Downloaded from central: https://repo.maven.apache.org/maven2/org/ow2/ow2/1.5/ow2-1.5.pom (11 kB at 1.1 MB/s)
[69386919-cc0b-4e16-a419-bb64cb818ccf/build]   | [INFO] Downloading from central: https://repo.maven.apache.org/maven2/com/thoughtworks/qdox/qdox/2.0.1/qdox-2.0.1.pom
[69386919-cc0b-4e16-a419-bb64cb818ccf/build]   | [INFO] Downloaded from central: https://repo.maven.apache.org/maven2/com/thoughtworks/qdox/qdox/2.0.1/qdox-2.0.1.pom (16 kB at 2.3 MB/s)
[69386919-cc0b-4e16-a419-bb64cb818ccf/build]   | [INFO] Downloading from central: https://repo.maven.apache.org/maven2/org/sonatype/oss/oss-parent/9/oss-parent-9.pom
[69386919-cc0b-4e16-a419-bb64cb818ccf/build]   | [INFO] Downloaded from central: https://repo.maven.apache.org/maven2/org/sonatype/oss/oss-parent/9/oss-parent-9.pom (6.6 kB at 821 kB/s)
[69386919-cc0b-4e16-a419-bb64cb818ccf/build]   | [INFO] Downloading from central: https://repo.maven.apache.org/maven2/org/codehaus/plexus/plexus-compiler-api/2.11.1/plexus-compiler-api-2.11.1.pom
[69386919-cc0b-4e16-a419-bb64cb818ccf/build]   | [INFO] Downloaded from central: https://repo.maven.apache.org/maven2/org/codehaus/plexus/plexus-compiler-api/2.11.1/plexus-compiler-api-2.11.1.pom (1.1 kB at 132 kB/s)
[69386919-cc0b-4e16-a419-bb64cb818ccf/build]   | [INFO] Downloading from central: https://repo.maven.apache.org/maven2/org/codehaus/plexus/plexus-compiler/2.11.1/plexus-compiler-2.11.1.pom
[69386919-cc0b-4e16-a419-bb64cb818ccf/build]   | [INFO] Downloaded from central: https://repo.maven.apache.org/maven2/org/codehaus/plexus/plexus-compiler/2.11.1/plexus-compiler-2.11.1.pom (8.1 kB at 1.2 MB/s)
[69386919-cc0b-4e16-a419-bb64cb818ccf/build]   | [INFO] Downloading from central: https://repo.maven.apache.org/maven2/org/codehaus/plexus/plexus-components/6.6/plexus-components-6.6.pom
[69386919-cc0b-4e16-a419-bb64cb818ccf/build]   | [INFO] Downloaded from central: https://repo.maven.apache.org/maven2/org/codehaus/plexus/plexus-components/6.6/plexus-components-6.6.pom (2.7 kB at 446 kB/s)
[69386919-cc0b-4e16-a419-bb64cb818ccf/build]   | [INFO] Downloading from central: https://repo.maven.apache.org/maven2/org/junit/junit-bom/5.8.2/junit-bom-5.8.2.pom
[69386919-cc0b-4e16-a419-bb64cb818ccf/build]   | [INFO] Downloaded from central: https://repo.maven.apache.org/maven2/org/junit/junit-bom/5.8.2/junit-bom-5.8.2.pom (5.6 kB at 804 kB/s)
[69386919-cc0b-4e16-a419-bb64cb818ccf/build]   | [INFO] Downloading from central: https://repo.maven.apache.org/maven2/org/codehaus/plexus/plexus-utils/3.4.1/plexus-utils-3.4.1.pom
[69386919-cc0b-4e16-a419-bb64cb818ccf/build]   | [INFO] Downloaded from central: https://repo.maven.apache.org/maven2/org/codehaus/plexus/plexus-utils/3.4.1/plexus-utils-3.4.1.pom (8.0 kB at 468 kB/s)
[69386919-cc0b-4e16-a419-bb64cb818ccf/build]   | [INFO] Downloading from central: https://repo.maven.apache.org/maven2/org/codehaus/plexus/plexus-compiler-manager/2.11.1/plexus-compiler-manager-2.11.1.pom
[69386919-cc0b-4e16-a419-bb64cb818ccf/build]   | [INFO] Downloaded from central: https://repo.maven.apache.org/maven2/org/codehaus/plexus/plexus-compiler-manager/2.11.1/plexus-compiler-manager-2.11.1.pom (1.1 kB at 163 kB/s)
[69386919-cc0b-4e16-a419-bb64cb818ccf/build]   | [INFO] Downloading from central: https://repo.maven.apache.org/maven2/org/codehaus/plexus/plexus-compiler-javac/2.11.1/plexus-compiler-javac-2.11.1.pom
[69386919-cc0b-4e16-a419-bb64cb818ccf/build]   | [INFO] Downloaded from central: https://repo.maven.apache.org/maven2/org/codehaus/plexus/plexus-compiler-javac/2.11.1/plexus-compiler-javac-2.11.1.pom (1.2 kB at 134 kB/s)
[69386919-cc0b-4e16-a419-bb64cb818ccf/build]   | [INFO] Downloading from central: https://repo.maven.apache.org/maven2/org/codehaus/plexus/plexus-compilers/2.11.1/plexus-compilers-2.11.1.pom
[69386919-cc0b-4e16-a419-bb64cb818ccf/build]   | [INFO] Downloaded from central: https://repo.maven.apache.org/maven2/org/codehaus/plexus/plexus-compilers/2.11.1/plexus-compilers-2.11.1.pom (1.3 kB at 165 kB/s)
[69386919-cc0b-4e16-a419-bb64cb818ccf/build]   | [INFO] Downloading from central: https://repo.maven.apache.org/maven2/org/apache/maven/shared/maven-shared-utils/3.3.4/maven-shared-utils-3.3.4.jar
[69386919-cc0b-4e16-a419-bb64cb818ccf/build]   | [INFO] Downloading from central: https://repo.maven.apache.org/maven2/org/apache/maven/shared/maven-shared-incremental/1.1/maven-shared-incremental-1.1.jar
[69386919-cc0b-4e16-a419-bb64cb818ccf/build]   | [INFO] Downloading from central: https://repo.maven.apache.org/maven2/org/codehaus/plexus/plexus-component-annotations/2.0.0/plexus-component-annotations-2.0.0.jar
[69386919-cc0b-4e16-a419-bb64cb818ccf/build]   | [INFO] Downloading from central: https://repo.maven.apache.org/maven2/org/codehaus/plexus/plexus-java/1.1.1/plexus-java-1.1.1.jar
[69386919-cc0b-4e16-a419-bb64cb818ccf/build]   | [INFO] Downloading from central: https://repo.maven.apache.org/maven2/commons-io/commons-io/2.6/commons-io-2.6.jar
[69386919-cc0b-4e16-a419-bb64cb818ccf/build]   | [INFO] Downloaded from central: https://repo.maven.apache.org/maven2/org/codehaus/plexus/plexus-component-annotations/2.0.0/plexus-component-annotations-2.0.0.jar (4.2 kB at 528 kB/s)
[69386919-cc0b-4e16-a419-bb64cb818ccf/build]   | [INFO] Downloading from central: https://repo.maven.apache.org/maven2/org/ow2/asm/asm/9.2/asm-9.2.jar
[69386919-cc0b-4e16-a419-bb64cb818ccf/build]   | [INFO] Downloaded from central: https://repo.maven.apache.org/maven2/org/apache/maven/shared/maven-shared-incremental/1.1/maven-shared-incremental-1.1.jar (14 kB at 1.4 MB/s)
[69386919-cc0b-4e16-a419-bb64cb818ccf/build]   | [INFO] Downloading from central: https://repo.maven.apache.org/maven2/com/thoughtworks/qdox/qdox/2.0.1/qdox-2.0.1.jar
[69386919-cc0b-4e16-a419-bb64cb818ccf/build]   | [INFO] Downloaded from central: https://repo.maven.apache.org/maven2/org/apache/maven/shared/maven-shared-utils/3.3.4/maven-shared-utils-3.3.4.jar (153 kB at 8.5 MB/s)
[69386919-cc0b-4e16-a419-bb64cb818ccf/build]   | [INFO] Downloading from central: https://repo.maven.apache.org/maven2/org/codehaus/plexus/plexus-compiler-api/2.11.1/plexus-compiler-api-2.11.1.jar
[69386919-cc0b-4e16-a419-bb64cb818ccf/build]   | [INFO] Downloaded from central: https://repo.maven.apache.org/maven2/org/ow2/asm/asm/9.2/asm-9.2.jar (122 kB at 5.5 MB/s)
[69386919-cc0b-4e16-a419-bb64cb818ccf/build]   | [INFO] Downloading from central: https://repo.maven.apache.org/maven2/org/codehaus/plexus/plexus-utils/3.4.1/plexus-utils-3.4.1.jar
[69386919-cc0b-4e16-a419-bb64cb818ccf/build]   | [INFO] Downloaded from central: https://repo.maven.apache.org/maven2/commons-io/commons-io/2.6/commons-io-2.6.jar (215 kB at 8.3 MB/s)
[69386919-cc0b-4e16-a419-bb64cb818ccf/build]   | [INFO] Downloading from central: https://repo.maven.apache.org/maven2/org/codehaus/plexus/plexus-compiler-manager/2.11.1/plexus-compiler-manager-2.11.1.jar
[69386919-cc0b-4e16-a419-bb64cb818ccf/build]   | [INFO] Downloaded from central: https://repo.maven.apache.org/maven2/org/codehaus/plexus/plexus-java/1.1.1/plexus-java-1.1.1.jar (54 kB at 1.9 MB/s)
[69386919-cc0b-4e16-a419-bb64cb818ccf/build]   | [INFO] Downloading from central: https://repo.maven.apache.org/maven2/org/codehaus/plexus/plexus-compiler-javac/2.11.1/plexus-compiler-javac-2.11.1.jar
[69386919-cc0b-4e16-a419-bb64cb818ccf/build]   | [INFO] Downloaded from central: https://repo.maven.apache.org/maven2/org/codehaus/plexus/plexus-compiler-manager/2.11.1/plexus-compiler-manager-2.11.1.jar (4.7 kB at 116 kB/s)
[69386919-cc0b-4e16-a419-bb64cb818ccf/build]   | [INFO] Downloaded from central: https://repo.maven.apache.org/maven2/org/codehaus/plexus/plexus-compiler-api/2.11.1/plexus-compiler-api-2.11.1.jar (27 kB at 612 kB/s)
[69386919-cc0b-4e16-a419-bb64cb818ccf/build]   | [INFO] Downloaded from central: https://repo.maven.apache.org/maven2/org/codehaus/plexus/plexus-utils/3.4.1/plexus-utils-3.4.1.jar (264 kB at 5.7 MB/s)
[69386919-cc0b-4e16-a419-bb64cb818ccf/build]   | [INFO] Downloaded from central: https://repo.maven.apache.org/maven2/org/codehaus/plexus/plexus-compiler-javac/2.11.1/plexus-compiler-javac-2.11.1.jar (23 kB at 497 kB/s)
[69386919-cc0b-4e16-a419-bb64cb818ccf/build]   | [INFO] Downloaded from central: https://repo.maven.apache.org/maven2/com/thoughtworks/qdox/qdox/2.0.1/qdox-2.0.1.jar (334 kB at 5.4 MB/s)
[69386919-cc0b-4e16-a419-bb64cb818ccf/build]   | [INFO] Changes detected - recompiling the module!
[69386919-cc0b-4e16-a419-bb64cb818ccf/build]   | [INFO] Compiling 6 source files to /tmp/b61941d7-91d6-4b09-8e1b-1c379d96adef/target/classes
[69386919-cc0b-4e16-a419-bb64cb818ccf/build]   | [INFO] 
[69386919-cc0b-4e16-a419-bb64cb818ccf/build]   | [INFO] --- maven-resources-plugin:2.6:testResources (default-testResources) @ solarpositioning ---
[69386919-cc0b-4e16-a419-bb64cb818ccf/build]   | [INFO] Using 'UTF-8' encoding to copy filtered resources.
[69386919-cc0b-4e16-a419-bb64cb818ccf/build]   | [INFO] Copying 10 resources
[69386919-cc0b-4e16-a419-bb64cb818ccf/build]   | [INFO] 
[69386919-cc0b-4e16-a419-bb64cb818ccf/build]   | [INFO] --- maven-compiler-plugin:3.10.1:testCompile (default-testCompile) @ solarpositioning ---
[69386919-cc0b-4e16-a419-bb64cb818ccf/build]   | [INFO] Changes detected - recompiling the module!
[69386919-cc0b-4e16-a419-bb64cb818ccf/build]   | [INFO] Compiling 5 source files to /tmp/b61941d7-91d6-4b09-8e1b-1c379d96adef/target/test-classes
[69386919-cc0b-4e16-a419-bb64cb818ccf/build]   | [INFO] 
[69386919-cc0b-4e16-a419-bb64cb818ccf/build]   | [INFO] --- maven-surefire-plugin:3.0.0-M7:test (default-test) @ solarpositioning ---
[69386919-cc0b-4e16-a419-bb64cb818ccf/build]   | [INFO] Downloading from central: https://repo.maven.apache.org/maven2/org/apache/maven/surefire/maven-surefire-common/3.0.0-M7/maven-surefire-common-3.0.0-M7.pom
[69386919-cc0b-4e16-a419-bb64cb818ccf/build]   | [INFO] Downloaded from central: https://repo.maven.apache.org/maven2/org/apache/maven/surefire/maven-surefire-common/3.0.0-M7/maven-surefire-common-3.0.0-M7.pom (6.5 kB at 104 kB/s)
[69386919-cc0b-4e16-a419-bb64cb818ccf/build]   | [INFO] Downloading from central: https://repo.maven.apache.org/maven2/org/apache/maven/surefire/surefire-api/3.0.0-M7/surefire-api-3.0.0-M7.pom
[69386919-cc0b-4e16-a419-bb64cb818ccf/build]   | [INFO] Downloaded from central: https://repo.maven.apache.org/maven2/org/apache/maven/surefire/surefire-api/3.0.0-M7/surefire-api-3.0.0-M7.pom (3.4 kB at 565 kB/s)
[69386919-cc0b-4e16-a419-bb64cb818ccf/build]   | [INFO] Downloading from central: https://repo.maven.apache.org/maven2/org/apache/maven/surefire/surefire-logger-api/3.0.0-M7/surefire-logger-api-3.0.0-M7.pom
[69386919-cc0b-4e16-a419-bb64cb818ccf/build]   | [INFO] Downloaded from central: https://repo.maven.apache.org/maven2/org/apache/maven/surefire/surefire-logger-api/3.0.0-M7/surefire-logger-api-3.0.0-M7.pom (3.6 kB at 404 kB/s)
[69386919-cc0b-4e16-a419-bb64cb818ccf/build]   | [INFO] Downloading from central: https://repo.maven.apache.org/maven2/org/apache/maven/surefire/surefire-shared-utils/3.0.0-M7/surefire-shared-utils-3.0.0-M7.pom
[69386919-cc0b-4e16-a419-bb64cb818ccf/build]   | [INFO] Downloaded from central: https://repo.maven.apache.org/maven2/org/apache/maven/surefire/surefire-shared-utils/3.0.0-M7/surefire-shared-utils-3.0.0-M7.pom (3.9 kB at 177 kB/s)
[69386919-cc0b-4e16-a419-bb64cb818ccf/build]   | [INFO] Downloading from central: https://repo.maven.apache.org/maven2/org/apache/maven/surefire/surefire-extensions-api/3.0.0-M7/surefire-extensions-api-3.0.0-M7.pom
[69386919-cc0b-4e16-a419-bb64cb818ccf/build]   | [INFO] Downloaded from central: https://repo.maven.apache.org/maven2/org/apache/maven/surefire/surefire-extensions-api/3.0.0-M7/surefire-extensions-api-3.0.0-M7.pom (3.6 kB at 521 kB/s)
[69386919-cc0b-4e16-a419-bb64cb818ccf/build]   | [INFO] Downloading from central: https://repo.maven.apache.org/maven2/org/apache/maven/surefire/surefire-booter/3.0.0-M7/surefire-booter-3.0.0-M7.pom
[69386919-cc0b-4e16-a419-bb64cb818ccf/build]   | [INFO] Downloaded from central: https://repo.maven.apache.org/maven2/org/apache/maven/surefire/surefire-booter/3.0.0-M7/surefire-booter-3.0.0-M7.pom (4.4 kB at 545 kB/s)
[69386919-cc0b-4e16-a419-bb64cb818ccf/build]   | [INFO] Downloading from central: https://repo.maven.apache.org/maven2/org/apache/maven/surefire/surefire-extensions-spi/3.0.0-M7/surefire-extensions-spi-3.0.0-M7.pom
[69386919-cc0b-4e16-a419-bb64cb818ccf/build]   | [INFO] Downloaded from central: https://repo.maven.apache.org/maven2/org/apache/maven/surefire/surefire-extensions-spi/3.0.0-M7/surefire-extensions-spi-3.0.0-M7.pom (1.8 kB at 300 kB/s)
[69386919-cc0b-4e16-a419-bb64cb818ccf/build]   | [INFO] Downloading from central: https://repo.maven.apache.org/maven2/org/apache/maven/shared/maven-common-artifact-filters/3.1.1/maven-common-artifact-filters-3.1.1.pom
[69386919-cc0b-4e16-a419-bb64cb818ccf/build]   | [INFO] Downloaded from central: https://repo.maven.apache.org/maven2/org/apache/maven/shared/maven-common-artifact-filters/3.1.1/maven-common-artifact-filters-3.1.1.pom (5.8 kB at 828 kB/s)
[69386919-cc0b-4e16-a419-bb64cb818ccf/build]   | [INFO] Downloading from central: https://repo.maven.apache.org/maven2/org/apache/maven/maven-artifact/3.2.5/maven-artifact-3.2.5.pom
[69386919-cc0b-4e16-a419-bb64cb818ccf/build]   | [INFO] Downloaded from central: https://repo.maven.apache.org/maven2/org/apache/maven/maven-artifact/3.2.5/maven-artifact-3.2.5.pom (2.3 kB at 294 kB/s)
[69386919-cc0b-4e16-a419-bb64cb818ccf/build]   | [INFO] Downloading from central: https://repo.maven.apache.org/maven2/org/apache/maven/maven/3.2.5/maven-3.2.5.pom
[69386919-cc0b-4e16-a419-bb64cb818ccf/build]   | [INFO] Downloaded from central: https://repo.maven.apache.org/maven2/org/apache/maven/maven/3.2.5/maven-3.2.5.pom (22 kB at 2.2 MB/s)
[69386919-cc0b-4e16-a419-bb64cb818ccf/build]   | [INFO] Downloading from central: https://repo.maven.apache.org/maven2/org/apache/maven/maven-parent/25/maven-parent-25.pom
[69386919-cc0b-4e16-a419-bb64cb818ccf/build]   | [INFO] Downloaded from central: https://repo.maven.apache.org/maven2/org/apache/maven/maven-parent/25/maven-parent-25.pom (37 kB at 3.4 MB/s)
[69386919-cc0b-4e16-a419-bb64cb818ccf/build]   | [INFO] Downloading from central: https://repo.maven.apache.org/maven2/org/apache/apache/15/apache-15.pom
[69386919-cc0b-4e16-a419-bb64cb818ccf/build]   | [INFO] Downloaded from central: https://repo.maven.apache.org/maven2/org/apache/apache/15/apache-15.pom (15 kB at 1.3 MB/s)
[69386919-cc0b-4e16-a419-bb64cb818ccf/build]   | [INFO] Downloading from central: https://repo.maven.apache.org/maven2/org/codehaus/plexus/plexus-utils/3.3.0/plexus-utils-3.3.0.pom
[69386919-cc0b-4e16-a419-bb64cb818ccf/build]   | [INFO] Downloaded from central: https://repo.maven.apache.org/maven2/org/codehaus/plexus/plexus-utils/3.3.0/plexus-utils-3.3.0.pom (5.2 kB at 740 kB/s)
[69386919-cc0b-4e16-a419-bb64cb818ccf/build]   | [INFO] Downloading from central: https://repo.maven.apache.org/maven2/org/apache/maven/maven-core/3.2.5/maven-core-3.2.5.pom
[69386919-cc0b-4e16-a419-bb64cb818ccf/build]   | [INFO] Downloaded from central: https://repo.maven.apache.org/maven2/org/apache/maven/maven-core/3.2.5/maven-core-3.2.5.pom (8.1 kB at 806 kB/s)
[69386919-cc0b-4e16-a419-bb64cb818ccf/build]   | [INFO] Downloading from central: https://repo.maven.apache.org/maven2/org/apache/maven/maven-settings/3.2.5/maven-settings-3.2.5.pom
[69386919-cc0b-4e16-a419-bb64cb818ccf/build]   | [INFO] Downloaded from central: https://repo.maven.apache.org/maven2/org/apache/maven/maven-settings/3.2.5/maven-settings-3.2.5.pom (2.2 kB at 197 kB/s)
[69386919-cc0b-4e16-a419-bb64cb818ccf/build]   | [INFO] Downloading from central: https://repo.maven.apache.org/maven2/org/apache/maven/maven-settings-builder/3.2.5/maven-settings-builder-3.2.5.pom
[69386919-cc0b-4e16-a419-bb64cb818ccf/build]   | [INFO] Downloaded from central: https://repo.maven.apache.org/maven2/org/apache/maven/maven-settings-builder/3.2.5/maven-settings-builder-3.2.5.pom (2.6 kB at 153 kB/s)
[69386919-cc0b-4e16-a419-bb64cb818ccf/build]   | [INFO] Downloading from central: https://repo.maven.apache.org/maven2/org/codehaus/plexus/plexus-interpolation/1.21/plexus-interpolation-1.21.pom
[69386919-cc0b-4e16-a419-bb64cb818ccf/build]   | [INFO] Downloaded from central: https://repo.maven.apache.org/maven2/org/codehaus/plexus/plexus-interpolation/1.21/plexus-interpolation-1.21.pom (1.5 kB at 154 kB/s)
[69386919-cc0b-4e16-a419-bb64cb818ccf/build]   | [INFO] Downloading from central: https://repo.maven.apache.org/maven2/org/codehaus/plexus/plexus-components/1.3.1/plexus-components-1.3.1.pom
[69386919-cc0b-4e16-a419-bb64cb818ccf/build]   | [INFO] Downloaded from central: https://repo.maven.apache.org/maven2/org/codehaus/plexus/plexus-components/1.3.1/plexus-components-1.3.1.pom (3.1 kB at 383 kB/s)
[69386919-cc0b-4e16-a419-bb64cb818ccf/build]   | [INFO] Downloading from central: https://repo.maven.apache.org/maven2/org/codehaus/plexus/plexus/3.3.1/plexus-3.3.1.pom
[69386919-cc0b-4e16-a419-bb64cb818ccf/build]   | [INFO] Downloaded from central: https://repo.maven.apache.org/maven2/org/codehaus/plexus/plexus/3.3.1/plexus-3.3.1.pom (20 kB at 2.6 MB/s)
[69386919-cc0b-4e16-a419-bb64cb818ccf/build]   | [INFO] Downloading from central: https://repo.maven.apache.org/maven2/org/sonatype/spice/spice-parent/17/spice-parent-17.pom
[69386919-cc0b-4e16-a419-bb64cb818ccf/build]   | [INFO] Downloaded from central: https://repo.maven.apache.org/maven2/org/sonatype/spice/spice-parent/17/spice-parent-17.pom (6.8 kB at 676 kB/s)
[69386919-cc0b-4e16-a419-bb64cb818ccf/build]   | [INFO] Downloading from central: https://repo.maven.apache.org/maven2/org/sonatype/forge/forge-parent/10/forge-parent-10.pom
[69386919-cc0b-4e16-a419-bb64cb818ccf/build]   | [INFO] Downloaded from central: https://repo.maven.apache.org/maven2/org/sonatype/forge/forge-parent/10/forge-parent-10.pom (14 kB at 542 kB/s)
[69386919-cc0b-4e16-a419-bb64cb818ccf/build]   | [INFO] Downloading from central: https://repo.maven.apache.org/maven2/org/codehaus/plexus/plexus-component-annotations/2.1.1/plexus-component-annotations-2.1.1.pom
[69386919-cc0b-4e16-a419-bb64cb818ccf/build]   | [INFO] Downloaded from central: https://repo.maven.apache.org/maven2/org/codehaus/plexus/plexus-component-annotations/2.1.1/plexus-component-annotations-2.1.1.pom (770 B at 86 kB/s)
[69386919-cc0b-4e16-a419-bb64cb818ccf/build]   | [INFO] Downloading from central: https://repo.maven.apache.org/maven2/org/codehaus/plexus/plexus-containers/2.1.1/plexus-containers-2.1.1.pom
[69386919-cc0b-4e16-a419-bb64cb818ccf/build]   | [INFO] Downloaded from central: https://repo.maven.apache.org/maven2/org/codehaus/plexus/plexus-containers/2.1.1/plexus-containers-2.1.1.pom (6.0 kB at 431 kB/s)
[69386919-cc0b-4e16-a419-bb64cb818ccf/build]   | [INFO] Downloading from central: https://repo.maven.apache.org/maven2/org/codehaus/plexus/plexus/6.5/plexus-6.5.pom
[69386919-cc0b-4e16-a419-bb64cb818ccf/build]   | [INFO] Downloaded from central: https://repo.maven.apache.org/maven2/org/codehaus/plexus/plexus/6.5/plexus-6.5.pom (26 kB at 2.1 MB/s)
[69386919-cc0b-4e16-a419-bb64cb818ccf/build]   | [INFO] Downloading from central: https://repo.maven.apache.org/maven2/org/sonatype/plexus/plexus-sec-dispatcher/1.3/plexus-sec-dispatcher-1.3.pom
[69386919-cc0b-4e16-a419-bb64cb818ccf/build]   | [INFO] Downloaded from central: https://repo.maven.apache.org/maven2/org/sonatype/plexus/plexus-sec-dispatcher/1.3/plexus-sec-dispatcher-1.3.pom (3.0 kB at 423 kB/s)
[69386919-cc0b-4e16-a419-bb64cb818ccf/build]   | [INFO] Downloading from central: https://repo.maven.apache.org/maven2/org/sonatype/spice/spice-parent/12/spice-parent-12.pom
[69386919-cc0b-4e16-a419-bb64cb818ccf/build]   | [INFO] Downloaded from central: https://repo.maven.apache.org/maven2/org/sonatype/spice/spice-parent/12/spice-parent-12.pom (6.8 kB at 453 kB/s)
[69386919-cc0b-4e16-a419-bb64cb818ccf/build]   | [INFO] Downloading from central: https://repo.maven.apache.org/maven2/org/sonatype/forge/forge-parent/4/forge-parent-4.pom
[69386919-cc0b-4e16-a419-bb64cb818ccf/build]   | [INFO] Downloaded from central: https://repo.maven.apache.org/maven2/org/sonatype/forge/forge-parent/4/forge-parent-4.pom (8.4 kB at 1.0 MB/s)
[69386919-cc0b-4e16-a419-bb64cb818ccf/build]   | [INFO] Downloading from central: https://repo.maven.apache.org/maven2/org/sonatype/plexus/plexus-cipher/1.4/plexus-cipher-1.4.pom
[69386919-cc0b-4e16-a419-bb64cb818ccf/build]   | [INFO] Downloaded from central: https://repo.maven.apache.org/maven2/org/sonatype/plexus/plexus-cipher/1.4/plexus-cipher-1.4.pom (2.1 kB at 258 kB/s)
[69386919-cc0b-4e16-a419-bb64cb818ccf/build]   | [INFO] Downloading from central: https://repo.maven.apache.org/maven2/org/apache/maven/maven-repository-metadata/3.2.5/maven-repository-metadata-3.2.5.pom
[69386919-cc0b-4e16-a419-bb64cb818ccf/build]   | [INFO] Downloaded from central: https://repo.maven.apache.org/maven2/org/apache/maven/maven-repository-metadata/3.2.5/maven-repository-metadata-3.2.5.pom (2.2 kB at 62 kB/s)
[69386919-cc0b-4e16-a419-bb64cb818ccf/build]   | [INFO] Downloading from central: https://repo.maven.apache.org/maven2/org/apache/maven/maven-plugin-api/3.2.5/maven-plugin-api-3.2.5.pom
[69386919-cc0b-4e16-a419-bb64cb818ccf/build]   | [INFO] Downloaded from central: https://repo.maven.apache.org/maven2/org/apache/maven/maven-plugin-api/3.2.5/maven-plugin-api-3.2.5.pom (3.0 kB at 178 kB/s)
[69386919-cc0b-4e16-a419-bb64cb818ccf/build]   | [INFO] Downloading from central: https://repo.maven.apache.org/maven2/org/eclipse/sisu/org.eclipse.sisu.plexus/0.3.5/org.eclipse.sisu.plexus-0.3.5.pom
[69386919-cc0b-4e16-a419-bb64cb818ccf/build]   | [INFO] Downloaded from central: https://repo.maven.apache.org/maven2/org/eclipse/sisu/org.eclipse.sisu.plexus/0.3.5/org.eclipse.sisu.plexus-0.3.5.pom (4.3 kB at 428 kB/s)
[69386919-cc0b-4e16-a419-bb64cb818ccf/build]   | [INFO] Downloading from central: https://repo.maven.apache.org/maven2/org/eclipse/sisu/sisu-plexus/0.3.5/sisu-plexus-0.3.5.pom
[69386919-cc0b-4e16-a419-bb64cb818ccf/build]   | [INFO] Downloaded from central: https://repo.maven.apache.org/maven2/org/eclipse/sisu/sisu-plexus/0.3.5/sisu-plexus-0.3.5.pom (14 kB at 2.3 MB/s)
[69386919-cc0b-4e16-a419-bb64cb818ccf/build]   | [INFO] Downloading from central: https://repo.maven.apache.org/maven2/javax/annotation/javax.annotation-api/1.2/javax.annotation-api-1.2.pom
[69386919-cc0b-4e16-a419-bb64cb818ccf/build]   | [INFO] Downloaded from central: https://repo.maven.apache.org/maven2/javax/annotation/javax.annotation-api/1.2/javax.annotation-api-1.2.pom (13 kB at 1.9 MB/s)
[69386919-cc0b-4e16-a419-bb64cb818ccf/build]   | [INFO] Downloading from central: https://repo.maven.apache.org/maven2/net/java/jvnet-parent/3/jvnet-parent-3.pom
[69386919-cc0b-4e16-a419-bb64cb818ccf/build]   | [INFO] Downloaded from central: https://repo.maven.apache.org/maven2/net/java/jvnet-parent/3/jvnet-parent-3.pom (4.8 kB at 684 kB/s)
[69386919-cc0b-4e16-a419-bb64cb818ccf/build]   | [INFO] Downloading from central: https://repo.maven.apache.org/maven2/javax/enterprise/cdi-api/1.2/cdi-api-1.2.pom
[69386919-cc0b-4e16-a419-bb64cb818ccf/build]   | [INFO] Downloaded from central: https://repo.maven.apache.org/maven2/javax/enterprise/cdi-api/1.2/cdi-api-1.2.pom (6.3 kB at 418 kB/s)
[69386919-cc0b-4e16-a419-bb64cb818ccf/build]   | [INFO] Downloading from central: https://repo.maven.apache.org/maven2/org/jboss/weld/weld-parent/26/weld-parent-26.pom
[69386919-cc0b-4e16-a419-bb64cb818ccf/build]   | [INFO] Downloaded from central: https://repo.maven.apache.org/maven2/org/jboss/weld/weld-parent/26/weld-parent-26.pom (32 kB at 3.2 MB/s)
[69386919-cc0b-4e16-a419-bb64cb818ccf/build]   | [INFO] Downloading from central: https://repo.maven.apache.org/maven2/javax/inject/javax.inject/1/javax.inject-1.pom
[69386919-cc0b-4e16-a419-bb64cb818ccf/build]   | [INFO] Downloaded from central: https://repo.maven.apache.org/maven2/javax/inject/javax.inject/1/javax.inject-1.pom (612 B at 28 kB/s)
[69386919-cc0b-4e16-a419-bb64cb818ccf/build]   | [INFO] Downloading from central: https://repo.maven.apache.org/maven2/org/eclipse/sisu/org.eclipse.sisu.inject/0.3.5/org.eclipse.sisu.inject-0.3.5.pom
[69386919-cc0b-4e16-a419-bb64cb818ccf/build]   | [INFO] Downloaded from central: https://repo.maven.apache.org/maven2/org/eclipse/sisu/org.eclipse.sisu.inject/0.3.5/org.eclipse.sisu.inject-0.3.5.pom (2.6 kB at 138 kB/s)
[69386919-cc0b-4e16-a419-bb64cb818ccf/build]   | [INFO] Downloading from central: https://repo.maven.apache.org/maven2/org/eclipse/sisu/sisu-inject/0.3.5/sisu-inject-0.3.5.pom
[69386919-cc0b-4e16-a419-bb64cb818ccf/build]   | [INFO] Downloaded from central: https://repo.maven.apache.org/maven2/org/eclipse/sisu/sisu-inject/0.3.5/sisu-inject-0.3.5.pom (14 kB at 2.4 MB/s)
[69386919-cc0b-4e16-a419-bb64cb818ccf/build]   | [INFO] Downloading from central: https://repo.maven.apache.org/maven2/org/codehaus/plexus/plexus-classworlds/2.5.2/plexus-classworlds-2.5.2.pom
[69386919-cc0b-4e16-a419-bb64cb818ccf/build]   | [INFO] Downloaded from central: https://repo.maven.apache.org/maven2/org/codehaus/plexus/plexus-classworlds/2.5.2/plexus-classworlds-2.5.2.pom (7.3 kB at 487 kB/s)
[69386919-cc0b-4e16-a419-bb64cb818ccf/build]   | [INFO] Downloading from central: https://repo.maven.apache.org/maven2/org/apache/maven/maven-model-builder/3.2.5/maven-model-builder-3.2.5.pom
[69386919-cc0b-4e16-a419-bb64cb818ccf/build]   | [INFO] Downloaded from central: https://repo.maven.apache.org/maven2/org/apache/maven/maven-model-builder/3.2.5/maven-model-builder-3.2.5.pom (3.0 kB at 333 kB/s)
[69386919-cc0b-4e16-a419-bb64cb818ccf/build]   | [INFO] Downloading from central: https://repo.maven.apache.org/maven2/org/apache/maven/maven-aether-provider/3.2.5/maven-aether-provider-3.2.5.pom
[69386919-cc0b-4e16-a419-bb64cb818ccf/build]   | [INFO] Downloaded from central: https://repo.maven.apache.org/maven2/org/apache/maven/maven-aether-provider/3.2.5/maven-aether-provider-3.2.5.pom (4.2 kB at 607 kB/s)
[69386919-cc0b-4e16-a419-bb64cb818ccf/build]   | [INFO] Downloading from central: https://repo.maven.apache.org/maven2/org/eclipse/aether/aether-api/1.0.0.v20140518/aether-api-1.0.0.v20140518.pom
[69386919-cc0b-4e16-a419-bb64cb818ccf/build]   | [INFO] Downloaded from central: https://repo.maven.apache.org/maven2/org/eclipse/aether/aether-api/1.0.0.v20140518/aether-api-1.0.0.v20140518.pom (1.9 kB at 105 kB/s)
[69386919-cc0b-4e16-a419-bb64cb818ccf/build]   | [INFO] Downloading from central: https://repo.maven.apache.org/maven2/org/eclipse/aether/aether/1.0.0.v20140518/aether-1.0.0.v20140518.pom
[69386919-cc0b-4e16-a419-bb64cb818ccf/build]   | [INFO] Downloaded from central: https://repo.maven.apache.org/maven2/org/eclipse/aether/aether/1.0.0.v20140518/aether-1.0.0.v20140518.pom (30 kB at 3.0 MB/s)
[69386919-cc0b-4e16-a419-bb64cb818ccf/build]   | [INFO] Downloading from central: https://repo.maven.apache.org/maven2/org/eclipse/aether/aether-spi/1.0.0.v20140518/aether-spi-1.0.0.v20140518.pom
[69386919-cc0b-4e16-a419-bb64cb818ccf/build]   | [INFO] Downloaded from central: https://repo.maven.apache.org/maven2/org/eclipse/aether/aether-spi/1.0.0.v20140518/aether-spi-1.0.0.v20140518.pom (2.1 kB at 293 kB/s)
[69386919-cc0b-4e16-a419-bb64cb818ccf/build]   | [INFO] Downloading from central: https://repo.maven.apache.org/maven2/org/eclipse/aether/aether-util/1.0.0.v20140518/aether-util-1.0.0.v20140518.pom
[69386919-cc0b-4e16-a419-bb64cb818ccf/build]   | [INFO] Downloaded from central: https://repo.maven.apache.org/maven2/org/eclipse/aether/aether-util/1.0.0.v20140518/aether-util-1.0.0.v20140518.pom (2.2 kB at 129 kB/s)
[69386919-cc0b-4e16-a419-bb64cb818ccf/build]   | [INFO] Downloading from central: https://repo.maven.apache.org/maven2/org/eclipse/aether/aether-impl/1.0.0.v20140518/aether-impl-1.0.0.v20140518.pom
[69386919-cc0b-4e16-a419-bb64cb818ccf/build]   | [INFO] Downloaded from central: https://repo.maven.apache.org/maven2/org/eclipse/aether/aether-impl/1.0.0.v20140518/aether-impl-1.0.0.v20140518.pom (3.5 kB at 579 kB/s)
[69386919-cc0b-4e16-a419-bb64cb818ccf/build]   | [INFO] Downloading from central: https://repo.maven.apache.org/maven2/org/sonatype/sisu/sisu-guice/3.2.3/sisu-guice-3.2.3.pom
[69386919-cc0b-4e16-a419-bb64cb818ccf/build]   | [INFO] Downloaded from central: https://repo.maven.apache.org/maven2/org/sonatype/sisu/sisu-guice/3.2.3/sisu-guice-3.2.3.pom (11 kB at 1.8 MB/s)
[69386919-cc0b-4e16-a419-bb64cb818ccf/build]   | [INFO] Downloading from central: https://repo.maven.apache.org/maven2/org/sonatype/sisu/inject/guice-parent/3.2.3/guice-parent-3.2.3.pom
[69386919-cc0b-4e16-a419-bb64cb818ccf/build]   | [INFO] Downloaded from central: https://repo.maven.apache.org/maven2/org/sonatype/sisu/inject/guice-parent/3.2.3/guice-parent-3.2.3.pom (13 kB at 1.5 MB/s)
[69386919-cc0b-4e16-a419-bb64cb818ccf/build]   | [INFO] Downloading from central: https://repo.maven.apache.org/maven2/org/sonatype/forge/forge-parent/38/forge-parent-38.pom
[69386919-cc0b-4e16-a419-bb64cb818ccf/build]   | [INFO] Downloaded from central: https://repo.maven.apache.org/maven2/org/sonatype/forge/forge-parent/38/forge-parent-38.pom (19 kB at 1.6 MB/s)
[69386919-cc0b-4e16-a419-bb64cb818ccf/build]   | [INFO] Downloading from central: https://repo.maven.apache.org/maven2/aopalliance/aopalliance/1.0/aopalliance-1.0.pom
[69386919-cc0b-4e16-a419-bb64cb818ccf/build]   | [INFO] Downloaded from central: https://repo.maven.apache.org/maven2/aopalliance/aopalliance/1.0/aopalliance-1.0.pom (363 B at 33 kB/s)
[69386919-cc0b-4e16-a419-bb64cb818ccf/build]   | [INFO] Downloading from central: https://repo.maven.apache.org/maven2/com/google/guava/guava/16.0.1/guava-16.0.1.pom
[69386919-cc0b-4e16-a419-bb64cb818ccf/build]   | [INFO] Downloaded from central: https://repo.maven.apache.org/maven2/com/google/guava/guava/16.0.1/guava-16.0.1.pom (6.1 kB at 1.0 MB/s)
[69386919-cc0b-4e16-a419-bb64cb818ccf/build]   | [INFO] Downloading from central: https://repo.maven.apache.org/maven2/com/google/guava/guava-parent/16.0.1/guava-parent-16.0.1.pom
[69386919-cc0b-4e16-a419-bb64cb818ccf/build]   | [INFO] Downloaded from central: https://repo.maven.apache.org/maven2/com/google/guava/guava-parent/16.0.1/guava-parent-16.0.1.pom (7.3 kB at 1.2 MB/s)
[69386919-cc0b-4e16-a419-bb64cb818ccf/build]   | [INFO] Downloading from central: https://repo.maven.apache.org/maven2/org/sonatype/oss/oss-parent/7/oss-parent-7.pom
[69386919-cc0b-4e16-a419-bb64cb818ccf/build]   | [INFO] Downloaded from central: https://repo.maven.apache.org/maven2/org/sonatype/oss/oss-parent/7/oss-parent-7.pom (4.8 kB at 804 kB/s)
[69386919-cc0b-4e16-a419-bb64cb818ccf/build]   | [INFO] Downloading from central: https://repo.maven.apache.org/maven2/commons-io/commons-io/2.11.0/commons-io-2.11.0.pom
[69386919-cc0b-4e16-a419-bb64cb818ccf/build]   | [INFO] Downloaded from central: https://repo.maven.apache.org/maven2/commons-io/commons-io/2.11.0/commons-io-2.11.0.pom (20 kB at 2.2 MB/s)
[69386919-cc0b-4e16-a419-bb64cb818ccf/build]   | [INFO] Downloading from central: https://repo.maven.apache.org/maven2/org/apache/commons/commons-parent/52/commons-parent-52.pom
[69386919-cc0b-4e16-a419-bb64cb818ccf/build]   | [INFO] Downloaded from central: https://repo.maven.apache.org/maven2/org/apache/commons/commons-parent/52/commons-parent-52.pom (79 kB at 11 MB/s)
[69386919-cc0b-4e16-a419-bb64cb818ccf/build]   | [INFO] Downloading from central: https://repo.maven.apache.org/maven2/org/junit/junit-bom/5.7.2/junit-bom-5.7.2.pom
[69386919-cc0b-4e16-a419-bb64cb818ccf/build]   | [INFO] Downloaded from central: https://repo.maven.apache.org/maven2/org/junit/junit-bom/5.7.2/junit-bom-5.7.2.pom (5.1 kB at 637 kB/s)
[69386919-cc0b-4e16-a419-bb64cb818ccf/build]   | [INFO] Downloading from central: https://repo.maven.apache.org/maven2/org/apache/maven/surefire/maven-surefire-common/3.0.0-M7/maven-surefire-common-3.0.0-M7.jar
[69386919-cc0b-4e16-a419-bb64cb818ccf/build]   | [INFO] Downloading from central: https://repo.maven.apache.org/maven2/org/apache/maven/surefire/surefire-api/3.0.0-M7/surefire-api-3.0.0-M7.jar
[69386919-cc0b-4e16-a419-bb64cb818ccf/build]   | [INFO] Downloading from central: https://repo.maven.apache.org/maven2/org/apache/maven/surefire/surefire-logger-api/3.0.0-M7/surefire-logger-api-3.0.0-M7.jar
[69386919-cc0b-4e16-a419-bb64cb818ccf/build]   | [INFO] Downloading from central: https://repo.maven.apache.org/maven2/org/apache/maven/surefire/surefire-extensions-api/3.0.0-M7/surefire-extensions-api-3.0.0-M7.jar
[69386919-cc0b-4e16-a419-bb64cb818ccf/build]   | [INFO] Downloading from central: https://repo.maven.apache.org/maven2/org/apache/maven/surefire/surefire-booter/3.0.0-M7/surefire-booter-3.0.0-M7.jar
[69386919-cc0b-4e16-a419-bb64cb818ccf/build]   | [INFO] Downloaded from central: https://repo.maven.apache.org/maven2/org/apache/maven/surefire/surefire-logger-api/3.0.0-M7/surefire-logger-api-3.0.0-M7.jar (14 kB at 798 kB/s)
[69386919-cc0b-4e16-a419-bb64cb818ccf/build]   | [INFO] Downloaded from central: https://repo.maven.apache.org/maven2/org/apache/maven/surefire/maven-surefire-common/3.0.0-M7/maven-surefire-common-3.0.0-M7.jar (305 kB at 18 MB/s)
[69386919-cc0b-4e16-a419-bb64cb818ccf/build]   | [INFO] Downloading from central: https://repo.maven.apache.org/maven2/org/apache/maven/surefire/surefire-extensions-spi/3.0.0-M7/surefire-extensions-spi-3.0.0-M7.jar
[69386919-cc0b-4e16-a419-bb64cb818ccf/build]   | [INFO] Downloading from central: https://repo.maven.apache.org/maven2/org/apache/maven/shared/maven-common-artifact-filters/3.1.1/maven-common-artifact-filters-3.1.1.jar
[69386919-cc0b-4e16-a419-bb64cb818ccf/build]   | [INFO] Downloaded from central: https://repo.maven.apache.org/maven2/org/apache/maven/surefire/surefire-extensions-api/3.0.0-M7/surefire-extensions-api-3.0.0-M7.jar (25 kB at 1.5 MB/s)
[69386919-cc0b-4e16-a419-bb64cb818ccf/build]   | [INFO] Downloading from central: https://repo.maven.apache.org/maven2/commons-io/commons-io/2.11.0/commons-io-2.11.0.jar
[69386919-cc0b-4e16-a419-bb64cb818ccf/build]   | [INFO] Downloaded from central: https://repo.maven.apache.org/maven2/org/apache/maven/surefire/surefire-api/3.0.0-M7/surefire-api-3.0.0-M7.jar (169 kB at 9.4 MB/s)
[69386919-cc0b-4e16-a419-bb64cb818ccf/build]   | [INFO] Downloading from central: https://repo.maven.apache.org/maven2/org/apache/maven/surefire/surefire-shared-utils/3.0.0-M7/surefire-shared-utils-3.0.0-M7.jar
[69386919-cc0b-4e16-a419-bb64cb818ccf/build]   | [INFO] Downloaded from central: https://repo.maven.apache.org/maven2/org/apache/maven/surefire/surefire-booter/3.0.0-M7/surefire-booter-3.0.0-M7.jar (117 kB at 5.8 MB/s)
[69386919-cc0b-4e16-a419-bb64cb818ccf/build]   | [INFO] Downloaded from central: https://repo.maven.apache.org/maven2/org/apache/maven/shared/maven-common-artifact-filters/3.1.1/maven-common-artifact-filters-3.1.1.jar (61 kB at 1.8 MB/s)
[69386919-cc0b-4e16-a419-bb64cb818ccf/build]   | [INFO] Downloaded from central: https://repo.maven.apache.org/maven2/commons-io/commons-io/2.11.0/commons-io-2.11.0.jar (327 kB at 8.8 MB/s)
[69386919-cc0b-4e16-a419-bb64cb818ccf/build]   | [INFO] Downloaded from central: https://repo.maven.apache.org/maven2/org/apache/maven/surefire/surefire-extensions-spi/3.0.0-M7/surefire-extensions-spi-3.0.0-M7.jar (8.1 kB at 212 kB/s)
[69386919-cc0b-4e16-a419-bb64cb818ccf/build]   | [INFO] Downloaded from central: https://repo.maven.apache.org/maven2/org/apache/maven/surefire/surefire-shared-utils/3.0.0-M7/surefire-shared-utils-3.0.0-M7.jar (2.1 MB at 35 MB/s)
[69386919-cc0b-4e16-a419-bb64cb818ccf/build]   | [INFO] Using auto detected provider org.apache.maven.surefire.junitplatform.JUnitPlatformProvider
[69386919-cc0b-4e16-a419-bb64cb818ccf/build]   | [INFO] Downloading from central: https://repo.maven.apache.org/maven2/org/apache/maven/surefire/surefire-junit-platform/3.0.0-M7/surefire-junit-platform-3.0.0-M7.jar
[69386919-cc0b-4e16-a419-bb64cb818ccf/build]   | [INFO] Downloaded from central: https://repo.maven.apache.org/maven2/org/apache/maven/surefire/surefire-junit-platform/3.0.0-M7/surefire-junit-platform-3.0.0-M7.jar (26 kB at 2.9 MB/s)
[69386919-cc0b-4e16-a419-bb64cb818ccf/build]   | [INFO] Downloading from central: https://repo.maven.apache.org/maven2/org/apache/maven/surefire/surefire-junit-platform/3.0.0-M7/surefire-junit-platform-3.0.0-M7.pom
[69386919-cc0b-4e16-a419-bb64cb818ccf/build]   | [INFO] Downloaded from central: https://repo.maven.apache.org/maven2/org/apache/maven/surefire/surefire-junit-platform/3.0.0-M7/surefire-junit-platform-3.0.0-M7.pom (5.3 kB at 882 kB/s)
[69386919-cc0b-4e16-a419-bb64cb818ccf/build]   | [INFO] Downloading from central: https://repo.maven.apache.org/maven2/org/apache/maven/surefire/surefire-providers/3.0.0-M7/surefire-providers-3.0.0-M7.pom
[69386919-cc0b-4e16-a419-bb64cb818ccf/build]   | [INFO] Downloaded from central: https://repo.maven.apache.org/maven2/org/apache/maven/surefire/surefire-providers/3.0.0-M7/surefire-providers-3.0.0-M7.pom (2.5 kB at 254 kB/s)
[69386919-cc0b-4e16-a419-bb64cb818ccf/build]   | [INFO] Downloading from central: https://repo.maven.apache.org/maven2/org/apache/maven/surefire/common-java5/3.0.0-M7/common-java5-3.0.0-M7.pom
[69386919-cc0b-4e16-a419-bb64cb818ccf/build]   | [INFO] Downloaded from central: https://repo.maven.apache.org/maven2/org/apache/maven/surefire/common-java5/3.0.0-M7/common-java5-3.0.0-M7.pom (2.7 kB at 449 kB/s)
[69386919-cc0b-4e16-a419-bb64cb818ccf/build]   | [INFO] Downloading from central: https://repo.maven.apache.org/maven2/org/junit/platform/junit-platform-launcher/1.3.2/junit-platform-launcher-1.3.2.pom
[69386919-cc0b-4e16-a419-bb64cb818ccf/build]   | [INFO] Downloaded from central: https://repo.maven.apache.org/maven2/org/junit/platform/junit-platform-launcher/1.3.2/junit-platform-launcher-1.3.2.pom (2.2 kB at 370 kB/s)
[69386919-cc0b-4e16-a419-bb64cb818ccf/build]   | [INFO] Downloading from central: https://repo.maven.apache.org/maven2/org/apiguardian/apiguardian-api/1.0.0/apiguardian-api-1.0.0.pom
[69386919-cc0b-4e16-a419-bb64cb818ccf/build]   | [INFO] Downloaded from central: https://repo.maven.apache.org/maven2/org/apiguardian/apiguardian-api/1.0.0/apiguardian-api-1.0.0.pom (1.2 kB at 117 kB/s)
[69386919-cc0b-4e16-a419-bb64cb818ccf/build]   | [INFO] Downloading from central: https://repo.maven.apache.org/maven2/org/junit/platform/junit-platform-engine/1.3.2/junit-platform-engine-1.3.2.pom
[69386919-cc0b-4e16-a419-bb64cb818ccf/build]   | [INFO] Downloaded from central: https://repo.maven.apache.org/maven2/org/junit/platform/junit-platform-engine/1.3.2/junit-platform-engine-1.3.2.pom (2.4 kB at 266 kB/s)
[69386919-cc0b-4e16-a419-bb64cb818ccf/build]   | [INFO] Downloading from central: https://repo.maven.apache.org/maven2/org/junit/platform/junit-platform-commons/1.3.2/junit-platform-commons-1.3.2.pom
[69386919-cc0b-4e16-a419-bb64cb818ccf/build]   | [INFO] Downloaded from central: https://repo.maven.apache.org/maven2/org/junit/platform/junit-platform-commons/1.3.2/junit-platform-commons-1.3.2.pom (2.0 kB at 202 kB/s)
[69386919-cc0b-4e16-a419-bb64cb818ccf/build]   | [INFO] Downloading from central: https://repo.maven.apache.org/maven2/org/opentest4j/opentest4j/1.1.1/opentest4j-1.1.1.pom
[69386919-cc0b-4e16-a419-bb64cb818ccf/build]   | [INFO] Downloaded from central: https://repo.maven.apache.org/maven2/org/opentest4j/opentest4j/1.1.1/opentest4j-1.1.1.pom (1.7 kB at 67 kB/s)
[69386919-cc0b-4e16-a419-bb64cb818ccf/build]   | [INFO] Downloading from central: https://repo.maven.apache.org/maven2/org/junit/jupiter/junit-jupiter-engine/5.3.2/junit-jupiter-engine-5.3.2.pom
[69386919-cc0b-4e16-a419-bb64cb818ccf/build]   | [INFO] Downloaded from central: https://repo.maven.apache.org/maven2/org/junit/jupiter/junit-jupiter-engine/5.3.2/junit-jupiter-engine-5.3.2.pom (2.4 kB at 399 kB/s)
[69386919-cc0b-4e16-a419-bb64cb818ccf/build]   | [INFO] Downloading from central: https://repo.maven.apache.org/maven2/org/junit/jupiter/junit-jupiter-api/5.3.2/junit-jupiter-api-5.3.2.pom
[69386919-cc0b-4e16-a419-bb64cb818ccf/build]   | [INFO] Downloaded from central: https://repo.maven.apache.org/maven2/org/junit/jupiter/junit-jupiter-api/5.3.2/junit-jupiter-api-5.3.2.pom (2.4 kB at 297 kB/s)
[69386919-cc0b-4e16-a419-bb64cb818ccf/build]   | [INFO] Downloading from central: https://repo.maven.apache.org/maven2/org/junit/jupiter/junit-jupiter-params/5.3.2/junit-jupiter-params-5.3.2.pom
[69386919-cc0b-4e16-a419-bb64cb818ccf/build]   | [INFO] Downloaded from central: https://repo.maven.apache.org/maven2/org/junit/jupiter/junit-jupiter-params/5.3.2/junit-jupiter-params-5.3.2.pom (2.2 kB at 275 kB/s)
[69386919-cc0b-4e16-a419-bb64cb818ccf/build]   | [INFO] Downloading from central: https://repo.maven.apache.org/maven2/org/mockito/mockito-core/2.28.2/mockito-core-2.28.2.pom
[69386919-cc0b-4e16-a419-bb64cb818ccf/build]   | [INFO] Downloaded from central: https://repo.maven.apache.org/maven2/org/mockito/mockito-core/2.28.2/mockito-core-2.28.2.pom (20 kB at 1.8 MB/s)
[69386919-cc0b-4e16-a419-bb64cb818ccf/build]   | [INFO] Downloading from central: https://repo.maven.apache.org/maven2/net/bytebuddy/byte-buddy/1.9.10/byte-buddy-1.9.10.pom
[69386919-cc0b-4e16-a419-bb64cb818ccf/build]   | [INFO] Downloaded from central: https://repo.maven.apache.org/maven2/net/bytebuddy/byte-buddy/1.9.10/byte-buddy-1.9.10.pom (10 kB at 543 kB/s)
[69386919-cc0b-4e16-a419-bb64cb818ccf/build]   | [INFO] Downloading from central: https://repo.maven.apache.org/maven2/net/bytebuddy/byte-buddy-parent/1.9.10/byte-buddy-parent-1.9.10.pom
[69386919-cc0b-4e16-a419-bb64cb818ccf/build]   | [INFO] Downloaded from central: https://repo.maven.apache.org/maven2/net/bytebuddy/byte-buddy-parent/1.9.10/byte-buddy-parent-1.9.10.pom (36 kB at 1.2 MB/s)
[69386919-cc0b-4e16-a419-bb64cb818ccf/build]   | [INFO] Downloading from central: https://repo.maven.apache.org/maven2/net/bytebuddy/byte-buddy-agent/1.9.10/byte-buddy-agent-1.9.10.pom
[69386919-cc0b-4e16-a419-bb64cb818ccf/build]   | [INFO] Downloaded from central: https://repo.maven.apache.org/maven2/net/bytebuddy/byte-buddy-agent/1.9.10/byte-buddy-agent-1.9.10.pom (6.0 kB at 862 kB/s)
[69386919-cc0b-4e16-a419-bb64cb818ccf/build]   | [INFO] Downloading from central: https://repo.maven.apache.org/maven2/org/objenesis/objenesis/2.6/objenesis-2.6.pom
[69386919-cc0b-4e16-a419-bb64cb818ccf/build]   | [INFO] Downloaded from central: https://repo.maven.apache.org/maven2/org/objenesis/objenesis/2.6/objenesis-2.6.pom (2.8 kB at 464 kB/s)
[69386919-cc0b-4e16-a419-bb64cb818ccf/build]   | [INFO] Downloading from central: https://repo.maven.apache.org/maven2/org/objenesis/objenesis-parent/2.6/objenesis-parent-2.6.pom
[69386919-cc0b-4e16-a419-bb64cb818ccf/build]   | [INFO] Downloaded from central: https://repo.maven.apache.org/maven2/org/objenesis/objenesis-parent/2.6/objenesis-parent-2.6.pom (17 kB at 1.3 MB/s)
[69386919-cc0b-4e16-a419-bb64cb818ccf/build]   | [INFO] Downloading from central: https://repo.maven.apache.org/maven2/org/powermock/powermock-reflect/2.0.9/powermock-reflect-2.0.9.pom
[69386919-cc0b-4e16-a419-bb64cb818ccf/build]   | [INFO] Downloaded from central: https://repo.maven.apache.org/maven2/org/powermock/powermock-reflect/2.0.9/powermock-reflect-2.0.9.pom (7.9 kB at 787 kB/s)
[69386919-cc0b-4e16-a419-bb64cb818ccf/build]   | [INFO] Downloading from central: https://repo.maven.apache.org/maven2/net/bytebuddy/byte-buddy/1.10.14/byte-buddy-1.10.14.pom
[69386919-cc0b-4e16-a419-bb64cb818ccf/build]   | [INFO] Downloaded from central: https://repo.maven.apache.org/maven2/net/bytebuddy/byte-buddy/1.10.14/byte-buddy-1.10.14.pom (11 kB at 1.6 MB/s)
[69386919-cc0b-4e16-a419-bb64cb818ccf/build]   | [INFO] Downloading from central: https://repo.maven.apache.org/maven2/net/bytebuddy/byte-buddy-parent/1.10.14/byte-buddy-parent-1.10.14.pom
[69386919-cc0b-4e16-a419-bb64cb818ccf/build]   | [INFO] Downloaded from central: https://repo.maven.apache.org/maven2/net/bytebuddy/byte-buddy-parent/1.10.14/byte-buddy-parent-1.10.14.pom (41 kB at 5.8 MB/s)
[69386919-cc0b-4e16-a419-bb64cb818ccf/build]   | [INFO] Downloading from central: https://repo.maven.apache.org/maven2/net/bytebuddy/byte-buddy-agent/1.10.14/byte-buddy-agent-1.10.14.pom
[69386919-cc0b-4e16-a419-bb64cb818ccf/build]   | [INFO] Downloaded from central: https://repo.maven.apache.org/maven2/net/bytebuddy/byte-buddy-agent/1.10.14/byte-buddy-agent-1.10.14.pom (9.6 kB at 1.6 MB/s)
[69386919-cc0b-4e16-a419-bb64cb818ccf/build]   | [INFO] Downloading from central: https://repo.maven.apache.org/maven2/junit/junit/4.13.2/junit-4.13.2.pom
[69386919-cc0b-4e16-a419-bb64cb818ccf/build]   | [INFO] Downloaded from central: https://repo.maven.apache.org/maven2/junit/junit/4.13.2/junit-4.13.2.pom (27 kB at 1.3 MB/s)
[69386919-cc0b-4e16-a419-bb64cb818ccf/build]   | [INFO] Downloading from central: https://repo.maven.apache.org/maven2/org/hamcrest/hamcrest-library/1.3/hamcrest-library-1.3.pom
[69386919-cc0b-4e16-a419-bb64cb818ccf/build]   | [INFO] Downloaded from central: https://repo.maven.apache.org/maven2/org/hamcrest/hamcrest-library/1.3/hamcrest-library-1.3.pom (820 B at 75 kB/s)
[69386919-cc0b-4e16-a419-bb64cb818ccf/build]   | [INFO] Downloading from central: https://repo.maven.apache.org/maven2/org/hamcrest/hamcrest-parent/1.3/hamcrest-parent-1.3.pom
[69386919-cc0b-4e16-a419-bb64cb818ccf/build]   | [INFO] Downloaded from central: https://repo.maven.apache.org/maven2/org/hamcrest/hamcrest-parent/1.3/hamcrest-parent-1.3.pom (2.0 kB at 73 kB/s)
[69386919-cc0b-4e16-a419-bb64cb818ccf/build]   | [INFO] Downloading from central: https://repo.maven.apache.org/maven2/org/hamcrest/hamcrest-core/1.3/hamcrest-core-1.3.pom
[69386919-cc0b-4e16-a419-bb64cb818ccf/build]   | [INFO] Downloaded from central: https://repo.maven.apache.org/maven2/org/hamcrest/hamcrest-core/1.3/hamcrest-core-1.3.pom (766 B at 55 kB/s)
[69386919-cc0b-4e16-a419-bb64cb818ccf/build]   | [INFO] Downloading from central: https://repo.maven.apache.org/maven2/org/assertj/assertj-core/3.22.0/assertj-core-3.22.0.pom
[69386919-cc0b-4e16-a419-bb64cb818ccf/build]   | [INFO] Downloaded from central: https://repo.maven.apache.org/maven2/org/assertj/assertj-core/3.22.0/assertj-core-3.22.0.pom (31 kB at 2.6 MB/s)
[69386919-cc0b-4e16-a419-bb64cb818ccf/build]   | [INFO] Downloading from central: https://repo.maven.apache.org/maven2/org/assertj/assertj-parent-pom/2.2.14/assertj-parent-pom-2.2.14.pom
[69386919-cc0b-4e16-a419-bb64cb818ccf/build]   | [INFO] Downloaded from central: https://repo.maven.apache.org/maven2/org/assertj/assertj-parent-pom/2.2.14/assertj-parent-pom-2.2.14.pom (25 kB at 2.5 MB/s)
[69386919-cc0b-4e16-a419-bb64cb818ccf/build]   | [INFO] Downloading from central: https://repo.maven.apache.org/maven2/org/junit/junit-bom/5.8.0/junit-bom-5.8.0.pom
[69386919-cc0b-4e16-a419-bb64cb818ccf/build]   | [INFO] Downloaded from central: https://repo.maven.apache.org/maven2/org/junit/junit-bom/5.8.0/junit-bom-5.8.0.pom (5.6 kB at 804 kB/s)
[69386919-cc0b-4e16-a419-bb64cb818ccf/build]   | [INFO] Downloading from central: https://repo.maven.apache.org/maven2/org/apache/maven/surefire/common-java5/3.0.0-M7/common-java5-3.0.0-M7.jar
[69386919-cc0b-4e16-a419-bb64cb818ccf/build]   | [INFO] Downloading from central: https://repo.maven.apache.org/maven2/org/junit/platform/junit-platform-launcher/1.3.2/junit-platform-launcher-1.3.2.jar
[69386919-cc0b-4e16-a419-bb64cb818ccf/build]   | [INFO] Downloading from central: https://repo.maven.apache.org/maven2/org/apiguardian/apiguardian-api/1.0.0/apiguardian-api-1.0.0.jar
[69386919-cc0b-4e16-a419-bb64cb818ccf/build]   | [INFO] Downloading from central: https://repo.maven.apache.org/maven2/org/junit/platform/junit-platform-engine/1.3.2/junit-platform-engine-1.3.2.jar
[69386919-cc0b-4e16-a419-bb64cb818ccf/build]   | [INFO] Downloading from central: https://repo.maven.apache.org/maven2/org/junit/platform/junit-platform-commons/1.3.2/junit-platform-commons-1.3.2.jar
[69386919-cc0b-4e16-a419-bb64cb818ccf/build]   | [INFO] Downloaded from central: https://repo.maven.apache.org/maven2/org/apache/maven/surefire/common-java5/3.0.0-M7/common-java5-3.0.0-M7.jar (17 kB at 559 kB/s)
[69386919-cc0b-4e16-a419-bb64cb818ccf/build]   | [INFO] Downloaded from central: https://repo.maven.apache.org/maven2/org/junit/platform/junit-platform-launcher/1.3.2/junit-platform-launcher-1.3.2.jar (95 kB at 3.5 MB/s)
[69386919-cc0b-4e16-a419-bb64cb818ccf/build]   | [INFO] Downloading from central: https://repo.maven.apache.org/maven2/org/opentest4j/opentest4j/1.1.1/opentest4j-1.1.1.jar
[69386919-cc0b-4e16-a419-bb64cb818ccf/build]   | [INFO] Downloaded from central: https://repo.maven.apache.org/maven2/org/junit/platform/junit-platform-commons/1.3.2/junit-platform-commons-1.3.2.jar (78 kB at 2.8 MB/s)
[69386919-cc0b-4e16-a419-bb64cb818ccf/build]   | [INFO] Downloaded from central: https://repo.maven.apache.org/maven2/org/opentest4j/opentest4j/1.1.1/opentest4j-1.1.1.jar (7.1 kB at 1.2 MB/s)
[69386919-cc0b-4e16-a419-bb64cb818ccf/build]   | [INFO] Downloaded from central: https://repo.maven.apache.org/maven2/org/apiguardian/apiguardian-api/1.0.0/apiguardian-api-1.0.0.jar (2.2 kB at 49 kB/s)
[69386919-cc0b-4e16-a419-bb64cb818ccf/build]   | [INFO] Downloaded from central: https://repo.maven.apache.org/maven2/org/junit/platform/junit-platform-engine/1.3.2/junit-platform-engine-1.3.2.jar (138 kB at 2.0 MB/s)
[69386919-cc0b-4e16-a419-bb64cb818ccf/build]   | [INFO] Downloading from central: https://repo.maven.apache.org/maven2/org/junit/platform/junit-platform-launcher/1.9.1/junit-platform-launcher-1.9.1.jar
[69386919-cc0b-4e16-a419-bb64cb818ccf/build]   | [INFO] Downloaded from central: https://repo.maven.apache.org/maven2/org/junit/platform/junit-platform-launcher/1.9.1/junit-platform-launcher-1.9.1.jar (169 kB at 3.0 MB/s)
[69386919-cc0b-4e16-a419-bb64cb818ccf/build]   | [INFO] Downloading from central: https://repo.maven.apache.org/maven2/org/junit/platform/junit-platform-launcher/1.9.1/junit-platform-launcher-1.9.1.pom
[69386919-cc0b-4e16-a419-bb64cb818ccf/build]   | [INFO] Downloaded from central: https://repo.maven.apache.org/maven2/org/junit/platform/junit-platform-launcher/1.9.1/junit-platform-launcher-1.9.1.pom (3.0 kB at 432 kB/s)
[69386919-cc0b-4e16-a419-bb64cb818ccf/build]   | [INFO] 
[69386919-cc0b-4e16-a419-bb64cb818ccf/build]   | [INFO] -------------------------------------------------------
[69386919-cc0b-4e16-a419-bb64cb818ccf/build]   | [INFO]  T E S T S
[69386919-cc0b-4e16-a419-bb64cb818ccf/build]   | [INFO] -------------------------------------------------------
[69386919-cc0b-4e16-a419-bb64cb818ccf/build]   | [INFO] Running net.e175.klaus.solarpositioning.JulianDateTest
[69386919-cc0b-4e16-a419-bb64cb818ccf/build]   | [INFO] Tests run: 8, Failures: 0, Errors: 0, Skipped: 0, Time elapsed: 0.083 s - in net.e175.klaus.solarpositioning.JulianDateTest
[69386919-cc0b-4e16-a419-bb64cb818ccf/build]   | [INFO] Running net.e175.klaus.solarpositioning.DeltaTTest
[69386919-cc0b-4e16-a419-bb64cb818ccf/build]   | [INFO] Tests run: 2, Failures: 0, Errors: 0, Skipped: 0, Time elapsed: 0.005 s - in net.e175.klaus.solarpositioning.DeltaTTest
[69386919-cc0b-4e16-a419-bb64cb818ccf/build]   | [INFO] Running net.e175.klaus.solarpositioning.SPASunriseTransitSetTest
[69386919-cc0b-4e16-a419-bb64cb818ccf/build]   | [INFO] Tests run: 353, Failures: 0, Errors: 0, Skipped: 0, Time elapsed: 1.635 s - in net.e175.klaus.solarpositioning.SPASunriseTransitSetTest
[69386919-cc0b-4e16-a419-bb64cb818ccf/build]   | [INFO] Running net.e175.klaus.solarpositioning.Grena3Test
[69386919-cc0b-4e16-a419-bb64cb818ccf/build]   | [WARNING] Tests run: 517, Failures: 0, Errors: 0, Skipped: 256, Time elapsed: 0.656 s - in net.e175.klaus.solarpositioning.Grena3Test
[69386919-cc0b-4e16-a419-bb64cb818ccf/build]   | [INFO] Running net.e175.klaus.solarpositioning.SPATest
[69386919-cc0b-4e16-a419-bb64cb818ccf/build]   | [INFO] Tests run: 516, Failures: 0, Errors: 0, Skipped: 0, Time elapsed: 0.295 s - in net.e175.klaus.solarpositioning.SPATest
[69386919-cc0b-4e16-a419-bb64cb818ccf/build]   | [INFO] 
[69386919-cc0b-4e16-a419-bb64cb818ccf/build]   | [INFO] Results:
[69386919-cc0b-4e16-a419-bb64cb818ccf/build]   | [INFO] 
[69386919-cc0b-4e16-a419-bb64cb818ccf/build]   | [WARNING] Tests run: 1396, Failures: 0, Errors: 0, Skipped: 256
[69386919-cc0b-4e16-a419-bb64cb818ccf/build]   | [INFO] 
[69386919-cc0b-4e16-a419-bb64cb818ccf/build]   | [INFO] 
[69386919-cc0b-4e16-a419-bb64cb818ccf/build]   | [INFO] --- maven-jar-plugin:2.4:jar (default-jar) @ solarpositioning ---
[69386919-cc0b-4e16-a419-bb64cb818ccf/build]   | [INFO] Downloading from central: https://repo.maven.apache.org/maven2/org/apache/maven/maven-archiver/2.5/maven-archiver-2.5.pom
[69386919-cc0b-4e16-a419-bb64cb818ccf/build]   | [INFO] Downloaded from central: https://repo.maven.apache.org/maven2/org/apache/maven/maven-archiver/2.5/maven-archiver-2.5.pom (4.5 kB at 413 kB/s)
[69386919-cc0b-4e16-a419-bb64cb818ccf/build]   | [INFO] Downloading from central: https://repo.maven.apache.org/maven2/org/codehaus/plexus/plexus-archiver/2.1/plexus-archiver-2.1.pom
[69386919-cc0b-4e16-a419-bb64cb818ccf/build]   | [INFO] Downloaded from central: https://repo.maven.apache.org/maven2/org/codehaus/plexus/plexus-archiver/2.1/plexus-archiver-2.1.pom (2.8 kB at 351 kB/s)
[69386919-cc0b-4e16-a419-bb64cb818ccf/build]   | [INFO] Downloading from central: https://repo.maven.apache.org/maven2/org/codehaus/plexus/plexus-utils/3.0/plexus-utils-3.0.pom
[69386919-cc0b-4e16-a419-bb64cb818ccf/build]   | [INFO] Downloaded from central: https://repo.maven.apache.org/maven2/org/codehaus/plexus/plexus-utils/3.0/plexus-utils-3.0.pom (4.1 kB at 678 kB/s)
[69386919-cc0b-4e16-a419-bb64cb818ccf/build]   | [INFO] Downloading from central: https://repo.maven.apache.org/maven2/org/sonatype/spice/spice-parent/16/spice-parent-16.pom
[69386919-cc0b-4e16-a419-bb64cb818ccf/build]   | [INFO] Downloaded from central: https://repo.maven.apache.org/maven2/org/sonatype/spice/spice-parent/16/spice-parent-16.pom (8.4 kB at 1.4 MB/s)
[69386919-cc0b-4e16-a419-bb64cb818ccf/build]   | [INFO] Downloading from central: https://repo.maven.apache.org/maven2/org/sonatype/forge/forge-parent/5/forge-parent-5.pom
[69386919-cc0b-4e16-a419-bb64cb818ccf/build]   | [INFO] Downloaded from central: https://repo.maven.apache.org/maven2/org/sonatype/forge/forge-parent/5/forge-parent-5.pom (8.4 kB at 836 kB/s)
[69386919-cc0b-4e16-a419-bb64cb818ccf/build]   | [INFO] Downloading from central: https://repo.maven.apache.org/maven2/org/codehaus/plexus/plexus-io/2.0.2/plexus-io-2.0.2.pom
[69386919-cc0b-4e16-a419-bb64cb818ccf/build]   | [INFO] Downloaded from central: https://repo.maven.apache.org/maven2/org/codehaus/plexus/plexus-io/2.0.2/plexus-io-2.0.2.pom (1.7 kB at 133 kB/s)
[69386919-cc0b-4e16-a419-bb64cb818ccf/build]   | [INFO] Downloading from central: https://repo.maven.apache.org/maven2/org/codehaus/plexus/plexus-components/1.1.19/plexus-components-1.1.19.pom
[69386919-cc0b-4e16-a419-bb64cb818ccf/build]   | [INFO] Downloaded from central: https://repo.maven.apache.org/maven2/org/codehaus/plexus/plexus-components/1.1.19/plexus-components-1.1.19.pom (2.7 kB at 337 kB/s)
[69386919-cc0b-4e16-a419-bb64cb818ccf/build]   | [INFO] Downloading from central: https://repo.maven.apache.org/maven2/org/codehaus/plexus/plexus/3.0.1/plexus-3.0.1.pom
[69386919-cc0b-4e16-a419-bb64cb818ccf/build]   | [INFO] Downloaded from central: https://repo.maven.apache.org/maven2/org/codehaus/plexus/plexus/3.0.1/plexus-3.0.1.pom (19 kB at 776 kB/s)
[69386919-cc0b-4e16-a419-bb64cb818ccf/build]   | [INFO] Downloading from central: https://repo.maven.apache.org/maven2/org/codehaus/plexus/plexus-interpolation/1.15/plexus-interpolation-1.15.pom
[69386919-cc0b-4e16-a419-bb64cb818ccf/build]   | [INFO] Downloaded from central: https://repo.maven.apache.org/maven2/org/codehaus/plexus/plexus-interpolation/1.15/plexus-interpolation-1.15.pom (1.0 kB at 127 kB/s)
[69386919-cc0b-4e16-a419-bb64cb818ccf/build]   | [INFO] Downloading from central: https://repo.maven.apache.org/maven2/commons-lang/commons-lang/2.1/commons-lang-2.1.pom
[69386919-cc0b-4e16-a419-bb64cb818ccf/build]   | [INFO] Downloaded from central: https://repo.maven.apache.org/maven2/commons-lang/commons-lang/2.1/commons-lang-2.1.pom (9.9 kB at 1.4 MB/s)
[69386919-cc0b-4e16-a419-bb64cb818ccf/build]   | [INFO] Downloading from central: https://repo.maven.apache.org/maven2/classworlds/classworlds/1.1-alpha-2/classworlds-1.1-alpha-2.jar
[69386919-cc0b-4e16-a419-bb64cb818ccf/build]   | [INFO] Downloading from central: https://repo.maven.apache.org/maven2/org/apache/maven/maven-archiver/2.5/maven-archiver-2.5.jar
[69386919-cc0b-4e16-a419-bb64cb818ccf/build]   | [INFO] Downloading from central: https://repo.maven.apache.org/maven2/org/codehaus/plexus/plexus-interpolation/1.15/plexus-interpolation-1.15.jar
[69386919-cc0b-4e16-a419-bb64cb818ccf/build]   | [INFO] Downloading from central: https://repo.maven.apache.org/maven2/org/codehaus/plexus/plexus-archiver/2.1/plexus-archiver-2.1.jar
[69386919-cc0b-4e16-a419-bb64cb818ccf/build]   | [INFO] Downloading from central: https://repo.maven.apache.org/maven2/org/codehaus/plexus/plexus-io/2.0.2/plexus-io-2.0.2.jar
[69386919-cc0b-4e16-a419-bb64cb818ccf/build]   | [INFO] Downloaded from central: https://repo.maven.apache.org/maven2/org/codehaus/plexus/plexus-interpolation/1.15/plexus-interpolation-1.15.jar (60 kB at 6.7 MB/s)
[69386919-cc0b-4e16-a419-bb64cb818ccf/build]   | [INFO] Downloading from central: https://repo.maven.apache.org/maven2/commons-lang/commons-lang/2.1/commons-lang-2.1.jar
[69386919-cc0b-4e16-a419-bb64cb818ccf/build]   | [INFO] Downloaded from central: https://repo.maven.apache.org/maven2/org/codehaus/plexus/plexus-io/2.0.2/plexus-io-2.0.2.jar (58 kB at 4.9 MB/s)
[69386919-cc0b-4e16-a419-bb64cb818ccf/build]   | [INFO] Downloading from central: https://repo.maven.apache.org/maven2/org/codehaus/plexus/plexus-utils/3.0/plexus-utils-3.0.jar
[69386919-cc0b-4e16-a419-bb64cb818ccf/build]   | [INFO] Downloaded from central: https://repo.maven.apache.org/maven2/org/apache/maven/maven-archiver/2.5/maven-archiver-2.5.jar (22 kB at 1.5 MB/s)
[69386919-cc0b-4e16-a419-bb64cb818ccf/build]   | [INFO] Downloaded from central: https://repo.maven.apache.org/maven2/classworlds/classworlds/1.1-alpha-2/classworlds-1.1-alpha-2.jar (38 kB at 2.3 MB/s)
[69386919-cc0b-4e16-a419-bb64cb818ccf/build]   | [INFO] Downloaded from central: https://repo.maven.apache.org/maven2/commons-lang/commons-lang/2.1/commons-lang-2.1.jar (208 kB at 9.9 MB/s)
[69386919-cc0b-4e16-a419-bb64cb818ccf/build]   | [INFO] Downloaded from central: https://repo.maven.apache.org/maven2/org/codehaus/plexus/plexus-utils/3.0/plexus-utils-3.0.jar (226 kB at 8.1 MB/s)
[69386919-cc0b-4e16-a419-bb64cb818ccf/build]   | [INFO] Downloaded from central: https://repo.maven.apache.org/maven2/org/codehaus/plexus/plexus-archiver/2.1/plexus-archiver-2.1.jar (184 kB at 5.1 MB/s)
[69386919-cc0b-4e16-a419-bb64cb818ccf/build]   | [INFO] Building jar: /tmp/b61941d7-91d6-4b09-8e1b-1c379d96adef/target/solarpositioning-0.1.4-SNAPSHOT.jar
[69386919-cc0b-4e16-a419-bb64cb818ccf/build]   | [INFO] ------------------------------------------------------------------------
[69386919-cc0b-4e16-a419-bb64cb818ccf/build]   | [INFO] BUILD SUCCESS
[69386919-cc0b-4e16-a419-bb64cb818ccf/build]   | [INFO] ------------------------------------------------------------------------
[69386919-cc0b-4e16-a419-bb64cb818ccf/build]   | [INFO] Total time:  12.687 s
[69386919-cc0b-4e16-a419-bb64cb818ccf/build]   | [INFO] Finished at: 2023-11-24T17:08:24Z
[69386919-cc0b-4e16-a419-bb64cb818ccf/build]   | [INFO] ------------------------------------------------------------------------
[69386919-cc0b-4e16-a419-bb64cb818ccf/build]   ‚úÖ  Success - Main Build with Maven
[69386919-cc0b-4e16-a419-bb64cb818ccf/build] unable to get git ref: failed to identify reference (tag/branch) for the checked-out revision '79c0044373b483e625b42fa8513000cb719651b9'
[69386919-cc0b-4e16-a419-bb64cb818ccf/build] unable to get git ref: failed to identify reference (tag/branch) for the checked-out revision '79c0044373b483e625b42fa8513000cb719651b9'
[69386919-cc0b-4e16-a419-bb64cb818ccf/build] unable to get git ref: failed to identify reference (tag/branch) for the checked-out revision '79c0044373b483e625b42fa8513000cb719651b9'
[69386919-cc0b-4e16-a419-bb64cb818ccf/build] unable to get git ref: failed to identify reference (tag/branch) for the checked-out revision '79c0044373b483e625b42fa8513000cb719651b9'
[69386919-cc0b-4e16-a419-bb64cb818ccf/build] unable to get git ref: failed to identify reference (tag/branch) for the checked-out revision '79c0044373b483e625b42fa8513000cb719651b9'
[69386919-cc0b-4e16-a419-bb64cb818ccf/build] ‚≠ê Run Post Set up JDK 17
[69386919-cc0b-4e16-a419-bb64cb818ccf/build]   üê≥  docker exec cmd=[node /var/run/act/actions/actions-setup-java@v3/dist/cleanup/index.js] user= workdir=
[69386919-cc0b-4e16-a419-bb64cb818ccf/build]   ‚úÖ  Success - Post Set up JDK 17
[69386919-cc0b-4e16-a419-bb64cb818ccf/build] üèÅ  Job succeeded
[69386919-cc0b-4e16-a419-bb64cb818ccf/build] unable to get git ref: failed to identify reference (tag/branch) for the checked-out revision '79c0044373b483e625b42fa8513000cb719651b9'
