[282f640e-e96f-4405-b9f0-3e5944a8d0a8/build] üöÄ  Start image=gitbugactions:latest
[282f640e-e96f-4405-b9f0-3e5944a8d0a8/build]   üê≥  docker pull image=gitbugactions:latest platform= username= forcePull=false
[282f640e-e96f-4405-b9f0-3e5944a8d0a8/build]   üê≥  docker create image=gitbugactions:latest platform= entrypoint=["tail" "-f" "/dev/null"] cmd=[]
[282f640e-e96f-4405-b9f0-3e5944a8d0a8/build]   üê≥  docker run image=gitbugactions:latest platform= entrypoint=["tail" "-f" "/dev/null"] cmd=[]
[282f640e-e96f-4405-b9f0-3e5944a8d0a8/build]   üê≥  docker exec cmd=[chown -R 1012:1013 /tmp/0a72ed6f-db53-4878-ba22-51eb0e28a4f7] user=0 workdir=
[282f640e-e96f-4405-b9f0-3e5944a8d0a8/build] unable to get git ref: failed to identify reference (tag/branch) for the checked-out revision 'e00ce46c1e36d68ccec59e8c510fc0f1b50da424'
[282f640e-e96f-4405-b9f0-3e5944a8d0a8/build] unable to get git ref: failed to identify reference (tag/branch) for the checked-out revision 'e00ce46c1e36d68ccec59e8c510fc0f1b50da424'
[282f640e-e96f-4405-b9f0-3e5944a8d0a8/build] unable to get git ref: failed to identify reference (tag/branch) for the checked-out revision 'e00ce46c1e36d68ccec59e8c510fc0f1b50da424'
[282f640e-e96f-4405-b9f0-3e5944a8d0a8/build] unable to get git ref: failed to identify reference (tag/branch) for the checked-out revision 'e00ce46c1e36d68ccec59e8c510fc0f1b50da424'
[282f640e-e96f-4405-b9f0-3e5944a8d0a8/build] unable to get git ref: failed to identify reference (tag/branch) for the checked-out revision 'e00ce46c1e36d68ccec59e8c510fc0f1b50da424'
[282f640e-e96f-4405-b9f0-3e5944a8d0a8/build] unable to get git ref: failed to identify reference (tag/branch) for the checked-out revision 'e00ce46c1e36d68ccec59e8c510fc0f1b50da424'
[282f640e-e96f-4405-b9f0-3e5944a8d0a8/build] unable to get git ref: failed to identify reference (tag/branch) for the checked-out revision 'e00ce46c1e36d68ccec59e8c510fc0f1b50da424'
[282f640e-e96f-4405-b9f0-3e5944a8d0a8/build] unable to get git ref: failed to identify reference (tag/branch) for the checked-out revision 'e00ce46c1e36d68ccec59e8c510fc0f1b50da424'
[282f640e-e96f-4405-b9f0-3e5944a8d0a8/build] unable to get git ref: failed to identify reference (tag/branch) for the checked-out revision 'e00ce46c1e36d68ccec59e8c510fc0f1b50da424'
[282f640e-e96f-4405-b9f0-3e5944a8d0a8/build] ‚≠ê Run Main actions/checkout@v2
[282f640e-e96f-4405-b9f0-3e5944a8d0a8/build] unable to get git ref: failed to identify reference (tag/branch) for the checked-out revision 'e00ce46c1e36d68ccec59e8c510fc0f1b50da424'
[282f640e-e96f-4405-b9f0-3e5944a8d0a8/build] unable to get git ref: failed to identify reference (tag/branch) for the checked-out revision 'e00ce46c1e36d68ccec59e8c510fc0f1b50da424'
[282f640e-e96f-4405-b9f0-3e5944a8d0a8/build]   üê≥  docker cp src=/tmp/0a72ed6f-db53-4878-ba22-51eb0e28a4f7/. dst=/tmp/0a72ed6f-db53-4878-ba22-51eb0e28a4f7
[282f640e-e96f-4405-b9f0-3e5944a8d0a8/build]   üê≥  docker exec cmd=[chown -R 1012:1013 /tmp/0a72ed6f-db53-4878-ba22-51eb0e28a4f7] user=0 workdir=
[282f640e-e96f-4405-b9f0-3e5944a8d0a8/build]   ‚úÖ  Success - Main actions/checkout@v2
[282f640e-e96f-4405-b9f0-3e5944a8d0a8/build] unable to get git ref: failed to identify reference (tag/branch) for the checked-out revision 'e00ce46c1e36d68ccec59e8c510fc0f1b50da424'
[282f640e-e96f-4405-b9f0-3e5944a8d0a8/build] unable to get git ref: failed to identify reference (tag/branch) for the checked-out revision 'e00ce46c1e36d68ccec59e8c510fc0f1b50da424'
[282f640e-e96f-4405-b9f0-3e5944a8d0a8/build] unable to get git ref: failed to identify reference (tag/branch) for the checked-out revision 'e00ce46c1e36d68ccec59e8c510fc0f1b50da424'
[282f640e-e96f-4405-b9f0-3e5944a8d0a8/build] unable to get git ref: failed to identify reference (tag/branch) for the checked-out revision 'e00ce46c1e36d68ccec59e8c510fc0f1b50da424'
[282f640e-e96f-4405-b9f0-3e5944a8d0a8/build] unable to get git ref: failed to identify reference (tag/branch) for the checked-out revision 'e00ce46c1e36d68ccec59e8c510fc0f1b50da424'
[282f640e-e96f-4405-b9f0-3e5944a8d0a8/build] ‚≠ê Run Main Set up JDK 11
[282f640e-e96f-4405-b9f0-3e5944a8d0a8/build] unable to get git ref: failed to identify reference (tag/branch) for the checked-out revision 'e00ce46c1e36d68ccec59e8c510fc0f1b50da424'
[282f640e-e96f-4405-b9f0-3e5944a8d0a8/build] unable to get git ref: failed to identify reference (tag/branch) for the checked-out revision 'e00ce46c1e36d68ccec59e8c510fc0f1b50da424'
[282f640e-e96f-4405-b9f0-3e5944a8d0a8/build] unable to get git ref: failed to identify reference (tag/branch) for the checked-out revision 'e00ce46c1e36d68ccec59e8c510fc0f1b50da424'
[282f640e-e96f-4405-b9f0-3e5944a8d0a8/build]   üê≥  docker cp src=/tmp/act-cache/e218b415-6768-4e48-a918-898a5c2e2a77/act/actions-setup-java@v2/ dst=/var/run/act/actions/actions-setup-java@v2/
[282f640e-e96f-4405-b9f0-3e5944a8d0a8/build]   üê≥  docker exec cmd=[chown -R 1012:1013 /var/run/act/actions/actions-setup-java@v2/] user=0 workdir=
[282f640e-e96f-4405-b9f0-3e5944a8d0a8/build]   üê≥  docker exec cmd=[node /var/run/act/actions/actions-setup-java@v2/dist/setup/index.js] user= workdir=
[282f640e-e96f-4405-b9f0-3e5944a8d0a8/build]   üí¨  ::debug::isExplicit: 11.0.20-1
[282f640e-e96f-4405-b9f0-3e5944a8d0a8/build]   üí¨  ::debug::explicit? true
[282f640e-e96f-4405-b9f0-3e5944a8d0a8/build]   üí¨  ::debug::isExplicit: 17.0.8-1
[282f640e-e96f-4405-b9f0-3e5944a8d0a8/build]   üí¨  ::debug::explicit? true
[282f640e-e96f-4405-b9f0-3e5944a8d0a8/build]   üí¨  ::debug::isExplicit: 21.0.0-35
[282f640e-e96f-4405-b9f0-3e5944a8d0a8/build]   üí¨  ::debug::explicit? true
[282f640e-e96f-4405-b9f0-3e5944a8d0a8/build]   üí¨  ::debug::isExplicit: 8.0.382-5
[282f640e-e96f-4405-b9f0-3e5944a8d0a8/build]   üí¨  ::debug::explicit? true
[282f640e-e96f-4405-b9f0-3e5944a8d0a8/build]   | Resolved Java 11.0.20+1 from tool-cache
[282f640e-e96f-4405-b9f0-3e5944a8d0a8/build]   | Setting Java 11.0.20+1 as the default
[282f640e-e96f-4405-b9f0-3e5944a8d0a8/build]   | 
[282f640e-e96f-4405-b9f0-3e5944a8d0a8/build]   | Java configuration:
[282f640e-e96f-4405-b9f0-3e5944a8d0a8/build]   |   Distribution: temurin
[282f640e-e96f-4405-b9f0-3e5944a8d0a8/build]   |   Version: 11.0.20+1
[282f640e-e96f-4405-b9f0-3e5944a8d0a8/build]   |   Path: /opt/hostedtoolcache/Java_Temurin-Hotspot_jdk/11.0.20-1/x64
[282f640e-e96f-4405-b9f0-3e5944a8d0a8/build]   | 
[282f640e-e96f-4405-b9f0-3e5944a8d0a8/build]   ‚ùì add-matcher /run/act/actions/actions-setup-java@v2/.github/java.json
[282f640e-e96f-4405-b9f0-3e5944a8d0a8/build]   | Creating settings.xml with server-id: github
[282f640e-e96f-4405-b9f0-3e5944a8d0a8/build]   | Writing to /home/runner/.m2/settings.xml
[282f640e-e96f-4405-b9f0-3e5944a8d0a8/build]   ‚úÖ  Success - Main Set up JDK 11
[282f640e-e96f-4405-b9f0-3e5944a8d0a8/build]   ‚öô  ::set-env:: JAVA_HOME=/opt/hostedtoolcache/Java_Temurin-Hotspot_jdk/11.0.20-1/x64
[282f640e-e96f-4405-b9f0-3e5944a8d0a8/build]   ‚öô  ::set-output:: distribution=Temurin-Hotspot
[282f640e-e96f-4405-b9f0-3e5944a8d0a8/build]   ‚öô  ::set-output:: path=/opt/hostedtoolcache/Java_Temurin-Hotspot_jdk/11.0.20-1/x64
[282f640e-e96f-4405-b9f0-3e5944a8d0a8/build]   ‚öô  ::set-output:: version=11.0.20+1
[282f640e-e96f-4405-b9f0-3e5944a8d0a8/build]   ‚öô  ::add-path:: /opt/hostedtoolcache/Java_Temurin-Hotspot_jdk/11.0.20-1/x64/bin
[282f640e-e96f-4405-b9f0-3e5944a8d0a8/build] unable to get git ref: failed to identify reference (tag/branch) for the checked-out revision 'e00ce46c1e36d68ccec59e8c510fc0f1b50da424'
[282f640e-e96f-4405-b9f0-3e5944a8d0a8/build] unable to get git ref: failed to identify reference (tag/branch) for the checked-out revision 'e00ce46c1e36d68ccec59e8c510fc0f1b50da424'
[282f640e-e96f-4405-b9f0-3e5944a8d0a8/build] unable to get git ref: failed to identify reference (tag/branch) for the checked-out revision 'e00ce46c1e36d68ccec59e8c510fc0f1b50da424'
[282f640e-e96f-4405-b9f0-3e5944a8d0a8/build] unable to get git ref: failed to identify reference (tag/branch) for the checked-out revision 'e00ce46c1e36d68ccec59e8c510fc0f1b50da424'
[282f640e-e96f-4405-b9f0-3e5944a8d0a8/build] unable to get git ref: failed to identify reference (tag/branch) for the checked-out revision 'e00ce46c1e36d68ccec59e8c510fc0f1b50da424'
[282f640e-e96f-4405-b9f0-3e5944a8d0a8/build] ‚≠ê Run Main Build with Maven
[282f640e-e96f-4405-b9f0-3e5944a8d0a8/build] unable to get git ref: failed to identify reference (tag/branch) for the checked-out revision 'e00ce46c1e36d68ccec59e8c510fc0f1b50da424'
[282f640e-e96f-4405-b9f0-3e5944a8d0a8/build] unable to get git ref: failed to identify reference (tag/branch) for the checked-out revision 'e00ce46c1e36d68ccec59e8c510fc0f1b50da424'
[282f640e-e96f-4405-b9f0-3e5944a8d0a8/build] unable to get git ref: failed to identify reference (tag/branch) for the checked-out revision 'e00ce46c1e36d68ccec59e8c510fc0f1b50da424'
[282f640e-e96f-4405-b9f0-3e5944a8d0a8/build] unable to get git ref: failed to identify reference (tag/branch) for the checked-out revision 'e00ce46c1e36d68ccec59e8c510fc0f1b50da424'
[282f640e-e96f-4405-b9f0-3e5944a8d0a8/build]   üê≥  docker exec cmd=[bash --noprofile --norc -e -o pipefail /var/run/act/workflow/2] user= workdir=
[282f640e-e96f-4405-b9f0-3e5944a8d0a8/build]   | [INFO] Scanning for projects...
[282f640e-e96f-4405-b9f0-3e5944a8d0a8/build]   | [INFO] 
[282f640e-e96f-4405-b9f0-3e5944a8d0a8/build]   | [INFO] -----------------------< org.netpreserve:jwarc >------------------------
[282f640e-e96f-4405-b9f0-3e5944a8d0a8/build]   | [INFO] Building jwarc 0.23.1-SNAPSHOT
[282f640e-e96f-4405-b9f0-3e5944a8d0a8/build]   | [INFO]   from pom.xml
[282f640e-e96f-4405-b9f0-3e5944a8d0a8/build]   | [INFO] --------------------------------[ jar ]---------------------------------
[282f640e-e96f-4405-b9f0-3e5944a8d0a8/build]   | [INFO] Downloading from central: https://repo.maven.apache.org/maven2/org/apache/maven/plugins/maven-resources-plugin/2.6/maven-resources-plugin-2.6.pom
[282f640e-e96f-4405-b9f0-3e5944a8d0a8/build]   | [INFO] Downloaded from central: https://repo.maven.apache.org/maven2/org/apache/maven/plugins/maven-resources-plugin/2.6/maven-resources-plugin-2.6.pom (8.1 kB at 22 kB/s)
[282f640e-e96f-4405-b9f0-3e5944a8d0a8/build]   | [INFO] Downloading from central: https://repo.maven.apache.org/maven2/org/apache/maven/plugins/maven-plugins/23/maven-plugins-23.pom
[282f640e-e96f-4405-b9f0-3e5944a8d0a8/build]   | [INFO] Downloaded from central: https://repo.maven.apache.org/maven2/org/apache/maven/plugins/maven-plugins/23/maven-plugins-23.pom (9.2 kB at 271 kB/s)
[282f640e-e96f-4405-b9f0-3e5944a8d0a8/build]   | [INFO] Downloading from central: https://repo.maven.apache.org/maven2/org/apache/maven/maven-parent/22/maven-parent-22.pom
[282f640e-e96f-4405-b9f0-3e5944a8d0a8/build]   | [INFO] Downloaded from central: https://repo.maven.apache.org/maven2/org/apache/maven/maven-parent/22/maven-parent-22.pom (30 kB at 1.1 MB/s)
[282f640e-e96f-4405-b9f0-3e5944a8d0a8/build]   | [INFO] Downloading from central: https://repo.maven.apache.org/maven2/org/apache/apache/11/apache-11.pom
[282f640e-e96f-4405-b9f0-3e5944a8d0a8/build]   | [INFO] Downloaded from central: https://repo.maven.apache.org/maven2/org/apache/apache/11/apache-11.pom (15 kB at 644 kB/s)
[282f640e-e96f-4405-b9f0-3e5944a8d0a8/build]   | [INFO] Downloading from central: https://repo.maven.apache.org/maven2/org/apache/maven/plugins/maven-resources-plugin/2.6/maven-resources-plugin-2.6.jar
[282f640e-e96f-4405-b9f0-3e5944a8d0a8/build]   | [INFO] Downloaded from central: https://repo.maven.apache.org/maven2/org/apache/maven/plugins/maven-resources-plugin/2.6/maven-resources-plugin-2.6.jar (30 kB at 642 kB/s)
[282f640e-e96f-4405-b9f0-3e5944a8d0a8/build]   | [INFO] Downloading from central: https://repo.maven.apache.org/maven2/org/apache/maven/plugins/maven-compiler-plugin/3.1/maven-compiler-plugin-3.1.pom
[282f640e-e96f-4405-b9f0-3e5944a8d0a8/build]   | [INFO] Downloaded from central: https://repo.maven.apache.org/maven2/org/apache/maven/plugins/maven-compiler-plugin/3.1/maven-compiler-plugin-3.1.pom (10 kB at 232 kB/s)
[282f640e-e96f-4405-b9f0-3e5944a8d0a8/build]   | [INFO] Downloading from central: https://repo.maven.apache.org/maven2/org/apache/maven/plugins/maven-plugins/24/maven-plugins-24.pom
[282f640e-e96f-4405-b9f0-3e5944a8d0a8/build]   | [INFO] Downloaded from central: https://repo.maven.apache.org/maven2/org/apache/maven/plugins/maven-plugins/24/maven-plugins-24.pom (11 kB at 360 kB/s)
[282f640e-e96f-4405-b9f0-3e5944a8d0a8/build]   | [INFO] Downloading from central: https://repo.maven.apache.org/maven2/org/apache/maven/maven-parent/23/maven-parent-23.pom
[282f640e-e96f-4405-b9f0-3e5944a8d0a8/build]   | [INFO] Downloaded from central: https://repo.maven.apache.org/maven2/org/apache/maven/maven-parent/23/maven-parent-23.pom (33 kB at 905 kB/s)
[282f640e-e96f-4405-b9f0-3e5944a8d0a8/build]   | [INFO] Downloading from central: https://repo.maven.apache.org/maven2/org/apache/apache/13/apache-13.pom
[282f640e-e96f-4405-b9f0-3e5944a8d0a8/build]   | [INFO] Downloaded from central: https://repo.maven.apache.org/maven2/org/apache/apache/13/apache-13.pom (14 kB at 537 kB/s)
[282f640e-e96f-4405-b9f0-3e5944a8d0a8/build]   | [INFO] Downloading from central: https://repo.maven.apache.org/maven2/org/apache/maven/plugins/maven-compiler-plugin/3.1/maven-compiler-plugin-3.1.jar
[282f640e-e96f-4405-b9f0-3e5944a8d0a8/build]   | [INFO] Downloaded from central: https://repo.maven.apache.org/maven2/org/apache/maven/plugins/maven-compiler-plugin/3.1/maven-compiler-plugin-3.1.jar (43 kB at 728 kB/s)
[282f640e-e96f-4405-b9f0-3e5944a8d0a8/build]   | [INFO] Downloading from central: https://repo.maven.apache.org/maven2/org/apache/maven/plugins/maven-surefire-plugin/2.12.4/maven-surefire-plugin-2.12.4.pom
[282f640e-e96f-4405-b9f0-3e5944a8d0a8/build]   | [INFO] Downloaded from central: https://repo.maven.apache.org/maven2/org/apache/maven/plugins/maven-surefire-plugin/2.12.4/maven-surefire-plugin-2.12.4.pom (10 kB at 582 kB/s)
[282f640e-e96f-4405-b9f0-3e5944a8d0a8/build]   | [INFO] Downloading from central: https://repo.maven.apache.org/maven2/org/apache/maven/surefire/surefire/2.12.4/surefire-2.12.4.pom
[282f640e-e96f-4405-b9f0-3e5944a8d0a8/build]   | [INFO] Downloaded from central: https://repo.maven.apache.org/maven2/org/apache/maven/surefire/surefire/2.12.4/surefire-2.12.4.pom (14 kB at 418 kB/s)
[282f640e-e96f-4405-b9f0-3e5944a8d0a8/build]   | [INFO] Downloading from central: https://repo.maven.apache.org/maven2/org/apache/maven/plugins/maven-surefire-plugin/2.12.4/maven-surefire-plugin-2.12.4.jar
[282f640e-e96f-4405-b9f0-3e5944a8d0a8/build]   | [INFO] Downloaded from central: https://repo.maven.apache.org/maven2/org/apache/maven/plugins/maven-surefire-plugin/2.12.4/maven-surefire-plugin-2.12.4.jar (30 kB at 1.4 MB/s)
[282f640e-e96f-4405-b9f0-3e5944a8d0a8/build]   | [INFO] Downloading from central: https://repo.maven.apache.org/maven2/org/apache/maven/plugins/maven-jar-plugin/3.2.2/maven-jar-plugin-3.2.2.pom
[282f640e-e96f-4405-b9f0-3e5944a8d0a8/build]   | [INFO] Downloaded from central: https://repo.maven.apache.org/maven2/org/apache/maven/plugins/maven-jar-plugin/3.2.2/maven-jar-plugin-3.2.2.pom (7.5 kB at 340 kB/s)
[282f640e-e96f-4405-b9f0-3e5944a8d0a8/build]   | [INFO] Downloading from central: https://repo.maven.apache.org/maven2/org/apache/maven/plugins/maven-plugins/34/maven-plugins-34.pom
[282f640e-e96f-4405-b9f0-3e5944a8d0a8/build]   | [INFO] Downloaded from central: https://repo.maven.apache.org/maven2/org/apache/maven/plugins/maven-plugins/34/maven-plugins-34.pom (11 kB at 1.1 MB/s)
[282f640e-e96f-4405-b9f0-3e5944a8d0a8/build]   | [INFO] Downloading from central: https://repo.maven.apache.org/maven2/org/apache/maven/maven-parent/34/maven-parent-34.pom
[282f640e-e96f-4405-b9f0-3e5944a8d0a8/build]   | [INFO] Downloaded from central: https://repo.maven.apache.org/maven2/org/apache/maven/maven-parent/34/maven-parent-34.pom (43 kB at 3.1 MB/s)
[282f640e-e96f-4405-b9f0-3e5944a8d0a8/build]   | [INFO] Downloading from central: https://repo.maven.apache.org/maven2/org/apache/apache/23/apache-23.pom
[282f640e-e96f-4405-b9f0-3e5944a8d0a8/build]   | [INFO] Downloaded from central: https://repo.maven.apache.org/maven2/org/apache/apache/23/apache-23.pom (18 kB at 921 kB/s)
[282f640e-e96f-4405-b9f0-3e5944a8d0a8/build]   | [INFO] Downloading from central: https://repo.maven.apache.org/maven2/org/apache/maven/plugins/maven-jar-plugin/3.2.2/maven-jar-plugin-3.2.2.jar
[282f640e-e96f-4405-b9f0-3e5944a8d0a8/build]   | [INFO] Downloaded from central: https://repo.maven.apache.org/maven2/org/apache/maven/plugins/maven-jar-plugin/3.2.2/maven-jar-plugin-3.2.2.jar (29 kB at 1.1 MB/s)
[282f640e-e96f-4405-b9f0-3e5944a8d0a8/build]   | [INFO] Downloading from central: https://repo.maven.apache.org/maven2/com/fasterxml/jackson/core/jackson-core/2.13.2/jackson-core-2.13.2.pom
[282f640e-e96f-4405-b9f0-3e5944a8d0a8/build]   | [INFO] Downloaded from central: https://repo.maven.apache.org/maven2/com/fasterxml/jackson/core/jackson-core/2.13.2/jackson-core-2.13.2.pom (5.5 kB at 231 kB/s)
[282f640e-e96f-4405-b9f0-3e5944a8d0a8/build]   | [INFO] Downloading from central: https://repo.maven.apache.org/maven2/com/fasterxml/jackson/jackson-base/2.13.2/jackson-base-2.13.2.pom
[282f640e-e96f-4405-b9f0-3e5944a8d0a8/build]   | [INFO] Downloaded from central: https://repo.maven.apache.org/maven2/com/fasterxml/jackson/jackson-base/2.13.2/jackson-base-2.13.2.pom (9.9 kB at 617 kB/s)
[282f640e-e96f-4405-b9f0-3e5944a8d0a8/build]   | [INFO] Downloading from central: https://repo.maven.apache.org/maven2/com/fasterxml/jackson/jackson-bom/2.13.2/jackson-bom-2.13.2.pom
[282f640e-e96f-4405-b9f0-3e5944a8d0a8/build]   | [INFO] Downloaded from central: https://repo.maven.apache.org/maven2/com/fasterxml/jackson/jackson-bom/2.13.2/jackson-bom-2.13.2.pom (17 kB at 1.3 MB/s)
[282f640e-e96f-4405-b9f0-3e5944a8d0a8/build]   | [INFO] Downloading from central: https://repo.maven.apache.org/maven2/com/fasterxml/jackson/jackson-parent/2.13/jackson-parent-2.13.pom
[282f640e-e96f-4405-b9f0-3e5944a8d0a8/build]   | [INFO] Downloaded from central: https://repo.maven.apache.org/maven2/com/fasterxml/jackson/jackson-parent/2.13/jackson-parent-2.13.pom (7.4 kB at 322 kB/s)
[282f640e-e96f-4405-b9f0-3e5944a8d0a8/build]   | [INFO] Downloading from central: https://repo.maven.apache.org/maven2/com/fasterxml/oss-parent/43/oss-parent-43.pom
[282f640e-e96f-4405-b9f0-3e5944a8d0a8/build]   | [INFO] Downloaded from central: https://repo.maven.apache.org/maven2/com/fasterxml/oss-parent/43/oss-parent-43.pom (24 kB at 1.5 MB/s)
[282f640e-e96f-4405-b9f0-3e5944a8d0a8/build]   | [INFO] Downloading from central: https://repo.maven.apache.org/maven2/junit/junit/4.13.2/junit-4.13.2.pom
[282f640e-e96f-4405-b9f0-3e5944a8d0a8/build]   | [INFO] Downloaded from central: https://repo.maven.apache.org/maven2/junit/junit/4.13.2/junit-4.13.2.pom (27 kB at 1.2 MB/s)
[282f640e-e96f-4405-b9f0-3e5944a8d0a8/build]   | [INFO] Downloading from central: https://repo.maven.apache.org/maven2/org/hamcrest/hamcrest-core/1.3/hamcrest-core-1.3.pom
[282f640e-e96f-4405-b9f0-3e5944a8d0a8/build]   | [INFO] Downloaded from central: https://repo.maven.apache.org/maven2/org/hamcrest/hamcrest-core/1.3/hamcrest-core-1.3.pom (766 B at 35 kB/s)
[282f640e-e96f-4405-b9f0-3e5944a8d0a8/build]   | [INFO] Downloading from central: https://repo.maven.apache.org/maven2/org/hamcrest/hamcrest-parent/1.3/hamcrest-parent-1.3.pom
[282f640e-e96f-4405-b9f0-3e5944a8d0a8/build]   | [INFO] Downloaded from central: https://repo.maven.apache.org/maven2/org/hamcrest/hamcrest-parent/1.3/hamcrest-parent-1.3.pom (2.0 kB at 90 kB/s)
[282f640e-e96f-4405-b9f0-3e5944a8d0a8/build]   | [INFO] Downloading from central: https://repo.maven.apache.org/maven2/junit/junit/4.13.2/junit-4.13.2.jar
[282f640e-e96f-4405-b9f0-3e5944a8d0a8/build]   | [INFO] Downloading from central: https://repo.maven.apache.org/maven2/com/fasterxml/jackson/core/jackson-core/2.13.2/jackson-core-2.13.2.jar
[282f640e-e96f-4405-b9f0-3e5944a8d0a8/build]   | [INFO] Downloading from central: https://repo.maven.apache.org/maven2/org/hamcrest/hamcrest-core/1.3/hamcrest-core-1.3.jar
[282f640e-e96f-4405-b9f0-3e5944a8d0a8/build]   | [INFO] Downloaded from central: https://repo.maven.apache.org/maven2/com/fasterxml/jackson/core/jackson-core/2.13.2/jackson-core-2.13.2.jar (375 kB at 4.7 MB/s)
[282f640e-e96f-4405-b9f0-3e5944a8d0a8/build]   | [INFO] Downloaded from central: https://repo.maven.apache.org/maven2/org/hamcrest/hamcrest-core/1.3/hamcrest-core-1.3.jar (45 kB at 276 kB/s)
[282f640e-e96f-4405-b9f0-3e5944a8d0a8/build]   | [INFO] Downloaded from central: https://repo.maven.apache.org/maven2/junit/junit/4.13.2/junit-4.13.2.jar (385 kB at 2.3 MB/s)
[282f640e-e96f-4405-b9f0-3e5944a8d0a8/build]   | [INFO] 
[282f640e-e96f-4405-b9f0-3e5944a8d0a8/build]   | [INFO] --- maven-resources-plugin:2.6:resources (default-resources) @ jwarc ---
[282f640e-e96f-4405-b9f0-3e5944a8d0a8/build]   | [INFO] Downloading from central: https://repo.maven.apache.org/maven2/org/apache/maven/maven-plugin-api/2.0.6/maven-plugin-api-2.0.6.pom
[282f640e-e96f-4405-b9f0-3e5944a8d0a8/build]   | [INFO] Downloaded from central: https://repo.maven.apache.org/maven2/org/apache/maven/maven-plugin-api/2.0.6/maven-plugin-api-2.0.6.pom (1.5 kB at 54 kB/s)
[282f640e-e96f-4405-b9f0-3e5944a8d0a8/build]   | [INFO] Downloading from central: https://repo.maven.apache.org/maven2/org/apache/maven/maven/2.0.6/maven-2.0.6.pom
[282f640e-e96f-4405-b9f0-3e5944a8d0a8/build]   | [INFO] Downloaded from central: https://repo.maven.apache.org/maven2/org/apache/maven/maven/2.0.6/maven-2.0.6.pom (9.0 kB at 476 kB/s)
[282f640e-e96f-4405-b9f0-3e5944a8d0a8/build]   | [INFO] Downloading from central: https://repo.maven.apache.org/maven2/org/apache/maven/maven-parent/5/maven-parent-5.pom
[282f640e-e96f-4405-b9f0-3e5944a8d0a8/build]   | [INFO] Downloaded from central: https://repo.maven.apache.org/maven2/org/apache/maven/maven-parent/5/maven-parent-5.pom (15 kB at 952 kB/s)
[282f640e-e96f-4405-b9f0-3e5944a8d0a8/build]   | [INFO] Downloading from central: https://repo.maven.apache.org/maven2/org/apache/apache/3/apache-3.pom
[282f640e-e96f-4405-b9f0-3e5944a8d0a8/build]   | [INFO] Downloaded from central: https://repo.maven.apache.org/maven2/org/apache/apache/3/apache-3.pom (3.4 kB at 381 kB/s)
[282f640e-e96f-4405-b9f0-3e5944a8d0a8/build]   | [INFO] Downloading from central: https://repo.maven.apache.org/maven2/org/apache/maven/maven-project/2.0.6/maven-project-2.0.6.pom
[282f640e-e96f-4405-b9f0-3e5944a8d0a8/build]   | [INFO] Downloaded from central: https://repo.maven.apache.org/maven2/org/apache/maven/maven-project/2.0.6/maven-project-2.0.6.pom (2.6 kB at 240 kB/s)
[282f640e-e96f-4405-b9f0-3e5944a8d0a8/build]   | [INFO] Downloading from central: https://repo.maven.apache.org/maven2/org/apache/maven/maven-settings/2.0.6/maven-settings-2.0.6.pom
[282f640e-e96f-4405-b9f0-3e5944a8d0a8/build]   | [INFO] Downloaded from central: https://repo.maven.apache.org/maven2/org/apache/maven/maven-settings/2.0.6/maven-settings-2.0.6.pom (2.0 kB at 154 kB/s)
[282f640e-e96f-4405-b9f0-3e5944a8d0a8/build]   | [INFO] Downloading from central: https://repo.maven.apache.org/maven2/org/apache/maven/maven-model/2.0.6/maven-model-2.0.6.pom
[282f640e-e96f-4405-b9f0-3e5944a8d0a8/build]   | [INFO] Downloaded from central: https://repo.maven.apache.org/maven2/org/apache/maven/maven-model/2.0.6/maven-model-2.0.6.pom (3.0 kB at 305 kB/s)
[282f640e-e96f-4405-b9f0-3e5944a8d0a8/build]   | [INFO] Downloading from central: https://repo.maven.apache.org/maven2/org/codehaus/plexus/plexus-utils/1.4.1/plexus-utils-1.4.1.pom
[282f640e-e96f-4405-b9f0-3e5944a8d0a8/build]   | [INFO] Downloaded from central: https://repo.maven.apache.org/maven2/org/codehaus/plexus/plexus-utils/1.4.1/plexus-utils-1.4.1.pom (1.9 kB at 136 kB/s)
[282f640e-e96f-4405-b9f0-3e5944a8d0a8/build]   | [INFO] Downloading from central: https://repo.maven.apache.org/maven2/org/codehaus/plexus/plexus/1.0.11/plexus-1.0.11.pom
[282f640e-e96f-4405-b9f0-3e5944a8d0a8/build]   | [INFO] Downloaded from central: https://repo.maven.apache.org/maven2/org/codehaus/plexus/plexus/1.0.11/plexus-1.0.11.pom (9.0 kB at 264 kB/s)
[282f640e-e96f-4405-b9f0-3e5944a8d0a8/build]   | [INFO] Downloading from central: https://repo.maven.apache.org/maven2/org/codehaus/plexus/plexus-container-default/1.0-alpha-9-stable-1/plexus-container-default-1.0-alpha-9-stable-1.pom
[282f640e-e96f-4405-b9f0-3e5944a8d0a8/build]   | [INFO] Downloaded from central: https://repo.maven.apache.org/maven2/org/codehaus/plexus/plexus-container-default/1.0-alpha-9-stable-1/plexus-container-default-1.0-alpha-9-stable-1.pom (3.9 kB at 172 kB/s)
[282f640e-e96f-4405-b9f0-3e5944a8d0a8/build]   | [INFO] Downloading from central: https://repo.maven.apache.org/maven2/org/codehaus/plexus/plexus-containers/1.0.3/plexus-containers-1.0.3.pom
[282f640e-e96f-4405-b9f0-3e5944a8d0a8/build]   | [INFO] Downloaded from central: https://repo.maven.apache.org/maven2/org/codehaus/plexus/plexus-containers/1.0.3/plexus-containers-1.0.3.pom (492 B at 22 kB/s)
[282f640e-e96f-4405-b9f0-3e5944a8d0a8/build]   | [INFO] Downloading from central: https://repo.maven.apache.org/maven2/org/codehaus/plexus/plexus/1.0.4/plexus-1.0.4.pom
[282f640e-e96f-4405-b9f0-3e5944a8d0a8/build]   | [INFO] Downloaded from central: https://repo.maven.apache.org/maven2/org/codehaus/plexus/plexus/1.0.4/plexus-1.0.4.pom (5.7 kB at 319 kB/s)
[282f640e-e96f-4405-b9f0-3e5944a8d0a8/build]   | [INFO] Downloading from central: https://repo.maven.apache.org/maven2/junit/junit/3.8.1/junit-3.8.1.pom
[282f640e-e96f-4405-b9f0-3e5944a8d0a8/build]   | [INFO] Downloaded from central: https://repo.maven.apache.org/maven2/junit/junit/3.8.1/junit-3.8.1.pom (998 B at 45 kB/s)
[282f640e-e96f-4405-b9f0-3e5944a8d0a8/build]   | [INFO] Downloading from central: https://repo.maven.apache.org/maven2/org/codehaus/plexus/plexus-utils/1.0.4/plexus-utils-1.0.4.pom
[282f640e-e96f-4405-b9f0-3e5944a8d0a8/build]   | [INFO] Downloaded from central: https://repo.maven.apache.org/maven2/org/codehaus/plexus/plexus-utils/1.0.4/plexus-utils-1.0.4.pom (6.9 kB at 403 kB/s)
[282f640e-e96f-4405-b9f0-3e5944a8d0a8/build]   | [INFO] Downloading from central: https://repo.maven.apache.org/maven2/classworlds/classworlds/1.1-alpha-2/classworlds-1.1-alpha-2.pom
[282f640e-e96f-4405-b9f0-3e5944a8d0a8/build]   | [INFO] Downloaded from central: https://repo.maven.apache.org/maven2/classworlds/classworlds/1.1-alpha-2/classworlds-1.1-alpha-2.pom (3.1 kB at 149 kB/s)
[282f640e-e96f-4405-b9f0-3e5944a8d0a8/build]   | [INFO] Downloading from central: https://repo.maven.apache.org/maven2/org/apache/maven/maven-profile/2.0.6/maven-profile-2.0.6.pom
[282f640e-e96f-4405-b9f0-3e5944a8d0a8/build]   | [INFO] Downloaded from central: https://repo.maven.apache.org/maven2/org/apache/maven/maven-profile/2.0.6/maven-profile-2.0.6.pom (2.0 kB at 152 kB/s)
[282f640e-e96f-4405-b9f0-3e5944a8d0a8/build]   | [INFO] Downloading from central: https://repo.maven.apache.org/maven2/org/apache/maven/maven-artifact-manager/2.0.6/maven-artifact-manager-2.0.6.pom
[282f640e-e96f-4405-b9f0-3e5944a8d0a8/build]   | [INFO] Downloaded from central: https://repo.maven.apache.org/maven2/org/apache/maven/maven-artifact-manager/2.0.6/maven-artifact-manager-2.0.6.pom (2.6 kB at 114 kB/s)
[282f640e-e96f-4405-b9f0-3e5944a8d0a8/build]   | [INFO] Downloading from central: https://repo.maven.apache.org/maven2/org/apache/maven/maven-repository-metadata/2.0.6/maven-repository-metadata-2.0.6.pom
[282f640e-e96f-4405-b9f0-3e5944a8d0a8/build]   | [INFO] Downloaded from central: https://repo.maven.apache.org/maven2/org/apache/maven/maven-repository-metadata/2.0.6/maven-repository-metadata-2.0.6.pom (1.9 kB at 154 kB/s)
[282f640e-e96f-4405-b9f0-3e5944a8d0a8/build]   | [INFO] Downloading from central: https://repo.maven.apache.org/maven2/org/apache/maven/maven-artifact/2.0.6/maven-artifact-2.0.6.pom
[282f640e-e96f-4405-b9f0-3e5944a8d0a8/build]   | [INFO] Downloaded from central: https://repo.maven.apache.org/maven2/org/apache/maven/maven-artifact/2.0.6/maven-artifact-2.0.6.pom (1.6 kB at 93 kB/s)
[282f640e-e96f-4405-b9f0-3e5944a8d0a8/build]   | [INFO] Downloading from central: https://repo.maven.apache.org/maven2/org/apache/maven/maven-plugin-registry/2.0.6/maven-plugin-registry-2.0.6.pom
[282f640e-e96f-4405-b9f0-3e5944a8d0a8/build]   | [INFO] Downloaded from central: https://repo.maven.apache.org/maven2/org/apache/maven/maven-plugin-registry/2.0.6/maven-plugin-registry-2.0.6.pom (1.9 kB at 53 kB/s)
[282f640e-e96f-4405-b9f0-3e5944a8d0a8/build]   | [INFO] Downloading from central: https://repo.maven.apache.org/maven2/org/apache/maven/maven-core/2.0.6/maven-core-2.0.6.pom
[282f640e-e96f-4405-b9f0-3e5944a8d0a8/build]   | [INFO] Downloaded from central: https://repo.maven.apache.org/maven2/org/apache/maven/maven-core/2.0.6/maven-core-2.0.6.pom (6.7 kB at 419 kB/s)
[282f640e-e96f-4405-b9f0-3e5944a8d0a8/build]   | [INFO] Downloading from central: https://repo.maven.apache.org/maven2/org/apache/maven/maven-plugin-parameter-documenter/2.0.6/maven-plugin-parameter-documenter-2.0.6.pom
[282f640e-e96f-4405-b9f0-3e5944a8d0a8/build]   | [INFO] Downloaded from central: https://repo.maven.apache.org/maven2/org/apache/maven/maven-plugin-parameter-documenter/2.0.6/maven-plugin-parameter-documenter-2.0.6.pom (1.9 kB at 147 kB/s)
[282f640e-e96f-4405-b9f0-3e5944a8d0a8/build]   | [INFO] Downloading from central: https://repo.maven.apache.org/maven2/org/apache/maven/reporting/maven-reporting-api/2.0.6/maven-reporting-api-2.0.6.pom
[282f640e-e96f-4405-b9f0-3e5944a8d0a8/build]   | [INFO] Downloaded from central: https://repo.maven.apache.org/maven2/org/apache/maven/reporting/maven-reporting-api/2.0.6/maven-reporting-api-2.0.6.pom (1.8 kB at 125 kB/s)
[282f640e-e96f-4405-b9f0-3e5944a8d0a8/build]   | [INFO] Downloading from central: https://repo.maven.apache.org/maven2/org/apache/maven/reporting/maven-reporting/2.0.6/maven-reporting-2.0.6.pom
[282f640e-e96f-4405-b9f0-3e5944a8d0a8/build]   | [INFO] Downloaded from central: https://repo.maven.apache.org/maven2/org/apache/maven/reporting/maven-reporting/2.0.6/maven-reporting-2.0.6.pom (1.4 kB at 120 kB/s)
[282f640e-e96f-4405-b9f0-3e5944a8d0a8/build]   | [INFO] Downloading from central: https://repo.maven.apache.org/maven2/org/apache/maven/doxia/doxia-sink-api/1.0-alpha-7/doxia-sink-api-1.0-alpha-7.pom
[282f640e-e96f-4405-b9f0-3e5944a8d0a8/build]   | [INFO] Downloaded from central: https://repo.maven.apache.org/maven2/org/apache/maven/doxia/doxia-sink-api/1.0-alpha-7/doxia-sink-api-1.0-alpha-7.pom (424 B at 53 kB/s)
[282f640e-e96f-4405-b9f0-3e5944a8d0a8/build]   | [INFO] Downloading from central: https://repo.maven.apache.org/maven2/org/apache/maven/doxia/doxia/1.0-alpha-7/doxia-1.0-alpha-7.pom
[282f640e-e96f-4405-b9f0-3e5944a8d0a8/build]   | [INFO] Downloaded from central: https://repo.maven.apache.org/maven2/org/apache/maven/doxia/doxia/1.0-alpha-7/doxia-1.0-alpha-7.pom (3.9 kB at 435 kB/s)
[282f640e-e96f-4405-b9f0-3e5944a8d0a8/build]   | [INFO] Downloading from central: https://repo.maven.apache.org/maven2/org/apache/maven/maven-error-diagnostics/2.0.6/maven-error-diagnostics-2.0.6.pom
[282f640e-e96f-4405-b9f0-3e5944a8d0a8/build]   | [INFO] Downloaded from central: https://repo.maven.apache.org/maven2/org/apache/maven/maven-error-diagnostics/2.0.6/maven-error-diagnostics-2.0.6.pom (1.7 kB at 95 kB/s)
[282f640e-e96f-4405-b9f0-3e5944a8d0a8/build]   | [INFO] Downloading from central: https://repo.maven.apache.org/maven2/commons-cli/commons-cli/1.0/commons-cli-1.0.pom
[282f640e-e96f-4405-b9f0-3e5944a8d0a8/build]   | [INFO] Downloaded from central: https://repo.maven.apache.org/maven2/commons-cli/commons-cli/1.0/commons-cli-1.0.pom (2.1 kB at 162 kB/s)
[282f640e-e96f-4405-b9f0-3e5944a8d0a8/build]   | [INFO] Downloading from central: https://repo.maven.apache.org/maven2/org/apache/maven/maven-plugin-descriptor/2.0.6/maven-plugin-descriptor-2.0.6.pom
[282f640e-e96f-4405-b9f0-3e5944a8d0a8/build]   | [INFO] Downloaded from central: https://repo.maven.apache.org/maven2/org/apache/maven/maven-plugin-descriptor/2.0.6/maven-plugin-descriptor-2.0.6.pom (2.0 kB at 144 kB/s)
[282f640e-e96f-4405-b9f0-3e5944a8d0a8/build]   | [INFO] Downloading from central: https://repo.maven.apache.org/maven2/org/codehaus/plexus/plexus-interactivity-api/1.0-alpha-4/plexus-interactivity-api-1.0-alpha-4.pom
[282f640e-e96f-4405-b9f0-3e5944a8d0a8/build]   | [INFO] Downloaded from central: https://repo.maven.apache.org/maven2/org/codehaus/plexus/plexus-interactivity-api/1.0-alpha-4/plexus-interactivity-api-1.0-alpha-4.pom (7.1 kB at 591 kB/s)
[282f640e-e96f-4405-b9f0-3e5944a8d0a8/build]   | [INFO] Downloading from central: https://repo.maven.apache.org/maven2/org/apache/maven/maven-monitor/2.0.6/maven-monitor-2.0.6.pom
[282f640e-e96f-4405-b9f0-3e5944a8d0a8/build]   | [INFO] Downloaded from central: https://repo.maven.apache.org/maven2/org/apache/maven/maven-monitor/2.0.6/maven-monitor-2.0.6.pom (1.3 kB at 84 kB/s)
[282f640e-e96f-4405-b9f0-3e5944a8d0a8/build]   | [INFO] Downloading from central: https://repo.maven.apache.org/maven2/classworlds/classworlds/1.1/classworlds-1.1.pom
[282f640e-e96f-4405-b9f0-3e5944a8d0a8/build]   | [INFO] Downloaded from central: https://repo.maven.apache.org/maven2/classworlds/classworlds/1.1/classworlds-1.1.pom (3.3 kB at 53 kB/s)
[282f640e-e96f-4405-b9f0-3e5944a8d0a8/build]   | [INFO] Downloading from central: https://repo.maven.apache.org/maven2/org/codehaus/plexus/plexus-utils/2.0.5/plexus-utils-2.0.5.pom
[282f640e-e96f-4405-b9f0-3e5944a8d0a8/build]   | [INFO] Downloaded from central: https://repo.maven.apache.org/maven2/org/codehaus/plexus/plexus-utils/2.0.5/plexus-utils-2.0.5.pom (3.3 kB at 95 kB/s)
[282f640e-e96f-4405-b9f0-3e5944a8d0a8/build]   | [INFO] Downloading from central: https://repo.maven.apache.org/maven2/org/codehaus/plexus/plexus/2.0.6/plexus-2.0.6.pom
[282f640e-e96f-4405-b9f0-3e5944a8d0a8/build]   | [INFO] Downloaded from central: https://repo.maven.apache.org/maven2/org/codehaus/plexus/plexus/2.0.6/plexus-2.0.6.pom (17 kB at 329 kB/s)
[282f640e-e96f-4405-b9f0-3e5944a8d0a8/build]   | [INFO] Downloading from central: https://repo.maven.apache.org/maven2/org/apache/maven/shared/maven-filtering/1.1/maven-filtering-1.1.pom
[282f640e-e96f-4405-b9f0-3e5944a8d0a8/build]   | [INFO] Downloaded from central: https://repo.maven.apache.org/maven2/org/apache/maven/shared/maven-filtering/1.1/maven-filtering-1.1.pom (5.8 kB at 76 kB/s)
[282f640e-e96f-4405-b9f0-3e5944a8d0a8/build]   | [INFO] Downloading from central: https://repo.maven.apache.org/maven2/org/apache/maven/shared/maven-shared-components/17/maven-shared-components-17.pom
[282f640e-e96f-4405-b9f0-3e5944a8d0a8/build]   | [INFO] Downloaded from central: https://repo.maven.apache.org/maven2/org/apache/maven/shared/maven-shared-components/17/maven-shared-components-17.pom (8.7 kB at 235 kB/s)
[282f640e-e96f-4405-b9f0-3e5944a8d0a8/build]   | [INFO] Downloading from central: https://repo.maven.apache.org/maven2/org/apache/maven/maven-parent/21/maven-parent-21.pom
[282f640e-e96f-4405-b9f0-3e5944a8d0a8/build]   | [INFO] Downloaded from central: https://repo.maven.apache.org/maven2/org/apache/maven/maven-parent/21/maven-parent-21.pom (26 kB at 1.6 MB/s)
[282f640e-e96f-4405-b9f0-3e5944a8d0a8/build]   | [INFO] Downloading from central: https://repo.maven.apache.org/maven2/org/apache/apache/10/apache-10.pom
[282f640e-e96f-4405-b9f0-3e5944a8d0a8/build]   | [INFO] Downloaded from central: https://repo.maven.apache.org/maven2/org/apache/apache/10/apache-10.pom (15 kB at 1.1 MB/s)
[282f640e-e96f-4405-b9f0-3e5944a8d0a8/build]   | [INFO] Downloading from central: https://repo.maven.apache.org/maven2/org/codehaus/plexus/plexus-utils/1.5.15/plexus-utils-1.5.15.pom
[282f640e-e96f-4405-b9f0-3e5944a8d0a8/build]   | [INFO] Downloaded from central: https://repo.maven.apache.org/maven2/org/codehaus/plexus/plexus-utils/1.5.15/plexus-utils-1.5.15.pom (6.8 kB at 380 kB/s)
[282f640e-e96f-4405-b9f0-3e5944a8d0a8/build]   | [INFO] Downloading from central: https://repo.maven.apache.org/maven2/org/codehaus/plexus/plexus/2.0.2/plexus-2.0.2.pom
[282f640e-e96f-4405-b9f0-3e5944a8d0a8/build]   | [INFO] Downloaded from central: https://repo.maven.apache.org/maven2/org/codehaus/plexus/plexus/2.0.2/plexus-2.0.2.pom (12 kB at 968 kB/s)
[282f640e-e96f-4405-b9f0-3e5944a8d0a8/build]   | [INFO] Downloading from central: https://repo.maven.apache.org/maven2/org/codehaus/plexus/plexus-interpolation/1.12/plexus-interpolation-1.12.pom
[282f640e-e96f-4405-b9f0-3e5944a8d0a8/build]   | [INFO] Downloaded from central: https://repo.maven.apache.org/maven2/org/codehaus/plexus/plexus-interpolation/1.12/plexus-interpolation-1.12.pom (889 B at 40 kB/s)
[282f640e-e96f-4405-b9f0-3e5944a8d0a8/build]   | [INFO] Downloading from central: https://repo.maven.apache.org/maven2/org/codehaus/plexus/plexus-components/1.1.14/plexus-components-1.1.14.pom
[282f640e-e96f-4405-b9f0-3e5944a8d0a8/build]   | [INFO] Downloaded from central: https://repo.maven.apache.org/maven2/org/codehaus/plexus/plexus-components/1.1.14/plexus-components-1.1.14.pom (5.8 kB at 389 kB/s)
[282f640e-e96f-4405-b9f0-3e5944a8d0a8/build]   | [INFO] Downloading from central: https://repo.maven.apache.org/maven2/org/sonatype/plexus/plexus-build-api/0.0.4/plexus-build-api-0.0.4.pom
[282f640e-e96f-4405-b9f0-3e5944a8d0a8/build]   | [INFO] Downloaded from central: https://repo.maven.apache.org/maven2/org/sonatype/plexus/plexus-build-api/0.0.4/plexus-build-api-0.0.4.pom (2.9 kB at 220 kB/s)
[282f640e-e96f-4405-b9f0-3e5944a8d0a8/build]   | [INFO] Downloading from central: https://repo.maven.apache.org/maven2/org/sonatype/spice/spice-parent/10/spice-parent-10.pom
[282f640e-e96f-4405-b9f0-3e5944a8d0a8/build]   | [INFO] Downloaded from central: https://repo.maven.apache.org/maven2/org/sonatype/spice/spice-parent/10/spice-parent-10.pom (3.0 kB at 168 kB/s)
[282f640e-e96f-4405-b9f0-3e5944a8d0a8/build]   | [INFO] Downloading from central: https://repo.maven.apache.org/maven2/org/sonatype/forge/forge-parent/3/forge-parent-3.pom
[282f640e-e96f-4405-b9f0-3e5944a8d0a8/build]   | [INFO] Downloaded from central: https://repo.maven.apache.org/maven2/org/sonatype/forge/forge-parent/3/forge-parent-3.pom (5.0 kB at 252 kB/s)
[282f640e-e96f-4405-b9f0-3e5944a8d0a8/build]   | [INFO] Downloading from central: https://repo.maven.apache.org/maven2/org/codehaus/plexus/plexus-utils/1.5.8/plexus-utils-1.5.8.pom
[282f640e-e96f-4405-b9f0-3e5944a8d0a8/build]   | [INFO] Downloaded from central: https://repo.maven.apache.org/maven2/org/codehaus/plexus/plexus-utils/1.5.8/plexus-utils-1.5.8.pom (8.1 kB at 366 kB/s)
[282f640e-e96f-4405-b9f0-3e5944a8d0a8/build]   | [INFO] Downloading from central: https://repo.maven.apache.org/maven2/org/codehaus/plexus/plexus-interpolation/1.13/plexus-interpolation-1.13.pom
[282f640e-e96f-4405-b9f0-3e5944a8d0a8/build]   | [INFO] Downloaded from central: https://repo.maven.apache.org/maven2/org/codehaus/plexus/plexus-interpolation/1.13/plexus-interpolation-1.13.pom (890 B at 64 kB/s)
[282f640e-e96f-4405-b9f0-3e5944a8d0a8/build]   | [INFO] Downloading from central: https://repo.maven.apache.org/maven2/org/codehaus/plexus/plexus-components/1.1.15/plexus-components-1.1.15.pom
[282f640e-e96f-4405-b9f0-3e5944a8d0a8/build]   | [INFO] Downloaded from central: https://repo.maven.apache.org/maven2/org/codehaus/plexus/plexus-components/1.1.15/plexus-components-1.1.15.pom (2.8 kB at 168 kB/s)
[282f640e-e96f-4405-b9f0-3e5944a8d0a8/build]   | [INFO] Downloading from central: https://repo.maven.apache.org/maven2/org/codehaus/plexus/plexus/2.0.3/plexus-2.0.3.pom
[282f640e-e96f-4405-b9f0-3e5944a8d0a8/build]   | [INFO] Downloaded from central: https://repo.maven.apache.org/maven2/org/codehaus/plexus/plexus/2.0.3/plexus-2.0.3.pom (15 kB at 966 kB/s)
[282f640e-e96f-4405-b9f0-3e5944a8d0a8/build]   | [INFO] Downloading from central: https://repo.maven.apache.org/maven2/org/apache/maven/maven-plugin-api/2.0.6/maven-plugin-api-2.0.6.jar
[282f640e-e96f-4405-b9f0-3e5944a8d0a8/build]   | [INFO] Downloading from central: https://repo.maven.apache.org/maven2/org/apache/maven/maven-project/2.0.6/maven-project-2.0.6.jar
[282f640e-e96f-4405-b9f0-3e5944a8d0a8/build]   | [INFO] Downloading from central: https://repo.maven.apache.org/maven2/org/apache/maven/maven-profile/2.0.6/maven-profile-2.0.6.jar
[282f640e-e96f-4405-b9f0-3e5944a8d0a8/build]   | [INFO] Downloading from central: https://repo.maven.apache.org/maven2/org/apache/maven/maven-plugin-registry/2.0.6/maven-plugin-registry-2.0.6.jar
[282f640e-e96f-4405-b9f0-3e5944a8d0a8/build]   | [INFO] Downloading from central: https://repo.maven.apache.org/maven2/org/apache/maven/maven-artifact-manager/2.0.6/maven-artifact-manager-2.0.6.jar
[282f640e-e96f-4405-b9f0-3e5944a8d0a8/build]   | [INFO] Downloaded from central: https://repo.maven.apache.org/maven2/org/apache/maven/maven-plugin-api/2.0.6/maven-plugin-api-2.0.6.jar (13 kB at 804 kB/s)
[282f640e-e96f-4405-b9f0-3e5944a8d0a8/build]   | [INFO] Downloading from central: https://repo.maven.apache.org/maven2/org/apache/maven/maven-core/2.0.6/maven-core-2.0.6.jar
[282f640e-e96f-4405-b9f0-3e5944a8d0a8/build]   | [INFO] Downloaded from central: https://repo.maven.apache.org/maven2/org/apache/maven/maven-profile/2.0.6/maven-profile-2.0.6.jar (35 kB at 1.4 MB/s)
[282f640e-e96f-4405-b9f0-3e5944a8d0a8/build]   | [INFO] Downloading from central: https://repo.maven.apache.org/maven2/org/apache/maven/maven-plugin-parameter-documenter/2.0.6/maven-plugin-parameter-documenter-2.0.6.jar
[282f640e-e96f-4405-b9f0-3e5944a8d0a8/build]   | [INFO] Downloaded from central: https://repo.maven.apache.org/maven2/org/apache/maven/maven-project/2.0.6/maven-project-2.0.6.jar (116 kB at 3.5 MB/s)
[282f640e-e96f-4405-b9f0-3e5944a8d0a8/build]   | [INFO] Downloading from central: https://repo.maven.apache.org/maven2/org/apache/maven/reporting/maven-reporting-api/2.0.6/maven-reporting-api-2.0.6.jar
[282f640e-e96f-4405-b9f0-3e5944a8d0a8/build]   | [INFO] Downloaded from central: https://repo.maven.apache.org/maven2/org/apache/maven/maven-artifact-manager/2.0.6/maven-artifact-manager-2.0.6.jar (57 kB at 1.4 MB/s)
[282f640e-e96f-4405-b9f0-3e5944a8d0a8/build]   | [INFO] Downloading from central: https://repo.maven.apache.org/maven2/org/apache/maven/doxia/doxia-sink-api/1.0-alpha-7/doxia-sink-api-1.0-alpha-7.jar
[282f640e-e96f-4405-b9f0-3e5944a8d0a8/build]   | [INFO] Downloaded from central: https://repo.maven.apache.org/maven2/org/apache/maven/maven-plugin-registry/2.0.6/maven-plugin-registry-2.0.6.jar (29 kB at 742 kB/s)
[282f640e-e96f-4405-b9f0-3e5944a8d0a8/build]   | [INFO] Downloading from central: https://repo.maven.apache.org/maven2/org/apache/maven/maven-repository-metadata/2.0.6/maven-repository-metadata-2.0.6.jar
[282f640e-e96f-4405-b9f0-3e5944a8d0a8/build]   | [INFO] Downloaded from central: https://repo.maven.apache.org/maven2/org/apache/maven/reporting/maven-reporting-api/2.0.6/maven-reporting-api-2.0.6.jar (9.9 kB at 237 kB/s)
[282f640e-e96f-4405-b9f0-3e5944a8d0a8/build]   | [INFO] Downloading from central: https://repo.maven.apache.org/maven2/org/apache/maven/maven-error-diagnostics/2.0.6/maven-error-diagnostics-2.0.6.jar
[282f640e-e96f-4405-b9f0-3e5944a8d0a8/build]   | [INFO] Downloaded from central: https://repo.maven.apache.org/maven2/org/apache/maven/maven-plugin-parameter-documenter/2.0.6/maven-plugin-parameter-documenter-2.0.6.jar (21 kB at 442 kB/s)
[282f640e-e96f-4405-b9f0-3e5944a8d0a8/build]   | [INFO] Downloading from central: https://repo.maven.apache.org/maven2/commons-cli/commons-cli/1.0/commons-cli-1.0.jar
[282f640e-e96f-4405-b9f0-3e5944a8d0a8/build]   | [INFO] Downloaded from central: https://repo.maven.apache.org/maven2/org/apache/maven/doxia/doxia-sink-api/1.0-alpha-7/doxia-sink-api-1.0-alpha-7.jar (5.9 kB at 114 kB/s)
[282f640e-e96f-4405-b9f0-3e5944a8d0a8/build]   | [INFO] Downloading from central: https://repo.maven.apache.org/maven2/org/apache/maven/maven-plugin-descriptor/2.0.6/maven-plugin-descriptor-2.0.6.jar
[282f640e-e96f-4405-b9f0-3e5944a8d0a8/build]   | [INFO] Downloaded from central: https://repo.maven.apache.org/maven2/org/apache/maven/maven-core/2.0.6/maven-core-2.0.6.jar (152 kB at 2.8 MB/s)
[282f640e-e96f-4405-b9f0-3e5944a8d0a8/build]   | [INFO] Downloading from central: https://repo.maven.apache.org/maven2/org/codehaus/plexus/plexus-interactivity-api/1.0-alpha-4/plexus-interactivity-api-1.0-alpha-4.jar
[282f640e-e96f-4405-b9f0-3e5944a8d0a8/build]   | [INFO] Downloaded from central: https://repo.maven.apache.org/maven2/org/apache/maven/maven-repository-metadata/2.0.6/maven-repository-metadata-2.0.6.jar (24 kB at 429 kB/s)
[282f640e-e96f-4405-b9f0-3e5944a8d0a8/build]   | [INFO] Downloaded from central: https://repo.maven.apache.org/maven2/org/apache/maven/maven-error-diagnostics/2.0.6/maven-error-diagnostics-2.0.6.jar (14 kB at 243 kB/s)
[282f640e-e96f-4405-b9f0-3e5944a8d0a8/build]   | [INFO] Downloading from central: https://repo.maven.apache.org/maven2/classworlds/classworlds/1.1/classworlds-1.1.jar
[282f640e-e96f-4405-b9f0-3e5944a8d0a8/build]   | [INFO] Downloading from central: https://repo.maven.apache.org/maven2/org/apache/maven/maven-artifact/2.0.6/maven-artifact-2.0.6.jar
[282f640e-e96f-4405-b9f0-3e5944a8d0a8/build]   | [INFO] Downloaded from central: https://repo.maven.apache.org/maven2/commons-cli/commons-cli/1.0/commons-cli-1.0.jar (30 kB at 450 kB/s)
[282f640e-e96f-4405-b9f0-3e5944a8d0a8/build]   | [INFO] Downloading from central: https://repo.maven.apache.org/maven2/org/apache/maven/maven-settings/2.0.6/maven-settings-2.0.6.jar
[282f640e-e96f-4405-b9f0-3e5944a8d0a8/build]   | [INFO] Downloaded from central: https://repo.maven.apache.org/maven2/org/apache/maven/maven-plugin-descriptor/2.0.6/maven-plugin-descriptor-2.0.6.jar (37 kB at 542 kB/s)
[282f640e-e96f-4405-b9f0-3e5944a8d0a8/build]   | [INFO] Downloading from central: https://repo.maven.apache.org/maven2/org/apache/maven/maven-model/2.0.6/maven-model-2.0.6.jar
[282f640e-e96f-4405-b9f0-3e5944a8d0a8/build]   | [INFO] Downloaded from central: https://repo.maven.apache.org/maven2/org/codehaus/plexus/plexus-interactivity-api/1.0-alpha-4/plexus-interactivity-api-1.0-alpha-4.jar (13 kB at 184 kB/s)
[282f640e-e96f-4405-b9f0-3e5944a8d0a8/build]   | [INFO] Downloading from central: https://repo.maven.apache.org/maven2/org/apache/maven/maven-monitor/2.0.6/maven-monitor-2.0.6.jar
[282f640e-e96f-4405-b9f0-3e5944a8d0a8/build]   | [INFO] Downloaded from central: https://repo.maven.apache.org/maven2/org/apache/maven/maven-artifact/2.0.6/maven-artifact-2.0.6.jar (87 kB at 1.2 MB/s)
[282f640e-e96f-4405-b9f0-3e5944a8d0a8/build]   | [INFO] Downloading from central: https://repo.maven.apache.org/maven2/org/codehaus/plexus/plexus-container-default/1.0-alpha-9-stable-1/plexus-container-default-1.0-alpha-9-stable-1.jar
[282f640e-e96f-4405-b9f0-3e5944a8d0a8/build]   | [INFO] Downloaded from central: https://repo.maven.apache.org/maven2/org/apache/maven/maven-settings/2.0.6/maven-settings-2.0.6.jar (49 kB at 585 kB/s)
[282f640e-e96f-4405-b9f0-3e5944a8d0a8/build]   | [INFO] Downloading from central: https://repo.maven.apache.org/maven2/junit/junit/3.8.1/junit-3.8.1.jar
[282f640e-e96f-4405-b9f0-3e5944a8d0a8/build]   | [INFO] Downloaded from central: https://repo.maven.apache.org/maven2/classworlds/classworlds/1.1/classworlds-1.1.jar (38 kB at 435 kB/s)
[282f640e-e96f-4405-b9f0-3e5944a8d0a8/build]   | [INFO] Downloaded from central: https://repo.maven.apache.org/maven2/org/apache/maven/maven-model/2.0.6/maven-model-2.0.6.jar (86 kB at 993 kB/s)
[282f640e-e96f-4405-b9f0-3e5944a8d0a8/build]   | [INFO] Downloading from central: https://repo.maven.apache.org/maven2/org/codehaus/plexus/plexus-utils/2.0.5/plexus-utils-2.0.5.jar
[282f640e-e96f-4405-b9f0-3e5944a8d0a8/build]   | [INFO] Downloading from central: https://repo.maven.apache.org/maven2/org/apache/maven/shared/maven-filtering/1.1/maven-filtering-1.1.jar
[282f640e-e96f-4405-b9f0-3e5944a8d0a8/build]   | [INFO] Downloaded from central: https://repo.maven.apache.org/maven2/org/apache/maven/maven-monitor/2.0.6/maven-monitor-2.0.6.jar (10 kB at 115 kB/s)
[282f640e-e96f-4405-b9f0-3e5944a8d0a8/build]   | [INFO] Downloading from central: https://repo.maven.apache.org/maven2/org/sonatype/plexus/plexus-build-api/0.0.4/plexus-build-api-0.0.4.jar
[282f640e-e96f-4405-b9f0-3e5944a8d0a8/build]   | [INFO] Downloaded from central: https://repo.maven.apache.org/maven2/org/codehaus/plexus/plexus-container-default/1.0-alpha-9-stable-1/plexus-container-default-1.0-alpha-9-stable-1.jar (194 kB at 2.1 MB/s)
[282f640e-e96f-4405-b9f0-3e5944a8d0a8/build]   | [INFO] Downloading from central: https://repo.maven.apache.org/maven2/org/codehaus/plexus/plexus-interpolation/1.13/plexus-interpolation-1.13.jar
[282f640e-e96f-4405-b9f0-3e5944a8d0a8/build]   | [INFO] Downloaded from central: https://repo.maven.apache.org/maven2/junit/junit/3.8.1/junit-3.8.1.jar (121 kB at 1.3 MB/s)
[282f640e-e96f-4405-b9f0-3e5944a8d0a8/build]   | [INFO] Downloaded from central: https://repo.maven.apache.org/maven2/org/sonatype/plexus/plexus-build-api/0.0.4/plexus-build-api-0.0.4.jar (6.8 kB at 67 kB/s)
[282f640e-e96f-4405-b9f0-3e5944a8d0a8/build]   | [INFO] Downloaded from central: https://repo.maven.apache.org/maven2/org/apache/maven/shared/maven-filtering/1.1/maven-filtering-1.1.jar (43 kB at 324 kB/s)
[282f640e-e96f-4405-b9f0-3e5944a8d0a8/build]   | [INFO] Downloaded from central: https://repo.maven.apache.org/maven2/org/codehaus/plexus/plexus-utils/2.0.5/plexus-utils-2.0.5.jar (223 kB at 1.7 MB/s)
[282f640e-e96f-4405-b9f0-3e5944a8d0a8/build]   | [INFO] Downloaded from central: https://repo.maven.apache.org/maven2/org/codehaus/plexus/plexus-interpolation/1.13/plexus-interpolation-1.13.jar (61 kB at 449 kB/s)
[282f640e-e96f-4405-b9f0-3e5944a8d0a8/build]   | [INFO] Using 'UTF-8' encoding to copy filtered resources.
[282f640e-e96f-4405-b9f0-3e5944a8d0a8/build]   | [INFO] Copying 2 resources
[282f640e-e96f-4405-b9f0-3e5944a8d0a8/build]   | [INFO] 
[282f640e-e96f-4405-b9f0-3e5944a8d0a8/build]   | [INFO] --- maven-compiler-plugin:3.1:compile (default-compile) @ jwarc ---
[282f640e-e96f-4405-b9f0-3e5944a8d0a8/build]   | [INFO] Downloading from central: https://repo.maven.apache.org/maven2/org/apache/maven/maven-plugin-api/2.0.9/maven-plugin-api-2.0.9.pom
[282f640e-e96f-4405-b9f0-3e5944a8d0a8/build]   | [INFO] Downloaded from central: https://repo.maven.apache.org/maven2/org/apache/maven/maven-plugin-api/2.0.9/maven-plugin-api-2.0.9.pom (1.5 kB at 187 kB/s)
[282f640e-e96f-4405-b9f0-3e5944a8d0a8/build]   | [INFO] Downloading from central: https://repo.maven.apache.org/maven2/org/apache/maven/maven/2.0.9/maven-2.0.9.pom
[282f640e-e96f-4405-b9f0-3e5944a8d0a8/build]   | [INFO] Downloaded from central: https://repo.maven.apache.org/maven2/org/apache/maven/maven/2.0.9/maven-2.0.9.pom (19 kB at 1.7 MB/s)
[282f640e-e96f-4405-b9f0-3e5944a8d0a8/build]   | [INFO] Downloading from central: https://repo.maven.apache.org/maven2/org/apache/maven/maven-parent/8/maven-parent-8.pom
[282f640e-e96f-4405-b9f0-3e5944a8d0a8/build]   | [INFO] Downloaded from central: https://repo.maven.apache.org/maven2/org/apache/maven/maven-parent/8/maven-parent-8.pom (24 kB at 2.7 MB/s)
[282f640e-e96f-4405-b9f0-3e5944a8d0a8/build]   | [INFO] Downloading from central: https://repo.maven.apache.org/maven2/org/apache/apache/4/apache-4.pom
[282f640e-e96f-4405-b9f0-3e5944a8d0a8/build]   | [INFO] Downloaded from central: https://repo.maven.apache.org/maven2/org/apache/apache/4/apache-4.pom (4.5 kB at 450 kB/s)
[282f640e-e96f-4405-b9f0-3e5944a8d0a8/build]   | [INFO] Downloading from central: https://repo.maven.apache.org/maven2/org/apache/maven/maven-artifact/2.0.9/maven-artifact-2.0.9.pom
[282f640e-e96f-4405-b9f0-3e5944a8d0a8/build]   | [INFO] Downloaded from central: https://repo.maven.apache.org/maven2/org/apache/maven/maven-artifact/2.0.9/maven-artifact-2.0.9.pom (1.6 kB at 162 kB/s)
[282f640e-e96f-4405-b9f0-3e5944a8d0a8/build]   | [INFO] Downloading from central: https://repo.maven.apache.org/maven2/org/codehaus/plexus/plexus-utils/1.5.1/plexus-utils-1.5.1.pom
[282f640e-e96f-4405-b9f0-3e5944a8d0a8/build]   | [INFO] Downloaded from central: https://repo.maven.apache.org/maven2/org/codehaus/plexus/plexus-utils/1.5.1/plexus-utils-1.5.1.pom (2.3 kB at 255 kB/s)
[282f640e-e96f-4405-b9f0-3e5944a8d0a8/build]   | [INFO] Downloading from central: https://repo.maven.apache.org/maven2/org/apache/maven/maven-core/2.0.9/maven-core-2.0.9.pom
[282f640e-e96f-4405-b9f0-3e5944a8d0a8/build]   | [INFO] Downloaded from central: https://repo.maven.apache.org/maven2/org/apache/maven/maven-core/2.0.9/maven-core-2.0.9.pom (7.8 kB at 1.1 MB/s)
[282f640e-e96f-4405-b9f0-3e5944a8d0a8/build]   | [INFO] Downloading from central: https://repo.maven.apache.org/maven2/org/apache/maven/maven-settings/2.0.9/maven-settings-2.0.9.pom
[282f640e-e96f-4405-b9f0-3e5944a8d0a8/build]   | [INFO] Downloaded from central: https://repo.maven.apache.org/maven2/org/apache/maven/maven-settings/2.0.9/maven-settings-2.0.9.pom (2.1 kB at 158 kB/s)
[282f640e-e96f-4405-b9f0-3e5944a8d0a8/build]   | [INFO] Downloading from central: https://repo.maven.apache.org/maven2/org/apache/maven/maven-model/2.0.9/maven-model-2.0.9.pom
[282f640e-e96f-4405-b9f0-3e5944a8d0a8/build]   | [INFO] Downloaded from central: https://repo.maven.apache.org/maven2/org/apache/maven/maven-model/2.0.9/maven-model-2.0.9.pom (3.1 kB at 137 kB/s)
[282f640e-e96f-4405-b9f0-3e5944a8d0a8/build]   | [INFO] Downloading from central: https://repo.maven.apache.org/maven2/org/apache/maven/maven-plugin-parameter-documenter/2.0.9/maven-plugin-parameter-documenter-2.0.9.pom
[282f640e-e96f-4405-b9f0-3e5944a8d0a8/build]   | [INFO] Downloaded from central: https://repo.maven.apache.org/maven2/org/apache/maven/maven-plugin-parameter-documenter/2.0.9/maven-plugin-parameter-documenter-2.0.9.pom (2.0 kB at 61 kB/s)
[282f640e-e96f-4405-b9f0-3e5944a8d0a8/build]   | [INFO] Downloading from central: https://repo.maven.apache.org/maven2/org/apache/maven/maven-profile/2.0.9/maven-profile-2.0.9.pom
[282f640e-e96f-4405-b9f0-3e5944a8d0a8/build]   | [INFO] Downloaded from central: https://repo.maven.apache.org/maven2/org/apache/maven/maven-profile/2.0.9/maven-profile-2.0.9.pom (2.0 kB at 228 kB/s)
[282f640e-e96f-4405-b9f0-3e5944a8d0a8/build]   | [INFO] Downloading from central: https://repo.maven.apache.org/maven2/org/apache/maven/maven-repository-metadata/2.0.9/maven-repository-metadata-2.0.9.pom
[282f640e-e96f-4405-b9f0-3e5944a8d0a8/build]   | [INFO] Downloaded from central: https://repo.maven.apache.org/maven2/org/apache/maven/maven-repository-metadata/2.0.9/maven-repository-metadata-2.0.9.pom (1.9 kB at 272 kB/s)
[282f640e-e96f-4405-b9f0-3e5944a8d0a8/build]   | [INFO] Downloading from central: https://repo.maven.apache.org/maven2/org/apache/maven/maven-error-diagnostics/2.0.9/maven-error-diagnostics-2.0.9.pom
[282f640e-e96f-4405-b9f0-3e5944a8d0a8/build]   | [INFO] Downloaded from central: https://repo.maven.apache.org/maven2/org/apache/maven/maven-error-diagnostics/2.0.9/maven-error-diagnostics-2.0.9.pom (1.7 kB at 97 kB/s)
[282f640e-e96f-4405-b9f0-3e5944a8d0a8/build]   | [INFO] Downloading from central: https://repo.maven.apache.org/maven2/org/apache/maven/maven-project/2.0.9/maven-project-2.0.9.pom
[282f640e-e96f-4405-b9f0-3e5944a8d0a8/build]   | [INFO] Downloaded from central: https://repo.maven.apache.org/maven2/org/apache/maven/maven-project/2.0.9/maven-project-2.0.9.pom (2.7 kB at 118 kB/s)
[282f640e-e96f-4405-b9f0-3e5944a8d0a8/build]   | [INFO] Downloading from central: https://repo.maven.apache.org/maven2/org/apache/maven/maven-artifact-manager/2.0.9/maven-artifact-manager-2.0.9.pom
[282f640e-e96f-4405-b9f0-3e5944a8d0a8/build]   | [INFO] Downloaded from central: https://repo.maven.apache.org/maven2/org/apache/maven/maven-artifact-manager/2.0.9/maven-artifact-manager-2.0.9.pom (2.7 kB at 338 kB/s)
[282f640e-e96f-4405-b9f0-3e5944a8d0a8/build]   | [INFO] Downloading from central: https://repo.maven.apache.org/maven2/org/apache/maven/maven-plugin-registry/2.0.9/maven-plugin-registry-2.0.9.pom
[282f640e-e96f-4405-b9f0-3e5944a8d0a8/build]   | [INFO] Downloaded from central: https://repo.maven.apache.org/maven2/org/apache/maven/maven-plugin-registry/2.0.9/maven-plugin-registry-2.0.9.pom (2.0 kB at 116 kB/s)
[282f640e-e96f-4405-b9f0-3e5944a8d0a8/build]   | [INFO] Downloading from central: https://repo.maven.apache.org/maven2/org/apache/maven/maven-plugin-descriptor/2.0.9/maven-plugin-descriptor-2.0.9.pom
[282f640e-e96f-4405-b9f0-3e5944a8d0a8/build]   | [INFO] Downloaded from central: https://repo.maven.apache.org/maven2/org/apache/maven/maven-plugin-descriptor/2.0.9/maven-plugin-descriptor-2.0.9.pom (2.1 kB at 148 kB/s)
[282f640e-e96f-4405-b9f0-3e5944a8d0a8/build]   | [INFO] Downloading from central: https://repo.maven.apache.org/maven2/org/apache/maven/maven-monitor/2.0.9/maven-monitor-2.0.9.pom
[282f640e-e96f-4405-b9f0-3e5944a8d0a8/build]   | [INFO] Downloaded from central: https://repo.maven.apache.org/maven2/org/apache/maven/maven-monitor/2.0.9/maven-monitor-2.0.9.pom (1.3 kB at 99 kB/s)
[282f640e-e96f-4405-b9f0-3e5944a8d0a8/build]   | [INFO] Downloading from central: https://repo.maven.apache.org/maven2/org/apache/maven/maven-toolchain/1.0/maven-toolchain-1.0.pom
[282f640e-e96f-4405-b9f0-3e5944a8d0a8/build]   | [INFO] Downloaded from central: https://repo.maven.apache.org/maven2/org/apache/maven/maven-toolchain/1.0/maven-toolchain-1.0.pom (3.4 kB at 310 kB/s)
[282f640e-e96f-4405-b9f0-3e5944a8d0a8/build]   | [INFO] Downloading from central: https://repo.maven.apache.org/maven2/org/apache/maven/shared/maven-shared-utils/0.1/maven-shared-utils-0.1.pom
[282f640e-e96f-4405-b9f0-3e5944a8d0a8/build]   | [INFO] Downloaded from central: https://repo.maven.apache.org/maven2/org/apache/maven/shared/maven-shared-utils/0.1/maven-shared-utils-0.1.pom (4.0 kB at 506 kB/s)
[282f640e-e96f-4405-b9f0-3e5944a8d0a8/build]   | [INFO] Downloading from central: https://repo.maven.apache.org/maven2/org/apache/maven/shared/maven-shared-components/18/maven-shared-components-18.pom
[282f640e-e96f-4405-b9f0-3e5944a8d0a8/build]   | [INFO] Downloaded from central: https://repo.maven.apache.org/maven2/org/apache/maven/shared/maven-shared-components/18/maven-shared-components-18.pom (4.9 kB at 159 kB/s)
[282f640e-e96f-4405-b9f0-3e5944a8d0a8/build]   | [INFO] Downloading from central: https://repo.maven.apache.org/maven2/com/google/code/findbugs/jsr305/2.0.1/jsr305-2.0.1.pom
[282f640e-e96f-4405-b9f0-3e5944a8d0a8/build]   | [INFO] Downloaded from central: https://repo.maven.apache.org/maven2/com/google/code/findbugs/jsr305/2.0.1/jsr305-2.0.1.pom (965 B at 64 kB/s)
[282f640e-e96f-4405-b9f0-3e5944a8d0a8/build]   | [INFO] Downloading from central: https://repo.maven.apache.org/maven2/org/apache/maven/shared/maven-shared-incremental/1.1/maven-shared-incremental-1.1.pom
[282f640e-e96f-4405-b9f0-3e5944a8d0a8/build]   | [INFO] Downloaded from central: https://repo.maven.apache.org/maven2/org/apache/maven/shared/maven-shared-incremental/1.1/maven-shared-incremental-1.1.pom (4.7 kB at 339 kB/s)
[282f640e-e96f-4405-b9f0-3e5944a8d0a8/build]   | [INFO] Downloading from central: https://repo.maven.apache.org/maven2/org/apache/maven/shared/maven-shared-components/19/maven-shared-components-19.pom
[282f640e-e96f-4405-b9f0-3e5944a8d0a8/build]   | [INFO] Downloaded from central: https://repo.maven.apache.org/maven2/org/apache/maven/shared/maven-shared-components/19/maven-shared-components-19.pom (6.4 kB at 795 kB/s)
[282f640e-e96f-4405-b9f0-3e5944a8d0a8/build]   | [INFO] Downloading from central: https://repo.maven.apache.org/maven2/org/apache/maven/maven-plugin-api/2.2.1/maven-plugin-api-2.2.1.pom
[282f640e-e96f-4405-b9f0-3e5944a8d0a8/build]   | [INFO] Downloaded from central: https://repo.maven.apache.org/maven2/org/apache/maven/maven-plugin-api/2.2.1/maven-plugin-api-2.2.1.pom (1.5 kB at 112 kB/s)
[282f640e-e96f-4405-b9f0-3e5944a8d0a8/build]   | [INFO] Downloading from central: https://repo.maven.apache.org/maven2/org/apache/maven/maven/2.2.1/maven-2.2.1.pom
[282f640e-e96f-4405-b9f0-3e5944a8d0a8/build]   | [INFO] Downloaded from central: https://repo.maven.apache.org/maven2/org/apache/maven/maven/2.2.1/maven-2.2.1.pom (22 kB at 1.1 MB/s)
[282f640e-e96f-4405-b9f0-3e5944a8d0a8/build]   | [INFO] Downloading from central: https://repo.maven.apache.org/maven2/org/apache/maven/maven-parent/11/maven-parent-11.pom
[282f640e-e96f-4405-b9f0-3e5944a8d0a8/build]   | [INFO] Downloaded from central: https://repo.maven.apache.org/maven2/org/apache/maven/maven-parent/11/maven-parent-11.pom (32 kB at 2.7 MB/s)
[282f640e-e96f-4405-b9f0-3e5944a8d0a8/build]   | [INFO] Downloading from central: https://repo.maven.apache.org/maven2/org/apache/apache/5/apache-5.pom
[282f640e-e96f-4405-b9f0-3e5944a8d0a8/build]   | [INFO] Downloaded from central: https://repo.maven.apache.org/maven2/org/apache/apache/5/apache-5.pom (4.1 kB at 512 kB/s)
[282f640e-e96f-4405-b9f0-3e5944a8d0a8/build]   | [INFO] Downloading from central: https://repo.maven.apache.org/maven2/org/apache/maven/maven-core/2.2.1/maven-core-2.2.1.pom
[282f640e-e96f-4405-b9f0-3e5944a8d0a8/build]   | [INFO] Downloaded from central: https://repo.maven.apache.org/maven2/org/apache/maven/maven-core/2.2.1/maven-core-2.2.1.pom (12 kB at 1.5 MB/s)
[282f640e-e96f-4405-b9f0-3e5944a8d0a8/build]   | [INFO] Downloading from central: https://repo.maven.apache.org/maven2/org/apache/maven/maven-settings/2.2.1/maven-settings-2.2.1.pom
[282f640e-e96f-4405-b9f0-3e5944a8d0a8/build]   | [INFO] Downloaded from central: https://repo.maven.apache.org/maven2/org/apache/maven/maven-settings/2.2.1/maven-settings-2.2.1.pom (2.2 kB at 218 kB/s)
[282f640e-e96f-4405-b9f0-3e5944a8d0a8/build]   | [INFO] Downloading from central: https://repo.maven.apache.org/maven2/org/apache/maven/maven-model/2.2.1/maven-model-2.2.1.pom
[282f640e-e96f-4405-b9f0-3e5944a8d0a8/build]   | [INFO] Downloaded from central: https://repo.maven.apache.org/maven2/org/apache/maven/maven-model/2.2.1/maven-model-2.2.1.pom (3.2 kB at 463 kB/s)
[282f640e-e96f-4405-b9f0-3e5944a8d0a8/build]   | [INFO] Downloading from central: https://repo.maven.apache.org/maven2/org/codehaus/plexus/plexus-interpolation/1.11/plexus-interpolation-1.11.pom
[282f640e-e96f-4405-b9f0-3e5944a8d0a8/build]   | [INFO] Downloaded from central: https://repo.maven.apache.org/maven2/org/codehaus/plexus/plexus-interpolation/1.11/plexus-interpolation-1.11.pom (889 B at 81 kB/s)
[282f640e-e96f-4405-b9f0-3e5944a8d0a8/build]   | [INFO] Downloading from central: https://repo.maven.apache.org/maven2/org/apache/maven/maven-plugin-parameter-documenter/2.2.1/maven-plugin-parameter-documenter-2.2.1.pom
[282f640e-e96f-4405-b9f0-3e5944a8d0a8/build]   | [INFO] Downloaded from central: https://repo.maven.apache.org/maven2/org/apache/maven/maven-plugin-parameter-documenter/2.2.1/maven-plugin-parameter-documenter-2.2.1.pom (2.0 kB at 196 kB/s)
[282f640e-e96f-4405-b9f0-3e5944a8d0a8/build]   | [INFO] Downloading from central: https://repo.maven.apache.org/maven2/org/slf4j/slf4j-jdk14/1.5.6/slf4j-jdk14-1.5.6.pom
[282f640e-e96f-4405-b9f0-3e5944a8d0a8/build]   | [INFO] Downloaded from central: https://repo.maven.apache.org/maven2/org/slf4j/slf4j-jdk14/1.5.6/slf4j-jdk14-1.5.6.pom (1.9 kB at 237 kB/s)
[282f640e-e96f-4405-b9f0-3e5944a8d0a8/build]   | [INFO] Downloading from central: https://repo.maven.apache.org/maven2/org/slf4j/slf4j-parent/1.5.6/slf4j-parent-1.5.6.pom
[282f640e-e96f-4405-b9f0-3e5944a8d0a8/build]   | [INFO] Downloaded from central: https://repo.maven.apache.org/maven2/org/slf4j/slf4j-parent/1.5.6/slf4j-parent-1.5.6.pom (7.9 kB at 440 kB/s)
[282f640e-e96f-4405-b9f0-3e5944a8d0a8/build]   | [INFO] Downloading from central: https://repo.maven.apache.org/maven2/org/slf4j/slf4j-api/1.5.6/slf4j-api-1.5.6.pom
[282f640e-e96f-4405-b9f0-3e5944a8d0a8/build]   | [INFO] Downloaded from central: https://repo.maven.apache.org/maven2/org/slf4j/slf4j-api/1.5.6/slf4j-api-1.5.6.pom (3.0 kB at 332 kB/s)
[282f640e-e96f-4405-b9f0-3e5944a8d0a8/build]   | [INFO] Downloading from central: https://repo.maven.apache.org/maven2/org/slf4j/jcl-over-slf4j/1.5.6/jcl-over-slf4j-1.5.6.pom
[282f640e-e96f-4405-b9f0-3e5944a8d0a8/build]   | [INFO] Downloaded from central: https://repo.maven.apache.org/maven2/org/slf4j/jcl-over-slf4j/1.5.6/jcl-over-slf4j-1.5.6.pom (2.2 kB at 241 kB/s)
[282f640e-e96f-4405-b9f0-3e5944a8d0a8/build]   | [INFO] Downloading from central: https://repo.maven.apache.org/maven2/org/apache/maven/maven-profile/2.2.1/maven-profile-2.2.1.pom
[282f640e-e96f-4405-b9f0-3e5944a8d0a8/build]   | [INFO] Downloaded from central: https://repo.maven.apache.org/maven2/org/apache/maven/maven-profile/2.2.1/maven-profile-2.2.1.pom (2.2 kB at 271 kB/s)
[282f640e-e96f-4405-b9f0-3e5944a8d0a8/build]   | [INFO] Downloading from central: https://repo.maven.apache.org/maven2/org/apache/maven/maven-artifact/2.2.1/maven-artifact-2.2.1.pom
[282f640e-e96f-4405-b9f0-3e5944a8d0a8/build]   | [INFO] Downloaded from central: https://repo.maven.apache.org/maven2/org/apache/maven/maven-artifact/2.2.1/maven-artifact-2.2.1.pom (1.6 kB at 158 kB/s)
[282f640e-e96f-4405-b9f0-3e5944a8d0a8/build]   | [INFO] Downloading from central: https://repo.maven.apache.org/maven2/org/apache/maven/maven-repository-metadata/2.2.1/maven-repository-metadata-2.2.1.pom
[282f640e-e96f-4405-b9f0-3e5944a8d0a8/build]   | [INFO] Downloaded from central: https://repo.maven.apache.org/maven2/org/apache/maven/maven-repository-metadata/2.2.1/maven-repository-metadata-2.2.1.pom (1.9 kB at 234 kB/s)
[282f640e-e96f-4405-b9f0-3e5944a8d0a8/build]   | [INFO] Downloading from central: https://repo.maven.apache.org/maven2/org/apache/maven/maven-error-diagnostics/2.2.1/maven-error-diagnostics-2.2.1.pom
[282f640e-e96f-4405-b9f0-3e5944a8d0a8/build]   | [INFO] Downloaded from central: https://repo.maven.apache.org/maven2/org/apache/maven/maven-error-diagnostics/2.2.1/maven-error-diagnostics-2.2.1.pom (1.7 kB at 285 kB/s)
[282f640e-e96f-4405-b9f0-3e5944a8d0a8/build]   | [INFO] Downloading from central: https://repo.maven.apache.org/maven2/org/apache/maven/maven-project/2.2.1/maven-project-2.2.1.pom
[282f640e-e96f-4405-b9f0-3e5944a8d0a8/build]   | [INFO] Downloaded from central: https://repo.maven.apache.org/maven2/org/apache/maven/maven-project/2.2.1/maven-project-2.2.1.pom (2.8 kB at 462 kB/s)
[282f640e-e96f-4405-b9f0-3e5944a8d0a8/build]   | [INFO] Downloading from central: https://repo.maven.apache.org/maven2/org/apache/maven/maven-artifact-manager/2.2.1/maven-artifact-manager-2.2.1.pom
[282f640e-e96f-4405-b9f0-3e5944a8d0a8/build]   | [INFO] Downloaded from central: https://repo.maven.apache.org/maven2/org/apache/maven/maven-artifact-manager/2.2.1/maven-artifact-manager-2.2.1.pom (3.1 kB at 172 kB/s)
[282f640e-e96f-4405-b9f0-3e5944a8d0a8/build]   | [INFO] Downloading from central: https://repo.maven.apache.org/maven2/backport-util-concurrent/backport-util-concurrent/3.1/backport-util-concurrent-3.1.pom
[282f640e-e96f-4405-b9f0-3e5944a8d0a8/build]   | [INFO] Downloaded from central: https://repo.maven.apache.org/maven2/backport-util-concurrent/backport-util-concurrent/3.1/backport-util-concurrent-3.1.pom (880 B at 147 kB/s)
[282f640e-e96f-4405-b9f0-3e5944a8d0a8/build]   | [INFO] Downloading from central: https://repo.maven.apache.org/maven2/org/apache/maven/maven-plugin-registry/2.2.1/maven-plugin-registry-2.2.1.pom
[282f640e-e96f-4405-b9f0-3e5944a8d0a8/build]   | [INFO] Downloaded from central: https://repo.maven.apache.org/maven2/org/apache/maven/maven-plugin-registry/2.2.1/maven-plugin-registry-2.2.1.pom (1.9 kB at 214 kB/s)
[282f640e-e96f-4405-b9f0-3e5944a8d0a8/build]   | [INFO] Downloading from central: https://repo.maven.apache.org/maven2/org/apache/maven/maven-plugin-descriptor/2.2.1/maven-plugin-descriptor-2.2.1.pom
[282f640e-e96f-4405-b9f0-3e5944a8d0a8/build]   | [INFO] Downloaded from central: https://repo.maven.apache.org/maven2/org/apache/maven/maven-plugin-descriptor/2.2.1/maven-plugin-descriptor-2.2.1.pom (2.1 kB at 295 kB/s)
[282f640e-e96f-4405-b9f0-3e5944a8d0a8/build]   | [INFO] Downloading from central: https://repo.maven.apache.org/maven2/org/apache/maven/maven-monitor/2.2.1/maven-monitor-2.2.1.pom
[282f640e-e96f-4405-b9f0-3e5944a8d0a8/build]   | [INFO] Downloaded from central: https://repo.maven.apache.org/maven2/org/apache/maven/maven-monitor/2.2.1/maven-monitor-2.2.1.pom (1.3 kB at 157 kB/s)
[282f640e-e96f-4405-b9f0-3e5944a8d0a8/build]   | [INFO] Downloading from central: https://repo.maven.apache.org/maven2/org/sonatype/plexus/plexus-sec-dispatcher/1.3/plexus-sec-dispatcher-1.3.pom
[282f640e-e96f-4405-b9f0-3e5944a8d0a8/build]   | [INFO] Downloaded from central: https://repo.maven.apache.org/maven2/org/sonatype/plexus/plexus-sec-dispatcher/1.3/plexus-sec-dispatcher-1.3.pom (3.0 kB at 494 kB/s)
[282f640e-e96f-4405-b9f0-3e5944a8d0a8/build]   | [INFO] Downloading from central: https://repo.maven.apache.org/maven2/org/sonatype/spice/spice-parent/12/spice-parent-12.pom
[282f640e-e96f-4405-b9f0-3e5944a8d0a8/build]   | [INFO] Downloaded from central: https://repo.maven.apache.org/maven2/org/sonatype/spice/spice-parent/12/spice-parent-12.pom (6.8 kB at 971 kB/s)
[282f640e-e96f-4405-b9f0-3e5944a8d0a8/build]   | [INFO] Downloading from central: https://repo.maven.apache.org/maven2/org/sonatype/forge/forge-parent/4/forge-parent-4.pom
[282f640e-e96f-4405-b9f0-3e5944a8d0a8/build]   | [INFO] Downloaded from central: https://repo.maven.apache.org/maven2/org/sonatype/forge/forge-parent/4/forge-parent-4.pom (8.4 kB at 1.2 MB/s)
[282f640e-e96f-4405-b9f0-3e5944a8d0a8/build]   | [INFO] Downloading from central: https://repo.maven.apache.org/maven2/org/codehaus/plexus/plexus-utils/1.5.5/plexus-utils-1.5.5.pom
[282f640e-e96f-4405-b9f0-3e5944a8d0a8/build]   | [INFO] Downloaded from central: https://repo.maven.apache.org/maven2/org/codehaus/plexus/plexus-utils/1.5.5/plexus-utils-1.5.5.pom (5.1 kB at 322 kB/s)
[282f640e-e96f-4405-b9f0-3e5944a8d0a8/build]   | [INFO] Downloading from central: https://repo.maven.apache.org/maven2/org/sonatype/plexus/plexus-cipher/1.4/plexus-cipher-1.4.pom
[282f640e-e96f-4405-b9f0-3e5944a8d0a8/build]   | [INFO] Downloaded from central: https://repo.maven.apache.org/maven2/org/sonatype/plexus/plexus-cipher/1.4/plexus-cipher-1.4.pom (2.1 kB at 129 kB/s)
[282f640e-e96f-4405-b9f0-3e5944a8d0a8/build]   | [INFO] Downloading from central: https://repo.maven.apache.org/maven2/org/codehaus/plexus/plexus-component-annotations/1.5.5/plexus-component-annotations-1.5.5.pom
[282f640e-e96f-4405-b9f0-3e5944a8d0a8/build]   | [INFO] Downloaded from central: https://repo.maven.apache.org/maven2/org/codehaus/plexus/plexus-component-annotations/1.5.5/plexus-component-annotations-1.5.5.pom (815 B at 91 kB/s)
[282f640e-e96f-4405-b9f0-3e5944a8d0a8/build]   | [INFO] Downloading from central: https://repo.maven.apache.org/maven2/org/codehaus/plexus/plexus-containers/1.5.5/plexus-containers-1.5.5.pom
[282f640e-e96f-4405-b9f0-3e5944a8d0a8/build]   | [INFO] Downloaded from central: https://repo.maven.apache.org/maven2/org/codehaus/plexus/plexus-containers/1.5.5/plexus-containers-1.5.5.pom (4.2 kB at 530 kB/s)
[282f640e-e96f-4405-b9f0-3e5944a8d0a8/build]   | [INFO] Downloading from central: https://repo.maven.apache.org/maven2/org/codehaus/plexus/plexus/2.0.7/plexus-2.0.7.pom
[282f640e-e96f-4405-b9f0-3e5944a8d0a8/build]   | [INFO] Downloaded from central: https://repo.maven.apache.org/maven2/org/codehaus/plexus/plexus/2.0.7/plexus-2.0.7.pom (17 kB at 1.7 MB/s)
[282f640e-e96f-4405-b9f0-3e5944a8d0a8/build]   | [INFO] Downloading from central: https://repo.maven.apache.org/maven2/org/codehaus/plexus/plexus-compiler-api/2.2/plexus-compiler-api-2.2.pom
[282f640e-e96f-4405-b9f0-3e5944a8d0a8/build]   | [INFO] Downloaded from central: https://repo.maven.apache.org/maven2/org/codehaus/plexus/plexus-compiler-api/2.2/plexus-compiler-api-2.2.pom (865 B at 124 kB/s)
[282f640e-e96f-4405-b9f0-3e5944a8d0a8/build]   | [INFO] Downloading from central: https://repo.maven.apache.org/maven2/org/codehaus/plexus/plexus-compiler/2.2/plexus-compiler-2.2.pom
[282f640e-e96f-4405-b9f0-3e5944a8d0a8/build]   | [INFO] Downloaded from central: https://repo.maven.apache.org/maven2/org/codehaus/plexus/plexus-compiler/2.2/plexus-compiler-2.2.pom (3.6 kB at 329 kB/s)
[282f640e-e96f-4405-b9f0-3e5944a8d0a8/build]   | [INFO] Downloading from central: https://repo.maven.apache.org/maven2/org/codehaus/plexus/plexus-components/1.3.1/plexus-components-1.3.1.pom
[282f640e-e96f-4405-b9f0-3e5944a8d0a8/build]   | [INFO] Downloaded from central: https://repo.maven.apache.org/maven2/org/codehaus/plexus/plexus-components/1.3.1/plexus-components-1.3.1.pom (3.1 kB at 340 kB/s)
[282f640e-e96f-4405-b9f0-3e5944a8d0a8/build]   | [INFO] Downloading from central: https://repo.maven.apache.org/maven2/org/codehaus/plexus/plexus/3.3.1/plexus-3.3.1.pom
[282f640e-e96f-4405-b9f0-3e5944a8d0a8/build]   | [INFO] Downloaded from central: https://repo.maven.apache.org/maven2/org/codehaus/plexus/plexus/3.3.1/plexus-3.3.1.pom (20 kB at 2.9 MB/s)
[282f640e-e96f-4405-b9f0-3e5944a8d0a8/build]   | [INFO] Downloading from central: https://repo.maven.apache.org/maven2/org/sonatype/spice/spice-parent/17/spice-parent-17.pom
[282f640e-e96f-4405-b9f0-3e5944a8d0a8/build]   | [INFO] Downloaded from central: https://repo.maven.apache.org/maven2/org/sonatype/spice/spice-parent/17/spice-parent-17.pom (6.8 kB at 451 kB/s)
[282f640e-e96f-4405-b9f0-3e5944a8d0a8/build]   | [INFO] Downloading from central: https://repo.maven.apache.org/maven2/org/sonatype/forge/forge-parent/10/forge-parent-10.pom
[282f640e-e96f-4405-b9f0-3e5944a8d0a8/build]   | [INFO] Downloaded from central: https://repo.maven.apache.org/maven2/org/sonatype/forge/forge-parent/10/forge-parent-10.pom (14 kB at 1.1 MB/s)
[282f640e-e96f-4405-b9f0-3e5944a8d0a8/build]   | [INFO] Downloading from central: https://repo.maven.apache.org/maven2/org/codehaus/plexus/plexus-utils/3.0.8/plexus-utils-3.0.8.pom
[282f640e-e96f-4405-b9f0-3e5944a8d0a8/build]   | [INFO] Downloaded from central: https://repo.maven.apache.org/maven2/org/codehaus/plexus/plexus-utils/3.0.8/plexus-utils-3.0.8.pom (3.1 kB at 242 kB/s)
[282f640e-e96f-4405-b9f0-3e5944a8d0a8/build]   | [INFO] Downloading from central: https://repo.maven.apache.org/maven2/org/codehaus/plexus/plexus/3.2/plexus-3.2.pom
[282f640e-e96f-4405-b9f0-3e5944a8d0a8/build]   | [INFO] Downloaded from central: https://repo.maven.apache.org/maven2/org/codehaus/plexus/plexus/3.2/plexus-3.2.pom (19 kB at 1.4 MB/s)
[282f640e-e96f-4405-b9f0-3e5944a8d0a8/build]   | [INFO] Downloading from central: https://repo.maven.apache.org/maven2/org/codehaus/plexus/plexus-compiler-manager/2.2/plexus-compiler-manager-2.2.pom
[282f640e-e96f-4405-b9f0-3e5944a8d0a8/build]   | [INFO] Downloaded from central: https://repo.maven.apache.org/maven2/org/codehaus/plexus/plexus-compiler-manager/2.2/plexus-compiler-manager-2.2.pom (690 B at 58 kB/s)
[282f640e-e96f-4405-b9f0-3e5944a8d0a8/build]   | [INFO] Downloading from central: https://repo.maven.apache.org/maven2/org/codehaus/plexus/plexus-compiler-javac/2.2/plexus-compiler-javac-2.2.pom
[282f640e-e96f-4405-b9f0-3e5944a8d0a8/build]   | [INFO] Downloaded from central: https://repo.maven.apache.org/maven2/org/codehaus/plexus/plexus-compiler-javac/2.2/plexus-compiler-javac-2.2.pom (769 B at 110 kB/s)
[282f640e-e96f-4405-b9f0-3e5944a8d0a8/build]   | [INFO] Downloading from central: https://repo.maven.apache.org/maven2/org/codehaus/plexus/plexus-compilers/2.2/plexus-compilers-2.2.pom
[282f640e-e96f-4405-b9f0-3e5944a8d0a8/build]   | [INFO] Downloaded from central: https://repo.maven.apache.org/maven2/org/codehaus/plexus/plexus-compilers/2.2/plexus-compilers-2.2.pom (1.2 kB at 138 kB/s)
[282f640e-e96f-4405-b9f0-3e5944a8d0a8/build]   | [INFO] Downloading from central: https://repo.maven.apache.org/maven2/org/codehaus/plexus/plexus-container-default/1.5.5/plexus-container-default-1.5.5.pom
[282f640e-e96f-4405-b9f0-3e5944a8d0a8/build]   | [INFO] Downloaded from central: https://repo.maven.apache.org/maven2/org/codehaus/plexus/plexus-container-default/1.5.5/plexus-container-default-1.5.5.pom (2.8 kB at 394 kB/s)
[282f640e-e96f-4405-b9f0-3e5944a8d0a8/build]   | [INFO] Downloading from central: https://repo.maven.apache.org/maven2/org/codehaus/plexus/plexus-utils/1.4.5/plexus-utils-1.4.5.pom
[282f640e-e96f-4405-b9f0-3e5944a8d0a8/build]   | [INFO] Downloaded from central: https://repo.maven.apache.org/maven2/org/codehaus/plexus/plexus-utils/1.4.5/plexus-utils-1.4.5.pom (2.3 kB at 283 kB/s)
[282f640e-e96f-4405-b9f0-3e5944a8d0a8/build]   | [INFO] Downloading from central: https://repo.maven.apache.org/maven2/org/codehaus/plexus/plexus-classworlds/2.2.2/plexus-classworlds-2.2.2.pom
[282f640e-e96f-4405-b9f0-3e5944a8d0a8/build]   | [INFO] Downloaded from central: https://repo.maven.apache.org/maven2/org/codehaus/plexus/plexus-classworlds/2.2.2/plexus-classworlds-2.2.2.pom (4.0 kB at 448 kB/s)
[282f640e-e96f-4405-b9f0-3e5944a8d0a8/build]   | [INFO] Downloading from central: https://repo.maven.apache.org/maven2/org/apache/xbean/xbean-reflect/3.4/xbean-reflect-3.4.pom
[282f640e-e96f-4405-b9f0-3e5944a8d0a8/build]   | [INFO] Downloaded from central: https://repo.maven.apache.org/maven2/org/apache/xbean/xbean-reflect/3.4/xbean-reflect-3.4.pom (2.8 kB at 351 kB/s)
[282f640e-e96f-4405-b9f0-3e5944a8d0a8/build]   | [INFO] Downloading from central: https://repo.maven.apache.org/maven2/org/apache/xbean/xbean/3.4/xbean-3.4.pom
[282f640e-e96f-4405-b9f0-3e5944a8d0a8/build]   | [INFO] Downloaded from central: https://repo.maven.apache.org/maven2/org/apache/xbean/xbean/3.4/xbean-3.4.pom (19 kB at 1.3 MB/s)
[282f640e-e96f-4405-b9f0-3e5944a8d0a8/build]   | [INFO] Downloading from central: https://repo.maven.apache.org/maven2/log4j/log4j/1.2.12/log4j-1.2.12.pom
[282f640e-e96f-4405-b9f0-3e5944a8d0a8/build]   | [INFO] Downloaded from central: https://repo.maven.apache.org/maven2/log4j/log4j/1.2.12/log4j-1.2.12.pom (145 B at 18 kB/s)
[282f640e-e96f-4405-b9f0-3e5944a8d0a8/build]   | [INFO] Downloading from central: https://repo.maven.apache.org/maven2/commons-logging/commons-logging-api/1.1/commons-logging-api-1.1.pom
[282f640e-e96f-4405-b9f0-3e5944a8d0a8/build]   | [INFO] Downloaded from central: https://repo.maven.apache.org/maven2/commons-logging/commons-logging-api/1.1/commons-logging-api-1.1.pom (5.3 kB at 267 kB/s)
[282f640e-e96f-4405-b9f0-3e5944a8d0a8/build]   | [INFO] Downloading from central: https://repo.maven.apache.org/maven2/com/google/collections/google-collections/1.0/google-collections-1.0.pom
[282f640e-e96f-4405-b9f0-3e5944a8d0a8/build]   | [INFO] Downloaded from central: https://repo.maven.apache.org/maven2/com/google/collections/google-collections/1.0/google-collections-1.0.pom (2.5 kB at 155 kB/s)
[282f640e-e96f-4405-b9f0-3e5944a8d0a8/build]   | [INFO] Downloading from central: https://repo.maven.apache.org/maven2/com/google/google/1/google-1.pom
[282f640e-e96f-4405-b9f0-3e5944a8d0a8/build]   | [INFO] Downloaded from central: https://repo.maven.apache.org/maven2/com/google/google/1/google-1.pom (1.6 kB at 141 kB/s)
[282f640e-e96f-4405-b9f0-3e5944a8d0a8/build]   | [INFO] Downloading from central: https://repo.maven.apache.org/maven2/junit/junit/3.8.2/junit-3.8.2.pom
[282f640e-e96f-4405-b9f0-3e5944a8d0a8/build]   | [INFO] Downloaded from central: https://repo.maven.apache.org/maven2/junit/junit/3.8.2/junit-3.8.2.pom (747 B at 75 kB/s)
[282f640e-e96f-4405-b9f0-3e5944a8d0a8/build]   | [INFO] Downloading from central: https://repo.maven.apache.org/maven2/org/apache/maven/maven-plugin-api/2.0.9/maven-plugin-api-2.0.9.jar
[282f640e-e96f-4405-b9f0-3e5944a8d0a8/build]   | [INFO] Downloading from central: https://repo.maven.apache.org/maven2/org/apache/maven/maven-artifact/2.0.9/maven-artifact-2.0.9.jar
[282f640e-e96f-4405-b9f0-3e5944a8d0a8/build]   | [INFO] Downloading from central: https://repo.maven.apache.org/maven2/org/codehaus/plexus/plexus-utils/1.5.1/plexus-utils-1.5.1.jar
[282f640e-e96f-4405-b9f0-3e5944a8d0a8/build]   | [INFO] Downloading from central: https://repo.maven.apache.org/maven2/org/apache/maven/maven-core/2.0.9/maven-core-2.0.9.jar
[282f640e-e96f-4405-b9f0-3e5944a8d0a8/build]   | [INFO] Downloaded from central: https://repo.maven.apache.org/maven2/org/apache/maven/maven-plugin-api/2.0.9/maven-plugin-api-2.0.9.jar (13 kB at 253 kB/s)
[282f640e-e96f-4405-b9f0-3e5944a8d0a8/build]   | [INFO] Downloading from central: https://repo.maven.apache.org/maven2/org/apache/maven/maven-plugin-parameter-documenter/2.0.9/maven-plugin-parameter-documenter-2.0.9.jar
[282f640e-e96f-4405-b9f0-3e5944a8d0a8/build]   | [INFO] Downloading from central: https://repo.maven.apache.org/maven2/org/apache/maven/maven-settings/2.0.9/maven-settings-2.0.9.jar
[282f640e-e96f-4405-b9f0-3e5944a8d0a8/build]   | [INFO] Downloaded from central: https://repo.maven.apache.org/maven2/org/apache/maven/maven-artifact/2.0.9/maven-artifact-2.0.9.jar (89 kB at 1.5 MB/s)
[282f640e-e96f-4405-b9f0-3e5944a8d0a8/build]   | [INFO] Downloading from central: https://repo.maven.apache.org/maven2/org/apache/maven/maven-profile/2.0.9/maven-profile-2.0.9.jar
[282f640e-e96f-4405-b9f0-3e5944a8d0a8/build]   | [INFO] Downloaded from central: https://repo.maven.apache.org/maven2/org/apache/maven/maven-plugin-parameter-documenter/2.0.9/maven-plugin-parameter-documenter-2.0.9.jar (21 kB at 354 kB/s)
[282f640e-e96f-4405-b9f0-3e5944a8d0a8/build]   | [INFO] Downloading from central: https://repo.maven.apache.org/maven2/org/apache/maven/maven-model/2.0.9/maven-model-2.0.9.jar
[282f640e-e96f-4405-b9f0-3e5944a8d0a8/build]   | [INFO] Downloaded from central: https://repo.maven.apache.org/maven2/org/apache/maven/maven-model/2.0.9/maven-model-2.0.9.jar (87 kB at 2.6 MB/s)
[282f640e-e96f-4405-b9f0-3e5944a8d0a8/build]   | [INFO] Downloading from central: https://repo.maven.apache.org/maven2/org/apache/maven/maven-repository-metadata/2.0.9/maven-repository-metadata-2.0.9.jar
[282f640e-e96f-4405-b9f0-3e5944a8d0a8/build]   | [INFO] Downloaded from central: https://repo.maven.apache.org/maven2/org/apache/maven/maven-profile/2.0.9/maven-profile-2.0.9.jar (35 kB at 1.1 MB/s)
[282f640e-e96f-4405-b9f0-3e5944a8d0a8/build]   | [INFO] Downloading from central: https://repo.maven.apache.org/maven2/org/apache/maven/maven-error-diagnostics/2.0.9/maven-error-diagnostics-2.0.9.jar
[282f640e-e96f-4405-b9f0-3e5944a8d0a8/build]   | [INFO] Downloaded from central: https://repo.maven.apache.org/maven2/org/codehaus/plexus/plexus-utils/1.5.1/plexus-utils-1.5.1.jar (211 kB at 2.1 MB/s)
[282f640e-e96f-4405-b9f0-3e5944a8d0a8/build]   | [INFO] Downloading from central: https://repo.maven.apache.org/maven2/org/apache/maven/maven-project/2.0.9/maven-project-2.0.9.jar
[282f640e-e96f-4405-b9f0-3e5944a8d0a8/build]   | [INFO] Downloaded from central: https://repo.maven.apache.org/maven2/org/apache/maven/maven-core/2.0.9/maven-core-2.0.9.jar (160 kB at 1.5 MB/s)
[282f640e-e96f-4405-b9f0-3e5944a8d0a8/build]   | [INFO] Downloading from central: https://repo.maven.apache.org/maven2/org/apache/maven/maven-plugin-registry/2.0.9/maven-plugin-registry-2.0.9.jar
[282f640e-e96f-4405-b9f0-3e5944a8d0a8/build]   | [INFO] Downloaded from central: https://repo.maven.apache.org/maven2/org/apache/maven/maven-error-diagnostics/2.0.9/maven-error-diagnostics-2.0.9.jar (14 kB at 242 kB/s)
[282f640e-e96f-4405-b9f0-3e5944a8d0a8/build]   | [INFO] Downloading from central: https://repo.maven.apache.org/maven2/org/apache/maven/maven-plugin-descriptor/2.0.9/maven-plugin-descriptor-2.0.9.jar
[282f640e-e96f-4405-b9f0-3e5944a8d0a8/build]   | [INFO] Downloaded from central: https://repo.maven.apache.org/maven2/org/apache/maven/maven-settings/2.0.9/maven-settings-2.0.9.jar (49 kB at 468 kB/s)
[282f640e-e96f-4405-b9f0-3e5944a8d0a8/build]   | [INFO] Downloading from central: https://repo.maven.apache.org/maven2/org/apache/maven/maven-artifact-manager/2.0.9/maven-artifact-manager-2.0.9.jar
[282f640e-e96f-4405-b9f0-3e5944a8d0a8/build]   | [INFO] Downloaded from central: https://repo.maven.apache.org/maven2/org/apache/maven/maven-repository-metadata/2.0.9/maven-repository-metadata-2.0.9.jar (25 kB at 390 kB/s)
[282f640e-e96f-4405-b9f0-3e5944a8d0a8/build]   | [INFO] Downloading from central: https://repo.maven.apache.org/maven2/org/apache/maven/maven-monitor/2.0.9/maven-monitor-2.0.9.jar
[282f640e-e96f-4405-b9f0-3e5944a8d0a8/build]   | [INFO] Downloaded from central: https://repo.maven.apache.org/maven2/org/apache/maven/maven-project/2.0.9/maven-project-2.0.9.jar (122 kB at 1.8 MB/s)
[282f640e-e96f-4405-b9f0-3e5944a8d0a8/build]   | [INFO] Downloading from central: https://repo.maven.apache.org/maven2/org/apache/maven/maven-toolchain/1.0/maven-toolchain-1.0.jar
[282f640e-e96f-4405-b9f0-3e5944a8d0a8/build]   | [INFO] Downloaded from central: https://repo.maven.apache.org/maven2/org/apache/maven/maven-plugin-descriptor/2.0.9/maven-plugin-descriptor-2.0.9.jar (37 kB at 481 kB/s)
[282f640e-e96f-4405-b9f0-3e5944a8d0a8/build]   | [INFO] Downloading from central: https://repo.maven.apache.org/maven2/org/apache/maven/shared/maven-shared-utils/0.1/maven-shared-utils-0.1.jar
[282f640e-e96f-4405-b9f0-3e5944a8d0a8/build]   | [INFO] Downloaded from central: https://repo.maven.apache.org/maven2/org/apache/maven/maven-plugin-registry/2.0.9/maven-plugin-registry-2.0.9.jar (29 kB at 330 kB/s)
[282f640e-e96f-4405-b9f0-3e5944a8d0a8/build]   | [INFO] Downloading from central: https://repo.maven.apache.org/maven2/com/google/code/findbugs/jsr305/2.0.1/jsr305-2.0.1.jar
[282f640e-e96f-4405-b9f0-3e5944a8d0a8/build]   | [INFO] Downloaded from central: https://repo.maven.apache.org/maven2/org/apache/maven/shared/maven-shared-utils/0.1/maven-shared-utils-0.1.jar (155 kB at 1.9 MB/s)
[282f640e-e96f-4405-b9f0-3e5944a8d0a8/build]   | [INFO] Downloading from central: https://repo.maven.apache.org/maven2/org/apache/maven/shared/maven-shared-incremental/1.1/maven-shared-incremental-1.1.jar
[282f640e-e96f-4405-b9f0-3e5944a8d0a8/build]   | [INFO] Downloaded from central: https://repo.maven.apache.org/maven2/org/apache/maven/maven-artifact-manager/2.0.9/maven-artifact-manager-2.0.9.jar (58 kB at 657 kB/s)
[282f640e-e96f-4405-b9f0-3e5944a8d0a8/build]   | [INFO] Downloading from central: https://repo.maven.apache.org/maven2/org/codehaus/plexus/plexus-component-annotations/1.5.5/plexus-component-annotations-1.5.5.jar
[282f640e-e96f-4405-b9f0-3e5944a8d0a8/build]   | [INFO] Downloaded from central: https://repo.maven.apache.org/maven2/org/apache/maven/maven-monitor/2.0.9/maven-monitor-2.0.9.jar (10 kB at 104 kB/s)
[282f640e-e96f-4405-b9f0-3e5944a8d0a8/build]   | [INFO] Downloading from central: https://repo.maven.apache.org/maven2/org/codehaus/plexus/plexus-compiler-api/2.2/plexus-compiler-api-2.2.jar
[282f640e-e96f-4405-b9f0-3e5944a8d0a8/build]   | [INFO] Downloaded from central: https://repo.maven.apache.org/maven2/com/google/code/findbugs/jsr305/2.0.1/jsr305-2.0.1.jar (32 kB at 339 kB/s)
[282f640e-e96f-4405-b9f0-3e5944a8d0a8/build]   | [INFO] Downloading from central: https://repo.maven.apache.org/maven2/org/codehaus/plexus/plexus-compiler-manager/2.2/plexus-compiler-manager-2.2.jar
[282f640e-e96f-4405-b9f0-3e5944a8d0a8/build]   | [INFO] Downloaded from central: https://repo.maven.apache.org/maven2/org/apache/maven/maven-toolchain/1.0/maven-toolchain-1.0.jar (33 kB at 366 kB/s)
[282f640e-e96f-4405-b9f0-3e5944a8d0a8/build]   | [INFO] Downloaded from central: https://repo.maven.apache.org/maven2/org/apache/maven/shared/maven-shared-incremental/1.1/maven-shared-incremental-1.1.jar (14 kB at 152 kB/s)
[282f640e-e96f-4405-b9f0-3e5944a8d0a8/build]   | [INFO] Downloading from central: https://repo.maven.apache.org/maven2/org/codehaus/plexus/plexus-compiler-javac/2.2/plexus-compiler-javac-2.2.jar
[282f640e-e96f-4405-b9f0-3e5944a8d0a8/build]   | [INFO] Downloading from central: https://repo.maven.apache.org/maven2/org/codehaus/plexus/plexus-container-default/1.5.5/plexus-container-default-1.5.5.jar
[282f640e-e96f-4405-b9f0-3e5944a8d0a8/build]   | [INFO] Downloaded from central: https://repo.maven.apache.org/maven2/org/codehaus/plexus/plexus-compiler-manager/2.2/plexus-compiler-manager-2.2.jar (4.6 kB at 41 kB/s)
[282f640e-e96f-4405-b9f0-3e5944a8d0a8/build]   | [INFO] Downloading from central: https://repo.maven.apache.org/maven2/org/codehaus/plexus/plexus-classworlds/2.2.2/plexus-classworlds-2.2.2.jar
[282f640e-e96f-4405-b9f0-3e5944a8d0a8/build]   | [INFO] Downloaded from central: https://repo.maven.apache.org/maven2/org/codehaus/plexus/plexus-compiler-api/2.2/plexus-compiler-api-2.2.jar (25 kB at 223 kB/s)
[282f640e-e96f-4405-b9f0-3e5944a8d0a8/build]   | [INFO] Downloading from central: https://repo.maven.apache.org/maven2/org/apache/xbean/xbean-reflect/3.4/xbean-reflect-3.4.jar
[282f640e-e96f-4405-b9f0-3e5944a8d0a8/build]   | [INFO] Downloaded from central: https://repo.maven.apache.org/maven2/org/codehaus/plexus/plexus-component-annotations/1.5.5/plexus-component-annotations-1.5.5.jar (4.2 kB at 38 kB/s)
[282f640e-e96f-4405-b9f0-3e5944a8d0a8/build]   | [INFO] Downloading from central: https://repo.maven.apache.org/maven2/log4j/log4j/1.2.12/log4j-1.2.12.jar
[282f640e-e96f-4405-b9f0-3e5944a8d0a8/build]   | [INFO] Downloaded from central: https://repo.maven.apache.org/maven2/org/codehaus/plexus/plexus-compiler-javac/2.2/plexus-compiler-javac-2.2.jar (19 kB at 158 kB/s)
[282f640e-e96f-4405-b9f0-3e5944a8d0a8/build]   | [INFO] Downloading from central: https://repo.maven.apache.org/maven2/commons-logging/commons-logging-api/1.1/commons-logging-api-1.1.jar
[282f640e-e96f-4405-b9f0-3e5944a8d0a8/build]   | [INFO] Downloaded from central: https://repo.maven.apache.org/maven2/org/codehaus/plexus/plexus-container-default/1.5.5/plexus-container-default-1.5.5.jar (217 kB at 1.8 MB/s)
[282f640e-e96f-4405-b9f0-3e5944a8d0a8/build]   | [INFO] Downloading from central: https://repo.maven.apache.org/maven2/com/google/collections/google-collections/1.0/google-collections-1.0.jar
[282f640e-e96f-4405-b9f0-3e5944a8d0a8/build]   | [INFO] Downloaded from central: https://repo.maven.apache.org/maven2/org/codehaus/plexus/plexus-classworlds/2.2.2/plexus-classworlds-2.2.2.jar (46 kB at 352 kB/s)
[282f640e-e96f-4405-b9f0-3e5944a8d0a8/build]   | [INFO] Downloading from central: https://repo.maven.apache.org/maven2/junit/junit/3.8.2/junit-3.8.2.jar
[282f640e-e96f-4405-b9f0-3e5944a8d0a8/build]   | [INFO] Downloaded from central: https://repo.maven.apache.org/maven2/commons-logging/commons-logging-api/1.1/commons-logging-api-1.1.jar (45 kB at 343 kB/s)
[282f640e-e96f-4405-b9f0-3e5944a8d0a8/build]   | [INFO] Downloaded from central: https://repo.maven.apache.org/maven2/org/apache/xbean/xbean-reflect/3.4/xbean-reflect-3.4.jar (134 kB at 1.0 MB/s)
[282f640e-e96f-4405-b9f0-3e5944a8d0a8/build]   | [INFO] Downloaded from central: https://repo.maven.apache.org/maven2/log4j/log4j/1.2.12/log4j-1.2.12.jar (358 kB at 2.7 MB/s)
[282f640e-e96f-4405-b9f0-3e5944a8d0a8/build]   | [INFO] Downloaded from central: https://repo.maven.apache.org/maven2/junit/junit/3.8.2/junit-3.8.2.jar (121 kB at 815 kB/s)
[282f640e-e96f-4405-b9f0-3e5944a8d0a8/build]   | [INFO] Downloaded from central: https://repo.maven.apache.org/maven2/com/google/collections/google-collections/1.0/google-collections-1.0.jar (640 kB at 4.3 MB/s)
[282f640e-e96f-4405-b9f0-3e5944a8d0a8/build]   | [INFO] Changes detected - recompiling the module!
[282f640e-e96f-4405-b9f0-3e5944a8d0a8/build]   | [INFO] Compiling 79 source files to /tmp/0a72ed6f-db53-4878-ba22-51eb0e28a4f7/target/classes
[282f640e-e96f-4405-b9f0-3e5944a8d0a8/build]   | [INFO] 
[282f640e-e96f-4405-b9f0-3e5944a8d0a8/build]   | [INFO] --- maven-resources-plugin:2.6:testResources (default-testResources) @ jwarc ---
[282f640e-e96f-4405-b9f0-3e5944a8d0a8/build]   | [INFO] Using 'UTF-8' encoding to copy filtered resources.
[282f640e-e96f-4405-b9f0-3e5944a8d0a8/build]   | [INFO] Copying 2 resources
[282f640e-e96f-4405-b9f0-3e5944a8d0a8/build]   | [INFO] 
[282f640e-e96f-4405-b9f0-3e5944a8d0a8/build]   | [INFO] --- maven-compiler-plugin:3.1:testCompile (default-testCompile) @ jwarc ---
[282f640e-e96f-4405-b9f0-3e5944a8d0a8/build]   | [INFO] Changes detected - recompiling the module!
[282f640e-e96f-4405-b9f0-3e5944a8d0a8/build]   | [INFO] Compiling 31 source files to /tmp/0a72ed6f-db53-4878-ba22-51eb0e28a4f7/target/test-classes
[282f640e-e96f-4405-b9f0-3e5944a8d0a8/build]   | [INFO] 
[282f640e-e96f-4405-b9f0-3e5944a8d0a8/build]   | [INFO] --- maven-surefire-plugin:2.12.4:test (default-test) @ jwarc ---
[282f640e-e96f-4405-b9f0-3e5944a8d0a8/build]   | [INFO] Downloading from central: https://repo.maven.apache.org/maven2/org/apache/maven/surefire/surefire-booter/2.12.4/surefire-booter-2.12.4.pom
[282f640e-e96f-4405-b9f0-3e5944a8d0a8/build]   | [INFO] Downloaded from central: https://repo.maven.apache.org/maven2/org/apache/maven/surefire/surefire-booter/2.12.4/surefire-booter-2.12.4.pom (3.0 kB at 202 kB/s)
[282f640e-e96f-4405-b9f0-3e5944a8d0a8/build]   | [INFO] Downloading from central: https://repo.maven.apache.org/maven2/org/apache/maven/surefire/surefire-api/2.12.4/surefire-api-2.12.4.pom
[282f640e-e96f-4405-b9f0-3e5944a8d0a8/build]   | [INFO] Downloaded from central: https://repo.maven.apache.org/maven2/org/apache/maven/surefire/surefire-api/2.12.4/surefire-api-2.12.4.pom (2.5 kB at 96 kB/s)
[282f640e-e96f-4405-b9f0-3e5944a8d0a8/build]   | [INFO] Downloading from central: https://repo.maven.apache.org/maven2/org/apache/maven/surefire/maven-surefire-common/2.12.4/maven-surefire-common-2.12.4.pom
[282f640e-e96f-4405-b9f0-3e5944a8d0a8/build]   | [INFO] Downloaded from central: https://repo.maven.apache.org/maven2/org/apache/maven/surefire/maven-surefire-common/2.12.4/maven-surefire-common-2.12.4.pom (5.5 kB at 503 kB/s)
[282f640e-e96f-4405-b9f0-3e5944a8d0a8/build]   | [INFO] Downloading from central: https://repo.maven.apache.org/maven2/org/apache/maven/plugin-tools/maven-plugin-annotations/3.1/maven-plugin-annotations-3.1.pom
[282f640e-e96f-4405-b9f0-3e5944a8d0a8/build]   | [INFO] Downloaded from central: https://repo.maven.apache.org/maven2/org/apache/maven/plugin-tools/maven-plugin-annotations/3.1/maven-plugin-annotations-3.1.pom (1.6 kB at 135 kB/s)
[282f640e-e96f-4405-b9f0-3e5944a8d0a8/build]   | [INFO] Downloading from central: https://repo.maven.apache.org/maven2/org/apache/maven/plugin-tools/maven-plugin-tools/3.1/maven-plugin-tools-3.1.pom
[282f640e-e96f-4405-b9f0-3e5944a8d0a8/build]   | [INFO] Downloaded from central: https://repo.maven.apache.org/maven2/org/apache/maven/plugin-tools/maven-plugin-tools/3.1/maven-plugin-tools-3.1.pom (16 kB at 558 kB/s)
[282f640e-e96f-4405-b9f0-3e5944a8d0a8/build]   | [INFO] Downloading from central: https://repo.maven.apache.org/maven2/org/apache/maven/reporting/maven-reporting-api/2.0.9/maven-reporting-api-2.0.9.pom
[282f640e-e96f-4405-b9f0-3e5944a8d0a8/build]   | [INFO] Downloaded from central: https://repo.maven.apache.org/maven2/org/apache/maven/reporting/maven-reporting-api/2.0.9/maven-reporting-api-2.0.9.pom (1.8 kB at 150 kB/s)
[282f640e-e96f-4405-b9f0-3e5944a8d0a8/build]   | [INFO] Downloading from central: https://repo.maven.apache.org/maven2/org/apache/maven/reporting/maven-reporting/2.0.9/maven-reporting-2.0.9.pom
[282f640e-e96f-4405-b9f0-3e5944a8d0a8/build]   | [INFO] Downloaded from central: https://repo.maven.apache.org/maven2/org/apache/maven/reporting/maven-reporting/2.0.9/maven-reporting-2.0.9.pom (1.5 kB at 184 kB/s)
[282f640e-e96f-4405-b9f0-3e5944a8d0a8/build]   | [INFO] Downloading from central: https://repo.maven.apache.org/maven2/org/apache/maven/maven-toolchain/2.0.9/maven-toolchain-2.0.9.pom
[282f640e-e96f-4405-b9f0-3e5944a8d0a8/build]   | [INFO] Downloaded from central: https://repo.maven.apache.org/maven2/org/apache/maven/maven-toolchain/2.0.9/maven-toolchain-2.0.9.pom (3.5 kB at 348 kB/s)
[282f640e-e96f-4405-b9f0-3e5944a8d0a8/build]   | [INFO] Downloading from central: https://repo.maven.apache.org/maven2/org/apache/commons/commons-lang3/3.1/commons-lang3-3.1.pom
[282f640e-e96f-4405-b9f0-3e5944a8d0a8/build]   | [INFO] Downloaded from central: https://repo.maven.apache.org/maven2/org/apache/commons/commons-lang3/3.1/commons-lang3-3.1.pom (17 kB at 983 kB/s)
[282f640e-e96f-4405-b9f0-3e5944a8d0a8/build]   | [INFO] Downloading from central: https://repo.maven.apache.org/maven2/org/apache/commons/commons-parent/22/commons-parent-22.pom
[282f640e-e96f-4405-b9f0-3e5944a8d0a8/build]   | [INFO] Downloaded from central: https://repo.maven.apache.org/maven2/org/apache/commons/commons-parent/22/commons-parent-22.pom (42 kB at 4.7 MB/s)
[282f640e-e96f-4405-b9f0-3e5944a8d0a8/build]   | [INFO] Downloading from central: https://repo.maven.apache.org/maven2/org/apache/apache/9/apache-9.pom
[282f640e-e96f-4405-b9f0-3e5944a8d0a8/build]   | [INFO] Downloaded from central: https://repo.maven.apache.org/maven2/org/apache/apache/9/apache-9.pom (15 kB at 1.9 MB/s)
[282f640e-e96f-4405-b9f0-3e5944a8d0a8/build]   | [INFO] Downloading from central: https://repo.maven.apache.org/maven2/org/apache/maven/shared/maven-common-artifact-filters/1.3/maven-common-artifact-filters-1.3.pom
[282f640e-e96f-4405-b9f0-3e5944a8d0a8/build]   | [INFO] Downloaded from central: https://repo.maven.apache.org/maven2/org/apache/maven/shared/maven-common-artifact-filters/1.3/maven-common-artifact-filters-1.3.pom (3.7 kB at 264 kB/s)
[282f640e-e96f-4405-b9f0-3e5944a8d0a8/build]   | [INFO] Downloading from central: https://repo.maven.apache.org/maven2/org/apache/maven/shared/maven-shared-components/12/maven-shared-components-12.pom
[282f640e-e96f-4405-b9f0-3e5944a8d0a8/build]   | [INFO] Downloaded from central: https://repo.maven.apache.org/maven2/org/apache/maven/shared/maven-shared-components/12/maven-shared-components-12.pom (9.3 kB at 849 kB/s)
[282f640e-e96f-4405-b9f0-3e5944a8d0a8/build]   | [INFO] Downloading from central: https://repo.maven.apache.org/maven2/org/apache/maven/maven-parent/13/maven-parent-13.pom
[282f640e-e96f-4405-b9f0-3e5944a8d0a8/build]   | [INFO] Downloaded from central: https://repo.maven.apache.org/maven2/org/apache/maven/maven-parent/13/maven-parent-13.pom (23 kB at 2.5 MB/s)
[282f640e-e96f-4405-b9f0-3e5944a8d0a8/build]   | [INFO] Downloading from central: https://repo.maven.apache.org/maven2/org/apache/apache/6/apache-6.pom
[282f640e-e96f-4405-b9f0-3e5944a8d0a8/build]   | [INFO] Downloaded from central: https://repo.maven.apache.org/maven2/org/apache/apache/6/apache-6.pom (13 kB at 1.3 MB/s)
[282f640e-e96f-4405-b9f0-3e5944a8d0a8/build]   | [INFO] Downloading from central: https://repo.maven.apache.org/maven2/org/codehaus/plexus/plexus-container-default/1.0-alpha-9/plexus-container-default-1.0-alpha-9.pom
[282f640e-e96f-4405-b9f0-3e5944a8d0a8/build]   | [INFO] Downloaded from central: https://repo.maven.apache.org/maven2/org/codehaus/plexus/plexus-container-default/1.0-alpha-9/plexus-container-default-1.0-alpha-9.pom (1.2 kB at 49 kB/s)
[282f640e-e96f-4405-b9f0-3e5944a8d0a8/build]   | [INFO] Downloading from central: https://repo.maven.apache.org/maven2/org/apache/maven/surefire/surefire-booter/2.12.4/surefire-booter-2.12.4.jar
[282f640e-e96f-4405-b9f0-3e5944a8d0a8/build]   | [INFO] Downloading from central: https://repo.maven.apache.org/maven2/org/apache/maven/surefire/surefire-api/2.12.4/surefire-api-2.12.4.jar
[282f640e-e96f-4405-b9f0-3e5944a8d0a8/build]   | [INFO] Downloading from central: https://repo.maven.apache.org/maven2/org/apache/maven/surefire/maven-surefire-common/2.12.4/maven-surefire-common-2.12.4.jar
[282f640e-e96f-4405-b9f0-3e5944a8d0a8/build]   | [INFO] Downloading from central: https://repo.maven.apache.org/maven2/org/apache/commons/commons-lang3/3.1/commons-lang3-3.1.jar
[282f640e-e96f-4405-b9f0-3e5944a8d0a8/build]   | [INFO] Downloading from central: https://repo.maven.apache.org/maven2/org/apache/maven/shared/maven-common-artifact-filters/1.3/maven-common-artifact-filters-1.3.jar
[282f640e-e96f-4405-b9f0-3e5944a8d0a8/build]   | [INFO] Downloaded from central: https://repo.maven.apache.org/maven2/org/apache/maven/surefire/surefire-booter/2.12.4/surefire-booter-2.12.4.jar (35 kB at 2.9 MB/s)
[282f640e-e96f-4405-b9f0-3e5944a8d0a8/build]   | [INFO] Downloading from central: https://repo.maven.apache.org/maven2/org/codehaus/plexus/plexus-utils/3.0.8/plexus-utils-3.0.8.jar
[282f640e-e96f-4405-b9f0-3e5944a8d0a8/build]   | [INFO] Downloaded from central: https://repo.maven.apache.org/maven2/org/apache/maven/shared/maven-common-artifact-filters/1.3/maven-common-artifact-filters-1.3.jar (31 kB at 2.4 MB/s)
[282f640e-e96f-4405-b9f0-3e5944a8d0a8/build]   | [INFO] Downloading from central: https://repo.maven.apache.org/maven2/org/apache/maven/reporting/maven-reporting-api/2.0.9/maven-reporting-api-2.0.9.jar
[282f640e-e96f-4405-b9f0-3e5944a8d0a8/build]   | [INFO] Downloaded from central: https://repo.maven.apache.org/maven2/org/apache/maven/surefire/surefire-api/2.12.4/surefire-api-2.12.4.jar (118 kB at 6.5 MB/s)
[282f640e-e96f-4405-b9f0-3e5944a8d0a8/build]   | [INFO] Downloading from central: https://repo.maven.apache.org/maven2/org/apache/maven/maven-toolchain/2.0.9/maven-toolchain-2.0.9.jar
[282f640e-e96f-4405-b9f0-3e5944a8d0a8/build]   | [INFO] Downloaded from central: https://repo.maven.apache.org/maven2/org/apache/maven/reporting/maven-reporting-api/2.0.9/maven-reporting-api-2.0.9.jar (10 kB at 507 kB/s)
[282f640e-e96f-4405-b9f0-3e5944a8d0a8/build]   | [INFO] Downloading from central: https://repo.maven.apache.org/maven2/org/apache/maven/plugin-tools/maven-plugin-annotations/3.1/maven-plugin-annotations-3.1.jar
[282f640e-e96f-4405-b9f0-3e5944a8d0a8/build]   | [INFO] Downloaded from central: https://repo.maven.apache.org/maven2/org/apache/maven/surefire/maven-surefire-common/2.12.4/maven-surefire-common-2.12.4.jar (263 kB at 11 MB/s)
[282f640e-e96f-4405-b9f0-3e5944a8d0a8/build]   | [INFO] Downloaded from central: https://repo.maven.apache.org/maven2/org/codehaus/plexus/plexus-utils/3.0.8/plexus-utils-3.0.8.jar (232 kB at 5.3 MB/s)
[282f640e-e96f-4405-b9f0-3e5944a8d0a8/build]   | [INFO] Downloaded from central: https://repo.maven.apache.org/maven2/org/apache/maven/maven-toolchain/2.0.9/maven-toolchain-2.0.9.jar (38 kB at 1.3 MB/s)
[282f640e-e96f-4405-b9f0-3e5944a8d0a8/build]   | [INFO] Downloaded from central: https://repo.maven.apache.org/maven2/org/apache/maven/plugin-tools/maven-plugin-annotations/3.1/maven-plugin-annotations-3.1.jar (14 kB at 292 kB/s)
[282f640e-e96f-4405-b9f0-3e5944a8d0a8/build]   | [INFO] Downloaded from central: https://repo.maven.apache.org/maven2/org/apache/commons/commons-lang3/3.1/commons-lang3-3.1.jar (316 kB at 6.1 MB/s)
[282f640e-e96f-4405-b9f0-3e5944a8d0a8/build]   | [INFO] Surefire report directory: /tmp/0a72ed6f-db53-4878-ba22-51eb0e28a4f7/target/surefire-reports
[282f640e-e96f-4405-b9f0-3e5944a8d0a8/build]   | [INFO] Downloading from central: https://repo.maven.apache.org/maven2/org/apache/maven/surefire/surefire-junit4/2.12.4/surefire-junit4-2.12.4.pom
[282f640e-e96f-4405-b9f0-3e5944a8d0a8/build]   | [INFO] Downloaded from central: https://repo.maven.apache.org/maven2/org/apache/maven/surefire/surefire-junit4/2.12.4/surefire-junit4-2.12.4.pom (2.4 kB at 201 kB/s)
[282f640e-e96f-4405-b9f0-3e5944a8d0a8/build]   | [INFO] Downloading from central: https://repo.maven.apache.org/maven2/org/apache/maven/surefire/surefire-providers/2.12.4/surefire-providers-2.12.4.pom
[282f640e-e96f-4405-b9f0-3e5944a8d0a8/build]   | [INFO] Downloaded from central: https://repo.maven.apache.org/maven2/org/apache/maven/surefire/surefire-providers/2.12.4/surefire-providers-2.12.4.pom (2.3 kB at 261 kB/s)
[282f640e-e96f-4405-b9f0-3e5944a8d0a8/build]   | [INFO] Downloading from central: https://repo.maven.apache.org/maven2/org/apache/maven/surefire/surefire-junit4/2.12.4/surefire-junit4-2.12.4.jar
[282f640e-e96f-4405-b9f0-3e5944a8d0a8/build]   | [INFO] Downloaded from central: https://repo.maven.apache.org/maven2/org/apache/maven/surefire/surefire-junit4/2.12.4/surefire-junit4-2.12.4.jar (37 kB at 3.7 MB/s)
[282f640e-e96f-4405-b9f0-3e5944a8d0a8/build]   | 
[282f640e-e96f-4405-b9f0-3e5944a8d0a8/build]   | -------------------------------------------------------
[282f640e-e96f-4405-b9f0-3e5944a8d0a8/build]   |  T E S T S
[282f640e-e96f-4405-b9f0-3e5944a8d0a8/build]   | -------------------------------------------------------
[282f640e-e96f-4405-b9f0-3e5944a8d0a8/build]   | Running org.netpreserve.jwarc.WarcTargetRecordTest
[282f640e-e96f-4405-b9f0-3e5944a8d0a8/build]   | Tests run: 2, Failures: 0, Errors: 0, Skipped: 0, Time elapsed: 0.109 sec
[282f640e-e96f-4405-b9f0-3e5944a8d0a8/build]   | Running org.netpreserve.jwarc.GzipChannelTest
[282f640e-e96f-4405-b9f0-3e5944a8d0a8/build]   | Tests run: 4, Failures: 0, Errors: 0, Skipped: 0, Time elapsed: 0.006 sec
[282f640e-e96f-4405-b9f0-3e5944a8d0a8/build]   | Running org.netpreserve.jwarc.LengthedBodyTest
[282f640e-e96f-4405-b9f0-3e5944a8d0a8/build]   | Tests run: 1, Failures: 0, Errors: 0, Skipped: 0, Time elapsed: 0.008 sec
[282f640e-e96f-4405-b9f0-3e5944a8d0a8/build]   | Running org.netpreserve.jwarc.WarcRecordTest
[282f640e-e96f-4405-b9f0-3e5944a8d0a8/build]   | Tests run: 2, Failures: 0, Errors: 0, Skipped: 0, Time elapsed: 0.023 sec
[282f640e-e96f-4405-b9f0-3e5944a8d0a8/build]   | Running org.netpreserve.jwarc.HttpParserTest
[282f640e-e96f-4405-b9f0-3e5944a8d0a8/build]   | Tests run: 6, Failures: 0, Errors: 0, Skipped: 0, Time elapsed: 0.011 sec
[282f640e-e96f-4405-b9f0-3e5944a8d0a8/build]   | Running org.netpreserve.jwarc.MessageHeadersTest
[282f640e-e96f-4405-b9f0-3e5944a8d0a8/build]   | Tests run: 1, Failures: 0, Errors: 0, Skipped: 0, Time elapsed: 0.002 sec
[282f640e-e96f-4405-b9f0-3e5944a8d0a8/build]   | Running org.netpreserve.jwarc.net.WarcServerTest
[282f640e-e96f-4405-b9f0-3e5944a8d0a8/build]   | Tests run: 1, Failures: 0, Errors: 0, Skipped: 0, Time elapsed: 0.144 sec
[282f640e-e96f-4405-b9f0-3e5944a8d0a8/build]   | Running org.netpreserve.jwarc.HttpResponseTest
[282f640e-e96f-4405-b9f0-3e5944a8d0a8/build]   | Tests run: 1, Failures: 0, Errors: 0, Skipped: 0, Time elapsed: 0.003 sec
[282f640e-e96f-4405-b9f0-3e5944a8d0a8/build]   | Running org.netpreserve.jwarc.GunzipChannelTest
[282f640e-e96f-4405-b9f0-3e5944a8d0a8/build]   | Tests run: 6, Failures: 0, Errors: 0, Skipped: 1, Time elapsed: 0.015 sec
[282f640e-e96f-4405-b9f0-3e5944a8d0a8/build]   | Running org.netpreserve.jwarc.cdx.CdxReaderTest
[282f640e-e96f-4405-b9f0-3e5944a8d0a8/build]   | Tests run: 1, Failures: 0, Errors: 0, Skipped: 0, Time elapsed: 0.004 sec
[282f640e-e96f-4405-b9f0-3e5944a8d0a8/build]   | Running org.netpreserve.jwarc.cdx.CdxRequestEncoderTest
[282f640e-e96f-4405-b9f0-3e5944a8d0a8/build]   | Tests run: 2, Failures: 0, Errors: 0, Skipped: 1, Time elapsed: 0.077 sec
[282f640e-e96f-4405-b9f0-3e5944a8d0a8/build]   | Running org.netpreserve.jwarc.cdx.CdxFormatTest
[282f640e-e96f-4405-b9f0-3e5944a8d0a8/build]   | Tests run: 1, Failures: 0, Errors: 0, Skipped: 0, Time elapsed: 0.015 sec
[282f640e-e96f-4405-b9f0-3e5944a8d0a8/build]   | Running org.netpreserve.jwarc.WarcDigestTest
[282f640e-e96f-4405-b9f0-3e5944a8d0a8/build]   | Tests run: 9, Failures: 0, Errors: 0, Skipped: 0, Time elapsed: 0.028 sec
[282f640e-e96f-4405-b9f0-3e5944a8d0a8/build]   | Running org.netpreserve.jwarc.ChunkedBodyTest
[282f640e-e96f-4405-b9f0-3e5944a8d0a8/build]   | Tests run: 6, Failures: 0, Errors: 0, Skipped: 0, Time elapsed: 0.007 sec
[282f640e-e96f-4405-b9f0-3e5944a8d0a8/build]   | Running org.netpreserve.jwarc.URIsTest
[282f640e-e96f-4405-b9f0-3e5944a8d0a8/build]   | Tests run: 1, Failures: 0, Errors: 0, Skipped: 0, Time elapsed: 0 sec
[282f640e-e96f-4405-b9f0-3e5944a8d0a8/build]   | Running org.netpreserve.jwarc.HttpRequestTest
[282f640e-e96f-4405-b9f0-3e5944a8d0a8/build]   | Tests run: 2, Failures: 0, Errors: 0, Skipped: 0, Time elapsed: 0.001 sec
[282f640e-e96f-4405-b9f0-3e5944a8d0a8/build]   | Running org.netpreserve.jwarc.apitests.WarcContinuationTest
[282f640e-e96f-4405-b9f0-3e5944a8d0a8/build]   | Tests run: 2, Failures: 0, Errors: 0, Skipped: 0, Time elapsed: 0.012 sec
[282f640e-e96f-4405-b9f0-3e5944a8d0a8/build]   | Running org.netpreserve.jwarc.apitests.MessageVersionTest
[282f640e-e96f-4405-b9f0-3e5944a8d0a8/build]   | Tests run: 1, Failures: 0, Errors: 0, Skipped: 0, Time elapsed: 0.001 sec
[282f640e-e96f-4405-b9f0-3e5944a8d0a8/build]   | Running org.netpreserve.jwarc.apitests.MediaTypeTest
[282f640e-e96f-4405-b9f0-3e5944a8d0a8/build]   | Tests run: 1, Failures: 0, Errors: 0, Skipped: 0, Time elapsed: 0.002 sec
[282f640e-e96f-4405-b9f0-3e5944a8d0a8/build]   | Running org.netpreserve.jwarc.apitests.WarcRevisitTest
[282f640e-e96f-4405-b9f0-3e5944a8d0a8/build]   | Tests run: 3, Failures: 0, Errors: 0, Skipped: 0, Time elapsed: 0.006 sec
[282f640e-e96f-4405-b9f0-3e5944a8d0a8/build]   | Running org.netpreserve.jwarc.apitests.WarcWriterTest
[282f640e-e96f-4405-b9f0-3e5944a8d0a8/build]   | Tests run: 2, Failures: 0, Errors: 0, Skipped: 0, Time elapsed: 0.262 sec
[282f640e-e96f-4405-b9f0-3e5944a8d0a8/build]   | Running org.netpreserve.jwarc.apitests.WarcResponseTest
[282f640e-e96f-4405-b9f0-3e5944a8d0a8/build]   | Tests run: 6, Failures: 0, Errors: 0, Skipped: 0, Time elapsed: 0.022 sec
[282f640e-e96f-4405-b9f0-3e5944a8d0a8/build]   | Running org.netpreserve.jwarc.apitests.WarcinfoTest
[282f640e-e96f-4405-b9f0-3e5944a8d0a8/build]   | Tests run: 2, Failures: 0, Errors: 0, Skipped: 0, Time elapsed: 0.009 sec
[282f640e-e96f-4405-b9f0-3e5944a8d0a8/build]   | Running org.netpreserve.jwarc.apitests.WarcConversionTest
[282f640e-e96f-4405-b9f0-3e5944a8d0a8/build]   | Tests run: 2, Failures: 0, Errors: 0, Skipped: 0, Time elapsed: 0.004 sec
[282f640e-e96f-4405-b9f0-3e5944a8d0a8/build]   | Running org.netpreserve.jwarc.apitests.WarcReaderTest
[282f640e-e96f-4405-b9f0-3e5944a8d0a8/build]   | Failed testing pre-populated buffer of 592 bytes length
[282f640e-e96f-4405-b9f0-3e5944a8d0a8/build]   | Tests run: 9, Failures: 0, Errors: 0, Skipped: 1, Time elapsed: 0.827 sec
[282f640e-e96f-4405-b9f0-3e5944a8d0a8/build]   | Running org.netpreserve.jwarc.apitests.WarcFilterTest
[282f640e-e96f-4405-b9f0-3e5944a8d0a8/build]   | Tests run: 1, Failures: 0, Errors: 0, Skipped: 0, Time elapsed: 0.04 sec
[282f640e-e96f-4405-b9f0-3e5944a8d0a8/build]   | Running org.netpreserve.jwarc.apitests.ArcTest
[282f640e-e96f-4405-b9f0-3e5944a8d0a8/build]   | Tests run: 1, Failures: 0, Errors: 0, Skipped: 0, Time elapsed: 0.005 sec
[282f640e-e96f-4405-b9f0-3e5944a8d0a8/build]   | Running org.netpreserve.jwarc.apitests.WarcMetadataTest
[282f640e-e96f-4405-b9f0-3e5944a8d0a8/build]   | Tests run: 2, Failures: 0, Errors: 0, Skipped: 0, Time elapsed: 0.027 sec
[282f640e-e96f-4405-b9f0-3e5944a8d0a8/build]   | Running org.netpreserve.jwarc.apitests.WarcRequestTest
[282f640e-e96f-4405-b9f0-3e5944a8d0a8/build]   | Tests run: 4, Failures: 0, Errors: 0, Skipped: 0, Time elapsed: 0.052 sec
[282f640e-e96f-4405-b9f0-3e5944a8d0a8/build]   | Running org.netpreserve.jwarc.apitests.WarcResourceTest
[282f640e-e96f-4405-b9f0-3e5944a8d0a8/build]   | Tests run: 1, Failures: 0, Errors: 0, Skipped: 0, Time elapsed: 0.001 sec
[282f640e-e96f-4405-b9f0-3e5944a8d0a8/build]   | 
[282f640e-e96f-4405-b9f0-3e5944a8d0a8/build]   | Results :
[282f640e-e96f-4405-b9f0-3e5944a8d0a8/build]   | 
[282f640e-e96f-4405-b9f0-3e5944a8d0a8/build]   | Tests run: 83, Failures: 0, Errors: 0, Skipped: 3
[282f640e-e96f-4405-b9f0-3e5944a8d0a8/build]   | 
[282f640e-e96f-4405-b9f0-3e5944a8d0a8/build]   | [INFO] 
[282f640e-e96f-4405-b9f0-3e5944a8d0a8/build]   | [INFO] --- maven-jar-plugin:3.2.2:jar (default-jar) @ jwarc ---
[282f640e-e96f-4405-b9f0-3e5944a8d0a8/build]   | [INFO] Downloading from central: https://repo.maven.apache.org/maven2/org/apache/maven/maven-plugin-api/3.1.0/maven-plugin-api-3.1.0.pom
[282f640e-e96f-4405-b9f0-3e5944a8d0a8/build]   | [INFO] Downloaded from central: https://repo.maven.apache.org/maven2/org/apache/maven/maven-plugin-api/3.1.0/maven-plugin-api-3.1.0.pom (3.0 kB at 435 kB/s)
[282f640e-e96f-4405-b9f0-3e5944a8d0a8/build]   | [INFO] Downloading from central: https://repo.maven.apache.org/maven2/org/apache/maven/maven/3.1.0/maven-3.1.0.pom
[282f640e-e96f-4405-b9f0-3e5944a8d0a8/build]   | [INFO] Downloaded from central: https://repo.maven.apache.org/maven2/org/apache/maven/maven/3.1.0/maven-3.1.0.pom (22 kB at 3.6 MB/s)
[282f640e-e96f-4405-b9f0-3e5944a8d0a8/build]   | [INFO] Downloading from central: https://repo.maven.apache.org/maven2/org/apache/maven/maven-model/3.1.0/maven-model-3.1.0.pom
[282f640e-e96f-4405-b9f0-3e5944a8d0a8/build]   | [INFO] Downloaded from central: https://repo.maven.apache.org/maven2/org/apache/maven/maven-model/3.1.0/maven-model-3.1.0.pom (3.8 kB at 543 kB/s)
[282f640e-e96f-4405-b9f0-3e5944a8d0a8/build]   | [INFO] Downloading from central: https://repo.maven.apache.org/maven2/org/codehaus/plexus/plexus-utils/3.0.10/plexus-utils-3.0.10.pom
[282f640e-e96f-4405-b9f0-3e5944a8d0a8/build]   | [INFO] Downloaded from central: https://repo.maven.apache.org/maven2/org/codehaus/plexus/plexus-utils/3.0.10/plexus-utils-3.0.10.pom (3.1 kB at 349 kB/s)
[282f640e-e96f-4405-b9f0-3e5944a8d0a8/build]   | [INFO] Downloading from central: https://repo.maven.apache.org/maven2/org/codehaus/plexus/plexus/3.3/plexus-3.3.pom
[282f640e-e96f-4405-b9f0-3e5944a8d0a8/build]   | [INFO] Downloaded from central: https://repo.maven.apache.org/maven2/org/codehaus/plexus/plexus/3.3/plexus-3.3.pom (20 kB at 2.8 MB/s)
[282f640e-e96f-4405-b9f0-3e5944a8d0a8/build]   | [INFO] Downloading from central: https://repo.maven.apache.org/maven2/org/apache/maven/maven-artifact/3.1.0/maven-artifact-3.1.0.pom
[282f640e-e96f-4405-b9f0-3e5944a8d0a8/build]   | [INFO] Downloaded from central: https://repo.maven.apache.org/maven2/org/apache/maven/maven-artifact/3.1.0/maven-artifact-3.1.0.pom (1.6 kB at 204 kB/s)
[282f640e-e96f-4405-b9f0-3e5944a8d0a8/build]   | [INFO] Downloading from central: https://repo.maven.apache.org/maven2/org/eclipse/sisu/org.eclipse.sisu.plexus/0.0.0.M2a/org.eclipse.sisu.plexus-0.0.0.M2a.pom
[282f640e-e96f-4405-b9f0-3e5944a8d0a8/build]   | [INFO] Downloaded from central: https://repo.maven.apache.org/maven2/org/eclipse/sisu/org.eclipse.sisu.plexus/0.0.0.M2a/org.eclipse.sisu.plexus-0.0.0.M2a.pom (5.9 kB at 453 kB/s)
[282f640e-e96f-4405-b9f0-3e5944a8d0a8/build]   | [INFO] Downloading from central: https://repo.maven.apache.org/maven2/org/eclipse/sisu/sisu-plexus/0.0.0.M2a/sisu-plexus-0.0.0.M2a.pom
[282f640e-e96f-4405-b9f0-3e5944a8d0a8/build]   | [INFO] Downloaded from central: https://repo.maven.apache.org/maven2/org/eclipse/sisu/sisu-plexus/0.0.0.M2a/sisu-plexus-0.0.0.M2a.pom (7.9 kB at 417 kB/s)
[282f640e-e96f-4405-b9f0-3e5944a8d0a8/build]   | [INFO] Downloading from central: https://repo.maven.apache.org/maven2/org/sonatype/oss/oss-parent/7/oss-parent-7.pom
[282f640e-e96f-4405-b9f0-3e5944a8d0a8/build]   | [INFO] Downloaded from central: https://repo.maven.apache.org/maven2/org/sonatype/oss/oss-parent/7/oss-parent-7.pom (4.8 kB at 402 kB/s)
[282f640e-e96f-4405-b9f0-3e5944a8d0a8/build]   | [INFO] Downloading from central: https://repo.maven.apache.org/maven2/javax/enterprise/cdi-api/1.0/cdi-api-1.0.pom
[282f640e-e96f-4405-b9f0-3e5944a8d0a8/build]   | [INFO] Downloaded from central: https://repo.maven.apache.org/maven2/javax/enterprise/cdi-api/1.0/cdi-api-1.0.pom (1.4 kB at 102 kB/s)
[282f640e-e96f-4405-b9f0-3e5944a8d0a8/build]   | [INFO] Downloading from central: https://repo.maven.apache.org/maven2/org/jboss/weld/weld-api-parent/1.0/weld-api-parent-1.0.pom
[282f640e-e96f-4405-b9f0-3e5944a8d0a8/build]   | [INFO] Downloaded from central: https://repo.maven.apache.org/maven2/org/jboss/weld/weld-api-parent/1.0/weld-api-parent-1.0.pom (2.4 kB at 262 kB/s)
[282f640e-e96f-4405-b9f0-3e5944a8d0a8/build]   | [INFO] Downloading from central: https://repo.maven.apache.org/maven2/org/jboss/weld/weld-api-bom/1.0/weld-api-bom-1.0.pom
[282f640e-e96f-4405-b9f0-3e5944a8d0a8/build]   | [INFO] Downloaded from central: https://repo.maven.apache.org/maven2/org/jboss/weld/weld-api-bom/1.0/weld-api-bom-1.0.pom (7.9 kB at 1.3 MB/s)
[282f640e-e96f-4405-b9f0-3e5944a8d0a8/build]   | [INFO] Downloading from central: https://repo.maven.apache.org/maven2/org/jboss/weld/weld-parent/6/weld-parent-6.pom
[282f640e-e96f-4405-b9f0-3e5944a8d0a8/build]   | [INFO] Downloaded from central: https://repo.maven.apache.org/maven2/org/jboss/weld/weld-parent/6/weld-parent-6.pom (21 kB at 3.0 MB/s)
[282f640e-e96f-4405-b9f0-3e5944a8d0a8/build]   | [INFO] Downloading from central: https://repo.maven.apache.org/maven2/javax/annotation/jsr250-api/1.0/jsr250-api-1.0.pom
[282f640e-e96f-4405-b9f0-3e5944a8d0a8/build]   | [INFO] Downloaded from central: https://repo.maven.apache.org/maven2/javax/annotation/jsr250-api/1.0/jsr250-api-1.0.pom (1.0 kB at 114 kB/s)
[282f640e-e96f-4405-b9f0-3e5944a8d0a8/build]   | [INFO] Downloading from central: https://repo.maven.apache.org/maven2/javax/inject/javax.inject/1/javax.inject-1.pom
[282f640e-e96f-4405-b9f0-3e5944a8d0a8/build]   | [INFO] Downloaded from central: https://repo.maven.apache.org/maven2/javax/inject/javax.inject/1/javax.inject-1.pom (612 B at 87 kB/s)
[282f640e-e96f-4405-b9f0-3e5944a8d0a8/build]   | [INFO] Downloading from central: https://repo.maven.apache.org/maven2/com/google/guava/guava/10.0.1/guava-10.0.1.pom
[282f640e-e96f-4405-b9f0-3e5944a8d0a8/build]   | [INFO] Downloaded from central: https://repo.maven.apache.org/maven2/com/google/guava/guava/10.0.1/guava-10.0.1.pom (5.4 kB at 538 kB/s)
[282f640e-e96f-4405-b9f0-3e5944a8d0a8/build]   | [INFO] Downloading from central: https://repo.maven.apache.org/maven2/com/google/guava/guava-parent/10.0.1/guava-parent-10.0.1.pom
[282f640e-e96f-4405-b9f0-3e5944a8d0a8/build]   | [INFO] Downloaded from central: https://repo.maven.apache.org/maven2/com/google/guava/guava-parent/10.0.1/guava-parent-10.0.1.pom (2.0 kB at 326 kB/s)
[282f640e-e96f-4405-b9f0-3e5944a8d0a8/build]   | [INFO] Downloading from central: https://repo.maven.apache.org/maven2/com/google/code/findbugs/jsr305/1.3.9/jsr305-1.3.9.pom
[282f640e-e96f-4405-b9f0-3e5944a8d0a8/build]   | [INFO] Downloaded from central: https://repo.maven.apache.org/maven2/com/google/code/findbugs/jsr305/1.3.9/jsr305-1.3.9.pom (965 B at 121 kB/s)
[282f640e-e96f-4405-b9f0-3e5944a8d0a8/build]   | [INFO] Downloading from central: https://repo.maven.apache.org/maven2/org/sonatype/sisu/sisu-guice/3.1.0/sisu-guice-3.1.0.pom
[282f640e-e96f-4405-b9f0-3e5944a8d0a8/build]   | [INFO] Downloaded from central: https://repo.maven.apache.org/maven2/org/sonatype/sisu/sisu-guice/3.1.0/sisu-guice-3.1.0.pom (10 kB at 1.3 MB/s)
[282f640e-e96f-4405-b9f0-3e5944a8d0a8/build]   | [INFO] Downloading from central: https://repo.maven.apache.org/maven2/org/sonatype/sisu/inject/guice-parent/3.1.0/guice-parent-3.1.0.pom
[282f640e-e96f-4405-b9f0-3e5944a8d0a8/build]   | [INFO] Downloaded from central: https://repo.maven.apache.org/maven2/org/sonatype/sisu/inject/guice-parent/3.1.0/guice-parent-3.1.0.pom (11 kB at 1.6 MB/s)
[282f640e-e96f-4405-b9f0-3e5944a8d0a8/build]   | [INFO] Downloading from central: https://repo.maven.apache.org/maven2/aopalliance/aopalliance/1.0/aopalliance-1.0.pom
[282f640e-e96f-4405-b9f0-3e5944a8d0a8/build]   | [INFO] Downloaded from central: https://repo.maven.apache.org/maven2/aopalliance/aopalliance/1.0/aopalliance-1.0.pom (363 B at 40 kB/s)
[282f640e-e96f-4405-b9f0-3e5944a8d0a8/build]   | [INFO] Downloading from central: https://repo.maven.apache.org/maven2/org/eclipse/sisu/org.eclipse.sisu.inject/0.0.0.M2a/org.eclipse.sisu.inject-0.0.0.M2a.pom
[282f640e-e96f-4405-b9f0-3e5944a8d0a8/build]   | [INFO] Downloaded from central: https://repo.maven.apache.org/maven2/org/eclipse/sisu/org.eclipse.sisu.inject/0.0.0.M2a/org.eclipse.sisu.inject-0.0.0.M2a.pom (5.0 kB at 710 kB/s)
[282f640e-e96f-4405-b9f0-3e5944a8d0a8/build]   | [INFO] Downloading from central: https://repo.maven.apache.org/maven2/org/eclipse/sisu/sisu-inject/0.0.0.M2a/sisu-inject-0.0.0.M2a.pom
[282f640e-e96f-4405-b9f0-3e5944a8d0a8/build]   | [INFO] Downloaded from central: https://repo.maven.apache.org/maven2/org/eclipse/sisu/sisu-inject/0.0.0.M2a/sisu-inject-0.0.0.M2a.pom (7.8 kB at 390 kB/s)
[282f640e-e96f-4405-b9f0-3e5944a8d0a8/build]   | [INFO] Downloading from central: https://repo.maven.apache.org/maven2/asm/asm/3.3.1/asm-3.3.1.pom
[282f640e-e96f-4405-b9f0-3e5944a8d0a8/build]   | [INFO] Downloaded from central: https://repo.maven.apache.org/maven2/asm/asm/3.3.1/asm-3.3.1.pom (266 B at 33 kB/s)
[282f640e-e96f-4405-b9f0-3e5944a8d0a8/build]   | [INFO] Downloading from central: https://repo.maven.apache.org/maven2/asm/asm-parent/3.3.1/asm-parent-3.3.1.pom
[282f640e-e96f-4405-b9f0-3e5944a8d0a8/build]   | [INFO] Downloaded from central: https://repo.maven.apache.org/maven2/asm/asm-parent/3.3.1/asm-parent-3.3.1.pom (4.3 kB at 333 kB/s)
[282f640e-e96f-4405-b9f0-3e5944a8d0a8/build]   | [INFO] Downloading from central: https://repo.maven.apache.org/maven2/org/codehaus/plexus/plexus-component-annotations/2.0.0/plexus-component-annotations-2.0.0.pom
[282f640e-e96f-4405-b9f0-3e5944a8d0a8/build]   | [INFO] Downloaded from central: https://repo.maven.apache.org/maven2/org/codehaus/plexus/plexus-component-annotations/2.0.0/plexus-component-annotations-2.0.0.pom (750 B at 54 kB/s)
[282f640e-e96f-4405-b9f0-3e5944a8d0a8/build]   | [INFO] Downloading from central: https://repo.maven.apache.org/maven2/org/codehaus/plexus/plexus-containers/2.0.0/plexus-containers-2.0.0.pom
[282f640e-e96f-4405-b9f0-3e5944a8d0a8/build]   | [INFO] Downloaded from central: https://repo.maven.apache.org/maven2/org/codehaus/plexus/plexus-containers/2.0.0/plexus-containers-2.0.0.pom (4.8 kB at 801 kB/s)
[282f640e-e96f-4405-b9f0-3e5944a8d0a8/build]   | [INFO] Downloading from central: https://repo.maven.apache.org/maven2/org/codehaus/plexus/plexus/5.1/plexus-5.1.pom
[282f640e-e96f-4405-b9f0-3e5944a8d0a8/build]   | [INFO] Downloaded from central: https://repo.maven.apache.org/maven2/org/codehaus/plexus/plexus/5.1/plexus-5.1.pom (23 kB at 3.8 MB/s)
[282f640e-e96f-4405-b9f0-3e5944a8d0a8/build]   | [INFO] Downloading from central: https://repo.maven.apache.org/maven2/org/codehaus/plexus/plexus-classworlds/2.4/plexus-classworlds-2.4.pom
[282f640e-e96f-4405-b9f0-3e5944a8d0a8/build]   | [INFO] Downloaded from central: https://repo.maven.apache.org/maven2/org/codehaus/plexus/plexus-classworlds/2.4/plexus-classworlds-2.4.pom (3.9 kB at 555 kB/s)
[282f640e-e96f-4405-b9f0-3e5944a8d0a8/build]   | [INFO] Downloading from central: https://repo.maven.apache.org/maven2/org/codehaus/plexus/plexus-utils/2.1/plexus-utils-2.1.pom
[282f640e-e96f-4405-b9f0-3e5944a8d0a8/build]   | [INFO] Downloaded from central: https://repo.maven.apache.org/maven2/org/codehaus/plexus/plexus-utils/2.1/plexus-utils-2.1.pom (4.0 kB at 504 kB/s)
[282f640e-e96f-4405-b9f0-3e5944a8d0a8/build]   | [INFO] Downloading from central: https://repo.maven.apache.org/maven2/org/sonatype/spice/spice-parent/16/spice-parent-16.pom
[282f640e-e96f-4405-b9f0-3e5944a8d0a8/build]   | [INFO] Downloaded from central: https://repo.maven.apache.org/maven2/org/sonatype/spice/spice-parent/16/spice-parent-16.pom (8.4 kB at 1.4 MB/s)
[282f640e-e96f-4405-b9f0-3e5944a8d0a8/build]   | [INFO] Downloading from central: https://repo.maven.apache.org/maven2/org/sonatype/forge/forge-parent/5/forge-parent-5.pom
[282f640e-e96f-4405-b9f0-3e5944a8d0a8/build]   | [INFO] Downloaded from central: https://repo.maven.apache.org/maven2/org/sonatype/forge/forge-parent/5/forge-parent-5.pom (8.4 kB at 643 kB/s)
[282f640e-e96f-4405-b9f0-3e5944a8d0a8/build]   | [INFO] Downloading from central: https://repo.maven.apache.org/maven2/org/apache/maven/maven-core/3.1.0/maven-core-3.1.0.pom
[282f640e-e96f-4405-b9f0-3e5944a8d0a8/build]   | [INFO] Downloaded from central: https://repo.maven.apache.org/maven2/org/apache/maven/maven-core/3.1.0/maven-core-3.1.0.pom (6.9 kB at 1.2 MB/s)
[282f640e-e96f-4405-b9f0-3e5944a8d0a8/build]   | [INFO] Downloading from central: https://repo.maven.apache.org/maven2/org/apache/maven/maven-settings/3.1.0/maven-settings-3.1.0.pom
[282f640e-e96f-4405-b9f0-3e5944a8d0a8/build]   | [INFO] Downloaded from central: https://repo.maven.apache.org/maven2/org/apache/maven/maven-settings/3.1.0/maven-settings-3.1.0.pom (1.8 kB at 167 kB/s)
[282f640e-e96f-4405-b9f0-3e5944a8d0a8/build]   | [INFO] Downloading from central: https://repo.maven.apache.org/maven2/org/apache/maven/maven-settings-builder/3.1.0/maven-settings-builder-3.1.0.pom
[282f640e-e96f-4405-b9f0-3e5944a8d0a8/build]   | [INFO] Downloaded from central: https://repo.maven.apache.org/maven2/org/apache/maven/maven-settings-builder/3.1.0/maven-settings-builder-3.1.0.pom (2.3 kB at 205 kB/s)
[282f640e-e96f-4405-b9f0-3e5944a8d0a8/build]   | [INFO] Downloading from central: https://repo.maven.apache.org/maven2/org/codehaus/plexus/plexus-interpolation/1.16/plexus-interpolation-1.16.pom
[282f640e-e96f-4405-b9f0-3e5944a8d0a8/build]   | [INFO] Downloaded from central: https://repo.maven.apache.org/maven2/org/codehaus/plexus/plexus-interpolation/1.16/plexus-interpolation-1.16.pom (1.0 kB at 128 kB/s)
[282f640e-e96f-4405-b9f0-3e5944a8d0a8/build]   | [INFO] Downloading from central: https://repo.maven.apache.org/maven2/org/codehaus/plexus/plexus-components/1.3/plexus-components-1.3.pom
[282f640e-e96f-4405-b9f0-3e5944a8d0a8/build]   | [INFO] Downloaded from central: https://repo.maven.apache.org/maven2/org/codehaus/plexus/plexus-components/1.3/plexus-components-1.3.pom (3.1 kB at 510 kB/s)
[282f640e-e96f-4405-b9f0-3e5944a8d0a8/build]   | [INFO] Downloading from central: https://repo.maven.apache.org/maven2/org/apache/maven/maven-repository-metadata/3.1.0/maven-repository-metadata-3.1.0.pom
[282f640e-e96f-4405-b9f0-3e5944a8d0a8/build]   | [INFO] Downloaded from central: https://repo.maven.apache.org/maven2/org/apache/maven/maven-repository-metadata/3.1.0/maven-repository-metadata-3.1.0.pom (1.9 kB at 315 kB/s)
[282f640e-e96f-4405-b9f0-3e5944a8d0a8/build]   | [INFO] Downloading from central: https://repo.maven.apache.org/maven2/org/apache/maven/maven-model-builder/3.1.0/maven-model-builder-3.1.0.pom
[282f640e-e96f-4405-b9f0-3e5944a8d0a8/build]   | [INFO] Downloaded from central: https://repo.maven.apache.org/maven2/org/apache/maven/maven-model-builder/3.1.0/maven-model-builder-3.1.0.pom (2.5 kB at 412 kB/s)
[282f640e-e96f-4405-b9f0-3e5944a8d0a8/build]   | [INFO] Downloading from central: https://repo.maven.apache.org/maven2/org/apache/maven/maven-aether-provider/3.1.0/maven-aether-provider-3.1.0.pom
[282f640e-e96f-4405-b9f0-3e5944a8d0a8/build]   | [INFO] Downloaded from central: https://repo.maven.apache.org/maven2/org/apache/maven/maven-aether-provider/3.1.0/maven-aether-provider-3.1.0.pom (3.5 kB at 196 kB/s)
[282f640e-e96f-4405-b9f0-3e5944a8d0a8/build]   | [INFO] Downloading from central: https://repo.maven.apache.org/maven2/org/eclipse/aether/aether-api/0.9.0.M2/aether-api-0.9.0.M2.pom
[282f640e-e96f-4405-b9f0-3e5944a8d0a8/build]   | [INFO] Downloaded from central: https://repo.maven.apache.org/maven2/org/eclipse/aether/aether-api/0.9.0.M2/aether-api-0.9.0.M2.pom (1.7 kB at 109 kB/s)
[282f640e-e96f-4405-b9f0-3e5944a8d0a8/build]   | [INFO] Downloading from central: https://repo.maven.apache.org/maven2/org/eclipse/aether/aether/0.9.0.M2/aether-0.9.0.M2.pom
[282f640e-e96f-4405-b9f0-3e5944a8d0a8/build]   | [INFO] Downloaded from central: https://repo.maven.apache.org/maven2/org/eclipse/aether/aether/0.9.0.M2/aether-0.9.0.M2.pom (28 kB at 1.9 MB/s)
[282f640e-e96f-4405-b9f0-3e5944a8d0a8/build]   | [INFO] Downloading from central: https://repo.maven.apache.org/maven2/org/eclipse/aether/aether-spi/0.9.0.M2/aether-spi-0.9.0.M2.pom
[282f640e-e96f-4405-b9f0-3e5944a8d0a8/build]   | [INFO] Downloaded from central: https://repo.maven.apache.org/maven2/org/eclipse/aether/aether-spi/0.9.0.M2/aether-spi-0.9.0.M2.pom (1.8 kB at 126 kB/s)
[282f640e-e96f-4405-b9f0-3e5944a8d0a8/build]   | [INFO] Downloading from central: https://repo.maven.apache.org/maven2/org/eclipse/aether/aether-util/0.9.0.M2/aether-util-0.9.0.M2.pom
[282f640e-e96f-4405-b9f0-3e5944a8d0a8/build]   | [INFO] Downloaded from central: https://repo.maven.apache.org/maven2/org/eclipse/aether/aether-util/0.9.0.M2/aether-util-0.9.0.M2.pom (2.0 kB at 204 kB/s)
[282f640e-e96f-4405-b9f0-3e5944a8d0a8/build]   | [INFO] Downloading from central: https://repo.maven.apache.org/maven2/org/eclipse/aether/aether-impl/0.9.0.M2/aether-impl-0.9.0.M2.pom
[282f640e-e96f-4405-b9f0-3e5944a8d0a8/build]   | [INFO] Downloaded from central: https://repo.maven.apache.org/maven2/org/eclipse/aether/aether-impl/0.9.0.M2/aether-impl-0.9.0.M2.pom (3.3 kB at 372 kB/s)
[282f640e-e96f-4405-b9f0-3e5944a8d0a8/build]   | [INFO] Downloading from central: https://repo.maven.apache.org/maven2/org/codehaus/plexus/plexus-classworlds/2.4.2/plexus-classworlds-2.4.2.pom
[282f640e-e96f-4405-b9f0-3e5944a8d0a8/build]   | [INFO] Downloaded from central: https://repo.maven.apache.org/maven2/org/codehaus/plexus/plexus-classworlds/2.4.2/plexus-classworlds-2.4.2.pom (3.5 kB at 292 kB/s)
[282f640e-e96f-4405-b9f0-3e5944a8d0a8/build]   | [INFO] Downloading from central: https://repo.maven.apache.org/maven2/org/codehaus/plexus/plexus/3.0.1/plexus-3.0.1.pom
[282f640e-e96f-4405-b9f0-3e5944a8d0a8/build]   | [INFO] Downloaded from central: https://repo.maven.apache.org/maven2/org/codehaus/plexus/plexus/3.0.1/plexus-3.0.1.pom (19 kB at 1.9 MB/s)
[282f640e-e96f-4405-b9f0-3e5944a8d0a8/build]   | [INFO] Downloading from central: https://repo.maven.apache.org/maven2/org/apache/maven/shared/file-management/3.0.0/file-management-3.0.0.pom
[282f640e-e96f-4405-b9f0-3e5944a8d0a8/build]   | [INFO] Downloaded from central: https://repo.maven.apache.org/maven2/org/apache/maven/shared/file-management/3.0.0/file-management-3.0.0.pom (4.7 kB at 426 kB/s)
[282f640e-e96f-4405-b9f0-3e5944a8d0a8/build]   | [INFO] Downloading from central: https://repo.maven.apache.org/maven2/org/apache/maven/shared/maven-shared-components/22/maven-shared-components-22.pom
[282f640e-e96f-4405-b9f0-3e5944a8d0a8/build]   | [INFO] Downloaded from central: https://repo.maven.apache.org/maven2/org/apache/maven/shared/maven-shared-components/22/maven-shared-components-22.pom (5.1 kB at 568 kB/s)
[282f640e-e96f-4405-b9f0-3e5944a8d0a8/build]   | [INFO] Downloading from central: https://repo.maven.apache.org/maven2/org/apache/maven/maven-parent/27/maven-parent-27.pom
[282f640e-e96f-4405-b9f0-3e5944a8d0a8/build]   | [INFO] Downloaded from central: https://repo.maven.apache.org/maven2/org/apache/maven/maven-parent/27/maven-parent-27.pom (41 kB at 4.1 MB/s)
[282f640e-e96f-4405-b9f0-3e5944a8d0a8/build]   | [INFO] Downloading from central: https://repo.maven.apache.org/maven2/org/apache/apache/17/apache-17.pom
[282f640e-e96f-4405-b9f0-3e5944a8d0a8/build]   | [INFO] Downloaded from central: https://repo.maven.apache.org/maven2/org/apache/apache/17/apache-17.pom (16 kB at 1.0 MB/s)
[282f640e-e96f-4405-b9f0-3e5944a8d0a8/build]   | [INFO] Downloading from central: https://repo.maven.apache.org/maven2/org/apache/maven/maven-plugin-api/3.0/maven-plugin-api-3.0.pom
[282f640e-e96f-4405-b9f0-3e5944a8d0a8/build]   | [INFO] Downloaded from central: https://repo.maven.apache.org/maven2/org/apache/maven/maven-plugin-api/3.0/maven-plugin-api-3.0.pom (2.3 kB at 327 kB/s)
[282f640e-e96f-4405-b9f0-3e5944a8d0a8/build]   | [INFO] Downloading from central: https://repo.maven.apache.org/maven2/org/apache/maven/maven/3.0/maven-3.0.pom
[282f640e-e96f-4405-b9f0-3e5944a8d0a8/build]   | [INFO] Downloaded from central: https://repo.maven.apache.org/maven2/org/apache/maven/maven/3.0/maven-3.0.pom (22 kB at 3.1 MB/s)
[282f640e-e96f-4405-b9f0-3e5944a8d0a8/build]   | [INFO] Downloading from central: https://repo.maven.apache.org/maven2/org/apache/maven/maven-parent/15/maven-parent-15.pom
[282f640e-e96f-4405-b9f0-3e5944a8d0a8/build]   | [INFO] Downloaded from central: https://repo.maven.apache.org/maven2/org/apache/maven/maven-parent/15/maven-parent-15.pom (24 kB at 1.8 MB/s)
[282f640e-e96f-4405-b9f0-3e5944a8d0a8/build]   | [INFO] Downloading from central: https://repo.maven.apache.org/maven2/org/apache/maven/maven-model/3.0/maven-model-3.0.pom
[282f640e-e96f-4405-b9f0-3e5944a8d0a8/build]   | [INFO] Downloaded from central: https://repo.maven.apache.org/maven2/org/apache/maven/maven-model/3.0/maven-model-3.0.pom (3.9 kB at 649 kB/s)
[282f640e-e96f-4405-b9f0-3e5944a8d0a8/build]   | [INFO] Downloading from central: https://repo.maven.apache.org/maven2/org/codehaus/plexus/plexus-utils/2.0.4/plexus-utils-2.0.4.pom
[282f640e-e96f-4405-b9f0-3e5944a8d0a8/build]   | [INFO] Downloaded from central: https://repo.maven.apache.org/maven2/org/codehaus/plexus/plexus-utils/2.0.4/plexus-utils-2.0.4.pom (3.3 kB at 303 kB/s)
[282f640e-e96f-4405-b9f0-3e5944a8d0a8/build]   | [INFO] Downloading from central: https://repo.maven.apache.org/maven2/org/apache/maven/maven-artifact/3.0/maven-artifact-3.0.pom
[282f640e-e96f-4405-b9f0-3e5944a8d0a8/build]   | [INFO] Downloaded from central: https://repo.maven.apache.org/maven2/org/apache/maven/maven-artifact/3.0/maven-artifact-3.0.pom (1.9 kB at 161 kB/s)
[282f640e-e96f-4405-b9f0-3e5944a8d0a8/build]   | [INFO] Downloading from central: https://repo.maven.apache.org/maven2/org/sonatype/sisu/sisu-inject-plexus/1.4.2/sisu-inject-plexus-1.4.2.pom
[282f640e-e96f-4405-b9f0-3e5944a8d0a8/build]   | [INFO] Downloaded from central: https://repo.maven.apache.org/maven2/org/sonatype/sisu/sisu-inject-plexus/1.4.2/sisu-inject-plexus-1.4.2.pom (5.4 kB at 895 kB/s)
[282f640e-e96f-4405-b9f0-3e5944a8d0a8/build]   | [INFO] Downloading from central: https://repo.maven.apache.org/maven2/org/sonatype/sisu/inject/guice-plexus/1.4.2/guice-plexus-1.4.2.pom
[282f640e-e96f-4405-b9f0-3e5944a8d0a8/build]   | [INFO] Downloaded from central: https://repo.maven.apache.org/maven2/org/sonatype/sisu/inject/guice-plexus/1.4.2/guice-plexus-1.4.2.pom (3.1 kB at 521 kB/s)
[282f640e-e96f-4405-b9f0-3e5944a8d0a8/build]   | [INFO] Downloading from central: https://repo.maven.apache.org/maven2/org/sonatype/sisu/inject/guice-bean/1.4.2/guice-bean-1.4.2.pom
[282f640e-e96f-4405-b9f0-3e5944a8d0a8/build]   | [INFO] Downloaded from central: https://repo.maven.apache.org/maven2/org/sonatype/sisu/inject/guice-bean/1.4.2/guice-bean-1.4.2.pom (2.6 kB at 521 kB/s)
[282f640e-e96f-4405-b9f0-3e5944a8d0a8/build]   | [INFO] Downloading from central: https://repo.maven.apache.org/maven2/org/sonatype/sisu/sisu-inject/1.4.2/sisu-inject-1.4.2.pom
[282f640e-e96f-4405-b9f0-3e5944a8d0a8/build]   | [INFO] Downloaded from central: https://repo.maven.apache.org/maven2/org/sonatype/sisu/sisu-inject/1.4.2/sisu-inject-1.4.2.pom (1.2 kB at 208 kB/s)
[282f640e-e96f-4405-b9f0-3e5944a8d0a8/build]   | [INFO] Downloading from central: https://repo.maven.apache.org/maven2/org/sonatype/sisu/sisu-parent/1.4.2/sisu-parent-1.4.2.pom
[282f640e-e96f-4405-b9f0-3e5944a8d0a8/build]   | [INFO] Downloaded from central: https://repo.maven.apache.org/maven2/org/sonatype/sisu/sisu-parent/1.4.2/sisu-parent-1.4.2.pom (7.8 kB at 1.1 MB/s)
[282f640e-e96f-4405-b9f0-3e5944a8d0a8/build]   | [INFO] Downloading from central: https://repo.maven.apache.org/maven2/org/sonatype/forge/forge-parent/6/forge-parent-6.pom
[282f640e-e96f-4405-b9f0-3e5944a8d0a8/build]   | [INFO] Downloaded from central: https://repo.maven.apache.org/maven2/org/sonatype/forge/forge-parent/6/forge-parent-6.pom (11 kB at 2.2 MB/s)
[282f640e-e96f-4405-b9f0-3e5944a8d0a8/build]   | [INFO] Downloading from central: https://repo.maven.apache.org/maven2/org/codehaus/plexus/plexus-classworlds/2.2.3/plexus-classworlds-2.2.3.pom
[282f640e-e96f-4405-b9f0-3e5944a8d0a8/build]   | [INFO] Downloaded from central: https://repo.maven.apache.org/maven2/org/codehaus/plexus/plexus-classworlds/2.2.3/plexus-classworlds-2.2.3.pom (4.0 kB at 571 kB/s)
[282f640e-e96f-4405-b9f0-3e5944a8d0a8/build]   | [INFO] Downloading from central: https://repo.maven.apache.org/maven2/org/sonatype/sisu/sisu-inject-bean/1.4.2/sisu-inject-bean-1.4.2.pom
[282f640e-e96f-4405-b9f0-3e5944a8d0a8/build]   | [INFO] Downloaded from central: https://repo.maven.apache.org/maven2/org/sonatype/sisu/sisu-inject-bean/1.4.2/sisu-inject-bean-1.4.2.pom (5.5 kB at 780 kB/s)
[282f640e-e96f-4405-b9f0-3e5944a8d0a8/build]   | [INFO] Downloading from central: https://repo.maven.apache.org/maven2/org/sonatype/sisu/sisu-guice/2.1.7/sisu-guice-2.1.7.pom
[282f640e-e96f-4405-b9f0-3e5944a8d0a8/build]   | [INFO] Downloaded from central: https://repo.maven.apache.org/maven2/org/sonatype/sisu/sisu-guice/2.1.7/sisu-guice-2.1.7.pom (11 kB at 1.1 MB/s)
[282f640e-e96f-4405-b9f0-3e5944a8d0a8/build]   | [INFO] Downloading from central: https://repo.maven.apache.org/maven2/org/apache/maven/shared/maven-shared-io/3.0.0/maven-shared-io-3.0.0.pom
[282f640e-e96f-4405-b9f0-3e5944a8d0a8/build]   | [INFO] Downloaded from central: https://repo.maven.apache.org/maven2/org/apache/maven/shared/maven-shared-io/3.0.0/maven-shared-io-3.0.0.pom (4.2 kB at 245 kB/s)
[282f640e-e96f-4405-b9f0-3e5944a8d0a8/build]   | [INFO] Downloading from central: https://repo.maven.apache.org/maven2/org/apache/maven/maven-compat/3.0/maven-compat-3.0.pom
[282f640e-e96f-4405-b9f0-3e5944a8d0a8/build]   | [INFO] Downloaded from central: https://repo.maven.apache.org/maven2/org/apache/maven/maven-compat/3.0/maven-compat-3.0.pom (4.0 kB at 574 kB/s)
[282f640e-e96f-4405-b9f0-3e5944a8d0a8/build]   | [INFO] Downloading from central: https://repo.maven.apache.org/maven2/org/apache/maven/maven-model-builder/3.0/maven-model-builder-3.0.pom
[282f640e-e96f-4405-b9f0-3e5944a8d0a8/build]   | [INFO] Downloaded from central: https://repo.maven.apache.org/maven2/org/apache/maven/maven-model-builder/3.0/maven-model-builder-3.0.pom (2.2 kB at 173 kB/s)
[282f640e-e96f-4405-b9f0-3e5944a8d0a8/build]   | [INFO] Downloading from central: https://repo.maven.apache.org/maven2/org/codehaus/plexus/plexus-interpolation/1.14/plexus-interpolation-1.14.pom
[282f640e-e96f-4405-b9f0-3e5944a8d0a8/build]   | [INFO] Downloaded from central: https://repo.maven.apache.org/maven2/org/codehaus/plexus/plexus-interpolation/1.14/plexus-interpolation-1.14.pom (910 B at 114 kB/s)
[282f640e-e96f-4405-b9f0-3e5944a8d0a8/build]   | [INFO] Downloading from central: https://repo.maven.apache.org/maven2/org/codehaus/plexus/plexus-components/1.1.18/plexus-components-1.1.18.pom
[282f640e-e96f-4405-b9f0-3e5944a8d0a8/build]   | [INFO] Downloaded from central: https://repo.maven.apache.org/maven2/org/codehaus/plexus/plexus-components/1.1.18/plexus-components-1.1.18.pom (5.4 kB at 765 kB/s)
[282f640e-e96f-4405-b9f0-3e5944a8d0a8/build]   | [INFO] Downloading from central: https://repo.maven.apache.org/maven2/org/apache/maven/maven-settings/3.0/maven-settings-3.0.pom
[282f640e-e96f-4405-b9f0-3e5944a8d0a8/build]   | [INFO] Downloaded from central: https://repo.maven.apache.org/maven2/org/apache/maven/maven-settings/3.0/maven-settings-3.0.pom (1.9 kB at 209 kB/s)
[282f640e-e96f-4405-b9f0-3e5944a8d0a8/build]   | [INFO] Downloading from central: https://repo.maven.apache.org/maven2/org/apache/maven/maven-core/3.0/maven-core-3.0.pom
[282f640e-e96f-4405-b9f0-3e5944a8d0a8/build]   | [INFO] Downloaded from central: https://repo.maven.apache.org/maven2/org/apache/maven/maven-core/3.0/maven-core-3.0.pom (6.6 kB at 947 kB/s)
[282f640e-e96f-4405-b9f0-3e5944a8d0a8/build]   | [INFO] Downloading from central: https://repo.maven.apache.org/maven2/org/apache/maven/maven-settings-builder/3.0/maven-settings-builder-3.0.pom
[282f640e-e96f-4405-b9f0-3e5944a8d0a8/build]   | [INFO] Downloaded from central: https://repo.maven.apache.org/maven2/org/apache/maven/maven-settings-builder/3.0/maven-settings-builder-3.0.pom (2.2 kB at 370 kB/s)
[282f640e-e96f-4405-b9f0-3e5944a8d0a8/build]   | [INFO] Downloading from central: https://repo.maven.apache.org/maven2/org/apache/maven/maven-repository-metadata/3.0/maven-repository-metadata-3.0.pom
[282f640e-e96f-4405-b9f0-3e5944a8d0a8/build]   | [INFO] Downloaded from central: https://repo.maven.apache.org/maven2/org/apache/maven/maven-repository-metadata/3.0/maven-repository-metadata-3.0.pom (1.9 kB at 276 kB/s)
[282f640e-e96f-4405-b9f0-3e5944a8d0a8/build]   | [INFO] Downloading from central: https://repo.maven.apache.org/maven2/org/apache/maven/maven-aether-provider/3.0/maven-aether-provider-3.0.pom
[282f640e-e96f-4405-b9f0-3e5944a8d0a8/build]   | [INFO] Downloaded from central: https://repo.maven.apache.org/maven2/org/apache/maven/maven-aether-provider/3.0/maven-aether-provider-3.0.pom (2.5 kB at 309 kB/s)
[282f640e-e96f-4405-b9f0-3e5944a8d0a8/build]   | [INFO] Downloading from central: https://repo.maven.apache.org/maven2/org/sonatype/aether/aether-api/1.7/aether-api-1.7.pom
[282f640e-e96f-4405-b9f0-3e5944a8d0a8/build]   | [INFO] Downloaded from central: https://repo.maven.apache.org/maven2/org/sonatype/aether/aether-api/1.7/aether-api-1.7.pom (1.7 kB at 209 kB/s)
[282f640e-e96f-4405-b9f0-3e5944a8d0a8/build]   | [INFO] Downloading from central: https://repo.maven.apache.org/maven2/org/sonatype/aether/aether-parent/1.7/aether-parent-1.7.pom
[282f640e-e96f-4405-b9f0-3e5944a8d0a8/build]   | [INFO] Downloaded from central: https://repo.maven.apache.org/maven2/org/sonatype/aether/aether-parent/1.7/aether-parent-1.7.pom (7.7 kB at 1.5 MB/s)
[282f640e-e96f-4405-b9f0-3e5944a8d0a8/build]   | [INFO] Downloading from central: https://repo.maven.apache.org/maven2/org/sonatype/aether/aether-util/1.7/aether-util-1.7.pom
[282f640e-e96f-4405-b9f0-3e5944a8d0a8/build]   | [INFO] Downloaded from central: https://repo.maven.apache.org/maven2/org/sonatype/aether/aether-util/1.7/aether-util-1.7.pom (2.1 kB at 412 kB/s)
[282f640e-e96f-4405-b9f0-3e5944a8d0a8/build]   | [INFO] Downloading from central: https://repo.maven.apache.org/maven2/org/sonatype/aether/aether-impl/1.7/aether-impl-1.7.pom
[282f640e-e96f-4405-b9f0-3e5944a8d0a8/build]   | [INFO] Downloaded from central: https://repo.maven.apache.org/maven2/org/sonatype/aether/aether-impl/1.7/aether-impl-1.7.pom (3.7 kB at 284 kB/s)
[282f640e-e96f-4405-b9f0-3e5944a8d0a8/build]   | [INFO] Downloading from central: https://repo.maven.apache.org/maven2/org/sonatype/aether/aether-spi/1.7/aether-spi-1.7.pom
[282f640e-e96f-4405-b9f0-3e5944a8d0a8/build]   | [INFO] Downloaded from central: https://repo.maven.apache.org/maven2/org/sonatype/aether/aether-spi/1.7/aether-spi-1.7.pom (1.7 kB at 174 kB/s)
[282f640e-e96f-4405-b9f0-3e5944a8d0a8/build]   | [INFO] Downloading from central: https://repo.maven.apache.org/maven2/org/apache/maven/wagon/wagon-provider-api/1.0-beta-6/wagon-provider-api-1.0-beta-6.pom
[282f640e-e96f-4405-b9f0-3e5944a8d0a8/build]   | [INFO] Downloaded from central: https://repo.maven.apache.org/maven2/org/apache/maven/wagon/wagon-provider-api/1.0-beta-6/wagon-provider-api-1.0-beta-6.pom (1.8 kB at 220 kB/s)
[282f640e-e96f-4405-b9f0-3e5944a8d0a8/build]   | [INFO] Downloading from central: https://repo.maven.apache.org/maven2/org/apache/maven/wagon/wagon/1.0-beta-6/wagon-1.0-beta-6.pom
[282f640e-e96f-4405-b9f0-3e5944a8d0a8/build]   | [INFO] Downloaded from central: https://repo.maven.apache.org/maven2/org/apache/maven/wagon/wagon/1.0-beta-6/wagon-1.0-beta-6.pom (12 kB at 375 kB/s)
[282f640e-e96f-4405-b9f0-3e5944a8d0a8/build]   | [INFO] Downloading from central: https://repo.maven.apache.org/maven2/org/codehaus/plexus/plexus-utils/1.4.2/plexus-utils-1.4.2.pom
[282f640e-e96f-4405-b9f0-3e5944a8d0a8/build]   | [INFO] Downloaded from central: https://repo.maven.apache.org/maven2/org/codehaus/plexus/plexus-utils/1.4.2/plexus-utils-1.4.2.pom (2.0 kB at 326 kB/s)
[282f640e-e96f-4405-b9f0-3e5944a8d0a8/build]   | [INFO] Downloading from central: https://repo.maven.apache.org/maven2/org/apache/maven/wagon/wagon-provider-api/2.10/wagon-provider-api-2.10.pom
[282f640e-e96f-4405-b9f0-3e5944a8d0a8/build]   | [INFO] Downloaded from central: https://repo.maven.apache.org/maven2/org/apache/maven/wagon/wagon-provider-api/2.10/wagon-provider-api-2.10.pom (1.7 kB at 288 kB/s)
[282f640e-e96f-4405-b9f0-3e5944a8d0a8/build]   | [INFO] Downloading from central: https://repo.maven.apache.org/maven2/org/apache/maven/wagon/wagon/2.10/wagon-2.10.pom
[282f640e-e96f-4405-b9f0-3e5944a8d0a8/build]   | [INFO] Downloaded from central: https://repo.maven.apache.org/maven2/org/apache/maven/wagon/wagon/2.10/wagon-2.10.pom (21 kB at 3.4 MB/s)
[282f640e-e96f-4405-b9f0-3e5944a8d0a8/build]   | [INFO] Downloading from central: https://repo.maven.apache.org/maven2/org/apache/maven/maven-parent/26/maven-parent-26.pom
[282f640e-e96f-4405-b9f0-3e5944a8d0a8/build]   | [INFO] Downloaded from central: https://repo.maven.apache.org/maven2/org/apache/maven/maven-parent/26/maven-parent-26.pom (40 kB at 5.0 MB/s)
[282f640e-e96f-4405-b9f0-3e5944a8d0a8/build]   | [INFO] Downloading from central: https://repo.maven.apache.org/maven2/org/apache/apache/16/apache-16.pom
[282f640e-e96f-4405-b9f0-3e5944a8d0a8/build]   | [INFO] Downloaded from central: https://repo.maven.apache.org/maven2/org/apache/apache/16/apache-16.pom (15 kB at 2.6 MB/s)
[282f640e-e96f-4405-b9f0-3e5944a8d0a8/build]   | [INFO] Downloading from central: https://repo.maven.apache.org/maven2/org/codehaus/plexus/plexus-utils/3.0.15/plexus-utils-3.0.15.pom
[282f640e-e96f-4405-b9f0-3e5944a8d0a8/build]   | [INFO] Downloaded from central: https://repo.maven.apache.org/maven2/org/codehaus/plexus/plexus-utils/3.0.15/plexus-utils-3.0.15.pom (3.1 kB at 449 kB/s)
[282f640e-e96f-4405-b9f0-3e5944a8d0a8/build]   | [INFO] Downloading from central: https://repo.maven.apache.org/maven2/org/apache/maven/shared/maven-shared-utils/3.0.0/maven-shared-utils-3.0.0.pom
[282f640e-e96f-4405-b9f0-3e5944a8d0a8/build]   | [INFO] Downloaded from central: https://repo.maven.apache.org/maven2/org/apache/maven/shared/maven-shared-utils/3.0.0/maven-shared-utils-3.0.0.pom (5.6 kB at 798 kB/s)
[282f640e-e96f-4405-b9f0-3e5944a8d0a8/build]   | [INFO] Downloading from central: https://repo.maven.apache.org/maven2/org/apache/maven/shared/maven-shared-components/21/maven-shared-components-21.pom
[282f640e-e96f-4405-b9f0-3e5944a8d0a8/build]   | [INFO] Downloaded from central: https://repo.maven.apache.org/maven2/org/apache/maven/shared/maven-shared-components/21/maven-shared-components-21.pom (5.1 kB at 851 kB/s)
[282f640e-e96f-4405-b9f0-3e5944a8d0a8/build]   | [INFO] Downloading from central: https://repo.maven.apache.org/maven2/org/apache/maven/maven-parent/25/maven-parent-25.pom
[282f640e-e96f-4405-b9f0-3e5944a8d0a8/build]   | [INFO] Downloaded from central: https://repo.maven.apache.org/maven2/org/apache/maven/maven-parent/25/maven-parent-25.pom (37 kB at 6.2 MB/s)
[282f640e-e96f-4405-b9f0-3e5944a8d0a8/build]   | [INFO] Downloading from central: https://repo.maven.apache.org/maven2/org/apache/apache/15/apache-15.pom
[282f640e-e96f-4405-b9f0-3e5944a8d0a8/build]   | [INFO] Downloaded from central: https://repo.maven.apache.org/maven2/org/apache/apache/15/apache-15.pom (15 kB at 2.5 MB/s)
[282f640e-e96f-4405-b9f0-3e5944a8d0a8/build]   | [INFO] Downloading from central: https://repo.maven.apache.org/maven2/commons-io/commons-io/2.4/commons-io-2.4.pom
[282f640e-e96f-4405-b9f0-3e5944a8d0a8/build]   | [INFO] Downloaded from central: https://repo.maven.apache.org/maven2/commons-io/commons-io/2.4/commons-io-2.4.pom (10 kB at 1.7 MB/s)
[282f640e-e96f-4405-b9f0-3e5944a8d0a8/build]   | [INFO] Downloading from central: https://repo.maven.apache.org/maven2/org/apache/commons/commons-parent/25/commons-parent-25.pom
[282f640e-e96f-4405-b9f0-3e5944a8d0a8/build]   | [INFO] Downloaded from central: https://repo.maven.apache.org/maven2/org/apache/commons/commons-parent/25/commons-parent-25.pom (48 kB at 4.4 MB/s)
[282f640e-e96f-4405-b9f0-3e5944a8d0a8/build]   | [INFO] Downloading from central: https://repo.maven.apache.org/maven2/org/codehaus/plexus/plexus-utils/3.0.22/plexus-utils-3.0.22.pom
[282f640e-e96f-4405-b9f0-3e5944a8d0a8/build]   | [INFO] Downloaded from central: https://repo.maven.apache.org/maven2/org/codehaus/plexus/plexus-utils/3.0.22/plexus-utils-3.0.22.pom (3.8 kB at 479 kB/s)
[282f640e-e96f-4405-b9f0-3e5944a8d0a8/build]   | [INFO] Downloading from central: https://repo.maven.apache.org/maven2/org/apache/maven/maven-archiver/3.5.2/maven-archiver-3.5.2.pom
[282f640e-e96f-4405-b9f0-3e5944a8d0a8/build]   | [INFO] Downloaded from central: https://repo.maven.apache.org/maven2/org/apache/maven/maven-archiver/3.5.2/maven-archiver-3.5.2.pom (5.5 kB at 616 kB/s)
[282f640e-e96f-4405-b9f0-3e5944a8d0a8/build]   | [INFO] Downloading from central: https://repo.maven.apache.org/maven2/org/apache/maven/shared/maven-shared-components/34/maven-shared-components-34.pom
[282f640e-e96f-4405-b9f0-3e5944a8d0a8/build]   | [INFO] Downloaded from central: https://repo.maven.apache.org/maven2/org/apache/maven/shared/maven-shared-components/34/maven-shared-components-34.pom (5.1 kB at 728 kB/s)
[282f640e-e96f-4405-b9f0-3e5944a8d0a8/build]   | [INFO] Downloading from central: https://repo.maven.apache.org/maven2/org/apache/maven/maven-artifact/3.1.1/maven-artifact-3.1.1.pom
[282f640e-e96f-4405-b9f0-3e5944a8d0a8/build]   | [INFO] Downloaded from central: https://repo.maven.apache.org/maven2/org/apache/maven/maven-artifact/3.1.1/maven-artifact-3.1.1.pom (2.0 kB at 328 kB/s)
[282f640e-e96f-4405-b9f0-3e5944a8d0a8/build]   | [INFO] Downloading from central: https://repo.maven.apache.org/maven2/org/apache/maven/maven/3.1.1/maven-3.1.1.pom
[282f640e-e96f-4405-b9f0-3e5944a8d0a8/build]   | [INFO] Downloaded from central: https://repo.maven.apache.org/maven2/org/apache/maven/maven/3.1.1/maven-3.1.1.pom (22 kB at 3.7 MB/s)
[282f640e-e96f-4405-b9f0-3e5944a8d0a8/build]   | [INFO] Downloading from central: https://repo.maven.apache.org/maven2/org/apache/maven/maven-model/3.1.1/maven-model-3.1.1.pom
[282f640e-e96f-4405-b9f0-3e5944a8d0a8/build]   | [INFO] Downloaded from central: https://repo.maven.apache.org/maven2/org/apache/maven/maven-model/3.1.1/maven-model-3.1.1.pom (4.1 kB at 828 kB/s)
[282f640e-e96f-4405-b9f0-3e5944a8d0a8/build]   | [INFO] Downloading from central: https://repo.maven.apache.org/maven2/org/apache/maven/maven-core/3.1.1/maven-core-3.1.1.pom
[282f640e-e96f-4405-b9f0-3e5944a8d0a8/build]   | [INFO] Downloaded from central: https://repo.maven.apache.org/maven2/org/apache/maven/maven-core/3.1.1/maven-core-3.1.1.pom (7.3 kB at 1.2 MB/s)
[282f640e-e96f-4405-b9f0-3e5944a8d0a8/build]   | [INFO] Downloading from central: https://repo.maven.apache.org/maven2/org/apache/maven/maven-settings/3.1.1/maven-settings-3.1.1.pom
[282f640e-e96f-4405-b9f0-3e5944a8d0a8/build]   | [INFO] Downloaded from central: https://repo.maven.apache.org/maven2/org/apache/maven/maven-settings/3.1.1/maven-settings-3.1.1.pom (2.2 kB at 310 kB/s)
[282f640e-e96f-4405-b9f0-3e5944a8d0a8/build]   | [INFO] Downloading from central: https://repo.maven.apache.org/maven2/org/apache/maven/maven-settings-builder/3.1.1/maven-settings-builder-3.1.1.pom
[282f640e-e96f-4405-b9f0-3e5944a8d0a8/build]   | [INFO] Downloaded from central: https://repo.maven.apache.org/maven2/org/apache/maven/maven-settings-builder/3.1.1/maven-settings-builder-3.1.1.pom (2.6 kB at 324 kB/s)
[282f640e-e96f-4405-b9f0-3e5944a8d0a8/build]   | [INFO] Downloading from central: https://repo.maven.apache.org/maven2/org/codehaus/plexus/plexus-interpolation/1.19/plexus-interpolation-1.19.pom
[282f640e-e96f-4405-b9f0-3e5944a8d0a8/build]   | [INFO] Downloaded from central: https://repo.maven.apache.org/maven2/org/codehaus/plexus/plexus-interpolation/1.19/plexus-interpolation-1.19.pom (1.0 kB at 172 kB/s)
[282f640e-e96f-4405-b9f0-3e5944a8d0a8/build]   | [INFO] Downloading from central: https://repo.maven.apache.org/maven2/org/apache/maven/maven-repository-metadata/3.1.1/maven-repository-metadata-3.1.1.pom
[282f640e-e96f-4405-b9f0-3e5944a8d0a8/build]   | [INFO] Downloaded from central: https://repo.maven.apache.org/maven2/org/apache/maven/maven-repository-metadata/3.1.1/maven-repository-metadata-3.1.1.pom (2.2 kB at 372 kB/s)
[282f640e-e96f-4405-b9f0-3e5944a8d0a8/build]   | [INFO] Downloading from central: https://repo.maven.apache.org/maven2/org/apache/maven/maven-plugin-api/3.1.1/maven-plugin-api-3.1.1.pom
[282f640e-e96f-4405-b9f0-3e5944a8d0a8/build]   | [INFO] Downloaded from central: https://repo.maven.apache.org/maven2/org/apache/maven/maven-plugin-api/3.1.1/maven-plugin-api-3.1.1.pom (3.4 kB at 483 kB/s)
[282f640e-e96f-4405-b9f0-3e5944a8d0a8/build]   | [INFO] Downloading from central: https://repo.maven.apache.org/maven2/org/eclipse/sisu/org.eclipse.sisu.plexus/0.0.0.M5/org.eclipse.sisu.plexus-0.0.0.M5.pom
[282f640e-e96f-4405-b9f0-3e5944a8d0a8/build]   | [INFO] Downloaded from central: https://repo.maven.apache.org/maven2/org/eclipse/sisu/org.eclipse.sisu.plexus/0.0.0.M5/org.eclipse.sisu.plexus-0.0.0.M5.pom (4.8 kB at 690 kB/s)
[282f640e-e96f-4405-b9f0-3e5944a8d0a8/build]   | [INFO] Downloading from central: https://repo.maven.apache.org/maven2/org/eclipse/sisu/sisu-plexus/0.0.0.M5/sisu-plexus-0.0.0.M5.pom
[282f640e-e96f-4405-b9f0-3e5944a8d0a8/build]   | [INFO] Downloaded from central: https://repo.maven.apache.org/maven2/org/eclipse/sisu/sisu-plexus/0.0.0.M5/sisu-plexus-0.0.0.M5.pom (13 kB at 2.2 MB/s)
[282f640e-e96f-4405-b9f0-3e5944a8d0a8/build]   | [INFO] Downloading from central: https://repo.maven.apache.org/maven2/org/eclipse/sisu/org.eclipse.sisu.inject/0.0.0.M5/org.eclipse.sisu.inject-0.0.0.M5.pom
[282f640e-e96f-4405-b9f0-3e5944a8d0a8/build]   | [INFO] Downloaded from central: https://repo.maven.apache.org/maven2/org/eclipse/sisu/org.eclipse.sisu.inject/0.0.0.M5/org.eclipse.sisu.inject-0.0.0.M5.pom (2.5 kB at 229 kB/s)
[282f640e-e96f-4405-b9f0-3e5944a8d0a8/build]   | [INFO] Downloading from central: https://repo.maven.apache.org/maven2/org/eclipse/sisu/sisu-inject/0.0.0.M5/sisu-inject-0.0.0.M5.pom
[282f640e-e96f-4405-b9f0-3e5944a8d0a8/build]   | [INFO] Downloaded from central: https://repo.maven.apache.org/maven2/org/eclipse/sisu/sisu-inject/0.0.0.M5/sisu-inject-0.0.0.M5.pom (14 kB at 2.0 MB/s)
[282f640e-e96f-4405-b9f0-3e5944a8d0a8/build]   | [INFO] Downloading from central: https://repo.maven.apache.org/maven2/org/apache/maven/maven-model-builder/3.1.1/maven-model-builder-3.1.1.pom
[282f640e-e96f-4405-b9f0-3e5944a8d0a8/build]   | [INFO] Downloaded from central: https://repo.maven.apache.org/maven2/org/apache/maven/maven-model-builder/3.1.1/maven-model-builder-3.1.1.pom (2.8 kB at 401 kB/s)
[282f640e-e96f-4405-b9f0-3e5944a8d0a8/build]   | [INFO] Downloading from central: https://repo.maven.apache.org/maven2/org/apache/maven/maven-aether-provider/3.1.1/maven-aether-provider-3.1.1.pom
[282f640e-e96f-4405-b9f0-3e5944a8d0a8/build]   | [INFO] Downloaded from central: https://repo.maven.apache.org/maven2/org/apache/maven/maven-aether-provider/3.1.1/maven-aether-provider-3.1.1.pom (4.1 kB at 682 kB/s)
[282f640e-e96f-4405-b9f0-3e5944a8d0a8/build]   | [INFO] Downloading from central: https://repo.maven.apache.org/maven2/org/codehaus/plexus/plexus-classworlds/2.5.1/plexus-classworlds-2.5.1.pom
[282f640e-e96f-4405-b9f0-3e5944a8d0a8/build]   | [INFO] Downloaded from central: https://repo.maven.apache.org/maven2/org/codehaus/plexus/plexus-classworlds/2.5.1/plexus-classworlds-2.5.1.pom (5.0 kB at 835 kB/s)
[282f640e-e96f-4405-b9f0-3e5944a8d0a8/build]   | [INFO] Downloading from central: https://repo.maven.apache.org/maven2/org/apache/maven/shared/maven-shared-utils/3.3.3/maven-shared-utils-3.3.3.pom
[282f640e-e96f-4405-b9f0-3e5944a8d0a8/build]   | [INFO] Downloaded from central: https://repo.maven.apache.org/maven2/org/apache/maven/shared/maven-shared-utils/3.3.3/maven-shared-utils-3.3.3.pom (5.8 kB at 962 kB/s)
[282f640e-e96f-4405-b9f0-3e5944a8d0a8/build]   | [INFO] Downloading from central: https://repo.maven.apache.org/maven2/commons-io/commons-io/2.6/commons-io-2.6.pom
[282f640e-e96f-4405-b9f0-3e5944a8d0a8/build]   | [INFO] Downloaded from central: https://repo.maven.apache.org/maven2/commons-io/commons-io/2.6/commons-io-2.6.pom (14 kB at 2.0 MB/s)
[282f640e-e96f-4405-b9f0-3e5944a8d0a8/build]   | [INFO] Downloading from central: https://repo.maven.apache.org/maven2/org/apache/commons/commons-parent/42/commons-parent-42.pom
[282f640e-e96f-4405-b9f0-3e5944a8d0a8/build]   | [INFO] Downloaded from central: https://repo.maven.apache.org/maven2/org/apache/commons/commons-parent/42/commons-parent-42.pom (68 kB at 8.5 MB/s)
[282f640e-e96f-4405-b9f0-3e5944a8d0a8/build]   | [INFO] Downloading from central: https://repo.maven.apache.org/maven2/org/apache/apache/18/apache-18.pom
[282f640e-e96f-4405-b9f0-3e5944a8d0a8/build]   | [INFO] Downloaded from central: https://repo.maven.apache.org/maven2/org/apache/apache/18/apache-18.pom (16 kB at 2.6 MB/s)
[282f640e-e96f-4405-b9f0-3e5944a8d0a8/build]   | [INFO] Downloading from central: https://repo.maven.apache.org/maven2/org/apache/commons/commons-compress/1.20/commons-compress-1.20.pom
[282f640e-e96f-4405-b9f0-3e5944a8d0a8/build]   | [INFO] Downloaded from central: https://repo.maven.apache.org/maven2/org/apache/commons/commons-compress/1.20/commons-compress-1.20.pom (18 kB at 2.6 MB/s)
[282f640e-e96f-4405-b9f0-3e5944a8d0a8/build]   | [INFO] Downloading from central: https://repo.maven.apache.org/maven2/org/apache/commons/commons-parent/48/commons-parent-48.pom
[282f640e-e96f-4405-b9f0-3e5944a8d0a8/build]   | [INFO] Downloaded from central: https://repo.maven.apache.org/maven2/org/apache/commons/commons-parent/48/commons-parent-48.pom (72 kB at 8.0 MB/s)
[282f640e-e96f-4405-b9f0-3e5944a8d0a8/build]   | [INFO] Downloading from central: https://repo.maven.apache.org/maven2/org/apache/apache/21/apache-21.pom
[282f640e-e96f-4405-b9f0-3e5944a8d0a8/build]   | [INFO] Downloaded from central: https://repo.maven.apache.org/maven2/org/apache/apache/21/apache-21.pom (17 kB at 1.7 MB/s)
[282f640e-e96f-4405-b9f0-3e5944a8d0a8/build]   | [INFO] Downloading from central: https://repo.maven.apache.org/maven2/org/codehaus/plexus/plexus-archiver/4.2.7/plexus-archiver-4.2.7.pom
[282f640e-e96f-4405-b9f0-3e5944a8d0a8/build]   | [INFO] Downloaded from central: https://repo.maven.apache.org/maven2/org/codehaus/plexus/plexus-archiver/4.2.7/plexus-archiver-4.2.7.pom (4.9 kB at 446 kB/s)
[282f640e-e96f-4405-b9f0-3e5944a8d0a8/build]   | [INFO] Downloading from central: https://repo.maven.apache.org/maven2/org/codehaus/plexus/plexus/8/plexus-8.pom
[282f640e-e96f-4405-b9f0-3e5944a8d0a8/build]   | [INFO] Downloaded from central: https://repo.maven.apache.org/maven2/org/codehaus/plexus/plexus/8/plexus-8.pom (25 kB at 3.2 MB/s)
[282f640e-e96f-4405-b9f0-3e5944a8d0a8/build]   | [INFO] Downloading from central: https://repo.maven.apache.org/maven2/org/codehaus/plexus/plexus-utils/3.4.1/plexus-utils-3.4.1.pom
[282f640e-e96f-4405-b9f0-3e5944a8d0a8/build]   | [INFO] Downloaded from central: https://repo.maven.apache.org/maven2/org/codehaus/plexus/plexus-utils/3.4.1/plexus-utils-3.4.1.pom (8.0 kB at 796 kB/s)
[282f640e-e96f-4405-b9f0-3e5944a8d0a8/build]   | [INFO] Downloading from central: https://repo.maven.apache.org/maven2/org/codehaus/plexus/plexus-io/3.2.0/plexus-io-3.2.0.pom
[282f640e-e96f-4405-b9f0-3e5944a8d0a8/build]   | [INFO] Downloaded from central: https://repo.maven.apache.org/maven2/org/codehaus/plexus/plexus-io/3.2.0/plexus-io-3.2.0.pom (4.5 kB at 758 kB/s)
[282f640e-e96f-4405-b9f0-3e5944a8d0a8/build]   | [INFO] Downloading from central: https://repo.maven.apache.org/maven2/org/codehaus/plexus/plexus-utils/3.3.0/plexus-utils-3.3.0.pom
[282f640e-e96f-4405-b9f0-3e5944a8d0a8/build]   | [INFO] Downloaded from central: https://repo.maven.apache.org/maven2/org/codehaus/plexus/plexus-utils/3.3.0/plexus-utils-3.3.0.pom (5.2 kB at 648 kB/s)
[282f640e-e96f-4405-b9f0-3e5944a8d0a8/build]   | [INFO] Downloading from central: https://repo.maven.apache.org/maven2/org/apache/commons/commons-compress/1.21/commons-compress-1.21.pom
[282f640e-e96f-4405-b9f0-3e5944a8d0a8/build]   | [INFO] Downloaded from central: https://repo.maven.apache.org/maven2/org/apache/commons/commons-compress/1.21/commons-compress-1.21.pom (20 kB at 3.3 MB/s)
[282f640e-e96f-4405-b9f0-3e5944a8d0a8/build]   | [INFO] Downloading from central: https://repo.maven.apache.org/maven2/org/apache/commons/commons-parent/52/commons-parent-52.pom
[282f640e-e96f-4405-b9f0-3e5944a8d0a8/build]   | [INFO] Downloaded from central: https://repo.maven.apache.org/maven2/org/apache/commons/commons-parent/52/commons-parent-52.pom (79 kB at 6.1 MB/s)
[282f640e-e96f-4405-b9f0-3e5944a8d0a8/build]   | [INFO] Downloading from central: https://repo.maven.apache.org/maven2/org/iq80/snappy/snappy/0.4/snappy-0.4.pom
[282f640e-e96f-4405-b9f0-3e5944a8d0a8/build]   | [INFO] Downloaded from central: https://repo.maven.apache.org/maven2/org/iq80/snappy/snappy/0.4/snappy-0.4.pom (15 kB at 1.0 MB/s)
[282f640e-e96f-4405-b9f0-3e5944a8d0a8/build]   | [INFO] Downloading from central: https://repo.maven.apache.org/maven2/org/tukaani/xz/1.9/xz-1.9.pom
[282f640e-e96f-4405-b9f0-3e5944a8d0a8/build]   | [INFO] Downloaded from central: https://repo.maven.apache.org/maven2/org/tukaani/xz/1.9/xz-1.9.pom (2.0 kB at 157 kB/s)
[282f640e-e96f-4405-b9f0-3e5944a8d0a8/build]   | [INFO] Downloading from central: https://repo.maven.apache.org/maven2/org/codehaus/plexus/plexus-interpolation/1.26/plexus-interpolation-1.26.pom
[282f640e-e96f-4405-b9f0-3e5944a8d0a8/build]   | [INFO] Downloaded from central: https://repo.maven.apache.org/maven2/org/codehaus/plexus/plexus-interpolation/1.26/plexus-interpolation-1.26.pom (2.7 kB at 442 kB/s)
[282f640e-e96f-4405-b9f0-3e5944a8d0a8/build]   | [INFO] Downloading from central: https://repo.maven.apache.org/maven2/org/apache/maven/shared/maven-shared-utils/3.3.4/maven-shared-utils-3.3.4.pom
[282f640e-e96f-4405-b9f0-3e5944a8d0a8/build]   | [INFO] Downloaded from central: https://repo.maven.apache.org/maven2/org/apache/maven/shared/maven-shared-utils/3.3.4/maven-shared-utils-3.3.4.pom (5.8 kB at 486 kB/s)
[282f640e-e96f-4405-b9f0-3e5944a8d0a8/build]   | [INFO] Downloading from central: https://repo.maven.apache.org/maven2/org/codehaus/plexus/plexus-utils/3.3.1/plexus-utils-3.3.1.pom
[282f640e-e96f-4405-b9f0-3e5944a8d0a8/build]   | [INFO] Downloaded from central: https://repo.maven.apache.org/maven2/org/codehaus/plexus/plexus-utils/3.3.1/plexus-utils-3.3.1.pom (5.3 kB at 763 kB/s)
[282f640e-e96f-4405-b9f0-3e5944a8d0a8/build]   | [INFO] Downloading from central: https://repo.maven.apache.org/maven2/org/apache/maven/maven-plugin-api/3.1.0/maven-plugin-api-3.1.0.jar
[282f640e-e96f-4405-b9f0-3e5944a8d0a8/build]   | [INFO] Downloading from central: https://repo.maven.apache.org/maven2/org/apache/maven/maven-model/3.1.0/maven-model-3.1.0.jar
[282f640e-e96f-4405-b9f0-3e5944a8d0a8/build]   | [INFO] Downloading from central: https://repo.maven.apache.org/maven2/org/eclipse/sisu/org.eclipse.sisu.plexus/0.0.0.M2a/org.eclipse.sisu.plexus-0.0.0.M2a.jar
[282f640e-e96f-4405-b9f0-3e5944a8d0a8/build]   | [INFO] Downloading from central: https://repo.maven.apache.org/maven2/javax/enterprise/cdi-api/1.0/cdi-api-1.0.jar
[282f640e-e96f-4405-b9f0-3e5944a8d0a8/build]   | [INFO] Downloading from central: https://repo.maven.apache.org/maven2/javax/annotation/jsr250-api/1.0/jsr250-api-1.0.jar
[282f640e-e96f-4405-b9f0-3e5944a8d0a8/build]   | [INFO] Downloaded from central: https://repo.maven.apache.org/maven2/org/apache/maven/maven-plugin-api/3.1.0/maven-plugin-api-3.1.0.jar (50 kB at 1.7 MB/s)
[282f640e-e96f-4405-b9f0-3e5944a8d0a8/build]   | [INFO] Downloading from central: https://repo.maven.apache.org/maven2/javax/inject/javax.inject/1/javax.inject-1.jar
[282f640e-e96f-4405-b9f0-3e5944a8d0a8/build]   | [INFO] Downloaded from central: https://repo.maven.apache.org/maven2/org/eclipse/sisu/org.eclipse.sisu.plexus/0.0.0.M2a/org.eclipse.sisu.plexus-0.0.0.M2a.jar (202 kB at 6.3 MB/s)
[282f640e-e96f-4405-b9f0-3e5944a8d0a8/build]   | [INFO] Downloading from central: https://repo.maven.apache.org/maven2/com/google/guava/guava/10.0.1/guava-10.0.1.jar
[282f640e-e96f-4405-b9f0-3e5944a8d0a8/build]   | [INFO] Downloaded from central: https://repo.maven.apache.org/maven2/org/apache/maven/maven-model/3.1.0/maven-model-3.1.0.jar (164 kB at 4.7 MB/s)
[282f640e-e96f-4405-b9f0-3e5944a8d0a8/build]   | [INFO] Downloading from central: https://repo.maven.apache.org/maven2/com/google/code/findbugs/jsr305/1.3.9/jsr305-1.3.9.jar
[282f640e-e96f-4405-b9f0-3e5944a8d0a8/build]   | [INFO] Downloaded from central: https://repo.maven.apache.org/maven2/javax/annotation/jsr250-api/1.0/jsr250-api-1.0.jar (5.8 kB at 136 kB/s)
[282f640e-e96f-4405-b9f0-3e5944a8d0a8/build]   | [INFO] Downloading from central: https://repo.maven.apache.org/maven2/org/sonatype/sisu/sisu-guice/3.1.0/sisu-guice-3.1.0-no_aop.jar
[282f640e-e96f-4405-b9f0-3e5944a8d0a8/build]   | [INFO] Downloaded from central: https://repo.maven.apache.org/maven2/javax/inject/javax.inject/1/javax.inject-1.jar (2.5 kB at 54 kB/s)
[282f640e-e96f-4405-b9f0-3e5944a8d0a8/build]   | [INFO] Downloading from central: https://repo.maven.apache.org/maven2/aopalliance/aopalliance/1.0/aopalliance-1.0.jar
[282f640e-e96f-4405-b9f0-3e5944a8d0a8/build]   | [INFO] Downloaded from central: https://repo.maven.apache.org/maven2/javax/enterprise/cdi-api/1.0/cdi-api-1.0.jar (45 kB at 898 kB/s)
[282f640e-e96f-4405-b9f0-3e5944a8d0a8/build]   | [INFO] Downloading from central: https://repo.maven.apache.org/maven2/org/eclipse/sisu/org.eclipse.sisu.inject/0.0.0.M2a/org.eclipse.sisu.inject-0.0.0.M2a.jar
[282f640e-e96f-4405-b9f0-3e5944a8d0a8/build]   | [INFO] Downloaded from central: https://repo.maven.apache.org/maven2/com/google/code/findbugs/jsr305/1.3.9/jsr305-1.3.9.jar (33 kB at 647 kB/s)
[282f640e-e96f-4405-b9f0-3e5944a8d0a8/build]   | [INFO] Downloading from central: https://repo.maven.apache.org/maven2/asm/asm/3.3.1/asm-3.3.1.jar
[282f640e-e96f-4405-b9f0-3e5944a8d0a8/build]   | [INFO] Downloaded from central: https://repo.maven.apache.org/maven2/aopalliance/aopalliance/1.0/aopalliance-1.0.jar (4.5 kB at 77 kB/s)
[282f640e-e96f-4405-b9f0-3e5944a8d0a8/build]   | [INFO] Downloading from central: https://repo.maven.apache.org/maven2/org/apache/maven/maven-core/3.1.0/maven-core-3.1.0.jar
[282f640e-e96f-4405-b9f0-3e5944a8d0a8/build]   | [INFO] Downloaded from central: https://repo.maven.apache.org/maven2/org/eclipse/sisu/org.eclipse.sisu.inject/0.0.0.M2a/org.eclipse.sisu.inject-0.0.0.M2a.jar (202 kB at 3.3 MB/s)
[282f640e-e96f-4405-b9f0-3e5944a8d0a8/build]   | [INFO] Downloaded from central: https://repo.maven.apache.org/maven2/asm/asm/3.3.1/asm-3.3.1.jar (44 kB at 670 kB/s)
[282f640e-e96f-4405-b9f0-3e5944a8d0a8/build]   | [INFO] Downloading from central: https://repo.maven.apache.org/maven2/org/apache/maven/maven-settings-builder/3.1.0/maven-settings-builder-3.1.0.jar
[282f640e-e96f-4405-b9f0-3e5944a8d0a8/build]   | [INFO] Downloaded from central: https://repo.maven.apache.org/maven2/org/sonatype/sisu/sisu-guice/3.1.0/sisu-guice-3.1.0-no_aop.jar (357 kB at 5.3 MB/s)
[282f640e-e96f-4405-b9f0-3e5944a8d0a8/build]   | [INFO] Downloading from central: https://repo.maven.apache.org/maven2/org/apache/maven/maven-repository-metadata/3.1.0/maven-repository-metadata-3.1.0.jar
[282f640e-e96f-4405-b9f0-3e5944a8d0a8/build]   | [INFO] Downloading from central: https://repo.maven.apache.org/maven2/org/apache/maven/maven-settings/3.1.0/maven-settings-3.1.0.jar
[282f640e-e96f-4405-b9f0-3e5944a8d0a8/build]   | [INFO] Downloaded from central: https://repo.maven.apache.org/maven2/org/apache/maven/maven-repository-metadata/3.1.0/maven-repository-metadata-3.1.0.jar (30 kB at 391 kB/s)
[282f640e-e96f-4405-b9f0-3e5944a8d0a8/build]   | [INFO] Downloading from central: https://repo.maven.apache.org/maven2/org/apache/maven/maven-model-builder/3.1.0/maven-model-builder-3.1.0.jar
[282f640e-e96f-4405-b9f0-3e5944a8d0a8/build]   | [INFO] Downloaded from central: https://repo.maven.apache.org/maven2/org/apache/maven/maven-settings-builder/3.1.0/maven-settings-builder-3.1.0.jar (41 kB at 518 kB/s)
[282f640e-e96f-4405-b9f0-3e5944a8d0a8/build]   | [INFO] Downloading from central: https://repo.maven.apache.org/maven2/org/apache/maven/maven-aether-provider/3.1.0/maven-aether-provider-3.1.0.jar
[282f640e-e96f-4405-b9f0-3e5944a8d0a8/build]   | [INFO] Downloaded from central: https://repo.maven.apache.org/maven2/org/apache/maven/maven-core/3.1.0/maven-core-3.1.0.jar (563 kB at 5.8 MB/s)
[282f640e-e96f-4405-b9f0-3e5944a8d0a8/build]   | [INFO] Downloaded from central: https://repo.maven.apache.org/maven2/org/apache/maven/maven-model-builder/3.1.0/maven-model-builder-3.1.0.jar (159 kB at 1.8 MB/s)
[282f640e-e96f-4405-b9f0-3e5944a8d0a8/build]   | [INFO] Downloading from central: https://repo.maven.apache.org/maven2/org/eclipse/aether/aether-spi/0.9.0.M2/aether-spi-0.9.0.M2.jar
[282f640e-e96f-4405-b9f0-3e5944a8d0a8/build]   | [INFO] Downloading from central: https://repo.maven.apache.org/maven2/org/eclipse/aether/aether-impl/0.9.0.M2/aether-impl-0.9.0.M2.jar
[282f640e-e96f-4405-b9f0-3e5944a8d0a8/build]   | [INFO] Downloaded from central: https://repo.maven.apache.org/maven2/org/apache/maven/maven-settings/3.1.0/maven-settings-3.1.0.jar (47 kB at 429 kB/s)
[282f640e-e96f-4405-b9f0-3e5944a8d0a8/build]   | [INFO] Downloading from central: https://repo.maven.apache.org/maven2/org/eclipse/aether/aether-api/0.9.0.M2/aether-api-0.9.0.M2.jar
[282f640e-e96f-4405-b9f0-3e5944a8d0a8/build]   | [INFO] Downloaded from central: https://repo.maven.apache.org/maven2/com/google/guava/guava/10.0.1/guava-10.0.1.jar (1.5 MB at 13 MB/s)
[282f640e-e96f-4405-b9f0-3e5944a8d0a8/build]   | [INFO] Downloading from central: https://repo.maven.apache.org/maven2/org/eclipse/aether/aether-util/0.9.0.M2/aether-util-0.9.0.M2.jar
[282f640e-e96f-4405-b9f0-3e5944a8d0a8/build]   | [INFO] Downloaded from central: https://repo.maven.apache.org/maven2/org/eclipse/aether/aether-api/0.9.0.M2/aether-api-0.9.0.M2.jar (134 kB at 1.2 MB/s)
[282f640e-e96f-4405-b9f0-3e5944a8d0a8/build]   | [INFO] Downloading from central: https://repo.maven.apache.org/maven2/org/codehaus/plexus/plexus-interpolation/1.16/plexus-interpolation-1.16.jar
[282f640e-e96f-4405-b9f0-3e5944a8d0a8/build]   | [INFO] Downloaded from central: https://repo.maven.apache.org/maven2/org/eclipse/aether/aether-impl/0.9.0.M2/aether-impl-0.9.0.M2.jar (145 kB at 1.3 MB/s)
[282f640e-e96f-4405-b9f0-3e5944a8d0a8/build]   | [INFO] Downloading from central: https://repo.maven.apache.org/maven2/org/codehaus/plexus/plexus-classworlds/2.4.2/plexus-classworlds-2.4.2.jar
[282f640e-e96f-4405-b9f0-3e5944a8d0a8/build]   | [INFO] Downloaded from central: https://repo.maven.apache.org/maven2/org/apache/maven/maven-aether-provider/3.1.0/maven-aether-provider-3.1.0.jar (60 kB at 546 kB/s)
[282f640e-e96f-4405-b9f0-3e5944a8d0a8/build]   | [INFO] Downloading from central: https://repo.maven.apache.org/maven2/org/codehaus/plexus/plexus-component-annotations/2.0.0/plexus-component-annotations-2.0.0.jar
[282f640e-e96f-4405-b9f0-3e5944a8d0a8/build]   | [INFO] Downloaded from central: https://repo.maven.apache.org/maven2/org/eclipse/aether/aether-util/0.9.0.M2/aether-util-0.9.0.M2.jar (134 kB at 1.2 MB/s)
[282f640e-e96f-4405-b9f0-3e5944a8d0a8/build]   | [INFO] Downloading from central: https://repo.maven.apache.org/maven2/org/sonatype/plexus/plexus-sec-dispatcher/1.3/plexus-sec-dispatcher-1.3.jar
[282f640e-e96f-4405-b9f0-3e5944a8d0a8/build]   | [INFO] Downloaded from central: https://repo.maven.apache.org/maven2/org/codehaus/plexus/plexus-classworlds/2.4.2/plexus-classworlds-2.4.2.jar (47 kB at 408 kB/s)
[282f640e-e96f-4405-b9f0-3e5944a8d0a8/build]   | [INFO] Downloading from central: https://repo.maven.apache.org/maven2/org/sonatype/plexus/plexus-cipher/1.4/plexus-cipher-1.4.jar
[282f640e-e96f-4405-b9f0-3e5944a8d0a8/build]   | [INFO] Downloaded from central: https://repo.maven.apache.org/maven2/org/eclipse/aether/aether-spi/0.9.0.M2/aether-spi-0.9.0.M2.jar (18 kB at 153 kB/s)
[282f640e-e96f-4405-b9f0-3e5944a8d0a8/build]   | [INFO] Downloading from central: https://repo.maven.apache.org/maven2/org/apache/maven/maven-artifact/3.1.0/maven-artifact-3.1.0.jar
[282f640e-e96f-4405-b9f0-3e5944a8d0a8/build]   | [INFO] Downloaded from central: https://repo.maven.apache.org/maven2/org/sonatype/plexus/plexus-cipher/1.4/plexus-cipher-1.4.jar (13 kB at 112 kB/s)
[282f640e-e96f-4405-b9f0-3e5944a8d0a8/build]   | [INFO] Downloading from central: https://repo.maven.apache.org/maven2/org/apache/maven/shared/file-management/3.0.0/file-management-3.0.0.jar
[282f640e-e96f-4405-b9f0-3e5944a8d0a8/build]   | [INFO] Downloaded from central: https://repo.maven.apache.org/maven2/org/sonatype/plexus/plexus-sec-dispatcher/1.3/plexus-sec-dispatcher-1.3.jar (29 kB at 230 kB/s)
[282f640e-e96f-4405-b9f0-3e5944a8d0a8/build]   | [INFO] Downloading from central: https://repo.maven.apache.org/maven2/org/apache/maven/shared/maven-shared-io/3.0.0/maven-shared-io-3.0.0.jar
[282f640e-e96f-4405-b9f0-3e5944a8d0a8/build]   | [INFO] Downloaded from central: https://repo.maven.apache.org/maven2/org/codehaus/plexus/plexus-component-annotations/2.0.0/plexus-component-annotations-2.0.0.jar (4.2 kB at 34 kB/s)
[282f640e-e96f-4405-b9f0-3e5944a8d0a8/build]   | [INFO] Downloading from central: https://repo.maven.apache.org/maven2/org/apache/maven/maven-compat/3.0/maven-compat-3.0.jar
[282f640e-e96f-4405-b9f0-3e5944a8d0a8/build]   | [INFO] Downloaded from central: https://repo.maven.apache.org/maven2/org/codehaus/plexus/plexus-interpolation/1.16/plexus-interpolation-1.16.jar (61 kB at 483 kB/s)
[282f640e-e96f-4405-b9f0-3e5944a8d0a8/build]   | [INFO] Downloading from central: https://repo.maven.apache.org/maven2/org/sonatype/sisu/sisu-inject-plexus/1.4.2/sisu-inject-plexus-1.4.2.jar
[282f640e-e96f-4405-b9f0-3e5944a8d0a8/build]   | [INFO] Downloaded from central: https://repo.maven.apache.org/maven2/org/apache/maven/shared/file-management/3.0.0/file-management-3.0.0.jar (35 kB at 278 kB/s)
[282f640e-e96f-4405-b9f0-3e5944a8d0a8/build]   | [INFO] Downloading from central: https://repo.maven.apache.org/maven2/org/sonatype/sisu/sisu-inject-bean/1.4.2/sisu-inject-bean-1.4.2.jar
[282f640e-e96f-4405-b9f0-3e5944a8d0a8/build]   | [INFO] Downloaded from central: https://repo.maven.apache.org/maven2/org/apache/maven/shared/maven-shared-io/3.0.0/maven-shared-io-3.0.0.jar (41 kB at 314 kB/s)
[282f640e-e96f-4405-b9f0-3e5944a8d0a8/build]   | [INFO] Downloading from central: https://repo.maven.apache.org/maven2/org/sonatype/sisu/sisu-guice/2.1.7/sisu-guice-2.1.7-noaop.jar
[282f640e-e96f-4405-b9f0-3e5944a8d0a8/build]   | [INFO] Downloaded from central: https://repo.maven.apache.org/maven2/org/apache/maven/maven-artifact/3.1.0/maven-artifact-3.1.0.jar (52 kB at 384 kB/s)
[282f640e-e96f-4405-b9f0-3e5944a8d0a8/build]   | [INFO] Downloading from central: https://repo.maven.apache.org/maven2/org/apache/maven/wagon/wagon-provider-api/2.10/wagon-provider-api-2.10.jar
[282f640e-e96f-4405-b9f0-3e5944a8d0a8/build]   | [INFO] Downloaded from central: https://repo.maven.apache.org/maven2/org/sonatype/sisu/sisu-inject-plexus/1.4.2/sisu-inject-plexus-1.4.2.jar (202 kB at 1.4 MB/s)
[282f640e-e96f-4405-b9f0-3e5944a8d0a8/build]   | [INFO] Downloading from central: https://repo.maven.apache.org/maven2/org/apache/maven/maven-archiver/3.5.2/maven-archiver-3.5.2.jar
[282f640e-e96f-4405-b9f0-3e5944a8d0a8/build]   | [INFO] Downloaded from central: https://repo.maven.apache.org/maven2/org/apache/maven/maven-compat/3.0/maven-compat-3.0.jar (285 kB at 2.0 MB/s)
[282f640e-e96f-4405-b9f0-3e5944a8d0a8/build]   | [INFO] Downloading from central: https://repo.maven.apache.org/maven2/commons-io/commons-io/2.6/commons-io-2.6.jar
[282f640e-e96f-4405-b9f0-3e5944a8d0a8/build]   | [INFO] Downloaded from central: https://repo.maven.apache.org/maven2/org/sonatype/sisu/sisu-inject-bean/1.4.2/sisu-inject-bean-1.4.2.jar (153 kB at 1.1 MB/s)
[282f640e-e96f-4405-b9f0-3e5944a8d0a8/build]   | [INFO] Downloading from central: https://repo.maven.apache.org/maven2/org/apache/commons/commons-compress/1.20/commons-compress-1.20.jar
[282f640e-e96f-4405-b9f0-3e5944a8d0a8/build]   | [INFO] Downloaded from central: https://repo.maven.apache.org/maven2/org/apache/maven/wagon/wagon-provider-api/2.10/wagon-provider-api-2.10.jar (54 kB at 369 kB/s)
[282f640e-e96f-4405-b9f0-3e5944a8d0a8/build]   | [INFO] Downloading from central: https://repo.maven.apache.org/maven2/org/codehaus/plexus/plexus-archiver/4.2.7/plexus-archiver-4.2.7.jar
[282f640e-e96f-4405-b9f0-3e5944a8d0a8/build]   | [INFO] Downloaded from central: https://repo.maven.apache.org/maven2/commons-io/commons-io/2.6/commons-io-2.6.jar (215 kB at 1.4 MB/s)
[282f640e-e96f-4405-b9f0-3e5944a8d0a8/build]   | [INFO] Downloaded from central: https://repo.maven.apache.org/maven2/org/apache/maven/maven-archiver/3.5.2/maven-archiver-3.5.2.jar (26 kB at 167 kB/s)
[282f640e-e96f-4405-b9f0-3e5944a8d0a8/build]   | [INFO] Downloading from central: https://repo.maven.apache.org/maven2/org/codehaus/plexus/plexus-io/3.2.0/plexus-io-3.2.0.jar
[282f640e-e96f-4405-b9f0-3e5944a8d0a8/build]   | [INFO] Downloaded from central: https://repo.maven.apache.org/maven2/org/sonatype/sisu/sisu-guice/2.1.7/sisu-guice-2.1.7-noaop.jar (472 kB at 3.0 MB/s)
[282f640e-e96f-4405-b9f0-3e5944a8d0a8/build]   | [INFO] Downloading from central: https://repo.maven.apache.org/maven2/org/tukaani/xz/1.9/xz-1.9.jar
[282f640e-e96f-4405-b9f0-3e5944a8d0a8/build]   | [INFO] Downloading from central: https://repo.maven.apache.org/maven2/org/iq80/snappy/snappy/0.4/snappy-0.4.jar
[282f640e-e96f-4405-b9f0-3e5944a8d0a8/build]   | [INFO] Downloaded from central: https://repo.maven.apache.org/maven2/org/codehaus/plexus/plexus-archiver/4.2.7/plexus-archiver-4.2.7.jar (195 kB at 1.2 MB/s)
[282f640e-e96f-4405-b9f0-3e5944a8d0a8/build]   | [INFO] Downloading from central: https://repo.maven.apache.org/maven2/org/apache/maven/shared/maven-shared-utils/3.3.4/maven-shared-utils-3.3.4.jar
[282f640e-e96f-4405-b9f0-3e5944a8d0a8/build]   | [INFO] Downloaded from central: https://repo.maven.apache.org/maven2/org/iq80/snappy/snappy/0.4/snappy-0.4.jar (58 kB at 349 kB/s)
[282f640e-e96f-4405-b9f0-3e5944a8d0a8/build]   | [INFO] Downloading from central: https://repo.maven.apache.org/maven2/org/codehaus/plexus/plexus-utils/3.3.1/plexus-utils-3.3.1.jar
[282f640e-e96f-4405-b9f0-3e5944a8d0a8/build]   | [INFO] Downloaded from central: https://repo.maven.apache.org/maven2/org/apache/commons/commons-compress/1.20/commons-compress-1.20.jar (632 kB at 3.7 MB/s)
[282f640e-e96f-4405-b9f0-3e5944a8d0a8/build]   | [INFO] Downloaded from central: https://repo.maven.apache.org/maven2/org/codehaus/plexus/plexus-io/3.2.0/plexus-io-3.2.0.jar (76 kB at 447 kB/s)
[282f640e-e96f-4405-b9f0-3e5944a8d0a8/build]   | [INFO] Downloaded from central: https://repo.maven.apache.org/maven2/org/tukaani/xz/1.9/xz-1.9.jar (116 kB at 678 kB/s)
[282f640e-e96f-4405-b9f0-3e5944a8d0a8/build]   | [INFO] Downloaded from central: https://repo.maven.apache.org/maven2/org/codehaus/plexus/plexus-utils/3.3.1/plexus-utils-3.3.1.jar (262 kB at 1.5 MB/s)
[282f640e-e96f-4405-b9f0-3e5944a8d0a8/build]   | [INFO] Downloaded from central: https://repo.maven.apache.org/maven2/org/apache/maven/shared/maven-shared-utils/3.3.4/maven-shared-utils-3.3.4.jar (153 kB at 860 kB/s)
[282f640e-e96f-4405-b9f0-3e5944a8d0a8/build]   | [INFO] Building jar: /tmp/0a72ed6f-db53-4878-ba22-51eb0e28a4f7/target/jwarc-0.23.1-SNAPSHOT.jar
[282f640e-e96f-4405-b9f0-3e5944a8d0a8/build]   | [INFO] ------------------------------------------------------------------------
[282f640e-e96f-4405-b9f0-3e5944a8d0a8/build]   | [INFO] BUILD SUCCESS
[282f640e-e96f-4405-b9f0-3e5944a8d0a8/build]   | [INFO] ------------------------------------------------------------------------
[282f640e-e96f-4405-b9f0-3e5944a8d0a8/build]   | [INFO] Total time:  15.269 s
[282f640e-e96f-4405-b9f0-3e5944a8d0a8/build]   | [INFO] Finished at: 2023-11-24T13:58:01Z
[282f640e-e96f-4405-b9f0-3e5944a8d0a8/build]   | [INFO] ------------------------------------------------------------------------
[282f640e-e96f-4405-b9f0-3e5944a8d0a8/build]   ‚úÖ  Success - Main Build with Maven
[282f640e-e96f-4405-b9f0-3e5944a8d0a8/build] unable to get git ref: failed to identify reference (tag/branch) for the checked-out revision 'e00ce46c1e36d68ccec59e8c510fc0f1b50da424'
[282f640e-e96f-4405-b9f0-3e5944a8d0a8/build] unable to get git ref: failed to identify reference (tag/branch) for the checked-out revision 'e00ce46c1e36d68ccec59e8c510fc0f1b50da424'
[282f640e-e96f-4405-b9f0-3e5944a8d0a8/build] unable to get git ref: failed to identify reference (tag/branch) for the checked-out revision 'e00ce46c1e36d68ccec59e8c510fc0f1b50da424'
[282f640e-e96f-4405-b9f0-3e5944a8d0a8/build] unable to get git ref: failed to identify reference (tag/branch) for the checked-out revision 'e00ce46c1e36d68ccec59e8c510fc0f1b50da424'
[282f640e-e96f-4405-b9f0-3e5944a8d0a8/build] unable to get git ref: failed to identify reference (tag/branch) for the checked-out revision 'e00ce46c1e36d68ccec59e8c510fc0f1b50da424'
[282f640e-e96f-4405-b9f0-3e5944a8d0a8/build] ‚≠ê Run Post Set up JDK 11
[282f640e-e96f-4405-b9f0-3e5944a8d0a8/build]   üê≥  docker exec cmd=[node /var/run/act/actions/actions-setup-java@v2/dist/cleanup/index.js] user= workdir=
[282f640e-e96f-4405-b9f0-3e5944a8d0a8/build]   ‚úÖ  Success - Post Set up JDK 11
[282f640e-e96f-4405-b9f0-3e5944a8d0a8/build] üèÅ  Job succeeded
[282f640e-e96f-4405-b9f0-3e5944a8d0a8/build] unable to get git ref: failed to identify reference (tag/branch) for the checked-out revision 'e00ce46c1e36d68ccec59e8c510fc0f1b50da424'
