[aa6e56de-059f-4c99-bf02-afd188c40d05/build] üöÄ  Start image=gitbugactions:latest
[aa6e56de-059f-4c99-bf02-afd188c40d05/build]   üê≥  docker pull image=gitbugactions:latest platform= username= forcePull=false
[aa6e56de-059f-4c99-bf02-afd188c40d05/build]   üê≥  docker create image=gitbugactions:latest platform= entrypoint=["tail" "-f" "/dev/null"] cmd=[]
[aa6e56de-059f-4c99-bf02-afd188c40d05/build]   üê≥  docker run image=gitbugactions:latest platform= entrypoint=["tail" "-f" "/dev/null"] cmd=[]
[aa6e56de-059f-4c99-bf02-afd188c40d05/build]   üê≥  docker exec cmd=[chown -R 1012:1013 /tmp/6e6bdca5-2c61-4df6-aa9d-e215375cac87] user=0 workdir=
[aa6e56de-059f-4c99-bf02-afd188c40d05/build] unable to get git ref: failed to identify reference (tag/branch) for the checked-out revision '44dcebb6996b39b5a1a67a8633f95b6e4c1bd0f0'
[aa6e56de-059f-4c99-bf02-afd188c40d05/build] unable to get git ref: failed to identify reference (tag/branch) for the checked-out revision '44dcebb6996b39b5a1a67a8633f95b6e4c1bd0f0'
[aa6e56de-059f-4c99-bf02-afd188c40d05/build] unable to get git ref: failed to identify reference (tag/branch) for the checked-out revision '44dcebb6996b39b5a1a67a8633f95b6e4c1bd0f0'
[aa6e56de-059f-4c99-bf02-afd188c40d05/build] unable to get git ref: failed to identify reference (tag/branch) for the checked-out revision '44dcebb6996b39b5a1a67a8633f95b6e4c1bd0f0'
[aa6e56de-059f-4c99-bf02-afd188c40d05/build] unable to get git ref: failed to identify reference (tag/branch) for the checked-out revision '44dcebb6996b39b5a1a67a8633f95b6e4c1bd0f0'
[aa6e56de-059f-4c99-bf02-afd188c40d05/build] unable to get git ref: failed to identify reference (tag/branch) for the checked-out revision '44dcebb6996b39b5a1a67a8633f95b6e4c1bd0f0'
[aa6e56de-059f-4c99-bf02-afd188c40d05/build] unable to get git ref: failed to identify reference (tag/branch) for the checked-out revision '44dcebb6996b39b5a1a67a8633f95b6e4c1bd0f0'
[aa6e56de-059f-4c99-bf02-afd188c40d05/build] unable to get git ref: failed to identify reference (tag/branch) for the checked-out revision '44dcebb6996b39b5a1a67a8633f95b6e4c1bd0f0'
[aa6e56de-059f-4c99-bf02-afd188c40d05/build] unable to get git ref: failed to identify reference (tag/branch) for the checked-out revision '44dcebb6996b39b5a1a67a8633f95b6e4c1bd0f0'
[aa6e56de-059f-4c99-bf02-afd188c40d05/build] ‚≠ê Run Main actions/checkout@v2
[aa6e56de-059f-4c99-bf02-afd188c40d05/build] unable to get git ref: failed to identify reference (tag/branch) for the checked-out revision '44dcebb6996b39b5a1a67a8633f95b6e4c1bd0f0'
[aa6e56de-059f-4c99-bf02-afd188c40d05/build] unable to get git ref: failed to identify reference (tag/branch) for the checked-out revision '44dcebb6996b39b5a1a67a8633f95b6e4c1bd0f0'
[aa6e56de-059f-4c99-bf02-afd188c40d05/build]   üê≥  docker cp src=/tmp/6e6bdca5-2c61-4df6-aa9d-e215375cac87/. dst=/tmp/6e6bdca5-2c61-4df6-aa9d-e215375cac87
[aa6e56de-059f-4c99-bf02-afd188c40d05/build]   üê≥  docker exec cmd=[chown -R 1012:1013 /tmp/6e6bdca5-2c61-4df6-aa9d-e215375cac87] user=0 workdir=
[aa6e56de-059f-4c99-bf02-afd188c40d05/build]   ‚úÖ  Success - Main actions/checkout@v2
[aa6e56de-059f-4c99-bf02-afd188c40d05/build] unable to get git ref: failed to identify reference (tag/branch) for the checked-out revision '44dcebb6996b39b5a1a67a8633f95b6e4c1bd0f0'
[aa6e56de-059f-4c99-bf02-afd188c40d05/build] unable to get git ref: failed to identify reference (tag/branch) for the checked-out revision '44dcebb6996b39b5a1a67a8633f95b6e4c1bd0f0'
[aa6e56de-059f-4c99-bf02-afd188c40d05/build] unable to get git ref: failed to identify reference (tag/branch) for the checked-out revision '44dcebb6996b39b5a1a67a8633f95b6e4c1bd0f0'
[aa6e56de-059f-4c99-bf02-afd188c40d05/build] unable to get git ref: failed to identify reference (tag/branch) for the checked-out revision '44dcebb6996b39b5a1a67a8633f95b6e4c1bd0f0'
[aa6e56de-059f-4c99-bf02-afd188c40d05/build] unable to get git ref: failed to identify reference (tag/branch) for the checked-out revision '44dcebb6996b39b5a1a67a8633f95b6e4c1bd0f0'
[aa6e56de-059f-4c99-bf02-afd188c40d05/build] ‚≠ê Run Main Set up JDK 17
[aa6e56de-059f-4c99-bf02-afd188c40d05/build] unable to get git ref: failed to identify reference (tag/branch) for the checked-out revision '44dcebb6996b39b5a1a67a8633f95b6e4c1bd0f0'
[aa6e56de-059f-4c99-bf02-afd188c40d05/build] unable to get git ref: failed to identify reference (tag/branch) for the checked-out revision '44dcebb6996b39b5a1a67a8633f95b6e4c1bd0f0'
[aa6e56de-059f-4c99-bf02-afd188c40d05/build] unable to get git ref: failed to identify reference (tag/branch) for the checked-out revision '44dcebb6996b39b5a1a67a8633f95b6e4c1bd0f0'
[aa6e56de-059f-4c99-bf02-afd188c40d05/build]   üê≥  docker cp src=/tmp/act-cache/fbf6d1dd-6b80-4626-9633-dac92bd57da5/act/actions-setup-java@v2/ dst=/var/run/act/actions/actions-setup-java@v2/
[aa6e56de-059f-4c99-bf02-afd188c40d05/build]   üê≥  docker exec cmd=[chown -R 1012:1013 /var/run/act/actions/actions-setup-java@v2/] user=0 workdir=
[aa6e56de-059f-4c99-bf02-afd188c40d05/build]   üê≥  docker exec cmd=[node /var/run/act/actions/actions-setup-java@v2/dist/setup/index.js] user= workdir=
[aa6e56de-059f-4c99-bf02-afd188c40d05/build]   | Trying to resolve the latest version from remote
[aa6e56de-059f-4c99-bf02-afd188c40d05/build]   | Resolved latest version as 17.0.9+9
[aa6e56de-059f-4c99-bf02-afd188c40d05/build]   | Trying to download...
[aa6e56de-059f-4c99-bf02-afd188c40d05/build]   | Downloading Java 17.0.9+9 (Adopt-Hotspot) from https://github.com/adoptium/temurin17-binaries/releases/download/jdk-17.0.9%2B9/OpenJDK17U-jdk_x64_linux_hotspot_17.0.9_9.tar.gz ...
[aa6e56de-059f-4c99-bf02-afd188c40d05/build]   üí¨  ::debug::Downloading https://github.com/adoptium/temurin17-binaries/releases/download/jdk-17.0.9%252B9/OpenJDK17U-jdk_x64_linux_hotspot_17.0.9_9.tar.gz
[aa6e56de-059f-4c99-bf02-afd188c40d05/build]   üí¨  ::debug::Destination /tmp/e28b1573-8719-450c-8932-3437de25d09b
[aa6e56de-059f-4c99-bf02-afd188c40d05/build]   üí¨  ::debug::download complete
[aa6e56de-059f-4c99-bf02-afd188c40d05/build]   | Extracting Java archive...
[aa6e56de-059f-4c99-bf02-afd188c40d05/build]   üí¨  ::debug::Checking tar --version
[aa6e56de-059f-4c99-bf02-afd188c40d05/build]   üí¨  ::debug::tar (GNU tar) 1.34%0ACopyright (C) 2021 Free Software Foundation, Inc.%0ALicense GPLv3+: GNU GPL version 3 or later <https://gnu.org/licenses/gpl.html>.%0AThis is free software: you are free to change and redistribute it.%0AThere is NO WARRANTY, to the extent permitted by law.%0A%0AWritten by John Gilmore and Jay Fenlason.
[aa6e56de-059f-4c99-bf02-afd188c40d05/build]   | [command]/usr/bin/tar xz --warning=no-unknown-keyword -C /tmp/851c9fc2-d930-4290-9e58-6fa18fb03ef8 -f /tmp/e28b1573-8719-450c-8932-3437de25d09b
[aa6e56de-059f-4c99-bf02-afd188c40d05/build]   üí¨  ::debug::Caching tool Java_Adopt_jdk 17.0.9-9 x64
[aa6e56de-059f-4c99-bf02-afd188c40d05/build]   üí¨  ::debug::source dir: /tmp/851c9fc2-d930-4290-9e58-6fa18fb03ef8/jdk-17.0.9+9
[aa6e56de-059f-4c99-bf02-afd188c40d05/build]   üí¨  ::debug::destination /opt/hostedtoolcache/Java_Adopt_jdk/17.0.9-9/x64
[aa6e56de-059f-4c99-bf02-afd188c40d05/build]   üí¨  ::debug::finished caching tool
[aa6e56de-059f-4c99-bf02-afd188c40d05/build]   | Java 17.0.9+9 was downloaded
[aa6e56de-059f-4c99-bf02-afd188c40d05/build]   | Setting Java 17.0.9+9 as the default
[aa6e56de-059f-4c99-bf02-afd188c40d05/build]   | 
[aa6e56de-059f-4c99-bf02-afd188c40d05/build]   | Java configuration:
[aa6e56de-059f-4c99-bf02-afd188c40d05/build]   |   Distribution: adopt
[aa6e56de-059f-4c99-bf02-afd188c40d05/build]   |   Version: 17.0.9+9
[aa6e56de-059f-4c99-bf02-afd188c40d05/build]   |   Path: /opt/hostedtoolcache/Java_Adopt_jdk/17.0.9-9/x64
[aa6e56de-059f-4c99-bf02-afd188c40d05/build]   | 
[aa6e56de-059f-4c99-bf02-afd188c40d05/build]   ‚ùì add-matcher /run/act/actions/actions-setup-java@v2/.github/java.json
[aa6e56de-059f-4c99-bf02-afd188c40d05/build]   | Creating settings.xml with server-id: github
[aa6e56de-059f-4c99-bf02-afd188c40d05/build]   | Writing to /home/runner/.m2/settings.xml
[aa6e56de-059f-4c99-bf02-afd188c40d05/build]   ‚úÖ  Success - Main Set up JDK 17
[aa6e56de-059f-4c99-bf02-afd188c40d05/build]   ‚öô  ::set-env:: JAVA_HOME=/opt/hostedtoolcache/Java_Adopt_jdk/17.0.9-9/x64
[aa6e56de-059f-4c99-bf02-afd188c40d05/build]   ‚öô  ::set-output:: distribution=Adopt-Hotspot
[aa6e56de-059f-4c99-bf02-afd188c40d05/build]   ‚öô  ::set-output:: path=/opt/hostedtoolcache/Java_Adopt_jdk/17.0.9-9/x64
[aa6e56de-059f-4c99-bf02-afd188c40d05/build]   ‚öô  ::set-output:: version=17.0.9+9
[aa6e56de-059f-4c99-bf02-afd188c40d05/build]   ‚öô  ::add-path:: /opt/hostedtoolcache/Java_Adopt_jdk/17.0.9-9/x64/bin
[aa6e56de-059f-4c99-bf02-afd188c40d05/build] unable to get git ref: failed to identify reference (tag/branch) for the checked-out revision '44dcebb6996b39b5a1a67a8633f95b6e4c1bd0f0'
[aa6e56de-059f-4c99-bf02-afd188c40d05/build] unable to get git ref: failed to identify reference (tag/branch) for the checked-out revision '44dcebb6996b39b5a1a67a8633f95b6e4c1bd0f0'
[aa6e56de-059f-4c99-bf02-afd188c40d05/build] unable to get git ref: failed to identify reference (tag/branch) for the checked-out revision '44dcebb6996b39b5a1a67a8633f95b6e4c1bd0f0'
[aa6e56de-059f-4c99-bf02-afd188c40d05/build] unable to get git ref: failed to identify reference (tag/branch) for the checked-out revision '44dcebb6996b39b5a1a67a8633f95b6e4c1bd0f0'
[aa6e56de-059f-4c99-bf02-afd188c40d05/build] unable to get git ref: failed to identify reference (tag/branch) for the checked-out revision '44dcebb6996b39b5a1a67a8633f95b6e4c1bd0f0'
[aa6e56de-059f-4c99-bf02-afd188c40d05/build] ‚≠ê Run Main Build with Maven
[aa6e56de-059f-4c99-bf02-afd188c40d05/build] unable to get git ref: failed to identify reference (tag/branch) for the checked-out revision '44dcebb6996b39b5a1a67a8633f95b6e4c1bd0f0'
[aa6e56de-059f-4c99-bf02-afd188c40d05/build] unable to get git ref: failed to identify reference (tag/branch) for the checked-out revision '44dcebb6996b39b5a1a67a8633f95b6e4c1bd0f0'
[aa6e56de-059f-4c99-bf02-afd188c40d05/build] unable to get git ref: failed to identify reference (tag/branch) for the checked-out revision '44dcebb6996b39b5a1a67a8633f95b6e4c1bd0f0'
[aa6e56de-059f-4c99-bf02-afd188c40d05/build] unable to get git ref: failed to identify reference (tag/branch) for the checked-out revision '44dcebb6996b39b5a1a67a8633f95b6e4c1bd0f0'
[aa6e56de-059f-4c99-bf02-afd188c40d05/build]   üê≥  docker exec cmd=[bash --noprofile --norc -e -o pipefail /var/run/act/workflow/2] user= workdir=
[aa6e56de-059f-4c99-bf02-afd188c40d05/build]   | [INFO] Scanning for projects...
[aa6e56de-059f-4c99-bf02-afd188c40d05/build]   | [INFO] Downloading from central: https://repo.maven.apache.org/maven2/org/junit/junit-bom/5.8.2/junit-bom-5.8.2.pom
[aa6e56de-059f-4c99-bf02-afd188c40d05/build]   | [INFO] Downloaded from central: https://repo.maven.apache.org/maven2/org/junit/junit-bom/5.8.2/junit-bom-5.8.2.pom (5.6 kB at 16 kB/s)
[aa6e56de-059f-4c99-bf02-afd188c40d05/build]   | [INFO] 
[aa6e56de-059f-4c99-bf02-afd188c40d05/build]   | [INFO] -----------------------< com.thealgorithms:Java >-----------------------
[aa6e56de-059f-4c99-bf02-afd188c40d05/build]   | [INFO] Building Java 1.0-SNAPSHOT
[aa6e56de-059f-4c99-bf02-afd188c40d05/build]   | [INFO]   from pom.xml
[aa6e56de-059f-4c99-bf02-afd188c40d05/build]   | [INFO] --------------------------------[ jar ]---------------------------------
[aa6e56de-059f-4c99-bf02-afd188c40d05/build]   | [INFO] Downloading from central: https://repo.maven.apache.org/maven2/org/apache/maven/plugins/maven-resources-plugin/2.6/maven-resources-plugin-2.6.pom
[aa6e56de-059f-4c99-bf02-afd188c40d05/build]   | [INFO] Downloaded from central: https://repo.maven.apache.org/maven2/org/apache/maven/plugins/maven-resources-plugin/2.6/maven-resources-plugin-2.6.pom (8.1 kB at 189 kB/s)
[aa6e56de-059f-4c99-bf02-afd188c40d05/build]   | [INFO] Downloading from central: https://repo.maven.apache.org/maven2/org/apache/maven/plugins/maven-plugins/23/maven-plugins-23.pom
[aa6e56de-059f-4c99-bf02-afd188c40d05/build]   | [INFO] Downloaded from central: https://repo.maven.apache.org/maven2/org/apache/maven/plugins/maven-plugins/23/maven-plugins-23.pom (9.2 kB at 263 kB/s)
[aa6e56de-059f-4c99-bf02-afd188c40d05/build]   | [INFO] Downloading from central: https://repo.maven.apache.org/maven2/org/apache/maven/maven-parent/22/maven-parent-22.pom
[aa6e56de-059f-4c99-bf02-afd188c40d05/build]   | [INFO] Downloaded from central: https://repo.maven.apache.org/maven2/org/apache/maven/maven-parent/22/maven-parent-22.pom (30 kB at 647 kB/s)
[aa6e56de-059f-4c99-bf02-afd188c40d05/build]   | [INFO] Downloading from central: https://repo.maven.apache.org/maven2/org/apache/apache/11/apache-11.pom
[aa6e56de-059f-4c99-bf02-afd188c40d05/build]   | [INFO] Downloaded from central: https://repo.maven.apache.org/maven2/org/apache/apache/11/apache-11.pom (15 kB at 478 kB/s)
[aa6e56de-059f-4c99-bf02-afd188c40d05/build]   | [INFO] Downloading from central: https://repo.maven.apache.org/maven2/org/apache/maven/plugins/maven-resources-plugin/2.6/maven-resources-plugin-2.6.jar
[aa6e56de-059f-4c99-bf02-afd188c40d05/build]   | [INFO] Downloaded from central: https://repo.maven.apache.org/maven2/org/apache/maven/plugins/maven-resources-plugin/2.6/maven-resources-plugin-2.6.jar (30 kB at 868 kB/s)
[aa6e56de-059f-4c99-bf02-afd188c40d05/build]   | [INFO] Downloading from central: https://repo.maven.apache.org/maven2/org/apache/maven/plugins/maven-compiler-plugin/3.10.1/maven-compiler-plugin-3.10.1.pom
[aa6e56de-059f-4c99-bf02-afd188c40d05/build]   | [INFO] Downloaded from central: https://repo.maven.apache.org/maven2/org/apache/maven/plugins/maven-compiler-plugin/3.10.1/maven-compiler-plugin-3.10.1.pom (13 kB at 350 kB/s)
[aa6e56de-059f-4c99-bf02-afd188c40d05/build]   | [INFO] Downloading from central: https://repo.maven.apache.org/maven2/org/apache/maven/plugins/maven-plugins/34/maven-plugins-34.pom
[aa6e56de-059f-4c99-bf02-afd188c40d05/build]   | [INFO] Downloaded from central: https://repo.maven.apache.org/maven2/org/apache/maven/plugins/maven-plugins/34/maven-plugins-34.pom (11 kB at 232 kB/s)
[aa6e56de-059f-4c99-bf02-afd188c40d05/build]   | [INFO] Downloading from central: https://repo.maven.apache.org/maven2/org/apache/maven/maven-parent/34/maven-parent-34.pom
[aa6e56de-059f-4c99-bf02-afd188c40d05/build]   | [INFO] Downloaded from central: https://repo.maven.apache.org/maven2/org/apache/maven/maven-parent/34/maven-parent-34.pom (43 kB at 1.3 MB/s)
[aa6e56de-059f-4c99-bf02-afd188c40d05/build]   | [INFO] Downloading from central: https://repo.maven.apache.org/maven2/org/apache/apache/23/apache-23.pom
[aa6e56de-059f-4c99-bf02-afd188c40d05/build]   | [INFO] Downloaded from central: https://repo.maven.apache.org/maven2/org/apache/apache/23/apache-23.pom (18 kB at 558 kB/s)
[aa6e56de-059f-4c99-bf02-afd188c40d05/build]   | [INFO] Downloading from central: https://repo.maven.apache.org/maven2/org/apache/maven/plugins/maven-compiler-plugin/3.10.1/maven-compiler-plugin-3.10.1.jar
[aa6e56de-059f-4c99-bf02-afd188c40d05/build]   | [INFO] Downloaded from central: https://repo.maven.apache.org/maven2/org/apache/maven/plugins/maven-compiler-plugin/3.10.1/maven-compiler-plugin-3.10.1.jar (62 kB at 1.6 MB/s)
[aa6e56de-059f-4c99-bf02-afd188c40d05/build]   | [INFO] Downloading from central: https://repo.maven.apache.org/maven2/org/apache/maven/plugins/maven-surefire-plugin/2.22.2/maven-surefire-plugin-2.22.2.pom
[aa6e56de-059f-4c99-bf02-afd188c40d05/build]   | [INFO] Downloaded from central: https://repo.maven.apache.org/maven2/org/apache/maven/plugins/maven-surefire-plugin/2.22.2/maven-surefire-plugin-2.22.2.pom (5.0 kB at 161 kB/s)
[aa6e56de-059f-4c99-bf02-afd188c40d05/build]   | [INFO] Downloading from central: https://repo.maven.apache.org/maven2/org/apache/maven/surefire/surefire/2.22.2/surefire-2.22.2.pom
[aa6e56de-059f-4c99-bf02-afd188c40d05/build]   | [INFO] Downloaded from central: https://repo.maven.apache.org/maven2/org/apache/maven/surefire/surefire/2.22.2/surefire-2.22.2.pom (26 kB at 679 kB/s)
[aa6e56de-059f-4c99-bf02-afd188c40d05/build]   | [INFO] Downloading from central: https://repo.maven.apache.org/maven2/org/apache/maven/maven-parent/33/maven-parent-33.pom
[aa6e56de-059f-4c99-bf02-afd188c40d05/build]   | [INFO] Downloaded from central: https://repo.maven.apache.org/maven2/org/apache/maven/maven-parent/33/maven-parent-33.pom (44 kB at 1.6 MB/s)
[aa6e56de-059f-4c99-bf02-afd188c40d05/build]   | [INFO] Downloading from central: https://repo.maven.apache.org/maven2/org/apache/apache/21/apache-21.pom
[aa6e56de-059f-4c99-bf02-afd188c40d05/build]   | [INFO] Downloaded from central: https://repo.maven.apache.org/maven2/org/apache/apache/21/apache-21.pom (17 kB at 634 kB/s)
[aa6e56de-059f-4c99-bf02-afd188c40d05/build]   | [INFO] Downloading from central: https://repo.maven.apache.org/maven2/org/apache/maven/plugins/maven-surefire-plugin/2.22.2/maven-surefire-plugin-2.22.2.jar
[aa6e56de-059f-4c99-bf02-afd188c40d05/build]   | [INFO] Downloaded from central: https://repo.maven.apache.org/maven2/org/apache/maven/plugins/maven-surefire-plugin/2.22.2/maven-surefire-plugin-2.22.2.jar (41 kB at 1.2 MB/s)
[aa6e56de-059f-4c99-bf02-afd188c40d05/build]   | [INFO] Downloading from central: https://repo.maven.apache.org/maven2/org/apache/maven/plugins/maven-jar-plugin/2.4/maven-jar-plugin-2.4.pom
[aa6e56de-059f-4c99-bf02-afd188c40d05/build]   | [INFO] Downloaded from central: https://repo.maven.apache.org/maven2/org/apache/maven/plugins/maven-jar-plugin/2.4/maven-jar-plugin-2.4.pom (5.8 kB at 208 kB/s)
[aa6e56de-059f-4c99-bf02-afd188c40d05/build]   | [INFO] Downloading from central: https://repo.maven.apache.org/maven2/org/apache/maven/plugins/maven-plugins/22/maven-plugins-22.pom
[aa6e56de-059f-4c99-bf02-afd188c40d05/build]   | [INFO] Downloaded from central: https://repo.maven.apache.org/maven2/org/apache/maven/plugins/maven-plugins/22/maven-plugins-22.pom (13 kB at 502 kB/s)
[aa6e56de-059f-4c99-bf02-afd188c40d05/build]   | [INFO] Downloading from central: https://repo.maven.apache.org/maven2/org/apache/maven/maven-parent/21/maven-parent-21.pom
[aa6e56de-059f-4c99-bf02-afd188c40d05/build]   | [INFO] Downloaded from central: https://repo.maven.apache.org/maven2/org/apache/maven/maven-parent/21/maven-parent-21.pom (26 kB at 1.0 MB/s)
[aa6e56de-059f-4c99-bf02-afd188c40d05/build]   | [INFO] Downloading from central: https://repo.maven.apache.org/maven2/org/apache/apache/10/apache-10.pom
[aa6e56de-059f-4c99-bf02-afd188c40d05/build]   | [INFO] Downloaded from central: https://repo.maven.apache.org/maven2/org/apache/apache/10/apache-10.pom (15 kB at 569 kB/s)
[aa6e56de-059f-4c99-bf02-afd188c40d05/build]   | [INFO] Downloading from central: https://repo.maven.apache.org/maven2/org/apache/maven/plugins/maven-jar-plugin/2.4/maven-jar-plugin-2.4.jar
[aa6e56de-059f-4c99-bf02-afd188c40d05/build]   | [INFO] Downloaded from central: https://repo.maven.apache.org/maven2/org/apache/maven/plugins/maven-jar-plugin/2.4/maven-jar-plugin-2.4.jar (34 kB at 1.1 MB/s)
[aa6e56de-059f-4c99-bf02-afd188c40d05/build]   | [INFO] Downloading from central: https://repo.maven.apache.org/maven2/org/junit/jupiter/junit-jupiter/5.9.0/junit-jupiter-5.9.0.pom
[aa6e56de-059f-4c99-bf02-afd188c40d05/build]   | [INFO] Downloaded from central: https://repo.maven.apache.org/maven2/org/junit/jupiter/junit-jupiter/5.9.0/junit-jupiter-5.9.0.pom (3.2 kB at 114 kB/s)
[aa6e56de-059f-4c99-bf02-afd188c40d05/build]   | [INFO] Downloading from central: https://repo.maven.apache.org/maven2/org/junit/junit-bom/5.9.0/junit-bom-5.9.0.pom
[aa6e56de-059f-4c99-bf02-afd188c40d05/build]   | [INFO] Downloaded from central: https://repo.maven.apache.org/maven2/org/junit/junit-bom/5.9.0/junit-bom-5.9.0.pom (5.6 kB at 209 kB/s)
[aa6e56de-059f-4c99-bf02-afd188c40d05/build]   | [INFO] Downloading from central: https://repo.maven.apache.org/maven2/org/junit/jupiter/junit-jupiter-api/5.8.2/junit-jupiter-api-5.8.2.pom
[aa6e56de-059f-4c99-bf02-afd188c40d05/build]   | [INFO] Downloaded from central: https://repo.maven.apache.org/maven2/org/junit/jupiter/junit-jupiter-api/5.8.2/junit-jupiter-api-5.8.2.pom (3.2 kB at 110 kB/s)
[aa6e56de-059f-4c99-bf02-afd188c40d05/build]   | [INFO] Downloading from central: https://repo.maven.apache.org/maven2/org/opentest4j/opentest4j/1.2.0/opentest4j-1.2.0.pom
[aa6e56de-059f-4c99-bf02-afd188c40d05/build]   | [INFO] Downloaded from central: https://repo.maven.apache.org/maven2/org/opentest4j/opentest4j/1.2.0/opentest4j-1.2.0.pom (1.7 kB at 65 kB/s)
[aa6e56de-059f-4c99-bf02-afd188c40d05/build]   | [INFO] Downloading from central: https://repo.maven.apache.org/maven2/org/junit/platform/junit-platform-commons/1.8.2/junit-platform-commons-1.8.2.pom
[aa6e56de-059f-4c99-bf02-afd188c40d05/build]   | [INFO] Downloaded from central: https://repo.maven.apache.org/maven2/org/junit/platform/junit-platform-commons/1.8.2/junit-platform-commons-1.8.2.pom (2.8 kB at 109 kB/s)
[aa6e56de-059f-4c99-bf02-afd188c40d05/build]   | [INFO] Downloading from central: https://repo.maven.apache.org/maven2/org/apiguardian/apiguardian-api/1.1.2/apiguardian-api-1.1.2.pom
[aa6e56de-059f-4c99-bf02-afd188c40d05/build]   | [INFO] Downloaded from central: https://repo.maven.apache.org/maven2/org/apiguardian/apiguardian-api/1.1.2/apiguardian-api-1.1.2.pom (1.5 kB at 59 kB/s)
[aa6e56de-059f-4c99-bf02-afd188c40d05/build]   | [INFO] Downloading from central: https://repo.maven.apache.org/maven2/org/junit/jupiter/junit-jupiter-params/5.8.2/junit-jupiter-params-5.8.2.pom
[aa6e56de-059f-4c99-bf02-afd188c40d05/build]   | [INFO] Downloaded from central: https://repo.maven.apache.org/maven2/org/junit/jupiter/junit-jupiter-params/5.8.2/junit-jupiter-params-5.8.2.pom (3.0 kB at 120 kB/s)
[aa6e56de-059f-4c99-bf02-afd188c40d05/build]   | [INFO] Downloading from central: https://repo.maven.apache.org/maven2/org/junit/jupiter/junit-jupiter-engine/5.8.2/junit-jupiter-engine-5.8.2.pom
[aa6e56de-059f-4c99-bf02-afd188c40d05/build]   | [INFO] Downloaded from central: https://repo.maven.apache.org/maven2/org/junit/jupiter/junit-jupiter-engine/5.8.2/junit-jupiter-engine-5.8.2.pom (3.2 kB at 133 kB/s)
[aa6e56de-059f-4c99-bf02-afd188c40d05/build]   | [INFO] Downloading from central: https://repo.maven.apache.org/maven2/org/junit/platform/junit-platform-engine/1.8.2/junit-platform-engine-1.8.2.pom
[aa6e56de-059f-4c99-bf02-afd188c40d05/build]   | [INFO] Downloaded from central: https://repo.maven.apache.org/maven2/org/junit/platform/junit-platform-engine/1.8.2/junit-platform-engine-1.8.2.pom (3.2 kB at 133 kB/s)
[aa6e56de-059f-4c99-bf02-afd188c40d05/build]   | [INFO] Downloading from central: https://repo.maven.apache.org/maven2/org/assertj/assertj-core/3.23.1/assertj-core-3.23.1.pom
[aa6e56de-059f-4c99-bf02-afd188c40d05/build]   | [INFO] Downloaded from central: https://repo.maven.apache.org/maven2/org/assertj/assertj-core/3.23.1/assertj-core-3.23.1.pom (24 kB at 907 kB/s)
[aa6e56de-059f-4c99-bf02-afd188c40d05/build]   | [INFO] Downloading from central: https://repo.maven.apache.org/maven2/org/assertj/assertj-parent-pom/2.2.17/assertj-parent-pom-2.2.17.pom
[aa6e56de-059f-4c99-bf02-afd188c40d05/build]   | [INFO] Downloaded from central: https://repo.maven.apache.org/maven2/org/assertj/assertj-parent-pom/2.2.17/assertj-parent-pom-2.2.17.pom (24 kB at 900 kB/s)
[aa6e56de-059f-4c99-bf02-afd188c40d05/build]   | [INFO] Downloading from central: https://repo.maven.apache.org/maven2/org/mockito/mockito-bom/4.5.1/mockito-bom-4.5.1.pom
[aa6e56de-059f-4c99-bf02-afd188c40d05/build]   | [INFO] Downloaded from central: https://repo.maven.apache.org/maven2/org/mockito/mockito-bom/4.5.1/mockito-bom-4.5.1.pom (3.0 kB at 106 kB/s)
[aa6e56de-059f-4c99-bf02-afd188c40d05/build]   | [INFO] Downloading from central: https://repo.maven.apache.org/maven2/net/bytebuddy/byte-buddy/1.12.10/byte-buddy-1.12.10.pom
[aa6e56de-059f-4c99-bf02-afd188c40d05/build]   | [INFO] Downloaded from central: https://repo.maven.apache.org/maven2/net/bytebuddy/byte-buddy/1.12.10/byte-buddy-1.12.10.pom (17 kB at 593 kB/s)
[aa6e56de-059f-4c99-bf02-afd188c40d05/build]   | [INFO] Downloading from central: https://repo.maven.apache.org/maven2/net/bytebuddy/byte-buddy-parent/1.12.10/byte-buddy-parent-1.12.10.pom
[aa6e56de-059f-4c99-bf02-afd188c40d05/build]   | [INFO] Downloaded from central: https://repo.maven.apache.org/maven2/net/bytebuddy/byte-buddy-parent/1.12.10/byte-buddy-parent-1.12.10.pom (45 kB at 1.7 MB/s)
[aa6e56de-059f-4c99-bf02-afd188c40d05/build]   | [INFO] Downloading from central: https://repo.maven.apache.org/maven2/org/junit/jupiter/junit-jupiter-api/5.9.0/junit-jupiter-api-5.9.0.pom
[aa6e56de-059f-4c99-bf02-afd188c40d05/build]   | [INFO] Downloaded from central: https://repo.maven.apache.org/maven2/org/junit/jupiter/junit-jupiter-api/5.9.0/junit-jupiter-api-5.9.0.pom (3.2 kB at 138 kB/s)
[aa6e56de-059f-4c99-bf02-afd188c40d05/build]   | [INFO] Downloading from central: https://repo.maven.apache.org/maven2/org/junit/jupiter/junit-jupiter/5.9.0/junit-jupiter-5.9.0.jar
[aa6e56de-059f-4c99-bf02-afd188c40d05/build]   | [INFO] Downloading from central: https://repo.maven.apache.org/maven2/org/junit/jupiter/junit-jupiter-params/5.8.2/junit-jupiter-params-5.8.2.jar
[aa6e56de-059f-4c99-bf02-afd188c40d05/build]   | [INFO] Downloading from central: https://repo.maven.apache.org/maven2/org/junit/jupiter/junit-jupiter-engine/5.8.2/junit-jupiter-engine-5.8.2.jar
[aa6e56de-059f-4c99-bf02-afd188c40d05/build]   | [INFO] Downloading from central: https://repo.maven.apache.org/maven2/org/junit/platform/junit-platform-engine/1.8.2/junit-platform-engine-1.8.2.jar
[aa6e56de-059f-4c99-bf02-afd188c40d05/build]   | [INFO] Downloading from central: https://repo.maven.apache.org/maven2/org/assertj/assertj-core/3.23.1/assertj-core-3.23.1.jar
[aa6e56de-059f-4c99-bf02-afd188c40d05/build]   | [INFO] Downloaded from central: https://repo.maven.apache.org/maven2/org/junit/jupiter/junit-jupiter/5.9.0/junit-jupiter-5.9.0.jar (6.4 kB at 235 kB/s)
[aa6e56de-059f-4c99-bf02-afd188c40d05/build]   | [INFO] Downloading from central: https://repo.maven.apache.org/maven2/net/bytebuddy/byte-buddy/1.12.10/byte-buddy-1.12.10.jar
[aa6e56de-059f-4c99-bf02-afd188c40d05/build]   | [INFO] Downloaded from central: https://repo.maven.apache.org/maven2/org/junit/jupiter/junit-jupiter-engine/5.8.2/junit-jupiter-engine-5.8.2.jar (230 kB at 2.0 MB/s)
[aa6e56de-059f-4c99-bf02-afd188c40d05/build]   | [INFO] Downloading from central: https://repo.maven.apache.org/maven2/org/junit/jupiter/junit-jupiter-api/5.9.0/junit-jupiter-api-5.9.0.jar
[aa6e56de-059f-4c99-bf02-afd188c40d05/build]   | [INFO] Downloaded from central: https://repo.maven.apache.org/maven2/org/junit/platform/junit-platform-engine/1.8.2/junit-platform-engine-1.8.2.jar (186 kB at 1.3 MB/s)
[aa6e56de-059f-4c99-bf02-afd188c40d05/build]   | [INFO] Downloading from central: https://repo.maven.apache.org/maven2/org/opentest4j/opentest4j/1.2.0/opentest4j-1.2.0.jar
[aa6e56de-059f-4c99-bf02-afd188c40d05/build]   | [INFO] Downloaded from central: https://repo.maven.apache.org/maven2/org/junit/jupiter/junit-jupiter-api/5.9.0/junit-jupiter-api-5.9.0.jar (203 kB at 1.4 MB/s)
[aa6e56de-059f-4c99-bf02-afd188c40d05/build]   | [INFO] Downloading from central: https://repo.maven.apache.org/maven2/org/junit/platform/junit-platform-commons/1.8.2/junit-platform-commons-1.8.2.jar
[aa6e56de-059f-4c99-bf02-afd188c40d05/build]   | [INFO] Downloaded from central: https://repo.maven.apache.org/maven2/org/opentest4j/opentest4j/1.2.0/opentest4j-1.2.0.jar (7.7 kB at 47 kB/s)
[aa6e56de-059f-4c99-bf02-afd188c40d05/build]   | [INFO] Downloading from central: https://repo.maven.apache.org/maven2/org/apiguardian/apiguardian-api/1.1.2/apiguardian-api-1.1.2.jar
[aa6e56de-059f-4c99-bf02-afd188c40d05/build]   | [INFO] Downloaded from central: https://repo.maven.apache.org/maven2/org/junit/platform/junit-platform-commons/1.8.2/junit-platform-commons-1.8.2.jar (100 kB at 601 kB/s)
[aa6e56de-059f-4c99-bf02-afd188c40d05/build]   | [INFO] Downloaded from central: https://repo.maven.apache.org/maven2/org/assertj/assertj-core/3.23.1/assertj-core-3.23.1.jar (1.2 MB at 7.3 MB/s)
[aa6e56de-059f-4c99-bf02-afd188c40d05/build]   | [INFO] Downloaded from central: https://repo.maven.apache.org/maven2/org/junit/jupiter/junit-jupiter-params/5.8.2/junit-jupiter-params-5.8.2.jar (577 kB at 3.3 MB/s)
[aa6e56de-059f-4c99-bf02-afd188c40d05/build]   | [INFO] Downloaded from central: https://repo.maven.apache.org/maven2/org/apiguardian/apiguardian-api/1.1.2/apiguardian-api-1.1.2.jar (6.8 kB at 34 kB/s)
[aa6e56de-059f-4c99-bf02-afd188c40d05/build]   | [INFO] Downloaded from central: https://repo.maven.apache.org/maven2/net/bytebuddy/byte-buddy/1.12.10/byte-buddy-1.12.10.jar (3.8 MB at 11 MB/s)
[aa6e56de-059f-4c99-bf02-afd188c40d05/build]   | [INFO] 
[aa6e56de-059f-4c99-bf02-afd188c40d05/build]   | [INFO] --- maven-resources-plugin:2.6:resources (default-resources) @ Java ---
[aa6e56de-059f-4c99-bf02-afd188c40d05/build]   | [INFO] Downloading from central: https://repo.maven.apache.org/maven2/org/apache/maven/maven-plugin-api/2.0.6/maven-plugin-api-2.0.6.pom
[aa6e56de-059f-4c99-bf02-afd188c40d05/build]   | [INFO] Downloaded from central: https://repo.maven.apache.org/maven2/org/apache/maven/maven-plugin-api/2.0.6/maven-plugin-api-2.0.6.pom (1.5 kB at 26 kB/s)
[aa6e56de-059f-4c99-bf02-afd188c40d05/build]   | [INFO] Downloading from central: https://repo.maven.apache.org/maven2/org/apache/maven/maven/2.0.6/maven-2.0.6.pom
[aa6e56de-059f-4c99-bf02-afd188c40d05/build]   | [INFO] Downloaded from central: https://repo.maven.apache.org/maven2/org/apache/maven/maven/2.0.6/maven-2.0.6.pom (9.0 kB at 58 kB/s)
[aa6e56de-059f-4c99-bf02-afd188c40d05/build]   | [INFO] Downloading from central: https://repo.maven.apache.org/maven2/org/apache/maven/maven-parent/5/maven-parent-5.pom
[aa6e56de-059f-4c99-bf02-afd188c40d05/build]   | [INFO] Downloaded from central: https://repo.maven.apache.org/maven2/org/apache/maven/maven-parent/5/maven-parent-5.pom (15 kB at 277 kB/s)
[aa6e56de-059f-4c99-bf02-afd188c40d05/build]   | [INFO] Downloading from central: https://repo.maven.apache.org/maven2/org/apache/apache/3/apache-3.pom
[aa6e56de-059f-4c99-bf02-afd188c40d05/build]   | [INFO] Downloaded from central: https://repo.maven.apache.org/maven2/org/apache/apache/3/apache-3.pom (3.4 kB at 69 kB/s)
[aa6e56de-059f-4c99-bf02-afd188c40d05/build]   | [INFO] Downloading from central: https://repo.maven.apache.org/maven2/org/apache/maven/maven-project/2.0.6/maven-project-2.0.6.pom
[aa6e56de-059f-4c99-bf02-afd188c40d05/build]   | [INFO] Downloaded from central: https://repo.maven.apache.org/maven2/org/apache/maven/maven-project/2.0.6/maven-project-2.0.6.pom (2.6 kB at 54 kB/s)
[aa6e56de-059f-4c99-bf02-afd188c40d05/build]   | [INFO] Downloading from central: https://repo.maven.apache.org/maven2/org/apache/maven/maven-settings/2.0.6/maven-settings-2.0.6.pom
[aa6e56de-059f-4c99-bf02-afd188c40d05/build]   | [INFO] Downloaded from central: https://repo.maven.apache.org/maven2/org/apache/maven/maven-settings/2.0.6/maven-settings-2.0.6.pom (2.0 kB at 33 kB/s)
[aa6e56de-059f-4c99-bf02-afd188c40d05/build]   | [INFO] Downloading from central: https://repo.maven.apache.org/maven2/org/apache/maven/maven-model/2.0.6/maven-model-2.0.6.pom
[aa6e56de-059f-4c99-bf02-afd188c40d05/build]   | [INFO] Downloaded from central: https://repo.maven.apache.org/maven2/org/apache/maven/maven-model/2.0.6/maven-model-2.0.6.pom (3.0 kB at 52 kB/s)
[aa6e56de-059f-4c99-bf02-afd188c40d05/build]   | [INFO] Downloading from central: https://repo.maven.apache.org/maven2/org/codehaus/plexus/plexus-utils/1.4.1/plexus-utils-1.4.1.pom
[aa6e56de-059f-4c99-bf02-afd188c40d05/build]   | [INFO] Downloaded from central: https://repo.maven.apache.org/maven2/org/codehaus/plexus/plexus-utils/1.4.1/plexus-utils-1.4.1.pom (1.9 kB at 32 kB/s)
[aa6e56de-059f-4c99-bf02-afd188c40d05/build]   | [INFO] Downloading from central: https://repo.maven.apache.org/maven2/org/codehaus/plexus/plexus/1.0.11/plexus-1.0.11.pom
[aa6e56de-059f-4c99-bf02-afd188c40d05/build]   | [INFO] Downloaded from central: https://repo.maven.apache.org/maven2/org/codehaus/plexus/plexus/1.0.11/plexus-1.0.11.pom (9.0 kB at 172 kB/s)
[aa6e56de-059f-4c99-bf02-afd188c40d05/build]   | [INFO] Downloading from central: https://repo.maven.apache.org/maven2/org/codehaus/plexus/plexus-container-default/1.0-alpha-9-stable-1/plexus-container-default-1.0-alpha-9-stable-1.pom
[aa6e56de-059f-4c99-bf02-afd188c40d05/build]   | [INFO] Downloaded from central: https://repo.maven.apache.org/maven2/org/codehaus/plexus/plexus-container-default/1.0-alpha-9-stable-1/plexus-container-default-1.0-alpha-9-stable-1.pom (3.9 kB at 113 kB/s)
[aa6e56de-059f-4c99-bf02-afd188c40d05/build]   | [INFO] Downloading from central: https://repo.maven.apache.org/maven2/org/codehaus/plexus/plexus-containers/1.0.3/plexus-containers-1.0.3.pom
[aa6e56de-059f-4c99-bf02-afd188c40d05/build]   | [INFO] Downloaded from central: https://repo.maven.apache.org/maven2/org/codehaus/plexus/plexus-containers/1.0.3/plexus-containers-1.0.3.pom (492 B at 14 kB/s)
[aa6e56de-059f-4c99-bf02-afd188c40d05/build]   | [INFO] Downloading from central: https://repo.maven.apache.org/maven2/org/codehaus/plexus/plexus/1.0.4/plexus-1.0.4.pom
[aa6e56de-059f-4c99-bf02-afd188c40d05/build]   | [INFO] Downloaded from central: https://repo.maven.apache.org/maven2/org/codehaus/plexus/plexus/1.0.4/plexus-1.0.4.pom (5.7 kB at 229 kB/s)
[aa6e56de-059f-4c99-bf02-afd188c40d05/build]   | [INFO] Downloading from central: https://repo.maven.apache.org/maven2/junit/junit/3.8.1/junit-3.8.1.pom
[aa6e56de-059f-4c99-bf02-afd188c40d05/build]   | [INFO] Downloaded from central: https://repo.maven.apache.org/maven2/junit/junit/3.8.1/junit-3.8.1.pom (998 B at 42 kB/s)
[aa6e56de-059f-4c99-bf02-afd188c40d05/build]   | [INFO] Downloading from central: https://repo.maven.apache.org/maven2/org/codehaus/plexus/plexus-utils/1.0.4/plexus-utils-1.0.4.pom
[aa6e56de-059f-4c99-bf02-afd188c40d05/build]   | [INFO] Downloaded from central: https://repo.maven.apache.org/maven2/org/codehaus/plexus/plexus-utils/1.0.4/plexus-utils-1.0.4.pom (6.9 kB at 298 kB/s)
[aa6e56de-059f-4c99-bf02-afd188c40d05/build]   | [INFO] Downloading from central: https://repo.maven.apache.org/maven2/classworlds/classworlds/1.1-alpha-2/classworlds-1.1-alpha-2.pom
[aa6e56de-059f-4c99-bf02-afd188c40d05/build]   | [INFO] Downloaded from central: https://repo.maven.apache.org/maven2/classworlds/classworlds/1.1-alpha-2/classworlds-1.1-alpha-2.pom (3.1 kB at 142 kB/s)
[aa6e56de-059f-4c99-bf02-afd188c40d05/build]   | [INFO] Downloading from central: https://repo.maven.apache.org/maven2/org/apache/maven/maven-profile/2.0.6/maven-profile-2.0.6.pom
[aa6e56de-059f-4c99-bf02-afd188c40d05/build]   | [INFO] Downloaded from central: https://repo.maven.apache.org/maven2/org/apache/maven/maven-profile/2.0.6/maven-profile-2.0.6.pom (2.0 kB at 90 kB/s)
[aa6e56de-059f-4c99-bf02-afd188c40d05/build]   | [INFO] Downloading from central: https://repo.maven.apache.org/maven2/org/apache/maven/maven-artifact-manager/2.0.6/maven-artifact-manager-2.0.6.pom
[aa6e56de-059f-4c99-bf02-afd188c40d05/build]   | [INFO] Downloaded from central: https://repo.maven.apache.org/maven2/org/apache/maven/maven-artifact-manager/2.0.6/maven-artifact-manager-2.0.6.pom (2.6 kB at 109 kB/s)
[aa6e56de-059f-4c99-bf02-afd188c40d05/build]   | [INFO] Downloading from central: https://repo.maven.apache.org/maven2/org/apache/maven/maven-repository-metadata/2.0.6/maven-repository-metadata-2.0.6.pom
[aa6e56de-059f-4c99-bf02-afd188c40d05/build]   | [INFO] Downloaded from central: https://repo.maven.apache.org/maven2/org/apache/maven/maven-repository-metadata/2.0.6/maven-repository-metadata-2.0.6.pom (1.9 kB at 71 kB/s)
[aa6e56de-059f-4c99-bf02-afd188c40d05/build]   | [INFO] Downloading from central: https://repo.maven.apache.org/maven2/org/apache/maven/maven-artifact/2.0.6/maven-artifact-2.0.6.pom
[aa6e56de-059f-4c99-bf02-afd188c40d05/build]   | [INFO] Downloaded from central: https://repo.maven.apache.org/maven2/org/apache/maven/maven-artifact/2.0.6/maven-artifact-2.0.6.pom (1.6 kB at 66 kB/s)
[aa6e56de-059f-4c99-bf02-afd188c40d05/build]   | [INFO] Downloading from central: https://repo.maven.apache.org/maven2/org/apache/maven/maven-plugin-registry/2.0.6/maven-plugin-registry-2.0.6.pom
[aa6e56de-059f-4c99-bf02-afd188c40d05/build]   | [INFO] Downloaded from central: https://repo.maven.apache.org/maven2/org/apache/maven/maven-plugin-registry/2.0.6/maven-plugin-registry-2.0.6.pom (1.9 kB at 81 kB/s)
[aa6e56de-059f-4c99-bf02-afd188c40d05/build]   | [INFO] Downloading from central: https://repo.maven.apache.org/maven2/org/apache/maven/maven-core/2.0.6/maven-core-2.0.6.pom
[aa6e56de-059f-4c99-bf02-afd188c40d05/build]   | [INFO] Downloaded from central: https://repo.maven.apache.org/maven2/org/apache/maven/maven-core/2.0.6/maven-core-2.0.6.pom (6.7 kB at 280 kB/s)
[aa6e56de-059f-4c99-bf02-afd188c40d05/build]   | [INFO] Downloading from central: https://repo.maven.apache.org/maven2/org/apache/maven/maven-plugin-parameter-documenter/2.0.6/maven-plugin-parameter-documenter-2.0.6.pom
[aa6e56de-059f-4c99-bf02-afd188c40d05/build]   | [INFO] Downloaded from central: https://repo.maven.apache.org/maven2/org/apache/maven/maven-plugin-parameter-documenter/2.0.6/maven-plugin-parameter-documenter-2.0.6.pom (1.9 kB at 80 kB/s)
[aa6e56de-059f-4c99-bf02-afd188c40d05/build]   | [INFO] Downloading from central: https://repo.maven.apache.org/maven2/org/apache/maven/reporting/maven-reporting-api/2.0.6/maven-reporting-api-2.0.6.pom
[aa6e56de-059f-4c99-bf02-afd188c40d05/build]   | [INFO] Downloaded from central: https://repo.maven.apache.org/maven2/org/apache/maven/reporting/maven-reporting-api/2.0.6/maven-reporting-api-2.0.6.pom (1.8 kB at 70 kB/s)
[aa6e56de-059f-4c99-bf02-afd188c40d05/build]   | [INFO] Downloading from central: https://repo.maven.apache.org/maven2/org/apache/maven/reporting/maven-reporting/2.0.6/maven-reporting-2.0.6.pom
[aa6e56de-059f-4c99-bf02-afd188c40d05/build]   | [INFO] Downloaded from central: https://repo.maven.apache.org/maven2/org/apache/maven/reporting/maven-reporting/2.0.6/maven-reporting-2.0.6.pom (1.4 kB at 63 kB/s)
[aa6e56de-059f-4c99-bf02-afd188c40d05/build]   | [INFO] Downloading from central: https://repo.maven.apache.org/maven2/org/apache/maven/doxia/doxia-sink-api/1.0-alpha-7/doxia-sink-api-1.0-alpha-7.pom
[aa6e56de-059f-4c99-bf02-afd188c40d05/build]   | [INFO] Downloaded from central: https://repo.maven.apache.org/maven2/org/apache/maven/doxia/doxia-sink-api/1.0-alpha-7/doxia-sink-api-1.0-alpha-7.pom (424 B at 18 kB/s)
[aa6e56de-059f-4c99-bf02-afd188c40d05/build]   | [INFO] Downloading from central: https://repo.maven.apache.org/maven2/org/apache/maven/doxia/doxia/1.0-alpha-7/doxia-1.0-alpha-7.pom
[aa6e56de-059f-4c99-bf02-afd188c40d05/build]   | [INFO] Downloaded from central: https://repo.maven.apache.org/maven2/org/apache/maven/doxia/doxia/1.0-alpha-7/doxia-1.0-alpha-7.pom (3.9 kB at 157 kB/s)
[aa6e56de-059f-4c99-bf02-afd188c40d05/build]   | [INFO] Downloading from central: https://repo.maven.apache.org/maven2/org/apache/maven/maven-error-diagnostics/2.0.6/maven-error-diagnostics-2.0.6.pom
[aa6e56de-059f-4c99-bf02-afd188c40d05/build]   | [INFO] Downloaded from central: https://repo.maven.apache.org/maven2/org/apache/maven/maven-error-diagnostics/2.0.6/maven-error-diagnostics-2.0.6.pom (1.7 kB at 68 kB/s)
[aa6e56de-059f-4c99-bf02-afd188c40d05/build]   | [INFO] Downloading from central: https://repo.maven.apache.org/maven2/commons-cli/commons-cli/1.0/commons-cli-1.0.pom
[aa6e56de-059f-4c99-bf02-afd188c40d05/build]   | [INFO] Downloaded from central: https://repo.maven.apache.org/maven2/commons-cli/commons-cli/1.0/commons-cli-1.0.pom (2.1 kB at 92 kB/s)
[aa6e56de-059f-4c99-bf02-afd188c40d05/build]   | [INFO] Downloading from central: https://repo.maven.apache.org/maven2/org/apache/maven/maven-plugin-descriptor/2.0.6/maven-plugin-descriptor-2.0.6.pom
[aa6e56de-059f-4c99-bf02-afd188c40d05/build]   | [INFO] Downloaded from central: https://repo.maven.apache.org/maven2/org/apache/maven/maven-plugin-descriptor/2.0.6/maven-plugin-descriptor-2.0.6.pom (2.0 kB at 88 kB/s)
[aa6e56de-059f-4c99-bf02-afd188c40d05/build]   | [INFO] Downloading from central: https://repo.maven.apache.org/maven2/org/codehaus/plexus/plexus-interactivity-api/1.0-alpha-4/plexus-interactivity-api-1.0-alpha-4.pom
[aa6e56de-059f-4c99-bf02-afd188c40d05/build]   | [INFO] Downloaded from central: https://repo.maven.apache.org/maven2/org/codehaus/plexus/plexus-interactivity-api/1.0-alpha-4/plexus-interactivity-api-1.0-alpha-4.pom (7.1 kB at 295 kB/s)
[aa6e56de-059f-4c99-bf02-afd188c40d05/build]   | [INFO] Downloading from central: https://repo.maven.apache.org/maven2/org/apache/maven/maven-monitor/2.0.6/maven-monitor-2.0.6.pom
[aa6e56de-059f-4c99-bf02-afd188c40d05/build]   | [INFO] Downloaded from central: https://repo.maven.apache.org/maven2/org/apache/maven/maven-monitor/2.0.6/maven-monitor-2.0.6.pom (1.3 kB at 55 kB/s)
[aa6e56de-059f-4c99-bf02-afd188c40d05/build]   | [INFO] Downloading from central: https://repo.maven.apache.org/maven2/classworlds/classworlds/1.1/classworlds-1.1.pom
[aa6e56de-059f-4c99-bf02-afd188c40d05/build]   | [INFO] Downloaded from central: https://repo.maven.apache.org/maven2/classworlds/classworlds/1.1/classworlds-1.1.pom (3.3 kB at 145 kB/s)
[aa6e56de-059f-4c99-bf02-afd188c40d05/build]   | [INFO] Downloading from central: https://repo.maven.apache.org/maven2/org/codehaus/plexus/plexus-utils/2.0.5/plexus-utils-2.0.5.pom
[aa6e56de-059f-4c99-bf02-afd188c40d05/build]   | [INFO] Downloaded from central: https://repo.maven.apache.org/maven2/org/codehaus/plexus/plexus-utils/2.0.5/plexus-utils-2.0.5.pom (3.3 kB at 139 kB/s)
[aa6e56de-059f-4c99-bf02-afd188c40d05/build]   | [INFO] Downloading from central: https://repo.maven.apache.org/maven2/org/codehaus/plexus/plexus/2.0.6/plexus-2.0.6.pom
[aa6e56de-059f-4c99-bf02-afd188c40d05/build]   | [INFO] Downloaded from central: https://repo.maven.apache.org/maven2/org/codehaus/plexus/plexus/2.0.6/plexus-2.0.6.pom (17 kB at 671 kB/s)
[aa6e56de-059f-4c99-bf02-afd188c40d05/build]   | [INFO] Downloading from central: https://repo.maven.apache.org/maven2/org/apache/maven/shared/maven-filtering/1.1/maven-filtering-1.1.pom
[aa6e56de-059f-4c99-bf02-afd188c40d05/build]   | [INFO] Downloaded from central: https://repo.maven.apache.org/maven2/org/apache/maven/shared/maven-filtering/1.1/maven-filtering-1.1.pom (5.8 kB at 252 kB/s)
[aa6e56de-059f-4c99-bf02-afd188c40d05/build]   | [INFO] Downloading from central: https://repo.maven.apache.org/maven2/org/apache/maven/shared/maven-shared-components/17/maven-shared-components-17.pom
[aa6e56de-059f-4c99-bf02-afd188c40d05/build]   | [INFO] Downloaded from central: https://repo.maven.apache.org/maven2/org/apache/maven/shared/maven-shared-components/17/maven-shared-components-17.pom (8.7 kB at 378 kB/s)
[aa6e56de-059f-4c99-bf02-afd188c40d05/build]   | [INFO] Downloading from central: https://repo.maven.apache.org/maven2/org/codehaus/plexus/plexus-utils/1.5.15/plexus-utils-1.5.15.pom
[aa6e56de-059f-4c99-bf02-afd188c40d05/build]   | [INFO] Downloaded from central: https://repo.maven.apache.org/maven2/org/codehaus/plexus/plexus-utils/1.5.15/plexus-utils-1.5.15.pom (6.8 kB at 311 kB/s)
[aa6e56de-059f-4c99-bf02-afd188c40d05/build]   | [INFO] Downloading from central: https://repo.maven.apache.org/maven2/org/codehaus/plexus/plexus/2.0.2/plexus-2.0.2.pom
[aa6e56de-059f-4c99-bf02-afd188c40d05/build]   | [INFO] Downloaded from central: https://repo.maven.apache.org/maven2/org/codehaus/plexus/plexus/2.0.2/plexus-2.0.2.pom (12 kB at 528 kB/s)
[aa6e56de-059f-4c99-bf02-afd188c40d05/build]   | [INFO] Downloading from central: https://repo.maven.apache.org/maven2/org/codehaus/plexus/plexus-interpolation/1.12/plexus-interpolation-1.12.pom
[aa6e56de-059f-4c99-bf02-afd188c40d05/build]   | [INFO] Downloaded from central: https://repo.maven.apache.org/maven2/org/codehaus/plexus/plexus-interpolation/1.12/plexus-interpolation-1.12.pom (889 B at 40 kB/s)
[aa6e56de-059f-4c99-bf02-afd188c40d05/build]   | [INFO] Downloading from central: https://repo.maven.apache.org/maven2/org/codehaus/plexus/plexus-components/1.1.14/plexus-components-1.1.14.pom
[aa6e56de-059f-4c99-bf02-afd188c40d05/build]   | [INFO] Downloaded from central: https://repo.maven.apache.org/maven2/org/codehaus/plexus/plexus-components/1.1.14/plexus-components-1.1.14.pom (5.8 kB at 243 kB/s)
[aa6e56de-059f-4c99-bf02-afd188c40d05/build]   | [INFO] Downloading from central: https://repo.maven.apache.org/maven2/org/sonatype/plexus/plexus-build-api/0.0.4/plexus-build-api-0.0.4.pom
[aa6e56de-059f-4c99-bf02-afd188c40d05/build]   | [INFO] Downloaded from central: https://repo.maven.apache.org/maven2/org/sonatype/plexus/plexus-build-api/0.0.4/plexus-build-api-0.0.4.pom (2.9 kB at 124 kB/s)
[aa6e56de-059f-4c99-bf02-afd188c40d05/build]   | [INFO] Downloading from central: https://repo.maven.apache.org/maven2/org/sonatype/spice/spice-parent/10/spice-parent-10.pom
[aa6e56de-059f-4c99-bf02-afd188c40d05/build]   | [INFO] Downloaded from central: https://repo.maven.apache.org/maven2/org/sonatype/spice/spice-parent/10/spice-parent-10.pom (3.0 kB at 137 kB/s)
[aa6e56de-059f-4c99-bf02-afd188c40d05/build]   | [INFO] Downloading from central: https://repo.maven.apache.org/maven2/org/sonatype/forge/forge-parent/3/forge-parent-3.pom
[aa6e56de-059f-4c99-bf02-afd188c40d05/build]   | [INFO] Downloaded from central: https://repo.maven.apache.org/maven2/org/sonatype/forge/forge-parent/3/forge-parent-3.pom (5.0 kB at 229 kB/s)
[aa6e56de-059f-4c99-bf02-afd188c40d05/build]   | [INFO] Downloading from central: https://repo.maven.apache.org/maven2/org/codehaus/plexus/plexus-utils/1.5.8/plexus-utils-1.5.8.pom
[aa6e56de-059f-4c99-bf02-afd188c40d05/build]   | [INFO] Downloaded from central: https://repo.maven.apache.org/maven2/org/codehaus/plexus/plexus-utils/1.5.8/plexus-utils-1.5.8.pom (8.1 kB at 323 kB/s)
[aa6e56de-059f-4c99-bf02-afd188c40d05/build]   | [INFO] Downloading from central: https://repo.maven.apache.org/maven2/org/codehaus/plexus/plexus-interpolation/1.13/plexus-interpolation-1.13.pom
[aa6e56de-059f-4c99-bf02-afd188c40d05/build]   | [INFO] Downloaded from central: https://repo.maven.apache.org/maven2/org/codehaus/plexus/plexus-interpolation/1.13/plexus-interpolation-1.13.pom (890 B at 39 kB/s)
[aa6e56de-059f-4c99-bf02-afd188c40d05/build]   | [INFO] Downloading from central: https://repo.maven.apache.org/maven2/org/codehaus/plexus/plexus-components/1.1.15/plexus-components-1.1.15.pom
[aa6e56de-059f-4c99-bf02-afd188c40d05/build]   | [INFO] Downloaded from central: https://repo.maven.apache.org/maven2/org/codehaus/plexus/plexus-components/1.1.15/plexus-components-1.1.15.pom (2.8 kB at 142 kB/s)
[aa6e56de-059f-4c99-bf02-afd188c40d05/build]   | [INFO] Downloading from central: https://repo.maven.apache.org/maven2/org/codehaus/plexus/plexus/2.0.3/plexus-2.0.3.pom
[aa6e56de-059f-4c99-bf02-afd188c40d05/build]   | [INFO] Downloaded from central: https://repo.maven.apache.org/maven2/org/codehaus/plexus/plexus/2.0.3/plexus-2.0.3.pom (15 kB at 773 kB/s)
[aa6e56de-059f-4c99-bf02-afd188c40d05/build]   | [INFO] Downloading from central: https://repo.maven.apache.org/maven2/org/apache/maven/maven-plugin-api/2.0.6/maven-plugin-api-2.0.6.jar
[aa6e56de-059f-4c99-bf02-afd188c40d05/build]   | [INFO] Downloading from central: https://repo.maven.apache.org/maven2/org/apache/maven/maven-project/2.0.6/maven-project-2.0.6.jar
[aa6e56de-059f-4c99-bf02-afd188c40d05/build]   | [INFO] Downloading from central: https://repo.maven.apache.org/maven2/org/apache/maven/maven-profile/2.0.6/maven-profile-2.0.6.jar
[aa6e56de-059f-4c99-bf02-afd188c40d05/build]   | [INFO] Downloading from central: https://repo.maven.apache.org/maven2/org/apache/maven/maven-artifact-manager/2.0.6/maven-artifact-manager-2.0.6.jar
[aa6e56de-059f-4c99-bf02-afd188c40d05/build]   | [INFO] Downloading from central: https://repo.maven.apache.org/maven2/org/apache/maven/maven-plugin-registry/2.0.6/maven-plugin-registry-2.0.6.jar
[aa6e56de-059f-4c99-bf02-afd188c40d05/build]   | [INFO] Downloaded from central: https://repo.maven.apache.org/maven2/org/apache/maven/maven-plugin-api/2.0.6/maven-plugin-api-2.0.6.jar (13 kB at 286 kB/s)
[aa6e56de-059f-4c99-bf02-afd188c40d05/build]   | [INFO] Downloading from central: https://repo.maven.apache.org/maven2/org/apache/maven/maven-core/2.0.6/maven-core-2.0.6.jar
[aa6e56de-059f-4c99-bf02-afd188c40d05/build]   | [INFO] Downloaded from central: https://repo.maven.apache.org/maven2/org/apache/maven/maven-artifact-manager/2.0.6/maven-artifact-manager-2.0.6.jar (57 kB at 1.5 MB/s)
[aa6e56de-059f-4c99-bf02-afd188c40d05/build]   | [INFO] Downloading from central: https://repo.maven.apache.org/maven2/org/apache/maven/maven-plugin-parameter-documenter/2.0.6/maven-plugin-parameter-documenter-2.0.6.jar
[aa6e56de-059f-4c99-bf02-afd188c40d05/build]   | [INFO] Downloaded from central: https://repo.maven.apache.org/maven2/org/apache/maven/maven-plugin-registry/2.0.6/maven-plugin-registry-2.0.6.jar (29 kB at 723 kB/s)
[aa6e56de-059f-4c99-bf02-afd188c40d05/build]   | [INFO] Downloading from central: https://repo.maven.apache.org/maven2/org/apache/maven/reporting/maven-reporting-api/2.0.6/maven-reporting-api-2.0.6.jar
[aa6e56de-059f-4c99-bf02-afd188c40d05/build]   | [INFO] Downloaded from central: https://repo.maven.apache.org/maven2/org/apache/maven/maven-profile/2.0.6/maven-profile-2.0.6.jar (35 kB at 452 kB/s)
[aa6e56de-059f-4c99-bf02-afd188c40d05/build]   | [INFO] Downloaded from central: https://repo.maven.apache.org/maven2/org/apache/maven/maven-core/2.0.6/maven-core-2.0.6.jar (152 kB at 2.6 MB/s)
[aa6e56de-059f-4c99-bf02-afd188c40d05/build]   | [INFO] Downloaded from central: https://repo.maven.apache.org/maven2/org/apache/maven/maven-project/2.0.6/maven-project-2.0.6.jar (116 kB at 1.5 MB/s)
[aa6e56de-059f-4c99-bf02-afd188c40d05/build]   | [INFO] Downloading from central: https://repo.maven.apache.org/maven2/org/apache/maven/maven-repository-metadata/2.0.6/maven-repository-metadata-2.0.6.jar
[aa6e56de-059f-4c99-bf02-afd188c40d05/build]   | [INFO] Downloading from central: https://repo.maven.apache.org/maven2/org/apache/maven/doxia/doxia-sink-api/1.0-alpha-7/doxia-sink-api-1.0-alpha-7.jar
[aa6e56de-059f-4c99-bf02-afd188c40d05/build]   | [INFO] Downloading from central: https://repo.maven.apache.org/maven2/org/apache/maven/maven-error-diagnostics/2.0.6/maven-error-diagnostics-2.0.6.jar
[aa6e56de-059f-4c99-bf02-afd188c40d05/build]   | [INFO] Downloaded from central: https://repo.maven.apache.org/maven2/org/apache/maven/maven-plugin-parameter-documenter/2.0.6/maven-plugin-parameter-documenter-2.0.6.jar (21 kB at 319 kB/s)
[aa6e56de-059f-4c99-bf02-afd188c40d05/build]   | [INFO] Downloading from central: https://repo.maven.apache.org/maven2/commons-cli/commons-cli/1.0/commons-cli-1.0.jar
[aa6e56de-059f-4c99-bf02-afd188c40d05/build]   | [INFO] Downloaded from central: https://repo.maven.apache.org/maven2/org/apache/maven/reporting/maven-reporting-api/2.0.6/maven-reporting-api-2.0.6.jar (9.9 kB at 148 kB/s)
[aa6e56de-059f-4c99-bf02-afd188c40d05/build]   | [INFO] Downloading from central: https://repo.maven.apache.org/maven2/org/apache/maven/maven-plugin-descriptor/2.0.6/maven-plugin-descriptor-2.0.6.jar
[aa6e56de-059f-4c99-bf02-afd188c40d05/build]   | [INFO] Downloaded from central: https://repo.maven.apache.org/maven2/org/apache/maven/doxia/doxia-sink-api/1.0-alpha-7/doxia-sink-api-1.0-alpha-7.jar (5.9 kB at 76 kB/s)
[aa6e56de-059f-4c99-bf02-afd188c40d05/build]   | [INFO] Downloading from central: https://repo.maven.apache.org/maven2/org/codehaus/plexus/plexus-interactivity-api/1.0-alpha-4/plexus-interactivity-api-1.0-alpha-4.jar
[aa6e56de-059f-4c99-bf02-afd188c40d05/build]   | [INFO] Downloaded from central: https://repo.maven.apache.org/maven2/org/apache/maven/maven-error-diagnostics/2.0.6/maven-error-diagnostics-2.0.6.jar (14 kB at 172 kB/s)
[aa6e56de-059f-4c99-bf02-afd188c40d05/build]   | [INFO] Downloading from central: https://repo.maven.apache.org/maven2/classworlds/classworlds/1.1/classworlds-1.1.jar
[aa6e56de-059f-4c99-bf02-afd188c40d05/build]   | [INFO] Downloaded from central: https://repo.maven.apache.org/maven2/org/apache/maven/maven-repository-metadata/2.0.6/maven-repository-metadata-2.0.6.jar (24 kB at 295 kB/s)
[aa6e56de-059f-4c99-bf02-afd188c40d05/build]   | [INFO] Downloading from central: https://repo.maven.apache.org/maven2/org/apache/maven/maven-artifact/2.0.6/maven-artifact-2.0.6.jar
[aa6e56de-059f-4c99-bf02-afd188c40d05/build]   | [INFO] Downloaded from central: https://repo.maven.apache.org/maven2/org/apache/maven/maven-plugin-descriptor/2.0.6/maven-plugin-descriptor-2.0.6.jar (37 kB at 419 kB/s)
[aa6e56de-059f-4c99-bf02-afd188c40d05/build]   | [INFO] Downloading from central: https://repo.maven.apache.org/maven2/org/apache/maven/maven-settings/2.0.6/maven-settings-2.0.6.jar
[aa6e56de-059f-4c99-bf02-afd188c40d05/build]   | [INFO] Downloaded from central: https://repo.maven.apache.org/maven2/commons-cli/commons-cli/1.0/commons-cli-1.0.jar (30 kB at 335 kB/s)
[aa6e56de-059f-4c99-bf02-afd188c40d05/build]   | [INFO] Downloading from central: https://repo.maven.apache.org/maven2/org/apache/maven/maven-model/2.0.6/maven-model-2.0.6.jar
[aa6e56de-059f-4c99-bf02-afd188c40d05/build]   | [INFO] Downloaded from central: https://repo.maven.apache.org/maven2/org/codehaus/plexus/plexus-interactivity-api/1.0-alpha-4/plexus-interactivity-api-1.0-alpha-4.jar (13 kB at 137 kB/s)
[aa6e56de-059f-4c99-bf02-afd188c40d05/build]   | [INFO] Downloading from central: https://repo.maven.apache.org/maven2/org/apache/maven/maven-monitor/2.0.6/maven-monitor-2.0.6.jar
[aa6e56de-059f-4c99-bf02-afd188c40d05/build]   | [INFO] Downloaded from central: https://repo.maven.apache.org/maven2/classworlds/classworlds/1.1/classworlds-1.1.jar (38 kB at 371 kB/s)
[aa6e56de-059f-4c99-bf02-afd188c40d05/build]   | [INFO] Downloading from central: https://repo.maven.apache.org/maven2/org/codehaus/plexus/plexus-container-default/1.0-alpha-9-stable-1/plexus-container-default-1.0-alpha-9-stable-1.jar
[aa6e56de-059f-4c99-bf02-afd188c40d05/build]   | [INFO] Downloaded from central: https://repo.maven.apache.org/maven2/org/apache/maven/maven-settings/2.0.6/maven-settings-2.0.6.jar (49 kB at 372 kB/s)
[aa6e56de-059f-4c99-bf02-afd188c40d05/build]   | [INFO] Downloading from central: https://repo.maven.apache.org/maven2/junit/junit/3.8.1/junit-3.8.1.jar
[aa6e56de-059f-4c99-bf02-afd188c40d05/build]   | [INFO] Downloaded from central: https://repo.maven.apache.org/maven2/org/apache/maven/maven-monitor/2.0.6/maven-monitor-2.0.6.jar (10 kB at 67 kB/s)
[aa6e56de-059f-4c99-bf02-afd188c40d05/build]   | [INFO] Downloading from central: https://repo.maven.apache.org/maven2/org/codehaus/plexus/plexus-utils/2.0.5/plexus-utils-2.0.5.jar
[aa6e56de-059f-4c99-bf02-afd188c40d05/build]   | [INFO] Downloaded from central: https://repo.maven.apache.org/maven2/org/apache/maven/maven-model/2.0.6/maven-model-2.0.6.jar (86 kB at 543 kB/s)
[aa6e56de-059f-4c99-bf02-afd188c40d05/build]   | [INFO] Downloading from central: https://repo.maven.apache.org/maven2/org/apache/maven/shared/maven-filtering/1.1/maven-filtering-1.1.jar
[aa6e56de-059f-4c99-bf02-afd188c40d05/build]   | [INFO] Downloaded from central: https://repo.maven.apache.org/maven2/org/apache/maven/maven-artifact/2.0.6/maven-artifact-2.0.6.jar (87 kB at 533 kB/s)
[aa6e56de-059f-4c99-bf02-afd188c40d05/build]   | [INFO] Downloading from central: https://repo.maven.apache.org/maven2/org/sonatype/plexus/plexus-build-api/0.0.4/plexus-build-api-0.0.4.jar
[aa6e56de-059f-4c99-bf02-afd188c40d05/build]   | [INFO] Downloaded from central: https://repo.maven.apache.org/maven2/org/codehaus/plexus/plexus-container-default/1.0-alpha-9-stable-1/plexus-container-default-1.0-alpha-9-stable-1.jar (194 kB at 1.1 MB/s)
[aa6e56de-059f-4c99-bf02-afd188c40d05/build]   | [INFO] Downloading from central: https://repo.maven.apache.org/maven2/org/codehaus/plexus/plexus-interpolation/1.13/plexus-interpolation-1.13.jar
[aa6e56de-059f-4c99-bf02-afd188c40d05/build]   | [INFO] Downloaded from central: https://repo.maven.apache.org/maven2/junit/junit/3.8.1/junit-3.8.1.jar (121 kB at 582 kB/s)
[aa6e56de-059f-4c99-bf02-afd188c40d05/build]   | [INFO] Downloaded from central: https://repo.maven.apache.org/maven2/org/sonatype/plexus/plexus-build-api/0.0.4/plexus-build-api-0.0.4.jar (6.8 kB at 31 kB/s)
[aa6e56de-059f-4c99-bf02-afd188c40d05/build]   | [INFO] Downloaded from central: https://repo.maven.apache.org/maven2/org/apache/maven/shared/maven-filtering/1.1/maven-filtering-1.1.jar (43 kB at 194 kB/s)
[aa6e56de-059f-4c99-bf02-afd188c40d05/build]   | [INFO] Downloaded from central: https://repo.maven.apache.org/maven2/org/codehaus/plexus/plexus-utils/2.0.5/plexus-utils-2.0.5.jar (223 kB at 975 kB/s)
[aa6e56de-059f-4c99-bf02-afd188c40d05/build]   | [INFO] Downloaded from central: https://repo.maven.apache.org/maven2/org/codehaus/plexus/plexus-interpolation/1.13/plexus-interpolation-1.13.jar (61 kB at 264 kB/s)
[aa6e56de-059f-4c99-bf02-afd188c40d05/build]   | [INFO] Using 'UTF-8' encoding to copy filtered resources.
[aa6e56de-059f-4c99-bf02-afd188c40d05/build]   | [INFO] skip non existing resourceDirectory /tmp/6e6bdca5-2c61-4df6-aa9d-e215375cac87/src/main/resources
[aa6e56de-059f-4c99-bf02-afd188c40d05/build]   | [INFO] 
[aa6e56de-059f-4c99-bf02-afd188c40d05/build]   | [INFO] --- maven-compiler-plugin:3.10.1:compile (default-compile) @ Java ---
[aa6e56de-059f-4c99-bf02-afd188c40d05/build]   | [INFO] Downloading from central: https://repo.maven.apache.org/maven2/org/apache/maven/shared/maven-shared-utils/3.3.4/maven-shared-utils-3.3.4.pom
[aa6e56de-059f-4c99-bf02-afd188c40d05/build]   | [INFO] Downloaded from central: https://repo.maven.apache.org/maven2/org/apache/maven/shared/maven-shared-utils/3.3.4/maven-shared-utils-3.3.4.pom (5.8 kB at 114 kB/s)
[aa6e56de-059f-4c99-bf02-afd188c40d05/build]   | [INFO] Downloading from central: https://repo.maven.apache.org/maven2/org/apache/maven/shared/maven-shared-components/34/maven-shared-components-34.pom
[aa6e56de-059f-4c99-bf02-afd188c40d05/build]   | [INFO] Downloaded from central: https://repo.maven.apache.org/maven2/org/apache/maven/shared/maven-shared-components/34/maven-shared-components-34.pom (5.1 kB at 131 kB/s)
[aa6e56de-059f-4c99-bf02-afd188c40d05/build]   | [INFO] Downloading from central: https://repo.maven.apache.org/maven2/commons-io/commons-io/2.6/commons-io-2.6.pom
[aa6e56de-059f-4c99-bf02-afd188c40d05/build]   | [INFO] Downloaded from central: https://repo.maven.apache.org/maven2/commons-io/commons-io/2.6/commons-io-2.6.pom (14 kB at 356 kB/s)
[aa6e56de-059f-4c99-bf02-afd188c40d05/build]   | [INFO] Downloading from central: https://repo.maven.apache.org/maven2/org/apache/commons/commons-parent/42/commons-parent-42.pom
[aa6e56de-059f-4c99-bf02-afd188c40d05/build]   | [INFO] Downloaded from central: https://repo.maven.apache.org/maven2/org/apache/commons/commons-parent/42/commons-parent-42.pom (68 kB at 1.7 MB/s)
[aa6e56de-059f-4c99-bf02-afd188c40d05/build]   | [INFO] Downloading from central: https://repo.maven.apache.org/maven2/org/apache/apache/18/apache-18.pom
[aa6e56de-059f-4c99-bf02-afd188c40d05/build]   | [INFO] Downloaded from central: https://repo.maven.apache.org/maven2/org/apache/apache/18/apache-18.pom (16 kB at 423 kB/s)
[aa6e56de-059f-4c99-bf02-afd188c40d05/build]   | [INFO] Downloading from central: https://repo.maven.apache.org/maven2/org/apache/maven/shared/maven-shared-incremental/1.1/maven-shared-incremental-1.1.pom
[aa6e56de-059f-4c99-bf02-afd188c40d05/build]   | [INFO] Downloaded from central: https://repo.maven.apache.org/maven2/org/apache/maven/shared/maven-shared-incremental/1.1/maven-shared-incremental-1.1.pom (4.7 kB at 139 kB/s)
[aa6e56de-059f-4c99-bf02-afd188c40d05/build]   | [INFO] Downloading from central: https://repo.maven.apache.org/maven2/org/apache/maven/shared/maven-shared-components/19/maven-shared-components-19.pom
[aa6e56de-059f-4c99-bf02-afd188c40d05/build]   | [INFO] Downloaded from central: https://repo.maven.apache.org/maven2/org/apache/maven/shared/maven-shared-components/19/maven-shared-components-19.pom (6.4 kB at 187 kB/s)
[aa6e56de-059f-4c99-bf02-afd188c40d05/build]   | [INFO] Downloading from central: https://repo.maven.apache.org/maven2/org/apache/maven/maven-parent/23/maven-parent-23.pom
[aa6e56de-059f-4c99-bf02-afd188c40d05/build]   | [INFO] Downloaded from central: https://repo.maven.apache.org/maven2/org/apache/maven/maven-parent/23/maven-parent-23.pom (33 kB at 987 kB/s)
[aa6e56de-059f-4c99-bf02-afd188c40d05/build]   | [INFO] Downloading from central: https://repo.maven.apache.org/maven2/org/apache/apache/13/apache-13.pom
[aa6e56de-059f-4c99-bf02-afd188c40d05/build]   | [INFO] Downloaded from central: https://repo.maven.apache.org/maven2/org/apache/apache/13/apache-13.pom (14 kB at 482 kB/s)
[aa6e56de-059f-4c99-bf02-afd188c40d05/build]   | [INFO] Downloading from central: https://repo.maven.apache.org/maven2/org/codehaus/plexus/plexus-component-annotations/2.0.0/plexus-component-annotations-2.0.0.pom
[aa6e56de-059f-4c99-bf02-afd188c40d05/build]   | [INFO] Downloaded from central: https://repo.maven.apache.org/maven2/org/codehaus/plexus/plexus-component-annotations/2.0.0/plexus-component-annotations-2.0.0.pom (750 B at 27 kB/s)
[aa6e56de-059f-4c99-bf02-afd188c40d05/build]   | [INFO] Downloading from central: https://repo.maven.apache.org/maven2/org/codehaus/plexus/plexus-containers/2.0.0/plexus-containers-2.0.0.pom
[aa6e56de-059f-4c99-bf02-afd188c40d05/build]   | [INFO] Downloaded from central: https://repo.maven.apache.org/maven2/org/codehaus/plexus/plexus-containers/2.0.0/plexus-containers-2.0.0.pom (4.8 kB at 253 kB/s)
[aa6e56de-059f-4c99-bf02-afd188c40d05/build]   | [INFO] Downloading from central: https://repo.maven.apache.org/maven2/org/codehaus/plexus/plexus/5.1/plexus-5.1.pom
[aa6e56de-059f-4c99-bf02-afd188c40d05/build]   | [INFO] Downloaded from central: https://repo.maven.apache.org/maven2/org/codehaus/plexus/plexus/5.1/plexus-5.1.pom (23 kB at 978 kB/s)
[aa6e56de-059f-4c99-bf02-afd188c40d05/build]   | [INFO] Downloading from central: https://repo.maven.apache.org/maven2/org/codehaus/plexus/plexus-java/1.1.1/plexus-java-1.1.1.pom
[aa6e56de-059f-4c99-bf02-afd188c40d05/build]   | [INFO] Downloaded from central: https://repo.maven.apache.org/maven2/org/codehaus/plexus/plexus-java/1.1.1/plexus-java-1.1.1.pom (5.0 kB at 184 kB/s)
[aa6e56de-059f-4c99-bf02-afd188c40d05/build]   | [INFO] Downloading from central: https://repo.maven.apache.org/maven2/org/codehaus/plexus/plexus-languages/1.1.1/plexus-languages-1.1.1.pom
[aa6e56de-059f-4c99-bf02-afd188c40d05/build]   | [INFO] Downloaded from central: https://repo.maven.apache.org/maven2/org/codehaus/plexus/plexus-languages/1.1.1/plexus-languages-1.1.1.pom (4.6 kB at 220 kB/s)
[aa6e56de-059f-4c99-bf02-afd188c40d05/build]   | [INFO] Downloading from central: https://repo.maven.apache.org/maven2/org/codehaus/plexus/plexus/8/plexus-8.pom
[aa6e56de-059f-4c99-bf02-afd188c40d05/build]   | [INFO] Downloaded from central: https://repo.maven.apache.org/maven2/org/codehaus/plexus/plexus/8/plexus-8.pom (25 kB at 1.2 MB/s)
[aa6e56de-059f-4c99-bf02-afd188c40d05/build]   | [INFO] Downloading from central: https://repo.maven.apache.org/maven2/org/ow2/asm/asm/9.2/asm-9.2.pom
[aa6e56de-059f-4c99-bf02-afd188c40d05/build]   | [INFO] Downloaded from central: https://repo.maven.apache.org/maven2/org/ow2/asm/asm/9.2/asm-9.2.pom (2.4 kB at 99 kB/s)
[aa6e56de-059f-4c99-bf02-afd188c40d05/build]   | [INFO] Downloading from central: https://repo.maven.apache.org/maven2/org/ow2/ow2/1.5/ow2-1.5.pom
[aa6e56de-059f-4c99-bf02-afd188c40d05/build]   | [INFO] Downloaded from central: https://repo.maven.apache.org/maven2/org/ow2/ow2/1.5/ow2-1.5.pom (11 kB at 362 kB/s)
[aa6e56de-059f-4c99-bf02-afd188c40d05/build]   | [INFO] Downloading from central: https://repo.maven.apache.org/maven2/com/thoughtworks/qdox/qdox/2.0.1/qdox-2.0.1.pom
[aa6e56de-059f-4c99-bf02-afd188c40d05/build]   | [INFO] Downloaded from central: https://repo.maven.apache.org/maven2/com/thoughtworks/qdox/qdox/2.0.1/qdox-2.0.1.pom (16 kB at 728 kB/s)
[aa6e56de-059f-4c99-bf02-afd188c40d05/build]   | [INFO] Downloading from central: https://repo.maven.apache.org/maven2/org/sonatype/oss/oss-parent/9/oss-parent-9.pom
[aa6e56de-059f-4c99-bf02-afd188c40d05/build]   | [INFO] Downloaded from central: https://repo.maven.apache.org/maven2/org/sonatype/oss/oss-parent/9/oss-parent-9.pom (6.6 kB at 313 kB/s)
[aa6e56de-059f-4c99-bf02-afd188c40d05/build]   | [INFO] Downloading from central: https://repo.maven.apache.org/maven2/org/codehaus/plexus/plexus-compiler-api/2.11.1/plexus-compiler-api-2.11.1.pom
[aa6e56de-059f-4c99-bf02-afd188c40d05/build]   | [INFO] Downloaded from central: https://repo.maven.apache.org/maven2/org/codehaus/plexus/plexus-compiler-api/2.11.1/plexus-compiler-api-2.11.1.pom (1.1 kB at 16 kB/s)
[aa6e56de-059f-4c99-bf02-afd188c40d05/build]   | [INFO] Downloading from central: https://repo.maven.apache.org/maven2/org/codehaus/plexus/plexus-compiler/2.11.1/plexus-compiler-2.11.1.pom
[aa6e56de-059f-4c99-bf02-afd188c40d05/build]   | [INFO] Downloaded from central: https://repo.maven.apache.org/maven2/org/codehaus/plexus/plexus-compiler/2.11.1/plexus-compiler-2.11.1.pom (8.1 kB at 118 kB/s)
[aa6e56de-059f-4c99-bf02-afd188c40d05/build]   | [INFO] Downloading from central: https://repo.maven.apache.org/maven2/org/codehaus/plexus/plexus-components/6.6/plexus-components-6.6.pom
[aa6e56de-059f-4c99-bf02-afd188c40d05/build]   | [INFO] Downloaded from central: https://repo.maven.apache.org/maven2/org/codehaus/plexus/plexus-components/6.6/plexus-components-6.6.pom (2.7 kB at 45 kB/s)
[aa6e56de-059f-4c99-bf02-afd188c40d05/build]   | [INFO] Downloading from central: https://repo.maven.apache.org/maven2/org/codehaus/plexus/plexus-utils/3.4.1/plexus-utils-3.4.1.pom
[aa6e56de-059f-4c99-bf02-afd188c40d05/build]   | [INFO] Downloaded from central: https://repo.maven.apache.org/maven2/org/codehaus/plexus/plexus-utils/3.4.1/plexus-utils-3.4.1.pom (8.0 kB at 332 kB/s)
[aa6e56de-059f-4c99-bf02-afd188c40d05/build]   | [INFO] Downloading from central: https://repo.maven.apache.org/maven2/org/codehaus/plexus/plexus-compiler-manager/2.11.1/plexus-compiler-manager-2.11.1.pom
[aa6e56de-059f-4c99-bf02-afd188c40d05/build]   | [INFO] Downloaded from central: https://repo.maven.apache.org/maven2/org/codehaus/plexus/plexus-compiler-manager/2.11.1/plexus-compiler-manager-2.11.1.pom (1.1 kB at 21 kB/s)
[aa6e56de-059f-4c99-bf02-afd188c40d05/build]   | [INFO] Downloading from central: https://repo.maven.apache.org/maven2/org/codehaus/plexus/plexus-compiler-javac/2.11.1/plexus-compiler-javac-2.11.1.pom
[aa6e56de-059f-4c99-bf02-afd188c40d05/build]   | [INFO] Downloaded from central: https://repo.maven.apache.org/maven2/org/codehaus/plexus/plexus-compiler-javac/2.11.1/plexus-compiler-javac-2.11.1.pom (1.2 kB at 20 kB/s)
[aa6e56de-059f-4c99-bf02-afd188c40d05/build]   | [INFO] Downloading from central: https://repo.maven.apache.org/maven2/org/codehaus/plexus/plexus-compilers/2.11.1/plexus-compilers-2.11.1.pom
[aa6e56de-059f-4c99-bf02-afd188c40d05/build]   | [INFO] Downloaded from central: https://repo.maven.apache.org/maven2/org/codehaus/plexus/plexus-compilers/2.11.1/plexus-compilers-2.11.1.pom (1.3 kB at 22 kB/s)
[aa6e56de-059f-4c99-bf02-afd188c40d05/build]   | [INFO] Downloading from central: https://repo.maven.apache.org/maven2/org/apache/maven/shared/maven-shared-utils/3.3.4/maven-shared-utils-3.3.4.jar
[aa6e56de-059f-4c99-bf02-afd188c40d05/build]   | [INFO] Downloading from central: https://repo.maven.apache.org/maven2/commons-io/commons-io/2.6/commons-io-2.6.jar
[aa6e56de-059f-4c99-bf02-afd188c40d05/build]   | [INFO] Downloading from central: https://repo.maven.apache.org/maven2/org/apache/maven/shared/maven-shared-incremental/1.1/maven-shared-incremental-1.1.jar
[aa6e56de-059f-4c99-bf02-afd188c40d05/build]   | [INFO] Downloading from central: https://repo.maven.apache.org/maven2/org/codehaus/plexus/plexus-component-annotations/2.0.0/plexus-component-annotations-2.0.0.jar
[aa6e56de-059f-4c99-bf02-afd188c40d05/build]   | [INFO] Downloading from central: https://repo.maven.apache.org/maven2/org/codehaus/plexus/plexus-java/1.1.1/plexus-java-1.1.1.jar
[aa6e56de-059f-4c99-bf02-afd188c40d05/build]   | [INFO] Downloaded from central: https://repo.maven.apache.org/maven2/org/apache/maven/shared/maven-shared-utils/3.3.4/maven-shared-utils-3.3.4.jar (153 kB at 4.3 MB/s)
[aa6e56de-059f-4c99-bf02-afd188c40d05/build]   | [INFO] Downloading from central: https://repo.maven.apache.org/maven2/org/ow2/asm/asm/9.2/asm-9.2.jar
[aa6e56de-059f-4c99-bf02-afd188c40d05/build]   | [INFO] Downloaded from central: https://repo.maven.apache.org/maven2/org/codehaus/plexus/plexus-component-annotations/2.0.0/plexus-component-annotations-2.0.0.jar (4.2 kB at 117 kB/s)
[aa6e56de-059f-4c99-bf02-afd188c40d05/build]   | [INFO] Downloaded from central: https://repo.maven.apache.org/maven2/org/apache/maven/shared/maven-shared-incremental/1.1/maven-shared-incremental-1.1.jar (14 kB at 366 kB/s)
[aa6e56de-059f-4c99-bf02-afd188c40d05/build]   | [INFO] Downloading from central: https://repo.maven.apache.org/maven2/com/thoughtworks/qdox/qdox/2.0.1/qdox-2.0.1.jar
[aa6e56de-059f-4c99-bf02-afd188c40d05/build]   | [INFO] Downloading from central: https://repo.maven.apache.org/maven2/org/codehaus/plexus/plexus-compiler-api/2.11.1/plexus-compiler-api-2.11.1.jar
[aa6e56de-059f-4c99-bf02-afd188c40d05/build]   | [INFO] Downloaded from central: https://repo.maven.apache.org/maven2/commons-io/commons-io/2.6/commons-io-2.6.jar (215 kB at 3.8 MB/s)
[aa6e56de-059f-4c99-bf02-afd188c40d05/build]   | [INFO] Downloading from central: https://repo.maven.apache.org/maven2/org/codehaus/plexus/plexus-utils/3.4.1/plexus-utils-3.4.1.jar
[aa6e56de-059f-4c99-bf02-afd188c40d05/build]   | [INFO] Downloaded from central: https://repo.maven.apache.org/maven2/org/codehaus/plexus/plexus-java/1.1.1/plexus-java-1.1.1.jar (54 kB at 896 kB/s)
[aa6e56de-059f-4c99-bf02-afd188c40d05/build]   | [INFO] Downloading from central: https://repo.maven.apache.org/maven2/org/codehaus/plexus/plexus-compiler-manager/2.11.1/plexus-compiler-manager-2.11.1.jar
[aa6e56de-059f-4c99-bf02-afd188c40d05/build]   | [INFO] Downloaded from central: https://repo.maven.apache.org/maven2/org/codehaus/plexus/plexus-compiler-api/2.11.1/plexus-compiler-api-2.11.1.jar (27 kB at 359 kB/s)
[aa6e56de-059f-4c99-bf02-afd188c40d05/build]   | [INFO] Downloading from central: https://repo.maven.apache.org/maven2/org/codehaus/plexus/plexus-compiler-javac/2.11.1/plexus-compiler-javac-2.11.1.jar
[aa6e56de-059f-4c99-bf02-afd188c40d05/build]   | [INFO] Downloaded from central: https://repo.maven.apache.org/maven2/org/codehaus/plexus/plexus-utils/3.4.1/plexus-utils-3.4.1.jar (264 kB at 3.3 MB/s)
[aa6e56de-059f-4c99-bf02-afd188c40d05/build]   | [INFO] Downloaded from central: https://repo.maven.apache.org/maven2/org/codehaus/plexus/plexus-compiler-manager/2.11.1/plexus-compiler-manager-2.11.1.jar (4.7 kB at 57 kB/s)
[aa6e56de-059f-4c99-bf02-afd188c40d05/build]   | [INFO] Downloaded from central: https://repo.maven.apache.org/maven2/org/codehaus/plexus/plexus-compiler-javac/2.11.1/plexus-compiler-javac-2.11.1.jar (23 kB at 243 kB/s)
[aa6e56de-059f-4c99-bf02-afd188c40d05/build]   | [INFO] Downloaded from central: https://repo.maven.apache.org/maven2/com/thoughtworks/qdox/qdox/2.0.1/qdox-2.0.1.jar (334 kB at 3.6 MB/s)
[aa6e56de-059f-4c99-bf02-afd188c40d05/build]   | [INFO] Downloaded from central: https://repo.maven.apache.org/maven2/org/ow2/asm/asm/9.2/asm-9.2.jar (122 kB at 1.3 MB/s)
[aa6e56de-059f-4c99-bf02-afd188c40d05/build]   | [INFO] Changes detected - recompiling the module!
[aa6e56de-059f-4c99-bf02-afd188c40d05/build]   | [INFO] Compiling 469 source files to /tmp/6e6bdca5-2c61-4df6-aa9d-e215375cac87/target/classes
[aa6e56de-059f-4c99-bf02-afd188c40d05/build]   | [INFO] /tmp/6e6bdca5-2c61-4df6-aa9d-e215375cac87/src/main/java/com/thealgorithms/datastructures/lists/CursorLinkedList.java: Some input files use unchecked or unsafe operations.
[aa6e56de-059f-4c99-bf02-afd188c40d05/build]   | [INFO] /tmp/6e6bdca5-2c61-4df6-aa9d-e215375cac87/src/main/java/com/thealgorithms/datastructures/lists/CursorLinkedList.java: Recompile with -Xlint:unchecked for details.
[aa6e56de-059f-4c99-bf02-afd188c40d05/build]   | [INFO] 
[aa6e56de-059f-4c99-bf02-afd188c40d05/build]   | [INFO] --- maven-resources-plugin:2.6:testResources (default-testResources) @ Java ---
[aa6e56de-059f-4c99-bf02-afd188c40d05/build]   | [INFO] Using 'UTF-8' encoding to copy filtered resources.
[aa6e56de-059f-4c99-bf02-afd188c40d05/build]   | [INFO] skip non existing resourceDirectory /tmp/6e6bdca5-2c61-4df6-aa9d-e215375cac87/src/test/resources
[aa6e56de-059f-4c99-bf02-afd188c40d05/build]   | [INFO] 
[aa6e56de-059f-4c99-bf02-afd188c40d05/build]   | [INFO] --- maven-compiler-plugin:3.10.1:testCompile (default-testCompile) @ Java ---
[aa6e56de-059f-4c99-bf02-afd188c40d05/build]   | [INFO] Changes detected - recompiling the module!
[aa6e56de-059f-4c99-bf02-afd188c40d05/build]   | [INFO] Compiling 234 source files to /tmp/6e6bdca5-2c61-4df6-aa9d-e215375cac87/target/test-classes
[aa6e56de-059f-4c99-bf02-afd188c40d05/build]   | [INFO] 
[aa6e56de-059f-4c99-bf02-afd188c40d05/build]   | [INFO] --- maven-surefire-plugin:2.22.2:test (default-test) @ Java ---
[aa6e56de-059f-4c99-bf02-afd188c40d05/build]   | [INFO] Downloading from central: https://repo.maven.apache.org/maven2/org/apache/maven/surefire/maven-surefire-common/2.22.2/maven-surefire-common-2.22.2.pom
[aa6e56de-059f-4c99-bf02-afd188c40d05/build]   | [INFO] Downloaded from central: https://repo.maven.apache.org/maven2/org/apache/maven/surefire/maven-surefire-common/2.22.2/maven-surefire-common-2.22.2.pom (11 kB at 244 kB/s)
[aa6e56de-059f-4c99-bf02-afd188c40d05/build]   | [INFO] Downloading from central: https://repo.maven.apache.org/maven2/org/apache/maven/maven-plugin-api/2.2.1/maven-plugin-api-2.2.1.pom
[aa6e56de-059f-4c99-bf02-afd188c40d05/build]   | [INFO] Downloaded from central: https://repo.maven.apache.org/maven2/org/apache/maven/maven-plugin-api/2.2.1/maven-plugin-api-2.2.1.pom (1.5 kB at 36 kB/s)
[aa6e56de-059f-4c99-bf02-afd188c40d05/build]   | [INFO] Downloading from central: https://repo.maven.apache.org/maven2/org/apache/maven/maven/2.2.1/maven-2.2.1.pom
[aa6e56de-059f-4c99-bf02-afd188c40d05/build]   | [INFO] Downloaded from central: https://repo.maven.apache.org/maven2/org/apache/maven/maven/2.2.1/maven-2.2.1.pom (22 kB at 407 kB/s)
[aa6e56de-059f-4c99-bf02-afd188c40d05/build]   | [INFO] Downloading from central: https://repo.maven.apache.org/maven2/org/apache/maven/maven-parent/11/maven-parent-11.pom
[aa6e56de-059f-4c99-bf02-afd188c40d05/build]   | [INFO] Downloaded from central: https://repo.maven.apache.org/maven2/org/apache/maven/maven-parent/11/maven-parent-11.pom (32 kB at 675 kB/s)
[aa6e56de-059f-4c99-bf02-afd188c40d05/build]   | [INFO] Downloading from central: https://repo.maven.apache.org/maven2/org/apache/apache/5/apache-5.pom
[aa6e56de-059f-4c99-bf02-afd188c40d05/build]   | [INFO] Downloaded from central: https://repo.maven.apache.org/maven2/org/apache/apache/5/apache-5.pom (4.1 kB at 132 kB/s)
[aa6e56de-059f-4c99-bf02-afd188c40d05/build]   | [INFO] Downloading from central: https://repo.maven.apache.org/maven2/org/apache/maven/plugin-tools/maven-plugin-annotations/3.5.2/maven-plugin-annotations-3.5.2.pom
[aa6e56de-059f-4c99-bf02-afd188c40d05/build]   | [INFO] Downloaded from central: https://repo.maven.apache.org/maven2/org/apache/maven/plugin-tools/maven-plugin-annotations/3.5.2/maven-plugin-annotations-3.5.2.pom (1.6 kB at 44 kB/s)
[aa6e56de-059f-4c99-bf02-afd188c40d05/build]   | [INFO] Downloading from central: https://repo.maven.apache.org/maven2/org/apache/maven/plugin-tools/maven-plugin-tools/3.5.2/maven-plugin-tools-3.5.2.pom
[aa6e56de-059f-4c99-bf02-afd188c40d05/build]   | [INFO] Downloaded from central: https://repo.maven.apache.org/maven2/org/apache/maven/plugin-tools/maven-plugin-tools/3.5.2/maven-plugin-tools-3.5.2.pom (15 kB at 415 kB/s)
[aa6e56de-059f-4c99-bf02-afd188c40d05/build]   | [INFO] Downloading from central: https://repo.maven.apache.org/maven2/org/apache/maven/maven-parent/31/maven-parent-31.pom
[aa6e56de-059f-4c99-bf02-afd188c40d05/build]   | [INFO] Downloaded from central: https://repo.maven.apache.org/maven2/org/apache/maven/maven-parent/31/maven-parent-31.pom (43 kB at 1.2 MB/s)
[aa6e56de-059f-4c99-bf02-afd188c40d05/build]   | [INFO] Downloading from central: https://repo.maven.apache.org/maven2/org/apache/apache/19/apache-19.pom
[aa6e56de-059f-4c99-bf02-afd188c40d05/build]   | [INFO] Downloaded from central: https://repo.maven.apache.org/maven2/org/apache/apache/19/apache-19.pom (15 kB at 378 kB/s)
[aa6e56de-059f-4c99-bf02-afd188c40d05/build]   | [INFO] Downloading from central: https://repo.maven.apache.org/maven2/org/apache/maven/maven-artifact/2.2.1/maven-artifact-2.2.1.pom
[aa6e56de-059f-4c99-bf02-afd188c40d05/build]   | [INFO] Downloaded from central: https://repo.maven.apache.org/maven2/org/apache/maven/maven-artifact/2.2.1/maven-artifact-2.2.1.pom (1.6 kB at 48 kB/s)
[aa6e56de-059f-4c99-bf02-afd188c40d05/build]   | [INFO] Downloading from central: https://repo.maven.apache.org/maven2/org/apache/maven/surefire/surefire-api/2.22.2/surefire-api-2.22.2.pom
[aa6e56de-059f-4c99-bf02-afd188c40d05/build]   | [INFO] Downloaded from central: https://repo.maven.apache.org/maven2/org/apache/maven/surefire/surefire-api/2.22.2/surefire-api-2.22.2.pom (3.5 kB at 154 kB/s)
[aa6e56de-059f-4c99-bf02-afd188c40d05/build]   | [INFO] Downloading from central: https://repo.maven.apache.org/maven2/org/apache/maven/surefire/surefire-logger-api/2.22.2/surefire-logger-api-2.22.2.pom
[aa6e56de-059f-4c99-bf02-afd188c40d05/build]   | [INFO] Downloaded from central: https://repo.maven.apache.org/maven2/org/apache/maven/surefire/surefire-logger-api/2.22.2/surefire-logger-api-2.22.2.pom (2.0 kB at 82 kB/s)
[aa6e56de-059f-4c99-bf02-afd188c40d05/build]   | [INFO] Downloading from central: https://repo.maven.apache.org/maven2/org/apache/maven/surefire/surefire-booter/2.22.2/surefire-booter-2.22.2.pom
[aa6e56de-059f-4c99-bf02-afd188c40d05/build]   | [INFO] Downloaded from central: https://repo.maven.apache.org/maven2/org/apache/maven/surefire/surefire-booter/2.22.2/surefire-booter-2.22.2.pom (7.5 kB at 298 kB/s)
[aa6e56de-059f-4c99-bf02-afd188c40d05/build]   | [INFO] Downloading from central: https://repo.maven.apache.org/maven2/org/apache/maven/maven-plugin-descriptor/2.2.1/maven-plugin-descriptor-2.2.1.pom
[aa6e56de-059f-4c99-bf02-afd188c40d05/build]   | [INFO] Downloaded from central: https://repo.maven.apache.org/maven2/org/apache/maven/maven-plugin-descriptor/2.2.1/maven-plugin-descriptor-2.2.1.pom (2.1 kB at 74 kB/s)
[aa6e56de-059f-4c99-bf02-afd188c40d05/build]   | [INFO] Downloading from central: https://repo.maven.apache.org/maven2/junit/junit/4.12/junit-4.12.pom
[aa6e56de-059f-4c99-bf02-afd188c40d05/build]   | [INFO] Downloaded from central: https://repo.maven.apache.org/maven2/junit/junit/4.12/junit-4.12.pom (24 kB at 718 kB/s)
[aa6e56de-059f-4c99-bf02-afd188c40d05/build]   | [INFO] Downloading from central: https://repo.maven.apache.org/maven2/org/hamcrest/hamcrest-core/1.3/hamcrest-core-1.3.pom
[aa6e56de-059f-4c99-bf02-afd188c40d05/build]   | [INFO] Downloaded from central: https://repo.maven.apache.org/maven2/org/hamcrest/hamcrest-core/1.3/hamcrest-core-1.3.pom (766 B at 17 kB/s)
[aa6e56de-059f-4c99-bf02-afd188c40d05/build]   | [INFO] Downloading from central: https://repo.maven.apache.org/maven2/org/hamcrest/hamcrest-parent/1.3/hamcrest-parent-1.3.pom
[aa6e56de-059f-4c99-bf02-afd188c40d05/build]   | [INFO] Downloaded from central: https://repo.maven.apache.org/maven2/org/hamcrest/hamcrest-parent/1.3/hamcrest-parent-1.3.pom (2.0 kB at 123 kB/s)
[aa6e56de-059f-4c99-bf02-afd188c40d05/build]   | [INFO] Downloading from central: https://repo.maven.apache.org/maven2/org/apache/maven/maven-project/2.2.1/maven-project-2.2.1.pom
[aa6e56de-059f-4c99-bf02-afd188c40d05/build]   | [INFO] Downloaded from central: https://repo.maven.apache.org/maven2/org/apache/maven/maven-project/2.2.1/maven-project-2.2.1.pom (2.8 kB at 213 kB/s)
[aa6e56de-059f-4c99-bf02-afd188c40d05/build]   | [INFO] Downloading from central: https://repo.maven.apache.org/maven2/org/apache/maven/maven-settings/2.2.1/maven-settings-2.2.1.pom
[aa6e56de-059f-4c99-bf02-afd188c40d05/build]   | [INFO] Downloaded from central: https://repo.maven.apache.org/maven2/org/apache/maven/maven-settings/2.2.1/maven-settings-2.2.1.pom (2.2 kB at 87 kB/s)
[aa6e56de-059f-4c99-bf02-afd188c40d05/build]   | [INFO] Downloading from central: https://repo.maven.apache.org/maven2/org/apache/maven/maven-model/2.2.1/maven-model-2.2.1.pom
[aa6e56de-059f-4c99-bf02-afd188c40d05/build]   | [INFO] Downloaded from central: https://repo.maven.apache.org/maven2/org/apache/maven/maven-model/2.2.1/maven-model-2.2.1.pom (3.2 kB at 130 kB/s)
[aa6e56de-059f-4c99-bf02-afd188c40d05/build]   | [INFO] Downloading from central: https://repo.maven.apache.org/maven2/org/codehaus/plexus/plexus-interpolation/1.11/plexus-interpolation-1.11.pom
[aa6e56de-059f-4c99-bf02-afd188c40d05/build]   | [INFO] Downloaded from central: https://repo.maven.apache.org/maven2/org/codehaus/plexus/plexus-interpolation/1.11/plexus-interpolation-1.11.pom (889 B at 42 kB/s)
[aa6e56de-059f-4c99-bf02-afd188c40d05/build]   | [INFO] Downloading from central: https://repo.maven.apache.org/maven2/org/apache/maven/maven-profile/2.2.1/maven-profile-2.2.1.pom
[aa6e56de-059f-4c99-bf02-afd188c40d05/build]   | [INFO] Downloaded from central: https://repo.maven.apache.org/maven2/org/apache/maven/maven-profile/2.2.1/maven-profile-2.2.1.pom (2.2 kB at 52 kB/s)
[aa6e56de-059f-4c99-bf02-afd188c40d05/build]   | [INFO] Downloading from central: https://repo.maven.apache.org/maven2/org/apache/maven/maven-artifact-manager/2.2.1/maven-artifact-manager-2.2.1.pom
[aa6e56de-059f-4c99-bf02-afd188c40d05/build]   | [INFO] Downloaded from central: https://repo.maven.apache.org/maven2/org/apache/maven/maven-artifact-manager/2.2.1/maven-artifact-manager-2.2.1.pom (3.1 kB at 26 kB/s)
[aa6e56de-059f-4c99-bf02-afd188c40d05/build]   | [INFO] Downloading from central: https://repo.maven.apache.org/maven2/org/apache/maven/maven-repository-metadata/2.2.1/maven-repository-metadata-2.2.1.pom
[aa6e56de-059f-4c99-bf02-afd188c40d05/build]   | [INFO] Downloaded from central: https://repo.maven.apache.org/maven2/org/apache/maven/maven-repository-metadata/2.2.1/maven-repository-metadata-2.2.1.pom (1.9 kB at 39 kB/s)
[aa6e56de-059f-4c99-bf02-afd188c40d05/build]   | [INFO] Downloading from central: https://repo.maven.apache.org/maven2/backport-util-concurrent/backport-util-concurrent/3.1/backport-util-concurrent-3.1.pom
[aa6e56de-059f-4c99-bf02-afd188c40d05/build]   | [INFO] Downloaded from central: https://repo.maven.apache.org/maven2/backport-util-concurrent/backport-util-concurrent/3.1/backport-util-concurrent-3.1.pom (880 B at 29 kB/s)
[aa6e56de-059f-4c99-bf02-afd188c40d05/build]   | [INFO] Downloading from central: https://repo.maven.apache.org/maven2/org/apache/maven/maven-plugin-registry/2.2.1/maven-plugin-registry-2.2.1.pom
[aa6e56de-059f-4c99-bf02-afd188c40d05/build]   | [INFO] Downloaded from central: https://repo.maven.apache.org/maven2/org/apache/maven/maven-plugin-registry/2.2.1/maven-plugin-registry-2.2.1.pom (1.9 kB at 74 kB/s)
[aa6e56de-059f-4c99-bf02-afd188c40d05/build]   | [INFO] Downloading from central: https://repo.maven.apache.org/maven2/org/apache/maven/maven-core/2.2.1/maven-core-2.2.1.pom
[aa6e56de-059f-4c99-bf02-afd188c40d05/build]   | [INFO] Downloaded from central: https://repo.maven.apache.org/maven2/org/apache/maven/maven-core/2.2.1/maven-core-2.2.1.pom (12 kB at 401 kB/s)
[aa6e56de-059f-4c99-bf02-afd188c40d05/build]   | [INFO] Downloading from central: https://repo.maven.apache.org/maven2/org/apache/maven/maven-plugin-parameter-documenter/2.2.1/maven-plugin-parameter-documenter-2.2.1.pom
[aa6e56de-059f-4c99-bf02-afd188c40d05/build]   | [INFO] Downloaded from central: https://repo.maven.apache.org/maven2/org/apache/maven/maven-plugin-parameter-documenter/2.2.1/maven-plugin-parameter-documenter-2.2.1.pom (2.0 kB at 78 kB/s)
[aa6e56de-059f-4c99-bf02-afd188c40d05/build]   | [INFO] Downloading from central: https://repo.maven.apache.org/maven2/org/slf4j/slf4j-jdk14/1.5.6/slf4j-jdk14-1.5.6.pom
[aa6e56de-059f-4c99-bf02-afd188c40d05/build]   | [INFO] Downloaded from central: https://repo.maven.apache.org/maven2/org/slf4j/slf4j-jdk14/1.5.6/slf4j-jdk14-1.5.6.pom (1.9 kB at 54 kB/s)
[aa6e56de-059f-4c99-bf02-afd188c40d05/build]   | [INFO] Downloading from central: https://repo.maven.apache.org/maven2/org/slf4j/slf4j-parent/1.5.6/slf4j-parent-1.5.6.pom
[aa6e56de-059f-4c99-bf02-afd188c40d05/build]   | [INFO] Downloaded from central: https://repo.maven.apache.org/maven2/org/slf4j/slf4j-parent/1.5.6/slf4j-parent-1.5.6.pom (7.9 kB at 273 kB/s)
[aa6e56de-059f-4c99-bf02-afd188c40d05/build]   | [INFO] Downloading from central: https://repo.maven.apache.org/maven2/org/slf4j/slf4j-api/1.5.6/slf4j-api-1.5.6.pom
[aa6e56de-059f-4c99-bf02-afd188c40d05/build]   | [INFO] Downloaded from central: https://repo.maven.apache.org/maven2/org/slf4j/slf4j-api/1.5.6/slf4j-api-1.5.6.pom (3.0 kB at 124 kB/s)
[aa6e56de-059f-4c99-bf02-afd188c40d05/build]   | [INFO] Downloading from central: https://repo.maven.apache.org/maven2/org/slf4j/jcl-over-slf4j/1.5.6/jcl-over-slf4j-1.5.6.pom
[aa6e56de-059f-4c99-bf02-afd188c40d05/build]   | [INFO] Downloaded from central: https://repo.maven.apache.org/maven2/org/slf4j/jcl-over-slf4j/1.5.6/jcl-over-slf4j-1.5.6.pom (2.2 kB at 62 kB/s)
[aa6e56de-059f-4c99-bf02-afd188c40d05/build]   | [INFO] Downloading from central: https://repo.maven.apache.org/maven2/org/apache/maven/reporting/maven-reporting-api/3.0/maven-reporting-api-3.0.pom
[aa6e56de-059f-4c99-bf02-afd188c40d05/build]   | [INFO] Downloaded from central: https://repo.maven.apache.org/maven2/org/apache/maven/reporting/maven-reporting-api/3.0/maven-reporting-api-3.0.pom (2.4 kB at 74 kB/s)
[aa6e56de-059f-4c99-bf02-afd188c40d05/build]   | [INFO] Downloading from central: https://repo.maven.apache.org/maven2/org/apache/maven/shared/maven-shared-components/15/maven-shared-components-15.pom
[aa6e56de-059f-4c99-bf02-afd188c40d05/build]   | [INFO] Downloaded from central: https://repo.maven.apache.org/maven2/org/apache/maven/shared/maven-shared-components/15/maven-shared-components-15.pom (9.3 kB at 389 kB/s)
[aa6e56de-059f-4c99-bf02-afd188c40d05/build]   | [INFO] Downloading from central: https://repo.maven.apache.org/maven2/org/apache/maven/maven-parent/16/maven-parent-16.pom
[aa6e56de-059f-4c99-bf02-afd188c40d05/build]   | [INFO] Downloaded from central: https://repo.maven.apache.org/maven2/org/apache/maven/maven-parent/16/maven-parent-16.pom (23 kB at 931 kB/s)
[aa6e56de-059f-4c99-bf02-afd188c40d05/build]   | [INFO] Downloading from central: https://repo.maven.apache.org/maven2/org/apache/apache/7/apache-7.pom
[aa6e56de-059f-4c99-bf02-afd188c40d05/build]   | [INFO] Downloaded from central: https://repo.maven.apache.org/maven2/org/apache/apache/7/apache-7.pom (14 kB at 802 kB/s)
[aa6e56de-059f-4c99-bf02-afd188c40d05/build]   | [INFO] Downloading from central: https://repo.maven.apache.org/maven2/org/apache/maven/maven-error-diagnostics/2.2.1/maven-error-diagnostics-2.2.1.pom
[aa6e56de-059f-4c99-bf02-afd188c40d05/build]   | [INFO] Downloaded from central: https://repo.maven.apache.org/maven2/org/apache/maven/maven-error-diagnostics/2.2.1/maven-error-diagnostics-2.2.1.pom (1.7 kB at 46 kB/s)
[aa6e56de-059f-4c99-bf02-afd188c40d05/build]   | [INFO] Downloading from central: https://repo.maven.apache.org/maven2/org/apache/maven/maven-monitor/2.2.1/maven-monitor-2.2.1.pom
[aa6e56de-059f-4c99-bf02-afd188c40d05/build]   | [INFO] Downloaded from central: https://repo.maven.apache.org/maven2/org/apache/maven/maven-monitor/2.2.1/maven-monitor-2.2.1.pom (1.3 kB at 28 kB/s)
[aa6e56de-059f-4c99-bf02-afd188c40d05/build]   | [INFO] Downloading from central: https://repo.maven.apache.org/maven2/org/sonatype/plexus/plexus-sec-dispatcher/1.3/plexus-sec-dispatcher-1.3.pom
[aa6e56de-059f-4c99-bf02-afd188c40d05/build]   | [INFO] Downloaded from central: https://repo.maven.apache.org/maven2/org/sonatype/plexus/plexus-sec-dispatcher/1.3/plexus-sec-dispatcher-1.3.pom (3.0 kB at 102 kB/s)
[aa6e56de-059f-4c99-bf02-afd188c40d05/build]   | [INFO] Downloading from central: https://repo.maven.apache.org/maven2/org/sonatype/spice/spice-parent/12/spice-parent-12.pom
[aa6e56de-059f-4c99-bf02-afd188c40d05/build]   | [INFO] Downloaded from central: https://repo.maven.apache.org/maven2/org/sonatype/spice/spice-parent/12/spice-parent-12.pom (6.8 kB at 243 kB/s)
[aa6e56de-059f-4c99-bf02-afd188c40d05/build]   | [INFO] Downloading from central: https://repo.maven.apache.org/maven2/org/sonatype/forge/forge-parent/4/forge-parent-4.pom
[aa6e56de-059f-4c99-bf02-afd188c40d05/build]   | [INFO] Downloaded from central: https://repo.maven.apache.org/maven2/org/sonatype/forge/forge-parent/4/forge-parent-4.pom (8.4 kB at 350 kB/s)
[aa6e56de-059f-4c99-bf02-afd188c40d05/build]   | [INFO] Downloading from central: https://repo.maven.apache.org/maven2/org/codehaus/plexus/plexus-utils/1.5.5/plexus-utils-1.5.5.pom
[aa6e56de-059f-4c99-bf02-afd188c40d05/build]   | [INFO] Downloaded from central: https://repo.maven.apache.org/maven2/org/codehaus/plexus/plexus-utils/1.5.5/plexus-utils-1.5.5.pom (5.1 kB at 214 kB/s)
[aa6e56de-059f-4c99-bf02-afd188c40d05/build]   | [INFO] Downloading from central: https://repo.maven.apache.org/maven2/org/sonatype/plexus/plexus-cipher/1.4/plexus-cipher-1.4.pom
[aa6e56de-059f-4c99-bf02-afd188c40d05/build]   | [INFO] Downloaded from central: https://repo.maven.apache.org/maven2/org/sonatype/plexus/plexus-cipher/1.4/plexus-cipher-1.4.pom (2.1 kB at 71 kB/s)
[aa6e56de-059f-4c99-bf02-afd188c40d05/build]   | [INFO] Downloading from central: https://repo.maven.apache.org/maven2/org/apache/maven/maven-toolchain/2.2.1/maven-toolchain-2.2.1.pom
[aa6e56de-059f-4c99-bf02-afd188c40d05/build]   | [INFO] Downloaded from central: https://repo.maven.apache.org/maven2/org/apache/maven/maven-toolchain/2.2.1/maven-toolchain-2.2.1.pom (3.3 kB at 115 kB/s)
[aa6e56de-059f-4c99-bf02-afd188c40d05/build]   | [INFO] Downloading from central: https://repo.maven.apache.org/maven2/org/codehaus/plexus/plexus-java/0.9.10/plexus-java-0.9.10.pom
[aa6e56de-059f-4c99-bf02-afd188c40d05/build]   | [INFO] Downloaded from central: https://repo.maven.apache.org/maven2/org/codehaus/plexus/plexus-java/0.9.10/plexus-java-0.9.10.pom (5.1 kB at 125 kB/s)
[aa6e56de-059f-4c99-bf02-afd188c40d05/build]   | [INFO] Downloading from central: https://repo.maven.apache.org/maven2/org/codehaus/plexus/plexus-languages/0.9.10/plexus-languages-0.9.10.pom
[aa6e56de-059f-4c99-bf02-afd188c40d05/build]   | [INFO] Downloaded from central: https://repo.maven.apache.org/maven2/org/codehaus/plexus/plexus-languages/0.9.10/plexus-languages-0.9.10.pom (4.1 kB at 143 kB/s)
[aa6e56de-059f-4c99-bf02-afd188c40d05/build]   | [INFO] Downloading from central: https://repo.maven.apache.org/maven2/org/codehaus/plexus/plexus/4.0/plexus-4.0.pom
[aa6e56de-059f-4c99-bf02-afd188c40d05/build]   | [INFO] Downloaded from central: https://repo.maven.apache.org/maven2/org/codehaus/plexus/plexus/4.0/plexus-4.0.pom (22 kB at 717 kB/s)
[aa6e56de-059f-4c99-bf02-afd188c40d05/build]   | [INFO] Downloading from central: https://repo.maven.apache.org/maven2/org/sonatype/forge/forge-parent/10/forge-parent-10.pom
[aa6e56de-059f-4c99-bf02-afd188c40d05/build]   | [INFO] Downloaded from central: https://repo.maven.apache.org/maven2/org/sonatype/forge/forge-parent/10/forge-parent-10.pom (14 kB at 646 kB/s)
[aa6e56de-059f-4c99-bf02-afd188c40d05/build]   | [INFO] Downloading from central: https://repo.maven.apache.org/maven2/org/ow2/asm/asm/6.2/asm-6.2.pom
[aa6e56de-059f-4c99-bf02-afd188c40d05/build]   | [INFO] Downloaded from central: https://repo.maven.apache.org/maven2/org/ow2/asm/asm/6.2/asm-6.2.pom (2.9 kB at 113 kB/s)
[aa6e56de-059f-4c99-bf02-afd188c40d05/build]   | [INFO] Downloading from central: https://repo.maven.apache.org/maven2/com/thoughtworks/qdox/qdox/2.0-M8/qdox-2.0-M8.pom
[aa6e56de-059f-4c99-bf02-afd188c40d05/build]   | [INFO] Downloaded from central: https://repo.maven.apache.org/maven2/com/thoughtworks/qdox/qdox/2.0-M8/qdox-2.0-M8.pom (16 kB at 528 kB/s)
[aa6e56de-059f-4c99-bf02-afd188c40d05/build]   | [INFO] Downloading from central: https://repo.maven.apache.org/maven2/org/apache/maven/surefire/maven-surefire-common/2.22.2/maven-surefire-common-2.22.2.jar
[aa6e56de-059f-4c99-bf02-afd188c40d05/build]   | [INFO] Downloading from central: https://repo.maven.apache.org/maven2/org/apache/maven/maven-plugin-api/2.2.1/maven-plugin-api-2.2.1.jar
[aa6e56de-059f-4c99-bf02-afd188c40d05/build]   | [INFO] Downloading from central: https://repo.maven.apache.org/maven2/org/apache/maven/plugin-tools/maven-plugin-annotations/3.5.2/maven-plugin-annotations-3.5.2.jar
[aa6e56de-059f-4c99-bf02-afd188c40d05/build]   | [INFO] Downloading from central: https://repo.maven.apache.org/maven2/org/apache/maven/surefire/surefire-api/2.22.2/surefire-api-2.22.2.jar
[aa6e56de-059f-4c99-bf02-afd188c40d05/build]   | [INFO] Downloading from central: https://repo.maven.apache.org/maven2/org/apache/maven/surefire/surefire-logger-api/2.22.2/surefire-logger-api-2.22.2.jar
[aa6e56de-059f-4c99-bf02-afd188c40d05/build]   | [INFO] Downloaded from central: https://repo.maven.apache.org/maven2/org/apache/maven/plugin-tools/maven-plugin-annotations/3.5.2/maven-plugin-annotations-3.5.2.jar (14 kB at 408 kB/s)
[aa6e56de-059f-4c99-bf02-afd188c40d05/build]   | [INFO] Downloading from central: https://repo.maven.apache.org/maven2/org/apache/maven/surefire/surefire-booter/2.22.2/surefire-booter-2.22.2.jar
[aa6e56de-059f-4c99-bf02-afd188c40d05/build]   | [INFO] Downloaded from central: https://repo.maven.apache.org/maven2/org/apache/maven/surefire/surefire-logger-api/2.22.2/surefire-logger-api-2.22.2.jar (13 kB at 381 kB/s)
[aa6e56de-059f-4c99-bf02-afd188c40d05/build]   | [INFO] Downloading from central: https://repo.maven.apache.org/maven2/org/apache/maven/maven-artifact/2.2.1/maven-artifact-2.2.1.jar
[aa6e56de-059f-4c99-bf02-afd188c40d05/build]   | [INFO] Downloaded from central: https://repo.maven.apache.org/maven2/org/apache/maven/surefire/surefire-api/2.22.2/surefire-api-2.22.2.jar (186 kB at 4.1 MB/s)
[aa6e56de-059f-4c99-bf02-afd188c40d05/build]   | [INFO] Downloaded from central: https://repo.maven.apache.org/maven2/org/apache/maven/surefire/maven-surefire-common/2.22.2/maven-surefire-common-2.22.2.jar (528 kB at 11 MB/s)
[aa6e56de-059f-4c99-bf02-afd188c40d05/build]   | [INFO] Downloaded from central: https://repo.maven.apache.org/maven2/org/apache/maven/maven-plugin-api/2.2.1/maven-plugin-api-2.2.1.jar (12 kB at 275 kB/s)
[aa6e56de-059f-4c99-bf02-afd188c40d05/build]   | [INFO] Downloading from central: https://repo.maven.apache.org/maven2/org/apache/maven/maven-plugin-descriptor/2.2.1/maven-plugin-descriptor-2.2.1.jar
[aa6e56de-059f-4c99-bf02-afd188c40d05/build]   | [INFO] Downloading from central: https://repo.maven.apache.org/maven2/org/codehaus/plexus/plexus-utils/1.5.15/plexus-utils-1.5.15.jar
[aa6e56de-059f-4c99-bf02-afd188c40d05/build]   | [INFO] Downloading from central: https://repo.maven.apache.org/maven2/junit/junit/4.12/junit-4.12.jar
[aa6e56de-059f-4c99-bf02-afd188c40d05/build]   | [INFO] Downloaded from central: https://repo.maven.apache.org/maven2/org/apache/maven/maven-artifact/2.2.1/maven-artifact-2.2.1.jar (80 kB at 1.2 MB/s)
[aa6e56de-059f-4c99-bf02-afd188c40d05/build]   | [INFO] Downloading from central: https://repo.maven.apache.org/maven2/org/hamcrest/hamcrest-core/1.3/hamcrest-core-1.3.jar
[aa6e56de-059f-4c99-bf02-afd188c40d05/build]   | [INFO] Downloaded from central: https://repo.maven.apache.org/maven2/org/apache/maven/surefire/surefire-booter/2.22.2/surefire-booter-2.22.2.jar (274 kB at 3.8 MB/s)
[aa6e56de-059f-4c99-bf02-afd188c40d05/build]   | [INFO] Downloading from central: https://repo.maven.apache.org/maven2/org/apache/maven/maven-project/2.2.1/maven-project-2.2.1.jar
[aa6e56de-059f-4c99-bf02-afd188c40d05/build]   | [INFO] Downloaded from central: https://repo.maven.apache.org/maven2/org/apache/maven/maven-plugin-descriptor/2.2.1/maven-plugin-descriptor-2.2.1.jar (39 kB at 491 kB/s)
[aa6e56de-059f-4c99-bf02-afd188c40d05/build]   | [INFO] Downloading from central: https://repo.maven.apache.org/maven2/org/apache/maven/maven-settings/2.2.1/maven-settings-2.2.1.jar
[aa6e56de-059f-4c99-bf02-afd188c40d05/build]   | [INFO] Downloaded from central: https://repo.maven.apache.org/maven2/org/codehaus/plexus/plexus-utils/1.5.15/plexus-utils-1.5.15.jar (228 kB at 2.7 MB/s)
[aa6e56de-059f-4c99-bf02-afd188c40d05/build]   | [INFO] Downloading from central: https://repo.maven.apache.org/maven2/org/apache/maven/maven-profile/2.2.1/maven-profile-2.2.1.jar
[aa6e56de-059f-4c99-bf02-afd188c40d05/build]   | [INFO] Downloaded from central: https://repo.maven.apache.org/maven2/junit/junit/4.12/junit-4.12.jar (315 kB at 3.5 MB/s)
[aa6e56de-059f-4c99-bf02-afd188c40d05/build]   | [INFO] Downloading from central: https://repo.maven.apache.org/maven2/org/apache/maven/maven-artifact-manager/2.2.1/maven-artifact-manager-2.2.1.jar
[aa6e56de-059f-4c99-bf02-afd188c40d05/build]   | [INFO] Downloaded from central: https://repo.maven.apache.org/maven2/org/apache/maven/maven-project/2.2.1/maven-project-2.2.1.jar (156 kB at 1.5 MB/s)
[aa6e56de-059f-4c99-bf02-afd188c40d05/build]   | [INFO] Downloading from central: https://repo.maven.apache.org/maven2/backport-util-concurrent/backport-util-concurrent/3.1/backport-util-concurrent-3.1.jar
[aa6e56de-059f-4c99-bf02-afd188c40d05/build]   | [INFO] Downloaded from central: https://repo.maven.apache.org/maven2/org/apache/maven/maven-settings/2.2.1/maven-settings-2.2.1.jar (49 kB at 458 kB/s)
[aa6e56de-059f-4c99-bf02-afd188c40d05/build]   | [INFO] Downloading from central: https://repo.maven.apache.org/maven2/org/apache/maven/maven-plugin-registry/2.2.1/maven-plugin-registry-2.2.1.jar
[aa6e56de-059f-4c99-bf02-afd188c40d05/build]   | [INFO] Downloaded from central: https://repo.maven.apache.org/maven2/org/apache/maven/maven-profile/2.2.1/maven-profile-2.2.1.jar (35 kB at 324 kB/s)
[aa6e56de-059f-4c99-bf02-afd188c40d05/build]   | [INFO] Downloading from central: https://repo.maven.apache.org/maven2/org/codehaus/plexus/plexus-interpolation/1.11/plexus-interpolation-1.11.jar
[aa6e56de-059f-4c99-bf02-afd188c40d05/build]   | [INFO] Downloaded from central: https://repo.maven.apache.org/maven2/org/apache/maven/maven-artifact-manager/2.2.1/maven-artifact-manager-2.2.1.jar (68 kB at 578 kB/s)
[aa6e56de-059f-4c99-bf02-afd188c40d05/build]   | [INFO] Downloading from central: https://repo.maven.apache.org/maven2/org/apache/maven/maven-model/2.2.1/maven-model-2.2.1.jar
[aa6e56de-059f-4c99-bf02-afd188c40d05/build]   | [INFO] Downloaded from central: https://repo.maven.apache.org/maven2/org/hamcrest/hamcrest-core/1.3/hamcrest-core-1.3.jar (45 kB at 369 kB/s)
[aa6e56de-059f-4c99-bf02-afd188c40d05/build]   | [INFO] Downloading from central: https://repo.maven.apache.org/maven2/org/apache/maven/maven-core/2.2.1/maven-core-2.2.1.jar
[aa6e56de-059f-4c99-bf02-afd188c40d05/build]   | [INFO] Downloaded from central: https://repo.maven.apache.org/maven2/org/codehaus/plexus/plexus-interpolation/1.11/plexus-interpolation-1.11.jar (51 kB at 356 kB/s)
[aa6e56de-059f-4c99-bf02-afd188c40d05/build]   | [INFO] Downloading from central: https://repo.maven.apache.org/maven2/org/apache/maven/maven-plugin-parameter-documenter/2.2.1/maven-plugin-parameter-documenter-2.2.1.jar
[aa6e56de-059f-4c99-bf02-afd188c40d05/build]   | [INFO] Downloaded from central: https://repo.maven.apache.org/maven2/org/apache/maven/maven-plugin-registry/2.2.1/maven-plugin-registry-2.2.1.jar (30 kB at 206 kB/s)
[aa6e56de-059f-4c99-bf02-afd188c40d05/build]   | [INFO] Downloading from central: https://repo.maven.apache.org/maven2/org/slf4j/slf4j-jdk14/1.5.6/slf4j-jdk14-1.5.6.jar
[aa6e56de-059f-4c99-bf02-afd188c40d05/build]   | [INFO] Downloaded from central: https://repo.maven.apache.org/maven2/backport-util-concurrent/backport-util-concurrent/3.1/backport-util-concurrent-3.1.jar (332 kB at 2.2 MB/s)
[aa6e56de-059f-4c99-bf02-afd188c40d05/build]   | [INFO] Downloading from central: https://repo.maven.apache.org/maven2/org/slf4j/slf4j-api/1.5.6/slf4j-api-1.5.6.jar
[aa6e56de-059f-4c99-bf02-afd188c40d05/build]   | [INFO] Downloaded from central: https://repo.maven.apache.org/maven2/org/apache/maven/maven-model/2.2.1/maven-model-2.2.1.jar (88 kB at 551 kB/s)
[aa6e56de-059f-4c99-bf02-afd188c40d05/build]   | [INFO] Downloading from central: https://repo.maven.apache.org/maven2/org/slf4j/jcl-over-slf4j/1.5.6/jcl-over-slf4j-1.5.6.jar
[aa6e56de-059f-4c99-bf02-afd188c40d05/build]   | [INFO] Downloaded from central: https://repo.maven.apache.org/maven2/org/apache/maven/maven-core/2.2.1/maven-core-2.2.1.jar (178 kB at 1.1 MB/s)
[aa6e56de-059f-4c99-bf02-afd188c40d05/build]   | [INFO] Downloading from central: https://repo.maven.apache.org/maven2/org/apache/maven/reporting/maven-reporting-api/3.0/maven-reporting-api-3.0.jar
[aa6e56de-059f-4c99-bf02-afd188c40d05/build]   | [INFO] Downloaded from central: https://repo.maven.apache.org/maven2/org/apache/maven/maven-plugin-parameter-documenter/2.2.1/maven-plugin-parameter-documenter-2.2.1.jar (22 kB at 123 kB/s)
[aa6e56de-059f-4c99-bf02-afd188c40d05/build]   | [INFO] Downloaded from central: https://repo.maven.apache.org/maven2/org/slf4j/slf4j-jdk14/1.5.6/slf4j-jdk14-1.5.6.jar (8.8 kB at 49 kB/s)
[aa6e56de-059f-4c99-bf02-afd188c40d05/build]   | [INFO] Downloading from central: https://repo.maven.apache.org/maven2/org/apache/maven/maven-repository-metadata/2.2.1/maven-repository-metadata-2.2.1.jar
[aa6e56de-059f-4c99-bf02-afd188c40d05/build]   | [INFO] Downloading from central: https://repo.maven.apache.org/maven2/org/apache/maven/maven-error-diagnostics/2.2.1/maven-error-diagnostics-2.2.1.jar
[aa6e56de-059f-4c99-bf02-afd188c40d05/build]   | [INFO] Downloaded from central: https://repo.maven.apache.org/maven2/org/slf4j/slf4j-api/1.5.6/slf4j-api-1.5.6.jar (22 kB at 120 kB/s)
[aa6e56de-059f-4c99-bf02-afd188c40d05/build]   | [INFO] Downloading from central: https://repo.maven.apache.org/maven2/org/apache/maven/maven-monitor/2.2.1/maven-monitor-2.2.1.jar
[aa6e56de-059f-4c99-bf02-afd188c40d05/build]   | [INFO] Downloaded from central: https://repo.maven.apache.org/maven2/org/slf4j/jcl-over-slf4j/1.5.6/jcl-over-slf4j-1.5.6.jar (17 kB at 86 kB/s)
[aa6e56de-059f-4c99-bf02-afd188c40d05/build]   | [INFO] Downloading from central: https://repo.maven.apache.org/maven2/org/sonatype/plexus/plexus-sec-dispatcher/1.3/plexus-sec-dispatcher-1.3.jar
[aa6e56de-059f-4c99-bf02-afd188c40d05/build]   | [INFO] Downloaded from central: https://repo.maven.apache.org/maven2/org/apache/maven/reporting/maven-reporting-api/3.0/maven-reporting-api-3.0.jar (11 kB at 55 kB/s)
[aa6e56de-059f-4c99-bf02-afd188c40d05/build]   | [INFO] Downloading from central: https://repo.maven.apache.org/maven2/org/sonatype/plexus/plexus-cipher/1.4/plexus-cipher-1.4.jar
[aa6e56de-059f-4c99-bf02-afd188c40d05/build]   | [INFO] Downloaded from central: https://repo.maven.apache.org/maven2/org/apache/maven/maven-error-diagnostics/2.2.1/maven-error-diagnostics-2.2.1.jar (13 kB at 62 kB/s)
[aa6e56de-059f-4c99-bf02-afd188c40d05/build]   | [INFO] Downloading from central: https://repo.maven.apache.org/maven2/org/apache/maven/maven-toolchain/2.2.1/maven-toolchain-2.2.1.jar
[aa6e56de-059f-4c99-bf02-afd188c40d05/build]   | [INFO] Downloaded from central: https://repo.maven.apache.org/maven2/org/apache/maven/maven-repository-metadata/2.2.1/maven-repository-metadata-2.2.1.jar (26 kB at 121 kB/s)
[aa6e56de-059f-4c99-bf02-afd188c40d05/build]   | [INFO] Downloading from central: https://repo.maven.apache.org/maven2/org/codehaus/plexus/plexus-java/0.9.10/plexus-java-0.9.10.jar
[aa6e56de-059f-4c99-bf02-afd188c40d05/build]   | [INFO] Downloaded from central: https://repo.maven.apache.org/maven2/org/apache/maven/maven-monitor/2.2.1/maven-monitor-2.2.1.jar (10 kB at 48 kB/s)
[aa6e56de-059f-4c99-bf02-afd188c40d05/build]   | [INFO] Downloading from central: https://repo.maven.apache.org/maven2/org/ow2/asm/asm/6.2/asm-6.2.jar
[aa6e56de-059f-4c99-bf02-afd188c40d05/build]   | [INFO] Downloaded from central: https://repo.maven.apache.org/maven2/org/sonatype/plexus/plexus-sec-dispatcher/1.3/plexus-sec-dispatcher-1.3.jar (29 kB at 126 kB/s)
[aa6e56de-059f-4c99-bf02-afd188c40d05/build]   | [INFO] Downloading from central: https://repo.maven.apache.org/maven2/com/thoughtworks/qdox/qdox/2.0-M8/qdox-2.0-M8.jar
[aa6e56de-059f-4c99-bf02-afd188c40d05/build]   | [INFO] Downloaded from central: https://repo.maven.apache.org/maven2/org/sonatype/plexus/plexus-cipher/1.4/plexus-cipher-1.4.jar (13 kB at 57 kB/s)
[aa6e56de-059f-4c99-bf02-afd188c40d05/build]   | [INFO] Downloaded from central: https://repo.maven.apache.org/maven2/org/apache/maven/maven-toolchain/2.2.1/maven-toolchain-2.2.1.jar (38 kB at 156 kB/s)
[aa6e56de-059f-4c99-bf02-afd188c40d05/build]   | [INFO] Downloaded from central: https://repo.maven.apache.org/maven2/org/codehaus/plexus/plexus-java/0.9.10/plexus-java-0.9.10.jar (39 kB at 162 kB/s)
[aa6e56de-059f-4c99-bf02-afd188c40d05/build]   | [INFO] Downloaded from central: https://repo.maven.apache.org/maven2/org/ow2/asm/asm/6.2/asm-6.2.jar (111 kB at 443 kB/s)
[aa6e56de-059f-4c99-bf02-afd188c40d05/build]   | [INFO] Downloaded from central: https://repo.maven.apache.org/maven2/com/thoughtworks/qdox/qdox/2.0-M8/qdox-2.0-M8.jar (316 kB at 1.2 MB/s)
[aa6e56de-059f-4c99-bf02-afd188c40d05/build]   | [INFO] Downloading from central: https://repo.maven.apache.org/maven2/org/apache/maven/surefire/surefire-junit-platform/2.22.2/surefire-junit-platform-2.22.2.pom
[aa6e56de-059f-4c99-bf02-afd188c40d05/build]   | [INFO] Downloaded from central: https://repo.maven.apache.org/maven2/org/apache/maven/surefire/surefire-junit-platform/2.22.2/surefire-junit-platform-2.22.2.pom (7.0 kB at 184 kB/s)
[aa6e56de-059f-4c99-bf02-afd188c40d05/build]   | [INFO] Downloading from central: https://repo.maven.apache.org/maven2/org/apache/maven/surefire/surefire-providers/2.22.2/surefire-providers-2.22.2.pom
[aa6e56de-059f-4c99-bf02-afd188c40d05/build]   | [INFO] Downloaded from central: https://repo.maven.apache.org/maven2/org/apache/maven/surefire/surefire-providers/2.22.2/surefire-providers-2.22.2.pom (2.5 kB at 78 kB/s)
[aa6e56de-059f-4c99-bf02-afd188c40d05/build]   | [INFO] Downloading from central: https://repo.maven.apache.org/maven2/org/junit/platform/junit-platform-launcher/1.3.1/junit-platform-launcher-1.3.1.pom
[aa6e56de-059f-4c99-bf02-afd188c40d05/build]   | [INFO] Downloaded from central: https://repo.maven.apache.org/maven2/org/junit/platform/junit-platform-launcher/1.3.1/junit-platform-launcher-1.3.1.pom (2.2 kB at 79 kB/s)
[aa6e56de-059f-4c99-bf02-afd188c40d05/build]   | [INFO] Downloading from central: https://repo.maven.apache.org/maven2/org/apiguardian/apiguardian-api/1.0.0/apiguardian-api-1.0.0.pom
[aa6e56de-059f-4c99-bf02-afd188c40d05/build]   | [INFO] Downloaded from central: https://repo.maven.apache.org/maven2/org/apiguardian/apiguardian-api/1.0.0/apiguardian-api-1.0.0.pom (1.2 kB at 40 kB/s)
[aa6e56de-059f-4c99-bf02-afd188c40d05/build]   | [INFO] Downloading from central: https://repo.maven.apache.org/maven2/org/junit/platform/junit-platform-engine/1.3.1/junit-platform-engine-1.3.1.pom
[aa6e56de-059f-4c99-bf02-afd188c40d05/build]   | [INFO] Downloaded from central: https://repo.maven.apache.org/maven2/org/junit/platform/junit-platform-engine/1.3.1/junit-platform-engine-1.3.1.pom (2.4 kB at 56 kB/s)
[aa6e56de-059f-4c99-bf02-afd188c40d05/build]   | [INFO] Downloading from central: https://repo.maven.apache.org/maven2/org/junit/platform/junit-platform-commons/1.3.1/junit-platform-commons-1.3.1.pom
[aa6e56de-059f-4c99-bf02-afd188c40d05/build]   | [INFO] Downloaded from central: https://repo.maven.apache.org/maven2/org/junit/platform/junit-platform-commons/1.3.1/junit-platform-commons-1.3.1.pom (2.0 kB at 58 kB/s)
[aa6e56de-059f-4c99-bf02-afd188c40d05/build]   | [INFO] Downloading from central: https://repo.maven.apache.org/maven2/org/opentest4j/opentest4j/1.1.1/opentest4j-1.1.1.pom
[aa6e56de-059f-4c99-bf02-afd188c40d05/build]   | [INFO] Downloaded from central: https://repo.maven.apache.org/maven2/org/opentest4j/opentest4j/1.1.1/opentest4j-1.1.1.pom (1.7 kB at 65 kB/s)
[aa6e56de-059f-4c99-bf02-afd188c40d05/build]   | [INFO] Downloading from central: https://repo.maven.apache.org/maven2/org/junit/platform/junit-platform-engine/1.3.1/junit-platform-engine-1.3.1.jar
[aa6e56de-059f-4c99-bf02-afd188c40d05/build]   | [INFO] Downloading from central: https://repo.maven.apache.org/maven2/org/junit/platform/junit-platform-launcher/1.3.1/junit-platform-launcher-1.3.1.jar
[aa6e56de-059f-4c99-bf02-afd188c40d05/build]   | [INFO] Downloading from central: https://repo.maven.apache.org/maven2/org/apiguardian/apiguardian-api/1.0.0/apiguardian-api-1.0.0.jar
[aa6e56de-059f-4c99-bf02-afd188c40d05/build]   | [INFO] Downloading from central: https://repo.maven.apache.org/maven2/org/junit/platform/junit-platform-commons/1.3.1/junit-platform-commons-1.3.1.jar
[aa6e56de-059f-4c99-bf02-afd188c40d05/build]   | [INFO] Downloading from central: https://repo.maven.apache.org/maven2/org/apache/maven/surefire/surefire-junit-platform/2.22.2/surefire-junit-platform-2.22.2.jar
[aa6e56de-059f-4c99-bf02-afd188c40d05/build]   | [INFO] Downloaded from central: https://repo.maven.apache.org/maven2/org/junit/platform/junit-platform-engine/1.3.1/junit-platform-engine-1.3.1.jar (135 kB at 3.8 MB/s)
[aa6e56de-059f-4c99-bf02-afd188c40d05/build]   | [INFO] Downloaded from central: https://repo.maven.apache.org/maven2/org/apache/maven/surefire/surefire-junit-platform/2.22.2/surefire-junit-platform-2.22.2.jar (66 kB at 1.9 MB/s)
[aa6e56de-059f-4c99-bf02-afd188c40d05/build]   | [INFO] Downloading from central: https://repo.maven.apache.org/maven2/org/opentest4j/opentest4j/1.1.1/opentest4j-1.1.1.jar
[aa6e56de-059f-4c99-bf02-afd188c40d05/build]   | [INFO] Downloaded from central: https://repo.maven.apache.org/maven2/org/apiguardian/apiguardian-api/1.0.0/apiguardian-api-1.0.0.jar (2.2 kB at 57 kB/s)
[aa6e56de-059f-4c99-bf02-afd188c40d05/build]   | [INFO] Downloaded from central: https://repo.maven.apache.org/maven2/org/junit/platform/junit-platform-commons/1.3.1/junit-platform-commons-1.3.1.jar (78 kB at 2.0 MB/s)
[aa6e56de-059f-4c99-bf02-afd188c40d05/build]   | [INFO] Downloaded from central: https://repo.maven.apache.org/maven2/org/junit/platform/junit-platform-launcher/1.3.1/junit-platform-launcher-1.3.1.jar (95 kB at 2.3 MB/s)
[aa6e56de-059f-4c99-bf02-afd188c40d05/build]   | [INFO] Downloaded from central: https://repo.maven.apache.org/maven2/org/opentest4j/opentest4j/1.1.1/opentest4j-1.1.1.jar (7.1 kB at 285 kB/s)
[aa6e56de-059f-4c99-bf02-afd188c40d05/build]   | [INFO] 
[aa6e56de-059f-4c99-bf02-afd188c40d05/build]   | [INFO] -------------------------------------------------------
[aa6e56de-059f-4c99-bf02-afd188c40d05/build]   | [INFO]  T E S T S
[aa6e56de-059f-4c99-bf02-afd188c40d05/build]   | [INFO] -------------------------------------------------------
[aa6e56de-059f-4c99-bf02-afd188c40d05/build]   | [INFO] Running com.thealgorithms.geometry.GrahamScanTest
[aa6e56de-059f-4c99-bf02-afd188c40d05/build]   | [INFO] Tests run: 1, Failures: 0, Errors: 0, Skipped: 0, Time elapsed: 0.057 s - in com.thealgorithms.geometry.GrahamScanTest
[aa6e56de-059f-4c99-bf02-afd188c40d05/build]   | [INFO] Running com.thealgorithms.scheduling.RRSchedulingTest
[aa6e56de-059f-4c99-bf02-afd188c40d05/build]   | [INFO] Tests run: 1, Failures: 0, Errors: 0, Skipped: 0, Time elapsed: 0 s - in com.thealgorithms.scheduling.RRSchedulingTest
[aa6e56de-059f-4c99-bf02-afd188c40d05/build]   | [INFO] Running com.thealgorithms.scheduling.SJFSchedulingTest
[aa6e56de-059f-4c99-bf02-afd188c40d05/build]   | [INFO] Tests run: 7, Failures: 0, Errors: 0, Skipped: 0, Time elapsed: 0.001 s - in com.thealgorithms.scheduling.SJFSchedulingTest
[aa6e56de-059f-4c99-bf02-afd188c40d05/build]   | [INFO] Running com.thealgorithms.scheduling.FCFSSchedulingTest
[aa6e56de-059f-4c99-bf02-afd188c40d05/build]   | [INFO] Tests run: 1, Failures: 0, Errors: 0, Skipped: 0, Time elapsed: 0 s - in com.thealgorithms.scheduling.FCFSSchedulingTest
[aa6e56de-059f-4c99-bf02-afd188c40d05/build]   | [INFO] Running com.thealgorithms.divideandconquer.BinaryExponentiationTest
[aa6e56de-059f-4c99-bf02-afd188c40d05/build]   | [INFO] Tests run: 2, Failures: 0, Errors: 0, Skipped: 0, Time elapsed: 0.001 s - in com.thealgorithms.divideandconquer.BinaryExponentiationTest
[aa6e56de-059f-4c99-bf02-afd188c40d05/build]   | [INFO] Running com.thealgorithms.divideandconquer.StrassenMatrixMultiplicationTest
[aa6e56de-059f-4c99-bf02-afd188c40d05/build]   | [INFO] Tests run: 3, Failures: 0, Errors: 0, Skipped: 0, Time elapsed: 0.001 s - in com.thealgorithms.divideandconquer.StrassenMatrixMultiplicationTest
[aa6e56de-059f-4c99-bf02-afd188c40d05/build]   | [INFO] Running com.thealgorithms.dynamicprogramming.LevenshteinDistanceTests
[aa6e56de-059f-4c99-bf02-afd188c40d05/build]   | [INFO] Tests run: 4, Failures: 0, Errors: 0, Skipped: 0, Time elapsed: 0.078 s - in com.thealgorithms.dynamicprogramming.LevenshteinDistanceTests
[aa6e56de-059f-4c99-bf02-afd188c40d05/build]   | [INFO] Running com.thealgorithms.dynamicprogramming.SubsetCountTest
[aa6e56de-059f-4c99-bf02-afd188c40d05/build]   | [INFO] Tests run: 4, Failures: 0, Errors: 0, Skipped: 0, Time elapsed: 0.003 s - in com.thealgorithms.dynamicprogramming.SubsetCountTest
[aa6e56de-059f-4c99-bf02-afd188c40d05/build]   | [INFO] Running com.thealgorithms.dynamicprogramming.CatalanNumberTest
[aa6e56de-059f-4c99-bf02-afd188c40d05/build]   | [INFO] Tests run: 1, Failures: 0, Errors: 0, Skipped: 0, Time elapsed: 0.001 s - in com.thealgorithms.dynamicprogramming.CatalanNumberTest
[aa6e56de-059f-4c99-bf02-afd188c40d05/build]   | [INFO] Running com.thealgorithms.dynamicprogramming.PartitionProblemTest
[aa6e56de-059f-4c99-bf02-afd188c40d05/build]   | [INFO] Tests run: 4, Failures: 0, Errors: 0, Skipped: 0, Time elapsed: 0.005 s - in com.thealgorithms.dynamicprogramming.PartitionProblemTest
[aa6e56de-059f-4c99-bf02-afd188c40d05/build]   | [INFO] Running com.thealgorithms.dynamicprogramming.MinimumPathSumTest
[aa6e56de-059f-4c99-bf02-afd188c40d05/build]   | [INFO] Tests run: 6, Failures: 0, Errors: 0, Skipped: 0, Time elapsed: 0.004 s - in com.thealgorithms.dynamicprogramming.MinimumPathSumTest
[aa6e56de-059f-4c99-bf02-afd188c40d05/build]   | [INFO] Running com.thealgorithms.dynamicprogramming.climbStairsTest
[aa6e56de-059f-4c99-bf02-afd188c40d05/build]   | [INFO] Tests run: 5, Failures: 0, Errors: 0, Skipped: 0, Time elapsed: 0.003 s - in com.thealgorithms.dynamicprogramming.climbStairsTest
[aa6e56de-059f-4c99-bf02-afd188c40d05/build]   | [INFO] Running com.thealgorithms.dynamicprogramming.OptimalJobSchedulingTest
[aa6e56de-059f-4c99-bf02-afd188c40d05/build]   | 5 1 3 2 
[aa6e56de-059f-4c99-bf02-afd188c40d05/build]   | 6 3 4 5 
[aa6e56de-059f-4c99-bf02-afd188c40d05/build]   | 5 8 6 6 
[aa6e56de-059f-4c99-bf02-afd188c40d05/build]   | 7 9 10 8 
[aa6e56de-059f-4c99-bf02-afd188c40d05/build]   | 8 9 12 9 
[aa6e56de-059f-4c99-bf02-afd188c40d05/build]   | 
[aa6e56de-059f-4c99-bf02-afd188c40d05/build]   | 5 1 3 
[aa6e56de-059f-4c99-bf02-afd188c40d05/build]   | 6 3 4 
[aa6e56de-059f-4c99-bf02-afd188c40d05/build]   | 5 8 6 
[aa6e56de-059f-4c99-bf02-afd188c40d05/build]   | 
[aa6e56de-059f-4c99-bf02-afd188c40d05/build]   | 5 1 3 2 
[aa6e56de-059f-4c99-bf02-afd188c40d05/build]   | 6 3 4 3 
[aa6e56de-059f-4c99-bf02-afd188c40d05/build]   | 5 8 6 9 
[aa6e56de-059f-4c99-bf02-afd188c40d05/build]   | 6 7 8 9 
[aa6e56de-059f-4c99-bf02-afd188c40d05/build]   | 8 8 12 13 
[aa6e56de-059f-4c99-bf02-afd188c40d05/build]   | 11 10 12 12 
[aa6e56de-059f-4c99-bf02-afd188c40d05/build]   | 
[aa6e56de-059f-4c99-bf02-afd188c40d05/build]   | [INFO] Tests run: 3, Failures: 0, Errors: 0, Skipped: 0, Time elapsed: 0.007 s - in com.thealgorithms.dynamicprogramming.OptimalJobSchedulingTest
[aa6e56de-059f-4c99-bf02-afd188c40d05/build]   | [INFO] Running com.thealgorithms.dynamicprogramming.KnapsackMemoizationTest
[aa6e56de-059f-4c99-bf02-afd188c40d05/build]   | [INFO] Tests run: 3, Failures: 0, Errors: 0, Skipped: 0, Time elapsed: 0.003 s - in com.thealgorithms.dynamicprogramming.KnapsackMemoizationTest
[aa6e56de-059f-4c99-bf02-afd188c40d05/build]   | [INFO] Running com.thealgorithms.dynamicprogramming.EggDroppingTest
[aa6e56de-059f-4c99-bf02-afd188c40d05/build]   | [INFO] Tests run: 4, Failures: 0, Errors: 0, Skipped: 0, Time elapsed: 0.015 s - in com.thealgorithms.dynamicprogramming.EggDroppingTest
[aa6e56de-059f-4c99-bf02-afd188c40d05/build]   | [INFO] Running com.thealgorithms.io.BufferedReaderTest
[aa6e56de-059f-4c99-bf02-afd188c40d05/build]   | [cached intentional error]
[aa6e56de-059f-4c99-bf02-afd188c40d05/build]   | [INFO] Tests run: 3, Failures: 0, Errors: 0, Skipped: 0, Time elapsed: 0.003 s - in com.thealgorithms.io.BufferedReaderTest
[aa6e56de-059f-4c99-bf02-afd188c40d05/build]   | [INFO] Running com.thealgorithms.searches.sortOrderAgnosticBinarySearchTest
[aa6e56de-059f-4c99-bf02-afd188c40d05/build]   | [INFO] Tests run: 2, Failures: 0, Errors: 0, Skipped: 0, Time elapsed: 0.001 s - in com.thealgorithms.searches.sortOrderAgnosticBinarySearchTest
[aa6e56de-059f-4c99-bf02-afd188c40d05/build]   | [INFO] Running com.thealgorithms.searches.TestSearchInARowAndColWiseSortedMatrix
[aa6e56de-059f-4c99-bf02-afd188c40d05/build]   | [INFO] Tests run: 2, Failures: 0, Errors: 0, Skipped: 0, Time elapsed: 0.001 s - in com.thealgorithms.searches.TestSearchInARowAndColWiseSortedMatrix
[aa6e56de-059f-4c99-bf02-afd188c40d05/build]   | [INFO] Running com.thealgorithms.searches.OrderAgnosticBinarySearchTest
[aa6e56de-059f-4c99-bf02-afd188c40d05/build]   | 4
[aa6e56de-059f-4c99-bf02-afd188c40d05/build]   | 2
[aa6e56de-059f-4c99-bf02-afd188c40d05/build]   | 4
[aa6e56de-059f-4c99-bf02-afd188c40d05/build]   | 0
[aa6e56de-059f-4c99-bf02-afd188c40d05/build]   | 0
[aa6e56de-059f-4c99-bf02-afd188c40d05/build]   | -1
[aa6e56de-059f-4c99-bf02-afd188c40d05/build]   | [INFO] Tests run: 6, Failures: 0, Errors: 0, Skipped: 0, Time elapsed: 0.004 s - in com.thealgorithms.searches.OrderAgnosticBinarySearchTest
[aa6e56de-059f-4c99-bf02-afd188c40d05/build]   | [INFO] Running com.thealgorithms.searches.HowManyTimesRotatedTest
[aa6e56de-059f-4c99-bf02-afd188c40d05/build]   | [INFO] Tests run: 1, Failures: 0, Errors: 0, Skipped: 0, Time elapsed: 0.001 s - in com.thealgorithms.searches.HowManyTimesRotatedTest
[aa6e56de-059f-4c99-bf02-afd188c40d05/build]   | [INFO] Running com.thealgorithms.searches.RabinKarpAlgorithmTest
[aa6e56de-059f-4c99-bf02-afd188c40d05/build]   | Pattern found at index 34
[aa6e56de-059f-4c99-bf02-afd188c40d05/build]   | Pattern found at index 8
[aa6e56de-059f-4c99-bf02-afd188c40d05/build]   | Pattern found at index 3
[aa6e56de-059f-4c99-bf02-afd188c40d05/build]   | Pattern found at index 0
[aa6e56de-059f-4c99-bf02-afd188c40d05/build]   | [INFO] Tests run: 5, Failures: 0, Errors: 0, Skipped: 0, Time elapsed: 0.008 s - in com.thealgorithms.searches.RabinKarpAlgorithmTest
[aa6e56de-059f-4c99-bf02-afd188c40d05/build]   | [INFO] Running com.thealgorithms.searches.BinarySearch2dArrayTest
[aa6e56de-059f-4c99-bf02-afd188c40d05/build]   | [1, 2]
[aa6e56de-059f-4c99-bf02-afd188c40d05/build]   | [1, 3]
[aa6e56de-059f-4c99-bf02-afd188c40d05/build]   | [2, 1]
[aa6e56de-059f-4c99-bf02-afd188c40d05/build]   | [0, 1]
[aa6e56de-059f-4c99-bf02-afd188c40d05/build]   | [1, 1]
[aa6e56de-059f-4c99-bf02-afd188c40d05/build]   | [0, 1]
[aa6e56de-059f-4c99-bf02-afd188c40d05/build]   | [-1, -1]
[aa6e56de-059f-4c99-bf02-afd188c40d05/build]   | [2, 2]
[aa6e56de-059f-4c99-bf02-afd188c40d05/build]   | [0, 2]
[aa6e56de-059f-4c99-bf02-afd188c40d05/build]   | [0, 0]
[aa6e56de-059f-4c99-bf02-afd188c40d05/build]   | [INFO] Tests run: 11, Failures: 0, Errors: 0, Skipped: 0, Time elapsed: 0.008 s - in com.thealgorithms.searches.BinarySearch2dArrayTest
[aa6e56de-059f-4c99-bf02-afd188c40d05/build]   | [INFO] Running com.thealgorithms.searches.RowColumnWiseSorted2dArrayBinarySearchTest
[aa6e56de-059f-4c99-bf02-afd188c40d05/build]   | [INFO] Tests run: 7, Failures: 0, Errors: 0, Skipped: 0, Time elapsed: 0.004 s - in com.thealgorithms.searches.RowColumnWiseSorted2dArrayBinarySearchTest
[aa6e56de-059f-4c99-bf02-afd188c40d05/build]   | [INFO] Running com.thealgorithms.searches.BreadthFirstSearchTest
[aa6e56de-059f-4c99-bf02-afd188c40d05/build]   | [INFO] Tests run: 3, Failures: 0, Errors: 0, Skipped: 0, Time elapsed: 0.002 s - in com.thealgorithms.searches.BreadthFirstSearchTest
[aa6e56de-059f-4c99-bf02-afd188c40d05/build]   | [INFO] Running com.thealgorithms.searches.QuickSelectTest
[aa6e56de-059f-4c99-bf02-afd188c40d05/build]   | [INFO] Tests run: 21, Failures: 0, Errors: 0, Skipped: 0, Time elapsed: 0.029 s - in com.thealgorithms.searches.QuickSelectTest
[aa6e56de-059f-4c99-bf02-afd188c40d05/build]   | [INFO] Running com.thealgorithms.searches.KMPSearchTest
[aa6e56de-059f-4c99-bf02-afd188c40d05/build]   | Found pattern at index 10
[aa6e56de-059f-4c99-bf02-afd188c40d05/build]   | 10
[aa6e56de-059f-4c99-bf02-afd188c40d05/build]   | No pattern found
[aa6e56de-059f-4c99-bf02-afd188c40d05/build]   | -1
[aa6e56de-059f-4c99-bf02-afd188c40d05/build]   | Found pattern at index 4
[aa6e56de-059f-4c99-bf02-afd188c40d05/build]   | 4
[aa6e56de-059f-4c99-bf02-afd188c40d05/build]   | Found pattern at index 0
[aa6e56de-059f-4c99-bf02-afd188c40d05/build]   | 0
[aa6e56de-059f-4c99-bf02-afd188c40d05/build]   | Found pattern at index 4
[aa6e56de-059f-4c99-bf02-afd188c40d05/build]   | 4
[aa6e56de-059f-4c99-bf02-afd188c40d05/build]   | [INFO] Tests run: 5, Failures: 0, Errors: 0, Skipped: 0, Time elapsed: 0.002 s - in com.thealgorithms.searches.KMPSearchTest
[aa6e56de-059f-4c99-bf02-afd188c40d05/build]   | [INFO] Running com.thealgorithms.conversions.BinaryToHexadecimalTest
[aa6e56de-059f-4c99-bf02-afd188c40d05/build]   | [INFO] Tests run: 1, Failures: 0, Errors: 0, Skipped: 0, Time elapsed: 0.001 s - in com.thealgorithms.conversions.BinaryToHexadecimalTest
[aa6e56de-059f-4c99-bf02-afd188c40d05/build]   | [INFO] Running com.thealgorithms.conversions.BinaryToDecimalTest
[aa6e56de-059f-4c99-bf02-afd188c40d05/build]   | [INFO] Tests run: 3, Failures: 0, Errors: 0, Skipped: 0, Time elapsed: 0.002 s - in com.thealgorithms.conversions.BinaryToDecimalTest
[aa6e56de-059f-4c99-bf02-afd188c40d05/build]   | [INFO] Running com.thealgorithms.conversions.OctalToHexadecimalTest
[aa6e56de-059f-4c99-bf02-afd188c40d05/build]   | [INFO] Tests run: 1, Failures: 0, Errors: 0, Skipped: 0, Time elapsed: 0.007 s - in com.thealgorithms.conversions.OctalToHexadecimalTest
[aa6e56de-059f-4c99-bf02-afd188c40d05/build]   | [INFO] Running com.thealgorithms.conversions.HexaDecimalToBinaryTest
[aa6e56de-059f-4c99-bf02-afd188c40d05/build]   | [INFO] Tests run: 1, Failures: 0, Errors: 0, Skipped: 0, Time elapsed: 0 s - in com.thealgorithms.conversions.HexaDecimalToBinaryTest
[aa6e56de-059f-4c99-bf02-afd188c40d05/build]   | [INFO] Running com.thealgorithms.conversions.HexToOctTest
[aa6e56de-059f-4c99-bf02-afd188c40d05/build]   | [INFO] Tests run: 1, Failures: 0, Errors: 0, Skipped: 0, Time elapsed: 0 s - in com.thealgorithms.conversions.HexToOctTest
[aa6e56de-059f-4c99-bf02-afd188c40d05/build]   | [INFO] Running com.thealgorithms.conversions.BinaryToOctalTest
[aa6e56de-059f-4c99-bf02-afd188c40d05/build]   | [INFO] Tests run: 1, Failures: 0, Errors: 0, Skipped: 0, Time elapsed: 0.001 s - in com.thealgorithms.conversions.BinaryToOctalTest
[aa6e56de-059f-4c99-bf02-afd188c40d05/build]   | [INFO] Running com.thealgorithms.conversions.HexaDecimalToDecimalTest
[aa6e56de-059f-4c99-bf02-afd188c40d05/build]   | [INFO] Tests run: 1, Failures: 0, Errors: 0, Skipped: 0, Time elapsed: 0 s - in com.thealgorithms.conversions.HexaDecimalToDecimalTest
[aa6e56de-059f-4c99-bf02-afd188c40d05/build]   | [INFO] Running com.thealgorithms.conversions.OctalToBinaryTest
[aa6e56de-059f-4c99-bf02-afd188c40d05/build]   | [INFO] Tests run: 1, Failures: 0, Errors: 0, Skipped: 0, Time elapsed: 0 s - in com.thealgorithms.conversions.OctalToBinaryTest
[aa6e56de-059f-4c99-bf02-afd188c40d05/build]   | [INFO] Running com.thealgorithms.conversions.RomanToIntegerTest
[aa6e56de-059f-4c99-bf02-afd188c40d05/build]   | [INFO] Tests run: 1, Failures: 0, Errors: 0, Skipped: 0, Time elapsed: 0.001 s - in com.thealgorithms.conversions.RomanToIntegerTest
[aa6e56de-059f-4c99-bf02-afd188c40d05/build]   | [INFO] Running com.thealgorithms.conversions.IntegerToRomanTest
[aa6e56de-059f-4c99-bf02-afd188c40d05/build]   | [INFO] Tests run: 1, Failures: 0, Errors: 0, Skipped: 0, Time elapsed: 0.002 s - in com.thealgorithms.conversions.IntegerToRomanTest
[aa6e56de-059f-4c99-bf02-afd188c40d05/build]   | [INFO] Running com.thealgorithms.conversions.DecimalToHexaDecimalTest
[aa6e56de-059f-4c99-bf02-afd188c40d05/build]   | [INFO] Tests run: 1, Failures: 0, Errors: 0, Skipped: 0, Time elapsed: 0.001 s - in com.thealgorithms.conversions.DecimalToHexaDecimalTest
[aa6e56de-059f-4c99-bf02-afd188c40d05/build]   | [INFO] Running com.thealgorithms.conversions.OctalToDecimalTest
[aa6e56de-059f-4c99-bf02-afd188c40d05/build]   | [INFO] Tests run: 1, Failures: 0, Errors: 0, Skipped: 0, Time elapsed: 0 s - in com.thealgorithms.conversions.OctalToDecimalTest
[aa6e56de-059f-4c99-bf02-afd188c40d05/build]   | [INFO] Running com.thealgorithms.backtracking.AllPathsFromSourceToTargetTest
[aa6e56de-059f-4c99-bf02-afd188c40d05/build]   | [INFO] Tests run: 4, Failures: 0, Errors: 0, Skipped: 0, Time elapsed: 0.003 s - in com.thealgorithms.backtracking.AllPathsFromSourceToTargetTest
[aa6e56de-059f-4c99-bf02-afd188c40d05/build]   | [INFO] Running com.thealgorithms.backtracking.WordSearchTest
[aa6e56de-059f-4c99-bf02-afd188c40d05/build]   | [INFO] Tests run: 3, Failures: 0, Errors: 0, Skipped: 0, Time elapsed: 0.001 s - in com.thealgorithms.backtracking.WordSearchTest
[aa6e56de-059f-4c99-bf02-afd188c40d05/build]   | [INFO] Running com.thealgorithms.backtracking.CombinationTest
[aa6e56de-059f-4c99-bf02-afd188c40d05/build]   | [INFO] Tests run: 3, Failures: 0, Errors: 0, Skipped: 0, Time elapsed: 0.001 s - in com.thealgorithms.backtracking.CombinationTest
[aa6e56de-059f-4c99-bf02-afd188c40d05/build]   | [INFO] Running com.thealgorithms.backtracking.PowerSumTest
[aa6e56de-059f-4c99-bf02-afd188c40d05/build]   | [INFO] Tests run: 3, Failures: 0, Errors: 0, Skipped: 0, Time elapsed: 0.001 s - in com.thealgorithms.backtracking.PowerSumTest
[aa6e56de-059f-4c99-bf02-afd188c40d05/build]   | [INFO] Running com.thealgorithms.backtracking.MazeRecursionTest
[aa6e56de-059f-4c99-bf02-afd188c40d05/build]   | [INFO] Tests run: 1, Failures: 0, Errors: 0, Skipped: 0, Time elapsed: 0 s - in com.thealgorithms.backtracking.MazeRecursionTest
[aa6e56de-059f-4c99-bf02-afd188c40d05/build]   | [INFO] Running com.thealgorithms.backtracking.FloodFillTest
[aa6e56de-059f-4c99-bf02-afd188c40d05/build]   | [INFO] Tests run: 5, Failures: 0, Errors: 0, Skipped: 0, Time elapsed: 0.002 s - in com.thealgorithms.backtracking.FloodFillTest
[aa6e56de-059f-4c99-bf02-afd188c40d05/build]   | [INFO] Running com.thealgorithms.backtracking.PermutationTest
[aa6e56de-059f-4c99-bf02-afd188c40d05/build]   | [INFO] Tests run: 3, Failures: 0, Errors: 0, Skipped: 0, Time elapsed: 0.001 s - in com.thealgorithms.backtracking.PermutationTest
[aa6e56de-059f-4c99-bf02-afd188c40d05/build]   | [INFO] Running com.thealgorithms.backtracking.ArrayCombinationTest
[aa6e56de-059f-4c99-bf02-afd188c40d05/build]   | [INFO] Tests run: 5, Failures: 0, Errors: 0, Skipped: 0, Time elapsed: 0.01 s - in com.thealgorithms.backtracking.ArrayCombinationTest
[aa6e56de-059f-4c99-bf02-afd188c40d05/build]   | [INFO] Running com.thealgorithms.sorts.BucketSortTest
[aa6e56de-059f-4c99-bf02-afd188c40d05/build]   | [INFO] Tests run: 5, Failures: 0, Errors: 0, Skipped: 0, Time elapsed: 0.003 s - in com.thealgorithms.sorts.BucketSortTest
[aa6e56de-059f-4c99-bf02-afd188c40d05/build]   | [INFO] Running com.thealgorithms.sorts.SlowSortTest
[aa6e56de-059f-4c99-bf02-afd188c40d05/build]   | [INFO] Tests run: 8, Failures: 0, Errors: 0, Skipped: 0, Time elapsed: 0.005 s - in com.thealgorithms.sorts.SlowSortTest
[aa6e56de-059f-4c99-bf02-afd188c40d05/build]   | [INFO] Running com.thealgorithms.sorts.DutchNationalFlagSortTest
[aa6e56de-059f-4c99-bf02-afd188c40d05/build]   | [INFO] Tests run: 8, Failures: 0, Errors: 0, Skipped: 0, Time elapsed: 0.003 s - in com.thealgorithms.sorts.DutchNationalFlagSortTest
[aa6e56de-059f-4c99-bf02-afd188c40d05/build]   | [INFO] Running com.thealgorithms.sorts.MergeSortRecursiveTest
[aa6e56de-059f-4c99-bf02-afd188c40d05/build]   | [INFO] Tests run: 2, Failures: 0, Errors: 0, Skipped: 0, Time elapsed: 0.002 s - in com.thealgorithms.sorts.MergeSortRecursiveTest
[aa6e56de-059f-4c99-bf02-afd188c40d05/build]   | [INFO] Running com.thealgorithms.sorts.StrandSortTest
[aa6e56de-059f-4c99-bf02-afd188c40d05/build]   | [INFO] Tests run: 2, Failures: 0, Errors: 0, Skipped: 0, Time elapsed: 0.001 s - in com.thealgorithms.sorts.StrandSortTest
[aa6e56de-059f-4c99-bf02-afd188c40d05/build]   | [INFO] Running com.thealgorithms.sorts.CocktailShakerSortTest
[aa6e56de-059f-4c99-bf02-afd188c40d05/build]   | [INFO] Tests run: 4, Failures: 0, Errors: 0, Skipped: 0, Time elapsed: 0.002 s - in com.thealgorithms.sorts.CocktailShakerSortTest
[aa6e56de-059f-4c99-bf02-afd188c40d05/build]   | [INFO] Running com.thealgorithms.sorts.SortUtilsTest
[aa6e56de-059f-4c99-bf02-afd188c40d05/build]   | [INFO] Tests run: 6, Failures: 0, Errors: 0, Skipped: 0, Time elapsed: 0.002 s - in com.thealgorithms.sorts.SortUtilsTest
[aa6e56de-059f-4c99-bf02-afd188c40d05/build]   | [INFO] Running com.thealgorithms.sorts.ShellSortTest
[aa6e56de-059f-4c99-bf02-afd188c40d05/build]   | [INFO] Tests run: 7, Failures: 0, Errors: 0, Skipped: 0, Time elapsed: 0.004 s - in com.thealgorithms.sorts.ShellSortTest
[aa6e56de-059f-4c99-bf02-afd188c40d05/build]   | [INFO] Running com.thealgorithms.sorts.InsertionSortTest
[aa6e56de-059f-4c99-bf02-afd188c40d05/build]   | [INFO] Tests run: 7, Failures: 0, Errors: 0, Skipped: 0, Time elapsed: 0.337 s - in com.thealgorithms.sorts.InsertionSortTest
[aa6e56de-059f-4c99-bf02-afd188c40d05/build]   | [INFO] Running com.thealgorithms.sorts.TopologicalSortTest
[aa6e56de-059f-4c99-bf02-afd188c40d05/build]   | [INFO] Tests run: 2, Failures: 0, Errors: 0, Skipped: 0, Time elapsed: 0.005 s - in com.thealgorithms.sorts.TopologicalSortTest
[aa6e56de-059f-4c99-bf02-afd188c40d05/build]   | [INFO] Running com.thealgorithms.sorts.BogoSortTest
[aa6e56de-059f-4c99-bf02-afd188c40d05/build]   | [INFO] Tests run: 7, Failures: 0, Errors: 0, Skipped: 0, Time elapsed: 0.021 s - in com.thealgorithms.sorts.BogoSortTest
[aa6e56de-059f-4c99-bf02-afd188c40d05/build]   | [INFO] Running com.thealgorithms.sorts.TimSortTest
[aa6e56de-059f-4c99-bf02-afd188c40d05/build]   | [INFO] Tests run: 16, Failures: 0, Errors: 0, Skipped: 0, Time elapsed: 0.016 s - in com.thealgorithms.sorts.TimSortTest
[aa6e56de-059f-4c99-bf02-afd188c40d05/build]   | [INFO] Running com.thealgorithms.sorts.DualPivotQuickSortTest
[aa6e56de-059f-4c99-bf02-afd188c40d05/build]   | [INFO] Tests run: 6, Failures: 0, Errors: 0, Skipped: 0, Time elapsed: 0.001 s - in com.thealgorithms.sorts.DualPivotQuickSortTest
[aa6e56de-059f-4c99-bf02-afd188c40d05/build]   | [INFO] Running com.thealgorithms.sorts.SimpleSortTest
[aa6e56de-059f-4c99-bf02-afd188c40d05/build]   | [INFO] Tests run: 7, Failures: 0, Errors: 0, Skipped: 0, Time elapsed: 0.002 s - in com.thealgorithms.sorts.SimpleSortTest
[aa6e56de-059f-4c99-bf02-afd188c40d05/build]   | [INFO] Running com.thealgorithms.sorts.IntrospectiveSortTest
[aa6e56de-059f-4c99-bf02-afd188c40d05/build]   | [INFO] Tests run: 7, Failures: 0, Errors: 0, Skipped: 0, Time elapsed: 0.003 s - in com.thealgorithms.sorts.IntrospectiveSortTest
[aa6e56de-059f-4c99-bf02-afd188c40d05/build]   | [INFO] Running com.thealgorithms.sorts.BinaryInsertionSortTest
[aa6e56de-059f-4c99-bf02-afd188c40d05/build]   | [INFO] Tests run: 2, Failures: 0, Errors: 0, Skipped: 0, Time elapsed: 0.001 s - in com.thealgorithms.sorts.BinaryInsertionSortTest
[aa6e56de-059f-4c99-bf02-afd188c40d05/build]   | [INFO] Running com.thealgorithms.sorts.WiggleSortTest
[aa6e56de-059f-4c99-bf02-afd188c40d05/build]   | [2, 5, 1, 2, 1, 2]
[aa6e56de-059f-4c99-bf02-afd188c40d05/build]   | [INFO] Tests run: 7, Failures: 0, Errors: 0, Skipped: 0, Time elapsed: 0.005 s - in com.thealgorithms.sorts.WiggleSortTest
[aa6e56de-059f-4c99-bf02-afd188c40d05/build]   | [INFO] Running com.thealgorithms.sorts.BubbleSortTest
[aa6e56de-059f-4c99-bf02-afd188c40d05/build]   | [INFO] Tests run: 5, Failures: 0, Errors: 0, Skipped: 0, Time elapsed: 0.002 s - in com.thealgorithms.sorts.BubbleSortTest
[aa6e56de-059f-4c99-bf02-afd188c40d05/build]   | [INFO] Running com.thealgorithms.sorts.HeapSortTest
[aa6e56de-059f-4c99-bf02-afd188c40d05/build]   | [INFO] Tests run: 16, Failures: 0, Errors: 0, Skipped: 0, Time elapsed: 0.015 s - in com.thealgorithms.sorts.HeapSortTest
[aa6e56de-059f-4c99-bf02-afd188c40d05/build]   | [INFO] Running com.thealgorithms.sorts.OddEvenSortTest
[aa6e56de-059f-4c99-bf02-afd188c40d05/build]   | [INFO] Tests run: 3, Failures: 0, Errors: 0, Skipped: 0, Time elapsed: 0 s - in com.thealgorithms.sorts.OddEvenSortTest
[aa6e56de-059f-4c99-bf02-afd188c40d05/build]   | [INFO] Running com.thealgorithms.sorts.BeadSortTest
[aa6e56de-059f-4c99-bf02-afd188c40d05/build]   | [INFO] Tests run: 4, Failures: 0, Errors: 0, Skipped: 0, Time elapsed: 0.001 s - in com.thealgorithms.sorts.BeadSortTest
[aa6e56de-059f-4c99-bf02-afd188c40d05/build]   | [INFO] Running com.thealgorithms.sorts.TreeSortTest
[aa6e56de-059f-4c99-bf02-afd188c40d05/build]   | [INFO] Tests run: 5, Failures: 0, Errors: 0, Skipped: 0, Time elapsed: 0.002 s - in com.thealgorithms.sorts.TreeSortTest
[aa6e56de-059f-4c99-bf02-afd188c40d05/build]   | [INFO] Running com.thealgorithms.sorts.MergeSortTest
[aa6e56de-059f-4c99-bf02-afd188c40d05/build]   | [INFO] Tests run: 16, Failures: 0, Errors: 0, Skipped: 0, Time elapsed: 0.014 s - in com.thealgorithms.sorts.MergeSortTest
[aa6e56de-059f-4c99-bf02-afd188c40d05/build]   | [INFO] Running com.thealgorithms.sorts.QuickSortTest
[aa6e56de-059f-4c99-bf02-afd188c40d05/build]   | [INFO] Tests run: 16, Failures: 0, Errors: 0, Skipped: 0, Time elapsed: 0.02 s - in com.thealgorithms.sorts.QuickSortTest
[aa6e56de-059f-4c99-bf02-afd188c40d05/build]   | [INFO] Running com.thealgorithms.sorts.SelectionSortTest
[aa6e56de-059f-4c99-bf02-afd188c40d05/build]   | [INFO] Tests run: 3, Failures: 0, Errors: 0, Skipped: 0, Time elapsed: 0.001 s - in com.thealgorithms.sorts.SelectionSortTest
[aa6e56de-059f-4c99-bf02-afd188c40d05/build]   | [INFO] Running com.thealgorithms.sorts.CombSortTest
[aa6e56de-059f-4c99-bf02-afd188c40d05/build]   | [INFO] Tests run: 5, Failures: 0, Errors: 0, Skipped: 0, Time elapsed: 0.001 s - in com.thealgorithms.sorts.CombSortTest
[aa6e56de-059f-4c99-bf02-afd188c40d05/build]   | [INFO] Running com.thealgorithms.sorts.SortUtilsRandomGeneratorTest
[aa6e56de-059f-4c99-bf02-afd188c40d05/build]   | [INFO] Tests run: 2001, Failures: 0, Errors: 0, Skipped: 0, Time elapsed: 0.622 s - in com.thealgorithms.sorts.SortUtilsRandomGeneratorTest
[aa6e56de-059f-4c99-bf02-afd188c40d05/build]   | [INFO] Running com.thealgorithms.others.CRCAlgorithmTest
[aa6e56de-059f-4c99-bf02-afd188c40d05/build]   | [INFO] Tests run: 2, Failures: 0, Errors: 0, Skipped: 0, Time elapsed: 0 s - in com.thealgorithms.others.CRCAlgorithmTest
[aa6e56de-059f-4c99-bf02-afd188c40d05/build]   | [INFO] Running com.thealgorithms.others.ConwayTest
[aa6e56de-059f-4c99-bf02-afd188c40d05/build]   | [INFO] Tests run: 6, Failures: 0, Errors: 0, Skipped: 0, Time elapsed: 0 s - in com.thealgorithms.others.ConwayTest
[aa6e56de-059f-4c99-bf02-afd188c40d05/build]   | [INFO] Running com.thealgorithms.others.EulersFunctionTest
[aa6e56de-059f-4c99-bf02-afd188c40d05/build]   | [INFO] Tests run: 2, Failures: 0, Errors: 0, Skipped: 0, Time elapsed: 0 s - in com.thealgorithms.others.EulersFunctionTest
[aa6e56de-059f-4c99-bf02-afd188c40d05/build]   | [INFO] Running com.thealgorithms.others.KadaneAlogrithmTest
[aa6e56de-059f-4c99-bf02-afd188c40d05/build]   | [INFO] Tests run: 8, Failures: 0, Errors: 0, Skipped: 0, Time elapsed: 0 s - in com.thealgorithms.others.KadaneAlogrithmTest
[aa6e56de-059f-4c99-bf02-afd188c40d05/build]   | [INFO] Running com.thealgorithms.others.PasswordGenTest
[aa6e56de-059f-4c99-bf02-afd188c40d05/build]   | [INFO] Tests run: 4, Failures: 0, Errors: 0, Skipped: 0, Time elapsed: 0 s - in com.thealgorithms.others.PasswordGenTest
[aa6e56de-059f-4c99-bf02-afd188c40d05/build]   | [INFO] Running com.thealgorithms.others.cn.HammingDistanceTest
[aa6e56de-059f-4c99-bf02-afd188c40d05/build]   | [INFO] Tests run: 10, Failures: 0, Errors: 0, Skipped: 0, Time elapsed: 0.006 s - in com.thealgorithms.others.cn.HammingDistanceTest
[aa6e56de-059f-4c99-bf02-afd188c40d05/build]   | [INFO] Running com.thealgorithms.others.ArrayLeftRotationTest
[aa6e56de-059f-4c99-bf02-afd188c40d05/build]   | [INFO] Tests run: 5, Failures: 0, Errors: 0, Skipped: 0, Time elapsed: 0 s - in com.thealgorithms.others.ArrayLeftRotationTest
[aa6e56de-059f-4c99-bf02-afd188c40d05/build]   | [INFO] Running com.thealgorithms.others.CountWordsTest
[aa6e56de-059f-4c99-bf02-afd188c40d05/build]   | [INFO] Tests run: 2, Failures: 0, Errors: 0, Skipped: 0, Time elapsed: 0.001 s - in com.thealgorithms.others.CountWordsTest
[aa6e56de-059f-4c99-bf02-afd188c40d05/build]   | [INFO] Running com.thealgorithms.others.SieveOfEratosthenesTest
[aa6e56de-059f-4c99-bf02-afd188c40d05/build]   | [INFO] Tests run: 6, Failures: 0, Errors: 0, Skipped: 0, Time elapsed: 0.004 s - in com.thealgorithms.others.SieveOfEratosthenesTest
[aa6e56de-059f-4c99-bf02-afd188c40d05/build]   | [INFO] Running com.thealgorithms.others.LowestBasePalindromeTest
[aa6e56de-059f-4c99-bf02-afd188c40d05/build]   | [INFO] Tests run: 7, Failures: 0, Errors: 0, Skipped: 0, Time elapsed: 0.005 s - in com.thealgorithms.others.LowestBasePalindromeTest
[aa6e56de-059f-4c99-bf02-afd188c40d05/build]   | [INFO] Running com.thealgorithms.others.WorstFitCPUTest
[aa6e56de-059f-4c99-bf02-afd188c40d05/build]   | [INFO] Tests run: 6, Failures: 0, Errors: 0, Skipped: 0, Time elapsed: 0.001 s - in com.thealgorithms.others.WorstFitCPUTest
[aa6e56de-059f-4c99-bf02-afd188c40d05/build]   | [INFO] Running com.thealgorithms.others.UniquePathsTests
[aa6e56de-059f-4c99-bf02-afd188c40d05/build]   | [INFO] Tests run: 8, Failures: 0, Errors: 0, Skipped: 0, Time elapsed: 0.001 s - in com.thealgorithms.others.UniquePathsTests
[aa6e56de-059f-4c99-bf02-afd188c40d05/build]   | [INFO] Running com.thealgorithms.others.BestFitCPUTest
[aa6e56de-059f-4c99-bf02-afd188c40d05/build]   | [INFO] Tests run: 5, Failures: 0, Errors: 0, Skipped: 0, Time elapsed: 0.001 s - in com.thealgorithms.others.BestFitCPUTest
[aa6e56de-059f-4c99-bf02-afd188c40d05/build]   | [INFO] Running com.thealgorithms.others.CalculateMaxOfMinTest
[aa6e56de-059f-4c99-bf02-afd188c40d05/build]   | [INFO] Tests run: 7, Failures: 0, Errors: 0, Skipped: 0, Time elapsed: 0.001 s - in com.thealgorithms.others.CalculateMaxOfMinTest
[aa6e56de-059f-4c99-bf02-afd188c40d05/build]   | [INFO] Running com.thealgorithms.others.TestPrintMatrixInSpiralOrder
[aa6e56de-059f-4c99-bf02-afd188c40d05/build]   | [INFO] Tests run: 2, Failures: 0, Errors: 0, Skipped: 0, Time elapsed: 0 s - in com.thealgorithms.others.TestPrintMatrixInSpiralOrder
[aa6e56de-059f-4c99-bf02-afd188c40d05/build]   | [INFO] Running com.thealgorithms.others.LineSweepTest
[aa6e56de-059f-4c99-bf02-afd188c40d05/build]   | [INFO] Tests run: 4, Failures: 0, Errors: 0, Skipped: 0, Time elapsed: 0.001 s - in com.thealgorithms.others.LineSweepTest
[aa6e56de-059f-4c99-bf02-afd188c40d05/build]   | [INFO] Running com.thealgorithms.others.StackPostfixNotationTest
[aa6e56de-059f-4c99-bf02-afd188c40d05/build]   | [INFO] Tests run: 4, Failures: 0, Errors: 0, Skipped: 0, Time elapsed: 0.015 s - in com.thealgorithms.others.StackPostfixNotationTest
[aa6e56de-059f-4c99-bf02-afd188c40d05/build]   | [INFO] Running com.thealgorithms.others.LinkListSortTest
[aa6e56de-059f-4c99-bf02-afd188c40d05/build]   | [INFO] Tests run: 8, Failures: 0, Errors: 0, Skipped: 0, Time elapsed: 0.003 s - in com.thealgorithms.others.LinkListSortTest
[aa6e56de-059f-4c99-bf02-afd188c40d05/build]   | [INFO] Running com.thealgorithms.others.countSetBitsTest
[aa6e56de-059f-4c99-bf02-afd188c40d05/build]   | [INFO] Tests run: 1, Failures: 0, Errors: 0, Skipped: 0, Time elapsed: 0 s - in com.thealgorithms.others.countSetBitsTest
[aa6e56de-059f-4c99-bf02-afd188c40d05/build]   | [INFO] Running com.thealgorithms.others.FirstFitCPUTest
[aa6e56de-059f-4c99-bf02-afd188c40d05/build]   | [INFO] Tests run: 5, Failures: 0, Errors: 0, Skipped: 0, Time elapsed: 0.001 s - in com.thealgorithms.others.FirstFitCPUTest
[aa6e56de-059f-4c99-bf02-afd188c40d05/build]   | [INFO] Running com.thealgorithms.others.NextFitCPUTest
[aa6e56de-059f-4c99-bf02-afd188c40d05/build]   | [INFO] Tests run: 5, Failures: 0, Errors: 0, Skipped: 0, Time elapsed: 0 s - in com.thealgorithms.others.NextFitCPUTest
[aa6e56de-059f-4c99-bf02-afd188c40d05/build]   | [INFO] Running com.thealgorithms.others.CountCharTest
[aa6e56de-059f-4c99-bf02-afd188c40d05/build]   | [INFO] Tests run: 1, Failures: 0, Errors: 0, Skipped: 0, Time elapsed: 0 s - in com.thealgorithms.others.CountCharTest
[aa6e56de-059f-4c99-bf02-afd188c40d05/build]   | [INFO] Running com.thealgorithms.others.NewManShanksPrimeTest
[aa6e56de-059f-4c99-bf02-afd188c40d05/build]   | [INFO] Tests run: 8, Failures: 0, Errors: 0, Skipped: 0, Time elapsed: 0.001 s - in com.thealgorithms.others.NewManShanksPrimeTest
[aa6e56de-059f-4c99-bf02-afd188c40d05/build]   | [INFO] Running com.thealgorithms.others.CountFriendsPairingTest
[aa6e56de-059f-4c99-bf02-afd188c40d05/build]   | [INFO] Tests run: 8, Failures: 0, Errors: 0, Skipped: 0, Time elapsed: 0.001 s - in com.thealgorithms.others.CountFriendsPairingTest
[aa6e56de-059f-4c99-bf02-afd188c40d05/build]   | [INFO] Running com.thealgorithms.others.CRC16Test
[aa6e56de-059f-4c99-bf02-afd188c40d05/build]   | [INFO] Tests run: 1, Failures: 0, Errors: 0, Skipped: 0, Time elapsed: 0 s - in com.thealgorithms.others.CRC16Test
[aa6e56de-059f-4c99-bf02-afd188c40d05/build]   | [INFO] Running com.thealgorithms.others.TwoPointersTest
[aa6e56de-059f-4c99-bf02-afd188c40d05/build]   | [INFO] Tests run: 5, Failures: 0, Errors: 0, Skipped: 0, Time elapsed: 0 s - in com.thealgorithms.others.TwoPointersTest
[aa6e56de-059f-4c99-bf02-afd188c40d05/build]   | [INFO] Running com.thealgorithms.strings.UpperTest
[aa6e56de-059f-4c99-bf02-afd188c40d05/build]   | [INFO] Tests run: 1, Failures: 0, Errors: 0, Skipped: 0, Time elapsed: 0 s - in com.thealgorithms.strings.UpperTest
[aa6e56de-059f-4c99-bf02-afd188c40d05/build]   | [INFO] Running com.thealgorithms.strings.HorspoolSearchTest
[aa6e56de-059f-4c99-bf02-afd188c40d05/build]   | [INFO] Tests run: 13, Failures: 0, Errors: 0, Skipped: 0, Time elapsed: 0.004 s - in com.thealgorithms.strings.HorspoolSearchTest
[aa6e56de-059f-4c99-bf02-afd188c40d05/build]   | [INFO] Running com.thealgorithms.strings.ReverseStringRecursiveTest
[aa6e56de-059f-4c99-bf02-afd188c40d05/build]   | [INFO] Tests run: 3, Failures: 0, Errors: 0, Skipped: 0, Time elapsed: 0.002 s - in com.thealgorithms.strings.ReverseStringRecursiveTest
[aa6e56de-059f-4c99-bf02-afd188c40d05/build]   | [INFO] Running com.thealgorithms.strings.WordLadderTest
[aa6e56de-059f-4c99-bf02-afd188c40d05/build]   | [INFO] Tests run: 1, Failures: 0, Errors: 0, Skipped: 0, Time elapsed: 0.001 s - in com.thealgorithms.strings.WordLadderTest
[aa6e56de-059f-4c99-bf02-afd188c40d05/build]   | [INFO] Running com.thealgorithms.strings.HammingDistanceTest
[aa6e56de-059f-4c99-bf02-afd188c40d05/build]   | [INFO] Tests run: 2, Failures: 0, Errors: 0, Skipped: 0, Time elapsed: 0 s - in com.thealgorithms.strings.HammingDistanceTest
[aa6e56de-059f-4c99-bf02-afd188c40d05/build]   | [INFO] Running com.thealgorithms.strings.PalindromeTest
[aa6e56de-059f-4c99-bf02-afd188c40d05/build]   | [INFO] Tests run: 1, Failures: 0, Errors: 0, Skipped: 0, Time elapsed: 0.001 s - in com.thealgorithms.strings.PalindromeTest
[aa6e56de-059f-4c99-bf02-afd188c40d05/build]   | [INFO] Running com.thealgorithms.strings.RotationTest
[aa6e56de-059f-4c99-bf02-afd188c40d05/build]   | [INFO] Tests run: 1, Failures: 0, Errors: 0, Skipped: 0, Time elapsed: 0 s - in com.thealgorithms.strings.RotationTest
[aa6e56de-059f-4c99-bf02-afd188c40d05/build]   | [INFO] Running com.thealgorithms.strings.CheckVowelsTest
[aa6e56de-059f-4c99-bf02-afd188c40d05/build]   | [INFO] Tests run: 1, Failures: 0, Errors: 0, Skipped: 0, Time elapsed: 0 s - in com.thealgorithms.strings.CheckVowelsTest
[aa6e56de-059f-4c99-bf02-afd188c40d05/build]   | [INFO] Running com.thealgorithms.strings.zigZagPattern.zigZagPatternTest
[aa6e56de-059f-4c99-bf02-afd188c40d05/build]   | [INFO] Tests run: 1, Failures: 0, Errors: 0, Skipped: 0, Time elapsed: 0 s - in com.thealgorithms.strings.zigZagPattern.zigZagPatternTest
[aa6e56de-059f-4c99-bf02-afd188c40d05/build]   | [INFO] Running com.thealgorithms.strings.ValidParenthesesTest
[aa6e56de-059f-4c99-bf02-afd188c40d05/build]   | [INFO] Tests run: 3, Failures: 0, Errors: 0, Skipped: 0, Time elapsed: 0 s - in com.thealgorithms.strings.ValidParenthesesTest
[aa6e56de-059f-4c99-bf02-afd188c40d05/build]   | [INFO] Running com.thealgorithms.strings.LowerTest
[aa6e56de-059f-4c99-bf02-afd188c40d05/build]   | [INFO] Tests run: 1, Failures: 0, Errors: 0, Skipped: 0, Time elapsed: 0 s - in com.thealgorithms.strings.LowerTest
[aa6e56de-059f-4c99-bf02-afd188c40d05/build]   | [INFO] Running com.thealgorithms.strings.ReverseStringTest
[aa6e56de-059f-4c99-bf02-afd188c40d05/build]   | [INFO] Tests run: 1, Failures: 0, Errors: 0, Skipped: 0, Time elapsed: 0 s - in com.thealgorithms.strings.ReverseStringTest
[aa6e56de-059f-4c99-bf02-afd188c40d05/build]   | [INFO] Running com.thealgorithms.strings.CheckAnagramsTest
[aa6e56de-059f-4c99-bf02-afd188c40d05/build]   | [INFO] Tests run: 8, Failures: 0, Errors: 0, Skipped: 0, Time elapsed: 0.002 s - in com.thealgorithms.strings.CheckAnagramsTest
[aa6e56de-059f-4c99-bf02-afd188c40d05/build]   | [INFO] Running com.thealgorithms.strings.PangramTest
[aa6e56de-059f-4c99-bf02-afd188c40d05/build]   | [INFO] Tests run: 1, Failures: 0, Errors: 0, Skipped: 0, Time elapsed: 0.001 s - in com.thealgorithms.strings.PangramTest
[aa6e56de-059f-4c99-bf02-afd188c40d05/build]   | [INFO] Running com.thealgorithms.strings.MyAtoiTest
[aa6e56de-059f-4c99-bf02-afd188c40d05/build]   | [INFO] Tests run: 7, Failures: 0, Errors: 0, Skipped: 0, Time elapsed: 0.003 s - in com.thealgorithms.strings.MyAtoiTest
[aa6e56de-059f-4c99-bf02-afd188c40d05/build]   | [INFO] Running com.thealgorithms.strings.LetterCombinationsOfPhoneNumberTest
[aa6e56de-059f-4c99-bf02-afd188c40d05/build]   | [INFO] Tests run: 1, Failures: 0, Errors: 0, Skipped: 0, Time elapsed: 0 s - in com.thealgorithms.strings.LetterCombinationsOfPhoneNumberTest
[aa6e56de-059f-4c99-bf02-afd188c40d05/build]   | [INFO] Running com.thealgorithms.strings.AnagramsTest
[aa6e56de-059f-4c99-bf02-afd188c40d05/build]   | [INFO] Tests run: 1, Failures: 0, Errors: 0, Skipped: 0, Time elapsed: 0 s - in com.thealgorithms.strings.AnagramsTest
[aa6e56de-059f-4c99-bf02-afd188c40d05/build]   | [INFO] Running com.thealgorithms.strings.StringCompressionTest
[aa6e56de-059f-4c99-bf02-afd188c40d05/build]   | [INFO] Tests run: 4, Failures: 0, Errors: 0, Skipped: 0, Time elapsed: 0.01 s - in com.thealgorithms.strings.StringCompressionTest
[aa6e56de-059f-4c99-bf02-afd188c40d05/build]   | [INFO] Running com.thealgorithms.strings.CharacterSameTest
[aa6e56de-059f-4c99-bf02-afd188c40d05/build]   | [INFO] Tests run: 1, Failures: 0, Errors: 0, Skipped: 0, Time elapsed: 0 s - in com.thealgorithms.strings.CharacterSameTest
[aa6e56de-059f-4c99-bf02-afd188c40d05/build]   | [INFO] Running com.thealgorithms.strings.longestNonRepeativeSubstringTest
[aa6e56de-059f-4c99-bf02-afd188c40d05/build]   | [INFO] Tests run: 1, Failures: 0, Errors: 0, Skipped: 0, Time elapsed: 0 s - in com.thealgorithms.strings.longestNonRepeativeSubstringTest
[aa6e56de-059f-4c99-bf02-afd188c40d05/build]   | [INFO] Running com.thealgorithms.strings.AlphabeticalTest
[aa6e56de-059f-4c99-bf02-afd188c40d05/build]   | [INFO] Tests run: 1, Failures: 0, Errors: 0, Skipped: 0, Time elapsed: 0.001 s - in com.thealgorithms.strings.AlphabeticalTest
[aa6e56de-059f-4c99-bf02-afd188c40d05/build]   | [INFO] Running com.thealgorithms.datastructures.heaps.FibonacciHeapTest
[aa6e56de-059f-4c99-bf02-afd188c40d05/build]   | [INFO] Tests run: 1, Failures: 0, Errors: 0, Skipped: 0, Time elapsed: 0.001 s - in com.thealgorithms.datastructures.heaps.FibonacciHeapTest
[aa6e56de-059f-4c99-bf02-afd188c40d05/build]   | [INFO] Running com.thealgorithms.datastructures.heaps.LeftistHeapTest
[aa6e56de-059f-4c99-bf02-afd188c40d05/build]   | [INFO] Tests run: 1, Failures: 0, Errors: 0, Skipped: 0, Time elapsed: 0 s - in com.thealgorithms.datastructures.heaps.LeftistHeapTest
[aa6e56de-059f-4c99-bf02-afd188c40d05/build]   | [INFO] Running com.thealgorithms.datastructures.bloomfilter.BloomFilterTest
[aa6e56de-059f-4c99-bf02-afd188c40d05/build]   | [INFO] Tests run: 2, Failures: 0, Errors: 0, Skipped: 0, Time elapsed: 0.001 s - in com.thealgorithms.datastructures.bloomfilter.BloomFilterTest
[aa6e56de-059f-4c99-bf02-afd188c40d05/build]   | [INFO] Running com.thealgorithms.datastructures.buffers.CircularBufferTest
[aa6e56de-059f-4c99-bf02-afd188c40d05/build]   | [INFO] Tests run: 1004, Failures: 0, Errors: 0, Skipped: 0, Time elapsed: 1.418 s - in com.thealgorithms.datastructures.buffers.CircularBufferTest
[aa6e56de-059f-4c99-bf02-afd188c40d05/build]   | [INFO] Running com.thealgorithms.datastructures.queues.PriorityQueuesTest
[aa6e56de-059f-4c99-bf02-afd188c40d05/build]   | [INFO] Tests run: 3, Failures: 0, Errors: 0, Skipped: 0, Time elapsed: 0 s - in com.thealgorithms.datastructures.queues.PriorityQueuesTest
[aa6e56de-059f-4c99-bf02-afd188c40d05/build]   | [INFO] Running com.thealgorithms.datastructures.queues.LinkedQueueTest
[aa6e56de-059f-4c99-bf02-afd188c40d05/build]   | [INFO] Tests run: 1, Failures: 0, Errors: 0, Skipped: 0, Time elapsed: 0 s - in com.thealgorithms.datastructures.queues.LinkedQueueTest
[aa6e56de-059f-4c99-bf02-afd188c40d05/build]   | [INFO] Running com.thealgorithms.datastructures.lists.SkipListTest
[aa6e56de-059f-4c99-bf02-afd188c40d05/build]   | [ ] --- --- --- --- 
[aa6e56de-059f-4c99-bf02-afd188c40d05/build]   | [ ] --- --- --- --- 
[aa6e56de-059f-4c99-bf02-afd188c40d05/build]   | [ ] --- --- --- --- 
[aa6e56de-059f-4c99-bf02-afd188c40d05/build]   | [ ] [ ] --- --- --- 
[aa6e56de-059f-4c99-bf02-afd188c40d05/build]   | [ ] [ ] --- --- --- 
[aa6e56de-059f-4c99-bf02-afd188c40d05/build]   | [ ] [ ] --- --- --- 
[aa6e56de-059f-4c99-bf02-afd188c40d05/build]   | [ ] [ ] --- --- --- 
[aa6e56de-059f-4c99-bf02-afd188c40d05/build]   | [ ] [ ] [ ] [ ] [ ] 
[aa6e56de-059f-4c99-bf02-afd188c40d05/build]   |  H   0   1   2   3
[aa6e56de-059f-4c99-bf02-afd188c40d05/build]   | 
[aa6e56de-059f-4c99-bf02-afd188c40d05/build]   | [ ] --- --- --- --- --- --- --- --- --- --- --- 
[aa6e56de-059f-4c99-bf02-afd188c40d05/build]   | [ ] --- --- --- --- --- --- --- --- --- --- --- 
[aa6e56de-059f-4c99-bf02-afd188c40d05/build]   | [ ] --- --- --- --- --- --- --- --- --- --- --- 
[aa6e56de-059f-4c99-bf02-afd188c40d05/build]   | [ ] --- --- --- --- --- --- --- --- --- --- --- 
[aa6e56de-059f-4c99-bf02-afd188c40d05/build]   | [ ] --- [ ] --- --- --- --- --- --- --- --- --- 
[aa6e56de-059f-4c99-bf02-afd188c40d05/build]   | [ ] --- [ ] --- --- [ ] --- --- [ ] --- --- --- 
[aa6e56de-059f-4c99-bf02-afd188c40d05/build]   | [ ] --- [ ] [ ] [ ] [ ] --- --- [ ] --- --- --- 
[aa6e56de-059f-4c99-bf02-afd188c40d05/build]   | [ ] [ ] [ ] [ ] [ ] [ ] [ ] [ ] [ ] [ ] [ ] [ ] 
[aa6e56de-059f-4c99-bf02-afd188c40d05/build]   |  H   0   1   2   3   4   5   6   7   8   9  10
[aa6e56de-059f-4c99-bf02-afd188c40d05/build]   | 
[aa6e56de-059f-4c99-bf02-afd188c40d05/build]   | [ ] --- 
[aa6e56de-059f-4c99-bf02-afd188c40d05/build]   | [ ] --- 
[aa6e56de-059f-4c99-bf02-afd188c40d05/build]   | [ ] --- 
[aa6e56de-059f-4c99-bf02-afd188c40d05/build]   | [ ] --- 
[aa6e56de-059f-4c99-bf02-afd188c40d05/build]   | [ ] --- 
[aa6e56de-059f-4c99-bf02-afd188c40d05/build]   | [ ] --- 
[aa6e56de-059f-4c99-bf02-afd188c40d05/build]   | [ ] --- 
[aa6e56de-059f-4c99-bf02-afd188c40d05/build]   | [ ] [ ] 
[aa6e56de-059f-4c99-bf02-afd188c40d05/build]   |  H   0
[aa6e56de-059f-4c99-bf02-afd188c40d05/build]   | 
[aa6e56de-059f-4c99-bf02-afd188c40d05/build]   | [ ] --- 
[aa6e56de-059f-4c99-bf02-afd188c40d05/build]   | [ ] --- 
[aa6e56de-059f-4c99-bf02-afd188c40d05/build]   | [ ] --- 
[aa6e56de-059f-4c99-bf02-afd188c40d05/build]   | [ ] --- 
[aa6e56de-059f-4c99-bf02-afd188c40d05/build]   | [ ] --- 
[aa6e56de-059f-4c99-bf02-afd188c40d05/build]   | [ ] --- 
[aa6e56de-059f-4c99-bf02-afd188c40d05/build]   | [ ] [ ] 
[aa6e56de-059f-4c99-bf02-afd188c40d05/build]   | [ ] [ ] 
[aa6e56de-059f-4c99-bf02-afd188c40d05/build]   |  H   0
[aa6e56de-059f-4c99-bf02-afd188c40d05/build]   | 
[aa6e56de-059f-4c99-bf02-afd188c40d05/build]   | [ ] --- --- --- --- --- --- --- --- --- --- --- 
[aa6e56de-059f-4c99-bf02-afd188c40d05/build]   | [ ] --- --- --- --- --- --- --- --- --- --- --- 
[aa6e56de-059f-4c99-bf02-afd188c40d05/build]   | [ ] --- --- --- --- --- --- --- --- --- --- --- 
[aa6e56de-059f-4c99-bf02-afd188c40d05/build]   | [ ] --- --- --- --- --- --- --- --- --- --- --- 
[aa6e56de-059f-4c99-bf02-afd188c40d05/build]   | [ ] --- [ ] --- --- --- [ ] --- --- --- --- [ ] 
[aa6e56de-059f-4c99-bf02-afd188c40d05/build]   | [ ] --- [ ] --- --- [ ] [ ] --- --- --- --- [ ] 
[aa6e56de-059f-4c99-bf02-afd188c40d05/build]   | [ ] --- [ ] --- --- [ ] [ ] [ ] --- --- --- [ ] 
[aa6e56de-059f-4c99-bf02-afd188c40d05/build]   | [ ] [ ] [ ] [ ] [ ] [ ] [ ] [ ] [ ] [ ] [ ] [ ] 
[aa6e56de-059f-4c99-bf02-afd188c40d05/build]   |  H   0   1   2   3   4   5   6   7   8   9  10
[aa6e56de-059f-4c99-bf02-afd188c40d05/build]   | 
[aa6e56de-059f-4c99-bf02-afd188c40d05/build]   | [ ] --- --- --- --- --- --- --- --- --- --- 
[aa6e56de-059f-4c99-bf02-afd188c40d05/build]   | [ ] --- --- --- --- --- --- --- --- --- --- 
[aa6e56de-059f-4c99-bf02-afd188c40d05/build]   | [ ] --- --- --- --- --- --- --- --- --- --- 
[aa6e56de-059f-4c99-bf02-afd188c40d05/build]   | [ ] --- --- --- --- --- --- --- --- --- --- 
[aa6e56de-059f-4c99-bf02-afd188c40d05/build]   | [ ] [ ] --- --- --- [ ] --- --- --- --- [ ] 
[aa6e56de-059f-4c99-bf02-afd188c40d05/build]   | [ ] [ ] --- --- [ ] [ ] --- --- --- --- [ ] 
[aa6e56de-059f-4c99-bf02-afd188c40d05/build]   | [ ] [ ] --- --- [ ] [ ] [ ] --- --- --- [ ] 
[aa6e56de-059f-4c99-bf02-afd188c40d05/build]   | [ ] [ ] [ ] [ ] [ ] [ ] [ ] [ ] [ ] [ ] [ ] 
[aa6e56de-059f-4c99-bf02-afd188c40d05/build]   |  H   0   1   2   3   4   5   6   7   8   9
[aa6e56de-059f-4c99-bf02-afd188c40d05/build]   | 
[aa6e56de-059f-4c99-bf02-afd188c40d05/build]   | [ ] --- --- --- --- --- --- --- --- --- --- --- 
[aa6e56de-059f-4c99-bf02-afd188c40d05/build]   | [ ] --- --- --- --- --- --- --- --- --- --- --- 
[aa6e56de-059f-4c99-bf02-afd188c40d05/build]   | [ ] --- --- --- --- --- --- --- --- --- --- --- 
[aa6e56de-059f-4c99-bf02-afd188c40d05/build]   | [ ] --- --- --- --- --- --- --- --- --- --- --- 
[aa6e56de-059f-4c99-bf02-afd188c40d05/build]   | [ ] --- --- --- --- --- --- [ ] --- --- --- --- 
[aa6e56de-059f-4c99-bf02-afd188c40d05/build]   | [ ] --- [ ] --- --- --- [ ] [ ] --- [ ] --- --- 
[aa6e56de-059f-4c99-bf02-afd188c40d05/build]   | [ ] --- [ ] --- --- --- [ ] [ ] [ ] [ ] --- --- 
[aa6e56de-059f-4c99-bf02-afd188c40d05/build]   | [ ] [ ] [ ] [ ] [ ] [ ] [ ] [ ] [ ] [ ] [ ] [ ] 
[aa6e56de-059f-4c99-bf02-afd188c40d05/build]   |  H   0   1   2   3   4   5   6   7   8   9  10
[aa6e56de-059f-4c99-bf02-afd188c40d05/build]   | 
[aa6e56de-059f-4c99-bf02-afd188c40d05/build]   | [ ] --- --- --- --- --- --- --- --- --- --- 
[aa6e56de-059f-4c99-bf02-afd188c40d05/build]   | [ ] --- --- --- --- --- --- --- --- --- --- 
[aa6e56de-059f-4c99-bf02-afd188c40d05/build]   | [ ] --- --- --- --- --- --- --- --- --- --- 
[aa6e56de-059f-4c99-bf02-afd188c40d05/build]   | [ ] --- --- --- --- --- --- --- --- --- --- 
[aa6e56de-059f-4c99-bf02-afd188c40d05/build]   | [ ] --- --- --- --- --- --- [ ] --- --- --- 
[aa6e56de-059f-4c99-bf02-afd188c40d05/build]   | [ ] --- [ ] --- --- --- [ ] [ ] --- [ ] --- 
[aa6e56de-059f-4c99-bf02-afd188c40d05/build]   | [ ] --- [ ] --- --- --- [ ] [ ] [ ] [ ] --- 
[aa6e56de-059f-4c99-bf02-afd188c40d05/build]   | [ ] [ ] [ ] [ ] [ ] [ ] [ ] [ ] [ ] [ ] [ ] 
[aa6e56de-059f-4c99-bf02-afd188c40d05/build]   |  H   0   1   2   3   4   5   6   7   8   9
[aa6e56de-059f-4c99-bf02-afd188c40d05/build]   | 
[aa6e56de-059f-4c99-bf02-afd188c40d05/build]   | [INFO] Tests run: 6, Failures: 0, Errors: 0, Skipped: 0, Time elapsed: 0.001 s - in com.thealgorithms.datastructures.lists.SkipListTest
[aa6e56de-059f-4c99-bf02-afd188c40d05/build]   | [INFO] Running com.thealgorithms.datastructures.lists.SinglyLinkedListTest
[aa6e56de-059f-4c99-bf02-afd188c40d05/build]   | [INFO] Tests run: 9, Failures: 0, Errors: 0, Skipped: 0, Time elapsed: 0.002 s - in com.thealgorithms.datastructures.lists.SinglyLinkedListTest
[aa6e56de-059f-4c99-bf02-afd188c40d05/build]   | [INFO] Running com.thealgorithms.datastructures.graphs.HamiltonianCycleTest
[aa6e56de-059f-4c99-bf02-afd188c40d05/build]   | [INFO] Tests run: 2, Failures: 0, Errors: 0, Skipped: 0, Time elapsed: 0.001 s - in com.thealgorithms.datastructures.graphs.HamiltonianCycleTest
[aa6e56de-059f-4c99-bf02-afd188c40d05/build]   | [INFO] Running com.thealgorithms.datastructures.graphs.TarjansAlgorithmTest
[aa6e56de-059f-4c99-bf02-afd188c40d05/build]   | [INFO] Tests run: 2, Failures: 0, Errors: 0, Skipped: 0, Time elapsed: 0.001 s - in com.thealgorithms.datastructures.graphs.TarjansAlgorithmTest
[aa6e56de-059f-4c99-bf02-afd188c40d05/build]   | [INFO] Running com.thealgorithms.datastructures.graphs.KosarajuTest
[aa6e56de-059f-4c99-bf02-afd188c40d05/build]   | [INFO] Tests run: 2, Failures: 0, Errors: 0, Skipped: 0, Time elapsed: 0.001 s - in com.thealgorithms.datastructures.graphs.KosarajuTest
[aa6e56de-059f-4c99-bf02-afd188c40d05/build]   | [INFO] Running com.thealgorithms.datastructures.hashmap.HashMapCuckooHashingTest
[aa6e56de-059f-4c99-bf02-afd188c40d05/build]   | Infinite loop occurred, lengthening & rehashing table
[aa6e56de-059f-4c99-bf02-afd188c40d05/build]   | Infinite loop occurred, lengthening & rehashing table
[aa6e56de-059f-4c99-bf02-afd188c40d05/build]   | [INFO] Tests run: 8, Failures: 0, Errors: 0, Skipped: 0, Time elapsed: 0.002 s - in com.thealgorithms.datastructures.hashmap.HashMapCuckooHashingTest
[aa6e56de-059f-4c99-bf02-afd188c40d05/build]   | [INFO] Running com.thealgorithms.datastructures.hashmap.hashing.GenericHashMapUsingArrayListTest
[aa6e56de-059f-4c99-bf02-afd188c40d05/build]   | [INFO] Tests run: 3, Failures: 0, Errors: 0, Skipped: 0, Time elapsed: 0.001 s - in com.thealgorithms.datastructures.hashmap.hashing.GenericHashMapUsingArrayListTest
[aa6e56de-059f-4c99-bf02-afd188c40d05/build]   | [INFO] Running com.thealgorithms.datastructures.hashmap.hashing.GenericHashMapUsingArrayTest
[aa6e56de-059f-4c99-bf02-afd188c40d05/build]   | [INFO] Tests run: 3, Failures: 0, Errors: 0, Skipped: 0, Time elapsed: 0.001 s - in com.thealgorithms.datastructures.hashmap.hashing.GenericHashMapUsingArrayTest
[aa6e56de-059f-4c99-bf02-afd188c40d05/build]   | [INFO] Running com.thealgorithms.datastructures.hashmap.hashing.LinearProbingHashMapTest
[aa6e56de-059f-4c99-bf02-afd188c40d05/build]   | [INFO] Tests run: 7, Failures: 0, Errors: 0, Skipped: 0, Time elapsed: 0.007 s - in com.thealgorithms.datastructures.hashmap.hashing.LinearProbingHashMapTest
[aa6e56de-059f-4c99-bf02-afd188c40d05/build]   | [INFO] Running com.thealgorithms.datastructures.hashmap.hashing.MajorityElementTest
[aa6e56de-059f-4c99-bf02-afd188c40d05/build]   | [INFO] Tests run: 4, Failures: 0, Errors: 0, Skipped: 0, Time elapsed: 0 s - in com.thealgorithms.datastructures.hashmap.hashing.MajorityElementTest
[aa6e56de-059f-4c99-bf02-afd188c40d05/build]   | [INFO] Running com.thealgorithms.datastructures.caches.MRUCacheTest
[aa6e56de-059f-4c99-bf02-afd188c40d05/build]   | [INFO] Tests run: 4, Failures: 0, Errors: 0, Skipped: 0, Time elapsed: 0.002 s - in com.thealgorithms.datastructures.caches.MRUCacheTest
[aa6e56de-059f-4c99-bf02-afd188c40d05/build]   | [INFO] Running com.thealgorithms.datastructures.caches.LFUCacheTest
[aa6e56de-059f-4c99-bf02-afd188c40d05/build]   | [INFO] Tests run: 3, Failures: 0, Errors: 0, Skipped: 0, Time elapsed: 0.001 s - in com.thealgorithms.datastructures.caches.LFUCacheTest
[aa6e56de-059f-4c99-bf02-afd188c40d05/build]   | [INFO] Running com.thealgorithms.datastructures.caches.LRUCacheTest
[aa6e56de-059f-4c99-bf02-afd188c40d05/build]   | [INFO] Tests run: 4, Failures: 0, Errors: 0, Skipped: 0, Time elapsed: 0.002 s - in com.thealgorithms.datastructures.caches.LRUCacheTest
[aa6e56de-059f-4c99-bf02-afd188c40d05/build]   | [INFO] Running com.thealgorithms.datastructures.trees.CheckTreeIsSymmetricTest
[aa6e56de-059f-4c99-bf02-afd188c40d05/build]   | [INFO] Tests run: 4, Failures: 0, Errors: 0, Skipped: 0, Time elapsed: 0.001 s - in com.thealgorithms.datastructures.trees.CheckTreeIsSymmetricTest
[aa6e56de-059f-4c99-bf02-afd188c40d05/build]   | [INFO] Running com.thealgorithms.datastructures.trees.LazySegmentTreeTest
[aa6e56de-059f-4c99-bf02-afd188c40d05/build]   | [INFO] Tests run: 4, Failures: 0, Errors: 0, Skipped: 0, Time elapsed: 0.002 s - in com.thealgorithms.datastructures.trees.LazySegmentTreeTest
[aa6e56de-059f-4c99-bf02-afd188c40d05/build]   | [INFO] Running com.thealgorithms.datastructures.trees.CeilInBinarySearchTreeTest
[aa6e56de-059f-4c99-bf02-afd188c40d05/build]   | [INFO] Tests run: 7, Failures: 0, Errors: 0, Skipped: 0, Time elapsed: 0.001 s - in com.thealgorithms.datastructures.trees.CeilInBinarySearchTreeTest
[aa6e56de-059f-4c99-bf02-afd188c40d05/build]   | [INFO] Running com.thealgorithms.datastructures.trees.BinaryTreeTest
[aa6e56de-059f-4c99-bf02-afd188c40d05/build]   | 12 3 5 7 9 12 3 5 7 9 12 12 9 7 5 3 [INFO] Tests run: 4, Failures: 0, Errors: 0, Skipped: 0, Time elapsed: 0.001 s - in com.thealgorithms.datastructures.trees.BinaryTreeTest
[aa6e56de-059f-4c99-bf02-afd188c40d05/build]   | [INFO] Running com.thealgorithms.datastructures.trees.VerticalOrderTraversalTest
[aa6e56de-059f-4c99-bf02-afd188c40d05/build]   | [INFO] Tests run: 4, Failures: 0, Errors: 0, Skipped: 0, Time elapsed: 0.001 s - in com.thealgorithms.datastructures.trees.VerticalOrderTraversalTest
[aa6e56de-059f-4c99-bf02-afd188c40d05/build]   | [INFO] Running com.thealgorithms.datastructures.trees.KDTreeTest
[aa6e56de-059f-4c99-bf02-afd188c40d05/build]   | [INFO] Tests run: 3, Failures: 0, Errors: 0, Skipped: 0, Time elapsed: 0.003 s - in com.thealgorithms.datastructures.trees.KDTreeTest
[aa6e56de-059f-4c99-bf02-afd188c40d05/build]   | [INFO] Running com.thealgorithms.datastructures.trees.InorderTraversalTest
[aa6e56de-059f-4c99-bf02-afd188c40d05/build]   | [INFO] Tests run: 3, Failures: 0, Errors: 0, Skipped: 0, Time elapsed: 0 s - in com.thealgorithms.datastructures.trees.InorderTraversalTest
[aa6e56de-059f-4c99-bf02-afd188c40d05/build]   | [INFO] Running com.thealgorithms.datastructures.trees.PostOrderTraversalTest
[aa6e56de-059f-4c99-bf02-afd188c40d05/build]   | [INFO] Tests run: 3, Failures: 0, Errors: 0, Skipped: 0, Time elapsed: 0 s - in com.thealgorithms.datastructures.trees.PostOrderTraversalTest
[aa6e56de-059f-4c99-bf02-afd188c40d05/build]   | [INFO] Running com.thealgorithms.datastructures.trees.BSTFromSortedArrayTest
[aa6e56de-059f-4c99-bf02-afd188c40d05/build]   | [INFO] Tests run: 6, Failures: 0, Errors: 0, Skipped: 0, Time elapsed: 0.001 s - in com.thealgorithms.datastructures.trees.BSTFromSortedArrayTest
[aa6e56de-059f-4c99-bf02-afd188c40d05/build]   | [INFO] Running com.thealgorithms.datastructures.trees.LevelOrderTraversalTest
[aa6e56de-059f-4c99-bf02-afd188c40d05/build]   | [INFO] Tests run: 4, Failures: 0, Errors: 0, Skipped: 0, Time elapsed: 0.001 s - in com.thealgorithms.datastructures.trees.LevelOrderTraversalTest
[aa6e56de-059f-4c99-bf02-afd188c40d05/build]   | [INFO] Running com.thealgorithms.datastructures.trees.ZigzagTraversalTest
[aa6e56de-059f-4c99-bf02-afd188c40d05/build]   | [INFO] Tests run: 4, Failures: 0, Errors: 0, Skipped: 0, Time elapsed: 0.001 s - in com.thealgorithms.datastructures.trees.ZigzagTraversalTest
[aa6e56de-059f-4c99-bf02-afd188c40d05/build]   | [INFO] Running com.thealgorithms.datastructures.trees.BSTRecursiveTest
[aa6e56de-059f-4c99-bf02-afd188c40d05/build]   | [INFO] Tests run: 4, Failures: 0, Errors: 0, Skipped: 0, Time elapsed: 0.001 s - in com.thealgorithms.datastructures.trees.BSTRecursiveTest
[aa6e56de-059f-4c99-bf02-afd188c40d05/build]   | [INFO] Running com.thealgorithms.datastructures.trees.SameTreesCheckTest
[aa6e56de-059f-4c99-bf02-afd188c40d05/build]   | [INFO] Tests run: 6, Failures: 0, Errors: 0, Skipped: 0, Time elapsed: 0.001 s - in com.thealgorithms.datastructures.trees.SameTreesCheckTest
[aa6e56de-059f-4c99-bf02-afd188c40d05/build]   | [INFO] Running com.thealgorithms.datastructures.trees.CheckIfBinaryTreeBalancedTest
[aa6e56de-059f-4c99-bf02-afd188c40d05/build]   | [INFO] Tests run: 6, Failures: 0, Errors: 0, Skipped: 0, Time elapsed: 0.001 s - in com.thealgorithms.datastructures.trees.CheckIfBinaryTreeBalancedTest
[aa6e56de-059f-4c99-bf02-afd188c40d05/build]   | [INFO] Running com.thealgorithms.datastructures.trees.PreOrderTraversalTest
[aa6e56de-059f-4c99-bf02-afd188c40d05/build]   | [INFO] Tests run: 3, Failures: 0, Errors: 0, Skipped: 0, Time elapsed: 0 s - in com.thealgorithms.datastructures.trees.PreOrderTraversalTest
[aa6e56de-059f-4c99-bf02-afd188c40d05/build]   | [INFO] Running com.thealgorithms.datastructures.trees.CreateBinaryTreeFromInorderPreorderTest
[aa6e56de-059f-4c99-bf02-afd188c40d05/build]   | [INFO] Tests run: 6, Failures: 0, Errors: 0, Skipped: 0, Time elapsed: 0 s - in com.thealgorithms.datastructures.trees.CreateBinaryTreeFromInorderPreorderTest
[aa6e56de-059f-4c99-bf02-afd188c40d05/build]   | [INFO] Running com.thealgorithms.datastructures.trees.BSTIterativeTest
[aa6e56de-059f-4c99-bf02-afd188c40d05/build]   | [INFO] Tests run: 4, Failures: 0, Errors: 0, Skipped: 0, Time elapsed: 0 s - in com.thealgorithms.datastructures.trees.BSTIterativeTest
[aa6e56de-059f-4c99-bf02-afd188c40d05/build]   | [INFO] Running com.thealgorithms.datastructures.trees.CheckBinaryTreeIsValidBSTTest
[aa6e56de-059f-4c99-bf02-afd188c40d05/build]   | [INFO] Tests run: 5, Failures: 0, Errors: 0, Skipped: 0, Time elapsed: 0 s - in com.thealgorithms.datastructures.trees.CheckBinaryTreeIsValidBSTTest
[aa6e56de-059f-4c99-bf02-afd188c40d05/build]   | [INFO] Running com.thealgorithms.ciphers.DESTest
[aa6e56de-059f-4c99-bf02-afd188c40d05/build]   | [INFO] Tests run: 2, Failures: 0, Errors: 0, Skipped: 0, Time elapsed: 0.007 s - in com.thealgorithms.ciphers.DESTest
[aa6e56de-059f-4c99-bf02-afd188c40d05/build]   | [INFO] Running com.thealgorithms.ciphers.CaesarTest
[aa6e56de-059f-4c99-bf02-afd188c40d05/build]   | [INFO] Tests run: 3, Failures: 0, Errors: 0, Skipped: 0, Time elapsed: 0.001 s - in com.thealgorithms.ciphers.CaesarTest
[aa6e56de-059f-4c99-bf02-afd188c40d05/build]   | [INFO] Running com.thealgorithms.ciphers.BlowfishTest
[aa6e56de-059f-4c99-bf02-afd188c40d05/build]   | [INFO] Tests run: 2, Failures: 0, Errors: 0, Skipped: 0, Time elapsed: 0.015 s - in com.thealgorithms.ciphers.BlowfishTest
[aa6e56de-059f-4c99-bf02-afd188c40d05/build]   | [INFO] Running com.thealgorithms.ciphers.RSATest
[aa6e56de-059f-4c99-bf02-afd188c40d05/build]   | [INFO] Tests run: 1, Failures: 0, Errors: 0, Skipped: 0, Time elapsed: 0.158 s - in com.thealgorithms.ciphers.RSATest
[aa6e56de-059f-4c99-bf02-afd188c40d05/build]   | [INFO] Running com.thealgorithms.ciphers.VigenereTest
[aa6e56de-059f-4c99-bf02-afd188c40d05/build]   | [INFO] Tests run: 2, Failures: 0, Errors: 0, Skipped: 0, Time elapsed: 0.001 s - in com.thealgorithms.ciphers.VigenereTest
[aa6e56de-059f-4c99-bf02-afd188c40d05/build]   | [INFO] Running com.thealgorithms.ciphers.SimpleSubstitutionCipherTest
[aa6e56de-059f-4c99-bf02-afd188c40d05/build]   | [INFO] Tests run: 3, Failures: 0, Errors: 0, Skipped: 0, Time elapsed: 0.001 s - in com.thealgorithms.ciphers.SimpleSubstitutionCipherTest
[aa6e56de-059f-4c99-bf02-afd188c40d05/build]   | [INFO] Running com.thealgorithms.ciphers.a5.LFSRTest
[aa6e56de-059f-4c99-bf02-afd188c40d05/build]   | [INFO] Tests run: 3, Failures: 0, Errors: 0, Skipped: 0, Time elapsed: 0.003 s - in com.thealgorithms.ciphers.a5.LFSRTest
[aa6e56de-059f-4c99-bf02-afd188c40d05/build]   | [INFO] Running com.thealgorithms.ciphers.PolybiusTest
[aa6e56de-059f-4c99-bf02-afd188c40d05/build]   | [INFO] Tests run: 3, Failures: 0, Errors: 0, Skipped: 0, Time elapsed: 0 s - in com.thealgorithms.ciphers.PolybiusTest
[aa6e56de-059f-4c99-bf02-afd188c40d05/build]   | [INFO] Running com.thealgorithms.ciphers.SimpleSubCipherTest
[aa6e56de-059f-4c99-bf02-afd188c40d05/build]   | [INFO] Tests run: 2, Failures: 0, Errors: 0, Skipped: 0, Time elapsed: 0 s - in com.thealgorithms.ciphers.SimpleSubCipherTest
[aa6e56de-059f-4c99-bf02-afd188c40d05/build]   | [INFO] Running com.thealgorithms.maths.PythagoreanTripleTest
[aa6e56de-059f-4c99-bf02-afd188c40d05/build]   | [INFO] Tests run: 1, Failures: 0, Errors: 0, Skipped: 0, Time elapsed: 0 s - in com.thealgorithms.maths.PythagoreanTripleTest
[aa6e56de-059f-4c99-bf02-afd188c40d05/build]   | [INFO] Running com.thealgorithms.maths.NthUglyNumberTest
[aa6e56de-059f-4c99-bf02-afd188c40d05/build]   | [INFO] Tests run: 6, Failures: 0, Errors: 0, Skipped: 0, Time elapsed: 0.017 s - in com.thealgorithms.maths.NthUglyNumberTest
[aa6e56de-059f-4c99-bf02-afd188c40d05/build]   | [INFO] Running com.thealgorithms.maths.JosephusProblemTest
[aa6e56de-059f-4c99-bf02-afd188c40d05/build]   | [INFO] Tests run: 1, Failures: 0, Errors: 0, Skipped: 0, Time elapsed: 0 s - in com.thealgorithms.maths.JosephusProblemTest
[aa6e56de-059f-4c99-bf02-afd188c40d05/build]   | [INFO] Running com.thealgorithms.maths.AliquotSumTest
[aa6e56de-059f-4c99-bf02-afd188c40d05/build]   | [INFO] Tests run: 1, Failures: 0, Errors: 0, Skipped: 0, Time elapsed: 0.004 s - in com.thealgorithms.maths.AliquotSumTest
[aa6e56de-059f-4c99-bf02-afd188c40d05/build]   | [INFO] Running com.thealgorithms.maths.BinaryPowTest
[aa6e56de-059f-4c99-bf02-afd188c40d05/build]   | [INFO] Tests run: 1, Failures: 0, Errors: 0, Skipped: 0, Time elapsed: 0 s - in com.thealgorithms.maths.BinaryPowTest
[aa6e56de-059f-4c99-bf02-afd188c40d05/build]   | [INFO] Running com.thealgorithms.maths.TwinPrimeTest
[aa6e56de-059f-4c99-bf02-afd188c40d05/build]   | [INFO] Tests run: 4, Failures: 0, Errors: 0, Skipped: 0, Time elapsed: 0 s - in com.thealgorithms.maths.TwinPrimeTest
[aa6e56de-059f-4c99-bf02-afd188c40d05/build]   | [INFO] Running com.thealgorithms.maths.PerfectNumberTest
[aa6e56de-059f-4c99-bf02-afd188c40d05/build]   | [INFO] Tests run: 1, Failures: 0, Errors: 0, Skipped: 0, Time elapsed: 0.272 s - in com.thealgorithms.maths.PerfectNumberTest
[aa6e56de-059f-4c99-bf02-afd188c40d05/build]   | [INFO] Running com.thealgorithms.maths.AutomorphicNumberTest
[aa6e56de-059f-4c99-bf02-afd188c40d05/build]   | [INFO] Tests run: 1, Failures: 0, Errors: 0, Skipped: 0, Time elapsed: 0.001 s - in com.thealgorithms.maths.AutomorphicNumberTest
[aa6e56de-059f-4c99-bf02-afd188c40d05/build]   | [INFO] Running com.thealgorithms.maths.ParseIntegerTest
[aa6e56de-059f-4c99-bf02-afd188c40d05/build]   | [INFO] Tests run: 4, Failures: 0, Errors: 0, Skipped: 0, Time elapsed: 0.002 s - in com.thealgorithms.maths.ParseIntegerTest
[aa6e56de-059f-4c99-bf02-afd188c40d05/build]   | [INFO] Running com.thealgorithms.maths.StandardDeviationTest
[aa6e56de-059f-4c99-bf02-afd188c40d05/build]   | [INFO] Tests run: 4, Failures: 0, Errors: 0, Skipped: 0, Time elapsed: 0 s - in com.thealgorithms.maths.StandardDeviationTest
[aa6e56de-059f-4c99-bf02-afd188c40d05/build]   | [INFO] Running com.thealgorithms.maths.GaussianTest
[aa6e56de-059f-4c99-bf02-afd188c40d05/build]   | [INFO] Tests run: 1, Failures: 0, Errors: 0, Skipped: 0, Time elapsed: 0 s - in com.thealgorithms.maths.GaussianTest
[aa6e56de-059f-4c99-bf02-afd188c40d05/build]   | [INFO] Running com.thealgorithms.maths.SquareRootwithBabylonianMethodTest
[aa6e56de-059f-4c99-bf02-afd188c40d05/build]   | [INFO] Tests run: 4, Failures: 0, Errors: 0, Skipped: 0, Time elapsed: 0.001 s - in com.thealgorithms.maths.SquareRootwithBabylonianMethodTest
[aa6e56de-059f-4c99-bf02-afd188c40d05/build]   | [INFO] Running com.thealgorithms.maths.PollardRhoTest
[aa6e56de-059f-4c99-bf02-afd188c40d05/build]   | [INFO] Tests run: 3, Failures: 0, Errors: 0, Skipped: 0, Time elapsed: 0.001 s - in com.thealgorithms.maths.PollardRhoTest
[aa6e56de-059f-4c99-bf02-afd188c40d05/build]   | [INFO] Running com.thealgorithms.maths.HeronsFormulaTest
[aa6e56de-059f-4c99-bf02-afd188c40d05/build]   | [INFO] Tests run: 4, Failures: 0, Errors: 0, Skipped: 0, Time elapsed: 0 s - in com.thealgorithms.maths.HeronsFormulaTest
[aa6e56de-059f-4c99-bf02-afd188c40d05/build]   | [INFO] Running com.thealgorithms.maths.FactorialTest
[aa6e56de-059f-4c99-bf02-afd188c40d05/build]   | [INFO] Tests run: 1, Failures: 0, Errors: 0, Skipped: 0, Time elapsed: 0 s - in com.thealgorithms.maths.FactorialTest
[aa6e56de-059f-4c99-bf02-afd188c40d05/build]   | [INFO] Running com.thealgorithms.maths.AmicableNumberTest
[aa6e56de-059f-4c99-bf02-afd188c40d05/build]   | [INFO] Tests run: 1, Failures: 0, Errors: 0, Skipped: 0, Time elapsed: 0.001 s - in com.thealgorithms.maths.AmicableNumberTest
[aa6e56de-059f-4c99-bf02-afd188c40d05/build]   | [INFO] Running com.thealgorithms.maths.SquareFreeIntegerTest
[aa6e56de-059f-4c99-bf02-afd188c40d05/build]   | [INFO] Tests run: 3, Failures: 0, Errors: 0, Skipped: 0, Time elapsed: 0.032 s - in com.thealgorithms.maths.SquareFreeIntegerTest
[aa6e56de-059f-4c99-bf02-afd188c40d05/build]   | [INFO] Running com.thealgorithms.maths.SumWithoutArithmeticOperatorsTest
[aa6e56de-059f-4c99-bf02-afd188c40d05/build]   | [INFO] Tests run: 5, Failures: 0, Errors: 0, Skipped: 0, Time elapsed: 0 s - in com.thealgorithms.maths.SumWithoutArithmeticOperatorsTest
[aa6e56de-059f-4c99-bf02-afd188c40d05/build]   | [INFO] Running com.thealgorithms.maths.PerfectCubeTest
[aa6e56de-059f-4c99-bf02-afd188c40d05/build]   | [INFO] Tests run: 1, Failures: 0, Errors: 0, Skipped: 0, Time elapsed: 0 s - in com.thealgorithms.maths.PerfectCubeTest
[aa6e56de-059f-4c99-bf02-afd188c40d05/build]   | [INFO] Running com.thealgorithms.maths.AbsoluteValueTest
[aa6e56de-059f-4c99-bf02-afd188c40d05/build]   | [INFO] Tests run: 1, Failures: 0, Errors: 0, Skipped: 0, Time elapsed: 0 s - in com.thealgorithms.maths.AbsoluteValueTest
[aa6e56de-059f-4c99-bf02-afd188c40d05/build]   | [INFO] Running com.thealgorithms.maths.GCDTest
[aa6e56de-059f-4c99-bf02-afd188c40d05/build]   | [INFO] Tests run: 10, Failures: 0, Errors: 0, Skipped: 0, Time elapsed: 0 s - in com.thealgorithms.maths.GCDTest
[aa6e56de-059f-4c99-bf02-afd188c40d05/build]   | [INFO] Running com.thealgorithms.maths.LiouvilleLambdaFunctionTest
[aa6e56de-059f-4c99-bf02-afd188c40d05/build]   | [INFO] Tests run: 4, Failures: 0, Errors: 0, Skipped: 0, Time elapsed: 0 s - in com.thealgorithms.maths.LiouvilleLambdaFunctionTest
[aa6e56de-059f-4c99-bf02-afd188c40d05/build]   | [INFO] Running com.thealgorithms.maths.PerimeterTest
[aa6e56de-059f-4c99-bf02-afd188c40d05/build]   | [INFO] Tests run: 8, Failures: 0, Errors: 0, Skipped: 0, Time elapsed: 0 s - in com.thealgorithms.maths.PerimeterTest
[aa6e56de-059f-4c99-bf02-afd188c40d05/build]   | [INFO] Running com.thealgorithms.maths.FastInverseSqrtTests
[aa6e56de-059f-4c99-bf02-afd188c40d05/build]   | [INFO] Tests run: 8, Failures: 0, Errors: 0, Skipped: 0, Time elapsed: 0 s - in com.thealgorithms.maths.FastInverseSqrtTests
[aa6e56de-059f-4c99-bf02-afd188c40d05/build]   | [INFO] Running com.thealgorithms.maths.AverageTest
[aa6e56de-059f-4c99-bf02-afd188c40d05/build]   | [INFO] Tests run: 4, Failures: 0, Errors: 0, Skipped: 0, Time elapsed: 0 s - in com.thealgorithms.maths.AverageTest
[aa6e56de-059f-4c99-bf02-afd188c40d05/build]   | [INFO] Running com.thealgorithms.maths.TestArmstrong
[aa6e56de-059f-4c99-bf02-afd188c40d05/build]   | [INFO] Tests run: 1, Failures: 0, Errors: 0, Skipped: 0, Time elapsed: 0 s - in com.thealgorithms.maths.TestArmstrong
[aa6e56de-059f-4c99-bf02-afd188c40d05/build]   | [INFO] Running com.thealgorithms.maths.BinomialCoefficientTest
[aa6e56de-059f-4c99-bf02-afd188c40d05/build]   | [INFO] Tests run: 1, Failures: 0, Errors: 0, Skipped: 0, Time elapsed: 0 s - in com.thealgorithms.maths.BinomialCoefficientTest
[aa6e56de-059f-4c99-bf02-afd188c40d05/build]   | [INFO] Running com.thealgorithms.maths.FindMinTest
[aa6e56de-059f-4c99-bf02-afd188c40d05/build]   | [INFO] Tests run: 5, Failures: 0, Errors: 0, Skipped: 0, Time elapsed: 0 s - in com.thealgorithms.maths.FindMinTest
[aa6e56de-059f-4c99-bf02-afd188c40d05/build]   | [INFO] Running com.thealgorithms.maths.PerfectSquareTest
[aa6e56de-059f-4c99-bf02-afd188c40d05/build]   | [INFO] Tests run: 3, Failures: 0, Errors: 0, Skipped: 0, Time elapsed: 0.001 s - in com.thealgorithms.maths.PerfectSquareTest
[aa6e56de-059f-4c99-bf02-afd188c40d05/build]   | [INFO] Running com.thealgorithms.maths.ArmstrongTest
[aa6e56de-059f-4c99-bf02-afd188c40d05/build]   | [INFO] Tests run: 1, Failures: 0, Errors: 0, Skipped: 0, Time elapsed: 0 s - in com.thealgorithms.maths.ArmstrongTest
[aa6e56de-059f-4c99-bf02-afd188c40d05/build]   | [INFO] Running com.thealgorithms.maths.PronicNumberTest
[aa6e56de-059f-4c99-bf02-afd188c40d05/build]   | [INFO] Tests run: 2, Failures: 0, Errors: 0, Skipped: 0, Time elapsed: 0 s - in com.thealgorithms.maths.PronicNumberTest
[aa6e56de-059f-4c99-bf02-afd188c40d05/build]   | [INFO] Running com.thealgorithms.maths.AbsoluteMaxTest
[aa6e56de-059f-4c99-bf02-afd188c40d05/build]   | [INFO] Tests run: 2, Failures: 0, Errors: 0, Skipped: 0, Time elapsed: 0 s - in com.thealgorithms.maths.AbsoluteMaxTest
[aa6e56de-059f-4c99-bf02-afd188c40d05/build]   | [INFO] Running com.thealgorithms.maths.LeastCommonMultipleTest
[aa6e56de-059f-4c99-bf02-afd188c40d05/build]   | [INFO] Tests run: 2, Failures: 0, Errors: 0, Skipped: 0, Time elapsed: 0 s - in com.thealgorithms.maths.LeastCommonMultipleTest
[aa6e56de-059f-4c99-bf02-afd188c40d05/build]   | [INFO] Running com.thealgorithms.maths.LeonardoNumberTest
[aa6e56de-059f-4c99-bf02-afd188c40d05/build]   | [INFO] Tests run: 5, Failures: 0, Errors: 0, Skipped: 0, Time elapsed: 0 s - in com.thealgorithms.maths.LeonardoNumberTest
[aa6e56de-059f-4c99-bf02-afd188c40d05/build]   | [INFO] Running com.thealgorithms.maths.PascalTriangleTest
[aa6e56de-059f-4c99-bf02-afd188c40d05/build]   | [INFO] Tests run: 4, Failures: 0, Errors: 0, Skipped: 0, Time elapsed: 0 s - in com.thealgorithms.maths.PascalTriangleTest
[aa6e56de-059f-4c99-bf02-afd188c40d05/build]   | [INFO] Running com.thealgorithms.maths.HarshadNumberTest
[aa6e56de-059f-4c99-bf02-afd188c40d05/build]   | [INFO] Tests run: 1, Failures: 0, Errors: 0, Skipped: 0, Time elapsed: 0 s - in com.thealgorithms.maths.HarshadNumberTest
[aa6e56de-059f-4c99-bf02-afd188c40d05/build]   | [INFO] Running com.thealgorithms.maths.PrimeCheckTest
[aa6e56de-059f-4c99-bf02-afd188c40d05/build]   | [INFO] Tests run: 7, Failures: 0, Errors: 0, Skipped: 0, Time elapsed: 0 s - in com.thealgorithms.maths.PrimeCheckTest
[aa6e56de-059f-4c99-bf02-afd188c40d05/build]   | [INFO] Running com.thealgorithms.maths.CombinationsTest
[aa6e56de-059f-4c99-bf02-afd188c40d05/build]   | [INFO] Tests run: 2, Failures: 0, Errors: 0, Skipped: 0, Time elapsed: 0 s - in com.thealgorithms.maths.CombinationsTest
[aa6e56de-059f-4c99-bf02-afd188c40d05/build]   | [INFO] Running com.thealgorithms.maths.AreaTest
[aa6e56de-059f-4c99-bf02-afd188c40d05/build]   | [INFO] Tests run: 12, Failures: 0, Errors: 0, Skipped: 0, Time elapsed: 0.001 s - in com.thealgorithms.maths.AreaTest
[aa6e56de-059f-4c99-bf02-afd188c40d05/build]   | [INFO] Running com.thealgorithms.maths.ReverseNumberTest
[aa6e56de-059f-4c99-bf02-afd188c40d05/build]   | [INFO] Tests run: 2, Failures: 0, Errors: 0, Skipped: 0, Time elapsed: 0 s - in com.thealgorithms.maths.ReverseNumberTest
[aa6e56de-059f-4c99-bf02-afd188c40d05/build]   | [INFO] Running com.thealgorithms.maths.LucasSeriesTest
[aa6e56de-059f-4c99-bf02-afd188c40d05/build]   | [INFO] Tests run: 4, Failures: 0, Errors: 0, Skipped: 0, Time elapsed: 0 s - in com.thealgorithms.maths.LucasSeriesTest
[aa6e56de-059f-4c99-bf02-afd188c40d05/build]   | [INFO] Running com.thealgorithms.maths.SumOfDigitsTest
[aa6e56de-059f-4c99-bf02-afd188c40d05/build]   | [INFO] Tests run: 3, Failures: 0, Errors: 0, Skipped: 0, Time elapsed: 0 s - in com.thealgorithms.maths.SumOfDigitsTest
[aa6e56de-059f-4c99-bf02-afd188c40d05/build]   | [INFO] Running com.thealgorithms.maths.AbsoluteMinTest
[aa6e56de-059f-4c99-bf02-afd188c40d05/build]   | [INFO] Tests run: 2, Failures: 0, Errors: 0, Skipped: 0, Time elapsed: 0.001 s - in com.thealgorithms.maths.AbsoluteMinTest
[aa6e56de-059f-4c99-bf02-afd188c40d05/build]   | [INFO] Running com.thealgorithms.maths.FrizzyNumberTest
[aa6e56de-059f-4c99-bf02-afd188c40d05/build]   | [INFO] Tests run: 3, Failures: 0, Errors: 0, Skipped: 0, Time elapsed: 0 s - in com.thealgorithms.maths.FrizzyNumberTest
[aa6e56de-059f-4c99-bf02-afd188c40d05/build]   | [INFO] Running com.thealgorithms.maths.CollatzConjectureTest
[aa6e56de-059f-4c99-bf02-afd188c40d05/build]   | [INFO] Tests run: 4, Failures: 0, Errors: 0, Skipped: 0, Time elapsed: 0.002 s - in com.thealgorithms.maths.CollatzConjectureTest
[aa6e56de-059f-4c99-bf02-afd188c40d05/build]   | [INFO] Running com.thealgorithms.maths.PrimeFactorizationTest
[aa6e56de-059f-4c99-bf02-afd188c40d05/build]   | [INFO] Tests run: 2, Failures: 0, Errors: 0, Skipped: 0, Time elapsed: 0 s - in com.thealgorithms.maths.PrimeFactorizationTest
[aa6e56de-059f-4c99-bf02-afd188c40d05/build]   | [INFO] Running com.thealgorithms.maths.DigitalRootTest
[aa6e56de-059f-4c99-bf02-afd188c40d05/build]   | [INFO] Tests run: 1, Failures: 0, Errors: 0, Skipped: 0, Time elapsed: 0 s - in com.thealgorithms.maths.DigitalRootTest
[aa6e56de-059f-4c99-bf02-afd188c40d05/build]   | [INFO] Running com.thealgorithms.maths.FindMaxTest
[aa6e56de-059f-4c99-bf02-afd188c40d05/build]   | [INFO] Tests run: 4, Failures: 0, Errors: 0, Skipped: 0, Time elapsed: 0 s - in com.thealgorithms.maths.FindMaxTest
[aa6e56de-059f-4c99-bf02-afd188c40d05/build]   | [INFO] Running com.thealgorithms.maths.DudeneyNumberTest
[aa6e56de-059f-4c99-bf02-afd188c40d05/build]   | [INFO] Tests run: 1, Failures: 0, Errors: 0, Skipped: 0, Time elapsed: 0.001 s - in com.thealgorithms.maths.DudeneyNumberTest
[aa6e56de-059f-4c99-bf02-afd188c40d05/build]   | [INFO] Running com.thealgorithms.maths.CeilTest
[aa6e56de-059f-4c99-bf02-afd188c40d05/build]   | [INFO] Tests run: 1, Failures: 0, Errors: 0, Skipped: 0, Time elapsed: 0 s - in com.thealgorithms.maths.CeilTest
[aa6e56de-059f-4c99-bf02-afd188c40d05/build]   | [INFO] Running com.thealgorithms.maths.DistanceFormulaTest
[aa6e56de-059f-4c99-bf02-afd188c40d05/build]   | [INFO] Tests run: 13, Failures: 0, Errors: 0, Skipped: 0, Time elapsed: 0.001 s - in com.thealgorithms.maths.DistanceFormulaTest
[aa6e56de-059f-4c99-bf02-afd188c40d05/build]   | [INFO] Running com.thealgorithms.maths.MobiusFunctionTest
[aa6e56de-059f-4c99-bf02-afd188c40d05/build]   | [INFO] Tests run: 3, Failures: 0, Errors: 0, Skipped: 0, Time elapsed: 0 s - in com.thealgorithms.maths.MobiusFunctionTest
[aa6e56de-059f-4c99-bf02-afd188c40d05/build]   | [INFO] Running com.thealgorithms.maths.LongDivisionTest
[aa6e56de-059f-4c99-bf02-afd188c40d05/build]   | [INFO] Tests run: 7, Failures: 0, Errors: 0, Skipped: 0, Time elapsed: 0.001 s - in com.thealgorithms.maths.LongDivisionTest
[aa6e56de-059f-4c99-bf02-afd188c40d05/build]   | [INFO] Running com.thealgorithms.maths.FibonacciJavaStreamsTest
[aa6e56de-059f-4c99-bf02-afd188c40d05/build]   | [INFO] Tests run: 9, Failures: 0, Errors: 0, Skipped: 0, Time elapsed: 0.005 s - in com.thealgorithms.maths.FibonacciJavaStreamsTest
[aa6e56de-059f-4c99-bf02-afd188c40d05/build]   | [INFO] Running com.thealgorithms.maths.VolumeTest
[aa6e56de-059f-4c99-bf02-afd188c40d05/build]   | [INFO] Tests run: 1, Failures: 0, Errors: 0, Skipped: 0, Time elapsed: 0 s - in com.thealgorithms.maths.VolumeTest
[aa6e56de-059f-4c99-bf02-afd188c40d05/build]   | [INFO] Running com.thealgorithms.maths.FibonacciNumberCheckTest
[aa6e56de-059f-4c99-bf02-afd188c40d05/build]   | [INFO] Tests run: 2, Failures: 0, Errors: 0, Skipped: 0, Time elapsed: 0 s - in com.thealgorithms.maths.FibonacciNumberCheckTest
[aa6e56de-059f-4c99-bf02-afd188c40d05/build]   | [INFO] Running com.thealgorithms.maths.StandardScoreTest
[aa6e56de-059f-4c99-bf02-afd188c40d05/build]   | [INFO] Tests run: 4, Failures: 0, Errors: 0, Skipped: 0, Time elapsed: 0 s - in com.thealgorithms.maths.StandardScoreTest
[aa6e56de-059f-4c99-bf02-afd188c40d05/build]   | [INFO] Running com.thealgorithms.maths.SumOfArithmeticSeriesTest
[aa6e56de-059f-4c99-bf02-afd188c40d05/build]   | [INFO] Tests run: 9, Failures: 0, Errors: 0, Skipped: 0, Time elapsed: 0 s - in com.thealgorithms.maths.SumOfArithmeticSeriesTest
[aa6e56de-059f-4c99-bf02-afd188c40d05/build]   | [INFO] Running com.thealgorithms.maths.ADTFractionTest
[aa6e56de-059f-4c99-bf02-afd188c40d05/build]   | [INFO] Tests run: 7, Failures: 0, Errors: 0, Skipped: 0, Time elapsed: 0 s - in com.thealgorithms.maths.ADTFractionTest
[aa6e56de-059f-4c99-bf02-afd188c40d05/build]   | [INFO] Running com.thealgorithms.maths.FFTTest
[aa6e56de-059f-4c99-bf02-afd188c40d05/build]   | [INFO] Tests run: 12, Failures: 0, Errors: 0, Skipped: 0, Time elapsed: 0 s - in com.thealgorithms.maths.FFTTest
[aa6e56de-059f-4c99-bf02-afd188c40d05/build]   | [INFO] Running com.thealgorithms.maths.MedianTest
[aa6e56de-059f-4c99-bf02-afd188c40d05/build]   | [INFO] Tests run: 5, Failures: 0, Errors: 0, Skipped: 0, Time elapsed: 0 s - in com.thealgorithms.maths.MedianTest
[aa6e56de-059f-4c99-bf02-afd188c40d05/build]   | [INFO] Running com.thealgorithms.maths.KaprekarNumbersTest
[aa6e56de-059f-4c99-bf02-afd188c40d05/build]   | [INFO] Tests run: 9, Failures: 0, Errors: 0, Skipped: 0, Time elapsed: 0.487 s - in com.thealgorithms.maths.KaprekarNumbersTest
[aa6e56de-059f-4c99-bf02-afd188c40d05/build]   | [INFO] Running com.thealgorithms.maths.PalindromeNumberTest
[aa6e56de-059f-4c99-bf02-afd188c40d05/build]   | [INFO] Tests run: 3, Failures: 0, Errors: 0, Skipped: 0, Time elapsed: 0.001 s - in com.thealgorithms.maths.PalindromeNumberTest
[aa6e56de-059f-4c99-bf02-afd188c40d05/build]   | [INFO] 
[aa6e56de-059f-4c99-bf02-afd188c40d05/build]   | [INFO] Results:
[aa6e56de-059f-4c99-bf02-afd188c40d05/build]   | [INFO] 
[aa6e56de-059f-4c99-bf02-afd188c40d05/build]   | [INFO] Tests run: 3928, Failures: 0, Errors: 0, Skipped: 0
[aa6e56de-059f-4c99-bf02-afd188c40d05/build]   | [INFO] 
[aa6e56de-059f-4c99-bf02-afd188c40d05/build]   | [INFO] 
[aa6e56de-059f-4c99-bf02-afd188c40d05/build]   | [INFO] --- maven-jar-plugin:2.4:jar (default-jar) @ Java ---
[aa6e56de-059f-4c99-bf02-afd188c40d05/build]   | [INFO] Downloading from central: https://repo.maven.apache.org/maven2/org/apache/maven/maven-archiver/2.5/maven-archiver-2.5.pom
[aa6e56de-059f-4c99-bf02-afd188c40d05/build]   | [INFO] Downloaded from central: https://repo.maven.apache.org/maven2/org/apache/maven/maven-archiver/2.5/maven-archiver-2.5.pom (4.5 kB at 189 kB/s)
[aa6e56de-059f-4c99-bf02-afd188c40d05/build]   | [INFO] Downloading from central: https://repo.maven.apache.org/maven2/org/codehaus/plexus/plexus-archiver/2.1/plexus-archiver-2.1.pom
[aa6e56de-059f-4c99-bf02-afd188c40d05/build]   | [INFO] Downloaded from central: https://repo.maven.apache.org/maven2/org/codehaus/plexus/plexus-archiver/2.1/plexus-archiver-2.1.pom (2.8 kB at 134 kB/s)
[aa6e56de-059f-4c99-bf02-afd188c40d05/build]   | [INFO] Downloading from central: https://repo.maven.apache.org/maven2/org/sonatype/spice/spice-parent/17/spice-parent-17.pom
[aa6e56de-059f-4c99-bf02-afd188c40d05/build]   | [INFO] Downloaded from central: https://repo.maven.apache.org/maven2/org/sonatype/spice/spice-parent/17/spice-parent-17.pom (6.8 kB at 322 kB/s)
[aa6e56de-059f-4c99-bf02-afd188c40d05/build]   | [INFO] Downloading from central: https://repo.maven.apache.org/maven2/org/codehaus/plexus/plexus-utils/3.0/plexus-utils-3.0.pom
[aa6e56de-059f-4c99-bf02-afd188c40d05/build]   | [INFO] Downloaded from central: https://repo.maven.apache.org/maven2/org/codehaus/plexus/plexus-utils/3.0/plexus-utils-3.0.pom (4.1 kB at 177 kB/s)
[aa6e56de-059f-4c99-bf02-afd188c40d05/build]   | [INFO] Downloading from central: https://repo.maven.apache.org/maven2/org/sonatype/spice/spice-parent/16/spice-parent-16.pom
[aa6e56de-059f-4c99-bf02-afd188c40d05/build]   | [INFO] Downloaded from central: https://repo.maven.apache.org/maven2/org/sonatype/spice/spice-parent/16/spice-parent-16.pom (8.4 kB at 380 kB/s)
[aa6e56de-059f-4c99-bf02-afd188c40d05/build]   | [INFO] Downloading from central: https://repo.maven.apache.org/maven2/org/sonatype/forge/forge-parent/5/forge-parent-5.pom
[aa6e56de-059f-4c99-bf02-afd188c40d05/build]   | [INFO] Downloaded from central: https://repo.maven.apache.org/maven2/org/sonatype/forge/forge-parent/5/forge-parent-5.pom (8.4 kB at 418 kB/s)
[aa6e56de-059f-4c99-bf02-afd188c40d05/build]   | [INFO] Downloading from central: https://repo.maven.apache.org/maven2/org/codehaus/plexus/plexus-io/2.0.2/plexus-io-2.0.2.pom
[aa6e56de-059f-4c99-bf02-afd188c40d05/build]   | [INFO] Downloaded from central: https://repo.maven.apache.org/maven2/org/codehaus/plexus/plexus-io/2.0.2/plexus-io-2.0.2.pom (1.7 kB at 83 kB/s)
[aa6e56de-059f-4c99-bf02-afd188c40d05/build]   | [INFO] Downloading from central: https://repo.maven.apache.org/maven2/org/codehaus/plexus/plexus-components/1.1.19/plexus-components-1.1.19.pom
[aa6e56de-059f-4c99-bf02-afd188c40d05/build]   | [INFO] Downloaded from central: https://repo.maven.apache.org/maven2/org/codehaus/plexus/plexus-components/1.1.19/plexus-components-1.1.19.pom (2.7 kB at 135 kB/s)
[aa6e56de-059f-4c99-bf02-afd188c40d05/build]   | [INFO] Downloading from central: https://repo.maven.apache.org/maven2/org/codehaus/plexus/plexus/3.0.1/plexus-3.0.1.pom
[aa6e56de-059f-4c99-bf02-afd188c40d05/build]   | [INFO] Downloaded from central: https://repo.maven.apache.org/maven2/org/codehaus/plexus/plexus/3.0.1/plexus-3.0.1.pom (19 kB at 886 kB/s)
[aa6e56de-059f-4c99-bf02-afd188c40d05/build]   | [INFO] Downloading from central: https://repo.maven.apache.org/maven2/org/codehaus/plexus/plexus-interpolation/1.15/plexus-interpolation-1.15.pom
[aa6e56de-059f-4c99-bf02-afd188c40d05/build]   | [INFO] Downloaded from central: https://repo.maven.apache.org/maven2/org/codehaus/plexus/plexus-interpolation/1.15/plexus-interpolation-1.15.pom (1.0 kB at 46 kB/s)
[aa6e56de-059f-4c99-bf02-afd188c40d05/build]   | [INFO] Downloading from central: https://repo.maven.apache.org/maven2/commons-lang/commons-lang/2.1/commons-lang-2.1.pom
[aa6e56de-059f-4c99-bf02-afd188c40d05/build]   | [INFO] Downloaded from central: https://repo.maven.apache.org/maven2/commons-lang/commons-lang/2.1/commons-lang-2.1.pom (9.9 kB at 414 kB/s)
[aa6e56de-059f-4c99-bf02-afd188c40d05/build]   | [INFO] Downloading from central: https://repo.maven.apache.org/maven2/classworlds/classworlds/1.1-alpha-2/classworlds-1.1-alpha-2.jar
[aa6e56de-059f-4c99-bf02-afd188c40d05/build]   | [INFO] Downloading from central: https://repo.maven.apache.org/maven2/org/apache/maven/maven-archiver/2.5/maven-archiver-2.5.jar
[aa6e56de-059f-4c99-bf02-afd188c40d05/build]   | [INFO] Downloading from central: https://repo.maven.apache.org/maven2/org/codehaus/plexus/plexus-interpolation/1.15/plexus-interpolation-1.15.jar
[aa6e56de-059f-4c99-bf02-afd188c40d05/build]   | [INFO] Downloading from central: https://repo.maven.apache.org/maven2/org/codehaus/plexus/plexus-io/2.0.2/plexus-io-2.0.2.jar
[aa6e56de-059f-4c99-bf02-afd188c40d05/build]   | [INFO] Downloading from central: https://repo.maven.apache.org/maven2/org/codehaus/plexus/plexus-archiver/2.1/plexus-archiver-2.1.jar
[aa6e56de-059f-4c99-bf02-afd188c40d05/build]   | [INFO] Downloaded from central: https://repo.maven.apache.org/maven2/classworlds/classworlds/1.1-alpha-2/classworlds-1.1-alpha-2.jar (38 kB at 1.6 MB/s)
[aa6e56de-059f-4c99-bf02-afd188c40d05/build]   | [INFO] Downloading from central: https://repo.maven.apache.org/maven2/commons-lang/commons-lang/2.1/commons-lang-2.1.jar
[aa6e56de-059f-4c99-bf02-afd188c40d05/build]   | [INFO] Downloaded from central: https://repo.maven.apache.org/maven2/org/apache/maven/maven-archiver/2.5/maven-archiver-2.5.jar (22 kB at 873 kB/s)
[aa6e56de-059f-4c99-bf02-afd188c40d05/build]   | [INFO] Downloading from central: https://repo.maven.apache.org/maven2/org/codehaus/plexus/plexus-utils/3.0/plexus-utils-3.0.jar
[aa6e56de-059f-4c99-bf02-afd188c40d05/build]   | [INFO] Downloaded from central: https://repo.maven.apache.org/maven2/org/codehaus/plexus/plexus-interpolation/1.15/plexus-interpolation-1.15.jar (60 kB at 1.4 MB/s)
[aa6e56de-059f-4c99-bf02-afd188c40d05/build]   | [INFO] Downloaded from central: https://repo.maven.apache.org/maven2/org/codehaus/plexus/plexus-archiver/2.1/plexus-archiver-2.1.jar (184 kB at 4.3 MB/s)
[aa6e56de-059f-4c99-bf02-afd188c40d05/build]   | [INFO] Downloaded from central: https://repo.maven.apache.org/maven2/commons-lang/commons-lang/2.1/commons-lang-2.1.jar (208 kB at 4.6 MB/s)
[aa6e56de-059f-4c99-bf02-afd188c40d05/build]   | [INFO] Downloaded from central: https://repo.maven.apache.org/maven2/org/codehaus/plexus/plexus-io/2.0.2/plexus-io-2.0.2.jar (58 kB at 1.2 MB/s)
[aa6e56de-059f-4c99-bf02-afd188c40d05/build]   | [INFO] Downloaded from central: https://repo.maven.apache.org/maven2/org/codehaus/plexus/plexus-utils/3.0/plexus-utils-3.0.jar (226 kB at 3.5 MB/s)
[aa6e56de-059f-4c99-bf02-afd188c40d05/build]   | [INFO] Building jar: /tmp/6e6bdca5-2c61-4df6-aa9d-e215375cac87/target/Java-1.0-SNAPSHOT.jar
[aa6e56de-059f-4c99-bf02-afd188c40d05/build]   | [INFO] ------------------------------------------------------------------------
[aa6e56de-059f-4c99-bf02-afd188c40d05/build]   | [INFO] BUILD SUCCESS
[aa6e56de-059f-4c99-bf02-afd188c40d05/build]   | [INFO] ------------------------------------------------------------------------
[aa6e56de-059f-4c99-bf02-afd188c40d05/build]   | [INFO] Total time:  50.886 s
[aa6e56de-059f-4c99-bf02-afd188c40d05/build]   | [INFO] Finished at: 2023-11-27T02:49:17Z
[aa6e56de-059f-4c99-bf02-afd188c40d05/build]   | [INFO] ------------------------------------------------------------------------
[aa6e56de-059f-4c99-bf02-afd188c40d05/build]   ‚úÖ  Success - Main Build with Maven
[aa6e56de-059f-4c99-bf02-afd188c40d05/build] unable to get git ref: failed to identify reference (tag/branch) for the checked-out revision '44dcebb6996b39b5a1a67a8633f95b6e4c1bd0f0'
[aa6e56de-059f-4c99-bf02-afd188c40d05/build] unable to get git ref: failed to identify reference (tag/branch) for the checked-out revision '44dcebb6996b39b5a1a67a8633f95b6e4c1bd0f0'
[aa6e56de-059f-4c99-bf02-afd188c40d05/build] unable to get git ref: failed to identify reference (tag/branch) for the checked-out revision '44dcebb6996b39b5a1a67a8633f95b6e4c1bd0f0'
[aa6e56de-059f-4c99-bf02-afd188c40d05/build] unable to get git ref: failed to identify reference (tag/branch) for the checked-out revision '44dcebb6996b39b5a1a67a8633f95b6e4c1bd0f0'
[aa6e56de-059f-4c99-bf02-afd188c40d05/build] unable to get git ref: failed to identify reference (tag/branch) for the checked-out revision '44dcebb6996b39b5a1a67a8633f95b6e4c1bd0f0'
[aa6e56de-059f-4c99-bf02-afd188c40d05/build] ‚≠ê Run Post Set up JDK 17
[aa6e56de-059f-4c99-bf02-afd188c40d05/build]   üê≥  docker exec cmd=[node /var/run/act/actions/actions-setup-java@v2/dist/cleanup/index.js] user= workdir=
[aa6e56de-059f-4c99-bf02-afd188c40d05/build]   ‚úÖ  Success - Post Set up JDK 17
[aa6e56de-059f-4c99-bf02-afd188c40d05/build] üèÅ  Job succeeded
[aa6e56de-059f-4c99-bf02-afd188c40d05/build] unable to get git ref: failed to identify reference (tag/branch) for the checked-out revision '44dcebb6996b39b5a1a67a8633f95b6e4c1bd0f0'
