[17024651-cc74-4029-9585-9036a95842af/build] üöÄ  Start image=gitbugactions:latest
[17024651-cc74-4029-9585-9036a95842af/build]   üê≥  docker pull image=gitbugactions:latest platform= username= forcePull=false
[17024651-cc74-4029-9585-9036a95842af/build]   üê≥  docker create image=gitbugactions:latest platform= entrypoint=["tail" "-f" "/dev/null"] cmd=[]
[17024651-cc74-4029-9585-9036a95842af/build]   üê≥  docker run image=gitbugactions:latest platform= entrypoint=["tail" "-f" "/dev/null"] cmd=[]
[17024651-cc74-4029-9585-9036a95842af/build]   üê≥  docker exec cmd=[chown -R 1012:1013 /tmp/6e6bdca5-2c61-4df6-aa9d-e215375cac87] user=0 workdir=
[17024651-cc74-4029-9585-9036a95842af/build] unable to get git ref: failed to identify reference (tag/branch) for the checked-out revision 'e5c7a08874a6c7ff043ec5e3f44b3aac553f4e53'
[17024651-cc74-4029-9585-9036a95842af/build] unable to get git ref: failed to identify reference (tag/branch) for the checked-out revision 'e5c7a08874a6c7ff043ec5e3f44b3aac553f4e53'
[17024651-cc74-4029-9585-9036a95842af/build] unable to get git ref: failed to identify reference (tag/branch) for the checked-out revision 'e5c7a08874a6c7ff043ec5e3f44b3aac553f4e53'
[17024651-cc74-4029-9585-9036a95842af/build] unable to get git ref: failed to identify reference (tag/branch) for the checked-out revision 'e5c7a08874a6c7ff043ec5e3f44b3aac553f4e53'
[17024651-cc74-4029-9585-9036a95842af/build] unable to get git ref: failed to identify reference (tag/branch) for the checked-out revision 'e5c7a08874a6c7ff043ec5e3f44b3aac553f4e53'
[17024651-cc74-4029-9585-9036a95842af/build] unable to get git ref: failed to identify reference (tag/branch) for the checked-out revision 'e5c7a08874a6c7ff043ec5e3f44b3aac553f4e53'
[17024651-cc74-4029-9585-9036a95842af/build] unable to get git ref: failed to identify reference (tag/branch) for the checked-out revision 'e5c7a08874a6c7ff043ec5e3f44b3aac553f4e53'
[17024651-cc74-4029-9585-9036a95842af/build] unable to get git ref: failed to identify reference (tag/branch) for the checked-out revision 'e5c7a08874a6c7ff043ec5e3f44b3aac553f4e53'
[17024651-cc74-4029-9585-9036a95842af/build] unable to get git ref: failed to identify reference (tag/branch) for the checked-out revision 'e5c7a08874a6c7ff043ec5e3f44b3aac553f4e53'
[17024651-cc74-4029-9585-9036a95842af/build] ‚≠ê Run Main actions/checkout@v2
[17024651-cc74-4029-9585-9036a95842af/build] unable to get git ref: failed to identify reference (tag/branch) for the checked-out revision 'e5c7a08874a6c7ff043ec5e3f44b3aac553f4e53'
[17024651-cc74-4029-9585-9036a95842af/build] unable to get git ref: failed to identify reference (tag/branch) for the checked-out revision 'e5c7a08874a6c7ff043ec5e3f44b3aac553f4e53'
[17024651-cc74-4029-9585-9036a95842af/build]   üê≥  docker cp src=/tmp/6e6bdca5-2c61-4df6-aa9d-e215375cac87/. dst=/tmp/6e6bdca5-2c61-4df6-aa9d-e215375cac87
[17024651-cc74-4029-9585-9036a95842af/build]   üê≥  docker exec cmd=[chown -R 1012:1013 /tmp/6e6bdca5-2c61-4df6-aa9d-e215375cac87] user=0 workdir=
[17024651-cc74-4029-9585-9036a95842af/build]   ‚úÖ  Success - Main actions/checkout@v2
[17024651-cc74-4029-9585-9036a95842af/build] unable to get git ref: failed to identify reference (tag/branch) for the checked-out revision 'e5c7a08874a6c7ff043ec5e3f44b3aac553f4e53'
[17024651-cc74-4029-9585-9036a95842af/build] unable to get git ref: failed to identify reference (tag/branch) for the checked-out revision 'e5c7a08874a6c7ff043ec5e3f44b3aac553f4e53'
[17024651-cc74-4029-9585-9036a95842af/build] unable to get git ref: failed to identify reference (tag/branch) for the checked-out revision 'e5c7a08874a6c7ff043ec5e3f44b3aac553f4e53'
[17024651-cc74-4029-9585-9036a95842af/build] unable to get git ref: failed to identify reference (tag/branch) for the checked-out revision 'e5c7a08874a6c7ff043ec5e3f44b3aac553f4e53'
[17024651-cc74-4029-9585-9036a95842af/build] unable to get git ref: failed to identify reference (tag/branch) for the checked-out revision 'e5c7a08874a6c7ff043ec5e3f44b3aac553f4e53'
[17024651-cc74-4029-9585-9036a95842af/build] ‚≠ê Run Main Set up JDK 17
[17024651-cc74-4029-9585-9036a95842af/build] unable to get git ref: failed to identify reference (tag/branch) for the checked-out revision 'e5c7a08874a6c7ff043ec5e3f44b3aac553f4e53'
[17024651-cc74-4029-9585-9036a95842af/build] unable to get git ref: failed to identify reference (tag/branch) for the checked-out revision 'e5c7a08874a6c7ff043ec5e3f44b3aac553f4e53'
[17024651-cc74-4029-9585-9036a95842af/build] unable to get git ref: failed to identify reference (tag/branch) for the checked-out revision 'e5c7a08874a6c7ff043ec5e3f44b3aac553f4e53'
[17024651-cc74-4029-9585-9036a95842af/build]   üê≥  docker cp src=/tmp/act-cache/fbf6d1dd-6b80-4626-9633-dac92bd57da5/act/actions-setup-java@v2/ dst=/var/run/act/actions/actions-setup-java@v2/
[17024651-cc74-4029-9585-9036a95842af/build]   üê≥  docker exec cmd=[chown -R 1012:1013 /var/run/act/actions/actions-setup-java@v2/] user=0 workdir=
[17024651-cc74-4029-9585-9036a95842af/build]   üê≥  docker exec cmd=[node /var/run/act/actions/actions-setup-java@v2/dist/setup/index.js] user= workdir=
[17024651-cc74-4029-9585-9036a95842af/build]   | Trying to resolve the latest version from remote
[17024651-cc74-4029-9585-9036a95842af/build]   | Resolved latest version as 17.0.9+9
[17024651-cc74-4029-9585-9036a95842af/build]   | Trying to download...
[17024651-cc74-4029-9585-9036a95842af/build]   | Downloading Java 17.0.9+9 (Adopt-Hotspot) from https://github.com/adoptium/temurin17-binaries/releases/download/jdk-17.0.9%2B9/OpenJDK17U-jdk_x64_linux_hotspot_17.0.9_9.tar.gz ...
[17024651-cc74-4029-9585-9036a95842af/build]   üí¨  ::debug::Downloading https://github.com/adoptium/temurin17-binaries/releases/download/jdk-17.0.9%252B9/OpenJDK17U-jdk_x64_linux_hotspot_17.0.9_9.tar.gz
[17024651-cc74-4029-9585-9036a95842af/build]   üí¨  ::debug::Destination /tmp/d7bff2a3-e61b-4acc-aecb-d1bde56d5855
[17024651-cc74-4029-9585-9036a95842af/build]   üí¨  ::debug::download complete
[17024651-cc74-4029-9585-9036a95842af/build]   | Extracting Java archive...
[17024651-cc74-4029-9585-9036a95842af/build]   üí¨  ::debug::Checking tar --version
[17024651-cc74-4029-9585-9036a95842af/build]   üí¨  ::debug::tar (GNU tar) 1.34%0ACopyright (C) 2021 Free Software Foundation, Inc.%0ALicense GPLv3+: GNU GPL version 3 or later <https://gnu.org/licenses/gpl.html>.%0AThis is free software: you are free to change and redistribute it.%0AThere is NO WARRANTY, to the extent permitted by law.%0A%0AWritten by John Gilmore and Jay Fenlason.
[17024651-cc74-4029-9585-9036a95842af/build]   | [command]/usr/bin/tar xz --warning=no-unknown-keyword -C /tmp/34e3db97-9e3f-4046-b6a1-4f6561cbb092 -f /tmp/d7bff2a3-e61b-4acc-aecb-d1bde56d5855
[17024651-cc74-4029-9585-9036a95842af/build]   üí¨  ::debug::Caching tool Java_Adopt_jdk 17.0.9-9 x64
[17024651-cc74-4029-9585-9036a95842af/build]   üí¨  ::debug::source dir: /tmp/34e3db97-9e3f-4046-b6a1-4f6561cbb092/jdk-17.0.9+9
[17024651-cc74-4029-9585-9036a95842af/build]   üí¨  ::debug::destination /opt/hostedtoolcache/Java_Adopt_jdk/17.0.9-9/x64
[17024651-cc74-4029-9585-9036a95842af/build]   üí¨  ::debug::finished caching tool
[17024651-cc74-4029-9585-9036a95842af/build]   | Java 17.0.9+9 was downloaded
[17024651-cc74-4029-9585-9036a95842af/build]   | Setting Java 17.0.9+9 as the default
[17024651-cc74-4029-9585-9036a95842af/build]   | 
[17024651-cc74-4029-9585-9036a95842af/build]   | Java configuration:
[17024651-cc74-4029-9585-9036a95842af/build]   |   Distribution: adopt
[17024651-cc74-4029-9585-9036a95842af/build]   |   Version: 17.0.9+9
[17024651-cc74-4029-9585-9036a95842af/build]   |   Path: /opt/hostedtoolcache/Java_Adopt_jdk/17.0.9-9/x64
[17024651-cc74-4029-9585-9036a95842af/build]   | 
[17024651-cc74-4029-9585-9036a95842af/build]   ‚ùì add-matcher /run/act/actions/actions-setup-java@v2/.github/java.json
[17024651-cc74-4029-9585-9036a95842af/build]   | Creating settings.xml with server-id: github
[17024651-cc74-4029-9585-9036a95842af/build]   | Writing to /home/runner/.m2/settings.xml
[17024651-cc74-4029-9585-9036a95842af/build]   ‚úÖ  Success - Main Set up JDK 17
[17024651-cc74-4029-9585-9036a95842af/build]   ‚öô  ::set-env:: JAVA_HOME=/opt/hostedtoolcache/Java_Adopt_jdk/17.0.9-9/x64
[17024651-cc74-4029-9585-9036a95842af/build]   ‚öô  ::set-output:: distribution=Adopt-Hotspot
[17024651-cc74-4029-9585-9036a95842af/build]   ‚öô  ::set-output:: path=/opt/hostedtoolcache/Java_Adopt_jdk/17.0.9-9/x64
[17024651-cc74-4029-9585-9036a95842af/build]   ‚öô  ::set-output:: version=17.0.9+9
[17024651-cc74-4029-9585-9036a95842af/build]   ‚öô  ::add-path:: /opt/hostedtoolcache/Java_Adopt_jdk/17.0.9-9/x64/bin
[17024651-cc74-4029-9585-9036a95842af/build] unable to get git ref: failed to identify reference (tag/branch) for the checked-out revision 'e5c7a08874a6c7ff043ec5e3f44b3aac553f4e53'
[17024651-cc74-4029-9585-9036a95842af/build] unable to get git ref: failed to identify reference (tag/branch) for the checked-out revision 'e5c7a08874a6c7ff043ec5e3f44b3aac553f4e53'
[17024651-cc74-4029-9585-9036a95842af/build] unable to get git ref: failed to identify reference (tag/branch) for the checked-out revision 'e5c7a08874a6c7ff043ec5e3f44b3aac553f4e53'
[17024651-cc74-4029-9585-9036a95842af/build] unable to get git ref: failed to identify reference (tag/branch) for the checked-out revision 'e5c7a08874a6c7ff043ec5e3f44b3aac553f4e53'
[17024651-cc74-4029-9585-9036a95842af/build] unable to get git ref: failed to identify reference (tag/branch) for the checked-out revision 'e5c7a08874a6c7ff043ec5e3f44b3aac553f4e53'
[17024651-cc74-4029-9585-9036a95842af/build] ‚≠ê Run Main Build with Maven
[17024651-cc74-4029-9585-9036a95842af/build] unable to get git ref: failed to identify reference (tag/branch) for the checked-out revision 'e5c7a08874a6c7ff043ec5e3f44b3aac553f4e53'
[17024651-cc74-4029-9585-9036a95842af/build] unable to get git ref: failed to identify reference (tag/branch) for the checked-out revision 'e5c7a08874a6c7ff043ec5e3f44b3aac553f4e53'
[17024651-cc74-4029-9585-9036a95842af/build] unable to get git ref: failed to identify reference (tag/branch) for the checked-out revision 'e5c7a08874a6c7ff043ec5e3f44b3aac553f4e53'
[17024651-cc74-4029-9585-9036a95842af/build] unable to get git ref: failed to identify reference (tag/branch) for the checked-out revision 'e5c7a08874a6c7ff043ec5e3f44b3aac553f4e53'
[17024651-cc74-4029-9585-9036a95842af/build]   üê≥  docker exec cmd=[bash --noprofile --norc -e -o pipefail /var/run/act/workflow/2] user= workdir=
[17024651-cc74-4029-9585-9036a95842af/build]   | [INFO] Scanning for projects...
[17024651-cc74-4029-9585-9036a95842af/build]   | [INFO] Downloading from central: https://repo.maven.apache.org/maven2/org/junit/junit-bom/5.8.2/junit-bom-5.8.2.pom
[17024651-cc74-4029-9585-9036a95842af/build]   | [INFO] Downloaded from central: https://repo.maven.apache.org/maven2/org/junit/junit-bom/5.8.2/junit-bom-5.8.2.pom (5.6 kB at 20 kB/s)
[17024651-cc74-4029-9585-9036a95842af/build]   | [INFO] 
[17024651-cc74-4029-9585-9036a95842af/build]   | [INFO] -----------------------< com.thealgorithms:Java >-----------------------
[17024651-cc74-4029-9585-9036a95842af/build]   | [INFO] Building Java 1.0-SNAPSHOT
[17024651-cc74-4029-9585-9036a95842af/build]   | [INFO]   from pom.xml
[17024651-cc74-4029-9585-9036a95842af/build]   | [INFO] --------------------------------[ jar ]---------------------------------
[17024651-cc74-4029-9585-9036a95842af/build]   | [INFO] Downloading from central: https://repo.maven.apache.org/maven2/org/apache/maven/plugins/maven-resources-plugin/2.6/maven-resources-plugin-2.6.pom
[17024651-cc74-4029-9585-9036a95842af/build]   | [INFO] Downloaded from central: https://repo.maven.apache.org/maven2/org/apache/maven/plugins/maven-resources-plugin/2.6/maven-resources-plugin-2.6.pom (8.1 kB at 477 kB/s)
[17024651-cc74-4029-9585-9036a95842af/build]   | [INFO] Downloading from central: https://repo.maven.apache.org/maven2/org/apache/maven/plugins/maven-plugins/23/maven-plugins-23.pom
[17024651-cc74-4029-9585-9036a95842af/build]   | [INFO] Downloaded from central: https://repo.maven.apache.org/maven2/org/apache/maven/plugins/maven-plugins/23/maven-plugins-23.pom (9.2 kB at 708 kB/s)
[17024651-cc74-4029-9585-9036a95842af/build]   | [INFO] Downloading from central: https://repo.maven.apache.org/maven2/org/apache/maven/maven-parent/22/maven-parent-22.pom
[17024651-cc74-4029-9585-9036a95842af/build]   | [INFO] Downloaded from central: https://repo.maven.apache.org/maven2/org/apache/maven/maven-parent/22/maven-parent-22.pom (30 kB at 1.5 MB/s)
[17024651-cc74-4029-9585-9036a95842af/build]   | [INFO] Downloading from central: https://repo.maven.apache.org/maven2/org/apache/apache/11/apache-11.pom
[17024651-cc74-4029-9585-9036a95842af/build]   | [INFO] Downloaded from central: https://repo.maven.apache.org/maven2/org/apache/apache/11/apache-11.pom (15 kB at 1.3 MB/s)
[17024651-cc74-4029-9585-9036a95842af/build]   | [INFO] Downloading from central: https://repo.maven.apache.org/maven2/org/apache/maven/plugins/maven-resources-plugin/2.6/maven-resources-plugin-2.6.jar
[17024651-cc74-4029-9585-9036a95842af/build]   | [INFO] Downloaded from central: https://repo.maven.apache.org/maven2/org/apache/maven/plugins/maven-resources-plugin/2.6/maven-resources-plugin-2.6.jar (30 kB at 1.6 MB/s)
[17024651-cc74-4029-9585-9036a95842af/build]   | [INFO] Downloading from central: https://repo.maven.apache.org/maven2/org/apache/maven/plugins/maven-compiler-plugin/3.10.1/maven-compiler-plugin-3.10.1.pom
[17024651-cc74-4029-9585-9036a95842af/build]   | [INFO] Downloaded from central: https://repo.maven.apache.org/maven2/org/apache/maven/plugins/maven-compiler-plugin/3.10.1/maven-compiler-plugin-3.10.1.pom (13 kB at 1.1 MB/s)
[17024651-cc74-4029-9585-9036a95842af/build]   | [INFO] Downloading from central: https://repo.maven.apache.org/maven2/org/apache/maven/plugins/maven-plugins/34/maven-plugins-34.pom
[17024651-cc74-4029-9585-9036a95842af/build]   | [INFO] Downloaded from central: https://repo.maven.apache.org/maven2/org/apache/maven/plugins/maven-plugins/34/maven-plugins-34.pom (11 kB at 972 kB/s)
[17024651-cc74-4029-9585-9036a95842af/build]   | [INFO] Downloading from central: https://repo.maven.apache.org/maven2/org/apache/maven/maven-parent/34/maven-parent-34.pom
[17024651-cc74-4029-9585-9036a95842af/build]   | [INFO] Downloaded from central: https://repo.maven.apache.org/maven2/org/apache/maven/maven-parent/34/maven-parent-34.pom (43 kB at 3.1 MB/s)
[17024651-cc74-4029-9585-9036a95842af/build]   | [INFO] Downloading from central: https://repo.maven.apache.org/maven2/org/apache/apache/23/apache-23.pom
[17024651-cc74-4029-9585-9036a95842af/build]   | [INFO] Downloaded from central: https://repo.maven.apache.org/maven2/org/apache/apache/23/apache-23.pom (18 kB at 921 kB/s)
[17024651-cc74-4029-9585-9036a95842af/build]   | [INFO] Downloading from central: https://repo.maven.apache.org/maven2/org/apache/maven/plugins/maven-compiler-plugin/3.10.1/maven-compiler-plugin-3.10.1.jar
[17024651-cc74-4029-9585-9036a95842af/build]   | [INFO] Downloaded from central: https://repo.maven.apache.org/maven2/org/apache/maven/plugins/maven-compiler-plugin/3.10.1/maven-compiler-plugin-3.10.1.jar (62 kB at 2.4 MB/s)
[17024651-cc74-4029-9585-9036a95842af/build]   | [INFO] Downloading from central: https://repo.maven.apache.org/maven2/org/apache/maven/plugins/maven-surefire-plugin/2.22.2/maven-surefire-plugin-2.22.2.pom
[17024651-cc74-4029-9585-9036a95842af/build]   | [INFO] Downloaded from central: https://repo.maven.apache.org/maven2/org/apache/maven/plugins/maven-surefire-plugin/2.22.2/maven-surefire-plugin-2.22.2.pom (5.0 kB at 250 kB/s)
[17024651-cc74-4029-9585-9036a95842af/build]   | [INFO] Downloading from central: https://repo.maven.apache.org/maven2/org/apache/maven/surefire/surefire/2.22.2/surefire-2.22.2.pom
[17024651-cc74-4029-9585-9036a95842af/build]   | [INFO] Downloaded from central: https://repo.maven.apache.org/maven2/org/apache/maven/surefire/surefire/2.22.2/surefire-2.22.2.pom (26 kB at 1.2 MB/s)
[17024651-cc74-4029-9585-9036a95842af/build]   | [INFO] Downloading from central: https://repo.maven.apache.org/maven2/org/apache/maven/maven-parent/33/maven-parent-33.pom
[17024651-cc74-4029-9585-9036a95842af/build]   | [INFO] Downloaded from central: https://repo.maven.apache.org/maven2/org/apache/maven/maven-parent/33/maven-parent-33.pom (44 kB at 1.9 MB/s)
[17024651-cc74-4029-9585-9036a95842af/build]   | [INFO] Downloading from central: https://repo.maven.apache.org/maven2/org/apache/apache/21/apache-21.pom
[17024651-cc74-4029-9585-9036a95842af/build]   | [INFO] Downloaded from central: https://repo.maven.apache.org/maven2/org/apache/apache/21/apache-21.pom (17 kB at 778 kB/s)
[17024651-cc74-4029-9585-9036a95842af/build]   | [INFO] Downloading from central: https://repo.maven.apache.org/maven2/org/apache/maven/plugins/maven-surefire-plugin/2.22.2/maven-surefire-plugin-2.22.2.jar
[17024651-cc74-4029-9585-9036a95842af/build]   | [INFO] Downloaded from central: https://repo.maven.apache.org/maven2/org/apache/maven/plugins/maven-surefire-plugin/2.22.2/maven-surefire-plugin-2.22.2.jar (41 kB at 1.6 MB/s)
[17024651-cc74-4029-9585-9036a95842af/build]   | [INFO] Downloading from central: https://repo.maven.apache.org/maven2/org/apache/maven/plugins/maven-jar-plugin/2.4/maven-jar-plugin-2.4.pom
[17024651-cc74-4029-9585-9036a95842af/build]   | [INFO] Downloaded from central: https://repo.maven.apache.org/maven2/org/apache/maven/plugins/maven-jar-plugin/2.4/maven-jar-plugin-2.4.pom (5.8 kB at 265 kB/s)
[17024651-cc74-4029-9585-9036a95842af/build]   | [INFO] Downloading from central: https://repo.maven.apache.org/maven2/org/apache/maven/plugins/maven-plugins/22/maven-plugins-22.pom
[17024651-cc74-4029-9585-9036a95842af/build]   | [INFO] Downloaded from central: https://repo.maven.apache.org/maven2/org/apache/maven/plugins/maven-plugins/22/maven-plugins-22.pom (13 kB at 652 kB/s)
[17024651-cc74-4029-9585-9036a95842af/build]   | [INFO] Downloading from central: https://repo.maven.apache.org/maven2/org/apache/maven/maven-parent/21/maven-parent-21.pom
[17024651-cc74-4029-9585-9036a95842af/build]   | [INFO] Downloaded from central: https://repo.maven.apache.org/maven2/org/apache/maven/maven-parent/21/maven-parent-21.pom (26 kB at 1.1 MB/s)
[17024651-cc74-4029-9585-9036a95842af/build]   | [INFO] Downloading from central: https://repo.maven.apache.org/maven2/org/apache/apache/10/apache-10.pom
[17024651-cc74-4029-9585-9036a95842af/build]   | [INFO] Downloaded from central: https://repo.maven.apache.org/maven2/org/apache/apache/10/apache-10.pom (15 kB at 617 kB/s)
[17024651-cc74-4029-9585-9036a95842af/build]   | [INFO] Downloading from central: https://repo.maven.apache.org/maven2/org/apache/maven/plugins/maven-jar-plugin/2.4/maven-jar-plugin-2.4.jar
[17024651-cc74-4029-9585-9036a95842af/build]   | [INFO] Downloaded from central: https://repo.maven.apache.org/maven2/org/apache/maven/plugins/maven-jar-plugin/2.4/maven-jar-plugin-2.4.jar (34 kB at 1.5 MB/s)
[17024651-cc74-4029-9585-9036a95842af/build]   | [INFO] Downloading from central: https://repo.maven.apache.org/maven2/org/junit/jupiter/junit-jupiter/5.9.0/junit-jupiter-5.9.0.pom
[17024651-cc74-4029-9585-9036a95842af/build]   | [INFO] Downloaded from central: https://repo.maven.apache.org/maven2/org/junit/jupiter/junit-jupiter/5.9.0/junit-jupiter-5.9.0.pom (3.2 kB at 145 kB/s)
[17024651-cc74-4029-9585-9036a95842af/build]   | [INFO] Downloading from central: https://repo.maven.apache.org/maven2/org/junit/junit-bom/5.9.0/junit-bom-5.9.0.pom
[17024651-cc74-4029-9585-9036a95842af/build]   | [INFO] Downloaded from central: https://repo.maven.apache.org/maven2/org/junit/junit-bom/5.9.0/junit-bom-5.9.0.pom (5.6 kB at 235 kB/s)
[17024651-cc74-4029-9585-9036a95842af/build]   | [INFO] Downloading from central: https://repo.maven.apache.org/maven2/org/junit/jupiter/junit-jupiter-api/5.8.2/junit-jupiter-api-5.8.2.pom
[17024651-cc74-4029-9585-9036a95842af/build]   | [INFO] Downloaded from central: https://repo.maven.apache.org/maven2/org/junit/jupiter/junit-jupiter-api/5.8.2/junit-jupiter-api-5.8.2.pom (3.2 kB at 133 kB/s)
[17024651-cc74-4029-9585-9036a95842af/build]   | [INFO] Downloading from central: https://repo.maven.apache.org/maven2/org/opentest4j/opentest4j/1.2.0/opentest4j-1.2.0.pom
[17024651-cc74-4029-9585-9036a95842af/build]   | [INFO] Downloaded from central: https://repo.maven.apache.org/maven2/org/opentest4j/opentest4j/1.2.0/opentest4j-1.2.0.pom (1.7 kB at 70 kB/s)
[17024651-cc74-4029-9585-9036a95842af/build]   | [INFO] Downloading from central: https://repo.maven.apache.org/maven2/org/junit/platform/junit-platform-commons/1.8.2/junit-platform-commons-1.8.2.pom
[17024651-cc74-4029-9585-9036a95842af/build]   | [INFO] Downloaded from central: https://repo.maven.apache.org/maven2/org/junit/platform/junit-platform-commons/1.8.2/junit-platform-commons-1.8.2.pom (2.8 kB at 113 kB/s)
[17024651-cc74-4029-9585-9036a95842af/build]   | [INFO] Downloading from central: https://repo.maven.apache.org/maven2/org/apiguardian/apiguardian-api/1.1.2/apiguardian-api-1.1.2.pom
[17024651-cc74-4029-9585-9036a95842af/build]   | [INFO] Downloaded from central: https://repo.maven.apache.org/maven2/org/apiguardian/apiguardian-api/1.1.2/apiguardian-api-1.1.2.pom (1.5 kB at 59 kB/s)
[17024651-cc74-4029-9585-9036a95842af/build]   | [INFO] Downloading from central: https://repo.maven.apache.org/maven2/org/junit/jupiter/junit-jupiter-params/5.8.2/junit-jupiter-params-5.8.2.pom
[17024651-cc74-4029-9585-9036a95842af/build]   | [INFO] Downloaded from central: https://repo.maven.apache.org/maven2/org/junit/jupiter/junit-jupiter-params/5.8.2/junit-jupiter-params-5.8.2.pom (3.0 kB at 131 kB/s)
[17024651-cc74-4029-9585-9036a95842af/build]   | [INFO] Downloading from central: https://repo.maven.apache.org/maven2/org/junit/jupiter/junit-jupiter-engine/5.8.2/junit-jupiter-engine-5.8.2.pom
[17024651-cc74-4029-9585-9036a95842af/build]   | [INFO] Downloaded from central: https://repo.maven.apache.org/maven2/org/junit/jupiter/junit-jupiter-engine/5.8.2/junit-jupiter-engine-5.8.2.pom (3.2 kB at 139 kB/s)
[17024651-cc74-4029-9585-9036a95842af/build]   | [INFO] Downloading from central: https://repo.maven.apache.org/maven2/org/junit/platform/junit-platform-engine/1.8.2/junit-platform-engine-1.8.2.pom
[17024651-cc74-4029-9585-9036a95842af/build]   | [INFO] Downloaded from central: https://repo.maven.apache.org/maven2/org/junit/platform/junit-platform-engine/1.8.2/junit-platform-engine-1.8.2.pom (3.2 kB at 128 kB/s)
[17024651-cc74-4029-9585-9036a95842af/build]   | [INFO] Downloading from central: https://repo.maven.apache.org/maven2/org/assertj/assertj-core/3.23.1/assertj-core-3.23.1.pom
[17024651-cc74-4029-9585-9036a95842af/build]   | [INFO] Downloaded from central: https://repo.maven.apache.org/maven2/org/assertj/assertj-core/3.23.1/assertj-core-3.23.1.pom (24 kB at 983 kB/s)
[17024651-cc74-4029-9585-9036a95842af/build]   | [INFO] Downloading from central: https://repo.maven.apache.org/maven2/org/assertj/assertj-parent-pom/2.2.17/assertj-parent-pom-2.2.17.pom
[17024651-cc74-4029-9585-9036a95842af/build]   | [INFO] Downloaded from central: https://repo.maven.apache.org/maven2/org/assertj/assertj-parent-pom/2.2.17/assertj-parent-pom-2.2.17.pom (24 kB at 972 kB/s)
[17024651-cc74-4029-9585-9036a95842af/build]   | [INFO] Downloading from central: https://repo.maven.apache.org/maven2/org/mockito/mockito-bom/4.5.1/mockito-bom-4.5.1.pom
[17024651-cc74-4029-9585-9036a95842af/build]   | [INFO] Downloaded from central: https://repo.maven.apache.org/maven2/org/mockito/mockito-bom/4.5.1/mockito-bom-4.5.1.pom (3.0 kB at 130 kB/s)
[17024651-cc74-4029-9585-9036a95842af/build]   | [INFO] Downloading from central: https://repo.maven.apache.org/maven2/net/bytebuddy/byte-buddy/1.12.10/byte-buddy-1.12.10.pom
[17024651-cc74-4029-9585-9036a95842af/build]   | [INFO] Downloaded from central: https://repo.maven.apache.org/maven2/net/bytebuddy/byte-buddy/1.12.10/byte-buddy-1.12.10.pom (17 kB at 664 kB/s)
[17024651-cc74-4029-9585-9036a95842af/build]   | [INFO] Downloading from central: https://repo.maven.apache.org/maven2/net/bytebuddy/byte-buddy-parent/1.12.10/byte-buddy-parent-1.12.10.pom
[17024651-cc74-4029-9585-9036a95842af/build]   | [INFO] Downloaded from central: https://repo.maven.apache.org/maven2/net/bytebuddy/byte-buddy-parent/1.12.10/byte-buddy-parent-1.12.10.pom (45 kB at 1.9 MB/s)
[17024651-cc74-4029-9585-9036a95842af/build]   | [INFO] Downloading from central: https://repo.maven.apache.org/maven2/org/junit/jupiter/junit-jupiter-api/5.9.0/junit-jupiter-api-5.9.0.pom
[17024651-cc74-4029-9585-9036a95842af/build]   | [INFO] Downloaded from central: https://repo.maven.apache.org/maven2/org/junit/jupiter/junit-jupiter-api/5.9.0/junit-jupiter-api-5.9.0.pom (3.2 kB at 133 kB/s)
[17024651-cc74-4029-9585-9036a95842af/build]   | [INFO] Downloading from central: https://repo.maven.apache.org/maven2/org/junit/jupiter/junit-jupiter/5.9.0/junit-jupiter-5.9.0.jar
[17024651-cc74-4029-9585-9036a95842af/build]   | [INFO] Downloading from central: https://repo.maven.apache.org/maven2/org/junit/jupiter/junit-jupiter-params/5.8.2/junit-jupiter-params-5.8.2.jar
[17024651-cc74-4029-9585-9036a95842af/build]   | [INFO] Downloading from central: https://repo.maven.apache.org/maven2/org/junit/jupiter/junit-jupiter-engine/5.8.2/junit-jupiter-engine-5.8.2.jar
[17024651-cc74-4029-9585-9036a95842af/build]   | [INFO] Downloading from central: https://repo.maven.apache.org/maven2/org/junit/platform/junit-platform-engine/1.8.2/junit-platform-engine-1.8.2.jar
[17024651-cc74-4029-9585-9036a95842af/build]   | [INFO] Downloading from central: https://repo.maven.apache.org/maven2/org/assertj/assertj-core/3.23.1/assertj-core-3.23.1.jar
[17024651-cc74-4029-9585-9036a95842af/build]   | [INFO] Downloaded from central: https://repo.maven.apache.org/maven2/org/junit/jupiter/junit-jupiter/5.9.0/junit-jupiter-5.9.0.jar (6.4 kB at 235 kB/s)
[17024651-cc74-4029-9585-9036a95842af/build]   | [INFO] Downloading from central: https://repo.maven.apache.org/maven2/net/bytebuddy/byte-buddy/1.12.10/byte-buddy-1.12.10.jar
[17024651-cc74-4029-9585-9036a95842af/build]   | [INFO] Downloaded from central: https://repo.maven.apache.org/maven2/org/junit/platform/junit-platform-engine/1.8.2/junit-platform-engine-1.8.2.jar (186 kB at 1.5 MB/s)
[17024651-cc74-4029-9585-9036a95842af/build]   | [INFO] Downloading from central: https://repo.maven.apache.org/maven2/org/junit/jupiter/junit-jupiter-api/5.9.0/junit-jupiter-api-5.9.0.jar
[17024651-cc74-4029-9585-9036a95842af/build]   | [INFO] Downloaded from central: https://repo.maven.apache.org/maven2/org/junit/jupiter/junit-jupiter-engine/5.8.2/junit-jupiter-engine-5.8.2.jar (230 kB at 1.8 MB/s)
[17024651-cc74-4029-9585-9036a95842af/build]   | [INFO] Downloading from central: https://repo.maven.apache.org/maven2/org/opentest4j/opentest4j/1.2.0/opentest4j-1.2.0.jar
[17024651-cc74-4029-9585-9036a95842af/build]   | [INFO] Downloaded from central: https://repo.maven.apache.org/maven2/org/opentest4j/opentest4j/1.2.0/opentest4j-1.2.0.jar (7.7 kB at 51 kB/s)
[17024651-cc74-4029-9585-9036a95842af/build]   | [INFO] Downloading from central: https://repo.maven.apache.org/maven2/org/junit/platform/junit-platform-commons/1.8.2/junit-platform-commons-1.8.2.jar
[17024651-cc74-4029-9585-9036a95842af/build]   | [INFO] Downloaded from central: https://repo.maven.apache.org/maven2/org/junit/jupiter/junit-jupiter-api/5.9.0/junit-jupiter-api-5.9.0.jar (203 kB at 1.2 MB/s)
[17024651-cc74-4029-9585-9036a95842af/build]   | [INFO] Downloading from central: https://repo.maven.apache.org/maven2/org/apiguardian/apiguardian-api/1.1.2/apiguardian-api-1.1.2.jar
[17024651-cc74-4029-9585-9036a95842af/build]   | [INFO] Downloaded from central: https://repo.maven.apache.org/maven2/org/junit/platform/junit-platform-commons/1.8.2/junit-platform-commons-1.8.2.jar (100 kB at 552 kB/s)
[17024651-cc74-4029-9585-9036a95842af/build]   | [INFO] Downloaded from central: https://repo.maven.apache.org/maven2/org/apiguardian/apiguardian-api/1.1.2/apiguardian-api-1.1.2.jar (6.8 kB at 36 kB/s)
[17024651-cc74-4029-9585-9036a95842af/build]   | [INFO] Downloaded from central: https://repo.maven.apache.org/maven2/org/junit/jupiter/junit-jupiter-params/5.8.2/junit-jupiter-params-5.8.2.jar (577 kB at 2.9 MB/s)
[17024651-cc74-4029-9585-9036a95842af/build]   | [INFO] Downloaded from central: https://repo.maven.apache.org/maven2/org/assertj/assertj-core/3.23.1/assertj-core-3.23.1.jar (1.2 MB at 3.6 MB/s)
[17024651-cc74-4029-9585-9036a95842af/build]   | [INFO] Downloaded from central: https://repo.maven.apache.org/maven2/net/bytebuddy/byte-buddy/1.12.10/byte-buddy-1.12.10.jar (3.8 MB at 8.1 MB/s)
[17024651-cc74-4029-9585-9036a95842af/build]   | [INFO] 
[17024651-cc74-4029-9585-9036a95842af/build]   | [INFO] --- maven-resources-plugin:2.6:resources (default-resources) @ Java ---
[17024651-cc74-4029-9585-9036a95842af/build]   | [INFO] Downloading from central: https://repo.maven.apache.org/maven2/org/apache/maven/maven-plugin-api/2.0.6/maven-plugin-api-2.0.6.pom
[17024651-cc74-4029-9585-9036a95842af/build]   | [INFO] Downloaded from central: https://repo.maven.apache.org/maven2/org/apache/maven/maven-plugin-api/2.0.6/maven-plugin-api-2.0.6.pom (1.5 kB at 69 kB/s)
[17024651-cc74-4029-9585-9036a95842af/build]   | [INFO] Downloading from central: https://repo.maven.apache.org/maven2/org/apache/maven/maven/2.0.6/maven-2.0.6.pom
[17024651-cc74-4029-9585-9036a95842af/build]   | [INFO] Downloaded from central: https://repo.maven.apache.org/maven2/org/apache/maven/maven/2.0.6/maven-2.0.6.pom (9.0 kB at 431 kB/s)
[17024651-cc74-4029-9585-9036a95842af/build]   | [INFO] Downloading from central: https://repo.maven.apache.org/maven2/org/apache/maven/maven-parent/5/maven-parent-5.pom
[17024651-cc74-4029-9585-9036a95842af/build]   | [INFO] Downloaded from central: https://repo.maven.apache.org/maven2/org/apache/maven/maven-parent/5/maven-parent-5.pom (15 kB at 726 kB/s)
[17024651-cc74-4029-9585-9036a95842af/build]   | [INFO] Downloading from central: https://repo.maven.apache.org/maven2/org/apache/apache/3/apache-3.pom
[17024651-cc74-4029-9585-9036a95842af/build]   | [INFO] Downloaded from central: https://repo.maven.apache.org/maven2/org/apache/apache/3/apache-3.pom (3.4 kB at 172 kB/s)
[17024651-cc74-4029-9585-9036a95842af/build]   | [INFO] Downloading from central: https://repo.maven.apache.org/maven2/org/apache/maven/maven-project/2.0.6/maven-project-2.0.6.pom
[17024651-cc74-4029-9585-9036a95842af/build]   | [INFO] Downloaded from central: https://repo.maven.apache.org/maven2/org/apache/maven/maven-project/2.0.6/maven-project-2.0.6.pom (2.6 kB at 126 kB/s)
[17024651-cc74-4029-9585-9036a95842af/build]   | [INFO] Downloading from central: https://repo.maven.apache.org/maven2/org/apache/maven/maven-settings/2.0.6/maven-settings-2.0.6.pom
[17024651-cc74-4029-9585-9036a95842af/build]   | [INFO] Downloaded from central: https://repo.maven.apache.org/maven2/org/apache/maven/maven-settings/2.0.6/maven-settings-2.0.6.pom (2.0 kB at 87 kB/s)
[17024651-cc74-4029-9585-9036a95842af/build]   | [INFO] Downloading from central: https://repo.maven.apache.org/maven2/org/apache/maven/maven-model/2.0.6/maven-model-2.0.6.pom
[17024651-cc74-4029-9585-9036a95842af/build]   | [INFO] Downloaded from central: https://repo.maven.apache.org/maven2/org/apache/maven/maven-model/2.0.6/maven-model-2.0.6.pom (3.0 kB at 127 kB/s)
[17024651-cc74-4029-9585-9036a95842af/build]   | [INFO] Downloading from central: https://repo.maven.apache.org/maven2/org/codehaus/plexus/plexus-utils/1.4.1/plexus-utils-1.4.1.pom
[17024651-cc74-4029-9585-9036a95842af/build]   | [INFO] Downloaded from central: https://repo.maven.apache.org/maven2/org/codehaus/plexus/plexus-utils/1.4.1/plexus-utils-1.4.1.pom (1.9 kB at 76 kB/s)
[17024651-cc74-4029-9585-9036a95842af/build]   | [INFO] Downloading from central: https://repo.maven.apache.org/maven2/org/codehaus/plexus/plexus/1.0.11/plexus-1.0.11.pom
[17024651-cc74-4029-9585-9036a95842af/build]   | [INFO] Downloaded from central: https://repo.maven.apache.org/maven2/org/codehaus/plexus/plexus/1.0.11/plexus-1.0.11.pom (9.0 kB at 374 kB/s)
[17024651-cc74-4029-9585-9036a95842af/build]   | [INFO] Downloading from central: https://repo.maven.apache.org/maven2/org/codehaus/plexus/plexus-container-default/1.0-alpha-9-stable-1/plexus-container-default-1.0-alpha-9-stable-1.pom
[17024651-cc74-4029-9585-9036a95842af/build]   | [INFO] Downloaded from central: https://repo.maven.apache.org/maven2/org/codehaus/plexus/plexus-container-default/1.0-alpha-9-stable-1/plexus-container-default-1.0-alpha-9-stable-1.pom (3.9 kB at 165 kB/s)
[17024651-cc74-4029-9585-9036a95842af/build]   | [INFO] Downloading from central: https://repo.maven.apache.org/maven2/org/codehaus/plexus/plexus-containers/1.0.3/plexus-containers-1.0.3.pom
[17024651-cc74-4029-9585-9036a95842af/build]   | [INFO] Downloaded from central: https://repo.maven.apache.org/maven2/org/codehaus/plexus/plexus-containers/1.0.3/plexus-containers-1.0.3.pom (492 B at 14 kB/s)
[17024651-cc74-4029-9585-9036a95842af/build]   | [INFO] Downloading from central: https://repo.maven.apache.org/maven2/org/codehaus/plexus/plexus/1.0.4/plexus-1.0.4.pom
[17024651-cc74-4029-9585-9036a95842af/build]   | [INFO] Downloaded from central: https://repo.maven.apache.org/maven2/org/codehaus/plexus/plexus/1.0.4/plexus-1.0.4.pom (5.7 kB at 133 kB/s)
[17024651-cc74-4029-9585-9036a95842af/build]   | [INFO] Downloading from central: https://repo.maven.apache.org/maven2/junit/junit/3.8.1/junit-3.8.1.pom
[17024651-cc74-4029-9585-9036a95842af/build]   | [INFO] Downloaded from central: https://repo.maven.apache.org/maven2/junit/junit/3.8.1/junit-3.8.1.pom (998 B at 7.4 kB/s)
[17024651-cc74-4029-9585-9036a95842af/build]   | [INFO] Downloading from central: https://repo.maven.apache.org/maven2/org/codehaus/plexus/plexus-utils/1.0.4/plexus-utils-1.0.4.pom
[17024651-cc74-4029-9585-9036a95842af/build]   | [INFO] Downloaded from central: https://repo.maven.apache.org/maven2/org/codehaus/plexus/plexus-utils/1.0.4/plexus-utils-1.0.4.pom (6.9 kB at 118 kB/s)
[17024651-cc74-4029-9585-9036a95842af/build]   | [INFO] Downloading from central: https://repo.maven.apache.org/maven2/classworlds/classworlds/1.1-alpha-2/classworlds-1.1-alpha-2.pom
[17024651-cc74-4029-9585-9036a95842af/build]   | [INFO] Downloaded from central: https://repo.maven.apache.org/maven2/classworlds/classworlds/1.1-alpha-2/classworlds-1.1-alpha-2.pom (3.1 kB at 67 kB/s)
[17024651-cc74-4029-9585-9036a95842af/build]   | [INFO] Downloading from central: https://repo.maven.apache.org/maven2/org/apache/maven/maven-profile/2.0.6/maven-profile-2.0.6.pom
[17024651-cc74-4029-9585-9036a95842af/build]   | [INFO] Downloaded from central: https://repo.maven.apache.org/maven2/org/apache/maven/maven-profile/2.0.6/maven-profile-2.0.6.pom (2.0 kB at 48 kB/s)
[17024651-cc74-4029-9585-9036a95842af/build]   | [INFO] Downloading from central: https://repo.maven.apache.org/maven2/org/apache/maven/maven-artifact-manager/2.0.6/maven-artifact-manager-2.0.6.pom
[17024651-cc74-4029-9585-9036a95842af/build]   | [INFO] Downloaded from central: https://repo.maven.apache.org/maven2/org/apache/maven/maven-artifact-manager/2.0.6/maven-artifact-manager-2.0.6.pom (2.6 kB at 75 kB/s)
[17024651-cc74-4029-9585-9036a95842af/build]   | [INFO] Downloading from central: https://repo.maven.apache.org/maven2/org/apache/maven/maven-repository-metadata/2.0.6/maven-repository-metadata-2.0.6.pom
[17024651-cc74-4029-9585-9036a95842af/build]   | [INFO] Downloaded from central: https://repo.maven.apache.org/maven2/org/apache/maven/maven-repository-metadata/2.0.6/maven-repository-metadata-2.0.6.pom (1.9 kB at 56 kB/s)
[17024651-cc74-4029-9585-9036a95842af/build]   | [INFO] Downloading from central: https://repo.maven.apache.org/maven2/org/apache/maven/maven-artifact/2.0.6/maven-artifact-2.0.6.pom
[17024651-cc74-4029-9585-9036a95842af/build]   | [INFO] Downloaded from central: https://repo.maven.apache.org/maven2/org/apache/maven/maven-artifact/2.0.6/maven-artifact-2.0.6.pom (1.6 kB at 63 kB/s)
[17024651-cc74-4029-9585-9036a95842af/build]   | [INFO] Downloading from central: https://repo.maven.apache.org/maven2/org/apache/maven/maven-plugin-registry/2.0.6/maven-plugin-registry-2.0.6.pom
[17024651-cc74-4029-9585-9036a95842af/build]   | [INFO] Downloaded from central: https://repo.maven.apache.org/maven2/org/apache/maven/maven-plugin-registry/2.0.6/maven-plugin-registry-2.0.6.pom (1.9 kB at 88 kB/s)
[17024651-cc74-4029-9585-9036a95842af/build]   | [INFO] Downloading from central: https://repo.maven.apache.org/maven2/org/apache/maven/maven-core/2.0.6/maven-core-2.0.6.pom
[17024651-cc74-4029-9585-9036a95842af/build]   | [INFO] Downloaded from central: https://repo.maven.apache.org/maven2/org/apache/maven/maven-core/2.0.6/maven-core-2.0.6.pom (6.7 kB at 320 kB/s)
[17024651-cc74-4029-9585-9036a95842af/build]   | [INFO] Downloading from central: https://repo.maven.apache.org/maven2/org/apache/maven/maven-plugin-parameter-documenter/2.0.6/maven-plugin-parameter-documenter-2.0.6.pom
[17024651-cc74-4029-9585-9036a95842af/build]   | [INFO] Downloaded from central: https://repo.maven.apache.org/maven2/org/apache/maven/maven-plugin-parameter-documenter/2.0.6/maven-plugin-parameter-documenter-2.0.6.pom (1.9 kB at 96 kB/s)
[17024651-cc74-4029-9585-9036a95842af/build]   | [INFO] Downloading from central: https://repo.maven.apache.org/maven2/org/apache/maven/reporting/maven-reporting-api/2.0.6/maven-reporting-api-2.0.6.pom
[17024651-cc74-4029-9585-9036a95842af/build]   | [INFO] Downloaded from central: https://repo.maven.apache.org/maven2/org/apache/maven/reporting/maven-reporting-api/2.0.6/maven-reporting-api-2.0.6.pom (1.8 kB at 83 kB/s)
[17024651-cc74-4029-9585-9036a95842af/build]   | [INFO] Downloading from central: https://repo.maven.apache.org/maven2/org/apache/maven/reporting/maven-reporting/2.0.6/maven-reporting-2.0.6.pom
[17024651-cc74-4029-9585-9036a95842af/build]   | [INFO] Downloaded from central: https://repo.maven.apache.org/maven2/org/apache/maven/reporting/maven-reporting/2.0.6/maven-reporting-2.0.6.pom (1.4 kB at 69 kB/s)
[17024651-cc74-4029-9585-9036a95842af/build]   | [INFO] Downloading from central: https://repo.maven.apache.org/maven2/org/apache/maven/doxia/doxia-sink-api/1.0-alpha-7/doxia-sink-api-1.0-alpha-7.pom
[17024651-cc74-4029-9585-9036a95842af/build]   | [INFO] Downloaded from central: https://repo.maven.apache.org/maven2/org/apache/maven/doxia/doxia-sink-api/1.0-alpha-7/doxia-sink-api-1.0-alpha-7.pom (424 B at 19 kB/s)
[17024651-cc74-4029-9585-9036a95842af/build]   | [INFO] Downloading from central: https://repo.maven.apache.org/maven2/org/apache/maven/doxia/doxia/1.0-alpha-7/doxia-1.0-alpha-7.pom
[17024651-cc74-4029-9585-9036a95842af/build]   | [INFO] Downloaded from central: https://repo.maven.apache.org/maven2/org/apache/maven/doxia/doxia/1.0-alpha-7/doxia-1.0-alpha-7.pom (3.9 kB at 178 kB/s)
[17024651-cc74-4029-9585-9036a95842af/build]   | [INFO] Downloading from central: https://repo.maven.apache.org/maven2/org/apache/maven/maven-error-diagnostics/2.0.6/maven-error-diagnostics-2.0.6.pom
[17024651-cc74-4029-9585-9036a95842af/build]   | [INFO] Downloaded from central: https://repo.maven.apache.org/maven2/org/apache/maven/maven-error-diagnostics/2.0.6/maven-error-diagnostics-2.0.6.pom (1.7 kB at 77 kB/s)
[17024651-cc74-4029-9585-9036a95842af/build]   | [INFO] Downloading from central: https://repo.maven.apache.org/maven2/commons-cli/commons-cli/1.0/commons-cli-1.0.pom
[17024651-cc74-4029-9585-9036a95842af/build]   | [INFO] Downloaded from central: https://repo.maven.apache.org/maven2/commons-cli/commons-cli/1.0/commons-cli-1.0.pom (2.1 kB at 92 kB/s)
[17024651-cc74-4029-9585-9036a95842af/build]   | [INFO] Downloading from central: https://repo.maven.apache.org/maven2/org/apache/maven/maven-plugin-descriptor/2.0.6/maven-plugin-descriptor-2.0.6.pom
[17024651-cc74-4029-9585-9036a95842af/build]   | [INFO] Downloaded from central: https://repo.maven.apache.org/maven2/org/apache/maven/maven-plugin-descriptor/2.0.6/maven-plugin-descriptor-2.0.6.pom (2.0 kB at 88 kB/s)
[17024651-cc74-4029-9585-9036a95842af/build]   | [INFO] Downloading from central: https://repo.maven.apache.org/maven2/org/codehaus/plexus/plexus-interactivity-api/1.0-alpha-4/plexus-interactivity-api-1.0-alpha-4.pom
[17024651-cc74-4029-9585-9036a95842af/build]   | [INFO] Downloaded from central: https://repo.maven.apache.org/maven2/org/codehaus/plexus/plexus-interactivity-api/1.0-alpha-4/plexus-interactivity-api-1.0-alpha-4.pom (7.1 kB at 322 kB/s)
[17024651-cc74-4029-9585-9036a95842af/build]   | [INFO] Downloading from central: https://repo.maven.apache.org/maven2/org/apache/maven/maven-monitor/2.0.6/maven-monitor-2.0.6.pom
[17024651-cc74-4029-9585-9036a95842af/build]   | [INFO] Downloaded from central: https://repo.maven.apache.org/maven2/org/apache/maven/maven-monitor/2.0.6/maven-monitor-2.0.6.pom (1.3 kB at 57 kB/s)
[17024651-cc74-4029-9585-9036a95842af/build]   | [INFO] Downloading from central: https://repo.maven.apache.org/maven2/classworlds/classworlds/1.1/classworlds-1.1.pom
[17024651-cc74-4029-9585-9036a95842af/build]   | [INFO] Downloaded from central: https://repo.maven.apache.org/maven2/classworlds/classworlds/1.1/classworlds-1.1.pom (3.3 kB at 138 kB/s)
[17024651-cc74-4029-9585-9036a95842af/build]   | [INFO] Downloading from central: https://repo.maven.apache.org/maven2/org/codehaus/plexus/plexus-utils/2.0.5/plexus-utils-2.0.5.pom
[17024651-cc74-4029-9585-9036a95842af/build]   | [INFO] Downloaded from central: https://repo.maven.apache.org/maven2/org/codehaus/plexus/plexus-utils/2.0.5/plexus-utils-2.0.5.pom (3.3 kB at 145 kB/s)
[17024651-cc74-4029-9585-9036a95842af/build]   | [INFO] Downloading from central: https://repo.maven.apache.org/maven2/org/codehaus/plexus/plexus/2.0.6/plexus-2.0.6.pom
[17024651-cc74-4029-9585-9036a95842af/build]   | [INFO] Downloaded from central: https://repo.maven.apache.org/maven2/org/codehaus/plexus/plexus/2.0.6/plexus-2.0.6.pom (17 kB at 729 kB/s)
[17024651-cc74-4029-9585-9036a95842af/build]   | [INFO] Downloading from central: https://repo.maven.apache.org/maven2/org/apache/maven/shared/maven-filtering/1.1/maven-filtering-1.1.pom
[17024651-cc74-4029-9585-9036a95842af/build]   | [INFO] Downloaded from central: https://repo.maven.apache.org/maven2/org/apache/maven/shared/maven-filtering/1.1/maven-filtering-1.1.pom (5.8 kB at 263 kB/s)
[17024651-cc74-4029-9585-9036a95842af/build]   | [INFO] Downloading from central: https://repo.maven.apache.org/maven2/org/apache/maven/shared/maven-shared-components/17/maven-shared-components-17.pom
[17024651-cc74-4029-9585-9036a95842af/build]   | [INFO] Downloaded from central: https://repo.maven.apache.org/maven2/org/apache/maven/shared/maven-shared-components/17/maven-shared-components-17.pom (8.7 kB at 396 kB/s)
[17024651-cc74-4029-9585-9036a95842af/build]   | [INFO] Downloading from central: https://repo.maven.apache.org/maven2/org/codehaus/plexus/plexus-utils/1.5.15/plexus-utils-1.5.15.pom
[17024651-cc74-4029-9585-9036a95842af/build]   | [INFO] Downloaded from central: https://repo.maven.apache.org/maven2/org/codehaus/plexus/plexus-utils/1.5.15/plexus-utils-1.5.15.pom (6.8 kB at 311 kB/s)
[17024651-cc74-4029-9585-9036a95842af/build]   | [INFO] Downloading from central: https://repo.maven.apache.org/maven2/org/codehaus/plexus/plexus/2.0.2/plexus-2.0.2.pom
[17024651-cc74-4029-9585-9036a95842af/build]   | [INFO] Downloaded from central: https://repo.maven.apache.org/maven2/org/codehaus/plexus/plexus/2.0.2/plexus-2.0.2.pom (12 kB at 553 kB/s)
[17024651-cc74-4029-9585-9036a95842af/build]   | [INFO] Downloading from central: https://repo.maven.apache.org/maven2/org/codehaus/plexus/plexus-interpolation/1.12/plexus-interpolation-1.12.pom
[17024651-cc74-4029-9585-9036a95842af/build]   | [INFO] Downloaded from central: https://repo.maven.apache.org/maven2/org/codehaus/plexus/plexus-interpolation/1.12/plexus-interpolation-1.12.pom (889 B at 42 kB/s)
[17024651-cc74-4029-9585-9036a95842af/build]   | [INFO] Downloading from central: https://repo.maven.apache.org/maven2/org/codehaus/plexus/plexus-components/1.1.14/plexus-components-1.1.14.pom
[17024651-cc74-4029-9585-9036a95842af/build]   | [INFO] Downloaded from central: https://repo.maven.apache.org/maven2/org/codehaus/plexus/plexus-components/1.1.14/plexus-components-1.1.14.pom (5.8 kB at 266 kB/s)
[17024651-cc74-4029-9585-9036a95842af/build]   | [INFO] Downloading from central: https://repo.maven.apache.org/maven2/org/sonatype/plexus/plexus-build-api/0.0.4/plexus-build-api-0.0.4.pom
[17024651-cc74-4029-9585-9036a95842af/build]   | [INFO] Downloaded from central: https://repo.maven.apache.org/maven2/org/sonatype/plexus/plexus-build-api/0.0.4/plexus-build-api-0.0.4.pom (2.9 kB at 124 kB/s)
[17024651-cc74-4029-9585-9036a95842af/build]   | [INFO] Downloading from central: https://repo.maven.apache.org/maven2/org/sonatype/spice/spice-parent/10/spice-parent-10.pom
[17024651-cc74-4029-9585-9036a95842af/build]   | [INFO] Downloaded from central: https://repo.maven.apache.org/maven2/org/sonatype/spice/spice-parent/10/spice-parent-10.pom (3.0 kB at 137 kB/s)
[17024651-cc74-4029-9585-9036a95842af/build]   | [INFO] Downloading from central: https://repo.maven.apache.org/maven2/org/sonatype/forge/forge-parent/3/forge-parent-3.pom
[17024651-cc74-4029-9585-9036a95842af/build]   | [INFO] Downloaded from central: https://repo.maven.apache.org/maven2/org/sonatype/forge/forge-parent/3/forge-parent-3.pom (5.0 kB at 229 kB/s)
[17024651-cc74-4029-9585-9036a95842af/build]   | [INFO] Downloading from central: https://repo.maven.apache.org/maven2/org/codehaus/plexus/plexus-utils/1.5.8/plexus-utils-1.5.8.pom
[17024651-cc74-4029-9585-9036a95842af/build]   | [INFO] Downloaded from central: https://repo.maven.apache.org/maven2/org/codehaus/plexus/plexus-utils/1.5.8/plexus-utils-1.5.8.pom (8.1 kB at 366 kB/s)
[17024651-cc74-4029-9585-9036a95842af/build]   | [INFO] Downloading from central: https://repo.maven.apache.org/maven2/org/codehaus/plexus/plexus-interpolation/1.13/plexus-interpolation-1.13.pom
[17024651-cc74-4029-9585-9036a95842af/build]   | [INFO] Downloaded from central: https://repo.maven.apache.org/maven2/org/codehaus/plexus/plexus-interpolation/1.13/plexus-interpolation-1.13.pom (890 B at 42 kB/s)
[17024651-cc74-4029-9585-9036a95842af/build]   | [INFO] Downloading from central: https://repo.maven.apache.org/maven2/org/codehaus/plexus/plexus-components/1.1.15/plexus-components-1.1.15.pom
[17024651-cc74-4029-9585-9036a95842af/build]   | [INFO] Downloaded from central: https://repo.maven.apache.org/maven2/org/codehaus/plexus/plexus-components/1.1.15/plexus-components-1.1.15.pom (2.8 kB at 142 kB/s)
[17024651-cc74-4029-9585-9036a95842af/build]   | [INFO] Downloading from central: https://repo.maven.apache.org/maven2/org/codehaus/plexus/plexus/2.0.3/plexus-2.0.3.pom
[17024651-cc74-4029-9585-9036a95842af/build]   | [INFO] Downloaded from central: https://repo.maven.apache.org/maven2/org/codehaus/plexus/plexus/2.0.3/plexus-2.0.3.pom (15 kB at 736 kB/s)
[17024651-cc74-4029-9585-9036a95842af/build]   | [INFO] Downloading from central: https://repo.maven.apache.org/maven2/org/apache/maven/maven-plugin-api/2.0.6/maven-plugin-api-2.0.6.jar
[17024651-cc74-4029-9585-9036a95842af/build]   | [INFO] Downloading from central: https://repo.maven.apache.org/maven2/org/apache/maven/maven-project/2.0.6/maven-project-2.0.6.jar
[17024651-cc74-4029-9585-9036a95842af/build]   | [INFO] Downloading from central: https://repo.maven.apache.org/maven2/org/apache/maven/maven-profile/2.0.6/maven-profile-2.0.6.jar
[17024651-cc74-4029-9585-9036a95842af/build]   | [INFO] Downloading from central: https://repo.maven.apache.org/maven2/org/apache/maven/maven-artifact-manager/2.0.6/maven-artifact-manager-2.0.6.jar
[17024651-cc74-4029-9585-9036a95842af/build]   | [INFO] Downloading from central: https://repo.maven.apache.org/maven2/org/apache/maven/maven-plugin-registry/2.0.6/maven-plugin-registry-2.0.6.jar
[17024651-cc74-4029-9585-9036a95842af/build]   | [INFO] Downloaded from central: https://repo.maven.apache.org/maven2/org/apache/maven/maven-project/2.0.6/maven-project-2.0.6.jar (116 kB at 3.6 MB/s)
[17024651-cc74-4029-9585-9036a95842af/build]   | [INFO] Downloading from central: https://repo.maven.apache.org/maven2/org/apache/maven/maven-core/2.0.6/maven-core-2.0.6.jar
[17024651-cc74-4029-9585-9036a95842af/build]   | [INFO] Downloaded from central: https://repo.maven.apache.org/maven2/org/apache/maven/maven-plugin-registry/2.0.6/maven-plugin-registry-2.0.6.jar (29 kB at 876 kB/s)
[17024651-cc74-4029-9585-9036a95842af/build]   | [INFO] Downloading from central: https://repo.maven.apache.org/maven2/org/apache/maven/maven-plugin-parameter-documenter/2.0.6/maven-plugin-parameter-documenter-2.0.6.jar
[17024651-cc74-4029-9585-9036a95842af/build]   | [INFO] Downloaded from central: https://repo.maven.apache.org/maven2/org/apache/maven/maven-profile/2.0.6/maven-profile-2.0.6.jar (35 kB at 1.0 MB/s)
[17024651-cc74-4029-9585-9036a95842af/build]   | [INFO] Downloading from central: https://repo.maven.apache.org/maven2/org/apache/maven/reporting/maven-reporting-api/2.0.6/maven-reporting-api-2.0.6.jar
[17024651-cc74-4029-9585-9036a95842af/build]   | [INFO] Downloaded from central: https://repo.maven.apache.org/maven2/org/apache/maven/maven-artifact-manager/2.0.6/maven-artifact-manager-2.0.6.jar (57 kB at 1.7 MB/s)
[17024651-cc74-4029-9585-9036a95842af/build]   | [INFO] Downloading from central: https://repo.maven.apache.org/maven2/org/apache/maven/doxia/doxia-sink-api/1.0-alpha-7/doxia-sink-api-1.0-alpha-7.jar
[17024651-cc74-4029-9585-9036a95842af/build]   | [INFO] Downloaded from central: https://repo.maven.apache.org/maven2/org/apache/maven/doxia/doxia-sink-api/1.0-alpha-7/doxia-sink-api-1.0-alpha-7.jar (5.9 kB at 112 kB/s)
[17024651-cc74-4029-9585-9036a95842af/build]   | [INFO] Downloading from central: https://repo.maven.apache.org/maven2/org/apache/maven/maven-repository-metadata/2.0.6/maven-repository-metadata-2.0.6.jar
[17024651-cc74-4029-9585-9036a95842af/build]   | [INFO] Downloaded from central: https://repo.maven.apache.org/maven2/org/apache/maven/reporting/maven-reporting-api/2.0.6/maven-reporting-api-2.0.6.jar (9.9 kB at 188 kB/s)
[17024651-cc74-4029-9585-9036a95842af/build]   | [INFO] Downloading from central: https://repo.maven.apache.org/maven2/org/apache/maven/maven-error-diagnostics/2.0.6/maven-error-diagnostics-2.0.6.jar
[17024651-cc74-4029-9585-9036a95842af/build]   | [INFO] Downloaded from central: https://repo.maven.apache.org/maven2/org/apache/maven/maven-plugin-parameter-documenter/2.0.6/maven-plugin-parameter-documenter-2.0.6.jar (21 kB at 384 kB/s)
[17024651-cc74-4029-9585-9036a95842af/build]   | [INFO] Downloading from central: https://repo.maven.apache.org/maven2/commons-cli/commons-cli/1.0/commons-cli-1.0.jar
[17024651-cc74-4029-9585-9036a95842af/build]   | [INFO] Downloaded from central: https://repo.maven.apache.org/maven2/org/apache/maven/maven-plugin-api/2.0.6/maven-plugin-api-2.0.6.jar (13 kB at 184 kB/s)
[17024651-cc74-4029-9585-9036a95842af/build]   | [INFO] Downloading from central: https://repo.maven.apache.org/maven2/org/apache/maven/maven-plugin-descriptor/2.0.6/maven-plugin-descriptor-2.0.6.jar
[17024651-cc74-4029-9585-9036a95842af/build]   | [INFO] Downloaded from central: https://repo.maven.apache.org/maven2/org/apache/maven/maven-core/2.0.6/maven-core-2.0.6.jar (152 kB at 2.1 MB/s)
[17024651-cc74-4029-9585-9036a95842af/build]   | [INFO] Downloading from central: https://repo.maven.apache.org/maven2/org/codehaus/plexus/plexus-interactivity-api/1.0-alpha-4/plexus-interactivity-api-1.0-alpha-4.jar
[17024651-cc74-4029-9585-9036a95842af/build]   | [INFO] Downloaded from central: https://repo.maven.apache.org/maven2/commons-cli/commons-cli/1.0/commons-cli-1.0.jar (30 kB at 418 kB/s)
[17024651-cc74-4029-9585-9036a95842af/build]   | [INFO] Downloading from central: https://repo.maven.apache.org/maven2/classworlds/classworlds/1.1/classworlds-1.1.jar
[17024651-cc74-4029-9585-9036a95842af/build]   | [INFO] Downloaded from central: https://repo.maven.apache.org/maven2/org/apache/maven/maven-error-diagnostics/2.0.6/maven-error-diagnostics-2.0.6.jar (14 kB at 186 kB/s)
[17024651-cc74-4029-9585-9036a95842af/build]   | [INFO] Downloading from central: https://repo.maven.apache.org/maven2/org/apache/maven/maven-artifact/2.0.6/maven-artifact-2.0.6.jar
[17024651-cc74-4029-9585-9036a95842af/build]   | [INFO] Downloaded from central: https://repo.maven.apache.org/maven2/org/apache/maven/maven-repository-metadata/2.0.6/maven-repository-metadata-2.0.6.jar (24 kB at 326 kB/s)
[17024651-cc74-4029-9585-9036a95842af/build]   | [INFO] Downloading from central: https://repo.maven.apache.org/maven2/org/apache/maven/maven-settings/2.0.6/maven-settings-2.0.6.jar
[17024651-cc74-4029-9585-9036a95842af/build]   | [INFO] Downloaded from central: https://repo.maven.apache.org/maven2/org/codehaus/plexus/plexus-interactivity-api/1.0-alpha-4/plexus-interactivity-api-1.0-alpha-4.jar (13 kB at 151 kB/s)
[17024651-cc74-4029-9585-9036a95842af/build]   | [INFO] Downloading from central: https://repo.maven.apache.org/maven2/org/apache/maven/maven-model/2.0.6/maven-model-2.0.6.jar
[17024651-cc74-4029-9585-9036a95842af/build]   | [INFO] Downloaded from central: https://repo.maven.apache.org/maven2/classworlds/classworlds/1.1/classworlds-1.1.jar (38 kB at 403 kB/s)
[17024651-cc74-4029-9585-9036a95842af/build]   | [INFO] Downloading from central: https://repo.maven.apache.org/maven2/org/apache/maven/maven-monitor/2.0.6/maven-monitor-2.0.6.jar
[17024651-cc74-4029-9585-9036a95842af/build]   | [INFO] Downloaded from central: https://repo.maven.apache.org/maven2/org/apache/maven/maven-plugin-descriptor/2.0.6/maven-plugin-descriptor-2.0.6.jar (37 kB at 380 kB/s)
[17024651-cc74-4029-9585-9036a95842af/build]   | [INFO] Downloading from central: https://repo.maven.apache.org/maven2/org/codehaus/plexus/plexus-container-default/1.0-alpha-9-stable-1/plexus-container-default-1.0-alpha-9-stable-1.jar
[17024651-cc74-4029-9585-9036a95842af/build]   | [INFO] Downloaded from central: https://repo.maven.apache.org/maven2/org/apache/maven/maven-settings/2.0.6/maven-settings-2.0.6.jar (49 kB at 486 kB/s)
[17024651-cc74-4029-9585-9036a95842af/build]   | [INFO] Downloading from central: https://repo.maven.apache.org/maven2/junit/junit/3.8.1/junit-3.8.1.jar
[17024651-cc74-4029-9585-9036a95842af/build]   | [INFO] Downloaded from central: https://repo.maven.apache.org/maven2/org/apache/maven/maven-artifact/2.0.6/maven-artifact-2.0.6.jar (87 kB at 794 kB/s)
[17024651-cc74-4029-9585-9036a95842af/build]   | [INFO] Downloading from central: https://repo.maven.apache.org/maven2/org/codehaus/plexus/plexus-utils/2.0.5/plexus-utils-2.0.5.jar
[17024651-cc74-4029-9585-9036a95842af/build]   | [INFO] Downloaded from central: https://repo.maven.apache.org/maven2/org/apache/maven/maven-model/2.0.6/maven-model-2.0.6.jar (86 kB at 771 kB/s)
[17024651-cc74-4029-9585-9036a95842af/build]   | [INFO] Downloading from central: https://repo.maven.apache.org/maven2/org/apache/maven/shared/maven-filtering/1.1/maven-filtering-1.1.jar
[17024651-cc74-4029-9585-9036a95842af/build]   | [INFO] Downloaded from central: https://repo.maven.apache.org/maven2/org/apache/maven/maven-monitor/2.0.6/maven-monitor-2.0.6.jar (10 kB at 91 kB/s)
[17024651-cc74-4029-9585-9036a95842af/build]   | [INFO] Downloading from central: https://repo.maven.apache.org/maven2/org/sonatype/plexus/plexus-build-api/0.0.4/plexus-build-api-0.0.4.jar
[17024651-cc74-4029-9585-9036a95842af/build]   | [INFO] Downloaded from central: https://repo.maven.apache.org/maven2/junit/junit/3.8.1/junit-3.8.1.jar (121 kB at 939 kB/s)
[17024651-cc74-4029-9585-9036a95842af/build]   | [INFO] Downloading from central: https://repo.maven.apache.org/maven2/org/codehaus/plexus/plexus-interpolation/1.13/plexus-interpolation-1.13.jar
[17024651-cc74-4029-9585-9036a95842af/build]   | [INFO] Downloaded from central: https://repo.maven.apache.org/maven2/org/sonatype/plexus/plexus-build-api/0.0.4/plexus-build-api-0.0.4.jar (6.8 kB at 51 kB/s)
[17024651-cc74-4029-9585-9036a95842af/build]   | [INFO] Downloaded from central: https://repo.maven.apache.org/maven2/org/apache/maven/shared/maven-filtering/1.1/maven-filtering-1.1.jar (43 kB at 317 kB/s)
[17024651-cc74-4029-9585-9036a95842af/build]   | [INFO] Downloaded from central: https://repo.maven.apache.org/maven2/org/codehaus/plexus/plexus-interpolation/1.13/plexus-interpolation-1.13.jar (61 kB at 402 kB/s)
[17024651-cc74-4029-9585-9036a95842af/build]   | [INFO] Downloaded from central: https://repo.maven.apache.org/maven2/org/codehaus/plexus/plexus-container-default/1.0-alpha-9-stable-1/plexus-container-default-1.0-alpha-9-stable-1.jar (194 kB at 1.2 MB/s)
[17024651-cc74-4029-9585-9036a95842af/build]   | [INFO] Downloaded from central: https://repo.maven.apache.org/maven2/org/codehaus/plexus/plexus-utils/2.0.5/plexus-utils-2.0.5.jar (223 kB at 1.3 MB/s)
[17024651-cc74-4029-9585-9036a95842af/build]   | [INFO] Using 'UTF-8' encoding to copy filtered resources.
[17024651-cc74-4029-9585-9036a95842af/build]   | [INFO] skip non existing resourceDirectory /tmp/6e6bdca5-2c61-4df6-aa9d-e215375cac87/src/main/resources
[17024651-cc74-4029-9585-9036a95842af/build]   | [INFO] 
[17024651-cc74-4029-9585-9036a95842af/build]   | [INFO] --- maven-compiler-plugin:3.10.1:compile (default-compile) @ Java ---
[17024651-cc74-4029-9585-9036a95842af/build]   | [INFO] Downloading from central: https://repo.maven.apache.org/maven2/org/apache/maven/shared/maven-shared-utils/3.3.4/maven-shared-utils-3.3.4.pom
[17024651-cc74-4029-9585-9036a95842af/build]   | [INFO] Downloaded from central: https://repo.maven.apache.org/maven2/org/apache/maven/shared/maven-shared-utils/3.3.4/maven-shared-utils-3.3.4.pom (5.8 kB at 265 kB/s)
[17024651-cc74-4029-9585-9036a95842af/build]   | [INFO] Downloading from central: https://repo.maven.apache.org/maven2/org/apache/maven/shared/maven-shared-components/34/maven-shared-components-34.pom
[17024651-cc74-4029-9585-9036a95842af/build]   | [INFO] Downloaded from central: https://repo.maven.apache.org/maven2/org/apache/maven/shared/maven-shared-components/34/maven-shared-components-34.pom (5.1 kB at 204 kB/s)
[17024651-cc74-4029-9585-9036a95842af/build]   | [INFO] Downloading from central: https://repo.maven.apache.org/maven2/commons-io/commons-io/2.6/commons-io-2.6.pom
[17024651-cc74-4029-9585-9036a95842af/build]   | [INFO] Downloaded from central: https://repo.maven.apache.org/maven2/commons-io/commons-io/2.6/commons-io-2.6.pom (14 kB at 594 kB/s)
[17024651-cc74-4029-9585-9036a95842af/build]   | [INFO] Downloading from central: https://repo.maven.apache.org/maven2/org/apache/commons/commons-parent/42/commons-parent-42.pom
[17024651-cc74-4029-9585-9036a95842af/build]   | [INFO] Downloaded from central: https://repo.maven.apache.org/maven2/org/apache/commons/commons-parent/42/commons-parent-42.pom (68 kB at 2.0 MB/s)
[17024651-cc74-4029-9585-9036a95842af/build]   | [INFO] Downloading from central: https://repo.maven.apache.org/maven2/org/apache/apache/18/apache-18.pom
[17024651-cc74-4029-9585-9036a95842af/build]   | [INFO] Downloaded from central: https://repo.maven.apache.org/maven2/org/apache/apache/18/apache-18.pom (16 kB at 653 kB/s)
[17024651-cc74-4029-9585-9036a95842af/build]   | [INFO] Downloading from central: https://repo.maven.apache.org/maven2/org/apache/maven/shared/maven-shared-incremental/1.1/maven-shared-incremental-1.1.pom
[17024651-cc74-4029-9585-9036a95842af/build]   | [INFO] Downloaded from central: https://repo.maven.apache.org/maven2/org/apache/maven/shared/maven-shared-incremental/1.1/maven-shared-incremental-1.1.pom (4.7 kB at 216 kB/s)
[17024651-cc74-4029-9585-9036a95842af/build]   | [INFO] Downloading from central: https://repo.maven.apache.org/maven2/org/apache/maven/shared/maven-shared-components/19/maven-shared-components-19.pom
[17024651-cc74-4029-9585-9036a95842af/build]   | [INFO] Downloaded from central: https://repo.maven.apache.org/maven2/org/apache/maven/shared/maven-shared-components/19/maven-shared-components-19.pom (6.4 kB at 289 kB/s)
[17024651-cc74-4029-9585-9036a95842af/build]   | [INFO] Downloading from central: https://repo.maven.apache.org/maven2/org/apache/maven/maven-parent/23/maven-parent-23.pom
[17024651-cc74-4029-9585-9036a95842af/build]   | [INFO] Downloaded from central: https://repo.maven.apache.org/maven2/org/apache/maven/maven-parent/23/maven-parent-23.pom (33 kB at 1.2 MB/s)
[17024651-cc74-4029-9585-9036a95842af/build]   | [INFO] Downloading from central: https://repo.maven.apache.org/maven2/org/apache/apache/13/apache-13.pom
[17024651-cc74-4029-9585-9036a95842af/build]   | [INFO] Downloaded from central: https://repo.maven.apache.org/maven2/org/apache/apache/13/apache-13.pom (14 kB at 559 kB/s)
[17024651-cc74-4029-9585-9036a95842af/build]   | [INFO] Downloading from central: https://repo.maven.apache.org/maven2/org/codehaus/plexus/plexus-component-annotations/2.0.0/plexus-component-annotations-2.0.0.pom
[17024651-cc74-4029-9585-9036a95842af/build]   | [INFO] Downloaded from central: https://repo.maven.apache.org/maven2/org/codehaus/plexus/plexus-component-annotations/2.0.0/plexus-component-annotations-2.0.0.pom (750 B at 30 kB/s)
[17024651-cc74-4029-9585-9036a95842af/build]   | [INFO] Downloading from central: https://repo.maven.apache.org/maven2/org/codehaus/plexus/plexus-containers/2.0.0/plexus-containers-2.0.0.pom
[17024651-cc74-4029-9585-9036a95842af/build]   | [INFO] Downloaded from central: https://repo.maven.apache.org/maven2/org/codehaus/plexus/plexus-containers/2.0.0/plexus-containers-2.0.0.pom (4.8 kB at 185 kB/s)
[17024651-cc74-4029-9585-9036a95842af/build]   | [INFO] Downloading from central: https://repo.maven.apache.org/maven2/org/codehaus/plexus/plexus/5.1/plexus-5.1.pom
[17024651-cc74-4029-9585-9036a95842af/build]   | [INFO] Downloaded from central: https://repo.maven.apache.org/maven2/org/codehaus/plexus/plexus/5.1/plexus-5.1.pom (23 kB at 833 kB/s)
[17024651-cc74-4029-9585-9036a95842af/build]   | [INFO] Downloading from central: https://repo.maven.apache.org/maven2/org/codehaus/plexus/plexus-java/1.1.1/plexus-java-1.1.1.pom
[17024651-cc74-4029-9585-9036a95842af/build]   | [INFO] Downloaded from central: https://repo.maven.apache.org/maven2/org/codehaus/plexus/plexus-java/1.1.1/plexus-java-1.1.1.pom (5.0 kB at 131 kB/s)
[17024651-cc74-4029-9585-9036a95842af/build]   | [INFO] Downloading from central: https://repo.maven.apache.org/maven2/org/codehaus/plexus/plexus-languages/1.1.1/plexus-languages-1.1.1.pom
[17024651-cc74-4029-9585-9036a95842af/build]   | [INFO] Downloaded from central: https://repo.maven.apache.org/maven2/org/codehaus/plexus/plexus-languages/1.1.1/plexus-languages-1.1.1.pom (4.6 kB at 96 kB/s)
[17024651-cc74-4029-9585-9036a95842af/build]   | [INFO] Downloading from central: https://repo.maven.apache.org/maven2/org/codehaus/plexus/plexus/8/plexus-8.pom
[17024651-cc74-4029-9585-9036a95842af/build]   | [INFO] Downloaded from central: https://repo.maven.apache.org/maven2/org/codehaus/plexus/plexus/8/plexus-8.pom (25 kB at 439 kB/s)
[17024651-cc74-4029-9585-9036a95842af/build]   | [INFO] Downloading from central: https://repo.maven.apache.org/maven2/org/ow2/asm/asm/9.2/asm-9.2.pom
[17024651-cc74-4029-9585-9036a95842af/build]   | [INFO] Downloaded from central: https://repo.maven.apache.org/maven2/org/ow2/asm/asm/9.2/asm-9.2.pom (2.4 kB at 41 kB/s)
[17024651-cc74-4029-9585-9036a95842af/build]   | [INFO] Downloading from central: https://repo.maven.apache.org/maven2/org/ow2/ow2/1.5/ow2-1.5.pom
[17024651-cc74-4029-9585-9036a95842af/build]   | [INFO] Downloaded from central: https://repo.maven.apache.org/maven2/org/ow2/ow2/1.5/ow2-1.5.pom (11 kB at 239 kB/s)
[17024651-cc74-4029-9585-9036a95842af/build]   | [INFO] Downloading from central: https://repo.maven.apache.org/maven2/com/thoughtworks/qdox/qdox/2.0.1/qdox-2.0.1.pom
[17024651-cc74-4029-9585-9036a95842af/build]   | [INFO] Downloaded from central: https://repo.maven.apache.org/maven2/com/thoughtworks/qdox/qdox/2.0.1/qdox-2.0.1.pom (16 kB at 276 kB/s)
[17024651-cc74-4029-9585-9036a95842af/build]   | [INFO] Downloading from central: https://repo.maven.apache.org/maven2/org/sonatype/oss/oss-parent/9/oss-parent-9.pom
[17024651-cc74-4029-9585-9036a95842af/build]   | [INFO] Downloaded from central: https://repo.maven.apache.org/maven2/org/sonatype/oss/oss-parent/9/oss-parent-9.pom (6.6 kB at 153 kB/s)
[17024651-cc74-4029-9585-9036a95842af/build]   | [INFO] Downloading from central: https://repo.maven.apache.org/maven2/org/codehaus/plexus/plexus-compiler-api/2.11.1/plexus-compiler-api-2.11.1.pom
[17024651-cc74-4029-9585-9036a95842af/build]   | [INFO] Downloaded from central: https://repo.maven.apache.org/maven2/org/codehaus/plexus/plexus-compiler-api/2.11.1/plexus-compiler-api-2.11.1.pom (1.1 kB at 36 kB/s)
[17024651-cc74-4029-9585-9036a95842af/build]   | [INFO] Downloading from central: https://repo.maven.apache.org/maven2/org/codehaus/plexus/plexus-compiler/2.11.1/plexus-compiler-2.11.1.pom
[17024651-cc74-4029-9585-9036a95842af/build]   | [INFO] Downloaded from central: https://repo.maven.apache.org/maven2/org/codehaus/plexus/plexus-compiler/2.11.1/plexus-compiler-2.11.1.pom (8.1 kB at 180 kB/s)
[17024651-cc74-4029-9585-9036a95842af/build]   | [INFO] Downloading from central: https://repo.maven.apache.org/maven2/org/codehaus/plexus/plexus-components/6.6/plexus-components-6.6.pom
[17024651-cc74-4029-9585-9036a95842af/build]   | [INFO] Downloaded from central: https://repo.maven.apache.org/maven2/org/codehaus/plexus/plexus-components/6.6/plexus-components-6.6.pom (2.7 kB at 112 kB/s)
[17024651-cc74-4029-9585-9036a95842af/build]   | [INFO] Downloading from central: https://repo.maven.apache.org/maven2/org/codehaus/plexus/plexus-utils/3.4.1/plexus-utils-3.4.1.pom
[17024651-cc74-4029-9585-9036a95842af/build]   | [INFO] Downloaded from central: https://repo.maven.apache.org/maven2/org/codehaus/plexus/plexus-utils/3.4.1/plexus-utils-3.4.1.pom (8.0 kB at 362 kB/s)
[17024651-cc74-4029-9585-9036a95842af/build]   | [INFO] Downloading from central: https://repo.maven.apache.org/maven2/org/codehaus/plexus/plexus-compiler-manager/2.11.1/plexus-compiler-manager-2.11.1.pom
[17024651-cc74-4029-9585-9036a95842af/build]   | [INFO] Downloaded from central: https://repo.maven.apache.org/maven2/org/codehaus/plexus/plexus-compiler-manager/2.11.1/plexus-compiler-manager-2.11.1.pom (1.1 kB at 52 kB/s)
[17024651-cc74-4029-9585-9036a95842af/build]   | [INFO] Downloading from central: https://repo.maven.apache.org/maven2/org/codehaus/plexus/plexus-compiler-javac/2.11.1/plexus-compiler-javac-2.11.1.pom
[17024651-cc74-4029-9585-9036a95842af/build]   | [INFO] Downloaded from central: https://repo.maven.apache.org/maven2/org/codehaus/plexus/plexus-compiler-javac/2.11.1/plexus-compiler-javac-2.11.1.pom (1.2 kB at 19 kB/s)
[17024651-cc74-4029-9585-9036a95842af/build]   | [INFO] Downloading from central: https://repo.maven.apache.org/maven2/org/codehaus/plexus/plexus-compilers/2.11.1/plexus-compilers-2.11.1.pom
[17024651-cc74-4029-9585-9036a95842af/build]   | [INFO] Downloaded from central: https://repo.maven.apache.org/maven2/org/codehaus/plexus/plexus-compilers/2.11.1/plexus-compilers-2.11.1.pom (1.3 kB at 34 kB/s)
[17024651-cc74-4029-9585-9036a95842af/build]   | [INFO] Downloading from central: https://repo.maven.apache.org/maven2/org/apache/maven/shared/maven-shared-utils/3.3.4/maven-shared-utils-3.3.4.jar
[17024651-cc74-4029-9585-9036a95842af/build]   | [INFO] Downloading from central: https://repo.maven.apache.org/maven2/commons-io/commons-io/2.6/commons-io-2.6.jar
[17024651-cc74-4029-9585-9036a95842af/build]   | [INFO] Downloading from central: https://repo.maven.apache.org/maven2/org/apache/maven/shared/maven-shared-incremental/1.1/maven-shared-incremental-1.1.jar
[17024651-cc74-4029-9585-9036a95842af/build]   | [INFO] Downloading from central: https://repo.maven.apache.org/maven2/org/codehaus/plexus/plexus-component-annotations/2.0.0/plexus-component-annotations-2.0.0.jar
[17024651-cc74-4029-9585-9036a95842af/build]   | [INFO] Downloading from central: https://repo.maven.apache.org/maven2/org/codehaus/plexus/plexus-java/1.1.1/plexus-java-1.1.1.jar
[17024651-cc74-4029-9585-9036a95842af/build]   | [INFO] Downloaded from central: https://repo.maven.apache.org/maven2/org/codehaus/plexus/plexus-component-annotations/2.0.0/plexus-component-annotations-2.0.0.jar (4.2 kB at 146 kB/s)
[17024651-cc74-4029-9585-9036a95842af/build]   | [INFO] Downloading from central: https://repo.maven.apache.org/maven2/org/ow2/asm/asm/9.2/asm-9.2.jar
[17024651-cc74-4029-9585-9036a95842af/build]   | [INFO] Downloaded from central: https://repo.maven.apache.org/maven2/org/apache/maven/shared/maven-shared-incremental/1.1/maven-shared-incremental-1.1.jar (14 kB at 437 kB/s)
[17024651-cc74-4029-9585-9036a95842af/build]   | [INFO] Downloading from central: https://repo.maven.apache.org/maven2/com/thoughtworks/qdox/qdox/2.0.1/qdox-2.0.1.jar
[17024651-cc74-4029-9585-9036a95842af/build]   | [INFO] Downloaded from central: https://repo.maven.apache.org/maven2/org/codehaus/plexus/plexus-java/1.1.1/plexus-java-1.1.1.jar (54 kB at 1.3 MB/s)
[17024651-cc74-4029-9585-9036a95842af/build]   | [INFO] Downloading from central: https://repo.maven.apache.org/maven2/org/codehaus/plexus/plexus-compiler-api/2.11.1/plexus-compiler-api-2.11.1.jar
[17024651-cc74-4029-9585-9036a95842af/build]   | [INFO] Downloaded from central: https://repo.maven.apache.org/maven2/org/apache/maven/shared/maven-shared-utils/3.3.4/maven-shared-utils-3.3.4.jar (153 kB at 2.9 MB/s)
[17024651-cc74-4029-9585-9036a95842af/build]   | [INFO] Downloading from central: https://repo.maven.apache.org/maven2/org/codehaus/plexus/plexus-utils/3.4.1/plexus-utils-3.4.1.jar
[17024651-cc74-4029-9585-9036a95842af/build]   | [INFO] Downloaded from central: https://repo.maven.apache.org/maven2/org/ow2/asm/asm/9.2/asm-9.2.jar (122 kB at 1.9 MB/s)
[17024651-cc74-4029-9585-9036a95842af/build]   | [INFO] Downloading from central: https://repo.maven.apache.org/maven2/org/codehaus/plexus/plexus-compiler-manager/2.11.1/plexus-compiler-manager-2.11.1.jar
[17024651-cc74-4029-9585-9036a95842af/build]   | [INFO] Downloaded from central: https://repo.maven.apache.org/maven2/org/codehaus/plexus/plexus-compiler-api/2.11.1/plexus-compiler-api-2.11.1.jar (27 kB at 317 kB/s)
[17024651-cc74-4029-9585-9036a95842af/build]   | [INFO] Downloading from central: https://repo.maven.apache.org/maven2/org/codehaus/plexus/plexus-compiler-javac/2.11.1/plexus-compiler-javac-2.11.1.jar
[17024651-cc74-4029-9585-9036a95842af/build]   | [INFO] Downloaded from central: https://repo.maven.apache.org/maven2/commons-io/commons-io/2.6/commons-io-2.6.jar (215 kB at 2.5 MB/s)
[17024651-cc74-4029-9585-9036a95842af/build]   | [INFO] Downloaded from central: https://repo.maven.apache.org/maven2/org/codehaus/plexus/plexus-compiler-manager/2.11.1/plexus-compiler-manager-2.11.1.jar (4.7 kB at 50 kB/s)
[17024651-cc74-4029-9585-9036a95842af/build]   | [INFO] Downloaded from central: https://repo.maven.apache.org/maven2/org/codehaus/plexus/plexus-compiler-javac/2.11.1/plexus-compiler-javac-2.11.1.jar (23 kB at 202 kB/s)
[17024651-cc74-4029-9585-9036a95842af/build]   | [INFO] Downloaded from central: https://repo.maven.apache.org/maven2/com/thoughtworks/qdox/qdox/2.0.1/qdox-2.0.1.jar (334 kB at 3.0 MB/s)
[17024651-cc74-4029-9585-9036a95842af/build]   | [INFO] Downloaded from central: https://repo.maven.apache.org/maven2/org/codehaus/plexus/plexus-utils/3.4.1/plexus-utils-3.4.1.jar (264 kB at 2.2 MB/s)
[17024651-cc74-4029-9585-9036a95842af/build]   | [INFO] Changes detected - recompiling the module!
[17024651-cc74-4029-9585-9036a95842af/build]   | [INFO] Compiling 469 source files to /tmp/6e6bdca5-2c61-4df6-aa9d-e215375cac87/target/classes
[17024651-cc74-4029-9585-9036a95842af/build]   | [INFO] /tmp/6e6bdca5-2c61-4df6-aa9d-e215375cac87/src/main/java/com/thealgorithms/datastructures/lists/CursorLinkedList.java: Some input files use unchecked or unsafe operations.
[17024651-cc74-4029-9585-9036a95842af/build]   | [INFO] /tmp/6e6bdca5-2c61-4df6-aa9d-e215375cac87/src/main/java/com/thealgorithms/datastructures/lists/CursorLinkedList.java: Recompile with -Xlint:unchecked for details.
[17024651-cc74-4029-9585-9036a95842af/build]   | [INFO] 
[17024651-cc74-4029-9585-9036a95842af/build]   | [INFO] --- maven-resources-plugin:2.6:testResources (default-testResources) @ Java ---
[17024651-cc74-4029-9585-9036a95842af/build]   | [INFO] Using 'UTF-8' encoding to copy filtered resources.
[17024651-cc74-4029-9585-9036a95842af/build]   | [INFO] skip non existing resourceDirectory /tmp/6e6bdca5-2c61-4df6-aa9d-e215375cac87/src/test/resources
[17024651-cc74-4029-9585-9036a95842af/build]   | [INFO] 
[17024651-cc74-4029-9585-9036a95842af/build]   | [INFO] --- maven-compiler-plugin:3.10.1:testCompile (default-testCompile) @ Java ---
[17024651-cc74-4029-9585-9036a95842af/build]   | [INFO] Changes detected - recompiling the module!
[17024651-cc74-4029-9585-9036a95842af/build]   | [INFO] Compiling 234 source files to /tmp/6e6bdca5-2c61-4df6-aa9d-e215375cac87/target/test-classes
[17024651-cc74-4029-9585-9036a95842af/build]   | [INFO] 
[17024651-cc74-4029-9585-9036a95842af/build]   | [INFO] --- maven-surefire-plugin:2.22.2:test (default-test) @ Java ---
[17024651-cc74-4029-9585-9036a95842af/build]   | [INFO] Downloading from central: https://repo.maven.apache.org/maven2/org/apache/maven/surefire/maven-surefire-common/2.22.2/maven-surefire-common-2.22.2.pom
[17024651-cc74-4029-9585-9036a95842af/build]   | [INFO] Downloaded from central: https://repo.maven.apache.org/maven2/org/apache/maven/surefire/maven-surefire-common/2.22.2/maven-surefire-common-2.22.2.pom (11 kB at 441 kB/s)
[17024651-cc74-4029-9585-9036a95842af/build]   | [INFO] Downloading from central: https://repo.maven.apache.org/maven2/org/apache/maven/maven-plugin-api/2.2.1/maven-plugin-api-2.2.1.pom
[17024651-cc74-4029-9585-9036a95842af/build]   | [INFO] Downloaded from central: https://repo.maven.apache.org/maven2/org/apache/maven/maven-plugin-api/2.2.1/maven-plugin-api-2.2.1.pom (1.5 kB at 86 kB/s)
[17024651-cc74-4029-9585-9036a95842af/build]   | [INFO] Downloading from central: https://repo.maven.apache.org/maven2/org/apache/maven/maven/2.2.1/maven-2.2.1.pom
[17024651-cc74-4029-9585-9036a95842af/build]   | [INFO] Downloaded from central: https://repo.maven.apache.org/maven2/org/apache/maven/maven/2.2.1/maven-2.2.1.pom (22 kB at 1.2 MB/s)
[17024651-cc74-4029-9585-9036a95842af/build]   | [INFO] Downloading from central: https://repo.maven.apache.org/maven2/org/apache/maven/maven-parent/11/maven-parent-11.pom
[17024651-cc74-4029-9585-9036a95842af/build]   | [INFO] Downloaded from central: https://repo.maven.apache.org/maven2/org/apache/maven/maven-parent/11/maven-parent-11.pom (32 kB at 926 kB/s)
[17024651-cc74-4029-9585-9036a95842af/build]   | [INFO] Downloading from central: https://repo.maven.apache.org/maven2/org/apache/apache/5/apache-5.pom
[17024651-cc74-4029-9585-9036a95842af/build]   | [INFO] Downloaded from central: https://repo.maven.apache.org/maven2/org/apache/apache/5/apache-5.pom (4.1 kB at 241 kB/s)
[17024651-cc74-4029-9585-9036a95842af/build]   | [INFO] Downloading from central: https://repo.maven.apache.org/maven2/org/apache/maven/plugin-tools/maven-plugin-annotations/3.5.2/maven-plugin-annotations-3.5.2.pom
[17024651-cc74-4029-9585-9036a95842af/build]   | [INFO] Downloaded from central: https://repo.maven.apache.org/maven2/org/apache/maven/plugin-tools/maven-plugin-annotations/3.5.2/maven-plugin-annotations-3.5.2.pom (1.6 kB at 91 kB/s)
[17024651-cc74-4029-9585-9036a95842af/build]   | [INFO] Downloading from central: https://repo.maven.apache.org/maven2/org/apache/maven/plugin-tools/maven-plugin-tools/3.5.2/maven-plugin-tools-3.5.2.pom
[17024651-cc74-4029-9585-9036a95842af/build]   | [INFO] Downloaded from central: https://repo.maven.apache.org/maven2/org/apache/maven/plugin-tools/maven-plugin-tools/3.5.2/maven-plugin-tools-3.5.2.pom (15 kB at 809 kB/s)
[17024651-cc74-4029-9585-9036a95842af/build]   | [INFO] Downloading from central: https://repo.maven.apache.org/maven2/org/apache/maven/maven-parent/31/maven-parent-31.pom
[17024651-cc74-4029-9585-9036a95842af/build]   | [INFO] Downloaded from central: https://repo.maven.apache.org/maven2/org/apache/maven/maven-parent/31/maven-parent-31.pom (43 kB at 1.8 MB/s)
[17024651-cc74-4029-9585-9036a95842af/build]   | [INFO] Downloading from central: https://repo.maven.apache.org/maven2/org/apache/apache/19/apache-19.pom
[17024651-cc74-4029-9585-9036a95842af/build]   | [INFO] Downloaded from central: https://repo.maven.apache.org/maven2/org/apache/apache/19/apache-19.pom (15 kB at 738 kB/s)
[17024651-cc74-4029-9585-9036a95842af/build]   | [INFO] Downloading from central: https://repo.maven.apache.org/maven2/org/apache/maven/maven-artifact/2.2.1/maven-artifact-2.2.1.pom
[17024651-cc74-4029-9585-9036a95842af/build]   | [INFO] Downloaded from central: https://repo.maven.apache.org/maven2/org/apache/maven/maven-artifact/2.2.1/maven-artifact-2.2.1.pom (1.6 kB at 83 kB/s)
[17024651-cc74-4029-9585-9036a95842af/build]   | [INFO] Downloading from central: https://repo.maven.apache.org/maven2/org/apache/maven/surefire/surefire-api/2.22.2/surefire-api-2.22.2.pom
[17024651-cc74-4029-9585-9036a95842af/build]   | [INFO] Downloaded from central: https://repo.maven.apache.org/maven2/org/apache/maven/surefire/surefire-api/2.22.2/surefire-api-2.22.2.pom (3.5 kB at 186 kB/s)
[17024651-cc74-4029-9585-9036a95842af/build]   | [INFO] Downloading from central: https://repo.maven.apache.org/maven2/org/apache/maven/surefire/surefire-logger-api/2.22.2/surefire-logger-api-2.22.2.pom
[17024651-cc74-4029-9585-9036a95842af/build]   | [INFO] Downloaded from central: https://repo.maven.apache.org/maven2/org/apache/maven/surefire/surefire-logger-api/2.22.2/surefire-logger-api-2.22.2.pom (2.0 kB at 98 kB/s)
[17024651-cc74-4029-9585-9036a95842af/build]   | [INFO] Downloading from central: https://repo.maven.apache.org/maven2/org/apache/maven/surefire/surefire-booter/2.22.2/surefire-booter-2.22.2.pom
[17024651-cc74-4029-9585-9036a95842af/build]   | [INFO] Downloaded from central: https://repo.maven.apache.org/maven2/org/apache/maven/surefire/surefire-booter/2.22.2/surefire-booter-2.22.2.pom (7.5 kB at 373 kB/s)
[17024651-cc74-4029-9585-9036a95842af/build]   | [INFO] Downloading from central: https://repo.maven.apache.org/maven2/org/apache/maven/maven-plugin-descriptor/2.2.1/maven-plugin-descriptor-2.2.1.pom
[17024651-cc74-4029-9585-9036a95842af/build]   | [INFO] Downloaded from central: https://repo.maven.apache.org/maven2/org/apache/maven/maven-plugin-descriptor/2.2.1/maven-plugin-descriptor-2.2.1.pom (2.1 kB at 109 kB/s)
[17024651-cc74-4029-9585-9036a95842af/build]   | [INFO] Downloading from central: https://repo.maven.apache.org/maven2/junit/junit/4.12/junit-4.12.pom
[17024651-cc74-4029-9585-9036a95842af/build]   | [INFO] Downloaded from central: https://repo.maven.apache.org/maven2/junit/junit/4.12/junit-4.12.pom (24 kB at 1.0 MB/s)
[17024651-cc74-4029-9585-9036a95842af/build]   | [INFO] Downloading from central: https://repo.maven.apache.org/maven2/org/hamcrest/hamcrest-core/1.3/hamcrest-core-1.3.pom
[17024651-cc74-4029-9585-9036a95842af/build]   | [INFO] Downloaded from central: https://repo.maven.apache.org/maven2/org/hamcrest/hamcrest-core/1.3/hamcrest-core-1.3.pom (766 B at 38 kB/s)
[17024651-cc74-4029-9585-9036a95842af/build]   | [INFO] Downloading from central: https://repo.maven.apache.org/maven2/org/hamcrest/hamcrest-parent/1.3/hamcrest-parent-1.3.pom
[17024651-cc74-4029-9585-9036a95842af/build]   | [INFO] Downloaded from central: https://repo.maven.apache.org/maven2/org/hamcrest/hamcrest-parent/1.3/hamcrest-parent-1.3.pom (2.0 kB at 104 kB/s)
[17024651-cc74-4029-9585-9036a95842af/build]   | [INFO] Downloading from central: https://repo.maven.apache.org/maven2/org/apache/maven/maven-project/2.2.1/maven-project-2.2.1.pom
[17024651-cc74-4029-9585-9036a95842af/build]   | [INFO] Downloaded from central: https://repo.maven.apache.org/maven2/org/apache/maven/maven-project/2.2.1/maven-project-2.2.1.pom (2.8 kB at 139 kB/s)
[17024651-cc74-4029-9585-9036a95842af/build]   | [INFO] Downloading from central: https://repo.maven.apache.org/maven2/org/apache/maven/maven-settings/2.2.1/maven-settings-2.2.1.pom
[17024651-cc74-4029-9585-9036a95842af/build]   | [INFO] Downloaded from central: https://repo.maven.apache.org/maven2/org/apache/maven/maven-settings/2.2.1/maven-settings-2.2.1.pom (2.2 kB at 109 kB/s)
[17024651-cc74-4029-9585-9036a95842af/build]   | [INFO] Downloading from central: https://repo.maven.apache.org/maven2/org/apache/maven/maven-model/2.2.1/maven-model-2.2.1.pom
[17024651-cc74-4029-9585-9036a95842af/build]   | [INFO] Downloaded from central: https://repo.maven.apache.org/maven2/org/apache/maven/maven-model/2.2.1/maven-model-2.2.1.pom (3.2 kB at 154 kB/s)
[17024651-cc74-4029-9585-9036a95842af/build]   | [INFO] Downloading from central: https://repo.maven.apache.org/maven2/org/codehaus/plexus/plexus-interpolation/1.11/plexus-interpolation-1.11.pom
[17024651-cc74-4029-9585-9036a95842af/build]   | [INFO] Downloaded from central: https://repo.maven.apache.org/maven2/org/codehaus/plexus/plexus-interpolation/1.11/plexus-interpolation-1.11.pom (889 B at 40 kB/s)
[17024651-cc74-4029-9585-9036a95842af/build]   | [INFO] Downloading from central: https://repo.maven.apache.org/maven2/org/apache/maven/maven-profile/2.2.1/maven-profile-2.2.1.pom
[17024651-cc74-4029-9585-9036a95842af/build]   | [INFO] Downloaded from central: https://repo.maven.apache.org/maven2/org/apache/maven/maven-profile/2.2.1/maven-profile-2.2.1.pom (2.2 kB at 99 kB/s)
[17024651-cc74-4029-9585-9036a95842af/build]   | [INFO] Downloading from central: https://repo.maven.apache.org/maven2/org/apache/maven/maven-artifact-manager/2.2.1/maven-artifact-manager-2.2.1.pom
[17024651-cc74-4029-9585-9036a95842af/build]   | [INFO] Downloaded from central: https://repo.maven.apache.org/maven2/org/apache/maven/maven-artifact-manager/2.2.1/maven-artifact-manager-2.2.1.pom (3.1 kB at 141 kB/s)
[17024651-cc74-4029-9585-9036a95842af/build]   | [INFO] Downloading from central: https://repo.maven.apache.org/maven2/org/apache/maven/maven-repository-metadata/2.2.1/maven-repository-metadata-2.2.1.pom
[17024651-cc74-4029-9585-9036a95842af/build]   | [INFO] Downloaded from central: https://repo.maven.apache.org/maven2/org/apache/maven/maven-repository-metadata/2.2.1/maven-repository-metadata-2.2.1.pom (1.9 kB at 85 kB/s)
[17024651-cc74-4029-9585-9036a95842af/build]   | [INFO] Downloading from central: https://repo.maven.apache.org/maven2/backport-util-concurrent/backport-util-concurrent/3.1/backport-util-concurrent-3.1.pom
[17024651-cc74-4029-9585-9036a95842af/build]   | [INFO] Downloaded from central: https://repo.maven.apache.org/maven2/backport-util-concurrent/backport-util-concurrent/3.1/backport-util-concurrent-3.1.pom (880 B at 37 kB/s)
[17024651-cc74-4029-9585-9036a95842af/build]   | [INFO] Downloading from central: https://repo.maven.apache.org/maven2/org/apache/maven/maven-plugin-registry/2.2.1/maven-plugin-registry-2.2.1.pom
[17024651-cc74-4029-9585-9036a95842af/build]   | [INFO] Downloaded from central: https://repo.maven.apache.org/maven2/org/apache/maven/maven-plugin-registry/2.2.1/maven-plugin-registry-2.2.1.pom (1.9 kB at 80 kB/s)
[17024651-cc74-4029-9585-9036a95842af/build]   | [INFO] Downloading from central: https://repo.maven.apache.org/maven2/org/apache/maven/maven-core/2.2.1/maven-core-2.2.1.pom
[17024651-cc74-4029-9585-9036a95842af/build]   | [INFO] Downloaded from central: https://repo.maven.apache.org/maven2/org/apache/maven/maven-core/2.2.1/maven-core-2.2.1.pom (12 kB at 506 kB/s)
[17024651-cc74-4029-9585-9036a95842af/build]   | [INFO] Downloading from central: https://repo.maven.apache.org/maven2/org/apache/maven/maven-plugin-parameter-documenter/2.2.1/maven-plugin-parameter-documenter-2.2.1.pom
[17024651-cc74-4029-9585-9036a95842af/build]   | [INFO] Downloaded from central: https://repo.maven.apache.org/maven2/org/apache/maven/maven-plugin-parameter-documenter/2.2.1/maven-plugin-parameter-documenter-2.2.1.pom (2.0 kB at 93 kB/s)
[17024651-cc74-4029-9585-9036a95842af/build]   | [INFO] Downloading from central: https://repo.maven.apache.org/maven2/org/slf4j/slf4j-jdk14/1.5.6/slf4j-jdk14-1.5.6.pom
[17024651-cc74-4029-9585-9036a95842af/build]   | [INFO] Downloaded from central: https://repo.maven.apache.org/maven2/org/slf4j/slf4j-jdk14/1.5.6/slf4j-jdk14-1.5.6.pom (1.9 kB at 79 kB/s)
[17024651-cc74-4029-9585-9036a95842af/build]   | [INFO] Downloading from central: https://repo.maven.apache.org/maven2/org/slf4j/slf4j-parent/1.5.6/slf4j-parent-1.5.6.pom
[17024651-cc74-4029-9585-9036a95842af/build]   | [INFO] Downloaded from central: https://repo.maven.apache.org/maven2/org/slf4j/slf4j-parent/1.5.6/slf4j-parent-1.5.6.pom (7.9 kB at 360 kB/s)
[17024651-cc74-4029-9585-9036a95842af/build]   | [INFO] Downloading from central: https://repo.maven.apache.org/maven2/org/slf4j/slf4j-api/1.5.6/slf4j-api-1.5.6.pom
[17024651-cc74-4029-9585-9036a95842af/build]   | [INFO] Downloaded from central: https://repo.maven.apache.org/maven2/org/slf4j/slf4j-api/1.5.6/slf4j-api-1.5.6.pom (3.0 kB at 149 kB/s)
[17024651-cc74-4029-9585-9036a95842af/build]   | [INFO] Downloading from central: https://repo.maven.apache.org/maven2/org/slf4j/jcl-over-slf4j/1.5.6/jcl-over-slf4j-1.5.6.pom
[17024651-cc74-4029-9585-9036a95842af/build]   | [INFO] Downloaded from central: https://repo.maven.apache.org/maven2/org/slf4j/jcl-over-slf4j/1.5.6/jcl-over-slf4j-1.5.6.pom (2.2 kB at 103 kB/s)
[17024651-cc74-4029-9585-9036a95842af/build]   | [INFO] Downloading from central: https://repo.maven.apache.org/maven2/org/apache/maven/reporting/maven-reporting-api/3.0/maven-reporting-api-3.0.pom
[17024651-cc74-4029-9585-9036a95842af/build]   | [INFO] Downloaded from central: https://repo.maven.apache.org/maven2/org/apache/maven/reporting/maven-reporting-api/3.0/maven-reporting-api-3.0.pom (2.4 kB at 113 kB/s)
[17024651-cc74-4029-9585-9036a95842af/build]   | [INFO] Downloading from central: https://repo.maven.apache.org/maven2/org/apache/maven/shared/maven-shared-components/15/maven-shared-components-15.pom
[17024651-cc74-4029-9585-9036a95842af/build]   | [INFO] Downloaded from central: https://repo.maven.apache.org/maven2/org/apache/maven/shared/maven-shared-components/15/maven-shared-components-15.pom (9.3 kB at 424 kB/s)
[17024651-cc74-4029-9585-9036a95842af/build]   | [INFO] Downloading from central: https://repo.maven.apache.org/maven2/org/apache/maven/maven-parent/16/maven-parent-16.pom
[17024651-cc74-4029-9585-9036a95842af/build]   | [INFO] Downloaded from central: https://repo.maven.apache.org/maven2/org/apache/maven/maven-parent/16/maven-parent-16.pom (23 kB at 970 kB/s)
[17024651-cc74-4029-9585-9036a95842af/build]   | [INFO] Downloading from central: https://repo.maven.apache.org/maven2/org/apache/apache/7/apache-7.pom
[17024651-cc74-4029-9585-9036a95842af/build]   | [INFO] Downloaded from central: https://repo.maven.apache.org/maven2/org/apache/apache/7/apache-7.pom (14 kB at 656 kB/s)
[17024651-cc74-4029-9585-9036a95842af/build]   | [INFO] Downloading from central: https://repo.maven.apache.org/maven2/org/apache/maven/maven-error-diagnostics/2.2.1/maven-error-diagnostics-2.2.1.pom
[17024651-cc74-4029-9585-9036a95842af/build]   | [INFO] Downloaded from central: https://repo.maven.apache.org/maven2/org/apache/maven/maven-error-diagnostics/2.2.1/maven-error-diagnostics-2.2.1.pom (1.7 kB at 81 kB/s)
[17024651-cc74-4029-9585-9036a95842af/build]   | [INFO] Downloading from central: https://repo.maven.apache.org/maven2/org/apache/maven/maven-monitor/2.2.1/maven-monitor-2.2.1.pom
[17024651-cc74-4029-9585-9036a95842af/build]   | [INFO] Downloaded from central: https://repo.maven.apache.org/maven2/org/apache/maven/maven-monitor/2.2.1/maven-monitor-2.2.1.pom (1.3 kB at 60 kB/s)
[17024651-cc74-4029-9585-9036a95842af/build]   | [INFO] Downloading from central: https://repo.maven.apache.org/maven2/org/sonatype/plexus/plexus-sec-dispatcher/1.3/plexus-sec-dispatcher-1.3.pom
[17024651-cc74-4029-9585-9036a95842af/build]   | [INFO] Downloaded from central: https://repo.maven.apache.org/maven2/org/sonatype/plexus/plexus-sec-dispatcher/1.3/plexus-sec-dispatcher-1.3.pom (3.0 kB at 141 kB/s)
[17024651-cc74-4029-9585-9036a95842af/build]   | [INFO] Downloading from central: https://repo.maven.apache.org/maven2/org/sonatype/spice/spice-parent/12/spice-parent-12.pom
[17024651-cc74-4029-9585-9036a95842af/build]   | [INFO] Downloaded from central: https://repo.maven.apache.org/maven2/org/sonatype/spice/spice-parent/12/spice-parent-12.pom (6.8 kB at 324 kB/s)
[17024651-cc74-4029-9585-9036a95842af/build]   | [INFO] Downloading from central: https://repo.maven.apache.org/maven2/org/sonatype/forge/forge-parent/4/forge-parent-4.pom
[17024651-cc74-4029-9585-9036a95842af/build]   | [INFO] Downloaded from central: https://repo.maven.apache.org/maven2/org/sonatype/forge/forge-parent/4/forge-parent-4.pom (8.4 kB at 382 kB/s)
[17024651-cc74-4029-9585-9036a95842af/build]   | [INFO] Downloading from central: https://repo.maven.apache.org/maven2/org/codehaus/plexus/plexus-utils/1.5.5/plexus-utils-1.5.5.pom
[17024651-cc74-4029-9585-9036a95842af/build]   | [INFO] Downloaded from central: https://repo.maven.apache.org/maven2/org/codehaus/plexus/plexus-utils/1.5.5/plexus-utils-1.5.5.pom (5.1 kB at 234 kB/s)
[17024651-cc74-4029-9585-9036a95842af/build]   | [INFO] Downloading from central: https://repo.maven.apache.org/maven2/org/sonatype/plexus/plexus-cipher/1.4/plexus-cipher-1.4.pom
[17024651-cc74-4029-9585-9036a95842af/build]   | [INFO] Downloaded from central: https://repo.maven.apache.org/maven2/org/sonatype/plexus/plexus-cipher/1.4/plexus-cipher-1.4.pom (2.1 kB at 94 kB/s)
[17024651-cc74-4029-9585-9036a95842af/build]   | [INFO] Downloading from central: https://repo.maven.apache.org/maven2/org/apache/maven/maven-toolchain/2.2.1/maven-toolchain-2.2.1.pom
[17024651-cc74-4029-9585-9036a95842af/build]   | [INFO] Downloaded from central: https://repo.maven.apache.org/maven2/org/apache/maven/maven-toolchain/2.2.1/maven-toolchain-2.2.1.pom (3.3 kB at 152 kB/s)
[17024651-cc74-4029-9585-9036a95842af/build]   | [INFO] Downloading from central: https://repo.maven.apache.org/maven2/org/codehaus/plexus/plexus-java/0.9.10/plexus-java-0.9.10.pom
[17024651-cc74-4029-9585-9036a95842af/build]   | [INFO] Downloaded from central: https://repo.maven.apache.org/maven2/org/codehaus/plexus/plexus-java/0.9.10/plexus-java-0.9.10.pom (5.1 kB at 243 kB/s)
[17024651-cc74-4029-9585-9036a95842af/build]   | [INFO] Downloading from central: https://repo.maven.apache.org/maven2/org/codehaus/plexus/plexus-languages/0.9.10/plexus-languages-0.9.10.pom
[17024651-cc74-4029-9585-9036a95842af/build]   | [INFO] Downloaded from central: https://repo.maven.apache.org/maven2/org/codehaus/plexus/plexus-languages/0.9.10/plexus-languages-0.9.10.pom (4.1 kB at 197 kB/s)
[17024651-cc74-4029-9585-9036a95842af/build]   | [INFO] Downloading from central: https://repo.maven.apache.org/maven2/org/codehaus/plexus/plexus/4.0/plexus-4.0.pom
[17024651-cc74-4029-9585-9036a95842af/build]   | [INFO] Downloaded from central: https://repo.maven.apache.org/maven2/org/codehaus/plexus/plexus/4.0/plexus-4.0.pom (22 kB at 717 kB/s)
[17024651-cc74-4029-9585-9036a95842af/build]   | [INFO] Downloading from central: https://repo.maven.apache.org/maven2/org/sonatype/forge/forge-parent/10/forge-parent-10.pom
[17024651-cc74-4029-9585-9036a95842af/build]   | [INFO] Downloaded from central: https://repo.maven.apache.org/maven2/org/sonatype/forge/forge-parent/10/forge-parent-10.pom (14 kB at 590 kB/s)
[17024651-cc74-4029-9585-9036a95842af/build]   | [INFO] Downloading from central: https://repo.maven.apache.org/maven2/org/ow2/asm/asm/6.2/asm-6.2.pom
[17024651-cc74-4029-9585-9036a95842af/build]   | [INFO] Downloaded from central: https://repo.maven.apache.org/maven2/org/ow2/asm/asm/6.2/asm-6.2.pom (2.9 kB at 128 kB/s)
[17024651-cc74-4029-9585-9036a95842af/build]   | [INFO] Downloading from central: https://repo.maven.apache.org/maven2/com/thoughtworks/qdox/qdox/2.0-M8/qdox-2.0-M8.pom
[17024651-cc74-4029-9585-9036a95842af/build]   | [INFO] Downloaded from central: https://repo.maven.apache.org/maven2/com/thoughtworks/qdox/qdox/2.0-M8/qdox-2.0-M8.pom (16 kB at 689 kB/s)
[17024651-cc74-4029-9585-9036a95842af/build]   | [INFO] Downloading from central: https://repo.maven.apache.org/maven2/org/apache/maven/surefire/maven-surefire-common/2.22.2/maven-surefire-common-2.22.2.jar
[17024651-cc74-4029-9585-9036a95842af/build]   | [INFO] Downloading from central: https://repo.maven.apache.org/maven2/org/apache/maven/maven-plugin-api/2.2.1/maven-plugin-api-2.2.1.jar
[17024651-cc74-4029-9585-9036a95842af/build]   | [INFO] Downloading from central: https://repo.maven.apache.org/maven2/org/apache/maven/plugin-tools/maven-plugin-annotations/3.5.2/maven-plugin-annotations-3.5.2.jar
[17024651-cc74-4029-9585-9036a95842af/build]   | [INFO] Downloading from central: https://repo.maven.apache.org/maven2/org/apache/maven/surefire/surefire-api/2.22.2/surefire-api-2.22.2.jar
[17024651-cc74-4029-9585-9036a95842af/build]   | [INFO] Downloading from central: https://repo.maven.apache.org/maven2/org/apache/maven/surefire/surefire-logger-api/2.22.2/surefire-logger-api-2.22.2.jar
[17024651-cc74-4029-9585-9036a95842af/build]   | [INFO] Downloaded from central: https://repo.maven.apache.org/maven2/org/apache/maven/maven-plugin-api/2.2.1/maven-plugin-api-2.2.1.jar (12 kB at 495 kB/s)
[17024651-cc74-4029-9585-9036a95842af/build]   | [INFO] Downloading from central: https://repo.maven.apache.org/maven2/org/apache/maven/surefire/surefire-booter/2.22.2/surefire-booter-2.22.2.jar
[17024651-cc74-4029-9585-9036a95842af/build]   | [INFO] Downloaded from central: https://repo.maven.apache.org/maven2/org/apache/maven/surefire/surefire-logger-api/2.22.2/surefire-logger-api-2.22.2.jar (13 kB at 513 kB/s)
[17024651-cc74-4029-9585-9036a95842af/build]   | [INFO] Downloading from central: https://repo.maven.apache.org/maven2/org/apache/maven/maven-artifact/2.2.1/maven-artifact-2.2.1.jar
[17024651-cc74-4029-9585-9036a95842af/build]   | [INFO] Downloaded from central: https://repo.maven.apache.org/maven2/org/apache/maven/plugin-tools/maven-plugin-annotations/3.5.2/maven-plugin-annotations-3.5.2.jar (14 kB at 419 kB/s)
[17024651-cc74-4029-9585-9036a95842af/build]   | [INFO] Downloading from central: https://repo.maven.apache.org/maven2/org/codehaus/plexus/plexus-utils/1.5.15/plexus-utils-1.5.15.jar
[17024651-cc74-4029-9585-9036a95842af/build]   | [INFO] Downloaded from central: https://repo.maven.apache.org/maven2/org/apache/maven/surefire/surefire-api/2.22.2/surefire-api-2.22.2.jar (186 kB at 4.8 MB/s)
[17024651-cc74-4029-9585-9036a95842af/build]   | [INFO] Downloading from central: https://repo.maven.apache.org/maven2/org/apache/maven/maven-plugin-descriptor/2.2.1/maven-plugin-descriptor-2.2.1.jar
[17024651-cc74-4029-9585-9036a95842af/build]   | [INFO] Downloaded from central: https://repo.maven.apache.org/maven2/org/apache/maven/maven-plugin-descriptor/2.2.1/maven-plugin-descriptor-2.2.1.jar (39 kB at 409 kB/s)
[17024651-cc74-4029-9585-9036a95842af/build]   | [INFO] Downloading from central: https://repo.maven.apache.org/maven2/junit/junit/4.12/junit-4.12.jar
[17024651-cc74-4029-9585-9036a95842af/build]   | [INFO] Downloaded from central: https://repo.maven.apache.org/maven2/org/apache/maven/maven-artifact/2.2.1/maven-artifact-2.2.1.jar (80 kB at 780 kB/s)
[17024651-cc74-4029-9585-9036a95842af/build]   | [INFO] Downloading from central: https://repo.maven.apache.org/maven2/org/hamcrest/hamcrest-core/1.3/hamcrest-core-1.3.jar
[17024651-cc74-4029-9585-9036a95842af/build]   | [INFO] Downloaded from central: https://repo.maven.apache.org/maven2/org/apache/maven/surefire/surefire-booter/2.22.2/surefire-booter-2.22.2.jar (274 kB at 2.5 MB/s)
[17024651-cc74-4029-9585-9036a95842af/build]   | [INFO] Downloading from central: https://repo.maven.apache.org/maven2/org/apache/maven/maven-project/2.2.1/maven-project-2.2.1.jar
[17024651-cc74-4029-9585-9036a95842af/build]   | [INFO] Downloaded from central: https://repo.maven.apache.org/maven2/org/codehaus/plexus/plexus-utils/1.5.15/plexus-utils-1.5.15.jar (228 kB at 1.9 MB/s)
[17024651-cc74-4029-9585-9036a95842af/build]   | [INFO] Downloading from central: https://repo.maven.apache.org/maven2/org/apache/maven/maven-settings/2.2.1/maven-settings-2.2.1.jar
[17024651-cc74-4029-9585-9036a95842af/build]   | [INFO] Downloaded from central: https://repo.maven.apache.org/maven2/org/apache/maven/surefire/maven-surefire-common/2.22.2/maven-surefire-common-2.22.2.jar (528 kB at 3.4 MB/s)
[17024651-cc74-4029-9585-9036a95842af/build]   | [INFO] Downloading from central: https://repo.maven.apache.org/maven2/org/apache/maven/maven-profile/2.2.1/maven-profile-2.2.1.jar
[17024651-cc74-4029-9585-9036a95842af/build]   | [INFO] Downloaded from central: https://repo.maven.apache.org/maven2/org/hamcrest/hamcrest-core/1.3/hamcrest-core-1.3.jar (45 kB at 287 kB/s)
[17024651-cc74-4029-9585-9036a95842af/build]   | [INFO] Downloading from central: https://repo.maven.apache.org/maven2/org/apache/maven/maven-artifact-manager/2.2.1/maven-artifact-manager-2.2.1.jar
[17024651-cc74-4029-9585-9036a95842af/build]   | [INFO] Downloaded from central: https://repo.maven.apache.org/maven2/org/apache/maven/maven-settings/2.2.1/maven-settings-2.2.1.jar (49 kB at 290 kB/s)
[17024651-cc74-4029-9585-9036a95842af/build]   | [INFO] Downloading from central: https://repo.maven.apache.org/maven2/backport-util-concurrent/backport-util-concurrent/3.1/backport-util-concurrent-3.1.jar
[17024651-cc74-4029-9585-9036a95842af/build]   | [INFO] Downloaded from central: https://repo.maven.apache.org/maven2/org/apache/maven/maven-project/2.2.1/maven-project-2.2.1.jar (156 kB at 849 kB/s)
[17024651-cc74-4029-9585-9036a95842af/build]   | [INFO] Downloading from central: https://repo.maven.apache.org/maven2/org/apache/maven/maven-plugin-registry/2.2.1/maven-plugin-registry-2.2.1.jar
[17024651-cc74-4029-9585-9036a95842af/build]   | [INFO] Downloaded from central: https://repo.maven.apache.org/maven2/junit/junit/4.12/junit-4.12.jar (315 kB at 1.7 MB/s)
[17024651-cc74-4029-9585-9036a95842af/build]   | [INFO] Downloading from central: https://repo.maven.apache.org/maven2/org/codehaus/plexus/plexus-interpolation/1.11/plexus-interpolation-1.11.jar
[17024651-cc74-4029-9585-9036a95842af/build]   | [INFO] Downloaded from central: https://repo.maven.apache.org/maven2/org/apache/maven/maven-profile/2.2.1/maven-profile-2.2.1.jar (35 kB at 174 kB/s)
[17024651-cc74-4029-9585-9036a95842af/build]   | [INFO] Downloading from central: https://repo.maven.apache.org/maven2/org/apache/maven/maven-model/2.2.1/maven-model-2.2.1.jar
[17024651-cc74-4029-9585-9036a95842af/build]   | [INFO] Downloaded from central: https://repo.maven.apache.org/maven2/org/apache/maven/maven-artifact-manager/2.2.1/maven-artifact-manager-2.2.1.jar (68 kB at 303 kB/s)
[17024651-cc74-4029-9585-9036a95842af/build]   | [INFO] Downloading from central: https://repo.maven.apache.org/maven2/org/apache/maven/maven-core/2.2.1/maven-core-2.2.1.jar
[17024651-cc74-4029-9585-9036a95842af/build]   | [INFO] Downloaded from central: https://repo.maven.apache.org/maven2/org/apache/maven/maven-plugin-registry/2.2.1/maven-plugin-registry-2.2.1.jar (30 kB at 128 kB/s)
[17024651-cc74-4029-9585-9036a95842af/build]   | [INFO] Downloading from central: https://repo.maven.apache.org/maven2/org/apache/maven/maven-plugin-parameter-documenter/2.2.1/maven-plugin-parameter-documenter-2.2.1.jar
[17024651-cc74-4029-9585-9036a95842af/build]   | [INFO] Downloaded from central: https://repo.maven.apache.org/maven2/org/codehaus/plexus/plexus-interpolation/1.11/plexus-interpolation-1.11.jar (51 kB at 208 kB/s)
[17024651-cc74-4029-9585-9036a95842af/build]   | [INFO] Downloading from central: https://repo.maven.apache.org/maven2/org/slf4j/slf4j-jdk14/1.5.6/slf4j-jdk14-1.5.6.jar
[17024651-cc74-4029-9585-9036a95842af/build]   | [INFO] Downloaded from central: https://repo.maven.apache.org/maven2/org/apache/maven/maven-model/2.2.1/maven-model-2.2.1.jar (88 kB at 333 kB/s)
[17024651-cc74-4029-9585-9036a95842af/build]   | [INFO] Downloading from central: https://repo.maven.apache.org/maven2/org/slf4j/slf4j-api/1.5.6/slf4j-api-1.5.6.jar
[17024651-cc74-4029-9585-9036a95842af/build]   | [INFO] Downloaded from central: https://repo.maven.apache.org/maven2/backport-util-concurrent/backport-util-concurrent/3.1/backport-util-concurrent-3.1.jar (332 kB at 1.2 MB/s)
[17024651-cc74-4029-9585-9036a95842af/build]   | [INFO] Downloading from central: https://repo.maven.apache.org/maven2/org/slf4j/jcl-over-slf4j/1.5.6/jcl-over-slf4j-1.5.6.jar
[17024651-cc74-4029-9585-9036a95842af/build]   | [INFO] Downloaded from central: https://repo.maven.apache.org/maven2/org/apache/maven/maven-plugin-parameter-documenter/2.2.1/maven-plugin-parameter-documenter-2.2.1.jar (22 kB at 79 kB/s)
[17024651-cc74-4029-9585-9036a95842af/build]   | [INFO] Downloading from central: https://repo.maven.apache.org/maven2/org/apache/maven/reporting/maven-reporting-api/3.0/maven-reporting-api-3.0.jar
[17024651-cc74-4029-9585-9036a95842af/build]   | [INFO] Downloaded from central: https://repo.maven.apache.org/maven2/org/apache/maven/maven-core/2.2.1/maven-core-2.2.1.jar (178 kB at 593 kB/s)
[17024651-cc74-4029-9585-9036a95842af/build]   | [INFO] Downloading from central: https://repo.maven.apache.org/maven2/org/apache/maven/maven-repository-metadata/2.2.1/maven-repository-metadata-2.2.1.jar
[17024651-cc74-4029-9585-9036a95842af/build]   | [INFO] Downloaded from central: https://repo.maven.apache.org/maven2/org/slf4j/slf4j-jdk14/1.5.6/slf4j-jdk14-1.5.6.jar (8.8 kB at 29 kB/s)
[17024651-cc74-4029-9585-9036a95842af/build]   | [INFO] Downloading from central: https://repo.maven.apache.org/maven2/org/apache/maven/maven-error-diagnostics/2.2.1/maven-error-diagnostics-2.2.1.jar
[17024651-cc74-4029-9585-9036a95842af/build]   | [INFO] Downloaded from central: https://repo.maven.apache.org/maven2/org/slf4j/slf4j-api/1.5.6/slf4j-api-1.5.6.jar (22 kB at 71 kB/s)
[17024651-cc74-4029-9585-9036a95842af/build]   | [INFO] Downloading from central: https://repo.maven.apache.org/maven2/org/apache/maven/maven-monitor/2.2.1/maven-monitor-2.2.1.jar
[17024651-cc74-4029-9585-9036a95842af/build]   | [INFO] Downloaded from central: https://repo.maven.apache.org/maven2/org/slf4j/jcl-over-slf4j/1.5.6/jcl-over-slf4j-1.5.6.jar (17 kB at 53 kB/s)
[17024651-cc74-4029-9585-9036a95842af/build]   | [INFO] Downloading from central: https://repo.maven.apache.org/maven2/org/sonatype/plexus/plexus-sec-dispatcher/1.3/plexus-sec-dispatcher-1.3.jar
[17024651-cc74-4029-9585-9036a95842af/build]   | [INFO] Downloaded from central: https://repo.maven.apache.org/maven2/org/apache/maven/reporting/maven-reporting-api/3.0/maven-reporting-api-3.0.jar (11 kB at 33 kB/s)
[17024651-cc74-4029-9585-9036a95842af/build]   | [INFO] Downloading from central: https://repo.maven.apache.org/maven2/org/sonatype/plexus/plexus-cipher/1.4/plexus-cipher-1.4.jar
[17024651-cc74-4029-9585-9036a95842af/build]   | [INFO] Downloaded from central: https://repo.maven.apache.org/maven2/org/apache/maven/maven-repository-metadata/2.2.1/maven-repository-metadata-2.2.1.jar (26 kB at 75 kB/s)
[17024651-cc74-4029-9585-9036a95842af/build]   | [INFO] Downloading from central: https://repo.maven.apache.org/maven2/org/apache/maven/maven-toolchain/2.2.1/maven-toolchain-2.2.1.jar
[17024651-cc74-4029-9585-9036a95842af/build]   | [INFO] Downloaded from central: https://repo.maven.apache.org/maven2/org/apache/maven/maven-monitor/2.2.1/maven-monitor-2.2.1.jar (10 kB at 30 kB/s)
[17024651-cc74-4029-9585-9036a95842af/build]   | [INFO] Downloading from central: https://repo.maven.apache.org/maven2/org/codehaus/plexus/plexus-java/0.9.10/plexus-java-0.9.10.jar
[17024651-cc74-4029-9585-9036a95842af/build]   | [INFO] Downloaded from central: https://repo.maven.apache.org/maven2/org/sonatype/plexus/plexus-sec-dispatcher/1.3/plexus-sec-dispatcher-1.3.jar (29 kB at 80 kB/s)
[17024651-cc74-4029-9585-9036a95842af/build]   | [INFO] Downloading from central: https://repo.maven.apache.org/maven2/org/ow2/asm/asm/6.2/asm-6.2.jar
[17024651-cc74-4029-9585-9036a95842af/build]   | [INFO] Downloaded from central: https://repo.maven.apache.org/maven2/org/apache/maven/maven-error-diagnostics/2.2.1/maven-error-diagnostics-2.2.1.jar (13 kB at 36 kB/s)
[17024651-cc74-4029-9585-9036a95842af/build]   | [INFO] Downloading from central: https://repo.maven.apache.org/maven2/com/thoughtworks/qdox/qdox/2.0-M8/qdox-2.0-M8.jar
[17024651-cc74-4029-9585-9036a95842af/build]   | [INFO] Downloaded from central: https://repo.maven.apache.org/maven2/org/sonatype/plexus/plexus-cipher/1.4/plexus-cipher-1.4.jar (13 kB at 36 kB/s)
[17024651-cc74-4029-9585-9036a95842af/build]   | [INFO] Downloaded from central: https://repo.maven.apache.org/maven2/org/apache/maven/maven-toolchain/2.2.1/maven-toolchain-2.2.1.jar (38 kB at 98 kB/s)
[17024651-cc74-4029-9585-9036a95842af/build]   | [INFO] Downloaded from central: https://repo.maven.apache.org/maven2/org/codehaus/plexus/plexus-java/0.9.10/plexus-java-0.9.10.jar (39 kB at 99 kB/s)
[17024651-cc74-4029-9585-9036a95842af/build]   | [INFO] Downloaded from central: https://repo.maven.apache.org/maven2/org/ow2/asm/asm/6.2/asm-6.2.jar (111 kB at 271 kB/s)
[17024651-cc74-4029-9585-9036a95842af/build]   | [INFO] Downloaded from central: https://repo.maven.apache.org/maven2/com/thoughtworks/qdox/qdox/2.0-M8/qdox-2.0-M8.jar (316 kB at 709 kB/s)
[17024651-cc74-4029-9585-9036a95842af/build]   | [INFO] Downloading from central: https://repo.maven.apache.org/maven2/org/apache/maven/surefire/surefire-junit-platform/2.22.2/surefire-junit-platform-2.22.2.pom
[17024651-cc74-4029-9585-9036a95842af/build]   | [INFO] Downloaded from central: https://repo.maven.apache.org/maven2/org/apache/maven/surefire/surefire-junit-platform/2.22.2/surefire-junit-platform-2.22.2.pom (7.0 kB at 159 kB/s)
[17024651-cc74-4029-9585-9036a95842af/build]   | [INFO] Downloading from central: https://repo.maven.apache.org/maven2/org/apache/maven/surefire/surefire-providers/2.22.2/surefire-providers-2.22.2.pom
[17024651-cc74-4029-9585-9036a95842af/build]   | [INFO] Downloaded from central: https://repo.maven.apache.org/maven2/org/apache/maven/surefire/surefire-providers/2.22.2/surefire-providers-2.22.2.pom (2.5 kB at 92 kB/s)
[17024651-cc74-4029-9585-9036a95842af/build]   | [INFO] Downloading from central: https://repo.maven.apache.org/maven2/org/junit/platform/junit-platform-launcher/1.3.1/junit-platform-launcher-1.3.1.pom
[17024651-cc74-4029-9585-9036a95842af/build]   | [INFO] Downloaded from central: https://repo.maven.apache.org/maven2/org/junit/platform/junit-platform-launcher/1.3.1/junit-platform-launcher-1.3.1.pom (2.2 kB at 35 kB/s)
[17024651-cc74-4029-9585-9036a95842af/build]   | [INFO] Downloading from central: https://repo.maven.apache.org/maven2/org/apiguardian/apiguardian-api/1.0.0/apiguardian-api-1.0.0.pom
[17024651-cc74-4029-9585-9036a95842af/build]   | [INFO] Downloaded from central: https://repo.maven.apache.org/maven2/org/apiguardian/apiguardian-api/1.0.0/apiguardian-api-1.0.0.pom (1.2 kB at 24 kB/s)
[17024651-cc74-4029-9585-9036a95842af/build]   | [INFO] Downloading from central: https://repo.maven.apache.org/maven2/org/junit/platform/junit-platform-engine/1.3.1/junit-platform-engine-1.3.1.pom
[17024651-cc74-4029-9585-9036a95842af/build]   | [INFO] Downloaded from central: https://repo.maven.apache.org/maven2/org/junit/platform/junit-platform-engine/1.3.1/junit-platform-engine-1.3.1.pom (2.4 kB at 83 kB/s)
[17024651-cc74-4029-9585-9036a95842af/build]   | [INFO] Downloading from central: https://repo.maven.apache.org/maven2/org/junit/platform/junit-platform-commons/1.3.1/junit-platform-commons-1.3.1.pom
[17024651-cc74-4029-9585-9036a95842af/build]   | [INFO] Downloaded from central: https://repo.maven.apache.org/maven2/org/junit/platform/junit-platform-commons/1.3.1/junit-platform-commons-1.3.1.pom (2.0 kB at 48 kB/s)
[17024651-cc74-4029-9585-9036a95842af/build]   | [INFO] Downloading from central: https://repo.maven.apache.org/maven2/org/opentest4j/opentest4j/1.1.1/opentest4j-1.1.1.pom
[17024651-cc74-4029-9585-9036a95842af/build]   | [INFO] Downloaded from central: https://repo.maven.apache.org/maven2/org/opentest4j/opentest4j/1.1.1/opentest4j-1.1.1.pom (1.7 kB at 22 kB/s)
[17024651-cc74-4029-9585-9036a95842af/build]   | [INFO] Downloading from central: https://repo.maven.apache.org/maven2/org/apache/maven/surefire/surefire-junit-platform/2.22.2/surefire-junit-platform-2.22.2.jar
[17024651-cc74-4029-9585-9036a95842af/build]   | [INFO] Downloading from central: https://repo.maven.apache.org/maven2/org/junit/platform/junit-platform-commons/1.3.1/junit-platform-commons-1.3.1.jar
[17024651-cc74-4029-9585-9036a95842af/build]   | [INFO] Downloading from central: https://repo.maven.apache.org/maven2/org/apiguardian/apiguardian-api/1.0.0/apiguardian-api-1.0.0.jar
[17024651-cc74-4029-9585-9036a95842af/build]   | [INFO] Downloading from central: https://repo.maven.apache.org/maven2/org/junit/platform/junit-platform-launcher/1.3.1/junit-platform-launcher-1.3.1.jar
[17024651-cc74-4029-9585-9036a95842af/build]   | [INFO] Downloading from central: https://repo.maven.apache.org/maven2/org/junit/platform/junit-platform-engine/1.3.1/junit-platform-engine-1.3.1.jar
[17024651-cc74-4029-9585-9036a95842af/build]   | [INFO] Downloaded from central: https://repo.maven.apache.org/maven2/org/apiguardian/apiguardian-api/1.0.0/apiguardian-api-1.0.0.jar (2.2 kB at 98 kB/s)
[17024651-cc74-4029-9585-9036a95842af/build]   | [INFO] Downloading from central: https://repo.maven.apache.org/maven2/org/opentest4j/opentest4j/1.1.1/opentest4j-1.1.1.jar
[17024651-cc74-4029-9585-9036a95842af/build]   | [INFO] Downloaded from central: https://repo.maven.apache.org/maven2/org/junit/platform/junit-platform-engine/1.3.1/junit-platform-engine-1.3.1.jar (135 kB at 4.4 MB/s)
[17024651-cc74-4029-9585-9036a95842af/build]   | [INFO] Downloaded from central: https://repo.maven.apache.org/maven2/org/apache/maven/surefire/surefire-junit-platform/2.22.2/surefire-junit-platform-2.22.2.jar (66 kB at 1.7 MB/s)
[17024651-cc74-4029-9585-9036a95842af/build]   | [INFO] Downloaded from central: https://repo.maven.apache.org/maven2/org/junit/platform/junit-platform-commons/1.3.1/junit-platform-commons-1.3.1.jar (78 kB at 1.9 MB/s)
[17024651-cc74-4029-9585-9036a95842af/build]   | [INFO] Downloaded from central: https://repo.maven.apache.org/maven2/org/junit/platform/junit-platform-launcher/1.3.1/junit-platform-launcher-1.3.1.jar (95 kB at 2.4 MB/s)
[17024651-cc74-4029-9585-9036a95842af/build]   | [INFO] Downloaded from central: https://repo.maven.apache.org/maven2/org/opentest4j/opentest4j/1.1.1/opentest4j-1.1.1.jar (7.1 kB at 254 kB/s)
[17024651-cc74-4029-9585-9036a95842af/build]   | [INFO] 
[17024651-cc74-4029-9585-9036a95842af/build]   | [INFO] -------------------------------------------------------
[17024651-cc74-4029-9585-9036a95842af/build]   | [INFO]  T E S T S
[17024651-cc74-4029-9585-9036a95842af/build]   | [INFO] -------------------------------------------------------
[17024651-cc74-4029-9585-9036a95842af/build]   | [INFO] Running com.thealgorithms.geometry.GrahamScanTest
[17024651-cc74-4029-9585-9036a95842af/build]   | [INFO] Tests run: 1, Failures: 0, Errors: 0, Skipped: 0, Time elapsed: 0.061 s - in com.thealgorithms.geometry.GrahamScanTest
[17024651-cc74-4029-9585-9036a95842af/build]   | [INFO] Running com.thealgorithms.scheduling.RRSchedulingTest
[17024651-cc74-4029-9585-9036a95842af/build]   | [INFO] Tests run: 1, Failures: 0, Errors: 0, Skipped: 0, Time elapsed: 0.001 s - in com.thealgorithms.scheduling.RRSchedulingTest
[17024651-cc74-4029-9585-9036a95842af/build]   | [INFO] Running com.thealgorithms.scheduling.SJFSchedulingTest
[17024651-cc74-4029-9585-9036a95842af/build]   | [INFO] Tests run: 7, Failures: 0, Errors: 0, Skipped: 0, Time elapsed: 0.001 s - in com.thealgorithms.scheduling.SJFSchedulingTest
[17024651-cc74-4029-9585-9036a95842af/build]   | [INFO] Running com.thealgorithms.scheduling.FCFSSchedulingTest
[17024651-cc74-4029-9585-9036a95842af/build]   | [INFO] Tests run: 1, Failures: 0, Errors: 0, Skipped: 0, Time elapsed: 0 s - in com.thealgorithms.scheduling.FCFSSchedulingTest
[17024651-cc74-4029-9585-9036a95842af/build]   | [INFO] Running com.thealgorithms.divideandconquer.BinaryExponentiationTest
[17024651-cc74-4029-9585-9036a95842af/build]   | [INFO] Tests run: 2, Failures: 0, Errors: 0, Skipped: 0, Time elapsed: 0.001 s - in com.thealgorithms.divideandconquer.BinaryExponentiationTest
[17024651-cc74-4029-9585-9036a95842af/build]   | [INFO] Running com.thealgorithms.divideandconquer.StrassenMatrixMultiplicationTest
[17024651-cc74-4029-9585-9036a95842af/build]   | [INFO] Tests run: 3, Failures: 0, Errors: 0, Skipped: 0, Time elapsed: 0 s - in com.thealgorithms.divideandconquer.StrassenMatrixMultiplicationTest
[17024651-cc74-4029-9585-9036a95842af/build]   | [INFO] Running com.thealgorithms.dynamicprogramming.LevenshteinDistanceTests
[17024651-cc74-4029-9585-9036a95842af/build]   | [INFO] Tests run: 4, Failures: 0, Errors: 0, Skipped: 0, Time elapsed: 0.065 s - in com.thealgorithms.dynamicprogramming.LevenshteinDistanceTests
[17024651-cc74-4029-9585-9036a95842af/build]   | [INFO] Running com.thealgorithms.dynamicprogramming.SubsetCountTest
[17024651-cc74-4029-9585-9036a95842af/build]   | [INFO] Tests run: 4, Failures: 0, Errors: 0, Skipped: 0, Time elapsed: 0.003 s - in com.thealgorithms.dynamicprogramming.SubsetCountTest
[17024651-cc74-4029-9585-9036a95842af/build]   | [INFO] Running com.thealgorithms.dynamicprogramming.CatalanNumberTest
[17024651-cc74-4029-9585-9036a95842af/build]   | [INFO] Tests run: 1, Failures: 0, Errors: 0, Skipped: 0, Time elapsed: 0.001 s - in com.thealgorithms.dynamicprogramming.CatalanNumberTest
[17024651-cc74-4029-9585-9036a95842af/build]   | [INFO] Running com.thealgorithms.dynamicprogramming.PartitionProblemTest
[17024651-cc74-4029-9585-9036a95842af/build]   | [INFO] Tests run: 4, Failures: 0, Errors: 0, Skipped: 0, Time elapsed: 0.004 s - in com.thealgorithms.dynamicprogramming.PartitionProblemTest
[17024651-cc74-4029-9585-9036a95842af/build]   | [INFO] Running com.thealgorithms.dynamicprogramming.MinimumPathSumTest
[17024651-cc74-4029-9585-9036a95842af/build]   | [INFO] Tests run: 6, Failures: 0, Errors: 0, Skipped: 0, Time elapsed: 0.005 s - in com.thealgorithms.dynamicprogramming.MinimumPathSumTest
[17024651-cc74-4029-9585-9036a95842af/build]   | [INFO] Running com.thealgorithms.dynamicprogramming.climbStairsTest
[17024651-cc74-4029-9585-9036a95842af/build]   | [INFO] Tests run: 5, Failures: 0, Errors: 0, Skipped: 0, Time elapsed: 0.004 s - in com.thealgorithms.dynamicprogramming.climbStairsTest
[17024651-cc74-4029-9585-9036a95842af/build]   | [INFO] Running com.thealgorithms.dynamicprogramming.OptimalJobSchedulingTest
[17024651-cc74-4029-9585-9036a95842af/build]   | 5 1 3 2 
[17024651-cc74-4029-9585-9036a95842af/build]   | 6 3 4 5 
[17024651-cc74-4029-9585-9036a95842af/build]   | 5 8 6 6 
[17024651-cc74-4029-9585-9036a95842af/build]   | 7 9 10 8 
[17024651-cc74-4029-9585-9036a95842af/build]   | 8 9 12 9 
[17024651-cc74-4029-9585-9036a95842af/build]   | 
[17024651-cc74-4029-9585-9036a95842af/build]   | 5 1 3 
[17024651-cc74-4029-9585-9036a95842af/build]   | 6 3 4 
[17024651-cc74-4029-9585-9036a95842af/build]   | 5 8 6 
[17024651-cc74-4029-9585-9036a95842af/build]   | 
[17024651-cc74-4029-9585-9036a95842af/build]   | 5 1 3 2 
[17024651-cc74-4029-9585-9036a95842af/build]   | 6 3 4 3 
[17024651-cc74-4029-9585-9036a95842af/build]   | 5 8 6 9 
[17024651-cc74-4029-9585-9036a95842af/build]   | 6 7 8 9 
[17024651-cc74-4029-9585-9036a95842af/build]   | 8 8 12 13 
[17024651-cc74-4029-9585-9036a95842af/build]   | 11 10 12 12 
[17024651-cc74-4029-9585-9036a95842af/build]   | 
[17024651-cc74-4029-9585-9036a95842af/build]   | [INFO] Tests run: 3, Failures: 0, Errors: 0, Skipped: 0, Time elapsed: 0.01 s - in com.thealgorithms.dynamicprogramming.OptimalJobSchedulingTest
[17024651-cc74-4029-9585-9036a95842af/build]   | [INFO] Running com.thealgorithms.dynamicprogramming.KnapsackMemoizationTest
[17024651-cc74-4029-9585-9036a95842af/build]   | [INFO] Tests run: 3, Failures: 0, Errors: 0, Skipped: 0, Time elapsed: 0.003 s - in com.thealgorithms.dynamicprogramming.KnapsackMemoizationTest
[17024651-cc74-4029-9585-9036a95842af/build]   | [INFO] Running com.thealgorithms.dynamicprogramming.EggDroppingTest
[17024651-cc74-4029-9585-9036a95842af/build]   | [INFO] Tests run: 4, Failures: 0, Errors: 0, Skipped: 0, Time elapsed: 0.016 s - in com.thealgorithms.dynamicprogramming.EggDroppingTest
[17024651-cc74-4029-9585-9036a95842af/build]   | [INFO] Running com.thealgorithms.io.BufferedReaderTest
[17024651-cc74-4029-9585-9036a95842af/build]   | [cached intentional error]
[17024651-cc74-4029-9585-9036a95842af/build]   | [INFO] Tests run: 3, Failures: 0, Errors: 0, Skipped: 0, Time elapsed: 0.003 s - in com.thealgorithms.io.BufferedReaderTest
[17024651-cc74-4029-9585-9036a95842af/build]   | [INFO] Running com.thealgorithms.searches.sortOrderAgnosticBinarySearchTest
[17024651-cc74-4029-9585-9036a95842af/build]   | [INFO] Tests run: 2, Failures: 0, Errors: 0, Skipped: 0, Time elapsed: 0.002 s - in com.thealgorithms.searches.sortOrderAgnosticBinarySearchTest
[17024651-cc74-4029-9585-9036a95842af/build]   | [INFO] Running com.thealgorithms.searches.TestSearchInARowAndColWiseSortedMatrix
[17024651-cc74-4029-9585-9036a95842af/build]   | [INFO] Tests run: 2, Failures: 0, Errors: 0, Skipped: 0, Time elapsed: 0.002 s - in com.thealgorithms.searches.TestSearchInARowAndColWiseSortedMatrix
[17024651-cc74-4029-9585-9036a95842af/build]   | [INFO] Running com.thealgorithms.searches.OrderAgnosticBinarySearchTest
[17024651-cc74-4029-9585-9036a95842af/build]   | 4
[17024651-cc74-4029-9585-9036a95842af/build]   | 2
[17024651-cc74-4029-9585-9036a95842af/build]   | 4
[17024651-cc74-4029-9585-9036a95842af/build]   | 0
[17024651-cc74-4029-9585-9036a95842af/build]   | 0
[17024651-cc74-4029-9585-9036a95842af/build]   | -1
[17024651-cc74-4029-9585-9036a95842af/build]   | [INFO] Tests run: 6, Failures: 0, Errors: 0, Skipped: 0, Time elapsed: 0.005 s - in com.thealgorithms.searches.OrderAgnosticBinarySearchTest
[17024651-cc74-4029-9585-9036a95842af/build]   | [INFO] Running com.thealgorithms.searches.HowManyTimesRotatedTest
[17024651-cc74-4029-9585-9036a95842af/build]   | [INFO] Tests run: 1, Failures: 0, Errors: 0, Skipped: 0, Time elapsed: 0 s - in com.thealgorithms.searches.HowManyTimesRotatedTest
[17024651-cc74-4029-9585-9036a95842af/build]   | [INFO] Running com.thealgorithms.searches.RabinKarpAlgorithmTest
[17024651-cc74-4029-9585-9036a95842af/build]   | Pattern found at index 34
[17024651-cc74-4029-9585-9036a95842af/build]   | Pattern found at index 8
[17024651-cc74-4029-9585-9036a95842af/build]   | Pattern found at index 3
[17024651-cc74-4029-9585-9036a95842af/build]   | Pattern found at index 0
[17024651-cc74-4029-9585-9036a95842af/build]   | [INFO] Tests run: 5, Failures: 0, Errors: 0, Skipped: 0, Time elapsed: 0.009 s - in com.thealgorithms.searches.RabinKarpAlgorithmTest
[17024651-cc74-4029-9585-9036a95842af/build]   | [INFO] Running com.thealgorithms.searches.BinarySearch2dArrayTest
[17024651-cc74-4029-9585-9036a95842af/build]   | [1, 2]
[17024651-cc74-4029-9585-9036a95842af/build]   | [1, 3]
[17024651-cc74-4029-9585-9036a95842af/build]   | [2, 1]
[17024651-cc74-4029-9585-9036a95842af/build]   | [0, 1]
[17024651-cc74-4029-9585-9036a95842af/build]   | [1, 1]
[17024651-cc74-4029-9585-9036a95842af/build]   | [0, 1]
[17024651-cc74-4029-9585-9036a95842af/build]   | [-1, -1]
[17024651-cc74-4029-9585-9036a95842af/build]   | [2, 2]
[17024651-cc74-4029-9585-9036a95842af/build]   | [0, 2]
[17024651-cc74-4029-9585-9036a95842af/build]   | [0, 0]
[17024651-cc74-4029-9585-9036a95842af/build]   | [INFO] Tests run: 11, Failures: 0, Errors: 0, Skipped: 0, Time elapsed: 0.01 s - in com.thealgorithms.searches.BinarySearch2dArrayTest
[17024651-cc74-4029-9585-9036a95842af/build]   | [INFO] Running com.thealgorithms.searches.RowColumnWiseSorted2dArrayBinarySearchTest
[17024651-cc74-4029-9585-9036a95842af/build]   | [INFO] Tests run: 7, Failures: 0, Errors: 0, Skipped: 0, Time elapsed: 0.005 s - in com.thealgorithms.searches.RowColumnWiseSorted2dArrayBinarySearchTest
[17024651-cc74-4029-9585-9036a95842af/build]   | [INFO] Running com.thealgorithms.searches.BreadthFirstSearchTest
[17024651-cc74-4029-9585-9036a95842af/build]   | [INFO] Tests run: 3, Failures: 0, Errors: 0, Skipped: 0, Time elapsed: 0.003 s - in com.thealgorithms.searches.BreadthFirstSearchTest
[17024651-cc74-4029-9585-9036a95842af/build]   | [INFO] Running com.thealgorithms.searches.QuickSelectTest
[17024651-cc74-4029-9585-9036a95842af/build]   | [INFO] Tests run: 21, Failures: 0, Errors: 0, Skipped: 0, Time elapsed: 0.029 s - in com.thealgorithms.searches.QuickSelectTest
[17024651-cc74-4029-9585-9036a95842af/build]   | [INFO] Running com.thealgorithms.searches.KMPSearchTest
[17024651-cc74-4029-9585-9036a95842af/build]   | Found pattern at index 10
[17024651-cc74-4029-9585-9036a95842af/build]   | 10
[17024651-cc74-4029-9585-9036a95842af/build]   | No pattern found
[17024651-cc74-4029-9585-9036a95842af/build]   | -1
[17024651-cc74-4029-9585-9036a95842af/build]   | Found pattern at index 4
[17024651-cc74-4029-9585-9036a95842af/build]   | 4
[17024651-cc74-4029-9585-9036a95842af/build]   | Found pattern at index 0
[17024651-cc74-4029-9585-9036a95842af/build]   | 0
[17024651-cc74-4029-9585-9036a95842af/build]   | Found pattern at index 4
[17024651-cc74-4029-9585-9036a95842af/build]   | 4
[17024651-cc74-4029-9585-9036a95842af/build]   | [INFO] Tests run: 5, Failures: 0, Errors: 0, Skipped: 0, Time elapsed: 0.003 s - in com.thealgorithms.searches.KMPSearchTest
[17024651-cc74-4029-9585-9036a95842af/build]   | [INFO] Running com.thealgorithms.conversions.BinaryToHexadecimalTest
[17024651-cc74-4029-9585-9036a95842af/build]   | [INFO] Tests run: 1, Failures: 0, Errors: 0, Skipped: 0, Time elapsed: 0.001 s - in com.thealgorithms.conversions.BinaryToHexadecimalTest
[17024651-cc74-4029-9585-9036a95842af/build]   | [INFO] Running com.thealgorithms.conversions.BinaryToDecimalTest
[17024651-cc74-4029-9585-9036a95842af/build]   | [INFO] Tests run: 3, Failures: 0, Errors: 0, Skipped: 0, Time elapsed: 0.001 s - in com.thealgorithms.conversions.BinaryToDecimalTest
[17024651-cc74-4029-9585-9036a95842af/build]   | [INFO] Running com.thealgorithms.conversions.OctalToHexadecimalTest
[17024651-cc74-4029-9585-9036a95842af/build]   | [INFO] Tests run: 1, Failures: 0, Errors: 0, Skipped: 0, Time elapsed: 0.006 s - in com.thealgorithms.conversions.OctalToHexadecimalTest
[17024651-cc74-4029-9585-9036a95842af/build]   | [INFO] Running com.thealgorithms.conversions.HexaDecimalToBinaryTest
[17024651-cc74-4029-9585-9036a95842af/build]   | [INFO] Tests run: 1, Failures: 0, Errors: 0, Skipped: 0, Time elapsed: 0 s - in com.thealgorithms.conversions.HexaDecimalToBinaryTest
[17024651-cc74-4029-9585-9036a95842af/build]   | [INFO] Running com.thealgorithms.conversions.HexToOctTest
[17024651-cc74-4029-9585-9036a95842af/build]   | [INFO] Tests run: 1, Failures: 0, Errors: 0, Skipped: 0, Time elapsed: 0.014 s - in com.thealgorithms.conversions.HexToOctTest
[17024651-cc74-4029-9585-9036a95842af/build]   | [INFO] Running com.thealgorithms.conversions.BinaryToOctalTest
[17024651-cc74-4029-9585-9036a95842af/build]   | [INFO] Tests run: 1, Failures: 0, Errors: 0, Skipped: 0, Time elapsed: 0.001 s - in com.thealgorithms.conversions.BinaryToOctalTest
[17024651-cc74-4029-9585-9036a95842af/build]   | [INFO] Running com.thealgorithms.conversions.HexaDecimalToDecimalTest
[17024651-cc74-4029-9585-9036a95842af/build]   | [INFO] Tests run: 1, Failures: 0, Errors: 0, Skipped: 0, Time elapsed: 0.001 s - in com.thealgorithms.conversions.HexaDecimalToDecimalTest
[17024651-cc74-4029-9585-9036a95842af/build]   | [INFO] Running com.thealgorithms.conversions.OctalToBinaryTest
[17024651-cc74-4029-9585-9036a95842af/build]   | [INFO] Tests run: 1, Failures: 0, Errors: 0, Skipped: 0, Time elapsed: 0 s - in com.thealgorithms.conversions.OctalToBinaryTest
[17024651-cc74-4029-9585-9036a95842af/build]   | [INFO] Running com.thealgorithms.conversions.RomanToIntegerTest
[17024651-cc74-4029-9585-9036a95842af/build]   | [INFO] Tests run: 1, Failures: 0, Errors: 0, Skipped: 0, Time elapsed: 0.001 s - in com.thealgorithms.conversions.RomanToIntegerTest
[17024651-cc74-4029-9585-9036a95842af/build]   | [INFO] Running com.thealgorithms.conversions.IntegerToRomanTest
[17024651-cc74-4029-9585-9036a95842af/build]   | [INFO] Tests run: 1, Failures: 0, Errors: 0, Skipped: 0, Time elapsed: 0 s - in com.thealgorithms.conversions.IntegerToRomanTest
[17024651-cc74-4029-9585-9036a95842af/build]   | [INFO] Running com.thealgorithms.conversions.DecimalToHexaDecimalTest
[17024651-cc74-4029-9585-9036a95842af/build]   | [INFO] Tests run: 1, Failures: 0, Errors: 0, Skipped: 0, Time elapsed: 0.001 s - in com.thealgorithms.conversions.DecimalToHexaDecimalTest
[17024651-cc74-4029-9585-9036a95842af/build]   | [INFO] Running com.thealgorithms.conversions.OctalToDecimalTest
[17024651-cc74-4029-9585-9036a95842af/build]   | [INFO] Tests run: 1, Failures: 0, Errors: 0, Skipped: 0, Time elapsed: 0.001 s - in com.thealgorithms.conversions.OctalToDecimalTest
[17024651-cc74-4029-9585-9036a95842af/build]   | [INFO] Running com.thealgorithms.backtracking.AllPathsFromSourceToTargetTest
[17024651-cc74-4029-9585-9036a95842af/build]   | [INFO] Tests run: 4, Failures: 0, Errors: 0, Skipped: 0, Time elapsed: 0.003 s - in com.thealgorithms.backtracking.AllPathsFromSourceToTargetTest
[17024651-cc74-4029-9585-9036a95842af/build]   | [INFO] Running com.thealgorithms.backtracking.WordSearchTest
[17024651-cc74-4029-9585-9036a95842af/build]   | [INFO] Tests run: 3, Failures: 0, Errors: 0, Skipped: 0, Time elapsed: 0.001 s - in com.thealgorithms.backtracking.WordSearchTest
[17024651-cc74-4029-9585-9036a95842af/build]   | [INFO] Running com.thealgorithms.backtracking.CombinationTest
[17024651-cc74-4029-9585-9036a95842af/build]   | [INFO] Tests run: 3, Failures: 0, Errors: 0, Skipped: 0, Time elapsed: 0.001 s - in com.thealgorithms.backtracking.CombinationTest
[17024651-cc74-4029-9585-9036a95842af/build]   | [INFO] Running com.thealgorithms.backtracking.PowerSumTest
[17024651-cc74-4029-9585-9036a95842af/build]   | [INFO] Tests run: 3, Failures: 0, Errors: 0, Skipped: 0, Time elapsed: 0.002 s - in com.thealgorithms.backtracking.PowerSumTest
[17024651-cc74-4029-9585-9036a95842af/build]   | [INFO] Running com.thealgorithms.backtracking.MazeRecursionTest
[17024651-cc74-4029-9585-9036a95842af/build]   | [INFO] Tests run: 1, Failures: 0, Errors: 0, Skipped: 0, Time elapsed: 0.001 s - in com.thealgorithms.backtracking.MazeRecursionTest
[17024651-cc74-4029-9585-9036a95842af/build]   | [INFO] Running com.thealgorithms.backtracking.FloodFillTest
[17024651-cc74-4029-9585-9036a95842af/build]   | [INFO] Tests run: 5, Failures: 0, Errors: 0, Skipped: 0, Time elapsed: 0.002 s - in com.thealgorithms.backtracking.FloodFillTest
[17024651-cc74-4029-9585-9036a95842af/build]   | [INFO] Running com.thealgorithms.backtracking.PermutationTest
[17024651-cc74-4029-9585-9036a95842af/build]   | [INFO] Tests run: 3, Failures: 0, Errors: 0, Skipped: 0, Time elapsed: 0.001 s - in com.thealgorithms.backtracking.PermutationTest
[17024651-cc74-4029-9585-9036a95842af/build]   | [INFO] Running com.thealgorithms.backtracking.ArrayCombinationTest
[17024651-cc74-4029-9585-9036a95842af/build]   | [INFO] Tests run: 5, Failures: 0, Errors: 0, Skipped: 0, Time elapsed: 0.009 s - in com.thealgorithms.backtracking.ArrayCombinationTest
[17024651-cc74-4029-9585-9036a95842af/build]   | [INFO] Running com.thealgorithms.sorts.BucketSortTest
[17024651-cc74-4029-9585-9036a95842af/build]   | [INFO] Tests run: 5, Failures: 0, Errors: 0, Skipped: 0, Time elapsed: 0.003 s - in com.thealgorithms.sorts.BucketSortTest
[17024651-cc74-4029-9585-9036a95842af/build]   | [INFO] Running com.thealgorithms.sorts.SlowSortTest
[17024651-cc74-4029-9585-9036a95842af/build]   | [INFO] Tests run: 8, Failures: 0, Errors: 0, Skipped: 0, Time elapsed: 0.005 s - in com.thealgorithms.sorts.SlowSortTest
[17024651-cc74-4029-9585-9036a95842af/build]   | [INFO] Running com.thealgorithms.sorts.DutchNationalFlagSortTest
[17024651-cc74-4029-9585-9036a95842af/build]   | [INFO] Tests run: 8, Failures: 0, Errors: 0, Skipped: 0, Time elapsed: 0.003 s - in com.thealgorithms.sorts.DutchNationalFlagSortTest
[17024651-cc74-4029-9585-9036a95842af/build]   | [INFO] Running com.thealgorithms.sorts.MergeSortRecursiveTest
[17024651-cc74-4029-9585-9036a95842af/build]   | [INFO] Tests run: 2, Failures: 0, Errors: 0, Skipped: 0, Time elapsed: 0.002 s - in com.thealgorithms.sorts.MergeSortRecursiveTest
[17024651-cc74-4029-9585-9036a95842af/build]   | [INFO] Running com.thealgorithms.sorts.StrandSortTest
[17024651-cc74-4029-9585-9036a95842af/build]   | [INFO] Tests run: 2, Failures: 0, Errors: 0, Skipped: 0, Time elapsed: 0.001 s - in com.thealgorithms.sorts.StrandSortTest
[17024651-cc74-4029-9585-9036a95842af/build]   | [INFO] Running com.thealgorithms.sorts.CocktailShakerSortTest
[17024651-cc74-4029-9585-9036a95842af/build]   | [INFO] Tests run: 4, Failures: 0, Errors: 0, Skipped: 0, Time elapsed: 0.002 s - in com.thealgorithms.sorts.CocktailShakerSortTest
[17024651-cc74-4029-9585-9036a95842af/build]   | [INFO] Running com.thealgorithms.sorts.SortUtilsTest
[17024651-cc74-4029-9585-9036a95842af/build]   | [INFO] Tests run: 6, Failures: 0, Errors: 0, Skipped: 0, Time elapsed: 0.003 s - in com.thealgorithms.sorts.SortUtilsTest
[17024651-cc74-4029-9585-9036a95842af/build]   | [INFO] Running com.thealgorithms.sorts.ShellSortTest
[17024651-cc74-4029-9585-9036a95842af/build]   | [INFO] Tests run: 7, Failures: 0, Errors: 0, Skipped: 0, Time elapsed: 0.004 s - in com.thealgorithms.sorts.ShellSortTest
[17024651-cc74-4029-9585-9036a95842af/build]   | [INFO] Running com.thealgorithms.sorts.InsertionSortTest
[17024651-cc74-4029-9585-9036a95842af/build]   | [INFO] Tests run: 7, Failures: 0, Errors: 0, Skipped: 0, Time elapsed: 0.415 s - in com.thealgorithms.sorts.InsertionSortTest
[17024651-cc74-4029-9585-9036a95842af/build]   | [INFO] Running com.thealgorithms.sorts.TopologicalSortTest
[17024651-cc74-4029-9585-9036a95842af/build]   | [INFO] Tests run: 2, Failures: 0, Errors: 0, Skipped: 0, Time elapsed: 0.005 s - in com.thealgorithms.sorts.TopologicalSortTest
[17024651-cc74-4029-9585-9036a95842af/build]   | [INFO] Running com.thealgorithms.sorts.BogoSortTest
[17024651-cc74-4029-9585-9036a95842af/build]   | [INFO] Tests run: 7, Failures: 0, Errors: 0, Skipped: 0, Time elapsed: 0.018 s - in com.thealgorithms.sorts.BogoSortTest
[17024651-cc74-4029-9585-9036a95842af/build]   | [INFO] Running com.thealgorithms.sorts.TimSortTest
[17024651-cc74-4029-9585-9036a95842af/build]   | [INFO] Tests run: 16, Failures: 0, Errors: 0, Skipped: 0, Time elapsed: 0.008 s - in com.thealgorithms.sorts.TimSortTest
[17024651-cc74-4029-9585-9036a95842af/build]   | [INFO] Running com.thealgorithms.sorts.DualPivotQuickSortTest
[17024651-cc74-4029-9585-9036a95842af/build]   | [INFO] Tests run: 6, Failures: 0, Errors: 0, Skipped: 0, Time elapsed: 0.002 s - in com.thealgorithms.sorts.DualPivotQuickSortTest
[17024651-cc74-4029-9585-9036a95842af/build]   | [INFO] Running com.thealgorithms.sorts.SimpleSortTest
[17024651-cc74-4029-9585-9036a95842af/build]   | [INFO] Tests run: 7, Failures: 0, Errors: 0, Skipped: 0, Time elapsed: 0.002 s - in com.thealgorithms.sorts.SimpleSortTest
[17024651-cc74-4029-9585-9036a95842af/build]   | [INFO] Running com.thealgorithms.sorts.IntrospectiveSortTest
[17024651-cc74-4029-9585-9036a95842af/build]   | [INFO] Tests run: 7, Failures: 0, Errors: 0, Skipped: 0, Time elapsed: 0.003 s - in com.thealgorithms.sorts.IntrospectiveSortTest
[17024651-cc74-4029-9585-9036a95842af/build]   | [INFO] Running com.thealgorithms.sorts.BinaryInsertionSortTest
[17024651-cc74-4029-9585-9036a95842af/build]   | [INFO] Tests run: 2, Failures: 0, Errors: 0, Skipped: 0, Time elapsed: 0 s - in com.thealgorithms.sorts.BinaryInsertionSortTest
[17024651-cc74-4029-9585-9036a95842af/build]   | [INFO] Running com.thealgorithms.sorts.WiggleSortTest
[17024651-cc74-4029-9585-9036a95842af/build]   | [2, 5, 1, 2, 1, 2]
[17024651-cc74-4029-9585-9036a95842af/build]   | [INFO] Tests run: 7, Failures: 0, Errors: 0, Skipped: 0, Time elapsed: 0.004 s - in com.thealgorithms.sorts.WiggleSortTest
[17024651-cc74-4029-9585-9036a95842af/build]   | [INFO] Running com.thealgorithms.sorts.BubbleSortTest
[17024651-cc74-4029-9585-9036a95842af/build]   | [INFO] Tests run: 5, Failures: 0, Errors: 0, Skipped: 0, Time elapsed: 0.001 s - in com.thealgorithms.sorts.BubbleSortTest
[17024651-cc74-4029-9585-9036a95842af/build]   | [INFO] Running com.thealgorithms.sorts.HeapSortTest
[17024651-cc74-4029-9585-9036a95842af/build]   | [INFO] Tests run: 16, Failures: 0, Errors: 0, Skipped: 0, Time elapsed: 0.025 s - in com.thealgorithms.sorts.HeapSortTest
[17024651-cc74-4029-9585-9036a95842af/build]   | [INFO] Running com.thealgorithms.sorts.OddEvenSortTest
[17024651-cc74-4029-9585-9036a95842af/build]   | [INFO] Tests run: 3, Failures: 0, Errors: 0, Skipped: 0, Time elapsed: 0 s - in com.thealgorithms.sorts.OddEvenSortTest
[17024651-cc74-4029-9585-9036a95842af/build]   | [INFO] Running com.thealgorithms.sorts.BeadSortTest
[17024651-cc74-4029-9585-9036a95842af/build]   | [INFO] Tests run: 4, Failures: 0, Errors: 0, Skipped: 0, Time elapsed: 0.001 s - in com.thealgorithms.sorts.BeadSortTest
[17024651-cc74-4029-9585-9036a95842af/build]   | [INFO] Running com.thealgorithms.sorts.TreeSortTest
[17024651-cc74-4029-9585-9036a95842af/build]   | [INFO] Tests run: 5, Failures: 0, Errors: 0, Skipped: 0, Time elapsed: 0.002 s - in com.thealgorithms.sorts.TreeSortTest
[17024651-cc74-4029-9585-9036a95842af/build]   | [INFO] Running com.thealgorithms.sorts.MergeSortTest
[17024651-cc74-4029-9585-9036a95842af/build]   | [INFO] Tests run: 16, Failures: 0, Errors: 0, Skipped: 0, Time elapsed: 0.02 s - in com.thealgorithms.sorts.MergeSortTest
[17024651-cc74-4029-9585-9036a95842af/build]   | [INFO] Running com.thealgorithms.sorts.QuickSortTest
[17024651-cc74-4029-9585-9036a95842af/build]   | [INFO] Tests run: 16, Failures: 0, Errors: 0, Skipped: 0, Time elapsed: 0.022 s - in com.thealgorithms.sorts.QuickSortTest
[17024651-cc74-4029-9585-9036a95842af/build]   | [INFO] Running com.thealgorithms.sorts.SelectionSortTest
[17024651-cc74-4029-9585-9036a95842af/build]   | [INFO] Tests run: 3, Failures: 0, Errors: 0, Skipped: 0, Time elapsed: 0.001 s - in com.thealgorithms.sorts.SelectionSortTest
[17024651-cc74-4029-9585-9036a95842af/build]   | [INFO] Running com.thealgorithms.sorts.CombSortTest
[17024651-cc74-4029-9585-9036a95842af/build]   | [INFO] Tests run: 5, Failures: 0, Errors: 0, Skipped: 0, Time elapsed: 0.001 s - in com.thealgorithms.sorts.CombSortTest
[17024651-cc74-4029-9585-9036a95842af/build]   | [INFO] Running com.thealgorithms.sorts.SortUtilsRandomGeneratorTest
[17024651-cc74-4029-9585-9036a95842af/build]   | [INFO] Tests run: 2001, Failures: 0, Errors: 0, Skipped: 0, Time elapsed: 0.737 s - in com.thealgorithms.sorts.SortUtilsRandomGeneratorTest
[17024651-cc74-4029-9585-9036a95842af/build]   | [INFO] Running com.thealgorithms.others.CRCAlgorithmTest
[17024651-cc74-4029-9585-9036a95842af/build]   | [INFO] Tests run: 2, Failures: 0, Errors: 0, Skipped: 0, Time elapsed: 0 s - in com.thealgorithms.others.CRCAlgorithmTest
[17024651-cc74-4029-9585-9036a95842af/build]   | [INFO] Running com.thealgorithms.others.ConwayTest
[17024651-cc74-4029-9585-9036a95842af/build]   | [INFO] Tests run: 6, Failures: 0, Errors: 0, Skipped: 0, Time elapsed: 0.001 s - in com.thealgorithms.others.ConwayTest
[17024651-cc74-4029-9585-9036a95842af/build]   | [INFO] Running com.thealgorithms.others.EulersFunctionTest
[17024651-cc74-4029-9585-9036a95842af/build]   | [INFO] Tests run: 2, Failures: 0, Errors: 0, Skipped: 0, Time elapsed: 0 s - in com.thealgorithms.others.EulersFunctionTest
[17024651-cc74-4029-9585-9036a95842af/build]   | [INFO] Running com.thealgorithms.others.KadaneAlogrithmTest
[17024651-cc74-4029-9585-9036a95842af/build]   | [INFO] Tests run: 8, Failures: 0, Errors: 0, Skipped: 0, Time elapsed: 0 s - in com.thealgorithms.others.KadaneAlogrithmTest
[17024651-cc74-4029-9585-9036a95842af/build]   | [INFO] Running com.thealgorithms.others.PasswordGenTest
[17024651-cc74-4029-9585-9036a95842af/build]   | [INFO] Tests run: 4, Failures: 0, Errors: 0, Skipped: 0, Time elapsed: 0.008 s - in com.thealgorithms.others.PasswordGenTest
[17024651-cc74-4029-9585-9036a95842af/build]   | [INFO] Running com.thealgorithms.others.cn.HammingDistanceTest
[17024651-cc74-4029-9585-9036a95842af/build]   | [INFO] Tests run: 10, Failures: 0, Errors: 0, Skipped: 0, Time elapsed: 0.007 s - in com.thealgorithms.others.cn.HammingDistanceTest
[17024651-cc74-4029-9585-9036a95842af/build]   | [INFO] Running com.thealgorithms.others.ArrayLeftRotationTest
[17024651-cc74-4029-9585-9036a95842af/build]   | [INFO] Tests run: 5, Failures: 0, Errors: 0, Skipped: 0, Time elapsed: 0.001 s - in com.thealgorithms.others.ArrayLeftRotationTest
[17024651-cc74-4029-9585-9036a95842af/build]   | [INFO] Running com.thealgorithms.others.CountWordsTest
[17024651-cc74-4029-9585-9036a95842af/build]   | [INFO] Tests run: 2, Failures: 0, Errors: 0, Skipped: 0, Time elapsed: 0.002 s - in com.thealgorithms.others.CountWordsTest
[17024651-cc74-4029-9585-9036a95842af/build]   | [INFO] Running com.thealgorithms.others.SieveOfEratosthenesTest
[17024651-cc74-4029-9585-9036a95842af/build]   | [INFO] Tests run: 6, Failures: 0, Errors: 0, Skipped: 0, Time elapsed: 0.005 s - in com.thealgorithms.others.SieveOfEratosthenesTest
[17024651-cc74-4029-9585-9036a95842af/build]   | [INFO] Running com.thealgorithms.others.LowestBasePalindromeTest
[17024651-cc74-4029-9585-9036a95842af/build]   | [INFO] Tests run: 7, Failures: 0, Errors: 0, Skipped: 0, Time elapsed: 0.004 s - in com.thealgorithms.others.LowestBasePalindromeTest
[17024651-cc74-4029-9585-9036a95842af/build]   | [INFO] Running com.thealgorithms.others.WorstFitCPUTest
[17024651-cc74-4029-9585-9036a95842af/build]   | [INFO] Tests run: 6, Failures: 0, Errors: 0, Skipped: 0, Time elapsed: 0.001 s - in com.thealgorithms.others.WorstFitCPUTest
[17024651-cc74-4029-9585-9036a95842af/build]   | [INFO] Running com.thealgorithms.others.UniquePathsTests
[17024651-cc74-4029-9585-9036a95842af/build]   | [INFO] Tests run: 8, Failures: 0, Errors: 0, Skipped: 0, Time elapsed: 0.001 s - in com.thealgorithms.others.UniquePathsTests
[17024651-cc74-4029-9585-9036a95842af/build]   | [INFO] Running com.thealgorithms.others.BestFitCPUTest
[17024651-cc74-4029-9585-9036a95842af/build]   | [INFO] Tests run: 5, Failures: 0, Errors: 0, Skipped: 0, Time elapsed: 0.002 s - in com.thealgorithms.others.BestFitCPUTest
[17024651-cc74-4029-9585-9036a95842af/build]   | [INFO] Running com.thealgorithms.others.CalculateMaxOfMinTest
[17024651-cc74-4029-9585-9036a95842af/build]   | [INFO] Tests run: 7, Failures: 0, Errors: 0, Skipped: 0, Time elapsed: 0.003 s - in com.thealgorithms.others.CalculateMaxOfMinTest
[17024651-cc74-4029-9585-9036a95842af/build]   | [INFO] Running com.thealgorithms.others.TestPrintMatrixInSpiralOrder
[17024651-cc74-4029-9585-9036a95842af/build]   | [INFO] Tests run: 2, Failures: 0, Errors: 0, Skipped: 0, Time elapsed: 0 s - in com.thealgorithms.others.TestPrintMatrixInSpiralOrder
[17024651-cc74-4029-9585-9036a95842af/build]   | [INFO] Running com.thealgorithms.others.LineSweepTest
[17024651-cc74-4029-9585-9036a95842af/build]   | [INFO] Tests run: 4, Failures: 0, Errors: 0, Skipped: 0, Time elapsed: 0.002 s - in com.thealgorithms.others.LineSweepTest
[17024651-cc74-4029-9585-9036a95842af/build]   | [INFO] Running com.thealgorithms.others.StackPostfixNotationTest
[17024651-cc74-4029-9585-9036a95842af/build]   | [INFO] Tests run: 6, Failures: 0, Errors: 0, Skipped: 0, Time elapsed: 0.019 s - in com.thealgorithms.others.StackPostfixNotationTest
[17024651-cc74-4029-9585-9036a95842af/build]   | [INFO] Running com.thealgorithms.others.LinkListSortTest
[17024651-cc74-4029-9585-9036a95842af/build]   | [INFO] Tests run: 8, Failures: 0, Errors: 0, Skipped: 0, Time elapsed: 0.005 s - in com.thealgorithms.others.LinkListSortTest
[17024651-cc74-4029-9585-9036a95842af/build]   | [INFO] Running com.thealgorithms.others.countSetBitsTest
[17024651-cc74-4029-9585-9036a95842af/build]   | [INFO] Tests run: 1, Failures: 0, Errors: 0, Skipped: 0, Time elapsed: 0 s - in com.thealgorithms.others.countSetBitsTest
[17024651-cc74-4029-9585-9036a95842af/build]   | [INFO] Running com.thealgorithms.others.FirstFitCPUTest
[17024651-cc74-4029-9585-9036a95842af/build]   | [INFO] Tests run: 5, Failures: 0, Errors: 0, Skipped: 0, Time elapsed: 0.001 s - in com.thealgorithms.others.FirstFitCPUTest
[17024651-cc74-4029-9585-9036a95842af/build]   | [INFO] Running com.thealgorithms.others.NextFitCPUTest
[17024651-cc74-4029-9585-9036a95842af/build]   | [INFO] Tests run: 5, Failures: 0, Errors: 0, Skipped: 0, Time elapsed: 0 s - in com.thealgorithms.others.NextFitCPUTest
[17024651-cc74-4029-9585-9036a95842af/build]   | [INFO] Running com.thealgorithms.others.CountCharTest
[17024651-cc74-4029-9585-9036a95842af/build]   | [INFO] Tests run: 1, Failures: 0, Errors: 0, Skipped: 0, Time elapsed: 0 s - in com.thealgorithms.others.CountCharTest
[17024651-cc74-4029-9585-9036a95842af/build]   | [INFO] Running com.thealgorithms.others.NewManShanksPrimeTest
[17024651-cc74-4029-9585-9036a95842af/build]   | [INFO] Tests run: 8, Failures: 0, Errors: 0, Skipped: 0, Time elapsed: 0.001 s - in com.thealgorithms.others.NewManShanksPrimeTest
[17024651-cc74-4029-9585-9036a95842af/build]   | [INFO] Running com.thealgorithms.others.CountFriendsPairingTest
[17024651-cc74-4029-9585-9036a95842af/build]   | [INFO] Tests run: 8, Failures: 0, Errors: 0, Skipped: 0, Time elapsed: 0.001 s - in com.thealgorithms.others.CountFriendsPairingTest
[17024651-cc74-4029-9585-9036a95842af/build]   | [INFO] Running com.thealgorithms.others.CRC16Test
[17024651-cc74-4029-9585-9036a95842af/build]   | [INFO] Tests run: 1, Failures: 0, Errors: 0, Skipped: 0, Time elapsed: 0 s - in com.thealgorithms.others.CRC16Test
[17024651-cc74-4029-9585-9036a95842af/build]   | [INFO] Running com.thealgorithms.others.TwoPointersTest
[17024651-cc74-4029-9585-9036a95842af/build]   | [INFO] Tests run: 5, Failures: 0, Errors: 0, Skipped: 0, Time elapsed: 0.001 s - in com.thealgorithms.others.TwoPointersTest
[17024651-cc74-4029-9585-9036a95842af/build]   | [INFO] Running com.thealgorithms.strings.UpperTest
[17024651-cc74-4029-9585-9036a95842af/build]   | [INFO] Tests run: 1, Failures: 0, Errors: 0, Skipped: 0, Time elapsed: 0 s - in com.thealgorithms.strings.UpperTest
[17024651-cc74-4029-9585-9036a95842af/build]   | [INFO] Running com.thealgorithms.strings.HorspoolSearchTest
[17024651-cc74-4029-9585-9036a95842af/build]   | [INFO] Tests run: 13, Failures: 0, Errors: 0, Skipped: 0, Time elapsed: 0 s - in com.thealgorithms.strings.HorspoolSearchTest
[17024651-cc74-4029-9585-9036a95842af/build]   | [INFO] Running com.thealgorithms.strings.ReverseStringRecursiveTest
[17024651-cc74-4029-9585-9036a95842af/build]   | [INFO] Tests run: 3, Failures: 0, Errors: 0, Skipped: 0, Time elapsed: 0 s - in com.thealgorithms.strings.ReverseStringRecursiveTest
[17024651-cc74-4029-9585-9036a95842af/build]   | [INFO] Running com.thealgorithms.strings.WordLadderTest
[17024651-cc74-4029-9585-9036a95842af/build]   | [INFO] Tests run: 1, Failures: 0, Errors: 0, Skipped: 0, Time elapsed: 0 s - in com.thealgorithms.strings.WordLadderTest
[17024651-cc74-4029-9585-9036a95842af/build]   | [INFO] Running com.thealgorithms.strings.HammingDistanceTest
[17024651-cc74-4029-9585-9036a95842af/build]   | [INFO] Tests run: 2, Failures: 0, Errors: 0, Skipped: 0, Time elapsed: 0 s - in com.thealgorithms.strings.HammingDistanceTest
[17024651-cc74-4029-9585-9036a95842af/build]   | [INFO] Running com.thealgorithms.strings.PalindromeTest
[17024651-cc74-4029-9585-9036a95842af/build]   | [INFO] Tests run: 1, Failures: 0, Errors: 0, Skipped: 0, Time elapsed: 0 s - in com.thealgorithms.strings.PalindromeTest
[17024651-cc74-4029-9585-9036a95842af/build]   | [INFO] Running com.thealgorithms.strings.RotationTest
[17024651-cc74-4029-9585-9036a95842af/build]   | [INFO] Tests run: 1, Failures: 0, Errors: 0, Skipped: 0, Time elapsed: 0 s - in com.thealgorithms.strings.RotationTest
[17024651-cc74-4029-9585-9036a95842af/build]   | [INFO] Running com.thealgorithms.strings.CheckVowelsTest
[17024651-cc74-4029-9585-9036a95842af/build]   | [INFO] Tests run: 1, Failures: 0, Errors: 0, Skipped: 0, Time elapsed: 0 s - in com.thealgorithms.strings.CheckVowelsTest
[17024651-cc74-4029-9585-9036a95842af/build]   | [INFO] Running com.thealgorithms.strings.zigZagPattern.zigZagPatternTest
[17024651-cc74-4029-9585-9036a95842af/build]   | [INFO] Tests run: 1, Failures: 0, Errors: 0, Skipped: 0, Time elapsed: 0 s - in com.thealgorithms.strings.zigZagPattern.zigZagPatternTest
[17024651-cc74-4029-9585-9036a95842af/build]   | [INFO] Running com.thealgorithms.strings.ValidParenthesesTest
[17024651-cc74-4029-9585-9036a95842af/build]   | [INFO] Tests run: 3, Failures: 0, Errors: 0, Skipped: 0, Time elapsed: 0 s - in com.thealgorithms.strings.ValidParenthesesTest
[17024651-cc74-4029-9585-9036a95842af/build]   | [INFO] Running com.thealgorithms.strings.LowerTest
[17024651-cc74-4029-9585-9036a95842af/build]   | [INFO] Tests run: 1, Failures: 0, Errors: 0, Skipped: 0, Time elapsed: 0 s - in com.thealgorithms.strings.LowerTest
[17024651-cc74-4029-9585-9036a95842af/build]   | [INFO] Running com.thealgorithms.strings.ReverseStringTest
[17024651-cc74-4029-9585-9036a95842af/build]   | [INFO] Tests run: 1, Failures: 0, Errors: 0, Skipped: 0, Time elapsed: 0 s - in com.thealgorithms.strings.ReverseStringTest
[17024651-cc74-4029-9585-9036a95842af/build]   | [INFO] Running com.thealgorithms.strings.CheckAnagramsTest
[17024651-cc74-4029-9585-9036a95842af/build]   | [INFO] Tests run: 8, Failures: 0, Errors: 0, Skipped: 0, Time elapsed: 0.001 s - in com.thealgorithms.strings.CheckAnagramsTest
[17024651-cc74-4029-9585-9036a95842af/build]   | [INFO] Running com.thealgorithms.strings.PangramTest
[17024651-cc74-4029-9585-9036a95842af/build]   | [INFO] Tests run: 1, Failures: 0, Errors: 0, Skipped: 0, Time elapsed: 0 s - in com.thealgorithms.strings.PangramTest
[17024651-cc74-4029-9585-9036a95842af/build]   | [INFO] Running com.thealgorithms.strings.MyAtoiTest
[17024651-cc74-4029-9585-9036a95842af/build]   | [INFO] Tests run: 7, Failures: 0, Errors: 0, Skipped: 0, Time elapsed: 0.002 s - in com.thealgorithms.strings.MyAtoiTest
[17024651-cc74-4029-9585-9036a95842af/build]   | [INFO] Running com.thealgorithms.strings.LetterCombinationsOfPhoneNumberTest
[17024651-cc74-4029-9585-9036a95842af/build]   | [INFO] Tests run: 1, Failures: 0, Errors: 0, Skipped: 0, Time elapsed: 0 s - in com.thealgorithms.strings.LetterCombinationsOfPhoneNumberTest
[17024651-cc74-4029-9585-9036a95842af/build]   | [INFO] Running com.thealgorithms.strings.AnagramsTest
[17024651-cc74-4029-9585-9036a95842af/build]   | [INFO] Tests run: 1, Failures: 0, Errors: 0, Skipped: 0, Time elapsed: 0 s - in com.thealgorithms.strings.AnagramsTest
[17024651-cc74-4029-9585-9036a95842af/build]   | [INFO] Running com.thealgorithms.strings.StringCompressionTest
[17024651-cc74-4029-9585-9036a95842af/build]   | [INFO] Tests run: 4, Failures: 0, Errors: 0, Skipped: 0, Time elapsed: 0.01 s - in com.thealgorithms.strings.StringCompressionTest
[17024651-cc74-4029-9585-9036a95842af/build]   | [INFO] Running com.thealgorithms.strings.CharacterSameTest
[17024651-cc74-4029-9585-9036a95842af/build]   | [INFO] Tests run: 1, Failures: 0, Errors: 0, Skipped: 0, Time elapsed: 0 s - in com.thealgorithms.strings.CharacterSameTest
[17024651-cc74-4029-9585-9036a95842af/build]   | [INFO] Running com.thealgorithms.strings.longestNonRepeativeSubstringTest
[17024651-cc74-4029-9585-9036a95842af/build]   | [INFO] Tests run: 1, Failures: 0, Errors: 0, Skipped: 0, Time elapsed: 0 s - in com.thealgorithms.strings.longestNonRepeativeSubstringTest
[17024651-cc74-4029-9585-9036a95842af/build]   | [INFO] Running com.thealgorithms.strings.AlphabeticalTest
[17024651-cc74-4029-9585-9036a95842af/build]   | [INFO] Tests run: 1, Failures: 0, Errors: 0, Skipped: 0, Time elapsed: 0 s - in com.thealgorithms.strings.AlphabeticalTest
[17024651-cc74-4029-9585-9036a95842af/build]   | [INFO] Running com.thealgorithms.datastructures.heaps.FibonacciHeapTest
[17024651-cc74-4029-9585-9036a95842af/build]   | [INFO] Tests run: 1, Failures: 0, Errors: 0, Skipped: 0, Time elapsed: 0 s - in com.thealgorithms.datastructures.heaps.FibonacciHeapTest
[17024651-cc74-4029-9585-9036a95842af/build]   | [INFO] Running com.thealgorithms.datastructures.heaps.LeftistHeapTest
[17024651-cc74-4029-9585-9036a95842af/build]   | [INFO] Tests run: 1, Failures: 0, Errors: 0, Skipped: 0, Time elapsed: 0 s - in com.thealgorithms.datastructures.heaps.LeftistHeapTest
[17024651-cc74-4029-9585-9036a95842af/build]   | [INFO] Running com.thealgorithms.datastructures.bloomfilter.BloomFilterTest
[17024651-cc74-4029-9585-9036a95842af/build]   | [INFO] Tests run: 2, Failures: 0, Errors: 0, Skipped: 0, Time elapsed: 0.001 s - in com.thealgorithms.datastructures.bloomfilter.BloomFilterTest
[17024651-cc74-4029-9585-9036a95842af/build]   | [INFO] Running com.thealgorithms.datastructures.buffers.CircularBufferTest
[17024651-cc74-4029-9585-9036a95842af/build]   | [INFO] Tests run: 1004, Failures: 0, Errors: 0, Skipped: 0, Time elapsed: 1.074 s - in com.thealgorithms.datastructures.buffers.CircularBufferTest
[17024651-cc74-4029-9585-9036a95842af/build]   | [INFO] Running com.thealgorithms.datastructures.queues.PriorityQueuesTest
[17024651-cc74-4029-9585-9036a95842af/build]   | [INFO] Tests run: 3, Failures: 0, Errors: 0, Skipped: 0, Time elapsed: 0 s - in com.thealgorithms.datastructures.queues.PriorityQueuesTest
[17024651-cc74-4029-9585-9036a95842af/build]   | [INFO] Running com.thealgorithms.datastructures.queues.LinkedQueueTest
[17024651-cc74-4029-9585-9036a95842af/build]   | [INFO] Tests run: 1, Failures: 0, Errors: 0, Skipped: 0, Time elapsed: 0 s - in com.thealgorithms.datastructures.queues.LinkedQueueTest
[17024651-cc74-4029-9585-9036a95842af/build]   | [INFO] Running com.thealgorithms.datastructures.lists.SkipListTest
[17024651-cc74-4029-9585-9036a95842af/build]   | [ ] --- --- --- --- 
[17024651-cc74-4029-9585-9036a95842af/build]   | [ ] --- --- --- --- 
[17024651-cc74-4029-9585-9036a95842af/build]   | [ ] --- --- --- --- 
[17024651-cc74-4029-9585-9036a95842af/build]   | [ ] --- --- --- --- 
[17024651-cc74-4029-9585-9036a95842af/build]   | [ ] --- --- --- --- 
[17024651-cc74-4029-9585-9036a95842af/build]   | [ ] --- --- --- --- 
[17024651-cc74-4029-9585-9036a95842af/build]   | [ ] --- [ ] [ ] --- 
[17024651-cc74-4029-9585-9036a95842af/build]   | [ ] [ ] [ ] [ ] [ ] 
[17024651-cc74-4029-9585-9036a95842af/build]   |  H   0   1   2   3
[17024651-cc74-4029-9585-9036a95842af/build]   | 
[17024651-cc74-4029-9585-9036a95842af/build]   | [ ] --- --- --- --- --- --- --- --- --- --- --- 
[17024651-cc74-4029-9585-9036a95842af/build]   | [ ] --- --- --- --- --- --- --- --- --- --- --- 
[17024651-cc74-4029-9585-9036a95842af/build]   | [ ] --- --- --- --- --- --- --- --- --- --- --- 
[17024651-cc74-4029-9585-9036a95842af/build]   | [ ] --- --- --- [ ] --- --- --- --- --- --- --- 
[17024651-cc74-4029-9585-9036a95842af/build]   | [ ] --- --- --- [ ] --- --- --- --- --- --- --- 
[17024651-cc74-4029-9585-9036a95842af/build]   | [ ] --- --- --- [ ] --- --- --- --- --- --- --- 
[17024651-cc74-4029-9585-9036a95842af/build]   | [ ] --- --- --- [ ] [ ] [ ] --- [ ] [ ] --- --- 
[17024651-cc74-4029-9585-9036a95842af/build]   | [ ] [ ] [ ] [ ] [ ] [ ] [ ] [ ] [ ] [ ] [ ] [ ] 
[17024651-cc74-4029-9585-9036a95842af/build]   |  H   0   1   2   3   4   5   6   7   8   9  10
[17024651-cc74-4029-9585-9036a95842af/build]   | 
[17024651-cc74-4029-9585-9036a95842af/build]   | [ ] --- 
[17024651-cc74-4029-9585-9036a95842af/build]   | [ ] --- 
[17024651-cc74-4029-9585-9036a95842af/build]   | [ ] --- 
[17024651-cc74-4029-9585-9036a95842af/build]   | [ ] --- 
[17024651-cc74-4029-9585-9036a95842af/build]   | [ ] --- 
[17024651-cc74-4029-9585-9036a95842af/build]   | [ ] --- 
[17024651-cc74-4029-9585-9036a95842af/build]   | [ ] --- 
[17024651-cc74-4029-9585-9036a95842af/build]   | [ ] [ ] 
[17024651-cc74-4029-9585-9036a95842af/build]   |  H   0
[17024651-cc74-4029-9585-9036a95842af/build]   | 
[17024651-cc74-4029-9585-9036a95842af/build]   | [ ] --- 
[17024651-cc74-4029-9585-9036a95842af/build]   | [ ] --- 
[17024651-cc74-4029-9585-9036a95842af/build]   | [ ] --- 
[17024651-cc74-4029-9585-9036a95842af/build]   | [ ] --- 
[17024651-cc74-4029-9585-9036a95842af/build]   | [ ] --- 
[17024651-cc74-4029-9585-9036a95842af/build]   | [ ] --- 
[17024651-cc74-4029-9585-9036a95842af/build]   | [ ] [ ] 
[17024651-cc74-4029-9585-9036a95842af/build]   | [ ] [ ] 
[17024651-cc74-4029-9585-9036a95842af/build]   |  H   0
[17024651-cc74-4029-9585-9036a95842af/build]   | 
[17024651-cc74-4029-9585-9036a95842af/build]   | [ ] --- --- --- --- --- --- --- --- --- --- --- 
[17024651-cc74-4029-9585-9036a95842af/build]   | [ ] --- --- --- --- --- --- --- --- --- --- --- 
[17024651-cc74-4029-9585-9036a95842af/build]   | [ ] --- --- --- --- --- --- --- --- --- --- --- 
[17024651-cc74-4029-9585-9036a95842af/build]   | [ ] --- --- --- --- --- --- --- --- --- --- --- 
[17024651-cc74-4029-9585-9036a95842af/build]   | [ ] --- --- --- --- --- --- --- --- --- --- --- 
[17024651-cc74-4029-9585-9036a95842af/build]   | [ ] [ ] --- --- [ ] --- --- --- --- --- --- --- 
[17024651-cc74-4029-9585-9036a95842af/build]   | [ ] [ ] --- --- [ ] --- [ ] --- [ ] --- --- [ ] 
[17024651-cc74-4029-9585-9036a95842af/build]   | [ ] [ ] [ ] [ ] [ ] [ ] [ ] [ ] [ ] [ ] [ ] [ ] 
[17024651-cc74-4029-9585-9036a95842af/build]   |  H   0   1   2   3   4   5   6   7   8   9  10
[17024651-cc74-4029-9585-9036a95842af/build]   | 
[17024651-cc74-4029-9585-9036a95842af/build]   | [ ] --- --- --- --- --- --- --- --- --- --- 
[17024651-cc74-4029-9585-9036a95842af/build]   | [ ] --- --- --- --- --- --- --- --- --- --- 
[17024651-cc74-4029-9585-9036a95842af/build]   | [ ] --- --- --- --- --- --- --- --- --- --- 
[17024651-cc74-4029-9585-9036a95842af/build]   | [ ] --- --- --- --- --- --- --- --- --- --- 
[17024651-cc74-4029-9585-9036a95842af/build]   | [ ] --- --- --- --- --- --- --- --- --- --- 
[17024651-cc74-4029-9585-9036a95842af/build]   | [ ] --- --- [ ] --- --- --- --- --- --- --- 
[17024651-cc74-4029-9585-9036a95842af/build]   | [ ] --- --- [ ] --- [ ] --- [ ] --- --- [ ] 
[17024651-cc74-4029-9585-9036a95842af/build]   | [ ] [ ] [ ] [ ] [ ] [ ] [ ] [ ] [ ] [ ] [ ] 
[17024651-cc74-4029-9585-9036a95842af/build]   |  H   0   1   2   3   4   5   6   7   8   9
[17024651-cc74-4029-9585-9036a95842af/build]   | 
[17024651-cc74-4029-9585-9036a95842af/build]   | [ ] --- --- --- --- --- --- --- --- --- --- --- 
[17024651-cc74-4029-9585-9036a95842af/build]   | [ ] --- --- --- --- --- --- --- --- --- --- --- 
[17024651-cc74-4029-9585-9036a95842af/build]   | [ ] --- --- --- --- --- --- --- [ ] --- --- --- 
[17024651-cc74-4029-9585-9036a95842af/build]   | [ ] --- --- --- --- --- --- --- [ ] --- --- --- 
[17024651-cc74-4029-9585-9036a95842af/build]   | [ ] --- --- --- --- --- --- --- [ ] --- --- --- 
[17024651-cc74-4029-9585-9036a95842af/build]   | [ ] --- [ ] [ ] --- [ ] --- --- [ ] --- --- --- 
[17024651-cc74-4029-9585-9036a95842af/build]   | [ ] --- [ ] [ ] --- [ ] --- --- [ ] --- --- --- 
[17024651-cc74-4029-9585-9036a95842af/build]   | [ ] [ ] [ ] [ ] [ ] [ ] [ ] [ ] [ ] [ ] [ ] [ ] 
[17024651-cc74-4029-9585-9036a95842af/build]   |  H   0   1   2   3   4   5   6   7   8   9  10
[17024651-cc74-4029-9585-9036a95842af/build]   | 
[17024651-cc74-4029-9585-9036a95842af/build]   | [ ] --- --- --- --- --- --- --- --- --- --- 
[17024651-cc74-4029-9585-9036a95842af/build]   | [ ] --- --- --- --- --- --- --- --- --- --- 
[17024651-cc74-4029-9585-9036a95842af/build]   | [ ] --- --- --- --- --- --- --- [ ] --- --- 
[17024651-cc74-4029-9585-9036a95842af/build]   | [ ] --- --- --- --- --- --- --- [ ] --- --- 
[17024651-cc74-4029-9585-9036a95842af/build]   | [ ] --- --- --- --- --- --- --- [ ] --- --- 
[17024651-cc74-4029-9585-9036a95842af/build]   | [ ] --- [ ] [ ] --- [ ] --- --- [ ] --- --- 
[17024651-cc74-4029-9585-9036a95842af/build]   | [ ] --- [ ] [ ] --- [ ] --- --- [ ] --- --- 
[17024651-cc74-4029-9585-9036a95842af/build]   | [ ] [ ] [ ] [ ] [ ] [ ] [ ] [ ] [ ] [ ] [ ] 
[17024651-cc74-4029-9585-9036a95842af/build]   |  H   0   1   2   3   4   5   6   7   8   9
[17024651-cc74-4029-9585-9036a95842af/build]   | 
[17024651-cc74-4029-9585-9036a95842af/build]   | [INFO] Tests run: 6, Failures: 0, Errors: 0, Skipped: 0, Time elapsed: 0.004 s - in com.thealgorithms.datastructures.lists.SkipListTest
[17024651-cc74-4029-9585-9036a95842af/build]   | [INFO] Running com.thealgorithms.datastructures.lists.SinglyLinkedListTest
[17024651-cc74-4029-9585-9036a95842af/build]   | [INFO] Tests run: 9, Failures: 0, Errors: 0, Skipped: 0, Time elapsed: 0.002 s - in com.thealgorithms.datastructures.lists.SinglyLinkedListTest
[17024651-cc74-4029-9585-9036a95842af/build]   | [INFO] Running com.thealgorithms.datastructures.graphs.HamiltonianCycleTest
[17024651-cc74-4029-9585-9036a95842af/build]   | [INFO] Tests run: 2, Failures: 0, Errors: 0, Skipped: 0, Time elapsed: 0 s - in com.thealgorithms.datastructures.graphs.HamiltonianCycleTest
[17024651-cc74-4029-9585-9036a95842af/build]   | [INFO] Running com.thealgorithms.datastructures.graphs.TarjansAlgorithmTest
[17024651-cc74-4029-9585-9036a95842af/build]   | [INFO] Tests run: 2, Failures: 0, Errors: 0, Skipped: 0, Time elapsed: 0.001 s - in com.thealgorithms.datastructures.graphs.TarjansAlgorithmTest
[17024651-cc74-4029-9585-9036a95842af/build]   | [INFO] Running com.thealgorithms.datastructures.graphs.KosarajuTest
[17024651-cc74-4029-9585-9036a95842af/build]   | [INFO] Tests run: 2, Failures: 0, Errors: 0, Skipped: 0, Time elapsed: 0.001 s - in com.thealgorithms.datastructures.graphs.KosarajuTest
[17024651-cc74-4029-9585-9036a95842af/build]   | [INFO] Running com.thealgorithms.datastructures.hashmap.HashMapCuckooHashingTest
[17024651-cc74-4029-9585-9036a95842af/build]   | Infinite loop occurred, lengthening & rehashing table
[17024651-cc74-4029-9585-9036a95842af/build]   | Infinite loop occurred, lengthening & rehashing table
[17024651-cc74-4029-9585-9036a95842af/build]   | [INFO] Tests run: 8, Failures: 0, Errors: 0, Skipped: 0, Time elapsed: 0.002 s - in com.thealgorithms.datastructures.hashmap.HashMapCuckooHashingTest
[17024651-cc74-4029-9585-9036a95842af/build]   | [INFO] Running com.thealgorithms.datastructures.hashmap.hashing.GenericHashMapUsingArrayListTest
[17024651-cc74-4029-9585-9036a95842af/build]   | [INFO] Tests run: 3, Failures: 0, Errors: 0, Skipped: 0, Time elapsed: 0.001 s - in com.thealgorithms.datastructures.hashmap.hashing.GenericHashMapUsingArrayListTest
[17024651-cc74-4029-9585-9036a95842af/build]   | [INFO] Running com.thealgorithms.datastructures.hashmap.hashing.GenericHashMapUsingArrayTest
[17024651-cc74-4029-9585-9036a95842af/build]   | [INFO] Tests run: 3, Failures: 0, Errors: 0, Skipped: 0, Time elapsed: 0.001 s - in com.thealgorithms.datastructures.hashmap.hashing.GenericHashMapUsingArrayTest
[17024651-cc74-4029-9585-9036a95842af/build]   | [INFO] Running com.thealgorithms.datastructures.hashmap.hashing.LinearProbingHashMapTest
[17024651-cc74-4029-9585-9036a95842af/build]   | [INFO] Tests run: 7, Failures: 0, Errors: 0, Skipped: 0, Time elapsed: 0.009 s - in com.thealgorithms.datastructures.hashmap.hashing.LinearProbingHashMapTest
[17024651-cc74-4029-9585-9036a95842af/build]   | [INFO] Running com.thealgorithms.datastructures.hashmap.hashing.MajorityElementTest
[17024651-cc74-4029-9585-9036a95842af/build]   | [INFO] Tests run: 4, Failures: 0, Errors: 0, Skipped: 0, Time elapsed: 0 s - in com.thealgorithms.datastructures.hashmap.hashing.MajorityElementTest
[17024651-cc74-4029-9585-9036a95842af/build]   | [INFO] Running com.thealgorithms.datastructures.caches.MRUCacheTest
[17024651-cc74-4029-9585-9036a95842af/build]   | [INFO] Tests run: 4, Failures: 0, Errors: 0, Skipped: 0, Time elapsed: 0.002 s - in com.thealgorithms.datastructures.caches.MRUCacheTest
[17024651-cc74-4029-9585-9036a95842af/build]   | [INFO] Running com.thealgorithms.datastructures.caches.LFUCacheTest
[17024651-cc74-4029-9585-9036a95842af/build]   | [INFO] Tests run: 3, Failures: 0, Errors: 0, Skipped: 0, Time elapsed: 0.001 s - in com.thealgorithms.datastructures.caches.LFUCacheTest
[17024651-cc74-4029-9585-9036a95842af/build]   | [INFO] Running com.thealgorithms.datastructures.caches.LRUCacheTest
[17024651-cc74-4029-9585-9036a95842af/build]   | [INFO] Tests run: 4, Failures: 0, Errors: 0, Skipped: 0, Time elapsed: 0.002 s - in com.thealgorithms.datastructures.caches.LRUCacheTest
[17024651-cc74-4029-9585-9036a95842af/build]   | [INFO] Running com.thealgorithms.datastructures.trees.CheckTreeIsSymmetricTest
[17024651-cc74-4029-9585-9036a95842af/build]   | [INFO] Tests run: 4, Failures: 0, Errors: 0, Skipped: 0, Time elapsed: 0.001 s - in com.thealgorithms.datastructures.trees.CheckTreeIsSymmetricTest
[17024651-cc74-4029-9585-9036a95842af/build]   | [INFO] Running com.thealgorithms.datastructures.trees.LazySegmentTreeTest
[17024651-cc74-4029-9585-9036a95842af/build]   | [INFO] Tests run: 4, Failures: 0, Errors: 0, Skipped: 0, Time elapsed: 0.002 s - in com.thealgorithms.datastructures.trees.LazySegmentTreeTest
[17024651-cc74-4029-9585-9036a95842af/build]   | [INFO] Running com.thealgorithms.datastructures.trees.CeilInBinarySearchTreeTest
[17024651-cc74-4029-9585-9036a95842af/build]   | [INFO] Tests run: 7, Failures: 0, Errors: 0, Skipped: 0, Time elapsed: 0.001 s - in com.thealgorithms.datastructures.trees.CeilInBinarySearchTreeTest
[17024651-cc74-4029-9585-9036a95842af/build]   | [INFO] Running com.thealgorithms.datastructures.trees.BinaryTreeTest
[17024651-cc74-4029-9585-9036a95842af/build]   | 12 3 5 7 9 12 3 5 7 9 12 12 9 7 5 3 [INFO] Tests run: 4, Failures: 0, Errors: 0, Skipped: 0, Time elapsed: 0.002 s - in com.thealgorithms.datastructures.trees.BinaryTreeTest
[17024651-cc74-4029-9585-9036a95842af/build]   | [INFO] Running com.thealgorithms.datastructures.trees.VerticalOrderTraversalTest
[17024651-cc74-4029-9585-9036a95842af/build]   | [INFO] Tests run: 4, Failures: 0, Errors: 0, Skipped: 0, Time elapsed: 0 s - in com.thealgorithms.datastructures.trees.VerticalOrderTraversalTest
[17024651-cc74-4029-9585-9036a95842af/build]   | [INFO] Running com.thealgorithms.datastructures.trees.KDTreeTest
[17024651-cc74-4029-9585-9036a95842af/build]   | [INFO] Tests run: 3, Failures: 0, Errors: 0, Skipped: 0, Time elapsed: 0.005 s - in com.thealgorithms.datastructures.trees.KDTreeTest
[17024651-cc74-4029-9585-9036a95842af/build]   | [INFO] Running com.thealgorithms.datastructures.trees.InorderTraversalTest
[17024651-cc74-4029-9585-9036a95842af/build]   | [INFO] Tests run: 3, Failures: 0, Errors: 0, Skipped: 0, Time elapsed: 0.001 s - in com.thealgorithms.datastructures.trees.InorderTraversalTest
[17024651-cc74-4029-9585-9036a95842af/build]   | [INFO] Running com.thealgorithms.datastructures.trees.PostOrderTraversalTest
[17024651-cc74-4029-9585-9036a95842af/build]   | [INFO] Tests run: 3, Failures: 0, Errors: 0, Skipped: 0, Time elapsed: 0 s - in com.thealgorithms.datastructures.trees.PostOrderTraversalTest
[17024651-cc74-4029-9585-9036a95842af/build]   | [INFO] Running com.thealgorithms.datastructures.trees.BSTFromSortedArrayTest
[17024651-cc74-4029-9585-9036a95842af/build]   | [INFO] Tests run: 6, Failures: 0, Errors: 0, Skipped: 0, Time elapsed: 0.001 s - in com.thealgorithms.datastructures.trees.BSTFromSortedArrayTest
[17024651-cc74-4029-9585-9036a95842af/build]   | [INFO] Running com.thealgorithms.datastructures.trees.LevelOrderTraversalTest
[17024651-cc74-4029-9585-9036a95842af/build]   | [INFO] Tests run: 4, Failures: 0, Errors: 0, Skipped: 0, Time elapsed: 0.001 s - in com.thealgorithms.datastructures.trees.LevelOrderTraversalTest
[17024651-cc74-4029-9585-9036a95842af/build]   | [INFO] Running com.thealgorithms.datastructures.trees.ZigzagTraversalTest
[17024651-cc74-4029-9585-9036a95842af/build]   | [INFO] Tests run: 4, Failures: 0, Errors: 0, Skipped: 0, Time elapsed: 0.001 s - in com.thealgorithms.datastructures.trees.ZigzagTraversalTest
[17024651-cc74-4029-9585-9036a95842af/build]   | [INFO] Running com.thealgorithms.datastructures.trees.BSTRecursiveTest
[17024651-cc74-4029-9585-9036a95842af/build]   | [INFO] Tests run: 4, Failures: 0, Errors: 0, Skipped: 0, Time elapsed: 0 s - in com.thealgorithms.datastructures.trees.BSTRecursiveTest
[17024651-cc74-4029-9585-9036a95842af/build]   | [INFO] Running com.thealgorithms.datastructures.trees.SameTreesCheckTest
[17024651-cc74-4029-9585-9036a95842af/build]   | [INFO] Tests run: 6, Failures: 0, Errors: 0, Skipped: 0, Time elapsed: 0.001 s - in com.thealgorithms.datastructures.trees.SameTreesCheckTest
[17024651-cc74-4029-9585-9036a95842af/build]   | [INFO] Running com.thealgorithms.datastructures.trees.CheckIfBinaryTreeBalancedTest
[17024651-cc74-4029-9585-9036a95842af/build]   | [INFO] Tests run: 6, Failures: 0, Errors: 0, Skipped: 0, Time elapsed: 0.001 s - in com.thealgorithms.datastructures.trees.CheckIfBinaryTreeBalancedTest
[17024651-cc74-4029-9585-9036a95842af/build]   | [INFO] Running com.thealgorithms.datastructures.trees.PreOrderTraversalTest
[17024651-cc74-4029-9585-9036a95842af/build]   | [INFO] Tests run: 3, Failures: 0, Errors: 0, Skipped: 0, Time elapsed: 0 s - in com.thealgorithms.datastructures.trees.PreOrderTraversalTest
[17024651-cc74-4029-9585-9036a95842af/build]   | [INFO] Running com.thealgorithms.datastructures.trees.CreateBinaryTreeFromInorderPreorderTest
[17024651-cc74-4029-9585-9036a95842af/build]   | [INFO] Tests run: 6, Failures: 0, Errors: 0, Skipped: 0, Time elapsed: 0.001 s - in com.thealgorithms.datastructures.trees.CreateBinaryTreeFromInorderPreorderTest
[17024651-cc74-4029-9585-9036a95842af/build]   | [INFO] Running com.thealgorithms.datastructures.trees.BSTIterativeTest
[17024651-cc74-4029-9585-9036a95842af/build]   | [INFO] Tests run: 4, Failures: 0, Errors: 0, Skipped: 0, Time elapsed: 0 s - in com.thealgorithms.datastructures.trees.BSTIterativeTest
[17024651-cc74-4029-9585-9036a95842af/build]   | [INFO] Running com.thealgorithms.datastructures.trees.CheckBinaryTreeIsValidBSTTest
[17024651-cc74-4029-9585-9036a95842af/build]   | [INFO] Tests run: 5, Failures: 0, Errors: 0, Skipped: 0, Time elapsed: 0.001 s - in com.thealgorithms.datastructures.trees.CheckBinaryTreeIsValidBSTTest
[17024651-cc74-4029-9585-9036a95842af/build]   | [INFO] Running com.thealgorithms.ciphers.DESTest
[17024651-cc74-4029-9585-9036a95842af/build]   | [INFO] Tests run: 2, Failures: 0, Errors: 0, Skipped: 0, Time elapsed: 0.009 s - in com.thealgorithms.ciphers.DESTest
[17024651-cc74-4029-9585-9036a95842af/build]   | [INFO] Running com.thealgorithms.ciphers.CaesarTest
[17024651-cc74-4029-9585-9036a95842af/build]   | [INFO] Tests run: 3, Failures: 0, Errors: 0, Skipped: 0, Time elapsed: 0.001 s - in com.thealgorithms.ciphers.CaesarTest
[17024651-cc74-4029-9585-9036a95842af/build]   | [INFO] Running com.thealgorithms.ciphers.BlowfishTest
[17024651-cc74-4029-9585-9036a95842af/build]   | [INFO] Tests run: 2, Failures: 0, Errors: 0, Skipped: 0, Time elapsed: 0.018 s - in com.thealgorithms.ciphers.BlowfishTest
[17024651-cc74-4029-9585-9036a95842af/build]   | [INFO] Running com.thealgorithms.ciphers.RSATest
[17024651-cc74-4029-9585-9036a95842af/build]   | [INFO] Tests run: 1, Failures: 0, Errors: 0, Skipped: 0, Time elapsed: 0.149 s - in com.thealgorithms.ciphers.RSATest
[17024651-cc74-4029-9585-9036a95842af/build]   | [INFO] Running com.thealgorithms.ciphers.VigenereTest
[17024651-cc74-4029-9585-9036a95842af/build]   | [INFO] Tests run: 2, Failures: 0, Errors: 0, Skipped: 0, Time elapsed: 0 s - in com.thealgorithms.ciphers.VigenereTest
[17024651-cc74-4029-9585-9036a95842af/build]   | [INFO] Running com.thealgorithms.ciphers.SimpleSubstitutionCipherTest
[17024651-cc74-4029-9585-9036a95842af/build]   | [INFO] Tests run: 3, Failures: 0, Errors: 0, Skipped: 0, Time elapsed: 0 s - in com.thealgorithms.ciphers.SimpleSubstitutionCipherTest
[17024651-cc74-4029-9585-9036a95842af/build]   | [INFO] Running com.thealgorithms.ciphers.a5.LFSRTest
[17024651-cc74-4029-9585-9036a95842af/build]   | [INFO] Tests run: 3, Failures: 0, Errors: 0, Skipped: 0, Time elapsed: 0.004 s - in com.thealgorithms.ciphers.a5.LFSRTest
[17024651-cc74-4029-9585-9036a95842af/build]   | [INFO] Running com.thealgorithms.ciphers.PolybiusTest
[17024651-cc74-4029-9585-9036a95842af/build]   | [INFO] Tests run: 3, Failures: 0, Errors: 0, Skipped: 0, Time elapsed: 0 s - in com.thealgorithms.ciphers.PolybiusTest
[17024651-cc74-4029-9585-9036a95842af/build]   | [INFO] Running com.thealgorithms.ciphers.SimpleSubCipherTest
[17024651-cc74-4029-9585-9036a95842af/build]   | [INFO] Tests run: 2, Failures: 0, Errors: 0, Skipped: 0, Time elapsed: 0 s - in com.thealgorithms.ciphers.SimpleSubCipherTest
[17024651-cc74-4029-9585-9036a95842af/build]   | [INFO] Running com.thealgorithms.maths.PythagoreanTripleTest
[17024651-cc74-4029-9585-9036a95842af/build]   | [INFO] Tests run: 1, Failures: 0, Errors: 0, Skipped: 0, Time elapsed: 0 s - in com.thealgorithms.maths.PythagoreanTripleTest
[17024651-cc74-4029-9585-9036a95842af/build]   | [INFO] Running com.thealgorithms.maths.NthUglyNumberTest
[17024651-cc74-4029-9585-9036a95842af/build]   | [INFO] Tests run: 6, Failures: 0, Errors: 0, Skipped: 0, Time elapsed: 0.019 s - in com.thealgorithms.maths.NthUglyNumberTest
[17024651-cc74-4029-9585-9036a95842af/build]   | [INFO] Running com.thealgorithms.maths.JosephusProblemTest
[17024651-cc74-4029-9585-9036a95842af/build]   | [INFO] Tests run: 1, Failures: 0, Errors: 0, Skipped: 0, Time elapsed: 0 s - in com.thealgorithms.maths.JosephusProblemTest
[17024651-cc74-4029-9585-9036a95842af/build]   | [INFO] Running com.thealgorithms.maths.AliquotSumTest
[17024651-cc74-4029-9585-9036a95842af/build]   | [INFO] Tests run: 1, Failures: 0, Errors: 0, Skipped: 0, Time elapsed: 0.003 s - in com.thealgorithms.maths.AliquotSumTest
[17024651-cc74-4029-9585-9036a95842af/build]   | [INFO] Running com.thealgorithms.maths.BinaryPowTest
[17024651-cc74-4029-9585-9036a95842af/build]   | [INFO] Tests run: 1, Failures: 0, Errors: 0, Skipped: 0, Time elapsed: 0 s - in com.thealgorithms.maths.BinaryPowTest
[17024651-cc74-4029-9585-9036a95842af/build]   | [INFO] Running com.thealgorithms.maths.TwinPrimeTest
[17024651-cc74-4029-9585-9036a95842af/build]   | [INFO] Tests run: 4, Failures: 0, Errors: 0, Skipped: 0, Time elapsed: 0.001 s - in com.thealgorithms.maths.TwinPrimeTest
[17024651-cc74-4029-9585-9036a95842af/build]   | [INFO] Running com.thealgorithms.maths.PerfectNumberTest
[17024651-cc74-4029-9585-9036a95842af/build]   | [INFO] Tests run: 1, Failures: 0, Errors: 0, Skipped: 0, Time elapsed: 0.287 s - in com.thealgorithms.maths.PerfectNumberTest
[17024651-cc74-4029-9585-9036a95842af/build]   | [INFO] Running com.thealgorithms.maths.AutomorphicNumberTest
[17024651-cc74-4029-9585-9036a95842af/build]   | [INFO] Tests run: 1, Failures: 0, Errors: 0, Skipped: 0, Time elapsed: 0.001 s - in com.thealgorithms.maths.AutomorphicNumberTest
[17024651-cc74-4029-9585-9036a95842af/build]   | [INFO] Running com.thealgorithms.maths.ParseIntegerTest
[17024651-cc74-4029-9585-9036a95842af/build]   | [INFO] Tests run: 4, Failures: 0, Errors: 0, Skipped: 0, Time elapsed: 0.002 s - in com.thealgorithms.maths.ParseIntegerTest
[17024651-cc74-4029-9585-9036a95842af/build]   | [INFO] Running com.thealgorithms.maths.StandardDeviationTest
[17024651-cc74-4029-9585-9036a95842af/build]   | [INFO] Tests run: 4, Failures: 0, Errors: 0, Skipped: 0, Time elapsed: 0 s - in com.thealgorithms.maths.StandardDeviationTest
[17024651-cc74-4029-9585-9036a95842af/build]   | [INFO] Running com.thealgorithms.maths.GaussianTest
[17024651-cc74-4029-9585-9036a95842af/build]   | [INFO] Tests run: 1, Failures: 0, Errors: 0, Skipped: 0, Time elapsed: 0 s - in com.thealgorithms.maths.GaussianTest
[17024651-cc74-4029-9585-9036a95842af/build]   | [INFO] Running com.thealgorithms.maths.SquareRootwithBabylonianMethodTest
[17024651-cc74-4029-9585-9036a95842af/build]   | [INFO] Tests run: 4, Failures: 0, Errors: 0, Skipped: 0, Time elapsed: 0.001 s - in com.thealgorithms.maths.SquareRootwithBabylonianMethodTest
[17024651-cc74-4029-9585-9036a95842af/build]   | [INFO] Running com.thealgorithms.maths.PollardRhoTest
[17024651-cc74-4029-9585-9036a95842af/build]   | [INFO] Tests run: 3, Failures: 0, Errors: 0, Skipped: 0, Time elapsed: 0.001 s - in com.thealgorithms.maths.PollardRhoTest
[17024651-cc74-4029-9585-9036a95842af/build]   | [INFO] Running com.thealgorithms.maths.HeronsFormulaTest
[17024651-cc74-4029-9585-9036a95842af/build]   | [INFO] Tests run: 4, Failures: 0, Errors: 0, Skipped: 0, Time elapsed: 0 s - in com.thealgorithms.maths.HeronsFormulaTest
[17024651-cc74-4029-9585-9036a95842af/build]   | [INFO] Running com.thealgorithms.maths.FactorialTest
[17024651-cc74-4029-9585-9036a95842af/build]   | [INFO] Tests run: 1, Failures: 0, Errors: 0, Skipped: 0, Time elapsed: 0 s - in com.thealgorithms.maths.FactorialTest
[17024651-cc74-4029-9585-9036a95842af/build]   | [INFO] Running com.thealgorithms.maths.AmicableNumberTest
[17024651-cc74-4029-9585-9036a95842af/build]   | [INFO] Tests run: 1, Failures: 0, Errors: 0, Skipped: 0, Time elapsed: 0.001 s - in com.thealgorithms.maths.AmicableNumberTest
[17024651-cc74-4029-9585-9036a95842af/build]   | [INFO] Running com.thealgorithms.maths.SquareFreeIntegerTest
[17024651-cc74-4029-9585-9036a95842af/build]   | [INFO] Tests run: 3, Failures: 0, Errors: 0, Skipped: 0, Time elapsed: 0.03 s - in com.thealgorithms.maths.SquareFreeIntegerTest
[17024651-cc74-4029-9585-9036a95842af/build]   | [INFO] Running com.thealgorithms.maths.SumWithoutArithmeticOperatorsTest
[17024651-cc74-4029-9585-9036a95842af/build]   | [INFO] Tests run: 5, Failures: 0, Errors: 0, Skipped: 0, Time elapsed: 0 s - in com.thealgorithms.maths.SumWithoutArithmeticOperatorsTest
[17024651-cc74-4029-9585-9036a95842af/build]   | [INFO] Running com.thealgorithms.maths.PerfectCubeTest
[17024651-cc74-4029-9585-9036a95842af/build]   | [INFO] Tests run: 1, Failures: 0, Errors: 0, Skipped: 0, Time elapsed: 0 s - in com.thealgorithms.maths.PerfectCubeTest
[17024651-cc74-4029-9585-9036a95842af/build]   | [INFO] Running com.thealgorithms.maths.AbsoluteValueTest
[17024651-cc74-4029-9585-9036a95842af/build]   | [INFO] Tests run: 1, Failures: 0, Errors: 0, Skipped: 0, Time elapsed: 0.004 s - in com.thealgorithms.maths.AbsoluteValueTest
[17024651-cc74-4029-9585-9036a95842af/build]   | [INFO] Running com.thealgorithms.maths.GCDTest
[17024651-cc74-4029-9585-9036a95842af/build]   | [INFO] Tests run: 10, Failures: 0, Errors: 0, Skipped: 0, Time elapsed: 0.002 s - in com.thealgorithms.maths.GCDTest
[17024651-cc74-4029-9585-9036a95842af/build]   | [INFO] Running com.thealgorithms.maths.LiouvilleLambdaFunctionTest
[17024651-cc74-4029-9585-9036a95842af/build]   | [INFO] Tests run: 4, Failures: 0, Errors: 0, Skipped: 0, Time elapsed: 0.001 s - in com.thealgorithms.maths.LiouvilleLambdaFunctionTest
[17024651-cc74-4029-9585-9036a95842af/build]   | [INFO] Running com.thealgorithms.maths.PerimeterTest
[17024651-cc74-4029-9585-9036a95842af/build]   | [INFO] Tests run: 8, Failures: 0, Errors: 0, Skipped: 0, Time elapsed: 0.001 s - in com.thealgorithms.maths.PerimeterTest
[17024651-cc74-4029-9585-9036a95842af/build]   | [INFO] Running com.thealgorithms.maths.FastInverseSqrtTests
[17024651-cc74-4029-9585-9036a95842af/build]   | [INFO] Tests run: 8, Failures: 0, Errors: 0, Skipped: 0, Time elapsed: 0.001 s - in com.thealgorithms.maths.FastInverseSqrtTests
[17024651-cc74-4029-9585-9036a95842af/build]   | [INFO] Running com.thealgorithms.maths.AverageTest
[17024651-cc74-4029-9585-9036a95842af/build]   | [INFO] Tests run: 4, Failures: 0, Errors: 0, Skipped: 0, Time elapsed: 0 s - in com.thealgorithms.maths.AverageTest
[17024651-cc74-4029-9585-9036a95842af/build]   | [INFO] Running com.thealgorithms.maths.TestArmstrong
[17024651-cc74-4029-9585-9036a95842af/build]   | [INFO] Tests run: 1, Failures: 0, Errors: 0, Skipped: 0, Time elapsed: 0 s - in com.thealgorithms.maths.TestArmstrong
[17024651-cc74-4029-9585-9036a95842af/build]   | [INFO] Running com.thealgorithms.maths.BinomialCoefficientTest
[17024651-cc74-4029-9585-9036a95842af/build]   | [INFO] Tests run: 1, Failures: 0, Errors: 0, Skipped: 0, Time elapsed: 0 s - in com.thealgorithms.maths.BinomialCoefficientTest
[17024651-cc74-4029-9585-9036a95842af/build]   | [INFO] Running com.thealgorithms.maths.FindMinTest
[17024651-cc74-4029-9585-9036a95842af/build]   | [INFO] Tests run: 5, Failures: 0, Errors: 0, Skipped: 0, Time elapsed: 0.001 s - in com.thealgorithms.maths.FindMinTest
[17024651-cc74-4029-9585-9036a95842af/build]   | [INFO] Running com.thealgorithms.maths.PerfectSquareTest
[17024651-cc74-4029-9585-9036a95842af/build]   | [INFO] Tests run: 3, Failures: 0, Errors: 0, Skipped: 0, Time elapsed: 0.001 s - in com.thealgorithms.maths.PerfectSquareTest
[17024651-cc74-4029-9585-9036a95842af/build]   | [INFO] Running com.thealgorithms.maths.ArmstrongTest
[17024651-cc74-4029-9585-9036a95842af/build]   | [INFO] Tests run: 1, Failures: 0, Errors: 0, Skipped: 0, Time elapsed: 0 s - in com.thealgorithms.maths.ArmstrongTest
[17024651-cc74-4029-9585-9036a95842af/build]   | [INFO] Running com.thealgorithms.maths.PronicNumberTest
[17024651-cc74-4029-9585-9036a95842af/build]   | [INFO] Tests run: 2, Failures: 0, Errors: 0, Skipped: 0, Time elapsed: 0 s - in com.thealgorithms.maths.PronicNumberTest
[17024651-cc74-4029-9585-9036a95842af/build]   | [INFO] Running com.thealgorithms.maths.AbsoluteMaxTest
[17024651-cc74-4029-9585-9036a95842af/build]   | [INFO] Tests run: 2, Failures: 0, Errors: 0, Skipped: 0, Time elapsed: 0.001 s - in com.thealgorithms.maths.AbsoluteMaxTest
[17024651-cc74-4029-9585-9036a95842af/build]   | [INFO] Running com.thealgorithms.maths.LeastCommonMultipleTest
[17024651-cc74-4029-9585-9036a95842af/build]   | [INFO] Tests run: 2, Failures: 0, Errors: 0, Skipped: 0, Time elapsed: 0.001 s - in com.thealgorithms.maths.LeastCommonMultipleTest
[17024651-cc74-4029-9585-9036a95842af/build]   | [INFO] Running com.thealgorithms.maths.LeonardoNumberTest
[17024651-cc74-4029-9585-9036a95842af/build]   | [INFO] Tests run: 5, Failures: 0, Errors: 0, Skipped: 0, Time elapsed: 0.002 s - in com.thealgorithms.maths.LeonardoNumberTest
[17024651-cc74-4029-9585-9036a95842af/build]   | [INFO] Running com.thealgorithms.maths.PascalTriangleTest
[17024651-cc74-4029-9585-9036a95842af/build]   | [INFO] Tests run: 4, Failures: 0, Errors: 0, Skipped: 0, Time elapsed: 0.001 s - in com.thealgorithms.maths.PascalTriangleTest
[17024651-cc74-4029-9585-9036a95842af/build]   | [INFO] Running com.thealgorithms.maths.HarshadNumberTest
[17024651-cc74-4029-9585-9036a95842af/build]   | [INFO] Tests run: 1, Failures: 0, Errors: 0, Skipped: 0, Time elapsed: 0.001 s - in com.thealgorithms.maths.HarshadNumberTest
[17024651-cc74-4029-9585-9036a95842af/build]   | [INFO] Running com.thealgorithms.maths.PrimeCheckTest
[17024651-cc74-4029-9585-9036a95842af/build]   | [INFO] Tests run: 7, Failures: 0, Errors: 0, Skipped: 0, Time elapsed: 0.001 s - in com.thealgorithms.maths.PrimeCheckTest
[17024651-cc74-4029-9585-9036a95842af/build]   | [INFO] Running com.thealgorithms.maths.CombinationsTest
[17024651-cc74-4029-9585-9036a95842af/build]   | [INFO] Tests run: 2, Failures: 0, Errors: 0, Skipped: 0, Time elapsed: 0.001 s - in com.thealgorithms.maths.CombinationsTest
[17024651-cc74-4029-9585-9036a95842af/build]   | [INFO] Running com.thealgorithms.maths.AreaTest
[17024651-cc74-4029-9585-9036a95842af/build]   | [INFO] Tests run: 12, Failures: 0, Errors: 0, Skipped: 0, Time elapsed: 0.009 s - in com.thealgorithms.maths.AreaTest
[17024651-cc74-4029-9585-9036a95842af/build]   | [INFO] Running com.thealgorithms.maths.ReverseNumberTest
[17024651-cc74-4029-9585-9036a95842af/build]   | [INFO] Tests run: 2, Failures: 0, Errors: 0, Skipped: 0, Time elapsed: 0 s - in com.thealgorithms.maths.ReverseNumberTest
[17024651-cc74-4029-9585-9036a95842af/build]   | [INFO] Running com.thealgorithms.maths.LucasSeriesTest
[17024651-cc74-4029-9585-9036a95842af/build]   | [INFO] Tests run: 4, Failures: 0, Errors: 0, Skipped: 0, Time elapsed: 0.001 s - in com.thealgorithms.maths.LucasSeriesTest
[17024651-cc74-4029-9585-9036a95842af/build]   | [INFO] Running com.thealgorithms.maths.SumOfDigitsTest
[17024651-cc74-4029-9585-9036a95842af/build]   | [INFO] Tests run: 3, Failures: 0, Errors: 0, Skipped: 0, Time elapsed: 0 s - in com.thealgorithms.maths.SumOfDigitsTest
[17024651-cc74-4029-9585-9036a95842af/build]   | [INFO] Running com.thealgorithms.maths.AbsoluteMinTest
[17024651-cc74-4029-9585-9036a95842af/build]   | [INFO] Tests run: 2, Failures: 0, Errors: 0, Skipped: 0, Time elapsed: 0.001 s - in com.thealgorithms.maths.AbsoluteMinTest
[17024651-cc74-4029-9585-9036a95842af/build]   | [INFO] Running com.thealgorithms.maths.FrizzyNumberTest
[17024651-cc74-4029-9585-9036a95842af/build]   | [INFO] Tests run: 3, Failures: 0, Errors: 0, Skipped: 0, Time elapsed: 0 s - in com.thealgorithms.maths.FrizzyNumberTest
[17024651-cc74-4029-9585-9036a95842af/build]   | [INFO] Running com.thealgorithms.maths.CollatzConjectureTest
[17024651-cc74-4029-9585-9036a95842af/build]   | [INFO] Tests run: 4, Failures: 0, Errors: 0, Skipped: 0, Time elapsed: 0.003 s - in com.thealgorithms.maths.CollatzConjectureTest
[17024651-cc74-4029-9585-9036a95842af/build]   | [INFO] Running com.thealgorithms.maths.PrimeFactorizationTest
[17024651-cc74-4029-9585-9036a95842af/build]   | [INFO] Tests run: 2, Failures: 0, Errors: 0, Skipped: 0, Time elapsed: 0.001 s - in com.thealgorithms.maths.PrimeFactorizationTest
[17024651-cc74-4029-9585-9036a95842af/build]   | [INFO] Running com.thealgorithms.maths.DigitalRootTest
[17024651-cc74-4029-9585-9036a95842af/build]   | [INFO] Tests run: 1, Failures: 0, Errors: 0, Skipped: 0, Time elapsed: 0 s - in com.thealgorithms.maths.DigitalRootTest
[17024651-cc74-4029-9585-9036a95842af/build]   | [INFO] Running com.thealgorithms.maths.FindMaxTest
[17024651-cc74-4029-9585-9036a95842af/build]   | [INFO] Tests run: 4, Failures: 0, Errors: 0, Skipped: 0, Time elapsed: 0 s - in com.thealgorithms.maths.FindMaxTest
[17024651-cc74-4029-9585-9036a95842af/build]   | [INFO] Running com.thealgorithms.maths.DudeneyNumberTest
[17024651-cc74-4029-9585-9036a95842af/build]   | [INFO] Tests run: 1, Failures: 0, Errors: 0, Skipped: 0, Time elapsed: 0.002 s - in com.thealgorithms.maths.DudeneyNumberTest
[17024651-cc74-4029-9585-9036a95842af/build]   | [INFO] Running com.thealgorithms.maths.CeilTest
[17024651-cc74-4029-9585-9036a95842af/build]   | [INFO] Tests run: 1, Failures: 0, Errors: 0, Skipped: 0, Time elapsed: 0 s - in com.thealgorithms.maths.CeilTest
[17024651-cc74-4029-9585-9036a95842af/build]   | [INFO] Running com.thealgorithms.maths.DistanceFormulaTest
[17024651-cc74-4029-9585-9036a95842af/build]   | [INFO] Tests run: 13, Failures: 0, Errors: 0, Skipped: 0, Time elapsed: 0.002 s - in com.thealgorithms.maths.DistanceFormulaTest
[17024651-cc74-4029-9585-9036a95842af/build]   | [INFO] Running com.thealgorithms.maths.MobiusFunctionTest
[17024651-cc74-4029-9585-9036a95842af/build]   | [INFO] Tests run: 3, Failures: 0, Errors: 0, Skipped: 0, Time elapsed: 0 s - in com.thealgorithms.maths.MobiusFunctionTest
[17024651-cc74-4029-9585-9036a95842af/build]   | [INFO] Running com.thealgorithms.maths.LongDivisionTest
[17024651-cc74-4029-9585-9036a95842af/build]   | [INFO] Tests run: 7, Failures: 0, Errors: 0, Skipped: 0, Time elapsed: 0.001 s - in com.thealgorithms.maths.LongDivisionTest
[17024651-cc74-4029-9585-9036a95842af/build]   | [INFO] Running com.thealgorithms.maths.FibonacciJavaStreamsTest
[17024651-cc74-4029-9585-9036a95842af/build]   | [INFO] Tests run: 9, Failures: 0, Errors: 0, Skipped: 0, Time elapsed: 0.006 s - in com.thealgorithms.maths.FibonacciJavaStreamsTest
[17024651-cc74-4029-9585-9036a95842af/build]   | [INFO] Running com.thealgorithms.maths.VolumeTest
[17024651-cc74-4029-9585-9036a95842af/build]   | [INFO] Tests run: 1, Failures: 0, Errors: 0, Skipped: 0, Time elapsed: 0 s - in com.thealgorithms.maths.VolumeTest
[17024651-cc74-4029-9585-9036a95842af/build]   | [INFO] Running com.thealgorithms.maths.FibonacciNumberCheckTest
[17024651-cc74-4029-9585-9036a95842af/build]   | [INFO] Tests run: 2, Failures: 0, Errors: 0, Skipped: 0, Time elapsed: 0 s - in com.thealgorithms.maths.FibonacciNumberCheckTest
[17024651-cc74-4029-9585-9036a95842af/build]   | [INFO] Running com.thealgorithms.maths.StandardScoreTest
[17024651-cc74-4029-9585-9036a95842af/build]   | [INFO] Tests run: 4, Failures: 0, Errors: 0, Skipped: 0, Time elapsed: 0 s - in com.thealgorithms.maths.StandardScoreTest
[17024651-cc74-4029-9585-9036a95842af/build]   | [INFO] Running com.thealgorithms.maths.SumOfArithmeticSeriesTest
[17024651-cc74-4029-9585-9036a95842af/build]   | [INFO] Tests run: 9, Failures: 0, Errors: 0, Skipped: 0, Time elapsed: 0.001 s - in com.thealgorithms.maths.SumOfArithmeticSeriesTest
[17024651-cc74-4029-9585-9036a95842af/build]   | [INFO] Running com.thealgorithms.maths.ADTFractionTest
[17024651-cc74-4029-9585-9036a95842af/build]   | [INFO] Tests run: 7, Failures: 0, Errors: 0, Skipped: 0, Time elapsed: 0.005 s - in com.thealgorithms.maths.ADTFractionTest
[17024651-cc74-4029-9585-9036a95842af/build]   | [INFO] Running com.thealgorithms.maths.FFTTest
[17024651-cc74-4029-9585-9036a95842af/build]   | [INFO] Tests run: 12, Failures: 0, Errors: 0, Skipped: 0, Time elapsed: 0.002 s - in com.thealgorithms.maths.FFTTest
[17024651-cc74-4029-9585-9036a95842af/build]   | [INFO] Running com.thealgorithms.maths.MedianTest
[17024651-cc74-4029-9585-9036a95842af/build]   | [INFO] Tests run: 5, Failures: 0, Errors: 0, Skipped: 0, Time elapsed: 0 s - in com.thealgorithms.maths.MedianTest
[17024651-cc74-4029-9585-9036a95842af/build]   | [INFO] Running com.thealgorithms.maths.KaprekarNumbersTest
[17024651-cc74-4029-9585-9036a95842af/build]   | [INFO] Tests run: 9, Failures: 0, Errors: 0, Skipped: 0, Time elapsed: 0.465 s - in com.thealgorithms.maths.KaprekarNumbersTest
[17024651-cc74-4029-9585-9036a95842af/build]   | [INFO] Running com.thealgorithms.maths.PalindromeNumberTest
[17024651-cc74-4029-9585-9036a95842af/build]   | [INFO] Tests run: 3, Failures: 0, Errors: 0, Skipped: 0, Time elapsed: 0.001 s - in com.thealgorithms.maths.PalindromeNumberTest
[17024651-cc74-4029-9585-9036a95842af/build]   | [INFO] 
[17024651-cc74-4029-9585-9036a95842af/build]   | [INFO] Results:
[17024651-cc74-4029-9585-9036a95842af/build]   | [INFO] 
[17024651-cc74-4029-9585-9036a95842af/build]   | [INFO] Tests run: 3930, Failures: 0, Errors: 0, Skipped: 0
[17024651-cc74-4029-9585-9036a95842af/build]   | [INFO] 
[17024651-cc74-4029-9585-9036a95842af/build]   | [INFO] 
[17024651-cc74-4029-9585-9036a95842af/build]   | [INFO] --- maven-jar-plugin:2.4:jar (default-jar) @ Java ---
[17024651-cc74-4029-9585-9036a95842af/build]   | [INFO] Downloading from central: https://repo.maven.apache.org/maven2/org/apache/maven/maven-archiver/2.5/maven-archiver-2.5.pom
[17024651-cc74-4029-9585-9036a95842af/build]   | [INFO] Downloaded from central: https://repo.maven.apache.org/maven2/org/apache/maven/maven-archiver/2.5/maven-archiver-2.5.pom (4.5 kB at 189 kB/s)
[17024651-cc74-4029-9585-9036a95842af/build]   | [INFO] Downloading from central: https://repo.maven.apache.org/maven2/org/codehaus/plexus/plexus-archiver/2.1/plexus-archiver-2.1.pom
[17024651-cc74-4029-9585-9036a95842af/build]   | [INFO] Downloaded from central: https://repo.maven.apache.org/maven2/org/codehaus/plexus/plexus-archiver/2.1/plexus-archiver-2.1.pom (2.8 kB at 134 kB/s)
[17024651-cc74-4029-9585-9036a95842af/build]   | [INFO] Downloading from central: https://repo.maven.apache.org/maven2/org/sonatype/spice/spice-parent/17/spice-parent-17.pom
[17024651-cc74-4029-9585-9036a95842af/build]   | [INFO] Downloaded from central: https://repo.maven.apache.org/maven2/org/sonatype/spice/spice-parent/17/spice-parent-17.pom (6.8 kB at 338 kB/s)
[17024651-cc74-4029-9585-9036a95842af/build]   | [INFO] Downloading from central: https://repo.maven.apache.org/maven2/org/codehaus/plexus/plexus-utils/3.0/plexus-utils-3.0.pom
[17024651-cc74-4029-9585-9036a95842af/build]   | [INFO] Downloaded from central: https://repo.maven.apache.org/maven2/org/codehaus/plexus/plexus-utils/3.0/plexus-utils-3.0.pom (4.1 kB at 185 kB/s)
[17024651-cc74-4029-9585-9036a95842af/build]   | [INFO] Downloading from central: https://repo.maven.apache.org/maven2/org/sonatype/spice/spice-parent/16/spice-parent-16.pom
[17024651-cc74-4029-9585-9036a95842af/build]   | [INFO] Downloaded from central: https://repo.maven.apache.org/maven2/org/sonatype/spice/spice-parent/16/spice-parent-16.pom (8.4 kB at 348 kB/s)
[17024651-cc74-4029-9585-9036a95842af/build]   | [INFO] Downloading from central: https://repo.maven.apache.org/maven2/org/sonatype/forge/forge-parent/5/forge-parent-5.pom
[17024651-cc74-4029-9585-9036a95842af/build]   | [INFO] Downloaded from central: https://repo.maven.apache.org/maven2/org/sonatype/forge/forge-parent/5/forge-parent-5.pom (8.4 kB at 380 kB/s)
[17024651-cc74-4029-9585-9036a95842af/build]   | [INFO] Downloading from central: https://repo.maven.apache.org/maven2/org/codehaus/plexus/plexus-io/2.0.2/plexus-io-2.0.2.pom
[17024651-cc74-4029-9585-9036a95842af/build]   | [INFO] Downloaded from central: https://repo.maven.apache.org/maven2/org/codehaus/plexus/plexus-io/2.0.2/plexus-io-2.0.2.pom (1.7 kB at 79 kB/s)
[17024651-cc74-4029-9585-9036a95842af/build]   | [INFO] Downloading from central: https://repo.maven.apache.org/maven2/org/codehaus/plexus/plexus-components/1.1.19/plexus-components-1.1.19.pom
[17024651-cc74-4029-9585-9036a95842af/build]   | [INFO] Downloaded from central: https://repo.maven.apache.org/maven2/org/codehaus/plexus/plexus-components/1.1.19/plexus-components-1.1.19.pom (2.7 kB at 142 kB/s)
[17024651-cc74-4029-9585-9036a95842af/build]   | [INFO] Downloading from central: https://repo.maven.apache.org/maven2/org/codehaus/plexus/plexus/3.0.1/plexus-3.0.1.pom
[17024651-cc74-4029-9585-9036a95842af/build]   | [INFO] Downloaded from central: https://repo.maven.apache.org/maven2/org/codehaus/plexus/plexus/3.0.1/plexus-3.0.1.pom (19 kB at 846 kB/s)
[17024651-cc74-4029-9585-9036a95842af/build]   | [INFO] Downloading from central: https://repo.maven.apache.org/maven2/org/codehaus/plexus/plexus-interpolation/1.15/plexus-interpolation-1.15.pom
[17024651-cc74-4029-9585-9036a95842af/build]   | [INFO] Downloaded from central: https://repo.maven.apache.org/maven2/org/codehaus/plexus/plexus-interpolation/1.15/plexus-interpolation-1.15.pom (1.0 kB at 46 kB/s)
[17024651-cc74-4029-9585-9036a95842af/build]   | [INFO] Downloading from central: https://repo.maven.apache.org/maven2/commons-lang/commons-lang/2.1/commons-lang-2.1.pom
[17024651-cc74-4029-9585-9036a95842af/build]   | [INFO] Downloaded from central: https://repo.maven.apache.org/maven2/commons-lang/commons-lang/2.1/commons-lang-2.1.pom (9.9 kB at 552 kB/s)
[17024651-cc74-4029-9585-9036a95842af/build]   | [INFO] Downloading from central: https://repo.maven.apache.org/maven2/classworlds/classworlds/1.1-alpha-2/classworlds-1.1-alpha-2.jar
[17024651-cc74-4029-9585-9036a95842af/build]   | [INFO] Downloading from central: https://repo.maven.apache.org/maven2/org/apache/maven/maven-archiver/2.5/maven-archiver-2.5.jar
[17024651-cc74-4029-9585-9036a95842af/build]   | [INFO] Downloading from central: https://repo.maven.apache.org/maven2/org/codehaus/plexus/plexus-interpolation/1.15/plexus-interpolation-1.15.jar
[17024651-cc74-4029-9585-9036a95842af/build]   | [INFO] Downloading from central: https://repo.maven.apache.org/maven2/org/codehaus/plexus/plexus-archiver/2.1/plexus-archiver-2.1.jar
[17024651-cc74-4029-9585-9036a95842af/build]   | [INFO] Downloading from central: https://repo.maven.apache.org/maven2/org/codehaus/plexus/plexus-io/2.0.2/plexus-io-2.0.2.jar
[17024651-cc74-4029-9585-9036a95842af/build]   | [INFO] Downloaded from central: https://repo.maven.apache.org/maven2/org/apache/maven/maven-archiver/2.5/maven-archiver-2.5.jar (22 kB at 1.1 MB/s)
[17024651-cc74-4029-9585-9036a95842af/build]   | [INFO] Downloading from central: https://repo.maven.apache.org/maven2/commons-lang/commons-lang/2.1/commons-lang-2.1.jar
[17024651-cc74-4029-9585-9036a95842af/build]   | [INFO] Downloaded from central: https://repo.maven.apache.org/maven2/classworlds/classworlds/1.1-alpha-2/classworlds-1.1-alpha-2.jar (38 kB at 1.5 MB/s)
[17024651-cc74-4029-9585-9036a95842af/build]   | [INFO] Downloading from central: https://repo.maven.apache.org/maven2/org/codehaus/plexus/plexus-utils/3.0/plexus-utils-3.0.jar
[17024651-cc74-4029-9585-9036a95842af/build]   | [INFO] Downloaded from central: https://repo.maven.apache.org/maven2/org/codehaus/plexus/plexus-interpolation/1.15/plexus-interpolation-1.15.jar (60 kB at 1.8 MB/s)
[17024651-cc74-4029-9585-9036a95842af/build]   | [INFO] Downloaded from central: https://repo.maven.apache.org/maven2/org/codehaus/plexus/plexus-io/2.0.2/plexus-io-2.0.2.jar (58 kB at 1.8 MB/s)
[17024651-cc74-4029-9585-9036a95842af/build]   | [INFO] Downloaded from central: https://repo.maven.apache.org/maven2/commons-lang/commons-lang/2.1/commons-lang-2.1.jar (208 kB at 4.2 MB/s)
[17024651-cc74-4029-9585-9036a95842af/build]   | [INFO] Downloaded from central: https://repo.maven.apache.org/maven2/org/codehaus/plexus/plexus-archiver/2.1/plexus-archiver-2.1.jar (184 kB at 2.9 MB/s)
[17024651-cc74-4029-9585-9036a95842af/build]   | [INFO] Downloaded from central: https://repo.maven.apache.org/maven2/org/codehaus/plexus/plexus-utils/3.0/plexus-utils-3.0.jar (226 kB at 2.9 MB/s)
[17024651-cc74-4029-9585-9036a95842af/build]   | [INFO] Building jar: /tmp/6e6bdca5-2c61-4df6-aa9d-e215375cac87/target/Java-1.0-SNAPSHOT.jar
[17024651-cc74-4029-9585-9036a95842af/build]   | [INFO] ------------------------------------------------------------------------
[17024651-cc74-4029-9585-9036a95842af/build]   | [INFO] BUILD SUCCESS
[17024651-cc74-4029-9585-9036a95842af/build]   | [INFO] ------------------------------------------------------------------------
[17024651-cc74-4029-9585-9036a95842af/build]   | [INFO] Total time:  50.011 s
[17024651-cc74-4029-9585-9036a95842af/build]   | [INFO] Finished at: 2023-11-27T02:52:20Z
[17024651-cc74-4029-9585-9036a95842af/build]   | [INFO] ------------------------------------------------------------------------
[17024651-cc74-4029-9585-9036a95842af/build]   ‚úÖ  Success - Main Build with Maven
[17024651-cc74-4029-9585-9036a95842af/build] unable to get git ref: failed to identify reference (tag/branch) for the checked-out revision 'e5c7a08874a6c7ff043ec5e3f44b3aac553f4e53'
[17024651-cc74-4029-9585-9036a95842af/build] unable to get git ref: failed to identify reference (tag/branch) for the checked-out revision 'e5c7a08874a6c7ff043ec5e3f44b3aac553f4e53'
[17024651-cc74-4029-9585-9036a95842af/build] unable to get git ref: failed to identify reference (tag/branch) for the checked-out revision 'e5c7a08874a6c7ff043ec5e3f44b3aac553f4e53'
[17024651-cc74-4029-9585-9036a95842af/build] unable to get git ref: failed to identify reference (tag/branch) for the checked-out revision 'e5c7a08874a6c7ff043ec5e3f44b3aac553f4e53'
[17024651-cc74-4029-9585-9036a95842af/build] unable to get git ref: failed to identify reference (tag/branch) for the checked-out revision 'e5c7a08874a6c7ff043ec5e3f44b3aac553f4e53'
[17024651-cc74-4029-9585-9036a95842af/build] ‚≠ê Run Post Set up JDK 17
[17024651-cc74-4029-9585-9036a95842af/build]   üê≥  docker exec cmd=[node /var/run/act/actions/actions-setup-java@v2/dist/cleanup/index.js] user= workdir=
[17024651-cc74-4029-9585-9036a95842af/build]   ‚úÖ  Success - Post Set up JDK 17
[17024651-cc74-4029-9585-9036a95842af/build] üèÅ  Job succeeded
[17024651-cc74-4029-9585-9036a95842af/build] unable to get git ref: failed to identify reference (tag/branch) for the checked-out revision 'e5c7a08874a6c7ff043ec5e3f44b3aac553f4e53'
