[84723c8b-77c1-4c6d-b658-e4d5e5faf83b/Test JDK 11, ubuntu-latest] üöÄ  Start image=crawlergpt:latest
[84723c8b-77c1-4c6d-b658-e4d5e5faf83b/Test JDK 11, ubuntu-latest]   üê≥  docker pull image=crawlergpt:latest platform= username= forcePull=false
[84723c8b-77c1-4c6d-b658-e4d5e5faf83b/Test JDK 11, ubuntu-latest]   üê≥  docker create image=crawlergpt:latest platform= entrypoint=["tail" "-f" "/dev/null"] cmd=[]
[84723c8b-77c1-4c6d-b658-e4d5e5faf83b/Test JDK 11, ubuntu-latest]   üê≥  docker run image=crawlergpt:latest platform= entrypoint=["tail" "-f" "/dev/null"] cmd=[]
[84723c8b-77c1-4c6d-b658-e4d5e5faf83b/Test JDK 11, ubuntu-latest]   üê≥  docker exec cmd=[chown -R 1012:1013 /tmp/ea6d187c-2e5f-4f72-bd09-59227fb22d30] user=0 workdir=
[84723c8b-77c1-4c6d-b658-e4d5e5faf83b/Test JDK 11, ubuntu-latest] unable to get git ref: failed to identify reference (tag/branch) for the checked-out revision '5733e57d35c3adebce3724113ea2acb7cc8e047f'
[84723c8b-77c1-4c6d-b658-e4d5e5faf83b/Test JDK 11, ubuntu-latest] unable to get git ref: failed to identify reference (tag/branch) for the checked-out revision '5733e57d35c3adebce3724113ea2acb7cc8e047f'
[84723c8b-77c1-4c6d-b658-e4d5e5faf83b/Test JDK 11, ubuntu-latest] unable to get git ref: failed to identify reference (tag/branch) for the checked-out revision '5733e57d35c3adebce3724113ea2acb7cc8e047f'
[84723c8b-77c1-4c6d-b658-e4d5e5faf83b/Test JDK 11, ubuntu-latest] üß™  Matrix: map[java:11 os:ubuntu-latest]
[84723c8b-77c1-4c6d-b658-e4d5e5faf83b/Test JDK 11, ubuntu-latest] unable to get git ref: failed to identify reference (tag/branch) for the checked-out revision '5733e57d35c3adebce3724113ea2acb7cc8e047f'
[84723c8b-77c1-4c6d-b658-e4d5e5faf83b/Test JDK 11, ubuntu-latest] unable to get git ref: failed to identify reference (tag/branch) for the checked-out revision '5733e57d35c3adebce3724113ea2acb7cc8e047f'
[84723c8b-77c1-4c6d-b658-e4d5e5faf83b/Test JDK 11, ubuntu-latest] unable to get git ref: failed to identify reference (tag/branch) for the checked-out revision '5733e57d35c3adebce3724113ea2acb7cc8e047f'
[84723c8b-77c1-4c6d-b658-e4d5e5faf83b/Test JDK 11, ubuntu-latest] unable to get git ref: failed to identify reference (tag/branch) for the checked-out revision '5733e57d35c3adebce3724113ea2acb7cc8e047f'
[84723c8b-77c1-4c6d-b658-e4d5e5faf83b/Test JDK 11, ubuntu-latest] unable to get git ref: failed to identify reference (tag/branch) for the checked-out revision '5733e57d35c3adebce3724113ea2acb7cc8e047f'
[84723c8b-77c1-4c6d-b658-e4d5e5faf83b/Test JDK 11, ubuntu-latest] unable to get git ref: failed to identify reference (tag/branch) for the checked-out revision '5733e57d35c3adebce3724113ea2acb7cc8e047f'
[84723c8b-77c1-4c6d-b658-e4d5e5faf83b/Test JDK 11, ubuntu-latest] ‚≠ê Run Main actions/checkout@v1
[84723c8b-77c1-4c6d-b658-e4d5e5faf83b/Test JDK 11, ubuntu-latest] unable to get git ref: failed to identify reference (tag/branch) for the checked-out revision '5733e57d35c3adebce3724113ea2acb7cc8e047f'
[84723c8b-77c1-4c6d-b658-e4d5e5faf83b/Test JDK 11, ubuntu-latest]   ‚úÖ  Success - Main actions/checkout@v1
[84723c8b-77c1-4c6d-b658-e4d5e5faf83b/Test JDK 11, ubuntu-latest] unable to get git ref: failed to identify reference (tag/branch) for the checked-out revision '5733e57d35c3adebce3724113ea2acb7cc8e047f'
[84723c8b-77c1-4c6d-b658-e4d5e5faf83b/Test JDK 11, ubuntu-latest] unable to get git ref: failed to identify reference (tag/branch) for the checked-out revision '5733e57d35c3adebce3724113ea2acb7cc8e047f'
[84723c8b-77c1-4c6d-b658-e4d5e5faf83b/Test JDK 11, ubuntu-latest] unable to get git ref: failed to identify reference (tag/branch) for the checked-out revision '5733e57d35c3adebce3724113ea2acb7cc8e047f'
[84723c8b-77c1-4c6d-b658-e4d5e5faf83b/Test JDK 11, ubuntu-latest] unable to get git ref: failed to identify reference (tag/branch) for the checked-out revision '5733e57d35c3adebce3724113ea2acb7cc8e047f'
[84723c8b-77c1-4c6d-b658-e4d5e5faf83b/Test JDK 11, ubuntu-latest] unable to get git ref: failed to identify reference (tag/branch) for the checked-out revision '5733e57d35c3adebce3724113ea2acb7cc8e047f'
[84723c8b-77c1-4c6d-b658-e4d5e5faf83b/Test JDK 11, ubuntu-latest] ‚≠ê Run Main Set up JDK
[84723c8b-77c1-4c6d-b658-e4d5e5faf83b/Test JDK 11, ubuntu-latest] unable to get git ref: failed to identify reference (tag/branch) for the checked-out revision '5733e57d35c3adebce3724113ea2acb7cc8e047f'
[84723c8b-77c1-4c6d-b658-e4d5e5faf83b/Test JDK 11, ubuntu-latest] unable to get git ref: failed to identify reference (tag/branch) for the checked-out revision '5733e57d35c3adebce3724113ea2acb7cc8e047f'
[84723c8b-77c1-4c6d-b658-e4d5e5faf83b/Test JDK 11, ubuntu-latest] unable to get git ref: failed to identify reference (tag/branch) for the checked-out revision '5733e57d35c3adebce3724113ea2acb7cc8e047f'
[84723c8b-77c1-4c6d-b658-e4d5e5faf83b/Test JDK 11, ubuntu-latest]   üê≥  docker cp src=/tmp/act-cache/a8a265fe-fef4-4fa8-a8cb-4a2265880e6d/act/actions-setup-java@v1/ dst=/var/run/act/actions/actions-setup-java@v1/
[84723c8b-77c1-4c6d-b658-e4d5e5faf83b/Test JDK 11, ubuntu-latest]   üê≥  docker exec cmd=[chown -R 1012:1013 /var/run/act/actions/actions-setup-java@v1/] user=0 workdir=
[84723c8b-77c1-4c6d-b658-e4d5e5faf83b/Test JDK 11, ubuntu-latest]   üê≥  docker exec cmd=[node /var/run/act/actions/actions-setup-java@v1/dist/setup/index.js] user= workdir=
[84723c8b-77c1-4c6d-b658-e4d5e5faf83b/Test JDK 11, ubuntu-latest]   üí¨  ::debug::isExplicit: 
[84723c8b-77c1-4c6d-b658-e4d5e5faf83b/Test JDK 11, ubuntu-latest]   üí¨  ::debug::explicit? false
[84723c8b-77c1-4c6d-b658-e4d5e5faf83b/Test JDK 11, ubuntu-latest]   üí¨  ::debug::evaluating 0 versions
[84723c8b-77c1-4c6d-b658-e4d5e5faf83b/Test JDK 11, ubuntu-latest]   üí¨  ::debug::match not found
[84723c8b-77c1-4c6d-b658-e4d5e5faf83b/Test JDK 11, ubuntu-latest]   üí¨  ::debug::Downloading JDK from Azul
[84723c8b-77c1-4c6d-b658-e4d5e5faf83b/Test JDK 11, ubuntu-latest]   üí¨  ::debug::Searching for files with extension: -linux_x64.tar.gz
[84723c8b-77c1-4c6d-b658-e4d5e5faf83b/Test JDK 11, ubuntu-latest]   üí¨  ::debug::Downloading https://static.azul.com/zulu/bin/zulu11.64.19-ca-jdk11.0.19-linux_x64.tar.gz
[84723c8b-77c1-4c6d-b658-e4d5e5faf83b/Test JDK 11, ubuntu-latest]   üí¨  ::debug::Downloading /tmp/d2a4d4cc-0208-418c-8bc3-168f547e5f29
[84723c8b-77c1-4c6d-b658-e4d5e5faf83b/Test JDK 11, ubuntu-latest]   üí¨  ::debug::download complete
[84723c8b-77c1-4c6d-b658-e4d5e5faf83b/Test JDK 11, ubuntu-latest]   | [command]/usr/bin/tar --version
[84723c8b-77c1-4c6d-b658-e4d5e5faf83b/Test JDK 11, ubuntu-latest]   | tar (GNU tar) 1.30
[84723c8b-77c1-4c6d-b658-e4d5e5faf83b/Test JDK 11, ubuntu-latest]   | Copyright (C) 2017 Free Software Foundation, Inc.
[84723c8b-77c1-4c6d-b658-e4d5e5faf83b/Test JDK 11, ubuntu-latest]   | License GPLv3+: GNU GPL version 3 or later <https://gnu.org/licenses/gpl.html>.
[84723c8b-77c1-4c6d-b658-e4d5e5faf83b/Test JDK 11, ubuntu-latest]   | This is free software: you are free to change and redistribute it.
[84723c8b-77c1-4c6d-b658-e4d5e5faf83b/Test JDK 11, ubuntu-latest]   | There is NO WARRANTY, to the extent permitted by law.
[84723c8b-77c1-4c6d-b658-e4d5e5faf83b/Test JDK 11, ubuntu-latest]   | 
[84723c8b-77c1-4c6d-b658-e4d5e5faf83b/Test JDK 11, ubuntu-latest]   | Written by John Gilmore and Jay Fenlason.
[84723c8b-77c1-4c6d-b658-e4d5e5faf83b/Test JDK 11, ubuntu-latest]   | [command]/usr/bin/tar xz --warning=no-unknown-keyword -C /tmp/temp_1705668524 -f /tmp/d2a4d4cc-0208-418c-8bc3-168f547e5f29
[84723c8b-77c1-4c6d-b658-e4d5e5faf83b/Test JDK 11, ubuntu-latest]   üí¨  ::debug::jdk extracted to /tmp/temp_1705668524/zulu11.64.19-ca-jdk11.0.19-linux_x64
[84723c8b-77c1-4c6d-b658-e4d5e5faf83b/Test JDK 11, ubuntu-latest]   üí¨  ::debug::Caching tool jdk 11.0.19 x64
[84723c8b-77c1-4c6d-b658-e4d5e5faf83b/Test JDK 11, ubuntu-latest]   üí¨  ::debug::source dir: /tmp/temp_1705668524/zulu11.64.19-ca-jdk11.0.19-linux_x64
[84723c8b-77c1-4c6d-b658-e4d5e5faf83b/Test JDK 11, ubuntu-latest]   üí¨  ::debug::destination /opt/hostedtoolcache/jdk/11.0.19/x64
[84723c8b-77c1-4c6d-b658-e4d5e5faf83b/Test JDK 11, ubuntu-latest]   üí¨  ::debug::finished caching tool
[84723c8b-77c1-4c6d-b658-e4d5e5faf83b/Test JDK 11, ubuntu-latest]   ‚ùì add-matcher /run/act/actions/actions-setup-java@v1/.github/java.json
[84723c8b-77c1-4c6d-b658-e4d5e5faf83b/Test JDK 11, ubuntu-latest]   | creating settings.xml with server-id: github; environment variables: username=$GITHUB_ACTOR, password=$GITHUB_TOKEN, and gpg-passphrase=null
[84723c8b-77c1-4c6d-b658-e4d5e5faf83b/Test JDK 11, ubuntu-latest]   üí¨  ::debug::created directory /home/runneradmin/.m2
[84723c8b-77c1-4c6d-b658-e4d5e5faf83b/Test JDK 11, ubuntu-latest]   | writing /home/runneradmin/.m2/settings.xml
[84723c8b-77c1-4c6d-b658-e4d5e5faf83b/Test JDK 11, ubuntu-latest]   ‚úÖ  Success - Main Set up JDK
[84723c8b-77c1-4c6d-b658-e4d5e5faf83b/Test JDK 11, ubuntu-latest]   ‚öô  ::set-env:: JAVA_HOME_11.0.19_x64=/opt/hostedtoolcache/jdk/11.0.19/x64
[84723c8b-77c1-4c6d-b658-e4d5e5faf83b/Test JDK 11, ubuntu-latest]   ‚öô  ::set-env:: JAVA_HOME=/opt/hostedtoolcache/jdk/11.0.19/x64
[84723c8b-77c1-4c6d-b658-e4d5e5faf83b/Test JDK 11, ubuntu-latest]   ‚öô  ::set-env:: JAVA_HOME_11_0_19_X64=/opt/hostedtoolcache/jdk/11.0.19/x64
[84723c8b-77c1-4c6d-b658-e4d5e5faf83b/Test JDK 11, ubuntu-latest]   ‚öô  ::set-output:: path=/opt/hostedtoolcache/jdk/11.0.19/x64
[84723c8b-77c1-4c6d-b658-e4d5e5faf83b/Test JDK 11, ubuntu-latest]   ‚öô  ::set-output:: version=11.0.19
[84723c8b-77c1-4c6d-b658-e4d5e5faf83b/Test JDK 11, ubuntu-latest]   ‚öô  ::add-path:: /opt/hostedtoolcache/jdk/11.0.19/x64/bin
[84723c8b-77c1-4c6d-b658-e4d5e5faf83b/Test JDK 11, ubuntu-latest] unable to get git ref: failed to identify reference (tag/branch) for the checked-out revision '5733e57d35c3adebce3724113ea2acb7cc8e047f'
[84723c8b-77c1-4c6d-b658-e4d5e5faf83b/Test JDK 11, ubuntu-latest] unable to get git ref: failed to identify reference (tag/branch) for the checked-out revision '5733e57d35c3adebce3724113ea2acb7cc8e047f'
[84723c8b-77c1-4c6d-b658-e4d5e5faf83b/Test JDK 11, ubuntu-latest] unable to get git ref: failed to identify reference (tag/branch) for the checked-out revision '5733e57d35c3adebce3724113ea2acb7cc8e047f'
[84723c8b-77c1-4c6d-b658-e4d5e5faf83b/Test JDK 11, ubuntu-latest] unable to get git ref: failed to identify reference (tag/branch) for the checked-out revision '5733e57d35c3adebce3724113ea2acb7cc8e047f'
[84723c8b-77c1-4c6d-b658-e4d5e5faf83b/Test JDK 11, ubuntu-latest] unable to get git ref: failed to identify reference (tag/branch) for the checked-out revision '5733e57d35c3adebce3724113ea2acb7cc8e047f'
[84723c8b-77c1-4c6d-b658-e4d5e5faf83b/Test JDK 11, ubuntu-latest] ‚≠ê Run Main Test with Maven
[84723c8b-77c1-4c6d-b658-e4d5e5faf83b/Test JDK 11, ubuntu-latest] unable to get git ref: failed to identify reference (tag/branch) for the checked-out revision '5733e57d35c3adebce3724113ea2acb7cc8e047f'
[84723c8b-77c1-4c6d-b658-e4d5e5faf83b/Test JDK 11, ubuntu-latest] unable to get git ref: failed to identify reference (tag/branch) for the checked-out revision '5733e57d35c3adebce3724113ea2acb7cc8e047f'
[84723c8b-77c1-4c6d-b658-e4d5e5faf83b/Test JDK 11, ubuntu-latest] unable to get git ref: failed to identify reference (tag/branch) for the checked-out revision '5733e57d35c3adebce3724113ea2acb7cc8e047f'
[84723c8b-77c1-4c6d-b658-e4d5e5faf83b/Test JDK 11, ubuntu-latest] unable to get git ref: failed to identify reference (tag/branch) for the checked-out revision '5733e57d35c3adebce3724113ea2acb7cc8e047f'
[84723c8b-77c1-4c6d-b658-e4d5e5faf83b/Test JDK 11, ubuntu-latest]   üê≥  docker exec cmd=[bash --noprofile --norc -e -o pipefail /var/run/act/workflow/2] user= workdir=
[84723c8b-77c1-4c6d-b658-e4d5e5faf83b/Test JDK 11, ubuntu-latest]   | [INFO] Scanning for projects...
[84723c8b-77c1-4c6d-b658-e4d5e5faf83b/Test JDK 11, ubuntu-latest]   | [INFO] 
[84723c8b-77c1-4c6d-b658-e4d5e5faf83b/Test JDK 11, ubuntu-latest]   | [INFO] --------------------< org.jfree:org.jfree.chart3d >---------------------
[84723c8b-77c1-4c6d-b658-e4d5e5faf83b/Test JDK 11, ubuntu-latest]   | [INFO] Building Orson Charts 2.1-SNAPSHOT
[84723c8b-77c1-4c6d-b658-e4d5e5faf83b/Test JDK 11, ubuntu-latest]   | [INFO] --------------------------------[ jar ]---------------------------------
[84723c8b-77c1-4c6d-b658-e4d5e5faf83b/Test JDK 11, ubuntu-latest]   | [INFO] Downloading from central: https://repo.maven.apache.org/maven2/org/apache/maven/plugins/maven-javadoc-plugin/3.3.1/maven-javadoc-plugin-3.3.1.pom
[84723c8b-77c1-4c6d-b658-e4d5e5faf83b/Test JDK 11, ubuntu-latest]   | [INFO] Downloaded from central: https://repo.maven.apache.org/maven2/org/apache/maven/plugins/maven-javadoc-plugin/3.3.1/maven-javadoc-plugin-3.3.1.pom (21 kB at 68 kB/s)
[84723c8b-77c1-4c6d-b658-e4d5e5faf83b/Test JDK 11, ubuntu-latest]   | [INFO] Downloading from central: https://repo.maven.apache.org/maven2/org/apache/maven/plugins/maven-plugins/34/maven-plugins-34.pom
[84723c8b-77c1-4c6d-b658-e4d5e5faf83b/Test JDK 11, ubuntu-latest]   | [INFO] Downloaded from central: https://repo.maven.apache.org/maven2/org/apache/maven/plugins/maven-plugins/34/maven-plugins-34.pom (11 kB at 562 kB/s)
[84723c8b-77c1-4c6d-b658-e4d5e5faf83b/Test JDK 11, ubuntu-latest]   | [INFO] Downloading from central: https://repo.maven.apache.org/maven2/org/apache/maven/maven-parent/34/maven-parent-34.pom
[84723c8b-77c1-4c6d-b658-e4d5e5faf83b/Test JDK 11, ubuntu-latest]   | [INFO] Downloaded from central: https://repo.maven.apache.org/maven2/org/apache/maven/maven-parent/34/maven-parent-34.pom (43 kB at 2.7 MB/s)
[84723c8b-77c1-4c6d-b658-e4d5e5faf83b/Test JDK 11, ubuntu-latest]   | [INFO] Downloading from central: https://repo.maven.apache.org/maven2/org/apache/apache/23/apache-23.pom
[84723c8b-77c1-4c6d-b658-e4d5e5faf83b/Test JDK 11, ubuntu-latest]   | [INFO] Downloaded from central: https://repo.maven.apache.org/maven2/org/apache/apache/23/apache-23.pom (18 kB at 1.7 MB/s)
[84723c8b-77c1-4c6d-b658-e4d5e5faf83b/Test JDK 11, ubuntu-latest]   | [INFO] Downloading from central: https://repo.maven.apache.org/maven2/org/apache/maven/plugins/maven-javadoc-plugin/3.3.1/maven-javadoc-plugin-3.3.1.jar
[84723c8b-77c1-4c6d-b658-e4d5e5faf83b/Test JDK 11, ubuntu-latest]   | [INFO] Downloaded from central: https://repo.maven.apache.org/maven2/org/apache/maven/plugins/maven-javadoc-plugin/3.3.1/maven-javadoc-plugin-3.3.1.jar (522 kB at 5.2 MB/s)
[84723c8b-77c1-4c6d-b658-e4d5e5faf83b/Test JDK 11, ubuntu-latest]   | [INFO] Downloading from central: https://repo.maven.apache.org/maven2/org/apache/maven/plugins/maven-resources-plugin/3.2.0/maven-resources-plugin-3.2.0.pom
[84723c8b-77c1-4c6d-b658-e4d5e5faf83b/Test JDK 11, ubuntu-latest]   | [INFO] Downloaded from central: https://repo.maven.apache.org/maven2/org/apache/maven/plugins/maven-resources-plugin/3.2.0/maven-resources-plugin-3.2.0.pom (8.1 kB at 449 kB/s)
[84723c8b-77c1-4c6d-b658-e4d5e5faf83b/Test JDK 11, ubuntu-latest]   | [INFO] Downloading from central: https://repo.maven.apache.org/maven2/org/apache/maven/plugins/maven-resources-plugin/3.2.0/maven-resources-plugin-3.2.0.jar
[84723c8b-77c1-4c6d-b658-e4d5e5faf83b/Test JDK 11, ubuntu-latest]   | [INFO] Downloaded from central: https://repo.maven.apache.org/maven2/org/apache/maven/plugins/maven-resources-plugin/3.2.0/maven-resources-plugin-3.2.0.jar (33 kB at 1.2 MB/s)
[84723c8b-77c1-4c6d-b658-e4d5e5faf83b/Test JDK 11, ubuntu-latest]   | [INFO] Downloading from central: https://repo.maven.apache.org/maven2/org/apache/maven/plugins/maven-compiler-plugin/3.8.1/maven-compiler-plugin-3.8.1.pom
[84723c8b-77c1-4c6d-b658-e4d5e5faf83b/Test JDK 11, ubuntu-latest]   | [INFO] Downloaded from central: https://repo.maven.apache.org/maven2/org/apache/maven/plugins/maven-compiler-plugin/3.8.1/maven-compiler-plugin-3.8.1.pom (12 kB at 499 kB/s)
[84723c8b-77c1-4c6d-b658-e4d5e5faf83b/Test JDK 11, ubuntu-latest]   | [INFO] Downloading from central: https://repo.maven.apache.org/maven2/org/apache/maven/plugins/maven-plugins/33/maven-plugins-33.pom
[84723c8b-77c1-4c6d-b658-e4d5e5faf83b/Test JDK 11, ubuntu-latest]   | [INFO] Downloaded from central: https://repo.maven.apache.org/maven2/org/apache/maven/plugins/maven-plugins/33/maven-plugins-33.pom (11 kB at 210 kB/s)
[84723c8b-77c1-4c6d-b658-e4d5e5faf83b/Test JDK 11, ubuntu-latest]   | [INFO] Downloading from central: https://repo.maven.apache.org/maven2/org/apache/maven/maven-parent/33/maven-parent-33.pom
[84723c8b-77c1-4c6d-b658-e4d5e5faf83b/Test JDK 11, ubuntu-latest]   | [INFO] Downloaded from central: https://repo.maven.apache.org/maven2/org/apache/maven/maven-parent/33/maven-parent-33.pom (44 kB at 1.2 MB/s)
[84723c8b-77c1-4c6d-b658-e4d5e5faf83b/Test JDK 11, ubuntu-latest]   | [INFO] Downloading from central: https://repo.maven.apache.org/maven2/org/apache/apache/21/apache-21.pom
[84723c8b-77c1-4c6d-b658-e4d5e5faf83b/Test JDK 11, ubuntu-latest]   | [INFO] Downloaded from central: https://repo.maven.apache.org/maven2/org/apache/apache/21/apache-21.pom (17 kB at 815 kB/s)
[84723c8b-77c1-4c6d-b658-e4d5e5faf83b/Test JDK 11, ubuntu-latest]   | [INFO] Downloading from central: https://repo.maven.apache.org/maven2/org/apache/maven/plugins/maven-compiler-plugin/3.8.1/maven-compiler-plugin-3.8.1.jar
[84723c8b-77c1-4c6d-b658-e4d5e5faf83b/Test JDK 11, ubuntu-latest]   | [INFO] Downloaded from central: https://repo.maven.apache.org/maven2/org/apache/maven/plugins/maven-compiler-plugin/3.8.1/maven-compiler-plugin-3.8.1.jar (62 kB at 4.8 MB/s)
[84723c8b-77c1-4c6d-b658-e4d5e5faf83b/Test JDK 11, ubuntu-latest]   | [INFO] Downloading from central: https://repo.maven.apache.org/maven2/org/apache/maven/plugins/maven-surefire-plugin/2.22.2/maven-surefire-plugin-2.22.2.pom
[84723c8b-77c1-4c6d-b658-e4d5e5faf83b/Test JDK 11, ubuntu-latest]   | [INFO] Downloaded from central: https://repo.maven.apache.org/maven2/org/apache/maven/plugins/maven-surefire-plugin/2.22.2/maven-surefire-plugin-2.22.2.pom (5.0 kB at 312 kB/s)
[84723c8b-77c1-4c6d-b658-e4d5e5faf83b/Test JDK 11, ubuntu-latest]   | [INFO] Downloading from central: https://repo.maven.apache.org/maven2/org/apache/maven/surefire/surefire/2.22.2/surefire-2.22.2.pom
[84723c8b-77c1-4c6d-b658-e4d5e5faf83b/Test JDK 11, ubuntu-latest]   | [INFO] Downloaded from central: https://repo.maven.apache.org/maven2/org/apache/maven/surefire/surefire/2.22.2/surefire-2.22.2.pom (26 kB at 2.0 MB/s)
[84723c8b-77c1-4c6d-b658-e4d5e5faf83b/Test JDK 11, ubuntu-latest]   | [INFO] Downloading from central: https://repo.maven.apache.org/maven2/org/apache/maven/plugins/maven-surefire-plugin/2.22.2/maven-surefire-plugin-2.22.2.jar
[84723c8b-77c1-4c6d-b658-e4d5e5faf83b/Test JDK 11, ubuntu-latest]   | [INFO] Downloaded from central: https://repo.maven.apache.org/maven2/org/apache/maven/plugins/maven-surefire-plugin/2.22.2/maven-surefire-plugin-2.22.2.jar (41 kB at 2.5 MB/s)
[84723c8b-77c1-4c6d-b658-e4d5e5faf83b/Test JDK 11, ubuntu-latest]   | [INFO] Downloading from central: https://repo.maven.apache.org/maven2/org/junit/jupiter/junit-jupiter-api/5.7.2/junit-jupiter-api-5.7.2.pom
[84723c8b-77c1-4c6d-b658-e4d5e5faf83b/Test JDK 11, ubuntu-latest]   | [INFO] Downloaded from central: https://repo.maven.apache.org/maven2/org/junit/jupiter/junit-jupiter-api/5.7.2/junit-jupiter-api-5.7.2.pom (3.2 kB at 118 kB/s)
[84723c8b-77c1-4c6d-b658-e4d5e5faf83b/Test JDK 11, ubuntu-latest]   | [INFO] Downloading from central: https://repo.maven.apache.org/maven2/org/junit/junit-bom/5.7.2/junit-bom-5.7.2.pom
[84723c8b-77c1-4c6d-b658-e4d5e5faf83b/Test JDK 11, ubuntu-latest]   | [INFO] Downloaded from central: https://repo.maven.apache.org/maven2/org/junit/junit-bom/5.7.2/junit-bom-5.7.2.pom (5.1 kB at 196 kB/s)
[84723c8b-77c1-4c6d-b658-e4d5e5faf83b/Test JDK 11, ubuntu-latest]   | [INFO] Downloading from central: https://repo.maven.apache.org/maven2/org/apiguardian/apiguardian-api/1.1.0/apiguardian-api-1.1.0.pom
[84723c8b-77c1-4c6d-b658-e4d5e5faf83b/Test JDK 11, ubuntu-latest]   | [INFO] Downloaded from central: https://repo.maven.apache.org/maven2/org/apiguardian/apiguardian-api/1.1.0/apiguardian-api-1.1.0.pom (1.2 kB at 49 kB/s)
[84723c8b-77c1-4c6d-b658-e4d5e5faf83b/Test JDK 11, ubuntu-latest]   | [INFO] Downloading from central: https://repo.maven.apache.org/maven2/org/opentest4j/opentest4j/1.2.0/opentest4j-1.2.0.pom
[84723c8b-77c1-4c6d-b658-e4d5e5faf83b/Test JDK 11, ubuntu-latest]   | [INFO] Downloaded from central: https://repo.maven.apache.org/maven2/org/opentest4j/opentest4j/1.2.0/opentest4j-1.2.0.pom (1.7 kB at 112 kB/s)
[84723c8b-77c1-4c6d-b658-e4d5e5faf83b/Test JDK 11, ubuntu-latest]   | [INFO] Downloading from central: https://repo.maven.apache.org/maven2/org/junit/platform/junit-platform-commons/1.7.2/junit-platform-commons-1.7.2.pom
[84723c8b-77c1-4c6d-b658-e4d5e5faf83b/Test JDK 11, ubuntu-latest]   | [INFO] Downloaded from central: https://repo.maven.apache.org/maven2/org/junit/platform/junit-platform-commons/1.7.2/junit-platform-commons-1.7.2.pom (2.8 kB at 166 kB/s)
[84723c8b-77c1-4c6d-b658-e4d5e5faf83b/Test JDK 11, ubuntu-latest]   | [INFO] Downloading from central: https://repo.maven.apache.org/maven2/org/junit/jupiter/junit-jupiter-engine/5.7.2/junit-jupiter-engine-5.7.2.pom
[84723c8b-77c1-4c6d-b658-e4d5e5faf83b/Test JDK 11, ubuntu-latest]   | [INFO] Downloaded from central: https://repo.maven.apache.org/maven2/org/junit/jupiter/junit-jupiter-engine/5.7.2/junit-jupiter-engine-5.7.2.pom (3.2 kB at 100 kB/s)
[84723c8b-77c1-4c6d-b658-e4d5e5faf83b/Test JDK 11, ubuntu-latest]   | [INFO] Downloading from central: https://repo.maven.apache.org/maven2/org/junit/platform/junit-platform-engine/1.7.2/junit-platform-engine-1.7.2.pom
[84723c8b-77c1-4c6d-b658-e4d5e5faf83b/Test JDK 11, ubuntu-latest]   | [INFO] Downloaded from central: https://repo.maven.apache.org/maven2/org/junit/platform/junit-platform-engine/1.7.2/junit-platform-engine-1.7.2.pom (3.2 kB at 119 kB/s)
[84723c8b-77c1-4c6d-b658-e4d5e5faf83b/Test JDK 11, ubuntu-latest]   | [INFO] Downloading from central: https://repo.maven.apache.org/maven2/org/junit/jupiter/junit-jupiter-api/5.7.2/junit-jupiter-api-5.7.2.jar
[84723c8b-77c1-4c6d-b658-e4d5e5faf83b/Test JDK 11, ubuntu-latest]   | [INFO] Downloading from central: https://repo.maven.apache.org/maven2/org/opentest4j/opentest4j/1.2.0/opentest4j-1.2.0.jar
[84723c8b-77c1-4c6d-b658-e4d5e5faf83b/Test JDK 11, ubuntu-latest]   | [INFO] Downloading from central: https://repo.maven.apache.org/maven2/org/junit/platform/junit-platform-commons/1.7.2/junit-platform-commons-1.7.2.jar
[84723c8b-77c1-4c6d-b658-e4d5e5faf83b/Test JDK 11, ubuntu-latest]   | [INFO] Downloading from central: https://repo.maven.apache.org/maven2/org/junit/jupiter/junit-jupiter-engine/5.7.2/junit-jupiter-engine-5.7.2.jar
[84723c8b-77c1-4c6d-b658-e4d5e5faf83b/Test JDK 11, ubuntu-latest]   | [INFO] Downloading from central: https://repo.maven.apache.org/maven2/org/apiguardian/apiguardian-api/1.1.0/apiguardian-api-1.1.0.jar
[84723c8b-77c1-4c6d-b658-e4d5e5faf83b/Test JDK 11, ubuntu-latest]   | [INFO] Downloaded from central: https://repo.maven.apache.org/maven2/org/opentest4j/opentest4j/1.2.0/opentest4j-1.2.0.jar (7.7 kB at 132 kB/s)
[84723c8b-77c1-4c6d-b658-e4d5e5faf83b/Test JDK 11, ubuntu-latest]   | [INFO] Downloading from central: https://repo.maven.apache.org/maven2/org/junit/platform/junit-platform-engine/1.7.2/junit-platform-engine-1.7.2.jar
[84723c8b-77c1-4c6d-b658-e4d5e5faf83b/Test JDK 11, ubuntu-latest]   | [INFO] Downloaded from central: https://repo.maven.apache.org/maven2/org/apiguardian/apiguardian-api/1.1.0/apiguardian-api-1.1.0.jar (2.4 kB at 38 kB/s)
[84723c8b-77c1-4c6d-b658-e4d5e5faf83b/Test JDK 11, ubuntu-latest]   | [INFO] Downloaded from central: https://repo.maven.apache.org/maven2/org/junit/platform/junit-platform-commons/1.7.2/junit-platform-commons-1.7.2.jar (100 kB at 1.6 MB/s)
[84723c8b-77c1-4c6d-b658-e4d5e5faf83b/Test JDK 11, ubuntu-latest]   | [INFO] Downloaded from central: https://repo.maven.apache.org/maven2/org/junit/jupiter/junit-jupiter-engine/5.7.2/junit-jupiter-engine-5.7.2.jar (213 kB at 3.4 MB/s)
[84723c8b-77c1-4c6d-b658-e4d5e5faf83b/Test JDK 11, ubuntu-latest]   | [INFO] Downloaded from central: https://repo.maven.apache.org/maven2/org/junit/jupiter/junit-jupiter-api/5.7.2/junit-jupiter-api-5.7.2.jar (176 kB at 2.4 MB/s)
[84723c8b-77c1-4c6d-b658-e4d5e5faf83b/Test JDK 11, ubuntu-latest]   | [INFO] Downloaded from central: https://repo.maven.apache.org/maven2/org/junit/platform/junit-platform-engine/1.7.2/junit-platform-engine-1.7.2.jar (181 kB at 1.7 MB/s)
[84723c8b-77c1-4c6d-b658-e4d5e5faf83b/Test JDK 11, ubuntu-latest]   | [INFO] 
[84723c8b-77c1-4c6d-b658-e4d5e5faf83b/Test JDK 11, ubuntu-latest]   | [INFO] --- maven-resources-plugin:3.2.0:resources (default-resources) @ org.jfree.chart3d ---
[84723c8b-77c1-4c6d-b658-e4d5e5faf83b/Test JDK 11, ubuntu-latest]   | [INFO] Downloading from central: https://repo.maven.apache.org/maven2/org/apache/maven/maven-plugin-api/3.1.0/maven-plugin-api-3.1.0.pom
[84723c8b-77c1-4c6d-b658-e4d5e5faf83b/Test JDK 11, ubuntu-latest]   | [INFO] Downloaded from central: https://repo.maven.apache.org/maven2/org/apache/maven/maven-plugin-api/3.1.0/maven-plugin-api-3.1.0.pom (3.0 kB at 234 kB/s)
[84723c8b-77c1-4c6d-b658-e4d5e5faf83b/Test JDK 11, ubuntu-latest]   | [INFO] Downloading from central: https://repo.maven.apache.org/maven2/org/apache/maven/maven/3.1.0/maven-3.1.0.pom
[84723c8b-77c1-4c6d-b658-e4d5e5faf83b/Test JDK 11, ubuntu-latest]   | [INFO] Downloaded from central: https://repo.maven.apache.org/maven2/org/apache/maven/maven/3.1.0/maven-3.1.0.pom (22 kB at 1.6 MB/s)
[84723c8b-77c1-4c6d-b658-e4d5e5faf83b/Test JDK 11, ubuntu-latest]   | [INFO] Downloading from central: https://repo.maven.apache.org/maven2/org/apache/maven/maven-parent/23/maven-parent-23.pom
[84723c8b-77c1-4c6d-b658-e4d5e5faf83b/Test JDK 11, ubuntu-latest]   | [INFO] Downloaded from central: https://repo.maven.apache.org/maven2/org/apache/maven/maven-parent/23/maven-parent-23.pom (33 kB at 1.2 MB/s)
[84723c8b-77c1-4c6d-b658-e4d5e5faf83b/Test JDK 11, ubuntu-latest]   | [INFO] Downloading from central: https://repo.maven.apache.org/maven2/org/apache/apache/13/apache-13.pom
[84723c8b-77c1-4c6d-b658-e4d5e5faf83b/Test JDK 11, ubuntu-latest]   | [INFO] Downloaded from central: https://repo.maven.apache.org/maven2/org/apache/apache/13/apache-13.pom (14 kB at 699 kB/s)
[84723c8b-77c1-4c6d-b658-e4d5e5faf83b/Test JDK 11, ubuntu-latest]   | [INFO] Downloading from central: https://repo.maven.apache.org/maven2/org/apache/maven/maven-model/3.1.0/maven-model-3.1.0.pom
[84723c8b-77c1-4c6d-b658-e4d5e5faf83b/Test JDK 11, ubuntu-latest]   | [INFO] Downloaded from central: https://repo.maven.apache.org/maven2/org/apache/maven/maven-model/3.1.0/maven-model-3.1.0.pom (3.8 kB at 136 kB/s)
[84723c8b-77c1-4c6d-b658-e4d5e5faf83b/Test JDK 11, ubuntu-latest]   | [INFO] Downloading from central: https://repo.maven.apache.org/maven2/org/codehaus/plexus/plexus-utils/3.0.10/plexus-utils-3.0.10.pom
[84723c8b-77c1-4c6d-b658-e4d5e5faf83b/Test JDK 11, ubuntu-latest]   | [INFO] Downloaded from central: https://repo.maven.apache.org/maven2/org/codehaus/plexus/plexus-utils/3.0.10/plexus-utils-3.0.10.pom (3.1 kB at 242 kB/s)
[84723c8b-77c1-4c6d-b658-e4d5e5faf83b/Test JDK 11, ubuntu-latest]   | [INFO] Downloading from central: https://repo.maven.apache.org/maven2/org/codehaus/plexus/plexus/3.3/plexus-3.3.pom
[84723c8b-77c1-4c6d-b658-e4d5e5faf83b/Test JDK 11, ubuntu-latest]   | [INFO] Downloaded from central: https://repo.maven.apache.org/maven2/org/codehaus/plexus/plexus/3.3/plexus-3.3.pom (20 kB at 498 kB/s)
[84723c8b-77c1-4c6d-b658-e4d5e5faf83b/Test JDK 11, ubuntu-latest]   | [INFO] Downloading from central: https://repo.maven.apache.org/maven2/org/sonatype/spice/spice-parent/17/spice-parent-17.pom
[84723c8b-77c1-4c6d-b658-e4d5e5faf83b/Test JDK 11, ubuntu-latest]   | [INFO] Downloaded from central: https://repo.maven.apache.org/maven2/org/sonatype/spice/spice-parent/17/spice-parent-17.pom (6.8 kB at 294 kB/s)
[84723c8b-77c1-4c6d-b658-e4d5e5faf83b/Test JDK 11, ubuntu-latest]   | [INFO] Downloading from central: https://repo.maven.apache.org/maven2/org/sonatype/forge/forge-parent/10/forge-parent-10.pom
[84723c8b-77c1-4c6d-b658-e4d5e5faf83b/Test JDK 11, ubuntu-latest]   | [INFO] Downloaded from central: https://repo.maven.apache.org/maven2/org/sonatype/forge/forge-parent/10/forge-parent-10.pom (14 kB at 411 kB/s)
[84723c8b-77c1-4c6d-b658-e4d5e5faf83b/Test JDK 11, ubuntu-latest]   | [INFO] Downloading from central: https://repo.maven.apache.org/maven2/org/apache/maven/maven-artifact/3.1.0/maven-artifact-3.1.0.pom
[84723c8b-77c1-4c6d-b658-e4d5e5faf83b/Test JDK 11, ubuntu-latest]   | [INFO] Downloaded from central: https://repo.maven.apache.org/maven2/org/apache/maven/maven-artifact/3.1.0/maven-artifact-3.1.0.pom (1.6 kB at 31 kB/s)
[84723c8b-77c1-4c6d-b658-e4d5e5faf83b/Test JDK 11, ubuntu-latest]   | [INFO] Downloading from central: https://repo.maven.apache.org/maven2/org/eclipse/sisu/org.eclipse.sisu.plexus/0.0.0.M2a/org.eclipse.sisu.plexus-0.0.0.M2a.pom
[84723c8b-77c1-4c6d-b658-e4d5e5faf83b/Test JDK 11, ubuntu-latest]   | [INFO] Downloaded from central: https://repo.maven.apache.org/maven2/org/eclipse/sisu/org.eclipse.sisu.plexus/0.0.0.M2a/org.eclipse.sisu.plexus-0.0.0.M2a.pom (5.9 kB at 281 kB/s)
[84723c8b-77c1-4c6d-b658-e4d5e5faf83b/Test JDK 11, ubuntu-latest]   | [INFO] Downloading from central: https://repo.maven.apache.org/maven2/org/eclipse/sisu/sisu-plexus/0.0.0.M2a/sisu-plexus-0.0.0.M2a.pom
[84723c8b-77c1-4c6d-b658-e4d5e5faf83b/Test JDK 11, ubuntu-latest]   | [INFO] Downloaded from central: https://repo.maven.apache.org/maven2/org/eclipse/sisu/sisu-plexus/0.0.0.M2a/sisu-plexus-0.0.0.M2a.pom (7.9 kB at 528 kB/s)
[84723c8b-77c1-4c6d-b658-e4d5e5faf83b/Test JDK 11, ubuntu-latest]   | [INFO] Downloading from central: https://repo.maven.apache.org/maven2/org/sonatype/oss/oss-parent/7/oss-parent-7.pom
[84723c8b-77c1-4c6d-b658-e4d5e5faf83b/Test JDK 11, ubuntu-latest]   | [INFO] Downloaded from central: https://repo.maven.apache.org/maven2/org/sonatype/oss/oss-parent/7/oss-parent-7.pom (4.8 kB at 322 kB/s)
[84723c8b-77c1-4c6d-b658-e4d5e5faf83b/Test JDK 11, ubuntu-latest]   | [INFO] Downloading from central: https://repo.maven.apache.org/maven2/javax/enterprise/cdi-api/1.0/cdi-api-1.0.pom
[84723c8b-77c1-4c6d-b658-e4d5e5faf83b/Test JDK 11, ubuntu-latest]   | [INFO] Downloaded from central: https://repo.maven.apache.org/maven2/javax/enterprise/cdi-api/1.0/cdi-api-1.0.pom (1.4 kB at 68 kB/s)
[84723c8b-77c1-4c6d-b658-e4d5e5faf83b/Test JDK 11, ubuntu-latest]   | [INFO] Downloading from central: https://repo.maven.apache.org/maven2/org/jboss/weld/weld-api-parent/1.0/weld-api-parent-1.0.pom
[84723c8b-77c1-4c6d-b658-e4d5e5faf83b/Test JDK 11, ubuntu-latest]   | [INFO] Downloaded from central: https://repo.maven.apache.org/maven2/org/jboss/weld/weld-api-parent/1.0/weld-api-parent-1.0.pom (2.4 kB at 196 kB/s)
[84723c8b-77c1-4c6d-b658-e4d5e5faf83b/Test JDK 11, ubuntu-latest]   | [INFO] Downloading from central: https://repo.maven.apache.org/maven2/org/jboss/weld/weld-api-bom/1.0/weld-api-bom-1.0.pom
[84723c8b-77c1-4c6d-b658-e4d5e5faf83b/Test JDK 11, ubuntu-latest]   | [INFO] Downloaded from central: https://repo.maven.apache.org/maven2/org/jboss/weld/weld-api-bom/1.0/weld-api-bom-1.0.pom (7.9 kB at 416 kB/s)
[84723c8b-77c1-4c6d-b658-e4d5e5faf83b/Test JDK 11, ubuntu-latest]   | [INFO] Downloading from central: https://repo.maven.apache.org/maven2/org/jboss/weld/weld-parent/6/weld-parent-6.pom
[84723c8b-77c1-4c6d-b658-e4d5e5faf83b/Test JDK 11, ubuntu-latest]   | [INFO] Downloaded from central: https://repo.maven.apache.org/maven2/org/jboss/weld/weld-parent/6/weld-parent-6.pom (21 kB at 1.9 MB/s)
[84723c8b-77c1-4c6d-b658-e4d5e5faf83b/Test JDK 11, ubuntu-latest]   | [INFO] Downloading from central: https://repo.maven.apache.org/maven2/javax/annotation/jsr250-api/1.0/jsr250-api-1.0.pom
[84723c8b-77c1-4c6d-b658-e4d5e5faf83b/Test JDK 11, ubuntu-latest]   | [INFO] Downloaded from central: https://repo.maven.apache.org/maven2/javax/annotation/jsr250-api/1.0/jsr250-api-1.0.pom (1.0 kB at 22 kB/s)
[84723c8b-77c1-4c6d-b658-e4d5e5faf83b/Test JDK 11, ubuntu-latest]   | [INFO] Downloading from central: https://repo.maven.apache.org/maven2/javax/inject/javax.inject/1/javax.inject-1.pom
[84723c8b-77c1-4c6d-b658-e4d5e5faf83b/Test JDK 11, ubuntu-latest]   | [INFO] Downloaded from central: https://repo.maven.apache.org/maven2/javax/inject/javax.inject/1/javax.inject-1.pom (612 B at 51 kB/s)
[84723c8b-77c1-4c6d-b658-e4d5e5faf83b/Test JDK 11, ubuntu-latest]   | [INFO] Downloading from central: https://repo.maven.apache.org/maven2/com/google/guava/guava/10.0.1/guava-10.0.1.pom
[84723c8b-77c1-4c6d-b658-e4d5e5faf83b/Test JDK 11, ubuntu-latest]   | [INFO] Downloaded from central: https://repo.maven.apache.org/maven2/com/google/guava/guava/10.0.1/guava-10.0.1.pom (5.4 kB at 207 kB/s)
[84723c8b-77c1-4c6d-b658-e4d5e5faf83b/Test JDK 11, ubuntu-latest]   | [INFO] Downloading from central: https://repo.maven.apache.org/maven2/com/google/guava/guava-parent/10.0.1/guava-parent-10.0.1.pom
[84723c8b-77c1-4c6d-b658-e4d5e5faf83b/Test JDK 11, ubuntu-latest]   | [INFO] Downloaded from central: https://repo.maven.apache.org/maven2/com/google/guava/guava-parent/10.0.1/guava-parent-10.0.1.pom (2.0 kB at 98 kB/s)
[84723c8b-77c1-4c6d-b658-e4d5e5faf83b/Test JDK 11, ubuntu-latest]   | [INFO] Downloading from central: https://repo.maven.apache.org/maven2/com/google/code/findbugs/jsr305/1.3.9/jsr305-1.3.9.pom
[84723c8b-77c1-4c6d-b658-e4d5e5faf83b/Test JDK 11, ubuntu-latest]   | [INFO] Downloaded from central: https://repo.maven.apache.org/maven2/com/google/code/findbugs/jsr305/1.3.9/jsr305-1.3.9.pom (965 B at 54 kB/s)
[84723c8b-77c1-4c6d-b658-e4d5e5faf83b/Test JDK 11, ubuntu-latest]   | [INFO] Downloading from central: https://repo.maven.apache.org/maven2/org/sonatype/sisu/sisu-guice/3.1.0/sisu-guice-3.1.0.pom
[84723c8b-77c1-4c6d-b658-e4d5e5faf83b/Test JDK 11, ubuntu-latest]   | [INFO] Downloaded from central: https://repo.maven.apache.org/maven2/org/sonatype/sisu/sisu-guice/3.1.0/sisu-guice-3.1.0.pom (10 kB at 308 kB/s)
[84723c8b-77c1-4c6d-b658-e4d5e5faf83b/Test JDK 11, ubuntu-latest]   | [INFO] Downloading from central: https://repo.maven.apache.org/maven2/org/sonatype/sisu/inject/guice-parent/3.1.0/guice-parent-3.1.0.pom
[84723c8b-77c1-4c6d-b658-e4d5e5faf83b/Test JDK 11, ubuntu-latest]   | [INFO] Downloaded from central: https://repo.maven.apache.org/maven2/org/sonatype/sisu/inject/guice-parent/3.1.0/guice-parent-3.1.0.pom (11 kB at 993 kB/s)
[84723c8b-77c1-4c6d-b658-e4d5e5faf83b/Test JDK 11, ubuntu-latest]   | [INFO] Downloading from central: https://repo.maven.apache.org/maven2/aopalliance/aopalliance/1.0/aopalliance-1.0.pom
[84723c8b-77c1-4c6d-b658-e4d5e5faf83b/Test JDK 11, ubuntu-latest]   | [INFO] Downloaded from central: https://repo.maven.apache.org/maven2/aopalliance/aopalliance/1.0/aopalliance-1.0.pom (363 B at 33 kB/s)
[84723c8b-77c1-4c6d-b658-e4d5e5faf83b/Test JDK 11, ubuntu-latest]   | [INFO] Downloading from central: https://repo.maven.apache.org/maven2/org/eclipse/sisu/org.eclipse.sisu.inject/0.0.0.M2a/org.eclipse.sisu.inject-0.0.0.M2a.pom
[84723c8b-77c1-4c6d-b658-e4d5e5faf83b/Test JDK 11, ubuntu-latest]   | [INFO] Downloaded from central: https://repo.maven.apache.org/maven2/org/eclipse/sisu/org.eclipse.sisu.inject/0.0.0.M2a/org.eclipse.sisu.inject-0.0.0.M2a.pom (5.0 kB at 452 kB/s)
[84723c8b-77c1-4c6d-b658-e4d5e5faf83b/Test JDK 11, ubuntu-latest]   | [INFO] Downloading from central: https://repo.maven.apache.org/maven2/org/eclipse/sisu/sisu-inject/0.0.0.M2a/sisu-inject-0.0.0.M2a.pom
[84723c8b-77c1-4c6d-b658-e4d5e5faf83b/Test JDK 11, ubuntu-latest]   | [INFO] Downloaded from central: https://repo.maven.apache.org/maven2/org/eclipse/sisu/sisu-inject/0.0.0.M2a/sisu-inject-0.0.0.M2a.pom (7.8 kB at 325 kB/s)
[84723c8b-77c1-4c6d-b658-e4d5e5faf83b/Test JDK 11, ubuntu-latest]   | [INFO] Downloading from central: https://repo.maven.apache.org/maven2/asm/asm/3.3.1/asm-3.3.1.pom
[84723c8b-77c1-4c6d-b658-e4d5e5faf83b/Test JDK 11, ubuntu-latest]   | [INFO] Downloaded from central: https://repo.maven.apache.org/maven2/asm/asm/3.3.1/asm-3.3.1.pom (266 B at 19 kB/s)
[84723c8b-77c1-4c6d-b658-e4d5e5faf83b/Test JDK 11, ubuntu-latest]   | [INFO] Downloading from central: https://repo.maven.apache.org/maven2/asm/asm-parent/3.3.1/asm-parent-3.3.1.pom
[84723c8b-77c1-4c6d-b658-e4d5e5faf83b/Test JDK 11, ubuntu-latest]   | [INFO] Downloaded from central: https://repo.maven.apache.org/maven2/asm/asm-parent/3.3.1/asm-parent-3.3.1.pom (4.3 kB at 542 kB/s)
[84723c8b-77c1-4c6d-b658-e4d5e5faf83b/Test JDK 11, ubuntu-latest]   | [INFO] Downloading from central: https://repo.maven.apache.org/maven2/org/codehaus/plexus/plexus-component-annotations/2.0.0/plexus-component-annotations-2.0.0.pom
[84723c8b-77c1-4c6d-b658-e4d5e5faf83b/Test JDK 11, ubuntu-latest]   | [INFO] Downloaded from central: https://repo.maven.apache.org/maven2/org/codehaus/plexus/plexus-component-annotations/2.0.0/plexus-component-annotations-2.0.0.pom (750 B at 44 kB/s)
[84723c8b-77c1-4c6d-b658-e4d5e5faf83b/Test JDK 11, ubuntu-latest]   | [INFO] Downloading from central: https://repo.maven.apache.org/maven2/org/codehaus/plexus/plexus-containers/2.0.0/plexus-containers-2.0.0.pom
[84723c8b-77c1-4c6d-b658-e4d5e5faf83b/Test JDK 11, ubuntu-latest]   | [INFO] Downloaded from central: https://repo.maven.apache.org/maven2/org/codehaus/plexus/plexus-containers/2.0.0/plexus-containers-2.0.0.pom (4.8 kB at 267 kB/s)
[84723c8b-77c1-4c6d-b658-e4d5e5faf83b/Test JDK 11, ubuntu-latest]   | [INFO] Downloading from central: https://repo.maven.apache.org/maven2/org/codehaus/plexus/plexus/5.1/plexus-5.1.pom
[84723c8b-77c1-4c6d-b658-e4d5e5faf83b/Test JDK 11, ubuntu-latest]   | [INFO] Downloaded from central: https://repo.maven.apache.org/maven2/org/codehaus/plexus/plexus/5.1/plexus-5.1.pom (23 kB at 1.4 MB/s)
[84723c8b-77c1-4c6d-b658-e4d5e5faf83b/Test JDK 11, ubuntu-latest]   | [INFO] Downloading from central: https://repo.maven.apache.org/maven2/org/codehaus/plexus/plexus-classworlds/2.4/plexus-classworlds-2.4.pom
[84723c8b-77c1-4c6d-b658-e4d5e5faf83b/Test JDK 11, ubuntu-latest]   | [INFO] Downloaded from central: https://repo.maven.apache.org/maven2/org/codehaus/plexus/plexus-classworlds/2.4/plexus-classworlds-2.4.pom (3.9 kB at 92 kB/s)
[84723c8b-77c1-4c6d-b658-e4d5e5faf83b/Test JDK 11, ubuntu-latest]   | [INFO] Downloading from central: https://repo.maven.apache.org/maven2/org/codehaus/plexus/plexus/2.0.7/plexus-2.0.7.pom
[84723c8b-77c1-4c6d-b658-e4d5e5faf83b/Test JDK 11, ubuntu-latest]   | [INFO] Downloaded from central: https://repo.maven.apache.org/maven2/org/codehaus/plexus/plexus/2.0.7/plexus-2.0.7.pom (17 kB at 910 kB/s)
[84723c8b-77c1-4c6d-b658-e4d5e5faf83b/Test JDK 11, ubuntu-latest]   | [INFO] Downloading from central: https://repo.maven.apache.org/maven2/org/codehaus/plexus/plexus-utils/2.1/plexus-utils-2.1.pom
[84723c8b-77c1-4c6d-b658-e4d5e5faf83b/Test JDK 11, ubuntu-latest]   | [INFO] Downloaded from central: https://repo.maven.apache.org/maven2/org/codehaus/plexus/plexus-utils/2.1/plexus-utils-2.1.pom (4.0 kB at 252 kB/s)
[84723c8b-77c1-4c6d-b658-e4d5e5faf83b/Test JDK 11, ubuntu-latest]   | [INFO] Downloading from central: https://repo.maven.apache.org/maven2/org/sonatype/spice/spice-parent/16/spice-parent-16.pom
[84723c8b-77c1-4c6d-b658-e4d5e5faf83b/Test JDK 11, ubuntu-latest]   | [INFO] Downloaded from central: https://repo.maven.apache.org/maven2/org/sonatype/spice/spice-parent/16/spice-parent-16.pom (8.4 kB at 288 kB/s)
[84723c8b-77c1-4c6d-b658-e4d5e5faf83b/Test JDK 11, ubuntu-latest]   | [INFO] Downloading from central: https://repo.maven.apache.org/maven2/org/sonatype/forge/forge-parent/5/forge-parent-5.pom
[84723c8b-77c1-4c6d-b658-e4d5e5faf83b/Test JDK 11, ubuntu-latest]   | [INFO] Downloaded from central: https://repo.maven.apache.org/maven2/org/sonatype/forge/forge-parent/5/forge-parent-5.pom (8.4 kB at 643 kB/s)
[84723c8b-77c1-4c6d-b658-e4d5e5faf83b/Test JDK 11, ubuntu-latest]   | [INFO] Downloading from central: https://repo.maven.apache.org/maven2/org/apache/maven/maven-core/3.1.0/maven-core-3.1.0.pom
[84723c8b-77c1-4c6d-b658-e4d5e5faf83b/Test JDK 11, ubuntu-latest]   | [INFO] Downloaded from central: https://repo.maven.apache.org/maven2/org/apache/maven/maven-core/3.1.0/maven-core-3.1.0.pom (6.9 kB at 330 kB/s)
[84723c8b-77c1-4c6d-b658-e4d5e5faf83b/Test JDK 11, ubuntu-latest]   | [INFO] Downloading from central: https://repo.maven.apache.org/maven2/org/apache/maven/maven-settings/3.1.0/maven-settings-3.1.0.pom
[84723c8b-77c1-4c6d-b658-e4d5e5faf83b/Test JDK 11, ubuntu-latest]   | [INFO] Downloaded from central: https://repo.maven.apache.org/maven2/org/apache/maven/maven-settings/3.1.0/maven-settings-3.1.0.pom (1.8 kB at 115 kB/s)
[84723c8b-77c1-4c6d-b658-e4d5e5faf83b/Test JDK 11, ubuntu-latest]   | [INFO] Downloading from central: https://repo.maven.apache.org/maven2/org/apache/maven/maven-settings-builder/3.1.0/maven-settings-builder-3.1.0.pom
[84723c8b-77c1-4c6d-b658-e4d5e5faf83b/Test JDK 11, ubuntu-latest]   | [INFO] Downloaded from central: https://repo.maven.apache.org/maven2/org/apache/maven/maven-settings-builder/3.1.0/maven-settings-builder-3.1.0.pom (2.3 kB at 174 kB/s)
[84723c8b-77c1-4c6d-b658-e4d5e5faf83b/Test JDK 11, ubuntu-latest]   | [INFO] Downloading from central: https://repo.maven.apache.org/maven2/org/codehaus/plexus/plexus-interpolation/1.16/plexus-interpolation-1.16.pom
[84723c8b-77c1-4c6d-b658-e4d5e5faf83b/Test JDK 11, ubuntu-latest]   | [INFO] Downloaded from central: https://repo.maven.apache.org/maven2/org/codehaus/plexus/plexus-interpolation/1.16/plexus-interpolation-1.16.pom (1.0 kB at 31 kB/s)
[84723c8b-77c1-4c6d-b658-e4d5e5faf83b/Test JDK 11, ubuntu-latest]   | [INFO] Downloading from central: https://repo.maven.apache.org/maven2/org/codehaus/plexus/plexus-components/1.3/plexus-components-1.3.pom
[84723c8b-77c1-4c6d-b658-e4d5e5faf83b/Test JDK 11, ubuntu-latest]   | [INFO] Downloaded from central: https://repo.maven.apache.org/maven2/org/codehaus/plexus/plexus-components/1.3/plexus-components-1.3.pom (3.1 kB at 90 kB/s)
[84723c8b-77c1-4c6d-b658-e4d5e5faf83b/Test JDK 11, ubuntu-latest]   | [INFO] Downloading from central: https://repo.maven.apache.org/maven2/org/sonatype/plexus/plexus-sec-dispatcher/1.3/plexus-sec-dispatcher-1.3.pom
[84723c8b-77c1-4c6d-b658-e4d5e5faf83b/Test JDK 11, ubuntu-latest]   | [INFO] Downloaded from central: https://repo.maven.apache.org/maven2/org/sonatype/plexus/plexus-sec-dispatcher/1.3/plexus-sec-dispatcher-1.3.pom (3.0 kB at 164 kB/s)
[84723c8b-77c1-4c6d-b658-e4d5e5faf83b/Test JDK 11, ubuntu-latest]   | [INFO] Downloading from central: https://repo.maven.apache.org/maven2/org/sonatype/spice/spice-parent/12/spice-parent-12.pom
[84723c8b-77c1-4c6d-b658-e4d5e5faf83b/Test JDK 11, ubuntu-latest]   | [INFO] Downloaded from central: https://repo.maven.apache.org/maven2/org/sonatype/spice/spice-parent/12/spice-parent-12.pom (6.8 kB at 252 kB/s)
[84723c8b-77c1-4c6d-b658-e4d5e5faf83b/Test JDK 11, ubuntu-latest]   | [INFO] Downloading from central: https://repo.maven.apache.org/maven2/org/sonatype/forge/forge-parent/4/forge-parent-4.pom
[84723c8b-77c1-4c6d-b658-e4d5e5faf83b/Test JDK 11, ubuntu-latest]   | [INFO] Downloaded from central: https://repo.maven.apache.org/maven2/org/sonatype/forge/forge-parent/4/forge-parent-4.pom (8.4 kB at 763 kB/s)
[84723c8b-77c1-4c6d-b658-e4d5e5faf83b/Test JDK 11, ubuntu-latest]   | [INFO] Downloading from central: https://repo.maven.apache.org/maven2/org/codehaus/plexus/plexus-utils/1.5.5/plexus-utils-1.5.5.pom
[84723c8b-77c1-4c6d-b658-e4d5e5faf83b/Test JDK 11, ubuntu-latest]   | [INFO] Downloaded from central: https://repo.maven.apache.org/maven2/org/codehaus/plexus/plexus-utils/1.5.5/plexus-utils-1.5.5.pom (5.1 kB at 303 kB/s)
[84723c8b-77c1-4c6d-b658-e4d5e5faf83b/Test JDK 11, ubuntu-latest]   | [INFO] Downloading from central: https://repo.maven.apache.org/maven2/org/codehaus/plexus/plexus/1.0.11/plexus-1.0.11.pom
[84723c8b-77c1-4c6d-b658-e4d5e5faf83b/Test JDK 11, ubuntu-latest]   | [INFO] Downloaded from central: https://repo.maven.apache.org/maven2/org/codehaus/plexus/plexus/1.0.11/plexus-1.0.11.pom (9.0 kB at 472 kB/s)
[84723c8b-77c1-4c6d-b658-e4d5e5faf83b/Test JDK 11, ubuntu-latest]   | [INFO] Downloading from central: https://repo.maven.apache.org/maven2/org/sonatype/plexus/plexus-cipher/1.4/plexus-cipher-1.4.pom
[84723c8b-77c1-4c6d-b658-e4d5e5faf83b/Test JDK 11, ubuntu-latest]   | [INFO] Downloaded from central: https://repo.maven.apache.org/maven2/org/sonatype/plexus/plexus-cipher/1.4/plexus-cipher-1.4.pom (2.1 kB at 90 kB/s)
[84723c8b-77c1-4c6d-b658-e4d5e5faf83b/Test JDK 11, ubuntu-latest]   | [INFO] Downloading from central: https://repo.maven.apache.org/maven2/org/apache/maven/maven-repository-metadata/3.1.0/maven-repository-metadata-3.1.0.pom
[84723c8b-77c1-4c6d-b658-e4d5e5faf83b/Test JDK 11, ubuntu-latest]   | [INFO] Downloaded from central: https://repo.maven.apache.org/maven2/org/apache/maven/maven-repository-metadata/3.1.0/maven-repository-metadata-3.1.0.pom (1.9 kB at 95 kB/s)
[84723c8b-77c1-4c6d-b658-e4d5e5faf83b/Test JDK 11, ubuntu-latest]   | [INFO] Downloading from central: https://repo.maven.apache.org/maven2/org/apache/maven/maven-model-builder/3.1.0/maven-model-builder-3.1.0.pom
[84723c8b-77c1-4c6d-b658-e4d5e5faf83b/Test JDK 11, ubuntu-latest]   | [INFO] Downloaded from central: https://repo.maven.apache.org/maven2/org/apache/maven/maven-model-builder/3.1.0/maven-model-builder-3.1.0.pom (2.5 kB at 112 kB/s)
[84723c8b-77c1-4c6d-b658-e4d5e5faf83b/Test JDK 11, ubuntu-latest]   | [INFO] Downloading from central: https://repo.maven.apache.org/maven2/org/apache/maven/maven-aether-provider/3.1.0/maven-aether-provider-3.1.0.pom
[84723c8b-77c1-4c6d-b658-e4d5e5faf83b/Test JDK 11, ubuntu-latest]   | [INFO] Downloaded from central: https://repo.maven.apache.org/maven2/org/apache/maven/maven-aether-provider/3.1.0/maven-aether-provider-3.1.0.pom (3.5 kB at 208 kB/s)
[84723c8b-77c1-4c6d-b658-e4d5e5faf83b/Test JDK 11, ubuntu-latest]   | [INFO] Downloading from central: https://repo.maven.apache.org/maven2/org/eclipse/aether/aether-api/0.9.0.M2/aether-api-0.9.0.M2.pom
[84723c8b-77c1-4c6d-b658-e4d5e5faf83b/Test JDK 11, ubuntu-latest]   | [INFO] Downloaded from central: https://repo.maven.apache.org/maven2/org/eclipse/aether/aether-api/0.9.0.M2/aether-api-0.9.0.M2.pom (1.7 kB at 124 kB/s)
[84723c8b-77c1-4c6d-b658-e4d5e5faf83b/Test JDK 11, ubuntu-latest]   | [INFO] Downloading from central: https://repo.maven.apache.org/maven2/org/eclipse/aether/aether/0.9.0.M2/aether-0.9.0.M2.pom
[84723c8b-77c1-4c6d-b658-e4d5e5faf83b/Test JDK 11, ubuntu-latest]   | [INFO] Downloaded from central: https://repo.maven.apache.org/maven2/org/eclipse/aether/aether/0.9.0.M2/aether-0.9.0.M2.pom (28 kB at 871 kB/s)
[84723c8b-77c1-4c6d-b658-e4d5e5faf83b/Test JDK 11, ubuntu-latest]   | [INFO] Downloading from central: https://repo.maven.apache.org/maven2/org/eclipse/aether/aether-spi/0.9.0.M2/aether-spi-0.9.0.M2.pom
[84723c8b-77c1-4c6d-b658-e4d5e5faf83b/Test JDK 11, ubuntu-latest]   | [INFO] Downloaded from central: https://repo.maven.apache.org/maven2/org/eclipse/aether/aether-spi/0.9.0.M2/aether-spi-0.9.0.M2.pom (1.8 kB at 126 kB/s)
[84723c8b-77c1-4c6d-b658-e4d5e5faf83b/Test JDK 11, ubuntu-latest]   | [INFO] Downloading from central: https://repo.maven.apache.org/maven2/org/eclipse/aether/aether-util/0.9.0.M2/aether-util-0.9.0.M2.pom
[84723c8b-77c1-4c6d-b658-e4d5e5faf83b/Test JDK 11, ubuntu-latest]   | [INFO] Downloaded from central: https://repo.maven.apache.org/maven2/org/eclipse/aether/aether-util/0.9.0.M2/aether-util-0.9.0.M2.pom (2.0 kB at 136 kB/s)
[84723c8b-77c1-4c6d-b658-e4d5e5faf83b/Test JDK 11, ubuntu-latest]   | [INFO] Downloading from central: https://repo.maven.apache.org/maven2/org/eclipse/aether/aether-impl/0.9.0.M2/aether-impl-0.9.0.M2.pom
[84723c8b-77c1-4c6d-b658-e4d5e5faf83b/Test JDK 11, ubuntu-latest]   | [INFO] Downloaded from central: https://repo.maven.apache.org/maven2/org/eclipse/aether/aether-impl/0.9.0.M2/aether-impl-0.9.0.M2.pom (3.3 kB at 258 kB/s)
[84723c8b-77c1-4c6d-b658-e4d5e5faf83b/Test JDK 11, ubuntu-latest]   | [INFO] Downloading from central: https://repo.maven.apache.org/maven2/org/codehaus/plexus/plexus-classworlds/2.4.2/plexus-classworlds-2.4.2.pom
[84723c8b-77c1-4c6d-b658-e4d5e5faf83b/Test JDK 11, ubuntu-latest]   | [INFO] Downloaded from central: https://repo.maven.apache.org/maven2/org/codehaus/plexus/plexus-classworlds/2.4.2/plexus-classworlds-2.4.2.pom (3.5 kB at 219 kB/s)
[84723c8b-77c1-4c6d-b658-e4d5e5faf83b/Test JDK 11, ubuntu-latest]   | [INFO] Downloading from central: https://repo.maven.apache.org/maven2/org/codehaus/plexus/plexus/3.0.1/plexus-3.0.1.pom
[84723c8b-77c1-4c6d-b658-e4d5e5faf83b/Test JDK 11, ubuntu-latest]   | [INFO] Downloaded from central: https://repo.maven.apache.org/maven2/org/codehaus/plexus/plexus/3.0.1/plexus-3.0.1.pom (19 kB at 582 kB/s)
[84723c8b-77c1-4c6d-b658-e4d5e5faf83b/Test JDK 11, ubuntu-latest]   | [INFO] Downloading from central: https://repo.maven.apache.org/maven2/org/codehaus/plexus/plexus-interpolation/1.26/plexus-interpolation-1.26.pom
[84723c8b-77c1-4c6d-b658-e4d5e5faf83b/Test JDK 11, ubuntu-latest]   | [INFO] Downloaded from central: https://repo.maven.apache.org/maven2/org/codehaus/plexus/plexus-interpolation/1.26/plexus-interpolation-1.26.pom (2.7 kB at 177 kB/s)
[84723c8b-77c1-4c6d-b658-e4d5e5faf83b/Test JDK 11, ubuntu-latest]   | [INFO] Downloading from central: https://repo.maven.apache.org/maven2/org/apache/maven/shared/maven-filtering/3.2.0/maven-filtering-3.2.0.pom
[84723c8b-77c1-4c6d-b658-e4d5e5faf83b/Test JDK 11, ubuntu-latest]   | [INFO] Downloaded from central: https://repo.maven.apache.org/maven2/org/apache/maven/shared/maven-filtering/3.2.0/maven-filtering-3.2.0.pom (6.8 kB at 206 kB/s)
[84723c8b-77c1-4c6d-b658-e4d5e5faf83b/Test JDK 11, ubuntu-latest]   | [INFO] Downloading from central: https://repo.maven.apache.org/maven2/org/apache/maven/shared/maven-shared-components/34/maven-shared-components-34.pom
[84723c8b-77c1-4c6d-b658-e4d5e5faf83b/Test JDK 11, ubuntu-latest]   | [INFO] Downloaded from central: https://repo.maven.apache.org/maven2/org/apache/maven/shared/maven-shared-components/34/maven-shared-components-34.pom (5.1 kB at 425 kB/s)
[84723c8b-77c1-4c6d-b658-e4d5e5faf83b/Test JDK 11, ubuntu-latest]   | [INFO] Downloading from central: https://repo.maven.apache.org/maven2/org/apache/maven/shared/maven-shared-utils/3.3.3/maven-shared-utils-3.3.3.pom
[84723c8b-77c1-4c6d-b658-e4d5e5faf83b/Test JDK 11, ubuntu-latest]   | [INFO] Downloaded from central: https://repo.maven.apache.org/maven2/org/apache/maven/shared/maven-shared-utils/3.3.3/maven-shared-utils-3.3.3.pom (5.8 kB at 192 kB/s)
[84723c8b-77c1-4c6d-b658-e4d5e5faf83b/Test JDK 11, ubuntu-latest]   | [INFO] Downloading from central: https://repo.maven.apache.org/maven2/commons-io/commons-io/2.6/commons-io-2.6.pom
[84723c8b-77c1-4c6d-b658-e4d5e5faf83b/Test JDK 11, ubuntu-latest]   | [INFO] Downloaded from central: https://repo.maven.apache.org/maven2/commons-io/commons-io/2.6/commons-io-2.6.pom (14 kB at 594 kB/s)
[84723c8b-77c1-4c6d-b658-e4d5e5faf83b/Test JDK 11, ubuntu-latest]   | [INFO] Downloading from central: https://repo.maven.apache.org/maven2/org/apache/commons/commons-parent/42/commons-parent-42.pom
[84723c8b-77c1-4c6d-b658-e4d5e5faf83b/Test JDK 11, ubuntu-latest]   | [INFO] Downloaded from central: https://repo.maven.apache.org/maven2/org/apache/commons/commons-parent/42/commons-parent-42.pom (68 kB at 1.6 MB/s)
[84723c8b-77c1-4c6d-b658-e4d5e5faf83b/Test JDK 11, ubuntu-latest]   | [INFO] Downloading from central: https://repo.maven.apache.org/maven2/org/apache/apache/18/apache-18.pom
[84723c8b-77c1-4c6d-b658-e4d5e5faf83b/Test JDK 11, ubuntu-latest]   | [INFO] Downloaded from central: https://repo.maven.apache.org/maven2/org/apache/apache/18/apache-18.pom (16 kB at 320 kB/s)
[84723c8b-77c1-4c6d-b658-e4d5e5faf83b/Test JDK 11, ubuntu-latest]   | [INFO] Downloading from central: https://repo.maven.apache.org/maven2/org/codehaus/plexus/plexus-utils/3.3.0/plexus-utils-3.3.0.pom
[84723c8b-77c1-4c6d-b658-e4d5e5faf83b/Test JDK 11, ubuntu-latest]   | [INFO] Downloaded from central: https://repo.maven.apache.org/maven2/org/codehaus/plexus/plexus-utils/3.3.0/plexus-utils-3.3.0.pom (5.2 kB at 576 kB/s)
[84723c8b-77c1-4c6d-b658-e4d5e5faf83b/Test JDK 11, ubuntu-latest]   | [INFO] Downloading from central: https://repo.maven.apache.org/maven2/org/sonatype/plexus/plexus-build-api/0.0.7/plexus-build-api-0.0.7.pom
[84723c8b-77c1-4c6d-b658-e4d5e5faf83b/Test JDK 11, ubuntu-latest]   | [INFO] Downloaded from central: https://repo.maven.apache.org/maven2/org/sonatype/plexus/plexus-build-api/0.0.7/plexus-build-api-0.0.7.pom (3.2 kB at 84 kB/s)
[84723c8b-77c1-4c6d-b658-e4d5e5faf83b/Test JDK 11, ubuntu-latest]   | [INFO] Downloading from central: https://repo.maven.apache.org/maven2/org/sonatype/spice/spice-parent/15/spice-parent-15.pom
[84723c8b-77c1-4c6d-b658-e4d5e5faf83b/Test JDK 11, ubuntu-latest]   | [INFO] Downloaded from central: https://repo.maven.apache.org/maven2/org/sonatype/spice/spice-parent/15/spice-parent-15.pom (8.4 kB at 348 kB/s)
[84723c8b-77c1-4c6d-b658-e4d5e5faf83b/Test JDK 11, ubuntu-latest]   | [INFO] Downloading from central: https://repo.maven.apache.org/maven2/org/codehaus/plexus/plexus-utils/1.5.8/plexus-utils-1.5.8.pom
[84723c8b-77c1-4c6d-b658-e4d5e5faf83b/Test JDK 11, ubuntu-latest]   | [INFO] Downloaded from central: https://repo.maven.apache.org/maven2/org/codehaus/plexus/plexus-utils/1.5.8/plexus-utils-1.5.8.pom (8.1 kB at 323 kB/s)
[84723c8b-77c1-4c6d-b658-e4d5e5faf83b/Test JDK 11, ubuntu-latest]   | [INFO] Downloading from central: https://repo.maven.apache.org/maven2/org/codehaus/plexus/plexus/2.0.2/plexus-2.0.2.pom
[84723c8b-77c1-4c6d-b658-e4d5e5faf83b/Test JDK 11, ubuntu-latest]   | [INFO] Downloaded from central: https://repo.maven.apache.org/maven2/org/codehaus/plexus/plexus/2.0.2/plexus-2.0.2.pom (12 kB at 726 kB/s)
[84723c8b-77c1-4c6d-b658-e4d5e5faf83b/Test JDK 11, ubuntu-latest]   | [INFO] Downloading from central: https://repo.maven.apache.org/maven2/org/apache/commons/commons-lang3/3.8.1/commons-lang3-3.8.1.pom
[84723c8b-77c1-4c6d-b658-e4d5e5faf83b/Test JDK 11, ubuntu-latest]   | [INFO] Downloaded from central: https://repo.maven.apache.org/maven2/org/apache/commons/commons-lang3/3.8.1/commons-lang3-3.8.1.pom (28 kB at 1.5 MB/s)
[84723c8b-77c1-4c6d-b658-e4d5e5faf83b/Test JDK 11, ubuntu-latest]   | [INFO] Downloading from central: https://repo.maven.apache.org/maven2/org/apache/commons/commons-parent/47/commons-parent-47.pom
[84723c8b-77c1-4c6d-b658-e4d5e5faf83b/Test JDK 11, ubuntu-latest]   | [INFO] Downloaded from central: https://repo.maven.apache.org/maven2/org/apache/commons/commons-parent/47/commons-parent-47.pom (78 kB at 5.5 MB/s)
[84723c8b-77c1-4c6d-b658-e4d5e5faf83b/Test JDK 11, ubuntu-latest]   | [INFO] Downloading from central: https://repo.maven.apache.org/maven2/org/apache/apache/19/apache-19.pom
[84723c8b-77c1-4c6d-b658-e4d5e5faf83b/Test JDK 11, ubuntu-latest]   | [INFO] Downloaded from central: https://repo.maven.apache.org/maven2/org/apache/apache/19/apache-19.pom (15 kB at 774 kB/s)
[84723c8b-77c1-4c6d-b658-e4d5e5faf83b/Test JDK 11, ubuntu-latest]   | [INFO] Downloading from central: https://repo.maven.apache.org/maven2/org/apache/maven/maven-plugin-api/3.1.0/maven-plugin-api-3.1.0.jar
[84723c8b-77c1-4c6d-b658-e4d5e5faf83b/Test JDK 11, ubuntu-latest]   | [INFO] Downloading from central: https://repo.maven.apache.org/maven2/org/apache/maven/maven-artifact/3.1.0/maven-artifact-3.1.0.jar
[84723c8b-77c1-4c6d-b658-e4d5e5faf83b/Test JDK 11, ubuntu-latest]   | [INFO] Downloading from central: https://repo.maven.apache.org/maven2/org/apache/maven/maven-core/3.1.0/maven-core-3.1.0.jar
[84723c8b-77c1-4c6d-b658-e4d5e5faf83b/Test JDK 11, ubuntu-latest]   | [INFO] Downloading from central: https://repo.maven.apache.org/maven2/org/apache/maven/maven-settings/3.1.0/maven-settings-3.1.0.jar
[84723c8b-77c1-4c6d-b658-e4d5e5faf83b/Test JDK 11, ubuntu-latest]   | [INFO] Downloading from central: https://repo.maven.apache.org/maven2/org/apache/maven/maven-settings-builder/3.1.0/maven-settings-builder-3.1.0.jar
[84723c8b-77c1-4c6d-b658-e4d5e5faf83b/Test JDK 11, ubuntu-latest]   | [INFO] Downloaded from central: https://repo.maven.apache.org/maven2/org/apache/maven/maven-artifact/3.1.0/maven-artifact-3.1.0.jar (52 kB at 1.7 MB/s)
[84723c8b-77c1-4c6d-b658-e4d5e5faf83b/Test JDK 11, ubuntu-latest]   | [INFO] Downloading from central: https://repo.maven.apache.org/maven2/org/apache/maven/maven-repository-metadata/3.1.0/maven-repository-metadata-3.1.0.jar
[84723c8b-77c1-4c6d-b658-e4d5e5faf83b/Test JDK 11, ubuntu-latest]   | [INFO] Downloaded from central: https://repo.maven.apache.org/maven2/org/apache/maven/maven-settings/3.1.0/maven-settings-3.1.0.jar (47 kB at 1.1 MB/s)
[84723c8b-77c1-4c6d-b658-e4d5e5faf83b/Test JDK 11, ubuntu-latest]   | [INFO] Downloading from central: https://repo.maven.apache.org/maven2/org/apache/maven/maven-model-builder/3.1.0/maven-model-builder-3.1.0.jar
[84723c8b-77c1-4c6d-b658-e4d5e5faf83b/Test JDK 11, ubuntu-latest]   | [INFO] Downloaded from central: https://repo.maven.apache.org/maven2/org/apache/maven/maven-plugin-api/3.1.0/maven-plugin-api-3.1.0.jar (50 kB at 1.0 MB/s)
[84723c8b-77c1-4c6d-b658-e4d5e5faf83b/Test JDK 11, ubuntu-latest]   | [INFO] Downloading from central: https://repo.maven.apache.org/maven2/org/apache/maven/maven-aether-provider/3.1.0/maven-aether-provider-3.1.0.jar
[84723c8b-77c1-4c6d-b658-e4d5e5faf83b/Test JDK 11, ubuntu-latest]   | [INFO] Downloaded from central: https://repo.maven.apache.org/maven2/org/apache/maven/maven-repository-metadata/3.1.0/maven-repository-metadata-3.1.0.jar (30 kB at 614 kB/s)
[84723c8b-77c1-4c6d-b658-e4d5e5faf83b/Test JDK 11, ubuntu-latest]   | [INFO] Downloading from central: https://repo.maven.apache.org/maven2/org/eclipse/aether/aether-spi/0.9.0.M2/aether-spi-0.9.0.M2.jar
[84723c8b-77c1-4c6d-b658-e4d5e5faf83b/Test JDK 11, ubuntu-latest]   | [INFO] Downloaded from central: https://repo.maven.apache.org/maven2/org/apache/maven/maven-settings-builder/3.1.0/maven-settings-builder-3.1.0.jar (41 kB at 797 kB/s)
[84723c8b-77c1-4c6d-b658-e4d5e5faf83b/Test JDK 11, ubuntu-latest]   | [INFO] Downloading from central: https://repo.maven.apache.org/maven2/org/eclipse/aether/aether-impl/0.9.0.M2/aether-impl-0.9.0.M2.jar
[84723c8b-77c1-4c6d-b658-e4d5e5faf83b/Test JDK 11, ubuntu-latest]   | [INFO] Downloaded from central: https://repo.maven.apache.org/maven2/org/apache/maven/maven-core/3.1.0/maven-core-3.1.0.jar (563 kB at 9.1 MB/s)
[84723c8b-77c1-4c6d-b658-e4d5e5faf83b/Test JDK 11, ubuntu-latest]   | [INFO] Downloading from central: https://repo.maven.apache.org/maven2/org/eclipse/aether/aether-api/0.9.0.M2/aether-api-0.9.0.M2.jar
[84723c8b-77c1-4c6d-b658-e4d5e5faf83b/Test JDK 11, ubuntu-latest]   | [INFO] Downloaded from central: https://repo.maven.apache.org/maven2/org/apache/maven/maven-model-builder/3.1.0/maven-model-builder-3.1.0.jar (159 kB at 2.3 MB/s)
[84723c8b-77c1-4c6d-b658-e4d5e5faf83b/Test JDK 11, ubuntu-latest]   | [INFO] Downloaded from central: https://repo.maven.apache.org/maven2/org/eclipse/aether/aether-spi/0.9.0.M2/aether-spi-0.9.0.M2.jar (18 kB at 260 kB/s)
[84723c8b-77c1-4c6d-b658-e4d5e5faf83b/Test JDK 11, ubuntu-latest]   | [INFO] Downloading from central: https://repo.maven.apache.org/maven2/org/codehaus/plexus/plexus-utils/3.0.10/plexus-utils-3.0.10.jar
[84723c8b-77c1-4c6d-b658-e4d5e5faf83b/Test JDK 11, ubuntu-latest]   | [INFO] Downloading from central: https://repo.maven.apache.org/maven2/org/eclipse/aether/aether-util/0.9.0.M2/aether-util-0.9.0.M2.jar
[84723c8b-77c1-4c6d-b658-e4d5e5faf83b/Test JDK 11, ubuntu-latest]   | [INFO] Downloaded from central: https://repo.maven.apache.org/maven2/org/apache/maven/maven-aether-provider/3.1.0/maven-aether-provider-3.1.0.jar (60 kB at 801 kB/s)
[84723c8b-77c1-4c6d-b658-e4d5e5faf83b/Test JDK 11, ubuntu-latest]   | [INFO] Downloading from central: https://repo.maven.apache.org/maven2/org/codehaus/plexus/plexus-classworlds/2.4.2/plexus-classworlds-2.4.2.jar
[84723c8b-77c1-4c6d-b658-e4d5e5faf83b/Test JDK 11, ubuntu-latest]   | [INFO] Downloaded from central: https://repo.maven.apache.org/maven2/org/eclipse/aether/aether-api/0.9.0.M2/aether-api-0.9.0.M2.jar (134 kB at 1.5 MB/s)
[84723c8b-77c1-4c6d-b658-e4d5e5faf83b/Test JDK 11, ubuntu-latest]   | [INFO] Downloading from central: https://repo.maven.apache.org/maven2/org/sonatype/plexus/plexus-sec-dispatcher/1.3/plexus-sec-dispatcher-1.3.jar
[84723c8b-77c1-4c6d-b658-e4d5e5faf83b/Test JDK 11, ubuntu-latest]   | [INFO] Downloaded from central: https://repo.maven.apache.org/maven2/org/codehaus/plexus/plexus-classworlds/2.4.2/plexus-classworlds-2.4.2.jar (47 kB at 516 kB/s)
[84723c8b-77c1-4c6d-b658-e4d5e5faf83b/Test JDK 11, ubuntu-latest]   | [INFO] Downloading from central: https://repo.maven.apache.org/maven2/org/sonatype/plexus/plexus-cipher/1.4/plexus-cipher-1.4.jar
[84723c8b-77c1-4c6d-b658-e4d5e5faf83b/Test JDK 11, ubuntu-latest]   | [INFO] Downloaded from central: https://repo.maven.apache.org/maven2/org/eclipse/aether/aether-impl/0.9.0.M2/aether-impl-0.9.0.M2.jar (145 kB at 1.6 MB/s)
[84723c8b-77c1-4c6d-b658-e4d5e5faf83b/Test JDK 11, ubuntu-latest]   | [INFO] Downloading from central: https://repo.maven.apache.org/maven2/org/apache/maven/maven-model/3.1.0/maven-model-3.1.0.jar
[84723c8b-77c1-4c6d-b658-e4d5e5faf83b/Test JDK 11, ubuntu-latest]   | [INFO] Downloaded from central: https://repo.maven.apache.org/maven2/org/codehaus/plexus/plexus-utils/3.0.10/plexus-utils-3.0.10.jar (231 kB at 2.4 MB/s)
[84723c8b-77c1-4c6d-b658-e4d5e5faf83b/Test JDK 11, ubuntu-latest]   | [INFO] Downloading from central: https://repo.maven.apache.org/maven2/org/codehaus/plexus/plexus-component-annotations/2.0.0/plexus-component-annotations-2.0.0.jar
[84723c8b-77c1-4c6d-b658-e4d5e5faf83b/Test JDK 11, ubuntu-latest]   | [INFO] Downloaded from central: https://repo.maven.apache.org/maven2/org/sonatype/plexus/plexus-cipher/1.4/plexus-cipher-1.4.jar (13 kB at 138 kB/s)
[84723c8b-77c1-4c6d-b658-e4d5e5faf83b/Test JDK 11, ubuntu-latest]   | [INFO] Downloading from central: https://repo.maven.apache.org/maven2/org/codehaus/plexus/plexus-interpolation/1.26/plexus-interpolation-1.26.jar
[84723c8b-77c1-4c6d-b658-e4d5e5faf83b/Test JDK 11, ubuntu-latest]   | [INFO] Downloaded from central: https://repo.maven.apache.org/maven2/org/sonatype/plexus/plexus-sec-dispatcher/1.3/plexus-sec-dispatcher-1.3.jar (29 kB at 286 kB/s)
[84723c8b-77c1-4c6d-b658-e4d5e5faf83b/Test JDK 11, ubuntu-latest]   | [INFO] Downloading from central: https://repo.maven.apache.org/maven2/org/eclipse/sisu/org.eclipse.sisu.plexus/0.0.0.M2a/org.eclipse.sisu.plexus-0.0.0.M2a.jar
[84723c8b-77c1-4c6d-b658-e4d5e5faf83b/Test JDK 11, ubuntu-latest]   | [INFO] Downloaded from central: https://repo.maven.apache.org/maven2/org/eclipse/aether/aether-util/0.9.0.M2/aether-util-0.9.0.M2.jar (134 kB at 1.3 MB/s)
[84723c8b-77c1-4c6d-b658-e4d5e5faf83b/Test JDK 11, ubuntu-latest]   | [INFO] Downloading from central: https://repo.maven.apache.org/maven2/javax/enterprise/cdi-api/1.0/cdi-api-1.0.jar
[84723c8b-77c1-4c6d-b658-e4d5e5faf83b/Test JDK 11, ubuntu-latest]   | [INFO] Downloaded from central: https://repo.maven.apache.org/maven2/org/codehaus/plexus/plexus-component-annotations/2.0.0/plexus-component-annotations-2.0.0.jar (4.2 kB at 41 kB/s)
[84723c8b-77c1-4c6d-b658-e4d5e5faf83b/Test JDK 11, ubuntu-latest]   | [INFO] Downloading from central: https://repo.maven.apache.org/maven2/javax/annotation/jsr250-api/1.0/jsr250-api-1.0.jar
[84723c8b-77c1-4c6d-b658-e4d5e5faf83b/Test JDK 11, ubuntu-latest]   | [INFO] Downloaded from central: https://repo.maven.apache.org/maven2/javax/enterprise/cdi-api/1.0/cdi-api-1.0.jar (45 kB at 416 kB/s)
[84723c8b-77c1-4c6d-b658-e4d5e5faf83b/Test JDK 11, ubuntu-latest]   | [INFO] Downloading from central: https://repo.maven.apache.org/maven2/javax/inject/javax.inject/1/javax.inject-1.jar
[84723c8b-77c1-4c6d-b658-e4d5e5faf83b/Test JDK 11, ubuntu-latest]   | [INFO] Downloaded from central: https://repo.maven.apache.org/maven2/javax/inject/javax.inject/1/javax.inject-1.jar (2.5 kB at 22 kB/s)
[84723c8b-77c1-4c6d-b658-e4d5e5faf83b/Test JDK 11, ubuntu-latest]   | [INFO] Downloading from central: https://repo.maven.apache.org/maven2/com/google/guava/guava/10.0.1/guava-10.0.1.jar
[84723c8b-77c1-4c6d-b658-e4d5e5faf83b/Test JDK 11, ubuntu-latest]   | [INFO] Downloaded from central: https://repo.maven.apache.org/maven2/javax/annotation/jsr250-api/1.0/jsr250-api-1.0.jar (5.8 kB at 50 kB/s)
[84723c8b-77c1-4c6d-b658-e4d5e5faf83b/Test JDK 11, ubuntu-latest]   | [INFO] Downloading from central: https://repo.maven.apache.org/maven2/com/google/code/findbugs/jsr305/1.3.9/jsr305-1.3.9.jar
[84723c8b-77c1-4c6d-b658-e4d5e5faf83b/Test JDK 11, ubuntu-latest]   | [INFO] Downloaded from central: https://repo.maven.apache.org/maven2/com/google/code/findbugs/jsr305/1.3.9/jsr305-1.3.9.jar (33 kB at 268 kB/s)
[84723c8b-77c1-4c6d-b658-e4d5e5faf83b/Test JDK 11, ubuntu-latest]   | [INFO] Downloading from central: https://repo.maven.apache.org/maven2/org/sonatype/sisu/sisu-guice/3.1.0/sisu-guice-3.1.0-no_aop.jar
[84723c8b-77c1-4c6d-b658-e4d5e5faf83b/Test JDK 11, ubuntu-latest]   | [INFO] Downloaded from central: https://repo.maven.apache.org/maven2/org/codehaus/plexus/plexus-interpolation/1.26/plexus-interpolation-1.26.jar (85 kB at 662 kB/s)
[84723c8b-77c1-4c6d-b658-e4d5e5faf83b/Test JDK 11, ubuntu-latest]   | [INFO] Downloading from central: https://repo.maven.apache.org/maven2/aopalliance/aopalliance/1.0/aopalliance-1.0.jar
[84723c8b-77c1-4c6d-b658-e4d5e5faf83b/Test JDK 11, ubuntu-latest]   | [INFO] Downloaded from central: https://repo.maven.apache.org/maven2/org/apache/maven/maven-model/3.1.0/maven-model-3.1.0.jar (164 kB at 1.2 MB/s)
[84723c8b-77c1-4c6d-b658-e4d5e5faf83b/Test JDK 11, ubuntu-latest]   | [INFO] Downloading from central: https://repo.maven.apache.org/maven2/org/eclipse/sisu/org.eclipse.sisu.inject/0.0.0.M2a/org.eclipse.sisu.inject-0.0.0.M2a.jar
[84723c8b-77c1-4c6d-b658-e4d5e5faf83b/Test JDK 11, ubuntu-latest]   | [INFO] Downloaded from central: https://repo.maven.apache.org/maven2/aopalliance/aopalliance/1.0/aopalliance-1.0.jar (4.5 kB at 31 kB/s)
[84723c8b-77c1-4c6d-b658-e4d5e5faf83b/Test JDK 11, ubuntu-latest]   | [INFO] Downloading from central: https://repo.maven.apache.org/maven2/asm/asm/3.3.1/asm-3.3.1.jar
[84723c8b-77c1-4c6d-b658-e4d5e5faf83b/Test JDK 11, ubuntu-latest]   | [INFO] Downloaded from central: https://repo.maven.apache.org/maven2/org/eclipse/sisu/org.eclipse.sisu.plexus/0.0.0.M2a/org.eclipse.sisu.plexus-0.0.0.M2a.jar (202 kB at 1.4 MB/s)
[84723c8b-77c1-4c6d-b658-e4d5e5faf83b/Test JDK 11, ubuntu-latest]   | [INFO] Downloading from central: https://repo.maven.apache.org/maven2/org/apache/maven/shared/maven-filtering/3.2.0/maven-filtering-3.2.0.jar
[84723c8b-77c1-4c6d-b658-e4d5e5faf83b/Test JDK 11, ubuntu-latest]   | [INFO] Downloaded from central: https://repo.maven.apache.org/maven2/org/sonatype/sisu/sisu-guice/3.1.0/sisu-guice-3.1.0-no_aop.jar (357 kB at 2.4 MB/s)
[84723c8b-77c1-4c6d-b658-e4d5e5faf83b/Test JDK 11, ubuntu-latest]   | [INFO] Downloading from central: https://repo.maven.apache.org/maven2/org/apache/maven/shared/maven-shared-utils/3.3.3/maven-shared-utils-3.3.3.jar
[84723c8b-77c1-4c6d-b658-e4d5e5faf83b/Test JDK 11, ubuntu-latest]   | [INFO] Downloaded from central: https://repo.maven.apache.org/maven2/org/apache/maven/shared/maven-filtering/3.2.0/maven-filtering-3.2.0.jar (52 kB at 302 kB/s)
[84723c8b-77c1-4c6d-b658-e4d5e5faf83b/Test JDK 11, ubuntu-latest]   | [INFO] Downloading from central: https://repo.maven.apache.org/maven2/org/sonatype/plexus/plexus-build-api/0.0.7/plexus-build-api-0.0.7.jar
[84723c8b-77c1-4c6d-b658-e4d5e5faf83b/Test JDK 11, ubuntu-latest]   | [INFO] Downloaded from central: https://repo.maven.apache.org/maven2/org/eclipse/sisu/org.eclipse.sisu.inject/0.0.0.M2a/org.eclipse.sisu.inject-0.0.0.M2a.jar (202 kB at 1.2 MB/s)
[84723c8b-77c1-4c6d-b658-e4d5e5faf83b/Test JDK 11, ubuntu-latest]   | [INFO] Downloading from central: https://repo.maven.apache.org/maven2/commons-io/commons-io/2.6/commons-io-2.6.jar
[84723c8b-77c1-4c6d-b658-e4d5e5faf83b/Test JDK 11, ubuntu-latest]   | [INFO] Downloaded from central: https://repo.maven.apache.org/maven2/org/apache/maven/shared/maven-shared-utils/3.3.3/maven-shared-utils-3.3.3.jar (154 kB at 870 kB/s)
[84723c8b-77c1-4c6d-b658-e4d5e5faf83b/Test JDK 11, ubuntu-latest]   | [INFO] Downloading from central: https://repo.maven.apache.org/maven2/org/apache/commons/commons-lang3/3.8.1/commons-lang3-3.8.1.jar
[84723c8b-77c1-4c6d-b658-e4d5e5faf83b/Test JDK 11, ubuntu-latest]   | [INFO] Downloaded from central: https://repo.maven.apache.org/maven2/asm/asm/3.3.1/asm-3.3.1.jar (44 kB at 242 kB/s)
[84723c8b-77c1-4c6d-b658-e4d5e5faf83b/Test JDK 11, ubuntu-latest]   | [INFO] Downloaded from central: https://repo.maven.apache.org/maven2/org/sonatype/plexus/plexus-build-api/0.0.7/plexus-build-api-0.0.7.jar (8.5 kB at 47 kB/s)
[84723c8b-77c1-4c6d-b658-e4d5e5faf83b/Test JDK 11, ubuntu-latest]   | [INFO] Downloaded from central: https://repo.maven.apache.org/maven2/com/google/guava/guava/10.0.1/guava-10.0.1.jar (1.5 MB at 8.2 MB/s)
[84723c8b-77c1-4c6d-b658-e4d5e5faf83b/Test JDK 11, ubuntu-latest]   | [INFO] Downloaded from central: https://repo.maven.apache.org/maven2/commons-io/commons-io/2.6/commons-io-2.6.jar (215 kB at 1.2 MB/s)
[84723c8b-77c1-4c6d-b658-e4d5e5faf83b/Test JDK 11, ubuntu-latest]   | [INFO] Downloaded from central: https://repo.maven.apache.org/maven2/org/apache/commons/commons-lang3/3.8.1/commons-lang3-3.8.1.jar (502 kB at 2.5 MB/s)
[84723c8b-77c1-4c6d-b658-e4d5e5faf83b/Test JDK 11, ubuntu-latest]   | [INFO] Using 'UTF-8' encoding to copy filtered resources.
[84723c8b-77c1-4c6d-b658-e4d5e5faf83b/Test JDK 11, ubuntu-latest]   | [INFO] Using 'UTF-8' encoding to copy filtered properties files.
[84723c8b-77c1-4c6d-b658-e4d5e5faf83b/Test JDK 11, ubuntu-latest]   | [INFO] Copying 4 resources
[84723c8b-77c1-4c6d-b658-e4d5e5faf83b/Test JDK 11, ubuntu-latest]   | [INFO] 
[84723c8b-77c1-4c6d-b658-e4d5e5faf83b/Test JDK 11, ubuntu-latest]   | [INFO] --- maven-compiler-plugin:3.8.1:compile (default-compile) @ org.jfree.chart3d ---
[84723c8b-77c1-4c6d-b658-e4d5e5faf83b/Test JDK 11, ubuntu-latest]   | [INFO] Downloading from central: https://repo.maven.apache.org/maven2/org/apache/maven/maven-plugin-api/3.0/maven-plugin-api-3.0.pom
[84723c8b-77c1-4c6d-b658-e4d5e5faf83b/Test JDK 11, ubuntu-latest]   | [INFO] Downloaded from central: https://repo.maven.apache.org/maven2/org/apache/maven/maven-plugin-api/3.0/maven-plugin-api-3.0.pom (2.3 kB at 109 kB/s)
[84723c8b-77c1-4c6d-b658-e4d5e5faf83b/Test JDK 11, ubuntu-latest]   | [INFO] Downloading from central: https://repo.maven.apache.org/maven2/org/apache/maven/maven/3.0/maven-3.0.pom
[84723c8b-77c1-4c6d-b658-e4d5e5faf83b/Test JDK 11, ubuntu-latest]   | [INFO] Downloaded from central: https://repo.maven.apache.org/maven2/org/apache/maven/maven/3.0/maven-3.0.pom (22 kB at 663 kB/s)
[84723c8b-77c1-4c6d-b658-e4d5e5faf83b/Test JDK 11, ubuntu-latest]   | [INFO] Downloading from central: https://repo.maven.apache.org/maven2/org/apache/maven/maven-parent/15/maven-parent-15.pom
[84723c8b-77c1-4c6d-b658-e4d5e5faf83b/Test JDK 11, ubuntu-latest]   | [INFO] Downloaded from central: https://repo.maven.apache.org/maven2/org/apache/maven/maven-parent/15/maven-parent-15.pom (24 kB at 1.2 MB/s)
[84723c8b-77c1-4c6d-b658-e4d5e5faf83b/Test JDK 11, ubuntu-latest]   | [INFO] Downloading from central: https://repo.maven.apache.org/maven2/org/apache/apache/6/apache-6.pom
[84723c8b-77c1-4c6d-b658-e4d5e5faf83b/Test JDK 11, ubuntu-latest]   | [INFO] Downloaded from central: https://repo.maven.apache.org/maven2/org/apache/apache/6/apache-6.pom (13 kB at 640 kB/s)
[84723c8b-77c1-4c6d-b658-e4d5e5faf83b/Test JDK 11, ubuntu-latest]   | [INFO] Downloading from central: https://repo.maven.apache.org/maven2/org/apache/maven/maven-model/3.0/maven-model-3.0.pom
[84723c8b-77c1-4c6d-b658-e4d5e5faf83b/Test JDK 11, ubuntu-latest]   | [INFO] Downloaded from central: https://repo.maven.apache.org/maven2/org/apache/maven/maven-model/3.0/maven-model-3.0.pom (3.9 kB at 229 kB/s)
[84723c8b-77c1-4c6d-b658-e4d5e5faf83b/Test JDK 11, ubuntu-latest]   | [INFO] Downloading from central: https://repo.maven.apache.org/maven2/org/codehaus/plexus/plexus-utils/2.0.4/plexus-utils-2.0.4.pom
[84723c8b-77c1-4c6d-b658-e4d5e5faf83b/Test JDK 11, ubuntu-latest]   | [INFO] Downloaded from central: https://repo.maven.apache.org/maven2/org/codehaus/plexus/plexus-utils/2.0.4/plexus-utils-2.0.4.pom (3.3 kB at 196 kB/s)
[84723c8b-77c1-4c6d-b658-e4d5e5faf83b/Test JDK 11, ubuntu-latest]   | [INFO] Downloading from central: https://repo.maven.apache.org/maven2/org/codehaus/plexus/plexus/2.0.6/plexus-2.0.6.pom
[84723c8b-77c1-4c6d-b658-e4d5e5faf83b/Test JDK 11, ubuntu-latest]   | [INFO] Downloaded from central: https://repo.maven.apache.org/maven2/org/codehaus/plexus/plexus/2.0.6/plexus-2.0.6.pom (17 kB at 1.0 MB/s)
[84723c8b-77c1-4c6d-b658-e4d5e5faf83b/Test JDK 11, ubuntu-latest]   | [INFO] Downloading from central: https://repo.maven.apache.org/maven2/org/apache/maven/maven-artifact/3.0/maven-artifact-3.0.pom
[84723c8b-77c1-4c6d-b658-e4d5e5faf83b/Test JDK 11, ubuntu-latest]   | [INFO] Downloaded from central: https://repo.maven.apache.org/maven2/org/apache/maven/maven-artifact/3.0/maven-artifact-3.0.pom (1.9 kB at 113 kB/s)
[84723c8b-77c1-4c6d-b658-e4d5e5faf83b/Test JDK 11, ubuntu-latest]   | [INFO] Downloading from central: https://repo.maven.apache.org/maven2/org/sonatype/sisu/sisu-inject-plexus/1.4.2/sisu-inject-plexus-1.4.2.pom
[84723c8b-77c1-4c6d-b658-e4d5e5faf83b/Test JDK 11, ubuntu-latest]   | [INFO] Downloaded from central: https://repo.maven.apache.org/maven2/org/sonatype/sisu/sisu-inject-plexus/1.4.2/sisu-inject-plexus-1.4.2.pom (5.4 kB at 358 kB/s)
[84723c8b-77c1-4c6d-b658-e4d5e5faf83b/Test JDK 11, ubuntu-latest]   | [INFO] Downloading from central: https://repo.maven.apache.org/maven2/org/sonatype/sisu/inject/guice-plexus/1.4.2/guice-plexus-1.4.2.pom
[84723c8b-77c1-4c6d-b658-e4d5e5faf83b/Test JDK 11, ubuntu-latest]   | [INFO] Downloaded from central: https://repo.maven.apache.org/maven2/org/sonatype/sisu/inject/guice-plexus/1.4.2/guice-plexus-1.4.2.pom (3.1 kB at 209 kB/s)
[84723c8b-77c1-4c6d-b658-e4d5e5faf83b/Test JDK 11, ubuntu-latest]   | [INFO] Downloading from central: https://repo.maven.apache.org/maven2/org/sonatype/sisu/inject/guice-bean/1.4.2/guice-bean-1.4.2.pom
[84723c8b-77c1-4c6d-b658-e4d5e5faf83b/Test JDK 11, ubuntu-latest]   | [INFO] Downloaded from central: https://repo.maven.apache.org/maven2/org/sonatype/sisu/inject/guice-bean/1.4.2/guice-bean-1.4.2.pom (2.6 kB at 100 kB/s)
[84723c8b-77c1-4c6d-b658-e4d5e5faf83b/Test JDK 11, ubuntu-latest]   | [INFO] Downloading from central: https://repo.maven.apache.org/maven2/org/sonatype/sisu/sisu-inject/1.4.2/sisu-inject-1.4.2.pom
[84723c8b-77c1-4c6d-b658-e4d5e5faf83b/Test JDK 11, ubuntu-latest]   | [INFO] Downloaded from central: https://repo.maven.apache.org/maven2/org/sonatype/sisu/sisu-inject/1.4.2/sisu-inject-1.4.2.pom (1.2 kB at 104 kB/s)
[84723c8b-77c1-4c6d-b658-e4d5e5faf83b/Test JDK 11, ubuntu-latest]   | [INFO] Downloading from central: https://repo.maven.apache.org/maven2/org/sonatype/sisu/sisu-parent/1.4.2/sisu-parent-1.4.2.pom
[84723c8b-77c1-4c6d-b658-e4d5e5faf83b/Test JDK 11, ubuntu-latest]   | [INFO] Downloaded from central: https://repo.maven.apache.org/maven2/org/sonatype/sisu/sisu-parent/1.4.2/sisu-parent-1.4.2.pom (7.8 kB at 598 kB/s)
[84723c8b-77c1-4c6d-b658-e4d5e5faf83b/Test JDK 11, ubuntu-latest]   | [INFO] Downloading from central: https://repo.maven.apache.org/maven2/org/sonatype/forge/forge-parent/6/forge-parent-6.pom
[84723c8b-77c1-4c6d-b658-e4d5e5faf83b/Test JDK 11, ubuntu-latest]   | [INFO] Downloaded from central: https://repo.maven.apache.org/maven2/org/sonatype/forge/forge-parent/6/forge-parent-6.pom (11 kB at 307 kB/s)
[84723c8b-77c1-4c6d-b658-e4d5e5faf83b/Test JDK 11, ubuntu-latest]   | [INFO] Downloading from central: https://repo.maven.apache.org/maven2/org/codehaus/plexus/plexus-component-annotations/1.7.1/plexus-component-annotations-1.7.1.pom
[84723c8b-77c1-4c6d-b658-e4d5e5faf83b/Test JDK 11, ubuntu-latest]   | [INFO] Downloaded from central: https://repo.maven.apache.org/maven2/org/codehaus/plexus/plexus-component-annotations/1.7.1/plexus-component-annotations-1.7.1.pom (770 B at 9.6 kB/s)
[84723c8b-77c1-4c6d-b658-e4d5e5faf83b/Test JDK 11, ubuntu-latest]   | [INFO] Downloading from central: https://repo.maven.apache.org/maven2/org/codehaus/plexus/plexus-containers/1.7.1/plexus-containers-1.7.1.pom
[84723c8b-77c1-4c6d-b658-e4d5e5faf83b/Test JDK 11, ubuntu-latest]   | [INFO] Downloaded from central: https://repo.maven.apache.org/maven2/org/codehaus/plexus/plexus-containers/1.7.1/plexus-containers-1.7.1.pom (5.0 kB at 91 kB/s)
[84723c8b-77c1-4c6d-b658-e4d5e5faf83b/Test JDK 11, ubuntu-latest]   | [INFO] Downloading from central: https://repo.maven.apache.org/maven2/org/codehaus/plexus/plexus/4.0/plexus-4.0.pom
[84723c8b-77c1-4c6d-b658-e4d5e5faf83b/Test JDK 11, ubuntu-latest]   | [INFO] Downloaded from central: https://repo.maven.apache.org/maven2/org/codehaus/plexus/plexus/4.0/plexus-4.0.pom (22 kB at 1.1 MB/s)
[84723c8b-77c1-4c6d-b658-e4d5e5faf83b/Test JDK 11, ubuntu-latest]   | [INFO] Downloading from central: https://repo.maven.apache.org/maven2/org/codehaus/plexus/plexus-classworlds/2.2.3/plexus-classworlds-2.2.3.pom
[84723c8b-77c1-4c6d-b658-e4d5e5faf83b/Test JDK 11, ubuntu-latest]   | [INFO] Downloaded from central: https://repo.maven.apache.org/maven2/org/codehaus/plexus/plexus-classworlds/2.2.3/plexus-classworlds-2.2.3.pom (4.0 kB at 125 kB/s)
[84723c8b-77c1-4c6d-b658-e4d5e5faf83b/Test JDK 11, ubuntu-latest]   | [INFO] Downloading from central: https://repo.maven.apache.org/maven2/org/codehaus/plexus/plexus-utils/2.0.5/plexus-utils-2.0.5.pom
[84723c8b-77c1-4c6d-b658-e4d5e5faf83b/Test JDK 11, ubuntu-latest]   | [INFO] Downloaded from central: https://repo.maven.apache.org/maven2/org/codehaus/plexus/plexus-utils/2.0.5/plexus-utils-2.0.5.pom (3.3 kB at 62 kB/s)
[84723c8b-77c1-4c6d-b658-e4d5e5faf83b/Test JDK 11, ubuntu-latest]   | [INFO] Downloading from central: https://repo.maven.apache.org/maven2/org/sonatype/sisu/sisu-inject-bean/1.4.2/sisu-inject-bean-1.4.2.pom
[84723c8b-77c1-4c6d-b658-e4d5e5faf83b/Test JDK 11, ubuntu-latest]   | [INFO] Downloaded from central: https://repo.maven.apache.org/maven2/org/sonatype/sisu/sisu-inject-bean/1.4.2/sisu-inject-bean-1.4.2.pom (5.5 kB at 390 kB/s)
[84723c8b-77c1-4c6d-b658-e4d5e5faf83b/Test JDK 11, ubuntu-latest]   | [INFO] Downloading from central: https://repo.maven.apache.org/maven2/org/sonatype/sisu/sisu-guice/2.1.7/sisu-guice-2.1.7.pom
[84723c8b-77c1-4c6d-b658-e4d5e5faf83b/Test JDK 11, ubuntu-latest]   | [INFO] Downloaded from central: https://repo.maven.apache.org/maven2/org/sonatype/sisu/sisu-guice/2.1.7/sisu-guice-2.1.7.pom (11 kB at 138 kB/s)
[84723c8b-77c1-4c6d-b658-e4d5e5faf83b/Test JDK 11, ubuntu-latest]   | [INFO] Downloading from central: https://repo.maven.apache.org/maven2/org/apache/maven/maven-core/3.0/maven-core-3.0.pom
[84723c8b-77c1-4c6d-b658-e4d5e5faf83b/Test JDK 11, ubuntu-latest]   | [INFO] Downloaded from central: https://repo.maven.apache.org/maven2/org/apache/maven/maven-core/3.0/maven-core-3.0.pom (6.6 kB at 141 kB/s)
[84723c8b-77c1-4c6d-b658-e4d5e5faf83b/Test JDK 11, ubuntu-latest]   | [INFO] Downloading from central: https://repo.maven.apache.org/maven2/org/apache/maven/maven-settings/3.0/maven-settings-3.0.pom
[84723c8b-77c1-4c6d-b658-e4d5e5faf83b/Test JDK 11, ubuntu-latest]   | [INFO] Downloaded from central: https://repo.maven.apache.org/maven2/org/apache/maven/maven-settings/3.0/maven-settings-3.0.pom (1.9 kB at 44 kB/s)
[84723c8b-77c1-4c6d-b658-e4d5e5faf83b/Test JDK 11, ubuntu-latest]   | [INFO] Downloading from central: https://repo.maven.apache.org/maven2/org/apache/maven/maven-settings-builder/3.0/maven-settings-builder-3.0.pom
[84723c8b-77c1-4c6d-b658-e4d5e5faf83b/Test JDK 11, ubuntu-latest]   | [INFO] Downloaded from central: https://repo.maven.apache.org/maven2/org/apache/maven/maven-settings-builder/3.0/maven-settings-builder-3.0.pom (2.2 kB at 40 kB/s)
[84723c8b-77c1-4c6d-b658-e4d5e5faf83b/Test JDK 11, ubuntu-latest]   | [INFO] Downloading from central: https://repo.maven.apache.org/maven2/org/codehaus/plexus/plexus-interpolation/1.14/plexus-interpolation-1.14.pom
[84723c8b-77c1-4c6d-b658-e4d5e5faf83b/Test JDK 11, ubuntu-latest]   | [INFO] Downloaded from central: https://repo.maven.apache.org/maven2/org/codehaus/plexus/plexus-interpolation/1.14/plexus-interpolation-1.14.pom (910 B at 76 kB/s)
[84723c8b-77c1-4c6d-b658-e4d5e5faf83b/Test JDK 11, ubuntu-latest]   | [INFO] Downloading from central: https://repo.maven.apache.org/maven2/org/codehaus/plexus/plexus-components/1.1.18/plexus-components-1.1.18.pom
[84723c8b-77c1-4c6d-b658-e4d5e5faf83b/Test JDK 11, ubuntu-latest]   | [INFO] Downloaded from central: https://repo.maven.apache.org/maven2/org/codehaus/plexus/plexus-components/1.1.18/plexus-components-1.1.18.pom (5.4 kB at 206 kB/s)
[84723c8b-77c1-4c6d-b658-e4d5e5faf83b/Test JDK 11, ubuntu-latest]   | [INFO] Downloading from central: https://repo.maven.apache.org/maven2/org/apache/maven/maven-repository-metadata/3.0/maven-repository-metadata-3.0.pom
[84723c8b-77c1-4c6d-b658-e4d5e5faf83b/Test JDK 11, ubuntu-latest]   | [INFO] Downloaded from central: https://repo.maven.apache.org/maven2/org/apache/maven/maven-repository-metadata/3.0/maven-repository-metadata-3.0.pom (1.9 kB at 214 kB/s)
[84723c8b-77c1-4c6d-b658-e4d5e5faf83b/Test JDK 11, ubuntu-latest]   | [INFO] Downloading from central: https://repo.maven.apache.org/maven2/org/apache/maven/maven-model-builder/3.0/maven-model-builder-3.0.pom
[84723c8b-77c1-4c6d-b658-e4d5e5faf83b/Test JDK 11, ubuntu-latest]   | [INFO] Downloaded from central: https://repo.maven.apache.org/maven2/org/apache/maven/maven-model-builder/3.0/maven-model-builder-3.0.pom (2.2 kB at 61 kB/s)
[84723c8b-77c1-4c6d-b658-e4d5e5faf83b/Test JDK 11, ubuntu-latest]   | [INFO] Downloading from central: https://repo.maven.apache.org/maven2/org/apache/maven/maven-aether-provider/3.0/maven-aether-provider-3.0.pom
[84723c8b-77c1-4c6d-b658-e4d5e5faf83b/Test JDK 11, ubuntu-latest]   | [INFO] Downloaded from central: https://repo.maven.apache.org/maven2/org/apache/maven/maven-aether-provider/3.0/maven-aether-provider-3.0.pom (2.5 kB at 165 kB/s)
[84723c8b-77c1-4c6d-b658-e4d5e5faf83b/Test JDK 11, ubuntu-latest]   | [INFO] Downloading from central: https://repo.maven.apache.org/maven2/org/sonatype/aether/aether-api/1.7/aether-api-1.7.pom
[84723c8b-77c1-4c6d-b658-e4d5e5faf83b/Test JDK 11, ubuntu-latest]   | [INFO] Downloaded from central: https://repo.maven.apache.org/maven2/org/sonatype/aether/aether-api/1.7/aether-api-1.7.pom (1.7 kB at 40 kB/s)
[84723c8b-77c1-4c6d-b658-e4d5e5faf83b/Test JDK 11, ubuntu-latest]   | [INFO] Downloading from central: https://repo.maven.apache.org/maven2/org/sonatype/aether/aether-parent/1.7/aether-parent-1.7.pom
[84723c8b-77c1-4c6d-b658-e4d5e5faf83b/Test JDK 11, ubuntu-latest]   | [INFO] Downloaded from central: https://repo.maven.apache.org/maven2/org/sonatype/aether/aether-parent/1.7/aether-parent-1.7.pom (7.7 kB at 322 kB/s)
[84723c8b-77c1-4c6d-b658-e4d5e5faf83b/Test JDK 11, ubuntu-latest]   | [INFO] Downloading from central: https://repo.maven.apache.org/maven2/org/sonatype/aether/aether-util/1.7/aether-util-1.7.pom
[84723c8b-77c1-4c6d-b658-e4d5e5faf83b/Test JDK 11, ubuntu-latest]   | [INFO] Downloaded from central: https://repo.maven.apache.org/maven2/org/sonatype/aether/aether-util/1.7/aether-util-1.7.pom (2.1 kB at 187 kB/s)
[84723c8b-77c1-4c6d-b658-e4d5e5faf83b/Test JDK 11, ubuntu-latest]   | [INFO] Downloading from central: https://repo.maven.apache.org/maven2/org/sonatype/aether/aether-impl/1.7/aether-impl-1.7.pom
[84723c8b-77c1-4c6d-b658-e4d5e5faf83b/Test JDK 11, ubuntu-latest]   | [INFO] Downloaded from central: https://repo.maven.apache.org/maven2/org/sonatype/aether/aether-impl/1.7/aether-impl-1.7.pom (3.7 kB at 410 kB/s)
[84723c8b-77c1-4c6d-b658-e4d5e5faf83b/Test JDK 11, ubuntu-latest]   | [INFO] Downloading from central: https://repo.maven.apache.org/maven2/org/sonatype/aether/aether-spi/1.7/aether-spi-1.7.pom
[84723c8b-77c1-4c6d-b658-e4d5e5faf83b/Test JDK 11, ubuntu-latest]   | [INFO] Downloaded from central: https://repo.maven.apache.org/maven2/org/sonatype/aether/aether-spi/1.7/aether-spi-1.7.pom (1.7 kB at 249 kB/s)
[84723c8b-77c1-4c6d-b658-e4d5e5faf83b/Test JDK 11, ubuntu-latest]   | [INFO] Downloading from central: https://repo.maven.apache.org/maven2/org/apache/maven/shared/maven-shared-utils/3.2.1/maven-shared-utils-3.2.1.pom
[84723c8b-77c1-4c6d-b658-e4d5e5faf83b/Test JDK 11, ubuntu-latest]   | [INFO] Downloaded from central: https://repo.maven.apache.org/maven2/org/apache/maven/shared/maven-shared-utils/3.2.1/maven-shared-utils-3.2.1.pom (5.6 kB at 331 kB/s)
[84723c8b-77c1-4c6d-b658-e4d5e5faf83b/Test JDK 11, ubuntu-latest]   | [INFO] Downloading from central: https://repo.maven.apache.org/maven2/org/apache/maven/shared/maven-shared-components/30/maven-shared-components-30.pom
[84723c8b-77c1-4c6d-b658-e4d5e5faf83b/Test JDK 11, ubuntu-latest]   | [INFO] Downloaded from central: https://repo.maven.apache.org/maven2/org/apache/maven/shared/maven-shared-components/30/maven-shared-components-30.pom (4.6 kB at 327 kB/s)
[84723c8b-77c1-4c6d-b658-e4d5e5faf83b/Test JDK 11, ubuntu-latest]   | [INFO] Downloading from central: https://repo.maven.apache.org/maven2/org/apache/maven/maven-parent/30/maven-parent-30.pom
[84723c8b-77c1-4c6d-b658-e4d5e5faf83b/Test JDK 11, ubuntu-latest]   | [INFO] Downloaded from central: https://repo.maven.apache.org/maven2/org/apache/maven/maven-parent/30/maven-parent-30.pom (41 kB at 1.3 MB/s)
[84723c8b-77c1-4c6d-b658-e4d5e5faf83b/Test JDK 11, ubuntu-latest]   | [INFO] Downloading from central: https://repo.maven.apache.org/maven2/commons-io/commons-io/2.5/commons-io-2.5.pom
[84723c8b-77c1-4c6d-b658-e4d5e5faf83b/Test JDK 11, ubuntu-latest]   | [INFO] Downloaded from central: https://repo.maven.apache.org/maven2/commons-io/commons-io/2.5/commons-io-2.5.pom (13 kB at 578 kB/s)
[84723c8b-77c1-4c6d-b658-e4d5e5faf83b/Test JDK 11, ubuntu-latest]   | [INFO] Downloading from central: https://repo.maven.apache.org/maven2/org/apache/commons/commons-parent/39/commons-parent-39.pom
[84723c8b-77c1-4c6d-b658-e4d5e5faf83b/Test JDK 11, ubuntu-latest]   | [INFO] Downloaded from central: https://repo.maven.apache.org/maven2/org/apache/commons/commons-parent/39/commons-parent-39.pom (62 kB at 4.1 MB/s)
[84723c8b-77c1-4c6d-b658-e4d5e5faf83b/Test JDK 11, ubuntu-latest]   | [INFO] Downloading from central: https://repo.maven.apache.org/maven2/org/apache/apache/16/apache-16.pom
[84723c8b-77c1-4c6d-b658-e4d5e5faf83b/Test JDK 11, ubuntu-latest]   | [INFO] Downloaded from central: https://repo.maven.apache.org/maven2/org/apache/apache/16/apache-16.pom (15 kB at 217 kB/s)
[84723c8b-77c1-4c6d-b658-e4d5e5faf83b/Test JDK 11, ubuntu-latest]   | [INFO] Downloading from central: https://repo.maven.apache.org/maven2/org/apache/maven/shared/maven-shared-incremental/1.1/maven-shared-incremental-1.1.pom
[84723c8b-77c1-4c6d-b658-e4d5e5faf83b/Test JDK 11, ubuntu-latest]   | [INFO] Downloaded from central: https://repo.maven.apache.org/maven2/org/apache/maven/shared/maven-shared-incremental/1.1/maven-shared-incremental-1.1.pom (4.7 kB at 226 kB/s)
[84723c8b-77c1-4c6d-b658-e4d5e5faf83b/Test JDK 11, ubuntu-latest]   | [INFO] Downloading from central: https://repo.maven.apache.org/maven2/org/apache/maven/shared/maven-shared-components/19/maven-shared-components-19.pom
[84723c8b-77c1-4c6d-b658-e4d5e5faf83b/Test JDK 11, ubuntu-latest]   | [INFO] Downloaded from central: https://repo.maven.apache.org/maven2/org/apache/maven/shared/maven-shared-components/19/maven-shared-components-19.pom (6.4 kB at 193 kB/s)
[84723c8b-77c1-4c6d-b658-e4d5e5faf83b/Test JDK 11, ubuntu-latest]   | [INFO] Downloading from central: https://repo.maven.apache.org/maven2/org/apache/maven/maven-plugin-api/2.2.1/maven-plugin-api-2.2.1.pom
[84723c8b-77c1-4c6d-b658-e4d5e5faf83b/Test JDK 11, ubuntu-latest]   | [INFO] Downloaded from central: https://repo.maven.apache.org/maven2/org/apache/maven/maven-plugin-api/2.2.1/maven-plugin-api-2.2.1.pom (1.5 kB at 47 kB/s)
[84723c8b-77c1-4c6d-b658-e4d5e5faf83b/Test JDK 11, ubuntu-latest]   | [INFO] Downloading from central: https://repo.maven.apache.org/maven2/org/apache/maven/maven/2.2.1/maven-2.2.1.pom
[84723c8b-77c1-4c6d-b658-e4d5e5faf83b/Test JDK 11, ubuntu-latest]   | [INFO] Downloaded from central: https://repo.maven.apache.org/maven2/org/apache/maven/maven/2.2.1/maven-2.2.1.pom (22 kB at 896 kB/s)
[84723c8b-77c1-4c6d-b658-e4d5e5faf83b/Test JDK 11, ubuntu-latest]   | [INFO] Downloading from central: https://repo.maven.apache.org/maven2/org/apache/maven/maven-parent/11/maven-parent-11.pom
[84723c8b-77c1-4c6d-b658-e4d5e5faf83b/Test JDK 11, ubuntu-latest]   | [INFO] Downloaded from central: https://repo.maven.apache.org/maven2/org/apache/maven/maven-parent/11/maven-parent-11.pom (32 kB at 2.2 MB/s)
[84723c8b-77c1-4c6d-b658-e4d5e5faf83b/Test JDK 11, ubuntu-latest]   | [INFO] Downloading from central: https://repo.maven.apache.org/maven2/org/apache/apache/5/apache-5.pom
[84723c8b-77c1-4c6d-b658-e4d5e5faf83b/Test JDK 11, ubuntu-latest]   | [INFO] Downloaded from central: https://repo.maven.apache.org/maven2/org/apache/apache/5/apache-5.pom (4.1 kB at 410 kB/s)
[84723c8b-77c1-4c6d-b658-e4d5e5faf83b/Test JDK 11, ubuntu-latest]   | [INFO] Downloading from central: https://repo.maven.apache.org/maven2/org/apache/maven/maven-core/2.2.1/maven-core-2.2.1.pom
[84723c8b-77c1-4c6d-b658-e4d5e5faf83b/Test JDK 11, ubuntu-latest]   | [INFO] Downloaded from central: https://repo.maven.apache.org/maven2/org/apache/maven/maven-core/2.2.1/maven-core-2.2.1.pom (12 kB at 529 kB/s)
[84723c8b-77c1-4c6d-b658-e4d5e5faf83b/Test JDK 11, ubuntu-latest]   | [INFO] Downloading from central: https://repo.maven.apache.org/maven2/org/apache/maven/maven-settings/2.2.1/maven-settings-2.2.1.pom
[84723c8b-77c1-4c6d-b658-e4d5e5faf83b/Test JDK 11, ubuntu-latest]   | [INFO] Downloaded from central: https://repo.maven.apache.org/maven2/org/apache/maven/maven-settings/2.2.1/maven-settings-2.2.1.pom (2.2 kB at 56 kB/s)
[84723c8b-77c1-4c6d-b658-e4d5e5faf83b/Test JDK 11, ubuntu-latest]   | [INFO] Downloading from central: https://repo.maven.apache.org/maven2/org/apache/maven/maven-model/2.2.1/maven-model-2.2.1.pom
[84723c8b-77c1-4c6d-b658-e4d5e5faf83b/Test JDK 11, ubuntu-latest]   | [INFO] Downloaded from central: https://repo.maven.apache.org/maven2/org/apache/maven/maven-model/2.2.1/maven-model-2.2.1.pom (3.2 kB at 216 kB/s)
[84723c8b-77c1-4c6d-b658-e4d5e5faf83b/Test JDK 11, ubuntu-latest]   | [INFO] Downloading from central: https://repo.maven.apache.org/maven2/org/codehaus/plexus/plexus-utils/1.5.15/plexus-utils-1.5.15.pom
[84723c8b-77c1-4c6d-b658-e4d5e5faf83b/Test JDK 11, ubuntu-latest]   | [INFO] Downloaded from central: https://repo.maven.apache.org/maven2/org/codehaus/plexus/plexus-utils/1.5.15/plexus-utils-1.5.15.pom (6.8 kB at 457 kB/s)
[84723c8b-77c1-4c6d-b658-e4d5e5faf83b/Test JDK 11, ubuntu-latest]   | [INFO] Downloading from central: https://repo.maven.apache.org/maven2/org/codehaus/plexus/plexus-interpolation/1.11/plexus-interpolation-1.11.pom
[84723c8b-77c1-4c6d-b658-e4d5e5faf83b/Test JDK 11, ubuntu-latest]   | [INFO] Downloaded from central: https://repo.maven.apache.org/maven2/org/codehaus/plexus/plexus-interpolation/1.11/plexus-interpolation-1.11.pom (889 B at 111 kB/s)
[84723c8b-77c1-4c6d-b658-e4d5e5faf83b/Test JDK 11, ubuntu-latest]   | [INFO] Downloading from central: https://repo.maven.apache.org/maven2/org/codehaus/plexus/plexus-components/1.1.14/plexus-components-1.1.14.pom
[84723c8b-77c1-4c6d-b658-e4d5e5faf83b/Test JDK 11, ubuntu-latest]   | [INFO] Downloaded from central: https://repo.maven.apache.org/maven2/org/codehaus/plexus/plexus-components/1.1.14/plexus-components-1.1.14.pom (5.8 kB at 449 kB/s)
[84723c8b-77c1-4c6d-b658-e4d5e5faf83b/Test JDK 11, ubuntu-latest]   | [INFO] Downloading from central: https://repo.maven.apache.org/maven2/org/apache/maven/maven-plugin-parameter-documenter/2.2.1/maven-plugin-parameter-documenter-2.2.1.pom
[84723c8b-77c1-4c6d-b658-e4d5e5faf83b/Test JDK 11, ubuntu-latest]   | [INFO] Downloaded from central: https://repo.maven.apache.org/maven2/org/apache/maven/maven-plugin-parameter-documenter/2.2.1/maven-plugin-parameter-documenter-2.2.1.pom (2.0 kB at 78 kB/s)
[84723c8b-77c1-4c6d-b658-e4d5e5faf83b/Test JDK 11, ubuntu-latest]   | [INFO] Downloading from central: https://repo.maven.apache.org/maven2/org/slf4j/slf4j-jdk14/1.5.6/slf4j-jdk14-1.5.6.pom
[84723c8b-77c1-4c6d-b658-e4d5e5faf83b/Test JDK 11, ubuntu-latest]   | [INFO] Downloaded from central: https://repo.maven.apache.org/maven2/org/slf4j/slf4j-jdk14/1.5.6/slf4j-jdk14-1.5.6.pom (1.9 kB at 46 kB/s)
[84723c8b-77c1-4c6d-b658-e4d5e5faf83b/Test JDK 11, ubuntu-latest]   | [INFO] Downloading from central: https://repo.maven.apache.org/maven2/org/slf4j/slf4j-parent/1.5.6/slf4j-parent-1.5.6.pom
[84723c8b-77c1-4c6d-b658-e4d5e5faf83b/Test JDK 11, ubuntu-latest]   | [INFO] Downloaded from central: https://repo.maven.apache.org/maven2/org/slf4j/slf4j-parent/1.5.6/slf4j-parent-1.5.6.pom (7.9 kB at 417 kB/s)
[84723c8b-77c1-4c6d-b658-e4d5e5faf83b/Test JDK 11, ubuntu-latest]   | [INFO] Downloading from central: https://repo.maven.apache.org/maven2/org/slf4j/slf4j-api/1.5.6/slf4j-api-1.5.6.pom
[84723c8b-77c1-4c6d-b658-e4d5e5faf83b/Test JDK 11, ubuntu-latest]   | [INFO] Downloaded from central: https://repo.maven.apache.org/maven2/org/slf4j/slf4j-api/1.5.6/slf4j-api-1.5.6.pom (3.0 kB at 166 kB/s)
[84723c8b-77c1-4c6d-b658-e4d5e5faf83b/Test JDK 11, ubuntu-latest]   | [INFO] Downloading from central: https://repo.maven.apache.org/maven2/org/slf4j/jcl-over-slf4j/1.5.6/jcl-over-slf4j-1.5.6.pom
[84723c8b-77c1-4c6d-b658-e4d5e5faf83b/Test JDK 11, ubuntu-latest]   | [INFO] Downloaded from central: https://repo.maven.apache.org/maven2/org/slf4j/jcl-over-slf4j/1.5.6/jcl-over-slf4j-1.5.6.pom (2.2 kB at 136 kB/s)
[84723c8b-77c1-4c6d-b658-e4d5e5faf83b/Test JDK 11, ubuntu-latest]   | [INFO] Downloading from central: https://repo.maven.apache.org/maven2/org/apache/maven/maven-profile/2.2.1/maven-profile-2.2.1.pom
[84723c8b-77c1-4c6d-b658-e4d5e5faf83b/Test JDK 11, ubuntu-latest]   | [INFO] Downloaded from central: https://repo.maven.apache.org/maven2/org/apache/maven/maven-profile/2.2.1/maven-profile-2.2.1.pom (2.2 kB at 114 kB/s)
[84723c8b-77c1-4c6d-b658-e4d5e5faf83b/Test JDK 11, ubuntu-latest]   | [INFO] Downloading from central: https://repo.maven.apache.org/maven2/org/apache/maven/maven-artifact/2.2.1/maven-artifact-2.2.1.pom
[84723c8b-77c1-4c6d-b658-e4d5e5faf83b/Test JDK 11, ubuntu-latest]   | [INFO] Downloaded from central: https://repo.maven.apache.org/maven2/org/apache/maven/maven-artifact/2.2.1/maven-artifact-2.2.1.pom (1.6 kB at 26 kB/s)
[84723c8b-77c1-4c6d-b658-e4d5e5faf83b/Test JDK 11, ubuntu-latest]   | [INFO] Downloading from central: https://repo.maven.apache.org/maven2/org/apache/maven/maven-repository-metadata/2.2.1/maven-repository-metadata-2.2.1.pom
[84723c8b-77c1-4c6d-b658-e4d5e5faf83b/Test JDK 11, ubuntu-latest]   | [INFO] Downloaded from central: https://repo.maven.apache.org/maven2/org/apache/maven/maven-repository-metadata/2.2.1/maven-repository-metadata-2.2.1.pom (1.9 kB at 39 kB/s)
[84723c8b-77c1-4c6d-b658-e4d5e5faf83b/Test JDK 11, ubuntu-latest]   | [INFO] Downloading from central: https://repo.maven.apache.org/maven2/org/apache/maven/maven-error-diagnostics/2.2.1/maven-error-diagnostics-2.2.1.pom
[84723c8b-77c1-4c6d-b658-e4d5e5faf83b/Test JDK 11, ubuntu-latest]   | [INFO] Downloaded from central: https://repo.maven.apache.org/maven2/org/apache/maven/maven-error-diagnostics/2.2.1/maven-error-diagnostics-2.2.1.pom (1.7 kB at 61 kB/s)
[84723c8b-77c1-4c6d-b658-e4d5e5faf83b/Test JDK 11, ubuntu-latest]   | [INFO] Downloading from central: https://repo.maven.apache.org/maven2/org/apache/maven/maven-project/2.2.1/maven-project-2.2.1.pom
[84723c8b-77c1-4c6d-b658-e4d5e5faf83b/Test JDK 11, ubuntu-latest]   | [INFO] Downloaded from central: https://repo.maven.apache.org/maven2/org/apache/maven/maven-project/2.2.1/maven-project-2.2.1.pom (2.8 kB at 185 kB/s)
[84723c8b-77c1-4c6d-b658-e4d5e5faf83b/Test JDK 11, ubuntu-latest]   | [INFO] Downloading from central: https://repo.maven.apache.org/maven2/org/apache/maven/maven-artifact-manager/2.2.1/maven-artifact-manager-2.2.1.pom
[84723c8b-77c1-4c6d-b658-e4d5e5faf83b/Test JDK 11, ubuntu-latest]   | [INFO] Downloaded from central: https://repo.maven.apache.org/maven2/org/apache/maven/maven-artifact-manager/2.2.1/maven-artifact-manager-2.2.1.pom (3.1 kB at 74 kB/s)
[84723c8b-77c1-4c6d-b658-e4d5e5faf83b/Test JDK 11, ubuntu-latest]   | [INFO] Downloading from central: https://repo.maven.apache.org/maven2/backport-util-concurrent/backport-util-concurrent/3.1/backport-util-concurrent-3.1.pom
[84723c8b-77c1-4c6d-b658-e4d5e5faf83b/Test JDK 11, ubuntu-latest]   | [INFO] Downloaded from central: https://repo.maven.apache.org/maven2/backport-util-concurrent/backport-util-concurrent/3.1/backport-util-concurrent-3.1.pom (880 B at 42 kB/s)
[84723c8b-77c1-4c6d-b658-e4d5e5faf83b/Test JDK 11, ubuntu-latest]   | [INFO] Downloading from central: https://repo.maven.apache.org/maven2/org/apache/maven/maven-plugin-registry/2.2.1/maven-plugin-registry-2.2.1.pom
[84723c8b-77c1-4c6d-b658-e4d5e5faf83b/Test JDK 11, ubuntu-latest]   | [INFO] Downloaded from central: https://repo.maven.apache.org/maven2/org/apache/maven/maven-plugin-registry/2.2.1/maven-plugin-registry-2.2.1.pom (1.9 kB at 60 kB/s)
[84723c8b-77c1-4c6d-b658-e4d5e5faf83b/Test JDK 11, ubuntu-latest]   | [INFO] Downloading from central: https://repo.maven.apache.org/maven2/org/apache/maven/maven-plugin-descriptor/2.2.1/maven-plugin-descriptor-2.2.1.pom
[84723c8b-77c1-4c6d-b658-e4d5e5faf83b/Test JDK 11, ubuntu-latest]   | [INFO] Downloaded from central: https://repo.maven.apache.org/maven2/org/apache/maven/maven-plugin-descriptor/2.2.1/maven-plugin-descriptor-2.2.1.pom (2.1 kB at 115 kB/s)
[84723c8b-77c1-4c6d-b658-e4d5e5faf83b/Test JDK 11, ubuntu-latest]   | [INFO] Downloading from central: https://repo.maven.apache.org/maven2/org/apache/maven/maven-monitor/2.2.1/maven-monitor-2.2.1.pom
[84723c8b-77c1-4c6d-b658-e4d5e5faf83b/Test JDK 11, ubuntu-latest]   | [INFO] Downloaded from central: https://repo.maven.apache.org/maven2/org/apache/maven/maven-monitor/2.2.1/maven-monitor-2.2.1.pom (1.3 kB at 140 kB/s)
[84723c8b-77c1-4c6d-b658-e4d5e5faf83b/Test JDK 11, ubuntu-latest]   | [INFO] Downloading from central: https://repo.maven.apache.org/maven2/org/apache/maven/shared/maven-shared-utils/0.1/maven-shared-utils-0.1.pom
[84723c8b-77c1-4c6d-b658-e4d5e5faf83b/Test JDK 11, ubuntu-latest]   | [INFO] Downloaded from central: https://repo.maven.apache.org/maven2/org/apache/maven/shared/maven-shared-utils/0.1/maven-shared-utils-0.1.pom (4.0 kB at 270 kB/s)
[84723c8b-77c1-4c6d-b658-e4d5e5faf83b/Test JDK 11, ubuntu-latest]   | [INFO] Downloading from central: https://repo.maven.apache.org/maven2/org/apache/maven/shared/maven-shared-components/18/maven-shared-components-18.pom
[84723c8b-77c1-4c6d-b658-e4d5e5faf83b/Test JDK 11, ubuntu-latest]   | [INFO] Downloaded from central: https://repo.maven.apache.org/maven2/org/apache/maven/shared/maven-shared-components/18/maven-shared-components-18.pom (4.9 kB at 380 kB/s)
[84723c8b-77c1-4c6d-b658-e4d5e5faf83b/Test JDK 11, ubuntu-latest]   | [INFO] Downloading from central: https://repo.maven.apache.org/maven2/org/apache/maven/maven-parent/22/maven-parent-22.pom
[84723c8b-77c1-4c6d-b658-e4d5e5faf83b/Test JDK 11, ubuntu-latest]   | [INFO] Downloaded from central: https://repo.maven.apache.org/maven2/org/apache/maven/maven-parent/22/maven-parent-22.pom (30 kB at 1.6 MB/s)
[84723c8b-77c1-4c6d-b658-e4d5e5faf83b/Test JDK 11, ubuntu-latest]   | [INFO] Downloading from central: https://repo.maven.apache.org/maven2/org/apache/apache/11/apache-11.pom
[84723c8b-77c1-4c6d-b658-e4d5e5faf83b/Test JDK 11, ubuntu-latest]   | [INFO] Downloaded from central: https://repo.maven.apache.org/maven2/org/apache/apache/11/apache-11.pom (15 kB at 987 kB/s)
[84723c8b-77c1-4c6d-b658-e4d5e5faf83b/Test JDK 11, ubuntu-latest]   | [INFO] Downloading from central: https://repo.maven.apache.org/maven2/com/google/code/findbugs/jsr305/2.0.1/jsr305-2.0.1.pom
[84723c8b-77c1-4c6d-b658-e4d5e5faf83b/Test JDK 11, ubuntu-latest]   | [INFO] Downloaded from central: https://repo.maven.apache.org/maven2/com/google/code/findbugs/jsr305/2.0.1/jsr305-2.0.1.pom (965 B at 107 kB/s)
[84723c8b-77c1-4c6d-b658-e4d5e5faf83b/Test JDK 11, ubuntu-latest]   | [INFO] Downloading from central: https://repo.maven.apache.org/maven2/org/codehaus/plexus/plexus-java/0.9.10/plexus-java-0.9.10.pom
[84723c8b-77c1-4c6d-b658-e4d5e5faf83b/Test JDK 11, ubuntu-latest]   | [INFO] Downloaded from central: https://repo.maven.apache.org/maven2/org/codehaus/plexus/plexus-java/0.9.10/plexus-java-0.9.10.pom (5.1 kB at 170 kB/s)
[84723c8b-77c1-4c6d-b658-e4d5e5faf83b/Test JDK 11, ubuntu-latest]   | [INFO] Downloading from central: https://repo.maven.apache.org/maven2/org/codehaus/plexus/plexus-languages/0.9.10/plexus-languages-0.9.10.pom
[84723c8b-77c1-4c6d-b658-e4d5e5faf83b/Test JDK 11, ubuntu-latest]   | [INFO] Downloaded from central: https://repo.maven.apache.org/maven2/org/codehaus/plexus/plexus-languages/0.9.10/plexus-languages-0.9.10.pom (4.1 kB at 153 kB/s)
[84723c8b-77c1-4c6d-b658-e4d5e5faf83b/Test JDK 11, ubuntu-latest]   | [INFO] Downloading from central: https://repo.maven.apache.org/maven2/org/ow2/asm/asm/6.2/asm-6.2.pom
[84723c8b-77c1-4c6d-b658-e4d5e5faf83b/Test JDK 11, ubuntu-latest]   | [INFO] Downloaded from central: https://repo.maven.apache.org/maven2/org/ow2/asm/asm/6.2/asm-6.2.pom (2.9 kB at 117 kB/s)
[84723c8b-77c1-4c6d-b658-e4d5e5faf83b/Test JDK 11, ubuntu-latest]   | [INFO] Downloading from central: https://repo.maven.apache.org/maven2/org/ow2/ow2/1.5/ow2-1.5.pom
[84723c8b-77c1-4c6d-b658-e4d5e5faf83b/Test JDK 11, ubuntu-latest]   | [INFO] Downloaded from central: https://repo.maven.apache.org/maven2/org/ow2/ow2/1.5/ow2-1.5.pom (11 kB at 749 kB/s)
[84723c8b-77c1-4c6d-b658-e4d5e5faf83b/Test JDK 11, ubuntu-latest]   | [INFO] Downloading from central: https://repo.maven.apache.org/maven2/com/thoughtworks/qdox/qdox/2.0-M9/qdox-2.0-M9.pom
[84723c8b-77c1-4c6d-b658-e4d5e5faf83b/Test JDK 11, ubuntu-latest]   | [INFO] Downloaded from central: https://repo.maven.apache.org/maven2/com/thoughtworks/qdox/qdox/2.0-M9/qdox-2.0-M9.pom (16 kB at 609 kB/s)
[84723c8b-77c1-4c6d-b658-e4d5e5faf83b/Test JDK 11, ubuntu-latest]   | [INFO] Downloading from central: https://repo.maven.apache.org/maven2/org/sonatype/oss/oss-parent/9/oss-parent-9.pom
[84723c8b-77c1-4c6d-b658-e4d5e5faf83b/Test JDK 11, ubuntu-latest]   | [INFO] Downloaded from central: https://repo.maven.apache.org/maven2/org/sonatype/oss/oss-parent/9/oss-parent-9.pom (6.6 kB at 286 kB/s)
[84723c8b-77c1-4c6d-b658-e4d5e5faf83b/Test JDK 11, ubuntu-latest]   | [INFO] Downloading from central: https://repo.maven.apache.org/maven2/org/codehaus/plexus/plexus-compiler-api/2.8.4/plexus-compiler-api-2.8.4.pom
[84723c8b-77c1-4c6d-b658-e4d5e5faf83b/Test JDK 11, ubuntu-latest]   | [INFO] Downloaded from central: https://repo.maven.apache.org/maven2/org/codehaus/plexus/plexus-compiler-api/2.8.4/plexus-compiler-api-2.8.4.pom (867 B at 29 kB/s)
[84723c8b-77c1-4c6d-b658-e4d5e5faf83b/Test JDK 11, ubuntu-latest]   | [INFO] Downloading from central: https://repo.maven.apache.org/maven2/org/codehaus/plexus/plexus-compiler/2.8.4/plexus-compiler-2.8.4.pom
[84723c8b-77c1-4c6d-b658-e4d5e5faf83b/Test JDK 11, ubuntu-latest]   | [INFO] Downloaded from central: https://repo.maven.apache.org/maven2/org/codehaus/plexus/plexus-compiler/2.8.4/plexus-compiler-2.8.4.pom (6.0 kB at 402 kB/s)
[84723c8b-77c1-4c6d-b658-e4d5e5faf83b/Test JDK 11, ubuntu-latest]   | [INFO] Downloading from central: https://repo.maven.apache.org/maven2/org/codehaus/plexus/plexus-components/4.0/plexus-components-4.0.pom
[84723c8b-77c1-4c6d-b658-e4d5e5faf83b/Test JDK 11, ubuntu-latest]   | [INFO] Downloaded from central: https://repo.maven.apache.org/maven2/org/codehaus/plexus/plexus-components/4.0/plexus-components-4.0.pom (2.7 kB at 83 kB/s)
[84723c8b-77c1-4c6d-b658-e4d5e5faf83b/Test JDK 11, ubuntu-latest]   | [INFO] Downloading from central: https://repo.maven.apache.org/maven2/org/codehaus/plexus/plexus-utils/3.0.22/plexus-utils-3.0.22.pom
[84723c8b-77c1-4c6d-b658-e4d5e5faf83b/Test JDK 11, ubuntu-latest]   | [INFO] Downloaded from central: https://repo.maven.apache.org/maven2/org/codehaus/plexus/plexus-utils/3.0.22/plexus-utils-3.0.22.pom (3.8 kB at 202 kB/s)
[84723c8b-77c1-4c6d-b658-e4d5e5faf83b/Test JDK 11, ubuntu-latest]   | [INFO] Downloading from central: https://repo.maven.apache.org/maven2/org/codehaus/plexus/plexus/3.3.1/plexus-3.3.1.pom
[84723c8b-77c1-4c6d-b658-e4d5e5faf83b/Test JDK 11, ubuntu-latest]   | [INFO] Downloaded from central: https://repo.maven.apache.org/maven2/org/codehaus/plexus/plexus/3.3.1/plexus-3.3.1.pom (20 kB at 639 kB/s)
[84723c8b-77c1-4c6d-b658-e4d5e5faf83b/Test JDK 11, ubuntu-latest]   | [INFO] Downloading from central: https://repo.maven.apache.org/maven2/org/codehaus/plexus/plexus-compiler-manager/2.8.4/plexus-compiler-manager-2.8.4.pom
[84723c8b-77c1-4c6d-b658-e4d5e5faf83b/Test JDK 11, ubuntu-latest]   | [INFO] Downloaded from central: https://repo.maven.apache.org/maven2/org/codehaus/plexus/plexus-compiler-manager/2.8.4/plexus-compiler-manager-2.8.4.pom (692 B at 35 kB/s)
[84723c8b-77c1-4c6d-b658-e4d5e5faf83b/Test JDK 11, ubuntu-latest]   | [INFO] Downloading from central: https://repo.maven.apache.org/maven2/org/codehaus/plexus/plexus-compiler-javac/2.8.4/plexus-compiler-javac-2.8.4.pom
[84723c8b-77c1-4c6d-b658-e4d5e5faf83b/Test JDK 11, ubuntu-latest]   | [INFO] Downloaded from central: https://repo.maven.apache.org/maven2/org/codehaus/plexus/plexus-compiler-javac/2.8.4/plexus-compiler-javac-2.8.4.pom (771 B at 55 kB/s)
[84723c8b-77c1-4c6d-b658-e4d5e5faf83b/Test JDK 11, ubuntu-latest]   | [INFO] Downloading from central: https://repo.maven.apache.org/maven2/org/codehaus/plexus/plexus-compilers/2.8.4/plexus-compilers-2.8.4.pom
[84723c8b-77c1-4c6d-b658-e4d5e5faf83b/Test JDK 11, ubuntu-latest]   | [INFO] Downloaded from central: https://repo.maven.apache.org/maven2/org/codehaus/plexus/plexus-compilers/2.8.4/plexus-compilers-2.8.4.pom (1.3 kB at 96 kB/s)
[84723c8b-77c1-4c6d-b658-e4d5e5faf83b/Test JDK 11, ubuntu-latest]   | [INFO] Downloading from central: https://repo.maven.apache.org/maven2/org/apache/maven/maven-plugin-api/3.0/maven-plugin-api-3.0.jar
[84723c8b-77c1-4c6d-b658-e4d5e5faf83b/Test JDK 11, ubuntu-latest]   | [INFO] Downloading from central: https://repo.maven.apache.org/maven2/org/apache/maven/maven-model/3.0/maven-model-3.0.jar
[84723c8b-77c1-4c6d-b658-e4d5e5faf83b/Test JDK 11, ubuntu-latest]   | [INFO] Downloading from central: https://repo.maven.apache.org/maven2/org/sonatype/sisu/sisu-inject-plexus/1.4.2/sisu-inject-plexus-1.4.2.jar
[84723c8b-77c1-4c6d-b658-e4d5e5faf83b/Test JDK 11, ubuntu-latest]   | [INFO] Downloading from central: https://repo.maven.apache.org/maven2/org/sonatype/sisu/sisu-inject-bean/1.4.2/sisu-inject-bean-1.4.2.jar
[84723c8b-77c1-4c6d-b658-e4d5e5faf83b/Test JDK 11, ubuntu-latest]   | [INFO] Downloading from central: https://repo.maven.apache.org/maven2/org/sonatype/sisu/sisu-guice/2.1.7/sisu-guice-2.1.7-noaop.jar
[84723c8b-77c1-4c6d-b658-e4d5e5faf83b/Test JDK 11, ubuntu-latest]   | [INFO] Downloaded from central: https://repo.maven.apache.org/maven2/org/apache/maven/maven-model/3.0/maven-model-3.0.jar (165 kB at 2.3 MB/s)
[84723c8b-77c1-4c6d-b658-e4d5e5faf83b/Test JDK 11, ubuntu-latest]   | [INFO] Downloading from central: https://repo.maven.apache.org/maven2/org/apache/maven/maven-artifact/3.0/maven-artifact-3.0.jar
[84723c8b-77c1-4c6d-b658-e4d5e5faf83b/Test JDK 11, ubuntu-latest]   | [INFO] Downloaded from central: https://repo.maven.apache.org/maven2/org/apache/maven/maven-plugin-api/3.0/maven-plugin-api-3.0.jar (49 kB at 395 kB/s)
[84723c8b-77c1-4c6d-b658-e4d5e5faf83b/Test JDK 11, ubuntu-latest]   | [INFO] Downloading from central: https://repo.maven.apache.org/maven2/org/codehaus/plexus/plexus-utils/2.0.4/plexus-utils-2.0.4.jar
[84723c8b-77c1-4c6d-b658-e4d5e5faf83b/Test JDK 11, ubuntu-latest]   | [INFO] Downloaded from central: https://repo.maven.apache.org/maven2/org/sonatype/sisu/sisu-inject-bean/1.4.2/sisu-inject-bean-1.4.2.jar (153 kB at 1.9 MB/s)
[84723c8b-77c1-4c6d-b658-e4d5e5faf83b/Test JDK 11, ubuntu-latest]   | [INFO] Downloaded from central: https://repo.maven.apache.org/maven2/org/sonatype/sisu/sisu-inject-plexus/1.4.2/sisu-inject-plexus-1.4.2.jar (202 kB at 2.5 MB/s)
[84723c8b-77c1-4c6d-b658-e4d5e5faf83b/Test JDK 11, ubuntu-latest]   | [INFO] Downloading from central: https://repo.maven.apache.org/maven2/org/apache/maven/maven-core/3.0/maven-core-3.0.jar
[84723c8b-77c1-4c6d-b658-e4d5e5faf83b/Test JDK 11, ubuntu-latest]   | [INFO] Downloading from central: https://repo.maven.apache.org/maven2/org/apache/maven/maven-settings/3.0/maven-settings-3.0.jar
[84723c8b-77c1-4c6d-b658-e4d5e5faf83b/Test JDK 11, ubuntu-latest]   | [INFO] Downloaded from central: https://repo.maven.apache.org/maven2/org/sonatype/sisu/sisu-guice/2.1.7/sisu-guice-2.1.7-noaop.jar (472 kB at 5.4 MB/s)
[84723c8b-77c1-4c6d-b658-e4d5e5faf83b/Test JDK 11, ubuntu-latest]   | [INFO] Downloading from central: https://repo.maven.apache.org/maven2/org/apache/maven/maven-settings-builder/3.0/maven-settings-builder-3.0.jar
[84723c8b-77c1-4c6d-b658-e4d5e5faf83b/Test JDK 11, ubuntu-latest]   | [INFO] Downloaded from central: https://repo.maven.apache.org/maven2/org/codehaus/plexus/plexus-utils/2.0.4/plexus-utils-2.0.4.jar (222 kB at 2.3 MB/s)
[84723c8b-77c1-4c6d-b658-e4d5e5faf83b/Test JDK 11, ubuntu-latest]   | [INFO] Downloaded from central: https://repo.maven.apache.org/maven2/org/apache/maven/maven-settings/3.0/maven-settings-3.0.jar (47 kB at 486 kB/s)
[84723c8b-77c1-4c6d-b658-e4d5e5faf83b/Test JDK 11, ubuntu-latest]   | [INFO] Downloading from central: https://repo.maven.apache.org/maven2/org/apache/maven/maven-repository-metadata/3.0/maven-repository-metadata-3.0.jar
[84723c8b-77c1-4c6d-b658-e4d5e5faf83b/Test JDK 11, ubuntu-latest]   | [INFO] Downloading from central: https://repo.maven.apache.org/maven2/org/apache/maven/maven-model-builder/3.0/maven-model-builder-3.0.jar
[84723c8b-77c1-4c6d-b658-e4d5e5faf83b/Test JDK 11, ubuntu-latest]   | [INFO] Downloaded from central: https://repo.maven.apache.org/maven2/org/apache/maven/maven-artifact/3.0/maven-artifact-3.0.jar (52 kB at 541 kB/s)
[84723c8b-77c1-4c6d-b658-e4d5e5faf83b/Test JDK 11, ubuntu-latest]   | [INFO] Downloading from central: https://repo.maven.apache.org/maven2/org/apache/maven/maven-aether-provider/3.0/maven-aether-provider-3.0.jar
[84723c8b-77c1-4c6d-b658-e4d5e5faf83b/Test JDK 11, ubuntu-latest]   | [INFO] Downloaded from central: https://repo.maven.apache.org/maven2/org/apache/maven/maven-repository-metadata/3.0/maven-repository-metadata-3.0.jar (30 kB at 286 kB/s)
[84723c8b-77c1-4c6d-b658-e4d5e5faf83b/Test JDK 11, ubuntu-latest]   | [INFO] Downloading from central: https://repo.maven.apache.org/maven2/org/sonatype/aether/aether-impl/1.7/aether-impl-1.7.jar
[84723c8b-77c1-4c6d-b658-e4d5e5faf83b/Test JDK 11, ubuntu-latest]   | [INFO] Downloaded from central: https://repo.maven.apache.org/maven2/org/apache/maven/maven-settings-builder/3.0/maven-settings-builder-3.0.jar (38 kB at 353 kB/s)
[84723c8b-77c1-4c6d-b658-e4d5e5faf83b/Test JDK 11, ubuntu-latest]   | [INFO] Downloading from central: https://repo.maven.apache.org/maven2/org/sonatype/aether/aether-spi/1.7/aether-spi-1.7.jar
[84723c8b-77c1-4c6d-b658-e4d5e5faf83b/Test JDK 11, ubuntu-latest]   | [INFO] Downloaded from central: https://repo.maven.apache.org/maven2/org/apache/maven/maven-core/3.0/maven-core-3.0.jar (527 kB at 4.4 MB/s)
[84723c8b-77c1-4c6d-b658-e4d5e5faf83b/Test JDK 11, ubuntu-latest]   | [INFO] Downloading from central: https://repo.maven.apache.org/maven2/org/sonatype/aether/aether-api/1.7/aether-api-1.7.jar
[84723c8b-77c1-4c6d-b658-e4d5e5faf83b/Test JDK 11, ubuntu-latest]   | [INFO] Downloaded from central: https://repo.maven.apache.org/maven2/org/apache/maven/maven-aether-provider/3.0/maven-aether-provider-3.0.jar (51 kB at 427 kB/s)
[84723c8b-77c1-4c6d-b658-e4d5e5faf83b/Test JDK 11, ubuntu-latest]   | [INFO] Downloading from central: https://repo.maven.apache.org/maven2/org/sonatype/aether/aether-util/1.7/aether-util-1.7.jar
[84723c8b-77c1-4c6d-b658-e4d5e5faf83b/Test JDK 11, ubuntu-latest]   | [INFO] Downloaded from central: https://repo.maven.apache.org/maven2/org/sonatype/aether/aether-spi/1.7/aether-spi-1.7.jar (14 kB at 109 kB/s)
[84723c8b-77c1-4c6d-b658-e4d5e5faf83b/Test JDK 11, ubuntu-latest]   | [INFO] Downloading from central: https://repo.maven.apache.org/maven2/org/codehaus/plexus/plexus-interpolation/1.14/plexus-interpolation-1.14.jar
[84723c8b-77c1-4c6d-b658-e4d5e5faf83b/Test JDK 11, ubuntu-latest]   | [INFO] Downloaded from central: https://repo.maven.apache.org/maven2/org/sonatype/aether/aether-impl/1.7/aether-impl-1.7.jar (106 kB at 850 kB/s)
[84723c8b-77c1-4c6d-b658-e4d5e5faf83b/Test JDK 11, ubuntu-latest]   | [INFO] Downloading from central: https://repo.maven.apache.org/maven2/org/codehaus/plexus/plexus-classworlds/2.2.3/plexus-classworlds-2.2.3.jar
[84723c8b-77c1-4c6d-b658-e4d5e5faf83b/Test JDK 11, ubuntu-latest]   | [INFO] Downloaded from central: https://repo.maven.apache.org/maven2/org/apache/maven/maven-model-builder/3.0/maven-model-builder-3.0.jar (148 kB at 1.2 MB/s)
[84723c8b-77c1-4c6d-b658-e4d5e5faf83b/Test JDK 11, ubuntu-latest]   | [INFO] Downloading from central: https://repo.maven.apache.org/maven2/org/codehaus/plexus/plexus-component-annotations/1.7.1/plexus-component-annotations-1.7.1.jar
[84723c8b-77c1-4c6d-b658-e4d5e5faf83b/Test JDK 11, ubuntu-latest]   | [INFO] Downloaded from central: https://repo.maven.apache.org/maven2/org/sonatype/aether/aether-util/1.7/aether-util-1.7.jar (108 kB at 824 kB/s)
[84723c8b-77c1-4c6d-b658-e4d5e5faf83b/Test JDK 11, ubuntu-latest]   | [INFO] Downloading from central: https://repo.maven.apache.org/maven2/org/apache/maven/shared/maven-shared-utils/3.2.1/maven-shared-utils-3.2.1.jar
[84723c8b-77c1-4c6d-b658-e4d5e5faf83b/Test JDK 11, ubuntu-latest]   | [INFO] Downloaded from central: https://repo.maven.apache.org/maven2/org/sonatype/aether/aether-api/1.7/aether-api-1.7.jar (74 kB at 566 kB/s)
[84723c8b-77c1-4c6d-b658-e4d5e5faf83b/Test JDK 11, ubuntu-latest]   | [INFO] Downloading from central: https://repo.maven.apache.org/maven2/commons-io/commons-io/2.5/commons-io-2.5.jar
[84723c8b-77c1-4c6d-b658-e4d5e5faf83b/Test JDK 11, ubuntu-latest]   | [INFO] Downloaded from central: https://repo.maven.apache.org/maven2/org/codehaus/plexus/plexus-classworlds/2.2.3/plexus-classworlds-2.2.3.jar (46 kB at 347 kB/s)
[84723c8b-77c1-4c6d-b658-e4d5e5faf83b/Test JDK 11, ubuntu-latest]   | [INFO] Downloading from central: https://repo.maven.apache.org/maven2/org/apache/maven/shared/maven-shared-incremental/1.1/maven-shared-incremental-1.1.jar
[84723c8b-77c1-4c6d-b658-e4d5e5faf83b/Test JDK 11, ubuntu-latest]   | [INFO] Downloaded from central: https://repo.maven.apache.org/maven2/org/codehaus/plexus/plexus-interpolation/1.14/plexus-interpolation-1.14.jar (61 kB at 439 kB/s)
[84723c8b-77c1-4c6d-b658-e4d5e5faf83b/Test JDK 11, ubuntu-latest]   | [INFO] Downloading from central: https://repo.maven.apache.org/maven2/org/codehaus/plexus/plexus-java/0.9.10/plexus-java-0.9.10.jar
[84723c8b-77c1-4c6d-b658-e4d5e5faf83b/Test JDK 11, ubuntu-latest]   | [INFO] Downloaded from central: https://repo.maven.apache.org/maven2/org/codehaus/plexus/plexus-component-annotations/1.7.1/plexus-component-annotations-1.7.1.jar (4.3 kB at 31 kB/s)
[84723c8b-77c1-4c6d-b658-e4d5e5faf83b/Test JDK 11, ubuntu-latest]   | [INFO] Downloading from central: https://repo.maven.apache.org/maven2/org/ow2/asm/asm/6.2/asm-6.2.jar
[84723c8b-77c1-4c6d-b658-e4d5e5faf83b/Test JDK 11, ubuntu-latest]   | [INFO] Downloaded from central: https://repo.maven.apache.org/maven2/org/apache/maven/shared/maven-shared-utils/3.2.1/maven-shared-utils-3.2.1.jar (167 kB at 1.2 MB/s)
[84723c8b-77c1-4c6d-b658-e4d5e5faf83b/Test JDK 11, ubuntu-latest]   | [INFO] Downloading from central: https://repo.maven.apache.org/maven2/com/thoughtworks/qdox/qdox/2.0-M9/qdox-2.0-M9.jar
[84723c8b-77c1-4c6d-b658-e4d5e5faf83b/Test JDK 11, ubuntu-latest]   | [INFO] Downloaded from central: https://repo.maven.apache.org/maven2/org/apache/maven/shared/maven-shared-incremental/1.1/maven-shared-incremental-1.1.jar (14 kB at 94 kB/s)
[84723c8b-77c1-4c6d-b658-e4d5e5faf83b/Test JDK 11, ubuntu-latest]   | [INFO] Downloading from central: https://repo.maven.apache.org/maven2/org/codehaus/plexus/plexus-compiler-api/2.8.4/plexus-compiler-api-2.8.4.jar
[84723c8b-77c1-4c6d-b658-e4d5e5faf83b/Test JDK 11, ubuntu-latest]   | [INFO] Downloaded from central: https://repo.maven.apache.org/maven2/commons-io/commons-io/2.5/commons-io-2.5.jar (209 kB at 1.4 MB/s)
[84723c8b-77c1-4c6d-b658-e4d5e5faf83b/Test JDK 11, ubuntu-latest]   | [INFO] Downloading from central: https://repo.maven.apache.org/maven2/org/codehaus/plexus/plexus-compiler-manager/2.8.4/plexus-compiler-manager-2.8.4.jar
[84723c8b-77c1-4c6d-b658-e4d5e5faf83b/Test JDK 11, ubuntu-latest]   | [INFO] Downloaded from central: https://repo.maven.apache.org/maven2/org/codehaus/plexus/plexus-java/0.9.10/plexus-java-0.9.10.jar (39 kB at 265 kB/s)
[84723c8b-77c1-4c6d-b658-e4d5e5faf83b/Test JDK 11, ubuntu-latest]   | [INFO] Downloading from central: https://repo.maven.apache.org/maven2/org/codehaus/plexus/plexus-compiler-javac/2.8.4/plexus-compiler-javac-2.8.4.jar
[84723c8b-77c1-4c6d-b658-e4d5e5faf83b/Test JDK 11, ubuntu-latest]   | [INFO] Downloaded from central: https://repo.maven.apache.org/maven2/org/ow2/asm/asm/6.2/asm-6.2.jar (111 kB at 737 kB/s)
[84723c8b-77c1-4c6d-b658-e4d5e5faf83b/Test JDK 11, ubuntu-latest]   | [INFO] Downloaded from central: https://repo.maven.apache.org/maven2/org/codehaus/plexus/plexus-compiler-api/2.8.4/plexus-compiler-api-2.8.4.jar (27 kB at 153 kB/s)
[84723c8b-77c1-4c6d-b658-e4d5e5faf83b/Test JDK 11, ubuntu-latest]   | [INFO] Downloaded from central: https://repo.maven.apache.org/maven2/org/codehaus/plexus/plexus-compiler-manager/2.8.4/plexus-compiler-manager-2.8.4.jar (4.7 kB at 26 kB/s)
[84723c8b-77c1-4c6d-b658-e4d5e5faf83b/Test JDK 11, ubuntu-latest]   | [INFO] Downloaded from central: https://repo.maven.apache.org/maven2/org/codehaus/plexus/plexus-compiler-javac/2.8.4/plexus-compiler-javac-2.8.4.jar (21 kB at 108 kB/s)
[84723c8b-77c1-4c6d-b658-e4d5e5faf83b/Test JDK 11, ubuntu-latest]   | [INFO] Downloaded from central: https://repo.maven.apache.org/maven2/com/thoughtworks/qdox/qdox/2.0-M9/qdox-2.0-M9.jar (317 kB at 1.6 MB/s)
[84723c8b-77c1-4c6d-b658-e4d5e5faf83b/Test JDK 11, ubuntu-latest]   | [INFO] Changes detected - recompiling the module!
[84723c8b-77c1-4c6d-b658-e4d5e5faf83b/Test JDK 11, ubuntu-latest]   | [INFO] Compiling 253 source files to /tmp/ea6d187c-2e5f-4f72-bd09-59227fb22d30/target/classes
[84723c8b-77c1-4c6d-b658-e4d5e5faf83b/Test JDK 11, ubuntu-latest]   | [INFO] /tmp/ea6d187c-2e5f-4f72-bd09-59227fb22d30/src/main/java/org/jfree/chart3d/graphics3d/swing/ExportToPDFAction.java: Some input files use or override a deprecated API.
[84723c8b-77c1-4c6d-b658-e4d5e5faf83b/Test JDK 11, ubuntu-latest]   | [INFO] /tmp/ea6d187c-2e5f-4f72-bd09-59227fb22d30/src/main/java/org/jfree/chart3d/graphics3d/swing/ExportToPDFAction.java: Recompile with -Xlint:deprecation for details.
[84723c8b-77c1-4c6d-b658-e4d5e5faf83b/Test JDK 11, ubuntu-latest]   | [INFO] 
[84723c8b-77c1-4c6d-b658-e4d5e5faf83b/Test JDK 11, ubuntu-latest]   | [INFO] --- maven-resources-plugin:3.2.0:testResources (default-testResources) @ org.jfree.chart3d ---
[84723c8b-77c1-4c6d-b658-e4d5e5faf83b/Test JDK 11, ubuntu-latest]   | [INFO] Using 'UTF-8' encoding to copy filtered resources.
[84723c8b-77c1-4c6d-b658-e4d5e5faf83b/Test JDK 11, ubuntu-latest]   | [INFO] Using 'UTF-8' encoding to copy filtered properties files.
[84723c8b-77c1-4c6d-b658-e4d5e5faf83b/Test JDK 11, ubuntu-latest]   | [INFO] skip non existing resourceDirectory /tmp/ea6d187c-2e5f-4f72-bd09-59227fb22d30/src/test/resources
[84723c8b-77c1-4c6d-b658-e4d5e5faf83b/Test JDK 11, ubuntu-latest]   | [INFO] 
[84723c8b-77c1-4c6d-b658-e4d5e5faf83b/Test JDK 11, ubuntu-latest]   | [INFO] --- maven-compiler-plugin:3.8.1:testCompile (default-testCompile) @ org.jfree.chart3d ---
[84723c8b-77c1-4c6d-b658-e4d5e5faf83b/Test JDK 11, ubuntu-latest]   | [INFO] Changes detected - recompiling the module!
[84723c8b-77c1-4c6d-b658-e4d5e5faf83b/Test JDK 11, ubuntu-latest]   | [INFO] Compiling 66 source files to /tmp/ea6d187c-2e5f-4f72-bd09-59227fb22d30/target/test-classes
[84723c8b-77c1-4c6d-b658-e4d5e5faf83b/Test JDK 11, ubuntu-latest]   | [INFO] /tmp/ea6d187c-2e5f-4f72-bd09-59227fb22d30/src/test/java/org/jfree/chart3d/plot/CategoryPlot3DTest.java: /tmp/ea6d187c-2e5f-4f72-bd09-59227fb22d30/src/test/java/org/jfree/chart3d/plot/CategoryPlot3DTest.java uses or overrides a deprecated API.
[84723c8b-77c1-4c6d-b658-e4d5e5faf83b/Test JDK 11, ubuntu-latest]   | [INFO] /tmp/ea6d187c-2e5f-4f72-bd09-59227fb22d30/src/test/java/org/jfree/chart3d/plot/CategoryPlot3DTest.java: Recompile with -Xlint:deprecation for details.
[84723c8b-77c1-4c6d-b658-e4d5e5faf83b/Test JDK 11, ubuntu-latest]   | [INFO] 
[84723c8b-77c1-4c6d-b658-e4d5e5faf83b/Test JDK 11, ubuntu-latest]   | [INFO] --- maven-surefire-plugin:2.22.2:test (default-test) @ org.jfree.chart3d ---
[84723c8b-77c1-4c6d-b658-e4d5e5faf83b/Test JDK 11, ubuntu-latest]   | [INFO] Downloading from central: https://repo.maven.apache.org/maven2/org/apache/maven/surefire/maven-surefire-common/2.22.2/maven-surefire-common-2.22.2.pom
[84723c8b-77c1-4c6d-b658-e4d5e5faf83b/Test JDK 11, ubuntu-latest]   | [INFO] Downloaded from central: https://repo.maven.apache.org/maven2/org/apache/maven/surefire/maven-surefire-common/2.22.2/maven-surefire-common-2.22.2.pom (11 kB at 674 kB/s)
[84723c8b-77c1-4c6d-b658-e4d5e5faf83b/Test JDK 11, ubuntu-latest]   | [INFO] Downloading from central: https://repo.maven.apache.org/maven2/org/apache/maven/plugin-tools/maven-plugin-annotations/3.5.2/maven-plugin-annotations-3.5.2.pom
[84723c8b-77c1-4c6d-b658-e4d5e5faf83b/Test JDK 11, ubuntu-latest]   | [INFO] Downloaded from central: https://repo.maven.apache.org/maven2/org/apache/maven/plugin-tools/maven-plugin-annotations/3.5.2/maven-plugin-annotations-3.5.2.pom (1.6 kB at 82 kB/s)
[84723c8b-77c1-4c6d-b658-e4d5e5faf83b/Test JDK 11, ubuntu-latest]   | [INFO] Downloading from central: https://repo.maven.apache.org/maven2/org/apache/maven/plugin-tools/maven-plugin-tools/3.5.2/maven-plugin-tools-3.5.2.pom
[84723c8b-77c1-4c6d-b658-e4d5e5faf83b/Test JDK 11, ubuntu-latest]   | [INFO] Downloaded from central: https://repo.maven.apache.org/maven2/org/apache/maven/plugin-tools/maven-plugin-tools/3.5.2/maven-plugin-tools-3.5.2.pom (15 kB at 29 kB/s)
[84723c8b-77c1-4c6d-b658-e4d5e5faf83b/Test JDK 11, ubuntu-latest]   | [INFO] Downloading from central: https://repo.maven.apache.org/maven2/org/apache/maven/maven-parent/31/maven-parent-31.pom
[84723c8b-77c1-4c6d-b658-e4d5e5faf83b/Test JDK 11, ubuntu-latest]   | [INFO] Downloaded from central: https://repo.maven.apache.org/maven2/org/apache/maven/maven-parent/31/maven-parent-31.pom (43 kB at 443 kB/s)
[84723c8b-77c1-4c6d-b658-e4d5e5faf83b/Test JDK 11, ubuntu-latest]   | [INFO] Downloading from central: https://repo.maven.apache.org/maven2/org/apache/maven/surefire/surefire-api/2.22.2/surefire-api-2.22.2.pom
[84723c8b-77c1-4c6d-b658-e4d5e5faf83b/Test JDK 11, ubuntu-latest]   | [INFO] Downloaded from central: https://repo.maven.apache.org/maven2/org/apache/maven/surefire/surefire-api/2.22.2/surefire-api-2.22.2.pom (3.5 kB at 77 kB/s)
[84723c8b-77c1-4c6d-b658-e4d5e5faf83b/Test JDK 11, ubuntu-latest]   | [INFO] Downloading from central: https://repo.maven.apache.org/maven2/org/apache/maven/surefire/surefire-logger-api/2.22.2/surefire-logger-api-2.22.2.pom
[84723c8b-77c1-4c6d-b658-e4d5e5faf83b/Test JDK 11, ubuntu-latest]   | [INFO] Downloaded from central: https://repo.maven.apache.org/maven2/org/apache/maven/surefire/surefire-logger-api/2.22.2/surefire-logger-api-2.22.2.pom (2.0 kB at 115 kB/s)
[84723c8b-77c1-4c6d-b658-e4d5e5faf83b/Test JDK 11, ubuntu-latest]   | [INFO] Downloading from central: https://repo.maven.apache.org/maven2/org/apache/maven/surefire/surefire-booter/2.22.2/surefire-booter-2.22.2.pom
[84723c8b-77c1-4c6d-b658-e4d5e5faf83b/Test JDK 11, ubuntu-latest]   | [INFO] Downloaded from central: https://repo.maven.apache.org/maven2/org/apache/maven/surefire/surefire-booter/2.22.2/surefire-booter-2.22.2.pom (7.5 kB at 177 kB/s)
[84723c8b-77c1-4c6d-b658-e4d5e5faf83b/Test JDK 11, ubuntu-latest]   | [INFO] Downloading from central: https://repo.maven.apache.org/maven2/org/codehaus/plexus/plexus-container-default/1.0-alpha-9-stable-1/plexus-container-default-1.0-alpha-9-stable-1.pom
[84723c8b-77c1-4c6d-b658-e4d5e5faf83b/Test JDK 11, ubuntu-latest]   | [INFO] Downloaded from central: https://repo.maven.apache.org/maven2/org/codehaus/plexus/plexus-container-default/1.0-alpha-9-stable-1/plexus-container-default-1.0-alpha-9-stable-1.pom (3.9 kB at 88 kB/s)
[84723c8b-77c1-4c6d-b658-e4d5e5faf83b/Test JDK 11, ubuntu-latest]   | [INFO] Downloading from central: https://repo.maven.apache.org/maven2/org/codehaus/plexus/plexus-containers/1.0.3/plexus-containers-1.0.3.pom
[84723c8b-77c1-4c6d-b658-e4d5e5faf83b/Test JDK 11, ubuntu-latest]   | [INFO] Downloaded from central: https://repo.maven.apache.org/maven2/org/codehaus/plexus/plexus-containers/1.0.3/plexus-containers-1.0.3.pom (492 B at 8.1 kB/s)
[84723c8b-77c1-4c6d-b658-e4d5e5faf83b/Test JDK 11, ubuntu-latest]   | [INFO] Downloading from central: https://repo.maven.apache.org/maven2/org/codehaus/plexus/plexus/1.0.4/plexus-1.0.4.pom
[84723c8b-77c1-4c6d-b658-e4d5e5faf83b/Test JDK 11, ubuntu-latest]   | [INFO] Downloaded from central: https://repo.maven.apache.org/maven2/org/codehaus/plexus/plexus/1.0.4/plexus-1.0.4.pom (5.7 kB at 5.6 kB/s)
[84723c8b-77c1-4c6d-b658-e4d5e5faf83b/Test JDK 11, ubuntu-latest]   | [INFO] Downloading from central: https://repo.maven.apache.org/maven2/junit/junit/4.12/junit-4.12.pom
[84723c8b-77c1-4c6d-b658-e4d5e5faf83b/Test JDK 11, ubuntu-latest]   | [INFO] Downloaded from central: https://repo.maven.apache.org/maven2/junit/junit/4.12/junit-4.12.pom (24 kB at 65 kB/s)
[84723c8b-77c1-4c6d-b658-e4d5e5faf83b/Test JDK 11, ubuntu-latest]   | [INFO] Downloading from central: https://repo.maven.apache.org/maven2/org/hamcrest/hamcrest-core/1.3/hamcrest-core-1.3.pom
[84723c8b-77c1-4c6d-b658-e4d5e5faf83b/Test JDK 11, ubuntu-latest]   | [INFO] Downloaded from central: https://repo.maven.apache.org/maven2/org/hamcrest/hamcrest-core/1.3/hamcrest-core-1.3.pom (766 B at 20 kB/s)
[84723c8b-77c1-4c6d-b658-e4d5e5faf83b/Test JDK 11, ubuntu-latest]   | [INFO] Downloading from central: https://repo.maven.apache.org/maven2/org/hamcrest/hamcrest-parent/1.3/hamcrest-parent-1.3.pom
[84723c8b-77c1-4c6d-b658-e4d5e5faf83b/Test JDK 11, ubuntu-latest]   | [INFO] Downloaded from central: https://repo.maven.apache.org/maven2/org/hamcrest/hamcrest-parent/1.3/hamcrest-parent-1.3.pom (2.0 kB at 34 kB/s)
[84723c8b-77c1-4c6d-b658-e4d5e5faf83b/Test JDK 11, ubuntu-latest]   | [INFO] Downloading from central: https://repo.maven.apache.org/maven2/org/codehaus/plexus/plexus-utils/1.0.4/plexus-utils-1.0.4.pom
[84723c8b-77c1-4c6d-b658-e4d5e5faf83b/Test JDK 11, ubuntu-latest]   | [INFO] Downloaded from central: https://repo.maven.apache.org/maven2/org/codehaus/plexus/plexus-utils/1.0.4/plexus-utils-1.0.4.pom (6.9 kB at 185 kB/s)
[84723c8b-77c1-4c6d-b658-e4d5e5faf83b/Test JDK 11, ubuntu-latest]   | [INFO] Downloading from central: https://repo.maven.apache.org/maven2/classworlds/classworlds/1.1-alpha-2/classworlds-1.1-alpha-2.pom
[84723c8b-77c1-4c6d-b658-e4d5e5faf83b/Test JDK 11, ubuntu-latest]   | [INFO] Downloaded from central: https://repo.maven.apache.org/maven2/classworlds/classworlds/1.1-alpha-2/classworlds-1.1-alpha-2.pom (3.1 kB at 104 kB/s)
[84723c8b-77c1-4c6d-b658-e4d5e5faf83b/Test JDK 11, ubuntu-latest]   | [INFO] Downloading from central: https://repo.maven.apache.org/maven2/org/apache/maven/reporting/maven-reporting-api/3.0/maven-reporting-api-3.0.pom
[84723c8b-77c1-4c6d-b658-e4d5e5faf83b/Test JDK 11, ubuntu-latest]   | [INFO] Downloaded from central: https://repo.maven.apache.org/maven2/org/apache/maven/reporting/maven-reporting-api/3.0/maven-reporting-api-3.0.pom (2.4 kB at 8.9 kB/s)
[84723c8b-77c1-4c6d-b658-e4d5e5faf83b/Test JDK 11, ubuntu-latest]   | [INFO] Downloading from central: https://repo.maven.apache.org/maven2/org/apache/maven/shared/maven-shared-components/15/maven-shared-components-15.pom
[84723c8b-77c1-4c6d-b658-e4d5e5faf83b/Test JDK 11, ubuntu-latest]   | [INFO] Downloaded from central: https://repo.maven.apache.org/maven2/org/apache/maven/shared/maven-shared-components/15/maven-shared-components-15.pom (9.3 kB at 222 kB/s)
[84723c8b-77c1-4c6d-b658-e4d5e5faf83b/Test JDK 11, ubuntu-latest]   | [INFO] Downloading from central: https://repo.maven.apache.org/maven2/org/apache/maven/maven-parent/16/maven-parent-16.pom
[84723c8b-77c1-4c6d-b658-e4d5e5faf83b/Test JDK 11, ubuntu-latest]   | [INFO] Downloaded from central: https://repo.maven.apache.org/maven2/org/apache/maven/maven-parent/16/maven-parent-16.pom (23 kB at 506 kB/s)
[84723c8b-77c1-4c6d-b658-e4d5e5faf83b/Test JDK 11, ubuntu-latest]   | [INFO] Downloading from central: https://repo.maven.apache.org/maven2/org/apache/apache/7/apache-7.pom
[84723c8b-77c1-4c6d-b658-e4d5e5faf83b/Test JDK 11, ubuntu-latest]   | [INFO] Downloaded from central: https://repo.maven.apache.org/maven2/org/apache/apache/7/apache-7.pom (14 kB at 498 kB/s)
[84723c8b-77c1-4c6d-b658-e4d5e5faf83b/Test JDK 11, ubuntu-latest]   | [INFO] Downloading from central: https://repo.maven.apache.org/maven2/classworlds/classworlds/1.1/classworlds-1.1.pom
[84723c8b-77c1-4c6d-b658-e4d5e5faf83b/Test JDK 11, ubuntu-latest]   | [INFO] Downloaded from central: https://repo.maven.apache.org/maven2/classworlds/classworlds/1.1/classworlds-1.1.pom (3.3 kB at 123 kB/s)
[84723c8b-77c1-4c6d-b658-e4d5e5faf83b/Test JDK 11, ubuntu-latest]   | [INFO] Downloading from central: https://repo.maven.apache.org/maven2/org/apache/maven/maven-toolchain/2.2.1/maven-toolchain-2.2.1.pom
[84723c8b-77c1-4c6d-b658-e4d5e5faf83b/Test JDK 11, ubuntu-latest]   | [INFO] Downloaded from central: https://repo.maven.apache.org/maven2/org/apache/maven/maven-toolchain/2.2.1/maven-toolchain-2.2.1.pom (3.3 kB at 111 kB/s)
[84723c8b-77c1-4c6d-b658-e4d5e5faf83b/Test JDK 11, ubuntu-latest]   | [INFO] Downloading from central: https://repo.maven.apache.org/maven2/com/thoughtworks/qdox/qdox/2.0-M8/qdox-2.0-M8.pom
[84723c8b-77c1-4c6d-b658-e4d5e5faf83b/Test JDK 11, ubuntu-latest]   | [INFO] Downloaded from central: https://repo.maven.apache.org/maven2/com/thoughtworks/qdox/qdox/2.0-M8/qdox-2.0-M8.pom (16 kB at 182 kB/s)
[84723c8b-77c1-4c6d-b658-e4d5e5faf83b/Test JDK 11, ubuntu-latest]   | [INFO] Downloading from central: https://repo.maven.apache.org/maven2/org/apache/maven/surefire/maven-surefire-common/2.22.2/maven-surefire-common-2.22.2.jar
[84723c8b-77c1-4c6d-b658-e4d5e5faf83b/Test JDK 11, ubuntu-latest]   | [INFO] Downloading from central: https://repo.maven.apache.org/maven2/org/apache/maven/maven-plugin-api/2.2.1/maven-plugin-api-2.2.1.jar
[84723c8b-77c1-4c6d-b658-e4d5e5faf83b/Test JDK 11, ubuntu-latest]   | [INFO] Downloading from central: https://repo.maven.apache.org/maven2/org/apache/maven/plugin-tools/maven-plugin-annotations/3.5.2/maven-plugin-annotations-3.5.2.jar
[84723c8b-77c1-4c6d-b658-e4d5e5faf83b/Test JDK 11, ubuntu-latest]   | [INFO] Downloading from central: https://repo.maven.apache.org/maven2/org/apache/maven/surefire/surefire-api/2.22.2/surefire-api-2.22.2.jar
[84723c8b-77c1-4c6d-b658-e4d5e5faf83b/Test JDK 11, ubuntu-latest]   | [INFO] Downloading from central: https://repo.maven.apache.org/maven2/org/apache/maven/surefire/surefire-logger-api/2.22.2/surefire-logger-api-2.22.2.jar
[84723c8b-77c1-4c6d-b658-e4d5e5faf83b/Test JDK 11, ubuntu-latest]   | [INFO] Downloaded from central: https://repo.maven.apache.org/maven2/org/apache/maven/surefire/surefire-api/2.22.2/surefire-api-2.22.2.jar (186 kB at 2.4 MB/s)
[84723c8b-77c1-4c6d-b658-e4d5e5faf83b/Test JDK 11, ubuntu-latest]   | [INFO] Downloading from central: https://repo.maven.apache.org/maven2/org/apache/maven/surefire/surefire-booter/2.22.2/surefire-booter-2.22.2.jar
[84723c8b-77c1-4c6d-b658-e4d5e5faf83b/Test JDK 11, ubuntu-latest]   | [INFO] Downloaded from central: https://repo.maven.apache.org/maven2/org/apache/maven/surefire/maven-surefire-common/2.22.2/maven-surefire-common-2.22.2.jar (528 kB at 6.4 MB/s)
[84723c8b-77c1-4c6d-b658-e4d5e5faf83b/Test JDK 11, ubuntu-latest]   | [INFO] Downloading from central: https://repo.maven.apache.org/maven2/org/apache/maven/maven-artifact/2.2.1/maven-artifact-2.2.1.jar
[84723c8b-77c1-4c6d-b658-e4d5e5faf83b/Test JDK 11, ubuntu-latest]   | [INFO] Downloaded from central: https://repo.maven.apache.org/maven2/org/apache/maven/maven-plugin-api/2.2.1/maven-plugin-api-2.2.1.jar (12 kB at 128 kB/s)
[84723c8b-77c1-4c6d-b658-e4d5e5faf83b/Test JDK 11, ubuntu-latest]   | [INFO] Downloading from central: https://repo.maven.apache.org/maven2/org/codehaus/plexus/plexus-utils/1.5.15/plexus-utils-1.5.15.jar
[84723c8b-77c1-4c6d-b658-e4d5e5faf83b/Test JDK 11, ubuntu-latest]   | [INFO] Downloaded from central: https://repo.maven.apache.org/maven2/org/apache/maven/surefire/surefire-booter/2.22.2/surefire-booter-2.22.2.jar (274 kB at 1.5 MB/s)
[84723c8b-77c1-4c6d-b658-e4d5e5faf83b/Test JDK 11, ubuntu-latest]   | [INFO] Downloading from central: https://repo.maven.apache.org/maven2/org/apache/maven/maven-plugin-descriptor/2.2.1/maven-plugin-descriptor-2.2.1.jar
[84723c8b-77c1-4c6d-b658-e4d5e5faf83b/Test JDK 11, ubuntu-latest]   | [INFO] Downloaded from central: https://repo.maven.apache.org/maven2/org/apache/maven/maven-plugin-descriptor/2.2.1/maven-plugin-descriptor-2.2.1.jar (39 kB at 171 kB/s)
[84723c8b-77c1-4c6d-b658-e4d5e5faf83b/Test JDK 11, ubuntu-latest]   | [INFO] Downloading from central: https://repo.maven.apache.org/maven2/org/codehaus/plexus/plexus-container-default/1.0-alpha-9-stable-1/plexus-container-default-1.0-alpha-9-stable-1.jar
[84723c8b-77c1-4c6d-b658-e4d5e5faf83b/Test JDK 11, ubuntu-latest]   | [INFO] Downloaded from central: https://repo.maven.apache.org/maven2/org/codehaus/plexus/plexus-container-default/1.0-alpha-9-stable-1/plexus-container-default-1.0-alpha-9-stable-1.jar (194 kB at 525 kB/s)
[84723c8b-77c1-4c6d-b658-e4d5e5faf83b/Test JDK 11, ubuntu-latest]   | [INFO] Downloading from central: https://repo.maven.apache.org/maven2/junit/junit/4.12/junit-4.12.jar
[84723c8b-77c1-4c6d-b658-e4d5e5faf83b/Test JDK 11, ubuntu-latest]   | [INFO] Downloaded from central: https://repo.maven.apache.org/maven2/junit/junit/4.12/junit-4.12.jar (315 kB at 576 kB/s)
[84723c8b-77c1-4c6d-b658-e4d5e5faf83b/Test JDK 11, ubuntu-latest]   | [INFO] Downloading from central: https://repo.maven.apache.org/maven2/org/hamcrest/hamcrest-core/1.3/hamcrest-core-1.3.jar
[84723c8b-77c1-4c6d-b658-e4d5e5faf83b/Test JDK 11, ubuntu-latest]   | [INFO] Downloaded from central: https://repo.maven.apache.org/maven2/org/apache/maven/maven-artifact/2.2.1/maven-artifact-2.2.1.jar (80 kB at 145 kB/s)
[84723c8b-77c1-4c6d-b658-e4d5e5faf83b/Test JDK 11, ubuntu-latest]   | [INFO] Downloading from central: https://repo.maven.apache.org/maven2/org/apache/maven/maven-project/2.2.1/maven-project-2.2.1.jar
[84723c8b-77c1-4c6d-b658-e4d5e5faf83b/Test JDK 11, ubuntu-latest]   | [INFO] Downloaded from central: https://repo.maven.apache.org/maven2/org/hamcrest/hamcrest-core/1.3/hamcrest-core-1.3.jar (45 kB at 79 kB/s)
[84723c8b-77c1-4c6d-b658-e4d5e5faf83b/Test JDK 11, ubuntu-latest]   | [INFO] Downloading from central: https://repo.maven.apache.org/maven2/org/apache/maven/maven-settings/2.2.1/maven-settings-2.2.1.jar
[84723c8b-77c1-4c6d-b658-e4d5e5faf83b/Test JDK 11, ubuntu-latest]   | [INFO] Downloaded from central: https://repo.maven.apache.org/maven2/org/apache/maven/maven-settings/2.2.1/maven-settings-2.2.1.jar (49 kB at 82 kB/s)
[84723c8b-77c1-4c6d-b658-e4d5e5faf83b/Test JDK 11, ubuntu-latest]   | [INFO] Downloading from central: https://repo.maven.apache.org/maven2/org/apache/maven/maven-profile/2.2.1/maven-profile-2.2.1.jar
[84723c8b-77c1-4c6d-b658-e4d5e5faf83b/Test JDK 11, ubuntu-latest]   | [INFO] Downloaded from central: https://repo.maven.apache.org/maven2/org/codehaus/plexus/plexus-utils/1.5.15/plexus-utils-1.5.15.jar (228 kB at 380 kB/s)
[84723c8b-77c1-4c6d-b658-e4d5e5faf83b/Test JDK 11, ubuntu-latest]   | [INFO] Downloading from central: https://repo.maven.apache.org/maven2/org/apache/maven/maven-artifact-manager/2.2.1/maven-artifact-manager-2.2.1.jar
[84723c8b-77c1-4c6d-b658-e4d5e5faf83b/Test JDK 11, ubuntu-latest]   | [INFO] Downloaded from central: https://repo.maven.apache.org/maven2/org/apache/maven/maven-profile/2.2.1/maven-profile-2.2.1.jar (35 kB at 57 kB/s)
[84723c8b-77c1-4c6d-b658-e4d5e5faf83b/Test JDK 11, ubuntu-latest]   | [INFO] Downloading from central: https://repo.maven.apache.org/maven2/backport-util-concurrent/backport-util-concurrent/3.1/backport-util-concurrent-3.1.jar
[84723c8b-77c1-4c6d-b658-e4d5e5faf83b/Test JDK 11, ubuntu-latest]   | [INFO] Downloaded from central: https://repo.maven.apache.org/maven2/org/apache/maven/maven-artifact-manager/2.2.1/maven-artifact-manager-2.2.1.jar (68 kB at 103 kB/s)
[84723c8b-77c1-4c6d-b658-e4d5e5faf83b/Test JDK 11, ubuntu-latest]   | [INFO] Downloading from central: https://repo.maven.apache.org/maven2/org/apache/maven/maven-plugin-registry/2.2.1/maven-plugin-registry-2.2.1.jar
[84723c8b-77c1-4c6d-b658-e4d5e5faf83b/Test JDK 11, ubuntu-latest]   | [INFO] Downloaded from central: https://repo.maven.apache.org/maven2/org/apache/maven/maven-project/2.2.1/maven-project-2.2.1.jar (156 kB at 238 kB/s)
[84723c8b-77c1-4c6d-b658-e4d5e5faf83b/Test JDK 11, ubuntu-latest]   | [INFO] Downloading from central: https://repo.maven.apache.org/maven2/org/codehaus/plexus/plexus-interpolation/1.11/plexus-interpolation-1.11.jar
[84723c8b-77c1-4c6d-b658-e4d5e5faf83b/Test JDK 11, ubuntu-latest]   | [INFO] Downloaded from central: https://repo.maven.apache.org/maven2/org/codehaus/plexus/plexus-interpolation/1.11/plexus-interpolation-1.11.jar (51 kB at 73 kB/s)
[84723c8b-77c1-4c6d-b658-e4d5e5faf83b/Test JDK 11, ubuntu-latest]   | [INFO] Downloaded from central: https://repo.maven.apache.org/maven2/backport-util-concurrent/backport-util-concurrent/3.1/backport-util-concurrent-3.1.jar (332 kB at 475 kB/s)
[84723c8b-77c1-4c6d-b658-e4d5e5faf83b/Test JDK 11, ubuntu-latest]   | [INFO] Downloading from central: https://repo.maven.apache.org/maven2/org/apache/maven/maven-model/2.2.1/maven-model-2.2.1.jar
[84723c8b-77c1-4c6d-b658-e4d5e5faf83b/Test JDK 11, ubuntu-latest]   | [INFO] Downloading from central: https://repo.maven.apache.org/maven2/org/apache/maven/maven-core/2.2.1/maven-core-2.2.1.jar
[84723c8b-77c1-4c6d-b658-e4d5e5faf83b/Test JDK 11, ubuntu-latest]   | [INFO] Downloaded from central: https://repo.maven.apache.org/maven2/org/apache/maven/maven-plugin-registry/2.2.1/maven-plugin-registry-2.2.1.jar (30 kB at 42 kB/s)
[84723c8b-77c1-4c6d-b658-e4d5e5faf83b/Test JDK 11, ubuntu-latest]   | [INFO] Downloading from central: https://repo.maven.apache.org/maven2/org/apache/maven/maven-plugin-parameter-documenter/2.2.1/maven-plugin-parameter-documenter-2.2.1.jar
[84723c8b-77c1-4c6d-b658-e4d5e5faf83b/Test JDK 11, ubuntu-latest]   | [INFO] Downloaded from central: https://repo.maven.apache.org/maven2/org/apache/maven/maven-plugin-parameter-documenter/2.2.1/maven-plugin-parameter-documenter-2.2.1.jar (22 kB at 31 kB/s)
[84723c8b-77c1-4c6d-b658-e4d5e5faf83b/Test JDK 11, ubuntu-latest]   | [INFO] Downloading from central: https://repo.maven.apache.org/maven2/org/slf4j/slf4j-jdk14/1.5.6/slf4j-jdk14-1.5.6.jar
[84723c8b-77c1-4c6d-b658-e4d5e5faf83b/Test JDK 11, ubuntu-latest]   | [INFO] Downloaded from central: https://repo.maven.apache.org/maven2/org/slf4j/slf4j-jdk14/1.5.6/slf4j-jdk14-1.5.6.jar (8.8 kB at 12 kB/s)
[84723c8b-77c1-4c6d-b658-e4d5e5faf83b/Test JDK 11, ubuntu-latest]   | [INFO] Downloading from central: https://repo.maven.apache.org/maven2/org/slf4j/slf4j-api/1.5.6/slf4j-api-1.5.6.jar
[84723c8b-77c1-4c6d-b658-e4d5e5faf83b/Test JDK 11, ubuntu-latest]   | [INFO] Downloaded from central: https://repo.maven.apache.org/maven2/org/apache/maven/maven-model/2.2.1/maven-model-2.2.1.jar (88 kB at 118 kB/s)
[84723c8b-77c1-4c6d-b658-e4d5e5faf83b/Test JDK 11, ubuntu-latest]   | [INFO] Downloading from central: https://repo.maven.apache.org/maven2/org/slf4j/jcl-over-slf4j/1.5.6/jcl-over-slf4j-1.5.6.jar
[84723c8b-77c1-4c6d-b658-e4d5e5faf83b/Test JDK 11, ubuntu-latest]   | [INFO] Downloaded from central: https://repo.maven.apache.org/maven2/org/slf4j/slf4j-api/1.5.6/slf4j-api-1.5.6.jar (22 kB at 29 kB/s)
[84723c8b-77c1-4c6d-b658-e4d5e5faf83b/Test JDK 11, ubuntu-latest]   | [INFO] Downloading from central: https://repo.maven.apache.org/maven2/org/apache/maven/reporting/maven-reporting-api/3.0/maven-reporting-api-3.0.jar
[84723c8b-77c1-4c6d-b658-e4d5e5faf83b/Test JDK 11, ubuntu-latest]   | [INFO] Downloaded from central: https://repo.maven.apache.org/maven2/org/slf4j/jcl-over-slf4j/1.5.6/jcl-over-slf4j-1.5.6.jar (17 kB at 22 kB/s)
[84723c8b-77c1-4c6d-b658-e4d5e5faf83b/Test JDK 11, ubuntu-latest]   | [INFO] Downloading from central: https://repo.maven.apache.org/maven2/org/apache/maven/maven-repository-metadata/2.2.1/maven-repository-metadata-2.2.1.jar
[84723c8b-77c1-4c6d-b658-e4d5e5faf83b/Test JDK 11, ubuntu-latest]   | [INFO] Downloaded from central: https://repo.maven.apache.org/maven2/org/apache/maven/reporting/maven-reporting-api/3.0/maven-reporting-api-3.0.jar (11 kB at 14 kB/s)
[84723c8b-77c1-4c6d-b658-e4d5e5faf83b/Test JDK 11, ubuntu-latest]   | [INFO] Downloading from central: https://repo.maven.apache.org/maven2/org/apache/maven/maven-error-diagnostics/2.2.1/maven-error-diagnostics-2.2.1.jar
[84723c8b-77c1-4c6d-b658-e4d5e5faf83b/Test JDK 11, ubuntu-latest]   | [INFO] Downloaded from central: https://repo.maven.apache.org/maven2/org/apache/maven/maven-repository-metadata/2.2.1/maven-repository-metadata-2.2.1.jar (26 kB at 32 kB/s)
[84723c8b-77c1-4c6d-b658-e4d5e5faf83b/Test JDK 11, ubuntu-latest]   | [INFO] Downloading from central: https://repo.maven.apache.org/maven2/org/apache/maven/maven-monitor/2.2.1/maven-monitor-2.2.1.jar
[84723c8b-77c1-4c6d-b658-e4d5e5faf83b/Test JDK 11, ubuntu-latest]   | [INFO] Downloaded from central: https://repo.maven.apache.org/maven2/org/apache/maven/maven-error-diagnostics/2.2.1/maven-error-diagnostics-2.2.1.jar (13 kB at 16 kB/s)
[84723c8b-77c1-4c6d-b658-e4d5e5faf83b/Test JDK 11, ubuntu-latest]   | [INFO] Downloading from central: https://repo.maven.apache.org/maven2/classworlds/classworlds/1.1/classworlds-1.1.jar
[84723c8b-77c1-4c6d-b658-e4d5e5faf83b/Test JDK 11, ubuntu-latest]   | [INFO] Downloaded from central: https://repo.maven.apache.org/maven2/classworlds/classworlds/1.1/classworlds-1.1.jar (38 kB at 44 kB/s)
[84723c8b-77c1-4c6d-b658-e4d5e5faf83b/Test JDK 11, ubuntu-latest]   | [INFO] Downloading from central: https://repo.maven.apache.org/maven2/org/apache/maven/maven-toolchain/2.2.1/maven-toolchain-2.2.1.jar
[84723c8b-77c1-4c6d-b658-e4d5e5faf83b/Test JDK 11, ubuntu-latest]   | [INFO] Downloaded from central: https://repo.maven.apache.org/maven2/org/apache/maven/maven-toolchain/2.2.1/maven-toolchain-2.2.1.jar (38 kB at 42 kB/s)
[84723c8b-77c1-4c6d-b658-e4d5e5faf83b/Test JDK 11, ubuntu-latest]   | [INFO] Downloading from central: https://repo.maven.apache.org/maven2/com/thoughtworks/qdox/qdox/2.0-M8/qdox-2.0-M8.jar
[84723c8b-77c1-4c6d-b658-e4d5e5faf83b/Test JDK 11, ubuntu-latest]   | [INFO] Downloaded from central: https://repo.maven.apache.org/maven2/org/apache/maven/plugin-tools/maven-plugin-annotations/3.5.2/maven-plugin-annotations-3.5.2.jar (14 kB at 16 kB/s)
[84723c8b-77c1-4c6d-b658-e4d5e5faf83b/Test JDK 11, ubuntu-latest]   | [INFO] Downloaded from central: https://repo.maven.apache.org/maven2/org/apache/maven/surefire/surefire-logger-api/2.22.2/surefire-logger-api-2.22.2.jar (13 kB at 14 kB/s)
[84723c8b-77c1-4c6d-b658-e4d5e5faf83b/Test JDK 11, ubuntu-latest]   | [INFO] Downloaded from central: https://repo.maven.apache.org/maven2/com/thoughtworks/qdox/qdox/2.0-M8/qdox-2.0-M8.jar (316 kB at 316 kB/s)
[84723c8b-77c1-4c6d-b658-e4d5e5faf83b/Test JDK 11, ubuntu-latest]   | [INFO] Downloaded from central: https://repo.maven.apache.org/maven2/org/apache/maven/maven-core/2.2.1/maven-core-2.2.1.jar (178 kB at 177 kB/s)
[84723c8b-77c1-4c6d-b658-e4d5e5faf83b/Test JDK 11, ubuntu-latest]   | [INFO] Downloaded from central: https://repo.maven.apache.org/maven2/org/apache/maven/maven-monitor/2.2.1/maven-monitor-2.2.1.jar (10 kB at 9.9 kB/s)
[84723c8b-77c1-4c6d-b658-e4d5e5faf83b/Test JDK 11, ubuntu-latest]   | [INFO] Downloading from central: https://repo.maven.apache.org/maven2/org/apache/maven/surefire/surefire-junit-platform/2.22.2/surefire-junit-platform-2.22.2.pom
[84723c8b-77c1-4c6d-b658-e4d5e5faf83b/Test JDK 11, ubuntu-latest]   | [INFO] Downloaded from central: https://repo.maven.apache.org/maven2/org/apache/maven/surefire/surefire-junit-platform/2.22.2/surefire-junit-platform-2.22.2.pom (7.0 kB at 367 kB/s)
[84723c8b-77c1-4c6d-b658-e4d5e5faf83b/Test JDK 11, ubuntu-latest]   | [INFO] Downloading from central: https://repo.maven.apache.org/maven2/org/apache/maven/surefire/surefire-providers/2.22.2/surefire-providers-2.22.2.pom
[84723c8b-77c1-4c6d-b658-e4d5e5faf83b/Test JDK 11, ubuntu-latest]   | [INFO] Downloaded from central: https://repo.maven.apache.org/maven2/org/apache/maven/surefire/surefire-providers/2.22.2/surefire-providers-2.22.2.pom (2.5 kB at 58 kB/s)
[84723c8b-77c1-4c6d-b658-e4d5e5faf83b/Test JDK 11, ubuntu-latest]   | [INFO] Downloading from central: https://repo.maven.apache.org/maven2/org/junit/platform/junit-platform-launcher/1.3.1/junit-platform-launcher-1.3.1.pom
[84723c8b-77c1-4c6d-b658-e4d5e5faf83b/Test JDK 11, ubuntu-latest]   | [INFO] Downloaded from central: https://repo.maven.apache.org/maven2/org/junit/platform/junit-platform-launcher/1.3.1/junit-platform-launcher-1.3.1.pom (2.2 kB at 52 kB/s)
[84723c8b-77c1-4c6d-b658-e4d5e5faf83b/Test JDK 11, ubuntu-latest]   | [INFO] Downloading from central: https://repo.maven.apache.org/maven2/org/apiguardian/apiguardian-api/1.0.0/apiguardian-api-1.0.0.pom
[84723c8b-77c1-4c6d-b658-e4d5e5faf83b/Test JDK 11, ubuntu-latest]   | [INFO] Downloaded from central: https://repo.maven.apache.org/maven2/org/apiguardian/apiguardian-api/1.0.0/apiguardian-api-1.0.0.pom (1.2 kB at 22 kB/s)
[84723c8b-77c1-4c6d-b658-e4d5e5faf83b/Test JDK 11, ubuntu-latest]   | [INFO] Downloading from central: https://repo.maven.apache.org/maven2/org/junit/platform/junit-platform-engine/1.3.1/junit-platform-engine-1.3.1.pom
[84723c8b-77c1-4c6d-b658-e4d5e5faf83b/Test JDK 11, ubuntu-latest]   | [INFO] Downloaded from central: https://repo.maven.apache.org/maven2/org/junit/platform/junit-platform-engine/1.3.1/junit-platform-engine-1.3.1.pom (2.4 kB at 109 kB/s)
[84723c8b-77c1-4c6d-b658-e4d5e5faf83b/Test JDK 11, ubuntu-latest]   | [INFO] Downloading from central: https://repo.maven.apache.org/maven2/org/junit/platform/junit-platform-commons/1.3.1/junit-platform-commons-1.3.1.pom
[84723c8b-77c1-4c6d-b658-e4d5e5faf83b/Test JDK 11, ubuntu-latest]   | [INFO] Downloaded from central: https://repo.maven.apache.org/maven2/org/junit/platform/junit-platform-commons/1.3.1/junit-platform-commons-1.3.1.pom (2.0 kB at 135 kB/s)
[84723c8b-77c1-4c6d-b658-e4d5e5faf83b/Test JDK 11, ubuntu-latest]   | [INFO] Downloading from central: https://repo.maven.apache.org/maven2/org/opentest4j/opentest4j/1.1.1/opentest4j-1.1.1.pom
[84723c8b-77c1-4c6d-b658-e4d5e5faf83b/Test JDK 11, ubuntu-latest]   | [INFO] Downloaded from central: https://repo.maven.apache.org/maven2/org/opentest4j/opentest4j/1.1.1/opentest4j-1.1.1.pom (1.7 kB at 84 kB/s)
[84723c8b-77c1-4c6d-b658-e4d5e5faf83b/Test JDK 11, ubuntu-latest]   | [INFO] Downloading from central: https://repo.maven.apache.org/maven2/org/apache/maven/surefire/surefire-junit-platform/2.22.2/surefire-junit-platform-2.22.2.jar
[84723c8b-77c1-4c6d-b658-e4d5e5faf83b/Test JDK 11, ubuntu-latest]   | [INFO] Downloading from central: https://repo.maven.apache.org/maven2/org/junit/platform/junit-platform-launcher/1.3.1/junit-platform-launcher-1.3.1.jar
[84723c8b-77c1-4c6d-b658-e4d5e5faf83b/Test JDK 11, ubuntu-latest]   | [INFO] Downloading from central: https://repo.maven.apache.org/maven2/org/junit/platform/junit-platform-engine/1.3.1/junit-platform-engine-1.3.1.jar
[84723c8b-77c1-4c6d-b658-e4d5e5faf83b/Test JDK 11, ubuntu-latest]   | [INFO] Downloading from central: https://repo.maven.apache.org/maven2/org/apiguardian/apiguardian-api/1.0.0/apiguardian-api-1.0.0.jar
[84723c8b-77c1-4c6d-b658-e4d5e5faf83b/Test JDK 11, ubuntu-latest]   | [INFO] Downloading from central: https://repo.maven.apache.org/maven2/org/junit/platform/junit-platform-commons/1.3.1/junit-platform-commons-1.3.1.jar
[84723c8b-77c1-4c6d-b658-e4d5e5faf83b/Test JDK 11, ubuntu-latest]   | [INFO] Downloaded from central: https://repo.maven.apache.org/maven2/org/junit/platform/junit-platform-engine/1.3.1/junit-platform-engine-1.3.1.jar (135 kB at 8.4 MB/s)
[84723c8b-77c1-4c6d-b658-e4d5e5faf83b/Test JDK 11, ubuntu-latest]   | [INFO] Downloading from central: https://repo.maven.apache.org/maven2/org/opentest4j/opentest4j/1.1.1/opentest4j-1.1.1.jar
[84723c8b-77c1-4c6d-b658-e4d5e5faf83b/Test JDK 11, ubuntu-latest]   | [INFO] Downloaded from central: https://repo.maven.apache.org/maven2/org/apiguardian/apiguardian-api/1.0.0/apiguardian-api-1.0.0.jar (2.2 kB at 94 kB/s)
[84723c8b-77c1-4c6d-b658-e4d5e5faf83b/Test JDK 11, ubuntu-latest]   | [INFO] Downloaded from central: https://repo.maven.apache.org/maven2/org/apache/maven/surefire/surefire-junit-platform/2.22.2/surefire-junit-platform-2.22.2.jar (66 kB at 2.4 MB/s)
[84723c8b-77c1-4c6d-b658-e4d5e5faf83b/Test JDK 11, ubuntu-latest]   | [INFO] Downloaded from central: https://repo.maven.apache.org/maven2/org/junit/platform/junit-platform-commons/1.3.1/junit-platform-commons-1.3.1.jar (78 kB at 2.4 MB/s)
[84723c8b-77c1-4c6d-b658-e4d5e5faf83b/Test JDK 11, ubuntu-latest]   | [INFO] Downloaded from central: https://repo.maven.apache.org/maven2/org/junit/platform/junit-platform-launcher/1.3.1/junit-platform-launcher-1.3.1.jar (95 kB at 2.1 MB/s)
[84723c8b-77c1-4c6d-b658-e4d5e5faf83b/Test JDK 11, ubuntu-latest]   | [INFO] Downloaded from central: https://repo.maven.apache.org/maven2/org/opentest4j/opentest4j/1.1.1/opentest4j-1.1.1.jar (7.1 kB at 209 kB/s)
[84723c8b-77c1-4c6d-b658-e4d5e5faf83b/Test JDK 11, ubuntu-latest]   | [INFO] 
[84723c8b-77c1-4c6d-b658-e4d5e5faf83b/Test JDK 11, ubuntu-latest]   | [INFO] -------------------------------------------------------
[84723c8b-77c1-4c6d-b658-e4d5e5faf83b/Test JDK 11, ubuntu-latest]   | [INFO]  T E S T S
[84723c8b-77c1-4c6d-b658-e4d5e5faf83b/Test JDK 11, ubuntu-latest]   | [INFO] -------------------------------------------------------
[84723c8b-77c1-4c6d-b658-e4d5e5faf83b/Test JDK 11, ubuntu-latest]   | [INFO] Running org.jfree.chart3d.graphics2d.Fit2DTest
[84723c8b-77c1-4c6d-b658-e4d5e5faf83b/Test JDK 11, ubuntu-latest]   | [INFO] Tests run: 3, Failures: 0, Errors: 0, Skipped: 0, Time elapsed: 0.142 s - in org.jfree.chart3d.graphics2d.Fit2DTest
[84723c8b-77c1-4c6d-b658-e4d5e5faf83b/Test JDK 11, ubuntu-latest]   | [INFO] Running org.jfree.chart3d.graphics2d.Offset2DTest
[84723c8b-77c1-4c6d-b658-e4d5e5faf83b/Test JDK 11, ubuntu-latest]   | [INFO] Tests run: 2, Failures: 0, Errors: 0, Skipped: 0, Time elapsed: 0.001 s - in org.jfree.chart3d.graphics2d.Offset2DTest
[84723c8b-77c1-4c6d-b658-e4d5e5faf83b/Test JDK 11, ubuntu-latest]   | [INFO] Running org.jfree.chart3d.graphics2d.Anchor2DTest
[84723c8b-77c1-4c6d-b658-e4d5e5faf83b/Test JDK 11, ubuntu-latest]   | [INFO] Tests run: 3, Failures: 0, Errors: 0, Skipped: 0, Time elapsed: 0 s - in org.jfree.chart3d.graphics2d.Anchor2DTest
[84723c8b-77c1-4c6d-b658-e4d5e5faf83b/Test JDK 11, ubuntu-latest]   | [INFO] Running org.jfree.chart3d.Chart3DTest
[84723c8b-77c1-4c6d-b658-e4d5e5faf83b/Test JDK 11, ubuntu-latest]   | [INFO] Tests run: 9, Failures: 0, Errors: 0, Skipped: 0, Time elapsed: 0.436 s - in org.jfree.chart3d.Chart3DTest
[84723c8b-77c1-4c6d-b658-e4d5e5faf83b/Test JDK 11, ubuntu-latest]   | [INFO] Running org.jfree.chart3d.renderer.FixedColorScaleTest
[84723c8b-77c1-4c6d-b658-e4d5e5faf83b/Test JDK 11, ubuntu-latest]   | [INFO] Tests run: 2, Failures: 0, Errors: 0, Skipped: 0, Time elapsed: 0 s - in org.jfree.chart3d.renderer.FixedColorScaleTest
[84723c8b-77c1-4c6d-b658-e4d5e5faf83b/Test JDK 11, ubuntu-latest]   | [INFO] Running org.jfree.chart3d.renderer.GradientColorScaleTest
[84723c8b-77c1-4c6d-b658-e4d5e5faf83b/Test JDK 11, ubuntu-latest]   | [INFO] Tests run: 3, Failures: 0, Errors: 0, Skipped: 0, Time elapsed: 0 s - in org.jfree.chart3d.renderer.GradientColorScaleTest
[84723c8b-77c1-4c6d-b658-e4d5e5faf83b/Test JDK 11, ubuntu-latest]   | [INFO] Running org.jfree.chart3d.renderer.xyz.ScatterXYZRendererTest
[84723c8b-77c1-4c6d-b658-e4d5e5faf83b/Test JDK 11, ubuntu-latest]   | [INFO] Tests run: 2, Failures: 0, Errors: 0, Skipped: 0, Time elapsed: 0 s - in org.jfree.chart3d.renderer.xyz.ScatterXYZRendererTest
[84723c8b-77c1-4c6d-b658-e4d5e5faf83b/Test JDK 11, ubuntu-latest]   | [INFO] Running org.jfree.chart3d.renderer.xyz.BarXYZRendererTest
[84723c8b-77c1-4c6d-b658-e4d5e5faf83b/Test JDK 11, ubuntu-latest]   | [INFO] Tests run: 2, Failures: 0, Errors: 0, Skipped: 0, Time elapsed: 0.001 s - in org.jfree.chart3d.renderer.xyz.BarXYZRendererTest
[84723c8b-77c1-4c6d-b658-e4d5e5faf83b/Test JDK 11, ubuntu-latest]   | [INFO] Running org.jfree.chart3d.renderer.xyz.StandardXYZColorSourceTest
[84723c8b-77c1-4c6d-b658-e4d5e5faf83b/Test JDK 11, ubuntu-latest]   | [INFO] Tests run: 3, Failures: 0, Errors: 0, Skipped: 0, Time elapsed: 0 s - in org.jfree.chart3d.renderer.xyz.StandardXYZColorSourceTest
[84723c8b-77c1-4c6d-b658-e4d5e5faf83b/Test JDK 11, ubuntu-latest]   | [INFO] Running org.jfree.chart3d.renderer.xyz.SurfaceRendererTest
[84723c8b-77c1-4c6d-b658-e4d5e5faf83b/Test JDK 11, ubuntu-latest]   | [INFO] Tests run: 2, Failures: 0, Errors: 0, Skipped: 0, Time elapsed: 0 s - in org.jfree.chart3d.renderer.xyz.SurfaceRendererTest
[84723c8b-77c1-4c6d-b658-e4d5e5faf83b/Test JDK 11, ubuntu-latest]   | [INFO] Running org.jfree.chart3d.renderer.RainbowScaleTest
[84723c8b-77c1-4c6d-b658-e4d5e5faf83b/Test JDK 11, ubuntu-latest]   | [INFO] Tests run: 2, Failures: 0, Errors: 0, Skipped: 0, Time elapsed: 0 s - in org.jfree.chart3d.renderer.RainbowScaleTest
[84723c8b-77c1-4c6d-b658-e4d5e5faf83b/Test JDK 11, ubuntu-latest]   | [INFO] Running org.jfree.chart3d.renderer.category.StackedBarRenderer3DTest
[84723c8b-77c1-4c6d-b658-e4d5e5faf83b/Test JDK 11, ubuntu-latest]   | [INFO] Tests run: 2, Failures: 0, Errors: 0, Skipped: 0, Time elapsed: 0 s - in org.jfree.chart3d.renderer.category.StackedBarRenderer3DTest
[84723c8b-77c1-4c6d-b658-e4d5e5faf83b/Test JDK 11, ubuntu-latest]   | [INFO] Running org.jfree.chart3d.renderer.category.AreaRenderer3DTest
[84723c8b-77c1-4c6d-b658-e4d5e5faf83b/Test JDK 11, ubuntu-latest]   | [INFO] Tests run: 2, Failures: 0, Errors: 0, Skipped: 0, Time elapsed: 0.001 s - in org.jfree.chart3d.renderer.category.AreaRenderer3DTest
[84723c8b-77c1-4c6d-b658-e4d5e5faf83b/Test JDK 11, ubuntu-latest]   | [INFO] Running org.jfree.chart3d.renderer.category.LineRenderer3DTest
[84723c8b-77c1-4c6d-b658-e4d5e5faf83b/Test JDK 11, ubuntu-latest]   | [INFO] Tests run: 2, Failures: 0, Errors: 0, Skipped: 0, Time elapsed: 0.001 s - in org.jfree.chart3d.renderer.category.LineRenderer3DTest
[84723c8b-77c1-4c6d-b658-e4d5e5faf83b/Test JDK 11, ubuntu-latest]   | [INFO] Running org.jfree.chart3d.renderer.category.StandardCategoryColorSourceTest
[84723c8b-77c1-4c6d-b658-e4d5e5faf83b/Test JDK 11, ubuntu-latest]   | [INFO] Tests run: 2, Failures: 0, Errors: 0, Skipped: 0, Time elapsed: 0 s - in org.jfree.chart3d.renderer.category.StandardCategoryColorSourceTest
[84723c8b-77c1-4c6d-b658-e4d5e5faf83b/Test JDK 11, ubuntu-latest]   | [INFO] Running org.jfree.chart3d.renderer.category.BarRenderer3DTest
[84723c8b-77c1-4c6d-b658-e4d5e5faf83b/Test JDK 11, ubuntu-latest]   | [INFO] Tests run: 2, Failures: 0, Errors: 0, Skipped: 0, Time elapsed: 0 s - in org.jfree.chart3d.renderer.category.BarRenderer3DTest
[84723c8b-77c1-4c6d-b658-e4d5e5faf83b/Test JDK 11, ubuntu-latest]   | [INFO] Running org.jfree.chart3d.plot.CategoryPlot3DTest
[84723c8b-77c1-4c6d-b658-e4d5e5faf83b/Test JDK 11, ubuntu-latest]   | [INFO] Tests run: 2, Failures: 0, Errors: 0, Skipped: 0, Time elapsed: 0 s - in org.jfree.chart3d.plot.CategoryPlot3DTest
[84723c8b-77c1-4c6d-b658-e4d5e5faf83b/Test JDK 11, ubuntu-latest]   | [INFO] Running org.jfree.chart3d.plot.StandardColorSourceTest
[84723c8b-77c1-4c6d-b658-e4d5e5faf83b/Test JDK 11, ubuntu-latest]   | [INFO] Tests run: 2, Failures: 0, Errors: 0, Skipped: 0, Time elapsed: 0 s - in org.jfree.chart3d.plot.StandardColorSourceTest
[84723c8b-77c1-4c6d-b658-e4d5e5faf83b/Test JDK 11, ubuntu-latest]   | [INFO] Running org.jfree.chart3d.plot.PiePlot3DTest
[84723c8b-77c1-4c6d-b658-e4d5e5faf83b/Test JDK 11, ubuntu-latest]   | [INFO] Tests run: 6, Failures: 0, Errors: 0, Skipped: 0, Time elapsed: 0 s - in org.jfree.chart3d.plot.PiePlot3DTest
[84723c8b-77c1-4c6d-b658-e4d5e5faf83b/Test JDK 11, ubuntu-latest]   | [INFO] Running org.jfree.chart3d.plot.XYZPlotTest
[84723c8b-77c1-4c6d-b658-e4d5e5faf83b/Test JDK 11, ubuntu-latest]   | [INFO] Tests run: 5, Failures: 0, Errors: 0, Skipped: 0, Time elapsed: 0 s - in org.jfree.chart3d.plot.XYZPlotTest
[84723c8b-77c1-4c6d-b658-e4d5e5faf83b/Test JDK 11, ubuntu-latest]   | [INFO] Running org.jfree.chart3d.data.DefaultKeyedValues3DTest
[84723c8b-77c1-4c6d-b658-e4d5e5faf83b/Test JDK 11, ubuntu-latest]   | [INFO] Tests run: 3, Failures: 0, Errors: 0, Skipped: 0, Time elapsed: 0 s - in org.jfree.chart3d.data.DefaultKeyedValues3DTest
[84723c8b-77c1-4c6d-b658-e4d5e5faf83b/Test JDK 11, ubuntu-latest]   | [INFO] Running org.jfree.chart3d.data.DefaultKeyedValuesTest
[84723c8b-77c1-4c6d-b658-e4d5e5faf83b/Test JDK 11, ubuntu-latest]   | [INFO] Tests run: 3, Failures: 0, Errors: 0, Skipped: 0, Time elapsed: 0 s - in org.jfree.chart3d.data.DefaultKeyedValuesTest
[84723c8b-77c1-4c6d-b658-e4d5e5faf83b/Test JDK 11, ubuntu-latest]   | [INFO] Running org.jfree.chart3d.data.KeyedValues3DItemKeyTest
[84723c8b-77c1-4c6d-b658-e4d5e5faf83b/Test JDK 11, ubuntu-latest]   | [INFO] Tests run: 2, Failures: 0, Errors: 0, Skipped: 0, Time elapsed: 0 s - in org.jfree.chart3d.data.KeyedValues3DItemKeyTest
[84723c8b-77c1-4c6d-b658-e4d5e5faf83b/Test JDK 11, ubuntu-latest]   | [INFO] Running org.jfree.chart3d.data.DefaultKeyedValues2DTest
[84723c8b-77c1-4c6d-b658-e4d5e5faf83b/Test JDK 11, ubuntu-latest]   | [INFO] Tests run: 4, Failures: 0, Errors: 0, Skipped: 0, Time elapsed: 0.001 s - in org.jfree.chart3d.data.DefaultKeyedValues2DTest
[84723c8b-77c1-4c6d-b658-e4d5e5faf83b/Test JDK 11, ubuntu-latest]   | [INFO] Running org.jfree.chart3d.data.DefaultKeyedValueTest
[84723c8b-77c1-4c6d-b658-e4d5e5faf83b/Test JDK 11, ubuntu-latest]   | [INFO] Tests run: 2, Failures: 0, Errors: 0, Skipped: 0, Time elapsed: 0 s - in org.jfree.chart3d.data.DefaultKeyedValueTest
[84723c8b-77c1-4c6d-b658-e4d5e5faf83b/Test JDK 11, ubuntu-latest]   | [INFO] Running org.jfree.chart3d.data.StandardPieDataset3DTest
[84723c8b-77c1-4c6d-b658-e4d5e5faf83b/Test JDK 11, ubuntu-latest]   | [INFO] Tests run: 4, Failures: 0, Errors: 0, Skipped: 0, Time elapsed: 0 s - in org.jfree.chart3d.data.StandardPieDataset3DTest
[84723c8b-77c1-4c6d-b658-e4d5e5faf83b/Test JDK 11, ubuntu-latest]   | [INFO] Running org.jfree.chart3d.data.DataUtilsTest
[84723c8b-77c1-4c6d-b658-e4d5e5faf83b/Test JDK 11, ubuntu-latest]   | [INFO] Tests run: 11, Failures: 0, Errors: 0, Skipped: 0, Time elapsed: 0.001 s - in org.jfree.chart3d.data.DataUtilsTest
[84723c8b-77c1-4c6d-b658-e4d5e5faf83b/Test JDK 11, ubuntu-latest]   | [INFO] Running org.jfree.chart3d.data.xyz.XYZItemKeyTest
[84723c8b-77c1-4c6d-b658-e4d5e5faf83b/Test JDK 11, ubuntu-latest]   | [INFO] Tests run: 2, Failures: 0, Errors: 0, Skipped: 0, Time elapsed: 0 s - in org.jfree.chart3d.data.xyz.XYZItemKeyTest
[84723c8b-77c1-4c6d-b658-e4d5e5faf83b/Test JDK 11, ubuntu-latest]   | [INFO] Running org.jfree.chart3d.data.xyz.XYZSeriesTest
[84723c8b-77c1-4c6d-b658-e4d5e5faf83b/Test JDK 11, ubuntu-latest]   | [INFO] Tests run: 4, Failures: 0, Errors: 0, Skipped: 0, Time elapsed: 0 s - in org.jfree.chart3d.data.xyz.XYZSeriesTest
[84723c8b-77c1-4c6d-b658-e4d5e5faf83b/Test JDK 11, ubuntu-latest]   | [INFO] Running org.jfree.chart3d.data.xyz.XYZDataItemTest
[84723c8b-77c1-4c6d-b658-e4d5e5faf83b/Test JDK 11, ubuntu-latest]   | [INFO] Tests run: 2, Failures: 0, Errors: 0, Skipped: 0, Time elapsed: 0 s - in org.jfree.chart3d.data.xyz.XYZDataItemTest
[84723c8b-77c1-4c6d-b658-e4d5e5faf83b/Test JDK 11, ubuntu-latest]   | [INFO] Running org.jfree.chart3d.data.xyz.XYZSeriesCollectionTest
[84723c8b-77c1-4c6d-b658-e4d5e5faf83b/Test JDK 11, ubuntu-latest]   | [INFO] Tests run: 6, Failures: 0, Errors: 0, Skipped: 0, Time elapsed: 0 s - in org.jfree.chart3d.data.xyz.XYZSeriesCollectionTest
[84723c8b-77c1-4c6d-b658-e4d5e5faf83b/Test JDK 11, ubuntu-latest]   | [INFO] Running org.jfree.chart3d.data.KeyedValuesItemKeyTest
[84723c8b-77c1-4c6d-b658-e4d5e5faf83b/Test JDK 11, ubuntu-latest]   | [INFO] Tests run: 2, Failures: 0, Errors: 0, Skipped: 0, Time elapsed: 0.001 s - in org.jfree.chart3d.data.KeyedValuesItemKeyTest
[84723c8b-77c1-4c6d-b658-e4d5e5faf83b/Test JDK 11, ubuntu-latest]   | [INFO] Running org.jfree.chart3d.data.category.StandardCategoryDataset3DTest
[84723c8b-77c1-4c6d-b658-e4d5e5faf83b/Test JDK 11, ubuntu-latest]   | [INFO] Tests run: 4, Failures: 0, Errors: 0, Skipped: 0, Time elapsed: 0 s - in org.jfree.chart3d.data.category.StandardCategoryDataset3DTest
[84723c8b-77c1-4c6d-b658-e4d5e5faf83b/Test JDK 11, ubuntu-latest]   | [INFO] Running org.jfree.chart3d.data.RangeTest
[84723c8b-77c1-4c6d-b658-e4d5e5faf83b/Test JDK 11, ubuntu-latest]   | [INFO] Tests run: 4, Failures: 0, Errors: 0, Skipped: 0, Time elapsed: 0 s - in org.jfree.chart3d.data.RangeTest
[84723c8b-77c1-4c6d-b658-e4d5e5faf83b/Test JDK 11, ubuntu-latest]   | [INFO] Running org.jfree.chart3d.data.DataValuesTest
[84723c8b-77c1-4c6d-b658-e4d5e5faf83b/Test JDK 11, ubuntu-latest]   | [INFO] Tests run: 2, Failures: 0, Errors: 0, Skipped: 0, Time elapsed: 0 s - in org.jfree.chart3d.data.DataValuesTest
[84723c8b-77c1-4c6d-b658-e4d5e5faf83b/Test JDK 11, ubuntu-latest]   | [INFO] Running org.jfree.chart3d.data.JSONUtilsTest
[84723c8b-77c1-4c6d-b658-e4d5e5faf83b/Test JDK 11, ubuntu-latest]   | [INFO] Tests run: 8, Failures: 0, Errors: 0, Skipped: 0, Time elapsed: 0 s - in org.jfree.chart3d.data.JSONUtilsTest
[84723c8b-77c1-4c6d-b658-e4d5e5faf83b/Test JDK 11, ubuntu-latest]   | [INFO] Running org.jfree.chart3d.label.StandardCategoryLabelGeneratorTest
[84723c8b-77c1-4c6d-b658-e4d5e5faf83b/Test JDK 11, ubuntu-latest]   | [INFO] Tests run: 2, Failures: 0, Errors: 0, Skipped: 0, Time elapsed: 0 s - in org.jfree.chart3d.label.StandardCategoryLabelGeneratorTest
[84723c8b-77c1-4c6d-b658-e4d5e5faf83b/Test JDK 11, ubuntu-latest]   | [INFO] Running org.jfree.chart3d.label.StandardPieLabelGeneratorTest
[84723c8b-77c1-4c6d-b658-e4d5e5faf83b/Test JDK 11, ubuntu-latest]   | [INFO] Tests run: 2, Failures: 0, Errors: 0, Skipped: 0, Time elapsed: 0 s - in org.jfree.chart3d.label.StandardPieLabelGeneratorTest
[84723c8b-77c1-4c6d-b658-e4d5e5faf83b/Test JDK 11, ubuntu-latest]   | [INFO] Running org.jfree.chart3d.label.StandardCategoryItemLabelGeneratorTest
[84723c8b-77c1-4c6d-b658-e4d5e5faf83b/Test JDK 11, ubuntu-latest]   | [INFO] Tests run: 2, Failures: 0, Errors: 0, Skipped: 0, Time elapsed: 0 s - in org.jfree.chart3d.label.StandardCategoryItemLabelGeneratorTest
[84723c8b-77c1-4c6d-b658-e4d5e5faf83b/Test JDK 11, ubuntu-latest]   | [INFO] Running org.jfree.chart3d.label.StandardXYZLabelGeneratorTest
[84723c8b-77c1-4c6d-b658-e4d5e5faf83b/Test JDK 11, ubuntu-latest]   | [INFO] Tests run: 2, Failures: 0, Errors: 0, Skipped: 0, Time elapsed: 0.001 s - in org.jfree.chart3d.label.StandardXYZLabelGeneratorTest
[84723c8b-77c1-4c6d-b658-e4d5e5faf83b/Test JDK 11, ubuntu-latest]   | [INFO] Running org.jfree.chart3d.marker.RangeMarkerTest
[84723c8b-77c1-4c6d-b658-e4d5e5faf83b/Test JDK 11, ubuntu-latest]   | [INFO] Tests run: 2, Failures: 0, Errors: 0, Skipped: 0, Time elapsed: 0.008 s - in org.jfree.chart3d.marker.RangeMarkerTest
[84723c8b-77c1-4c6d-b658-e4d5e5faf83b/Test JDK 11, ubuntu-latest]   | [INFO] Running org.jfree.chart3d.marker.NumberMarkerTest
[84723c8b-77c1-4c6d-b658-e4d5e5faf83b/Test JDK 11, ubuntu-latest]   | [INFO] Tests run: 2, Failures: 0, Errors: 0, Skipped: 0, Time elapsed: 0 s - in org.jfree.chart3d.marker.NumberMarkerTest
[84723c8b-77c1-4c6d-b658-e4d5e5faf83b/Test JDK 11, ubuntu-latest]   | [INFO] Running org.jfree.chart3d.marker.CategoryMarkerTest
[84723c8b-77c1-4c6d-b658-e4d5e5faf83b/Test JDK 11, ubuntu-latest]   | [INFO] Tests run: 2, Failures: 0, Errors: 0, Skipped: 0, Time elapsed: 0 s - in org.jfree.chart3d.marker.CategoryMarkerTest
[84723c8b-77c1-4c6d-b658-e4d5e5faf83b/Test JDK 11, ubuntu-latest]   | [INFO] Running org.jfree.chart3d.style.StandardChartStyleTest
[84723c8b-77c1-4c6d-b658-e4d5e5faf83b/Test JDK 11, ubuntu-latest]   | [INFO] Tests run: 3, Failures: 0, Errors: 0, Skipped: 0, Time elapsed: 0.001 s - in org.jfree.chart3d.style.StandardChartStyleTest
[84723c8b-77c1-4c6d-b658-e4d5e5faf83b/Test JDK 11, ubuntu-latest]   | [INFO] Running org.jfree.chart3d.table.VerticalFlowElementTest
[84723c8b-77c1-4c6d-b658-e4d5e5faf83b/Test JDK 11, ubuntu-latest]   | [INFO] Tests run: 5, Failures: 0, Errors: 0, Skipped: 0, Time elapsed: 0.105 s - in org.jfree.chart3d.table.VerticalFlowElementTest
[84723c8b-77c1-4c6d-b658-e4d5e5faf83b/Test JDK 11, ubuntu-latest]   | [INFO] Running org.jfree.chart3d.table.ElementDimensionTest
[84723c8b-77c1-4c6d-b658-e4d5e5faf83b/Test JDK 11, ubuntu-latest]   | [INFO] Tests run: 2, Failures: 0, Errors: 0, Skipped: 0, Time elapsed: 0 s - in org.jfree.chart3d.table.ElementDimensionTest
[84723c8b-77c1-4c6d-b658-e4d5e5faf83b/Test JDK 11, ubuntu-latest]   | [INFO] Running org.jfree.chart3d.table.FlowElementTest
[84723c8b-77c1-4c6d-b658-e4d5e5faf83b/Test JDK 11, ubuntu-latest]   | [INFO] Tests run: 4, Failures: 0, Errors: 0, Skipped: 0, Time elapsed: 0 s - in org.jfree.chart3d.table.FlowElementTest
[84723c8b-77c1-4c6d-b658-e4d5e5faf83b/Test JDK 11, ubuntu-latest]   | [INFO] Running org.jfree.chart3d.table.GridElementTest
[84723c8b-77c1-4c6d-b658-e4d5e5faf83b/Test JDK 11, ubuntu-latest]   | [INFO] Tests run: 2, Failures: 0, Errors: 0, Skipped: 0, Time elapsed: 0 s - in org.jfree.chart3d.table.GridElementTest
[84723c8b-77c1-4c6d-b658-e4d5e5faf83b/Test JDK 11, ubuntu-latest]   | [INFO] Running org.jfree.chart3d.table.StandardRectanglePainterTest
[84723c8b-77c1-4c6d-b658-e4d5e5faf83b/Test JDK 11, ubuntu-latest]   | [INFO] Tests run: 2, Failures: 0, Errors: 0, Skipped: 0, Time elapsed: 0 s - in org.jfree.chart3d.table.StandardRectanglePainterTest
[84723c8b-77c1-4c6d-b658-e4d5e5faf83b/Test JDK 11, ubuntu-latest]   | [INFO] Running org.jfree.chart3d.table.GradientRectanglePainterTest
[84723c8b-77c1-4c6d-b658-e4d5e5faf83b/Test JDK 11, ubuntu-latest]   | [INFO] Tests run: 2, Failures: 0, Errors: 0, Skipped: 0, Time elapsed: 0 s - in org.jfree.chart3d.table.GradientRectanglePainterTest
[84723c8b-77c1-4c6d-b658-e4d5e5faf83b/Test JDK 11, ubuntu-latest]   | [INFO] Running org.jfree.chart3d.table.TextElementTest
[84723c8b-77c1-4c6d-b658-e4d5e5faf83b/Test JDK 11, ubuntu-latest]   | [INFO] Tests run: 2, Failures: 0, Errors: 0, Skipped: 0, Time elapsed: 0 s - in org.jfree.chart3d.table.TextElementTest
[84723c8b-77c1-4c6d-b658-e4d5e5faf83b/Test JDK 11, ubuntu-latest]   | [INFO] Running org.jfree.chart3d.interaction.StandardKeyedValues3DItemSelectionTest
[84723c8b-77c1-4c6d-b658-e4d5e5faf83b/Test JDK 11, ubuntu-latest]   | [INFO] Tests run: 2, Failures: 0, Errors: 0, Skipped: 0, Time elapsed: 0 s - in org.jfree.chart3d.interaction.StandardKeyedValues3DItemSelectionTest
[84723c8b-77c1-4c6d-b658-e4d5e5faf83b/Test JDK 11, ubuntu-latest]   | [INFO] Running org.jfree.chart3d.axis.LogAxis3DTest
[84723c8b-77c1-4c6d-b658-e4d5e5faf83b/Test JDK 11, ubuntu-latest]   | [INFO] Tests run: 2, Failures: 0, Errors: 0, Skipped: 0, Time elapsed: 0.001 s - in org.jfree.chart3d.axis.LogAxis3DTest
[84723c8b-77c1-4c6d-b658-e4d5e5faf83b/Test JDK 11, ubuntu-latest]   | [INFO] Running org.jfree.chart3d.axis.NumberAxis3DTest
[84723c8b-77c1-4c6d-b658-e4d5e5faf83b/Test JDK 11, ubuntu-latest]   | [INFO] Tests run: 10, Failures: 0, Errors: 0, Skipped: 0, Time elapsed: 0 s - in org.jfree.chart3d.axis.NumberAxis3DTest
[84723c8b-77c1-4c6d-b658-e4d5e5faf83b/Test JDK 11, ubuntu-latest]   | [INFO] Running org.jfree.chart3d.axis.NumberTickSelectorTest
[84723c8b-77c1-4c6d-b658-e4d5e5faf83b/Test JDK 11, ubuntu-latest]   | [INFO] Tests run: 3, Failures: 0, Errors: 0, Skipped: 0, Time elapsed: 0 s - in org.jfree.chart3d.axis.NumberTickSelectorTest
[84723c8b-77c1-4c6d-b658-e4d5e5faf83b/Test JDK 11, ubuntu-latest]   | [INFO] Running org.jfree.chart3d.axis.StandardCategoryAxis3DTest
[84723c8b-77c1-4c6d-b658-e4d5e5faf83b/Test JDK 11, ubuntu-latest]   | [INFO] Tests run: 2, Failures: 0, Errors: 0, Skipped: 0, Time elapsed: 0 s - in org.jfree.chart3d.axis.StandardCategoryAxis3DTest
[84723c8b-77c1-4c6d-b658-e4d5e5faf83b/Test JDK 11, ubuntu-latest]   | [INFO] Running org.jfree.chart3d.legend.StandardLegendBuilderTest
[84723c8b-77c1-4c6d-b658-e4d5e5faf83b/Test JDK 11, ubuntu-latest]   | [INFO] Tests run: 2, Failures: 0, Errors: 0, Skipped: 0, Time elapsed: 0 s - in org.jfree.chart3d.legend.StandardLegendBuilderTest
[84723c8b-77c1-4c6d-b658-e4d5e5faf83b/Test JDK 11, ubuntu-latest]   | [INFO] Running org.jfree.chart3d.legend.ColorScaleElementTest
[84723c8b-77c1-4c6d-b658-e4d5e5faf83b/Test JDK 11, ubuntu-latest]   | [INFO] Tests run: 2, Failures: 0, Errors: 0, Skipped: 0, Time elapsed: 0 s - in org.jfree.chart3d.legend.ColorScaleElementTest
[84723c8b-77c1-4c6d-b658-e4d5e5faf83b/Test JDK 11, ubuntu-latest]   | [INFO] Running org.jfree.chart3d.legend.ColorScaleLegendBuilderTest
[84723c8b-77c1-4c6d-b658-e4d5e5faf83b/Test JDK 11, ubuntu-latest]   | [INFO] Tests run: 2, Failures: 0, Errors: 0, Skipped: 0, Time elapsed: 0 s - in org.jfree.chart3d.legend.ColorScaleLegendBuilderTest
[84723c8b-77c1-4c6d-b658-e4d5e5faf83b/Test JDK 11, ubuntu-latest]   | [INFO] Running org.jfree.chart3d.graphics3d.Dimension3DTest
[84723c8b-77c1-4c6d-b658-e4d5e5faf83b/Test JDK 11, ubuntu-latest]   | [INFO] Tests run: 2, Failures: 0, Errors: 0, Skipped: 0, Time elapsed: 0 s - in org.jfree.chart3d.graphics3d.Dimension3DTest
[84723c8b-77c1-4c6d-b658-e4d5e5faf83b/Test JDK 11, ubuntu-latest]   | [INFO] Running org.jfree.chart3d.graphics3d.Point3DTest
[84723c8b-77c1-4c6d-b658-e4d5e5faf83b/Test JDK 11, ubuntu-latest]   | [INFO] Tests run: 2, Failures: 0, Errors: 0, Skipped: 0, Time elapsed: 0 s - in org.jfree.chart3d.graphics3d.Point3DTest
[84723c8b-77c1-4c6d-b658-e4d5e5faf83b/Test JDK 11, ubuntu-latest]   | [INFO] Running org.jfree.chart3d.graphics3d.ViewPoint3DTest
[84723c8b-77c1-4c6d-b658-e4d5e5faf83b/Test JDK 11, ubuntu-latest]   | [INFO] Tests run: 5, Failures: 0, Errors: 0, Skipped: 0, Time elapsed: 0 s - in org.jfree.chart3d.graphics3d.ViewPoint3DTest
[84723c8b-77c1-4c6d-b658-e4d5e5faf83b/Test JDK 11, ubuntu-latest]   | [INFO] Running org.jfree.chart3d.graphics3d.Rotate3DTest
[84723c8b-77c1-4c6d-b658-e4d5e5faf83b/Test JDK 11, ubuntu-latest]   | [INFO] Tests run: 2, Failures: 0, Errors: 0, Skipped: 0, Time elapsed: 0 s - in org.jfree.chart3d.graphics3d.Rotate3DTest
[84723c8b-77c1-4c6d-b658-e4d5e5faf83b/Test JDK 11, ubuntu-latest]   | [INFO] Running org.jfree.chart3d.graphics3d.internal.Utils3DTest
[84723c8b-77c1-4c6d-b658-e4d5e5faf83b/Test JDK 11, ubuntu-latest]   | [INFO] Tests run: 2, Failures: 0, Errors: 0, Skipped: 0, Time elapsed: 0 s - in org.jfree.chart3d.graphics3d.internal.Utils3DTest
[84723c8b-77c1-4c6d-b658-e4d5e5faf83b/Test JDK 11, ubuntu-latest]   | [INFO] Running org.jfree.chart3d.util.ObjectUtilsTest
[84723c8b-77c1-4c6d-b658-e4d5e5faf83b/Test JDK 11, ubuntu-latest]   | [INFO] Tests run: 5, Failures: 0, Errors: 0, Skipped: 0, Time elapsed: 0 s - in org.jfree.chart3d.util.ObjectUtilsTest
[84723c8b-77c1-4c6d-b658-e4d5e5faf83b/Test JDK 11, ubuntu-latest]   | [INFO] 
[84723c8b-77c1-4c6d-b658-e4d5e5faf83b/Test JDK 11, ubuntu-latest]   | [INFO] Results:
[84723c8b-77c1-4c6d-b658-e4d5e5faf83b/Test JDK 11, ubuntu-latest]   | [INFO] 
[84723c8b-77c1-4c6d-b658-e4d5e5faf83b/Test JDK 11, ubuntu-latest]   | [INFO] Tests run: 200, Failures: 0, Errors: 0, Skipped: 0
[84723c8b-77c1-4c6d-b658-e4d5e5faf83b/Test JDK 11, ubuntu-latest]   | [INFO] 
[84723c8b-77c1-4c6d-b658-e4d5e5faf83b/Test JDK 11, ubuntu-latest]   | [INFO] ------------------------------------------------------------------------
[84723c8b-77c1-4c6d-b658-e4d5e5faf83b/Test JDK 11, ubuntu-latest]   | [INFO] BUILD SUCCESS
[84723c8b-77c1-4c6d-b658-e4d5e5faf83b/Test JDK 11, ubuntu-latest]   | [INFO] ------------------------------------------------------------------------
[84723c8b-77c1-4c6d-b658-e4d5e5faf83b/Test JDK 11, ubuntu-latest]   | [INFO] Total time:  19.632 s
[84723c8b-77c1-4c6d-b658-e4d5e5faf83b/Test JDK 11, ubuntu-latest]   | [INFO] Finished at: 2023-07-12T15:28:44Z
[84723c8b-77c1-4c6d-b658-e4d5e5faf83b/Test JDK 11, ubuntu-latest]   | [INFO] ------------------------------------------------------------------------
[84723c8b-77c1-4c6d-b658-e4d5e5faf83b/Test JDK 11, ubuntu-latest]   ‚úÖ  Success - Main Test with Maven
[84723c8b-77c1-4c6d-b658-e4d5e5faf83b/Test JDK 11, ubuntu-latest] unable to get git ref: failed to identify reference (tag/branch) for the checked-out revision '5733e57d35c3adebce3724113ea2acb7cc8e047f'
[84723c8b-77c1-4c6d-b658-e4d5e5faf83b/Test JDK 11, ubuntu-latest] unable to get git ref: failed to identify reference (tag/branch) for the checked-out revision '5733e57d35c3adebce3724113ea2acb7cc8e047f'
[84723c8b-77c1-4c6d-b658-e4d5e5faf83b/Test JDK 11, ubuntu-latest] unable to get git ref: failed to identify reference (tag/branch) for the checked-out revision '5733e57d35c3adebce3724113ea2acb7cc8e047f'
[84723c8b-77c1-4c6d-b658-e4d5e5faf83b/Test JDK 11, ubuntu-latest] unable to get git ref: failed to identify reference (tag/branch) for the checked-out revision '5733e57d35c3adebce3724113ea2acb7cc8e047f'
[84723c8b-77c1-4c6d-b658-e4d5e5faf83b/Test JDK 11, ubuntu-latest] unable to get git ref: failed to identify reference (tag/branch) for the checked-out revision '5733e57d35c3adebce3724113ea2acb7cc8e047f'
[84723c8b-77c1-4c6d-b658-e4d5e5faf83b/Test JDK 11, ubuntu-latest] ‚≠ê Run Post Set up JDK
[84723c8b-77c1-4c6d-b658-e4d5e5faf83b/Test JDK 11, ubuntu-latest]   üê≥  docker exec cmd=[node /var/run/act/actions/actions-setup-java@v1/dist/cleanup/index.js] user= workdir=
[84723c8b-77c1-4c6d-b658-e4d5e5faf83b/Test JDK 11, ubuntu-latest]   ‚úÖ  Success - Post Set up JDK
[84723c8b-77c1-4c6d-b658-e4d5e5faf83b/Test JDK 11, ubuntu-latest] üèÅ  Job succeeded
[84723c8b-77c1-4c6d-b658-e4d5e5faf83b/Test JDK 11, ubuntu-latest] unable to get git ref: failed to identify reference (tag/branch) for the checked-out revision '5733e57d35c3adebce3724113ea2acb7cc8e047f'
