[b7acd5f5-7c56-49f3-b59e-89dce177bb17/build] üöÄ  Start image=gitbugactions:latest
[b7acd5f5-7c56-49f3-b59e-89dce177bb17/build]   üê≥  docker pull image=gitbugactions:latest platform= username= forcePull=false
[b7acd5f5-7c56-49f3-b59e-89dce177bb17/build]   üê≥  docker create image=gitbugactions:latest platform= entrypoint=["tail" "-f" "/dev/null"] cmd=[]
[b7acd5f5-7c56-49f3-b59e-89dce177bb17/build]   üê≥  docker run image=gitbugactions:latest platform= entrypoint=["tail" "-f" "/dev/null"] cmd=[]
[b7acd5f5-7c56-49f3-b59e-89dce177bb17/build]   üê≥  docker exec cmd=[chown -R 1012:1013 /tmp/431117c4-a8a4-462d-b4ef-9b283d6b2f87] user=0 workdir=
[b7acd5f5-7c56-49f3-b59e-89dce177bb17/build] unable to get git ref: failed to identify reference (tag/branch) for the checked-out revision 'aa91a6b315ec1ca94780459cc9d697218aea24cb'
[b7acd5f5-7c56-49f3-b59e-89dce177bb17/build] unable to get git ref: failed to identify reference (tag/branch) for the checked-out revision 'aa91a6b315ec1ca94780459cc9d697218aea24cb'
[b7acd5f5-7c56-49f3-b59e-89dce177bb17/build] unable to get git ref: failed to identify reference (tag/branch) for the checked-out revision 'aa91a6b315ec1ca94780459cc9d697218aea24cb'
[b7acd5f5-7c56-49f3-b59e-89dce177bb17/build] unable to get git ref: failed to identify reference (tag/branch) for the checked-out revision 'aa91a6b315ec1ca94780459cc9d697218aea24cb'
[b7acd5f5-7c56-49f3-b59e-89dce177bb17/build] unable to get git ref: failed to identify reference (tag/branch) for the checked-out revision 'aa91a6b315ec1ca94780459cc9d697218aea24cb'
[b7acd5f5-7c56-49f3-b59e-89dce177bb17/build] unable to get git ref: failed to identify reference (tag/branch) for the checked-out revision 'aa91a6b315ec1ca94780459cc9d697218aea24cb'
[b7acd5f5-7c56-49f3-b59e-89dce177bb17/build] unable to get git ref: failed to identify reference (tag/branch) for the checked-out revision 'aa91a6b315ec1ca94780459cc9d697218aea24cb'
[b7acd5f5-7c56-49f3-b59e-89dce177bb17/build] unable to get git ref: failed to identify reference (tag/branch) for the checked-out revision 'aa91a6b315ec1ca94780459cc9d697218aea24cb'
[b7acd5f5-7c56-49f3-b59e-89dce177bb17/build] unable to get git ref: failed to identify reference (tag/branch) for the checked-out revision 'aa91a6b315ec1ca94780459cc9d697218aea24cb'
[b7acd5f5-7c56-49f3-b59e-89dce177bb17/build] ‚≠ê Run Main actions/checkout@v3
[b7acd5f5-7c56-49f3-b59e-89dce177bb17/build] unable to get git ref: failed to identify reference (tag/branch) for the checked-out revision 'aa91a6b315ec1ca94780459cc9d697218aea24cb'
[b7acd5f5-7c56-49f3-b59e-89dce177bb17/build] unable to get git ref: failed to identify reference (tag/branch) for the checked-out revision 'aa91a6b315ec1ca94780459cc9d697218aea24cb'
[b7acd5f5-7c56-49f3-b59e-89dce177bb17/build]   üê≥  docker cp src=/tmp/431117c4-a8a4-462d-b4ef-9b283d6b2f87/. dst=/tmp/431117c4-a8a4-462d-b4ef-9b283d6b2f87
[b7acd5f5-7c56-49f3-b59e-89dce177bb17/build]   üê≥  docker exec cmd=[chown -R 1012:1013 /tmp/431117c4-a8a4-462d-b4ef-9b283d6b2f87] user=0 workdir=
[b7acd5f5-7c56-49f3-b59e-89dce177bb17/build]   ‚úÖ  Success - Main actions/checkout@v3
[b7acd5f5-7c56-49f3-b59e-89dce177bb17/build] unable to get git ref: failed to identify reference (tag/branch) for the checked-out revision 'aa91a6b315ec1ca94780459cc9d697218aea24cb'
[b7acd5f5-7c56-49f3-b59e-89dce177bb17/build] unable to get git ref: failed to identify reference (tag/branch) for the checked-out revision 'aa91a6b315ec1ca94780459cc9d697218aea24cb'
[b7acd5f5-7c56-49f3-b59e-89dce177bb17/build] unable to get git ref: failed to identify reference (tag/branch) for the checked-out revision 'aa91a6b315ec1ca94780459cc9d697218aea24cb'
[b7acd5f5-7c56-49f3-b59e-89dce177bb17/build] unable to get git ref: failed to identify reference (tag/branch) for the checked-out revision 'aa91a6b315ec1ca94780459cc9d697218aea24cb'
[b7acd5f5-7c56-49f3-b59e-89dce177bb17/build] unable to get git ref: failed to identify reference (tag/branch) for the checked-out revision 'aa91a6b315ec1ca94780459cc9d697218aea24cb'
[b7acd5f5-7c56-49f3-b59e-89dce177bb17/build] ‚≠ê Run Main Set up JDK 11
[b7acd5f5-7c56-49f3-b59e-89dce177bb17/build] unable to get git ref: failed to identify reference (tag/branch) for the checked-out revision 'aa91a6b315ec1ca94780459cc9d697218aea24cb'
[b7acd5f5-7c56-49f3-b59e-89dce177bb17/build] unable to get git ref: failed to identify reference (tag/branch) for the checked-out revision 'aa91a6b315ec1ca94780459cc9d697218aea24cb'
[b7acd5f5-7c56-49f3-b59e-89dce177bb17/build] unable to get git ref: failed to identify reference (tag/branch) for the checked-out revision 'aa91a6b315ec1ca94780459cc9d697218aea24cb'
[b7acd5f5-7c56-49f3-b59e-89dce177bb17/build]   üê≥  docker cp src=/tmp/act-cache/e7b2b621-0841-42ea-9255-a102420e2b97/act/actions-setup-java@v3/ dst=/var/run/act/actions/actions-setup-java@v3/
[b7acd5f5-7c56-49f3-b59e-89dce177bb17/build]   üê≥  docker exec cmd=[chown -R 1012:1013 /var/run/act/actions/actions-setup-java@v3/] user=0 workdir=
[b7acd5f5-7c56-49f3-b59e-89dce177bb17/build]   üê≥  docker exec cmd=[node /var/run/act/actions/actions-setup-java@v3/dist/setup/index.js] user= workdir=
[b7acd5f5-7c56-49f3-b59e-89dce177bb17/build]   ‚ùì  ::group::Installed distributions
[b7acd5f5-7c56-49f3-b59e-89dce177bb17/build]   | Trying to resolve the latest version from remote
[b7acd5f5-7c56-49f3-b59e-89dce177bb17/build]   | Resolved latest version as 11.0.21+9
[b7acd5f5-7c56-49f3-b59e-89dce177bb17/build]   | Trying to download...
[b7acd5f5-7c56-49f3-b59e-89dce177bb17/build]   | Downloading Java 11.0.21+9 (Adopt-Hotspot) from https://github.com/adoptium/temurin11-binaries/releases/download/jdk-11.0.21%2B9/OpenJDK11U-jdk_x64_linux_hotspot_11.0.21_9.tar.gz ...
[b7acd5f5-7c56-49f3-b59e-89dce177bb17/build]   üí¨  ::debug::Downloading https://github.com/adoptium/temurin11-binaries/releases/download/jdk-11.0.21%252B9/OpenJDK11U-jdk_x64_linux_hotspot_11.0.21_9.tar.gz
[b7acd5f5-7c56-49f3-b59e-89dce177bb17/build]   üí¨  ::debug::Destination /tmp/f9e27937-f852-49c4-a69d-1209a3012d05
[b7acd5f5-7c56-49f3-b59e-89dce177bb17/build]   üí¨  ::debug::download complete
[b7acd5f5-7c56-49f3-b59e-89dce177bb17/build]   | Extracting Java archive...
[b7acd5f5-7c56-49f3-b59e-89dce177bb17/build]   üí¨  ::debug::Checking tar --version
[b7acd5f5-7c56-49f3-b59e-89dce177bb17/build]   üí¨  ::debug::tar (GNU tar) 1.34%0ACopyright (C) 2021 Free Software Foundation, Inc.%0ALicense GPLv3+: GNU GPL version 3 or later <https://gnu.org/licenses/gpl.html>.%0AThis is free software: you are free to change and redistribute it.%0AThere is NO WARRANTY, to the extent permitted by law.%0A%0AWritten by John Gilmore and Jay Fenlason.
[b7acd5f5-7c56-49f3-b59e-89dce177bb17/build]   | [command]/usr/bin/tar xz --warning=no-unknown-keyword -C /tmp/7cdd1886-4564-40e1-885f-4acc36dd981c -f /tmp/f9e27937-f852-49c4-a69d-1209a3012d05
[b7acd5f5-7c56-49f3-b59e-89dce177bb17/build]   üí¨  ::debug::Caching tool Java_Adopt_jdk 11.0.21-9 x64
[b7acd5f5-7c56-49f3-b59e-89dce177bb17/build]   üí¨  ::debug::source dir: /tmp/7cdd1886-4564-40e1-885f-4acc36dd981c/jdk-11.0.21+9
[b7acd5f5-7c56-49f3-b59e-89dce177bb17/build]   üí¨  ::debug::destination /opt/hostedtoolcache/Java_Adopt_jdk/11.0.21-9/x64
[b7acd5f5-7c56-49f3-b59e-89dce177bb17/build]   üí¨  ::debug::finished caching tool
[b7acd5f5-7c56-49f3-b59e-89dce177bb17/build]   | Java 11.0.21+9 was downloaded
[b7acd5f5-7c56-49f3-b59e-89dce177bb17/build]   | Setting Java 11.0.21+9 as the default
[b7acd5f5-7c56-49f3-b59e-89dce177bb17/build]   | Creating toolchains.xml for JDK version 11 from adopt
[b7acd5f5-7c56-49f3-b59e-89dce177bb17/build]   | Writing to /home/runner/.m2/toolchains.xml
[b7acd5f5-7c56-49f3-b59e-89dce177bb17/build]   | 
[b7acd5f5-7c56-49f3-b59e-89dce177bb17/build]   | Java configuration:
[b7acd5f5-7c56-49f3-b59e-89dce177bb17/build]   |   Distribution: adopt
[b7acd5f5-7c56-49f3-b59e-89dce177bb17/build]   |   Version: 11.0.21+9
[b7acd5f5-7c56-49f3-b59e-89dce177bb17/build]   |   Path: /opt/hostedtoolcache/Java_Adopt_jdk/11.0.21-9/x64
[b7acd5f5-7c56-49f3-b59e-89dce177bb17/build]   | 
[b7acd5f5-7c56-49f3-b59e-89dce177bb17/build]   ‚ùì  ::endgroup::
[b7acd5f5-7c56-49f3-b59e-89dce177bb17/build]   ‚ùì add-matcher /run/act/actions/actions-setup-java@v3/.github/java.json
[b7acd5f5-7c56-49f3-b59e-89dce177bb17/build]   | Creating settings.xml with server-id: github
[b7acd5f5-7c56-49f3-b59e-89dce177bb17/build]   | Writing to /home/runner/.m2/settings.xml
[b7acd5f5-7c56-49f3-b59e-89dce177bb17/build]   ‚úÖ  Success - Main Set up JDK 11
[b7acd5f5-7c56-49f3-b59e-89dce177bb17/build]   ‚öô  ::set-env:: JAVA_HOME=/opt/hostedtoolcache/Java_Adopt_jdk/11.0.21-9/x64
[b7acd5f5-7c56-49f3-b59e-89dce177bb17/build]   ‚öô  ::set-env:: JAVA_HOME_11_X64=/opt/hostedtoolcache/Java_Adopt_jdk/11.0.21-9/x64
[b7acd5f5-7c56-49f3-b59e-89dce177bb17/build]   ‚öô  ::set-output:: distribution=Adopt-Hotspot
[b7acd5f5-7c56-49f3-b59e-89dce177bb17/build]   ‚öô  ::set-output:: path=/opt/hostedtoolcache/Java_Adopt_jdk/11.0.21-9/x64
[b7acd5f5-7c56-49f3-b59e-89dce177bb17/build]   ‚öô  ::set-output:: version=11.0.21+9
[b7acd5f5-7c56-49f3-b59e-89dce177bb17/build]   ‚öô  ::add-path:: /opt/hostedtoolcache/Java_Adopt_jdk/11.0.21-9/x64/bin
[b7acd5f5-7c56-49f3-b59e-89dce177bb17/build] unable to get git ref: failed to identify reference (tag/branch) for the checked-out revision 'aa91a6b315ec1ca94780459cc9d697218aea24cb'
[b7acd5f5-7c56-49f3-b59e-89dce177bb17/build] unable to get git ref: failed to identify reference (tag/branch) for the checked-out revision 'aa91a6b315ec1ca94780459cc9d697218aea24cb'
[b7acd5f5-7c56-49f3-b59e-89dce177bb17/build] unable to get git ref: failed to identify reference (tag/branch) for the checked-out revision 'aa91a6b315ec1ca94780459cc9d697218aea24cb'
[b7acd5f5-7c56-49f3-b59e-89dce177bb17/build] unable to get git ref: failed to identify reference (tag/branch) for the checked-out revision 'aa91a6b315ec1ca94780459cc9d697218aea24cb'
[b7acd5f5-7c56-49f3-b59e-89dce177bb17/build] unable to get git ref: failed to identify reference (tag/branch) for the checked-out revision 'aa91a6b315ec1ca94780459cc9d697218aea24cb'
[b7acd5f5-7c56-49f3-b59e-89dce177bb17/build] ‚≠ê Run Main Build with Maven
[b7acd5f5-7c56-49f3-b59e-89dce177bb17/build] unable to get git ref: failed to identify reference (tag/branch) for the checked-out revision 'aa91a6b315ec1ca94780459cc9d697218aea24cb'
[b7acd5f5-7c56-49f3-b59e-89dce177bb17/build] unable to get git ref: failed to identify reference (tag/branch) for the checked-out revision 'aa91a6b315ec1ca94780459cc9d697218aea24cb'
[b7acd5f5-7c56-49f3-b59e-89dce177bb17/build] unable to get git ref: failed to identify reference (tag/branch) for the checked-out revision 'aa91a6b315ec1ca94780459cc9d697218aea24cb'
[b7acd5f5-7c56-49f3-b59e-89dce177bb17/build] unable to get git ref: failed to identify reference (tag/branch) for the checked-out revision 'aa91a6b315ec1ca94780459cc9d697218aea24cb'
[b7acd5f5-7c56-49f3-b59e-89dce177bb17/build]   üê≥  docker exec cmd=[bash --noprofile --norc -e -o pipefail /var/run/act/workflow/2] user= workdir=
[b7acd5f5-7c56-49f3-b59e-89dce177bb17/build]   | [INFO] Scanning for projects...
[b7acd5f5-7c56-49f3-b59e-89dce177bb17/build]   | [INFO] 
[b7acd5f5-7c56-49f3-b59e-89dce177bb17/build]   | [INFO] --------------------------< ch.jalu:configme >--------------------------
[b7acd5f5-7c56-49f3-b59e-89dce177bb17/build]   | [INFO] Building ConfigMe 2.0.0-SNAPSHOT
[b7acd5f5-7c56-49f3-b59e-89dce177bb17/build]   | [INFO]   from pom.xml
[b7acd5f5-7c56-49f3-b59e-89dce177bb17/build]   | [INFO] --------------------------------[ jar ]---------------------------------
[b7acd5f5-7c56-49f3-b59e-89dce177bb17/build]   | [INFO] Downloading from central: https://repo.maven.apache.org/maven2/org/jacoco/jacoco-maven-plugin/0.8.10/jacoco-maven-plugin-0.8.10.pom
[b7acd5f5-7c56-49f3-b59e-89dce177bb17/build]   | [INFO] Downloaded from central: https://repo.maven.apache.org/maven2/org/jacoco/jacoco-maven-plugin/0.8.10/jacoco-maven-plugin-0.8.10.pom (3.8 kB at 13 kB/s)
[b7acd5f5-7c56-49f3-b59e-89dce177bb17/build]   | [INFO] Downloading from central: https://repo.maven.apache.org/maven2/org/jacoco/org.jacoco.build/0.8.10/org.jacoco.build-0.8.10.pom
[b7acd5f5-7c56-49f3-b59e-89dce177bb17/build]   | [INFO] Downloaded from central: https://repo.maven.apache.org/maven2/org/jacoco/org.jacoco.build/0.8.10/org.jacoco.build-0.8.10.pom (44 kB at 1.4 MB/s)
[b7acd5f5-7c56-49f3-b59e-89dce177bb17/build]   | [INFO] Downloading from central: https://repo.maven.apache.org/maven2/org/ow2/asm/asm-bom/9.5/asm-bom-9.5.pom
[b7acd5f5-7c56-49f3-b59e-89dce177bb17/build]   | [INFO] Downloaded from central: https://repo.maven.apache.org/maven2/org/ow2/asm/asm-bom/9.5/asm-bom-9.5.pom (3.2 kB at 230 kB/s)
[b7acd5f5-7c56-49f3-b59e-89dce177bb17/build]   | [INFO] Downloading from central: https://repo.maven.apache.org/maven2/org/ow2/ow2/1.5.1/ow2-1.5.1.pom
[b7acd5f5-7c56-49f3-b59e-89dce177bb17/build]   | [INFO] Downloaded from central: https://repo.maven.apache.org/maven2/org/ow2/ow2/1.5.1/ow2-1.5.1.pom (11 kB at 1.0 MB/s)
[b7acd5f5-7c56-49f3-b59e-89dce177bb17/build]   | [INFO] Downloading from central: https://repo.maven.apache.org/maven2/org/jacoco/jacoco-maven-plugin/0.8.10/jacoco-maven-plugin-0.8.10.jar
[b7acd5f5-7c56-49f3-b59e-89dce177bb17/build]   | [INFO] Downloaded from central: https://repo.maven.apache.org/maven2/org/jacoco/jacoco-maven-plugin/0.8.10/jacoco-maven-plugin-0.8.10.jar (56 kB at 2.6 MB/s)
[b7acd5f5-7c56-49f3-b59e-89dce177bb17/build]   | [INFO] Downloading from central: https://repo.maven.apache.org/maven2/org/apache/maven/plugins/maven-resources-plugin/2.6/maven-resources-plugin-2.6.pom
[b7acd5f5-7c56-49f3-b59e-89dce177bb17/build]   | [INFO] Downloaded from central: https://repo.maven.apache.org/maven2/org/apache/maven/plugins/maven-resources-plugin/2.6/maven-resources-plugin-2.6.pom (8.1 kB at 738 kB/s)
[b7acd5f5-7c56-49f3-b59e-89dce177bb17/build]   | [INFO] Downloading from central: https://repo.maven.apache.org/maven2/org/apache/maven/plugins/maven-plugins/23/maven-plugins-23.pom
[b7acd5f5-7c56-49f3-b59e-89dce177bb17/build]   | [INFO] Downloaded from central: https://repo.maven.apache.org/maven2/org/apache/maven/plugins/maven-plugins/23/maven-plugins-23.pom (9.2 kB at 224 kB/s)
[b7acd5f5-7c56-49f3-b59e-89dce177bb17/build]   | [INFO] Downloading from central: https://repo.maven.apache.org/maven2/org/apache/maven/maven-parent/22/maven-parent-22.pom
[b7acd5f5-7c56-49f3-b59e-89dce177bb17/build]   | [INFO] Downloaded from central: https://repo.maven.apache.org/maven2/org/apache/maven/maven-parent/22/maven-parent-22.pom (30 kB at 850 kB/s)
[b7acd5f5-7c56-49f3-b59e-89dce177bb17/build]   | [INFO] Downloading from central: https://repo.maven.apache.org/maven2/org/apache/apache/11/apache-11.pom
[b7acd5f5-7c56-49f3-b59e-89dce177bb17/build]   | [INFO] Downloaded from central: https://repo.maven.apache.org/maven2/org/apache/apache/11/apache-11.pom (15 kB at 478 kB/s)
[b7acd5f5-7c56-49f3-b59e-89dce177bb17/build]   | [INFO] Downloading from central: https://repo.maven.apache.org/maven2/org/apache/maven/plugins/maven-resources-plugin/2.6/maven-resources-plugin-2.6.jar
[b7acd5f5-7c56-49f3-b59e-89dce177bb17/build]   | [INFO] Downloaded from central: https://repo.maven.apache.org/maven2/org/apache/maven/plugins/maven-resources-plugin/2.6/maven-resources-plugin-2.6.jar (30 kB at 895 kB/s)
[b7acd5f5-7c56-49f3-b59e-89dce177bb17/build]   | [INFO] Downloading from central: https://repo.maven.apache.org/maven2/org/apache/maven/plugins/maven-compiler-plugin/3.11.0/maven-compiler-plugin-3.11.0.pom
[b7acd5f5-7c56-49f3-b59e-89dce177bb17/build]   | [INFO] Downloaded from central: https://repo.maven.apache.org/maven2/org/apache/maven/plugins/maven-compiler-plugin/3.11.0/maven-compiler-plugin-3.11.0.pom (9.8 kB at 252 kB/s)
[b7acd5f5-7c56-49f3-b59e-89dce177bb17/build]   | [INFO] Downloading from central: https://repo.maven.apache.org/maven2/org/apache/maven/plugins/maven-plugins/39/maven-plugins-39.pom
[b7acd5f5-7c56-49f3-b59e-89dce177bb17/build]   | [INFO] Downloaded from central: https://repo.maven.apache.org/maven2/org/apache/maven/plugins/maven-plugins/39/maven-plugins-39.pom (8.1 kB at 245 kB/s)
[b7acd5f5-7c56-49f3-b59e-89dce177bb17/build]   | [INFO] Downloading from central: https://repo.maven.apache.org/maven2/org/apache/maven/maven-parent/39/maven-parent-39.pom
[b7acd5f5-7c56-49f3-b59e-89dce177bb17/build]   | [INFO] Downloaded from central: https://repo.maven.apache.org/maven2/org/apache/maven/maven-parent/39/maven-parent-39.pom (48 kB at 1.7 MB/s)
[b7acd5f5-7c56-49f3-b59e-89dce177bb17/build]   | [INFO] Downloading from central: https://repo.maven.apache.org/maven2/org/apache/apache/29/apache-29.pom
[b7acd5f5-7c56-49f3-b59e-89dce177bb17/build]   | [INFO] Downloaded from central: https://repo.maven.apache.org/maven2/org/apache/apache/29/apache-29.pom (21 kB at 715 kB/s)
[b7acd5f5-7c56-49f3-b59e-89dce177bb17/build]   | [INFO] Downloading from central: https://repo.maven.apache.org/maven2/org/apache/maven/plugins/maven-compiler-plugin/3.11.0/maven-compiler-plugin-3.11.0.jar
[b7acd5f5-7c56-49f3-b59e-89dce177bb17/build]   | [INFO] Downloaded from central: https://repo.maven.apache.org/maven2/org/apache/maven/plugins/maven-compiler-plugin/3.11.0/maven-compiler-plugin-3.11.0.jar (66 kB at 1.7 MB/s)
[b7acd5f5-7c56-49f3-b59e-89dce177bb17/build]   | [INFO] Downloading from central: https://repo.maven.apache.org/maven2/org/apache/maven/plugins/maven-surefire-plugin/3.1.2/maven-surefire-plugin-3.1.2.pom
[b7acd5f5-7c56-49f3-b59e-89dce177bb17/build]   | [INFO] Downloaded from central: https://repo.maven.apache.org/maven2/org/apache/maven/plugins/maven-surefire-plugin/3.1.2/maven-surefire-plugin-3.1.2.pom (5.5 kB at 124 kB/s)
[b7acd5f5-7c56-49f3-b59e-89dce177bb17/build]   | [INFO] Downloading from central: https://repo.maven.apache.org/maven2/org/apache/maven/surefire/surefire/3.1.2/surefire-3.1.2.pom
[b7acd5f5-7c56-49f3-b59e-89dce177bb17/build]   | [INFO] Downloaded from central: https://repo.maven.apache.org/maven2/org/apache/maven/surefire/surefire/3.1.2/surefire-3.1.2.pom (22 kB at 187 kB/s)
[b7acd5f5-7c56-49f3-b59e-89dce177bb17/build]   | [INFO] Downloading from central: https://repo.maven.apache.org/maven2/org/apache/maven/plugins/maven-surefire-plugin/3.1.2/maven-surefire-plugin-3.1.2.jar
[b7acd5f5-7c56-49f3-b59e-89dce177bb17/build]   | [INFO] Downloaded from central: https://repo.maven.apache.org/maven2/org/apache/maven/plugins/maven-surefire-plugin/3.1.2/maven-surefire-plugin-3.1.2.jar (43 kB at 1.3 MB/s)
[b7acd5f5-7c56-49f3-b59e-89dce177bb17/build]   | [INFO] Downloading from central: https://repo.maven.apache.org/maven2/org/apache/maven/plugins/maven-jar-plugin/2.4/maven-jar-plugin-2.4.pom
[b7acd5f5-7c56-49f3-b59e-89dce177bb17/build]   | [INFO] Downloaded from central: https://repo.maven.apache.org/maven2/org/apache/maven/plugins/maven-jar-plugin/2.4/maven-jar-plugin-2.4.pom (5.8 kB at 177 kB/s)
[b7acd5f5-7c56-49f3-b59e-89dce177bb17/build]   | [INFO] Downloading from central: https://repo.maven.apache.org/maven2/org/apache/maven/plugins/maven-plugins/22/maven-plugins-22.pom
[b7acd5f5-7c56-49f3-b59e-89dce177bb17/build]   | [INFO] Downloaded from central: https://repo.maven.apache.org/maven2/org/apache/maven/plugins/maven-plugins/22/maven-plugins-22.pom (13 kB at 283 kB/s)
[b7acd5f5-7c56-49f3-b59e-89dce177bb17/build]   | [INFO] Downloading from central: https://repo.maven.apache.org/maven2/org/apache/maven/maven-parent/21/maven-parent-21.pom
[b7acd5f5-7c56-49f3-b59e-89dce177bb17/build]   | [INFO] Downloaded from central: https://repo.maven.apache.org/maven2/org/apache/maven/maven-parent/21/maven-parent-21.pom (26 kB at 753 kB/s)
[b7acd5f5-7c56-49f3-b59e-89dce177bb17/build]   | [INFO] Downloading from central: https://repo.maven.apache.org/maven2/org/apache/apache/10/apache-10.pom
[b7acd5f5-7c56-49f3-b59e-89dce177bb17/build]   | [INFO] Downloaded from central: https://repo.maven.apache.org/maven2/org/apache/apache/10/apache-10.pom (15 kB at 87 kB/s)
[b7acd5f5-7c56-49f3-b59e-89dce177bb17/build]   | [INFO] Downloading from central: https://repo.maven.apache.org/maven2/org/apache/maven/plugins/maven-jar-plugin/2.4/maven-jar-plugin-2.4.jar
[b7acd5f5-7c56-49f3-b59e-89dce177bb17/build]   | [INFO] Downloaded from central: https://repo.maven.apache.org/maven2/org/apache/maven/plugins/maven-jar-plugin/2.4/maven-jar-plugin-2.4.jar (34 kB at 347 kB/s)
[b7acd5f5-7c56-49f3-b59e-89dce177bb17/build]   | [INFO] Downloading from central: https://repo.maven.apache.org/maven2/org/yaml/snakeyaml/2.2/snakeyaml-2.2.pom
[b7acd5f5-7c56-49f3-b59e-89dce177bb17/build]   | [INFO] Downloaded from central: https://repo.maven.apache.org/maven2/org/yaml/snakeyaml/2.2/snakeyaml-2.2.pom (21 kB at 266 kB/s)
[b7acd5f5-7c56-49f3-b59e-89dce177bb17/build]   | [INFO] Downloading from central: https://repo.maven.apache.org/maven2/ch/jalu/typeresolver/0.1.0/typeresolver-0.1.0.pom
[b7acd5f5-7c56-49f3-b59e-89dce177bb17/build]   | [INFO] Downloaded from central: https://repo.maven.apache.org/maven2/ch/jalu/typeresolver/0.1.0/typeresolver-0.1.0.pom (7.1 kB at 244 kB/s)
[b7acd5f5-7c56-49f3-b59e-89dce177bb17/build]   | [INFO] Downloading from central: https://repo.maven.apache.org/maven2/org/jetbrains/annotations/24.0.1/annotations-24.0.1.pom
[b7acd5f5-7c56-49f3-b59e-89dce177bb17/build]   | [INFO] Downloaded from central: https://repo.maven.apache.org/maven2/org/jetbrains/annotations/24.0.1/annotations-24.0.1.pom (1.3 kB at 32 kB/s)
[b7acd5f5-7c56-49f3-b59e-89dce177bb17/build]   | [INFO] Downloading from central: https://repo.maven.apache.org/maven2/org/junit/jupiter/junit-jupiter-engine/5.10.0/junit-jupiter-engine-5.10.0.pom
[b7acd5f5-7c56-49f3-b59e-89dce177bb17/build]   | [INFO] Downloaded from central: https://repo.maven.apache.org/maven2/org/junit/jupiter/junit-jupiter-engine/5.10.0/junit-jupiter-engine-5.10.0.pom (3.2 kB at 84 kB/s)
[b7acd5f5-7c56-49f3-b59e-89dce177bb17/build]   | [INFO] Downloading from central: https://repo.maven.apache.org/maven2/org/junit/junit-bom/5.10.0/junit-bom-5.10.0.pom
[b7acd5f5-7c56-49f3-b59e-89dce177bb17/build]   | [INFO] Downloaded from central: https://repo.maven.apache.org/maven2/org/junit/junit-bom/5.10.0/junit-bom-5.10.0.pom (5.6 kB at 195 kB/s)
[b7acd5f5-7c56-49f3-b59e-89dce177bb17/build]   | [INFO] Downloading from central: https://repo.maven.apache.org/maven2/org/junit/platform/junit-platform-engine/1.10.0/junit-platform-engine-1.10.0.pom
[b7acd5f5-7c56-49f3-b59e-89dce177bb17/build]   | [INFO] Downloaded from central: https://repo.maven.apache.org/maven2/org/junit/platform/junit-platform-engine/1.10.0/junit-platform-engine-1.10.0.pom (3.2 kB at 89 kB/s)
[b7acd5f5-7c56-49f3-b59e-89dce177bb17/build]   | [INFO] Downloading from central: https://repo.maven.apache.org/maven2/org/opentest4j/opentest4j/1.3.0/opentest4j-1.3.0.pom
[b7acd5f5-7c56-49f3-b59e-89dce177bb17/build]   | [INFO] Downloaded from central: https://repo.maven.apache.org/maven2/org/opentest4j/opentest4j/1.3.0/opentest4j-1.3.0.pom (2.0 kB at 44 kB/s)
[b7acd5f5-7c56-49f3-b59e-89dce177bb17/build]   | [INFO] Downloading from central: https://repo.maven.apache.org/maven2/org/junit/platform/junit-platform-commons/1.10.0/junit-platform-commons-1.10.0.pom
[b7acd5f5-7c56-49f3-b59e-89dce177bb17/build]   | [INFO] Downloaded from central: https://repo.maven.apache.org/maven2/org/junit/platform/junit-platform-commons/1.10.0/junit-platform-commons-1.10.0.pom (2.8 kB at 94 kB/s)
[b7acd5f5-7c56-49f3-b59e-89dce177bb17/build]   | [INFO] Downloading from central: https://repo.maven.apache.org/maven2/org/apiguardian/apiguardian-api/1.1.2/apiguardian-api-1.1.2.pom
[b7acd5f5-7c56-49f3-b59e-89dce177bb17/build]   | [INFO] Downloaded from central: https://repo.maven.apache.org/maven2/org/apiguardian/apiguardian-api/1.1.2/apiguardian-api-1.1.2.pom (1.5 kB at 48 kB/s)
[b7acd5f5-7c56-49f3-b59e-89dce177bb17/build]   | [INFO] Downloading from central: https://repo.maven.apache.org/maven2/org/junit/jupiter/junit-jupiter-api/5.10.0/junit-jupiter-api-5.10.0.pom
[b7acd5f5-7c56-49f3-b59e-89dce177bb17/build]   | [INFO] Downloaded from central: https://repo.maven.apache.org/maven2/org/junit/jupiter/junit-jupiter-api/5.10.0/junit-jupiter-api-5.10.0.pom (3.2 kB at 84 kB/s)
[b7acd5f5-7c56-49f3-b59e-89dce177bb17/build]   | [INFO] Downloading from central: https://repo.maven.apache.org/maven2/org/junit/jupiter/junit-jupiter-params/5.10.0/junit-jupiter-params-5.10.0.pom
[b7acd5f5-7c56-49f3-b59e-89dce177bb17/build]   | [INFO] Downloaded from central: https://repo.maven.apache.org/maven2/org/junit/jupiter/junit-jupiter-params/5.10.0/junit-jupiter-params-5.10.0.pom (3.0 kB at 81 kB/s)
[b7acd5f5-7c56-49f3-b59e-89dce177bb17/build]   | [INFO] Downloading from central: https://repo.maven.apache.org/maven2/org/hamcrest/java-hamcrest/2.0.0.0/java-hamcrest-2.0.0.0.pom
[b7acd5f5-7c56-49f3-b59e-89dce177bb17/build]   | [INFO] Downloaded from central: https://repo.maven.apache.org/maven2/org/hamcrest/java-hamcrest/2.0.0.0/java-hamcrest-2.0.0.0.pom (1.3 kB at 40 kB/s)
[b7acd5f5-7c56-49f3-b59e-89dce177bb17/build]   | [INFO] Downloading from central: https://repo.maven.apache.org/maven2/org/mockito/mockito-core/4.11.0/mockito-core-4.11.0.pom
[b7acd5f5-7c56-49f3-b59e-89dce177bb17/build]   | [INFO] Downloaded from central: https://repo.maven.apache.org/maven2/org/mockito/mockito-core/4.11.0/mockito-core-4.11.0.pom (2.5 kB at 89 kB/s)
[b7acd5f5-7c56-49f3-b59e-89dce177bb17/build]   | [INFO] Downloading from central: https://repo.maven.apache.org/maven2/net/bytebuddy/byte-buddy/1.12.19/byte-buddy-1.12.19.pom
[b7acd5f5-7c56-49f3-b59e-89dce177bb17/build]   | [INFO] Downloaded from central: https://repo.maven.apache.org/maven2/net/bytebuddy/byte-buddy/1.12.19/byte-buddy-1.12.19.pom (16 kB at 609 kB/s)
[b7acd5f5-7c56-49f3-b59e-89dce177bb17/build]   | [INFO] Downloading from central: https://repo.maven.apache.org/maven2/net/bytebuddy/byte-buddy-parent/1.12.19/byte-buddy-parent-1.12.19.pom
[b7acd5f5-7c56-49f3-b59e-89dce177bb17/build]   | [INFO] Downloaded from central: https://repo.maven.apache.org/maven2/net/bytebuddy/byte-buddy-parent/1.12.19/byte-buddy-parent-1.12.19.pom (58 kB at 2.2 MB/s)
[b7acd5f5-7c56-49f3-b59e-89dce177bb17/build]   | [INFO] Downloading from central: https://repo.maven.apache.org/maven2/net/bytebuddy/byte-buddy-agent/1.12.19/byte-buddy-agent-1.12.19.pom
[b7acd5f5-7c56-49f3-b59e-89dce177bb17/build]   | [INFO] Downloaded from central: https://repo.maven.apache.org/maven2/net/bytebuddy/byte-buddy-agent/1.12.19/byte-buddy-agent-1.12.19.pom (10 kB at 580 kB/s)
[b7acd5f5-7c56-49f3-b59e-89dce177bb17/build]   | [INFO] Downloading from central: https://repo.maven.apache.org/maven2/org/objenesis/objenesis/3.3/objenesis-3.3.pom
[b7acd5f5-7c56-49f3-b59e-89dce177bb17/build]   | [INFO] Downloaded from central: https://repo.maven.apache.org/maven2/org/objenesis/objenesis/3.3/objenesis-3.3.pom (3.0 kB at 43 kB/s)
[b7acd5f5-7c56-49f3-b59e-89dce177bb17/build]   | [INFO] Downloading from central: https://repo.maven.apache.org/maven2/org/objenesis/objenesis-parent/3.3/objenesis-parent-3.3.pom
[b7acd5f5-7c56-49f3-b59e-89dce177bb17/build]   | [INFO] Downloaded from central: https://repo.maven.apache.org/maven2/org/objenesis/objenesis-parent/3.3/objenesis-parent-3.3.pom (19 kB at 958 kB/s)
[b7acd5f5-7c56-49f3-b59e-89dce177bb17/build]   | [INFO] Downloading from central: https://repo.maven.apache.org/maven2/org/mockito/mockito-junit-jupiter/4.11.0/mockito-junit-jupiter-4.11.0.pom
[b7acd5f5-7c56-49f3-b59e-89dce177bb17/build]   | [INFO] Downloaded from central: https://repo.maven.apache.org/maven2/org/mockito/mockito-junit-jupiter/4.11.0/mockito-junit-jupiter-4.11.0.pom (2.3 kB at 86 kB/s)
[b7acd5f5-7c56-49f3-b59e-89dce177bb17/build]   | [INFO] Downloading from central: https://repo.maven.apache.org/maven2/org/junit/jupiter/junit-jupiter-api/5.9.1/junit-jupiter-api-5.9.1.pom
[b7acd5f5-7c56-49f3-b59e-89dce177bb17/build]   | [INFO] Downloaded from central: https://repo.maven.apache.org/maven2/org/junit/jupiter/junit-jupiter-api/5.9.1/junit-jupiter-api-5.9.1.pom (3.2 kB at 138 kB/s)
[b7acd5f5-7c56-49f3-b59e-89dce177bb17/build]   | [INFO] Downloading from central: https://repo.maven.apache.org/maven2/org/junit/junit-bom/5.9.1/junit-bom-5.9.1.pom
[b7acd5f5-7c56-49f3-b59e-89dce177bb17/build]   | [INFO] Downloaded from central: https://repo.maven.apache.org/maven2/org/junit/junit-bom/5.9.1/junit-bom-5.9.1.pom (5.6 kB at 144 kB/s)
[b7acd5f5-7c56-49f3-b59e-89dce177bb17/build]   | [INFO] Downloading from central: https://repo.maven.apache.org/maven2/org/opentest4j/opentest4j/1.2.0/opentest4j-1.2.0.pom
[b7acd5f5-7c56-49f3-b59e-89dce177bb17/build]   | [INFO] Downloaded from central: https://repo.maven.apache.org/maven2/org/opentest4j/opentest4j/1.2.0/opentest4j-1.2.0.pom (1.7 kB at 43 kB/s)
[b7acd5f5-7c56-49f3-b59e-89dce177bb17/build]   | [INFO] Downloading from central: https://repo.maven.apache.org/maven2/org/junit/platform/junit-platform-commons/1.9.1/junit-platform-commons-1.9.1.pom
[b7acd5f5-7c56-49f3-b59e-89dce177bb17/build]   | [INFO] Downloaded from central: https://repo.maven.apache.org/maven2/org/junit/platform/junit-platform-commons/1.9.1/junit-platform-commons-1.9.1.pom (2.8 kB at 83 kB/s)
[b7acd5f5-7c56-49f3-b59e-89dce177bb17/build]   | [INFO] Downloading from central: https://repo.maven.apache.org/maven2/org/yaml/snakeyaml/2.2/snakeyaml-2.2.jar
[b7acd5f5-7c56-49f3-b59e-89dce177bb17/build]   | [INFO] Downloading from central: https://repo.maven.apache.org/maven2/ch/jalu/typeresolver/0.1.0/typeresolver-0.1.0.jar
[b7acd5f5-7c56-49f3-b59e-89dce177bb17/build]   | [INFO] Downloading from central: https://repo.maven.apache.org/maven2/org/jetbrains/annotations/24.0.1/annotations-24.0.1.jar
[b7acd5f5-7c56-49f3-b59e-89dce177bb17/build]   | [INFO] Downloading from central: https://repo.maven.apache.org/maven2/org/junit/jupiter/junit-jupiter-engine/5.10.0/junit-jupiter-engine-5.10.0.jar
[b7acd5f5-7c56-49f3-b59e-89dce177bb17/build]   | [INFO] Downloading from central: https://repo.maven.apache.org/maven2/org/junit/platform/junit-platform-engine/1.10.0/junit-platform-engine-1.10.0.jar
[b7acd5f5-7c56-49f3-b59e-89dce177bb17/build]   | [INFO] Downloaded from central: https://repo.maven.apache.org/maven2/org/jetbrains/annotations/24.0.1/annotations-24.0.1.jar (31 kB at 356 kB/s)
[b7acd5f5-7c56-49f3-b59e-89dce177bb17/build]   | [INFO] Downloading from central: https://repo.maven.apache.org/maven2/org/opentest4j/opentest4j/1.3.0/opentest4j-1.3.0.jar
[b7acd5f5-7c56-49f3-b59e-89dce177bb17/build]   | [INFO] Downloaded from central: https://repo.maven.apache.org/maven2/ch/jalu/typeresolver/0.1.0/typeresolver-0.1.0.jar (76 kB at 720 kB/s)
[b7acd5f5-7c56-49f3-b59e-89dce177bb17/build]   | [INFO] Downloading from central: https://repo.maven.apache.org/maven2/org/junit/platform/junit-platform-commons/1.10.0/junit-platform-commons-1.10.0.jar
[b7acd5f5-7c56-49f3-b59e-89dce177bb17/build]   | [INFO] Downloaded from central: https://repo.maven.apache.org/maven2/org/yaml/snakeyaml/2.2/snakeyaml-2.2.jar (334 kB at 2.7 MB/s)
[b7acd5f5-7c56-49f3-b59e-89dce177bb17/build]   | [INFO] Downloading from central: https://repo.maven.apache.org/maven2/org/junit/jupiter/junit-jupiter-api/5.10.0/junit-jupiter-api-5.10.0.jar
[b7acd5f5-7c56-49f3-b59e-89dce177bb17/build]   | [INFO] Downloaded from central: https://repo.maven.apache.org/maven2/org/junit/platform/junit-platform-engine/1.10.0/junit-platform-engine-1.10.0.jar (205 kB at 1.6 MB/s)
[b7acd5f5-7c56-49f3-b59e-89dce177bb17/build]   | [INFO] Downloaded from central: https://repo.maven.apache.org/maven2/org/junit/jupiter/junit-jupiter-engine/5.10.0/junit-jupiter-engine-5.10.0.jar (244 kB at 1.8 MB/s)
[b7acd5f5-7c56-49f3-b59e-89dce177bb17/build]   | [INFO] Downloading from central: https://repo.maven.apache.org/maven2/org/apiguardian/apiguardian-api/1.1.2/apiguardian-api-1.1.2.jar
[b7acd5f5-7c56-49f3-b59e-89dce177bb17/build]   | [INFO] Downloading from central: https://repo.maven.apache.org/maven2/org/junit/jupiter/junit-jupiter-params/5.10.0/junit-jupiter-params-5.10.0.jar
[b7acd5f5-7c56-49f3-b59e-89dce177bb17/build]   | [INFO] Downloaded from central: https://repo.maven.apache.org/maven2/org/junit/platform/junit-platform-commons/1.10.0/junit-platform-commons-1.10.0.jar (106 kB at 753 kB/s)
[b7acd5f5-7c56-49f3-b59e-89dce177bb17/build]   | [INFO] Downloading from central: https://repo.maven.apache.org/maven2/org/hamcrest/java-hamcrest/2.0.0.0/java-hamcrest-2.0.0.0.jar
[b7acd5f5-7c56-49f3-b59e-89dce177bb17/build]   | [INFO] Downloaded from central: https://repo.maven.apache.org/maven2/org/opentest4j/opentest4j/1.3.0/opentest4j-1.3.0.jar (14 kB at 100 kB/s)
[b7acd5f5-7c56-49f3-b59e-89dce177bb17/build]   | [INFO] Downloading from central: https://repo.maven.apache.org/maven2/org/mockito/mockito-core/4.11.0/mockito-core-4.11.0.jar
[b7acd5f5-7c56-49f3-b59e-89dce177bb17/build]   | [INFO] Downloaded from central: https://repo.maven.apache.org/maven2/org/junit/jupiter/junit-jupiter-api/5.10.0/junit-jupiter-api-5.10.0.jar (211 kB at 1.2 MB/s)
[b7acd5f5-7c56-49f3-b59e-89dce177bb17/build]   | [INFO] Downloading from central: https://repo.maven.apache.org/maven2/net/bytebuddy/byte-buddy/1.12.19/byte-buddy-1.12.19.jar
[b7acd5f5-7c56-49f3-b59e-89dce177bb17/build]   | [INFO] Downloaded from central: https://repo.maven.apache.org/maven2/org/apiguardian/apiguardian-api/1.1.2/apiguardian-api-1.1.2.jar (6.8 kB at 37 kB/s)
[b7acd5f5-7c56-49f3-b59e-89dce177bb17/build]   | [INFO] Downloading from central: https://repo.maven.apache.org/maven2/net/bytebuddy/byte-buddy-agent/1.12.19/byte-buddy-agent-1.12.19.jar
[b7acd5f5-7c56-49f3-b59e-89dce177bb17/build]   | [INFO] Downloaded from central: https://repo.maven.apache.org/maven2/org/junit/jupiter/junit-jupiter-params/5.10.0/junit-jupiter-params-5.10.0.jar (586 kB at 3.1 MB/s)
[b7acd5f5-7c56-49f3-b59e-89dce177bb17/build]   | [INFO] Downloading from central: https://repo.maven.apache.org/maven2/org/objenesis/objenesis/3.3/objenesis-3.3.jar
[b7acd5f5-7c56-49f3-b59e-89dce177bb17/build]   | [INFO] Downloaded from central: https://repo.maven.apache.org/maven2/org/hamcrest/java-hamcrest/2.0.0.0/java-hamcrest-2.0.0.0.jar (113 kB at 483 kB/s)
[b7acd5f5-7c56-49f3-b59e-89dce177bb17/build]   | [INFO] Downloading from central: https://repo.maven.apache.org/maven2/org/mockito/mockito-junit-jupiter/4.11.0/mockito-junit-jupiter-4.11.0.jar
[b7acd5f5-7c56-49f3-b59e-89dce177bb17/build]   | [INFO] Downloaded from central: https://repo.maven.apache.org/maven2/org/mockito/mockito-core/4.11.0/mockito-core-4.11.0.jar (685 kB at 2.7 MB/s)
[b7acd5f5-7c56-49f3-b59e-89dce177bb17/build]   | [INFO] Downloaded from central: https://repo.maven.apache.org/maven2/org/objenesis/objenesis/3.3/objenesis-3.3.jar (49 kB at 156 kB/s)
[b7acd5f5-7c56-49f3-b59e-89dce177bb17/build]   | [INFO] Downloaded from central: https://repo.maven.apache.org/maven2/net/bytebuddy/byte-buddy-agent/1.12.19/byte-buddy-agent-1.12.19.jar (256 kB at 809 kB/s)
[b7acd5f5-7c56-49f3-b59e-89dce177bb17/build]   | [INFO] Downloaded from central: https://repo.maven.apache.org/maven2/org/mockito/mockito-junit-jupiter/4.11.0/mockito-junit-jupiter-4.11.0.jar (5.4 kB at 16 kB/s)
[b7acd5f5-7c56-49f3-b59e-89dce177bb17/build]   | [INFO] Downloaded from central: https://repo.maven.apache.org/maven2/net/bytebuddy/byte-buddy/1.12.19/byte-buddy-1.12.19.jar (4.0 MB at 6.7 MB/s)
[b7acd5f5-7c56-49f3-b59e-89dce177bb17/build]   | [INFO] 
[b7acd5f5-7c56-49f3-b59e-89dce177bb17/build]   | [INFO] --- jacoco-maven-plugin:0.8.10:prepare-agent (prepare-agent) @ configme ---
[b7acd5f5-7c56-49f3-b59e-89dce177bb17/build]   | [INFO] Downloading from central: https://repo.maven.apache.org/maven2/org/codehaus/plexus/plexus-utils/3.0.24/plexus-utils-3.0.24.pom
[b7acd5f5-7c56-49f3-b59e-89dce177bb17/build]   | [INFO] Downloaded from central: https://repo.maven.apache.org/maven2/org/codehaus/plexus/plexus-utils/3.0.24/plexus-utils-3.0.24.pom (4.1 kB at 72 kB/s)
[b7acd5f5-7c56-49f3-b59e-89dce177bb17/build]   | [INFO] Downloading from central: https://repo.maven.apache.org/maven2/org/codehaus/plexus/plexus/4.0/plexus-4.0.pom
[b7acd5f5-7c56-49f3-b59e-89dce177bb17/build]   | [INFO] Downloaded from central: https://repo.maven.apache.org/maven2/org/codehaus/plexus/plexus/4.0/plexus-4.0.pom (22 kB at 398 kB/s)
[b7acd5f5-7c56-49f3-b59e-89dce177bb17/build]   | [INFO] Downloading from central: https://repo.maven.apache.org/maven2/org/sonatype/forge/forge-parent/10/forge-parent-10.pom
[b7acd5f5-7c56-49f3-b59e-89dce177bb17/build]   | [INFO] Downloaded from central: https://repo.maven.apache.org/maven2/org/sonatype/forge/forge-parent/10/forge-parent-10.pom (14 kB at 271 kB/s)
[b7acd5f5-7c56-49f3-b59e-89dce177bb17/build]   | [INFO] Downloading from central: https://repo.maven.apache.org/maven2/org/apache/maven/shared/file-management/1.2.1/file-management-1.2.1.pom
[b7acd5f5-7c56-49f3-b59e-89dce177bb17/build]   | [INFO] Downloaded from central: https://repo.maven.apache.org/maven2/org/apache/maven/shared/file-management/1.2.1/file-management-1.2.1.pom (3.9 kB at 86 kB/s)
[b7acd5f5-7c56-49f3-b59e-89dce177bb17/build]   | [INFO] Downloading from central: https://repo.maven.apache.org/maven2/org/apache/maven/shared/maven-shared-components/10/maven-shared-components-10.pom
[b7acd5f5-7c56-49f3-b59e-89dce177bb17/build]   | [INFO] Downloaded from central: https://repo.maven.apache.org/maven2/org/apache/maven/shared/maven-shared-components/10/maven-shared-components-10.pom (8.4 kB at 84 kB/s)
[b7acd5f5-7c56-49f3-b59e-89dce177bb17/build]   | [INFO] Downloading from central: https://repo.maven.apache.org/maven2/org/apache/maven/maven-parent/9/maven-parent-9.pom
[b7acd5f5-7c56-49f3-b59e-89dce177bb17/build]   | [INFO] Downloaded from central: https://repo.maven.apache.org/maven2/org/apache/maven/maven-parent/9/maven-parent-9.pom (33 kB at 842 kB/s)
[b7acd5f5-7c56-49f3-b59e-89dce177bb17/build]   | [INFO] Downloading from central: https://repo.maven.apache.org/maven2/org/apache/apache/4/apache-4.pom
[b7acd5f5-7c56-49f3-b59e-89dce177bb17/build]   | [INFO] Downloaded from central: https://repo.maven.apache.org/maven2/org/apache/apache/4/apache-4.pom (4.5 kB at 86 kB/s)
[b7acd5f5-7c56-49f3-b59e-89dce177bb17/build]   | [INFO] Downloading from central: https://repo.maven.apache.org/maven2/org/apache/maven/maven-plugin-api/2.0.6/maven-plugin-api-2.0.6.pom
[b7acd5f5-7c56-49f3-b59e-89dce177bb17/build]   | [INFO] Downloaded from central: https://repo.maven.apache.org/maven2/org/apache/maven/maven-plugin-api/2.0.6/maven-plugin-api-2.0.6.pom (1.5 kB at 28 kB/s)
[b7acd5f5-7c56-49f3-b59e-89dce177bb17/build]   | [INFO] Downloading from central: https://repo.maven.apache.org/maven2/org/apache/maven/maven/2.0.6/maven-2.0.6.pom
[b7acd5f5-7c56-49f3-b59e-89dce177bb17/build]   | [INFO] Downloaded from central: https://repo.maven.apache.org/maven2/org/apache/maven/maven/2.0.6/maven-2.0.6.pom (9.0 kB at 153 kB/s)
[b7acd5f5-7c56-49f3-b59e-89dce177bb17/build]   | [INFO] Downloading from central: https://repo.maven.apache.org/maven2/org/apache/maven/maven-parent/5/maven-parent-5.pom
[b7acd5f5-7c56-49f3-b59e-89dce177bb17/build]   | [INFO] Downloaded from central: https://repo.maven.apache.org/maven2/org/apache/maven/maven-parent/5/maven-parent-5.pom (15 kB at 267 kB/s)
[b7acd5f5-7c56-49f3-b59e-89dce177bb17/build]   | [INFO] Downloading from central: https://repo.maven.apache.org/maven2/org/apache/apache/3/apache-3.pom
[b7acd5f5-7c56-49f3-b59e-89dce177bb17/build]   | [INFO] Downloaded from central: https://repo.maven.apache.org/maven2/org/apache/apache/3/apache-3.pom (3.4 kB at 67 kB/s)
[b7acd5f5-7c56-49f3-b59e-89dce177bb17/build]   | [INFO] Downloading from central: https://repo.maven.apache.org/maven2/org/apache/maven/shared/maven-shared-io/1.1/maven-shared-io-1.1.pom
[b7acd5f5-7c56-49f3-b59e-89dce177bb17/build]   | [INFO] Downloaded from central: https://repo.maven.apache.org/maven2/org/apache/maven/shared/maven-shared-io/1.1/maven-shared-io-1.1.pom (4.1 kB at 67 kB/s)
[b7acd5f5-7c56-49f3-b59e-89dce177bb17/build]   | [INFO] Downloading from central: https://repo.maven.apache.org/maven2/org/apache/maven/shared/maven-shared-components/8/maven-shared-components-8.pom
[b7acd5f5-7c56-49f3-b59e-89dce177bb17/build]   | [INFO] Downloaded from central: https://repo.maven.apache.org/maven2/org/apache/maven/shared/maven-shared-components/8/maven-shared-components-8.pom (2.7 kB at 50 kB/s)
[b7acd5f5-7c56-49f3-b59e-89dce177bb17/build]   | [INFO] Downloading from central: https://repo.maven.apache.org/maven2/org/apache/maven/maven-parent/7/maven-parent-7.pom
[b7acd5f5-7c56-49f3-b59e-89dce177bb17/build]   | [INFO] Downloaded from central: https://repo.maven.apache.org/maven2/org/apache/maven/maven-parent/7/maven-parent-7.pom (21 kB at 332 kB/s)
[b7acd5f5-7c56-49f3-b59e-89dce177bb17/build]   | [INFO] Downloading from central: https://repo.maven.apache.org/maven2/org/apache/maven/maven-artifact/2.0.2/maven-artifact-2.0.2.pom
[b7acd5f5-7c56-49f3-b59e-89dce177bb17/build]   | [INFO] Downloaded from central: https://repo.maven.apache.org/maven2/org/apache/maven/maven-artifact/2.0.2/maven-artifact-2.0.2.pom (765 B at 16 kB/s)
[b7acd5f5-7c56-49f3-b59e-89dce177bb17/build]   | [INFO] Downloading from central: https://repo.maven.apache.org/maven2/org/apache/maven/maven/2.0.2/maven-2.0.2.pom
[b7acd5f5-7c56-49f3-b59e-89dce177bb17/build]   | [INFO] Downloaded from central: https://repo.maven.apache.org/maven2/org/apache/maven/maven/2.0.2/maven-2.0.2.pom (13 kB at 263 kB/s)
[b7acd5f5-7c56-49f3-b59e-89dce177bb17/build]   | [INFO] Downloading from central: https://repo.maven.apache.org/maven2/org/codehaus/plexus/plexus-utils/1.1/plexus-utils-1.1.pom
[b7acd5f5-7c56-49f3-b59e-89dce177bb17/build]   | [INFO] Downloaded from central: https://repo.maven.apache.org/maven2/org/codehaus/plexus/plexus-utils/1.1/plexus-utils-1.1.pom (767 B at 14 kB/s)
[b7acd5f5-7c56-49f3-b59e-89dce177bb17/build]   | [INFO] Downloading from central: https://repo.maven.apache.org/maven2/org/codehaus/plexus/plexus/1.0.4/plexus-1.0.4.pom
[b7acd5f5-7c56-49f3-b59e-89dce177bb17/build]   | [INFO] Downloaded from central: https://repo.maven.apache.org/maven2/org/codehaus/plexus/plexus/1.0.4/plexus-1.0.4.pom (5.7 kB at 117 kB/s)
[b7acd5f5-7c56-49f3-b59e-89dce177bb17/build]   | [INFO] Downloading from central: https://repo.maven.apache.org/maven2/org/apache/maven/maven-artifact-manager/2.0.2/maven-artifact-manager-2.0.2.pom
[b7acd5f5-7c56-49f3-b59e-89dce177bb17/build]   | [INFO] Downloaded from central: https://repo.maven.apache.org/maven2/org/apache/maven/maven-artifact-manager/2.0.2/maven-artifact-manager-2.0.2.pom (1.4 kB at 24 kB/s)
[b7acd5f5-7c56-49f3-b59e-89dce177bb17/build]   | [INFO] Downloading from central: https://repo.maven.apache.org/maven2/org/apache/maven/maven-repository-metadata/2.0.2/maven-repository-metadata-2.0.2.pom
[b7acd5f5-7c56-49f3-b59e-89dce177bb17/build]   | [INFO] Downloaded from central: https://repo.maven.apache.org/maven2/org/apache/maven/maven-repository-metadata/2.0.2/maven-repository-metadata-2.0.2.pom (1.3 kB at 25 kB/s)
[b7acd5f5-7c56-49f3-b59e-89dce177bb17/build]   | [INFO] Downloading from central: https://repo.maven.apache.org/maven2/org/codehaus/plexus/plexus-container-default/1.0-alpha-9/plexus-container-default-1.0-alpha-9.pom
[b7acd5f5-7c56-49f3-b59e-89dce177bb17/build]   | [INFO] Downloaded from central: https://repo.maven.apache.org/maven2/org/codehaus/plexus/plexus-container-default/1.0-alpha-9/plexus-container-default-1.0-alpha-9.pom (1.2 kB at 23 kB/s)
[b7acd5f5-7c56-49f3-b59e-89dce177bb17/build]   | [INFO] Downloading from central: https://repo.maven.apache.org/maven2/org/codehaus/plexus/plexus-containers/1.0.3/plexus-containers-1.0.3.pom
[b7acd5f5-7c56-49f3-b59e-89dce177bb17/build]   | [INFO] Downloaded from central: https://repo.maven.apache.org/maven2/org/codehaus/plexus/plexus-containers/1.0.3/plexus-containers-1.0.3.pom (492 B at 11 kB/s)
[b7acd5f5-7c56-49f3-b59e-89dce177bb17/build]   | [INFO] Downloading from central: https://repo.maven.apache.org/maven2/junit/junit/4.13.1/junit-4.13.1.pom
[b7acd5f5-7c56-49f3-b59e-89dce177bb17/build]   | [INFO] Downloaded from central: https://repo.maven.apache.org/maven2/junit/junit/4.13.1/junit-4.13.1.pom (25 kB at 482 kB/s)
[b7acd5f5-7c56-49f3-b59e-89dce177bb17/build]   | [INFO] Downloading from central: https://repo.maven.apache.org/maven2/org/hamcrest/hamcrest-core/1.3/hamcrest-core-1.3.pom
[b7acd5f5-7c56-49f3-b59e-89dce177bb17/build]   | [INFO] Downloaded from central: https://repo.maven.apache.org/maven2/org/hamcrest/hamcrest-core/1.3/hamcrest-core-1.3.pom (766 B at 18 kB/s)
[b7acd5f5-7c56-49f3-b59e-89dce177bb17/build]   | [INFO] Downloading from central: https://repo.maven.apache.org/maven2/org/hamcrest/hamcrest-parent/1.3/hamcrest-parent-1.3.pom
[b7acd5f5-7c56-49f3-b59e-89dce177bb17/build]   | [INFO] Downloaded from central: https://repo.maven.apache.org/maven2/org/hamcrest/hamcrest-parent/1.3/hamcrest-parent-1.3.pom (2.0 kB at 46 kB/s)
[b7acd5f5-7c56-49f3-b59e-89dce177bb17/build]   | [INFO] Downloading from central: https://repo.maven.apache.org/maven2/org/codehaus/plexus/plexus-utils/1.0.4/plexus-utils-1.0.4.pom
[b7acd5f5-7c56-49f3-b59e-89dce177bb17/build]   | [INFO] Downloaded from central: https://repo.maven.apache.org/maven2/org/codehaus/plexus/plexus-utils/1.0.4/plexus-utils-1.0.4.pom (6.9 kB at 137 kB/s)
[b7acd5f5-7c56-49f3-b59e-89dce177bb17/build]   | [INFO] Downloading from central: https://repo.maven.apache.org/maven2/classworlds/classworlds/1.1-alpha-2/classworlds-1.1-alpha-2.pom
[b7acd5f5-7c56-49f3-b59e-89dce177bb17/build]   | [INFO] Downloaded from central: https://repo.maven.apache.org/maven2/classworlds/classworlds/1.1-alpha-2/classworlds-1.1-alpha-2.pom (3.1 kB at 68 kB/s)
[b7acd5f5-7c56-49f3-b59e-89dce177bb17/build]   | [INFO] Downloading from central: https://repo.maven.apache.org/maven2/org/apache/maven/wagon/wagon-provider-api/1.0-alpha-6/wagon-provider-api-1.0-alpha-6.pom
[b7acd5f5-7c56-49f3-b59e-89dce177bb17/build]   | [INFO] Downloaded from central: https://repo.maven.apache.org/maven2/org/apache/maven/wagon/wagon-provider-api/1.0-alpha-6/wagon-provider-api-1.0-alpha-6.pom (588 B at 10.0 kB/s)
[b7acd5f5-7c56-49f3-b59e-89dce177bb17/build]   | [INFO] Downloading from central: https://repo.maven.apache.org/maven2/org/apache/maven/wagon/wagon/1.0-alpha-6/wagon-1.0-alpha-6.pom
[b7acd5f5-7c56-49f3-b59e-89dce177bb17/build]   | [INFO] Downloaded from central: https://repo.maven.apache.org/maven2/org/apache/maven/wagon/wagon/1.0-alpha-6/wagon-1.0-alpha-6.pom (6.4 kB at 133 kB/s)
[b7acd5f5-7c56-49f3-b59e-89dce177bb17/build]   | [INFO] Downloading from central: https://repo.maven.apache.org/maven2/org/codehaus/plexus/plexus-utils/1.4.6/plexus-utils-1.4.6.pom
[b7acd5f5-7c56-49f3-b59e-89dce177bb17/build]   | [INFO] Downloaded from central: https://repo.maven.apache.org/maven2/org/codehaus/plexus/plexus-utils/1.4.6/plexus-utils-1.4.6.pom (2.3 kB at 48 kB/s)
[b7acd5f5-7c56-49f3-b59e-89dce177bb17/build]   | [INFO] Downloading from central: https://repo.maven.apache.org/maven2/org/codehaus/plexus/plexus/1.0.11/plexus-1.0.11.pom
[b7acd5f5-7c56-49f3-b59e-89dce177bb17/build]   | [INFO] Downloaded from central: https://repo.maven.apache.org/maven2/org/codehaus/plexus/plexus/1.0.11/plexus-1.0.11.pom (9.0 kB at 195 kB/s)
[b7acd5f5-7c56-49f3-b59e-89dce177bb17/build]   | [INFO] Downloading from central: https://repo.maven.apache.org/maven2/org/codehaus/plexus/plexus-utils/1.5.6/plexus-utils-1.5.6.pom
[b7acd5f5-7c56-49f3-b59e-89dce177bb17/build]   | [INFO] Downloaded from central: https://repo.maven.apache.org/maven2/org/codehaus/plexus/plexus-utils/1.5.6/plexus-utils-1.5.6.pom (5.3 kB at 136 kB/s)
[b7acd5f5-7c56-49f3-b59e-89dce177bb17/build]   | [INFO] Downloading from central: https://repo.maven.apache.org/maven2/org/codehaus/plexus/plexus/1.0.12/plexus-1.0.12.pom
[b7acd5f5-7c56-49f3-b59e-89dce177bb17/build]   | [INFO] Downloaded from central: https://repo.maven.apache.org/maven2/org/codehaus/plexus/plexus/1.0.12/plexus-1.0.12.pom (9.8 kB at 209 kB/s)
[b7acd5f5-7c56-49f3-b59e-89dce177bb17/build]   | [INFO] Downloading from central: https://repo.maven.apache.org/maven2/org/apache/maven/reporting/maven-reporting-api/3.0/maven-reporting-api-3.0.pom
[b7acd5f5-7c56-49f3-b59e-89dce177bb17/build]   | [INFO] Downloaded from central: https://repo.maven.apache.org/maven2/org/apache/maven/reporting/maven-reporting-api/3.0/maven-reporting-api-3.0.pom (2.4 kB at 53 kB/s)
[b7acd5f5-7c56-49f3-b59e-89dce177bb17/build]   | [INFO] Downloading from central: https://repo.maven.apache.org/maven2/org/apache/maven/shared/maven-shared-components/15/maven-shared-components-15.pom
[b7acd5f5-7c56-49f3-b59e-89dce177bb17/build]   | [INFO] Downloaded from central: https://repo.maven.apache.org/maven2/org/apache/maven/shared/maven-shared-components/15/maven-shared-components-15.pom (9.3 kB at 203 kB/s)
[b7acd5f5-7c56-49f3-b59e-89dce177bb17/build]   | [INFO] Downloading from central: https://repo.maven.apache.org/maven2/org/apache/maven/maven-parent/16/maven-parent-16.pom
[b7acd5f5-7c56-49f3-b59e-89dce177bb17/build]   | [INFO] Downloaded from central: https://repo.maven.apache.org/maven2/org/apache/maven/maven-parent/16/maven-parent-16.pom (23 kB at 448 kB/s)
[b7acd5f5-7c56-49f3-b59e-89dce177bb17/build]   | [INFO] Downloading from central: https://repo.maven.apache.org/maven2/org/apache/apache/7/apache-7.pom
[b7acd5f5-7c56-49f3-b59e-89dce177bb17/build]   | [INFO] Downloaded from central: https://repo.maven.apache.org/maven2/org/apache/apache/7/apache-7.pom (14 kB at 336 kB/s)
[b7acd5f5-7c56-49f3-b59e-89dce177bb17/build]   | [INFO] Downloading from central: https://repo.maven.apache.org/maven2/org/apache/maven/doxia/doxia-sink-api/1.0/doxia-sink-api-1.0.pom
[b7acd5f5-7c56-49f3-b59e-89dce177bb17/build]   | [INFO] Downloaded from central: https://repo.maven.apache.org/maven2/org/apache/maven/doxia/doxia-sink-api/1.0/doxia-sink-api-1.0.pom (1.4 kB at 37 kB/s)
[b7acd5f5-7c56-49f3-b59e-89dce177bb17/build]   | [INFO] Downloading from central: https://repo.maven.apache.org/maven2/org/apache/maven/doxia/doxia/1.0/doxia-1.0.pom
[b7acd5f5-7c56-49f3-b59e-89dce177bb17/build]   | [INFO] Downloaded from central: https://repo.maven.apache.org/maven2/org/apache/maven/doxia/doxia/1.0/doxia-1.0.pom (9.6 kB at 247 kB/s)
[b7acd5f5-7c56-49f3-b59e-89dce177bb17/build]   | [INFO] Downloading from central: https://repo.maven.apache.org/maven2/org/apache/maven/maven-parent/10/maven-parent-10.pom
[b7acd5f5-7c56-49f3-b59e-89dce177bb17/build]   | [INFO] Downloaded from central: https://repo.maven.apache.org/maven2/org/apache/maven/maven-parent/10/maven-parent-10.pom (32 kB at 832 kB/s)
[b7acd5f5-7c56-49f3-b59e-89dce177bb17/build]   | [INFO] Downloading from central: https://repo.maven.apache.org/maven2/org/jacoco/org.jacoco.agent/0.8.10/org.jacoco.agent-0.8.10.pom
[b7acd5f5-7c56-49f3-b59e-89dce177bb17/build]   | [INFO] Downloaded from central: https://repo.maven.apache.org/maven2/org/jacoco/org.jacoco.agent/0.8.10/org.jacoco.agent-0.8.10.pom (3.5 kB at 95 kB/s)
[b7acd5f5-7c56-49f3-b59e-89dce177bb17/build]   | [INFO] Downloading from central: https://repo.maven.apache.org/maven2/org/jacoco/org.jacoco.core/0.8.10/org.jacoco.core-0.8.10.pom
[b7acd5f5-7c56-49f3-b59e-89dce177bb17/build]   | [INFO] Downloaded from central: https://repo.maven.apache.org/maven2/org/jacoco/org.jacoco.core/0.8.10/org.jacoco.core-0.8.10.pom (2.1 kB at 29 kB/s)
[b7acd5f5-7c56-49f3-b59e-89dce177bb17/build]   | [INFO] Downloading from central: https://repo.maven.apache.org/maven2/org/ow2/asm/asm/9.5/asm-9.5.pom
[b7acd5f5-7c56-49f3-b59e-89dce177bb17/build]   | [INFO] Downloaded from central: https://repo.maven.apache.org/maven2/org/ow2/asm/asm/9.5/asm-9.5.pom (2.4 kB at 61 kB/s)
[b7acd5f5-7c56-49f3-b59e-89dce177bb17/build]   | [INFO] Downloading from central: https://repo.maven.apache.org/maven2/org/ow2/asm/asm-commons/9.5/asm-commons-9.5.pom
[b7acd5f5-7c56-49f3-b59e-89dce177bb17/build]   | [INFO] Downloaded from central: https://repo.maven.apache.org/maven2/org/ow2/asm/asm-commons/9.5/asm-commons-9.5.pom (2.8 kB at 93 kB/s)
[b7acd5f5-7c56-49f3-b59e-89dce177bb17/build]   | [INFO] Downloading from central: https://repo.maven.apache.org/maven2/org/ow2/asm/asm-tree/9.5/asm-tree-9.5.pom
[b7acd5f5-7c56-49f3-b59e-89dce177bb17/build]   | [INFO] Downloaded from central: https://repo.maven.apache.org/maven2/org/ow2/asm/asm-tree/9.5/asm-tree-9.5.pom (2.6 kB at 136 kB/s)
[b7acd5f5-7c56-49f3-b59e-89dce177bb17/build]   | [INFO] Downloading from central: https://repo.maven.apache.org/maven2/org/jacoco/org.jacoco.report/0.8.10/org.jacoco.report-0.8.10.pom
[b7acd5f5-7c56-49f3-b59e-89dce177bb17/build]   | [INFO] Downloaded from central: https://repo.maven.apache.org/maven2/org/jacoco/org.jacoco.report/0.8.10/org.jacoco.report-0.8.10.pom (1.9 kB at 57 kB/s)
[b7acd5f5-7c56-49f3-b59e-89dce177bb17/build]   | [INFO] Downloading from central: https://repo.maven.apache.org/maven2/org/codehaus/plexus/plexus-utils/3.0.24/plexus-utils-3.0.24.jar
[b7acd5f5-7c56-49f3-b59e-89dce177bb17/build]   | [INFO] Downloading from central: https://repo.maven.apache.org/maven2/org/apache/maven/shared/file-management/1.2.1/file-management-1.2.1.jar
[b7acd5f5-7c56-49f3-b59e-89dce177bb17/build]   | [INFO] Downloading from central: https://repo.maven.apache.org/maven2/org/apache/maven/maven-plugin-api/2.0.6/maven-plugin-api-2.0.6.jar
[b7acd5f5-7c56-49f3-b59e-89dce177bb17/build]   | [INFO] Downloading from central: https://repo.maven.apache.org/maven2/org/apache/maven/shared/maven-shared-io/1.1/maven-shared-io-1.1.jar
[b7acd5f5-7c56-49f3-b59e-89dce177bb17/build]   | [INFO] Downloading from central: https://repo.maven.apache.org/maven2/org/apache/maven/maven-artifact/2.0.2/maven-artifact-2.0.2.jar
[b7acd5f5-7c56-49f3-b59e-89dce177bb17/build]   | [INFO] Downloaded from central: https://repo.maven.apache.org/maven2/org/apache/maven/shared/file-management/1.2.1/file-management-1.2.1.jar (38 kB at 1.3 MB/s)
[b7acd5f5-7c56-49f3-b59e-89dce177bb17/build]   | [INFO] Downloaded from central: https://repo.maven.apache.org/maven2/org/apache/maven/shared/maven-shared-io/1.1/maven-shared-io-1.1.jar (39 kB at 1.4 MB/s)
[b7acd5f5-7c56-49f3-b59e-89dce177bb17/build]   | [INFO] Downloading from central: https://repo.maven.apache.org/maven2/org/apache/maven/maven-artifact-manager/2.0.2/maven-artifact-manager-2.0.2.jar
[b7acd5f5-7c56-49f3-b59e-89dce177bb17/build]   | [INFO] Downloading from central: https://repo.maven.apache.org/maven2/org/apache/maven/maven-repository-metadata/2.0.2/maven-repository-metadata-2.0.2.jar
[b7acd5f5-7c56-49f3-b59e-89dce177bb17/build]   | [INFO] Downloaded from central: https://repo.maven.apache.org/maven2/org/apache/maven/maven-plugin-api/2.0.6/maven-plugin-api-2.0.6.jar (13 kB at 378 kB/s)
[b7acd5f5-7c56-49f3-b59e-89dce177bb17/build]   | [INFO] Downloading from central: https://repo.maven.apache.org/maven2/org/apache/maven/wagon/wagon-provider-api/1.0-alpha-6/wagon-provider-api-1.0-alpha-6.jar
[b7acd5f5-7c56-49f3-b59e-89dce177bb17/build]   | [INFO] Downloaded from central: https://repo.maven.apache.org/maven2/org/apache/maven/maven-artifact/2.0.2/maven-artifact-2.0.2.jar (78 kB at 2.2 MB/s)
[b7acd5f5-7c56-49f3-b59e-89dce177bb17/build]   | [INFO] Downloaded from central: https://repo.maven.apache.org/maven2/org/codehaus/plexus/plexus-utils/3.0.24/plexus-utils-3.0.24.jar (247 kB at 6.7 MB/s)
[b7acd5f5-7c56-49f3-b59e-89dce177bb17/build]   | [INFO] Downloading from central: https://repo.maven.apache.org/maven2/org/codehaus/plexus/plexus-container-default/1.0-alpha-9/plexus-container-default-1.0-alpha-9.jar
[b7acd5f5-7c56-49f3-b59e-89dce177bb17/build]   | [INFO] Downloading from central: https://repo.maven.apache.org/maven2/junit/junit/4.13.1/junit-4.13.1.jar
[b7acd5f5-7c56-49f3-b59e-89dce177bb17/build]   | [INFO] Downloaded from central: https://repo.maven.apache.org/maven2/org/apache/maven/maven-repository-metadata/2.0.2/maven-repository-metadata-2.0.2.jar (20 kB at 358 kB/s)
[b7acd5f5-7c56-49f3-b59e-89dce177bb17/build]   | [INFO] Downloading from central: https://repo.maven.apache.org/maven2/org/hamcrest/hamcrest-core/1.3/hamcrest-core-1.3.jar
[b7acd5f5-7c56-49f3-b59e-89dce177bb17/build]   | [INFO] Downloaded from central: https://repo.maven.apache.org/maven2/org/apache/maven/maven-artifact-manager/2.0.2/maven-artifact-manager-2.0.2.jar (49 kB at 862 kB/s)
[b7acd5f5-7c56-49f3-b59e-89dce177bb17/build]   | [INFO] Downloading from central: https://repo.maven.apache.org/maven2/classworlds/classworlds/1.1-alpha-2/classworlds-1.1-alpha-2.jar
[b7acd5f5-7c56-49f3-b59e-89dce177bb17/build]   | [INFO] Downloaded from central: https://repo.maven.apache.org/maven2/org/apache/maven/wagon/wagon-provider-api/1.0-alpha-6/wagon-provider-api-1.0-alpha-6.jar (43 kB at 712 kB/s)
[b7acd5f5-7c56-49f3-b59e-89dce177bb17/build]   | [INFO] Downloading from central: https://repo.maven.apache.org/maven2/org/apache/maven/reporting/maven-reporting-api/3.0/maven-reporting-api-3.0.jar
[b7acd5f5-7c56-49f3-b59e-89dce177bb17/build]   | [INFO] Downloaded from central: https://repo.maven.apache.org/maven2/junit/junit/4.13.1/junit-4.13.1.jar (383 kB at 5.4 MB/s)
[b7acd5f5-7c56-49f3-b59e-89dce177bb17/build]   | [INFO] Downloading from central: https://repo.maven.apache.org/maven2/org/apache/maven/doxia/doxia-sink-api/1.0/doxia-sink-api-1.0.jar
[b7acd5f5-7c56-49f3-b59e-89dce177bb17/build]   | [INFO] Downloaded from central: https://repo.maven.apache.org/maven2/org/codehaus/plexus/plexus-container-default/1.0-alpha-9/plexus-container-default-1.0-alpha-9.jar (195 kB at 2.7 MB/s)
[b7acd5f5-7c56-49f3-b59e-89dce177bb17/build]   | [INFO] Downloading from central: https://repo.maven.apache.org/maven2/org/jacoco/org.jacoco.agent/0.8.10/org.jacoco.agent-0.8.10-runtime.jar
[b7acd5f5-7c56-49f3-b59e-89dce177bb17/build]   | [INFO] Downloaded from central: https://repo.maven.apache.org/maven2/org/hamcrest/hamcrest-core/1.3/hamcrest-core-1.3.jar (45 kB at 524 kB/s)
[b7acd5f5-7c56-49f3-b59e-89dce177bb17/build]   | [INFO] Downloading from central: https://repo.maven.apache.org/maven2/org/jacoco/org.jacoco.core/0.8.10/org.jacoco.core-0.8.10.jar
[b7acd5f5-7c56-49f3-b59e-89dce177bb17/build]   | [INFO] Downloaded from central: https://repo.maven.apache.org/maven2/classworlds/classworlds/1.1-alpha-2/classworlds-1.1-alpha-2.jar (38 kB at 417 kB/s)
[b7acd5f5-7c56-49f3-b59e-89dce177bb17/build]   | [INFO] Downloading from central: https://repo.maven.apache.org/maven2/org/ow2/asm/asm/9.5/asm-9.5.jar
[b7acd5f5-7c56-49f3-b59e-89dce177bb17/build]   | [INFO] Downloaded from central: https://repo.maven.apache.org/maven2/org/apache/maven/reporting/maven-reporting-api/3.0/maven-reporting-api-3.0.jar (11 kB at 114 kB/s)
[b7acd5f5-7c56-49f3-b59e-89dce177bb17/build]   | [INFO] Downloading from central: https://repo.maven.apache.org/maven2/org/ow2/asm/asm-commons/9.5/asm-commons-9.5.jar
[b7acd5f5-7c56-49f3-b59e-89dce177bb17/build]   | [INFO] Downloaded from central: https://repo.maven.apache.org/maven2/org/apache/maven/doxia/doxia-sink-api/1.0/doxia-sink-api-1.0.jar (10 kB at 98 kB/s)
[b7acd5f5-7c56-49f3-b59e-89dce177bb17/build]   | [INFO] Downloaded from central: https://repo.maven.apache.org/maven2/org/jacoco/org.jacoco.agent/0.8.10/org.jacoco.agent-0.8.10-runtime.jar (299 kB at 2.9 MB/s)
[b7acd5f5-7c56-49f3-b59e-89dce177bb17/build]   | [INFO] Downloading from central: https://repo.maven.apache.org/maven2/org/ow2/asm/asm-tree/9.5/asm-tree-9.5.jar
[b7acd5f5-7c56-49f3-b59e-89dce177bb17/build]   | [INFO] Downloading from central: https://repo.maven.apache.org/maven2/org/jacoco/org.jacoco.report/0.8.10/org.jacoco.report-0.8.10.jar
[b7acd5f5-7c56-49f3-b59e-89dce177bb17/build]   | [INFO] Downloaded from central: https://repo.maven.apache.org/maven2/org/jacoco/org.jacoco.core/0.8.10/org.jacoco.core-0.8.10.jar (204 kB at 1.8 MB/s)
[b7acd5f5-7c56-49f3-b59e-89dce177bb17/build]   | [INFO] Downloaded from central: https://repo.maven.apache.org/maven2/org/ow2/asm/asm/9.5/asm-9.5.jar (122 kB at 1.0 MB/s)
[b7acd5f5-7c56-49f3-b59e-89dce177bb17/build]   | [INFO] Downloaded from central: https://repo.maven.apache.org/maven2/org/ow2/asm/asm-tree/9.5/asm-tree-9.5.jar (52 kB at 412 kB/s)
[b7acd5f5-7c56-49f3-b59e-89dce177bb17/build]   | [INFO] Downloaded from central: https://repo.maven.apache.org/maven2/org/ow2/asm/asm-commons/9.5/asm-commons-9.5.jar (72 kB at 573 kB/s)
[b7acd5f5-7c56-49f3-b59e-89dce177bb17/build]   | [INFO] Downloaded from central: https://repo.maven.apache.org/maven2/org/jacoco/org.jacoco.report/0.8.10/org.jacoco.report-0.8.10.jar (131 kB at 904 kB/s)
[b7acd5f5-7c56-49f3-b59e-89dce177bb17/build]   | [INFO] argLine set to -javaagent:/home/runner/.m2/repository/org/jacoco/org.jacoco.agent/0.8.10/org.jacoco.agent-0.8.10-runtime.jar=destfile=/tmp/431117c4-a8a4-462d-b4ef-9b283d6b2f87/target/jacoco.exec
[b7acd5f5-7c56-49f3-b59e-89dce177bb17/build]   | [INFO] 
[b7acd5f5-7c56-49f3-b59e-89dce177bb17/build]   | [INFO] --- maven-resources-plugin:2.6:resources (default-resources) @ configme ---
[b7acd5f5-7c56-49f3-b59e-89dce177bb17/build]   | [INFO] Downloading from central: https://repo.maven.apache.org/maven2/org/apache/maven/maven-project/2.0.6/maven-project-2.0.6.pom
[b7acd5f5-7c56-49f3-b59e-89dce177bb17/build]   | [INFO] Downloaded from central: https://repo.maven.apache.org/maven2/org/apache/maven/maven-project/2.0.6/maven-project-2.0.6.pom (2.6 kB at 120 kB/s)
[b7acd5f5-7c56-49f3-b59e-89dce177bb17/build]   | [INFO] Downloading from central: https://repo.maven.apache.org/maven2/org/apache/maven/maven-settings/2.0.6/maven-settings-2.0.6.pom
[b7acd5f5-7c56-49f3-b59e-89dce177bb17/build]   | [INFO] Downloaded from central: https://repo.maven.apache.org/maven2/org/apache/maven/maven-settings/2.0.6/maven-settings-2.0.6.pom (2.0 kB at 83 kB/s)
[b7acd5f5-7c56-49f3-b59e-89dce177bb17/build]   | [INFO] Downloading from central: https://repo.maven.apache.org/maven2/org/apache/maven/maven-model/2.0.6/maven-model-2.0.6.pom
[b7acd5f5-7c56-49f3-b59e-89dce177bb17/build]   | [INFO] Downloaded from central: https://repo.maven.apache.org/maven2/org/apache/maven/maven-model/2.0.6/maven-model-2.0.6.pom (3.0 kB at 109 kB/s)
[b7acd5f5-7c56-49f3-b59e-89dce177bb17/build]   | [INFO] Downloading from central: https://repo.maven.apache.org/maven2/org/codehaus/plexus/plexus-utils/1.4.1/plexus-utils-1.4.1.pom
[b7acd5f5-7c56-49f3-b59e-89dce177bb17/build]   | [INFO] Downloaded from central: https://repo.maven.apache.org/maven2/org/codehaus/plexus/plexus-utils/1.4.1/plexus-utils-1.4.1.pom (1.9 kB at 136 kB/s)
[b7acd5f5-7c56-49f3-b59e-89dce177bb17/build]   | [INFO] Downloading from central: https://repo.maven.apache.org/maven2/org/codehaus/plexus/plexus-container-default/1.0-alpha-9-stable-1/plexus-container-default-1.0-alpha-9-stable-1.pom
[b7acd5f5-7c56-49f3-b59e-89dce177bb17/build]   | [INFO] Downloaded from central: https://repo.maven.apache.org/maven2/org/codehaus/plexus/plexus-container-default/1.0-alpha-9-stable-1/plexus-container-default-1.0-alpha-9-stable-1.pom (3.9 kB at 247 kB/s)
[b7acd5f5-7c56-49f3-b59e-89dce177bb17/build]   | [INFO] Downloading from central: https://repo.maven.apache.org/maven2/junit/junit/3.8.1/junit-3.8.1.pom
[b7acd5f5-7c56-49f3-b59e-89dce177bb17/build]   | [INFO] Downloaded from central: https://repo.maven.apache.org/maven2/junit/junit/3.8.1/junit-3.8.1.pom (998 B at 59 kB/s)
[b7acd5f5-7c56-49f3-b59e-89dce177bb17/build]   | [INFO] Downloading from central: https://repo.maven.apache.org/maven2/org/apache/maven/maven-profile/2.0.6/maven-profile-2.0.6.pom
[b7acd5f5-7c56-49f3-b59e-89dce177bb17/build]   | [INFO] Downloaded from central: https://repo.maven.apache.org/maven2/org/apache/maven/maven-profile/2.0.6/maven-profile-2.0.6.pom (2.0 kB at 94 kB/s)
[b7acd5f5-7c56-49f3-b59e-89dce177bb17/build]   | [INFO] Downloading from central: https://repo.maven.apache.org/maven2/org/apache/maven/maven-artifact-manager/2.0.6/maven-artifact-manager-2.0.6.pom
[b7acd5f5-7c56-49f3-b59e-89dce177bb17/build]   | [INFO] Downloaded from central: https://repo.maven.apache.org/maven2/org/apache/maven/maven-artifact-manager/2.0.6/maven-artifact-manager-2.0.6.pom (2.6 kB at 79 kB/s)
[b7acd5f5-7c56-49f3-b59e-89dce177bb17/build]   | [INFO] Downloading from central: https://repo.maven.apache.org/maven2/org/apache/maven/maven-repository-metadata/2.0.6/maven-repository-metadata-2.0.6.pom
[b7acd5f5-7c56-49f3-b59e-89dce177bb17/build]   | [INFO] Downloaded from central: https://repo.maven.apache.org/maven2/org/apache/maven/maven-repository-metadata/2.0.6/maven-repository-metadata-2.0.6.pom (1.9 kB at 132 kB/s)
[b7acd5f5-7c56-49f3-b59e-89dce177bb17/build]   | [INFO] Downloading from central: https://repo.maven.apache.org/maven2/org/apache/maven/maven-artifact/2.0.6/maven-artifact-2.0.6.pom
[b7acd5f5-7c56-49f3-b59e-89dce177bb17/build]   | [INFO] Downloaded from central: https://repo.maven.apache.org/maven2/org/apache/maven/maven-artifact/2.0.6/maven-artifact-2.0.6.pom (1.6 kB at 99 kB/s)
[b7acd5f5-7c56-49f3-b59e-89dce177bb17/build]   | [INFO] Downloading from central: https://repo.maven.apache.org/maven2/org/apache/maven/maven-plugin-registry/2.0.6/maven-plugin-registry-2.0.6.pom
[b7acd5f5-7c56-49f3-b59e-89dce177bb17/build]   | [INFO] Downloaded from central: https://repo.maven.apache.org/maven2/org/apache/maven/maven-plugin-registry/2.0.6/maven-plugin-registry-2.0.6.pom (1.9 kB at 81 kB/s)
[b7acd5f5-7c56-49f3-b59e-89dce177bb17/build]   | [INFO] Downloading from central: https://repo.maven.apache.org/maven2/org/apache/maven/maven-core/2.0.6/maven-core-2.0.6.pom
[b7acd5f5-7c56-49f3-b59e-89dce177bb17/build]   | [INFO] Downloaded from central: https://repo.maven.apache.org/maven2/org/apache/maven/maven-core/2.0.6/maven-core-2.0.6.pom (6.7 kB at 479 kB/s)
[b7acd5f5-7c56-49f3-b59e-89dce177bb17/build]   | [INFO] Downloading from central: https://repo.maven.apache.org/maven2/org/apache/maven/maven-plugin-parameter-documenter/2.0.6/maven-plugin-parameter-documenter-2.0.6.pom
[b7acd5f5-7c56-49f3-b59e-89dce177bb17/build]   | [INFO] Downloaded from central: https://repo.maven.apache.org/maven2/org/apache/maven/maven-plugin-parameter-documenter/2.0.6/maven-plugin-parameter-documenter-2.0.6.pom (1.9 kB at 83 kB/s)
[b7acd5f5-7c56-49f3-b59e-89dce177bb17/build]   | [INFO] Downloading from central: https://repo.maven.apache.org/maven2/org/apache/maven/reporting/maven-reporting-api/2.0.6/maven-reporting-api-2.0.6.pom
[b7acd5f5-7c56-49f3-b59e-89dce177bb17/build]   | [INFO] Downloaded from central: https://repo.maven.apache.org/maven2/org/apache/maven/reporting/maven-reporting-api/2.0.6/maven-reporting-api-2.0.6.pom (1.8 kB at 97 kB/s)
[b7acd5f5-7c56-49f3-b59e-89dce177bb17/build]   | [INFO] Downloading from central: https://repo.maven.apache.org/maven2/org/apache/maven/reporting/maven-reporting/2.0.6/maven-reporting-2.0.6.pom
[b7acd5f5-7c56-49f3-b59e-89dce177bb17/build]   | [INFO] Downloaded from central: https://repo.maven.apache.org/maven2/org/apache/maven/reporting/maven-reporting/2.0.6/maven-reporting-2.0.6.pom (1.4 kB at 51 kB/s)
[b7acd5f5-7c56-49f3-b59e-89dce177bb17/build]   | [INFO] Downloading from central: https://repo.maven.apache.org/maven2/org/apache/maven/doxia/doxia-sink-api/1.0-alpha-7/doxia-sink-api-1.0-alpha-7.pom
[b7acd5f5-7c56-49f3-b59e-89dce177bb17/build]   | [INFO] Downloaded from central: https://repo.maven.apache.org/maven2/org/apache/maven/doxia/doxia-sink-api/1.0-alpha-7/doxia-sink-api-1.0-alpha-7.pom (424 B at 20 kB/s)
[b7acd5f5-7c56-49f3-b59e-89dce177bb17/build]   | [INFO] Downloading from central: https://repo.maven.apache.org/maven2/org/apache/maven/doxia/doxia/1.0-alpha-7/doxia-1.0-alpha-7.pom
[b7acd5f5-7c56-49f3-b59e-89dce177bb17/build]   | [INFO] Downloaded from central: https://repo.maven.apache.org/maven2/org/apache/maven/doxia/doxia/1.0-alpha-7/doxia-1.0-alpha-7.pom (3.9 kB at 186 kB/s)
[b7acd5f5-7c56-49f3-b59e-89dce177bb17/build]   | [INFO] Downloading from central: https://repo.maven.apache.org/maven2/org/apache/maven/maven-error-diagnostics/2.0.6/maven-error-diagnostics-2.0.6.pom
[b7acd5f5-7c56-49f3-b59e-89dce177bb17/build]   | [INFO] Downloaded from central: https://repo.maven.apache.org/maven2/org/apache/maven/maven-error-diagnostics/2.0.6/maven-error-diagnostics-2.0.6.pom (1.7 kB at 106 kB/s)
[b7acd5f5-7c56-49f3-b59e-89dce177bb17/build]   | [INFO] Downloading from central: https://repo.maven.apache.org/maven2/commons-cli/commons-cli/1.0/commons-cli-1.0.pom
[b7acd5f5-7c56-49f3-b59e-89dce177bb17/build]   | [INFO] Downloaded from central: https://repo.maven.apache.org/maven2/commons-cli/commons-cli/1.0/commons-cli-1.0.pom (2.1 kB at 111 kB/s)
[b7acd5f5-7c56-49f3-b59e-89dce177bb17/build]   | [INFO] Downloading from central: https://repo.maven.apache.org/maven2/org/apache/maven/maven-plugin-descriptor/2.0.6/maven-plugin-descriptor-2.0.6.pom
[b7acd5f5-7c56-49f3-b59e-89dce177bb17/build]   | [INFO] Downloaded from central: https://repo.maven.apache.org/maven2/org/apache/maven/maven-plugin-descriptor/2.0.6/maven-plugin-descriptor-2.0.6.pom (2.0 kB at 101 kB/s)
[b7acd5f5-7c56-49f3-b59e-89dce177bb17/build]   | [INFO] Downloading from central: https://repo.maven.apache.org/maven2/org/codehaus/plexus/plexus-interactivity-api/1.0-alpha-4/plexus-interactivity-api-1.0-alpha-4.pom
[b7acd5f5-7c56-49f3-b59e-89dce177bb17/build]   | [INFO] Downloaded from central: https://repo.maven.apache.org/maven2/org/codehaus/plexus/plexus-interactivity-api/1.0-alpha-4/plexus-interactivity-api-1.0-alpha-4.pom (7.1 kB at 236 kB/s)
[b7acd5f5-7c56-49f3-b59e-89dce177bb17/build]   | [INFO] Downloading from central: https://repo.maven.apache.org/maven2/org/apache/maven/maven-monitor/2.0.6/maven-monitor-2.0.6.pom
[b7acd5f5-7c56-49f3-b59e-89dce177bb17/build]   | [INFO] Downloaded from central: https://repo.maven.apache.org/maven2/org/apache/maven/maven-monitor/2.0.6/maven-monitor-2.0.6.pom (1.3 kB at 35 kB/s)
[b7acd5f5-7c56-49f3-b59e-89dce177bb17/build]   | [INFO] Downloading from central: https://repo.maven.apache.org/maven2/classworlds/classworlds/1.1/classworlds-1.1.pom
[b7acd5f5-7c56-49f3-b59e-89dce177bb17/build]   | [INFO] Downloaded from central: https://repo.maven.apache.org/maven2/classworlds/classworlds/1.1/classworlds-1.1.pom (3.3 kB at 133 kB/s)
[b7acd5f5-7c56-49f3-b59e-89dce177bb17/build]   | [INFO] Downloading from central: https://repo.maven.apache.org/maven2/org/codehaus/plexus/plexus-utils/2.0.5/plexus-utils-2.0.5.pom
[b7acd5f5-7c56-49f3-b59e-89dce177bb17/build]   | [INFO] Downloaded from central: https://repo.maven.apache.org/maven2/org/codehaus/plexus/plexus-utils/2.0.5/plexus-utils-2.0.5.pom (3.3 kB at 111 kB/s)
[b7acd5f5-7c56-49f3-b59e-89dce177bb17/build]   | [INFO] Downloading from central: https://repo.maven.apache.org/maven2/org/codehaus/plexus/plexus/2.0.6/plexus-2.0.6.pom
[b7acd5f5-7c56-49f3-b59e-89dce177bb17/build]   | [INFO] Downloaded from central: https://repo.maven.apache.org/maven2/org/codehaus/plexus/plexus/2.0.6/plexus-2.0.6.pom (17 kB at 599 kB/s)
[b7acd5f5-7c56-49f3-b59e-89dce177bb17/build]   | [INFO] Downloading from central: https://repo.maven.apache.org/maven2/org/apache/maven/shared/maven-filtering/1.1/maven-filtering-1.1.pom
[b7acd5f5-7c56-49f3-b59e-89dce177bb17/build]   | [INFO] Downloaded from central: https://repo.maven.apache.org/maven2/org/apache/maven/shared/maven-filtering/1.1/maven-filtering-1.1.pom (5.8 kB at 263 kB/s)
[b7acd5f5-7c56-49f3-b59e-89dce177bb17/build]   | [INFO] Downloading from central: https://repo.maven.apache.org/maven2/org/apache/maven/shared/maven-shared-components/17/maven-shared-components-17.pom
[b7acd5f5-7c56-49f3-b59e-89dce177bb17/build]   | [INFO] Downloaded from central: https://repo.maven.apache.org/maven2/org/apache/maven/shared/maven-shared-components/17/maven-shared-components-17.pom (8.7 kB at 414 kB/s)
[b7acd5f5-7c56-49f3-b59e-89dce177bb17/build]   | [INFO] Downloading from central: https://repo.maven.apache.org/maven2/org/codehaus/plexus/plexus-utils/1.5.15/plexus-utils-1.5.15.pom
[b7acd5f5-7c56-49f3-b59e-89dce177bb17/build]   | [INFO] Downloaded from central: https://repo.maven.apache.org/maven2/org/codehaus/plexus/plexus-utils/1.5.15/plexus-utils-1.5.15.pom (6.8 kB at 228 kB/s)
[b7acd5f5-7c56-49f3-b59e-89dce177bb17/build]   | [INFO] Downloading from central: https://repo.maven.apache.org/maven2/org/codehaus/plexus/plexus/2.0.2/plexus-2.0.2.pom
[b7acd5f5-7c56-49f3-b59e-89dce177bb17/build]   | [INFO] Downloaded from central: https://repo.maven.apache.org/maven2/org/codehaus/plexus/plexus/2.0.2/plexus-2.0.2.pom (12 kB at 176 kB/s)
[b7acd5f5-7c56-49f3-b59e-89dce177bb17/build]   | [INFO] Downloading from central: https://repo.maven.apache.org/maven2/org/codehaus/plexus/plexus-interpolation/1.12/plexus-interpolation-1.12.pom
[b7acd5f5-7c56-49f3-b59e-89dce177bb17/build]   | [INFO] Downloaded from central: https://repo.maven.apache.org/maven2/org/codehaus/plexus/plexus-interpolation/1.12/plexus-interpolation-1.12.pom (889 B at 24 kB/s)
[b7acd5f5-7c56-49f3-b59e-89dce177bb17/build]   | [INFO] Downloading from central: https://repo.maven.apache.org/maven2/org/codehaus/plexus/plexus-components/1.1.14/plexus-components-1.1.14.pom
[b7acd5f5-7c56-49f3-b59e-89dce177bb17/build]   | [INFO] Downloaded from central: https://repo.maven.apache.org/maven2/org/codehaus/plexus/plexus-components/1.1.14/plexus-components-1.1.14.pom (5.8 kB at 195 kB/s)
[b7acd5f5-7c56-49f3-b59e-89dce177bb17/build]   | [INFO] Downloading from central: https://repo.maven.apache.org/maven2/org/sonatype/plexus/plexus-build-api/0.0.4/plexus-build-api-0.0.4.pom
[b7acd5f5-7c56-49f3-b59e-89dce177bb17/build]   | [INFO] Downloaded from central: https://repo.maven.apache.org/maven2/org/sonatype/plexus/plexus-build-api/0.0.4/plexus-build-api-0.0.4.pom (2.9 kB at 77 kB/s)
[b7acd5f5-7c56-49f3-b59e-89dce177bb17/build]   | [INFO] Downloading from central: https://repo.maven.apache.org/maven2/org/sonatype/spice/spice-parent/10/spice-parent-10.pom
[b7acd5f5-7c56-49f3-b59e-89dce177bb17/build]   | [INFO] Downloaded from central: https://repo.maven.apache.org/maven2/org/sonatype/spice/spice-parent/10/spice-parent-10.pom (3.0 kB at 89 kB/s)
[b7acd5f5-7c56-49f3-b59e-89dce177bb17/build]   | [INFO] Downloading from central: https://repo.maven.apache.org/maven2/org/sonatype/forge/forge-parent/3/forge-parent-3.pom
[b7acd5f5-7c56-49f3-b59e-89dce177bb17/build]   | [INFO] Downloaded from central: https://repo.maven.apache.org/maven2/org/sonatype/forge/forge-parent/3/forge-parent-3.pom (5.0 kB at 174 kB/s)
[b7acd5f5-7c56-49f3-b59e-89dce177bb17/build]   | [INFO] Downloading from central: https://repo.maven.apache.org/maven2/org/codehaus/plexus/plexus-utils/1.5.8/plexus-utils-1.5.8.pom
[b7acd5f5-7c56-49f3-b59e-89dce177bb17/build]   | [INFO] Downloaded from central: https://repo.maven.apache.org/maven2/org/codehaus/plexus/plexus-utils/1.5.8/plexus-utils-1.5.8.pom (8.1 kB at 244 kB/s)
[b7acd5f5-7c56-49f3-b59e-89dce177bb17/build]   | [INFO] Downloading from central: https://repo.maven.apache.org/maven2/org/codehaus/plexus/plexus-interpolation/1.13/plexus-interpolation-1.13.pom
[b7acd5f5-7c56-49f3-b59e-89dce177bb17/build]   | [INFO] Downloaded from central: https://repo.maven.apache.org/maven2/org/codehaus/plexus/plexus-interpolation/1.13/plexus-interpolation-1.13.pom (890 B at 25 kB/s)
[b7acd5f5-7c56-49f3-b59e-89dce177bb17/build]   | [INFO] Downloading from central: https://repo.maven.apache.org/maven2/org/codehaus/plexus/plexus-components/1.1.15/plexus-components-1.1.15.pom
[b7acd5f5-7c56-49f3-b59e-89dce177bb17/build]   | [INFO] Downloaded from central: https://repo.maven.apache.org/maven2/org/codehaus/plexus/plexus-components/1.1.15/plexus-components-1.1.15.pom (2.8 kB at 50 kB/s)
[b7acd5f5-7c56-49f3-b59e-89dce177bb17/build]   | [INFO] Downloading from central: https://repo.maven.apache.org/maven2/org/codehaus/plexus/plexus/2.0.3/plexus-2.0.3.pom
[b7acd5f5-7c56-49f3-b59e-89dce177bb17/build]   | [INFO] Downloaded from central: https://repo.maven.apache.org/maven2/org/codehaus/plexus/plexus/2.0.3/plexus-2.0.3.pom (15 kB at 316 kB/s)
[b7acd5f5-7c56-49f3-b59e-89dce177bb17/build]   | [INFO] Downloading from central: https://repo.maven.apache.org/maven2/org/apache/maven/maven-project/2.0.6/maven-project-2.0.6.jar
[b7acd5f5-7c56-49f3-b59e-89dce177bb17/build]   | [INFO] Downloading from central: https://repo.maven.apache.org/maven2/org/apache/maven/maven-profile/2.0.6/maven-profile-2.0.6.jar
[b7acd5f5-7c56-49f3-b59e-89dce177bb17/build]   | [INFO] Downloading from central: https://repo.maven.apache.org/maven2/org/apache/maven/maven-artifact-manager/2.0.6/maven-artifact-manager-2.0.6.jar
[b7acd5f5-7c56-49f3-b59e-89dce177bb17/build]   | [INFO] Downloading from central: https://repo.maven.apache.org/maven2/org/apache/maven/maven-plugin-registry/2.0.6/maven-plugin-registry-2.0.6.jar
[b7acd5f5-7c56-49f3-b59e-89dce177bb17/build]   | [INFO] Downloading from central: https://repo.maven.apache.org/maven2/org/apache/maven/maven-core/2.0.6/maven-core-2.0.6.jar
[b7acd5f5-7c56-49f3-b59e-89dce177bb17/build]   | [INFO] Downloaded from central: https://repo.maven.apache.org/maven2/org/apache/maven/maven-profile/2.0.6/maven-profile-2.0.6.jar (35 kB at 430 kB/s)
[b7acd5f5-7c56-49f3-b59e-89dce177bb17/build]   | [INFO] Downloading from central: https://repo.maven.apache.org/maven2/org/apache/maven/maven-plugin-parameter-documenter/2.0.6/maven-plugin-parameter-documenter-2.0.6.jar
[b7acd5f5-7c56-49f3-b59e-89dce177bb17/build]   | [INFO] Downloaded from central: https://repo.maven.apache.org/maven2/org/apache/maven/maven-project/2.0.6/maven-project-2.0.6.jar (116 kB at 1.4 MB/s)
[b7acd5f5-7c56-49f3-b59e-89dce177bb17/build]   | [INFO] Downloaded from central: https://repo.maven.apache.org/maven2/org/apache/maven/maven-artifact-manager/2.0.6/maven-artifact-manager-2.0.6.jar (57 kB at 689 kB/s)
[b7acd5f5-7c56-49f3-b59e-89dce177bb17/build]   | [INFO] Downloading from central: https://repo.maven.apache.org/maven2/org/apache/maven/doxia/doxia-sink-api/1.0-alpha-7/doxia-sink-api-1.0-alpha-7.jar
[b7acd5f5-7c56-49f3-b59e-89dce177bb17/build]   | [INFO] Downloading from central: https://repo.maven.apache.org/maven2/org/apache/maven/reporting/maven-reporting-api/2.0.6/maven-reporting-api-2.0.6.jar
[b7acd5f5-7c56-49f3-b59e-89dce177bb17/build]   | [INFO] Downloaded from central: https://repo.maven.apache.org/maven2/org/apache/maven/maven-core/2.0.6/maven-core-2.0.6.jar (152 kB at 1.6 MB/s)
[b7acd5f5-7c56-49f3-b59e-89dce177bb17/build]   | [INFO] Downloading from central: https://repo.maven.apache.org/maven2/org/apache/maven/maven-repository-metadata/2.0.6/maven-repository-metadata-2.0.6.jar
[b7acd5f5-7c56-49f3-b59e-89dce177bb17/build]   | [INFO] Downloaded from central: https://repo.maven.apache.org/maven2/org/apache/maven/maven-plugin-registry/2.0.6/maven-plugin-registry-2.0.6.jar (29 kB at 301 kB/s)
[b7acd5f5-7c56-49f3-b59e-89dce177bb17/build]   | [INFO] Downloading from central: https://repo.maven.apache.org/maven2/org/apache/maven/maven-error-diagnostics/2.0.6/maven-error-diagnostics-2.0.6.jar
[b7acd5f5-7c56-49f3-b59e-89dce177bb17/build]   | [INFO] Downloaded from central: https://repo.maven.apache.org/maven2/org/apache/maven/maven-plugin-parameter-documenter/2.0.6/maven-plugin-parameter-documenter-2.0.6.jar (21 kB at 200 kB/s)
[b7acd5f5-7c56-49f3-b59e-89dce177bb17/build]   | [INFO] Downloading from central: https://repo.maven.apache.org/maven2/commons-cli/commons-cli/1.0/commons-cli-1.0.jar
[b7acd5f5-7c56-49f3-b59e-89dce177bb17/build]   | [INFO] Downloaded from central: https://repo.maven.apache.org/maven2/org/apache/maven/reporting/maven-reporting-api/2.0.6/maven-reporting-api-2.0.6.jar (9.9 kB at 92 kB/s)
[b7acd5f5-7c56-49f3-b59e-89dce177bb17/build]   | [INFO] Downloading from central: https://repo.maven.apache.org/maven2/org/apache/maven/maven-plugin-descriptor/2.0.6/maven-plugin-descriptor-2.0.6.jar
[b7acd5f5-7c56-49f3-b59e-89dce177bb17/build]   | [INFO] Downloaded from central: https://repo.maven.apache.org/maven2/org/apache/maven/doxia/doxia-sink-api/1.0-alpha-7/doxia-sink-api-1.0-alpha-7.jar (5.9 kB at 53 kB/s)
[b7acd5f5-7c56-49f3-b59e-89dce177bb17/build]   | [INFO] Downloading from central: https://repo.maven.apache.org/maven2/org/codehaus/plexus/plexus-interactivity-api/1.0-alpha-4/plexus-interactivity-api-1.0-alpha-4.jar
[b7acd5f5-7c56-49f3-b59e-89dce177bb17/build]   | [INFO] Downloaded from central: https://repo.maven.apache.org/maven2/org/apache/maven/maven-error-diagnostics/2.0.6/maven-error-diagnostics-2.0.6.jar (14 kB at 115 kB/s)
[b7acd5f5-7c56-49f3-b59e-89dce177bb17/build]   | [INFO] Downloading from central: https://repo.maven.apache.org/maven2/classworlds/classworlds/1.1/classworlds-1.1.jar
[b7acd5f5-7c56-49f3-b59e-89dce177bb17/build]   | [INFO] Downloaded from central: https://repo.maven.apache.org/maven2/org/apache/maven/maven-repository-metadata/2.0.6/maven-repository-metadata-2.0.6.jar (24 kB at 199 kB/s)
[b7acd5f5-7c56-49f3-b59e-89dce177bb17/build]   | [INFO] Downloading from central: https://repo.maven.apache.org/maven2/org/apache/maven/maven-artifact/2.0.6/maven-artifact-2.0.6.jar
[b7acd5f5-7c56-49f3-b59e-89dce177bb17/build]   | [INFO] Downloaded from central: https://repo.maven.apache.org/maven2/commons-cli/commons-cli/1.0/commons-cli-1.0.jar (30 kB at 223 kB/s)
[b7acd5f5-7c56-49f3-b59e-89dce177bb17/build]   | [INFO] Downloading from central: https://repo.maven.apache.org/maven2/org/apache/maven/maven-settings/2.0.6/maven-settings-2.0.6.jar
[b7acd5f5-7c56-49f3-b59e-89dce177bb17/build]   | [INFO] Downloaded from central: https://repo.maven.apache.org/maven2/org/apache/maven/maven-plugin-descriptor/2.0.6/maven-plugin-descriptor-2.0.6.jar (37 kB at 271 kB/s)
[b7acd5f5-7c56-49f3-b59e-89dce177bb17/build]   | [INFO] Downloading from central: https://repo.maven.apache.org/maven2/org/apache/maven/maven-model/2.0.6/maven-model-2.0.6.jar
[b7acd5f5-7c56-49f3-b59e-89dce177bb17/build]   | [INFO] Downloaded from central: https://repo.maven.apache.org/maven2/org/codehaus/plexus/plexus-interactivity-api/1.0-alpha-4/plexus-interactivity-api-1.0-alpha-4.jar (13 kB at 94 kB/s)
[b7acd5f5-7c56-49f3-b59e-89dce177bb17/build]   | [INFO] Downloading from central: https://repo.maven.apache.org/maven2/org/apache/maven/maven-monitor/2.0.6/maven-monitor-2.0.6.jar
[b7acd5f5-7c56-49f3-b59e-89dce177bb17/build]   | [INFO] Downloaded from central: https://repo.maven.apache.org/maven2/classworlds/classworlds/1.1/classworlds-1.1.jar (38 kB at 247 kB/s)
[b7acd5f5-7c56-49f3-b59e-89dce177bb17/build]   | [INFO] Downloading from central: https://repo.maven.apache.org/maven2/org/codehaus/plexus/plexus-container-default/1.0-alpha-9-stable-1/plexus-container-default-1.0-alpha-9-stable-1.jar
[b7acd5f5-7c56-49f3-b59e-89dce177bb17/build]   | [INFO] Downloaded from central: https://repo.maven.apache.org/maven2/org/apache/maven/maven-artifact/2.0.6/maven-artifact-2.0.6.jar (87 kB at 543 kB/s)
[b7acd5f5-7c56-49f3-b59e-89dce177bb17/build]   | [INFO] Downloading from central: https://repo.maven.apache.org/maven2/junit/junit/3.8.1/junit-3.8.1.jar
[b7acd5f5-7c56-49f3-b59e-89dce177bb17/build]   | [INFO] Downloaded from central: https://repo.maven.apache.org/maven2/org/apache/maven/maven-settings/2.0.6/maven-settings-2.0.6.jar (49 kB at 299 kB/s)
[b7acd5f5-7c56-49f3-b59e-89dce177bb17/build]   | [INFO] Downloading from central: https://repo.maven.apache.org/maven2/org/codehaus/plexus/plexus-utils/2.0.5/plexus-utils-2.0.5.jar
[b7acd5f5-7c56-49f3-b59e-89dce177bb17/build]   | [INFO] Downloaded from central: https://repo.maven.apache.org/maven2/org/apache/maven/maven-model/2.0.6/maven-model-2.0.6.jar (86 kB at 494 kB/s)
[b7acd5f5-7c56-49f3-b59e-89dce177bb17/build]   | [INFO] Downloading from central: https://repo.maven.apache.org/maven2/org/apache/maven/shared/maven-filtering/1.1/maven-filtering-1.1.jar
[b7acd5f5-7c56-49f3-b59e-89dce177bb17/build]   | [INFO] Downloaded from central: https://repo.maven.apache.org/maven2/org/apache/maven/maven-monitor/2.0.6/maven-monitor-2.0.6.jar (10 kB at 59 kB/s)
[b7acd5f5-7c56-49f3-b59e-89dce177bb17/build]   | [INFO] Downloading from central: https://repo.maven.apache.org/maven2/org/sonatype/plexus/plexus-build-api/0.0.4/plexus-build-api-0.0.4.jar
[b7acd5f5-7c56-49f3-b59e-89dce177bb17/build]   | [INFO] Downloaded from central: https://repo.maven.apache.org/maven2/org/codehaus/plexus/plexus-container-default/1.0-alpha-9-stable-1/plexus-container-default-1.0-alpha-9-stable-1.jar (194 kB at 1.0 MB/s)
[b7acd5f5-7c56-49f3-b59e-89dce177bb17/build]   | [INFO] Downloading from central: https://repo.maven.apache.org/maven2/org/codehaus/plexus/plexus-interpolation/1.13/plexus-interpolation-1.13.jar
[b7acd5f5-7c56-49f3-b59e-89dce177bb17/build]   | [INFO] Downloaded from central: https://repo.maven.apache.org/maven2/junit/junit/3.8.1/junit-3.8.1.jar (121 kB at 602 kB/s)
[b7acd5f5-7c56-49f3-b59e-89dce177bb17/build]   | [INFO] Downloaded from central: https://repo.maven.apache.org/maven2/org/codehaus/plexus/plexus-utils/2.0.5/plexus-utils-2.0.5.jar (223 kB at 1.1 MB/s)
[b7acd5f5-7c56-49f3-b59e-89dce177bb17/build]   | [INFO] Downloaded from central: https://repo.maven.apache.org/maven2/org/sonatype/plexus/plexus-build-api/0.0.4/plexus-build-api-0.0.4.jar (6.8 kB at 32 kB/s)
[b7acd5f5-7c56-49f3-b59e-89dce177bb17/build]   | [INFO] Downloaded from central: https://repo.maven.apache.org/maven2/org/apache/maven/shared/maven-filtering/1.1/maven-filtering-1.1.jar (43 kB at 203 kB/s)
[b7acd5f5-7c56-49f3-b59e-89dce177bb17/build]   | [INFO] Downloaded from central: https://repo.maven.apache.org/maven2/org/codehaus/plexus/plexus-interpolation/1.13/plexus-interpolation-1.13.jar (61 kB at 278 kB/s)
[b7acd5f5-7c56-49f3-b59e-89dce177bb17/build]   | [INFO] Using 'UTF-8' encoding to copy filtered resources.
[b7acd5f5-7c56-49f3-b59e-89dce177bb17/build]   | [INFO] skip non existing resourceDirectory /tmp/431117c4-a8a4-462d-b4ef-9b283d6b2f87/src/main/resources
[b7acd5f5-7c56-49f3-b59e-89dce177bb17/build]   | [INFO] 
[b7acd5f5-7c56-49f3-b59e-89dce177bb17/build]   | [INFO] --- maven-compiler-plugin:3.11.0:compile (default-compile) @ configme ---
[b7acd5f5-7c56-49f3-b59e-89dce177bb17/build]   | [INFO] Downloading from central: https://repo.maven.apache.org/maven2/org/apache/maven/shared/maven-shared-utils/3.3.4/maven-shared-utils-3.3.4.pom
[b7acd5f5-7c56-49f3-b59e-89dce177bb17/build]   | [INFO] Downloaded from central: https://repo.maven.apache.org/maven2/org/apache/maven/shared/maven-shared-utils/3.3.4/maven-shared-utils-3.3.4.pom (5.8 kB at 139 kB/s)
[b7acd5f5-7c56-49f3-b59e-89dce177bb17/build]   | [INFO] Downloading from central: https://repo.maven.apache.org/maven2/org/apache/maven/shared/maven-shared-components/34/maven-shared-components-34.pom
[b7acd5f5-7c56-49f3-b59e-89dce177bb17/build]   | [INFO] Downloaded from central: https://repo.maven.apache.org/maven2/org/apache/maven/shared/maven-shared-components/34/maven-shared-components-34.pom (5.1 kB at 159 kB/s)
[b7acd5f5-7c56-49f3-b59e-89dce177bb17/build]   | [INFO] Downloading from central: https://repo.maven.apache.org/maven2/org/apache/maven/maven-parent/34/maven-parent-34.pom
[b7acd5f5-7c56-49f3-b59e-89dce177bb17/build]   | [INFO] Downloaded from central: https://repo.maven.apache.org/maven2/org/apache/maven/maven-parent/34/maven-parent-34.pom (43 kB at 1.0 MB/s)
[b7acd5f5-7c56-49f3-b59e-89dce177bb17/build]   | [INFO] Downloading from central: https://repo.maven.apache.org/maven2/org/apache/apache/23/apache-23.pom
[b7acd5f5-7c56-49f3-b59e-89dce177bb17/build]   | [INFO] Downloaded from central: https://repo.maven.apache.org/maven2/org/apache/apache/23/apache-23.pom (18 kB at 428 kB/s)
[b7acd5f5-7c56-49f3-b59e-89dce177bb17/build]   | [INFO] Downloading from central: https://repo.maven.apache.org/maven2/commons-io/commons-io/2.6/commons-io-2.6.pom
[b7acd5f5-7c56-49f3-b59e-89dce177bb17/build]   | [INFO] Downloaded from central: https://repo.maven.apache.org/maven2/commons-io/commons-io/2.6/commons-io-2.6.pom (14 kB at 324 kB/s)
[b7acd5f5-7c56-49f3-b59e-89dce177bb17/build]   | [INFO] Downloading from central: https://repo.maven.apache.org/maven2/org/apache/commons/commons-parent/42/commons-parent-42.pom
[b7acd5f5-7c56-49f3-b59e-89dce177bb17/build]   | [INFO] Downloaded from central: https://repo.maven.apache.org/maven2/org/apache/commons/commons-parent/42/commons-parent-42.pom (68 kB at 1.5 MB/s)
[b7acd5f5-7c56-49f3-b59e-89dce177bb17/build]   | [INFO] Downloading from central: https://repo.maven.apache.org/maven2/org/apache/apache/18/apache-18.pom
[b7acd5f5-7c56-49f3-b59e-89dce177bb17/build]   | [INFO] Downloaded from central: https://repo.maven.apache.org/maven2/org/apache/apache/18/apache-18.pom (16 kB at 348 kB/s)
[b7acd5f5-7c56-49f3-b59e-89dce177bb17/build]   | [INFO] Downloading from central: https://repo.maven.apache.org/maven2/org/apache/maven/shared/maven-shared-incremental/1.1/maven-shared-incremental-1.1.pom
[b7acd5f5-7c56-49f3-b59e-89dce177bb17/build]   | [INFO] Downloaded from central: https://repo.maven.apache.org/maven2/org/apache/maven/shared/maven-shared-incremental/1.1/maven-shared-incremental-1.1.pom (4.7 kB at 110 kB/s)
[b7acd5f5-7c56-49f3-b59e-89dce177bb17/build]   | [INFO] Downloading from central: https://repo.maven.apache.org/maven2/org/apache/maven/shared/maven-shared-components/19/maven-shared-components-19.pom
[b7acd5f5-7c56-49f3-b59e-89dce177bb17/build]   | [INFO] Downloaded from central: https://repo.maven.apache.org/maven2/org/apache/maven/shared/maven-shared-components/19/maven-shared-components-19.pom (6.4 kB at 61 kB/s)
[b7acd5f5-7c56-49f3-b59e-89dce177bb17/build]   | [INFO] Downloading from central: https://repo.maven.apache.org/maven2/org/apache/maven/maven-parent/23/maven-parent-23.pom
[b7acd5f5-7c56-49f3-b59e-89dce177bb17/build]   | [INFO] Downloaded from central: https://repo.maven.apache.org/maven2/org/apache/maven/maven-parent/23/maven-parent-23.pom (33 kB at 708 kB/s)
[b7acd5f5-7c56-49f3-b59e-89dce177bb17/build]   | [INFO] Downloading from central: https://repo.maven.apache.org/maven2/org/apache/apache/13/apache-13.pom
[b7acd5f5-7c56-49f3-b59e-89dce177bb17/build]   | [INFO] Downloaded from central: https://repo.maven.apache.org/maven2/org/apache/apache/13/apache-13.pom (14 kB at 279 kB/s)
[b7acd5f5-7c56-49f3-b59e-89dce177bb17/build]   | [INFO] Downloading from central: https://repo.maven.apache.org/maven2/org/codehaus/plexus/plexus-component-annotations/1.5.5/plexus-component-annotations-1.5.5.pom
[b7acd5f5-7c56-49f3-b59e-89dce177bb17/build]   | [INFO] Downloaded from central: https://repo.maven.apache.org/maven2/org/codehaus/plexus/plexus-component-annotations/1.5.5/plexus-component-annotations-1.5.5.pom (815 B at 20 kB/s)
[b7acd5f5-7c56-49f3-b59e-89dce177bb17/build]   | [INFO] Downloading from central: https://repo.maven.apache.org/maven2/org/codehaus/plexus/plexus-containers/1.5.5/plexus-containers-1.5.5.pom
[b7acd5f5-7c56-49f3-b59e-89dce177bb17/build]   | [INFO] Downloaded from central: https://repo.maven.apache.org/maven2/org/codehaus/plexus/plexus-containers/1.5.5/plexus-containers-1.5.5.pom (4.2 kB at 87 kB/s)
[b7acd5f5-7c56-49f3-b59e-89dce177bb17/build]   | [INFO] Downloading from central: https://repo.maven.apache.org/maven2/org/codehaus/plexus/plexus/2.0.7/plexus-2.0.7.pom
[b7acd5f5-7c56-49f3-b59e-89dce177bb17/build]   | [INFO] Downloaded from central: https://repo.maven.apache.org/maven2/org/codehaus/plexus/plexus/2.0.7/plexus-2.0.7.pom (17 kB at 154 kB/s)
[b7acd5f5-7c56-49f3-b59e-89dce177bb17/build]   | [INFO] Downloading from central: https://repo.maven.apache.org/maven2/org/codehaus/plexus/plexus-java/1.1.2/plexus-java-1.1.2.pom
[b7acd5f5-7c56-49f3-b59e-89dce177bb17/build]   | [INFO] Downloaded from central: https://repo.maven.apache.org/maven2/org/codehaus/plexus/plexus-java/1.1.2/plexus-java-1.1.2.pom (5.0 kB at 142 kB/s)
[b7acd5f5-7c56-49f3-b59e-89dce177bb17/build]   | [INFO] Downloading from central: https://repo.maven.apache.org/maven2/org/codehaus/plexus/plexus-languages/1.1.2/plexus-languages-1.1.2.pom
[b7acd5f5-7c56-49f3-b59e-89dce177bb17/build]   | [INFO] Downloaded from central: https://repo.maven.apache.org/maven2/org/codehaus/plexus/plexus-languages/1.1.2/plexus-languages-1.1.2.pom (4.1 kB at 153 kB/s)
[b7acd5f5-7c56-49f3-b59e-89dce177bb17/build]   | [INFO] Downloading from central: https://repo.maven.apache.org/maven2/org/codehaus/plexus/plexus/10/plexus-10.pom
[b7acd5f5-7c56-49f3-b59e-89dce177bb17/build]   | [INFO] Downloaded from central: https://repo.maven.apache.org/maven2/org/codehaus/plexus/plexus/10/plexus-10.pom (25 kB at 668 kB/s)
[b7acd5f5-7c56-49f3-b59e-89dce177bb17/build]   | [INFO] Downloading from central: https://repo.maven.apache.org/maven2/org/ow2/asm/asm/9.4/asm-9.4.pom
[b7acd5f5-7c56-49f3-b59e-89dce177bb17/build]   | [INFO] Downloaded from central: https://repo.maven.apache.org/maven2/org/ow2/asm/asm/9.4/asm-9.4.pom (2.4 kB at 68 kB/s)
[b7acd5f5-7c56-49f3-b59e-89dce177bb17/build]   | [INFO] Downloading from central: https://repo.maven.apache.org/maven2/com/thoughtworks/qdox/qdox/2.0.3/qdox-2.0.3.pom
[b7acd5f5-7c56-49f3-b59e-89dce177bb17/build]   | [INFO] Downloaded from central: https://repo.maven.apache.org/maven2/com/thoughtworks/qdox/qdox/2.0.3/qdox-2.0.3.pom (17 kB at 359 kB/s)
[b7acd5f5-7c56-49f3-b59e-89dce177bb17/build]   | [INFO] Downloading from central: https://repo.maven.apache.org/maven2/org/sonatype/oss/oss-parent/9/oss-parent-9.pom
[b7acd5f5-7c56-49f3-b59e-89dce177bb17/build]   | [INFO] Downloaded from central: https://repo.maven.apache.org/maven2/org/sonatype/oss/oss-parent/9/oss-parent-9.pom (6.6 kB at 122 kB/s)
[b7acd5f5-7c56-49f3-b59e-89dce177bb17/build]   | [INFO] Downloading from central: https://repo.maven.apache.org/maven2/org/codehaus/plexus/plexus-compiler-api/2.13.0/plexus-compiler-api-2.13.0.pom
[b7acd5f5-7c56-49f3-b59e-89dce177bb17/build]   | [INFO] Downloaded from central: https://repo.maven.apache.org/maven2/org/codehaus/plexus/plexus-compiler-api/2.13.0/plexus-compiler-api-2.13.0.pom (1.1 kB at 26 kB/s)
[b7acd5f5-7c56-49f3-b59e-89dce177bb17/build]   | [INFO] Downloading from central: https://repo.maven.apache.org/maven2/org/codehaus/plexus/plexus-compiler/2.13.0/plexus-compiler-2.13.0.pom
[b7acd5f5-7c56-49f3-b59e-89dce177bb17/build]   | [INFO] Downloaded from central: https://repo.maven.apache.org/maven2/org/codehaus/plexus/plexus-compiler/2.13.0/plexus-compiler-2.13.0.pom (8.4 kB at 210 kB/s)
[b7acd5f5-7c56-49f3-b59e-89dce177bb17/build]   | [INFO] Downloading from central: https://repo.maven.apache.org/maven2/org/codehaus/plexus/plexus-components/10.0/plexus-components-10.0.pom
[b7acd5f5-7c56-49f3-b59e-89dce177bb17/build]   | [INFO] Downloaded from central: https://repo.maven.apache.org/maven2/org/codehaus/plexus/plexus-components/10.0/plexus-components-10.0.pom (2.7 kB at 70 kB/s)
[b7acd5f5-7c56-49f3-b59e-89dce177bb17/build]   | [INFO] Downloading from central: https://repo.maven.apache.org/maven2/org/codehaus/plexus/plexus-utils/3.5.0/plexus-utils-3.5.0.pom
[b7acd5f5-7c56-49f3-b59e-89dce177bb17/build]   | [INFO] Downloaded from central: https://repo.maven.apache.org/maven2/org/codehaus/plexus/plexus-utils/3.5.0/plexus-utils-3.5.0.pom (8.0 kB at 267 kB/s)
[b7acd5f5-7c56-49f3-b59e-89dce177bb17/build]   | [INFO] Downloading from central: https://repo.maven.apache.org/maven2/org/codehaus/plexus/plexus-compiler-manager/2.13.0/plexus-compiler-manager-2.13.0.pom
[b7acd5f5-7c56-49f3-b59e-89dce177bb17/build]   | [INFO] Downloaded from central: https://repo.maven.apache.org/maven2/org/codehaus/plexus/plexus-compiler-manager/2.13.0/plexus-compiler-manager-2.13.0.pom (1.1 kB at 34 kB/s)
[b7acd5f5-7c56-49f3-b59e-89dce177bb17/build]   | [INFO] Downloading from central: https://repo.maven.apache.org/maven2/org/codehaus/plexus/plexus-component-annotations/2.1.1/plexus-component-annotations-2.1.1.pom
[b7acd5f5-7c56-49f3-b59e-89dce177bb17/build]   | [INFO] Downloaded from central: https://repo.maven.apache.org/maven2/org/codehaus/plexus/plexus-component-annotations/2.1.1/plexus-component-annotations-2.1.1.pom (770 B at 18 kB/s)
[b7acd5f5-7c56-49f3-b59e-89dce177bb17/build]   | [INFO] Downloading from central: https://repo.maven.apache.org/maven2/org/codehaus/plexus/plexus-containers/2.1.1/plexus-containers-2.1.1.pom
[b7acd5f5-7c56-49f3-b59e-89dce177bb17/build]   | [INFO] Downloaded from central: https://repo.maven.apache.org/maven2/org/codehaus/plexus/plexus-containers/2.1.1/plexus-containers-2.1.1.pom (6.0 kB at 147 kB/s)
[b7acd5f5-7c56-49f3-b59e-89dce177bb17/build]   | [INFO] Downloading from central: https://repo.maven.apache.org/maven2/org/codehaus/plexus/plexus/6.5/plexus-6.5.pom
[b7acd5f5-7c56-49f3-b59e-89dce177bb17/build]   | [INFO] Downloaded from central: https://repo.maven.apache.org/maven2/org/codehaus/plexus/plexus/6.5/plexus-6.5.pom (26 kB at 756 kB/s)
[b7acd5f5-7c56-49f3-b59e-89dce177bb17/build]   | [INFO] Downloading from central: https://repo.maven.apache.org/maven2/org/codehaus/plexus/plexus-compiler-javac/2.13.0/plexus-compiler-javac-2.13.0.pom
[b7acd5f5-7c56-49f3-b59e-89dce177bb17/build]   | [INFO] Downloaded from central: https://repo.maven.apache.org/maven2/org/codehaus/plexus/plexus-compiler-javac/2.13.0/plexus-compiler-javac-2.13.0.pom (1.2 kB at 35 kB/s)
[b7acd5f5-7c56-49f3-b59e-89dce177bb17/build]   | [INFO] Downloading from central: https://repo.maven.apache.org/maven2/org/codehaus/plexus/plexus-compilers/2.13.0/plexus-compilers-2.13.0.pom
[b7acd5f5-7c56-49f3-b59e-89dce177bb17/build]   | [INFO] Downloaded from central: https://repo.maven.apache.org/maven2/org/codehaus/plexus/plexus-compilers/2.13.0/plexus-compilers-2.13.0.pom (1.3 kB at 51 kB/s)
[b7acd5f5-7c56-49f3-b59e-89dce177bb17/build]   | [INFO] Downloading from central: https://repo.maven.apache.org/maven2/org/apache/maven/shared/maven-shared-utils/3.3.4/maven-shared-utils-3.3.4.jar
[b7acd5f5-7c56-49f3-b59e-89dce177bb17/build]   | [INFO] Downloading from central: https://repo.maven.apache.org/maven2/commons-io/commons-io/2.6/commons-io-2.6.jar
[b7acd5f5-7c56-49f3-b59e-89dce177bb17/build]   | [INFO] Downloading from central: https://repo.maven.apache.org/maven2/org/apache/maven/shared/maven-shared-incremental/1.1/maven-shared-incremental-1.1.jar
[b7acd5f5-7c56-49f3-b59e-89dce177bb17/build]   | [INFO] Downloading from central: https://repo.maven.apache.org/maven2/org/codehaus/plexus/plexus-component-annotations/1.5.5/plexus-component-annotations-1.5.5.jar
[b7acd5f5-7c56-49f3-b59e-89dce177bb17/build]   | [INFO] Downloading from central: https://repo.maven.apache.org/maven2/org/codehaus/plexus/plexus-java/1.1.2/plexus-java-1.1.2.jar
[b7acd5f5-7c56-49f3-b59e-89dce177bb17/build]   | [INFO] Downloaded from central: https://repo.maven.apache.org/maven2/org/apache/maven/shared/maven-shared-incremental/1.1/maven-shared-incremental-1.1.jar (14 kB at 315 kB/s)
[b7acd5f5-7c56-49f3-b59e-89dce177bb17/build]   | [INFO] Downloading from central: https://repo.maven.apache.org/maven2/org/ow2/asm/asm/9.4/asm-9.4.jar
[b7acd5f5-7c56-49f3-b59e-89dce177bb17/build]   | [INFO] Downloaded from central: https://repo.maven.apache.org/maven2/org/codehaus/plexus/plexus-component-annotations/1.5.5/plexus-component-annotations-1.5.5.jar (4.2 kB at 100 kB/s)
[b7acd5f5-7c56-49f3-b59e-89dce177bb17/build]   | [INFO] Downloading from central: https://repo.maven.apache.org/maven2/com/thoughtworks/qdox/qdox/2.0.3/qdox-2.0.3.jar
[b7acd5f5-7c56-49f3-b59e-89dce177bb17/build]   | [INFO] Downloaded from central: https://repo.maven.apache.org/maven2/org/apache/maven/shared/maven-shared-utils/3.3.4/maven-shared-utils-3.3.4.jar (153 kB at 3.1 MB/s)
[b7acd5f5-7c56-49f3-b59e-89dce177bb17/build]   | [INFO] Downloading from central: https://repo.maven.apache.org/maven2/org/codehaus/plexus/plexus-compiler-api/2.13.0/plexus-compiler-api-2.13.0.jar
[b7acd5f5-7c56-49f3-b59e-89dce177bb17/build]   | [INFO] Downloaded from central: https://repo.maven.apache.org/maven2/org/codehaus/plexus/plexus-java/1.1.2/plexus-java-1.1.2.jar (55 kB at 1.1 MB/s)
[b7acd5f5-7c56-49f3-b59e-89dce177bb17/build]   | [INFO] Downloaded from central: https://repo.maven.apache.org/maven2/commons-io/commons-io/2.6/commons-io-2.6.jar (215 kB at 4.3 MB/s)
[b7acd5f5-7c56-49f3-b59e-89dce177bb17/build]   | [INFO] Downloading from central: https://repo.maven.apache.org/maven2/org/codehaus/plexus/plexus-utils/3.5.0/plexus-utils-3.5.0.jar
[b7acd5f5-7c56-49f3-b59e-89dce177bb17/build]   | [INFO] Downloading from central: https://repo.maven.apache.org/maven2/org/codehaus/plexus/plexus-compiler-manager/2.13.0/plexus-compiler-manager-2.13.0.jar
[b7acd5f5-7c56-49f3-b59e-89dce177bb17/build]   | [INFO] Downloaded from central: https://repo.maven.apache.org/maven2/org/ow2/asm/asm/9.4/asm-9.4.jar (122 kB at 822 kB/s)
[b7acd5f5-7c56-49f3-b59e-89dce177bb17/build]   | [INFO] Downloading from central: https://repo.maven.apache.org/maven2/org/codehaus/plexus/plexus-compiler-javac/2.13.0/plexus-compiler-javac-2.13.0.jar
[b7acd5f5-7c56-49f3-b59e-89dce177bb17/build]   | [INFO] Downloaded from central: https://repo.maven.apache.org/maven2/org/codehaus/plexus/plexus-compiler-manager/2.13.0/plexus-compiler-manager-2.13.0.jar (4.7 kB at 28 kB/s)
[b7acd5f5-7c56-49f3-b59e-89dce177bb17/build]   | [INFO] Downloaded from central: https://repo.maven.apache.org/maven2/org/codehaus/plexus/plexus-compiler-api/2.13.0/plexus-compiler-api-2.13.0.jar (27 kB at 159 kB/s)
[b7acd5f5-7c56-49f3-b59e-89dce177bb17/build]   | [INFO] Downloaded from central: https://repo.maven.apache.org/maven2/com/thoughtworks/qdox/qdox/2.0.3/qdox-2.0.3.jar (334 kB at 2.0 MB/s)
[b7acd5f5-7c56-49f3-b59e-89dce177bb17/build]   | [INFO] Downloaded from central: https://repo.maven.apache.org/maven2/org/codehaus/plexus/plexus-utils/3.5.0/plexus-utils-3.5.0.jar (267 kB at 1.5 MB/s)
[b7acd5f5-7c56-49f3-b59e-89dce177bb17/build]   | [INFO] Downloaded from central: https://repo.maven.apache.org/maven2/org/codehaus/plexus/plexus-compiler-javac/2.13.0/plexus-compiler-javac-2.13.0.jar (23 kB at 123 kB/s)
[b7acd5f5-7c56-49f3-b59e-89dce177bb17/build]   | [INFO] Changes detected - recompiling the module! :dependency
[b7acd5f5-7c56-49f3-b59e-89dce177bb17/build]   | [INFO] Compiling 86 source files with javac [debug target 1.8] to target/classes
[b7acd5f5-7c56-49f3-b59e-89dce177bb17/build]   | [WARNING] bootstrap class path not set in conjunction with -source 8
[b7acd5f5-7c56-49f3-b59e-89dce177bb17/build]   | [INFO] /tmp/431117c4-a8a4-462d-b4ef-9b283d6b2f87/src/main/java/ch/jalu/configme/resource/MapNormalizer.java: Some input files use unchecked or unsafe operations.
[b7acd5f5-7c56-49f3-b59e-89dce177bb17/build]   | [INFO] /tmp/431117c4-a8a4-462d-b4ef-9b283d6b2f87/src/main/java/ch/jalu/configme/resource/MapNormalizer.java: Recompile with -Xlint:unchecked for details.
[b7acd5f5-7c56-49f3-b59e-89dce177bb17/build]   | [INFO] 
[b7acd5f5-7c56-49f3-b59e-89dce177bb17/build]   | [INFO] --- maven-resources-plugin:2.6:testResources (default-testResources) @ configme ---
[b7acd5f5-7c56-49f3-b59e-89dce177bb17/build]   | [INFO] Using 'UTF-8' encoding to copy filtered resources.
[b7acd5f5-7c56-49f3-b59e-89dce177bb17/build]   | [INFO] Copying 23 resources
[b7acd5f5-7c56-49f3-b59e-89dce177bb17/build]   | [INFO] 
[b7acd5f5-7c56-49f3-b59e-89dce177bb17/build]   | [INFO] --- maven-compiler-plugin:3.11.0:testCompile (default-testCompile) @ configme ---
[b7acd5f5-7c56-49f3-b59e-89dce177bb17/build]   | [INFO] Changes detected - recompiling the module! :dependency
[b7acd5f5-7c56-49f3-b59e-89dce177bb17/build]   | [INFO] Compiling 132 source files with javac [debug target 1.8] to target/test-classes
[b7acd5f5-7c56-49f3-b59e-89dce177bb17/build]   | [WARNING] bootstrap class path not set in conjunction with -source 8
[b7acd5f5-7c56-49f3-b59e-89dce177bb17/build]   | [INFO] /tmp/431117c4-a8a4-462d-b4ef-9b283d6b2f87/src/test/java/ch/jalu/configme/resource/YamlFileReaderTest.java: /tmp/431117c4-a8a4-462d-b4ef-9b283d6b2f87/src/test/java/ch/jalu/configme/resource/YamlFileReaderTest.java uses or overrides a deprecated API.
[b7acd5f5-7c56-49f3-b59e-89dce177bb17/build]   | [INFO] /tmp/431117c4-a8a4-462d-b4ef-9b283d6b2f87/src/test/java/ch/jalu/configme/resource/YamlFileReaderTest.java: Recompile with -Xlint:deprecation for details.
[b7acd5f5-7c56-49f3-b59e-89dce177bb17/build]   | [INFO] /tmp/431117c4-a8a4-462d-b4ef-9b283d6b2f87/src/test/java/ch/jalu/configme/migration/PlainMigrationServiceTest.java: Some input files use unchecked or unsafe operations.
[b7acd5f5-7c56-49f3-b59e-89dce177bb17/build]   | [INFO] /tmp/431117c4-a8a4-462d-b4ef-9b283d6b2f87/src/test/java/ch/jalu/configme/migration/PlainMigrationServiceTest.java: Recompile with -Xlint:unchecked for details.
[b7acd5f5-7c56-49f3-b59e-89dce177bb17/build]   | [INFO] 
[b7acd5f5-7c56-49f3-b59e-89dce177bb17/build]   | [INFO] --- maven-surefire-plugin:3.1.2:test (default-test) @ configme ---
[b7acd5f5-7c56-49f3-b59e-89dce177bb17/build]   | [INFO] Downloading from central: https://repo.maven.apache.org/maven2/org/apache/maven/surefire/maven-surefire-common/3.1.2/maven-surefire-common-3.1.2.pom
[b7acd5f5-7c56-49f3-b59e-89dce177bb17/build]   | [INFO] Downloaded from central: https://repo.maven.apache.org/maven2/org/apache/maven/surefire/maven-surefire-common/3.1.2/maven-surefire-common-3.1.2.pom (6.1 kB at 609 kB/s)
[b7acd5f5-7c56-49f3-b59e-89dce177bb17/build]   | [INFO] Downloading from central: https://repo.maven.apache.org/maven2/org/apache/maven/surefire/surefire-api/3.1.2/surefire-api-3.1.2.pom
[b7acd5f5-7c56-49f3-b59e-89dce177bb17/build]   | [INFO] Downloaded from central: https://repo.maven.apache.org/maven2/org/apache/maven/surefire/surefire-api/3.1.2/surefire-api-3.1.2.pom (3.5 kB at 588 kB/s)
[b7acd5f5-7c56-49f3-b59e-89dce177bb17/build]   | [INFO] Downloading from central: https://repo.maven.apache.org/maven2/org/apache/maven/surefire/surefire-logger-api/3.1.2/surefire-logger-api-3.1.2.pom
[b7acd5f5-7c56-49f3-b59e-89dce177bb17/build]   | [INFO] Downloaded from central: https://repo.maven.apache.org/maven2/org/apache/maven/surefire/surefire-logger-api/3.1.2/surefire-logger-api-3.1.2.pom (3.3 kB at 543 kB/s)
[b7acd5f5-7c56-49f3-b59e-89dce177bb17/build]   | [INFO] Downloading from central: https://repo.maven.apache.org/maven2/org/apache/maven/surefire/surefire-shared-utils/3.1.2/surefire-shared-utils-3.1.2.pom
[b7acd5f5-7c56-49f3-b59e-89dce177bb17/build]   | [INFO] Downloaded from central: https://repo.maven.apache.org/maven2/org/apache/maven/surefire/surefire-shared-utils/3.1.2/surefire-shared-utils-3.1.2.pom (4.1 kB at 676 kB/s)
[b7acd5f5-7c56-49f3-b59e-89dce177bb17/build]   | [INFO] Downloading from central: https://repo.maven.apache.org/maven2/org/apache/maven/surefire/surefire-extensions-api/3.1.2/surefire-extensions-api-3.1.2.pom
[b7acd5f5-7c56-49f3-b59e-89dce177bb17/build]   | [INFO] Downloaded from central: https://repo.maven.apache.org/maven2/org/apache/maven/surefire/surefire-extensions-api/3.1.2/surefire-extensions-api-3.1.2.pom (3.3 kB at 472 kB/s)
[b7acd5f5-7c56-49f3-b59e-89dce177bb17/build]   | [INFO] Downloading from central: https://repo.maven.apache.org/maven2/org/apache/maven/surefire/surefire-booter/3.1.2/surefire-booter-3.1.2.pom
[b7acd5f5-7c56-49f3-b59e-89dce177bb17/build]   | [INFO] Downloaded from central: https://repo.maven.apache.org/maven2/org/apache/maven/surefire/surefire-booter/3.1.2/surefire-booter-3.1.2.pom (4.5 kB at 495 kB/s)
[b7acd5f5-7c56-49f3-b59e-89dce177bb17/build]   | [INFO] Downloading from central: https://repo.maven.apache.org/maven2/org/apache/maven/surefire/surefire-extensions-spi/3.1.2/surefire-extensions-spi-3.1.2.pom
[b7acd5f5-7c56-49f3-b59e-89dce177bb17/build]   | [INFO] Downloaded from central: https://repo.maven.apache.org/maven2/org/apache/maven/surefire/surefire-extensions-spi/3.1.2/surefire-extensions-spi-3.1.2.pom (1.8 kB at 176 kB/s)
[b7acd5f5-7c56-49f3-b59e-89dce177bb17/build]   | [INFO] Downloading from central: https://repo.maven.apache.org/maven2/org/eclipse/aether/aether-util/1.0.0.v20140518/aether-util-1.0.0.v20140518.pom
[b7acd5f5-7c56-49f3-b59e-89dce177bb17/build]   | [INFO] Downloaded from central: https://repo.maven.apache.org/maven2/org/eclipse/aether/aether-util/1.0.0.v20140518/aether-util-1.0.0.v20140518.pom (2.2 kB at 51 kB/s)
[b7acd5f5-7c56-49f3-b59e-89dce177bb17/build]   | [INFO] Downloading from central: https://repo.maven.apache.org/maven2/org/eclipse/aether/aether/1.0.0.v20140518/aether-1.0.0.v20140518.pom
[b7acd5f5-7c56-49f3-b59e-89dce177bb17/build]   | [INFO] Downloaded from central: https://repo.maven.apache.org/maven2/org/eclipse/aether/aether/1.0.0.v20140518/aether-1.0.0.v20140518.pom (30 kB at 3.8 MB/s)
[b7acd5f5-7c56-49f3-b59e-89dce177bb17/build]   | [INFO] Downloading from central: https://repo.maven.apache.org/maven2/org/eclipse/aether/aether-api/1.0.0.v20140518/aether-api-1.0.0.v20140518.pom
[b7acd5f5-7c56-49f3-b59e-89dce177bb17/build]   | [INFO] Downloaded from central: https://repo.maven.apache.org/maven2/org/eclipse/aether/aether-api/1.0.0.v20140518/aether-api-1.0.0.v20140518.pom (1.9 kB at 316 kB/s)
[b7acd5f5-7c56-49f3-b59e-89dce177bb17/build]   | [INFO] Downloading from central: https://repo.maven.apache.org/maven2/org/apache/maven/shared/maven-common-artifact-filters/3.1.1/maven-common-artifact-filters-3.1.1.pom
[b7acd5f5-7c56-49f3-b59e-89dce177bb17/build]   | [INFO] Downloaded from central: https://repo.maven.apache.org/maven2/org/apache/maven/shared/maven-common-artifact-filters/3.1.1/maven-common-artifact-filters-3.1.1.pom (5.8 kB at 161 kB/s)
[b7acd5f5-7c56-49f3-b59e-89dce177bb17/build]   | [INFO] Downloading from central: https://repo.maven.apache.org/maven2/org/apache/maven/maven-artifact/3.2.5/maven-artifact-3.2.5.pom
[b7acd5f5-7c56-49f3-b59e-89dce177bb17/build]   | [INFO] Downloaded from central: https://repo.maven.apache.org/maven2/org/apache/maven/maven-artifact/3.2.5/maven-artifact-3.2.5.pom (2.3 kB at 391 kB/s)
[b7acd5f5-7c56-49f3-b59e-89dce177bb17/build]   | [INFO] Downloading from central: https://repo.maven.apache.org/maven2/org/apache/maven/maven/3.2.5/maven-3.2.5.pom
[b7acd5f5-7c56-49f3-b59e-89dce177bb17/build]   | [INFO] Downloaded from central: https://repo.maven.apache.org/maven2/org/apache/maven/maven/3.2.5/maven-3.2.5.pom (22 kB at 3.7 MB/s)
[b7acd5f5-7c56-49f3-b59e-89dce177bb17/build]   | [INFO] Downloading from central: https://repo.maven.apache.org/maven2/org/apache/maven/maven-parent/25/maven-parent-25.pom
[b7acd5f5-7c56-49f3-b59e-89dce177bb17/build]   | [INFO] Downloaded from central: https://repo.maven.apache.org/maven2/org/apache/maven/maven-parent/25/maven-parent-25.pom (37 kB at 4.7 MB/s)
[b7acd5f5-7c56-49f3-b59e-89dce177bb17/build]   | [INFO] Downloading from central: https://repo.maven.apache.org/maven2/org/apache/apache/15/apache-15.pom
[b7acd5f5-7c56-49f3-b59e-89dce177bb17/build]   | [INFO] Downloaded from central: https://repo.maven.apache.org/maven2/org/apache/apache/15/apache-15.pom (15 kB at 2.5 MB/s)
[b7acd5f5-7c56-49f3-b59e-89dce177bb17/build]   | [INFO] Downloading from central: https://repo.maven.apache.org/maven2/org/apache/maven/maven-core/3.2.5/maven-core-3.2.5.pom
[b7acd5f5-7c56-49f3-b59e-89dce177bb17/build]   | [INFO] Downloaded from central: https://repo.maven.apache.org/maven2/org/apache/maven/maven-core/3.2.5/maven-core-3.2.5.pom (8.1 kB at 1.3 MB/s)
[b7acd5f5-7c56-49f3-b59e-89dce177bb17/build]   | [INFO] Downloading from central: https://repo.maven.apache.org/maven2/org/apache/maven/maven-settings/3.2.5/maven-settings-3.2.5.pom
[b7acd5f5-7c56-49f3-b59e-89dce177bb17/build]   | [INFO] Downloaded from central: https://repo.maven.apache.org/maven2/org/apache/maven/maven-settings/3.2.5/maven-settings-3.2.5.pom (2.2 kB at 434 kB/s)
[b7acd5f5-7c56-49f3-b59e-89dce177bb17/build]   | [INFO] Downloading from central: https://repo.maven.apache.org/maven2/org/apache/maven/maven-settings-builder/3.2.5/maven-settings-builder-3.2.5.pom
[b7acd5f5-7c56-49f3-b59e-89dce177bb17/build]   | [INFO] Downloaded from central: https://repo.maven.apache.org/maven2/org/apache/maven/maven-settings-builder/3.2.5/maven-settings-builder-3.2.5.pom (2.6 kB at 433 kB/s)
[b7acd5f5-7c56-49f3-b59e-89dce177bb17/build]   | [INFO] Downloading from central: https://repo.maven.apache.org/maven2/org/codehaus/plexus/plexus-interpolation/1.21/plexus-interpolation-1.21.pom
[b7acd5f5-7c56-49f3-b59e-89dce177bb17/build]   | [INFO] Downloaded from central: https://repo.maven.apache.org/maven2/org/codehaus/plexus/plexus-interpolation/1.21/plexus-interpolation-1.21.pom (1.5 kB at 257 kB/s)
[b7acd5f5-7c56-49f3-b59e-89dce177bb17/build]   | [INFO] Downloading from central: https://repo.maven.apache.org/maven2/org/codehaus/plexus/plexus-components/1.3.1/plexus-components-1.3.1.pom
[b7acd5f5-7c56-49f3-b59e-89dce177bb17/build]   | [INFO] Downloaded from central: https://repo.maven.apache.org/maven2/org/codehaus/plexus/plexus-components/1.3.1/plexus-components-1.3.1.pom (3.1 kB at 511 kB/s)
[b7acd5f5-7c56-49f3-b59e-89dce177bb17/build]   | [INFO] Downloading from central: https://repo.maven.apache.org/maven2/org/codehaus/plexus/plexus/3.3.1/plexus-3.3.1.pom
[b7acd5f5-7c56-49f3-b59e-89dce177bb17/build]   | [INFO] Downloaded from central: https://repo.maven.apache.org/maven2/org/codehaus/plexus/plexus/3.3.1/plexus-3.3.1.pom (20 kB at 2.9 MB/s)
[b7acd5f5-7c56-49f3-b59e-89dce177bb17/build]   | [INFO] Downloading from central: https://repo.maven.apache.org/maven2/org/sonatype/spice/spice-parent/17/spice-parent-17.pom
[b7acd5f5-7c56-49f3-b59e-89dce177bb17/build]   | [INFO] Downloaded from central: https://repo.maven.apache.org/maven2/org/sonatype/spice/spice-parent/17/spice-parent-17.pom (6.8 kB at 1.1 MB/s)
[b7acd5f5-7c56-49f3-b59e-89dce177bb17/build]   | [INFO] Downloading from central: https://repo.maven.apache.org/maven2/org/sonatype/plexus/plexus-sec-dispatcher/1.3/plexus-sec-dispatcher-1.3.pom
[b7acd5f5-7c56-49f3-b59e-89dce177bb17/build]   | [INFO] Downloaded from central: https://repo.maven.apache.org/maven2/org/sonatype/plexus/plexus-sec-dispatcher/1.3/plexus-sec-dispatcher-1.3.pom (3.0 kB at 592 kB/s)
[b7acd5f5-7c56-49f3-b59e-89dce177bb17/build]   | [INFO] Downloading from central: https://repo.maven.apache.org/maven2/org/sonatype/spice/spice-parent/12/spice-parent-12.pom
[b7acd5f5-7c56-49f3-b59e-89dce177bb17/build]   | [INFO] Downloaded from central: https://repo.maven.apache.org/maven2/org/sonatype/spice/spice-parent/12/spice-parent-12.pom (6.8 kB at 1.4 MB/s)
[b7acd5f5-7c56-49f3-b59e-89dce177bb17/build]   | [INFO] Downloading from central: https://repo.maven.apache.org/maven2/org/sonatype/forge/forge-parent/4/forge-parent-4.pom
[b7acd5f5-7c56-49f3-b59e-89dce177bb17/build]   | [INFO] Downloaded from central: https://repo.maven.apache.org/maven2/org/sonatype/forge/forge-parent/4/forge-parent-4.pom (8.4 kB at 1.0 MB/s)
[b7acd5f5-7c56-49f3-b59e-89dce177bb17/build]   | [INFO] Downloading from central: https://repo.maven.apache.org/maven2/org/sonatype/plexus/plexus-cipher/1.4/plexus-cipher-1.4.pom
[b7acd5f5-7c56-49f3-b59e-89dce177bb17/build]   | [INFO] Downloaded from central: https://repo.maven.apache.org/maven2/org/sonatype/plexus/plexus-cipher/1.4/plexus-cipher-1.4.pom (2.1 kB at 258 kB/s)
[b7acd5f5-7c56-49f3-b59e-89dce177bb17/build]   | [INFO] Downloading from central: https://repo.maven.apache.org/maven2/org/apache/maven/maven-repository-metadata/3.2.5/maven-repository-metadata-3.2.5.pom
[b7acd5f5-7c56-49f3-b59e-89dce177bb17/build]   | [INFO] Downloaded from central: https://repo.maven.apache.org/maven2/org/apache/maven/maven-repository-metadata/3.2.5/maven-repository-metadata-3.2.5.pom (2.2 kB at 318 kB/s)
[b7acd5f5-7c56-49f3-b59e-89dce177bb17/build]   | [INFO] Downloading from central: https://repo.maven.apache.org/maven2/org/apache/maven/maven-plugin-api/3.2.5/maven-plugin-api-3.2.5.pom
[b7acd5f5-7c56-49f3-b59e-89dce177bb17/build]   | [INFO] Downloaded from central: https://repo.maven.apache.org/maven2/org/apache/maven/maven-plugin-api/3.2.5/maven-plugin-api-3.2.5.pom (3.0 kB at 504 kB/s)
[b7acd5f5-7c56-49f3-b59e-89dce177bb17/build]   | [INFO] Downloading from central: https://repo.maven.apache.org/maven2/org/eclipse/sisu/org.eclipse.sisu.plexus/0.3.5/org.eclipse.sisu.plexus-0.3.5.pom
[b7acd5f5-7c56-49f3-b59e-89dce177bb17/build]   | [INFO] Downloaded from central: https://repo.maven.apache.org/maven2/org/eclipse/sisu/org.eclipse.sisu.plexus/0.3.5/org.eclipse.sisu.plexus-0.3.5.pom (4.3 kB at 714 kB/s)
[b7acd5f5-7c56-49f3-b59e-89dce177bb17/build]   | [INFO] Downloading from central: https://repo.maven.apache.org/maven2/org/eclipse/sisu/sisu-plexus/0.3.5/sisu-plexus-0.3.5.pom
[b7acd5f5-7c56-49f3-b59e-89dce177bb17/build]   | [INFO] Downloaded from central: https://repo.maven.apache.org/maven2/org/eclipse/sisu/sisu-plexus/0.3.5/sisu-plexus-0.3.5.pom (14 kB at 2.3 MB/s)
[b7acd5f5-7c56-49f3-b59e-89dce177bb17/build]   | [INFO] Downloading from central: https://repo.maven.apache.org/maven2/javax/annotation/javax.annotation-api/1.2/javax.annotation-api-1.2.pom
[b7acd5f5-7c56-49f3-b59e-89dce177bb17/build]   | [INFO] Downloaded from central: https://repo.maven.apache.org/maven2/javax/annotation/javax.annotation-api/1.2/javax.annotation-api-1.2.pom (13 kB at 2.2 MB/s)
[b7acd5f5-7c56-49f3-b59e-89dce177bb17/build]   | [INFO] Downloading from central: https://repo.maven.apache.org/maven2/net/java/jvnet-parent/3/jvnet-parent-3.pom
[b7acd5f5-7c56-49f3-b59e-89dce177bb17/build]   | [INFO] Downloaded from central: https://repo.maven.apache.org/maven2/net/java/jvnet-parent/3/jvnet-parent-3.pom (4.8 kB at 684 kB/s)
[b7acd5f5-7c56-49f3-b59e-89dce177bb17/build]   | [INFO] Downloading from central: https://repo.maven.apache.org/maven2/javax/enterprise/cdi-api/1.2/cdi-api-1.2.pom
[b7acd5f5-7c56-49f3-b59e-89dce177bb17/build]   | [INFO] Downloaded from central: https://repo.maven.apache.org/maven2/javax/enterprise/cdi-api/1.2/cdi-api-1.2.pom (6.3 kB at 1.3 MB/s)
[b7acd5f5-7c56-49f3-b59e-89dce177bb17/build]   | [INFO] Downloading from central: https://repo.maven.apache.org/maven2/org/jboss/weld/weld-parent/26/weld-parent-26.pom
[b7acd5f5-7c56-49f3-b59e-89dce177bb17/build]   | [INFO] Downloaded from central: https://repo.maven.apache.org/maven2/org/jboss/weld/weld-parent/26/weld-parent-26.pom (32 kB at 5.4 MB/s)
[b7acd5f5-7c56-49f3-b59e-89dce177bb17/build]   | [INFO] Downloading from central: https://repo.maven.apache.org/maven2/javax/inject/javax.inject/1/javax.inject-1.pom
[b7acd5f5-7c56-49f3-b59e-89dce177bb17/build]   | [INFO] Downloaded from central: https://repo.maven.apache.org/maven2/javax/inject/javax.inject/1/javax.inject-1.pom (612 B at 102 kB/s)
[b7acd5f5-7c56-49f3-b59e-89dce177bb17/build]   | [INFO] Downloading from central: https://repo.maven.apache.org/maven2/org/eclipse/sisu/org.eclipse.sisu.inject/0.3.5/org.eclipse.sisu.inject-0.3.5.pom
[b7acd5f5-7c56-49f3-b59e-89dce177bb17/build]   | [INFO] Downloaded from central: https://repo.maven.apache.org/maven2/org/eclipse/sisu/org.eclipse.sisu.inject/0.3.5/org.eclipse.sisu.inject-0.3.5.pom (2.6 kB at 438 kB/s)
[b7acd5f5-7c56-49f3-b59e-89dce177bb17/build]   | [INFO] Downloading from central: https://repo.maven.apache.org/maven2/org/eclipse/sisu/sisu-inject/0.3.5/sisu-inject-0.3.5.pom
[b7acd5f5-7c56-49f3-b59e-89dce177bb17/build]   | [INFO] Downloaded from central: https://repo.maven.apache.org/maven2/org/eclipse/sisu/sisu-inject/0.3.5/sisu-inject-0.3.5.pom (14 kB at 2.4 MB/s)
[b7acd5f5-7c56-49f3-b59e-89dce177bb17/build]   | [INFO] Downloading from central: https://repo.maven.apache.org/maven2/org/codehaus/plexus/plexus-classworlds/2.5.2/plexus-classworlds-2.5.2.pom
[b7acd5f5-7c56-49f3-b59e-89dce177bb17/build]   | [INFO] Downloaded from central: https://repo.maven.apache.org/maven2/org/codehaus/plexus/plexus-classworlds/2.5.2/plexus-classworlds-2.5.2.pom (7.3 kB at 1.2 MB/s)
[b7acd5f5-7c56-49f3-b59e-89dce177bb17/build]   | [INFO] Downloading from central: https://repo.maven.apache.org/maven2/org/apache/maven/maven-model-builder/3.2.5/maven-model-builder-3.2.5.pom
[b7acd5f5-7c56-49f3-b59e-89dce177bb17/build]   | [INFO] Downloaded from central: https://repo.maven.apache.org/maven2/org/apache/maven/maven-model-builder/3.2.5/maven-model-builder-3.2.5.pom (3.0 kB at 499 kB/s)
[b7acd5f5-7c56-49f3-b59e-89dce177bb17/build]   | [INFO] Downloading from central: https://repo.maven.apache.org/maven2/org/apache/maven/maven-aether-provider/3.2.5/maven-aether-provider-3.2.5.pom
[b7acd5f5-7c56-49f3-b59e-89dce177bb17/build]   | [INFO] Downloaded from central: https://repo.maven.apache.org/maven2/org/apache/maven/maven-aether-provider/3.2.5/maven-aether-provider-3.2.5.pom (4.2 kB at 850 kB/s)
[b7acd5f5-7c56-49f3-b59e-89dce177bb17/build]   | [INFO] Downloading from central: https://repo.maven.apache.org/maven2/org/eclipse/aether/aether-spi/1.0.0.v20140518/aether-spi-1.0.0.v20140518.pom
[b7acd5f5-7c56-49f3-b59e-89dce177bb17/build]   | [INFO] Downloaded from central: https://repo.maven.apache.org/maven2/org/eclipse/aether/aether-spi/1.0.0.v20140518/aether-spi-1.0.0.v20140518.pom (2.1 kB at 410 kB/s)
[b7acd5f5-7c56-49f3-b59e-89dce177bb17/build]   | [INFO] Downloading from central: https://repo.maven.apache.org/maven2/org/eclipse/aether/aether-impl/1.0.0.v20140518/aether-impl-1.0.0.v20140518.pom
[b7acd5f5-7c56-49f3-b59e-89dce177bb17/build]   | [INFO] Downloaded from central: https://repo.maven.apache.org/maven2/org/eclipse/aether/aether-impl/1.0.0.v20140518/aether-impl-1.0.0.v20140518.pom (3.5 kB at 579 kB/s)
[b7acd5f5-7c56-49f3-b59e-89dce177bb17/build]   | [INFO] Downloading from central: https://repo.maven.apache.org/maven2/org/sonatype/sisu/sisu-guice/3.2.3/sisu-guice-3.2.3.pom
[b7acd5f5-7c56-49f3-b59e-89dce177bb17/build]   | [INFO] Downloaded from central: https://repo.maven.apache.org/maven2/org/sonatype/sisu/sisu-guice/3.2.3/sisu-guice-3.2.3.pom (11 kB at 1.8 MB/s)
[b7acd5f5-7c56-49f3-b59e-89dce177bb17/build]   | [INFO] Downloading from central: https://repo.maven.apache.org/maven2/org/sonatype/sisu/inject/guice-parent/3.2.3/guice-parent-3.2.3.pom
[b7acd5f5-7c56-49f3-b59e-89dce177bb17/build]   | [INFO] Downloaded from central: https://repo.maven.apache.org/maven2/org/sonatype/sisu/inject/guice-parent/3.2.3/guice-parent-3.2.3.pom (13 kB at 2.2 MB/s)
[b7acd5f5-7c56-49f3-b59e-89dce177bb17/build]   | [INFO] Downloading from central: https://repo.maven.apache.org/maven2/org/sonatype/forge/forge-parent/38/forge-parent-38.pom
[b7acd5f5-7c56-49f3-b59e-89dce177bb17/build]   | [INFO] Downloaded from central: https://repo.maven.apache.org/maven2/org/sonatype/forge/forge-parent/38/forge-parent-38.pom (19 kB at 3.1 MB/s)
[b7acd5f5-7c56-49f3-b59e-89dce177bb17/build]   | [INFO] Downloading from central: https://repo.maven.apache.org/maven2/aopalliance/aopalliance/1.0/aopalliance-1.0.pom
[b7acd5f5-7c56-49f3-b59e-89dce177bb17/build]   | [INFO] Downloaded from central: https://repo.maven.apache.org/maven2/aopalliance/aopalliance/1.0/aopalliance-1.0.pom (363 B at 73 kB/s)
[b7acd5f5-7c56-49f3-b59e-89dce177bb17/build]   | [INFO] Downloading from central: https://repo.maven.apache.org/maven2/com/google/guava/guava/16.0.1/guava-16.0.1.pom
[b7acd5f5-7c56-49f3-b59e-89dce177bb17/build]   | [INFO] Downloaded from central: https://repo.maven.apache.org/maven2/com/google/guava/guava/16.0.1/guava-16.0.1.pom (6.1 kB at 1.0 MB/s)
[b7acd5f5-7c56-49f3-b59e-89dce177bb17/build]   | [INFO] Downloading from central: https://repo.maven.apache.org/maven2/com/google/guava/guava-parent/16.0.1/guava-parent-16.0.1.pom
[b7acd5f5-7c56-49f3-b59e-89dce177bb17/build]   | [INFO] Downloaded from central: https://repo.maven.apache.org/maven2/com/google/guava/guava-parent/16.0.1/guava-parent-16.0.1.pom (7.3 kB at 1.0 MB/s)
[b7acd5f5-7c56-49f3-b59e-89dce177bb17/build]   | [INFO] Downloading from central: https://repo.maven.apache.org/maven2/org/sonatype/oss/oss-parent/7/oss-parent-7.pom
[b7acd5f5-7c56-49f3-b59e-89dce177bb17/build]   | [INFO] Downloaded from central: https://repo.maven.apache.org/maven2/org/sonatype/oss/oss-parent/7/oss-parent-7.pom (4.8 kB at 536 kB/s)
[b7acd5f5-7c56-49f3-b59e-89dce177bb17/build]   | [INFO] Downloading from central: https://repo.maven.apache.org/maven2/commons-io/commons-io/2.12.0/commons-io-2.12.0.pom
[b7acd5f5-7c56-49f3-b59e-89dce177bb17/build]   | [INFO] Downloaded from central: https://repo.maven.apache.org/maven2/commons-io/commons-io/2.12.0/commons-io-2.12.0.pom (20 kB at 3.4 MB/s)
[b7acd5f5-7c56-49f3-b59e-89dce177bb17/build]   | [INFO] Downloading from central: https://repo.maven.apache.org/maven2/org/apache/commons/commons-parent/57/commons-parent-57.pom
[b7acd5f5-7c56-49f3-b59e-89dce177bb17/build]   | [INFO] Downloaded from central: https://repo.maven.apache.org/maven2/org/apache/commons/commons-parent/57/commons-parent-57.pom (83 kB at 9.2 MB/s)
[b7acd5f5-7c56-49f3-b59e-89dce177bb17/build]   | [INFO] Downloading from central: https://repo.maven.apache.org/maven2/org/junit/junit-bom/5.9.2/junit-bom-5.9.2.pom
[b7acd5f5-7c56-49f3-b59e-89dce177bb17/build]   | [INFO] Downloaded from central: https://repo.maven.apache.org/maven2/org/junit/junit-bom/5.9.2/junit-bom-5.9.2.pom (5.6 kB at 1.1 MB/s)
[b7acd5f5-7c56-49f3-b59e-89dce177bb17/build]   | [INFO] Downloading from central: https://repo.maven.apache.org/maven2/org/apache/maven/surefire/maven-surefire-common/3.1.2/maven-surefire-common-3.1.2.jar
[b7acd5f5-7c56-49f3-b59e-89dce177bb17/build]   | [INFO] Downloading from central: https://repo.maven.apache.org/maven2/org/apache/maven/surefire/surefire-api/3.1.2/surefire-api-3.1.2.jar
[b7acd5f5-7c56-49f3-b59e-89dce177bb17/build]   | [INFO] Downloading from central: https://repo.maven.apache.org/maven2/org/apache/maven/surefire/surefire-logger-api/3.1.2/surefire-logger-api-3.1.2.jar
[b7acd5f5-7c56-49f3-b59e-89dce177bb17/build]   | [INFO] Downloading from central: https://repo.maven.apache.org/maven2/org/apache/maven/surefire/surefire-extensions-api/3.1.2/surefire-extensions-api-3.1.2.jar
[b7acd5f5-7c56-49f3-b59e-89dce177bb17/build]   | [INFO] Downloading from central: https://repo.maven.apache.org/maven2/org/apache/maven/surefire/surefire-booter/3.1.2/surefire-booter-3.1.2.jar
[b7acd5f5-7c56-49f3-b59e-89dce177bb17/build]   | [INFO] Downloaded from central: https://repo.maven.apache.org/maven2/org/apache/maven/surefire/surefire-extensions-api/3.1.2/surefire-extensions-api-3.1.2.jar (26 kB at 2.0 MB/s)
[b7acd5f5-7c56-49f3-b59e-89dce177bb17/build]   | [INFO] Downloading from central: https://repo.maven.apache.org/maven2/org/apache/maven/surefire/surefire-extensions-spi/3.1.2/surefire-extensions-spi-3.1.2.jar
[b7acd5f5-7c56-49f3-b59e-89dce177bb17/build]   | [INFO] Downloaded from central: https://repo.maven.apache.org/maven2/org/apache/maven/surefire/surefire-logger-api/3.1.2/surefire-logger-api-3.1.2.jar (14 kB at 971 kB/s)
[b7acd5f5-7c56-49f3-b59e-89dce177bb17/build]   | [INFO] Downloading from central: https://repo.maven.apache.org/maven2/org/eclipse/aether/aether-util/1.0.0.v20140518/aether-util-1.0.0.v20140518.jar
[b7acd5f5-7c56-49f3-b59e-89dce177bb17/build]   | [INFO] Downloaded from central: https://repo.maven.apache.org/maven2/org/apache/maven/surefire/maven-surefire-common/3.1.2/maven-surefire-common-3.1.2.jar (306 kB at 18 MB/s)
[b7acd5f5-7c56-49f3-b59e-89dce177bb17/build]   | [INFO] Downloading from central: https://repo.maven.apache.org/maven2/org/eclipse/aether/aether-api/1.0.0.v20140518/aether-api-1.0.0.v20140518.jar
[b7acd5f5-7c56-49f3-b59e-89dce177bb17/build]   | [INFO] Downloaded from central: https://repo.maven.apache.org/maven2/org/apache/maven/surefire/surefire-booter/3.1.2/surefire-booter-3.1.2.jar (118 kB at 8.4 MB/s)
[b7acd5f5-7c56-49f3-b59e-89dce177bb17/build]   | [INFO] Downloading from central: https://repo.maven.apache.org/maven2/org/apache/maven/shared/maven-common-artifact-filters/3.1.1/maven-common-artifact-filters-3.1.1.jar
[b7acd5f5-7c56-49f3-b59e-89dce177bb17/build]   | [INFO] Downloaded from central: https://repo.maven.apache.org/maven2/org/apache/maven/surefire/surefire-api/3.1.2/surefire-api-3.1.2.jar (171 kB at 9.5 MB/s)
[b7acd5f5-7c56-49f3-b59e-89dce177bb17/build]   | [INFO] Downloading from central: https://repo.maven.apache.org/maven2/commons-io/commons-io/2.12.0/commons-io-2.12.0.jar
[b7acd5f5-7c56-49f3-b59e-89dce177bb17/build]   | [INFO] Downloaded from central: https://repo.maven.apache.org/maven2/org/apache/maven/surefire/surefire-extensions-spi/3.1.2/surefire-extensions-spi-3.1.2.jar (8.2 kB at 409 kB/s)
[b7acd5f5-7c56-49f3-b59e-89dce177bb17/build]   | [INFO] Downloading from central: https://repo.maven.apache.org/maven2/org/apache/maven/surefire/surefire-shared-utils/3.1.2/surefire-shared-utils-3.1.2.jar
[b7acd5f5-7c56-49f3-b59e-89dce177bb17/build]   | [INFO] Downloaded from central: https://repo.maven.apache.org/maven2/org/eclipse/aether/aether-util/1.0.0.v20140518/aether-util-1.0.0.v20140518.jar (146 kB at 5.4 MB/s)
[b7acd5f5-7c56-49f3-b59e-89dce177bb17/build]   | [INFO] Downloaded from central: https://repo.maven.apache.org/maven2/org/apache/maven/shared/maven-common-artifact-filters/3.1.1/maven-common-artifact-filters-3.1.1.jar (61 kB at 2.1 MB/s)
[b7acd5f5-7c56-49f3-b59e-89dce177bb17/build]   | [INFO] Downloaded from central: https://repo.maven.apache.org/maven2/org/eclipse/aether/aether-api/1.0.0.v20140518/aether-api-1.0.0.v20140518.jar (136 kB at 4.5 MB/s)
[b7acd5f5-7c56-49f3-b59e-89dce177bb17/build]   | [INFO] Downloaded from central: https://repo.maven.apache.org/maven2/commons-io/commons-io/2.12.0/commons-io-2.12.0.jar (474 kB at 14 MB/s)
[b7acd5f5-7c56-49f3-b59e-89dce177bb17/build]   | [INFO] Downloaded from central: https://repo.maven.apache.org/maven2/org/apache/maven/surefire/surefire-shared-utils/3.1.2/surefire-shared-utils-3.1.2.jar (2.3 MB at 34 MB/s)
[b7acd5f5-7c56-49f3-b59e-89dce177bb17/build]   | [INFO] Using auto detected provider org.apache.maven.surefire.junitplatform.JUnitPlatformProvider
[b7acd5f5-7c56-49f3-b59e-89dce177bb17/build]   | [INFO] Downloading from central: https://repo.maven.apache.org/maven2/org/apache/maven/surefire/surefire-junit-platform/3.1.2/surefire-junit-platform-3.1.2.pom
[b7acd5f5-7c56-49f3-b59e-89dce177bb17/build]   | [INFO] Downloaded from central: https://repo.maven.apache.org/maven2/org/apache/maven/surefire/surefire-junit-platform/3.1.2/surefire-junit-platform-3.1.2.pom (4.7 kB at 389 kB/s)
[b7acd5f5-7c56-49f3-b59e-89dce177bb17/build]   | [INFO] Downloading from central: https://repo.maven.apache.org/maven2/org/apache/maven/surefire/surefire-providers/3.1.2/surefire-providers-3.1.2.pom
[b7acd5f5-7c56-49f3-b59e-89dce177bb17/build]   | [INFO] Downloaded from central: https://repo.maven.apache.org/maven2/org/apache/maven/surefire/surefire-providers/3.1.2/surefire-providers-3.1.2.pom (2.6 kB at 373 kB/s)
[b7acd5f5-7c56-49f3-b59e-89dce177bb17/build]   | [INFO] Downloading from central: https://repo.maven.apache.org/maven2/org/apache/maven/surefire/common-java5/3.1.2/common-java5-3.1.2.pom
[b7acd5f5-7c56-49f3-b59e-89dce177bb17/build]   | [INFO] Downloaded from central: https://repo.maven.apache.org/maven2/org/apache/maven/surefire/common-java5/3.1.2/common-java5-3.1.2.pom (2.8 kB at 469 kB/s)
[b7acd5f5-7c56-49f3-b59e-89dce177bb17/build]   | [INFO] Downloading from central: https://repo.maven.apache.org/maven2/org/junit/platform/junit-platform-launcher/1.9.2/junit-platform-launcher-1.9.2.pom
[b7acd5f5-7c56-49f3-b59e-89dce177bb17/build]   | [INFO] Downloaded from central: https://repo.maven.apache.org/maven2/org/junit/platform/junit-platform-launcher/1.9.2/junit-platform-launcher-1.9.2.pom (3.0 kB at 504 kB/s)
[b7acd5f5-7c56-49f3-b59e-89dce177bb17/build]   | [INFO] Downloading from central: https://repo.maven.apache.org/maven2/org/junit/platform/junit-platform-engine/1.9.2/junit-platform-engine-1.9.2.pom
[b7acd5f5-7c56-49f3-b59e-89dce177bb17/build]   | [INFO] Downloaded from central: https://repo.maven.apache.org/maven2/org/junit/platform/junit-platform-engine/1.9.2/junit-platform-engine-1.9.2.pom (3.2 kB at 188 kB/s)
[b7acd5f5-7c56-49f3-b59e-89dce177bb17/build]   | [INFO] Downloading from central: https://repo.maven.apache.org/maven2/org/junit/platform/junit-platform-commons/1.9.2/junit-platform-commons-1.9.2.pom
[b7acd5f5-7c56-49f3-b59e-89dce177bb17/build]   | [INFO] Downloaded from central: https://repo.maven.apache.org/maven2/org/junit/platform/junit-platform-commons/1.9.2/junit-platform-commons-1.9.2.pom (2.8 kB at 472 kB/s)
[b7acd5f5-7c56-49f3-b59e-89dce177bb17/build]   | [INFO] Downloading from central: https://repo.maven.apache.org/maven2/org/apache/maven/surefire/surefire-junit-platform/3.1.2/surefire-junit-platform-3.1.2.jar
[b7acd5f5-7c56-49f3-b59e-89dce177bb17/build]   | [INFO] Downloading from central: https://repo.maven.apache.org/maven2/org/apache/maven/surefire/common-java5/3.1.2/common-java5-3.1.2.jar
[b7acd5f5-7c56-49f3-b59e-89dce177bb17/build]   | [INFO] Downloading from central: https://repo.maven.apache.org/maven2/org/junit/platform/junit-platform-launcher/1.9.2/junit-platform-launcher-1.9.2.jar
[b7acd5f5-7c56-49f3-b59e-89dce177bb17/build]   | [INFO] Downloading from central: https://repo.maven.apache.org/maven2/org/junit/platform/junit-platform-engine/1.9.2/junit-platform-engine-1.9.2.jar
[b7acd5f5-7c56-49f3-b59e-89dce177bb17/build]   | [INFO] Downloading from central: https://repo.maven.apache.org/maven2/org/opentest4j/opentest4j/1.2.0/opentest4j-1.2.0.jar
[b7acd5f5-7c56-49f3-b59e-89dce177bb17/build]   | [INFO] Downloaded from central: https://repo.maven.apache.org/maven2/org/apache/maven/surefire/surefire-junit-platform/3.1.2/surefire-junit-platform-3.1.2.jar (27 kB at 5.4 MB/s)
[b7acd5f5-7c56-49f3-b59e-89dce177bb17/build]   | [INFO] Downloading from central: https://repo.maven.apache.org/maven2/org/junit/platform/junit-platform-commons/1.9.2/junit-platform-commons-1.9.2.jar
[b7acd5f5-7c56-49f3-b59e-89dce177bb17/build]   | [INFO] Downloaded from central: https://repo.maven.apache.org/maven2/org/apache/maven/surefire/common-java5/3.1.2/common-java5-3.1.2.jar (18 kB at 2.9 MB/s)
[b7acd5f5-7c56-49f3-b59e-89dce177bb17/build]   | [INFO] Downloaded from central: https://repo.maven.apache.org/maven2/org/opentest4j/opentest4j/1.2.0/opentest4j-1.2.0.jar (7.7 kB at 696 kB/s)
[b7acd5f5-7c56-49f3-b59e-89dce177bb17/build]   | [INFO] Downloaded from central: https://repo.maven.apache.org/maven2/org/junit/platform/junit-platform-launcher/1.9.2/junit-platform-launcher-1.9.2.jar (169 kB at 13 MB/s)
[b7acd5f5-7c56-49f3-b59e-89dce177bb17/build]   | [INFO] Downloaded from central: https://repo.maven.apache.org/maven2/org/junit/platform/junit-platform-engine/1.9.2/junit-platform-engine-1.9.2.jar (189 kB at 16 MB/s)
[b7acd5f5-7c56-49f3-b59e-89dce177bb17/build]   | [INFO] Downloaded from central: https://repo.maven.apache.org/maven2/org/junit/platform/junit-platform-commons/1.9.2/junit-platform-commons-1.9.2.jar (103 kB at 6.4 MB/s)
[b7acd5f5-7c56-49f3-b59e-89dce177bb17/build]   | [INFO] Downloading from central: https://repo.maven.apache.org/maven2/org/junit/platform/junit-platform-launcher/1.10.0/junit-platform-launcher-1.10.0.pom
[b7acd5f5-7c56-49f3-b59e-89dce177bb17/build]   | [INFO] Downloaded from central: https://repo.maven.apache.org/maven2/org/junit/platform/junit-platform-launcher/1.10.0/junit-platform-launcher-1.10.0.pom (3.0 kB at 505 kB/s)
[b7acd5f5-7c56-49f3-b59e-89dce177bb17/build]   | [INFO] Downloading from central: https://repo.maven.apache.org/maven2/org/junit/platform/junit-platform-launcher/1.10.0/junit-platform-launcher-1.10.0.jar
[b7acd5f5-7c56-49f3-b59e-89dce177bb17/build]   | [INFO] Downloaded from central: https://repo.maven.apache.org/maven2/org/junit/platform/junit-platform-launcher/1.10.0/junit-platform-launcher-1.10.0.jar (184 kB at 20 MB/s)
[b7acd5f5-7c56-49f3-b59e-89dce177bb17/build]   | [INFO] 
[b7acd5f5-7c56-49f3-b59e-89dce177bb17/build]   | [INFO] -------------------------------------------------------
[b7acd5f5-7c56-49f3-b59e-89dce177bb17/build]   | [INFO]  T E S T S
[b7acd5f5-7c56-49f3-b59e-89dce177bb17/build]   | [INFO] -------------------------------------------------------
[b7acd5f5-7c56-49f3-b59e-89dce177bb17/build]   | [INFO] Running ch.jalu.configme.BeanDemoTest
[b7acd5f5-7c56-49f3-b59e-89dce177bb17/build]   | [INFO] Tests run: 1, Failures: 0, Errors: 0, Skipped: 0, Time elapsed: 0.326 s -- in ch.jalu.configme.BeanDemoTest
[b7acd5f5-7c56-49f3-b59e-89dce177bb17/build]   | [INFO] Running ch.jalu.configme.ConfigDemoTest
[b7acd5f5-7c56-49f3-b59e-89dce177bb17/build]   | [INFO] Tests run: 1, Failures: 0, Errors: 0, Skipped: 0, Time elapsed: 0.010 s -- in ch.jalu.configme.ConfigDemoTest
[b7acd5f5-7c56-49f3-b59e-89dce177bb17/build]   | [INFO] Running ch.jalu.configme.SettingsManagerBuilderTest
[b7acd5f5-7c56-49f3-b59e-89dce177bb17/build]   | [INFO] Tests run: 7, Failures: 0, Errors: 0, Skipped: 0, Time elapsed: 1.114 s -- in ch.jalu.configme.SettingsManagerBuilderTest
[b7acd5f5-7c56-49f3-b59e-89dce177bb17/build]   | [INFO] Running ch.jalu.configme.SettingsManagerImplTest
[b7acd5f5-7c56-49f3-b59e-89dce177bb17/build]   | [INFO] Tests run: 10, Failures: 0, Errors: 0, Skipped: 0, Time elapsed: 0.164 s -- in ch.jalu.configme.SettingsManagerImplTest
[b7acd5f5-7c56-49f3-b59e-89dce177bb17/build]   | [INFO] Running ch.jalu.configme.configurationdata.PropertyValueTest
[b7acd5f5-7c56-49f3-b59e-89dce177bb17/build]   | [INFO] Tests run: 3, Failures: 0, Errors: 0, Skipped: 0, Time elapsed: 0.007 s -- in ch.jalu.configme.configurationdata.PropertyValueTest
[b7acd5f5-7c56-49f3-b59e-89dce177bb17/build]   | [INFO] Running ch.jalu.configme.configurationdata.ConfigurationDataBuilderTest
[b7acd5f5-7c56-49f3-b59e-89dce177bb17/build]   | [WARNING] Tests run: 8, Failures: 0, Errors: 0, Skipped: 1, Time elapsed: 0.046 s -- in ch.jalu.configme.configurationdata.ConfigurationDataBuilderTest
[b7acd5f5-7c56-49f3-b59e-89dce177bb17/build]   | [INFO] Running ch.jalu.configme.configurationdata.CommentsConfigurationTest
[b7acd5f5-7c56-49f3-b59e-89dce177bb17/build]   | [INFO] Tests run: 4, Failures: 0, Errors: 0, Skipped: 0, Time elapsed: 0.011 s -- in ch.jalu.configme.configurationdata.CommentsConfigurationTest
[b7acd5f5-7c56-49f3-b59e-89dce177bb17/build]   | [INFO] Running ch.jalu.configme.configurationdata.ConfigurationDataImplTest
[b7acd5f5-7c56-49f3-b59e-89dce177bb17/build]   | [INFO] Tests run: 9, Failures: 0, Errors: 0, Skipped: 0, Time elapsed: 0.026 s -- in ch.jalu.configme.configurationdata.ConfigurationDataImplTest
[b7acd5f5-7c56-49f3-b59e-89dce177bb17/build]   | [INFO] Running ch.jalu.configme.configurationdata.PropertyListBuilderTest
[b7acd5f5-7c56-49f3-b59e-89dce177bb17/build]   | [INFO] Tests run: 12, Failures: 0, Errors: 0, Skipped: 0, Time elapsed: 0.108 s -- in ch.jalu.configme.configurationdata.PropertyListBuilderTest
[b7acd5f5-7c56-49f3-b59e-89dce177bb17/build]   | [INFO] Running ch.jalu.configme.utils.MigrationUtilsTest
[b7acd5f5-7c56-49f3-b59e-89dce177bb17/build]   | [INFO] Tests run: 3, Failures: 0, Errors: 0, Skipped: 0, Time elapsed: 0.010 s -- in ch.jalu.configme.utils.MigrationUtilsTest
[b7acd5f5-7c56-49f3-b59e-89dce177bb17/build]   | [INFO] Running ch.jalu.configme.utils.SettingsHolderClassValidatorTest
[b7acd5f5-7c56-49f3-b59e-89dce177bb17/build]   | [INFO] Tests run: 12, Failures: 0, Errors: 0, Skipped: 0, Time elapsed: 0.202 s -- in ch.jalu.configme.utils.SettingsHolderClassValidatorTest
[b7acd5f5-7c56-49f3-b59e-89dce177bb17/build]   | [INFO] Running ch.jalu.configme.utils.PathUtilsTest
[b7acd5f5-7c56-49f3-b59e-89dce177bb17/build]   | [INFO] Tests run: 5, Failures: 0, Errors: 0, Skipped: 0, Time elapsed: 0.004 s -- in ch.jalu.configme.utils.PathUtilsTest
[b7acd5f5-7c56-49f3-b59e-89dce177bb17/build]   | [INFO] Running ch.jalu.configme.utils.UtilsTest
[b7acd5f5-7c56-49f3-b59e-89dce177bb17/build]   | [INFO] Tests run: 4, Failures: 0, Errors: 0, Skipped: 0, Time elapsed: 0.309 s -- in ch.jalu.configme.utils.UtilsTest
[b7acd5f5-7c56-49f3-b59e-89dce177bb17/build]   | [INFO] Running ch.jalu.configme.utils.StreamUtilsTest
[b7acd5f5-7c56-49f3-b59e-89dce177bb17/build]   | [INFO] Tests run: 1, Failures: 0, Errors: 0, Skipped: 0, Time elapsed: 0.002 s -- in ch.jalu.configme.utils.StreamUtilsTest
[b7acd5f5-7c56-49f3-b59e-89dce177bb17/build]   | [INFO] Running ch.jalu.configme.migration.version.VersionMigrationServiceTest
[b7acd5f5-7c56-49f3-b59e-89dce177bb17/build]   | [INFO] Tests run: 17, Failures: 0, Errors: 0, Skipped: 0, Time elapsed: 0.056 s -- in ch.jalu.configme.migration.version.VersionMigrationServiceTest
[b7acd5f5-7c56-49f3-b59e-89dce177bb17/build]   | [INFO] Running ch.jalu.configme.migration.PlainMigrationServiceTest
[b7acd5f5-7c56-49f3-b59e-89dce177bb17/build]   | [INFO] Tests run: 4, Failures: 0, Errors: 0, Skipped: 0, Time elapsed: 0.160 s -- in ch.jalu.configme.migration.PlainMigrationServiceTest
[b7acd5f5-7c56-49f3-b59e-89dce177bb17/build]   | [INFO] Running ch.jalu.configme.beanmapper.MappingContextImplTest
[b7acd5f5-7c56-49f3-b59e-89dce177bb17/build]   | [INFO] Tests run: 8, Failures: 0, Errors: 0, Skipped: 0, Time elapsed: 0.039 s -- in ch.jalu.configme.beanmapper.MappingContextImplTest
[b7acd5f5-7c56-49f3-b59e-89dce177bb17/build]   | [INFO] Running ch.jalu.configme.beanmapper.MapperExportValueTest
[b7acd5f5-7c56-49f3-b59e-89dce177bb17/build]   | [INFO] Tests run: 3, Failures: 0, Errors: 0, Skipped: 0, Time elapsed: 0.015 s -- in ch.jalu.configme.beanmapper.MapperExportValueTest
[b7acd5f5-7c56-49f3-b59e-89dce177bb17/build]   | [INFO] Running ch.jalu.configme.beanmapper.BeanWithCollectionOfBeanTypeTest
[b7acd5f5-7c56-49f3-b59e-89dce177bb17/build]   | [INFO] Tests run: 3, Failures: 0, Errors: 0, Skipped: 0, Time elapsed: 0.048 s -- in ch.jalu.configme.beanmapper.BeanWithCollectionOfBeanTypeTest
[b7acd5f5-7c56-49f3-b59e-89dce177bb17/build]   | [INFO] Running ch.jalu.configme.beanmapper.BeanWithCustomLeafTypeTest
[b7acd5f5-7c56-49f3-b59e-89dce177bb17/build]   | [INFO] Tests run: 1, Failures: 0, Errors: 0, Skipped: 0, Time elapsed: 0.009 s -- in ch.jalu.configme.beanmapper.BeanWithCustomLeafTypeTest
[b7acd5f5-7c56-49f3-b59e-89dce177bb17/build]   | [INFO] Running ch.jalu.configme.beanmapper.NestedMapPropertyDemoTest
[b7acd5f5-7c56-49f3-b59e-89dce177bb17/build]   | [INFO] Tests run: 1, Failures: 0, Errors: 0, Skipped: 0, Time elapsed: 0.007 s -- in ch.jalu.configme.beanmapper.NestedMapPropertyDemoTest
[b7acd5f5-7c56-49f3-b59e-89dce177bb17/build]   | [INFO] Running ch.jalu.configme.beanmapper.leafvaluehandler.LeafValueHandlerImplTest
[b7acd5f5-7c56-49f3-b59e-89dce177bb17/build]   | [INFO] Tests run: 11, Failures: 0, Errors: 0, Skipped: 0, Time elapsed: 0.041 s -- in ch.jalu.configme.beanmapper.leafvaluehandler.LeafValueHandlerImplTest
[b7acd5f5-7c56-49f3-b59e-89dce177bb17/build]   | [INFO] Running ch.jalu.configme.beanmapper.leafvaluehandler.EnumLeafTypeTest
[b7acd5f5-7c56-49f3-b59e-89dce177bb17/build]   | [INFO] Tests run: 4, Failures: 0, Errors: 0, Skipped: 0, Time elapsed: 0.017 s -- in ch.jalu.configme.beanmapper.leafvaluehandler.EnumLeafTypeTest
[b7acd5f5-7c56-49f3-b59e-89dce177bb17/build]   | [INFO] Running ch.jalu.configme.beanmapper.propertydescription.BeanDescriptionFactoryImplTest
[b7acd5f5-7c56-49f3-b59e-89dce177bb17/build]   | [INFO] Tests run: 13, Failures: 0, Errors: 0, Skipped: 0, Time elapsed: 0.076 s -- in ch.jalu.configme.beanmapper.propertydescription.BeanDescriptionFactoryImplTest
[b7acd5f5-7c56-49f3-b59e-89dce177bb17/build]   | [INFO] Running ch.jalu.configme.beanmapper.propertydescription.BeanPropertyDescriptionImplTest
[b7acd5f5-7c56-49f3-b59e-89dce177bb17/build]   | [INFO] Tests run: 4, Failures: 0, Errors: 0, Skipped: 0, Time elapsed: 0.007 s -- in ch.jalu.configme.beanmapper.propertydescription.BeanPropertyDescriptionImplTest
[b7acd5f5-7c56-49f3-b59e-89dce177bb17/build]   | [INFO] Running ch.jalu.configme.beanmapper.BeanMapOnRootLevelTest
[b7acd5f5-7c56-49f3-b59e-89dce177bb17/build]   | [INFO] Tests run: 5, Failures: 0, Errors: 0, Skipped: 0, Time elapsed: 0.030 s -- in ch.jalu.configme.beanmapper.BeanMapOnRootLevelTest
[b7acd5f5-7c56-49f3-b59e-89dce177bb17/build]   | [INFO] Running ch.jalu.configme.beanmapper.MapperTypeInfoWithNoClassEquivTest
[b7acd5f5-7c56-49f3-b59e-89dce177bb17/build]   | [INFO] Tests run: 1, Failures: 0, Errors: 0, Skipped: 0, Time elapsed: 0.002 s -- in ch.jalu.configme.beanmapper.MapperTypeInfoWithNoClassEquivTest
[b7acd5f5-7c56-49f3-b59e-89dce177bb17/build]   | [INFO] Running ch.jalu.configme.beanmapper.migratingbeanmapper.BeanExtensionTest
[b7acd5f5-7c56-49f3-b59e-89dce177bb17/build]   | [INFO] Tests run: 1, Failures: 0, Errors: 0, Skipped: 0, Time elapsed: 0.006 s -- in ch.jalu.configme.beanmapper.migratingbeanmapper.BeanExtensionTest
[b7acd5f5-7c56-49f3-b59e-89dce177bb17/build]   | [INFO] Running ch.jalu.configme.beanmapper.MapperImplCommentRepetitionTest
[b7acd5f5-7c56-49f3-b59e-89dce177bb17/build]   | [INFO] Tests run: 1, Failures: 0, Errors: 0, Skipped: 0, Time elapsed: 0.006 s -- in ch.jalu.configme.beanmapper.MapperImplCommentRepetitionTest
[b7acd5f5-7c56-49f3-b59e-89dce177bb17/build]   | [INFO] Running ch.jalu.configme.beanmapper.MapperImplTest
[b7acd5f5-7c56-49f3-b59e-89dce177bb17/build]   | [INFO] Tests run: 22, Failures: 0, Errors: 0, Skipped: 0, Time elapsed: 0.108 s -- in ch.jalu.configme.beanmapper.MapperImplTest
[b7acd5f5-7c56-49f3-b59e-89dce177bb17/build]   | [INFO] Running ch.jalu.configme.beanmapper.DefaultMapperTest
[b7acd5f5-7c56-49f3-b59e-89dce177bb17/build]   | [INFO] Tests run: 1, Failures: 0, Errors: 0, Skipped: 0, Time elapsed: 0.001 s -- in ch.jalu.configme.beanmapper.DefaultMapperTest
[b7acd5f5-7c56-49f3-b59e-89dce177bb17/build]   | [INFO] Running ch.jalu.configme.beanmapper.context.ExportContextTest
[b7acd5f5-7c56-49f3-b59e-89dce177bb17/build]   | [INFO] Tests run: 5, Failures: 0, Errors: 0, Skipped: 0, Time elapsed: 0.003 s -- in ch.jalu.configme.beanmapper.context.ExportContextTest
[b7acd5f5-7c56-49f3-b59e-89dce177bb17/build]   | [INFO] Running ch.jalu.configme.resource.YamlFileReaderTest
[b7acd5f5-7c56-49f3-b59e-89dce177bb17/build]   | [INFO] Tests run: 18, Failures: 0, Errors: 0, Skipped: 0, Time elapsed: 0.094 s -- in ch.jalu.configme.resource.YamlFileReaderTest
[b7acd5f5-7c56-49f3-b59e-89dce177bb17/build]   | [INFO] Running ch.jalu.configme.resource.YamlFileResourceOptionalInBeanPropertyTest
[b7acd5f5-7c56-49f3-b59e-89dce177bb17/build]   | [INFO] Tests run: 1, Failures: 0, Errors: 0, Skipped: 0, Time elapsed: 0.022 s -- in ch.jalu.configme.resource.YamlFileResourceOptionalInBeanPropertyTest
[b7acd5f5-7c56-49f3-b59e-89dce177bb17/build]   | [INFO] Running ch.jalu.configme.resource.UniqueCommentTest
[b7acd5f5-7c56-49f3-b59e-89dce177bb17/build]   | [INFO] Tests run: 3, Failures: 0, Errors: 0, Skipped: 0, Time elapsed: 0.030 s -- in ch.jalu.configme.resource.UniqueCommentTest
[b7acd5f5-7c56-49f3-b59e-89dce177bb17/build]   | [INFO] Running ch.jalu.configme.resource.YamlFileResourceTest
[b7acd5f5-7c56-49f3-b59e-89dce177bb17/build]   | [INFO] Tests run: 12, Failures: 0, Errors: 0, Skipped: 0, Time elapsed: 0.109 s -- in ch.jalu.configme.resource.YamlFileResourceTest
[b7acd5f5-7c56-49f3-b59e-89dce177bb17/build]   | [INFO] Running ch.jalu.configme.resource.YamlFileResourceCommentsExportTest
[b7acd5f5-7c56-49f3-b59e-89dce177bb17/build]   | [INFO] Tests run: 3, Failures: 0, Errors: 0, Skipped: 0, Time elapsed: 0.017 s -- in ch.jalu.configme.resource.YamlFileResourceCommentsExportTest
[b7acd5f5-7c56-49f3-b59e-89dce177bb17/build]   | [INFO] Running ch.jalu.configme.resource.YamlFileResourceOptionsTest
[b7acd5f5-7c56-49f3-b59e-89dce177bb17/build]   | [INFO] Tests run: 2, Failures: 0, Errors: 0, Skipped: 0, Time elapsed: 0.003 s -- in ch.jalu.configme.resource.YamlFileResourceOptionsTest
[b7acd5f5-7c56-49f3-b59e-89dce177bb17/build]   | [INFO] Running ch.jalu.configme.resource.yaml.SnakeYamlNodeContainerImplTest
[b7acd5f5-7c56-49f3-b59e-89dce177bb17/build]   | [INFO] Tests run: 6, Failures: 0, Errors: 0, Skipped: 0, Time elapsed: 0.010 s -- in ch.jalu.configme.resource.yaml.SnakeYamlNodeContainerImplTest
[b7acd5f5-7c56-49f3-b59e-89dce177bb17/build]   | [INFO] Running ch.jalu.configme.resource.yaml.SnakeYamlNodeBuilderImplTest
[b7acd5f5-7c56-49f3-b59e-89dce177bb17/build]   | [INFO] Tests run: 18, Failures: 0, Errors: 0, Skipped: 0, Time elapsed: 0.054 s -- in ch.jalu.configme.resource.yaml.SnakeYamlNodeBuilderImplTest
[b7acd5f5-7c56-49f3-b59e-89dce177bb17/build]   | [INFO] Running ch.jalu.configme.resource.PropertyPathTraverserTest
[b7acd5f5-7c56-49f3-b59e-89dce177bb17/build]   | [INFO] Tests run: 4, Failures: 0, Errors: 0, Skipped: 0, Time elapsed: 0.003 s -- in ch.jalu.configme.resource.PropertyPathTraverserTest
[b7acd5f5-7c56-49f3-b59e-89dce177bb17/build]   | [INFO] Running ch.jalu.configme.resource.YamlFileReaderPathsWithNumberTest
[b7acd5f5-7c56-49f3-b59e-89dce177bb17/build]   | [INFO] Tests run: 1, Failures: 0, Errors: 0, Skipped: 0, Time elapsed: 0.008 s -- in ch.jalu.configme.resource.YamlFileReaderPathsWithNumberTest
[b7acd5f5-7c56-49f3-b59e-89dce177bb17/build]   | [INFO] Running ch.jalu.configme.resource.YamlFileResourceNewLineTest
[b7acd5f5-7c56-49f3-b59e-89dce177bb17/build]   | [INFO] Tests run: 5, Failures: 0, Errors: 0, Skipped: 0, Time elapsed: 0.029 s -- in ch.jalu.configme.resource.YamlFileResourceNewLineTest
[b7acd5f5-7c56-49f3-b59e-89dce177bb17/build]   | [INFO] Running ch.jalu.configme.resource.YamlFileResourceNoSplitPathsTest
[b7acd5f5-7c56-49f3-b59e-89dce177bb17/build]   | [INFO] Tests run: 2, Failures: 0, Errors: 0, Skipped: 0, Time elapsed: 0.006 s -- in ch.jalu.configme.resource.YamlFileResourceNoSplitPathsTest
[b7acd5f5-7c56-49f3-b59e-89dce177bb17/build]   | [INFO] Running ch.jalu.configme.resource.YamlFileResourceEscapingTest
[b7acd5f5-7c56-49f3-b59e-89dce177bb17/build]   | [INFO] Tests run: 2, Failures: 0, Errors: 0, Skipped: 0, Time elapsed: 0.014 s -- in ch.jalu.configme.resource.YamlFileResourceEscapingTest
[b7acd5f5-7c56-49f3-b59e-89dce177bb17/build]   | [INFO] Running ch.jalu.configme.resource.YamlFileResourceTopCommentTest
[b7acd5f5-7c56-49f3-b59e-89dce177bb17/build]   | [INFO] Tests run: 2, Failures: 0, Errors: 0, Skipped: 0, Time elapsed: 0.010 s -- in ch.jalu.configme.resource.YamlFileResourceTopCommentTest
[b7acd5f5-7c56-49f3-b59e-89dce177bb17/build]   | [INFO] Running ch.jalu.configme.resource.YamlSetPropertyExportTest
[b7acd5f5-7c56-49f3-b59e-89dce177bb17/build]   | [INFO] Tests run: 1, Failures: 0, Errors: 0, Skipped: 0, Time elapsed: 0.010 s -- in ch.jalu.configme.resource.YamlSetPropertyExportTest
[b7acd5f5-7c56-49f3-b59e-89dce177bb17/build]   | [INFO] Running ch.jalu.configme.resource.MapNormalizerTest
[b7acd5f5-7c56-49f3-b59e-89dce177bb17/build]   | [INFO] Tests run: 5, Failures: 0, Errors: 0, Skipped: 0, Time elapsed: 0.003 s -- in ch.jalu.configme.resource.MapNormalizerTest
[b7acd5f5-7c56-49f3-b59e-89dce177bb17/build]   | [INFO] Running ch.jalu.configme.properties.StringPropertyTest
[b7acd5f5-7c56-49f3-b59e-89dce177bb17/build]   | [INFO] Tests run: 5, Failures: 0, Errors: 0, Skipped: 0, Time elapsed: 0.009 s -- in ch.jalu.configme.properties.StringPropertyTest
[b7acd5f5-7c56-49f3-b59e-89dce177bb17/build]   | [INFO] Running ch.jalu.configme.properties.OptionalPropertyTest
[b7acd5f5-7c56-49f3-b59e-89dce177bb17/build]   | [INFO] Tests run: 6, Failures: 0, Errors: 0, Skipped: 0, Time elapsed: 0.050 s -- in ch.jalu.configme.properties.OptionalPropertyTest
[b7acd5f5-7c56-49f3-b59e-89dce177bb17/build]   | [INFO] Running ch.jalu.configme.properties.ListPropertyTest
[b7acd5f5-7c56-49f3-b59e-89dce177bb17/build]   | [INFO] Tests run: 3, Failures: 0, Errors: 0, Skipped: 0, Time elapsed: 0.006 s -- in ch.jalu.configme.properties.ListPropertyTest
[b7acd5f5-7c56-49f3-b59e-89dce177bb17/build]   | [INFO] Running ch.jalu.configme.properties.InlineArrayPropertyTest
[b7acd5f5-7c56-49f3-b59e-89dce177bb17/build]   | [INFO] Tests run: 2, Failures: 0, Errors: 0, Skipped: 0, Time elapsed: 0.018 s -- in ch.jalu.configme.properties.InlineArrayPropertyTest
[b7acd5f5-7c56-49f3-b59e-89dce177bb17/build]   | [INFO] Running ch.jalu.configme.properties.LongPropertyTest
[b7acd5f5-7c56-49f3-b59e-89dce177bb17/build]   | [INFO] Tests run: 3, Failures: 0, Errors: 0, Skipped: 0, Time elapsed: 0.009 s -- in ch.jalu.configme.properties.LongPropertyTest
[b7acd5f5-7c56-49f3-b59e-89dce177bb17/build]   | [INFO] Running ch.jalu.configme.properties.MapPropertyTest
[b7acd5f5-7c56-49f3-b59e-89dce177bb17/build]   | [INFO] Tests run: 5, Failures: 0, Errors: 0, Skipped: 0, Time elapsed: 0.018 s -- in ch.jalu.configme.properties.MapPropertyTest
[b7acd5f5-7c56-49f3-b59e-89dce177bb17/build]   | [INFO] Running ch.jalu.configme.properties.TypeBasedPropertyTest
[b7acd5f5-7c56-49f3-b59e-89dce177bb17/build]   | [INFO] Tests run: 4, Failures: 0, Errors: 0, Skipped: 0, Time elapsed: 0.004 s -- in ch.jalu.configme.properties.TypeBasedPropertyTest
[b7acd5f5-7c56-49f3-b59e-89dce177bb17/build]   | [INFO] Running ch.jalu.configme.properties.LowercaseStringSetPropertyTest
[b7acd5f5-7c56-49f3-b59e-89dce177bb17/build]   | [INFO] Tests run: 6, Failures: 0, Errors: 0, Skipped: 0, Time elapsed: 0.009 s -- in ch.jalu.configme.properties.LowercaseStringSetPropertyTest
[b7acd5f5-7c56-49f3-b59e-89dce177bb17/build]   | [INFO] Running ch.jalu.configme.properties.RegexPropertyTest
[b7acd5f5-7c56-49f3-b59e-89dce177bb17/build]   | [INFO] Tests run: 6, Failures: 0, Errors: 0, Skipped: 0, Time elapsed: 0.031 s -- in ch.jalu.configme.properties.RegexPropertyTest
[b7acd5f5-7c56-49f3-b59e-89dce177bb17/build]   | [INFO] Running ch.jalu.configme.properties.convertresult.ValueWithCommentsTest
[b7acd5f5-7c56-49f3-b59e-89dce177bb17/build]   | [INFO] Tests run: 3, Failures: 0, Errors: 0, Skipped: 0, Time elapsed: 0.002 s -- in ch.jalu.configme.properties.convertresult.ValueWithCommentsTest
[b7acd5f5-7c56-49f3-b59e-89dce177bb17/build]   | [INFO] Running ch.jalu.configme.properties.EnumPropertyTest
[b7acd5f5-7c56-49f3-b59e-89dce177bb17/build]   | [INFO] Tests run: 4, Failures: 0, Errors: 0, Skipped: 0, Time elapsed: 0.005 s -- in ch.jalu.configme.properties.EnumPropertyTest
[b7acd5f5-7c56-49f3-b59e-89dce177bb17/build]   | [INFO] Running ch.jalu.configme.properties.StringListPropertyTest
[b7acd5f5-7c56-49f3-b59e-89dce177bb17/build]   | [INFO] Tests run: 5, Failures: 0, Errors: 0, Skipped: 0, Time elapsed: 0.011 s -- in ch.jalu.configme.properties.StringListPropertyTest
[b7acd5f5-7c56-49f3-b59e-89dce177bb17/build]   | [INFO] Running ch.jalu.configme.properties.BasePropertyTest
[b7acd5f5-7c56-49f3-b59e-89dce177bb17/build]   | [INFO] Tests run: 4, Failures: 0, Errors: 0, Skipped: 0, Time elapsed: 0.010 s -- in ch.jalu.configme.properties.BasePropertyTest
[b7acd5f5-7c56-49f3-b59e-89dce177bb17/build]   | [INFO] Running ch.jalu.configme.properties.PropertyBuilderTest
[b7acd5f5-7c56-49f3-b59e-89dce177bb17/build]   | [INFO] Tests run: 13, Failures: 0, Errors: 0, Skipped: 0, Time elapsed: 0.021 s -- in ch.jalu.configme.properties.PropertyBuilderTest
[b7acd5f5-7c56-49f3-b59e-89dce177bb17/build]   | [INFO] Running ch.jalu.configme.properties.ArrayPropertyTest
[b7acd5f5-7c56-49f3-b59e-89dce177bb17/build]   | [INFO] Tests run: 5, Failures: 0, Errors: 0, Skipped: 0, Time elapsed: 0.010 s -- in ch.jalu.configme.properties.ArrayPropertyTest
[b7acd5f5-7c56-49f3-b59e-89dce177bb17/build]   | [INFO] Running ch.jalu.configme.properties.StringSetPropertyTest
[b7acd5f5-7c56-49f3-b59e-89dce177bb17/build]   | [INFO] Tests run: 5, Failures: 0, Errors: 0, Skipped: 0, Time elapsed: 0.006 s -- in ch.jalu.configme.properties.StringSetPropertyTest
[b7acd5f5-7c56-49f3-b59e-89dce177bb17/build]   | [INFO] Running ch.jalu.configme.properties.SetPropertyTest
[b7acd5f5-7c56-49f3-b59e-89dce177bb17/build]   | [INFO] Tests run: 3, Failures: 0, Errors: 0, Skipped: 0, Time elapsed: 0.005 s -- in ch.jalu.configme.properties.SetPropertyTest
[b7acd5f5-7c56-49f3-b59e-89dce177bb17/build]   | [INFO] Running ch.jalu.configme.properties.BeanPropertyTest
[b7acd5f5-7c56-49f3-b59e-89dce177bb17/build]   | [INFO] Tests run: 7, Failures: 0, Errors: 0, Skipped: 0, Time elapsed: 0.051 s -- in ch.jalu.configme.properties.BeanPropertyTest
[b7acd5f5-7c56-49f3-b59e-89dce177bb17/build]   | [INFO] Running ch.jalu.configme.properties.FloatPropertyTest
[b7acd5f5-7c56-49f3-b59e-89dce177bb17/build]   | [INFO] Tests run: 3, Failures: 0, Errors: 0, Skipped: 0, Time elapsed: 0.005 s -- in ch.jalu.configme.properties.FloatPropertyTest
[b7acd5f5-7c56-49f3-b59e-89dce177bb17/build]   | [INFO] Running ch.jalu.configme.properties.BooleanPropertyTest
[b7acd5f5-7c56-49f3-b59e-89dce177bb17/build]   | [INFO] Tests run: 3, Failures: 0, Errors: 0, Skipped: 0, Time elapsed: 0.003 s -- in ch.jalu.configme.properties.BooleanPropertyTest
[b7acd5f5-7c56-49f3-b59e-89dce177bb17/build]   | [INFO] Running ch.jalu.configme.properties.PropertyInitializerTest
[b7acd5f5-7c56-49f3-b59e-89dce177bb17/build]   | [INFO] Tests run: 3, Failures: 0, Errors: 0, Skipped: 0, Time elapsed: 0.003 s -- in ch.jalu.configme.properties.PropertyInitializerTest
[b7acd5f5-7c56-49f3-b59e-89dce177bb17/build]   | [INFO] Running ch.jalu.configme.properties.IntegerPropertyTest
[b7acd5f5-7c56-49f3-b59e-89dce177bb17/build]   | [INFO] Tests run: 3, Failures: 0, Errors: 0, Skipped: 0, Time elapsed: 0.004 s -- in ch.jalu.configme.properties.IntegerPropertyTest
[b7acd5f5-7c56-49f3-b59e-89dce177bb17/build]   | [INFO] Running ch.jalu.configme.properties.DoublePropertyTest
[b7acd5f5-7c56-49f3-b59e-89dce177bb17/build]   | [INFO] Tests run: 3, Failures: 0, Errors: 0, Skipped: 0, Time elapsed: 0.011 s -- in ch.jalu.configme.properties.DoublePropertyTest
[b7acd5f5-7c56-49f3-b59e-89dce177bb17/build]   | [INFO] Running ch.jalu.configme.properties.inlinearray.StandardInlineArrayConvertersTest
[b7acd5f5-7c56-49f3-b59e-89dce177bb17/build]   | [INFO] Tests run: 40, Failures: 0, Errors: 0, Skipped: 0, Time elapsed: 0.066 s -- in ch.jalu.configme.properties.inlinearray.StandardInlineArrayConvertersTest
[b7acd5f5-7c56-49f3-b59e-89dce177bb17/build]   | [INFO] Running ch.jalu.configme.properties.ShortPropertyTest
[b7acd5f5-7c56-49f3-b59e-89dce177bb17/build]   | [INFO] Tests run: 3, Failures: 0, Errors: 0, Skipped: 0, Time elapsed: 0.003 s -- in ch.jalu.configme.properties.ShortPropertyTest
[b7acd5f5-7c56-49f3-b59e-89dce177bb17/build]   | [INFO] Running ch.jalu.configme.properties.types.StringTypeTest
[b7acd5f5-7c56-49f3-b59e-89dce177bb17/build]   | [INFO] Tests run: 6, Failures: 0, Errors: 0, Skipped: 0, Time elapsed: 0.003 s -- in ch.jalu.configme.properties.types.StringTypeTest
[b7acd5f5-7c56-49f3-b59e-89dce177bb17/build]   | [INFO] Running ch.jalu.configme.properties.types.RegexTypeTest
[b7acd5f5-7c56-49f3-b59e-89dce177bb17/build]   | [INFO] Tests run: 6, Failures: 0, Errors: 0, Skipped: 0, Time elapsed: 0.004 s -- in ch.jalu.configme.properties.types.RegexTypeTest
[b7acd5f5-7c56-49f3-b59e-89dce177bb17/build]   | [INFO] Running ch.jalu.configme.properties.types.NumberTypeTest
[b7acd5f5-7c56-49f3-b59e-89dce177bb17/build]   | [INFO] Tests run: 67, Failures: 0, Errors: 0, Skipped: 0, Time elapsed: 0.085 s -- in ch.jalu.configme.properties.types.NumberTypeTest
[b7acd5f5-7c56-49f3-b59e-89dce177bb17/build]   | [INFO] Running ch.jalu.configme.properties.types.BooleanTypeTest
[b7acd5f5-7c56-49f3-b59e-89dce177bb17/build]   | [INFO] Tests run: 7, Failures: 0, Errors: 0, Skipped: 0, Time elapsed: 0.003 s -- in ch.jalu.configme.properties.types.BooleanTypeTest
[b7acd5f5-7c56-49f3-b59e-89dce177bb17/build]   | [INFO] Running ch.jalu.configme.properties.type.BeanPropertyTypeTest
[b7acd5f5-7c56-49f3-b59e-89dce177bb17/build]   | [INFO] Tests run: 3, Failures: 0, Errors: 0, Skipped: 0, Time elapsed: 0.004 s -- in ch.jalu.configme.properties.type.BeanPropertyTypeTest
[b7acd5f5-7c56-49f3-b59e-89dce177bb17/build]   | [INFO] Running ch.jalu.configme.properties.type.EnumPropertyTypeTest
[b7acd5f5-7c56-49f3-b59e-89dce177bb17/build]   | [INFO] Tests run: 7, Failures: 0, Errors: 0, Skipped: 0, Time elapsed: 0.002 s -- in ch.jalu.configme.properties.type.EnumPropertyTypeTest
[b7acd5f5-7c56-49f3-b59e-89dce177bb17/build]   | [INFO] 
[b7acd5f5-7c56-49f3-b59e-89dce177bb17/build]   | [INFO] Results:
[b7acd5f5-7c56-49f3-b59e-89dce177bb17/build]   | [INFO] 
[b7acd5f5-7c56-49f3-b59e-89dce177bb17/build]   | [WARNING] Tests run: 513, Failures: 0, Errors: 0, Skipped: 1
[b7acd5f5-7c56-49f3-b59e-89dce177bb17/build]   | [INFO] 
[b7acd5f5-7c56-49f3-b59e-89dce177bb17/build]   | [INFO] 
[b7acd5f5-7c56-49f3-b59e-89dce177bb17/build]   | [INFO] --- maven-jar-plugin:2.4:jar (default-jar) @ configme ---
[b7acd5f5-7c56-49f3-b59e-89dce177bb17/build]   | [INFO] Downloading from central: https://repo.maven.apache.org/maven2/org/apache/maven/maven-archiver/2.5/maven-archiver-2.5.pom
[b7acd5f5-7c56-49f3-b59e-89dce177bb17/build]   | [INFO] Downloaded from central: https://repo.maven.apache.org/maven2/org/apache/maven/maven-archiver/2.5/maven-archiver-2.5.pom (4.5 kB at 504 kB/s)
[b7acd5f5-7c56-49f3-b59e-89dce177bb17/build]   | [INFO] Downloading from central: https://repo.maven.apache.org/maven2/org/codehaus/plexus/plexus-archiver/2.1/plexus-archiver-2.1.pom
[b7acd5f5-7c56-49f3-b59e-89dce177bb17/build]   | [INFO] Downloaded from central: https://repo.maven.apache.org/maven2/org/codehaus/plexus/plexus-archiver/2.1/plexus-archiver-2.1.pom (2.8 kB at 401 kB/s)
[b7acd5f5-7c56-49f3-b59e-89dce177bb17/build]   | [INFO] Downloading from central: https://repo.maven.apache.org/maven2/org/codehaus/plexus/plexus-utils/3.0/plexus-utils-3.0.pom
[b7acd5f5-7c56-49f3-b59e-89dce177bb17/build]   | [INFO] Downloaded from central: https://repo.maven.apache.org/maven2/org/codehaus/plexus/plexus-utils/3.0/plexus-utils-3.0.pom (4.1 kB at 581 kB/s)
[b7acd5f5-7c56-49f3-b59e-89dce177bb17/build]   | [INFO] Downloading from central: https://repo.maven.apache.org/maven2/org/sonatype/spice/spice-parent/16/spice-parent-16.pom
[b7acd5f5-7c56-49f3-b59e-89dce177bb17/build]   | [INFO] Downloaded from central: https://repo.maven.apache.org/maven2/org/sonatype/spice/spice-parent/16/spice-parent-16.pom (8.4 kB at 1.4 MB/s)
[b7acd5f5-7c56-49f3-b59e-89dce177bb17/build]   | [INFO] Downloading from central: https://repo.maven.apache.org/maven2/org/sonatype/forge/forge-parent/5/forge-parent-5.pom
[b7acd5f5-7c56-49f3-b59e-89dce177bb17/build]   | [INFO] Downloaded from central: https://repo.maven.apache.org/maven2/org/sonatype/forge/forge-parent/5/forge-parent-5.pom (8.4 kB at 1.4 MB/s)
[b7acd5f5-7c56-49f3-b59e-89dce177bb17/build]   | [INFO] Downloading from central: https://repo.maven.apache.org/maven2/org/codehaus/plexus/plexus-io/2.0.2/plexus-io-2.0.2.pom
[b7acd5f5-7c56-49f3-b59e-89dce177bb17/build]   | [INFO] Downloaded from central: https://repo.maven.apache.org/maven2/org/codehaus/plexus/plexus-io/2.0.2/plexus-io-2.0.2.pom (1.7 kB at 248 kB/s)
[b7acd5f5-7c56-49f3-b59e-89dce177bb17/build]   | [INFO] Downloading from central: https://repo.maven.apache.org/maven2/org/codehaus/plexus/plexus-components/1.1.19/plexus-components-1.1.19.pom
[b7acd5f5-7c56-49f3-b59e-89dce177bb17/build]   | [INFO] Downloaded from central: https://repo.maven.apache.org/maven2/org/codehaus/plexus/plexus-components/1.1.19/plexus-components-1.1.19.pom (2.7 kB at 385 kB/s)
[b7acd5f5-7c56-49f3-b59e-89dce177bb17/build]   | [INFO] Downloading from central: https://repo.maven.apache.org/maven2/org/codehaus/plexus/plexus/3.0.1/plexus-3.0.1.pom
[b7acd5f5-7c56-49f3-b59e-89dce177bb17/build]   | [INFO] Downloaded from central: https://repo.maven.apache.org/maven2/org/codehaus/plexus/plexus/3.0.1/plexus-3.0.1.pom (19 kB at 3.1 MB/s)
[b7acd5f5-7c56-49f3-b59e-89dce177bb17/build]   | [INFO] Downloading from central: https://repo.maven.apache.org/maven2/org/codehaus/plexus/plexus-interpolation/1.15/plexus-interpolation-1.15.pom
[b7acd5f5-7c56-49f3-b59e-89dce177bb17/build]   | [INFO] Downloaded from central: https://repo.maven.apache.org/maven2/org/codehaus/plexus/plexus-interpolation/1.15/plexus-interpolation-1.15.pom (1.0 kB at 145 kB/s)
[b7acd5f5-7c56-49f3-b59e-89dce177bb17/build]   | [INFO] Downloading from central: https://repo.maven.apache.org/maven2/commons-lang/commons-lang/2.1/commons-lang-2.1.pom
[b7acd5f5-7c56-49f3-b59e-89dce177bb17/build]   | [INFO] Downloaded from central: https://repo.maven.apache.org/maven2/commons-lang/commons-lang/2.1/commons-lang-2.1.pom (9.9 kB at 1.2 MB/s)
[b7acd5f5-7c56-49f3-b59e-89dce177bb17/build]   | [INFO] Downloading from central: https://repo.maven.apache.org/maven2/org/apache/maven/maven-archiver/2.5/maven-archiver-2.5.jar
[b7acd5f5-7c56-49f3-b59e-89dce177bb17/build]   | [INFO] Downloading from central: https://repo.maven.apache.org/maven2/org/codehaus/plexus/plexus-interpolation/1.15/plexus-interpolation-1.15.jar
[b7acd5f5-7c56-49f3-b59e-89dce177bb17/build]   | [INFO] Downloading from central: https://repo.maven.apache.org/maven2/org/codehaus/plexus/plexus-archiver/2.1/plexus-archiver-2.1.jar
[b7acd5f5-7c56-49f3-b59e-89dce177bb17/build]   | [INFO] Downloading from central: https://repo.maven.apache.org/maven2/org/codehaus/plexus/plexus-io/2.0.2/plexus-io-2.0.2.jar
[b7acd5f5-7c56-49f3-b59e-89dce177bb17/build]   | [INFO] Downloading from central: https://repo.maven.apache.org/maven2/commons-lang/commons-lang/2.1/commons-lang-2.1.jar
[b7acd5f5-7c56-49f3-b59e-89dce177bb17/build]   | [INFO] Downloaded from central: https://repo.maven.apache.org/maven2/org/apache/maven/maven-archiver/2.5/maven-archiver-2.5.jar (22 kB at 1.8 MB/s)
[b7acd5f5-7c56-49f3-b59e-89dce177bb17/build]   | [INFO] Downloading from central: https://repo.maven.apache.org/maven2/org/codehaus/plexus/plexus-utils/3.0/plexus-utils-3.0.jar
[b7acd5f5-7c56-49f3-b59e-89dce177bb17/build]   | [INFO] Downloaded from central: https://repo.maven.apache.org/maven2/org/codehaus/plexus/plexus-interpolation/1.15/plexus-interpolation-1.15.jar (60 kB at 4.0 MB/s)
[b7acd5f5-7c56-49f3-b59e-89dce177bb17/build]   | [INFO] Downloaded from central: https://repo.maven.apache.org/maven2/org/codehaus/plexus/plexus-utils/3.0/plexus-utils-3.0.jar (226 kB at 16 MB/s)
[b7acd5f5-7c56-49f3-b59e-89dce177bb17/build]   | [INFO] Downloaded from central: https://repo.maven.apache.org/maven2/org/codehaus/plexus/plexus-archiver/2.1/plexus-archiver-2.1.jar (184 kB at 8.4 MB/s)
[b7acd5f5-7c56-49f3-b59e-89dce177bb17/build]   | [INFO] Downloaded from central: https://repo.maven.apache.org/maven2/org/codehaus/plexus/plexus-io/2.0.2/plexus-io-2.0.2.jar (58 kB at 2.2 MB/s)
[b7acd5f5-7c56-49f3-b59e-89dce177bb17/build]   | [INFO] Downloaded from central: https://repo.maven.apache.org/maven2/commons-lang/commons-lang/2.1/commons-lang-2.1.jar (208 kB at 8.0 MB/s)
[b7acd5f5-7c56-49f3-b59e-89dce177bb17/build]   | [INFO] Building jar: /tmp/431117c4-a8a4-462d-b4ef-9b283d6b2f87/target/ConfigMe-2.0.0-SNAPSHOT.jar
[b7acd5f5-7c56-49f3-b59e-89dce177bb17/build]   | [INFO] ------------------------------------------------------------------------
[b7acd5f5-7c56-49f3-b59e-89dce177bb17/build]   | [INFO] BUILD SUCCESS
[b7acd5f5-7c56-49f3-b59e-89dce177bb17/build]   | [INFO] ------------------------------------------------------------------------
[b7acd5f5-7c56-49f3-b59e-89dce177bb17/build]   | [INFO] Total time:  21.477 s
[b7acd5f5-7c56-49f3-b59e-89dce177bb17/build]   | [INFO] Finished at: 2023-11-24T10:46:42Z
[b7acd5f5-7c56-49f3-b59e-89dce177bb17/build]   | [INFO] ------------------------------------------------------------------------
[b7acd5f5-7c56-49f3-b59e-89dce177bb17/build]   ‚úÖ  Success - Main Build with Maven
[b7acd5f5-7c56-49f3-b59e-89dce177bb17/build] unable to get git ref: failed to identify reference (tag/branch) for the checked-out revision 'aa91a6b315ec1ca94780459cc9d697218aea24cb'
[b7acd5f5-7c56-49f3-b59e-89dce177bb17/build] unable to get git ref: failed to identify reference (tag/branch) for the checked-out revision 'aa91a6b315ec1ca94780459cc9d697218aea24cb'
[b7acd5f5-7c56-49f3-b59e-89dce177bb17/build] unable to get git ref: failed to identify reference (tag/branch) for the checked-out revision 'aa91a6b315ec1ca94780459cc9d697218aea24cb'
[b7acd5f5-7c56-49f3-b59e-89dce177bb17/build] unable to get git ref: failed to identify reference (tag/branch) for the checked-out revision 'aa91a6b315ec1ca94780459cc9d697218aea24cb'
[b7acd5f5-7c56-49f3-b59e-89dce177bb17/build] unable to get git ref: failed to identify reference (tag/branch) for the checked-out revision 'aa91a6b315ec1ca94780459cc9d697218aea24cb'
[b7acd5f5-7c56-49f3-b59e-89dce177bb17/build] ‚≠ê Run Post Set up JDK 11
[b7acd5f5-7c56-49f3-b59e-89dce177bb17/build]   üê≥  docker exec cmd=[node /var/run/act/actions/actions-setup-java@v3/dist/cleanup/index.js] user= workdir=
[b7acd5f5-7c56-49f3-b59e-89dce177bb17/build]   ‚úÖ  Success - Post Set up JDK 11
[b7acd5f5-7c56-49f3-b59e-89dce177bb17/build] üèÅ  Job succeeded
[b7acd5f5-7c56-49f3-b59e-89dce177bb17/build] unable to get git ref: failed to identify reference (tag/branch) for the checked-out revision 'aa91a6b315ec1ca94780459cc9d697218aea24cb'
